[2025/10/13 01:06:39] - Namespace(batch_size=128, data_dir='cifar-data', epochs=100, lr_schedule='multistep', lr_min=0.0, lr_max=0.2, weight_decay=0.0005, momentum=0.9, model='ResNet18', epsilon=8, alpha=8, delta_init='random', normal_mean=0, normal_std=1, out_dir='./output/CIFAR100/lamda_35_lamscale_0.15_run2', seed=0, lamda=35.0, lam_scale=0.15, lam_start=50, gamma=0.05, inner_gamma=0.05, beta=0.2, mu=3.5, batch_m=0.75, early_stop=False, factor=0.5, length=4, n_holes=1, c_num=0.125, EMA_value=0.55)
[2025/10/13 01:06:41] - ==> Building model..
[2025/10/13 01:06:41] - Epoch 	 Seconds 	 LR 	 	 Train Loss 	 Train Acc
[2025/10/13 01:07:37] - 0 	 28.1 	 	 0.2000 	 4.5706 	 0.0378
[2025/10/13 01:07:37] - ==> Building model..
[2025/10/13 01:07:58] - Test Loss 	 Test Acc 	 PGD Loss 	 PGD Acc
[2025/10/13 01:07:58] - 4.2109 	 	 0.0861 	 4.2242 	 0.0543
[2025/10/13 01:08:52] - 1 	 26.7 	 	 0.2000 	 4.4588 	 0.0784
[2025/10/13 01:08:52] - ==> Building model..
[2025/10/13 01:09:15] - Test Loss 	 Test Acc 	 PGD Loss 	 PGD Acc
[2025/10/13 01:09:15] - 4.0299 	 	 0.1416 	 4.0584 	 0.0889
[2025/10/13 01:10:10] - 2 	 27.6 	 	 0.2000 	 4.4062 	 0.1039
[2025/10/13 01:10:10] - ==> Building model..
[2025/10/13 01:10:33] - Test Loss 	 Test Acc 	 PGD Loss 	 PGD Acc
[2025/10/13 01:10:33] - 3.8796 	 	 0.1874 	 3.9266 	 0.1162
[2025/10/13 01:11:27] - 3 	 27.3 	 	 0.2000 	 4.3581 	 0.1264
[2025/10/13 01:11:27] - ==> Building model..
[2025/10/13 01:11:49] - Test Loss 	 Test Acc 	 PGD Loss 	 PGD Acc
[2025/10/13 01:11:49] - 3.7503 	 	 0.2295 	 3.8168 	 0.1344
[2025/10/13 01:12:44] - 4 	 27.7 	 	 0.2000 	 4.3144 	 0.1501
[2025/10/13 01:12:44] - ==> Building model..
[2025/10/13 01:13:07] - Test Loss 	 Test Acc 	 PGD Loss 	 PGD Acc
[2025/10/13 01:13:07] - 3.6146 	 	 0.2662 	 3.7047 	 0.1596
[2025/10/13 01:14:03] - 5 	 28.1 	 	 0.2000 	 4.2753 	 0.1698
[2025/10/13 01:14:03] - ==> Building model..
[2025/10/13 01:14:25] - Test Loss 	 Test Acc 	 PGD Loss 	 PGD Acc
[2025/10/13 01:14:25] - 3.3842 	 	 0.3087 	 3.5079 	 0.1785
[2025/10/13 01:15:21] - 6 	 28.3 	 	 0.2000 	 4.2436 	 0.1865
[2025/10/13 01:15:21] - ==> Building model..
[2025/10/13 01:15:44] - Test Loss 	 Test Acc 	 PGD Loss 	 PGD Acc
[2025/10/13 01:15:44] - 3.1910 	 	 0.3473 	 3.3452 	 0.1921
[2025/10/13 01:16:40] - 7 	 28.2 	 	 0.2000 	 4.2225 	 0.1996
[2025/10/13 01:16:40] - ==> Building model..
[2025/10/13 01:17:02] - Test Loss 	 Test Acc 	 PGD Loss 	 PGD Acc
[2025/10/13 01:17:02] - 3.0576 	 	 0.3792 	 3.2397 	 0.2054
[2025/10/13 01:17:58] - 8 	 28.4 	 	 0.2000 	 4.2033 	 0.2077
[2025/10/13 01:17:58] - ==> Building model..
[2025/10/13 01:18:21] - Test Loss 	 Test Acc 	 PGD Loss 	 PGD Acc
[2025/10/13 01:18:21] - 2.9636 	 	 0.3984 	 3.1665 	 0.2160
[2025/10/13 01:19:20] - 9 	 29.2 	 	 0.2000 	 4.1871 	 0.2184
[2025/10/13 01:19:20] - ==> Building model..
[2025/10/13 01:19:43] - Test Loss 	 Test Acc 	 PGD Loss 	 PGD Acc
[2025/10/13 01:19:43] - 2.9044 	 	 0.4167 	 3.1206 	 0.2249
[2025/10/13 01:20:37] - 10 	 26.7 	 	 0.2000 	 4.1758 	 0.2246
[2025/10/13 01:20:37] - ==> Building model..
[2025/10/13 01:20:56] - Test Loss 	 Test Acc 	 PGD Loss 	 PGD Acc
[2025/10/13 01:20:56] - 2.8553 	 	 0.4286 	 3.0828 	 0.2300
[2025/10/13 01:21:49] - 11 	 25.2 	 	 0.2000 	 4.1673 	 0.2290
[2025/10/13 01:21:49] - ==> Building model..
[2025/10/13 01:22:08] - Test Loss 	 Test Acc 	 PGD Loss 	 PGD Acc
[2025/10/13 01:22:08] - 2.8101 	 	 0.4388 	 3.0476 	 0.2342
[2025/10/13 01:23:03] - 12 	 26.1 	 	 0.2000 	 4.1570 	 0.2354
[2025/10/13 01:23:03] - ==> Building model..
[2025/10/13 01:23:27] - Test Loss 	 Test Acc 	 PGD Loss 	 PGD Acc
[2025/10/13 01:23:27] - 2.7756 	 	 0.4482 	 3.0216 	 0.2397
[2025/10/13 01:24:23] - 13 	 27.1 	 	 0.2000 	 4.1544 	 0.2352
[2025/10/13 01:24:23] - ==> Building model..
[2025/10/13 01:24:43] - Test Loss 	 Test Acc 	 PGD Loss 	 PGD Acc
[2025/10/13 01:24:43] - 2.7439 	 	 0.4568 	 2.9974 	 0.2425
[2025/10/13 01:25:37] - 14 	 25.6 	 	 0.2000 	 4.1478 	 0.2398
[2025/10/13 01:25:37] - ==> Building model..
[2025/10/13 01:25:57] - Test Loss 	 Test Acc 	 PGD Loss 	 PGD Acc
[2025/10/13 01:25:57] - 2.7210 	 	 0.4618 	 2.9807 	 0.2454
[2025/10/13 01:26:51] - 15 	 25.2 	 	 0.2000 	 4.1398 	 0.2454
[2025/10/13 01:26:51] - ==> Building model..
[2025/10/13 01:27:12] - Test Loss 	 Test Acc 	 PGD Loss 	 PGD Acc
[2025/10/13 01:27:12] - 2.7028 	 	 0.4667 	 2.9663 	 0.2490
[2025/10/13 01:28:06] - 16 	 26.4 	 	 0.2000 	 4.1350 	 0.2477
[2025/10/13 01:28:06] - ==> Building model..
[2025/10/13 01:28:27] - Test Loss 	 Test Acc 	 PGD Loss 	 PGD Acc
[2025/10/13 01:28:27] - 2.6806 	 	 0.4725 	 2.9490 	 0.2502
[2025/10/13 01:29:16] - 17 	 23.8 	 	 0.2000 	 4.1346 	 0.2468
[2025/10/13 01:29:16] - ==> Building model..
[2025/10/13 01:29:36] - Test Loss 	 Test Acc 	 PGD Loss 	 PGD Acc
[2025/10/13 01:29:36] - 2.6694 	 	 0.4765 	 2.9425 	 0.2527
[2025/10/13 01:30:25] - 18 	 23.6 	 	 0.2000 	 4.1281 	 0.2520
[2025/10/13 01:30:25] - ==> Building model..
[2025/10/13 01:30:45] - Test Loss 	 Test Acc 	 PGD Loss 	 PGD Acc
[2025/10/13 01:30:45] - 2.6576 	 	 0.4794 	 2.9341 	 0.2568
[2025/10/13 01:31:37] - 19 	 24.6 	 	 0.2000 	 4.1246 	 0.2558
[2025/10/13 01:31:37] - ==> Building model..
[2025/10/13 01:31:57] - Test Loss 	 Test Acc 	 PGD Loss 	 PGD Acc
[2025/10/13 01:31:57] - 2.6448 	 	 0.4824 	 2.9239 	 0.2582
[2025/10/13 01:32:50] - 20 	 25.2 	 	 0.2000 	 4.1225 	 0.2565
[2025/10/13 01:32:50] - ==> Building model..
[2025/10/13 01:33:11] - Test Loss 	 Test Acc 	 PGD Loss 	 PGD Acc
[2025/10/13 01:33:11] - 2.6322 	 	 0.4845 	 2.9149 	 0.2598
[2025/10/13 01:34:05] - 21 	 25.5 	 	 0.2000 	 4.1187 	 0.2586
[2025/10/13 01:34:05] - ==> Building model..
[2025/10/13 01:34:25] - Test Loss 	 Test Acc 	 PGD Loss 	 PGD Acc
[2025/10/13 01:34:25] - 2.6221 	 	 0.4880 	 2.9085 	 0.2602
[2025/10/13 01:35:19] - 22 	 25.1 	 	 0.2000 	 4.1179 	 0.2592
[2025/10/13 01:35:19] - ==> Building model..
[2025/10/13 01:35:38] - Test Loss 	 Test Acc 	 PGD Loss 	 PGD Acc
[2025/10/13 01:35:38] - 2.6131 	 	 0.4901 	 2.9025 	 0.2614
[2025/10/13 01:36:29] - 23 	 23.6 	 	 0.2000 	 4.1165 	 0.2593
[2025/10/13 01:36:29] - ==> Building model..
[2025/10/13 01:36:48] - Test Loss 	 Test Acc 	 PGD Loss 	 PGD Acc
[2025/10/13 01:36:48] - 2.6067 	 	 0.4905 	 2.8973 	 0.2626
[2025/10/13 01:37:42] - 24 	 25.3 	 	 0.2000 	 4.1131 	 0.2608
[2025/10/13 01:37:42] - ==> Building model..
[2025/10/13 01:38:02] - Test Loss 	 Test Acc 	 PGD Loss 	 PGD Acc
[2025/10/13 01:38:02] - 2.6060 	 	 0.4934 	 2.8965 	 0.2651
[2025/10/13 01:38:54] - 25 	 24.9 	 	 0.2000 	 4.1105 	 0.2644
[2025/10/13 01:38:54] - ==> Building model..
[2025/10/13 01:39:14] - Test Loss 	 Test Acc 	 PGD Loss 	 PGD Acc
[2025/10/13 01:39:14] - 2.5990 	 	 0.4959 	 2.8928 	 0.2666
[2025/10/13 01:40:04] - 26 	 23.8 	 	 0.2000 	 4.1072 	 0.2629
[2025/10/13 01:40:04] - ==> Building model..
[2025/10/13 01:40:23] - Test Loss 	 Test Acc 	 PGD Loss 	 PGD Acc
[2025/10/13 01:40:23] - 2.5888 	 	 0.4979 	 2.8845 	 0.2657
[2025/10/13 01:41:13] - 27 	 23.5 	 	 0.2000 	 4.1068 	 0.2642
[2025/10/13 01:41:13] - ==> Building model..
[2025/10/13 01:41:32] - Test Loss 	 Test Acc 	 PGD Loss 	 PGD Acc
[2025/10/13 01:41:32] - 2.5796 	 	 0.4996 	 2.8784 	 0.2686
[2025/10/13 01:42:23] - 28 	 23.8 	 	 0.2000 	 4.1049 	 0.2660
[2025/10/13 01:42:23] - ==> Building model..
[2025/10/13 01:42:41] - Test Loss 	 Test Acc 	 PGD Loss 	 PGD Acc
[2025/10/13 01:42:41] - 2.5790 	 	 0.5006 	 2.8773 	 0.2684
[2025/10/13 01:43:32] - 29 	 24.0 	 	 0.2000 	 4.1039 	 0.2663
[2025/10/13 01:43:32] - ==> Building model..
[2025/10/13 01:43:51] - Test Loss 	 Test Acc 	 PGD Loss 	 PGD Acc
[2025/10/13 01:43:51] - 2.5685 	 	 0.5032 	 2.8695 	 0.2712
[2025/10/13 01:44:39] - 30 	 23.1 	 	 0.2000 	 4.1047 	 0.2657
[2025/10/13 01:44:39] - ==> Building model..
[2025/10/13 01:44:58] - Test Loss 	 Test Acc 	 PGD Loss 	 PGD Acc
[2025/10/13 01:44:58] - 2.5649 	 	 0.5029 	 2.8665 	 0.2703
[2025/10/13 01:45:48] - 31 	 25.2 	 	 0.2000 	 4.1024 	 0.2675
[2025/10/13 01:45:48] - ==> Building model..
[2025/10/13 01:46:08] - Test Loss 	 Test Acc 	 PGD Loss 	 PGD Acc
[2025/10/13 01:46:08] - 2.5627 	 	 0.5041 	 2.8653 	 0.2716
[2025/10/13 01:46:58] - 32 	 24.5 	 	 0.2000 	 4.1006 	 0.2694
[2025/10/13 01:46:58] - ==> Building model..
[2025/10/13 01:47:18] - Test Loss 	 Test Acc 	 PGD Loss 	 PGD Acc
[2025/10/13 01:47:18] - 2.5587 	 	 0.5055 	 2.8620 	 0.2719
[2025/10/13 01:48:09] - 33 	 24.8 	 	 0.2000 	 4.1002 	 0.2688
[2025/10/13 01:48:09] - ==> Building model..
[2025/10/13 01:48:29] - Test Loss 	 Test Acc 	 PGD Loss 	 PGD Acc
[2025/10/13 01:48:29] - 2.5546 	 	 0.5076 	 2.8588 	 0.2712
[2025/10/13 01:49:18] - 34 	 23.9 	 	 0.2000 	 4.1002 	 0.2678
[2025/10/13 01:49:18] - ==> Building model..
[2025/10/13 01:49:37] - Test Loss 	 Test Acc 	 PGD Loss 	 PGD Acc
[2025/10/13 01:49:37] - 2.5538 	 	 0.5061 	 2.8580 	 0.2715
[2025/10/13 01:50:29] - 35 	 24.9 	 	 0.2000 	 4.0962 	 0.2711
[2025/10/13 01:50:29] - ==> Building model..
[2025/10/13 01:50:50] - Test Loss 	 Test Acc 	 PGD Loss 	 PGD Acc
[2025/10/13 01:50:50] - 2.5544 	 	 0.5075 	 2.8588 	 0.2729
[2025/10/13 01:51:42] - 36 	 25.1 	 	 0.2000 	 4.0971 	 0.2706
[2025/10/13 01:51:42] - ==> Building model..
[2025/10/13 01:52:01] - Test Loss 	 Test Acc 	 PGD Loss 	 PGD Acc
[2025/10/13 01:52:01] - 2.5496 	 	 0.5082 	 2.8555 	 0.2726
[2025/10/13 01:52:51] - 37 	 24.0 	 	 0.2000 	 4.0954 	 0.2728
[2025/10/13 01:52:51] - ==> Building model..
[2025/10/13 01:53:10] - Test Loss 	 Test Acc 	 PGD Loss 	 PGD Acc
[2025/10/13 01:53:10] - 2.5490 	 	 0.5091 	 2.8558 	 0.2729
[2025/10/13 01:54:00] - 38 	 23.7 	 	 0.2000 	 4.0946 	 0.2715
[2025/10/13 01:54:00] - ==> Building model..
[2025/10/13 01:54:19] - Test Loss 	 Test Acc 	 PGD Loss 	 PGD Acc
[2025/10/13 01:54:19] - 2.5472 	 	 0.5096 	 2.8540 	 0.2741
[2025/10/13 01:55:10] - 39 	 24.7 	 	 0.2000 	 4.0953 	 0.2712
[2025/10/13 01:55:10] - ==> Building model..
[2025/10/13 01:55:29] - Test Loss 	 Test Acc 	 PGD Loss 	 PGD Acc
[2025/10/13 01:55:29] - 2.5450 	 	 0.5083 	 2.8515 	 0.2760
[2025/10/13 01:56:18] - 40 	 23.8 	 	 0.2000 	 4.0923 	 0.2720
[2025/10/13 01:56:18] - ==> Building model..
[2025/10/13 01:56:37] - Test Loss 	 Test Acc 	 PGD Loss 	 PGD Acc
[2025/10/13 01:56:37] - 2.5457 	 	 0.5102 	 2.8522 	 0.2749
[2025/10/13 01:57:27] - 41 	 23.5 	 	 0.2000 	 4.0943 	 0.2716
[2025/10/13 01:57:27] - ==> Building model..
[2025/10/13 01:57:46] - Test Loss 	 Test Acc 	 PGD Loss 	 PGD Acc
[2025/10/13 01:57:46] - 2.5437 	 	 0.5125 	 2.8515 	 0.2761
[2025/10/13 01:58:36] - 42 	 24.2 	 	 0.2000 	 4.0936 	 0.2712
[2025/10/13 01:58:36] - ==> Building model..
[2025/10/13 01:58:56] - Test Loss 	 Test Acc 	 PGD Loss 	 PGD Acc
[2025/10/13 01:58:56] - 2.5394 	 	 0.5128 	 2.8489 	 0.2764
[2025/10/13 01:59:46] - 43 	 23.6 	 	 0.2000 	 4.0927 	 0.2734
[2025/10/13 01:59:46] - ==> Building model..
[2025/10/13 02:00:05] - Test Loss 	 Test Acc 	 PGD Loss 	 PGD Acc
[2025/10/13 02:00:05] - 2.5395 	 	 0.5151 	 2.8492 	 0.2782
[2025/10/13 02:00:56] - 44 	 23.6 	 	 0.2000 	 4.0915 	 0.2737
[2025/10/13 02:00:56] - ==> Building model..
[2025/10/13 02:01:15] - Test Loss 	 Test Acc 	 PGD Loss 	 PGD Acc
[2025/10/13 02:01:15] - 2.5362 	 	 0.5165 	 2.8473 	 0.2783
[2025/10/13 02:02:05] - 45 	 23.6 	 	 0.2000 	 4.0891 	 0.2756
[2025/10/13 02:02:05] - ==> Building model..
[2025/10/13 02:02:24] - Test Loss 	 Test Acc 	 PGD Loss 	 PGD Acc
[2025/10/13 02:02:24] - 2.5364 	 	 0.5164 	 2.8469 	 0.2783
[2025/10/13 02:03:15] - 46 	 24.6 	 	 0.2000 	 4.0885 	 0.2753
[2025/10/13 02:03:15] - ==> Building model..
[2025/10/13 02:03:35] - Test Loss 	 Test Acc 	 PGD Loss 	 PGD Acc
[2025/10/13 02:03:35] - 2.5380 	 	 0.5166 	 2.8486 	 0.2786
[2025/10/13 02:04:26] - 47 	 24.3 	 	 0.2000 	 4.0899 	 0.2751
[2025/10/13 02:04:26] - ==> Building model..
[2025/10/13 02:04:45] - Test Loss 	 Test Acc 	 PGD Loss 	 PGD Acc
[2025/10/13 02:04:45] - 2.5364 	 	 0.5168 	 2.8478 	 0.2783
[2025/10/13 02:05:34] - 48 	 23.6 	 	 0.2000 	 4.0871 	 0.2774
[2025/10/13 02:05:34] - ==> Building model..
[2025/10/13 02:05:54] - Test Loss 	 Test Acc 	 PGD Loss 	 PGD Acc
[2025/10/13 02:05:54] - 2.5365 	 	 0.5174 	 2.8485 	 0.2800
[2025/10/13 02:06:44] - 49 	 23.8 	 	 0.2000 	 4.0864 	 0.2778
[2025/10/13 02:06:44] - ==> Building model..
[2025/10/13 02:07:03] - Test Loss 	 Test Acc 	 PGD Loss 	 PGD Acc
[2025/10/13 02:07:03] - 2.5382 	 	 0.5183 	 2.8495 	 0.2782
[2025/10/13 02:07:52] - 50 	 23.3 	 	 0.2000 	 4.0869 	 0.2791
[2025/10/13 02:07:52] - ==> Building model..
[2025/10/13 02:08:11] - Test Loss 	 Test Acc 	 PGD Loss 	 PGD Acc
[2025/10/13 02:08:11] - 2.5377 	 	 0.5188 	 2.8496 	 0.2797
[2025/10/13 02:09:00] - 51 	 23.9 	 	 0.2000 	 4.0879 	 0.2768
[2025/10/13 02:09:00] - ==> Building model..
[2025/10/13 02:09:19] - Test Loss 	 Test Acc 	 PGD Loss 	 PGD Acc
[2025/10/13 02:09:19] - 2.5376 	 	 0.5187 	 2.8492 	 0.2791
[2025/10/13 02:10:06] - 52 	 19.8 	 	 0.2000 	 4.0874 	 0.2770
[2025/10/13 02:10:06] - ==> Building model..
[2025/10/13 02:10:22] - Test Loss 	 Test Acc 	 PGD Loss 	 PGD Acc
[2025/10/13 02:10:22] - 2.5365 	 	 0.5190 	 2.8481 	 0.2798
[2025/10/13 02:11:07] - 53 	 18.6 	 	 0.2000 	 4.0876 	 0.2775
[2025/10/13 02:11:07] - ==> Building model..
[2025/10/13 02:11:23] - Test Loss 	 Test Acc 	 PGD Loss 	 PGD Acc
[2025/10/13 02:11:23] - 2.5375 	 	 0.5187 	 2.8478 	 0.2800
[2025/10/13 02:12:08] - 54 	 18.6 	 	 0.2000 	 4.0902 	 0.2768
[2025/10/13 02:12:08] - ==> Building model..
[2025/10/13 02:12:25] - Test Loss 	 Test Acc 	 PGD Loss 	 PGD Acc
[2025/10/13 02:12:25] - 2.5370 	 	 0.5192 	 2.8472 	 0.2800
[2025/10/13 02:13:09] - 55 	 18.6 	 	 0.2000 	 4.0898 	 0.2799
[2025/10/13 02:13:09] - ==> Building model..
[2025/10/13 02:13:26] - Test Loss 	 Test Acc 	 PGD Loss 	 PGD Acc
[2025/10/13 02:13:26] - 2.5367 	 	 0.5214 	 2.8463 	 0.2790
[2025/10/13 02:14:11] - 56 	 19.2 	 	 0.2000 	 4.0909 	 0.2755
[2025/10/13 02:14:11] - ==> Building model..
[2025/10/13 02:14:28] - Test Loss 	 Test Acc 	 PGD Loss 	 PGD Acc
[2025/10/13 02:14:28] - 2.5413 	 	 0.5210 	 2.8498 	 0.2812
[2025/10/13 02:15:15] - 57 	 19.4 	 	 0.2000 	 4.0925 	 0.2779
[2025/10/13 02:15:15] - ==> Building model..
[2025/10/13 02:15:31] - Test Loss 	 Test Acc 	 PGD Loss 	 PGD Acc
[2025/10/13 02:15:31] - 2.5456 	 	 0.5201 	 2.8534 	 0.2808
[2025/10/13 02:16:15] - 58 	 18.7 	 	 0.2000 	 4.0915 	 0.2789
[2025/10/13 02:16:15] - ==> Building model..
[2025/10/13 02:16:32] - Test Loss 	 Test Acc 	 PGD Loss 	 PGD Acc
[2025/10/13 02:16:32] - 2.5505 	 	 0.5194 	 2.8563 	 0.2808
[2025/10/13 02:17:19] - 59 	 19.9 	 	 0.2000 	 4.0940 	 0.2769
[2025/10/13 02:17:19] - ==> Building model..
[2025/10/13 02:17:36] - Test Loss 	 Test Acc 	 PGD Loss 	 PGD Acc
[2025/10/13 02:17:36] - 2.5546 	 	 0.5191 	 2.8592 	 0.2805
[2025/10/13 02:18:19] - 60 	 18.1 	 	 0.2000 	 4.0901 	 0.2809
[2025/10/13 02:18:19] - ==> Building model..
[2025/10/13 02:18:34] - Test Loss 	 Test Acc 	 PGD Loss 	 PGD Acc
[2025/10/13 02:18:34] - 2.5566 	 	 0.5200 	 2.8602 	 0.2812
[2025/10/13 02:19:16] - 61 	 18.1 	 	 0.2000 	 4.0934 	 0.2759
[2025/10/13 02:19:16] - ==> Building model..
[2025/10/13 02:19:33] - Test Loss 	 Test Acc 	 PGD Loss 	 PGD Acc
[2025/10/13 02:19:33] - 2.5594 	 	 0.5187 	 2.8622 	 0.2803
[2025/10/13 02:20:15] - 62 	 18.1 	 	 0.2000 	 4.0923 	 0.2779
[2025/10/13 02:20:15] - ==> Building model..
[2025/10/13 02:20:31] - Test Loss 	 Test Acc 	 PGD Loss 	 PGD Acc
[2025/10/13 02:20:31] - 2.5610 	 	 0.5193 	 2.8628 	 0.2797
[2025/10/13 02:21:17] - 63 	 19.4 	 	 0.2000 	 4.0937 	 0.2753
[2025/10/13 02:21:17] - ==> Building model..
[2025/10/13 02:21:33] - Test Loss 	 Test Acc 	 PGD Loss 	 PGD Acc
[2025/10/13 02:21:33] - 2.5643 	 	 0.5184 	 2.8647 	 0.2791
[2025/10/13 02:22:16] - 64 	 18.2 	 	 0.2000 	 4.0905 	 0.2804
[2025/10/13 02:22:16] - ==> Building model..
[2025/10/13 02:22:32] - Test Loss 	 Test Acc 	 PGD Loss 	 PGD Acc
[2025/10/13 02:22:32] - 2.5646 	 	 0.5187 	 2.8649 	 0.2790
[2025/10/13 02:23:15] - 65 	 18.1 	 	 0.2000 	 4.0904 	 0.2789
[2025/10/13 02:23:15] - ==> Building model..
[2025/10/13 02:23:30] - Test Loss 	 Test Acc 	 PGD Loss 	 PGD Acc
[2025/10/13 02:23:30] - 2.5672 	 	 0.5174 	 2.8670 	 0.2784
[2025/10/13 02:24:13] - 66 	 18.4 	 	 0.2000 	 4.0902 	 0.2780
[2025/10/13 02:24:13] - ==> Building model..
[2025/10/13 02:24:29] - Test Loss 	 Test Acc 	 PGD Loss 	 PGD Acc
[2025/10/13 02:24:29] - 2.5701 	 	 0.5170 	 2.8686 	 0.2781
[2025/10/13 02:25:13] - 67 	 19.0 	 	 0.2000 	 4.0914 	 0.2776
[2025/10/13 02:25:13] - ==> Building model..
[2025/10/13 02:25:30] - Test Loss 	 Test Acc 	 PGD Loss 	 PGD Acc
[2025/10/13 02:25:30] - 2.5726 	 	 0.5170 	 2.8706 	 0.2775
[2025/10/13 02:26:14] - 68 	 18.9 	 	 0.2000 	 4.0905 	 0.2793
[2025/10/13 02:26:14] - ==> Building model..
[2025/10/13 02:26:30] - Test Loss 	 Test Acc 	 PGD Loss 	 PGD Acc
[2025/10/13 02:26:30] - 2.5730 	 	 0.5189 	 2.8706 	 0.2780
[2025/10/13 02:27:15] - 69 	 19.4 	 	 0.2000 	 4.0920 	 0.2791
[2025/10/13 02:27:15] - ==> Building model..
[2025/10/13 02:27:31] - Test Loss 	 Test Acc 	 PGD Loss 	 PGD Acc
[2025/10/13 02:27:31] - 2.5733 	 	 0.5194 	 2.8707 	 0.2786
[2025/10/13 02:28:14] - 70 	 18.3 	 	 0.2000 	 4.0918 	 0.2789
[2025/10/13 02:28:14] - ==> Building model..
[2025/10/13 02:28:31] - Test Loss 	 Test Acc 	 PGD Loss 	 PGD Acc
[2025/10/13 02:28:31] - 2.5741 	 	 0.5186 	 2.8711 	 0.2784
[2025/10/13 02:29:15] - 71 	 18.4 	 	 0.2000 	 4.0908 	 0.2795
[2025/10/13 02:29:15] - ==> Building model..
[2025/10/13 02:29:31] - Test Loss 	 Test Acc 	 PGD Loss 	 PGD Acc
[2025/10/13 02:29:31] - 2.5751 	 	 0.5203 	 2.8718 	 0.2800
[2025/10/13 02:30:16] - 72 	 18.7 	 	 0.2000 	 4.0916 	 0.2760
[2025/10/13 02:30:16] - ==> Building model..
[2025/10/13 02:30:33] - Test Loss 	 Test Acc 	 PGD Loss 	 PGD Acc
[2025/10/13 02:30:33] - 2.5752 	 	 0.5200 	 2.8727 	 0.2806
[2025/10/13 02:31:18] - 73 	 18.9 	 	 0.2000 	 4.0891 	 0.2768
[2025/10/13 02:31:18] - ==> Building model..
[2025/10/13 02:31:34] - Test Loss 	 Test Acc 	 PGD Loss 	 PGD Acc
[2025/10/13 02:31:34] - 2.5768 	 	 0.5203 	 2.8732 	 0.2828
[2025/10/13 02:32:20] - 74 	 19.7 	 	 0.2000 	 4.0918 	 0.2779
[2025/10/13 02:32:20] - ==> Building model..
[2025/10/13 02:32:36] - Test Loss 	 Test Acc 	 PGD Loss 	 PGD Acc
[2025/10/13 02:32:36] - 2.5775 	 	 0.5202 	 2.8741 	 0.2819
[2025/10/13 02:33:21] - 75 	 18.6 	 	 0.2000 	 4.0908 	 0.2797
[2025/10/13 02:33:21] - ==> Building model..
[2025/10/13 02:33:37] - Test Loss 	 Test Acc 	 PGD Loss 	 PGD Acc
[2025/10/13 02:33:37] - 2.5776 	 	 0.5217 	 2.8742 	 0.2821
[2025/10/13 02:34:23] - 76 	 18.7 	 	 0.2000 	 4.0900 	 0.2777
[2025/10/13 02:34:23] - ==> Building model..
[2025/10/13 02:34:39] - Test Loss 	 Test Acc 	 PGD Loss 	 PGD Acc
[2025/10/13 02:34:39] - 2.5777 	 	 0.5214 	 2.8746 	 0.2822
[2025/10/13 02:35:24] - 77 	 18.4 	 	 0.2000 	 4.0889 	 0.2804
[2025/10/13 02:35:24] - ==> Building model..
[2025/10/13 02:35:40] - Test Loss 	 Test Acc 	 PGD Loss 	 PGD Acc
[2025/10/13 02:35:40] - 2.5783 	 	 0.5214 	 2.8746 	 0.2835
[2025/10/13 02:36:24] - 78 	 18.3 	 	 0.2000 	 4.0911 	 0.2790
[2025/10/13 02:36:24] - ==> Building model..
[2025/10/13 02:36:40] - Test Loss 	 Test Acc 	 PGD Loss 	 PGD Acc
[2025/10/13 02:36:40] - 2.5783 	 	 0.5217 	 2.8744 	 0.2836
[2025/10/13 02:37:26] - 79 	 18.8 	 	 0.2000 	 4.0891 	 0.2800
[2025/10/13 02:37:26] - ==> Building model..
[2025/10/13 02:37:42] - Test Loss 	 Test Acc 	 PGD Loss 	 PGD Acc
[2025/10/13 02:37:42] - 2.5774 	 	 0.5210 	 2.8733 	 0.2836
[2025/10/13 02:38:27] - 80 	 18.8 	 	 0.2000 	 4.0891 	 0.2791
[2025/10/13 02:38:27] - ==> Building model..
[2025/10/13 02:38:43] - Test Loss 	 Test Acc 	 PGD Loss 	 PGD Acc
[2025/10/13 02:38:43] - 2.5786 	 	 0.5210 	 2.8739 	 0.2847
[2025/10/13 02:39:28] - 81 	 18.6 	 	 0.2000 	 4.0888 	 0.2807
[2025/10/13 02:39:28] - ==> Building model..
[2025/10/13 02:39:44] - Test Loss 	 Test Acc 	 PGD Loss 	 PGD Acc
[2025/10/13 02:39:44] - 2.5780 	 	 0.5206 	 2.8736 	 0.2839
[2025/10/13 02:40:28] - 82 	 18.6 	 	 0.2000 	 4.0908 	 0.2784
[2025/10/13 02:40:28] - ==> Building model..
[2025/10/13 02:40:44] - Test Loss 	 Test Acc 	 PGD Loss 	 PGD Acc
[2025/10/13 02:40:44] - 2.5755 	 	 0.5208 	 2.8721 	 0.2833
[2025/10/13 02:41:28] - 83 	 18.4 	 	 0.2000 	 4.0870 	 0.2821
[2025/10/13 02:41:28] - ==> Building model..
[2025/10/13 02:41:44] - Test Loss 	 Test Acc 	 PGD Loss 	 PGD Acc
[2025/10/13 02:41:44] - 2.5759 	 	 0.5205 	 2.8712 	 0.2839
[2025/10/13 02:42:30] - 84 	 18.7 	 	 0.2000 	 4.0901 	 0.2779
[2025/10/13 02:42:30] - ==> Building model..
[2025/10/13 02:42:46] - Test Loss 	 Test Acc 	 PGD Loss 	 PGD Acc
[2025/10/13 02:42:46] - 2.5751 	 	 0.5196 	 2.8707 	 0.2826
[2025/10/13 02:43:31] - 85 	 18.7 	 	 0.2000 	 4.0903 	 0.2801
[2025/10/13 02:43:31] - ==> Building model..
[2025/10/13 02:43:47] - Test Loss 	 Test Acc 	 PGD Loss 	 PGD Acc
[2025/10/13 02:43:47] - 2.5755 	 	 0.5201 	 2.8709 	 0.2831
[2025/10/13 02:44:33] - 86 	 18.7 	 	 0.2000 	 4.0890 	 0.2819
[2025/10/13 02:44:33] - ==> Building model..
[2025/10/13 02:44:49] - Test Loss 	 Test Acc 	 PGD Loss 	 PGD Acc
[2025/10/13 02:44:49] - 2.5757 	 	 0.5194 	 2.8711 	 0.2835
[2025/10/13 02:45:34] - 87 	 18.7 	 	 0.2000 	 4.0893 	 0.2816
[2025/10/13 02:45:34] - ==> Building model..
[2025/10/13 02:45:50] - Test Loss 	 Test Acc 	 PGD Loss 	 PGD Acc
[2025/10/13 02:45:50] - 2.5792 	 	 0.5187 	 2.8735 	 0.2834
[2025/10/13 02:46:35] - 88 	 18.6 	 	 0.2000 	 4.0901 	 0.2761
[2025/10/13 02:46:35] - ==> Building model..
[2025/10/13 02:46:51] - Test Loss 	 Test Acc 	 PGD Loss 	 PGD Acc
[2025/10/13 02:46:51] - 2.5800 	 	 0.5190 	 2.8740 	 0.2818
[2025/10/13 02:47:36] - 89 	 18.9 	 	 0.2000 	 4.0881 	 0.2799
[2025/10/13 02:47:36] - ==> Building model..
[2025/10/13 02:47:52] - Test Loss 	 Test Acc 	 PGD Loss 	 PGD Acc
[2025/10/13 02:47:52] - 2.5797 	 	 0.5201 	 2.8738 	 0.2834
[2025/10/13 02:48:36] - 90 	 18.0 	 	 0.0200 	 3.9934 	 0.3431
[2025/10/13 02:48:36] - ==> Building model..
[2025/10/13 02:48:53] - Test Loss 	 Test Acc 	 PGD Loss 	 PGD Acc
[2025/10/13 02:48:53] - 2.5757 	 	 0.5217 	 2.8714 	 0.2836
[2025/10/13 02:49:37] - 91 	 18.8 	 	 0.0200 	 3.8997 	 0.4026
[2025/10/13 02:49:37] - ==> Building model..
[2025/10/13 02:49:54] - Test Loss 	 Test Acc 	 PGD Loss 	 PGD Acc
[2025/10/13 02:49:54] - 2.5736 	 	 0.5217 	 2.8698 	 0.2841
[2025/10/13 02:50:39] - 92 	 18.5 	 	 0.0200 	 3.8734 	 0.4199
[2025/10/13 02:50:39] - ==> Building model..
[2025/10/13 02:50:56] - Test Loss 	 Test Acc 	 PGD Loss 	 PGD Acc
[2025/10/13 02:50:56] - 2.5734 	 	 0.5217 	 2.8694 	 0.2829
[2025/10/13 02:51:38] - 93 	 18.0 	 	 0.0200 	 3.8563 	 0.4320
[2025/10/13 02:51:38] - ==> Building model..
[2025/10/13 02:51:55] - Test Loss 	 Test Acc 	 PGD Loss 	 PGD Acc
[2025/10/13 02:51:55] - 2.5744 	 	 0.5222 	 2.8708 	 0.2835
[2025/10/13 02:52:39] - 94 	 18.0 	 	 0.0200 	 3.8408 	 0.4429
[2025/10/13 02:52:39] - ==> Building model..
[2025/10/13 02:52:56] - Test Loss 	 Test Acc 	 PGD Loss 	 PGD Acc
[2025/10/13 02:52:56] - 2.5754 	 	 0.5224 	 2.8716 	 0.2840
[2025/10/13 02:53:39] - 95 	 18.0 	 	 0.0200 	 3.8284 	 0.4531
[2025/10/13 02:53:39] - ==> Building model..
[2025/10/13 02:53:56] - Test Loss 	 Test Acc 	 PGD Loss 	 PGD Acc
[2025/10/13 02:53:56] - 2.5779 	 	 0.5217 	 2.8741 	 0.2837
[2025/10/13 02:54:39] - 96 	 18.0 	 	 0.0200 	 3.8184 	 0.4606
[2025/10/13 02:54:39] - ==> Building model..
[2025/10/13 02:54:55] - Test Loss 	 Test Acc 	 PGD Loss 	 PGD Acc
[2025/10/13 02:54:55] - 2.5820 	 	 0.5218 	 2.8771 	 0.2839
[2025/10/13 02:55:38] - 97 	 17.5 	 	 0.0200 	 3.8092 	 0.4671
[2025/10/13 02:55:38] - ==> Building model..
[2025/10/13 02:55:55] - Test Loss 	 Test Acc 	 PGD Loss 	 PGD Acc
[2025/10/13 02:55:55] - 2.5848 	 	 0.5214 	 2.8791 	 0.2838
[2025/10/13 02:56:34] - 98 	 16.7 	 	 0.0200 	 3.8009 	 0.4744
[2025/10/13 02:56:34] - ==> Building model..
[2025/10/13 02:56:50] - Test Loss 	 Test Acc 	 PGD Loss 	 PGD Acc
[2025/10/13 02:56:50] - 2.5868 	 	 0.5213 	 2.8810 	 0.2834
[2025/10/13 02:57:34] - 99 	 17.9 	 	 0.0200 	 3.7940 	 0.4796
[2025/10/13 02:57:34] - ==> Building model..
[2025/10/13 02:57:50] - Test Loss 	 Test Acc 	 PGD Loss 	 PGD Acc
[2025/10/13 02:57:50] - 2.5892 	 	 0.5213 	 2.8826 	 0.2837
[2025/10/13 02:57:50] - [0.0861, 0.1416, 0.1874, 0.2295, 0.2662, 0.3087, 0.3473, 0.3792, 0.3984, 0.4167, 0.4286, 0.4388, 0.4482, 0.4568, 0.4618, 0.4667, 0.4725, 0.4765, 0.4794, 0.4824, 0.4845, 0.488, 0.4901, 0.4905, 0.4934, 0.4959, 0.4979, 0.4996, 0.5006, 0.5032, 0.5029, 0.5041, 0.5055, 0.5076, 0.5061, 0.5075, 0.5082, 0.5091, 0.5096, 0.5083, 0.5102, 0.5125, 0.5128, 0.5151, 0.5165, 0.5164, 0.5166, 0.5168, 0.5174, 0.5183, 0.5188, 0.5187, 0.519, 0.5187, 0.5192, 0.5214, 0.521, 0.5201, 0.5194, 0.5191, 0.52, 0.5187, 0.5193, 0.5184, 0.5187, 0.5174, 0.517, 0.517, 0.5189, 0.5194, 0.5186, 0.5203, 0.52, 0.5203, 0.5202, 0.5217, 0.5214, 0.5214, 0.5217, 0.521, 0.521, 0.5206, 0.5208, 0.5205, 0.5196, 0.5201, 0.5194, 0.5187, 0.519, 0.5201, 0.5217, 0.5217, 0.5217, 0.5222, 0.5224, 0.5217, 0.5218, 0.5214, 0.5213, 0.5213]
[2025/10/13 02:57:50] - [0.0543, 0.0889, 0.1162, 0.1344, 0.1596, 0.1785, 0.1921, 0.2054, 0.216, 0.2249, 0.23, 0.2342, 0.2397, 0.2425, 0.2454, 0.249, 0.2502, 0.2527, 0.2568, 0.2582, 0.2598, 0.2602, 0.2614, 0.2626, 0.2651, 0.2666, 0.2657, 0.2686, 0.2684, 0.2712, 0.2703, 0.2716, 0.2719, 0.2712, 0.2715, 0.2729, 0.2726, 0.2729, 0.2741, 0.276, 0.2749, 0.2761, 0.2764, 0.2782, 0.2783, 0.2783, 0.2786, 0.2783, 0.28, 0.2782, 0.2797, 0.2791, 0.2798, 0.28, 0.28, 0.279, 0.2812, 0.2808, 0.2808, 0.2805, 0.2812, 0.2803, 0.2797, 0.2791, 0.279, 0.2784, 0.2781, 0.2775, 0.278, 0.2786, 0.2784, 0.28, 0.2806, 0.2828, 0.2819, 0.2821, 0.2822, 0.2835, 0.2836, 0.2836, 0.2847, 0.2839, 0.2833, 0.2839, 0.2826, 0.2831, 0.2835, 0.2834, 0.2818, 0.2834, 0.2836, 0.2841, 0.2829, 0.2835, 0.284, 0.2837, 0.2839, 0.2838, 0.2834, 0.2837]
