[2025/09/21 12:39:52] - Namespace(batch_size=128, data_dir='cifar-data', epochs=120, lr_schedule='multistep', lr_min=0.0, lr_max=0.1, weight_decay=0.0005, momentum=0.9, model='ResNet18', epsilon=8, alpha=8, delta_init='random', normal_mean=0, normal_std=1, out_dir='./output/CIFAR10/beta_0.2', seed=0, lamda=12, lam_scale=0.1, lam_max=45, lam_start=50, gamma=0.15, inner_gamma=0.15, beta=0.2, mu=3.5, batch_m=0.75, early_stop=False, factor=0.7, length=4, n_holes=1, c_num=0.125, EMA_value=0.82)
[2025/09/21 12:39:54] - ==> Building model..
[2025/09/21 12:39:54] - Epoch 	 Seconds 	 LR 	 	 Train Loss 	 Train Acc
[2025/09/21 12:41:19] - 0 	 54.8 	 	 0.1000 	 2.2347 	 0.2230
[2025/09/21 12:41:19] - ==> Building model..
[2025/09/21 12:41:59] - Test Loss 	 Test Acc 	 PGD Loss 	 PGD Acc
[2025/09/21 12:41:59] - 1.8364 	 	 0.3881 	 1.8913 	 0.2751
[2025/09/21 12:43:26] - 1 	 56.6 	 	 0.1000 	 2.1355 	 0.2985
[2025/09/21 12:43:26] - ==> Building model..
[2025/09/21 12:44:05] - Test Loss 	 Test Acc 	 PGD Loss 	 PGD Acc
[2025/09/21 12:44:05] - 1.7248 	 	 0.4544 	 1.7972 	 0.3154
[2025/09/21 12:45:35] - 2 	 58.1 	 	 0.1000 	 2.0959 	 0.3391
[2025/09/21 12:45:35] - ==> Building model..
[2025/09/21 12:46:07] - Test Loss 	 Test Acc 	 PGD Loss 	 PGD Acc
[2025/09/21 12:46:07] - 1.6465 	 	 0.5071 	 1.7345 	 0.3368
[2025/09/21 12:47:33] - 3 	 56.6 	 	 0.1000 	 2.0672 	 0.3686
[2025/09/21 12:47:33] - ==> Building model..
[2025/09/21 12:48:11] - Test Loss 	 Test Acc 	 PGD Loss 	 PGD Acc
[2025/09/21 12:48:11] - 1.5810 	 	 0.5498 	 1.6814 	 0.3660
[2025/09/21 12:49:39] - 4 	 56.0 	 	 0.1000 	 2.0412 	 0.3948
[2025/09/21 12:49:39] - ==> Building model..
[2025/09/21 12:50:18] - Test Loss 	 Test Acc 	 PGD Loss 	 PGD Acc
[2025/09/21 12:50:18] - 1.5386 	 	 0.5830 	 1.6487 	 0.3877
[2025/09/21 12:51:45] - 5 	 54.8 	 	 0.1000 	 2.0178 	 0.4191
[2025/09/21 12:51:45] - ==> Building model..
[2025/09/21 12:52:23] - Test Loss 	 Test Acc 	 PGD Loss 	 PGD Acc
[2025/09/21 12:52:23] - 1.5152 	 	 0.6105 	 1.6330 	 0.4102
[2025/09/21 12:53:47] - 6 	 53.4 	 	 0.1000 	 1.9978 	 0.4402
[2025/09/21 12:53:47] - ==> Building model..
[2025/09/21 12:54:28] - Test Loss 	 Test Acc 	 PGD Loss 	 PGD Acc
[2025/09/21 12:54:28] - 1.4994 	 	 0.6295 	 1.6224 	 0.4309
[2025/09/21 12:55:53] - 7 	 55.8 	 	 0.1000 	 1.9827 	 0.4545
[2025/09/21 12:55:53] - ==> Building model..
[2025/09/21 12:56:32] - Test Loss 	 Test Acc 	 PGD Loss 	 PGD Acc
[2025/09/21 12:56:32] - 1.4932 	 	 0.6361 	 1.6181 	 0.4454
[2025/09/21 12:58:00] - 8 	 56.4 	 	 0.1000 	 1.9694 	 0.4688
[2025/09/21 12:58:00] - ==> Building model..
[2025/09/21 12:58:37] - Test Loss 	 Test Acc 	 PGD Loss 	 PGD Acc
[2025/09/21 12:58:37] - 1.4897 	 	 0.6469 	 1.6162 	 0.4537
[2025/09/21 13:00:03] - 9 	 54.8 	 	 0.1000 	 1.9559 	 0.4816
[2025/09/21 13:00:03] - ==> Building model..
[2025/09/21 13:00:43] - Test Loss 	 Test Acc 	 PGD Loss 	 PGD Acc
[2025/09/21 13:00:43] - 1.4904 	 	 0.6553 	 1.6175 	 0.4633
[2025/09/21 13:02:11] - 10 	 57.5 	 	 0.1000 	 1.9465 	 0.4897
[2025/09/21 13:02:11] - ==> Building model..
[2025/09/21 13:02:49] - Test Loss 	 Test Acc 	 PGD Loss 	 PGD Acc
[2025/09/21 13:02:49] - 1.4910 	 	 0.6603 	 1.6184 	 0.4691
[2025/09/21 13:04:17] - 11 	 56.4 	 	 0.1000 	 1.9391 	 0.4992
[2025/09/21 13:04:17] - ==> Building model..
[2025/09/21 13:04:54] - Test Loss 	 Test Acc 	 PGD Loss 	 PGD Acc
[2025/09/21 13:04:54] - 1.4759 	 	 0.6711 	 1.6062 	 0.4778
[2025/09/21 13:06:20] - 12 	 55.4 	 	 0.1000 	 1.9339 	 0.5035
[2025/09/21 13:06:20] - ==> Building model..
[2025/09/21 13:06:59] - Test Loss 	 Test Acc 	 PGD Loss 	 PGD Acc
[2025/09/21 13:06:59] - 1.4408 	 	 0.6852 	 1.5771 	 0.4873
[2025/09/21 13:08:26] - 13 	 57.1 	 	 0.1000 	 1.9283 	 0.5098
[2025/09/21 13:08:26] - ==> Building model..
[2025/09/21 13:09:04] - Test Loss 	 Test Acc 	 PGD Loss 	 PGD Acc
[2025/09/21 13:09:04] - 1.3994 	 	 0.6969 	 1.5440 	 0.4962
[2025/09/21 13:10:32] - 14 	 56.1 	 	 0.1000 	 1.9209 	 0.5180
[2025/09/21 13:10:32] - ==> Building model..
[2025/09/21 13:11:11] - Test Loss 	 Test Acc 	 PGD Loss 	 PGD Acc
[2025/09/21 13:11:11] - 1.3621 	 	 0.7064 	 1.5138 	 0.5010
[2025/09/21 13:12:37] - 15 	 53.4 	 	 0.1000 	 1.9188 	 0.5175
[2025/09/21 13:12:37] - ==> Building model..
[2025/09/21 13:13:16] - Test Loss 	 Test Acc 	 PGD Loss 	 PGD Acc
[2025/09/21 13:13:16] - 1.3302 	 	 0.7153 	 1.4885 	 0.5063
[2025/09/21 13:14:48] - 16 	 57.3 	 	 0.1000 	 1.9123 	 0.5236
[2025/09/21 13:14:48] - ==> Building model..
[2025/09/21 13:15:28] - Test Loss 	 Test Acc 	 PGD Loss 	 PGD Acc
[2025/09/21 13:15:28] - 1.3022 	 	 0.7218 	 1.4659 	 0.5111
[2025/09/21 13:16:51] - 17 	 54.8 	 	 0.1000 	 1.9087 	 0.5302
[2025/09/21 13:16:51] - ==> Building model..
[2025/09/21 13:17:30] - Test Loss 	 Test Acc 	 PGD Loss 	 PGD Acc
[2025/09/21 13:17:30] - 1.2852 	 	 0.7279 	 1.4523 	 0.5154
[2025/09/21 13:18:51] - 18 	 53.5 	 	 0.1000 	 1.9088 	 0.5294
[2025/09/21 13:18:51] - ==> Building model..
[2025/09/21 13:19:29] - Test Loss 	 Test Acc 	 PGD Loss 	 PGD Acc
[2025/09/21 13:19:29] - 1.2750 	 	 0.7295 	 1.4440 	 0.5177
[2025/09/21 13:20:53] - 19 	 56.0 	 	 0.1000 	 1.9018 	 0.5351
[2025/09/21 13:20:53] - ==> Building model..
[2025/09/21 13:21:29] - Test Loss 	 Test Acc 	 PGD Loss 	 PGD Acc
[2025/09/21 13:21:29] - 1.2656 	 	 0.7336 	 1.4363 	 0.5207
[2025/09/21 13:22:53] - 20 	 55.3 	 	 0.1000 	 1.8996 	 0.5394
[2025/09/21 13:22:53] - ==> Building model..
[2025/09/21 13:23:31] - Test Loss 	 Test Acc 	 PGD Loss 	 PGD Acc
[2025/09/21 13:23:31] - 1.2558 	 	 0.7373 	 1.4285 	 0.5240
[2025/09/21 13:24:53] - 21 	 53.1 	 	 0.1000 	 1.8975 	 0.5424
[2025/09/21 13:24:53] - ==> Building model..
[2025/09/21 13:25:31] - Test Loss 	 Test Acc 	 PGD Loss 	 PGD Acc
[2025/09/21 13:25:31] - 1.2493 	 	 0.7401 	 1.4230 	 0.5258
[2025/09/21 13:26:54] - 22 	 55.6 	 	 0.1000 	 1.8967 	 0.5419
[2025/09/21 13:26:54] - ==> Building model..
[2025/09/21 13:27:31] - Test Loss 	 Test Acc 	 PGD Loss 	 PGD Acc
[2025/09/21 13:27:31] - 1.2435 	 	 0.7434 	 1.4190 	 0.5267
[2025/09/21 13:28:54] - 23 	 54.1 	 	 0.1000 	 1.8946 	 0.5444
[2025/09/21 13:28:54] - ==> Building model..
[2025/09/21 13:29:32] - Test Loss 	 Test Acc 	 PGD Loss 	 PGD Acc
[2025/09/21 13:29:32] - 1.2402 	 	 0.7436 	 1.4163 	 0.5293
[2025/09/21 13:30:53] - 24 	 53.0 	 	 0.1000 	 1.8920 	 0.5472
[2025/09/21 13:30:53] - ==> Building model..
[2025/09/21 13:31:29] - Test Loss 	 Test Acc 	 PGD Loss 	 PGD Acc
[2025/09/21 13:31:29] - 1.2358 	 	 0.7451 	 1.4123 	 0.5299
[2025/09/21 13:32:52] - 25 	 55.1 	 	 0.1000 	 1.8874 	 0.5525
[2025/09/21 13:32:52] - ==> Building model..
[2025/09/21 13:33:29] - Test Loss 	 Test Acc 	 PGD Loss 	 PGD Acc
[2025/09/21 13:33:29] - 1.2306 	 	 0.7485 	 1.4082 	 0.5316
[2025/09/21 13:34:52] - 26 	 54.3 	 	 0.1000 	 1.8864 	 0.5477
[2025/09/21 13:34:52] - ==> Building model..
[2025/09/21 13:35:28] - Test Loss 	 Test Acc 	 PGD Loss 	 PGD Acc
[2025/09/21 13:35:28] - 1.2277 	 	 0.7494 	 1.4053 	 0.5353
[2025/09/21 13:36:49] - 27 	 51.9 	 	 0.1000 	 1.8858 	 0.5511
[2025/09/21 13:36:49] - ==> Building model..
[2025/09/21 13:37:28] - Test Loss 	 Test Acc 	 PGD Loss 	 PGD Acc
[2025/09/21 13:37:28] - 1.2252 	 	 0.7506 	 1.4030 	 0.5381
[2025/09/21 13:38:48] - 28 	 52.2 	 	 0.1000 	 1.8850 	 0.5501
[2025/09/21 13:38:48] - ==> Building model..
[2025/09/21 13:39:28] - Test Loss 	 Test Acc 	 PGD Loss 	 PGD Acc
[2025/09/21 13:39:28] - 1.2230 	 	 0.7526 	 1.4017 	 0.5378
[2025/09/21 13:40:50] - 29 	 52.9 	 	 0.1000 	 1.8816 	 0.5557
[2025/09/21 13:40:50] - ==> Building model..
[2025/09/21 13:41:30] - Test Loss 	 Test Acc 	 PGD Loss 	 PGD Acc
[2025/09/21 13:41:30] - 1.2193 	 	 0.7547 	 1.3988 	 0.5396
[2025/09/21 13:42:52] - 30 	 53.5 	 	 0.1000 	 1.8819 	 0.5543
[2025/09/21 13:42:52] - ==> Building model..
[2025/09/21 13:43:27] - Test Loss 	 Test Acc 	 PGD Loss 	 PGD Acc
[2025/09/21 13:43:27] - 1.2172 	 	 0.7541 	 1.3973 	 0.5426
[2025/09/21 13:44:49] - 31 	 53.7 	 	 0.1000 	 1.8804 	 0.5573
[2025/09/21 13:44:49] - ==> Building model..
[2025/09/21 13:45:27] - Test Loss 	 Test Acc 	 PGD Loss 	 PGD Acc
[2025/09/21 13:45:27] - 1.2162 	 	 0.7552 	 1.3967 	 0.5422
[2025/09/21 13:46:49] - 32 	 55.0 	 	 0.1000 	 1.8786 	 0.5586
[2025/09/21 13:46:49] - ==> Building model..
[2025/09/21 13:47:24] - Test Loss 	 Test Acc 	 PGD Loss 	 PGD Acc
[2025/09/21 13:47:24] - 1.2125 	 	 0.7558 	 1.3939 	 0.5438
[2025/09/21 13:48:46] - 33 	 54.5 	 	 0.1000 	 1.8778 	 0.5560
[2025/09/21 13:48:46] - ==> Building model..
[2025/09/21 13:49:24] - Test Loss 	 Test Acc 	 PGD Loss 	 PGD Acc
[2025/09/21 13:49:24] - 1.2105 	 	 0.7576 	 1.3926 	 0.5449
[2025/09/21 13:50:43] - 34 	 50.9 	 	 0.1000 	 1.8766 	 0.5553
[2025/09/21 13:50:43] - ==> Building model..
[2025/09/21 13:51:20] - Test Loss 	 Test Acc 	 PGD Loss 	 PGD Acc
[2025/09/21 13:51:20] - 1.2076 	 	 0.7605 	 1.3901 	 0.5451
[2025/09/21 13:52:43] - 35 	 55.2 	 	 0.1000 	 1.8757 	 0.5593
[2025/09/21 13:52:43] - ==> Building model..
[2025/09/21 13:53:19] - Test Loss 	 Test Acc 	 PGD Loss 	 PGD Acc
[2025/09/21 13:53:19] - 1.2060 	 	 0.7618 	 1.3888 	 0.5458
[2025/09/21 13:54:41] - 36 	 54.5 	 	 0.1000 	 1.8750 	 0.5579
[2025/09/21 13:54:41] - ==> Building model..
[2025/09/21 13:55:19] - Test Loss 	 Test Acc 	 PGD Loss 	 PGD Acc
[2025/09/21 13:55:19] - 1.2042 	 	 0.7627 	 1.3876 	 0.5467
[2025/09/21 13:56:40] - 37 	 53.0 	 	 0.1000 	 1.8732 	 0.5581
[2025/09/21 13:56:40] - ==> Building model..
[2025/09/21 13:57:17] - Test Loss 	 Test Acc 	 PGD Loss 	 PGD Acc
[2025/09/21 13:57:17] - 1.2023 	 	 0.7642 	 1.3863 	 0.5474
[2025/09/21 13:58:40] - 38 	 55.8 	 	 0.1000 	 1.8736 	 0.5589
[2025/09/21 13:58:40] - ==> Building model..
[2025/09/21 13:59:17] - Test Loss 	 Test Acc 	 PGD Loss 	 PGD Acc
[2025/09/21 13:59:17] - 1.2004 	 	 0.7639 	 1.3845 	 0.5476
[2025/09/21 14:00:38] - 39 	 53.7 	 	 0.1000 	 1.8698 	 0.5614
[2025/09/21 14:00:38] - ==> Building model..
[2025/09/21 14:01:14] - Test Loss 	 Test Acc 	 PGD Loss 	 PGD Acc
[2025/09/21 14:01:14] - 1.1979 	 	 0.7647 	 1.3822 	 0.5487
[2025/09/21 14:02:35] - 40 	 53.9 	 	 0.1000 	 1.8721 	 0.5591
[2025/09/21 14:02:35] - ==> Building model..
[2025/09/21 14:03:13] - Test Loss 	 Test Acc 	 PGD Loss 	 PGD Acc
[2025/09/21 14:03:13] - 1.1977 	 	 0.7665 	 1.3817 	 0.5498
[2025/09/21 14:04:35] - 41 	 55.3 	 	 0.1000 	 1.8686 	 0.5609
[2025/09/21 14:04:35] - ==> Building model..
[2025/09/21 14:05:12] - Test Loss 	 Test Acc 	 PGD Loss 	 PGD Acc
[2025/09/21 14:05:12] - 1.1968 	 	 0.7668 	 1.3813 	 0.5539
[2025/09/21 14:06:36] - 42 	 55.4 	 	 0.1000 	 1.8684 	 0.5600
[2025/09/21 14:06:36] - ==> Building model..
[2025/09/21 14:07:10] - Test Loss 	 Test Acc 	 PGD Loss 	 PGD Acc
[2025/09/21 14:07:10] - 1.1965 	 	 0.7667 	 1.3814 	 0.5532
[2025/09/21 14:08:34] - 43 	 56.4 	 	 0.1000 	 1.8683 	 0.5610
[2025/09/21 14:08:34] - ==> Building model..
[2025/09/21 14:09:04] - Test Loss 	 Test Acc 	 PGD Loss 	 PGD Acc
[2025/09/21 14:09:04] - 1.1963 	 	 0.7671 	 1.3814 	 0.5530
[2025/09/21 14:10:27] - 44 	 54.9 	 	 0.1000 	 1.8680 	 0.5593
[2025/09/21 14:10:27] - ==> Building model..
[2025/09/21 14:11:05] - Test Loss 	 Test Acc 	 PGD Loss 	 PGD Acc
[2025/09/21 14:11:05] - 1.1959 	 	 0.7686 	 1.3815 	 0.5550
[2025/09/21 14:12:27] - 45 	 54.1 	 	 0.1000 	 1.8681 	 0.5579
[2025/09/21 14:12:27] - ==> Building model..
[2025/09/21 14:13:05] - Test Loss 	 Test Acc 	 PGD Loss 	 PGD Acc
[2025/09/21 14:13:05] - 1.1948 	 	 0.7682 	 1.3804 	 0.5555
[2025/09/21 14:14:27] - 46 	 53.1 	 	 0.1000 	 1.8647 	 0.5622
[2025/09/21 14:14:27] - ==> Building model..
[2025/09/21 14:15:06] - Test Loss 	 Test Acc 	 PGD Loss 	 PGD Acc
[2025/09/21 14:15:06] - 1.1931 	 	 0.7694 	 1.3797 	 0.5558
[2025/09/21 14:16:26] - 47 	 50.6 	 	 0.1000 	 1.8655 	 0.5629
[2025/09/21 14:16:26] - ==> Building model..
[2025/09/21 14:17:06] - Test Loss 	 Test Acc 	 PGD Loss 	 PGD Acc
[2025/09/21 14:17:06] - 1.1925 	 	 0.7682 	 1.3793 	 0.5588
[2025/09/21 14:18:29] - 48 	 54.5 	 	 0.1000 	 1.8660 	 0.5597
[2025/09/21 14:18:29] - ==> Building model..
[2025/09/21 14:19:08] - Test Loss 	 Test Acc 	 PGD Loss 	 PGD Acc
[2025/09/21 14:19:08] - 1.1929 	 	 0.7694 	 1.3801 	 0.5581
[2025/09/21 14:20:30] - 49 	 53.5 	 	 0.1000 	 1.8656 	 0.5638
[2025/09/21 14:20:30] - ==> Building model..
[2025/09/21 14:21:09] - Test Loss 	 Test Acc 	 PGD Loss 	 PGD Acc
[2025/09/21 14:21:09] - 1.1928 	 	 0.7704 	 1.3811 	 0.5569
[2025/09/21 14:22:30] - 50 	 52.1 	 	 0.1000 	 1.8647 	 0.5628
[2025/09/21 14:22:30] - ==> Building model..
[2025/09/21 14:23:08] - Test Loss 	 Test Acc 	 PGD Loss 	 PGD Acc
[2025/09/21 14:23:08] - 1.1905 	 	 0.7728 	 1.3788 	 0.5603
[2025/09/21 14:24:32] - 51 	 55.7 	 	 0.1000 	 1.8658 	 0.5614
[2025/09/21 14:24:32] - ==> Building model..
[2025/09/21 14:25:08] - Test Loss 	 Test Acc 	 PGD Loss 	 PGD Acc
[2025/09/21 14:25:08] - 1.1887 	 	 0.7742 	 1.3778 	 0.5583
[2025/09/21 14:26:32] - 52 	 54.8 	 	 0.1000 	 1.8631 	 0.5645
[2025/09/21 14:26:32] - ==> Building model..
[2025/09/21 14:27:10] - Test Loss 	 Test Acc 	 PGD Loss 	 PGD Acc
[2025/09/21 14:27:10] - 1.1871 	 	 0.7748 	 1.3765 	 0.5578
[2025/09/21 14:28:32] - 53 	 54.0 	 	 0.1000 	 1.8648 	 0.5651
[2025/09/21 14:28:32] - ==> Building model..
[2025/09/21 14:29:10] - Test Loss 	 Test Acc 	 PGD Loss 	 PGD Acc
[2025/09/21 14:29:10] - 1.1877 	 	 0.7736 	 1.3768 	 0.5597
[2025/09/21 14:30:33] - 54 	 55.7 	 	 0.1000 	 1.8684 	 0.5644
[2025/09/21 14:30:33] - ==> Building model..
[2025/09/21 14:31:11] - Test Loss 	 Test Acc 	 PGD Loss 	 PGD Acc
[2025/09/21 14:31:11] - 1.1898 	 	 0.7737 	 1.3783 	 0.5597
[2025/09/21 14:32:33] - 55 	 54.0 	 	 0.1000 	 1.8680 	 0.5651
[2025/09/21 14:32:33] - ==> Building model..
[2025/09/21 14:33:11] - Test Loss 	 Test Acc 	 PGD Loss 	 PGD Acc
[2025/09/21 14:33:11] - 1.1913 	 	 0.7750 	 1.3796 	 0.5616
[2025/09/21 14:34:33] - 56 	 52.9 	 	 0.1000 	 1.8684 	 0.5652
[2025/09/21 14:34:33] - ==> Building model..
[2025/09/21 14:35:10] - Test Loss 	 Test Acc 	 PGD Loss 	 PGD Acc
[2025/09/21 14:35:10] - 1.1932 	 	 0.7749 	 1.3812 	 0.5591
[2025/09/21 14:36:33] - 57 	 55.9 	 	 0.1000 	 1.8692 	 0.5649
[2025/09/21 14:36:33] - ==> Building model..
[2025/09/21 14:37:10] - Test Loss 	 Test Acc 	 PGD Loss 	 PGD Acc
[2025/09/21 14:37:10] - 1.1942 	 	 0.7752 	 1.3816 	 0.5610
[2025/09/21 14:38:34] - 58 	 55.6 	 	 0.1000 	 1.8686 	 0.5660
[2025/09/21 14:38:34] - ==> Building model..
[2025/09/21 14:39:09] - Test Loss 	 Test Acc 	 PGD Loss 	 PGD Acc
[2025/09/21 14:39:09] - 1.1958 	 	 0.7754 	 1.3826 	 0.5612
[2025/09/21 14:40:32] - 59 	 54.7 	 	 0.1000 	 1.8720 	 0.5641
[2025/09/21 14:40:32] - ==> Building model..
[2025/09/21 14:41:10] - Test Loss 	 Test Acc 	 PGD Loss 	 PGD Acc
[2025/09/21 14:41:10] - 1.1999 	 	 0.7737 	 1.3858 	 0.5617
[2025/09/21 14:42:33] - 60 	 54.2 	 	 0.1000 	 1.8720 	 0.5661
[2025/09/21 14:42:33] - ==> Building model..
[2025/09/21 14:43:12] - Test Loss 	 Test Acc 	 PGD Loss 	 PGD Acc
[2025/09/21 14:43:12] - 1.2013 	 	 0.7732 	 1.3866 	 0.5637
[2025/09/21 14:44:37] - 61 	 54.9 	 	 0.1000 	 1.8746 	 0.5654
[2025/09/21 14:44:37] - ==> Building model..
[2025/09/21 14:45:16] - Test Loss 	 Test Acc 	 PGD Loss 	 PGD Acc
[2025/09/21 14:45:16] - 1.2042 	 	 0.7729 	 1.3889 	 0.5637
[2025/09/21 14:46:39] - 62 	 53.9 	 	 0.1000 	 1.8732 	 0.5672
[2025/09/21 14:46:39] - ==> Building model..
[2025/09/21 14:47:14] - Test Loss 	 Test Acc 	 PGD Loss 	 PGD Acc
[2025/09/21 14:47:14] - 1.2049 	 	 0.7732 	 1.3889 	 0.5645
[2025/09/21 14:48:37] - 63 	 53.9 	 	 0.1000 	 1.8742 	 0.5671
[2025/09/21 14:48:37] - ==> Building model..
[2025/09/21 14:49:15] - Test Loss 	 Test Acc 	 PGD Loss 	 PGD Acc
[2025/09/21 14:49:15] - 1.2067 	 	 0.7730 	 1.3904 	 0.5632
[2025/09/21 14:50:39] - 64 	 54.9 	 	 0.1000 	 1.8774 	 0.5667
[2025/09/21 14:50:39] - ==> Building model..
[2025/09/21 14:51:16] - Test Loss 	 Test Acc 	 PGD Loss 	 PGD Acc
[2025/09/21 14:51:16] - 1.2098 	 	 0.7726 	 1.3933 	 0.5659
[2025/09/21 14:52:42] - 65 	 56.4 	 	 0.1000 	 1.8779 	 0.5646
[2025/09/21 14:52:42] - ==> Building model..
[2025/09/21 14:53:15] - Test Loss 	 Test Acc 	 PGD Loss 	 PGD Acc
[2025/09/21 14:53:15] - 1.2132 	 	 0.7729 	 1.3961 	 0.5664
[2025/09/21 14:54:39] - 66 	 55.0 	 	 0.1000 	 1.8780 	 0.5664
[2025/09/21 14:54:39] - ==> Building model..
[2025/09/21 14:55:16] - Test Loss 	 Test Acc 	 PGD Loss 	 PGD Acc
[2025/09/21 14:55:16] - 1.2154 	 	 0.7733 	 1.3971 	 0.5676
[2025/09/21 14:56:43] - 67 	 57.1 	 	 0.1000 	 1.8794 	 0.5684
[2025/09/21 14:56:43] - ==> Building model..
[2025/09/21 14:57:19] - Test Loss 	 Test Acc 	 PGD Loss 	 PGD Acc
[2025/09/21 14:57:19] - 1.2191 	 	 0.7710 	 1.3997 	 0.5672
[2025/09/21 14:58:41] - 68 	 53.7 	 	 0.1000 	 1.8795 	 0.5672
[2025/09/21 14:58:41] - ==> Building model..
[2025/09/21 14:59:19] - Test Loss 	 Test Acc 	 PGD Loss 	 PGD Acc
[2025/09/21 14:59:19] - 1.2234 	 	 0.7694 	 1.4028 	 0.5695
[2025/09/21 15:00:40] - 69 	 53.1 	 	 0.1000 	 1.8834 	 0.5648
[2025/09/21 15:00:40] - ==> Building model..
[2025/09/21 15:01:18] - Test Loss 	 Test Acc 	 PGD Loss 	 PGD Acc
[2025/09/21 15:01:18] - 1.2259 	 	 0.7697 	 1.4047 	 0.5690
[2025/09/21 15:02:41] - 70 	 56.0 	 	 0.1000 	 1.8830 	 0.5637
[2025/09/21 15:02:41] - ==> Building model..
[2025/09/21 15:03:18] - Test Loss 	 Test Acc 	 PGD Loss 	 PGD Acc
[2025/09/21 15:03:18] - 1.2278 	 	 0.7687 	 1.4061 	 0.5689
[2025/09/21 15:04:40] - 71 	 54.8 	 	 0.1000 	 1.8835 	 0.5672
[2025/09/21 15:04:40] - ==> Building model..
[2025/09/21 15:05:19] - Test Loss 	 Test Acc 	 PGD Loss 	 PGD Acc
[2025/09/21 15:05:19] - 1.2295 	 	 0.7700 	 1.4076 	 0.5701
[2025/09/21 15:06:40] - 72 	 52.7 	 	 0.1000 	 1.8871 	 0.5665
[2025/09/21 15:06:40] - ==> Building model..
[2025/09/21 15:07:17] - Test Loss 	 Test Acc 	 PGD Loss 	 PGD Acc
[2025/09/21 15:07:17] - 1.2334 	 	 0.7694 	 1.4101 	 0.5690
[2025/09/21 15:08:40] - 73 	 55.0 	 	 0.1000 	 1.8874 	 0.5671
[2025/09/21 15:08:40] - ==> Building model..
[2025/09/21 15:09:17] - Test Loss 	 Test Acc 	 PGD Loss 	 PGD Acc
[2025/09/21 15:09:17] - 1.2373 	 	 0.7699 	 1.4128 	 0.5698
[2025/09/21 15:10:38] - 74 	 52.8 	 	 0.1000 	 1.8877 	 0.5691
[2025/09/21 15:10:38] - ==> Building model..
[2025/09/21 15:11:17] - Test Loss 	 Test Acc 	 PGD Loss 	 PGD Acc
[2025/09/21 15:11:17] - 1.2402 	 	 0.7681 	 1.4149 	 0.5717
[2025/09/21 15:12:36] - 75 	 50.8 	 	 0.1000 	 1.8903 	 0.5655
[2025/09/21 15:12:36] - ==> Building model..
[2025/09/21 15:13:16] - Test Loss 	 Test Acc 	 PGD Loss 	 PGD Acc
[2025/09/21 15:13:16] - 1.2446 	 	 0.7680 	 1.4182 	 0.5700
[2025/09/21 15:14:38] - 76 	 53.3 	 	 0.1000 	 1.8923 	 0.5650
[2025/09/21 15:14:38] - ==> Building model..
[2025/09/21 15:15:18] - Test Loss 	 Test Acc 	 PGD Loss 	 PGD Acc
[2025/09/21 15:15:18] - 1.2487 	 	 0.7665 	 1.4212 	 0.5721
[2025/09/21 15:16:38] - 77 	 52.6 	 	 0.1000 	 1.8919 	 0.5657
[2025/09/21 15:16:38] - ==> Building model..
[2025/09/21 15:17:16] - Test Loss 	 Test Acc 	 PGD Loss 	 PGD Acc
[2025/09/21 15:17:16] - 1.2510 	 	 0.7666 	 1.4230 	 0.5707
[2025/09/21 15:18:37] - 78 	 51.9 	 	 0.1000 	 1.8935 	 0.5678
[2025/09/21 15:18:37] - ==> Building model..
[2025/09/21 15:19:14] - Test Loss 	 Test Acc 	 PGD Loss 	 PGD Acc
[2025/09/21 15:19:14] - 1.2531 	 	 0.7654 	 1.4245 	 0.5695
[2025/09/21 15:20:35] - 79 	 53.9 	 	 0.1000 	 1.8937 	 0.5674
[2025/09/21 15:20:35] - ==> Building model..
[2025/09/21 15:21:14] - Test Loss 	 Test Acc 	 PGD Loss 	 PGD Acc
[2025/09/21 15:21:14] - 1.2557 	 	 0.7636 	 1.4263 	 0.5699
[2025/09/21 15:22:38] - 80 	 55.5 	 	 0.1000 	 1.8970 	 0.5670
[2025/09/21 15:22:38] - ==> Building model..
[2025/09/21 15:23:15] - Test Loss 	 Test Acc 	 PGD Loss 	 PGD Acc
[2025/09/21 15:23:15] - 1.2598 	 	 0.7627 	 1.4294 	 0.5696
[2025/09/21 15:24:37] - 81 	 54.9 	 	 0.1000 	 1.8963 	 0.5692
[2025/09/21 15:24:37] - ==> Building model..
[2025/09/21 15:25:08] - Test Loss 	 Test Acc 	 PGD Loss 	 PGD Acc
[2025/09/21 15:25:08] - 1.2618 	 	 0.7630 	 1.4309 	 0.5699
[2025/09/21 15:26:31] - 82 	 55.3 	 	 0.1000 	 1.8969 	 0.5657
[2025/09/21 15:26:31] - ==> Building model..
[2025/09/21 15:27:08] - Test Loss 	 Test Acc 	 PGD Loss 	 PGD Acc
[2025/09/21 15:27:08] - 1.2635 	 	 0.7642 	 1.4323 	 0.5711
[2025/09/21 15:28:31] - 83 	 55.1 	 	 0.1000 	 1.8979 	 0.5655
[2025/09/21 15:28:31] - ==> Building model..
[2025/09/21 15:29:08] - Test Loss 	 Test Acc 	 PGD Loss 	 PGD Acc
[2025/09/21 15:29:08] - 1.2661 	 	 0.7619 	 1.4338 	 0.5706
[2025/09/21 15:30:31] - 84 	 54.9 	 	 0.1000 	 1.8954 	 0.5634
[2025/09/21 15:30:31] - ==> Building model..
[2025/09/21 15:31:09] - Test Loss 	 Test Acc 	 PGD Loss 	 PGD Acc
[2025/09/21 15:31:09] - 1.2667 	 	 0.7625 	 1.4341 	 0.5712
[2025/09/21 15:32:14] - 85 	 34.7 	 	 0.1000 	 1.8963 	 0.5664
[2025/09/21 15:32:14] - ==> Building model..
[2025/09/21 15:32:36] - Test Loss 	 Test Acc 	 PGD Loss 	 PGD Acc
[2025/09/21 15:32:36] - 1.2675 	 	 0.7631 	 1.4346 	 0.5693
[2025/09/21 15:33:35] - 86 	 30.7 	 	 0.1000 	 1.8972 	 0.5644
[2025/09/21 15:33:35] - ==> Building model..
[2025/09/21 15:34:11] - Test Loss 	 Test Acc 	 PGD Loss 	 PGD Acc
[2025/09/21 15:34:11] - 1.2687 	 	 0.7618 	 1.4351 	 0.5696
[2025/09/21 15:35:33] - 87 	 54.5 	 	 0.1000 	 1.8960 	 0.5683
[2025/09/21 15:35:33] - ==> Building model..
[2025/09/21 15:36:09] - Test Loss 	 Test Acc 	 PGD Loss 	 PGD Acc
[2025/09/21 15:36:09] - 1.2664 	 	 0.7611 	 1.4333 	 0.5702
[2025/09/21 15:37:32] - 88 	 54.3 	 	 0.1000 	 1.8993 	 0.5628
[2025/09/21 15:37:32] - ==> Building model..
[2025/09/21 15:38:09] - Test Loss 	 Test Acc 	 PGD Loss 	 PGD Acc
[2025/09/21 15:38:09] - 1.2689 	 	 0.7604 	 1.4352 	 0.5712
[2025/09/21 15:39:32] - 89 	 54.0 	 	 0.1000 	 1.8952 	 0.5676
[2025/09/21 15:39:32] - ==> Building model..
[2025/09/21 15:40:08] - Test Loss 	 Test Acc 	 PGD Loss 	 PGD Acc
[2025/09/21 15:40:08] - 1.2674 	 	 0.7605 	 1.4342 	 0.5708
[2025/09/21 15:41:30] - 90 	 53.0 	 	 0.1000 	 1.8971 	 0.5663
[2025/09/21 15:41:30] - ==> Building model..
[2025/09/21 15:42:09] - Test Loss 	 Test Acc 	 PGD Loss 	 PGD Acc
[2025/09/21 15:42:09] - 1.2671 	 	 0.7614 	 1.4336 	 0.5721
[2025/09/21 15:43:29] - 91 	 51.8 	 	 0.1000 	 1.8974 	 0.5652
[2025/09/21 15:43:29] - ==> Building model..
[2025/09/21 15:44:09] - Test Loss 	 Test Acc 	 PGD Loss 	 PGD Acc
[2025/09/21 15:44:09] - 1.2662 	 	 0.7627 	 1.4327 	 0.5712
[2025/09/21 15:45:30] - 92 	 52.9 	 	 0.1000 	 1.8968 	 0.5654
[2025/09/21 15:45:30] - ==> Building model..
[2025/09/21 15:46:10] - Test Loss 	 Test Acc 	 PGD Loss 	 PGD Acc
[2025/09/21 15:46:10] - 1.2673 	 	 0.7611 	 1.4334 	 0.5717
[2025/09/21 15:47:33] - 93 	 52.2 	 	 0.1000 	 1.8962 	 0.5654
[2025/09/21 15:47:33] - ==> Building model..
[2025/09/21 15:48:11] - Test Loss 	 Test Acc 	 PGD Loss 	 PGD Acc
[2025/09/21 15:48:11] - 1.2661 	 	 0.7621 	 1.4328 	 0.5693
[2025/09/21 15:49:34] - 94 	 54.7 	 	 0.1000 	 1.8957 	 0.5678
[2025/09/21 15:49:34] - ==> Building model..
[2025/09/21 15:50:12] - Test Loss 	 Test Acc 	 PGD Loss 	 PGD Acc
[2025/09/21 15:50:12] - 1.2656 	 	 0.7620 	 1.4327 	 0.5703
[2025/09/21 15:51:36] - 95 	 55.2 	 	 0.1000 	 1.8942 	 0.5680
[2025/09/21 15:51:36] - ==> Building model..
[2025/09/21 15:52:14] - Test Loss 	 Test Acc 	 PGD Loss 	 PGD Acc
[2025/09/21 15:52:14] - 1.2647 	 	 0.7635 	 1.4321 	 0.5720
[2025/09/21 15:53:34] - 96 	 52.3 	 	 0.1000 	 1.8954 	 0.5676
[2025/09/21 15:53:34] - ==> Building model..
[2025/09/21 15:54:11] - Test Loss 	 Test Acc 	 PGD Loss 	 PGD Acc
[2025/09/21 15:54:11] - 1.2655 	 	 0.7617 	 1.4327 	 0.5701
[2025/09/21 15:55:35] - 97 	 55.2 	 	 0.1000 	 1.8949 	 0.5669
[2025/09/21 15:55:35] - ==> Building model..
[2025/09/21 15:56:11] - Test Loss 	 Test Acc 	 PGD Loss 	 PGD Acc
[2025/09/21 15:56:11] - 1.2645 	 	 0.7613 	 1.4318 	 0.5708
[2025/09/21 15:57:33] - 98 	 53.6 	 	 0.1000 	 1.8935 	 0.5699
[2025/09/21 15:57:33] - ==> Building model..
[2025/09/21 15:58:11] - Test Loss 	 Test Acc 	 PGD Loss 	 PGD Acc
[2025/09/21 15:58:11] - 1.2637 	 	 0.7613 	 1.4309 	 0.5701
[2025/09/21 15:59:32] - 99 	 52.9 	 	 0.1000 	 1.8945 	 0.5683
[2025/09/21 15:59:32] - ==> Building model..
[2025/09/21 16:00:09] - Test Loss 	 Test Acc 	 PGD Loss 	 PGD Acc
[2025/09/21 16:00:09] - 1.2634 	 	 0.7616 	 1.4302 	 0.5706
[2025/09/21 16:01:31] - 100 	 54.7 	 	 0.1000 	 1.8924 	 0.5698
[2025/09/21 16:01:31] - ==> Building model..
[2025/09/21 16:02:09] - Test Loss 	 Test Acc 	 PGD Loss 	 PGD Acc
[2025/09/21 16:02:09] - 1.2626 	 	 0.7612 	 1.4296 	 0.5691
[2025/09/21 16:03:32] - 101 	 55.0 	 	 0.1000 	 1.8946 	 0.5693
[2025/09/21 16:03:32] - ==> Building model..
[2025/09/21 16:04:07] - Test Loss 	 Test Acc 	 PGD Loss 	 PGD Acc
[2025/09/21 16:04:07] - 1.2638 	 	 0.7613 	 1.4304 	 0.5696
[2025/09/21 16:05:28] - 102 	 53.7 	 	 0.1000 	 1.8950 	 0.5679
[2025/09/21 16:05:28] - ==> Building model..
[2025/09/21 16:06:05] - Test Loss 	 Test Acc 	 PGD Loss 	 PGD Acc
[2025/09/21 16:06:05] - 1.2651 	 	 0.7622 	 1.4314 	 0.5708
[2025/09/21 16:07:28] - 103 	 54.2 	 	 0.1000 	 1.8942 	 0.5670
[2025/09/21 16:07:28] - ==> Building model..
[2025/09/21 16:08:05] - Test Loss 	 Test Acc 	 PGD Loss 	 PGD Acc
[2025/09/21 16:08:05] - 1.2645 	 	 0.7619 	 1.4316 	 0.5707
[2025/09/21 16:09:27] - 104 	 53.6 	 	 0.1000 	 1.8933 	 0.5710
[2025/09/21 16:09:27] - ==> Building model..
[2025/09/21 16:10:06] - Test Loss 	 Test Acc 	 PGD Loss 	 PGD Acc
[2025/09/21 16:10:06] - 1.2649 	 	 0.7618 	 1.4317 	 0.5711
[2025/09/21 16:11:28] - 105 	 53.4 	 	 0.1000 	 1.8948 	 0.5691
[2025/09/21 16:11:28] - ==> Building model..
[2025/09/21 16:12:04] - Test Loss 	 Test Acc 	 PGD Loss 	 PGD Acc
[2025/09/21 16:12:04] - 1.2647 	 	 0.7621 	 1.4316 	 0.5721
[2025/09/21 16:13:27] - 106 	 52.6 	 	 0.1000 	 1.8942 	 0.5690
[2025/09/21 16:13:27] - ==> Building model..
[2025/09/21 16:14:06] - Test Loss 	 Test Acc 	 PGD Loss 	 PGD Acc
[2025/09/21 16:14:06] - 1.2636 	 	 0.7622 	 1.4312 	 0.5723
[2025/09/21 16:15:29] - 107 	 54.0 	 	 0.1000 	 1.8926 	 0.5686
[2025/09/21 16:15:29] - ==> Building model..
[2025/09/21 16:16:07] - Test Loss 	 Test Acc 	 PGD Loss 	 PGD Acc
[2025/09/21 16:16:07] - 1.2635 	 	 0.7608 	 1.4306 	 0.5710
[2025/09/21 16:17:29] - 108 	 53.1 	 	 0.1000 	 1.8927 	 0.5723
[2025/09/21 16:17:29] - ==> Building model..
[2025/09/21 16:18:08] - Test Loss 	 Test Acc 	 PGD Loss 	 PGD Acc
[2025/09/21 16:18:08] - 1.2623 	 	 0.7617 	 1.4297 	 0.5724
[2025/09/21 16:19:28] - 109 	 51.6 	 	 0.0100 	 1.8423 	 0.6165
[2025/09/21 16:19:28] - ==> Building model..
[2025/09/21 16:20:04] - Test Loss 	 Test Acc 	 PGD Loss 	 PGD Acc
[2025/09/21 16:20:04] - 1.2491 	 	 0.7669 	 1.4207 	 0.5718
[2025/09/21 16:21:25] - 110 	 53.6 	 	 0.0100 	 1.7861 	 0.6664
[2025/09/21 16:21:25] - ==> Building model..
[2025/09/21 16:22:02] - Test Loss 	 Test Acc 	 PGD Loss 	 PGD Acc
[2025/09/21 16:22:02] - 1.2287 	 	 0.7748 	 1.4060 	 0.5731
[2025/09/21 16:23:22] - 111 	 52.9 	 	 0.0100 	 1.7718 	 0.6785
[2025/09/21 16:23:22] - ==> Building model..
[2025/09/21 16:24:00] - Test Loss 	 Test Acc 	 PGD Loss 	 PGD Acc
[2025/09/21 16:24:00] - 1.2145 	 	 0.7790 	 1.3963 	 0.5738
[2025/09/21 16:25:19] - 112 	 50.0 	 	 0.0100 	 1.7620 	 0.6867
[2025/09/21 16:25:19] - ==> Building model..
[2025/09/21 16:25:56] - Test Loss 	 Test Acc 	 PGD Loss 	 PGD Acc
[2025/09/21 16:25:56] - 1.2035 	 	 0.7846 	 1.3887 	 0.5753
[2025/09/21 16:27:17] - 113 	 53.2 	 	 0.0100 	 1.7550 	 0.6957
[2025/09/21 16:27:17] - ==> Building model..
[2025/09/21 16:27:53] - Test Loss 	 Test Acc 	 PGD Loss 	 PGD Acc
[2025/09/21 16:27:53] - 1.1966 	 	 0.7891 	 1.3844 	 0.5765
[2025/09/21 16:29:13] - 114 	 51.7 	 	 0.0010 	 1.7389 	 0.7085
[2025/09/21 16:29:13] - ==> Building model..
[2025/09/21 16:29:48] - Test Loss 	 Test Acc 	 PGD Loss 	 PGD Acc
[2025/09/21 16:29:48] - 1.1909 	 	 0.7919 	 1.3810 	 0.5789
[2025/09/21 16:31:05] - 115 	 50.3 	 	 0.0010 	 1.7260 	 0.7177
[2025/09/21 16:31:05] - ==> Building model..
[2025/09/21 16:31:42] - Test Loss 	 Test Acc 	 PGD Loss 	 PGD Acc
[2025/09/21 16:31:42] - 1.1841 	 	 0.7950 	 1.3768 	 0.5804
[2025/09/21 16:33:02] - 116 	 52.4 	 	 0.0010 	 1.7222 	 0.7206
[2025/09/21 16:33:02] - ==> Building model..
[2025/09/21 16:33:39] - Test Loss 	 Test Acc 	 PGD Loss 	 PGD Acc
[2025/09/21 16:33:39] - 1.1769 	 	 0.7973 	 1.3720 	 0.5809
[2025/09/21 16:34:59] - 117 	 52.4 	 	 0.0010 	 1.7190 	 0.7240
[2025/09/21 16:34:59] - ==> Building model..
[2025/09/21 16:35:36] - Test Loss 	 Test Acc 	 PGD Loss 	 PGD Acc
[2025/09/21 16:35:36] - 1.1694 	 	 0.8009 	 1.3671 	 0.5824
[2025/09/21 16:36:57] - 118 	 52.1 	 	 0.0010 	 1.7170 	 0.7256
[2025/09/21 16:36:57] - ==> Building model..
[2025/09/21 16:37:32] - Test Loss 	 Test Acc 	 PGD Loss 	 PGD Acc
[2025/09/21 16:37:32] - 1.1621 	 	 0.8031 	 1.3622 	 0.5825
[2025/09/21 16:38:54] - 119 	 52.0 	 	 0.0010 	 1.7142 	 0.7275
[2025/09/21 16:38:54] - ==> Building model..
[2025/09/21 16:39:31] - Test Loss 	 Test Acc 	 PGD Loss 	 PGD Acc
[2025/09/21 16:39:31] - 1.1547 	 	 0.8064 	 1.3571 	 0.5839
[2025/09/21 16:39:31] - [0.3881, 0.4544, 0.5071, 0.5498, 0.583, 0.6105, 0.6295, 0.6361, 0.6469, 0.6553, 0.6603, 0.6711, 0.6852, 0.6969, 0.7064, 0.7153, 0.7218, 0.7279, 0.7295, 0.7336, 0.7373, 0.7401, 0.7434, 0.7436, 0.7451, 0.7485, 0.7494, 0.7506, 0.7526, 0.7547, 0.7541, 0.7552, 0.7558, 0.7576, 0.7605, 0.7618, 0.7627, 0.7642, 0.7639, 0.7647, 0.7665, 0.7668, 0.7667, 0.7671, 0.7686, 0.7682, 0.7694, 0.7682, 0.7694, 0.7704, 0.7728, 0.7742, 0.7748, 0.7736, 0.7737, 0.775, 0.7749, 0.7752, 0.7754, 0.7737, 0.7732, 0.7729, 0.7732, 0.773, 0.7726, 0.7729, 0.7733, 0.771, 0.7694, 0.7697, 0.7687, 0.77, 0.7694, 0.7699, 0.7681, 0.768, 0.7665, 0.7666, 0.7654, 0.7636, 0.7627, 0.763, 0.7642, 0.7619, 0.7625, 0.7631, 0.7618, 0.7611, 0.7604, 0.7605, 0.7614, 0.7627, 0.7611, 0.7621, 0.762, 0.7635, 0.7617, 0.7613, 0.7613, 0.7616, 0.7612, 0.7613, 0.7622, 0.7619, 0.7618, 0.7621, 0.7622, 0.7608, 0.7617, 0.7669, 0.7748, 0.779, 0.7846, 0.7891, 0.7919, 0.795, 0.7973, 0.8009, 0.8031, 0.8064]
[2025/09/21 16:39:31] - [0.2751, 0.3154, 0.3368, 0.366, 0.3877, 0.4102, 0.4309, 0.4454, 0.4537, 0.4633, 0.4691, 0.4778, 0.4873, 0.4962, 0.501, 0.5063, 0.5111, 0.5154, 0.5177, 0.5207, 0.524, 0.5258, 0.5267, 0.5293, 0.5299, 0.5316, 0.5353, 0.5381, 0.5378, 0.5396, 0.5426, 0.5422, 0.5438, 0.5449, 0.5451, 0.5458, 0.5467, 0.5474, 0.5476, 0.5487, 0.5498, 0.5539, 0.5532, 0.553, 0.555, 0.5555, 0.5558, 0.5588, 0.5581, 0.5569, 0.5603, 0.5583, 0.5578, 0.5597, 0.5597, 0.5616, 0.5591, 0.561, 0.5612, 0.5617, 0.5637, 0.5637, 0.5645, 0.5632, 0.5659, 0.5664, 0.5676, 0.5672, 0.5695, 0.569, 0.5689, 0.5701, 0.569, 0.5698, 0.5717, 0.57, 0.5721, 0.5707, 0.5695, 0.5699, 0.5696, 0.5699, 0.5711, 0.5706, 0.5712, 0.5693, 0.5696, 0.5702, 0.5712, 0.5708, 0.5721, 0.5712, 0.5717, 0.5693, 0.5703, 0.572, 0.5701, 0.5708, 0.5701, 0.5706, 0.5691, 0.5696, 0.5708, 0.5707, 0.5711, 0.5721, 0.5723, 0.571, 0.5724, 0.5718, 0.5731, 0.5738, 0.5753, 0.5765, 0.5789, 0.5804, 0.5809, 0.5824, 0.5825, 0.5839]
