[2025/10/19 08:40:55] - Namespace(batch_size=128, data_dir='cifar-data', epochs=110, lr_schedule='multistep', lr_min=0.0, lr_max=0.2, weight_decay=0.0005, momentum=0.9, model='ResNet18', epsilon=8, alpha=8, delta_init='random', normal_mean=0, normal_std=1, out_dir='runs/beta_0.4/lam_44/lscale_0.11/seed_0', seed=0, lamda=44.0, lam_scale=0.11, lam_start=50, gamma=0.05, inner_gamma=0.05, beta=0.4, mu=3.5, batch_m=0.75, early_stop=False, factor=0.5, length=4, n_holes=1, c_num=0.125, EMA_value=0.55)
[2025/10/19 08:41:00] - ==> Building model..
[2025/10/19 08:41:00] - Epoch 	 Seconds 	 LR 	 	 Train Loss 	 Train Acc
[2025/10/19 08:41:53] - 0 	 28.8 	 	 0.2000 	 4.5676 	 0.0409
[2025/10/19 08:41:53] - ==> Building model..
[2025/10/19 08:42:18] - Test Loss 	 Test Acc 	 PGD Loss 	 PGD Acc
[2025/10/19 08:42:18] - 4.2449 	 	 0.0830 	 4.2570 	 0.0575
[2025/10/19 08:43:11] - 1 	 28.0 	 	 0.2000 	 4.4547 	 0.0815
[2025/10/19 08:43:11] - ==> Building model..
[2025/10/19 08:43:36] - Test Loss 	 Test Acc 	 PGD Loss 	 PGD Acc
[2025/10/19 08:43:36] - 4.0562 	 	 0.1403 	 4.0840 	 0.0924
[2025/10/19 08:44:28] - 2 	 27.2 	 	 0.2000 	 4.4028 	 0.1057
[2025/10/19 08:44:28] - ==> Building model..
[2025/10/19 08:44:53] - Test Loss 	 Test Acc 	 PGD Loss 	 PGD Acc
[2025/10/19 08:44:53] - 3.9047 	 	 0.1869 	 3.9498 	 0.1164
[2025/10/19 08:45:43] - 3 	 26.0 	 	 0.2000 	 4.3549 	 0.1294
[2025/10/19 08:45:43] - ==> Building model..
[2025/10/19 08:46:07] - Test Loss 	 Test Acc 	 PGD Loss 	 PGD Acc
[2025/10/19 08:46:07] - 3.7176 	 	 0.2388 	 3.7884 	 0.1416
[2025/10/19 08:47:00] - 4 	 28.0 	 	 0.2000 	 4.3107 	 0.1524
[2025/10/19 08:47:00] - ==> Building model..
[2025/10/19 08:47:24] - Test Loss 	 Test Acc 	 PGD Loss 	 PGD Acc
[2025/10/19 08:47:24] - 3.5784 	 	 0.2763 	 3.6734 	 0.1647
[2025/10/19 08:48:18] - 5 	 29.0 	 	 0.2000 	 4.2727 	 0.1711
[2025/10/19 08:48:18] - ==> Building model..
[2025/10/19 08:48:42] - Test Loss 	 Test Acc 	 PGD Loss 	 PGD Acc
[2025/10/19 08:48:42] - 3.3926 	 	 0.3128 	 3.5143 	 0.1823
[2025/10/19 08:49:35] - 6 	 28.4 	 	 0.2000 	 4.2424 	 0.1899
[2025/10/19 08:49:35] - ==> Building model..
[2025/10/19 08:50:00] - Test Loss 	 Test Acc 	 PGD Loss 	 PGD Acc
[2025/10/19 08:50:00] - 3.1873 	 	 0.3538 	 3.3413 	 0.1979
[2025/10/19 08:50:52] - 7 	 28.2 	 	 0.2000 	 4.2212 	 0.2002
[2025/10/19 08:50:52] - ==> Building model..
[2025/10/19 08:51:16] - Test Loss 	 Test Acc 	 PGD Loss 	 PGD Acc
[2025/10/19 08:51:16] - 3.0568 	 	 0.3861 	 3.2371 	 0.2086
[2025/10/19 08:52:09] - 8 	 28.2 	 	 0.2000 	 4.2026 	 0.2095
[2025/10/19 08:52:09] - ==> Building model..
[2025/10/19 08:52:32] - Test Loss 	 Test Acc 	 PGD Loss 	 PGD Acc
[2025/10/19 08:52:32] - 2.9660 	 	 0.4043 	 3.1657 	 0.2184
[2025/10/19 08:53:25] - 9 	 28.2 	 	 0.2000 	 4.1881 	 0.2185
[2025/10/19 08:53:25] - ==> Building model..
[2025/10/19 08:53:49] - Test Loss 	 Test Acc 	 PGD Loss 	 PGD Acc
[2025/10/19 08:53:49] - 2.9033 	 	 0.4201 	 3.1181 	 0.2261
[2025/10/19 08:54:42] - 10 	 28.3 	 	 0.2000 	 4.1764 	 0.2261
[2025/10/19 08:54:42] - ==> Building model..
[2025/10/19 08:55:07] - Test Loss 	 Test Acc 	 PGD Loss 	 PGD Acc
[2025/10/19 08:55:07] - 2.8538 	 	 0.4306 	 3.0806 	 0.2322
[2025/10/19 08:56:00] - 11 	 28.8 	 	 0.2000 	 4.1683 	 0.2301
[2025/10/19 08:56:00] - ==> Building model..
[2025/10/19 08:56:25] - Test Loss 	 Test Acc 	 PGD Loss 	 PGD Acc
[2025/10/19 08:56:25] - 2.8196 	 	 0.4375 	 3.0527 	 0.2362
[2025/10/19 08:57:17] - 12 	 28.5 	 	 0.2000 	 4.1594 	 0.2347
[2025/10/19 08:57:17] - ==> Building model..
[2025/10/19 08:57:42] - Test Loss 	 Test Acc 	 PGD Loss 	 PGD Acc
[2025/10/19 08:57:42] - 2.7845 	 	 0.4440 	 3.0255 	 0.2389
[2025/10/19 08:58:34] - 13 	 28.2 	 	 0.2000 	 4.1560 	 0.2368
[2025/10/19 08:58:34] - ==> Building model..
[2025/10/19 08:58:59] - Test Loss 	 Test Acc 	 PGD Loss 	 PGD Acc
[2025/10/19 08:58:59] - 2.7625 	 	 0.4521 	 3.0085 	 0.2435
[2025/10/19 08:59:52] - 14 	 28.4 	 	 0.2000 	 4.1502 	 0.2398
[2025/10/19 08:59:52] - ==> Building model..
[2025/10/19 09:00:17] - Test Loss 	 Test Acc 	 PGD Loss 	 PGD Acc
[2025/10/19 09:00:17] - 2.7428 	 	 0.4586 	 2.9957 	 0.2469
[2025/10/19 09:01:10] - 15 	 28.0 	 	 0.2000 	 4.1434 	 0.2443
[2025/10/19 09:01:10] - ==> Building model..
[2025/10/19 09:01:34] - Test Loss 	 Test Acc 	 PGD Loss 	 PGD Acc
[2025/10/19 09:01:34] - 2.7217 	 	 0.4636 	 2.9789 	 0.2511
[2025/10/19 09:02:28] - 16 	 28.2 	 	 0.2000 	 4.1383 	 0.2467
[2025/10/19 09:02:28] - ==> Building model..
[2025/10/19 09:02:53] - Test Loss 	 Test Acc 	 PGD Loss 	 PGD Acc
[2025/10/19 09:02:53] - 2.7036 	 	 0.4688 	 2.9642 	 0.2522
[2025/10/19 09:03:47] - 17 	 28.3 	 	 0.2000 	 4.1375 	 0.2469
[2025/10/19 09:03:47] - ==> Building model..
[2025/10/19 09:04:10] - Test Loss 	 Test Acc 	 PGD Loss 	 PGD Acc
[2025/10/19 09:04:10] - 2.6911 	 	 0.4716 	 2.9559 	 0.2530
[2025/10/19 09:05:02] - 18 	 27.8 	 	 0.2000 	 4.1307 	 0.2516
[2025/10/19 09:05:02] - ==> Building model..
[2025/10/19 09:05:26] - Test Loss 	 Test Acc 	 PGD Loss 	 PGD Acc
[2025/10/19 09:05:26] - 2.6751 	 	 0.4754 	 2.9443 	 0.2556
[2025/10/19 09:06:21] - 19 	 28.8 	 	 0.2000 	 4.1274 	 0.2550
[2025/10/19 09:06:21] - ==> Building model..
[2025/10/19 09:06:45] - Test Loss 	 Test Acc 	 PGD Loss 	 PGD Acc
[2025/10/19 09:06:45] - 2.6621 	 	 0.4778 	 2.9337 	 0.2584
[2025/10/19 09:07:38] - 20 	 28.4 	 	 0.2000 	 4.1256 	 0.2558
[2025/10/19 09:07:38] - ==> Building model..
[2025/10/19 09:08:01] - Test Loss 	 Test Acc 	 PGD Loss 	 PGD Acc
[2025/10/19 09:08:01] - 2.6525 	 	 0.4802 	 2.9269 	 0.2557
[2025/10/19 09:08:52] - 21 	 28.0 	 	 0.2000 	 4.1215 	 0.2567
[2025/10/19 09:08:52] - ==> Building model..
[2025/10/19 09:09:16] - Test Loss 	 Test Acc 	 PGD Loss 	 PGD Acc
[2025/10/19 09:09:16] - 2.6459 	 	 0.4830 	 2.9224 	 0.2570
[2025/10/19 09:10:08] - 22 	 28.1 	 	 0.2000 	 4.1212 	 0.2582
[2025/10/19 09:10:08] - ==> Building model..
[2025/10/19 09:10:31] - Test Loss 	 Test Acc 	 PGD Loss 	 PGD Acc
[2025/10/19 09:10:31] - 2.6367 	 	 0.4851 	 2.9157 	 0.2589
[2025/10/19 09:11:23] - 23 	 28.0 	 	 0.2000 	 4.1198 	 0.2563
[2025/10/19 09:11:23] - ==> Building model..
[2025/10/19 09:11:46] - Test Loss 	 Test Acc 	 PGD Loss 	 PGD Acc
[2025/10/19 09:11:46] - 2.6308 	 	 0.4849 	 2.9102 	 0.2610
[2025/10/19 09:12:39] - 24 	 28.9 	 	 0.2000 	 4.1164 	 0.2600
[2025/10/19 09:12:39] - ==> Building model..
[2025/10/19 09:13:03] - Test Loss 	 Test Acc 	 PGD Loss 	 PGD Acc
[2025/10/19 09:13:03] - 2.6308 	 	 0.4859 	 2.9101 	 0.2608
[2025/10/19 09:13:53] - 25 	 27.7 	 	 0.2000 	 4.1137 	 0.2628
[2025/10/19 09:13:53] - ==> Building model..
[2025/10/19 09:14:16] - Test Loss 	 Test Acc 	 PGD Loss 	 PGD Acc
[2025/10/19 09:14:16] - 2.6224 	 	 0.4880 	 2.9039 	 0.2622
[2025/10/19 09:15:10] - 26 	 29.1 	 	 0.2000 	 4.1109 	 0.2633
[2025/10/19 09:15:10] - ==> Building model..
[2025/10/19 09:15:33] - Test Loss 	 Test Acc 	 PGD Loss 	 PGD Acc
[2025/10/19 09:15:33] - 2.6097 	 	 0.4928 	 2.8944 	 0.2642
[2025/10/19 09:16:24] - 27 	 27.8 	 	 0.2000 	 4.1108 	 0.2644
[2025/10/19 09:16:24] - ==> Building model..
[2025/10/19 09:16:49] - Test Loss 	 Test Acc 	 PGD Loss 	 PGD Acc
[2025/10/19 09:16:49] - 2.6042 	 	 0.4956 	 2.8908 	 0.2649
[2025/10/19 09:17:40] - 28 	 27.9 	 	 0.2000 	 4.1096 	 0.2633
[2025/10/19 09:17:40] - ==> Building model..
[2025/10/19 09:18:04] - Test Loss 	 Test Acc 	 PGD Loss 	 PGD Acc
[2025/10/19 09:18:04] - 2.6014 	 	 0.4957 	 2.8895 	 0.2665
[2025/10/19 09:18:56] - 29 	 28.4 	 	 0.2000 	 4.1073 	 0.2686
[2025/10/19 09:18:56] - ==> Building model..
[2025/10/19 09:19:20] - Test Loss 	 Test Acc 	 PGD Loss 	 PGD Acc
[2025/10/19 09:19:20] - 2.5953 	 	 0.4968 	 2.8852 	 0.2666
[2025/10/19 09:20:13] - 30 	 29.3 	 	 0.2000 	 4.1085 	 0.2646
[2025/10/19 09:20:13] - ==> Building model..
[2025/10/19 09:20:37] - Test Loss 	 Test Acc 	 PGD Loss 	 PGD Acc
[2025/10/19 09:20:37] - 2.5940 	 	 0.4980 	 2.8836 	 0.2697
[2025/10/19 09:21:30] - 31 	 28.5 	 	 0.2000 	 4.1050 	 0.2685
[2025/10/19 09:21:30] - ==> Building model..
[2025/10/19 09:21:54] - Test Loss 	 Test Acc 	 PGD Loss 	 PGD Acc
[2025/10/19 09:21:54] - 2.5912 	 	 0.4973 	 2.8821 	 0.2684
[2025/10/19 09:22:46] - 32 	 29.6 	 	 0.2000 	 4.1046 	 0.2668
[2025/10/19 09:22:46] - ==> Building model..
[2025/10/19 09:23:10] - Test Loss 	 Test Acc 	 PGD Loss 	 PGD Acc
[2025/10/19 09:23:10] - 2.5889 	 	 0.4973 	 2.8797 	 0.2709
[2025/10/19 09:24:02] - 33 	 28.6 	 	 0.2000 	 4.1034 	 0.2683
[2025/10/19 09:24:02] - ==> Building model..
[2025/10/19 09:24:25] - Test Loss 	 Test Acc 	 PGD Loss 	 PGD Acc
[2025/10/19 09:24:25] - 2.5832 	 	 0.4999 	 2.8749 	 0.2707
[2025/10/19 09:25:16] - 34 	 28.2 	 	 0.2000 	 4.1038 	 0.2670
[2025/10/19 09:25:16] - ==> Building model..
[2025/10/19 09:25:40] - Test Loss 	 Test Acc 	 PGD Loss 	 PGD Acc
[2025/10/19 09:25:40] - 2.5799 	 	 0.4985 	 2.8720 	 0.2717
[2025/10/19 09:26:31] - 35 	 27.9 	 	 0.2000 	 4.0993 	 0.2733
[2025/10/19 09:26:31] - ==> Building model..
[2025/10/19 09:26:55] - Test Loss 	 Test Acc 	 PGD Loss 	 PGD Acc
[2025/10/19 09:26:55] - 2.5811 	 	 0.4992 	 2.8732 	 0.2711
[2025/10/19 09:27:47] - 36 	 28.8 	 	 0.2000 	 4.1000 	 0.2706
[2025/10/19 09:27:47] - ==> Building model..
[2025/10/19 09:28:11] - Test Loss 	 Test Acc 	 PGD Loss 	 PGD Acc
[2025/10/19 09:28:11] - 2.5787 	 	 0.5006 	 2.8717 	 0.2717
[2025/10/19 09:29:03] - 37 	 28.7 	 	 0.2000 	 4.0997 	 0.2705
[2025/10/19 09:29:03] - ==> Building model..
[2025/10/19 09:29:26] - Test Loss 	 Test Acc 	 PGD Loss 	 PGD Acc
[2025/10/19 09:29:26] - 2.5744 	 	 0.5018 	 2.8684 	 0.2738
[2025/10/19 09:30:19] - 38 	 29.1 	 	 0.2000 	 4.0977 	 0.2719
[2025/10/19 09:30:19] - ==> Building model..
[2025/10/19 09:30:43] - Test Loss 	 Test Acc 	 PGD Loss 	 PGD Acc
[2025/10/19 09:30:43] - 2.5720 	 	 0.5032 	 2.8671 	 0.2743
[2025/10/19 09:31:35] - 39 	 29.2 	 	 0.2000 	 4.0971 	 0.2705
[2025/10/19 09:31:35] - ==> Building model..
[2025/10/19 09:31:58] - Test Loss 	 Test Acc 	 PGD Loss 	 PGD Acc
[2025/10/19 09:31:58] - 2.5680 	 	 0.5036 	 2.8633 	 0.2748
[2025/10/19 09:32:51] - 40 	 28.8 	 	 0.2000 	 4.0972 	 0.2741
[2025/10/19 09:32:51] - ==> Building model..
[2025/10/19 09:33:16] - Test Loss 	 Test Acc 	 PGD Loss 	 PGD Acc
[2025/10/19 09:33:16] - 2.5672 	 	 0.5053 	 2.8634 	 0.2747
[2025/10/19 09:34:10] - 41 	 29.6 	 	 0.2000 	 4.0975 	 0.2706
[2025/10/19 09:34:10] - ==> Building model..
[2025/10/19 09:34:34] - Test Loss 	 Test Acc 	 PGD Loss 	 PGD Acc
[2025/10/19 09:34:34] - 2.5655 	 	 0.5066 	 2.8625 	 0.2743
[2025/10/19 09:35:28] - 42 	 29.8 	 	 0.2000 	 4.0982 	 0.2715
[2025/10/19 09:35:28] - ==> Building model..
[2025/10/19 09:35:52] - Test Loss 	 Test Acc 	 PGD Loss 	 PGD Acc
[2025/10/19 09:35:52] - 2.5676 	 	 0.5061 	 2.8645 	 0.2752
[2025/10/19 09:36:47] - 43 	 29.8 	 	 0.2000 	 4.0960 	 0.2736
[2025/10/19 09:36:47] - ==> Building model..
[2025/10/19 09:37:11] - Test Loss 	 Test Acc 	 PGD Loss 	 PGD Acc
[2025/10/19 09:37:11] - 2.5678 	 	 0.5086 	 2.8649 	 0.2760
[2025/10/19 09:38:05] - 44 	 29.3 	 	 0.2000 	 4.0964 	 0.2730
[2025/10/19 09:38:05] - ==> Building model..
[2025/10/19 09:38:30] - Test Loss 	 Test Acc 	 PGD Loss 	 PGD Acc
[2025/10/19 09:38:30] - 2.5643 	 	 0.5093 	 2.8630 	 0.2772
[2025/10/19 09:39:22] - 45 	 28.5 	 	 0.2000 	 4.0937 	 0.2745
[2025/10/19 09:39:22] - ==> Building model..
[2025/10/19 09:39:46] - Test Loss 	 Test Acc 	 PGD Loss 	 PGD Acc
[2025/10/19 09:39:46] - 2.5631 	 	 0.5089 	 2.8618 	 0.2753
[2025/10/19 09:40:38] - 46 	 28.5 	 	 0.2000 	 4.0918 	 0.2735
[2025/10/19 09:40:38] - ==> Building model..
[2025/10/19 09:41:03] - Test Loss 	 Test Acc 	 PGD Loss 	 PGD Acc
[2025/10/19 09:41:03] - 2.5607 	 	 0.5109 	 2.8600 	 0.2772
[2025/10/19 09:41:54] - 47 	 28.1 	 	 0.2000 	 4.0939 	 0.2738
[2025/10/19 09:41:54] - ==> Building model..
[2025/10/19 09:42:18] - Test Loss 	 Test Acc 	 PGD Loss 	 PGD Acc
[2025/10/19 09:42:18] - 2.5574 	 	 0.5096 	 2.8570 	 0.2775
[2025/10/19 09:43:09] - 48 	 28.5 	 	 0.2000 	 4.0910 	 0.2775
[2025/10/19 09:43:09] - ==> Building model..
[2025/10/19 09:43:34] - Test Loss 	 Test Acc 	 PGD Loss 	 PGD Acc
[2025/10/19 09:43:34] - 2.5557 	 	 0.5110 	 2.8559 	 0.2784
[2025/10/19 09:44:25] - 49 	 28.4 	 	 0.2000 	 4.0909 	 0.2764
[2025/10/19 09:44:25] - ==> Building model..
[2025/10/19 09:44:50] - Test Loss 	 Test Acc 	 PGD Loss 	 PGD Acc
[2025/10/19 09:44:50] - 2.5580 	 	 0.5108 	 2.8581 	 0.2782
[2025/10/19 09:45:41] - 50 	 29.1 	 	 0.2000 	 4.0900 	 0.2748
[2025/10/19 09:45:41] - ==> Building model..
[2025/10/19 09:46:05] - Test Loss 	 Test Acc 	 PGD Loss 	 PGD Acc
[2025/10/19 09:46:05] - 2.5571 	 	 0.5119 	 2.8579 	 0.2780
[2025/10/19 09:46:58] - 51 	 29.6 	 	 0.2000 	 4.0915 	 0.2726
[2025/10/19 09:46:58] - ==> Building model..
[2025/10/19 09:47:21] - Test Loss 	 Test Acc 	 PGD Loss 	 PGD Acc
[2025/10/19 09:47:21] - 2.5589 	 	 0.5132 	 2.8598 	 0.2784
[2025/10/19 09:48:13] - 52 	 29.2 	 	 0.2000 	 4.0918 	 0.2753
[2025/10/19 09:48:13] - ==> Building model..
[2025/10/19 09:48:38] - Test Loss 	 Test Acc 	 PGD Loss 	 PGD Acc
[2025/10/19 09:48:38] - 2.5596 	 	 0.5152 	 2.8605 	 0.2788
[2025/10/19 09:49:29] - 53 	 28.0 	 	 0.2000 	 4.0902 	 0.2781
[2025/10/19 09:49:29] - ==> Building model..
[2025/10/19 09:49:53] - Test Loss 	 Test Acc 	 PGD Loss 	 PGD Acc
[2025/10/19 09:49:53] - 2.5577 	 	 0.5159 	 2.8591 	 0.2787
[2025/10/19 09:50:46] - 54 	 28.8 	 	 0.2000 	 4.0934 	 0.2764
[2025/10/19 09:50:46] - ==> Building model..
[2025/10/19 09:51:10] - Test Loss 	 Test Acc 	 PGD Loss 	 PGD Acc
[2025/10/19 09:51:10] - 2.5579 	 	 0.5159 	 2.8592 	 0.2788
[2025/10/19 09:52:01] - 55 	 29.2 	 	 0.2000 	 4.0932 	 0.2768
[2025/10/19 09:52:01] - ==> Building model..
[2025/10/19 09:52:26] - Test Loss 	 Test Acc 	 PGD Loss 	 PGD Acc
[2025/10/19 09:52:26] - 2.5587 	 	 0.5161 	 2.8598 	 0.2796
[2025/10/19 09:53:19] - 56 	 29.6 	 	 0.2000 	 4.0943 	 0.2752
[2025/10/19 09:53:19] - ==> Building model..
[2025/10/19 09:53:44] - Test Loss 	 Test Acc 	 PGD Loss 	 PGD Acc
[2025/10/19 09:53:44] - 2.5628 	 	 0.5170 	 2.8631 	 0.2793
[2025/10/19 09:54:34] - 57 	 28.5 	 	 0.2000 	 4.0950 	 0.2773
[2025/10/19 09:54:34] - ==> Building model..
[2025/10/19 09:54:58] - Test Loss 	 Test Acc 	 PGD Loss 	 PGD Acc
[2025/10/19 09:54:58] - 2.5643 	 	 0.5178 	 2.8647 	 0.2793
[2025/10/19 09:55:50] - 58 	 29.0 	 	 0.2000 	 4.0945 	 0.2772
[2025/10/19 09:55:50] - ==> Building model..
[2025/10/19 09:56:14] - Test Loss 	 Test Acc 	 PGD Loss 	 PGD Acc
[2025/10/19 09:56:14] - 2.5689 	 	 0.5170 	 2.8676 	 0.2793
[2025/10/19 09:57:07] - 59 	 29.7 	 	 0.2000 	 4.0962 	 0.2778
[2025/10/19 09:57:07] - ==> Building model..
[2025/10/19 09:57:31] - Test Loss 	 Test Acc 	 PGD Loss 	 PGD Acc
[2025/10/19 09:57:31] - 2.5721 	 	 0.5173 	 2.8696 	 0.2812
[2025/10/19 09:58:23] - 60 	 29.2 	 	 0.2000 	 4.0938 	 0.2808
[2025/10/19 09:58:23] - ==> Building model..
[2025/10/19 09:58:47] - Test Loss 	 Test Acc 	 PGD Loss 	 PGD Acc
[2025/10/19 09:58:47] - 2.5766 	 	 0.5170 	 2.8732 	 0.2818
[2025/10/19 09:59:39] - 61 	 29.2 	 	 0.2000 	 4.0952 	 0.2767
[2025/10/19 09:59:39] - ==> Building model..
[2025/10/19 10:00:03] - Test Loss 	 Test Acc 	 PGD Loss 	 PGD Acc
[2025/10/19 10:00:03] - 2.5801 	 	 0.5172 	 2.8752 	 0.2810
[2025/10/19 10:00:54] - 62 	 28.6 	 	 0.2000 	 4.0967 	 0.2757
[2025/10/19 10:00:54] - ==> Building model..
[2025/10/19 10:01:19] - Test Loss 	 Test Acc 	 PGD Loss 	 PGD Acc
[2025/10/19 10:01:19] - 2.5863 	 	 0.5159 	 2.8798 	 0.2816
[2025/10/19 10:02:08] - 63 	 28.2 	 	 0.2000 	 4.0969 	 0.2764
[2025/10/19 10:02:08] - ==> Building model..
[2025/10/19 10:02:32] - Test Loss 	 Test Acc 	 PGD Loss 	 PGD Acc
[2025/10/19 10:02:32] - 2.5881 	 	 0.5152 	 2.8804 	 0.2797
[2025/10/19 10:03:23] - 64 	 28.7 	 	 0.2000 	 4.0940 	 0.2798
[2025/10/19 10:03:23] - ==> Building model..
[2025/10/19 10:03:48] - Test Loss 	 Test Acc 	 PGD Loss 	 PGD Acc
[2025/10/19 10:03:48] - 2.5907 	 	 0.5159 	 2.8821 	 0.2805
[2025/10/19 10:04:39] - 65 	 28.1 	 	 0.2000 	 4.0949 	 0.2773
[2025/10/19 10:04:39] - ==> Building model..
[2025/10/19 10:05:04] - Test Loss 	 Test Acc 	 PGD Loss 	 PGD Acc
[2025/10/19 10:05:04] - 2.5956 	 	 0.5175 	 2.8861 	 0.2796
[2025/10/19 10:05:56] - 66 	 28.8 	 	 0.2000 	 4.0948 	 0.2760
[2025/10/19 10:05:56] - ==> Building model..
[2025/10/19 10:06:20] - Test Loss 	 Test Acc 	 PGD Loss 	 PGD Acc
[2025/10/19 10:06:20] - 2.5973 	 	 0.5172 	 2.8876 	 0.2801
[2025/10/19 10:07:11] - 67 	 28.9 	 	 0.2000 	 4.0953 	 0.2773
[2025/10/19 10:07:11] - ==> Building model..
[2025/10/19 10:07:35] - Test Loss 	 Test Acc 	 PGD Loss 	 PGD Acc
[2025/10/19 10:07:35] - 2.5982 	 	 0.5170 	 2.8878 	 0.2814
[2025/10/19 10:08:26] - 68 	 29.1 	 	 0.2000 	 4.0941 	 0.2765
[2025/10/19 10:08:26] - ==> Building model..
[2025/10/19 10:08:50] - Test Loss 	 Test Acc 	 PGD Loss 	 PGD Acc
[2025/10/19 10:08:50] - 2.6010 	 	 0.5161 	 2.8897 	 0.2805
[2025/10/19 10:09:43] - 69 	 29.4 	 	 0.2000 	 4.0948 	 0.2779
[2025/10/19 10:09:43] - ==> Building model..
[2025/10/19 10:10:07] - Test Loss 	 Test Acc 	 PGD Loss 	 PGD Acc
[2025/10/19 10:10:07] - 2.6013 	 	 0.5161 	 2.8897 	 0.2798
[2025/10/19 10:11:00] - 70 	 29.3 	 	 0.2000 	 4.0957 	 0.2780
[2025/10/19 10:11:00] - ==> Building model..
[2025/10/19 10:11:23] - Test Loss 	 Test Acc 	 PGD Loss 	 PGD Acc
[2025/10/19 10:11:23] - 2.6048 	 	 0.5159 	 2.8929 	 0.2809
[2025/10/19 10:12:11] - 71 	 25.8 	 	 0.2000 	 4.0941 	 0.2781
[2025/10/19 10:12:11] - ==> Building model..
[2025/10/19 10:12:35] - Test Loss 	 Test Acc 	 PGD Loss 	 PGD Acc
[2025/10/19 10:12:35] - 2.6105 	 	 0.5148 	 2.8969 	 0.2810
[2025/10/19 10:13:27] - 72 	 29.2 	 	 0.2000 	 4.0942 	 0.2768
[2025/10/19 10:13:27] - ==> Building model..
[2025/10/19 10:13:52] - Test Loss 	 Test Acc 	 PGD Loss 	 PGD Acc
[2025/10/19 10:13:52] - 2.6118 	 	 0.5161 	 2.8983 	 0.2809
[2025/10/19 10:14:43] - 73 	 29.1 	 	 0.2000 	 4.0935 	 0.2759
[2025/10/19 10:14:43] - ==> Building model..
[2025/10/19 10:15:07] - Test Loss 	 Test Acc 	 PGD Loss 	 PGD Acc
[2025/10/19 10:15:07] - 2.6129 	 	 0.5164 	 2.8994 	 0.2824
[2025/10/19 10:15:58] - 74 	 27.7 	 	 0.2000 	 4.0941 	 0.2791
[2025/10/19 10:15:58] - ==> Building model..
[2025/10/19 10:16:21] - Test Loss 	 Test Acc 	 PGD Loss 	 PGD Acc
[2025/10/19 10:16:21] - 2.6130 	 	 0.5167 	 2.8984 	 0.2819
[2025/10/19 10:17:14] - 75 	 29.5 	 	 0.2000 	 4.0939 	 0.2786
[2025/10/19 10:17:14] - ==> Building model..
[2025/10/19 10:17:37] - Test Loss 	 Test Acc 	 PGD Loss 	 PGD Acc
[2025/10/19 10:17:37] - 2.6146 	 	 0.5158 	 2.8999 	 0.2818
[2025/10/19 10:18:28] - 76 	 28.9 	 	 0.2000 	 4.0931 	 0.2789
[2025/10/19 10:18:28] - ==> Building model..
[2025/10/19 10:18:52] - Test Loss 	 Test Acc 	 PGD Loss 	 PGD Acc
[2025/10/19 10:18:52] - 2.6171 	 	 0.5147 	 2.9015 	 0.2809
[2025/10/19 10:19:43] - 77 	 28.2 	 	 0.2000 	 4.0932 	 0.2784
[2025/10/19 10:19:43] - ==> Building model..
[2025/10/19 10:20:07] - Test Loss 	 Test Acc 	 PGD Loss 	 PGD Acc
[2025/10/19 10:20:07] - 2.6181 	 	 0.5134 	 2.9022 	 0.2810
[2025/10/19 10:21:00] - 78 	 29.8 	 	 0.2000 	 4.0935 	 0.2775
[2025/10/19 10:21:00] - ==> Building model..
[2025/10/19 10:21:24] - Test Loss 	 Test Acc 	 PGD Loss 	 PGD Acc
[2025/10/19 10:21:24] - 2.6175 	 	 0.5126 	 2.9013 	 0.2807
[2025/10/19 10:22:16] - 79 	 29.1 	 	 0.2000 	 4.0929 	 0.2791
[2025/10/19 10:22:16] - ==> Building model..
[2025/10/19 10:22:41] - Test Loss 	 Test Acc 	 PGD Loss 	 PGD Acc
[2025/10/19 10:22:41] - 2.6155 	 	 0.5142 	 2.8991 	 0.2809
[2025/10/19 10:23:32] - 80 	 28.3 	 	 0.2000 	 4.0913 	 0.2791
[2025/10/19 10:23:32] - ==> Building model..
[2025/10/19 10:23:55] - Test Loss 	 Test Acc 	 PGD Loss 	 PGD Acc
[2025/10/19 10:23:55] - 2.6160 	 	 0.5148 	 2.8998 	 0.2819
[2025/10/19 10:24:45] - 81 	 28.0 	 	 0.2000 	 4.0927 	 0.2775
[2025/10/19 10:24:45] - ==> Building model..
[2025/10/19 10:25:09] - Test Loss 	 Test Acc 	 PGD Loss 	 PGD Acc
[2025/10/19 10:25:09] - 2.6146 	 	 0.5155 	 2.8979 	 0.2822
[2025/10/19 10:26:01] - 82 	 28.7 	 	 0.2000 	 4.0924 	 0.2814
[2025/10/19 10:26:01] - ==> Building model..
[2025/10/19 10:26:25] - Test Loss 	 Test Acc 	 PGD Loss 	 PGD Acc
[2025/10/19 10:26:25] - 2.6130 	 	 0.5164 	 2.8972 	 0.2834
[2025/10/19 10:27:16] - 83 	 28.2 	 	 0.2000 	 4.0898 	 0.2810
[2025/10/19 10:27:16] - ==> Building model..
[2025/10/19 10:27:40] - Test Loss 	 Test Acc 	 PGD Loss 	 PGD Acc
[2025/10/19 10:27:40] - 2.6148 	 	 0.5167 	 2.8980 	 0.2821
[2025/10/19 10:28:32] - 84 	 29.0 	 	 0.2000 	 4.0935 	 0.2779
[2025/10/19 10:28:32] - ==> Building model..
[2025/10/19 10:28:56] - Test Loss 	 Test Acc 	 PGD Loss 	 PGD Acc
[2025/10/19 10:28:56] - 2.6156 	 	 0.5155 	 2.8989 	 0.2814
[2025/10/19 10:29:48] - 85 	 28.8 	 	 0.2000 	 4.0928 	 0.2794
[2025/10/19 10:29:48] - ==> Building model..
[2025/10/19 10:30:11] - Test Loss 	 Test Acc 	 PGD Loss 	 PGD Acc
[2025/10/19 10:30:11] - 2.6161 	 	 0.5149 	 2.8986 	 0.2818
[2025/10/19 10:31:03] - 86 	 29.1 	 	 0.2000 	 4.0920 	 0.2815
[2025/10/19 10:31:03] - ==> Building model..
[2025/10/19 10:31:25] - Test Loss 	 Test Acc 	 PGD Loss 	 PGD Acc
[2025/10/19 10:31:25] - 2.6154 	 	 0.5156 	 2.8989 	 0.2822
[2025/10/19 10:32:17] - 87 	 28.9 	 	 0.2000 	 4.0920 	 0.2815
[2025/10/19 10:32:17] - ==> Building model..
[2025/10/19 10:32:41] - Test Loss 	 Test Acc 	 PGD Loss 	 PGD Acc
[2025/10/19 10:32:41] - 2.6155 	 	 0.5156 	 2.8989 	 0.2826
[2025/10/19 10:33:32] - 88 	 29.0 	 	 0.2000 	 4.0940 	 0.2773
[2025/10/19 10:33:32] - ==> Building model..
[2025/10/19 10:33:57] - Test Loss 	 Test Acc 	 PGD Loss 	 PGD Acc
[2025/10/19 10:33:57] - 2.6160 	 	 0.5146 	 2.8995 	 0.2837
[2025/10/19 10:34:50] - 89 	 29.4 	 	 0.2000 	 4.0926 	 0.2807
[2025/10/19 10:34:50] - ==> Building model..
[2025/10/19 10:35:13] - Test Loss 	 Test Acc 	 PGD Loss 	 PGD Acc
[2025/10/19 10:35:13] - 2.6187 	 	 0.5138 	 2.9004 	 0.2837
[2025/10/19 10:36:03] - 90 	 28.2 	 	 0.2000 	 4.0909 	 0.2825
[2025/10/19 10:36:03] - ==> Building model..
[2025/10/19 10:36:28] - Test Loss 	 Test Acc 	 PGD Loss 	 PGD Acc
[2025/10/19 10:36:28] - 2.6192 	 	 0.5146 	 2.9009 	 0.2834
[2025/10/19 10:37:19] - 91 	 28.9 	 	 0.2000 	 4.0932 	 0.2768
[2025/10/19 10:37:19] - ==> Building model..
[2025/10/19 10:37:43] - Test Loss 	 Test Acc 	 PGD Loss 	 PGD Acc
[2025/10/19 10:37:43] - 2.6192 	 	 0.5153 	 2.9009 	 0.2835
[2025/10/19 10:38:33] - 92 	 28.1 	 	 0.2000 	 4.0923 	 0.2816
[2025/10/19 10:38:33] - ==> Building model..
[2025/10/19 10:38:57] - Test Loss 	 Test Acc 	 PGD Loss 	 PGD Acc
[2025/10/19 10:38:57] - 2.6216 	 	 0.5153 	 2.9033 	 0.2824
[2025/10/19 10:39:49] - 93 	 29.3 	 	 0.2000 	 4.0925 	 0.2785
[2025/10/19 10:39:49] - ==> Building model..
[2025/10/19 10:40:13] - Test Loss 	 Test Acc 	 PGD Loss 	 PGD Acc
[2025/10/19 10:40:13] - 2.6229 	 	 0.5148 	 2.9047 	 0.2828
[2025/10/19 10:41:03] - 94 	 28.2 	 	 0.0200 	 3.9999 	 0.3401
[2025/10/19 10:41:03] - ==> Building model..
[2025/10/19 10:41:26] - Test Loss 	 Test Acc 	 PGD Loss 	 PGD Acc
[2025/10/19 10:41:26] - 2.6210 	 	 0.5155 	 2.9034 	 0.2823
[2025/10/19 10:42:18] - 95 	 28.0 	 	 0.0200 	 3.9063 	 0.4029
[2025/10/19 10:42:18] - ==> Building model..
[2025/10/19 10:42:42] - Test Loss 	 Test Acc 	 PGD Loss 	 PGD Acc
[2025/10/19 10:42:42] - 2.6198 	 	 0.5159 	 2.9022 	 0.2829
[2025/10/19 10:43:32] - 96 	 27.9 	 	 0.0200 	 3.8818 	 0.4182
[2025/10/19 10:43:32] - ==> Building model..
[2025/10/19 10:43:57] - Test Loss 	 Test Acc 	 PGD Loss 	 PGD Acc
[2025/10/19 10:43:57] - 2.6197 	 	 0.5158 	 2.9020 	 0.2825
[2025/10/19 10:44:49] - 97 	 28.6 	 	 0.0200 	 3.8641 	 0.4309
[2025/10/19 10:44:49] - ==> Building model..
[2025/10/19 10:45:14] - Test Loss 	 Test Acc 	 PGD Loss 	 PGD Acc
[2025/10/19 10:45:14] - 2.6208 	 	 0.5159 	 2.9032 	 0.2822
[2025/10/19 10:46:05] - 98 	 27.9 	 	 0.0200 	 3.8493 	 0.4411
[2025/10/19 10:46:05] - ==> Building model..
[2025/10/19 10:46:28] - Test Loss 	 Test Acc 	 PGD Loss 	 PGD Acc
[2025/10/19 10:46:28] - 2.6219 	 	 0.5160 	 2.9042 	 0.2833
[2025/10/19 10:47:21] - 99 	 28.5 	 	 0.0020 	 3.8188 	 0.4635
[2025/10/19 10:47:21] - ==> Building model..
[2025/10/19 10:47:45] - Test Loss 	 Test Acc 	 PGD Loss 	 PGD Acc
[2025/10/19 10:47:45] - 2.6228 	 	 0.5157 	 2.9045 	 0.2827
[2025/10/19 10:48:36] - 100 	 28.1 	 	 0.0020 	 3.7895 	 0.4902
[2025/10/19 10:48:36] - ==> Building model..
[2025/10/19 10:49:00] - Test Loss 	 Test Acc 	 PGD Loss 	 PGD Acc
[2025/10/19 10:49:00] - 2.6228 	 	 0.5157 	 2.9050 	 0.2832
[2025/10/19 10:49:49] - 101 	 27.5 	 	 0.0020 	 3.7840 	 0.4925
[2025/10/19 10:49:49] - ==> Building model..
[2025/10/19 10:50:13] - Test Loss 	 Test Acc 	 PGD Loss 	 PGD Acc
[2025/10/19 10:50:13] - 2.6233 	 	 0.5157 	 2.9056 	 0.2828
[2025/10/19 10:51:04] - 102 	 28.3 	 	 0.0020 	 3.7784 	 0.4960
[2025/10/19 10:51:04] - ==> Building model..
[2025/10/19 10:51:28] - Test Loss 	 Test Acc 	 PGD Loss 	 PGD Acc
[2025/10/19 10:51:28] - 2.6233 	 	 0.5157 	 2.9052 	 0.2834
[2025/10/19 10:52:20] - 103 	 28.1 	 	 0.0020 	 3.7742 	 0.5000
[2025/10/19 10:52:20] - ==> Building model..
[2025/10/19 10:52:44] - Test Loss 	 Test Acc 	 PGD Loss 	 PGD Acc
[2025/10/19 10:52:44] - 2.6233 	 	 0.5157 	 2.9058 	 0.2829
[2025/10/19 10:53:36] - 104 	 28.8 	 	 0.0020 	 3.7697 	 0.5051
[2025/10/19 10:53:36] - ==> Building model..
[2025/10/19 10:54:00] - Test Loss 	 Test Acc 	 PGD Loss 	 PGD Acc
[2025/10/19 10:54:00] - 2.6233 	 	 0.5157 	 2.9056 	 0.2827
[2025/10/19 10:54:50] - 105 	 27.9 	 	 0.0020 	 3.7649 	 0.5087
[2025/10/19 10:54:50] - ==> Building model..
[2025/10/19 10:55:14] - Test Loss 	 Test Acc 	 PGD Loss 	 PGD Acc
[2025/10/19 10:55:14] - 2.6233 	 	 0.5157 	 2.9058 	 0.2830
[2025/10/19 10:56:04] - 106 	 27.5 	 	 0.0020 	 3.7610 	 0.5103
[2025/10/19 10:56:04] - ==> Building model..
[2025/10/19 10:56:28] - Test Loss 	 Test Acc 	 PGD Loss 	 PGD Acc
[2025/10/19 10:56:28] - 2.6233 	 	 0.5157 	 2.9049 	 0.2834
[2025/10/19 10:57:20] - 107 	 28.5 	 	 0.0020 	 3.7578 	 0.5126
[2025/10/19 10:57:20] - ==> Building model..
[2025/10/19 10:57:44] - Test Loss 	 Test Acc 	 PGD Loss 	 PGD Acc
[2025/10/19 10:57:44] - 2.6247 	 	 0.5156 	 2.9070 	 0.2831
[2025/10/19 10:58:36] - 108 	 28.7 	 	 0.0020 	 3.7542 	 0.5173
[2025/10/19 10:58:36] - ==> Building model..
[2025/10/19 10:59:01] - Test Loss 	 Test Acc 	 PGD Loss 	 PGD Acc
[2025/10/19 10:59:01] - 2.6247 	 	 0.5156 	 2.9065 	 0.2840
[2025/10/19 10:59:51] - 109 	 28.2 	 	 0.0020 	 3.7503 	 0.5205
[2025/10/19 10:59:51] - ==> Building model..
[2025/10/19 11:00:16] - Test Loss 	 Test Acc 	 PGD Loss 	 PGD Acc
[2025/10/19 11:00:16] - 2.6247 	 	 0.5156 	 2.9070 	 0.2833
[2025/10/19 11:00:16] - [0.083, 0.1403, 0.1869, 0.2388, 0.2763, 0.3128, 0.3538, 0.3861, 0.4043, 0.4201, 0.4306, 0.4375, 0.444, 0.4521, 0.4586, 0.4636, 0.4688, 0.4716, 0.4754, 0.4778, 0.4802, 0.483, 0.4851, 0.4849, 0.4859, 0.488, 0.4928, 0.4956, 0.4957, 0.4968, 0.498, 0.4973, 0.4973, 0.4999, 0.4985, 0.4992, 0.5006, 0.5018, 0.5032, 0.5036, 0.5053, 0.5066, 0.5061, 0.5086, 0.5093, 0.5089, 0.5109, 0.5096, 0.511, 0.5108, 0.5119, 0.5132, 0.5152, 0.5159, 0.5159, 0.5161, 0.517, 0.5178, 0.517, 0.5173, 0.517, 0.5172, 0.5159, 0.5152, 0.5159, 0.5175, 0.5172, 0.517, 0.5161, 0.5161, 0.5159, 0.5148, 0.5161, 0.5164, 0.5167, 0.5158, 0.5147, 0.5134, 0.5126, 0.5142, 0.5148, 0.5155, 0.5164, 0.5167, 0.5155, 0.5149, 0.5156, 0.5156, 0.5146, 0.5138, 0.5146, 0.5153, 0.5153, 0.5148, 0.5155, 0.5159, 0.5158, 0.5159, 0.516, 0.5157, 0.5157, 0.5157, 0.5157, 0.5157, 0.5157, 0.5157, 0.5157, 0.5156, 0.5156, 0.5156]
[2025/10/19 11:00:16] - [0.0575, 0.0924, 0.1164, 0.1416, 0.1647, 0.1823, 0.1979, 0.2086, 0.2184, 0.2261, 0.2322, 0.2362, 0.2389, 0.2435, 0.2469, 0.2511, 0.2522, 0.253, 0.2556, 0.2584, 0.2557, 0.257, 0.2589, 0.261, 0.2608, 0.2622, 0.2642, 0.2649, 0.2665, 0.2666, 0.2697, 0.2684, 0.2709, 0.2707, 0.2717, 0.2711, 0.2717, 0.2738, 0.2743, 0.2748, 0.2747, 0.2743, 0.2752, 0.276, 0.2772, 0.2753, 0.2772, 0.2775, 0.2784, 0.2782, 0.278, 0.2784, 0.2788, 0.2787, 0.2788, 0.2796, 0.2793, 0.2793, 0.2793, 0.2812, 0.2818, 0.281, 0.2816, 0.2797, 0.2805, 0.2796, 0.2801, 0.2814, 0.2805, 0.2798, 0.2809, 0.281, 0.2809, 0.2824, 0.2819, 0.2818, 0.2809, 0.281, 0.2807, 0.2809, 0.2819, 0.2822, 0.2834, 0.2821, 0.2814, 0.2818, 0.2822, 0.2826, 0.2837, 0.2837, 0.2834, 0.2835, 0.2824, 0.2828, 0.2823, 0.2829, 0.2825, 0.2822, 0.2833, 0.2827, 0.2832, 0.2828, 0.2834, 0.2829, 0.2827, 0.283, 0.2834, 0.2831, 0.284, 0.2833]
