[2025/10/20 20:06:17] - Namespace(batch_size=128, data_dir='cifar-data', epochs=110, lr_schedule='multistep', lr_min=0.0, lr_max=0.2, weight_decay=0.0005, momentum=0.9, model='ResNet18', epsilon=8, alpha=8, delta_init='random', normal_mean=0, normal_std=1, out_dir='runs/beta_0.6/lam_44/lscale_0.09/seed_1', seed=1, lamda=44.0, lam_scale=0.09, lam_start=50, gamma=0.05, inner_gamma=0.05, beta=0.6, mu=3.5, batch_m=0.75, early_stop=False, factor=0.5, length=4, n_holes=1, c_num=0.125, EMA_value=0.55)
[2025/10/20 20:06:19] - ==> Building model..
[2025/10/20 20:06:19] - Epoch 	 Seconds 	 LR 	 	 Train Loss 	 Train Acc
[2025/10/20 20:07:14] - 0 	 28.9 	 	 0.2000 	 4.5829 	 0.0349
[2025/10/20 20:07:14] - ==> Building model..
[2025/10/20 20:07:38] - Test Loss 	 Test Acc 	 PGD Loss 	 PGD Acc
[2025/10/20 20:07:38] - 4.3113 	 	 0.0734 	 4.3214 	 0.0494
[2025/10/20 20:08:30] - 1 	 26.7 	 	 0.2000 	 4.4687 	 0.0725
[2025/10/20 20:08:30] - ==> Building model..
[2025/10/20 20:08:53] - Test Loss 	 Test Acc 	 PGD Loss 	 PGD Acc
[2025/10/20 20:08:53] - 4.1811 	 	 0.1194 	 4.2015 	 0.0771
[2025/10/20 20:09:46] - 2 	 27.8 	 	 0.2000 	 4.4121 	 0.0997
[2025/10/20 20:09:46] - ==> Building model..
[2025/10/20 20:10:10] - Test Loss 	 Test Acc 	 PGD Loss 	 PGD Acc
[2025/10/20 20:10:10] - 3.9405 	 	 0.1715 	 3.9821 	 0.1046
[2025/10/20 20:11:02] - 3 	 27.8 	 	 0.2000 	 4.3616 	 0.1258
[2025/10/20 20:11:02] - ==> Building model..
[2025/10/20 20:11:27] - Test Loss 	 Test Acc 	 PGD Loss 	 PGD Acc
[2025/10/20 20:11:27] - 3.7435 	 	 0.2302 	 3.8116 	 0.1360
[2025/10/20 20:12:19] - 4 	 28.2 	 	 0.2000 	 4.3189 	 0.1493
[2025/10/20 20:12:19] - ==> Building model..
[2025/10/20 20:12:43] - Test Loss 	 Test Acc 	 PGD Loss 	 PGD Acc
[2025/10/20 20:12:43] - 3.6277 	 	 0.2644 	 3.7159 	 0.1559
[2025/10/20 20:13:35] - 5 	 27.9 	 	 0.2000 	 4.2834 	 0.1654
[2025/10/20 20:13:35] - ==> Building model..
[2025/10/20 20:13:59] - Test Loss 	 Test Acc 	 PGD Loss 	 PGD Acc
[2025/10/20 20:13:59] - 3.4260 	 	 0.3023 	 3.5434 	 0.1745
[2025/10/20 20:14:51] - 6 	 28.7 	 	 0.2000 	 4.2524 	 0.1845
[2025/10/20 20:14:51] - ==> Building model..
[2025/10/20 20:15:14] - Test Loss 	 Test Acc 	 PGD Loss 	 PGD Acc
[2025/10/20 20:15:14] - 3.2712 	 	 0.3374 	 3.4129 	 0.1899
[2025/10/20 20:16:08] - 7 	 28.9 	 	 0.2000 	 4.2269 	 0.1959
[2025/10/20 20:16:08] - ==> Building model..
[2025/10/20 20:16:32] - Test Loss 	 Test Acc 	 PGD Loss 	 PGD Acc
[2025/10/20 20:16:32] - 3.0955 	 	 0.3742 	 3.2675 	 0.2043
[2025/10/20 20:17:24] - 8 	 28.1 	 	 0.2000 	 4.2091 	 0.2059
[2025/10/20 20:17:24] - ==> Building model..
[2025/10/20 20:17:47] - Test Loss 	 Test Acc 	 PGD Loss 	 PGD Acc
[2025/10/20 20:17:47] - 2.9987 	 	 0.3973 	 3.1901 	 0.2138
[2025/10/20 20:18:41] - 9 	 29.9 	 	 0.2000 	 4.1932 	 0.2162
[2025/10/20 20:18:41] - ==> Building model..
[2025/10/20 20:19:05] - Test Loss 	 Test Acc 	 PGD Loss 	 PGD Acc
[2025/10/20 20:19:05] - 2.9307 	 	 0.4113 	 3.1377 	 0.2229
[2025/10/20 20:19:58] - 10 	 28.9 	 	 0.2000 	 4.1836 	 0.2196
[2025/10/20 20:19:58] - ==> Building model..
[2025/10/20 20:20:22] - Test Loss 	 Test Acc 	 PGD Loss 	 PGD Acc
[2025/10/20 20:20:22] - 2.8702 	 	 0.4253 	 3.0903 	 0.2286
[2025/10/20 20:21:13] - 11 	 28.3 	 	 0.2000 	 4.1721 	 0.2275
[2025/10/20 20:21:13] - ==> Building model..
[2025/10/20 20:21:37] - Test Loss 	 Test Acc 	 PGD Loss 	 PGD Acc
[2025/10/20 20:21:37] - 2.8274 	 	 0.4339 	 3.0578 	 0.2358
[2025/10/20 20:22:30] - 12 	 29.0 	 	 0.2000 	 4.1632 	 0.2337
[2025/10/20 20:22:30] - ==> Building model..
[2025/10/20 20:22:53] - Test Loss 	 Test Acc 	 PGD Loss 	 PGD Acc
[2025/10/20 20:22:53] - 2.8097 	 	 0.4391 	 3.0442 	 0.2372
[2025/10/20 20:23:44] - 13 	 27.8 	 	 0.2000 	 4.1576 	 0.2350
[2025/10/20 20:23:44] - ==> Building model..
[2025/10/20 20:24:08] - Test Loss 	 Test Acc 	 PGD Loss 	 PGD Acc
[2025/10/20 20:24:08] - 2.7870 	 	 0.4485 	 3.0283 	 0.2409
[2025/10/20 20:25:02] - 14 	 29.3 	 	 0.2000 	 4.1509 	 0.2393
[2025/10/20 20:25:02] - ==> Building model..
[2025/10/20 20:25:26] - Test Loss 	 Test Acc 	 PGD Loss 	 PGD Acc
[2025/10/20 20:25:26] - 2.7611 	 	 0.4565 	 3.0090 	 0.2452
[2025/10/20 20:26:19] - 15 	 28.8 	 	 0.2000 	 4.1464 	 0.2433
[2025/10/20 20:26:19] - ==> Building model..
[2025/10/20 20:26:42] - Test Loss 	 Test Acc 	 PGD Loss 	 PGD Acc
[2025/10/20 20:26:42] - 2.7380 	 	 0.4603 	 2.9904 	 0.2492
[2025/10/20 20:27:36] - 16 	 29.0 	 	 0.2000 	 4.1401 	 0.2475
[2025/10/20 20:27:36] - ==> Building model..
[2025/10/20 20:28:00] - Test Loss 	 Test Acc 	 PGD Loss 	 PGD Acc
[2025/10/20 20:28:00] - 2.7226 	 	 0.4646 	 2.9802 	 0.2491
[2025/10/20 20:28:52] - 17 	 29.2 	 	 0.2000 	 4.1361 	 0.2489
[2025/10/20 20:28:52] - ==> Building model..
[2025/10/20 20:29:16] - Test Loss 	 Test Acc 	 PGD Loss 	 PGD Acc
[2025/10/20 20:29:16] - 2.7022 	 	 0.4674 	 2.9641 	 0.2498
[2025/10/20 20:30:08] - 18 	 28.7 	 	 0.2000 	 4.1346 	 0.2511
[2025/10/20 20:30:08] - ==> Building model..
[2025/10/20 20:30:33] - Test Loss 	 Test Acc 	 PGD Loss 	 PGD Acc
[2025/10/20 20:30:33] - 2.6933 	 	 0.4709 	 2.9592 	 0.2530
[2025/10/20 20:31:26] - 19 	 28.9 	 	 0.2000 	 4.1311 	 0.2526
[2025/10/20 20:31:26] - ==> Building model..
[2025/10/20 20:31:50] - Test Loss 	 Test Acc 	 PGD Loss 	 PGD Acc
[2025/10/20 20:31:50] - 2.6837 	 	 0.4754 	 2.9544 	 0.2542
[2025/10/20 20:32:42] - 20 	 28.5 	 	 0.2000 	 4.1261 	 0.2533
[2025/10/20 20:32:42] - ==> Building model..
[2025/10/20 20:33:06] - Test Loss 	 Test Acc 	 PGD Loss 	 PGD Acc
[2025/10/20 20:33:06] - 2.6678 	 	 0.4781 	 2.9407 	 0.2578
[2025/10/20 20:33:58] - 21 	 29.1 	 	 0.2000 	 4.1244 	 0.2557
[2025/10/20 20:33:58] - ==> Building model..
[2025/10/20 20:34:22] - Test Loss 	 Test Acc 	 PGD Loss 	 PGD Acc
[2025/10/20 20:34:22] - 2.6549 	 	 0.4822 	 2.9310 	 0.2573
[2025/10/20 20:35:14] - 22 	 29.3 	 	 0.2000 	 4.1195 	 0.2596
[2025/10/20 20:35:14] - ==> Building model..
[2025/10/20 20:35:38] - Test Loss 	 Test Acc 	 PGD Loss 	 PGD Acc
[2025/10/20 20:35:38] - 2.6464 	 	 0.4851 	 2.9241 	 0.2586
[2025/10/20 20:36:30] - 23 	 28.2 	 	 0.2000 	 4.1191 	 0.2601
[2025/10/20 20:36:30] - ==> Building model..
[2025/10/20 20:36:53] - Test Loss 	 Test Acc 	 PGD Loss 	 PGD Acc
[2025/10/20 20:36:53] - 2.6376 	 	 0.4892 	 2.9174 	 0.2601
[2025/10/20 20:37:43] - 24 	 28.2 	 	 0.2000 	 4.1180 	 0.2589
[2025/10/20 20:37:43] - ==> Building model..
[2025/10/20 20:38:08] - Test Loss 	 Test Acc 	 PGD Loss 	 PGD Acc
[2025/10/20 20:38:08] - 2.6319 	 	 0.4914 	 2.9124 	 0.2628
[2025/10/20 20:38:59] - 25 	 28.4 	 	 0.2000 	 4.1165 	 0.2620
[2025/10/20 20:38:59] - ==> Building model..
[2025/10/20 20:39:22] - Test Loss 	 Test Acc 	 PGD Loss 	 PGD Acc
[2025/10/20 20:39:22] - 2.6264 	 	 0.4890 	 2.9072 	 0.2640
[2025/10/20 20:40:13] - 26 	 28.3 	 	 0.2000 	 4.1142 	 0.2632
[2025/10/20 20:40:13] - ==> Building model..
[2025/10/20 20:40:37] - Test Loss 	 Test Acc 	 PGD Loss 	 PGD Acc
[2025/10/20 20:40:37] - 2.6253 	 	 0.4924 	 2.9068 	 0.2639
[2025/10/20 20:41:27] - 27 	 27.9 	 	 0.2000 	 4.1119 	 0.2624
[2025/10/20 20:41:27] - ==> Building model..
[2025/10/20 20:41:51] - Test Loss 	 Test Acc 	 PGD Loss 	 PGD Acc
[2025/10/20 20:41:51] - 2.6207 	 	 0.4930 	 2.9031 	 0.2646
[2025/10/20 20:42:43] - 28 	 28.6 	 	 0.2000 	 4.1119 	 0.2642
[2025/10/20 20:42:43] - ==> Building model..
[2025/10/20 20:43:07] - Test Loss 	 Test Acc 	 PGD Loss 	 PGD Acc
[2025/10/20 20:43:07] - 2.6173 	 	 0.4948 	 2.9007 	 0.2666
[2025/10/20 20:44:00] - 29 	 29.3 	 	 0.2000 	 4.1089 	 0.2653
[2025/10/20 20:44:00] - ==> Building model..
[2025/10/20 20:44:23] - Test Loss 	 Test Acc 	 PGD Loss 	 PGD Acc
[2025/10/20 20:44:23] - 2.6118 	 	 0.4967 	 2.8970 	 0.2658
[2025/10/20 20:45:16] - 30 	 29.7 	 	 0.2000 	 4.1083 	 0.2638
[2025/10/20 20:45:16] - ==> Building model..
[2025/10/20 20:45:40] - Test Loss 	 Test Acc 	 PGD Loss 	 PGD Acc
[2025/10/20 20:45:40] - 2.6078 	 	 0.4955 	 2.8944 	 0.2664
[2025/10/20 20:46:31] - 31 	 28.4 	 	 0.2000 	 4.1046 	 0.2691
[2025/10/20 20:46:31] - ==> Building model..
[2025/10/20 20:46:55] - Test Loss 	 Test Acc 	 PGD Loss 	 PGD Acc
[2025/10/20 20:46:55] - 2.6007 	 	 0.4985 	 2.8893 	 0.2675
[2025/10/20 20:47:46] - 32 	 28.5 	 	 0.2000 	 4.1048 	 0.2691
[2025/10/20 20:47:46] - ==> Building model..
[2025/10/20 20:48:10] - Test Loss 	 Test Acc 	 PGD Loss 	 PGD Acc
[2025/10/20 20:48:10] - 2.5992 	 	 0.4984 	 2.8888 	 0.2671
[2025/10/20 20:49:01] - 33 	 28.4 	 	 0.2000 	 4.1047 	 0.2667
[2025/10/20 20:49:01] - ==> Building model..
[2025/10/20 20:49:25] - Test Loss 	 Test Acc 	 PGD Loss 	 PGD Acc
[2025/10/20 20:49:25] - 2.5999 	 	 0.4984 	 2.8906 	 0.2666
[2025/10/20 20:50:16] - 34 	 28.9 	 	 0.2000 	 4.1019 	 0.2703
[2025/10/20 20:50:16] - ==> Building model..
[2025/10/20 20:50:40] - Test Loss 	 Test Acc 	 PGD Loss 	 PGD Acc
[2025/10/20 20:50:40] - 2.5964 	 	 0.5003 	 2.8889 	 0.2688
[2025/10/20 20:51:30] - 35 	 28.1 	 	 0.2000 	 4.1015 	 0.2698
[2025/10/20 20:51:30] - ==> Building model..
[2025/10/20 20:51:54] - Test Loss 	 Test Acc 	 PGD Loss 	 PGD Acc
[2025/10/20 20:51:54] - 2.5883 	 	 0.5014 	 2.8815 	 0.2708
[2025/10/20 20:52:45] - 36 	 28.3 	 	 0.2000 	 4.1030 	 0.2680
[2025/10/20 20:52:45] - ==> Building model..
[2025/10/20 20:53:09] - Test Loss 	 Test Acc 	 PGD Loss 	 PGD Acc
[2025/10/20 20:53:09] - 2.5858 	 	 0.5049 	 2.8797 	 0.2699
[2025/10/20 20:54:01] - 37 	 29.3 	 	 0.2000 	 4.0994 	 0.2694
[2025/10/20 20:54:01] - ==> Building model..
[2025/10/20 20:54:25] - Test Loss 	 Test Acc 	 PGD Loss 	 PGD Acc
[2025/10/20 20:54:25] - 2.5807 	 	 0.5064 	 2.8760 	 0.2716
[2025/10/20 20:55:15] - 38 	 28.0 	 	 0.2000 	 4.1001 	 0.2699
[2025/10/20 20:55:15] - ==> Building model..
[2025/10/20 20:55:39] - Test Loss 	 Test Acc 	 PGD Loss 	 PGD Acc
[2025/10/20 20:55:39] - 2.5775 	 	 0.5066 	 2.8726 	 0.2723
[2025/10/20 20:56:30] - 39 	 28.2 	 	 0.2000 	 4.0982 	 0.2713
[2025/10/20 20:56:30] - ==> Building model..
[2025/10/20 20:56:53] - Test Loss 	 Test Acc 	 PGD Loss 	 PGD Acc
[2025/10/20 20:56:53] - 2.5805 	 	 0.5053 	 2.8760 	 0.2735
[2025/10/20 20:57:45] - 40 	 29.1 	 	 0.2000 	 4.0987 	 0.2716
[2025/10/20 20:57:45] - ==> Building model..
[2025/10/20 20:58:09] - Test Loss 	 Test Acc 	 PGD Loss 	 PGD Acc
[2025/10/20 20:58:09] - 2.5780 	 	 0.5065 	 2.8739 	 0.2733
[2025/10/20 20:58:59] - 41 	 28.5 	 	 0.2000 	 4.0971 	 0.2694
[2025/10/20 20:58:59] - ==> Building model..
[2025/10/20 20:59:22] - Test Loss 	 Test Acc 	 PGD Loss 	 PGD Acc
[2025/10/20 20:59:22] - 2.5758 	 	 0.5065 	 2.8717 	 0.2744
[2025/10/20 21:00:14] - 42 	 29.1 	 	 0.2000 	 4.0969 	 0.2708
[2025/10/20 21:00:14] - ==> Building model..
[2025/10/20 21:00:38] - Test Loss 	 Test Acc 	 PGD Loss 	 PGD Acc
[2025/10/20 21:00:38] - 2.5745 	 	 0.5078 	 2.8713 	 0.2745
[2025/10/20 21:01:29] - 43 	 29.0 	 	 0.2000 	 4.0950 	 0.2723
[2025/10/20 21:01:29] - ==> Building model..
[2025/10/20 21:01:53] - Test Loss 	 Test Acc 	 PGD Loss 	 PGD Acc
[2025/10/20 21:01:53] - 2.5747 	 	 0.5077 	 2.8713 	 0.2745
[2025/10/20 21:02:44] - 44 	 28.4 	 	 0.2000 	 4.0951 	 0.2730
[2025/10/20 21:02:44] - ==> Building model..
[2025/10/20 21:03:08] - Test Loss 	 Test Acc 	 PGD Loss 	 PGD Acc
[2025/10/20 21:03:08] - 2.5765 	 	 0.5086 	 2.8729 	 0.2755
[2025/10/20 21:04:01] - 45 	 29.5 	 	 0.2000 	 4.0941 	 0.2739
[2025/10/20 21:04:01] - ==> Building model..
[2025/10/20 21:04:24] - Test Loss 	 Test Acc 	 PGD Loss 	 PGD Acc
[2025/10/20 21:04:24] - 2.5774 	 	 0.5061 	 2.8726 	 0.2745
[2025/10/20 21:05:15] - 46 	 28.2 	 	 0.2000 	 4.0931 	 0.2761
[2025/10/20 21:05:15] - ==> Building model..
[2025/10/20 21:05:38] - Test Loss 	 Test Acc 	 PGD Loss 	 PGD Acc
[2025/10/20 21:05:38] - 2.5749 	 	 0.5074 	 2.8712 	 0.2754
[2025/10/20 21:06:30] - 47 	 29.2 	 	 0.2000 	 4.0940 	 0.2763
[2025/10/20 21:06:30] - ==> Building model..
[2025/10/20 21:06:53] - Test Loss 	 Test Acc 	 PGD Loss 	 PGD Acc
[2025/10/20 21:06:53] - 2.5749 	 	 0.5078 	 2.8712 	 0.2762
[2025/10/20 21:07:44] - 48 	 28.7 	 	 0.2000 	 4.0918 	 0.2753
[2025/10/20 21:07:44] - ==> Building model..
[2025/10/20 21:08:07] - Test Loss 	 Test Acc 	 PGD Loss 	 PGD Acc
[2025/10/20 21:08:07] - 2.5744 	 	 0.5093 	 2.8710 	 0.2760
[2025/10/20 21:08:59] - 49 	 28.4 	 	 0.2000 	 4.0934 	 0.2759
[2025/10/20 21:08:59] - ==> Building model..
[2025/10/20 21:09:22] - Test Loss 	 Test Acc 	 PGD Loss 	 PGD Acc
[2025/10/20 21:09:22] - 2.5717 	 	 0.5105 	 2.8688 	 0.2754
[2025/10/20 21:10:13] - 50 	 29.1 	 	 0.2000 	 4.0913 	 0.2754
[2025/10/20 21:10:13] - ==> Building model..
[2025/10/20 21:10:38] - Test Loss 	 Test Acc 	 PGD Loss 	 PGD Acc
[2025/10/20 21:10:38] - 2.5690 	 	 0.5127 	 2.8673 	 0.2755
[2025/10/20 21:11:31] - 51 	 29.2 	 	 0.2000 	 4.0922 	 0.2732
[2025/10/20 21:11:31] - ==> Building model..
[2025/10/20 21:11:54] - Test Loss 	 Test Acc 	 PGD Loss 	 PGD Acc
[2025/10/20 21:11:54] - 2.5662 	 	 0.5150 	 2.8667 	 0.2780
[2025/10/20 21:12:45] - 52 	 27.9 	 	 0.2000 	 4.0935 	 0.2756
[2025/10/20 21:12:45] - ==> Building model..
[2025/10/20 21:13:08] - Test Loss 	 Test Acc 	 PGD Loss 	 PGD Acc
[2025/10/20 21:13:08] - 2.5666 	 	 0.5139 	 2.8672 	 0.2757
[2025/10/20 21:13:59] - 53 	 28.3 	 	 0.2000 	 4.0905 	 0.2753
[2025/10/20 21:13:59] - ==> Building model..
[2025/10/20 21:14:23] - Test Loss 	 Test Acc 	 PGD Loss 	 PGD Acc
[2025/10/20 21:14:23] - 2.5635 	 	 0.5150 	 2.8648 	 0.2774
[2025/10/20 21:15:14] - 54 	 28.3 	 	 0.2000 	 4.0907 	 0.2768
[2025/10/20 21:15:14] - ==> Building model..
[2025/10/20 21:15:38] - Test Loss 	 Test Acc 	 PGD Loss 	 PGD Acc
[2025/10/20 21:15:38] - 2.5622 	 	 0.5137 	 2.8622 	 0.2784
[2025/10/20 21:16:29] - 55 	 28.1 	 	 0.2000 	 4.0908 	 0.2778
[2025/10/20 21:16:29] - ==> Building model..
[2025/10/20 21:16:54] - Test Loss 	 Test Acc 	 PGD Loss 	 PGD Acc
[2025/10/20 21:16:54] - 2.5620 	 	 0.5137 	 2.8622 	 0.2778
[2025/10/20 21:17:44] - 56 	 27.8 	 	 0.2000 	 4.0936 	 0.2766
[2025/10/20 21:17:44] - ==> Building model..
[2025/10/20 21:18:08] - Test Loss 	 Test Acc 	 PGD Loss 	 PGD Acc
[2025/10/20 21:18:08] - 2.5634 	 	 0.5160 	 2.8633 	 0.2781
[2025/10/20 21:18:58] - 57 	 27.8 	 	 0.2000 	 4.0915 	 0.2777
[2025/10/20 21:18:58] - ==> Building model..
[2025/10/20 21:19:23] - Test Loss 	 Test Acc 	 PGD Loss 	 PGD Acc
[2025/10/20 21:19:23] - 2.5657 	 	 0.5156 	 2.8647 	 0.2767
[2025/10/20 21:20:12] - 58 	 27.2 	 	 0.2000 	 4.0923 	 0.2783
[2025/10/20 21:20:12] - ==> Building model..
[2025/10/20 21:20:38] - Test Loss 	 Test Acc 	 PGD Loss 	 PGD Acc
[2025/10/20 21:20:38] - 2.5700 	 	 0.5157 	 2.8684 	 0.2784
[2025/10/20 21:21:28] - 59 	 28.0 	 	 0.2000 	 4.0926 	 0.2771
[2025/10/20 21:21:28] - ==> Building model..
[2025/10/20 21:21:53] - Test Loss 	 Test Acc 	 PGD Loss 	 PGD Acc
[2025/10/20 21:21:53] - 2.5733 	 	 0.5164 	 2.8710 	 0.2782
[2025/10/20 21:22:43] - 60 	 27.5 	 	 0.2000 	 4.0949 	 0.2760
[2025/10/20 21:22:43] - ==> Building model..
[2025/10/20 21:23:08] - Test Loss 	 Test Acc 	 PGD Loss 	 PGD Acc
[2025/10/20 21:23:08] - 2.5764 	 	 0.5162 	 2.8732 	 0.2790
[2025/10/20 21:23:59] - 61 	 27.5 	 	 0.2000 	 4.0946 	 0.2788
[2025/10/20 21:23:59] - ==> Building model..
[2025/10/20 21:24:24] - Test Loss 	 Test Acc 	 PGD Loss 	 PGD Acc
[2025/10/20 21:24:24] - 2.5795 	 	 0.5150 	 2.8755 	 0.2802
[2025/10/20 21:25:13] - 62 	 27.1 	 	 0.2000 	 4.0959 	 0.2763
[2025/10/20 21:25:13] - ==> Building model..
[2025/10/20 21:25:38] - Test Loss 	 Test Acc 	 PGD Loss 	 PGD Acc
[2025/10/20 21:25:38] - 2.5834 	 	 0.5150 	 2.8778 	 0.2804
[2025/10/20 21:26:31] - 63 	 28.5 	 	 0.2000 	 4.0956 	 0.2766
[2025/10/20 21:26:31] - ==> Building model..
[2025/10/20 21:26:56] - Test Loss 	 Test Acc 	 PGD Loss 	 PGD Acc
[2025/10/20 21:26:56] - 2.5874 	 	 0.5135 	 2.8803 	 0.2805
[2025/10/20 21:27:44] - 64 	 26.7 	 	 0.2000 	 4.0961 	 0.2764
[2025/10/20 21:27:44] - ==> Building model..
[2025/10/20 21:28:10] - Test Loss 	 Test Acc 	 PGD Loss 	 PGD Acc
[2025/10/20 21:28:10] - 2.5899 	 	 0.5144 	 2.8824 	 0.2805
[2025/10/20 21:28:59] - 65 	 26.5 	 	 0.2000 	 4.0969 	 0.2768
[2025/10/20 21:28:59] - ==> Building model..
[2025/10/20 21:29:24] - Test Loss 	 Test Acc 	 PGD Loss 	 PGD Acc
[2025/10/20 21:29:24] - 2.5931 	 	 0.5144 	 2.8849 	 0.2818
[2025/10/20 21:30:13] - 66 	 26.7 	 	 0.2000 	 4.0947 	 0.2769
[2025/10/20 21:30:13] - ==> Building model..
[2025/10/20 21:30:39] - Test Loss 	 Test Acc 	 PGD Loss 	 PGD Acc
[2025/10/20 21:30:39] - 2.5933 	 	 0.5136 	 2.8850 	 0.2813
[2025/10/20 21:31:26] - 67 	 25.8 	 	 0.2000 	 4.0949 	 0.2763
[2025/10/20 21:31:26] - ==> Building model..
[2025/10/20 21:31:53] - Test Loss 	 Test Acc 	 PGD Loss 	 PGD Acc
[2025/10/20 21:31:53] - 2.5950 	 	 0.5144 	 2.8857 	 0.2831
[2025/10/20 21:32:41] - 68 	 26.0 	 	 0.2000 	 4.0937 	 0.2775
[2025/10/20 21:32:41] - ==> Building model..
[2025/10/20 21:33:07] - Test Loss 	 Test Acc 	 PGD Loss 	 PGD Acc
[2025/10/20 21:33:07] - 2.5958 	 	 0.5147 	 2.8862 	 0.2823
[2025/10/20 21:33:55] - 69 	 25.2 	 	 0.2000 	 4.0958 	 0.2763
[2025/10/20 21:33:55] - ==> Building model..
[2025/10/20 21:34:21] - Test Loss 	 Test Acc 	 PGD Loss 	 PGD Acc
[2025/10/20 21:34:21] - 2.5971 	 	 0.5149 	 2.8865 	 0.2818
[2025/10/20 21:35:08] - 70 	 25.3 	 	 0.2000 	 4.0929 	 0.2808
[2025/10/20 21:35:08] - ==> Building model..
[2025/10/20 21:35:34] - Test Loss 	 Test Acc 	 PGD Loss 	 PGD Acc
[2025/10/20 21:35:34] - 2.5968 	 	 0.5147 	 2.8863 	 0.2815
[2025/10/20 21:36:23] - 71 	 26.1 	 	 0.2000 	 4.0943 	 0.2776
[2025/10/20 21:36:23] - ==> Building model..
[2025/10/20 21:36:48] - Test Loss 	 Test Acc 	 PGD Loss 	 PGD Acc
[2025/10/20 21:36:48] - 2.5965 	 	 0.5136 	 2.8859 	 0.2818
[2025/10/20 21:37:39] - 72 	 26.9 	 	 0.2000 	 4.0938 	 0.2770
[2025/10/20 21:37:39] - ==> Building model..
[2025/10/20 21:38:04] - Test Loss 	 Test Acc 	 PGD Loss 	 PGD Acc
[2025/10/20 21:38:04] - 2.5979 	 	 0.5143 	 2.8869 	 0.2827
[2025/10/20 21:38:52] - 73 	 26.2 	 	 0.2000 	 4.0922 	 0.2801
[2025/10/20 21:38:52] - ==> Building model..
[2025/10/20 21:39:17] - Test Loss 	 Test Acc 	 PGD Loss 	 PGD Acc
[2025/10/20 21:39:17] - 2.5982 	 	 0.5153 	 2.8878 	 0.2829
[2025/10/20 21:40:07] - 74 	 27.1 	 	 0.2000 	 4.0926 	 0.2803
[2025/10/20 21:40:07] - ==> Building model..
[2025/10/20 21:40:32] - Test Loss 	 Test Acc 	 PGD Loss 	 PGD Acc
[2025/10/20 21:40:32] - 2.6017 	 	 0.5143 	 2.8892 	 0.2820
[2025/10/20 21:41:22] - 75 	 26.9 	 	 0.2000 	 4.0917 	 0.2798
[2025/10/20 21:41:22] - ==> Building model..
[2025/10/20 21:41:47] - Test Loss 	 Test Acc 	 PGD Loss 	 PGD Acc
[2025/10/20 21:41:47] - 2.6029 	 	 0.5147 	 2.8900 	 0.2832
[2025/10/20 21:42:37] - 76 	 26.9 	 	 0.2000 	 4.0927 	 0.2786
[2025/10/20 21:42:37] - ==> Building model..
[2025/10/20 21:43:02] - Test Loss 	 Test Acc 	 PGD Loss 	 PGD Acc
[2025/10/20 21:43:02] - 2.6043 	 	 0.5146 	 2.8909 	 0.2839
[2025/10/20 21:43:54] - 77 	 27.8 	 	 0.2000 	 4.0929 	 0.2796
[2025/10/20 21:43:54] - ==> Building model..
[2025/10/20 21:44:18] - Test Loss 	 Test Acc 	 PGD Loss 	 PGD Acc
[2025/10/20 21:44:18] - 2.6051 	 	 0.5145 	 2.8914 	 0.2834
[2025/10/20 21:45:10] - 78 	 28.2 	 	 0.2000 	 4.0917 	 0.2792
[2025/10/20 21:45:10] - ==> Building model..
[2025/10/20 21:45:34] - Test Loss 	 Test Acc 	 PGD Loss 	 PGD Acc
[2025/10/20 21:45:34] - 2.6063 	 	 0.5142 	 2.8926 	 0.2827
[2025/10/20 21:46:24] - 79 	 27.1 	 	 0.2000 	 4.0904 	 0.2783
[2025/10/20 21:46:24] - ==> Building model..
[2025/10/20 21:46:49] - Test Loss 	 Test Acc 	 PGD Loss 	 PGD Acc
[2025/10/20 21:46:49] - 2.6058 	 	 0.5157 	 2.8920 	 0.2822
[2025/10/20 21:47:40] - 80 	 28.2 	 	 0.2000 	 4.0928 	 0.2792
[2025/10/20 21:47:40] - ==> Building model..
[2025/10/20 21:48:05] - Test Loss 	 Test Acc 	 PGD Loss 	 PGD Acc
[2025/10/20 21:48:05] - 2.6062 	 	 0.5165 	 2.8919 	 0.2828
[2025/10/20 21:48:55] - 81 	 27.8 	 	 0.2000 	 4.0944 	 0.2789
[2025/10/20 21:48:55] - ==> Building model..
[2025/10/20 21:49:19] - Test Loss 	 Test Acc 	 PGD Loss 	 PGD Acc
[2025/10/20 21:49:19] - 2.6056 	 	 0.5143 	 2.8905 	 0.2834
[2025/10/20 21:50:09] - 82 	 28.4 	 	 0.2000 	 4.0918 	 0.2815
[2025/10/20 21:50:09] - ==> Building model..
[2025/10/20 21:50:34] - Test Loss 	 Test Acc 	 PGD Loss 	 PGD Acc
[2025/10/20 21:50:34] - 2.6049 	 	 0.5143 	 2.8903 	 0.2824
[2025/10/20 21:51:24] - 83 	 28.0 	 	 0.2000 	 4.0927 	 0.2792
[2025/10/20 21:51:24] - ==> Building model..
[2025/10/20 21:51:49] - Test Loss 	 Test Acc 	 PGD Loss 	 PGD Acc
[2025/10/20 21:51:49] - 2.6060 	 	 0.5138 	 2.8909 	 0.2834
[2025/10/20 21:52:42] - 84 	 29.7 	 	 0.2000 	 4.0923 	 0.2789
[2025/10/20 21:52:42] - ==> Building model..
[2025/10/20 21:53:06] - Test Loss 	 Test Acc 	 PGD Loss 	 PGD Acc
[2025/10/20 21:53:06] - 2.6069 	 	 0.5144 	 2.8915 	 0.2823
[2025/10/20 21:53:56] - 85 	 28.5 	 	 0.2000 	 4.0934 	 0.2768
[2025/10/20 21:53:56] - ==> Building model..
[2025/10/20 21:54:20] - Test Loss 	 Test Acc 	 PGD Loss 	 PGD Acc
[2025/10/20 21:54:20] - 2.6083 	 	 0.5135 	 2.8922 	 0.2815
[2025/10/20 21:55:09] - 86 	 27.6 	 	 0.2000 	 4.0922 	 0.2796
[2025/10/20 21:55:09] - ==> Building model..
[2025/10/20 21:55:33] - Test Loss 	 Test Acc 	 PGD Loss 	 PGD Acc
[2025/10/20 21:55:33] - 2.6106 	 	 0.5131 	 2.8940 	 0.2825
[2025/10/20 21:56:25] - 87 	 28.8 	 	 0.2000 	 4.0908 	 0.2796
[2025/10/20 21:56:25] - ==> Building model..
[2025/10/20 21:56:49] - Test Loss 	 Test Acc 	 PGD Loss 	 PGD Acc
[2025/10/20 21:56:49] - 2.6093 	 	 0.5147 	 2.8928 	 0.2820
[2025/10/20 21:57:39] - 88 	 27.6 	 	 0.2000 	 4.0929 	 0.2772
[2025/10/20 21:57:39] - ==> Building model..
[2025/10/20 21:58:03] - Test Loss 	 Test Acc 	 PGD Loss 	 PGD Acc
[2025/10/20 21:58:03] - 2.6106 	 	 0.5147 	 2.8937 	 0.2815
[2025/10/20 21:58:56] - 89 	 29.1 	 	 0.2000 	 4.0925 	 0.2767
[2025/10/20 21:58:56] - ==> Building model..
[2025/10/20 21:59:20] - Test Loss 	 Test Acc 	 PGD Loss 	 PGD Acc
[2025/10/20 21:59:20] - 2.6111 	 	 0.5135 	 2.8938 	 0.2826
[2025/10/20 22:00:12] - 90 	 28.7 	 	 0.2000 	 4.0923 	 0.2770
[2025/10/20 22:00:12] - ==> Building model..
[2025/10/20 22:00:36] - Test Loss 	 Test Acc 	 PGD Loss 	 PGD Acc
[2025/10/20 22:00:36] - 2.6121 	 	 0.5131 	 2.8942 	 0.2818
[2025/10/20 22:01:27] - 91 	 28.7 	 	 0.2000 	 4.0909 	 0.2806
[2025/10/20 22:01:27] - ==> Building model..
[2025/10/20 22:01:51] - Test Loss 	 Test Acc 	 PGD Loss 	 PGD Acc
[2025/10/20 22:01:51] - 2.6126 	 	 0.5134 	 2.8944 	 0.2819
[2025/10/20 22:02:41] - 92 	 28.4 	 	 0.2000 	 4.0920 	 0.2772
[2025/10/20 22:02:41] - ==> Building model..
[2025/10/20 22:03:05] - Test Loss 	 Test Acc 	 PGD Loss 	 PGD Acc
[2025/10/20 22:03:05] - 2.6119 	 	 0.5132 	 2.8946 	 0.2829
[2025/10/20 22:03:56] - 93 	 28.5 	 	 0.2000 	 4.0929 	 0.2777
[2025/10/20 22:03:56] - ==> Building model..
[2025/10/20 22:04:20] - Test Loss 	 Test Acc 	 PGD Loss 	 PGD Acc
[2025/10/20 22:04:20] - 2.6132 	 	 0.5131 	 2.8955 	 0.2827
[2025/10/20 22:05:12] - 94 	 28.8 	 	 0.0200 	 3.9991 	 0.3406
[2025/10/20 22:05:12] - ==> Building model..
[2025/10/20 22:05:37] - Test Loss 	 Test Acc 	 PGD Loss 	 PGD Acc
[2025/10/20 22:05:37] - 2.6104 	 	 0.5138 	 2.8932 	 0.2828
[2025/10/20 22:06:28] - 95 	 28.4 	 	 0.0200 	 3.9058 	 0.4028
[2025/10/20 22:06:28] - ==> Building model..
[2025/10/20 22:06:52] - Test Loss 	 Test Acc 	 PGD Loss 	 PGD Acc
[2025/10/20 22:06:52] - 2.6091 	 	 0.5137 	 2.8924 	 0.2834
[2025/10/20 22:07:43] - 96 	 28.5 	 	 0.0200 	 3.8801 	 0.4196
[2025/10/20 22:07:43] - ==> Building model..
[2025/10/20 22:08:06] - Test Loss 	 Test Acc 	 PGD Loss 	 PGD Acc
[2025/10/20 22:08:06] - 2.6086 	 	 0.5141 	 2.8924 	 0.2820
[2025/10/20 22:08:58] - 97 	 28.6 	 	 0.0200 	 3.8626 	 0.4312
[2025/10/20 22:08:58] - ==> Building model..
[2025/10/20 22:09:22] - Test Loss 	 Test Acc 	 PGD Loss 	 PGD Acc
[2025/10/20 22:09:22] - 2.6091 	 	 0.5141 	 2.8930 	 0.2826
[2025/10/20 22:10:13] - 98 	 28.7 	 	 0.0200 	 3.8488 	 0.4411
[2025/10/20 22:10:13] - ==> Building model..
[2025/10/20 22:10:37] - Test Loss 	 Test Acc 	 PGD Loss 	 PGD Acc
[2025/10/20 22:10:37] - 2.6109 	 	 0.5144 	 2.8942 	 0.2840
[2025/10/20 22:11:28] - 99 	 28.6 	 	 0.0020 	 3.8171 	 0.4666
[2025/10/20 22:11:28] - ==> Building model..
[2025/10/20 22:11:53] - Test Loss 	 Test Acc 	 PGD Loss 	 PGD Acc
[2025/10/20 22:11:53] - 2.6127 	 	 0.5143 	 2.8957 	 0.2833
[2025/10/20 22:12:44] - 100 	 28.7 	 	 0.0020 	 3.7893 	 0.4897
[2025/10/20 22:12:44] - ==> Building model..
[2025/10/20 22:13:07] - Test Loss 	 Test Acc 	 PGD Loss 	 PGD Acc
[2025/10/20 22:13:07] - 2.6127 	 	 0.5143 	 2.8956 	 0.2828
[2025/10/20 22:13:59] - 101 	 28.5 	 	 0.0020 	 3.7838 	 0.4936
[2025/10/20 22:13:59] - ==> Building model..
[2025/10/20 22:14:23] - Test Loss 	 Test Acc 	 PGD Loss 	 PGD Acc
[2025/10/20 22:14:23] - 2.6131 	 	 0.5142 	 2.8962 	 0.2835
[2025/10/20 22:15:15] - 102 	 28.5 	 	 0.0020 	 3.7771 	 0.4997
[2025/10/20 22:15:15] - ==> Building model..
[2025/10/20 22:15:39] - Test Loss 	 Test Acc 	 PGD Loss 	 PGD Acc
[2025/10/20 22:15:39] - 2.6137 	 	 0.5141 	 2.8962 	 0.2840
[2025/10/20 22:16:30] - 103 	 28.4 	 	 0.0020 	 3.7734 	 0.5028
[2025/10/20 22:16:30] - ==> Building model..
[2025/10/20 22:16:54] - Test Loss 	 Test Acc 	 PGD Loss 	 PGD Acc
[2025/10/20 22:16:54] - 2.6142 	 	 0.5140 	 2.8971 	 0.2838
[2025/10/20 22:17:47] - 104 	 28.8 	 	 0.0020 	 3.7685 	 0.5060
[2025/10/20 22:17:47] - ==> Building model..
[2025/10/20 22:18:12] - Test Loss 	 Test Acc 	 PGD Loss 	 PGD Acc
[2025/10/20 22:18:12] - 2.6142 	 	 0.5140 	 2.8967 	 0.2833
[2025/10/20 22:19:03] - 105 	 28.4 	 	 0.0020 	 3.7655 	 0.5078
[2025/10/20 22:19:03] - ==> Building model..
[2025/10/20 22:19:28] - Test Loss 	 Test Acc 	 PGD Loss 	 PGD Acc
[2025/10/20 22:19:28] - 2.6148 	 	 0.5139 	 2.8977 	 0.2840
[2025/10/20 22:20:20] - 106 	 28.1 	 	 0.0020 	 3.7611 	 0.5132
[2025/10/20 22:20:20] - ==> Building model..
[2025/10/20 22:20:44] - Test Loss 	 Test Acc 	 PGD Loss 	 PGD Acc
[2025/10/20 22:20:44] - 2.6148 	 	 0.5139 	 2.8980 	 0.2838
[2025/10/20 22:21:35] - 107 	 27.4 	 	 0.0020 	 3.7571 	 0.5138
[2025/10/20 22:21:35] - ==> Building model..
[2025/10/20 22:22:00] - Test Loss 	 Test Acc 	 PGD Loss 	 PGD Acc
[2025/10/20 22:22:00] - 2.6155 	 	 0.5141 	 2.8982 	 0.2838
[2025/10/20 22:22:52] - 108 	 28.9 	 	 0.0020 	 3.7534 	 0.5195
[2025/10/20 22:22:52] - ==> Building model..
[2025/10/20 22:23:16] - Test Loss 	 Test Acc 	 PGD Loss 	 PGD Acc
[2025/10/20 22:23:16] - 2.6155 	 	 0.5141 	 2.8982 	 0.2838
[2025/10/20 22:24:03] - 109 	 25.6 	 	 0.0020 	 3.7495 	 0.5210
[2025/10/20 22:24:03] - ==> Building model..
[2025/10/20 22:24:27] - Test Loss 	 Test Acc 	 PGD Loss 	 PGD Acc
[2025/10/20 22:24:27] - 2.6155 	 	 0.5141 	 2.8977 	 0.2831
[2025/10/20 22:24:27] - [0.0734, 0.1194, 0.1715, 0.2302, 0.2644, 0.3023, 0.3374, 0.3742, 0.3973, 0.4113, 0.4253, 0.4339, 0.4391, 0.4485, 0.4565, 0.4603, 0.4646, 0.4674, 0.4709, 0.4754, 0.4781, 0.4822, 0.4851, 0.4892, 0.4914, 0.489, 0.4924, 0.493, 0.4948, 0.4967, 0.4955, 0.4985, 0.4984, 0.4984, 0.5003, 0.5014, 0.5049, 0.5064, 0.5066, 0.5053, 0.5065, 0.5065, 0.5078, 0.5077, 0.5086, 0.5061, 0.5074, 0.5078, 0.5093, 0.5105, 0.5127, 0.515, 0.5139, 0.515, 0.5137, 0.5137, 0.516, 0.5156, 0.5157, 0.5164, 0.5162, 0.515, 0.515, 0.5135, 0.5144, 0.5144, 0.5136, 0.5144, 0.5147, 0.5149, 0.5147, 0.5136, 0.5143, 0.5153, 0.5143, 0.5147, 0.5146, 0.5145, 0.5142, 0.5157, 0.5165, 0.5143, 0.5143, 0.5138, 0.5144, 0.5135, 0.5131, 0.5147, 0.5147, 0.5135, 0.5131, 0.5134, 0.5132, 0.5131, 0.5138, 0.5137, 0.5141, 0.5141, 0.5144, 0.5143, 0.5143, 0.5142, 0.5141, 0.514, 0.514, 0.5139, 0.5139, 0.5141, 0.5141, 0.5141]
[2025/10/20 22:24:27] - [0.0494, 0.0771, 0.1046, 0.136, 0.1559, 0.1745, 0.1899, 0.2043, 0.2138, 0.2229, 0.2286, 0.2358, 0.2372, 0.2409, 0.2452, 0.2492, 0.2491, 0.2498, 0.253, 0.2542, 0.2578, 0.2573, 0.2586, 0.2601, 0.2628, 0.264, 0.2639, 0.2646, 0.2666, 0.2658, 0.2664, 0.2675, 0.2671, 0.2666, 0.2688, 0.2708, 0.2699, 0.2716, 0.2723, 0.2735, 0.2733, 0.2744, 0.2745, 0.2745, 0.2755, 0.2745, 0.2754, 0.2762, 0.276, 0.2754, 0.2755, 0.278, 0.2757, 0.2774, 0.2784, 0.2778, 0.2781, 0.2767, 0.2784, 0.2782, 0.279, 0.2802, 0.2804, 0.2805, 0.2805, 0.2818, 0.2813, 0.2831, 0.2823, 0.2818, 0.2815, 0.2818, 0.2827, 0.2829, 0.282, 0.2832, 0.2839, 0.2834, 0.2827, 0.2822, 0.2828, 0.2834, 0.2824, 0.2834, 0.2823, 0.2815, 0.2825, 0.282, 0.2815, 0.2826, 0.2818, 0.2819, 0.2829, 0.2827, 0.2828, 0.2834, 0.282, 0.2826, 0.284, 0.2833, 0.2828, 0.2835, 0.284, 0.2838, 0.2833, 0.284, 0.2838, 0.2838, 0.2838, 0.2831]
