[2025/09/20 16:48:12] - Namespace(batch_size=128, data_dir='./tiny-imagenet-200', epochs=110, lr_schedule='multistep', lr_min=0.0, lr_max=0.1, weight_decay=0.0005, momentum=0.9, model='PreActResNest18', epsilon=8, alpha=8, delta_init='random', normal_mean=0, normal_std=1, out_dir='./output/Tiny_ImageNet/lam_scale_0.05', seed=0, lamda=38, lam_scale=0.05, lam_start=50, gamma=0.025, inner_gamma=0.025, beta=0.6, mu=3.5, batch_m=0.75, early_stop=False, factor=0.3, length=6, n_holes=1, c_num=0.125, EMA_value=0.55)
[2025/09/20 16:50:27] - ==> Building model..
[2025/09/20 16:50:27] - Epoch 	 Seconds 	 LR 	 	 Train Loss 	 Train Acc
[2025/09/20 16:54:56] - 0 	 260.1 	 	 0.1000 	 5.2889 	 0.0293
[2025/09/20 16:54:56] - ==> Building model..
[2025/09/20 16:56:32] - Test Loss 	 Test Acc 	 PGD Loss 	 PGD Acc
[2025/09/20 16:56:32] - 4.9476 	 	 0.0865 	 4.9620 	 0.0463
[2025/09/20 17:01:02] - 1 	 261.6 	 	 0.1000 	 5.2280 	 0.0719
[2025/09/20 17:01:02] - ==> Building model..
[2025/09/20 17:02:38] - Test Loss 	 Test Acc 	 PGD Loss 	 PGD Acc
[2025/09/20 17:02:38] - 4.7353 	 	 0.1453 	 4.7732 	 0.0750
[2025/09/20 17:07:12] - 2 	 264.1 	 	 0.1000 	 5.1964 	 0.1019
[2025/09/20 17:07:12] - ==> Building model..
[2025/09/20 17:08:49] - Test Loss 	 Test Acc 	 PGD Loss 	 PGD Acc
[2025/09/20 17:08:49] - 4.5801 	 	 0.1880 	 4.6410 	 0.0976
[2025/09/20 17:13:22] - 3 	 264.2 	 	 0.1000 	 5.1702 	 0.1259
[2025/09/20 17:13:22] - ==> Building model..
[2025/09/20 17:15:02] - Test Loss 	 Test Acc 	 PGD Loss 	 PGD Acc
[2025/09/20 17:15:02] - 4.4774 	 	 0.2147 	 4.5568 	 0.1111
[2025/09/20 17:19:32] - 4 	 259.9 	 	 0.1000 	 5.1464 	 0.1467
[2025/09/20 17:19:32] - ==> Building model..
[2025/09/20 17:21:12] - Test Loss 	 Test Acc 	 PGD Loss 	 PGD Acc
[2025/09/20 17:21:12] - 4.4347 	 	 0.2333 	 4.5250 	 0.1186
[2025/09/20 17:25:40] - 5 	 258.2 	 	 0.1000 	 5.1263 	 0.1654
[2025/09/20 17:25:40] - ==> Building model..
[2025/09/20 17:27:22] - Test Loss 	 Test Acc 	 PGD Loss 	 PGD Acc
[2025/09/20 17:27:22] - 4.4277 	 	 0.2438 	 4.5233 	 0.1233
[2025/09/20 17:31:52] - 6 	 258.5 	 	 0.1000 	 5.1124 	 0.1789
[2025/09/20 17:31:52] - ==> Building model..
[2025/09/20 17:33:33] - Test Loss 	 Test Acc 	 PGD Loss 	 PGD Acc
[2025/09/20 17:33:33] - 4.3542 	 	 0.2638 	 4.4650 	 0.1314
[2025/09/20 17:37:57] - 7 	 252.4 	 	 0.1000 	 5.1007 	 0.1916
[2025/09/20 17:37:57] - ==> Building model..
[2025/09/20 17:39:36] - Test Loss 	 Test Acc 	 PGD Loss 	 PGD Acc
[2025/09/20 17:39:36] - 4.1861 	 	 0.2973 	 4.3305 	 0.1502
[2025/09/20 17:43:58] - 8 	 249.5 	 	 0.1000 	 5.0898 	 0.2022
[2025/09/20 17:43:58] - ==> Building model..
[2025/09/20 17:45:39] - Test Loss 	 Test Acc 	 PGD Loss 	 PGD Acc
[2025/09/20 17:45:39] - 4.0255 	 	 0.3325 	 4.2062 	 0.1672
[2025/09/20 17:50:09] - 9 	 256.5 	 	 0.1000 	 5.0809 	 0.2105
[2025/09/20 17:50:09] - ==> Building model..
[2025/09/20 17:51:53] - Test Loss 	 Test Acc 	 PGD Loss 	 PGD Acc
[2025/09/20 17:51:53] - 3.9179 	 	 0.3522 	 4.1232 	 0.1779
[2025/09/20 17:56:13] - 10 	 248.7 	 	 0.1000 	 5.0735 	 0.2187
[2025/09/20 17:56:13] - ==> Building model..
[2025/09/20 17:57:41] - Test Loss 	 Test Acc 	 PGD Loss 	 PGD Acc
[2025/09/20 17:57:41] - 3.8418 	 	 0.3682 	 4.0660 	 0.1868
[2025/09/20 18:01:54] - 11 	 243.1 	 	 0.1000 	 5.0659 	 0.2249
[2025/09/20 18:01:54] - ==> Building model..
[2025/09/20 18:03:35] - Test Loss 	 Test Acc 	 PGD Loss 	 PGD Acc
[2025/09/20 18:03:35] - 3.7906 	 	 0.3784 	 4.0277 	 0.1907
[2025/09/20 18:08:00] - 12 	 255.5 	 	 0.1000 	 5.0598 	 0.2325
[2025/09/20 18:08:00] - ==> Building model..
[2025/09/20 18:09:43] - Test Loss 	 Test Acc 	 PGD Loss 	 PGD Acc
[2025/09/20 18:09:43] - 3.7503 	 	 0.3871 	 3.9982 	 0.1945
[2025/09/20 18:14:11] - 13 	 258.3 	 	 0.1000 	 5.0540 	 0.2384
[2025/09/20 18:14:11] - ==> Building model..
[2025/09/20 18:15:55] - Test Loss 	 Test Acc 	 PGD Loss 	 PGD Acc
[2025/09/20 18:15:55] - 3.7130 	 	 0.3930 	 3.9709 	 0.1982
[2025/09/20 18:20:24] - 14 	 259.9 	 	 0.1000 	 5.0490 	 0.2425
[2025/09/20 18:20:24] - ==> Building model..
[2025/09/20 18:22:06] - Test Loss 	 Test Acc 	 PGD Loss 	 PGD Acc
[2025/09/20 18:22:06] - 3.6800 	 	 0.4011 	 3.9475 	 0.1998
[2025/09/20 18:26:43] - 15 	 267.6 	 	 0.1000 	 5.0443 	 0.2484
[2025/09/20 18:26:43] - ==> Building model..
[2025/09/20 18:28:18] - Test Loss 	 Test Acc 	 PGD Loss 	 PGD Acc
[2025/09/20 18:28:18] - 3.6567 	 	 0.4058 	 3.9321 	 0.2032
[2025/09/20 18:32:48] - 16 	 261.2 	 	 0.1000 	 5.0403 	 0.2516
[2025/09/20 18:32:48] - ==> Building model..
[2025/09/20 18:34:20] - Test Loss 	 Test Acc 	 PGD Loss 	 PGD Acc
[2025/09/20 18:34:20] - 3.6336 	 	 0.4123 	 3.9160 	 0.2057
[2025/09/20 18:38:50] - 17 	 260.7 	 	 0.1000 	 5.0361 	 0.2570
[2025/09/20 18:38:50] - ==> Building model..
[2025/09/20 18:40:24] - Test Loss 	 Test Acc 	 PGD Loss 	 PGD Acc
[2025/09/20 18:40:24] - 3.6128 	 	 0.4148 	 3.9013 	 0.2075
[2025/09/20 18:44:54] - 18 	 261.0 	 	 0.1000 	 5.0326 	 0.2606
[2025/09/20 18:44:54] - ==> Building model..
[2025/09/20 18:46:35] - Test Loss 	 Test Acc 	 PGD Loss 	 PGD Acc
[2025/09/20 18:46:35] - 3.5945 	 	 0.4182 	 3.8878 	 0.2092
[2025/09/20 18:51:03] - 19 	 258.7 	 	 0.1000 	 5.0298 	 0.2642
[2025/09/20 18:51:03] - ==> Building model..
[2025/09/20 18:52:47] - Test Loss 	 Test Acc 	 PGD Loss 	 PGD Acc
[2025/09/20 18:52:47] - 3.5773 	 	 0.4216 	 3.8756 	 0.2095
[2025/09/20 18:57:17] - 20 	 260.3 	 	 0.1000 	 5.0272 	 0.2656
[2025/09/20 18:57:17] - ==> Building model..
[2025/09/20 18:59:01] - Test Loss 	 Test Acc 	 PGD Loss 	 PGD Acc
[2025/09/20 18:59:01] - 3.5632 	 	 0.4226 	 3.8653 	 0.2122
[2025/09/20 19:03:30] - 21 	 259.9 	 	 0.1000 	 5.0248 	 0.2674
[2025/09/20 19:03:30] - ==> Building model..
[2025/09/20 19:05:15] - Test Loss 	 Test Acc 	 PGD Loss 	 PGD Acc
[2025/09/20 19:05:15] - 3.5515 	 	 0.4266 	 3.8581 	 0.2115
[2025/09/20 19:09:40] - 22 	 255.7 	 	 0.1000 	 5.0220 	 0.2709
[2025/09/20 19:09:40] - ==> Building model..
[2025/09/20 19:11:22] - Test Loss 	 Test Acc 	 PGD Loss 	 PGD Acc
[2025/09/20 19:11:22] - 3.5369 	 	 0.4286 	 3.8472 	 0.2127
[2025/09/20 19:15:50] - 23 	 258.5 	 	 0.1000 	 5.0198 	 0.2737
[2025/09/20 19:15:50] - ==> Building model..
[2025/09/20 19:17:34] - Test Loss 	 Test Acc 	 PGD Loss 	 PGD Acc
[2025/09/20 19:17:34] - 3.5250 	 	 0.4325 	 3.8395 	 0.2149
[2025/09/20 19:22:03] - 24 	 258.6 	 	 0.1000 	 5.0177 	 0.2747
[2025/09/20 19:22:03] - ==> Building model..
[2025/09/20 19:23:46] - Test Loss 	 Test Acc 	 PGD Loss 	 PGD Acc
[2025/09/20 19:23:46] - 3.5148 	 	 0.4343 	 3.8327 	 0.2152
[2025/09/20 19:28:18] - 25 	 263.4 	 	 0.1000 	 5.0161 	 0.2777
[2025/09/20 19:28:18] - ==> Building model..
[2025/09/20 19:29:58] - Test Loss 	 Test Acc 	 PGD Loss 	 PGD Acc
[2025/09/20 19:29:58] - 3.5044 	 	 0.4369 	 3.8256 	 0.2153
[2025/09/20 19:34:30] - 26 	 263.2 	 	 0.1000 	 5.0138 	 0.2799
[2025/09/20 19:34:30] - ==> Building model..
[2025/09/20 19:36:12] - Test Loss 	 Test Acc 	 PGD Loss 	 PGD Acc
[2025/09/20 19:36:12] - 3.4951 	 	 0.4378 	 3.8194 	 0.2164
[2025/09/20 19:40:40] - 27 	 258.9 	 	 0.1000 	 5.0124 	 0.2809
[2025/09/20 19:40:40] - ==> Building model..
[2025/09/20 19:42:20] - Test Loss 	 Test Acc 	 PGD Loss 	 PGD Acc
[2025/09/20 19:42:20] - 3.4872 	 	 0.4401 	 3.8142 	 0.2187
[2025/09/20 19:46:47] - 28 	 257.5 	 	 0.1000 	 5.0099 	 0.2836
[2025/09/20 19:46:47] - ==> Building model..
[2025/09/20 19:48:24] - Test Loss 	 Test Acc 	 PGD Loss 	 PGD Acc
[2025/09/20 19:48:24] - 3.4774 	 	 0.4428 	 3.8075 	 0.2188
[2025/09/20 19:52:53] - 29 	 259.3 	 	 0.1000 	 5.0088 	 0.2842
[2025/09/20 19:52:53] - ==> Building model..
[2025/09/20 19:54:34] - Test Loss 	 Test Acc 	 PGD Loss 	 PGD Acc
[2025/09/20 19:54:34] - 3.4709 	 	 0.4454 	 3.8033 	 0.2197
[2025/09/20 19:59:02] - 30 	 258.5 	 	 0.1000 	 5.0077 	 0.2870
[2025/09/20 19:59:02] - ==> Building model..
[2025/09/20 20:00:44] - Test Loss 	 Test Acc 	 PGD Loss 	 PGD Acc
[2025/09/20 20:00:44] - 3.4644 	 	 0.4462 	 3.7984 	 0.2194
[2025/09/20 20:05:11] - 31 	 257.1 	 	 0.1000 	 5.0059 	 0.2869
[2025/09/20 20:05:11] - ==> Building model..
[2025/09/20 20:06:56] - Test Loss 	 Test Acc 	 PGD Loss 	 PGD Acc
[2025/09/20 20:06:56] - 3.4589 	 	 0.4475 	 3.7960 	 0.2204
[2025/09/20 20:11:26] - 32 	 260.1 	 	 0.1000 	 5.0049 	 0.2884
[2025/09/20 20:11:26] - ==> Building model..
[2025/09/20 20:13:09] - Test Loss 	 Test Acc 	 PGD Loss 	 PGD Acc
[2025/09/20 20:13:09] - 3.4523 	 	 0.4491 	 3.7913 	 0.2206
[2025/09/20 20:17:42] - 33 	 263.9 	 	 0.1000 	 5.0034 	 0.2894
[2025/09/20 20:17:42] - ==> Building model..
[2025/09/20 20:19:14] - Test Loss 	 Test Acc 	 PGD Loss 	 PGD Acc
[2025/09/20 20:19:14] - 3.4478 	 	 0.4495 	 3.7882 	 0.2226
[2025/09/20 20:23:41] - 34 	 258.0 	 	 0.1000 	 5.0017 	 0.2919
[2025/09/20 20:23:41] - ==> Building model..
[2025/09/20 20:25:11] - Test Loss 	 Test Acc 	 PGD Loss 	 PGD Acc
[2025/09/20 20:25:11] - 3.4413 	 	 0.4523 	 3.7841 	 0.2234
[2025/09/20 20:29:42] - 35 	 262.1 	 	 0.1000 	 5.0005 	 0.2937
[2025/09/20 20:29:42] - ==> Building model..
[2025/09/20 20:31:19] - Test Loss 	 Test Acc 	 PGD Loss 	 PGD Acc
[2025/09/20 20:31:19] - 3.4363 	 	 0.4514 	 3.7808 	 0.2240
[2025/09/20 20:35:50] - 36 	 261.2 	 	 0.1000 	 5.0004 	 0.2928
[2025/09/20 20:35:50] - ==> Building model..
[2025/09/20 20:37:30] - Test Loss 	 Test Acc 	 PGD Loss 	 PGD Acc
[2025/09/20 20:37:30] - 3.4312 	 	 0.4542 	 3.7777 	 0.2250
[2025/09/20 20:41:57] - 37 	 257.7 	 	 0.1000 	 4.9985 	 0.2962
[2025/09/20 20:41:57] - ==> Building model..
[2025/09/20 20:43:40] - Test Loss 	 Test Acc 	 PGD Loss 	 PGD Acc
[2025/09/20 20:43:40] - 3.4274 	 	 0.4561 	 3.7764 	 0.2260
[2025/09/20 20:48:06] - 38 	 256.4 	 	 0.1000 	 4.9983 	 0.2969
[2025/09/20 20:48:06] - ==> Building model..
[2025/09/20 20:49:48] - Test Loss 	 Test Acc 	 PGD Loss 	 PGD Acc
[2025/09/20 20:49:48] - 3.4228 	 	 0.4566 	 3.7733 	 0.2260
[2025/09/20 20:54:15] - 39 	 256.9 	 	 0.1000 	 4.9968 	 0.2961
[2025/09/20 20:54:15] - ==> Building model..
[2025/09/20 20:55:52] - Test Loss 	 Test Acc 	 PGD Loss 	 PGD Acc
[2025/09/20 20:55:52] - 3.4190 	 	 0.4563 	 3.7707 	 0.2273
[2025/09/20 21:00:21] - 40 	 260.2 	 	 0.1000 	 4.9959 	 0.2962
[2025/09/20 21:00:21] - ==> Building model..
[2025/09/20 21:01:58] - Test Loss 	 Test Acc 	 PGD Loss 	 PGD Acc
[2025/09/20 21:01:58] - 3.4143 	 	 0.4574 	 3.7674 	 0.2266
[2025/09/20 21:06:28] - 41 	 260.9 	 	 0.1000 	 4.9950 	 0.2996
[2025/09/20 21:06:28] - ==> Building model..
[2025/09/20 21:08:09] - Test Loss 	 Test Acc 	 PGD Loss 	 PGD Acc
[2025/09/20 21:08:09] - 3.4114 	 	 0.4598 	 3.7661 	 0.2274
[2025/09/20 21:12:35] - 42 	 255.2 	 	 0.1000 	 4.9950 	 0.3004
[2025/09/20 21:12:35] - ==> Building model..
[2025/09/20 21:14:15] - Test Loss 	 Test Acc 	 PGD Loss 	 PGD Acc
[2025/09/20 21:14:15] - 3.4096 	 	 0.4596 	 3.7651 	 0.2274
[2025/09/20 21:18:41] - 43 	 255.4 	 	 0.1000 	 4.9936 	 0.3007
[2025/09/20 21:18:41] - ==> Building model..
[2025/09/20 21:20:24] - Test Loss 	 Test Acc 	 PGD Loss 	 PGD Acc
[2025/09/20 21:20:24] - 3.4068 	 	 0.4601 	 3.7633 	 0.2276
[2025/09/20 21:24:49] - 44 	 254.9 	 	 0.1000 	 4.9929 	 0.3016
[2025/09/20 21:24:49] - ==> Building model..
[2025/09/20 21:26:24] - Test Loss 	 Test Acc 	 PGD Loss 	 PGD Acc
[2025/09/20 21:26:24] - 3.4040 	 	 0.4616 	 3.7620 	 0.2278
[2025/09/20 21:30:34] - 45 	 236.3 	 	 0.1000 	 4.9926 	 0.3024
[2025/09/20 21:30:34] - ==> Building model..
[2025/09/20 21:32:12] - Test Loss 	 Test Acc 	 PGD Loss 	 PGD Acc
[2025/09/20 21:32:12] - 3.4017 	 	 0.4630 	 3.7615 	 0.2283
[2025/09/20 21:36:26] - 46 	 240.7 	 	 0.1000 	 4.9917 	 0.3025
[2025/09/20 21:36:26] - ==> Building model..
[2025/09/20 21:37:57] - Test Loss 	 Test Acc 	 PGD Loss 	 PGD Acc
[2025/09/20 21:37:57] - 3.4010 	 	 0.4625 	 3.7609 	 0.2285
[2025/09/20 21:42:02] - 47 	 232.9 	 	 0.1000 	 4.9915 	 0.3037
[2025/09/20 21:42:02] - ==> Building model..
[2025/09/20 21:43:34] - Test Loss 	 Test Acc 	 PGD Loss 	 PGD Acc
[2025/09/20 21:43:34] - 3.3990 	 	 0.4618 	 3.7601 	 0.2293
[2025/09/20 21:47:38] - 48 	 231.9 	 	 0.1000 	 4.9906 	 0.3031
[2025/09/20 21:47:38] - ==> Building model..
[2025/09/20 21:49:09] - Test Loss 	 Test Acc 	 PGD Loss 	 PGD Acc
[2025/09/20 21:49:09] - 3.3974 	 	 0.4621 	 3.7590 	 0.2294
[2025/09/20 21:53:30] - 49 	 249.1 	 	 0.1000 	 4.9902 	 0.3036
[2025/09/20 21:53:30] - ==> Building model..
[2025/09/20 21:55:07] - Test Loss 	 Test Acc 	 PGD Loss 	 PGD Acc
[2025/09/20 21:55:07] - 3.3966 	 	 0.4630 	 3.7590 	 0.2301
[2025/09/20 21:59:34] - 50 	 255.1 	 	 0.1000 	 4.9885 	 0.3058
[2025/09/20 21:59:34] - ==> Building model..
[2025/09/20 22:01:10] - Test Loss 	 Test Acc 	 PGD Loss 	 PGD Acc
[2025/09/20 22:01:10] - 3.3947 	 	 0.4632 	 3.7582 	 0.2317
[2025/09/20 22:05:34] - 51 	 254.3 	 	 0.1000 	 4.9890 	 0.3050
[2025/09/20 22:05:34] - ==> Building model..
[2025/09/20 22:07:17] - Test Loss 	 Test Acc 	 PGD Loss 	 PGD Acc
[2025/09/20 22:07:17] - 3.3930 	 	 0.4644 	 3.7572 	 0.2316
[2025/09/20 22:11:44] - 52 	 257.3 	 	 0.1000 	 4.9886 	 0.3059
[2025/09/20 22:11:44] - ==> Building model..
[2025/09/20 22:13:27] - Test Loss 	 Test Acc 	 PGD Loss 	 PGD Acc
[2025/09/20 22:13:27] - 3.3912 	 	 0.4652 	 3.7570 	 0.2308
[2025/09/20 22:17:57] - 53 	 259.6 	 	 0.1000 	 4.9880 	 0.3070
[2025/09/20 22:17:57] - ==> Building model..
[2025/09/20 22:19:38] - Test Loss 	 Test Acc 	 PGD Loss 	 PGD Acc
[2025/09/20 22:19:38] - 3.3902 	 	 0.4655 	 3.7569 	 0.2307
[2025/09/20 22:24:08] - 54 	 259.7 	 	 0.1000 	 4.9879 	 0.3066
[2025/09/20 22:24:08] - ==> Building model..
[2025/09/20 22:25:42] - Test Loss 	 Test Acc 	 PGD Loss 	 PGD Acc
[2025/09/20 22:25:42] - 3.3885 	 	 0.4671 	 3.7555 	 0.2304
[2025/09/20 22:30:00] - 55 	 243.7 	 	 0.1000 	 4.9871 	 0.3063
[2025/09/20 22:30:00] - ==> Building model..
[2025/09/20 22:31:41] - Test Loss 	 Test Acc 	 PGD Loss 	 PGD Acc
[2025/09/20 22:31:41] - 3.3869 	 	 0.4688 	 3.7553 	 0.2308
[2025/09/20 22:36:05] - 56 	 250.1 	 	 0.1000 	 4.9868 	 0.3073
[2025/09/20 22:36:05] - ==> Building model..
[2025/09/20 22:37:49] - Test Loss 	 Test Acc 	 PGD Loss 	 PGD Acc
[2025/09/20 22:37:49] - 3.3854 	 	 0.4696 	 3.7549 	 0.2311
[2025/09/20 22:42:17] - 57 	 256.9 	 	 0.1000 	 4.9861 	 0.3103
[2025/09/20 22:42:17] - ==> Building model..
[2025/09/20 22:43:58] - Test Loss 	 Test Acc 	 PGD Loss 	 PGD Acc
[2025/09/20 22:43:58] - 3.3841 	 	 0.4685 	 3.7544 	 0.2315
[2025/09/20 22:48:25] - 58 	 256.2 	 	 0.1000 	 4.9867 	 0.3076
[2025/09/20 22:48:25] - ==> Building model..
[2025/09/20 22:50:02] - Test Loss 	 Test Acc 	 PGD Loss 	 PGD Acc
[2025/09/20 22:50:02] - 3.3837 	 	 0.4694 	 3.7546 	 0.2320
[2025/09/20 22:54:30] - 59 	 258.9 	 	 0.1000 	 4.9866 	 0.3091
[2025/09/20 22:54:30] - ==> Building model..
[2025/09/20 22:56:07] - Test Loss 	 Test Acc 	 PGD Loss 	 PGD Acc
[2025/09/20 22:56:07] - 3.3831 	 	 0.4696 	 3.7546 	 0.2329
[2025/09/20 23:00:36] - 60 	 258.8 	 	 0.1000 	 4.9859 	 0.3090
[2025/09/20 23:00:36] - ==> Building model..
[2025/09/20 23:02:16] - Test Loss 	 Test Acc 	 PGD Loss 	 PGD Acc
[2025/09/20 23:02:16] - 3.3832 	 	 0.4702 	 3.7547 	 0.2331
[2025/09/20 23:06:41] - 61 	 255.5 	 	 0.1000 	 4.9859 	 0.3098
[2025/09/20 23:06:41] - ==> Building model..
[2025/09/20 23:08:22] - Test Loss 	 Test Acc 	 PGD Loss 	 PGD Acc
[2025/09/20 23:08:22] - 3.3827 	 	 0.4702 	 3.7546 	 0.2330
[2025/09/20 23:12:47] - 62 	 256.3 	 	 0.1000 	 4.9854 	 0.3093
[2025/09/20 23:12:47] - ==> Building model..
[2025/09/20 23:14:31] - Test Loss 	 Test Acc 	 PGD Loss 	 PGD Acc
[2025/09/20 23:14:31] - 3.3827 	 	 0.4698 	 3.7554 	 0.2333
[2025/09/20 23:18:58] - 63 	 257.6 	 	 0.1000 	 4.9850 	 0.3121
[2025/09/20 23:18:58] - ==> Building model..
[2025/09/20 23:20:43] - Test Loss 	 Test Acc 	 PGD Loss 	 PGD Acc
[2025/09/20 23:20:43] - 3.3831 	 	 0.4700 	 3.7557 	 0.2323
[2025/09/20 23:25:11] - 64 	 258.4 	 	 0.1000 	 4.9852 	 0.3114
[2025/09/20 23:25:11] - ==> Building model..
[2025/09/20 23:26:51] - Test Loss 	 Test Acc 	 PGD Loss 	 PGD Acc
[2025/09/20 23:26:51] - 3.3838 	 	 0.4695 	 3.7568 	 0.2321
[2025/09/20 23:31:18] - 65 	 257.9 	 	 0.1000 	 4.9846 	 0.3110
[2025/09/20 23:31:18] - ==> Building model..
[2025/09/20 23:32:55] - Test Loss 	 Test Acc 	 PGD Loss 	 PGD Acc
[2025/09/20 23:32:55] - 3.3826 	 	 0.4695 	 3.7562 	 0.2335
[2025/09/20 23:37:27] - 66 	 262.2 	 	 0.1000 	 4.9845 	 0.3118
[2025/09/20 23:37:27] - ==> Building model..
[2025/09/20 23:39:00] - Test Loss 	 Test Acc 	 PGD Loss 	 PGD Acc
[2025/09/20 23:39:00] - 3.3826 	 	 0.4703 	 3.7564 	 0.2333
[2025/09/20 23:43:29] - 67 	 259.4 	 	 0.1000 	 4.9847 	 0.3137
[2025/09/20 23:43:29] - ==> Building model..
[2025/09/20 23:45:06] - Test Loss 	 Test Acc 	 PGD Loss 	 PGD Acc
[2025/09/20 23:45:06] - 3.3830 	 	 0.4690 	 3.7570 	 0.2330
[2025/09/20 23:49:41] - 68 	 265.5 	 	 0.1000 	 4.9846 	 0.3110
[2025/09/20 23:49:41] - ==> Building model..
[2025/09/20 23:51:18] - Test Loss 	 Test Acc 	 PGD Loss 	 PGD Acc
[2025/09/20 23:51:18] - 3.3836 	 	 0.4687 	 3.7569 	 0.2341
[2025/09/20 23:55:45] - 69 	 257.3 	 	 0.1000 	 4.9847 	 0.3132
[2025/09/20 23:55:45] - ==> Building model..
[2025/09/20 23:57:25] - Test Loss 	 Test Acc 	 PGD Loss 	 PGD Acc
[2025/09/20 23:57:25] - 3.3839 	 	 0.4677 	 3.7571 	 0.2342
[2025/09/21 00:01:49] - 70 	 254.4 	 	 0.1000 	 4.9841 	 0.3131
[2025/09/21 00:01:49] - ==> Building model..
[2025/09/21 00:03:30] - Test Loss 	 Test Acc 	 PGD Loss 	 PGD Acc
[2025/09/21 00:03:30] - 3.3827 	 	 0.4688 	 3.7564 	 0.2341
[2025/09/21 00:07:56] - 71 	 255.4 	 	 0.1000 	 4.9844 	 0.3123
[2025/09/21 00:07:56] - ==> Building model..
[2025/09/21 00:09:32] - Test Loss 	 Test Acc 	 PGD Loss 	 PGD Acc
[2025/09/21 00:09:32] - 3.3822 	 	 0.4698 	 3.7562 	 0.2344
[2025/09/21 00:14:00] - 72 	 258.8 	 	 0.1000 	 4.9840 	 0.3135
[2025/09/21 00:14:00] - ==> Building model..
[2025/09/21 00:15:37] - Test Loss 	 Test Acc 	 PGD Loss 	 PGD Acc
[2025/09/21 00:15:37] - 3.3824 	 	 0.4698 	 3.7559 	 0.2347
[2025/09/21 00:20:03] - 73 	 256.7 	 	 0.1000 	 4.9843 	 0.3127
[2025/09/21 00:20:03] - ==> Building model..
[2025/09/21 00:21:44] - Test Loss 	 Test Acc 	 PGD Loss 	 PGD Acc
[2025/09/21 00:21:44] - 3.3834 	 	 0.4699 	 3.7567 	 0.2349
[2025/09/21 00:26:11] - 74 	 257.4 	 	 0.1000 	 4.9838 	 0.3136
[2025/09/21 00:26:11] - ==> Building model..
[2025/09/21 00:27:55] - Test Loss 	 Test Acc 	 PGD Loss 	 PGD Acc
[2025/09/21 00:27:55] - 3.3851 	 	 0.4699 	 3.7584 	 0.2345
[2025/09/21 00:32:21] - 75 	 255.9 	 	 0.1000 	 4.9832 	 0.3135
[2025/09/21 00:32:21] - ==> Building model..
[2025/09/21 00:34:02] - Test Loss 	 Test Acc 	 PGD Loss 	 PGD Acc
[2025/09/21 00:34:02] - 3.3875 	 	 0.4701 	 3.7608 	 0.2344
[2025/09/21 00:38:28] - 76 	 255.9 	 	 0.1000 	 4.9827 	 0.3146
[2025/09/21 00:38:28] - ==> Building model..
[2025/09/21 00:40:09] - Test Loss 	 Test Acc 	 PGD Loss 	 PGD Acc
[2025/09/21 00:40:09] - 3.3892 	 	 0.4705 	 3.7631 	 0.2342
[2025/09/21 00:44:35] - 77 	 256.2 	 	 0.1000 	 4.9828 	 0.3151
[2025/09/21 00:44:35] - ==> Building model..
[2025/09/21 00:46:13] - Test Loss 	 Test Acc 	 PGD Loss 	 PGD Acc
[2025/09/21 00:46:13] - 3.3918 	 	 0.4712 	 3.7656 	 0.2351
[2025/09/21 00:50:40] - 78 	 257.6 	 	 0.1000 	 4.9831 	 0.3159
[2025/09/21 00:50:40] - ==> Building model..
[2025/09/21 00:52:16] - Test Loss 	 Test Acc 	 PGD Loss 	 PGD Acc
[2025/09/21 00:52:16] - 3.3947 	 	 0.4709 	 3.7687 	 0.2355
[2025/09/21 00:56:43] - 79 	 257.6 	 	 0.1000 	 4.9830 	 0.3140
[2025/09/21 00:56:43] - ==> Building model..
[2025/09/21 00:58:25] - Test Loss 	 Test Acc 	 PGD Loss 	 PGD Acc
[2025/09/21 00:58:25] - 3.3987 	 	 0.4713 	 3.7728 	 0.2363
[2025/09/21 01:02:51] - 80 	 255.9 	 	 0.1000 	 4.9824 	 0.3158
[2025/09/21 01:02:51] - ==> Building model..
[2025/09/21 01:04:33] - Test Loss 	 Test Acc 	 PGD Loss 	 PGD Acc
[2025/09/21 01:04:33] - 3.4021 	 	 0.4711 	 3.7762 	 0.2360
[2025/09/21 01:08:57] - 81 	 253.7 	 	 0.1000 	 4.9823 	 0.3144
[2025/09/21 01:08:57] - ==> Building model..
[2025/09/21 01:10:39] - Test Loss 	 Test Acc 	 PGD Loss 	 PGD Acc
[2025/09/21 01:10:39] - 3.4042 	 	 0.4704 	 3.7787 	 0.2375
[2025/09/21 01:15:05] - 82 	 255.6 	 	 0.1000 	 4.9818 	 0.3155
[2025/09/21 01:15:05] - ==> Building model..
[2025/09/21 01:16:44] - Test Loss 	 Test Acc 	 PGD Loss 	 PGD Acc
[2025/09/21 01:16:44] - 3.4061 	 	 0.4714 	 3.7813 	 0.2373
[2025/09/21 01:21:08] - 83 	 255.4 	 	 0.1000 	 4.9823 	 0.3159
[2025/09/21 01:21:08] - ==> Building model..
[2025/09/21 01:22:43] - Test Loss 	 Test Acc 	 PGD Loss 	 PGD Acc
[2025/09/21 01:22:43] - 3.4072 	 	 0.4725 	 3.7830 	 0.2386
[2025/09/21 01:27:09] - 84 	 256.1 	 	 0.1000 	 4.9818 	 0.3153
[2025/09/21 01:27:09] - ==> Building model..
[2025/09/21 01:28:52] - Test Loss 	 Test Acc 	 PGD Loss 	 PGD Acc
[2025/09/21 01:28:52] - 3.4072 	 	 0.4721 	 3.7830 	 0.2387
[2025/09/21 01:33:18] - 85 	 256.4 	 	 0.1000 	 4.9815 	 0.3171
[2025/09/21 01:33:18] - ==> Building model..
[2025/09/21 01:35:02] - Test Loss 	 Test Acc 	 PGD Loss 	 PGD Acc
[2025/09/21 01:35:02] - 3.4070 	 	 0.4713 	 3.7830 	 0.2382
[2025/09/21 01:39:27] - 86 	 254.4 	 	 0.1000 	 4.9814 	 0.3165
[2025/09/21 01:39:27] - ==> Building model..
[2025/09/21 01:41:09] - Test Loss 	 Test Acc 	 PGD Loss 	 PGD Acc
[2025/09/21 01:41:09] - 3.4062 	 	 0.4713 	 3.7825 	 0.2389
[2025/09/21 01:45:34] - 87 	 254.9 	 	 0.1000 	 4.9812 	 0.3167
[2025/09/21 01:45:34] - ==> Building model..
[2025/09/21 01:47:16] - Test Loss 	 Test Acc 	 PGD Loss 	 PGD Acc
[2025/09/21 01:47:16] - 3.4043 	 	 0.4725 	 3.7814 	 0.2386
[2025/09/21 01:51:43] - 88 	 257.5 	 	 0.1000 	 4.9810 	 0.3173
[2025/09/21 01:51:43] - ==> Building model..
[2025/09/21 01:53:20] - Test Loss 	 Test Acc 	 PGD Loss 	 PGD Acc
[2025/09/21 01:53:20] - 3.4012 	 	 0.4733 	 3.7796 	 0.2391
[2025/09/21 01:57:46] - 89 	 256.2 	 	 0.1000 	 4.9802 	 0.3184
[2025/09/21 01:57:46] - ==> Building model..
[2025/09/21 01:59:24] - Test Loss 	 Test Acc 	 PGD Loss 	 PGD Acc
[2025/09/21 01:59:24] - 3.3988 	 	 0.4723 	 3.7771 	 0.2399
[2025/09/21 02:03:51] - 90 	 256.9 	 	 0.1000 	 4.9799 	 0.3195
[2025/09/21 02:03:51] - ==> Building model..
[2025/09/21 02:05:34] - Test Loss 	 Test Acc 	 PGD Loss 	 PGD Acc
[2025/09/21 02:05:34] - 3.3965 	 	 0.4726 	 3.7754 	 0.2400
[2025/09/21 02:10:01] - 91 	 256.3 	 	 0.1000 	 4.9801 	 0.3192
[2025/09/21 02:10:01] - ==> Building model..
[2025/09/21 02:11:44] - Test Loss 	 Test Acc 	 PGD Loss 	 PGD Acc
[2025/09/21 02:11:44] - 3.3943 	 	 0.4732 	 3.7740 	 0.2397
[2025/09/21 02:16:07] - 92 	 253.2 	 	 0.1000 	 4.9810 	 0.3185
[2025/09/21 02:16:07] - ==> Building model..
[2025/09/21 02:17:50] - Test Loss 	 Test Acc 	 PGD Loss 	 PGD Acc
[2025/09/21 02:17:50] - 3.3922 	 	 0.4723 	 3.7715 	 0.2399
[2025/09/21 02:22:17] - 93 	 257.2 	 	 0.1000 	 4.9796 	 0.3187
[2025/09/21 02:22:17] - ==> Building model..
[2025/09/21 02:23:59] - Test Loss 	 Test Acc 	 PGD Loss 	 PGD Acc
[2025/09/21 02:23:59] - 3.3899 	 	 0.4721 	 3.7694 	 0.2390
[2025/09/21 02:28:25] - 94 	 256.8 	 	 0.1000 	 4.9806 	 0.3183
[2025/09/21 02:28:25] - ==> Building model..
[2025/09/21 02:30:02] - Test Loss 	 Test Acc 	 PGD Loss 	 PGD Acc
[2025/09/21 02:30:02] - 3.3880 	 	 0.4729 	 3.7681 	 0.2394
[2025/09/21 02:34:28] - 95 	 257.2 	 	 0.1000 	 4.9801 	 0.3181
[2025/09/21 02:34:28] - ==> Building model..
[2025/09/21 02:36:06] - Test Loss 	 Test Acc 	 PGD Loss 	 PGD Acc
[2025/09/21 02:36:06] - 3.3851 	 	 0.4736 	 3.7657 	 0.2386
[2025/09/21 02:40:32] - 96 	 256.1 	 	 0.1000 	 4.9792 	 0.3197
[2025/09/21 02:40:32] - ==> Building model..
[2025/09/21 02:42:14] - Test Loss 	 Test Acc 	 PGD Loss 	 PGD Acc
[2025/09/21 02:42:14] - 3.3820 	 	 0.4743 	 3.7632 	 0.2371
[2025/09/21 02:46:39] - 97 	 254.7 	 	 0.1000 	 4.9801 	 0.3191
[2025/09/21 02:46:39] - ==> Building model..
[2025/09/21 02:48:21] - Test Loss 	 Test Acc 	 PGD Loss 	 PGD Acc
[2025/09/21 02:48:21] - 3.3784 	 	 0.4741 	 3.7602 	 0.2379
[2025/09/21 02:52:49] - 98 	 257.0 	 	 0.1000 	 4.9793 	 0.3197
[2025/09/21 02:52:49] - ==> Building model..
[2025/09/21 02:54:31] - Test Loss 	 Test Acc 	 PGD Loss 	 PGD Acc
[2025/09/21 02:54:31] - 3.3746 	 	 0.4748 	 3.7573 	 0.2381
[2025/09/21 02:58:56] - 99 	 254.6 	 	 0.0100 	 4.8805 	 0.4470
[2025/09/21 02:58:56] - ==> Building model..
[2025/09/21 03:00:34] - Test Loss 	 Test Acc 	 PGD Loss 	 PGD Acc
[2025/09/21 03:00:34] - 3.3740 	 	 0.4749 	 3.7566 	 0.2383
[2025/09/21 03:04:59] - 100 	 255.6 	 	 0.0100 	 4.8131 	 0.5415
[2025/09/21 03:04:59] - ==> Building model..
[2025/09/21 03:06:35] - Test Loss 	 Test Acc 	 PGD Loss 	 PGD Acc
[2025/09/21 03:06:35] - 3.3740 	 	 0.4749 	 3.7571 	 0.2383
[2025/09/21 03:11:00] - 101 	 254.5 	 	 0.0100 	 4.7876 	 0.5806
[2025/09/21 03:11:00] - ==> Building model..
[2025/09/21 03:12:42] - Test Loss 	 Test Acc 	 PGD Loss 	 PGD Acc
[2025/09/21 03:12:42] - 3.3740 	 	 0.4749 	 3.7571 	 0.2383
[2025/09/21 03:17:08] - 102 	 256.3 	 	 0.0100 	 4.7665 	 0.6152
[2025/09/21 03:17:08] - ==> Building model..
[2025/09/21 03:18:47] - Test Loss 	 Test Acc 	 PGD Loss 	 PGD Acc
[2025/09/21 03:18:47] - 3.3740 	 	 0.4749 	 3.7567 	 0.2382
[2025/09/21 03:23:13] - 103 	 256.4 	 	 0.0100 	 4.7489 	 0.6450
[2025/09/21 03:23:13] - ==> Building model..
[2025/09/21 03:24:52] - Test Loss 	 Test Acc 	 PGD Loss 	 PGD Acc
[2025/09/21 03:24:52] - 3.3740 	 	 0.4749 	 3.7569 	 0.2379
[2025/09/21 03:29:18] - 104 	 257.0 	 	 0.0010 	 4.7026 	 0.7234
[2025/09/21 03:29:18] - ==> Building model..
[2025/09/21 03:30:53] - Test Loss 	 Test Acc 	 PGD Loss 	 PGD Acc
[2025/09/21 03:30:53] - 3.3740 	 	 0.4749 	 3.7568 	 0.2383
[2025/09/21 03:35:17] - 105 	 254.6 	 	 0.0010 	 4.6822 	 0.7552
[2025/09/21 03:35:17] - ==> Building model..
[2025/09/21 03:36:53] - Test Loss 	 Test Acc 	 PGD Loss 	 PGD Acc
[2025/09/21 03:36:53] - 3.3740 	 	 0.4749 	 3.7569 	 0.2392
[2025/09/21 03:41:22] - 106 	 259.6 	 	 0.0010 	 4.6766 	 0.7636
[2025/09/21 03:41:22] - ==> Building model..
[2025/09/21 03:42:58] - Test Loss 	 Test Acc 	 PGD Loss 	 PGD Acc
[2025/09/21 03:42:58] - 3.3740 	 	 0.4749 	 3.7566 	 0.2377
[2025/09/21 03:47:27] - 107 	 259.5 	 	 0.0010 	 4.6715 	 0.7721
[2025/09/21 03:47:27] - ==> Building model..
[2025/09/21 03:49:02] - Test Loss 	 Test Acc 	 PGD Loss 	 PGD Acc
[2025/09/21 03:49:02] - 3.3740 	 	 0.4749 	 3.7573 	 0.2385
[2025/09/21 03:53:28] - 108 	 256.3 	 	 0.0010 	 4.6668 	 0.7799
[2025/09/21 03:53:28] - ==> Building model..
[2025/09/21 03:54:58] - Test Loss 	 Test Acc 	 PGD Loss 	 PGD Acc
[2025/09/21 03:54:58] - 3.3740 	 	 0.4749 	 3.7571 	 0.2378
[2025/09/21 03:59:27] - 109 	 259.6 	 	 0.0010 	 4.6625 	 0.7876
[2025/09/21 03:59:27] - ==> Building model..
[2025/09/21 04:01:03] - Test Loss 	 Test Acc 	 PGD Loss 	 PGD Acc
[2025/09/21 04:01:03] - 3.3740 	 	 0.4749 	 3.7569 	 0.2380
[2025/09/21 04:01:04] - [0.0865, 0.1453, 0.188, 0.2147, 0.2333, 0.2438, 0.2638, 0.2973, 0.3325, 0.3522, 0.3682, 0.3784, 0.3871, 0.393, 0.4011, 0.4058, 0.4123, 0.4148, 0.4182, 0.4216, 0.4226, 0.4266, 0.4286, 0.4325, 0.4343, 0.4369, 0.4378, 0.4401, 0.4428, 0.4454, 0.4462, 0.4475, 0.4491, 0.4495, 0.4523, 0.4514, 0.4542, 0.4561, 0.4566, 0.4563, 0.4574, 0.4598, 0.4596, 0.4601, 0.4616, 0.463, 0.4625, 0.4618, 0.4621, 0.463, 0.4632, 0.4644, 0.4652, 0.4655, 0.4671, 0.4688, 0.4696, 0.4685, 0.4694, 0.4696, 0.4702, 0.4702, 0.4698, 0.47, 0.4695, 0.4695, 0.4703, 0.469, 0.4687, 0.4677, 0.4688, 0.4698, 0.4698, 0.4699, 0.4699, 0.4701, 0.4705, 0.4712, 0.4709, 0.4713, 0.4711, 0.4704, 0.4714, 0.4725, 0.4721, 0.4713, 0.4713, 0.4725, 0.4733, 0.4723, 0.4726, 0.4732, 0.4723, 0.4721, 0.4729, 0.4736, 0.4743, 0.4741, 0.4748, 0.4749, 0.4749, 0.4749, 0.4749, 0.4749, 0.4749, 0.4749, 0.4749, 0.4749, 0.4749, 0.4749]
[2025/09/21 04:01:04] - [0.0463, 0.075, 0.0976, 0.1111, 0.1186, 0.1233, 0.1314, 0.1502, 0.1672, 0.1779, 0.1868, 0.1907, 0.1945, 0.1982, 0.1998, 0.2032, 0.2057, 0.2075, 0.2092, 0.2095, 0.2122, 0.2115, 0.2127, 0.2149, 0.2152, 0.2153, 0.2164, 0.2187, 0.2188, 0.2197, 0.2194, 0.2204, 0.2206, 0.2226, 0.2234, 0.224, 0.225, 0.226, 0.226, 0.2273, 0.2266, 0.2274, 0.2274, 0.2276, 0.2278, 0.2283, 0.2285, 0.2293, 0.2294, 0.2301, 0.2317, 0.2316, 0.2308, 0.2307, 0.2304, 0.2308, 0.2311, 0.2315, 0.232, 0.2329, 0.2331, 0.233, 0.2333, 0.2323, 0.2321, 0.2335, 0.2333, 0.233, 0.2341, 0.2342, 0.2341, 0.2344, 0.2347, 0.2349, 0.2345, 0.2344, 0.2342, 0.2351, 0.2355, 0.2363, 0.236, 0.2375, 0.2373, 0.2386, 0.2387, 0.2382, 0.2389, 0.2386, 0.2391, 0.2399, 0.24, 0.2397, 0.2399, 0.239, 0.2394, 0.2386, 0.2371, 0.2379, 0.2381, 0.2383, 0.2383, 0.2383, 0.2382, 0.2379, 0.2383, 0.2392, 0.2377, 0.2385, 0.2378, 0.238]
