[2025/10/01 11:54:09] - Namespace(batch_size=128, data_dir='./tiny-imagenet-200', epochs=110, lr_schedule='multistep', lr_min=0.0, lr_max=0.1, weight_decay=0.0005, momentum=0.9, model='PreActResNest18', epsilon=8, alpha=8, delta_init='random', normal_mean=0, normal_std=1, out_dir='./output/Tiny_ImageNet/lam_start_40_beta_0.2/lam_scale_0.12', seed=0, lamda=38, lam_scale=0.12, lam_start=40, gamma=0.025, inner_gamma=0.025, beta=0.2, mu=3.5, batch_m=0.75, early_stop=False, factor=0.3, length=6, n_holes=1, c_num=0.125, EMA_value=0.55)
[2025/10/01 11:55:20] - ==> Building model..
[2025/10/01 11:55:20] - Epoch 	 Seconds 	 LR 	 	 Train Loss 	 Train Acc
[2025/10/01 11:57:50] - 0 	 144.1 	 	 0.1000 	 5.2914 	 0.0259
[2025/10/01 11:57:50] - ==> Building model..
[2025/10/01 11:58:44] - Test Loss 	 Test Acc 	 PGD Loss 	 PGD Acc
[2025/10/01 11:58:44] - 4.9972 	 	 0.0719 	 5.0085 	 0.0420
[2025/10/01 12:01:12] - 1 	 141.5 	 	 0.1000 	 5.2308 	 0.0689
[2025/10/01 12:01:12] - ==> Building model..
[2025/10/01 12:02:06] - Test Loss 	 Test Acc 	 PGD Loss 	 PGD Acc
[2025/10/01 12:02:06] - 4.7555 	 	 0.1420 	 4.7909 	 0.0738
[2025/10/01 12:04:34] - 2 	 140.7 	 	 0.1000 	 5.1985 	 0.0991
[2025/10/01 12:04:34] - ==> Building model..
[2025/10/01 12:05:29] - Test Loss 	 Test Acc 	 PGD Loss 	 PGD Acc
[2025/10/01 12:05:29] - 4.6002 	 	 0.1855 	 4.6586 	 0.0976
[2025/10/01 12:07:55] - 3 	 140.3 	 	 0.1000 	 5.1727 	 0.1234
[2025/10/01 12:07:55] - ==> Building model..
[2025/10/01 12:08:50] - Test Loss 	 Test Acc 	 PGD Loss 	 PGD Acc
[2025/10/01 12:08:50] - 4.5147 	 	 0.2100 	 4.5890 	 0.1082
[2025/10/01 12:11:17] - 4 	 140.3 	 	 0.1000 	 5.1488 	 0.1438
[2025/10/01 12:11:17] - ==> Building model..
[2025/10/01 12:12:12] - Test Loss 	 Test Acc 	 PGD Loss 	 PGD Acc
[2025/10/01 12:12:12] - 4.4475 	 	 0.2323 	 4.5358 	 0.1175
[2025/10/01 12:14:39] - 5 	 140.0 	 	 0.1000 	 5.1286 	 0.1634
[2025/10/01 12:14:39] - ==> Building model..
[2025/10/01 12:15:34] - Test Loss 	 Test Acc 	 PGD Loss 	 PGD Acc
[2025/10/01 12:15:34] - 4.4346 	 	 0.2461 	 4.5294 	 0.1245
[2025/10/01 12:18:00] - 6 	 139.8 	 	 0.1000 	 5.1142 	 0.1773
[2025/10/01 12:18:00] - ==> Building model..
[2025/10/01 12:18:56] - Test Loss 	 Test Acc 	 PGD Loss 	 PGD Acc
[2025/10/01 12:18:56] - 4.3697 	 	 0.2628 	 4.4776 	 0.1329
[2025/10/01 12:21:23] - 7 	 140.1 	 	 0.1000 	 5.1021 	 0.1886
[2025/10/01 12:21:23] - ==> Building model..
[2025/10/01 12:22:18] - Test Loss 	 Test Acc 	 PGD Loss 	 PGD Acc
[2025/10/01 12:22:18] - 4.2100 	 	 0.2969 	 4.3497 	 0.1499
[2025/10/01 12:24:45] - 8 	 140.1 	 	 0.1000 	 5.0915 	 0.1994
[2025/10/01 12:24:45] - ==> Building model..
[2025/10/01 12:25:40] - Test Loss 	 Test Acc 	 PGD Loss 	 PGD Acc
[2025/10/01 12:25:40] - 4.0401 	 	 0.3294 	 4.2159 	 0.1684
[2025/10/01 12:28:07] - 9 	 140.0 	 	 0.1000 	 5.0824 	 0.2090
[2025/10/01 12:28:07] - ==> Building model..
[2025/10/01 12:29:02] - Test Loss 	 Test Acc 	 PGD Loss 	 PGD Acc
[2025/10/01 12:29:02] - 3.9274 	 	 0.3495 	 4.1294 	 0.1755
[2025/10/01 12:31:30] - 10 	 140.2 	 	 0.1000 	 5.0743 	 0.2164
[2025/10/01 12:31:30] - ==> Building model..
[2025/10/01 12:32:25] - Test Loss 	 Test Acc 	 PGD Loss 	 PGD Acc
[2025/10/01 12:32:25] - 3.8516 	 	 0.3664 	 4.0725 	 0.1845
[2025/10/01 12:34:52] - 11 	 140.5 	 	 0.1000 	 5.0673 	 0.2238
[2025/10/01 12:34:52] - ==> Building model..
[2025/10/01 12:35:47] - Test Loss 	 Test Acc 	 PGD Loss 	 PGD Acc
[2025/10/01 12:35:47] - 3.7973 	 	 0.3766 	 4.0321 	 0.1900
[2025/10/01 12:38:14] - 12 	 139.8 	 	 0.1000 	 5.0610 	 0.2310
[2025/10/01 12:38:14] - ==> Building model..
[2025/10/01 12:39:08] - Test Loss 	 Test Acc 	 PGD Loss 	 PGD Acc
[2025/10/01 12:39:08] - 3.7589 	 	 0.3858 	 4.0038 	 0.1947
[2025/10/01 12:41:35] - 13 	 140.1 	 	 0.1000 	 5.0548 	 0.2372
[2025/10/01 12:41:35] - ==> Building model..
[2025/10/01 12:42:30] - Test Loss 	 Test Acc 	 PGD Loss 	 PGD Acc
[2025/10/01 12:42:30] - 3.7232 	 	 0.3941 	 3.9778 	 0.1966
[2025/10/01 12:44:56] - 14 	 139.8 	 	 0.1000 	 5.0496 	 0.2424
[2025/10/01 12:44:56] - ==> Building model..
[2025/10/01 12:45:50] - Test Loss 	 Test Acc 	 PGD Loss 	 PGD Acc
[2025/10/01 12:45:50] - 3.6901 	 	 0.3999 	 3.9541 	 0.2012
[2025/10/01 12:48:17] - 15 	 140.0 	 	 0.1000 	 5.0450 	 0.2470
[2025/10/01 12:48:17] - ==> Building model..
[2025/10/01 12:49:12] - Test Loss 	 Test Acc 	 PGD Loss 	 PGD Acc
[2025/10/01 12:49:12] - 3.6624 	 	 0.4072 	 3.9357 	 0.2048
[2025/10/01 12:51:38] - 16 	 139.7 	 	 0.1000 	 5.0413 	 0.2518
[2025/10/01 12:51:38] - ==> Building model..
[2025/10/01 12:52:34] - Test Loss 	 Test Acc 	 PGD Loss 	 PGD Acc
[2025/10/01 12:52:34] - 3.6400 	 	 0.4117 	 3.9196 	 0.2057
[2025/10/01 12:55:01] - 17 	 139.8 	 	 0.1000 	 5.0366 	 0.2570
[2025/10/01 12:55:01] - ==> Building model..
[2025/10/01 12:55:55] - Test Loss 	 Test Acc 	 PGD Loss 	 PGD Acc
[2025/10/01 12:55:55] - 3.6217 	 	 0.4137 	 3.9071 	 0.2073
[2025/10/01 12:58:22] - 18 	 139.8 	 	 0.1000 	 5.0334 	 0.2589
[2025/10/01 12:58:22] - ==> Building model..
[2025/10/01 12:59:16] - Test Loss 	 Test Acc 	 PGD Loss 	 PGD Acc
[2025/10/01 12:59:16] - 3.6044 	 	 0.4171 	 3.8951 	 0.2085
[2025/10/01 13:01:43] - 19 	 139.8 	 	 0.1000 	 5.0300 	 0.2629
[2025/10/01 13:01:43] - ==> Building model..
[2025/10/01 13:02:38] - Test Loss 	 Test Acc 	 PGD Loss 	 PGD Acc
[2025/10/01 13:02:38] - 3.5898 	 	 0.4198 	 3.8849 	 0.2101
[2025/10/01 13:05:04] - 20 	 139.3 	 	 0.1000 	 5.0277 	 0.2648
[2025/10/01 13:05:04] - ==> Building model..
[2025/10/01 13:05:59] - Test Loss 	 Test Acc 	 PGD Loss 	 PGD Acc
[2025/10/01 13:05:59] - 3.5750 	 	 0.4212 	 3.8743 	 0.2113
[2025/10/01 13:08:25] - 21 	 139.4 	 	 0.1000 	 5.0254 	 0.2654
[2025/10/01 13:08:25] - ==> Building model..
[2025/10/01 13:09:21] - Test Loss 	 Test Acc 	 PGD Loss 	 PGD Acc
[2025/10/01 13:09:21] - 3.5592 	 	 0.4249 	 3.8638 	 0.2131
[2025/10/01 13:11:47] - 22 	 139.4 	 	 0.1000 	 5.0225 	 0.2702
[2025/10/01 13:11:47] - ==> Building model..
[2025/10/01 13:12:42] - Test Loss 	 Test Acc 	 PGD Loss 	 PGD Acc
[2025/10/01 13:12:42] - 3.5441 	 	 0.4282 	 3.8527 	 0.2140
[2025/10/01 13:15:10] - 23 	 139.4 	 	 0.1000 	 5.0203 	 0.2735
[2025/10/01 13:15:10] - ==> Building model..
[2025/10/01 13:16:06] - Test Loss 	 Test Acc 	 PGD Loss 	 PGD Acc
[2025/10/01 13:16:06] - 3.5291 	 	 0.4318 	 3.8424 	 0.2144
[2025/10/01 13:18:35] - 24 	 141.0 	 	 0.1000 	 5.0181 	 0.2756
[2025/10/01 13:18:35] - ==> Building model..
[2025/10/01 13:19:32] - Test Loss 	 Test Acc 	 PGD Loss 	 PGD Acc
[2025/10/01 13:19:32] - 3.5174 	 	 0.4351 	 3.8349 	 0.2157
[2025/10/01 13:22:00] - 25 	 140.5 	 	 0.1000 	 5.0165 	 0.2767
[2025/10/01 13:22:00] - ==> Building model..
[2025/10/01 13:22:57] - Test Loss 	 Test Acc 	 PGD Loss 	 PGD Acc
[2025/10/01 13:22:57] - 3.5069 	 	 0.4385 	 3.8284 	 0.2169
[2025/10/01 13:25:25] - 26 	 140.2 	 	 0.1000 	 5.0142 	 0.2787
[2025/10/01 13:25:25] - ==> Building model..
[2025/10/01 13:26:22] - Test Loss 	 Test Acc 	 PGD Loss 	 PGD Acc
[2025/10/01 13:26:22] - 3.4958 	 	 0.4395 	 3.8209 	 0.2177
[2025/10/01 13:28:50] - 27 	 140.3 	 	 0.1000 	 5.0127 	 0.2802
[2025/10/01 13:28:50] - ==> Building model..
[2025/10/01 13:29:47] - Test Loss 	 Test Acc 	 PGD Loss 	 PGD Acc
[2025/10/01 13:29:47] - 3.4862 	 	 0.4417 	 3.8140 	 0.2180
[2025/10/01 13:32:15] - 28 	 140.6 	 	 0.1000 	 5.0106 	 0.2843
[2025/10/01 13:32:15] - ==> Building model..
[2025/10/01 13:33:12] - Test Loss 	 Test Acc 	 PGD Loss 	 PGD Acc
[2025/10/01 13:33:12] - 3.4792 	 	 0.4431 	 3.8096 	 0.2189
[2025/10/01 13:35:40] - 29 	 140.1 	 	 0.1000 	 5.0090 	 0.2834
[2025/10/01 13:35:40] - ==> Building model..
[2025/10/01 13:36:38] - Test Loss 	 Test Acc 	 PGD Loss 	 PGD Acc
[2025/10/01 13:36:38] - 3.4693 	 	 0.4457 	 3.8034 	 0.2203
[2025/10/01 13:39:07] - 30 	 140.8 	 	 0.1000 	 5.0080 	 0.2865
[2025/10/01 13:39:07] - ==> Building model..
[2025/10/01 13:40:04] - Test Loss 	 Test Acc 	 PGD Loss 	 PGD Acc
[2025/10/01 13:40:04] - 3.4621 	 	 0.4473 	 3.7988 	 0.2207
[2025/10/01 13:42:32] - 31 	 140.1 	 	 0.1000 	 5.0064 	 0.2859
[2025/10/01 13:42:32] - ==> Building model..
[2025/10/01 13:43:28] - Test Loss 	 Test Acc 	 PGD Loss 	 PGD Acc
[2025/10/01 13:43:28] - 3.4556 	 	 0.4487 	 3.7941 	 0.2204
[2025/10/01 13:45:55] - 32 	 140.0 	 	 0.1000 	 5.0055 	 0.2861
[2025/10/01 13:45:55] - ==> Building model..
[2025/10/01 13:46:51] - Test Loss 	 Test Acc 	 PGD Loss 	 PGD Acc
[2025/10/01 13:46:51] - 3.4484 	 	 0.4495 	 3.7891 	 0.2209
[2025/10/01 13:49:19] - 33 	 139.9 	 	 0.1000 	 5.0036 	 0.2892
[2025/10/01 13:49:19] - ==> Building model..
[2025/10/01 13:50:15] - Test Loss 	 Test Acc 	 PGD Loss 	 PGD Acc
[2025/10/01 13:50:15] - 3.4412 	 	 0.4511 	 3.7840 	 0.2229
[2025/10/01 13:52:43] - 34 	 140.2 	 	 0.1000 	 5.0019 	 0.2906
[2025/10/01 13:52:43] - ==> Building model..
[2025/10/01 13:53:40] - Test Loss 	 Test Acc 	 PGD Loss 	 PGD Acc
[2025/10/01 13:53:40] - 3.4350 	 	 0.4516 	 3.7804 	 0.2230
[2025/10/01 13:56:07] - 35 	 139.4 	 	 0.1000 	 5.0010 	 0.2931
[2025/10/01 13:56:07] - ==> Building model..
[2025/10/01 13:57:04] - Test Loss 	 Test Acc 	 PGD Loss 	 PGD Acc
[2025/10/01 13:57:04] - 3.4298 	 	 0.4535 	 3.7779 	 0.2246
[2025/10/01 13:59:32] - 36 	 139.6 	 	 0.1000 	 5.0002 	 0.2930
[2025/10/01 13:59:32] - ==> Building model..
[2025/10/01 14:00:30] - Test Loss 	 Test Acc 	 PGD Loss 	 PGD Acc
[2025/10/01 14:00:30] - 3.4270 	 	 0.4544 	 3.7769 	 0.2248
[2025/10/01 14:02:58] - 37 	 140.4 	 	 0.1000 	 4.9984 	 0.2962
[2025/10/01 14:02:58] - ==> Building model..
[2025/10/01 14:03:56] - Test Loss 	 Test Acc 	 PGD Loss 	 PGD Acc
[2025/10/01 14:03:56] - 3.4230 	 	 0.4543 	 3.7749 	 0.2267
[2025/10/01 14:06:24] - 38 	 140.5 	 	 0.1000 	 4.9981 	 0.2956
[2025/10/01 14:06:24] - ==> Building model..
[2025/10/01 14:07:21] - Test Loss 	 Test Acc 	 PGD Loss 	 PGD Acc
[2025/10/01 14:07:21] - 3.4196 	 	 0.4550 	 3.7726 	 0.2270
[2025/10/01 14:09:50] - 39 	 140.6 	 	 0.1000 	 4.9976 	 0.2957
[2025/10/01 14:09:50] - ==> Building model..
[2025/10/01 14:10:47] - Test Loss 	 Test Acc 	 PGD Loss 	 PGD Acc
[2025/10/01 14:10:47] - 3.4162 	 	 0.4575 	 3.7708 	 0.2264
[2025/10/01 14:13:15] - 40 	 140.0 	 	 0.1000 	 4.9964 	 0.2957
[2025/10/01 14:13:15] - ==> Building model..
[2025/10/01 14:14:12] - Test Loss 	 Test Acc 	 PGD Loss 	 PGD Acc
[2025/10/01 14:14:12] - 3.4124 	 	 0.4587 	 3.7686 	 0.2255
[2025/10/01 14:16:41] - 41 	 140.5 	 	 0.1000 	 4.9952 	 0.2980
[2025/10/01 14:16:41] - ==> Building model..
[2025/10/01 14:17:38] - Test Loss 	 Test Acc 	 PGD Loss 	 PGD Acc
[2025/10/01 14:17:38] - 3.4096 	 	 0.4585 	 3.7667 	 0.2258
[2025/10/01 14:20:07] - 42 	 140.6 	 	 0.1000 	 4.9949 	 0.3000
[2025/10/01 14:20:07] - ==> Building model..
[2025/10/01 14:21:04] - Test Loss 	 Test Acc 	 PGD Loss 	 PGD Acc
[2025/10/01 14:21:04] - 3.4078 	 	 0.4594 	 3.7660 	 0.2264
[2025/10/01 14:23:32] - 43 	 140.8 	 	 0.1000 	 4.9946 	 0.2992
[2025/10/01 14:23:32] - ==> Building model..
[2025/10/01 14:24:29] - Test Loss 	 Test Acc 	 PGD Loss 	 PGD Acc
[2025/10/01 14:24:29] - 3.4070 	 	 0.4586 	 3.7658 	 0.2272
[2025/10/01 14:26:57] - 44 	 140.3 	 	 0.1000 	 4.9939 	 0.3013
[2025/10/01 14:26:57] - ==> Building model..
[2025/10/01 14:27:54] - Test Loss 	 Test Acc 	 PGD Loss 	 PGD Acc
[2025/10/01 14:27:54] - 3.4061 	 	 0.4586 	 3.7656 	 0.2280
[2025/10/01 14:30:22] - 45 	 140.0 	 	 0.1000 	 4.9939 	 0.3025
[2025/10/01 14:30:22] - ==> Building model..
[2025/10/01 14:31:18] - Test Loss 	 Test Acc 	 PGD Loss 	 PGD Acc
[2025/10/01 14:31:18] - 3.4044 	 	 0.4598 	 3.7650 	 0.2273
[2025/10/01 14:33:46] - 46 	 139.8 	 	 0.1000 	 4.9935 	 0.3030
[2025/10/01 14:33:46] - ==> Building model..
[2025/10/01 14:34:42] - Test Loss 	 Test Acc 	 PGD Loss 	 PGD Acc
[2025/10/01 14:34:42] - 3.4044 	 	 0.4603 	 3.7649 	 0.2283
[2025/10/01 14:37:09] - 47 	 139.6 	 	 0.1000 	 4.9933 	 0.3037
[2025/10/01 14:37:09] - ==> Building model..
[2025/10/01 14:38:05] - Test Loss 	 Test Acc 	 PGD Loss 	 PGD Acc
[2025/10/01 14:38:05] - 3.4042 	 	 0.4606 	 3.7648 	 0.2290
[2025/10/01 14:40:31] - 48 	 138.8 	 	 0.1000 	 4.9932 	 0.3037
[2025/10/01 14:40:31] - ==> Building model..
[2025/10/01 14:41:24] - Test Loss 	 Test Acc 	 PGD Loss 	 PGD Acc
[2025/10/01 14:41:24] - 3.4051 	 	 0.4605 	 3.7655 	 0.2303
[2025/10/01 14:43:47] - 49 	 138.0 	 	 0.1000 	 4.9932 	 0.3040
[2025/10/01 14:43:47] - ==> Building model..
[2025/10/01 14:44:40] - Test Loss 	 Test Acc 	 PGD Loss 	 PGD Acc
[2025/10/01 14:44:40] - 3.4070 	 	 0.4613 	 3.7672 	 0.2294
[2025/10/01 14:47:03] - 50 	 138.1 	 	 0.1000 	 4.9929 	 0.3041
[2025/10/01 14:47:03] - ==> Building model..
[2025/10/01 14:47:56] - Test Loss 	 Test Acc 	 PGD Loss 	 PGD Acc
[2025/10/01 14:47:56] - 3.4079 	 	 0.4612 	 3.7679 	 0.2296
[2025/10/01 14:50:18] - 51 	 137.9 	 	 0.1000 	 4.9933 	 0.3037
[2025/10/01 14:50:18] - ==> Building model..
[2025/10/01 14:51:11] - Test Loss 	 Test Acc 	 PGD Loss 	 PGD Acc
[2025/10/01 14:51:11] - 3.4095 	 	 0.4629 	 3.7695 	 0.2310
[2025/10/01 14:53:34] - 52 	 138.1 	 	 0.1000 	 4.9928 	 0.3060
[2025/10/01 14:53:34] - ==> Building model..
[2025/10/01 14:54:28] - Test Loss 	 Test Acc 	 PGD Loss 	 PGD Acc
[2025/10/01 14:54:28] - 3.4110 	 	 0.4612 	 3.7707 	 0.2308
[2025/10/01 14:56:52] - 53 	 138.8 	 	 0.1000 	 4.9920 	 0.3053
[2025/10/01 14:56:52] - ==> Building model..
[2025/10/01 14:57:45] - Test Loss 	 Test Acc 	 PGD Loss 	 PGD Acc
[2025/10/01 14:57:45] - 3.4139 	 	 0.4631 	 3.7737 	 0.2314
[2025/10/01 15:00:09] - 54 	 138.3 	 	 0.1000 	 4.9920 	 0.3062
[2025/10/01 15:00:09] - ==> Building model..
[2025/10/01 15:01:02] - Test Loss 	 Test Acc 	 PGD Loss 	 PGD Acc
[2025/10/01 15:01:02] - 3.4175 	 	 0.4639 	 3.7775 	 0.2320
[2025/10/01 15:03:25] - 55 	 138.4 	 	 0.1000 	 4.9910 	 0.3067
[2025/10/01 15:03:25] - ==> Building model..
[2025/10/01 15:04:19] - Test Loss 	 Test Acc 	 PGD Loss 	 PGD Acc
[2025/10/01 15:04:19] - 3.4209 	 	 0.4646 	 3.7808 	 0.2315
[2025/10/01 15:06:42] - 56 	 138.2 	 	 0.1000 	 4.9905 	 0.3082
[2025/10/01 15:06:42] - ==> Building model..
[2025/10/01 15:07:35] - Test Loss 	 Test Acc 	 PGD Loss 	 PGD Acc
[2025/10/01 15:07:35] - 3.4251 	 	 0.4650 	 3.7855 	 0.2322
[2025/10/01 15:09:59] - 57 	 138.1 	 	 0.1000 	 4.9908 	 0.3058
[2025/10/01 15:09:59] - ==> Building model..
[2025/10/01 15:10:52] - Test Loss 	 Test Acc 	 PGD Loss 	 PGD Acc
[2025/10/01 15:10:52] - 3.4285 	 	 0.4649 	 3.7885 	 0.2323
[2025/10/01 15:13:15] - 58 	 138.2 	 	 0.1000 	 4.9905 	 0.3073
[2025/10/01 15:13:15] - ==> Building model..
[2025/10/01 15:14:09] - Test Loss 	 Test Acc 	 PGD Loss 	 PGD Acc
[2025/10/01 15:14:09] - 3.4315 	 	 0.4657 	 3.7916 	 0.2322
[2025/10/01 15:16:32] - 59 	 138.1 	 	 0.1000 	 4.9902 	 0.3061
[2025/10/01 15:16:32] - ==> Building model..
[2025/10/01 15:17:25] - Test Loss 	 Test Acc 	 PGD Loss 	 PGD Acc
[2025/10/01 15:17:25] - 3.4345 	 	 0.4660 	 3.7951 	 0.2329
[2025/10/01 15:19:48] - 60 	 137.9 	 	 0.1000 	 4.9895 	 0.3072
[2025/10/01 15:19:48] - ==> Building model..
[2025/10/01 15:20:41] - Test Loss 	 Test Acc 	 PGD Loss 	 PGD Acc
[2025/10/01 15:20:41] - 3.4368 	 	 0.4670 	 3.7978 	 0.2334
[2025/10/01 15:23:03] - 61 	 137.6 	 	 0.1000 	 4.9889 	 0.3079
[2025/10/01 15:23:03] - ==> Building model..
[2025/10/01 15:23:56] - Test Loss 	 Test Acc 	 PGD Loss 	 PGD Acc
[2025/10/01 15:23:56] - 3.4378 	 	 0.4684 	 3.7992 	 0.2330
[2025/10/01 15:26:18] - 62 	 137.5 	 	 0.1000 	 4.9890 	 0.3072
[2025/10/01 15:26:18] - ==> Building model..
[2025/10/01 15:27:11] - Test Loss 	 Test Acc 	 PGD Loss 	 PGD Acc
[2025/10/01 15:27:11] - 3.4370 	 	 0.4680 	 3.7993 	 0.2330
[2025/10/01 15:29:33] - 63 	 137.4 	 	 0.1000 	 4.9884 	 0.3094
[2025/10/01 15:29:33] - ==> Building model..
[2025/10/01 15:30:26] - Test Loss 	 Test Acc 	 PGD Loss 	 PGD Acc
[2025/10/01 15:30:26] - 3.4357 	 	 0.4680 	 3.7986 	 0.2335
[2025/10/01 15:32:49] - 64 	 137.8 	 	 0.1000 	 4.9878 	 0.3099
[2025/10/01 15:32:49] - ==> Building model..
[2025/10/01 15:33:42] - Test Loss 	 Test Acc 	 PGD Loss 	 PGD Acc
[2025/10/01 15:33:42] - 3.4338 	 	 0.4688 	 3.7976 	 0.2344
[2025/10/01 15:36:05] - 65 	 138.0 	 	 0.1000 	 4.9877 	 0.3094
[2025/10/01 15:36:05] - ==> Building model..
[2025/10/01 15:36:58] - Test Loss 	 Test Acc 	 PGD Loss 	 PGD Acc
[2025/10/01 15:36:58] - 3.4297 	 	 0.4691 	 3.7945 	 0.2348
[2025/10/01 15:39:22] - 66 	 138.6 	 	 0.1000 	 4.9869 	 0.3094
[2025/10/01 15:39:22] - ==> Building model..
[2025/10/01 15:40:15] - Test Loss 	 Test Acc 	 PGD Loss 	 PGD Acc
[2025/10/01 15:40:15] - 3.4258 	 	 0.4691 	 3.7913 	 0.2345
[2025/10/01 15:42:38] - 67 	 138.2 	 	 0.1000 	 4.9873 	 0.3102
[2025/10/01 15:42:38] - ==> Building model..
[2025/10/01 15:43:32] - Test Loss 	 Test Acc 	 PGD Loss 	 PGD Acc
[2025/10/01 15:43:32] - 3.4218 	 	 0.4708 	 3.7885 	 0.2352
[2025/10/01 15:45:59] - 68 	 140.3 	 	 0.1000 	 4.9866 	 0.3105
[2025/10/01 15:45:59] - ==> Building model..
[2025/10/01 15:46:56] - Test Loss 	 Test Acc 	 PGD Loss 	 PGD Acc
[2025/10/01 15:46:56] - 3.4194 	 	 0.4706 	 3.7867 	 0.2350
[2025/10/01 15:49:22] - 69 	 139.0 	 	 0.1000 	 4.9869 	 0.3115
[2025/10/01 15:49:22] - ==> Building model..
[2025/10/01 15:50:15] - Test Loss 	 Test Acc 	 PGD Loss 	 PGD Acc
[2025/10/01 15:50:15] - 3.4164 	 	 0.4729 	 3.7846 	 0.2343
[2025/10/01 15:52:38] - 70 	 138.2 	 	 0.1000 	 4.9862 	 0.3108
[2025/10/01 15:52:38] - ==> Building model..
[2025/10/01 15:53:31] - Test Loss 	 Test Acc 	 PGD Loss 	 PGD Acc
[2025/10/01 15:53:31] - 3.4123 	 	 0.4737 	 3.7815 	 0.2349
[2025/10/01 15:55:53] - 71 	 137.7 	 	 0.1000 	 4.9863 	 0.3096
[2025/10/01 15:55:53] - ==> Building model..
[2025/10/01 15:56:46] - Test Loss 	 Test Acc 	 PGD Loss 	 PGD Acc
[2025/10/01 15:56:46] - 3.4089 	 	 0.4741 	 3.7789 	 0.2346
[2025/10/01 15:59:09] - 72 	 137.9 	 	 0.1000 	 4.9859 	 0.3108
[2025/10/01 15:59:09] - ==> Building model..
[2025/10/01 16:00:02] - Test Loss 	 Test Acc 	 PGD Loss 	 PGD Acc
[2025/10/01 16:00:02] - 3.4047 	 	 0.4738 	 3.7754 	 0.2351
[2025/10/01 16:02:25] - 73 	 137.7 	 	 0.1000 	 4.9850 	 0.3120
[2025/10/01 16:02:25] - ==> Building model..
[2025/10/01 16:03:18] - Test Loss 	 Test Acc 	 PGD Loss 	 PGD Acc
[2025/10/01 16:03:18] - 3.4025 	 	 0.4723 	 3.7740 	 0.2348
[2025/10/01 16:05:40] - 74 	 138.0 	 	 0.1000 	 4.9856 	 0.3138
[2025/10/01 16:05:40] - ==> Building model..
[2025/10/01 16:06:33] - Test Loss 	 Test Acc 	 PGD Loss 	 PGD Acc
[2025/10/01 16:06:33] - 3.4008 	 	 0.4725 	 3.7730 	 0.2358
[2025/10/01 16:08:56] - 75 	 138.0 	 	 0.1000 	 4.9847 	 0.3115
[2025/10/01 16:08:56] - ==> Building model..
[2025/10/01 16:09:49] - Test Loss 	 Test Acc 	 PGD Loss 	 PGD Acc
[2025/10/01 16:09:49] - 3.3970 	 	 0.4731 	 3.7697 	 0.2364
[2025/10/01 16:12:13] - 76 	 138.3 	 	 0.1000 	 4.9844 	 0.3133
[2025/10/01 16:12:13] - ==> Building model..
[2025/10/01 16:13:07] - Test Loss 	 Test Acc 	 PGD Loss 	 PGD Acc
[2025/10/01 16:13:07] - 3.3943 	 	 0.4729 	 3.7672 	 0.2359
[2025/10/01 16:15:30] - 77 	 138.4 	 	 0.1000 	 4.9840 	 0.3131
[2025/10/01 16:15:30] - ==> Building model..
[2025/10/01 16:16:24] - Test Loss 	 Test Acc 	 PGD Loss 	 PGD Acc
[2025/10/01 16:16:24] - 3.3918 	 	 0.4735 	 3.7655 	 0.2376
[2025/10/01 16:18:48] - 78 	 138.5 	 	 0.1000 	 4.9844 	 0.3129
[2025/10/01 16:18:48] - ==> Building model..
[2025/10/01 16:19:41] - Test Loss 	 Test Acc 	 PGD Loss 	 PGD Acc
[2025/10/01 16:19:41] - 3.3892 	 	 0.4729 	 3.7636 	 0.2362
[2025/10/01 16:22:04] - 79 	 138.1 	 	 0.1000 	 4.9833 	 0.3135
[2025/10/01 16:22:04] - ==> Building model..
[2025/10/01 16:22:57] - Test Loss 	 Test Acc 	 PGD Loss 	 PGD Acc
[2025/10/01 16:22:57] - 3.3856 	 	 0.4723 	 3.7607 	 0.2354
[2025/10/01 16:25:20] - 80 	 137.7 	 	 0.1000 	 4.9834 	 0.3147
[2025/10/01 16:25:20] - ==> Building model..
[2025/10/01 16:26:13] - Test Loss 	 Test Acc 	 PGD Loss 	 PGD Acc
[2025/10/01 16:26:13] - 3.3823 	 	 0.4732 	 3.7585 	 0.2358
[2025/10/01 16:28:35] - 81 	 137.7 	 	 0.1000 	 4.9831 	 0.3137
[2025/10/01 16:28:35] - ==> Building model..
[2025/10/01 16:29:29] - Test Loss 	 Test Acc 	 PGD Loss 	 PGD Acc
[2025/10/01 16:29:29] - 3.3787 	 	 0.4738 	 3.7559 	 0.2364
[2025/10/01 16:31:52] - 82 	 138.4 	 	 0.1000 	 4.9829 	 0.3143
[2025/10/01 16:31:52] - ==> Building model..
[2025/10/01 16:32:46] - Test Loss 	 Test Acc 	 PGD Loss 	 PGD Acc
[2025/10/01 16:32:46] - 3.3754 	 	 0.4743 	 3.7536 	 0.2373
[2025/10/01 16:35:10] - 83 	 138.2 	 	 0.1000 	 4.9834 	 0.3138
[2025/10/01 16:35:10] - ==> Building model..
[2025/10/01 16:36:04] - Test Loss 	 Test Acc 	 PGD Loss 	 PGD Acc
[2025/10/01 16:36:04] - 3.3720 	 	 0.4749 	 3.7512 	 0.2370
[2025/10/01 16:38:28] - 84 	 138.0 	 	 0.1000 	 4.9828 	 0.3145
[2025/10/01 16:38:28] - ==> Building model..
[2025/10/01 16:39:22] - Test Loss 	 Test Acc 	 PGD Loss 	 PGD Acc
[2025/10/01 16:39:22] - 3.3694 	 	 0.4763 	 3.7490 	 0.2385
[2025/10/01 16:41:45] - 85 	 138.4 	 	 0.1000 	 4.9827 	 0.3159
[2025/10/01 16:41:45] - ==> Building model..
[2025/10/01 16:42:38] - Test Loss 	 Test Acc 	 PGD Loss 	 PGD Acc
[2025/10/01 16:42:38] - 3.3660 	 	 0.4763 	 3.7465 	 0.2374
[2025/10/01 16:45:01] - 86 	 137.9 	 	 0.1000 	 4.9824 	 0.3164
[2025/10/01 16:45:01] - ==> Building model..
[2025/10/01 16:45:55] - Test Loss 	 Test Acc 	 PGD Loss 	 PGD Acc
[2025/10/01 16:45:55] - 3.3635 	 	 0.4771 	 3.7449 	 0.2381
[2025/10/01 16:48:17] - 87 	 138.0 	 	 0.1000 	 4.9826 	 0.3144
[2025/10/01 16:48:17] - ==> Building model..
[2025/10/01 16:49:11] - Test Loss 	 Test Acc 	 PGD Loss 	 PGD Acc
[2025/10/01 16:49:11] - 3.3595 	 	 0.4781 	 3.7420 	 0.2378
[2025/10/01 16:51:33] - 88 	 137.7 	 	 0.1000 	 4.9825 	 0.3151
[2025/10/01 16:51:33] - ==> Building model..
[2025/10/01 16:52:26] - Test Loss 	 Test Acc 	 PGD Loss 	 PGD Acc
[2025/10/01 16:52:26] - 3.3574 	 	 0.4788 	 3.7400 	 0.2376
[2025/10/01 16:54:49] - 89 	 137.8 	 	 0.1000 	 4.9820 	 0.3165
[2025/10/01 16:54:49] - ==> Building model..
[2025/10/01 16:55:42] - Test Loss 	 Test Acc 	 PGD Loss 	 PGD Acc
[2025/10/01 16:55:42] - 3.3552 	 	 0.4793 	 3.7387 	 0.2370
[2025/10/01 16:58:05] - 90 	 138.0 	 	 0.1000 	 4.9816 	 0.3178
[2025/10/01 16:58:05] - ==> Building model..
[2025/10/01 16:58:58] - Test Loss 	 Test Acc 	 PGD Loss 	 PGD Acc
[2025/10/01 16:58:58] - 3.3539 	 	 0.4790 	 3.7381 	 0.2371
[2025/10/01 17:01:20] - 91 	 138.0 	 	 0.1000 	 4.9820 	 0.3170
[2025/10/01 17:01:21] - ==> Building model..
[2025/10/01 17:02:13] - Test Loss 	 Test Acc 	 PGD Loss 	 PGD Acc
[2025/10/01 17:02:13] - 3.3525 	 	 0.4785 	 3.7365 	 0.2372
[2025/10/01 17:04:36] - 92 	 137.9 	 	 0.1000 	 4.9822 	 0.3155
[2025/10/01 17:04:36] - ==> Building model..
[2025/10/01 17:05:29] - Test Loss 	 Test Acc 	 PGD Loss 	 PGD Acc
[2025/10/01 17:05:29] - 3.3522 	 	 0.4786 	 3.7367 	 0.2370
[2025/10/01 17:07:52] - 93 	 137.8 	 	 0.1000 	 4.9813 	 0.3171
[2025/10/01 17:07:52] - ==> Building model..
[2025/10/01 17:08:45] - Test Loss 	 Test Acc 	 PGD Loss 	 PGD Acc
[2025/10/01 17:08:45] - 3.3516 	 	 0.4787 	 3.7366 	 0.2374
[2025/10/01 17:11:07] - 94 	 137.8 	 	 0.1000 	 4.9820 	 0.3161
[2025/10/01 17:11:07] - ==> Building model..
[2025/10/01 17:12:00] - Test Loss 	 Test Acc 	 PGD Loss 	 PGD Acc
[2025/10/01 17:12:00] - 3.3509 	 	 0.4797 	 3.7359 	 0.2372
[2025/10/01 17:14:22] - 95 	 137.7 	 	 0.1000 	 4.9819 	 0.3166
[2025/10/01 17:14:22] - ==> Building model..
[2025/10/01 17:15:15] - Test Loss 	 Test Acc 	 PGD Loss 	 PGD Acc
[2025/10/01 17:15:15] - 3.3496 	 	 0.4796 	 3.7354 	 0.2362
[2025/10/01 17:17:37] - 96 	 137.8 	 	 0.1000 	 4.9816 	 0.3166
[2025/10/01 17:17:37] - ==> Building model..
[2025/10/01 17:18:30] - Test Loss 	 Test Acc 	 PGD Loss 	 PGD Acc
[2025/10/01 17:18:30] - 3.3483 	 	 0.4801 	 3.7342 	 0.2362
[2025/10/01 17:20:52] - 97 	 137.8 	 	 0.1000 	 4.9822 	 0.3161
[2025/10/01 17:20:52] - ==> Building model..
[2025/10/01 17:21:45] - Test Loss 	 Test Acc 	 PGD Loss 	 PGD Acc
[2025/10/01 17:21:45] - 3.3462 	 	 0.4798 	 3.7328 	 0.2362
[2025/10/01 17:24:08] - 98 	 138.2 	 	 0.1000 	 4.9812 	 0.3180
[2025/10/01 17:24:08] - ==> Building model..
[2025/10/01 17:25:01] - Test Loss 	 Test Acc 	 PGD Loss 	 PGD Acc
[2025/10/01 17:25:01] - 3.3450 	 	 0.4796 	 3.7318 	 0.2356
[2025/10/01 17:27:23] - 99 	 137.2 	 	 0.0100 	 4.8826 	 0.4455
[2025/10/01 17:27:23] - ==> Building model..
[2025/10/01 17:28:17] - Test Loss 	 Test Acc 	 PGD Loss 	 PGD Acc
[2025/10/01 17:28:17] - 3.3449 	 	 0.4796 	 3.7316 	 0.2357
[2025/10/01 17:30:38] - 100 	 137.1 	 	 0.0100 	 4.8145 	 0.5373
[2025/10/01 17:30:38] - ==> Building model..
[2025/10/01 17:31:31] - Test Loss 	 Test Acc 	 PGD Loss 	 PGD Acc
[2025/10/01 17:31:31] - 3.3449 	 	 0.4796 	 3.7319 	 0.2356
[2025/10/01 17:33:53] - 101 	 137.2 	 	 0.0100 	 4.7882 	 0.5772
[2025/10/01 17:33:53] - ==> Building model..
[2025/10/01 17:34:46] - Test Loss 	 Test Acc 	 PGD Loss 	 PGD Acc
[2025/10/01 17:34:46] - 3.3449 	 	 0.4796 	 3.7316 	 0.2357
[2025/10/01 17:37:09] - 102 	 137.5 	 	 0.0100 	 4.7654 	 0.6131
[2025/10/01 17:37:09] - ==> Building model..
[2025/10/01 17:38:01] - Test Loss 	 Test Acc 	 PGD Loss 	 PGD Acc
[2025/10/01 17:38:01] - 3.3449 	 	 0.4796 	 3.7319 	 0.2358
[2025/10/01 17:40:23] - 103 	 137.3 	 	 0.0100 	 4.7285 	 0.6518
[2025/10/01 17:40:23] - ==> Building model..
[2025/10/01 17:41:17] - Test Loss 	 Test Acc 	 PGD Loss 	 PGD Acc
[2025/10/01 17:41:17] - 3.3449 	 	 0.4796 	 3.7314 	 0.2357
[2025/10/01 17:43:39] - 104 	 137.1 	 	 0.0010 	 4.6431 	 0.7572
[2025/10/01 17:43:39] - ==> Building model..
[2025/10/01 17:44:31] - Test Loss 	 Test Acc 	 PGD Loss 	 PGD Acc
[2025/10/01 17:44:31] - 3.3449 	 	 0.4796 	 3.7312 	 0.2357
[2025/10/01 17:46:53] - 105 	 136.9 	 	 0.0010 	 4.6111 	 0.8012
[2025/10/01 17:46:53] - ==> Building model..
[2025/10/01 17:47:46] - Test Loss 	 Test Acc 	 PGD Loss 	 PGD Acc
[2025/10/01 17:47:46] - 3.3449 	 	 0.4796 	 3.7317 	 0.2359
[2025/10/01 17:50:08] - 106 	 137.1 	 	 0.0010 	 4.5986 	 0.8170
[2025/10/01 17:50:08] - ==> Building model..
[2025/10/01 17:51:01] - Test Loss 	 Test Acc 	 PGD Loss 	 PGD Acc
[2025/10/01 17:51:01] - 3.3449 	 	 0.4796 	 3.7315 	 0.2363
[2025/10/01 17:53:22] - 107 	 136.7 	 	 0.0010 	 4.5862 	 0.8336
[2025/10/01 17:53:22] - ==> Building model..
[2025/10/01 17:54:15] - Test Loss 	 Test Acc 	 PGD Loss 	 PGD Acc
[2025/10/01 17:54:15] - 3.3449 	 	 0.4796 	 3.7318 	 0.2358
[2025/10/01 17:56:37] - 108 	 136.9 	 	 0.0010 	 4.5673 	 0.8594
[2025/10/01 17:56:37] - ==> Building model..
[2025/10/01 17:57:30] - Test Loss 	 Test Acc 	 PGD Loss 	 PGD Acc
[2025/10/01 17:57:30] - 3.3449 	 	 0.4796 	 3.7317 	 0.2358
[2025/10/01 17:59:52] - 109 	 137.0 	 	 0.0010 	 4.5335 	 0.9049
[2025/10/01 17:59:52] - ==> Building model..
[2025/10/01 18:00:45] - Test Loss 	 Test Acc 	 PGD Loss 	 PGD Acc
[2025/10/01 18:00:45] - 3.3449 	 	 0.4796 	 3.7316 	 0.2360
[2025/10/01 18:00:45] - [0.0719, 0.142, 0.1855, 0.21, 0.2323, 0.2461, 0.2628, 0.2969, 0.3294, 0.3495, 0.3664, 0.3766, 0.3858, 0.3941, 0.3999, 0.4072, 0.4117, 0.4137, 0.4171, 0.4198, 0.4212, 0.4249, 0.4282, 0.4318, 0.4351, 0.4385, 0.4395, 0.4417, 0.4431, 0.4457, 0.4473, 0.4487, 0.4495, 0.4511, 0.4516, 0.4535, 0.4544, 0.4543, 0.455, 0.4575, 0.4587, 0.4585, 0.4594, 0.4586, 0.4586, 0.4598, 0.4603, 0.4606, 0.4605, 0.4613, 0.4612, 0.4629, 0.4612, 0.4631, 0.4639, 0.4646, 0.465, 0.4649, 0.4657, 0.466, 0.467, 0.4684, 0.468, 0.468, 0.4688, 0.4691, 0.4691, 0.4708, 0.4706, 0.4729, 0.4737, 0.4741, 0.4738, 0.4723, 0.4725, 0.4731, 0.4729, 0.4735, 0.4729, 0.4723, 0.4732, 0.4738, 0.4743, 0.4749, 0.4763, 0.4763, 0.4771, 0.4781, 0.4788, 0.4793, 0.479, 0.4785, 0.4786, 0.4787, 0.4797, 0.4796, 0.4801, 0.4798, 0.4796, 0.4796, 0.4796, 0.4796, 0.4796, 0.4796, 0.4796, 0.4796, 0.4796, 0.4796, 0.4796, 0.4796]
[2025/10/01 18:00:45] - [0.042, 0.0738, 0.0976, 0.1082, 0.1175, 0.1245, 0.1329, 0.1499, 0.1684, 0.1755, 0.1845, 0.19, 0.1947, 0.1966, 0.2012, 0.2048, 0.2057, 0.2073, 0.2085, 0.2101, 0.2113, 0.2131, 0.214, 0.2144, 0.2157, 0.2169, 0.2177, 0.218, 0.2189, 0.2203, 0.2207, 0.2204, 0.2209, 0.2229, 0.223, 0.2246, 0.2248, 0.2267, 0.227, 0.2264, 0.2255, 0.2258, 0.2264, 0.2272, 0.228, 0.2273, 0.2283, 0.229, 0.2303, 0.2294, 0.2296, 0.231, 0.2308, 0.2314, 0.232, 0.2315, 0.2322, 0.2323, 0.2322, 0.2329, 0.2334, 0.233, 0.233, 0.2335, 0.2344, 0.2348, 0.2345, 0.2352, 0.235, 0.2343, 0.2349, 0.2346, 0.2351, 0.2348, 0.2358, 0.2364, 0.2359, 0.2376, 0.2362, 0.2354, 0.2358, 0.2364, 0.2373, 0.237, 0.2385, 0.2374, 0.2381, 0.2378, 0.2376, 0.237, 0.2371, 0.2372, 0.237, 0.2374, 0.2372, 0.2362, 0.2362, 0.2362, 0.2356, 0.2357, 0.2356, 0.2357, 0.2358, 0.2357, 0.2357, 0.2359, 0.2363, 0.2358, 0.2358, 0.236]
