[2025/10/20 15:02:05] - Namespace(batch_size=128, data_dir='cifar-data', epochs=110, lr_schedule='multistep', lr_min=0.0, lr_max=0.2, weight_decay=0.0005, momentum=0.9, model='ResNet18', epsilon=8, alpha=8, delta_init='random', normal_mean=0, normal_std=1, out_dir='runs/beta_0.6/lam_42/lscale_0.12/seed_0', seed=0, lamda=42.0, lam_scale=0.12, lam_start=50, gamma=0.05, inner_gamma=0.05, beta=0.6, mu=3.5, batch_m=0.75, early_stop=False, factor=0.5, length=4, n_holes=1, c_num=0.125, EMA_value=0.55)
[2025/10/20 15:02:07] - ==> Building model..
[2025/10/20 15:02:07] - Epoch 	 Seconds 	 LR 	 	 Train Loss 	 Train Acc
[2025/10/20 15:03:04] - 0 	 28.7 	 	 0.2000 	 4.5664 	 0.0397
[2025/10/20 15:03:04] - ==> Building model..
[2025/10/20 15:03:30] - Test Loss 	 Test Acc 	 PGD Loss 	 PGD Acc
[2025/10/20 15:03:30] - 4.2029 	 	 0.0854 	 4.2165 	 0.0568
[2025/10/20 15:04:27] - 1 	 27.2 	 	 0.2000 	 4.4569 	 0.0792
[2025/10/20 15:04:27] - ==> Building model..
[2025/10/20 15:04:53] - Test Loss 	 Test Acc 	 PGD Loss 	 PGD Acc
[2025/10/20 15:04:53] - 4.0315 	 	 0.1433 	 4.0608 	 0.0947
[2025/10/20 15:05:51] - 2 	 27.6 	 	 0.2000 	 4.4043 	 0.1054
[2025/10/20 15:05:51] - ==> Building model..
[2025/10/20 15:06:17] - Test Loss 	 Test Acc 	 PGD Loss 	 PGD Acc
[2025/10/20 15:06:17] - 3.9142 	 	 0.1887 	 3.9594 	 0.1158
[2025/10/20 15:07:15] - 3 	 28.2 	 	 0.2000 	 4.3551 	 0.1300
[2025/10/20 15:07:15] - ==> Building model..
[2025/10/20 15:07:41] - Test Loss 	 Test Acc 	 PGD Loss 	 PGD Acc
[2025/10/20 15:07:41] - 3.6981 	 	 0.2384 	 3.7716 	 0.1426
[2025/10/20 15:08:40] - 4 	 27.5 	 	 0.2000 	 4.3110 	 0.1521
[2025/10/20 15:08:40] - ==> Building model..
[2025/10/20 15:09:07] - Test Loss 	 Test Acc 	 PGD Loss 	 PGD Acc
[2025/10/20 15:09:07] - 3.5560 	 	 0.2792 	 3.6539 	 0.1648
[2025/10/20 15:10:04] - 5 	 27.1 	 	 0.2000 	 4.2744 	 0.1705
[2025/10/20 15:10:04] - ==> Building model..
[2025/10/20 15:10:31] - Test Loss 	 Test Acc 	 PGD Loss 	 PGD Acc
[2025/10/20 15:10:31] - 3.3832 	 	 0.3124 	 3.5067 	 0.1806
[2025/10/20 15:11:29] - 6 	 27.6 	 	 0.2000 	 4.2436 	 0.1881
[2025/10/20 15:11:29] - ==> Building model..
[2025/10/20 15:11:56] - Test Loss 	 Test Acc 	 PGD Loss 	 PGD Acc
[2025/10/20 15:11:56] - 3.1956 	 	 0.3538 	 3.3510 	 0.1948
[2025/10/20 15:12:55] - 7 	 27.9 	 	 0.2000 	 4.2227 	 0.1987
[2025/10/20 15:12:55] - ==> Building model..
[2025/10/20 15:13:22] - Test Loss 	 Test Acc 	 PGD Loss 	 PGD Acc
[2025/10/20 15:13:22] - 3.0647 	 	 0.3823 	 3.2449 	 0.2069
[2025/10/20 15:14:21] - 8 	 28.0 	 	 0.2000 	 4.2053 	 0.2089
[2025/10/20 15:14:21] - ==> Building model..
[2025/10/20 15:14:47] - Test Loss 	 Test Acc 	 PGD Loss 	 PGD Acc
[2025/10/20 15:14:47] - 2.9747 	 	 0.4011 	 3.1740 	 0.2183
[2025/10/20 15:15:45] - 9 	 27.8 	 	 0.2000 	 4.1894 	 0.2160
[2025/10/20 15:15:45] - ==> Building model..
[2025/10/20 15:16:11] - Test Loss 	 Test Acc 	 PGD Loss 	 PGD Acc
[2025/10/20 15:16:11] - 2.9128 	 	 0.4156 	 3.1252 	 0.2233
[2025/10/20 15:17:10] - 10 	 28.0 	 	 0.2000 	 4.1774 	 0.2255
[2025/10/20 15:17:10] - ==> Building model..
[2025/10/20 15:17:36] - Test Loss 	 Test Acc 	 PGD Loss 	 PGD Acc
[2025/10/20 15:17:36] - 2.8612 	 	 0.4270 	 3.0846 	 0.2312
[2025/10/20 15:18:35] - 11 	 28.5 	 	 0.2000 	 4.1690 	 0.2291
[2025/10/20 15:18:35] - ==> Building model..
[2025/10/20 15:19:01] - Test Loss 	 Test Acc 	 PGD Loss 	 PGD Acc
[2025/10/20 15:19:01] - 2.8201 	 	 0.4364 	 3.0527 	 0.2361
[2025/10/20 15:20:01] - 12 	 28.3 	 	 0.2000 	 4.1600 	 0.2338
[2025/10/20 15:20:01] - ==> Building model..
[2025/10/20 15:20:27] - Test Loss 	 Test Acc 	 PGD Loss 	 PGD Acc
[2025/10/20 15:20:27] - 2.7870 	 	 0.4466 	 3.0273 	 0.2403
[2025/10/20 15:21:25] - 13 	 28.6 	 	 0.2000 	 4.1558 	 0.2352
[2025/10/20 15:21:25] - ==> Building model..
[2025/10/20 15:21:52] - Test Loss 	 Test Acc 	 PGD Loss 	 PGD Acc
[2025/10/20 15:21:52] - 2.7585 	 	 0.4537 	 3.0059 	 0.2470
[2025/10/20 15:22:51] - 14 	 27.9 	 	 0.2000 	 4.1499 	 0.2404
[2025/10/20 15:22:51] - ==> Building model..
[2025/10/20 15:23:17] - Test Loss 	 Test Acc 	 PGD Loss 	 PGD Acc
[2025/10/20 15:23:17] - 2.7585 	 	 0.4541 	 3.0063 	 0.2473
[2025/10/20 15:24:17] - 15 	 28.5 	 	 0.2000 	 4.1428 	 0.2444
[2025/10/20 15:24:17] - ==> Building model..
[2025/10/20 15:24:43] - Test Loss 	 Test Acc 	 PGD Loss 	 PGD Acc
[2025/10/20 15:24:43] - 2.7305 	 	 0.4593 	 2.9849 	 0.2475
[2025/10/20 15:25:41] - 16 	 27.7 	 	 0.2000 	 4.1379 	 0.2477
[2025/10/20 15:25:41] - ==> Building model..
[2025/10/20 15:26:09] - Test Loss 	 Test Acc 	 PGD Loss 	 PGD Acc
[2025/10/20 15:26:09] - 2.7167 	 	 0.4628 	 2.9744 	 0.2515
[2025/10/20 15:27:06] - 17 	 27.3 	 	 0.2000 	 4.1355 	 0.2486
[2025/10/20 15:27:06] - ==> Building model..
[2025/10/20 15:27:33] - Test Loss 	 Test Acc 	 PGD Loss 	 PGD Acc
[2025/10/20 15:27:33] - 2.7015 	 	 0.4659 	 2.9630 	 0.2548
[2025/10/20 15:28:32] - 18 	 28.0 	 	 0.2000 	 4.1299 	 0.2523
[2025/10/20 15:28:32] - ==> Building model..
[2025/10/20 15:28:59] - Test Loss 	 Test Acc 	 PGD Loss 	 PGD Acc
[2025/10/20 15:28:59] - 2.6831 	 	 0.4721 	 2.9506 	 0.2568
[2025/10/20 15:29:56] - 19 	 26.8 	 	 0.2000 	 4.1262 	 0.2545
[2025/10/20 15:29:56] - ==> Building model..
[2025/10/20 15:30:23] - Test Loss 	 Test Acc 	 PGD Loss 	 PGD Acc
[2025/10/20 15:30:23] - 2.6691 	 	 0.4753 	 2.9395 	 0.2567
[2025/10/20 15:31:21] - 20 	 28.0 	 	 0.2000 	 4.1250 	 0.2567
[2025/10/20 15:31:21] - ==> Building model..
[2025/10/20 15:31:48] - Test Loss 	 Test Acc 	 PGD Loss 	 PGD Acc
[2025/10/20 15:31:48] - 2.6614 	 	 0.4800 	 2.9339 	 0.2580
[2025/10/20 15:32:47] - 21 	 27.7 	 	 0.2000 	 4.1197 	 0.2581
[2025/10/20 15:32:47] - ==> Building model..
[2025/10/20 15:33:14] - Test Loss 	 Test Acc 	 PGD Loss 	 PGD Acc
[2025/10/20 15:33:14] - 2.6500 	 	 0.4821 	 2.9252 	 0.2594
[2025/10/20 15:34:14] - 22 	 28.6 	 	 0.2000 	 4.1198 	 0.2587
[2025/10/20 15:34:14] - ==> Building model..
[2025/10/20 15:34:41] - Test Loss 	 Test Acc 	 PGD Loss 	 PGD Acc
[2025/10/20 15:34:41] - 2.6462 	 	 0.4844 	 2.9238 	 0.2592
[2025/10/20 15:35:40] - 23 	 28.5 	 	 0.2000 	 4.1184 	 0.2576
[2025/10/20 15:35:40] - ==> Building model..
[2025/10/20 15:36:07] - Test Loss 	 Test Acc 	 PGD Loss 	 PGD Acc
[2025/10/20 15:36:07] - 2.6355 	 	 0.4851 	 2.9152 	 0.2595
[2025/10/20 15:37:06] - 24 	 28.1 	 	 0.2000 	 4.1141 	 0.2609
[2025/10/20 15:37:06] - ==> Building model..
[2025/10/20 15:37:34] - Test Loss 	 Test Acc 	 PGD Loss 	 PGD Acc
[2025/10/20 15:37:34] - 2.6281 	 	 0.4885 	 2.9100 	 0.2612
[2025/10/20 15:38:33] - 25 	 28.1 	 	 0.2000 	 4.1128 	 0.2653
[2025/10/20 15:38:33] - ==> Building model..
[2025/10/20 15:38:59] - Test Loss 	 Test Acc 	 PGD Loss 	 PGD Acc
[2025/10/20 15:38:59] - 2.6197 	 	 0.4917 	 2.9034 	 0.2628
[2025/10/20 15:39:57] - 26 	 27.7 	 	 0.2000 	 4.1084 	 0.2634
[2025/10/20 15:39:57] - ==> Building model..
[2025/10/20 15:40:25] - Test Loss 	 Test Acc 	 PGD Loss 	 PGD Acc
[2025/10/20 15:40:25] - 2.6075 	 	 0.4949 	 2.8942 	 0.2649
[2025/10/20 15:41:23] - 27 	 27.1 	 	 0.2000 	 4.1087 	 0.2664
[2025/10/20 15:41:23] - ==> Building model..
[2025/10/20 15:41:50] - Test Loss 	 Test Acc 	 PGD Loss 	 PGD Acc
[2025/10/20 15:41:50] - 2.6055 	 	 0.4961 	 2.8932 	 0.2659
[2025/10/20 15:42:49] - 28 	 28.0 	 	 0.2000 	 4.1068 	 0.2660
[2025/10/20 15:42:49] - ==> Building model..
[2025/10/20 15:43:15] - Test Loss 	 Test Acc 	 PGD Loss 	 PGD Acc
[2025/10/20 15:43:15] - 2.6036 	 	 0.4966 	 2.8908 	 0.2664
[2025/10/20 15:44:14] - 29 	 27.9 	 	 0.2000 	 4.1064 	 0.2659
[2025/10/20 15:44:14] - ==> Building model..
[2025/10/20 15:44:40] - Test Loss 	 Test Acc 	 PGD Loss 	 PGD Acc
[2025/10/20 15:44:40] - 2.5988 	 	 0.4984 	 2.8882 	 0.2676
[2025/10/20 15:45:38] - 30 	 26.9 	 	 0.2000 	 4.1072 	 0.2657
[2025/10/20 15:45:38] - ==> Building model..
[2025/10/20 15:46:04] - Test Loss 	 Test Acc 	 PGD Loss 	 PGD Acc
[2025/10/20 15:46:04] - 2.5965 	 	 0.4972 	 2.8860 	 0.2672
[2025/10/20 15:47:01] - 31 	 27.3 	 	 0.2000 	 4.1040 	 0.2676
[2025/10/20 15:47:01] - ==> Building model..
[2025/10/20 15:47:28] - Test Loss 	 Test Acc 	 PGD Loss 	 PGD Acc
[2025/10/20 15:47:28] - 2.5916 	 	 0.4975 	 2.8816 	 0.2686
[2025/10/20 15:48:25] - 32 	 27.5 	 	 0.2000 	 4.1032 	 0.2672
[2025/10/20 15:48:25] - ==> Building model..
[2025/10/20 15:48:52] - Test Loss 	 Test Acc 	 PGD Loss 	 PGD Acc
[2025/10/20 15:48:52] - 2.5887 	 	 0.4997 	 2.8797 	 0.2691
[2025/10/20 15:49:49] - 33 	 26.8 	 	 0.2000 	 4.1017 	 0.2689
[2025/10/20 15:49:49] - ==> Building model..
[2025/10/20 15:50:16] - Test Loss 	 Test Acc 	 PGD Loss 	 PGD Acc
[2025/10/20 15:50:16] - 2.5813 	 	 0.5000 	 2.8740 	 0.2722
[2025/10/20 15:51:14] - 34 	 27.9 	 	 0.2000 	 4.1018 	 0.2673
[2025/10/20 15:51:14] - ==> Building model..
[2025/10/20 15:51:40] - Test Loss 	 Test Acc 	 PGD Loss 	 PGD Acc
[2025/10/20 15:51:40] - 2.5767 	 	 0.5021 	 2.8708 	 0.2708
[2025/10/20 15:52:38] - 35 	 27.4 	 	 0.2000 	 4.0983 	 0.2735
[2025/10/20 15:52:38] - ==> Building model..
[2025/10/20 15:53:04] - Test Loss 	 Test Acc 	 PGD Loss 	 PGD Acc
[2025/10/20 15:53:04] - 2.5755 	 	 0.5014 	 2.8701 	 0.2714
[2025/10/20 15:54:02] - 36 	 27.7 	 	 0.2000 	 4.0993 	 0.2697
[2025/10/20 15:54:02] - ==> Building model..
[2025/10/20 15:54:29] - Test Loss 	 Test Acc 	 PGD Loss 	 PGD Acc
[2025/10/20 15:54:29] - 2.5745 	 	 0.5010 	 2.8690 	 0.2731
[2025/10/20 15:55:27] - 37 	 27.8 	 	 0.2000 	 4.0981 	 0.2702
[2025/10/20 15:55:27] - ==> Building model..
[2025/10/20 15:55:54] - Test Loss 	 Test Acc 	 PGD Loss 	 PGD Acc
[2025/10/20 15:55:54] - 2.5726 	 	 0.5008 	 2.8675 	 0.2709
[2025/10/20 15:56:51] - 38 	 28.0 	 	 0.2000 	 4.0964 	 0.2719
[2025/10/20 15:56:51] - ==> Building model..
[2025/10/20 15:57:18] - Test Loss 	 Test Acc 	 PGD Loss 	 PGD Acc
[2025/10/20 15:57:18] - 2.5678 	 	 0.5038 	 2.8638 	 0.2721
[2025/10/20 15:58:15] - 39 	 27.3 	 	 0.2000 	 4.0963 	 0.2723
[2025/10/20 15:58:15] - ==> Building model..
[2025/10/20 15:58:42] - Test Loss 	 Test Acc 	 PGD Loss 	 PGD Acc
[2025/10/20 15:58:42] - 2.5653 	 	 0.5043 	 2.8617 	 0.2723
[2025/10/20 15:59:38] - 40 	 27.2 	 	 0.2000 	 4.0960 	 0.2730
[2025/10/20 15:59:38] - ==> Building model..
[2025/10/20 16:00:05] - Test Loss 	 Test Acc 	 PGD Loss 	 PGD Acc
[2025/10/20 16:00:05] - 2.5676 	 	 0.5036 	 2.8651 	 0.2712
[2025/10/20 16:01:01] - 41 	 27.1 	 	 0.2000 	 4.0973 	 0.2718
[2025/10/20 16:01:01] - ==> Building model..
[2025/10/20 16:01:28] - Test Loss 	 Test Acc 	 PGD Loss 	 PGD Acc
[2025/10/20 16:01:28] - 2.5718 	 	 0.5036 	 2.8670 	 0.2704
[2025/10/20 16:02:25] - 42 	 27.2 	 	 0.2000 	 4.0959 	 0.2729
[2025/10/20 16:02:25] - ==> Building model..
[2025/10/20 16:02:51] - Test Loss 	 Test Acc 	 PGD Loss 	 PGD Acc
[2025/10/20 16:02:51] - 2.5676 	 	 0.5047 	 2.8641 	 0.2725
[2025/10/20 16:03:48] - 43 	 27.1 	 	 0.2000 	 4.0938 	 0.2739
[2025/10/20 16:03:48] - ==> Building model..
[2025/10/20 16:04:14] - Test Loss 	 Test Acc 	 PGD Loss 	 PGD Acc
[2025/10/20 16:04:14] - 2.5634 	 	 0.5063 	 2.8612 	 0.2745
[2025/10/20 16:05:12] - 44 	 27.6 	 	 0.2000 	 4.0938 	 0.2727
[2025/10/20 16:05:12] - ==> Building model..
[2025/10/20 16:05:39] - Test Loss 	 Test Acc 	 PGD Loss 	 PGD Acc
[2025/10/20 16:05:39] - 2.5595 	 	 0.5077 	 2.8589 	 0.2760
[2025/10/20 16:06:36] - 45 	 27.5 	 	 0.2000 	 4.0923 	 0.2764
[2025/10/20 16:06:36] - ==> Building model..
[2025/10/20 16:07:04] - Test Loss 	 Test Acc 	 PGD Loss 	 PGD Acc
[2025/10/20 16:07:04] - 2.5607 	 	 0.5093 	 2.8597 	 0.2758
[2025/10/20 16:08:02] - 46 	 28.0 	 	 0.2000 	 4.0897 	 0.2764
[2025/10/20 16:08:02] - ==> Building model..
[2025/10/20 16:08:29] - Test Loss 	 Test Acc 	 PGD Loss 	 PGD Acc
[2025/10/20 16:08:29] - 2.5588 	 	 0.5091 	 2.8582 	 0.2756
[2025/10/20 16:09:28] - 47 	 27.8 	 	 0.2000 	 4.0927 	 0.2725
[2025/10/20 16:09:28] - ==> Building model..
[2025/10/20 16:09:55] - Test Loss 	 Test Acc 	 PGD Loss 	 PGD Acc
[2025/10/20 16:09:55] - 2.5607 	 	 0.5099 	 2.8606 	 0.2768
[2025/10/20 16:10:52] - 48 	 27.8 	 	 0.2000 	 4.0882 	 0.2769
[2025/10/20 16:10:52] - ==> Building model..
[2025/10/20 16:11:19] - Test Loss 	 Test Acc 	 PGD Loss 	 PGD Acc
[2025/10/20 16:11:19] - 2.5578 	 	 0.5117 	 2.8593 	 0.2761
[2025/10/20 16:12:15] - 49 	 27.1 	 	 0.2000 	 4.0880 	 0.2778
[2025/10/20 16:12:15] - ==> Building model..
[2025/10/20 16:12:41] - Test Loss 	 Test Acc 	 PGD Loss 	 PGD Acc
[2025/10/20 16:12:41] - 2.5581 	 	 0.5110 	 2.8584 	 0.2761
[2025/10/20 16:13:39] - 50 	 27.8 	 	 0.2000 	 4.0893 	 0.2763
[2025/10/20 16:13:39] - ==> Building model..
[2025/10/20 16:14:05] - Test Loss 	 Test Acc 	 PGD Loss 	 PGD Acc
[2025/10/20 16:14:05] - 2.5560 	 	 0.5114 	 2.8567 	 0.2757
[2025/10/20 16:15:03] - 51 	 28.2 	 	 0.2000 	 4.0906 	 0.2726
[2025/10/20 16:15:03] - ==> Building model..
[2025/10/20 16:15:31] - Test Loss 	 Test Acc 	 PGD Loss 	 PGD Acc
[2025/10/20 16:15:31] - 2.5570 	 	 0.5114 	 2.8576 	 0.2755
[2025/10/20 16:16:29] - 52 	 28.0 	 	 0.2000 	 4.0885 	 0.2773
[2025/10/20 16:16:29] - ==> Building model..
[2025/10/20 16:16:56] - Test Loss 	 Test Acc 	 PGD Loss 	 PGD Acc
[2025/10/20 16:16:56] - 2.5539 	 	 0.5122 	 2.8552 	 0.2770
[2025/10/20 16:17:54] - 53 	 28.2 	 	 0.2000 	 4.0886 	 0.2780
[2025/10/20 16:17:54] - ==> Building model..
[2025/10/20 16:18:22] - Test Loss 	 Test Acc 	 PGD Loss 	 PGD Acc
[2025/10/20 16:18:22] - 2.5530 	 	 0.5139 	 2.8531 	 0.2756
[2025/10/20 16:19:20] - 54 	 27.9 	 	 0.2000 	 4.0913 	 0.2758
[2025/10/20 16:19:20] - ==> Building model..
[2025/10/20 16:19:47] - Test Loss 	 Test Acc 	 PGD Loss 	 PGD Acc
[2025/10/20 16:19:47] - 2.5543 	 	 0.5141 	 2.8544 	 0.2758
[2025/10/20 16:20:46] - 55 	 28.4 	 	 0.2000 	 4.0904 	 0.2768
[2025/10/20 16:20:46] - ==> Building model..
[2025/10/20 16:21:14] - Test Loss 	 Test Acc 	 PGD Loss 	 PGD Acc
[2025/10/20 16:21:14] - 2.5538 	 	 0.5135 	 2.8540 	 0.2776
[2025/10/20 16:22:12] - 56 	 28.1 	 	 0.2000 	 4.0935 	 0.2751
[2025/10/20 16:22:12] - ==> Building model..
[2025/10/20 16:22:40] - Test Loss 	 Test Acc 	 PGD Loss 	 PGD Acc
[2025/10/20 16:22:40] - 2.5602 	 	 0.5127 	 2.8588 	 0.2774
[2025/10/20 16:23:38] - 57 	 28.3 	 	 0.2000 	 4.0923 	 0.2796
[2025/10/20 16:23:38] - ==> Building model..
[2025/10/20 16:24:05] - Test Loss 	 Test Acc 	 PGD Loss 	 PGD Acc
[2025/10/20 16:24:05] - 2.5604 	 	 0.5125 	 2.8582 	 0.2777
[2025/10/20 16:25:03] - 58 	 27.7 	 	 0.2000 	 4.0918 	 0.2797
[2025/10/20 16:25:03] - ==> Building model..
[2025/10/20 16:25:30] - Test Loss 	 Test Acc 	 PGD Loss 	 PGD Acc
[2025/10/20 16:25:30] - 2.5626 	 	 0.5142 	 2.8600 	 0.2782
[2025/10/20 16:26:29] - 59 	 28.0 	 	 0.2000 	 4.0958 	 0.2746
[2025/10/20 16:26:29] - ==> Building model..
[2025/10/20 16:26:55] - Test Loss 	 Test Acc 	 PGD Loss 	 PGD Acc
[2025/10/20 16:26:55] - 2.5670 	 	 0.5129 	 2.8630 	 0.2794
[2025/10/20 16:27:53] - 60 	 28.1 	 	 0.2000 	 4.0934 	 0.2791
[2025/10/20 16:27:53] - ==> Building model..
[2025/10/20 16:28:19] - Test Loss 	 Test Acc 	 PGD Loss 	 PGD Acc
[2025/10/20 16:28:19] - 2.5701 	 	 0.5134 	 2.8652 	 0.2774
[2025/10/20 16:29:17] - 61 	 27.4 	 	 0.2000 	 4.0949 	 0.2764
[2025/10/20 16:29:17] - ==> Building model..
[2025/10/20 16:29:43] - Test Loss 	 Test Acc 	 PGD Loss 	 PGD Acc
[2025/10/20 16:29:43] - 2.5732 	 	 0.5146 	 2.8670 	 0.2772
[2025/10/20 16:30:41] - 62 	 27.9 	 	 0.2000 	 4.0941 	 0.2795
[2025/10/20 16:30:41] - ==> Building model..
[2025/10/20 16:31:07] - Test Loss 	 Test Acc 	 PGD Loss 	 PGD Acc
[2025/10/20 16:31:07] - 2.5768 	 	 0.5142 	 2.8697 	 0.2779
[2025/10/20 16:32:04] - 63 	 27.2 	 	 0.2000 	 4.0949 	 0.2777
[2025/10/20 16:32:04] - ==> Building model..
[2025/10/20 16:32:31] - Test Loss 	 Test Acc 	 PGD Loss 	 PGD Acc
[2025/10/20 16:32:31] - 2.5796 	 	 0.5129 	 2.8710 	 0.2766
[2025/10/20 16:33:30] - 64 	 28.0 	 	 0.2000 	 4.0928 	 0.2797
[2025/10/20 16:33:30] - ==> Building model..
[2025/10/20 16:33:56] - Test Loss 	 Test Acc 	 PGD Loss 	 PGD Acc
[2025/10/20 16:33:56] - 2.5812 	 	 0.5126 	 2.8724 	 0.2777
[2025/10/20 16:34:53] - 65 	 27.9 	 	 0.2000 	 4.0923 	 0.2805
[2025/10/20 16:34:53] - ==> Building model..
[2025/10/20 16:35:20] - Test Loss 	 Test Acc 	 PGD Loss 	 PGD Acc
[2025/10/20 16:35:20] - 2.5844 	 	 0.5141 	 2.8751 	 0.2782
[2025/10/20 16:36:17] - 66 	 27.6 	 	 0.2000 	 4.0924 	 0.2772
[2025/10/20 16:36:17] - ==> Building model..
[2025/10/20 16:36:44] - Test Loss 	 Test Acc 	 PGD Loss 	 PGD Acc
[2025/10/20 16:36:44] - 2.5891 	 	 0.5145 	 2.8788 	 0.2785
[2025/10/20 16:37:41] - 67 	 27.1 	 	 0.2000 	 4.0933 	 0.2790
[2025/10/20 16:37:41] - ==> Building model..
[2025/10/20 16:38:08] - Test Loss 	 Test Acc 	 PGD Loss 	 PGD Acc
[2025/10/20 16:38:08] - 2.5913 	 	 0.5140 	 2.8801 	 0.2779
[2025/10/20 16:39:07] - 68 	 28.0 	 	 0.2000 	 4.0926 	 0.2776
[2025/10/20 16:39:07] - ==> Building model..
[2025/10/20 16:39:34] - Test Loss 	 Test Acc 	 PGD Loss 	 PGD Acc
[2025/10/20 16:39:34] - 2.5924 	 	 0.5147 	 2.8821 	 0.2778
[2025/10/20 16:40:32] - 69 	 27.4 	 	 0.2000 	 4.0930 	 0.2778
[2025/10/20 16:40:32] - ==> Building model..
[2025/10/20 16:40:59] - Test Loss 	 Test Acc 	 PGD Loss 	 PGD Acc
[2025/10/20 16:40:59] - 2.5937 	 	 0.5145 	 2.8821 	 0.2772
[2025/10/20 16:41:55] - 70 	 27.2 	 	 0.2000 	 4.0930 	 0.2767
[2025/10/20 16:41:55] - ==> Building model..
[2025/10/20 16:42:22] - Test Loss 	 Test Acc 	 PGD Loss 	 PGD Acc
[2025/10/20 16:42:22] - 2.5948 	 	 0.5147 	 2.8832 	 0.2773
[2025/10/20 16:43:20] - 71 	 28.4 	 	 0.2000 	 4.0927 	 0.2783
[2025/10/20 16:43:20] - ==> Building model..
[2025/10/20 16:43:47] - Test Loss 	 Test Acc 	 PGD Loss 	 PGD Acc
[2025/10/20 16:43:47] - 2.5971 	 	 0.5149 	 2.8848 	 0.2785
[2025/10/20 16:44:45] - 72 	 27.6 	 	 0.2000 	 4.0929 	 0.2762
[2025/10/20 16:44:45] - ==> Building model..
[2025/10/20 16:45:11] - Test Loss 	 Test Acc 	 PGD Loss 	 PGD Acc
[2025/10/20 16:45:11] - 2.6003 	 	 0.5139 	 2.8884 	 0.2779
[2025/10/20 16:46:09] - 73 	 27.6 	 	 0.2000 	 4.0920 	 0.2773
[2025/10/20 16:46:09] - ==> Building model..
[2025/10/20 16:46:35] - Test Loss 	 Test Acc 	 PGD Loss 	 PGD Acc
[2025/10/20 16:46:35] - 2.6034 	 	 0.5145 	 2.8907 	 0.2778
[2025/10/20 16:47:32] - 74 	 27.0 	 	 0.2000 	 4.0921 	 0.2780
[2025/10/20 16:47:32] - ==> Building model..
[2025/10/20 16:47:58] - Test Loss 	 Test Acc 	 PGD Loss 	 PGD Acc
[2025/10/20 16:47:58] - 2.6042 	 	 0.5149 	 2.8912 	 0.2780
[2025/10/20 16:48:56] - 75 	 27.9 	 	 0.2000 	 4.0912 	 0.2804
[2025/10/20 16:48:56] - ==> Building model..
[2025/10/20 16:49:23] - Test Loss 	 Test Acc 	 PGD Loss 	 PGD Acc
[2025/10/20 16:49:23] - 2.6059 	 	 0.5145 	 2.8932 	 0.2786
[2025/10/20 16:50:20] - 76 	 27.5 	 	 0.2000 	 4.0914 	 0.2797
[2025/10/20 16:50:20] - ==> Building model..
[2025/10/20 16:50:46] - Test Loss 	 Test Acc 	 PGD Loss 	 PGD Acc
[2025/10/20 16:50:46] - 2.6057 	 	 0.5151 	 2.8928 	 0.2783
[2025/10/20 16:51:42] - 77 	 26.3 	 	 0.2000 	 4.0905 	 0.2800
[2025/10/20 16:51:42] - ==> Building model..
[2025/10/20 16:52:08] - Test Loss 	 Test Acc 	 PGD Loss 	 PGD Acc
[2025/10/20 16:52:08] - 2.6060 	 	 0.5150 	 2.8932 	 0.2777
[2025/10/20 16:53:06] - 78 	 28.3 	 	 0.2000 	 4.0915 	 0.2777
[2025/10/20 16:53:06] - ==> Building model..
[2025/10/20 16:53:32] - Test Loss 	 Test Acc 	 PGD Loss 	 PGD Acc
[2025/10/20 16:53:32] - 2.6063 	 	 0.5152 	 2.8933 	 0.2774
[2025/10/20 16:54:30] - 79 	 27.6 	 	 0.2000 	 4.0912 	 0.2786
[2025/10/20 16:54:30] - ==> Building model..
[2025/10/20 16:54:56] - Test Loss 	 Test Acc 	 PGD Loss 	 PGD Acc
[2025/10/20 16:54:56] - 2.6068 	 	 0.5146 	 2.8934 	 0.2772
[2025/10/20 16:55:54] - 80 	 27.9 	 	 0.2000 	 4.0905 	 0.2805
[2025/10/20 16:55:54] - ==> Building model..
[2025/10/20 16:56:20] - Test Loss 	 Test Acc 	 PGD Loss 	 PGD Acc
[2025/10/20 16:56:20] - 2.6075 	 	 0.5143 	 2.8938 	 0.2778
[2025/10/20 16:57:19] - 81 	 28.4 	 	 0.2000 	 4.0910 	 0.2808
[2025/10/20 16:57:19] - ==> Building model..
[2025/10/20 16:57:45] - Test Loss 	 Test Acc 	 PGD Loss 	 PGD Acc
[2025/10/20 16:57:45] - 2.6086 	 	 0.5137 	 2.8946 	 0.2771
[2025/10/20 16:58:42] - 82 	 27.2 	 	 0.2000 	 4.0913 	 0.2806
[2025/10/20 16:58:42] - ==> Building model..
[2025/10/20 16:59:06] - Test Loss 	 Test Acc 	 PGD Loss 	 PGD Acc
[2025/10/20 16:59:06] - 2.6075 	 	 0.5145 	 2.8942 	 0.2778
[2025/10/20 17:00:04] - 83 	 27.4 	 	 0.2000 	 4.0890 	 0.2808
[2025/10/20 17:00:04] - ==> Building model..
[2025/10/20 17:00:28] - Test Loss 	 Test Acc 	 PGD Loss 	 PGD Acc
[2025/10/20 17:00:28] - 2.6075 	 	 0.5133 	 2.8929 	 0.2797
[2025/10/20 17:01:28] - 84 	 28.8 	 	 0.2000 	 4.0912 	 0.2786
[2025/10/20 17:01:28] - ==> Building model..
[2025/10/20 17:01:53] - Test Loss 	 Test Acc 	 PGD Loss 	 PGD Acc
[2025/10/20 17:01:53] - 2.6082 	 	 0.5128 	 2.8936 	 0.2802
[2025/10/20 17:02:51] - 85 	 27.5 	 	 0.2000 	 4.0916 	 0.2799
[2025/10/20 17:02:51] - ==> Building model..
[2025/10/20 17:03:14] - Test Loss 	 Test Acc 	 PGD Loss 	 PGD Acc
[2025/10/20 17:03:14] - 2.6085 	 	 0.5127 	 2.8936 	 0.2803
[2025/10/20 17:04:12] - 86 	 27.3 	 	 0.2000 	 4.0905 	 0.2801
[2025/10/20 17:04:12] - ==> Building model..
[2025/10/20 17:04:36] - Test Loss 	 Test Acc 	 PGD Loss 	 PGD Acc
[2025/10/20 17:04:36] - 2.6084 	 	 0.5123 	 2.8936 	 0.2807
[2025/10/20 17:05:34] - 87 	 27.4 	 	 0.2000 	 4.0908 	 0.2809
[2025/10/20 17:05:34] - ==> Building model..
[2025/10/20 17:05:58] - Test Loss 	 Test Acc 	 PGD Loss 	 PGD Acc
[2025/10/20 17:05:58] - 2.6079 	 	 0.5125 	 2.8934 	 0.2793
[2025/10/20 17:06:56] - 88 	 27.5 	 	 0.2000 	 4.0924 	 0.2771
[2025/10/20 17:06:56] - ==> Building model..
[2025/10/20 17:07:21] - Test Loss 	 Test Acc 	 PGD Loss 	 PGD Acc
[2025/10/20 17:07:21] - 2.6087 	 	 0.5122 	 2.8936 	 0.2797
[2025/10/20 17:08:20] - 89 	 28.3 	 	 0.2000 	 4.0911 	 0.2828
[2025/10/20 17:08:20] - ==> Building model..
[2025/10/20 17:08:44] - Test Loss 	 Test Acc 	 PGD Loss 	 PGD Acc
[2025/10/20 17:08:44] - 2.6101 	 	 0.5121 	 2.8943 	 0.2801
[2025/10/20 17:09:42] - 90 	 27.1 	 	 0.2000 	 4.0887 	 0.2806
[2025/10/20 17:09:42] - ==> Building model..
[2025/10/20 17:10:06] - Test Loss 	 Test Acc 	 PGD Loss 	 PGD Acc
[2025/10/20 17:10:06] - 2.6105 	 	 0.5124 	 2.8942 	 0.2814
[2025/10/20 17:11:06] - 91 	 28.3 	 	 0.2000 	 4.0912 	 0.2792
[2025/10/20 17:11:06] - ==> Building model..
[2025/10/20 17:11:31] - Test Loss 	 Test Acc 	 PGD Loss 	 PGD Acc
[2025/10/20 17:11:31] - 2.6102 	 	 0.5131 	 2.8945 	 0.2813
[2025/10/20 17:12:28] - 92 	 27.4 	 	 0.2000 	 4.0895 	 0.2795
[2025/10/20 17:12:28] - ==> Building model..
[2025/10/20 17:12:54] - Test Loss 	 Test Acc 	 PGD Loss 	 PGD Acc
[2025/10/20 17:12:54] - 2.6110 	 	 0.5124 	 2.8946 	 0.2820
[2025/10/20 17:13:52] - 93 	 27.3 	 	 0.2000 	 4.0898 	 0.2819
[2025/10/20 17:13:52] - ==> Building model..
[2025/10/20 17:14:17] - Test Loss 	 Test Acc 	 PGD Loss 	 PGD Acc
[2025/10/20 17:14:17] - 2.6111 	 	 0.5135 	 2.8956 	 0.2824
[2025/10/20 17:15:14] - 94 	 27.2 	 	 0.0200 	 3.9966 	 0.3413
[2025/10/20 17:15:14] - ==> Building model..
[2025/10/20 17:15:39] - Test Loss 	 Test Acc 	 PGD Loss 	 PGD Acc
[2025/10/20 17:15:39] - 2.6085 	 	 0.5136 	 2.8930 	 0.2816
[2025/10/20 17:16:37] - 95 	 27.4 	 	 0.0200 	 3.9035 	 0.4029
[2025/10/20 17:16:37] - ==> Building model..
[2025/10/20 17:17:02] - Test Loss 	 Test Acc 	 PGD Loss 	 PGD Acc
[2025/10/20 17:17:02] - 2.6070 	 	 0.5139 	 2.8921 	 0.2818
[2025/10/20 17:17:59] - 96 	 27.6 	 	 0.0200 	 3.8791 	 0.4200
[2025/10/20 17:17:59] - ==> Building model..
[2025/10/20 17:18:24] - Test Loss 	 Test Acc 	 PGD Loss 	 PGD Acc
[2025/10/20 17:18:24] - 2.6068 	 	 0.5141 	 2.8921 	 0.2822
[2025/10/20 17:19:22] - 97 	 27.5 	 	 0.0200 	 3.8610 	 0.4332
[2025/10/20 17:19:22] - ==> Building model..
[2025/10/20 17:19:47] - Test Loss 	 Test Acc 	 PGD Loss 	 PGD Acc
[2025/10/20 17:19:47] - 2.6072 	 	 0.5142 	 2.8919 	 0.2823
[2025/10/20 17:20:46] - 98 	 27.7 	 	 0.0200 	 3.8468 	 0.4420
[2025/10/20 17:20:46] - ==> Building model..
[2025/10/20 17:21:11] - Test Loss 	 Test Acc 	 PGD Loss 	 PGD Acc
[2025/10/20 17:21:11] - 2.6076 	 	 0.5142 	 2.8925 	 0.2829
[2025/10/20 17:22:08] - 99 	 27.1 	 	 0.0020 	 3.8159 	 0.4637
[2025/10/20 17:22:08] - ==> Building model..
[2025/10/20 17:22:33] - Test Loss 	 Test Acc 	 PGD Loss 	 PGD Acc
[2025/10/20 17:22:33] - 2.6089 	 	 0.5141 	 2.8936 	 0.2822
[2025/10/20 17:23:30] - 100 	 27.2 	 	 0.0020 	 3.7872 	 0.4902
[2025/10/20 17:23:30] - ==> Building model..
[2025/10/20 17:23:54] - Test Loss 	 Test Acc 	 PGD Loss 	 PGD Acc
[2025/10/20 17:23:54] - 2.6089 	 	 0.5141 	 2.8934 	 0.2820
[2025/10/20 17:24:52] - 101 	 26.8 	 	 0.0020 	 3.7824 	 0.4934
[2025/10/20 17:24:52] - ==> Building model..
[2025/10/20 17:25:17] - Test Loss 	 Test Acc 	 PGD Loss 	 PGD Acc
[2025/10/20 17:25:17] - 2.6094 	 	 0.5141 	 2.8941 	 0.2826
[2025/10/20 17:26:15] - 102 	 27.5 	 	 0.0020 	 3.7756 	 0.4975
[2025/10/20 17:26:15] - ==> Building model..
[2025/10/20 17:26:40] - Test Loss 	 Test Acc 	 PGD Loss 	 PGD Acc
[2025/10/20 17:26:40] - 2.6094 	 	 0.5141 	 2.8935 	 0.2823
[2025/10/20 17:27:38] - 103 	 27.3 	 	 0.0020 	 3.7715 	 0.5017
[2025/10/20 17:27:38] - ==> Building model..
[2025/10/20 17:28:02] - Test Loss 	 Test Acc 	 PGD Loss 	 PGD Acc
[2025/10/20 17:28:02] - 2.6094 	 	 0.5141 	 2.8940 	 0.2819
[2025/10/20 17:29:01] - 104 	 27.9 	 	 0.0020 	 3.7675 	 0.5047
[2025/10/20 17:29:01] - ==> Building model..
[2025/10/20 17:29:25] - Test Loss 	 Test Acc 	 PGD Loss 	 PGD Acc
[2025/10/20 17:29:25] - 2.6100 	 	 0.5141 	 2.8942 	 0.2824
[2025/10/20 17:30:22] - 105 	 27.0 	 	 0.0020 	 3.7629 	 0.5086
[2025/10/20 17:30:22] - ==> Building model..
[2025/10/20 17:30:46] - Test Loss 	 Test Acc 	 PGD Loss 	 PGD Acc
[2025/10/20 17:30:46] - 2.6113 	 	 0.5142 	 2.8957 	 0.2823
[2025/10/20 17:31:44] - 106 	 27.5 	 	 0.0020 	 3.7588 	 0.5118
[2025/10/20 17:31:44] - ==> Building model..
[2025/10/20 17:32:07] - Test Loss 	 Test Acc 	 PGD Loss 	 PGD Acc
[2025/10/20 17:32:07] - 2.6113 	 	 0.5142 	 2.8957 	 0.2825
[2025/10/20 17:33:03] - 107 	 27.1 	 	 0.0020 	 3.7561 	 0.5131
[2025/10/20 17:33:03] - ==> Building model..
[2025/10/20 17:33:27] - Test Loss 	 Test Acc 	 PGD Loss 	 PGD Acc
[2025/10/20 17:33:27] - 2.6120 	 	 0.5142 	 2.8967 	 0.2831
[2025/10/20 17:34:24] - 108 	 26.4 	 	 0.0020 	 3.7518 	 0.5193
[2025/10/20 17:34:24] - ==> Building model..
[2025/10/20 17:34:47] - Test Loss 	 Test Acc 	 PGD Loss 	 PGD Acc
[2025/10/20 17:34:47] - 2.6127 	 	 0.5144 	 2.8968 	 0.2826
[2025/10/20 17:35:45] - 109 	 27.4 	 	 0.0020 	 3.7477 	 0.5212
[2025/10/20 17:35:45] - ==> Building model..
[2025/10/20 17:36:08] - Test Loss 	 Test Acc 	 PGD Loss 	 PGD Acc
[2025/10/20 17:36:08] - 2.6127 	 	 0.5144 	 2.8971 	 0.2820
[2025/10/20 17:36:08] - [0.0854, 0.1433, 0.1887, 0.2384, 0.2792, 0.3124, 0.3538, 0.3823, 0.4011, 0.4156, 0.427, 0.4364, 0.4466, 0.4537, 0.4541, 0.4593, 0.4628, 0.4659, 0.4721, 0.4753, 0.48, 0.4821, 0.4844, 0.4851, 0.4885, 0.4917, 0.4949, 0.4961, 0.4966, 0.4984, 0.4972, 0.4975, 0.4997, 0.5, 0.5021, 0.5014, 0.501, 0.5008, 0.5038, 0.5043, 0.5036, 0.5036, 0.5047, 0.5063, 0.5077, 0.5093, 0.5091, 0.5099, 0.5117, 0.511, 0.5114, 0.5114, 0.5122, 0.5139, 0.5141, 0.5135, 0.5127, 0.5125, 0.5142, 0.5129, 0.5134, 0.5146, 0.5142, 0.5129, 0.5126, 0.5141, 0.5145, 0.514, 0.5147, 0.5145, 0.5147, 0.5149, 0.5139, 0.5145, 0.5149, 0.5145, 0.5151, 0.515, 0.5152, 0.5146, 0.5143, 0.5137, 0.5145, 0.5133, 0.5128, 0.5127, 0.5123, 0.5125, 0.5122, 0.5121, 0.5124, 0.5131, 0.5124, 0.5135, 0.5136, 0.5139, 0.5141, 0.5142, 0.5142, 0.5141, 0.5141, 0.5141, 0.5141, 0.5141, 0.5141, 0.5142, 0.5142, 0.5142, 0.5144, 0.5144]
[2025/10/20 17:36:08] - [0.0568, 0.0947, 0.1158, 0.1426, 0.1648, 0.1806, 0.1948, 0.2069, 0.2183, 0.2233, 0.2312, 0.2361, 0.2403, 0.247, 0.2473, 0.2475, 0.2515, 0.2548, 0.2568, 0.2567, 0.258, 0.2594, 0.2592, 0.2595, 0.2612, 0.2628, 0.2649, 0.2659, 0.2664, 0.2676, 0.2672, 0.2686, 0.2691, 0.2722, 0.2708, 0.2714, 0.2731, 0.2709, 0.2721, 0.2723, 0.2712, 0.2704, 0.2725, 0.2745, 0.276, 0.2758, 0.2756, 0.2768, 0.2761, 0.2761, 0.2757, 0.2755, 0.277, 0.2756, 0.2758, 0.2776, 0.2774, 0.2777, 0.2782, 0.2794, 0.2774, 0.2772, 0.2779, 0.2766, 0.2777, 0.2782, 0.2785, 0.2779, 0.2778, 0.2772, 0.2773, 0.2785, 0.2779, 0.2778, 0.278, 0.2786, 0.2783, 0.2777, 0.2774, 0.2772, 0.2778, 0.2771, 0.2778, 0.2797, 0.2802, 0.2803, 0.2807, 0.2793, 0.2797, 0.2801, 0.2814, 0.2813, 0.282, 0.2824, 0.2816, 0.2818, 0.2822, 0.2823, 0.2829, 0.2822, 0.282, 0.2826, 0.2823, 0.2819, 0.2824, 0.2823, 0.2825, 0.2831, 0.2826, 0.282]
