[2025/10/19 15:34:43] - Namespace(batch_size=128, data_dir='cifar-data', epochs=110, lr_schedule='multistep', lr_min=0.0, lr_max=0.2, weight_decay=0.0005, momentum=0.9, model='ResNet18', epsilon=8, alpha=8, delta_init='random', normal_mean=0, normal_std=1, out_dir='runs/beta_0.6/lam_40/lscale_0.09/seed_0', seed=0, lamda=40.0, lam_scale=0.09, lam_start=50, gamma=0.05, inner_gamma=0.05, beta=0.6, mu=3.5, batch_m=0.75, early_stop=False, factor=0.5, length=4, n_holes=1, c_num=0.125, EMA_value=0.55)
[2025/10/19 15:34:51] - ==> Building model..
[2025/10/19 15:34:51] - Epoch 	 Seconds 	 LR 	 	 Train Loss 	 Train Acc
[2025/10/19 15:35:44] - 0 	 29.6 	 	 0.2000 	 4.5704 	 0.0394
[2025/10/19 15:35:44] - ==> Building model..
[2025/10/19 15:36:08] - Test Loss 	 Test Acc 	 PGD Loss 	 PGD Acc
[2025/10/19 15:36:08] - 4.2605 	 	 0.0857 	 4.2729 	 0.0581
[2025/10/19 15:36:59] - 1 	 28.2 	 	 0.2000 	 4.4595 	 0.0785
[2025/10/19 15:36:59] - ==> Building model..
[2025/10/19 15:37:24] - Test Loss 	 Test Acc 	 PGD Loss 	 PGD Acc
[2025/10/19 15:37:24] - 4.0326 	 	 0.1444 	 4.0619 	 0.0939
[2025/10/19 15:38:14] - 2 	 27.5 	 	 0.2000 	 4.4079 	 0.1037
[2025/10/19 15:38:14] - ==> Building model..
[2025/10/19 15:38:37] - Test Loss 	 Test Acc 	 PGD Loss 	 PGD Acc
[2025/10/19 15:38:37] - 3.9104 	 	 0.1821 	 3.9536 	 0.1114
[2025/10/19 15:39:29] - 3 	 28.8 	 	 0.2000 	 4.3603 	 0.1262
[2025/10/19 15:39:29] - ==> Building model..
[2025/10/19 15:39:53] - Test Loss 	 Test Acc 	 PGD Loss 	 PGD Acc
[2025/10/19 15:39:53] - 3.7312 	 	 0.2344 	 3.8008 	 0.1371
[2025/10/19 15:40:45] - 4 	 28.7 	 	 0.2000 	 4.3151 	 0.1500
[2025/10/19 15:40:45] - ==> Building model..
[2025/10/19 15:41:09] - Test Loss 	 Test Acc 	 PGD Loss 	 PGD Acc
[2025/10/19 15:41:09] - 3.5868 	 	 0.2723 	 3.6806 	 0.1594
[2025/10/19 15:42:01] - 5 	 28.8 	 	 0.2000 	 4.2779 	 0.1684
[2025/10/19 15:42:01] - ==> Building model..
[2025/10/19 15:42:24] - Test Loss 	 Test Acc 	 PGD Loss 	 PGD Acc
[2025/10/19 15:42:24] - 3.3986 	 	 0.3110 	 3.5210 	 0.1760
[2025/10/19 15:43:16] - 6 	 28.7 	 	 0.2000 	 4.2473 	 0.1851
[2025/10/19 15:43:16] - ==> Building model..
[2025/10/19 15:43:39] - Test Loss 	 Test Acc 	 PGD Loss 	 PGD Acc
[2025/10/19 15:43:39] - 3.2068 	 	 0.3479 	 3.3587 	 0.1936
[2025/10/19 15:44:32] - 7 	 28.9 	 	 0.2000 	 4.2258 	 0.1975
[2025/10/19 15:44:32] - ==> Building model..
[2025/10/19 15:44:55] - Test Loss 	 Test Acc 	 PGD Loss 	 PGD Acc
[2025/10/19 15:44:55] - 3.0796 	 	 0.3797 	 3.2559 	 0.2060
[2025/10/19 15:45:48] - 8 	 28.8 	 	 0.2000 	 4.2071 	 0.2065
[2025/10/19 15:45:48] - ==> Building model..
[2025/10/19 15:46:12] - Test Loss 	 Test Acc 	 PGD Loss 	 PGD Acc
[2025/10/19 15:46:12] - 2.9789 	 	 0.4009 	 3.1773 	 0.2151
[2025/10/19 15:47:06] - 9 	 28.6 	 	 0.2000 	 4.1903 	 0.2159
[2025/10/19 15:47:06] - ==> Building model..
[2025/10/19 15:47:29] - Test Loss 	 Test Acc 	 PGD Loss 	 PGD Acc
[2025/10/19 15:47:29] - 2.9236 	 	 0.4137 	 3.1343 	 0.2241
[2025/10/19 15:48:20] - 10 	 27.7 	 	 0.2000 	 4.1774 	 0.2245
[2025/10/19 15:48:20] - ==> Building model..
[2025/10/19 15:48:43] - Test Loss 	 Test Acc 	 PGD Loss 	 PGD Acc
[2025/10/19 15:48:43] - 2.8616 	 	 0.4279 	 3.0863 	 0.2315
[2025/10/19 15:49:37] - 11 	 29.3 	 	 0.2000 	 4.1695 	 0.2280
[2025/10/19 15:49:37] - ==> Building model..
[2025/10/19 15:50:01] - Test Loss 	 Test Acc 	 PGD Loss 	 PGD Acc
[2025/10/19 15:50:01] - 2.8245 	 	 0.4339 	 3.0569 	 0.2338
[2025/10/19 15:50:52] - 12 	 27.8 	 	 0.2000 	 4.1601 	 0.2336
[2025/10/19 15:50:52] - ==> Building model..
[2025/10/19 15:51:15] - Test Loss 	 Test Acc 	 PGD Loss 	 PGD Acc
[2025/10/19 15:51:15] - 2.7884 	 	 0.4451 	 3.0303 	 0.2393
[2025/10/19 15:52:09] - 13 	 29.2 	 	 0.2000 	 4.1569 	 0.2350
[2025/10/19 15:52:09] - ==> Building model..
[2025/10/19 15:52:33] - Test Loss 	 Test Acc 	 PGD Loss 	 PGD Acc
[2025/10/19 15:52:33] - 2.7588 	 	 0.4513 	 3.0059 	 0.2438
[2025/10/19 15:53:26] - 14 	 28.6 	 	 0.2000 	 4.1503 	 0.2393
[2025/10/19 15:53:26] - ==> Building model..
[2025/10/19 15:53:49] - Test Loss 	 Test Acc 	 PGD Loss 	 PGD Acc
[2025/10/19 15:53:49] - 2.7490 	 	 0.4538 	 3.0001 	 0.2483
[2025/10/19 15:54:41] - 15 	 28.3 	 	 0.2000 	 4.1430 	 0.2435
[2025/10/19 15:54:41] - ==> Building model..
[2025/10/19 15:55:04] - Test Loss 	 Test Acc 	 PGD Loss 	 PGD Acc
[2025/10/19 15:55:04] - 2.7260 	 	 0.4583 	 2.9809 	 0.2507
[2025/10/19 15:55:57] - 16 	 28.3 	 	 0.2000 	 4.1386 	 0.2470
[2025/10/19 15:55:57] - ==> Building model..
[2025/10/19 15:56:20] - Test Loss 	 Test Acc 	 PGD Loss 	 PGD Acc
[2025/10/19 15:56:20] - 2.7090 	 	 0.4632 	 2.9676 	 0.2506
[2025/10/19 15:57:12] - 17 	 28.5 	 	 0.2000 	 4.1370 	 0.2470
[2025/10/19 15:57:12] - ==> Building model..
[2025/10/19 15:57:36] - Test Loss 	 Test Acc 	 PGD Loss 	 PGD Acc
[2025/10/19 15:57:36] - 2.6953 	 	 0.4649 	 2.9585 	 0.2549
[2025/10/19 15:58:29] - 18 	 28.9 	 	 0.2000 	 4.1301 	 0.2510
[2025/10/19 15:58:29] - ==> Building model..
[2025/10/19 15:58:53] - Test Loss 	 Test Acc 	 PGD Loss 	 PGD Acc
[2025/10/19 15:58:53] - 2.6719 	 	 0.4731 	 2.9417 	 0.2560
[2025/10/19 15:59:46] - 19 	 28.5 	 	 0.2000 	 4.1273 	 0.2546
[2025/10/19 15:59:46] - ==> Building model..
[2025/10/19 16:00:09] - Test Loss 	 Test Acc 	 PGD Loss 	 PGD Acc
[2025/10/19 16:00:09] - 2.6608 	 	 0.4740 	 2.9324 	 0.2571
[2025/10/19 16:01:02] - 20 	 28.8 	 	 0.2000 	 4.1254 	 0.2531
[2025/10/19 16:01:02] - ==> Building model..
[2025/10/19 16:01:25] - Test Loss 	 Test Acc 	 PGD Loss 	 PGD Acc
[2025/10/19 16:01:25] - 2.6581 	 	 0.4776 	 2.9313 	 0.2562
[2025/10/19 16:02:18] - 21 	 28.5 	 	 0.2000 	 4.1211 	 0.2589
[2025/10/19 16:02:18] - ==> Building model..
[2025/10/19 16:02:42] - Test Loss 	 Test Acc 	 PGD Loss 	 PGD Acc
[2025/10/19 16:02:42] - 2.6498 	 	 0.4800 	 2.9256 	 0.2560
[2025/10/19 16:03:33] - 22 	 27.9 	 	 0.2000 	 4.1209 	 0.2580
[2025/10/19 16:03:33] - ==> Building model..
[2025/10/19 16:03:56] - Test Loss 	 Test Acc 	 PGD Loss 	 PGD Acc
[2025/10/19 16:03:56] - 2.6422 	 	 0.4829 	 2.9198 	 0.2597
[2025/10/19 16:04:48] - 23 	 27.6 	 	 0.2000 	 4.1191 	 0.2574
[2025/10/19 16:04:48] - ==> Building model..
[2025/10/19 16:05:10] - Test Loss 	 Test Acc 	 PGD Loss 	 PGD Acc
[2025/10/19 16:05:10] - 2.6334 	 	 0.4844 	 2.9126 	 0.2599
[2025/10/19 16:06:03] - 24 	 28.1 	 	 0.2000 	 4.1167 	 0.2597
[2025/10/19 16:06:03] - ==> Building model..
[2025/10/19 16:06:26] - Test Loss 	 Test Acc 	 PGD Loss 	 PGD Acc
[2025/10/19 16:06:26] - 2.6291 	 	 0.4867 	 2.9094 	 0.2615
[2025/10/19 16:07:19] - 25 	 28.2 	 	 0.2000 	 4.1126 	 0.2637
[2025/10/19 16:07:19] - ==> Building model..
[2025/10/19 16:07:41] - Test Loss 	 Test Acc 	 PGD Loss 	 PGD Acc
[2025/10/19 16:07:41] - 2.6212 	 	 0.4877 	 2.9037 	 0.2623
[2025/10/19 16:08:34] - 26 	 28.6 	 	 0.2000 	 4.1098 	 0.2630
[2025/10/19 16:08:34] - ==> Building model..
[2025/10/19 16:08:57] - Test Loss 	 Test Acc 	 PGD Loss 	 PGD Acc
[2025/10/19 16:08:57] - 2.6101 	 	 0.4930 	 2.8955 	 0.2639
[2025/10/19 16:09:47] - 27 	 27.5 	 	 0.2000 	 4.1092 	 0.2656
[2025/10/19 16:09:47] - ==> Building model..
[2025/10/19 16:10:11] - Test Loss 	 Test Acc 	 PGD Loss 	 PGD Acc
[2025/10/19 16:10:11] - 2.6063 	 	 0.4941 	 2.8947 	 0.2641
[2025/10/19 16:11:03] - 28 	 28.4 	 	 0.2000 	 4.1071 	 0.2659
[2025/10/19 16:11:03] - ==> Building model..
[2025/10/19 16:11:26] - Test Loss 	 Test Acc 	 PGD Loss 	 PGD Acc
[2025/10/19 16:11:26] - 2.6022 	 	 0.4971 	 2.8926 	 0.2658
[2025/10/19 16:12:19] - 29 	 29.5 	 	 0.2000 	 4.1070 	 0.2656
[2025/10/19 16:12:19] - ==> Building model..
[2025/10/19 16:12:43] - Test Loss 	 Test Acc 	 PGD Loss 	 PGD Acc
[2025/10/19 16:12:43] - 2.5950 	 	 0.4972 	 2.8868 	 0.2681
[2025/10/19 16:13:35] - 30 	 28.8 	 	 0.2000 	 4.1068 	 0.2644
[2025/10/19 16:13:35] - ==> Building model..
[2025/10/19 16:13:58] - Test Loss 	 Test Acc 	 PGD Loss 	 PGD Acc
[2025/10/19 16:13:58] - 2.5943 	 	 0.4968 	 2.8857 	 0.2677
[2025/10/19 16:14:50] - 31 	 28.4 	 	 0.2000 	 4.1045 	 0.2666
[2025/10/19 16:14:50] - ==> Building model..
[2025/10/19 16:15:13] - Test Loss 	 Test Acc 	 PGD Loss 	 PGD Acc
[2025/10/19 16:15:13] - 2.5905 	 	 0.4986 	 2.8824 	 0.2690
[2025/10/19 16:16:06] - 32 	 28.6 	 	 0.2000 	 4.1027 	 0.2647
[2025/10/19 16:16:06] - ==> Building model..
[2025/10/19 16:16:29] - Test Loss 	 Test Acc 	 PGD Loss 	 PGD Acc
[2025/10/19 16:16:29] - 2.5873 	 	 0.5007 	 2.8810 	 0.2694
[2025/10/19 16:17:21] - 33 	 28.3 	 	 0.2000 	 4.1019 	 0.2698
[2025/10/19 16:17:21] - ==> Building model..
[2025/10/19 16:17:45] - Test Loss 	 Test Acc 	 PGD Loss 	 PGD Acc
[2025/10/19 16:17:45] - 2.5836 	 	 0.5004 	 2.8775 	 0.2701
[2025/10/19 16:18:37] - 34 	 27.9 	 	 0.2000 	 4.1015 	 0.2682
[2025/10/19 16:18:37] - ==> Building model..
[2025/10/19 16:19:00] - Test Loss 	 Test Acc 	 PGD Loss 	 PGD Acc
[2025/10/19 16:19:00] - 2.5797 	 	 0.5013 	 2.8746 	 0.2712
[2025/10/19 16:19:53] - 35 	 28.6 	 	 0.2000 	 4.0989 	 0.2723
[2025/10/19 16:19:53] - ==> Building model..
[2025/10/19 16:20:16] - Test Loss 	 Test Acc 	 PGD Loss 	 PGD Acc
[2025/10/19 16:20:16] - 2.5761 	 	 0.5033 	 2.8727 	 0.2701
[2025/10/19 16:21:10] - 36 	 29.0 	 	 0.2000 	 4.0981 	 0.2701
[2025/10/19 16:21:10] - ==> Building model..
[2025/10/19 16:21:33] - Test Loss 	 Test Acc 	 PGD Loss 	 PGD Acc
[2025/10/19 16:21:33] - 2.5722 	 	 0.5054 	 2.8700 	 0.2714
[2025/10/19 16:22:24] - 37 	 27.4 	 	 0.2000 	 4.0985 	 0.2704
[2025/10/19 16:22:24] - ==> Building model..
[2025/10/19 16:22:47] - Test Loss 	 Test Acc 	 PGD Loss 	 PGD Acc
[2025/10/19 16:22:47] - 2.5707 	 	 0.5058 	 2.8693 	 0.2729
[2025/10/19 16:23:38] - 38 	 27.5 	 	 0.2000 	 4.0952 	 0.2720
[2025/10/19 16:23:38] - ==> Building model..
[2025/10/19 16:24:00] - Test Loss 	 Test Acc 	 PGD Loss 	 PGD Acc
[2025/10/19 16:24:00] - 2.5663 	 	 0.5086 	 2.8651 	 0.2728
[2025/10/19 16:24:52] - 39 	 27.9 	 	 0.2000 	 4.0959 	 0.2711
[2025/10/19 16:24:52] - ==> Building model..
[2025/10/19 16:25:15] - Test Loss 	 Test Acc 	 PGD Loss 	 PGD Acc
[2025/10/19 16:25:15] - 2.5651 	 	 0.5073 	 2.8640 	 0.2735
[2025/10/19 16:26:08] - 40 	 28.5 	 	 0.2000 	 4.0947 	 0.2740
[2025/10/19 16:26:08] - ==> Building model..
[2025/10/19 16:26:31] - Test Loss 	 Test Acc 	 PGD Loss 	 PGD Acc
[2025/10/19 16:26:31] - 2.5627 	 	 0.5084 	 2.8627 	 0.2729
[2025/10/19 16:27:23] - 41 	 27.9 	 	 0.2000 	 4.0956 	 0.2721
[2025/10/19 16:27:23] - ==> Building model..
[2025/10/19 16:27:46] - Test Loss 	 Test Acc 	 PGD Loss 	 PGD Acc
[2025/10/19 16:27:46] - 2.5586 	 	 0.5090 	 2.8590 	 0.2735
[2025/10/19 16:28:37] - 42 	 27.8 	 	 0.2000 	 4.0949 	 0.2694
[2025/10/19 16:28:37] - ==> Building model..
[2025/10/19 16:29:00] - Test Loss 	 Test Acc 	 PGD Loss 	 PGD Acc
[2025/10/19 16:29:00] - 2.5554 	 	 0.5100 	 2.8566 	 0.2747
[2025/10/19 16:29:52] - 43 	 27.6 	 	 0.2000 	 4.0944 	 0.2726
[2025/10/19 16:29:52] - ==> Building model..
[2025/10/19 16:30:15] - Test Loss 	 Test Acc 	 PGD Loss 	 PGD Acc
[2025/10/19 16:30:15] - 2.5522 	 	 0.5114 	 2.8537 	 0.2739
[2025/10/19 16:31:08] - 44 	 27.6 	 	 0.2000 	 4.0944 	 0.2720
[2025/10/19 16:31:08] - ==> Building model..
[2025/10/19 16:31:31] - Test Loss 	 Test Acc 	 PGD Loss 	 PGD Acc
[2025/10/19 16:31:31] - 2.5488 	 	 0.5125 	 2.8516 	 0.2749
[2025/10/19 16:32:22] - 45 	 27.3 	 	 0.2000 	 4.0917 	 0.2743
[2025/10/19 16:32:22] - ==> Building model..
[2025/10/19 16:32:45] - Test Loss 	 Test Acc 	 PGD Loss 	 PGD Acc
[2025/10/19 16:32:45] - 2.5484 	 	 0.5132 	 2.8518 	 0.2754
[2025/10/19 16:33:35] - 46 	 27.0 	 	 0.2000 	 4.0901 	 0.2725
[2025/10/19 16:33:35] - ==> Building model..
[2025/10/19 16:33:58] - Test Loss 	 Test Acc 	 PGD Loss 	 PGD Acc
[2025/10/19 16:33:58] - 2.5481 	 	 0.5134 	 2.8516 	 0.2745
[2025/10/19 16:34:50] - 47 	 28.0 	 	 0.2000 	 4.0916 	 0.2725
[2025/10/19 16:34:50] - ==> Building model..
[2025/10/19 16:35:13] - Test Loss 	 Test Acc 	 PGD Loss 	 PGD Acc
[2025/10/19 16:35:13] - 2.5452 	 	 0.5123 	 2.8490 	 0.2754
[2025/10/19 16:36:04] - 48 	 27.4 	 	 0.2000 	 4.0885 	 0.2767
[2025/10/19 16:36:04] - ==> Building model..
[2025/10/19 16:36:27] - Test Loss 	 Test Acc 	 PGD Loss 	 PGD Acc
[2025/10/19 16:36:27] - 2.5418 	 	 0.5136 	 2.8468 	 0.2768
[2025/10/19 16:37:18] - 49 	 26.6 	 	 0.2000 	 4.0876 	 0.2774
[2025/10/19 16:37:18] - ==> Building model..
[2025/10/19 16:37:41] - Test Loss 	 Test Acc 	 PGD Loss 	 PGD Acc
[2025/10/19 16:37:41] - 2.5434 	 	 0.5141 	 2.8471 	 0.2765
[2025/10/19 16:38:31] - 50 	 26.7 	 	 0.2000 	 4.0892 	 0.2749
[2025/10/19 16:38:31] - ==> Building model..
[2025/10/19 16:38:54] - Test Loss 	 Test Acc 	 PGD Loss 	 PGD Acc
[2025/10/19 16:38:54] - 2.5430 	 	 0.5140 	 2.8469 	 0.2779
[2025/10/19 16:39:46] - 51 	 27.5 	 	 0.2000 	 4.0882 	 0.2750
[2025/10/19 16:39:46] - ==> Building model..
[2025/10/19 16:40:09] - Test Loss 	 Test Acc 	 PGD Loss 	 PGD Acc
[2025/10/19 16:40:09] - 2.5408 	 	 0.5148 	 2.8454 	 0.2775
[2025/10/19 16:41:02] - 52 	 28.1 	 	 0.2000 	 4.0895 	 0.2758
[2025/10/19 16:41:02] - ==> Building model..
[2025/10/19 16:41:25] - Test Loss 	 Test Acc 	 PGD Loss 	 PGD Acc
[2025/10/19 16:41:25] - 2.5386 	 	 0.5151 	 2.8431 	 0.2776
[2025/10/19 16:42:16] - 53 	 27.5 	 	 0.2000 	 4.0891 	 0.2779
[2025/10/19 16:42:16] - ==> Building model..
[2025/10/19 16:42:39] - Test Loss 	 Test Acc 	 PGD Loss 	 PGD Acc
[2025/10/19 16:42:39] - 2.5391 	 	 0.5167 	 2.8426 	 0.2769
[2025/10/19 16:43:30] - 54 	 26.9 	 	 0.2000 	 4.0913 	 0.2747
[2025/10/19 16:43:30] - ==> Building model..
[2025/10/19 16:43:53] - Test Loss 	 Test Acc 	 PGD Loss 	 PGD Acc
[2025/10/19 16:43:53] - 2.5402 	 	 0.5156 	 2.8430 	 0.2776
[2025/10/19 16:44:45] - 55 	 27.4 	 	 0.2000 	 4.0886 	 0.2786
[2025/10/19 16:44:45] - ==> Building model..
[2025/10/19 16:45:08] - Test Loss 	 Test Acc 	 PGD Loss 	 PGD Acc
[2025/10/19 16:45:08] - 2.5392 	 	 0.5160 	 2.8424 	 0.2791
[2025/10/19 16:46:01] - 56 	 27.7 	 	 0.2000 	 4.0912 	 0.2761
[2025/10/19 16:46:01] - ==> Building model..
[2025/10/19 16:46:24] - Test Loss 	 Test Acc 	 PGD Loss 	 PGD Acc
[2025/10/19 16:46:24] - 2.5397 	 	 0.5170 	 2.8430 	 0.2785
[2025/10/19 16:47:16] - 57 	 27.5 	 	 0.2000 	 4.0909 	 0.2791
[2025/10/19 16:47:16] - ==> Building model..
[2025/10/19 16:47:38] - Test Loss 	 Test Acc 	 PGD Loss 	 PGD Acc
[2025/10/19 16:47:38] - 2.5422 	 	 0.5175 	 2.8450 	 0.2799
[2025/10/19 16:48:31] - 58 	 27.7 	 	 0.2000 	 4.0907 	 0.2793
[2025/10/19 16:48:31] - ==> Building model..
[2025/10/19 16:48:55] - Test Loss 	 Test Acc 	 PGD Loss 	 PGD Acc
[2025/10/19 16:48:55] - 2.5453 	 	 0.5180 	 2.8473 	 0.2802
[2025/10/19 16:49:48] - 59 	 27.9 	 	 0.2000 	 4.0920 	 0.2764
[2025/10/19 16:49:48] - ==> Building model..
[2025/10/19 16:50:12] - Test Loss 	 Test Acc 	 PGD Loss 	 PGD Acc
[2025/10/19 16:50:12] - 2.5494 	 	 0.5175 	 2.8504 	 0.2801
[2025/10/19 16:51:04] - 60 	 27.5 	 	 0.2000 	 4.0900 	 0.2807
[2025/10/19 16:51:04] - ==> Building model..
[2025/10/19 16:51:28] - Test Loss 	 Test Acc 	 PGD Loss 	 PGD Acc
[2025/10/19 16:51:28] - 2.5522 	 	 0.5171 	 2.8517 	 0.2793
[2025/10/19 16:52:19] - 61 	 26.9 	 	 0.2000 	 4.0928 	 0.2758
[2025/10/19 16:52:19] - ==> Building model..
[2025/10/19 16:52:43] - Test Loss 	 Test Acc 	 PGD Loss 	 PGD Acc
[2025/10/19 16:52:43] - 2.5579 	 	 0.5155 	 2.8563 	 0.2784
[2025/10/19 16:53:34] - 62 	 26.5 	 	 0.2000 	 4.0916 	 0.2775
[2025/10/19 16:53:34] - ==> Building model..
[2025/10/19 16:53:59] - Test Loss 	 Test Acc 	 PGD Loss 	 PGD Acc
[2025/10/19 16:53:59] - 2.5603 	 	 0.5161 	 2.8581 	 0.2790
[2025/10/19 16:54:47] - 63 	 25.9 	 	 0.2000 	 4.0940 	 0.2762
[2025/10/19 16:54:47] - ==> Building model..
[2025/10/19 16:55:13] - Test Loss 	 Test Acc 	 PGD Loss 	 PGD Acc
[2025/10/19 16:55:13] - 2.5639 	 	 0.5151 	 2.8600 	 0.2793
[2025/10/19 16:56:00] - 64 	 24.9 	 	 0.2000 	 4.0901 	 0.2789
[2025/10/19 16:56:00] - ==> Building model..
[2025/10/19 16:56:25] - Test Loss 	 Test Acc 	 PGD Loss 	 PGD Acc
[2025/10/19 16:56:25] - 2.5663 	 	 0.5161 	 2.8620 	 0.2785
[2025/10/19 16:57:16] - 65 	 26.2 	 	 0.2000 	 4.0916 	 0.2800
[2025/10/19 16:57:16] - ==> Building model..
[2025/10/19 16:57:41] - Test Loss 	 Test Acc 	 PGD Loss 	 PGD Acc
[2025/10/19 16:57:41] - 2.5699 	 	 0.5168 	 2.8644 	 0.2780
[2025/10/19 16:58:33] - 66 	 26.7 	 	 0.2000 	 4.0916 	 0.2770
[2025/10/19 16:58:33] - ==> Building model..
[2025/10/19 16:58:58] - Test Loss 	 Test Acc 	 PGD Loss 	 PGD Acc
[2025/10/19 16:58:58] - 2.5716 	 	 0.5170 	 2.8666 	 0.2782
[2025/10/19 16:59:49] - 67 	 26.5 	 	 0.2000 	 4.0919 	 0.2773
[2025/10/19 16:59:49] - ==> Building model..
[2025/10/19 17:00:15] - Test Loss 	 Test Acc 	 PGD Loss 	 PGD Acc
[2025/10/19 17:00:15] - 2.5719 	 	 0.5175 	 2.8663 	 0.2783
[2025/10/19 17:01:05] - 68 	 25.9 	 	 0.2000 	 4.0910 	 0.2808
[2025/10/19 17:01:05] - ==> Building model..
[2025/10/19 17:01:31] - Test Loss 	 Test Acc 	 PGD Loss 	 PGD Acc
[2025/10/19 17:01:31] - 2.5734 	 	 0.5177 	 2.8676 	 0.2798
[2025/10/19 17:02:21] - 69 	 26.2 	 	 0.2000 	 4.0925 	 0.2787
[2025/10/19 17:02:21] - ==> Building model..
[2025/10/19 17:02:47] - Test Loss 	 Test Acc 	 PGD Loss 	 PGD Acc
[2025/10/19 17:02:47] - 2.5748 	 	 0.5176 	 2.8687 	 0.2798
[2025/10/19 17:03:37] - 70 	 25.8 	 	 0.2000 	 4.0933 	 0.2761
[2025/10/19 17:03:37] - ==> Building model..
[2025/10/19 17:04:03] - Test Loss 	 Test Acc 	 PGD Loss 	 PGD Acc
[2025/10/19 17:04:03] - 2.5763 	 	 0.5175 	 2.8702 	 0.2802
[2025/10/19 17:04:51] - 71 	 24.8 	 	 0.2000 	 4.0918 	 0.2785
[2025/10/19 17:04:51] - ==> Building model..
[2025/10/19 17:05:17] - Test Loss 	 Test Acc 	 PGD Loss 	 PGD Acc
[2025/10/19 17:05:17] - 2.5776 	 	 0.5180 	 2.8713 	 0.2815
[2025/10/19 17:06:07] - 72 	 26.3 	 	 0.2000 	 4.0908 	 0.2783
[2025/10/19 17:06:07] - ==> Building model..
[2025/10/19 17:06:34] - Test Loss 	 Test Acc 	 PGD Loss 	 PGD Acc
[2025/10/19 17:06:34] - 2.5809 	 	 0.5190 	 2.8749 	 0.2801
[2025/10/19 17:07:25] - 73 	 27.4 	 	 0.2000 	 4.0904 	 0.2773
[2025/10/19 17:07:25] - ==> Building model..
[2025/10/19 17:07:51] - Test Loss 	 Test Acc 	 PGD Loss 	 PGD Acc
[2025/10/19 17:07:51] - 2.5826 	 	 0.5181 	 2.8755 	 0.2811
[2025/10/19 17:08:42] - 74 	 26.3 	 	 0.2000 	 4.0919 	 0.2775
[2025/10/19 17:08:42] - ==> Building model..
[2025/10/19 17:09:07] - Test Loss 	 Test Acc 	 PGD Loss 	 PGD Acc
[2025/10/19 17:09:07] - 2.5830 	 	 0.5173 	 2.8757 	 0.2818
[2025/10/19 17:09:59] - 75 	 26.7 	 	 0.2000 	 4.0907 	 0.2793
[2025/10/19 17:09:59] - ==> Building model..
[2025/10/19 17:10:25] - Test Loss 	 Test Acc 	 PGD Loss 	 PGD Acc
[2025/10/19 17:10:25] - 2.5840 	 	 0.5184 	 2.8768 	 0.2825
[2025/10/19 17:11:17] - 76 	 26.7 	 	 0.2000 	 4.0907 	 0.2788
[2025/10/19 17:11:17] - ==> Building model..
[2025/10/19 17:11:42] - Test Loss 	 Test Acc 	 PGD Loss 	 PGD Acc
[2025/10/19 17:11:42] - 2.5841 	 	 0.5178 	 2.8764 	 0.2804
[2025/10/19 17:12:33] - 77 	 26.6 	 	 0.2000 	 4.0892 	 0.2802
[2025/10/19 17:12:33] - ==> Building model..
[2025/10/19 17:12:58] - Test Loss 	 Test Acc 	 PGD Loss 	 PGD Acc
[2025/10/19 17:12:58] - 2.5841 	 	 0.5181 	 2.8761 	 0.2809
[2025/10/19 17:13:51] - 78 	 27.7 	 	 0.2000 	 4.0909 	 0.2786
[2025/10/19 17:13:51] - ==> Building model..
[2025/10/19 17:14:16] - Test Loss 	 Test Acc 	 PGD Loss 	 PGD Acc
[2025/10/19 17:14:16] - 2.5857 	 	 0.5175 	 2.8771 	 0.2798
[2025/10/19 17:15:08] - 79 	 28.0 	 	 0.2000 	 4.0898 	 0.2803
[2025/10/19 17:15:08] - ==> Building model..
[2025/10/19 17:15:33] - Test Loss 	 Test Acc 	 PGD Loss 	 PGD Acc
[2025/10/19 17:15:33] - 2.5852 	 	 0.5186 	 2.8764 	 0.2799
[2025/10/19 17:16:24] - 80 	 27.3 	 	 0.2000 	 4.0891 	 0.2784
[2025/10/19 17:16:24] - ==> Building model..
[2025/10/19 17:16:49] - Test Loss 	 Test Acc 	 PGD Loss 	 PGD Acc
[2025/10/19 17:16:49] - 2.5862 	 	 0.5171 	 2.8778 	 0.2806
[2025/10/19 17:17:43] - 81 	 28.7 	 	 0.2000 	 4.0903 	 0.2787
[2025/10/19 17:17:43] - ==> Building model..
[2025/10/19 17:18:08] - Test Loss 	 Test Acc 	 PGD Loss 	 PGD Acc
[2025/10/19 17:18:08] - 2.5897 	 	 0.5165 	 2.8807 	 0.2799
[2025/10/19 17:18:59] - 82 	 27.5 	 	 0.2000 	 4.0902 	 0.2823
[2025/10/19 17:18:59] - ==> Building model..
[2025/10/19 17:19:23] - Test Loss 	 Test Acc 	 PGD Loss 	 PGD Acc
[2025/10/19 17:19:23] - 2.5888 	 	 0.5156 	 2.8798 	 0.2808
[2025/10/19 17:20:16] - 83 	 28.2 	 	 0.2000 	 4.0880 	 0.2808
[2025/10/19 17:20:16] - ==> Building model..
[2025/10/19 17:20:39] - Test Loss 	 Test Acc 	 PGD Loss 	 PGD Acc
[2025/10/19 17:20:39] - 2.5913 	 	 0.5151 	 2.8812 	 0.2805
[2025/10/19 17:21:33] - 84 	 28.9 	 	 0.2000 	 4.0904 	 0.2786
[2025/10/19 17:21:33] - ==> Building model..
[2025/10/19 17:21:56] - Test Loss 	 Test Acc 	 PGD Loss 	 PGD Acc
[2025/10/19 17:21:56] - 2.5908 	 	 0.5152 	 2.8806 	 0.2816
[2025/10/19 17:22:49] - 85 	 28.6 	 	 0.2000 	 4.0913 	 0.2782
[2025/10/19 17:22:49] - ==> Building model..
[2025/10/19 17:23:13] - Test Loss 	 Test Acc 	 PGD Loss 	 PGD Acc
[2025/10/19 17:23:13] - 2.5912 	 	 0.5147 	 2.8815 	 0.2816
[2025/10/19 17:24:04] - 86 	 27.9 	 	 0.2000 	 4.0890 	 0.2815
[2025/10/19 17:24:04] - ==> Building model..
[2025/10/19 17:24:29] - Test Loss 	 Test Acc 	 PGD Loss 	 PGD Acc
[2025/10/19 17:24:29] - 2.5915 	 	 0.5159 	 2.8815 	 0.2811
[2025/10/19 17:25:22] - 87 	 28.8 	 	 0.2000 	 4.0898 	 0.2811
[2025/10/19 17:25:22] - ==> Building model..
[2025/10/19 17:25:45] - Test Loss 	 Test Acc 	 PGD Loss 	 PGD Acc
[2025/10/19 17:25:45] - 2.5928 	 	 0.5166 	 2.8822 	 0.2815
[2025/10/19 17:26:37] - 88 	 28.4 	 	 0.2000 	 4.0918 	 0.2778
[2025/10/19 17:26:37] - ==> Building model..
[2025/10/19 17:27:01] - Test Loss 	 Test Acc 	 PGD Loss 	 PGD Acc
[2025/10/19 17:27:01] - 2.5951 	 	 0.5154 	 2.8836 	 0.2815
[2025/10/19 17:27:54] - 89 	 28.1 	 	 0.2000 	 4.0895 	 0.2800
[2025/10/19 17:27:54] - ==> Building model..
[2025/10/19 17:28:17] - Test Loss 	 Test Acc 	 PGD Loss 	 PGD Acc
[2025/10/19 17:28:17] - 2.5953 	 	 0.5147 	 2.8834 	 0.2822
[2025/10/19 17:29:10] - 90 	 28.5 	 	 0.2000 	 4.0876 	 0.2828
[2025/10/19 17:29:10] - ==> Building model..
[2025/10/19 17:29:34] - Test Loss 	 Test Acc 	 PGD Loss 	 PGD Acc
[2025/10/19 17:29:34] - 2.5954 	 	 0.5149 	 2.8833 	 0.2808
[2025/10/19 17:30:26] - 91 	 28.3 	 	 0.2000 	 4.0892 	 0.2769
[2025/10/19 17:30:26] - ==> Building model..
[2025/10/19 17:30:50] - Test Loss 	 Test Acc 	 PGD Loss 	 PGD Acc
[2025/10/19 17:30:50] - 2.5957 	 	 0.5148 	 2.8834 	 0.2822
[2025/10/19 17:31:44] - 92 	 28.8 	 	 0.2000 	 4.0881 	 0.2819
[2025/10/19 17:31:44] - ==> Building model..
[2025/10/19 17:32:07] - Test Loss 	 Test Acc 	 PGD Loss 	 PGD Acc
[2025/10/19 17:32:07] - 2.5971 	 	 0.5145 	 2.8849 	 0.2825
[2025/10/19 17:33:01] - 93 	 29.4 	 	 0.2000 	 4.0898 	 0.2777
[2025/10/19 17:33:01] - ==> Building model..
[2025/10/19 17:33:24] - Test Loss 	 Test Acc 	 PGD Loss 	 PGD Acc
[2025/10/19 17:33:24] - 2.5970 	 	 0.5147 	 2.8847 	 0.2824
[2025/10/19 17:34:15] - 94 	 28.3 	 	 0.0200 	 3.9969 	 0.3408
[2025/10/19 17:34:15] - ==> Building model..
[2025/10/19 17:34:38] - Test Loss 	 Test Acc 	 PGD Loss 	 PGD Acc
[2025/10/19 17:34:38] - 2.5951 	 	 0.5147 	 2.8829 	 0.2815
[2025/10/19 17:35:30] - 95 	 28.1 	 	 0.0200 	 3.9020 	 0.4043
[2025/10/19 17:35:30] - ==> Building model..
[2025/10/19 17:35:53] - Test Loss 	 Test Acc 	 PGD Loss 	 PGD Acc
[2025/10/19 17:35:53] - 2.5931 	 	 0.5153 	 2.8816 	 0.2814
[2025/10/19 17:36:45] - 96 	 27.9 	 	 0.0200 	 3.8768 	 0.4215
[2025/10/19 17:36:45] - ==> Building model..
[2025/10/19 17:37:08] - Test Loss 	 Test Acc 	 PGD Loss 	 PGD Acc
[2025/10/19 17:37:08] - 2.5926 	 	 0.5153 	 2.8813 	 0.2819
[2025/10/19 17:38:00] - 97 	 28.1 	 	 0.0200 	 3.8588 	 0.4339
[2025/10/19 17:38:00] - ==> Building model..
[2025/10/19 17:38:23] - Test Loss 	 Test Acc 	 PGD Loss 	 PGD Acc
[2025/10/19 17:38:23] - 2.5932 	 	 0.5154 	 2.8813 	 0.2820
[2025/10/19 17:39:16] - 98 	 28.1 	 	 0.0200 	 3.8450 	 0.4424
[2025/10/19 17:39:16] - ==> Building model..
[2025/10/19 17:39:40] - Test Loss 	 Test Acc 	 PGD Loss 	 PGD Acc
[2025/10/19 17:39:40] - 2.5954 	 	 0.5158 	 2.8833 	 0.2819
[2025/10/19 17:40:32] - 99 	 28.4 	 	 0.0020 	 3.8138 	 0.4663
[2025/10/19 17:40:32] - ==> Building model..
[2025/10/19 17:40:57] - Test Loss 	 Test Acc 	 PGD Loss 	 PGD Acc
[2025/10/19 17:40:57] - 2.5954 	 	 0.5158 	 2.8831 	 0.2823
[2025/10/19 17:41:51] - 100 	 28.1 	 	 0.0020 	 3.7847 	 0.4906
[2025/10/19 17:41:51] - ==> Building model..
[2025/10/19 17:42:14] - Test Loss 	 Test Acc 	 PGD Loss 	 PGD Acc
[2025/10/19 17:42:14] - 2.5963 	 	 0.5156 	 2.8845 	 0.2825
[2025/10/19 17:43:06] - 101 	 27.8 	 	 0.0020 	 3.7799 	 0.4940
[2025/10/19 17:43:06] - ==> Building model..
[2025/10/19 17:43:30] - Test Loss 	 Test Acc 	 PGD Loss 	 PGD Acc
[2025/10/19 17:43:30] - 2.5978 	 	 0.5155 	 2.8859 	 0.2820
[2025/10/19 17:44:22] - 102 	 28.2 	 	 0.0020 	 3.7738 	 0.4976
[2025/10/19 17:44:22] - ==> Building model..
[2025/10/19 17:44:46] - Test Loss 	 Test Acc 	 PGD Loss 	 PGD Acc
[2025/10/19 17:44:46] - 2.5978 	 	 0.5155 	 2.8858 	 0.2820
[2025/10/19 17:45:39] - 103 	 28.4 	 	 0.0020 	 3.7695 	 0.5035
[2025/10/19 17:45:39] - ==> Building model..
[2025/10/19 17:46:03] - Test Loss 	 Test Acc 	 PGD Loss 	 PGD Acc
[2025/10/19 17:46:03] - 2.5978 	 	 0.5155 	 2.8854 	 0.2826
[2025/10/19 17:46:57] - 104 	 28.1 	 	 0.0020 	 3.7648 	 0.5057
[2025/10/19 17:46:57] - ==> Building model..
[2025/10/19 17:47:21] - Test Loss 	 Test Acc 	 PGD Loss 	 PGD Acc
[2025/10/19 17:47:21] - 2.5978 	 	 0.5155 	 2.8854 	 0.2821
[2025/10/19 17:48:14] - 105 	 28.5 	 	 0.0020 	 3.7610 	 0.5084
[2025/10/19 17:48:14] - ==> Building model..
[2025/10/19 17:48:38] - Test Loss 	 Test Acc 	 PGD Loss 	 PGD Acc
[2025/10/19 17:48:38] - 2.5978 	 	 0.5155 	 2.8857 	 0.2822
[2025/10/19 17:49:32] - 106 	 27.8 	 	 0.0020 	 3.7565 	 0.5125
[2025/10/19 17:49:32] - ==> Building model..
[2025/10/19 17:49:55] - Test Loss 	 Test Acc 	 PGD Loss 	 PGD Acc
[2025/10/19 17:49:55] - 2.5978 	 	 0.5155 	 2.8862 	 0.2827
[2025/10/19 17:50:48] - 107 	 27.6 	 	 0.0020 	 3.7536 	 0.5134
[2025/10/19 17:50:48] - ==> Building model..
[2025/10/19 17:51:12] - Test Loss 	 Test Acc 	 PGD Loss 	 PGD Acc
[2025/10/19 17:51:12] - 2.5984 	 	 0.5155 	 2.8860 	 0.2823
[2025/10/19 17:52:06] - 108 	 27.5 	 	 0.0020 	 3.7493 	 0.5194
[2025/10/19 17:52:06] - ==> Building model..
[2025/10/19 17:52:30] - Test Loss 	 Test Acc 	 PGD Loss 	 PGD Acc
[2025/10/19 17:52:30] - 2.5984 	 	 0.5155 	 2.8858 	 0.2816
[2025/10/19 17:53:22] - 109 	 27.0 	 	 0.0020 	 3.7450 	 0.5217
[2025/10/19 17:53:22] - ==> Building model..
[2025/10/19 17:53:47] - Test Loss 	 Test Acc 	 PGD Loss 	 PGD Acc
[2025/10/19 17:53:47] - 2.5991 	 	 0.5155 	 2.8872 	 0.2817
[2025/10/19 17:53:47] - [0.0857, 0.1444, 0.1821, 0.2344, 0.2723, 0.311, 0.3479, 0.3797, 0.4009, 0.4137, 0.4279, 0.4339, 0.4451, 0.4513, 0.4538, 0.4583, 0.4632, 0.4649, 0.4731, 0.474, 0.4776, 0.48, 0.4829, 0.4844, 0.4867, 0.4877, 0.493, 0.4941, 0.4971, 0.4972, 0.4968, 0.4986, 0.5007, 0.5004, 0.5013, 0.5033, 0.5054, 0.5058, 0.5086, 0.5073, 0.5084, 0.509, 0.51, 0.5114, 0.5125, 0.5132, 0.5134, 0.5123, 0.5136, 0.5141, 0.514, 0.5148, 0.5151, 0.5167, 0.5156, 0.516, 0.517, 0.5175, 0.518, 0.5175, 0.5171, 0.5155, 0.5161, 0.5151, 0.5161, 0.5168, 0.517, 0.5175, 0.5177, 0.5176, 0.5175, 0.518, 0.519, 0.5181, 0.5173, 0.5184, 0.5178, 0.5181, 0.5175, 0.5186, 0.5171, 0.5165, 0.5156, 0.5151, 0.5152, 0.5147, 0.5159, 0.5166, 0.5154, 0.5147, 0.5149, 0.5148, 0.5145, 0.5147, 0.5147, 0.5153, 0.5153, 0.5154, 0.5158, 0.5158, 0.5156, 0.5155, 0.5155, 0.5155, 0.5155, 0.5155, 0.5155, 0.5155, 0.5155, 0.5155]
[2025/10/19 17:53:47] - [0.0581, 0.0939, 0.1114, 0.1371, 0.1594, 0.176, 0.1936, 0.206, 0.2151, 0.2241, 0.2315, 0.2338, 0.2393, 0.2438, 0.2483, 0.2507, 0.2506, 0.2549, 0.256, 0.2571, 0.2562, 0.256, 0.2597, 0.2599, 0.2615, 0.2623, 0.2639, 0.2641, 0.2658, 0.2681, 0.2677, 0.269, 0.2694, 0.2701, 0.2712, 0.2701, 0.2714, 0.2729, 0.2728, 0.2735, 0.2729, 0.2735, 0.2747, 0.2739, 0.2749, 0.2754, 0.2745, 0.2754, 0.2768, 0.2765, 0.2779, 0.2775, 0.2776, 0.2769, 0.2776, 0.2791, 0.2785, 0.2799, 0.2802, 0.2801, 0.2793, 0.2784, 0.279, 0.2793, 0.2785, 0.278, 0.2782, 0.2783, 0.2798, 0.2798, 0.2802, 0.2815, 0.2801, 0.2811, 0.2818, 0.2825, 0.2804, 0.2809, 0.2798, 0.2799, 0.2806, 0.2799, 0.2808, 0.2805, 0.2816, 0.2816, 0.2811, 0.2815, 0.2815, 0.2822, 0.2808, 0.2822, 0.2825, 0.2824, 0.2815, 0.2814, 0.2819, 0.282, 0.2819, 0.2823, 0.2825, 0.282, 0.282, 0.2826, 0.2821, 0.2822, 0.2827, 0.2823, 0.2816, 0.2817]
