[2025/10/13 06:24:12] - Namespace(batch_size=128, data_dir='cifar-data', epochs=100, lr_schedule='multistep', lr_min=0.0, lr_max=0.2, weight_decay=0.0005, momentum=0.9, model='ResNet18', epsilon=8, alpha=8, delta_init='random', normal_mean=0, normal_std=1, out_dir='./output/CIFAR100/lamda_36_lamscale_0.03_run2', seed=0, lamda=36.0, lam_scale=0.03, lam_start=50, gamma=0.05, inner_gamma=0.05, beta=0.2, mu=3.5, batch_m=0.75, early_stop=False, factor=0.5, length=4, n_holes=1, c_num=0.125, EMA_value=0.55)
[2025/10/13 06:24:14] - ==> Building model..
[2025/10/13 06:24:14] - Epoch 	 Seconds 	 LR 	 	 Train Loss 	 Train Acc
[2025/10/13 06:24:56] - 0 	 18.4 	 	 0.2000 	 4.5692 	 0.0405
[2025/10/13 06:24:56] - ==> Building model..
[2025/10/13 06:25:12] - Test Loss 	 Test Acc 	 PGD Loss 	 PGD Acc
[2025/10/13 06:25:12] - 4.1999 	 	 0.0906 	 4.2144 	 0.0611
[2025/10/13 06:25:57] - 1 	 18.2 	 	 0.2000 	 4.4550 	 0.0807
[2025/10/13 06:25:57] - ==> Building model..
[2025/10/13 06:26:13] - Test Loss 	 Test Acc 	 PGD Loss 	 PGD Acc
[2025/10/13 06:26:13] - 4.0168 	 	 0.1427 	 4.0465 	 0.0957
[2025/10/13 06:26:58] - 2 	 18.4 	 	 0.2000 	 4.4044 	 0.1057
[2025/10/13 06:26:58] - ==> Building model..
[2025/10/13 06:27:14] - Test Loss 	 Test Acc 	 PGD Loss 	 PGD Acc
[2025/10/13 06:27:14] - 3.8845 	 	 0.1870 	 3.9301 	 0.1163
[2025/10/13 06:27:59] - 3 	 18.3 	 	 0.2000 	 4.3577 	 0.1271
[2025/10/13 06:27:59] - ==> Building model..
[2025/10/13 06:28:15] - Test Loss 	 Test Acc 	 PGD Loss 	 PGD Acc
[2025/10/13 06:28:15] - 3.7473 	 	 0.2328 	 3.8155 	 0.1337
[2025/10/13 06:29:00] - 4 	 18.4 	 	 0.2000 	 4.3134 	 0.1505
[2025/10/13 06:29:00] - ==> Building model..
[2025/10/13 06:29:16] - Test Loss 	 Test Acc 	 PGD Loss 	 PGD Acc
[2025/10/13 06:29:16] - 3.6168 	 	 0.2681 	 3.7076 	 0.1570
[2025/10/13 06:30:01] - 5 	 18.7 	 	 0.2000 	 4.2753 	 0.1686
[2025/10/13 06:30:01] - ==> Building model..
[2025/10/13 06:30:18] - Test Loss 	 Test Acc 	 PGD Loss 	 PGD Acc
[2025/10/13 06:30:18] - 3.3974 	 	 0.3098 	 3.5192 	 0.1788
[2025/10/13 06:31:03] - 6 	 18.6 	 	 0.2000 	 4.2425 	 0.1879
[2025/10/13 06:31:03] - ==> Building model..
[2025/10/13 06:31:19] - Test Loss 	 Test Acc 	 PGD Loss 	 PGD Acc
[2025/10/13 06:31:19] - 3.2044 	 	 0.3491 	 3.3564 	 0.1948
[2025/10/13 06:32:00] - 7 	 17.8 	 	 0.2000 	 4.2205 	 0.2001
[2025/10/13 06:32:00] - ==> Building model..
[2025/10/13 06:32:16] - Test Loss 	 Test Acc 	 PGD Loss 	 PGD Acc
[2025/10/13 06:32:16] - 3.0676 	 	 0.3805 	 3.2462 	 0.2076
[2025/10/13 06:32:59] - 8 	 18.4 	 	 0.2000 	 4.2015 	 0.2091
[2025/10/13 06:32:59] - ==> Building model..
[2025/10/13 06:33:15] - Test Loss 	 Test Acc 	 PGD Loss 	 PGD Acc
[2025/10/13 06:33:15] - 2.9573 	 	 0.4042 	 3.1608 	 0.2189
[2025/10/13 06:34:03] - 9 	 19.7 	 	 0.2000 	 4.1860 	 0.2187
[2025/10/13 06:34:03] - ==> Building model..
[2025/10/13 06:34:19] - Test Loss 	 Test Acc 	 PGD Loss 	 PGD Acc
[2025/10/13 06:34:19] - 2.9080 	 	 0.4157 	 3.1225 	 0.2255
[2025/10/13 06:35:05] - 10 	 19.2 	 	 0.2000 	 4.1742 	 0.2269
[2025/10/13 06:35:05] - ==> Building model..
[2025/10/13 06:35:21] - Test Loss 	 Test Acc 	 PGD Loss 	 PGD Acc
[2025/10/13 06:35:21] - 2.8530 	 	 0.4308 	 3.0806 	 0.2318
[2025/10/13 06:36:04] - 11 	 18.9 	 	 0.2000 	 4.1654 	 0.2293
[2025/10/13 06:36:04] - ==> Building model..
[2025/10/13 06:36:21] - Test Loss 	 Test Acc 	 PGD Loss 	 PGD Acc
[2025/10/13 06:36:21] - 2.8147 	 	 0.4382 	 3.0508 	 0.2368
[2025/10/13 06:37:07] - 12 	 19.3 	 	 0.2000 	 4.1560 	 0.2361
[2025/10/13 06:37:07] - ==> Building model..
[2025/10/13 06:37:24] - Test Loss 	 Test Acc 	 PGD Loss 	 PGD Acc
[2025/10/13 06:37:24] - 2.7781 	 	 0.4496 	 3.0241 	 0.2406
[2025/10/13 06:38:10] - 13 	 19.2 	 	 0.2000 	 4.1536 	 0.2367
[2025/10/13 06:38:10] - ==> Building model..
[2025/10/13 06:38:26] - Test Loss 	 Test Acc 	 PGD Loss 	 PGD Acc
[2025/10/13 06:38:26] - 2.7570 	 	 0.4505 	 3.0072 	 0.2437
[2025/10/13 06:39:12] - 14 	 19.1 	 	 0.2000 	 4.1475 	 0.2404
[2025/10/13 06:39:12] - ==> Building model..
[2025/10/13 06:39:28] - Test Loss 	 Test Acc 	 PGD Loss 	 PGD Acc
[2025/10/13 06:39:28] - 2.7377 	 	 0.4559 	 2.9933 	 0.2472
[2025/10/13 06:40:14] - 15 	 19.6 	 	 0.2000 	 4.1394 	 0.2464
[2025/10/13 06:40:14] - ==> Building model..
[2025/10/13 06:40:30] - Test Loss 	 Test Acc 	 PGD Loss 	 PGD Acc
[2025/10/13 06:40:30] - 2.7155 	 	 0.4643 	 2.9778 	 0.2524
[2025/10/13 06:41:14] - 16 	 18.9 	 	 0.2000 	 4.1352 	 0.2479
[2025/10/13 06:41:14] - ==> Building model..
[2025/10/13 06:41:31] - Test Loss 	 Test Acc 	 PGD Loss 	 PGD Acc
[2025/10/13 06:41:31] - 2.6982 	 	 0.4685 	 2.9631 	 0.2505
[2025/10/13 06:42:13] - 17 	 18.3 	 	 0.2000 	 4.1331 	 0.2482
[2025/10/13 06:42:13] - ==> Building model..
[2025/10/13 06:42:29] - Test Loss 	 Test Acc 	 PGD Loss 	 PGD Acc
[2025/10/13 06:42:29] - 2.6806 	 	 0.4736 	 2.9493 	 0.2555
[2025/10/13 06:43:14] - 18 	 19.5 	 	 0.2000 	 4.1273 	 0.2526
[2025/10/13 06:43:14] - ==> Building model..
[2025/10/13 06:43:31] - Test Loss 	 Test Acc 	 PGD Loss 	 PGD Acc
[2025/10/13 06:43:31] - 2.6630 	 	 0.4791 	 2.9373 	 0.2575
[2025/10/13 06:44:16] - 19 	 19.2 	 	 0.2000 	 4.1234 	 0.2547
[2025/10/13 06:44:16] - ==> Building model..
[2025/10/13 06:44:32] - Test Loss 	 Test Acc 	 PGD Loss 	 PGD Acc
[2025/10/13 06:44:32] - 2.6493 	 	 0.4807 	 2.9269 	 0.2588
[2025/10/13 06:45:17] - 20 	 19.5 	 	 0.2000 	 4.1226 	 0.2576
[2025/10/13 06:45:17] - ==> Building model..
[2025/10/13 06:45:34] - Test Loss 	 Test Acc 	 PGD Loss 	 PGD Acc
[2025/10/13 06:45:34] - 2.6417 	 	 0.4831 	 2.9210 	 0.2596
[2025/10/13 06:46:19] - 21 	 19.5 	 	 0.2000 	 4.1185 	 0.2578
[2025/10/13 06:46:19] - ==> Building model..
[2025/10/13 06:46:35] - Test Loss 	 Test Acc 	 PGD Loss 	 PGD Acc
[2025/10/13 06:46:35] - 2.6339 	 	 0.4851 	 2.9150 	 0.2600
[2025/10/13 06:47:20] - 22 	 19.1 	 	 0.2000 	 4.1178 	 0.2581
[2025/10/13 06:47:20] - ==> Building model..
[2025/10/13 06:47:36] - Test Loss 	 Test Acc 	 PGD Loss 	 PGD Acc
[2025/10/13 06:47:36] - 2.6258 	 	 0.4893 	 2.9104 	 0.2625
[2025/10/13 06:48:21] - 23 	 18.8 	 	 0.2000 	 4.1162 	 0.2580
[2025/10/13 06:48:21] - ==> Building model..
[2025/10/13 06:48:37] - Test Loss 	 Test Acc 	 PGD Loss 	 PGD Acc
[2025/10/13 06:48:37] - 2.6192 	 	 0.4886 	 2.9046 	 0.2620
[2025/10/13 06:49:22] - 24 	 19.1 	 	 0.2000 	 4.1120 	 0.2606
[2025/10/13 06:49:22] - ==> Building model..
[2025/10/13 06:49:38] - Test Loss 	 Test Acc 	 PGD Loss 	 PGD Acc
[2025/10/13 06:49:38] - 2.6138 	 	 0.4903 	 2.9004 	 0.2626
[2025/10/13 06:50:25] - 25 	 19.5 	 	 0.2000 	 4.1108 	 0.2637
[2025/10/13 06:50:25] - ==> Building model..
[2025/10/13 06:50:42] - Test Loss 	 Test Acc 	 PGD Loss 	 PGD Acc
[2025/10/13 06:50:42] - 2.6041 	 	 0.4941 	 2.8935 	 0.2637
[2025/10/13 06:51:27] - 26 	 18.7 	 	 0.2000 	 4.1071 	 0.2642
[2025/10/13 06:51:27] - ==> Building model..
[2025/10/13 06:51:43] - Test Loss 	 Test Acc 	 PGD Loss 	 PGD Acc
[2025/10/13 06:51:43] - 2.5939 	 	 0.4971 	 2.8847 	 0.2667
[2025/10/13 06:52:28] - 27 	 18.6 	 	 0.2000 	 4.1064 	 0.2669
[2025/10/13 06:52:28] - ==> Building model..
[2025/10/13 06:52:45] - Test Loss 	 Test Acc 	 PGD Loss 	 PGD Acc
[2025/10/13 06:52:45] - 2.5928 	 	 0.4991 	 2.8852 	 0.2665
[2025/10/13 06:53:27] - 28 	 18.2 	 	 0.2000 	 4.1050 	 0.2665
[2025/10/13 06:53:27] - ==> Building model..
[2025/10/13 06:53:43] - Test Loss 	 Test Acc 	 PGD Loss 	 PGD Acc
[2025/10/13 06:53:43] - 2.5905 	 	 0.4993 	 2.8836 	 0.2658
[2025/10/13 06:54:27] - 29 	 18.4 	 	 0.2000 	 4.1041 	 0.2677
[2025/10/13 06:54:27] - ==> Building model..
[2025/10/13 06:54:44] - Test Loss 	 Test Acc 	 PGD Loss 	 PGD Acc
[2025/10/13 06:54:44] - 2.5854 	 	 0.5007 	 2.8807 	 0.2690
[2025/10/13 06:55:26] - 30 	 18.2 	 	 0.2000 	 4.1050 	 0.2654
[2025/10/13 06:55:26] - ==> Building model..
[2025/10/13 06:55:42] - Test Loss 	 Test Acc 	 PGD Loss 	 PGD Acc
[2025/10/13 06:55:42] - 2.5900 	 	 0.4995 	 2.8856 	 0.2704
[2025/10/13 06:56:28] - 31 	 19.2 	 	 0.2000 	 4.1025 	 0.2663
[2025/10/13 06:56:28] - ==> Building model..
[2025/10/13 06:56:44] - Test Loss 	 Test Acc 	 PGD Loss 	 PGD Acc
[2025/10/13 06:56:44] - 2.5844 	 	 0.5019 	 2.8819 	 0.2711
[2025/10/13 06:57:30] - 32 	 19.8 	 	 0.2000 	 4.1005 	 0.2683
[2025/10/13 06:57:30] - ==> Building model..
[2025/10/13 06:57:47] - Test Loss 	 Test Acc 	 PGD Loss 	 PGD Acc
[2025/10/13 06:57:47] - 2.5799 	 	 0.5026 	 2.8788 	 0.2722
[2025/10/13 06:58:30] - 33 	 18.3 	 	 0.2000 	 4.1002 	 0.2682
[2025/10/13 06:58:30] - ==> Building model..
[2025/10/13 06:58:46] - Test Loss 	 Test Acc 	 PGD Loss 	 PGD Acc
[2025/10/13 06:58:46] - 2.5709 	 	 0.5035 	 2.8703 	 0.2720
[2025/10/13 06:59:32] - 34 	 18.9 	 	 0.2000 	 4.0996 	 0.2665
[2025/10/13 06:59:32] - ==> Building model..
[2025/10/13 06:59:48] - Test Loss 	 Test Acc 	 PGD Loss 	 PGD Acc
[2025/10/13 06:59:48] - 2.5682 	 	 0.5051 	 2.8678 	 0.2722
[2025/10/13 07:00:32] - 35 	 18.2 	 	 0.2000 	 4.0960 	 0.2735
[2025/10/13 07:00:32] - ==> Building model..
[2025/10/13 07:00:48] - Test Loss 	 Test Acc 	 PGD Loss 	 PGD Acc
[2025/10/13 07:00:48] - 2.5636 	 	 0.5077 	 2.8640 	 0.2721
[2025/10/13 07:01:33] - 36 	 18.7 	 	 0.2000 	 4.0968 	 0.2699
[2025/10/13 07:01:33] - ==> Building model..
[2025/10/13 07:01:50] - Test Loss 	 Test Acc 	 PGD Loss 	 PGD Acc
[2025/10/13 07:01:50] - 2.5596 	 	 0.5092 	 2.8610 	 0.2738
[2025/10/13 07:02:35] - 37 	 18.7 	 	 0.2000 	 4.0955 	 0.2711
[2025/10/13 07:02:35] - ==> Building model..
[2025/10/13 07:02:51] - Test Loss 	 Test Acc 	 PGD Loss 	 PGD Acc
[2025/10/13 07:02:51] - 2.5576 	 	 0.5115 	 2.8607 	 0.2750
[2025/10/13 07:03:36] - 38 	 19.1 	 	 0.2000 	 4.0941 	 0.2712
[2025/10/13 07:03:36] - ==> Building model..
[2025/10/13 07:03:52] - Test Loss 	 Test Acc 	 PGD Loss 	 PGD Acc
[2025/10/13 07:03:52] - 2.5557 	 	 0.5101 	 2.8594 	 0.2747
[2025/10/13 07:04:37] - 39 	 18.7 	 	 0.2000 	 4.0949 	 0.2718
[2025/10/13 07:04:37] - ==> Building model..
[2025/10/13 07:04:53] - Test Loss 	 Test Acc 	 PGD Loss 	 PGD Acc
[2025/10/13 07:04:53] - 2.5603 	 	 0.5090 	 2.8631 	 0.2736
[2025/10/13 07:05:35] - 40 	 17.9 	 	 0.2000 	 4.0939 	 0.2726
[2025/10/13 07:05:35] - ==> Building model..
[2025/10/13 07:05:51] - Test Loss 	 Test Acc 	 PGD Loss 	 PGD Acc
[2025/10/13 07:05:51] - 2.5593 	 	 0.5075 	 2.8629 	 0.2753
[2025/10/13 07:06:38] - 41 	 19.1 	 	 0.2000 	 4.0948 	 0.2712
[2025/10/13 07:06:38] - ==> Building model..
[2025/10/13 07:06:55] - Test Loss 	 Test Acc 	 PGD Loss 	 PGD Acc
[2025/10/13 07:06:55] - 2.5543 	 	 0.5090 	 2.8592 	 0.2748
[2025/10/13 07:07:41] - 42 	 19.4 	 	 0.2000 	 4.0936 	 0.2718
[2025/10/13 07:07:41] - ==> Building model..
[2025/10/13 07:07:58] - Test Loss 	 Test Acc 	 PGD Loss 	 PGD Acc
[2025/10/13 07:07:58] - 2.5503 	 	 0.5111 	 2.8558 	 0.2755
[2025/10/13 07:08:42] - 43 	 19.5 	 	 0.2000 	 4.0940 	 0.2736
[2025/10/13 07:08:42] - ==> Building model..
[2025/10/13 07:08:59] - Test Loss 	 Test Acc 	 PGD Loss 	 PGD Acc
[2025/10/13 07:08:59] - 2.5517 	 	 0.5123 	 2.8565 	 0.2755
[2025/10/13 07:09:45] - 44 	 19.2 	 	 0.2000 	 4.0919 	 0.2735
[2025/10/13 07:09:45] - ==> Building model..
[2025/10/13 07:10:01] - Test Loss 	 Test Acc 	 PGD Loss 	 PGD Acc
[2025/10/13 07:10:01] - 2.5472 	 	 0.5130 	 2.8532 	 0.2763
[2025/10/13 07:10:45] - 45 	 18.9 	 	 0.2000 	 4.0902 	 0.2740
[2025/10/13 07:10:45] - ==> Building model..
[2025/10/13 07:11:01] - Test Loss 	 Test Acc 	 PGD Loss 	 PGD Acc
[2025/10/13 07:11:01] - 2.5465 	 	 0.5134 	 2.8515 	 0.2767
[2025/10/13 07:11:46] - 46 	 18.6 	 	 0.2000 	 4.0877 	 0.2767
[2025/10/13 07:11:46] - ==> Building model..
[2025/10/13 07:12:02] - Test Loss 	 Test Acc 	 PGD Loss 	 PGD Acc
[2025/10/13 07:12:02] - 2.5448 	 	 0.5154 	 2.8514 	 0.2762
[2025/10/13 07:12:47] - 47 	 19.1 	 	 0.2000 	 4.0896 	 0.2753
[2025/10/13 07:12:47] - ==> Building model..
[2025/10/13 07:13:04] - Test Loss 	 Test Acc 	 PGD Loss 	 PGD Acc
[2025/10/13 07:13:04] - 2.5448 	 	 0.5159 	 2.8520 	 0.2766
[2025/10/13 07:13:49] - 48 	 19.2 	 	 0.2000 	 4.0883 	 0.2766
[2025/10/13 07:13:49] - ==> Building model..
[2025/10/13 07:14:06] - Test Loss 	 Test Acc 	 PGD Loss 	 PGD Acc
[2025/10/13 07:14:06] - 2.5460 	 	 0.5170 	 2.8532 	 0.2776
[2025/10/13 07:14:52] - 49 	 19.4 	 	 0.2000 	 4.0876 	 0.2757
[2025/10/13 07:14:52] - ==> Building model..
[2025/10/13 07:15:08] - Test Loss 	 Test Acc 	 PGD Loss 	 PGD Acc
[2025/10/13 07:15:08] - 2.5460 	 	 0.5181 	 2.8524 	 0.2769
[2025/10/13 07:15:53] - 50 	 18.8 	 	 0.2000 	 4.0877 	 0.2752
[2025/10/13 07:15:53] - ==> Building model..
[2025/10/13 07:16:09] - Test Loss 	 Test Acc 	 PGD Loss 	 PGD Acc
[2025/10/13 07:16:09] - 2.5424 	 	 0.5173 	 2.8495 	 0.2771
[2025/10/13 07:16:54] - 51 	 18.6 	 	 0.2000 	 4.0881 	 0.2748
[2025/10/13 07:16:54] - ==> Building model..
[2025/10/13 07:17:10] - Test Loss 	 Test Acc 	 PGD Loss 	 PGD Acc
[2025/10/13 07:17:10] - 2.5405 	 	 0.5169 	 2.8476 	 0.2776
[2025/10/13 07:17:52] - 52 	 18.0 	 	 0.2000 	 4.0890 	 0.2748
[2025/10/13 07:17:52] - ==> Building model..
[2025/10/13 07:18:08] - Test Loss 	 Test Acc 	 PGD Loss 	 PGD Acc
[2025/10/13 07:18:08] - 2.5396 	 	 0.5189 	 2.8475 	 0.2769
[2025/10/13 07:18:53] - 53 	 18.5 	 	 0.2000 	 4.0851 	 0.2791
[2025/10/13 07:18:53] - ==> Building model..
[2025/10/13 07:19:09] - Test Loss 	 Test Acc 	 PGD Loss 	 PGD Acc
[2025/10/13 07:19:09] - 2.5360 	 	 0.5198 	 2.8443 	 0.2784
[2025/10/13 07:19:54] - 54 	 18.7 	 	 0.2000 	 4.0883 	 0.2753
[2025/10/13 07:19:54] - ==> Building model..
[2025/10/13 07:20:11] - Test Loss 	 Test Acc 	 PGD Loss 	 PGD Acc
[2025/10/13 07:20:11] - 2.5333 	 	 0.5214 	 2.8422 	 0.2788
[2025/10/13 07:20:55] - 55 	 18.3 	 	 0.2000 	 4.0863 	 0.2779
[2025/10/13 07:20:55] - ==> Building model..
[2025/10/13 07:21:11] - Test Loss 	 Test Acc 	 PGD Loss 	 PGD Acc
[2025/10/13 07:21:11] - 2.5331 	 	 0.5196 	 2.8418 	 0.2800
[2025/10/13 07:21:55] - 56 	 18.5 	 	 0.2000 	 4.0876 	 0.2778
[2025/10/13 07:21:55] - ==> Building model..
[2025/10/13 07:22:11] - Test Loss 	 Test Acc 	 PGD Loss 	 PGD Acc
[2025/10/13 07:22:11] - 2.5349 	 	 0.5206 	 2.8438 	 0.2796
[2025/10/13 07:22:56] - 57 	 18.6 	 	 0.2000 	 4.0867 	 0.2797
[2025/10/13 07:22:56] - ==> Building model..
[2025/10/13 07:23:12] - Test Loss 	 Test Acc 	 PGD Loss 	 PGD Acc
[2025/10/13 07:23:12] - 2.5353 	 	 0.5209 	 2.8438 	 0.2796
[2025/10/13 07:23:55] - 58 	 18.2 	 	 0.2000 	 4.0864 	 0.2792
[2025/10/13 07:23:55] - ==> Building model..
[2025/10/13 07:24:11] - Test Loss 	 Test Acc 	 PGD Loss 	 PGD Acc
[2025/10/13 07:24:11] - 2.5366 	 	 0.5209 	 2.8458 	 0.2807
[2025/10/13 07:24:56] - 59 	 18.8 	 	 0.2000 	 4.0876 	 0.2772
[2025/10/13 07:24:56] - ==> Building model..
[2025/10/13 07:25:12] - Test Loss 	 Test Acc 	 PGD Loss 	 PGD Acc
[2025/10/13 07:25:12] - 2.5373 	 	 0.5208 	 2.8460 	 0.2809
[2025/10/13 07:25:54] - 60 	 18.0 	 	 0.2000 	 4.0856 	 0.2814
[2025/10/13 07:25:54] - ==> Building model..
[2025/10/13 07:26:11] - Test Loss 	 Test Acc 	 PGD Loss 	 PGD Acc
[2025/10/13 07:26:11] - 2.5378 	 	 0.5219 	 2.8463 	 0.2796
[2025/10/13 07:26:55] - 61 	 18.6 	 	 0.2000 	 4.0879 	 0.2779
[2025/10/13 07:26:55] - ==> Building model..
[2025/10/13 07:27:11] - Test Loss 	 Test Acc 	 PGD Loss 	 PGD Acc
[2025/10/13 07:27:11] - 2.5383 	 	 0.5228 	 2.8468 	 0.2800
[2025/10/13 07:27:51] - 62 	 17.5 	 	 0.2000 	 4.0857 	 0.2794
[2025/10/13 07:27:51] - ==> Building model..
[2025/10/13 07:28:07] - Test Loss 	 Test Acc 	 PGD Loss 	 PGD Acc
[2025/10/13 07:28:07] - 2.5378 	 	 0.5224 	 2.8455 	 0.2821
[2025/10/13 07:28:52] - 63 	 18.6 	 	 0.2000 	 4.0877 	 0.2767
[2025/10/13 07:28:52] - ==> Building model..
[2025/10/13 07:29:08] - Test Loss 	 Test Acc 	 PGD Loss 	 PGD Acc
[2025/10/13 07:29:08] - 2.5371 	 	 0.5219 	 2.8444 	 0.2818
[2025/10/13 07:29:52] - 64 	 18.5 	 	 0.2000 	 4.0851 	 0.2798
[2025/10/13 07:29:52] - ==> Building model..
[2025/10/13 07:30:08] - Test Loss 	 Test Acc 	 PGD Loss 	 PGD Acc
[2025/10/13 07:30:08] - 2.5368 	 	 0.5226 	 2.8445 	 0.2799
[2025/10/13 07:30:52] - 65 	 18.2 	 	 0.2000 	 4.0855 	 0.2805
[2025/10/13 07:30:52] - ==> Building model..
[2025/10/13 07:31:08] - Test Loss 	 Test Acc 	 PGD Loss 	 PGD Acc
[2025/10/13 07:31:08] - 2.5367 	 	 0.5232 	 2.8436 	 0.2809
[2025/10/13 07:31:53] - 66 	 18.6 	 	 0.2000 	 4.0858 	 0.2794
[2025/10/13 07:31:53] - ==> Building model..
[2025/10/13 07:32:09] - Test Loss 	 Test Acc 	 PGD Loss 	 PGD Acc
[2025/10/13 07:32:09] - 2.5373 	 	 0.5230 	 2.8444 	 0.2809
[2025/10/13 07:32:47] - 67 	 17.2 	 	 0.2000 	 4.0872 	 0.2787
[2025/10/13 07:32:47] - ==> Building model..
[2025/10/13 07:33:03] - Test Loss 	 Test Acc 	 PGD Loss 	 PGD Acc
[2025/10/13 07:33:03] - 2.5390 	 	 0.5219 	 2.8449 	 0.2815
[2025/10/13 07:33:46] - 68 	 18.2 	 	 0.2000 	 4.0875 	 0.2780
[2025/10/13 07:33:46] - ==> Building model..
[2025/10/13 07:34:02] - Test Loss 	 Test Acc 	 PGD Loss 	 PGD Acc
[2025/10/13 07:34:02] - 2.5418 	 	 0.5225 	 2.8472 	 0.2807
[2025/10/13 07:34:47] - 69 	 19.3 	 	 0.2000 	 4.0879 	 0.2790
[2025/10/13 07:34:47] - ==> Building model..
[2025/10/13 07:35:04] - Test Loss 	 Test Acc 	 PGD Loss 	 PGD Acc
[2025/10/13 07:35:04] - 2.5447 	 	 0.5219 	 2.8491 	 0.2807
[2025/10/13 07:35:49] - 70 	 18.9 	 	 0.2000 	 4.0883 	 0.2789
[2025/10/13 07:35:49] - ==> Building model..
[2025/10/13 07:36:05] - Test Loss 	 Test Acc 	 PGD Loss 	 PGD Acc
[2025/10/13 07:36:05] - 2.5451 	 	 0.5218 	 2.8497 	 0.2802
[2025/10/13 07:36:50] - 71 	 18.6 	 	 0.2000 	 4.0867 	 0.2789
[2025/10/13 07:36:50] - ==> Building model..
[2025/10/13 07:37:07] - Test Loss 	 Test Acc 	 PGD Loss 	 PGD Acc
[2025/10/13 07:37:07] - 2.5449 	 	 0.5208 	 2.8492 	 0.2807
[2025/10/13 07:37:52] - 72 	 19.6 	 	 0.2000 	 4.0880 	 0.2754
[2025/10/13 07:37:52] - ==> Building model..
[2025/10/13 07:38:08] - Test Loss 	 Test Acc 	 PGD Loss 	 PGD Acc
[2025/10/13 07:38:08] - 2.5471 	 	 0.5206 	 2.8510 	 0.2821
[2025/10/13 07:38:52] - 73 	 18.6 	 	 0.2000 	 4.0876 	 0.2780
[2025/10/13 07:38:52] - ==> Building model..
[2025/10/13 07:39:09] - Test Loss 	 Test Acc 	 PGD Loss 	 PGD Acc
[2025/10/13 07:39:09] - 2.5491 	 	 0.5209 	 2.8528 	 0.2813
[2025/10/13 07:39:55] - 74 	 19.6 	 	 0.2000 	 4.0886 	 0.2787
[2025/10/13 07:39:55] - ==> Building model..
[2025/10/13 07:40:12] - Test Loss 	 Test Acc 	 PGD Loss 	 PGD Acc
[2025/10/13 07:40:12] - 2.5515 	 	 0.5212 	 2.8543 	 0.2814
[2025/10/13 07:40:58] - 75 	 19.4 	 	 0.2000 	 4.0889 	 0.2787
[2025/10/13 07:40:58] - ==> Building model..
[2025/10/13 07:41:14] - Test Loss 	 Test Acc 	 PGD Loss 	 PGD Acc
[2025/10/13 07:41:14] - 2.5535 	 	 0.5196 	 2.8556 	 0.2810
[2025/10/13 07:42:00] - 76 	 19.3 	 	 0.2000 	 4.0891 	 0.2794
[2025/10/13 07:42:00] - ==> Building model..
[2025/10/13 07:42:16] - Test Loss 	 Test Acc 	 PGD Loss 	 PGD Acc
[2025/10/13 07:42:16] - 2.5554 	 	 0.5202 	 2.8568 	 0.2813
[2025/10/13 07:43:00] - 77 	 18.4 	 	 0.2000 	 4.0880 	 0.2810
[2025/10/13 07:43:00] - ==> Building model..
[2025/10/13 07:43:17] - Test Loss 	 Test Acc 	 PGD Loss 	 PGD Acc
[2025/10/13 07:43:17] - 2.5578 	 	 0.5198 	 2.8586 	 0.2814
[2025/10/13 07:44:02] - 78 	 18.6 	 	 0.2000 	 4.0888 	 0.2805
[2025/10/13 07:44:02] - ==> Building model..
[2025/10/13 07:44:18] - Test Loss 	 Test Acc 	 PGD Loss 	 PGD Acc
[2025/10/13 07:44:18] - 2.5601 	 	 0.5203 	 2.8606 	 0.2808
[2025/10/13 07:45:03] - 79 	 18.5 	 	 0.2000 	 4.0880 	 0.2818
[2025/10/13 07:45:03] - ==> Building model..
[2025/10/13 07:45:19] - Test Loss 	 Test Acc 	 PGD Loss 	 PGD Acc
[2025/10/13 07:45:19] - 2.5627 	 	 0.5199 	 2.8620 	 0.2814
[2025/10/13 07:46:01] - 80 	 18.5 	 	 0.2000 	 4.0872 	 0.2802
[2025/10/13 07:46:01] - ==> Building model..
[2025/10/13 07:46:18] - Test Loss 	 Test Acc 	 PGD Loss 	 PGD Acc
[2025/10/13 07:46:18] - 2.5646 	 	 0.5208 	 2.8640 	 0.2819
[2025/10/13 07:47:04] - 81 	 19.3 	 	 0.2000 	 4.0884 	 0.2793
[2025/10/13 07:47:04] - ==> Building model..
[2025/10/13 07:47:20] - Test Loss 	 Test Acc 	 PGD Loss 	 PGD Acc
[2025/10/13 07:47:20] - 2.5665 	 	 0.5223 	 2.8647 	 0.2800
[2025/10/13 07:48:04] - 82 	 19.5 	 	 0.2000 	 4.0890 	 0.2796
[2025/10/13 07:48:04] - ==> Building model..
[2025/10/13 07:48:21] - Test Loss 	 Test Acc 	 PGD Loss 	 PGD Acc
[2025/10/13 07:48:21] - 2.5669 	 	 0.5224 	 2.8662 	 0.2813
[2025/10/13 07:49:04] - 83 	 19.6 	 	 0.2000 	 4.0864 	 0.2827
[2025/10/13 07:49:04] - ==> Building model..
[2025/10/13 07:49:22] - Test Loss 	 Test Acc 	 PGD Loss 	 PGD Acc
[2025/10/13 07:49:22] - 2.5712 	 	 0.5211 	 2.8689 	 0.2808
[2025/10/13 07:50:07] - 84 	 19.0 	 	 0.2000 	 4.0908 	 0.2775
[2025/10/13 07:50:07] - ==> Building model..
[2025/10/13 07:50:24] - Test Loss 	 Test Acc 	 PGD Loss 	 PGD Acc
[2025/10/13 07:50:24] - 2.5742 	 	 0.5206 	 2.8716 	 0.2818
[2025/10/13 07:51:09] - 85 	 18.5 	 	 0.2000 	 4.0888 	 0.2803
[2025/10/13 07:51:09] - ==> Building model..
[2025/10/13 07:51:25] - Test Loss 	 Test Acc 	 PGD Loss 	 PGD Acc
[2025/10/13 07:51:25] - 2.5758 	 	 0.5204 	 2.8727 	 0.2816
[2025/10/13 07:52:10] - 86 	 19.4 	 	 0.2000 	 4.0893 	 0.2824
[2025/10/13 07:52:10] - ==> Building model..
[2025/10/13 07:52:28] - Test Loss 	 Test Acc 	 PGD Loss 	 PGD Acc
[2025/10/13 07:52:28] - 2.5769 	 	 0.5216 	 2.8737 	 0.2817
[2025/10/13 07:53:14] - 87 	 19.2 	 	 0.2000 	 4.0890 	 0.2802
[2025/10/13 07:53:14] - ==> Building model..
[2025/10/13 07:53:31] - Test Loss 	 Test Acc 	 PGD Loss 	 PGD Acc
[2025/10/13 07:53:31] - 2.5779 	 	 0.5219 	 2.8745 	 0.2822
[2025/10/13 07:54:15] - 88 	 19.5 	 	 0.2000 	 4.0907 	 0.2779
[2025/10/13 07:54:15] - ==> Building model..
[2025/10/13 07:54:32] - Test Loss 	 Test Acc 	 PGD Loss 	 PGD Acc
[2025/10/13 07:54:32] - 2.5797 	 	 0.5215 	 2.8762 	 0.2836
[2025/10/13 07:55:18] - 89 	 19.9 	 	 0.2000 	 4.0896 	 0.2805
[2025/10/13 07:55:18] - ==> Building model..
[2025/10/13 07:55:35] - Test Loss 	 Test Acc 	 PGD Loss 	 PGD Acc
[2025/10/13 07:55:35] - 2.5813 	 	 0.5225 	 2.8769 	 0.2838
[2025/10/13 07:56:18] - 90 	 17.7 	 	 0.0200 	 3.9930 	 0.3420
[2025/10/13 07:56:18] - ==> Building model..
[2025/10/13 07:56:34] - Test Loss 	 Test Acc 	 PGD Loss 	 PGD Acc
[2025/10/13 07:56:34] - 2.5784 	 	 0.5231 	 2.8748 	 0.2830
[2025/10/13 07:57:18] - 91 	 17.6 	 	 0.0200 	 3.8997 	 0.4036
[2025/10/13 07:57:18] - ==> Building model..
[2025/10/13 07:57:34] - Test Loss 	 Test Acc 	 PGD Loss 	 PGD Acc
[2025/10/13 07:57:34] - 2.5776 	 	 0.5232 	 2.8741 	 0.2842
[2025/10/13 07:58:18] - 92 	 17.6 	 	 0.0200 	 3.8732 	 0.4214
[2025/10/13 07:58:18] - ==> Building model..
[2025/10/13 07:58:34] - Test Loss 	 Test Acc 	 PGD Loss 	 PGD Acc
[2025/10/13 07:58:34] - 2.5771 	 	 0.5236 	 2.8741 	 0.2841
[2025/10/13 07:59:18] - 93 	 17.7 	 	 0.0200 	 3.8567 	 0.4319
[2025/10/13 07:59:18] - ==> Building model..
[2025/10/13 07:59:34] - Test Loss 	 Test Acc 	 PGD Loss 	 PGD Acc
[2025/10/13 07:59:34] - 2.5780 	 	 0.5242 	 2.8752 	 0.2843
[2025/10/13 08:00:19] - 94 	 17.6 	 	 0.0200 	 3.8408 	 0.4419
[2025/10/13 08:00:19] - ==> Building model..
[2025/10/13 08:00:35] - Test Loss 	 Test Acc 	 PGD Loss 	 PGD Acc
[2025/10/13 08:00:35] - 2.5786 	 	 0.5242 	 2.8756 	 0.2838
[2025/10/13 08:01:19] - 95 	 17.6 	 	 0.0200 	 3.8290 	 0.4532
[2025/10/13 08:01:19] - ==> Building model..
[2025/10/13 08:01:35] - Test Loss 	 Test Acc 	 PGD Loss 	 PGD Acc
[2025/10/13 08:01:35] - 2.5801 	 	 0.5243 	 2.8770 	 0.2835
[2025/10/13 08:02:19] - 96 	 17.7 	 	 0.0200 	 3.8189 	 0.4599
[2025/10/13 08:02:19] - ==> Building model..
[2025/10/13 08:02:35] - Test Loss 	 Test Acc 	 PGD Loss 	 PGD Acc
[2025/10/13 08:02:35] - 2.5846 	 	 0.5239 	 2.8805 	 0.2835
[2025/10/13 08:03:19] - 97 	 17.7 	 	 0.0200 	 3.8095 	 0.4666
[2025/10/13 08:03:19] - ==> Building model..
[2025/10/13 08:03:35] - Test Loss 	 Test Acc 	 PGD Loss 	 PGD Acc
[2025/10/13 08:03:35] - 2.5864 	 	 0.5235 	 2.8817 	 0.2836
[2025/10/13 08:04:19] - 98 	 17.6 	 	 0.0200 	 3.8014 	 0.4741
[2025/10/13 08:04:19] - ==> Building model..
[2025/10/13 08:04:35] - Test Loss 	 Test Acc 	 PGD Loss 	 PGD Acc
[2025/10/13 08:04:35] - 2.5886 	 	 0.5237 	 2.8836 	 0.2833
[2025/10/13 08:05:19] - 99 	 17.6 	 	 0.0200 	 3.7942 	 0.4791
[2025/10/13 08:05:19] - ==> Building model..
[2025/10/13 08:05:36] - Test Loss 	 Test Acc 	 PGD Loss 	 PGD Acc
[2025/10/13 08:05:36] - 2.5898 	 	 0.5238 	 2.8847 	 0.2838
[2025/10/13 08:05:36] - [0.0906, 0.1427, 0.187, 0.2328, 0.2681, 0.3098, 0.3491, 0.3805, 0.4042, 0.4157, 0.4308, 0.4382, 0.4496, 0.4505, 0.4559, 0.4643, 0.4685, 0.4736, 0.4791, 0.4807, 0.4831, 0.4851, 0.4893, 0.4886, 0.4903, 0.4941, 0.4971, 0.4991, 0.4993, 0.5007, 0.4995, 0.5019, 0.5026, 0.5035, 0.5051, 0.5077, 0.5092, 0.5115, 0.5101, 0.509, 0.5075, 0.509, 0.5111, 0.5123, 0.513, 0.5134, 0.5154, 0.5159, 0.517, 0.5181, 0.5173, 0.5169, 0.5189, 0.5198, 0.5214, 0.5196, 0.5206, 0.5209, 0.5209, 0.5208, 0.5219, 0.5228, 0.5224, 0.5219, 0.5226, 0.5232, 0.523, 0.5219, 0.5225, 0.5219, 0.5218, 0.5208, 0.5206, 0.5209, 0.5212, 0.5196, 0.5202, 0.5198, 0.5203, 0.5199, 0.5208, 0.5223, 0.5224, 0.5211, 0.5206, 0.5204, 0.5216, 0.5219, 0.5215, 0.5225, 0.5231, 0.5232, 0.5236, 0.5242, 0.5242, 0.5243, 0.5239, 0.5235, 0.5237, 0.5238]
[2025/10/13 08:05:36] - [0.0611, 0.0957, 0.1163, 0.1337, 0.157, 0.1788, 0.1948, 0.2076, 0.2189, 0.2255, 0.2318, 0.2368, 0.2406, 0.2437, 0.2472, 0.2524, 0.2505, 0.2555, 0.2575, 0.2588, 0.2596, 0.26, 0.2625, 0.262, 0.2626, 0.2637, 0.2667, 0.2665, 0.2658, 0.269, 0.2704, 0.2711, 0.2722, 0.272, 0.2722, 0.2721, 0.2738, 0.275, 0.2747, 0.2736, 0.2753, 0.2748, 0.2755, 0.2755, 0.2763, 0.2767, 0.2762, 0.2766, 0.2776, 0.2769, 0.2771, 0.2776, 0.2769, 0.2784, 0.2788, 0.28, 0.2796, 0.2796, 0.2807, 0.2809, 0.2796, 0.28, 0.2821, 0.2818, 0.2799, 0.2809, 0.2809, 0.2815, 0.2807, 0.2807, 0.2802, 0.2807, 0.2821, 0.2813, 0.2814, 0.281, 0.2813, 0.2814, 0.2808, 0.2814, 0.2819, 0.28, 0.2813, 0.2808, 0.2818, 0.2816, 0.2817, 0.2822, 0.2836, 0.2838, 0.283, 0.2842, 0.2841, 0.2843, 0.2838, 0.2835, 0.2835, 0.2836, 0.2833, 0.2838]
