[2025/10/21 05:28:41] - Namespace(batch_size=128, data_dir='cifar-data', epochs=110, lr_schedule='multistep', lr_min=0.0, lr_max=0.2, weight_decay=0.0005, momentum=0.9, model='ResNet18', epsilon=8, alpha=8, delta_init='random', normal_mean=0, normal_std=1, out_dir='runs/beta_0.6/lam_44/lscale_0.12/seed_0', seed=0, lamda=44.0, lam_scale=0.12, lam_start=50, gamma=0.05, inner_gamma=0.05, beta=0.6, mu=3.5, batch_m=0.75, early_stop=False, factor=0.5, length=4, n_holes=1, c_num=0.125, EMA_value=0.55)
[2025/10/21 05:28:43] - ==> Building model..
[2025/10/21 05:28:43] - Epoch 	 Seconds 	 LR 	 	 Train Loss 	 Train Acc
[2025/10/21 05:29:34] - 0 	 28.1 	 	 0.2000 	 4.5801 	 0.0369
[2025/10/21 05:29:34] - ==> Building model..
[2025/10/21 05:30:00] - Test Loss 	 Test Acc 	 PGD Loss 	 PGD Acc
[2025/10/21 05:30:00] - 4.2876 	 	 0.0808 	 4.2999 	 0.0565
[2025/10/21 05:30:53] - 1 	 29.7 	 	 0.2000 	 4.4639 	 0.0748
[2025/10/21 05:30:53] - ==> Building model..
[2025/10/21 05:31:19] - Test Loss 	 Test Acc 	 PGD Loss 	 PGD Acc
[2025/10/21 05:31:19] - 4.1136 	 	 0.1211 	 4.1352 	 0.0786
[2025/10/21 05:32:10] - 2 	 28.0 	 	 0.2000 	 4.4093 	 0.1037
[2025/10/21 05:32:10] - ==> Building model..
[2025/10/21 05:32:36] - Test Loss 	 Test Acc 	 PGD Loss 	 PGD Acc
[2025/10/21 05:32:36] - 3.9931 	 	 0.1682 	 4.0294 	 0.1039
[2025/10/21 05:33:29] - 3 	 28.8 	 	 0.2000 	 4.3608 	 0.1269
[2025/10/21 05:33:29] - ==> Building model..
[2025/10/21 05:33:53] - Test Loss 	 Test Acc 	 PGD Loss 	 PGD Acc
[2025/10/21 05:33:53] - 3.8234 	 	 0.2193 	 3.8833 	 0.1298
[2025/10/21 05:34:46] - 4 	 28.7 	 	 0.2000 	 4.3163 	 0.1506
[2025/10/21 05:34:46] - ==> Building model..
[2025/10/21 05:35:11] - Test Loss 	 Test Acc 	 PGD Loss 	 PGD Acc
[2025/10/21 05:35:11] - 3.6667 	 	 0.2587 	 3.7514 	 0.1526
[2025/10/21 05:36:03] - 5 	 28.7 	 	 0.2000 	 4.2798 	 0.1673
[2025/10/21 05:36:03] - ==> Building model..
[2025/10/21 05:36:28] - Test Loss 	 Test Acc 	 PGD Loss 	 PGD Acc
[2025/10/21 05:36:28] - 3.4225 	 	 0.3071 	 3.5419 	 0.1796
[2025/10/21 05:37:20] - 6 	 27.8 	 	 0.2000 	 4.2489 	 0.1846
[2025/10/21 05:37:20] - ==> Building model..
[2025/10/21 05:37:45] - Test Loss 	 Test Acc 	 PGD Loss 	 PGD Acc
[2025/10/21 05:37:45] - 3.2176 	 	 0.3464 	 3.3676 	 0.1927
[2025/10/21 05:38:33] - 7 	 26.1 	 	 0.2000 	 4.2274 	 0.1984
[2025/10/21 05:38:33] - ==> Building model..
[2025/10/21 05:38:58] - Test Loss 	 Test Acc 	 PGD Loss 	 PGD Acc
[2025/10/21 05:38:58] - 3.0755 	 	 0.3806 	 3.2529 	 0.2072
[2025/10/21 05:39:47] - 8 	 26.3 	 	 0.2000 	 4.2074 	 0.2083
[2025/10/21 05:39:47] - ==> Building model..
[2025/10/21 05:40:13] - Test Loss 	 Test Acc 	 PGD Loss 	 PGD Acc
[2025/10/21 05:40:13] - 2.9823 	 	 0.4002 	 3.1787 	 0.2185
[2025/10/21 05:41:02] - 9 	 26.2 	 	 0.2000 	 4.1922 	 0.2153
[2025/10/21 05:41:02] - ==> Building model..
[2025/10/21 05:41:28] - Test Loss 	 Test Acc 	 PGD Loss 	 PGD Acc
[2025/10/21 05:41:28] - 2.9170 	 	 0.4157 	 3.1289 	 0.2248
[2025/10/21 05:42:17] - 10 	 25.7 	 	 0.2000 	 4.1800 	 0.2236
[2025/10/21 05:42:17] - ==> Building model..
[2025/10/21 05:42:42] - Test Loss 	 Test Acc 	 PGD Loss 	 PGD Acc
[2025/10/21 05:42:42] - 2.8703 	 	 0.4260 	 3.0922 	 0.2308
[2025/10/21 05:43:33] - 11 	 26.2 	 	 0.2000 	 4.1711 	 0.2281
[2025/10/21 05:43:33] - ==> Building model..
[2025/10/21 05:43:58] - Test Loss 	 Test Acc 	 PGD Loss 	 PGD Acc
[2025/10/21 05:43:58] - 2.8289 	 	 0.4376 	 3.0607 	 0.2353
[2025/10/21 05:44:48] - 12 	 25.7 	 	 0.2000 	 4.1617 	 0.2333
[2025/10/21 05:44:48] - ==> Building model..
[2025/10/21 05:45:14] - Test Loss 	 Test Acc 	 PGD Loss 	 PGD Acc
[2025/10/21 05:45:14] - 2.7988 	 	 0.4434 	 3.0372 	 0.2397
[2025/10/21 05:46:03] - 13 	 25.2 	 	 0.2000 	 4.1579 	 0.2354
[2025/10/21 05:46:03] - ==> Building model..
[2025/10/21 05:46:29] - Test Loss 	 Test Acc 	 PGD Loss 	 PGD Acc
[2025/10/21 05:46:29] - 2.7753 	 	 0.4492 	 3.0201 	 0.2434
[2025/10/21 05:47:19] - 14 	 25.9 	 	 0.2000 	 4.1520 	 0.2398
[2025/10/21 05:47:19] - ==> Building model..
[2025/10/21 05:47:44] - Test Loss 	 Test Acc 	 PGD Loss 	 PGD Acc
[2025/10/21 05:47:44] - 2.7494 	 	 0.4555 	 3.0013 	 0.2468
[2025/10/21 05:48:34] - 15 	 26.1 	 	 0.2000 	 4.1435 	 0.2451
[2025/10/21 05:48:34] - ==> Building model..
[2025/10/21 05:48:59] - Test Loss 	 Test Acc 	 PGD Loss 	 PGD Acc
[2025/10/21 05:48:59] - 2.7213 	 	 0.4622 	 2.9796 	 0.2477
[2025/10/21 05:49:49] - 16 	 26.8 	 	 0.2000 	 4.1400 	 0.2459
[2025/10/21 05:49:49] - ==> Building model..
[2025/10/21 05:50:13] - Test Loss 	 Test Acc 	 PGD Loss 	 PGD Acc
[2025/10/21 05:50:13] - 2.7060 	 	 0.4680 	 2.9671 	 0.2511
[2025/10/21 05:51:04] - 17 	 26.9 	 	 0.2000 	 4.1377 	 0.2482
[2025/10/21 05:51:04] - ==> Building model..
[2025/10/21 05:51:28] - Test Loss 	 Test Acc 	 PGD Loss 	 PGD Acc
[2025/10/21 05:51:28] - 2.6935 	 	 0.4716 	 2.9586 	 0.2551
[2025/10/21 05:52:18] - 18 	 26.1 	 	 0.2000 	 4.1311 	 0.2510
[2025/10/21 05:52:18] - ==> Building model..
[2025/10/21 05:52:44] - Test Loss 	 Test Acc 	 PGD Loss 	 PGD Acc
[2025/10/21 05:52:44] - 2.6814 	 	 0.4725 	 2.9495 	 0.2561
[2025/10/21 05:53:34] - 19 	 25.9 	 	 0.2000 	 4.1276 	 0.2543
[2025/10/21 05:53:34] - ==> Building model..
[2025/10/21 05:53:59] - Test Loss 	 Test Acc 	 PGD Loss 	 PGD Acc
[2025/10/21 05:53:59] - 2.6667 	 	 0.4764 	 2.9378 	 0.2587
[2025/10/21 05:54:49] - 20 	 26.0 	 	 0.2000 	 4.1270 	 0.2554
[2025/10/21 05:54:49] - ==> Building model..
[2025/10/21 05:55:14] - Test Loss 	 Test Acc 	 PGD Loss 	 PGD Acc
[2025/10/21 05:55:14] - 2.6588 	 	 0.4795 	 2.9314 	 0.2596
[2025/10/21 05:56:04] - 21 	 26.1 	 	 0.2000 	 4.1220 	 0.2569
[2025/10/21 05:56:04] - ==> Building model..
[2025/10/21 05:56:28] - Test Loss 	 Test Acc 	 PGD Loss 	 PGD Acc
[2025/10/21 05:56:28] - 2.6504 	 	 0.4815 	 2.9256 	 0.2595
[2025/10/21 05:57:18] - 22 	 25.7 	 	 0.2000 	 4.1226 	 0.2559
[2025/10/21 05:57:18] - ==> Building model..
[2025/10/21 05:57:43] - Test Loss 	 Test Acc 	 PGD Loss 	 PGD Acc
[2025/10/21 05:57:43] - 2.6408 	 	 0.4844 	 2.9193 	 0.2620
[2025/10/21 05:58:31] - 23 	 25.6 	 	 0.2000 	 4.1203 	 0.2559
[2025/10/21 05:58:31] - ==> Building model..
[2025/10/21 05:58:57] - Test Loss 	 Test Acc 	 PGD Loss 	 PGD Acc
[2025/10/21 05:58:57] - 2.6317 	 	 0.4851 	 2.9116 	 0.2625
[2025/10/21 05:59:46] - 24 	 25.8 	 	 0.2000 	 4.1165 	 0.2588
[2025/10/21 05:59:46] - ==> Building model..
[2025/10/21 06:00:11] - Test Loss 	 Test Acc 	 PGD Loss 	 PGD Acc
[2025/10/21 06:00:11] - 2.6258 	 	 0.4880 	 2.9079 	 0.2643
[2025/10/21 06:01:02] - 25 	 26.9 	 	 0.2000 	 4.1145 	 0.2618
[2025/10/21 06:01:02] - ==> Building model..
[2025/10/21 06:01:27] - Test Loss 	 Test Acc 	 PGD Loss 	 PGD Acc
[2025/10/21 06:01:27] - 2.6182 	 	 0.4887 	 2.9013 	 0.2661
[2025/10/21 06:02:17] - 26 	 25.9 	 	 0.2000 	 4.1110 	 0.2628
[2025/10/21 06:02:17] - ==> Building model..
[2025/10/21 06:02:41] - Test Loss 	 Test Acc 	 PGD Loss 	 PGD Acc
[2025/10/21 06:02:41] - 2.6151 	 	 0.4895 	 2.8985 	 0.2662
[2025/10/21 06:03:32] - 27 	 26.4 	 	 0.2000 	 4.1104 	 0.2640
[2025/10/21 06:03:32] - ==> Building model..
[2025/10/21 06:03:56] - Test Loss 	 Test Acc 	 PGD Loss 	 PGD Acc
[2025/10/21 06:03:56] - 2.6088 	 	 0.4935 	 2.8948 	 0.2672
[2025/10/21 06:04:47] - 28 	 26.7 	 	 0.2000 	 4.1085 	 0.2640
[2025/10/21 06:04:47] - ==> Building model..
[2025/10/21 06:05:12] - Test Loss 	 Test Acc 	 PGD Loss 	 PGD Acc
[2025/10/21 06:05:12] - 2.6090 	 	 0.4940 	 2.8952 	 0.2678
[2025/10/21 06:06:01] - 29 	 25.7 	 	 0.2000 	 4.1078 	 0.2671
[2025/10/21 06:06:01] - ==> Building model..
[2025/10/21 06:06:26] - Test Loss 	 Test Acc 	 PGD Loss 	 PGD Acc
[2025/10/21 06:06:26] - 2.6081 	 	 0.4950 	 2.8959 	 0.2685
[2025/10/21 06:07:17] - 30 	 26.2 	 	 0.2000 	 4.1071 	 0.2656
[2025/10/21 06:07:17] - ==> Building model..
[2025/10/21 06:07:41] - Test Loss 	 Test Acc 	 PGD Loss 	 PGD Acc
[2025/10/21 06:07:41] - 2.6038 	 	 0.4977 	 2.8932 	 0.2696
[2025/10/21 06:08:32] - 31 	 26.8 	 	 0.2000 	 4.1053 	 0.2670
[2025/10/21 06:08:32] - ==> Building model..
[2025/10/21 06:08:56] - Test Loss 	 Test Acc 	 PGD Loss 	 PGD Acc
[2025/10/21 06:08:56] - 2.6005 	 	 0.4979 	 2.8908 	 0.2718
[2025/10/21 06:09:47] - 32 	 26.6 	 	 0.2000 	 4.1048 	 0.2653
[2025/10/21 06:09:47] - ==> Building model..
[2025/10/21 06:10:11] - Test Loss 	 Test Acc 	 PGD Loss 	 PGD Acc
[2025/10/21 06:10:11] - 2.5958 	 	 0.4992 	 2.8876 	 0.2707
[2025/10/21 06:11:02] - 33 	 27.0 	 	 0.2000 	 4.1039 	 0.2682
[2025/10/21 06:11:02] - ==> Building model..
[2025/10/21 06:11:26] - Test Loss 	 Test Acc 	 PGD Loss 	 PGD Acc
[2025/10/21 06:11:26] - 2.5870 	 	 0.5000 	 2.8802 	 0.2741
[2025/10/21 06:12:17] - 34 	 26.4 	 	 0.2000 	 4.1034 	 0.2668
[2025/10/21 06:12:17] - ==> Building model..
[2025/10/21 06:12:42] - Test Loss 	 Test Acc 	 PGD Loss 	 PGD Acc
[2025/10/21 06:12:42] - 2.5826 	 	 0.4994 	 2.8768 	 0.2738
[2025/10/21 06:13:31] - 35 	 26.0 	 	 0.2000 	 4.0992 	 0.2715
[2025/10/21 06:13:31] - ==> Building model..
[2025/10/21 06:13:56] - Test Loss 	 Test Acc 	 PGD Loss 	 PGD Acc
[2025/10/21 06:13:56] - 2.5779 	 	 0.5016 	 2.8733 	 0.2741
[2025/10/21 06:14:47] - 36 	 26.2 	 	 0.2000 	 4.0999 	 0.2719
[2025/10/21 06:14:47] - ==> Building model..
[2025/10/21 06:15:12] - Test Loss 	 Test Acc 	 PGD Loss 	 PGD Acc
[2025/10/21 06:15:12] - 2.5783 	 	 0.5032 	 2.8736 	 0.2764
[2025/10/21 06:16:03] - 37 	 26.4 	 	 0.2000 	 4.0982 	 0.2712
[2025/10/21 06:16:03] - ==> Building model..
[2025/10/21 06:16:29] - Test Loss 	 Test Acc 	 PGD Loss 	 PGD Acc
[2025/10/21 06:16:29] - 2.5766 	 	 0.5034 	 2.8723 	 0.2738
[2025/10/21 06:17:19] - 38 	 26.4 	 	 0.2000 	 4.0976 	 0.2702
[2025/10/21 06:17:19] - ==> Building model..
[2025/10/21 06:17:45] - Test Loss 	 Test Acc 	 PGD Loss 	 PGD Acc
[2025/10/21 06:17:45] - 2.5767 	 	 0.5046 	 2.8714 	 0.2774
[2025/10/21 06:18:35] - 39 	 25.9 	 	 0.2000 	 4.0974 	 0.2717
[2025/10/21 06:18:35] - ==> Building model..
[2025/10/21 06:19:01] - Test Loss 	 Test Acc 	 PGD Loss 	 PGD Acc
[2025/10/21 06:19:01] - 2.5705 	 	 0.5062 	 2.8666 	 0.2770
[2025/10/21 06:19:51] - 40 	 25.6 	 	 0.2000 	 4.0962 	 0.2730
[2025/10/21 06:19:51] - ==> Building model..
[2025/10/21 06:20:17] - Test Loss 	 Test Acc 	 PGD Loss 	 PGD Acc
[2025/10/21 06:20:17] - 2.5677 	 	 0.5064 	 2.8643 	 0.2758
[2025/10/21 06:21:08] - 41 	 26.7 	 	 0.2000 	 4.0966 	 0.2707
[2025/10/21 06:21:08] - ==> Building model..
[2025/10/21 06:21:34] - Test Loss 	 Test Acc 	 PGD Loss 	 PGD Acc
[2025/10/21 06:21:34] - 2.5635 	 	 0.5079 	 2.8613 	 0.2765
[2025/10/21 06:22:25] - 42 	 26.3 	 	 0.2000 	 4.0973 	 0.2702
[2025/10/21 06:22:25] - ==> Building model..
[2025/10/21 06:22:51] - Test Loss 	 Test Acc 	 PGD Loss 	 PGD Acc
[2025/10/21 06:22:51] - 2.5615 	 	 0.5093 	 2.8600 	 0.2768
[2025/10/21 06:23:40] - 43 	 26.2 	 	 0.2000 	 4.0965 	 0.2697
[2025/10/21 06:23:40] - ==> Building model..
[2025/10/21 06:24:05] - Test Loss 	 Test Acc 	 PGD Loss 	 PGD Acc
[2025/10/21 06:24:05] - 2.5615 	 	 0.5083 	 2.8590 	 0.2776
[2025/10/21 06:24:56] - 44 	 26.5 	 	 0.2000 	 4.0939 	 0.2738
[2025/10/21 06:24:56] - ==> Building model..
[2025/10/21 06:25:22] - Test Loss 	 Test Acc 	 PGD Loss 	 PGD Acc
[2025/10/21 06:25:22] - 2.5587 	 	 0.5106 	 2.8576 	 0.2778
[2025/10/21 06:26:12] - 45 	 25.9 	 	 0.2000 	 4.0926 	 0.2754
[2025/10/21 06:26:12] - ==> Building model..
[2025/10/21 06:26:38] - Test Loss 	 Test Acc 	 PGD Loss 	 PGD Acc
[2025/10/21 06:26:38] - 2.5597 	 	 0.5107 	 2.8587 	 0.2766
[2025/10/21 06:27:27] - 46 	 26.1 	 	 0.2000 	 4.0913 	 0.2758
[2025/10/21 06:27:27] - ==> Building model..
[2025/10/21 06:27:52] - Test Loss 	 Test Acc 	 PGD Loss 	 PGD Acc
[2025/10/21 06:27:52] - 2.5570 	 	 0.5126 	 2.8571 	 0.2769
[2025/10/21 06:28:42] - 47 	 26.7 	 	 0.2000 	 4.0917 	 0.2740
[2025/10/21 06:28:42] - ==> Building model..
[2025/10/21 06:29:06] - Test Loss 	 Test Acc 	 PGD Loss 	 PGD Acc
[2025/10/21 06:29:06] - 2.5539 	 	 0.5111 	 2.8553 	 0.2770
[2025/10/21 06:29:58] - 48 	 27.0 	 	 0.2000 	 4.0901 	 0.2760
[2025/10/21 06:29:58] - ==> Building model..
[2025/10/21 06:30:23] - Test Loss 	 Test Acc 	 PGD Loss 	 PGD Acc
[2025/10/21 06:30:23] - 2.5522 	 	 0.5117 	 2.8536 	 0.2775
[2025/10/21 06:31:14] - 49 	 26.9 	 	 0.2000 	 4.0889 	 0.2775
[2025/10/21 06:31:14] - ==> Building model..
[2025/10/21 06:31:39] - Test Loss 	 Test Acc 	 PGD Loss 	 PGD Acc
[2025/10/21 06:31:39] - 2.5491 	 	 0.5119 	 2.8504 	 0.2782
[2025/10/21 06:32:30] - 50 	 26.4 	 	 0.2000 	 4.0895 	 0.2767
[2025/10/21 06:32:30] - ==> Building model..
[2025/10/21 06:32:56] - Test Loss 	 Test Acc 	 PGD Loss 	 PGD Acc
[2025/10/21 06:32:56] - 2.5484 	 	 0.5130 	 2.8502 	 0.2784
[2025/10/21 06:33:46] - 51 	 26.1 	 	 0.2000 	 4.0908 	 0.2730
[2025/10/21 06:33:46] - ==> Building model..
[2025/10/21 06:34:11] - Test Loss 	 Test Acc 	 PGD Loss 	 PGD Acc
[2025/10/21 06:34:11] - 2.5479 	 	 0.5132 	 2.8489 	 0.2786
[2025/10/21 06:35:02] - 52 	 26.5 	 	 0.2000 	 4.0913 	 0.2756
[2025/10/21 06:35:02] - ==> Building model..
[2025/10/21 06:35:27] - Test Loss 	 Test Acc 	 PGD Loss 	 PGD Acc
[2025/10/21 06:35:27] - 2.5469 	 	 0.5133 	 2.8490 	 0.2795
[2025/10/21 06:36:16] - 53 	 25.2 	 	 0.2000 	 4.0899 	 0.2784
[2025/10/21 06:36:16] - ==> Building model..
[2025/10/21 06:36:41] - Test Loss 	 Test Acc 	 PGD Loss 	 PGD Acc
[2025/10/21 06:36:41] - 2.5475 	 	 0.5143 	 2.8492 	 0.2798
[2025/10/21 06:37:31] - 54 	 26.4 	 	 0.2000 	 4.0924 	 0.2744
[2025/10/21 06:37:31] - ==> Building model..
[2025/10/21 06:37:56] - Test Loss 	 Test Acc 	 PGD Loss 	 PGD Acc
[2025/10/21 06:37:56] - 2.5489 	 	 0.5145 	 2.8504 	 0.2799
[2025/10/21 06:38:45] - 55 	 25.6 	 	 0.2000 	 4.0925 	 0.2753
[2025/10/21 06:38:45] - ==> Building model..
[2025/10/21 06:39:10] - Test Loss 	 Test Acc 	 PGD Loss 	 PGD Acc
[2025/10/21 06:39:10] - 2.5494 	 	 0.5164 	 2.8507 	 0.2796
[2025/10/21 06:39:59] - 56 	 25.6 	 	 0.2000 	 4.0926 	 0.2764
[2025/10/21 06:39:59] - ==> Building model..
[2025/10/21 06:40:23] - Test Loss 	 Test Acc 	 PGD Loss 	 PGD Acc
[2025/10/21 06:40:23] - 2.5528 	 	 0.5176 	 2.8537 	 0.2804
[2025/10/21 06:41:14] - 57 	 26.3 	 	 0.2000 	 4.0933 	 0.2772
[2025/10/21 06:41:14] - ==> Building model..
[2025/10/21 06:41:39] - Test Loss 	 Test Acc 	 PGD Loss 	 PGD Acc
[2025/10/21 06:41:39] - 2.5552 	 	 0.5166 	 2.8553 	 0.2805
[2025/10/21 06:42:30] - 58 	 25.7 	 	 0.2000 	 4.0932 	 0.2793
[2025/10/21 06:42:30] - ==> Building model..
[2025/10/21 06:42:54] - Test Loss 	 Test Acc 	 PGD Loss 	 PGD Acc
[2025/10/21 06:42:54] - 2.5588 	 	 0.5167 	 2.8579 	 0.2803
[2025/10/21 06:43:45] - 59 	 26.6 	 	 0.2000 	 4.0962 	 0.2762
[2025/10/21 06:43:45] - ==> Building model..
[2025/10/21 06:44:11] - Test Loss 	 Test Acc 	 PGD Loss 	 PGD Acc
[2025/10/21 06:44:11] - 2.5668 	 	 0.5170 	 2.8629 	 0.2805
[2025/10/21 06:45:01] - 60 	 26.1 	 	 0.2000 	 4.0940 	 0.2800
[2025/10/21 06:45:01] - ==> Building model..
[2025/10/21 06:45:26] - Test Loss 	 Test Acc 	 PGD Loss 	 PGD Acc
[2025/10/21 06:45:26] - 2.5700 	 	 0.5174 	 2.8653 	 0.2803
[2025/10/21 06:46:16] - 61 	 25.9 	 	 0.2000 	 4.0956 	 0.2766
[2025/10/21 06:46:16] - ==> Building model..
[2025/10/21 06:46:41] - Test Loss 	 Test Acc 	 PGD Loss 	 PGD Acc
[2025/10/21 06:46:41] - 2.5724 	 	 0.5171 	 2.8667 	 0.2805
[2025/10/21 06:47:32] - 62 	 26.5 	 	 0.2000 	 4.0943 	 0.2790
[2025/10/21 06:47:32] - ==> Building model..
[2025/10/21 06:47:57] - Test Loss 	 Test Acc 	 PGD Loss 	 PGD Acc
[2025/10/21 06:47:57] - 2.5763 	 	 0.5164 	 2.8697 	 0.2803
[2025/10/21 06:48:48] - 63 	 26.5 	 	 0.2000 	 4.0961 	 0.2744
[2025/10/21 06:48:48] - ==> Building model..
[2025/10/21 06:49:13] - Test Loss 	 Test Acc 	 PGD Loss 	 PGD Acc
[2025/10/21 06:49:13] - 2.5794 	 	 0.5160 	 2.8713 	 0.2806
[2025/10/21 06:50:04] - 64 	 26.7 	 	 0.2000 	 4.0934 	 0.2803
[2025/10/21 06:50:04] - ==> Building model..
[2025/10/21 06:50:29] - Test Loss 	 Test Acc 	 PGD Loss 	 PGD Acc
[2025/10/21 06:50:29] - 2.5819 	 	 0.5152 	 2.8726 	 0.2803
[2025/10/21 06:51:18] - 65 	 25.5 	 	 0.2000 	 4.0926 	 0.2781
[2025/10/21 06:51:18] - ==> Building model..
[2025/10/21 06:51:41] - Test Loss 	 Test Acc 	 PGD Loss 	 PGD Acc
[2025/10/21 06:51:41] - 2.5858 	 	 0.5156 	 2.8755 	 0.2799
[2025/10/21 06:52:33] - 66 	 27.0 	 	 0.2000 	 4.0932 	 0.2755
[2025/10/21 06:52:33] - ==> Building model..
[2025/10/21 06:52:57] - Test Loss 	 Test Acc 	 PGD Loss 	 PGD Acc
[2025/10/21 06:52:57] - 2.5873 	 	 0.5160 	 2.8773 	 0.2817
[2025/10/21 06:53:46] - 67 	 25.5 	 	 0.2000 	 4.0930 	 0.2796
[2025/10/21 06:53:46] - ==> Building model..
[2025/10/21 06:54:10] - Test Loss 	 Test Acc 	 PGD Loss 	 PGD Acc
[2025/10/21 06:54:10] - 2.5894 	 	 0.5159 	 2.8784 	 0.2808
[2025/10/21 06:55:02] - 68 	 26.8 	 	 0.2000 	 4.0928 	 0.2787
[2025/10/21 06:55:02] - ==> Building model..
[2025/10/21 06:55:26] - Test Loss 	 Test Acc 	 PGD Loss 	 PGD Acc
[2025/10/21 06:55:26] - 2.5903 	 	 0.5162 	 2.8790 	 0.2806
[2025/10/21 06:56:17] - 69 	 26.4 	 	 0.2000 	 4.0938 	 0.2801
[2025/10/21 06:56:17] - ==> Building model..
[2025/10/21 06:56:42] - Test Loss 	 Test Acc 	 PGD Loss 	 PGD Acc
[2025/10/21 06:56:42] - 2.5923 	 	 0.5163 	 2.8802 	 0.2813
[2025/10/21 06:57:31] - 70 	 25.3 	 	 0.2000 	 4.0940 	 0.2769
[2025/10/21 06:57:31] - ==> Building model..
[2025/10/21 06:57:56] - Test Loss 	 Test Acc 	 PGD Loss 	 PGD Acc
[2025/10/21 06:57:56] - 2.5928 	 	 0.5153 	 2.8814 	 0.2810
[2025/10/21 06:58:45] - 71 	 25.3 	 	 0.2000 	 4.0928 	 0.2770
[2025/10/21 06:58:45] - ==> Building model..
[2025/10/21 06:59:09] - Test Loss 	 Test Acc 	 PGD Loss 	 PGD Acc
[2025/10/21 06:59:09] - 2.5934 	 	 0.5150 	 2.8815 	 0.2813
[2025/10/21 06:59:59] - 72 	 26.1 	 	 0.2000 	 4.0939 	 0.2752
[2025/10/21 06:59:59] - ==> Building model..
[2025/10/21 07:00:24] - Test Loss 	 Test Acc 	 PGD Loss 	 PGD Acc
[2025/10/21 07:00:24] - 2.5955 	 	 0.5145 	 2.8834 	 0.2805
[2025/10/21 07:01:15] - 73 	 27.0 	 	 0.2000 	 4.0931 	 0.2774
[2025/10/21 07:01:15] - ==> Building model..
[2025/10/21 07:01:40] - Test Loss 	 Test Acc 	 PGD Loss 	 PGD Acc
[2025/10/21 07:01:40] - 2.5970 	 	 0.5146 	 2.8843 	 0.2792
[2025/10/21 07:02:30] - 74 	 26.2 	 	 0.2000 	 4.0943 	 0.2766
[2025/10/21 07:02:30] - ==> Building model..
[2025/10/21 07:02:54] - Test Loss 	 Test Acc 	 PGD Loss 	 PGD Acc
[2025/10/21 07:02:54] - 2.5985 	 	 0.5162 	 2.8848 	 0.2793
[2025/10/21 07:03:45] - 75 	 26.4 	 	 0.2000 	 4.0923 	 0.2785
[2025/10/21 07:03:45] - ==> Building model..
[2025/10/21 07:04:09] - Test Loss 	 Test Acc 	 PGD Loss 	 PGD Acc
[2025/10/21 07:04:09] - 2.5993 	 	 0.5151 	 2.8857 	 0.2792
[2025/10/21 07:05:01] - 76 	 26.5 	 	 0.2000 	 4.0919 	 0.2805
[2025/10/21 07:05:01] - ==> Building model..
[2025/10/21 07:05:25] - Test Loss 	 Test Acc 	 PGD Loss 	 PGD Acc
[2025/10/21 07:05:25] - 2.5999 	 	 0.5152 	 2.8870 	 0.2795
[2025/10/21 07:06:15] - 77 	 26.6 	 	 0.2000 	 4.0919 	 0.2798
[2025/10/21 07:06:15] - ==> Building model..
[2025/10/21 07:06:40] - Test Loss 	 Test Acc 	 PGD Loss 	 PGD Acc
[2025/10/21 07:06:40] - 2.6013 	 	 0.5156 	 2.8868 	 0.2795
[2025/10/21 07:07:30] - 78 	 25.6 	 	 0.2000 	 4.0927 	 0.2796
[2025/10/21 07:07:30] - ==> Building model..
[2025/10/21 07:07:54] - Test Loss 	 Test Acc 	 PGD Loss 	 PGD Acc
[2025/10/21 07:07:54] - 2.6019 	 	 0.5160 	 2.8872 	 0.2793
[2025/10/21 07:08:44] - 79 	 25.9 	 	 0.2000 	 4.0911 	 0.2804
[2025/10/21 07:08:44] - ==> Building model..
[2025/10/21 07:09:09] - Test Loss 	 Test Acc 	 PGD Loss 	 PGD Acc
[2025/10/21 07:09:09] - 2.6027 	 	 0.5154 	 2.8878 	 0.2800
[2025/10/21 07:10:00] - 80 	 26.8 	 	 0.2000 	 4.0913 	 0.2804
[2025/10/21 07:10:00] - ==> Building model..
[2025/10/21 07:10:25] - Test Loss 	 Test Acc 	 PGD Loss 	 PGD Acc
[2025/10/21 07:10:25] - 2.6042 	 	 0.5152 	 2.8898 	 0.2793
[2025/10/21 07:11:14] - 81 	 25.5 	 	 0.2000 	 4.0905 	 0.2807
[2025/10/21 07:11:14] - ==> Building model..
[2025/10/21 07:11:39] - Test Loss 	 Test Acc 	 PGD Loss 	 PGD Acc
[2025/10/21 07:11:39] - 2.6056 	 	 0.5138 	 2.8899 	 0.2784
[2025/10/21 07:12:28] - 82 	 25.7 	 	 0.2000 	 4.0922 	 0.2794
[2025/10/21 07:12:28] - ==> Building model..
[2025/10/21 07:12:54] - Test Loss 	 Test Acc 	 PGD Loss 	 PGD Acc
[2025/10/21 07:12:54] - 2.6035 	 	 0.5142 	 2.8890 	 0.2795
[2025/10/21 07:13:43] - 83 	 25.8 	 	 0.2000 	 4.0893 	 0.2805
[2025/10/21 07:13:43] - ==> Building model..
[2025/10/21 07:14:07] - Test Loss 	 Test Acc 	 PGD Loss 	 PGD Acc
[2025/10/21 07:14:07] - 2.6036 	 	 0.5147 	 2.8883 	 0.2797
[2025/10/21 07:14:57] - 84 	 26.3 	 	 0.2000 	 4.0923 	 0.2785
[2025/10/21 07:14:57] - ==> Building model..
[2025/10/21 07:15:20] - Test Loss 	 Test Acc 	 PGD Loss 	 PGD Acc
[2025/10/21 07:15:20] - 2.6028 	 	 0.5147 	 2.8884 	 0.2801
[2025/10/21 07:16:11] - 85 	 27.0 	 	 0.2000 	 4.0921 	 0.2801
[2025/10/21 07:16:11] - ==> Building model..
[2025/10/21 07:16:35] - Test Loss 	 Test Acc 	 PGD Loss 	 PGD Acc
[2025/10/21 07:16:35] - 2.6025 	 	 0.5149 	 2.8877 	 0.2796
[2025/10/21 07:17:27] - 86 	 27.0 	 	 0.2000 	 4.0912 	 0.2784
[2025/10/21 07:17:27] - ==> Building model..
[2025/10/21 07:17:50] - Test Loss 	 Test Acc 	 PGD Loss 	 PGD Acc
[2025/10/21 07:17:50] - 2.6015 	 	 0.5154 	 2.8871 	 0.2797
[2025/10/21 07:18:39] - 87 	 26.6 	 	 0.2000 	 4.0910 	 0.2811
[2025/10/21 07:18:39] - ==> Building model..
[2025/10/21 07:19:02] - Test Loss 	 Test Acc 	 PGD Loss 	 PGD Acc
[2025/10/21 07:19:02] - 2.6008 	 	 0.5156 	 2.8866 	 0.2810
[2025/10/21 07:19:51] - 88 	 26.5 	 	 0.2000 	 4.0928 	 0.2767
[2025/10/21 07:19:51] - ==> Building model..
[2025/10/21 07:20:13] - Test Loss 	 Test Acc 	 PGD Loss 	 PGD Acc
[2025/10/21 07:20:13] - 2.6007 	 	 0.5154 	 2.8863 	 0.2814
[2025/10/21 07:21:06] - 89 	 28.3 	 	 0.2000 	 4.0915 	 0.2803
[2025/10/21 07:21:06] - ==> Building model..
[2025/10/21 07:21:31] - Test Loss 	 Test Acc 	 PGD Loss 	 PGD Acc
[2025/10/21 07:21:31] - 2.6026 	 	 0.5144 	 2.8873 	 0.2805
[2025/10/21 07:22:23] - 90 	 28.1 	 	 0.2000 	 4.0904 	 0.2825
[2025/10/21 07:22:23] - ==> Building model..
[2025/10/21 07:22:47] - Test Loss 	 Test Acc 	 PGD Loss 	 PGD Acc
[2025/10/21 07:22:47] - 2.6035 	 	 0.5160 	 2.8883 	 0.2801
[2025/10/21 07:23:38] - 91 	 27.8 	 	 0.2000 	 4.0926 	 0.2809
[2025/10/21 07:23:38] - ==> Building model..
[2025/10/21 07:24:01] - Test Loss 	 Test Acc 	 PGD Loss 	 PGD Acc
[2025/10/21 07:24:01] - 2.6033 	 	 0.5158 	 2.8881 	 0.2799
[2025/10/21 07:24:52] - 92 	 27.0 	 	 0.2000 	 4.0909 	 0.2798
[2025/10/21 07:24:52] - ==> Building model..
[2025/10/21 07:25:15] - Test Loss 	 Test Acc 	 PGD Loss 	 PGD Acc
[2025/10/21 07:25:15] - 2.6032 	 	 0.5161 	 2.8880 	 0.2794
[2025/10/21 07:26:06] - 93 	 26.8 	 	 0.2000 	 4.0915 	 0.2798
[2025/10/21 07:26:06] - ==> Building model..
[2025/10/21 07:26:29] - Test Loss 	 Test Acc 	 PGD Loss 	 PGD Acc
[2025/10/21 07:26:29] - 2.6028 	 	 0.5157 	 2.8883 	 0.2797
[2025/10/21 07:27:20] - 94 	 26.8 	 	 0.0200 	 3.9985 	 0.3422
[2025/10/21 07:27:20] - ==> Building model..
[2025/10/21 07:27:43] - Test Loss 	 Test Acc 	 PGD Loss 	 PGD Acc
[2025/10/21 07:27:43] - 2.6007 	 	 0.5159 	 2.8864 	 0.2791
[2025/10/21 07:28:34] - 95 	 26.8 	 	 0.0200 	 3.9046 	 0.4020
[2025/10/21 07:28:34] - ==> Building model..
[2025/10/21 07:28:59] - Test Loss 	 Test Acc 	 PGD Loss 	 PGD Acc
[2025/10/21 07:28:59] - 2.5985 	 	 0.5161 	 2.8846 	 0.2791
[2025/10/21 07:29:48] - 96 	 25.7 	 	 0.0200 	 3.8799 	 0.4201
[2025/10/21 07:29:48] - ==> Building model..
[2025/10/21 07:30:13] - Test Loss 	 Test Acc 	 PGD Loss 	 PGD Acc
[2025/10/21 07:30:13] - 2.5977 	 	 0.5163 	 2.8840 	 0.2798
[2025/10/21 07:31:04] - 97 	 26.4 	 	 0.0200 	 3.8618 	 0.4345
[2025/10/21 07:31:04] - ==> Building model..
[2025/10/21 07:31:29] - Test Loss 	 Test Acc 	 PGD Loss 	 PGD Acc
[2025/10/21 07:31:29] - 2.5983 	 	 0.5167 	 2.8850 	 0.2799
[2025/10/21 07:32:19] - 98 	 25.6 	 	 0.0200 	 3.8479 	 0.4421
[2025/10/21 07:32:19] - ==> Building model..
[2025/10/21 07:32:44] - Test Loss 	 Test Acc 	 PGD Loss 	 PGD Acc
[2025/10/21 07:32:44] - 2.6003 	 	 0.5168 	 2.8859 	 0.2795
[2025/10/21 07:33:35] - 99 	 25.8 	 	 0.0020 	 3.8170 	 0.4652
[2025/10/21 07:33:35] - ==> Building model..
[2025/10/21 07:34:00] - Test Loss 	 Test Acc 	 PGD Loss 	 PGD Acc
[2025/10/21 07:34:00] - 2.6008 	 	 0.5166 	 2.8863 	 0.2802
[2025/10/21 07:34:50] - 100 	 25.1 	 	 0.0020 	 3.7885 	 0.4888
[2025/10/21 07:34:50] - ==> Building model..
[2025/10/21 07:35:14] - Test Loss 	 Test Acc 	 PGD Loss 	 PGD Acc
[2025/10/21 07:35:14] - 2.6012 	 	 0.5167 	 2.8867 	 0.2802
[2025/10/21 07:36:03] - 101 	 24.9 	 	 0.0020 	 3.7829 	 0.4926
[2025/10/21 07:36:03] - ==> Building model..
[2025/10/21 07:36:29] - Test Loss 	 Test Acc 	 PGD Loss 	 PGD Acc
[2025/10/21 07:36:29] - 2.6012 	 	 0.5167 	 2.8872 	 0.2805
[2025/10/21 07:37:18] - 102 	 25.1 	 	 0.0020 	 3.7776 	 0.4989
[2025/10/21 07:37:18] - ==> Building model..
[2025/10/21 07:37:42] - Test Loss 	 Test Acc 	 PGD Loss 	 PGD Acc
[2025/10/21 07:37:42] - 2.6012 	 	 0.5167 	 2.8868 	 0.2802
[2025/10/21 07:38:32] - 103 	 25.6 	 	 0.0020 	 3.7728 	 0.5012
[2025/10/21 07:38:32] - ==> Building model..
[2025/10/21 07:38:57] - Test Loss 	 Test Acc 	 PGD Loss 	 PGD Acc
[2025/10/21 07:38:57] - 2.6017 	 	 0.5167 	 2.8874 	 0.2806
[2025/10/21 07:39:45] - 104 	 25.5 	 	 0.0020 	 3.7690 	 0.5045
[2025/10/21 07:39:45] - ==> Building model..
[2025/10/21 07:40:10] - Test Loss 	 Test Acc 	 PGD Loss 	 PGD Acc
[2025/10/21 07:40:10] - 2.6017 	 	 0.5167 	 2.8878 	 0.2805
[2025/10/21 07:40:58] - 105 	 24.4 	 	 0.0020 	 3.7642 	 0.5086
[2025/10/21 07:40:58] - ==> Building model..
[2025/10/21 07:41:21] - Test Loss 	 Test Acc 	 PGD Loss 	 PGD Acc
[2025/10/21 07:41:21] - 2.6017 	 	 0.5167 	 2.8875 	 0.2804
[2025/10/21 07:42:10] - 106 	 26.9 	 	 0.0020 	 3.7600 	 0.5098
[2025/10/21 07:42:10] - ==> Building model..
[2025/10/21 07:42:34] - Test Loss 	 Test Acc 	 PGD Loss 	 PGD Acc
[2025/10/21 07:42:34] - 2.6017 	 	 0.5167 	 2.8878 	 0.2811
[2025/10/21 07:43:24] - 107 	 27.3 	 	 0.0020 	 3.7576 	 0.5117
[2025/10/21 07:43:24] - ==> Building model..
[2025/10/21 07:43:47] - Test Loss 	 Test Acc 	 PGD Loss 	 PGD Acc
[2025/10/21 07:43:47] - 2.6031 	 	 0.5168 	 2.8882 	 0.2809
[2025/10/21 07:44:38] - 108 	 27.3 	 	 0.0020 	 3.7534 	 0.5171
[2025/10/21 07:44:38] - ==> Building model..
[2025/10/21 07:45:01] - Test Loss 	 Test Acc 	 PGD Loss 	 PGD Acc
[2025/10/21 07:45:01] - 2.6038 	 	 0.5167 	 2.8889 	 0.2812
[2025/10/21 07:45:52] - 109 	 27.6 	 	 0.0020 	 3.7491 	 0.5211
[2025/10/21 07:45:52] - ==> Building model..
[2025/10/21 07:46:15] - Test Loss 	 Test Acc 	 PGD Loss 	 PGD Acc
[2025/10/21 07:46:15] - 2.6038 	 	 0.5167 	 2.8898 	 0.2804
[2025/10/21 07:46:15] - [0.0808, 0.1211, 0.1682, 0.2193, 0.2587, 0.3071, 0.3464, 0.3806, 0.4002, 0.4157, 0.426, 0.4376, 0.4434, 0.4492, 0.4555, 0.4622, 0.468, 0.4716, 0.4725, 0.4764, 0.4795, 0.4815, 0.4844, 0.4851, 0.488, 0.4887, 0.4895, 0.4935, 0.494, 0.495, 0.4977, 0.4979, 0.4992, 0.5, 0.4994, 0.5016, 0.5032, 0.5034, 0.5046, 0.5062, 0.5064, 0.5079, 0.5093, 0.5083, 0.5106, 0.5107, 0.5126, 0.5111, 0.5117, 0.5119, 0.513, 0.5132, 0.5133, 0.5143, 0.5145, 0.5164, 0.5176, 0.5166, 0.5167, 0.517, 0.5174, 0.5171, 0.5164, 0.516, 0.5152, 0.5156, 0.516, 0.5159, 0.5162, 0.5163, 0.5153, 0.515, 0.5145, 0.5146, 0.5162, 0.5151, 0.5152, 0.5156, 0.516, 0.5154, 0.5152, 0.5138, 0.5142, 0.5147, 0.5147, 0.5149, 0.5154, 0.5156, 0.5154, 0.5144, 0.516, 0.5158, 0.5161, 0.5157, 0.5159, 0.5161, 0.5163, 0.5167, 0.5168, 0.5166, 0.5167, 0.5167, 0.5167, 0.5167, 0.5167, 0.5167, 0.5167, 0.5168, 0.5167, 0.5167]
[2025/10/21 07:46:15] - [0.0565, 0.0786, 0.1039, 0.1298, 0.1526, 0.1796, 0.1927, 0.2072, 0.2185, 0.2248, 0.2308, 0.2353, 0.2397, 0.2434, 0.2468, 0.2477, 0.2511, 0.2551, 0.2561, 0.2587, 0.2596, 0.2595, 0.262, 0.2625, 0.2643, 0.2661, 0.2662, 0.2672, 0.2678, 0.2685, 0.2696, 0.2718, 0.2707, 0.2741, 0.2738, 0.2741, 0.2764, 0.2738, 0.2774, 0.277, 0.2758, 0.2765, 0.2768, 0.2776, 0.2778, 0.2766, 0.2769, 0.277, 0.2775, 0.2782, 0.2784, 0.2786, 0.2795, 0.2798, 0.2799, 0.2796, 0.2804, 0.2805, 0.2803, 0.2805, 0.2803, 0.2805, 0.2803, 0.2806, 0.2803, 0.2799, 0.2817, 0.2808, 0.2806, 0.2813, 0.281, 0.2813, 0.2805, 0.2792, 0.2793, 0.2792, 0.2795, 0.2795, 0.2793, 0.28, 0.2793, 0.2784, 0.2795, 0.2797, 0.2801, 0.2796, 0.2797, 0.281, 0.2814, 0.2805, 0.2801, 0.2799, 0.2794, 0.2797, 0.2791, 0.2791, 0.2798, 0.2799, 0.2795, 0.2802, 0.2802, 0.2805, 0.2802, 0.2806, 0.2805, 0.2804, 0.2811, 0.2809, 0.2812, 0.2804]
