[2025/10/12 13:41:28] - Namespace(batch_size=128, data_dir='cifar-data', epochs=100, lr_schedule='multistep', lr_min=0.0, lr_max=0.2, weight_decay=0.0005, momentum=0.9, model='ResNet18', epsilon=8, alpha=8, delta_init='random', normal_mean=0, normal_std=1, out_dir='./output/CIFAR100/lamda_35_lamscale_0.08_run2', seed=0, lamda=35.0, lam_scale=0.08, lam_start=50, gamma=0.05, inner_gamma=0.05, beta=0.2, mu=3.5, batch_m=0.75, early_stop=False, factor=0.5, length=4, n_holes=1, c_num=0.125, EMA_value=0.55)
[2025/10/12 13:41:30] - ==> Building model..
[2025/10/12 13:41:30] - Epoch 	 Seconds 	 LR 	 	 Train Loss 	 Train Acc
[2025/10/12 13:42:15] - 0 	 19.3 	 	 0.2000 	 4.5647 	 0.0401
[2025/10/12 13:42:15] - ==> Building model..
[2025/10/12 13:42:32] - Test Loss 	 Test Acc 	 PGD Loss 	 PGD Acc
[2025/10/12 13:42:32] - 4.2249 	 	 0.0900 	 4.2392 	 0.0615
[2025/10/12 13:43:17] - 1 	 18.8 	 	 0.2000 	 4.4567 	 0.0797
[2025/10/12 13:43:17] - ==> Building model..
[2025/10/12 13:43:34] - Test Loss 	 Test Acc 	 PGD Loss 	 PGD Acc
[2025/10/12 13:43:34] - 3.9798 	 	 0.1492 	 4.0127 	 0.0976
[2025/10/12 13:44:18] - 2 	 18.4 	 	 0.2000 	 4.4027 	 0.1065
[2025/10/12 13:44:18] - ==> Building model..
[2025/10/12 13:44:34] - Test Loss 	 Test Acc 	 PGD Loss 	 PGD Acc
[2025/10/12 13:44:34] - 3.9065 	 	 0.1912 	 3.9527 	 0.1173
[2025/10/12 13:45:19] - 3 	 19.0 	 	 0.2000 	 4.3534 	 0.1288
[2025/10/12 13:45:19] - ==> Building model..
[2025/10/12 13:45:36] - Test Loss 	 Test Acc 	 PGD Loss 	 PGD Acc
[2025/10/12 13:45:36] - 3.7154 	 	 0.2380 	 3.7874 	 0.1398
[2025/10/12 13:46:22] - 4 	 19.0 	 	 0.2000 	 4.3089 	 0.1519
[2025/10/12 13:46:22] - ==> Building model..
[2025/10/12 13:46:38] - Test Loss 	 Test Acc 	 PGD Loss 	 PGD Acc
[2025/10/12 13:46:38] - 3.5598 	 	 0.2776 	 3.6591 	 0.1647
[2025/10/12 13:47:25] - 5 	 19.4 	 	 0.2000 	 4.2701 	 0.1728
[2025/10/12 13:47:25] - ==> Building model..
[2025/10/12 13:47:41] - Test Loss 	 Test Acc 	 PGD Loss 	 PGD Acc
[2025/10/12 13:47:41] - 3.3768 	 	 0.3154 	 3.5027 	 0.1783
[2025/10/12 13:48:28] - 6 	 19.4 	 	 0.2000 	 4.2390 	 0.1890
[2025/10/12 13:48:28] - ==> Building model..
[2025/10/12 13:48:45] - Test Loss 	 Test Acc 	 PGD Loss 	 PGD Acc
[2025/10/12 13:48:45] - 3.1842 	 	 0.3533 	 3.3421 	 0.1964
[2025/10/12 13:49:31] - 7 	 19.4 	 	 0.2000 	 4.2191 	 0.1996
[2025/10/12 13:49:31] - ==> Building model..
[2025/10/12 13:49:49] - Test Loss 	 Test Acc 	 PGD Loss 	 PGD Acc
[2025/10/12 13:49:49] - 3.0368 	 	 0.3883 	 3.2243 	 0.2079
[2025/10/12 13:50:40] - 8 	 22.2 	 	 0.2000 	 4.1997 	 0.2095
[2025/10/12 13:50:40] - ==> Building model..
[2025/10/12 13:50:59] - Test Loss 	 Test Acc 	 PGD Loss 	 PGD Acc
[2025/10/12 13:50:59] - 2.9503 	 	 0.4056 	 3.1564 	 0.2168
[2025/10/12 13:51:47] - 9 	 20.5 	 	 0.2000 	 4.1850 	 0.2200
[2025/10/12 13:51:47] - ==> Building model..
[2025/10/12 13:52:04] - Test Loss 	 Test Acc 	 PGD Loss 	 PGD Acc
[2025/10/12 13:52:04] - 2.8952 	 	 0.4183 	 3.1137 	 0.2232
[2025/10/12 13:52:52] - 10 	 20.6 	 	 0.2000 	 4.1730 	 0.2253
[2025/10/12 13:52:52] - ==> Building model..
[2025/10/12 13:53:11] - Test Loss 	 Test Acc 	 PGD Loss 	 PGD Acc
[2025/10/12 13:53:11] - 2.8460 	 	 0.4307 	 3.0751 	 0.2301
[2025/10/12 13:54:04] - 11 	 22.5 	 	 0.2000 	 4.1653 	 0.2286
[2025/10/12 13:54:04] - ==> Building model..
[2025/10/12 13:54:20] - Test Loss 	 Test Acc 	 PGD Loss 	 PGD Acc
[2025/10/12 13:54:20] - 2.8107 	 	 0.4392 	 3.0478 	 0.2336
[2025/10/12 13:55:09] - 12 	 20.6 	 	 0.2000 	 4.1566 	 0.2361
[2025/10/12 13:55:09] - ==> Building model..
[2025/10/12 13:55:27] - Test Loss 	 Test Acc 	 PGD Loss 	 PGD Acc
[2025/10/12 13:55:27] - 2.7782 	 	 0.4465 	 3.0254 	 0.2396
[2025/10/12 13:56:14] - 13 	 19.9 	 	 0.2000 	 4.1526 	 0.2370
[2025/10/12 13:56:14] - ==> Building model..
[2025/10/12 13:56:32] - Test Loss 	 Test Acc 	 PGD Loss 	 PGD Acc
[2025/10/12 13:56:32] - 2.7478 	 	 0.4540 	 3.0016 	 0.2441
[2025/10/12 13:57:20] - 14 	 20.6 	 	 0.2000 	 4.1466 	 0.2414
[2025/10/12 13:57:20] - ==> Building model..
[2025/10/12 13:57:39] - Test Loss 	 Test Acc 	 PGD Loss 	 PGD Acc
[2025/10/12 13:57:39] - 2.7316 	 	 0.4594 	 2.9915 	 0.2468
[2025/10/12 13:58:30] - 15 	 22.1 	 	 0.2000 	 4.1391 	 0.2462
[2025/10/12 13:58:30] - ==> Building model..
[2025/10/12 13:58:47] - Test Loss 	 Test Acc 	 PGD Loss 	 PGD Acc
[2025/10/12 13:58:47] - 2.7091 	 	 0.4637 	 2.9738 	 0.2496
[2025/10/12 13:59:33] - 16 	 19.4 	 	 0.2000 	 4.1347 	 0.2476
[2025/10/12 13:59:33] - ==> Building model..
[2025/10/12 13:59:50] - Test Loss 	 Test Acc 	 PGD Loss 	 PGD Acc
[2025/10/12 13:59:50] - 2.6928 	 	 0.4672 	 2.9596 	 0.2523
[2025/10/12 14:00:37] - 17 	 19.7 	 	 0.2000 	 4.1331 	 0.2495
[2025/10/12 14:00:37] - ==> Building model..
[2025/10/12 14:00:55] - Test Loss 	 Test Acc 	 PGD Loss 	 PGD Acc
[2025/10/12 14:00:55] - 2.6807 	 	 0.4729 	 2.9514 	 0.2527
[2025/10/12 14:01:42] - 18 	 20.1 	 	 0.2000 	 4.1257 	 0.2512
[2025/10/12 14:01:42] - ==> Building model..
[2025/10/12 14:02:00] - Test Loss 	 Test Acc 	 PGD Loss 	 PGD Acc
[2025/10/12 14:02:00] - 2.6614 	 	 0.4780 	 2.9367 	 0.2543
[2025/10/12 14:02:50] - 19 	 21.4 	 	 0.2000 	 4.1224 	 0.2551
[2025/10/12 14:02:50] - ==> Building model..
[2025/10/12 14:03:09] - Test Loss 	 Test Acc 	 PGD Loss 	 PGD Acc
[2025/10/12 14:03:09] - 2.6446 	 	 0.4824 	 2.9245 	 0.2552
[2025/10/12 14:04:01] - 20 	 22.6 	 	 0.2000 	 4.1219 	 0.2580
[2025/10/12 14:04:01] - ==> Building model..
[2025/10/12 14:04:19] - Test Loss 	 Test Acc 	 PGD Loss 	 PGD Acc
[2025/10/12 14:04:19] - 2.6334 	 	 0.4845 	 2.9159 	 0.2578
[2025/10/12 14:05:09] - 21 	 21.0 	 	 0.2000 	 4.1174 	 0.2561
[2025/10/12 14:05:09] - ==> Building model..
[2025/10/12 14:05:27] - Test Loss 	 Test Acc 	 PGD Loss 	 PGD Acc
[2025/10/12 14:05:27] - 2.6234 	 	 0.4864 	 2.9081 	 0.2564
[2025/10/12 14:06:17] - 22 	 21.6 	 	 0.2000 	 4.1172 	 0.2570
[2025/10/12 14:06:17] - ==> Building model..
[2025/10/12 14:06:33] - Test Loss 	 Test Acc 	 PGD Loss 	 PGD Acc
[2025/10/12 14:06:33] - 2.6151 	 	 0.4896 	 2.9029 	 0.2595
[2025/10/12 14:07:20] - 23 	 19.2 	 	 0.2000 	 4.1148 	 0.2592
[2025/10/12 14:07:20] - ==> Building model..
[2025/10/12 14:07:38] - Test Loss 	 Test Acc 	 PGD Loss 	 PGD Acc
[2025/10/12 14:07:38] - 2.6054 	 	 0.4908 	 2.8952 	 0.2618
[2025/10/12 14:08:25] - 24 	 19.8 	 	 0.2000 	 4.1112 	 0.2629
[2025/10/12 14:08:25] - ==> Building model..
[2025/10/12 14:08:41] - Test Loss 	 Test Acc 	 PGD Loss 	 PGD Acc
[2025/10/12 14:08:41] - 2.6045 	 	 0.4897 	 2.8941 	 0.2622
[2025/10/12 14:09:27] - 25 	 19.0 	 	 0.2000 	 4.1099 	 0.2652
[2025/10/12 14:09:27] - ==> Building model..
[2025/10/12 14:09:45] - Test Loss 	 Test Acc 	 PGD Loss 	 PGD Acc
[2025/10/12 14:09:45] - 2.6023 	 	 0.4938 	 2.8929 	 0.2635
[2025/10/12 14:10:32] - 26 	 19.2 	 	 0.2000 	 4.1071 	 0.2643
[2025/10/12 14:10:32] - ==> Building model..
[2025/10/12 14:10:48] - Test Loss 	 Test Acc 	 PGD Loss 	 PGD Acc
[2025/10/12 14:10:48] - 2.5929 	 	 0.4956 	 2.8852 	 0.2655
[2025/10/12 14:11:37] - 27 	 20.2 	 	 0.2000 	 4.1050 	 0.2680
[2025/10/12 14:11:37] - ==> Building model..
[2025/10/12 14:11:55] - Test Loss 	 Test Acc 	 PGD Loss 	 PGD Acc
[2025/10/12 14:11:55] - 2.5872 	 	 0.4985 	 2.8818 	 0.2661
[2025/10/12 14:12:47] - 28 	 22.3 	 	 0.2000 	 4.1051 	 0.2639
[2025/10/12 14:12:47] - ==> Building model..
[2025/10/12 14:13:06] - Test Loss 	 Test Acc 	 PGD Loss 	 PGD Acc
[2025/10/12 14:13:06] - 2.5816 	 	 0.5007 	 2.8777 	 0.2687
[2025/10/12 14:13:58] - 29 	 22.1 	 	 0.2000 	 4.1032 	 0.2670
[2025/10/12 14:13:58] - ==> Building model..
[2025/10/12 14:14:16] - Test Loss 	 Test Acc 	 PGD Loss 	 PGD Acc
[2025/10/12 14:14:16] - 2.5747 	 	 0.5000 	 2.8722 	 0.2696
[2025/10/12 14:15:04] - 30 	 20.1 	 	 0.2000 	 4.1033 	 0.2653
[2025/10/12 14:15:04] - ==> Building model..
[2025/10/12 14:15:22] - Test Loss 	 Test Acc 	 PGD Loss 	 PGD Acc
[2025/10/12 14:15:22] - 2.5743 	 	 0.5024 	 2.8727 	 0.2693
[2025/10/12 14:16:12] - 31 	 21.2 	 	 0.2000 	 4.1013 	 0.2667
[2025/10/12 14:16:12] - ==> Building model..
[2025/10/12 14:16:28] - Test Loss 	 Test Acc 	 PGD Loss 	 PGD Acc
[2025/10/12 14:16:28] - 2.5670 	 	 0.5036 	 2.8673 	 0.2713
[2025/10/12 14:17:16] - 32 	 19.6 	 	 0.2000 	 4.0995 	 0.2671
[2025/10/12 14:17:16] - ==> Building model..
[2025/10/12 14:17:33] - Test Loss 	 Test Acc 	 PGD Loss 	 PGD Acc
[2025/10/12 14:17:33] - 2.5619 	 	 0.5045 	 2.8637 	 0.2720
[2025/10/12 14:18:22] - 33 	 20.7 	 	 0.2000 	 4.0988 	 0.2694
[2025/10/12 14:18:22] - ==> Building model..
[2025/10/12 14:18:39] - Test Loss 	 Test Acc 	 PGD Loss 	 PGD Acc
[2025/10/12 14:18:39] - 2.5561 	 	 0.5074 	 2.8592 	 0.2711
[2025/10/12 14:19:25] - 34 	 19.4 	 	 0.2000 	 4.1000 	 0.2670
[2025/10/12 14:19:25] - ==> Building model..
[2025/10/12 14:19:42] - Test Loss 	 Test Acc 	 PGD Loss 	 PGD Acc
[2025/10/12 14:19:42] - 2.5530 	 	 0.5070 	 2.8560 	 0.2720
[2025/10/12 14:20:30] - 35 	 19.9 	 	 0.2000 	 4.0965 	 0.2720
[2025/10/12 14:20:30] - ==> Building model..
[2025/10/12 14:20:48] - Test Loss 	 Test Acc 	 PGD Loss 	 PGD Acc
[2025/10/12 14:20:48] - 2.5505 	 	 0.5087 	 2.8540 	 0.2720
[2025/10/12 14:21:38] - 36 	 20.6 	 	 0.2000 	 4.0970 	 0.2708
[2025/10/12 14:21:38] - ==> Building model..
[2025/10/12 14:21:56] - Test Loss 	 Test Acc 	 PGD Loss 	 PGD Acc
[2025/10/12 14:21:56] - 2.5485 	 	 0.5093 	 2.8526 	 0.2741
[2025/10/12 14:22:47] - 37 	 22.1 	 	 0.2000 	 4.0943 	 0.2710
[2025/10/12 14:22:47] - ==> Building model..
[2025/10/12 14:23:04] - Test Loss 	 Test Acc 	 PGD Loss 	 PGD Acc
[2025/10/12 14:23:04] - 2.5464 	 	 0.5096 	 2.8516 	 0.2748
[2025/10/12 14:23:51] - 38 	 19.7 	 	 0.2000 	 4.0933 	 0.2708
[2025/10/12 14:23:51] - ==> Building model..
[2025/10/12 14:24:09] - Test Loss 	 Test Acc 	 PGD Loss 	 PGD Acc
[2025/10/12 14:24:09] - 2.5446 	 	 0.5096 	 2.8498 	 0.2774
[2025/10/12 14:25:00] - 39 	 22.0 	 	 0.2000 	 4.0941 	 0.2709
[2025/10/12 14:25:00] - ==> Building model..
[2025/10/12 14:25:18] - Test Loss 	 Test Acc 	 PGD Loss 	 PGD Acc
[2025/10/12 14:25:18] - 2.5425 	 	 0.5110 	 2.8487 	 0.2749
[2025/10/12 14:26:09] - 40 	 21.3 	 	 0.2000 	 4.0930 	 0.2729
[2025/10/12 14:26:09] - ==> Building model..
[2025/10/12 14:26:26] - Test Loss 	 Test Acc 	 PGD Loss 	 PGD Acc
[2025/10/12 14:26:26] - 2.5407 	 	 0.5125 	 2.8470 	 0.2739
[2025/10/12 14:27:14] - 41 	 20.7 	 	 0.2000 	 4.0934 	 0.2719
[2025/10/12 14:27:14] - ==> Building model..
[2025/10/12 14:27:31] - Test Loss 	 Test Acc 	 PGD Loss 	 PGD Acc
[2025/10/12 14:27:31] - 2.5390 	 	 0.5139 	 2.8458 	 0.2737
[2025/10/12 14:28:23] - 42 	 22.2 	 	 0.2000 	 4.0939 	 0.2705
[2025/10/12 14:28:23] - ==> Building model..
[2025/10/12 14:28:41] - Test Loss 	 Test Acc 	 PGD Loss 	 PGD Acc
[2025/10/12 14:28:41] - 2.5375 	 	 0.5133 	 2.8456 	 0.2757
[2025/10/12 14:29:32] - 43 	 21.3 	 	 0.2000 	 4.0906 	 0.2714
[2025/10/12 14:29:32] - ==> Building model..
[2025/10/12 14:29:50] - Test Loss 	 Test Acc 	 PGD Loss 	 PGD Acc
[2025/10/12 14:29:50] - 2.5354 	 	 0.5144 	 2.8432 	 0.2785
[2025/10/12 14:30:41] - 44 	 21.9 	 	 0.2000 	 4.0906 	 0.2733
[2025/10/12 14:30:41] - ==> Building model..
[2025/10/12 14:30:59] - Test Loss 	 Test Acc 	 PGD Loss 	 PGD Acc
[2025/10/12 14:30:59] - 2.5322 	 	 0.5148 	 2.8413 	 0.2776
[2025/10/12 14:31:49] - 45 	 21.6 	 	 0.2000 	 4.0889 	 0.2750
[2025/10/12 14:31:49] - ==> Building model..
[2025/10/12 14:32:06] - Test Loss 	 Test Acc 	 PGD Loss 	 PGD Acc
[2025/10/12 14:32:06] - 2.5312 	 	 0.5140 	 2.8406 	 0.2768
[2025/10/12 14:32:59] - 46 	 22.2 	 	 0.2000 	 4.0880 	 0.2761
[2025/10/12 14:32:59] - ==> Building model..
[2025/10/12 14:33:17] - Test Loss 	 Test Acc 	 PGD Loss 	 PGD Acc
[2025/10/12 14:33:17] - 2.5310 	 	 0.5158 	 2.8405 	 0.2778
[2025/10/12 14:34:08] - 47 	 21.7 	 	 0.2000 	 4.0887 	 0.2739
[2025/10/12 14:34:08] - ==> Building model..
[2025/10/12 14:34:26] - Test Loss 	 Test Acc 	 PGD Loss 	 PGD Acc
[2025/10/12 14:34:26] - 2.5290 	 	 0.5163 	 2.8381 	 0.2781
[2025/10/12 14:35:14] - 48 	 20.4 	 	 0.2000 	 4.0861 	 0.2780
[2025/10/12 14:35:14] - ==> Building model..
[2025/10/12 14:35:31] - Test Loss 	 Test Acc 	 PGD Loss 	 PGD Acc
[2025/10/12 14:35:31] - 2.5276 	 	 0.5160 	 2.8372 	 0.2789
[2025/10/12 14:36:19] - 49 	 19.9 	 	 0.2000 	 4.0857 	 0.2788
[2025/10/12 14:36:19] - ==> Building model..
[2025/10/12 14:36:36] - Test Loss 	 Test Acc 	 PGD Loss 	 PGD Acc
[2025/10/12 14:36:36] - 2.5279 	 	 0.5155 	 2.8367 	 0.2794
[2025/10/12 14:37:24] - 50 	 20.0 	 	 0.2000 	 4.0868 	 0.2759
[2025/10/12 14:37:24] - ==> Building model..
[2025/10/12 14:37:42] - Test Loss 	 Test Acc 	 PGD Loss 	 PGD Acc
[2025/10/12 14:37:42] - 2.5281 	 	 0.5161 	 2.8369 	 0.2786
[2025/10/12 14:38:33] - 51 	 22.2 	 	 0.2000 	 4.0876 	 0.2743
[2025/10/12 14:38:33] - ==> Building model..
[2025/10/12 14:38:51] - Test Loss 	 Test Acc 	 PGD Loss 	 PGD Acc
[2025/10/12 14:38:51] - 2.5310 	 	 0.5176 	 2.8395 	 0.2790
[2025/10/12 14:39:41] - 52 	 21.3 	 	 0.2000 	 4.0867 	 0.2774
[2025/10/12 14:39:41] - ==> Building model..
[2025/10/12 14:39:59] - Test Loss 	 Test Acc 	 PGD Loss 	 PGD Acc
[2025/10/12 14:39:59] - 2.5309 	 	 0.5184 	 2.8399 	 0.2798
[2025/10/12 14:40:48] - 53 	 21.5 	 	 0.2000 	 4.0853 	 0.2787
[2025/10/12 14:40:48] - ==> Building model..
[2025/10/12 14:41:07] - Test Loss 	 Test Acc 	 PGD Loss 	 PGD Acc
[2025/10/12 14:41:07] - 2.5305 	 	 0.5173 	 2.8387 	 0.2775
[2025/10/12 14:41:57] - 54 	 21.4 	 	 0.2000 	 4.0885 	 0.2768
[2025/10/12 14:41:57] - ==> Building model..
[2025/10/12 14:42:15] - Test Loss 	 Test Acc 	 PGD Loss 	 PGD Acc
[2025/10/12 14:42:15] - 2.5304 	 	 0.5180 	 2.8381 	 0.2790
[2025/10/12 14:43:07] - 55 	 22.0 	 	 0.2000 	 4.0871 	 0.2779
[2025/10/12 14:43:07] - ==> Building model..
[2025/10/12 14:43:26] - Test Loss 	 Test Acc 	 PGD Loss 	 PGD Acc
[2025/10/12 14:43:26] - 2.5319 	 	 0.5180 	 2.8401 	 0.2784
[2025/10/12 14:44:17] - 56 	 22.2 	 	 0.2000 	 4.0880 	 0.2769
[2025/10/12 14:44:17] - ==> Building model..
[2025/10/12 14:44:36] - Test Loss 	 Test Acc 	 PGD Loss 	 PGD Acc
[2025/10/12 14:44:36] - 2.5344 	 	 0.5199 	 2.8430 	 0.2791
[2025/10/12 14:45:28] - 57 	 22.3 	 	 0.2000 	 4.0889 	 0.2790
[2025/10/12 14:45:28] - ==> Building model..
[2025/10/12 14:45:45] - Test Loss 	 Test Acc 	 PGD Loss 	 PGD Acc
[2025/10/12 14:45:45] - 2.5390 	 	 0.5190 	 2.8457 	 0.2782
[2025/10/12 14:46:33] - 58 	 20.1 	 	 0.2000 	 4.0883 	 0.2789
[2025/10/12 14:46:33] - ==> Building model..
[2025/10/12 14:46:50] - Test Loss 	 Test Acc 	 PGD Loss 	 PGD Acc
[2025/10/12 14:46:50] - 2.5443 	 	 0.5184 	 2.8502 	 0.2772
[2025/10/12 14:47:35] - 59 	 18.8 	 	 0.2000 	 4.0893 	 0.2790
[2025/10/12 14:47:35] - ==> Building model..
[2025/10/12 14:47:52] - Test Loss 	 Test Acc 	 PGD Loss 	 PGD Acc
[2025/10/12 14:47:52] - 2.5483 	 	 0.5182 	 2.8527 	 0.2771
[2025/10/12 14:48:38] - 60 	 19.3 	 	 0.2000 	 4.0877 	 0.2788
[2025/10/12 14:48:38] - ==> Building model..
[2025/10/12 14:48:54] - Test Loss 	 Test Acc 	 PGD Loss 	 PGD Acc
[2025/10/12 14:48:54] - 2.5528 	 	 0.5168 	 2.8560 	 0.2774
[2025/10/12 14:49:45] - 61 	 20.9 	 	 0.2000 	 4.0895 	 0.2760
[2025/10/12 14:49:45] - ==> Building model..
[2025/10/12 14:50:02] - Test Loss 	 Test Acc 	 PGD Loss 	 PGD Acc
[2025/10/12 14:50:02] - 2.5564 	 	 0.5167 	 2.8579 	 0.2763
[2025/10/12 14:50:51] - 62 	 20.5 	 	 0.2000 	 4.0879 	 0.2779
[2025/10/12 14:50:51] - ==> Building model..
[2025/10/12 14:51:09] - Test Loss 	 Test Acc 	 PGD Loss 	 PGD Acc
[2025/10/12 14:51:09] - 2.5604 	 	 0.5158 	 2.8609 	 0.2774
[2025/10/12 14:51:57] - 63 	 20.0 	 	 0.2000 	 4.0922 	 0.2755
[2025/10/12 14:51:57] - ==> Building model..
[2025/10/12 14:52:14] - Test Loss 	 Test Acc 	 PGD Loss 	 PGD Acc
[2025/10/12 14:52:14] - 2.5632 	 	 0.5147 	 2.8624 	 0.2767
[2025/10/12 14:53:02] - 64 	 20.9 	 	 0.2000 	 4.0885 	 0.2800
[2025/10/12 14:53:02] - ==> Building model..
[2025/10/12 14:53:20] - Test Loss 	 Test Acc 	 PGD Loss 	 PGD Acc
[2025/10/12 14:53:20] - 2.5648 	 	 0.5155 	 2.8637 	 0.2767
[2025/10/12 14:54:10] - 65 	 21.2 	 	 0.2000 	 4.0892 	 0.2789
[2025/10/12 14:54:10] - ==> Building model..
[2025/10/12 14:54:29] - Test Loss 	 Test Acc 	 PGD Loss 	 PGD Acc
[2025/10/12 14:54:29] - 2.5670 	 	 0.5151 	 2.8648 	 0.2769
[2025/10/12 14:55:17] - 66 	 21.2 	 	 0.2000 	 4.0891 	 0.2782
[2025/10/12 14:55:17] - ==> Building model..
[2025/10/12 14:55:36] - Test Loss 	 Test Acc 	 PGD Loss 	 PGD Acc
[2025/10/12 14:55:36] - 2.5702 	 	 0.5156 	 2.8672 	 0.2766
[2025/10/12 14:56:23] - 67 	 19.7 	 	 0.2000 	 4.0893 	 0.2786
[2025/10/12 14:56:23] - ==> Building model..
[2025/10/12 14:56:41] - Test Loss 	 Test Acc 	 PGD Loss 	 PGD Acc
[2025/10/12 14:56:41] - 2.5722 	 	 0.5153 	 2.8684 	 0.2772
[2025/10/12 14:57:30] - 68 	 20.0 	 	 0.2000 	 4.0892 	 0.2801
[2025/10/12 14:57:30] - ==> Building model..
[2025/10/12 14:57:46] - Test Loss 	 Test Acc 	 PGD Loss 	 PGD Acc
[2025/10/12 14:57:46] - 2.5724 	 	 0.5151 	 2.8681 	 0.2782
[2025/10/12 14:58:37] - 69 	 21.1 	 	 0.2000 	 4.0890 	 0.2800
[2025/10/12 14:58:37] - ==> Building model..
[2025/10/12 14:58:55] - Test Loss 	 Test Acc 	 PGD Loss 	 PGD Acc
[2025/10/12 14:58:55] - 2.5746 	 	 0.5162 	 2.8700 	 0.2774
[2025/10/12 14:59:44] - 70 	 20.9 	 	 0.2000 	 4.0908 	 0.2783
[2025/10/12 14:59:44] - ==> Building model..
[2025/10/12 15:00:02] - Test Loss 	 Test Acc 	 PGD Loss 	 PGD Acc
[2025/10/12 15:00:02] - 2.5767 	 	 0.5165 	 2.8714 	 0.2786
[2025/10/12 15:00:50] - 71 	 20.0 	 	 0.2000 	 4.0892 	 0.2782
[2025/10/12 15:00:50] - ==> Building model..
[2025/10/12 15:01:07] - Test Loss 	 Test Acc 	 PGD Loss 	 PGD Acc
[2025/10/12 15:01:07] - 2.5784 	 	 0.5164 	 2.8726 	 0.2798
[2025/10/12 15:01:57] - 72 	 21.1 	 	 0.2000 	 4.0899 	 0.2767
[2025/10/12 15:01:57] - ==> Building model..
[2025/10/12 15:02:15] - Test Loss 	 Test Acc 	 PGD Loss 	 PGD Acc
[2025/10/12 15:02:15] - 2.5791 	 	 0.5172 	 2.8736 	 0.2794
[2025/10/12 15:03:04] - 73 	 21.2 	 	 0.2000 	 4.0889 	 0.2772
[2025/10/12 15:03:04] - ==> Building model..
[2025/10/12 15:03:21] - Test Loss 	 Test Acc 	 PGD Loss 	 PGD Acc
[2025/10/12 15:03:21] - 2.5800 	 	 0.5187 	 2.8744 	 0.2808
[2025/10/12 15:04:06] - 74 	 18.7 	 	 0.2000 	 4.0903 	 0.2804
[2025/10/12 15:04:06] - ==> Building model..
[2025/10/12 15:04:22] - Test Loss 	 Test Acc 	 PGD Loss 	 PGD Acc
[2025/10/12 15:04:22] - 2.5805 	 	 0.5188 	 2.8746 	 0.2812
[2025/10/12 15:05:11] - 75 	 20.4 	 	 0.2000 	 4.0898 	 0.2792
[2025/10/12 15:05:11] - ==> Building model..
[2025/10/12 15:05:29] - Test Loss 	 Test Acc 	 PGD Loss 	 PGD Acc
[2025/10/12 15:05:29] - 2.5820 	 	 0.5203 	 2.8757 	 0.2804
[2025/10/12 15:06:19] - 76 	 21.4 	 	 0.2000 	 4.0907 	 0.2787
[2025/10/12 15:06:19] - ==> Building model..
[2025/10/12 15:06:37] - Test Loss 	 Test Acc 	 PGD Loss 	 PGD Acc
[2025/10/12 15:06:37] - 2.5835 	 	 0.5183 	 2.8768 	 0.2807
[2025/10/12 15:07:27] - 77 	 20.9 	 	 0.2000 	 4.0892 	 0.2803
[2025/10/12 15:07:27] - ==> Building model..
[2025/10/12 15:07:44] - Test Loss 	 Test Acc 	 PGD Loss 	 PGD Acc
[2025/10/12 15:07:44] - 2.5845 	 	 0.5178 	 2.8775 	 0.2793
[2025/10/12 15:08:30] - 78 	 19.3 	 	 0.2000 	 4.0889 	 0.2798
[2025/10/12 15:08:30] - ==> Building model..
[2025/10/12 15:08:47] - Test Loss 	 Test Acc 	 PGD Loss 	 PGD Acc
[2025/10/12 15:08:47] - 2.5842 	 	 0.5184 	 2.8770 	 0.2800
[2025/10/12 15:09:33] - 79 	 19.3 	 	 0.2000 	 4.0888 	 0.2815
[2025/10/12 15:09:33] - ==> Building model..
[2025/10/12 15:09:50] - Test Loss 	 Test Acc 	 PGD Loss 	 PGD Acc
[2025/10/12 15:09:50] - 2.5864 	 	 0.5184 	 2.8787 	 0.2812
[2025/10/12 15:10:36] - 80 	 18.9 	 	 0.2000 	 4.0874 	 0.2811
[2025/10/12 15:10:36] - ==> Building model..
[2025/10/12 15:10:52] - Test Loss 	 Test Acc 	 PGD Loss 	 PGD Acc
[2025/10/12 15:10:52] - 2.5861 	 	 0.5184 	 2.8786 	 0.2796
[2025/10/12 15:11:42] - 81 	 21.1 	 	 0.2000 	 4.0885 	 0.2796
[2025/10/12 15:11:42] - ==> Building model..
[2025/10/12 15:12:00] - Test Loss 	 Test Acc 	 PGD Loss 	 PGD Acc
[2025/10/12 15:12:00] - 2.5882 	 	 0.5183 	 2.8797 	 0.2820
[2025/10/12 15:12:48] - 82 	 20.0 	 	 0.2000 	 4.0892 	 0.2819
[2025/10/12 15:12:48] - ==> Building model..
[2025/10/12 15:13:06] - Test Loss 	 Test Acc 	 PGD Loss 	 PGD Acc
[2025/10/12 15:13:06] - 2.5881 	 	 0.5183 	 2.8803 	 0.2830
[2025/10/12 15:13:54] - 83 	 20.4 	 	 0.2000 	 4.0852 	 0.2817
[2025/10/12 15:13:54] - ==> Building model..
[2025/10/12 15:14:11] - Test Loss 	 Test Acc 	 PGD Loss 	 PGD Acc
[2025/10/12 15:14:11] - 2.5881 	 	 0.5186 	 2.8801 	 0.2832
[2025/10/12 15:15:03] - 84 	 23.8 	 	 0.2000 	 4.0896 	 0.2788
[2025/10/12 15:15:03] - ==> Building model..
[2025/10/12 15:15:26] - Test Loss 	 Test Acc 	 PGD Loss 	 PGD Acc
[2025/10/12 15:15:26] - 2.5893 	 	 0.5190 	 2.8815 	 0.2836
[2025/10/12 15:16:20] - 85 	 27.1 	 	 0.2000 	 4.0885 	 0.2794
[2025/10/12 15:16:20] - ==> Building model..
[2025/10/12 15:16:43] - Test Loss 	 Test Acc 	 PGD Loss 	 PGD Acc
[2025/10/12 15:16:43] - 2.5889 	 	 0.5186 	 2.8811 	 0.2828
[2025/10/12 15:17:37] - 86 	 27.7 	 	 0.2000 	 4.0891 	 0.2777
[2025/10/12 15:17:37] - ==> Building model..
[2025/10/12 15:18:00] - Test Loss 	 Test Acc 	 PGD Loss 	 PGD Acc
[2025/10/12 15:18:00] - 2.5889 	 	 0.5198 	 2.8814 	 0.2826
[2025/10/12 15:18:58] - 87 	 29.2 	 	 0.2000 	 4.0880 	 0.2811
[2025/10/12 15:18:58] - ==> Building model..
[2025/10/12 15:19:20] - Test Loss 	 Test Acc 	 PGD Loss 	 PGD Acc
[2025/10/12 15:19:20] - 2.5877 	 	 0.5193 	 2.8803 	 0.2838
[2025/10/12 15:20:17] - 88 	 28.5 	 	 0.2000 	 4.0908 	 0.2769
[2025/10/12 15:20:17] - ==> Building model..
[2025/10/12 15:20:40] - Test Loss 	 Test Acc 	 PGD Loss 	 PGD Acc
[2025/10/12 15:20:40] - 2.5876 	 	 0.5207 	 2.8807 	 0.2845
[2025/10/12 15:21:34] - 89 	 27.5 	 	 0.2000 	 4.0889 	 0.2824
[2025/10/12 15:21:34] - ==> Building model..
[2025/10/12 15:21:56] - Test Loss 	 Test Acc 	 PGD Loss 	 PGD Acc
[2025/10/12 15:21:56] - 2.5877 	 	 0.5204 	 2.8807 	 0.2843
[2025/10/12 15:22:51] - 90 	 27.0 	 	 0.0200 	 3.9929 	 0.3420
[2025/10/12 15:22:51] - ==> Building model..
[2025/10/12 15:23:13] - Test Loss 	 Test Acc 	 PGD Loss 	 PGD Acc
[2025/10/12 15:23:13] - 2.5847 	 	 0.5213 	 2.8791 	 0.2846
[2025/10/12 15:24:07] - 91 	 27.6 	 	 0.0200 	 3.8998 	 0.4003
[2025/10/12 15:24:07] - ==> Building model..
[2025/10/12 15:24:31] - Test Loss 	 Test Acc 	 PGD Loss 	 PGD Acc
[2025/10/12 15:24:31] - 2.5834 	 	 0.5215 	 2.8777 	 0.2849
[2025/10/12 15:25:23] - 92 	 26.4 	 	 0.0200 	 3.8726 	 0.4212
[2025/10/12 15:25:23] - ==> Building model..
[2025/10/12 15:25:45] - Test Loss 	 Test Acc 	 PGD Loss 	 PGD Acc
[2025/10/12 15:25:45] - 2.5831 	 	 0.5220 	 2.8774 	 0.2852
[2025/10/12 15:26:38] - 93 	 26.4 	 	 0.0200 	 3.8557 	 0.4325
[2025/10/12 15:26:38] - ==> Building model..
[2025/10/12 15:27:00] - Test Loss 	 Test Acc 	 PGD Loss 	 PGD Acc
[2025/10/12 15:27:00] - 2.5837 	 	 0.5223 	 2.8785 	 0.2856
[2025/10/12 15:27:52] - 94 	 26.1 	 	 0.0200 	 3.8404 	 0.4421
[2025/10/12 15:27:52] - ==> Building model..
[2025/10/12 15:28:14] - Test Loss 	 Test Acc 	 PGD Loss 	 PGD Acc
[2025/10/12 15:28:14] - 2.5847 	 	 0.5224 	 2.8792 	 0.2853
[2025/10/12 15:29:06] - 95 	 26.4 	 	 0.0200 	 3.8278 	 0.4511
[2025/10/12 15:29:06] - ==> Building model..
[2025/10/12 15:29:29] - Test Loss 	 Test Acc 	 PGD Loss 	 PGD Acc
[2025/10/12 15:29:29] - 2.5873 	 	 0.5222 	 2.8814 	 0.2852
[2025/10/12 15:30:21] - 96 	 26.9 	 	 0.0200 	 3.8171 	 0.4604
[2025/10/12 15:30:21] - ==> Building model..
[2025/10/12 15:30:44] - Test Loss 	 Test Acc 	 PGD Loss 	 PGD Acc
[2025/10/12 15:30:44] - 2.5901 	 	 0.5216 	 2.8834 	 0.2855
[2025/10/12 15:31:38] - 97 	 26.8 	 	 0.0200 	 3.8084 	 0.4673
[2025/10/12 15:31:38] - ==> Building model..
[2025/10/12 15:32:00] - Test Loss 	 Test Acc 	 PGD Loss 	 PGD Acc
[2025/10/12 15:32:00] - 2.5919 	 	 0.5216 	 2.8848 	 0.2854
[2025/10/12 15:32:51] - 98 	 26.3 	 	 0.0200 	 3.8000 	 0.4731
[2025/10/12 15:32:51] - ==> Building model..
[2025/10/12 15:33:14] - Test Loss 	 Test Acc 	 PGD Loss 	 PGD Acc
[2025/10/12 15:33:14] - 2.5919 	 	 0.5216 	 2.8847 	 0.2855
[2025/10/12 15:34:08] - 99 	 26.8 	 	 0.0200 	 3.7927 	 0.4797
[2025/10/12 15:34:08] - ==> Building model..
[2025/10/12 15:34:30] - Test Loss 	 Test Acc 	 PGD Loss 	 PGD Acc
[2025/10/12 15:34:30] - 2.5943 	 	 0.5214 	 2.8868 	 0.2857
[2025/10/12 15:34:31] - [0.09, 0.1492, 0.1912, 0.238, 0.2776, 0.3154, 0.3533, 0.3883, 0.4056, 0.4183, 0.4307, 0.4392, 0.4465, 0.454, 0.4594, 0.4637, 0.4672, 0.4729, 0.478, 0.4824, 0.4845, 0.4864, 0.4896, 0.4908, 0.4897, 0.4938, 0.4956, 0.4985, 0.5007, 0.5, 0.5024, 0.5036, 0.5045, 0.5074, 0.507, 0.5087, 0.5093, 0.5096, 0.5096, 0.511, 0.5125, 0.5139, 0.5133, 0.5144, 0.5148, 0.514, 0.5158, 0.5163, 0.516, 0.5155, 0.5161, 0.5176, 0.5184, 0.5173, 0.518, 0.518, 0.5199, 0.519, 0.5184, 0.5182, 0.5168, 0.5167, 0.5158, 0.5147, 0.5155, 0.5151, 0.5156, 0.5153, 0.5151, 0.5162, 0.5165, 0.5164, 0.5172, 0.5187, 0.5188, 0.5203, 0.5183, 0.5178, 0.5184, 0.5184, 0.5184, 0.5183, 0.5183, 0.5186, 0.519, 0.5186, 0.5198, 0.5193, 0.5207, 0.5204, 0.5213, 0.5215, 0.522, 0.5223, 0.5224, 0.5222, 0.5216, 0.5216, 0.5216, 0.5214]
[2025/10/12 15:34:31] - [0.0615, 0.0976, 0.1173, 0.1398, 0.1647, 0.1783, 0.1964, 0.2079, 0.2168, 0.2232, 0.2301, 0.2336, 0.2396, 0.2441, 0.2468, 0.2496, 0.2523, 0.2527, 0.2543, 0.2552, 0.2578, 0.2564, 0.2595, 0.2618, 0.2622, 0.2635, 0.2655, 0.2661, 0.2687, 0.2696, 0.2693, 0.2713, 0.272, 0.2711, 0.272, 0.272, 0.2741, 0.2748, 0.2774, 0.2749, 0.2739, 0.2737, 0.2757, 0.2785, 0.2776, 0.2768, 0.2778, 0.2781, 0.2789, 0.2794, 0.2786, 0.279, 0.2798, 0.2775, 0.279, 0.2784, 0.2791, 0.2782, 0.2772, 0.2771, 0.2774, 0.2763, 0.2774, 0.2767, 0.2767, 0.2769, 0.2766, 0.2772, 0.2782, 0.2774, 0.2786, 0.2798, 0.2794, 0.2808, 0.2812, 0.2804, 0.2807, 0.2793, 0.28, 0.2812, 0.2796, 0.282, 0.283, 0.2832, 0.2836, 0.2828, 0.2826, 0.2838, 0.2845, 0.2843, 0.2846, 0.2849, 0.2852, 0.2856, 0.2853, 0.2852, 0.2855, 0.2854, 0.2855, 0.2857]
