[2025/10/18 21:03:32] - Namespace(batch_size=128, data_dir='cifar-data', epochs=110, lr_schedule='multistep', lr_min=0.0, lr_max=0.2, weight_decay=0.0005, momentum=0.9, model='ResNet18', epsilon=8, alpha=8, delta_init='random', normal_mean=0, normal_std=1, out_dir='runs/beta_0.4/lam_42/lscale_0.11/seed_2', seed=2, lamda=42.0, lam_scale=0.11, lam_start=50, gamma=0.05, inner_gamma=0.05, beta=0.4, mu=3.5, batch_m=0.75, early_stop=False, factor=0.5, length=4, n_holes=1, c_num=0.125, EMA_value=0.55)
[2025/10/18 21:03:34] - ==> Building model..
[2025/10/18 21:03:34] - Epoch 	 Seconds 	 LR 	 	 Train Loss 	 Train Acc
[2025/10/18 21:04:26] - 0 	 28.0 	 	 0.2000 	 4.5670 	 0.0407
[2025/10/18 21:04:26] - ==> Building model..
[2025/10/18 21:04:50] - Test Loss 	 Test Acc 	 PGD Loss 	 PGD Acc
[2025/10/18 21:04:50] - 4.2146 	 	 0.0907 	 4.2295 	 0.0635
[2025/10/18 21:05:41] - 1 	 26.7 	 	 0.2000 	 4.4540 	 0.0816
[2025/10/18 21:05:41] - ==> Building model..
[2025/10/18 21:06:06] - Test Loss 	 Test Acc 	 PGD Loss 	 PGD Acc
[2025/10/18 21:06:06] - 4.0899 	 	 0.1395 	 4.1166 	 0.0864
[2025/10/18 21:06:56] - 2 	 26.7 	 	 0.2000 	 4.3956 	 0.1106
[2025/10/18 21:06:56] - ==> Building model..
[2025/10/18 21:07:20] - Test Loss 	 Test Acc 	 PGD Loss 	 PGD Acc
[2025/10/18 21:07:20] - 3.8677 	 	 0.1928 	 3.9182 	 0.1179
[2025/10/18 21:08:11] - 3 	 27.7 	 	 0.2000 	 4.3473 	 0.1318
[2025/10/18 21:08:11] - ==> Building model..
[2025/10/18 21:08:34] - Test Loss 	 Test Acc 	 PGD Loss 	 PGD Acc
[2025/10/18 21:08:34] - 3.6243 	 	 0.2499 	 3.7076 	 0.1466
[2025/10/18 21:09:25] - 4 	 27.8 	 	 0.2000 	 4.3055 	 0.1543
[2025/10/18 21:09:25] - ==> Building model..
[2025/10/18 21:09:49] - Test Loss 	 Test Acc 	 PGD Loss 	 PGD Acc
[2025/10/18 21:09:49] - 3.4987 	 	 0.2832 	 3.6028 	 0.1676
[2025/10/18 21:10:40] - 5 	 27.4 	 	 0.2000 	 4.2685 	 0.1741
[2025/10/18 21:10:40] - ==> Building model..
[2025/10/18 21:11:05] - Test Loss 	 Test Acc 	 PGD Loss 	 PGD Acc
[2025/10/18 21:11:05] - 3.3281 	 	 0.3236 	 3.4621 	 0.1872
[2025/10/18 21:11:57] - 6 	 28.4 	 	 0.2000 	 4.2382 	 0.1939
[2025/10/18 21:11:57] - ==> Building model..
[2025/10/18 21:12:21] - Test Loss 	 Test Acc 	 PGD Loss 	 PGD Acc
[2025/10/18 21:12:21] - 3.1841 	 	 0.3530 	 3.3395 	 0.1989
[2025/10/18 21:13:13] - 7 	 28.1 	 	 0.2000 	 4.2161 	 0.2014
[2025/10/18 21:13:13] - ==> Building model..
[2025/10/18 21:13:37] - Test Loss 	 Test Acc 	 PGD Loss 	 PGD Acc
[2025/10/18 21:13:37] - 3.0377 	 	 0.3865 	 3.2220 	 0.2087
[2025/10/18 21:14:27] - 8 	 27.3 	 	 0.2000 	 4.2002 	 0.2126
[2025/10/18 21:14:27] - ==> Building model..
[2025/10/18 21:14:50] - Test Loss 	 Test Acc 	 PGD Loss 	 PGD Acc
[2025/10/18 21:14:50] - 2.9574 	 	 0.4018 	 3.1576 	 0.2184
[2025/10/18 21:15:42] - 9 	 28.5 	 	 0.2000 	 4.1870 	 0.2184
[2025/10/18 21:15:42] - ==> Building model..
[2025/10/18 21:16:06] - Test Loss 	 Test Acc 	 PGD Loss 	 PGD Acc
[2025/10/18 21:16:06] - 2.8959 	 	 0.4175 	 3.1101 	 0.2239
[2025/10/18 21:16:58] - 10 	 28.6 	 	 0.2000 	 4.1748 	 0.2266
[2025/10/18 21:16:58] - ==> Building model..
[2025/10/18 21:17:23] - Test Loss 	 Test Acc 	 PGD Loss 	 PGD Acc
[2025/10/18 21:17:23] - 2.8450 	 	 0.4311 	 3.0718 	 0.2306
[2025/10/18 21:18:18] - 11 	 28.8 	 	 0.2000 	 4.1654 	 0.2323
[2025/10/18 21:18:18] - ==> Building model..
[2025/10/18 21:18:43] - Test Loss 	 Test Acc 	 PGD Loss 	 PGD Acc
[2025/10/18 21:18:43] - 2.8084 	 	 0.4390 	 3.0437 	 0.2362
[2025/10/18 21:19:35] - 12 	 28.1 	 	 0.2000 	 4.1581 	 0.2362
[2025/10/18 21:19:35] - ==> Building model..
[2025/10/18 21:19:59] - Test Loss 	 Test Acc 	 PGD Loss 	 PGD Acc
[2025/10/18 21:19:59] - 2.7829 	 	 0.4434 	 3.0240 	 0.2397
[2025/10/18 21:20:50] - 13 	 26.8 	 	 0.2000 	 4.1508 	 0.2379
[2025/10/18 21:20:50] - ==> Building model..
[2025/10/18 21:21:14] - Test Loss 	 Test Acc 	 PGD Loss 	 PGD Acc
[2025/10/18 21:21:14] - 2.7603 	 	 0.4511 	 3.0075 	 0.2438
[2025/10/18 21:22:06] - 14 	 28.1 	 	 0.2000 	 4.1457 	 0.2418
[2025/10/18 21:22:06] - ==> Building model..
[2025/10/18 21:22:31] - Test Loss 	 Test Acc 	 PGD Loss 	 PGD Acc
[2025/10/18 21:22:31] - 2.7358 	 	 0.4590 	 2.9900 	 0.2478
[2025/10/18 21:23:24] - 15 	 27.9 	 	 0.2000 	 4.1412 	 0.2453
[2025/10/18 21:23:24] - ==> Building model..
[2025/10/18 21:23:49] - Test Loss 	 Test Acc 	 PGD Loss 	 PGD Acc
[2025/10/18 21:23:49] - 2.7130 	 	 0.4647 	 2.9722 	 0.2465
[2025/10/18 21:24:42] - 16 	 28.0 	 	 0.2000 	 4.1347 	 0.2485
[2025/10/18 21:24:42] - ==> Building model..
[2025/10/18 21:25:07] - Test Loss 	 Test Acc 	 PGD Loss 	 PGD Acc
[2025/10/18 21:25:07] - 2.6911 	 	 0.4701 	 2.9556 	 0.2516
[2025/10/18 21:25:58] - 17 	 26.8 	 	 0.2000 	 4.1336 	 0.2473
[2025/10/18 21:25:58] - ==> Building model..
[2025/10/18 21:26:23] - Test Loss 	 Test Acc 	 PGD Loss 	 PGD Acc
[2025/10/18 21:26:23] - 2.6724 	 	 0.4731 	 2.9411 	 0.2553
[2025/10/18 21:27:14] - 18 	 26.9 	 	 0.2000 	 4.1273 	 0.2536
[2025/10/18 21:27:14] - ==> Building model..
[2025/10/18 21:27:38] - Test Loss 	 Test Acc 	 PGD Loss 	 PGD Acc
[2025/10/18 21:27:38] - 2.6538 	 	 0.4775 	 2.9254 	 0.2554
[2025/10/18 21:28:30] - 19 	 27.6 	 	 0.2000 	 4.1246 	 0.2547
[2025/10/18 21:28:30] - ==> Building model..
[2025/10/18 21:28:54] - Test Loss 	 Test Acc 	 PGD Loss 	 PGD Acc
[2025/10/18 21:28:54] - 2.6470 	 	 0.4786 	 2.9211 	 0.2567
[2025/10/18 21:29:45] - 20 	 27.4 	 	 0.2000 	 4.1219 	 0.2575
[2025/10/18 21:29:45] - ==> Building model..
[2025/10/18 21:30:10] - Test Loss 	 Test Acc 	 PGD Loss 	 PGD Acc
[2025/10/18 21:30:10] - 2.6391 	 	 0.4804 	 2.9148 	 0.2591
[2025/10/18 21:30:58] - 21 	 25.6 	 	 0.2000 	 4.1200 	 0.2573
[2025/10/18 21:30:58] - ==> Building model..
[2025/10/18 21:31:24] - Test Loss 	 Test Acc 	 PGD Loss 	 PGD Acc
[2025/10/18 21:31:24] - 2.6321 	 	 0.4862 	 2.9106 	 0.2605
[2025/10/18 21:32:13] - 22 	 25.6 	 	 0.2000 	 4.1177 	 0.2610
[2025/10/18 21:32:13] - ==> Building model..
[2025/10/18 21:32:38] - Test Loss 	 Test Acc 	 PGD Loss 	 PGD Acc
[2025/10/18 21:32:38] - 2.6285 	 	 0.4869 	 2.9074 	 0.2594
[2025/10/18 21:33:27] - 23 	 26.5 	 	 0.2000 	 4.1180 	 0.2586
[2025/10/18 21:33:27] - ==> Building model..
[2025/10/18 21:33:53] - Test Loss 	 Test Acc 	 PGD Loss 	 PGD Acc
[2025/10/18 21:33:53] - 2.6281 	 	 0.4876 	 2.9088 	 0.2600
[2025/10/18 21:34:44] - 24 	 27.6 	 	 0.2000 	 4.1114 	 0.2632
[2025/10/18 21:34:44] - ==> Building model..
[2025/10/18 21:35:10] - Test Loss 	 Test Acc 	 PGD Loss 	 PGD Acc
[2025/10/18 21:35:10] - 2.6226 	 	 0.4906 	 2.9046 	 0.2612
[2025/10/18 21:36:01] - 25 	 26.8 	 	 0.2000 	 4.1117 	 0.2636
[2025/10/18 21:36:01] - ==> Building model..
[2025/10/18 21:36:26] - Test Loss 	 Test Acc 	 PGD Loss 	 PGD Acc
[2025/10/18 21:36:26] - 2.6182 	 	 0.4913 	 2.9012 	 0.2633
[2025/10/18 21:37:16] - 26 	 25.8 	 	 0.2000 	 4.1122 	 0.2633
[2025/10/18 21:37:16] - ==> Building model..
[2025/10/18 21:37:41] - Test Loss 	 Test Acc 	 PGD Loss 	 PGD Acc
[2025/10/18 21:37:41] - 2.6177 	 	 0.4899 	 2.9011 	 0.2651
[2025/10/18 21:38:32] - 27 	 26.8 	 	 0.2000 	 4.1089 	 0.2634
[2025/10/18 21:38:32] - ==> Building model..
[2025/10/18 21:38:57] - Test Loss 	 Test Acc 	 PGD Loss 	 PGD Acc
[2025/10/18 21:38:57] - 2.6137 	 	 0.4924 	 2.8989 	 0.2656
[2025/10/18 21:39:49] - 28 	 27.1 	 	 0.2000 	 4.1061 	 0.2670
[2025/10/18 21:39:49] - ==> Building model..
[2025/10/18 21:40:15] - Test Loss 	 Test Acc 	 PGD Loss 	 PGD Acc
[2025/10/18 21:40:15] - 2.6090 	 	 0.4933 	 2.8945 	 0.2663
[2025/10/18 21:41:02] - 29 	 23.9 	 	 0.2000 	 4.1061 	 0.2664
[2025/10/18 21:41:02] - ==> Building model..
[2025/10/18 21:41:28] - Test Loss 	 Test Acc 	 PGD Loss 	 PGD Acc
[2025/10/18 21:41:28] - 2.5975 	 	 0.4973 	 2.8859 	 0.2666
[2025/10/18 21:42:17] - 30 	 25.9 	 	 0.2000 	 4.1049 	 0.2676
[2025/10/18 21:42:17] - ==> Building model..
[2025/10/18 21:42:43] - Test Loss 	 Test Acc 	 PGD Loss 	 PGD Acc
[2025/10/18 21:42:43] - 2.5943 	 	 0.4982 	 2.8841 	 0.2678
[2025/10/18 21:43:35] - 31 	 26.6 	 	 0.2000 	 4.1038 	 0.2688
[2025/10/18 21:43:35] - ==> Building model..
[2025/10/18 21:44:00] - Test Loss 	 Test Acc 	 PGD Loss 	 PGD Acc
[2025/10/18 21:44:00] - 2.5905 	 	 0.5001 	 2.8818 	 0.2684
[2025/10/18 21:44:52] - 32 	 26.4 	 	 0.2000 	 4.1037 	 0.2678
[2025/10/18 21:44:52] - ==> Building model..
[2025/10/18 21:45:17] - Test Loss 	 Test Acc 	 PGD Loss 	 PGD Acc
[2025/10/18 21:45:17] - 2.5869 	 	 0.5004 	 2.8788 	 0.2699
[2025/10/18 21:46:09] - 33 	 26.9 	 	 0.2000 	 4.0993 	 0.2697
[2025/10/18 21:46:09] - ==> Building model..
[2025/10/18 21:46:34] - Test Loss 	 Test Acc 	 PGD Loss 	 PGD Acc
[2025/10/18 21:46:34] - 2.5809 	 	 0.5017 	 2.8741 	 0.2700
[2025/10/18 21:47:25] - 34 	 26.3 	 	 0.2000 	 4.1018 	 0.2682
[2025/10/18 21:47:25] - ==> Building model..
[2025/10/18 21:47:50] - Test Loss 	 Test Acc 	 PGD Loss 	 PGD Acc
[2025/10/18 21:47:50] - 2.5765 	 	 0.5044 	 2.8709 	 0.2705
[2025/10/18 21:48:40] - 35 	 25.8 	 	 0.2000 	 4.0979 	 0.2695
[2025/10/18 21:48:40] - ==> Building model..
[2025/10/18 21:49:06] - Test Loss 	 Test Acc 	 PGD Loss 	 PGD Acc
[2025/10/18 21:49:06] - 2.5710 	 	 0.5046 	 2.8663 	 0.2705
[2025/10/18 21:49:56] - 36 	 26.4 	 	 0.2000 	 4.0988 	 0.2683
[2025/10/18 21:49:56] - ==> Building model..
[2025/10/18 21:50:23] - Test Loss 	 Test Acc 	 PGD Loss 	 PGD Acc
[2025/10/18 21:50:23] - 2.5684 	 	 0.5068 	 2.8643 	 0.2708
[2025/10/18 21:51:15] - 37 	 27.3 	 	 0.2000 	 4.0974 	 0.2701
[2025/10/18 21:51:15] - ==> Building model..
[2025/10/18 21:51:42] - Test Loss 	 Test Acc 	 PGD Loss 	 PGD Acc
[2025/10/18 21:51:42] - 2.5632 	 	 0.5065 	 2.8604 	 0.2719
[2025/10/18 21:52:31] - 38 	 26.9 	 	 0.2000 	 4.0957 	 0.2717
[2025/10/18 21:52:31] - ==> Building model..
[2025/10/18 21:52:59] - Test Loss 	 Test Acc 	 PGD Loss 	 PGD Acc
[2025/10/18 21:52:59] - 2.5601 	 	 0.5081 	 2.8585 	 0.2744
[2025/10/18 21:53:50] - 39 	 27.7 	 	 0.2000 	 4.0959 	 0.2733
[2025/10/18 21:53:50] - ==> Building model..
[2025/10/18 21:54:16] - Test Loss 	 Test Acc 	 PGD Loss 	 PGD Acc
[2025/10/18 21:54:16] - 2.5619 	 	 0.5080 	 2.8606 	 0.2744
[2025/10/18 21:55:11] - 40 	 28.5 	 	 0.2000 	 4.0950 	 0.2736
[2025/10/18 21:55:11] - ==> Building model..
[2025/10/18 21:55:37] - Test Loss 	 Test Acc 	 PGD Loss 	 PGD Acc
[2025/10/18 21:55:37] - 2.5594 	 	 0.5095 	 2.8585 	 0.2766
[2025/10/18 21:56:32] - 41 	 28.8 	 	 0.2000 	 4.0937 	 0.2731
[2025/10/18 21:56:32] - ==> Building model..
[2025/10/18 21:56:56] - Test Loss 	 Test Acc 	 PGD Loss 	 PGD Acc
[2025/10/18 21:56:56] - 2.5583 	 	 0.5113 	 2.8572 	 0.2754
[2025/10/18 21:57:51] - 42 	 29.5 	 	 0.2000 	 4.0924 	 0.2728
[2025/10/18 21:57:51] - ==> Building model..
[2025/10/18 21:58:14] - Test Loss 	 Test Acc 	 PGD Loss 	 PGD Acc
[2025/10/18 21:58:14] - 2.5561 	 	 0.5121 	 2.8561 	 0.2746
[2025/10/18 21:59:06] - 43 	 29.3 	 	 0.2000 	 4.0926 	 0.2728
[2025/10/18 21:59:06] - ==> Building model..
[2025/10/18 21:59:30] - Test Loss 	 Test Acc 	 PGD Loss 	 PGD Acc
[2025/10/18 21:59:30] - 2.5547 	 	 0.5134 	 2.8547 	 0.2751
[2025/10/18 22:00:23] - 44 	 28.9 	 	 0.2000 	 4.0921 	 0.2729
[2025/10/18 22:00:23] - ==> Building model..
[2025/10/18 22:00:47] - Test Loss 	 Test Acc 	 PGD Loss 	 PGD Acc
[2025/10/18 22:00:47] - 2.5545 	 	 0.5143 	 2.8544 	 0.2769
[2025/10/18 22:01:41] - 45 	 29.0 	 	 0.2000 	 4.0909 	 0.2746
[2025/10/18 22:01:41] - ==> Building model..
[2025/10/18 22:02:05] - Test Loss 	 Test Acc 	 PGD Loss 	 PGD Acc
[2025/10/18 22:02:05] - 2.5533 	 	 0.5146 	 2.8534 	 0.2769
[2025/10/18 22:02:59] - 46 	 28.6 	 	 0.2000 	 4.0920 	 0.2745
[2025/10/18 22:02:59] - ==> Building model..
[2025/10/18 22:03:23] - Test Loss 	 Test Acc 	 PGD Loss 	 PGD Acc
[2025/10/18 22:03:23] - 2.5523 	 	 0.5149 	 2.8529 	 0.2767
[2025/10/18 22:04:15] - 47 	 28.0 	 	 0.2000 	 4.0882 	 0.2787
[2025/10/18 22:04:15] - ==> Building model..
[2025/10/18 22:04:39] - Test Loss 	 Test Acc 	 PGD Loss 	 PGD Acc
[2025/10/18 22:04:39] - 2.5510 	 	 0.5141 	 2.8520 	 0.2780
[2025/10/18 22:05:33] - 48 	 28.9 	 	 0.2000 	 4.0924 	 0.2722
[2025/10/18 22:05:33] - ==> Building model..
[2025/10/18 22:05:56] - Test Loss 	 Test Acc 	 PGD Loss 	 PGD Acc
[2025/10/18 22:05:56] - 2.5507 	 	 0.5146 	 2.8506 	 0.2785
[2025/10/18 22:06:48] - 49 	 29.0 	 	 0.2000 	 4.0905 	 0.2769
[2025/10/18 22:06:48] - ==> Building model..
[2025/10/18 22:07:12] - Test Loss 	 Test Acc 	 PGD Loss 	 PGD Acc
[2025/10/18 22:07:12] - 2.5490 	 	 0.5147 	 2.8501 	 0.2794
[2025/10/18 22:08:03] - 50 	 27.8 	 	 0.2000 	 4.0897 	 0.2749
[2025/10/18 22:08:03] - ==> Building model..
[2025/10/18 22:08:26] - Test Loss 	 Test Acc 	 PGD Loss 	 PGD Acc
[2025/10/18 22:08:26] - 2.5477 	 	 0.5149 	 2.8485 	 0.2793
[2025/10/18 22:09:16] - 51 	 28.2 	 	 0.2000 	 4.0896 	 0.2735
[2025/10/18 22:09:16] - ==> Building model..
[2025/10/18 22:09:39] - Test Loss 	 Test Acc 	 PGD Loss 	 PGD Acc
[2025/10/18 22:09:39] - 2.5459 	 	 0.5170 	 2.8473 	 0.2791
[2025/10/18 22:10:31] - 52 	 29.2 	 	 0.2000 	 4.0897 	 0.2769
[2025/10/18 22:10:31] - ==> Building model..
[2025/10/18 22:10:55] - Test Loss 	 Test Acc 	 PGD Loss 	 PGD Acc
[2025/10/18 22:10:55] - 2.5469 	 	 0.5165 	 2.8489 	 0.2788
[2025/10/18 22:11:45] - 53 	 28.3 	 	 0.2000 	 4.0886 	 0.2760
[2025/10/18 22:11:45] - ==> Building model..
[2025/10/18 22:12:08] - Test Loss 	 Test Acc 	 PGD Loss 	 PGD Acc
[2025/10/18 22:12:08] - 2.5478 	 	 0.5163 	 2.8494 	 0.2783
[2025/10/18 22:12:58] - 54 	 28.2 	 	 0.2000 	 4.0887 	 0.2785
[2025/10/18 22:12:58] - ==> Building model..
[2025/10/18 22:13:22] - Test Loss 	 Test Acc 	 PGD Loss 	 PGD Acc
[2025/10/18 22:13:22] - 2.5479 	 	 0.5141 	 2.8495 	 0.2774
[2025/10/18 22:14:13] - 55 	 27.9 	 	 0.2000 	 4.0923 	 0.2753
[2025/10/18 22:14:13] - ==> Building model..
[2025/10/18 22:14:37] - Test Loss 	 Test Acc 	 PGD Loss 	 PGD Acc
[2025/10/18 22:14:37] - 2.5488 	 	 0.5158 	 2.8498 	 0.2766
[2025/10/18 22:15:29] - 56 	 28.0 	 	 0.2000 	 4.0913 	 0.2756
[2025/10/18 22:15:29] - ==> Building model..
[2025/10/18 22:15:53] - Test Loss 	 Test Acc 	 PGD Loss 	 PGD Acc
[2025/10/18 22:15:53] - 2.5498 	 	 0.5177 	 2.8506 	 0.2779
[2025/10/18 22:16:47] - 57 	 29.2 	 	 0.2000 	 4.0924 	 0.2762
[2025/10/18 22:16:47] - ==> Building model..
[2025/10/18 22:17:10] - Test Loss 	 Test Acc 	 PGD Loss 	 PGD Acc
[2025/10/18 22:17:10] - 2.5521 	 	 0.5176 	 2.8519 	 0.2787
[2025/10/18 22:18:03] - 58 	 28.8 	 	 0.2000 	 4.0922 	 0.2777
[2025/10/18 22:18:03] - ==> Building model..
[2025/10/18 22:18:26] - Test Loss 	 Test Acc 	 PGD Loss 	 PGD Acc
[2025/10/18 22:18:26] - 2.5539 	 	 0.5169 	 2.8532 	 0.2792
[2025/10/18 22:19:19] - 59 	 28.8 	 	 0.2000 	 4.0917 	 0.2794
[2025/10/18 22:19:19] - ==> Building model..
[2025/10/18 22:19:43] - Test Loss 	 Test Acc 	 PGD Loss 	 PGD Acc
[2025/10/18 22:19:43] - 2.5554 	 	 0.5169 	 2.8535 	 0.2797
[2025/10/18 22:20:36] - 60 	 28.7 	 	 0.2000 	 4.0936 	 0.2796
[2025/10/18 22:20:36] - ==> Building model..
[2025/10/18 22:20:59] - Test Loss 	 Test Acc 	 PGD Loss 	 PGD Acc
[2025/10/18 22:20:59] - 2.5585 	 	 0.5174 	 2.8562 	 0.2790
[2025/10/18 22:21:50] - 61 	 28.6 	 	 0.2000 	 4.0929 	 0.2787
[2025/10/18 22:21:50] - ==> Building model..
[2025/10/18 22:22:14] - Test Loss 	 Test Acc 	 PGD Loss 	 PGD Acc
[2025/10/18 22:22:14] - 2.5616 	 	 0.5179 	 2.8585 	 0.2808
[2025/10/18 22:23:04] - 62 	 26.8 	 	 0.2000 	 4.0944 	 0.2782
[2025/10/18 22:23:04] - ==> Building model..
[2025/10/18 22:23:27] - Test Loss 	 Test Acc 	 PGD Loss 	 PGD Acc
[2025/10/18 22:23:27] - 2.5651 	 	 0.5184 	 2.8610 	 0.2815
[2025/10/18 22:24:18] - 63 	 28.6 	 	 0.2000 	 4.0926 	 0.2765
[2025/10/18 22:24:18] - ==> Building model..
[2025/10/18 22:24:41] - Test Loss 	 Test Acc 	 PGD Loss 	 PGD Acc
[2025/10/18 22:24:41] - 2.5683 	 	 0.5181 	 2.8633 	 0.2808
[2025/10/18 22:25:34] - 64 	 29.4 	 	 0.2000 	 4.0913 	 0.2800
[2025/10/18 22:25:34] - ==> Building model..
[2025/10/18 22:25:57] - Test Loss 	 Test Acc 	 PGD Loss 	 PGD Acc
[2025/10/18 22:25:57] - 2.5692 	 	 0.5184 	 2.8637 	 0.2820
[2025/10/18 22:26:47] - 65 	 28.0 	 	 0.2000 	 4.0927 	 0.2784
[2025/10/18 22:26:47] - ==> Building model..
[2025/10/18 22:27:11] - Test Loss 	 Test Acc 	 PGD Loss 	 PGD Acc
[2025/10/18 22:27:11] - 2.5697 	 	 0.5196 	 2.8643 	 0.2825
[2025/10/18 22:28:04] - 66 	 29.9 	 	 0.2000 	 4.0921 	 0.2793
[2025/10/18 22:28:04] - ==> Building model..
[2025/10/18 22:28:27] - Test Loss 	 Test Acc 	 PGD Loss 	 PGD Acc
[2025/10/18 22:28:27] - 2.5705 	 	 0.5191 	 2.8643 	 0.2823
[2025/10/18 22:29:20] - 67 	 29.5 	 	 0.2000 	 4.0897 	 0.2798
[2025/10/18 22:29:20] - ==> Building model..
[2025/10/18 22:29:42] - Test Loss 	 Test Acc 	 PGD Loss 	 PGD Acc
[2025/10/18 22:29:42] - 2.5708 	 	 0.5186 	 2.8643 	 0.2819
[2025/10/18 22:30:33] - 68 	 28.1 	 	 0.2000 	 4.0918 	 0.2797
[2025/10/18 22:30:33] - ==> Building model..
[2025/10/18 22:30:56] - Test Loss 	 Test Acc 	 PGD Loss 	 PGD Acc
[2025/10/18 22:30:56] - 2.5732 	 	 0.5166 	 2.8662 	 0.2820
[2025/10/18 22:31:49] - 69 	 29.0 	 	 0.2000 	 4.0925 	 0.2798
[2025/10/18 22:31:49] - ==> Building model..
[2025/10/18 22:32:13] - Test Loss 	 Test Acc 	 PGD Loss 	 PGD Acc
[2025/10/18 22:32:13] - 2.5734 	 	 0.5192 	 2.8659 	 0.2812
[2025/10/18 22:33:05] - 70 	 29.5 	 	 0.2000 	 4.0925 	 0.2783
[2025/10/18 22:33:05] - ==> Building model..
[2025/10/18 22:33:28] - Test Loss 	 Test Acc 	 PGD Loss 	 PGD Acc
[2025/10/18 22:33:28] - 2.5750 	 	 0.5198 	 2.8672 	 0.2810
[2025/10/18 22:34:20] - 71 	 28.4 	 	 0.2000 	 4.0913 	 0.2775
[2025/10/18 22:34:20] - ==> Building model..
[2025/10/18 22:34:44] - Test Loss 	 Test Acc 	 PGD Loss 	 PGD Acc
[2025/10/18 22:34:44] - 2.5751 	 	 0.5194 	 2.8676 	 0.2802
[2025/10/18 22:35:36] - 72 	 28.6 	 	 0.2000 	 4.0908 	 0.2796
[2025/10/18 22:35:36] - ==> Building model..
[2025/10/18 22:36:00] - Test Loss 	 Test Acc 	 PGD Loss 	 PGD Acc
[2025/10/18 22:36:00] - 2.5762 	 	 0.5205 	 2.8686 	 0.2813
[2025/10/18 22:36:52] - 73 	 28.4 	 	 0.2000 	 4.0901 	 0.2811
[2025/10/18 22:36:52] - ==> Building model..
[2025/10/18 22:37:15] - Test Loss 	 Test Acc 	 PGD Loss 	 PGD Acc
[2025/10/18 22:37:15] - 2.5777 	 	 0.5202 	 2.8696 	 0.2801
[2025/10/18 22:38:08] - 74 	 29.3 	 	 0.2000 	 4.0910 	 0.2789
[2025/10/18 22:38:08] - ==> Building model..
[2025/10/18 22:38:33] - Test Loss 	 Test Acc 	 PGD Loss 	 PGD Acc
[2025/10/18 22:38:33] - 2.5784 	 	 0.5205 	 2.8702 	 0.2820
[2025/10/18 22:39:24] - 75 	 28.2 	 	 0.2000 	 4.0910 	 0.2794
[2025/10/18 22:39:24] - ==> Building model..
[2025/10/18 22:39:48] - Test Loss 	 Test Acc 	 PGD Loss 	 PGD Acc
[2025/10/18 22:39:48] - 2.5780 	 	 0.5211 	 2.8702 	 0.2816
[2025/10/18 22:40:40] - 76 	 28.6 	 	 0.2000 	 4.0893 	 0.2815
[2025/10/18 22:40:40] - ==> Building model..
[2025/10/18 22:41:04] - Test Loss 	 Test Acc 	 PGD Loss 	 PGD Acc
[2025/10/18 22:41:04] - 2.5798 	 	 0.5208 	 2.8713 	 0.2815
[2025/10/18 22:41:55] - 77 	 27.9 	 	 0.2000 	 4.0907 	 0.2786
[2025/10/18 22:41:55] - ==> Building model..
[2025/10/18 22:42:18] - Test Loss 	 Test Acc 	 PGD Loss 	 PGD Acc
[2025/10/18 22:42:18] - 2.5811 	 	 0.5199 	 2.8716 	 0.2826
[2025/10/18 22:43:08] - 78 	 27.2 	 	 0.2000 	 4.0906 	 0.2800
[2025/10/18 22:43:08] - ==> Building model..
[2025/10/18 22:43:31] - Test Loss 	 Test Acc 	 PGD Loss 	 PGD Acc
[2025/10/18 22:43:31] - 2.5814 	 	 0.5189 	 2.8714 	 0.2821
[2025/10/18 22:44:22] - 79 	 28.5 	 	 0.2000 	 4.0901 	 0.2803
[2025/10/18 22:44:22] - ==> Building model..
[2025/10/18 22:44:46] - Test Loss 	 Test Acc 	 PGD Loss 	 PGD Acc
[2025/10/18 22:44:46] - 2.5811 	 	 0.5193 	 2.8716 	 0.2830
[2025/10/18 22:45:38] - 80 	 28.3 	 	 0.2000 	 4.0897 	 0.2797
[2025/10/18 22:45:38] - ==> Building model..
[2025/10/18 22:45:59] - Test Loss 	 Test Acc 	 PGD Loss 	 PGD Acc
[2025/10/18 22:45:59] - 2.5824 	 	 0.5208 	 2.8725 	 0.2823
[2025/10/18 22:46:49] - 81 	 28.0 	 	 0.2000 	 4.0904 	 0.2792
[2025/10/18 22:46:49] - ==> Building model..
[2025/10/18 22:47:11] - Test Loss 	 Test Acc 	 PGD Loss 	 PGD Acc
[2025/10/18 22:47:11] - 2.5842 	 	 0.5199 	 2.8737 	 0.2820
[2025/10/18 22:48:02] - 82 	 27.9 	 	 0.2000 	 4.0904 	 0.2809
[2025/10/18 22:48:02] - ==> Building model..
[2025/10/18 22:48:25] - Test Loss 	 Test Acc 	 PGD Loss 	 PGD Acc
[2025/10/18 22:48:25] - 2.5861 	 	 0.5190 	 2.8747 	 0.2820
[2025/10/18 22:49:15] - 83 	 27.1 	 	 0.2000 	 4.0920 	 0.2791
[2025/10/18 22:49:15] - ==> Building model..
[2025/10/18 22:49:39] - Test Loss 	 Test Acc 	 PGD Loss 	 PGD Acc
[2025/10/18 22:49:39] - 2.5873 	 	 0.5187 	 2.8753 	 0.2812
[2025/10/18 22:50:31] - 84 	 27.5 	 	 0.2000 	 4.0910 	 0.2784
[2025/10/18 22:50:31] - ==> Building model..
[2025/10/18 22:50:54] - Test Loss 	 Test Acc 	 PGD Loss 	 PGD Acc
[2025/10/18 22:50:54] - 2.5884 	 	 0.5183 	 2.8766 	 0.2822
[2025/10/18 22:51:44] - 85 	 25.7 	 	 0.2000 	 4.0918 	 0.2788
[2025/10/18 22:51:44] - ==> Building model..
[2025/10/18 22:52:10] - Test Loss 	 Test Acc 	 PGD Loss 	 PGD Acc
[2025/10/18 22:52:10] - 2.5899 	 	 0.5183 	 2.8772 	 0.2825
[2025/10/18 22:53:00] - 86 	 25.8 	 	 0.2000 	 4.0925 	 0.2768
[2025/10/18 22:53:00] - ==> Building model..
[2025/10/18 22:53:26] - Test Loss 	 Test Acc 	 PGD Loss 	 PGD Acc
[2025/10/18 22:53:26] - 2.5929 	 	 0.5178 	 2.8798 	 0.2823
[2025/10/18 22:54:15] - 87 	 25.3 	 	 0.2000 	 4.0915 	 0.2790
[2025/10/18 22:54:15] - ==> Building model..
[2025/10/18 22:54:40] - Test Loss 	 Test Acc 	 PGD Loss 	 PGD Acc
[2025/10/18 22:54:40] - 2.5974 	 	 0.5174 	 2.8830 	 0.2818
[2025/10/18 22:55:31] - 88 	 26.2 	 	 0.2000 	 4.0903 	 0.2798
[2025/10/18 22:55:31] - ==> Building model..
[2025/10/18 22:55:57] - Test Loss 	 Test Acc 	 PGD Loss 	 PGD Acc
[2025/10/18 22:55:57] - 2.5986 	 	 0.5180 	 2.8836 	 0.2814
[2025/10/18 22:56:49] - 89 	 27.0 	 	 0.2000 	 4.0903 	 0.2800
[2025/10/18 22:56:49] - ==> Building model..
[2025/10/18 22:57:14] - Test Loss 	 Test Acc 	 PGD Loss 	 PGD Acc
[2025/10/18 22:57:14] - 2.5976 	 	 0.5172 	 2.8829 	 0.2812
[2025/10/18 22:58:05] - 90 	 26.0 	 	 0.2000 	 4.0909 	 0.2804
[2025/10/18 22:58:05] - ==> Building model..
[2025/10/18 22:58:30] - Test Loss 	 Test Acc 	 PGD Loss 	 PGD Acc
[2025/10/18 22:58:30] - 2.5965 	 	 0.5177 	 2.8820 	 0.2815
[2025/10/18 22:59:22] - 91 	 26.8 	 	 0.2000 	 4.0868 	 0.2832
[2025/10/18 22:59:22] - ==> Building model..
[2025/10/18 22:59:46] - Test Loss 	 Test Acc 	 PGD Loss 	 PGD Acc
[2025/10/18 22:59:46] - 2.5948 	 	 0.5181 	 2.8805 	 0.2823
[2025/10/18 23:00:36] - 92 	 26.2 	 	 0.2000 	 4.0896 	 0.2778
[2025/10/18 23:00:36] - ==> Building model..
[2025/10/18 23:01:00] - Test Loss 	 Test Acc 	 PGD Loss 	 PGD Acc
[2025/10/18 23:01:00] - 2.5946 	 	 0.5182 	 2.8806 	 0.2825
[2025/10/18 23:01:51] - 93 	 26.8 	 	 0.2000 	 4.0890 	 0.2800
[2025/10/18 23:01:51] - ==> Building model..
[2025/10/18 23:02:14] - Test Loss 	 Test Acc 	 PGD Loss 	 PGD Acc
[2025/10/18 23:02:14] - 2.5947 	 	 0.5188 	 2.8805 	 0.2822
[2025/10/18 23:03:04] - 94 	 26.1 	 	 0.0200 	 3.9971 	 0.3400
[2025/10/18 23:03:04] - ==> Building model..
[2025/10/18 23:03:27] - Test Loss 	 Test Acc 	 PGD Loss 	 PGD Acc
[2025/10/18 23:03:27] - 2.5924 	 	 0.5193 	 2.8784 	 0.2810
[2025/10/18 23:04:19] - 95 	 26.4 	 	 0.0200 	 3.9024 	 0.4034
[2025/10/18 23:04:19] - ==> Building model..
[2025/10/18 23:04:41] - Test Loss 	 Test Acc 	 PGD Loss 	 PGD Acc
[2025/10/18 23:04:41] - 2.5914 	 	 0.5198 	 2.8783 	 0.2823
[2025/10/18 23:05:34] - 96 	 27.0 	 	 0.0200 	 3.8769 	 0.4201
[2025/10/18 23:05:34] - ==> Building model..
[2025/10/18 23:05:57] - Test Loss 	 Test Acc 	 PGD Loss 	 PGD Acc
[2025/10/18 23:05:57] - 2.5913 	 	 0.5198 	 2.8779 	 0.2824
[2025/10/18 23:06:48] - 97 	 27.1 	 	 0.0200 	 3.8604 	 0.4330
[2025/10/18 23:06:48] - ==> Building model..
[2025/10/18 23:07:13] - Test Loss 	 Test Acc 	 PGD Loss 	 PGD Acc
[2025/10/18 23:07:13] - 2.5927 	 	 0.5201 	 2.8794 	 0.2826
[2025/10/18 23:08:04] - 98 	 26.2 	 	 0.0200 	 3.8447 	 0.4408
[2025/10/18 23:08:04] - ==> Building model..
[2025/10/18 23:08:28] - Test Loss 	 Test Acc 	 PGD Loss 	 PGD Acc
[2025/10/18 23:08:28] - 2.5941 	 	 0.5200 	 2.8801 	 0.2823
[2025/10/18 23:09:18] - 99 	 25.6 	 	 0.0020 	 3.8120 	 0.4685
[2025/10/18 23:09:18] - ==> Building model..
[2025/10/18 23:09:42] - Test Loss 	 Test Acc 	 PGD Loss 	 PGD Acc
[2025/10/18 23:09:42] - 2.5945 	 	 0.5199 	 2.8811 	 0.2821
[2025/10/18 23:10:32] - 100 	 25.8 	 	 0.0020 	 3.7832 	 0.4913
[2025/10/18 23:10:32] - ==> Building model..
[2025/10/18 23:10:55] - Test Loss 	 Test Acc 	 PGD Loss 	 PGD Acc
[2025/10/18 23:10:55] - 2.5945 	 	 0.5199 	 2.8810 	 0.2832
[2025/10/18 23:11:48] - 101 	 26.7 	 	 0.0020 	 3.7759 	 0.4967
[2025/10/18 23:11:48] - ==> Building model..
[2025/10/18 23:12:12] - Test Loss 	 Test Acc 	 PGD Loss 	 PGD Acc
[2025/10/18 23:12:12] - 2.5945 	 	 0.5199 	 2.8805 	 0.2830
[2025/10/18 23:13:03] - 102 	 26.2 	 	 0.0020 	 3.7714 	 0.4982
[2025/10/18 23:13:03] - ==> Building model..
[2025/10/18 23:13:26] - Test Loss 	 Test Acc 	 PGD Loss 	 PGD Acc
[2025/10/18 23:13:26] - 2.5945 	 	 0.5199 	 2.8808 	 0.2821
[2025/10/18 23:14:16] - 103 	 26.3 	 	 0.0020 	 3.7661 	 0.5025
[2025/10/18 23:14:16] - ==> Building model..
[2025/10/18 23:14:39] - Test Loss 	 Test Acc 	 PGD Loss 	 PGD Acc
[2025/10/18 23:14:39] - 2.5955 	 	 0.5197 	 2.8815 	 0.2825
[2025/10/18 23:15:31] - 104 	 27.3 	 	 0.0020 	 3.7629 	 0.5056
[2025/10/18 23:15:31] - ==> Building model..
[2025/10/18 23:15:55] - Test Loss 	 Test Acc 	 PGD Loss 	 PGD Acc
[2025/10/18 23:15:55] - 2.5955 	 	 0.5197 	 2.8820 	 0.2831
[2025/10/18 23:16:46] - 105 	 26.6 	 	 0.0020 	 3.7582 	 0.5116
[2025/10/18 23:16:46] - ==> Building model..
[2025/10/18 23:17:09] - Test Loss 	 Test Acc 	 PGD Loss 	 PGD Acc
[2025/10/18 23:17:09] - 2.5955 	 	 0.5197 	 2.8818 	 0.2824
[2025/10/18 23:18:00] - 106 	 26.5 	 	 0.0020 	 3.7545 	 0.5132
[2025/10/18 23:18:00] - ==> Building model..
[2025/10/18 23:18:22] - Test Loss 	 Test Acc 	 PGD Loss 	 PGD Acc
[2025/10/18 23:18:22] - 2.5955 	 	 0.5197 	 2.8819 	 0.2831
[2025/10/18 23:19:14] - 107 	 27.0 	 	 0.0020 	 3.7511 	 0.5173
[2025/10/18 23:19:14] - ==> Building model..
[2025/10/18 23:19:37] - Test Loss 	 Test Acc 	 PGD Loss 	 PGD Acc
[2025/10/18 23:19:37] - 2.5955 	 	 0.5197 	 2.8818 	 0.2830
[2025/10/18 23:20:28] - 108 	 26.4 	 	 0.0020 	 3.7463 	 0.5206
[2025/10/18 23:20:28] - ==> Building model..
[2025/10/18 23:20:51] - Test Loss 	 Test Acc 	 PGD Loss 	 PGD Acc
[2025/10/18 23:20:51] - 2.5969 	 	 0.5196 	 2.8828 	 0.2828
[2025/10/18 23:21:42] - 109 	 26.2 	 	 0.0020 	 3.7431 	 0.5235
[2025/10/18 23:21:42] - ==> Building model..
[2025/10/18 23:22:06] - Test Loss 	 Test Acc 	 PGD Loss 	 PGD Acc
[2025/10/18 23:22:06] - 2.5969 	 	 0.5196 	 2.8829 	 0.2834
[2025/10/18 23:22:06] - [0.0907, 0.1395, 0.1928, 0.2499, 0.2832, 0.3236, 0.353, 0.3865, 0.4018, 0.4175, 0.4311, 0.439, 0.4434, 0.4511, 0.459, 0.4647, 0.4701, 0.4731, 0.4775, 0.4786, 0.4804, 0.4862, 0.4869, 0.4876, 0.4906, 0.4913, 0.4899, 0.4924, 0.4933, 0.4973, 0.4982, 0.5001, 0.5004, 0.5017, 0.5044, 0.5046, 0.5068, 0.5065, 0.5081, 0.508, 0.5095, 0.5113, 0.5121, 0.5134, 0.5143, 0.5146, 0.5149, 0.5141, 0.5146, 0.5147, 0.5149, 0.517, 0.5165, 0.5163, 0.5141, 0.5158, 0.5177, 0.5176, 0.5169, 0.5169, 0.5174, 0.5179, 0.5184, 0.5181, 0.5184, 0.5196, 0.5191, 0.5186, 0.5166, 0.5192, 0.5198, 0.5194, 0.5205, 0.5202, 0.5205, 0.5211, 0.5208, 0.5199, 0.5189, 0.5193, 0.5208, 0.5199, 0.519, 0.5187, 0.5183, 0.5183, 0.5178, 0.5174, 0.518, 0.5172, 0.5177, 0.5181, 0.5182, 0.5188, 0.5193, 0.5198, 0.5198, 0.5201, 0.52, 0.5199, 0.5199, 0.5199, 0.5199, 0.5197, 0.5197, 0.5197, 0.5197, 0.5197, 0.5196, 0.5196]
[2025/10/18 23:22:06] - [0.0635, 0.0864, 0.1179, 0.1466, 0.1676, 0.1872, 0.1989, 0.2087, 0.2184, 0.2239, 0.2306, 0.2362, 0.2397, 0.2438, 0.2478, 0.2465, 0.2516, 0.2553, 0.2554, 0.2567, 0.2591, 0.2605, 0.2594, 0.26, 0.2612, 0.2633, 0.2651, 0.2656, 0.2663, 0.2666, 0.2678, 0.2684, 0.2699, 0.27, 0.2705, 0.2705, 0.2708, 0.2719, 0.2744, 0.2744, 0.2766, 0.2754, 0.2746, 0.2751, 0.2769, 0.2769, 0.2767, 0.278, 0.2785, 0.2794, 0.2793, 0.2791, 0.2788, 0.2783, 0.2774, 0.2766, 0.2779, 0.2787, 0.2792, 0.2797, 0.279, 0.2808, 0.2815, 0.2808, 0.282, 0.2825, 0.2823, 0.2819, 0.282, 0.2812, 0.281, 0.2802, 0.2813, 0.2801, 0.282, 0.2816, 0.2815, 0.2826, 0.2821, 0.283, 0.2823, 0.282, 0.282, 0.2812, 0.2822, 0.2825, 0.2823, 0.2818, 0.2814, 0.2812, 0.2815, 0.2823, 0.2825, 0.2822, 0.281, 0.2823, 0.2824, 0.2826, 0.2823, 0.2821, 0.2832, 0.283, 0.2821, 0.2825, 0.2831, 0.2824, 0.2831, 0.283, 0.2828, 0.2834]
