[2025/09/18 09:44:48] - Namespace(batch_size=128, data_dir='cifar-data', epochs=120, lr_schedule='multistep', lr_min=0.0, lr_max=0.1, weight_decay=0.0005, momentum=0.9, model='ResNet18', epsilon=8, alpha=8, delta_init='random', normal_mean=0, normal_std=1, out_dir='./output/', seed=0, lamda=12, lam_scale=0.08, lam_max=45, gamma=0.15, inner_gamma=0.15, beta=0.5, mu=3.5, batch_m=0.75, early_stop=False, factor=0.7, length=4, n_holes=1, c_num=0.125, EMA_value=0.82)
[2025/09/18 09:44:54] - ==> Building model..
[2025/09/18 09:44:54] - Epoch 	 Seconds 	 LR 	 	 Train Loss 	 Train Acc
[2025/09/18 09:45:48] - 0 	 24.6 	 	 0.1000 	 2.2297 	 0.2284
[2025/09/18 09:45:48] - ==> Building model..
[2025/09/18 09:46:10] - Test Loss 	 Test Acc 	 PGD Loss 	 PGD Acc
[2025/09/18 09:46:10] - 1.8226 	 	 0.4015 	 1.8805 	 0.2804
[2025/09/18 09:47:15] - 1 	 31.3 	 	 0.1000 	 2.1341 	 0.3024
[2025/09/18 09:47:15] - ==> Building model..
[2025/09/18 09:47:37] - Test Loss 	 Test Acc 	 PGD Loss 	 PGD Acc
[2025/09/18 09:47:37] - 1.7237 	 	 0.4614 	 1.7980 	 0.3196
[2025/09/18 09:48:41] - 2 	 31.8 	 	 0.1000 	 2.0969 	 0.3424
[2025/09/18 09:48:41] - ==> Building model..
[2025/09/18 09:49:03] - Test Loss 	 Test Acc 	 PGD Loss 	 PGD Acc
[2025/09/18 09:49:03] - 1.6455 	 	 0.5088 	 1.7345 	 0.3395
[2025/09/18 09:50:07] - 3 	 32.0 	 	 0.1000 	 2.0684 	 0.3689
[2025/09/18 09:50:07] - ==> Building model..
[2025/09/18 09:50:29] - Test Loss 	 Test Acc 	 PGD Loss 	 PGD Acc
[2025/09/18 09:50:29] - 1.5872 	 	 0.5510 	 1.6880 	 0.3674
[2025/09/18 09:51:32] - 4 	 31.6 	 	 0.1000 	 2.0430 	 0.3968
[2025/09/18 09:51:32] - ==> Building model..
[2025/09/18 09:51:54] - Test Loss 	 Test Acc 	 PGD Loss 	 PGD Acc
[2025/09/18 09:51:54] - 1.5460 	 	 0.5819 	 1.6563 	 0.3910
[2025/09/18 09:52:58] - 5 	 32.2 	 	 0.1000 	 2.0194 	 0.4193
[2025/09/18 09:52:58] - ==> Building model..
[2025/09/18 09:53:19] - Test Loss 	 Test Acc 	 PGD Loss 	 PGD Acc
[2025/09/18 09:53:19] - 1.5198 	 	 0.6069 	 1.6377 	 0.4118
[2025/09/18 09:54:23] - 6 	 31.7 	 	 0.1000 	 1.9986 	 0.4407
[2025/09/18 09:54:23] - ==> Building model..
[2025/09/18 09:54:46] - Test Loss 	 Test Acc 	 PGD Loss 	 PGD Acc
[2025/09/18 09:54:46] - 1.5047 	 	 0.6274 	 1.6270 	 0.4278
[2025/09/18 09:55:47] - 7 	 30.6 	 	 0.1000 	 1.9836 	 0.4560
[2025/09/18 09:55:47] - ==> Building model..
[2025/09/18 09:56:10] - Test Loss 	 Test Acc 	 PGD Loss 	 PGD Acc
[2025/09/18 09:56:10] - 1.4955 	 	 0.6364 	 1.6203 	 0.4408
[2025/09/18 09:57:15] - 8 	 31.5 	 	 0.1000 	 1.9701 	 0.4682
[2025/09/18 09:57:15] - ==> Building model..
[2025/09/18 09:57:40] - Test Loss 	 Test Acc 	 PGD Loss 	 PGD Acc
[2025/09/18 09:57:40] - 1.4960 	 	 0.6460 	 1.6217 	 0.4492
[2025/09/18 09:58:45] - 9 	 31.5 	 	 0.1000 	 1.9561 	 0.4834
[2025/09/18 09:58:45] - ==> Building model..
[2025/09/18 09:59:10] - Test Loss 	 Test Acc 	 PGD Loss 	 PGD Acc
[2025/09/18 09:59:10] - 1.5006 	 	 0.6481 	 1.6260 	 0.4586
[2025/09/18 10:00:12] - 10 	 30.0 	 	 0.1000 	 1.9462 	 0.4895
[2025/09/18 10:00:12] - ==> Building model..
[2025/09/18 10:00:38] - Test Loss 	 Test Acc 	 PGD Loss 	 PGD Acc
[2025/09/18 10:00:38] - 1.4988 	 	 0.6562 	 1.6249 	 0.4668
[2025/09/18 10:01:39] - 11 	 29.8 	 	 0.1000 	 1.9393 	 0.5006
[2025/09/18 10:01:40] - ==> Building model..
[2025/09/18 10:02:05] - Test Loss 	 Test Acc 	 PGD Loss 	 PGD Acc
[2025/09/18 10:02:05] - 1.4854 	 	 0.6682 	 1.6144 	 0.4751
[2025/09/18 10:03:09] - 12 	 30.9 	 	 0.1000 	 1.9335 	 0.5063
[2025/09/18 10:03:09] - ==> Building model..
[2025/09/18 10:03:34] - Test Loss 	 Test Acc 	 PGD Loss 	 PGD Acc
[2025/09/18 10:03:34] - 1.4490 	 	 0.6812 	 1.5844 	 0.4841
[2025/09/18 10:04:39] - 13 	 32.0 	 	 0.1000 	 1.9282 	 0.5117
[2025/09/18 10:04:39] - ==> Building model..
[2025/09/18 10:05:02] - Test Loss 	 Test Acc 	 PGD Loss 	 PGD Acc
[2025/09/18 10:05:02] - 1.4067 	 	 0.6941 	 1.5505 	 0.4932
[2025/09/18 10:06:07] - 14 	 32.4 	 	 0.1000 	 1.9198 	 0.5212
[2025/09/18 10:06:07] - ==> Building model..
[2025/09/18 10:06:30] - Test Loss 	 Test Acc 	 PGD Loss 	 PGD Acc
[2025/09/18 10:06:30] - 1.3649 	 	 0.7056 	 1.5170 	 0.4990
[2025/09/18 10:07:36] - 15 	 33.0 	 	 0.1000 	 1.9182 	 0.5214
[2025/09/18 10:07:36] - ==> Building model..
[2025/09/18 10:07:57] - Test Loss 	 Test Acc 	 PGD Loss 	 PGD Acc
[2025/09/18 10:07:57] - 1.3312 	 	 0.7156 	 1.4905 	 0.5037
[2025/09/18 10:09:02] - 16 	 32.5 	 	 0.1000 	 1.9121 	 0.5276
[2025/09/18 10:09:02] - ==> Building model..
[2025/09/18 10:09:24] - Test Loss 	 Test Acc 	 PGD Loss 	 PGD Acc
[2025/09/18 10:09:24] - 1.3035 	 	 0.7226 	 1.4682 	 0.5084
[2025/09/18 10:10:28] - 17 	 32.7 	 	 0.1000 	 1.9068 	 0.5342
[2025/09/18 10:10:28] - ==> Building model..
[2025/09/18 10:10:49] - Test Loss 	 Test Acc 	 PGD Loss 	 PGD Acc
[2025/09/18 10:10:49] - 1.2842 	 	 0.7275 	 1.4530 	 0.5124
[2025/09/18 10:11:53] - 18 	 32.0 	 	 0.1000 	 1.9062 	 0.5342
[2025/09/18 10:11:53] - ==> Building model..
[2025/09/18 10:12:15] - Test Loss 	 Test Acc 	 PGD Loss 	 PGD Acc
[2025/09/18 10:12:15] - 1.2706 	 	 0.7324 	 1.4420 	 0.5134
[2025/09/18 10:13:19] - 19 	 32.0 	 	 0.1000 	 1.8997 	 0.5404
[2025/09/18 10:13:19] - ==> Building model..
[2025/09/18 10:13:41] - Test Loss 	 Test Acc 	 PGD Loss 	 PGD Acc
[2025/09/18 10:13:41] - 1.2611 	 	 0.7359 	 1.4343 	 0.5169
[2025/09/18 10:14:46] - 20 	 32.3 	 	 0.1000 	 1.8986 	 0.5408
[2025/09/18 10:14:46] - ==> Building model..
[2025/09/18 10:15:07] - Test Loss 	 Test Acc 	 PGD Loss 	 PGD Acc
[2025/09/18 10:15:07] - 1.2527 	 	 0.7376 	 1.4273 	 0.5212
[2025/09/18 10:16:12] - 21 	 32.2 	 	 0.1000 	 1.8961 	 0.5447
[2025/09/18 10:16:12] - ==> Building model..
[2025/09/18 10:16:33] - Test Loss 	 Test Acc 	 PGD Loss 	 PGD Acc
[2025/09/18 10:16:33] - 1.2455 	 	 0.7382 	 1.4218 	 0.5233
[2025/09/18 10:17:39] - 22 	 33.1 	 	 0.1000 	 1.8955 	 0.5449
[2025/09/18 10:17:39] - ==> Building model..
[2025/09/18 10:18:01] - Test Loss 	 Test Acc 	 PGD Loss 	 PGD Acc
[2025/09/18 10:18:01] - 1.2411 	 	 0.7399 	 1.4185 	 0.5235
[2025/09/18 10:19:04] - 23 	 31.9 	 	 0.1000 	 1.8920 	 0.5482
[2025/09/18 10:19:04] - ==> Building model..
[2025/09/18 10:19:27] - Test Loss 	 Test Acc 	 PGD Loss 	 PGD Acc
[2025/09/18 10:19:27] - 1.2367 	 	 0.7423 	 1.4151 	 0.5278
[2025/09/18 10:20:30] - 24 	 31.8 	 	 0.1000 	 1.8892 	 0.5511
[2025/09/18 10:20:30] - ==> Building model..
[2025/09/18 10:20:51] - Test Loss 	 Test Acc 	 PGD Loss 	 PGD Acc
[2025/09/18 10:20:51] - 1.2304 	 	 0.7447 	 1.4100 	 0.5282
[2025/09/18 10:21:55] - 25 	 31.6 	 	 0.1000 	 1.8861 	 0.5561
[2025/09/18 10:21:55] - ==> Building model..
[2025/09/18 10:22:17] - Test Loss 	 Test Acc 	 PGD Loss 	 PGD Acc
[2025/09/18 10:22:17] - 1.2253 	 	 0.7471 	 1.4057 	 0.5314
[2025/09/18 10:23:21] - 26 	 32.1 	 	 0.1000 	 1.8837 	 0.5556
[2025/09/18 10:23:21] - ==> Building model..
[2025/09/18 10:23:45] - Test Loss 	 Test Acc 	 PGD Loss 	 PGD Acc
[2025/09/18 10:23:45] - 1.2219 	 	 0.7489 	 1.4024 	 0.5319
[2025/09/18 10:24:48] - 27 	 30.6 	 	 0.1000 	 1.8836 	 0.5550
[2025/09/18 10:24:48] - ==> Building model..
[2025/09/18 10:25:12] - Test Loss 	 Test Acc 	 PGD Loss 	 PGD Acc
[2025/09/18 10:25:12] - 1.2179 	 	 0.7507 	 1.3990 	 0.5342
[2025/09/18 10:26:15] - 28 	 30.7 	 	 0.1000 	 1.8817 	 0.5577
[2025/09/18 10:26:15] - ==> Building model..
[2025/09/18 10:26:41] - Test Loss 	 Test Acc 	 PGD Loss 	 PGD Acc
[2025/09/18 10:26:41] - 1.2144 	 	 0.7523 	 1.3963 	 0.5336
[2025/09/18 10:27:45] - 29 	 30.3 	 	 0.1000 	 1.8798 	 0.5595
[2025/09/18 10:27:45] - ==> Building model..
[2025/09/18 10:28:11] - Test Loss 	 Test Acc 	 PGD Loss 	 PGD Acc
[2025/09/18 10:28:11] - 1.2099 	 	 0.7544 	 1.3932 	 0.5359
[2025/09/18 10:29:16] - 30 	 31.3 	 	 0.1000 	 1.8786 	 0.5614
[2025/09/18 10:29:16] - ==> Building model..
[2025/09/18 10:29:39] - Test Loss 	 Test Acc 	 PGD Loss 	 PGD Acc
[2025/09/18 10:29:39] - 1.2080 	 	 0.7562 	 1.3920 	 0.5367
[2025/09/18 10:30:42] - 31 	 31.4 	 	 0.1000 	 1.8772 	 0.5640
[2025/09/18 10:30:42] - ==> Building model..
[2025/09/18 10:31:03] - Test Loss 	 Test Acc 	 PGD Loss 	 PGD Acc
[2025/09/18 10:31:03] - 1.2046 	 	 0.7586 	 1.3893 	 0.5363
[2025/09/18 10:32:03] - 32 	 31.4 	 	 0.1000 	 1.8758 	 0.5627
[2025/09/18 10:32:03] - ==> Building model..
[2025/09/18 10:32:25] - Test Loss 	 Test Acc 	 PGD Loss 	 PGD Acc
[2025/09/18 10:32:25] - 1.2003 	 	 0.7596 	 1.3855 	 0.5377
[2025/09/18 10:33:29] - 33 	 32.4 	 	 0.1000 	 1.8759 	 0.5625
[2025/09/18 10:33:29] - ==> Building model..
[2025/09/18 10:33:50] - Test Loss 	 Test Acc 	 PGD Loss 	 PGD Acc
[2025/09/18 10:33:50] - 1.1986 	 	 0.7616 	 1.3851 	 0.5397
[2025/09/18 10:34:53] - 34 	 32.4 	 	 0.1000 	 1.8726 	 0.5665
[2025/09/18 10:34:53] - ==> Building model..
[2025/09/18 10:35:14] - Test Loss 	 Test Acc 	 PGD Loss 	 PGD Acc
[2025/09/18 10:35:14] - 1.1949 	 	 0.7649 	 1.3829 	 0.5411
[2025/09/18 10:36:16] - 35 	 31.9 	 	 0.1000 	 1.8725 	 0.5662
[2025/09/18 10:36:16] - ==> Building model..
[2025/09/18 10:36:37] - Test Loss 	 Test Acc 	 PGD Loss 	 PGD Acc
[2025/09/18 10:36:37] - 1.1930 	 	 0.7666 	 1.3814 	 0.5432
[2025/09/18 10:37:37] - 36 	 31.2 	 	 0.1000 	 1.8732 	 0.5629
[2025/09/18 10:37:37] - ==> Building model..
[2025/09/18 10:37:58] - Test Loss 	 Test Acc 	 PGD Loss 	 PGD Acc
[2025/09/18 10:37:58] - 1.1928 	 	 0.7665 	 1.3819 	 0.5425
[2025/09/18 10:39:01] - 37 	 32.2 	 	 0.1000 	 1.8700 	 0.5692
[2025/09/18 10:39:01] - ==> Building model..
[2025/09/18 10:39:22] - Test Loss 	 Test Acc 	 PGD Loss 	 PGD Acc
[2025/09/18 10:39:22] - 1.1888 	 	 0.7676 	 1.3786 	 0.5440
[2025/09/18 10:40:24] - 38 	 31.7 	 	 0.1000 	 1.8703 	 0.5669
[2025/09/18 10:40:24] - ==> Building model..
[2025/09/18 10:40:46] - Test Loss 	 Test Acc 	 PGD Loss 	 PGD Acc
[2025/09/18 10:40:46] - 1.1875 	 	 0.7682 	 1.3777 	 0.5451
[2025/09/18 10:41:50] - 39 	 32.4 	 	 0.1000 	 1.8670 	 0.5708
[2025/09/18 10:41:50] - ==> Building model..
[2025/09/18 10:42:11] - Test Loss 	 Test Acc 	 PGD Loss 	 PGD Acc
[2025/09/18 10:42:11] - 1.1845 	 	 0.7685 	 1.3748 	 0.5464
[2025/09/18 10:43:12] - 40 	 31.0 	 	 0.1000 	 1.8690 	 0.5697
[2025/09/18 10:43:12] - ==> Building model..
[2025/09/18 10:43:33] - Test Loss 	 Test Acc 	 PGD Loss 	 PGD Acc
[2025/09/18 10:43:33] - 1.1838 	 	 0.7692 	 1.3741 	 0.5476
[2025/09/18 10:44:36] - 41 	 31.8 	 	 0.1000 	 1.8667 	 0.5713
[2025/09/18 10:44:36] - ==> Building model..
[2025/09/18 10:44:57] - Test Loss 	 Test Acc 	 PGD Loss 	 PGD Acc
[2025/09/18 10:44:57] - 1.1829 	 	 0.7692 	 1.3740 	 0.5476
[2025/09/18 10:45:59] - 42 	 31.2 	 	 0.1000 	 1.8666 	 0.5712
[2025/09/18 10:45:59] - ==> Building model..
[2025/09/18 10:46:21] - Test Loss 	 Test Acc 	 PGD Loss 	 PGD Acc
[2025/09/18 10:46:21] - 1.1817 	 	 0.7700 	 1.3731 	 0.5479
[2025/09/18 10:47:24] - 43 	 31.7 	 	 0.1000 	 1.8677 	 0.5725
[2025/09/18 10:47:24] - ==> Building model..
[2025/09/18 10:47:46] - Test Loss 	 Test Acc 	 PGD Loss 	 PGD Acc
[2025/09/18 10:47:46] - 1.1806 	 	 0.7704 	 1.3722 	 0.5508
[2025/09/18 10:48:47] - 44 	 31.1 	 	 0.1000 	 1.8658 	 0.5725
[2025/09/18 10:48:47] - ==> Building model..
[2025/09/18 10:49:08] - Test Loss 	 Test Acc 	 PGD Loss 	 PGD Acc
[2025/09/18 10:49:08] - 1.1777 	 	 0.7717 	 1.3700 	 0.5496
[2025/09/18 10:50:09] - 45 	 31.1 	 	 0.1000 	 1.8654 	 0.5725
[2025/09/18 10:50:09] - ==> Building model..
[2025/09/18 10:50:29] - Test Loss 	 Test Acc 	 PGD Loss 	 PGD Acc
[2025/09/18 10:50:29] - 1.1770 	 	 0.7733 	 1.3693 	 0.5521
[2025/09/18 10:51:32] - 46 	 31.0 	 	 0.1000 	 1.8645 	 0.5739
[2025/09/18 10:51:32] - ==> Building model..
[2025/09/18 10:51:55] - Test Loss 	 Test Acc 	 PGD Loss 	 PGD Acc
[2025/09/18 10:51:55] - 1.1760 	 	 0.7736 	 1.3686 	 0.5528
[2025/09/18 10:52:55] - 47 	 30.7 	 	 0.1000 	 1.8628 	 0.5760
[2025/09/18 10:52:55] - ==> Building model..
[2025/09/18 10:53:16] - Test Loss 	 Test Acc 	 PGD Loss 	 PGD Acc
[2025/09/18 10:53:16] - 1.1731 	 	 0.7728 	 1.3665 	 0.5542
[2025/09/18 10:54:17] - 48 	 30.5 	 	 0.1000 	 1.8628 	 0.5736
[2025/09/18 10:54:17] - ==> Building model..
[2025/09/18 10:54:39] - Test Loss 	 Test Acc 	 PGD Loss 	 PGD Acc
[2025/09/18 10:54:39] - 1.1718 	 	 0.7739 	 1.3658 	 0.5525
[2025/09/18 10:55:40] - 49 	 30.5 	 	 0.1000 	 1.8610 	 0.5793
[2025/09/18 10:55:40] - ==> Building model..
[2025/09/18 10:56:05] - Test Loss 	 Test Acc 	 PGD Loss 	 PGD Acc
[2025/09/18 10:56:05] - 1.1699 	 	 0.7752 	 1.3651 	 0.5529
[2025/09/18 10:57:03] - 50 	 29.6 	 	 0.1000 	 1.8623 	 0.5762
[2025/09/18 10:57:03] - ==> Building model..
[2025/09/18 10:57:27] - Test Loss 	 Test Acc 	 PGD Loss 	 PGD Acc
[2025/09/18 10:57:27] - 1.1684 	 	 0.7753 	 1.3639 	 0.5527
[2025/09/18 10:58:30] - 51 	 29.7 	 	 0.1000 	 1.8630 	 0.5751
[2025/09/18 10:58:30] - ==> Building model..
[2025/09/18 10:58:56] - Test Loss 	 Test Acc 	 PGD Loss 	 PGD Acc
[2025/09/18 10:58:56] - 1.1675 	 	 0.7750 	 1.3628 	 0.5515
[2025/09/18 11:00:00] - 52 	 31.7 	 	 0.1000 	 1.8599 	 0.5772
[2025/09/18 11:00:00] - ==> Building model..
[2025/09/18 11:00:24] - Test Loss 	 Test Acc 	 PGD Loss 	 PGD Acc
[2025/09/18 11:00:24] - 1.1670 	 	 0.7772 	 1.3620 	 0.5518
[2025/09/18 11:01:28] - 53 	 32.3 	 	 0.1000 	 1.8597 	 0.5770
[2025/09/18 11:01:28] - ==> Building model..
[2025/09/18 11:01:50] - Test Loss 	 Test Acc 	 PGD Loss 	 PGD Acc
[2025/09/18 11:01:50] - 1.1660 	 	 0.7766 	 1.3613 	 0.5527
[2025/09/18 11:02:54] - 54 	 32.0 	 	 0.1000 	 1.8619 	 0.5764
[2025/09/18 11:02:54] - ==> Building model..
[2025/09/18 11:03:17] - Test Loss 	 Test Acc 	 PGD Loss 	 PGD Acc
[2025/09/18 11:03:17] - 1.1670 	 	 0.7763 	 1.3617 	 0.5541
[2025/09/18 11:04:22] - 55 	 32.7 	 	 0.1000 	 1.8598 	 0.5787
[2025/09/18 11:04:22] - ==> Building model..
[2025/09/18 11:04:44] - Test Loss 	 Test Acc 	 PGD Loss 	 PGD Acc
[2025/09/18 11:04:44] - 1.1662 	 	 0.7783 	 1.3615 	 0.5545
[2025/09/18 11:05:47] - 56 	 31.8 	 	 0.1000 	 1.8591 	 0.5784
[2025/09/18 11:05:47] - ==> Building model..
[2025/09/18 11:06:10] - Test Loss 	 Test Acc 	 PGD Loss 	 PGD Acc
[2025/09/18 11:06:10] - 1.1654 	 	 0.7768 	 1.3605 	 0.5561
[2025/09/18 11:07:11] - 57 	 31.0 	 	 0.1000 	 1.8583 	 0.5801
[2025/09/18 11:07:11] - ==> Building model..
[2025/09/18 11:07:34] - Test Loss 	 Test Acc 	 PGD Loss 	 PGD Acc
[2025/09/18 11:07:34] - 1.1638 	 	 0.7766 	 1.3591 	 0.5553
[2025/09/18 11:08:38] - 58 	 32.0 	 	 0.1000 	 1.8571 	 0.5794
[2025/09/18 11:08:38] - ==> Building model..
[2025/09/18 11:09:00] - Test Loss 	 Test Acc 	 PGD Loss 	 PGD Acc
[2025/09/18 11:09:00] - 1.1611 	 	 0.7770 	 1.3572 	 0.5551
[2025/09/18 11:10:02] - 59 	 31.2 	 	 0.1000 	 1.8590 	 0.5756
[2025/09/18 11:10:02] - ==> Building model..
[2025/09/18 11:10:26] - Test Loss 	 Test Acc 	 PGD Loss 	 PGD Acc
[2025/09/18 11:10:26] - 1.1615 	 	 0.7788 	 1.3577 	 0.5572
[2025/09/18 11:11:27] - 60 	 30.5 	 	 0.1000 	 1.8579 	 0.5795
[2025/09/18 11:11:27] - ==> Building model..
[2025/09/18 11:11:51] - Test Loss 	 Test Acc 	 PGD Loss 	 PGD Acc
[2025/09/18 11:11:51] - 1.1606 	 	 0.7794 	 1.3568 	 0.5581
[2025/09/18 11:12:51] - 61 	 29.4 	 	 0.1000 	 1.8594 	 0.5780
[2025/09/18 11:12:51] - ==> Building model..
[2025/09/18 11:13:16] - Test Loss 	 Test Acc 	 PGD Loss 	 PGD Acc
[2025/09/18 11:13:16] - 1.1614 	 	 0.7804 	 1.3574 	 0.5564
[2025/09/18 11:14:14] - 62 	 28.8 	 	 0.1000 	 1.8575 	 0.5789
[2025/09/18 11:14:14] - ==> Building model..
[2025/09/18 11:14:40] - Test Loss 	 Test Acc 	 PGD Loss 	 PGD Acc
[2025/09/18 11:14:40] - 1.1621 	 	 0.7810 	 1.3581 	 0.5567
[2025/09/18 11:15:39] - 63 	 29.0 	 	 0.1000 	 1.8593 	 0.5796
[2025/09/18 11:15:39] - ==> Building model..
[2025/09/18 11:16:05] - Test Loss 	 Test Acc 	 PGD Loss 	 PGD Acc
[2025/09/18 11:16:05] - 1.1632 	 	 0.7811 	 1.3584 	 0.5588
[2025/09/18 11:17:07] - 64 	 30.7 	 	 0.1000 	 1.8604 	 0.5800
[2025/09/18 11:17:07] - ==> Building model..
[2025/09/18 11:17:31] - Test Loss 	 Test Acc 	 PGD Loss 	 PGD Acc
[2025/09/18 11:17:31] - 1.1648 	 	 0.7823 	 1.3600 	 0.5604
[2025/09/18 11:18:36] - 65 	 32.6 	 	 0.1000 	 1.8613 	 0.5797
[2025/09/18 11:18:36] - ==> Building model..
[2025/09/18 11:18:59] - Test Loss 	 Test Acc 	 PGD Loss 	 PGD Acc
[2025/09/18 11:18:59] - 1.1666 	 	 0.7804 	 1.3614 	 0.5589
[2025/09/18 11:20:02] - 66 	 32.1 	 	 0.1000 	 1.8609 	 0.5799
[2025/09/18 11:20:02] - ==> Building model..
[2025/09/18 11:20:24] - Test Loss 	 Test Acc 	 PGD Loss 	 PGD Acc
[2025/09/18 11:20:24] - 1.1677 	 	 0.7808 	 1.3621 	 0.5603
[2025/09/18 11:21:29] - 67 	 32.5 	 	 0.1000 	 1.8613 	 0.5809
[2025/09/18 11:21:29] - ==> Building model..
[2025/09/18 11:21:52] - Test Loss 	 Test Acc 	 PGD Loss 	 PGD Acc
[2025/09/18 11:21:52] - 1.1706 	 	 0.7803 	 1.3646 	 0.5600
[2025/09/18 11:22:56] - 68 	 31.9 	 	 0.1000 	 1.8621 	 0.5804
[2025/09/18 11:22:56] - ==> Building model..
[2025/09/18 11:23:18] - Test Loss 	 Test Acc 	 PGD Loss 	 PGD Acc
[2025/09/18 11:23:18] - 1.1744 	 	 0.7791 	 1.3674 	 0.5607
[2025/09/18 11:24:22] - 69 	 31.6 	 	 0.1000 	 1.8653 	 0.5768
[2025/09/18 11:24:22] - ==> Building model..
[2025/09/18 11:24:45] - Test Loss 	 Test Acc 	 PGD Loss 	 PGD Acc
[2025/09/18 11:24:45] - 1.1761 	 	 0.7801 	 1.3688 	 0.5601
[2025/09/18 11:25:47] - 70 	 31.0 	 	 0.1000 	 1.8640 	 0.5768
[2025/09/18 11:25:47] - ==> Building model..
[2025/09/18 11:26:14] - Test Loss 	 Test Acc 	 PGD Loss 	 PGD Acc
[2025/09/18 11:26:14] - 1.1782 	 	 0.7777 	 1.3700 	 0.5622
[2025/09/18 11:27:18] - 71 	 31.1 	 	 0.1000 	 1.8652 	 0.5786
[2025/09/18 11:27:18] - ==> Building model..
[2025/09/18 11:27:42] - Test Loss 	 Test Acc 	 PGD Loss 	 PGD Acc
[2025/09/18 11:27:42] - 1.1797 	 	 0.7792 	 1.3713 	 0.5629
[2025/09/18 11:28:44] - 72 	 31.7 	 	 0.1000 	 1.8655 	 0.5803
[2025/09/18 11:28:44] - ==> Building model..
[2025/09/18 11:29:05] - Test Loss 	 Test Acc 	 PGD Loss 	 PGD Acc
[2025/09/18 11:29:05] - 1.1812 	 	 0.7792 	 1.3721 	 0.5637
[2025/09/18 11:30:10] - 73 	 32.1 	 	 0.1000 	 1.8674 	 0.5778
[2025/09/18 11:30:10] - ==> Building model..
[2025/09/18 11:30:32] - Test Loss 	 Test Acc 	 PGD Loss 	 PGD Acc
[2025/09/18 11:30:32] - 1.1838 	 	 0.7796 	 1.3741 	 0.5624
[2025/09/18 11:31:35] - 74 	 31.9 	 	 0.1000 	 1.8679 	 0.5788
[2025/09/18 11:31:35] - ==> Building model..
[2025/09/18 11:31:56] - Test Loss 	 Test Acc 	 PGD Loss 	 PGD Acc
[2025/09/18 11:31:56] - 1.1860 	 	 0.7790 	 1.3757 	 0.5632
[2025/09/18 11:33:00] - 75 	 32.5 	 	 0.1000 	 1.8717 	 0.5760
[2025/09/18 11:33:00] - ==> Building model..
[2025/09/18 11:33:22] - Test Loss 	 Test Acc 	 PGD Loss 	 PGD Acc
[2025/09/18 11:33:22] - 1.1919 	 	 0.7767 	 1.3791 	 0.5632
[2025/09/18 11:34:25] - 76 	 31.4 	 	 0.1000 	 1.8715 	 0.5758
[2025/09/18 11:34:25] - ==> Building model..
[2025/09/18 11:34:47] - Test Loss 	 Test Acc 	 PGD Loss 	 PGD Acc
[2025/09/18 11:34:47] - 1.1956 	 	 0.7761 	 1.3818 	 0.5630
[2025/09/18 11:35:50] - 77 	 31.8 	 	 0.1000 	 1.8708 	 0.5748
[2025/09/18 11:35:50] - ==> Building model..
[2025/09/18 11:36:13] - Test Loss 	 Test Acc 	 PGD Loss 	 PGD Acc
[2025/09/18 11:36:13] - 1.1988 	 	 0.7753 	 1.3843 	 0.5648
[2025/09/18 11:37:15] - 78 	 30.9 	 	 0.1000 	 1.8723 	 0.5786
[2025/09/18 11:37:15] - ==> Building model..
[2025/09/18 11:37:40] - Test Loss 	 Test Acc 	 PGD Loss 	 PGD Acc
[2025/09/18 11:37:40] - 1.2015 	 	 0.7746 	 1.3861 	 0.5628
[2025/09/18 11:38:41] - 79 	 30.0 	 	 0.1000 	 1.8721 	 0.5748
[2025/09/18 11:38:41] - ==> Building model..
[2025/09/18 11:39:08] - Test Loss 	 Test Acc 	 PGD Loss 	 PGD Acc
[2025/09/18 11:39:08] - 1.2035 	 	 0.7739 	 1.3878 	 0.5645
[2025/09/18 11:40:10] - 80 	 30.9 	 	 0.1000 	 1.8741 	 0.5756
[2025/09/18 11:40:10] - ==> Building model..
[2025/09/18 11:40:33] - Test Loss 	 Test Acc 	 PGD Loss 	 PGD Acc
[2025/09/18 11:40:33] - 1.2059 	 	 0.7734 	 1.3890 	 0.5643
[2025/09/18 11:41:34] - 81 	 30.7 	 	 0.1000 	 1.8754 	 0.5762
[2025/09/18 11:41:34] - ==> Building model..
[2025/09/18 11:41:59] - Test Loss 	 Test Acc 	 PGD Loss 	 PGD Acc
[2025/09/18 11:41:59] - 1.2102 	 	 0.7735 	 1.3919 	 0.5659
[2025/09/18 11:43:00] - 82 	 31.7 	 	 0.1000 	 1.8760 	 0.5738
[2025/09/18 11:43:00] - ==> Building model..
[2025/09/18 11:43:22] - Test Loss 	 Test Acc 	 PGD Loss 	 PGD Acc
[2025/09/18 11:43:22] - 1.2135 	 	 0.7726 	 1.3946 	 0.5673
[2025/09/18 11:44:24] - 83 	 31.2 	 	 0.1000 	 1.8775 	 0.5733
[2025/09/18 11:44:24] - ==> Building model..
[2025/09/18 11:44:46] - Test Loss 	 Test Acc 	 PGD Loss 	 PGD Acc
[2025/09/18 11:44:46] - 1.2190 	 	 0.7710 	 1.3988 	 0.5685
[2025/09/18 11:45:46] - 84 	 30.9 	 	 0.1000 	 1.8761 	 0.5719
[2025/09/18 11:45:46] - ==> Building model..
[2025/09/18 11:46:08] - Test Loss 	 Test Acc 	 PGD Loss 	 PGD Acc
[2025/09/18 11:46:08] - 1.2221 	 	 0.7734 	 1.4008 	 0.5690
[2025/09/18 11:47:12] - 85 	 32.5 	 	 0.1000 	 1.8796 	 0.5720
[2025/09/18 11:47:12] - ==> Building model..
[2025/09/18 11:47:34] - Test Loss 	 Test Acc 	 PGD Loss 	 PGD Acc
[2025/09/18 11:47:34] - 1.2246 	 	 0.7715 	 1.4021 	 0.5691
[2025/09/18 11:48:37] - 86 	 32.2 	 	 0.1000 	 1.8814 	 0.5687
[2025/09/18 11:48:37] - ==> Building model..
[2025/09/18 11:49:00] - Test Loss 	 Test Acc 	 PGD Loss 	 PGD Acc
[2025/09/18 11:49:00] - 1.2285 	 	 0.7718 	 1.4054 	 0.5694
[2025/09/18 11:50:04] - 87 	 32.3 	 	 0.1000 	 1.8814 	 0.5738
[2025/09/18 11:50:04] - ==> Building model..
[2025/09/18 11:50:27] - Test Loss 	 Test Acc 	 PGD Loss 	 PGD Acc
[2025/09/18 11:50:27] - 1.2326 	 	 0.7710 	 1.4084 	 0.5694
[2025/09/18 11:51:31] - 88 	 31.8 	 	 0.1000 	 1.8850 	 0.5687
[2025/09/18 11:51:31] - ==> Building model..
[2025/09/18 11:51:56] - Test Loss 	 Test Acc 	 PGD Loss 	 PGD Acc
[2025/09/18 11:51:56] - 1.2365 	 	 0.7699 	 1.4111 	 0.5713
[2025/09/18 11:52:58] - 89 	 30.4 	 	 0.1000 	 1.8826 	 0.5727
[2025/09/18 11:52:58] - ==> Building model..
[2025/09/18 11:53:23] - Test Loss 	 Test Acc 	 PGD Loss 	 PGD Acc
[2025/09/18 11:53:23] - 1.2382 	 	 0.7683 	 1.4126 	 0.5728
[2025/09/18 11:54:28] - 90 	 32.5 	 	 0.1000 	 1.8862 	 0.5698
[2025/09/18 11:54:28] - ==> Building model..
[2025/09/18 11:54:49] - Test Loss 	 Test Acc 	 PGD Loss 	 PGD Acc
[2025/09/18 11:54:49] - 1.2402 	 	 0.7686 	 1.4139 	 0.5730
[2025/09/18 11:55:55] - 91 	 32.2 	 	 0.1000 	 1.8870 	 0.5686
[2025/09/18 11:55:55] - ==> Building model..
[2025/09/18 11:56:18] - Test Loss 	 Test Acc 	 PGD Loss 	 PGD Acc
[2025/09/18 11:56:18] - 1.2419 	 	 0.7688 	 1.4153 	 0.5734
[2025/09/18 11:57:23] - 92 	 32.3 	 	 0.1000 	 1.8881 	 0.5700
[2025/09/18 11:57:23] - ==> Building model..
[2025/09/18 11:57:45] - Test Loss 	 Test Acc 	 PGD Loss 	 PGD Acc
[2025/09/18 11:57:45] - 1.2442 	 	 0.7671 	 1.4169 	 0.5738
[2025/09/18 11:58:42] - 93 	 28.3 	 	 0.1000 	 1.8878 	 0.5680
[2025/09/18 11:58:42] - ==> Building model..
[2025/09/18 11:58:58] - Test Loss 	 Test Acc 	 PGD Loss 	 PGD Acc
[2025/09/18 11:58:58] - 1.2461 	 	 0.7671 	 1.4188 	 0.5737
[2025/09/18 11:59:47] - 94 	 22.2 	 	 0.1000 	 1.8893 	 0.5723
[2025/09/18 11:59:47] - ==> Building model..
[2025/09/18 12:00:03] - Test Loss 	 Test Acc 	 PGD Loss 	 PGD Acc
[2025/09/18 12:00:03] - 1.2475 	 	 0.7649 	 1.4196 	 0.5738
[2025/09/18 12:00:51] - 95 	 21.6 	 	 0.1000 	 1.8887 	 0.5713
[2025/09/18 12:00:51] - ==> Building model..
[2025/09/18 12:01:07] - Test Loss 	 Test Acc 	 PGD Loss 	 PGD Acc
[2025/09/18 12:01:07] - 1.2497 	 	 0.7652 	 1.4212 	 0.5746
[2025/09/18 12:01:55] - 96 	 21.6 	 	 0.1000 	 1.8908 	 0.5704
[2025/09/18 12:01:55] - ==> Building model..
[2025/09/18 12:02:11] - Test Loss 	 Test Acc 	 PGD Loss 	 PGD Acc
[2025/09/18 12:02:11] - 1.2530 	 	 0.7652 	 1.4241 	 0.5730
[2025/09/18 12:03:00] - 97 	 21.8 	 	 0.1000 	 1.8913 	 0.5714
[2025/09/18 12:03:00] - ==> Building model..
[2025/09/18 12:03:16] - Test Loss 	 Test Acc 	 PGD Loss 	 PGD Acc
[2025/09/18 12:03:16] - 1.2535 	 	 0.7669 	 1.4243 	 0.5737
[2025/09/18 12:04:05] - 98 	 21.8 	 	 0.1000 	 1.8918 	 0.5690
[2025/09/18 12:04:05] - ==> Building model..
[2025/09/18 12:04:21] - Test Loss 	 Test Acc 	 PGD Loss 	 PGD Acc
[2025/09/18 12:04:21] - 1.2559 	 	 0.7650 	 1.4260 	 0.5743
[2025/09/18 12:05:09] - 99 	 21.5 	 	 0.1000 	 1.8934 	 0.5684
[2025/09/18 12:05:09] - ==> Building model..
[2025/09/18 12:05:25] - Test Loss 	 Test Acc 	 PGD Loss 	 PGD Acc
[2025/09/18 12:05:25] - 1.2575 	 	 0.7659 	 1.4270 	 0.5744
[2025/09/18 12:06:13] - 100 	 21.7 	 	 0.1000 	 1.8911 	 0.5721
[2025/09/18 12:06:13] - ==> Building model..
[2025/09/18 12:06:30] - Test Loss 	 Test Acc 	 PGD Loss 	 PGD Acc
[2025/09/18 12:06:30] - 1.2579 	 	 0.7660 	 1.4271 	 0.5744
[2025/09/18 12:07:18] - 101 	 21.6 	 	 0.1000 	 1.8926 	 0.5720
[2025/09/18 12:07:18] - ==> Building model..
[2025/09/18 12:07:34] - Test Loss 	 Test Acc 	 PGD Loss 	 PGD Acc
[2025/09/18 12:07:34] - 1.2594 	 	 0.7655 	 1.4280 	 0.5744
[2025/09/18 12:08:22] - 102 	 21.5 	 	 0.1000 	 1.8926 	 0.5716
[2025/09/18 12:08:22] - ==> Building model..
[2025/09/18 12:08:39] - Test Loss 	 Test Acc 	 PGD Loss 	 PGD Acc
[2025/09/18 12:08:39] - 1.2604 	 	 0.7635 	 1.4287 	 0.5743
[2025/09/18 12:09:27] - 103 	 21.6 	 	 0.1000 	 1.8928 	 0.5712
[2025/09/18 12:09:27] - ==> Building model..
[2025/09/18 12:09:43] - Test Loss 	 Test Acc 	 PGD Loss 	 PGD Acc
[2025/09/18 12:09:43] - 1.2603 	 	 0.7647 	 1.4286 	 0.5746
[2025/09/18 12:10:31] - 104 	 21.7 	 	 0.1000 	 1.8919 	 0.5724
[2025/09/18 12:10:31] - ==> Building model..
[2025/09/18 12:10:48] - Test Loss 	 Test Acc 	 PGD Loss 	 PGD Acc
[2025/09/18 12:10:48] - 1.2619 	 	 0.7642 	 1.4301 	 0.5734
[2025/09/18 12:11:35] - 105 	 21.4 	 	 0.1000 	 1.8934 	 0.5718
[2025/09/18 12:11:35] - ==> Building model..
[2025/09/18 12:11:51] - Test Loss 	 Test Acc 	 PGD Loss 	 PGD Acc
[2025/09/18 12:11:51] - 1.2609 	 	 0.7648 	 1.4297 	 0.5724
[2025/09/18 12:12:38] - 106 	 21.4 	 	 0.1000 	 1.8921 	 0.5726
[2025/09/18 12:12:38] - ==> Building model..
[2025/09/18 12:12:54] - Test Loss 	 Test Acc 	 PGD Loss 	 PGD Acc
[2025/09/18 12:12:54] - 1.2604 	 	 0.7665 	 1.4291 	 0.5724
[2025/09/18 12:13:42] - 107 	 21.6 	 	 0.1000 	 1.8917 	 0.5714
[2025/09/18 12:13:42] - ==> Building model..
[2025/09/18 12:13:59] - Test Loss 	 Test Acc 	 PGD Loss 	 PGD Acc
[2025/09/18 12:13:59] - 1.2591 	 	 0.7652 	 1.4278 	 0.5719
[2025/09/18 12:14:46] - 108 	 21.9 	 	 0.1000 	 1.8915 	 0.5728
[2025/09/18 12:14:46] - ==> Building model..
[2025/09/18 12:15:03] - Test Loss 	 Test Acc 	 PGD Loss 	 PGD Acc
[2025/09/18 12:15:03] - 1.2581 	 	 0.7646 	 1.4269 	 0.5723
[2025/09/18 12:15:48] - 109 	 20.8 	 	 0.0100 	 1.8408 	 0.6198
[2025/09/18 12:15:48] - ==> Building model..
[2025/09/18 12:16:05] - Test Loss 	 Test Acc 	 PGD Loss 	 PGD Acc
[2025/09/18 12:16:05] - 1.2443 	 	 0.7690 	 1.4167 	 0.5724
[2025/09/18 12:16:52] - 110 	 20.6 	 	 0.0100 	 1.7853 	 0.6698
[2025/09/18 12:16:52] - ==> Building model..
[2025/09/18 12:17:08] - Test Loss 	 Test Acc 	 PGD Loss 	 PGD Acc
[2025/09/18 12:17:08] - 1.2246 	 	 0.7758 	 1.4026 	 0.5746
[2025/09/18 12:17:56] - 111 	 20.1 	 	 0.0100 	 1.7698 	 0.6823
[2025/09/18 12:17:56] - ==> Building model..
[2025/09/18 12:18:12] - Test Loss 	 Test Acc 	 PGD Loss 	 PGD Acc
[2025/09/18 12:18:12] - 1.2095 	 	 0.7840 	 1.3924 	 0.5756
[2025/09/18 12:18:58] - 112 	 20.0 	 	 0.0100 	 1.7606 	 0.6908
[2025/09/18 12:18:58] - ==> Building model..
[2025/09/18 12:19:14] - Test Loss 	 Test Acc 	 PGD Loss 	 PGD Acc
[2025/09/18 12:19:14] - 1.1991 	 	 0.7878 	 1.3853 	 0.5775
[2025/09/18 12:20:00] - 113 	 19.9 	 	 0.0100 	 1.7534 	 0.6992
[2025/09/18 12:20:00] - ==> Building model..
[2025/09/18 12:20:16] - Test Loss 	 Test Acc 	 PGD Loss 	 PGD Acc
[2025/09/18 12:20:16] - 1.1924 	 	 0.7915 	 1.3808 	 0.5787
[2025/09/18 12:21:02] - 114 	 19.9 	 	 0.0010 	 1.7383 	 0.7120
[2025/09/18 12:21:02] - ==> Building model..
[2025/09/18 12:21:18] - Test Loss 	 Test Acc 	 PGD Loss 	 PGD Acc
[2025/09/18 12:21:18] - 1.1867 	 	 0.7940 	 1.3777 	 0.5798
[2025/09/18 12:22:01] - 115 	 18.4 	 	 0.0010 	 1.7252 	 0.7234
[2025/09/18 12:22:01] - ==> Building model..
[2025/09/18 12:22:17] - Test Loss 	 Test Acc 	 PGD Loss 	 PGD Acc
[2025/09/18 12:22:17] - 1.1810 	 	 0.7965 	 1.3743 	 0.5799
[2025/09/18 12:23:02] - 116 	 18.9 	 	 0.0010 	 1.7218 	 0.7226
[2025/09/18 12:23:02] - ==> Building model..
[2025/09/18 12:23:18] - Test Loss 	 Test Acc 	 PGD Loss 	 PGD Acc
[2025/09/18 12:23:18] - 1.1737 	 	 0.8001 	 1.3694 	 0.5807
[2025/09/18 12:24:03] - 117 	 19.1 	 	 0.0010 	 1.7181 	 0.7263
[2025/09/18 12:24:03] - ==> Building model..
[2025/09/18 12:24:20] - Test Loss 	 Test Acc 	 PGD Loss 	 PGD Acc
[2025/09/18 12:24:20] - 1.1662 	 	 0.8034 	 1.3643 	 0.5799
[2025/09/18 12:25:05] - 118 	 19.0 	 	 0.0010 	 1.7159 	 0.7299
[2025/09/18 12:25:05] - ==> Building model..
[2025/09/18 12:25:21] - Test Loss 	 Test Acc 	 PGD Loss 	 PGD Acc
[2025/09/18 12:25:21] - 1.1589 	 	 0.8064 	 1.3595 	 0.5790
[2025/09/18 12:26:07] - 119 	 18.9 	 	 0.0010 	 1.7140 	 0.7304
[2025/09/18 12:26:07] - ==> Building model..
[2025/09/18 12:26:23] - Test Loss 	 Test Acc 	 PGD Loss 	 PGD Acc
[2025/09/18 12:26:23] - 1.1519 	 	 0.8094 	 1.3547 	 0.5778
[2025/09/18 12:26:23] - [0.4015, 0.4614, 0.5088, 0.551, 0.5819, 0.6069, 0.6274, 0.6364, 0.646, 0.6481, 0.6562, 0.6682, 0.6812, 0.6941, 0.7056, 0.7156, 0.7226, 0.7275, 0.7324, 0.7359, 0.7376, 0.7382, 0.7399, 0.7423, 0.7447, 0.7471, 0.7489, 0.7507, 0.7523, 0.7544, 0.7562, 0.7586, 0.7596, 0.7616, 0.7649, 0.7666, 0.7665, 0.7676, 0.7682, 0.7685, 0.7692, 0.7692, 0.77, 0.7704, 0.7717, 0.7733, 0.7736, 0.7728, 0.7739, 0.7752, 0.7753, 0.775, 0.7772, 0.7766, 0.7763, 0.7783, 0.7768, 0.7766, 0.777, 0.7788, 0.7794, 0.7804, 0.781, 0.7811, 0.7823, 0.7804, 0.7808, 0.7803, 0.7791, 0.7801, 0.7777, 0.7792, 0.7792, 0.7796, 0.779, 0.7767, 0.7761, 0.7753, 0.7746, 0.7739, 0.7734, 0.7735, 0.7726, 0.771, 0.7734, 0.7715, 0.7718, 0.771, 0.7699, 0.7683, 0.7686, 0.7688, 0.7671, 0.7671, 0.7649, 0.7652, 0.7652, 0.7669, 0.765, 0.7659, 0.766, 0.7655, 0.7635, 0.7647, 0.7642, 0.7648, 0.7665, 0.7652, 0.7646, 0.769, 0.7758, 0.784, 0.7878, 0.7915, 0.794, 0.7965, 0.8001, 0.8034, 0.8064, 0.8094]
[2025/09/18 12:26:23] - [0.2804, 0.3196, 0.3395, 0.3674, 0.391, 0.4118, 0.4278, 0.4408, 0.4492, 0.4586, 0.4668, 0.4751, 0.4841, 0.4932, 0.499, 0.5037, 0.5084, 0.5124, 0.5134, 0.5169, 0.5212, 0.5233, 0.5235, 0.5278, 0.5282, 0.5314, 0.5319, 0.5342, 0.5336, 0.5359, 0.5367, 0.5363, 0.5377, 0.5397, 0.5411, 0.5432, 0.5425, 0.544, 0.5451, 0.5464, 0.5476, 0.5476, 0.5479, 0.5508, 0.5496, 0.5521, 0.5528, 0.5542, 0.5525, 0.5529, 0.5527, 0.5515, 0.5518, 0.5527, 0.5541, 0.5545, 0.5561, 0.5553, 0.5551, 0.5572, 0.5581, 0.5564, 0.5567, 0.5588, 0.5604, 0.5589, 0.5603, 0.56, 0.5607, 0.5601, 0.5622, 0.5629, 0.5637, 0.5624, 0.5632, 0.5632, 0.563, 0.5648, 0.5628, 0.5645, 0.5643, 0.5659, 0.5673, 0.5685, 0.569, 0.5691, 0.5694, 0.5694, 0.5713, 0.5728, 0.573, 0.5734, 0.5738, 0.5737, 0.5738, 0.5746, 0.573, 0.5737, 0.5743, 0.5744, 0.5744, 0.5744, 0.5743, 0.5746, 0.5734, 0.5724, 0.5724, 0.5719, 0.5723, 0.5724, 0.5746, 0.5756, 0.5775, 0.5787, 0.5798, 0.5799, 0.5807, 0.5799, 0.579, 0.5778]
