[2025/09/22 19:51:21] - Namespace(batch_size=128, data_dir='./tiny-imagenet-200', epochs=110, lr_schedule='multistep', lr_min=0.0, lr_max=0.1, weight_decay=0.0005, momentum=0.9, model='PreActResNest18', epsilon=8, alpha=8, delta_init='random', normal_mean=0, normal_std=1, out_dir='./output/Tiny_ImageNet/beta_0.2', seed=0, lamda=38, lam_scale=0.1, lam_start=50, gamma=0.025, inner_gamma=0.025, beta=0.2, mu=3.5, batch_m=0.75, early_stop=False, factor=0.3, length=6, n_holes=1, c_num=0.125, EMA_value=0.55)
[2025/09/22 19:52:17] - ==> Building model..
[2025/09/22 19:52:18] - Epoch 	 Seconds 	 LR 	 	 Train Loss 	 Train Acc
[2025/09/22 19:54:42] - 0 	 140.1 	 	 0.1000 	 5.2924 	 0.0275
[2025/09/22 19:54:42] - ==> Building model..
[2025/09/22 19:55:33] - Test Loss 	 Test Acc 	 PGD Loss 	 PGD Acc
[2025/09/22 19:55:33] - 4.9934 	 	 0.0740 	 5.0046 	 0.0402
[2025/09/22 19:57:55] - 1 	 138.4 	 	 0.1000 	 5.2306 	 0.0687
[2025/09/22 19:57:55] - ==> Building model..
[2025/09/22 19:58:47] - Test Loss 	 Test Acc 	 PGD Loss 	 PGD Acc
[2025/09/22 19:58:47] - 4.7456 	 	 0.1444 	 4.7816 	 0.0750
[2025/09/22 20:01:10] - 2 	 138.8 	 	 0.1000 	 5.1997 	 0.0983
[2025/09/22 20:01:10] - ==> Building model..
[2025/09/22 20:02:01] - Test Loss 	 Test Acc 	 PGD Loss 	 PGD Acc
[2025/09/22 20:02:01] - 4.5954 	 	 0.1847 	 4.6533 	 0.0968
[2025/09/22 20:04:24] - 3 	 138.4 	 	 0.1000 	 5.1736 	 0.1224
[2025/09/22 20:04:24] - ==> Building model..
[2025/09/22 20:05:15] - Test Loss 	 Test Acc 	 PGD Loss 	 PGD Acc
[2025/09/22 20:05:15] - 4.4976 	 	 0.2085 	 4.5725 	 0.1097
[2025/09/22 20:07:38] - 4 	 138.5 	 	 0.1000 	 5.1497 	 0.1430
[2025/09/22 20:07:38] - ==> Building model..
[2025/09/22 20:08:30] - Test Loss 	 Test Acc 	 PGD Loss 	 PGD Acc
[2025/09/22 20:08:30] - 4.4355 	 	 0.2344 	 4.5249 	 0.1203
[2025/09/22 20:10:54] - 5 	 139.2 	 	 0.1000 	 5.1296 	 0.1618
[2025/09/22 20:10:54] - ==> Building model..
[2025/09/22 20:11:47] - Test Loss 	 Test Acc 	 PGD Loss 	 PGD Acc
[2025/09/22 20:11:47] - 4.4195 	 	 0.2470 	 4.5156 	 0.1259
[2025/09/22 20:14:10] - 6 	 138.6 	 	 0.1000 	 5.1151 	 0.1769
[2025/09/22 20:14:10] - ==> Building model..
[2025/09/22 20:15:02] - Test Loss 	 Test Acc 	 PGD Loss 	 PGD Acc
[2025/09/22 20:15:02] - 4.3502 	 	 0.2631 	 4.4604 	 0.1322
[2025/09/22 20:17:26] - 7 	 139.3 	 	 0.1000 	 5.1032 	 0.1882
[2025/09/22 20:17:26] - ==> Building model..
[2025/09/22 20:18:19] - Test Loss 	 Test Acc 	 PGD Loss 	 PGD Acc
[2025/09/22 20:18:19] - 4.2067 	 	 0.2932 	 4.3453 	 0.1482
[2025/09/22 20:20:43] - 8 	 139.2 	 	 0.1000 	 5.0923 	 0.1995
[2025/09/22 20:20:43] - ==> Building model..
[2025/09/22 20:21:36] - Test Loss 	 Test Acc 	 PGD Loss 	 PGD Acc
[2025/09/22 20:21:36] - 4.0437 	 	 0.3276 	 4.2184 	 0.1658
[2025/09/22 20:24:00] - 9 	 139.2 	 	 0.1000 	 5.0833 	 0.2075
[2025/09/22 20:24:00] - ==> Building model..
[2025/09/22 20:24:52] - Test Loss 	 Test Acc 	 PGD Loss 	 PGD Acc
[2025/09/22 20:24:52] - 3.9297 	 	 0.3511 	 4.1309 	 0.1746
[2025/09/22 20:27:14] - 10 	 137.3 	 	 0.1000 	 5.0752 	 0.2167
[2025/09/22 20:27:14] - ==> Building model..
[2025/09/22 20:28:06] - Test Loss 	 Test Acc 	 PGD Loss 	 PGD Acc
[2025/09/22 20:28:06] - 3.8593 	 	 0.3640 	 4.0783 	 0.1816
[2025/09/22 20:30:27] - 11 	 137.0 	 	 0.1000 	 5.0677 	 0.2232
[2025/09/22 20:30:27] - ==> Building model..
[2025/09/22 20:31:19] - Test Loss 	 Test Acc 	 PGD Loss 	 PGD Acc
[2025/09/22 20:31:19] - 3.8091 	 	 0.3740 	 4.0413 	 0.1883
[2025/09/22 20:33:40] - 12 	 136.7 	 	 0.1000 	 5.0615 	 0.2312
[2025/09/22 20:33:40] - ==> Building model..
[2025/09/22 20:34:32] - Test Loss 	 Test Acc 	 PGD Loss 	 PGD Acc
[2025/09/22 20:34:32] - 3.7665 	 	 0.3818 	 4.0100 	 0.1929
[2025/09/22 20:36:54] - 13 	 137.0 	 	 0.1000 	 5.0552 	 0.2372
[2025/09/22 20:36:54] - ==> Building model..
[2025/09/22 20:37:46] - Test Loss 	 Test Acc 	 PGD Loss 	 PGD Acc
[2025/09/22 20:37:46] - 3.7269 	 	 0.3911 	 3.9810 	 0.1979
[2025/09/22 20:40:07] - 14 	 136.9 	 	 0.1000 	 5.0503 	 0.2417
[2025/09/22 20:40:07] - ==> Building model..
[2025/09/22 20:40:59] - Test Loss 	 Test Acc 	 PGD Loss 	 PGD Acc
[2025/09/22 20:40:59] - 3.6921 	 	 0.3981 	 3.9563 	 0.2008
[2025/09/22 20:43:20] - 15 	 136.7 	 	 0.1000 	 5.0454 	 0.2475
[2025/09/22 20:43:20] - ==> Building model..
[2025/09/22 20:44:12] - Test Loss 	 Test Acc 	 PGD Loss 	 PGD Acc
[2025/09/22 20:44:12] - 3.6651 	 	 0.4035 	 3.9376 	 0.2026
[2025/09/22 20:46:33] - 16 	 137.0 	 	 0.1000 	 5.0410 	 0.2504
[2025/09/22 20:46:33] - ==> Building model..
[2025/09/22 20:47:25] - Test Loss 	 Test Acc 	 PGD Loss 	 PGD Acc
[2025/09/22 20:47:25] - 3.6391 	 	 0.4100 	 3.9192 	 0.2034
[2025/09/22 20:49:47] - 17 	 136.9 	 	 0.1000 	 5.0366 	 0.2568
[2025/09/22 20:49:47] - ==> Building model..
[2025/09/22 20:50:39] - Test Loss 	 Test Acc 	 PGD Loss 	 PGD Acc
[2025/09/22 20:50:39] - 3.6186 	 	 0.4125 	 3.9052 	 0.2079
[2025/09/22 20:53:00] - 18 	 136.5 	 	 0.1000 	 5.0335 	 0.2603
[2025/09/22 20:53:00] - ==> Building model..
[2025/09/22 20:53:52] - Test Loss 	 Test Acc 	 PGD Loss 	 PGD Acc
[2025/09/22 20:53:52] - 3.6011 	 	 0.4143 	 3.8927 	 0.2084
[2025/09/22 20:56:14] - 19 	 137.1 	 	 0.1000 	 5.0299 	 0.2638
[2025/09/22 20:56:14] - ==> Building model..
[2025/09/22 20:57:07] - Test Loss 	 Test Acc 	 PGD Loss 	 PGD Acc
[2025/09/22 20:57:07] - 3.5838 	 	 0.4188 	 3.8808 	 0.2093
[2025/09/22 20:59:28] - 20 	 137.1 	 	 0.1000 	 5.0275 	 0.2646
[2025/09/22 20:59:28] - ==> Building model..
[2025/09/22 21:00:21] - Test Loss 	 Test Acc 	 PGD Loss 	 PGD Acc
[2025/09/22 21:00:21] - 3.5681 	 	 0.4224 	 3.8696 	 0.2115
[2025/09/22 21:02:42] - 21 	 136.7 	 	 0.1000 	 5.0249 	 0.2681
[2025/09/22 21:02:42] - ==> Building model..
[2025/09/22 21:03:34] - Test Loss 	 Test Acc 	 PGD Loss 	 PGD Acc
[2025/09/22 21:03:34] - 3.5543 	 	 0.4255 	 3.8604 	 0.2116
[2025/09/22 21:05:56] - 22 	 136.8 	 	 0.1000 	 5.0218 	 0.2703
[2025/09/22 21:05:56] - ==> Building model..
[2025/09/22 21:06:48] - Test Loss 	 Test Acc 	 PGD Loss 	 PGD Acc
[2025/09/22 21:06:48] - 3.5398 	 	 0.4284 	 3.8500 	 0.2126
[2025/09/22 21:09:10] - 23 	 137.1 	 	 0.1000 	 5.0204 	 0.2729
[2025/09/22 21:09:10] - ==> Building model..
[2025/09/22 21:10:02] - Test Loss 	 Test Acc 	 PGD Loss 	 PGD Acc
[2025/09/22 21:10:02] - 3.5253 	 	 0.4321 	 3.8406 	 0.2137
[2025/09/22 21:12:23] - 24 	 136.6 	 	 0.1000 	 5.0182 	 0.2749
[2025/09/22 21:12:23] - ==> Building model..
[2025/09/22 21:13:15] - Test Loss 	 Test Acc 	 PGD Loss 	 PGD Acc
[2025/09/22 21:13:15] - 3.5154 	 	 0.4331 	 3.8336 	 0.2149
[2025/09/22 21:15:37] - 25 	 136.7 	 	 0.1000 	 5.0164 	 0.2759
[2025/09/22 21:15:37] - ==> Building model..
[2025/09/22 21:16:29] - Test Loss 	 Test Acc 	 PGD Loss 	 PGD Acc
[2025/09/22 21:16:29] - 3.5040 	 	 0.4357 	 3.8260 	 0.2164
[2025/09/22 21:18:50] - 26 	 137.1 	 	 0.1000 	 5.0143 	 0.2779
[2025/09/22 21:18:50] - ==> Building model..
[2025/09/22 21:19:43] - Test Loss 	 Test Acc 	 PGD Loss 	 PGD Acc
[2025/09/22 21:19:43] - 3.4903 	 	 0.4395 	 3.8175 	 0.2179
[2025/09/22 21:22:04] - 27 	 137.1 	 	 0.1000 	 5.0127 	 0.2812
[2025/09/22 21:22:04] - ==> Building model..
[2025/09/22 21:22:57] - Test Loss 	 Test Acc 	 PGD Loss 	 PGD Acc
[2025/09/22 21:22:57] - 3.4811 	 	 0.4416 	 3.8121 	 0.2203
[2025/09/22 21:25:19] - 28 	 137.1 	 	 0.1000 	 5.0104 	 0.2831
[2025/09/22 21:25:19] - ==> Building model..
[2025/09/22 21:26:11] - Test Loss 	 Test Acc 	 PGD Loss 	 PGD Acc
[2025/09/22 21:26:11] - 3.4747 	 	 0.4447 	 3.8085 	 0.2211
[2025/09/22 21:28:33] - 29 	 137.1 	 	 0.1000 	 5.0094 	 0.2838
[2025/09/22 21:28:33] - ==> Building model..
[2025/09/22 21:29:25] - Test Loss 	 Test Acc 	 PGD Loss 	 PGD Acc
[2025/09/22 21:29:25] - 3.4679 	 	 0.4470 	 3.8044 	 0.2225
[2025/09/22 21:31:47] - 30 	 137.1 	 	 0.1000 	 5.0088 	 0.2858
[2025/09/22 21:31:47] - ==> Building model..
[2025/09/22 21:32:39] - Test Loss 	 Test Acc 	 PGD Loss 	 PGD Acc
[2025/09/22 21:32:39] - 3.4616 	 	 0.4469 	 3.8003 	 0.2237
[2025/09/22 21:35:01] - 31 	 136.8 	 	 0.1000 	 5.0067 	 0.2869
[2025/09/22 21:35:01] - ==> Building model..
[2025/09/22 21:35:53] - Test Loss 	 Test Acc 	 PGD Loss 	 PGD Acc
[2025/09/22 21:35:53] - 3.4566 	 	 0.4500 	 3.7970 	 0.2244
[2025/09/22 21:38:14] - 32 	 136.7 	 	 0.1000 	 5.0057 	 0.2858
[2025/09/22 21:38:14] - ==> Building model..
[2025/09/22 21:39:07] - Test Loss 	 Test Acc 	 PGD Loss 	 PGD Acc
[2025/09/22 21:39:07] - 3.4513 	 	 0.4495 	 3.7933 	 0.2243
[2025/09/22 21:41:46] - 33 	 154.1 	 	 0.1000 	 5.0041 	 0.2896
[2025/09/22 21:41:46] - ==> Building model..
[2025/09/22 21:42:45] - Test Loss 	 Test Acc 	 PGD Loss 	 PGD Acc
[2025/09/22 21:42:45] - 3.4458 	 	 0.4529 	 3.7905 	 0.2258
[2025/09/22 21:45:23] - 34 	 153.7 	 	 0.1000 	 5.0025 	 0.2905
[2025/09/22 21:45:23] - ==> Building model..
[2025/09/22 21:46:21] - Test Loss 	 Test Acc 	 PGD Loss 	 PGD Acc
[2025/09/22 21:46:21] - 3.4379 	 	 0.4544 	 3.7851 	 0.2260
[2025/09/22 21:48:56] - 35 	 150.0 	 	 0.1000 	 5.0013 	 0.2921
[2025/09/22 21:48:56] - ==> Building model..
[2025/09/22 21:49:53] - Test Loss 	 Test Acc 	 PGD Loss 	 PGD Acc
[2025/09/22 21:49:53] - 3.4319 	 	 0.4557 	 3.7809 	 0.2272
[2025/09/22 21:52:26] - 36 	 148.7 	 	 0.1000 	 5.0013 	 0.2916
[2025/09/22 21:52:26] - ==> Building model..
[2025/09/22 21:53:23] - Test Loss 	 Test Acc 	 PGD Loss 	 PGD Acc
[2025/09/22 21:53:23] - 3.4281 	 	 0.4577 	 3.7795 	 0.2281
[2025/09/22 21:55:58] - 37 	 150.1 	 	 0.1000 	 4.9991 	 0.2948
[2025/09/22 21:55:58] - ==> Building model..
[2025/09/22 21:56:52] - Test Loss 	 Test Acc 	 PGD Loss 	 PGD Acc
[2025/09/22 21:56:52] - 3.4235 	 	 0.4589 	 3.7771 	 0.2284
[2025/09/22 21:59:15] - 38 	 137.5 	 	 0.1000 	 4.9992 	 0.2944
[2025/09/22 21:59:15] - ==> Building model..
[2025/09/22 22:00:07] - Test Loss 	 Test Acc 	 PGD Loss 	 PGD Acc
[2025/09/22 22:00:07] - 3.4183 	 	 0.4584 	 3.7731 	 0.2288
[2025/09/22 22:02:29] - 39 	 136.9 	 	 0.1000 	 4.9975 	 0.2959
[2025/09/22 22:02:29] - ==> Building model..
[2025/09/22 22:03:21] - Test Loss 	 Test Acc 	 PGD Loss 	 PGD Acc
[2025/09/22 22:03:21] - 3.4147 	 	 0.4597 	 3.7709 	 0.2280
[2025/09/22 22:05:43] - 40 	 137.5 	 	 0.1000 	 4.9972 	 0.2951
[2025/09/22 22:05:43] - ==> Building model..
[2025/09/22 22:06:36] - Test Loss 	 Test Acc 	 PGD Loss 	 PGD Acc
[2025/09/22 22:06:36] - 3.4118 	 	 0.4613 	 3.7690 	 0.2295
[2025/09/22 22:08:58] - 41 	 137.2 	 	 0.1000 	 4.9953 	 0.2983
[2025/09/22 22:08:58] - ==> Building model..
[2025/09/22 22:09:50] - Test Loss 	 Test Acc 	 PGD Loss 	 PGD Acc
[2025/09/22 22:09:50] - 3.4081 	 	 0.4611 	 3.7667 	 0.2299
[2025/09/22 22:12:12] - 42 	 137.2 	 	 0.1000 	 4.9955 	 0.2989
[2025/09/22 22:12:12] - ==> Building model..
[2025/09/22 22:13:04] - Test Loss 	 Test Acc 	 PGD Loss 	 PGD Acc
[2025/09/22 22:13:04] - 3.4064 	 	 0.4620 	 3.7662 	 0.2302
[2025/09/22 22:15:27] - 43 	 137.6 	 	 0.1000 	 4.9948 	 0.3000
[2025/09/22 22:15:27] - ==> Building model..
[2025/09/22 22:16:19] - Test Loss 	 Test Acc 	 PGD Loss 	 PGD Acc
[2025/09/22 22:16:19] - 3.4060 	 	 0.4631 	 3.7670 	 0.2293
[2025/09/22 22:18:41] - 44 	 136.9 	 	 0.1000 	 4.9937 	 0.2989
[2025/09/22 22:18:41] - ==> Building model..
[2025/09/22 22:19:33] - Test Loss 	 Test Acc 	 PGD Loss 	 PGD Acc
[2025/09/22 22:19:33] - 3.4028 	 	 0.4635 	 3.7645 	 0.2285
[2025/09/22 22:21:54] - 45 	 136.7 	 	 0.1000 	 4.9931 	 0.3010
[2025/09/22 22:21:54] - ==> Building model..
[2025/09/22 22:22:46] - Test Loss 	 Test Acc 	 PGD Loss 	 PGD Acc
[2025/09/22 22:22:46] - 3.4000 	 	 0.4640 	 3.7634 	 0.2297
[2025/09/22 22:25:07] - 46 	 136.4 	 	 0.1000 	 4.9922 	 0.3026
[2025/09/22 22:25:07] - ==> Building model..
[2025/09/22 22:25:59] - Test Loss 	 Test Acc 	 PGD Loss 	 PGD Acc
[2025/09/22 22:25:59] - 3.3991 	 	 0.4650 	 3.7629 	 0.2303
[2025/09/22 22:28:20] - 47 	 136.6 	 	 0.1000 	 4.9923 	 0.3012
[2025/09/22 22:28:20] - ==> Building model..
[2025/09/22 22:29:13] - Test Loss 	 Test Acc 	 PGD Loss 	 PGD Acc
[2025/09/22 22:29:13] - 3.3984 	 	 0.4657 	 3.7633 	 0.2304
[2025/09/22 22:31:34] - 48 	 136.6 	 	 0.1000 	 4.9908 	 0.3029
[2025/09/22 22:31:34] - ==> Building model..
[2025/09/22 22:32:26] - Test Loss 	 Test Acc 	 PGD Loss 	 PGD Acc
[2025/09/22 22:32:26] - 3.3965 	 	 0.4650 	 3.7623 	 0.2317
[2025/09/22 22:34:47] - 49 	 136.7 	 	 0.1000 	 4.9907 	 0.3022
[2025/09/22 22:34:47] - ==> Building model..
[2025/09/22 22:35:40] - Test Loss 	 Test Acc 	 PGD Loss 	 PGD Acc
[2025/09/22 22:35:40] - 3.3940 	 	 0.4646 	 3.7607 	 0.2316
[2025/09/22 22:38:01] - 50 	 136.6 	 	 0.1000 	 4.9898 	 0.3044
[2025/09/22 22:38:01] - ==> Building model..
[2025/09/22 22:38:53] - Test Loss 	 Test Acc 	 PGD Loss 	 PGD Acc
[2025/09/22 22:38:53] - 3.3910 	 	 0.4653 	 3.7593 	 0.2312
[2025/09/22 22:41:14] - 51 	 136.7 	 	 0.1000 	 4.9895 	 0.3048
[2025/09/22 22:41:14] - ==> Building model..
[2025/09/22 22:42:06] - Test Loss 	 Test Acc 	 PGD Loss 	 PGD Acc
[2025/09/22 22:42:06] - 3.3888 	 	 0.4663 	 3.7577 	 0.2316
[2025/09/22 22:44:27] - 52 	 136.6 	 	 0.1000 	 4.9893 	 0.3048
[2025/09/22 22:44:27] - ==> Building model..
[2025/09/22 22:45:20] - Test Loss 	 Test Acc 	 PGD Loss 	 PGD Acc
[2025/09/22 22:45:20] - 3.3882 	 	 0.4657 	 3.7581 	 0.2322
[2025/09/22 22:47:41] - 53 	 136.5 	 	 0.1000 	 4.9890 	 0.3046
[2025/09/22 22:47:41] - ==> Building model..
[2025/09/22 22:48:33] - Test Loss 	 Test Acc 	 PGD Loss 	 PGD Acc
[2025/09/22 22:48:33] - 3.3883 	 	 0.4658 	 3.7584 	 0.2318
[2025/09/22 22:50:53] - 54 	 136.2 	 	 0.1000 	 4.9888 	 0.3071
[2025/09/22 22:50:53] - ==> Building model..
[2025/09/22 22:51:46] - Test Loss 	 Test Acc 	 PGD Loss 	 PGD Acc
[2025/09/22 22:51:46] - 3.3870 	 	 0.4660 	 3.7575 	 0.2327
[2025/09/22 22:54:07] - 55 	 136.5 	 	 0.1000 	 4.9881 	 0.3075
[2025/09/22 22:54:07] - ==> Building model..
[2025/09/22 22:54:59] - Test Loss 	 Test Acc 	 PGD Loss 	 PGD Acc
[2025/09/22 22:54:59] - 3.3861 	 	 0.4661 	 3.7580 	 0.2320
[2025/09/22 22:57:20] - 56 	 136.7 	 	 0.1000 	 4.9884 	 0.3066
[2025/09/22 22:57:20] - ==> Building model..
[2025/09/22 22:58:12] - Test Loss 	 Test Acc 	 PGD Loss 	 PGD Acc
[2025/09/22 22:58:12] - 3.3866 	 	 0.4667 	 3.7577 	 0.2322
[2025/09/22 23:00:33] - 57 	 136.4 	 	 0.1000 	 4.9882 	 0.3078
[2025/09/22 23:00:33] - ==> Building model..
[2025/09/22 23:01:25] - Test Loss 	 Test Acc 	 PGD Loss 	 PGD Acc
[2025/09/22 23:01:25] - 3.3874 	 	 0.4669 	 3.7584 	 0.2331
[2025/09/22 23:03:46] - 58 	 136.6 	 	 0.1000 	 4.9880 	 0.3090
[2025/09/22 23:03:46] - ==> Building model..
[2025/09/22 23:04:38] - Test Loss 	 Test Acc 	 PGD Loss 	 PGD Acc
[2025/09/22 23:04:38] - 3.3882 	 	 0.4660 	 3.7590 	 0.2320
[2025/09/22 23:07:01] - 59 	 137.8 	 	 0.1000 	 4.9882 	 0.3087
[2025/09/22 23:07:01] - ==> Building model..
[2025/09/22 23:07:54] - Test Loss 	 Test Acc 	 PGD Loss 	 PGD Acc
[2025/09/22 23:07:54] - 3.3878 	 	 0.4669 	 3.7593 	 0.2334
[2025/09/22 23:10:16] - 60 	 137.3 	 	 0.1000 	 4.9879 	 0.3094
[2025/09/22 23:10:16] - ==> Building model..
[2025/09/22 23:11:08] - Test Loss 	 Test Acc 	 PGD Loss 	 PGD Acc
[2025/09/22 23:11:08] - 3.3884 	 	 0.4676 	 3.7602 	 0.2347
[2025/09/22 23:13:31] - 61 	 137.7 	 	 0.1000 	 4.9882 	 0.3105
[2025/09/22 23:13:31] - ==> Building model..
[2025/09/22 23:14:24] - Test Loss 	 Test Acc 	 PGD Loss 	 PGD Acc
[2025/09/22 23:14:24] - 3.3898 	 	 0.4696 	 3.7605 	 0.2331
[2025/09/22 23:16:46] - 62 	 136.9 	 	 0.1000 	 4.9883 	 0.3075
[2025/09/22 23:16:46] - ==> Building model..
[2025/09/22 23:17:39] - Test Loss 	 Test Acc 	 PGD Loss 	 PGD Acc
[2025/09/22 23:17:39] - 3.3914 	 	 0.4694 	 3.7626 	 0.2327
[2025/09/22 23:20:01] - 63 	 136.7 	 	 0.1000 	 4.9882 	 0.3090
[2025/09/22 23:20:01] - ==> Building model..
[2025/09/22 23:20:54] - Test Loss 	 Test Acc 	 PGD Loss 	 PGD Acc
[2025/09/22 23:20:54] - 3.3925 	 	 0.4696 	 3.7631 	 0.2326
[2025/09/22 23:23:15] - 64 	 136.8 	 	 0.1000 	 4.9876 	 0.3095
[2025/09/22 23:23:15] - ==> Building model..
[2025/09/22 23:24:08] - Test Loss 	 Test Acc 	 PGD Loss 	 PGD Acc
[2025/09/22 23:24:08] - 3.3939 	 	 0.4684 	 3.7644 	 0.2337
[2025/09/22 23:26:30] - 65 	 136.8 	 	 0.1000 	 4.9877 	 0.3088
[2025/09/22 23:26:30] - ==> Building model..
[2025/09/22 23:27:23] - Test Loss 	 Test Acc 	 PGD Loss 	 PGD Acc
[2025/09/22 23:27:23] - 3.3941 	 	 0.4683 	 3.7646 	 0.2349
[2025/09/22 23:29:45] - 66 	 136.5 	 	 0.1000 	 4.9871 	 0.3111
[2025/09/22 23:29:45] - ==> Building model..
[2025/09/22 23:30:38] - Test Loss 	 Test Acc 	 PGD Loss 	 PGD Acc
[2025/09/22 23:30:38] - 3.3940 	 	 0.4688 	 3.7649 	 0.2348
[2025/09/22 23:33:00] - 67 	 137.1 	 	 0.1000 	 4.9873 	 0.3108
[2025/09/22 23:33:00] - ==> Building model..
[2025/09/22 23:33:53] - Test Loss 	 Test Acc 	 PGD Loss 	 PGD Acc
[2025/09/22 23:33:53] - 3.3935 	 	 0.4690 	 3.7644 	 0.2350
[2025/09/22 23:36:15] - 68 	 136.8 	 	 0.1000 	 4.9866 	 0.3109
[2025/09/22 23:36:15] - ==> Building model..
[2025/09/22 23:37:08] - Test Loss 	 Test Acc 	 PGD Loss 	 PGD Acc
[2025/09/22 23:37:08] - 3.3935 	 	 0.4679 	 3.7649 	 0.2351
[2025/09/22 23:39:30] - 69 	 136.7 	 	 0.1000 	 4.9871 	 0.3105
[2025/09/22 23:39:30] - ==> Building model..
[2025/09/22 23:40:23] - Test Loss 	 Test Acc 	 PGD Loss 	 PGD Acc
[2025/09/22 23:40:23] - 3.3936 	 	 0.4680 	 3.7652 	 0.2362
[2025/09/22 23:42:44] - 70 	 136.2 	 	 0.1000 	 4.9864 	 0.3125
[2025/09/22 23:42:44] - ==> Building model..
[2025/09/22 23:43:37] - Test Loss 	 Test Acc 	 PGD Loss 	 PGD Acc
[2025/09/22 23:43:37] - 3.3936 	 	 0.4683 	 3.7654 	 0.2363
[2025/09/22 23:45:59] - 71 	 136.6 	 	 0.1000 	 4.9862 	 0.3106
[2025/09/22 23:45:59] - ==> Building model..
[2025/09/22 23:46:52] - Test Loss 	 Test Acc 	 PGD Loss 	 PGD Acc
[2025/09/22 23:46:52] - 3.3937 	 	 0.4676 	 3.7650 	 0.2370
[2025/09/22 23:49:13] - 72 	 136.8 	 	 0.1000 	 4.9856 	 0.3105
[2025/09/22 23:49:13] - ==> Building model..
[2025/09/22 23:50:06] - Test Loss 	 Test Acc 	 PGD Loss 	 PGD Acc
[2025/09/22 23:50:06] - 3.3937 	 	 0.4677 	 3.7656 	 0.2378
[2025/09/22 23:52:28] - 73 	 136.5 	 	 0.1000 	 4.9852 	 0.3128
[2025/09/22 23:52:28] - ==> Building model..
[2025/09/22 23:53:21] - Test Loss 	 Test Acc 	 PGD Loss 	 PGD Acc
[2025/09/22 23:53:21] - 3.3930 	 	 0.4679 	 3.7645 	 0.2372
[2025/09/22 23:55:43] - 74 	 136.9 	 	 0.1000 	 4.9850 	 0.3135
[2025/09/22 23:55:43] - ==> Building model..
[2025/09/22 23:56:36] - Test Loss 	 Test Acc 	 PGD Loss 	 PGD Acc
[2025/09/22 23:56:36] - 3.3924 	 	 0.4686 	 3.7652 	 0.2376
[2025/09/22 23:58:57] - 75 	 136.6 	 	 0.1000 	 4.9847 	 0.3116
[2025/09/22 23:58:57] - ==> Building model..
[2025/09/22 23:59:50] - Test Loss 	 Test Acc 	 PGD Loss 	 PGD Acc
[2025/09/22 23:59:50] - 3.3913 	 	 0.4684 	 3.7643 	 0.2377
[2025/09/23 00:02:12] - 76 	 137.1 	 	 0.1000 	 4.9840 	 0.3120
[2025/09/23 00:02:12] - ==> Building model..
[2025/09/23 00:03:05] - Test Loss 	 Test Acc 	 PGD Loss 	 PGD Acc
[2025/09/23 00:03:05] - 3.3904 	 	 0.4697 	 3.7641 	 0.2383
[2025/09/23 00:05:27] - 77 	 136.6 	 	 0.1000 	 4.9840 	 0.3136
[2025/09/23 00:05:27] - ==> Building model..
[2025/09/23 00:06:20] - Test Loss 	 Test Acc 	 PGD Loss 	 PGD Acc
[2025/09/23 00:06:20] - 3.3893 	 	 0.4693 	 3.7628 	 0.2379
[2025/09/23 00:08:41] - 78 	 136.3 	 	 0.1000 	 4.9845 	 0.3124
[2025/09/23 00:08:41] - ==> Building model..
[2025/09/23 00:09:34] - Test Loss 	 Test Acc 	 PGD Loss 	 PGD Acc
[2025/09/23 00:09:34] - 3.3871 	 	 0.4688 	 3.7609 	 0.2387
[2025/09/23 00:11:56] - 79 	 137.0 	 	 0.1000 	 4.9840 	 0.3134
[2025/09/23 00:11:56] - ==> Building model..
[2025/09/23 00:12:49] - Test Loss 	 Test Acc 	 PGD Loss 	 PGD Acc
[2025/09/23 00:12:49] - 3.3855 	 	 0.4686 	 3.7602 	 0.2392
[2025/09/23 00:15:11] - 80 	 136.5 	 	 0.1000 	 4.9840 	 0.3128
[2025/09/23 00:15:11] - ==> Building model..
[2025/09/23 00:16:04] - Test Loss 	 Test Acc 	 PGD Loss 	 PGD Acc
[2025/09/23 00:16:04] - 3.3844 	 	 0.4702 	 3.7597 	 0.2397
[2025/09/23 00:18:26] - 81 	 136.8 	 	 0.1000 	 4.9832 	 0.3142
[2025/09/23 00:18:26] - ==> Building model..
[2025/09/23 00:19:19] - Test Loss 	 Test Acc 	 PGD Loss 	 PGD Acc
[2025/09/23 00:19:19] - 3.3834 	 	 0.4708 	 3.7588 	 0.2399
[2025/09/23 00:21:41] - 82 	 136.9 	 	 0.1000 	 4.9826 	 0.3153
[2025/09/23 00:21:41] - ==> Building model..
[2025/09/23 00:22:34] - Test Loss 	 Test Acc 	 PGD Loss 	 PGD Acc
[2025/09/23 00:22:34] - 3.3823 	 	 0.4708 	 3.7582 	 0.2396
[2025/09/23 00:24:56] - 83 	 137.0 	 	 0.1000 	 4.9836 	 0.3128
[2025/09/23 00:24:56] - ==> Building model..
[2025/09/23 00:25:49] - Test Loss 	 Test Acc 	 PGD Loss 	 PGD Acc
[2025/09/23 00:25:49] - 3.3809 	 	 0.4707 	 3.7573 	 0.2388
[2025/09/23 00:28:12] - 84 	 137.1 	 	 0.1000 	 4.9833 	 0.3137
[2025/09/23 00:28:12] - ==> Building model..
[2025/09/23 00:29:05] - Test Loss 	 Test Acc 	 PGD Loss 	 PGD Acc
[2025/09/23 00:29:05] - 3.3791 	 	 0.4710 	 3.7564 	 0.2383
[2025/09/23 00:31:27] - 85 	 137.1 	 	 0.1000 	 4.9833 	 0.3145
[2025/09/23 00:31:27] - ==> Building model..
[2025/09/23 00:32:20] - Test Loss 	 Test Acc 	 PGD Loss 	 PGD Acc
[2025/09/23 00:32:20] - 3.3777 	 	 0.4718 	 3.7556 	 0.2395
[2025/09/23 00:34:42] - 86 	 136.7 	 	 0.1000 	 4.9829 	 0.3150
[2025/09/23 00:34:42] - ==> Building model..
[2025/09/23 00:35:35] - Test Loss 	 Test Acc 	 PGD Loss 	 PGD Acc
[2025/09/23 00:35:35] - 3.3763 	 	 0.4722 	 3.7544 	 0.2400
[2025/09/23 00:37:57] - 87 	 137.0 	 	 0.1000 	 4.9824 	 0.3149
[2025/09/23 00:37:57] - ==> Building model..
[2025/09/23 00:38:50] - Test Loss 	 Test Acc 	 PGD Loss 	 PGD Acc
[2025/09/23 00:38:50] - 3.3751 	 	 0.4732 	 3.7536 	 0.2409
[2025/09/23 00:41:12] - 88 	 137.0 	 	 0.1000 	 4.9826 	 0.3145
[2025/09/23 00:41:12] - ==> Building model..
[2025/09/23 00:42:05] - Test Loss 	 Test Acc 	 PGD Loss 	 PGD Acc
[2025/09/23 00:42:05] - 3.3737 	 	 0.4730 	 3.7529 	 0.2401
[2025/09/23 00:44:27] - 89 	 136.2 	 	 0.1000 	 4.9823 	 0.3163
[2025/09/23 00:44:27] - ==> Building model..
[2025/09/23 00:45:20] - Test Loss 	 Test Acc 	 PGD Loss 	 PGD Acc
[2025/09/23 00:45:20] - 3.3725 	 	 0.4725 	 3.7525 	 0.2405
[2025/09/23 00:47:42] - 90 	 137.2 	 	 0.1000 	 4.9813 	 0.3179
[2025/09/23 00:47:42] - ==> Building model..
[2025/09/23 00:48:36] - Test Loss 	 Test Acc 	 PGD Loss 	 PGD Acc
[2025/09/23 00:48:36] - 3.3703 	 	 0.4732 	 3.7509 	 0.2405
[2025/09/23 00:50:58] - 91 	 137.1 	 	 0.1000 	 4.9816 	 0.3163
[2025/09/23 00:50:58] - ==> Building model..
[2025/09/23 00:51:51] - Test Loss 	 Test Acc 	 PGD Loss 	 PGD Acc
[2025/09/23 00:51:51] - 3.3690 	 	 0.4715 	 3.7501 	 0.2417
[2025/09/23 00:54:13] - 92 	 137.0 	 	 0.1000 	 4.9825 	 0.3156
[2025/09/23 00:54:13] - ==> Building model..
[2025/09/23 00:55:06] - Test Loss 	 Test Acc 	 PGD Loss 	 PGD Acc
[2025/09/23 00:55:06] - 3.3681 	 	 0.4717 	 3.7491 	 0.2404
[2025/09/23 00:57:28] - 93 	 136.6 	 	 0.1000 	 4.9815 	 0.3162
[2025/09/23 00:57:28] - ==> Building model..
[2025/09/23 00:58:21] - Test Loss 	 Test Acc 	 PGD Loss 	 PGD Acc
[2025/09/23 00:58:21] - 3.3659 	 	 0.4720 	 3.7479 	 0.2402
[2025/09/23 01:00:43] - 94 	 137.0 	 	 0.1000 	 4.9827 	 0.3152
[2025/09/23 01:00:43] - ==> Building model..
[2025/09/23 01:01:36] - Test Loss 	 Test Acc 	 PGD Loss 	 PGD Acc
[2025/09/23 01:01:36] - 3.3639 	 	 0.4724 	 3.7467 	 0.2396
[2025/09/23 01:03:58] - 95 	 137.1 	 	 0.1000 	 4.9823 	 0.3167
[2025/09/23 01:03:58] - ==> Building model..
[2025/09/23 01:04:51] - Test Loss 	 Test Acc 	 PGD Loss 	 PGD Acc
[2025/09/23 01:04:51] - 3.3610 	 	 0.4736 	 3.7447 	 0.2399
[2025/09/23 01:07:13] - 96 	 137.1 	 	 0.1000 	 4.9820 	 0.3159
[2025/09/23 01:07:13] - ==> Building model..
[2025/09/23 01:08:06] - Test Loss 	 Test Acc 	 PGD Loss 	 PGD Acc
[2025/09/23 01:08:06] - 3.3590 	 	 0.4743 	 3.7438 	 0.2406
[2025/09/23 01:10:27] - 97 	 136.8 	 	 0.1000 	 4.9822 	 0.3169
[2025/09/23 01:10:27] - ==> Building model..
[2025/09/23 01:11:20] - Test Loss 	 Test Acc 	 PGD Loss 	 PGD Acc
[2025/09/23 01:11:20] - 3.3564 	 	 0.4752 	 3.7421 	 0.2400
[2025/09/23 01:13:42] - 98 	 136.5 	 	 0.1000 	 4.9818 	 0.3165
[2025/09/23 01:13:42] - ==> Building model..
[2025/09/23 01:14:34] - Test Loss 	 Test Acc 	 PGD Loss 	 PGD Acc
[2025/09/23 01:14:34] - 3.3548 	 	 0.4751 	 3.7408 	 0.2411
[2025/09/23 01:16:56] - 99 	 136.2 	 	 0.0100 	 4.8839 	 0.4410
[2025/09/23 01:16:56] - ==> Building model..
[2025/09/23 01:17:49] - Test Loss 	 Test Acc 	 PGD Loss 	 PGD Acc
[2025/09/23 01:17:49] - 3.3546 	 	 0.4751 	 3.7408 	 0.2405
[2025/09/23 01:20:09] - 100 	 135.8 	 	 0.0100 	 4.8175 	 0.5320
[2025/09/23 01:20:09] - ==> Building model..
[2025/09/23 01:21:02] - Test Loss 	 Test Acc 	 PGD Loss 	 PGD Acc
[2025/09/23 01:21:02] - 3.3546 	 	 0.4751 	 3.7410 	 0.2403
[2025/09/23 01:23:23] - 101 	 135.8 	 	 0.0100 	 4.7921 	 0.5719
[2025/09/23 01:23:23] - ==> Building model..
[2025/09/23 01:24:16] - Test Loss 	 Test Acc 	 PGD Loss 	 PGD Acc
[2025/09/23 01:24:16] - 3.3546 	 	 0.4751 	 3.7405 	 0.2405
[2025/09/23 01:26:36] - 102 	 135.9 	 	 0.0100 	 4.7709 	 0.6075
[2025/09/23 01:26:36] - ==> Building model..
[2025/09/23 01:27:29] - Test Loss 	 Test Acc 	 PGD Loss 	 PGD Acc
[2025/09/23 01:27:29] - 3.3546 	 	 0.4751 	 3.7408 	 0.2402
[2025/09/23 01:29:50] - 103 	 135.8 	 	 0.0100 	 4.7532 	 0.6372
[2025/09/23 01:29:50] - ==> Building model..
[2025/09/23 01:30:43] - Test Loss 	 Test Acc 	 PGD Loss 	 PGD Acc
[2025/09/23 01:30:43] - 3.3546 	 	 0.4751 	 3.7406 	 0.2405
[2025/09/23 01:33:03] - 104 	 135.6 	 	 0.0010 	 4.7069 	 0.7141
[2025/09/23 01:33:03] - ==> Building model..
[2025/09/23 01:33:56] - Test Loss 	 Test Acc 	 PGD Loss 	 PGD Acc
[2025/09/23 01:33:56] - 3.3546 	 	 0.4751 	 3.7403 	 0.2402
[2025/09/23 01:36:17] - 105 	 136.1 	 	 0.0010 	 4.6860 	 0.7484
[2025/09/23 01:36:17] - ==> Building model..
[2025/09/23 01:37:10] - Test Loss 	 Test Acc 	 PGD Loss 	 PGD Acc
[2025/09/23 01:37:10] - 3.3546 	 	 0.4751 	 3.7410 	 0.2405
[2025/09/23 01:39:31] - 106 	 136.1 	 	 0.0010 	 4.6799 	 0.7584
[2025/09/23 01:39:31] - ==> Building model..
[2025/09/23 01:40:24] - Test Loss 	 Test Acc 	 PGD Loss 	 PGD Acc
[2025/09/23 01:40:24] - 3.3546 	 	 0.4751 	 3.7406 	 0.2403
[2025/09/23 01:42:44] - 107 	 135.8 	 	 0.0010 	 4.6750 	 0.7674
[2025/09/23 01:42:44] - ==> Building model..
[2025/09/23 01:43:37] - Test Loss 	 Test Acc 	 PGD Loss 	 PGD Acc
[2025/09/23 01:43:37] - 3.3546 	 	 0.4751 	 3.7407 	 0.2404
[2025/09/23 01:45:59] - 108 	 136.3 	 	 0.0010 	 4.6706 	 0.7738
[2025/09/23 01:45:59] - ==> Building model..
[2025/09/23 01:46:52] - Test Loss 	 Test Acc 	 PGD Loss 	 PGD Acc
[2025/09/23 01:46:52] - 3.3546 	 	 0.4751 	 3.7406 	 0.2407
[2025/09/23 01:49:13] - 109 	 136.1 	 	 0.0010 	 4.6660 	 0.7823
[2025/09/23 01:49:13] - ==> Building model..
[2025/09/23 01:50:06] - Test Loss 	 Test Acc 	 PGD Loss 	 PGD Acc
[2025/09/23 01:50:06] - 3.3546 	 	 0.4751 	 3.7407 	 0.2407
[2025/09/23 01:50:06] - [0.074, 0.1444, 0.1847, 0.2085, 0.2344, 0.247, 0.2631, 0.2932, 0.3276, 0.3511, 0.364, 0.374, 0.3818, 0.3911, 0.3981, 0.4035, 0.41, 0.4125, 0.4143, 0.4188, 0.4224, 0.4255, 0.4284, 0.4321, 0.4331, 0.4357, 0.4395, 0.4416, 0.4447, 0.447, 0.4469, 0.45, 0.4495, 0.4529, 0.4544, 0.4557, 0.4577, 0.4589, 0.4584, 0.4597, 0.4613, 0.4611, 0.462, 0.4631, 0.4635, 0.464, 0.465, 0.4657, 0.465, 0.4646, 0.4653, 0.4663, 0.4657, 0.4658, 0.466, 0.4661, 0.4667, 0.4669, 0.466, 0.4669, 0.4676, 0.4696, 0.4694, 0.4696, 0.4684, 0.4683, 0.4688, 0.469, 0.4679, 0.468, 0.4683, 0.4676, 0.4677, 0.4679, 0.4686, 0.4684, 0.4697, 0.4693, 0.4688, 0.4686, 0.4702, 0.4708, 0.4708, 0.4707, 0.471, 0.4718, 0.4722, 0.4732, 0.473, 0.4725, 0.4732, 0.4715, 0.4717, 0.472, 0.4724, 0.4736, 0.4743, 0.4752, 0.4751, 0.4751, 0.4751, 0.4751, 0.4751, 0.4751, 0.4751, 0.4751, 0.4751, 0.4751, 0.4751, 0.4751]
[2025/09/23 01:50:06] - [0.0402, 0.075, 0.0968, 0.1097, 0.1203, 0.1259, 0.1322, 0.1482, 0.1658, 0.1746, 0.1816, 0.1883, 0.1929, 0.1979, 0.2008, 0.2026, 0.2034, 0.2079, 0.2084, 0.2093, 0.2115, 0.2116, 0.2126, 0.2137, 0.2149, 0.2164, 0.2179, 0.2203, 0.2211, 0.2225, 0.2237, 0.2244, 0.2243, 0.2258, 0.226, 0.2272, 0.2281, 0.2284, 0.2288, 0.228, 0.2295, 0.2299, 0.2302, 0.2293, 0.2285, 0.2297, 0.2303, 0.2304, 0.2317, 0.2316, 0.2312, 0.2316, 0.2322, 0.2318, 0.2327, 0.232, 0.2322, 0.2331, 0.232, 0.2334, 0.2347, 0.2331, 0.2327, 0.2326, 0.2337, 0.2349, 0.2348, 0.235, 0.2351, 0.2362, 0.2363, 0.237, 0.2378, 0.2372, 0.2376, 0.2377, 0.2383, 0.2379, 0.2387, 0.2392, 0.2397, 0.2399, 0.2396, 0.2388, 0.2383, 0.2395, 0.24, 0.2409, 0.2401, 0.2405, 0.2405, 0.2417, 0.2404, 0.2402, 0.2396, 0.2399, 0.2406, 0.24, 0.2411, 0.2405, 0.2403, 0.2405, 0.2402, 0.2405, 0.2402, 0.2405, 0.2403, 0.2404, 0.2407, 0.2407]
