[2025/10/18 18:45:20] - Namespace(batch_size=128, data_dir='cifar-data', epochs=110, lr_schedule='multistep', lr_min=0.0, lr_max=0.2, weight_decay=0.0005, momentum=0.9, model='ResNet18', epsilon=8, alpha=8, delta_init='random', normal_mean=0, normal_std=1, out_dir='runs/beta_0.4/lam_42/lscale_0.11/seed_0', seed=0, lamda=42.0, lam_scale=0.11, lam_start=50, gamma=0.05, inner_gamma=0.05, beta=0.4, mu=3.5, batch_m=0.75, early_stop=False, factor=0.5, length=4, n_holes=1, c_num=0.125, EMA_value=0.55)
[2025/10/18 18:45:21] - ==> Building model..
[2025/10/18 18:45:21] - Epoch 	 Seconds 	 LR 	 	 Train Loss 	 Train Acc
[2025/10/18 18:46:11] - 0 	 26.1 	 	 0.2000 	 4.5863 	 0.0359
[2025/10/18 18:46:11] - ==> Building model..
[2025/10/18 18:46:37] - Test Loss 	 Test Acc 	 PGD Loss 	 PGD Acc
[2025/10/18 18:46:37] - 4.3076 	 	 0.0768 	 4.3175 	 0.0530
[2025/10/18 18:47:25] - 1 	 25.2 	 	 0.2000 	 4.4597 	 0.0785
[2025/10/18 18:47:25] - ==> Building model..
[2025/10/18 18:47:50] - Test Loss 	 Test Acc 	 PGD Loss 	 PGD Acc
[2025/10/18 18:47:50] - 4.0050 	 	 0.1468 	 4.0354 	 0.0984
[2025/10/18 18:48:41] - 2 	 27.3 	 	 0.2000 	 4.4016 	 0.1083
[2025/10/18 18:48:41] - ==> Building model..
[2025/10/18 18:49:07] - Test Loss 	 Test Acc 	 PGD Loss 	 PGD Acc
[2025/10/18 18:49:07] - 3.8843 	 	 0.1910 	 3.9319 	 0.1194
[2025/10/18 18:49:57] - 3 	 27.2 	 	 0.2000 	 4.3511 	 0.1319
[2025/10/18 18:49:57] - ==> Building model..
[2025/10/18 18:50:22] - Test Loss 	 Test Acc 	 PGD Loss 	 PGD Acc
[2025/10/18 18:50:22] - 3.7213 	 	 0.2419 	 3.7940 	 0.1422
[2025/10/18 18:51:09] - 4 	 26.0 	 	 0.2000 	 4.3035 	 0.1554
[2025/10/18 18:51:09] - ==> Building model..
[2025/10/18 18:51:34] - Test Loss 	 Test Acc 	 PGD Loss 	 PGD Acc
[2025/10/18 18:51:34] - 3.5524 	 	 0.2838 	 3.6528 	 0.1686
[2025/10/18 18:52:23] - 5 	 26.2 	 	 0.2000 	 4.2651 	 0.1754
[2025/10/18 18:52:23] - ==> Building model..
[2025/10/18 18:52:48] - Test Loss 	 Test Acc 	 PGD Loss 	 PGD Acc
[2025/10/18 18:52:48] - 3.3497 	 	 0.3217 	 3.4792 	 0.1839
[2025/10/18 18:53:37] - 6 	 26.6 	 	 0.2000 	 4.2350 	 0.1933
[2025/10/18 18:53:37] - ==> Building model..
[2025/10/18 18:54:01] - Test Loss 	 Test Acc 	 PGD Loss 	 PGD Acc
[2025/10/18 18:54:01] - 3.1629 	 	 0.3611 	 3.3229 	 0.1984
[2025/10/18 18:54:51] - 7 	 27.5 	 	 0.2000 	 4.2159 	 0.2035
[2025/10/18 18:54:51] - ==> Building model..
[2025/10/18 18:55:15] - Test Loss 	 Test Acc 	 PGD Loss 	 PGD Acc
[2025/10/18 18:55:15] - 3.0468 	 	 0.3872 	 3.2291 	 0.2097
[2025/10/18 18:56:05] - 8 	 26.8 	 	 0.2000 	 4.1984 	 0.2120
[2025/10/18 18:56:05] - ==> Building model..
[2025/10/18 18:56:30] - Test Loss 	 Test Acc 	 PGD Loss 	 PGD Acc
[2025/10/18 18:56:30] - 2.9562 	 	 0.4085 	 3.1600 	 0.2216
[2025/10/18 18:57:21] - 9 	 27.8 	 	 0.2000 	 4.1836 	 0.2217
[2025/10/18 18:57:21] - ==> Building model..
[2025/10/18 18:57:46] - Test Loss 	 Test Acc 	 PGD Loss 	 PGD Acc
[2025/10/18 18:57:46] - 2.8974 	 	 0.4198 	 3.1138 	 0.2295
[2025/10/18 18:58:35] - 10 	 26.9 	 	 0.2000 	 4.1725 	 0.2279
[2025/10/18 18:58:35] - ==> Building model..
[2025/10/18 18:59:00] - Test Loss 	 Test Acc 	 PGD Loss 	 PGD Acc
[2025/10/18 18:59:00] - 2.8456 	 	 0.4323 	 3.0732 	 0.2340
[2025/10/18 18:59:51] - 11 	 27.4 	 	 0.2000 	 4.1645 	 0.2315
[2025/10/18 18:59:51] - ==> Building model..
[2025/10/18 19:00:15] - Test Loss 	 Test Acc 	 PGD Loss 	 PGD Acc
[2025/10/18 19:00:15] - 2.8025 	 	 0.4393 	 3.0400 	 0.2389
[2025/10/18 19:01:05] - 12 	 27.5 	 	 0.2000 	 4.1557 	 0.2373
[2025/10/18 19:01:05] - ==> Building model..
[2025/10/18 19:01:28] - Test Loss 	 Test Acc 	 PGD Loss 	 PGD Acc
[2025/10/18 19:01:28] - 2.7673 	 	 0.4499 	 3.0130 	 0.2418
[2025/10/18 19:02:21] - 13 	 28.3 	 	 0.2000 	 4.1524 	 0.2370
[2025/10/18 19:02:21] - ==> Building model..
[2025/10/18 19:02:46] - Test Loss 	 Test Acc 	 PGD Loss 	 PGD Acc
[2025/10/18 19:02:46] - 2.7394 	 	 0.4582 	 2.9935 	 0.2458
[2025/10/18 19:03:37] - 14 	 28.0 	 	 0.2000 	 4.1467 	 0.2418
[2025/10/18 19:03:37] - ==> Building model..
[2025/10/18 19:04:01] - Test Loss 	 Test Acc 	 PGD Loss 	 PGD Acc
[2025/10/18 19:04:01] - 2.7187 	 	 0.4601 	 2.9776 	 0.2504
[2025/10/18 19:04:51] - 15 	 27.3 	 	 0.2000 	 4.1395 	 0.2474
[2025/10/18 19:04:51] - ==> Building model..
[2025/10/18 19:05:16] - Test Loss 	 Test Acc 	 PGD Loss 	 PGD Acc
[2025/10/18 19:05:16] - 2.7028 	 	 0.4659 	 2.9649 	 0.2519
[2025/10/18 19:06:08] - 16 	 28.3 	 	 0.2000 	 4.1354 	 0.2487
[2025/10/18 19:06:08] - ==> Building model..
[2025/10/18 19:06:32] - Test Loss 	 Test Acc 	 PGD Loss 	 PGD Acc
[2025/10/18 19:06:32] - 2.6875 	 	 0.4722 	 2.9535 	 0.2539
[2025/10/18 19:07:23] - 17 	 27.6 	 	 0.2000 	 4.1340 	 0.2484
[2025/10/18 19:07:23] - ==> Building model..
[2025/10/18 19:07:48] - Test Loss 	 Test Acc 	 PGD Loss 	 PGD Acc
[2025/10/18 19:07:48] - 2.6759 	 	 0.4753 	 2.9447 	 0.2550
[2025/10/18 19:08:39] - 18 	 28.1 	 	 0.2000 	 4.1276 	 0.2536
[2025/10/18 19:08:39] - ==> Building model..
[2025/10/18 19:09:05] - Test Loss 	 Test Acc 	 PGD Loss 	 PGD Acc
[2025/10/18 19:09:05] - 2.6636 	 	 0.4753 	 2.9366 	 0.2608
[2025/10/18 19:09:56] - 19 	 27.9 	 	 0.2000 	 4.1245 	 0.2550
[2025/10/18 19:09:56] - ==> Building model..
[2025/10/18 19:10:21] - Test Loss 	 Test Acc 	 PGD Loss 	 PGD Acc
[2025/10/18 19:10:21] - 2.6491 	 	 0.4799 	 2.9248 	 0.2596
[2025/10/18 19:11:12] - 20 	 27.6 	 	 0.2000 	 4.1236 	 0.2568
[2025/10/18 19:11:12] - ==> Building model..
[2025/10/18 19:11:36] - Test Loss 	 Test Acc 	 PGD Loss 	 PGD Acc
[2025/10/18 19:11:36] - 2.6392 	 	 0.4844 	 2.9189 	 0.2591
[2025/10/18 19:12:28] - 21 	 28.1 	 	 0.2000 	 4.1191 	 0.2596
[2025/10/18 19:12:28] - ==> Building model..
[2025/10/18 19:12:53] - Test Loss 	 Test Acc 	 PGD Loss 	 PGD Acc
[2025/10/18 19:12:53] - 2.6321 	 	 0.4866 	 2.9141 	 0.2610
[2025/10/18 19:13:44] - 22 	 27.6 	 	 0.2000 	 4.1201 	 0.2567
[2025/10/18 19:13:44] - ==> Building model..
[2025/10/18 19:14:09] - Test Loss 	 Test Acc 	 PGD Loss 	 PGD Acc
[2025/10/18 19:14:09] - 2.6229 	 	 0.4900 	 2.9067 	 0.2629
[2025/10/18 19:15:01] - 23 	 28.2 	 	 0.2000 	 4.1188 	 0.2584
[2025/10/18 19:15:01] - ==> Building model..
[2025/10/18 19:15:25] - Test Loss 	 Test Acc 	 PGD Loss 	 PGD Acc
[2025/10/18 19:15:25] - 2.6129 	 	 0.4908 	 2.8991 	 0.2631
[2025/10/18 19:16:16] - 24 	 27.6 	 	 0.2000 	 4.1143 	 0.2608
[2025/10/18 19:16:16] - ==> Building model..
[2025/10/18 19:16:41] - Test Loss 	 Test Acc 	 PGD Loss 	 PGD Acc
[2025/10/18 19:16:41] - 2.6087 	 	 0.4928 	 2.8963 	 0.2670
[2025/10/18 19:17:29] - 25 	 26.5 	 	 0.2000 	 4.1129 	 0.2636
[2025/10/18 19:17:29] - ==> Building model..
[2025/10/18 19:17:52] - Test Loss 	 Test Acc 	 PGD Loss 	 PGD Acc
[2025/10/18 19:17:52] - 2.5987 	 	 0.4952 	 2.8888 	 0.2668
[2025/10/18 19:18:44] - 26 	 28.4 	 	 0.2000 	 4.1096 	 0.2646
[2025/10/18 19:18:44] - ==> Building model..
[2025/10/18 19:19:07] - Test Loss 	 Test Acc 	 PGD Loss 	 PGD Acc
[2025/10/18 19:19:07] - 2.5919 	 	 0.4970 	 2.8833 	 0.2692
[2025/10/18 19:19:57] - 27 	 27.3 	 	 0.2000 	 4.1091 	 0.2657
[2025/10/18 19:19:57] - ==> Building model..
[2025/10/18 19:20:22] - Test Loss 	 Test Acc 	 PGD Loss 	 PGD Acc
[2025/10/18 19:20:22] - 2.5880 	 	 0.5004 	 2.8810 	 0.2692
[2025/10/18 19:21:12] - 28 	 27.3 	 	 0.2000 	 4.1072 	 0.2664
[2025/10/18 19:21:12] - ==> Building model..
[2025/10/18 19:21:35] - Test Loss 	 Test Acc 	 PGD Loss 	 PGD Acc
[2025/10/18 19:21:35] - 2.5868 	 	 0.4984 	 2.8793 	 0.2682
[2025/10/18 19:22:27] - 29 	 28.5 	 	 0.2000 	 4.1064 	 0.2663
[2025/10/18 19:22:27] - ==> Building model..
[2025/10/18 19:22:50] - Test Loss 	 Test Acc 	 PGD Loss 	 PGD Acc
[2025/10/18 19:22:50] - 2.5831 	 	 0.5001 	 2.8771 	 0.2697
[2025/10/18 19:23:41] - 30 	 27.9 	 	 0.2000 	 4.1057 	 0.2662
[2025/10/18 19:23:41] - ==> Building model..
[2025/10/18 19:24:04] - Test Loss 	 Test Acc 	 PGD Loss 	 PGD Acc
[2025/10/18 19:24:04] - 2.5801 	 	 0.5011 	 2.8746 	 0.2708
[2025/10/18 19:24:55] - 31 	 28.8 	 	 0.2000 	 4.1051 	 0.2659
[2025/10/18 19:24:55] - ==> Building model..
[2025/10/18 19:25:19] - Test Loss 	 Test Acc 	 PGD Loss 	 PGD Acc
[2025/10/18 19:25:19] - 2.5795 	 	 0.5018 	 2.8746 	 0.2707
[2025/10/18 19:26:09] - 32 	 28.4 	 	 0.2000 	 4.1034 	 0.2667
[2025/10/18 19:26:09] - ==> Building model..
[2025/10/18 19:26:33] - Test Loss 	 Test Acc 	 PGD Loss 	 PGD Acc
[2025/10/18 19:26:33] - 2.5776 	 	 0.5045 	 2.8734 	 0.2716
[2025/10/18 19:27:24] - 33 	 28.1 	 	 0.2000 	 4.1017 	 0.2697
[2025/10/18 19:27:24] - ==> Building model..
[2025/10/18 19:27:48] - Test Loss 	 Test Acc 	 PGD Loss 	 PGD Acc
[2025/10/18 19:27:48] - 2.5748 	 	 0.5067 	 2.8714 	 0.2719
[2025/10/18 19:28:39] - 34 	 27.8 	 	 0.2000 	 4.1024 	 0.2685
[2025/10/18 19:28:39] - ==> Building model..
[2025/10/18 19:29:02] - Test Loss 	 Test Acc 	 PGD Loss 	 PGD Acc
[2025/10/18 19:29:02] - 2.5747 	 	 0.5056 	 2.8715 	 0.2722
[2025/10/18 19:29:55] - 35 	 29.5 	 	 0.2000 	 4.0978 	 0.2734
[2025/10/18 19:29:55] - ==> Building model..
[2025/10/18 19:30:19] - Test Loss 	 Test Acc 	 PGD Loss 	 PGD Acc
[2025/10/18 19:30:19] - 2.5744 	 	 0.5061 	 2.8719 	 0.2724
[2025/10/18 19:31:11] - 36 	 29.1 	 	 0.2000 	 4.0988 	 0.2715
[2025/10/18 19:31:11] - ==> Building model..
[2025/10/18 19:31:35] - Test Loss 	 Test Acc 	 PGD Loss 	 PGD Acc
[2025/10/18 19:31:35] - 2.5711 	 	 0.5076 	 2.8695 	 0.2749
[2025/10/18 19:32:26] - 37 	 28.0 	 	 0.2000 	 4.0972 	 0.2725
[2025/10/18 19:32:26] - ==> Building model..
[2025/10/18 19:32:50] - Test Loss 	 Test Acc 	 PGD Loss 	 PGD Acc
[2025/10/18 19:32:50] - 2.5685 	 	 0.5100 	 2.8673 	 0.2754
[2025/10/18 19:33:41] - 38 	 28.1 	 	 0.2000 	 4.0960 	 0.2719
[2025/10/18 19:33:41] - ==> Building model..
[2025/10/18 19:34:04] - Test Loss 	 Test Acc 	 PGD Loss 	 PGD Acc
[2025/10/18 19:34:04] - 2.5652 	 	 0.5089 	 2.8647 	 0.2761
[2025/10/18 19:34:55] - 39 	 28.4 	 	 0.2000 	 4.0961 	 0.2718
[2025/10/18 19:34:55] - ==> Building model..
[2025/10/18 19:35:19] - Test Loss 	 Test Acc 	 PGD Loss 	 PGD Acc
[2025/10/18 19:35:19] - 2.5623 	 	 0.5095 	 2.8618 	 0.2757
[2025/10/18 19:36:11] - 40 	 28.7 	 	 0.2000 	 4.0967 	 0.2738
[2025/10/18 19:36:11] - ==> Building model..
[2025/10/18 19:36:34] - Test Loss 	 Test Acc 	 PGD Loss 	 PGD Acc
[2025/10/18 19:36:34] - 2.5635 	 	 0.5108 	 2.8630 	 0.2756
[2025/10/18 19:37:24] - 41 	 27.7 	 	 0.2000 	 4.0958 	 0.2722
[2025/10/18 19:37:24] - ==> Building model..
[2025/10/18 19:37:48] - Test Loss 	 Test Acc 	 PGD Loss 	 PGD Acc
[2025/10/18 19:37:48] - 2.5612 	 	 0.5117 	 2.8612 	 0.2751
[2025/10/18 19:38:38] - 42 	 28.3 	 	 0.2000 	 4.0962 	 0.2720
[2025/10/18 19:38:38] - ==> Building model..
[2025/10/18 19:39:02] - Test Loss 	 Test Acc 	 PGD Loss 	 PGD Acc
[2025/10/18 19:39:02] - 2.5576 	 	 0.5116 	 2.8587 	 0.2773
[2025/10/18 19:39:53] - 43 	 28.9 	 	 0.2000 	 4.0950 	 0.2739
[2025/10/18 19:39:53] - ==> Building model..
[2025/10/18 19:40:17] - Test Loss 	 Test Acc 	 PGD Loss 	 PGD Acc
[2025/10/18 19:40:17] - 2.5570 	 	 0.5127 	 2.8575 	 0.2765
[2025/10/18 19:41:09] - 44 	 28.4 	 	 0.2000 	 4.0940 	 0.2735
[2025/10/18 19:41:09] - ==> Building model..
[2025/10/18 19:41:33] - Test Loss 	 Test Acc 	 PGD Loss 	 PGD Acc
[2025/10/18 19:41:33] - 2.5533 	 	 0.5147 	 2.8546 	 0.2782
[2025/10/18 19:42:25] - 45 	 28.5 	 	 0.2000 	 4.0925 	 0.2762
[2025/10/18 19:42:25] - ==> Building model..
[2025/10/18 19:42:49] - Test Loss 	 Test Acc 	 PGD Loss 	 PGD Acc
[2025/10/18 19:42:49] - 2.5521 	 	 0.5148 	 2.8537 	 0.2787
[2025/10/18 19:43:40] - 46 	 28.4 	 	 0.2000 	 4.0907 	 0.2745
[2025/10/18 19:43:40] - ==> Building model..
[2025/10/18 19:44:03] - Test Loss 	 Test Acc 	 PGD Loss 	 PGD Acc
[2025/10/18 19:44:03] - 2.5517 	 	 0.5140 	 2.8530 	 0.2777
[2025/10/18 19:44:57] - 47 	 29.5 	 	 0.2000 	 4.0930 	 0.2736
[2025/10/18 19:44:57] - ==> Building model..
[2025/10/18 19:45:20] - Test Loss 	 Test Acc 	 PGD Loss 	 PGD Acc
[2025/10/18 19:45:20] - 2.5497 	 	 0.5142 	 2.8515 	 0.2772
[2025/10/18 19:46:11] - 48 	 28.7 	 	 0.2000 	 4.0884 	 0.2769
[2025/10/18 19:46:11] - ==> Building model..
[2025/10/18 19:46:34] - Test Loss 	 Test Acc 	 PGD Loss 	 PGD Acc
[2025/10/18 19:46:34] - 2.5482 	 	 0.5156 	 2.8507 	 0.2775
[2025/10/18 19:47:26] - 49 	 27.9 	 	 0.2000 	 4.0891 	 0.2769
[2025/10/18 19:47:26] - ==> Building model..
[2025/10/18 19:47:49] - Test Loss 	 Test Acc 	 PGD Loss 	 PGD Acc
[2025/10/18 19:47:49] - 2.5480 	 	 0.5157 	 2.8500 	 0.2766
[2025/10/18 19:48:42] - 50 	 28.4 	 	 0.2000 	 4.0895 	 0.2756
[2025/10/18 19:48:42] - ==> Building model..
[2025/10/18 19:49:05] - Test Loss 	 Test Acc 	 PGD Loss 	 PGD Acc
[2025/10/18 19:49:05] - 2.5486 	 	 0.5145 	 2.8505 	 0.2787
[2025/10/18 19:49:58] - 51 	 29.0 	 	 0.2000 	 4.0897 	 0.2757
[2025/10/18 19:49:58] - ==> Building model..
[2025/10/18 19:50:22] - Test Loss 	 Test Acc 	 PGD Loss 	 PGD Acc
[2025/10/18 19:50:22] - 2.5481 	 	 0.5176 	 2.8506 	 0.2781
[2025/10/18 19:51:14] - 52 	 28.3 	 	 0.2000 	 4.0915 	 0.2739
[2025/10/18 19:51:14] - ==> Building model..
[2025/10/18 19:51:37] - Test Loss 	 Test Acc 	 PGD Loss 	 PGD Acc
[2025/10/18 19:51:37] - 2.5494 	 	 0.5180 	 2.8514 	 0.2776
[2025/10/18 19:52:29] - 53 	 28.7 	 	 0.2000 	 4.0890 	 0.2795
[2025/10/18 19:52:29] - ==> Building model..
[2025/10/18 19:52:52] - Test Loss 	 Test Acc 	 PGD Loss 	 PGD Acc
[2025/10/18 19:52:52] - 2.5493 	 	 0.5187 	 2.8505 	 0.2768
[2025/10/18 19:53:45] - 54 	 29.1 	 	 0.2000 	 4.0924 	 0.2765
[2025/10/18 19:53:45] - ==> Building model..
[2025/10/18 19:54:07] - Test Loss 	 Test Acc 	 PGD Loss 	 PGD Acc
[2025/10/18 19:54:07] - 2.5485 	 	 0.5177 	 2.8501 	 0.2780
[2025/10/18 19:55:01] - 55 	 28.6 	 	 0.2000 	 4.0911 	 0.2760
[2025/10/18 19:55:01] - ==> Building model..
[2025/10/18 19:55:24] - Test Loss 	 Test Acc 	 PGD Loss 	 PGD Acc
[2025/10/18 19:55:24] - 2.5488 	 	 0.5174 	 2.8505 	 0.2774
[2025/10/18 19:56:17] - 56 	 28.9 	 	 0.2000 	 4.0930 	 0.2746
[2025/10/18 19:56:17] - ==> Building model..
[2025/10/18 19:56:40] - Test Loss 	 Test Acc 	 PGD Loss 	 PGD Acc
[2025/10/18 19:56:40] - 2.5531 	 	 0.5170 	 2.8535 	 0.2783
[2025/10/18 19:57:30] - 57 	 27.4 	 	 0.2000 	 4.0929 	 0.2787
[2025/10/18 19:57:30] - ==> Building model..
[2025/10/18 19:57:54] - Test Loss 	 Test Acc 	 PGD Loss 	 PGD Acc
[2025/10/18 19:57:54] - 2.5571 	 	 0.5152 	 2.8560 	 0.2775
[2025/10/18 19:58:46] - 58 	 28.1 	 	 0.2000 	 4.0934 	 0.2797
[2025/10/18 19:58:46] - ==> Building model..
[2025/10/18 19:59:09] - Test Loss 	 Test Acc 	 PGD Loss 	 PGD Acc
[2025/10/18 19:59:09] - 2.5618 	 	 0.5150 	 2.8596 	 0.2777
[2025/10/18 20:00:00] - 59 	 27.6 	 	 0.2000 	 4.0952 	 0.2758
[2025/10/18 20:00:00] - ==> Building model..
[2025/10/18 20:00:23] - Test Loss 	 Test Acc 	 PGD Loss 	 PGD Acc
[2025/10/18 20:00:23] - 2.5643 	 	 0.5155 	 2.8612 	 0.2784
[2025/10/18 20:01:14] - 60 	 27.1 	 	 0.2000 	 4.0927 	 0.2796
[2025/10/18 20:01:14] - ==> Building model..
[2025/10/18 20:01:39] - Test Loss 	 Test Acc 	 PGD Loss 	 PGD Acc
[2025/10/18 20:01:39] - 2.5676 	 	 0.5158 	 2.8635 	 0.2785
[2025/10/18 20:02:30] - 61 	 27.4 	 	 0.2000 	 4.0952 	 0.2754
[2025/10/18 20:02:30] - ==> Building model..
[2025/10/18 20:02:54] - Test Loss 	 Test Acc 	 PGD Loss 	 PGD Acc
[2025/10/18 20:02:54] - 2.5725 	 	 0.5158 	 2.8670 	 0.2785
[2025/10/18 20:03:46] - 62 	 27.4 	 	 0.2000 	 4.0939 	 0.2780
[2025/10/18 20:03:46] - ==> Building model..
[2025/10/18 20:04:11] - Test Loss 	 Test Acc 	 PGD Loss 	 PGD Acc
[2025/10/18 20:04:11] - 2.5761 	 	 0.5142 	 2.8689 	 0.2782
[2025/10/18 20:05:01] - 63 	 26.9 	 	 0.2000 	 4.0956 	 0.2761
[2025/10/18 20:05:01] - ==> Building model..
[2025/10/18 20:05:27] - Test Loss 	 Test Acc 	 PGD Loss 	 PGD Acc
[2025/10/18 20:05:27] - 2.5800 	 	 0.5132 	 2.8715 	 0.2771
[2025/10/18 20:06:17] - 64 	 26.5 	 	 0.2000 	 4.0925 	 0.2820
[2025/10/18 20:06:17] - ==> Building model..
[2025/10/18 20:06:42] - Test Loss 	 Test Acc 	 PGD Loss 	 PGD Acc
[2025/10/18 20:06:42] - 2.5821 	 	 0.5133 	 2.8731 	 0.2780
[2025/10/18 20:07:33] - 65 	 26.8 	 	 0.2000 	 4.0923 	 0.2781
[2025/10/18 20:07:33] - ==> Building model..
[2025/10/18 20:07:59] - Test Loss 	 Test Acc 	 PGD Loss 	 PGD Acc
[2025/10/18 20:07:59] - 2.5856 	 	 0.5136 	 2.8759 	 0.2778
[2025/10/18 20:08:49] - 66 	 26.6 	 	 0.2000 	 4.0926 	 0.2787
[2025/10/18 20:08:49] - ==> Building model..
[2025/10/18 20:09:16] - Test Loss 	 Test Acc 	 PGD Loss 	 PGD Acc
[2025/10/18 20:09:16] - 2.5853 	 	 0.5136 	 2.8757 	 0.2782
[2025/10/18 20:10:06] - 67 	 26.1 	 	 0.2000 	 4.0935 	 0.2762
[2025/10/18 20:10:06] - ==> Building model..
[2025/10/18 20:10:32] - Test Loss 	 Test Acc 	 PGD Loss 	 PGD Acc
[2025/10/18 20:10:32] - 2.5849 	 	 0.5150 	 2.8754 	 0.2793
[2025/10/18 20:11:21] - 68 	 25.6 	 	 0.2000 	 4.0932 	 0.2791
[2025/10/18 20:11:21] - ==> Building model..
[2025/10/18 20:11:48] - Test Loss 	 Test Acc 	 PGD Loss 	 PGD Acc
[2025/10/18 20:11:48] - 2.5861 	 	 0.5145 	 2.8758 	 0.2802
[2025/10/18 20:12:37] - 69 	 26.1 	 	 0.2000 	 4.0934 	 0.2787
[2025/10/18 20:12:37] - ==> Building model..
[2025/10/18 20:13:03] - Test Loss 	 Test Acc 	 PGD Loss 	 PGD Acc
[2025/10/18 20:13:03] - 2.5877 	 	 0.5154 	 2.8773 	 0.2810
[2025/10/18 20:13:56] - 70 	 26.8 	 	 0.2000 	 4.0943 	 0.2762
[2025/10/18 20:13:56] - ==> Building model..
[2025/10/18 20:14:21] - Test Loss 	 Test Acc 	 PGD Loss 	 PGD Acc
[2025/10/18 20:14:21] - 2.5896 	 	 0.5170 	 2.8791 	 0.2816
[2025/10/18 20:15:11] - 71 	 26.5 	 	 0.2000 	 4.0921 	 0.2785
[2025/10/18 20:15:11] - ==> Building model..
[2025/10/18 20:15:37] - Test Loss 	 Test Acc 	 PGD Loss 	 PGD Acc
[2025/10/18 20:15:37] - 2.5926 	 	 0.5171 	 2.8811 	 0.2805
[2025/10/18 20:16:27] - 72 	 27.3 	 	 0.2000 	 4.0923 	 0.2763
[2025/10/18 20:16:27] - ==> Building model..
[2025/10/18 20:16:53] - Test Loss 	 Test Acc 	 PGD Loss 	 PGD Acc
[2025/10/18 20:16:53] - 2.5923 	 	 0.5166 	 2.8813 	 0.2821
[2025/10/18 20:17:44] - 73 	 26.7 	 	 0.2000 	 4.0916 	 0.2779
[2025/10/18 20:17:44] - ==> Building model..
[2025/10/18 20:18:10] - Test Loss 	 Test Acc 	 PGD Loss 	 PGD Acc
[2025/10/18 20:18:10] - 2.5932 	 	 0.5195 	 2.8823 	 0.2803
[2025/10/18 20:18:58] - 74 	 25.9 	 	 0.2000 	 4.0928 	 0.2780
[2025/10/18 20:18:58] - ==> Building model..
[2025/10/18 20:19:24] - Test Loss 	 Test Acc 	 PGD Loss 	 PGD Acc
[2025/10/18 20:19:24] - 2.5943 	 	 0.5189 	 2.8823 	 0.2807
[2025/10/18 20:20:16] - 75 	 26.3 	 	 0.2000 	 4.0923 	 0.2798
[2025/10/18 20:20:16] - ==> Building model..
[2025/10/18 20:20:42] - Test Loss 	 Test Acc 	 PGD Loss 	 PGD Acc
[2025/10/18 20:20:42] - 2.5960 	 	 0.5191 	 2.8841 	 0.2809
[2025/10/18 20:21:30] - 76 	 25.5 	 	 0.2000 	 4.0910 	 0.2804
[2025/10/18 20:21:30] - ==> Building model..
[2025/10/18 20:21:56] - Test Loss 	 Test Acc 	 PGD Loss 	 PGD Acc
[2025/10/18 20:21:56] - 2.5980 	 	 0.5189 	 2.8857 	 0.2805
[2025/10/18 20:22:48] - 77 	 26.7 	 	 0.2000 	 4.0911 	 0.2801
[2025/10/18 20:22:48] - ==> Building model..
[2025/10/18 20:23:14] - Test Loss 	 Test Acc 	 PGD Loss 	 PGD Acc
[2025/10/18 20:23:14] - 2.5983 	 	 0.5183 	 2.8863 	 0.2808
[2025/10/18 20:24:02] - 78 	 25.5 	 	 0.2000 	 4.0906 	 0.2799
[2025/10/18 20:24:02] - ==> Building model..
[2025/10/18 20:24:27] - Test Loss 	 Test Acc 	 PGD Loss 	 PGD Acc
[2025/10/18 20:24:27] - 2.5993 	 	 0.5185 	 2.8868 	 0.2807
[2025/10/18 20:25:19] - 79 	 27.1 	 	 0.2000 	 4.0903 	 0.2807
[2025/10/18 20:25:19] - ==> Building model..
[2025/10/18 20:25:44] - Test Loss 	 Test Acc 	 PGD Loss 	 PGD Acc
[2025/10/18 20:25:44] - 2.5999 	 	 0.5183 	 2.8873 	 0.2806
[2025/10/18 20:26:34] - 80 	 26.1 	 	 0.2000 	 4.0906 	 0.2809
[2025/10/18 20:26:34] - ==> Building model..
[2025/10/18 20:26:59] - Test Loss 	 Test Acc 	 PGD Loss 	 PGD Acc
[2025/10/18 20:26:59] - 2.6009 	 	 0.5198 	 2.8885 	 0.2808
[2025/10/18 20:27:49] - 81 	 26.2 	 	 0.2000 	 4.0913 	 0.2795
[2025/10/18 20:27:49] - ==> Building model..
[2025/10/18 20:28:15] - Test Loss 	 Test Acc 	 PGD Loss 	 PGD Acc
[2025/10/18 20:28:15] - 2.6017 	 	 0.5177 	 2.8889 	 0.2807
[2025/10/18 20:29:06] - 82 	 26.8 	 	 0.2000 	 4.0920 	 0.2796
[2025/10/18 20:29:06] - ==> Building model..
[2025/10/18 20:29:33] - Test Loss 	 Test Acc 	 PGD Loss 	 PGD Acc
[2025/10/18 20:29:33] - 2.6007 	 	 0.5182 	 2.8890 	 0.2806
[2025/10/18 20:30:24] - 83 	 26.5 	 	 0.2000 	 4.0883 	 0.2813
[2025/10/18 20:30:24] - ==> Building model..
[2025/10/18 20:30:49] - Test Loss 	 Test Acc 	 PGD Loss 	 PGD Acc
[2025/10/18 20:30:49] - 2.6017 	 	 0.5177 	 2.8890 	 0.2803
[2025/10/18 20:31:40] - 84 	 26.3 	 	 0.2000 	 4.0915 	 0.2790
[2025/10/18 20:31:40] - ==> Building model..
[2025/10/18 20:32:05] - Test Loss 	 Test Acc 	 PGD Loss 	 PGD Acc
[2025/10/18 20:32:05] - 2.6019 	 	 0.5179 	 2.8895 	 0.2796
[2025/10/18 20:32:56] - 85 	 26.7 	 	 0.2000 	 4.0929 	 0.2797
[2025/10/18 20:32:56] - ==> Building model..
[2025/10/18 20:33:21] - Test Loss 	 Test Acc 	 PGD Loss 	 PGD Acc
[2025/10/18 20:33:21] - 2.6032 	 	 0.5170 	 2.8906 	 0.2814
[2025/10/18 20:34:12] - 86 	 26.7 	 	 0.2000 	 4.0913 	 0.2809
[2025/10/18 20:34:12] - ==> Building model..
[2025/10/18 20:34:38] - Test Loss 	 Test Acc 	 PGD Loss 	 PGD Acc
[2025/10/18 20:34:38] - 2.6034 	 	 0.5182 	 2.8909 	 0.2810
[2025/10/18 20:35:28] - 87 	 26.3 	 	 0.2000 	 4.0911 	 0.2818
[2025/10/18 20:35:28] - ==> Building model..
[2025/10/18 20:35:55] - Test Loss 	 Test Acc 	 PGD Loss 	 PGD Acc
[2025/10/18 20:35:55] - 2.6050 	 	 0.5182 	 2.8923 	 0.2816
[2025/10/18 20:36:45] - 88 	 26.7 	 	 0.2000 	 4.0935 	 0.2781
[2025/10/18 20:36:45] - ==> Building model..
[2025/10/18 20:37:12] - Test Loss 	 Test Acc 	 PGD Loss 	 PGD Acc
[2025/10/18 20:37:12] - 2.6086 	 	 0.5185 	 2.8957 	 0.2795
[2025/10/18 20:38:02] - 89 	 26.8 	 	 0.2000 	 4.0920 	 0.2812
[2025/10/18 20:38:02] - ==> Building model..
[2025/10/18 20:38:29] - Test Loss 	 Test Acc 	 PGD Loss 	 PGD Acc
[2025/10/18 20:38:29] - 2.6125 	 	 0.5174 	 2.8978 	 0.2793
[2025/10/18 20:39:21] - 90 	 27.1 	 	 0.2000 	 4.0894 	 0.2814
[2025/10/18 20:39:21] - ==> Building model..
[2025/10/18 20:39:48] - Test Loss 	 Test Acc 	 PGD Loss 	 PGD Acc
[2025/10/18 20:39:48] - 2.6145 	 	 0.5177 	 2.8995 	 0.2795
[2025/10/18 20:40:38] - 91 	 26.8 	 	 0.2000 	 4.0930 	 0.2784
[2025/10/18 20:40:38] - ==> Building model..
[2025/10/18 20:41:04] - Test Loss 	 Test Acc 	 PGD Loss 	 PGD Acc
[2025/10/18 20:41:04] - 2.6157 	 	 0.5184 	 2.9005 	 0.2801
[2025/10/18 20:41:55] - 92 	 26.6 	 	 0.2000 	 4.0910 	 0.2797
[2025/10/18 20:41:55] - ==> Building model..
[2025/10/18 20:42:21] - Test Loss 	 Test Acc 	 PGD Loss 	 PGD Acc
[2025/10/18 20:42:21] - 2.6167 	 	 0.5176 	 2.9013 	 0.2794
[2025/10/18 20:43:11] - 93 	 26.6 	 	 0.2000 	 4.0906 	 0.2796
[2025/10/18 20:43:11] - ==> Building model..
[2025/10/18 20:43:37] - Test Loss 	 Test Acc 	 PGD Loss 	 PGD Acc
[2025/10/18 20:43:37] - 2.6167 	 	 0.5169 	 2.9017 	 0.2789
[2025/10/18 20:44:25] - 94 	 24.5 	 	 0.0200 	 3.9987 	 0.3418
[2025/10/18 20:44:25] - ==> Building model..
[2025/10/18 20:44:51] - Test Loss 	 Test Acc 	 PGD Loss 	 PGD Acc
[2025/10/18 20:44:51] - 2.6146 	 	 0.5177 	 2.9000 	 0.2795
[2025/10/18 20:45:40] - 95 	 25.3 	 	 0.0200 	 3.9049 	 0.4019
[2025/10/18 20:45:40] - ==> Building model..
[2025/10/18 20:46:05] - Test Loss 	 Test Acc 	 PGD Loss 	 PGD Acc
[2025/10/18 20:46:05] - 2.6127 	 	 0.5180 	 2.8986 	 0.2783
[2025/10/18 20:46:54] - 96 	 25.7 	 	 0.0200 	 3.8799 	 0.4215
[2025/10/18 20:46:54] - ==> Building model..
[2025/10/18 20:47:18] - Test Loss 	 Test Acc 	 PGD Loss 	 PGD Acc
[2025/10/18 20:47:18] - 2.6125 	 	 0.5180 	 2.8984 	 0.2789
[2025/10/18 20:48:08] - 97 	 26.2 	 	 0.0200 	 3.8620 	 0.4322
[2025/10/18 20:48:08] - ==> Building model..
[2025/10/18 20:48:32] - Test Loss 	 Test Acc 	 PGD Loss 	 PGD Acc
[2025/10/18 20:48:32] - 2.6133 	 	 0.5181 	 2.8991 	 0.2790
[2025/10/18 20:49:23] - 98 	 27.0 	 	 0.0200 	 3.8474 	 0.4420
[2025/10/18 20:49:23] - ==> Building model..
[2025/10/18 20:49:48] - Test Loss 	 Test Acc 	 PGD Loss 	 PGD Acc
[2025/10/18 20:49:48] - 2.6142 	 	 0.5180 	 2.9001 	 0.2791
[2025/10/18 20:50:38] - 99 	 26.2 	 	 0.0020 	 3.8168 	 0.4646
[2025/10/18 20:50:38] - ==> Building model..
[2025/10/18 20:51:02] - Test Loss 	 Test Acc 	 PGD Loss 	 PGD Acc
[2025/10/18 20:51:02] - 2.6165 	 	 0.5180 	 2.9019 	 0.2783
[2025/10/18 20:51:52] - 100 	 26.6 	 	 0.0020 	 3.7875 	 0.4909
[2025/10/18 20:51:52] - ==> Building model..
[2025/10/18 20:52:16] - Test Loss 	 Test Acc 	 PGD Loss 	 PGD Acc
[2025/10/18 20:52:16] - 2.6165 	 	 0.5180 	 2.9024 	 0.2788
[2025/10/18 20:53:07] - 101 	 27.2 	 	 0.0020 	 3.7817 	 0.4942
[2025/10/18 20:53:07] - ==> Building model..
[2025/10/18 20:53:31] - Test Loss 	 Test Acc 	 PGD Loss 	 PGD Acc
[2025/10/18 20:53:31] - 2.6165 	 	 0.5180 	 2.9020 	 0.2784
[2025/10/18 20:54:23] - 102 	 27.3 	 	 0.0020 	 3.7755 	 0.4981
[2025/10/18 20:54:23] - ==> Building model..
[2025/10/18 20:54:46] - Test Loss 	 Test Acc 	 PGD Loss 	 PGD Acc
[2025/10/18 20:54:46] - 2.6165 	 	 0.5180 	 2.9021 	 0.2786
[2025/10/18 20:55:38] - 103 	 27.5 	 	 0.0020 	 3.7713 	 0.5022
[2025/10/18 20:55:38] - ==> Building model..
[2025/10/18 20:56:03] - Test Loss 	 Test Acc 	 PGD Loss 	 PGD Acc
[2025/10/18 20:56:03] - 2.6171 	 	 0.5180 	 2.9027 	 0.2789
[2025/10/18 20:56:55] - 104 	 27.5 	 	 0.0020 	 3.7671 	 0.5047
[2025/10/18 20:56:55] - ==> Building model..
[2025/10/18 20:57:18] - Test Loss 	 Test Acc 	 PGD Loss 	 PGD Acc
[2025/10/18 20:57:18] - 2.6177 	 	 0.5182 	 2.9032 	 0.2791
[2025/10/18 20:58:09] - 105 	 27.6 	 	 0.0020 	 3.7634 	 0.5082
[2025/10/18 20:58:09] - ==> Building model..
[2025/10/18 20:58:33] - Test Loss 	 Test Acc 	 PGD Loss 	 PGD Acc
[2025/10/18 20:58:33] - 2.6177 	 	 0.5182 	 2.9030 	 0.2788
[2025/10/18 20:59:24] - 106 	 27.2 	 	 0.0020 	 3.7587 	 0.5109
[2025/10/18 20:59:24] - ==> Building model..
[2025/10/18 20:59:48] - Test Loss 	 Test Acc 	 PGD Loss 	 PGD Acc
[2025/10/18 20:59:48] - 2.6177 	 	 0.5182 	 2.9034 	 0.2794
[2025/10/18 21:00:38] - 107 	 26.9 	 	 0.0020 	 3.7559 	 0.5121
[2025/10/18 21:00:38] - ==> Building model..
[2025/10/18 21:01:01] - Test Loss 	 Test Acc 	 PGD Loss 	 PGD Acc
[2025/10/18 21:01:01] - 2.6191 	 	 0.5179 	 2.9041 	 0.2785
[2025/10/18 21:01:51] - 108 	 27.4 	 	 0.0020 	 3.7522 	 0.5170
[2025/10/18 21:01:51] - ==> Building model..
[2025/10/18 21:02:15] - Test Loss 	 Test Acc 	 PGD Loss 	 PGD Acc
[2025/10/18 21:02:15] - 2.6191 	 	 0.5179 	 2.9040 	 0.2790
[2025/10/18 21:03:05] - 109 	 26.8 	 	 0.0020 	 3.7476 	 0.5217
[2025/10/18 21:03:05] - ==> Building model..
[2025/10/18 21:03:28] - Test Loss 	 Test Acc 	 PGD Loss 	 PGD Acc
[2025/10/18 21:03:28] - 2.6191 	 	 0.5179 	 2.9045 	 0.2790
[2025/10/18 21:03:28] - [0.0768, 0.1468, 0.191, 0.2419, 0.2838, 0.3217, 0.3611, 0.3872, 0.4085, 0.4198, 0.4323, 0.4393, 0.4499, 0.4582, 0.4601, 0.4659, 0.4722, 0.4753, 0.4753, 0.4799, 0.4844, 0.4866, 0.49, 0.4908, 0.4928, 0.4952, 0.497, 0.5004, 0.4984, 0.5001, 0.5011, 0.5018, 0.5045, 0.5067, 0.5056, 0.5061, 0.5076, 0.51, 0.5089, 0.5095, 0.5108, 0.5117, 0.5116, 0.5127, 0.5147, 0.5148, 0.514, 0.5142, 0.5156, 0.5157, 0.5145, 0.5176, 0.518, 0.5187, 0.5177, 0.5174, 0.517, 0.5152, 0.515, 0.5155, 0.5158, 0.5158, 0.5142, 0.5132, 0.5133, 0.5136, 0.5136, 0.515, 0.5145, 0.5154, 0.517, 0.5171, 0.5166, 0.5195, 0.5189, 0.5191, 0.5189, 0.5183, 0.5185, 0.5183, 0.5198, 0.5177, 0.5182, 0.5177, 0.5179, 0.517, 0.5182, 0.5182, 0.5185, 0.5174, 0.5177, 0.5184, 0.5176, 0.5169, 0.5177, 0.518, 0.518, 0.5181, 0.518, 0.518, 0.518, 0.518, 0.518, 0.518, 0.5182, 0.5182, 0.5182, 0.5179, 0.5179, 0.5179]
[2025/10/18 21:03:28] - [0.053, 0.0984, 0.1194, 0.1422, 0.1686, 0.1839, 0.1984, 0.2097, 0.2216, 0.2295, 0.234, 0.2389, 0.2418, 0.2458, 0.2504, 0.2519, 0.2539, 0.255, 0.2608, 0.2596, 0.2591, 0.261, 0.2629, 0.2631, 0.267, 0.2668, 0.2692, 0.2692, 0.2682, 0.2697, 0.2708, 0.2707, 0.2716, 0.2719, 0.2722, 0.2724, 0.2749, 0.2754, 0.2761, 0.2757, 0.2756, 0.2751, 0.2773, 0.2765, 0.2782, 0.2787, 0.2777, 0.2772, 0.2775, 0.2766, 0.2787, 0.2781, 0.2776, 0.2768, 0.278, 0.2774, 0.2783, 0.2775, 0.2777, 0.2784, 0.2785, 0.2785, 0.2782, 0.2771, 0.278, 0.2778, 0.2782, 0.2793, 0.2802, 0.281, 0.2816, 0.2805, 0.2821, 0.2803, 0.2807, 0.2809, 0.2805, 0.2808, 0.2807, 0.2806, 0.2808, 0.2807, 0.2806, 0.2803, 0.2796, 0.2814, 0.281, 0.2816, 0.2795, 0.2793, 0.2795, 0.2801, 0.2794, 0.2789, 0.2795, 0.2783, 0.2789, 0.279, 0.2791, 0.2783, 0.2788, 0.2784, 0.2786, 0.2789, 0.2791, 0.2788, 0.2794, 0.2785, 0.279, 0.279]
