[2025/09/22 13:50:00] - Namespace(batch_size=128, data_dir='./tiny-imagenet-200', epochs=110, lr_schedule='multistep', lr_min=0.0, lr_max=0.1, weight_decay=0.0005, momentum=0.9, model='PreActResNest18', epsilon=8, alpha=8, delta_init='random', normal_mean=0, normal_std=1, out_dir='./output/Tiny_ImageNet/lam_start_60', seed=0, lamda=38, lam_scale=0.1, lam_start=60, gamma=0.025, inner_gamma=0.025, beta=0.6, mu=3.5, batch_m=0.75, early_stop=False, factor=0.3, length=6, n_holes=1, c_num=0.125, EMA_value=0.55)
[2025/09/22 13:50:52] - ==> Building model..
[2025/09/22 13:50:52] - Epoch 	 Seconds 	 LR 	 	 Train Loss 	 Train Acc
[2025/09/22 13:53:16] - 0 	 139.5 	 	 0.1000 	 5.2877 	 0.0294
[2025/09/22 13:53:16] - ==> Building model..
[2025/09/22 13:54:09] - Test Loss 	 Test Acc 	 PGD Loss 	 PGD Acc
[2025/09/22 13:54:09] - 4.9572 	 	 0.0807 	 4.9703 	 0.0445
[2025/09/22 13:56:31] - 1 	 138.1 	 	 0.1000 	 5.2282 	 0.0720
[2025/09/22 13:56:31] - ==> Building model..
[2025/09/22 13:57:24] - Test Loss 	 Test Acc 	 PGD Loss 	 PGD Acc
[2025/09/22 13:57:24] - 4.7485 	 	 0.1473 	 4.7841 	 0.0748
[2025/09/22 13:59:47] - 2 	 138.8 	 	 0.1000 	 5.1963 	 0.1007
[2025/09/22 13:59:47] - ==> Building model..
[2025/09/22 14:00:41] - Test Loss 	 Test Acc 	 PGD Loss 	 PGD Acc
[2025/09/22 14:00:41] - 4.5690 	 	 0.1915 	 4.6314 	 0.0991
[2025/09/22 14:03:06] - 3 	 139.4 	 	 0.1000 	 5.1701 	 0.1253
[2025/09/22 14:03:06] - ==> Building model..
[2025/09/22 14:03:59] - Test Loss 	 Test Acc 	 PGD Loss 	 PGD Acc
[2025/09/22 14:03:59] - 4.4753 	 	 0.2170 	 4.5554 	 0.1131
[2025/09/22 14:06:22] - 4 	 137.3 	 	 0.1000 	 5.1460 	 0.1471
[2025/09/22 14:06:22] - ==> Building model..
[2025/09/22 14:07:14] - Test Loss 	 Test Acc 	 PGD Loss 	 PGD Acc
[2025/09/22 14:07:14] - 4.4242 	 	 0.2375 	 4.5164 	 0.1223
[2025/09/22 14:09:36] - 5 	 136.8 	 	 0.1000 	 5.1263 	 0.1653
[2025/09/22 14:09:36] - ==> Building model..
[2025/09/22 14:10:28] - Test Loss 	 Test Acc 	 PGD Loss 	 PGD Acc
[2025/09/22 14:10:28] - 4.4325 	 	 0.2464 	 4.5280 	 0.1271
[2025/09/22 14:12:58] - 6 	 144.5 	 	 0.1000 	 5.1122 	 0.1792
[2025/09/22 14:12:58] - ==> Building model..
[2025/09/22 14:14:19] - Test Loss 	 Test Acc 	 PGD Loss 	 PGD Acc
[2025/09/22 14:14:19] - 4.3722 	 	 0.2593 	 4.4797 	 0.1307
[2025/09/22 14:17:34] - 7 	 190.2 	 	 0.1000 	 5.1003 	 0.1911
[2025/09/22 14:17:34] - ==> Building model..
[2025/09/22 14:18:27] - Test Loss 	 Test Acc 	 PGD Loss 	 PGD Acc
[2025/09/22 14:18:27] - 4.2186 	 	 0.2924 	 4.3569 	 0.1479
[2025/09/22 14:20:49] - 8 	 137.5 	 	 0.1000 	 5.0897 	 0.2011
[2025/09/22 14:20:49] - ==> Building model..
[2025/09/22 14:21:42] - Test Loss 	 Test Acc 	 PGD Loss 	 PGD Acc
[2025/09/22 14:21:42] - 4.0349 	 	 0.3303 	 4.2128 	 0.1662
[2025/09/22 14:24:06] - 9 	 138.4 	 	 0.1000 	 5.0808 	 0.2103
[2025/09/22 14:24:06] - ==> Building model..
[2025/09/22 14:24:59] - Test Loss 	 Test Acc 	 PGD Loss 	 PGD Acc
[2025/09/22 14:24:59] - 3.9127 	 	 0.3539 	 4.1184 	 0.1778
[2025/09/22 14:27:23] - 10 	 138.6 	 	 0.1000 	 5.0730 	 0.2172
[2025/09/22 14:27:23] - ==> Building model..
[2025/09/22 14:28:16] - Test Loss 	 Test Acc 	 PGD Loss 	 PGD Acc
[2025/09/22 14:28:16] - 3.8304 	 	 0.3719 	 4.0570 	 0.1869
[2025/09/22 14:30:39] - 11 	 138.0 	 	 0.1000 	 5.0655 	 0.2260
[2025/09/22 14:30:39] - ==> Building model..
[2025/09/22 14:31:32] - Test Loss 	 Test Acc 	 PGD Loss 	 PGD Acc
[2025/09/22 14:31:32] - 3.7759 	 	 0.3821 	 4.0163 	 0.1920
[2025/09/22 14:33:55] - 12 	 137.9 	 	 0.1000 	 5.0594 	 0.2324
[2025/09/22 14:33:55] - ==> Building model..
[2025/09/22 14:34:48] - Test Loss 	 Test Acc 	 PGD Loss 	 PGD Acc
[2025/09/22 14:34:48] - 3.7363 	 	 0.3898 	 3.9877 	 0.1946
[2025/09/22 14:37:12] - 13 	 138.5 	 	 0.1000 	 5.0531 	 0.2390
[2025/09/22 14:37:12] - ==> Building model..
[2025/09/22 14:38:06] - Test Loss 	 Test Acc 	 PGD Loss 	 PGD Acc
[2025/09/22 14:38:06] - 3.7015 	 	 0.3963 	 3.9619 	 0.1989
[2025/09/22 14:40:29] - 14 	 138.0 	 	 0.1000 	 5.0483 	 0.2422
[2025/09/22 14:40:29] - ==> Building model..
[2025/09/22 14:41:22] - Test Loss 	 Test Acc 	 PGD Loss 	 PGD Acc
[2025/09/22 14:41:22] - 3.6700 	 	 0.4012 	 3.9394 	 0.2013
[2025/09/22 14:43:43] - 15 	 136.7 	 	 0.1000 	 5.0436 	 0.2494
[2025/09/22 14:43:43] - ==> Building model..
[2025/09/22 14:44:36] - Test Loss 	 Test Acc 	 PGD Loss 	 PGD Acc
[2025/09/22 14:44:36] - 3.6457 	 	 0.4059 	 3.9222 	 0.2037
[2025/09/22 14:46:57] - 16 	 136.4 	 	 0.1000 	 5.0399 	 0.2535
[2025/09/22 14:46:57] - ==> Building model..
[2025/09/22 14:47:50] - Test Loss 	 Test Acc 	 PGD Loss 	 PGD Acc
[2025/09/22 14:47:50] - 3.6247 	 	 0.4103 	 3.9078 	 0.2067
[2025/09/22 14:50:11] - 17 	 136.4 	 	 0.1000 	 5.0351 	 0.2578
[2025/09/22 14:50:11] - ==> Building model..
[2025/09/22 14:51:04] - Test Loss 	 Test Acc 	 PGD Loss 	 PGD Acc
[2025/09/22 14:51:04] - 3.6075 	 	 0.4126 	 3.8963 	 0.2081
[2025/09/22 14:53:25] - 18 	 136.7 	 	 0.1000 	 5.0323 	 0.2605
[2025/09/22 14:53:25] - ==> Building model..
[2025/09/22 14:54:18] - Test Loss 	 Test Acc 	 PGD Loss 	 PGD Acc
[2025/09/22 14:54:18] - 3.5910 	 	 0.4170 	 3.8846 	 0.2087
[2025/09/22 14:56:41] - 19 	 137.9 	 	 0.1000 	 5.0290 	 0.2655
[2025/09/22 14:56:41] - ==> Building model..
[2025/09/22 14:57:34] - Test Loss 	 Test Acc 	 PGD Loss 	 PGD Acc
[2025/09/22 14:57:34] - 3.5769 	 	 0.4210 	 3.8752 	 0.2096
[2025/09/22 14:59:58] - 20 	 138.5 	 	 0.1000 	 5.0265 	 0.2663
[2025/09/22 14:59:58] - ==> Building model..
[2025/09/22 15:00:52] - Test Loss 	 Test Acc 	 PGD Loss 	 PGD Acc
[2025/09/22 15:00:52] - 3.5607 	 	 0.4240 	 3.8636 	 0.2116
[2025/09/22 15:03:16] - 21 	 138.4 	 	 0.1000 	 5.0239 	 0.2679
[2025/09/22 15:03:16] - ==> Building model..
[2025/09/22 15:04:09] - Test Loss 	 Test Acc 	 PGD Loss 	 PGD Acc
[2025/09/22 15:04:09] - 3.5464 	 	 0.4270 	 3.8544 	 0.2129
[2025/09/22 15:06:33] - 22 	 138.7 	 	 0.1000 	 5.0210 	 0.2717
[2025/09/22 15:06:33] - ==> Building model..
[2025/09/22 15:07:27] - Test Loss 	 Test Acc 	 PGD Loss 	 PGD Acc
[2025/09/22 15:07:27] - 3.5303 	 	 0.4295 	 3.8433 	 0.2147
[2025/09/22 15:09:51] - 23 	 138.5 	 	 0.1000 	 5.0191 	 0.2741
[2025/09/22 15:09:51] - ==> Building model..
[2025/09/22 15:10:44] - Test Loss 	 Test Acc 	 PGD Loss 	 PGD Acc
[2025/09/22 15:10:44] - 3.5163 	 	 0.4325 	 3.8340 	 0.2174
[2025/09/22 15:13:07] - 24 	 138.1 	 	 0.1000 	 5.0169 	 0.2766
[2025/09/22 15:13:07] - ==> Building model..
[2025/09/22 15:14:01] - Test Loss 	 Test Acc 	 PGD Loss 	 PGD Acc
[2025/09/22 15:14:01] - 3.5070 	 	 0.4342 	 3.8270 	 0.2173
[2025/09/22 15:16:24] - 25 	 138.6 	 	 0.1000 	 5.0153 	 0.2785
[2025/09/22 15:16:24] - ==> Building model..
[2025/09/22 15:17:17] - Test Loss 	 Test Acc 	 PGD Loss 	 PGD Acc
[2025/09/22 15:17:17] - 3.4976 	 	 0.4358 	 3.8210 	 0.2181
[2025/09/22 15:19:41] - 26 	 138.5 	 	 0.1000 	 5.0132 	 0.2804
[2025/09/22 15:19:41] - ==> Building model..
[2025/09/22 15:20:34] - Test Loss 	 Test Acc 	 PGD Loss 	 PGD Acc
[2025/09/22 15:20:34] - 3.4890 	 	 0.4390 	 3.8161 	 0.2197
[2025/09/22 15:22:57] - 27 	 137.9 	 	 0.1000 	 5.0119 	 0.2817
[2025/09/22 15:22:57] - ==> Building model..
[2025/09/22 15:23:51] - Test Loss 	 Test Acc 	 PGD Loss 	 PGD Acc
[2025/09/22 15:23:51] - 3.4823 	 	 0.4395 	 3.8114 	 0.2196
[2025/09/22 15:26:14] - 28 	 138.4 	 	 0.1000 	 5.0096 	 0.2839
[2025/09/22 15:26:14] - ==> Building model..
[2025/09/22 15:27:08] - Test Loss 	 Test Acc 	 PGD Loss 	 PGD Acc
[2025/09/22 15:27:08] - 3.4743 	 	 0.4427 	 3.8066 	 0.2208
[2025/09/22 15:29:30] - 29 	 137.8 	 	 0.1000 	 5.0083 	 0.2837
[2025/09/22 15:29:30] - ==> Building model..
[2025/09/22 15:30:23] - Test Loss 	 Test Acc 	 PGD Loss 	 PGD Acc
[2025/09/22 15:30:23] - 3.4663 	 	 0.4435 	 3.8017 	 0.2215
[2025/09/22 15:32:46] - 30 	 137.8 	 	 0.1000 	 5.0071 	 0.2868
[2025/09/22 15:32:46] - ==> Building model..
[2025/09/22 15:33:39] - Test Loss 	 Test Acc 	 PGD Loss 	 PGD Acc
[2025/09/22 15:33:39] - 3.4602 	 	 0.4465 	 3.7976 	 0.2214
[2025/09/22 15:36:02] - 31 	 137.6 	 	 0.1000 	 5.0056 	 0.2870
[2025/09/22 15:36:02] - ==> Building model..
[2025/09/22 15:36:55] - Test Loss 	 Test Acc 	 PGD Loss 	 PGD Acc
[2025/09/22 15:36:55] - 3.4546 	 	 0.4472 	 3.7939 	 0.2227
[2025/09/22 15:39:18] - 32 	 138.1 	 	 0.1000 	 5.0047 	 0.2869
[2025/09/22 15:39:18] - ==> Building model..
[2025/09/22 15:40:11] - Test Loss 	 Test Acc 	 PGD Loss 	 PGD Acc
[2025/09/22 15:40:11] - 3.4474 	 	 0.4496 	 3.7896 	 0.2240
[2025/09/22 15:42:33] - 33 	 137.7 	 	 0.1000 	 5.0032 	 0.2910
[2025/09/22 15:42:33] - ==> Building model..
[2025/09/22 15:43:26] - Test Loss 	 Test Acc 	 PGD Loss 	 PGD Acc
[2025/09/22 15:43:26] - 3.4406 	 	 0.4509 	 3.7849 	 0.2243
[2025/09/22 15:45:49] - 34 	 137.7 	 	 0.1000 	 5.0016 	 0.2923
[2025/09/22 15:45:49] - ==> Building model..
[2025/09/22 15:46:42] - Test Loss 	 Test Acc 	 PGD Loss 	 PGD Acc
[2025/09/22 15:46:42] - 3.4354 	 	 0.4514 	 3.7816 	 0.2248
[2025/09/22 15:49:05] - 35 	 138.0 	 	 0.1000 	 5.0006 	 0.2947
[2025/09/22 15:49:05] - ==> Building model..
[2025/09/22 15:49:58] - Test Loss 	 Test Acc 	 PGD Loss 	 PGD Acc
[2025/09/22 15:49:58] - 3.4318 	 	 0.4516 	 3.7796 	 0.2252
[2025/09/22 15:52:21] - 36 	 138.1 	 	 0.1000 	 5.0002 	 0.2936
[2025/09/22 15:52:21] - ==> Building model..
[2025/09/22 15:53:14] - Test Loss 	 Test Acc 	 PGD Loss 	 PGD Acc
[2025/09/22 15:53:14] - 3.4278 	 	 0.4539 	 3.7768 	 0.2252
[2025/09/22 15:55:37] - 37 	 137.7 	 	 0.1000 	 4.9977 	 0.2946
[2025/09/22 15:55:37] - ==> Building model..
[2025/09/22 15:56:30] - Test Loss 	 Test Acc 	 PGD Loss 	 PGD Acc
[2025/09/22 15:56:30] - 3.4233 	 	 0.4545 	 3.7741 	 0.2237
[2025/09/22 15:58:52] - 38 	 137.6 	 	 0.1000 	 4.9979 	 0.2971
[2025/09/22 15:58:52] - ==> Building model..
[2025/09/22 15:59:45] - Test Loss 	 Test Acc 	 PGD Loss 	 PGD Acc
[2025/09/22 15:59:45] - 3.4200 	 	 0.4563 	 3.7726 	 0.2243
[2025/09/22 16:02:09] - 39 	 138.5 	 	 0.1000 	 4.9965 	 0.2979
[2025/09/22 16:02:09] - ==> Building model..
[2025/09/22 16:03:02] - Test Loss 	 Test Acc 	 PGD Loss 	 PGD Acc
[2025/09/22 16:03:02] - 3.4182 	 	 0.4579 	 3.7722 	 0.2252
[2025/09/22 16:05:25] - 40 	 137.9 	 	 0.1000 	 4.9959 	 0.2967
[2025/09/22 16:05:25] - ==> Building model..
[2025/09/22 16:06:18] - Test Loss 	 Test Acc 	 PGD Loss 	 PGD Acc
[2025/09/22 16:06:18] - 3.4152 	 	 0.4581 	 3.7702 	 0.2260
[2025/09/22 16:08:42] - 41 	 138.5 	 	 0.1000 	 4.9944 	 0.2989
[2025/09/22 16:08:42] - ==> Building model..
[2025/09/22 16:09:34] - Test Loss 	 Test Acc 	 PGD Loss 	 PGD Acc
[2025/09/22 16:09:34] - 3.4132 	 	 0.4586 	 3.7690 	 0.2258
[2025/09/22 16:11:57] - 42 	 137.6 	 	 0.1000 	 4.9942 	 0.3008
[2025/09/22 16:11:57] - ==> Building model..
[2025/09/22 16:12:50] - Test Loss 	 Test Acc 	 PGD Loss 	 PGD Acc
[2025/09/22 16:12:50] - 3.4104 	 	 0.4596 	 3.7671 	 0.2261
[2025/09/22 16:15:13] - 43 	 138.1 	 	 0.1000 	 4.9932 	 0.3021
[2025/09/22 16:15:13] - ==> Building model..
[2025/09/22 16:16:07] - Test Loss 	 Test Acc 	 PGD Loss 	 PGD Acc
[2025/09/22 16:16:07] - 3.4087 	 	 0.4603 	 3.7669 	 0.2274
[2025/09/22 16:18:30] - 44 	 138.3 	 	 0.1000 	 4.9924 	 0.3030
[2025/09/22 16:18:30] - ==> Building model..
[2025/09/22 16:19:23] - Test Loss 	 Test Acc 	 PGD Loss 	 PGD Acc
[2025/09/22 16:19:23] - 3.4059 	 	 0.4600 	 3.7654 	 0.2282
[2025/09/22 16:21:46] - 45 	 138.1 	 	 0.1000 	 4.9918 	 0.3027
[2025/09/22 16:21:46] - ==> Building model..
[2025/09/22 16:22:39] - Test Loss 	 Test Acc 	 PGD Loss 	 PGD Acc
[2025/09/22 16:22:39] - 3.4044 	 	 0.4600 	 3.7646 	 0.2287
[2025/09/22 16:25:03] - 46 	 138.1 	 	 0.1000 	 4.9908 	 0.3049
[2025/09/22 16:25:03] - ==> Building model..
[2025/09/22 16:25:56] - Test Loss 	 Test Acc 	 PGD Loss 	 PGD Acc
[2025/09/22 16:25:56] - 3.4030 	 	 0.4611 	 3.7649 	 0.2284
[2025/09/22 16:28:19] - 47 	 138.3 	 	 0.1000 	 4.9908 	 0.3040
[2025/09/22 16:28:19] - ==> Building model..
[2025/09/22 16:29:12] - Test Loss 	 Test Acc 	 PGD Loss 	 PGD Acc
[2025/09/22 16:29:12] - 3.4011 	 	 0.4607 	 3.7631 	 0.2285
[2025/09/22 16:31:36] - 48 	 138.3 	 	 0.1000 	 4.9902 	 0.3034
[2025/09/22 16:31:36] - ==> Building model..
[2025/09/22 16:32:29] - Test Loss 	 Test Acc 	 PGD Loss 	 PGD Acc
[2025/09/22 16:32:29] - 3.4001 	 	 0.4615 	 3.7630 	 0.2297
[2025/09/22 16:34:53] - 49 	 138.3 	 	 0.1000 	 4.9899 	 0.3032
[2025/09/22 16:34:53] - ==> Building model..
[2025/09/22 16:35:46] - Test Loss 	 Test Acc 	 PGD Loss 	 PGD Acc
[2025/09/22 16:35:46] - 3.3979 	 	 0.4618 	 3.7617 	 0.2299
[2025/09/22 16:38:09] - 50 	 138.2 	 	 0.1000 	 4.9887 	 0.3062
[2025/09/22 16:38:09] - ==> Building model..
[2025/09/22 16:39:02] - Test Loss 	 Test Acc 	 PGD Loss 	 PGD Acc
[2025/09/22 16:39:02] - 3.3952 	 	 0.4634 	 3.7608 	 0.2309
[2025/09/22 16:41:26] - 51 	 138.2 	 	 0.1000 	 4.9882 	 0.3055
[2025/09/22 16:41:26] - ==> Building model..
[2025/09/22 16:42:19] - Test Loss 	 Test Acc 	 PGD Loss 	 PGD Acc
[2025/09/22 16:42:19] - 3.3932 	 	 0.4630 	 3.7592 	 0.2315
[2025/09/22 16:44:42] - 52 	 138.2 	 	 0.1000 	 4.9879 	 0.3062
[2025/09/22 16:44:42] - ==> Building model..
[2025/09/22 16:45:36] - Test Loss 	 Test Acc 	 PGD Loss 	 PGD Acc
[2025/09/22 16:45:36] - 3.3901 	 	 0.4640 	 3.7578 	 0.2310
[2025/09/22 16:47:59] - 53 	 138.1 	 	 0.1000 	 4.9872 	 0.3074
[2025/09/22 16:47:59] - ==> Building model..
[2025/09/22 16:48:52] - Test Loss 	 Test Acc 	 PGD Loss 	 PGD Acc
[2025/09/22 16:48:52] - 3.3884 	 	 0.4645 	 3.7564 	 0.2317
[2025/09/22 16:51:15] - 54 	 137.9 	 	 0.1000 	 4.9867 	 0.3068
[2025/09/22 16:51:15] - ==> Building model..
[2025/09/22 16:52:08] - Test Loss 	 Test Acc 	 PGD Loss 	 PGD Acc
[2025/09/22 16:52:08] - 3.3871 	 	 0.4651 	 3.7562 	 0.2317
[2025/09/22 16:54:31] - 55 	 138.1 	 	 0.1000 	 4.9860 	 0.3085
[2025/09/22 16:54:31] - ==> Building model..
[2025/09/22 16:55:25] - Test Loss 	 Test Acc 	 PGD Loss 	 PGD Acc
[2025/09/22 16:55:25] - 3.3855 	 	 0.4636 	 3.7551 	 0.2315
[2025/09/22 16:57:48] - 56 	 137.9 	 	 0.1000 	 4.9857 	 0.3091
[2025/09/22 16:57:48] - ==> Building model..
[2025/09/22 16:58:41] - Test Loss 	 Test Acc 	 PGD Loss 	 PGD Acc
[2025/09/22 16:58:41] - 3.3842 	 	 0.4650 	 3.7553 	 0.2311
[2025/09/22 17:01:04] - 57 	 138.1 	 	 0.1000 	 4.9848 	 0.3087
[2025/09/22 17:01:04] - ==> Building model..
[2025/09/22 17:01:57] - Test Loss 	 Test Acc 	 PGD Loss 	 PGD Acc
[2025/09/22 17:01:57] - 3.3822 	 	 0.4657 	 3.7543 	 0.2332
[2025/09/22 17:04:19] - 58 	 137.5 	 	 0.1000 	 4.9848 	 0.3101
[2025/09/22 17:04:19] - ==> Building model..
[2025/09/22 17:05:12] - Test Loss 	 Test Acc 	 PGD Loss 	 PGD Acc
[2025/09/22 17:05:12] - 3.3812 	 	 0.4642 	 3.7541 	 0.2325
[2025/09/22 17:07:34] - 59 	 137.3 	 	 0.1000 	 4.9844 	 0.3091
[2025/09/22 17:07:34] - ==> Building model..
[2025/09/22 17:08:27] - Test Loss 	 Test Acc 	 PGD Loss 	 PGD Acc
[2025/09/22 17:08:27] - 3.3797 	 	 0.4652 	 3.7539 	 0.2336
[2025/09/22 17:10:49] - 60 	 137.7 	 	 0.1000 	 4.9841 	 0.3104
[2025/09/22 17:10:49] - ==> Building model..
[2025/09/22 17:11:43] - Test Loss 	 Test Acc 	 PGD Loss 	 PGD Acc
[2025/09/22 17:11:43] - 3.3779 	 	 0.4658 	 3.7529 	 0.2345
[2025/09/22 17:14:06] - 61 	 137.8 	 	 0.1000 	 4.9833 	 0.3118
[2025/09/22 17:14:06] - ==> Building model..
[2025/09/22 17:14:59] - Test Loss 	 Test Acc 	 PGD Loss 	 PGD Acc
[2025/09/22 17:14:59] - 3.3769 	 	 0.4666 	 3.7526 	 0.2340
[2025/09/22 17:17:21] - 62 	 137.7 	 	 0.1000 	 4.9834 	 0.3105
[2025/09/22 17:17:21] - ==> Building model..
[2025/09/22 17:18:14] - Test Loss 	 Test Acc 	 PGD Loss 	 PGD Acc
[2025/09/22 17:18:14] - 3.3751 	 	 0.4677 	 3.7521 	 0.2339
[2025/09/22 17:20:37] - 63 	 137.7 	 	 0.1000 	 4.9825 	 0.3131
[2025/09/22 17:20:37] - ==> Building model..
[2025/09/22 17:21:30] - Test Loss 	 Test Acc 	 PGD Loss 	 PGD Acc
[2025/09/22 17:21:30] - 3.3741 	 	 0.4683 	 3.7516 	 0.2337
[2025/09/22 17:23:52] - 64 	 137.4 	 	 0.1000 	 4.9826 	 0.3136
[2025/09/22 17:23:52] - ==> Building model..
[2025/09/22 17:24:45] - Test Loss 	 Test Acc 	 PGD Loss 	 PGD Acc
[2025/09/22 17:24:45] - 3.3731 	 	 0.4680 	 3.7512 	 0.2344
[2025/09/22 17:27:07] - 65 	 137.4 	 	 0.1000 	 4.9824 	 0.3141
[2025/09/22 17:27:07] - ==> Building model..
[2025/09/22 17:28:00] - Test Loss 	 Test Acc 	 PGD Loss 	 PGD Acc
[2025/09/22 17:28:00] - 3.3721 	 	 0.4687 	 3.7507 	 0.2341
[2025/09/22 17:30:22] - 66 	 137.6 	 	 0.1000 	 4.9824 	 0.3141
[2025/09/22 17:30:22] - ==> Building model..
[2025/09/22 17:31:15] - Test Loss 	 Test Acc 	 PGD Loss 	 PGD Acc
[2025/09/22 17:31:15] - 3.3722 	 	 0.4683 	 3.7513 	 0.2340
[2025/09/22 17:33:37] - 67 	 137.7 	 	 0.1000 	 4.9833 	 0.3136
[2025/09/22 17:33:37] - ==> Building model..
[2025/09/22 17:34:30] - Test Loss 	 Test Acc 	 PGD Loss 	 PGD Acc
[2025/09/22 17:34:30] - 3.3725 	 	 0.4679 	 3.7513 	 0.2345
[2025/09/22 17:36:53] - 68 	 137.6 	 	 0.1000 	 4.9830 	 0.3136
[2025/09/22 17:36:53] - ==> Building model..
[2025/09/22 17:37:46] - Test Loss 	 Test Acc 	 PGD Loss 	 PGD Acc
[2025/09/22 17:37:46] - 3.3732 	 	 0.4675 	 3.7517 	 0.2342
[2025/09/22 17:40:08] - 69 	 137.8 	 	 0.1000 	 4.9834 	 0.3135
[2025/09/22 17:40:08] - ==> Building model..
[2025/09/22 17:41:01] - Test Loss 	 Test Acc 	 PGD Loss 	 PGD Acc
[2025/09/22 17:41:01] - 3.3736 	 	 0.4678 	 3.7522 	 0.2339
[2025/09/22 17:43:22] - 70 	 136.9 	 	 0.1000 	 4.9833 	 0.3146
[2025/09/22 17:43:22] - ==> Building model..
[2025/09/22 17:44:15] - Test Loss 	 Test Acc 	 PGD Loss 	 PGD Acc
[2025/09/22 17:44:15] - 3.3743 	 	 0.4680 	 3.7522 	 0.2339
[2025/09/22 17:46:38] - 71 	 137.7 	 	 0.1000 	 4.9838 	 0.3126
[2025/09/22 17:46:38] - ==> Building model..
[2025/09/22 17:47:31] - Test Loss 	 Test Acc 	 PGD Loss 	 PGD Acc
[2025/09/22 17:47:31] - 3.3754 	 	 0.4694 	 3.7531 	 0.2343
[2025/09/22 17:49:53] - 72 	 137.6 	 	 0.1000 	 4.9835 	 0.3144
[2025/09/22 17:49:53] - ==> Building model..
[2025/09/22 17:50:46] - Test Loss 	 Test Acc 	 PGD Loss 	 PGD Acc
[2025/09/22 17:50:46] - 3.3756 	 	 0.4697 	 3.7530 	 0.2344
[2025/09/22 17:53:08] - 73 	 137.4 	 	 0.1000 	 4.9833 	 0.3144
[2025/09/22 17:53:08] - ==> Building model..
[2025/09/22 17:54:01] - Test Loss 	 Test Acc 	 PGD Loss 	 PGD Acc
[2025/09/22 17:54:01] - 3.3769 	 	 0.4699 	 3.7542 	 0.2346
[2025/09/22 17:56:24] - 74 	 137.9 	 	 0.1000 	 4.9835 	 0.3157
[2025/09/22 17:56:24] - ==> Building model..
[2025/09/22 17:57:17] - Test Loss 	 Test Acc 	 PGD Loss 	 PGD Acc
[2025/09/22 17:57:17] - 3.3781 	 	 0.4708 	 3.7554 	 0.2342
[2025/09/22 17:59:39] - 75 	 137.6 	 	 0.1000 	 4.9824 	 0.3166
[2025/09/22 17:59:39] - ==> Building model..
[2025/09/22 18:00:32] - Test Loss 	 Test Acc 	 PGD Loss 	 PGD Acc
[2025/09/22 18:00:32] - 3.3787 	 	 0.4711 	 3.7563 	 0.2338
[2025/09/22 18:02:54] - 76 	 137.2 	 	 0.1000 	 4.9829 	 0.3152
[2025/09/22 18:02:54] - ==> Building model..
[2025/09/22 18:03:48] - Test Loss 	 Test Acc 	 PGD Loss 	 PGD Acc
[2025/09/22 18:03:48] - 3.3791 	 	 0.4712 	 3.7562 	 0.2342
[2025/09/22 18:06:10] - 77 	 137.7 	 	 0.1000 	 4.9817 	 0.3166
[2025/09/22 18:06:10] - ==> Building model..
[2025/09/22 18:07:03] - Test Loss 	 Test Acc 	 PGD Loss 	 PGD Acc
[2025/09/22 18:07:03] - 3.3796 	 	 0.4700 	 3.7566 	 0.2339
[2025/09/22 18:09:26] - 78 	 137.8 	 	 0.1000 	 4.9819 	 0.3168
[2025/09/22 18:09:26] - ==> Building model..
[2025/09/22 18:10:19] - Test Loss 	 Test Acc 	 PGD Loss 	 PGD Acc
[2025/09/22 18:10:19] - 3.3794 	 	 0.4701 	 3.7567 	 0.2335
[2025/09/22 18:12:42] - 79 	 138.1 	 	 0.1000 	 4.9826 	 0.3146
[2025/09/22 18:12:42] - ==> Building model..
[2025/09/22 18:13:35] - Test Loss 	 Test Acc 	 PGD Loss 	 PGD Acc
[2025/09/22 18:13:35] - 3.3794 	 	 0.4713 	 3.7568 	 0.2349
[2025/09/22 18:15:58] - 80 	 138.0 	 	 0.1000 	 4.9816 	 0.3167
[2025/09/22 18:15:58] - ==> Building model..
[2025/09/22 18:16:51] - Test Loss 	 Test Acc 	 PGD Loss 	 PGD Acc
[2025/09/22 18:16:51] - 3.3796 	 	 0.4720 	 3.7575 	 0.2341
[2025/09/22 18:19:14] - 81 	 137.9 	 	 0.1000 	 4.9812 	 0.3182
[2025/09/22 18:19:14] - ==> Building model..
[2025/09/22 18:20:07] - Test Loss 	 Test Acc 	 PGD Loss 	 PGD Acc
[2025/09/22 18:20:07] - 3.3798 	 	 0.4722 	 3.7575 	 0.2345
[2025/09/22 18:22:29] - 82 	 137.8 	 	 0.1000 	 4.9812 	 0.3176
[2025/09/22 18:22:29] - ==> Building model..
[2025/09/22 18:23:22] - Test Loss 	 Test Acc 	 PGD Loss 	 PGD Acc
[2025/09/22 18:23:22] - 3.3788 	 	 0.4716 	 3.7569 	 0.2344
[2025/09/22 18:25:45] - 83 	 138.0 	 	 0.1000 	 4.9812 	 0.3182
[2025/09/22 18:25:45] - ==> Building model..
[2025/09/22 18:26:38] - Test Loss 	 Test Acc 	 PGD Loss 	 PGD Acc
[2025/09/22 18:26:38] - 3.3780 	 	 0.4721 	 3.7564 	 0.2349
[2025/09/22 18:29:00] - 84 	 137.3 	 	 0.1000 	 4.9810 	 0.3177
[2025/09/22 18:29:00] - ==> Building model..
[2025/09/22 18:29:53] - Test Loss 	 Test Acc 	 PGD Loss 	 PGD Acc
[2025/09/22 18:29:53] - 3.3782 	 	 0.4718 	 3.7570 	 0.2342
[2025/09/22 18:32:16] - 85 	 138.1 	 	 0.1000 	 4.9806 	 0.3167
[2025/09/22 18:32:16] - ==> Building model..
[2025/09/22 18:33:09] - Test Loss 	 Test Acc 	 PGD Loss 	 PGD Acc
[2025/09/22 18:33:09] - 3.3785 	 	 0.4723 	 3.7576 	 0.2357
[2025/09/22 18:35:32] - 86 	 137.7 	 	 0.1000 	 4.9804 	 0.3180
[2025/09/22 18:35:32] - ==> Building model..
[2025/09/22 18:36:25] - Test Loss 	 Test Acc 	 PGD Loss 	 PGD Acc
[2025/09/22 18:36:25] - 3.3799 	 	 0.4716 	 3.7591 	 0.2358
[2025/09/22 18:38:48] - 87 	 138.0 	 	 0.1000 	 4.9803 	 0.3179
[2025/09/22 18:38:48] - ==> Building model..
[2025/09/22 18:39:41] - Test Loss 	 Test Acc 	 PGD Loss 	 PGD Acc
[2025/09/22 18:39:41] - 3.3809 	 	 0.4722 	 3.7603 	 0.2355
[2025/09/22 18:42:04] - 88 	 137.8 	 	 0.1000 	 4.9804 	 0.3181
[2025/09/22 18:42:04] - ==> Building model..
[2025/09/22 18:42:57] - Test Loss 	 Test Acc 	 PGD Loss 	 PGD Acc
[2025/09/22 18:42:57] - 3.3825 	 	 0.4726 	 3.7619 	 0.2352
[2025/09/22 18:45:19] - 89 	 137.8 	 	 0.1000 	 4.9796 	 0.3186
[2025/09/22 18:45:19] - ==> Building model..
[2025/09/22 18:46:12] - Test Loss 	 Test Acc 	 PGD Loss 	 PGD Acc
[2025/09/22 18:46:12] - 3.3854 	 	 0.4732 	 3.7651 	 0.2357
[2025/09/22 18:48:34] - 90 	 137.2 	 	 0.1000 	 4.9795 	 0.3195
[2025/09/22 18:48:34] - ==> Building model..
[2025/09/22 18:49:27] - Test Loss 	 Test Acc 	 PGD Loss 	 PGD Acc
[2025/09/22 18:49:27] - 3.3878 	 	 0.4733 	 3.7677 	 0.2357
[2025/09/22 18:51:48] - 91 	 137.3 	 	 0.1000 	 4.9797 	 0.3189
[2025/09/22 18:51:48] - ==> Building model..
[2025/09/22 18:52:41] - Test Loss 	 Test Acc 	 PGD Loss 	 PGD Acc
[2025/09/22 18:52:41] - 3.3904 	 	 0.4735 	 3.7705 	 0.2376
[2025/09/22 18:55:03] - 92 	 137.4 	 	 0.1000 	 4.9796 	 0.3173
[2025/09/22 18:55:03] - ==> Building model..
[2025/09/22 18:55:56] - Test Loss 	 Test Acc 	 PGD Loss 	 PGD Acc
[2025/09/22 18:55:56] - 3.3933 	 	 0.4740 	 3.7738 	 0.2372
[2025/09/22 18:58:19] - 93 	 137.7 	 	 0.1000 	 4.9790 	 0.3195
[2025/09/22 18:58:19] - ==> Building model..
[2025/09/22 18:59:12] - Test Loss 	 Test Acc 	 PGD Loss 	 PGD Acc
[2025/09/22 18:59:12] - 3.3965 	 	 0.4746 	 3.7776 	 0.2373
[2025/09/22 19:01:34] - 94 	 137.3 	 	 0.1000 	 4.9799 	 0.3196
[2025/09/22 19:01:34] - ==> Building model..
[2025/09/22 19:02:27] - Test Loss 	 Test Acc 	 PGD Loss 	 PGD Acc
[2025/09/22 19:02:27] - 3.4005 	 	 0.4753 	 3.7809 	 0.2383
[2025/09/22 19:04:49] - 95 	 137.4 	 	 0.1000 	 4.9794 	 0.3191
[2025/09/22 19:04:49] - ==> Building model..
[2025/09/22 19:05:42] - Test Loss 	 Test Acc 	 PGD Loss 	 PGD Acc
[2025/09/22 19:05:42] - 3.4020 	 	 0.4755 	 3.7838 	 0.2382
[2025/09/22 19:08:04] - 96 	 137.4 	 	 0.1000 	 4.9789 	 0.3195
[2025/09/22 19:08:04] - ==> Building model..
[2025/09/22 19:08:57] - Test Loss 	 Test Acc 	 PGD Loss 	 PGD Acc
[2025/09/22 19:08:57] - 3.4035 	 	 0.4761 	 3.7852 	 0.2388
[2025/09/22 19:11:20] - 97 	 137.9 	 	 0.1000 	 4.9794 	 0.3187
[2025/09/22 19:11:20] - ==> Building model..
[2025/09/22 19:12:13] - Test Loss 	 Test Acc 	 PGD Loss 	 PGD Acc
[2025/09/22 19:12:13] - 3.4033 	 	 0.4758 	 3.7859 	 0.2394
[2025/09/22 19:14:35] - 98 	 137.4 	 	 0.1000 	 4.9787 	 0.3206
[2025/09/22 19:14:35] - ==> Building model..
[2025/09/22 19:15:28] - Test Loss 	 Test Acc 	 PGD Loss 	 PGD Acc
[2025/09/22 19:15:28] - 3.4034 	 	 0.4754 	 3.7863 	 0.2394
[2025/09/22 19:17:50] - 99 	 137.1 	 	 0.0100 	 4.8801 	 0.4458
[2025/09/22 19:17:50] - ==> Building model..
[2025/09/22 19:18:43] - Test Loss 	 Test Acc 	 PGD Loss 	 PGD Acc
[2025/09/22 19:18:43] - 3.4032 	 	 0.4756 	 3.7859 	 0.2391
[2025/09/22 19:21:05] - 100 	 137.2 	 	 0.0100 	 4.8130 	 0.5411
[2025/09/22 19:21:05] - ==> Building model..
[2025/09/22 19:21:58] - Test Loss 	 Test Acc 	 PGD Loss 	 PGD Acc
[2025/09/22 19:21:58] - 3.4032 	 	 0.4756 	 3.7861 	 0.2396
[2025/09/22 19:24:21] - 101 	 137.2 	 	 0.0100 	 4.7872 	 0.5812
[2025/09/22 19:24:21] - ==> Building model..
[2025/09/22 19:25:14] - Test Loss 	 Test Acc 	 PGD Loss 	 PGD Acc
[2025/09/22 19:25:14] - 3.4032 	 	 0.4756 	 3.7862 	 0.2395
[2025/09/22 19:27:36] - 102 	 137.6 	 	 0.0100 	 4.7660 	 0.6148
[2025/09/22 19:27:36] - ==> Building model..
[2025/09/22 19:28:30] - Test Loss 	 Test Acc 	 PGD Loss 	 PGD Acc
[2025/09/22 19:28:30] - 3.4032 	 	 0.4756 	 3.7861 	 0.2399
[2025/09/22 19:30:52] - 103 	 137.3 	 	 0.0100 	 4.7486 	 0.6461
[2025/09/22 19:30:52] - ==> Building model..
[2025/09/22 19:31:45] - Test Loss 	 Test Acc 	 PGD Loss 	 PGD Acc
[2025/09/22 19:31:45] - 3.4032 	 	 0.4756 	 3.7857 	 0.2397
[2025/09/22 19:34:07] - 104 	 136.9 	 	 0.0010 	 4.7023 	 0.7223
[2025/09/22 19:34:07] - ==> Building model..
[2025/09/22 19:35:00] - Test Loss 	 Test Acc 	 PGD Loss 	 PGD Acc
[2025/09/22 19:35:00] - 3.4032 	 	 0.4756 	 3.7857 	 0.2398
[2025/09/22 19:37:22] - 105 	 137.4 	 	 0.0010 	 4.6816 	 0.7540
[2025/09/22 19:37:22] - ==> Building model..
[2025/09/22 19:38:15] - Test Loss 	 Test Acc 	 PGD Loss 	 PGD Acc
[2025/09/22 19:38:15] - 3.4032 	 	 0.4756 	 3.7857 	 0.2397
[2025/09/22 19:40:37] - 106 	 136.8 	 	 0.0010 	 4.6758 	 0.7637
[2025/09/22 19:40:37] - ==> Building model..
[2025/09/22 19:41:29] - Test Loss 	 Test Acc 	 PGD Loss 	 PGD Acc
[2025/09/22 19:41:29] - 3.4032 	 	 0.4756 	 3.7861 	 0.2398
[2025/09/22 19:43:52] - 107 	 137.3 	 	 0.0010 	 4.6708 	 0.7729
[2025/09/22 19:43:52] - ==> Building model..
[2025/09/22 19:44:45] - Test Loss 	 Test Acc 	 PGD Loss 	 PGD Acc
[2025/09/22 19:44:45] - 3.4032 	 	 0.4756 	 3.7860 	 0.2393
[2025/09/22 19:47:07] - 108 	 137.3 	 	 0.0010 	 4.6663 	 0.7792
[2025/09/22 19:47:07] - ==> Building model..
[2025/09/22 19:48:00] - Test Loss 	 Test Acc 	 PGD Loss 	 PGD Acc
[2025/09/22 19:48:00] - 3.4032 	 	 0.4756 	 3.7861 	 0.2393
[2025/09/22 19:50:22] - 109 	 137.2 	 	 0.0010 	 4.6619 	 0.7864
[2025/09/22 19:50:22] - ==> Building model..
[2025/09/22 19:51:15] - Test Loss 	 Test Acc 	 PGD Loss 	 PGD Acc
[2025/09/22 19:51:15] - 3.4032 	 	 0.4756 	 3.7860 	 0.2389
[2025/09/22 19:51:15] - [0.0807, 0.1473, 0.1915, 0.217, 0.2375, 0.2464, 0.2593, 0.2924, 0.3303, 0.3539, 0.3719, 0.3821, 0.3898, 0.3963, 0.4012, 0.4059, 0.4103, 0.4126, 0.417, 0.421, 0.424, 0.427, 0.4295, 0.4325, 0.4342, 0.4358, 0.439, 0.4395, 0.4427, 0.4435, 0.4465, 0.4472, 0.4496, 0.4509, 0.4514, 0.4516, 0.4539, 0.4545, 0.4563, 0.4579, 0.4581, 0.4586, 0.4596, 0.4603, 0.46, 0.46, 0.4611, 0.4607, 0.4615, 0.4618, 0.4634, 0.463, 0.464, 0.4645, 0.4651, 0.4636, 0.465, 0.4657, 0.4642, 0.4652, 0.4658, 0.4666, 0.4677, 0.4683, 0.468, 0.4687, 0.4683, 0.4679, 0.4675, 0.4678, 0.468, 0.4694, 0.4697, 0.4699, 0.4708, 0.4711, 0.4712, 0.47, 0.4701, 0.4713, 0.472, 0.4722, 0.4716, 0.4721, 0.4718, 0.4723, 0.4716, 0.4722, 0.4726, 0.4732, 0.4733, 0.4735, 0.474, 0.4746, 0.4753, 0.4755, 0.4761, 0.4758, 0.4754, 0.4756, 0.4756, 0.4756, 0.4756, 0.4756, 0.4756, 0.4756, 0.4756, 0.4756, 0.4756, 0.4756]
[2025/09/22 19:51:15] - [0.0445, 0.0748, 0.0991, 0.1131, 0.1223, 0.1271, 0.1307, 0.1479, 0.1662, 0.1778, 0.1869, 0.192, 0.1946, 0.1989, 0.2013, 0.2037, 0.2067, 0.2081, 0.2087, 0.2096, 0.2116, 0.2129, 0.2147, 0.2174, 0.2173, 0.2181, 0.2197, 0.2196, 0.2208, 0.2215, 0.2214, 0.2227, 0.224, 0.2243, 0.2248, 0.2252, 0.2252, 0.2237, 0.2243, 0.2252, 0.226, 0.2258, 0.2261, 0.2274, 0.2282, 0.2287, 0.2284, 0.2285, 0.2297, 0.2299, 0.2309, 0.2315, 0.231, 0.2317, 0.2317, 0.2315, 0.2311, 0.2332, 0.2325, 0.2336, 0.2345, 0.234, 0.2339, 0.2337, 0.2344, 0.2341, 0.234, 0.2345, 0.2342, 0.2339, 0.2339, 0.2343, 0.2344, 0.2346, 0.2342, 0.2338, 0.2342, 0.2339, 0.2335, 0.2349, 0.2341, 0.2345, 0.2344, 0.2349, 0.2342, 0.2357, 0.2358, 0.2355, 0.2352, 0.2357, 0.2357, 0.2376, 0.2372, 0.2373, 0.2383, 0.2382, 0.2388, 0.2394, 0.2394, 0.2391, 0.2396, 0.2395, 0.2399, 0.2397, 0.2398, 0.2397, 0.2398, 0.2393, 0.2393, 0.2389]
