[2025/10/14 08:15:58] - Namespace(batch_size=128, data_dir='cifar-data', epochs=100, lr_schedule='multistep', lr_min=0.0, lr_max=0.2, weight_decay=0.0005, momentum=0.9, model='ResNet18', epsilon=8, alpha=8, delta_init='random', normal_mean=0, normal_std=1, out_dir='./output/CIFAR100/lamda_37_lamscale_0.03_run2', seed=0, lamda=37.0, lam_scale=0.03, lam_start=50, gamma=0.05, inner_gamma=0.05, beta=0.2, mu=3.5, batch_m=0.75, early_stop=False, factor=0.5, length=4, n_holes=1, c_num=0.125, EMA_value=0.55)
[2025/10/14 08:16:00] - ==> Building model..
[2025/10/14 08:16:00] - Epoch 	 Seconds 	 LR 	 	 Train Loss 	 Train Acc
[2025/10/14 08:16:45] - 0 	 19.2 	 	 0.2000 	 4.5683 	 0.0412
[2025/10/14 08:16:45] - ==> Building model..
[2025/10/14 08:17:01] - Test Loss 	 Test Acc 	 PGD Loss 	 PGD Acc
[2025/10/14 08:17:01] - 4.2156 	 	 0.0966 	 4.2309 	 0.0649
[2025/10/14 08:17:44] - 1 	 17.9 	 	 0.2000 	 4.4548 	 0.0813
[2025/10/14 08:17:44] - ==> Building model..
[2025/10/14 08:18:01] - Test Loss 	 Test Acc 	 PGD Loss 	 PGD Acc
[2025/10/14 08:18:01] - 4.0385 	 	 0.1450 	 4.0675 	 0.0942
[2025/10/14 08:18:45] - 2 	 18.0 	 	 0.2000 	 4.4050 	 0.1053
[2025/10/14 08:18:45] - ==> Building model..
[2025/10/14 08:19:01] - Test Loss 	 Test Acc 	 PGD Loss 	 PGD Acc
[2025/10/14 08:19:01] - 3.9268 	 	 0.1821 	 3.9707 	 0.1158
[2025/10/14 08:19:45] - 3 	 18.2 	 	 0.2000 	 4.3590 	 0.1275
[2025/10/14 08:19:45] - ==> Building model..
[2025/10/14 08:20:01] - Test Loss 	 Test Acc 	 PGD Loss 	 PGD Acc
[2025/10/14 08:20:01] - 3.7345 	 	 0.2333 	 3.8041 	 0.1394
[2025/10/14 08:20:47] - 4 	 19.1 	 	 0.2000 	 4.3149 	 0.1503
[2025/10/14 08:20:47] - ==> Building model..
[2025/10/14 08:21:04] - Test Loss 	 Test Acc 	 PGD Loss 	 PGD Acc
[2025/10/14 08:21:04] - 3.5739 	 	 0.2775 	 3.6705 	 0.1613
[2025/10/14 08:21:48] - 5 	 19.0 	 	 0.2000 	 4.2765 	 0.1697
[2025/10/14 08:21:48] - ==> Building model..
[2025/10/14 08:22:05] - Test Loss 	 Test Acc 	 PGD Loss 	 PGD Acc
[2025/10/14 08:22:05] - 3.3859 	 	 0.3105 	 3.5095 	 0.1770
[2025/10/14 08:22:50] - 6 	 18.9 	 	 0.2000 	 4.2448 	 0.1868
[2025/10/14 08:22:50] - ==> Building model..
[2025/10/14 08:23:06] - Test Loss 	 Test Acc 	 PGD Loss 	 PGD Acc
[2025/10/14 08:23:06] - 3.1849 	 	 0.3497 	 3.3403 	 0.1939
[2025/10/14 08:23:52] - 7 	 19.6 	 	 0.2000 	 4.2233 	 0.1977
[2025/10/14 08:23:52] - ==> Building model..
[2025/10/14 08:24:08] - Test Loss 	 Test Acc 	 PGD Loss 	 PGD Acc
[2025/10/14 08:24:08] - 3.0412 	 	 0.3853 	 3.2259 	 0.2072
[2025/10/14 08:24:52] - 8 	 18.6 	 	 0.2000 	 4.2045 	 0.2086
[2025/10/14 08:24:52] - ==> Building model..
[2025/10/14 08:25:09] - Test Loss 	 Test Acc 	 PGD Loss 	 PGD Acc
[2025/10/14 08:25:09] - 2.9608 	 	 0.4027 	 3.1636 	 0.2163
[2025/10/14 08:25:54] - 9 	 18.9 	 	 0.2000 	 4.1885 	 0.2177
[2025/10/14 08:25:54] - ==> Building model..
[2025/10/14 08:26:10] - Test Loss 	 Test Acc 	 PGD Loss 	 PGD Acc
[2025/10/14 08:26:10] - 2.9073 	 	 0.4165 	 3.1225 	 0.2230
[2025/10/14 08:26:56] - 10 	 18.7 	 	 0.2000 	 4.1764 	 0.2249
[2025/10/14 08:26:56] - ==> Building model..
[2025/10/14 08:27:13] - Test Loss 	 Test Acc 	 PGD Loss 	 PGD Acc
[2025/10/14 08:27:13] - 2.8608 	 	 0.4262 	 3.0864 	 0.2315
[2025/10/14 08:27:57] - 11 	 19.1 	 	 0.2000 	 4.1677 	 0.2281
[2025/10/14 08:27:57] - ==> Building model..
[2025/10/14 08:28:14] - Test Loss 	 Test Acc 	 PGD Loss 	 PGD Acc
[2025/10/14 08:28:14] - 2.8152 	 	 0.4393 	 3.0525 	 0.2368
[2025/10/14 08:28:59] - 12 	 19.2 	 	 0.2000 	 4.1584 	 0.2337
[2025/10/14 08:28:59] - ==> Building model..
[2025/10/14 08:29:15] - Test Loss 	 Test Acc 	 PGD Loss 	 PGD Acc
[2025/10/14 08:29:15] - 2.7728 	 	 0.4503 	 3.0195 	 0.2416
[2025/10/14 08:30:00] - 13 	 19.2 	 	 0.2000 	 4.1551 	 0.2364
[2025/10/14 08:30:00] - ==> Building model..
[2025/10/14 08:30:16] - Test Loss 	 Test Acc 	 PGD Loss 	 PGD Acc
[2025/10/14 08:30:16] - 2.7478 	 	 0.4538 	 3.0007 	 0.2427
[2025/10/14 08:30:59] - 14 	 18.5 	 	 0.2000 	 4.1495 	 0.2408
[2025/10/14 08:30:59] - ==> Building model..
[2025/10/14 08:31:15] - Test Loss 	 Test Acc 	 PGD Loss 	 PGD Acc
[2025/10/14 08:31:15] - 2.7386 	 	 0.4571 	 2.9946 	 0.2453
[2025/10/14 08:31:59] - 15 	 18.5 	 	 0.2000 	 4.1410 	 0.2453
[2025/10/14 08:31:59] - ==> Building model..
[2025/10/14 08:32:15] - Test Loss 	 Test Acc 	 PGD Loss 	 PGD Acc
[2025/10/14 08:32:15] - 2.7150 	 	 0.4631 	 2.9780 	 0.2514
[2025/10/14 08:33:01] - 16 	 18.9 	 	 0.2000 	 4.1367 	 0.2471
[2025/10/14 08:33:01] - ==> Building model..
[2025/10/14 08:33:16] - Test Loss 	 Test Acc 	 PGD Loss 	 PGD Acc
[2025/10/14 08:33:16] - 2.6997 	 	 0.4680 	 2.9650 	 0.2520
[2025/10/14 08:34:02] - 17 	 19.2 	 	 0.2000 	 4.1345 	 0.2485
[2025/10/14 08:34:02] - ==> Building model..
[2025/10/14 08:34:19] - Test Loss 	 Test Acc 	 PGD Loss 	 PGD Acc
[2025/10/14 08:34:19] - 2.6831 	 	 0.4711 	 2.9534 	 0.2538
[2025/10/14 08:35:04] - 18 	 18.9 	 	 0.2000 	 4.1284 	 0.2510
[2025/10/14 08:35:04] - ==> Building model..
[2025/10/14 08:35:20] - Test Loss 	 Test Acc 	 PGD Loss 	 PGD Acc
[2025/10/14 08:35:20] - 2.6691 	 	 0.4761 	 2.9433 	 0.2566
[2025/10/14 08:36:04] - 19 	 18.5 	 	 0.2000 	 4.1259 	 0.2538
[2025/10/14 08:36:04] - ==> Building model..
[2025/10/14 08:36:20] - Test Loss 	 Test Acc 	 PGD Loss 	 PGD Acc
[2025/10/14 08:36:20] - 2.6552 	 	 0.4797 	 2.9316 	 0.2581
[2025/10/14 08:37:06] - 20 	 19.1 	 	 0.2000 	 4.1234 	 0.2562
[2025/10/14 08:37:06] - ==> Building model..
[2025/10/14 08:37:22] - Test Loss 	 Test Acc 	 PGD Loss 	 PGD Acc
[2025/10/14 08:37:22] - 2.6460 	 	 0.4823 	 2.9252 	 0.2583
[2025/10/14 08:38:07] - 21 	 19.1 	 	 0.2000 	 4.1189 	 0.2572
[2025/10/14 08:38:07] - ==> Building model..
[2025/10/14 08:38:23] - Test Loss 	 Test Acc 	 PGD Loss 	 PGD Acc
[2025/10/14 08:38:23] - 2.6325 	 	 0.4867 	 2.9143 	 0.2585
[2025/10/14 08:39:10] - 22 	 19.2 	 	 0.2000 	 4.1205 	 0.2565
[2025/10/14 08:39:10] - ==> Building model..
[2025/10/14 08:39:27] - Test Loss 	 Test Acc 	 PGD Loss 	 PGD Acc
[2025/10/14 08:39:27] - 2.6254 	 	 0.4878 	 2.9096 	 0.2602
[2025/10/14 08:40:12] - 23 	 18.9 	 	 0.2000 	 4.1183 	 0.2562
[2025/10/14 08:40:12] - ==> Building model..
[2025/10/14 08:40:28] - Test Loss 	 Test Acc 	 PGD Loss 	 PGD Acc
[2025/10/14 08:40:28] - 2.6179 	 	 0.4903 	 2.9049 	 0.2625
[2025/10/14 08:41:13] - 24 	 18.9 	 	 0.2000 	 4.1139 	 0.2614
[2025/10/14 08:41:13] - ==> Building model..
[2025/10/14 08:41:29] - Test Loss 	 Test Acc 	 PGD Loss 	 PGD Acc
[2025/10/14 08:41:29] - 2.6092 	 	 0.4917 	 2.8982 	 0.2636
[2025/10/14 08:42:15] - 25 	 19.0 	 	 0.2000 	 4.1124 	 0.2639
[2025/10/14 08:42:15] - ==> Building model..
[2025/10/14 08:42:31] - Test Loss 	 Test Acc 	 PGD Loss 	 PGD Acc
[2025/10/14 08:42:31] - 2.6046 	 	 0.4935 	 2.8948 	 0.2635
[2025/10/14 08:43:15] - 26 	 18.7 	 	 0.2000 	 4.1092 	 0.2626
[2025/10/14 08:43:15] - ==> Building model..
[2025/10/14 08:43:31] - Test Loss 	 Test Acc 	 PGD Loss 	 PGD Acc
[2025/10/14 08:43:31] - 2.5982 	 	 0.4973 	 2.8892 	 0.2671
[2025/10/14 08:44:17] - 27 	 19.0 	 	 0.2000 	 4.1091 	 0.2652
[2025/10/14 08:44:17] - ==> Building model..
[2025/10/14 08:44:33] - Test Loss 	 Test Acc 	 PGD Loss 	 PGD Acc
[2025/10/14 08:44:33] - 2.5917 	 	 0.5001 	 2.8844 	 0.2688
[2025/10/14 08:45:16] - 28 	 18.4 	 	 0.2000 	 4.1081 	 0.2650
[2025/10/14 08:45:16] - ==> Building model..
[2025/10/14 08:45:32] - Test Loss 	 Test Acc 	 PGD Loss 	 PGD Acc
[2025/10/14 08:45:32] - 2.5884 	 	 0.4992 	 2.8826 	 0.2678
[2025/10/14 08:46:16] - 29 	 18.9 	 	 0.2000 	 4.1065 	 0.2654
[2025/10/14 08:46:16] - ==> Building model..
[2025/10/14 08:46:33] - Test Loss 	 Test Acc 	 PGD Loss 	 PGD Acc
[2025/10/14 08:46:33] - 2.5845 	 	 0.4998 	 2.8793 	 0.2683
[2025/10/14 08:47:18] - 30 	 18.9 	 	 0.2000 	 4.1069 	 0.2650
[2025/10/14 08:47:18] - ==> Building model..
[2025/10/14 08:47:34] - Test Loss 	 Test Acc 	 PGD Loss 	 PGD Acc
[2025/10/14 08:47:34] - 2.5825 	 	 0.5027 	 2.8781 	 0.2696
[2025/10/14 08:48:18] - 31 	 18.7 	 	 0.2000 	 4.1042 	 0.2668
[2025/10/14 08:48:18] - ==> Building model..
[2025/10/14 08:48:34] - Test Loss 	 Test Acc 	 PGD Loss 	 PGD Acc
[2025/10/14 08:48:34] - 2.5797 	 	 0.5028 	 2.8758 	 0.2704
[2025/10/14 08:49:20] - 32 	 19.0 	 	 0.2000 	 4.1023 	 0.2668
[2025/10/14 08:49:20] - ==> Building model..
[2025/10/14 08:49:36] - Test Loss 	 Test Acc 	 PGD Loss 	 PGD Acc
[2025/10/14 08:49:36] - 2.5779 	 	 0.5023 	 2.8744 	 0.2718
[2025/10/14 08:50:21] - 33 	 18.9 	 	 0.2000 	 4.1020 	 0.2681
[2025/10/14 08:50:21] - ==> Building model..
[2025/10/14 08:50:38] - Test Loss 	 Test Acc 	 PGD Loss 	 PGD Acc
[2025/10/14 08:50:38] - 2.5713 	 	 0.5036 	 2.8690 	 0.2728
[2025/10/14 08:51:23] - 34 	 18.7 	 	 0.2000 	 4.1010 	 0.2670
[2025/10/14 08:51:23] - ==> Building model..
[2025/10/14 08:51:40] - Test Loss 	 Test Acc 	 PGD Loss 	 PGD Acc
[2025/10/14 08:51:40] - 2.5678 	 	 0.5042 	 2.8666 	 0.2737
[2025/10/14 08:52:25] - 35 	 18.8 	 	 0.2000 	 4.0983 	 0.2722
[2025/10/14 08:52:25] - ==> Building model..
[2025/10/14 08:52:43] - Test Loss 	 Test Acc 	 PGD Loss 	 PGD Acc
[2025/10/14 08:52:43] - 2.5696 	 	 0.5031 	 2.8684 	 0.2753
[2025/10/14 08:53:29] - 36 	 19.4 	 	 0.2000 	 4.0987 	 0.2697
[2025/10/14 08:53:29] - ==> Building model..
[2025/10/14 08:53:45] - Test Loss 	 Test Acc 	 PGD Loss 	 PGD Acc
[2025/10/14 08:53:45] - 2.5662 	 	 0.5036 	 2.8666 	 0.2750
[2025/10/14 08:54:30] - 37 	 19.1 	 	 0.2000 	 4.0978 	 0.2692
[2025/10/14 08:54:30] - ==> Building model..
[2025/10/14 08:54:47] - Test Loss 	 Test Acc 	 PGD Loss 	 PGD Acc
[2025/10/14 08:54:47] - 2.5643 	 	 0.5067 	 2.8652 	 0.2751
[2025/10/14 08:55:32] - 38 	 18.9 	 	 0.2000 	 4.0951 	 0.2706
[2025/10/14 08:55:32] - ==> Building model..
[2025/10/14 08:55:48] - Test Loss 	 Test Acc 	 PGD Loss 	 PGD Acc
[2025/10/14 08:55:48] - 2.5566 	 	 0.5087 	 2.8594 	 0.2762
[2025/10/14 08:56:34] - 39 	 18.9 	 	 0.2000 	 4.0957 	 0.2698
[2025/10/14 08:56:34] - ==> Building model..
[2025/10/14 08:56:50] - Test Loss 	 Test Acc 	 PGD Loss 	 PGD Acc
[2025/10/14 08:56:50] - 2.5529 	 	 0.5095 	 2.8560 	 0.2764
[2025/10/14 08:57:34] - 40 	 18.5 	 	 0.2000 	 4.0955 	 0.2716
[2025/10/14 08:57:34] - ==> Building model..
[2025/10/14 08:57:51] - Test Loss 	 Test Acc 	 PGD Loss 	 PGD Acc
[2025/10/14 08:57:51] - 2.5514 	 	 0.5102 	 2.8551 	 0.2768
[2025/10/14 08:58:36] - 41 	 18.9 	 	 0.2000 	 4.0951 	 0.2707
[2025/10/14 08:58:36] - ==> Building model..
[2025/10/14 08:58:52] - Test Loss 	 Test Acc 	 PGD Loss 	 PGD Acc
[2025/10/14 08:58:52] - 2.5508 	 	 0.5104 	 2.8545 	 0.2763
[2025/10/14 08:59:36] - 42 	 18.5 	 	 0.2000 	 4.0947 	 0.2708
[2025/10/14 08:59:36] - ==> Building model..
[2025/10/14 08:59:52] - Test Loss 	 Test Acc 	 PGD Loss 	 PGD Acc
[2025/10/14 08:59:52] - 2.5492 	 	 0.5100 	 2.8540 	 0.2769
[2025/10/14 09:00:36] - 43 	 18.4 	 	 0.2000 	 4.0943 	 0.2723
[2025/10/14 09:00:36] - ==> Building model..
[2025/10/14 09:00:52] - Test Loss 	 Test Acc 	 PGD Loss 	 PGD Acc
[2025/10/14 09:00:52] - 2.5474 	 	 0.5135 	 2.8519 	 0.2760
[2025/10/14 09:01:38] - 44 	 19.5 	 	 0.2000 	 4.0934 	 0.2736
[2025/10/14 09:01:38] - ==> Building model..
[2025/10/14 09:01:54] - Test Loss 	 Test Acc 	 PGD Loss 	 PGD Acc
[2025/10/14 09:01:54] - 2.5439 	 	 0.5153 	 2.8500 	 0.2776
[2025/10/14 09:02:40] - 45 	 19.3 	 	 0.2000 	 4.0912 	 0.2750
[2025/10/14 09:02:40] - ==> Building model..
[2025/10/14 09:02:56] - Test Loss 	 Test Acc 	 PGD Loss 	 PGD Acc
[2025/10/14 09:02:56] - 2.5448 	 	 0.5157 	 2.8504 	 0.2790
[2025/10/14 09:03:43] - 46 	 19.5 	 	 0.2000 	 4.0890 	 0.2759
[2025/10/14 09:03:43] - ==> Building model..
[2025/10/14 09:03:59] - Test Loss 	 Test Acc 	 PGD Loss 	 PGD Acc
[2025/10/14 09:03:59] - 2.5414 	 	 0.5165 	 2.8485 	 0.2785
[2025/10/14 09:04:44] - 47 	 19.1 	 	 0.2000 	 4.0908 	 0.2733
[2025/10/14 09:04:44] - ==> Building model..
[2025/10/14 09:05:00] - Test Loss 	 Test Acc 	 PGD Loss 	 PGD Acc
[2025/10/14 09:05:00] - 2.5389 	 	 0.5155 	 2.8461 	 0.2802
[2025/10/14 09:05:46] - 48 	 19.2 	 	 0.2000 	 4.0881 	 0.2759
[2025/10/14 09:05:46] - ==> Building model..
[2025/10/14 09:06:03] - Test Loss 	 Test Acc 	 PGD Loss 	 PGD Acc
[2025/10/14 09:06:03] - 2.5388 	 	 0.5154 	 2.8464 	 0.2798
[2025/10/14 09:06:49] - 49 	 19.2 	 	 0.2000 	 4.0878 	 0.2774
[2025/10/14 09:06:49] - ==> Building model..
[2025/10/14 09:07:05] - Test Loss 	 Test Acc 	 PGD Loss 	 PGD Acc
[2025/10/14 09:07:05] - 2.5395 	 	 0.5165 	 2.8467 	 0.2790
[2025/10/14 09:07:48] - 50 	 19.0 	 	 0.2000 	 4.0883 	 0.2760
[2025/10/14 09:07:48] - ==> Building model..
[2025/10/14 09:08:05] - Test Loss 	 Test Acc 	 PGD Loss 	 PGD Acc
[2025/10/14 09:08:05] - 2.5393 	 	 0.5164 	 2.8475 	 0.2800
[2025/10/14 09:08:49] - 51 	 18.8 	 	 0.2000 	 4.0886 	 0.2758
[2025/10/14 09:08:49] - ==> Building model..
[2025/10/14 09:09:05] - Test Loss 	 Test Acc 	 PGD Loss 	 PGD Acc
[2025/10/14 09:09:05] - 2.5400 	 	 0.5164 	 2.8487 	 0.2802
[2025/10/14 09:09:51] - 52 	 19.3 	 	 0.2000 	 4.0890 	 0.2747
[2025/10/14 09:09:51] - ==> Building model..
[2025/10/14 09:10:08] - Test Loss 	 Test Acc 	 PGD Loss 	 PGD Acc
[2025/10/14 09:10:08] - 2.5406 	 	 0.5163 	 2.8492 	 0.2795
[2025/10/14 09:10:54] - 53 	 19.4 	 	 0.2000 	 4.0879 	 0.2759
[2025/10/14 09:10:54] - ==> Building model..
[2025/10/14 09:11:11] - Test Loss 	 Test Acc 	 PGD Loss 	 PGD Acc
[2025/10/14 09:11:11] - 2.5403 	 	 0.5165 	 2.8481 	 0.2794
[2025/10/14 09:11:55] - 54 	 18.9 	 	 0.2000 	 4.0901 	 0.2756
[2025/10/14 09:11:55] - ==> Building model..
[2025/10/14 09:12:12] - Test Loss 	 Test Acc 	 PGD Loss 	 PGD Acc
[2025/10/14 09:12:12] - 2.5397 	 	 0.5166 	 2.8470 	 0.2775
[2025/10/14 09:12:56] - 55 	 19.2 	 	 0.2000 	 4.0884 	 0.2762
[2025/10/14 09:12:56] - ==> Building model..
[2025/10/14 09:13:12] - Test Loss 	 Test Acc 	 PGD Loss 	 PGD Acc
[2025/10/14 09:13:12] - 2.5389 	 	 0.5179 	 2.8458 	 0.2786
[2025/10/14 09:13:58] - 56 	 19.4 	 	 0.2000 	 4.0891 	 0.2767
[2025/10/14 09:13:58] - ==> Building model..
[2025/10/14 09:14:16] - Test Loss 	 Test Acc 	 PGD Loss 	 PGD Acc
[2025/10/14 09:14:16] - 2.5411 	 	 0.5178 	 2.8482 	 0.2779
[2025/10/14 09:15:00] - 57 	 19.0 	 	 0.2000 	 4.0890 	 0.2778
[2025/10/14 09:15:00] - ==> Building model..
[2025/10/14 09:15:16] - Test Loss 	 Test Acc 	 PGD Loss 	 PGD Acc
[2025/10/14 09:15:16] - 2.5400 	 	 0.5185 	 2.8468 	 0.2790
[2025/10/14 09:16:01] - 58 	 18.7 	 	 0.2000 	 4.0877 	 0.2790
[2025/10/14 09:16:01] - ==> Building model..
[2025/10/14 09:16:17] - Test Loss 	 Test Acc 	 PGD Loss 	 PGD Acc
[2025/10/14 09:16:17] - 2.5416 	 	 0.5183 	 2.8481 	 0.2791
[2025/10/14 09:17:03] - 59 	 21.5 	 	 0.2000 	 4.0890 	 0.2764
[2025/10/14 09:17:03] - ==> Building model..
[2025/10/14 09:17:23] - Test Loss 	 Test Acc 	 PGD Loss 	 PGD Acc
[2025/10/14 09:17:23] - 2.5429 	 	 0.5182 	 2.8489 	 0.2787
[2025/10/14 09:18:09] - 60 	 21.4 	 	 0.2000 	 4.0873 	 0.2768
[2025/10/14 09:18:09] - ==> Building model..
[2025/10/14 09:18:32] - Test Loss 	 Test Acc 	 PGD Loss 	 PGD Acc
[2025/10/14 09:18:32] - 2.5449 	 	 0.5179 	 2.8508 	 0.2786
[2025/10/14 09:19:23] - 61 	 25.5 	 	 0.2000 	 4.0892 	 0.2752
[2025/10/14 09:19:23] - ==> Building model..
[2025/10/14 09:19:40] - Test Loss 	 Test Acc 	 PGD Loss 	 PGD Acc
[2025/10/14 09:19:40] - 2.5450 	 	 0.5183 	 2.8495 	 0.2794
[2025/10/14 09:20:28] - 62 	 23.1 	 	 0.2000 	 4.0875 	 0.2782
[2025/10/14 09:20:28] - ==> Building model..
[2025/10/14 09:20:45] - Test Loss 	 Test Acc 	 PGD Loss 	 PGD Acc
[2025/10/14 09:20:45] - 2.5470 	 	 0.5182 	 2.8505 	 0.2782
[2025/10/14 09:21:37] - 63 	 26.4 	 	 0.2000 	 4.0892 	 0.2751
[2025/10/14 09:21:37] - ==> Building model..
[2025/10/14 09:22:00] - Test Loss 	 Test Acc 	 PGD Loss 	 PGD Acc
[2025/10/14 09:22:00] - 2.5473 	 	 0.5180 	 2.8506 	 0.2775
[2025/10/14 09:22:46] - 64 	 22.0 	 	 0.2000 	 4.0860 	 0.2796
[2025/10/14 09:22:46] - ==> Building model..
[2025/10/14 09:23:09] - Test Loss 	 Test Acc 	 PGD Loss 	 PGD Acc
[2025/10/14 09:23:09] - 2.5483 	 	 0.5186 	 2.8515 	 0.2789
[2025/10/14 09:24:02] - 65 	 26.4 	 	 0.2000 	 4.0871 	 0.2783
[2025/10/14 09:24:02] - ==> Building model..
[2025/10/14 09:24:18] - Test Loss 	 Test Acc 	 PGD Loss 	 PGD Acc
[2025/10/14 09:24:18] - 2.5520 	 	 0.5184 	 2.8537 	 0.2780
[2025/10/14 09:25:03] - 66 	 20.3 	 	 0.2000 	 4.0863 	 0.2765
[2025/10/14 09:25:03] - ==> Building model..
[2025/10/14 09:25:23] - Test Loss 	 Test Acc 	 PGD Loss 	 PGD Acc
[2025/10/14 09:25:23] - 2.5559 	 	 0.5175 	 2.8574 	 0.2789
[2025/10/14 09:26:13] - 67 	 23.0 	 	 0.2000 	 4.0872 	 0.2780
[2025/10/14 09:26:13] - ==> Building model..
[2025/10/14 09:26:34] - Test Loss 	 Test Acc 	 PGD Loss 	 PGD Acc
[2025/10/14 09:26:34] - 2.5562 	 	 0.5177 	 2.8577 	 0.2781
[2025/10/14 09:27:26] - 68 	 26.2 	 	 0.2000 	 4.0877 	 0.2777
[2025/10/14 09:27:26] - ==> Building model..
[2025/10/14 09:27:49] - Test Loss 	 Test Acc 	 PGD Loss 	 PGD Acc
[2025/10/14 09:27:49] - 2.5568 	 	 0.5175 	 2.8580 	 0.2785
[2025/10/14 09:28:41] - 69 	 26.6 	 	 0.2000 	 4.0874 	 0.2773
[2025/10/14 09:28:41] - ==> Building model..
[2025/10/14 09:29:04] - Test Loss 	 Test Acc 	 PGD Loss 	 PGD Acc
[2025/10/14 09:29:04] - 2.5579 	 	 0.5180 	 2.8590 	 0.2781
[2025/10/14 09:29:56] - 70 	 26.5 	 	 0.2000 	 4.0882 	 0.2792
[2025/10/14 09:29:56] - ==> Building model..
[2025/10/14 09:30:19] - Test Loss 	 Test Acc 	 PGD Loss 	 PGD Acc
[2025/10/14 09:30:19] - 2.5595 	 	 0.5172 	 2.8601 	 0.2781
[2025/10/14 09:31:12] - 71 	 26.6 	 	 0.2000 	 4.0878 	 0.2779
[2025/10/14 09:31:12] - ==> Building model..
[2025/10/14 09:31:34] - Test Loss 	 Test Acc 	 PGD Loss 	 PGD Acc
[2025/10/14 09:31:34] - 2.5610 	 	 0.5182 	 2.8611 	 0.2768
[2025/10/14 09:32:27] - 72 	 26.6 	 	 0.2000 	 4.0876 	 0.2775
[2025/10/14 09:32:27] - ==> Building model..
[2025/10/14 09:32:46] - Test Loss 	 Test Acc 	 PGD Loss 	 PGD Acc
[2025/10/14 09:32:46] - 2.5620 	 	 0.5187 	 2.8619 	 0.2782
[2025/10/14 09:33:30] - 73 	 18.8 	 	 0.2000 	 4.0877 	 0.2764
[2025/10/14 09:33:30] - ==> Building model..
[2025/10/14 09:33:46] - Test Loss 	 Test Acc 	 PGD Loss 	 PGD Acc
[2025/10/14 09:33:46] - 2.5624 	 	 0.5187 	 2.8611 	 0.2790
[2025/10/14 09:34:29] - 74 	 18.4 	 	 0.2000 	 4.0904 	 0.2780
[2025/10/14 09:34:29] - ==> Building model..
[2025/10/14 09:34:45] - Test Loss 	 Test Acc 	 PGD Loss 	 PGD Acc
[2025/10/14 09:34:45] - 2.5646 	 	 0.5187 	 2.8626 	 0.2780
[2025/10/14 09:35:28] - 75 	 18.3 	 	 0.2000 	 4.0885 	 0.2794
[2025/10/14 09:35:28] - ==> Building model..
[2025/10/14 09:35:45] - Test Loss 	 Test Acc 	 PGD Loss 	 PGD Acc
[2025/10/14 09:35:45] - 2.5663 	 	 0.5182 	 2.8641 	 0.2778
[2025/10/14 09:36:35] - 76 	 25.3 	 	 0.2000 	 4.0881 	 0.2798
[2025/10/14 09:36:35] - ==> Building model..
[2025/10/14 09:36:57] - Test Loss 	 Test Acc 	 PGD Loss 	 PGD Acc
[2025/10/14 09:36:57] - 2.5673 	 	 0.5183 	 2.8648 	 0.2787
[2025/10/14 09:37:50] - 77 	 27.0 	 	 0.2000 	 4.0879 	 0.2809
[2025/10/14 09:37:50] - ==> Building model..
[2025/10/14 09:38:13] - Test Loss 	 Test Acc 	 PGD Loss 	 PGD Acc
[2025/10/14 09:38:13] - 2.5688 	 	 0.5178 	 2.8659 	 0.2805
[2025/10/14 09:39:07] - 78 	 27.4 	 	 0.2000 	 4.0892 	 0.2791
[2025/10/14 09:39:07] - ==> Building model..
[2025/10/14 09:39:30] - Test Loss 	 Test Acc 	 PGD Loss 	 PGD Acc
[2025/10/14 09:39:30] - 2.5706 	 	 0.5166 	 2.8670 	 0.2799
[2025/10/14 09:40:22] - 79 	 26.9 	 	 0.2000 	 4.0879 	 0.2801
[2025/10/14 09:40:22] - ==> Building model..
[2025/10/14 09:40:45] - Test Loss 	 Test Acc 	 PGD Loss 	 PGD Acc
[2025/10/14 09:40:45] - 2.5724 	 	 0.5162 	 2.8680 	 0.2802
[2025/10/14 09:41:38] - 80 	 26.6 	 	 0.2000 	 4.0871 	 0.2797
[2025/10/14 09:41:38] - ==> Building model..
[2025/10/14 09:42:01] - Test Loss 	 Test Acc 	 PGD Loss 	 PGD Acc
[2025/10/14 09:42:01] - 2.5751 	 	 0.5148 	 2.8693 	 0.2809
[2025/10/14 09:42:52] - 81 	 24.8 	 	 0.2000 	 4.0890 	 0.2772
[2025/10/14 09:42:52] - ==> Building model..
[2025/10/14 09:43:08] - Test Loss 	 Test Acc 	 PGD Loss 	 PGD Acc
[2025/10/14 09:43:08] - 2.5777 	 	 0.5140 	 2.8713 	 0.2806
[2025/10/14 09:43:53] - 82 	 18.5 	 	 0.2000 	 4.0901 	 0.2794
[2025/10/14 09:43:53] - ==> Building model..
[2025/10/14 09:44:13] - Test Loss 	 Test Acc 	 PGD Loss 	 PGD Acc
[2025/10/14 09:44:13] - 2.5779 	 	 0.5142 	 2.8718 	 0.2811
[2025/10/14 09:45:06] - 83 	 26.6 	 	 0.2000 	 4.0870 	 0.2804
[2025/10/14 09:45:06] - ==> Building model..
[2025/10/14 09:45:29] - Test Loss 	 Test Acc 	 PGD Loss 	 PGD Acc
[2025/10/14 09:45:29] - 2.5797 	 	 0.5132 	 2.8725 	 0.2811
[2025/10/14 09:46:22] - 84 	 26.5 	 	 0.2000 	 4.0908 	 0.2763
[2025/10/14 09:46:22] - ==> Building model..
[2025/10/14 09:46:45] - Test Loss 	 Test Acc 	 PGD Loss 	 PGD Acc
[2025/10/14 09:46:45] - 2.5806 	 	 0.5146 	 2.8737 	 0.2819
[2025/10/14 09:47:40] - 85 	 27.2 	 	 0.2000 	 4.0892 	 0.2811
[2025/10/14 09:47:40] - ==> Building model..
[2025/10/14 09:48:02] - Test Loss 	 Test Acc 	 PGD Loss 	 PGD Acc
[2025/10/14 09:48:02] - 2.5819 	 	 0.5157 	 2.8745 	 0.2829
[2025/10/14 09:48:55] - 86 	 26.2 	 	 0.2000 	 4.0898 	 0.2794
[2025/10/14 09:48:55] - ==> Building model..
[2025/10/14 09:49:18] - Test Loss 	 Test Acc 	 PGD Loss 	 PGD Acc
[2025/10/14 09:49:18] - 2.5832 	 	 0.5156 	 2.8759 	 0.2834
[2025/10/14 09:50:12] - 87 	 28.1 	 	 0.2000 	 4.0893 	 0.2800
[2025/10/14 09:50:12] - ==> Building model..
[2025/10/14 09:50:35] - Test Loss 	 Test Acc 	 PGD Loss 	 PGD Acc
[2025/10/14 09:50:35] - 2.5848 	 	 0.5153 	 2.8767 	 0.2840
[2025/10/14 09:51:21] - 88 	 20.3 	 	 0.2000 	 4.0905 	 0.2786
[2025/10/14 09:51:21] - ==> Building model..
[2025/10/14 09:51:38] - Test Loss 	 Test Acc 	 PGD Loss 	 PGD Acc
[2025/10/14 09:51:38] - 2.5862 	 	 0.5157 	 2.8776 	 0.2834
[2025/10/14 09:52:25] - 89 	 19.9 	 	 0.2000 	 4.0899 	 0.2806
[2025/10/14 09:52:25] - ==> Building model..
[2025/10/14 09:52:42] - Test Loss 	 Test Acc 	 PGD Loss 	 PGD Acc
[2025/10/14 09:52:42] - 2.5879 	 	 0.5155 	 2.8782 	 0.2839
[2025/10/14 09:53:27] - 90 	 18.2 	 	 0.0200 	 3.9952 	 0.3407
[2025/10/14 09:53:27] - ==> Building model..
[2025/10/14 09:53:43] - Test Loss 	 Test Acc 	 PGD Loss 	 PGD Acc
[2025/10/14 09:53:43] - 2.5857 	 	 0.5164 	 2.8769 	 0.2838
[2025/10/14 09:54:25] - 91 	 17.4 	 	 0.0200 	 3.9013 	 0.4014
[2025/10/14 09:54:25] - ==> Building model..
[2025/10/14 09:54:41] - Test Loss 	 Test Acc 	 PGD Loss 	 PGD Acc
[2025/10/14 09:54:41] - 2.5844 	 	 0.5166 	 2.8760 	 0.2837
[2025/10/14 09:55:26] - 92 	 18.4 	 	 0.0200 	 3.8749 	 0.4192
[2025/10/14 09:55:26] - ==> Building model..
[2025/10/14 09:55:42] - Test Loss 	 Test Acc 	 PGD Loss 	 PGD Acc
[2025/10/14 09:55:42] - 2.5843 	 	 0.5169 	 2.8767 	 0.2830
[2025/10/14 09:56:25] - 93 	 17.9 	 	 0.0200 	 3.8574 	 0.4330
[2025/10/14 09:56:25] - ==> Building model..
[2025/10/14 09:56:42] - Test Loss 	 Test Acc 	 PGD Loss 	 PGD Acc
[2025/10/14 09:56:42] - 2.5848 	 	 0.5170 	 2.8769 	 0.2834
[2025/10/14 09:57:27] - 94 	 18.1 	 	 0.0200 	 3.8417 	 0.4426
[2025/10/14 09:57:27] - ==> Building model..
[2025/10/14 09:57:45] - Test Loss 	 Test Acc 	 PGD Loss 	 PGD Acc
[2025/10/14 09:57:45] - 2.5861 	 	 0.5167 	 2.8778 	 0.2834
[2025/10/14 09:58:37] - 95 	 25.6 	 	 0.0200 	 3.8302 	 0.4519
[2025/10/14 09:58:37] - ==> Building model..
[2025/10/14 09:59:00] - Test Loss 	 Test Acc 	 PGD Loss 	 PGD Acc
[2025/10/14 09:59:00] - 2.5871 	 	 0.5165 	 2.8785 	 0.2825
[2025/10/14 09:59:52] - 96 	 25.6 	 	 0.0200 	 3.8190 	 0.4615
[2025/10/14 09:59:52] - ==> Building model..
[2025/10/14 10:00:15] - Test Loss 	 Test Acc 	 PGD Loss 	 PGD Acc
[2025/10/14 10:00:15] - 2.5915 	 	 0.5165 	 2.8820 	 0.2827
[2025/10/14 10:01:05] - 97 	 25.7 	 	 0.0200 	 3.8103 	 0.4678
[2025/10/14 10:01:05] - ==> Building model..
[2025/10/14 10:01:27] - Test Loss 	 Test Acc 	 PGD Loss 	 PGD Acc
[2025/10/14 10:01:27] - 2.5970 	 	 0.5156 	 2.8869 	 0.2827
[2025/10/14 10:02:20] - 98 	 26.1 	 	 0.0200 	 3.8020 	 0.4731
[2025/10/14 10:02:20] - ==> Building model..
[2025/10/14 10:02:43] - Test Loss 	 Test Acc 	 PGD Loss 	 PGD Acc
[2025/10/14 10:02:43] - 2.6014 	 	 0.5152 	 2.8904 	 0.2819
[2025/10/14 10:03:35] - 99 	 25.5 	 	 0.0200 	 3.7953 	 0.4795
[2025/10/14 10:03:35] - ==> Building model..
[2025/10/14 10:03:58] - Test Loss 	 Test Acc 	 PGD Loss 	 PGD Acc
[2025/10/14 10:03:58] - 2.6026 	 	 0.5145 	 2.8918 	 0.2814
[2025/10/14 10:03:58] - [0.0966, 0.145, 0.1821, 0.2333, 0.2775, 0.3105, 0.3497, 0.3853, 0.4027, 0.4165, 0.4262, 0.4393, 0.4503, 0.4538, 0.4571, 0.4631, 0.468, 0.4711, 0.4761, 0.4797, 0.4823, 0.4867, 0.4878, 0.4903, 0.4917, 0.4935, 0.4973, 0.5001, 0.4992, 0.4998, 0.5027, 0.5028, 0.5023, 0.5036, 0.5042, 0.5031, 0.5036, 0.5067, 0.5087, 0.5095, 0.5102, 0.5104, 0.51, 0.5135, 0.5153, 0.5157, 0.5165, 0.5155, 0.5154, 0.5165, 0.5164, 0.5164, 0.5163, 0.5165, 0.5166, 0.5179, 0.5178, 0.5185, 0.5183, 0.5182, 0.5179, 0.5183, 0.5182, 0.518, 0.5186, 0.5184, 0.5175, 0.5177, 0.5175, 0.518, 0.5172, 0.5182, 0.5187, 0.5187, 0.5187, 0.5182, 0.5183, 0.5178, 0.5166, 0.5162, 0.5148, 0.514, 0.5142, 0.5132, 0.5146, 0.5157, 0.5156, 0.5153, 0.5157, 0.5155, 0.5164, 0.5166, 0.5169, 0.517, 0.5167, 0.5165, 0.5165, 0.5156, 0.5152, 0.5145]
[2025/10/14 10:03:58] - [0.0649, 0.0942, 0.1158, 0.1394, 0.1613, 0.177, 0.1939, 0.2072, 0.2163, 0.223, 0.2315, 0.2368, 0.2416, 0.2427, 0.2453, 0.2514, 0.252, 0.2538, 0.2566, 0.2581, 0.2583, 0.2585, 0.2602, 0.2625, 0.2636, 0.2635, 0.2671, 0.2688, 0.2678, 0.2683, 0.2696, 0.2704, 0.2718, 0.2728, 0.2737, 0.2753, 0.275, 0.2751, 0.2762, 0.2764, 0.2768, 0.2763, 0.2769, 0.276, 0.2776, 0.279, 0.2785, 0.2802, 0.2798, 0.279, 0.28, 0.2802, 0.2795, 0.2794, 0.2775, 0.2786, 0.2779, 0.279, 0.2791, 0.2787, 0.2786, 0.2794, 0.2782, 0.2775, 0.2789, 0.278, 0.2789, 0.2781, 0.2785, 0.2781, 0.2781, 0.2768, 0.2782, 0.279, 0.278, 0.2778, 0.2787, 0.2805, 0.2799, 0.2802, 0.2809, 0.2806, 0.2811, 0.2811, 0.2819, 0.2829, 0.2834, 0.284, 0.2834, 0.2839, 0.2838, 0.2837, 0.283, 0.2834, 0.2834, 0.2825, 0.2827, 0.2827, 0.2819, 0.2814]
