[2025/10/13 13:43:16] - Namespace(batch_size=128, data_dir='tiny-imagenet-200', epochs=110, lr_schedule='multistep', lr_min=0.0, lr_max=0.1, weight_decay=0.0005, momentum=0.9, model='PreActResNest18', epsilon=8, alpha=8, delta_init='random', normal_mean=0, normal_std=1, out_dir='./output/Tiny_ImageNet/lamda_30_lamscale_0.12_run1', seed=0, lamda=30.0, lam_scale=0.12, lam_start=40, gamma=0.025, inner_gamma=0.025, beta=0.2, mu=3.5, batch_m=0.75, early_stop=False, factor=0.3, length=6, n_holes=1, c_num=0.125, EMA_value=0.55)
[2025/10/13 13:44:37] - ==> Building model..
[2025/10/13 13:44:37] - Epoch 	 Seconds 	 LR 	 	 Train Loss 	 Train Acc
[2025/10/13 13:47:05] - 0 	 143.0 	 	 0.1000 	 5.2969 	 0.0262
[2025/10/13 13:47:05] - ==> Building model..
[2025/10/13 13:47:58] - Test Loss 	 Test Acc 	 PGD Loss 	 PGD Acc
[2025/10/13 13:47:58] - 5.0190 	 	 0.0698 	 5.0290 	 0.0408
[2025/10/13 13:50:26] - 1 	 141.4 	 	 0.1000 	 5.2325 	 0.0677
[2025/10/13 13:50:26] - ==> Building model..
[2025/10/13 13:51:19] - Test Loss 	 Test Acc 	 PGD Loss 	 PGD Acc
[2025/10/13 13:51:19] - 4.7765 	 	 0.1362 	 4.8089 	 0.0724
[2025/10/13 13:53:46] - 2 	 140.9 	 	 0.1000 	 5.2001 	 0.0981
[2025/10/13 13:53:46] - ==> Building model..
[2025/10/13 13:54:40] - Test Loss 	 Test Acc 	 PGD Loss 	 PGD Acc
[2025/10/13 13:54:40] - 4.6216 	 	 0.1773 	 4.6770 	 0.0935
[2025/10/13 13:57:07] - 3 	 141.1 	 	 0.1000 	 5.1731 	 0.1231
[2025/10/13 13:57:07] - ==> Building model..
[2025/10/13 13:58:01] - Test Loss 	 Test Acc 	 PGD Loss 	 PGD Acc
[2025/10/13 13:58:01] - 4.5120 	 	 0.2068 	 4.5863 	 0.1070
[2025/10/13 14:00:29] - 4 	 141.1 	 	 0.1000 	 5.1487 	 0.1438
[2025/10/13 14:00:29] - ==> Building model..
[2025/10/13 14:01:23] - Test Loss 	 Test Acc 	 PGD Loss 	 PGD Acc
[2025/10/13 14:01:23] - 4.4536 	 	 0.2298 	 4.5409 	 0.1174
[2025/10/13 14:03:51] - 5 	 140.9 	 	 0.1000 	 5.1284 	 0.1625
[2025/10/13 14:03:51] - ==> Building model..
[2025/10/13 14:04:46] - Test Loss 	 Test Acc 	 PGD Loss 	 PGD Acc
[2025/10/13 14:04:46] - 4.4491 	 	 0.2411 	 4.5416 	 0.1215
[2025/10/13 14:07:13] - 6 	 141.1 	 	 0.1000 	 5.1137 	 0.1769
[2025/10/13 14:07:13] - ==> Building model..
[2025/10/13 14:08:08] - Test Loss 	 Test Acc 	 PGD Loss 	 PGD Acc
[2025/10/13 14:08:08] - 4.3551 	 	 0.2626 	 4.4662 	 0.1327
[2025/10/13 14:10:36] - 7 	 140.9 	 	 0.1000 	 5.1017 	 0.1896
[2025/10/13 14:10:36] - ==> Building model..
[2025/10/13 14:11:31] - Test Loss 	 Test Acc 	 PGD Loss 	 PGD Acc
[2025/10/13 14:11:31] - 4.1814 	 	 0.2987 	 4.3274 	 0.1515
[2025/10/13 14:13:56] - 8 	 139.9 	 	 0.1000 	 5.0907 	 0.1994
[2025/10/13 14:13:56] - ==> Building model..
[2025/10/13 14:14:51] - Test Loss 	 Test Acc 	 PGD Loss 	 PGD Acc
[2025/10/13 14:14:51] - 4.0168 	 	 0.3319 	 4.1990 	 0.1674
[2025/10/13 14:17:16] - 9 	 139.6 	 	 0.1000 	 5.0817 	 0.2086
[2025/10/13 14:17:16] - ==> Building model..
[2025/10/13 14:18:10] - Test Loss 	 Test Acc 	 PGD Loss 	 PGD Acc
[2025/10/13 14:18:10] - 3.9166 	 	 0.3513 	 4.1231 	 0.1774
[2025/10/13 14:20:35] - 10 	 139.8 	 	 0.1000 	 5.0739 	 0.2174
[2025/10/13 14:20:35] - ==> Building model..
[2025/10/13 14:21:29] - Test Loss 	 Test Acc 	 PGD Loss 	 PGD Acc
[2025/10/13 14:21:29] - 3.8450 	 	 0.3680 	 4.0696 	 0.1849
[2025/10/13 14:23:55] - 11 	 139.5 	 	 0.1000 	 5.0659 	 0.2243
[2025/10/13 14:23:55] - ==> Building model..
[2025/10/13 14:24:49] - Test Loss 	 Test Acc 	 PGD Loss 	 PGD Acc
[2025/10/13 14:24:49] - 3.7865 	 	 0.3777 	 4.0266 	 0.1910
[2025/10/13 14:27:17] - 12 	 140.0 	 	 0.1000 	 5.0598 	 0.2325
[2025/10/13 14:27:17] - ==> Building model..
[2025/10/13 14:28:13] - Test Loss 	 Test Acc 	 PGD Loss 	 PGD Acc
[2025/10/13 14:28:13] - 3.7490 	 	 0.3844 	 3.9991 	 0.1958
[2025/10/13 14:30:41] - 13 	 140.9 	 	 0.1000 	 5.0538 	 0.2372
[2025/10/13 14:30:41] - ==> Building model..
[2025/10/13 14:31:36] - Test Loss 	 Test Acc 	 PGD Loss 	 PGD Acc
[2025/10/13 14:31:36] - 3.7151 	 	 0.3931 	 3.9747 	 0.1990
[2025/10/13 14:34:01] - 14 	 139.1 	 	 0.1000 	 5.0487 	 0.2413
[2025/10/13 14:34:01] - ==> Building model..
[2025/10/13 14:34:55] - Test Loss 	 Test Acc 	 PGD Loss 	 PGD Acc
[2025/10/13 14:34:55] - 3.6798 	 	 0.3997 	 3.9493 	 0.2016
[2025/10/13 14:37:20] - 15 	 139.0 	 	 0.1000 	 5.0442 	 0.2464
[2025/10/13 14:37:20] - ==> Building model..
[2025/10/13 14:38:15] - Test Loss 	 Test Acc 	 PGD Loss 	 PGD Acc
[2025/10/13 14:38:15] - 3.6489 	 	 0.4055 	 3.9278 	 0.2033
[2025/10/13 14:40:41] - 16 	 139.0 	 	 0.1000 	 5.0395 	 0.2521
[2025/10/13 14:40:41] - ==> Building model..
[2025/10/13 14:41:37] - Test Loss 	 Test Acc 	 PGD Loss 	 PGD Acc
[2025/10/13 14:41:37] - 3.6233 	 	 0.4104 	 3.9096 	 0.2053
[2025/10/13 14:44:01] - 17 	 138.5 	 	 0.1000 	 5.0352 	 0.2574
[2025/10/13 14:44:01] - ==> Building model..
[2025/10/13 14:44:55] - Test Loss 	 Test Acc 	 PGD Loss 	 PGD Acc
[2025/10/13 14:44:55] - 3.6036 	 	 0.4132 	 3.8959 	 0.2098
[2025/10/13 14:47:21] - 18 	 138.5 	 	 0.1000 	 5.0322 	 0.2606
[2025/10/13 14:47:21] - ==> Building model..
[2025/10/13 14:48:16] - Test Loss 	 Test Acc 	 PGD Loss 	 PGD Acc
[2025/10/13 14:48:16] - 3.5859 	 	 0.4182 	 3.8831 	 0.2102
[2025/10/13 14:50:42] - 19 	 138.4 	 	 0.1000 	 5.0285 	 0.2642
[2025/10/13 14:50:42] - ==> Building model..
[2025/10/13 14:51:36] - Test Loss 	 Test Acc 	 PGD Loss 	 PGD Acc
[2025/10/13 14:51:36] - 3.5719 	 	 0.4198 	 3.8735 	 0.2115
[2025/10/13 14:54:02] - 20 	 139.0 	 	 0.1000 	 5.0260 	 0.2659
[2025/10/13 14:54:02] - ==> Building model..
[2025/10/13 14:54:56] - Test Loss 	 Test Acc 	 PGD Loss 	 PGD Acc
[2025/10/13 14:54:56] - 3.5550 	 	 0.4246 	 3.8626 	 0.2135
[2025/10/13 14:57:21] - 21 	 138.9 	 	 0.1000 	 5.0236 	 0.2685
[2025/10/13 14:57:21] - ==> Building model..
[2025/10/13 14:58:15] - Test Loss 	 Test Acc 	 PGD Loss 	 PGD Acc
[2025/10/13 14:58:15] - 3.5415 	 	 0.4266 	 3.8527 	 0.2147
[2025/10/13 15:00:42] - 22 	 139.8 	 	 0.1000 	 5.0202 	 0.2712
[2025/10/13 15:00:42] - ==> Building model..
[2025/10/13 15:01:37] - Test Loss 	 Test Acc 	 PGD Loss 	 PGD Acc
[2025/10/13 15:01:37] - 3.5264 	 	 0.4298 	 3.8424 	 0.2155
[2025/10/13 15:04:03] - 23 	 139.7 	 	 0.1000 	 5.0183 	 0.2739
[2025/10/13 15:04:03] - ==> Building model..
[2025/10/13 15:04:59] - Test Loss 	 Test Acc 	 PGD Loss 	 PGD Acc
[2025/10/13 15:04:59] - 3.5154 	 	 0.4311 	 3.8348 	 0.2153
[2025/10/13 15:07:26] - 24 	 140.3 	 	 0.1000 	 5.0159 	 0.2766
[2025/10/13 15:07:26] - ==> Building model..
[2025/10/13 15:08:21] - Test Loss 	 Test Acc 	 PGD Loss 	 PGD Acc
[2025/10/13 15:08:21] - 3.5033 	 	 0.4331 	 3.8270 	 0.2181
[2025/10/13 15:10:47] - 25 	 139.4 	 	 0.1000 	 5.0141 	 0.2764
[2025/10/13 15:10:47] - ==> Building model..
[2025/10/13 15:11:43] - Test Loss 	 Test Acc 	 PGD Loss 	 PGD Acc
[2025/10/13 15:11:43] - 3.4901 	 	 0.4352 	 3.8178 	 0.2191
[2025/10/13 15:14:10] - 26 	 139.7 	 	 0.1000 	 5.0124 	 0.2789
[2025/10/13 15:14:10] - ==> Building model..
[2025/10/13 15:15:04] - Test Loss 	 Test Acc 	 PGD Loss 	 PGD Acc
[2025/10/13 15:15:04] - 3.4798 	 	 0.4375 	 3.8105 	 0.2201
[2025/10/13 15:17:29] - 27 	 139.2 	 	 0.1000 	 5.0106 	 0.2816
[2025/10/13 15:17:29] - ==> Building model..
[2025/10/13 15:18:24] - Test Loss 	 Test Acc 	 PGD Loss 	 PGD Acc
[2025/10/13 15:18:24] - 3.4708 	 	 0.4401 	 3.8048 	 0.2199
[2025/10/13 15:20:50] - 28 	 139.9 	 	 0.1000 	 5.0081 	 0.2836
[2025/10/13 15:20:50] - ==> Building model..
[2025/10/13 15:21:46] - Test Loss 	 Test Acc 	 PGD Loss 	 PGD Acc
[2025/10/13 15:21:46] - 3.4611 	 	 0.4425 	 3.7983 	 0.2204
[2025/10/13 15:25:47] - 29 	 233.9 	 	 0.1000 	 5.0065 	 0.2843
[2025/10/13 15:25:47] - ==> Building model..
[2025/10/13 15:27:31] - Test Loss 	 Test Acc 	 PGD Loss 	 PGD Acc
[2025/10/13 15:27:31] - 3.4529 	 	 0.4443 	 3.7925 	 0.2204
[2025/10/13 15:30:54] - 30 	 196.7 	 	 0.1000 	 5.0054 	 0.2867
[2025/10/13 15:30:54] - ==> Building model..
[2025/10/13 15:31:50] - Test Loss 	 Test Acc 	 PGD Loss 	 PGD Acc
[2025/10/13 15:31:50] - 3.4455 	 	 0.4470 	 3.7883 	 0.2212
[2025/10/13 15:34:17] - 31 	 140.2 	 	 0.1000 	 5.0042 	 0.2867
[2025/10/13 15:34:17] - ==> Building model..
[2025/10/13 15:35:14] - Test Loss 	 Test Acc 	 PGD Loss 	 PGD Acc
[2025/10/13 15:35:14] - 3.4383 	 	 0.4482 	 3.7831 	 0.2204
[2025/10/13 15:37:41] - 32 	 140.3 	 	 0.1000 	 5.0034 	 0.2859
[2025/10/13 15:37:41] - ==> Building model..
[2025/10/13 15:38:35] - Test Loss 	 Test Acc 	 PGD Loss 	 PGD Acc
[2025/10/13 15:38:35] - 3.4309 	 	 0.4499 	 3.7787 	 0.2218
[2025/10/13 15:41:03] - 33 	 140.2 	 	 0.1000 	 5.0015 	 0.2912
[2025/10/13 15:41:03] - ==> Building model..
[2025/10/13 15:41:58] - Test Loss 	 Test Acc 	 PGD Loss 	 PGD Acc
[2025/10/13 15:41:58] - 3.4226 	 	 0.4512 	 3.7730 	 0.2220
[2025/10/13 15:44:23] - 34 	 138.9 	 	 0.1000 	 5.0000 	 0.2921
[2025/10/13 15:44:23] - ==> Building model..
[2025/10/13 15:45:18] - Test Loss 	 Test Acc 	 PGD Loss 	 PGD Acc
[2025/10/13 15:45:18] - 3.4166 	 	 0.4516 	 3.7693 	 0.2231
[2025/10/13 15:47:44] - 35 	 139.8 	 	 0.1000 	 4.9989 	 0.2921
[2025/10/13 15:47:44] - ==> Building model..
[2025/10/13 15:48:38] - Test Loss 	 Test Acc 	 PGD Loss 	 PGD Acc
[2025/10/13 15:48:38] - 3.4113 	 	 0.4532 	 3.7664 	 0.2225
[2025/10/13 15:51:05] - 36 	 140.0 	 	 0.1000 	 4.9985 	 0.2936
[2025/10/13 15:51:05] - ==> Building model..
[2025/10/13 15:52:03] - Test Loss 	 Test Acc 	 PGD Loss 	 PGD Acc
[2025/10/13 15:52:03] - 3.4066 	 	 0.4539 	 3.7638 	 0.2235
[2025/10/13 15:56:00] - 37 	 230.6 	 	 0.1000 	 4.9962 	 0.2963
[2025/10/13 15:56:00] - ==> Building model..
[2025/10/13 15:57:44] - Test Loss 	 Test Acc 	 PGD Loss 	 PGD Acc
[2025/10/13 15:57:44] - 3.4033 	 	 0.4552 	 3.7622 	 0.2248
[2025/10/13 16:00:51] - 38 	 180.4 	 	 0.1000 	 4.9959 	 0.2948
[2025/10/13 16:00:51] - ==> Building model..
[2025/10/13 16:01:46] - Test Loss 	 Test Acc 	 PGD Loss 	 PGD Acc
[2025/10/13 16:01:46] - 3.3990 	 	 0.4553 	 3.7598 	 0.2254
[2025/10/13 16:04:14] - 39 	 140.7 	 	 0.1000 	 4.9945 	 0.2972
[2025/10/13 16:04:14] - ==> Building model..
[2025/10/13 16:05:16] - Test Loss 	 Test Acc 	 PGD Loss 	 PGD Acc
[2025/10/13 16:05:16] - 3.3947 	 	 0.4586 	 3.7574 	 0.2256
[2025/10/13 16:07:58] - 40 	 156.1 	 	 0.1000 	 4.9941 	 0.2965
[2025/10/13 16:07:58] - ==> Building model..
[2025/10/13 16:08:52] - Test Loss 	 Test Acc 	 PGD Loss 	 PGD Acc
[2025/10/13 16:08:52] - 3.3902 	 	 0.4583 	 3.7540 	 0.2257
[2025/10/13 16:11:18] - 41 	 138.3 	 	 0.1000 	 4.9932 	 0.2975
[2025/10/13 16:11:18] - ==> Building model..
[2025/10/13 16:12:12] - Test Loss 	 Test Acc 	 PGD Loss 	 PGD Acc
[2025/10/13 16:12:12] - 3.3879 	 	 0.4597 	 3.7533 	 0.2260
[2025/10/13 16:14:38] - 42 	 139.3 	 	 0.1000 	 4.9927 	 0.3006
[2025/10/13 16:14:38] - ==> Building model..
[2025/10/13 16:16:01] - Test Loss 	 Test Acc 	 PGD Loss 	 PGD Acc
[2025/10/13 16:16:01] - 3.3850 	 	 0.4609 	 3.7515 	 0.2259
[2025/10/13 16:20:09] - 43 	 242.9 	 	 0.1000 	 4.9923 	 0.3016
[2025/10/13 16:20:09] - ==> Building model..
[2025/10/13 16:21:42] - Test Loss 	 Test Acc 	 PGD Loss 	 PGD Acc
[2025/10/13 16:21:42] - 3.3842 	 	 0.4615 	 3.7511 	 0.2263
[2025/10/13 16:25:04] - 44 	 196.2 	 	 0.1000 	 4.9912 	 0.3017
[2025/10/13 16:25:04] - ==> Building model..
[2025/10/13 16:26:32] - Test Loss 	 Test Acc 	 PGD Loss 	 PGD Acc
[2025/10/13 16:26:32] - 3.3827 	 	 0.4624 	 3.7505 	 0.2268
[2025/10/13 16:31:23] - 45 	 285.3 	 	 0.1000 	 4.9912 	 0.3023
[2025/10/13 16:31:23] - ==> Building model..
[2025/10/13 16:32:39] - Test Loss 	 Test Acc 	 PGD Loss 	 PGD Acc
[2025/10/13 16:32:39] - 3.3818 	 	 0.4635 	 3.7503 	 0.2268
[2025/10/13 16:35:55] - 46 	 190.6 	 	 0.1000 	 4.9903 	 0.3044
[2025/10/13 16:35:55] - ==> Building model..
[2025/10/13 16:36:49] - Test Loss 	 Test Acc 	 PGD Loss 	 PGD Acc
[2025/10/13 16:36:49] - 3.3818 	 	 0.4633 	 3.7506 	 0.2274
[2025/10/13 16:39:59] - 47 	 183.5 	 	 0.1000 	 4.9904 	 0.3042
[2025/10/13 16:39:59] - ==> Building model..
[2025/10/13 16:40:53] - Test Loss 	 Test Acc 	 PGD Loss 	 PGD Acc
[2025/10/13 16:40:53] - 3.3818 	 	 0.4643 	 3.7504 	 0.2278
[2025/10/13 16:43:16] - 48 	 138.3 	 	 0.1000 	 4.9903 	 0.3039
[2025/10/13 16:43:16] - ==> Building model..
[2025/10/13 16:44:10] - Test Loss 	 Test Acc 	 PGD Loss 	 PGD Acc
[2025/10/13 16:44:10] - 3.3814 	 	 0.4650 	 3.7506 	 0.2278
[2025/10/13 16:46:35] - 49 	 139.1 	 	 0.1000 	 4.9905 	 0.3035
[2025/10/13 16:46:35] - ==> Building model..
[2025/10/13 16:47:30] - Test Loss 	 Test Acc 	 PGD Loss 	 PGD Acc
[2025/10/13 16:47:30] - 3.3817 	 	 0.4659 	 3.7513 	 0.2288
[2025/10/13 16:49:56] - 50 	 139.0 	 	 0.1000 	 4.9900 	 0.3047
[2025/10/13 16:49:56] - ==> Building model..
[2025/10/13 16:50:50] - Test Loss 	 Test Acc 	 PGD Loss 	 PGD Acc
[2025/10/13 16:50:50] - 3.3819 	 	 0.4676 	 3.7518 	 0.2284
[2025/10/13 16:53:16] - 51 	 139.2 	 	 0.1000 	 4.9900 	 0.3039
[2025/10/13 16:53:16] - ==> Building model..
[2025/10/13 16:54:10] - Test Loss 	 Test Acc 	 PGD Loss 	 PGD Acc
[2025/10/13 16:54:10] - 3.3830 	 	 0.4664 	 3.7525 	 0.2298
[2025/10/13 16:56:35] - 52 	 138.7 	 	 0.1000 	 4.9891 	 0.3051
[2025/10/13 16:56:35] - ==> Building model..
[2025/10/13 16:57:28] - Test Loss 	 Test Acc 	 PGD Loss 	 PGD Acc
[2025/10/13 16:57:28] - 3.3818 	 	 0.4671 	 3.7522 	 0.2313
[2025/10/13 16:59:52] - 53 	 138.6 	 	 0.1000 	 4.9883 	 0.3060
[2025/10/13 16:59:52] - ==> Building model..
[2025/10/13 17:00:47] - Test Loss 	 Test Acc 	 PGD Loss 	 PGD Acc
[2025/10/13 17:00:47] - 3.3832 	 	 0.4663 	 3.7530 	 0.2320
[2025/10/13 17:03:12] - 54 	 138.5 	 	 0.1000 	 4.9883 	 0.3067
[2025/10/13 17:03:12] - ==> Building model..
[2025/10/13 17:04:06] - Test Loss 	 Test Acc 	 PGD Loss 	 PGD Acc
[2025/10/13 17:04:06] - 3.3834 	 	 0.4670 	 3.7539 	 0.2311
[2025/10/13 17:06:29] - 55 	 138.4 	 	 0.1000 	 4.9874 	 0.3076
[2025/10/13 17:06:29] - ==> Building model..
[2025/10/13 17:07:23] - Test Loss 	 Test Acc 	 PGD Loss 	 PGD Acc
[2025/10/13 17:07:23] - 3.3826 	 	 0.4682 	 3.7538 	 0.2314
[2025/10/13 17:09:47] - 56 	 138.4 	 	 0.1000 	 4.9871 	 0.3087
[2025/10/13 17:09:47] - ==> Building model..
[2025/10/13 17:10:40] - Test Loss 	 Test Acc 	 PGD Loss 	 PGD Acc
[2025/10/13 17:10:40] - 3.3829 	 	 0.4681 	 3.7545 	 0.2319
[2025/10/13 17:13:04] - 57 	 138.5 	 	 0.1000 	 4.9865 	 0.3076
[2025/10/13 17:13:04] - ==> Building model..
[2025/10/13 17:13:58] - Test Loss 	 Test Acc 	 PGD Loss 	 PGD Acc
[2025/10/13 17:13:58] - 3.3844 	 	 0.4676 	 3.7558 	 0.2316
[2025/10/13 17:16:21] - 58 	 138.1 	 	 0.1000 	 4.9866 	 0.3078
[2025/10/13 17:16:21] - ==> Building model..
[2025/10/13 17:17:15] - Test Loss 	 Test Acc 	 PGD Loss 	 PGD Acc
[2025/10/13 17:17:15] - 3.3860 	 	 0.4678 	 3.7564 	 0.2325
[2025/10/13 17:19:39] - 59 	 137.8 	 	 0.1000 	 4.9863 	 0.3085
[2025/10/13 17:19:39] - ==> Building model..
[2025/10/13 17:20:33] - Test Loss 	 Test Acc 	 PGD Loss 	 PGD Acc
[2025/10/13 17:20:33] - 3.3868 	 	 0.4678 	 3.7582 	 0.2320
[2025/10/13 17:22:57] - 60 	 138.0 	 	 0.1000 	 4.9856 	 0.3071
[2025/10/13 17:22:57] - ==> Building model..
[2025/10/13 17:23:51] - Test Loss 	 Test Acc 	 PGD Loss 	 PGD Acc
[2025/10/13 17:23:51] - 3.3882 	 	 0.4683 	 3.7599 	 0.2326
[2025/10/13 17:26:16] - 61 	 137.9 	 	 0.1000 	 4.9854 	 0.3088
[2025/10/13 17:26:16] - ==> Building model..
[2025/10/13 17:27:09] - Test Loss 	 Test Acc 	 PGD Loss 	 PGD Acc
[2025/10/13 17:27:09] - 3.3901 	 	 0.4686 	 3.7624 	 0.2322
[2025/10/13 17:29:32] - 62 	 137.6 	 	 0.1000 	 4.9852 	 0.3087
[2025/10/13 17:29:32] - ==> Building model..
[2025/10/13 17:30:26] - Test Loss 	 Test Acc 	 PGD Loss 	 PGD Acc
[2025/10/13 17:30:26] - 3.3938 	 	 0.4697 	 3.7667 	 0.2321
[2025/10/13 17:32:50] - 63 	 137.8 	 	 0.1000 	 4.9839 	 0.3116
[2025/10/13 17:32:50] - ==> Building model..
[2025/10/13 17:33:44] - Test Loss 	 Test Acc 	 PGD Loss 	 PGD Acc
[2025/10/13 17:33:44] - 3.3964 	 	 0.4698 	 3.7693 	 0.2322
[2025/10/13 17:36:07] - 64 	 138.0 	 	 0.1000 	 4.9840 	 0.3124
[2025/10/13 17:36:07] - ==> Building model..
[2025/10/13 17:37:01] - Test Loss 	 Test Acc 	 PGD Loss 	 PGD Acc
[2025/10/13 17:37:01] - 3.3997 	 	 0.4697 	 3.7734 	 0.2324
[2025/10/13 17:39:24] - 65 	 138.0 	 	 0.1000 	 4.9838 	 0.3097
[2025/10/13 17:39:24] - ==> Building model..
[2025/10/13 17:40:19] - Test Loss 	 Test Acc 	 PGD Loss 	 PGD Acc
[2025/10/13 17:40:19] - 3.4033 	 	 0.4696 	 3.7767 	 0.2330
[2025/10/13 17:42:43] - 66 	 137.7 	 	 0.1000 	 4.9829 	 0.3124
[2025/10/13 17:42:43] - ==> Building model..
[2025/10/13 17:43:37] - Test Loss 	 Test Acc 	 PGD Loss 	 PGD Acc
[2025/10/13 17:43:37] - 3.4058 	 	 0.4692 	 3.7796 	 0.2328
[2025/10/13 17:46:00] - 67 	 137.5 	 	 0.1000 	 4.9834 	 0.3115
[2025/10/13 17:46:00] - ==> Building model..
[2025/10/13 17:46:55] - Test Loss 	 Test Acc 	 PGD Loss 	 PGD Acc
[2025/10/13 17:46:55] - 3.4075 	 	 0.4691 	 3.7817 	 0.2338
[2025/10/13 17:49:19] - 68 	 137.7 	 	 0.1000 	 4.9826 	 0.3128
[2025/10/13 17:49:19] - ==> Building model..
[2025/10/13 17:50:12] - Test Loss 	 Test Acc 	 PGD Loss 	 PGD Acc
[2025/10/13 17:50:12] - 3.4090 	 	 0.4692 	 3.7838 	 0.2347
[2025/10/13 17:52:36] - 69 	 137.8 	 	 0.1000 	 4.9823 	 0.3123
[2025/10/13 17:52:36] - ==> Building model..
[2025/10/13 17:53:30] - Test Loss 	 Test Acc 	 PGD Loss 	 PGD Acc
[2025/10/13 17:53:30] - 3.4101 	 	 0.4694 	 3.7849 	 0.2355
[2025/10/13 17:55:54] - 70 	 138.2 	 	 0.1000 	 4.9818 	 0.3133
[2025/10/13 17:55:54] - ==> Building model..
[2025/10/13 17:56:48] - Test Loss 	 Test Acc 	 PGD Loss 	 PGD Acc
[2025/10/13 17:56:48] - 3.4085 	 	 0.4696 	 3.7844 	 0.2355
[2025/10/13 17:59:14] - 71 	 138.6 	 	 0.1000 	 4.9822 	 0.3107
[2025/10/13 17:59:14] - ==> Building model..
[2025/10/13 18:00:08] - Test Loss 	 Test Acc 	 PGD Loss 	 PGD Acc
[2025/10/13 18:00:08] - 3.4069 	 	 0.4698 	 3.7837 	 0.2363
[2025/10/13 18:02:32] - 72 	 138.2 	 	 0.1000 	 4.9815 	 0.3136
[2025/10/13 18:02:32] - ==> Building model..
[2025/10/13 18:03:25] - Test Loss 	 Test Acc 	 PGD Loss 	 PGD Acc
[2025/10/13 18:03:25] - 3.4035 	 	 0.4712 	 3.7813 	 0.2365
[2025/10/13 18:05:49] - 73 	 137.9 	 	 0.1000 	 4.9808 	 0.3143
[2025/10/13 18:05:49] - ==> Building model..
[2025/10/13 18:06:43] - Test Loss 	 Test Acc 	 PGD Loss 	 PGD Acc
[2025/10/13 18:06:43] - 3.4020 	 	 0.4721 	 3.7801 	 0.2370
[2025/10/13 18:09:06] - 74 	 138.2 	 	 0.1000 	 4.9812 	 0.3145
[2025/10/13 18:09:06] - ==> Building model..
[2025/10/13 18:10:01] - Test Loss 	 Test Acc 	 PGD Loss 	 PGD Acc
[2025/10/13 18:10:01] - 3.4005 	 	 0.4721 	 3.7798 	 0.2377
[2025/10/13 18:12:25] - 75 	 138.1 	 	 0.1000 	 4.9805 	 0.3137
[2025/10/13 18:12:25] - ==> Building model..
[2025/10/13 18:13:19] - Test Loss 	 Test Acc 	 PGD Loss 	 PGD Acc
[2025/10/13 18:13:19] - 3.3978 	 	 0.4729 	 3.7776 	 0.2374
[2025/10/13 18:15:43] - 76 	 138.6 	 	 0.1000 	 4.9800 	 0.3148
[2025/10/13 18:15:43] - ==> Building model..
[2025/10/13 18:16:37] - Test Loss 	 Test Acc 	 PGD Loss 	 PGD Acc
[2025/10/13 18:16:37] - 3.3929 	 	 0.4739 	 3.7742 	 0.2368
[2025/10/13 18:19:01] - 77 	 138.8 	 	 0.1000 	 4.9800 	 0.3157
[2025/10/13 18:19:01] - ==> Building model..
[2025/10/13 18:19:57] - Test Loss 	 Test Acc 	 PGD Loss 	 PGD Acc
[2025/10/13 18:19:57] - 3.3884 	 	 0.4738 	 3.7707 	 0.2367
[2025/10/13 18:22:20] - 78 	 137.6 	 	 0.1000 	 4.9799 	 0.3146
[2025/10/13 18:22:20] - ==> Building model..
[2025/10/13 18:23:15] - Test Loss 	 Test Acc 	 PGD Loss 	 PGD Acc
[2025/10/13 18:23:15] - 3.3818 	 	 0.4742 	 3.7650 	 0.2367
[2025/10/13 18:25:39] - 79 	 137.5 	 	 0.1000 	 4.9799 	 0.3159
[2025/10/13 18:25:39] - ==> Building model..
[2025/10/13 18:26:33] - Test Loss 	 Test Acc 	 PGD Loss 	 PGD Acc
[2025/10/13 18:26:33] - 3.3778 	 	 0.4748 	 3.7622 	 0.2364
[2025/10/13 18:28:59] - 80 	 138.8 	 	 0.1000 	 4.9796 	 0.3148
[2025/10/13 18:28:59] - ==> Building model..
[2025/10/13 18:29:53] - Test Loss 	 Test Acc 	 PGD Loss 	 PGD Acc
[2025/10/13 18:29:53] - 3.3715 	 	 0.4749 	 3.7573 	 0.2367
[2025/10/13 18:32:16] - 81 	 137.5 	 	 0.1000 	 4.9794 	 0.3157
[2025/10/13 18:32:16] - ==> Building model..
[2025/10/13 18:33:11] - Test Loss 	 Test Acc 	 PGD Loss 	 PGD Acc
[2025/10/13 18:33:11] - 3.3672 	 	 0.4760 	 3.7539 	 0.2366
[2025/10/13 18:35:34] - 82 	 136.9 	 	 0.1000 	 4.9790 	 0.3170
[2025/10/13 18:35:34] - ==> Building model..
[2025/10/13 18:36:28] - Test Loss 	 Test Acc 	 PGD Loss 	 PGD Acc
[2025/10/13 18:36:28] - 3.3635 	 	 0.4754 	 3.7514 	 0.2368
[2025/10/13 18:38:51] - 83 	 137.3 	 	 0.1000 	 4.9797 	 0.3157
[2025/10/13 18:38:51] - ==> Building model..
[2025/10/13 18:39:47] - Test Loss 	 Test Acc 	 PGD Loss 	 PGD Acc
[2025/10/13 18:39:47] - 3.3595 	 	 0.4754 	 3.7477 	 0.2365
[2025/10/13 18:42:13] - 84 	 139.1 	 	 0.1000 	 4.9790 	 0.3154
[2025/10/13 18:42:13] - ==> Building model..
[2025/10/13 18:43:09] - Test Loss 	 Test Acc 	 PGD Loss 	 PGD Acc
[2025/10/13 18:43:09] - 3.3553 	 	 0.4759 	 3.7445 	 0.2380
[2025/10/13 18:45:34] - 85 	 138.3 	 	 0.1000 	 4.9793 	 0.3165
[2025/10/13 18:45:34] - ==> Building model..
[2025/10/13 18:46:29] - Test Loss 	 Test Acc 	 PGD Loss 	 PGD Acc
[2025/10/13 18:46:29] - 3.3509 	 	 0.4774 	 3.7412 	 0.2384
[2025/10/13 18:48:53] - 86 	 137.4 	 	 0.1000 	 4.9789 	 0.3156
[2025/10/13 18:48:53] - ==> Building model..
[2025/10/13 18:49:48] - Test Loss 	 Test Acc 	 PGD Loss 	 PGD Acc
[2025/10/13 18:49:48] - 3.3473 	 	 0.4781 	 3.7389 	 0.2385
[2025/10/13 18:52:14] - 87 	 138.6 	 	 0.1000 	 4.9784 	 0.3166
[2025/10/13 18:52:14] - ==> Building model..
[2025/10/13 18:53:08] - Test Loss 	 Test Acc 	 PGD Loss 	 PGD Acc
[2025/10/13 18:53:08] - 3.3447 	 	 0.4789 	 3.7371 	 0.2386
[2025/10/13 18:55:32] - 88 	 137.1 	 	 0.1000 	 4.9787 	 0.3164
[2025/10/13 18:55:32] - ==> Building model..
[2025/10/13 18:56:27] - Test Loss 	 Test Acc 	 PGD Loss 	 PGD Acc
[2025/10/13 18:56:27] - 3.3414 	 	 0.4789 	 3.7337 	 0.2383
[2025/10/13 18:58:52] - 89 	 138.2 	 	 0.1000 	 4.9780 	 0.3158
[2025/10/13 18:58:52] - ==> Building model..
[2025/10/13 18:59:47] - Test Loss 	 Test Acc 	 PGD Loss 	 PGD Acc
[2025/10/13 18:59:47] - 3.3370 	 	 0.4790 	 3.7300 	 0.2388
[2025/10/13 19:02:11] - 90 	 137.9 	 	 0.1000 	 4.9778 	 0.3179
[2025/10/13 19:02:11] - ==> Building model..
[2025/10/13 19:03:07] - Test Loss 	 Test Acc 	 PGD Loss 	 PGD Acc
[2025/10/13 19:03:07] - 3.3320 	 	 0.4795 	 3.7268 	 0.2401
[2025/10/13 19:05:31] - 91 	 137.6 	 	 0.1000 	 4.9776 	 0.3184
[2025/10/13 19:05:31] - ==> Building model..
[2025/10/13 19:06:26] - Test Loss 	 Test Acc 	 PGD Loss 	 PGD Acc
[2025/10/13 19:06:26] - 3.3289 	 	 0.4790 	 3.7240 	 0.2390
[2025/10/13 19:08:51] - 92 	 138.4 	 	 0.1000 	 4.9784 	 0.3180
[2025/10/13 19:08:51] - ==> Building model..
[2025/10/13 19:09:46] - Test Loss 	 Test Acc 	 PGD Loss 	 PGD Acc
[2025/10/13 19:09:46] - 3.3259 	 	 0.4794 	 3.7217 	 0.2405
[2025/10/13 19:12:12] - 93 	 138.9 	 	 0.1000 	 4.9778 	 0.3180
[2025/10/13 19:12:12] - ==> Building model..
[2025/10/13 19:13:07] - Test Loss 	 Test Acc 	 PGD Loss 	 PGD Acc
[2025/10/13 19:13:07] - 3.3230 	 	 0.4799 	 3.7192 	 0.2403
[2025/10/13 19:15:31] - 94 	 137.6 	 	 0.1000 	 4.9785 	 0.3161
[2025/10/13 19:15:31] - ==> Building model..
[2025/10/13 19:16:26] - Test Loss 	 Test Acc 	 PGD Loss 	 PGD Acc
[2025/10/13 19:16:26] - 3.3216 	 	 0.4794 	 3.7173 	 0.2406
[2025/10/13 19:18:51] - 95 	 138.9 	 	 0.1000 	 4.9780 	 0.3173
[2025/10/13 19:18:51] - ==> Building model..
[2025/10/13 19:19:44] - Test Loss 	 Test Acc 	 PGD Loss 	 PGD Acc
[2025/10/13 19:19:44] - 3.3193 	 	 0.4803 	 3.7156 	 0.2401
[2025/10/13 19:22:09] - 96 	 138.9 	 	 0.1000 	 4.9785 	 0.3162
[2025/10/13 19:22:09] - ==> Building model..
[2025/10/13 19:23:02] - Test Loss 	 Test Acc 	 PGD Loss 	 PGD Acc
[2025/10/13 19:23:02] - 3.3175 	 	 0.4795 	 3.7143 	 0.2402
[2025/10/13 19:25:26] - 97 	 138.5 	 	 0.1000 	 4.9782 	 0.3196
[2025/10/13 19:25:26] - ==> Building model..
[2025/10/13 19:26:20] - Test Loss 	 Test Acc 	 PGD Loss 	 PGD Acc
[2025/10/13 19:26:20] - 3.3157 	 	 0.4798 	 3.7132 	 0.2405
[2025/10/13 19:28:44] - 98 	 138.7 	 	 0.1000 	 4.9780 	 0.3178
[2025/10/13 19:28:44] - ==> Building model..
[2025/10/13 19:29:38] - Test Loss 	 Test Acc 	 PGD Loss 	 PGD Acc
[2025/10/13 19:29:38] - 3.3138 	 	 0.4803 	 3.7119 	 0.2413
[2025/10/13 19:32:01] - 99 	 137.6 	 	 0.0100 	 4.8777 	 0.4446
[2025/10/13 19:32:01] - ==> Building model..
[2025/10/13 19:32:55] - Test Loss 	 Test Acc 	 PGD Loss 	 PGD Acc
[2025/10/13 19:32:55] - 3.3134 	 	 0.4807 	 3.7116 	 0.2410
[2025/10/13 19:35:18] - 100 	 137.7 	 	 0.0100 	 4.8098 	 0.5383
[2025/10/13 19:35:18] - ==> Building model..
[2025/10/13 19:36:12] - Test Loss 	 Test Acc 	 PGD Loss 	 PGD Acc
[2025/10/13 19:36:12] - 3.3134 	 	 0.4807 	 3.7113 	 0.2410
[2025/10/13 19:38:35] - 101 	 137.8 	 	 0.0100 	 4.7838 	 0.5775
[2025/10/13 19:38:35] - ==> Building model..
[2025/10/13 19:39:30] - Test Loss 	 Test Acc 	 PGD Loss 	 PGD Acc
[2025/10/13 19:39:30] - 3.3134 	 	 0.4807 	 3.7117 	 0.2411
[2025/10/13 19:41:55] - 102 	 138.4 	 	 0.0100 	 4.7618 	 0.6129
[2025/10/13 19:41:55] - ==> Building model..
[2025/10/13 19:42:49] - Test Loss 	 Test Acc 	 PGD Loss 	 PGD Acc
[2025/10/13 19:42:49] - 3.3134 	 	 0.4807 	 3.7118 	 0.2408
[2025/10/13 19:45:14] - 103 	 138.1 	 	 0.0100 	 4.7434 	 0.6446
[2025/10/13 19:45:14] - ==> Building model..
[2025/10/13 19:46:09] - Test Loss 	 Test Acc 	 PGD Loss 	 PGD Acc
[2025/10/13 19:46:09] - 3.3134 	 	 0.4807 	 3.7115 	 0.2413
[2025/10/13 19:48:33] - 104 	 137.8 	 	 0.0010 	 4.6956 	 0.7219
[2025/10/13 19:48:33] - ==> Building model..
[2025/10/13 19:49:28] - Test Loss 	 Test Acc 	 PGD Loss 	 PGD Acc
[2025/10/13 19:49:28] - 3.3134 	 	 0.4807 	 3.7114 	 0.2410
[2025/10/13 19:51:53] - 105 	 138.1 	 	 0.0010 	 4.6741 	 0.7559
[2025/10/13 19:51:53] - ==> Building model..
[2025/10/13 19:52:50] - Test Loss 	 Test Acc 	 PGD Loss 	 PGD Acc
[2025/10/13 19:52:50] - 3.3134 	 	 0.4807 	 3.7117 	 0.2413
[2025/10/13 19:55:13] - 106 	 137.4 	 	 0.0010 	 4.6681 	 0.7651
[2025/10/13 19:55:13] - ==> Building model..
[2025/10/13 19:56:07] - Test Loss 	 Test Acc 	 PGD Loss 	 PGD Acc
[2025/10/13 19:56:07] - 3.3134 	 	 0.4807 	 3.7116 	 0.2412
[2025/10/13 19:58:31] - 107 	 137.8 	 	 0.0010 	 4.6630 	 0.7744
[2025/10/13 19:58:31] - ==> Building model..
[2025/10/13 19:59:25] - Test Loss 	 Test Acc 	 PGD Loss 	 PGD Acc
[2025/10/13 19:59:25] - 3.3134 	 	 0.4807 	 3.7116 	 0.2403
[2025/10/13 20:01:48] - 108 	 137.5 	 	 0.0010 	 4.6583 	 0.7815
[2025/10/13 20:01:48] - ==> Building model..
[2025/10/13 20:02:43] - Test Loss 	 Test Acc 	 PGD Loss 	 PGD Acc
[2025/10/13 20:02:43] - 3.3134 	 	 0.4807 	 3.7113 	 0.2408
[2025/10/13 20:05:06] - 109 	 137.8 	 	 0.0010 	 4.6536 	 0.7890
[2025/10/13 20:05:06] - ==> Building model..
[2025/10/13 20:06:01] - Test Loss 	 Test Acc 	 PGD Loss 	 PGD Acc
[2025/10/13 20:06:01] - 3.3134 	 	 0.4807 	 3.7114 	 0.2408
[2025/10/13 20:06:01] - [0.0698, 0.1362, 0.1773, 0.2068, 0.2298, 0.2411, 0.2626, 0.2987, 0.3319, 0.3513, 0.368, 0.3777, 0.3844, 0.3931, 0.3997, 0.4055, 0.4104, 0.4132, 0.4182, 0.4198, 0.4246, 0.4266, 0.4298, 0.4311, 0.4331, 0.4352, 0.4375, 0.4401, 0.4425, 0.4443, 0.447, 0.4482, 0.4499, 0.4512, 0.4516, 0.4532, 0.4539, 0.4552, 0.4553, 0.4586, 0.4583, 0.4597, 0.4609, 0.4615, 0.4624, 0.4635, 0.4633, 0.4643, 0.465, 0.4659, 0.4676, 0.4664, 0.4671, 0.4663, 0.467, 0.4682, 0.4681, 0.4676, 0.4678, 0.4678, 0.4683, 0.4686, 0.4697, 0.4698, 0.4697, 0.4696, 0.4692, 0.4691, 0.4692, 0.4694, 0.4696, 0.4698, 0.4712, 0.4721, 0.4721, 0.4729, 0.4739, 0.4738, 0.4742, 0.4748, 0.4749, 0.476, 0.4754, 0.4754, 0.4759, 0.4774, 0.4781, 0.4789, 0.4789, 0.479, 0.4795, 0.479, 0.4794, 0.4799, 0.4794, 0.4803, 0.4795, 0.4798, 0.4803, 0.4807, 0.4807, 0.4807, 0.4807, 0.4807, 0.4807, 0.4807, 0.4807, 0.4807, 0.4807, 0.4807]
[2025/10/13 20:06:01] - [0.0408, 0.0724, 0.0935, 0.107, 0.1174, 0.1215, 0.1327, 0.1515, 0.1674, 0.1774, 0.1849, 0.191, 0.1958, 0.199, 0.2016, 0.2033, 0.2053, 0.2098, 0.2102, 0.2115, 0.2135, 0.2147, 0.2155, 0.2153, 0.2181, 0.2191, 0.2201, 0.2199, 0.2204, 0.2204, 0.2212, 0.2204, 0.2218, 0.222, 0.2231, 0.2225, 0.2235, 0.2248, 0.2254, 0.2256, 0.2257, 0.226, 0.2259, 0.2263, 0.2268, 0.2268, 0.2274, 0.2278, 0.2278, 0.2288, 0.2284, 0.2298, 0.2313, 0.232, 0.2311, 0.2314, 0.2319, 0.2316, 0.2325, 0.232, 0.2326, 0.2322, 0.2321, 0.2322, 0.2324, 0.233, 0.2328, 0.2338, 0.2347, 0.2355, 0.2355, 0.2363, 0.2365, 0.237, 0.2377, 0.2374, 0.2368, 0.2367, 0.2367, 0.2364, 0.2367, 0.2366, 0.2368, 0.2365, 0.238, 0.2384, 0.2385, 0.2386, 0.2383, 0.2388, 0.2401, 0.239, 0.2405, 0.2403, 0.2406, 0.2401, 0.2402, 0.2405, 0.2413, 0.241, 0.241, 0.2411, 0.2408, 0.2413, 0.241, 0.2413, 0.2412, 0.2403, 0.2408, 0.2408]
