[2025/10/16 15:01:47] - Namespace(batch_size=128, data_dir='tiny-imagenet-200', epochs=110, lr_schedule='multistep', lr_min=0.0, lr_max=0.1, weight_decay=0.0005, momentum=0.9, model='PreActResNest18', epsilon=8, alpha=8, delta_init='random', normal_mean=0, normal_std=1, out_dir='./output/Tiny_ImageNet/lamda_32_lamscale_0.12_run1', seed=0, lamda=32.0, lam_scale=0.12, lam_start=40, gamma=0.025, inner_gamma=0.025, beta=0.2, mu=3.5, batch_m=0.75, early_stop=False, factor=0.3, length=6, n_holes=1, c_num=0.125, EMA_value=0.55)
[2025/10/16 15:02:38] - ==> Building model..
[2025/10/16 15:02:38] - Epoch 	 Seconds 	 LR 	 	 Train Loss 	 Train Acc
[2025/10/16 15:05:04] - 0 	 141.8 	 	 0.1000 	 5.3003 	 0.0255
[2025/10/16 15:05:04] - ==> Building model..
[2025/10/16 15:05:55] - Test Loss 	 Test Acc 	 PGD Loss 	 PGD Acc
[2025/10/16 15:05:55] - 5.0113 	 	 0.0727 	 5.0221 	 0.0409
[2025/10/16 15:08:17] - 1 	 138.7 	 	 0.1000 	 5.2342 	 0.0653
[2025/10/16 15:08:17] - ==> Building model..
[2025/10/16 15:09:09] - Test Loss 	 Test Acc 	 PGD Loss 	 PGD Acc
[2025/10/16 15:09:09] - 4.7970 	 	 0.1323 	 4.8279 	 0.0683
[2025/10/16 15:11:33] - 2 	 139.9 	 	 0.1000 	 5.2015 	 0.0963
[2025/10/16 15:11:33] - ==> Building model..
[2025/10/16 15:12:25] - Test Loss 	 Test Acc 	 PGD Loss 	 PGD Acc
[2025/10/16 15:12:25] - 4.6295 	 	 0.1779 	 4.6840 	 0.0931
[2025/10/16 15:14:49] - 3 	 139.4 	 	 0.1000 	 5.1744 	 0.1220
[2025/10/16 15:14:49] - ==> Building model..
[2025/10/16 15:15:41] - Test Loss 	 Test Acc 	 PGD Loss 	 PGD Acc
[2025/10/16 15:15:41] - 4.5396 	 	 0.2039 	 4.6108 	 0.1066
[2025/10/16 15:18:05] - 4 	 139.7 	 	 0.1000 	 5.1497 	 0.1431
[2025/10/16 15:18:05] - ==> Building model..
[2025/10/16 15:18:57] - Test Loss 	 Test Acc 	 PGD Loss 	 PGD Acc
[2025/10/16 15:18:57] - 4.4756 	 	 0.2285 	 4.5594 	 0.1147
[2025/10/16 15:21:22] - 5 	 139.7 	 	 0.1000 	 5.1292 	 0.1621
[2025/10/16 15:21:22] - ==> Building model..
[2025/10/16 15:22:14] - Test Loss 	 Test Acc 	 PGD Loss 	 PGD Acc
[2025/10/16 15:22:14] - 4.4695 	 	 0.2386 	 4.5579 	 0.1213
[2025/10/16 15:24:38] - 6 	 139.3 	 	 0.1000 	 5.1144 	 0.1770
[2025/10/16 15:24:38] - ==> Building model..
[2025/10/16 15:25:30] - Test Loss 	 Test Acc 	 PGD Loss 	 PGD Acc
[2025/10/16 15:25:30] - 4.3848 	 	 0.2550 	 4.4898 	 0.1293
[2025/10/16 15:27:53] - 7 	 139.0 	 	 0.1000 	 5.1025 	 0.1886
[2025/10/16 15:27:53] - ==> Building model..
[2025/10/16 15:28:45] - Test Loss 	 Test Acc 	 PGD Loss 	 PGD Acc
[2025/10/16 15:28:45] - 4.1950 	 	 0.2977 	 4.3380 	 0.1492
[2025/10/16 15:31:10] - 8 	 139.6 	 	 0.1000 	 5.0914 	 0.1984
[2025/10/16 15:31:10] - ==> Building model..
[2025/10/16 15:32:02] - Test Loss 	 Test Acc 	 PGD Loss 	 PGD Acc
[2025/10/16 15:32:02] - 4.0309 	 	 0.3304 	 4.2107 	 0.1647
[2025/10/16 15:34:26] - 9 	 139.4 	 	 0.1000 	 5.0824 	 0.2085
[2025/10/16 15:34:26] - ==> Building model..
[2025/10/16 15:35:18] - Test Loss 	 Test Acc 	 PGD Loss 	 PGD Acc
[2025/10/16 15:35:18] - 3.9269 	 	 0.3526 	 4.1315 	 0.1765
[2025/10/16 15:37:42] - 10 	 139.1 	 	 0.1000 	 5.0745 	 0.2164
[2025/10/16 15:37:42] - ==> Building model..
[2025/10/16 15:38:34] - Test Loss 	 Test Acc 	 PGD Loss 	 PGD Acc
[2025/10/16 15:38:34] - 3.8525 	 	 0.3672 	 4.0756 	 0.1840
[2025/10/16 15:40:57] - 11 	 138.9 	 	 0.1000 	 5.0668 	 0.2239
[2025/10/16 15:40:57] - ==> Building model..
[2025/10/16 15:41:49] - Test Loss 	 Test Acc 	 PGD Loss 	 PGD Acc
[2025/10/16 15:41:49] - 3.7932 	 	 0.3771 	 4.0313 	 0.1908
[2025/10/16 15:44:13] - 12 	 139.0 	 	 0.1000 	 5.0607 	 0.2301
[2025/10/16 15:44:13] - ==> Building model..
[2025/10/16 15:45:05] - Test Loss 	 Test Acc 	 PGD Loss 	 PGD Acc
[2025/10/16 15:45:05] - 3.7481 	 	 0.3873 	 3.9989 	 0.1950
[2025/10/16 15:47:28] - 13 	 138.2 	 	 0.1000 	 5.0542 	 0.2367
[2025/10/16 15:47:28] - ==> Building model..
[2025/10/16 15:48:20] - Test Loss 	 Test Acc 	 PGD Loss 	 PGD Acc
[2025/10/16 15:48:20] - 3.7101 	 	 0.3962 	 3.9711 	 0.1979
[2025/10/16 15:50:43] - 14 	 138.7 	 	 0.1000 	 5.0491 	 0.2417
[2025/10/16 15:50:43] - ==> Building model..
[2025/10/16 15:51:35] - Test Loss 	 Test Acc 	 PGD Loss 	 PGD Acc
[2025/10/16 15:51:35] - 3.6784 	 	 0.3988 	 3.9479 	 0.2009
[2025/10/16 15:53:58] - 15 	 138.7 	 	 0.1000 	 5.0446 	 0.2462
[2025/10/16 15:53:58] - ==> Building model..
[2025/10/16 15:54:49] - Test Loss 	 Test Acc 	 PGD Loss 	 PGD Acc
[2025/10/16 15:54:49] - 3.6480 	 	 0.4042 	 3.9261 	 0.2047
[2025/10/16 15:57:12] - 16 	 138.2 	 	 0.1000 	 5.0408 	 0.2521
[2025/10/16 15:57:12] - ==> Building model..
[2025/10/16 15:58:04] - Test Loss 	 Test Acc 	 PGD Loss 	 PGD Acc
[2025/10/16 15:58:04] - 3.6254 	 	 0.4091 	 3.9099 	 0.2064
[2025/10/16 16:00:26] - 17 	 138.1 	 	 0.1000 	 5.0359 	 0.2557
[2025/10/16 16:00:26] - ==> Building model..
[2025/10/16 16:01:18] - Test Loss 	 Test Acc 	 PGD Loss 	 PGD Acc
[2025/10/16 16:01:18] - 3.6074 	 	 0.4134 	 3.8974 	 0.2069
[2025/10/16 16:03:40] - 18 	 138.1 	 	 0.1000 	 5.0327 	 0.2600
[2025/10/16 16:03:40] - ==> Building model..
[2025/10/16 16:04:32] - Test Loss 	 Test Acc 	 PGD Loss 	 PGD Acc
[2025/10/16 16:04:32] - 3.5912 	 	 0.4173 	 3.8863 	 0.2092
[2025/10/16 16:06:54] - 19 	 137.9 	 	 0.1000 	 5.0294 	 0.2639
[2025/10/16 16:06:54] - ==> Building model..
[2025/10/16 16:07:46] - Test Loss 	 Test Acc 	 PGD Loss 	 PGD Acc
[2025/10/16 16:07:46] - 3.5766 	 	 0.4190 	 3.8761 	 0.2103
[2025/10/16 16:10:08] - 20 	 138.2 	 	 0.1000 	 5.0268 	 0.2637
[2025/10/16 16:10:08] - ==> Building model..
[2025/10/16 16:11:00] - Test Loss 	 Test Acc 	 PGD Loss 	 PGD Acc
[2025/10/16 16:11:00] - 3.5601 	 	 0.4241 	 3.8648 	 0.2106
[2025/10/16 16:13:22] - 21 	 138.2 	 	 0.1000 	 5.0244 	 0.2656
[2025/10/16 16:13:22] - ==> Building model..
[2025/10/16 16:14:14] - Test Loss 	 Test Acc 	 PGD Loss 	 PGD Acc
[2025/10/16 16:14:14] - 3.5452 	 	 0.4278 	 3.8553 	 0.2122
[2025/10/16 16:16:37] - 22 	 138.3 	 	 0.1000 	 5.0212 	 0.2687
[2025/10/16 16:16:37] - ==> Building model..
[2025/10/16 16:17:29] - Test Loss 	 Test Acc 	 PGD Loss 	 PGD Acc
[2025/10/16 16:17:29] - 3.5298 	 	 0.4306 	 3.8451 	 0.2136
[2025/10/16 16:19:52] - 23 	 138.3 	 	 0.1000 	 5.0196 	 0.2719
[2025/10/16 16:19:52] - ==> Building model..
[2025/10/16 16:20:44] - Test Loss 	 Test Acc 	 PGD Loss 	 PGD Acc
[2025/10/16 16:20:44] - 3.5172 	 	 0.4344 	 3.8372 	 0.2157
[2025/10/16 16:23:06] - 24 	 138.1 	 	 0.1000 	 5.0172 	 0.2745
[2025/10/16 16:23:06] - ==> Building model..
[2025/10/16 16:23:58] - Test Loss 	 Test Acc 	 PGD Loss 	 PGD Acc
[2025/10/16 16:23:58] - 3.5040 	 	 0.4362 	 3.8280 	 0.2169
[2025/10/16 16:26:21] - 25 	 138.3 	 	 0.1000 	 5.0155 	 0.2749
[2025/10/16 16:26:21] - ==> Building model..
[2025/10/16 16:27:12] - Test Loss 	 Test Acc 	 PGD Loss 	 PGD Acc
[2025/10/16 16:27:12] - 3.4943 	 	 0.4391 	 3.8218 	 0.2181
[2025/10/16 16:29:35] - 26 	 138.2 	 	 0.1000 	 5.0133 	 0.2776
[2025/10/16 16:29:35] - ==> Building model..
[2025/10/16 16:30:27] - Test Loss 	 Test Acc 	 PGD Loss 	 PGD Acc
[2025/10/16 16:30:27] - 3.4826 	 	 0.4405 	 3.8135 	 0.2189
[2025/10/16 16:32:50] - 27 	 138.4 	 	 0.1000 	 5.0111 	 0.2813
[2025/10/16 16:32:50] - ==> Building model..
[2025/10/16 16:33:42] - Test Loss 	 Test Acc 	 PGD Loss 	 PGD Acc
[2025/10/16 16:33:42] - 3.4754 	 	 0.4417 	 3.8089 	 0.2201
[2025/10/16 16:36:04] - 28 	 138.1 	 	 0.1000 	 5.0094 	 0.2828
[2025/10/16 16:36:04] - ==> Building model..
[2025/10/16 16:36:56] - Test Loss 	 Test Acc 	 PGD Loss 	 PGD Acc
[2025/10/16 16:36:56] - 3.4681 	 	 0.4440 	 3.8033 	 0.2198
[2025/10/16 16:39:18] - 29 	 138.1 	 	 0.1000 	 5.0081 	 0.2818
[2025/10/16 16:39:18] - ==> Building model..
[2025/10/16 16:40:10] - Test Loss 	 Test Acc 	 PGD Loss 	 PGD Acc
[2025/10/16 16:40:10] - 3.4626 	 	 0.4454 	 3.8004 	 0.2199
[2025/10/16 16:42:32] - 30 	 137.9 	 	 0.1000 	 5.0065 	 0.2863
[2025/10/16 16:42:32] - ==> Building model..
[2025/10/16 16:43:24] - Test Loss 	 Test Acc 	 PGD Loss 	 PGD Acc
[2025/10/16 16:43:24] - 3.4562 	 	 0.4454 	 3.7954 	 0.2181
[2025/10/16 16:45:47] - 31 	 138.2 	 	 0.1000 	 5.0045 	 0.2881
[2025/10/16 16:45:47] - ==> Building model..
[2025/10/16 16:46:38] - Test Loss 	 Test Acc 	 PGD Loss 	 PGD Acc
[2025/10/16 16:46:38] - 3.4497 	 	 0.4461 	 3.7908 	 0.2197
[2025/10/16 16:49:01] - 32 	 138.2 	 	 0.1000 	 5.0041 	 0.2862
[2025/10/16 16:49:01] - ==> Building model..
[2025/10/16 16:49:53] - Test Loss 	 Test Acc 	 PGD Loss 	 PGD Acc
[2025/10/16 16:49:53] - 3.4435 	 	 0.4482 	 3.7876 	 0.2206
[2025/10/16 16:52:15] - 33 	 137.9 	 	 0.1000 	 5.0022 	 0.2904
[2025/10/16 16:52:15] - ==> Building model..
[2025/10/16 16:53:07] - Test Loss 	 Test Acc 	 PGD Loss 	 PGD Acc
[2025/10/16 16:53:07] - 3.4383 	 	 0.4497 	 3.7841 	 0.2204
[2025/10/16 16:55:29] - 34 	 138.0 	 	 0.1000 	 5.0006 	 0.2917
[2025/10/16 16:55:29] - ==> Building model..
[2025/10/16 16:56:21] - Test Loss 	 Test Acc 	 PGD Loss 	 PGD Acc
[2025/10/16 16:56:21] - 3.4320 	 	 0.4511 	 3.7804 	 0.2216
[2025/10/16 16:58:43] - 35 	 137.7 	 	 0.1000 	 4.9997 	 0.2928
[2025/10/16 16:58:43] - ==> Building model..
[2025/10/16 16:59:34] - Test Loss 	 Test Acc 	 PGD Loss 	 PGD Acc
[2025/10/16 16:59:34] - 3.4273 	 	 0.4533 	 3.7778 	 0.2217
[2025/10/16 17:01:57] - 36 	 137.8 	 	 0.1000 	 4.9991 	 0.2933
[2025/10/16 17:01:57] - ==> Building model..
[2025/10/16 17:02:48] - Test Loss 	 Test Acc 	 PGD Loss 	 PGD Acc
[2025/10/16 17:02:48] - 3.4230 	 	 0.4532 	 3.7754 	 0.2217
[2025/10/16 17:05:11] - 37 	 137.7 	 	 0.1000 	 4.9967 	 0.2955
[2025/10/16 17:05:11] - ==> Building model..
[2025/10/16 17:06:02] - Test Loss 	 Test Acc 	 PGD Loss 	 PGD Acc
[2025/10/16 17:06:02] - 3.4189 	 	 0.4559 	 3.7729 	 0.2219
[2025/10/16 17:08:25] - 38 	 138.0 	 	 0.1000 	 4.9968 	 0.2952
[2025/10/16 17:08:25] - ==> Building model..
[2025/10/16 17:09:17] - Test Loss 	 Test Acc 	 PGD Loss 	 PGD Acc
[2025/10/16 17:09:17] - 3.4135 	 	 0.4577 	 3.7705 	 0.2242
[2025/10/16 17:11:39] - 39 	 137.6 	 	 0.1000 	 4.9957 	 0.2971
[2025/10/16 17:11:39] - ==> Building model..
[2025/10/16 17:12:30] - Test Loss 	 Test Acc 	 PGD Loss 	 PGD Acc
[2025/10/16 17:12:30] - 3.4101 	 	 0.4599 	 3.7691 	 0.2250
[2025/10/16 17:14:52] - 40 	 137.6 	 	 0.1000 	 4.9947 	 0.2962
[2025/10/16 17:14:52] - ==> Building model..
[2025/10/16 17:15:44] - Test Loss 	 Test Acc 	 PGD Loss 	 PGD Acc
[2025/10/16 17:15:44] - 3.4052 	 	 0.4603 	 3.7654 	 0.2259
[2025/10/16 17:18:07] - 41 	 137.8 	 	 0.1000 	 4.9937 	 0.2977
[2025/10/16 17:18:07] - ==> Building model..
[2025/10/16 17:18:59] - Test Loss 	 Test Acc 	 PGD Loss 	 PGD Acc
[2025/10/16 17:18:59] - 3.4024 	 	 0.4606 	 3.7636 	 0.2259
[2025/10/16 17:21:21] - 42 	 137.9 	 	 0.1000 	 4.9934 	 0.2996
[2025/10/16 17:21:21] - ==> Building model..
[2025/10/16 17:22:13] - Test Loss 	 Test Acc 	 PGD Loss 	 PGD Acc
[2025/10/16 17:22:13] - 3.3992 	 	 0.4614 	 3.7621 	 0.2275
[2025/10/16 17:24:35] - 43 	 137.6 	 	 0.1000 	 4.9924 	 0.3014
[2025/10/16 17:24:35] - ==> Building model..
[2025/10/16 17:25:26] - Test Loss 	 Test Acc 	 PGD Loss 	 PGD Acc
[2025/10/16 17:25:26] - 3.3982 	 	 0.4608 	 3.7620 	 0.2268
[2025/10/16 17:27:48] - 44 	 137.7 	 	 0.1000 	 4.9925 	 0.3003
[2025/10/16 17:27:48] - ==> Building model..
[2025/10/16 17:28:40] - Test Loss 	 Test Acc 	 PGD Loss 	 PGD Acc
[2025/10/16 17:28:40] - 3.3965 	 	 0.4618 	 3.7612 	 0.2274
[2025/10/16 17:31:01] - 45 	 137.6 	 	 0.1000 	 4.9918 	 0.3020
[2025/10/16 17:31:01] - ==> Building model..
[2025/10/16 17:31:53] - Test Loss 	 Test Acc 	 PGD Loss 	 PGD Acc
[2025/10/16 17:31:53] - 3.3956 	 	 0.4624 	 3.7610 	 0.2273
[2025/10/16 17:34:15] - 46 	 137.8 	 	 0.1000 	 4.9916 	 0.3033
[2025/10/16 17:34:15] - ==> Building model..
[2025/10/16 17:35:07] - Test Loss 	 Test Acc 	 PGD Loss 	 PGD Acc
[2025/10/16 17:35:07] - 3.3961 	 	 0.4632 	 3.7611 	 0.2282
[2025/10/16 17:37:29] - 47 	 137.8 	 	 0.1000 	 4.9917 	 0.3038
[2025/10/16 17:37:29] - ==> Building model..
[2025/10/16 17:38:21] - Test Loss 	 Test Acc 	 PGD Loss 	 PGD Acc
[2025/10/16 17:38:21] - 3.3960 	 	 0.4631 	 3.7611 	 0.2294
[2025/10/16 17:40:44] - 48 	 137.7 	 	 0.1000 	 4.9911 	 0.3034
[2025/10/16 17:40:44] - ==> Building model..
[2025/10/16 17:41:35] - Test Loss 	 Test Acc 	 PGD Loss 	 PGD Acc
[2025/10/16 17:41:35] - 3.3961 	 	 0.4634 	 3.7613 	 0.2299
[2025/10/16 17:43:58] - 49 	 137.7 	 	 0.1000 	 4.9912 	 0.3038
[2025/10/16 17:43:58] - ==> Building model..
[2025/10/16 17:44:49] - Test Loss 	 Test Acc 	 PGD Loss 	 PGD Acc
[2025/10/16 17:44:49] - 3.3959 	 	 0.4641 	 3.7618 	 0.2297
[2025/10/16 17:47:11] - 50 	 137.7 	 	 0.1000 	 4.9903 	 0.3039
[2025/10/16 17:47:11] - ==> Building model..
[2025/10/16 17:48:03] - Test Loss 	 Test Acc 	 PGD Loss 	 PGD Acc
[2025/10/16 17:48:03] - 3.3954 	 	 0.4651 	 3.7621 	 0.2292
[2025/10/16 17:50:25] - 51 	 137.4 	 	 0.1000 	 4.9904 	 0.3050
[2025/10/16 17:50:25] - ==> Building model..
[2025/10/16 17:51:16] - Test Loss 	 Test Acc 	 PGD Loss 	 PGD Acc
[2025/10/16 17:51:16] - 3.3943 	 	 0.4657 	 3.7608 	 0.2299
[2025/10/16 17:53:38] - 52 	 137.6 	 	 0.1000 	 4.9899 	 0.3047
[2025/10/16 17:53:38] - ==> Building model..
[2025/10/16 17:54:30] - Test Loss 	 Test Acc 	 PGD Loss 	 PGD Acc
[2025/10/16 17:54:30] - 3.3926 	 	 0.4657 	 3.7597 	 0.2303
[2025/10/16 17:56:52] - 53 	 137.5 	 	 0.1000 	 4.9892 	 0.3072
[2025/10/16 17:56:52] - ==> Building model..
[2025/10/16 17:57:44] - Test Loss 	 Test Acc 	 PGD Loss 	 PGD Acc
[2025/10/16 17:57:44] - 3.3918 	 	 0.4664 	 3.7594 	 0.2301
[2025/10/16 18:00:05] - 54 	 137.6 	 	 0.1000 	 4.9890 	 0.3066
[2025/10/16 18:00:05] - ==> Building model..
[2025/10/16 18:00:57] - Test Loss 	 Test Acc 	 PGD Loss 	 PGD Acc
[2025/10/16 18:00:57] - 3.3919 	 	 0.4662 	 3.7596 	 0.2308
[2025/10/16 18:03:19] - 55 	 137.5 	 	 0.1000 	 4.9876 	 0.3076
[2025/10/16 18:03:19] - ==> Building model..
[2025/10/16 18:04:11] - Test Loss 	 Test Acc 	 PGD Loss 	 PGD Acc
[2025/10/16 18:04:11] - 3.3911 	 	 0.4678 	 3.7593 	 0.2314
[2025/10/16 18:06:33] - 56 	 137.6 	 	 0.1000 	 4.9877 	 0.3096
[2025/10/16 18:06:33] - ==> Building model..
[2025/10/16 18:07:25] - Test Loss 	 Test Acc 	 PGD Loss 	 PGD Acc
[2025/10/16 18:07:25] - 3.3911 	 	 0.4688 	 3.7597 	 0.2310
[2025/10/16 18:09:47] - 57 	 138.3 	 	 0.1000 	 4.9874 	 0.3081
[2025/10/16 18:09:47] - ==> Building model..
[2025/10/16 18:10:40] - Test Loss 	 Test Acc 	 PGD Loss 	 PGD Acc
[2025/10/16 18:10:40] - 3.3909 	 	 0.4683 	 3.7602 	 0.2308
[2025/10/16 18:13:02] - 58 	 138.1 	 	 0.1000 	 4.9873 	 0.3086
[2025/10/16 18:13:02] - ==> Building model..
[2025/10/16 18:13:54] - Test Loss 	 Test Acc 	 PGD Loss 	 PGD Acc
[2025/10/16 18:13:54] - 3.3904 	 	 0.4663 	 3.7598 	 0.2311
[2025/10/16 18:16:16] - 59 	 137.5 	 	 0.1000 	 4.9874 	 0.3069
[2025/10/16 18:16:16] - ==> Building model..
[2025/10/16 18:17:08] - Test Loss 	 Test Acc 	 PGD Loss 	 PGD Acc
[2025/10/16 18:17:08] - 3.3906 	 	 0.4665 	 3.7603 	 0.2311
[2025/10/16 18:19:30] - 60 	 138.0 	 	 0.1000 	 4.9863 	 0.3086
[2025/10/16 18:19:30] - ==> Building model..
[2025/10/16 18:20:23] - Test Loss 	 Test Acc 	 PGD Loss 	 PGD Acc
[2025/10/16 18:20:23] - 3.3907 	 	 0.4669 	 3.7606 	 0.2307
[2025/10/16 18:22:44] - 61 	 137.5 	 	 0.1000 	 4.9857 	 0.3097
[2025/10/16 18:22:44] - ==> Building model..
[2025/10/16 18:23:37] - Test Loss 	 Test Acc 	 PGD Loss 	 PGD Acc
[2025/10/16 18:23:37] - 3.3908 	 	 0.4669 	 3.7600 	 0.2309
[2025/10/16 18:25:59] - 62 	 137.7 	 	 0.1000 	 4.9860 	 0.3089
[2025/10/16 18:25:59] - ==> Building model..
[2025/10/16 18:26:51] - Test Loss 	 Test Acc 	 PGD Loss 	 PGD Acc
[2025/10/16 18:26:51] - 3.3903 	 	 0.4675 	 3.7608 	 0.2306
[2025/10/16 18:29:13] - 63 	 138.1 	 	 0.1000 	 4.9850 	 0.3114
[2025/10/16 18:29:13] - ==> Building model..
[2025/10/16 18:30:05] - Test Loss 	 Test Acc 	 PGD Loss 	 PGD Acc
[2025/10/16 18:30:05] - 3.3894 	 	 0.4668 	 3.7603 	 0.2321
[2025/10/16 18:32:28] - 64 	 138.1 	 	 0.1000 	 4.9848 	 0.3115
[2025/10/16 18:32:28] - ==> Building model..
[2025/10/16 18:33:20] - Test Loss 	 Test Acc 	 PGD Loss 	 PGD Acc
[2025/10/16 18:33:20] - 3.3881 	 	 0.4671 	 3.7595 	 0.2327
[2025/10/16 18:35:42] - 65 	 138.2 	 	 0.1000 	 4.9844 	 0.3101
[2025/10/16 18:35:42] - ==> Building model..
[2025/10/16 18:36:34] - Test Loss 	 Test Acc 	 PGD Loss 	 PGD Acc
[2025/10/16 18:36:34] - 3.3856 	 	 0.4680 	 3.7585 	 0.2333
[2025/10/16 18:38:57] - 66 	 137.8 	 	 0.1000 	 4.9839 	 0.3126
[2025/10/16 18:38:57] - ==> Building model..
[2025/10/16 18:39:49] - Test Loss 	 Test Acc 	 PGD Loss 	 PGD Acc
[2025/10/16 18:39:49] - 3.3841 	 	 0.4690 	 3.7583 	 0.2341
[2025/10/16 18:42:11] - 67 	 138.0 	 	 0.1000 	 4.9840 	 0.3116
[2025/10/16 18:42:11] - ==> Building model..
[2025/10/16 18:43:03] - Test Loss 	 Test Acc 	 PGD Loss 	 PGD Acc
[2025/10/16 18:43:03] - 3.3824 	 	 0.4701 	 3.7573 	 0.2333
[2025/10/16 18:45:25] - 68 	 138.0 	 	 0.1000 	 4.9838 	 0.3110
[2025/10/16 18:45:25] - ==> Building model..
[2025/10/16 18:46:17] - Test Loss 	 Test Acc 	 PGD Loss 	 PGD Acc
[2025/10/16 18:46:17] - 3.3807 	 	 0.4700 	 3.7561 	 0.2334
[2025/10/16 18:48:39] - 69 	 137.9 	 	 0.1000 	 4.9838 	 0.3111
[2025/10/16 18:48:39] - ==> Building model..
[2025/10/16 18:49:31] - Test Loss 	 Test Acc 	 PGD Loss 	 PGD Acc
[2025/10/16 18:49:31] - 3.3781 	 	 0.4705 	 3.7545 	 0.2329
[2025/10/16 18:51:54] - 70 	 137.9 	 	 0.1000 	 4.9830 	 0.3122
[2025/10/16 18:51:54] - ==> Building model..
[2025/10/16 18:52:46] - Test Loss 	 Test Acc 	 PGD Loss 	 PGD Acc
[2025/10/16 18:52:46] - 3.3766 	 	 0.4711 	 3.7537 	 0.2337
[2025/10/16 18:55:08] - 71 	 137.4 	 	 0.1000 	 4.9830 	 0.3116
[2025/10/16 18:55:08] - ==> Building model..
[2025/10/16 18:56:00] - Test Loss 	 Test Acc 	 PGD Loss 	 PGD Acc
[2025/10/16 18:56:00] - 3.3751 	 	 0.4711 	 3.7531 	 0.2339
[2025/10/16 18:58:23] - 72 	 138.4 	 	 0.1000 	 4.9824 	 0.3126
[2025/10/16 18:58:23] - ==> Building model..
[2025/10/16 18:59:15] - Test Loss 	 Test Acc 	 PGD Loss 	 PGD Acc
[2025/10/16 18:59:15] - 3.3729 	 	 0.4711 	 3.7515 	 0.2334
[2025/10/16 19:01:37] - 73 	 137.9 	 	 0.1000 	 4.9821 	 0.3127
[2025/10/16 19:01:37] - ==> Building model..
[2025/10/16 19:02:29] - Test Loss 	 Test Acc 	 PGD Loss 	 PGD Acc
[2025/10/16 19:02:29] - 3.3719 	 	 0.4719 	 3.7511 	 0.2331
[2025/10/16 19:04:52] - 74 	 138.2 	 	 0.1000 	 4.9824 	 0.3146
[2025/10/16 19:04:52] - ==> Building model..
[2025/10/16 19:05:44] - Test Loss 	 Test Acc 	 PGD Loss 	 PGD Acc
[2025/10/16 19:05:44] - 3.3706 	 	 0.4710 	 3.7507 	 0.2333
[2025/10/16 19:08:06] - 75 	 137.9 	 	 0.1000 	 4.9812 	 0.3148
[2025/10/16 19:08:06] - ==> Building model..
[2025/10/16 19:08:58] - Test Loss 	 Test Acc 	 PGD Loss 	 PGD Acc
[2025/10/16 19:08:58] - 3.3695 	 	 0.4718 	 3.7496 	 0.2336
[2025/10/16 19:11:21] - 76 	 137.9 	 	 0.1000 	 4.9810 	 0.3147
[2025/10/16 19:11:21] - ==> Building model..
[2025/10/16 19:12:13] - Test Loss 	 Test Acc 	 PGD Loss 	 PGD Acc
[2025/10/16 19:12:13] - 3.3673 	 	 0.4725 	 3.7486 	 0.2333
[2025/10/16 19:14:35] - 77 	 138.0 	 	 0.1000 	 4.9810 	 0.3152
[2025/10/16 19:14:35] - ==> Building model..
[2025/10/16 19:15:27] - Test Loss 	 Test Acc 	 PGD Loss 	 PGD Acc
[2025/10/16 19:15:27] - 3.3657 	 	 0.4726 	 3.7473 	 0.2334
[2025/10/16 19:17:49] - 78 	 137.8 	 	 0.1000 	 4.9813 	 0.3151
[2025/10/16 19:17:49] - ==> Building model..
[2025/10/16 19:18:42] - Test Loss 	 Test Acc 	 PGD Loss 	 PGD Acc
[2025/10/16 19:18:42] - 3.3646 	 	 0.4730 	 3.7468 	 0.2328
[2025/10/16 19:21:04] - 79 	 137.9 	 	 0.1000 	 4.9807 	 0.3142
[2025/10/16 19:21:04] - ==> Building model..
[2025/10/16 19:21:56] - Test Loss 	 Test Acc 	 PGD Loss 	 PGD Acc
[2025/10/16 19:21:56] - 3.3628 	 	 0.4737 	 3.7458 	 0.2331
[2025/10/16 19:24:18] - 80 	 137.9 	 	 0.1000 	 4.9808 	 0.3133
[2025/10/16 19:24:18] - ==> Building model..
[2025/10/16 19:25:10] - Test Loss 	 Test Acc 	 PGD Loss 	 PGD Acc
[2025/10/16 19:25:10] - 3.3610 	 	 0.4746 	 3.7448 	 0.2337
[2025/10/16 19:27:32] - 81 	 137.8 	 	 0.1000 	 4.9798 	 0.3159
[2025/10/16 19:27:32] - ==> Building model..
[2025/10/16 19:28:24] - Test Loss 	 Test Acc 	 PGD Loss 	 PGD Acc
[2025/10/16 19:28:24] - 3.3591 	 	 0.4746 	 3.7444 	 0.2344
[2025/10/16 19:30:47] - 82 	 137.8 	 	 0.1000 	 4.9792 	 0.3167
[2025/10/16 19:30:47] - ==> Building model..
[2025/10/16 19:31:39] - Test Loss 	 Test Acc 	 PGD Loss 	 PGD Acc
[2025/10/16 19:31:39] - 3.3584 	 	 0.4745 	 3.7441 	 0.2345
[2025/10/16 19:34:01] - 83 	 137.8 	 	 0.1000 	 4.9800 	 0.3161
[2025/10/16 19:34:01] - ==> Building model..
[2025/10/16 19:34:53] - Test Loss 	 Test Acc 	 PGD Loss 	 PGD Acc
[2025/10/16 19:34:53] - 3.3576 	 	 0.4757 	 3.7442 	 0.2351
[2025/10/16 19:37:15] - 84 	 137.8 	 	 0.1000 	 4.9799 	 0.3147
[2025/10/16 19:37:15] - ==> Building model..
[2025/10/16 19:38:08] - Test Loss 	 Test Acc 	 PGD Loss 	 PGD Acc
[2025/10/16 19:38:08] - 3.3555 	 	 0.4753 	 3.7424 	 0.2356
[2025/10/16 19:40:30] - 85 	 137.8 	 	 0.1000 	 4.9796 	 0.3177
[2025/10/16 19:40:30] - ==> Building model..
[2025/10/16 19:41:22] - Test Loss 	 Test Acc 	 PGD Loss 	 PGD Acc
[2025/10/16 19:41:22] - 3.3540 	 	 0.4745 	 3.7416 	 0.2360
[2025/10/16 19:43:44] - 86 	 137.7 	 	 0.1000 	 4.9794 	 0.3172
[2025/10/16 19:43:44] - ==> Building model..
[2025/10/16 19:44:36] - Test Loss 	 Test Acc 	 PGD Loss 	 PGD Acc
[2025/10/16 19:44:36] - 3.3532 	 	 0.4755 	 3.7411 	 0.2359
[2025/10/16 19:46:59] - 87 	 137.9 	 	 0.1000 	 4.9797 	 0.3163
[2025/10/16 19:46:59] - ==> Building model..
[2025/10/16 19:47:50] - Test Loss 	 Test Acc 	 PGD Loss 	 PGD Acc
[2025/10/16 19:47:50] - 3.3529 	 	 0.4755 	 3.7407 	 0.2356
[2025/10/16 19:50:13] - 88 	 138.0 	 	 0.1000 	 4.9793 	 0.3170
[2025/10/16 19:50:13] - ==> Building model..
[2025/10/16 19:51:05] - Test Loss 	 Test Acc 	 PGD Loss 	 PGD Acc
[2025/10/16 19:51:05] - 3.3519 	 	 0.4750 	 3.7407 	 0.2360
[2025/10/16 19:53:27] - 89 	 138.0 	 	 0.1000 	 4.9786 	 0.3180
[2025/10/16 19:53:27] - ==> Building model..
[2025/10/16 19:54:19] - Test Loss 	 Test Acc 	 PGD Loss 	 PGD Acc
[2025/10/16 19:54:19] - 3.3503 	 	 0.4760 	 3.7401 	 0.2360
[2025/10/16 19:56:42] - 90 	 138.0 	 	 0.1000 	 4.9783 	 0.3193
[2025/10/16 19:56:42] - ==> Building model..
[2025/10/16 19:57:34] - Test Loss 	 Test Acc 	 PGD Loss 	 PGD Acc
[2025/10/16 19:57:34] - 3.3489 	 	 0.4766 	 3.7391 	 0.2362
[2025/10/16 19:59:57] - 91 	 137.7 	 	 0.1000 	 4.9785 	 0.3187
[2025/10/16 19:59:57] - ==> Building model..
[2025/10/16 20:00:49] - Test Loss 	 Test Acc 	 PGD Loss 	 PGD Acc
[2025/10/16 20:00:49] - 3.3488 	 	 0.4766 	 3.7394 	 0.2362
[2025/10/16 20:03:11] - 92 	 137.7 	 	 0.1000 	 4.9789 	 0.3158
[2025/10/16 20:03:11] - ==> Building model..
[2025/10/16 20:04:03] - Test Loss 	 Test Acc 	 PGD Loss 	 PGD Acc
[2025/10/16 20:04:03] - 3.3481 	 	 0.4763 	 3.7390 	 0.2361
[2025/10/16 20:06:25] - 93 	 137.7 	 	 0.1000 	 4.9780 	 0.3172
[2025/10/16 20:06:25] - ==> Building model..
[2025/10/16 20:07:17] - Test Loss 	 Test Acc 	 PGD Loss 	 PGD Acc
[2025/10/16 20:07:17] - 3.3477 	 	 0.4768 	 3.7395 	 0.2363
[2025/10/16 20:09:39] - 94 	 137.4 	 	 0.1000 	 4.9789 	 0.3195
[2025/10/16 20:09:39] - ==> Building model..
[2025/10/16 20:10:31] - Test Loss 	 Test Acc 	 PGD Loss 	 PGD Acc
[2025/10/16 20:10:31] - 3.3495 	 	 0.4769 	 3.7410 	 0.2368
[2025/10/16 20:12:52] - 95 	 137.4 	 	 0.1000 	 4.9790 	 0.3167
[2025/10/16 20:12:52] - ==> Building model..
[2025/10/16 20:13:45] - Test Loss 	 Test Acc 	 PGD Loss 	 PGD Acc
[2025/10/16 20:13:45] - 3.3519 	 	 0.4761 	 3.7437 	 0.2372
[2025/10/16 20:16:06] - 96 	 137.5 	 	 0.1000 	 4.9783 	 0.3175
[2025/10/16 20:16:06] - ==> Building model..
[2025/10/16 20:16:58] - Test Loss 	 Test Acc 	 PGD Loss 	 PGD Acc
[2025/10/16 20:16:58] - 3.3545 	 	 0.4765 	 3.7462 	 0.2378
[2025/10/16 20:19:20] - 97 	 137.5 	 	 0.1000 	 4.9792 	 0.3189
[2025/10/16 20:19:20] - ==> Building model..
[2025/10/16 20:20:12] - Test Loss 	 Test Acc 	 PGD Loss 	 PGD Acc
[2025/10/16 20:20:12] - 3.3569 	 	 0.4771 	 3.7488 	 0.2377
[2025/10/16 20:22:33] - 98 	 137.3 	 	 0.1000 	 4.9783 	 0.3188
[2025/10/16 20:22:33] - ==> Building model..
[2025/10/16 20:23:25] - Test Loss 	 Test Acc 	 PGD Loss 	 PGD Acc
[2025/10/16 20:23:25] - 3.3592 	 	 0.4775 	 3.7511 	 0.2381
[2025/10/16 20:25:46] - 99 	 136.4 	 	 0.0100 	 4.8794 	 0.4450
[2025/10/16 20:25:46] - ==> Building model..
[2025/10/16 20:26:37] - Test Loss 	 Test Acc 	 PGD Loss 	 PGD Acc
[2025/10/16 20:26:37] - 3.3590 	 	 0.4777 	 3.7511 	 0.2382
[2025/10/16 20:28:59] - 100 	 137.0 	 	 0.0100 	 4.8106 	 0.5394
[2025/10/16 20:28:59] - ==> Building model..
[2025/10/16 20:29:51] - Test Loss 	 Test Acc 	 PGD Loss 	 PGD Acc
[2025/10/16 20:29:51] - 3.3590 	 	 0.4777 	 3.7511 	 0.2381
[2025/10/16 20:32:12] - 101 	 136.8 	 	 0.0100 	 4.7840 	 0.5786
[2025/10/16 20:32:12] - ==> Building model..
[2025/10/16 20:33:04] - Test Loss 	 Test Acc 	 PGD Loss 	 PGD Acc
[2025/10/16 20:33:04] - 3.3590 	 	 0.4777 	 3.7512 	 0.2376
[2025/10/16 20:35:24] - 102 	 136.6 	 	 0.0100 	 4.7618 	 0.6150
[2025/10/16 20:35:24] - ==> Building model..
[2025/10/16 20:36:16] - Test Loss 	 Test Acc 	 PGD Loss 	 PGD Acc
[2025/10/16 20:36:16] - 3.3590 	 	 0.4777 	 3.7508 	 0.2380
[2025/10/16 20:38:37] - 103 	 136.4 	 	 0.0100 	 4.7430 	 0.6469
[2025/10/16 20:38:37] - ==> Building model..
[2025/10/16 20:39:29] - Test Loss 	 Test Acc 	 PGD Loss 	 PGD Acc
[2025/10/16 20:39:29] - 3.3590 	 	 0.4777 	 3.7509 	 0.2374
[2025/10/16 20:41:49] - 104 	 136.4 	 	 0.0010 	 4.6950 	 0.7246
[2025/10/16 20:41:49] - ==> Building model..
[2025/10/16 20:42:41] - Test Loss 	 Test Acc 	 PGD Loss 	 PGD Acc
[2025/10/16 20:42:41] - 3.3590 	 	 0.4777 	 3.7510 	 0.2376
[2025/10/16 20:45:01] - 105 	 136.6 	 	 0.0010 	 4.6735 	 0.7594
[2025/10/16 20:45:01] - ==> Building model..
[2025/10/16 20:45:53] - Test Loss 	 Test Acc 	 PGD Loss 	 PGD Acc
[2025/10/16 20:45:53] - 3.3590 	 	 0.4777 	 3.7509 	 0.2381
[2025/10/16 20:48:14] - 106 	 136.7 	 	 0.0010 	 4.6674 	 0.7691
[2025/10/16 20:48:14] - ==> Building model..
[2025/10/16 20:49:06] - Test Loss 	 Test Acc 	 PGD Loss 	 PGD Acc
[2025/10/16 20:49:06] - 3.3590 	 	 0.4777 	 3.7508 	 0.2380
[2025/10/16 20:51:27] - 107 	 136.5 	 	 0.0010 	 4.6623 	 0.7784
[2025/10/16 20:51:27] - ==> Building model..
[2025/10/16 20:52:19] - Test Loss 	 Test Acc 	 PGD Loss 	 PGD Acc
[2025/10/16 20:52:19] - 3.3590 	 	 0.4777 	 3.7512 	 0.2376
[2025/10/16 20:54:39] - 108 	 136.5 	 	 0.0010 	 4.6575 	 0.7859
[2025/10/16 20:54:39] - ==> Building model..
[2025/10/16 20:55:31] - Test Loss 	 Test Acc 	 PGD Loss 	 PGD Acc
[2025/10/16 20:55:31] - 3.3590 	 	 0.4777 	 3.7506 	 0.2375
[2025/10/16 20:57:51] - 109 	 136.4 	 	 0.0010 	 4.6527 	 0.7935
[2025/10/16 20:57:51] - ==> Building model..
[2025/10/16 20:58:43] - Test Loss 	 Test Acc 	 PGD Loss 	 PGD Acc
[2025/10/16 20:58:43] - 3.3590 	 	 0.4777 	 3.7514 	 0.2380
[2025/10/16 20:58:43] - [0.0727, 0.1323, 0.1779, 0.2039, 0.2285, 0.2386, 0.255, 0.2977, 0.3304, 0.3526, 0.3672, 0.3771, 0.3873, 0.3962, 0.3988, 0.4042, 0.4091, 0.4134, 0.4173, 0.419, 0.4241, 0.4278, 0.4306, 0.4344, 0.4362, 0.4391, 0.4405, 0.4417, 0.444, 0.4454, 0.4454, 0.4461, 0.4482, 0.4497, 0.4511, 0.4533, 0.4532, 0.4559, 0.4577, 0.4599, 0.4603, 0.4606, 0.4614, 0.4608, 0.4618, 0.4624, 0.4632, 0.4631, 0.4634, 0.4641, 0.4651, 0.4657, 0.4657, 0.4664, 0.4662, 0.4678, 0.4688, 0.4683, 0.4663, 0.4665, 0.4669, 0.4669, 0.4675, 0.4668, 0.4671, 0.468, 0.469, 0.4701, 0.47, 0.4705, 0.4711, 0.4711, 0.4711, 0.4719, 0.471, 0.4718, 0.4725, 0.4726, 0.473, 0.4737, 0.4746, 0.4746, 0.4745, 0.4757, 0.4753, 0.4745, 0.4755, 0.4755, 0.475, 0.476, 0.4766, 0.4766, 0.4763, 0.4768, 0.4769, 0.4761, 0.4765, 0.4771, 0.4775, 0.4777, 0.4777, 0.4777, 0.4777, 0.4777, 0.4777, 0.4777, 0.4777, 0.4777, 0.4777, 0.4777]
[2025/10/16 20:58:43] - [0.0409, 0.0683, 0.0931, 0.1066, 0.1147, 0.1213, 0.1293, 0.1492, 0.1647, 0.1765, 0.184, 0.1908, 0.195, 0.1979, 0.2009, 0.2047, 0.2064, 0.2069, 0.2092, 0.2103, 0.2106, 0.2122, 0.2136, 0.2157, 0.2169, 0.2181, 0.2189, 0.2201, 0.2198, 0.2199, 0.2181, 0.2197, 0.2206, 0.2204, 0.2216, 0.2217, 0.2217, 0.2219, 0.2242, 0.225, 0.2259, 0.2259, 0.2275, 0.2268, 0.2274, 0.2273, 0.2282, 0.2294, 0.2299, 0.2297, 0.2292, 0.2299, 0.2303, 0.2301, 0.2308, 0.2314, 0.231, 0.2308, 0.2311, 0.2311, 0.2307, 0.2309, 0.2306, 0.2321, 0.2327, 0.2333, 0.2341, 0.2333, 0.2334, 0.2329, 0.2337, 0.2339, 0.2334, 0.2331, 0.2333, 0.2336, 0.2333, 0.2334, 0.2328, 0.2331, 0.2337, 0.2344, 0.2345, 0.2351, 0.2356, 0.236, 0.2359, 0.2356, 0.236, 0.236, 0.2362, 0.2362, 0.2361, 0.2363, 0.2368, 0.2372, 0.2378, 0.2377, 0.2381, 0.2382, 0.2381, 0.2376, 0.238, 0.2374, 0.2376, 0.2381, 0.238, 0.2376, 0.2375, 0.238]
