[2025/10/12 02:56:55] - Namespace(batch_size=128, data_dir='cifar-data', epochs=100, lr_schedule='multistep', lr_min=0.0, lr_max=0.2, weight_decay=0.0005, momentum=0.9, model='ResNet18', epsilon=8, alpha=8, delta_init='random', normal_mean=0, normal_std=1, out_dir='./output/CIFAR100/lamda_35_lamscale_0.03_run2', seed=0, lamda=35.0, lam_scale=0.03, lam_start=50, gamma=0.05, inner_gamma=0.05, beta=0.2, mu=3.5, batch_m=0.75, early_stop=False, factor=0.5, length=4, n_holes=1, c_num=0.125, EMA_value=0.55)
[2025/10/12 02:56:56] - ==> Building model..
[2025/10/12 02:56:57] - Epoch 	 Seconds 	 LR 	 	 Train Loss 	 Train Acc
[2025/10/12 02:57:43] - 0 	 20.0 	 	 0.2000 	 4.5695 	 0.0391
[2025/10/12 02:57:43] - ==> Building model..
[2025/10/12 02:58:00] - Test Loss 	 Test Acc 	 PGD Loss 	 PGD Acc
[2025/10/12 02:58:00] - 4.2330 	 	 0.0830 	 4.2459 	 0.0558
[2025/10/12 02:58:46] - 1 	 19.1 	 	 0.2000 	 4.4604 	 0.0784
[2025/10/12 02:58:46] - ==> Building model..
[2025/10/12 02:59:03] - Test Loss 	 Test Acc 	 PGD Loss 	 PGD Acc
[2025/10/12 02:59:03] - 4.0837 	 	 0.1333 	 4.1096 	 0.0875
[2025/10/12 02:59:48] - 2 	 18.9 	 	 0.2000 	 4.4074 	 0.1038
[2025/10/12 02:59:48] - ==> Building model..
[2025/10/12 03:00:05] - Test Loss 	 Test Acc 	 PGD Loss 	 PGD Acc
[2025/10/12 03:00:05] - 3.9183 	 	 0.1844 	 3.9627 	 0.1137
[2025/10/12 03:00:50] - 3 	 19.2 	 	 0.2000 	 4.3601 	 0.1247
[2025/10/12 03:00:50] - ==> Building model..
[2025/10/12 03:01:07] - Test Loss 	 Test Acc 	 PGD Loss 	 PGD Acc
[2025/10/12 03:01:07] - 3.7048 	 	 0.2352 	 3.7762 	 0.1387
[2025/10/12 03:01:51] - 4 	 19.3 	 	 0.2000 	 4.3164 	 0.1493
[2025/10/12 03:01:51] - ==> Building model..
[2025/10/12 03:02:08] - Test Loss 	 Test Acc 	 PGD Loss 	 PGD Acc
[2025/10/12 03:02:08] - 3.5808 	 	 0.2722 	 3.6756 	 0.1620
[2025/10/12 03:02:52] - 5 	 19.4 	 	 0.2000 	 4.2774 	 0.1673
[2025/10/12 03:02:52] - ==> Building model..
[2025/10/12 03:03:09] - Test Loss 	 Test Acc 	 PGD Loss 	 PGD Acc
[2025/10/12 03:03:09] - 3.4259 	 	 0.3051 	 3.5436 	 0.1745
[2025/10/12 03:03:54] - 6 	 19.7 	 	 0.2000 	 4.2460 	 0.1862
[2025/10/12 03:03:54] - ==> Building model..
[2025/10/12 03:04:12] - Test Loss 	 Test Acc 	 PGD Loss 	 PGD Acc
[2025/10/12 03:04:12] - 3.2051 	 	 0.3487 	 3.3579 	 0.1951
[2025/10/12 03:04:56] - 7 	 19.3 	 	 0.2000 	 4.2228 	 0.1994
[2025/10/12 03:04:56] - ==> Building model..
[2025/10/12 03:05:13] - Test Loss 	 Test Acc 	 PGD Loss 	 PGD Acc
[2025/10/12 03:05:13] - 3.0679 	 	 0.3793 	 3.2465 	 0.2078
[2025/10/12 03:05:58] - 8 	 19.5 	 	 0.2000 	 4.2038 	 0.2087
[2025/10/12 03:05:58] - ==> Building model..
[2025/10/12 03:06:14] - Test Loss 	 Test Acc 	 PGD Loss 	 PGD Acc
[2025/10/12 03:06:14] - 2.9774 	 	 0.3960 	 3.1743 	 0.2170
[2025/10/12 03:07:01] - 9 	 19.7 	 	 0.2000 	 4.1861 	 0.2180
[2025/10/12 03:07:01] - ==> Building model..
[2025/10/12 03:07:17] - Test Loss 	 Test Acc 	 PGD Loss 	 PGD Acc
[2025/10/12 03:07:17] - 2.9117 	 	 0.4126 	 3.1244 	 0.2244
[2025/10/12 03:08:03] - 10 	 19.8 	 	 0.2000 	 4.1744 	 0.2258
[2025/10/12 03:08:03] - ==> Building model..
[2025/10/12 03:08:20] - Test Loss 	 Test Acc 	 PGD Loss 	 PGD Acc
[2025/10/12 03:08:20] - 2.8590 	 	 0.4284 	 3.0839 	 0.2300
[2025/10/12 03:09:06] - 11 	 19.5 	 	 0.2000 	 4.1662 	 0.2286
[2025/10/12 03:09:06] - ==> Building model..
[2025/10/12 03:09:22] - Test Loss 	 Test Acc 	 PGD Loss 	 PGD Acc
[2025/10/12 03:09:22] - 2.8121 	 	 0.4376 	 3.0486 	 0.2355
[2025/10/12 03:10:08] - 12 	 20.1 	 	 0.2000 	 4.1568 	 0.2354
[2025/10/12 03:10:08] - ==> Building model..
[2025/10/12 03:10:24] - Test Loss 	 Test Acc 	 PGD Loss 	 PGD Acc
[2025/10/12 03:10:24] - 2.7757 	 	 0.4477 	 3.0209 	 0.2376
[2025/10/12 03:11:10] - 13 	 19.8 	 	 0.2000 	 4.1534 	 0.2357
[2025/10/12 03:11:10] - ==> Building model..
[2025/10/12 03:11:27] - Test Loss 	 Test Acc 	 PGD Loss 	 PGD Acc
[2025/10/12 03:11:27] - 2.7459 	 	 0.4550 	 2.9991 	 0.2439
[2025/10/12 03:12:13] - 14 	 19.6 	 	 0.2000 	 4.1463 	 0.2420
[2025/10/12 03:12:13] - ==> Building model..
[2025/10/12 03:12:29] - Test Loss 	 Test Acc 	 PGD Loss 	 PGD Acc
[2025/10/12 03:12:29] - 2.7264 	 	 0.4605 	 2.9852 	 0.2475
[2025/10/12 03:13:15] - 15 	 19.3 	 	 0.2000 	 4.1399 	 0.2464
[2025/10/12 03:13:15] - ==> Building model..
[2025/10/12 03:13:31] - Test Loss 	 Test Acc 	 PGD Loss 	 PGD Acc
[2025/10/12 03:13:31] - 2.7083 	 	 0.4639 	 2.9710 	 0.2494
[2025/10/12 03:14:15] - 16 	 19.3 	 	 0.2000 	 4.1355 	 0.2472
[2025/10/12 03:14:15] - ==> Building model..
[2025/10/12 03:14:32] - Test Loss 	 Test Acc 	 PGD Loss 	 PGD Acc
[2025/10/12 03:14:32] - 2.6926 	 	 0.4703 	 2.9581 	 0.2494
[2025/10/12 03:15:18] - 17 	 19.7 	 	 0.2000 	 4.1338 	 0.2486
[2025/10/12 03:15:18] - ==> Building model..
[2025/10/12 03:15:34] - Test Loss 	 Test Acc 	 PGD Loss 	 PGD Acc
[2025/10/12 03:15:34] - 2.6823 	 	 0.4737 	 2.9521 	 0.2520
[2025/10/12 03:16:19] - 18 	 19.5 	 	 0.2000 	 4.1274 	 0.2527
[2025/10/12 03:16:19] - ==> Building model..
[2025/10/12 03:16:36] - Test Loss 	 Test Acc 	 PGD Loss 	 PGD Acc
[2025/10/12 03:16:36] - 2.6684 	 	 0.4759 	 2.9418 	 0.2554
[2025/10/12 03:17:22] - 19 	 19.7 	 	 0.2000 	 4.1238 	 0.2550
[2025/10/12 03:17:22] - ==> Building model..
[2025/10/12 03:17:39] - Test Loss 	 Test Acc 	 PGD Loss 	 PGD Acc
[2025/10/12 03:17:39] - 2.6521 	 	 0.4799 	 2.9290 	 0.2560
[2025/10/12 03:18:26] - 20 	 19.8 	 	 0.2000 	 4.1229 	 0.2569
[2025/10/12 03:18:26] - ==> Building model..
[2025/10/12 03:18:42] - Test Loss 	 Test Acc 	 PGD Loss 	 PGD Acc
[2025/10/12 03:18:42] - 2.6432 	 	 0.4824 	 2.9216 	 0.2571
[2025/10/12 03:19:30] - 21 	 20.1 	 	 0.2000 	 4.1178 	 0.2573
[2025/10/12 03:19:30] - ==> Building model..
[2025/10/12 03:19:47] - Test Loss 	 Test Acc 	 PGD Loss 	 PGD Acc
[2025/10/12 03:19:47] - 2.6324 	 	 0.4842 	 2.9139 	 0.2591
[2025/10/12 03:20:34] - 22 	 20.1 	 	 0.2000 	 4.1175 	 0.2572
[2025/10/12 03:20:34] - ==> Building model..
[2025/10/12 03:20:50] - Test Loss 	 Test Acc 	 PGD Loss 	 PGD Acc
[2025/10/12 03:20:50] - 2.6233 	 	 0.4884 	 2.9075 	 0.2594
[2025/10/12 03:21:35] - 23 	 19.6 	 	 0.2000 	 4.1166 	 0.2580
[2025/10/12 03:21:35] - ==> Building model..
[2025/10/12 03:21:52] - Test Loss 	 Test Acc 	 PGD Loss 	 PGD Acc
[2025/10/12 03:21:52] - 2.6176 	 	 0.4886 	 2.9024 	 0.2575
[2025/10/12 03:22:37] - 24 	 19.6 	 	 0.2000 	 4.1125 	 0.2612
[2025/10/12 03:22:37] - ==> Building model..
[2025/10/12 03:22:54] - Test Loss 	 Test Acc 	 PGD Loss 	 PGD Acc
[2025/10/12 03:22:54] - 2.6126 	 	 0.4905 	 2.8999 	 0.2601
[2025/10/12 03:23:38] - 25 	 19.2 	 	 0.2000 	 4.1107 	 0.2648
[2025/10/12 03:23:38] - ==> Building model..
[2025/10/12 03:23:55] - Test Loss 	 Test Acc 	 PGD Loss 	 PGD Acc
[2025/10/12 03:23:55] - 2.6044 	 	 0.4926 	 2.8937 	 0.2620
[2025/10/12 03:24:41] - 26 	 19.6 	 	 0.2000 	 4.1065 	 0.2631
[2025/10/12 03:24:41] - ==> Building model..
[2025/10/12 03:24:58] - Test Loss 	 Test Acc 	 PGD Loss 	 PGD Acc
[2025/10/12 03:24:58] - 2.5929 	 	 0.4946 	 2.8839 	 0.2637
[2025/10/12 03:25:44] - 27 	 19.3 	 	 0.2000 	 4.1067 	 0.2666
[2025/10/12 03:25:44] - ==> Building model..
[2025/10/12 03:26:01] - Test Loss 	 Test Acc 	 PGD Loss 	 PGD Acc
[2025/10/12 03:26:01] - 2.5888 	 	 0.4962 	 2.8821 	 0.2654
[2025/10/12 03:26:46] - 28 	 19.1 	 	 0.2000 	 4.1053 	 0.2659
[2025/10/12 03:26:46] - ==> Building model..
[2025/10/12 03:27:02] - Test Loss 	 Test Acc 	 PGD Loss 	 PGD Acc
[2025/10/12 03:27:02] - 2.5904 	 	 0.4981 	 2.8839 	 0.2665
[2025/10/12 03:27:48] - 29 	 20.0 	 	 0.2000 	 4.1051 	 0.2668
[2025/10/12 03:27:48] - ==> Building model..
[2025/10/12 03:28:05] - Test Loss 	 Test Acc 	 PGD Loss 	 PGD Acc
[2025/10/12 03:28:05] - 2.5874 	 	 0.4987 	 2.8827 	 0.2664
[2025/10/12 03:28:52] - 30 	 20.2 	 	 0.2000 	 4.1050 	 0.2648
[2025/10/12 03:28:52] - ==> Building model..
[2025/10/12 03:29:08] - Test Loss 	 Test Acc 	 PGD Loss 	 PGD Acc
[2025/10/12 03:29:08] - 2.5860 	 	 0.4982 	 2.8811 	 0.2679
[2025/10/12 03:29:55] - 31 	 20.3 	 	 0.2000 	 4.1038 	 0.2675
[2025/10/12 03:29:55] - ==> Building model..
[2025/10/12 03:30:12] - Test Loss 	 Test Acc 	 PGD Loss 	 PGD Acc
[2025/10/12 03:30:12] - 2.5792 	 	 0.5001 	 2.8757 	 0.2695
[2025/10/12 03:30:56] - 32 	 19.4 	 	 0.2000 	 4.1022 	 0.2657
[2025/10/12 03:30:56] - ==> Building model..
[2025/10/12 03:31:12] - Test Loss 	 Test Acc 	 PGD Loss 	 PGD Acc
[2025/10/12 03:31:12] - 2.5751 	 	 0.5029 	 2.8732 	 0.2681
[2025/10/12 03:31:59] - 33 	 19.9 	 	 0.2000 	 4.1015 	 0.2675
[2025/10/12 03:31:59] - ==> Building model..
[2025/10/12 03:32:15] - Test Loss 	 Test Acc 	 PGD Loss 	 PGD Acc
[2025/10/12 03:32:15] - 2.5671 	 	 0.5032 	 2.8666 	 0.2702
[2025/10/12 03:33:01] - 34 	 19.2 	 	 0.2000 	 4.1011 	 0.2651
[2025/10/12 03:33:01] - ==> Building model..
[2025/10/12 03:33:17] - Test Loss 	 Test Acc 	 PGD Loss 	 PGD Acc
[2025/10/12 03:33:17] - 2.5648 	 	 0.5038 	 2.8636 	 0.2691
[2025/10/12 03:34:02] - 35 	 18.8 	 	 0.2000 	 4.0969 	 0.2734
[2025/10/12 03:34:02] - ==> Building model..
[2025/10/12 03:34:18] - Test Loss 	 Test Acc 	 PGD Loss 	 PGD Acc
[2025/10/12 03:34:18] - 2.5595 	 	 0.5058 	 2.8604 	 0.2700
[2025/10/12 03:35:02] - 36 	 18.6 	 	 0.2000 	 4.0974 	 0.2707
[2025/10/12 03:35:02] - ==> Building model..
[2025/10/12 03:35:19] - Test Loss 	 Test Acc 	 PGD Loss 	 PGD Acc
[2025/10/12 03:35:19] - 2.5575 	 	 0.5070 	 2.8589 	 0.2719
[2025/10/12 03:36:05] - 37 	 19.9 	 	 0.2000 	 4.0969 	 0.2702
[2025/10/12 03:36:05] - ==> Building model..
[2025/10/12 03:36:22] - Test Loss 	 Test Acc 	 PGD Loss 	 PGD Acc
[2025/10/12 03:36:22] - 2.5528 	 	 0.5065 	 2.8559 	 0.2715
[2025/10/12 03:37:07] - 38 	 19.5 	 	 0.2000 	 4.0953 	 0.2703
[2025/10/12 03:37:07] - ==> Building model..
[2025/10/12 03:37:24] - Test Loss 	 Test Acc 	 PGD Loss 	 PGD Acc
[2025/10/12 03:37:24] - 2.5510 	 	 0.5074 	 2.8540 	 0.2731
[2025/10/12 03:38:10] - 39 	 19.8 	 	 0.2000 	 4.0963 	 0.2703
[2025/10/12 03:38:10] - ==> Building model..
[2025/10/12 03:38:27] - Test Loss 	 Test Acc 	 PGD Loss 	 PGD Acc
[2025/10/12 03:38:27] - 2.5481 	 	 0.5082 	 2.8513 	 0.2745
[2025/10/12 03:39:12] - 40 	 19.6 	 	 0.2000 	 4.0945 	 0.2738
[2025/10/12 03:39:12] - ==> Building model..
[2025/10/12 03:39:29] - Test Loss 	 Test Acc 	 PGD Loss 	 PGD Acc
[2025/10/12 03:39:29] - 2.5497 	 	 0.5079 	 2.8528 	 0.2737
[2025/10/12 03:40:13] - 41 	 19.9 	 	 0.2000 	 4.0943 	 0.2727
[2025/10/12 03:40:13] - ==> Building model..
[2025/10/12 03:40:30] - Test Loss 	 Test Acc 	 PGD Loss 	 PGD Acc
[2025/10/12 03:40:30] - 2.5488 	 	 0.5089 	 2.8523 	 0.2758
[2025/10/12 03:41:17] - 42 	 19.7 	 	 0.2000 	 4.0948 	 0.2704
[2025/10/12 03:41:17] - ==> Building model..
[2025/10/12 03:41:33] - Test Loss 	 Test Acc 	 PGD Loss 	 PGD Acc
[2025/10/12 03:41:33] - 2.5477 	 	 0.5098 	 2.8523 	 0.2765
[2025/10/12 03:42:20] - 43 	 20.0 	 	 0.2000 	 4.0926 	 0.2722
[2025/10/12 03:42:20] - ==> Building model..
[2025/10/12 03:42:36] - Test Loss 	 Test Acc 	 PGD Loss 	 PGD Acc
[2025/10/12 03:42:36] - 2.5462 	 	 0.5109 	 2.8506 	 0.2772
[2025/10/12 03:43:23] - 44 	 19.7 	 	 0.2000 	 4.0935 	 0.2722
[2025/10/12 03:43:23] - ==> Building model..
[2025/10/12 03:43:39] - Test Loss 	 Test Acc 	 PGD Loss 	 PGD Acc
[2025/10/12 03:43:39] - 2.5428 	 	 0.5129 	 2.8489 	 0.2777
[2025/10/12 03:44:27] - 45 	 20.0 	 	 0.2000 	 4.0908 	 0.2753
[2025/10/12 03:44:27] - ==> Building model..
[2025/10/12 03:44:45] - Test Loss 	 Test Acc 	 PGD Loss 	 PGD Acc
[2025/10/12 03:44:45] - 2.5416 	 	 0.5144 	 2.8483 	 0.2779
[2025/10/12 03:45:30] - 46 	 20.2 	 	 0.2000 	 4.0894 	 0.2749
[2025/10/12 03:45:30] - ==> Building model..
[2025/10/12 03:45:47] - Test Loss 	 Test Acc 	 PGD Loss 	 PGD Acc
[2025/10/12 03:45:47] - 2.5407 	 	 0.5150 	 2.8477 	 0.2782
[2025/10/12 03:46:30] - 47 	 18.5 	 	 0.2000 	 4.0905 	 0.2727
[2025/10/12 03:46:30] - ==> Building model..
[2025/10/12 03:46:47] - Test Loss 	 Test Acc 	 PGD Loss 	 PGD Acc
[2025/10/12 03:46:47] - 2.5398 	 	 0.5165 	 2.8483 	 0.2785
[2025/10/12 03:47:32] - 48 	 18.7 	 	 0.2000 	 4.0893 	 0.2754
[2025/10/12 03:47:32] - ==> Building model..
[2025/10/12 03:47:48] - Test Loss 	 Test Acc 	 PGD Loss 	 PGD Acc
[2025/10/12 03:47:48] - 2.5376 	 	 0.5166 	 2.8464 	 0.2777
[2025/10/12 03:48:33] - 49 	 18.7 	 	 0.2000 	 4.0878 	 0.2763
[2025/10/12 03:48:33] - ==> Building model..
[2025/10/12 03:48:49] - Test Loss 	 Test Acc 	 PGD Loss 	 PGD Acc
[2025/10/12 03:48:49] - 2.5373 	 	 0.5181 	 2.8459 	 0.2770
[2025/10/12 03:49:30] - 50 	 17.9 	 	 0.2000 	 4.0883 	 0.2766
[2025/10/12 03:49:30] - ==> Building model..
[2025/10/12 03:49:47] - Test Loss 	 Test Acc 	 PGD Loss 	 PGD Acc
[2025/10/12 03:49:47] - 2.5406 	 	 0.5168 	 2.8488 	 0.2776
[2025/10/12 03:50:31] - 51 	 18.5 	 	 0.2000 	 4.0898 	 0.2744
[2025/10/12 03:50:31] - ==> Building model..
[2025/10/12 03:50:47] - Test Loss 	 Test Acc 	 PGD Loss 	 PGD Acc
[2025/10/12 03:50:47] - 2.5419 	 	 0.5172 	 2.8496 	 0.2791
[2025/10/12 03:51:32] - 52 	 18.6 	 	 0.2000 	 4.0887 	 0.2762
[2025/10/12 03:51:32] - ==> Building model..
[2025/10/12 03:51:48] - Test Loss 	 Test Acc 	 PGD Loss 	 PGD Acc
[2025/10/12 03:51:48] - 2.5427 	 	 0.5166 	 2.8507 	 0.2789
[2025/10/12 03:52:33] - 53 	 18.6 	 	 0.2000 	 4.0872 	 0.2779
[2025/10/12 03:52:33] - ==> Building model..
[2025/10/12 03:52:49] - Test Loss 	 Test Acc 	 PGD Loss 	 PGD Acc
[2025/10/12 03:52:49] - 2.5428 	 	 0.5187 	 2.8503 	 0.2788
[2025/10/12 03:53:34] - 54 	 18.8 	 	 0.2000 	 4.0894 	 0.2750
[2025/10/12 03:53:34] - ==> Building model..
[2025/10/12 03:53:51] - Test Loss 	 Test Acc 	 PGD Loss 	 PGD Acc
[2025/10/12 03:53:51] - 2.5445 	 	 0.5193 	 2.8513 	 0.2788
[2025/10/12 03:54:36] - 55 	 18.6 	 	 0.2000 	 4.0874 	 0.2778
[2025/10/12 03:54:36] - ==> Building model..
[2025/10/12 03:54:52] - Test Loss 	 Test Acc 	 PGD Loss 	 PGD Acc
[2025/10/12 03:54:52] - 2.5440 	 	 0.5181 	 2.8513 	 0.2785
[2025/10/12 03:55:37] - 56 	 18.7 	 	 0.2000 	 4.0893 	 0.2745
[2025/10/12 03:55:37] - ==> Building model..
[2025/10/12 03:55:53] - Test Loss 	 Test Acc 	 PGD Loss 	 PGD Acc
[2025/10/12 03:55:53] - 2.5455 	 	 0.5185 	 2.8521 	 0.2782
[2025/10/12 03:56:38] - 57 	 18.5 	 	 0.2000 	 4.0879 	 0.2793
[2025/10/12 03:56:38] - ==> Building model..
[2025/10/12 03:56:54] - Test Loss 	 Test Acc 	 PGD Loss 	 PGD Acc
[2025/10/12 03:56:54] - 2.5466 	 	 0.5175 	 2.8523 	 0.2782
[2025/10/12 03:57:39] - 58 	 18.7 	 	 0.2000 	 4.0864 	 0.2765
[2025/10/12 03:57:39] - ==> Building model..
[2025/10/12 03:57:55] - Test Loss 	 Test Acc 	 PGD Loss 	 PGD Acc
[2025/10/12 03:57:55] - 2.5491 	 	 0.5180 	 2.8551 	 0.2777
[2025/10/12 03:58:40] - 59 	 19.3 	 	 0.2000 	 4.0886 	 0.2758
[2025/10/12 03:58:40] - ==> Building model..
[2025/10/12 03:58:56] - Test Loss 	 Test Acc 	 PGD Loss 	 PGD Acc
[2025/10/12 03:58:56] - 2.5513 	 	 0.5165 	 2.8564 	 0.2766
[2025/10/12 03:59:40] - 60 	 19.0 	 	 0.2000 	 4.0856 	 0.2786
[2025/10/12 03:59:40] - ==> Building model..
[2025/10/12 03:59:56] - Test Loss 	 Test Acc 	 PGD Loss 	 PGD Acc
[2025/10/12 03:59:56] - 2.5504 	 	 0.5186 	 2.8568 	 0.2770
[2025/10/12 04:00:41] - 61 	 19.2 	 	 0.2000 	 4.0872 	 0.2751
[2025/10/12 04:00:41] - ==> Building model..
[2025/10/12 04:00:58] - Test Loss 	 Test Acc 	 PGD Loss 	 PGD Acc
[2025/10/12 04:00:58] - 2.5522 	 	 0.5172 	 2.8575 	 0.2775
[2025/10/12 04:01:44] - 62 	 19.5 	 	 0.2000 	 4.0868 	 0.2769
[2025/10/12 04:01:44] - ==> Building model..
[2025/10/12 04:02:00] - Test Loss 	 Test Acc 	 PGD Loss 	 PGD Acc
[2025/10/12 04:02:00] - 2.5527 	 	 0.5164 	 2.8577 	 0.2782
[2025/10/12 04:02:45] - 63 	 18.5 	 	 0.2000 	 4.0886 	 0.2767
[2025/10/12 04:02:45] - ==> Building model..
[2025/10/12 04:03:01] - Test Loss 	 Test Acc 	 PGD Loss 	 PGD Acc
[2025/10/12 04:03:01] - 2.5532 	 	 0.5163 	 2.8577 	 0.2783
[2025/10/12 04:03:45] - 64 	 18.4 	 	 0.2000 	 4.0866 	 0.2799
[2025/10/12 04:03:45] - ==> Building model..
[2025/10/12 04:04:01] - Test Loss 	 Test Acc 	 PGD Loss 	 PGD Acc
[2025/10/12 04:04:01] - 2.5557 	 	 0.5160 	 2.8601 	 0.2785
[2025/10/12 04:04:44] - 65 	 18.2 	 	 0.2000 	 4.0858 	 0.2788
[2025/10/12 04:04:44] - ==> Building model..
[2025/10/12 04:05:00] - Test Loss 	 Test Acc 	 PGD Loss 	 PGD Acc
[2025/10/12 04:05:00] - 2.5584 	 	 0.5165 	 2.8618 	 0.2793
[2025/10/12 04:05:42] - 66 	 18.1 	 	 0.2000 	 4.0869 	 0.2757
[2025/10/12 04:05:42] - ==> Building model..
[2025/10/12 04:05:58] - Test Loss 	 Test Acc 	 PGD Loss 	 PGD Acc
[2025/10/12 04:05:58] - 2.5613 	 	 0.5155 	 2.8637 	 0.2787
[2025/10/12 04:06:43] - 67 	 19.1 	 	 0.2000 	 4.0868 	 0.2789
[2025/10/12 04:06:43] - ==> Building model..
[2025/10/12 04:07:00] - Test Loss 	 Test Acc 	 PGD Loss 	 PGD Acc
[2025/10/12 04:07:00] - 2.5617 	 	 0.5146 	 2.8634 	 0.2792
[2025/10/12 04:07:44] - 68 	 19.5 	 	 0.2000 	 4.0879 	 0.2783
[2025/10/12 04:07:44] - ==> Building model..
[2025/10/12 04:08:00] - Test Loss 	 Test Acc 	 PGD Loss 	 PGD Acc
[2025/10/12 04:08:00] - 2.5613 	 	 0.5150 	 2.8623 	 0.2793
[2025/10/12 04:08:46] - 69 	 19.7 	 	 0.2000 	 4.0878 	 0.2770
[2025/10/12 04:08:46] - ==> Building model..
[2025/10/12 04:09:02] - Test Loss 	 Test Acc 	 PGD Loss 	 PGD Acc
[2025/10/12 04:09:02] - 2.5600 	 	 0.5145 	 2.8609 	 0.2790
[2025/10/12 04:09:46] - 70 	 18.4 	 	 0.2000 	 4.0899 	 0.2772
[2025/10/12 04:09:46] - ==> Building model..
[2025/10/12 04:10:02] - Test Loss 	 Test Acc 	 PGD Loss 	 PGD Acc
[2025/10/12 04:10:02] - 2.5599 	 	 0.5161 	 2.8614 	 0.2795
[2025/10/12 04:10:43] - 71 	 17.8 	 	 0.2000 	 4.0879 	 0.2782
[2025/10/12 04:10:43] - ==> Building model..
[2025/10/12 04:10:59] - Test Loss 	 Test Acc 	 PGD Loss 	 PGD Acc
[2025/10/12 04:10:59] - 2.5612 	 	 0.5154 	 2.8623 	 0.2798
[2025/10/12 04:11:45] - 72 	 20.3 	 	 0.2000 	 4.0885 	 0.2770
[2025/10/12 04:11:45] - ==> Building model..
[2025/10/12 04:12:01] - Test Loss 	 Test Acc 	 PGD Loss 	 PGD Acc
[2025/10/12 04:12:01] - 2.5631 	 	 0.5144 	 2.8633 	 0.2805
[2025/10/12 04:12:45] - 73 	 19.1 	 	 0.2000 	 4.0878 	 0.2781
[2025/10/12 04:12:45] - ==> Building model..
[2025/10/12 04:13:02] - Test Loss 	 Test Acc 	 PGD Loss 	 PGD Acc
[2025/10/12 04:13:02] - 2.5646 	 	 0.5148 	 2.8644 	 0.2797
[2025/10/12 04:13:45] - 74 	 19.1 	 	 0.2000 	 4.0893 	 0.2773
[2025/10/12 04:13:45] - ==> Building model..
[2025/10/12 04:14:01] - Test Loss 	 Test Acc 	 PGD Loss 	 PGD Acc
[2025/10/12 04:14:01] - 2.5662 	 	 0.5148 	 2.8657 	 0.2794
[2025/10/12 04:14:46] - 75 	 19.4 	 	 0.2000 	 4.0885 	 0.2780
[2025/10/12 04:14:46] - ==> Building model..
[2025/10/12 04:15:02] - Test Loss 	 Test Acc 	 PGD Loss 	 PGD Acc
[2025/10/12 04:15:02] - 2.5662 	 	 0.5155 	 2.8658 	 0.2793
[2025/10/12 04:15:46] - 76 	 19.1 	 	 0.2000 	 4.0884 	 0.2800
[2025/10/12 04:15:46] - ==> Building model..
[2025/10/12 04:16:03] - Test Loss 	 Test Acc 	 PGD Loss 	 PGD Acc
[2025/10/12 04:16:03] - 2.5662 	 	 0.5152 	 2.8658 	 0.2797
[2025/10/12 04:16:48] - 77 	 18.8 	 	 0.2000 	 4.0890 	 0.2786
[2025/10/12 04:16:48] - ==> Building model..
[2025/10/12 04:17:04] - Test Loss 	 Test Acc 	 PGD Loss 	 PGD Acc
[2025/10/12 04:17:04] - 2.5676 	 	 0.5159 	 2.8669 	 0.2808
[2025/10/12 04:17:48] - 78 	 18.6 	 	 0.2000 	 4.0882 	 0.2780
[2025/10/12 04:17:48] - ==> Building model..
[2025/10/12 04:18:04] - Test Loss 	 Test Acc 	 PGD Loss 	 PGD Acc
[2025/10/12 04:18:04] - 2.5670 	 	 0.5162 	 2.8660 	 0.2807
[2025/10/12 04:18:48] - 79 	 18.8 	 	 0.2000 	 4.0883 	 0.2795
[2025/10/12 04:18:48] - ==> Building model..
[2025/10/12 04:19:05] - Test Loss 	 Test Acc 	 PGD Loss 	 PGD Acc
[2025/10/12 04:19:05] - 2.5682 	 	 0.5160 	 2.8670 	 0.2815
[2025/10/12 04:19:50] - 80 	 18.7 	 	 0.2000 	 4.0870 	 0.2798
[2025/10/12 04:19:50] - ==> Building model..
[2025/10/12 04:20:06] - Test Loss 	 Test Acc 	 PGD Loss 	 PGD Acc
[2025/10/12 04:20:06] - 2.5689 	 	 0.5165 	 2.8674 	 0.2810
[2025/10/12 04:20:50] - 81 	 18.4 	 	 0.2000 	 4.0895 	 0.2776
[2025/10/12 04:20:50] - ==> Building model..
[2025/10/12 04:21:06] - Test Loss 	 Test Acc 	 PGD Loss 	 PGD Acc
[2025/10/12 04:21:06] - 2.5708 	 	 0.5162 	 2.8684 	 0.2814
[2025/10/12 04:21:51] - 82 	 18.9 	 	 0.2000 	 4.0899 	 0.2799
[2025/10/12 04:21:51] - ==> Building model..
[2025/10/12 04:22:07] - Test Loss 	 Test Acc 	 PGD Loss 	 PGD Acc
[2025/10/12 04:22:07] - 2.5709 	 	 0.5147 	 2.8691 	 0.2824
[2025/10/12 04:22:53] - 83 	 18.8 	 	 0.2000 	 4.0869 	 0.2797
[2025/10/12 04:22:53] - ==> Building model..
[2025/10/12 04:23:09] - Test Loss 	 Test Acc 	 PGD Loss 	 PGD Acc
[2025/10/12 04:23:09] - 2.5731 	 	 0.5158 	 2.8697 	 0.2835
[2025/10/12 04:23:52] - 84 	 17.9 	 	 0.2000 	 4.0905 	 0.2785
[2025/10/12 04:23:52] - ==> Building model..
[2025/10/12 04:24:08] - Test Loss 	 Test Acc 	 PGD Loss 	 PGD Acc
[2025/10/12 04:24:08] - 2.5739 	 	 0.5153 	 2.8713 	 0.2841
[2025/10/12 04:24:53] - 85 	 18.9 	 	 0.2000 	 4.0902 	 0.2817
[2025/10/12 04:24:53] - ==> Building model..
[2025/10/12 04:25:10] - Test Loss 	 Test Acc 	 PGD Loss 	 PGD Acc
[2025/10/12 04:25:10] - 2.5758 	 	 0.5152 	 2.8724 	 0.2835
[2025/10/12 04:25:55] - 86 	 19.3 	 	 0.2000 	 4.0896 	 0.2796
[2025/10/12 04:25:55] - ==> Building model..
[2025/10/12 04:26:11] - Test Loss 	 Test Acc 	 PGD Loss 	 PGD Acc
[2025/10/12 04:26:11] - 2.5766 	 	 0.5151 	 2.8727 	 0.2839
[2025/10/12 04:26:57] - 87 	 19.6 	 	 0.2000 	 4.0905 	 0.2786
[2025/10/12 04:26:57] - ==> Building model..
[2025/10/12 04:27:13] - Test Loss 	 Test Acc 	 PGD Loss 	 PGD Acc
[2025/10/12 04:27:13] - 2.5808 	 	 0.5157 	 2.8759 	 0.2840
[2025/10/12 04:27:57] - 88 	 19.2 	 	 0.2000 	 4.0911 	 0.2770
[2025/10/12 04:27:57] - ==> Building model..
[2025/10/12 04:28:13] - Test Loss 	 Test Acc 	 PGD Loss 	 PGD Acc
[2025/10/12 04:28:13] - 2.5826 	 	 0.5146 	 2.8769 	 0.2840
[2025/10/12 04:28:57] - 89 	 19.4 	 	 0.2000 	 4.0900 	 0.2798
[2025/10/12 04:28:57] - ==> Building model..
[2025/10/12 04:29:14] - Test Loss 	 Test Acc 	 PGD Loss 	 PGD Acc
[2025/10/12 04:29:14] - 2.5837 	 	 0.5140 	 2.8775 	 0.2840
[2025/10/12 04:29:59] - 90 	 19.5 	 	 0.0200 	 3.9940 	 0.3408
[2025/10/12 04:29:59] - ==> Building model..
[2025/10/12 04:30:16] - Test Loss 	 Test Acc 	 PGD Loss 	 PGD Acc
[2025/10/12 04:30:16] - 2.5814 	 	 0.5148 	 2.8756 	 0.2833
[2025/10/12 04:31:02] - 91 	 19.5 	 	 0.0200 	 3.9008 	 0.4027
[2025/10/12 04:31:02] - ==> Building model..
[2025/10/12 04:31:19] - Test Loss 	 Test Acc 	 PGD Loss 	 PGD Acc
[2025/10/12 04:31:19] - 2.5798 	 	 0.5152 	 2.8741 	 0.2833
[2025/10/12 04:32:04] - 92 	 18.8 	 	 0.0200 	 3.8746 	 0.4219
[2025/10/12 04:32:04] - ==> Building model..
[2025/10/12 04:32:21] - Test Loss 	 Test Acc 	 PGD Loss 	 PGD Acc
[2025/10/12 04:32:21] - 2.5798 	 	 0.5152 	 2.8749 	 0.2841
[2025/10/12 04:33:07] - 93 	 18.8 	 	 0.0200 	 3.8570 	 0.4328
[2025/10/12 04:33:07] - ==> Building model..
[2025/10/12 04:33:22] - Test Loss 	 Test Acc 	 PGD Loss 	 PGD Acc
[2025/10/12 04:33:22] - 2.5806 	 	 0.5151 	 2.8761 	 0.2841
[2025/10/12 04:34:05] - 94 	 17.5 	 	 0.0200 	 3.8419 	 0.4419
[2025/10/12 04:34:05] - ==> Building model..
[2025/10/12 04:34:21] - Test Loss 	 Test Acc 	 PGD Loss 	 PGD Acc
[2025/10/12 04:34:21] - 2.5818 	 	 0.5152 	 2.8765 	 0.2839
[2025/10/12 04:35:06] - 95 	 17.8 	 	 0.0200 	 3.8301 	 0.4507
[2025/10/12 04:35:06] - ==> Building model..
[2025/10/12 04:35:22] - Test Loss 	 Test Acc 	 PGD Loss 	 PGD Acc
[2025/10/12 04:35:22] - 2.5874 	 	 0.5151 	 2.8814 	 0.2843
[2025/10/12 04:36:07] - 96 	 18.7 	 	 0.0200 	 3.8194 	 0.4590
[2025/10/12 04:36:07] - ==> Building model..
[2025/10/12 04:36:24] - Test Loss 	 Test Acc 	 PGD Loss 	 PGD Acc
[2025/10/12 04:36:24] - 2.5888 	 	 0.5151 	 2.8825 	 0.2844
[2025/10/12 04:37:08] - 97 	 17.8 	 	 0.0200 	 3.8107 	 0.4670
[2025/10/12 04:37:08] - ==> Building model..
[2025/10/12 04:37:25] - Test Loss 	 Test Acc 	 PGD Loss 	 PGD Acc
[2025/10/12 04:37:25] - 2.5930 	 	 0.5150 	 2.8858 	 0.2846
[2025/10/12 04:38:11] - 98 	 19.0 	 	 0.0200 	 3.8017 	 0.4730
[2025/10/12 04:38:11] - ==> Building model..
[2025/10/12 04:38:27] - Test Loss 	 Test Acc 	 PGD Loss 	 PGD Acc
[2025/10/12 04:38:27] - 2.5971 	 	 0.5143 	 2.8896 	 0.2844
[2025/10/12 04:39:10] - 99 	 17.6 	 	 0.0200 	 3.7950 	 0.4783
[2025/10/12 04:39:10] - ==> Building model..
[2025/10/12 04:39:27] - Test Loss 	 Test Acc 	 PGD Loss 	 PGD Acc
[2025/10/12 04:39:27] - 2.5994 	 	 0.5137 	 2.8910 	 0.2842
[2025/10/12 04:39:27] - [0.083, 0.1333, 0.1844, 0.2352, 0.2722, 0.3051, 0.3487, 0.3793, 0.396, 0.4126, 0.4284, 0.4376, 0.4477, 0.455, 0.4605, 0.4639, 0.4703, 0.4737, 0.4759, 0.4799, 0.4824, 0.4842, 0.4884, 0.4886, 0.4905, 0.4926, 0.4946, 0.4962, 0.4981, 0.4987, 0.4982, 0.5001, 0.5029, 0.5032, 0.5038, 0.5058, 0.507, 0.5065, 0.5074, 0.5082, 0.5079, 0.5089, 0.5098, 0.5109, 0.5129, 0.5144, 0.515, 0.5165, 0.5166, 0.5181, 0.5168, 0.5172, 0.5166, 0.5187, 0.5193, 0.5181, 0.5185, 0.5175, 0.518, 0.5165, 0.5186, 0.5172, 0.5164, 0.5163, 0.516, 0.5165, 0.5155, 0.5146, 0.515, 0.5145, 0.5161, 0.5154, 0.5144, 0.5148, 0.5148, 0.5155, 0.5152, 0.5159, 0.5162, 0.516, 0.5165, 0.5162, 0.5147, 0.5158, 0.5153, 0.5152, 0.5151, 0.5157, 0.5146, 0.514, 0.5148, 0.5152, 0.5152, 0.5151, 0.5152, 0.5151, 0.5151, 0.515, 0.5143, 0.5137]
[2025/10/12 04:39:27] - [0.0558, 0.0875, 0.1137, 0.1387, 0.162, 0.1745, 0.1951, 0.2078, 0.217, 0.2244, 0.23, 0.2355, 0.2376, 0.2439, 0.2475, 0.2494, 0.2494, 0.252, 0.2554, 0.256, 0.2571, 0.2591, 0.2594, 0.2575, 0.2601, 0.262, 0.2637, 0.2654, 0.2665, 0.2664, 0.2679, 0.2695, 0.2681, 0.2702, 0.2691, 0.27, 0.2719, 0.2715, 0.2731, 0.2745, 0.2737, 0.2758, 0.2765, 0.2772, 0.2777, 0.2779, 0.2782, 0.2785, 0.2777, 0.277, 0.2776, 0.2791, 0.2789, 0.2788, 0.2788, 0.2785, 0.2782, 0.2782, 0.2777, 0.2766, 0.277, 0.2775, 0.2782, 0.2783, 0.2785, 0.2793, 0.2787, 0.2792, 0.2793, 0.279, 0.2795, 0.2798, 0.2805, 0.2797, 0.2794, 0.2793, 0.2797, 0.2808, 0.2807, 0.2815, 0.281, 0.2814, 0.2824, 0.2835, 0.2841, 0.2835, 0.2839, 0.284, 0.284, 0.284, 0.2833, 0.2833, 0.2841, 0.2841, 0.2839, 0.2843, 0.2844, 0.2846, 0.2844, 0.2842]
