[2025/09/20 15:11:01] - Namespace(batch_size=128, data_dir='cifar-data', epochs=100, lr_schedule='multistep', lr_min=0.0, lr_max=0.2, weight_decay=0.0005, momentum=0.9, model='ResNet18', epsilon=8, alpha=8, delta_init='random', normal_mean=0, normal_std=1, out_dir='./output/CIFAR100/lam_scale_0.1', seed=0, lamda=42, lam_scale=0.1, lam_start=50, gamma=0.05, inner_gamma=0.05, beta=0.6, mu=3.5, batch_m=0.75, early_stop=False, factor=0.5, length=4, n_holes=1, c_num=0.125, EMA_value=0.55)
[2025/09/20 15:11:04] - ==> Building model..
[2025/09/20 15:11:04] - Epoch 	 Seconds 	 LR 	 	 Train Loss 	 Train Acc
[2025/09/20 15:12:12] - 0 	 30.5 	 	 0.0100 	 4.6439 	 0.0262
[2025/09/20 15:12:12] - ==> Building model..
[2025/09/20 15:12:36] - Test Loss 	 Test Acc 	 PGD Loss 	 PGD Acc
[2025/09/20 15:12:36] - 4.2595 	 	 0.0839 	 4.2794 	 0.0468
[2025/09/20 15:13:38] - 1 	 26.6 	 	 0.0199 	 4.4883 	 0.0648
[2025/09/20 15:13:38] - ==> Building model..
[2025/09/20 15:14:00] - Test Loss 	 Test Acc 	 PGD Loss 	 PGD Acc
[2025/09/20 15:14:00] - 4.0354 	 	 0.1315 	 4.0680 	 0.0770
[2025/09/20 15:15:05] - 2 	 27.0 	 	 0.0299 	 4.4311 	 0.0969
[2025/09/20 15:15:05] - ==> Building model..
[2025/09/20 15:15:29] - Test Loss 	 Test Acc 	 PGD Loss 	 PGD Acc
[2025/09/20 15:15:29] - 3.8425 	 	 0.1865 	 3.8928 	 0.1094
[2025/09/20 15:16:32] - 3 	 26.9 	 	 0.0399 	 4.3854 	 0.1183
[2025/09/20 15:16:32] - ==> Building model..
[2025/09/20 15:16:57] - Test Loss 	 Test Acc 	 PGD Loss 	 PGD Acc
[2025/09/20 15:16:57] - 3.6803 	 	 0.2202 	 3.7493 	 0.1270
[2025/09/20 15:17:58] - 4 	 26.3 	 	 0.0499 	 4.3476 	 0.1396
[2025/09/20 15:17:58] - ==> Building model..
[2025/09/20 15:18:21] - Test Loss 	 Test Acc 	 PGD Loss 	 PGD Acc
[2025/09/20 15:18:21] - 3.5568 	 	 0.2516 	 3.6425 	 0.1425
[2025/09/20 15:19:23] - 5 	 26.5 	 	 0.0598 	 4.3112 	 0.1586
[2025/09/20 15:19:23] - ==> Building model..
[2025/09/20 15:19:47] - Test Loss 	 Test Acc 	 PGD Loss 	 PGD Acc
[2025/09/20 15:19:47] - 3.4330 	 	 0.2857 	 3.5396 	 0.1597
[2025/09/20 15:20:51] - 6 	 27.0 	 	 0.0698 	 4.2755 	 0.1761
[2025/09/20 15:20:51] - ==> Building model..
[2025/09/20 15:21:15] - Test Loss 	 Test Acc 	 PGD Loss 	 PGD Acc
[2025/09/20 15:21:15] - 3.3048 	 	 0.3160 	 3.4335 	 0.1767
[2025/09/20 15:22:17] - 7 	 26.8 	 	 0.0798 	 4.2411 	 0.1946
[2025/09/20 15:22:17] - ==> Building model..
[2025/09/20 15:22:42] - Test Loss 	 Test Acc 	 PGD Loss 	 PGD Acc
[2025/09/20 15:22:42] - 3.1936 	 	 0.3494 	 3.3466 	 0.1923
[2025/09/20 15:23:42] - 8 	 25.9 	 	 0.0898 	 4.2092 	 0.2116
[2025/09/20 15:23:42] - ==> Building model..
[2025/09/20 15:24:05] - Test Loss 	 Test Acc 	 PGD Loss 	 PGD Acc
[2025/09/20 15:24:05] - 3.0899 	 	 0.3776 	 3.2648 	 0.2047
[2025/09/20 15:25:07] - 9 	 26.8 	 	 0.0997 	 4.1816 	 0.2278
[2025/09/20 15:25:07] - ==> Building model..
[2025/09/20 15:25:31] - Test Loss 	 Test Acc 	 PGD Loss 	 PGD Acc
[2025/09/20 15:25:31] - 3.0166 	 	 0.4015 	 3.2091 	 0.2138
[2025/09/20 15:26:34] - 10 	 27.3 	 	 0.1097 	 4.1594 	 0.2381
[2025/09/20 15:26:34] - ==> Building model..
[2025/09/20 15:26:56] - Test Loss 	 Test Acc 	 PGD Loss 	 PGD Acc
[2025/09/20 15:26:56] - 2.9749 	 	 0.4189 	 3.1816 	 0.2227
[2025/09/20 15:28:00] - 11 	 27.6 	 	 0.1197 	 4.1424 	 0.2478
[2025/09/20 15:28:00] - ==> Building model..
[2025/09/20 15:28:24] - Test Loss 	 Test Acc 	 PGD Loss 	 PGD Acc
[2025/09/20 15:28:24] - 2.9490 	 	 0.4333 	 3.1655 	 0.2309
[2025/09/20 15:29:28] - 12 	 27.8 	 	 0.1297 	 4.1242 	 0.2570
[2025/09/20 15:29:28] - ==> Building model..
[2025/09/20 15:29:50] - Test Loss 	 Test Acc 	 PGD Loss 	 PGD Acc
[2025/09/20 15:29:50] - 2.9542 	 	 0.4407 	 3.1748 	 0.2344
[2025/09/20 15:30:52] - 13 	 26.7 	 	 0.1396 	 4.1121 	 0.2649
[2025/09/20 15:30:52] - ==> Building model..
[2025/09/20 15:31:15] - Test Loss 	 Test Acc 	 PGD Loss 	 PGD Acc
[2025/09/20 15:31:15] - 2.9747 	 	 0.4440 	 3.1947 	 0.2383
[2025/09/20 15:32:22] - 14 	 29.2 	 	 0.1496 	 4.0988 	 0.2749
[2025/09/20 15:32:22] - ==> Building model..
[2025/09/20 15:32:47] - Test Loss 	 Test Acc 	 PGD Loss 	 PGD Acc
[2025/09/20 15:32:47] - 3.0498 	 	 0.4368 	 3.2604 	 0.2325
[2025/09/20 15:33:50] - 15 	 27.1 	 	 0.1596 	 4.0859 	 0.2811
[2025/09/20 15:33:50] - ==> Building model..
[2025/09/20 15:34:14] - Test Loss 	 Test Acc 	 PGD Loss 	 PGD Acc
[2025/09/20 15:34:14] - 3.1473 	 	 0.4235 	 3.3423 	 0.2276
[2025/09/20 15:35:18] - 16 	 27.9 	 	 0.1696 	 4.0777 	 0.2858
[2025/09/20 15:35:18] - ==> Building model..
[2025/09/20 15:35:41] - Test Loss 	 Test Acc 	 PGD Loss 	 PGD Acc
[2025/09/20 15:35:41] - 3.2869 	 	 0.3972 	 3.4584 	 0.2101
[2025/09/20 15:36:46] - 17 	 28.0 	 	 0.1795 	 4.0725 	 0.2871
[2025/09/20 15:36:46] - ==> Building model..
[2025/09/20 15:37:09] - Test Loss 	 Test Acc 	 PGD Loss 	 PGD Acc
[2025/09/20 15:37:09] - 3.4262 	 	 0.3685 	 3.5743 	 0.1910
[2025/09/20 15:38:11] - 18 	 27.1 	 	 0.1895 	 4.0652 	 0.2921
[2025/09/20 15:38:11] - ==> Building model..
[2025/09/20 15:38:35] - Test Loss 	 Test Acc 	 PGD Loss 	 PGD Acc
[2025/09/20 15:38:35] - 3.4754 	 	 0.3593 	 3.6164 	 0.1836
[2025/09/20 15:39:37] - 19 	 27.6 	 	 0.1995 	 4.0604 	 0.2949
[2025/09/20 15:39:37] - ==> Building model..
[2025/09/20 15:40:01] - Test Loss 	 Test Acc 	 PGD Loss 	 PGD Acc
[2025/09/20 15:40:01] - 3.4405 	 	 0.3666 	 3.5885 	 0.1901
[2025/09/20 15:41:03] - 20 	 26.8 	 	 0.1976 	 4.0542 	 0.2985
[2025/09/20 15:41:03] - ==> Building model..
[2025/09/20 15:41:28] - Test Loss 	 Test Acc 	 PGD Loss 	 PGD Acc
[2025/09/20 15:41:28] - 3.3633 	 	 0.3871 	 3.5258 	 0.2030
[2025/09/20 15:42:28] - 21 	 26.4 	 	 0.1951 	 4.0467 	 0.3028
[2025/09/20 15:42:28] - ==> Building model..
[2025/09/20 15:42:51] - Test Loss 	 Test Acc 	 PGD Loss 	 PGD Acc
[2025/09/20 15:42:51] - 3.2403 	 	 0.4181 	 3.4269 	 0.2189
[2025/09/20 15:43:52] - 22 	 26.9 	 	 0.1926 	 4.0409 	 0.3061
[2025/09/20 15:43:52] - ==> Building model..
[2025/09/20 15:44:16] - Test Loss 	 Test Acc 	 PGD Loss 	 PGD Acc
[2025/09/20 15:44:16] - 3.1196 	 	 0.4436 	 3.3296 	 0.2350
[2025/09/20 15:45:18] - 23 	 26.9 	 	 0.1902 	 4.0342 	 0.3084
[2025/09/20 15:45:18] - ==> Building model..
[2025/09/20 15:45:42] - Test Loss 	 Test Acc 	 PGD Loss 	 PGD Acc
[2025/09/20 15:45:42] - 2.9974 	 	 0.4681 	 3.2307 	 0.2474
[2025/09/20 15:46:43] - 24 	 25.9 	 	 0.1877 	 4.0255 	 0.3159
[2025/09/20 15:46:43] - ==> Building model..
[2025/09/20 15:47:06] - Test Loss 	 Test Acc 	 PGD Loss 	 PGD Acc
[2025/09/20 15:47:06] - 2.8906 	 	 0.4853 	 3.1442 	 0.2568
[2025/09/20 15:48:05] - 25 	 24.4 	 	 0.1852 	 4.0192 	 0.3219
[2025/09/20 15:48:05] - ==> Building model..
[2025/09/20 15:48:33] - Test Loss 	 Test Acc 	 PGD Loss 	 PGD Acc
[2025/09/20 15:48:33] - 2.8001 	 	 0.4994 	 3.0706 	 0.2651
[2025/09/20 15:49:39] - 26 	 25.9 	 	 0.1827 	 4.0135 	 0.3224
[2025/09/20 15:49:39] - ==> Building model..
[2025/09/20 15:50:06] - Test Loss 	 Test Acc 	 PGD Loss 	 PGD Acc
[2025/09/20 15:50:06] - 2.7157 	 	 0.5124 	 3.0017 	 0.2703
[2025/09/20 15:51:08] - 27 	 25.5 	 	 0.1802 	 4.0083 	 0.3271
[2025/09/20 15:51:08] - ==> Building model..
[2025/09/20 15:51:31] - Test Loss 	 Test Acc 	 PGD Loss 	 PGD Acc
[2025/09/20 15:51:31] - 2.6542 	 	 0.5203 	 2.9529 	 0.2745
[2025/09/20 15:52:29] - 28 	 25.3 	 	 0.1777 	 4.0035 	 0.3284
[2025/09/20 15:52:29] - ==> Building model..
[2025/09/20 15:52:51] - Test Loss 	 Test Acc 	 PGD Loss 	 PGD Acc
[2025/09/20 15:52:51] - 2.5969 	 	 0.5288 	 2.9058 	 0.2796
[2025/09/20 15:53:49] - 29 	 25.9 	 	 0.1752 	 3.9979 	 0.3331
[2025/09/20 15:53:49] - ==> Building model..
[2025/09/20 15:54:12] - Test Loss 	 Test Acc 	 PGD Loss 	 PGD Acc
[2025/09/20 15:54:12] - 2.5408 	 	 0.5363 	 2.8603 	 0.2817
[2025/09/20 15:55:13] - 30 	 26.4 	 	 0.1727 	 3.9943 	 0.3352
[2025/09/20 15:55:13] - ==> Building model..
[2025/09/20 15:55:36] - Test Loss 	 Test Acc 	 PGD Loss 	 PGD Acc
[2025/09/20 15:55:36] - 2.5033 	 	 0.5406 	 2.8303 	 0.2859
[2025/09/20 15:56:38] - 31 	 27.0 	 	 0.1702 	 3.9889 	 0.3388
[2025/09/20 15:56:38] - ==> Building model..
[2025/09/20 15:57:03] - Test Loss 	 Test Acc 	 PGD Loss 	 PGD Acc
[2025/09/20 15:57:03] - 2.4747 	 	 0.5461 	 2.8081 	 0.2876
[2025/09/20 15:58:12] - 32 	 28.0 	 	 0.1677 	 3.9842 	 0.3400
[2025/09/20 15:58:12] - ==> Building model..
[2025/09/20 15:58:39] - Test Loss 	 Test Acc 	 PGD Loss 	 PGD Acc
[2025/09/20 15:58:39] - 2.4476 	 	 0.5517 	 2.7864 	 0.2906
[2025/09/20 15:59:50] - 33 	 28.4 	 	 0.1652 	 3.9795 	 0.3431
[2025/09/20 15:59:50] - ==> Building model..
[2025/09/20 16:00:16] - Test Loss 	 Test Acc 	 PGD Loss 	 PGD Acc
[2025/09/20 16:00:16] - 2.4226 	 	 0.5544 	 2.7675 	 0.2931
[2025/09/20 16:01:18] - 34 	 27.1 	 	 0.1627 	 3.9766 	 0.3439
[2025/09/20 16:01:18] - ==> Building model..
[2025/09/20 16:01:39] - Test Loss 	 Test Acc 	 PGD Loss 	 PGD Acc
[2025/09/20 16:01:39] - 2.4031 	 	 0.5574 	 2.7516 	 0.2926
[2025/09/20 16:02:41] - 35 	 26.3 	 	 0.1602 	 3.9697 	 0.3496
[2025/09/20 16:02:41] - ==> Building model..
[2025/09/20 16:03:06] - Test Loss 	 Test Acc 	 PGD Loss 	 PGD Acc
[2025/09/20 16:03:06] - 2.3859 	 	 0.5595 	 2.7375 	 0.2940
[2025/09/20 16:04:15] - 36 	 26.7 	 	 0.1577 	 3.9659 	 0.3535
[2025/09/20 16:04:15] - ==> Building model..
[2025/09/20 16:04:41] - Test Loss 	 Test Acc 	 PGD Loss 	 PGD Acc
[2025/09/20 16:04:41] - 2.3721 	 	 0.5612 	 2.7265 	 0.2956
[2025/09/20 16:05:54] - 37 	 28.4 	 	 0.1552 	 3.9607 	 0.3577
[2025/09/20 16:05:54] - ==> Building model..
[2025/09/20 16:06:19] - Test Loss 	 Test Acc 	 PGD Loss 	 PGD Acc
[2025/09/20 16:06:19] - 2.3614 	 	 0.5629 	 2.7186 	 0.2962
[2025/09/20 16:07:19] - 38 	 24.9 	 	 0.1527 	 3.9574 	 0.3564
[2025/09/20 16:07:19] - ==> Building model..
[2025/09/20 16:07:46] - Test Loss 	 Test Acc 	 PGD Loss 	 PGD Acc
[2025/09/20 16:07:46] - 2.3467 	 	 0.5653 	 2.7077 	 0.2965
[2025/09/20 16:08:44] - 39 	 23.5 	 	 0.1503 	 3.9539 	 0.3615
[2025/09/20 16:08:44] - ==> Building model..
[2025/09/20 16:09:08] - Test Loss 	 Test Acc 	 PGD Loss 	 PGD Acc
[2025/09/20 16:09:08] - 2.3365 	 	 0.5676 	 2.6989 	 0.2971
[2025/09/20 16:10:08] - 40 	 24.6 	 	 0.1478 	 3.9489 	 0.3643
[2025/09/20 16:10:08] - ==> Building model..
[2025/09/20 16:10:31] - Test Loss 	 Test Acc 	 PGD Loss 	 PGD Acc
[2025/09/20 16:10:31] - 2.3294 	 	 0.5681 	 2.6930 	 0.2982
[2025/09/20 16:11:41] - 41 	 27.6 	 	 0.1453 	 3.9483 	 0.3622
[2025/09/20 16:11:41] - ==> Building model..
[2025/09/20 16:12:06] - Test Loss 	 Test Acc 	 PGD Loss 	 PGD Acc
[2025/09/20 16:12:06] - 2.3191 	 	 0.5722 	 2.6854 	 0.2996
[2025/09/20 16:13:15] - 42 	 27.2 	 	 0.1428 	 3.9428 	 0.3687
[2025/09/20 16:13:15] - ==> Building model..
[2025/09/20 16:13:39] - Test Loss 	 Test Acc 	 PGD Loss 	 PGD Acc
[2025/09/20 16:13:39] - 2.3114 	 	 0.5740 	 2.6794 	 0.2997
[2025/09/20 16:14:48] - 43 	 28.6 	 	 0.1403 	 3.9387 	 0.3684
[2025/09/20 16:14:48] - ==> Building model..
[2025/09/20 16:15:10] - Test Loss 	 Test Acc 	 PGD Loss 	 PGD Acc
[2025/09/20 16:15:10] - 2.3013 	 	 0.5763 	 2.6711 	 0.3017
[2025/09/20 16:16:15] - 44 	 26.9 	 	 0.1378 	 3.9355 	 0.3706
[2025/09/20 16:16:15] - ==> Building model..
[2025/09/20 16:16:41] - Test Loss 	 Test Acc 	 PGD Loss 	 PGD Acc
[2025/09/20 16:16:41] - 2.2928 	 	 0.5775 	 2.6653 	 0.3015
[2025/09/20 16:17:43] - 45 	 25.7 	 	 0.1353 	 3.9293 	 0.3765
[2025/09/20 16:17:43] - ==> Building model..
[2025/09/20 16:18:06] - Test Loss 	 Test Acc 	 PGD Loss 	 PGD Acc
[2025/09/20 16:18:06] - 2.2876 	 	 0.5775 	 2.6610 	 0.3027
[2025/09/20 16:19:05] - 46 	 23.8 	 	 0.1328 	 3.9259 	 0.3809
[2025/09/20 16:19:05] - ==> Building model..
[2025/09/20 16:19:29] - Test Loss 	 Test Acc 	 PGD Loss 	 PGD Acc
[2025/09/20 16:19:29] - 2.2828 	 	 0.5806 	 2.6579 	 0.3024
[2025/09/20 16:20:34] - 47 	 25.1 	 	 0.1303 	 3.9227 	 0.3791
[2025/09/20 16:20:34] - ==> Building model..
[2025/09/20 16:20:58] - Test Loss 	 Test Acc 	 PGD Loss 	 PGD Acc
[2025/09/20 16:20:58] - 2.2761 	 	 0.5824 	 2.6537 	 0.3029
[2025/09/20 16:22:05] - 48 	 26.3 	 	 0.1278 	 3.9172 	 0.3841
[2025/09/20 16:22:05] - ==> Building model..
[2025/09/20 16:22:28] - Test Loss 	 Test Acc 	 PGD Loss 	 PGD Acc
[2025/09/20 16:22:28] - 2.2702 	 	 0.5836 	 2.6494 	 0.3038
[2025/09/20 16:23:38] - 49 	 27.1 	 	 0.1253 	 3.9125 	 0.3889
[2025/09/20 16:23:38] - ==> Building model..
[2025/09/20 16:24:03] - Test Loss 	 Test Acc 	 PGD Loss 	 PGD Acc
[2025/09/20 16:24:03] - 2.2659 	 	 0.5843 	 2.6459 	 0.3050
[2025/09/20 16:25:02] - 50 	 25.3 	 	 0.1228 	 3.9098 	 0.3868
[2025/09/20 16:25:02] - ==> Building model..
[2025/09/20 16:25:24] - Test Loss 	 Test Acc 	 PGD Loss 	 PGD Acc
[2025/09/20 16:25:24] - 2.2610 	 	 0.5859 	 2.6433 	 0.3052
[2025/09/20 16:26:25] - 51 	 25.7 	 	 0.1203 	 3.9056 	 0.3919
[2025/09/20 16:26:25] - ==> Building model..
[2025/09/20 16:26:50] - Test Loss 	 Test Acc 	 PGD Loss 	 PGD Acc
[2025/09/20 16:26:50] - 2.2570 	 	 0.5848 	 2.6396 	 0.3064
[2025/09/20 16:27:51] - 52 	 25.8 	 	 0.1178 	 3.9041 	 0.3911
[2025/09/20 16:27:51] - ==> Building model..
[2025/09/20 16:28:14] - Test Loss 	 Test Acc 	 PGD Loss 	 PGD Acc
[2025/09/20 16:28:14] - 2.2528 	 	 0.5862 	 2.6367 	 0.3074
[2025/09/20 16:29:16] - 53 	 26.9 	 	 0.1153 	 3.8984 	 0.3993
[2025/09/20 16:29:16] - ==> Building model..
[2025/09/20 16:29:38] - Test Loss 	 Test Acc 	 PGD Loss 	 PGD Acc
[2025/09/20 16:29:38] - 2.2495 	 	 0.5869 	 2.6340 	 0.3069
[2025/09/20 16:30:39] - 54 	 26.2 	 	 0.1129 	 3.8973 	 0.3984
[2025/09/20 16:30:39] - ==> Building model..
[2025/09/20 16:31:02] - Test Loss 	 Test Acc 	 PGD Loss 	 PGD Acc
[2025/09/20 16:31:02] - 2.2459 	 	 0.5870 	 2.6317 	 0.3065
[2025/09/20 16:32:03] - 55 	 25.6 	 	 0.1104 	 3.8935 	 0.4021
[2025/09/20 16:32:03] - ==> Building model..
[2025/09/20 16:32:26] - Test Loss 	 Test Acc 	 PGD Loss 	 PGD Acc
[2025/09/20 16:32:26] - 2.2443 	 	 0.5878 	 2.6295 	 0.3073
[2025/09/20 16:33:25] - 56 	 24.9 	 	 0.1079 	 3.8886 	 0.4044
[2025/09/20 16:33:25] - ==> Building model..
[2025/09/20 16:33:49] - Test Loss 	 Test Acc 	 PGD Loss 	 PGD Acc
[2025/09/20 16:33:49] - 2.2427 	 	 0.5884 	 2.6290 	 0.3080
[2025/09/20 16:34:47] - 57 	 24.1 	 	 0.1054 	 3.8859 	 0.4082
[2025/09/20 16:34:47] - ==> Building model..
[2025/09/20 16:35:13] - Test Loss 	 Test Acc 	 PGD Loss 	 PGD Acc
[2025/09/20 16:35:13] - 2.2426 	 	 0.5892 	 2.6290 	 0.3086
[2025/09/20 16:36:11] - 58 	 24.0 	 	 0.1029 	 3.8823 	 0.4128
[2025/09/20 16:36:11] - ==> Building model..
[2025/09/20 16:36:35] - Test Loss 	 Test Acc 	 PGD Loss 	 PGD Acc
[2025/09/20 16:36:35] - 2.2424 	 	 0.5893 	 2.6280 	 0.3089
[2025/09/20 16:37:33] - 59 	 24.3 	 	 0.1004 	 3.8791 	 0.4148
[2025/09/20 16:37:33] - ==> Building model..
[2025/09/20 16:37:55] - Test Loss 	 Test Acc 	 PGD Loss 	 PGD Acc
[2025/09/20 16:37:55] - 2.2423 	 	 0.5904 	 2.6281 	 0.3089
[2025/09/20 16:38:53] - 60 	 24.7 	 	 0.0979 	 3.8722 	 0.4198
[2025/09/20 16:38:53] - ==> Building model..
[2025/09/20 16:39:15] - Test Loss 	 Test Acc 	 PGD Loss 	 PGD Acc
[2025/09/20 16:39:15] - 2.2421 	 	 0.5908 	 2.6281 	 0.3100
[2025/09/20 16:40:18] - 61 	 26.3 	 	 0.0954 	 3.8716 	 0.4191
[2025/09/20 16:40:18] - ==> Building model..
[2025/09/20 16:40:40] - Test Loss 	 Test Acc 	 PGD Loss 	 PGD Acc
[2025/09/20 16:40:40] - 2.2429 	 	 0.5915 	 2.6280 	 0.3103
[2025/09/20 16:41:40] - 62 	 25.0 	 	 0.0929 	 3.8673 	 0.4267
[2025/09/20 16:41:40] - ==> Building model..
[2025/09/20 16:42:04] - Test Loss 	 Test Acc 	 PGD Loss 	 PGD Acc
[2025/09/20 16:42:04] - 2.2437 	 	 0.5917 	 2.6291 	 0.3112
[2025/09/20 16:43:06] - 63 	 26.5 	 	 0.0904 	 3.8644 	 0.4265
[2025/09/20 16:43:06] - ==> Building model..
[2025/09/20 16:43:30] - Test Loss 	 Test Acc 	 PGD Loss 	 PGD Acc
[2025/09/20 16:43:30] - 2.2451 	 	 0.5918 	 2.6292 	 0.3102
[2025/09/20 16:44:30] - 64 	 25.9 	 	 0.0879 	 3.8566 	 0.4360
[2025/09/20 16:44:30] - ==> Building model..
[2025/09/20 16:44:55] - Test Loss 	 Test Acc 	 PGD Loss 	 PGD Acc
[2025/09/20 16:44:55] - 2.2458 	 	 0.5915 	 2.6304 	 0.3115
[2025/09/20 16:45:56] - 65 	 26.3 	 	 0.0854 	 3.8536 	 0.4368
[2025/09/20 16:45:56] - ==> Building model..
[2025/09/20 16:46:20] - Test Loss 	 Test Acc 	 PGD Loss 	 PGD Acc
[2025/09/20 16:46:20] - 2.2471 	 	 0.5916 	 2.6310 	 0.3115
[2025/09/20 16:47:23] - 66 	 26.0 	 	 0.0829 	 3.8475 	 0.4404
[2025/09/20 16:47:23] - ==> Building model..
[2025/09/20 16:47:47] - Test Loss 	 Test Acc 	 PGD Loss 	 PGD Acc
[2025/09/20 16:47:47] - 2.2491 	 	 0.5913 	 2.6335 	 0.3118
[2025/09/20 16:48:49] - 67 	 26.4 	 	 0.0804 	 3.8444 	 0.4452
[2025/09/20 16:48:49] - ==> Building model..
[2025/09/20 16:49:12] - Test Loss 	 Test Acc 	 PGD Loss 	 PGD Acc
[2025/09/20 16:49:12] - 2.2506 	 	 0.5918 	 2.6338 	 0.3114
[2025/09/20 16:50:12] - 68 	 25.0 	 	 0.0779 	 3.8402 	 0.4489
[2025/09/20 16:50:12] - ==> Building model..
[2025/09/20 16:50:36] - Test Loss 	 Test Acc 	 PGD Loss 	 PGD Acc
[2025/09/20 16:50:36] - 2.2513 	 	 0.5921 	 2.6342 	 0.3116
[2025/09/20 16:51:56] - 69 	 45.0 	 	 0.0754 	 3.8353 	 0.4537
[2025/09/20 16:51:56] - ==> Building model..
[2025/09/20 16:52:37] - Test Loss 	 Test Acc 	 PGD Loss 	 PGD Acc
[2025/09/20 16:52:37] - 2.2530 	 	 0.5917 	 2.6356 	 0.3131
[2025/09/20 16:54:00] - 70 	 45.9 	 	 0.0730 	 3.8280 	 0.4617
[2025/09/20 16:54:00] - ==> Building model..
[2025/09/20 16:54:41] - Test Loss 	 Test Acc 	 PGD Loss 	 PGD Acc
[2025/09/20 16:54:41] - 2.2546 	 	 0.5915 	 2.6368 	 0.3120
[2025/09/20 16:56:02] - 71 	 45.7 	 	 0.0705 	 3.8226 	 0.4634
[2025/09/20 16:56:02] - ==> Building model..
[2025/09/20 16:56:38] - Test Loss 	 Test Acc 	 PGD Loss 	 PGD Acc
[2025/09/20 16:56:38] - 2.2568 	 	 0.5914 	 2.6385 	 0.3116
[2025/09/20 16:57:58] - 72 	 45.2 	 	 0.0680 	 3.8180 	 0.4704
[2025/09/20 16:57:58] - ==> Building model..
[2025/09/20 16:58:36] - Test Loss 	 Test Acc 	 PGD Loss 	 PGD Acc
[2025/09/20 16:58:36] - 2.2581 	 	 0.5909 	 2.6397 	 0.3115
[2025/09/20 16:59:58] - 73 	 47.5 	 	 0.0655 	 3.8115 	 0.4712
[2025/09/20 16:59:58] - ==> Building model..
[2025/09/20 17:00:37] - Test Loss 	 Test Acc 	 PGD Loss 	 PGD Acc
[2025/09/20 17:00:37] - 2.2619 	 	 0.5912 	 2.6423 	 0.3112
[2025/09/20 17:02:00] - 74 	 48.0 	 	 0.0630 	 3.8040 	 0.4813
[2025/09/20 17:02:00] - ==> Building model..
[2025/09/20 17:02:36] - Test Loss 	 Test Acc 	 PGD Loss 	 PGD Acc
[2025/09/20 17:02:36] - 2.2635 	 	 0.5909 	 2.6438 	 0.3114
[2025/09/20 17:03:55] - 75 	 45.6 	 	 0.0605 	 3.7954 	 0.4845
[2025/09/20 17:03:55] - ==> Building model..
[2025/09/20 17:04:33] - Test Loss 	 Test Acc 	 PGD Loss 	 PGD Acc
[2025/09/20 17:04:33] - 2.2652 	 	 0.5912 	 2.6445 	 0.3110
[2025/09/20 17:05:55] - 76 	 48.2 	 	 0.0580 	 3.7899 	 0.4898
[2025/09/20 17:05:55] - ==> Building model..
[2025/09/20 17:06:33] - Test Loss 	 Test Acc 	 PGD Loss 	 PGD Acc
[2025/09/20 17:06:33] - 2.2659 	 	 0.5911 	 2.6458 	 0.3119
[2025/09/20 17:07:55] - 77 	 48.0 	 	 0.0555 	 3.7808 	 0.4971
[2025/09/20 17:07:55] - ==> Building model..
[2025/09/20 17:08:33] - Test Loss 	 Test Acc 	 PGD Loss 	 PGD Acc
[2025/09/20 17:08:33] - 2.2672 	 	 0.5907 	 2.6469 	 0.3106
[2025/09/20 17:09:49] - 78 	 42.9 	 	 0.0530 	 3.7734 	 0.5018
[2025/09/20 17:09:49] - ==> Building model..
[2025/09/20 17:10:28] - Test Loss 	 Test Acc 	 PGD Loss 	 PGD Acc
[2025/09/20 17:10:28] - 2.2688 	 	 0.5908 	 2.6483 	 0.3111
[2025/09/20 17:11:49] - 79 	 48.0 	 	 0.0505 	 3.7611 	 0.5135
[2025/09/20 17:11:49] - ==> Building model..
[2025/09/20 17:12:28] - Test Loss 	 Test Acc 	 PGD Loss 	 PGD Acc
[2025/09/20 17:12:28] - 2.2688 	 	 0.5908 	 2.6482 	 0.3119
[2025/09/20 17:13:50] - 80 	 47.3 	 	 0.0480 	 3.7500 	 0.5218
[2025/09/20 17:13:50] - ==> Building model..
[2025/09/20 17:14:28] - Test Loss 	 Test Acc 	 PGD Loss 	 PGD Acc
[2025/09/20 17:14:28] - 2.2706 	 	 0.5904 	 2.6495 	 0.3113
[2025/09/20 17:15:49] - 81 	 46.4 	 	 0.0455 	 3.7397 	 0.5290
[2025/09/20 17:15:49] - ==> Building model..
[2025/09/20 17:16:27] - Test Loss 	 Test Acc 	 PGD Loss 	 PGD Acc
[2025/09/20 17:16:27] - 2.2706 	 	 0.5904 	 2.6493 	 0.3120
[2025/09/20 17:17:50] - 82 	 48.0 	 	 0.0430 	 3.7314 	 0.5379
[2025/09/20 17:17:50] - ==> Building model..
[2025/09/20 17:18:28] - Test Loss 	 Test Acc 	 PGD Loss 	 PGD Acc
[2025/09/20 17:18:28] - 2.2706 	 	 0.5904 	 2.6494 	 0.3118
[2025/09/20 17:19:47] - 83 	 44.7 	 	 0.0405 	 3.7160 	 0.5499
[2025/09/20 17:19:47] - ==> Building model..
[2025/09/20 17:20:28] - Test Loss 	 Test Acc 	 PGD Loss 	 PGD Acc
[2025/09/20 17:20:28] - 2.2718 	 	 0.5903 	 2.6502 	 0.3109
[2025/09/20 17:21:46] - 84 	 43.5 	 	 0.0380 	 3.7037 	 0.5560
[2025/09/20 17:21:46] - ==> Building model..
[2025/09/20 17:22:25] - Test Loss 	 Test Acc 	 PGD Loss 	 PGD Acc
[2025/09/20 17:22:25] - 2.2718 	 	 0.5903 	 2.6504 	 0.3112
[2025/09/20 17:23:46] - 85 	 45.0 	 	 0.0355 	 3.6906 	 0.5519
[2025/09/20 17:23:46] - ==> Building model..
[2025/09/20 17:24:27] - Test Loss 	 Test Acc 	 PGD Loss 	 PGD Acc
[2025/09/20 17:24:27] - 2.2718 	 	 0.5903 	 2.6503 	 0.3109
[2025/09/20 17:25:48] - 86 	 45.5 	 	 0.0331 	 3.6703 	 0.5639
[2025/09/20 17:25:48] - ==> Building model..
[2025/09/20 17:26:29] - Test Loss 	 Test Acc 	 PGD Loss 	 PGD Acc
[2025/09/20 17:26:29] - 2.2718 	 	 0.5903 	 2.6504 	 0.3113
[2025/09/20 17:27:49] - 87 	 43.4 	 	 0.0306 	 3.6419 	 0.5873
[2025/09/20 17:27:49] - ==> Building model..
[2025/09/20 17:28:28] - Test Loss 	 Test Acc 	 PGD Loss 	 PGD Acc
[2025/09/20 17:28:28] - 2.2718 	 	 0.5903 	 2.6505 	 0.3107
[2025/09/20 17:29:49] - 88 	 46.5 	 	 0.0281 	 3.6178 	 0.6059
[2025/09/20 17:29:49] - ==> Building model..
[2025/09/20 17:30:27] - Test Loss 	 Test Acc 	 PGD Loss 	 PGD Acc
[2025/09/20 17:30:27] - 2.2718 	 	 0.5903 	 2.6503 	 0.3117
[2025/09/20 17:31:54] - 89 	 47.6 	 	 0.0256 	 3.5882 	 0.6346
[2025/09/20 17:31:54] - ==> Building model..
[2025/09/20 17:32:35] - Test Loss 	 Test Acc 	 PGD Loss 	 PGD Acc
[2025/09/20 17:32:35] - 2.2718 	 	 0.5903 	 2.6504 	 0.3106
[2025/09/20 17:34:04] - 90 	 47.6 	 	 0.0231 	 3.5601 	 0.6593
[2025/09/20 17:34:04] - ==> Building model..
[2025/09/20 17:34:43] - Test Loss 	 Test Acc 	 PGD Loss 	 PGD Acc
[2025/09/20 17:34:43] - 2.2718 	 	 0.5903 	 2.6500 	 0.3112
[2025/09/20 17:36:12] - 91 	 48.2 	 	 0.0206 	 3.5313 	 0.6837
[2025/09/20 17:36:12] - ==> Building model..
[2025/09/20 17:36:50] - Test Loss 	 Test Acc 	 PGD Loss 	 PGD Acc
[2025/09/20 17:36:50] - 2.2718 	 	 0.5903 	 2.6505 	 0.3109
[2025/09/20 17:38:18] - 92 	 47.5 	 	 0.0181 	 3.5002 	 0.7129
[2025/09/20 17:38:18] - ==> Building model..
[2025/09/20 17:38:57] - Test Loss 	 Test Acc 	 PGD Loss 	 PGD Acc
[2025/09/20 17:38:57] - 2.2718 	 	 0.5903 	 2.6500 	 0.3110
[2025/09/20 17:40:24] - 93 	 45.7 	 	 0.0156 	 3.4677 	 0.7429
[2025/09/20 17:40:24] - ==> Building model..
[2025/09/20 17:41:04] - Test Loss 	 Test Acc 	 PGD Loss 	 PGD Acc
[2025/09/20 17:41:04] - 2.2718 	 	 0.5903 	 2.6502 	 0.3106
[2025/09/20 17:42:34] - 94 	 49.0 	 	 0.0131 	 3.4385 	 0.7701
[2025/09/20 17:42:34] - ==> Building model..
[2025/09/20 17:43:13] - Test Loss 	 Test Acc 	 PGD Loss 	 PGD Acc
[2025/09/20 17:43:13] - 2.2718 	 	 0.5903 	 2.6498 	 0.3112
[2025/09/20 17:44:40] - 95 	 47.9 	 	 0.0106 	 3.4054 	 0.8011
[2025/09/20 17:44:40] - ==> Building model..
[2025/09/20 17:45:22] - Test Loss 	 Test Acc 	 PGD Loss 	 PGD Acc
[2025/09/20 17:45:22] - 2.2718 	 	 0.5903 	 2.6507 	 0.3112
[2025/09/20 17:46:46] - 96 	 45.2 	 	 0.0081 	 3.3703 	 0.8268
[2025/09/20 17:46:46] - ==> Building model..
[2025/09/20 17:47:26] - Test Loss 	 Test Acc 	 PGD Loss 	 PGD Acc
[2025/09/20 17:47:26] - 2.2718 	 	 0.5903 	 2.6503 	 0.3112
[2025/09/20 17:48:52] - 97 	 47.1 	 	 0.0056 	 3.3381 	 0.8573
[2025/09/20 17:48:52] - ==> Building model..
[2025/09/20 17:49:31] - Test Loss 	 Test Acc 	 PGD Loss 	 PGD Acc
[2025/09/20 17:49:31] - 2.2718 	 	 0.5903 	 2.6503 	 0.3111
[2025/09/20 17:50:57] - 98 	 47.1 	 	 0.0031 	 3.3077 	 0.8796
[2025/09/20 17:50:57] - ==> Building model..
[2025/09/20 17:51:39] - Test Loss 	 Test Acc 	 PGD Loss 	 PGD Acc
[2025/09/20 17:51:39] - 2.2718 	 	 0.5903 	 2.6501 	 0.3120
[2025/09/20 17:53:05] - 99 	 44.0 	 	 0.0006 	 3.2800 	 0.9011
[2025/09/20 17:53:05] - ==> Building model..
[2025/09/20 17:53:45] - Test Loss 	 Test Acc 	 PGD Loss 	 PGD Acc
[2025/09/20 17:53:45] - 2.2718 	 	 0.5903 	 2.6500 	 0.3114
[2025/09/20 17:53:45] - [0.0839, 0.1315, 0.1865, 0.2202, 0.2516, 0.2857, 0.316, 0.3494, 0.3776, 0.4015, 0.4189, 0.4333, 0.4407, 0.444, 0.4368, 0.4235, 0.3972, 0.3685, 0.3593, 0.3666, 0.3871, 0.4181, 0.4436, 0.4681, 0.4853, 0.4994, 0.5124, 0.5203, 0.5288, 0.5363, 0.5406, 0.5461, 0.5517, 0.5544, 0.5574, 0.5595, 0.5612, 0.5629, 0.5653, 0.5676, 0.5681, 0.5722, 0.574, 0.5763, 0.5775, 0.5775, 0.5806, 0.5824, 0.5836, 0.5843, 0.5859, 0.5848, 0.5862, 0.5869, 0.587, 0.5878, 0.5884, 0.5892, 0.5893, 0.5904, 0.5908, 0.5915, 0.5917, 0.5918, 0.5915, 0.5916, 0.5913, 0.5918, 0.5921, 0.5917, 0.5915, 0.5914, 0.5909, 0.5912, 0.5909, 0.5912, 0.5911, 0.5907, 0.5908, 0.5908, 0.5904, 0.5904, 0.5904, 0.5903, 0.5903, 0.5903, 0.5903, 0.5903, 0.5903, 0.5903, 0.5903, 0.5903, 0.5903, 0.5903, 0.5903, 0.5903, 0.5903, 0.5903, 0.5903, 0.5903]
[2025/09/20 17:53:45] - [0.0468, 0.077, 0.1094, 0.127, 0.1425, 0.1597, 0.1767, 0.1923, 0.2047, 0.2138, 0.2227, 0.2309, 0.2344, 0.2383, 0.2325, 0.2276, 0.2101, 0.191, 0.1836, 0.1901, 0.203, 0.2189, 0.235, 0.2474, 0.2568, 0.2651, 0.2703, 0.2745, 0.2796, 0.2817, 0.2859, 0.2876, 0.2906, 0.2931, 0.2926, 0.294, 0.2956, 0.2962, 0.2965, 0.2971, 0.2982, 0.2996, 0.2997, 0.3017, 0.3015, 0.3027, 0.3024, 0.3029, 0.3038, 0.305, 0.3052, 0.3064, 0.3074, 0.3069, 0.3065, 0.3073, 0.308, 0.3086, 0.3089, 0.3089, 0.31, 0.3103, 0.3112, 0.3102, 0.3115, 0.3115, 0.3118, 0.3114, 0.3116, 0.3131, 0.312, 0.3116, 0.3115, 0.3112, 0.3114, 0.311, 0.3119, 0.3106, 0.3111, 0.3119, 0.3113, 0.312, 0.3118, 0.3109, 0.3112, 0.3109, 0.3113, 0.3107, 0.3117, 0.3106, 0.3112, 0.3109, 0.311, 0.3106, 0.3112, 0.3112, 0.3112, 0.3111, 0.312, 0.3114]
