[2025/10/21 03:09:56] - Namespace(batch_size=128, data_dir='cifar-data', epochs=110, lr_schedule='multistep', lr_min=0.0, lr_max=0.2, weight_decay=0.0005, momentum=0.9, model='ResNet18', epsilon=8, alpha=8, delta_init='random', normal_mean=0, normal_std=1, out_dir='runs/beta_0.6/lam_44/lscale_0.11/seed_1', seed=1, lamda=44.0, lam_scale=0.11, lam_start=50, gamma=0.05, inner_gamma=0.05, beta=0.6, mu=3.5, batch_m=0.75, early_stop=False, factor=0.5, length=4, n_holes=1, c_num=0.125, EMA_value=0.55)
[2025/10/21 03:09:58] - ==> Building model..
[2025/10/21 03:09:58] - Epoch 	 Seconds 	 LR 	 	 Train Loss 	 Train Acc
[2025/10/21 03:10:52] - 0 	 31.0 	 	 0.2000 	 4.5709 	 0.0377
[2025/10/21 03:10:52] - ==> Building model..
[2025/10/21 03:11:16] - Test Loss 	 Test Acc 	 PGD Loss 	 PGD Acc
[2025/10/21 03:11:16] - 4.2304 	 	 0.0845 	 4.2434 	 0.0550
[2025/10/21 03:12:10] - 1 	 30.1 	 	 0.2000 	 4.4650 	 0.0745
[2025/10/21 03:12:10] - ==> Building model..
[2025/10/21 03:12:35] - Test Loss 	 Test Acc 	 PGD Loss 	 PGD Acc
[2025/10/21 03:12:35] - 4.0583 	 	 0.1367 	 4.0851 	 0.0899
[2025/10/21 03:13:28] - 2 	 29.5 	 	 0.2000 	 4.4091 	 0.1018
[2025/10/21 03:13:28] - ==> Building model..
[2025/10/21 03:13:53] - Test Loss 	 Test Acc 	 PGD Loss 	 PGD Acc
[2025/10/21 03:13:53] - 3.9651 	 	 0.1727 	 4.0053 	 0.1103
[2025/10/21 03:14:47] - 3 	 30.0 	 	 0.2000 	 4.3591 	 0.1266
[2025/10/21 03:14:47] - ==> Building model..
[2025/10/21 03:15:11] - Test Loss 	 Test Acc 	 PGD Loss 	 PGD Acc
[2025/10/21 03:15:11] - 3.7541 	 	 0.2300 	 3.8208 	 0.1365
[2025/10/21 03:16:05] - 4 	 30.1 	 	 0.2000 	 4.3170 	 0.1498
[2025/10/21 03:16:05] - ==> Building model..
[2025/10/21 03:16:29] - Test Loss 	 Test Acc 	 PGD Loss 	 PGD Acc
[2025/10/21 03:16:29] - 3.6186 	 	 0.2728 	 3.7082 	 0.1588
[2025/10/21 03:17:21] - 5 	 27.6 	 	 0.2000 	 4.2782 	 0.1677
[2025/10/21 03:17:21] - ==> Building model..
[2025/10/21 03:17:44] - Test Loss 	 Test Acc 	 PGD Loss 	 PGD Acc
[2025/10/21 03:17:44] - 3.4036 	 	 0.3128 	 3.5234 	 0.1804
[2025/10/21 03:18:37] - 6 	 28.5 	 	 0.2000 	 4.2469 	 0.1883
[2025/10/21 03:18:37] - ==> Building model..
[2025/10/21 03:19:00] - Test Loss 	 Test Acc 	 PGD Loss 	 PGD Acc
[2025/10/21 03:19:00] - 3.2273 	 	 0.3496 	 3.3772 	 0.1937
[2025/10/21 03:19:52] - 7 	 27.9 	 	 0.2000 	 4.2233 	 0.2001
[2025/10/21 03:19:52] - ==> Building model..
[2025/10/21 03:20:16] - Test Loss 	 Test Acc 	 PGD Loss 	 PGD Acc
[2025/10/21 03:20:16] - 3.0916 	 	 0.3754 	 3.2648 	 0.2030
[2025/10/21 03:21:09] - 8 	 29.1 	 	 0.2000 	 4.2058 	 0.2077
[2025/10/21 03:21:09] - ==> Building model..
[2025/10/21 03:21:32] - Test Loss 	 Test Acc 	 PGD Loss 	 PGD Acc
[2025/10/21 03:21:32] - 2.9845 	 	 0.4002 	 3.1800 	 0.2146
[2025/10/21 03:22:24] - 9 	 28.2 	 	 0.2000 	 4.1921 	 0.2171
[2025/10/21 03:22:24] - ==> Building model..
[2025/10/21 03:22:48] - Test Loss 	 Test Acc 	 PGD Loss 	 PGD Acc
[2025/10/21 03:22:48] - 2.9165 	 	 0.4139 	 3.1270 	 0.2233
[2025/10/21 03:23:40] - 10 	 28.3 	 	 0.2000 	 4.1816 	 0.2221
[2025/10/21 03:23:40] - ==> Building model..
[2025/10/21 03:24:03] - Test Loss 	 Test Acc 	 PGD Loss 	 PGD Acc
[2025/10/21 03:24:03] - 2.8637 	 	 0.4285 	 3.0854 	 0.2271
[2025/10/21 03:24:56] - 11 	 28.7 	 	 0.2000 	 4.1707 	 0.2293
[2025/10/21 03:24:56] - ==> Building model..
[2025/10/21 03:25:19] - Test Loss 	 Test Acc 	 PGD Loss 	 PGD Acc
[2025/10/21 03:25:19] - 2.8293 	 	 0.4377 	 3.0605 	 0.2334
[2025/10/21 03:26:11] - 12 	 28.0 	 	 0.2000 	 4.1630 	 0.2334
[2025/10/21 03:26:11] - ==> Building model..
[2025/10/21 03:26:34] - Test Loss 	 Test Acc 	 PGD Loss 	 PGD Acc
[2025/10/21 03:26:34] - 2.8060 	 	 0.4429 	 3.0425 	 0.2353
[2025/10/21 03:27:28] - 13 	 28.9 	 	 0.2000 	 4.1568 	 0.2351
[2025/10/21 03:27:28] - ==> Building model..
[2025/10/21 03:27:51] - Test Loss 	 Test Acc 	 PGD Loss 	 PGD Acc
[2025/10/21 03:27:51] - 2.7809 	 	 0.4500 	 3.0240 	 0.2407
[2025/10/21 03:28:44] - 14 	 28.2 	 	 0.2000 	 4.1506 	 0.2407
[2025/10/21 03:28:44] - ==> Building model..
[2025/10/21 03:29:08] - Test Loss 	 Test Acc 	 PGD Loss 	 PGD Acc
[2025/10/21 03:29:08] - 2.7551 	 	 0.4604 	 3.0077 	 0.2432
[2025/10/21 03:30:01] - 15 	 28.4 	 	 0.2000 	 4.1471 	 0.2416
[2025/10/21 03:30:01] - ==> Building model..
[2025/10/21 03:30:23] - Test Loss 	 Test Acc 	 PGD Loss 	 PGD Acc
[2025/10/21 03:30:23] - 2.7358 	 	 0.4641 	 2.9931 	 0.2448
[2025/10/21 03:31:15] - 16 	 28.0 	 	 0.2000 	 4.1412 	 0.2448
[2025/10/21 03:31:15] - ==> Building model..
[2025/10/21 03:31:38] - Test Loss 	 Test Acc 	 PGD Loss 	 PGD Acc
[2025/10/21 03:31:38] - 2.7178 	 	 0.4669 	 2.9787 	 0.2476
[2025/10/21 03:32:29] - 17 	 27.9 	 	 0.2000 	 4.1364 	 0.2509
[2025/10/21 03:32:29] - ==> Building model..
[2025/10/21 03:32:51] - Test Loss 	 Test Acc 	 PGD Loss 	 PGD Acc
[2025/10/21 03:32:51] - 2.7043 	 	 0.4697 	 2.9676 	 0.2513
[2025/10/21 03:33:45] - 18 	 28.0 	 	 0.2000 	 4.1354 	 0.2511
[2025/10/21 03:33:45] - ==> Building model..
[2025/10/21 03:34:08] - Test Loss 	 Test Acc 	 PGD Loss 	 PGD Acc
[2025/10/21 03:34:08] - 2.6959 	 	 0.4718 	 2.9625 	 0.2528
[2025/10/21 03:35:01] - 19 	 28.5 	 	 0.2000 	 4.1302 	 0.2522
[2025/10/21 03:35:01] - ==> Building model..
[2025/10/21 03:35:24] - Test Loss 	 Test Acc 	 PGD Loss 	 PGD Acc
[2025/10/21 03:35:24] - 2.6866 	 	 0.4758 	 2.9549 	 0.2534
[2025/10/21 03:36:17] - 20 	 28.0 	 	 0.2000 	 4.1267 	 0.2526
[2025/10/21 03:36:17] - ==> Building model..
[2025/10/21 03:36:40] - Test Loss 	 Test Acc 	 PGD Loss 	 PGD Acc
[2025/10/21 03:36:40] - 2.6740 	 	 0.4809 	 2.9462 	 0.2568
[2025/10/21 03:37:34] - 21 	 28.0 	 	 0.2000 	 4.1247 	 0.2552
[2025/10/21 03:37:34] - ==> Building model..
[2025/10/21 03:37:56] - Test Loss 	 Test Acc 	 PGD Loss 	 PGD Acc
[2025/10/21 03:37:56] - 2.6599 	 	 0.4846 	 2.9345 	 0.2569
[2025/10/21 03:38:49] - 22 	 28.0 	 	 0.2000 	 4.1198 	 0.2594
[2025/10/21 03:38:49] - ==> Building model..
[2025/10/21 03:39:12] - Test Loss 	 Test Acc 	 PGD Loss 	 PGD Acc
[2025/10/21 03:39:12] - 2.6482 	 	 0.4845 	 2.9234 	 0.2595
[2025/10/21 03:40:05] - 23 	 27.9 	 	 0.2000 	 4.1193 	 0.2588
[2025/10/21 03:40:05] - ==> Building model..
[2025/10/21 03:40:27] - Test Loss 	 Test Acc 	 PGD Loss 	 PGD Acc
[2025/10/21 03:40:28] - 2.6386 	 	 0.4866 	 2.9166 	 0.2603
[2025/10/21 03:41:19] - 24 	 27.5 	 	 0.2000 	 4.1176 	 0.2604
[2025/10/21 03:41:19] - ==> Building model..
[2025/10/21 03:41:41] - Test Loss 	 Test Acc 	 PGD Loss 	 PGD Acc
[2025/10/21 03:41:41] - 2.6348 	 	 0.4879 	 2.9135 	 0.2606
[2025/10/21 03:42:34] - 25 	 28.0 	 	 0.2000 	 4.1164 	 0.2607
[2025/10/21 03:42:34] - ==> Building model..
[2025/10/21 03:42:57] - Test Loss 	 Test Acc 	 PGD Loss 	 PGD Acc
[2025/10/21 03:42:57] - 2.6280 	 	 0.4899 	 2.9090 	 0.2613
[2025/10/21 03:43:47] - 26 	 26.8 	 	 0.2000 	 4.1131 	 0.2627
[2025/10/21 03:43:47] - ==> Building model..
[2025/10/21 03:44:10] - Test Loss 	 Test Acc 	 PGD Loss 	 PGD Acc
[2025/10/21 03:44:10] - 2.6250 	 	 0.4923 	 2.9071 	 0.2625
[2025/10/21 03:45:02] - 27 	 27.6 	 	 0.2000 	 4.1117 	 0.2624
[2025/10/21 03:45:02] - ==> Building model..
[2025/10/21 03:45:25] - Test Loss 	 Test Acc 	 PGD Loss 	 PGD Acc
[2025/10/21 03:45:25] - 2.6197 	 	 0.4933 	 2.9035 	 0.2619
[2025/10/21 03:46:17] - 28 	 28.4 	 	 0.2000 	 4.1112 	 0.2634
[2025/10/21 03:46:17] - ==> Building model..
[2025/10/21 03:46:41] - Test Loss 	 Test Acc 	 PGD Loss 	 PGD Acc
[2025/10/21 03:46:41] - 2.6143 	 	 0.4961 	 2.8994 	 0.2630
[2025/10/21 03:47:33] - 29 	 27.6 	 	 0.2000 	 4.1094 	 0.2654
[2025/10/21 03:47:33] - ==> Building model..
[2025/10/21 03:47:56] - Test Loss 	 Test Acc 	 PGD Loss 	 PGD Acc
[2025/10/21 03:47:56] - 2.6058 	 	 0.4968 	 2.8933 	 0.2637
[2025/10/21 03:48:48] - 30 	 27.6 	 	 0.2000 	 4.1082 	 0.2656
[2025/10/21 03:48:48] - ==> Building model..
[2025/10/21 03:49:10] - Test Loss 	 Test Acc 	 PGD Loss 	 PGD Acc
[2025/10/21 03:49:10] - 2.6026 	 	 0.4981 	 2.8913 	 0.2655
[2025/10/21 03:50:03] - 31 	 27.8 	 	 0.2000 	 4.1055 	 0.2665
[2025/10/21 03:50:03] - ==> Building model..
[2025/10/21 03:50:26] - Test Loss 	 Test Acc 	 PGD Loss 	 PGD Acc
[2025/10/21 03:50:26] - 2.6003 	 	 0.4999 	 2.8894 	 0.2681
[2025/10/21 03:51:17] - 32 	 27.6 	 	 0.2000 	 4.1044 	 0.2694
[2025/10/21 03:51:17] - ==> Building model..
[2025/10/21 03:51:40] - Test Loss 	 Test Acc 	 PGD Loss 	 PGD Acc
[2025/10/21 03:51:40] - 2.5928 	 	 0.5011 	 2.8839 	 0.2687
[2025/10/21 03:52:33] - 33 	 28.5 	 	 0.2000 	 4.1056 	 0.2670
[2025/10/21 03:52:33] - ==> Building model..
[2025/10/21 03:52:56] - Test Loss 	 Test Acc 	 PGD Loss 	 PGD Acc
[2025/10/21 03:52:56] - 2.5890 	 	 0.5013 	 2.8809 	 0.2684
[2025/10/21 03:53:48] - 34 	 27.5 	 	 0.2000 	 4.1015 	 0.2698
[2025/10/21 03:53:48] - ==> Building model..
[2025/10/21 03:54:11] - Test Loss 	 Test Acc 	 PGD Loss 	 PGD Acc
[2025/10/21 03:54:11] - 2.5869 	 	 0.5032 	 2.8798 	 0.2706
[2025/10/21 03:55:04] - 35 	 28.6 	 	 0.2000 	 4.1001 	 0.2709
[2025/10/21 03:55:04] - ==> Building model..
[2025/10/21 03:55:27] - Test Loss 	 Test Acc 	 PGD Loss 	 PGD Acc
[2025/10/21 03:55:27] - 2.5843 	 	 0.5031 	 2.8773 	 0.2709
[2025/10/21 03:56:20] - 36 	 27.4 	 	 0.2000 	 4.1032 	 0.2692
[2025/10/21 03:56:20] - ==> Building model..
[2025/10/21 03:56:42] - Test Loss 	 Test Acc 	 PGD Loss 	 PGD Acc
[2025/10/21 03:56:42] - 2.5817 	 	 0.5056 	 2.8763 	 0.2705
[2025/10/21 03:57:33] - 37 	 27.2 	 	 0.2000 	 4.0985 	 0.2714
[2025/10/21 03:57:33] - ==> Building model..
[2025/10/21 03:57:55] - Test Loss 	 Test Acc 	 PGD Loss 	 PGD Acc
[2025/10/21 03:57:55] - 2.5792 	 	 0.5054 	 2.8757 	 0.2724
[2025/10/21 03:58:48] - 38 	 28.0 	 	 0.2000 	 4.1002 	 0.2708
[2025/10/21 03:58:48] - ==> Building model..
[2025/10/21 03:59:11] - Test Loss 	 Test Acc 	 PGD Loss 	 PGD Acc
[2025/10/21 03:59:11] - 2.5844 	 	 0.5039 	 2.8801 	 0.2699
[2025/10/21 04:00:03] - 39 	 27.9 	 	 0.2000 	 4.0981 	 0.2691
[2025/10/21 04:00:03] - ==> Building model..
[2025/10/21 04:00:25] - Test Loss 	 Test Acc 	 PGD Loss 	 PGD Acc
[2025/10/21 04:00:25] - 2.5846 	 	 0.5038 	 2.8796 	 0.2719
[2025/10/21 04:01:17] - 40 	 27.6 	 	 0.2000 	 4.0982 	 0.2721
[2025/10/21 04:01:17] - ==> Building model..
[2025/10/21 04:01:40] - Test Loss 	 Test Acc 	 PGD Loss 	 PGD Acc
[2025/10/21 04:01:40] - 2.5814 	 	 0.5061 	 2.8769 	 0.2722
[2025/10/21 04:02:34] - 41 	 28.4 	 	 0.2000 	 4.0979 	 0.2705
[2025/10/21 04:02:34] - ==> Building model..
[2025/10/21 04:02:57] - Test Loss 	 Test Acc 	 PGD Loss 	 PGD Acc
[2025/10/21 04:02:57] - 2.5765 	 	 0.5057 	 2.8724 	 0.2727
[2025/10/21 04:03:50] - 42 	 28.1 	 	 0.2000 	 4.0965 	 0.2728
[2025/10/21 04:03:50] - ==> Building model..
[2025/10/21 04:04:13] - Test Loss 	 Test Acc 	 PGD Loss 	 PGD Acc
[2025/10/21 04:04:13] - 2.5710 	 	 0.5077 	 2.8690 	 0.2739
[2025/10/21 04:05:06] - 43 	 27.8 	 	 0.2000 	 4.0961 	 0.2725
[2025/10/21 04:05:06] - ==> Building model..
[2025/10/21 04:05:29] - Test Loss 	 Test Acc 	 PGD Loss 	 PGD Acc
[2025/10/21 04:05:29] - 2.5709 	 	 0.5092 	 2.8691 	 0.2743
[2025/10/21 04:06:21] - 44 	 27.8 	 	 0.2000 	 4.0952 	 0.2745
[2025/10/21 04:06:21] - ==> Building model..
[2025/10/21 04:06:44] - Test Loss 	 Test Acc 	 PGD Loss 	 PGD Acc
[2025/10/21 04:06:44] - 2.5714 	 	 0.5086 	 2.8694 	 0.2746
[2025/10/21 04:07:35] - 45 	 27.4 	 	 0.2000 	 4.0937 	 0.2758
[2025/10/21 04:07:35] - ==> Building model..
[2025/10/21 04:07:59] - Test Loss 	 Test Acc 	 PGD Loss 	 PGD Acc
[2025/10/21 04:07:59] - 2.5756 	 	 0.5087 	 2.8733 	 0.2743
[2025/10/21 04:08:52] - 46 	 28.0 	 	 0.2000 	 4.0948 	 0.2747
[2025/10/21 04:08:52] - ==> Building model..
[2025/10/21 04:09:15] - Test Loss 	 Test Acc 	 PGD Loss 	 PGD Acc
[2025/10/21 04:09:15] - 2.5734 	 	 0.5096 	 2.8723 	 0.2750
[2025/10/21 04:10:07] - 47 	 28.1 	 	 0.2000 	 4.0934 	 0.2761
[2025/10/21 04:10:07] - ==> Building model..
[2025/10/21 04:10:31] - Test Loss 	 Test Acc 	 PGD Loss 	 PGD Acc
[2025/10/21 04:10:31] - 2.5753 	 	 0.5107 	 2.8744 	 0.2748
[2025/10/21 04:11:21] - 48 	 26.8 	 	 0.2000 	 4.0909 	 0.2760
[2025/10/21 04:11:21] - ==> Building model..
[2025/10/21 04:11:44] - Test Loss 	 Test Acc 	 PGD Loss 	 PGD Acc
[2025/10/21 04:11:44] - 2.5743 	 	 0.5124 	 2.8740 	 0.2745
[2025/10/21 04:12:35] - 49 	 27.7 	 	 0.2000 	 4.0939 	 0.2742
[2025/10/21 04:12:35] - ==> Building model..
[2025/10/21 04:13:00] - Test Loss 	 Test Acc 	 PGD Loss 	 PGD Acc
[2025/10/21 04:13:00] - 2.5712 	 	 0.5139 	 2.8711 	 0.2752
[2025/10/21 04:13:51] - 50 	 27.1 	 	 0.2000 	 4.0910 	 0.2763
[2025/10/21 04:13:51] - ==> Building model..
[2025/10/21 04:14:14] - Test Loss 	 Test Acc 	 PGD Loss 	 PGD Acc
[2025/10/21 04:14:14] - 2.5693 	 	 0.5134 	 2.8693 	 0.2757
[2025/10/21 04:15:05] - 51 	 26.7 	 	 0.2000 	 4.0926 	 0.2731
[2025/10/21 04:15:05] - ==> Building model..
[2025/10/21 04:15:30] - Test Loss 	 Test Acc 	 PGD Loss 	 PGD Acc
[2025/10/21 04:15:30] - 2.5660 	 	 0.5144 	 2.8668 	 0.2751
[2025/10/21 04:16:21] - 52 	 27.3 	 	 0.2000 	 4.0941 	 0.2745
[2025/10/21 04:16:21] - ==> Building model..
[2025/10/21 04:16:47] - Test Loss 	 Test Acc 	 PGD Loss 	 PGD Acc
[2025/10/21 04:16:47] - 2.5629 	 	 0.5134 	 2.8640 	 0.2756
[2025/10/21 04:17:37] - 53 	 26.6 	 	 0.2000 	 4.0918 	 0.2750
[2025/10/21 04:17:37] - ==> Building model..
[2025/10/21 04:18:03] - Test Loss 	 Test Acc 	 PGD Loss 	 PGD Acc
[2025/10/21 04:18:03] - 2.5627 	 	 0.5142 	 2.8636 	 0.2762
[2025/10/21 04:18:54] - 54 	 27.3 	 	 0.2000 	 4.0921 	 0.2769
[2025/10/21 04:18:54] - ==> Building model..
[2025/10/21 04:19:20] - Test Loss 	 Test Acc 	 PGD Loss 	 PGD Acc
[2025/10/21 04:19:20] - 2.5653 	 	 0.5157 	 2.8652 	 0.2769
[2025/10/21 04:20:09] - 55 	 25.5 	 	 0.2000 	 4.0921 	 0.2780
[2025/10/21 04:20:09] - ==> Building model..
[2025/10/21 04:20:36] - Test Loss 	 Test Acc 	 PGD Loss 	 PGD Acc
[2025/10/21 04:20:36] - 2.5642 	 	 0.5164 	 2.8645 	 0.2762
[2025/10/21 04:21:28] - 56 	 27.1 	 	 0.2000 	 4.0948 	 0.2752
[2025/10/21 04:21:28] - ==> Building model..
[2025/10/21 04:21:53] - Test Loss 	 Test Acc 	 PGD Loss 	 PGD Acc
[2025/10/21 04:21:53] - 2.5671 	 	 0.5151 	 2.8659 	 0.2761
[2025/10/21 04:22:43] - 57 	 25.9 	 	 0.2000 	 4.0929 	 0.2758
[2025/10/21 04:22:43] - ==> Building model..
[2025/10/21 04:23:08] - Test Loss 	 Test Acc 	 PGD Loss 	 PGD Acc
[2025/10/21 04:23:08] - 2.5695 	 	 0.5143 	 2.8673 	 0.2768
[2025/10/21 04:23:59] - 58 	 27.4 	 	 0.2000 	 4.0942 	 0.2792
[2025/10/21 04:23:59] - ==> Building model..
[2025/10/21 04:24:24] - Test Loss 	 Test Acc 	 PGD Loss 	 PGD Acc
[2025/10/21 04:24:24] - 2.5693 	 	 0.5142 	 2.8666 	 0.2778
[2025/10/21 04:25:16] - 59 	 28.1 	 	 0.2000 	 4.0940 	 0.2779
[2025/10/21 04:25:16] - ==> Building model..
[2025/10/21 04:25:41] - Test Loss 	 Test Acc 	 PGD Loss 	 PGD Acc
[2025/10/21 04:25:41] - 2.5722 	 	 0.5150 	 2.8686 	 0.2779
[2025/10/21 04:26:32] - 60 	 27.1 	 	 0.2000 	 4.0971 	 0.2769
[2025/10/21 04:26:32] - ==> Building model..
[2025/10/21 04:26:56] - Test Loss 	 Test Acc 	 PGD Loss 	 PGD Acc
[2025/10/21 04:26:56] - 2.5785 	 	 0.5134 	 2.8734 	 0.2786
[2025/10/21 04:27:46] - 61 	 27.0 	 	 0.2000 	 4.0965 	 0.2762
[2025/10/21 04:27:46] - ==> Building model..
[2025/10/21 04:28:11] - Test Loss 	 Test Acc 	 PGD Loss 	 PGD Acc
[2025/10/21 04:28:11] - 2.5827 	 	 0.5131 	 2.8760 	 0.2794
[2025/10/21 04:29:02] - 62 	 27.8 	 	 0.2000 	 4.0972 	 0.2762
[2025/10/21 04:29:02] - ==> Building model..
[2025/10/21 04:29:25] - Test Loss 	 Test Acc 	 PGD Loss 	 PGD Acc
[2025/10/21 04:29:25] - 2.5872 	 	 0.5138 	 2.8790 	 0.2785
[2025/10/21 04:30:16] - 63 	 28.0 	 	 0.2000 	 4.0969 	 0.2746
[2025/10/21 04:30:16] - ==> Building model..
[2025/10/21 04:30:40] - Test Loss 	 Test Acc 	 PGD Loss 	 PGD Acc
[2025/10/21 04:30:40] - 2.5916 	 	 0.5133 	 2.8822 	 0.2793
[2025/10/21 04:31:32] - 64 	 28.4 	 	 0.2000 	 4.0960 	 0.2776
[2025/10/21 04:31:32] - ==> Building model..
[2025/10/21 04:31:55] - Test Loss 	 Test Acc 	 PGD Loss 	 PGD Acc
[2025/10/21 04:31:55] - 2.5964 	 	 0.5138 	 2.8861 	 0.2780
[2025/10/21 04:32:49] - 65 	 29.2 	 	 0.2000 	 4.0985 	 0.2753
[2025/10/21 04:32:49] - ==> Building model..
[2025/10/21 04:33:12] - Test Loss 	 Test Acc 	 PGD Loss 	 PGD Acc
[2025/10/21 04:33:12] - 2.5998 	 	 0.5137 	 2.8887 	 0.2784
[2025/10/21 04:34:04] - 66 	 28.2 	 	 0.2000 	 4.0944 	 0.2777
[2025/10/21 04:34:04] - ==> Building model..
[2025/10/21 04:34:27] - Test Loss 	 Test Acc 	 PGD Loss 	 PGD Acc
[2025/10/21 04:34:27] - 2.6000 	 	 0.5133 	 2.8882 	 0.2787
[2025/10/21 04:35:19] - 67 	 28.7 	 	 0.2000 	 4.0951 	 0.2749
[2025/10/21 04:35:19] - ==> Building model..
[2025/10/21 04:35:42] - Test Loss 	 Test Acc 	 PGD Loss 	 PGD Acc
[2025/10/21 04:35:42] - 2.6013 	 	 0.5133 	 2.8895 	 0.2788
[2025/10/21 04:36:35] - 68 	 28.1 	 	 0.2000 	 4.0938 	 0.2765
[2025/10/21 04:36:35] - ==> Building model..
[2025/10/21 04:36:57] - Test Loss 	 Test Acc 	 PGD Loss 	 PGD Acc
[2025/10/21 04:36:57] - 2.6019 	 	 0.5136 	 2.8891 	 0.2784
[2025/10/21 04:37:49] - 69 	 27.4 	 	 0.2000 	 4.0970 	 0.2742
[2025/10/21 04:37:49] - ==> Building model..
[2025/10/21 04:38:11] - Test Loss 	 Test Acc 	 PGD Loss 	 PGD Acc
[2025/10/21 04:38:11] - 2.6038 	 	 0.5125 	 2.8898 	 0.2791
[2025/10/21 04:39:03] - 70 	 28.2 	 	 0.2000 	 4.0941 	 0.2783
[2025/10/21 04:39:03] - ==> Building model..
[2025/10/21 04:39:26] - Test Loss 	 Test Acc 	 PGD Loss 	 PGD Acc
[2025/10/21 04:39:26] - 2.6045 	 	 0.5126 	 2.8912 	 0.2787
[2025/10/21 04:40:17] - 71 	 27.2 	 	 0.2000 	 4.0951 	 0.2768
[2025/10/21 04:40:17] - ==> Building model..
[2025/10/21 04:40:41] - Test Loss 	 Test Acc 	 PGD Loss 	 PGD Acc
[2025/10/21 04:40:41] - 2.6045 	 	 0.5134 	 2.8908 	 0.2786
[2025/10/21 04:41:33] - 72 	 28.9 	 	 0.2000 	 4.0944 	 0.2758
[2025/10/21 04:41:33] - ==> Building model..
[2025/10/21 04:41:58] - Test Loss 	 Test Acc 	 PGD Loss 	 PGD Acc
[2025/10/21 04:41:58] - 2.6065 	 	 0.5116 	 2.8923 	 0.2784
[2025/10/21 04:42:48] - 73 	 27.4 	 	 0.2000 	 4.0934 	 0.2781
[2025/10/21 04:42:48] - ==> Building model..
[2025/10/21 04:43:11] - Test Loss 	 Test Acc 	 PGD Loss 	 PGD Acc
[2025/10/21 04:43:11] - 2.6056 	 	 0.5122 	 2.8910 	 0.2779
[2025/10/21 04:44:04] - 74 	 28.7 	 	 0.2000 	 4.0940 	 0.2763
[2025/10/21 04:44:04] - ==> Building model..
[2025/10/21 04:44:28] - Test Loss 	 Test Acc 	 PGD Loss 	 PGD Acc
[2025/10/21 04:44:28] - 2.6051 	 	 0.5133 	 2.8909 	 0.2789
[2025/10/21 04:45:20] - 75 	 28.4 	 	 0.2000 	 4.0918 	 0.2795
[2025/10/21 04:45:20] - ==> Building model..
[2025/10/21 04:45:43] - Test Loss 	 Test Acc 	 PGD Loss 	 PGD Acc
[2025/10/21 04:45:43] - 2.6047 	 	 0.5128 	 2.8909 	 0.2794
[2025/10/21 04:46:36] - 76 	 28.9 	 	 0.2000 	 4.0937 	 0.2790
[2025/10/21 04:46:36] - ==> Building model..
[2025/10/21 04:46:59] - Test Loss 	 Test Acc 	 PGD Loss 	 PGD Acc
[2025/10/21 04:46:59] - 2.6061 	 	 0.5125 	 2.8918 	 0.2797
[2025/10/21 04:47:51] - 77 	 28.6 	 	 0.2000 	 4.0925 	 0.2800
[2025/10/21 04:47:51] - ==> Building model..
[2025/10/21 04:48:14] - Test Loss 	 Test Acc 	 PGD Loss 	 PGD Acc
[2025/10/21 04:48:14] - 2.6061 	 	 0.5136 	 2.8917 	 0.2802
[2025/10/21 04:49:05] - 78 	 27.9 	 	 0.2000 	 4.0906 	 0.2798
[2025/10/21 04:49:05] - ==> Building model..
[2025/10/21 04:49:29] - Test Loss 	 Test Acc 	 PGD Loss 	 PGD Acc
[2025/10/21 04:49:29] - 2.6059 	 	 0.5127 	 2.8919 	 0.2801
[2025/10/21 04:50:21] - 79 	 28.6 	 	 0.2000 	 4.0915 	 0.2786
[2025/10/21 04:50:21] - ==> Building model..
[2025/10/21 04:50:45] - Test Loss 	 Test Acc 	 PGD Loss 	 PGD Acc
[2025/10/21 04:50:45] - 2.6080 	 	 0.5119 	 2.8934 	 0.2824
[2025/10/21 04:51:37] - 80 	 28.4 	 	 0.2000 	 4.0932 	 0.2788
[2025/10/21 04:51:37] - ==> Building model..
[2025/10/21 04:52:01] - Test Loss 	 Test Acc 	 PGD Loss 	 PGD Acc
[2025/10/21 04:52:01] - 2.6094 	 	 0.5115 	 2.8940 	 0.2805
[2025/10/21 04:52:52] - 81 	 27.6 	 	 0.2000 	 4.0943 	 0.2778
[2025/10/21 04:52:52] - ==> Building model..
[2025/10/21 04:53:15] - Test Loss 	 Test Acc 	 PGD Loss 	 PGD Acc
[2025/10/21 04:53:15] - 2.6111 	 	 0.5122 	 2.8952 	 0.2807
[2025/10/21 04:54:07] - 82 	 28.7 	 	 0.2000 	 4.0915 	 0.2806
[2025/10/21 04:54:07] - ==> Building model..
[2025/10/21 04:54:31] - Test Loss 	 Test Acc 	 PGD Loss 	 PGD Acc
[2025/10/21 04:54:31] - 2.6120 	 	 0.5136 	 2.8957 	 0.2808
[2025/10/21 04:55:24] - 83 	 28.7 	 	 0.2000 	 4.0930 	 0.2785
[2025/10/21 04:55:24] - ==> Building model..
[2025/10/21 04:55:47] - Test Loss 	 Test Acc 	 PGD Loss 	 PGD Acc
[2025/10/21 04:55:47] - 2.6129 	 	 0.5128 	 2.8963 	 0.2809
[2025/10/21 04:56:39] - 84 	 27.9 	 	 0.2000 	 4.0935 	 0.2779
[2025/10/21 04:56:39] - ==> Building model..
[2025/10/21 04:57:02] - Test Loss 	 Test Acc 	 PGD Loss 	 PGD Acc
[2025/10/21 04:57:02] - 2.6143 	 	 0.5133 	 2.8972 	 0.2804
[2025/10/21 04:57:55] - 85 	 27.8 	 	 0.2000 	 4.0942 	 0.2764
[2025/10/21 04:57:55] - ==> Building model..
[2025/10/21 04:58:18] - Test Loss 	 Test Acc 	 PGD Loss 	 PGD Acc
[2025/10/21 04:58:18] - 2.6180 	 	 0.5121 	 2.8993 	 0.2802
[2025/10/21 04:59:10] - 86 	 27.8 	 	 0.2000 	 4.0915 	 0.2813
[2025/10/21 04:59:10] - ==> Building model..
[2025/10/21 04:59:32] - Test Loss 	 Test Acc 	 PGD Loss 	 PGD Acc
[2025/10/21 04:59:32] - 2.6182 	 	 0.5127 	 2.9000 	 0.2804
[2025/10/21 05:00:26] - 87 	 28.7 	 	 0.2000 	 4.0911 	 0.2805
[2025/10/21 05:00:26] - ==> Building model..
[2025/10/21 05:00:49] - Test Loss 	 Test Acc 	 PGD Loss 	 PGD Acc
[2025/10/21 05:00:49] - 2.6168 	 	 0.5121 	 2.8992 	 0.2810
[2025/10/21 05:01:41] - 88 	 27.3 	 	 0.2000 	 4.0926 	 0.2784
[2025/10/21 05:01:41] - ==> Building model..
[2025/10/21 05:02:05] - Test Loss 	 Test Acc 	 PGD Loss 	 PGD Acc
[2025/10/21 05:02:05] - 2.6168 	 	 0.5123 	 2.8994 	 0.2811
[2025/10/21 05:02:58] - 89 	 27.8 	 	 0.2000 	 4.0921 	 0.2790
[2025/10/21 05:02:58] - ==> Building model..
[2025/10/21 05:03:21] - Test Loss 	 Test Acc 	 PGD Loss 	 PGD Acc
[2025/10/21 05:03:21] - 2.6183 	 	 0.5115 	 2.8998 	 0.2804
[2025/10/21 05:04:13] - 90 	 27.0 	 	 0.2000 	 4.0916 	 0.2783
[2025/10/21 05:04:13] - ==> Building model..
[2025/10/21 05:04:38] - Test Loss 	 Test Acc 	 PGD Loss 	 PGD Acc
[2025/10/21 05:04:38] - 2.6190 	 	 0.5116 	 2.9009 	 0.2802
[2025/10/21 05:05:29] - 91 	 26.6 	 	 0.2000 	 4.0901 	 0.2811
[2025/10/21 05:05:29] - ==> Building model..
[2025/10/21 05:05:54] - Test Loss 	 Test Acc 	 PGD Loss 	 PGD Acc
[2025/10/21 05:05:54] - 2.6189 	 	 0.5121 	 2.9009 	 0.2807
[2025/10/21 05:06:45] - 92 	 25.9 	 	 0.2000 	 4.0914 	 0.2787
[2025/10/21 05:06:45] - ==> Building model..
[2025/10/21 05:07:10] - Test Loss 	 Test Acc 	 PGD Loss 	 PGD Acc
[2025/10/21 05:07:10] - 2.6200 	 	 0.5127 	 2.9010 	 0.2814
[2025/10/21 05:08:02] - 93 	 26.4 	 	 0.2000 	 4.0920 	 0.2781
[2025/10/21 05:08:02] - ==> Building model..
[2025/10/21 05:08:27] - Test Loss 	 Test Acc 	 PGD Loss 	 PGD Acc
[2025/10/21 05:08:27] - 2.6206 	 	 0.5126 	 2.9014 	 0.2804
[2025/10/21 05:09:18] - 94 	 25.2 	 	 0.0200 	 3.9990 	 0.3412
[2025/10/21 05:09:18] - ==> Building model..
[2025/10/21 05:09:43] - Test Loss 	 Test Acc 	 PGD Loss 	 PGD Acc
[2025/10/21 05:09:43] - 2.6182 	 	 0.5126 	 2.9001 	 0.2817
[2025/10/21 05:10:32] - 95 	 24.8 	 	 0.0200 	 3.9059 	 0.4028
[2025/10/21 05:10:32] - ==> Building model..
[2025/10/21 05:10:57] - Test Loss 	 Test Acc 	 PGD Loss 	 PGD Acc
[2025/10/21 05:10:57] - 2.6169 	 	 0.5126 	 2.8992 	 0.2816
[2025/10/21 05:11:47] - 96 	 24.5 	 	 0.0200 	 3.8799 	 0.4179
[2025/10/21 05:11:47] - ==> Building model..
[2025/10/21 05:12:13] - Test Loss 	 Test Acc 	 PGD Loss 	 PGD Acc
[2025/10/21 05:12:13] - 2.6166 	 	 0.5128 	 2.8987 	 0.2819
[2025/10/21 05:13:02] - 97 	 24.3 	 	 0.0200 	 3.8621 	 0.4307
[2025/10/21 05:13:02] - ==> Building model..
[2025/10/21 05:13:27] - Test Loss 	 Test Acc 	 PGD Loss 	 PGD Acc
[2025/10/21 05:13:27] - 2.6173 	 	 0.5131 	 2.8995 	 0.2818
[2025/10/21 05:14:17] - 98 	 25.1 	 	 0.0200 	 3.8493 	 0.4411
[2025/10/21 05:14:17] - ==> Building model..
[2025/10/21 05:14:43] - Test Loss 	 Test Acc 	 PGD Loss 	 PGD Acc
[2025/10/21 05:14:43] - 2.6186 	 	 0.5134 	 2.9003 	 0.2826
[2025/10/21 05:15:33] - 99 	 24.6 	 	 0.0020 	 3.8169 	 0.4672
[2025/10/21 05:15:33] - ==> Building model..
[2025/10/21 05:15:59] - Test Loss 	 Test Acc 	 PGD Loss 	 PGD Acc
[2025/10/21 05:15:59] - 2.6195 	 	 0.5134 	 2.9014 	 0.2831
[2025/10/21 05:16:49] - 100 	 25.5 	 	 0.0020 	 3.7897 	 0.4878
[2025/10/21 05:16:49] - ==> Building model..
[2025/10/21 05:17:15] - Test Loss 	 Test Acc 	 PGD Loss 	 PGD Acc
[2025/10/21 05:17:15] - 2.6195 	 	 0.5134 	 2.9012 	 0.2822
[2025/10/21 05:18:06] - 101 	 25.8 	 	 0.0020 	 3.7840 	 0.4917
[2025/10/21 05:18:06] - ==> Building model..
[2025/10/21 05:18:31] - Test Loss 	 Test Acc 	 PGD Loss 	 PGD Acc
[2025/10/21 05:18:31] - 2.6195 	 	 0.5134 	 2.9016 	 0.2833
[2025/10/21 05:19:21] - 102 	 25.9 	 	 0.0020 	 3.7779 	 0.4973
[2025/10/21 05:19:21] - ==> Building model..
[2025/10/21 05:19:46] - Test Loss 	 Test Acc 	 PGD Loss 	 PGD Acc
[2025/10/21 05:19:46] - 2.6195 	 	 0.5134 	 2.9011 	 0.2825
[2025/10/21 05:20:38] - 103 	 26.3 	 	 0.0020 	 3.7735 	 0.5003
[2025/10/21 05:20:38] - ==> Building model..
[2025/10/21 05:21:03] - Test Loss 	 Test Acc 	 PGD Loss 	 PGD Acc
[2025/10/21 05:21:03] - 2.6201 	 	 0.5136 	 2.9023 	 0.2820
[2025/10/21 05:21:53] - 104 	 25.5 	 	 0.0020 	 3.7691 	 0.5032
[2025/10/21 05:21:53] - ==> Building model..
[2025/10/21 05:22:16] - Test Loss 	 Test Acc 	 PGD Loss 	 PGD Acc
[2025/10/21 05:22:16] - 2.6201 	 	 0.5136 	 2.9022 	 0.2822
[2025/10/21 05:23:06] - 105 	 24.6 	 	 0.0020 	 3.7653 	 0.5089
[2025/10/21 05:23:06] - ==> Building model..
[2025/10/21 05:23:32] - Test Loss 	 Test Acc 	 PGD Loss 	 PGD Acc
[2025/10/21 05:23:32] - 2.6201 	 	 0.5136 	 2.9019 	 0.2823
[2025/10/21 05:24:22] - 106 	 25.1 	 	 0.0020 	 3.7609 	 0.5133
[2025/10/21 05:24:22] - ==> Building model..
[2025/10/21 05:24:47] - Test Loss 	 Test Acc 	 PGD Loss 	 PGD Acc
[2025/10/21 05:24:47] - 2.6207 	 	 0.5136 	 2.9024 	 0.2824
[2025/10/21 05:25:37] - 107 	 25.2 	 	 0.0020 	 3.7575 	 0.5125
[2025/10/21 05:25:37] - ==> Building model..
[2025/10/21 05:26:04] - Test Loss 	 Test Acc 	 PGD Loss 	 PGD Acc
[2025/10/21 05:26:04] - 2.6214 	 	 0.5135 	 2.9033 	 0.2828
[2025/10/21 05:26:53] - 108 	 25.2 	 	 0.0020 	 3.7542 	 0.5167
[2025/10/21 05:26:53] - ==> Building model..
[2025/10/21 05:27:20] - Test Loss 	 Test Acc 	 PGD Loss 	 PGD Acc
[2025/10/21 05:27:20] - 2.6214 	 	 0.5135 	 2.9031 	 0.2831
[2025/10/21 05:28:10] - 109 	 25.4 	 	 0.0020 	 3.7498 	 0.5215
[2025/10/21 05:28:10] - ==> Building model..
[2025/10/21 05:28:36] - Test Loss 	 Test Acc 	 PGD Loss 	 PGD Acc
[2025/10/21 05:28:36] - 2.6214 	 	 0.5135 	 2.9027 	 0.2832
[2025/10/21 05:28:36] - [0.0845, 0.1367, 0.1727, 0.23, 0.2728, 0.3128, 0.3496, 0.3754, 0.4002, 0.4139, 0.4285, 0.4377, 0.4429, 0.45, 0.4604, 0.4641, 0.4669, 0.4697, 0.4718, 0.4758, 0.4809, 0.4846, 0.4845, 0.4866, 0.4879, 0.4899, 0.4923, 0.4933, 0.4961, 0.4968, 0.4981, 0.4999, 0.5011, 0.5013, 0.5032, 0.5031, 0.5056, 0.5054, 0.5039, 0.5038, 0.5061, 0.5057, 0.5077, 0.5092, 0.5086, 0.5087, 0.5096, 0.5107, 0.5124, 0.5139, 0.5134, 0.5144, 0.5134, 0.5142, 0.5157, 0.5164, 0.5151, 0.5143, 0.5142, 0.515, 0.5134, 0.5131, 0.5138, 0.5133, 0.5138, 0.5137, 0.5133, 0.5133, 0.5136, 0.5125, 0.5126, 0.5134, 0.5116, 0.5122, 0.5133, 0.5128, 0.5125, 0.5136, 0.5127, 0.5119, 0.5115, 0.5122, 0.5136, 0.5128, 0.5133, 0.5121, 0.5127, 0.5121, 0.5123, 0.5115, 0.5116, 0.5121, 0.5127, 0.5126, 0.5126, 0.5126, 0.5128, 0.5131, 0.5134, 0.5134, 0.5134, 0.5134, 0.5134, 0.5136, 0.5136, 0.5136, 0.5136, 0.5135, 0.5135, 0.5135]
[2025/10/21 05:28:36] - [0.055, 0.0899, 0.1103, 0.1365, 0.1588, 0.1804, 0.1937, 0.203, 0.2146, 0.2233, 0.2271, 0.2334, 0.2353, 0.2407, 0.2432, 0.2448, 0.2476, 0.2513, 0.2528, 0.2534, 0.2568, 0.2569, 0.2595, 0.2603, 0.2606, 0.2613, 0.2625, 0.2619, 0.263, 0.2637, 0.2655, 0.2681, 0.2687, 0.2684, 0.2706, 0.2709, 0.2705, 0.2724, 0.2699, 0.2719, 0.2722, 0.2727, 0.2739, 0.2743, 0.2746, 0.2743, 0.275, 0.2748, 0.2745, 0.2752, 0.2757, 0.2751, 0.2756, 0.2762, 0.2769, 0.2762, 0.2761, 0.2768, 0.2778, 0.2779, 0.2786, 0.2794, 0.2785, 0.2793, 0.278, 0.2784, 0.2787, 0.2788, 0.2784, 0.2791, 0.2787, 0.2786, 0.2784, 0.2779, 0.2789, 0.2794, 0.2797, 0.2802, 0.2801, 0.2824, 0.2805, 0.2807, 0.2808, 0.2809, 0.2804, 0.2802, 0.2804, 0.281, 0.2811, 0.2804, 0.2802, 0.2807, 0.2814, 0.2804, 0.2817, 0.2816, 0.2819, 0.2818, 0.2826, 0.2831, 0.2822, 0.2833, 0.2825, 0.282, 0.2822, 0.2823, 0.2824, 0.2828, 0.2831, 0.2832]
