[2025/09/29 19:49:37] - Namespace(batch_size=128, data_dir='cifar-data', epochs=120, lr_schedule='multistep', lr_min=0.0, lr_max=0.1, weight_decay=0.0005, momentum=0.9, model='ResNet18', epsilon=8, alpha=8, delta_init='random', normal_mean=0, normal_std=1, out_dir='./output/CIFAR10/beta_0.4/lam_scale_0.1', seed=0, lamda=12, lam_scale=0.1, lam_max=45, lam_start=40, gamma=0.15, inner_gamma=0.15, beta=0.4, mu=3.5, batch_m=0.75, early_stop=False, factor=0.7, length=4, n_holes=1, c_num=0.125, EMA_value=0.82)
[2025/09/29 19:49:39] - ==> Building model..
[2025/09/29 19:49:39] - Epoch 	 Seconds 	 LR 	 	 Train Loss 	 Train Acc
[2025/09/29 19:51:07] - 0 	 65.1 	 	 0.1000 	 2.2300 	 0.2250
[2025/09/29 19:51:07] - ==> Building model..
[2025/09/29 19:51:47] - Test Loss 	 Test Acc 	 PGD Loss 	 PGD Acc
[2025/09/29 19:51:47] - 1.8271 	 	 0.4004 	 1.8841 	 0.2786
[2025/09/29 19:53:10] - 1 	 61.2 	 	 0.1000 	 2.1339 	 0.3017
[2025/09/29 19:53:10] - ==> Building model..
[2025/09/29 19:53:54] - Test Loss 	 Test Acc 	 PGD Loss 	 PGD Acc
[2025/09/29 19:53:54] - 1.7249 	 	 0.4574 	 1.7979 	 0.3188
[2025/09/29 19:55:17] - 2 	 60.2 	 	 0.1000 	 2.0963 	 0.3416
[2025/09/29 19:55:17] - ==> Building model..
[2025/09/29 19:56:03] - Test Loss 	 Test Acc 	 PGD Loss 	 PGD Acc
[2025/09/29 19:56:03] - 1.6459 	 	 0.5091 	 1.7349 	 0.3380
[2025/09/29 19:57:23] - 3 	 58.4 	 	 0.1000 	 2.0685 	 0.3700
[2025/09/29 19:57:23] - ==> Building model..
[2025/09/29 19:58:07] - Test Loss 	 Test Acc 	 PGD Loss 	 PGD Acc
[2025/09/29 19:58:07] - 1.5886 	 	 0.5494 	 1.6894 	 0.3663
[2025/09/29 19:59:31] - 4 	 61.6 	 	 0.1000 	 2.0429 	 0.3950
[2025/09/29 19:59:31] - ==> Building model..
[2025/09/29 20:00:16] - Test Loss 	 Test Acc 	 PGD Loss 	 PGD Acc
[2025/09/29 20:00:16] - 1.5474 	 	 0.5828 	 1.6579 	 0.3910
[2025/09/29 20:01:39] - 5 	 60.5 	 	 0.1000 	 2.0200 	 0.4184
[2025/09/29 20:01:39] - ==> Building model..
[2025/09/29 20:02:20] - Test Loss 	 Test Acc 	 PGD Loss 	 PGD Acc
[2025/09/29 20:02:20] - 1.5219 	 	 0.6088 	 1.6399 	 0.4131
[2025/09/29 20:03:45] - 6 	 62.0 	 	 0.1000 	 1.9989 	 0.4410
[2025/09/29 20:03:45] - ==> Building model..
[2025/09/29 20:04:30] - Test Loss 	 Test Acc 	 PGD Loss 	 PGD Acc
[2025/09/29 20:04:30] - 1.5013 	 	 0.6318 	 1.6245 	 0.4285
[2025/09/29 20:05:53] - 7 	 60.9 	 	 0.1000 	 1.9844 	 0.4538
[2025/09/29 20:05:53] - ==> Building model..
[2025/09/29 20:06:39] - Test Loss 	 Test Acc 	 PGD Loss 	 PGD Acc
[2025/09/29 20:06:39] - 1.4942 	 	 0.6380 	 1.6193 	 0.4413
[2025/09/29 20:08:01] - 8 	 58.8 	 	 0.1000 	 1.9700 	 0.4671
[2025/09/29 20:08:01] - ==> Building model..
[2025/09/29 20:08:45] - Test Loss 	 Test Acc 	 PGD Loss 	 PGD Acc
[2025/09/29 20:08:45] - 1.4914 	 	 0.6510 	 1.6187 	 0.4496
[2025/09/29 20:10:11] - 9 	 62.3 	 	 0.1000 	 1.9570 	 0.4821
[2025/09/29 20:10:11] - ==> Building model..
[2025/09/29 20:10:53] - Test Loss 	 Test Acc 	 PGD Loss 	 PGD Acc
[2025/09/29 20:10:53] - 1.4961 	 	 0.6538 	 1.6233 	 0.4616
[2025/09/29 20:12:16] - 10 	 60.2 	 	 0.1000 	 1.9470 	 0.4896
[2025/09/29 20:12:16] - ==> Building model..
[2025/09/29 20:13:00] - Test Loss 	 Test Acc 	 PGD Loss 	 PGD Acc
[2025/09/29 20:13:00] - 1.4983 	 	 0.6594 	 1.6254 	 0.4668
[2025/09/29 20:14:25] - 11 	 62.0 	 	 0.1000 	 1.9403 	 0.4987
[2025/09/29 20:14:25] - ==> Building model..
[2025/09/29 20:15:09] - Test Loss 	 Test Acc 	 PGD Loss 	 PGD Acc
[2025/09/29 20:15:09] - 1.4865 	 	 0.6693 	 1.6164 	 0.4767
[2025/09/29 20:16:38] - 12 	 61.9 	 	 0.1000 	 1.9345 	 0.5028
[2025/09/29 20:16:38] - ==> Building model..
[2025/09/29 20:17:23] - Test Loss 	 Test Acc 	 PGD Loss 	 PGD Acc
[2025/09/29 20:17:23] - 1.4490 	 	 0.6836 	 1.5850 	 0.4852
[2025/09/29 20:18:51] - 13 	 61.3 	 	 0.1000 	 1.9291 	 0.5113
[2025/09/29 20:18:51] - ==> Building model..
[2025/09/29 20:19:37] - Test Loss 	 Test Acc 	 PGD Loss 	 PGD Acc
[2025/09/29 20:19:37] - 1.4053 	 	 0.6957 	 1.5501 	 0.4966
[2025/09/29 20:21:05] - 14 	 61.7 	 	 0.1000 	 1.9208 	 0.5196
[2025/09/29 20:21:05] - ==> Building model..
[2025/09/29 20:21:51] - Test Loss 	 Test Acc 	 PGD Loss 	 PGD Acc
[2025/09/29 20:21:51] - 1.3645 	 	 0.7081 	 1.5175 	 0.5019
[2025/09/29 20:23:14] - 15 	 59.3 	 	 0.1000 	 1.9190 	 0.5208
[2025/09/29 20:23:14] - ==> Building model..
[2025/09/29 20:24:00] - Test Loss 	 Test Acc 	 PGD Loss 	 PGD Acc
[2025/09/29 20:24:00] - 1.3292 	 	 0.7152 	 1.4890 	 0.5059
[2025/09/29 20:25:27] - 16 	 62.5 	 	 0.1000 	 1.9133 	 0.5258
[2025/09/29 20:25:27] - ==> Building model..
[2025/09/29 20:26:11] - Test Loss 	 Test Acc 	 PGD Loss 	 PGD Acc
[2025/09/29 20:26:11] - 1.3015 	 	 0.7230 	 1.4665 	 0.5081
[2025/09/29 20:27:31] - 17 	 61.6 	 	 0.1000 	 1.9074 	 0.5328
[2025/09/29 20:27:31] - ==> Building model..
[2025/09/29 20:28:09] - Test Loss 	 Test Acc 	 PGD Loss 	 PGD Acc
[2025/09/29 20:28:09] - 1.2839 	 	 0.7290 	 1.4529 	 0.5142
[2025/09/29 20:29:31] - 18 	 62.1 	 	 0.1000 	 1.9073 	 0.5333
[2025/09/29 20:29:31] - ==> Building model..
[2025/09/29 20:30:15] - Test Loss 	 Test Acc 	 PGD Loss 	 PGD Acc
[2025/09/29 20:30:15] - 1.2706 	 	 0.7340 	 1.4421 	 0.5149
[2025/09/29 20:31:35] - 19 	 60.5 	 	 0.1000 	 1.9010 	 0.5393
[2025/09/29 20:31:35] - ==> Building model..
[2025/09/29 20:32:20] - Test Loss 	 Test Acc 	 PGD Loss 	 PGD Acc
[2025/09/29 20:32:20] - 1.2612 	 	 0.7356 	 1.4344 	 0.5191
[2025/09/29 20:33:38] - 20 	 58.9 	 	 0.1000 	 1.8993 	 0.5410
[2025/09/29 20:33:38] - ==> Building model..
[2025/09/29 20:34:22] - Test Loss 	 Test Acc 	 PGD Loss 	 PGD Acc
[2025/09/29 20:34:22] - 1.2526 	 	 0.7369 	 1.4276 	 0.5199
[2025/09/29 20:35:42] - 21 	 61.5 	 	 0.1000 	 1.8956 	 0.5457
[2025/09/29 20:35:42] - ==> Building model..
[2025/09/29 20:36:25] - Test Loss 	 Test Acc 	 PGD Loss 	 PGD Acc
[2025/09/29 20:36:25] - 1.2449 	 	 0.7410 	 1.4217 	 0.5219
[2025/09/29 20:37:45] - 22 	 60.9 	 	 0.1000 	 1.8960 	 0.5442
[2025/09/29 20:37:45] - ==> Building model..
[2025/09/29 20:38:26] - Test Loss 	 Test Acc 	 PGD Loss 	 PGD Acc
[2025/09/29 20:38:26] - 1.2420 	 	 0.7403 	 1.4199 	 0.5239
[2025/09/29 20:39:46] - 23 	 61.5 	 	 0.1000 	 1.8927 	 0.5492
[2025/09/29 20:39:46] - ==> Building model..
[2025/09/29 20:40:30] - Test Loss 	 Test Acc 	 PGD Loss 	 PGD Acc
[2025/09/29 20:40:30] - 1.2373 	 	 0.7444 	 1.4164 	 0.5256
[2025/09/29 20:41:50] - 24 	 61.5 	 	 0.1000 	 1.8896 	 0.5502
[2025/09/29 20:41:50] - ==> Building model..
[2025/09/29 20:42:31] - Test Loss 	 Test Acc 	 PGD Loss 	 PGD Acc
[2025/09/29 20:42:31] - 1.2320 	 	 0.7467 	 1.4116 	 0.5279
[2025/09/29 20:43:49] - 25 	 59.3 	 	 0.1000 	 1.8873 	 0.5545
[2025/09/29 20:43:49] - ==> Building model..
[2025/09/29 20:44:33] - Test Loss 	 Test Acc 	 PGD Loss 	 PGD Acc
[2025/09/29 20:44:33] - 1.2281 	 	 0.7482 	 1.4084 	 0.5318
[2025/09/29 20:45:54] - 26 	 61.4 	 	 0.1000 	 1.8847 	 0.5528
[2025/09/29 20:45:54] - ==> Building model..
[2025/09/29 20:46:37] - Test Loss 	 Test Acc 	 PGD Loss 	 PGD Acc
[2025/09/29 20:46:37] - 1.2239 	 	 0.7492 	 1.4045 	 0.5330
[2025/09/29 20:47:58] - 27 	 60.6 	 	 0.1000 	 1.8842 	 0.5537
[2025/09/29 20:47:58] - ==> Building model..
[2025/09/29 20:48:43] - Test Loss 	 Test Acc 	 PGD Loss 	 PGD Acc
[2025/09/29 20:48:43] - 1.2205 	 	 0.7514 	 1.4015 	 0.5357
[2025/09/29 20:50:01] - 28 	 58.1 	 	 0.1000 	 1.8828 	 0.5561
[2025/09/29 20:50:01] - ==> Building model..
[2025/09/29 20:50:45] - Test Loss 	 Test Acc 	 PGD Loss 	 PGD Acc
[2025/09/29 20:50:45] - 1.2162 	 	 0.7525 	 1.3986 	 0.5390
[2025/09/29 20:52:10] - 29 	 61.9 	 	 0.1000 	 1.8798 	 0.5593
[2025/09/29 20:52:10] - ==> Building model..
[2025/09/29 20:52:54] - Test Loss 	 Test Acc 	 PGD Loss 	 PGD Acc
[2025/09/29 20:52:54] - 1.2125 	 	 0.7556 	 1.3961 	 0.5391
[2025/09/29 20:54:19] - 30 	 59.8 	 	 0.1000 	 1.8799 	 0.5612
[2025/09/29 20:54:19] - ==> Building model..
[2025/09/29 20:55:04] - Test Loss 	 Test Acc 	 PGD Loss 	 PGD Acc
[2025/09/29 20:55:04] - 1.2105 	 	 0.7568 	 1.3949 	 0.5399
[2025/09/29 20:56:31] - 31 	 62.2 	 	 0.1000 	 1.8773 	 0.5639
[2025/09/29 20:56:31] - ==> Building model..
[2025/09/29 20:57:16] - Test Loss 	 Test Acc 	 PGD Loss 	 PGD Acc
[2025/09/29 20:57:16] - 1.2060 	 	 0.7589 	 1.3908 	 0.5397
[2025/09/29 20:58:41] - 32 	 61.1 	 	 0.1000 	 1.8773 	 0.5616
[2025/09/29 20:58:41] - ==> Building model..
[2025/09/29 20:59:26] - Test Loss 	 Test Acc 	 PGD Loss 	 PGD Acc
[2025/09/29 20:59:26] - 1.2023 	 	 0.7599 	 1.3880 	 0.5433
[2025/09/29 21:00:51] - 33 	 60.3 	 	 0.1000 	 1.8763 	 0.5647
[2025/09/29 21:00:51] - ==> Building model..
[2025/09/29 21:01:35] - Test Loss 	 Test Acc 	 PGD Loss 	 PGD Acc
[2025/09/29 21:01:35] - 1.2006 	 	 0.7610 	 1.3872 	 0.5437
[2025/09/29 21:02:55] - 34 	 61.6 	 	 0.1000 	 1.8734 	 0.5645
[2025/09/29 21:02:55] - ==> Building model..
[2025/09/29 21:03:37] - Test Loss 	 Test Acc 	 PGD Loss 	 PGD Acc
[2025/09/29 21:03:37] - 1.1978 	 	 0.7613 	 1.3848 	 0.5431
[2025/09/29 21:04:55] - 35 	 59.2 	 	 0.1000 	 1.8735 	 0.5647
[2025/09/29 21:04:55] - ==> Building model..
[2025/09/29 21:05:39] - Test Loss 	 Test Acc 	 PGD Loss 	 PGD Acc
[2025/09/29 21:05:39] - 1.1945 	 	 0.7652 	 1.3824 	 0.5462
[2025/09/29 21:06:59] - 36 	 61.8 	 	 0.1000 	 1.8745 	 0.5630
[2025/09/29 21:06:59] - ==> Building model..
[2025/09/29 21:07:43] - Test Loss 	 Test Acc 	 PGD Loss 	 PGD Acc
[2025/09/29 21:07:43] - 1.1927 	 	 0.7660 	 1.3814 	 0.5455
[2025/09/29 21:09:03] - 37 	 60.8 	 	 0.1000 	 1.8732 	 0.5655
[2025/09/29 21:09:03] - ==> Building model..
[2025/09/29 21:09:48] - Test Loss 	 Test Acc 	 PGD Loss 	 PGD Acc
[2025/09/29 21:09:48] - 1.1908 	 	 0.7669 	 1.3803 	 0.5476
[2025/09/29 21:11:06] - 38 	 58.0 	 	 0.1000 	 1.8714 	 0.5671
[2025/09/29 21:11:06] - ==> Building model..
[2025/09/29 21:11:50] - Test Loss 	 Test Acc 	 PGD Loss 	 PGD Acc
[2025/09/29 21:11:50] - 1.1882 	 	 0.7676 	 1.3782 	 0.5496
[2025/09/29 21:13:16] - 39 	 61.9 	 	 0.1000 	 1.8682 	 0.5692
[2025/09/29 21:13:16] - ==> Building model..
[2025/09/29 21:13:59] - Test Loss 	 Test Acc 	 PGD Loss 	 PGD Acc
[2025/09/29 21:13:59] - 1.1838 	 	 0.7682 	 1.3743 	 0.5512
[2025/09/29 21:15:24] - 40 	 59.9 	 	 0.1000 	 1.8706 	 0.5650
[2025/09/29 21:15:24] - ==> Building model..
[2025/09/29 21:16:07] - Test Loss 	 Test Acc 	 PGD Loss 	 PGD Acc
[2025/09/29 21:16:07] - 1.1848 	 	 0.7681 	 1.3748 	 0.5510
[2025/09/29 21:17:27] - 41 	 61.1 	 	 0.1000 	 1.8675 	 0.5698
[2025/09/29 21:17:27] - ==> Building model..
[2025/09/29 21:18:13] - Test Loss 	 Test Acc 	 PGD Loss 	 PGD Acc
[2025/09/29 21:18:13] - 1.1841 	 	 0.7698 	 1.3748 	 0.5509
[2025/09/29 21:19:42] - 42 	 61.2 	 	 0.1000 	 1.8684 	 0.5708
[2025/09/29 21:19:42] - ==> Building model..
[2025/09/29 21:20:26] - Test Loss 	 Test Acc 	 PGD Loss 	 PGD Acc
[2025/09/29 21:20:26] - 1.1853 	 	 0.7704 	 1.3761 	 0.5511
[2025/09/29 21:21:57] - 43 	 62.6 	 	 0.1000 	 1.8704 	 0.5686
[2025/09/29 21:21:57] - ==> Building model..
[2025/09/29 21:22:44] - Test Loss 	 Test Acc 	 PGD Loss 	 PGD Acc
[2025/09/29 21:22:44] - 1.1855 	 	 0.7696 	 1.3757 	 0.5521
[2025/09/29 21:24:17] - 44 	 61.9 	 	 0.1000 	 1.8706 	 0.5710
[2025/09/29 21:24:17] - ==> Building model..
[2025/09/29 21:25:05] - Test Loss 	 Test Acc 	 PGD Loss 	 PGD Acc
[2025/09/29 21:25:05] - 1.1854 	 	 0.7702 	 1.3757 	 0.5538
[2025/09/29 21:26:36] - 45 	 59.8 	 	 0.1000 	 1.8706 	 0.5698
[2025/09/29 21:26:36] - ==> Building model..
[2025/09/29 21:27:23] - Test Loss 	 Test Acc 	 PGD Loss 	 PGD Acc
[2025/09/29 21:27:23] - 1.1857 	 	 0.7719 	 1.3759 	 0.5539
[2025/09/29 21:28:57] - 46 	 63.2 	 	 0.1000 	 1.8702 	 0.5734
[2025/09/29 21:28:57] - ==> Building model..
[2025/09/29 21:29:41] - Test Loss 	 Test Acc 	 PGD Loss 	 PGD Acc
[2025/09/29 21:29:41] - 1.1848 	 	 0.7718 	 1.3752 	 0.5547
[2025/09/29 21:31:10] - 47 	 60.0 	 	 0.1000 	 1.8724 	 0.5734
[2025/09/29 21:31:10] - ==> Building model..
[2025/09/29 21:31:57] - Test Loss 	 Test Acc 	 PGD Loss 	 PGD Acc
[2025/09/29 21:31:57] - 1.1866 	 	 0.7719 	 1.3766 	 0.5555
[2025/09/29 21:33:30] - 48 	 63.4 	 	 0.1000 	 1.8718 	 0.5720
[2025/09/29 21:33:30] - ==> Building model..
[2025/09/29 21:34:16] - Test Loss 	 Test Acc 	 PGD Loss 	 PGD Acc
[2025/09/29 21:34:16] - 1.1884 	 	 0.7718 	 1.3783 	 0.5587
[2025/09/29 21:35:45] - 49 	 60.4 	 	 0.1000 	 1.8728 	 0.5754
[2025/09/29 21:35:45] - ==> Building model..
[2025/09/29 21:36:33] - Test Loss 	 Test Acc 	 PGD Loss 	 PGD Acc
[2025/09/29 21:36:33] - 1.1907 	 	 0.7721 	 1.3803 	 0.5572
[2025/09/29 21:38:05] - 50 	 63.0 	 	 0.1000 	 1.8739 	 0.5743
[2025/09/29 21:38:05] - ==> Building model..
[2025/09/29 21:38:52] - Test Loss 	 Test Acc 	 PGD Loss 	 PGD Acc
[2025/09/29 21:38:52] - 1.1927 	 	 0.7720 	 1.3815 	 0.5589
[2025/09/29 21:40:23] - 51 	 62.0 	 	 0.1000 	 1.8767 	 0.5725
[2025/09/29 21:40:23] - ==> Building model..
[2025/09/29 21:41:04] - Test Loss 	 Test Acc 	 PGD Loss 	 PGD Acc
[2025/09/29 21:41:04] - 1.1949 	 	 0.7720 	 1.3827 	 0.5584
[2025/09/29 21:42:37] - 52 	 63.1 	 	 0.1000 	 1.8745 	 0.5755
[2025/09/29 21:42:37] - ==> Building model..
[2025/09/29 21:43:24] - Test Loss 	 Test Acc 	 PGD Loss 	 PGD Acc
[2025/09/29 21:43:24] - 1.1960 	 	 0.7710 	 1.3829 	 0.5574
[2025/09/29 21:44:55] - 53 	 61.8 	 	 0.1000 	 1.8772 	 0.5762
[2025/09/29 21:44:55] - ==> Building model..
[2025/09/29 21:45:43] - Test Loss 	 Test Acc 	 PGD Loss 	 PGD Acc
[2025/09/29 21:45:43] - 1.1986 	 	 0.7719 	 1.3848 	 0.5575
[2025/09/29 21:47:22] - 54 	 63.2 	 	 0.1000 	 1.8798 	 0.5730
[2025/09/29 21:47:22] - ==> Building model..
[2025/09/29 21:48:10] - Test Loss 	 Test Acc 	 PGD Loss 	 PGD Acc
[2025/09/29 21:48:10] - 1.2033 	 	 0.7700 	 1.3886 	 0.5582
[2025/09/29 21:49:48] - 55 	 62.4 	 	 0.1000 	 1.8790 	 0.5731
[2025/09/29 21:49:48] - ==> Building model..
[2025/09/29 21:50:38] - Test Loss 	 Test Acc 	 PGD Loss 	 PGD Acc
[2025/09/29 21:50:38] - 1.2069 	 	 0.7702 	 1.3912 	 0.5585
[2025/09/29 21:52:14] - 56 	 61.1 	 	 0.1000 	 1.8798 	 0.5738
[2025/09/29 21:52:14] - ==> Building model..
[2025/09/29 21:53:03] - Test Loss 	 Test Acc 	 PGD Loss 	 PGD Acc
[2025/09/29 21:53:03] - 1.2100 	 	 0.7670 	 1.3930 	 0.5597
[2025/09/29 21:54:39] - 57 	 61.8 	 	 0.1000 	 1.8807 	 0.5735
[2025/09/29 21:54:39] - ==> Building model..
[2025/09/29 21:55:29] - Test Loss 	 Test Acc 	 PGD Loss 	 PGD Acc
[2025/09/29 21:55:29] - 1.2117 	 	 0.7677 	 1.3940 	 0.5611
[2025/09/29 21:57:03] - 58 	 60.5 	 	 0.1000 	 1.8807 	 0.5745
[2025/09/29 21:57:03] - ==> Building model..
[2025/09/29 21:57:51] - Test Loss 	 Test Acc 	 PGD Loss 	 PGD Acc
[2025/09/29 21:57:51] - 1.2140 	 	 0.7665 	 1.3957 	 0.5618
[2025/09/29 21:59:29] - 59 	 63.2 	 	 0.1000 	 1.8825 	 0.5709
[2025/09/29 21:59:29] - ==> Building model..
[2025/09/29 22:00:18] - Test Loss 	 Test Acc 	 PGD Loss 	 PGD Acc
[2025/09/29 22:00:18] - 1.2174 	 	 0.7671 	 1.3979 	 0.5625
[2025/09/29 22:01:55] - 60 	 61.0 	 	 0.1000 	 1.8827 	 0.5729
[2025/09/29 22:01:55] - ==> Building model..
[2025/09/29 22:02:44] - Test Loss 	 Test Acc 	 PGD Loss 	 PGD Acc
[2025/09/29 22:02:44] - 1.2183 	 	 0.7668 	 1.3983 	 0.5636
[2025/09/29 22:04:25] - 61 	 63.0 	 	 0.1000 	 1.8831 	 0.5710
[2025/09/29 22:04:25] - ==> Building model..
[2025/09/29 22:05:14] - Test Loss 	 Test Acc 	 PGD Loss 	 PGD Acc
[2025/09/29 22:05:14] - 1.2201 	 	 0.7668 	 1.3996 	 0.5618
[2025/09/29 22:06:49] - 62 	 60.8 	 	 0.1000 	 1.8815 	 0.5727
[2025/09/29 22:06:49] - ==> Building model..
[2025/09/29 22:07:38] - Test Loss 	 Test Acc 	 PGD Loss 	 PGD Acc
[2025/09/29 22:07:38] - 1.2212 	 	 0.7677 	 1.4001 	 0.5613
[2025/09/29 22:09:20] - 63 	 63.1 	 	 0.1000 	 1.8814 	 0.5743
[2025/09/29 22:09:20] - ==> Building model..
[2025/09/29 22:10:10] - Test Loss 	 Test Acc 	 PGD Loss 	 PGD Acc
[2025/09/29 22:10:10] - 1.2212 	 	 0.7674 	 1.4004 	 0.5626
[2025/09/29 22:11:57] - 64 	 62.6 	 	 0.1000 	 1.8828 	 0.5724
[2025/09/29 22:11:57] - ==> Building model..
[2025/09/29 22:12:47] - Test Loss 	 Test Acc 	 PGD Loss 	 PGD Acc
[2025/09/29 22:12:47] - 1.2228 	 	 0.7684 	 1.4015 	 0.5624
[2025/09/29 22:14:32] - 65 	 63.6 	 	 0.1000 	 1.8835 	 0.5709
[2025/09/29 22:14:32] - ==> Building model..
[2025/09/29 22:15:23] - Test Loss 	 Test Acc 	 PGD Loss 	 PGD Acc
[2025/09/29 22:15:23] - 1.2235 	 	 0.7691 	 1.4021 	 0.5659
[2025/09/29 22:17:01] - 66 	 60.2 	 	 0.1000 	 1.8808 	 0.5730
[2025/09/29 22:17:01] - ==> Building model..
[2025/09/29 22:17:51] - Test Loss 	 Test Acc 	 PGD Loss 	 PGD Acc
[2025/09/29 22:17:51] - 1.2220 	 	 0.7699 	 1.4009 	 0.5637
[2025/09/29 22:19:32] - 67 	 61.9 	 	 0.1000 	 1.8810 	 0.5737
[2025/09/29 22:19:32] - ==> Building model..
[2025/09/29 22:20:24] - Test Loss 	 Test Acc 	 PGD Loss 	 PGD Acc
[2025/09/29 22:20:24] - 1.2216 	 	 0.7694 	 1.4003 	 0.5636
[2025/09/29 22:22:08] - 68 	 61.3 	 	 0.1000 	 1.8799 	 0.5738
[2025/09/29 22:22:08] - ==> Building model..
[2025/09/29 22:22:58] - Test Loss 	 Test Acc 	 PGD Loss 	 PGD Acc
[2025/09/29 22:22:58] - 1.2239 	 	 0.7693 	 1.4019 	 0.5650
[2025/09/29 22:24:43] - 69 	 63.1 	 	 0.1000 	 1.8819 	 0.5722
[2025/09/29 22:24:43] - ==> Building model..
[2025/09/29 22:25:35] - Test Loss 	 Test Acc 	 PGD Loss 	 PGD Acc
[2025/09/29 22:25:35] - 1.2234 	 	 0.7698 	 1.4016 	 0.5668
[2025/09/29 22:27:12] - 70 	 60.9 	 	 0.1000 	 1.8801 	 0.5719
[2025/09/29 22:27:12] - ==> Building model..
[2025/09/29 22:27:58] - Test Loss 	 Test Acc 	 PGD Loss 	 PGD Acc
[2025/09/29 22:27:58] - 1.2253 	 	 0.7675 	 1.4034 	 0.5669
[2025/09/29 22:29:24] - 71 	 61.2 	 	 0.1000 	 1.8800 	 0.5711
[2025/09/29 22:29:24] - ==> Building model..
[2025/09/29 22:30:11] - Test Loss 	 Test Acc 	 PGD Loss 	 PGD Acc
[2025/09/29 22:30:11] - 1.2264 	 	 0.7690 	 1.4041 	 0.5647
[2025/09/29 22:31:36] - 72 	 59.8 	 	 0.1000 	 1.8797 	 0.5718
[2025/09/29 22:31:36] - ==> Building model..
[2025/09/29 22:32:21] - Test Loss 	 Test Acc 	 PGD Loss 	 PGD Acc
[2025/09/29 22:32:21] - 1.2272 	 	 0.7701 	 1.4046 	 0.5671
[2025/09/29 22:33:49] - 73 	 62.8 	 	 0.1000 	 1.8802 	 0.5696
[2025/09/29 22:33:49] - ==> Building model..
[2025/09/29 22:34:35] - Test Loss 	 Test Acc 	 PGD Loss 	 PGD Acc
[2025/09/29 22:34:35] - 1.2268 	 	 0.7690 	 1.4042 	 0.5664
[2025/09/29 22:35:58] - 74 	 58.7 	 	 0.1000 	 1.8795 	 0.5714
[2025/09/29 22:35:58] - ==> Building model..
[2025/09/29 22:36:44] - Test Loss 	 Test Acc 	 PGD Loss 	 PGD Acc
[2025/09/29 22:36:44] - 1.2259 	 	 0.7707 	 1.4030 	 0.5694
[2025/09/29 22:38:12] - 75 	 62.8 	 	 0.1000 	 1.8806 	 0.5682
[2025/09/29 22:38:12] - ==> Building model..
[2025/09/29 22:38:58] - Test Loss 	 Test Acc 	 PGD Loss 	 PGD Acc
[2025/09/29 22:38:58] - 1.2282 	 	 0.7701 	 1.4049 	 0.5699
[2025/09/29 22:40:25] - 76 	 62.0 	 	 0.1000 	 1.8793 	 0.5684
[2025/09/29 22:40:25] - ==> Building model..
[2025/09/29 22:41:11] - Test Loss 	 Test Acc 	 PGD Loss 	 PGD Acc
[2025/09/29 22:41:11] - 1.2305 	 	 0.7703 	 1.4068 	 0.5697
[2025/09/29 22:42:38] - 77 	 61.2 	 	 0.1000 	 1.8792 	 0.5677
[2025/09/29 22:42:38] - ==> Building model..
[2025/09/29 22:43:23] - Test Loss 	 Test Acc 	 PGD Loss 	 PGD Acc
[2025/09/29 22:43:23] - 1.2316 	 	 0.7690 	 1.4072 	 0.5686
[2025/09/29 22:44:51] - 78 	 62.4 	 	 0.1000 	 1.8770 	 0.5695
[2025/09/29 22:44:51] - ==> Building model..
[2025/09/29 22:45:34] - Test Loss 	 Test Acc 	 PGD Loss 	 PGD Acc
[2025/09/29 22:45:34] - 1.2311 	 	 0.7690 	 1.4070 	 0.5700
[2025/09/29 22:47:01] - 79 	 60.1 	 	 0.1000 	 1.8781 	 0.5695
[2025/09/29 22:47:01] - ==> Building model..
[2025/09/29 22:47:46] - Test Loss 	 Test Acc 	 PGD Loss 	 PGD Acc
[2025/09/29 22:47:46] - 1.2301 	 	 0.7688 	 1.4065 	 0.5700
[2025/09/29 22:49:14] - 80 	 62.4 	 	 0.1000 	 1.8790 	 0.5692
[2025/09/29 22:49:14] - ==> Building model..
[2025/09/29 22:49:59] - Test Loss 	 Test Acc 	 PGD Loss 	 PGD Acc
[2025/09/29 22:49:59] - 1.2291 	 	 0.7692 	 1.4059 	 0.5698
[2025/09/29 22:51:25] - 81 	 61.0 	 	 0.1000 	 1.8769 	 0.5708
[2025/09/29 22:51:25] - ==> Building model..
[2025/09/29 22:52:06] - Test Loss 	 Test Acc 	 PGD Loss 	 PGD Acc
[2025/09/29 22:52:06] - 1.2310 	 	 0.7667 	 1.4079 	 0.5705
[2025/09/29 22:53:33] - 82 	 62.4 	 	 0.1000 	 1.8779 	 0.5696
[2025/09/29 22:53:33] - ==> Building model..
[2025/09/29 22:54:19] - Test Loss 	 Test Acc 	 PGD Loss 	 PGD Acc
[2025/09/29 22:54:19] - 1.2311 	 	 0.7690 	 1.4085 	 0.5712
[2025/09/29 22:55:45] - 83 	 61.2 	 	 0.1000 	 1.8786 	 0.5699
[2025/09/29 22:55:45] - ==> Building model..
[2025/09/29 22:56:31] - Test Loss 	 Test Acc 	 PGD Loss 	 PGD Acc
[2025/09/29 22:56:31] - 1.2304 	 	 0.7685 	 1.4077 	 0.5698
[2025/09/29 22:57:56] - 84 	 59.6 	 	 0.1000 	 1.8765 	 0.5690
[2025/09/29 22:57:56] - ==> Building model..
[2025/09/29 22:58:42] - Test Loss 	 Test Acc 	 PGD Loss 	 PGD Acc
[2025/09/29 22:58:42] - 1.2272 	 	 0.7683 	 1.4058 	 0.5694
[2025/09/29 23:00:11] - 85 	 63.1 	 	 0.1000 	 1.8777 	 0.5723
[2025/09/29 23:00:11] - ==> Building model..
[2025/09/29 23:00:54] - Test Loss 	 Test Acc 	 PGD Loss 	 PGD Acc
[2025/09/29 23:00:54] - 1.2280 	 	 0.7699 	 1.4070 	 0.5684
[2025/09/29 23:02:21] - 86 	 60.9 	 	 0.1000 	 1.8774 	 0.5692
[2025/09/29 23:02:21] - ==> Building model..
[2025/09/29 23:03:06] - Test Loss 	 Test Acc 	 PGD Loss 	 PGD Acc
[2025/09/29 23:03:06] - 1.2276 	 	 0.7708 	 1.4066 	 0.5674
[2025/09/29 23:04:34] - 87 	 62.7 	 	 0.1000 	 1.8771 	 0.5727
[2025/09/29 23:04:34] - ==> Building model..
[2025/09/29 23:05:19] - Test Loss 	 Test Acc 	 PGD Loss 	 PGD Acc
[2025/09/29 23:05:19] - 1.2271 	 	 0.7701 	 1.4062 	 0.5684
[2025/09/29 23:06:47] - 88 	 62.3 	 	 0.1000 	 1.8795 	 0.5677
[2025/09/29 23:06:47] - ==> Building model..
[2025/09/29 23:07:27] - Test Loss 	 Test Acc 	 PGD Loss 	 PGD Acc
[2025/09/29 23:07:27] - 1.2274 	 	 0.7695 	 1.4062 	 0.5698
[2025/09/29 23:08:54] - 89 	 62.8 	 	 0.1000 	 1.8753 	 0.5735
[2025/09/29 23:08:54] - ==> Building model..
[2025/09/29 23:09:40] - Test Loss 	 Test Acc 	 PGD Loss 	 PGD Acc
[2025/09/29 23:09:40] - 1.2245 	 	 0.7696 	 1.4040 	 0.5707
[2025/09/29 23:11:06] - 90 	 61.9 	 	 0.1000 	 1.8778 	 0.5710
[2025/09/29 23:11:06] - ==> Building model..
[2025/09/29 23:11:52] - Test Loss 	 Test Acc 	 PGD Loss 	 PGD Acc
[2025/09/29 23:11:52] - 1.2240 	 	 0.7695 	 1.4031 	 0.5698
[2025/09/29 23:13:17] - 91 	 59.8 	 	 0.1000 	 1.8767 	 0.5706
[2025/09/29 23:13:17] - ==> Building model..
[2025/09/29 23:14:02] - Test Loss 	 Test Acc 	 PGD Loss 	 PGD Acc
[2025/09/29 23:14:02] - 1.2223 	 	 0.7708 	 1.4020 	 0.5709
[2025/09/29 23:15:31] - 92 	 63.2 	 	 0.1000 	 1.8777 	 0.5712
[2025/09/29 23:15:31] - ==> Building model..
[2025/09/29 23:16:14] - Test Loss 	 Test Acc 	 PGD Loss 	 PGD Acc
[2025/09/29 23:16:14] - 1.2231 	 	 0.7712 	 1.4029 	 0.5706
[2025/09/29 23:17:40] - 93 	 60.9 	 	 0.1000 	 1.8756 	 0.5698
[2025/09/29 23:17:40] - ==> Building model..
[2025/09/29 23:18:26] - Test Loss 	 Test Acc 	 PGD Loss 	 PGD Acc
[2025/09/29 23:18:26] - 1.2207 	 	 0.7709 	 1.4012 	 0.5704
[2025/09/29 23:19:54] - 94 	 63.1 	 	 0.1000 	 1.8771 	 0.5718
[2025/09/29 23:19:54] - ==> Building model..
[2025/09/29 23:20:40] - Test Loss 	 Test Acc 	 PGD Loss 	 PGD Acc
[2025/09/29 23:20:40] - 1.2200 	 	 0.7705 	 1.4007 	 0.5710
[2025/09/29 23:22:07] - 95 	 62.6 	 	 0.1000 	 1.8753 	 0.5715
[2025/09/29 23:22:07] - ==> Building model..
[2025/09/29 23:22:48] - Test Loss 	 Test Acc 	 PGD Loss 	 PGD Acc
[2025/09/29 23:22:48] - 1.2199 	 	 0.7717 	 1.4013 	 0.5707
[2025/09/29 23:24:16] - 96 	 62.7 	 	 0.1000 	 1.8758 	 0.5712
[2025/09/29 23:24:16] - ==> Building model..
[2025/09/29 23:25:01] - Test Loss 	 Test Acc 	 PGD Loss 	 PGD Acc
[2025/09/29 23:25:01] - 1.2209 	 	 0.7717 	 1.4022 	 0.5707
[2025/09/29 23:26:28] - 97 	 61.7 	 	 0.1000 	 1.8746 	 0.5734
[2025/09/29 23:26:28] - ==> Building model..
[2025/09/29 23:27:15] - Test Loss 	 Test Acc 	 PGD Loss 	 PGD Acc
[2025/09/29 23:27:15] - 1.2177 	 	 0.7719 	 1.3993 	 0.5719
[2025/09/29 23:28:41] - 98 	 60.1 	 	 0.1000 	 1.8744 	 0.5733
[2025/09/29 23:28:41] - ==> Building model..
[2025/09/29 23:29:27] - Test Loss 	 Test Acc 	 PGD Loss 	 PGD Acc
[2025/09/29 23:29:27] - 1.2170 	 	 0.7722 	 1.3989 	 0.5713
[2025/09/29 23:30:55] - 99 	 62.8 	 	 0.1000 	 1.8748 	 0.5716
[2025/09/29 23:30:55] - ==> Building model..
[2025/09/29 23:31:38] - Test Loss 	 Test Acc 	 PGD Loss 	 PGD Acc
[2025/09/29 23:31:38] - 1.2186 	 	 0.7728 	 1.3999 	 0.5712
[2025/09/29 23:33:04] - 100 	 60.1 	 	 0.1000 	 1.8730 	 0.5747
[2025/09/29 23:33:04] - ==> Building model..
[2025/09/29 23:33:50] - Test Loss 	 Test Acc 	 PGD Loss 	 PGD Acc
[2025/09/29 23:33:50] - 1.2172 	 	 0.7733 	 1.3986 	 0.5702
[2025/09/29 23:35:18] - 101 	 62.6 	 	 0.1000 	 1.8749 	 0.5723
[2025/09/29 23:35:18] - ==> Building model..
[2025/09/29 23:36:04] - Test Loss 	 Test Acc 	 PGD Loss 	 PGD Acc
[2025/09/29 23:36:04] - 1.2180 	 	 0.7743 	 1.3992 	 0.5702
[2025/09/29 23:37:31] - 102 	 61.9 	 	 0.1000 	 1.8757 	 0.5717
[2025/09/29 23:37:31] - ==> Building model..
[2025/09/29 23:38:11] - Test Loss 	 Test Acc 	 PGD Loss 	 PGD Acc
[2025/09/29 23:38:11] - 1.2188 	 	 0.7724 	 1.4002 	 0.5712
[2025/09/29 23:39:39] - 103 	 62.7 	 	 0.1000 	 1.8763 	 0.5719
[2025/09/29 23:39:39] - ==> Building model..
[2025/09/29 23:40:25] - Test Loss 	 Test Acc 	 PGD Loss 	 PGD Acc
[2025/09/29 23:40:25] - 1.2187 	 	 0.7728 	 1.4004 	 0.5696
[2025/09/29 23:41:51] - 104 	 61.2 	 	 0.1000 	 1.8737 	 0.5762
[2025/09/29 23:41:51] - ==> Building model..
[2025/09/29 23:42:39] - Test Loss 	 Test Acc 	 PGD Loss 	 PGD Acc
[2025/09/29 23:42:39] - 1.2186 	 	 0.7732 	 1.4002 	 0.5704
[2025/09/29 23:44:04] - 105 	 59.5 	 	 0.1000 	 1.8745 	 0.5745
[2025/09/29 23:44:04] - ==> Building model..
[2025/09/29 23:44:49] - Test Loss 	 Test Acc 	 PGD Loss 	 PGD Acc
[2025/09/29 23:44:49] - 1.2176 	 	 0.7728 	 1.3997 	 0.5695
[2025/09/29 23:46:17] - 106 	 63.0 	 	 0.1000 	 1.8744 	 0.5754
[2025/09/29 23:46:17] - ==> Building model..
[2025/09/29 23:47:01] - Test Loss 	 Test Acc 	 PGD Loss 	 PGD Acc
[2025/09/29 23:47:01] - 1.2169 	 	 0.7742 	 1.3991 	 0.5707
[2025/09/29 23:48:26] - 107 	 59.9 	 	 0.1000 	 1.8736 	 0.5755
[2025/09/29 23:48:26] - ==> Building model..
[2025/09/29 23:49:11] - Test Loss 	 Test Acc 	 PGD Loss 	 PGD Acc
[2025/09/29 23:49:11] - 1.2175 	 	 0.7757 	 1.3997 	 0.5723
[2025/09/29 23:50:39] - 108 	 62.5 	 	 0.1000 	 1.8731 	 0.5780
[2025/09/29 23:50:39] - ==> Building model..
[2025/09/29 23:51:25] - Test Loss 	 Test Acc 	 PGD Loss 	 PGD Acc
[2025/09/29 23:51:25] - 1.2168 	 	 0.7740 	 1.3992 	 0.5720
[2025/09/29 23:53:23] - 109 	 91.2 	 	 0.0100 	 1.8200 	 0.6253
[2025/09/29 23:53:23] - ==> Building model..
[2025/09/29 23:54:30] - Test Loss 	 Test Acc 	 PGD Loss 	 PGD Acc
[2025/09/29 23:54:30] - 1.2027 	 	 0.7801 	 1.3891 	 0.5712
[2025/09/29 23:56:27] - 110 	 91.5 	 	 0.0100 	 1.7626 	 0.6740
[2025/09/29 23:56:27] - ==> Building model..
[2025/09/29 23:57:34] - Test Loss 	 Test Acc 	 PGD Loss 	 PGD Acc
[2025/09/29 23:57:34] - 1.1819 	 	 0.7869 	 1.3738 	 0.5719
[2025/09/29 23:59:34] - 111 	 94.1 	 	 0.0100 	 1.7473 	 0.6874
[2025/09/29 23:59:34] - ==> Building model..
[2025/09/30 00:00:39] - Test Loss 	 Test Acc 	 PGD Loss 	 PGD Acc
[2025/09/30 00:00:39] - 1.1675 	 	 0.7921 	 1.3637 	 0.5743
[2025/09/30 00:02:38] - 112 	 93.3 	 	 0.0100 	 1.7370 	 0.6954
[2025/09/30 00:02:38] - ==> Building model..
[2025/09/30 00:03:42] - Test Loss 	 Test Acc 	 PGD Loss 	 PGD Acc
[2025/09/30 00:03:42] - 1.1566 	 	 0.7967 	 1.3566 	 0.5750
[2025/09/30 00:05:39] - 113 	 92.5 	 	 0.0100 	 1.7289 	 0.7055
[2025/09/30 00:05:39] - ==> Building model..
[2025/09/30 00:06:45] - Test Loss 	 Test Acc 	 PGD Loss 	 PGD Acc
[2025/09/30 00:06:45] - 1.1497 	 	 0.8006 	 1.3523 	 0.5749
[2025/09/30 00:08:40] - 114 	 93.6 	 	 0.0010 	 1.7139 	 0.7162
[2025/09/30 00:08:40] - ==> Building model..
[2025/09/30 00:09:44] - Test Loss 	 Test Acc 	 PGD Loss 	 PGD Acc
[2025/09/30 00:09:44] - 1.1432 	 	 0.8040 	 1.3482 	 0.5761
[2025/09/30 00:11:38] - 115 	 92.9 	 	 0.0010 	 1.7005 	 0.7269
[2025/09/30 00:11:38] - ==> Building model..
[2025/09/30 00:12:40] - Test Loss 	 Test Acc 	 PGD Loss 	 PGD Acc
[2025/09/30 00:12:40] - 1.1363 	 	 0.8070 	 1.3436 	 0.5760
[2025/09/30 00:14:32] - 116 	 91.8 	 	 0.0010 	 1.6970 	 0.7286
[2025/09/30 00:14:32] - ==> Building model..
[2025/09/30 00:15:37] - Test Loss 	 Test Acc 	 PGD Loss 	 PGD Acc
[2025/09/30 00:15:37] - 1.1285 	 	 0.8101 	 1.3383 	 0.5754
[2025/09/30 00:17:29] - 117 	 92.9 	 	 0.0010 	 1.6942 	 0.7314
[2025/09/30 00:17:29] - ==> Building model..
[2025/09/30 00:18:33] - Test Loss 	 Test Acc 	 PGD Loss 	 PGD Acc
[2025/09/30 00:18:33] - 1.1205 	 	 0.8121 	 1.3325 	 0.5753
[2025/09/30 00:20:25] - 118 	 92.3 	 	 0.0010 	 1.6917 	 0.7337
[2025/09/30 00:20:25] - ==> Building model..
[2025/09/30 00:21:27] - Test Loss 	 Test Acc 	 PGD Loss 	 PGD Acc
[2025/09/30 00:21:27] - 1.1127 	 	 0.8152 	 1.3268 	 0.5748
[2025/09/30 00:23:19] - 119 	 92.0 	 	 0.0010 	 1.6893 	 0.7347
[2025/09/30 00:23:19] - ==> Building model..
[2025/09/30 00:24:23] - Test Loss 	 Test Acc 	 PGD Loss 	 PGD Acc
[2025/09/30 00:24:23] - 1.1053 	 	 0.8169 	 1.3215 	 0.5749
[2025/09/30 00:24:23] - [0.4004, 0.4574, 0.5091, 0.5494, 0.5828, 0.6088, 0.6318, 0.638, 0.651, 0.6538, 0.6594, 0.6693, 0.6836, 0.6957, 0.7081, 0.7152, 0.723, 0.729, 0.734, 0.7356, 0.7369, 0.741, 0.7403, 0.7444, 0.7467, 0.7482, 0.7492, 0.7514, 0.7525, 0.7556, 0.7568, 0.7589, 0.7599, 0.761, 0.7613, 0.7652, 0.766, 0.7669, 0.7676, 0.7682, 0.7681, 0.7698, 0.7704, 0.7696, 0.7702, 0.7719, 0.7718, 0.7719, 0.7718, 0.7721, 0.772, 0.772, 0.771, 0.7719, 0.77, 0.7702, 0.767, 0.7677, 0.7665, 0.7671, 0.7668, 0.7668, 0.7677, 0.7674, 0.7684, 0.7691, 0.7699, 0.7694, 0.7693, 0.7698, 0.7675, 0.769, 0.7701, 0.769, 0.7707, 0.7701, 0.7703, 0.769, 0.769, 0.7688, 0.7692, 0.7667, 0.769, 0.7685, 0.7683, 0.7699, 0.7708, 0.7701, 0.7695, 0.7696, 0.7695, 0.7708, 0.7712, 0.7709, 0.7705, 0.7717, 0.7717, 0.7719, 0.7722, 0.7728, 0.7733, 0.7743, 0.7724, 0.7728, 0.7732, 0.7728, 0.7742, 0.7757, 0.774, 0.7801, 0.7869, 0.7921, 0.7967, 0.8006, 0.804, 0.807, 0.8101, 0.8121, 0.8152, 0.8169]
[2025/09/30 00:24:23] - [0.2786, 0.3188, 0.338, 0.3663, 0.391, 0.4131, 0.4285, 0.4413, 0.4496, 0.4616, 0.4668, 0.4767, 0.4852, 0.4966, 0.5019, 0.5059, 0.5081, 0.5142, 0.5149, 0.5191, 0.5199, 0.5219, 0.5239, 0.5256, 0.5279, 0.5318, 0.533, 0.5357, 0.539, 0.5391, 0.5399, 0.5397, 0.5433, 0.5437, 0.5431, 0.5462, 0.5455, 0.5476, 0.5496, 0.5512, 0.551, 0.5509, 0.5511, 0.5521, 0.5538, 0.5539, 0.5547, 0.5555, 0.5587, 0.5572, 0.5589, 0.5584, 0.5574, 0.5575, 0.5582, 0.5585, 0.5597, 0.5611, 0.5618, 0.5625, 0.5636, 0.5618, 0.5613, 0.5626, 0.5624, 0.5659, 0.5637, 0.5636, 0.565, 0.5668, 0.5669, 0.5647, 0.5671, 0.5664, 0.5694, 0.5699, 0.5697, 0.5686, 0.57, 0.57, 0.5698, 0.5705, 0.5712, 0.5698, 0.5694, 0.5684, 0.5674, 0.5684, 0.5698, 0.5707, 0.5698, 0.5709, 0.5706, 0.5704, 0.571, 0.5707, 0.5707, 0.5719, 0.5713, 0.5712, 0.5702, 0.5702, 0.5712, 0.5696, 0.5704, 0.5695, 0.5707, 0.5723, 0.572, 0.5712, 0.5719, 0.5743, 0.575, 0.5749, 0.5761, 0.576, 0.5754, 0.5753, 0.5748, 0.5749]
