[2025/10/16 05:17:45] - Namespace(batch_size=128, data_dir='cifar-data', epochs=100, lr_schedule='multistep', lr_min=0.0, lr_max=0.2, weight_decay=0.0005, momentum=0.9, model='ResNet18', epsilon=8, alpha=8, delta_init='random', normal_mean=0, normal_std=1, out_dir='./output/CIFAR100/lamda_38_lamscale_0.10_run2', seed=0, lamda=38.0, lam_scale=0.1, lam_start=50, gamma=0.05, inner_gamma=0.05, beta=0.2, mu=3.5, batch_m=0.75, early_stop=False, factor=0.5, length=4, n_holes=1, c_num=0.125, EMA_value=0.55)
[2025/10/16 05:17:46] - ==> Building model..
[2025/10/16 05:17:47] - Epoch 	 Seconds 	 LR 	 	 Train Loss 	 Train Acc
[2025/10/16 05:18:25] - 0 	 18.8 	 	 0.2000 	 4.5772 	 0.0367
[2025/10/16 05:18:25] - ==> Building model..
[2025/10/16 05:18:46] - Test Loss 	 Test Acc 	 PGD Loss 	 PGD Acc
[2025/10/16 05:18:46] - 4.2555 	 	 0.0780 	 4.2666 	 0.0547
[2025/10/16 05:19:24] - 1 	 19.3 	 	 0.2000 	 4.4600 	 0.0781
[2025/10/16 05:19:24] - ==> Building model..
[2025/10/16 05:19:46] - Test Loss 	 Test Acc 	 PGD Loss 	 PGD Acc
[2025/10/16 05:19:46] - 4.0516 	 	 0.1391 	 4.0783 	 0.0912
[2025/10/16 05:20:25] - 2 	 20.1 	 	 0.2000 	 4.4057 	 0.1042
[2025/10/16 05:20:25] - ==> Building model..
[2025/10/16 05:20:47] - Test Loss 	 Test Acc 	 PGD Loss 	 PGD Acc
[2025/10/16 05:20:47] - 3.8838 	 	 0.1830 	 3.9298 	 0.1154
[2025/10/16 05:21:27] - 3 	 20.8 	 	 0.2000 	 4.3576 	 0.1285
[2025/10/16 05:21:27] - ==> Building model..
[2025/10/16 05:21:48] - Test Loss 	 Test Acc 	 PGD Loss 	 PGD Acc
[2025/10/16 05:21:48] - 3.7128 	 	 0.2369 	 3.7835 	 0.1401
[2025/10/16 05:22:29] - 4 	 20.4 	 	 0.2000 	 4.3123 	 0.1505
[2025/10/16 05:22:29] - ==> Building model..
[2025/10/16 05:22:50] - Test Loss 	 Test Acc 	 PGD Loss 	 PGD Acc
[2025/10/16 05:22:50] - 3.5475 	 	 0.2788 	 3.6469 	 0.1657
[2025/10/16 05:23:29] - 5 	 20.4 	 	 0.2000 	 4.2750 	 0.1695
[2025/10/16 05:23:29] - ==> Building model..
[2025/10/16 05:23:49] - Test Loss 	 Test Acc 	 PGD Loss 	 PGD Acc
[2025/10/16 05:23:49] - 3.3917 	 	 0.3085 	 3.5124 	 0.1767
[2025/10/16 05:24:29] - 6 	 20.9 	 	 0.2000 	 4.2446 	 0.1864
[2025/10/16 05:24:29] - ==> Building model..
[2025/10/16 05:24:51] - Test Loss 	 Test Acc 	 PGD Loss 	 PGD Acc
[2025/10/16 05:24:51] - 3.1946 	 	 0.3517 	 3.3476 	 0.1935
[2025/10/16 05:25:29] - 7 	 20.0 	 	 0.2000 	 4.2224 	 0.1994
[2025/10/16 05:25:29] - ==> Building model..
[2025/10/16 05:25:51] - Test Loss 	 Test Acc 	 PGD Loss 	 PGD Acc
[2025/10/16 05:25:51] - 3.0770 	 	 0.3786 	 3.2525 	 0.2049
[2025/10/16 05:26:31] - 8 	 20.8 	 	 0.2000 	 4.2035 	 0.2104
[2025/10/16 05:26:31] - ==> Building model..
[2025/10/16 05:26:52] - Test Loss 	 Test Acc 	 PGD Loss 	 PGD Acc
[2025/10/16 05:26:52] - 2.9813 	 	 0.3985 	 3.1766 	 0.2152
[2025/10/16 05:27:30] - 9 	 19.7 	 	 0.2000 	 4.1882 	 0.2188
[2025/10/16 05:27:30] - ==> Building model..
[2025/10/16 05:27:52] - Test Loss 	 Test Acc 	 PGD Loss 	 PGD Acc
[2025/10/16 05:27:52] - 2.9194 	 	 0.4105 	 3.1283 	 0.2235
[2025/10/16 05:28:29] - 10 	 18.7 	 	 0.2000 	 4.1762 	 0.2233
[2025/10/16 05:28:29] - ==> Building model..
[2025/10/16 05:28:51] - Test Loss 	 Test Acc 	 PGD Loss 	 PGD Acc
[2025/10/16 05:28:51] - 2.8621 	 	 0.4275 	 3.0866 	 0.2306
[2025/10/16 05:29:30] - 11 	 20.8 	 	 0.2000 	 4.1678 	 0.2291
[2025/10/16 05:29:30] - ==> Building model..
[2025/10/16 05:29:52] - Test Loss 	 Test Acc 	 PGD Loss 	 PGD Acc
[2025/10/16 05:29:52] - 2.8179 	 	 0.4366 	 3.0516 	 0.2354
[2025/10/16 05:30:30] - 12 	 19.0 	 	 0.2000 	 4.1573 	 0.2346
[2025/10/16 05:30:30] - ==> Building model..
[2025/10/16 05:30:51] - Test Loss 	 Test Acc 	 PGD Loss 	 PGD Acc
[2025/10/16 05:30:51] - 2.7794 	 	 0.4475 	 3.0222 	 0.2390
[2025/10/16 05:31:31] - 13 	 21.1 	 	 0.2000 	 4.1541 	 0.2359
[2025/10/16 05:31:31] - ==> Building model..
[2025/10/16 05:31:53] - Test Loss 	 Test Acc 	 PGD Loss 	 PGD Acc
[2025/10/16 05:31:53] - 2.7522 	 	 0.4551 	 3.0026 	 0.2454
[2025/10/16 05:32:32] - 14 	 20.9 	 	 0.2000 	 4.1478 	 0.2417
[2025/10/16 05:32:32] - ==> Building model..
[2025/10/16 05:32:54] - Test Loss 	 Test Acc 	 PGD Loss 	 PGD Acc
[2025/10/16 05:32:54] - 2.7335 	 	 0.4577 	 2.9887 	 0.2463
[2025/10/16 05:33:35] - 15 	 21.0 	 	 0.2000 	 4.1404 	 0.2456
[2025/10/16 05:33:35] - ==> Building model..
[2025/10/16 05:33:57] - Test Loss 	 Test Acc 	 PGD Loss 	 PGD Acc
[2025/10/16 05:33:57] - 2.7112 	 	 0.4648 	 2.9715 	 0.2491
[2025/10/16 05:34:36] - 16 	 20.9 	 	 0.2000 	 4.1353 	 0.2484
[2025/10/16 05:34:36] - ==> Building model..
[2025/10/16 05:34:58] - Test Loss 	 Test Acc 	 PGD Loss 	 PGD Acc
[2025/10/16 05:34:58] - 2.6955 	 	 0.4701 	 2.9591 	 0.2496
[2025/10/16 05:35:34] - 17 	 17.2 	 	 0.2000 	 4.1332 	 0.2478
[2025/10/16 05:35:34] - ==> Building model..
[2025/10/16 05:35:55] - Test Loss 	 Test Acc 	 PGD Loss 	 PGD Acc
[2025/10/16 05:35:55] - 2.6747 	 	 0.4755 	 2.9445 	 0.2527
[2025/10/16 05:36:35] - 18 	 20.7 	 	 0.2000 	 4.1275 	 0.2531
[2025/10/16 05:36:35] - ==> Building model..
[2025/10/16 05:36:57] - Test Loss 	 Test Acc 	 PGD Loss 	 PGD Acc
[2025/10/16 05:36:57] - 2.6640 	 	 0.4780 	 2.9366 	 0.2548
[2025/10/16 05:37:36] - 19 	 20.8 	 	 0.2000 	 4.1238 	 0.2560
[2025/10/16 05:37:36] - ==> Building model..
[2025/10/16 05:37:58] - Test Loss 	 Test Acc 	 PGD Loss 	 PGD Acc
[2025/10/16 05:37:58] - 2.6538 	 	 0.4787 	 2.9274 	 0.2578
[2025/10/16 05:38:38] - 20 	 21.1 	 	 0.2000 	 4.1225 	 0.2552
[2025/10/16 05:38:38] - ==> Building model..
[2025/10/16 05:38:56] - Test Loss 	 Test Acc 	 PGD Loss 	 PGD Acc
[2025/10/16 05:38:56] - 2.6451 	 	 0.4816 	 2.9216 	 0.2568
[2025/10/16 05:39:36] - 21 	 20.8 	 	 0.2000 	 4.1185 	 0.2584
[2025/10/16 05:39:36] - ==> Building model..
[2025/10/16 05:39:56] - Test Loss 	 Test Acc 	 PGD Loss 	 PGD Acc
[2025/10/16 05:39:56] - 2.6364 	 	 0.4841 	 2.9157 	 0.2575
[2025/10/16 05:40:36] - 22 	 21.1 	 	 0.2000 	 4.1187 	 0.2563
[2025/10/16 05:40:36] - ==> Building model..
[2025/10/16 05:40:58] - Test Loss 	 Test Acc 	 PGD Loss 	 PGD Acc
[2025/10/16 05:40:58] - 2.6265 	 	 0.4859 	 2.9078 	 0.2601
[2025/10/16 05:41:38] - 23 	 20.7 	 	 0.2000 	 4.1160 	 0.2599
[2025/10/16 05:41:38] - ==> Building model..
[2025/10/16 05:42:01] - Test Loss 	 Test Acc 	 PGD Loss 	 PGD Acc
[2025/10/16 05:42:01] - 2.6180 	 	 0.4891 	 2.9009 	 0.2606
[2025/10/16 05:42:42] - 24 	 20.9 	 	 0.2000 	 4.1131 	 0.2621
[2025/10/16 05:42:42] - ==> Building model..
[2025/10/16 05:43:03] - Test Loss 	 Test Acc 	 PGD Loss 	 PGD Acc
[2025/10/16 05:43:03] - 2.6166 	 	 0.4875 	 2.9005 	 0.2608
[2025/10/16 05:43:44] - 25 	 21.3 	 	 0.2000 	 4.1109 	 0.2657
[2025/10/16 05:43:44] - ==> Building model..
[2025/10/16 05:44:04] - Test Loss 	 Test Acc 	 PGD Loss 	 PGD Acc
[2025/10/16 05:44:04] - 2.6116 	 	 0.4899 	 2.8970 	 0.2603
[2025/10/16 05:44:44] - 26 	 20.6 	 	 0.2000 	 4.1073 	 0.2642
[2025/10/16 05:44:44] - ==> Building model..
[2025/10/16 05:45:05] - Test Loss 	 Test Acc 	 PGD Loss 	 PGD Acc
[2025/10/16 05:45:05] - 2.6012 	 	 0.4922 	 2.8883 	 0.2608
[2025/10/16 05:45:45] - 27 	 20.8 	 	 0.2000 	 4.1069 	 0.2657
[2025/10/16 05:45:45] - ==> Building model..
[2025/10/16 05:46:06] - Test Loss 	 Test Acc 	 PGD Loss 	 PGD Acc
[2025/10/16 05:46:06] - 2.5951 	 	 0.4961 	 2.8844 	 0.2636
[2025/10/16 05:46:47] - 28 	 20.2 	 	 0.2000 	 4.1057 	 0.2657
[2025/10/16 05:46:47] - ==> Building model..
[2025/10/16 05:47:06] - Test Loss 	 Test Acc 	 PGD Loss 	 PGD Acc
[2025/10/16 05:47:06] - 2.5928 	 	 0.4973 	 2.8823 	 0.2662
[2025/10/16 05:47:48] - 29 	 21.5 	 	 0.2000 	 4.1049 	 0.2674
[2025/10/16 05:47:48] - ==> Building model..
[2025/10/16 05:48:10] - Test Loss 	 Test Acc 	 PGD Loss 	 PGD Acc
[2025/10/16 05:48:10] - 2.5849 	 	 0.4987 	 2.8763 	 0.2668
[2025/10/16 05:48:50] - 30 	 21.0 	 	 0.2000 	 4.1059 	 0.2668
[2025/10/16 05:48:50] - ==> Building model..
[2025/10/16 05:49:12] - Test Loss 	 Test Acc 	 PGD Loss 	 PGD Acc
[2025/10/16 05:49:12] - 2.5825 	 	 0.5004 	 2.8756 	 0.2680
[2025/10/16 05:49:53] - 31 	 21.0 	 	 0.2000 	 4.1027 	 0.2671
[2025/10/16 05:49:53] - ==> Building model..
[2025/10/16 05:50:14] - Test Loss 	 Test Acc 	 PGD Loss 	 PGD Acc
[2025/10/16 05:50:14] - 2.5789 	 	 0.5019 	 2.8728 	 0.2666
[2025/10/16 05:50:55] - 32 	 21.6 	 	 0.2000 	 4.1015 	 0.2672
[2025/10/16 05:50:55] - ==> Building model..
[2025/10/16 05:51:18] - Test Loss 	 Test Acc 	 PGD Loss 	 PGD Acc
[2025/10/16 05:51:18] - 2.5750 	 	 0.5023 	 2.8698 	 0.2698
[2025/10/16 05:51:58] - 33 	 21.3 	 	 0.2000 	 4.0998 	 0.2692
[2025/10/16 05:51:58] - ==> Building model..
[2025/10/16 05:52:19] - Test Loss 	 Test Acc 	 PGD Loss 	 PGD Acc
[2025/10/16 05:52:19] - 2.5668 	 	 0.5051 	 2.8637 	 0.2697
[2025/10/16 05:52:58] - 34 	 19.6 	 	 0.2000 	 4.1010 	 0.2672
[2025/10/16 05:52:58] - ==> Building model..
[2025/10/16 05:53:20] - Test Loss 	 Test Acc 	 PGD Loss 	 PGD Acc
[2025/10/16 05:53:20] - 2.5644 	 	 0.5054 	 2.8615 	 0.2709
[2025/10/16 05:54:00] - 35 	 21.2 	 	 0.2000 	 4.0970 	 0.2715
[2025/10/16 05:54:00] - ==> Building model..
[2025/10/16 05:54:20] - Test Loss 	 Test Acc 	 PGD Loss 	 PGD Acc
[2025/10/16 05:54:20] - 2.5610 	 	 0.5070 	 2.8595 	 0.2716
[2025/10/16 05:55:01] - 36 	 21.6 	 	 0.2000 	 4.0976 	 0.2691
[2025/10/16 05:55:01] - ==> Building model..
[2025/10/16 05:55:21] - Test Loss 	 Test Acc 	 PGD Loss 	 PGD Acc
[2025/10/16 05:55:21] - 2.5598 	 	 0.5083 	 2.8583 	 0.2722
[2025/10/16 05:56:01] - 37 	 20.8 	 	 0.2000 	 4.0963 	 0.2719
[2025/10/16 05:56:01] - ==> Building model..
[2025/10/16 05:56:21] - Test Loss 	 Test Acc 	 PGD Loss 	 PGD Acc
[2025/10/16 05:56:21] - 2.5589 	 	 0.5072 	 2.8578 	 0.2708
[2025/10/16 05:57:05] - 38 	 22.0 	 	 0.2000 	 4.0946 	 0.2714
[2025/10/16 05:57:05] - ==> Building model..
[2025/10/16 05:57:26] - Test Loss 	 Test Acc 	 PGD Loss 	 PGD Acc
[2025/10/16 05:57:26] - 2.5590 	 	 0.5086 	 2.8585 	 0.2709
[2025/10/16 05:58:08] - 39 	 21.8 	 	 0.2000 	 4.0949 	 0.2717
[2025/10/16 05:58:08] - ==> Building model..
[2025/10/16 05:58:29] - Test Loss 	 Test Acc 	 PGD Loss 	 PGD Acc
[2025/10/16 05:58:29] - 2.5574 	 	 0.5086 	 2.8570 	 0.2719
[2025/10/16 05:59:10] - 40 	 20.2 	 	 0.2000 	 4.0938 	 0.2736
[2025/10/16 05:59:10] - ==> Building model..
[2025/10/16 05:59:30] - Test Loss 	 Test Acc 	 PGD Loss 	 PGD Acc
[2025/10/16 05:59:30] - 2.5548 	 	 0.5092 	 2.8552 	 0.2747
[2025/10/16 06:00:12] - 41 	 21.5 	 	 0.2000 	 4.0953 	 0.2713
[2025/10/16 06:00:12] - ==> Building model..
[2025/10/16 06:00:33] - Test Loss 	 Test Acc 	 PGD Loss 	 PGD Acc
[2025/10/16 06:00:33] - 2.5538 	 	 0.5100 	 2.8536 	 0.2751
[2025/10/16 06:01:16] - 42 	 20.8 	 	 0.2000 	 4.0946 	 0.2702
[2025/10/16 06:01:16] - ==> Building model..
[2025/10/16 06:01:36] - Test Loss 	 Test Acc 	 PGD Loss 	 PGD Acc
[2025/10/16 06:01:36] - 2.5519 	 	 0.5116 	 2.8536 	 0.2758
[2025/10/16 06:02:18] - 43 	 20.8 	 	 0.2000 	 4.0937 	 0.2719
[2025/10/16 06:02:18] - ==> Building model..
[2025/10/16 06:02:39] - Test Loss 	 Test Acc 	 PGD Loss 	 PGD Acc
[2025/10/16 06:02:39] - 2.5503 	 	 0.5145 	 2.8526 	 0.2746
[2025/10/16 06:03:21] - 44 	 20.2 	 	 0.2000 	 4.0927 	 0.2744
[2025/10/16 06:03:21] - ==> Building model..
[2025/10/16 06:03:42] - Test Loss 	 Test Acc 	 PGD Loss 	 PGD Acc
[2025/10/16 06:03:42] - 2.5474 	 	 0.5147 	 2.8503 	 0.2744
[2025/10/16 06:04:23] - 45 	 20.6 	 	 0.2000 	 4.0908 	 0.2744
[2025/10/16 06:04:23] - ==> Building model..
[2025/10/16 06:04:46] - Test Loss 	 Test Acc 	 PGD Loss 	 PGD Acc
[2025/10/16 06:04:46] - 2.5470 	 	 0.5151 	 2.8506 	 0.2763
[2025/10/16 06:05:27] - 46 	 20.9 	 	 0.2000 	 4.0888 	 0.2761
[2025/10/16 06:05:27] - ==> Building model..
[2025/10/16 06:05:48] - Test Loss 	 Test Acc 	 PGD Loss 	 PGD Acc
[2025/10/16 06:05:48] - 2.5461 	 	 0.5144 	 2.8507 	 0.2760
[2025/10/16 06:06:29] - 47 	 19.3 	 	 0.2000 	 4.0911 	 0.2737
[2025/10/16 06:06:29] - ==> Building model..
[2025/10/16 06:06:49] - Test Loss 	 Test Acc 	 PGD Loss 	 PGD Acc
[2025/10/16 06:06:49] - 2.5430 	 	 0.5168 	 2.8479 	 0.2768
[2025/10/16 06:07:31] - 48 	 20.8 	 	 0.2000 	 4.0884 	 0.2771
[2025/10/16 06:07:31] - ==> Building model..
[2025/10/16 06:07:52] - Test Loss 	 Test Acc 	 PGD Loss 	 PGD Acc
[2025/10/16 06:07:52] - 2.5401 	 	 0.5173 	 2.8469 	 0.2766
[2025/10/16 06:08:33] - 49 	 20.5 	 	 0.2000 	 4.0881 	 0.2766
[2025/10/16 06:08:33] - ==> Building model..
[2025/10/16 06:08:54] - Test Loss 	 Test Acc 	 PGD Loss 	 PGD Acc
[2025/10/16 06:08:54] - 2.5407 	 	 0.5165 	 2.8468 	 0.2764
[2025/10/16 06:09:37] - 50 	 21.3 	 	 0.2000 	 4.0888 	 0.2768
[2025/10/16 06:09:37] - ==> Building model..
[2025/10/16 06:09:58] - Test Loss 	 Test Acc 	 PGD Loss 	 PGD Acc
[2025/10/16 06:09:58] - 2.5394 	 	 0.5171 	 2.8458 	 0.2786
[2025/10/16 06:10:39] - 51 	 19.7 	 	 0.2000 	 4.0896 	 0.2745
[2025/10/16 06:10:39] - ==> Building model..
[2025/10/16 06:11:00] - Test Loss 	 Test Acc 	 PGD Loss 	 PGD Acc
[2025/10/16 06:11:00] - 2.5396 	 	 0.5161 	 2.8464 	 0.2799
[2025/10/16 06:11:43] - 52 	 20.7 	 	 0.2000 	 4.0897 	 0.2751
[2025/10/16 06:11:43] - ==> Building model..
[2025/10/16 06:12:04] - Test Loss 	 Test Acc 	 PGD Loss 	 PGD Acc
[2025/10/16 06:12:04] - 2.5400 	 	 0.5184 	 2.8469 	 0.2798
[2025/10/16 06:12:46] - 53 	 20.3 	 	 0.2000 	 4.0877 	 0.2762
[2025/10/16 06:12:46] - ==> Building model..
[2025/10/16 06:13:08] - Test Loss 	 Test Acc 	 PGD Loss 	 PGD Acc
[2025/10/16 06:13:08] - 2.5391 	 	 0.5183 	 2.8454 	 0.2808
[2025/10/16 06:13:53] - 54 	 21.9 	 	 0.2000 	 4.0917 	 0.2745
[2025/10/16 06:13:53] - ==> Building model..
[2025/10/16 06:14:14] - Test Loss 	 Test Acc 	 PGD Loss 	 PGD Acc
[2025/10/16 06:14:14] - 2.5394 	 	 0.5188 	 2.8450 	 0.2801
[2025/10/16 06:14:56] - 55 	 20.2 	 	 0.2000 	 4.0893 	 0.2776
[2025/10/16 06:14:56] - ==> Building model..
[2025/10/16 06:15:17] - Test Loss 	 Test Acc 	 PGD Loss 	 PGD Acc
[2025/10/16 06:15:17] - 2.5379 	 	 0.5201 	 2.8438 	 0.2804
[2025/10/16 06:16:00] - 56 	 21.0 	 	 0.2000 	 4.0899 	 0.2765
[2025/10/16 06:16:00] - ==> Building model..
[2025/10/16 06:16:19] - Test Loss 	 Test Acc 	 PGD Loss 	 PGD Acc
[2025/10/16 06:16:19] - 2.5388 	 	 0.5204 	 2.8445 	 0.2802
[2025/10/16 06:17:01] - 57 	 20.1 	 	 0.2000 	 4.0905 	 0.2790
[2025/10/16 06:17:01] - ==> Building model..
[2025/10/16 06:17:23] - Test Loss 	 Test Acc 	 PGD Loss 	 PGD Acc
[2025/10/16 06:17:23] - 2.5400 	 	 0.5210 	 2.8456 	 0.2809
[2025/10/16 06:18:03] - 58 	 20.7 	 	 0.2000 	 4.0906 	 0.2788
[2025/10/16 06:18:03] - ==> Building model..
[2025/10/16 06:18:25] - Test Loss 	 Test Acc 	 PGD Loss 	 PGD Acc
[2025/10/16 06:18:25] - 2.5432 	 	 0.5205 	 2.8475 	 0.2811
[2025/10/16 06:19:05] - 59 	 20.5 	 	 0.2000 	 4.0922 	 0.2772
[2025/10/16 06:19:05] - ==> Building model..
[2025/10/16 06:19:26] - Test Loss 	 Test Acc 	 PGD Loss 	 PGD Acc
[2025/10/16 06:19:26] - 2.5461 	 	 0.5198 	 2.8490 	 0.2813
[2025/10/16 06:20:07] - 60 	 20.8 	 	 0.2000 	 4.0904 	 0.2813
[2025/10/16 06:20:07] - ==> Building model..
[2025/10/16 06:20:27] - Test Loss 	 Test Acc 	 PGD Loss 	 PGD Acc
[2025/10/16 06:20:27] - 2.5482 	 	 0.5202 	 2.8506 	 0.2801
[2025/10/16 06:21:07] - 61 	 20.9 	 	 0.2000 	 4.0933 	 0.2761
[2025/10/16 06:21:07] - ==> Building model..
[2025/10/16 06:21:28] - Test Loss 	 Test Acc 	 PGD Loss 	 PGD Acc
[2025/10/16 06:21:28] - 2.5514 	 	 0.5201 	 2.8526 	 0.2802
[2025/10/16 06:22:08] - 62 	 20.5 	 	 0.2000 	 4.0921 	 0.2783
[2025/10/16 06:22:08] - ==> Building model..
[2025/10/16 06:22:27] - Test Loss 	 Test Acc 	 PGD Loss 	 PGD Acc
[2025/10/16 06:22:27] - 2.5543 	 	 0.5192 	 2.8547 	 0.2809
[2025/10/16 06:23:08] - 63 	 21.0 	 	 0.2000 	 4.0944 	 0.2763
[2025/10/16 06:23:08] - ==> Building model..
[2025/10/16 06:23:29] - Test Loss 	 Test Acc 	 PGD Loss 	 PGD Acc
[2025/10/16 06:23:29] - 2.5575 	 	 0.5185 	 2.8566 	 0.2800
[2025/10/16 06:24:11] - 64 	 21.1 	 	 0.2000 	 4.0904 	 0.2819
[2025/10/16 06:24:11] - ==> Building model..
[2025/10/16 06:24:33] - Test Loss 	 Test Acc 	 PGD Loss 	 PGD Acc
[2025/10/16 06:24:33] - 2.5603 	 	 0.5178 	 2.8576 	 0.2805
[2025/10/16 06:25:15] - 65 	 21.7 	 	 0.2000 	 4.0915 	 0.2803
[2025/10/16 06:25:15] - ==> Building model..
[2025/10/16 06:25:36] - Test Loss 	 Test Acc 	 PGD Loss 	 PGD Acc
[2025/10/16 06:25:36] - 2.5651 	 	 0.5178 	 2.8611 	 0.2797
[2025/10/16 06:26:16] - 66 	 20.6 	 	 0.2000 	 4.0910 	 0.2768
[2025/10/16 06:26:16] - ==> Building model..
[2025/10/16 06:26:37] - Test Loss 	 Test Acc 	 PGD Loss 	 PGD Acc
[2025/10/16 06:26:37] - 2.5682 	 	 0.5177 	 2.8639 	 0.2784
[2025/10/16 06:27:17] - 67 	 20.4 	 	 0.2000 	 4.0910 	 0.2785
[2025/10/16 06:27:17] - ==> Building model..
[2025/10/16 06:27:37] - Test Loss 	 Test Acc 	 PGD Loss 	 PGD Acc
[2025/10/16 06:27:37] - 2.5720 	 	 0.5181 	 2.8666 	 0.2782
[2025/10/16 06:28:18] - 68 	 21.4 	 	 0.2000 	 4.0913 	 0.2795
[2025/10/16 06:28:18] - ==> Building model..
[2025/10/16 06:28:39] - Test Loss 	 Test Acc 	 PGD Loss 	 PGD Acc
[2025/10/16 06:28:39] - 2.5733 	 	 0.5182 	 2.8674 	 0.2788
[2025/10/16 06:29:19] - 69 	 19.9 	 	 0.2000 	 4.0918 	 0.2790
[2025/10/16 06:29:19] - ==> Building model..
[2025/10/16 06:29:35] - Test Loss 	 Test Acc 	 PGD Loss 	 PGD Acc
[2025/10/16 06:29:35] - 2.5767 	 	 0.5170 	 2.8698 	 0.2782
[2025/10/16 06:30:10] - 70 	 16.9 	 	 0.2000 	 4.0934 	 0.2777
[2025/10/16 06:30:10] - ==> Building model..
[2025/10/16 06:30:30] - Test Loss 	 Test Acc 	 PGD Loss 	 PGD Acc
[2025/10/16 06:30:30] - 2.5780 	 	 0.5161 	 2.8705 	 0.2792
[2025/10/16 06:31:05] - 71 	 17.1 	 	 0.2000 	 4.0915 	 0.2789
[2025/10/16 06:31:05] - ==> Building model..
[2025/10/16 06:31:26] - Test Loss 	 Test Acc 	 PGD Loss 	 PGD Acc
[2025/10/16 06:31:26] - 2.5815 	 	 0.5161 	 2.8729 	 0.2796
[2025/10/16 06:32:08] - 72 	 21.5 	 	 0.2000 	 4.0920 	 0.2750
[2025/10/16 06:32:08] - ==> Building model..
[2025/10/16 06:32:28] - Test Loss 	 Test Acc 	 PGD Loss 	 PGD Acc
[2025/10/16 06:32:28] - 2.5822 	 	 0.5168 	 2.8744 	 0.2798
[2025/10/16 06:33:08] - 73 	 21.1 	 	 0.2000 	 4.0909 	 0.2768
[2025/10/16 06:33:08] - ==> Building model..
[2025/10/16 06:33:29] - Test Loss 	 Test Acc 	 PGD Loss 	 PGD Acc
[2025/10/16 06:33:29] - 2.5833 	 	 0.5178 	 2.8747 	 0.2800
[2025/10/16 06:34:06] - 74 	 17.5 	 	 0.2000 	 4.0935 	 0.2778
[2025/10/16 06:34:06] - ==> Building model..
[2025/10/16 06:34:27] - Test Loss 	 Test Acc 	 PGD Loss 	 PGD Acc
[2025/10/16 06:34:27] - 2.5839 	 	 0.5185 	 2.8752 	 0.2786
[2025/10/16 06:35:07] - 75 	 20.5 	 	 0.2000 	 4.0919 	 0.2793
[2025/10/16 06:35:07] - ==> Building model..
[2025/10/16 06:35:26] - Test Loss 	 Test Acc 	 PGD Loss 	 PGD Acc
[2025/10/16 06:35:26] - 2.5855 	 	 0.5176 	 2.8758 	 0.2790
[2025/10/16 06:36:05] - 76 	 20.0 	 	 0.2000 	 4.0910 	 0.2807
[2025/10/16 06:36:05] - ==> Building model..
[2025/10/16 06:36:27] - Test Loss 	 Test Acc 	 PGD Loss 	 PGD Acc
[2025/10/16 06:36:27] - 2.5853 	 	 0.5194 	 2.8760 	 0.2797
[2025/10/16 06:37:06] - 77 	 20.2 	 	 0.2000 	 4.0908 	 0.2798
[2025/10/16 06:37:06] - ==> Building model..
[2025/10/16 06:37:25] - Test Loss 	 Test Acc 	 PGD Loss 	 PGD Acc
[2025/10/16 06:37:25] - 2.5863 	 	 0.5175 	 2.8765 	 0.2789
[2025/10/16 06:38:07] - 78 	 21.8 	 	 0.2000 	 4.0914 	 0.2778
[2025/10/16 06:38:07] - ==> Building model..
[2025/10/16 06:38:29] - Test Loss 	 Test Acc 	 PGD Loss 	 PGD Acc
[2025/10/16 06:38:29] - 2.5868 	 	 0.5178 	 2.8772 	 0.2802
[2025/10/16 06:39:08] - 79 	 19.2 	 	 0.2000 	 4.0898 	 0.2796
[2025/10/16 06:39:08] - ==> Building model..
[2025/10/16 06:39:28] - Test Loss 	 Test Acc 	 PGD Loss 	 PGD Acc
[2025/10/16 06:39:28] - 2.5873 	 	 0.5177 	 2.8770 	 0.2808
[2025/10/16 06:40:09] - 80 	 20.9 	 	 0.2000 	 4.0903 	 0.2788
[2025/10/16 06:40:09] - ==> Building model..
[2025/10/16 06:40:30] - Test Loss 	 Test Acc 	 PGD Loss 	 PGD Acc
[2025/10/16 06:40:30] - 2.5875 	 	 0.5180 	 2.8771 	 0.2812
[2025/10/16 06:41:11] - 81 	 21.0 	 	 0.2000 	 4.0909 	 0.2768
[2025/10/16 06:41:11] - ==> Building model..
[2025/10/16 06:41:32] - Test Loss 	 Test Acc 	 PGD Loss 	 PGD Acc
[2025/10/16 06:41:32] - 2.5866 	 	 0.5178 	 2.8763 	 0.2833
[2025/10/16 06:42:14] - 82 	 21.0 	 	 0.2000 	 4.0915 	 0.2777
[2025/10/16 06:42:14] - ==> Building model..
[2025/10/16 06:42:31] - Test Loss 	 Test Acc 	 PGD Loss 	 PGD Acc
[2025/10/16 06:42:31] - 2.5845 	 	 0.5187 	 2.8752 	 0.2831
[2025/10/16 06:43:11] - 83 	 20.3 	 	 0.2000 	 4.0884 	 0.2804
[2025/10/16 06:43:11] - ==> Building model..
[2025/10/16 06:43:28] - Test Loss 	 Test Acc 	 PGD Loss 	 PGD Acc
[2025/10/16 06:43:28] - 2.5851 	 	 0.5176 	 2.8751 	 0.2829
[2025/10/16 06:44:07] - 84 	 19.3 	 	 0.2000 	 4.0912 	 0.2777
[2025/10/16 06:44:07] - ==> Building model..
[2025/10/16 06:44:27] - Test Loss 	 Test Acc 	 PGD Loss 	 PGD Acc
[2025/10/16 06:44:27] - 2.5849 	 	 0.5185 	 2.8752 	 0.2837
[2025/10/16 06:45:09] - 85 	 21.9 	 	 0.2000 	 4.0912 	 0.2792
[2025/10/16 06:45:09] - ==> Building model..
[2025/10/16 06:45:29] - Test Loss 	 Test Acc 	 PGD Loss 	 PGD Acc
[2025/10/16 06:45:29] - 2.5857 	 	 0.5183 	 2.8758 	 0.2837
[2025/10/16 06:46:09] - 86 	 21.1 	 	 0.2000 	 4.0907 	 0.2801
[2025/10/16 06:46:09] - ==> Building model..
[2025/10/16 06:46:29] - Test Loss 	 Test Acc 	 PGD Loss 	 PGD Acc
[2025/10/16 06:46:29] - 2.5855 	 	 0.5173 	 2.8755 	 0.2840
[2025/10/16 06:47:09] - 87 	 21.2 	 	 0.2000 	 4.0902 	 0.2806
[2025/10/16 06:47:09] - ==> Building model..
[2025/10/16 06:47:31] - Test Loss 	 Test Acc 	 PGD Loss 	 PGD Acc
[2025/10/16 06:47:31] - 2.5856 	 	 0.5181 	 2.8760 	 0.2836
[2025/10/16 06:48:07] - 88 	 17.6 	 	 0.2000 	 4.0916 	 0.2783
[2025/10/16 06:48:07] - ==> Building model..
[2025/10/16 06:48:28] - Test Loss 	 Test Acc 	 PGD Loss 	 PGD Acc
[2025/10/16 06:48:28] - 2.5870 	 	 0.5177 	 2.8768 	 0.2834
[2025/10/16 06:49:08] - 89 	 20.2 	 	 0.2000 	 4.0902 	 0.2805
[2025/10/16 06:49:08] - ==> Building model..
[2025/10/16 06:49:30] - Test Loss 	 Test Acc 	 PGD Loss 	 PGD Acc
[2025/10/16 06:49:30] - 2.5872 	 	 0.5181 	 2.8764 	 0.2832
[2025/10/16 06:50:09] - 90 	 20.3 	 	 0.0200 	 3.9949 	 0.3405
[2025/10/16 06:50:09] - ==> Building model..
[2025/10/16 06:50:30] - Test Loss 	 Test Acc 	 PGD Loss 	 PGD Acc
[2025/10/16 06:50:30] - 2.5850 	 	 0.5197 	 2.8750 	 0.2830
[2025/10/16 06:51:06] - 91 	 17.5 	 	 0.0200 	 3.9017 	 0.4013
[2025/10/16 06:51:06] - ==> Building model..
[2025/10/16 06:51:22] - Test Loss 	 Test Acc 	 PGD Loss 	 PGD Acc
[2025/10/16 06:51:22] - 2.5838 	 	 0.5199 	 2.8742 	 0.2826
[2025/10/16 06:51:59] - 92 	 18.1 	 	 0.0200 	 3.8749 	 0.4208
[2025/10/16 06:51:59] - ==> Building model..
[2025/10/16 06:52:14] - Test Loss 	 Test Acc 	 PGD Loss 	 PGD Acc
[2025/10/16 06:52:14] - 2.5834 	 	 0.5200 	 2.8743 	 0.2831
[2025/10/16 06:52:49] - 93 	 16.3 	 	 0.0200 	 3.8582 	 0.4314
[2025/10/16 06:52:49] - ==> Building model..
[2025/10/16 06:53:06] - Test Loss 	 Test Acc 	 PGD Loss 	 PGD Acc
[2025/10/16 06:53:06] - 2.5842 	 	 0.5201 	 2.8748 	 0.2833
[2025/10/16 06:53:42] - 94 	 17.1 	 	 0.0200 	 3.8423 	 0.4421
[2025/10/16 06:53:42] - ==> Building model..
[2025/10/16 06:54:04] - Test Loss 	 Test Acc 	 PGD Loss 	 PGD Acc
[2025/10/16 06:54:04] - 2.5859 	 	 0.5198 	 2.8766 	 0.2838
[2025/10/16 06:54:46] - 95 	 21.0 	 	 0.0200 	 3.8306 	 0.4518
[2025/10/16 06:54:46] - ==> Building model..
[2025/10/16 06:55:07] - Test Loss 	 Test Acc 	 PGD Loss 	 PGD Acc
[2025/10/16 06:55:07] - 2.5889 	 	 0.5192 	 2.8798 	 0.2830
[2025/10/16 06:55:47] - 96 	 20.5 	 	 0.0200 	 3.8209 	 0.4602
[2025/10/16 06:55:47] - ==> Building model..
[2025/10/16 06:56:07] - Test Loss 	 Test Acc 	 PGD Loss 	 PGD Acc
[2025/10/16 06:56:07] - 2.5916 	 	 0.5192 	 2.8810 	 0.2836
[2025/10/16 06:56:46] - 97 	 19.6 	 	 0.0200 	 3.8118 	 0.4663
[2025/10/16 06:56:46] - ==> Building model..
[2025/10/16 06:57:07] - Test Loss 	 Test Acc 	 PGD Loss 	 PGD Acc
[2025/10/16 06:57:07] - 2.5959 	 	 0.5186 	 2.8843 	 0.2833
[2025/10/16 06:57:46] - 98 	 20.1 	 	 0.0200 	 3.8028 	 0.4732
[2025/10/16 06:57:46] - ==> Building model..
[2025/10/16 06:58:08] - Test Loss 	 Test Acc 	 PGD Loss 	 PGD Acc
[2025/10/16 06:58:08] - 2.5989 	 	 0.5192 	 2.8873 	 0.2837
[2025/10/16 06:58:46] - 99 	 19.5 	 	 0.0200 	 3.7963 	 0.4780
[2025/10/16 06:58:46] - ==> Building model..
[2025/10/16 06:59:04] - Test Loss 	 Test Acc 	 PGD Loss 	 PGD Acc
[2025/10/16 06:59:04] - 2.5989 	 	 0.5192 	 2.8868 	 0.2843
[2025/10/16 06:59:04] - [0.078, 0.1391, 0.183, 0.2369, 0.2788, 0.3085, 0.3517, 0.3786, 0.3985, 0.4105, 0.4275, 0.4366, 0.4475, 0.4551, 0.4577, 0.4648, 0.4701, 0.4755, 0.478, 0.4787, 0.4816, 0.4841, 0.4859, 0.4891, 0.4875, 0.4899, 0.4922, 0.4961, 0.4973, 0.4987, 0.5004, 0.5019, 0.5023, 0.5051, 0.5054, 0.507, 0.5083, 0.5072, 0.5086, 0.5086, 0.5092, 0.51, 0.5116, 0.5145, 0.5147, 0.5151, 0.5144, 0.5168, 0.5173, 0.5165, 0.5171, 0.5161, 0.5184, 0.5183, 0.5188, 0.5201, 0.5204, 0.521, 0.5205, 0.5198, 0.5202, 0.5201, 0.5192, 0.5185, 0.5178, 0.5178, 0.5177, 0.5181, 0.5182, 0.517, 0.5161, 0.5161, 0.5168, 0.5178, 0.5185, 0.5176, 0.5194, 0.5175, 0.5178, 0.5177, 0.518, 0.5178, 0.5187, 0.5176, 0.5185, 0.5183, 0.5173, 0.5181, 0.5177, 0.5181, 0.5197, 0.5199, 0.52, 0.5201, 0.5198, 0.5192, 0.5192, 0.5186, 0.5192, 0.5192]
[2025/10/16 06:59:04] - [0.0547, 0.0912, 0.1154, 0.1401, 0.1657, 0.1767, 0.1935, 0.2049, 0.2152, 0.2235, 0.2306, 0.2354, 0.239, 0.2454, 0.2463, 0.2491, 0.2496, 0.2527, 0.2548, 0.2578, 0.2568, 0.2575, 0.2601, 0.2606, 0.2608, 0.2603, 0.2608, 0.2636, 0.2662, 0.2668, 0.268, 0.2666, 0.2698, 0.2697, 0.2709, 0.2716, 0.2722, 0.2708, 0.2709, 0.2719, 0.2747, 0.2751, 0.2758, 0.2746, 0.2744, 0.2763, 0.276, 0.2768, 0.2766, 0.2764, 0.2786, 0.2799, 0.2798, 0.2808, 0.2801, 0.2804, 0.2802, 0.2809, 0.2811, 0.2813, 0.2801, 0.2802, 0.2809, 0.28, 0.2805, 0.2797, 0.2784, 0.2782, 0.2788, 0.2782, 0.2792, 0.2796, 0.2798, 0.28, 0.2786, 0.279, 0.2797, 0.2789, 0.2802, 0.2808, 0.2812, 0.2833, 0.2831, 0.2829, 0.2837, 0.2837, 0.284, 0.2836, 0.2834, 0.2832, 0.283, 0.2826, 0.2831, 0.2833, 0.2838, 0.283, 0.2836, 0.2833, 0.2837, 0.2843]
