[2025/10/01 10:40:24] - Namespace(batch_size=128, data_dir='cifar-data', epochs=120, lr_schedule='multistep', lr_min=0.0, lr_max=0.1, weight_decay=0.0005, momentum=0.9, model='ResNet18', epsilon=8, alpha=8, delta_init='random', normal_mean=0, normal_std=1, out_dir='./output/CIFAR10/beta_0.6/lam_scale_0.12', seed=0, lamda=12, lam_scale=0.12, lam_max=45, lam_start=40, gamma=0.15, inner_gamma=0.15, beta=0.6, mu=3.5, batch_m=0.75, early_stop=False, factor=0.7, length=4, n_holes=1, c_num=0.125, EMA_value=0.82)
[2025/10/01 10:40:26] - ==> Building model..
[2025/10/01 10:40:27] - Epoch 	 Seconds 	 LR 	 	 Train Loss 	 Train Acc
[2025/10/01 10:41:56] - 0 	 62.5 	 	 0.1000 	 2.2310 	 0.2261
[2025/10/01 10:41:56] - ==> Building model..
[2025/10/01 10:42:43] - Test Loss 	 Test Acc 	 PGD Loss 	 PGD Acc
[2025/10/01 10:42:43] - 1.8363 	 	 0.3955 	 1.8918 	 0.2757
[2025/10/01 10:44:12] - 1 	 61.9 	 	 0.1000 	 2.1350 	 0.3024
[2025/10/01 10:44:12] - ==> Building model..
[2025/10/01 10:44:58] - Test Loss 	 Test Acc 	 PGD Loss 	 PGD Acc
[2025/10/01 10:44:58] - 1.7289 	 	 0.4572 	 1.8020 	 0.3128
[2025/10/01 10:46:24] - 2 	 58.9 	 	 0.1000 	 2.0969 	 0.3416
[2025/10/01 10:46:24] - ==> Building model..
[2025/10/01 10:47:08] - Test Loss 	 Test Acc 	 PGD Loss 	 PGD Acc
[2025/10/01 10:47:08] - 1.6510 	 	 0.5084 	 1.7389 	 0.3382
[2025/10/01 10:48:38] - 3 	 62.8 	 	 0.1000 	 2.0690 	 0.3696
[2025/10/01 10:48:38] - ==> Building model..
[2025/10/01 10:49:24] - Test Loss 	 Test Acc 	 PGD Loss 	 PGD Acc
[2025/10/01 10:49:24] - 1.5892 	 	 0.5511 	 1.6903 	 0.3673
[2025/10/01 10:50:53] - 4 	 61.4 	 	 0.1000 	 2.0432 	 0.3966
[2025/10/01 10:50:53] - ==> Building model..
[2025/10/01 10:51:36] - Test Loss 	 Test Acc 	 PGD Loss 	 PGD Acc
[2025/10/01 10:51:36] - 1.5506 	 	 0.5802 	 1.6608 	 0.3895
[2025/10/01 10:53:05] - 5 	 62.3 	 	 0.1000 	 2.0207 	 0.4183
[2025/10/01 10:53:05] - ==> Building model..
[2025/10/01 10:53:52] - Test Loss 	 Test Acc 	 PGD Loss 	 PGD Acc
[2025/10/01 10:53:52] - 1.5296 	 	 0.6035 	 1.6462 	 0.4129
[2025/10/01 10:55:20] - 6 	 60.9 	 	 0.1000 	 1.9988 	 0.4419
[2025/10/01 10:55:20] - ==> Building model..
[2025/10/01 10:56:08] - Test Loss 	 Test Acc 	 PGD Loss 	 PGD Acc
[2025/10/01 10:56:08] - 1.5088 	 	 0.6267 	 1.6313 	 0.4291
[2025/10/01 10:57:35] - 7 	 58.9 	 	 0.1000 	 1.9835 	 0.4550
[2025/10/01 10:57:35] - ==> Building model..
[2025/10/01 10:58:21] - Test Loss 	 Test Acc 	 PGD Loss 	 PGD Acc
[2025/10/01 10:58:21] - 1.5024 	 	 0.6341 	 1.6264 	 0.4383
[2025/10/01 10:59:50] - 8 	 62.4 	 	 0.1000 	 1.9698 	 0.4685
[2025/10/01 10:59:50] - ==> Building model..
[2025/10/01 11:00:34] - Test Loss 	 Test Acc 	 PGD Loss 	 PGD Acc
[2025/10/01 11:00:34] - 1.4960 	 	 0.6469 	 1.6223 	 0.4507
[2025/10/01 11:02:01] - 9 	 59.5 	 	 0.1000 	 1.9565 	 0.4818
[2025/10/01 11:02:01] - ==> Building model..
[2025/10/01 11:02:47] - Test Loss 	 Test Acc 	 PGD Loss 	 PGD Acc
[2025/10/01 11:02:47] - 1.4997 	 	 0.6526 	 1.6262 	 0.4569
[2025/10/01 11:04:17] - 10 	 62.4 	 	 0.1000 	 1.9468 	 0.4908
[2025/10/01 11:04:17] - ==> Building model..
[2025/10/01 11:05:03] - Test Loss 	 Test Acc 	 PGD Loss 	 PGD Acc
[2025/10/01 11:05:03] - 1.4993 	 	 0.6581 	 1.6260 	 0.4648
[2025/10/01 11:06:32] - 11 	 61.8 	 	 0.1000 	 1.9394 	 0.5014
[2025/10/01 11:06:32] - ==> Building model..
[2025/10/01 11:07:12] - Test Loss 	 Test Acc 	 PGD Loss 	 PGD Acc
[2025/10/01 11:07:12] - 1.4867 	 	 0.6718 	 1.6164 	 0.4730
[2025/10/01 11:08:42] - 12 	 62.6 	 	 0.1000 	 1.9343 	 0.5060
[2025/10/01 11:08:42] - ==> Building model..
[2025/10/01 11:09:28] - Test Loss 	 Test Acc 	 PGD Loss 	 PGD Acc
[2025/10/01 11:09:28] - 1.4491 	 	 0.6832 	 1.5850 	 0.4826
[2025/10/01 11:10:57] - 13 	 61.5 	 	 0.1000 	 1.9285 	 0.5103
[2025/10/01 11:10:57] - ==> Building model..
[2025/10/01 11:11:44] - Test Loss 	 Test Acc 	 PGD Loss 	 PGD Acc
[2025/10/01 11:11:44] - 1.4070 	 	 0.6952 	 1.5514 	 0.4895
[2025/10/01 11:13:10] - 14 	 58.5 	 	 0.1000 	 1.9205 	 0.5208
[2025/10/01 11:13:10] - ==> Building model..
[2025/10/01 11:13:56] - Test Loss 	 Test Acc 	 PGD Loss 	 PGD Acc
[2025/10/01 11:13:56] - 1.3654 	 	 0.7063 	 1.5179 	 0.4950
[2025/10/01 11:15:25] - 15 	 62.2 	 	 0.1000 	 1.9183 	 0.5220
[2025/10/01 11:15:25] - ==> Building model..
[2025/10/01 11:16:09] - Test Loss 	 Test Acc 	 PGD Loss 	 PGD Acc
[2025/10/01 11:16:09] - 1.3318 	 	 0.7148 	 1.4909 	 0.5010
[2025/10/01 11:17:36] - 16 	 59.3 	 	 0.1000 	 1.9130 	 0.5237
[2025/10/01 11:17:36] - ==> Building model..
[2025/10/01 11:18:22] - Test Loss 	 Test Acc 	 PGD Loss 	 PGD Acc
[2025/10/01 11:18:22] - 1.3044 	 	 0.7211 	 1.4690 	 0.5079
[2025/10/01 11:19:52] - 17 	 62.6 	 	 0.1000 	 1.9082 	 0.5331
[2025/10/01 11:19:52] - ==> Building model..
[2025/10/01 11:20:38] - Test Loss 	 Test Acc 	 PGD Loss 	 PGD Acc
[2025/10/01 11:20:38] - 1.2856 	 	 0.7274 	 1.4541 	 0.5118
[2025/10/01 11:22:06] - 18 	 58.4 	 	 0.1000 	 1.9065 	 0.5348
[2025/10/01 11:22:06] - ==> Building model..
[2025/10/01 11:22:52] - Test Loss 	 Test Acc 	 PGD Loss 	 PGD Acc
[2025/10/01 11:22:52] - 1.2714 	 	 0.7328 	 1.4425 	 0.5145
[2025/10/01 11:24:27] - 19 	 62.8 	 	 0.1000 	 1.9002 	 0.5395
[2025/10/01 11:24:27] - ==> Building model..
[2025/10/01 11:25:14] - Test Loss 	 Test Acc 	 PGD Loss 	 PGD Acc
[2025/10/01 11:25:14] - 1.2609 	 	 0.7357 	 1.4342 	 0.5197
[2025/10/01 11:26:47] - 20 	 62.2 	 	 0.1000 	 1.8987 	 0.5391
[2025/10/01 11:26:47] - ==> Building model..
[2025/10/01 11:27:28] - Test Loss 	 Test Acc 	 PGD Loss 	 PGD Acc
[2025/10/01 11:27:28] - 1.2523 	 	 0.7379 	 1.4270 	 0.5213
[2025/10/01 11:29:02] - 21 	 62.7 	 	 0.1000 	 1.8959 	 0.5441
[2025/10/01 11:29:02] - ==> Building model..
[2025/10/01 11:29:48] - Test Loss 	 Test Acc 	 PGD Loss 	 PGD Acc
[2025/10/01 11:29:48] - 1.2451 	 	 0.7392 	 1.4211 	 0.5221
[2025/10/01 11:31:21] - 22 	 61.8 	 	 0.1000 	 1.8953 	 0.5446
[2025/10/01 11:31:21] - ==> Building model..
[2025/10/01 11:32:05] - Test Loss 	 Test Acc 	 PGD Loss 	 PGD Acc
[2025/10/01 11:32:05] - 1.2394 	 	 0.7430 	 1.4166 	 0.5246
[2025/10/01 11:33:40] - 23 	 63.4 	 	 0.1000 	 1.8921 	 0.5494
[2025/10/01 11:33:40] - ==> Building model..
[2025/10/01 11:34:27] - Test Loss 	 Test Acc 	 PGD Loss 	 PGD Acc
[2025/10/01 11:34:27] - 1.2337 	 	 0.7435 	 1.4120 	 0.5271
[2025/10/01 11:35:59] - 24 	 61.3 	 	 0.1000 	 1.8895 	 0.5510
[2025/10/01 11:35:59] - ==> Building model..
[2025/10/01 11:36:47] - Test Loss 	 Test Acc 	 PGD Loss 	 PGD Acc
[2025/10/01 11:36:47] - 1.2286 	 	 0.7467 	 1.4080 	 0.5292
[2025/10/01 11:38:17] - 25 	 58.7 	 	 0.1000 	 1.8859 	 0.5557
[2025/10/01 11:38:17] - ==> Building model..
[2025/10/01 11:39:04] - Test Loss 	 Test Acc 	 PGD Loss 	 PGD Acc
[2025/10/01 11:39:04] - 1.2244 	 	 0.7480 	 1.4047 	 0.5319
[2025/10/01 11:40:38] - 26 	 62.0 	 	 0.1000 	 1.8843 	 0.5527
[2025/10/01 11:40:38] - ==> Building model..
[2025/10/01 11:41:25] - Test Loss 	 Test Acc 	 PGD Loss 	 PGD Acc
[2025/10/01 11:41:25] - 1.2217 	 	 0.7489 	 1.4019 	 0.5339
[2025/10/01 11:42:56] - 27 	 59.7 	 	 0.1000 	 1.8833 	 0.5562
[2025/10/01 11:42:56] - ==> Building model..
[2025/10/01 11:43:43] - Test Loss 	 Test Acc 	 PGD Loss 	 PGD Acc
[2025/10/01 11:43:43] - 1.2184 	 	 0.7509 	 1.3988 	 0.5341
[2025/10/01 11:45:17] - 28 	 62.9 	 	 0.1000 	 1.8810 	 0.5578
[2025/10/01 11:45:17] - ==> Building model..
[2025/10/01 11:46:00] - Test Loss 	 Test Acc 	 PGD Loss 	 PGD Acc
[2025/10/01 11:46:00] - 1.2159 	 	 0.7517 	 1.3975 	 0.5361
[2025/10/01 11:47:33] - 29 	 60.2 	 	 0.1000 	 1.8795 	 0.5621
[2025/10/01 11:47:33] - ==> Building model..
[2025/10/01 11:48:20] - Test Loss 	 Test Acc 	 PGD Loss 	 PGD Acc
[2025/10/01 11:48:20] - 1.2123 	 	 0.7547 	 1.3952 	 0.5379
[2025/10/01 11:49:55] - 30 	 62.7 	 	 0.1000 	 1.8798 	 0.5626
[2025/10/01 11:49:55] - ==> Building model..
[2025/10/01 11:50:42] - Test Loss 	 Test Acc 	 PGD Loss 	 PGD Acc
[2025/10/01 11:50:42] - 1.2101 	 	 0.7562 	 1.3937 	 0.5402
[2025/10/01 11:52:13] - 31 	 58.8 	 	 0.1000 	 1.8774 	 0.5623
[2025/10/01 11:52:13] - ==> Building model..
[2025/10/01 11:53:00] - Test Loss 	 Test Acc 	 PGD Loss 	 PGD Acc
[2025/10/01 11:53:00] - 1.2069 	 	 0.7563 	 1.3912 	 0.5403
[2025/10/01 11:54:35] - 32 	 63.1 	 	 0.1000 	 1.8761 	 0.5638
[2025/10/01 11:54:35] - ==> Building model..
[2025/10/01 11:55:22] - Test Loss 	 Test Acc 	 PGD Loss 	 PGD Acc
[2025/10/01 11:55:22] - 1.2022 	 	 0.7583 	 1.3876 	 0.5414
[2025/10/01 11:56:54] - 33 	 61.1 	 	 0.1000 	 1.8758 	 0.5631
[2025/10/01 11:56:54] - ==> Building model..
[2025/10/01 11:57:35] - Test Loss 	 Test Acc 	 PGD Loss 	 PGD Acc
[2025/10/01 11:57:35] - 1.1999 	 	 0.7613 	 1.3866 	 0.5424
[2025/10/01 11:59:10] - 34 	 62.9 	 	 0.1000 	 1.8728 	 0.5655
[2025/10/01 11:59:10] - ==> Building model..
[2025/10/01 11:59:56] - Test Loss 	 Test Acc 	 PGD Loss 	 PGD Acc
[2025/10/01 11:59:56] - 1.1964 	 	 0.7632 	 1.3840 	 0.5431
[2025/10/01 12:01:28] - 35 	 61.5 	 	 0.1000 	 1.8728 	 0.5674
[2025/10/01 12:01:28] - ==> Building model..
[2025/10/01 12:02:09] - Test Loss 	 Test Acc 	 PGD Loss 	 PGD Acc
[2025/10/01 12:02:09] - 1.1939 	 	 0.7640 	 1.3818 	 0.5448
[2025/10/01 12:03:43] - 36 	 62.8 	 	 0.1000 	 1.8728 	 0.5668
[2025/10/01 12:03:43] - ==> Building model..
[2025/10/01 12:04:30] - Test Loss 	 Test Acc 	 PGD Loss 	 PGD Acc
[2025/10/01 12:04:30] - 1.1907 	 	 0.7660 	 1.3799 	 0.5476
[2025/10/01 12:06:02] - 37 	 61.1 	 	 0.1000 	 1.8707 	 0.5699
[2025/10/01 12:06:02] - ==> Building model..
[2025/10/01 12:06:51] - Test Loss 	 Test Acc 	 PGD Loss 	 PGD Acc
[2025/10/01 12:06:51] - 1.1875 	 	 0.7663 	 1.3772 	 0.5488
[2025/10/01 12:08:22] - 38 	 59.3 	 	 0.1000 	 1.8706 	 0.5700
[2025/10/01 12:08:22] - ==> Building model..
[2025/10/01 12:09:08] - Test Loss 	 Test Acc 	 PGD Loss 	 PGD Acc
[2025/10/01 12:09:08] - 1.1857 	 	 0.7691 	 1.3757 	 0.5473
[2025/10/01 12:10:40] - 39 	 61.3 	 	 0.1000 	 1.8672 	 0.5722
[2025/10/01 12:10:40] - ==> Building model..
[2025/10/01 12:11:27] - Test Loss 	 Test Acc 	 PGD Loss 	 PGD Acc
[2025/10/01 12:11:27] - 1.1816 	 	 0.7695 	 1.3720 	 0.5498
[2025/10/01 12:12:57] - 40 	 59.1 	 	 0.1000 	 1.8698 	 0.5687
[2025/10/01 12:12:57] - ==> Building model..
[2025/10/01 12:13:44] - Test Loss 	 Test Acc 	 PGD Loss 	 PGD Acc
[2025/10/01 12:13:44] - 1.1815 	 	 0.7699 	 1.3721 	 0.5497
[2025/10/01 12:15:17] - 41 	 62.7 	 	 0.1000 	 1.8668 	 0.5714
[2025/10/01 12:15:17] - ==> Building model..
[2025/10/01 12:16:01] - Test Loss 	 Test Acc 	 PGD Loss 	 PGD Acc
[2025/10/01 12:16:01] - 1.1808 	 	 0.7713 	 1.3723 	 0.5505
[2025/10/01 12:17:31] - 42 	 60.0 	 	 0.1000 	 1.8670 	 0.5733
[2025/10/01 12:17:31] - ==> Building model..
[2025/10/01 12:18:18] - Test Loss 	 Test Acc 	 PGD Loss 	 PGD Acc
[2025/10/01 12:18:18] - 1.1809 	 	 0.7708 	 1.3724 	 0.5509
[2025/10/01 12:19:53] - 43 	 63.1 	 	 0.1000 	 1.8688 	 0.5736
[2025/10/01 12:19:53] - ==> Building model..
[2025/10/01 12:20:40] - Test Loss 	 Test Acc 	 PGD Loss 	 PGD Acc
[2025/10/01 12:20:40] - 1.1810 	 	 0.7708 	 1.3722 	 0.5510
[2025/10/01 12:22:10] - 44 	 58.6 	 	 0.1000 	 1.8700 	 0.5740
[2025/10/01 12:22:10] - ==> Building model..
[2025/10/01 12:22:57] - Test Loss 	 Test Acc 	 PGD Loss 	 PGD Acc
[2025/10/01 12:22:57] - 1.1816 	 	 0.7732 	 1.3727 	 0.5523
[2025/10/01 12:24:32] - 45 	 63.2 	 	 0.1000 	 1.8711 	 0.5730
[2025/10/01 12:24:32] - ==> Building model..
[2025/10/01 12:25:19] - Test Loss 	 Test Acc 	 PGD Loss 	 PGD Acc
[2025/10/01 12:25:19] - 1.1821 	 	 0.7742 	 1.3732 	 0.5528
[2025/10/01 12:26:52] - 46 	 62.3 	 	 0.1000 	 1.8699 	 0.5752
[2025/10/01 12:26:52] - ==> Building model..
[2025/10/01 12:27:32] - Test Loss 	 Test Acc 	 PGD Loss 	 PGD Acc
[2025/10/01 12:27:32] - 1.1839 	 	 0.7745 	 1.3748 	 0.5544
[2025/10/01 12:29:07] - 47 	 62.8 	 	 0.1000 	 1.8725 	 0.5745
[2025/10/01 12:29:07] - ==> Building model..
[2025/10/01 12:29:54] - Test Loss 	 Test Acc 	 PGD Loss 	 PGD Acc
[2025/10/01 12:29:54] - 1.1858 	 	 0.7744 	 1.3761 	 0.5542
[2025/10/01 12:31:27] - 48 	 62.1 	 	 0.1000 	 1.8740 	 0.5727
[2025/10/01 12:31:27] - ==> Building model..
[2025/10/01 12:32:10] - Test Loss 	 Test Acc 	 PGD Loss 	 PGD Acc
[2025/10/01 12:32:10] - 1.1892 	 	 0.7725 	 1.3786 	 0.5548
[2025/10/01 12:33:44] - 49 	 63.1 	 	 0.1000 	 1.8743 	 0.5748
[2025/10/01 12:33:44] - ==> Building model..
[2025/10/01 12:34:31] - Test Loss 	 Test Acc 	 PGD Loss 	 PGD Acc
[2025/10/01 12:34:31] - 1.1927 	 	 0.7721 	 1.3816 	 0.5551
[2025/10/01 12:36:04] - 50 	 61.6 	 	 0.1000 	 1.8753 	 0.5755
[2025/10/01 12:36:04] - ==> Building model..
[2025/10/01 12:36:52] - Test Loss 	 Test Acc 	 PGD Loss 	 PGD Acc
[2025/10/01 12:36:52] - 1.1938 	 	 0.7729 	 1.3822 	 0.5552
[2025/10/01 12:38:24] - 51 	 59.9 	 	 0.1000 	 1.8776 	 0.5753
[2025/10/01 12:38:24] - ==> Building model..
[2025/10/01 12:39:11] - Test Loss 	 Test Acc 	 PGD Loss 	 PGD Acc
[2025/10/01 12:39:11] - 1.1963 	 	 0.7733 	 1.3833 	 0.5583
[2025/10/01 12:40:44] - 52 	 61.6 	 	 0.1000 	 1.8763 	 0.5769
[2025/10/01 12:40:44] - ==> Building model..
[2025/10/01 12:41:32] - Test Loss 	 Test Acc 	 PGD Loss 	 PGD Acc
[2025/10/01 12:41:32] - 1.1983 	 	 0.7734 	 1.3846 	 0.5589
[2025/10/01 12:43:02] - 53 	 58.7 	 	 0.1000 	 1.8787 	 0.5771
[2025/10/01 12:43:02] - ==> Building model..
[2025/10/01 12:43:48] - Test Loss 	 Test Acc 	 PGD Loss 	 PGD Acc
[2025/10/01 12:43:48] - 1.2008 	 	 0.7707 	 1.3859 	 0.5582
[2025/10/01 12:45:22] - 54 	 62.7 	 	 0.1000 	 1.8813 	 0.5756
[2025/10/01 12:45:22] - ==> Building model..
[2025/10/01 12:46:07] - Test Loss 	 Test Acc 	 PGD Loss 	 PGD Acc
[2025/10/01 12:46:07] - 1.2047 	 	 0.7708 	 1.3888 	 0.5584
[2025/10/01 12:47:37] - 55 	 59.5 	 	 0.1000 	 1.8801 	 0.5746
[2025/10/01 12:47:37] - ==> Building model..
[2025/10/01 12:48:24] - Test Loss 	 Test Acc 	 PGD Loss 	 PGD Acc
[2025/10/01 12:48:24] - 1.2086 	 	 0.7722 	 1.3918 	 0.5607
[2025/10/01 12:49:58] - 56 	 62.5 	 	 0.1000 	 1.8824 	 0.5759
[2025/10/01 12:49:58] - ==> Building model..
[2025/10/01 12:50:43] - Test Loss 	 Test Acc 	 PGD Loss 	 PGD Acc
[2025/10/01 12:50:43] - 1.2128 	 	 0.7697 	 1.3947 	 0.5613
[2025/10/01 12:52:14] - 57 	 60.2 	 	 0.1000 	 1.8813 	 0.5753
[2025/10/01 12:52:14] - ==> Building model..
[2025/10/01 12:53:01] - Test Loss 	 Test Acc 	 PGD Loss 	 PGD Acc
[2025/10/01 12:53:01] - 1.2135 	 	 0.7697 	 1.3951 	 0.5601
[2025/10/01 12:54:35] - 58 	 62.7 	 	 0.1000 	 1.8802 	 0.5774
[2025/10/01 12:54:35] - ==> Building model..
[2025/10/01 12:55:21] - Test Loss 	 Test Acc 	 PGD Loss 	 PGD Acc
[2025/10/01 12:55:21] - 1.2156 	 	 0.7704 	 1.3968 	 0.5594
[2025/10/01 12:56:53] - 59 	 59.8 	 	 0.1000 	 1.8831 	 0.5727
[2025/10/01 12:56:53] - ==> Building model..
[2025/10/01 12:57:40] - Test Loss 	 Test Acc 	 PGD Loss 	 PGD Acc
[2025/10/01 12:57:40] - 1.2175 	 	 0.7697 	 1.3983 	 0.5615
[2025/10/01 12:59:15] - 60 	 63.1 	 	 0.1000 	 1.8815 	 0.5748
[2025/10/01 12:59:15] - ==> Building model..
[2025/10/01 13:00:02] - Test Loss 	 Test Acc 	 PGD Loss 	 PGD Acc
[2025/10/01 13:00:02] - 1.2174 	 	 0.7700 	 1.3984 	 0.5614
[2025/10/01 13:01:37] - 61 	 62.2 	 	 0.1000 	 1.8826 	 0.5756
[2025/10/01 13:01:37] - ==> Building model..
[2025/10/01 13:02:18] - Test Loss 	 Test Acc 	 PGD Loss 	 PGD Acc
[2025/10/01 13:02:18] - 1.2185 	 	 0.7702 	 1.3989 	 0.5607
[2025/10/01 13:03:52] - 62 	 62.8 	 	 0.1000 	 1.8800 	 0.5760
[2025/10/01 13:03:52] - ==> Building model..
[2025/10/01 13:04:39] - Test Loss 	 Test Acc 	 PGD Loss 	 PGD Acc
[2025/10/01 13:04:39] - 1.2180 	 	 0.7715 	 1.3986 	 0.5605
[2025/10/01 13:06:11] - 63 	 61.7 	 	 0.1000 	 1.8811 	 0.5772
[2025/10/01 13:06:11] - ==> Building model..
[2025/10/01 13:06:55] - Test Loss 	 Test Acc 	 PGD Loss 	 PGD Acc
[2025/10/01 13:06:55] - 1.2181 	 	 0.7702 	 1.3985 	 0.5610
[2025/10/01 13:08:29] - 64 	 62.9 	 	 0.1000 	 1.8817 	 0.5750
[2025/10/01 13:08:29] - ==> Building model..
[2025/10/01 13:09:16] - Test Loss 	 Test Acc 	 PGD Loss 	 PGD Acc
[2025/10/01 13:09:16] - 1.2180 	 	 0.7712 	 1.3987 	 0.5617
[2025/10/01 13:10:48] - 65 	 61.0 	 	 0.1000 	 1.8810 	 0.5772
[2025/10/01 13:10:48] - ==> Building model..
[2025/10/01 13:11:36] - Test Loss 	 Test Acc 	 PGD Loss 	 PGD Acc
[2025/10/01 13:11:36] - 1.2177 	 	 0.7704 	 1.3986 	 0.5622
[2025/10/01 13:13:09] - 66 	 58.9 	 	 0.1000 	 1.8799 	 0.5765
[2025/10/01 13:13:09] - ==> Building model..
[2025/10/01 13:13:57] - Test Loss 	 Test Acc 	 PGD Loss 	 PGD Acc
[2025/10/01 13:13:57] - 1.2166 	 	 0.7708 	 1.3978 	 0.5640
[2025/10/01 13:15:34] - 67 	 62.0 	 	 0.1000 	 1.8785 	 0.5776
[2025/10/01 13:15:34] - ==> Building model..
[2025/10/01 13:16:24] - Test Loss 	 Test Acc 	 PGD Loss 	 PGD Acc
[2025/10/01 13:16:24] - 1.2153 	 	 0.7702 	 1.3969 	 0.5626
[2025/10/01 13:17:37] - 68 	 37.8 	 	 0.1000 	 1.8781 	 0.5779
[2025/10/01 13:17:37] - ==> Building model..
[2025/10/01 13:18:05] - Test Loss 	 Test Acc 	 PGD Loss 	 PGD Acc
[2025/10/01 13:18:05] - 1.2164 	 	 0.7696 	 1.3977 	 0.5658
[2025/10/01 13:19:10] - 69 	 31.7 	 	 0.1000 	 1.8811 	 0.5755
[2025/10/01 13:19:10] - ==> Building model..
[2025/10/01 13:19:37] - Test Loss 	 Test Acc 	 PGD Loss 	 PGD Acc
[2025/10/01 13:19:37] - 1.2159 	 	 0.7718 	 1.3974 	 0.5667
[2025/10/01 13:20:44] - 70 	 31.5 	 	 0.1000 	 1.8786 	 0.5764
[2025/10/01 13:20:44] - ==> Building model..
[2025/10/01 13:21:11] - Test Loss 	 Test Acc 	 PGD Loss 	 PGD Acc
[2025/10/01 13:21:11] - 1.2155 	 	 0.7708 	 1.3969 	 0.5672
[2025/10/01 13:22:17] - 71 	 31.5 	 	 0.1000 	 1.8771 	 0.5792
[2025/10/01 13:22:17] - ==> Building model..
[2025/10/01 13:22:44] - Test Loss 	 Test Acc 	 PGD Loss 	 PGD Acc
[2025/10/01 13:22:44] - 1.2144 	 	 0.7724 	 1.3964 	 0.5672
[2025/10/01 13:23:51] - 72 	 31.6 	 	 0.1000 	 1.8784 	 0.5787
[2025/10/01 13:23:51] - ==> Building model..
[2025/10/01 13:24:18] - Test Loss 	 Test Acc 	 PGD Loss 	 PGD Acc
[2025/10/01 13:24:18] - 1.2144 	 	 0.7723 	 1.3962 	 0.5669
[2025/10/01 13:25:24] - 73 	 31.6 	 	 0.1000 	 1.8782 	 0.5767
[2025/10/01 13:25:24] - ==> Building model..
[2025/10/01 13:25:52] - Test Loss 	 Test Acc 	 PGD Loss 	 PGD Acc
[2025/10/01 13:25:52] - 1.2134 	 	 0.7736 	 1.3956 	 0.5680
[2025/10/01 13:26:58] - 74 	 31.6 	 	 0.1000 	 1.8782 	 0.5778
[2025/10/01 13:26:58] - ==> Building model..
[2025/10/01 13:27:25] - Test Loss 	 Test Acc 	 PGD Loss 	 PGD Acc
[2025/10/01 13:27:25] - 1.2135 	 	 0.7731 	 1.3955 	 0.5698
[2025/10/01 13:28:32] - 75 	 32.0 	 	 0.1000 	 1.8781 	 0.5773
[2025/10/01 13:28:32] - ==> Building model..
[2025/10/01 13:29:00] - Test Loss 	 Test Acc 	 PGD Loss 	 PGD Acc
[2025/10/01 13:29:00] - 1.2154 	 	 0.7722 	 1.3966 	 0.5694
[2025/10/01 13:30:06] - 76 	 31.8 	 	 0.1000 	 1.8788 	 0.5776
[2025/10/01 13:30:06] - ==> Building model..
[2025/10/01 13:30:34] - Test Loss 	 Test Acc 	 PGD Loss 	 PGD Acc
[2025/10/01 13:30:34] - 1.2161 	 	 0.7720 	 1.3969 	 0.5694
[2025/10/01 13:31:39] - 77 	 31.2 	 	 0.1000 	 1.8780 	 0.5763
[2025/10/01 13:31:39] - ==> Building model..
[2025/10/01 13:32:06] - Test Loss 	 Test Acc 	 PGD Loss 	 PGD Acc
[2025/10/01 13:32:06] - 1.2154 	 	 0.7708 	 1.3964 	 0.5687
[2025/10/01 13:33:12] - 78 	 31.2 	 	 0.1000 	 1.8769 	 0.5794
[2025/10/01 13:33:12] - ==> Building model..
[2025/10/01 13:33:39] - Test Loss 	 Test Acc 	 PGD Loss 	 PGD Acc
[2025/10/01 13:33:39] - 1.2137 	 	 0.7706 	 1.3951 	 0.5699
[2025/10/01 13:34:46] - 79 	 31.5 	 	 0.1000 	 1.8774 	 0.5753
[2025/10/01 13:34:46] - ==> Building model..
[2025/10/01 13:35:13] - Test Loss 	 Test Acc 	 PGD Loss 	 PGD Acc
[2025/10/01 13:35:13] - 1.2129 	 	 0.7710 	 1.3943 	 0.5683
[2025/10/01 13:36:21] - 80 	 32.0 	 	 0.1000 	 1.8773 	 0.5754
[2025/10/01 13:36:21] - ==> Building model..
[2025/10/01 13:36:49] - Test Loss 	 Test Acc 	 PGD Loss 	 PGD Acc
[2025/10/01 13:36:49] - 1.2121 	 	 0.7730 	 1.3934 	 0.5689
[2025/10/01 13:37:54] - 81 	 31.7 	 	 0.1000 	 1.8755 	 0.5779
[2025/10/01 13:37:54] - ==> Building model..
[2025/10/01 13:38:21] - Test Loss 	 Test Acc 	 PGD Loss 	 PGD Acc
[2025/10/01 13:38:21] - 1.2122 	 	 0.7747 	 1.3939 	 0.5684
[2025/10/01 13:39:28] - 82 	 31.3 	 	 0.1000 	 1.8770 	 0.5764
[2025/10/01 13:39:28] - ==> Building model..
[2025/10/01 13:39:55] - Test Loss 	 Test Acc 	 PGD Loss 	 PGD Acc
[2025/10/01 13:39:55] - 1.2131 	 	 0.7751 	 1.3949 	 0.5698
[2025/10/01 13:41:02] - 83 	 31.7 	 	 0.1000 	 1.8775 	 0.5772
[2025/10/01 13:41:02] - ==> Building model..
[2025/10/01 13:41:29] - Test Loss 	 Test Acc 	 PGD Loss 	 PGD Acc
[2025/10/01 13:41:29] - 1.2146 	 	 0.7745 	 1.3959 	 0.5705
[2025/10/01 13:42:36] - 84 	 32.1 	 	 0.1000 	 1.8757 	 0.5761
[2025/10/01 13:42:36] - ==> Building model..
[2025/10/01 13:43:04] - Test Loss 	 Test Acc 	 PGD Loss 	 PGD Acc
[2025/10/01 13:43:04] - 1.2156 	 	 0.7747 	 1.3969 	 0.5714
[2025/10/01 13:44:09] - 85 	 31.7 	 	 0.1000 	 1.8778 	 0.5763
[2025/10/01 13:44:09] - ==> Building model..
[2025/10/01 13:44:37] - Test Loss 	 Test Acc 	 PGD Loss 	 PGD Acc
[2025/10/01 13:44:37] - 1.2168 	 	 0.7744 	 1.3974 	 0.5712
[2025/10/01 13:45:44] - 86 	 31.6 	 	 0.1000 	 1.8774 	 0.5742
[2025/10/01 13:45:44] - ==> Building model..
[2025/10/01 13:46:11] - Test Loss 	 Test Acc 	 PGD Loss 	 PGD Acc
[2025/10/01 13:46:11] - 1.2177 	 	 0.7726 	 1.3980 	 0.5706
[2025/10/01 13:47:17] - 87 	 31.4 	 	 0.1000 	 1.8773 	 0.5746
[2025/10/01 13:47:17] - ==> Building model..
[2025/10/01 13:47:44] - Test Loss 	 Test Acc 	 PGD Loss 	 PGD Acc
[2025/10/01 13:47:44] - 1.2176 	 	 0.7744 	 1.3977 	 0.5717
[2025/10/01 13:48:51] - 88 	 31.5 	 	 0.1000 	 1.8796 	 0.5732
[2025/10/01 13:48:51] - ==> Building model..
[2025/10/01 13:49:18] - Test Loss 	 Test Acc 	 PGD Loss 	 PGD Acc
[2025/10/01 13:49:18] - 1.2202 	 	 0.7734 	 1.3994 	 0.5720
[2025/10/01 13:50:24] - 89 	 31.4 	 	 0.1000 	 1.8753 	 0.5740
[2025/10/01 13:50:24] - ==> Building model..
[2025/10/01 13:50:51] - Test Loss 	 Test Acc 	 PGD Loss 	 PGD Acc
[2025/10/01 13:50:51] - 1.2197 	 	 0.7741 	 1.3990 	 0.5709
[2025/10/01 13:51:57] - 90 	 31.6 	 	 0.1000 	 1.8772 	 0.5741
[2025/10/01 13:51:57] - ==> Building model..
[2025/10/01 13:52:24] - Test Loss 	 Test Acc 	 PGD Loss 	 PGD Acc
[2025/10/01 13:52:24] - 1.2212 	 	 0.7745 	 1.3995 	 0.5695
[2025/10/01 13:53:29] - 91 	 31.4 	 	 0.1000 	 1.8757 	 0.5708
[2025/10/01 13:53:29] - ==> Building model..
[2025/10/01 13:53:56] - Test Loss 	 Test Acc 	 PGD Loss 	 PGD Acc
[2025/10/01 13:53:56] - 1.2212 	 	 0.7739 	 1.3994 	 0.5714
[2025/10/01 13:54:59] - 92 	 31.1 	 	 0.1000 	 1.8767 	 0.5703
[2025/10/01 13:54:59] - ==> Building model..
[2025/10/01 13:55:26] - Test Loss 	 Test Acc 	 PGD Loss 	 PGD Acc
[2025/10/01 13:55:26] - 1.2221 	 	 0.7727 	 1.4001 	 0.5726
[2025/10/01 13:56:32] - 93 	 31.4 	 	 0.1000 	 1.8748 	 0.5712
[2025/10/01 13:56:32] - ==> Building model..
[2025/10/01 13:56:59] - Test Loss 	 Test Acc 	 PGD Loss 	 PGD Acc
[2025/10/01 13:56:59] - 1.2213 	 	 0.7732 	 1.3994 	 0.5729
[2025/10/01 13:58:07] - 94 	 32.1 	 	 0.1000 	 1.8765 	 0.5721
[2025/10/01 13:58:07] - ==> Building model..
[2025/10/01 13:58:35] - Test Loss 	 Test Acc 	 PGD Loss 	 PGD Acc
[2025/10/01 13:58:35] - 1.2222 	 	 0.7720 	 1.4005 	 0.5724
[2025/10/01 13:59:42] - 95 	 32.0 	 	 0.1000 	 1.8756 	 0.5737
[2025/10/01 13:59:42] - ==> Building model..
[2025/10/01 14:00:10] - Test Loss 	 Test Acc 	 PGD Loss 	 PGD Acc
[2025/10/01 14:00:10] - 1.2206 	 	 0.7722 	 1.4000 	 0.5723
[2025/10/01 14:01:18] - 96 	 32.0 	 	 0.1000 	 1.8752 	 0.5733
[2025/10/01 14:01:18] - ==> Building model..
[2025/10/01 14:01:46] - Test Loss 	 Test Acc 	 PGD Loss 	 PGD Acc
[2025/10/01 14:01:46] - 1.2211 	 	 0.7730 	 1.4006 	 0.5731
[2025/10/01 14:02:55] - 97 	 32.3 	 	 0.1000 	 1.8750 	 0.5743
[2025/10/01 14:02:55] - ==> Building model..
[2025/10/01 14:03:22] - Test Loss 	 Test Acc 	 PGD Loss 	 PGD Acc
[2025/10/01 14:03:22] - 1.2192 	 	 0.7753 	 1.3999 	 0.5752
[2025/10/01 14:04:31] - 98 	 32.3 	 	 0.1000 	 1.8739 	 0.5741
[2025/10/01 14:04:31] - ==> Building model..
[2025/10/01 14:04:59] - Test Loss 	 Test Acc 	 PGD Loss 	 PGD Acc
[2025/10/01 14:04:59] - 1.2185 	 	 0.7752 	 1.3993 	 0.5736
[2025/10/01 14:06:07] - 99 	 32.0 	 	 0.1000 	 1.8752 	 0.5728
[2025/10/01 14:06:07] - ==> Building model..
[2025/10/01 14:06:34] - Test Loss 	 Test Acc 	 PGD Loss 	 PGD Acc
[2025/10/01 14:06:34] - 1.2184 	 	 0.7757 	 1.3992 	 0.5749
[2025/10/01 14:07:43] - 100 	 32.2 	 	 0.1000 	 1.8735 	 0.5740
[2025/10/01 14:07:43] - ==> Building model..
[2025/10/01 14:08:10] - Test Loss 	 Test Acc 	 PGD Loss 	 PGD Acc
[2025/10/01 14:08:10] - 1.2183 	 	 0.7740 	 1.3994 	 0.5732
[2025/10/01 14:09:18] - 101 	 32.0 	 	 0.1000 	 1.8748 	 0.5707
[2025/10/01 14:09:18] - ==> Building model..
[2025/10/01 14:09:45] - Test Loss 	 Test Acc 	 PGD Loss 	 PGD Acc
[2025/10/01 14:09:45] - 1.2182 	 	 0.7743 	 1.3991 	 0.5758
[2025/10/01 14:10:52] - 102 	 31.8 	 	 0.1000 	 1.8737 	 0.5750
[2025/10/01 14:10:52] - ==> Building model..
[2025/10/01 14:11:19] - Test Loss 	 Test Acc 	 PGD Loss 	 PGD Acc
[2025/10/01 14:11:19] - 1.2168 	 	 0.7749 	 1.3974 	 0.5757
[2025/10/01 14:12:27] - 103 	 32.0 	 	 0.1000 	 1.8747 	 0.5729
[2025/10/01 14:12:27] - ==> Building model..
[2025/10/01 14:12:54] - Test Loss 	 Test Acc 	 PGD Loss 	 PGD Acc
[2025/10/01 14:12:54] - 1.2176 	 	 0.7745 	 1.3989 	 0.5738
[2025/10/01 14:14:04] - 104 	 32.6 	 	 0.1000 	 1.8743 	 0.5754
[2025/10/01 14:14:04] - ==> Building model..
[2025/10/01 14:14:32] - Test Loss 	 Test Acc 	 PGD Loss 	 PGD Acc
[2025/10/01 14:14:32] - 1.2188 	 	 0.7735 	 1.3995 	 0.5725
[2025/10/01 14:15:40] - 105 	 32.3 	 	 0.1000 	 1.8742 	 0.5740
[2025/10/01 14:15:40] - ==> Building model..
[2025/10/01 14:16:08] - Test Loss 	 Test Acc 	 PGD Loss 	 PGD Acc
[2025/10/01 14:16:08] - 1.2171 	 	 0.7752 	 1.3988 	 0.5734
[2025/10/01 14:17:16] - 106 	 32.2 	 	 0.1000 	 1.8736 	 0.5752
[2025/10/01 14:17:16] - ==> Building model..
[2025/10/01 14:17:44] - Test Loss 	 Test Acc 	 PGD Loss 	 PGD Acc
[2025/10/01 14:17:44] - 1.2160 	 	 0.7767 	 1.3984 	 0.5737
[2025/10/01 14:18:50] - 107 	 31.7 	 	 0.1000 	 1.8728 	 0.5742
[2025/10/01 14:18:50] - ==> Building model..
[2025/10/01 14:19:18] - Test Loss 	 Test Acc 	 PGD Loss 	 PGD Acc
[2025/10/01 14:19:18] - 1.2161 	 	 0.7751 	 1.3985 	 0.5750
[2025/10/01 14:20:25] - 108 	 31.6 	 	 0.1000 	 1.8736 	 0.5754
[2025/10/01 14:20:25] - ==> Building model..
[2025/10/01 14:20:52] - Test Loss 	 Test Acc 	 PGD Loss 	 PGD Acc
[2025/10/01 14:20:52] - 1.2155 	 	 0.7739 	 1.3982 	 0.5745
[2025/10/01 14:22:00] - 109 	 31.4 	 	 0.0100 	 1.8208 	 0.6241
[2025/10/01 14:22:00] - ==> Building model..
[2025/10/01 14:22:28] - Test Loss 	 Test Acc 	 PGD Loss 	 PGD Acc
[2025/10/01 14:22:28] - 1.2012 	 	 0.7816 	 1.3882 	 0.5748
[2025/10/01 14:23:33] - 110 	 30.2 	 	 0.0100 	 1.7633 	 0.6735
[2025/10/01 14:23:33] - ==> Building model..
[2025/10/01 14:24:00] - Test Loss 	 Test Acc 	 PGD Loss 	 PGD Acc
[2025/10/01 14:24:00] - 1.1805 	 	 0.7896 	 1.3736 	 0.5741
[2025/10/01 14:25:05] - 111 	 30.0 	 	 0.0100 	 1.7473 	 0.6884
[2025/10/01 14:25:05] - ==> Building model..
[2025/10/01 14:25:31] - Test Loss 	 Test Acc 	 PGD Loss 	 PGD Acc
[2025/10/01 14:25:31] - 1.1662 	 	 0.7944 	 1.3641 	 0.5766
[2025/10/01 14:26:37] - 112 	 29.9 	 	 0.0100 	 1.7366 	 0.6956
[2025/10/01 14:26:37] - ==> Building model..
[2025/10/01 14:27:04] - Test Loss 	 Test Acc 	 PGD Loss 	 PGD Acc
[2025/10/01 14:27:04] - 1.1547 	 	 0.7986 	 1.3565 	 0.5776
[2025/10/01 14:28:11] - 113 	 29.8 	 	 0.0100 	 1.7286 	 0.7045
[2025/10/01 14:28:11] - ==> Building model..
[2025/10/01 14:28:38] - Test Loss 	 Test Acc 	 PGD Loss 	 PGD Acc
[2025/10/01 14:28:38] - 1.1468 	 	 0.8031 	 1.3518 	 0.5801
[2025/10/01 14:29:43] - 114 	 29.4 	 	 0.0010 	 1.7134 	 0.7169
[2025/10/01 14:29:43] - ==> Building model..
[2025/10/01 14:30:10] - Test Loss 	 Test Acc 	 PGD Loss 	 PGD Acc
[2025/10/01 14:30:10] - 1.1399 	 	 0.8060 	 1.3476 	 0.5818
[2025/10/01 14:31:14] - 115 	 28.8 	 	 0.0010 	 1.6996 	 0.7292
[2025/10/01 14:31:14] - ==> Building model..
[2025/10/01 14:31:42] - Test Loss 	 Test Acc 	 PGD Loss 	 PGD Acc
[2025/10/01 14:31:42] - 1.1335 	 	 0.8082 	 1.3435 	 0.5830
[2025/10/01 14:32:47] - 116 	 29.1 	 	 0.0010 	 1.6963 	 0.7286
[2025/10/01 14:32:47] - ==> Building model..
[2025/10/01 14:33:14] - Test Loss 	 Test Acc 	 PGD Loss 	 PGD Acc
[2025/10/01 14:33:14] - 1.1256 	 	 0.8125 	 1.3382 	 0.5835
[2025/10/01 14:34:17] - 117 	 28.4 	 	 0.0010 	 1.6927 	 0.7342
[2025/10/01 14:34:17] - ==> Building model..
[2025/10/01 14:34:44] - Test Loss 	 Test Acc 	 PGD Loss 	 PGD Acc
[2025/10/01 14:34:44] - 1.1185 	 	 0.8152 	 1.3333 	 0.5820
[2025/10/01 14:35:47] - 118 	 28.6 	 	 0.0010 	 1.6910 	 0.7342
[2025/10/01 14:35:47] - ==> Building model..
[2025/10/01 14:36:14] - Test Loss 	 Test Acc 	 PGD Loss 	 PGD Acc
[2025/10/01 14:36:14] - 1.1108 	 	 0.8177 	 1.3283 	 0.5815
[2025/10/01 14:37:18] - 119 	 28.7 	 	 0.0010 	 1.6883 	 0.7367
[2025/10/01 14:37:18] - ==> Building model..
[2025/10/01 14:37:46] - Test Loss 	 Test Acc 	 PGD Loss 	 PGD Acc
[2025/10/01 14:37:46] - 1.1035 	 	 0.8197 	 1.3232 	 0.5809
[2025/10/01 14:37:46] - [0.3955, 0.4572, 0.5084, 0.5511, 0.5802, 0.6035, 0.6267, 0.6341, 0.6469, 0.6526, 0.6581, 0.6718, 0.6832, 0.6952, 0.7063, 0.7148, 0.7211, 0.7274, 0.7328, 0.7357, 0.7379, 0.7392, 0.743, 0.7435, 0.7467, 0.748, 0.7489, 0.7509, 0.7517, 0.7547, 0.7562, 0.7563, 0.7583, 0.7613, 0.7632, 0.764, 0.766, 0.7663, 0.7691, 0.7695, 0.7699, 0.7713, 0.7708, 0.7708, 0.7732, 0.7742, 0.7745, 0.7744, 0.7725, 0.7721, 0.7729, 0.7733, 0.7734, 0.7707, 0.7708, 0.7722, 0.7697, 0.7697, 0.7704, 0.7697, 0.77, 0.7702, 0.7715, 0.7702, 0.7712, 0.7704, 0.7708, 0.7702, 0.7696, 0.7718, 0.7708, 0.7724, 0.7723, 0.7736, 0.7731, 0.7722, 0.772, 0.7708, 0.7706, 0.771, 0.773, 0.7747, 0.7751, 0.7745, 0.7747, 0.7744, 0.7726, 0.7744, 0.7734, 0.7741, 0.7745, 0.7739, 0.7727, 0.7732, 0.772, 0.7722, 0.773, 0.7753, 0.7752, 0.7757, 0.774, 0.7743, 0.7749, 0.7745, 0.7735, 0.7752, 0.7767, 0.7751, 0.7739, 0.7816, 0.7896, 0.7944, 0.7986, 0.8031, 0.806, 0.8082, 0.8125, 0.8152, 0.8177, 0.8197]
[2025/10/01 14:37:46] - [0.2757, 0.3128, 0.3382, 0.3673, 0.3895, 0.4129, 0.4291, 0.4383, 0.4507, 0.4569, 0.4648, 0.473, 0.4826, 0.4895, 0.495, 0.501, 0.5079, 0.5118, 0.5145, 0.5197, 0.5213, 0.5221, 0.5246, 0.5271, 0.5292, 0.5319, 0.5339, 0.5341, 0.5361, 0.5379, 0.5402, 0.5403, 0.5414, 0.5424, 0.5431, 0.5448, 0.5476, 0.5488, 0.5473, 0.5498, 0.5497, 0.5505, 0.5509, 0.551, 0.5523, 0.5528, 0.5544, 0.5542, 0.5548, 0.5551, 0.5552, 0.5583, 0.5589, 0.5582, 0.5584, 0.5607, 0.5613, 0.5601, 0.5594, 0.5615, 0.5614, 0.5607, 0.5605, 0.561, 0.5617, 0.5622, 0.564, 0.5626, 0.5658, 0.5667, 0.5672, 0.5672, 0.5669, 0.568, 0.5698, 0.5694, 0.5694, 0.5687, 0.5699, 0.5683, 0.5689, 0.5684, 0.5698, 0.5705, 0.5714, 0.5712, 0.5706, 0.5717, 0.572, 0.5709, 0.5695, 0.5714, 0.5726, 0.5729, 0.5724, 0.5723, 0.5731, 0.5752, 0.5736, 0.5749, 0.5732, 0.5758, 0.5757, 0.5738, 0.5725, 0.5734, 0.5737, 0.575, 0.5745, 0.5748, 0.5741, 0.5766, 0.5776, 0.5801, 0.5818, 0.583, 0.5835, 0.582, 0.5815, 0.5809]
