[2025/10/11 15:40:02] - Namespace(batch_size=128, data_dir='cifar-data', epochs=100, lr_schedule='multistep', lr_min=0.0, lr_max=0.2, weight_decay=0.0005, momentum=0.9, model='ResNet18', epsilon=8, alpha=8, delta_init='random', normal_mean=0, normal_std=1, out_dir='./output/CIFAR100_best/beta_0.2_lamscale_0.01_lamstart_50/run_4', seed=0, lamda=42, lam_scale=0.01, lam_start=50, gamma=0.05, inner_gamma=0.05, beta=0.2, mu=3.5, batch_m=0.75, early_stop=False, factor=0.5, length=4, n_holes=1, c_num=0.125, EMA_value=0.55)
[2025/10/11 15:40:03] - ==> Building model..
[2025/10/11 15:40:04] - Epoch 	 Seconds 	 LR 	 	 Train Loss 	 Train Acc
[2025/10/11 15:41:07] - 0 	 34.7 	 	 0.2000 	 4.5694 	 0.0383
[2025/10/11 15:41:07] - ==> Building model..
[2025/10/11 15:41:34] - Test Loss 	 Test Acc 	 PGD Loss 	 PGD Acc
[2025/10/11 15:41:34] - 4.2269 	 	 0.0860 	 4.2400 	 0.0549
[2025/10/11 15:42:37] - 1 	 33.3 	 	 0.2000 	 4.4611 	 0.0766
[2025/10/11 15:42:37] - ==> Building model..
[2025/10/11 15:43:06] - Test Loss 	 Test Acc 	 PGD Loss 	 PGD Acc
[2025/10/11 15:43:06] - 4.0243 	 	 0.1465 	 4.0536 	 0.0921
[2025/10/11 15:44:10] - 2 	 33.7 	 	 0.2000 	 4.4084 	 0.1029
[2025/10/11 15:44:10] - ==> Building model..
[2025/10/11 15:44:38] - Test Loss 	 Test Acc 	 PGD Loss 	 PGD Acc
[2025/10/11 15:44:38] - 3.8876 	 	 0.1876 	 3.9336 	 0.1158
[2025/10/11 15:45:40] - 3 	 33.7 	 	 0.2000 	 4.3624 	 0.1251
[2025/10/11 15:45:40] - ==> Building model..
[2025/10/11 15:46:06] - Test Loss 	 Test Acc 	 PGD Loss 	 PGD Acc
[2025/10/11 15:46:06] - 3.6978 	 	 0.2361 	 3.7697 	 0.1390
[2025/10/11 15:47:02] - 4 	 28.8 	 	 0.2000 	 4.3191 	 0.1481
[2025/10/11 15:47:02] - ==> Building model..
[2025/10/11 15:47:27] - Test Loss 	 Test Acc 	 PGD Loss 	 PGD Acc
[2025/10/11 15:47:27] - 3.6115 	 	 0.2674 	 3.7026 	 0.1571
[2025/10/11 15:48:32] - 5 	 35.3 	 	 0.2000 	 4.2805 	 0.1658
[2025/10/11 15:48:32] - ==> Building model..
[2025/10/11 15:48:58] - Test Loss 	 Test Acc 	 PGD Loss 	 PGD Acc
[2025/10/11 15:48:58] - 3.4103 	 	 0.3065 	 3.5312 	 0.1780
[2025/10/11 15:50:00] - 6 	 32.4 	 	 0.2000 	 4.2480 	 0.1872
[2025/10/11 15:50:00] - ==> Building model..
[2025/10/11 15:50:27] - Test Loss 	 Test Acc 	 PGD Loss 	 PGD Acc
[2025/10/11 15:50:27] - 3.2405 	 	 0.3423 	 3.3880 	 0.1901
[2025/10/11 15:51:28] - 7 	 33.2 	 	 0.2000 	 4.2266 	 0.1962
[2025/10/11 15:51:28] - ==> Building model..
[2025/10/11 15:51:56] - Test Loss 	 Test Acc 	 PGD Loss 	 PGD Acc
[2025/10/11 15:51:56] - 3.0822 	 	 0.3785 	 3.2578 	 0.2074
[2025/10/11 15:52:58] - 8 	 34.2 	 	 0.2000 	 4.2071 	 0.2069
[2025/10/11 15:52:58] - ==> Building model..
[2025/10/11 15:53:26] - Test Loss 	 Test Acc 	 PGD Loss 	 PGD Acc
[2025/10/11 15:53:26] - 2.9834 	 	 0.4006 	 3.1819 	 0.2153
[2025/10/11 15:54:26] - 9 	 33.0 	 	 0.2000 	 4.1902 	 0.2187
[2025/10/11 15:54:26] - ==> Building model..
[2025/10/11 15:54:53] - Test Loss 	 Test Acc 	 PGD Loss 	 PGD Acc
[2025/10/11 15:54:53] - 2.9274 	 	 0.4127 	 3.1365 	 0.2224
[2025/10/11 15:55:58] - 10 	 34.6 	 	 0.2000 	 4.1784 	 0.2252
[2025/10/11 15:55:58] - ==> Building model..
[2025/10/11 15:56:26] - Test Loss 	 Test Acc 	 PGD Loss 	 PGD Acc
[2025/10/11 15:56:26] - 2.8727 	 	 0.4252 	 3.0943 	 0.2294
[2025/10/11 15:57:28] - 11 	 33.2 	 	 0.2000 	 4.1702 	 0.2281
[2025/10/11 15:57:28] - ==> Building model..
[2025/10/11 15:57:53] - Test Loss 	 Test Acc 	 PGD Loss 	 PGD Acc
[2025/10/11 15:57:53] - 2.8271 	 	 0.4370 	 3.0587 	 0.2358
[2025/10/11 15:58:55] - 12 	 32.9 	 	 0.2000 	 4.1598 	 0.2347
[2025/10/11 15:58:55] - ==> Building model..
[2025/10/11 15:59:23] - Test Loss 	 Test Acc 	 PGD Loss 	 PGD Acc
[2025/10/11 15:59:23] - 2.7876 	 	 0.4476 	 3.0296 	 0.2403
[2025/10/11 16:00:27] - 13 	 34.2 	 	 0.2000 	 4.1565 	 0.2359
[2025/10/11 16:00:27] - ==> Building model..
[2025/10/11 16:00:55] - Test Loss 	 Test Acc 	 PGD Loss 	 PGD Acc
[2025/10/11 16:00:55] - 2.7655 	 	 0.4514 	 3.0120 	 0.2432
[2025/10/11 16:02:01] - 14 	 34.8 	 	 0.2000 	 4.1509 	 0.2388
[2025/10/11 16:02:01] - ==> Building model..
[2025/10/11 16:02:30] - Test Loss 	 Test Acc 	 PGD Loss 	 PGD Acc
[2025/10/11 16:02:30] - 2.7488 	 	 0.4573 	 3.0012 	 0.2467
[2025/10/11 16:03:32] - 15 	 33.4 	 	 0.2000 	 4.1430 	 0.2462
[2025/10/11 16:03:32] - ==> Building model..
[2025/10/11 16:04:00] - Test Loss 	 Test Acc 	 PGD Loss 	 PGD Acc
[2025/10/11 16:04:00] - 2.7295 	 	 0.4636 	 2.9858 	 0.2489
[2025/10/11 16:05:02] - 16 	 31.9 	 	 0.2000 	 4.1388 	 0.2476
[2025/10/11 16:05:02] - ==> Building model..
[2025/10/11 16:05:26] - Test Loss 	 Test Acc 	 PGD Loss 	 PGD Acc
[2025/10/11 16:05:26] - 2.7079 	 	 0.4683 	 2.9690 	 0.2518
[2025/10/11 16:06:21] - 17 	 28.3 	 	 0.2000 	 4.1365 	 0.2480
[2025/10/11 16:06:21] - ==> Building model..
[2025/10/11 16:06:45] - Test Loss 	 Test Acc 	 PGD Loss 	 PGD Acc
[2025/10/11 16:06:45] - 2.6977 	 	 0.4708 	 2.9625 	 0.2525
[2025/10/11 16:07:41] - 18 	 28.5 	 	 0.2000 	 4.1311 	 0.2508
[2025/10/11 16:07:41] - ==> Building model..
[2025/10/11 16:08:04] - Test Loss 	 Test Acc 	 PGD Loss 	 PGD Acc
[2025/10/11 16:08:04] - 2.6875 	 	 0.4722 	 2.9553 	 0.2554
[2025/10/11 16:09:02] - 19 	 29.1 	 	 0.2000 	 4.1269 	 0.2552
[2025/10/11 16:09:02] - ==> Building model..
[2025/10/11 16:09:25] - Test Loss 	 Test Acc 	 PGD Loss 	 PGD Acc
[2025/10/11 16:09:25] - 2.6752 	 	 0.4758 	 2.9463 	 0.2551
[2025/10/11 16:10:21] - 20 	 28.2 	 	 0.2000 	 4.1260 	 0.2562
[2025/10/11 16:10:21] - ==> Building model..
[2025/10/11 16:10:44] - Test Loss 	 Test Acc 	 PGD Loss 	 PGD Acc
[2025/10/11 16:10:44] - 2.6638 	 	 0.4794 	 2.9363 	 0.2559
[2025/10/11 16:11:39] - 21 	 28.1 	 	 0.2000 	 4.1215 	 0.2566
[2025/10/11 16:11:39] - ==> Building model..
[2025/10/11 16:12:02] - Test Loss 	 Test Acc 	 PGD Loss 	 PGD Acc
[2025/10/11 16:12:02] - 2.6512 	 	 0.4833 	 2.9277 	 0.2593
[2025/10/11 16:12:57] - 22 	 27.8 	 	 0.2000 	 4.1209 	 0.2579
[2025/10/11 16:12:57] - ==> Building model..
[2025/10/11 16:13:19] - Test Loss 	 Test Acc 	 PGD Loss 	 PGD Acc
[2025/10/11 16:13:19] - 2.6396 	 	 0.4866 	 2.9196 	 0.2609
[2025/10/11 16:14:16] - 23 	 28.9 	 	 0.2000 	 4.1199 	 0.2573
[2025/10/11 16:14:16] - ==> Building model..
[2025/10/11 16:14:39] - Test Loss 	 Test Acc 	 PGD Loss 	 PGD Acc
[2025/10/11 16:14:39] - 2.6364 	 	 0.4877 	 2.9163 	 0.2604
[2025/10/11 16:15:33] - 24 	 27.6 	 	 0.2000 	 4.1163 	 0.2606
[2025/10/11 16:15:33] - ==> Building model..
[2025/10/11 16:15:56] - Test Loss 	 Test Acc 	 PGD Loss 	 PGD Acc
[2025/10/11 16:15:56] - 2.6322 	 	 0.4880 	 2.9132 	 0.2635
[2025/10/11 16:16:55] - 25 	 29.5 	 	 0.2000 	 4.1144 	 0.2623
[2025/10/11 16:16:55] - ==> Building model..
[2025/10/11 16:17:17] - Test Loss 	 Test Acc 	 PGD Loss 	 PGD Acc
[2025/10/11 16:17:17] - 2.6240 	 	 0.4892 	 2.9071 	 0.2658
[2025/10/11 16:18:14] - 26 	 28.9 	 	 0.2000 	 4.1110 	 0.2618
[2025/10/11 16:18:14] - ==> Building model..
[2025/10/11 16:18:37] - Test Loss 	 Test Acc 	 PGD Loss 	 PGD Acc
[2025/10/11 16:18:37] - 2.6190 	 	 0.4911 	 2.9033 	 0.2644
[2025/10/11 16:19:34] - 27 	 28.5 	 	 0.2000 	 4.1110 	 0.2639
[2025/10/11 16:19:34] - ==> Building model..
[2025/10/11 16:19:58] - Test Loss 	 Test Acc 	 PGD Loss 	 PGD Acc
[2025/10/11 16:19:58] - 2.6145 	 	 0.4931 	 2.9007 	 0.2658
[2025/10/11 16:20:55] - 28 	 28.8 	 	 0.2000 	 4.1091 	 0.2640
[2025/10/11 16:20:55] - ==> Building model..
[2025/10/11 16:21:18] - Test Loss 	 Test Acc 	 PGD Loss 	 PGD Acc
[2025/10/11 16:21:18] - 2.6130 	 	 0.4946 	 2.8997 	 0.2678
[2025/10/11 16:22:12] - 29 	 27.6 	 	 0.2000 	 4.1077 	 0.2662
[2025/10/11 16:22:12] - ==> Building model..
[2025/10/11 16:22:34] - Test Loss 	 Test Acc 	 PGD Loss 	 PGD Acc
[2025/10/11 16:22:34] - 2.6081 	 	 0.4949 	 2.8961 	 0.2693
[2025/10/11 16:23:30] - 30 	 28.5 	 	 0.2000 	 4.1086 	 0.2646
[2025/10/11 16:23:30] - ==> Building model..
[2025/10/11 16:23:53] - Test Loss 	 Test Acc 	 PGD Loss 	 PGD Acc
[2025/10/11 16:23:53] - 2.6055 	 	 0.4972 	 2.8943 	 0.2688
[2025/10/11 16:24:51] - 31 	 29.0 	 	 0.2000 	 4.1061 	 0.2676
[2025/10/11 16:24:51] - ==> Building model..
[2025/10/11 16:25:14] - Test Loss 	 Test Acc 	 PGD Loss 	 PGD Acc
[2025/10/11 16:25:14] - 2.6000 	 	 0.4986 	 2.8903 	 0.2690
[2025/10/11 16:26:09] - 32 	 28.4 	 	 0.2000 	 4.1046 	 0.2670
[2025/10/11 16:26:09] - ==> Building model..
[2025/10/11 16:26:32] - Test Loss 	 Test Acc 	 PGD Loss 	 PGD Acc
[2025/10/11 16:26:32] - 2.5986 	 	 0.5000 	 2.8898 	 0.2687
[2025/10/11 16:27:28] - 33 	 28.2 	 	 0.2000 	 4.1046 	 0.2675
[2025/10/11 16:27:28] - ==> Building model..
[2025/10/11 16:27:51] - Test Loss 	 Test Acc 	 PGD Loss 	 PGD Acc
[2025/10/11 16:27:51] - 2.5963 	 	 0.5001 	 2.8878 	 0.2705
[2025/10/11 16:28:46] - 34 	 28.0 	 	 0.2000 	 4.1045 	 0.2641
[2025/10/11 16:28:46] - ==> Building model..
[2025/10/11 16:29:09] - Test Loss 	 Test Acc 	 PGD Loss 	 PGD Acc
[2025/10/11 16:29:09] - 2.6011 	 	 0.4988 	 2.8924 	 0.2707
[2025/10/11 16:30:05] - 35 	 28.4 	 	 0.2000 	 4.1006 	 0.2720
[2025/10/11 16:30:05] - ==> Building model..
[2025/10/11 16:30:29] - Test Loss 	 Test Acc 	 PGD Loss 	 PGD Acc
[2025/10/11 16:30:29] - 2.6003 	 	 0.4999 	 2.8924 	 0.2681
[2025/10/11 16:31:23] - 36 	 27.9 	 	 0.2000 	 4.1009 	 0.2697
[2025/10/11 16:31:23] - ==> Building model..
[2025/10/11 16:31:46] - Test Loss 	 Test Acc 	 PGD Loss 	 PGD Acc
[2025/10/11 16:31:46] - 2.5970 	 	 0.5023 	 2.8902 	 0.2704
[2025/10/11 16:32:41] - 37 	 28.2 	 	 0.2000 	 4.0998 	 0.2689
[2025/10/11 16:32:41] - ==> Building model..
[2025/10/11 16:33:04] - Test Loss 	 Test Acc 	 PGD Loss 	 PGD Acc
[2025/10/11 16:33:04] - 2.5917 	 	 0.5040 	 2.8858 	 0.2711
[2025/10/11 16:33:59] - 38 	 28.0 	 	 0.2000 	 4.0980 	 0.2694
[2025/10/11 16:33:59] - ==> Building model..
[2025/10/11 16:34:22] - Test Loss 	 Test Acc 	 PGD Loss 	 PGD Acc
[2025/10/11 16:34:22] - 2.5856 	 	 0.5050 	 2.8801 	 0.2722
[2025/10/11 16:35:17] - 39 	 28.4 	 	 0.2000 	 4.0981 	 0.2706
[2025/10/11 16:35:17] - ==> Building model..
[2025/10/11 16:35:40] - Test Loss 	 Test Acc 	 PGD Loss 	 PGD Acc
[2025/10/11 16:35:40] - 2.5817 	 	 0.5063 	 2.8769 	 0.2714
[2025/10/11 16:36:35] - 40 	 28.0 	 	 0.2000 	 4.0969 	 0.2724
[2025/10/11 16:36:35] - ==> Building model..
[2025/10/11 16:36:57] - Test Loss 	 Test Acc 	 PGD Loss 	 PGD Acc
[2025/10/11 16:36:57] - 2.5795 	 	 0.5076 	 2.8754 	 0.2727
[2025/10/11 16:37:52] - 41 	 28.0 	 	 0.2000 	 4.0968 	 0.2722
[2025/10/11 16:37:52] - ==> Building model..
[2025/10/11 16:38:14] - Test Loss 	 Test Acc 	 PGD Loss 	 PGD Acc
[2025/10/11 16:38:14] - 2.5770 	 	 0.5072 	 2.8741 	 0.2726
[2025/10/11 16:39:10] - 42 	 28.2 	 	 0.2000 	 4.0978 	 0.2717
[2025/10/11 16:39:10] - ==> Building model..
[2025/10/11 16:39:33] - Test Loss 	 Test Acc 	 PGD Loss 	 PGD Acc
[2025/10/11 16:39:33] - 2.5755 	 	 0.5087 	 2.8741 	 0.2743
[2025/10/11 16:40:27] - 43 	 27.2 	 	 0.2000 	 4.0961 	 0.2748
[2025/10/11 16:40:27] - ==> Building model..
[2025/10/11 16:40:49] - Test Loss 	 Test Acc 	 PGD Loss 	 PGD Acc
[2025/10/11 16:40:49] - 2.5740 	 	 0.5096 	 2.8734 	 0.2757
[2025/10/11 16:41:44] - 44 	 27.5 	 	 0.2000 	 4.0956 	 0.2737
[2025/10/11 16:41:44] - ==> Building model..
[2025/10/11 16:42:07] - Test Loss 	 Test Acc 	 PGD Loss 	 PGD Acc
[2025/10/11 16:42:07] - 2.5730 	 	 0.5121 	 2.8729 	 0.2753
[2025/10/11 16:43:02] - 45 	 28.2 	 	 0.2000 	 4.0947 	 0.2747
[2025/10/11 16:43:02] - ==> Building model..
[2025/10/11 16:43:24] - Test Loss 	 Test Acc 	 PGD Loss 	 PGD Acc
[2025/10/11 16:43:24] - 2.5717 	 	 0.5136 	 2.8719 	 0.2759
[2025/10/11 16:44:19] - 46 	 27.6 	 	 0.2000 	 4.0931 	 0.2749
[2025/10/11 16:44:19] - ==> Building model..
[2025/10/11 16:44:43] - Test Loss 	 Test Acc 	 PGD Loss 	 PGD Acc
[2025/10/11 16:44:43] - 2.5706 	 	 0.5124 	 2.8711 	 0.2750
[2025/10/11 16:45:37] - 47 	 27.9 	 	 0.2000 	 4.0941 	 0.2731
[2025/10/11 16:45:37] - ==> Building model..
[2025/10/11 16:46:01] - Test Loss 	 Test Acc 	 PGD Loss 	 PGD Acc
[2025/10/11 16:46:01] - 2.5668 	 	 0.5133 	 2.8676 	 0.2775
[2025/10/11 16:46:59] - 48 	 29.2 	 	 0.2000 	 4.0918 	 0.2756
[2025/10/11 16:46:59] - ==> Building model..
[2025/10/11 16:47:22] - Test Loss 	 Test Acc 	 PGD Loss 	 PGD Acc
[2025/10/11 16:47:22] - 2.5664 	 	 0.5126 	 2.8672 	 0.2779
[2025/10/11 16:48:20] - 49 	 29.2 	 	 0.2000 	 4.0906 	 0.2753
[2025/10/11 16:48:20] - ==> Building model..
[2025/10/11 16:48:43] - Test Loss 	 Test Acc 	 PGD Loss 	 PGD Acc
[2025/10/11 16:48:43] - 2.5653 	 	 0.5125 	 2.8661 	 0.2779
[2025/10/11 16:49:39] - 50 	 28.3 	 	 0.2000 	 4.0917 	 0.2753
[2025/10/11 16:49:39] - ==> Building model..
[2025/10/11 16:50:03] - Test Loss 	 Test Acc 	 PGD Loss 	 PGD Acc
[2025/10/11 16:50:03] - 2.5655 	 	 0.5135 	 2.8666 	 0.2772
[2025/10/11 16:51:00] - 51 	 29.2 	 	 0.2000 	 4.0926 	 0.2742
[2025/10/11 16:51:00] - ==> Building model..
[2025/10/11 16:51:24] - Test Loss 	 Test Acc 	 PGD Loss 	 PGD Acc
[2025/10/11 16:51:24] - 2.5659 	 	 0.5135 	 2.8674 	 0.2785
[2025/10/11 16:52:22] - 52 	 28.9 	 	 0.2000 	 4.0923 	 0.2754
[2025/10/11 16:52:22] - ==> Building model..
[2025/10/11 16:52:45] - Test Loss 	 Test Acc 	 PGD Loss 	 PGD Acc
[2025/10/11 16:52:45] - 2.5652 	 	 0.5138 	 2.8668 	 0.2785
[2025/10/11 16:53:43] - 53 	 29.5 	 	 0.2000 	 4.0904 	 0.2767
[2025/10/11 16:53:43] - ==> Building model..
[2025/10/11 16:54:06] - Test Loss 	 Test Acc 	 PGD Loss 	 PGD Acc
[2025/10/11 16:54:06] - 2.5647 	 	 0.5139 	 2.8657 	 0.2790
[2025/10/11 16:55:01] - 54 	 27.8 	 	 0.2000 	 4.0918 	 0.2733
[2025/10/11 16:55:01] - ==> Building model..
[2025/10/11 16:55:23] - Test Loss 	 Test Acc 	 PGD Loss 	 PGD Acc
[2025/10/11 16:55:23] - 2.5639 	 	 0.5138 	 2.8647 	 0.2800
[2025/10/11 16:56:21] - 55 	 28.8 	 	 0.2000 	 4.0899 	 0.2758
[2025/10/11 16:56:21] - ==> Building model..
[2025/10/11 16:56:43] - Test Loss 	 Test Acc 	 PGD Loss 	 PGD Acc
[2025/10/11 16:56:43] - 2.5615 	 	 0.5149 	 2.8631 	 0.2816
[2025/10/11 16:57:40] - 56 	 28.4 	 	 0.2000 	 4.0914 	 0.2760
[2025/10/11 16:57:40] - ==> Building model..
[2025/10/11 16:58:02] - Test Loss 	 Test Acc 	 PGD Loss 	 PGD Acc
[2025/10/11 16:58:02] - 2.5620 	 	 0.5159 	 2.8641 	 0.2802
[2025/10/11 16:58:58] - 57 	 27.9 	 	 0.2000 	 4.0915 	 0.2781
[2025/10/11 16:58:58] - ==> Building model..
[2025/10/11 16:59:21] - Test Loss 	 Test Acc 	 PGD Loss 	 PGD Acc
[2025/10/11 16:59:21] - 2.5616 	 	 0.5174 	 2.8636 	 0.2807
[2025/10/11 17:00:16] - 58 	 27.8 	 	 0.2000 	 4.0898 	 0.2782
[2025/10/11 17:00:16] - ==> Building model..
[2025/10/11 17:00:38] - Test Loss 	 Test Acc 	 PGD Loss 	 PGD Acc
[2025/10/11 17:00:38] - 2.5626 	 	 0.5160 	 2.8637 	 0.2814
[2025/10/11 17:01:34] - 59 	 28.2 	 	 0.2000 	 4.0912 	 0.2767
[2025/10/11 17:01:34] - ==> Building model..
[2025/10/11 17:01:56] - Test Loss 	 Test Acc 	 PGD Loss 	 PGD Acc
[2025/10/11 17:01:56] - 2.5615 	 	 0.5169 	 2.8621 	 0.2821
[2025/10/11 17:02:51] - 60 	 27.2 	 	 0.2000 	 4.0890 	 0.2790
[2025/10/11 17:02:51] - ==> Building model..
[2025/10/11 17:03:13] - Test Loss 	 Test Acc 	 PGD Loss 	 PGD Acc
[2025/10/11 17:03:13] - 2.5612 	 	 0.5175 	 2.8629 	 0.2822
[2025/10/11 17:04:08] - 61 	 27.4 	 	 0.2000 	 4.0898 	 0.2754
[2025/10/11 17:04:08] - ==> Building model..
[2025/10/11 17:04:31] - Test Loss 	 Test Acc 	 PGD Loss 	 PGD Acc
[2025/10/11 17:04:31] - 2.5628 	 	 0.5165 	 2.8638 	 0.2811
[2025/10/11 17:05:27] - 62 	 28.2 	 	 0.2000 	 4.0887 	 0.2786
[2025/10/11 17:05:27] - ==> Building model..
[2025/10/11 17:05:49] - Test Loss 	 Test Acc 	 PGD Loss 	 PGD Acc
[2025/10/11 17:05:49] - 2.5613 	 	 0.5169 	 2.8622 	 0.2822
[2025/10/11 17:06:45] - 63 	 28.4 	 	 0.2000 	 4.0901 	 0.2766
[2025/10/11 17:06:45] - ==> Building model..
[2025/10/11 17:07:07] - Test Loss 	 Test Acc 	 PGD Loss 	 PGD Acc
[2025/10/11 17:07:07] - 2.5611 	 	 0.5157 	 2.8614 	 0.2808
[2025/10/11 17:08:04] - 64 	 28.7 	 	 0.2000 	 4.0874 	 0.2778
[2025/10/11 17:08:04] - ==> Building model..
[2025/10/11 17:08:27] - Test Loss 	 Test Acc 	 PGD Loss 	 PGD Acc
[2025/10/11 17:08:27] - 2.5616 	 	 0.5167 	 2.8619 	 0.2802
[2025/10/11 17:09:22] - 65 	 28.1 	 	 0.2000 	 4.0881 	 0.2777
[2025/10/11 17:09:22] - ==> Building model..
[2025/10/11 17:09:45] - Test Loss 	 Test Acc 	 PGD Loss 	 PGD Acc
[2025/10/11 17:09:45] - 2.5631 	 	 0.5159 	 2.8632 	 0.2794
[2025/10/11 17:10:41] - 66 	 28.4 	 	 0.2000 	 4.0882 	 0.2772
[2025/10/11 17:10:41] - ==> Building model..
[2025/10/11 17:11:04] - Test Loss 	 Test Acc 	 PGD Loss 	 PGD Acc
[2025/10/11 17:11:04] - 2.5612 	 	 0.5170 	 2.8621 	 0.2795
[2025/10/11 17:11:59] - 67 	 27.8 	 	 0.2000 	 4.0882 	 0.2792
[2025/10/11 17:11:59] - ==> Building model..
[2025/10/11 17:12:23] - Test Loss 	 Test Acc 	 PGD Loss 	 PGD Acc
[2025/10/11 17:12:23] - 2.5602 	 	 0.5177 	 2.8611 	 0.2795
[2025/10/11 17:13:19] - 68 	 28.9 	 	 0.2000 	 4.0883 	 0.2765
[2025/10/11 17:13:19] - ==> Building model..
[2025/10/11 17:13:42] - Test Loss 	 Test Acc 	 PGD Loss 	 PGD Acc
[2025/10/11 17:13:42] - 2.5603 	 	 0.5179 	 2.8608 	 0.2798
[2025/10/11 17:14:39] - 69 	 28.8 	 	 0.2000 	 4.0884 	 0.2784
[2025/10/11 17:14:39] - ==> Building model..
[2025/10/11 17:15:01] - Test Loss 	 Test Acc 	 PGD Loss 	 PGD Acc
[2025/10/11 17:15:01] - 2.5603 	 	 0.5180 	 2.8605 	 0.2806
[2025/10/11 17:15:58] - 70 	 28.9 	 	 0.2000 	 4.0891 	 0.2767
[2025/10/11 17:15:58] - ==> Building model..
[2025/10/11 17:16:21] - Test Loss 	 Test Acc 	 PGD Loss 	 PGD Acc
[2025/10/11 17:16:21] - 2.5604 	 	 0.5194 	 2.8608 	 0.2819
[2025/10/11 17:17:17] - 71 	 28.5 	 	 0.2000 	 4.0882 	 0.2775
[2025/10/11 17:17:17] - ==> Building model..
[2025/10/11 17:17:40] - Test Loss 	 Test Acc 	 PGD Loss 	 PGD Acc
[2025/10/11 17:17:40] - 2.5610 	 	 0.5213 	 2.8615 	 0.2819
[2025/10/11 17:18:36] - 72 	 28.4 	 	 0.2000 	 4.0889 	 0.2759
[2025/10/11 17:18:36] - ==> Building model..
[2025/10/11 17:18:59] - Test Loss 	 Test Acc 	 PGD Loss 	 PGD Acc
[2025/10/11 17:18:59] - 2.5643 	 	 0.5206 	 2.8654 	 0.2799
[2025/10/11 17:19:55] - 73 	 28.6 	 	 0.2000 	 4.0881 	 0.2775
[2025/10/11 17:19:55] - ==> Building model..
[2025/10/11 17:20:19] - Test Loss 	 Test Acc 	 PGD Loss 	 PGD Acc
[2025/10/11 17:20:19] - 2.5649 	 	 0.5210 	 2.8654 	 0.2809
[2025/10/11 17:21:15] - 74 	 28.6 	 	 0.2000 	 4.0899 	 0.2781
[2025/10/11 17:21:15] - ==> Building model..
[2025/10/11 17:21:39] - Test Loss 	 Test Acc 	 PGD Loss 	 PGD Acc
[2025/10/11 17:21:39] - 2.5655 	 	 0.5216 	 2.8656 	 0.2807
[2025/10/11 17:22:36] - 75 	 29.0 	 	 0.2000 	 4.0877 	 0.2788
[2025/10/11 17:22:36] - ==> Building model..
[2025/10/11 17:22:59] - Test Loss 	 Test Acc 	 PGD Loss 	 PGD Acc
[2025/10/11 17:22:59] - 2.5657 	 	 0.5212 	 2.8663 	 0.2824
[2025/10/11 17:23:57] - 76 	 28.7 	 	 0.2000 	 4.0890 	 0.2776
[2025/10/11 17:23:57] - ==> Building model..
[2025/10/11 17:24:19] - Test Loss 	 Test Acc 	 PGD Loss 	 PGD Acc
[2025/10/11 17:24:19] - 2.5670 	 	 0.5216 	 2.8676 	 0.2816
[2025/10/11 17:25:16] - 77 	 28.6 	 	 0.2000 	 4.0875 	 0.2794
[2025/10/11 17:25:16] - ==> Building model..
[2025/10/11 17:25:39] - Test Loss 	 Test Acc 	 PGD Loss 	 PGD Acc
[2025/10/11 17:25:39] - 2.5667 	 	 0.5217 	 2.8667 	 0.2823
[2025/10/11 17:26:36] - 78 	 28.6 	 	 0.2000 	 4.0888 	 0.2783
[2025/10/11 17:26:36] - ==> Building model..
[2025/10/11 17:26:59] - Test Loss 	 Test Acc 	 PGD Loss 	 PGD Acc
[2025/10/11 17:26:59] - 2.5682 	 	 0.5216 	 2.8677 	 0.2813
[2025/10/11 17:27:55] - 79 	 28.7 	 	 0.2000 	 4.0879 	 0.2785
[2025/10/11 17:27:55] - ==> Building model..
[2025/10/11 17:28:18] - Test Loss 	 Test Acc 	 PGD Loss 	 PGD Acc
[2025/10/11 17:28:18] - 2.5686 	 	 0.5204 	 2.8681 	 0.2817
[2025/10/11 17:29:15] - 80 	 28.9 	 	 0.2000 	 4.0870 	 0.2798
[2025/10/11 17:29:15] - ==> Building model..
[2025/10/11 17:29:38] - Test Loss 	 Test Acc 	 PGD Loss 	 PGD Acc
[2025/10/11 17:29:38] - 2.5690 	 	 0.5214 	 2.8688 	 0.2822
[2025/10/11 17:30:33] - 81 	 28.0 	 	 0.2000 	 4.0874 	 0.2783
[2025/10/11 17:30:33] - ==> Building model..
[2025/10/11 17:30:56] - Test Loss 	 Test Acc 	 PGD Loss 	 PGD Acc
[2025/10/11 17:30:56] - 2.5686 	 	 0.5210 	 2.8676 	 0.2826
[2025/10/11 17:31:51] - 82 	 28.3 	 	 0.2000 	 4.0882 	 0.2803
[2025/10/11 17:31:51] - ==> Building model..
[2025/10/11 17:32:14] - Test Loss 	 Test Acc 	 PGD Loss 	 PGD Acc
[2025/10/11 17:32:14] - 2.5675 	 	 0.5220 	 2.8672 	 0.2835
[2025/10/11 17:33:08] - 83 	 27.6 	 	 0.2000 	 4.0860 	 0.2804
[2025/10/11 17:33:08] - ==> Building model..
[2025/10/11 17:33:31] - Test Loss 	 Test Acc 	 PGD Loss 	 PGD Acc
[2025/10/11 17:33:31] - 2.5681 	 	 0.5219 	 2.8671 	 0.2826
[2025/10/11 17:34:25] - 84 	 27.5 	 	 0.2000 	 4.0896 	 0.2776
[2025/10/11 17:34:25] - ==> Building model..
[2025/10/11 17:34:47] - Test Loss 	 Test Acc 	 PGD Loss 	 PGD Acc
[2025/10/11 17:34:47] - 2.5673 	 	 0.5222 	 2.8670 	 0.2844
[2025/10/11 17:35:42] - 85 	 27.7 	 	 0.2000 	 4.0886 	 0.2797
[2025/10/11 17:35:42] - ==> Building model..
[2025/10/11 17:36:04] - Test Loss 	 Test Acc 	 PGD Loss 	 PGD Acc
[2025/10/11 17:36:04] - 2.5682 	 	 0.5235 	 2.8678 	 0.2846
[2025/10/11 17:37:02] - 86 	 29.0 	 	 0.2000 	 4.0875 	 0.2802
[2025/10/11 17:37:02] - ==> Building model..
[2025/10/11 17:37:25] - Test Loss 	 Test Acc 	 PGD Loss 	 PGD Acc
[2025/10/11 17:37:25] - 2.5691 	 	 0.5247 	 2.8689 	 0.2830
[2025/10/11 17:38:20] - 87 	 27.6 	 	 0.2000 	 4.0885 	 0.2777
[2025/10/11 17:38:20] - ==> Building model..
[2025/10/11 17:38:42] - Test Loss 	 Test Acc 	 PGD Loss 	 PGD Acc
[2025/10/11 17:38:42] - 2.5702 	 	 0.5237 	 2.8696 	 0.2835
[2025/10/11 17:39:37] - 88 	 28.3 	 	 0.2000 	 4.0902 	 0.2761
[2025/10/11 17:39:37] - ==> Building model..
[2025/10/11 17:40:00] - Test Loss 	 Test Acc 	 PGD Loss 	 PGD Acc
[2025/10/11 17:40:00] - 2.5710 	 	 0.5241 	 2.8711 	 0.2828
[2025/10/11 17:40:54] - 89 	 27.7 	 	 0.2000 	 4.0869 	 0.2814
[2025/10/11 17:40:54] - ==> Building model..
[2025/10/11 17:41:17] - Test Loss 	 Test Acc 	 PGD Loss 	 PGD Acc
[2025/10/11 17:41:17] - 2.5703 	 	 0.5250 	 2.8699 	 0.2821
[2025/10/11 17:42:12] - 90 	 27.6 	 	 0.0200 	 3.9929 	 0.3423
[2025/10/11 17:42:12] - ==> Building model..
[2025/10/11 17:42:35] - Test Loss 	 Test Acc 	 PGD Loss 	 PGD Acc
[2025/10/11 17:42:35] - 2.5685 	 	 0.5255 	 2.8689 	 0.2818
[2025/10/11 17:43:28] - 91 	 27.0 	 	 0.0200 	 3.8991 	 0.4006
[2025/10/11 17:43:28] - ==> Building model..
[2025/10/11 17:43:52] - Test Loss 	 Test Acc 	 PGD Loss 	 PGD Acc
[2025/10/11 17:43:52] - 2.5665 	 	 0.5262 	 2.8676 	 0.2821
[2025/10/11 17:44:47] - 92 	 27.6 	 	 0.0200 	 3.8724 	 0.4198
[2025/10/11 17:44:47] - ==> Building model..
[2025/10/11 17:45:11] - Test Loss 	 Test Acc 	 PGD Loss 	 PGD Acc
[2025/10/11 17:45:11] - 2.5661 	 	 0.5261 	 2.8671 	 0.2823
[2025/10/11 17:46:04] - 93 	 26.5 	 	 0.0200 	 3.8554 	 0.4322
[2025/10/11 17:46:04] - ==> Building model..
[2025/10/11 17:46:27] - Test Loss 	 Test Acc 	 PGD Loss 	 PGD Acc
[2025/10/11 17:46:27] - 2.5664 	 	 0.5260 	 2.8680 	 0.2822
[2025/10/11 17:47:23] - 94 	 27.7 	 	 0.0200 	 3.8399 	 0.4432
[2025/10/11 17:47:23] - ==> Building model..
[2025/10/11 17:47:46] - Test Loss 	 Test Acc 	 PGD Loss 	 PGD Acc
[2025/10/11 17:47:46] - 2.5673 	 	 0.5260 	 2.8685 	 0.2825
[2025/10/11 17:48:41] - 95 	 26.9 	 	 0.0200 	 3.8284 	 0.4510
[2025/10/11 17:48:41] - ==> Building model..
[2025/10/11 17:49:03] - Test Loss 	 Test Acc 	 PGD Loss 	 PGD Acc
[2025/10/11 17:49:03] - 2.5695 	 	 0.5257 	 2.8701 	 0.2828
[2025/10/11 17:49:56] - 96 	 26.4 	 	 0.0200 	 3.8186 	 0.4598
[2025/10/11 17:49:56] - ==> Building model..
[2025/10/11 17:50:18] - Test Loss 	 Test Acc 	 PGD Loss 	 PGD Acc
[2025/10/11 17:50:18] - 2.5725 	 	 0.5253 	 2.8727 	 0.2830
[2025/10/11 17:51:11] - 97 	 26.3 	 	 0.0200 	 3.8089 	 0.4653
[2025/10/11 17:51:11] - ==> Building model..
[2025/10/11 17:51:34] - Test Loss 	 Test Acc 	 PGD Loss 	 PGD Acc
[2025/10/11 17:51:34] - 2.5773 	 	 0.5253 	 2.8773 	 0.2829
[2025/10/11 17:52:27] - 98 	 26.7 	 	 0.0200 	 3.8002 	 0.4733
[2025/10/11 17:52:27] - ==> Building model..
[2025/10/11 17:52:49] - Test Loss 	 Test Acc 	 PGD Loss 	 PGD Acc
[2025/10/11 17:52:49] - 2.5795 	 	 0.5250 	 2.8785 	 0.2828
[2025/10/11 17:53:43] - 99 	 26.7 	 	 0.0200 	 3.7938 	 0.4752
[2025/10/11 17:53:43] - ==> Building model..
[2025/10/11 17:54:06] - Test Loss 	 Test Acc 	 PGD Loss 	 PGD Acc
[2025/10/11 17:54:06] - 2.5832 	 	 0.5247 	 2.8821 	 0.2823
[2025/10/11 17:54:06] - [0.086, 0.1465, 0.1876, 0.2361, 0.2674, 0.3065, 0.3423, 0.3785, 0.4006, 0.4127, 0.4252, 0.437, 0.4476, 0.4514, 0.4573, 0.4636, 0.4683, 0.4708, 0.4722, 0.4758, 0.4794, 0.4833, 0.4866, 0.4877, 0.488, 0.4892, 0.4911, 0.4931, 0.4946, 0.4949, 0.4972, 0.4986, 0.5, 0.5001, 0.4988, 0.4999, 0.5023, 0.504, 0.505, 0.5063, 0.5076, 0.5072, 0.5087, 0.5096, 0.5121, 0.5136, 0.5124, 0.5133, 0.5126, 0.5125, 0.5135, 0.5135, 0.5138, 0.5139, 0.5138, 0.5149, 0.5159, 0.5174, 0.516, 0.5169, 0.5175, 0.5165, 0.5169, 0.5157, 0.5167, 0.5159, 0.517, 0.5177, 0.5179, 0.518, 0.5194, 0.5213, 0.5206, 0.521, 0.5216, 0.5212, 0.5216, 0.5217, 0.5216, 0.5204, 0.5214, 0.521, 0.522, 0.5219, 0.5222, 0.5235, 0.5247, 0.5237, 0.5241, 0.525, 0.5255, 0.5262, 0.5261, 0.526, 0.526, 0.5257, 0.5253, 0.5253, 0.525, 0.5247]
[2025/10/11 17:54:06] - [0.0549, 0.0921, 0.1158, 0.139, 0.1571, 0.178, 0.1901, 0.2074, 0.2153, 0.2224, 0.2294, 0.2358, 0.2403, 0.2432, 0.2467, 0.2489, 0.2518, 0.2525, 0.2554, 0.2551, 0.2559, 0.2593, 0.2609, 0.2604, 0.2635, 0.2658, 0.2644, 0.2658, 0.2678, 0.2693, 0.2688, 0.269, 0.2687, 0.2705, 0.2707, 0.2681, 0.2704, 0.2711, 0.2722, 0.2714, 0.2727, 0.2726, 0.2743, 0.2757, 0.2753, 0.2759, 0.275, 0.2775, 0.2779, 0.2779, 0.2772, 0.2785, 0.2785, 0.279, 0.28, 0.2816, 0.2802, 0.2807, 0.2814, 0.2821, 0.2822, 0.2811, 0.2822, 0.2808, 0.2802, 0.2794, 0.2795, 0.2795, 0.2798, 0.2806, 0.2819, 0.2819, 0.2799, 0.2809, 0.2807, 0.2824, 0.2816, 0.2823, 0.2813, 0.2817, 0.2822, 0.2826, 0.2835, 0.2826, 0.2844, 0.2846, 0.283, 0.2835, 0.2828, 0.2821, 0.2818, 0.2821, 0.2823, 0.2822, 0.2825, 0.2828, 0.283, 0.2829, 0.2828, 0.2823]
