==============================================
CIFAR-100 超参数敏感性分析 - 完整流程
==============================================

项目目录: /mnt/data/cpfs/wangyaxian/FGSM-FEAT
开始时间: 2025-12-14 16:44:52

模式: 完整流程 (实验 + 可视化)

==============================================
[步骤1] 运行 CIFAR-100 补充实验
==============================================

补充实验清单 (共 8 个):
  - beta: 0.1, 0.25, 0.3 (固定 lamda=42, lam_scale=0.01)
  - lamda: 39, 45, 48 (固定 beta=0.2, lam_scale=0.01)
  - lam_scale: 0.20, 0.25 (固定 beta=0.2, lamda=42)

使用并行版本 (4 GPUs: 0,1,2,3)
==============================================
CIFAR-100 补充实验 (并行版本)
使用 GPU: 0,1,2,3 (共 4 个)
输出目录: ./output/cifar100_analysis
==============================================
总共 8 个实验任务

开始并行执行...

[GPU 0] 开始: beta_0.1
[GPU 3] 开始: lamda_39
[GPU 2] 开始: beta_0.3
[GPU 1] 开始: beta_0.25
