[2025/10/13 09:46:45] - Namespace(batch_size=128, data_dir='cifar-data', epochs=100, lr_schedule='multistep', lr_min=0.0, lr_max=0.2, weight_decay=0.0005, momentum=0.9, model='ResNet18', epsilon=8, alpha=8, delta_init='random', normal_mean=0, normal_std=1, out_dir='./output/CIFAR100/lamda_36_lamscale_0.05_run1', seed=0, lamda=36.0, lam_scale=0.05, lam_start=50, gamma=0.05, inner_gamma=0.05, beta=0.2, mu=3.5, batch_m=0.75, early_stop=False, factor=0.5, length=4, n_holes=1, c_num=0.125, EMA_value=0.55)
[2025/10/13 09:46:47] - ==> Building model..
[2025/10/13 09:46:47] - Epoch 	 Seconds 	 LR 	 	 Train Loss 	 Train Acc
[2025/10/13 09:47:33] - 0 	 20.2 	 	 0.2000 	 4.5627 	 0.0392
[2025/10/13 09:47:33] - ==> Building model..
[2025/10/13 09:47:49] - Test Loss 	 Test Acc 	 PGD Loss 	 PGD Acc
[2025/10/13 09:47:49] - 4.2169 	 	 0.0857 	 4.2302 	 0.0560
[2025/10/13 09:48:34] - 1 	 18.7 	 	 0.2000 	 4.4590 	 0.0784
[2025/10/13 09:48:34] - ==> Building model..
[2025/10/13 09:48:50] - Test Loss 	 Test Acc 	 PGD Loss 	 PGD Acc
[2025/10/13 09:48:50] - 4.0267 	 	 0.1460 	 4.0567 	 0.0949
[2025/10/13 09:49:33] - 2 	 18.8 	 	 0.2000 	 4.4086 	 0.1021
[2025/10/13 09:49:33] - ==> Building model..
[2025/10/13 09:49:51] - Test Loss 	 Test Acc 	 PGD Loss 	 PGD Acc
[2025/10/13 09:49:51] - 3.9092 	 	 0.1837 	 3.9540 	 0.1147
[2025/10/13 09:50:36] - 3 	 19.0 	 	 0.2000 	 4.3619 	 0.1247
[2025/10/13 09:50:36] - ==> Building model..
[2025/10/13 09:50:52] - Test Loss 	 Test Acc 	 PGD Loss 	 PGD Acc
[2025/10/13 09:50:52] - 3.7500 	 	 0.2318 	 3.8173 	 0.1363
[2025/10/13 09:51:39] - 4 	 19.6 	 	 0.2000 	 4.3172 	 0.1478
[2025/10/13 09:51:39] - ==> Building model..
[2025/10/13 09:51:57] - Test Loss 	 Test Acc 	 PGD Loss 	 PGD Acc
[2025/10/13 09:51:57] - 3.6063 	 	 0.2669 	 3.6972 	 0.1607
[2025/10/13 09:52:46] - 5 	 20.2 	 	 0.2000 	 4.2779 	 0.1670
[2025/10/13 09:52:46] - ==> Building model..
[2025/10/13 09:53:05] - Test Loss 	 Test Acc 	 PGD Loss 	 PGD Acc
[2025/10/13 09:53:05] - 3.4157 	 	 0.3050 	 3.5353 	 0.1743
[2025/10/13 09:53:54] - 6 	 21.1 	 	 0.2000 	 4.2466 	 0.1887
[2025/10/13 09:53:54] - ==> Building model..
[2025/10/13 09:54:12] - Test Loss 	 Test Acc 	 PGD Loss 	 PGD Acc
[2025/10/13 09:54:12] - 3.2450 	 	 0.3382 	 3.3907 	 0.1903
[2025/10/13 09:55:01] - 7 	 20.6 	 	 0.2000 	 4.2236 	 0.1976
[2025/10/13 09:55:01] - ==> Building model..
[2025/10/13 09:55:18] - Test Loss 	 Test Acc 	 PGD Loss 	 PGD Acc
[2025/10/13 09:55:18] - 3.0727 	 	 0.3773 	 3.2515 	 0.2037
[2025/10/13 09:56:05] - 8 	 20.6 	 	 0.2000 	 4.2043 	 0.2076
[2025/10/13 09:56:05] - ==> Building model..
[2025/10/13 09:56:21] - Test Loss 	 Test Acc 	 PGD Loss 	 PGD Acc
[2025/10/13 09:56:21] - 2.9593 	 	 0.4041 	 3.1629 	 0.2201
[2025/10/13 09:57:07] - 9 	 19.4 	 	 0.2000 	 4.1880 	 0.2189
[2025/10/13 09:57:07] - ==> Building model..
[2025/10/13 09:57:23] - Test Loss 	 Test Acc 	 PGD Loss 	 PGD Acc
[2025/10/13 09:57:23] - 2.9087 	 	 0.4136 	 3.1225 	 0.2234
[2025/10/13 09:58:09] - 10 	 19.5 	 	 0.2000 	 4.1763 	 0.2249
[2025/10/13 09:58:09] - ==> Building model..
[2025/10/13 09:58:26] - Test Loss 	 Test Acc 	 PGD Loss 	 PGD Acc
[2025/10/13 09:58:26] - 2.8587 	 	 0.4257 	 3.0847 	 0.2319
[2025/10/13 09:59:12] - 11 	 19.8 	 	 0.2000 	 4.1671 	 0.2302
[2025/10/13 09:59:12] - ==> Building model..
[2025/10/13 09:59:28] - Test Loss 	 Test Acc 	 PGD Loss 	 PGD Acc
[2025/10/13 09:59:28] - 2.8151 	 	 0.4357 	 3.0509 	 0.2364
[2025/10/13 10:00:15] - 12 	 19.8 	 	 0.2000 	 4.1581 	 0.2343
[2025/10/13 10:00:15] - ==> Building model..
[2025/10/13 10:00:31] - Test Loss 	 Test Acc 	 PGD Loss 	 PGD Acc
[2025/10/13 10:00:31] - 2.7762 	 	 0.4500 	 3.0224 	 0.2391
[2025/10/13 10:01:17] - 13 	 19.5 	 	 0.2000 	 4.1545 	 0.2369
[2025/10/13 10:01:17] - ==> Building model..
[2025/10/13 10:01:33] - Test Loss 	 Test Acc 	 PGD Loss 	 PGD Acc
[2025/10/13 10:01:33] - 2.7544 	 	 0.4529 	 3.0052 	 0.2428
[2025/10/13 10:02:19] - 14 	 19.5 	 	 0.2000 	 4.1486 	 0.2407
[2025/10/13 10:02:19] - ==> Building model..
[2025/10/13 10:02:36] - Test Loss 	 Test Acc 	 PGD Loss 	 PGD Acc
[2025/10/13 10:02:36] - 2.7296 	 	 0.4613 	 2.9872 	 0.2461
[2025/10/13 10:03:21] - 15 	 19.3 	 	 0.2000 	 4.1397 	 0.2459
[2025/10/13 10:03:21] - ==> Building model..
[2025/10/13 10:03:38] - Test Loss 	 Test Acc 	 PGD Loss 	 PGD Acc
[2025/10/13 10:03:38] - 2.7048 	 	 0.4679 	 2.9682 	 0.2485
[2025/10/13 10:04:22] - 16 	 19.1 	 	 0.2000 	 4.1358 	 0.2481
[2025/10/13 10:04:22] - ==> Building model..
[2025/10/13 10:04:38] - Test Loss 	 Test Acc 	 PGD Loss 	 PGD Acc
[2025/10/13 10:04:38] - 2.6919 	 	 0.4701 	 2.9584 	 0.2527
[2025/10/13 10:05:22] - 17 	 19.0 	 	 0.2000 	 4.1349 	 0.2488
[2025/10/13 10:05:22] - ==> Building model..
[2025/10/13 10:05:39] - Test Loss 	 Test Acc 	 PGD Loss 	 PGD Acc
[2025/10/13 10:05:39] - 2.6828 	 	 0.4721 	 2.9520 	 0.2536
[2025/10/13 10:06:24] - 18 	 19.4 	 	 0.2000 	 4.1281 	 0.2519
[2025/10/13 10:06:24] - ==> Building model..
[2025/10/13 10:06:40] - Test Loss 	 Test Acc 	 PGD Loss 	 PGD Acc
[2025/10/13 10:06:40] - 2.6697 	 	 0.4750 	 2.9432 	 0.2557
[2025/10/13 10:07:25] - 19 	 19.1 	 	 0.2000 	 4.1252 	 0.2551
[2025/10/13 10:07:25] - ==> Building model..
[2025/10/13 10:07:42] - Test Loss 	 Test Acc 	 PGD Loss 	 PGD Acc
[2025/10/13 10:07:42] - 2.6525 	 	 0.4799 	 2.9285 	 0.2563
[2025/10/13 10:08:27] - 20 	 19.4 	 	 0.2000 	 4.1241 	 0.2557
[2025/10/13 10:08:27] - ==> Building model..
[2025/10/13 10:08:44] - Test Loss 	 Test Acc 	 PGD Loss 	 PGD Acc
[2025/10/13 10:08:44] - 2.6470 	 	 0.4830 	 2.9261 	 0.2577
[2025/10/13 10:09:29] - 21 	 19.3 	 	 0.2000 	 4.1193 	 0.2560
[2025/10/13 10:09:29] - ==> Building model..
[2025/10/13 10:09:46] - Test Loss 	 Test Acc 	 PGD Loss 	 PGD Acc
[2025/10/13 10:09:46] - 2.6313 	 	 0.4855 	 2.9140 	 0.2606
[2025/10/13 10:10:33] - 22 	 19.2 	 	 0.2000 	 4.1195 	 0.2573
[2025/10/13 10:10:33] - ==> Building model..
[2025/10/13 10:10:49] - Test Loss 	 Test Acc 	 PGD Loss 	 PGD Acc
[2025/10/13 10:10:49] - 2.6207 	 	 0.4883 	 2.9072 	 0.2612
[2025/10/13 10:11:36] - 23 	 19.6 	 	 0.2000 	 4.1178 	 0.2567
[2025/10/13 10:11:36] - ==> Building model..
[2025/10/13 10:11:53] - Test Loss 	 Test Acc 	 PGD Loss 	 PGD Acc
[2025/10/13 10:11:53] - 2.6151 	 	 0.4906 	 2.9033 	 0.2615
[2025/10/13 10:12:40] - 24 	 19.8 	 	 0.2000 	 4.1135 	 0.2602
[2025/10/13 10:12:40] - ==> Building model..
[2025/10/13 10:12:57] - Test Loss 	 Test Acc 	 PGD Loss 	 PGD Acc
[2025/10/13 10:12:57] - 2.6090 	 	 0.4925 	 2.8981 	 0.2619
[2025/10/13 10:13:42] - 25 	 19.4 	 	 0.2000 	 4.1121 	 0.2625
[2025/10/13 10:13:42] - ==> Building model..
[2025/10/13 10:13:59] - Test Loss 	 Test Acc 	 PGD Loss 	 PGD Acc
[2025/10/13 10:13:59] - 2.6011 	 	 0.4949 	 2.8926 	 0.2624
[2025/10/13 10:14:45] - 26 	 19.5 	 	 0.2000 	 4.1098 	 0.2627
[2025/10/13 10:14:45] - ==> Building model..
[2025/10/13 10:15:01] - Test Loss 	 Test Acc 	 PGD Loss 	 PGD Acc
[2025/10/13 10:15:01] - 2.5987 	 	 0.4926 	 2.8903 	 0.2640
[2025/10/13 10:15:48] - 27 	 20.0 	 	 0.2000 	 4.1086 	 0.2639
[2025/10/13 10:15:48] - ==> Building model..
[2025/10/13 10:16:05] - Test Loss 	 Test Acc 	 PGD Loss 	 PGD Acc
[2025/10/13 10:16:05] - 2.5957 	 	 0.4962 	 2.8897 	 0.2662
[2025/10/13 10:16:51] - 28 	 19.5 	 	 0.2000 	 4.1075 	 0.2647
[2025/10/13 10:16:51] - ==> Building model..
[2025/10/13 10:17:07] - Test Loss 	 Test Acc 	 PGD Loss 	 PGD Acc
[2025/10/13 10:17:07] - 2.5941 	 	 0.4979 	 2.8881 	 0.2658
[2025/10/13 10:17:53] - 29 	 19.7 	 	 0.2000 	 4.1060 	 0.2662
[2025/10/13 10:17:53] - ==> Building model..
[2025/10/13 10:18:10] - Test Loss 	 Test Acc 	 PGD Loss 	 PGD Acc
[2025/10/13 10:18:10] - 2.5881 	 	 0.4964 	 2.8832 	 0.2668
[2025/10/13 10:18:56] - 30 	 19.7 	 	 0.2000 	 4.1063 	 0.2647
[2025/10/13 10:18:56] - ==> Building model..
[2025/10/13 10:19:12] - Test Loss 	 Test Acc 	 PGD Loss 	 PGD Acc
[2025/10/13 10:19:12] - 2.5834 	 	 0.4983 	 2.8792 	 0.2681
[2025/10/13 10:19:59] - 31 	 19.9 	 	 0.2000 	 4.1041 	 0.2640
[2025/10/13 10:19:59] - ==> Building model..
[2025/10/13 10:20:15] - Test Loss 	 Test Acc 	 PGD Loss 	 PGD Acc
[2025/10/13 10:20:15] - 2.5751 	 	 0.4993 	 2.8730 	 0.2701
[2025/10/13 10:21:02] - 32 	 20.0 	 	 0.2000 	 4.1029 	 0.2661
[2025/10/13 10:21:02] - ==> Building model..
[2025/10/13 10:21:19] - Test Loss 	 Test Acc 	 PGD Loss 	 PGD Acc
[2025/10/13 10:21:19] - 2.5736 	 	 0.5013 	 2.8714 	 0.2712
[2025/10/13 10:22:05] - 33 	 19.4 	 	 0.2000 	 4.1019 	 0.2678
[2025/10/13 10:22:05] - ==> Building model..
[2025/10/13 10:22:21] - Test Loss 	 Test Acc 	 PGD Loss 	 PGD Acc
[2025/10/13 10:22:21] - 2.5683 	 	 0.5018 	 2.8674 	 0.2714
[2025/10/13 10:23:07] - 34 	 19.7 	 	 0.2000 	 4.1006 	 0.2677
[2025/10/13 10:23:07] - ==> Building model..
[2025/10/13 10:23:24] - Test Loss 	 Test Acc 	 PGD Loss 	 PGD Acc
[2025/10/13 10:23:24] - 2.5632 	 	 0.5024 	 2.8638 	 0.2727
[2025/10/13 10:24:09] - 35 	 19.4 	 	 0.2000 	 4.0977 	 0.2718
[2025/10/13 10:24:09] - ==> Building model..
[2025/10/13 10:24:26] - Test Loss 	 Test Acc 	 PGD Loss 	 PGD Acc
[2025/10/13 10:24:26] - 2.5605 	 	 0.5057 	 2.8622 	 0.2730
[2025/10/13 10:25:11] - 36 	 19.2 	 	 0.2000 	 4.0975 	 0.2703
[2025/10/13 10:25:11] - ==> Building model..
[2025/10/13 10:25:28] - Test Loss 	 Test Acc 	 PGD Loss 	 PGD Acc
[2025/10/13 10:25:28] - 2.5584 	 	 0.5055 	 2.8606 	 0.2747
[2025/10/13 10:26:15] - 37 	 19.8 	 	 0.2000 	 4.0978 	 0.2683
[2025/10/13 10:26:15] - ==> Building model..
[2025/10/13 10:26:31] - Test Loss 	 Test Acc 	 PGD Loss 	 PGD Acc
[2025/10/13 10:26:31] - 2.5581 	 	 0.5067 	 2.8613 	 0.2737
[2025/10/13 10:27:16] - 38 	 19.3 	 	 0.2000 	 4.0940 	 0.2716
[2025/10/13 10:27:16] - ==> Building model..
[2025/10/13 10:27:33] - Test Loss 	 Test Acc 	 PGD Loss 	 PGD Acc
[2025/10/13 10:27:33] - 2.5552 	 	 0.5067 	 2.8587 	 0.2735
[2025/10/13 10:28:19] - 39 	 19.8 	 	 0.2000 	 4.0948 	 0.2708
[2025/10/13 10:28:19] - ==> Building model..
[2025/10/13 10:28:36] - Test Loss 	 Test Acc 	 PGD Loss 	 PGD Acc
[2025/10/13 10:28:36] - 2.5519 	 	 0.5088 	 2.8557 	 0.2735
[2025/10/13 10:29:22] - 40 	 19.5 	 	 0.2000 	 4.0945 	 0.2730
[2025/10/13 10:29:22] - ==> Building model..
[2025/10/13 10:29:38] - Test Loss 	 Test Acc 	 PGD Loss 	 PGD Acc
[2025/10/13 10:29:38] - 2.5534 	 	 0.5072 	 2.8570 	 0.2748
[2025/10/13 10:30:24] - 41 	 19.1 	 	 0.2000 	 4.0939 	 0.2726
[2025/10/13 10:30:24] - ==> Building model..
[2025/10/13 10:30:40] - Test Loss 	 Test Acc 	 PGD Loss 	 PGD Acc
[2025/10/13 10:30:40] - 2.5529 	 	 0.5078 	 2.8564 	 0.2760
[2025/10/13 10:31:28] - 42 	 20.2 	 	 0.2000 	 4.0946 	 0.2702
[2025/10/13 10:31:28] - ==> Building model..
[2025/10/13 10:31:44] - Test Loss 	 Test Acc 	 PGD Loss 	 PGD Acc
[2025/10/13 10:31:44] - 2.5506 	 	 0.5099 	 2.8552 	 0.2763
[2025/10/13 10:32:31] - 43 	 19.5 	 	 0.2000 	 4.0939 	 0.2718
[2025/10/13 10:32:31] - ==> Building model..
[2025/10/13 10:32:47] - Test Loss 	 Test Acc 	 PGD Loss 	 PGD Acc
[2025/10/13 10:32:47] - 2.5535 	 	 0.5115 	 2.8566 	 0.2766
[2025/10/13 10:33:33] - 44 	 19.4 	 	 0.2000 	 4.0926 	 0.2744
[2025/10/13 10:33:33] - ==> Building model..
[2025/10/13 10:33:49] - Test Loss 	 Test Acc 	 PGD Loss 	 PGD Acc
[2025/10/13 10:33:49] - 2.5499 	 	 0.5133 	 2.8552 	 0.2763
[2025/10/13 10:34:35] - 45 	 19.6 	 	 0.2000 	 4.0913 	 0.2748
[2025/10/13 10:34:35] - ==> Building model..
[2025/10/13 10:34:52] - Test Loss 	 Test Acc 	 PGD Loss 	 PGD Acc
[2025/10/13 10:34:52] - 2.5503 	 	 0.5139 	 2.8555 	 0.2785
[2025/10/13 10:35:41] - 46 	 20.0 	 	 0.2000 	 4.0890 	 0.2765
[2025/10/13 10:35:41] - ==> Building model..
[2025/10/13 10:35:58] - Test Loss 	 Test Acc 	 PGD Loss 	 PGD Acc
[2025/10/13 10:35:58] - 2.5498 	 	 0.5145 	 2.8558 	 0.2793
[2025/10/13 10:36:43] - 47 	 19.5 	 	 0.2000 	 4.0916 	 0.2724
[2025/10/13 10:36:43] - ==> Building model..
[2025/10/13 10:37:00] - Test Loss 	 Test Acc 	 PGD Loss 	 PGD Acc
[2025/10/13 10:37:00] - 2.5494 	 	 0.5143 	 2.8553 	 0.2786
[2025/10/13 10:37:46] - 48 	 19.5 	 	 0.2000 	 4.0881 	 0.2770
[2025/10/13 10:37:46] - ==> Building model..
[2025/10/13 10:38:02] - Test Loss 	 Test Acc 	 PGD Loss 	 PGD Acc
[2025/10/13 10:38:02] - 2.5488 	 	 0.5131 	 2.8550 	 0.2785
[2025/10/13 10:38:47] - 49 	 19.4 	 	 0.2000 	 4.0869 	 0.2781
[2025/10/13 10:38:47] - ==> Building model..
[2025/10/13 10:39:04] - Test Loss 	 Test Acc 	 PGD Loss 	 PGD Acc
[2025/10/13 10:39:04] - 2.5488 	 	 0.5144 	 2.8548 	 0.2795
[2025/10/13 10:39:51] - 50 	 19.8 	 	 0.2000 	 4.0873 	 0.2763
[2025/10/13 10:39:51] - ==> Building model..
[2025/10/13 10:40:08] - Test Loss 	 Test Acc 	 PGD Loss 	 PGD Acc
[2025/10/13 10:40:08] - 2.5479 	 	 0.5147 	 2.8538 	 0.2795
[2025/10/13 10:40:54] - 51 	 19.7 	 	 0.2000 	 4.0885 	 0.2751
[2025/10/13 10:40:54] - ==> Building model..
[2025/10/13 10:41:11] - Test Loss 	 Test Acc 	 PGD Loss 	 PGD Acc
[2025/10/13 10:41:11] - 2.5460 	 	 0.5158 	 2.8524 	 0.2797
[2025/10/13 10:41:58] - 52 	 19.5 	 	 0.2000 	 4.0880 	 0.2762
[2025/10/13 10:41:58] - ==> Building model..
[2025/10/13 10:42:15] - Test Loss 	 Test Acc 	 PGD Loss 	 PGD Acc
[2025/10/13 10:42:15] - 2.5495 	 	 0.5136 	 2.8548 	 0.2785
[2025/10/13 10:43:02] - 53 	 20.0 	 	 0.2000 	 4.0868 	 0.2791
[2025/10/13 10:43:02] - ==> Building model..
[2025/10/13 10:43:19] - Test Loss 	 Test Acc 	 PGD Loss 	 PGD Acc
[2025/10/13 10:43:19] - 2.5512 	 	 0.5124 	 2.8546 	 0.2800
[2025/10/13 10:44:06] - 54 	 19.9 	 	 0.2000 	 4.0904 	 0.2747
[2025/10/13 10:44:06] - ==> Building model..
[2025/10/13 10:44:23] - Test Loss 	 Test Acc 	 PGD Loss 	 PGD Acc
[2025/10/13 10:44:23] - 2.5500 	 	 0.5132 	 2.8530 	 0.2798
[2025/10/13 10:45:09] - 55 	 19.6 	 	 0.2000 	 4.0881 	 0.2772
[2025/10/13 10:45:09] - ==> Building model..
[2025/10/13 10:45:25] - Test Loss 	 Test Acc 	 PGD Loss 	 PGD Acc
[2025/10/13 10:45:25] - 2.5512 	 	 0.5130 	 2.8538 	 0.2768
[2025/10/13 10:46:11] - 56 	 19.7 	 	 0.2000 	 4.0883 	 0.2743
[2025/10/13 10:46:11] - ==> Building model..
[2025/10/13 10:46:28] - Test Loss 	 Test Acc 	 PGD Loss 	 PGD Acc
[2025/10/13 10:46:28] - 2.5505 	 	 0.5152 	 2.8537 	 0.2776
[2025/10/13 10:47:15] - 57 	 19.9 	 	 0.2000 	 4.0896 	 0.2782
[2025/10/13 10:47:15] - ==> Building model..
[2025/10/13 10:47:32] - Test Loss 	 Test Acc 	 PGD Loss 	 PGD Acc
[2025/10/13 10:47:32] - 2.5497 	 	 0.5155 	 2.8531 	 0.2788
[2025/10/13 10:48:19] - 58 	 20.1 	 	 0.2000 	 4.0879 	 0.2775
[2025/10/13 10:48:19] - ==> Building model..
[2025/10/13 10:48:36] - Test Loss 	 Test Acc 	 PGD Loss 	 PGD Acc
[2025/10/13 10:48:36] - 2.5496 	 	 0.5165 	 2.8530 	 0.2783
[2025/10/13 10:49:23] - 59 	 20.1 	 	 0.2000 	 4.0899 	 0.2772
[2025/10/13 10:49:23] - ==> Building model..
[2025/10/13 10:49:40] - Test Loss 	 Test Acc 	 PGD Loss 	 PGD Acc
[2025/10/13 10:49:40] - 2.5500 	 	 0.5158 	 2.8529 	 0.2788
[2025/10/13 10:50:26] - 60 	 19.9 	 	 0.2000 	 4.0871 	 0.2808
[2025/10/13 10:50:26] - ==> Building model..
[2025/10/13 10:50:43] - Test Loss 	 Test Acc 	 PGD Loss 	 PGD Acc
[2025/10/13 10:50:43] - 2.5508 	 	 0.5152 	 2.8534 	 0.2778
[2025/10/13 10:51:31] - 61 	 20.2 	 	 0.2000 	 4.0887 	 0.2759
[2025/10/13 10:51:31] - ==> Building model..
[2025/10/13 10:51:48] - Test Loss 	 Test Acc 	 PGD Loss 	 PGD Acc
[2025/10/13 10:51:48] - 2.5508 	 	 0.5158 	 2.8534 	 0.2784
[2025/10/13 10:52:33] - 62 	 19.4 	 	 0.2000 	 4.0882 	 0.2776
[2025/10/13 10:52:33] - ==> Building model..
[2025/10/13 10:52:50] - Test Loss 	 Test Acc 	 PGD Loss 	 PGD Acc
[2025/10/13 10:52:50] - 2.5531 	 	 0.5167 	 2.8549 	 0.2783
[2025/10/13 10:53:36] - 63 	 19.8 	 	 0.2000 	 4.0898 	 0.2757
[2025/10/13 10:53:36] - ==> Building model..
[2025/10/13 10:53:53] - Test Loss 	 Test Acc 	 PGD Loss 	 PGD Acc
[2025/10/13 10:53:53] - 2.5546 	 	 0.5168 	 2.8562 	 0.2785
[2025/10/13 10:54:39] - 64 	 19.7 	 	 0.2000 	 4.0877 	 0.2793
[2025/10/13 10:54:39] - ==> Building model..
[2025/10/13 10:54:56] - Test Loss 	 Test Acc 	 PGD Loss 	 PGD Acc
[2025/10/13 10:54:56] - 2.5551 	 	 0.5165 	 2.8567 	 0.2789
[2025/10/13 10:55:42] - 65 	 19.4 	 	 0.2000 	 4.0881 	 0.2784
[2025/10/13 10:55:42] - ==> Building model..
[2025/10/13 10:55:59] - Test Loss 	 Test Acc 	 PGD Loss 	 PGD Acc
[2025/10/13 10:55:59] - 2.5581 	 	 0.5159 	 2.8586 	 0.2784
[2025/10/13 10:56:45] - 66 	 19.8 	 	 0.2000 	 4.0889 	 0.2767
[2025/10/13 10:56:45] - ==> Building model..
[2025/10/13 10:57:02] - Test Loss 	 Test Acc 	 PGD Loss 	 PGD Acc
[2025/10/13 10:57:02] - 2.5619 	 	 0.5172 	 2.8609 	 0.2777
[2025/10/13 10:57:47] - 67 	 19.4 	 	 0.2000 	 4.0891 	 0.2794
[2025/10/13 10:57:47] - ==> Building model..
[2025/10/13 10:58:04] - Test Loss 	 Test Acc 	 PGD Loss 	 PGD Acc
[2025/10/13 10:58:04] - 2.5635 	 	 0.5167 	 2.8624 	 0.2787
[2025/10/13 10:58:50] - 68 	 19.3 	 	 0.2000 	 4.0891 	 0.2800
[2025/10/13 10:58:50] - ==> Building model..
[2025/10/13 10:59:07] - Test Loss 	 Test Acc 	 PGD Loss 	 PGD Acc
[2025/10/13 10:59:07] - 2.5645 	 	 0.5169 	 2.8626 	 0.2788
[2025/10/13 10:59:54] - 69 	 19.8 	 	 0.2000 	 4.0902 	 0.2799
[2025/10/13 10:59:54] - ==> Building model..
[2025/10/13 11:00:10] - Test Loss 	 Test Acc 	 PGD Loss 	 PGD Acc
[2025/10/13 11:00:10] - 2.5667 	 	 0.5159 	 2.8636 	 0.2789
[2025/10/13 11:00:56] - 70 	 19.4 	 	 0.2000 	 4.0909 	 0.2780
[2025/10/13 11:00:56] - ==> Building model..
[2025/10/13 11:01:13] - Test Loss 	 Test Acc 	 PGD Loss 	 PGD Acc
[2025/10/13 11:01:13] - 2.5686 	 	 0.5181 	 2.8650 	 0.2814
[2025/10/13 11:01:59] - 71 	 19.2 	 	 0.2000 	 4.0901 	 0.2786
[2025/10/13 11:01:59] - ==> Building model..
[2025/10/13 11:02:16] - Test Loss 	 Test Acc 	 PGD Loss 	 PGD Acc
[2025/10/13 11:02:16] - 2.5698 	 	 0.5183 	 2.8662 	 0.2800
[2025/10/13 11:03:01] - 72 	 19.2 	 	 0.2000 	 4.0897 	 0.2769
[2025/10/13 11:03:01] - ==> Building model..
[2025/10/13 11:03:17] - Test Loss 	 Test Acc 	 PGD Loss 	 PGD Acc
[2025/10/13 11:03:17] - 2.5715 	 	 0.5182 	 2.8680 	 0.2819
[2025/10/13 11:04:02] - 73 	 19.1 	 	 0.2000 	 4.0900 	 0.2778
[2025/10/13 11:04:02] - ==> Building model..
[2025/10/13 11:04:19] - Test Loss 	 Test Acc 	 PGD Loss 	 PGD Acc
[2025/10/13 11:04:19] - 2.5732 	 	 0.5197 	 2.8688 	 0.2813
[2025/10/13 11:05:05] - 74 	 19.7 	 	 0.2000 	 4.0916 	 0.2787
[2025/10/13 11:05:05] - ==> Building model..
[2025/10/13 11:05:22] - Test Loss 	 Test Acc 	 PGD Loss 	 PGD Acc
[2025/10/13 11:05:22] - 2.5743 	 	 0.5198 	 2.8701 	 0.2824
[2025/10/13 11:06:07] - 75 	 19.1 	 	 0.2000 	 4.0906 	 0.2792
[2025/10/13 11:06:07] - ==> Building model..
[2025/10/13 11:06:23] - Test Loss 	 Test Acc 	 PGD Loss 	 PGD Acc
[2025/10/13 11:06:23] - 2.5753 	 	 0.5189 	 2.8708 	 0.2830
[2025/10/13 11:07:09] - 76 	 19.3 	 	 0.2000 	 4.0905 	 0.2796
[2025/10/13 11:07:09] - ==> Building model..
[2025/10/13 11:07:25] - Test Loss 	 Test Acc 	 PGD Loss 	 PGD Acc
[2025/10/13 11:07:25] - 2.5763 	 	 0.5198 	 2.8717 	 0.2829
[2025/10/13 11:08:12] - 77 	 19.4 	 	 0.2000 	 4.0897 	 0.2803
[2025/10/13 11:08:12] - ==> Building model..
[2025/10/13 11:08:29] - Test Loss 	 Test Acc 	 PGD Loss 	 PGD Acc
[2025/10/13 11:08:29] - 2.5785 	 	 0.5200 	 2.8731 	 0.2837
[2025/10/13 11:09:16] - 78 	 19.9 	 	 0.2000 	 4.0912 	 0.2767
[2025/10/13 11:09:16] - ==> Building model..
[2025/10/13 11:09:32] - Test Loss 	 Test Acc 	 PGD Loss 	 PGD Acc
[2025/10/13 11:09:32] - 2.5800 	 	 0.5200 	 2.8738 	 0.2835
[2025/10/13 11:10:19] - 79 	 19.8 	 	 0.2000 	 4.0910 	 0.2780
[2025/10/13 11:10:19] - ==> Building model..
[2025/10/13 11:10:36] - Test Loss 	 Test Acc 	 PGD Loss 	 PGD Acc
[2025/10/13 11:10:36] - 2.5809 	 	 0.5205 	 2.8745 	 0.2835
[2025/10/13 11:11:22] - 80 	 19.6 	 	 0.2000 	 4.0887 	 0.2790
[2025/10/13 11:11:22] - ==> Building model..
[2025/10/13 11:11:38] - Test Loss 	 Test Acc 	 PGD Loss 	 PGD Acc
[2025/10/13 11:11:38] - 2.5837 	 	 0.5199 	 2.8764 	 0.2828
[2025/10/13 11:12:24] - 81 	 19.7 	 	 0.2000 	 4.0901 	 0.2778
[2025/10/13 11:12:24] - ==> Building model..
[2025/10/13 11:12:41] - Test Loss 	 Test Acc 	 PGD Loss 	 PGD Acc
[2025/10/13 11:12:41] - 2.5856 	 	 0.5195 	 2.8774 	 0.2835
[2025/10/13 11:13:27] - 82 	 19.4 	 	 0.2000 	 4.0902 	 0.2803
[2025/10/13 11:13:27] - ==> Building model..
[2025/10/13 11:13:44] - Test Loss 	 Test Acc 	 PGD Loss 	 PGD Acc
[2025/10/13 11:13:44] - 2.5852 	 	 0.5194 	 2.8775 	 0.2836
[2025/10/13 11:14:30] - 83 	 19.6 	 	 0.2000 	 4.0869 	 0.2817
[2025/10/13 11:14:30] - ==> Building model..
[2025/10/13 11:14:47] - Test Loss 	 Test Acc 	 PGD Loss 	 PGD Acc
[2025/10/13 11:14:47] - 2.5866 	 	 0.5176 	 2.8784 	 0.2835
[2025/10/13 11:15:33] - 84 	 19.4 	 	 0.2000 	 4.0908 	 0.2781
[2025/10/13 11:15:33] - ==> Building model..
[2025/10/13 11:15:50] - Test Loss 	 Test Acc 	 PGD Loss 	 PGD Acc
[2025/10/13 11:15:50] - 2.5867 	 	 0.5189 	 2.8789 	 0.2827
[2025/10/13 11:16:34] - 85 	 19.1 	 	 0.2000 	 4.0906 	 0.2798
[2025/10/13 11:16:34] - ==> Building model..
[2025/10/13 11:16:51] - Test Loss 	 Test Acc 	 PGD Loss 	 PGD Acc
[2025/10/13 11:16:51] - 2.5879 	 	 0.5193 	 2.8798 	 0.2824
[2025/10/13 11:17:35] - 86 	 18.9 	 	 0.2000 	 4.0896 	 0.2808
[2025/10/13 11:17:35] - ==> Building model..
[2025/10/13 11:17:51] - Test Loss 	 Test Acc 	 PGD Loss 	 PGD Acc
[2025/10/13 11:17:51] - 2.5889 	 	 0.5202 	 2.8812 	 0.2824
[2025/10/13 11:18:38] - 87 	 19.5 	 	 0.2000 	 4.0891 	 0.2820
[2025/10/13 11:18:38] - ==> Building model..
[2025/10/13 11:18:54] - Test Loss 	 Test Acc 	 PGD Loss 	 PGD Acc
[2025/10/13 11:18:54] - 2.5890 	 	 0.5203 	 2.8814 	 0.2827
[2025/10/13 11:19:40] - 88 	 19.3 	 	 0.2000 	 4.0908 	 0.2784
[2025/10/13 11:19:40] - ==> Building model..
[2025/10/13 11:19:56] - Test Loss 	 Test Acc 	 PGD Loss 	 PGD Acc
[2025/10/13 11:19:56] - 2.5903 	 	 0.5206 	 2.8823 	 0.2820
[2025/10/13 11:20:42] - 89 	 19.5 	 	 0.2000 	 4.0890 	 0.2818
[2025/10/13 11:20:42] - ==> Building model..
[2025/10/13 11:20:59] - Test Loss 	 Test Acc 	 PGD Loss 	 PGD Acc
[2025/10/13 11:20:59] - 2.5901 	 	 0.5199 	 2.8815 	 0.2823
[2025/10/13 11:21:43] - 90 	 18.4 	 	 0.0200 	 3.9947 	 0.3415
[2025/10/13 11:21:43] - ==> Building model..
[2025/10/13 11:21:59] - Test Loss 	 Test Acc 	 PGD Loss 	 PGD Acc
[2025/10/13 11:21:59] - 2.5873 	 	 0.5200 	 2.8797 	 0.2824
[2025/10/13 11:22:44] - 91 	 18.3 	 	 0.0200 	 3.9006 	 0.4021
[2025/10/13 11:22:44] - ==> Building model..
[2025/10/13 11:23:01] - Test Loss 	 Test Acc 	 PGD Loss 	 PGD Acc
[2025/10/13 11:23:01] - 2.5859 	 	 0.5208 	 2.8785 	 0.2821
[2025/10/13 11:23:46] - 92 	 18.3 	 	 0.0200 	 3.8740 	 0.4209
[2025/10/13 11:23:46] - ==> Building model..
[2025/10/13 11:24:02] - Test Loss 	 Test Acc 	 PGD Loss 	 PGD Acc
[2025/10/13 11:24:02] - 2.5857 	 	 0.5211 	 2.8787 	 0.2823
[2025/10/13 11:24:50] - 93 	 18.9 	 	 0.0200 	 3.8565 	 0.4336
[2025/10/13 11:24:50] - ==> Building model..
[2025/10/13 11:25:07] - Test Loss 	 Test Acc 	 PGD Loss 	 PGD Acc
[2025/10/13 11:25:07] - 2.5858 	 	 0.5209 	 2.8787 	 0.2818
[2025/10/13 11:25:55] - 94 	 18.7 	 	 0.0200 	 3.8410 	 0.4447
[2025/10/13 11:25:55] - ==> Building model..
[2025/10/13 11:26:11] - Test Loss 	 Test Acc 	 PGD Loss 	 PGD Acc
[2025/10/13 11:26:11] - 2.5869 	 	 0.5206 	 2.8799 	 0.2823
[2025/10/13 11:26:55] - 95 	 18.1 	 	 0.0200 	 3.8288 	 0.4516
[2025/10/13 11:26:55] - ==> Building model..
[2025/10/13 11:27:11] - Test Loss 	 Test Acc 	 PGD Loss 	 PGD Acc
[2025/10/13 11:27:11] - 2.5899 	 	 0.5212 	 2.8829 	 0.2819
[2025/10/13 11:27:55] - 96 	 18.2 	 	 0.0200 	 3.8185 	 0.4605
[2025/10/13 11:27:55] - ==> Building model..
[2025/10/13 11:28:11] - Test Loss 	 Test Acc 	 PGD Loss 	 PGD Acc
[2025/10/13 11:28:11] - 2.5921 	 	 0.5212 	 2.8847 	 0.2821
[2025/10/13 11:28:56] - 97 	 18.3 	 	 0.0200 	 3.8100 	 0.4683
[2025/10/13 11:28:56] - ==> Building model..
[2025/10/13 11:29:13] - Test Loss 	 Test Acc 	 PGD Loss 	 PGD Acc
[2025/10/13 11:29:13] - 2.5955 	 	 0.5210 	 2.8868 	 0.2817
[2025/10/13 11:29:59] - 98 	 18.2 	 	 0.0200 	 3.8016 	 0.4723
[2025/10/13 11:29:59] - ==> Building model..
[2025/10/13 11:30:15] - Test Loss 	 Test Acc 	 PGD Loss 	 PGD Acc
[2025/10/13 11:30:15] - 2.5976 	 	 0.5207 	 2.8886 	 0.2824
[2025/10/13 11:31:00] - 99 	 18.5 	 	 0.0200 	 3.7941 	 0.4785
[2025/10/13 11:31:00] - ==> Building model..
[2025/10/13 11:31:16] - Test Loss 	 Test Acc 	 PGD Loss 	 PGD Acc
[2025/10/13 11:31:16] - 2.5989 	 	 0.5203 	 2.8898 	 0.2827
[2025/10/13 11:31:16] - [0.0857, 0.146, 0.1837, 0.2318, 0.2669, 0.305, 0.3382, 0.3773, 0.4041, 0.4136, 0.4257, 0.4357, 0.45, 0.4529, 0.4613, 0.4679, 0.4701, 0.4721, 0.475, 0.4799, 0.483, 0.4855, 0.4883, 0.4906, 0.4925, 0.4949, 0.4926, 0.4962, 0.4979, 0.4964, 0.4983, 0.4993, 0.5013, 0.5018, 0.5024, 0.5057, 0.5055, 0.5067, 0.5067, 0.5088, 0.5072, 0.5078, 0.5099, 0.5115, 0.5133, 0.5139, 0.5145, 0.5143, 0.5131, 0.5144, 0.5147, 0.5158, 0.5136, 0.5124, 0.5132, 0.513, 0.5152, 0.5155, 0.5165, 0.5158, 0.5152, 0.5158, 0.5167, 0.5168, 0.5165, 0.5159, 0.5172, 0.5167, 0.5169, 0.5159, 0.5181, 0.5183, 0.5182, 0.5197, 0.5198, 0.5189, 0.5198, 0.52, 0.52, 0.5205, 0.5199, 0.5195, 0.5194, 0.5176, 0.5189, 0.5193, 0.5202, 0.5203, 0.5206, 0.5199, 0.52, 0.5208, 0.5211, 0.5209, 0.5206, 0.5212, 0.5212, 0.521, 0.5207, 0.5203]
[2025/10/13 11:31:16] - [0.056, 0.0949, 0.1147, 0.1363, 0.1607, 0.1743, 0.1903, 0.2037, 0.2201, 0.2234, 0.2319, 0.2364, 0.2391, 0.2428, 0.2461, 0.2485, 0.2527, 0.2536, 0.2557, 0.2563, 0.2577, 0.2606, 0.2612, 0.2615, 0.2619, 0.2624, 0.264, 0.2662, 0.2658, 0.2668, 0.2681, 0.2701, 0.2712, 0.2714, 0.2727, 0.273, 0.2747, 0.2737, 0.2735, 0.2735, 0.2748, 0.276, 0.2763, 0.2766, 0.2763, 0.2785, 0.2793, 0.2786, 0.2785, 0.2795, 0.2795, 0.2797, 0.2785, 0.28, 0.2798, 0.2768, 0.2776, 0.2788, 0.2783, 0.2788, 0.2778, 0.2784, 0.2783, 0.2785, 0.2789, 0.2784, 0.2777, 0.2787, 0.2788, 0.2789, 0.2814, 0.28, 0.2819, 0.2813, 0.2824, 0.283, 0.2829, 0.2837, 0.2835, 0.2835, 0.2828, 0.2835, 0.2836, 0.2835, 0.2827, 0.2824, 0.2824, 0.2827, 0.282, 0.2823, 0.2824, 0.2821, 0.2823, 0.2818, 0.2823, 0.2819, 0.2821, 0.2817, 0.2824, 0.2827]
