[2025/10/14 12:09:30] - Namespace(batch_size=128, data_dir='cifar-data', epochs=100, lr_schedule='multistep', lr_min=0.0, lr_max=0.2, weight_decay=0.0005, momentum=0.9, model='ResNet18', epsilon=8, alpha=8, delta_init='random', normal_mean=0, normal_std=1, out_dir='./output/CIFAR100/lamda_37_lamscale_0.05_run1', seed=0, lamda=37.0, lam_scale=0.05, lam_start=50, gamma=0.05, inner_gamma=0.05, beta=0.2, mu=3.5, batch_m=0.75, early_stop=False, factor=0.5, length=4, n_holes=1, c_num=0.125, EMA_value=0.55)
[2025/10/14 12:09:32] - ==> Building model..
[2025/10/14 12:09:32] - Epoch 	 Seconds 	 LR 	 	 Train Loss 	 Train Acc
[2025/10/14 12:10:28] - 0 	 28.6 	 	 0.2000 	 4.5649 	 0.0412
[2025/10/14 12:10:28] - ==> Building model..
[2025/10/14 12:10:51] - Test Loss 	 Test Acc 	 PGD Loss 	 PGD Acc
[2025/10/14 12:10:51] - 4.1932 	 	 0.0928 	 4.2087 	 0.0619
[2025/10/14 12:11:45] - 1 	 27.2 	 	 0.2000 	 4.4557 	 0.0810
[2025/10/14 12:11:45] - ==> Building model..
[2025/10/14 12:12:08] - Test Loss 	 Test Acc 	 PGD Loss 	 PGD Acc
[2025/10/14 12:12:08] - 4.0414 	 	 0.1448 	 4.0708 	 0.0960
[2025/10/14 12:13:02] - 2 	 27.4 	 	 0.2000 	 4.4049 	 0.1045
[2025/10/14 12:13:02] - ==> Building model..
[2025/10/14 12:13:25] - Test Loss 	 Test Acc 	 PGD Loss 	 PGD Acc
[2025/10/14 12:13:25] - 3.9374 	 	 0.1831 	 3.9799 	 0.1115
[2025/10/14 12:14:20] - 3 	 27.8 	 	 0.2000 	 4.3583 	 0.1264
[2025/10/14 12:14:20] - ==> Building model..
[2025/10/14 12:14:43] - Test Loss 	 Test Acc 	 PGD Loss 	 PGD Acc
[2025/10/14 12:14:43] - 3.7431 	 	 0.2335 	 3.8119 	 0.1343
[2025/10/14 12:15:39] - 4 	 28.0 	 	 0.2000 	 4.3128 	 0.1502
[2025/10/14 12:15:39] - ==> Building model..
[2025/10/14 12:16:02] - Test Loss 	 Test Acc 	 PGD Loss 	 PGD Acc
[2025/10/14 12:16:02] - 3.5999 	 	 0.2721 	 3.6918 	 0.1588
[2025/10/14 12:16:56] - 5 	 27.2 	 	 0.2000 	 4.2731 	 0.1712
[2025/10/14 12:16:56] - ==> Building model..
[2025/10/14 12:17:19] - Test Loss 	 Test Acc 	 PGD Loss 	 PGD Acc
[2025/10/14 12:17:19] - 3.4151 	 	 0.3093 	 3.5353 	 0.1761
[2025/10/14 12:18:12] - 6 	 27.3 	 	 0.2000 	 4.2425 	 0.1878
[2025/10/14 12:18:12] - ==> Building model..
[2025/10/14 12:18:34] - Test Loss 	 Test Acc 	 PGD Loss 	 PGD Acc
[2025/10/14 12:18:34] - 3.2145 	 	 0.3496 	 3.3660 	 0.1926
[2025/10/14 12:19:30] - 7 	 28.1 	 	 0.2000 	 4.2220 	 0.1993
[2025/10/14 12:19:30] - ==> Building model..
[2025/10/14 12:19:53] - Test Loss 	 Test Acc 	 PGD Loss 	 PGD Acc
[2025/10/14 12:19:53] - 3.0686 	 	 0.3803 	 3.2473 	 0.2068
[2025/10/14 12:20:49] - 8 	 28.8 	 	 0.2000 	 4.2027 	 0.2096
[2025/10/14 12:20:49] - ==> Building model..
[2025/10/14 12:21:12] - Test Loss 	 Test Acc 	 PGD Loss 	 PGD Acc
[2025/10/14 12:21:12] - 2.9582 	 	 0.4066 	 3.1624 	 0.2178
[2025/10/14 12:22:06] - 9 	 27.6 	 	 0.2000 	 4.1875 	 0.2183
[2025/10/14 12:22:06] - ==> Building model..
[2025/10/14 12:22:30] - Test Loss 	 Test Acc 	 PGD Loss 	 PGD Acc
[2025/10/14 12:22:30] - 2.8983 	 	 0.4162 	 3.1138 	 0.2249
[2025/10/14 12:23:26] - 10 	 28.8 	 	 0.2000 	 4.1752 	 0.2251
[2025/10/14 12:23:26] - ==> Building model..
[2025/10/14 12:23:50] - Test Loss 	 Test Acc 	 PGD Loss 	 PGD Acc
[2025/10/14 12:23:50] - 2.8433 	 	 0.4307 	 3.0727 	 0.2318
[2025/10/14 12:24:45] - 11 	 28.1 	 	 0.2000 	 4.1663 	 0.2294
[2025/10/14 12:24:45] - ==> Building model..
[2025/10/14 12:25:07] - Test Loss 	 Test Acc 	 PGD Loss 	 PGD Acc
[2025/10/14 12:25:07] - 2.7979 	 	 0.4391 	 3.0377 	 0.2387
[2025/10/14 12:26:03] - 12 	 28.2 	 	 0.2000 	 4.1566 	 0.2363
[2025/10/14 12:26:03] - ==> Building model..
[2025/10/14 12:26:25] - Test Loss 	 Test Acc 	 PGD Loss 	 PGD Acc
[2025/10/14 12:26:25] - 2.7623 	 	 0.4517 	 3.0103 	 0.2416
[2025/10/14 12:27:20] - 13 	 27.8 	 	 0.2000 	 4.1542 	 0.2352
[2025/10/14 12:27:20] - ==> Building model..
[2025/10/14 12:27:42] - Test Loss 	 Test Acc 	 PGD Loss 	 PGD Acc
[2025/10/14 12:27:42] - 2.7400 	 	 0.4567 	 2.9933 	 0.2451
[2025/10/14 12:28:37] - 14 	 27.8 	 	 0.2000 	 4.1485 	 0.2417
[2025/10/14 12:28:37] - ==> Building model..
[2025/10/14 12:28:59] - Test Loss 	 Test Acc 	 PGD Loss 	 PGD Acc
[2025/10/14 12:28:59] - 2.7242 	 	 0.4603 	 2.9826 	 0.2481
[2025/10/14 12:29:55] - 15 	 28.1 	 	 0.2000 	 4.1390 	 0.2464
[2025/10/14 12:29:55] - ==> Building model..
[2025/10/14 12:30:16] - Test Loss 	 Test Acc 	 PGD Loss 	 PGD Acc
[2025/10/14 12:30:16] - 2.7026 	 	 0.4659 	 2.9659 	 0.2497
[2025/10/14 12:31:13] - 16 	 28.5 	 	 0.2000 	 4.1347 	 0.2471
[2025/10/14 12:31:13] - ==> Building model..
[2025/10/14 12:31:35] - Test Loss 	 Test Acc 	 PGD Loss 	 PGD Acc
[2025/10/14 12:31:35] - 2.6828 	 	 0.4713 	 2.9500 	 0.2525
[2025/10/14 12:32:30] - 17 	 27.9 	 	 0.2000 	 4.1343 	 0.2486
[2025/10/14 12:32:30] - ==> Building model..
[2025/10/14 12:32:52] - Test Loss 	 Test Acc 	 PGD Loss 	 PGD Acc
[2025/10/14 12:32:52] - 2.6686 	 	 0.4733 	 2.9400 	 0.2549
[2025/10/14 12:33:48] - 18 	 28.2 	 	 0.2000 	 4.1286 	 0.2518
[2025/10/14 12:33:48] - ==> Building model..
[2025/10/14 12:34:10] - Test Loss 	 Test Acc 	 PGD Loss 	 PGD Acc
[2025/10/14 12:34:10] - 2.6556 	 	 0.4768 	 2.9311 	 0.2571
[2025/10/14 12:35:03] - 19 	 27.8 	 	 0.2000 	 4.1250 	 0.2568
[2025/10/14 12:35:03] - ==> Building model..
[2025/10/14 12:35:26] - Test Loss 	 Test Acc 	 PGD Loss 	 PGD Acc
[2025/10/14 12:35:26] - 2.6453 	 	 0.4803 	 2.9235 	 0.2582
[2025/10/14 12:36:20] - 20 	 27.5 	 	 0.2000 	 4.1238 	 0.2555
[2025/10/14 12:36:20] - ==> Building model..
[2025/10/14 12:36:42] - Test Loss 	 Test Acc 	 PGD Loss 	 PGD Acc
[2025/10/14 12:36:42] - 2.6364 	 	 0.4843 	 2.9179 	 0.2607
[2025/10/14 12:37:38] - 21 	 28.9 	 	 0.2000 	 4.1190 	 0.2570
[2025/10/14 12:37:38] - ==> Building model..
[2025/10/14 12:38:01] - Test Loss 	 Test Acc 	 PGD Loss 	 PGD Acc
[2025/10/14 12:38:01] - 2.6261 	 	 0.4848 	 2.9108 	 0.2587
[2025/10/14 12:38:55] - 22 	 27.6 	 	 0.2000 	 4.1189 	 0.2573
[2025/10/14 12:38:55] - ==> Building model..
[2025/10/14 12:39:16] - Test Loss 	 Test Acc 	 PGD Loss 	 PGD Acc
[2025/10/14 12:39:16] - 2.6171 	 	 0.4884 	 2.9047 	 0.2615
[2025/10/14 12:40:09] - 23 	 27.2 	 	 0.2000 	 4.1174 	 0.2574
[2025/10/14 12:40:09] - ==> Building model..
[2025/10/14 12:40:32] - Test Loss 	 Test Acc 	 PGD Loss 	 PGD Acc
[2025/10/14 12:40:32] - 2.6115 	 	 0.4906 	 2.8995 	 0.2629
[2025/10/14 12:41:25] - 24 	 27.4 	 	 0.2000 	 4.1128 	 0.2612
[2025/10/14 12:41:25] - ==> Building model..
[2025/10/14 12:41:48] - Test Loss 	 Test Acc 	 PGD Loss 	 PGD Acc
[2025/10/14 12:41:48] - 2.6052 	 	 0.4911 	 2.8955 	 0.2635
[2025/10/14 12:42:41] - 25 	 27.6 	 	 0.2000 	 4.1117 	 0.2629
[2025/10/14 12:42:41] - ==> Building model..
[2025/10/14 12:43:04] - Test Loss 	 Test Acc 	 PGD Loss 	 PGD Acc
[2025/10/14 12:43:04] - 2.5988 	 	 0.4940 	 2.8907 	 0.2657
[2025/10/14 12:43:59] - 26 	 28.4 	 	 0.2000 	 4.1092 	 0.2634
[2025/10/14 12:43:59] - ==> Building model..
[2025/10/14 12:44:21] - Test Loss 	 Test Acc 	 PGD Loss 	 PGD Acc
[2025/10/14 12:44:21] - 2.5900 	 	 0.4962 	 2.8838 	 0.2664
[2025/10/14 12:45:17] - 27 	 28.6 	 	 0.2000 	 4.1077 	 0.2668
[2025/10/14 12:45:17] - ==> Building model..
[2025/10/14 12:45:40] - Test Loss 	 Test Acc 	 PGD Loss 	 PGD Acc
[2025/10/14 12:45:40] - 2.5910 	 	 0.4957 	 2.8849 	 0.2675
[2025/10/14 12:46:33] - 28 	 27.3 	 	 0.2000 	 4.1072 	 0.2625
[2025/10/14 12:46:33] - ==> Building model..
[2025/10/14 12:46:56] - Test Loss 	 Test Acc 	 PGD Loss 	 PGD Acc
[2025/10/14 12:46:56] - 2.5874 	 	 0.4977 	 2.8820 	 0.2698
[2025/10/14 12:47:53] - 29 	 28.9 	 	 0.2000 	 4.1044 	 0.2680
[2025/10/14 12:47:53] - ==> Building model..
[2025/10/14 12:48:16] - Test Loss 	 Test Acc 	 PGD Loss 	 PGD Acc
[2025/10/14 12:48:16] - 2.5800 	 	 0.4999 	 2.8763 	 0.2697
[2025/10/14 12:49:09] - 30 	 27.8 	 	 0.2000 	 4.1052 	 0.2660
[2025/10/14 12:49:09] - ==> Building model..
[2025/10/14 12:49:32] - Test Loss 	 Test Acc 	 PGD Loss 	 PGD Acc
[2025/10/14 12:49:32] - 2.5813 	 	 0.5005 	 2.8777 	 0.2695
[2025/10/14 12:50:26] - 31 	 27.5 	 	 0.2000 	 4.1024 	 0.2673
[2025/10/14 12:50:26] - ==> Building model..
[2025/10/14 12:50:48] - Test Loss 	 Test Acc 	 PGD Loss 	 PGD Acc
[2025/10/14 12:50:48] - 2.5788 	 	 0.5006 	 2.8750 	 0.2711
[2025/10/14 12:51:43] - 32 	 28.7 	 	 0.2000 	 4.1017 	 0.2669
[2025/10/14 12:51:43] - ==> Building model..
[2025/10/14 12:52:06] - Test Loss 	 Test Acc 	 PGD Loss 	 PGD Acc
[2025/10/14 12:52:06] - 2.5726 	 	 0.5019 	 2.8704 	 0.2705
[2025/10/14 12:52:59] - 33 	 27.8 	 	 0.2000 	 4.1013 	 0.2682
[2025/10/14 12:52:59] - ==> Building model..
[2025/10/14 12:53:22] - Test Loss 	 Test Acc 	 PGD Loss 	 PGD Acc
[2025/10/14 12:53:22] - 2.5663 	 	 0.5023 	 2.8644 	 0.2706
[2025/10/14 12:54:16] - 34 	 27.7 	 	 0.2000 	 4.0999 	 0.2684
[2025/10/14 12:54:16] - ==> Building model..
[2025/10/14 12:54:39] - Test Loss 	 Test Acc 	 PGD Loss 	 PGD Acc
[2025/10/14 12:54:39] - 2.5636 	 	 0.5027 	 2.8620 	 0.2731
[2025/10/14 12:55:32] - 35 	 27.4 	 	 0.2000 	 4.0965 	 0.2738
[2025/10/14 12:55:32] - ==> Building model..
[2025/10/14 12:55:54] - Test Loss 	 Test Acc 	 PGD Loss 	 PGD Acc
[2025/10/14 12:55:54] - 2.5613 	 	 0.5035 	 2.8613 	 0.2715
[2025/10/14 12:56:49] - 36 	 28.6 	 	 0.2000 	 4.0982 	 0.2700
[2025/10/14 12:56:49] - ==> Building model..
[2025/10/14 12:57:12] - Test Loss 	 Test Acc 	 PGD Loss 	 PGD Acc
[2025/10/14 12:57:12] - 2.5599 	 	 0.5062 	 2.8610 	 0.2728
[2025/10/14 12:58:07] - 37 	 28.7 	 	 0.2000 	 4.0966 	 0.2711
[2025/10/14 12:58:07] - ==> Building model..
[2025/10/14 12:58:29] - Test Loss 	 Test Acc 	 PGD Loss 	 PGD Acc
[2025/10/14 12:58:29] - 2.5600 	 	 0.5063 	 2.8611 	 0.2720
[2025/10/14 12:59:23] - 38 	 27.8 	 	 0.2000 	 4.0939 	 0.2727
[2025/10/14 12:59:23] - ==> Building model..
[2025/10/14 12:59:46] - Test Loss 	 Test Acc 	 PGD Loss 	 PGD Acc
[2025/10/14 12:59:46] - 2.5569 	 	 0.5082 	 2.8587 	 0.2728
[2025/10/14 13:00:39] - 39 	 27.6 	 	 0.2000 	 4.0948 	 0.2708
[2025/10/14 13:00:39] - ==> Building model..
[2025/10/14 13:01:01] - Test Loss 	 Test Acc 	 PGD Loss 	 PGD Acc
[2025/10/14 13:01:01] - 2.5529 	 	 0.5065 	 2.8557 	 0.2733
[2025/10/14 13:01:56] - 40 	 28.3 	 	 0.2000 	 4.0930 	 0.2737
[2025/10/14 13:01:56] - ==> Building model..
[2025/10/14 13:02:19] - Test Loss 	 Test Acc 	 PGD Loss 	 PGD Acc
[2025/10/14 13:02:19] - 2.5519 	 	 0.5085 	 2.8557 	 0.2741
[2025/10/14 13:03:12] - 41 	 27.8 	 	 0.2000 	 4.0942 	 0.2737
[2025/10/14 13:03:12] - ==> Building model..
[2025/10/14 13:03:34] - Test Loss 	 Test Acc 	 PGD Loss 	 PGD Acc
[2025/10/14 13:03:34] - 2.5528 	 	 0.5094 	 2.8566 	 0.2728
[2025/10/14 13:04:28] - 42 	 27.6 	 	 0.2000 	 4.0936 	 0.2715
[2025/10/14 13:04:28] - ==> Building model..
[2025/10/14 13:04:50] - Test Loss 	 Test Acc 	 PGD Loss 	 PGD Acc
[2025/10/14 13:04:50] - 2.5508 	 	 0.5102 	 2.8550 	 0.2756
[2025/10/14 13:05:43] - 43 	 27.4 	 	 0.2000 	 4.0934 	 0.2736
[2025/10/14 13:05:43] - ==> Building model..
[2025/10/14 13:06:05] - Test Loss 	 Test Acc 	 PGD Loss 	 PGD Acc
[2025/10/14 13:06:05] - 2.5526 	 	 0.5108 	 2.8557 	 0.2754
[2025/10/14 13:06:59] - 44 	 27.4 	 	 0.2000 	 4.0922 	 0.2744
[2025/10/14 13:06:59] - ==> Building model..
[2025/10/14 13:07:21] - Test Loss 	 Test Acc 	 PGD Loss 	 PGD Acc
[2025/10/14 13:07:21] - 2.5478 	 	 0.5134 	 2.8529 	 0.2766
[2025/10/14 13:08:15] - 45 	 27.5 	 	 0.2000 	 4.0900 	 0.2766
[2025/10/14 13:08:15] - ==> Building model..
[2025/10/14 13:08:38] - Test Loss 	 Test Acc 	 PGD Loss 	 PGD Acc
[2025/10/14 13:08:38] - 2.5477 	 	 0.5138 	 2.8528 	 0.2764
[2025/10/14 13:09:32] - 46 	 27.3 	 	 0.2000 	 4.0893 	 0.2767
[2025/10/14 13:09:32] - ==> Building model..
[2025/10/14 13:09:54] - Test Loss 	 Test Acc 	 PGD Loss 	 PGD Acc
[2025/10/14 13:09:54] - 2.5492 	 	 0.5148 	 2.8542 	 0.2758
[2025/10/14 13:10:48] - 47 	 28.7 	 	 0.2000 	 4.0899 	 0.2748
[2025/10/14 13:10:48] - ==> Building model..
[2025/10/14 13:11:10] - Test Loss 	 Test Acc 	 PGD Loss 	 PGD Acc
[2025/10/14 13:11:10] - 2.5486 	 	 0.5136 	 2.8539 	 0.2769
[2025/10/14 13:12:06] - 48 	 28.2 	 	 0.2000 	 4.0877 	 0.2772
[2025/10/14 13:12:06] - ==> Building model..
[2025/10/14 13:12:28] - Test Loss 	 Test Acc 	 PGD Loss 	 PGD Acc
[2025/10/14 13:12:28] - 2.5490 	 	 0.5138 	 2.8552 	 0.2781
[2025/10/14 13:13:23] - 49 	 27.4 	 	 0.2000 	 4.0871 	 0.2780
[2025/10/14 13:13:23] - ==> Building model..
[2025/10/14 13:13:45] - Test Loss 	 Test Acc 	 PGD Loss 	 PGD Acc
[2025/10/14 13:13:45] - 2.5500 	 	 0.5150 	 2.8557 	 0.2758
[2025/10/14 13:14:39] - 50 	 27.8 	 	 0.2000 	 4.0868 	 0.2769
[2025/10/14 13:14:39] - ==> Building model..
[2025/10/14 13:15:01] - Test Loss 	 Test Acc 	 PGD Loss 	 PGD Acc
[2025/10/14 13:15:01] - 2.5501 	 	 0.5172 	 2.8562 	 0.2771
[2025/10/14 13:15:54] - 51 	 27.4 	 	 0.2000 	 4.0880 	 0.2761
[2025/10/14 13:15:54] - ==> Building model..
[2025/10/14 13:16:16] - Test Loss 	 Test Acc 	 PGD Loss 	 PGD Acc
[2025/10/14 13:16:16] - 2.5473 	 	 0.5165 	 2.8541 	 0.2780
[2025/10/14 13:17:10] - 52 	 27.3 	 	 0.2000 	 4.0883 	 0.2770
[2025/10/14 13:17:10] - ==> Building model..
[2025/10/14 13:17:32] - Test Loss 	 Test Acc 	 PGD Loss 	 PGD Acc
[2025/10/14 13:17:32] - 2.5463 	 	 0.5180 	 2.8530 	 0.2777
[2025/10/14 13:18:26] - 53 	 28.2 	 	 0.2000 	 4.0873 	 0.2791
[2025/10/14 13:18:26] - ==> Building model..
[2025/10/14 13:18:48] - Test Loss 	 Test Acc 	 PGD Loss 	 PGD Acc
[2025/10/14 13:18:48] - 2.5473 	 	 0.5175 	 2.8532 	 0.2767
[2025/10/14 13:19:43] - 54 	 28.4 	 	 0.2000 	 4.0890 	 0.2779
[2025/10/14 13:19:43] - ==> Building model..
[2025/10/14 13:20:07] - Test Loss 	 Test Acc 	 PGD Loss 	 PGD Acc
[2025/10/14 13:20:07] - 2.5477 	 	 0.5175 	 2.8536 	 0.2768
[2025/10/14 13:21:00] - 55 	 28.1 	 	 0.2000 	 4.0878 	 0.2776
[2025/10/14 13:21:00] - ==> Building model..
[2025/10/14 13:21:22] - Test Loss 	 Test Acc 	 PGD Loss 	 PGD Acc
[2025/10/14 13:21:22] - 2.5483 	 	 0.5175 	 2.8541 	 0.2760
[2025/10/14 13:22:17] - 56 	 27.6 	 	 0.2000 	 4.0889 	 0.2750
[2025/10/14 13:22:17] - ==> Building model..
[2025/10/14 13:22:39] - Test Loss 	 Test Acc 	 PGD Loss 	 PGD Acc
[2025/10/14 13:22:39] - 2.5476 	 	 0.5183 	 2.8538 	 0.2768
[2025/10/14 13:23:33] - 57 	 27.7 	 	 0.2000 	 4.0888 	 0.2781
[2025/10/14 13:23:33] - ==> Building model..
[2025/10/14 13:23:56] - Test Loss 	 Test Acc 	 PGD Loss 	 PGD Acc
[2025/10/14 13:23:56] - 2.5472 	 	 0.5195 	 2.8533 	 0.2781
[2025/10/14 13:24:50] - 58 	 27.6 	 	 0.2000 	 4.0874 	 0.2792
[2025/10/14 13:24:50] - ==> Building model..
[2025/10/14 13:25:13] - Test Loss 	 Test Acc 	 PGD Loss 	 PGD Acc
[2025/10/14 13:25:13] - 2.5501 	 	 0.5183 	 2.8549 	 0.2782
[2025/10/14 13:26:06] - 59 	 27.6 	 	 0.2000 	 4.0896 	 0.2770
[2025/10/14 13:26:06] - ==> Building model..
[2025/10/14 13:26:29] - Test Loss 	 Test Acc 	 PGD Loss 	 PGD Acc
[2025/10/14 13:26:29] - 2.5517 	 	 0.5189 	 2.8560 	 0.2779
[2025/10/14 13:27:24] - 60 	 28.2 	 	 0.2000 	 4.0872 	 0.2803
[2025/10/14 13:27:24] - ==> Building model..
[2025/10/14 13:27:47] - Test Loss 	 Test Acc 	 PGD Loss 	 PGD Acc
[2025/10/14 13:27:47] - 2.5524 	 	 0.5179 	 2.8567 	 0.2785
[2025/10/14 13:28:39] - 61 	 27.5 	 	 0.2000 	 4.0885 	 0.2775
[2025/10/14 13:28:39] - ==> Building model..
[2025/10/14 13:29:01] - Test Loss 	 Test Acc 	 PGD Loss 	 PGD Acc
[2025/10/14 13:29:01] - 2.5519 	 	 0.5183 	 2.8553 	 0.2783
[2025/10/14 13:29:53] - 62 	 27.1 	 	 0.2000 	 4.0883 	 0.2791
[2025/10/14 13:29:53] - ==> Building model..
[2025/10/14 13:30:15] - Test Loss 	 Test Acc 	 PGD Loss 	 PGD Acc
[2025/10/14 13:30:15] - 2.5559 	 	 0.5180 	 2.8577 	 0.2784
[2025/10/14 13:31:07] - 63 	 27.3 	 	 0.2000 	 4.0903 	 0.2757
[2025/10/14 13:31:07] - ==> Building model..
[2025/10/14 13:31:30] - Test Loss 	 Test Acc 	 PGD Loss 	 PGD Acc
[2025/10/14 13:31:30] - 2.5582 	 	 0.5171 	 2.8588 	 0.2789
[2025/10/14 13:32:21] - 64 	 27.1 	 	 0.2000 	 4.0874 	 0.2795
[2025/10/14 13:32:21] - ==> Building model..
[2025/10/14 13:32:44] - Test Loss 	 Test Acc 	 PGD Loss 	 PGD Acc
[2025/10/14 13:32:44] - 2.5617 	 	 0.5167 	 2.8619 	 0.2785
[2025/10/14 13:33:38] - 65 	 27.7 	 	 0.2000 	 4.0888 	 0.2786
[2025/10/14 13:33:38] - ==> Building model..
[2025/10/14 13:34:00] - Test Loss 	 Test Acc 	 PGD Loss 	 PGD Acc
[2025/10/14 13:34:00] - 2.5646 	 	 0.5162 	 2.8640 	 0.2791
[2025/10/14 13:34:55] - 66 	 28.1 	 	 0.2000 	 4.0887 	 0.2769
[2025/10/14 13:34:55] - ==> Building model..
[2025/10/14 13:35:19] - Test Loss 	 Test Acc 	 PGD Loss 	 PGD Acc
[2025/10/14 13:35:19] - 2.5662 	 	 0.5175 	 2.8652 	 0.2792
[2025/10/14 13:36:13] - 67 	 28.5 	 	 0.2000 	 4.0898 	 0.2793
[2025/10/14 13:36:13] - ==> Building model..
[2025/10/14 13:36:35] - Test Loss 	 Test Acc 	 PGD Loss 	 PGD Acc
[2025/10/14 13:36:35] - 2.5672 	 	 0.5173 	 2.8655 	 0.2797
[2025/10/14 13:37:28] - 68 	 28.0 	 	 0.2000 	 4.0899 	 0.2786
[2025/10/14 13:37:28] - ==> Building model..
[2025/10/14 13:37:50] - Test Loss 	 Test Acc 	 PGD Loss 	 PGD Acc
[2025/10/14 13:37:50] - 2.5678 	 	 0.5177 	 2.8660 	 0.2789
[2025/10/14 13:38:43] - 69 	 27.4 	 	 0.2000 	 4.0914 	 0.2768
[2025/10/14 13:38:43] - ==> Building model..
[2025/10/14 13:39:05] - Test Loss 	 Test Acc 	 PGD Loss 	 PGD Acc
[2025/10/14 13:39:05] - 2.5699 	 	 0.5178 	 2.8675 	 0.2794
[2025/10/14 13:40:00] - 70 	 27.8 	 	 0.2000 	 4.0921 	 0.2776
[2025/10/14 13:40:00] - ==> Building model..
[2025/10/14 13:40:23] - Test Loss 	 Test Acc 	 PGD Loss 	 PGD Acc
[2025/10/14 13:40:23] - 2.5721 	 	 0.5176 	 2.8687 	 0.2797
[2025/10/14 13:41:15] - 71 	 26.9 	 	 0.2000 	 4.0904 	 0.2805
[2025/10/14 13:41:15] - ==> Building model..
[2025/10/14 13:41:38] - Test Loss 	 Test Acc 	 PGD Loss 	 PGD Acc
[2025/10/14 13:41:38] - 2.5743 	 	 0.5177 	 2.8708 	 0.2803
[2025/10/14 13:42:32] - 72 	 28.1 	 	 0.2000 	 4.0915 	 0.2763
[2025/10/14 13:42:32] - ==> Building model..
[2025/10/14 13:42:55] - Test Loss 	 Test Acc 	 PGD Loss 	 PGD Acc
[2025/10/14 13:42:55] - 2.5765 	 	 0.5185 	 2.8723 	 0.2811
[2025/10/14 13:43:50] - 73 	 27.7 	 	 0.2000 	 4.0915 	 0.2773
[2025/10/14 13:43:50] - ==> Building model..
[2025/10/14 13:44:12] - Test Loss 	 Test Acc 	 PGD Loss 	 PGD Acc
[2025/10/14 13:44:12] - 2.5789 	 	 0.5186 	 2.8740 	 0.2805
[2025/10/14 13:45:07] - 74 	 27.9 	 	 0.2000 	 4.0929 	 0.2781
[2025/10/14 13:45:07] - ==> Building model..
[2025/10/14 13:45:30] - Test Loss 	 Test Acc 	 PGD Loss 	 PGD Acc
[2025/10/14 13:45:30] - 2.5815 	 	 0.5184 	 2.8756 	 0.2803
[2025/10/14 13:46:22] - 75 	 27.4 	 	 0.2000 	 4.0920 	 0.2785
[2025/10/14 13:46:22] - ==> Building model..
[2025/10/14 13:46:45] - Test Loss 	 Test Acc 	 PGD Loss 	 PGD Acc
[2025/10/14 13:46:45] - 2.5838 	 	 0.5184 	 2.8774 	 0.2809
[2025/10/14 13:47:39] - 76 	 28.0 	 	 0.2000 	 4.0923 	 0.2795
[2025/10/14 13:47:39] - ==> Building model..
[2025/10/14 13:48:01] - Test Loss 	 Test Acc 	 PGD Loss 	 PGD Acc
[2025/10/14 13:48:01] - 2.5843 	 	 0.5183 	 2.8769 	 0.2803
[2025/10/14 13:48:55] - 77 	 27.7 	 	 0.2000 	 4.0907 	 0.2805
[2025/10/14 13:48:55] - ==> Building model..
[2025/10/14 13:49:17] - Test Loss 	 Test Acc 	 PGD Loss 	 PGD Acc
[2025/10/14 13:49:17] - 2.5852 	 	 0.5176 	 2.8783 	 0.2805
[2025/10/14 13:50:11] - 78 	 27.5 	 	 0.2000 	 4.0911 	 0.2780
[2025/10/14 13:50:11] - ==> Building model..
[2025/10/14 13:50:34] - Test Loss 	 Test Acc 	 PGD Loss 	 PGD Acc
[2025/10/14 13:50:34] - 2.5864 	 	 0.5189 	 2.8793 	 0.2815
[2025/10/14 13:51:26] - 79 	 27.3 	 	 0.2000 	 4.0903 	 0.2789
[2025/10/14 13:51:26] - ==> Building model..
[2025/10/14 13:51:48] - Test Loss 	 Test Acc 	 PGD Loss 	 PGD Acc
[2025/10/14 13:51:48] - 2.5857 	 	 0.5194 	 2.8781 	 0.2814
[2025/10/14 13:52:42] - 80 	 27.3 	 	 0.2000 	 4.0900 	 0.2796
[2025/10/14 13:52:42] - ==> Building model..
[2025/10/14 13:53:04] - Test Loss 	 Test Acc 	 PGD Loss 	 PGD Acc
[2025/10/14 13:53:04] - 2.5861 	 	 0.5198 	 2.8784 	 0.2817
[2025/10/14 13:53:58] - 81 	 27.6 	 	 0.2000 	 4.0908 	 0.2803
[2025/10/14 13:53:58] - ==> Building model..
[2025/10/14 13:54:20] - Test Loss 	 Test Acc 	 PGD Loss 	 PGD Acc
[2025/10/14 13:54:20] - 2.5862 	 	 0.5198 	 2.8785 	 0.2818
[2025/10/14 13:55:13] - 82 	 27.7 	 	 0.2000 	 4.0916 	 0.2793
[2025/10/14 13:55:13] - ==> Building model..
[2025/10/14 13:55:36] - Test Loss 	 Test Acc 	 PGD Loss 	 PGD Acc
[2025/10/14 13:55:36] - 2.5867 	 	 0.5200 	 2.8789 	 0.2819
[2025/10/14 13:56:29] - 83 	 26.9 	 	 0.2000 	 4.0884 	 0.2816
[2025/10/14 13:56:29] - ==> Building model..
[2025/10/14 13:56:52] - Test Loss 	 Test Acc 	 PGD Loss 	 PGD Acc
[2025/10/14 13:56:52] - 2.5873 	 	 0.5192 	 2.8786 	 0.2823
[2025/10/14 13:57:46] - 84 	 27.4 	 	 0.2000 	 4.0919 	 0.2785
[2025/10/14 13:57:46] - ==> Building model..
[2025/10/14 13:58:08] - Test Loss 	 Test Acc 	 PGD Loss 	 PGD Acc
[2025/10/14 13:58:08] - 2.5884 	 	 0.5191 	 2.8794 	 0.2822
[2025/10/14 13:59:00] - 85 	 27.6 	 	 0.2000 	 4.0920 	 0.2780
[2025/10/14 13:59:00] - ==> Building model..
[2025/10/14 13:59:22] - Test Loss 	 Test Acc 	 PGD Loss 	 PGD Acc
[2025/10/14 13:59:22] - 2.5920 	 	 0.5184 	 2.8828 	 0.2821
[2025/10/14 14:00:14] - 86 	 27.1 	 	 0.2000 	 4.0916 	 0.2796
[2025/10/14 14:00:14] - ==> Building model..
[2025/10/14 14:00:36] - Test Loss 	 Test Acc 	 PGD Loss 	 PGD Acc
[2025/10/14 14:00:36] - 2.5939 	 	 0.5186 	 2.8848 	 0.2824
[2025/10/14 14:01:30] - 87 	 27.6 	 	 0.2000 	 4.0906 	 0.2802
[2025/10/14 14:01:30] - ==> Building model..
[2025/10/14 14:01:52] - Test Loss 	 Test Acc 	 PGD Loss 	 PGD Acc
[2025/10/14 14:01:52] - 2.5945 	 	 0.5181 	 2.8853 	 0.2816
[2025/10/14 14:02:46] - 88 	 27.4 	 	 0.2000 	 4.0914 	 0.2791
[2025/10/14 14:02:46] - ==> Building model..
[2025/10/14 14:03:09] - Test Loss 	 Test Acc 	 PGD Loss 	 PGD Acc
[2025/10/14 14:03:09] - 2.5960 	 	 0.5180 	 2.8865 	 0.2819
[2025/10/14 14:04:05] - 89 	 28.4 	 	 0.2000 	 4.0904 	 0.2801
[2025/10/14 14:04:05] - ==> Building model..
[2025/10/14 14:04:26] - Test Loss 	 Test Acc 	 PGD Loss 	 PGD Acc
[2025/10/14 14:04:26] - 2.5978 	 	 0.5177 	 2.8876 	 0.2825
[2025/10/14 14:05:19] - 90 	 27.5 	 	 0.0200 	 3.9944 	 0.3416
[2025/10/14 14:05:19] - ==> Building model..
[2025/10/14 14:05:42] - Test Loss 	 Test Acc 	 PGD Loss 	 PGD Acc
[2025/10/14 14:05:42] - 2.5952 	 	 0.5181 	 2.8861 	 0.2842
[2025/10/14 14:06:35] - 91 	 26.4 	 	 0.0200 	 3.9020 	 0.4026
[2025/10/14 14:06:35] - ==> Building model..
[2025/10/14 14:06:56] - Test Loss 	 Test Acc 	 PGD Loss 	 PGD Acc
[2025/10/14 14:06:56] - 2.5939 	 	 0.5192 	 2.8848 	 0.2835
[2025/10/14 14:07:49] - 92 	 26.1 	 	 0.0200 	 3.8761 	 0.4204
[2025/10/14 14:07:49] - ==> Building model..
[2025/10/14 14:08:11] - Test Loss 	 Test Acc 	 PGD Loss 	 PGD Acc
[2025/10/14 14:08:11] - 2.5938 	 	 0.5192 	 2.8852 	 0.2834
[2025/10/14 14:09:03] - 93 	 26.2 	 	 0.0200 	 3.8589 	 0.4299
[2025/10/14 14:09:03] - ==> Building model..
[2025/10/14 14:09:26] - Test Loss 	 Test Acc 	 PGD Loss 	 PGD Acc
[2025/10/14 14:09:26] - 2.5947 	 	 0.5193 	 2.8865 	 0.2836
[2025/10/14 14:10:18] - 94 	 26.3 	 	 0.0200 	 3.8430 	 0.4446
[2025/10/14 14:10:18] - ==> Building model..
[2025/10/14 14:10:41] - Test Loss 	 Test Acc 	 PGD Loss 	 PGD Acc
[2025/10/14 14:10:41] - 2.5966 	 	 0.5196 	 2.8877 	 0.2835
[2025/10/14 14:11:32] - 95 	 26.4 	 	 0.0200 	 3.8316 	 0.4517
[2025/10/14 14:11:32] - ==> Building model..
[2025/10/14 14:11:54] - Test Loss 	 Test Acc 	 PGD Loss 	 PGD Acc
[2025/10/14 14:11:54] - 2.5988 	 	 0.5200 	 2.8897 	 0.2838
[2025/10/14 14:12:45] - 96 	 25.9 	 	 0.0200 	 3.8212 	 0.4597
[2025/10/14 14:12:45] - ==> Building model..
[2025/10/14 14:13:07] - Test Loss 	 Test Acc 	 PGD Loss 	 PGD Acc
[2025/10/14 14:13:07] - 2.5996 	 	 0.5199 	 2.8901 	 0.2833
[2025/10/14 14:14:00] - 97 	 26.8 	 	 0.0200 	 3.8112 	 0.4678
[2025/10/14 14:14:00] - ==> Building model..
[2025/10/14 14:14:23] - Test Loss 	 Test Acc 	 PGD Loss 	 PGD Acc
[2025/10/14 14:14:23] - 2.6024 	 	 0.5200 	 2.8924 	 0.2836
[2025/10/14 14:15:15] - 98 	 27.0 	 	 0.0200 	 3.8041 	 0.4737
[2025/10/14 14:15:15] - ==> Building model..
[2025/10/14 14:15:37] - Test Loss 	 Test Acc 	 PGD Loss 	 PGD Acc
[2025/10/14 14:15:37] - 2.6024 	 	 0.5200 	 2.8925 	 0.2838
[2025/10/14 14:16:29] - 99 	 26.1 	 	 0.0200 	 3.7970 	 0.4796
[2025/10/14 14:16:29] - ==> Building model..
[2025/10/14 14:16:51] - Test Loss 	 Test Acc 	 PGD Loss 	 PGD Acc
[2025/10/14 14:16:51] - 2.6024 	 	 0.5200 	 2.8923 	 0.2828
[2025/10/14 14:16:51] - [0.0928, 0.1448, 0.1831, 0.2335, 0.2721, 0.3093, 0.3496, 0.3803, 0.4066, 0.4162, 0.4307, 0.4391, 0.4517, 0.4567, 0.4603, 0.4659, 0.4713, 0.4733, 0.4768, 0.4803, 0.4843, 0.4848, 0.4884, 0.4906, 0.4911, 0.494, 0.4962, 0.4957, 0.4977, 0.4999, 0.5005, 0.5006, 0.5019, 0.5023, 0.5027, 0.5035, 0.5062, 0.5063, 0.5082, 0.5065, 0.5085, 0.5094, 0.5102, 0.5108, 0.5134, 0.5138, 0.5148, 0.5136, 0.5138, 0.515, 0.5172, 0.5165, 0.518, 0.5175, 0.5175, 0.5175, 0.5183, 0.5195, 0.5183, 0.5189, 0.5179, 0.5183, 0.518, 0.5171, 0.5167, 0.5162, 0.5175, 0.5173, 0.5177, 0.5178, 0.5176, 0.5177, 0.5185, 0.5186, 0.5184, 0.5184, 0.5183, 0.5176, 0.5189, 0.5194, 0.5198, 0.5198, 0.52, 0.5192, 0.5191, 0.5184, 0.5186, 0.5181, 0.518, 0.5177, 0.5181, 0.5192, 0.5192, 0.5193, 0.5196, 0.52, 0.5199, 0.52, 0.52, 0.52]
[2025/10/14 14:16:51] - [0.0619, 0.096, 0.1115, 0.1343, 0.1588, 0.1761, 0.1926, 0.2068, 0.2178, 0.2249, 0.2318, 0.2387, 0.2416, 0.2451, 0.2481, 0.2497, 0.2525, 0.2549, 0.2571, 0.2582, 0.2607, 0.2587, 0.2615, 0.2629, 0.2635, 0.2657, 0.2664, 0.2675, 0.2698, 0.2697, 0.2695, 0.2711, 0.2705, 0.2706, 0.2731, 0.2715, 0.2728, 0.272, 0.2728, 0.2733, 0.2741, 0.2728, 0.2756, 0.2754, 0.2766, 0.2764, 0.2758, 0.2769, 0.2781, 0.2758, 0.2771, 0.278, 0.2777, 0.2767, 0.2768, 0.276, 0.2768, 0.2781, 0.2782, 0.2779, 0.2785, 0.2783, 0.2784, 0.2789, 0.2785, 0.2791, 0.2792, 0.2797, 0.2789, 0.2794, 0.2797, 0.2803, 0.2811, 0.2805, 0.2803, 0.2809, 0.2803, 0.2805, 0.2815, 0.2814, 0.2817, 0.2818, 0.2819, 0.2823, 0.2822, 0.2821, 0.2824, 0.2816, 0.2819, 0.2825, 0.2842, 0.2835, 0.2834, 0.2836, 0.2835, 0.2838, 0.2833, 0.2836, 0.2838, 0.2828]
