[2025/09/22 01:19:25] - Namespace(batch_size=128, data_dir='./tiny-imagenet-200', epochs=110, lr_schedule='multistep', lr_min=0.0, lr_max=0.1, weight_decay=0.0005, momentum=0.9, model='PreActResNest18', epsilon=8, alpha=8, delta_init='random', normal_mean=0, normal_std=1, out_dir='./output/Tiny_ImageNet/lam_start_40', seed=0, lamda=38, lam_scale=0.1, lam_start=40, gamma=0.025, inner_gamma=0.025, beta=0.6, mu=3.5, batch_m=0.75, early_stop=False, factor=0.3, length=6, n_holes=1, c_num=0.125, EMA_value=0.55)
[2025/09/22 01:20:40] - ==> Building model..
[2025/09/22 01:20:40] - Epoch 	 Seconds 	 LR 	 	 Train Loss 	 Train Acc
[2025/09/22 01:24:09] - 0 	 203.7 	 	 0.1000 	 5.2877 	 0.0285
[2025/09/22 01:24:09] - ==> Building model..
[2025/09/22 01:25:24] - Test Loss 	 Test Acc 	 PGD Loss 	 PGD Acc
[2025/09/22 01:25:24] - 4.9634 	 	 0.0821 	 4.9767 	 0.0455
[2025/09/22 01:28:49] - 1 	 200.6 	 	 0.1000 	 5.2283 	 0.0709
[2025/09/22 01:28:49] - ==> Building model..
[2025/09/22 01:30:01] - Test Loss 	 Test Acc 	 PGD Loss 	 PGD Acc
[2025/09/22 01:30:01] - 4.7492 	 	 0.1441 	 4.7846 	 0.0756
[2025/09/22 01:33:29] - 2 	 203.3 	 	 0.1000 	 5.1960 	 0.1016
[2025/09/22 01:33:29] - ==> Building model..
[2025/09/22 01:34:40] - Test Loss 	 Test Acc 	 PGD Loss 	 PGD Acc
[2025/09/22 01:34:40] - 4.5818 	 	 0.1893 	 4.6424 	 0.1000
[2025/09/22 01:38:08] - 3 	 202.3 	 	 0.1000 	 5.1694 	 0.1259
[2025/09/22 01:38:08] - ==> Building model..
[2025/09/22 01:39:21] - Test Loss 	 Test Acc 	 PGD Loss 	 PGD Acc
[2025/09/22 01:39:21] - 4.4704 	 	 0.2143 	 4.5502 	 0.1113
[2025/09/22 01:42:50] - 4 	 202.7 	 	 0.1000 	 5.1453 	 0.1474
[2025/09/22 01:42:50] - ==> Building model..
[2025/09/22 01:44:03] - Test Loss 	 Test Acc 	 PGD Loss 	 PGD Acc
[2025/09/22 01:44:03] - 4.4251 	 	 0.2380 	 4.5171 	 0.1231
[2025/09/22 01:47:30] - 5 	 201.2 	 	 0.1000 	 5.1253 	 0.1663
[2025/09/22 01:47:30] - ==> Building model..
[2025/09/22 01:48:46] - Test Loss 	 Test Acc 	 PGD Loss 	 PGD Acc
[2025/09/22 01:48:46] - 4.4161 	 	 0.2494 	 4.5147 	 0.1264
[2025/09/22 01:52:12] - 6 	 200.2 	 	 0.1000 	 5.1113 	 0.1805
[2025/09/22 01:52:12] - ==> Building model..
[2025/09/22 01:53:29] - Test Loss 	 Test Acc 	 PGD Loss 	 PGD Acc
[2025/09/22 01:53:29] - 4.3311 	 	 0.2704 	 4.4471 	 0.1368
[2025/09/22 01:56:56] - 7 	 200.8 	 	 0.1000 	 5.0997 	 0.1921
[2025/09/22 01:56:56] - ==> Building model..
[2025/09/22 01:58:14] - Test Loss 	 Test Acc 	 PGD Loss 	 PGD Acc
[2025/09/22 01:58:14] - 4.1688 	 	 0.3037 	 4.3176 	 0.1534
[2025/09/22 02:01:41] - 8 	 201.3 	 	 0.1000 	 5.0892 	 0.2010
[2025/09/22 02:01:41] - ==> Building model..
[2025/09/22 02:02:59] - Test Loss 	 Test Acc 	 PGD Loss 	 PGD Acc
[2025/09/22 02:02:59] - 4.0018 	 	 0.3358 	 4.1875 	 0.1703
[2025/09/22 02:06:25] - 9 	 201.2 	 	 0.1000 	 5.0805 	 0.2107
[2025/09/22 02:06:25] - ==> Building model..
[2025/09/22 02:07:42] - Test Loss 	 Test Acc 	 PGD Loss 	 PGD Acc
[2025/09/22 02:07:42] - 3.8992 	 	 0.3555 	 4.1099 	 0.1791
[2025/09/22 02:11:09] - 10 	 201.3 	 	 0.1000 	 5.0730 	 0.2186
[2025/09/22 02:11:09] - ==> Building model..
[2025/09/22 02:12:25] - Test Loss 	 Test Acc 	 PGD Loss 	 PGD Acc
[2025/09/22 02:12:25] - 3.8319 	 	 0.3716 	 4.0597 	 0.1842
[2025/09/22 02:15:52] - 11 	 201.6 	 	 0.1000 	 5.0653 	 0.2258
[2025/09/22 02:15:52] - ==> Building model..
[2025/09/22 02:17:09] - Test Loss 	 Test Acc 	 PGD Loss 	 PGD Acc
[2025/09/22 02:17:09] - 3.7803 	 	 0.3819 	 4.0216 	 0.1901
[2025/09/22 02:20:34] - 12 	 200.1 	 	 0.1000 	 5.0595 	 0.2324
[2025/09/22 02:20:34] - ==> Building model..
[2025/09/22 02:21:50] - Test Loss 	 Test Acc 	 PGD Loss 	 PGD Acc
[2025/09/22 02:21:50] - 3.7427 	 	 0.3875 	 3.9939 	 0.1939
[2025/09/22 02:25:16] - 13 	 200.1 	 	 0.1000 	 5.0537 	 0.2379
[2025/09/22 02:25:16] - ==> Building model..
[2025/09/22 02:26:32] - Test Loss 	 Test Acc 	 PGD Loss 	 PGD Acc
[2025/09/22 02:26:32] - 3.7084 	 	 0.3961 	 3.9688 	 0.1994
[2025/09/22 02:29:57] - 14 	 198.7 	 	 0.1000 	 5.0484 	 0.2433
[2025/09/22 02:29:57] - ==> Building model..
[2025/09/22 02:31:10] - Test Loss 	 Test Acc 	 PGD Loss 	 PGD Acc
[2025/09/22 02:31:10] - 3.6769 	 	 0.4016 	 3.9464 	 0.2013
[2025/09/22 02:34:38] - 15 	 202.3 	 	 0.1000 	 5.0439 	 0.2500
[2025/09/22 02:34:38] - ==> Building model..
[2025/09/22 02:35:51] - Test Loss 	 Test Acc 	 PGD Loss 	 PGD Acc
[2025/09/22 02:35:51] - 3.6545 	 	 0.4065 	 3.9310 	 0.2030
[2025/09/22 02:39:18] - 16 	 201.6 	 	 0.1000 	 5.0401 	 0.2510
[2025/09/22 02:39:18] - ==> Building model..
[2025/09/22 02:40:29] - Test Loss 	 Test Acc 	 PGD Loss 	 PGD Acc
[2025/09/22 02:40:29] - 3.6309 	 	 0.4113 	 3.9153 	 0.2050
[2025/09/22 02:43:58] - 17 	 203.1 	 	 0.1000 	 5.0359 	 0.2591
[2025/09/22 02:43:58] - ==> Building model..
[2025/09/22 02:45:10] - Test Loss 	 Test Acc 	 PGD Loss 	 PGD Acc
[2025/09/22 02:45:10] - 3.6136 	 	 0.4139 	 3.9034 	 0.2061
[2025/09/22 02:48:39] - 18 	 202.8 	 	 0.1000 	 5.0326 	 0.2600
[2025/09/22 02:48:39] - ==> Building model..
[2025/09/22 02:49:52] - Test Loss 	 Test Acc 	 PGD Loss 	 PGD Acc
[2025/09/22 02:49:52] - 3.5954 	 	 0.4173 	 3.8908 	 0.2078
[2025/09/22 02:53:19] - 19 	 202.0 	 	 0.1000 	 5.0293 	 0.2646
[2025/09/22 02:53:19] - ==> Building model..
[2025/09/22 02:54:32] - Test Loss 	 Test Acc 	 PGD Loss 	 PGD Acc
[2025/09/22 02:54:32] - 3.5815 	 	 0.4214 	 3.8811 	 0.2084
[2025/09/22 02:56:58] - 20 	 141.0 	 	 0.1000 	 5.0269 	 0.2658
[2025/09/22 02:56:58] - ==> Building model..
[2025/09/22 02:57:50] - Test Loss 	 Test Acc 	 PGD Loss 	 PGD Acc
[2025/09/22 02:57:50] - 3.5648 	 	 0.4250 	 3.8691 	 0.2104
[2025/09/22 03:00:13] - 21 	 138.2 	 	 0.1000 	 5.0249 	 0.2666
[2025/09/22 03:00:13] - ==> Building model..
[2025/09/22 03:01:06] - Test Loss 	 Test Acc 	 PGD Loss 	 PGD Acc
[2025/09/22 03:01:06] - 3.5522 	 	 0.4288 	 3.8612 	 0.2123
[2025/09/22 03:03:29] - 22 	 138.3 	 	 0.1000 	 5.0214 	 0.2707
[2025/09/22 03:03:29] - ==> Building model..
[2025/09/22 03:04:21] - Test Loss 	 Test Acc 	 PGD Loss 	 PGD Acc
[2025/09/22 03:04:21] - 3.5359 	 	 0.4329 	 3.8493 	 0.2137
[2025/09/22 03:06:44] - 23 	 138.0 	 	 0.1000 	 5.0195 	 0.2752
[2025/09/22 03:06:44] - ==> Building model..
[2025/09/22 03:07:36] - Test Loss 	 Test Acc 	 PGD Loss 	 PGD Acc
[2025/09/22 03:07:36] - 3.5236 	 	 0.4360 	 3.8415 	 0.2144
[2025/09/22 03:09:59] - 24 	 138.3 	 	 0.1000 	 5.0173 	 0.2757
[2025/09/22 03:09:59] - ==> Building model..
[2025/09/22 03:10:52] - Test Loss 	 Test Acc 	 PGD Loss 	 PGD Acc
[2025/09/22 03:10:52] - 3.5128 	 	 0.4384 	 3.8344 	 0.2167
[2025/09/22 03:13:14] - 25 	 137.8 	 	 0.1000 	 5.0156 	 0.2772
[2025/09/22 03:13:14] - ==> Building model..
[2025/09/22 03:14:07] - Test Loss 	 Test Acc 	 PGD Loss 	 PGD Acc
[2025/09/22 03:14:07] - 3.5036 	 	 0.4398 	 3.8282 	 0.2166
[2025/09/22 03:16:29] - 26 	 137.9 	 	 0.1000 	 5.0136 	 0.2792
[2025/09/22 03:16:29] - ==> Building model..
[2025/09/22 03:17:22] - Test Loss 	 Test Acc 	 PGD Loss 	 PGD Acc
[2025/09/22 03:17:22] - 3.4929 	 	 0.4410 	 3.8208 	 0.2198
[2025/09/22 03:19:44] - 27 	 137.7 	 	 0.1000 	 5.0122 	 0.2811
[2025/09/22 03:19:44] - ==> Building model..
[2025/09/22 03:20:37] - Test Loss 	 Test Acc 	 PGD Loss 	 PGD Acc
[2025/09/22 03:20:37] - 3.4834 	 	 0.4435 	 3.8149 	 0.2203
[2025/09/22 03:22:59] - 28 	 137.7 	 	 0.1000 	 5.0099 	 0.2822
[2025/09/22 03:22:59] - ==> Building model..
[2025/09/22 03:23:52] - Test Loss 	 Test Acc 	 PGD Loss 	 PGD Acc
[2025/09/22 03:23:52] - 3.4745 	 	 0.4459 	 3.8094 	 0.2213
[2025/09/22 03:26:14] - 29 	 137.5 	 	 0.1000 	 5.0084 	 0.2830
[2025/09/22 03:26:14] - ==> Building model..
[2025/09/22 03:27:07] - Test Loss 	 Test Acc 	 PGD Loss 	 PGD Acc
[2025/09/22 03:27:07] - 3.4654 	 	 0.4478 	 3.8029 	 0.2223
[2025/09/22 03:29:29] - 30 	 137.5 	 	 0.1000 	 5.0073 	 0.2869
[2025/09/22 03:29:29] - ==> Building model..
[2025/09/22 03:30:22] - Test Loss 	 Test Acc 	 PGD Loss 	 PGD Acc
[2025/09/22 03:30:22] - 3.4576 	 	 0.4488 	 3.7972 	 0.2228
[2025/09/22 03:32:44] - 31 	 137.4 	 	 0.1000 	 5.0059 	 0.2867
[2025/09/22 03:32:44] - ==> Building model..
[2025/09/22 03:33:36] - Test Loss 	 Test Acc 	 PGD Loss 	 PGD Acc
[2025/09/22 03:33:36] - 3.4506 	 	 0.4497 	 3.7928 	 0.2233
[2025/09/22 03:35:59] - 32 	 137.7 	 	 0.1000 	 5.0048 	 0.2891
[2025/09/22 03:35:59] - ==> Building model..
[2025/09/22 03:36:51] - Test Loss 	 Test Acc 	 PGD Loss 	 PGD Acc
[2025/09/22 03:36:51] - 3.4455 	 	 0.4519 	 3.7898 	 0.2239
[2025/09/22 03:39:13] - 33 	 137.7 	 	 0.1000 	 5.0036 	 0.2901
[2025/09/22 03:39:13] - ==> Building model..
[2025/09/22 03:40:06] - Test Loss 	 Test Acc 	 PGD Loss 	 PGD Acc
[2025/09/22 03:40:06] - 3.4398 	 	 0.4533 	 3.7868 	 0.2240
[2025/09/22 03:42:28] - 34 	 137.7 	 	 0.1000 	 5.0017 	 0.2909
[2025/09/22 03:42:28] - ==> Building model..
[2025/09/22 03:43:21] - Test Loss 	 Test Acc 	 PGD Loss 	 PGD Acc
[2025/09/22 03:43:21] - 3.4341 	 	 0.4550 	 3.7834 	 0.2255
[2025/09/22 03:45:44] - 35 	 137.6 	 	 0.1000 	 5.0005 	 0.2949
[2025/09/22 03:45:44] - ==> Building model..
[2025/09/22 03:46:36] - Test Loss 	 Test Acc 	 PGD Loss 	 PGD Acc
[2025/09/22 03:46:36] - 3.4306 	 	 0.4572 	 3.7812 	 0.2257
[2025/09/22 03:48:59] - 36 	 137.8 	 	 0.1000 	 5.0002 	 0.2937
[2025/09/22 03:48:59] - ==> Building model..
[2025/09/22 03:49:52] - Test Loss 	 Test Acc 	 PGD Loss 	 PGD Acc
[2025/09/22 03:49:52] - 3.4273 	 	 0.4570 	 3.7790 	 0.2255
[2025/09/22 03:52:14] - 37 	 137.6 	 	 0.1000 	 4.9984 	 0.2946
[2025/09/22 03:52:14] - ==> Building model..
[2025/09/22 03:53:06] - Test Loss 	 Test Acc 	 PGD Loss 	 PGD Acc
[2025/09/22 03:53:06] - 3.4251 	 	 0.4577 	 3.7785 	 0.2260
[2025/09/22 03:55:29] - 38 	 137.9 	 	 0.1000 	 4.9981 	 0.2947
[2025/09/22 03:55:29] - ==> Building model..
[2025/09/22 03:56:22] - Test Loss 	 Test Acc 	 PGD Loss 	 PGD Acc
[2025/09/22 03:56:22] - 3.4231 	 	 0.4577 	 3.7776 	 0.2279
[2025/09/22 03:58:44] - 39 	 138.0 	 	 0.1000 	 4.9970 	 0.2963
[2025/09/22 03:58:44] - ==> Building model..
[2025/09/22 03:59:37] - Test Loss 	 Test Acc 	 PGD Loss 	 PGD Acc
[2025/09/22 03:59:37] - 3.4177 	 	 0.4580 	 3.7746 	 0.2271
[2025/09/22 04:01:59] - 40 	 137.7 	 	 0.1000 	 4.9960 	 0.2963
[2025/09/22 04:01:59] - ==> Building model..
[2025/09/22 04:02:52] - Test Loss 	 Test Acc 	 PGD Loss 	 PGD Acc
[2025/09/22 04:02:52] - 3.4124 	 	 0.4595 	 3.7709 	 0.2282
[2025/09/22 04:05:14] - 41 	 137.4 	 	 0.1000 	 4.9945 	 0.3000
[2025/09/22 04:05:14] - ==> Building model..
[2025/09/22 04:06:07] - Test Loss 	 Test Acc 	 PGD Loss 	 PGD Acc
[2025/09/22 04:06:07] - 3.4098 	 	 0.4599 	 3.7689 	 0.2278
[2025/09/22 04:08:29] - 42 	 138.0 	 	 0.1000 	 4.9949 	 0.2996
[2025/09/22 04:08:29] - ==> Building model..
[2025/09/22 04:09:22] - Test Loss 	 Test Acc 	 PGD Loss 	 PGD Acc
[2025/09/22 04:09:22] - 3.4060 	 	 0.4597 	 3.7670 	 0.2286
[2025/09/22 04:11:45] - 43 	 138.0 	 	 0.1000 	 4.9937 	 0.3010
[2025/09/22 04:11:45] - ==> Building model..
[2025/09/22 04:12:38] - Test Loss 	 Test Acc 	 PGD Loss 	 PGD Acc
[2025/09/22 04:12:38] - 3.4039 	 	 0.4607 	 3.7653 	 0.2287
[2025/09/22 04:15:01] - 44 	 138.0 	 	 0.1000 	 4.9932 	 0.3032
[2025/09/22 04:15:01] - ==> Building model..
[2025/09/22 04:15:53] - Test Loss 	 Test Acc 	 PGD Loss 	 PGD Acc
[2025/09/22 04:15:53] - 3.4022 	 	 0.4615 	 3.7640 	 0.2292
[2025/09/22 04:18:16] - 45 	 137.7 	 	 0.1000 	 4.9931 	 0.3030
[2025/09/22 04:18:16] - ==> Building model..
[2025/09/22 04:19:08] - Test Loss 	 Test Acc 	 PGD Loss 	 PGD Acc
[2025/09/22 04:19:08] - 3.4003 	 	 0.4622 	 3.7640 	 0.2298
[2025/09/22 04:21:31] - 46 	 137.9 	 	 0.1000 	 4.9924 	 0.3022
[2025/09/22 04:21:31] - ==> Building model..
[2025/09/22 04:22:25] - Test Loss 	 Test Acc 	 PGD Loss 	 PGD Acc
[2025/09/22 04:22:25] - 3.3997 	 	 0.4632 	 3.7633 	 0.2300
[2025/09/22 04:24:47] - 47 	 137.8 	 	 0.1000 	 4.9925 	 0.3045
[2025/09/22 04:24:47] - ==> Building model..
[2025/09/22 04:25:40] - Test Loss 	 Test Acc 	 PGD Loss 	 PGD Acc
[2025/09/22 04:25:40] - 3.3991 	 	 0.4638 	 3.7631 	 0.2310
[2025/09/22 04:28:02] - 48 	 137.9 	 	 0.1000 	 4.9918 	 0.3038
[2025/09/22 04:28:02] - ==> Building model..
[2025/09/22 04:28:55] - Test Loss 	 Test Acc 	 PGD Loss 	 PGD Acc
[2025/09/22 04:28:55] - 3.3991 	 	 0.4637 	 3.7632 	 0.2314
[2025/09/22 04:31:18] - 49 	 137.7 	 	 0.1000 	 4.9918 	 0.3050
[2025/09/22 04:31:18] - ==> Building model..
[2025/09/22 04:32:10] - Test Loss 	 Test Acc 	 PGD Loss 	 PGD Acc
[2025/09/22 04:32:10] - 3.3987 	 	 0.4638 	 3.7633 	 0.2319
[2025/09/22 04:34:33] - 50 	 137.6 	 	 0.1000 	 4.9915 	 0.3059
[2025/09/22 04:34:33] - ==> Building model..
[2025/09/22 04:35:25] - Test Loss 	 Test Acc 	 PGD Loss 	 PGD Acc
[2025/09/22 04:35:25] - 3.3980 	 	 0.4639 	 3.7634 	 0.2330
[2025/09/22 04:37:48] - 51 	 137.8 	 	 0.1000 	 4.9921 	 0.3047
[2025/09/22 04:37:48] - ==> Building model..
[2025/09/22 04:38:41] - Test Loss 	 Test Acc 	 PGD Loss 	 PGD Acc
[2025/09/22 04:38:41] - 3.3987 	 	 0.4648 	 3.7637 	 0.2328
[2025/09/22 04:41:03] - 52 	 137.7 	 	 0.1000 	 4.9919 	 0.3051
[2025/09/22 04:41:03] - ==> Building model..
[2025/09/22 04:41:55] - Test Loss 	 Test Acc 	 PGD Loss 	 PGD Acc
[2025/09/22 04:41:55] - 3.3989 	 	 0.4656 	 3.7640 	 0.2325
[2025/09/22 04:44:18] - 53 	 137.8 	 	 0.1000 	 4.9914 	 0.3079
[2025/09/22 04:44:18] - ==> Building model..
[2025/09/22 04:45:10] - Test Loss 	 Test Acc 	 PGD Loss 	 PGD Acc
[2025/09/22 04:45:10] - 3.4002 	 	 0.4653 	 3.7650 	 0.2327
[2025/09/22 04:47:32] - 54 	 137.5 	 	 0.1000 	 4.9910 	 0.3077
[2025/09/22 04:47:32] - ==> Building model..
[2025/09/22 04:48:25] - Test Loss 	 Test Acc 	 PGD Loss 	 PGD Acc
[2025/09/22 04:48:25] - 3.4000 	 	 0.4642 	 3.7645 	 0.2333
[2025/09/22 04:50:47] - 55 	 137.7 	 	 0.1000 	 4.9904 	 0.3056
[2025/09/22 04:50:47] - ==> Building model..
[2025/09/22 04:51:40] - Test Loss 	 Test Acc 	 PGD Loss 	 PGD Acc
[2025/09/22 04:51:40] - 3.3999 	 	 0.4652 	 3.7645 	 0.2330
[2025/09/22 04:54:02] - 56 	 137.4 	 	 0.1000 	 4.9904 	 0.3078
[2025/09/22 04:54:02] - ==> Building model..
[2025/09/22 04:54:54] - Test Loss 	 Test Acc 	 PGD Loss 	 PGD Acc
[2025/09/22 04:54:54] - 3.4005 	 	 0.4665 	 3.7655 	 0.2340
[2025/09/22 04:57:17] - 57 	 137.8 	 	 0.1000 	 4.9899 	 0.3072
[2025/09/22 04:57:17] - ==> Building model..
[2025/09/22 04:58:10] - Test Loss 	 Test Acc 	 PGD Loss 	 PGD Acc
[2025/09/22 04:58:10] - 3.3996 	 	 0.4673 	 3.7647 	 0.2345
[2025/09/22 05:00:32] - 58 	 137.8 	 	 0.1000 	 4.9897 	 0.3072
[2025/09/22 05:00:32] - ==> Building model..
[2025/09/22 05:01:25] - Test Loss 	 Test Acc 	 PGD Loss 	 PGD Acc
[2025/09/22 05:01:25] - 3.3992 	 	 0.4663 	 3.7644 	 0.2344
[2025/09/22 05:03:47] - 59 	 137.3 	 	 0.1000 	 4.9896 	 0.3076
[2025/09/22 05:03:47] - ==> Building model..
[2025/09/22 05:04:39] - Test Loss 	 Test Acc 	 PGD Loss 	 PGD Acc
[2025/09/22 05:04:39] - 3.3987 	 	 0.4664 	 3.7641 	 0.2344
[2025/09/22 05:07:02] - 60 	 137.7 	 	 0.1000 	 4.9891 	 0.3082
[2025/09/22 05:07:02] - ==> Building model..
[2025/09/22 05:07:55] - Test Loss 	 Test Acc 	 PGD Loss 	 PGD Acc
[2025/09/22 05:07:55] - 3.3987 	 	 0.4662 	 3.7646 	 0.2342
[2025/09/22 05:10:17] - 61 	 137.3 	 	 0.1000 	 4.9882 	 0.3100
[2025/09/22 05:10:17] - ==> Building model..
[2025/09/22 05:11:09] - Test Loss 	 Test Acc 	 PGD Loss 	 PGD Acc
[2025/09/22 05:11:09] - 3.3986 	 	 0.4663 	 3.7644 	 0.2342
[2025/09/22 05:13:31] - 62 	 137.4 	 	 0.1000 	 4.9882 	 0.3096
[2025/09/22 05:13:31] - ==> Building model..
[2025/09/22 05:14:24] - Test Loss 	 Test Acc 	 PGD Loss 	 PGD Acc
[2025/09/22 05:14:24] - 3.3989 	 	 0.4682 	 3.7650 	 0.2348
[2025/09/22 05:16:46] - 63 	 137.3 	 	 0.1000 	 4.9876 	 0.3108
[2025/09/22 05:16:46] - ==> Building model..
[2025/09/22 05:17:38] - Test Loss 	 Test Acc 	 PGD Loss 	 PGD Acc
[2025/09/22 05:17:38] - 3.3994 	 	 0.4675 	 3.7652 	 0.2347
[2025/09/22 05:20:00] - 64 	 137.1 	 	 0.1000 	 4.9874 	 0.3110
[2025/09/22 05:20:00] - ==> Building model..
[2025/09/22 05:20:53] - Test Loss 	 Test Acc 	 PGD Loss 	 PGD Acc
[2025/09/22 05:20:53] - 3.3993 	 	 0.4681 	 3.7652 	 0.2343
[2025/09/22 05:23:15] - 65 	 137.4 	 	 0.1000 	 4.9864 	 0.3103
[2025/09/22 05:23:15] - ==> Building model..
[2025/09/22 05:24:07] - Test Loss 	 Test Acc 	 PGD Loss 	 PGD Acc
[2025/09/22 05:24:07] - 3.3984 	 	 0.4684 	 3.7646 	 0.2346
[2025/09/22 05:26:29] - 66 	 137.6 	 	 0.1000 	 4.9863 	 0.3107
[2025/09/22 05:26:29] - ==> Building model..
[2025/09/22 05:27:22] - Test Loss 	 Test Acc 	 PGD Loss 	 PGD Acc
[2025/09/22 05:27:22] - 3.3974 	 	 0.4685 	 3.7641 	 0.2355
[2025/09/22 05:29:44] - 67 	 137.5 	 	 0.1000 	 4.9864 	 0.3117
[2025/09/22 05:29:44] - ==> Building model..
[2025/09/22 05:30:37] - Test Loss 	 Test Acc 	 PGD Loss 	 PGD Acc
[2025/09/22 05:30:37] - 3.3968 	 	 0.4681 	 3.7640 	 0.2348
[2025/09/22 05:32:59] - 68 	 137.7 	 	 0.1000 	 4.9862 	 0.3115
[2025/09/22 05:32:59] - ==> Building model..
[2025/09/22 05:33:52] - Test Loss 	 Test Acc 	 PGD Loss 	 PGD Acc
[2025/09/22 05:33:52] - 3.3962 	 	 0.4677 	 3.7639 	 0.2353
[2025/09/22 05:36:14] - 69 	 137.2 	 	 0.1000 	 4.9864 	 0.3101
[2025/09/22 05:36:14] - ==> Building model..
[2025/09/22 05:37:06] - Test Loss 	 Test Acc 	 PGD Loss 	 PGD Acc
[2025/09/22 05:37:06] - 3.3948 	 	 0.4684 	 3.7629 	 0.2357
[2025/09/22 05:39:28] - 70 	 136.9 	 	 0.1000 	 4.9854 	 0.3127
[2025/09/22 05:39:28] - ==> Building model..
[2025/09/22 05:40:20] - Test Loss 	 Test Acc 	 PGD Loss 	 PGD Acc
[2025/09/22 05:40:20] - 3.3940 	 	 0.4695 	 3.7624 	 0.2368
[2025/09/22 05:42:42] - 71 	 136.9 	 	 0.1000 	 4.9855 	 0.3103
[2025/09/22 05:42:42] - ==> Building model..
[2025/09/22 05:43:34] - Test Loss 	 Test Acc 	 PGD Loss 	 PGD Acc
[2025/09/22 05:43:34] - 3.3934 	 	 0.4698 	 3.7620 	 0.2357
[2025/09/22 05:45:56] - 72 	 137.0 	 	 0.1000 	 4.9848 	 0.3130
[2025/09/22 05:45:56] - ==> Building model..
[2025/09/22 05:46:48] - Test Loss 	 Test Acc 	 PGD Loss 	 PGD Acc
[2025/09/22 05:46:48] - 3.3929 	 	 0.4691 	 3.7619 	 0.2358
[2025/09/22 05:49:10] - 73 	 137.0 	 	 0.1000 	 4.9846 	 0.3129
[2025/09/22 05:49:10] - ==> Building model..
[2025/09/22 05:50:02] - Test Loss 	 Test Acc 	 PGD Loss 	 PGD Acc
[2025/09/22 05:50:02] - 3.3920 	 	 0.4692 	 3.7616 	 0.2361
[2025/09/22 05:52:24] - 74 	 137.0 	 	 0.1000 	 4.9843 	 0.3151
[2025/09/22 05:52:24] - ==> Building model..
[2025/09/22 05:53:16] - Test Loss 	 Test Acc 	 PGD Loss 	 PGD Acc
[2025/09/22 05:53:16] - 3.3919 	 	 0.4692 	 3.7618 	 0.2363
[2025/09/22 05:55:37] - 75 	 136.9 	 	 0.1000 	 4.9839 	 0.3131
[2025/09/22 05:55:37] - ==> Building model..
[2025/09/22 05:56:29] - Test Loss 	 Test Acc 	 PGD Loss 	 PGD Acc
[2025/09/22 05:56:29] - 3.3916 	 	 0.4689 	 3.7616 	 0.2367
[2025/09/22 05:58:51] - 76 	 137.0 	 	 0.1000 	 4.9834 	 0.3140
[2025/09/22 05:58:51] - ==> Building model..
[2025/09/22 05:59:43] - Test Loss 	 Test Acc 	 PGD Loss 	 PGD Acc
[2025/09/22 05:59:43] - 3.3899 	 	 0.4701 	 3.7609 	 0.2363
[2025/09/22 06:02:05] - 77 	 137.1 	 	 0.1000 	 4.9831 	 0.3151
[2025/09/22 06:02:05] - ==> Building model..
[2025/09/22 06:02:57] - Test Loss 	 Test Acc 	 PGD Loss 	 PGD Acc
[2025/09/22 06:02:57] - 3.3888 	 	 0.4704 	 3.7601 	 0.2367
[2025/09/22 06:05:19] - 78 	 137.2 	 	 0.1000 	 4.9835 	 0.3141
[2025/09/22 06:05:19] - ==> Building model..
[2025/09/22 06:06:11] - Test Loss 	 Test Acc 	 PGD Loss 	 PGD Acc
[2025/09/22 06:06:11] - 3.3876 	 	 0.4708 	 3.7589 	 0.2369
[2025/09/22 06:08:34] - 79 	 137.6 	 	 0.1000 	 4.9832 	 0.3151
[2025/09/22 06:08:34] - ==> Building model..
[2025/09/22 06:09:27] - Test Loss 	 Test Acc 	 PGD Loss 	 PGD Acc
[2025/09/22 06:09:27] - 3.3875 	 	 0.4703 	 3.7593 	 0.2378
[2025/09/22 06:11:48] - 80 	 137.2 	 	 0.1000 	 4.9828 	 0.3148
[2025/09/22 06:11:48] - ==> Building model..
[2025/09/22 06:12:41] - Test Loss 	 Test Acc 	 PGD Loss 	 PGD Acc
[2025/09/22 06:12:41] - 3.3862 	 	 0.4709 	 3.7578 	 0.2376
[2025/09/22 06:15:02] - 81 	 137.2 	 	 0.1000 	 4.9819 	 0.3167
[2025/09/22 06:15:02] - ==> Building model..
[2025/09/22 06:15:55] - Test Loss 	 Test Acc 	 PGD Loss 	 PGD Acc
[2025/09/22 06:15:55] - 3.3848 	 	 0.4714 	 3.7578 	 0.2373
[2025/09/22 06:18:16] - 82 	 137.3 	 	 0.1000 	 4.9817 	 0.3158
[2025/09/22 06:18:16] - ==> Building model..
[2025/09/22 06:19:08] - Test Loss 	 Test Acc 	 PGD Loss 	 PGD Acc
[2025/09/22 06:19:08] - 3.3831 	 	 0.4717 	 3.7567 	 0.2371
[2025/09/22 06:21:30] - 83 	 137.1 	 	 0.1000 	 4.9821 	 0.3162
[2025/09/22 06:21:30] - ==> Building model..
[2025/09/22 06:22:22] - Test Loss 	 Test Acc 	 PGD Loss 	 PGD Acc
[2025/09/22 06:22:22] - 3.3817 	 	 0.4723 	 3.7558 	 0.2378
[2025/09/22 06:24:44] - 84 	 137.0 	 	 0.1000 	 4.9819 	 0.3146
[2025/09/22 06:24:44] - ==> Building model..
[2025/09/22 06:25:36] - Test Loss 	 Test Acc 	 PGD Loss 	 PGD Acc
[2025/09/22 06:25:36] - 3.3808 	 	 0.4720 	 3.7553 	 0.2368
[2025/09/22 06:27:58] - 85 	 137.2 	 	 0.1000 	 4.9817 	 0.3168
[2025/09/22 06:27:58] - ==> Building model..
[2025/09/22 06:28:50] - Test Loss 	 Test Acc 	 PGD Loss 	 PGD Acc
[2025/09/22 06:28:50] - 3.3804 	 	 0.4721 	 3.7553 	 0.2371
[2025/09/22 06:31:12] - 86 	 137.1 	 	 0.1000 	 4.9812 	 0.3170
[2025/09/22 06:31:12] - ==> Building model..
[2025/09/22 06:32:04] - Test Loss 	 Test Acc 	 PGD Loss 	 PGD Acc
[2025/09/22 06:32:04] - 3.3799 	 	 0.4727 	 3.7562 	 0.2386
[2025/09/22 06:34:26] - 87 	 137.2 	 	 0.1000 	 4.9809 	 0.3157
[2025/09/22 06:34:26] - ==> Building model..
[2025/09/22 06:35:19] - Test Loss 	 Test Acc 	 PGD Loss 	 PGD Acc
[2025/09/22 06:35:19] - 3.3803 	 	 0.4719 	 3.7565 	 0.2379
[2025/09/22 06:37:40] - 88 	 137.1 	 	 0.1000 	 4.9812 	 0.3156
[2025/09/22 06:37:40] - ==> Building model..
[2025/09/22 06:38:33] - Test Loss 	 Test Acc 	 PGD Loss 	 PGD Acc
[2025/09/22 06:38:33] - 3.3806 	 	 0.4732 	 3.7576 	 0.2382
[2025/09/22 06:40:55] - 89 	 137.6 	 	 0.1000 	 4.9807 	 0.3168
[2025/09/22 06:40:55] - ==> Building model..
[2025/09/22 06:41:48] - Test Loss 	 Test Acc 	 PGD Loss 	 PGD Acc
[2025/09/22 06:41:48] - 3.3822 	 	 0.4723 	 3.7591 	 0.2388
[2025/09/22 06:44:10] - 90 	 137.4 	 	 0.1000 	 4.9799 	 0.3176
[2025/09/22 06:44:10] - ==> Building model..
[2025/09/22 06:45:02] - Test Loss 	 Test Acc 	 PGD Loss 	 PGD Acc
[2025/09/22 06:45:02] - 3.3841 	 	 0.4726 	 3.7614 	 0.2383
[2025/09/22 06:47:24] - 91 	 137.4 	 	 0.1000 	 4.9800 	 0.3170
[2025/09/22 06:47:24] - ==> Building model..
[2025/09/22 06:48:17] - Test Loss 	 Test Acc 	 PGD Loss 	 PGD Acc
[2025/09/22 06:48:17] - 3.3861 	 	 0.4739 	 3.7636 	 0.2393
[2025/09/22 06:50:40] - 92 	 137.9 	 	 0.1000 	 4.9805 	 0.3176
[2025/09/22 06:50:40] - ==> Building model..
[2025/09/22 06:51:33] - Test Loss 	 Test Acc 	 PGD Loss 	 PGD Acc
[2025/09/22 06:51:33] - 3.3878 	 	 0.4736 	 3.7658 	 0.2395
[2025/09/22 06:53:55] - 93 	 137.4 	 	 0.1000 	 4.9796 	 0.3196
[2025/09/22 06:53:55] - ==> Building model..
[2025/09/22 06:54:47] - Test Loss 	 Test Acc 	 PGD Loss 	 PGD Acc
[2025/09/22 06:54:47] - 3.3896 	 	 0.4735 	 3.7682 	 0.2401
[2025/09/22 06:57:09] - 94 	 137.3 	 	 0.1000 	 4.9806 	 0.3173
[2025/09/22 06:57:09] - ==> Building model..
[2025/09/22 06:58:02] - Test Loss 	 Test Acc 	 PGD Loss 	 PGD Acc
[2025/09/22 06:58:02] - 3.3921 	 	 0.4733 	 3.7701 	 0.2400
[2025/09/22 07:00:24] - 95 	 137.4 	 	 0.1000 	 4.9801 	 0.3176
[2025/09/22 07:00:24] - ==> Building model..
[2025/09/22 07:01:16] - Test Loss 	 Test Acc 	 PGD Loss 	 PGD Acc
[2025/09/22 07:01:16] - 3.3931 	 	 0.4737 	 3.7716 	 0.2401
[2025/09/22 07:03:38] - 96 	 137.2 	 	 0.1000 	 4.9794 	 0.3178
[2025/09/22 07:03:38] - ==> Building model..
[2025/09/22 07:04:30] - Test Loss 	 Test Acc 	 PGD Loss 	 PGD Acc
[2025/09/22 07:04:30] - 3.3934 	 	 0.4733 	 3.7721 	 0.2399
[2025/09/22 07:06:51] - 97 	 136.9 	 	 0.1000 	 4.9801 	 0.3185
[2025/09/22 07:06:51] - ==> Building model..
[2025/09/22 07:07:44] - Test Loss 	 Test Acc 	 PGD Loss 	 PGD Acc
[2025/09/22 07:07:44] - 3.3933 	 	 0.4743 	 3.7728 	 0.2404
[2025/09/22 07:10:05] - 98 	 137.1 	 	 0.1000 	 4.9794 	 0.3196
[2025/09/22 07:10:05] - ==> Building model..
[2025/09/22 07:10:58] - Test Loss 	 Test Acc 	 PGD Loss 	 PGD Acc
[2025/09/22 07:10:58] - 3.3935 	 	 0.4739 	 3.7729 	 0.2407
[2025/09/22 07:13:19] - 99 	 136.3 	 	 0.0100 	 4.8809 	 0.4466
[2025/09/22 07:13:19] - ==> Building model..
[2025/09/22 07:14:11] - Test Loss 	 Test Acc 	 PGD Loss 	 PGD Acc
[2025/09/22 07:14:11] - 3.3932 	 	 0.4740 	 3.7733 	 0.2405
[2025/09/22 07:16:32] - 100 	 136.5 	 	 0.0100 	 4.8143 	 0.5390
[2025/09/22 07:16:32] - ==> Building model..
[2025/09/22 07:17:25] - Test Loss 	 Test Acc 	 PGD Loss 	 PGD Acc
[2025/09/22 07:17:25] - 3.3932 	 	 0.4740 	 3.7730 	 0.2408
[2025/09/22 07:19:46] - 101 	 136.3 	 	 0.0100 	 4.7888 	 0.5788
[2025/09/22 07:19:46] - ==> Building model..
[2025/09/22 07:20:38] - Test Loss 	 Test Acc 	 PGD Loss 	 PGD Acc
[2025/09/22 07:20:38] - 3.3932 	 	 0.4740 	 3.7730 	 0.2409
[2025/09/22 07:23:00] - 102 	 136.6 	 	 0.0100 	 4.7681 	 0.6131
[2025/09/22 07:23:00] - ==> Building model..
[2025/09/22 07:23:52] - Test Loss 	 Test Acc 	 PGD Loss 	 PGD Acc
[2025/09/22 07:23:52] - 3.3932 	 	 0.4740 	 3.7728 	 0.2405
[2025/09/22 07:26:13] - 103 	 136.6 	 	 0.0100 	 4.7504 	 0.6442
[2025/09/22 07:26:13] - ==> Building model..
[2025/09/22 07:27:06] - Test Loss 	 Test Acc 	 PGD Loss 	 PGD Acc
[2025/09/22 07:27:06] - 3.3932 	 	 0.4740 	 3.7735 	 0.2410
[2025/09/22 07:29:27] - 104 	 136.7 	 	 0.0010 	 4.7046 	 0.7197
[2025/09/22 07:29:27] - ==> Building model..
[2025/09/22 07:30:19] - Test Loss 	 Test Acc 	 PGD Loss 	 PGD Acc
[2025/09/22 07:30:19] - 3.3932 	 	 0.4740 	 3.7728 	 0.2407
[2025/09/22 07:32:40] - 105 	 136.5 	 	 0.0010 	 4.6840 	 0.7512
[2025/09/22 07:32:40] - ==> Building model..
[2025/09/22 07:33:33] - Test Loss 	 Test Acc 	 PGD Loss 	 PGD Acc
[2025/09/22 07:33:33] - 3.3932 	 	 0.4740 	 3.7728 	 0.2406
[2025/09/22 07:35:54] - 106 	 136.4 	 	 0.0010 	 4.6783 	 0.7613
[2025/09/22 07:35:54] - ==> Building model..
[2025/09/22 07:36:46] - Test Loss 	 Test Acc 	 PGD Loss 	 PGD Acc
[2025/09/22 07:36:46] - 3.3932 	 	 0.4740 	 3.7728 	 0.2410
[2025/09/22 07:39:07] - 107 	 136.3 	 	 0.0010 	 4.6732 	 0.7698
[2025/09/22 07:39:07] - ==> Building model..
[2025/09/22 07:39:59] - Test Loss 	 Test Acc 	 PGD Loss 	 PGD Acc
[2025/09/22 07:39:59] - 3.3932 	 	 0.4740 	 3.7735 	 0.2407
[2025/09/22 07:42:20] - 108 	 136.4 	 	 0.0010 	 4.6687 	 0.7772
[2025/09/22 07:42:20] - ==> Building model..
[2025/09/22 07:43:13] - Test Loss 	 Test Acc 	 PGD Loss 	 PGD Acc
[2025/09/22 07:43:13] - 3.3932 	 	 0.4740 	 3.7729 	 0.2406
[2025/09/22 07:45:33] - 109 	 136.3 	 	 0.0010 	 4.6643 	 0.7844
[2025/09/22 07:45:33] - ==> Building model..
[2025/09/22 07:46:26] - Test Loss 	 Test Acc 	 PGD Loss 	 PGD Acc
[2025/09/22 07:46:26] - 3.3932 	 	 0.4740 	 3.7732 	 0.2400
[2025/09/22 07:46:26] - [0.0821, 0.1441, 0.1893, 0.2143, 0.238, 0.2494, 0.2704, 0.3037, 0.3358, 0.3555, 0.3716, 0.3819, 0.3875, 0.3961, 0.4016, 0.4065, 0.4113, 0.4139, 0.4173, 0.4214, 0.425, 0.4288, 0.4329, 0.436, 0.4384, 0.4398, 0.441, 0.4435, 0.4459, 0.4478, 0.4488, 0.4497, 0.4519, 0.4533, 0.455, 0.4572, 0.457, 0.4577, 0.4577, 0.458, 0.4595, 0.4599, 0.4597, 0.4607, 0.4615, 0.4622, 0.4632, 0.4638, 0.4637, 0.4638, 0.4639, 0.4648, 0.4656, 0.4653, 0.4642, 0.4652, 0.4665, 0.4673, 0.4663, 0.4664, 0.4662, 0.4663, 0.4682, 0.4675, 0.4681, 0.4684, 0.4685, 0.4681, 0.4677, 0.4684, 0.4695, 0.4698, 0.4691, 0.4692, 0.4692, 0.4689, 0.4701, 0.4704, 0.4708, 0.4703, 0.4709, 0.4714, 0.4717, 0.4723, 0.472, 0.4721, 0.4727, 0.4719, 0.4732, 0.4723, 0.4726, 0.4739, 0.4736, 0.4735, 0.4733, 0.4737, 0.4733, 0.4743, 0.4739, 0.474, 0.474, 0.474, 0.474, 0.474, 0.474, 0.474, 0.474, 0.474, 0.474, 0.474]
[2025/09/22 07:46:26] - [0.0455, 0.0756, 0.1, 0.1113, 0.1231, 0.1264, 0.1368, 0.1534, 0.1703, 0.1791, 0.1842, 0.1901, 0.1939, 0.1994, 0.2013, 0.203, 0.205, 0.2061, 0.2078, 0.2084, 0.2104, 0.2123, 0.2137, 0.2144, 0.2167, 0.2166, 0.2198, 0.2203, 0.2213, 0.2223, 0.2228, 0.2233, 0.2239, 0.224, 0.2255, 0.2257, 0.2255, 0.226, 0.2279, 0.2271, 0.2282, 0.2278, 0.2286, 0.2287, 0.2292, 0.2298, 0.23, 0.231, 0.2314, 0.2319, 0.233, 0.2328, 0.2325, 0.2327, 0.2333, 0.233, 0.234, 0.2345, 0.2344, 0.2344, 0.2342, 0.2342, 0.2348, 0.2347, 0.2343, 0.2346, 0.2355, 0.2348, 0.2353, 0.2357, 0.2368, 0.2357, 0.2358, 0.2361, 0.2363, 0.2367, 0.2363, 0.2367, 0.2369, 0.2378, 0.2376, 0.2373, 0.2371, 0.2378, 0.2368, 0.2371, 0.2386, 0.2379, 0.2382, 0.2388, 0.2383, 0.2393, 0.2395, 0.2401, 0.24, 0.2401, 0.2399, 0.2404, 0.2407, 0.2405, 0.2408, 0.2409, 0.2405, 0.241, 0.2407, 0.2406, 0.241, 0.2407, 0.2406, 0.24]
