[2025/10/14 06:34:21] - Namespace(batch_size=128, data_dir='cifar-data', epochs=100, lr_schedule='multistep', lr_min=0.0, lr_max=0.2, weight_decay=0.0005, momentum=0.9, model='ResNet18', epsilon=8, alpha=8, delta_init='random', normal_mean=0, normal_std=1, out_dir='./output/CIFAR100/lamda_37_lamscale_0.03_run1', seed=0, lamda=37.0, lam_scale=0.03, lam_start=50, gamma=0.05, inner_gamma=0.05, beta=0.2, mu=3.5, batch_m=0.75, early_stop=False, factor=0.5, length=4, n_holes=1, c_num=0.125, EMA_value=0.55)
[2025/10/14 06:34:23] - ==> Building model..
[2025/10/14 06:34:23] - Epoch 	 Seconds 	 LR 	 	 Train Loss 	 Train Acc
[2025/10/14 06:35:07] - 0 	 18.9 	 	 0.2000 	 4.5721 	 0.0392
[2025/10/14 06:35:07] - ==> Building model..
[2025/10/14 06:35:23] - Test Loss 	 Test Acc 	 PGD Loss 	 PGD Acc
[2025/10/14 06:35:23] - 4.2211 	 	 0.0815 	 4.2337 	 0.0560
[2025/10/14 06:36:08] - 1 	 18.1 	 	 0.2000 	 4.4592 	 0.0785
[2025/10/14 06:36:08] - ==> Building model..
[2025/10/14 06:36:24] - Test Loss 	 Test Acc 	 PGD Loss 	 PGD Acc
[2025/10/14 06:36:24] - 4.0354 	 	 0.1421 	 4.0642 	 0.0922
[2025/10/14 06:37:09] - 2 	 18.3 	 	 0.2000 	 4.4048 	 0.1056
[2025/10/14 06:37:09] - ==> Building model..
[2025/10/14 06:37:25] - Test Loss 	 Test Acc 	 PGD Loss 	 PGD Acc
[2025/10/14 06:37:25] - 3.8665 	 	 0.1859 	 3.9148 	 0.1181
[2025/10/14 06:38:08] - 3 	 18.7 	 	 0.2000 	 4.3569 	 0.1278
[2025/10/14 06:38:08] - ==> Building model..
[2025/10/14 06:38:25] - Test Loss 	 Test Acc 	 PGD Loss 	 PGD Acc
[2025/10/14 06:38:25] - 3.6827 	 	 0.2402 	 3.7576 	 0.1413
[2025/10/14 06:39:11] - 4 	 19.1 	 	 0.2000 	 4.3124 	 0.1508
[2025/10/14 06:39:11] - ==> Building model..
[2025/10/14 06:39:27] - Test Loss 	 Test Acc 	 PGD Loss 	 PGD Acc
[2025/10/14 06:39:27] - 3.5387 	 	 0.2742 	 3.6373 	 0.1629
[2025/10/14 06:40:13] - 5 	 19.3 	 	 0.2000 	 4.2734 	 0.1715
[2025/10/14 06:40:13] - ==> Building model..
[2025/10/14 06:40:29] - Test Loss 	 Test Acc 	 PGD Loss 	 PGD Acc
[2025/10/14 06:40:29] - 3.3664 	 	 0.3113 	 3.4918 	 0.1822
[2025/10/14 06:41:16] - 6 	 19.6 	 	 0.2000 	 4.2424 	 0.1873
[2025/10/14 06:41:16] - ==> Building model..
[2025/10/14 06:41:32] - Test Loss 	 Test Acc 	 PGD Loss 	 PGD Acc
[2025/10/14 06:41:32] - 3.1738 	 	 0.3537 	 3.3330 	 0.1946
[2025/10/14 06:42:18] - 7 	 19.5 	 	 0.2000 	 4.2209 	 0.2002
[2025/10/14 06:42:18] - ==> Building model..
[2025/10/14 06:42:35] - Test Loss 	 Test Acc 	 PGD Loss 	 PGD Acc
[2025/10/14 06:42:35] - 3.0477 	 	 0.3839 	 3.2319 	 0.2081
[2025/10/14 06:43:21] - 8 	 19.5 	 	 0.2000 	 4.2029 	 0.2073
[2025/10/14 06:43:21] - ==> Building model..
[2025/10/14 06:43:37] - Test Loss 	 Test Acc 	 PGD Loss 	 PGD Acc
[2025/10/14 06:43:37] - 2.9607 	 	 0.4045 	 3.1644 	 0.2185
[2025/10/14 06:44:24] - 9 	 19.7 	 	 0.2000 	 4.1870 	 0.2184
[2025/10/14 06:44:24] - ==> Building model..
[2025/10/14 06:44:40] - Test Loss 	 Test Acc 	 PGD Loss 	 PGD Acc
[2025/10/14 06:44:40] - 2.9025 	 	 0.4177 	 3.1172 	 0.2255
[2025/10/14 06:45:25] - 10 	 19.1 	 	 0.2000 	 4.1742 	 0.2259
[2025/10/14 06:45:25] - ==> Building model..
[2025/10/14 06:45:41] - Test Loss 	 Test Acc 	 PGD Loss 	 PGD Acc
[2025/10/14 06:45:41] - 2.8516 	 	 0.4280 	 3.0778 	 0.2305
[2025/10/14 06:46:26] - 11 	 19.1 	 	 0.2000 	 4.1661 	 0.2287
[2025/10/14 06:46:26] - ==> Building model..
[2025/10/14 06:46:42] - Test Loss 	 Test Acc 	 PGD Loss 	 PGD Acc
[2025/10/14 06:46:42] - 2.8138 	 	 0.4382 	 3.0490 	 0.2369
[2025/10/14 06:47:27] - 12 	 19.4 	 	 0.2000 	 4.1556 	 0.2359
[2025/10/14 06:47:27] - ==> Building model..
[2025/10/14 06:47:44] - Test Loss 	 Test Acc 	 PGD Loss 	 PGD Acc
[2025/10/14 06:47:44] - 2.7704 	 	 0.4497 	 3.0173 	 0.2422
[2025/10/14 06:48:29] - 13 	 19.3 	 	 0.2000 	 4.1528 	 0.2365
[2025/10/14 06:48:29] - ==> Building model..
[2025/10/14 06:48:45] - Test Loss 	 Test Acc 	 PGD Loss 	 PGD Acc
[2025/10/14 06:48:45] - 2.7426 	 	 0.4578 	 2.9959 	 0.2466
[2025/10/14 06:49:28] - 14 	 18.6 	 	 0.2000 	 4.1472 	 0.2411
[2025/10/14 06:49:28] - ==> Building model..
[2025/10/14 06:49:45] - Test Loss 	 Test Acc 	 PGD Loss 	 PGD Acc
[2025/10/14 06:49:45] - 2.7218 	 	 0.4612 	 2.9810 	 0.2488
[2025/10/14 06:50:30] - 15 	 19.7 	 	 0.2000 	 4.1400 	 0.2451
[2025/10/14 06:50:30] - ==> Building model..
[2025/10/14 06:50:47] - Test Loss 	 Test Acc 	 PGD Loss 	 PGD Acc
[2025/10/14 06:50:47] - 2.7009 	 	 0.4669 	 2.9655 	 0.2526
[2025/10/14 06:51:33] - 16 	 19.6 	 	 0.2000 	 4.1348 	 0.2498
[2025/10/14 06:51:33] - ==> Building model..
[2025/10/14 06:51:50] - Test Loss 	 Test Acc 	 PGD Loss 	 PGD Acc
[2025/10/14 06:51:50] - 2.6905 	 	 0.4723 	 2.9563 	 0.2527
[2025/10/14 06:52:35] - 17 	 19.4 	 	 0.2000 	 4.1342 	 0.2487
[2025/10/14 06:52:35] - ==> Building model..
[2025/10/14 06:52:51] - Test Loss 	 Test Acc 	 PGD Loss 	 PGD Acc
[2025/10/14 06:52:51] - 2.6787 	 	 0.4741 	 2.9486 	 0.2547
[2025/10/14 06:53:36] - 18 	 19.4 	 	 0.2000 	 4.1270 	 0.2519
[2025/10/14 06:53:36] - ==> Building model..
[2025/10/14 06:53:52] - Test Loss 	 Test Acc 	 PGD Loss 	 PGD Acc
[2025/10/14 06:53:52] - 2.6631 	 	 0.4786 	 2.9374 	 0.2563
[2025/10/14 06:54:37] - 19 	 18.7 	 	 0.2000 	 4.1235 	 0.2557
[2025/10/14 06:54:37] - ==> Building model..
[2025/10/14 06:54:53] - Test Loss 	 Test Acc 	 PGD Loss 	 PGD Acc
[2025/10/14 06:54:53] - 2.6498 	 	 0.4816 	 2.9264 	 0.2580
[2025/10/14 06:55:38] - 20 	 18.4 	 	 0.2000 	 4.1231 	 0.2566
[2025/10/14 06:55:38] - ==> Building model..
[2025/10/14 06:55:54] - Test Loss 	 Test Acc 	 PGD Loss 	 PGD Acc
[2025/10/14 06:55:54] - 2.6439 	 	 0.4838 	 2.9224 	 0.2592
[2025/10/14 06:56:39] - 21 	 18.7 	 	 0.2000 	 4.1182 	 0.2576
[2025/10/14 06:56:39] - ==> Building model..
[2025/10/14 06:56:56] - Test Loss 	 Test Acc 	 PGD Loss 	 PGD Acc
[2025/10/14 06:56:56] - 2.6372 	 	 0.4870 	 2.9175 	 0.2598
[2025/10/14 06:57:40] - 22 	 18.8 	 	 0.2000 	 4.1177 	 0.2590
[2025/10/14 06:57:40] - ==> Building model..
[2025/10/14 06:57:57] - Test Loss 	 Test Acc 	 PGD Loss 	 PGD Acc
[2025/10/14 06:57:57] - 2.6318 	 	 0.4871 	 2.9139 	 0.2621
[2025/10/14 06:58:43] - 23 	 19.5 	 	 0.2000 	 4.1174 	 0.2568
[2025/10/14 06:58:43] - ==> Building model..
[2025/10/14 06:58:59] - Test Loss 	 Test Acc 	 PGD Loss 	 PGD Acc
[2025/10/14 06:58:59] - 2.6257 	 	 0.4880 	 2.9084 	 0.2608
[2025/10/14 06:59:44] - 24 	 18.9 	 	 0.2000 	 4.1127 	 0.2620
[2025/10/14 06:59:44] - ==> Building model..
[2025/10/14 07:00:01] - Test Loss 	 Test Acc 	 PGD Loss 	 PGD Acc
[2025/10/14 07:00:01] - 2.6196 	 	 0.4875 	 2.9042 	 0.2617
[2025/10/14 07:00:45] - 25 	 18.4 	 	 0.2000 	 4.1107 	 0.2635
[2025/10/14 07:00:45] - ==> Building model..
[2025/10/14 07:01:01] - Test Loss 	 Test Acc 	 PGD Loss 	 PGD Acc
[2025/10/14 07:01:01] - 2.6115 	 	 0.4909 	 2.8983 	 0.2640
[2025/10/14 07:01:46] - 26 	 18.9 	 	 0.2000 	 4.1078 	 0.2632
[2025/10/14 07:01:46] - ==> Building model..
[2025/10/14 07:02:03] - Test Loss 	 Test Acc 	 PGD Loss 	 PGD Acc
[2025/10/14 07:02:03] - 2.6025 	 	 0.4941 	 2.8915 	 0.2657
[2025/10/14 07:02:47] - 27 	 18.9 	 	 0.2000 	 4.1070 	 0.2641
[2025/10/14 07:02:47] - ==> Building model..
[2025/10/14 07:03:04] - Test Loss 	 Test Acc 	 PGD Loss 	 PGD Acc
[2025/10/14 07:03:04] - 2.5944 	 	 0.4970 	 2.8864 	 0.2665
[2025/10/14 07:03:48] - 28 	 19.2 	 	 0.2000 	 4.1054 	 0.2652
[2025/10/14 07:03:48] - ==> Building model..
[2025/10/14 07:04:04] - Test Loss 	 Test Acc 	 PGD Loss 	 PGD Acc
[2025/10/14 07:04:04] - 2.5903 	 	 0.4969 	 2.8839 	 0.2677
[2025/10/14 07:04:49] - 29 	 18.6 	 	 0.2000 	 4.1037 	 0.2673
[2025/10/14 07:04:49] - ==> Building model..
[2025/10/14 07:05:05] - Test Loss 	 Test Acc 	 PGD Loss 	 PGD Acc
[2025/10/14 07:05:05] - 2.5819 	 	 0.4993 	 2.8771 	 0.2703
[2025/10/14 07:05:50] - 30 	 19.5 	 	 0.2000 	 4.1053 	 0.2650
[2025/10/14 07:05:50] - ==> Building model..
[2025/10/14 07:06:07] - Test Loss 	 Test Acc 	 PGD Loss 	 PGD Acc
[2025/10/14 07:06:07] - 2.5795 	 	 0.4996 	 2.8742 	 0.2713
[2025/10/14 07:06:53] - 31 	 19.4 	 	 0.2000 	 4.1026 	 0.2671
[2025/10/14 07:06:53] - ==> Building model..
[2025/10/14 07:07:10] - Test Loss 	 Test Acc 	 PGD Loss 	 PGD Acc
[2025/10/14 07:07:10] - 2.5758 	 	 0.4999 	 2.8717 	 0.2707
[2025/10/14 07:07:54] - 32 	 18.8 	 	 0.2000 	 4.1007 	 0.2674
[2025/10/14 07:07:54] - ==> Building model..
[2025/10/14 07:08:11] - Test Loss 	 Test Acc 	 PGD Loss 	 PGD Acc
[2025/10/14 07:08:11] - 2.5710 	 	 0.5026 	 2.8684 	 0.2712
[2025/10/14 07:08:57] - 33 	 19.4 	 	 0.2000 	 4.1005 	 0.2689
[2025/10/14 07:08:57] - ==> Building model..
[2025/10/14 07:09:13] - Test Loss 	 Test Acc 	 PGD Loss 	 PGD Acc
[2025/10/14 07:09:13] - 2.5649 	 	 0.5035 	 2.8638 	 0.2730
[2025/10/14 07:09:58] - 34 	 18.6 	 	 0.2000 	 4.0982 	 0.2698
[2025/10/14 07:09:58] - ==> Building model..
[2025/10/14 07:10:14] - Test Loss 	 Test Acc 	 PGD Loss 	 PGD Acc
[2025/10/14 07:10:14] - 2.5627 	 	 0.5038 	 2.8621 	 0.2721
[2025/10/14 07:10:55] - 35 	 17.8 	 	 0.2000 	 4.0961 	 0.2734
[2025/10/14 07:10:55] - ==> Building model..
[2025/10/14 07:11:11] - Test Loss 	 Test Acc 	 PGD Loss 	 PGD Acc
[2025/10/14 07:11:11] - 2.5639 	 	 0.5043 	 2.8639 	 0.2726
[2025/10/14 07:11:56] - 36 	 18.5 	 	 0.2000 	 4.0965 	 0.2711
[2025/10/14 07:11:56] - ==> Building model..
[2025/10/14 07:12:12] - Test Loss 	 Test Acc 	 PGD Loss 	 PGD Acc
[2025/10/14 07:12:12] - 2.5601 	 	 0.5059 	 2.8604 	 0.2724
[2025/10/14 07:12:57] - 37 	 18.9 	 	 0.2000 	 4.0959 	 0.2708
[2025/10/14 07:12:57] - ==> Building model..
[2025/10/14 07:13:13] - Test Loss 	 Test Acc 	 PGD Loss 	 PGD Acc
[2025/10/14 07:13:13] - 2.5560 	 	 0.5068 	 2.8578 	 0.2732
[2025/10/14 07:13:58] - 38 	 19.5 	 	 0.2000 	 4.0944 	 0.2737
[2025/10/14 07:13:58] - ==> Building model..
[2025/10/14 07:14:14] - Test Loss 	 Test Acc 	 PGD Loss 	 PGD Acc
[2025/10/14 07:14:14] - 2.5508 	 	 0.5092 	 2.8547 	 0.2742
[2025/10/14 07:14:58] - 39 	 19.0 	 	 0.2000 	 4.0942 	 0.2715
[2025/10/14 07:14:58] - ==> Building model..
[2025/10/14 07:15:14] - Test Loss 	 Test Acc 	 PGD Loss 	 PGD Acc
[2025/10/14 07:15:14] - 2.5498 	 	 0.5087 	 2.8538 	 0.2756
[2025/10/14 07:16:00] - 40 	 19.0 	 	 0.2000 	 4.0941 	 0.2723
[2025/10/14 07:16:00] - ==> Building model..
[2025/10/14 07:16:16] - Test Loss 	 Test Acc 	 PGD Loss 	 PGD Acc
[2025/10/14 07:16:16] - 2.5488 	 	 0.5103 	 2.8529 	 0.2758
[2025/10/14 07:17:02] - 41 	 19.1 	 	 0.2000 	 4.0943 	 0.2735
[2025/10/14 07:17:02] - ==> Building model..
[2025/10/14 07:17:19] - Test Loss 	 Test Acc 	 PGD Loss 	 PGD Acc
[2025/10/14 07:17:19] - 2.5488 	 	 0.5093 	 2.8528 	 0.2774
[2025/10/14 07:18:02] - 42 	 18.7 	 	 0.2000 	 4.0937 	 0.2698
[2025/10/14 07:18:02] - ==> Building model..
[2025/10/14 07:18:18] - Test Loss 	 Test Acc 	 PGD Loss 	 PGD Acc
[2025/10/14 07:18:18] - 2.5460 	 	 0.5098 	 2.8506 	 0.2782
[2025/10/14 07:19:02] - 43 	 18.6 	 	 0.2000 	 4.0932 	 0.2732
[2025/10/14 07:19:02] - ==> Building model..
[2025/10/14 07:19:18] - Test Loss 	 Test Acc 	 PGD Loss 	 PGD Acc
[2025/10/14 07:19:18] - 2.5472 	 	 0.5098 	 2.8515 	 0.2795
[2025/10/14 07:20:04] - 44 	 18.9 	 	 0.2000 	 4.0919 	 0.2736
[2025/10/14 07:20:04] - ==> Building model..
[2025/10/14 07:20:20] - Test Loss 	 Test Acc 	 PGD Loss 	 PGD Acc
[2025/10/14 07:20:20] - 2.5418 	 	 0.5119 	 2.8480 	 0.2796
[2025/10/14 07:21:06] - 45 	 18.9 	 	 0.2000 	 4.0897 	 0.2760
[2025/10/14 07:21:06] - ==> Building model..
[2025/10/14 07:21:23] - Test Loss 	 Test Acc 	 PGD Loss 	 PGD Acc
[2025/10/14 07:21:23] - 2.5455 	 	 0.5113 	 2.8506 	 0.2783
[2025/10/14 07:22:07] - 46 	 18.7 	 	 0.2000 	 4.0877 	 0.2771
[2025/10/14 07:22:07] - ==> Building model..
[2025/10/14 07:22:24] - Test Loss 	 Test Acc 	 PGD Loss 	 PGD Acc
[2025/10/14 07:22:24] - 2.5454 	 	 0.5108 	 2.8508 	 0.2761
[2025/10/14 07:23:08] - 47 	 18.8 	 	 0.2000 	 4.0906 	 0.2729
[2025/10/14 07:23:08] - ==> Building model..
[2025/10/14 07:23:24] - Test Loss 	 Test Acc 	 PGD Loss 	 PGD Acc
[2025/10/14 07:23:24] - 2.5453 	 	 0.5124 	 2.8511 	 0.2765
[2025/10/14 07:24:09] - 48 	 18.9 	 	 0.2000 	 4.0881 	 0.2779
[2025/10/14 07:24:09] - ==> Building model..
[2025/10/14 07:24:25] - Test Loss 	 Test Acc 	 PGD Loss 	 PGD Acc
[2025/10/14 07:24:25] - 2.5430 	 	 0.5141 	 2.8500 	 0.2792
[2025/10/14 07:25:10] - 49 	 18.6 	 	 0.2000 	 4.0868 	 0.2783
[2025/10/14 07:25:10] - ==> Building model..
[2025/10/14 07:25:26] - Test Loss 	 Test Acc 	 PGD Loss 	 PGD Acc
[2025/10/14 07:25:26] - 2.5421 	 	 0.5150 	 2.8488 	 0.2794
[2025/10/14 07:26:11] - 50 	 18.8 	 	 0.2000 	 4.0873 	 0.2765
[2025/10/14 07:26:11] - ==> Building model..
[2025/10/14 07:26:27] - Test Loss 	 Test Acc 	 PGD Loss 	 PGD Acc
[2025/10/14 07:26:27] - 2.5409 	 	 0.5152 	 2.8482 	 0.2802
[2025/10/14 07:27:12] - 51 	 18.8 	 	 0.2000 	 4.0899 	 0.2752
[2025/10/14 07:27:12] - ==> Building model..
[2025/10/14 07:27:28] - Test Loss 	 Test Acc 	 PGD Loss 	 PGD Acc
[2025/10/14 07:27:28] - 2.5414 	 	 0.5161 	 2.8486 	 0.2805
[2025/10/14 07:28:14] - 52 	 19.1 	 	 0.2000 	 4.0889 	 0.2763
[2025/10/14 07:28:14] - ==> Building model..
[2025/10/14 07:28:30] - Test Loss 	 Test Acc 	 PGD Loss 	 PGD Acc
[2025/10/14 07:28:30] - 2.5400 	 	 0.5168 	 2.8478 	 0.2808
[2025/10/14 07:29:15] - 53 	 18.9 	 	 0.2000 	 4.0870 	 0.2741
[2025/10/14 07:29:15] - ==> Building model..
[2025/10/14 07:29:31] - Test Loss 	 Test Acc 	 PGD Loss 	 PGD Acc
[2025/10/14 07:29:31] - 2.5395 	 	 0.5166 	 2.8461 	 0.2803
[2025/10/14 07:30:16] - 54 	 19.1 	 	 0.2000 	 4.0902 	 0.2750
[2025/10/14 07:30:16] - ==> Building model..
[2025/10/14 07:30:33] - Test Loss 	 Test Acc 	 PGD Loss 	 PGD Acc
[2025/10/14 07:30:33] - 2.5425 	 	 0.5160 	 2.8481 	 0.2800
[2025/10/14 07:31:17] - 55 	 18.7 	 	 0.2000 	 4.0886 	 0.2739
[2025/10/14 07:31:17] - ==> Building model..
[2025/10/14 07:31:33] - Test Loss 	 Test Acc 	 PGD Loss 	 PGD Acc
[2025/10/14 07:31:33] - 2.5415 	 	 0.5161 	 2.8475 	 0.2802
[2025/10/14 07:32:18] - 56 	 18.5 	 	 0.2000 	 4.0882 	 0.2773
[2025/10/14 07:32:18] - ==> Building model..
[2025/10/14 07:32:34] - Test Loss 	 Test Acc 	 PGD Loss 	 PGD Acc
[2025/10/14 07:32:34] - 2.5429 	 	 0.5170 	 2.8494 	 0.2805
[2025/10/14 07:33:19] - 57 	 18.5 	 	 0.2000 	 4.0882 	 0.2786
[2025/10/14 07:33:19] - ==> Building model..
[2025/10/14 07:33:35] - Test Loss 	 Test Acc 	 PGD Loss 	 PGD Acc
[2025/10/14 07:33:35] - 2.5414 	 	 0.5185 	 2.8478 	 0.2812
[2025/10/14 07:34:16] - 58 	 17.6 	 	 0.2000 	 4.0874 	 0.2784
[2025/10/14 07:34:16] - ==> Building model..
[2025/10/14 07:34:32] - Test Loss 	 Test Acc 	 PGD Loss 	 PGD Acc
[2025/10/14 07:34:32] - 2.5444 	 	 0.5175 	 2.8508 	 0.2819
[2025/10/14 07:35:17] - 59 	 18.6 	 	 0.2000 	 4.0887 	 0.2761
[2025/10/14 07:35:17] - ==> Building model..
[2025/10/14 07:35:33] - Test Loss 	 Test Acc 	 PGD Loss 	 PGD Acc
[2025/10/14 07:35:33] - 2.5456 	 	 0.5178 	 2.8512 	 0.2811
[2025/10/14 07:36:16] - 60 	 18.3 	 	 0.2000 	 4.0860 	 0.2800
[2025/10/14 07:36:16] - ==> Building model..
[2025/10/14 07:36:33] - Test Loss 	 Test Acc 	 PGD Loss 	 PGD Acc
[2025/10/14 07:36:33] - 2.5454 	 	 0.5170 	 2.8513 	 0.2802
[2025/10/14 07:37:17] - 61 	 18.3 	 	 0.2000 	 4.0883 	 0.2763
[2025/10/14 07:37:17] - ==> Building model..
[2025/10/14 07:37:33] - Test Loss 	 Test Acc 	 PGD Loss 	 PGD Acc
[2025/10/14 07:37:33] - 2.5446 	 	 0.5174 	 2.8505 	 0.2802
[2025/10/14 07:38:18] - 62 	 18.6 	 	 0.2000 	 4.0880 	 0.2765
[2025/10/14 07:38:18] - ==> Building model..
[2025/10/14 07:38:34] - Test Loss 	 Test Acc 	 PGD Loss 	 PGD Acc
[2025/10/14 07:38:34] - 2.5440 	 	 0.5175 	 2.8495 	 0.2808
[2025/10/14 07:39:18] - 63 	 18.8 	 	 0.2000 	 4.0895 	 0.2768
[2025/10/14 07:39:18] - ==> Building model..
[2025/10/14 07:39:34] - Test Loss 	 Test Acc 	 PGD Loss 	 PGD Acc
[2025/10/14 07:39:34] - 2.5449 	 	 0.5182 	 2.8500 	 0.2803
[2025/10/14 07:40:17] - 64 	 18.5 	 	 0.2000 	 4.0869 	 0.2788
[2025/10/14 07:40:17] - ==> Building model..
[2025/10/14 07:40:34] - Test Loss 	 Test Acc 	 PGD Loss 	 PGD Acc
[2025/10/14 07:40:34] - 2.5451 	 	 0.5175 	 2.8499 	 0.2793
[2025/10/14 07:41:20] - 65 	 19.2 	 	 0.2000 	 4.0864 	 0.2800
[2025/10/14 07:41:20] - ==> Building model..
[2025/10/14 07:41:37] - Test Loss 	 Test Acc 	 PGD Loss 	 PGD Acc
[2025/10/14 07:41:37] - 2.5476 	 	 0.5175 	 2.8505 	 0.2797
[2025/10/14 07:42:21] - 66 	 18.7 	 	 0.2000 	 4.0872 	 0.2763
[2025/10/14 07:42:21] - ==> Building model..
[2025/10/14 07:42:37] - Test Loss 	 Test Acc 	 PGD Loss 	 PGD Acc
[2025/10/14 07:42:37] - 2.5493 	 	 0.5173 	 2.8525 	 0.2812
[2025/10/14 07:43:21] - 67 	 18.4 	 	 0.2000 	 4.0873 	 0.2782
[2025/10/14 07:43:21] - ==> Building model..
[2025/10/14 07:43:37] - Test Loss 	 Test Acc 	 PGD Loss 	 PGD Acc
[2025/10/14 07:43:37] - 2.5536 	 	 0.5170 	 2.8563 	 0.2824
[2025/10/14 07:44:20] - 68 	 18.1 	 	 0.2000 	 4.0879 	 0.2769
[2025/10/14 07:44:20] - ==> Building model..
[2025/10/14 07:44:36] - Test Loss 	 Test Acc 	 PGD Loss 	 PGD Acc
[2025/10/14 07:44:36] - 2.5526 	 	 0.5178 	 2.8559 	 0.2827
[2025/10/14 07:45:21] - 69 	 18.3 	 	 0.2000 	 4.0891 	 0.2778
[2025/10/14 07:45:21] - ==> Building model..
[2025/10/14 07:45:37] - Test Loss 	 Test Acc 	 PGD Loss 	 PGD Acc
[2025/10/14 07:45:37] - 2.5547 	 	 0.5171 	 2.8573 	 0.2831
[2025/10/14 07:46:20] - 70 	 18.0 	 	 0.2000 	 4.0894 	 0.2777
[2025/10/14 07:46:20] - ==> Building model..
[2025/10/14 07:46:36] - Test Loss 	 Test Acc 	 PGD Loss 	 PGD Acc
[2025/10/14 07:46:36] - 2.5555 	 	 0.5182 	 2.8579 	 0.2841
[2025/10/14 07:47:20] - 71 	 18.4 	 	 0.2000 	 4.0882 	 0.2789
[2025/10/14 07:47:20] - ==> Building model..
[2025/10/14 07:47:37] - Test Loss 	 Test Acc 	 PGD Loss 	 PGD Acc
[2025/10/14 07:47:37] - 2.5573 	 	 0.5179 	 2.8593 	 0.2836
[2025/10/14 07:48:23] - 72 	 19.1 	 	 0.2000 	 4.0883 	 0.2758
[2025/10/14 07:48:23] - ==> Building model..
[2025/10/14 07:48:39] - Test Loss 	 Test Acc 	 PGD Loss 	 PGD Acc
[2025/10/14 07:48:39] - 2.5592 	 	 0.5170 	 2.8610 	 0.2834
[2025/10/14 07:49:25] - 73 	 18.8 	 	 0.2000 	 4.0877 	 0.2792
[2025/10/14 07:49:25] - ==> Building model..
[2025/10/14 07:49:41] - Test Loss 	 Test Acc 	 PGD Loss 	 PGD Acc
[2025/10/14 07:49:41] - 2.5602 	 	 0.5177 	 2.8610 	 0.2835
[2025/10/14 07:50:24] - 74 	 18.2 	 	 0.2000 	 4.0893 	 0.2786
[2025/10/14 07:50:24] - ==> Building model..
[2025/10/14 07:50:40] - Test Loss 	 Test Acc 	 PGD Loss 	 PGD Acc
[2025/10/14 07:50:40] - 2.5619 	 	 0.5185 	 2.8619 	 0.2836
[2025/10/14 07:51:25] - 75 	 18.8 	 	 0.2000 	 4.0886 	 0.2782
[2025/10/14 07:51:25] - ==> Building model..
[2025/10/14 07:51:41] - Test Loss 	 Test Acc 	 PGD Loss 	 PGD Acc
[2025/10/14 07:51:41] - 2.5622 	 	 0.5188 	 2.8623 	 0.2830
[2025/10/14 07:52:24] - 76 	 18.3 	 	 0.2000 	 4.0889 	 0.2798
[2025/10/14 07:52:24] - ==> Building model..
[2025/10/14 07:52:40] - Test Loss 	 Test Acc 	 PGD Loss 	 PGD Acc
[2025/10/14 07:52:40] - 2.5641 	 	 0.5190 	 2.8639 	 0.2834
[2025/10/14 07:53:23] - 77 	 18.2 	 	 0.2000 	 4.0889 	 0.2784
[2025/10/14 07:53:23] - ==> Building model..
[2025/10/14 07:53:39] - Test Loss 	 Test Acc 	 PGD Loss 	 PGD Acc
[2025/10/14 07:53:39] - 2.5653 	 	 0.5199 	 2.8645 	 0.2834
[2025/10/14 07:54:22] - 78 	 18.5 	 	 0.2000 	 4.0892 	 0.2789
[2025/10/14 07:54:22] - ==> Building model..
[2025/10/14 07:54:39] - Test Loss 	 Test Acc 	 PGD Loss 	 PGD Acc
[2025/10/14 07:54:39] - 2.5655 	 	 0.5205 	 2.8646 	 0.2826
[2025/10/14 07:55:23] - 79 	 18.5 	 	 0.2000 	 4.0885 	 0.2793
[2025/10/14 07:55:23] - ==> Building model..
[2025/10/14 07:55:40] - Test Loss 	 Test Acc 	 PGD Loss 	 PGD Acc
[2025/10/14 07:55:40] - 2.5668 	 	 0.5202 	 2.8652 	 0.2830
[2025/10/14 07:56:24] - 80 	 18.7 	 	 0.2000 	 4.0885 	 0.2794
[2025/10/14 07:56:24] - ==> Building model..
[2025/10/14 07:56:40] - Test Loss 	 Test Acc 	 PGD Loss 	 PGD Acc
[2025/10/14 07:56:40] - 2.5683 	 	 0.5210 	 2.8662 	 0.2837
[2025/10/14 07:57:24] - 81 	 18.5 	 	 0.2000 	 4.0888 	 0.2805
[2025/10/14 07:57:24] - ==> Building model..
[2025/10/14 07:57:40] - Test Loss 	 Test Acc 	 PGD Loss 	 PGD Acc
[2025/10/14 07:57:40] - 2.5690 	 	 0.5205 	 2.8667 	 0.2832
[2025/10/14 07:58:25] - 82 	 19.2 	 	 0.2000 	 4.0904 	 0.2794
[2025/10/14 07:58:25] - ==> Building model..
[2025/10/14 07:58:41] - Test Loss 	 Test Acc 	 PGD Loss 	 PGD Acc
[2025/10/14 07:58:41] - 2.5695 	 	 0.5215 	 2.8673 	 0.2846
[2025/10/14 07:59:27] - 83 	 19.1 	 	 0.2000 	 4.0873 	 0.2800
[2025/10/14 07:59:27] - ==> Building model..
[2025/10/14 07:59:43] - Test Loss 	 Test Acc 	 PGD Loss 	 PGD Acc
[2025/10/14 07:59:43] - 2.5713 	 	 0.5205 	 2.8679 	 0.2853
[2025/10/14 08:00:28] - 84 	 19.0 	 	 0.2000 	 4.0917 	 0.2768
[2025/10/14 08:00:28] - ==> Building model..
[2025/10/14 08:00:44] - Test Loss 	 Test Acc 	 PGD Loss 	 PGD Acc
[2025/10/14 08:00:44] - 2.5742 	 	 0.5205 	 2.8704 	 0.2855
[2025/10/14 08:01:28] - 85 	 18.5 	 	 0.2000 	 4.0912 	 0.2798
[2025/10/14 08:01:28] - ==> Building model..
[2025/10/14 08:01:44] - Test Loss 	 Test Acc 	 PGD Loss 	 PGD Acc
[2025/10/14 08:01:44] - 2.5766 	 	 0.5202 	 2.8723 	 0.2854
[2025/10/14 08:02:30] - 86 	 19.3 	 	 0.2000 	 4.0894 	 0.2810
[2025/10/14 08:02:30] - ==> Building model..
[2025/10/14 08:02:46] - Test Loss 	 Test Acc 	 PGD Loss 	 PGD Acc
[2025/10/14 08:02:46] - 2.5780 	 	 0.5206 	 2.8731 	 0.2859
[2025/10/14 08:03:32] - 87 	 19.0 	 	 0.2000 	 4.0896 	 0.2821
[2025/10/14 08:03:32] - ==> Building model..
[2025/10/14 08:03:48] - Test Loss 	 Test Acc 	 PGD Loss 	 PGD Acc
[2025/10/14 08:03:48] - 2.5796 	 	 0.5200 	 2.8738 	 0.2856
[2025/10/14 08:04:34] - 88 	 18.9 	 	 0.2000 	 4.0915 	 0.2766
[2025/10/14 08:04:34] - ==> Building model..
[2025/10/14 08:04:50] - Test Loss 	 Test Acc 	 PGD Loss 	 PGD Acc
[2025/10/14 08:04:50] - 2.5813 	 	 0.5201 	 2.8753 	 0.2859
[2025/10/14 08:05:35] - 89 	 18.7 	 	 0.2000 	 4.0903 	 0.2799
[2025/10/14 08:05:35] - ==> Building model..
[2025/10/14 08:05:51] - Test Loss 	 Test Acc 	 PGD Loss 	 PGD Acc
[2025/10/14 08:05:51] - 2.5827 	 	 0.5217 	 2.8765 	 0.2854
[2025/10/14 08:06:37] - 90 	 18.6 	 	 0.0200 	 3.9941 	 0.3421
[2025/10/14 08:06:37] - ==> Building model..
[2025/10/14 08:06:53] - Test Loss 	 Test Acc 	 PGD Loss 	 PGD Acc
[2025/10/14 08:06:53] - 2.5802 	 	 0.5219 	 2.8744 	 0.2858
[2025/10/14 08:07:37] - 91 	 18.4 	 	 0.0200 	 3.9011 	 0.4020
[2025/10/14 08:07:37] - ==> Building model..
[2025/10/14 08:07:54] - Test Loss 	 Test Acc 	 PGD Loss 	 PGD Acc
[2025/10/14 08:07:54] - 2.5792 	 	 0.5222 	 2.8735 	 0.2854
[2025/10/14 08:08:39] - 92 	 18.3 	 	 0.0200 	 3.8755 	 0.4200
[2025/10/14 08:08:39] - ==> Building model..
[2025/10/14 08:08:55] - Test Loss 	 Test Acc 	 PGD Loss 	 PGD Acc
[2025/10/14 08:08:55] - 2.5789 	 	 0.5222 	 2.8744 	 0.2855
[2025/10/14 08:09:39] - 93 	 17.7 	 	 0.0200 	 3.8578 	 0.4337
[2025/10/14 08:09:39] - ==> Building model..
[2025/10/14 08:09:56] - Test Loss 	 Test Acc 	 PGD Loss 	 PGD Acc
[2025/10/14 08:09:56] - 2.5792 	 	 0.5222 	 2.8745 	 0.2849
[2025/10/14 08:10:40] - 94 	 17.7 	 	 0.0200 	 3.8433 	 0.4419
[2025/10/14 08:10:40] - ==> Building model..
[2025/10/14 08:10:56] - Test Loss 	 Test Acc 	 PGD Loss 	 PGD Acc
[2025/10/14 08:10:56] - 2.5800 	 	 0.5224 	 2.8751 	 0.2854
[2025/10/14 08:11:40] - 95 	 17.6 	 	 0.0200 	 3.8302 	 0.4525
[2025/10/14 08:11:40] - ==> Building model..
[2025/10/14 08:11:56] - Test Loss 	 Test Acc 	 PGD Loss 	 PGD Acc
[2025/10/14 08:11:56] - 2.5815 	 	 0.5223 	 2.8765 	 0.2861
[2025/10/14 08:12:39] - 96 	 17.4 	 	 0.0200 	 3.8201 	 0.4604
[2025/10/14 08:12:39] - ==> Building model..
[2025/10/14 08:12:55] - Test Loss 	 Test Acc 	 PGD Loss 	 PGD Acc
[2025/10/14 08:12:55] - 2.5843 	 	 0.5223 	 2.8783 	 0.2861
[2025/10/14 08:13:38] - 97 	 17.5 	 	 0.0200 	 3.8119 	 0.4679
[2025/10/14 08:13:38] - ==> Building model..
[2025/10/14 08:13:54] - Test Loss 	 Test Acc 	 PGD Loss 	 PGD Acc
[2025/10/14 08:13:54] - 2.5870 	 	 0.5224 	 2.8811 	 0.2858
[2025/10/14 08:14:38] - 98 	 17.5 	 	 0.0200 	 3.8041 	 0.4719
[2025/10/14 08:14:38] - ==> Building model..
[2025/10/14 08:14:54] - Test Loss 	 Test Acc 	 PGD Loss 	 PGD Acc
[2025/10/14 08:14:54] - 2.5881 	 	 0.5224 	 2.8816 	 0.2859
[2025/10/14 08:15:38] - 99 	 17.6 	 	 0.0200 	 3.7971 	 0.4781
[2025/10/14 08:15:38] - ==> Building model..
[2025/10/14 08:15:54] - Test Loss 	 Test Acc 	 PGD Loss 	 PGD Acc
[2025/10/14 08:15:54] - 2.5891 	 	 0.5221 	 2.8825 	 0.2861
[2025/10/14 08:15:55] - [0.0815, 0.1421, 0.1859, 0.2402, 0.2742, 0.3113, 0.3537, 0.3839, 0.4045, 0.4177, 0.428, 0.4382, 0.4497, 0.4578, 0.4612, 0.4669, 0.4723, 0.4741, 0.4786, 0.4816, 0.4838, 0.487, 0.4871, 0.488, 0.4875, 0.4909, 0.4941, 0.497, 0.4969, 0.4993, 0.4996, 0.4999, 0.5026, 0.5035, 0.5038, 0.5043, 0.5059, 0.5068, 0.5092, 0.5087, 0.5103, 0.5093, 0.5098, 0.5098, 0.5119, 0.5113, 0.5108, 0.5124, 0.5141, 0.515, 0.5152, 0.5161, 0.5168, 0.5166, 0.516, 0.5161, 0.517, 0.5185, 0.5175, 0.5178, 0.517, 0.5174, 0.5175, 0.5182, 0.5175, 0.5175, 0.5173, 0.517, 0.5178, 0.5171, 0.5182, 0.5179, 0.517, 0.5177, 0.5185, 0.5188, 0.519, 0.5199, 0.5205, 0.5202, 0.521, 0.5205, 0.5215, 0.5205, 0.5205, 0.5202, 0.5206, 0.52, 0.5201, 0.5217, 0.5219, 0.5222, 0.5222, 0.5222, 0.5224, 0.5223, 0.5223, 0.5224, 0.5224, 0.5221]
[2025/10/14 08:15:55] - [0.056, 0.0922, 0.1181, 0.1413, 0.1629, 0.1822, 0.1946, 0.2081, 0.2185, 0.2255, 0.2305, 0.2369, 0.2422, 0.2466, 0.2488, 0.2526, 0.2527, 0.2547, 0.2563, 0.258, 0.2592, 0.2598, 0.2621, 0.2608, 0.2617, 0.264, 0.2657, 0.2665, 0.2677, 0.2703, 0.2713, 0.2707, 0.2712, 0.273, 0.2721, 0.2726, 0.2724, 0.2732, 0.2742, 0.2756, 0.2758, 0.2774, 0.2782, 0.2795, 0.2796, 0.2783, 0.2761, 0.2765, 0.2792, 0.2794, 0.2802, 0.2805, 0.2808, 0.2803, 0.28, 0.2802, 0.2805, 0.2812, 0.2819, 0.2811, 0.2802, 0.2802, 0.2808, 0.2803, 0.2793, 0.2797, 0.2812, 0.2824, 0.2827, 0.2831, 0.2841, 0.2836, 0.2834, 0.2835, 0.2836, 0.283, 0.2834, 0.2834, 0.2826, 0.283, 0.2837, 0.2832, 0.2846, 0.2853, 0.2855, 0.2854, 0.2859, 0.2856, 0.2859, 0.2854, 0.2858, 0.2854, 0.2855, 0.2849, 0.2854, 0.2861, 0.2861, 0.2858, 0.2859, 0.2861]
