[2025/09/21 15:31:32] - Namespace(batch_size=128, data_dir='./tiny-imagenet-200', epochs=110, lr_schedule='multistep', lr_min=0.0, lr_max=0.1, weight_decay=0.0005, momentum=0.9, model='PreActResNest18', epsilon=8, alpha=8, delta_init='random', normal_mean=0, normal_std=1, out_dir='./output/Tiny_ImageNet/lam_scale_0.15', seed=0, lamda=38, lam_scale=0.15, lam_start=50, gamma=0.025, inner_gamma=0.025, beta=0.6, mu=3.5, batch_m=0.75, early_stop=False, factor=0.3, length=6, n_holes=1, c_num=0.125, EMA_value=0.55)
[2025/09/21 15:33:33] - ==> Building model..
[2025/09/21 15:33:33] - Epoch 	 Seconds 	 LR 	 	 Train Loss 	 Train Acc
[2025/09/21 15:38:23] - 0 	 284.1 	 	 0.1000 	 5.2964 	 0.0244
[2025/09/21 15:38:23] - ==> Building model..
[2025/09/21 15:39:58] - Test Loss 	 Test Acc 	 PGD Loss 	 PGD Acc
[2025/09/21 15:39:58] - 5.0468 	 	 0.0618 	 5.0553 	 0.0364
[2025/09/21 15:44:38] - 1 	 273.5 	 	 0.1000 	 5.2349 	 0.0652
[2025/09/21 15:44:38] - ==> Building model..
[2025/09/21 15:46:20] - Test Loss 	 Test Acc 	 PGD Loss 	 PGD Acc
[2025/09/21 15:46:20] - 4.7918 	 	 0.1352 	 4.8233 	 0.0708
[2025/09/21 15:50:55] - 2 	 268.5 	 	 0.1000 	 5.2021 	 0.0954
[2025/09/21 15:50:55] - ==> Building model..
[2025/09/21 15:52:38] - Test Loss 	 Test Acc 	 PGD Loss 	 PGD Acc
[2025/09/21 15:52:38] - 4.6205 	 	 0.1787 	 4.6758 	 0.0946
[2025/09/21 15:57:21] - 3 	 276.5 	 	 0.1000 	 5.1762 	 0.1204
[2025/09/21 15:57:21] - ==> Building model..
[2025/09/21 15:59:05] - Test Loss 	 Test Acc 	 PGD Loss 	 PGD Acc
[2025/09/21 15:59:05] - 4.5211 	 	 0.2047 	 4.5936 	 0.1071
[2025/09/21 16:03:45] - 4 	 273.3 	 	 0.1000 	 5.1525 	 0.1405
[2025/09/21 16:03:45] - ==> Building model..
[2025/09/21 16:05:25] - Test Loss 	 Test Acc 	 PGD Loss 	 PGD Acc
[2025/09/21 16:05:25] - 4.4801 	 	 0.2255 	 4.5623 	 0.1137
[2025/09/21 16:10:14] - 5 	 282.0 	 	 0.1000 	 5.1319 	 0.1593
[2025/09/21 16:10:14] - ==> Building model..
[2025/09/21 16:11:51] - Test Loss 	 Test Acc 	 PGD Loss 	 PGD Acc
[2025/09/21 16:11:51] - 4.4588 	 	 0.2405 	 4.5492 	 0.1204
[2025/09/21 16:16:30] - 6 	 272.0 	 	 0.1000 	 5.1169 	 0.1750
[2025/09/21 16:16:30] - ==> Building model..
[2025/09/21 16:18:15] - Test Loss 	 Test Acc 	 PGD Loss 	 PGD Acc
[2025/09/21 16:18:15] - 4.3671 	 	 0.2622 	 4.4757 	 0.1329
[2025/09/21 16:22:55] - 7 	 272.9 	 	 0.1000 	 5.1046 	 0.1872
[2025/09/21 16:22:55] - ==> Building model..
[2025/09/21 16:24:36] - Test Loss 	 Test Acc 	 PGD Loss 	 PGD Acc
[2025/09/21 16:24:36] - 4.2168 	 	 0.2924 	 4.3549 	 0.1495
[2025/09/21 16:29:19] - 8 	 276.9 	 	 0.1000 	 5.0934 	 0.1980
[2025/09/21 16:29:19] - ==> Building model..
[2025/09/21 16:31:02] - Test Loss 	 Test Acc 	 PGD Loss 	 PGD Acc
[2025/09/21 16:31:02] - 4.0606 	 	 0.3259 	 4.2332 	 0.1650
[2025/09/21 16:35:47] - 9 	 278.1 	 	 0.1000 	 5.0842 	 0.2071
[2025/09/21 16:35:47] - ==> Building model..
[2025/09/21 16:37:28] - Test Loss 	 Test Acc 	 PGD Loss 	 PGD Acc
[2025/09/21 16:37:28] - 3.9357 	 	 0.3501 	 4.1371 	 0.1756
[2025/09/21 16:42:09] - 10 	 272.5 	 	 0.1000 	 5.0761 	 0.2152
[2025/09/21 16:42:09] - ==> Building model..
[2025/09/21 16:43:54] - Test Loss 	 Test Acc 	 PGD Loss 	 PGD Acc
[2025/09/21 16:43:54] - 3.8645 	 	 0.3649 	 4.0835 	 0.1834
[2025/09/21 16:48:31] - 11 	 269.2 	 	 0.1000 	 5.0680 	 0.2236
[2025/09/21 16:48:31] - ==> Building model..
[2025/09/21 16:50:16] - Test Loss 	 Test Acc 	 PGD Loss 	 PGD Acc
[2025/09/21 16:50:16] - 3.8081 	 	 0.3766 	 4.0419 	 0.1881
[2025/09/21 16:54:55] - 12 	 272.2 	 	 0.1000 	 5.0619 	 0.2304
[2025/09/21 16:54:55] - ==> Building model..
[2025/09/21 16:56:35] - Test Loss 	 Test Acc 	 PGD Loss 	 PGD Acc
[2025/09/21 16:56:35] - 3.7635 	 	 0.3846 	 4.0092 	 0.1945
[2025/09/21 17:01:15] - 13 	 272.7 	 	 0.1000 	 5.0558 	 0.2361
[2025/09/21 17:01:15] - ==> Building model..
[2025/09/21 17:02:57] - Test Loss 	 Test Acc 	 PGD Loss 	 PGD Acc
[2025/09/21 17:02:57] - 3.7255 	 	 0.3896 	 3.9808 	 0.1990
[2025/09/21 17:07:40] - 14 	 276.5 	 	 0.1000 	 5.0501 	 0.2418
[2025/09/21 17:07:40] - ==> Building model..
[2025/09/21 17:09:18] - Test Loss 	 Test Acc 	 PGD Loss 	 PGD Acc
[2025/09/21 17:09:18] - 3.6960 	 	 0.3973 	 3.9604 	 0.1997
[2025/09/21 17:14:02] - 15 	 276.2 	 	 0.1000 	 5.0457 	 0.2485
[2025/09/21 17:14:02] - ==> Building model..
[2025/09/21 17:15:46] - Test Loss 	 Test Acc 	 PGD Loss 	 PGD Acc
[2025/09/21 17:15:46] - 3.6705 	 	 0.4013 	 3.9429 	 0.2006
[2025/09/21 17:20:22] - 16 	 268.3 	 	 0.1000 	 5.0414 	 0.2511
[2025/09/21 17:20:22] - ==> Building model..
[2025/09/21 17:22:07] - Test Loss 	 Test Acc 	 PGD Loss 	 PGD Acc
[2025/09/21 17:22:07] - 3.6478 	 	 0.4077 	 3.9261 	 0.2042
[2025/09/21 17:26:51] - 17 	 276.1 	 	 0.1000 	 5.0369 	 0.2565
[2025/09/21 17:26:51] - ==> Building model..
[2025/09/21 17:28:32] - Test Loss 	 Test Acc 	 PGD Loss 	 PGD Acc
[2025/09/21 17:28:32] - 3.6286 	 	 0.4111 	 3.9137 	 0.2071
[2025/09/21 17:33:10] - 18 	 271.8 	 	 0.1000 	 5.0336 	 0.2589
[2025/09/21 17:33:10] - ==> Building model..
[2025/09/21 17:34:51] - Test Loss 	 Test Acc 	 PGD Loss 	 PGD Acc
[2025/09/21 17:34:51] - 3.6091 	 	 0.4141 	 3.8992 	 0.2089
[2025/09/21 17:39:36] - 19 	 277.4 	 	 0.1000 	 5.0304 	 0.2645
[2025/09/21 17:39:36] - ==> Building model..
[2025/09/21 17:41:15] - Test Loss 	 Test Acc 	 PGD Loss 	 PGD Acc
[2025/09/21 17:41:15] - 3.5946 	 	 0.4174 	 3.8893 	 0.2109
[2025/09/21 17:45:56] - 20 	 273.9 	 	 0.1000 	 5.0279 	 0.2648
[2025/09/21 17:45:56] - ==> Building model..
[2025/09/21 17:47:39] - Test Loss 	 Test Acc 	 PGD Loss 	 PGD Acc
[2025/09/21 17:47:39] - 3.5803 	 	 0.4204 	 3.8795 	 0.2110
[2025/09/21 17:52:15] - 21 	 267.8 	 	 0.1000 	 5.0251 	 0.2680
[2025/09/21 17:52:15] - ==> Building model..
[2025/09/21 17:53:58] - Test Loss 	 Test Acc 	 PGD Loss 	 PGD Acc
[2025/09/21 17:53:58] - 3.5665 	 	 0.4239 	 3.8710 	 0.2116
[2025/09/21 17:58:39] - 22 	 274.0 	 	 0.1000 	 5.0219 	 0.2715
[2025/09/21 17:58:39] - ==> Building model..
[2025/09/21 18:00:19] - Test Loss 	 Test Acc 	 PGD Loss 	 PGD Acc
[2025/09/21 18:00:19] - 3.5505 	 	 0.4269 	 3.8596 	 0.2136
[2025/09/21 18:05:01] - 23 	 274.8 	 	 0.1000 	 5.0198 	 0.2741
[2025/09/21 18:05:01] - ==> Building model..
[2025/09/21 18:06:40] - Test Loss 	 Test Acc 	 PGD Loss 	 PGD Acc
[2025/09/21 18:06:40] - 3.5370 	 	 0.4293 	 3.8495 	 0.2144
[2025/09/21 18:11:21] - 24 	 275.0 	 	 0.1000 	 5.0177 	 0.2753
[2025/09/21 18:11:21] - ==> Building model..
[2025/09/21 18:13:00] - Test Loss 	 Test Acc 	 PGD Loss 	 PGD Acc
[2025/09/21 18:13:00] - 3.5245 	 	 0.4316 	 3.8408 	 0.2152
[2025/09/21 18:17:43] - 25 	 276.8 	 	 0.1000 	 5.0161 	 0.2764
[2025/09/21 18:17:43] - ==> Building model..
[2025/09/21 18:19:25] - Test Loss 	 Test Acc 	 PGD Loss 	 PGD Acc
[2025/09/21 18:19:25] - 3.5111 	 	 0.4341 	 3.8310 	 0.2164
[2025/09/21 18:24:01] - 26 	 268.9 	 	 0.1000 	 5.0139 	 0.2789
[2025/09/21 18:24:01] - ==> Building model..
[2025/09/21 18:25:46] - Test Loss 	 Test Acc 	 PGD Loss 	 PGD Acc
[2025/09/21 18:25:46] - 3.4973 	 	 0.4360 	 3.8213 	 0.2163
[2025/09/21 18:30:30] - 27 	 276.3 	 	 0.1000 	 5.0122 	 0.2818
[2025/09/21 18:30:30] - ==> Building model..
[2025/09/21 18:32:10] - Test Loss 	 Test Acc 	 PGD Loss 	 PGD Acc
[2025/09/21 18:32:10] - 3.4868 	 	 0.4399 	 3.8146 	 0.2179
[2025/09/21 18:36:50] - 28 	 272.5 	 	 0.1000 	 5.0102 	 0.2820
[2025/09/21 18:36:50] - ==> Building model..
[2025/09/21 18:38:32] - Test Loss 	 Test Acc 	 PGD Loss 	 PGD Acc
[2025/09/21 18:38:32] - 3.4771 	 	 0.4434 	 3.8083 	 0.2188
[2025/09/21 18:43:18] - 29 	 278.6 	 	 0.1000 	 5.0088 	 0.2843
[2025/09/21 18:43:18] - ==> Building model..
[2025/09/21 18:44:50] - Test Loss 	 Test Acc 	 PGD Loss 	 PGD Acc
[2025/09/21 18:44:50] - 3.4706 	 	 0.4436 	 3.8039 	 0.2198
[2025/09/21 18:49:32] - 30 	 275.0 	 	 0.1000 	 5.0078 	 0.2870
[2025/09/21 18:49:32] - ==> Building model..
[2025/09/21 18:51:16] - Test Loss 	 Test Acc 	 PGD Loss 	 PGD Acc
[2025/09/21 18:51:16] - 3.4648 	 	 0.4448 	 3.8001 	 0.2214
[2025/09/21 18:55:53] - 31 	 270.7 	 	 0.1000 	 5.0059 	 0.2867
[2025/09/21 18:55:53] - ==> Building model..
[2025/09/21 18:57:38] - Test Loss 	 Test Acc 	 PGD Loss 	 PGD Acc
[2025/09/21 18:57:38] - 3.4590 	 	 0.4476 	 3.7967 	 0.2225
[2025/09/21 19:02:22] - 32 	 276.6 	 	 0.1000 	 5.0052 	 0.2881
[2025/09/21 19:02:22] - ==> Building model..
[2025/09/21 19:04:08] - Test Loss 	 Test Acc 	 PGD Loss 	 PGD Acc
[2025/09/21 19:04:08] - 3.4537 	 	 0.4464 	 3.7928 	 0.2226
[2025/09/21 19:08:47] - 33 	 272.0 	 	 0.1000 	 5.0037 	 0.2905
[2025/09/21 19:08:47] - ==> Building model..
[2025/09/21 19:10:26] - Test Loss 	 Test Acc 	 PGD Loss 	 PGD Acc
[2025/09/21 19:10:26] - 3.4489 	 	 0.4487 	 3.7902 	 0.2228
[2025/09/21 19:15:15] - 34 	 280.7 	 	 0.1000 	 5.0019 	 0.2911
[2025/09/21 19:15:15] - ==> Building model..
[2025/09/21 19:16:53] - Test Loss 	 Test Acc 	 PGD Loss 	 PGD Acc
[2025/09/21 19:16:53] - 3.4432 	 	 0.4508 	 3.7870 	 0.2228
[2025/09/21 19:21:30] - 35 	 270.7 	 	 0.1000 	 5.0007 	 0.2939
[2025/09/21 19:21:30] - ==> Building model..
[2025/09/21 19:23:16] - Test Loss 	 Test Acc 	 PGD Loss 	 PGD Acc
[2025/09/21 19:23:16] - 3.4376 	 	 0.4513 	 3.7830 	 0.2247
[2025/09/21 19:27:53] - 36 	 270.9 	 	 0.1000 	 5.0005 	 0.2927
[2025/09/21 19:27:53] - ==> Building model..
[2025/09/21 19:29:34] - Test Loss 	 Test Acc 	 PGD Loss 	 PGD Acc
[2025/09/21 19:29:34] - 3.4337 	 	 0.4519 	 3.7809 	 0.2243
[2025/09/21 19:34:14] - 37 	 274.9 	 	 0.1000 	 4.9986 	 0.2957
[2025/09/21 19:34:14] - ==> Building model..
[2025/09/21 19:35:58] - Test Loss 	 Test Acc 	 PGD Loss 	 PGD Acc
[2025/09/21 19:35:58] - 3.4288 	 	 0.4530 	 3.7785 	 0.2249
[2025/09/21 19:40:38] - 38 	 273.4 	 	 0.1000 	 4.9983 	 0.2961
[2025/09/21 19:40:38] - ==> Building model..
[2025/09/21 19:42:18] - Test Loss 	 Test Acc 	 PGD Loss 	 PGD Acc
[2025/09/21 19:42:18] - 3.4251 	 	 0.4546 	 3.7753 	 0.2251
[2025/09/21 19:47:04] - 39 	 278.7 	 	 0.1000 	 4.9975 	 0.2964
[2025/09/21 19:47:04] - ==> Building model..
[2025/09/21 19:48:43] - Test Loss 	 Test Acc 	 PGD Loss 	 PGD Acc
[2025/09/21 19:48:43] - 3.4192 	 	 0.4557 	 3.7718 	 0.2268
[2025/09/21 19:53:20] - 40 	 270.3 	 	 0.1000 	 4.9968 	 0.2964
[2025/09/21 19:53:20] - ==> Building model..
[2025/09/21 19:55:05] - Test Loss 	 Test Acc 	 PGD Loss 	 PGD Acc
[2025/09/21 19:55:05] - 3.4153 	 	 0.4558 	 3.7693 	 0.2261
[2025/09/21 19:59:45] - 41 	 273.3 	 	 0.1000 	 4.9950 	 0.2990
[2025/09/21 19:59:45] - ==> Building model..
[2025/09/21 20:01:05] - Test Loss 	 Test Acc 	 PGD Loss 	 PGD Acc
[2025/09/21 20:01:05] - 3.4125 	 	 0.4560 	 3.7669 	 0.2257
[2025/09/21 20:04:29] - 42 	 199.2 	 	 0.1000 	 4.9948 	 0.2991
[2025/09/21 20:04:29] - ==> Building model..
[2025/09/21 20:05:45] - Test Loss 	 Test Acc 	 PGD Loss 	 PGD Acc
[2025/09/21 20:05:45] - 3.4093 	 	 0.4584 	 3.7653 	 0.2268
[2025/09/21 20:09:09] - 43 	 199.0 	 	 0.1000 	 4.9940 	 0.3013
[2025/09/21 20:09:09] - ==> Building model..
[2025/09/21 20:10:25] - Test Loss 	 Test Acc 	 PGD Loss 	 PGD Acc
[2025/09/21 20:10:25] - 3.4067 	 	 0.4602 	 3.7641 	 0.2265
[2025/09/21 20:13:48] - 44 	 198.2 	 	 0.1000 	 4.9931 	 0.3022
[2025/09/21 20:13:48] - ==> Building model..
[2025/09/21 20:15:05] - Test Loss 	 Test Acc 	 PGD Loss 	 PGD Acc
[2025/09/21 20:15:05] - 3.4041 	 	 0.4603 	 3.7626 	 0.2268
[2025/09/21 20:18:30] - 45 	 199.2 	 	 0.1000 	 4.9923 	 0.3014
[2025/09/21 20:18:30] - ==> Building model..
[2025/09/21 20:19:45] - Test Loss 	 Test Acc 	 PGD Loss 	 PGD Acc
[2025/09/21 20:19:45] - 3.4017 	 	 0.4606 	 3.7610 	 0.2273
[2025/09/21 20:23:10] - 46 	 199.1 	 	 0.1000 	 4.9912 	 0.3024
[2025/09/21 20:23:10] - ==> Building model..
[2025/09/21 20:24:24] - Test Loss 	 Test Acc 	 PGD Loss 	 PGD Acc
[2025/09/21 20:24:24] - 3.4002 	 	 0.4596 	 3.7605 	 0.2275
[2025/09/21 20:27:49] - 47 	 199.2 	 	 0.1000 	 4.9913 	 0.3027
[2025/09/21 20:27:49] - ==> Building model..
[2025/09/21 20:29:03] - Test Loss 	 Test Acc 	 PGD Loss 	 PGD Acc
[2025/09/21 20:29:03] - 3.3974 	 	 0.4620 	 3.7592 	 0.2267
[2025/09/21 20:32:25] - 48 	 196.2 	 	 0.1000 	 4.9904 	 0.3027
[2025/09/21 20:32:25] - ==> Building model..
[2025/09/21 20:33:37] - Test Loss 	 Test Acc 	 PGD Loss 	 PGD Acc
[2025/09/21 20:33:37] - 3.3946 	 	 0.4637 	 3.7581 	 0.2279
[2025/09/21 20:37:05] - 49 	 201.1 	 	 0.1000 	 4.9900 	 0.3037
[2025/09/21 20:37:05] - ==> Building model..
[2025/09/21 20:38:15] - Test Loss 	 Test Acc 	 PGD Loss 	 PGD Acc
[2025/09/21 20:38:15] - 3.3922 	 	 0.4650 	 3.7570 	 0.2294
[2025/09/21 20:41:44] - 50 	 202.6 	 	 0.1000 	 4.9892 	 0.3047
[2025/09/21 20:41:44] - ==> Building model..
[2025/09/21 20:42:57] - Test Loss 	 Test Acc 	 PGD Loss 	 PGD Acc
[2025/09/21 20:42:57] - 3.3877 	 	 0.4658 	 3.7547 	 0.2292
[2025/09/21 20:46:22] - 51 	 199.3 	 	 0.1000 	 4.9890 	 0.3045
[2025/09/21 20:46:22] - ==> Building model..
[2025/09/21 20:47:38] - Test Loss 	 Test Acc 	 PGD Loss 	 PGD Acc
[2025/09/21 20:47:38] - 3.3846 	 	 0.4655 	 3.7530 	 0.2292
[2025/09/21 20:51:04] - 52 	 200.2 	 	 0.1000 	 4.9887 	 0.3065
[2025/09/21 20:51:04] - ==> Building model..
[2025/09/21 20:52:22] - Test Loss 	 Test Acc 	 PGD Loss 	 PGD Acc
[2025/09/21 20:52:22] - 3.3818 	 	 0.4670 	 3.7511 	 0.2301
[2025/09/21 20:55:47] - 53 	 199.8 	 	 0.1000 	 4.9884 	 0.3078
[2025/09/21 20:55:47] - ==> Building model..
[2025/09/21 20:57:05] - Test Loss 	 Test Acc 	 PGD Loss 	 PGD Acc
[2025/09/21 20:57:05] - 3.3811 	 	 0.4684 	 3.7514 	 0.2306
[2025/09/21 21:00:31] - 54 	 199.9 	 	 0.1000 	 4.9885 	 0.3080
[2025/09/21 21:00:31] - ==> Building model..
[2025/09/21 21:01:48] - Test Loss 	 Test Acc 	 PGD Loss 	 PGD Acc
[2025/09/21 21:01:48] - 3.3808 	 	 0.4676 	 3.7511 	 0.2313
[2025/09/21 21:05:13] - 55 	 199.2 	 	 0.1000 	 4.9879 	 0.3070
[2025/09/21 21:05:13] - ==> Building model..
[2025/09/21 21:06:30] - Test Loss 	 Test Acc 	 PGD Loss 	 PGD Acc
[2025/09/21 21:06:30] - 3.3795 	 	 0.4685 	 3.7503 	 0.2312
[2025/09/21 21:09:56] - 56 	 200.4 	 	 0.1000 	 4.9882 	 0.3087
[2025/09/21 21:09:56] - ==> Building model..
[2025/09/21 21:11:11] - Test Loss 	 Test Acc 	 PGD Loss 	 PGD Acc
[2025/09/21 21:11:11] - 3.3794 	 	 0.4694 	 3.7505 	 0.2310
[2025/09/21 21:14:36] - 57 	 199.1 	 	 0.1000 	 4.9886 	 0.3076
[2025/09/21 21:14:36] - ==> Building model..
[2025/09/21 21:15:48] - Test Loss 	 Test Acc 	 PGD Loss 	 PGD Acc
[2025/09/21 21:15:48] - 3.3795 	 	 0.4699 	 3.7511 	 0.2314
[2025/09/21 21:19:16] - 58 	 201.9 	 	 0.1000 	 4.9889 	 0.3083
[2025/09/21 21:19:16] - ==> Building model..
[2025/09/21 21:20:26] - Test Loss 	 Test Acc 	 PGD Loss 	 PGD Acc
[2025/09/21 21:20:26] - 3.3804 	 	 0.4695 	 3.7522 	 0.2314
[2025/09/21 21:23:54] - 59 	 202.9 	 	 0.1000 	 4.9892 	 0.3069
[2025/09/21 21:23:54] - ==> Building model..
[2025/09/21 21:25:07] - Test Loss 	 Test Acc 	 PGD Loss 	 PGD Acc
[2025/09/21 21:25:07] - 3.3818 	 	 0.4700 	 3.7533 	 0.2328
[2025/09/21 21:28:32] - 60 	 200.3 	 	 0.1000 	 4.9882 	 0.3089
[2025/09/21 21:28:32] - ==> Building model..
[2025/09/21 21:29:45] - Test Loss 	 Test Acc 	 PGD Loss 	 PGD Acc
[2025/09/21 21:29:45] - 3.3836 	 	 0.4695 	 3.7548 	 0.2326
[2025/09/21 21:33:10] - 61 	 199.1 	 	 0.1000 	 4.9881 	 0.3111
[2025/09/21 21:33:10] - ==> Building model..
[2025/09/21 21:34:27] - Test Loss 	 Test Acc 	 PGD Loss 	 PGD Acc
[2025/09/21 21:34:27] - 3.3847 	 	 0.4694 	 3.7558 	 0.2319
[2025/09/21 21:37:50] - 62 	 198.5 	 	 0.1000 	 4.9883 	 0.3070
[2025/09/21 21:37:50] - ==> Building model..
[2025/09/21 21:39:07] - Test Loss 	 Test Acc 	 PGD Loss 	 PGD Acc
[2025/09/21 21:39:07] - 3.3848 	 	 0.4704 	 3.7567 	 0.2326
[2025/09/21 21:42:33] - 63 	 200.3 	 	 0.1000 	 4.9875 	 0.3104
[2025/09/21 21:42:33] - ==> Building model..
[2025/09/21 21:43:51] - Test Loss 	 Test Acc 	 PGD Loss 	 PGD Acc
[2025/09/21 21:43:51] - 3.3852 	 	 0.4706 	 3.7572 	 0.2329
[2025/09/21 21:47:16] - 64 	 199.5 	 	 0.1000 	 4.9868 	 0.3106
[2025/09/21 21:47:16] - ==> Building model..
[2025/09/21 21:48:33] - Test Loss 	 Test Acc 	 PGD Loss 	 PGD Acc
[2025/09/21 21:48:33] - 3.3849 	 	 0.4705 	 3.7571 	 0.2339
[2025/09/21 21:51:59] - 65 	 200.3 	 	 0.1000 	 4.9869 	 0.3107
[2025/09/21 21:51:59] - ==> Building model..
[2025/09/21 21:53:17] - Test Loss 	 Test Acc 	 PGD Loss 	 PGD Acc
[2025/09/21 21:53:17] - 3.3848 	 	 0.4711 	 3.7568 	 0.2338
[2025/09/21 21:56:44] - 66 	 201.4 	 	 0.1000 	 4.9861 	 0.3109
[2025/09/21 21:56:44] - ==> Building model..
[2025/09/21 21:58:02] - Test Loss 	 Test Acc 	 PGD Loss 	 PGD Acc
[2025/09/21 21:58:02] - 3.3845 	 	 0.4712 	 3.7569 	 0.2345
[2025/09/21 22:01:28] - 67 	 199.4 	 	 0.1000 	 4.9864 	 0.3120
[2025/09/21 22:01:28] - ==> Building model..
[2025/09/21 22:02:44] - Test Loss 	 Test Acc 	 PGD Loss 	 PGD Acc
[2025/09/21 22:02:44] - 3.3849 	 	 0.4708 	 3.7577 	 0.2351
[2025/09/21 22:06:10] - 68 	 200.0 	 	 0.1000 	 4.9863 	 0.3111
[2025/09/21 22:06:10] - ==> Building model..
[2025/09/21 22:07:24] - Test Loss 	 Test Acc 	 PGD Loss 	 PGD Acc
[2025/09/21 22:07:24] - 3.3856 	 	 0.4711 	 3.7585 	 0.2352
[2025/09/21 22:10:50] - 69 	 199.7 	 	 0.1000 	 4.9864 	 0.3110
[2025/09/21 22:10:50] - ==> Building model..
[2025/09/21 22:12:02] - Test Loss 	 Test Acc 	 PGD Loss 	 PGD Acc
[2025/09/21 22:12:02] - 3.3851 	 	 0.4707 	 3.7582 	 0.2351
[2025/09/21 22:15:30] - 70 	 202.9 	 	 0.1000 	 4.9860 	 0.3125
[2025/09/21 22:15:30] - ==> Building model..
[2025/09/21 22:16:41] - Test Loss 	 Test Acc 	 PGD Loss 	 PGD Acc
[2025/09/21 22:16:41] - 3.3850 	 	 0.4714 	 3.7587 	 0.2350
[2025/09/21 22:20:11] - 71 	 204.8 	 	 0.1000 	 4.9856 	 0.3107
[2025/09/21 22:20:11] - ==> Building model..
[2025/09/21 22:21:23] - Test Loss 	 Test Acc 	 PGD Loss 	 PGD Acc
[2025/09/21 22:21:23] - 3.3842 	 	 0.4709 	 3.7579 	 0.2357
[2025/09/21 22:24:50] - 72 	 200.2 	 	 0.1000 	 4.9850 	 0.3127
[2025/09/21 22:24:50] - ==> Building model..
[2025/09/21 22:26:03] - Test Loss 	 Test Acc 	 PGD Loss 	 PGD Acc
[2025/09/21 22:26:03] - 3.3835 	 	 0.4708 	 3.7575 	 0.2354
[2025/09/21 22:29:29] - 73 	 200.3 	 	 0.1000 	 4.9844 	 0.3127
[2025/09/21 22:29:29] - ==> Building model..
[2025/09/21 22:30:46] - Test Loss 	 Test Acc 	 PGD Loss 	 PGD Acc
[2025/09/21 22:30:46] - 3.3828 	 	 0.4705 	 3.7572 	 0.2356
[2025/09/21 22:34:09] - 74 	 198.1 	 	 0.1000 	 4.9843 	 0.3132
[2025/09/21 22:34:09] - ==> Building model..
[2025/09/21 22:35:27] - Test Loss 	 Test Acc 	 PGD Loss 	 PGD Acc
[2025/09/21 22:35:27] - 3.3830 	 	 0.4719 	 3.7578 	 0.2367
[2025/09/21 22:38:52] - 75 	 200.0 	 	 0.1000 	 4.9836 	 0.3133
[2025/09/21 22:38:52] - ==> Building model..
[2025/09/21 22:40:09] - Test Loss 	 Test Acc 	 PGD Loss 	 PGD Acc
[2025/09/21 22:40:09] - 3.3821 	 	 0.4721 	 3.7574 	 0.2366
[2025/09/21 22:43:33] - 76 	 199.4 	 	 0.1000 	 4.9831 	 0.3146
[2025/09/21 22:43:33] - ==> Building model..
[2025/09/21 22:44:51] - Test Loss 	 Test Acc 	 PGD Loss 	 PGD Acc
[2025/09/21 22:44:51] - 3.3819 	 	 0.4723 	 3.7580 	 0.2368
[2025/09/21 22:48:17] - 77 	 199.9 	 	 0.1000 	 4.9826 	 0.3155
[2025/09/21 22:48:17] - ==> Building model..
[2025/09/21 22:49:33] - Test Loss 	 Test Acc 	 PGD Loss 	 PGD Acc
[2025/09/21 22:49:33] - 3.3814 	 	 0.4728 	 3.7574 	 0.2364
[2025/09/21 22:52:58] - 78 	 199.6 	 	 0.1000 	 4.9834 	 0.3144
[2025/09/21 22:52:58] - ==> Building model..
[2025/09/21 22:54:15] - Test Loss 	 Test Acc 	 PGD Loss 	 PGD Acc
[2025/09/21 22:54:15] - 3.3806 	 	 0.4725 	 3.7573 	 0.2371
[2025/09/21 22:57:38] - 79 	 198.7 	 	 0.1000 	 4.9836 	 0.3135
[2025/09/21 22:57:38] - ==> Building model..
[2025/09/21 22:58:55] - Test Loss 	 Test Acc 	 PGD Loss 	 PGD Acc
[2025/09/21 22:58:55] - 3.3803 	 	 0.4727 	 3.7576 	 0.2370
[2025/09/21 23:02:19] - 80 	 199.8 	 	 0.1000 	 4.9827 	 0.3155
[2025/09/21 23:02:19] - ==> Building model..
[2025/09/21 23:03:36] - Test Loss 	 Test Acc 	 PGD Loss 	 PGD Acc
[2025/09/21 23:03:36] - 3.3781 	 	 0.4746 	 3.7565 	 0.2376
[2025/09/21 23:07:01] - 81 	 199.5 	 	 0.1000 	 4.9824 	 0.3163
[2025/09/21 23:07:01] - ==> Building model..
[2025/09/21 23:08:18] - Test Loss 	 Test Acc 	 PGD Loss 	 PGD Acc
[2025/09/21 23:08:18] - 3.3772 	 	 0.4752 	 3.7563 	 0.2361
[2025/09/21 23:11:42] - 82 	 198.8 	 	 0.1000 	 4.9817 	 0.3169
[2025/09/21 23:11:42] - ==> Building model..
[2025/09/21 23:12:57] - Test Loss 	 Test Acc 	 PGD Loss 	 PGD Acc
[2025/09/21 23:12:57] - 3.3763 	 	 0.4747 	 3.7560 	 0.2368
[2025/09/21 23:16:21] - 83 	 199.1 	 	 0.1000 	 4.9826 	 0.3148
[2025/09/21 23:16:21] - ==> Building model..
[2025/09/21 23:17:34] - Test Loss 	 Test Acc 	 PGD Loss 	 PGD Acc
[2025/09/21 23:17:34] - 3.3756 	 	 0.4748 	 3.7562 	 0.2368
[2025/09/21 23:20:59] - 84 	 199.9 	 	 0.1000 	 4.9819 	 0.3150
[2025/09/21 23:20:59] - ==> Building model..
[2025/09/21 23:22:11] - Test Loss 	 Test Acc 	 PGD Loss 	 PGD Acc
[2025/09/21 23:22:11] - 3.3752 	 	 0.4762 	 3.7569 	 0.2364
[2025/09/21 23:25:38] - 85 	 201.8 	 	 0.1000 	 4.9816 	 0.3169
[2025/09/21 23:25:38] - ==> Building model..
[2025/09/21 23:26:50] - Test Loss 	 Test Acc 	 PGD Loss 	 PGD Acc
[2025/09/21 23:26:50] - 3.3756 	 	 0.4757 	 3.7579 	 0.2365
[2025/09/21 23:30:19] - 86 	 203.6 	 	 0.1000 	 4.9814 	 0.3172
[2025/09/21 23:30:19] - ==> Building model..
[2025/09/21 23:31:29] - Test Loss 	 Test Acc 	 PGD Loss 	 PGD Acc
[2025/09/21 23:31:29] - 3.3761 	 	 0.4761 	 3.7585 	 0.2366
[2025/09/21 23:35:00] - 87 	 204.8 	 	 0.1000 	 4.9810 	 0.3174
[2025/09/21 23:35:00] - ==> Building model..
[2025/09/21 23:36:11] - Test Loss 	 Test Acc 	 PGD Loss 	 PGD Acc
[2025/09/21 23:36:11] - 3.3786 	 	 0.4765 	 3.7610 	 0.2366
[2025/09/21 23:39:39] - 88 	 202.8 	 	 0.1000 	 4.9812 	 0.3169
[2025/09/21 23:39:39] - ==> Building model..
[2025/09/21 23:40:53] - Test Loss 	 Test Acc 	 PGD Loss 	 PGD Acc
[2025/09/21 23:40:53] - 3.3813 	 	 0.4758 	 3.7636 	 0.2376
[2025/09/21 23:44:21] - 89 	 201.8 	 	 0.1000 	 4.9803 	 0.3187
[2025/09/21 23:44:21] - ==> Building model..
[2025/09/21 23:45:35] - Test Loss 	 Test Acc 	 PGD Loss 	 PGD Acc
[2025/09/21 23:45:35] - 3.3853 	 	 0.4752 	 3.7677 	 0.2375
[2025/09/21 23:49:03] - 90 	 201.9 	 	 0.1000 	 4.9798 	 0.3185
[2025/09/21 23:49:03] - ==> Building model..
[2025/09/21 23:50:17] - Test Loss 	 Test Acc 	 PGD Loss 	 PGD Acc
[2025/09/21 23:50:17] - 3.3896 	 	 0.4749 	 3.7725 	 0.2379
[2025/09/21 23:53:44] - 91 	 200.6 	 	 0.1000 	 4.9805 	 0.3188
[2025/09/21 23:53:44] - ==> Building model..
[2025/09/21 23:55:02] - Test Loss 	 Test Acc 	 PGD Loss 	 PGD Acc
[2025/09/21 23:55:02] - 3.3932 	 	 0.4750 	 3.7753 	 0.2369
[2025/09/21 23:58:28] - 92 	 200.2 	 	 0.1000 	 4.9807 	 0.3177
[2025/09/21 23:58:28] - ==> Building model..
[2025/09/21 23:59:45] - Test Loss 	 Test Acc 	 PGD Loss 	 PGD Acc
[2025/09/21 23:59:45] - 3.3970 	 	 0.4743 	 3.7797 	 0.2380
[2025/09/22 00:03:10] - 93 	 199.1 	 	 0.1000 	 4.9799 	 0.3188
[2025/09/22 00:03:10] - ==> Building model..
[2025/09/22 00:04:27] - Test Loss 	 Test Acc 	 PGD Loss 	 PGD Acc
[2025/09/22 00:04:27] - 3.3989 	 	 0.4760 	 3.7817 	 0.2378
[2025/09/22 00:07:55] - 94 	 202.1 	 	 0.1000 	 4.9811 	 0.3164
[2025/09/22 00:07:55] - ==> Building model..
[2025/09/22 00:09:12] - Test Loss 	 Test Acc 	 PGD Loss 	 PGD Acc
[2025/09/22 00:09:12] - 3.4014 	 	 0.4775 	 3.7847 	 0.2384
[2025/09/22 00:12:38] - 95 	 199.6 	 	 0.1000 	 4.9799 	 0.3186
[2025/09/22 00:12:38] - ==> Building model..
[2025/09/22 00:13:55] - Test Loss 	 Test Acc 	 PGD Loss 	 PGD Acc
[2025/09/22 00:13:55] - 3.4015 	 	 0.4774 	 3.7851 	 0.2383
[2025/09/22 00:17:21] - 96 	 199.9 	 	 0.1000 	 4.9793 	 0.3185
[2025/09/22 00:17:21] - ==> Building model..
[2025/09/22 00:18:39] - Test Loss 	 Test Acc 	 PGD Loss 	 PGD Acc
[2025/09/22 00:18:39] - 3.4014 	 	 0.4778 	 3.7853 	 0.2382
[2025/09/22 00:22:05] - 97 	 200.7 	 	 0.1000 	 4.9796 	 0.3195
[2025/09/22 00:22:05] - ==> Building model..
[2025/09/22 00:23:21] - Test Loss 	 Test Acc 	 PGD Loss 	 PGD Acc
[2025/09/22 00:23:21] - 3.4002 	 	 0.4772 	 3.7852 	 0.2392
[2025/09/22 00:26:46] - 98 	 199.3 	 	 0.1000 	 4.9794 	 0.3189
[2025/09/22 00:26:46] - ==> Building model..
[2025/09/22 00:28:01] - Test Loss 	 Test Acc 	 PGD Loss 	 PGD Acc
[2025/09/22 00:28:01] - 3.3993 	 	 0.4786 	 3.7847 	 0.2391
[2025/09/22 00:31:27] - 99 	 199.7 	 	 0.0100 	 4.8809 	 0.4457
[2025/09/22 00:31:27] - ==> Building model..
[2025/09/22 00:32:38] - Test Loss 	 Test Acc 	 PGD Loss 	 PGD Acc
[2025/09/22 00:32:38] - 3.3991 	 	 0.4786 	 3.7846 	 0.2394
[2025/09/22 00:36:05] - 100 	 201.0 	 	 0.0100 	 4.8131 	 0.5405
[2025/09/22 00:36:05] - ==> Building model..
[2025/09/22 00:37:17] - Test Loss 	 Test Acc 	 PGD Loss 	 PGD Acc
[2025/09/22 00:37:17] - 3.3991 	 	 0.4786 	 3.7846 	 0.2393
[2025/09/22 00:40:41] - 101 	 198.6 	 	 0.0100 	 4.7873 	 0.5814
[2025/09/22 00:40:41] - ==> Building model..
[2025/09/22 00:41:57] - Test Loss 	 Test Acc 	 PGD Loss 	 PGD Acc
[2025/09/22 00:41:57] - 3.3991 	 	 0.4786 	 3.7845 	 0.2390
[2025/09/22 00:45:21] - 102 	 198.1 	 	 0.0100 	 4.7661 	 0.6161
[2025/09/22 00:45:21] - ==> Building model..
[2025/09/22 00:46:38] - Test Loss 	 Test Acc 	 PGD Loss 	 PGD Acc
[2025/09/22 00:46:38] - 3.3991 	 	 0.4786 	 3.7846 	 0.2394
[2025/09/22 00:50:03] - 103 	 198.3 	 	 0.0100 	 4.7485 	 0.6477
[2025/09/22 00:50:03] - ==> Building model..
[2025/09/22 00:51:21] - Test Loss 	 Test Acc 	 PGD Loss 	 PGD Acc
[2025/09/22 00:51:21] - 3.3991 	 	 0.4786 	 3.7845 	 0.2392
[2025/09/22 00:54:46] - 104 	 199.2 	 	 0.0010 	 4.7023 	 0.7225
[2025/09/22 00:54:46] - ==> Building model..
[2025/09/22 00:56:03] - Test Loss 	 Test Acc 	 PGD Loss 	 PGD Acc
[2025/09/22 00:56:03] - 3.3991 	 	 0.4786 	 3.7845 	 0.2393
[2025/09/22 00:59:27] - 105 	 198.9 	 	 0.0010 	 4.6817 	 0.7545
[2025/09/22 00:59:27] - ==> Building model..
[2025/09/22 01:00:45] - Test Loss 	 Test Acc 	 PGD Loss 	 PGD Acc
[2025/09/22 01:00:45] - 3.3991 	 	 0.4786 	 3.7846 	 0.2392
[2025/09/22 01:04:10] - 106 	 199.4 	 	 0.0010 	 4.6760 	 0.7637
[2025/09/22 01:04:10] - ==> Building model..
[2025/09/22 01:05:28] - Test Loss 	 Test Acc 	 PGD Loss 	 PGD Acc
[2025/09/22 01:05:28] - 3.3991 	 	 0.4786 	 3.7843 	 0.2398
[2025/09/22 01:08:52] - 107 	 198.1 	 	 0.0010 	 4.6711 	 0.7724
[2025/09/22 01:08:52] - ==> Building model..
[2025/09/22 01:10:08] - Test Loss 	 Test Acc 	 PGD Loss 	 PGD Acc
[2025/09/22 01:10:08] - 3.3991 	 	 0.4786 	 3.7842 	 0.2390
[2025/09/22 01:13:32] - 108 	 198.5 	 	 0.0010 	 4.6666 	 0.7797
[2025/09/22 01:13:32] - ==> Building model..
[2025/09/22 01:14:44] - Test Loss 	 Test Acc 	 PGD Loss 	 PGD Acc
[2025/09/22 01:14:44] - 3.3991 	 	 0.4786 	 3.7846 	 0.2395
[2025/09/22 01:18:07] - 109 	 197.5 	 	 0.0010 	 4.6623 	 0.7879
[2025/09/22 01:18:07] - ==> Building model..
[2025/09/22 01:19:19] - Test Loss 	 Test Acc 	 PGD Loss 	 PGD Acc
[2025/09/22 01:19:19] - 3.3991 	 	 0.4786 	 3.7845 	 0.2397
[2025/09/22 01:19:19] - [0.0618, 0.1352, 0.1787, 0.2047, 0.2255, 0.2405, 0.2622, 0.2924, 0.3259, 0.3501, 0.3649, 0.3766, 0.3846, 0.3896, 0.3973, 0.4013, 0.4077, 0.4111, 0.4141, 0.4174, 0.4204, 0.4239, 0.4269, 0.4293, 0.4316, 0.4341, 0.436, 0.4399, 0.4434, 0.4436, 0.4448, 0.4476, 0.4464, 0.4487, 0.4508, 0.4513, 0.4519, 0.453, 0.4546, 0.4557, 0.4558, 0.456, 0.4584, 0.4602, 0.4603, 0.4606, 0.4596, 0.462, 0.4637, 0.465, 0.4658, 0.4655, 0.467, 0.4684, 0.4676, 0.4685, 0.4694, 0.4699, 0.4695, 0.47, 0.4695, 0.4694, 0.4704, 0.4706, 0.4705, 0.4711, 0.4712, 0.4708, 0.4711, 0.4707, 0.4714, 0.4709, 0.4708, 0.4705, 0.4719, 0.4721, 0.4723, 0.4728, 0.4725, 0.4727, 0.4746, 0.4752, 0.4747, 0.4748, 0.4762, 0.4757, 0.4761, 0.4765, 0.4758, 0.4752, 0.4749, 0.475, 0.4743, 0.476, 0.4775, 0.4774, 0.4778, 0.4772, 0.4786, 0.4786, 0.4786, 0.4786, 0.4786, 0.4786, 0.4786, 0.4786, 0.4786, 0.4786, 0.4786, 0.4786]
[2025/09/22 01:19:19] - [0.0364, 0.0708, 0.0946, 0.1071, 0.1137, 0.1204, 0.1329, 0.1495, 0.165, 0.1756, 0.1834, 0.1881, 0.1945, 0.199, 0.1997, 0.2006, 0.2042, 0.2071, 0.2089, 0.2109, 0.211, 0.2116, 0.2136, 0.2144, 0.2152, 0.2164, 0.2163, 0.2179, 0.2188, 0.2198, 0.2214, 0.2225, 0.2226, 0.2228, 0.2228, 0.2247, 0.2243, 0.2249, 0.2251, 0.2268, 0.2261, 0.2257, 0.2268, 0.2265, 0.2268, 0.2273, 0.2275, 0.2267, 0.2279, 0.2294, 0.2292, 0.2292, 0.2301, 0.2306, 0.2313, 0.2312, 0.231, 0.2314, 0.2314, 0.2328, 0.2326, 0.2319, 0.2326, 0.2329, 0.2339, 0.2338, 0.2345, 0.2351, 0.2352, 0.2351, 0.235, 0.2357, 0.2354, 0.2356, 0.2367, 0.2366, 0.2368, 0.2364, 0.2371, 0.237, 0.2376, 0.2361, 0.2368, 0.2368, 0.2364, 0.2365, 0.2366, 0.2366, 0.2376, 0.2375, 0.2379, 0.2369, 0.238, 0.2378, 0.2384, 0.2383, 0.2382, 0.2392, 0.2391, 0.2394, 0.2393, 0.239, 0.2394, 0.2392, 0.2393, 0.2392, 0.2398, 0.239, 0.2395, 0.2397]
