[2025/09/20 23:58:55] - Namespace(batch_size=128, data_dir='cifar-data', epochs=120, lr_schedule='multistep', lr_min=0.0, lr_max=0.1, weight_decay=0.0005, momentum=0.9, model='ResNet18', epsilon=8, alpha=8, delta_init='random', normal_mean=0, normal_std=1, out_dir='./output/CIFAR10/lam_start_40', seed=0, lamda=12, lam_scale=0.1, lam_max=45, lam_start=40, gamma=0.15, inner_gamma=0.15, beta=0.6, mu=3.5, batch_m=0.75, early_stop=False, factor=0.7, length=4, n_holes=1, c_num=0.125, EMA_value=0.82)
[2025/09/20 23:58:58] - ==> Building model..
[2025/09/20 23:58:59] - Epoch 	 Seconds 	 LR 	 	 Train Loss 	 Train Acc
[2025/09/21 00:00:32] - 0 	 57.7 	 	 0.1000 	 2.2319 	 0.2255
[2025/09/21 00:00:32] - ==> Building model..
[2025/09/21 00:01:11] - Test Loss 	 Test Acc 	 PGD Loss 	 PGD Acc
[2025/09/21 00:01:11] - 1.8335 	 	 0.3933 	 1.8894 	 0.2767
[2025/09/21 00:02:44] - 1 	 56.4 	 	 0.1000 	 2.1345 	 0.3015
[2025/09/21 00:02:44] - ==> Building model..
[2025/09/21 00:03:25] - Test Loss 	 Test Acc 	 PGD Loss 	 PGD Acc
[2025/09/21 00:03:25] - 1.7174 	 	 0.4580 	 1.7918 	 0.3166
[2025/09/21 00:04:56] - 2 	 54.3 	 	 0.1000 	 2.0948 	 0.3410
[2025/09/21 00:04:56] - ==> Building model..
[2025/09/21 00:05:37] - Test Loss 	 Test Acc 	 PGD Loss 	 PGD Acc
[2025/09/21 00:05:37] - 1.6393 	 	 0.5072 	 1.7294 	 0.3395
[2025/09/21 00:07:10] - 3 	 57.8 	 	 0.1000 	 2.0662 	 0.3714
[2025/09/21 00:07:10] - ==> Building model..
[2025/09/21 00:07:49] - Test Loss 	 Test Acc 	 PGD Loss 	 PGD Acc
[2025/09/21 00:07:49] - 1.5757 	 	 0.5534 	 1.6786 	 0.3673
[2025/09/21 00:09:19] - 4 	 57.2 	 	 0.1000 	 2.0410 	 0.3991
[2025/09/21 00:09:19] - ==> Building model..
[2025/09/21 00:09:51] - Test Loss 	 Test Acc 	 PGD Loss 	 PGD Acc
[2025/09/21 00:09:51] - 1.5340 	 	 0.5871 	 1.6467 	 0.3916
[2025/09/21 00:11:24] - 5 	 58.8 	 	 0.1000 	 2.0177 	 0.4198
[2025/09/21 00:11:24] - ==> Building model..
[2025/09/21 00:12:03] - Test Loss 	 Test Acc 	 PGD Loss 	 PGD Acc
[2025/09/21 00:12:03] - 1.5109 	 	 0.6096 	 1.6307 	 0.4115
[2025/09/21 00:13:34] - 6 	 58.6 	 	 0.1000 	 1.9975 	 0.4411
[2025/09/21 00:13:34] - ==> Building model..
[2025/09/21 00:14:10] - Test Loss 	 Test Acc 	 PGD Loss 	 PGD Acc
[2025/09/21 00:14:10] - 1.4953 	 	 0.6291 	 1.6199 	 0.4274
[2025/09/21 00:15:38] - 7 	 55.4 	 	 0.1000 	 1.9829 	 0.4556
[2025/09/21 00:15:38] - ==> Building model..
[2025/09/21 00:16:13] - Test Loss 	 Test Acc 	 PGD Loss 	 PGD Acc
[2025/09/21 00:16:13] - 1.4842 	 	 0.6367 	 1.6108 	 0.4400
[2025/09/21 00:17:45] - 8 	 59.4 	 	 0.1000 	 1.9694 	 0.4688
[2025/09/21 00:17:45] - ==> Building model..
[2025/09/21 00:18:25] - Test Loss 	 Test Acc 	 PGD Loss 	 PGD Acc
[2025/09/21 00:18:25] - 1.4832 	 	 0.6488 	 1.6110 	 0.4491
[2025/09/21 00:19:58] - 9 	 59.5 	 	 0.1000 	 1.9562 	 0.4830
[2025/09/21 00:19:58] - ==> Building model..
[2025/09/21 00:20:36] - Test Loss 	 Test Acc 	 PGD Loss 	 PGD Acc
[2025/09/21 00:20:36] - 1.4851 	 	 0.6539 	 1.6129 	 0.4566
[2025/09/21 00:22:06] - 10 	 56.1 	 	 0.1000 	 1.9464 	 0.4907
[2025/09/21 00:22:06] - ==> Building model..
[2025/09/21 00:22:45] - Test Loss 	 Test Acc 	 PGD Loss 	 PGD Acc
[2025/09/21 00:22:45] - 1.4836 	 	 0.6595 	 1.6115 	 0.4659
[2025/09/21 00:24:17] - 11 	 58.5 	 	 0.1000 	 1.9393 	 0.5004
[2025/09/21 00:24:17] - ==> Building model..
[2025/09/21 00:24:55] - Test Loss 	 Test Acc 	 PGD Loss 	 PGD Acc
[2025/09/21 00:24:55] - 1.4703 	 	 0.6718 	 1.6013 	 0.4770
[2025/09/21 00:26:25] - 12 	 57.3 	 	 0.1000 	 1.9339 	 0.5069
[2025/09/21 00:26:25] - ==> Building model..
[2025/09/21 00:27:06] - Test Loss 	 Test Acc 	 PGD Loss 	 PGD Acc
[2025/09/21 00:27:06] - 1.4363 	 	 0.6858 	 1.5736 	 0.4864
[2025/09/21 00:28:38] - 13 	 56.4 	 	 0.1000 	 1.9286 	 0.5106
[2025/09/21 00:28:38] - ==> Building model..
[2025/09/21 00:29:17] - Test Loss 	 Test Acc 	 PGD Loss 	 PGD Acc
[2025/09/21 00:29:17] - 1.3946 	 	 0.6951 	 1.5402 	 0.4939
[2025/09/21 00:30:48] - 14 	 57.5 	 	 0.1000 	 1.9205 	 0.5208
[2025/09/21 00:30:48] - ==> Building model..
[2025/09/21 00:31:28] - Test Loss 	 Test Acc 	 PGD Loss 	 PGD Acc
[2025/09/21 00:31:28] - 1.3588 	 	 0.7059 	 1.5120 	 0.4985
[2025/09/21 00:32:59] - 15 	 54.8 	 	 0.1000 	 1.9183 	 0.5218
[2025/09/21 00:32:59] - ==> Building model..
[2025/09/21 00:33:41] - Test Loss 	 Test Acc 	 PGD Loss 	 PGD Acc
[2025/09/21 00:33:41] - 1.3259 	 	 0.7157 	 1.4860 	 0.4998
[2025/09/21 00:35:13] - 16 	 55.8 	 	 0.1000 	 1.9129 	 0.5267
[2025/09/21 00:35:13] - ==> Building model..
[2025/09/21 00:35:54] - Test Loss 	 Test Acc 	 PGD Loss 	 PGD Acc
[2025/09/21 00:35:54] - 1.3003 	 	 0.7225 	 1.4655 	 0.5037
[2025/09/21 00:37:26] - 17 	 58.8 	 	 0.1000 	 1.9083 	 0.5326
[2025/09/21 00:37:26] - ==> Building model..
[2025/09/21 00:38:04] - Test Loss 	 Test Acc 	 PGD Loss 	 PGD Acc
[2025/09/21 00:38:04] - 1.2838 	 	 0.7286 	 1.4529 	 0.5093
[2025/09/21 00:39:35] - 18 	 57.2 	 	 0.1000 	 1.9075 	 0.5338
[2025/09/21 00:39:35] - ==> Building model..
[2025/09/21 00:40:08] - Test Loss 	 Test Acc 	 PGD Loss 	 PGD Acc
[2025/09/21 00:40:08] - 1.2696 	 	 0.7333 	 1.4415 	 0.5132
[2025/09/21 00:41:38] - 19 	 56.6 	 	 0.1000 	 1.9011 	 0.5384
[2025/09/21 00:41:38] - ==> Building model..
[2025/09/21 00:42:18] - Test Loss 	 Test Acc 	 PGD Loss 	 PGD Acc
[2025/09/21 00:42:18] - 1.2607 	 	 0.7340 	 1.4338 	 0.5159
[2025/09/21 00:43:51] - 20 	 58.9 	 	 0.1000 	 1.8987 	 0.5434
[2025/09/21 00:43:51] - ==> Building model..
[2025/09/21 00:44:29] - Test Loss 	 Test Acc 	 PGD Loss 	 PGD Acc
[2025/09/21 00:44:29] - 1.2526 	 	 0.7379 	 1.4273 	 0.5187
[2025/09/21 00:46:02] - 21 	 58.7 	 	 0.1000 	 1.8957 	 0.5448
[2025/09/21 00:46:02] - ==> Building model..
[2025/09/21 00:46:34] - Test Loss 	 Test Acc 	 PGD Loss 	 PGD Acc
[2025/09/21 00:46:34] - 1.2447 	 	 0.7391 	 1.4209 	 0.5214
[2025/09/21 00:48:05] - 22 	 57.8 	 	 0.1000 	 1.8959 	 0.5454
[2025/09/21 00:48:05] - ==> Building model..
[2025/09/21 00:48:43] - Test Loss 	 Test Acc 	 PGD Loss 	 PGD Acc
[2025/09/21 00:48:43] - 1.2406 	 	 0.7401 	 1.4178 	 0.5244
[2025/09/21 00:50:14] - 23 	 58.0 	 	 0.1000 	 1.8926 	 0.5479
[2025/09/21 00:50:14] - ==> Building model..
[2025/09/21 00:50:49] - Test Loss 	 Test Acc 	 PGD Loss 	 PGD Acc
[2025/09/21 00:50:49] - 1.2358 	 	 0.7418 	 1.4141 	 0.5241
[2025/09/21 00:52:20] - 24 	 56.6 	 	 0.1000 	 1.8901 	 0.5507
[2025/09/21 00:52:20] - ==> Building model..
[2025/09/21 00:53:00] - Test Loss 	 Test Acc 	 PGD Loss 	 PGD Acc
[2025/09/21 00:53:00] - 1.2304 	 	 0.7441 	 1.4096 	 0.5256
[2025/09/21 00:54:32] - 25 	 58.0 	 	 0.1000 	 1.8867 	 0.5561
[2025/09/21 00:54:32] - ==> Building model..
[2025/09/21 00:55:10] - Test Loss 	 Test Acc 	 PGD Loss 	 PGD Acc
[2025/09/21 00:55:10] - 1.2262 	 	 0.7444 	 1.4069 	 0.5283
[2025/09/21 00:56:43] - 26 	 58.5 	 	 0.1000 	 1.8851 	 0.5526
[2025/09/21 00:56:43] - ==> Building model..
[2025/09/21 00:57:19] - Test Loss 	 Test Acc 	 PGD Loss 	 PGD Acc
[2025/09/21 00:57:19] - 1.2244 	 	 0.7448 	 1.4048 	 0.5300
[2025/09/21 00:58:49] - 27 	 56.2 	 	 0.1000 	 1.8837 	 0.5567
[2025/09/21 00:58:49] - ==> Building model..
[2025/09/21 00:59:27] - Test Loss 	 Test Acc 	 PGD Loss 	 PGD Acc
[2025/09/21 00:59:27] - 1.2207 	 	 0.7473 	 1.4018 	 0.5325
[2025/09/21 01:01:01] - 28 	 58.4 	 	 0.1000 	 1.8824 	 0.5575
[2025/09/21 01:01:01] - ==> Building model..
[2025/09/21 01:01:39] - Test Loss 	 Test Acc 	 PGD Loss 	 PGD Acc
[2025/09/21 01:01:39] - 1.2184 	 	 0.7507 	 1.4007 	 0.5347
[2025/09/21 01:03:14] - 29 	 59.6 	 	 0.1000 	 1.8804 	 0.5586
[2025/09/21 01:03:14] - ==> Building model..
[2025/09/21 01:03:54] - Test Loss 	 Test Acc 	 PGD Loss 	 PGD Acc
[2025/09/21 01:03:54] - 1.2147 	 	 0.7516 	 1.3983 	 0.5366
[2025/09/21 01:05:23] - 30 	 53.9 	 	 0.1000 	 1.8802 	 0.5611
[2025/09/21 01:05:23] - ==> Building model..
[2025/09/21 01:06:04] - Test Loss 	 Test Acc 	 PGD Loss 	 PGD Acc
[2025/09/21 01:06:04] - 1.2119 	 	 0.7542 	 1.3960 	 0.5375
[2025/09/21 01:07:36] - 31 	 55.9 	 	 0.1000 	 1.8792 	 0.5627
[2025/09/21 01:07:36] - ==> Building model..
[2025/09/21 01:08:17] - Test Loss 	 Test Acc 	 PGD Loss 	 PGD Acc
[2025/09/21 01:08:17] - 1.2104 	 	 0.7564 	 1.3951 	 0.5397
[2025/09/21 01:09:48] - 32 	 56.5 	 	 0.1000 	 1.8774 	 0.5625
[2025/09/21 01:09:48] - ==> Building model..
[2025/09/21 01:10:30] - Test Loss 	 Test Acc 	 PGD Loss 	 PGD Acc
[2025/09/21 01:10:30] - 1.2056 	 	 0.7588 	 1.3914 	 0.5407
[2025/09/21 01:11:59] - 33 	 54.5 	 	 0.1000 	 1.8768 	 0.5624
[2025/09/21 01:11:59] - ==> Building model..
[2025/09/21 01:12:38] - Test Loss 	 Test Acc 	 PGD Loss 	 PGD Acc
[2025/09/21 01:12:38] - 1.2008 	 	 0.7605 	 1.3883 	 0.5421
[2025/09/21 01:14:11] - 34 	 58.3 	 	 0.1000 	 1.8733 	 0.5668
[2025/09/21 01:14:11] - ==> Building model..
[2025/09/21 01:14:50] - Test Loss 	 Test Acc 	 PGD Loss 	 PGD Acc
[2025/09/21 01:14:50] - 1.1959 	 	 0.7620 	 1.3843 	 0.5437
[2025/09/21 01:16:22] - 35 	 58.2 	 	 0.1000 	 1.8734 	 0.5684
[2025/09/21 01:16:22] - ==> Building model..
[2025/09/21 01:16:54] - Test Loss 	 Test Acc 	 PGD Loss 	 PGD Acc
[2025/09/21 01:16:54] - 1.1927 	 	 0.7641 	 1.3821 	 0.5437
[2025/09/21 01:18:26] - 36 	 59.2 	 	 0.1000 	 1.8739 	 0.5647
[2025/09/21 01:18:26] - ==> Building model..
[2025/09/21 01:19:06] - Test Loss 	 Test Acc 	 PGD Loss 	 PGD Acc
[2025/09/21 01:19:06] - 1.1920 	 	 0.7645 	 1.3818 	 0.5429
[2025/09/21 01:20:37] - 37 	 57.9 	 	 0.1000 	 1.8708 	 0.5690
[2025/09/21 01:20:37] - ==> Building model..
[2025/09/21 01:21:14] - Test Loss 	 Test Acc 	 PGD Loss 	 PGD Acc
[2025/09/21 01:21:14] - 1.1902 	 	 0.7660 	 1.3805 	 0.5448
[2025/09/21 01:22:47] - 38 	 59.0 	 	 0.1000 	 1.8712 	 0.5671
[2025/09/21 01:22:47] - ==> Building model..
[2025/09/21 01:23:25] - Test Loss 	 Test Acc 	 PGD Loss 	 PGD Acc
[2025/09/21 01:23:25] - 1.1881 	 	 0.7664 	 1.3785 	 0.5465
[2025/09/21 01:24:58] - 39 	 58.9 	 	 0.1000 	 1.8672 	 0.5722
[2025/09/21 01:24:58] - ==> Building model..
[2025/09/21 01:25:37] - Test Loss 	 Test Acc 	 PGD Loss 	 PGD Acc
[2025/09/21 01:25:37] - 1.1855 	 	 0.7674 	 1.3761 	 0.5482
[2025/09/21 01:27:10] - 40 	 59.1 	 	 0.1000 	 1.8700 	 0.5673
[2025/09/21 01:27:10] - ==> Building model..
[2025/09/21 01:27:48] - Test Loss 	 Test Acc 	 PGD Loss 	 PGD Acc
[2025/09/21 01:27:48] - 1.1847 	 	 0.7696 	 1.3756 	 0.5489
[2025/09/21 01:29:19] - 41 	 56.3 	 	 0.1000 	 1.8682 	 0.5686
[2025/09/21 01:29:19] - ==> Building model..
[2025/09/21 01:29:58] - Test Loss 	 Test Acc 	 PGD Loss 	 PGD Acc
[2025/09/21 01:29:58] - 1.1856 	 	 0.7688 	 1.3771 	 0.5491
[2025/09/21 01:31:32] - 42 	 58.7 	 	 0.1000 	 1.8688 	 0.5710
[2025/09/21 01:31:32] - ==> Building model..
[2025/09/21 01:32:11] - Test Loss 	 Test Acc 	 PGD Loss 	 PGD Acc
[2025/09/21 01:32:11] - 1.1861 	 	 0.7698 	 1.3777 	 0.5487
[2025/09/21 01:33:41] - 43 	 56.2 	 	 0.1000 	 1.8697 	 0.5720
[2025/09/21 01:33:41] - ==> Building model..
[2025/09/21 01:34:20] - Test Loss 	 Test Acc 	 PGD Loss 	 PGD Acc
[2025/09/21 01:34:20] - 1.1851 	 	 0.7718 	 1.3767 	 0.5516
[2025/09/21 01:35:50] - 44 	 55.3 	 	 0.1000 	 1.8705 	 0.5701
[2025/09/21 01:35:50] - ==> Building model..
[2025/09/21 01:36:28] - Test Loss 	 Test Acc 	 PGD Loss 	 PGD Acc
[2025/09/21 01:36:28] - 1.1840 	 	 0.7718 	 1.3759 	 0.5511
[2025/09/21 01:38:00] - 45 	 57.0 	 	 0.1000 	 1.8705 	 0.5722
[2025/09/21 01:38:00] - ==> Building model..
[2025/09/21 01:38:40] - Test Loss 	 Test Acc 	 PGD Loss 	 PGD Acc
[2025/09/21 01:38:40] - 1.1841 	 	 0.7722 	 1.3756 	 0.5527
[2025/09/21 01:40:13] - 46 	 56.6 	 	 0.1000 	 1.8688 	 0.5749
[2025/09/21 01:40:13] - ==> Building model..
[2025/09/21 01:40:54] - Test Loss 	 Test Acc 	 PGD Loss 	 PGD Acc
[2025/09/21 01:40:54] - 1.1844 	 	 0.7716 	 1.3755 	 0.5526
[2025/09/21 01:42:21] - 47 	 51.6 	 	 0.1000 	 1.8723 	 0.5754
[2025/09/21 01:42:21] - ==> Building model..
[2025/09/21 01:43:01] - Test Loss 	 Test Acc 	 PGD Loss 	 PGD Acc
[2025/09/21 01:43:01] - 1.1856 	 	 0.7710 	 1.3764 	 0.5542
[2025/09/21 01:44:32] - 48 	 56.7 	 	 0.1000 	 1.8721 	 0.5731
[2025/09/21 01:44:32] - ==> Building model..
[2025/09/21 01:45:13] - Test Loss 	 Test Acc 	 PGD Loss 	 PGD Acc
[2025/09/21 01:45:13] - 1.1891 	 	 0.7706 	 1.3792 	 0.5530
[2025/09/21 01:46:45] - 49 	 57.4 	 	 0.1000 	 1.8723 	 0.5759
[2025/09/21 01:46:45] - ==> Building model..
[2025/09/21 01:47:19] - Test Loss 	 Test Acc 	 PGD Loss 	 PGD Acc
[2025/09/21 01:47:19] - 1.1913 	 	 0.7704 	 1.3807 	 0.5524
[2025/09/21 01:48:52] - 50 	 59.2 	 	 0.1000 	 1.8742 	 0.5736
[2025/09/21 01:48:52] - ==> Building model..
[2025/09/21 01:49:31] - Test Loss 	 Test Acc 	 PGD Loss 	 PGD Acc
[2025/09/21 01:49:31] - 1.1920 	 	 0.7700 	 1.3810 	 0.5535
[2025/09/21 01:51:03] - 51 	 58.2 	 	 0.1000 	 1.8753 	 0.5754
[2025/09/21 01:51:03] - ==> Building model..
[2025/09/21 01:51:42] - Test Loss 	 Test Acc 	 PGD Loss 	 PGD Acc
[2025/09/21 01:51:42] - 1.1936 	 	 0.7719 	 1.3817 	 0.5532
[2025/09/21 01:53:12] - 52 	 57.2 	 	 0.1000 	 1.8741 	 0.5769
[2025/09/21 01:53:12] - ==> Building model..
[2025/09/21 01:53:44] - Test Loss 	 Test Acc 	 PGD Loss 	 PGD Acc
[2025/09/21 01:53:44] - 1.1948 	 	 0.7726 	 1.3827 	 0.5534
[2025/09/21 01:55:14] - 53 	 57.4 	 	 0.1000 	 1.8757 	 0.5755
[2025/09/21 01:55:14] - ==> Building model..
[2025/09/21 01:55:53] - Test Loss 	 Test Acc 	 PGD Loss 	 PGD Acc
[2025/09/21 01:55:53] - 1.1980 	 	 0.7714 	 1.3847 	 0.5546
[2025/09/21 01:57:24] - 54 	 57.8 	 	 0.1000 	 1.8788 	 0.5766
[2025/09/21 01:57:24] - ==> Building model..
[2025/09/21 01:58:01] - Test Loss 	 Test Acc 	 PGD Loss 	 PGD Acc
[2025/09/21 01:58:01] - 1.2012 	 	 0.7707 	 1.3872 	 0.5571
[2025/09/21 01:59:30] - 55 	 54.9 	 	 0.1000 	 1.8768 	 0.5770
[2025/09/21 01:59:30] - ==> Building model..
[2025/09/21 02:00:10] - Test Loss 	 Test Acc 	 PGD Loss 	 PGD Acc
[2025/09/21 02:00:10] - 1.2035 	 	 0.7709 	 1.3890 	 0.5572
[2025/09/21 02:01:42] - 56 	 58.3 	 	 0.1000 	 1.8791 	 0.5751
[2025/09/21 02:01:42] - ==> Building model..
[2025/09/21 02:02:21] - Test Loss 	 Test Acc 	 PGD Loss 	 PGD Acc
[2025/09/21 02:02:21] - 1.2057 	 	 0.7706 	 1.3904 	 0.5585
[2025/09/21 02:03:54] - 57 	 57.7 	 	 0.1000 	 1.8792 	 0.5765
[2025/09/21 02:03:54] - ==> Building model..
[2025/09/21 02:04:33] - Test Loss 	 Test Acc 	 PGD Loss 	 PGD Acc
[2025/09/21 02:04:33] - 1.2069 	 	 0.7687 	 1.3908 	 0.5577
[2025/09/21 02:06:00] - 58 	 54.3 	 	 0.1000 	 1.8803 	 0.5767
[2025/09/21 02:06:00] - ==> Building model..
[2025/09/21 02:06:39] - Test Loss 	 Test Acc 	 PGD Loss 	 PGD Acc
[2025/09/21 02:06:39] - 1.2077 	 	 0.7685 	 1.3916 	 0.5571
[2025/09/21 02:08:13] - 59 	 57.4 	 	 0.1000 	 1.8827 	 0.5732
[2025/09/21 02:08:13] - ==> Building model..
[2025/09/21 02:08:53] - Test Loss 	 Test Acc 	 PGD Loss 	 PGD Acc
[2025/09/21 02:08:53] - 1.2115 	 	 0.7683 	 1.3942 	 0.5575
[2025/09/21 02:10:24] - 60 	 54.9 	 	 0.1000 	 1.8839 	 0.5762
[2025/09/21 02:10:24] - ==> Building model..
[2025/09/21 02:11:05] - Test Loss 	 Test Acc 	 PGD Loss 	 PGD Acc
[2025/09/21 02:11:05] - 1.2146 	 	 0.7671 	 1.3962 	 0.5576
[2025/09/21 02:12:32] - 61 	 52.2 	 	 0.1000 	 1.8848 	 0.5768
[2025/09/21 02:12:32] - ==> Building model..
[2025/09/21 02:13:15] - Test Loss 	 Test Acc 	 PGD Loss 	 PGD Acc
[2025/09/21 02:13:15] - 1.2177 	 	 0.7666 	 1.3982 	 0.5579
[2025/09/21 02:14:47] - 62 	 57.8 	 	 0.1000 	 1.8850 	 0.5734
[2025/09/21 02:14:47] - ==> Building model..
[2025/09/21 02:15:26] - Test Loss 	 Test Acc 	 PGD Loss 	 PGD Acc
[2025/09/21 02:15:26] - 1.2214 	 	 0.7666 	 1.4014 	 0.5580
[2025/09/21 02:16:58] - 63 	 56.0 	 	 0.1000 	 1.8866 	 0.5763
[2025/09/21 02:16:58] - ==> Building model..
[2025/09/21 02:17:39] - Test Loss 	 Test Acc 	 PGD Loss 	 PGD Acc
[2025/09/21 02:17:39] - 1.2243 	 	 0.7663 	 1.4031 	 0.5578
[2025/09/21 02:19:06] - 64 	 53.3 	 	 0.1000 	 1.8892 	 0.5752
[2025/09/21 02:19:06] - ==> Building model..
[2025/09/21 02:19:45] - Test Loss 	 Test Acc 	 PGD Loss 	 PGD Acc
[2025/09/21 02:19:45] - 1.2287 	 	 0.7655 	 1.4065 	 0.5576
[2025/09/21 02:21:16] - 65 	 57.1 	 	 0.1000 	 1.8903 	 0.5742
[2025/09/21 02:21:16] - ==> Building model..
[2025/09/21 02:21:54] - Test Loss 	 Test Acc 	 PGD Loss 	 PGD Acc
[2025/09/21 02:21:54] - 1.2330 	 	 0.7642 	 1.4098 	 0.5600
[2025/09/21 02:23:25] - 66 	 57.3 	 	 0.1000 	 1.8901 	 0.5764
[2025/09/21 02:23:25] - ==> Building model..
[2025/09/21 02:24:00] - Test Loss 	 Test Acc 	 PGD Loss 	 PGD Acc
[2025/09/21 02:24:00] - 1.2367 	 	 0.7640 	 1.4124 	 0.5597
[2025/09/21 02:25:33] - 67 	 57.0 	 	 0.1000 	 1.8914 	 0.5752
[2025/09/21 02:25:33] - ==> Building model..
[2025/09/21 02:26:13] - Test Loss 	 Test Acc 	 PGD Loss 	 PGD Acc
[2025/09/21 02:26:13] - 1.2397 	 	 0.7634 	 1.4143 	 0.5609
[2025/09/21 02:27:45] - 68 	 58.2 	 	 0.1000 	 1.8905 	 0.5770
[2025/09/21 02:27:45] - ==> Building model..
[2025/09/21 02:28:24] - Test Loss 	 Test Acc 	 PGD Loss 	 PGD Acc
[2025/09/21 02:28:24] - 1.2434 	 	 0.7624 	 1.4170 	 0.5631
[2025/09/21 02:29:56] - 69 	 57.7 	 	 0.1000 	 1.8954 	 0.5712
[2025/09/21 02:29:56] - ==> Building model..
[2025/09/21 02:30:30] - Test Loss 	 Test Acc 	 PGD Loss 	 PGD Acc
[2025/09/21 02:30:30] - 1.2469 	 	 0.7622 	 1.4196 	 0.5610
[2025/09/21 02:32:02] - 70 	 57.7 	 	 0.1000 	 1.8948 	 0.5710
[2025/09/21 02:32:02] - ==> Building model..
[2025/09/21 02:32:41] - Test Loss 	 Test Acc 	 PGD Loss 	 PGD Acc
[2025/09/21 02:32:41] - 1.2494 	 	 0.7634 	 1.4213 	 0.5619
[2025/09/21 02:34:13] - 71 	 58.2 	 	 0.1000 	 1.8948 	 0.5756
[2025/09/21 02:34:13] - ==> Building model..
[2025/09/21 02:34:49] - Test Loss 	 Test Acc 	 PGD Loss 	 PGD Acc
[2025/09/21 02:34:49] - 1.2514 	 	 0.7614 	 1.4227 	 0.5649
[2025/09/21 02:36:17] - 72 	 54.5 	 	 0.1000 	 1.8964 	 0.5739
[2025/09/21 02:36:17] - ==> Building model..
[2025/09/21 02:36:56] - Test Loss 	 Test Acc 	 PGD Loss 	 PGD Acc
[2025/09/21 02:36:56] - 1.2548 	 	 0.7610 	 1.4256 	 0.5651
[2025/09/21 02:38:29] - 73 	 57.2 	 	 0.1000 	 1.8964 	 0.5726
[2025/09/21 02:38:29] - ==> Building model..
[2025/09/21 02:39:09] - Test Loss 	 Test Acc 	 PGD Loss 	 PGD Acc
[2025/09/21 02:39:09] - 1.2573 	 	 0.7611 	 1.4272 	 0.5654
[2025/09/21 02:40:41] - 74 	 56.2 	 	 0.1000 	 1.8961 	 0.5750
[2025/09/21 02:40:41] - ==> Building model..
[2025/09/21 02:41:23] - Test Loss 	 Test Acc 	 PGD Loss 	 PGD Acc
[2025/09/21 02:41:23] - 1.2574 	 	 0.7607 	 1.4269 	 0.5653
[2025/09/21 02:42:52] - 75 	 52.2 	 	 0.1000 	 1.8976 	 0.5723
[2025/09/21 02:42:52] - ==> Building model..
[2025/09/21 02:43:34] - Test Loss 	 Test Acc 	 PGD Loss 	 PGD Acc
[2025/09/21 02:43:34] - 1.2601 	 	 0.7604 	 1.4290 	 0.5659
[2025/09/21 02:45:07] - 76 	 58.9 	 	 0.1000 	 1.8975 	 0.5718
[2025/09/21 02:45:07] - ==> Building model..
[2025/09/21 02:45:47] - Test Loss 	 Test Acc 	 PGD Loss 	 PGD Acc
[2025/09/21 02:45:47] - 1.2630 	 	 0.7584 	 1.4315 	 0.5652
[2025/09/21 02:47:20] - 77 	 57.9 	 	 0.1000 	 1.8981 	 0.5699
[2025/09/21 02:47:20] - ==> Building model..
[2025/09/21 02:48:00] - Test Loss 	 Test Acc 	 PGD Loss 	 PGD Acc
[2025/09/21 02:48:00] - 1.2641 	 	 0.7570 	 1.4322 	 0.5650
[2025/09/21 02:49:33] - 78 	 56.8 	 	 0.1000 	 1.8953 	 0.5744
[2025/09/21 02:49:33] - ==> Building model..
[2025/09/21 02:50:11] - Test Loss 	 Test Acc 	 PGD Loss 	 PGD Acc
[2025/09/21 02:50:11] - 1.2615 	 	 0.7567 	 1.4297 	 0.5666
[2025/09/21 02:51:41] - 79 	 57.2 	 	 0.1000 	 1.8957 	 0.5725
[2025/09/21 02:51:41] - ==> Building model..
[2025/09/21 02:52:21] - Test Loss 	 Test Acc 	 PGD Loss 	 PGD Acc
[2025/09/21 02:52:21] - 1.2612 	 	 0.7578 	 1.4295 	 0.5655
[2025/09/21 02:53:52] - 80 	 57.4 	 	 0.1000 	 1.8965 	 0.5731
[2025/09/21 02:53:52] - ==> Building model..
[2025/09/21 02:54:29] - Test Loss 	 Test Acc 	 PGD Loss 	 PGD Acc
[2025/09/21 02:54:29] - 1.2618 	 	 0.7583 	 1.4297 	 0.5669
[2025/09/21 02:55:59] - 81 	 55.3 	 	 0.1000 	 1.8955 	 0.5750
[2025/09/21 02:55:59] - ==> Building model..
[2025/09/21 02:56:38] - Test Loss 	 Test Acc 	 PGD Loss 	 PGD Acc
[2025/09/21 02:56:38] - 1.2628 	 	 0.7581 	 1.4302 	 0.5675
[2025/09/21 02:58:10] - 82 	 57.8 	 	 0.1000 	 1.8957 	 0.5721
[2025/09/21 02:58:10] - ==> Building model..
[2025/09/21 02:58:49] - Test Loss 	 Test Acc 	 PGD Loss 	 PGD Acc
[2025/09/21 02:58:49] - 1.2639 	 	 0.7596 	 1.4314 	 0.5693
[2025/09/21 03:00:19] - 83 	 56.5 	 	 0.1000 	 1.8981 	 0.5704
[2025/09/21 03:00:19] - ==> Building model..
[2025/09/21 03:00:51] - Test Loss 	 Test Acc 	 PGD Loss 	 PGD Acc
[2025/09/21 03:00:51] - 1.2660 	 	 0.7609 	 1.4329 	 0.5690
[2025/09/21 03:02:24] - 84 	 57.9 	 	 0.1000 	 1.8941 	 0.5705
[2025/09/21 03:02:24] - ==> Building model..
[2025/09/21 03:03:03] - Test Loss 	 Test Acc 	 PGD Loss 	 PGD Acc
[2025/09/21 03:03:03] - 1.2647 	 	 0.7612 	 1.4316 	 0.5687
[2025/09/21 03:04:36] - 85 	 58.0 	 	 0.1000 	 1.8969 	 0.5711
[2025/09/21 03:04:36] - ==> Building model..
[2025/09/21 03:05:11] - Test Loss 	 Test Acc 	 PGD Loss 	 PGD Acc
[2025/09/21 03:05:11] - 1.2655 	 	 0.7610 	 1.4321 	 0.5677
[2025/09/21 03:06:39] - 86 	 55.3 	 	 0.1000 	 1.8975 	 0.5697
[2025/09/21 03:06:39] - ==> Building model..
[2025/09/21 03:07:18] - Test Loss 	 Test Acc 	 PGD Loss 	 PGD Acc
[2025/09/21 03:07:18] - 1.2670 	 	 0.7599 	 1.4331 	 0.5687
[2025/09/21 03:08:50] - 87 	 57.5 	 	 0.1000 	 1.8964 	 0.5713
[2025/09/21 03:08:50] - ==> Building model..
[2025/09/21 03:09:30] - Test Loss 	 Test Acc 	 PGD Loss 	 PGD Acc
[2025/09/21 03:09:30] - 1.2672 	 	 0.7603 	 1.4335 	 0.5693
[2025/09/21 03:11:04] - 88 	 55.8 	 	 0.1000 	 1.8994 	 0.5659
[2025/09/21 03:11:04] - ==> Building model..
[2025/09/21 03:11:45] - Test Loss 	 Test Acc 	 PGD Loss 	 PGD Acc
[2025/09/21 03:11:45] - 1.2688 	 	 0.7597 	 1.4347 	 0.5694
[2025/09/21 03:13:18] - 89 	 55.4 	 	 0.1000 	 1.8960 	 0.5691
[2025/09/21 03:13:18] - ==> Building model..
[2025/09/21 03:13:59] - Test Loss 	 Test Acc 	 PGD Loss 	 PGD Acc
[2025/09/21 03:13:59] - 1.2689 	 	 0.7582 	 1.4345 	 0.5710
[2025/09/21 03:15:32] - 90 	 58.9 	 	 0.1000 	 1.8966 	 0.5673
[2025/09/21 03:15:32] - ==> Building model..
[2025/09/21 03:16:11] - Test Loss 	 Test Acc 	 PGD Loss 	 PGD Acc
[2025/09/21 03:16:11] - 1.2703 	 	 0.7588 	 1.4346 	 0.5705
[2025/09/21 03:17:43] - 91 	 56.7 	 	 0.1000 	 1.8967 	 0.5639
[2025/09/21 03:17:43] - ==> Building model..
[2025/09/21 03:18:23] - Test Loss 	 Test Acc 	 PGD Loss 	 PGD Acc
[2025/09/21 03:18:23] - 1.2706 	 	 0.7608 	 1.4347 	 0.5719
[2025/09/21 03:19:54] - 92 	 55.9 	 	 0.1000 	 1.8962 	 0.5649
[2025/09/21 03:19:54] - ==> Building model..
[2025/09/21 03:20:33] - Test Loss 	 Test Acc 	 PGD Loss 	 PGD Acc
[2025/09/21 03:20:33] - 1.2718 	 	 0.7583 	 1.4357 	 0.5717
[2025/09/21 03:22:06] - 93 	 58.2 	 	 0.1000 	 1.8952 	 0.5661
[2025/09/21 03:22:06] - ==> Building model..
[2025/09/21 03:22:44] - Test Loss 	 Test Acc 	 PGD Loss 	 PGD Acc
[2025/09/21 03:22:44] - 1.2704 	 	 0.7588 	 1.4349 	 0.5731
[2025/09/21 03:24:20] - 94 	 60.3 	 	 0.1000 	 1.8975 	 0.5668
[2025/09/21 03:24:20] - ==> Building model..
[2025/09/21 03:24:57] - Test Loss 	 Test Acc 	 PGD Loss 	 PGD Acc
[2025/09/21 03:24:57] - 1.2716 	 	 0.7579 	 1.4362 	 0.5720
[2025/09/21 03:26:30] - 95 	 58.0 	 	 0.1000 	 1.8946 	 0.5672
[2025/09/21 03:26:30] - ==> Building model..
[2025/09/21 03:27:08] - Test Loss 	 Test Acc 	 PGD Loss 	 PGD Acc
[2025/09/21 03:27:08] - 1.2696 	 	 0.7608 	 1.4350 	 0.5720
[2025/09/21 03:28:39] - 96 	 58.2 	 	 0.1000 	 1.8955 	 0.5674
[2025/09/21 03:28:39] - ==> Building model..
[2025/09/21 03:29:17] - Test Loss 	 Test Acc 	 PGD Loss 	 PGD Acc
[2025/09/21 03:29:17] - 1.2700 	 	 0.7600 	 1.4351 	 0.5728
[2025/09/21 03:30:48] - 97 	 55.1 	 	 0.1000 	 1.8941 	 0.5682
[2025/09/21 03:30:48] - ==> Building model..
[2025/09/21 03:31:24] - Test Loss 	 Test Acc 	 PGD Loss 	 PGD Acc
[2025/09/21 03:31:24] - 1.2683 	 	 0.7611 	 1.4337 	 0.5718
[2025/09/21 03:32:58] - 98 	 57.7 	 	 0.1000 	 1.8940 	 0.5684
[2025/09/21 03:32:58] - ==> Building model..
[2025/09/21 03:33:39] - Test Loss 	 Test Acc 	 PGD Loss 	 PGD Acc
[2025/09/21 03:33:39] - 1.2679 	 	 0.7612 	 1.4336 	 0.5732
[2025/09/21 03:35:12] - 99 	 57.4 	 	 0.1000 	 1.8944 	 0.5669
[2025/09/21 03:35:12] - ==> Building model..
[2025/09/21 03:35:50] - Test Loss 	 Test Acc 	 PGD Loss 	 PGD Acc
[2025/09/21 03:35:50] - 1.2667 	 	 0.7614 	 1.4322 	 0.5730
[2025/09/21 03:37:23] - 100 	 55.9 	 	 0.1000 	 1.8926 	 0.5702
[2025/09/21 03:37:23] - ==> Building model..
[2025/09/21 03:38:04] - Test Loss 	 Test Acc 	 PGD Loss 	 PGD Acc
[2025/09/21 03:38:04] - 1.2666 	 	 0.7606 	 1.4329 	 0.5741
[2025/09/21 03:39:39] - 101 	 60.0 	 	 0.1000 	 1.8947 	 0.5689
[2025/09/21 03:39:39] - ==> Building model..
[2025/09/21 03:40:18] - Test Loss 	 Test Acc 	 PGD Loss 	 PGD Acc
[2025/09/21 03:40:18] - 1.2672 	 	 0.7608 	 1.4329 	 0.5727
[2025/09/21 03:41:50] - 102 	 57.6 	 	 0.1000 	 1.8937 	 0.5686
[2025/09/21 03:41:50] - ==> Building model..
[2025/09/21 03:42:31] - Test Loss 	 Test Acc 	 PGD Loss 	 PGD Acc
[2025/09/21 03:42:31] - 1.2678 	 	 0.7593 	 1.4339 	 0.5721
[2025/09/21 03:44:03] - 103 	 56.7 	 	 0.1000 	 1.8945 	 0.5668
[2025/09/21 03:44:03] - ==> Building model..
[2025/09/21 03:44:43] - Test Loss 	 Test Acc 	 PGD Loss 	 PGD Acc
[2025/09/21 03:44:43] - 1.2675 	 	 0.7600 	 1.4340 	 0.5721
[2025/09/21 03:46:17] - 104 	 59.2 	 	 0.1000 	 1.8938 	 0.5693
[2025/09/21 03:46:17] - ==> Building model..
[2025/09/21 03:46:56] - Test Loss 	 Test Acc 	 PGD Loss 	 PGD Acc
[2025/09/21 03:46:56] - 1.2678 	 	 0.7604 	 1.4343 	 0.5719
[2025/09/21 03:48:31] - 105 	 59.4 	 	 0.1000 	 1.8936 	 0.5705
[2025/09/21 03:48:31] - ==> Building model..
[2025/09/21 03:49:07] - Test Loss 	 Test Acc 	 PGD Loss 	 PGD Acc
[2025/09/21 03:49:07] - 1.2668 	 	 0.7603 	 1.4336 	 0.5731
[2025/09/21 03:50:41] - 106 	 58.2 	 	 0.1000 	 1.8938 	 0.5708
[2025/09/21 03:50:41] - ==> Building model..
[2025/09/21 03:51:21] - Test Loss 	 Test Acc 	 PGD Loss 	 PGD Acc
[2025/09/21 03:51:21] - 1.2658 	 	 0.7610 	 1.4327 	 0.5728
[2025/09/21 03:52:52] - 107 	 57.0 	 	 0.1000 	 1.8919 	 0.5706
[2025/09/21 03:52:52] - ==> Building model..
[2025/09/21 03:53:32] - Test Loss 	 Test Acc 	 PGD Loss 	 PGD Acc
[2025/09/21 03:53:32] - 1.2645 	 	 0.7606 	 1.4318 	 0.5732
[2025/09/21 03:55:04] - 108 	 55.8 	 	 0.1000 	 1.8924 	 0.5716
[2025/09/21 03:55:04] - ==> Building model..
[2025/09/21 03:55:46] - Test Loss 	 Test Acc 	 PGD Loss 	 PGD Acc
[2025/09/21 03:55:46] - 1.2641 	 	 0.7606 	 1.4313 	 0.5730
[2025/09/21 03:57:16] - 109 	 57.1 	 	 0.0100 	 1.8433 	 0.6166
[2025/09/21 03:57:16] - ==> Building model..
[2025/09/21 03:57:55] - Test Loss 	 Test Acc 	 PGD Loss 	 PGD Acc
[2025/09/21 03:57:55] - 1.2507 	 	 0.7661 	 1.4218 	 0.5733
[2025/09/21 03:59:29] - 110 	 57.6 	 	 0.0100 	 1.7884 	 0.6661
[2025/09/21 03:59:29] - ==> Building model..
[2025/09/21 04:00:07] - Test Loss 	 Test Acc 	 PGD Loss 	 PGD Acc
[2025/09/21 04:00:07] - 1.2307 	 	 0.7729 	 1.4073 	 0.5731
[2025/09/21 04:01:27] - 111 	 43.4 	 	 0.0100 	 1.7736 	 0.6774
[2025/09/21 04:01:27] - ==> Building model..
[2025/09/21 04:01:48] - Test Loss 	 Test Acc 	 PGD Loss 	 PGD Acc
[2025/09/21 04:01:48] - 1.2163 	 	 0.7791 	 1.3969 	 0.5755
[2025/09/21 04:02:53] - 112 	 29.4 	 	 0.0100 	 1.7641 	 0.6849
[2025/09/21 04:02:53] - ==> Building model..
[2025/09/21 04:03:19] - Test Loss 	 Test Acc 	 PGD Loss 	 PGD Acc
[2025/09/21 04:03:19] - 1.2042 	 	 0.7852 	 1.3886 	 0.5784
[2025/09/21 04:04:26] - 113 	 29.2 	 	 0.0100 	 1.7558 	 0.6945
[2025/09/21 04:04:26] - ==> Building model..
[2025/09/21 04:05:01] - Test Loss 	 Test Acc 	 PGD Loss 	 PGD Acc
[2025/09/21 04:05:01] - 1.1973 	 	 0.7882 	 1.3844 	 0.5792
[2025/09/21 04:06:31] - 114 	 53.7 	 	 0.0010 	 1.7415 	 0.7058
[2025/09/21 04:06:31] - ==> Building model..
[2025/09/21 04:07:10] - Test Loss 	 Test Acc 	 PGD Loss 	 PGD Acc
[2025/09/21 04:07:10] - 1.1906 	 	 0.7914 	 1.3800 	 0.5808
[2025/09/21 04:08:41] - 115 	 53.5 	 	 0.0010 	 1.7282 	 0.7174
[2025/09/21 04:08:41] - ==> Building model..
[2025/09/21 04:09:19] - Test Loss 	 Test Acc 	 PGD Loss 	 PGD Acc
[2025/09/21 04:09:19] - 1.1839 	 	 0.7948 	 1.3755 	 0.5824
[2025/09/21 04:10:46] - 116 	 50.8 	 	 0.0010 	 1.7247 	 0.7171
[2025/09/21 04:10:46] - ==> Building model..
[2025/09/21 04:11:25] - Test Loss 	 Test Acc 	 PGD Loss 	 PGD Acc
[2025/09/21 04:11:25] - 1.1761 	 	 0.7984 	 1.3699 	 0.5832
[2025/09/21 04:12:55] - 117 	 53.1 	 	 0.0010 	 1.7209 	 0.7216
[2025/09/21 04:12:55] - ==> Building model..
[2025/09/21 04:13:34] - Test Loss 	 Test Acc 	 PGD Loss 	 PGD Acc
[2025/09/21 04:13:34] - 1.1690 	 	 0.8004 	 1.3651 	 0.5831
[2025/09/21 04:15:02] - 118 	 53.5 	 	 0.0010 	 1.7189 	 0.7232
[2025/09/21 04:15:02] - ==> Building model..
[2025/09/21 04:15:42] - Test Loss 	 Test Acc 	 PGD Loss 	 PGD Acc
[2025/09/21 04:15:42] - 1.1611 	 	 0.8018 	 1.3594 	 0.5840
[2025/09/21 04:17:08] - 119 	 50.6 	 	 0.0010 	 1.7165 	 0.7254
[2025/09/21 04:17:08] - ==> Building model..
[2025/09/21 04:17:46] - Test Loss 	 Test Acc 	 PGD Loss 	 PGD Acc
[2025/09/21 04:17:46] - 1.1539 	 	 0.8040 	 1.3545 	 0.5839
[2025/09/21 04:17:46] - [0.3933, 0.458, 0.5072, 0.5534, 0.5871, 0.6096, 0.6291, 0.6367, 0.6488, 0.6539, 0.6595, 0.6718, 0.6858, 0.6951, 0.7059, 0.7157, 0.7225, 0.7286, 0.7333, 0.734, 0.7379, 0.7391, 0.7401, 0.7418, 0.7441, 0.7444, 0.7448, 0.7473, 0.7507, 0.7516, 0.7542, 0.7564, 0.7588, 0.7605, 0.762, 0.7641, 0.7645, 0.766, 0.7664, 0.7674, 0.7696, 0.7688, 0.7698, 0.7718, 0.7718, 0.7722, 0.7716, 0.771, 0.7706, 0.7704, 0.77, 0.7719, 0.7726, 0.7714, 0.7707, 0.7709, 0.7706, 0.7687, 0.7685, 0.7683, 0.7671, 0.7666, 0.7666, 0.7663, 0.7655, 0.7642, 0.764, 0.7634, 0.7624, 0.7622, 0.7634, 0.7614, 0.761, 0.7611, 0.7607, 0.7604, 0.7584, 0.757, 0.7567, 0.7578, 0.7583, 0.7581, 0.7596, 0.7609, 0.7612, 0.761, 0.7599, 0.7603, 0.7597, 0.7582, 0.7588, 0.7608, 0.7583, 0.7588, 0.7579, 0.7608, 0.76, 0.7611, 0.7612, 0.7614, 0.7606, 0.7608, 0.7593, 0.76, 0.7604, 0.7603, 0.761, 0.7606, 0.7606, 0.7661, 0.7729, 0.7791, 0.7852, 0.7882, 0.7914, 0.7948, 0.7984, 0.8004, 0.8018, 0.804]
[2025/09/21 04:17:46] - [0.2767, 0.3166, 0.3395, 0.3673, 0.3916, 0.4115, 0.4274, 0.44, 0.4491, 0.4566, 0.4659, 0.477, 0.4864, 0.4939, 0.4985, 0.4998, 0.5037, 0.5093, 0.5132, 0.5159, 0.5187, 0.5214, 0.5244, 0.5241, 0.5256, 0.5283, 0.53, 0.5325, 0.5347, 0.5366, 0.5375, 0.5397, 0.5407, 0.5421, 0.5437, 0.5437, 0.5429, 0.5448, 0.5465, 0.5482, 0.5489, 0.5491, 0.5487, 0.5516, 0.5511, 0.5527, 0.5526, 0.5542, 0.553, 0.5524, 0.5535, 0.5532, 0.5534, 0.5546, 0.5571, 0.5572, 0.5585, 0.5577, 0.5571, 0.5575, 0.5576, 0.5579, 0.558, 0.5578, 0.5576, 0.56, 0.5597, 0.5609, 0.5631, 0.561, 0.5619, 0.5649, 0.5651, 0.5654, 0.5653, 0.5659, 0.5652, 0.565, 0.5666, 0.5655, 0.5669, 0.5675, 0.5693, 0.569, 0.5687, 0.5677, 0.5687, 0.5693, 0.5694, 0.571, 0.5705, 0.5719, 0.5717, 0.5731, 0.572, 0.572, 0.5728, 0.5718, 0.5732, 0.573, 0.5741, 0.5727, 0.5721, 0.5721, 0.5719, 0.5731, 0.5728, 0.5732, 0.573, 0.5733, 0.5731, 0.5755, 0.5784, 0.5792, 0.5808, 0.5824, 0.5832, 0.5831, 0.584, 0.5839]
