[2025/10/12 06:24:59] - Namespace(batch_size=128, data_dir='cifar-data', epochs=100, lr_schedule='multistep', lr_min=0.0, lr_max=0.2, weight_decay=0.0005, momentum=0.9, model='ResNet18', epsilon=8, alpha=8, delta_init='random', normal_mean=0, normal_std=1, out_dir='./output/CIFAR100/lamda_35_lamscale_0.05_run1', seed=0, lamda=35.0, lam_scale=0.05, lam_start=50, gamma=0.05, inner_gamma=0.05, beta=0.2, mu=3.5, batch_m=0.75, early_stop=False, factor=0.5, length=4, n_holes=1, c_num=0.125, EMA_value=0.55)
[2025/10/12 06:25:01] - ==> Building model..
[2025/10/12 06:25:01] - Epoch 	 Seconds 	 LR 	 	 Train Loss 	 Train Acc
[2025/10/12 06:25:45] - 0 	 19.2 	 	 0.2000 	 4.5655 	 0.0395
[2025/10/12 06:25:45] - ==> Building model..
[2025/10/12 06:26:02] - Test Loss 	 Test Acc 	 PGD Loss 	 PGD Acc
[2025/10/12 06:26:02] - 4.2307 	 	 0.0867 	 4.2432 	 0.0565
[2025/10/12 06:26:49] - 1 	 20.4 	 	 0.2000 	 4.4583 	 0.0790
[2025/10/12 06:26:49] - ==> Building model..
[2025/10/12 06:27:06] - Test Loss 	 Test Acc 	 PGD Loss 	 PGD Acc
[2025/10/12 06:27:06] - 4.0251 	 	 0.1440 	 4.0544 	 0.0953
[2025/10/12 06:27:53] - 2 	 20.2 	 	 0.2000 	 4.4067 	 0.1037
[2025/10/12 06:27:53] - ==> Building model..
[2025/10/12 06:28:10] - Test Loss 	 Test Acc 	 PGD Loss 	 PGD Acc
[2025/10/12 06:28:10] - 3.8931 	 	 0.1848 	 3.9392 	 0.1155
[2025/10/12 06:28:59] - 3 	 20.7 	 	 0.2000 	 4.3587 	 0.1264
[2025/10/12 06:28:59] - ==> Building model..
[2025/10/12 06:29:16] - Test Loss 	 Test Acc 	 PGD Loss 	 PGD Acc
[2025/10/12 06:29:16] - 3.6953 	 	 0.2388 	 3.7680 	 0.1415
[2025/10/12 06:30:01] - 4 	 18.8 	 	 0.2000 	 4.3153 	 0.1494
[2025/10/12 06:30:01] - ==> Building model..
[2025/10/12 06:30:17] - Test Loss 	 Test Acc 	 PGD Loss 	 PGD Acc
[2025/10/12 06:30:17] - 3.5812 	 	 0.2746 	 3.6764 	 0.1630
[2025/10/12 06:31:04] - 5 	 19.8 	 	 0.2000 	 4.2774 	 0.1684
[2025/10/12 06:31:04] - ==> Building model..
[2025/10/12 06:31:22] - Test Loss 	 Test Acc 	 PGD Loss 	 PGD Acc
[2025/10/12 06:31:22] - 3.4272 	 	 0.3064 	 3.5452 	 0.1761
[2025/10/12 06:32:11] - 6 	 20.9 	 	 0.2000 	 4.2457 	 0.1868
[2025/10/12 06:32:11] - ==> Building model..
[2025/10/12 06:32:28] - Test Loss 	 Test Acc 	 PGD Loss 	 PGD Acc
[2025/10/12 06:32:28] - 3.2139 	 	 0.3456 	 3.3647 	 0.1924
[2025/10/12 06:33:16] - 7 	 20.7 	 	 0.2000 	 4.2235 	 0.1985
[2025/10/12 06:33:16] - ==> Building model..
[2025/10/12 06:33:33] - Test Loss 	 Test Acc 	 PGD Loss 	 PGD Acc
[2025/10/12 06:33:33] - 3.0741 	 	 0.3828 	 3.2535 	 0.2060
[2025/10/12 06:34:21] - 8 	 20.9 	 	 0.2000 	 4.2042 	 0.2080
[2025/10/12 06:34:21] - ==> Building model..
[2025/10/12 06:34:39] - Test Loss 	 Test Acc 	 PGD Loss 	 PGD Acc
[2025/10/12 06:34:39] - 2.9668 	 	 0.4015 	 3.1687 	 0.2209
[2025/10/12 06:35:25] - 9 	 20.1 	 	 0.2000 	 4.1884 	 0.2171
[2025/10/12 06:35:25] - ==> Building model..
[2025/10/12 06:35:43] - Test Loss 	 Test Acc 	 PGD Loss 	 PGD Acc
[2025/10/12 06:35:43] - 2.9096 	 	 0.4163 	 3.1234 	 0.2273
[2025/10/12 06:36:31] - 10 	 20.7 	 	 0.2000 	 4.1756 	 0.2248
[2025/10/12 06:36:31] - ==> Building model..
[2025/10/12 06:36:48] - Test Loss 	 Test Acc 	 PGD Loss 	 PGD Acc
[2025/10/12 06:36:48] - 2.8587 	 	 0.4263 	 3.0839 	 0.2322
[2025/10/12 06:37:35] - 11 	 19.7 	 	 0.2000 	 4.1680 	 0.2294
[2025/10/12 06:37:35] - ==> Building model..
[2025/10/12 06:37:52] - Test Loss 	 Test Acc 	 PGD Loss 	 PGD Acc
[2025/10/12 06:37:52] - 2.8202 	 	 0.4348 	 3.0542 	 0.2376
[2025/10/12 06:38:42] - 12 	 21.0 	 	 0.2000 	 4.1579 	 0.2345
[2025/10/12 06:38:42] - ==> Building model..
[2025/10/12 06:38:59] - Test Loss 	 Test Acc 	 PGD Loss 	 PGD Acc
[2025/10/12 06:38:59] - 2.7820 	 	 0.4493 	 3.0266 	 0.2398
[2025/10/12 06:39:46] - 13 	 19.8 	 	 0.2000 	 4.1542 	 0.2360
[2025/10/12 06:39:46] - ==> Building model..
[2025/10/12 06:40:04] - Test Loss 	 Test Acc 	 PGD Loss 	 PGD Acc
[2025/10/12 06:40:04] - 2.7554 	 	 0.4544 	 3.0048 	 0.2418
[2025/10/12 06:40:50] - 14 	 19.7 	 	 0.2000 	 4.1478 	 0.2402
[2025/10/12 06:40:50] - ==> Building model..
[2025/10/12 06:41:06] - Test Loss 	 Test Acc 	 PGD Loss 	 PGD Acc
[2025/10/12 06:41:06] - 2.7353 	 	 0.4577 	 2.9908 	 0.2483
[2025/10/12 06:41:53] - 15 	 19.2 	 	 0.2000 	 4.1392 	 0.2466
[2025/10/12 06:41:53] - ==> Building model..
[2025/10/12 06:42:10] - Test Loss 	 Test Acc 	 PGD Loss 	 PGD Acc
[2025/10/12 06:42:10] - 2.7090 	 	 0.4649 	 2.9718 	 0.2505
[2025/10/12 06:42:57] - 16 	 19.6 	 	 0.2000 	 4.1354 	 0.2470
[2025/10/12 06:42:57] - ==> Building model..
[2025/10/12 06:43:14] - Test Loss 	 Test Acc 	 PGD Loss 	 PGD Acc
[2025/10/12 06:43:14] - 2.6921 	 	 0.4716 	 2.9591 	 0.2527
[2025/10/12 06:44:02] - 17 	 20.6 	 	 0.2000 	 4.1336 	 0.2491
[2025/10/12 06:44:02] - ==> Building model..
[2025/10/12 06:44:18] - Test Loss 	 Test Acc 	 PGD Loss 	 PGD Acc
[2025/10/12 06:44:18] - 2.6771 	 	 0.4728 	 2.9476 	 0.2553
[2025/10/12 06:45:02] - 18 	 18.8 	 	 0.2000 	 4.1283 	 0.2515
[2025/10/12 06:45:02] - ==> Building model..
[2025/10/12 06:45:18] - Test Loss 	 Test Acc 	 PGD Loss 	 PGD Acc
[2025/10/12 06:45:18] - 2.6661 	 	 0.4747 	 2.9395 	 0.2581
[2025/10/12 06:46:04] - 19 	 19.0 	 	 0.2000 	 4.1246 	 0.2541
[2025/10/12 06:46:04] - ==> Building model..
[2025/10/12 06:46:20] - Test Loss 	 Test Acc 	 PGD Loss 	 PGD Acc
[2025/10/12 06:46:20] - 2.6616 	 	 0.4770 	 2.9375 	 0.2576
[2025/10/12 06:47:04] - 20 	 18.8 	 	 0.2000 	 4.1228 	 0.2567
[2025/10/12 06:47:04] - ==> Building model..
[2025/10/12 06:47:21] - Test Loss 	 Test Acc 	 PGD Loss 	 PGD Acc
[2025/10/12 06:47:21] - 2.6514 	 	 0.4781 	 2.9290 	 0.2582
[2025/10/12 06:48:07] - 21 	 19.2 	 	 0.2000 	 4.1181 	 0.2572
[2025/10/12 06:48:07] - ==> Building model..
[2025/10/12 06:48:23] - Test Loss 	 Test Acc 	 PGD Loss 	 PGD Acc
[2025/10/12 06:48:23] - 2.6373 	 	 0.4811 	 2.9186 	 0.2617
[2025/10/12 06:49:11] - 22 	 20.5 	 	 0.2000 	 4.1180 	 0.2573
[2025/10/12 06:49:11] - ==> Building model..
[2025/10/12 06:49:28] - Test Loss 	 Test Acc 	 PGD Loss 	 PGD Acc
[2025/10/12 06:49:28] - 2.6248 	 	 0.4863 	 2.9084 	 0.2621
[2025/10/12 06:50:15] - 23 	 19.8 	 	 0.2000 	 4.1163 	 0.2578
[2025/10/12 06:50:15] - ==> Building model..
[2025/10/12 06:50:32] - Test Loss 	 Test Acc 	 PGD Loss 	 PGD Acc
[2025/10/12 06:50:32] - 2.6174 	 	 0.4876 	 2.9026 	 0.2626
[2025/10/12 06:51:16] - 24 	 18.7 	 	 0.2000 	 4.1123 	 0.2598
[2025/10/12 06:51:16] - ==> Building model..
[2025/10/12 06:51:32] - Test Loss 	 Test Acc 	 PGD Loss 	 PGD Acc
[2025/10/12 06:51:32] - 2.6115 	 	 0.4903 	 2.8994 	 0.2648
[2025/10/12 06:52:18] - 25 	 19.6 	 	 0.2000 	 4.1107 	 0.2638
[2025/10/12 06:52:18] - ==> Building model..
[2025/10/12 06:52:35] - Test Loss 	 Test Acc 	 PGD Loss 	 PGD Acc
[2025/10/12 06:52:35] - 2.6040 	 	 0.4925 	 2.8935 	 0.2658
[2025/10/12 06:53:20] - 26 	 19.6 	 	 0.2000 	 4.1072 	 0.2632
[2025/10/12 06:53:20] - ==> Building model..
[2025/10/12 06:53:37] - Test Loss 	 Test Acc 	 PGD Loss 	 PGD Acc
[2025/10/12 06:53:37] - 2.5953 	 	 0.4946 	 2.8865 	 0.2659
[2025/10/12 06:54:22] - 27 	 19.2 	 	 0.2000 	 4.1061 	 0.2653
[2025/10/12 06:54:22] - ==> Building model..
[2025/10/12 06:54:38] - Test Loss 	 Test Acc 	 PGD Loss 	 PGD Acc
[2025/10/12 06:54:38] - 2.5891 	 	 0.4948 	 2.8824 	 0.2673
[2025/10/12 06:55:23] - 28 	 19.0 	 	 0.2000 	 4.1048 	 0.2663
[2025/10/12 06:55:23] - ==> Building model..
[2025/10/12 06:55:40] - Test Loss 	 Test Acc 	 PGD Loss 	 PGD Acc
[2025/10/12 06:55:40] - 2.5852 	 	 0.4964 	 2.8796 	 0.2681
[2025/10/12 06:56:26] - 29 	 19.3 	 	 0.2000 	 4.1038 	 0.2678
[2025/10/12 06:56:26] - ==> Building model..
[2025/10/12 06:56:42] - Test Loss 	 Test Acc 	 PGD Loss 	 PGD Acc
[2025/10/12 06:56:42] - 2.5800 	 	 0.4965 	 2.8754 	 0.2673
[2025/10/12 06:57:27] - 30 	 19.2 	 	 0.2000 	 4.1051 	 0.2655
[2025/10/12 06:57:27] - ==> Building model..
[2025/10/12 06:57:44] - Test Loss 	 Test Acc 	 PGD Loss 	 PGD Acc
[2025/10/12 06:57:44] - 2.5756 	 	 0.4978 	 2.8713 	 0.2684
[2025/10/12 06:58:31] - 31 	 20.3 	 	 0.2000 	 4.1023 	 0.2672
[2025/10/12 06:58:31] - ==> Building model..
[2025/10/12 06:58:49] - Test Loss 	 Test Acc 	 PGD Loss 	 PGD Acc
[2025/10/12 06:58:49] - 2.5739 	 	 0.4977 	 2.8699 	 0.2703
[2025/10/12 06:59:33] - 32 	 18.9 	 	 0.2000 	 4.1010 	 0.2662
[2025/10/12 06:59:33] - ==> Building model..
[2025/10/12 06:59:49] - Test Loss 	 Test Acc 	 PGD Loss 	 PGD Acc
[2025/10/12 06:59:49] - 2.5759 	 	 0.4991 	 2.8726 	 0.2708
[2025/10/12 07:00:33] - 33 	 19.3 	 	 0.2000 	 4.1004 	 0.2678
[2025/10/12 07:00:33] - ==> Building model..
[2025/10/12 07:00:49] - Test Loss 	 Test Acc 	 PGD Loss 	 PGD Acc
[2025/10/12 07:00:49] - 2.5690 	 	 0.5014 	 2.8669 	 0.2712
[2025/10/12 07:01:35] - 34 	 19.4 	 	 0.2000 	 4.0999 	 0.2690
[2025/10/12 07:01:35] - ==> Building model..
[2025/10/12 07:01:51] - Test Loss 	 Test Acc 	 PGD Loss 	 PGD Acc
[2025/10/12 07:01:51] - 2.5665 	 	 0.5012 	 2.8650 	 0.2718
[2025/10/12 07:02:37] - 35 	 19.3 	 	 0.2000 	 4.0960 	 0.2719
[2025/10/12 07:02:37] - ==> Building model..
[2025/10/12 07:02:53] - Test Loss 	 Test Acc 	 PGD Loss 	 PGD Acc
[2025/10/12 07:02:53] - 2.5618 	 	 0.5034 	 2.8618 	 0.2718
[2025/10/12 07:03:39] - 36 	 19.1 	 	 0.2000 	 4.0957 	 0.2703
[2025/10/12 07:03:39] - ==> Building model..
[2025/10/12 07:03:56] - Test Loss 	 Test Acc 	 PGD Loss 	 PGD Acc
[2025/10/12 07:03:56] - 2.5582 	 	 0.5050 	 2.8593 	 0.2727
[2025/10/12 07:04:41] - 37 	 19.8 	 	 0.2000 	 4.0959 	 0.2706
[2025/10/12 07:04:41] - ==> Building model..
[2025/10/12 07:04:58] - Test Loss 	 Test Acc 	 PGD Loss 	 PGD Acc
[2025/10/12 07:04:58] - 2.5573 	 	 0.5053 	 2.8585 	 0.2721
[2025/10/12 07:05:44] - 38 	 19.7 	 	 0.2000 	 4.0935 	 0.2735
[2025/10/12 07:05:44] - ==> Building model..
[2025/10/12 07:06:00] - Test Loss 	 Test Acc 	 PGD Loss 	 PGD Acc
[2025/10/12 07:06:00] - 2.5543 	 	 0.5075 	 2.8567 	 0.2736
[2025/10/12 07:06:45] - 39 	 18.9 	 	 0.2000 	 4.0939 	 0.2704
[2025/10/12 07:06:45] - ==> Building model..
[2025/10/12 07:07:01] - Test Loss 	 Test Acc 	 PGD Loss 	 PGD Acc
[2025/10/12 07:07:01] - 2.5506 	 	 0.5081 	 2.8537 	 0.2742
[2025/10/12 07:07:46] - 40 	 18.6 	 	 0.2000 	 4.0927 	 0.2730
[2025/10/12 07:07:46] - ==> Building model..
[2025/10/12 07:08:03] - Test Loss 	 Test Acc 	 PGD Loss 	 PGD Acc
[2025/10/12 07:08:03] - 2.5497 	 	 0.5092 	 2.8533 	 0.2753
[2025/10/12 07:08:47] - 41 	 19.4 	 	 0.2000 	 4.0943 	 0.2725
[2025/10/12 07:08:47] - ==> Building model..
[2025/10/12 07:09:04] - Test Loss 	 Test Acc 	 PGD Loss 	 PGD Acc
[2025/10/12 07:09:04] - 2.5479 	 	 0.5104 	 2.8526 	 0.2741
[2025/10/12 07:09:49] - 42 	 19.6 	 	 0.2000 	 4.0931 	 0.2730
[2025/10/12 07:09:49] - ==> Building model..
[2025/10/12 07:10:05] - Test Loss 	 Test Acc 	 PGD Loss 	 PGD Acc
[2025/10/12 07:10:05] - 2.5475 	 	 0.5116 	 2.8527 	 0.2765
[2025/10/12 07:10:51] - 43 	 19.4 	 	 0.2000 	 4.0922 	 0.2728
[2025/10/12 07:10:51] - ==> Building model..
[2025/10/12 07:11:07] - Test Loss 	 Test Acc 	 PGD Loss 	 PGD Acc
[2025/10/12 07:11:07] - 2.5476 	 	 0.5128 	 2.8529 	 0.2772
[2025/10/12 07:11:52] - 44 	 18.8 	 	 0.2000 	 4.0913 	 0.2731
[2025/10/12 07:11:52] - ==> Building model..
[2025/10/12 07:12:09] - Test Loss 	 Test Acc 	 PGD Loss 	 PGD Acc
[2025/10/12 07:12:09] - 2.5419 	 	 0.5152 	 2.8492 	 0.2792
[2025/10/12 07:12:54] - 45 	 19.0 	 	 0.2000 	 4.0905 	 0.2748
[2025/10/12 07:12:54] - ==> Building model..
[2025/10/12 07:13:10] - Test Loss 	 Test Acc 	 PGD Loss 	 PGD Acc
[2025/10/12 07:13:10] - 2.5396 	 	 0.5140 	 2.8470 	 0.2788
[2025/10/12 07:13:56] - 46 	 19.6 	 	 0.2000 	 4.0872 	 0.2769
[2025/10/12 07:13:56] - ==> Building model..
[2025/10/12 07:14:13] - Test Loss 	 Test Acc 	 PGD Loss 	 PGD Acc
[2025/10/12 07:14:13] - 2.5355 	 	 0.5161 	 2.8444 	 0.2784
[2025/10/12 07:14:58] - 47 	 19.7 	 	 0.2000 	 4.0898 	 0.2751
[2025/10/12 07:14:58] - ==> Building model..
[2025/10/12 07:15:15] - Test Loss 	 Test Acc 	 PGD Loss 	 PGD Acc
[2025/10/12 07:15:15] - 2.5337 	 	 0.5162 	 2.8427 	 0.2793
[2025/10/12 07:16:00] - 48 	 19.4 	 	 0.2000 	 4.0863 	 0.2775
[2025/10/12 07:16:00] - ==> Building model..
[2025/10/12 07:16:16] - Test Loss 	 Test Acc 	 PGD Loss 	 PGD Acc
[2025/10/12 07:16:16] - 2.5311 	 	 0.5172 	 2.8412 	 0.2800
[2025/10/12 07:17:01] - 49 	 19.4 	 	 0.2000 	 4.0854 	 0.2778
[2025/10/12 07:17:01] - ==> Building model..
[2025/10/12 07:17:18] - Test Loss 	 Test Acc 	 PGD Loss 	 PGD Acc
[2025/10/12 07:17:18] - 2.5298 	 	 0.5184 	 2.8403 	 0.2808
[2025/10/12 07:18:03] - 50 	 18.7 	 	 0.2000 	 4.0862 	 0.2781
[2025/10/12 07:18:03] - ==> Building model..
[2025/10/12 07:18:19] - Test Loss 	 Test Acc 	 PGD Loss 	 PGD Acc
[2025/10/12 07:18:19] - 2.5269 	 	 0.5187 	 2.8383 	 0.2811
[2025/10/12 07:19:05] - 51 	 19.8 	 	 0.2000 	 4.0871 	 0.2746
[2025/10/12 07:19:05] - ==> Building model..
[2025/10/12 07:19:23] - Test Loss 	 Test Acc 	 PGD Loss 	 PGD Acc
[2025/10/12 07:19:23] - 2.5276 	 	 0.5187 	 2.8385 	 0.2817
[2025/10/12 07:20:08] - 52 	 19.6 	 	 0.2000 	 4.0866 	 0.2773
[2025/10/12 07:20:08] - ==> Building model..
[2025/10/12 07:20:24] - Test Loss 	 Test Acc 	 PGD Loss 	 PGD Acc
[2025/10/12 07:20:24] - 2.5253 	 	 0.5192 	 2.8366 	 0.2804
[2025/10/12 07:21:09] - 53 	 19.3 	 	 0.2000 	 4.0857 	 0.2771
[2025/10/12 07:21:09] - ==> Building model..
[2025/10/12 07:21:26] - Test Loss 	 Test Acc 	 PGD Loss 	 PGD Acc
[2025/10/12 07:21:26] - 2.5253 	 	 0.5196 	 2.8356 	 0.2798
[2025/10/12 07:22:13] - 54 	 20.0 	 	 0.2000 	 4.0873 	 0.2769
[2025/10/12 07:22:13] - ==> Building model..
[2025/10/12 07:22:29] - Test Loss 	 Test Acc 	 PGD Loss 	 PGD Acc
[2025/10/12 07:22:29] - 2.5248 	 	 0.5194 	 2.8349 	 0.2796
[2025/10/12 07:23:13] - 55 	 18.5 	 	 0.2000 	 4.0866 	 0.2781
[2025/10/12 07:23:13] - ==> Building model..
[2025/10/12 07:23:29] - Test Loss 	 Test Acc 	 PGD Loss 	 PGD Acc
[2025/10/12 07:23:29] - 2.5244 	 	 0.5196 	 2.8349 	 0.2795
[2025/10/12 07:24:14] - 56 	 18.9 	 	 0.2000 	 4.0874 	 0.2740
[2025/10/12 07:24:14] - ==> Building model..
[2025/10/12 07:24:31] - Test Loss 	 Test Acc 	 PGD Loss 	 PGD Acc
[2025/10/12 07:24:31] - 2.5235 	 	 0.5210 	 2.8338 	 0.2808
[2025/10/12 07:25:16] - 57 	 19.3 	 	 0.2000 	 4.0870 	 0.2776
[2025/10/12 07:25:16] - ==> Building model..
[2025/10/12 07:25:32] - Test Loss 	 Test Acc 	 PGD Loss 	 PGD Acc
[2025/10/12 07:25:32] - 2.5234 	 	 0.5212 	 2.8341 	 0.2809
[2025/10/12 07:26:17] - 58 	 19.1 	 	 0.2000 	 4.0860 	 0.2785
[2025/10/12 07:26:17] - ==> Building model..
[2025/10/12 07:26:34] - Test Loss 	 Test Acc 	 PGD Loss 	 PGD Acc
[2025/10/12 07:26:34] - 2.5225 	 	 0.5214 	 2.8334 	 0.2815
[2025/10/12 07:27:18] - 59 	 18.5 	 	 0.2000 	 4.0885 	 0.2775
[2025/10/12 07:27:18] - ==> Building model..
[2025/10/12 07:27:34] - Test Loss 	 Test Acc 	 PGD Loss 	 PGD Acc
[2025/10/12 07:27:34] - 2.5238 	 	 0.5227 	 2.8346 	 0.2825
[2025/10/12 07:28:19] - 60 	 19.0 	 	 0.2000 	 4.0862 	 0.2804
[2025/10/12 07:28:19] - ==> Building model..
[2025/10/12 07:28:36] - Test Loss 	 Test Acc 	 PGD Loss 	 PGD Acc
[2025/10/12 07:28:36] - 2.5269 	 	 0.5222 	 2.8376 	 0.2817
[2025/10/12 07:29:22] - 61 	 19.3 	 	 0.2000 	 4.0880 	 0.2763
[2025/10/12 07:29:22] - ==> Building model..
[2025/10/12 07:29:38] - Test Loss 	 Test Acc 	 PGD Loss 	 PGD Acc
[2025/10/12 07:29:38] - 2.5291 	 	 0.5221 	 2.8386 	 0.2811
[2025/10/12 07:30:23] - 62 	 19.0 	 	 0.2000 	 4.0874 	 0.2781
[2025/10/12 07:30:23] - ==> Building model..
[2025/10/12 07:30:40] - Test Loss 	 Test Acc 	 PGD Loss 	 PGD Acc
[2025/10/12 07:30:40] - 2.5311 	 	 0.5214 	 2.8396 	 0.2815
[2025/10/12 07:31:23] - 63 	 18.5 	 	 0.2000 	 4.0900 	 0.2762
[2025/10/12 07:31:23] - ==> Building model..
[2025/10/12 07:31:40] - Test Loss 	 Test Acc 	 PGD Loss 	 PGD Acc
[2025/10/12 07:31:40] - 2.5331 	 	 0.5208 	 2.8410 	 0.2825
[2025/10/12 07:32:25] - 64 	 18.6 	 	 0.2000 	 4.0863 	 0.2808
[2025/10/12 07:32:25] - ==> Building model..
[2025/10/12 07:32:42] - Test Loss 	 Test Acc 	 PGD Loss 	 PGD Acc
[2025/10/12 07:32:42] - 2.5349 	 	 0.5210 	 2.8418 	 0.2818
[2025/10/12 07:33:28] - 65 	 19.9 	 	 0.2000 	 4.0878 	 0.2774
[2025/10/12 07:33:28] - ==> Building model..
[2025/10/12 07:33:44] - Test Loss 	 Test Acc 	 PGD Loss 	 PGD Acc
[2025/10/12 07:33:44] - 2.5394 	 	 0.5203 	 2.8449 	 0.2815
[2025/10/12 07:34:30] - 66 	 19.0 	 	 0.2000 	 4.0865 	 0.2787
[2025/10/12 07:34:30] - ==> Building model..
[2025/10/12 07:34:46] - Test Loss 	 Test Acc 	 PGD Loss 	 PGD Acc
[2025/10/12 07:34:46] - 2.5411 	 	 0.5216 	 2.8469 	 0.2826
[2025/10/12 07:35:31] - 67 	 18.9 	 	 0.2000 	 4.0882 	 0.2781
[2025/10/12 07:35:31] - ==> Building model..
[2025/10/12 07:35:47] - Test Loss 	 Test Acc 	 PGD Loss 	 PGD Acc
[2025/10/12 07:35:47] - 2.5454 	 	 0.5214 	 2.8500 	 0.2822
[2025/10/12 07:36:31] - 68 	 19.1 	 	 0.2000 	 4.0879 	 0.2792
[2025/10/12 07:36:31] - ==> Building model..
[2025/10/12 07:36:48] - Test Loss 	 Test Acc 	 PGD Loss 	 PGD Acc
[2025/10/12 07:36:48] - 2.5475 	 	 0.5214 	 2.8511 	 0.2824
[2025/10/12 07:37:33] - 69 	 19.9 	 	 0.2000 	 4.0896 	 0.2803
[2025/10/12 07:37:33] - ==> Building model..
[2025/10/12 07:37:50] - Test Loss 	 Test Acc 	 PGD Loss 	 PGD Acc
[2025/10/12 07:37:50] - 2.5509 	 	 0.5211 	 2.8533 	 0.2821
[2025/10/12 07:38:36] - 70 	 19.8 	 	 0.2000 	 4.0905 	 0.2778
[2025/10/12 07:38:36] - ==> Building model..
[2025/10/12 07:38:53] - Test Loss 	 Test Acc 	 PGD Loss 	 PGD Acc
[2025/10/12 07:38:53] - 2.5548 	 	 0.5216 	 2.8563 	 0.2810
[2025/10/12 07:39:38] - 71 	 18.6 	 	 0.2000 	 4.0892 	 0.2792
[2025/10/12 07:39:38] - ==> Building model..
[2025/10/12 07:39:54] - Test Loss 	 Test Acc 	 PGD Loss 	 PGD Acc
[2025/10/12 07:39:54] - 2.5578 	 	 0.5216 	 2.8584 	 0.2810
[2025/10/12 07:40:39] - 72 	 18.8 	 	 0.2000 	 4.0897 	 0.2755
[2025/10/12 07:40:39] - ==> Building model..
[2025/10/12 07:40:56] - Test Loss 	 Test Acc 	 PGD Loss 	 PGD Acc
[2025/10/12 07:40:56] - 2.5598 	 	 0.5217 	 2.8601 	 0.2815
[2025/10/12 07:41:42] - 73 	 19.1 	 	 0.2000 	 4.0881 	 0.2782
[2025/10/12 07:41:42] - ==> Building model..
[2025/10/12 07:41:58] - Test Loss 	 Test Acc 	 PGD Loss 	 PGD Acc
[2025/10/12 07:41:58] - 2.5630 	 	 0.5217 	 2.8625 	 0.2813
[2025/10/12 07:42:43] - 74 	 18.9 	 	 0.2000 	 4.0897 	 0.2792
[2025/10/12 07:42:43] - ==> Building model..
[2025/10/12 07:43:00] - Test Loss 	 Test Acc 	 PGD Loss 	 PGD Acc
[2025/10/12 07:43:00] - 2.5642 	 	 0.5218 	 2.8632 	 0.2815
[2025/10/12 07:43:45] - 75 	 19.3 	 	 0.2000 	 4.0900 	 0.2805
[2025/10/12 07:43:45] - ==> Building model..
[2025/10/12 07:44:01] - Test Loss 	 Test Acc 	 PGD Loss 	 PGD Acc
[2025/10/12 07:44:01] - 2.5660 	 	 0.5215 	 2.8650 	 0.2807
[2025/10/12 07:44:46] - 76 	 18.8 	 	 0.2000 	 4.0894 	 0.2811
[2025/10/12 07:44:46] - ==> Building model..
[2025/10/12 07:45:02] - Test Loss 	 Test Acc 	 PGD Loss 	 PGD Acc
[2025/10/12 07:45:02] - 2.5674 	 	 0.5219 	 2.8660 	 0.2810
[2025/10/12 07:45:48] - 77 	 19.0 	 	 0.2000 	 4.0884 	 0.2793
[2025/10/12 07:45:48] - ==> Building model..
[2025/10/12 07:46:04] - Test Loss 	 Test Acc 	 PGD Loss 	 PGD Acc
[2025/10/12 07:46:04] - 2.5691 	 	 0.5209 	 2.8671 	 0.2810
[2025/10/12 07:46:50] - 78 	 18.9 	 	 0.2000 	 4.0898 	 0.2784
[2025/10/12 07:46:50] - ==> Building model..
[2025/10/12 07:47:06] - Test Loss 	 Test Acc 	 PGD Loss 	 PGD Acc
[2025/10/12 07:47:06] - 2.5708 	 	 0.5208 	 2.8679 	 0.2809
[2025/10/12 07:47:50] - 79 	 19.1 	 	 0.2000 	 4.0891 	 0.2800
[2025/10/12 07:47:50] - ==> Building model..
[2025/10/12 07:48:07] - Test Loss 	 Test Acc 	 PGD Loss 	 PGD Acc
[2025/10/12 07:48:07] - 2.5729 	 	 0.5215 	 2.8700 	 0.2815
[2025/10/12 07:48:53] - 80 	 20.4 	 	 0.2000 	 4.0885 	 0.2796
[2025/10/12 07:48:53] - ==> Building model..
[2025/10/12 07:49:11] - Test Loss 	 Test Acc 	 PGD Loss 	 PGD Acc
[2025/10/12 07:49:11] - 2.5738 	 	 0.5209 	 2.8710 	 0.2809
[2025/10/12 07:49:56] - 81 	 20.1 	 	 0.2000 	 4.0893 	 0.2781
[2025/10/12 07:49:56] - ==> Building model..
[2025/10/12 07:50:13] - Test Loss 	 Test Acc 	 PGD Loss 	 PGD Acc
[2025/10/12 07:50:13] - 2.5753 	 	 0.5208 	 2.8714 	 0.2809
[2025/10/12 07:50:59] - 82 	 19.5 	 	 0.2000 	 4.0893 	 0.2796
[2025/10/12 07:50:59] - ==> Building model..
[2025/10/12 07:51:16] - Test Loss 	 Test Acc 	 PGD Loss 	 PGD Acc
[2025/10/12 07:51:16] - 2.5755 	 	 0.5215 	 2.8723 	 0.2820
[2025/10/12 07:52:02] - 83 	 20.0 	 	 0.2000 	 4.0874 	 0.2809
[2025/10/12 07:52:02] - ==> Building model..
[2025/10/12 07:52:19] - Test Loss 	 Test Acc 	 PGD Loss 	 PGD Acc
[2025/10/12 07:52:19] - 2.5764 	 	 0.5216 	 2.8728 	 0.2809
[2025/10/12 07:53:02] - 84 	 18.5 	 	 0.2000 	 4.0892 	 0.2789
[2025/10/12 07:53:02] - ==> Building model..
[2025/10/12 07:53:18] - Test Loss 	 Test Acc 	 PGD Loss 	 PGD Acc
[2025/10/12 07:53:18] - 2.5766 	 	 0.5213 	 2.8727 	 0.2823
[2025/10/12 07:54:03] - 85 	 18.7 	 	 0.2000 	 4.0895 	 0.2799
[2025/10/12 07:54:03] - ==> Building model..
[2025/10/12 07:54:20] - Test Loss 	 Test Acc 	 PGD Loss 	 PGD Acc
[2025/10/12 07:54:20] - 2.5776 	 	 0.5220 	 2.8736 	 0.2816
[2025/10/12 07:55:04] - 86 	 18.7 	 	 0.2000 	 4.0884 	 0.2820
[2025/10/12 07:55:04] - ==> Building model..
[2025/10/12 07:55:21] - Test Loss 	 Test Acc 	 PGD Loss 	 PGD Acc
[2025/10/12 07:55:21] - 2.5785 	 	 0.5214 	 2.8743 	 0.2823
[2025/10/12 07:56:04] - 87 	 18.4 	 	 0.2000 	 4.0872 	 0.2824
[2025/10/12 07:56:04] - ==> Building model..
[2025/10/12 07:56:20] - Test Loss 	 Test Acc 	 PGD Loss 	 PGD Acc
[2025/10/12 07:56:20] - 2.5799 	 	 0.5213 	 2.8749 	 0.2834
[2025/10/12 07:57:06] - 88 	 18.6 	 	 0.2000 	 4.0902 	 0.2785
[2025/10/12 07:57:06] - ==> Building model..
[2025/10/12 07:57:22] - Test Loss 	 Test Acc 	 PGD Loss 	 PGD Acc
[2025/10/12 07:57:22] - 2.5807 	 	 0.5218 	 2.8752 	 0.2839
[2025/10/12 07:58:06] - 89 	 18.7 	 	 0.2000 	 4.0877 	 0.2811
[2025/10/12 07:58:06] - ==> Building model..
[2025/10/12 07:58:22] - Test Loss 	 Test Acc 	 PGD Loss 	 PGD Acc
[2025/10/12 07:58:22] - 2.5818 	 	 0.5214 	 2.8758 	 0.2838
[2025/10/12 07:59:05] - 90 	 17.9 	 	 0.0200 	 3.9922 	 0.3414
[2025/10/12 07:59:05] - ==> Building model..
[2025/10/12 07:59:21] - Test Loss 	 Test Acc 	 PGD Loss 	 PGD Acc
[2025/10/12 07:59:21] - 2.5792 	 	 0.5215 	 2.8741 	 0.2835
[2025/10/12 08:00:06] - 91 	 17.8 	 	 0.0200 	 3.8988 	 0.4027
[2025/10/12 08:00:06] - ==> Building model..
[2025/10/12 08:00:22] - Test Loss 	 Test Acc 	 PGD Loss 	 PGD Acc
[2025/10/12 08:00:22] - 2.5780 	 	 0.5220 	 2.8731 	 0.2838
[2025/10/12 08:01:06] - 92 	 18.3 	 	 0.0200 	 3.8723 	 0.4201
[2025/10/12 08:01:06] - ==> Building model..
[2025/10/12 08:01:23] - Test Loss 	 Test Acc 	 PGD Loss 	 PGD Acc
[2025/10/12 08:01:23] - 2.5777 	 	 0.5223 	 2.8728 	 0.2836
[2025/10/12 08:02:06] - 93 	 17.6 	 	 0.0200 	 3.8558 	 0.4323
[2025/10/12 08:02:06] - ==> Building model..
[2025/10/12 08:02:22] - Test Loss 	 Test Acc 	 PGD Loss 	 PGD Acc
[2025/10/12 08:02:22] - 2.5788 	 	 0.5225 	 2.8742 	 0.2835
[2025/10/12 08:03:06] - 94 	 17.7 	 	 0.0200 	 3.8399 	 0.4422
[2025/10/12 08:03:06] - ==> Building model..
[2025/10/12 08:03:23] - Test Loss 	 Test Acc 	 PGD Loss 	 PGD Acc
[2025/10/12 08:03:23] - 2.5794 	 	 0.5225 	 2.8744 	 0.2844
[2025/10/12 08:04:06] - 95 	 18.3 	 	 0.0200 	 3.8277 	 0.4530
[2025/10/12 08:04:06] - ==> Building model..
[2025/10/12 08:04:23] - Test Loss 	 Test Acc 	 PGD Loss 	 PGD Acc
[2025/10/12 08:04:23] - 2.5809 	 	 0.5222 	 2.8754 	 0.2837
[2025/10/12 08:05:08] - 96 	 19.0 	 	 0.0200 	 3.8180 	 0.4615
[2025/10/12 08:05:08] - ==> Building model..
[2025/10/12 08:05:24] - Test Loss 	 Test Acc 	 PGD Loss 	 PGD Acc
[2025/10/12 08:05:24] - 2.5822 	 	 0.5221 	 2.8767 	 0.2838
[2025/10/12 08:06:09] - 97 	 18.7 	 	 0.0200 	 3.8081 	 0.4686
[2025/10/12 08:06:09] - ==> Building model..
[2025/10/12 08:06:26] - Test Loss 	 Test Acc 	 PGD Loss 	 PGD Acc
[2025/10/12 08:06:26] - 2.5867 	 	 0.5217 	 2.8803 	 0.2831
[2025/10/12 08:07:11] - 98 	 18.7 	 	 0.0200 	 3.8011 	 0.4733
[2025/10/12 08:07:11] - ==> Building model..
[2025/10/12 08:07:27] - Test Loss 	 Test Acc 	 PGD Loss 	 PGD Acc
[2025/10/12 08:07:27] - 2.5877 	 	 0.5216 	 2.8812 	 0.2842
[2025/10/12 08:08:11] - 99 	 17.9 	 	 0.0200 	 3.7927 	 0.4773
[2025/10/12 08:08:11] - ==> Building model..
[2025/10/12 08:08:27] - Test Loss 	 Test Acc 	 PGD Loss 	 PGD Acc
[2025/10/12 08:08:27] - 2.5889 	 	 0.5215 	 2.8822 	 0.2843
[2025/10/12 08:08:28] - [0.0867, 0.144, 0.1848, 0.2388, 0.2746, 0.3064, 0.3456, 0.3828, 0.4015, 0.4163, 0.4263, 0.4348, 0.4493, 0.4544, 0.4577, 0.4649, 0.4716, 0.4728, 0.4747, 0.477, 0.4781, 0.4811, 0.4863, 0.4876, 0.4903, 0.4925, 0.4946, 0.4948, 0.4964, 0.4965, 0.4978, 0.4977, 0.4991, 0.5014, 0.5012, 0.5034, 0.505, 0.5053, 0.5075, 0.5081, 0.5092, 0.5104, 0.5116, 0.5128, 0.5152, 0.514, 0.5161, 0.5162, 0.5172, 0.5184, 0.5187, 0.5187, 0.5192, 0.5196, 0.5194, 0.5196, 0.521, 0.5212, 0.5214, 0.5227, 0.5222, 0.5221, 0.5214, 0.5208, 0.521, 0.5203, 0.5216, 0.5214, 0.5214, 0.5211, 0.5216, 0.5216, 0.5217, 0.5217, 0.5218, 0.5215, 0.5219, 0.5209, 0.5208, 0.5215, 0.5209, 0.5208, 0.5215, 0.5216, 0.5213, 0.522, 0.5214, 0.5213, 0.5218, 0.5214, 0.5215, 0.522, 0.5223, 0.5225, 0.5225, 0.5222, 0.5221, 0.5217, 0.5216, 0.5215]
[2025/10/12 08:08:28] - [0.0565, 0.0953, 0.1155, 0.1415, 0.163, 0.1761, 0.1924, 0.206, 0.2209, 0.2273, 0.2322, 0.2376, 0.2398, 0.2418, 0.2483, 0.2505, 0.2527, 0.2553, 0.2581, 0.2576, 0.2582, 0.2617, 0.2621, 0.2626, 0.2648, 0.2658, 0.2659, 0.2673, 0.2681, 0.2673, 0.2684, 0.2703, 0.2708, 0.2712, 0.2718, 0.2718, 0.2727, 0.2721, 0.2736, 0.2742, 0.2753, 0.2741, 0.2765, 0.2772, 0.2792, 0.2788, 0.2784, 0.2793, 0.28, 0.2808, 0.2811, 0.2817, 0.2804, 0.2798, 0.2796, 0.2795, 0.2808, 0.2809, 0.2815, 0.2825, 0.2817, 0.2811, 0.2815, 0.2825, 0.2818, 0.2815, 0.2826, 0.2822, 0.2824, 0.2821, 0.281, 0.281, 0.2815, 0.2813, 0.2815, 0.2807, 0.281, 0.281, 0.2809, 0.2815, 0.2809, 0.2809, 0.282, 0.2809, 0.2823, 0.2816, 0.2823, 0.2834, 0.2839, 0.2838, 0.2835, 0.2838, 0.2836, 0.2835, 0.2844, 0.2837, 0.2838, 0.2831, 0.2842, 0.2843]
