[2025/10/13 08:05:39] - Namespace(batch_size=128, data_dir='cifar-data', epochs=100, lr_schedule='multistep', lr_min=0.0, lr_max=0.2, weight_decay=0.0005, momentum=0.9, model='ResNet18', epsilon=8, alpha=8, delta_init='random', normal_mean=0, normal_std=1, out_dir='./output/CIFAR100/lamda_36_lamscale_0.03_run3', seed=0, lamda=36.0, lam_scale=0.03, lam_start=50, gamma=0.05, inner_gamma=0.05, beta=0.2, mu=3.5, batch_m=0.75, early_stop=False, factor=0.5, length=4, n_holes=1, c_num=0.125, EMA_value=0.55)
[2025/10/13 08:05:41] - ==> Building model..
[2025/10/13 08:05:41] - Epoch 	 Seconds 	 LR 	 	 Train Loss 	 Train Acc
[2025/10/13 08:06:25] - 0 	 19.3 	 	 0.2000 	 4.5717 	 0.0375
[2025/10/13 08:06:25] - ==> Building model..
[2025/10/13 08:06:42] - Test Loss 	 Test Acc 	 PGD Loss 	 PGD Acc
[2025/10/13 08:06:42] - 4.2297 	 	 0.0820 	 4.2420 	 0.0569
[2025/10/13 08:07:26] - 1 	 18.1 	 	 0.2000 	 4.4617 	 0.0765
[2025/10/13 08:07:26] - ==> Building model..
[2025/10/13 08:07:42] - Test Loss 	 Test Acc 	 PGD Loss 	 PGD Acc
[2025/10/13 08:07:42] - 4.0477 	 	 0.1416 	 4.0753 	 0.0924
[2025/10/13 08:08:27] - 2 	 18.3 	 	 0.2000 	 4.4087 	 0.1023
[2025/10/13 08:08:27] - ==> Building model..
[2025/10/13 08:08:43] - Test Loss 	 Test Acc 	 PGD Loss 	 PGD Acc
[2025/10/13 08:08:43] - 3.8951 	 	 0.1877 	 3.9414 	 0.1169
[2025/10/13 08:09:28] - 3 	 18.5 	 	 0.2000 	 4.3610 	 0.1262
[2025/10/13 08:09:28] - ==> Building model..
[2025/10/13 08:09:45] - Test Loss 	 Test Acc 	 PGD Loss 	 PGD Acc
[2025/10/13 08:09:45] - 3.7301 	 	 0.2348 	 3.8005 	 0.1366
[2025/10/13 08:10:27] - 4 	 18.4 	 	 0.2000 	 4.3157 	 0.1495
[2025/10/13 08:10:27] - ==> Building model..
[2025/10/13 08:10:43] - Test Loss 	 Test Acc 	 PGD Loss 	 PGD Acc
[2025/10/13 08:10:43] - 3.5706 	 	 0.2751 	 3.6676 	 0.1609
[2025/10/13 08:11:28] - 5 	 19.2 	 	 0.2000 	 4.2785 	 0.1678
[2025/10/13 08:11:28] - ==> Building model..
[2025/10/13 08:11:46] - Test Loss 	 Test Acc 	 PGD Loss 	 PGD Acc
[2025/10/13 08:11:46] - 3.3911 	 	 0.3135 	 3.5142 	 0.1778
[2025/10/13 08:12:31] - 6 	 19.4 	 	 0.2000 	 4.2470 	 0.1840
[2025/10/13 08:12:31] - ==> Building model..
[2025/10/13 08:12:48] - Test Loss 	 Test Acc 	 PGD Loss 	 PGD Acc
[2025/10/13 08:12:48] - 3.2073 	 	 0.3463 	 3.3591 	 0.1942
[2025/10/13 08:13:34] - 7 	 19.2 	 	 0.2000 	 4.2256 	 0.1973
[2025/10/13 08:13:34] - ==> Building model..
[2025/10/13 08:13:51] - Test Loss 	 Test Acc 	 PGD Loss 	 PGD Acc
[2025/10/13 08:13:51] - 3.0770 	 	 0.3743 	 3.2530 	 0.2062
[2025/10/13 08:14:37] - 8 	 19.8 	 	 0.2000 	 4.2051 	 0.2052
[2025/10/13 08:14:37] - ==> Building model..
[2025/10/13 08:14:53] - Test Loss 	 Test Acc 	 PGD Loss 	 PGD Acc
[2025/10/13 08:14:53] - 2.9746 	 	 0.3996 	 3.1743 	 0.2167
[2025/10/13 08:15:37] - 9 	 19.0 	 	 0.2000 	 4.1894 	 0.2182
[2025/10/13 08:15:37] - ==> Building model..
[2025/10/13 08:15:54] - Test Loss 	 Test Acc 	 PGD Loss 	 PGD Acc
[2025/10/13 08:15:54] - 2.9131 	 	 0.4157 	 3.1275 	 0.2223
[2025/10/13 08:16:40] - 10 	 19.3 	 	 0.2000 	 4.1768 	 0.2233
[2025/10/13 08:16:40] - ==> Building model..
[2025/10/13 08:16:57] - Test Loss 	 Test Acc 	 PGD Loss 	 PGD Acc
[2025/10/13 08:16:57] - 2.8641 	 	 0.4275 	 3.0886 	 0.2290
[2025/10/13 08:17:43] - 11 	 19.6 	 	 0.2000 	 4.1682 	 0.2293
[2025/10/13 08:17:43] - ==> Building model..
[2025/10/13 08:18:00] - Test Loss 	 Test Acc 	 PGD Loss 	 PGD Acc
[2025/10/13 08:18:00] - 2.8227 	 	 0.4373 	 3.0571 	 0.2353
[2025/10/13 08:18:42] - 12 	 19.0 	 	 0.2000 	 4.1591 	 0.2343
[2025/10/13 08:18:42] - ==> Building model..
[2025/10/13 08:19:00] - Test Loss 	 Test Acc 	 PGD Loss 	 PGD Acc
[2025/10/13 08:19:00] - 2.7877 	 	 0.4485 	 3.0311 	 0.2384
[2025/10/13 08:19:43] - 13 	 19.2 	 	 0.2000 	 4.1545 	 0.2361
[2025/10/13 08:19:43] - ==> Building model..
[2025/10/13 08:19:59] - Test Loss 	 Test Acc 	 PGD Loss 	 PGD Acc
[2025/10/13 08:19:59] - 2.7567 	 	 0.4530 	 3.0062 	 0.2413
[2025/10/13 08:20:43] - 14 	 18.7 	 	 0.2000 	 4.1482 	 0.2410
[2025/10/13 08:20:43] - ==> Building model..
[2025/10/13 08:21:00] - Test Loss 	 Test Acc 	 PGD Loss 	 PGD Acc
[2025/10/13 08:21:00] - 2.7343 	 	 0.4615 	 2.9911 	 0.2463
[2025/10/13 08:21:44] - 15 	 18.8 	 	 0.2000 	 4.1415 	 0.2465
[2025/10/13 08:21:44] - ==> Building model..
[2025/10/13 08:22:01] - Test Loss 	 Test Acc 	 PGD Loss 	 PGD Acc
[2025/10/13 08:22:01] - 2.7140 	 	 0.4668 	 2.9754 	 0.2505
[2025/10/13 08:22:46] - 16 	 19.1 	 	 0.2000 	 4.1361 	 0.2482
[2025/10/13 08:22:46] - ==> Building model..
[2025/10/13 08:23:03] - Test Loss 	 Test Acc 	 PGD Loss 	 PGD Acc
[2025/10/13 08:23:03] - 2.6961 	 	 0.4705 	 2.9616 	 0.2522
[2025/10/13 08:23:48] - 17 	 18.9 	 	 0.2000 	 4.1347 	 0.2474
[2025/10/13 08:23:48] - ==> Building model..
[2025/10/13 08:24:04] - Test Loss 	 Test Acc 	 PGD Loss 	 PGD Acc
[2025/10/13 08:24:04] - 2.6739 	 	 0.4757 	 2.9450 	 0.2560
[2025/10/13 08:24:47] - 18 	 18.0 	 	 0.2000 	 4.1288 	 0.2516
[2025/10/13 08:24:47] - ==> Building model..
[2025/10/13 08:25:03] - Test Loss 	 Test Acc 	 PGD Loss 	 PGD Acc
[2025/10/13 08:25:03] - 2.6629 	 	 0.4802 	 2.9382 	 0.2586
[2025/10/13 08:25:49] - 19 	 19.0 	 	 0.2000 	 4.1245 	 0.2555
[2025/10/13 08:25:49] - ==> Building model..
[2025/10/13 08:26:06] - Test Loss 	 Test Acc 	 PGD Loss 	 PGD Acc
[2025/10/13 08:26:06] - 2.6503 	 	 0.4808 	 2.9271 	 0.2607
[2025/10/13 08:26:48] - 20 	 18.4 	 	 0.2000 	 4.1236 	 0.2556
[2025/10/13 08:26:48] - ==> Building model..
[2025/10/13 08:27:05] - Test Loss 	 Test Acc 	 PGD Loss 	 PGD Acc
[2025/10/13 08:27:05] - 2.6414 	 	 0.4847 	 2.9215 	 0.2602
[2025/10/13 08:27:50] - 21 	 19.0 	 	 0.2000 	 4.1198 	 0.2577
[2025/10/13 08:27:50] - ==> Building model..
[2025/10/13 08:28:06] - Test Loss 	 Test Acc 	 PGD Loss 	 PGD Acc
[2025/10/13 08:28:06] - 2.6301 	 	 0.4862 	 2.9128 	 0.2610
[2025/10/13 08:28:51] - 22 	 19.0 	 	 0.2000 	 4.1199 	 0.2566
[2025/10/13 08:28:51] - ==> Building model..
[2025/10/13 08:29:07] - Test Loss 	 Test Acc 	 PGD Loss 	 PGD Acc
[2025/10/13 08:29:07] - 2.6181 	 	 0.4880 	 2.9036 	 0.2631
[2025/10/13 08:29:50] - 23 	 18.3 	 	 0.2000 	 4.1178 	 0.2589
[2025/10/13 08:29:50] - ==> Building model..
[2025/10/13 08:30:07] - Test Loss 	 Test Acc 	 PGD Loss 	 PGD Acc
[2025/10/13 08:30:07] - 2.6132 	 	 0.4896 	 2.8997 	 0.2649
[2025/10/13 08:30:48] - 24 	 17.9 	 	 0.2000 	 4.1134 	 0.2597
[2025/10/13 08:30:48] - ==> Building model..
[2025/10/13 08:31:04] - Test Loss 	 Test Acc 	 PGD Loss 	 PGD Acc
[2025/10/13 08:31:04] - 2.6049 	 	 0.4929 	 2.8931 	 0.2684
[2025/10/13 08:31:49] - 25 	 18.7 	 	 0.2000 	 4.1125 	 0.2622
[2025/10/13 08:31:49] - ==> Building model..
[2025/10/13 08:32:05] - Test Loss 	 Test Acc 	 PGD Loss 	 PGD Acc
[2025/10/13 08:32:05] - 2.5987 	 	 0.4945 	 2.8894 	 0.2697
[2025/10/13 08:32:50] - 26 	 18.6 	 	 0.2000 	 4.1091 	 0.2643
[2025/10/13 08:32:50] - ==> Building model..
[2025/10/13 08:33:06] - Test Loss 	 Test Acc 	 PGD Loss 	 PGD Acc
[2025/10/13 08:33:06] - 2.5960 	 	 0.4951 	 2.8880 	 0.2672
[2025/10/13 08:33:50] - 27 	 18.3 	 	 0.2000 	 4.1074 	 0.2671
[2025/10/13 08:33:50] - ==> Building model..
[2025/10/13 08:34:05] - Test Loss 	 Test Acc 	 PGD Loss 	 PGD Acc
[2025/10/13 08:34:05] - 2.5926 	 	 0.4981 	 2.8869 	 0.2699
[2025/10/13 08:34:49] - 28 	 18.7 	 	 0.2000 	 4.1072 	 0.2649
[2025/10/13 08:34:49] - ==> Building model..
[2025/10/13 08:35:05] - Test Loss 	 Test Acc 	 PGD Loss 	 PGD Acc
[2025/10/13 08:35:05] - 2.5900 	 	 0.5003 	 2.8845 	 0.2715
[2025/10/13 08:35:50] - 29 	 18.9 	 	 0.2000 	 4.1053 	 0.2658
[2025/10/13 08:35:50] - ==> Building model..
[2025/10/13 08:36:06] - Test Loss 	 Test Acc 	 PGD Loss 	 PGD Acc
[2025/10/13 08:36:06] - 2.5814 	 	 0.5008 	 2.8782 	 0.2712
[2025/10/13 08:36:52] - 30 	 19.2 	 	 0.2000 	 4.1054 	 0.2637
[2025/10/13 08:36:52] - ==> Building model..
[2025/10/13 08:37:10] - Test Loss 	 Test Acc 	 PGD Loss 	 PGD Acc
[2025/10/13 08:37:10] - 2.5741 	 	 0.5020 	 2.8726 	 0.2719
[2025/10/13 08:37:52] - 31 	 18.4 	 	 0.2000 	 4.1036 	 0.2667
[2025/10/13 08:37:52] - ==> Building model..
[2025/10/13 08:38:09] - Test Loss 	 Test Acc 	 PGD Loss 	 PGD Acc
[2025/10/13 08:38:09] - 2.5718 	 	 0.5007 	 2.8701 	 0.2731
[2025/10/13 08:38:56] - 32 	 19.4 	 	 0.2000 	 4.1013 	 0.2664
[2025/10/13 08:38:56] - ==> Building model..
[2025/10/13 08:39:12] - Test Loss 	 Test Acc 	 PGD Loss 	 PGD Acc
[2025/10/13 08:39:12] - 2.5729 	 	 0.5024 	 2.8714 	 0.2718
[2025/10/13 08:39:56] - 33 	 18.5 	 	 0.2000 	 4.1006 	 0.2685
[2025/10/13 08:39:56] - ==> Building model..
[2025/10/13 08:40:12] - Test Loss 	 Test Acc 	 PGD Loss 	 PGD Acc
[2025/10/13 08:40:12] - 2.5667 	 	 0.5046 	 2.8655 	 0.2740
[2025/10/13 08:40:56] - 34 	 18.4 	 	 0.2000 	 4.1003 	 0.2679
[2025/10/13 08:40:56] - ==> Building model..
[2025/10/13 08:41:12] - Test Loss 	 Test Acc 	 PGD Loss 	 PGD Acc
[2025/10/13 08:41:12] - 2.5636 	 	 0.5036 	 2.8629 	 0.2725
[2025/10/13 08:41:56] - 35 	 18.5 	 	 0.2000 	 4.0972 	 0.2717
[2025/10/13 08:41:56] - ==> Building model..
[2025/10/13 08:42:12] - Test Loss 	 Test Acc 	 PGD Loss 	 PGD Acc
[2025/10/13 08:42:12] - 2.5627 	 	 0.5037 	 2.8625 	 0.2734
[2025/10/13 08:42:53] - 36 	 17.7 	 	 0.2000 	 4.0986 	 0.2688
[2025/10/13 08:42:53] - ==> Building model..
[2025/10/13 08:43:09] - Test Loss 	 Test Acc 	 PGD Loss 	 PGD Acc
[2025/10/13 08:43:09] - 2.5595 	 	 0.5051 	 2.8595 	 0.2746
[2025/10/13 08:43:51] - 37 	 18.2 	 	 0.2000 	 4.0974 	 0.2701
[2025/10/13 08:43:51] - ==> Building model..
[2025/10/13 08:44:07] - Test Loss 	 Test Acc 	 PGD Loss 	 PGD Acc
[2025/10/13 08:44:07] - 2.5590 	 	 0.5061 	 2.8590 	 0.2767
[2025/10/13 08:44:52] - 38 	 18.6 	 	 0.2000 	 4.0955 	 0.2712
[2025/10/13 08:44:52] - ==> Building model..
[2025/10/13 08:45:08] - Test Loss 	 Test Acc 	 PGD Loss 	 PGD Acc
[2025/10/13 08:45:08] - 2.5561 	 	 0.5081 	 2.8569 	 0.2763
[2025/10/13 08:45:47] - 39 	 17.2 	 	 0.2000 	 4.0958 	 0.2721
[2025/10/13 08:45:47] - ==> Building model..
[2025/10/13 08:46:02] - Test Loss 	 Test Acc 	 PGD Loss 	 PGD Acc
[2025/10/13 08:46:02] - 2.5549 	 	 0.5068 	 2.8562 	 0.2773
[2025/10/13 08:46:42] - 40 	 17.5 	 	 0.2000 	 4.0953 	 0.2721
[2025/10/13 08:46:42] - ==> Building model..
[2025/10/13 08:46:58] - Test Loss 	 Test Acc 	 PGD Loss 	 PGD Acc
[2025/10/13 08:46:58] - 2.5567 	 	 0.5081 	 2.8581 	 0.2780
[2025/10/13 08:47:39] - 41 	 18.1 	 	 0.2000 	 4.0948 	 0.2707
[2025/10/13 08:47:39] - ==> Building model..
[2025/10/13 08:47:55] - Test Loss 	 Test Acc 	 PGD Loss 	 PGD Acc
[2025/10/13 08:47:55] - 2.5577 	 	 0.5084 	 2.8595 	 0.2770
[2025/10/13 08:48:37] - 42 	 18.4 	 	 0.2000 	 4.0956 	 0.2713
[2025/10/13 08:48:37] - ==> Building model..
[2025/10/13 08:48:53] - Test Loss 	 Test Acc 	 PGD Loss 	 PGD Acc
[2025/10/13 08:48:53] - 2.5554 	 	 0.5092 	 2.8579 	 0.2769
[2025/10/13 08:49:37] - 43 	 18.6 	 	 0.2000 	 4.0929 	 0.2735
[2025/10/13 08:49:37] - ==> Building model..
[2025/10/13 08:49:53] - Test Loss 	 Test Acc 	 PGD Loss 	 PGD Acc
[2025/10/13 08:49:53] - 2.5556 	 	 0.5097 	 2.8578 	 0.2778
[2025/10/13 08:50:37] - 44 	 18.4 	 	 0.2000 	 4.0916 	 0.2740
[2025/10/13 08:50:37] - ==> Building model..
[2025/10/13 08:50:53] - Test Loss 	 Test Acc 	 PGD Loss 	 PGD Acc
[2025/10/13 08:50:53] - 2.5491 	 	 0.5111 	 2.8533 	 0.2778
[2025/10/13 08:51:37] - 45 	 18.5 	 	 0.2000 	 4.0919 	 0.2736
[2025/10/13 08:51:37] - ==> Building model..
[2025/10/13 08:51:54] - Test Loss 	 Test Acc 	 PGD Loss 	 PGD Acc
[2025/10/13 08:51:54] - 2.5489 	 	 0.5101 	 2.8528 	 0.2790
[2025/10/13 08:52:39] - 46 	 18.7 	 	 0.2000 	 4.0892 	 0.2744
[2025/10/13 08:52:39] - ==> Building model..
[2025/10/13 08:52:55] - Test Loss 	 Test Acc 	 PGD Loss 	 PGD Acc
[2025/10/13 08:52:55] - 2.5475 	 	 0.5115 	 2.8514 	 0.2777
[2025/10/13 08:53:40] - 47 	 18.8 	 	 0.2000 	 4.0912 	 0.2727
[2025/10/13 08:53:40] - ==> Building model..
[2025/10/13 08:53:56] - Test Loss 	 Test Acc 	 PGD Loss 	 PGD Acc
[2025/10/13 08:53:56] - 2.5461 	 	 0.5134 	 2.8501 	 0.2781
[2025/10/13 08:54:38] - 48 	 18.2 	 	 0.2000 	 4.0888 	 0.2772
[2025/10/13 08:54:38] - ==> Building model..
[2025/10/13 08:54:55] - Test Loss 	 Test Acc 	 PGD Loss 	 PGD Acc
[2025/10/13 08:54:55] - 2.5453 	 	 0.5145 	 2.8508 	 0.2781
[2025/10/13 08:55:38] - 49 	 18.2 	 	 0.2000 	 4.0879 	 0.2774
[2025/10/13 08:55:38] - ==> Building model..
[2025/10/13 08:55:54] - Test Loss 	 Test Acc 	 PGD Loss 	 PGD Acc
[2025/10/13 08:55:54] - 2.5443 	 	 0.5138 	 2.8493 	 0.2790
[2025/10/13 08:56:39] - 50 	 18.6 	 	 0.2000 	 4.0887 	 0.2757
[2025/10/13 08:56:39] - ==> Building model..
[2025/10/13 08:56:55] - Test Loss 	 Test Acc 	 PGD Loss 	 PGD Acc
[2025/10/13 08:56:55] - 2.5439 	 	 0.5145 	 2.8494 	 0.2776
[2025/10/13 08:57:40] - 51 	 19.0 	 	 0.2000 	 4.0896 	 0.2743
[2025/10/13 08:57:40] - ==> Building model..
[2025/10/13 08:57:56] - Test Loss 	 Test Acc 	 PGD Loss 	 PGD Acc
[2025/10/13 08:57:56] - 2.5452 	 	 0.5140 	 2.8499 	 0.2763
[2025/10/13 08:58:40] - 52 	 18.9 	 	 0.2000 	 4.0894 	 0.2753
[2025/10/13 08:58:40] - ==> Building model..
[2025/10/13 08:58:56] - Test Loss 	 Test Acc 	 PGD Loss 	 PGD Acc
[2025/10/13 08:58:56] - 2.5436 	 	 0.5140 	 2.8495 	 0.2767
[2025/10/13 08:59:39] - 53 	 18.6 	 	 0.2000 	 4.0878 	 0.2762
[2025/10/13 08:59:39] - ==> Building model..
[2025/10/13 08:59:56] - Test Loss 	 Test Acc 	 PGD Loss 	 PGD Acc
[2025/10/13 08:59:56] - 2.5430 	 	 0.5147 	 2.8480 	 0.2776
[2025/10/13 09:00:37] - 54 	 18.2 	 	 0.2000 	 4.0892 	 0.2744
[2025/10/13 09:00:37] - ==> Building model..
[2025/10/13 09:00:53] - Test Loss 	 Test Acc 	 PGD Loss 	 PGD Acc
[2025/10/13 09:00:53] - 2.5417 	 	 0.5157 	 2.8469 	 0.2789
[2025/10/13 09:01:36] - 55 	 18.4 	 	 0.2000 	 4.0876 	 0.2761
[2025/10/13 09:01:36] - ==> Building model..
[2025/10/13 09:01:52] - Test Loss 	 Test Acc 	 PGD Loss 	 PGD Acc
[2025/10/13 09:01:52] - 2.5400 	 	 0.5161 	 2.8457 	 0.2785
[2025/10/13 09:02:37] - 56 	 18.7 	 	 0.2000 	 4.0890 	 0.2748
[2025/10/13 09:02:37] - ==> Building model..
[2025/10/13 09:02:54] - Test Loss 	 Test Acc 	 PGD Loss 	 PGD Acc
[2025/10/13 09:02:54] - 2.5383 	 	 0.5163 	 2.8445 	 0.2808
[2025/10/13 09:03:39] - 57 	 18.7 	 	 0.2000 	 4.0885 	 0.2783
[2025/10/13 09:03:39] - ==> Building model..
[2025/10/13 09:03:55] - Test Loss 	 Test Acc 	 PGD Loss 	 PGD Acc
[2025/10/13 09:03:55] - 2.5371 	 	 0.5160 	 2.8433 	 0.2803
[2025/10/13 09:04:40] - 58 	 18.4 	 	 0.2000 	 4.0867 	 0.2788
[2025/10/13 09:04:40] - ==> Building model..
[2025/10/13 09:04:56] - Test Loss 	 Test Acc 	 PGD Loss 	 PGD Acc
[2025/10/13 09:04:56] - 2.5383 	 	 0.5162 	 2.8449 	 0.2818
[2025/10/13 09:05:41] - 59 	 18.6 	 	 0.2000 	 4.0893 	 0.2752
[2025/10/13 09:05:41] - ==> Building model..
[2025/10/13 09:05:57] - Test Loss 	 Test Acc 	 PGD Loss 	 PGD Acc
[2025/10/13 09:05:57] - 2.5404 	 	 0.5174 	 2.8455 	 0.2809
[2025/10/13 09:06:41] - 60 	 18.3 	 	 0.2000 	 4.0855 	 0.2809
[2025/10/13 09:06:41] - ==> Building model..
[2025/10/13 09:06:57] - Test Loss 	 Test Acc 	 PGD Loss 	 PGD Acc
[2025/10/13 09:06:57] - 2.5398 	 	 0.5176 	 2.8457 	 0.2810
[2025/10/13 09:07:42] - 61 	 18.7 	 	 0.2000 	 4.0882 	 0.2758
[2025/10/13 09:07:42] - ==> Building model..
[2025/10/13 09:07:59] - Test Loss 	 Test Acc 	 PGD Loss 	 PGD Acc
[2025/10/13 09:07:59] - 2.5404 	 	 0.5179 	 2.8451 	 0.2820
[2025/10/13 09:08:42] - 62 	 18.2 	 	 0.2000 	 4.0870 	 0.2787
[2025/10/13 09:08:42] - ==> Building model..
[2025/10/13 09:08:58] - Test Loss 	 Test Acc 	 PGD Loss 	 PGD Acc
[2025/10/13 09:08:58] - 2.5417 	 	 0.5179 	 2.8463 	 0.2825
[2025/10/13 09:09:43] - 63 	 18.7 	 	 0.2000 	 4.0889 	 0.2745
[2025/10/13 09:09:43] - ==> Building model..
[2025/10/13 09:09:59] - Test Loss 	 Test Acc 	 PGD Loss 	 PGD Acc
[2025/10/13 09:09:59] - 2.5422 	 	 0.5181 	 2.8461 	 0.2815
[2025/10/13 09:10:42] - 64 	 18.2 	 	 0.2000 	 4.0855 	 0.2811
[2025/10/13 09:10:42] - ==> Building model..
[2025/10/13 09:10:58] - Test Loss 	 Test Acc 	 PGD Loss 	 PGD Acc
[2025/10/13 09:10:58] - 2.5421 	 	 0.5175 	 2.8463 	 0.2815
[2025/10/13 09:11:41] - 65 	 18.4 	 	 0.2000 	 4.0857 	 0.2800
[2025/10/13 09:11:41] - ==> Building model..
[2025/10/13 09:11:57] - Test Loss 	 Test Acc 	 PGD Loss 	 PGD Acc
[2025/10/13 09:11:57] - 2.5436 	 	 0.5174 	 2.8477 	 0.2807
[2025/10/13 09:12:42] - 66 	 18.6 	 	 0.2000 	 4.0858 	 0.2772
[2025/10/13 09:12:42] - ==> Building model..
[2025/10/13 09:12:59] - Test Loss 	 Test Acc 	 PGD Loss 	 PGD Acc
[2025/10/13 09:12:59] - 2.5471 	 	 0.5175 	 2.8499 	 0.2816
[2025/10/13 09:13:44] - 67 	 18.6 	 	 0.2000 	 4.0876 	 0.2770
[2025/10/13 09:13:44] - ==> Building model..
[2025/10/13 09:14:00] - Test Loss 	 Test Acc 	 PGD Loss 	 PGD Acc
[2025/10/13 09:14:00] - 2.5482 	 	 0.5180 	 2.8508 	 0.2803
[2025/10/13 09:14:44] - 68 	 18.5 	 	 0.2000 	 4.0870 	 0.2786
[2025/10/13 09:14:44] - ==> Building model..
[2025/10/13 09:14:59] - Test Loss 	 Test Acc 	 PGD Loss 	 PGD Acc
[2025/10/13 09:14:59] - 2.5487 	 	 0.5175 	 2.8504 	 0.2802
[2025/10/13 09:15:41] - 69 	 17.8 	 	 0.2000 	 4.0874 	 0.2794
[2025/10/13 09:15:41] - ==> Building model..
[2025/10/13 09:15:57] - Test Loss 	 Test Acc 	 PGD Loss 	 PGD Acc
[2025/10/13 09:15:57] - 2.5544 	 	 0.5160 	 2.8544 	 0.2792
[2025/10/13 09:16:42] - 70 	 18.5 	 	 0.2000 	 4.0893 	 0.2784
[2025/10/13 09:16:42] - ==> Building model..
[2025/10/13 09:16:58] - Test Loss 	 Test Acc 	 PGD Loss 	 PGD Acc
[2025/10/13 09:16:58] - 2.5570 	 	 0.5164 	 2.8567 	 0.2794
[2025/10/13 09:17:43] - 71 	 18.6 	 	 0.2000 	 4.0875 	 0.2776
[2025/10/13 09:17:43] - ==> Building model..
[2025/10/13 09:17:59] - Test Loss 	 Test Acc 	 PGD Loss 	 PGD Acc
[2025/10/13 09:17:59] - 2.5605 	 	 0.5172 	 2.8593 	 0.2793
[2025/10/13 09:18:45] - 72 	 18.9 	 	 0.2000 	 4.0881 	 0.2767
[2025/10/13 09:18:45] - ==> Building model..
[2025/10/13 09:19:02] - Test Loss 	 Test Acc 	 PGD Loss 	 PGD Acc
[2025/10/13 09:19:02] - 2.5620 	 	 0.5182 	 2.8609 	 0.2799
[2025/10/13 09:19:48] - 73 	 19.6 	 	 0.2000 	 4.0868 	 0.2781
[2025/10/13 09:19:48] - ==> Building model..
[2025/10/13 09:20:06] - Test Loss 	 Test Acc 	 PGD Loss 	 PGD Acc
[2025/10/13 09:20:06] - 2.5651 	 	 0.5169 	 2.8631 	 0.2807
[2025/10/13 09:20:57] - 74 	 21.4 	 	 0.2000 	 4.0887 	 0.2776
[2025/10/13 09:20:57] - ==> Building model..
[2025/10/13 09:21:14] - Test Loss 	 Test Acc 	 PGD Loss 	 PGD Acc
[2025/10/13 09:21:14] - 2.5673 	 	 0.5166 	 2.8654 	 0.2800
[2025/10/13 09:22:01] - 75 	 20.4 	 	 0.2000 	 4.0878 	 0.2802
[2025/10/13 09:22:01] - ==> Building model..
[2025/10/13 09:22:18] - Test Loss 	 Test Acc 	 PGD Loss 	 PGD Acc
[2025/10/13 09:22:18] - 2.5705 	 	 0.5160 	 2.8669 	 0.2799
[2025/10/13 09:23:05] - 76 	 20.5 	 	 0.2000 	 4.0887 	 0.2795
[2025/10/13 09:23:05] - ==> Building model..
[2025/10/13 09:23:22] - Test Loss 	 Test Acc 	 PGD Loss 	 PGD Acc
[2025/10/13 09:23:22] - 2.5713 	 	 0.5165 	 2.8676 	 0.2796
[2025/10/13 09:24:07] - 77 	 20.1 	 	 0.2000 	 4.0875 	 0.2801
[2025/10/13 09:24:07] - ==> Building model..
[2025/10/13 09:24:24] - Test Loss 	 Test Acc 	 PGD Loss 	 PGD Acc
[2025/10/13 09:24:24] - 2.5726 	 	 0.5158 	 2.8681 	 0.2795
[2025/10/13 09:25:09] - 78 	 18.9 	 	 0.2000 	 4.0881 	 0.2799
[2025/10/13 09:25:09] - ==> Building model..
[2025/10/13 09:25:25] - Test Loss 	 Test Acc 	 PGD Loss 	 PGD Acc
[2025/10/13 09:25:25] - 2.5735 	 	 0.5163 	 2.8693 	 0.2791
[2025/10/13 09:26:11] - 79 	 19.5 	 	 0.2000 	 4.0879 	 0.2795
[2025/10/13 09:26:11] - ==> Building model..
[2025/10/13 09:26:28] - Test Loss 	 Test Acc 	 PGD Loss 	 PGD Acc
[2025/10/13 09:26:28] - 2.5749 	 	 0.5161 	 2.8701 	 0.2784
[2025/10/13 09:27:14] - 80 	 19.9 	 	 0.2000 	 4.0871 	 0.2787
[2025/10/13 09:27:14] - ==> Building model..
[2025/10/13 09:27:31] - Test Loss 	 Test Acc 	 PGD Loss 	 PGD Acc
[2025/10/13 09:27:31] - 2.5756 	 	 0.5174 	 2.8709 	 0.2793
[2025/10/13 09:28:18] - 81 	 20.0 	 	 0.2000 	 4.0884 	 0.2789
[2025/10/13 09:28:18] - ==> Building model..
[2025/10/13 09:28:35] - Test Loss 	 Test Acc 	 PGD Loss 	 PGD Acc
[2025/10/13 09:28:35] - 2.5774 	 	 0.5173 	 2.8721 	 0.2802
[2025/10/13 09:29:22] - 82 	 20.2 	 	 0.2000 	 4.0893 	 0.2804
[2025/10/13 09:29:22] - ==> Building model..
[2025/10/13 09:29:39] - Test Loss 	 Test Acc 	 PGD Loss 	 PGD Acc
[2025/10/13 09:29:39] - 2.5777 	 	 0.5174 	 2.8725 	 0.2802
[2025/10/13 09:30:24] - 83 	 19.7 	 	 0.2000 	 4.0860 	 0.2808
[2025/10/13 09:30:24] - ==> Building model..
[2025/10/13 09:30:41] - Test Loss 	 Test Acc 	 PGD Loss 	 PGD Acc
[2025/10/13 09:30:41] - 2.5791 	 	 0.5162 	 2.8732 	 0.2813
[2025/10/13 09:31:27] - 84 	 19.1 	 	 0.2000 	 4.0910 	 0.2767
[2025/10/13 09:31:27] - ==> Building model..
[2025/10/13 09:31:43] - Test Loss 	 Test Acc 	 PGD Loss 	 PGD Acc
[2025/10/13 09:31:43] - 2.5791 	 	 0.5164 	 2.8729 	 0.2809
[2025/10/13 09:32:28] - 85 	 18.6 	 	 0.2000 	 4.0897 	 0.2807
[2025/10/13 09:32:28] - ==> Building model..
[2025/10/13 09:32:44] - Test Loss 	 Test Acc 	 PGD Loss 	 PGD Acc
[2025/10/13 09:32:44] - 2.5796 	 	 0.5172 	 2.8738 	 0.2811
[2025/10/13 09:33:24] - 86 	 17.7 	 	 0.2000 	 4.0892 	 0.2800
[2025/10/13 09:33:24] - ==> Building model..
[2025/10/13 09:33:41] - Test Loss 	 Test Acc 	 PGD Loss 	 PGD Acc
[2025/10/13 09:33:41] - 2.5802 	 	 0.5165 	 2.8734 	 0.2809
[2025/10/13 09:34:22] - 87 	 18.1 	 	 0.2000 	 4.0893 	 0.2807
[2025/10/13 09:34:22] - ==> Building model..
[2025/10/13 09:34:38] - Test Loss 	 Test Acc 	 PGD Loss 	 PGD Acc
[2025/10/13 09:34:38] - 2.5812 	 	 0.5171 	 2.8742 	 0.2812
[2025/10/13 09:35:22] - 88 	 18.4 	 	 0.2000 	 4.0900 	 0.2794
[2025/10/13 09:35:22] - ==> Building model..
[2025/10/13 09:35:39] - Test Loss 	 Test Acc 	 PGD Loss 	 PGD Acc
[2025/10/13 09:35:39] - 2.5822 	 	 0.5177 	 2.8754 	 0.2813
[2025/10/13 09:36:26] - 89 	 19.5 	 	 0.2000 	 4.0881 	 0.2805
[2025/10/13 09:36:26] - ==> Building model..
[2025/10/13 09:36:42] - Test Loss 	 Test Acc 	 PGD Loss 	 PGD Acc
[2025/10/13 09:36:42] - 2.5830 	 	 0.5179 	 2.8755 	 0.2805
[2025/10/13 09:37:25] - 90 	 17.9 	 	 0.0200 	 3.9927 	 0.3436
[2025/10/13 09:37:25] - ==> Building model..
[2025/10/13 09:37:41] - Test Loss 	 Test Acc 	 PGD Loss 	 PGD Acc
[2025/10/13 09:37:41] - 2.5812 	 	 0.5193 	 2.8741 	 0.2807
[2025/10/13 09:38:24] - 91 	 17.4 	 	 0.0200 	 3.8994 	 0.4027
[2025/10/13 09:38:24] - ==> Building model..
[2025/10/13 09:38:40] - Test Loss 	 Test Acc 	 PGD Loss 	 PGD Acc
[2025/10/13 09:38:40] - 2.5798 	 	 0.5199 	 2.8732 	 0.2805
[2025/10/13 09:39:23] - 92 	 17.4 	 	 0.0200 	 3.8729 	 0.4214
[2025/10/13 09:39:23] - ==> Building model..
[2025/10/13 09:39:39] - Test Loss 	 Test Acc 	 PGD Loss 	 PGD Acc
[2025/10/13 09:39:39] - 2.5797 	 	 0.5202 	 2.8731 	 0.2807
[2025/10/13 09:40:22] - 93 	 18.0 	 	 0.0200 	 3.8556 	 0.4337
[2025/10/13 09:40:22] - ==> Building model..
[2025/10/13 09:40:39] - Test Loss 	 Test Acc 	 PGD Loss 	 PGD Acc
[2025/10/13 09:40:39] - 2.5803 	 	 0.5201 	 2.8737 	 0.2798
[2025/10/13 09:41:24] - 94 	 18.3 	 	 0.0200 	 3.8403 	 0.4426
[2025/10/13 09:41:24] - ==> Building model..
[2025/10/13 09:41:41] - Test Loss 	 Test Acc 	 PGD Loss 	 PGD Acc
[2025/10/13 09:41:41] - 2.5829 	 	 0.5200 	 2.8765 	 0.2813
[2025/10/13 09:42:25] - 95 	 17.9 	 	 0.0200 	 3.8286 	 0.4537
[2025/10/13 09:42:25] - ==> Building model..
[2025/10/13 09:42:41] - Test Loss 	 Test Acc 	 PGD Loss 	 PGD Acc
[2025/10/13 09:42:41] - 2.5872 	 	 0.5190 	 2.8795 	 0.2821
[2025/10/13 09:43:25] - 96 	 17.6 	 	 0.0200 	 3.8182 	 0.4618
[2025/10/13 09:43:25] - ==> Building model..
[2025/10/13 09:43:41] - Test Loss 	 Test Acc 	 PGD Loss 	 PGD Acc
[2025/10/13 09:43:41] - 2.5893 	 	 0.5187 	 2.8815 	 0.2812
[2025/10/13 09:44:23] - 97 	 17.4 	 	 0.0200 	 3.8081 	 0.4697
[2025/10/13 09:44:23] - ==> Building model..
[2025/10/13 09:44:40] - Test Loss 	 Test Acc 	 PGD Loss 	 PGD Acc
[2025/10/13 09:44:40] - 2.5920 	 	 0.5185 	 2.8836 	 0.2821
[2025/10/13 09:45:25] - 98 	 18.8 	 	 0.0200 	 3.7996 	 0.4750
[2025/10/13 09:45:25] - ==> Building model..
[2025/10/13 09:45:42] - Test Loss 	 Test Acc 	 PGD Loss 	 PGD Acc
[2025/10/13 09:45:42] - 2.5931 	 	 0.5183 	 2.8843 	 0.2819
[2025/10/13 09:46:26] - 99 	 18.6 	 	 0.0200 	 3.7927 	 0.4797
[2025/10/13 09:46:26] - ==> Building model..
[2025/10/13 09:46:42] - Test Loss 	 Test Acc 	 PGD Loss 	 PGD Acc
[2025/10/13 09:46:42] - 2.5955 	 	 0.5184 	 2.8864 	 0.2811
[2025/10/13 09:46:42] - [0.082, 0.1416, 0.1877, 0.2348, 0.2751, 0.3135, 0.3463, 0.3743, 0.3996, 0.4157, 0.4275, 0.4373, 0.4485, 0.453, 0.4615, 0.4668, 0.4705, 0.4757, 0.4802, 0.4808, 0.4847, 0.4862, 0.488, 0.4896, 0.4929, 0.4945, 0.4951, 0.4981, 0.5003, 0.5008, 0.502, 0.5007, 0.5024, 0.5046, 0.5036, 0.5037, 0.5051, 0.5061, 0.5081, 0.5068, 0.5081, 0.5084, 0.5092, 0.5097, 0.5111, 0.5101, 0.5115, 0.5134, 0.5145, 0.5138, 0.5145, 0.514, 0.514, 0.5147, 0.5157, 0.5161, 0.5163, 0.516, 0.5162, 0.5174, 0.5176, 0.5179, 0.5179, 0.5181, 0.5175, 0.5174, 0.5175, 0.518, 0.5175, 0.516, 0.5164, 0.5172, 0.5182, 0.5169, 0.5166, 0.516, 0.5165, 0.5158, 0.5163, 0.5161, 0.5174, 0.5173, 0.5174, 0.5162, 0.5164, 0.5172, 0.5165, 0.5171, 0.5177, 0.5179, 0.5193, 0.5199, 0.5202, 0.5201, 0.52, 0.519, 0.5187, 0.5185, 0.5183, 0.5184]
[2025/10/13 09:46:42] - [0.0569, 0.0924, 0.1169, 0.1366, 0.1609, 0.1778, 0.1942, 0.2062, 0.2167, 0.2223, 0.229, 0.2353, 0.2384, 0.2413, 0.2463, 0.2505, 0.2522, 0.256, 0.2586, 0.2607, 0.2602, 0.261, 0.2631, 0.2649, 0.2684, 0.2697, 0.2672, 0.2699, 0.2715, 0.2712, 0.2719, 0.2731, 0.2718, 0.274, 0.2725, 0.2734, 0.2746, 0.2767, 0.2763, 0.2773, 0.278, 0.277, 0.2769, 0.2778, 0.2778, 0.279, 0.2777, 0.2781, 0.2781, 0.279, 0.2776, 0.2763, 0.2767, 0.2776, 0.2789, 0.2785, 0.2808, 0.2803, 0.2818, 0.2809, 0.281, 0.282, 0.2825, 0.2815, 0.2815, 0.2807, 0.2816, 0.2803, 0.2802, 0.2792, 0.2794, 0.2793, 0.2799, 0.2807, 0.28, 0.2799, 0.2796, 0.2795, 0.2791, 0.2784, 0.2793, 0.2802, 0.2802, 0.2813, 0.2809, 0.2811, 0.2809, 0.2812, 0.2813, 0.2805, 0.2807, 0.2805, 0.2807, 0.2798, 0.2813, 0.2821, 0.2812, 0.2821, 0.2819, 0.2811]
