[2025/09/23 01:50:12] - Namespace(batch_size=128, data_dir='./tiny-imagenet-200', epochs=110, lr_schedule='multistep', lr_min=0.0, lr_max=0.1, weight_decay=0.0005, momentum=0.9, model='PreActResNest18', epsilon=8, alpha=8, delta_init='random', normal_mean=0, normal_std=1, out_dir='./output/Tiny_ImageNet/beta_0.4', seed=0, lamda=38, lam_scale=0.1, lam_start=50, gamma=0.025, inner_gamma=0.025, beta=0.4, mu=3.5, batch_m=0.75, early_stop=False, factor=0.3, length=6, n_holes=1, c_num=0.125, EMA_value=0.55)
[2025/09/23 01:51:14] - ==> Building model..
[2025/09/23 01:51:15] - Epoch 	 Seconds 	 LR 	 	 Train Loss 	 Train Acc
[2025/09/23 01:53:38] - 0 	 139.3 	 	 0.1000 	 5.2859 	 0.0305
[2025/09/23 01:53:38] - ==> Building model..
[2025/09/23 01:54:29] - Test Loss 	 Test Acc 	 PGD Loss 	 PGD Acc
[2025/09/23 01:54:29] - 4.9361 	 	 0.0859 	 4.9511 	 0.0473
[2025/09/23 01:56:52] - 1 	 138.1 	 	 0.1000 	 5.2264 	 0.0735
[2025/09/23 01:56:52] - ==> Building model..
[2025/09/23 01:57:43] - Test Loss 	 Test Acc 	 PGD Loss 	 PGD Acc
[2025/09/23 01:57:43] - 4.7239 	 	 0.1511 	 4.7628 	 0.0785
[2025/09/23 02:00:06] - 2 	 138.4 	 	 0.1000 	 5.1947 	 0.1031
[2025/09/23 02:00:06] - ==> Building model..
[2025/09/23 02:00:59] - Test Loss 	 Test Acc 	 PGD Loss 	 PGD Acc
[2025/09/23 02:00:59] - 4.5596 	 	 0.1912 	 4.6234 	 0.1019
[2025/09/23 02:03:21] - 3 	 137.6 	 	 0.1000 	 5.1688 	 0.1265
[2025/09/23 02:03:21] - ==> Building model..
[2025/09/23 02:04:12] - Test Loss 	 Test Acc 	 PGD Loss 	 PGD Acc
[2025/09/23 02:04:12] - 4.4788 	 	 0.2150 	 4.5579 	 0.1124
[2025/09/23 02:06:35] - 4 	 138.1 	 	 0.1000 	 5.1454 	 0.1474
[2025/09/23 02:06:35] - ==> Building model..
[2025/09/23 02:07:27] - Test Loss 	 Test Acc 	 PGD Loss 	 PGD Acc
[2025/09/23 02:07:27] - 4.4326 	 	 0.2372 	 4.5226 	 0.1208
[2025/09/23 02:09:50] - 5 	 138.0 	 	 0.1000 	 5.1258 	 0.1660
[2025/09/23 02:09:50] - ==> Building model..
[2025/09/23 02:10:42] - Test Loss 	 Test Acc 	 PGD Loss 	 PGD Acc
[2025/09/23 02:10:42] - 4.4278 	 	 0.2465 	 4.5234 	 0.1235
[2025/09/23 02:13:04] - 6 	 138.0 	 	 0.1000 	 5.1122 	 0.1804
[2025/09/23 02:13:04] - ==> Building model..
[2025/09/23 02:13:57] - Test Loss 	 Test Acc 	 PGD Loss 	 PGD Acc
[2025/09/23 02:13:57] - 4.3724 	 	 0.2598 	 4.4794 	 0.1302
[2025/09/23 02:16:19] - 7 	 138.0 	 	 0.1000 	 5.1005 	 0.1915
[2025/09/23 02:16:19] - ==> Building model..
[2025/09/23 02:17:12] - Test Loss 	 Test Acc 	 PGD Loss 	 PGD Acc
[2025/09/23 02:17:12] - 4.2085 	 	 0.2955 	 4.3489 	 0.1485
[2025/09/23 02:19:34] - 8 	 138.0 	 	 0.1000 	 5.0897 	 0.2020
[2025/09/23 02:19:34] - ==> Building model..
[2025/09/23 02:20:26] - Test Loss 	 Test Acc 	 PGD Loss 	 PGD Acc
[2025/09/23 02:20:26] - 4.0367 	 	 0.3292 	 4.2146 	 0.1673
[2025/09/23 02:22:49] - 9 	 138.1 	 	 0.1000 	 5.0809 	 0.2106
[2025/09/23 02:22:49] - ==> Building model..
[2025/09/23 02:23:41] - Test Loss 	 Test Acc 	 PGD Loss 	 PGD Acc
[2025/09/23 02:23:41] - 3.9249 	 	 0.3517 	 4.1295 	 0.1781
[2025/09/23 02:26:04] - 10 	 137.9 	 	 0.1000 	 5.0731 	 0.2185
[2025/09/23 02:26:04] - ==> Building model..
[2025/09/23 02:26:56] - Test Loss 	 Test Acc 	 PGD Loss 	 PGD Acc
[2025/09/23 02:26:56] - 3.8450 	 	 0.3659 	 4.0697 	 0.1854
[2025/09/23 02:29:18] - 11 	 137.6 	 	 0.1000 	 5.0658 	 0.2256
[2025/09/23 02:29:18] - ==> Building model..
[2025/09/23 02:30:10] - Test Loss 	 Test Acc 	 PGD Loss 	 PGD Acc
[2025/09/23 02:30:10] - 3.7936 	 	 0.3767 	 4.0314 	 0.1900
[2025/09/23 02:32:32] - 12 	 137.7 	 	 0.1000 	 5.0597 	 0.2325
[2025/09/23 02:32:32] - ==> Building model..
[2025/09/23 02:33:24] - Test Loss 	 Test Acc 	 PGD Loss 	 PGD Acc
[2025/09/23 02:33:24] - 3.7530 	 	 0.3835 	 4.0019 	 0.1944
[2025/09/23 02:35:47] - 13 	 137.6 	 	 0.1000 	 5.0536 	 0.2386
[2025/09/23 02:35:47] - ==> Building model..
[2025/09/23 02:36:39] - Test Loss 	 Test Acc 	 PGD Loss 	 PGD Acc
[2025/09/23 02:36:39] - 3.7174 	 	 0.3925 	 3.9758 	 0.1956
[2025/09/23 02:39:02] - 14 	 138.1 	 	 0.1000 	 5.0486 	 0.2437
[2025/09/23 02:39:02] - ==> Building model..
[2025/09/23 02:39:54] - Test Loss 	 Test Acc 	 PGD Loss 	 PGD Acc
[2025/09/23 02:39:54] - 3.6841 	 	 0.4008 	 3.9526 	 0.1980
[2025/09/23 02:42:17] - 15 	 137.8 	 	 0.1000 	 5.0442 	 0.2478
[2025/09/23 02:42:17] - ==> Building model..
[2025/09/23 02:43:09] - Test Loss 	 Test Acc 	 PGD Loss 	 PGD Acc
[2025/09/23 02:43:09] - 3.6570 	 	 0.4070 	 3.9342 	 0.2019
[2025/09/23 02:45:31] - 16 	 137.5 	 	 0.1000 	 5.0399 	 0.2520
[2025/09/23 02:45:31] - ==> Building model..
[2025/09/23 02:46:23] - Test Loss 	 Test Acc 	 PGD Loss 	 PGD Acc
[2025/09/23 02:46:23] - 3.6313 	 	 0.4116 	 3.9159 	 0.2036
[2025/09/23 02:48:45] - 17 	 137.7 	 	 0.1000 	 5.0357 	 0.2582
[2025/09/23 02:48:45] - ==> Building model..
[2025/09/23 02:49:38] - Test Loss 	 Test Acc 	 PGD Loss 	 PGD Acc
[2025/09/23 02:49:38] - 3.6142 	 	 0.4143 	 3.9040 	 0.2058
[2025/09/23 02:52:00] - 18 	 137.6 	 	 0.1000 	 5.0325 	 0.2617
[2025/09/23 02:52:00] - ==> Building model..
[2025/09/23 02:52:52] - Test Loss 	 Test Acc 	 PGD Loss 	 PGD Acc
[2025/09/23 02:52:52] - 3.5964 	 	 0.4188 	 3.8913 	 0.2061
[2025/09/23 02:55:14] - 19 	 137.5 	 	 0.1000 	 5.0291 	 0.2645
[2025/09/23 02:55:14] - ==> Building model..
[2025/09/23 02:56:07] - Test Loss 	 Test Acc 	 PGD Loss 	 PGD Acc
[2025/09/23 02:56:07] - 3.5801 	 	 0.4209 	 3.8792 	 0.2080
[2025/09/23 02:58:29] - 20 	 137.8 	 	 0.1000 	 5.0267 	 0.2661
[2025/09/23 02:58:29] - ==> Building model..
[2025/09/23 02:59:21] - Test Loss 	 Test Acc 	 PGD Loss 	 PGD Acc
[2025/09/23 02:59:21] - 3.5616 	 	 0.4251 	 3.8666 	 0.2111
[2025/09/23 03:01:44] - 21 	 137.5 	 	 0.1000 	 5.0243 	 0.2678
[2025/09/23 03:01:44] - ==> Building model..
[2025/09/23 03:02:36] - Test Loss 	 Test Acc 	 PGD Loss 	 PGD Acc
[2025/09/23 03:02:36] - 3.5472 	 	 0.4279 	 3.8564 	 0.2115
[2025/09/23 03:04:57] - 22 	 136.9 	 	 0.1000 	 5.0211 	 0.2713
[2025/09/23 03:04:57] - ==> Building model..
[2025/09/23 03:05:49] - Test Loss 	 Test Acc 	 PGD Loss 	 PGD Acc
[2025/09/23 03:05:49] - 3.5299 	 	 0.4327 	 3.8447 	 0.2129
[2025/09/23 03:08:10] - 23 	 136.8 	 	 0.1000 	 5.0194 	 0.2736
[2025/09/23 03:08:10] - ==> Building model..
[2025/09/23 03:09:02] - Test Loss 	 Test Acc 	 PGD Loss 	 PGD Acc
[2025/09/23 03:09:02] - 3.5166 	 	 0.4353 	 3.8352 	 0.2142
[2025/09/23 03:11:24] - 24 	 136.6 	 	 0.1000 	 5.0173 	 0.2755
[2025/09/23 03:11:24] - ==> Building model..
[2025/09/23 03:12:16] - Test Loss 	 Test Acc 	 PGD Loss 	 PGD Acc
[2025/09/23 03:12:16] - 3.5052 	 	 0.4362 	 3.8267 	 0.2160
[2025/09/23 03:14:37] - 25 	 136.5 	 	 0.1000 	 5.0156 	 0.2776
[2025/09/23 03:14:37] - ==> Building model..
[2025/09/23 03:15:28] - Test Loss 	 Test Acc 	 PGD Loss 	 PGD Acc
[2025/09/23 03:15:28] - 3.4951 	 	 0.4386 	 3.8200 	 0.2162
[2025/09/23 03:17:49] - 26 	 136.4 	 	 0.1000 	 5.0135 	 0.2801
[2025/09/23 03:17:49] - ==> Building model..
[2025/09/23 03:18:41] - Test Loss 	 Test Acc 	 PGD Loss 	 PGD Acc
[2025/09/23 03:18:41] - 3.4842 	 	 0.4405 	 3.8128 	 0.2175
[2025/09/23 03:21:02] - 27 	 136.4 	 	 0.1000 	 5.0117 	 0.2816
[2025/09/23 03:21:02] - ==> Building model..
[2025/09/23 03:21:55] - Test Loss 	 Test Acc 	 PGD Loss 	 PGD Acc
[2025/09/23 03:21:55] - 3.4757 	 	 0.4402 	 3.8070 	 0.2182
[2025/09/23 03:24:15] - 28 	 136.4 	 	 0.1000 	 5.0094 	 0.2840
[2025/09/23 03:24:15] - ==> Building model..
[2025/09/23 03:25:07] - Test Loss 	 Test Acc 	 PGD Loss 	 PGD Acc
[2025/09/23 03:25:07] - 3.4697 	 	 0.4435 	 3.8038 	 0.2176
[2025/09/23 03:27:28] - 29 	 136.5 	 	 0.1000 	 5.0084 	 0.2842
[2025/09/23 03:27:28] - ==> Building model..
[2025/09/23 03:28:20] - Test Loss 	 Test Acc 	 PGD Loss 	 PGD Acc
[2025/09/23 03:28:20] - 3.4618 	 	 0.4442 	 3.7986 	 0.2201
[2025/09/23 03:30:41] - 30 	 136.5 	 	 0.1000 	 5.0074 	 0.2870
[2025/09/23 03:30:41] - ==> Building model..
[2025/09/23 03:31:33] - Test Loss 	 Test Acc 	 PGD Loss 	 PGD Acc
[2025/09/23 03:31:33] - 3.4551 	 	 0.4450 	 3.7943 	 0.2211
[2025/09/23 03:33:54] - 31 	 136.4 	 	 0.1000 	 5.0056 	 0.2885
[2025/09/23 03:33:54] - ==> Building model..
[2025/09/23 03:34:46] - Test Loss 	 Test Acc 	 PGD Loss 	 PGD Acc
[2025/09/23 03:34:46] - 3.4503 	 	 0.4463 	 3.7912 	 0.2223
[2025/09/23 03:37:07] - 32 	 136.7 	 	 0.1000 	 5.0047 	 0.2878
[2025/09/23 03:37:07] - ==> Building model..
[2025/09/23 03:37:59] - Test Loss 	 Test Acc 	 PGD Loss 	 PGD Acc
[2025/09/23 03:37:59] - 3.4446 	 	 0.4481 	 3.7882 	 0.2224
[2025/09/23 03:40:20] - 33 	 136.2 	 	 0.1000 	 5.0033 	 0.2888
[2025/09/23 03:40:20] - ==> Building model..
[2025/09/23 03:41:12] - Test Loss 	 Test Acc 	 PGD Loss 	 PGD Acc
[2025/09/23 03:41:12] - 3.4379 	 	 0.4490 	 3.7839 	 0.2211
[2025/09/23 03:43:33] - 34 	 136.6 	 	 0.1000 	 5.0017 	 0.2909
[2025/09/23 03:43:33] - ==> Building model..
[2025/09/23 03:44:25] - Test Loss 	 Test Acc 	 PGD Loss 	 PGD Acc
[2025/09/23 03:44:25] - 3.4303 	 	 0.4499 	 3.7783 	 0.2230
[2025/09/23 03:46:47] - 35 	 136.6 	 	 0.1000 	 5.0007 	 0.2928
[2025/09/23 03:46:47] - ==> Building model..
[2025/09/23 03:47:38] - Test Loss 	 Test Acc 	 PGD Loss 	 PGD Acc
[2025/09/23 03:47:38] - 3.4248 	 	 0.4519 	 3.7753 	 0.2237
[2025/09/23 03:49:59] - 36 	 136.4 	 	 0.1000 	 5.0003 	 0.2933
[2025/09/23 03:49:59] - ==> Building model..
[2025/09/23 03:50:51] - Test Loss 	 Test Acc 	 PGD Loss 	 PGD Acc
[2025/09/23 03:50:51] - 3.4207 	 	 0.4515 	 3.7725 	 0.2233
[2025/09/23 03:53:12] - 37 	 136.5 	 	 0.1000 	 4.9982 	 0.2971
[2025/09/23 03:53:12] - ==> Building model..
[2025/09/23 03:54:04] - Test Loss 	 Test Acc 	 PGD Loss 	 PGD Acc
[2025/09/23 03:54:04] - 3.4171 	 	 0.4528 	 3.7704 	 0.2235
[2025/09/23 03:56:25] - 38 	 136.4 	 	 0.1000 	 4.9979 	 0.2965
[2025/09/23 03:56:25] - ==> Building model..
[2025/09/23 03:57:16] - Test Loss 	 Test Acc 	 PGD Loss 	 PGD Acc
[2025/09/23 03:57:16] - 3.4128 	 	 0.4543 	 3.7678 	 0.2243
[2025/09/23 03:59:38] - 39 	 136.5 	 	 0.1000 	 4.9967 	 0.2980
[2025/09/23 03:59:38] - ==> Building model..
[2025/09/23 04:00:30] - Test Loss 	 Test Acc 	 PGD Loss 	 PGD Acc
[2025/09/23 04:00:30] - 3.4088 	 	 0.4559 	 3.7653 	 0.2251
[2025/09/23 04:02:50] - 40 	 136.2 	 	 0.1000 	 4.9964 	 0.2956
[2025/09/23 04:02:50] - ==> Building model..
[2025/09/23 04:03:42] - Test Loss 	 Test Acc 	 PGD Loss 	 PGD Acc
[2025/09/23 04:03:42] - 3.4049 	 	 0.4572 	 3.7623 	 0.2248
[2025/09/23 04:06:03] - 41 	 136.4 	 	 0.1000 	 4.9949 	 0.2975
[2025/09/23 04:06:03] - ==> Building model..
[2025/09/23 04:06:55] - Test Loss 	 Test Acc 	 PGD Loss 	 PGD Acc
[2025/09/23 04:06:55] - 3.4022 	 	 0.4576 	 3.7607 	 0.2246
[2025/09/23 04:09:15] - 42 	 136.0 	 	 0.1000 	 4.9947 	 0.2999
[2025/09/23 04:09:15] - ==> Building model..
[2025/09/23 04:10:07] - Test Loss 	 Test Acc 	 PGD Loss 	 PGD Acc
[2025/09/23 04:10:07] - 3.3981 	 	 0.4599 	 3.7592 	 0.2254
[2025/09/23 04:12:28] - 43 	 136.3 	 	 0.1000 	 4.9935 	 0.3001
[2025/09/23 04:12:28] - ==> Building model..
[2025/09/23 04:13:20] - Test Loss 	 Test Acc 	 PGD Loss 	 PGD Acc
[2025/09/23 04:13:20] - 3.3963 	 	 0.4622 	 3.7589 	 0.2260
[2025/09/23 04:15:41] - 44 	 136.6 	 	 0.1000 	 4.9927 	 0.3009
[2025/09/23 04:15:41] - ==> Building model..
[2025/09/23 04:16:33] - Test Loss 	 Test Acc 	 PGD Loss 	 PGD Acc
[2025/09/23 04:16:33] - 3.3938 	 	 0.4615 	 3.7571 	 0.2264
[2025/09/23 04:18:54] - 45 	 136.5 	 	 0.1000 	 4.9920 	 0.3022
[2025/09/23 04:18:54] - ==> Building model..
[2025/09/23 04:19:46] - Test Loss 	 Test Acc 	 PGD Loss 	 PGD Acc
[2025/09/23 04:19:46] - 3.3916 	 	 0.4623 	 3.7567 	 0.2271
[2025/09/23 04:22:07] - 46 	 136.4 	 	 0.1000 	 4.9915 	 0.3028
[2025/09/23 04:22:07] - ==> Building model..
[2025/09/23 04:22:58] - Test Loss 	 Test Acc 	 PGD Loss 	 PGD Acc
[2025/09/23 04:22:58] - 3.3902 	 	 0.4622 	 3.7564 	 0.2282
[2025/09/23 04:25:19] - 47 	 136.4 	 	 0.1000 	 4.9910 	 0.3024
[2025/09/23 04:25:19] - ==> Building model..
[2025/09/23 04:26:11] - Test Loss 	 Test Acc 	 PGD Loss 	 PGD Acc
[2025/09/23 04:26:11] - 3.3875 	 	 0.4633 	 3.7547 	 0.2281
[2025/09/23 04:28:32] - 48 	 136.5 	 	 0.1000 	 4.9905 	 0.3041
[2025/09/23 04:28:32] - ==> Building model..
[2025/09/23 04:29:24] - Test Loss 	 Test Acc 	 PGD Loss 	 PGD Acc
[2025/09/23 04:29:24] - 3.3859 	 	 0.4637 	 3.7546 	 0.2290
[2025/09/23 04:31:45] - 49 	 136.5 	 	 0.1000 	 4.9897 	 0.3039
[2025/09/23 04:31:45] - ==> Building model..
[2025/09/23 04:32:37] - Test Loss 	 Test Acc 	 PGD Loss 	 PGD Acc
[2025/09/23 04:32:37] - 3.3832 	 	 0.4644 	 3.7528 	 0.2288
[2025/09/23 04:34:58] - 50 	 136.5 	 	 0.1000 	 4.9886 	 0.3065
[2025/09/23 04:34:58] - ==> Building model..
[2025/09/23 04:35:50] - Test Loss 	 Test Acc 	 PGD Loss 	 PGD Acc
[2025/09/23 04:35:50] - 3.3814 	 	 0.4646 	 3.7516 	 0.2299
[2025/09/23 04:38:11] - 51 	 136.5 	 	 0.1000 	 4.9893 	 0.3045
[2025/09/23 04:38:11] - ==> Building model..
[2025/09/23 04:39:03] - Test Loss 	 Test Acc 	 PGD Loss 	 PGD Acc
[2025/09/23 04:39:03] - 3.3793 	 	 0.4649 	 3.7502 	 0.2299
[2025/09/23 04:41:24] - 52 	 136.5 	 	 0.1000 	 4.9885 	 0.3073
[2025/09/23 04:41:24] - ==> Building model..
[2025/09/23 04:42:16] - Test Loss 	 Test Acc 	 PGD Loss 	 PGD Acc
[2025/09/23 04:42:16] - 3.3785 	 	 0.4666 	 3.7500 	 0.2302
[2025/09/23 04:44:37] - 53 	 136.2 	 	 0.1000 	 4.9880 	 0.3076
[2025/09/23 04:44:37] - ==> Building model..
[2025/09/23 04:45:29] - Test Loss 	 Test Acc 	 PGD Loss 	 PGD Acc
[2025/09/23 04:45:29] - 3.3783 	 	 0.4654 	 3.7500 	 0.2311
[2025/09/23 04:47:49] - 54 	 136.3 	 	 0.1000 	 4.9880 	 0.3075
[2025/09/23 04:47:49] - ==> Building model..
[2025/09/23 04:48:41] - Test Loss 	 Test Acc 	 PGD Loss 	 PGD Acc
[2025/09/23 04:48:41] - 3.3776 	 	 0.4666 	 3.7495 	 0.2314
[2025/09/23 04:51:02] - 55 	 136.2 	 	 0.1000 	 4.9873 	 0.3083
[2025/09/23 04:51:02] - ==> Building model..
[2025/09/23 04:51:54] - Test Loss 	 Test Acc 	 PGD Loss 	 PGD Acc
[2025/09/23 04:51:54] - 3.3778 	 	 0.4669 	 3.7504 	 0.2324
[2025/09/23 04:54:14] - 56 	 135.9 	 	 0.1000 	 4.9875 	 0.3079
[2025/09/23 04:54:14] - ==> Building model..
[2025/09/23 04:55:06] - Test Loss 	 Test Acc 	 PGD Loss 	 PGD Acc
[2025/09/23 04:55:06] - 3.3773 	 	 0.4659 	 3.7508 	 0.2313
[2025/09/23 04:57:27] - 57 	 136.2 	 	 0.1000 	 4.9875 	 0.3077
[2025/09/23 04:57:27] - ==> Building model..
[2025/09/23 04:58:19] - Test Loss 	 Test Acc 	 PGD Loss 	 PGD Acc
[2025/09/23 04:58:19] - 3.3769 	 	 0.4660 	 3.7504 	 0.2319
[2025/09/23 05:00:39] - 58 	 136.2 	 	 0.1000 	 4.9875 	 0.3084
[2025/09/23 05:00:39] - ==> Building model..
[2025/09/23 05:01:31] - Test Loss 	 Test Acc 	 PGD Loss 	 PGD Acc
[2025/09/23 05:01:31] - 3.3779 	 	 0.4655 	 3.7509 	 0.2315
[2025/09/23 05:03:52] - 59 	 136.4 	 	 0.1000 	 4.9883 	 0.3083
[2025/09/23 05:03:52] - ==> Building model..
[2025/09/23 05:04:44] - Test Loss 	 Test Acc 	 PGD Loss 	 PGD Acc
[2025/09/23 05:04:44] - 3.3790 	 	 0.4657 	 3.7519 	 0.2317
[2025/09/23 05:07:04] - 60 	 136.1 	 	 0.1000 	 4.9872 	 0.3101
[2025/09/23 05:07:04] - ==> Building model..
[2025/09/23 05:07:56] - Test Loss 	 Test Acc 	 PGD Loss 	 PGD Acc
[2025/09/23 05:07:56] - 3.3806 	 	 0.4666 	 3.7531 	 0.2311
[2025/09/23 05:10:16] - 61 	 135.9 	 	 0.1000 	 4.9873 	 0.3103
[2025/09/23 05:10:16] - ==> Building model..
[2025/09/23 05:11:08] - Test Loss 	 Test Acc 	 PGD Loss 	 PGD Acc
[2025/09/23 05:11:08] - 3.3822 	 	 0.4671 	 3.7545 	 0.2316
[2025/09/23 05:13:29] - 62 	 136.3 	 	 0.1000 	 4.9877 	 0.3098
[2025/09/23 05:13:29] - ==> Building model..
[2025/09/23 05:14:21] - Test Loss 	 Test Acc 	 PGD Loss 	 PGD Acc
[2025/09/23 05:14:21] - 3.3841 	 	 0.4683 	 3.7567 	 0.2318
[2025/09/23 05:16:41] - 63 	 136.2 	 	 0.1000 	 4.9871 	 0.3118
[2025/09/23 05:16:41] - ==> Building model..
[2025/09/23 05:17:33] - Test Loss 	 Test Acc 	 PGD Loss 	 PGD Acc
[2025/09/23 05:17:33] - 3.3854 	 	 0.4667 	 3.7568 	 0.2322
[2025/09/23 05:19:53] - 64 	 136.2 	 	 0.1000 	 4.9870 	 0.3105
[2025/09/23 05:19:53] - ==> Building model..
[2025/09/23 05:20:46] - Test Loss 	 Test Acc 	 PGD Loss 	 PGD Acc
[2025/09/23 05:20:46] - 3.3873 	 	 0.4665 	 3.7584 	 0.2325
[2025/09/23 05:23:06] - 65 	 136.2 	 	 0.1000 	 4.9865 	 0.3111
[2025/09/23 05:23:06] - ==> Building model..
[2025/09/23 05:23:58] - Test Loss 	 Test Acc 	 PGD Loss 	 PGD Acc
[2025/09/23 05:23:58] - 3.3885 	 	 0.4672 	 3.7589 	 0.2328
[2025/09/23 05:26:19] - 66 	 136.2 	 	 0.1000 	 4.9859 	 0.3121
[2025/09/23 05:26:19] - ==> Building model..
[2025/09/23 05:27:11] - Test Loss 	 Test Acc 	 PGD Loss 	 PGD Acc
[2025/09/23 05:27:11] - 3.3890 	 	 0.4669 	 3.7594 	 0.2324
[2025/09/23 05:29:32] - 67 	 135.9 	 	 0.1000 	 4.9859 	 0.3123
[2025/09/23 05:29:32] - ==> Building model..
[2025/09/23 05:30:24] - Test Loss 	 Test Acc 	 PGD Loss 	 PGD Acc
[2025/09/23 05:30:24] - 3.3887 	 	 0.4664 	 3.7588 	 0.2331
[2025/09/23 05:32:45] - 68 	 136.4 	 	 0.1000 	 4.9861 	 0.3119
[2025/09/23 05:32:45] - ==> Building model..
[2025/09/23 05:33:37] - Test Loss 	 Test Acc 	 PGD Loss 	 PGD Acc
[2025/09/23 05:33:37] - 3.3904 	 	 0.4668 	 3.7607 	 0.2334
[2025/09/23 05:35:57] - 69 	 136.2 	 	 0.1000 	 4.9858 	 0.3124
[2025/09/23 05:35:57] - ==> Building model..
[2025/09/23 05:36:49] - Test Loss 	 Test Acc 	 PGD Loss 	 PGD Acc
[2025/09/23 05:36:49] - 3.3905 	 	 0.4684 	 3.7604 	 0.2342
[2025/09/23 05:39:10] - 70 	 136.0 	 	 0.1000 	 4.9857 	 0.3128
[2025/09/23 05:39:10] - ==> Building model..
[2025/09/23 05:40:02] - Test Loss 	 Test Acc 	 PGD Loss 	 PGD Acc
[2025/09/23 05:40:02] - 3.3902 	 	 0.4684 	 3.7605 	 0.2336
[2025/09/23 05:42:23] - 71 	 136.5 	 	 0.1000 	 4.9851 	 0.3129
[2025/09/23 05:42:23] - ==> Building model..
[2025/09/23 05:43:15] - Test Loss 	 Test Acc 	 PGD Loss 	 PGD Acc
[2025/09/23 05:43:15] - 3.3898 	 	 0.4673 	 3.7600 	 0.2338
[2025/09/23 05:45:35] - 72 	 136.0 	 	 0.1000 	 4.9849 	 0.3142
[2025/09/23 05:45:35] - ==> Building model..
[2025/09/23 05:46:27] - Test Loss 	 Test Acc 	 PGD Loss 	 PGD Acc
[2025/09/23 05:46:27] - 3.3897 	 	 0.4671 	 3.7598 	 0.2338
[2025/09/23 05:48:48] - 73 	 136.2 	 	 0.1000 	 4.9843 	 0.3138
[2025/09/23 05:48:48] - ==> Building model..
[2025/09/23 05:49:40] - Test Loss 	 Test Acc 	 PGD Loss 	 PGD Acc
[2025/09/23 05:49:40] - 3.3887 	 	 0.4673 	 3.7586 	 0.2336
[2025/09/23 05:52:01] - 74 	 136.4 	 	 0.1000 	 4.9841 	 0.3159
[2025/09/23 05:52:01] - ==> Building model..
[2025/09/23 05:52:53] - Test Loss 	 Test Acc 	 PGD Loss 	 PGD Acc
[2025/09/23 05:52:53] - 3.3892 	 	 0.4675 	 3.7593 	 0.2334
[2025/09/23 05:55:13] - 75 	 136.2 	 	 0.1000 	 4.9842 	 0.3137
[2025/09/23 05:55:13] - ==> Building model..
[2025/09/23 05:56:05] - Test Loss 	 Test Acc 	 PGD Loss 	 PGD Acc
[2025/09/23 05:56:05] - 3.3895 	 	 0.4670 	 3.7600 	 0.2337
[2025/09/23 05:58:25] - 76 	 136.0 	 	 0.1000 	 4.9830 	 0.3154
[2025/09/23 05:58:25] - ==> Building model..
[2025/09/23 05:59:17] - Test Loss 	 Test Acc 	 PGD Loss 	 PGD Acc
[2025/09/23 05:59:17] - 3.3880 	 	 0.4671 	 3.7594 	 0.2336
[2025/09/23 06:01:38] - 77 	 136.3 	 	 0.1000 	 4.9831 	 0.3151
[2025/09/23 06:01:38] - ==> Building model..
[2025/09/23 06:02:30] - Test Loss 	 Test Acc 	 PGD Loss 	 PGD Acc
[2025/09/23 06:02:30] - 3.3879 	 	 0.4665 	 3.7592 	 0.2340
[2025/09/23 06:04:51] - 78 	 136.3 	 	 0.1000 	 4.9833 	 0.3152
[2025/09/23 06:04:51] - ==> Building model..
[2025/09/23 06:05:42] - Test Loss 	 Test Acc 	 PGD Loss 	 PGD Acc
[2025/09/23 06:05:42] - 3.3871 	 	 0.4675 	 3.7586 	 0.2345
[2025/09/23 06:08:03] - 79 	 136.3 	 	 0.1000 	 4.9828 	 0.3155
[2025/09/23 06:08:03] - ==> Building model..
[2025/09/23 06:08:55] - Test Loss 	 Test Acc 	 PGD Loss 	 PGD Acc
[2025/09/23 06:08:55] - 3.3866 	 	 0.4675 	 3.7585 	 0.2344
[2025/09/23 06:11:16] - 80 	 136.1 	 	 0.1000 	 4.9828 	 0.3147
[2025/09/23 06:11:16] - ==> Building model..
[2025/09/23 06:12:08] - Test Loss 	 Test Acc 	 PGD Loss 	 PGD Acc
[2025/09/23 06:12:08] - 3.3862 	 	 0.4675 	 3.7591 	 0.2342
[2025/09/23 06:14:29] - 81 	 136.4 	 	 0.1000 	 4.9822 	 0.3163
[2025/09/23 06:14:29] - ==> Building model..
[2025/09/23 06:15:21] - Test Loss 	 Test Acc 	 PGD Loss 	 PGD Acc
[2025/09/23 06:15:21] - 3.3852 	 	 0.4677 	 3.7587 	 0.2340
[2025/09/23 06:17:41] - 82 	 136.1 	 	 0.1000 	 4.9817 	 0.3170
[2025/09/23 06:17:41] - ==> Building model..
[2025/09/23 06:18:34] - Test Loss 	 Test Acc 	 PGD Loss 	 PGD Acc
[2025/09/23 06:18:34] - 3.3842 	 	 0.4672 	 3.7581 	 0.2341
[2025/09/23 06:20:55] - 83 	 136.7 	 	 0.1000 	 4.9830 	 0.3146
[2025/09/23 06:20:55] - ==> Building model..
[2025/09/23 06:21:47] - Test Loss 	 Test Acc 	 PGD Loss 	 PGD Acc
[2025/09/23 06:21:47] - 3.3841 	 	 0.4689 	 3.7583 	 0.2342
[2025/09/23 06:24:08] - 84 	 136.6 	 	 0.1000 	 4.9824 	 0.3142
[2025/09/23 06:24:08] - ==> Building model..
[2025/09/23 06:25:01] - Test Loss 	 Test Acc 	 PGD Loss 	 PGD Acc
[2025/09/23 06:25:01] - 3.3835 	 	 0.4698 	 3.7577 	 0.2341
[2025/09/23 06:27:23] - 85 	 137.1 	 	 0.1000 	 4.9817 	 0.3180
[2025/09/23 06:27:23] - ==> Building model..
[2025/09/23 06:28:15] - Test Loss 	 Test Acc 	 PGD Loss 	 PGD Acc
[2025/09/23 06:28:15] - 3.3820 	 	 0.4704 	 3.7568 	 0.2341
[2025/09/23 06:30:36] - 86 	 136.6 	 	 0.1000 	 4.9816 	 0.3171
[2025/09/23 06:30:36] - ==> Building model..
[2025/09/23 06:31:28] - Test Loss 	 Test Acc 	 PGD Loss 	 PGD Acc
[2025/09/23 06:31:28] - 3.3819 	 	 0.4693 	 3.7572 	 0.2335
[2025/09/23 06:33:49] - 87 	 136.5 	 	 0.1000 	 4.9813 	 0.3167
[2025/09/23 06:33:49] - ==> Building model..
[2025/09/23 06:34:40] - Test Loss 	 Test Acc 	 PGD Loss 	 PGD Acc
[2025/09/23 06:34:40] - 3.3805 	 	 0.4693 	 3.7559 	 0.2346
[2025/09/23 06:37:02] - 88 	 136.7 	 	 0.1000 	 4.9811 	 0.3170
[2025/09/23 06:37:02] - ==> Building model..
[2025/09/23 06:37:53] - Test Loss 	 Test Acc 	 PGD Loss 	 PGD Acc
[2025/09/23 06:37:53] - 3.3792 	 	 0.4691 	 3.7552 	 0.2348
[2025/09/23 06:40:14] - 89 	 136.2 	 	 0.1000 	 4.9809 	 0.3179
[2025/09/23 06:40:14] - ==> Building model..
[2025/09/23 06:41:06] - Test Loss 	 Test Acc 	 PGD Loss 	 PGD Acc
[2025/09/23 06:41:06] - 3.3778 	 	 0.4696 	 3.7545 	 0.2342
[2025/09/23 06:43:27] - 90 	 136.5 	 	 0.1000 	 4.9803 	 0.3190
[2025/09/23 06:43:27] - ==> Building model..
[2025/09/23 06:44:19] - Test Loss 	 Test Acc 	 PGD Loss 	 PGD Acc
[2025/09/23 06:44:19] - 3.3768 	 	 0.4699 	 3.7542 	 0.2341
[2025/09/23 06:46:39] - 91 	 136.3 	 	 0.1000 	 4.9803 	 0.3194
[2025/09/23 06:46:39] - ==> Building model..
[2025/09/23 06:47:31] - Test Loss 	 Test Acc 	 PGD Loss 	 PGD Acc
[2025/09/23 06:47:31] - 3.3772 	 	 0.4708 	 3.7550 	 0.2351
[2025/09/23 06:49:52] - 92 	 136.6 	 	 0.1000 	 4.9805 	 0.3172
[2025/09/23 06:49:52] - ==> Building model..
[2025/09/23 06:50:44] - Test Loss 	 Test Acc 	 PGD Loss 	 PGD Acc
[2025/09/23 06:50:44] - 3.3788 	 	 0.4715 	 3.7572 	 0.2353
[2025/09/23 06:53:05] - 93 	 136.6 	 	 0.1000 	 4.9801 	 0.3179
[2025/09/23 06:53:05] - ==> Building model..
[2025/09/23 06:53:57] - Test Loss 	 Test Acc 	 PGD Loss 	 PGD Acc
[2025/09/23 06:53:57] - 3.3812 	 	 0.4717 	 3.7600 	 0.2354
[2025/09/23 06:56:18] - 94 	 136.6 	 	 0.1000 	 4.9806 	 0.3172
[2025/09/23 06:56:18] - ==> Building model..
[2025/09/23 06:57:10] - Test Loss 	 Test Acc 	 PGD Loss 	 PGD Acc
[2025/09/23 06:57:10] - 3.3854 	 	 0.4710 	 3.7638 	 0.2350
[2025/09/23 06:59:31] - 95 	 136.5 	 	 0.1000 	 4.9802 	 0.3195
[2025/09/23 06:59:31] - ==> Building model..
[2025/09/23 07:00:22] - Test Loss 	 Test Acc 	 PGD Loss 	 PGD Acc
[2025/09/23 07:00:22] - 3.3887 	 	 0.4710 	 3.7673 	 0.2350
[2025/09/23 07:02:43] - 96 	 136.6 	 	 0.1000 	 4.9801 	 0.3177
[2025/09/23 07:02:43] - ==> Building model..
[2025/09/23 07:03:34] - Test Loss 	 Test Acc 	 PGD Loss 	 PGD Acc
[2025/09/23 07:03:34] - 3.3930 	 	 0.4718 	 3.7720 	 0.2354
[2025/09/23 07:05:55] - 97 	 136.2 	 	 0.1000 	 4.9805 	 0.3173
[2025/09/23 07:05:55] - ==> Building model..
[2025/09/23 07:06:47] - Test Loss 	 Test Acc 	 PGD Loss 	 PGD Acc
[2025/09/23 07:06:47] - 3.3960 	 	 0.4727 	 3.7756 	 0.2359
[2025/09/23 07:09:08] - 98 	 136.8 	 	 0.1000 	 4.9794 	 0.3197
[2025/09/23 07:09:08] - ==> Building model..
[2025/09/23 07:10:00] - Test Loss 	 Test Acc 	 PGD Loss 	 PGD Acc
[2025/09/23 07:10:00] - 3.3987 	 	 0.4725 	 3.7785 	 0.2356
[2025/09/23 07:12:21] - 99 	 136.4 	 	 0.0100 	 4.8813 	 0.4462
[2025/09/23 07:12:21] - ==> Building model..
[2025/09/23 07:13:13] - Test Loss 	 Test Acc 	 PGD Loss 	 PGD Acc
[2025/09/23 07:13:13] - 3.3987 	 	 0.4722 	 3.7783 	 0.2360
[2025/09/23 07:15:34] - 100 	 136.1 	 	 0.0100 	 4.8137 	 0.5397
[2025/09/23 07:15:34] - ==> Building model..
[2025/09/23 07:16:26] - Test Loss 	 Test Acc 	 PGD Loss 	 PGD Acc
[2025/09/23 07:16:26] - 3.3987 	 	 0.4722 	 3.7783 	 0.2357
[2025/09/23 07:18:46] - 101 	 135.9 	 	 0.0100 	 4.7881 	 0.5806
[2025/09/23 07:18:46] - ==> Building model..
[2025/09/23 07:19:38] - Test Loss 	 Test Acc 	 PGD Loss 	 PGD Acc
[2025/09/23 07:19:38] - 3.3987 	 	 0.4722 	 3.7784 	 0.2356
[2025/09/23 07:21:58] - 102 	 135.7 	 	 0.0100 	 4.7670 	 0.6155
[2025/09/23 07:21:58] - ==> Building model..
[2025/09/23 07:22:50] - Test Loss 	 Test Acc 	 PGD Loss 	 PGD Acc
[2025/09/23 07:22:50] - 3.3987 	 	 0.4722 	 3.7780 	 0.2360
[2025/09/23 07:25:10] - 103 	 135.8 	 	 0.0100 	 4.7495 	 0.6474
[2025/09/23 07:25:10] - ==> Building model..
[2025/09/23 07:26:02] - Test Loss 	 Test Acc 	 PGD Loss 	 PGD Acc
[2025/09/23 07:26:02] - 3.3987 	 	 0.4722 	 3.7782 	 0.2354
[2025/09/23 07:28:22] - 104 	 135.9 	 	 0.0010 	 4.7026 	 0.7241
[2025/09/23 07:28:22] - ==> Building model..
[2025/09/23 07:29:14] - Test Loss 	 Test Acc 	 PGD Loss 	 PGD Acc
[2025/09/23 07:29:14] - 3.3987 	 	 0.4722 	 3.7781 	 0.2355
[2025/09/23 07:31:35] - 105 	 136.1 	 	 0.0010 	 4.6814 	 0.7570
[2025/09/23 07:31:35] - ==> Building model..
[2025/09/23 07:32:27] - Test Loss 	 Test Acc 	 PGD Loss 	 PGD Acc
[2025/09/23 07:32:27] - 3.3987 	 	 0.4722 	 3.7784 	 0.2357
[2025/09/23 07:34:47] - 106 	 136.2 	 	 0.0010 	 4.6755 	 0.7669
[2025/09/23 07:34:47] - ==> Building model..
[2025/09/23 07:35:39] - Test Loss 	 Test Acc 	 PGD Loss 	 PGD Acc
[2025/09/23 07:35:39] - 3.3987 	 	 0.4722 	 3.7781 	 0.2356
[2025/09/23 07:38:00] - 107 	 136.0 	 	 0.0010 	 4.6705 	 0.7773
[2025/09/23 07:38:00] - ==> Building model..
[2025/09/23 07:38:52] - Test Loss 	 Test Acc 	 PGD Loss 	 PGD Acc
[2025/09/23 07:38:52] - 3.3987 	 	 0.4722 	 3.7782 	 0.2355
[2025/09/23 07:41:12] - 108 	 136.0 	 	 0.0010 	 4.6659 	 0.7847
[2025/09/23 07:41:12] - ==> Building model..
[2025/09/23 07:42:04] - Test Loss 	 Test Acc 	 PGD Loss 	 PGD Acc
[2025/09/23 07:42:04] - 3.3987 	 	 0.4722 	 3.7786 	 0.2353
[2025/09/23 07:44:24] - 109 	 136.0 	 	 0.0010 	 4.6615 	 0.7919
[2025/09/23 07:44:24] - ==> Building model..
[2025/09/23 07:45:16] - Test Loss 	 Test Acc 	 PGD Loss 	 PGD Acc
[2025/09/23 07:45:16] - 3.3987 	 	 0.4722 	 3.7787 	 0.2355
[2025/09/23 07:45:17] - [0.0859, 0.1511, 0.1912, 0.215, 0.2372, 0.2465, 0.2598, 0.2955, 0.3292, 0.3517, 0.3659, 0.3767, 0.3835, 0.3925, 0.4008, 0.407, 0.4116, 0.4143, 0.4188, 0.4209, 0.4251, 0.4279, 0.4327, 0.4353, 0.4362, 0.4386, 0.4405, 0.4402, 0.4435, 0.4442, 0.445, 0.4463, 0.4481, 0.449, 0.4499, 0.4519, 0.4515, 0.4528, 0.4543, 0.4559, 0.4572, 0.4576, 0.4599, 0.4622, 0.4615, 0.4623, 0.4622, 0.4633, 0.4637, 0.4644, 0.4646, 0.4649, 0.4666, 0.4654, 0.4666, 0.4669, 0.4659, 0.466, 0.4655, 0.4657, 0.4666, 0.4671, 0.4683, 0.4667, 0.4665, 0.4672, 0.4669, 0.4664, 0.4668, 0.4684, 0.4684, 0.4673, 0.4671, 0.4673, 0.4675, 0.467, 0.4671, 0.4665, 0.4675, 0.4675, 0.4675, 0.4677, 0.4672, 0.4689, 0.4698, 0.4704, 0.4693, 0.4693, 0.4691, 0.4696, 0.4699, 0.4708, 0.4715, 0.4717, 0.471, 0.471, 0.4718, 0.4727, 0.4725, 0.4722, 0.4722, 0.4722, 0.4722, 0.4722, 0.4722, 0.4722, 0.4722, 0.4722, 0.4722, 0.4722]
[2025/09/23 07:45:17] - [0.0473, 0.0785, 0.1019, 0.1124, 0.1208, 0.1235, 0.1302, 0.1485, 0.1673, 0.1781, 0.1854, 0.19, 0.1944, 0.1956, 0.198, 0.2019, 0.2036, 0.2058, 0.2061, 0.208, 0.2111, 0.2115, 0.2129, 0.2142, 0.216, 0.2162, 0.2175, 0.2182, 0.2176, 0.2201, 0.2211, 0.2223, 0.2224, 0.2211, 0.223, 0.2237, 0.2233, 0.2235, 0.2243, 0.2251, 0.2248, 0.2246, 0.2254, 0.226, 0.2264, 0.2271, 0.2282, 0.2281, 0.229, 0.2288, 0.2299, 0.2299, 0.2302, 0.2311, 0.2314, 0.2324, 0.2313, 0.2319, 0.2315, 0.2317, 0.2311, 0.2316, 0.2318, 0.2322, 0.2325, 0.2328, 0.2324, 0.2331, 0.2334, 0.2342, 0.2336, 0.2338, 0.2338, 0.2336, 0.2334, 0.2337, 0.2336, 0.234, 0.2345, 0.2344, 0.2342, 0.234, 0.2341, 0.2342, 0.2341, 0.2341, 0.2335, 0.2346, 0.2348, 0.2342, 0.2341, 0.2351, 0.2353, 0.2354, 0.235, 0.235, 0.2354, 0.2359, 0.2356, 0.236, 0.2357, 0.2356, 0.236, 0.2354, 0.2355, 0.2357, 0.2356, 0.2355, 0.2353, 0.2355]
