[2025/10/05 04:07:31] - Namespace(batch_size=128, data_dir='cifar-data', epochs=100, lr_schedule='multistep', lr_min=0.0, lr_max=0.2, weight_decay=0.0005, momentum=0.9, model='ResNet18', epsilon=8, alpha=8, delta_init='random', normal_mean=0, normal_std=1, out_dir='./output/CIFAR100/beta_0.4/lam_scale_0.15', seed=0, lamda=42, lam_scale=0.15, lam_start=50, gamma=0.05, inner_gamma=0.05, beta=0.4, mu=3.5, batch_m=0.75, early_stop=False, factor=0.5, length=4, n_holes=1, c_num=0.125, EMA_value=0.55)
[2025/10/05 04:07:33] - ==> Building model..
[2025/10/05 04:07:33] - Epoch 	 Seconds 	 LR 	 	 Train Loss 	 Train Acc
[2025/10/05 04:08:18] - 0 	 19.2 	 	 0.2000 	 4.5698 	 0.0401
[2025/10/05 04:08:18] - ==> Building model..
[2025/10/05 04:08:35] - Test Loss 	 Test Acc 	 PGD Loss 	 PGD Acc
[2025/10/05 04:08:35] - 4.2039 	 	 0.0874 	 4.2186 	 0.0591
[2025/10/05 04:09:20] - 1 	 18.4 	 	 0.2000 	 4.4564 	 0.0798
[2025/10/05 04:09:20] - ==> Building model..
[2025/10/05 04:09:36] - Test Loss 	 Test Acc 	 PGD Loss 	 PGD Acc
[2025/10/05 04:09:36] - 4.0008 	 	 0.1475 	 4.0322 	 0.0952
[2025/10/05 04:10:21] - 2 	 18.4 	 	 0.2000 	 4.4044 	 0.1053
[2025/10/05 04:10:21] - ==> Building model..
[2025/10/05 04:10:38] - Test Loss 	 Test Acc 	 PGD Loss 	 PGD Acc
[2025/10/05 04:10:38] - 3.8669 	 	 0.1902 	 3.9152 	 0.1179
[2025/10/05 04:11:24] - 3 	 19.0 	 	 0.2000 	 4.3570 	 0.1279
[2025/10/05 04:11:24] - ==> Building model..
[2025/10/05 04:11:40] - Test Loss 	 Test Acc 	 PGD Loss 	 PGD Acc
[2025/10/05 04:11:40] - 3.6957 	 	 0.2380 	 3.7685 	 0.1397
[2025/10/05 04:12:26] - 4 	 18.8 	 	 0.2000 	 4.3132 	 0.1506
[2025/10/05 04:12:26] - ==> Building model..
[2025/10/05 04:12:44] - Test Loss 	 Test Acc 	 PGD Loss 	 PGD Acc
[2025/10/05 04:12:44] - 3.5749 	 	 0.2727 	 3.6697 	 0.1633
[2025/10/05 04:13:31] - 5 	 19.4 	 	 0.2000 	 4.2745 	 0.1709
[2025/10/05 04:13:31] - ==> Building model..
[2025/10/05 04:13:49] - Test Loss 	 Test Acc 	 PGD Loss 	 PGD Acc
[2025/10/05 04:13:49] - 3.4425 	 	 0.3015 	 3.5563 	 0.1743
[2025/10/05 04:14:35] - 6 	 19.0 	 	 0.2000 	 4.2433 	 0.1881
[2025/10/05 04:14:35] - ==> Building model..
[2025/10/05 04:14:51] - Test Loss 	 Test Acc 	 PGD Loss 	 PGD Acc
[2025/10/05 04:14:51] - 3.2227 	 	 0.3496 	 3.3721 	 0.1937
[2025/10/05 04:15:36] - 7 	 19.0 	 	 0.2000 	 4.2232 	 0.2002
[2025/10/05 04:15:36] - ==> Building model..
[2025/10/05 04:15:54] - Test Loss 	 Test Acc 	 PGD Loss 	 PGD Acc
[2025/10/05 04:15:54] - 3.0671 	 	 0.3813 	 3.2442 	 0.2074
[2025/10/05 04:16:41] - 8 	 19.5 	 	 0.2000 	 4.2040 	 0.2096
[2025/10/05 04:16:41] - ==> Building model..
[2025/10/05 04:16:57] - Test Loss 	 Test Acc 	 PGD Loss 	 PGD Acc
[2025/10/05 04:16:57] - 2.9671 	 	 0.4022 	 3.1660 	 0.2174
[2025/10/05 04:17:43] - 9 	 19.1 	 	 0.2000 	 4.1881 	 0.2189
[2025/10/05 04:17:43] - ==> Building model..
[2025/10/05 04:17:59] - Test Loss 	 Test Acc 	 PGD Loss 	 PGD Acc
[2025/10/05 04:17:59] - 2.9022 	 	 0.4165 	 3.1153 	 0.2251
[2025/10/05 04:18:46] - 10 	 19.6 	 	 0.2000 	 4.1757 	 0.2264
[2025/10/05 04:18:46] - ==> Building model..
[2025/10/05 04:19:03] - Test Loss 	 Test Acc 	 PGD Loss 	 PGD Acc
[2025/10/05 04:19:03] - 2.8573 	 	 0.4296 	 3.0815 	 0.2304
[2025/10/05 04:19:50] - 11 	 19.2 	 	 0.2000 	 4.1685 	 0.2290
[2025/10/05 04:19:50] - ==> Building model..
[2025/10/05 04:20:06] - Test Loss 	 Test Acc 	 PGD Loss 	 PGD Acc
[2025/10/05 04:20:06] - 2.8212 	 	 0.4402 	 3.0548 	 0.2360
[2025/10/05 04:20:52] - 12 	 19.6 	 	 0.2000 	 4.1592 	 0.2347
[2025/10/05 04:20:52] - ==> Building model..
[2025/10/05 04:21:09] - Test Loss 	 Test Acc 	 PGD Loss 	 PGD Acc
[2025/10/05 04:21:09] - 2.7857 	 	 0.4496 	 3.0281 	 0.2399
[2025/10/05 04:21:59] - 13 	 21.0 	 	 0.2000 	 4.1555 	 0.2361
[2025/10/05 04:21:59] - ==> Building model..
[2025/10/05 04:22:16] - Test Loss 	 Test Acc 	 PGD Loss 	 PGD Acc
[2025/10/05 04:22:16] - 2.7523 	 	 0.4550 	 3.0015 	 0.2434
[2025/10/05 04:23:06] - 14 	 21.1 	 	 0.2000 	 4.1491 	 0.2399
[2025/10/05 04:23:06] - ==> Building model..
[2025/10/05 04:23:23] - Test Loss 	 Test Acc 	 PGD Loss 	 PGD Acc
[2025/10/05 04:23:23] - 2.7310 	 	 0.4616 	 2.9866 	 0.2461
[2025/10/05 04:24:14] - 15 	 20.7 	 	 0.2000 	 4.1424 	 0.2451
[2025/10/05 04:24:14] - ==> Building model..
[2025/10/05 04:24:31] - Test Loss 	 Test Acc 	 PGD Loss 	 PGD Acc
[2025/10/05 04:24:31] - 2.7108 	 	 0.4653 	 2.9704 	 0.2488
[2025/10/05 04:25:20] - 16 	 20.5 	 	 0.2000 	 4.1373 	 0.2478
[2025/10/05 04:25:20] - ==> Building model..
[2025/10/05 04:25:37] - Test Loss 	 Test Acc 	 PGD Loss 	 PGD Acc
[2025/10/05 04:25:37] - 2.7013 	 	 0.4675 	 2.9625 	 0.2505
[2025/10/05 04:26:27] - 17 	 20.7 	 	 0.2000 	 4.1358 	 0.2477
[2025/10/05 04:26:27] - ==> Building model..
[2025/10/05 04:26:43] - Test Loss 	 Test Acc 	 PGD Loss 	 PGD Acc
[2025/10/05 04:26:43] - 2.6861 	 	 0.4727 	 2.9520 	 0.2517
[2025/10/05 04:27:29] - 18 	 19.5 	 	 0.2000 	 4.1299 	 0.2512
[2025/10/05 04:27:29] - ==> Building model..
[2025/10/05 04:27:46] - Test Loss 	 Test Acc 	 PGD Loss 	 PGD Acc
[2025/10/05 04:27:46] - 2.6738 	 	 0.4767 	 2.9444 	 0.2549
[2025/10/05 04:28:32] - 19 	 19.5 	 	 0.2000 	 4.1267 	 0.2550
[2025/10/05 04:28:32] - ==> Building model..
[2025/10/05 04:28:50] - Test Loss 	 Test Acc 	 PGD Loss 	 PGD Acc
[2025/10/05 04:28:50] - 2.6641 	 	 0.4765 	 2.9362 	 0.2545
[2025/10/05 04:29:40] - 20 	 20.8 	 	 0.2000 	 4.1252 	 0.2556
[2025/10/05 04:29:40] - ==> Building model..
[2025/10/05 04:29:57] - Test Loss 	 Test Acc 	 PGD Loss 	 PGD Acc
[2025/10/05 04:29:57] - 2.6573 	 	 0.4815 	 2.9313 	 0.2555
[2025/10/05 04:30:47] - 21 	 20.7 	 	 0.2000 	 4.1205 	 0.2573
[2025/10/05 04:30:47] - ==> Building model..
[2025/10/05 04:31:04] - Test Loss 	 Test Acc 	 PGD Loss 	 PGD Acc
[2025/10/05 04:31:04] - 2.6478 	 	 0.4843 	 2.9243 	 0.2572
[2025/10/05 04:31:53] - 22 	 20.2 	 	 0.2000 	 4.1216 	 0.2563
[2025/10/05 04:31:53] - ==> Building model..
[2025/10/05 04:32:09] - Test Loss 	 Test Acc 	 PGD Loss 	 PGD Acc
[2025/10/05 04:32:09] - 2.6390 	 	 0.4864 	 2.9184 	 0.2604
[2025/10/05 04:32:56] - 23 	 19.6 	 	 0.2000 	 4.1186 	 0.2587
[2025/10/05 04:32:56] - ==> Building model..
[2025/10/05 04:33:13] - Test Loss 	 Test Acc 	 PGD Loss 	 PGD Acc
[2025/10/05 04:33:13] - 2.6295 	 	 0.4910 	 2.9112 	 0.2606
[2025/10/05 04:34:03] - 24 	 21.0 	 	 0.2000 	 4.1152 	 0.2601
[2025/10/05 04:34:03] - ==> Building model..
[2025/10/05 04:34:21] - Test Loss 	 Test Acc 	 PGD Loss 	 PGD Acc
[2025/10/05 04:34:21] - 2.6248 	 	 0.4920 	 2.9092 	 0.2641
[2025/10/05 04:35:11] - 25 	 20.8 	 	 0.2000 	 4.1133 	 0.2640
[2025/10/05 04:35:11] - ==> Building model..
[2025/10/05 04:35:29] - Test Loss 	 Test Acc 	 PGD Loss 	 PGD Acc
[2025/10/05 04:35:29] - 2.6143 	 	 0.4949 	 2.9007 	 0.2644
[2025/10/05 04:36:18] - 26 	 20.4 	 	 0.2000 	 4.1104 	 0.2640
[2025/10/05 04:36:18] - ==> Building model..
[2025/10/05 04:36:35] - Test Loss 	 Test Acc 	 PGD Loss 	 PGD Acc
[2025/10/05 04:36:35] - 2.6037 	 	 0.4969 	 2.8914 	 0.2621
[2025/10/05 04:37:26] - 27 	 21.2 	 	 0.2000 	 4.1092 	 0.2659
[2025/10/05 04:37:26] - ==> Building model..
[2025/10/05 04:37:43] - Test Loss 	 Test Acc 	 PGD Loss 	 PGD Acc
[2025/10/05 04:37:43] - 2.5986 	 	 0.5000 	 2.8876 	 0.2642
[2025/10/05 04:38:32] - 28 	 20.4 	 	 0.2000 	 4.1088 	 0.2648
[2025/10/05 04:38:32] - ==> Building model..
[2025/10/05 04:38:49] - Test Loss 	 Test Acc 	 PGD Loss 	 PGD Acc
[2025/10/05 04:38:49] - 2.6009 	 	 0.4999 	 2.8905 	 0.2659
[2025/10/05 04:39:37] - 29 	 20.4 	 	 0.2000 	 4.1063 	 0.2685
[2025/10/05 04:39:37] - ==> Building model..
[2025/10/05 04:39:54] - Test Loss 	 Test Acc 	 PGD Loss 	 PGD Acc
[2025/10/05 04:39:54] - 2.5973 	 	 0.5004 	 2.8889 	 0.2685
[2025/10/05 04:40:42] - 30 	 20.5 	 	 0.2000 	 4.1082 	 0.2637
[2025/10/05 04:40:42] - ==> Building model..
[2025/10/05 04:40:59] - Test Loss 	 Test Acc 	 PGD Loss 	 PGD Acc
[2025/10/05 04:40:59] - 2.5966 	 	 0.5023 	 2.8877 	 0.2688
[2025/10/05 04:41:47] - 31 	 20.6 	 	 0.2000 	 4.1058 	 0.2653
[2025/10/05 04:41:47] - ==> Building model..
[2025/10/05 04:42:04] - Test Loss 	 Test Acc 	 PGD Loss 	 PGD Acc
[2025/10/05 04:42:04] - 2.5932 	 	 0.5025 	 2.8848 	 0.2690
[2025/10/05 04:42:55] - 32 	 21.5 	 	 0.2000 	 4.1031 	 0.2680
[2025/10/05 04:42:55] - ==> Building model..
[2025/10/05 04:43:12] - Test Loss 	 Test Acc 	 PGD Loss 	 PGD Acc
[2025/10/05 04:43:12] - 2.5874 	 	 0.5030 	 2.8798 	 0.2716
[2025/10/05 04:44:01] - 33 	 20.4 	 	 0.2000 	 4.1030 	 0.2686
[2025/10/05 04:44:01] - ==> Building model..
[2025/10/05 04:44:19] - Test Loss 	 Test Acc 	 PGD Loss 	 PGD Acc
[2025/10/05 04:44:19] - 2.5823 	 	 0.5028 	 2.8752 	 0.2726
[2025/10/05 04:45:05] - 34 	 19.1 	 	 0.2000 	 4.1013 	 0.2702
[2025/10/05 04:45:05] - ==> Building model..
[2025/10/05 04:45:22] - Test Loss 	 Test Acc 	 PGD Loss 	 PGD Acc
[2025/10/05 04:45:22] - 2.5761 	 	 0.5038 	 2.8704 	 0.2739
[2025/10/05 04:46:10] - 35 	 20.1 	 	 0.2000 	 4.0988 	 0.2724
[2025/10/05 04:46:10] - ==> Building model..
[2025/10/05 04:46:28] - Test Loss 	 Test Acc 	 PGD Loss 	 PGD Acc
[2025/10/05 04:46:28] - 2.5711 	 	 0.5045 	 2.8669 	 0.2722
[2025/10/05 04:47:16] - 36 	 20.5 	 	 0.2000 	 4.0991 	 0.2707
[2025/10/05 04:47:16] - ==> Building model..
[2025/10/05 04:47:34] - Test Loss 	 Test Acc 	 PGD Loss 	 PGD Acc
[2025/10/05 04:47:34] - 2.5670 	 	 0.5078 	 2.8651 	 0.2738
[2025/10/05 04:48:22] - 37 	 20.2 	 	 0.2000 	 4.0978 	 0.2717
[2025/10/05 04:48:22] - ==> Building model..
[2025/10/05 04:48:39] - Test Loss 	 Test Acc 	 PGD Loss 	 PGD Acc
[2025/10/05 04:48:39] - 2.5653 	 	 0.5069 	 2.8637 	 0.2727
[2025/10/05 04:49:27] - 38 	 19.7 	 	 0.2000 	 4.0973 	 0.2713
[2025/10/05 04:49:27] - ==> Building model..
[2025/10/05 04:49:43] - Test Loss 	 Test Acc 	 PGD Loss 	 PGD Acc
[2025/10/05 04:49:43] - 2.5621 	 	 0.5093 	 2.8607 	 0.2737
[2025/10/05 04:50:30] - 39 	 20.0 	 	 0.2000 	 4.0973 	 0.2704
[2025/10/05 04:50:30] - ==> Building model..
[2025/10/05 04:50:47] - Test Loss 	 Test Acc 	 PGD Loss 	 PGD Acc
[2025/10/05 04:50:47] - 2.5651 	 	 0.5089 	 2.8619 	 0.2733
[2025/10/05 04:51:35] - 40 	 20.5 	 	 0.2000 	 4.0964 	 0.2732
[2025/10/05 04:51:35] - ==> Building model..
[2025/10/05 04:51:53] - Test Loss 	 Test Acc 	 PGD Loss 	 PGD Acc
[2025/10/05 04:51:53] - 2.5662 	 	 0.5075 	 2.8629 	 0.2730
[2025/10/05 04:52:40] - 41 	 19.9 	 	 0.2000 	 4.0969 	 0.2697
[2025/10/05 04:52:40] - ==> Building model..
[2025/10/05 04:52:57] - Test Loss 	 Test Acc 	 PGD Loss 	 PGD Acc
[2025/10/05 04:52:57] - 2.5660 	 	 0.5075 	 2.8622 	 0.2728
[2025/10/05 04:53:43] - 42 	 19.4 	 	 0.2000 	 4.0978 	 0.2718
[2025/10/05 04:53:43] - ==> Building model..
[2025/10/05 04:53:59] - Test Loss 	 Test Acc 	 PGD Loss 	 PGD Acc
[2025/10/05 04:53:59] - 2.5648 	 	 0.5092 	 2.8621 	 0.2732
[2025/10/05 04:54:45] - 43 	 19.3 	 	 0.2000 	 4.0962 	 0.2720
[2025/10/05 04:54:45] - ==> Building model..
[2025/10/05 04:55:01] - Test Loss 	 Test Acc 	 PGD Loss 	 PGD Acc
[2025/10/05 04:55:01] - 2.5621 	 	 0.5111 	 2.8600 	 0.2740
[2025/10/05 04:55:46] - 44 	 18.8 	 	 0.2000 	 4.0956 	 0.2727
[2025/10/05 04:55:46] - ==> Building model..
[2025/10/05 04:56:02] - Test Loss 	 Test Acc 	 PGD Loss 	 PGD Acc
[2025/10/05 04:56:02] - 2.5598 	 	 0.5146 	 2.8591 	 0.2744
[2025/10/05 04:56:48] - 45 	 18.9 	 	 0.2000 	 4.0926 	 0.2745
[2025/10/05 04:56:48] - ==> Building model..
[2025/10/05 04:57:04] - Test Loss 	 Test Acc 	 PGD Loss 	 PGD Acc
[2025/10/05 04:57:04] - 2.5606 	 	 0.5150 	 2.8596 	 0.2744
[2025/10/05 04:57:50] - 46 	 19.1 	 	 0.2000 	 4.0910 	 0.2760
[2025/10/05 04:57:50] - ==> Building model..
[2025/10/05 04:58:06] - Test Loss 	 Test Acc 	 PGD Loss 	 PGD Acc
[2025/10/05 04:58:06] - 2.5610 	 	 0.5156 	 2.8604 	 0.2755
[2025/10/05 04:58:51] - 47 	 18.9 	 	 0.2000 	 4.0921 	 0.2751
[2025/10/05 04:58:51] - ==> Building model..
[2025/10/05 04:59:08] - Test Loss 	 Test Acc 	 PGD Loss 	 PGD Acc
[2025/10/05 04:59:08] - 2.5568 	 	 0.5157 	 2.8571 	 0.2758
[2025/10/05 04:59:53] - 48 	 18.8 	 	 0.2000 	 4.0901 	 0.2778
[2025/10/05 04:59:53] - ==> Building model..
[2025/10/05 05:00:09] - Test Loss 	 Test Acc 	 PGD Loss 	 PGD Acc
[2025/10/05 05:00:09] - 2.5557 	 	 0.5157 	 2.8558 	 0.2778
[2025/10/05 05:00:55] - 49 	 19.0 	 	 0.2000 	 4.0902 	 0.2762
[2025/10/05 05:00:55] - ==> Building model..
[2025/10/05 05:01:12] - Test Loss 	 Test Acc 	 PGD Loss 	 PGD Acc
[2025/10/05 05:01:12] - 2.5563 	 	 0.5149 	 2.8554 	 0.2783
[2025/10/05 05:01:58] - 50 	 19.7 	 	 0.2000 	 4.0910 	 0.2746
[2025/10/05 05:01:58] - ==> Building model..
[2025/10/05 05:02:15] - Test Loss 	 Test Acc 	 PGD Loss 	 PGD Acc
[2025/10/05 05:02:15] - 2.5550 	 	 0.5146 	 2.8547 	 0.2791
[2025/10/05 05:03:02] - 51 	 19.4 	 	 0.2000 	 4.0921 	 0.2730
[2025/10/05 05:03:02] - ==> Building model..
[2025/10/05 05:03:18] - Test Loss 	 Test Acc 	 PGD Loss 	 PGD Acc
[2025/10/05 05:03:18] - 2.5545 	 	 0.5145 	 2.8542 	 0.2793
[2025/10/05 05:04:03] - 52 	 18.9 	 	 0.2000 	 4.0905 	 0.2758
[2025/10/05 05:04:03] - ==> Building model..
[2025/10/05 05:04:19] - Test Loss 	 Test Acc 	 PGD Loss 	 PGD Acc
[2025/10/05 05:04:19] - 2.5532 	 	 0.5153 	 2.8534 	 0.2787
[2025/10/05 05:05:05] - 53 	 19.0 	 	 0.2000 	 4.0896 	 0.2793
[2025/10/05 05:05:05] - ==> Building model..
[2025/10/05 05:05:22] - Test Loss 	 Test Acc 	 PGD Loss 	 PGD Acc
[2025/10/05 05:05:22] - 2.5514 	 	 0.5163 	 2.8512 	 0.2795
[2025/10/05 05:06:08] - 54 	 19.5 	 	 0.2000 	 4.0945 	 0.2744
[2025/10/05 05:06:08] - ==> Building model..
[2025/10/05 05:06:26] - Test Loss 	 Test Acc 	 PGD Loss 	 PGD Acc
[2025/10/05 05:06:26] - 2.5536 	 	 0.5170 	 2.8531 	 0.2792
[2025/10/05 05:07:11] - 55 	 19.0 	 	 0.2000 	 4.0931 	 0.2778
[2025/10/05 05:07:11] - ==> Building model..
[2025/10/05 05:07:29] - Test Loss 	 Test Acc 	 PGD Loss 	 PGD Acc
[2025/10/05 05:07:29] - 2.5555 	 	 0.5173 	 2.8544 	 0.2799
[2025/10/05 05:08:20] - 56 	 21.3 	 	 0.2000 	 4.0942 	 0.2754
[2025/10/05 05:08:20] - ==> Building model..
[2025/10/05 05:08:37] - Test Loss 	 Test Acc 	 PGD Loss 	 PGD Acc
[2025/10/05 05:08:37] - 2.5608 	 	 0.5171 	 2.8587 	 0.2798
[2025/10/05 05:09:25] - 57 	 20.3 	 	 0.2000 	 4.0947 	 0.2798
[2025/10/05 05:09:25] - ==> Building model..
[2025/10/05 05:09:43] - Test Loss 	 Test Acc 	 PGD Loss 	 PGD Acc
[2025/10/05 05:09:43] - 2.5629 	 	 0.5158 	 2.8608 	 0.2802
[2025/10/05 05:10:32] - 58 	 20.7 	 	 0.2000 	 4.0948 	 0.2766
[2025/10/05 05:10:32] - ==> Building model..
[2025/10/05 05:10:49] - Test Loss 	 Test Acc 	 PGD Loss 	 PGD Acc
[2025/10/05 05:10:49] - 2.5671 	 	 0.5174 	 2.8639 	 0.2797
[2025/10/05 05:11:37] - 59 	 20.2 	 	 0.2000 	 4.0955 	 0.2767
[2025/10/05 05:11:37] - ==> Building model..
[2025/10/05 05:11:54] - Test Loss 	 Test Acc 	 PGD Loss 	 PGD Acc
[2025/10/05 05:11:54] - 2.5712 	 	 0.5157 	 2.8664 	 0.2777
[2025/10/05 05:12:42] - 60 	 20.2 	 	 0.2000 	 4.0936 	 0.2774
[2025/10/05 05:12:42] - ==> Building model..
[2025/10/05 05:13:00] - Test Loss 	 Test Acc 	 PGD Loss 	 PGD Acc
[2025/10/05 05:13:00] - 2.5742 	 	 0.5141 	 2.8685 	 0.2774
[2025/10/05 05:13:50] - 61 	 20.8 	 	 0.2000 	 4.0950 	 0.2742
[2025/10/05 05:13:50] - ==> Building model..
[2025/10/05 05:14:08] - Test Loss 	 Test Acc 	 PGD Loss 	 PGD Acc
[2025/10/05 05:14:08] - 2.5761 	 	 0.5138 	 2.8689 	 0.2771
[2025/10/05 05:14:54] - 62 	 19.7 	 	 0.2000 	 4.0930 	 0.2790
[2025/10/05 05:14:54] - ==> Building model..
[2025/10/05 05:15:11] - Test Loss 	 Test Acc 	 PGD Loss 	 PGD Acc
[2025/10/05 05:15:11] - 2.5770 	 	 0.5134 	 2.8700 	 0.2776
[2025/10/05 05:15:58] - 63 	 19.8 	 	 0.2000 	 4.0952 	 0.2755
[2025/10/05 05:15:58] - ==> Building model..
[2025/10/05 05:16:16] - Test Loss 	 Test Acc 	 PGD Loss 	 PGD Acc
[2025/10/05 05:16:16] - 2.5787 	 	 0.5143 	 2.8707 	 0.2777
[2025/10/05 05:17:05] - 64 	 20.6 	 	 0.2000 	 4.0916 	 0.2790
[2025/10/05 05:17:05] - ==> Building model..
[2025/10/05 05:17:22] - Test Loss 	 Test Acc 	 PGD Loss 	 PGD Acc
[2025/10/05 05:17:22] - 2.5812 	 	 0.5137 	 2.8728 	 0.2791
[2025/10/05 05:18:11] - 65 	 20.5 	 	 0.2000 	 4.0914 	 0.2794
[2025/10/05 05:18:11] - ==> Building model..
[2025/10/05 05:18:28] - Test Loss 	 Test Acc 	 PGD Loss 	 PGD Acc
[2025/10/05 05:18:28] - 2.5832 	 	 0.5140 	 2.8742 	 0.2787
[2025/10/05 05:19:16] - 66 	 20.5 	 	 0.2000 	 4.0924 	 0.2776
[2025/10/05 05:19:16] - ==> Building model..
[2025/10/05 05:19:34] - Test Loss 	 Test Acc 	 PGD Loss 	 PGD Acc
[2025/10/05 05:19:34] - 2.5832 	 	 0.5155 	 2.8740 	 0.2799
[2025/10/05 05:20:20] - 67 	 19.6 	 	 0.2000 	 4.0918 	 0.2769
[2025/10/05 05:20:20] - ==> Building model..
[2025/10/05 05:20:37] - Test Loss 	 Test Acc 	 PGD Loss 	 PGD Acc
[2025/10/05 05:20:37] - 2.5852 	 	 0.5152 	 2.8754 	 0.2795
[2025/10/05 05:21:23] - 68 	 19.7 	 	 0.2000 	 4.0926 	 0.2769
[2025/10/05 05:21:23] - ==> Building model..
[2025/10/05 05:21:40] - Test Loss 	 Test Acc 	 PGD Loss 	 PGD Acc
[2025/10/05 05:21:40] - 2.5865 	 	 0.5152 	 2.8767 	 0.2790
[2025/10/05 05:22:29] - 69 	 20.4 	 	 0.2000 	 4.0930 	 0.2772
[2025/10/05 05:22:29] - ==> Building model..
[2025/10/05 05:22:46] - Test Loss 	 Test Acc 	 PGD Loss 	 PGD Acc
[2025/10/05 05:22:46] - 2.5901 	 	 0.5128 	 2.8786 	 0.2786
[2025/10/05 05:23:33] - 70 	 20.1 	 	 0.2000 	 4.0939 	 0.2761
[2025/10/05 05:23:33] - ==> Building model..
[2025/10/05 05:23:50] - Test Loss 	 Test Acc 	 PGD Loss 	 PGD Acc
[2025/10/05 05:23:50] - 2.5909 	 	 0.5129 	 2.8794 	 0.2804
[2025/10/05 05:24:38] - 71 	 20.3 	 	 0.2000 	 4.0918 	 0.2769
[2025/10/05 05:24:38] - ==> Building model..
[2025/10/05 05:24:54] - Test Loss 	 Test Acc 	 PGD Loss 	 PGD Acc
[2025/10/05 05:24:54] - 2.5912 	 	 0.5141 	 2.8796 	 0.2801
[2025/10/05 05:25:41] - 72 	 19.5 	 	 0.2000 	 4.0914 	 0.2775
[2025/10/05 05:25:41] - ==> Building model..
[2025/10/05 05:25:58] - Test Loss 	 Test Acc 	 PGD Loss 	 PGD Acc
[2025/10/05 05:25:58] - 2.5905 	 	 0.5144 	 2.8789 	 0.2806
[2025/10/05 05:26:44] - 73 	 19.4 	 	 0.2000 	 4.0912 	 0.2768
[2025/10/05 05:26:44] - ==> Building model..
[2025/10/05 05:27:01] - Test Loss 	 Test Acc 	 PGD Loss 	 PGD Acc
[2025/10/05 05:27:01] - 2.5911 	 	 0.5143 	 2.8793 	 0.2809
[2025/10/05 05:27:49] - 74 	 20.1 	 	 0.2000 	 4.0920 	 0.2785
[2025/10/05 05:27:49] - ==> Building model..
[2025/10/05 05:28:06] - Test Loss 	 Test Acc 	 PGD Loss 	 PGD Acc
[2025/10/05 05:28:06] - 2.5912 	 	 0.5144 	 2.8788 	 0.2816
[2025/10/05 05:28:56] - 75 	 20.5 	 	 0.2000 	 4.0916 	 0.2788
[2025/10/05 05:28:56] - ==> Building model..
[2025/10/05 05:29:12] - Test Loss 	 Test Acc 	 PGD Loss 	 PGD Acc
[2025/10/05 05:29:12] - 2.5919 	 	 0.5144 	 2.8790 	 0.2801
[2025/10/05 05:30:00] - 76 	 20.0 	 	 0.2000 	 4.0913 	 0.2811
[2025/10/05 05:30:00] - ==> Building model..
[2025/10/05 05:30:17] - Test Loss 	 Test Acc 	 PGD Loss 	 PGD Acc
[2025/10/05 05:30:17] - 2.5961 	 	 0.5135 	 2.8829 	 0.2797
[2025/10/05 05:31:05] - 77 	 20.0 	 	 0.2000 	 4.0910 	 0.2798
[2025/10/05 05:31:05] - ==> Building model..
[2025/10/05 05:31:22] - Test Loss 	 Test Acc 	 PGD Loss 	 PGD Acc
[2025/10/05 05:31:22] - 2.5998 	 	 0.5132 	 2.8864 	 0.2812
[2025/10/05 05:32:11] - 78 	 20.5 	 	 0.2000 	 4.0912 	 0.2777
[2025/10/05 05:32:11] - ==> Building model..
[2025/10/05 05:32:28] - Test Loss 	 Test Acc 	 PGD Loss 	 PGD Acc
[2025/10/05 05:32:28] - 2.6012 	 	 0.5151 	 2.8881 	 0.2813
[2025/10/05 05:33:12] - 79 	 18.6 	 	 0.2000 	 4.0910 	 0.2793
[2025/10/05 05:33:12] - ==> Building model..
[2025/10/05 05:33:29] - Test Loss 	 Test Acc 	 PGD Loss 	 PGD Acc
[2025/10/05 05:33:29] - 2.6012 	 	 0.5147 	 2.8875 	 0.2816
[2025/10/05 05:34:18] - 80 	 20.8 	 	 0.2000 	 4.0899 	 0.2782
[2025/10/05 05:34:18] - ==> Building model..
[2025/10/05 05:34:36] - Test Loss 	 Test Acc 	 PGD Loss 	 PGD Acc
[2025/10/05 05:34:36] - 2.6002 	 	 0.5147 	 2.8875 	 0.2805
[2025/10/05 05:35:27] - 81 	 21.0 	 	 0.2000 	 4.0903 	 0.2789
[2025/10/05 05:35:27] - ==> Building model..
[2025/10/05 05:35:45] - Test Loss 	 Test Acc 	 PGD Loss 	 PGD Acc
[2025/10/05 05:35:45] - 2.5997 	 	 0.5153 	 2.8870 	 0.2827
[2025/10/05 05:36:39] - 82 	 21.7 	 	 0.2000 	 4.0931 	 0.2782
[2025/10/05 05:36:39] - ==> Building model..
[2025/10/05 05:36:58] - Test Loss 	 Test Acc 	 PGD Loss 	 PGD Acc
[2025/10/05 05:36:58] - 2.5985 	 	 0.5155 	 2.8866 	 0.2829
[2025/10/05 05:37:51] - 83 	 21.3 	 	 0.2000 	 4.0889 	 0.2809
[2025/10/05 05:37:51] - ==> Building model..
[2025/10/05 05:38:09] - Test Loss 	 Test Acc 	 PGD Loss 	 PGD Acc
[2025/10/05 05:38:09] - 2.5990 	 	 0.5150 	 2.8871 	 0.2826
[2025/10/05 05:39:03] - 84 	 21.4 	 	 0.2000 	 4.0923 	 0.2780
[2025/10/05 05:39:03] - ==> Building model..
[2025/10/05 05:39:22] - Test Loss 	 Test Acc 	 PGD Loss 	 PGD Acc
[2025/10/05 05:39:22] - 2.5990 	 	 0.5154 	 2.8864 	 0.2824
[2025/10/05 05:40:15] - 85 	 21.5 	 	 0.2000 	 4.0927 	 0.2777
[2025/10/05 05:40:15] - ==> Building model..
[2025/10/05 05:40:33] - Test Loss 	 Test Acc 	 PGD Loss 	 PGD Acc
[2025/10/05 05:40:33] - 2.6001 	 	 0.5150 	 2.8874 	 0.2836
[2025/10/05 05:41:26] - 86 	 21.3 	 	 0.2000 	 4.0925 	 0.2797
[2025/10/05 05:41:26] - ==> Building model..
[2025/10/05 05:41:44] - Test Loss 	 Test Acc 	 PGD Loss 	 PGD Acc
[2025/10/05 05:41:44] - 2.6020 	 	 0.5150 	 2.8884 	 0.2834
[2025/10/05 05:42:39] - 87 	 21.5 	 	 0.2000 	 4.0918 	 0.2808
[2025/10/05 05:42:39] - ==> Building model..
[2025/10/05 05:42:57] - Test Loss 	 Test Acc 	 PGD Loss 	 PGD Acc
[2025/10/05 05:42:57] - 2.6011 	 	 0.5149 	 2.8883 	 0.2831
[2025/10/05 05:43:51] - 88 	 21.5 	 	 0.2000 	 4.0951 	 0.2760
[2025/10/05 05:43:51] - ==> Building model..
[2025/10/05 05:44:10] - Test Loss 	 Test Acc 	 PGD Loss 	 PGD Acc
[2025/10/05 05:44:10] - 2.6019 	 	 0.5161 	 2.8884 	 0.2824
[2025/10/05 05:45:03] - 89 	 21.5 	 	 0.2000 	 4.0925 	 0.2799
[2025/10/05 05:45:03] - ==> Building model..
[2025/10/05 05:45:20] - Test Loss 	 Test Acc 	 PGD Loss 	 PGD Acc
[2025/10/05 05:45:20] - 2.6024 	 	 0.5159 	 2.8891 	 0.2822
[2025/10/05 05:46:12] - 90 	 21.0 	 	 0.0200 	 3.9972 	 0.3404
[2025/10/05 05:46:12] - ==> Building model..
[2025/10/05 05:46:30] - Test Loss 	 Test Acc 	 PGD Loss 	 PGD Acc
[2025/10/05 05:46:30] - 2.5992 	 	 0.5165 	 2.8866 	 0.2819
[2025/10/05 05:47:19] - 91 	 20.0 	 	 0.0200 	 3.9049 	 0.3993
[2025/10/05 05:47:19] - ==> Building model..
[2025/10/05 05:47:37] - Test Loss 	 Test Acc 	 PGD Loss 	 PGD Acc
[2025/10/05 05:47:37] - 2.5979 	 	 0.5167 	 2.8852 	 0.2820
[2025/10/05 05:48:26] - 92 	 19.9 	 	 0.0200 	 3.8789 	 0.4190
[2025/10/05 05:48:26] - ==> Building model..
[2025/10/05 05:48:44] - Test Loss 	 Test Acc 	 PGD Loss 	 PGD Acc
[2025/10/05 05:48:44] - 2.5978 	 	 0.5171 	 2.8858 	 0.2818
[2025/10/05 05:49:35] - 93 	 20.0 	 	 0.0200 	 3.8614 	 0.4292
[2025/10/05 05:49:35] - ==> Building model..
[2025/10/05 05:49:53] - Test Loss 	 Test Acc 	 PGD Loss 	 PGD Acc
[2025/10/05 05:49:53] - 2.5981 	 	 0.5174 	 2.8861 	 0.2817
[2025/10/05 05:50:42] - 94 	 18.9 	 	 0.0200 	 3.8465 	 0.4417
[2025/10/05 05:50:42] - ==> Building model..
[2025/10/05 05:50:59] - Test Loss 	 Test Acc 	 PGD Loss 	 PGD Acc
[2025/10/05 05:50:59] - 2.5999 	 	 0.5172 	 2.8876 	 0.2820
[2025/10/05 05:51:48] - 95 	 18.9 	 	 0.0200 	 3.8344 	 0.4509
[2025/10/05 05:51:48] - ==> Building model..
[2025/10/05 05:52:05] - Test Loss 	 Test Acc 	 PGD Loss 	 PGD Acc
[2025/10/05 05:52:05] - 2.6029 	 	 0.5176 	 2.8902 	 0.2825
[2025/10/05 05:52:56] - 96 	 19.8 	 	 0.0200 	 3.8237 	 0.4592
[2025/10/05 05:52:56] - ==> Building model..
[2025/10/05 05:53:13] - Test Loss 	 Test Acc 	 PGD Loss 	 PGD Acc
[2025/10/05 05:53:13] - 2.6058 	 	 0.5173 	 2.8922 	 0.2816
[2025/10/05 05:54:02] - 97 	 19.2 	 	 0.0200 	 3.8153 	 0.4650
[2025/10/05 05:54:02] - ==> Building model..
[2025/10/05 05:54:21] - Test Loss 	 Test Acc 	 PGD Loss 	 PGD Acc
[2025/10/05 05:54:21] - 2.6084 	 	 0.5170 	 2.8945 	 0.2825
[2025/10/05 05:55:10] - 98 	 19.5 	 	 0.0200 	 3.8071 	 0.4708
[2025/10/05 05:55:10] - ==> Building model..
[2025/10/05 05:55:28] - Test Loss 	 Test Acc 	 PGD Loss 	 PGD Acc
[2025/10/05 05:55:28] - 2.6106 	 	 0.5167 	 2.8961 	 0.2819
[2025/10/05 05:56:19] - 99 	 19.8 	 	 0.0200 	 3.7998 	 0.4752
[2025/10/05 05:56:19] - ==> Building model..
[2025/10/05 05:56:36] - Test Loss 	 Test Acc 	 PGD Loss 	 PGD Acc
[2025/10/05 05:56:36] - 2.6117 	 	 0.5166 	 2.8971 	 0.2822
[2025/10/05 05:56:36] - [0.0874, 0.1475, 0.1902, 0.238, 0.2727, 0.3015, 0.3496, 0.3813, 0.4022, 0.4165, 0.4296, 0.4402, 0.4496, 0.455, 0.4616, 0.4653, 0.4675, 0.4727, 0.4767, 0.4765, 0.4815, 0.4843, 0.4864, 0.491, 0.492, 0.4949, 0.4969, 0.5, 0.4999, 0.5004, 0.5023, 0.5025, 0.503, 0.5028, 0.5038, 0.5045, 0.5078, 0.5069, 0.5093, 0.5089, 0.5075, 0.5075, 0.5092, 0.5111, 0.5146, 0.515, 0.5156, 0.5157, 0.5157, 0.5149, 0.5146, 0.5145, 0.5153, 0.5163, 0.517, 0.5173, 0.5171, 0.5158, 0.5174, 0.5157, 0.5141, 0.5138, 0.5134, 0.5143, 0.5137, 0.514, 0.5155, 0.5152, 0.5152, 0.5128, 0.5129, 0.5141, 0.5144, 0.5143, 0.5144, 0.5144, 0.5135, 0.5132, 0.5151, 0.5147, 0.5147, 0.5153, 0.5155, 0.515, 0.5154, 0.515, 0.515, 0.5149, 0.5161, 0.5159, 0.5165, 0.5167, 0.5171, 0.5174, 0.5172, 0.5176, 0.5173, 0.517, 0.5167, 0.5166]
[2025/10/05 05:56:36] - [0.0591, 0.0952, 0.1179, 0.1397, 0.1633, 0.1743, 0.1937, 0.2074, 0.2174, 0.2251, 0.2304, 0.236, 0.2399, 0.2434, 0.2461, 0.2488, 0.2505, 0.2517, 0.2549, 0.2545, 0.2555, 0.2572, 0.2604, 0.2606, 0.2641, 0.2644, 0.2621, 0.2642, 0.2659, 0.2685, 0.2688, 0.269, 0.2716, 0.2726, 0.2739, 0.2722, 0.2738, 0.2727, 0.2737, 0.2733, 0.273, 0.2728, 0.2732, 0.274, 0.2744, 0.2744, 0.2755, 0.2758, 0.2778, 0.2783, 0.2791, 0.2793, 0.2787, 0.2795, 0.2792, 0.2799, 0.2798, 0.2802, 0.2797, 0.2777, 0.2774, 0.2771, 0.2776, 0.2777, 0.2791, 0.2787, 0.2799, 0.2795, 0.279, 0.2786, 0.2804, 0.2801, 0.2806, 0.2809, 0.2816, 0.2801, 0.2797, 0.2812, 0.2813, 0.2816, 0.2805, 0.2827, 0.2829, 0.2826, 0.2824, 0.2836, 0.2834, 0.2831, 0.2824, 0.2822, 0.2819, 0.282, 0.2818, 0.2817, 0.282, 0.2825, 0.2816, 0.2825, 0.2819, 0.2822]
