[2025/10/12 17:35:40] - Namespace(batch_size=128, data_dir='cifar-data', epochs=100, lr_schedule='multistep', lr_min=0.0, lr_max=0.2, weight_decay=0.0005, momentum=0.9, model='ResNet18', epsilon=8, alpha=8, delta_init='random', normal_mean=0, normal_std=1, out_dir='./output/CIFAR100/lamda_35_lamscale_0.10_run1', seed=0, lamda=35.0, lam_scale=0.1, lam_start=50, gamma=0.05, inner_gamma=0.05, beta=0.2, mu=3.5, batch_m=0.75, early_stop=False, factor=0.5, length=4, n_holes=1, c_num=0.125, EMA_value=0.55)
[2025/10/12 17:35:42] - ==> Building model..
[2025/10/12 17:35:42] - Epoch 	 Seconds 	 LR 	 	 Train Loss 	 Train Acc
[2025/10/12 17:36:29] - 0 	 20.7 	 	 0.2000 	 4.5618 	 0.0407
[2025/10/12 17:36:29] - ==> Building model..
[2025/10/12 17:36:46] - Test Loss 	 Test Acc 	 PGD Loss 	 PGD Acc
[2025/10/12 17:36:46] - 4.2330 	 	 0.0907 	 4.2468 	 0.0596
[2025/10/12 17:37:31] - 1 	 19.1 	 	 0.2000 	 4.4544 	 0.0808
[2025/10/12 17:37:31] - ==> Building model..
[2025/10/12 17:37:48] - Test Loss 	 Test Acc 	 PGD Loss 	 PGD Acc
[2025/10/12 17:37:48] - 4.0312 	 	 0.1475 	 4.0613 	 0.0931
[2025/10/12 17:38:34] - 2 	 19.1 	 	 0.2000 	 4.4060 	 0.1040
[2025/10/12 17:38:34] - ==> Building model..
[2025/10/12 17:38:50] - Test Loss 	 Test Acc 	 PGD Loss 	 PGD Acc
[2025/10/12 17:38:50] - 3.9056 	 	 0.1821 	 3.9497 	 0.1113
[2025/10/12 17:39:36] - 3 	 19.1 	 	 0.2000 	 4.3603 	 0.1261
[2025/10/12 17:39:36] - ==> Building model..
[2025/10/12 17:39:53] - Test Loss 	 Test Acc 	 PGD Loss 	 PGD Acc
[2025/10/12 17:39:53] - 3.7784 	 	 0.2282 	 3.8430 	 0.1329
[2025/10/12 17:40:38] - 4 	 19.1 	 	 0.2000 	 4.3158 	 0.1490
[2025/10/12 17:40:38] - ==> Building model..
[2025/10/12 17:40:54] - Test Loss 	 Test Acc 	 PGD Loss 	 PGD Acc
[2025/10/12 17:40:54] - 3.6394 	 	 0.2655 	 3.7282 	 0.1569
[2025/10/12 17:41:39] - 5 	 19.9 	 	 0.2000 	 4.2763 	 0.1688
[2025/10/12 17:41:39] - ==> Building model..
[2025/10/12 17:41:56] - Test Loss 	 Test Acc 	 PGD Loss 	 PGD Acc
[2025/10/12 17:41:56] - 3.4429 	 	 0.3029 	 3.5584 	 0.1748
[2025/10/12 17:42:42] - 6 	 19.3 	 	 0.2000 	 4.2443 	 0.1849
[2025/10/12 17:42:42] - ==> Building model..
[2025/10/12 17:42:59] - Test Loss 	 Test Acc 	 PGD Loss 	 PGD Acc
[2025/10/12 17:42:59] - 3.2090 	 	 0.3475 	 3.3608 	 0.1955
[2025/10/12 17:43:44] - 7 	 19.1 	 	 0.2000 	 4.2229 	 0.1992
[2025/10/12 17:43:44] - ==> Building model..
[2025/10/12 17:44:00] - Test Loss 	 Test Acc 	 PGD Loss 	 PGD Acc
[2025/10/12 17:44:00] - 3.0812 	 	 0.3734 	 3.2559 	 0.2069
[2025/10/12 17:44:47] - 8 	 19.7 	 	 0.2000 	 4.2032 	 0.2080
[2025/10/12 17:44:47] - ==> Building model..
[2025/10/12 17:45:04] - Test Loss 	 Test Acc 	 PGD Loss 	 PGD Acc
[2025/10/12 17:45:04] - 2.9709 	 	 0.4012 	 3.1690 	 0.2167
[2025/10/12 17:45:49] - 9 	 19.5 	 	 0.2000 	 4.1875 	 0.2182
[2025/10/12 17:45:49] - ==> Building model..
[2025/10/12 17:46:06] - Test Loss 	 Test Acc 	 PGD Loss 	 PGD Acc
[2025/10/12 17:46:06] - 2.9202 	 	 0.4129 	 3.1316 	 0.2257
[2025/10/12 17:46:51] - 10 	 19.6 	 	 0.2000 	 4.1749 	 0.2256
[2025/10/12 17:46:51] - ==> Building model..
[2025/10/12 17:47:08] - Test Loss 	 Test Acc 	 PGD Loss 	 PGD Acc
[2025/10/12 17:47:08] - 2.8667 	 	 0.4270 	 3.0908 	 0.2302
[2025/10/12 17:47:54] - 11 	 19.7 	 	 0.2000 	 4.1663 	 0.2300
[2025/10/12 17:47:54] - ==> Building model..
[2025/10/12 17:48:12] - Test Loss 	 Test Acc 	 PGD Loss 	 PGD Acc
[2025/10/12 17:48:12] - 2.8222 	 	 0.4357 	 3.0566 	 0.2368
[2025/10/12 17:48:56] - 12 	 19.4 	 	 0.2000 	 4.1572 	 0.2352
[2025/10/12 17:48:56] - ==> Building model..
[2025/10/12 17:49:13] - Test Loss 	 Test Acc 	 PGD Loss 	 PGD Acc
[2025/10/12 17:49:13] - 2.7847 	 	 0.4466 	 3.0282 	 0.2405
[2025/10/12 17:49:57] - 13 	 19.5 	 	 0.2000 	 4.1537 	 0.2361
[2025/10/12 17:49:57] - ==> Building model..
[2025/10/12 17:50:15] - Test Loss 	 Test Acc 	 PGD Loss 	 PGD Acc
[2025/10/12 17:50:15] - 2.7539 	 	 0.4527 	 3.0042 	 0.2452
[2025/10/12 17:51:01] - 14 	 19.8 	 	 0.2000 	 4.1463 	 0.2402
[2025/10/12 17:51:01] - ==> Building model..
[2025/10/12 17:51:17] - Test Loss 	 Test Acc 	 PGD Loss 	 PGD Acc
[2025/10/12 17:51:17] - 2.7349 	 	 0.4580 	 2.9905 	 0.2462
[2025/10/12 17:52:01] - 15 	 19.3 	 	 0.2000 	 4.1394 	 0.2471
[2025/10/12 17:52:01] - ==> Building model..
[2025/10/12 17:52:18] - Test Loss 	 Test Acc 	 PGD Loss 	 PGD Acc
[2025/10/12 17:52:18] - 2.7086 	 	 0.4668 	 2.9716 	 0.2511
[2025/10/12 17:53:04] - 16 	 20.1 	 	 0.2000 	 4.1347 	 0.2488
[2025/10/12 17:53:04] - ==> Building model..
[2025/10/12 17:53:21] - Test Loss 	 Test Acc 	 PGD Loss 	 PGD Acc
[2025/10/12 17:53:21] - 2.6905 	 	 0.4697 	 2.9564 	 0.2511
[2025/10/12 17:54:06] - 17 	 19.3 	 	 0.2000 	 4.1324 	 0.2489
[2025/10/12 17:54:06] - ==> Building model..
[2025/10/12 17:54:23] - Test Loss 	 Test Acc 	 PGD Loss 	 PGD Acc
[2025/10/12 17:54:23] - 2.6785 	 	 0.4744 	 2.9495 	 0.2531
[2025/10/12 17:55:08] - 18 	 19.4 	 	 0.2000 	 4.1265 	 0.2524
[2025/10/12 17:55:08] - ==> Building model..
[2025/10/12 17:55:25] - Test Loss 	 Test Acc 	 PGD Loss 	 PGD Acc
[2025/10/12 17:55:25] - 2.6600 	 	 0.4776 	 2.9343 	 0.2574
[2025/10/12 17:56:09] - 19 	 19.3 	 	 0.2000 	 4.1230 	 0.2557
[2025/10/12 17:56:09] - ==> Building model..
[2025/10/12 17:56:26] - Test Loss 	 Test Acc 	 PGD Loss 	 PGD Acc
[2025/10/12 17:56:26] - 2.6447 	 	 0.4821 	 2.9229 	 0.2591
[2025/10/12 17:57:12] - 20 	 19.5 	 	 0.2000 	 4.1212 	 0.2560
[2025/10/12 17:57:12] - ==> Building model..
[2025/10/12 17:57:29] - Test Loss 	 Test Acc 	 PGD Loss 	 PGD Acc
[2025/10/12 17:57:29] - 2.6352 	 	 0.4834 	 2.9161 	 0.2587
[2025/10/12 17:58:14] - 21 	 19.5 	 	 0.2000 	 4.1173 	 0.2593
[2025/10/12 17:58:14] - ==> Building model..
[2025/10/12 17:58:30] - Test Loss 	 Test Acc 	 PGD Loss 	 PGD Acc
[2025/10/12 17:58:30] - 2.6278 	 	 0.4863 	 2.9115 	 0.2587
[2025/10/12 17:59:14] - 22 	 19.4 	 	 0.2000 	 4.1173 	 0.2605
[2025/10/12 17:59:14] - ==> Building model..
[2025/10/12 17:59:31] - Test Loss 	 Test Acc 	 PGD Loss 	 PGD Acc
[2025/10/12 17:59:31] - 2.6199 	 	 0.4872 	 2.9058 	 0.2598
[2025/10/12 18:00:16] - 23 	 19.3 	 	 0.2000 	 4.1152 	 0.2584
[2025/10/12 18:00:16] - ==> Building model..
[2025/10/12 18:00:33] - Test Loss 	 Test Acc 	 PGD Loss 	 PGD Acc
[2025/10/12 18:00:33] - 2.6099 	 	 0.4923 	 2.8984 	 0.2598
[2025/10/12 18:01:18] - 24 	 19.3 	 	 0.2000 	 4.1118 	 0.2626
[2025/10/12 18:01:18] - ==> Building model..
[2025/10/12 18:01:35] - Test Loss 	 Test Acc 	 PGD Loss 	 PGD Acc
[2025/10/12 18:01:35] - 2.6060 	 	 0.4903 	 2.8950 	 0.2602
[2025/10/12 18:02:20] - 25 	 18.7 	 	 0.2000 	 4.1095 	 0.2646
[2025/10/12 18:02:20] - ==> Building model..
[2025/10/12 18:02:37] - Test Loss 	 Test Acc 	 PGD Loss 	 PGD Acc
[2025/10/12 18:02:37] - 2.5985 	 	 0.4928 	 2.8887 	 0.2630
[2025/10/12 18:03:22] - 26 	 19.0 	 	 0.2000 	 4.1065 	 0.2657
[2025/10/12 18:03:22] - ==> Building model..
[2025/10/12 18:03:39] - Test Loss 	 Test Acc 	 PGD Loss 	 PGD Acc
[2025/10/12 18:03:39] - 2.5957 	 	 0.4956 	 2.8873 	 0.2664
[2025/10/12 18:04:24] - 27 	 19.2 	 	 0.2000 	 4.1059 	 0.2671
[2025/10/12 18:04:24] - ==> Building model..
[2025/10/12 18:04:40] - Test Loss 	 Test Acc 	 PGD Loss 	 PGD Acc
[2025/10/12 18:04:40] - 2.5915 	 	 0.4957 	 2.8845 	 0.2669
[2025/10/12 18:05:26] - 28 	 20.0 	 	 0.2000 	 4.1046 	 0.2653
[2025/10/12 18:05:26] - ==> Building model..
[2025/10/12 18:05:43] - Test Loss 	 Test Acc 	 PGD Loss 	 PGD Acc
[2025/10/12 18:05:43] - 2.5885 	 	 0.4976 	 2.8824 	 0.2671
[2025/10/12 18:06:29] - 29 	 19.6 	 	 0.2000 	 4.1031 	 0.2675
[2025/10/12 18:06:29] - ==> Building model..
[2025/10/12 18:06:45] - Test Loss 	 Test Acc 	 PGD Loss 	 PGD Acc
[2025/10/12 18:06:45] - 2.5804 	 	 0.4993 	 2.8765 	 0.2694
[2025/10/12 18:07:29] - 30 	 18.7 	 	 0.2000 	 4.1044 	 0.2658
[2025/10/12 18:07:29] - ==> Building model..
[2025/10/12 18:07:45] - Test Loss 	 Test Acc 	 PGD Loss 	 PGD Acc
[2025/10/12 18:07:45] - 2.5774 	 	 0.5008 	 2.8745 	 0.2690
[2025/10/12 18:08:31] - 31 	 19.5 	 	 0.2000 	 4.1010 	 0.2666
[2025/10/12 18:08:31] - ==> Building model..
[2025/10/12 18:08:47] - Test Loss 	 Test Acc 	 PGD Loss 	 PGD Acc
[2025/10/12 18:08:47] - 2.5737 	 	 0.5005 	 2.8725 	 0.2705
[2025/10/12 18:09:32] - 32 	 19.4 	 	 0.2000 	 4.1002 	 0.2657
[2025/10/12 18:09:32] - ==> Building model..
[2025/10/12 18:09:49] - Test Loss 	 Test Acc 	 PGD Loss 	 PGD Acc
[2025/10/12 18:09:49] - 2.5709 	 	 0.5031 	 2.8715 	 0.2705
[2025/10/12 18:10:35] - 33 	 19.7 	 	 0.2000 	 4.1001 	 0.2694
[2025/10/12 18:10:35] - ==> Building model..
[2025/10/12 18:10:52] - Test Loss 	 Test Acc 	 PGD Loss 	 PGD Acc
[2025/10/12 18:10:52] - 2.5620 	 	 0.5035 	 2.8629 	 0.2716
[2025/10/12 18:11:35] - 34 	 18.5 	 	 0.2000 	 4.0995 	 0.2685
[2025/10/12 18:11:35] - ==> Building model..
[2025/10/12 18:11:52] - Test Loss 	 Test Acc 	 PGD Loss 	 PGD Acc
[2025/10/12 18:11:52] - 2.5619 	 	 0.5027 	 2.8628 	 0.2703
[2025/10/12 18:12:38] - 35 	 19.8 	 	 0.2000 	 4.0953 	 0.2714
[2025/10/12 18:12:38] - ==> Building model..
[2025/10/12 18:12:54] - Test Loss 	 Test Acc 	 PGD Loss 	 PGD Acc
[2025/10/12 18:12:54] - 2.5570 	 	 0.5051 	 2.8596 	 0.2732
[2025/10/12 18:13:40] - 36 	 19.7 	 	 0.2000 	 4.0969 	 0.2707
[2025/10/12 18:13:40] - ==> Building model..
[2025/10/12 18:13:57] - Test Loss 	 Test Acc 	 PGD Loss 	 PGD Acc
[2025/10/12 18:13:57] - 2.5558 	 	 0.5057 	 2.8589 	 0.2736
[2025/10/12 18:14:42] - 37 	 19.2 	 	 0.2000 	 4.0955 	 0.2709
[2025/10/12 18:14:42] - ==> Building model..
[2025/10/12 18:14:59] - Test Loss 	 Test Acc 	 PGD Loss 	 PGD Acc
[2025/10/12 18:14:59] - 2.5539 	 	 0.5069 	 2.8580 	 0.2739
[2025/10/12 18:15:43] - 38 	 19.0 	 	 0.2000 	 4.0934 	 0.2718
[2025/10/12 18:15:43] - ==> Building model..
[2025/10/12 18:16:00] - Test Loss 	 Test Acc 	 PGD Loss 	 PGD Acc
[2025/10/12 18:16:00] - 2.5489 	 	 0.5077 	 2.8537 	 0.2735
[2025/10/12 18:16:44] - 39 	 19.3 	 	 0.2000 	 4.0938 	 0.2715
[2025/10/12 18:16:44] - ==> Building model..
[2025/10/12 18:17:01] - Test Loss 	 Test Acc 	 PGD Loss 	 PGD Acc
[2025/10/12 18:17:01] - 2.5465 	 	 0.5085 	 2.8513 	 0.2750
[2025/10/12 18:17:45] - 40 	 18.6 	 	 0.2000 	 4.0932 	 0.2735
[2025/10/12 18:17:45] - ==> Building model..
[2025/10/12 18:18:01] - Test Loss 	 Test Acc 	 PGD Loss 	 PGD Acc
[2025/10/12 18:18:01] - 2.5475 	 	 0.5081 	 2.8522 	 0.2751
[2025/10/12 18:18:46] - 41 	 18.5 	 	 0.2000 	 4.0938 	 0.2722
[2025/10/12 18:18:46] - ==> Building model..
[2025/10/12 18:19:02] - Test Loss 	 Test Acc 	 PGD Loss 	 PGD Acc
[2025/10/12 18:19:02] - 2.5463 	 	 0.5117 	 2.8513 	 0.2755
[2025/10/12 18:19:47] - 42 	 18.6 	 	 0.2000 	 4.0929 	 0.2734
[2025/10/12 18:19:47] - ==> Building model..
[2025/10/12 18:20:03] - Test Loss 	 Test Acc 	 PGD Loss 	 PGD Acc
[2025/10/12 18:20:03] - 2.5439 	 	 0.5134 	 2.8504 	 0.2752
[2025/10/12 18:20:47] - 43 	 19.1 	 	 0.2000 	 4.0918 	 0.2728
[2025/10/12 18:20:47] - ==> Building model..
[2025/10/12 18:21:03] - Test Loss 	 Test Acc 	 PGD Loss 	 PGD Acc
[2025/10/12 18:21:03] - 2.5439 	 	 0.5155 	 2.8504 	 0.2756
[2025/10/12 18:21:47] - 44 	 19.2 	 	 0.2000 	 4.0919 	 0.2730
[2025/10/12 18:21:47] - ==> Building model..
[2025/10/12 18:22:04] - Test Loss 	 Test Acc 	 PGD Loss 	 PGD Acc
[2025/10/12 18:22:04] - 2.5407 	 	 0.5156 	 2.8482 	 0.2770
[2025/10/12 18:22:49] - 45 	 19.3 	 	 0.2000 	 4.0894 	 0.2751
[2025/10/12 18:22:49] - ==> Building model..
[2025/10/12 18:23:05] - Test Loss 	 Test Acc 	 PGD Loss 	 PGD Acc
[2025/10/12 18:23:05] - 2.5404 	 	 0.5165 	 2.8479 	 0.2783
[2025/10/12 18:23:51] - 46 	 19.5 	 	 0.2000 	 4.0872 	 0.2767
[2025/10/12 18:23:51] - ==> Building model..
[2025/10/12 18:24:08] - Test Loss 	 Test Acc 	 PGD Loss 	 PGD Acc
[2025/10/12 18:24:08] - 2.5367 	 	 0.5170 	 2.8451 	 0.2796
[2025/10/12 18:24:54] - 47 	 19.7 	 	 0.2000 	 4.0901 	 0.2732
[2025/10/12 18:24:54] - ==> Building model..
[2025/10/12 18:25:10] - Test Loss 	 Test Acc 	 PGD Loss 	 PGD Acc
[2025/10/12 18:25:10] - 2.5347 	 	 0.5191 	 2.8444 	 0.2798
[2025/10/12 18:25:55] - 48 	 19.2 	 	 0.2000 	 4.0864 	 0.2794
[2025/10/12 18:25:55] - ==> Building model..
[2025/10/12 18:26:12] - Test Loss 	 Test Acc 	 PGD Loss 	 PGD Acc
[2025/10/12 18:26:12] - 2.5325 	 	 0.5189 	 2.8429 	 0.2779
[2025/10/12 18:26:57] - 49 	 19.8 	 	 0.2000 	 4.0873 	 0.2767
[2025/10/12 18:26:57] - ==> Building model..
[2025/10/12 18:27:14] - Test Loss 	 Test Acc 	 PGD Loss 	 PGD Acc
[2025/10/12 18:27:14] - 2.5347 	 	 0.5180 	 2.8435 	 0.2795
[2025/10/12 18:27:59] - 50 	 19.1 	 	 0.2000 	 4.0870 	 0.2762
[2025/10/12 18:27:59] - ==> Building model..
[2025/10/12 18:28:15] - Test Loss 	 Test Acc 	 PGD Loss 	 PGD Acc
[2025/10/12 18:28:15] - 2.5322 	 	 0.5176 	 2.8415 	 0.2796
[2025/10/12 18:29:01] - 51 	 19.9 	 	 0.2000 	 4.0891 	 0.2748
[2025/10/12 18:29:01] - ==> Building model..
[2025/10/12 18:29:17] - Test Loss 	 Test Acc 	 PGD Loss 	 PGD Acc
[2025/10/12 18:29:17] - 2.5329 	 	 0.5176 	 2.8422 	 0.2784
[2025/10/12 18:30:02] - 52 	 19.6 	 	 0.2000 	 4.0866 	 0.2774
[2025/10/12 18:30:02] - ==> Building model..
[2025/10/12 18:30:18] - Test Loss 	 Test Acc 	 PGD Loss 	 PGD Acc
[2025/10/12 18:30:18] - 2.5304 	 	 0.5191 	 2.8409 	 0.2784
[2025/10/12 18:31:03] - 53 	 18.9 	 	 0.2000 	 4.0874 	 0.2777
[2025/10/12 18:31:03] - ==> Building model..
[2025/10/12 18:31:20] - Test Loss 	 Test Acc 	 PGD Loss 	 PGD Acc
[2025/10/12 18:31:20] - 2.5294 	 	 0.5182 	 2.8386 	 0.2774
[2025/10/12 18:32:04] - 54 	 18.4 	 	 0.2000 	 4.0895 	 0.2767
[2025/10/12 18:32:04] - ==> Building model..
[2025/10/12 18:32:20] - Test Loss 	 Test Acc 	 PGD Loss 	 PGD Acc
[2025/10/12 18:32:20] - 2.5308 	 	 0.5175 	 2.8398 	 0.2781
[2025/10/12 18:33:04] - 55 	 18.3 	 	 0.2000 	 4.0883 	 0.2774
[2025/10/12 18:33:04] - ==> Building model..
[2025/10/12 18:33:20] - Test Loss 	 Test Acc 	 PGD Loss 	 PGD Acc
[2025/10/12 18:33:20] - 2.5327 	 	 0.5176 	 2.8415 	 0.2783
[2025/10/12 18:34:05] - 56 	 19.5 	 	 0.2000 	 4.0892 	 0.2752
[2025/10/12 18:34:05] - ==> Building model..
[2025/10/12 18:34:21] - Test Loss 	 Test Acc 	 PGD Loss 	 PGD Acc
[2025/10/12 18:34:21] - 2.5372 	 	 0.5189 	 2.8455 	 0.2785
[2025/10/12 18:35:04] - 57 	 18.6 	 	 0.2000 	 4.0897 	 0.2756
[2025/10/12 18:35:04] - ==> Building model..
[2025/10/12 18:35:20] - Test Loss 	 Test Acc 	 PGD Loss 	 PGD Acc
[2025/10/12 18:35:20] - 2.5379 	 	 0.5205 	 2.8461 	 0.2803
[2025/10/12 18:36:05] - 58 	 18.4 	 	 0.2000 	 4.0897 	 0.2791
[2025/10/12 18:36:05] - ==> Building model..
[2025/10/12 18:36:21] - Test Loss 	 Test Acc 	 PGD Loss 	 PGD Acc
[2025/10/12 18:36:21] - 2.5394 	 	 0.5198 	 2.8465 	 0.2795
[2025/10/12 18:37:04] - 59 	 18.9 	 	 0.2000 	 4.0915 	 0.2766
[2025/10/12 18:37:04] - ==> Building model..
[2025/10/12 18:37:20] - Test Loss 	 Test Acc 	 PGD Loss 	 PGD Acc
[2025/10/12 18:37:20] - 2.5408 	 	 0.5205 	 2.8472 	 0.2800
[2025/10/12 18:38:06] - 60 	 19.6 	 	 0.2000 	 4.0890 	 0.2805
[2025/10/12 18:38:06] - ==> Building model..
[2025/10/12 18:38:22] - Test Loss 	 Test Acc 	 PGD Loss 	 PGD Acc
[2025/10/12 18:38:22] - 2.5432 	 	 0.5200 	 2.8493 	 0.2803
[2025/10/12 18:39:08] - 61 	 19.1 	 	 0.2000 	 4.0921 	 0.2748
[2025/10/12 18:39:08] - ==> Building model..
[2025/10/12 18:39:24] - Test Loss 	 Test Acc 	 PGD Loss 	 PGD Acc
[2025/10/12 18:39:24] - 2.5452 	 	 0.5194 	 2.8496 	 0.2803
[2025/10/12 18:40:08] - 62 	 19.2 	 	 0.2000 	 4.0911 	 0.2786
[2025/10/12 18:40:08] - ==> Building model..
[2025/10/12 18:40:25] - Test Loss 	 Test Acc 	 PGD Loss 	 PGD Acc
[2025/10/12 18:40:25] - 2.5473 	 	 0.5189 	 2.8514 	 0.2803
[2025/10/12 18:41:10] - 63 	 19.3 	 	 0.2000 	 4.0924 	 0.2747
[2025/10/12 18:41:10] - ==> Building model..
[2025/10/12 18:41:26] - Test Loss 	 Test Acc 	 PGD Loss 	 PGD Acc
[2025/10/12 18:41:26] - 2.5496 	 	 0.5188 	 2.8525 	 0.2808
[2025/10/12 18:42:10] - 64 	 18.9 	 	 0.2000 	 4.0902 	 0.2787
[2025/10/12 18:42:10] - ==> Building model..
[2025/10/12 18:42:26] - Test Loss 	 Test Acc 	 PGD Loss 	 PGD Acc
[2025/10/12 18:42:26] - 2.5524 	 	 0.5186 	 2.8543 	 0.2807
[2025/10/12 18:43:10] - 65 	 19.0 	 	 0.2000 	 4.0900 	 0.2777
[2025/10/12 18:43:10] - ==> Building model..
[2025/10/12 18:43:26] - Test Loss 	 Test Acc 	 PGD Loss 	 PGD Acc
[2025/10/12 18:43:26] - 2.5557 	 	 0.5180 	 2.8561 	 0.2811
[2025/10/12 18:44:12] - 66 	 19.3 	 	 0.2000 	 4.0903 	 0.2775
[2025/10/12 18:44:12] - ==> Building model..
[2025/10/12 18:44:29] - Test Loss 	 Test Acc 	 PGD Loss 	 PGD Acc
[2025/10/12 18:44:29] - 2.5590 	 	 0.5172 	 2.8587 	 0.2817
[2025/10/12 18:45:14] - 67 	 20.1 	 	 0.2000 	 4.0904 	 0.2777
[2025/10/12 18:45:14] - ==> Building model..
[2025/10/12 18:45:31] - Test Loss 	 Test Acc 	 PGD Loss 	 PGD Acc
[2025/10/12 18:45:31] - 2.5614 	 	 0.5170 	 2.8599 	 0.2814
[2025/10/12 18:46:16] - 68 	 19.4 	 	 0.2000 	 4.0906 	 0.2784
[2025/10/12 18:46:16] - ==> Building model..
[2025/10/12 18:46:33] - Test Loss 	 Test Acc 	 PGD Loss 	 PGD Acc
[2025/10/12 18:46:33] - 2.5645 	 	 0.5179 	 2.8625 	 0.2805
[2025/10/12 18:47:18] - 69 	 20.0 	 	 0.2000 	 4.0923 	 0.2778
[2025/10/12 18:47:18] - ==> Building model..
[2025/10/12 18:47:34] - Test Loss 	 Test Acc 	 PGD Loss 	 PGD Acc
[2025/10/12 18:47:34] - 2.5683 	 	 0.5172 	 2.8652 	 0.2817
[2025/10/12 18:48:19] - 70 	 19.7 	 	 0.2000 	 4.0924 	 0.2772
[2025/10/12 18:48:19] - ==> Building model..
[2025/10/12 18:48:36] - Test Loss 	 Test Acc 	 PGD Loss 	 PGD Acc
[2025/10/12 18:48:36] - 2.5697 	 	 0.5182 	 2.8662 	 0.2810
[2025/10/12 18:49:21] - 71 	 19.5 	 	 0.2000 	 4.0904 	 0.2786
[2025/10/12 18:49:21] - ==> Building model..
[2025/10/12 18:49:37] - Test Loss 	 Test Acc 	 PGD Loss 	 PGD Acc
[2025/10/12 18:49:37] - 2.5727 	 	 0.5174 	 2.8684 	 0.2815
[2025/10/12 18:50:22] - 72 	 19.1 	 	 0.2000 	 4.0905 	 0.2764
[2025/10/12 18:50:22] - ==> Building model..
[2025/10/12 18:50:38] - Test Loss 	 Test Acc 	 PGD Loss 	 PGD Acc
[2025/10/12 18:50:38] - 2.5751 	 	 0.5180 	 2.8703 	 0.2818
[2025/10/12 18:51:24] - 73 	 19.4 	 	 0.2000 	 4.0890 	 0.2774
[2025/10/12 18:51:24] - ==> Building model..
[2025/10/12 18:51:41] - Test Loss 	 Test Acc 	 PGD Loss 	 PGD Acc
[2025/10/12 18:51:41] - 2.5771 	 	 0.5186 	 2.8718 	 0.2818
[2025/10/12 18:52:27] - 74 	 19.5 	 	 0.2000 	 4.0926 	 0.2764
[2025/10/12 18:52:27] - ==> Building model..
[2025/10/12 18:52:43] - Test Loss 	 Test Acc 	 PGD Loss 	 PGD Acc
[2025/10/12 18:52:43] - 2.5801 	 	 0.5194 	 2.8742 	 0.2830
[2025/10/12 18:53:29] - 75 	 20.2 	 	 0.2000 	 4.0909 	 0.2783
[2025/10/12 18:53:29] - ==> Building model..
[2025/10/12 18:53:46] - Test Loss 	 Test Acc 	 PGD Loss 	 PGD Acc
[2025/10/12 18:53:46] - 2.5815 	 	 0.5191 	 2.8752 	 0.2831
[2025/10/12 18:54:32] - 76 	 20.0 	 	 0.2000 	 4.0910 	 0.2787
[2025/10/12 18:54:32] - ==> Building model..
[2025/10/12 18:54:51] - Test Loss 	 Test Acc 	 PGD Loss 	 PGD Acc
[2025/10/12 18:54:51] - 2.5823 	 	 0.5182 	 2.8756 	 0.2826
[2025/10/12 18:55:38] - 77 	 20.3 	 	 0.2000 	 4.0893 	 0.2793
[2025/10/12 18:55:38] - ==> Building model..
[2025/10/12 18:55:54] - Test Loss 	 Test Acc 	 PGD Loss 	 PGD Acc
[2025/10/12 18:55:54] - 2.5818 	 	 0.5184 	 2.8749 	 0.2820
[2025/10/12 18:56:40] - 78 	 19.9 	 	 0.2000 	 4.0903 	 0.2777
[2025/10/12 18:56:40] - ==> Building model..
[2025/10/12 18:56:58] - Test Loss 	 Test Acc 	 PGD Loss 	 PGD Acc
[2025/10/12 18:56:58] - 2.5806 	 	 0.5188 	 2.8744 	 0.2828
[2025/10/12 18:57:41] - 79 	 18.6 	 	 0.2000 	 4.0898 	 0.2799
[2025/10/12 18:57:41] - ==> Building model..
[2025/10/12 18:57:57] - Test Loss 	 Test Acc 	 PGD Loss 	 PGD Acc
[2025/10/12 18:57:57] - 2.5795 	 	 0.5197 	 2.8736 	 0.2825
[2025/10/12 18:58:42] - 80 	 18.6 	 	 0.2000 	 4.0895 	 0.2790
[2025/10/12 18:58:42] - ==> Building model..
[2025/10/12 18:58:58] - Test Loss 	 Test Acc 	 PGD Loss 	 PGD Acc
[2025/10/12 18:58:58] - 2.5802 	 	 0.5188 	 2.8740 	 0.2830
[2025/10/12 18:59:44] - 81 	 20.0 	 	 0.2000 	 4.0895 	 0.2784
[2025/10/12 18:59:44] - ==> Building model..
[2025/10/12 19:00:01] - Test Loss 	 Test Acc 	 PGD Loss 	 PGD Acc
[2025/10/12 19:00:01] - 2.5800 	 	 0.5189 	 2.8740 	 0.2841
[2025/10/12 19:00:48] - 82 	 20.1 	 	 0.2000 	 4.0899 	 0.2791
[2025/10/12 19:00:48] - ==> Building model..
[2025/10/12 19:01:05] - Test Loss 	 Test Acc 	 PGD Loss 	 PGD Acc
[2025/10/12 19:01:05] - 2.5790 	 	 0.5202 	 2.8740 	 0.2842
[2025/10/12 19:01:51] - 83 	 19.8 	 	 0.2000 	 4.0871 	 0.2812
[2025/10/12 19:01:51] - ==> Building model..
[2025/10/12 19:02:08] - Test Loss 	 Test Acc 	 PGD Loss 	 PGD Acc
[2025/10/12 19:02:08] - 2.5794 	 	 0.5198 	 2.8740 	 0.2847
[2025/10/12 19:02:53] - 84 	 18.8 	 	 0.2000 	 4.0906 	 0.2778
[2025/10/12 19:02:53] - ==> Building model..
[2025/10/12 19:03:09] - Test Loss 	 Test Acc 	 PGD Loss 	 PGD Acc
[2025/10/12 19:03:09] - 2.5805 	 	 0.5191 	 2.8751 	 0.2844
[2025/10/12 19:03:53] - 85 	 18.4 	 	 0.2000 	 4.0905 	 0.2805
[2025/10/12 19:03:53] - ==> Building model..
[2025/10/12 19:04:10] - Test Loss 	 Test Acc 	 PGD Loss 	 PGD Acc
[2025/10/12 19:04:10] - 2.5825 	 	 0.5188 	 2.8763 	 0.2826
[2025/10/12 19:04:55] - 86 	 18.7 	 	 0.2000 	 4.0890 	 0.2811
[2025/10/12 19:04:55] - ==> Building model..
[2025/10/12 19:05:12] - Test Loss 	 Test Acc 	 PGD Loss 	 PGD Acc
[2025/10/12 19:05:12] - 2.5832 	 	 0.5185 	 2.8772 	 0.2832
[2025/10/12 19:05:54] - 87 	 18.2 	 	 0.2000 	 4.0894 	 0.2792
[2025/10/12 19:05:54] - ==> Building model..
[2025/10/12 19:06:10] - Test Loss 	 Test Acc 	 PGD Loss 	 PGD Acc
[2025/10/12 19:06:10] - 2.5840 	 	 0.5190 	 2.8778 	 0.2841
[2025/10/12 19:06:53] - 88 	 18.2 	 	 0.2000 	 4.0910 	 0.2756
[2025/10/12 19:06:53] - ==> Building model..
[2025/10/12 19:07:09] - Test Loss 	 Test Acc 	 PGD Loss 	 PGD Acc
[2025/10/12 19:07:09] - 2.5856 	 	 0.5198 	 2.8796 	 0.2831
[2025/10/12 19:07:53] - 89 	 18.3 	 	 0.2000 	 4.0896 	 0.2806
[2025/10/12 19:07:53] - ==> Building model..
[2025/10/12 19:08:09] - Test Loss 	 Test Acc 	 PGD Loss 	 PGD Acc
[2025/10/12 19:08:09] - 2.5865 	 	 0.5191 	 2.8797 	 0.2830
[2025/10/12 19:08:53] - 90 	 17.9 	 	 0.0200 	 3.9934 	 0.3420
[2025/10/12 19:08:53] - ==> Building model..
[2025/10/12 19:09:10] - Test Loss 	 Test Acc 	 PGD Loss 	 PGD Acc
[2025/10/12 19:09:10] - 2.5846 	 	 0.5202 	 2.8787 	 0.2848
[2025/10/12 19:09:55] - 91 	 18.8 	 	 0.0200 	 3.9001 	 0.4030
[2025/10/12 19:09:55] - ==> Building model..
[2025/10/12 19:10:12] - Test Loss 	 Test Acc 	 PGD Loss 	 PGD Acc
[2025/10/12 19:10:12] - 2.5835 	 	 0.5205 	 2.8777 	 0.2841
[2025/10/12 19:10:57] - 92 	 17.8 	 	 0.0200 	 3.8737 	 0.4197
[2025/10/12 19:10:57] - ==> Building model..
[2025/10/12 19:11:13] - Test Loss 	 Test Acc 	 PGD Loss 	 PGD Acc
[2025/10/12 19:11:13] - 2.5834 	 	 0.5207 	 2.8775 	 0.2846
[2025/10/12 19:11:57] - 93 	 18.1 	 	 0.0200 	 3.8570 	 0.4306
[2025/10/12 19:11:57] - ==> Building model..
[2025/10/12 19:12:14] - Test Loss 	 Test Acc 	 PGD Loss 	 PGD Acc
[2025/10/12 19:12:14] - 2.5839 	 	 0.5208 	 2.8788 	 0.2842
[2025/10/12 19:12:57] - 94 	 17.8 	 	 0.0200 	 3.8417 	 0.4420
[2025/10/12 19:12:57] - ==> Building model..
[2025/10/12 19:13:13] - Test Loss 	 Test Acc 	 PGD Loss 	 PGD Acc
[2025/10/12 19:13:13] - 2.5851 	 	 0.5207 	 2.8795 	 0.2845
[2025/10/12 19:13:58] - 95 	 18.0 	 	 0.0200 	 3.8295 	 0.4510
[2025/10/12 19:13:58] - ==> Building model..
[2025/10/12 19:14:14] - Test Loss 	 Test Acc 	 PGD Loss 	 PGD Acc
[2025/10/12 19:14:14] - 2.5877 	 	 0.5204 	 2.8817 	 0.2847
[2025/10/12 19:14:58] - 96 	 18.1 	 	 0.0200 	 3.8191 	 0.4584
[2025/10/12 19:14:58] - ==> Building model..
[2025/10/12 19:15:13] - Test Loss 	 Test Acc 	 PGD Loss 	 PGD Acc
[2025/10/12 19:15:13] - 2.5912 	 	 0.5199 	 2.8839 	 0.2835
[2025/10/12 19:15:57] - 97 	 17.6 	 	 0.0200 	 3.8097 	 0.4665
[2025/10/12 19:15:57] - ==> Building model..
[2025/10/12 19:16:13] - Test Loss 	 Test Acc 	 PGD Loss 	 PGD Acc
[2025/10/12 19:16:13] - 2.5921 	 	 0.5198 	 2.8852 	 0.2849
[2025/10/12 19:16:59] - 98 	 18.6 	 	 0.0200 	 3.8029 	 0.4711
[2025/10/12 19:16:59] - ==> Building model..
[2025/10/12 19:17:16] - Test Loss 	 Test Acc 	 PGD Loss 	 PGD Acc
[2025/10/12 19:17:16] - 2.5964 	 	 0.5195 	 2.8889 	 0.2843
[2025/10/12 19:18:00] - 99 	 18.5 	 	 0.0200 	 3.7947 	 0.4765
[2025/10/12 19:18:00] - ==> Building model..
[2025/10/12 19:18:17] - Test Loss 	 Test Acc 	 PGD Loss 	 PGD Acc
[2025/10/12 19:18:17] - 2.5989 	 	 0.5195 	 2.8908 	 0.2846
[2025/10/12 19:18:17] - [0.0907, 0.1475, 0.1821, 0.2282, 0.2655, 0.3029, 0.3475, 0.3734, 0.4012, 0.4129, 0.427, 0.4357, 0.4466, 0.4527, 0.458, 0.4668, 0.4697, 0.4744, 0.4776, 0.4821, 0.4834, 0.4863, 0.4872, 0.4923, 0.4903, 0.4928, 0.4956, 0.4957, 0.4976, 0.4993, 0.5008, 0.5005, 0.5031, 0.5035, 0.5027, 0.5051, 0.5057, 0.5069, 0.5077, 0.5085, 0.5081, 0.5117, 0.5134, 0.5155, 0.5156, 0.5165, 0.517, 0.5191, 0.5189, 0.518, 0.5176, 0.5176, 0.5191, 0.5182, 0.5175, 0.5176, 0.5189, 0.5205, 0.5198, 0.5205, 0.52, 0.5194, 0.5189, 0.5188, 0.5186, 0.518, 0.5172, 0.517, 0.5179, 0.5172, 0.5182, 0.5174, 0.518, 0.5186, 0.5194, 0.5191, 0.5182, 0.5184, 0.5188, 0.5197, 0.5188, 0.5189, 0.5202, 0.5198, 0.5191, 0.5188, 0.5185, 0.519, 0.5198, 0.5191, 0.5202, 0.5205, 0.5207, 0.5208, 0.5207, 0.5204, 0.5199, 0.5198, 0.5195, 0.5195]
[2025/10/12 19:18:17] - [0.0596, 0.0931, 0.1113, 0.1329, 0.1569, 0.1748, 0.1955, 0.2069, 0.2167, 0.2257, 0.2302, 0.2368, 0.2405, 0.2452, 0.2462, 0.2511, 0.2511, 0.2531, 0.2574, 0.2591, 0.2587, 0.2587, 0.2598, 0.2598, 0.2602, 0.263, 0.2664, 0.2669, 0.2671, 0.2694, 0.269, 0.2705, 0.2705, 0.2716, 0.2703, 0.2732, 0.2736, 0.2739, 0.2735, 0.275, 0.2751, 0.2755, 0.2752, 0.2756, 0.277, 0.2783, 0.2796, 0.2798, 0.2779, 0.2795, 0.2796, 0.2784, 0.2784, 0.2774, 0.2781, 0.2783, 0.2785, 0.2803, 0.2795, 0.28, 0.2803, 0.2803, 0.2803, 0.2808, 0.2807, 0.2811, 0.2817, 0.2814, 0.2805, 0.2817, 0.281, 0.2815, 0.2818, 0.2818, 0.283, 0.2831, 0.2826, 0.282, 0.2828, 0.2825, 0.283, 0.2841, 0.2842, 0.2847, 0.2844, 0.2826, 0.2832, 0.2841, 0.2831, 0.283, 0.2848, 0.2841, 0.2846, 0.2842, 0.2845, 0.2847, 0.2835, 0.2849, 0.2843, 0.2846]
