[2025/10/11 09:16:42] - Namespace(batch_size=128, data_dir='cifar-data', epochs=100, lr_schedule='multistep', lr_min=0.0, lr_max=0.2, weight_decay=0.0005, momentum=0.9, model='ResNet18', epsilon=8, alpha=8, delta_init='random', normal_mean=0, normal_std=1, out_dir='./output/CIFAR100_best/beta_0.2_lamscale_0.01_lamstart_50/run_1', seed=0, lamda=42, lam_scale=0.01, lam_start=50, gamma=0.05, inner_gamma=0.05, beta=0.2, mu=3.5, batch_m=0.75, early_stop=False, factor=0.5, length=4, n_holes=1, c_num=0.125, EMA_value=0.55)
[2025/10/11 09:16:46] - ==> Building model..
[2025/10/11 09:16:46] - Epoch 	 Seconds 	 LR 	 	 Train Loss 	 Train Acc
[2025/10/11 09:17:36] - 0 	 23.4 	 	 0.2000 	 4.5778 	 0.0382
[2025/10/11 09:17:36] - ==> Building model..
[2025/10/11 09:17:55] - Test Loss 	 Test Acc 	 PGD Loss 	 PGD Acc
[2025/10/11 09:17:55] - 4.2307 	 	 0.0887 	 4.2444 	 0.0606
[2025/10/11 09:18:45] - 1 	 21.9 	 	 0.2000 	 4.4592 	 0.0789
[2025/10/11 09:18:45] - ==> Building model..
[2025/10/11 09:19:04] - Test Loss 	 Test Acc 	 PGD Loss 	 PGD Acc
[2025/10/11 09:19:04] - 4.0126 	 	 0.1468 	 4.0426 	 0.0957
[2025/10/11 09:19:53] - 2 	 21.7 	 	 0.2000 	 4.4045 	 0.1063
[2025/10/11 09:19:53] - ==> Building model..
[2025/10/11 09:20:12] - Test Loss 	 Test Acc 	 PGD Loss 	 PGD Acc
[2025/10/11 09:20:12] - 3.8893 	 	 0.1902 	 3.9363 	 0.1170
[2025/10/11 09:21:04] - 3 	 22.6 	 	 0.2000 	 4.3562 	 0.1283
[2025/10/11 09:21:04] - ==> Building model..
[2025/10/11 09:21:23] - Test Loss 	 Test Acc 	 PGD Loss 	 PGD Acc
[2025/10/11 09:21:23] - 3.7032 	 	 0.2391 	 3.7752 	 0.1392
[2025/10/11 09:22:12] - 4 	 21.9 	 	 0.2000 	 4.3107 	 0.1519
[2025/10/11 09:22:12] - ==> Building model..
[2025/10/11 09:22:31] - Test Loss 	 Test Acc 	 PGD Loss 	 PGD Acc
[2025/10/11 09:22:31] - 3.5697 	 	 0.2788 	 3.6648 	 0.1630
[2025/10/11 09:23:20] - 5 	 22.1 	 	 0.2000 	 4.2720 	 0.1732
[2025/10/11 09:23:20] - ==> Building model..
[2025/10/11 09:23:40] - Test Loss 	 Test Acc 	 PGD Loss 	 PGD Acc
[2025/10/11 09:23:40] - 3.4017 	 	 0.3140 	 3.5226 	 0.1816
[2025/10/11 09:24:33] - 6 	 23.2 	 	 0.2000 	 4.2405 	 0.1889
[2025/10/11 09:24:33] - ==> Building model..
[2025/10/11 09:24:53] - Test Loss 	 Test Acc 	 PGD Loss 	 PGD Acc
[2025/10/11 09:24:53] - 3.1760 	 	 0.3593 	 3.3353 	 0.1974
[2025/10/11 09:25:44] - 7 	 23.0 	 	 0.2000 	 4.2200 	 0.2006
[2025/10/11 09:25:44] - ==> Building model..
[2025/10/11 09:26:04] - Test Loss 	 Test Acc 	 PGD Loss 	 PGD Acc
[2025/10/11 09:26:04] - 3.0484 	 	 0.3864 	 3.2320 	 0.2098
[2025/10/11 09:26:54] - 8 	 22.5 	 	 0.2000 	 4.2019 	 0.2112
[2025/10/11 09:26:54] - ==> Building model..
[2025/10/11 09:27:14] - Test Loss 	 Test Acc 	 PGD Loss 	 PGD Acc
[2025/10/11 09:27:14] - 2.9613 	 	 0.4065 	 3.1638 	 0.2192
[2025/10/11 09:28:04] - 9 	 22.2 	 	 0.2000 	 4.1867 	 0.2195
[2025/10/11 09:28:04] - ==> Building model..
[2025/10/11 09:28:23] - Test Loss 	 Test Acc 	 PGD Loss 	 PGD Acc
[2025/10/11 09:28:23] - 2.8997 	 	 0.4214 	 3.1155 	 0.2246
[2025/10/11 09:29:13] - 10 	 22.2 	 	 0.2000 	 4.1758 	 0.2260
[2025/10/11 09:29:13] - ==> Building model..
[2025/10/11 09:29:32] - Test Loss 	 Test Acc 	 PGD Loss 	 PGD Acc
[2025/10/11 09:29:32] - 2.8579 	 	 0.4329 	 3.0840 	 0.2307
[2025/10/11 09:30:21] - 11 	 21.8 	 	 0.2000 	 4.1678 	 0.2299
[2025/10/11 09:30:21] - ==> Building model..
[2025/10/11 09:30:39] - Test Loss 	 Test Acc 	 PGD Loss 	 PGD Acc
[2025/10/11 09:30:39] - 2.8292 	 	 0.4397 	 3.0617 	 0.2342
[2025/10/11 09:31:28] - 12 	 22.0 	 	 0.2000 	 4.1574 	 0.2357
[2025/10/11 09:31:28] - ==> Building model..
[2025/10/11 09:31:46] - Test Loss 	 Test Acc 	 PGD Loss 	 PGD Acc
[2025/10/11 09:31:46] - 2.7844 	 	 0.4502 	 3.0277 	 0.2393
[2025/10/11 09:32:36] - 13 	 22.1 	 	 0.2000 	 4.1548 	 0.2363
[2025/10/11 09:32:36] - ==> Building model..
[2025/10/11 09:32:55] - Test Loss 	 Test Acc 	 PGD Loss 	 PGD Acc
[2025/10/11 09:32:55] - 2.7592 	 	 0.4528 	 3.0080 	 0.2448
[2025/10/11 09:33:45] - 14 	 22.2 	 	 0.2000 	 4.1495 	 0.2407
[2025/10/11 09:33:45] - ==> Building model..
[2025/10/11 09:34:04] - Test Loss 	 Test Acc 	 PGD Loss 	 PGD Acc
[2025/10/11 09:34:04] - 2.7382 	 	 0.4567 	 2.9931 	 0.2465
[2025/10/11 09:34:52] - 15 	 22.0 	 	 0.2000 	 4.1421 	 0.2469
[2025/10/11 09:34:52] - ==> Building model..
[2025/10/11 09:35:11] - Test Loss 	 Test Acc 	 PGD Loss 	 PGD Acc
[2025/10/11 09:35:11] - 2.7208 	 	 0.4631 	 2.9797 	 0.2501
[2025/10/11 09:36:00] - 16 	 22.4 	 	 0.2000 	 4.1373 	 0.2486
[2025/10/11 09:36:00] - ==> Building model..
[2025/10/11 09:36:20] - Test Loss 	 Test Acc 	 PGD Loss 	 PGD Acc
[2025/10/11 09:36:20] - 2.7052 	 	 0.4660 	 2.9669 	 0.2517
[2025/10/11 09:37:12] - 17 	 23.2 	 	 0.2000 	 4.1359 	 0.2475
[2025/10/11 09:37:12] - ==> Building model..
[2025/10/11 09:37:31] - Test Loss 	 Test Acc 	 PGD Loss 	 PGD Acc
[2025/10/11 09:37:31] - 2.6914 	 	 0.4702 	 2.9569 	 0.2546
[2025/10/11 09:38:22] - 18 	 22.9 	 	 0.2000 	 4.1298 	 0.2512
[2025/10/11 09:38:22] - ==> Building model..
[2025/10/11 09:38:41] - Test Loss 	 Test Acc 	 PGD Loss 	 PGD Acc
[2025/10/11 09:38:41] - 2.6784 	 	 0.4736 	 2.9469 	 0.2568
[2025/10/11 09:39:33] - 19 	 23.4 	 	 0.2000 	 4.1260 	 0.2556
[2025/10/11 09:39:33] - ==> Building model..
[2025/10/11 09:39:53] - Test Loss 	 Test Acc 	 PGD Loss 	 PGD Acc
[2025/10/11 09:39:53] - 2.6700 	 	 0.4748 	 2.9409 	 0.2572
[2025/10/11 09:40:42] - 20 	 22.1 	 	 0.2000 	 4.1242 	 0.2583
[2025/10/11 09:40:42] - ==> Building model..
[2025/10/11 09:41:01] - Test Loss 	 Test Acc 	 PGD Loss 	 PGD Acc
[2025/10/11 09:41:01] - 2.6661 	 	 0.4787 	 2.9390 	 0.2584
[2025/10/11 09:41:51] - 21 	 22.4 	 	 0.2000 	 4.1198 	 0.2579
[2025/10/11 09:41:51] - ==> Building model..
[2025/10/11 09:42:09] - Test Loss 	 Test Acc 	 PGD Loss 	 PGD Acc
[2025/10/11 09:42:09] - 2.6531 	 	 0.4818 	 2.9297 	 0.2595
[2025/10/11 09:42:58] - 22 	 22.2 	 	 0.2000 	 4.1205 	 0.2574
[2025/10/11 09:42:58] - ==> Building model..
[2025/10/11 09:43:17] - Test Loss 	 Test Acc 	 PGD Loss 	 PGD Acc
[2025/10/11 09:43:17] - 2.6427 	 	 0.4850 	 2.9224 	 0.2611
[2025/10/11 09:44:04] - 23 	 20.0 	 	 0.2000 	 4.1193 	 0.2589
[2025/10/11 09:44:04] - ==> Building model..
[2025/10/11 09:44:21] - Test Loss 	 Test Acc 	 PGD Loss 	 PGD Acc
[2025/10/11 09:44:21] - 2.6390 	 	 0.4842 	 2.9186 	 0.2617
[2025/10/11 09:45:06] - 24 	 19.2 	 	 0.2000 	 4.1145 	 0.2602
[2025/10/11 09:45:06] - ==> Building model..
[2025/10/11 09:45:23] - Test Loss 	 Test Acc 	 PGD Loss 	 PGD Acc
[2025/10/11 09:45:23] - 2.6332 	 	 0.4851 	 2.9141 	 0.2640
[2025/10/11 09:46:08] - 25 	 19.0 	 	 0.2000 	 4.1121 	 0.2655
[2025/10/11 09:46:08] - ==> Building model..
[2025/10/11 09:46:24] - Test Loss 	 Test Acc 	 PGD Loss 	 PGD Acc
[2025/10/11 09:46:24] - 2.6239 	 	 0.4900 	 2.9070 	 0.2639
[2025/10/11 09:47:09] - 26 	 18.9 	 	 0.2000 	 4.1101 	 0.2633
[2025/10/11 09:47:09] - ==> Building model..
[2025/10/11 09:47:25] - Test Loss 	 Test Acc 	 PGD Loss 	 PGD Acc
[2025/10/11 09:47:25] - 2.6176 	 	 0.4906 	 2.9017 	 0.2657
[2025/10/11 09:48:12] - 27 	 19.2 	 	 0.2000 	 4.1086 	 0.2639
[2025/10/11 09:48:12] - ==> Building model..
[2025/10/11 09:48:28] - Test Loss 	 Test Acc 	 PGD Loss 	 PGD Acc
[2025/10/11 09:48:28] - 2.6119 	 	 0.4918 	 2.8985 	 0.2665
[2025/10/11 09:49:14] - 28 	 19.0 	 	 0.2000 	 4.1081 	 0.2643
[2025/10/11 09:49:14] - ==> Building model..
[2025/10/11 09:49:32] - Test Loss 	 Test Acc 	 PGD Loss 	 PGD Acc
[2025/10/11 09:49:32] - 2.6070 	 	 0.4950 	 2.8954 	 0.2681
[2025/10/11 09:50:20] - 29 	 20.0 	 	 0.2000 	 4.1063 	 0.2680
[2025/10/11 09:50:20] - ==> Building model..
[2025/10/11 09:50:36] - Test Loss 	 Test Acc 	 PGD Loss 	 PGD Acc
[2025/10/11 09:50:36] - 2.6013 	 	 0.4949 	 2.8910 	 0.2687
[2025/10/11 09:51:23] - 30 	 19.6 	 	 0.2000 	 4.1068 	 0.2664
[2025/10/11 09:51:23] - ==> Building model..
[2025/10/11 09:51:40] - Test Loss 	 Test Acc 	 PGD Loss 	 PGD Acc
[2025/10/11 09:51:40] - 2.5991 	 	 0.4969 	 2.8892 	 0.2682
[2025/10/11 09:52:26] - 31 	 19.3 	 	 0.2000 	 4.1047 	 0.2660
[2025/10/11 09:52:26] - ==> Building model..
[2025/10/11 09:52:42] - Test Loss 	 Test Acc 	 PGD Loss 	 PGD Acc
[2025/10/11 09:52:42] - 2.5945 	 	 0.4990 	 2.8857 	 0.2686
[2025/10/11 09:53:27] - 32 	 19.2 	 	 0.2000 	 4.1033 	 0.2673
[2025/10/11 09:53:27] - ==> Building model..
[2025/10/11 09:53:44] - Test Loss 	 Test Acc 	 PGD Loss 	 PGD Acc
[2025/10/11 09:53:44] - 2.5922 	 	 0.4997 	 2.8837 	 0.2689
[2025/10/11 09:54:30] - 33 	 19.2 	 	 0.2000 	 4.1034 	 0.2691
[2025/10/11 09:54:30] - ==> Building model..
[2025/10/11 09:54:46] - Test Loss 	 Test Acc 	 PGD Loss 	 PGD Acc
[2025/10/11 09:54:46] - 2.5912 	 	 0.4986 	 2.8819 	 0.2712
[2025/10/11 09:55:33] - 34 	 19.4 	 	 0.2000 	 4.1027 	 0.2668
[2025/10/11 09:55:33] - ==> Building model..
[2025/10/11 09:55:49] - Test Loss 	 Test Acc 	 PGD Loss 	 PGD Acc
[2025/10/11 09:55:49] - 2.5864 	 	 0.4989 	 2.8775 	 0.2724
[2025/10/11 09:56:35] - 35 	 19.1 	 	 0.2000 	 4.0983 	 0.2717
[2025/10/11 09:56:35] - ==> Building model..
[2025/10/11 09:56:52] - Test Loss 	 Test Acc 	 PGD Loss 	 PGD Acc
[2025/10/11 09:56:52] - 2.5852 	 	 0.5012 	 2.8780 	 0.2715
[2025/10/11 09:57:37] - 36 	 19.1 	 	 0.2000 	 4.1005 	 0.2705
[2025/10/11 09:57:37] - ==> Building model..
[2025/10/11 09:57:53] - Test Loss 	 Test Acc 	 PGD Loss 	 PGD Acc
[2025/10/11 09:57:53] - 2.5835 	 	 0.5009 	 2.8765 	 0.2711
[2025/10/11 09:58:38] - 37 	 19.1 	 	 0.2000 	 4.0994 	 0.2705
[2025/10/11 09:58:38] - ==> Building model..
[2025/10/11 09:58:55] - Test Loss 	 Test Acc 	 PGD Loss 	 PGD Acc
[2025/10/11 09:58:55] - 2.5802 	 	 0.5029 	 2.8743 	 0.2728
[2025/10/11 09:59:39] - 38 	 18.9 	 	 0.2000 	 4.0962 	 0.2716
[2025/10/11 09:59:39] - ==> Building model..
[2025/10/11 09:59:56] - Test Loss 	 Test Acc 	 PGD Loss 	 PGD Acc
[2025/10/11 09:59:56] - 2.5754 	 	 0.5046 	 2.8702 	 0.2714
[2025/10/11 10:00:41] - 39 	 19.2 	 	 0.2000 	 4.0970 	 0.2705
[2025/10/11 10:00:41] - ==> Building model..
[2025/10/11 10:00:58] - Test Loss 	 Test Acc 	 PGD Loss 	 PGD Acc
[2025/10/11 10:00:58] - 2.5714 	 	 0.5045 	 2.8674 	 0.2730
[2025/10/11 10:01:44] - 40 	 19.4 	 	 0.2000 	 4.0957 	 0.2748
[2025/10/11 10:01:44] - ==> Building model..
[2025/10/11 10:02:01] - Test Loss 	 Test Acc 	 PGD Loss 	 PGD Acc
[2025/10/11 10:02:01] - 2.5675 	 	 0.5067 	 2.8646 	 0.2725
[2025/10/11 10:02:48] - 41 	 19.5 	 	 0.2000 	 4.0967 	 0.2717
[2025/10/11 10:02:48] - ==> Building model..
[2025/10/11 10:03:04] - Test Loss 	 Test Acc 	 PGD Loss 	 PGD Acc
[2025/10/11 10:03:04] - 2.5640 	 	 0.5075 	 2.8614 	 0.2736
[2025/10/11 10:03:50] - 42 	 19.1 	 	 0.2000 	 4.0958 	 0.2710
[2025/10/11 10:03:50] - ==> Building model..
[2025/10/11 10:04:06] - Test Loss 	 Test Acc 	 PGD Loss 	 PGD Acc
[2025/10/11 10:04:06] - 2.5613 	 	 0.5092 	 2.8610 	 0.2749
[2025/10/11 10:04:52] - 43 	 19.5 	 	 0.2000 	 4.0955 	 0.2721
[2025/10/11 10:04:52] - ==> Building model..
[2025/10/11 10:05:09] - Test Loss 	 Test Acc 	 PGD Loss 	 PGD Acc
[2025/10/11 10:05:09] - 2.5598 	 	 0.5106 	 2.8593 	 0.2751
[2025/10/11 10:05:55] - 44 	 19.6 	 	 0.2000 	 4.0951 	 0.2719
[2025/10/11 10:05:55] - ==> Building model..
[2025/10/11 10:06:12] - Test Loss 	 Test Acc 	 PGD Loss 	 PGD Acc
[2025/10/11 10:06:12] - 2.5564 	 	 0.5126 	 2.8570 	 0.2761
[2025/10/11 10:06:57] - 45 	 19.4 	 	 0.2000 	 4.0940 	 0.2751
[2025/10/11 10:06:57] - ==> Building model..
[2025/10/11 10:07:14] - Test Loss 	 Test Acc 	 PGD Loss 	 PGD Acc
[2025/10/11 10:07:14] - 2.5589 	 	 0.5125 	 2.8595 	 0.2747
[2025/10/11 10:08:01] - 46 	 20.1 	 	 0.2000 	 4.0910 	 0.2759
[2025/10/11 10:08:01] - ==> Building model..
[2025/10/11 10:08:19] - Test Loss 	 Test Acc 	 PGD Loss 	 PGD Acc
[2025/10/11 10:08:19] - 2.5577 	 	 0.5124 	 2.8581 	 0.2773
[2025/10/11 10:09:09] - 47 	 23.8 	 	 0.2000 	 4.0925 	 0.2736
[2025/10/11 10:09:09] - ==> Building model..
[2025/10/11 10:09:32] - Test Loss 	 Test Acc 	 PGD Loss 	 PGD Acc
[2025/10/11 10:09:32] - 2.5570 	 	 0.5129 	 2.8580 	 0.2767
[2025/10/11 10:10:27] - 48 	 28.3 	 	 0.2000 	 4.0907 	 0.2765
[2025/10/11 10:10:27] - ==> Building model..
[2025/10/11 10:10:50] - Test Loss 	 Test Acc 	 PGD Loss 	 PGD Acc
[2025/10/11 10:10:50] - 2.5583 	 	 0.5117 	 2.8587 	 0.2762
[2025/10/11 10:11:45] - 49 	 28.1 	 	 0.2000 	 4.0902 	 0.2773
[2025/10/11 10:11:45] - ==> Building model..
[2025/10/11 10:12:08] - Test Loss 	 Test Acc 	 PGD Loss 	 PGD Acc
[2025/10/11 10:12:08] - 2.5609 	 	 0.5119 	 2.8602 	 0.2765
[2025/10/11 10:13:03] - 50 	 28.6 	 	 0.2000 	 4.0899 	 0.2773
[2025/10/11 10:13:03] - ==> Building model..
[2025/10/11 10:13:26] - Test Loss 	 Test Acc 	 PGD Loss 	 PGD Acc
[2025/10/11 10:13:26] - 2.5599 	 	 0.5119 	 2.8595 	 0.2781
[2025/10/11 10:14:21] - 51 	 28.3 	 	 0.2000 	 4.0906 	 0.2743
[2025/10/11 10:14:21] - ==> Building model..
[2025/10/11 10:14:44] - Test Loss 	 Test Acc 	 PGD Loss 	 PGD Acc
[2025/10/11 10:14:44] - 2.5581 	 	 0.5125 	 2.8577 	 0.2788
[2025/10/11 10:15:39] - 52 	 28.1 	 	 0.2000 	 4.0913 	 0.2755
[2025/10/11 10:15:39] - ==> Building model..
[2025/10/11 10:16:01] - Test Loss 	 Test Acc 	 PGD Loss 	 PGD Acc
[2025/10/11 10:16:01] - 2.5597 	 	 0.5138 	 2.8588 	 0.2785
[2025/10/11 10:16:56] - 53 	 28.0 	 	 0.2000 	 4.0885 	 0.2786
[2025/10/11 10:16:56] - ==> Building model..
[2025/10/11 10:17:18] - Test Loss 	 Test Acc 	 PGD Loss 	 PGD Acc
[2025/10/11 10:17:18] - 2.5596 	 	 0.5126 	 2.8580 	 0.2782
[2025/10/11 10:18:12] - 54 	 28.3 	 	 0.2000 	 4.0923 	 0.2762
[2025/10/11 10:18:12] - ==> Building model..
[2025/10/11 10:18:36] - Test Loss 	 Test Acc 	 PGD Loss 	 PGD Acc
[2025/10/11 10:18:36] - 2.5608 	 	 0.5127 	 2.8589 	 0.2784
[2025/10/11 10:19:32] - 55 	 28.3 	 	 0.2000 	 4.0900 	 0.2774
[2025/10/11 10:19:32] - ==> Building model..
[2025/10/11 10:19:55] - Test Loss 	 Test Acc 	 PGD Loss 	 PGD Acc
[2025/10/11 10:19:55] - 2.5601 	 	 0.5128 	 2.8591 	 0.2766
[2025/10/11 10:20:52] - 56 	 28.3 	 	 0.2000 	 4.0895 	 0.2752
[2025/10/11 10:20:52] - ==> Building model..
[2025/10/11 10:21:14] - Test Loss 	 Test Acc 	 PGD Loss 	 PGD Acc
[2025/10/11 10:21:14] - 2.5593 	 	 0.5137 	 2.8590 	 0.2775
[2025/10/11 10:22:08] - 57 	 27.2 	 	 0.2000 	 4.0900 	 0.2780
[2025/10/11 10:22:08] - ==> Building model..
[2025/10/11 10:22:31] - Test Loss 	 Test Acc 	 PGD Loss 	 PGD Acc
[2025/10/11 10:22:31] - 2.5583 	 	 0.5129 	 2.8585 	 0.2777
[2025/10/11 10:23:25] - 58 	 28.0 	 	 0.2000 	 4.0897 	 0.2789
[2025/10/11 10:23:25] - ==> Building model..
[2025/10/11 10:23:48] - Test Loss 	 Test Acc 	 PGD Loss 	 PGD Acc
[2025/10/11 10:23:48] - 2.5593 	 	 0.5129 	 2.8591 	 0.2784
[2025/10/11 10:24:42] - 59 	 28.3 	 	 0.2000 	 4.0896 	 0.2761
[2025/10/11 10:24:42] - ==> Building model..
[2025/10/11 10:25:05] - Test Loss 	 Test Acc 	 PGD Loss 	 PGD Acc
[2025/10/11 10:25:05] - 2.5616 	 	 0.5126 	 2.8610 	 0.2792
[2025/10/11 10:25:59] - 60 	 28.0 	 	 0.2000 	 4.0879 	 0.2801
[2025/10/11 10:25:59] - ==> Building model..
[2025/10/11 10:26:22] - Test Loss 	 Test Acc 	 PGD Loss 	 PGD Acc
[2025/10/11 10:26:22] - 2.5605 	 	 0.5141 	 2.8608 	 0.2784
[2025/10/11 10:27:15] - 61 	 27.6 	 	 0.2000 	 4.0889 	 0.2758
[2025/10/11 10:27:15] - ==> Building model..
[2025/10/11 10:27:37] - Test Loss 	 Test Acc 	 PGD Loss 	 PGD Acc
[2025/10/11 10:27:37] - 2.5603 	 	 0.5151 	 2.8609 	 0.2798
[2025/10/11 10:28:32] - 62 	 28.1 	 	 0.2000 	 4.0889 	 0.2785
[2025/10/11 10:28:32] - ==> Building model..
[2025/10/11 10:28:54] - Test Loss 	 Test Acc 	 PGD Loss 	 PGD Acc
[2025/10/11 10:28:54] - 2.5601 	 	 0.5169 	 2.8608 	 0.2792
[2025/10/11 10:29:48] - 63 	 27.9 	 	 0.2000 	 4.0897 	 0.2768
[2025/10/11 10:29:48] - ==> Building model..
[2025/10/11 10:30:11] - Test Loss 	 Test Acc 	 PGD Loss 	 PGD Acc
[2025/10/11 10:30:11] - 2.5606 	 	 0.5166 	 2.8602 	 0.2803
[2025/10/11 10:31:06] - 64 	 28.0 	 	 0.2000 	 4.0866 	 0.2804
[2025/10/11 10:31:06] - ==> Building model..
[2025/10/11 10:31:28] - Test Loss 	 Test Acc 	 PGD Loss 	 PGD Acc
[2025/10/11 10:31:28] - 2.5611 	 	 0.5167 	 2.8610 	 0.2790
[2025/10/11 10:32:22] - 65 	 27.5 	 	 0.2000 	 4.0877 	 0.2785
[2025/10/11 10:32:22] - ==> Building model..
[2025/10/11 10:32:45] - Test Loss 	 Test Acc 	 PGD Loss 	 PGD Acc
[2025/10/11 10:32:45] - 2.5616 	 	 0.5169 	 2.8612 	 0.2792
[2025/10/11 10:33:39] - 66 	 27.9 	 	 0.2000 	 4.0875 	 0.2790
[2025/10/11 10:33:39] - ==> Building model..
[2025/10/11 10:34:02] - Test Loss 	 Test Acc 	 PGD Loss 	 PGD Acc
[2025/10/11 10:34:02] - 2.5617 	 	 0.5168 	 2.8613 	 0.2782
[2025/10/11 10:34:56] - 67 	 27.5 	 	 0.2000 	 4.0881 	 0.2787
[2025/10/11 10:34:56] - ==> Building model..
[2025/10/11 10:35:18] - Test Loss 	 Test Acc 	 PGD Loss 	 PGD Acc
[2025/10/11 10:35:18] - 2.5617 	 	 0.5172 	 2.8613 	 0.2788
[2025/10/11 10:36:12] - 68 	 27.1 	 	 0.2000 	 4.0875 	 0.2798
[2025/10/11 10:36:12] - ==> Building model..
[2025/10/11 10:36:35] - Test Loss 	 Test Acc 	 PGD Loss 	 PGD Acc
[2025/10/11 10:36:35] - 2.5623 	 	 0.5168 	 2.8616 	 0.2782
[2025/10/11 10:37:28] - 69 	 27.9 	 	 0.2000 	 4.0885 	 0.2779
[2025/10/11 10:37:28] - ==> Building model..
[2025/10/11 10:37:51] - Test Loss 	 Test Acc 	 PGD Loss 	 PGD Acc
[2025/10/11 10:37:51] - 2.5632 	 	 0.5169 	 2.8624 	 0.2779
[2025/10/11 10:38:46] - 70 	 28.2 	 	 0.2000 	 4.0893 	 0.2776
[2025/10/11 10:38:46] - ==> Building model..
[2025/10/11 10:39:08] - Test Loss 	 Test Acc 	 PGD Loss 	 PGD Acc
[2025/10/11 10:39:08] - 2.5656 	 	 0.5177 	 2.8649 	 0.2786
[2025/10/11 10:40:03] - 71 	 28.0 	 	 0.2000 	 4.0883 	 0.2781
[2025/10/11 10:40:03] - ==> Building model..
[2025/10/11 10:40:25] - Test Loss 	 Test Acc 	 PGD Loss 	 PGD Acc
[2025/10/11 10:40:25] - 2.5670 	 	 0.5178 	 2.8659 	 0.2801
[2025/10/11 10:41:19] - 72 	 28.5 	 	 0.2000 	 4.0890 	 0.2755
[2025/10/11 10:41:19] - ==> Building model..
[2025/10/11 10:41:42] - Test Loss 	 Test Acc 	 PGD Loss 	 PGD Acc
[2025/10/11 10:41:42] - 2.5674 	 	 0.5185 	 2.8666 	 0.2801
[2025/10/11 10:42:37] - 73 	 28.0 	 	 0.2000 	 4.0876 	 0.2785
[2025/10/11 10:42:37] - ==> Building model..
[2025/10/11 10:42:59] - Test Loss 	 Test Acc 	 PGD Loss 	 PGD Acc
[2025/10/11 10:42:59] - 2.5703 	 	 0.5184 	 2.8692 	 0.2800
[2025/10/11 10:43:53] - 74 	 27.9 	 	 0.2000 	 4.0890 	 0.2776
[2025/10/11 10:43:53] - ==> Building model..
[2025/10/11 10:44:15] - Test Loss 	 Test Acc 	 PGD Loss 	 PGD Acc
[2025/10/11 10:44:15] - 2.5713 	 	 0.5188 	 2.8698 	 0.2790
[2025/10/11 10:45:09] - 75 	 27.5 	 	 0.2000 	 4.0881 	 0.2789
[2025/10/11 10:45:09] - ==> Building model..
[2025/10/11 10:45:32] - Test Loss 	 Test Acc 	 PGD Loss 	 PGD Acc
[2025/10/11 10:45:32] - 2.5705 	 	 0.5209 	 2.8693 	 0.2800
[2025/10/11 10:46:26] - 76 	 27.4 	 	 0.2000 	 4.0875 	 0.2782
[2025/10/11 10:46:26] - ==> Building model..
[2025/10/11 10:46:49] - Test Loss 	 Test Acc 	 PGD Loss 	 PGD Acc
[2025/10/11 10:46:49] - 2.5698 	 	 0.5201 	 2.8685 	 0.2803
[2025/10/11 10:47:44] - 77 	 28.0 	 	 0.2000 	 4.0869 	 0.2799
[2025/10/11 10:47:44] - ==> Building model..
[2025/10/11 10:48:07] - Test Loss 	 Test Acc 	 PGD Loss 	 PGD Acc
[2025/10/11 10:48:07] - 2.5706 	 	 0.5195 	 2.8694 	 0.2807
[2025/10/11 10:49:02] - 78 	 28.1 	 	 0.2000 	 4.0876 	 0.2797
[2025/10/11 10:49:02] - ==> Building model..
[2025/10/11 10:49:25] - Test Loss 	 Test Acc 	 PGD Loss 	 PGD Acc
[2025/10/11 10:49:25] - 2.5701 	 	 0.5200 	 2.8691 	 0.2803
[2025/10/11 10:50:20] - 79 	 28.0 	 	 0.2000 	 4.0870 	 0.2811
[2025/10/11 10:50:20] - ==> Building model..
[2025/10/11 10:50:42] - Test Loss 	 Test Acc 	 PGD Loss 	 PGD Acc
[2025/10/11 10:50:42] - 2.5680 	 	 0.5198 	 2.8673 	 0.2806
[2025/10/11 10:51:38] - 80 	 28.5 	 	 0.2000 	 4.0868 	 0.2801
[2025/10/11 10:51:38] - ==> Building model..
[2025/10/11 10:52:01] - Test Loss 	 Test Acc 	 PGD Loss 	 PGD Acc
[2025/10/11 10:52:01] - 2.5681 	 	 0.5208 	 2.8669 	 0.2819
[2025/10/11 10:52:57] - 81 	 28.3 	 	 0.2000 	 4.0875 	 0.2795
[2025/10/11 10:52:57] - ==> Building model..
[2025/10/11 10:53:19] - Test Loss 	 Test Acc 	 PGD Loss 	 PGD Acc
[2025/10/11 10:53:19] - 2.5687 	 	 0.5202 	 2.8670 	 0.2809
[2025/10/11 10:54:14] - 82 	 28.3 	 	 0.2000 	 4.0885 	 0.2788
[2025/10/11 10:54:14] - ==> Building model..
[2025/10/11 10:54:38] - Test Loss 	 Test Acc 	 PGD Loss 	 PGD Acc
[2025/10/11 10:54:38] - 2.5662 	 	 0.5203 	 2.8657 	 0.2811
[2025/10/11 10:55:34] - 83 	 28.9 	 	 0.2000 	 4.0856 	 0.2805
[2025/10/11 10:55:34] - ==> Building model..
[2025/10/11 10:55:56] - Test Loss 	 Test Acc 	 PGD Loss 	 PGD Acc
[2025/10/11 10:55:56] - 2.5669 	 	 0.5202 	 2.8654 	 0.2816
[2025/10/11 10:56:51] - 84 	 27.7 	 	 0.2000 	 4.0883 	 0.2780
[2025/10/11 10:56:51] - ==> Building model..
[2025/10/11 10:57:13] - Test Loss 	 Test Acc 	 PGD Loss 	 PGD Acc
[2025/10/11 10:57:13] - 2.5673 	 	 0.5197 	 2.8664 	 0.2819
[2025/10/11 10:58:08] - 85 	 28.3 	 	 0.2000 	 4.0891 	 0.2776
[2025/10/11 10:58:08] - ==> Building model..
[2025/10/11 10:58:31] - Test Loss 	 Test Acc 	 PGD Loss 	 PGD Acc
[2025/10/11 10:58:31] - 2.5684 	 	 0.5200 	 2.8677 	 0.2811
[2025/10/11 10:59:25] - 86 	 27.5 	 	 0.2000 	 4.0870 	 0.2798
[2025/10/11 10:59:25] - ==> Building model..
[2025/10/11 10:59:48] - Test Loss 	 Test Acc 	 PGD Loss 	 PGD Acc
[2025/10/11 10:59:48] - 2.5689 	 	 0.5200 	 2.8684 	 0.2825
[2025/10/11 11:00:43] - 87 	 28.6 	 	 0.2000 	 4.0876 	 0.2816
[2025/10/11 11:00:43] - ==> Building model..
[2025/10/11 11:01:06] - Test Loss 	 Test Acc 	 PGD Loss 	 PGD Acc
[2025/10/11 11:01:06] - 2.5682 	 	 0.5207 	 2.8675 	 0.2832
[2025/10/11 11:02:01] - 88 	 28.7 	 	 0.2000 	 4.0898 	 0.2762
[2025/10/11 11:02:01] - ==> Building model..
[2025/10/11 11:02:24] - Test Loss 	 Test Acc 	 PGD Loss 	 PGD Acc
[2025/10/11 11:02:24] - 2.5703 	 	 0.5200 	 2.8694 	 0.2827
[2025/10/11 11:03:18] - 89 	 28.2 	 	 0.2000 	 4.0885 	 0.2806
[2025/10/11 11:03:18] - ==> Building model..
[2025/10/11 11:03:40] - Test Loss 	 Test Acc 	 PGD Loss 	 PGD Acc
[2025/10/11 11:03:40] - 2.5706 	 	 0.5206 	 2.8692 	 0.2831
[2025/10/11 11:04:35] - 90 	 27.8 	 	 0.0200 	 3.9919 	 0.3418
[2025/10/11 11:04:35] - ==> Building model..
[2025/10/11 11:04:57] - Test Loss 	 Test Acc 	 PGD Loss 	 PGD Acc
[2025/10/11 11:04:57] - 2.5668 	 	 0.5212 	 2.8665 	 0.2837
[2025/10/11 11:05:50] - 91 	 26.7 	 	 0.0200 	 3.8991 	 0.4023
[2025/10/11 11:05:50] - ==> Building model..
[2025/10/11 11:06:13] - Test Loss 	 Test Acc 	 PGD Loss 	 PGD Acc
[2025/10/11 11:06:13] - 2.5653 	 	 0.5222 	 2.8655 	 0.2834
[2025/10/11 11:07:06] - 92 	 26.9 	 	 0.0200 	 3.8726 	 0.4203
[2025/10/11 11:07:06] - ==> Building model..
[2025/10/11 11:07:29] - Test Loss 	 Test Acc 	 PGD Loss 	 PGD Acc
[2025/10/11 11:07:29] - 2.5653 	 	 0.5224 	 2.8661 	 0.2847
[2025/10/11 11:08:21] - 93 	 26.4 	 	 0.0200 	 3.8549 	 0.4323
[2025/10/11 11:08:21] - ==> Building model..
[2025/10/11 11:08:44] - Test Loss 	 Test Acc 	 PGD Loss 	 PGD Acc
[2025/10/11 11:08:44] - 2.5655 	 	 0.5225 	 2.8660 	 0.2836
[2025/10/11 11:09:38] - 94 	 26.9 	 	 0.0200 	 3.8394 	 0.4444
[2025/10/11 11:09:38] - ==> Building model..
[2025/10/11 11:10:01] - Test Loss 	 Test Acc 	 PGD Loss 	 PGD Acc
[2025/10/11 11:10:01] - 2.5667 	 	 0.5224 	 2.8673 	 0.2841
[2025/10/11 11:10:54] - 95 	 26.9 	 	 0.0200 	 3.8278 	 0.4511
[2025/10/11 11:10:54] - ==> Building model..
[2025/10/11 11:11:16] - Test Loss 	 Test Acc 	 PGD Loss 	 PGD Acc
[2025/10/11 11:11:16] - 2.5687 	 	 0.5223 	 2.8695 	 0.2835
[2025/10/11 11:12:09] - 96 	 26.7 	 	 0.0200 	 3.8176 	 0.4604
[2025/10/11 11:12:09] - ==> Building model..
[2025/10/11 11:12:31] - Test Loss 	 Test Acc 	 PGD Loss 	 PGD Acc
[2025/10/11 11:12:31] - 2.5725 	 	 0.5223 	 2.8719 	 0.2842
[2025/10/11 11:13:24] - 97 	 26.4 	 	 0.0200 	 3.8090 	 0.4658
[2025/10/11 11:13:24] - ==> Building model..
[2025/10/11 11:13:44] - Test Loss 	 Test Acc 	 PGD Loss 	 PGD Acc
[2025/10/11 11:13:44] - 2.5751 	 	 0.5222 	 2.8742 	 0.2843
[2025/10/11 11:14:29] - 98 	 18.3 	 	 0.0200 	 3.7993 	 0.4740
[2025/10/11 11:14:29] - ==> Building model..
[2025/10/11 11:14:46] - Test Loss 	 Test Acc 	 PGD Loss 	 PGD Acc
[2025/10/11 11:14:46] - 2.5795 	 	 0.5222 	 2.8777 	 0.2853
[2025/10/11 11:15:34] - 99 	 21.0 	 	 0.0200 	 3.7932 	 0.4768
[2025/10/11 11:15:34] - ==> Building model..
[2025/10/11 11:15:57] - Test Loss 	 Test Acc 	 PGD Loss 	 PGD Acc
[2025/10/11 11:15:57] - 2.5807 	 	 0.5224 	 2.8782 	 0.2843
[2025/10/11 11:15:57] - [0.0887, 0.1468, 0.1902, 0.2391, 0.2788, 0.314, 0.3593, 0.3864, 0.4065, 0.4214, 0.4329, 0.4397, 0.4502, 0.4528, 0.4567, 0.4631, 0.466, 0.4702, 0.4736, 0.4748, 0.4787, 0.4818, 0.485, 0.4842, 0.4851, 0.49, 0.4906, 0.4918, 0.495, 0.4949, 0.4969, 0.499, 0.4997, 0.4986, 0.4989, 0.5012, 0.5009, 0.5029, 0.5046, 0.5045, 0.5067, 0.5075, 0.5092, 0.5106, 0.5126, 0.5125, 0.5124, 0.5129, 0.5117, 0.5119, 0.5119, 0.5125, 0.5138, 0.5126, 0.5127, 0.5128, 0.5137, 0.5129, 0.5129, 0.5126, 0.5141, 0.5151, 0.5169, 0.5166, 0.5167, 0.5169, 0.5168, 0.5172, 0.5168, 0.5169, 0.5177, 0.5178, 0.5185, 0.5184, 0.5188, 0.5209, 0.5201, 0.5195, 0.52, 0.5198, 0.5208, 0.5202, 0.5203, 0.5202, 0.5197, 0.52, 0.52, 0.5207, 0.52, 0.5206, 0.5212, 0.5222, 0.5224, 0.5225, 0.5224, 0.5223, 0.5223, 0.5222, 0.5222, 0.5224]
[2025/10/11 11:15:57] - [0.0606, 0.0957, 0.117, 0.1392, 0.163, 0.1816, 0.1974, 0.2098, 0.2192, 0.2246, 0.2307, 0.2342, 0.2393, 0.2448, 0.2465, 0.2501, 0.2517, 0.2546, 0.2568, 0.2572, 0.2584, 0.2595, 0.2611, 0.2617, 0.264, 0.2639, 0.2657, 0.2665, 0.2681, 0.2687, 0.2682, 0.2686, 0.2689, 0.2712, 0.2724, 0.2715, 0.2711, 0.2728, 0.2714, 0.273, 0.2725, 0.2736, 0.2749, 0.2751, 0.2761, 0.2747, 0.2773, 0.2767, 0.2762, 0.2765, 0.2781, 0.2788, 0.2785, 0.2782, 0.2784, 0.2766, 0.2775, 0.2777, 0.2784, 0.2792, 0.2784, 0.2798, 0.2792, 0.2803, 0.279, 0.2792, 0.2782, 0.2788, 0.2782, 0.2779, 0.2786, 0.2801, 0.2801, 0.28, 0.279, 0.28, 0.2803, 0.2807, 0.2803, 0.2806, 0.2819, 0.2809, 0.2811, 0.2816, 0.2819, 0.2811, 0.2825, 0.2832, 0.2827, 0.2831, 0.2837, 0.2834, 0.2847, 0.2836, 0.2841, 0.2835, 0.2842, 0.2843, 0.2853, 0.2843]
