[2025/10/12 15:34:34] - Namespace(batch_size=128, data_dir='cifar-data', epochs=100, lr_schedule='multistep', lr_min=0.0, lr_max=0.2, weight_decay=0.0005, momentum=0.9, model='ResNet18', epsilon=8, alpha=8, delta_init='random', normal_mean=0, normal_std=1, out_dir='./output/CIFAR100/lamda_35_lamscale_0.08_run3', seed=0, lamda=35.0, lam_scale=0.08, lam_start=50, gamma=0.05, inner_gamma=0.05, beta=0.2, mu=3.5, batch_m=0.75, early_stop=False, factor=0.5, length=4, n_holes=1, c_num=0.125, EMA_value=0.55)
[2025/10/12 15:34:36] - ==> Building model..
[2025/10/12 15:34:36] - Epoch 	 Seconds 	 LR 	 	 Train Loss 	 Train Acc
[2025/10/12 15:35:30] - 0 	 28.7 	 	 0.2000 	 4.5660 	 0.0391
[2025/10/12 15:35:30] - ==> Building model..
[2025/10/12 15:35:52] - Test Loss 	 Test Acc 	 PGD Loss 	 PGD Acc
[2025/10/12 15:35:52] - 4.2389 	 	 0.0851 	 4.2515 	 0.0560
[2025/10/12 15:36:47] - 1 	 28.2 	 	 0.2000 	 4.4583 	 0.0781
[2025/10/12 15:36:47] - ==> Building model..
[2025/10/12 15:37:10] - Test Loss 	 Test Acc 	 PGD Loss 	 PGD Acc
[2025/10/12 15:37:10] - 3.9958 	 	 0.1479 	 4.0274 	 0.0955
[2025/10/12 15:38:05] - 2 	 27.6 	 	 0.2000 	 4.4041 	 0.1052
[2025/10/12 15:38:05] - ==> Building model..
[2025/10/12 15:38:28] - Test Loss 	 Test Acc 	 PGD Loss 	 PGD Acc
[2025/10/12 15:38:28] - 3.8727 	 	 0.1931 	 3.9214 	 0.1165
[2025/10/12 15:39:22] - 3 	 28.3 	 	 0.2000 	 4.3555 	 0.1272
[2025/10/12 15:39:22] - ==> Building model..
[2025/10/12 15:39:45] - Test Loss 	 Test Acc 	 PGD Loss 	 PGD Acc
[2025/10/12 15:39:45] - 3.7247 	 	 0.2370 	 3.7961 	 0.1373
[2025/10/12 15:40:40] - 4 	 27.9 	 	 0.2000 	 4.3115 	 0.1512
[2025/10/12 15:40:40] - ==> Building model..
[2025/10/12 15:41:03] - Test Loss 	 Test Acc 	 PGD Loss 	 PGD Acc
[2025/10/12 15:41:03] - 3.5929 	 	 0.2732 	 3.6870 	 0.1622
[2025/10/12 15:41:56] - 5 	 27.3 	 	 0.2000 	 4.2732 	 0.1726
[2025/10/12 15:41:56] - ==> Building model..
[2025/10/12 15:42:19] - Test Loss 	 Test Acc 	 PGD Loss 	 PGD Acc
[2025/10/12 15:42:19] - 3.4174 	 	 0.3062 	 3.5362 	 0.1790
[2025/10/12 15:43:14] - 6 	 28.1 	 	 0.2000 	 4.2421 	 0.1881
[2025/10/12 15:43:14] - ==> Building model..
[2025/10/12 15:43:37] - Test Loss 	 Test Acc 	 PGD Loss 	 PGD Acc
[2025/10/12 15:43:37] - 3.2180 	 	 0.3497 	 3.3696 	 0.1939
[2025/10/12 15:44:31] - 7 	 28.5 	 	 0.2000 	 4.2208 	 0.1980
[2025/10/12 15:44:31] - ==> Building model..
[2025/10/12 15:44:54] - Test Loss 	 Test Acc 	 PGD Loss 	 PGD Acc
[2025/10/12 15:44:54] - 3.0593 	 	 0.3829 	 3.2427 	 0.2056
[2025/10/12 15:45:50] - 8 	 28.4 	 	 0.2000 	 4.2021 	 0.2107
[2025/10/12 15:45:50] - ==> Building model..
[2025/10/12 15:46:12] - Test Loss 	 Test Acc 	 PGD Loss 	 PGD Acc
[2025/10/12 15:46:12] - 2.9594 	 	 0.4069 	 3.1638 	 0.2190
[2025/10/12 15:47:06] - 9 	 28.5 	 	 0.2000 	 4.1865 	 0.2183
[2025/10/12 15:47:06] - ==> Building model..
[2025/10/12 15:47:30] - Test Loss 	 Test Acc 	 PGD Loss 	 PGD Acc
[2025/10/12 15:47:30] - 2.9079 	 	 0.4213 	 3.1236 	 0.2228
[2025/10/12 15:48:25] - 10 	 28.5 	 	 0.2000 	 4.1743 	 0.2249
[2025/10/12 15:48:25] - ==> Building model..
[2025/10/12 15:48:47] - Test Loss 	 Test Acc 	 PGD Loss 	 PGD Acc
[2025/10/12 15:48:47] - 2.8503 	 	 0.4342 	 3.0807 	 0.2322
[2025/10/12 15:49:43] - 11 	 28.2 	 	 0.2000 	 4.1662 	 0.2312
[2025/10/12 15:49:43] - ==> Building model..
[2025/10/12 15:50:05] - Test Loss 	 Test Acc 	 PGD Loss 	 PGD Acc
[2025/10/12 15:50:05] - 2.8071 	 	 0.4416 	 3.0471 	 0.2366
[2025/10/12 15:51:00] - 12 	 27.7 	 	 0.2000 	 4.1561 	 0.2352
[2025/10/12 15:51:00] - ==> Building model..
[2025/10/12 15:51:22] - Test Loss 	 Test Acc 	 PGD Loss 	 PGD Acc
[2025/10/12 15:51:22] - 2.7748 	 	 0.4520 	 3.0231 	 0.2419
[2025/10/12 15:52:16] - 13 	 27.8 	 	 0.2000 	 4.1534 	 0.2355
[2025/10/12 15:52:16] - ==> Building model..
[2025/10/12 15:52:38] - Test Loss 	 Test Acc 	 PGD Loss 	 PGD Acc
[2025/10/12 15:52:38] - 2.7503 	 	 0.4558 	 3.0042 	 0.2449
[2025/10/12 15:53:32] - 14 	 28.1 	 	 0.2000 	 4.1465 	 0.2403
[2025/10/12 15:53:32] - ==> Building model..
[2025/10/12 15:53:54] - Test Loss 	 Test Acc 	 PGD Loss 	 PGD Acc
[2025/10/12 15:53:54] - 2.7229 	 	 0.4640 	 2.9850 	 0.2474
[2025/10/12 15:54:48] - 15 	 27.7 	 	 0.2000 	 4.1385 	 0.2475
[2025/10/12 15:54:48] - ==> Building model..
[2025/10/12 15:55:11] - Test Loss 	 Test Acc 	 PGD Loss 	 PGD Acc
[2025/10/12 15:55:11] - 2.7042 	 	 0.4683 	 2.9708 	 0.2512
[2025/10/12 15:56:06] - 16 	 28.3 	 	 0.2000 	 4.1356 	 0.2484
[2025/10/12 15:56:06] - ==> Building model..
[2025/10/12 15:56:29] - Test Loss 	 Test Acc 	 PGD Loss 	 PGD Acc
[2025/10/12 15:56:29] - 2.6926 	 	 0.4706 	 2.9604 	 0.2515
[2025/10/12 15:57:24] - 17 	 28.8 	 	 0.2000 	 4.1333 	 0.2489
[2025/10/12 15:57:24] - ==> Building model..
[2025/10/12 15:57:47] - Test Loss 	 Test Acc 	 PGD Loss 	 PGD Acc
[2025/10/12 15:57:47] - 2.6761 	 	 0.4738 	 2.9478 	 0.2531
[2025/10/12 15:58:42] - 18 	 27.8 	 	 0.2000 	 4.1269 	 0.2512
[2025/10/12 15:58:42] - ==> Building model..
[2025/10/12 15:59:04] - Test Loss 	 Test Acc 	 PGD Loss 	 PGD Acc
[2025/10/12 15:59:04] - 2.6584 	 	 0.4782 	 2.9366 	 0.2562
[2025/10/12 15:59:59] - 19 	 28.1 	 	 0.2000 	 4.1239 	 0.2549
[2025/10/12 15:59:59] - ==> Building model..
[2025/10/12 16:00:22] - Test Loss 	 Test Acc 	 PGD Loss 	 PGD Acc
[2025/10/12 16:00:22] - 2.6438 	 	 0.4827 	 2.9239 	 0.2568
[2025/10/12 16:01:18] - 20 	 28.7 	 	 0.2000 	 4.1230 	 0.2562
[2025/10/12 16:01:18] - ==> Building model..
[2025/10/12 16:01:40] - Test Loss 	 Test Acc 	 PGD Loss 	 PGD Acc
[2025/10/12 16:01:40] - 2.6338 	 	 0.4863 	 2.9169 	 0.2569
[2025/10/12 16:02:34] - 21 	 28.2 	 	 0.2000 	 4.1182 	 0.2568
[2025/10/12 16:02:34] - ==> Building model..
[2025/10/12 16:02:56] - Test Loss 	 Test Acc 	 PGD Loss 	 PGD Acc
[2025/10/12 16:02:56] - 2.6238 	 	 0.4893 	 2.9104 	 0.2599
[2025/10/12 16:03:51] - 22 	 27.6 	 	 0.2000 	 4.1182 	 0.2585
[2025/10/12 16:03:51] - ==> Building model..
[2025/10/12 16:04:14] - Test Loss 	 Test Acc 	 PGD Loss 	 PGD Acc
[2025/10/12 16:04:14] - 2.6160 	 	 0.4889 	 2.9045 	 0.2596
[2025/10/12 16:05:08] - 23 	 27.8 	 	 0.2000 	 4.1155 	 0.2595
[2025/10/12 16:05:08] - ==> Building model..
[2025/10/12 16:05:31] - Test Loss 	 Test Acc 	 PGD Loss 	 PGD Acc
[2025/10/12 16:05:31] - 2.6116 	 	 0.4900 	 2.8999 	 0.2611
[2025/10/12 16:06:23] - 24 	 27.6 	 	 0.2000 	 4.1125 	 0.2614
[2025/10/12 16:06:23] - ==> Building model..
[2025/10/12 16:06:46] - Test Loss 	 Test Acc 	 PGD Loss 	 PGD Acc
[2025/10/12 16:06:46] - 2.6063 	 	 0.4924 	 2.8963 	 0.2617
[2025/10/12 16:07:41] - 25 	 28.7 	 	 0.2000 	 4.1103 	 0.2651
[2025/10/12 16:07:41] - ==> Building model..
[2025/10/12 16:08:04] - Test Loss 	 Test Acc 	 PGD Loss 	 PGD Acc
[2025/10/12 16:08:04] - 2.6023 	 	 0.4947 	 2.8935 	 0.2641
[2025/10/12 16:09:00] - 26 	 29.0 	 	 0.2000 	 4.1073 	 0.2639
[2025/10/12 16:09:00] - ==> Building model..
[2025/10/12 16:09:23] - Test Loss 	 Test Acc 	 PGD Loss 	 PGD Acc
[2025/10/12 16:09:23] - 2.5921 	 	 0.4962 	 2.8853 	 0.2658
[2025/10/12 16:10:18] - 27 	 28.5 	 	 0.2000 	 4.1059 	 0.2658
[2025/10/12 16:10:18] - ==> Building model..
[2025/10/12 16:10:41] - Test Loss 	 Test Acc 	 PGD Loss 	 PGD Acc
[2025/10/12 16:10:41] - 2.5846 	 	 0.4987 	 2.8802 	 0.2675
[2025/10/12 16:11:36] - 28 	 28.0 	 	 0.2000 	 4.1053 	 0.2669
[2025/10/12 16:11:36] - ==> Building model..
[2025/10/12 16:11:58] - Test Loss 	 Test Acc 	 PGD Loss 	 PGD Acc
[2025/10/12 16:11:58] - 2.5846 	 	 0.4985 	 2.8807 	 0.2670
[2025/10/12 16:12:53] - 29 	 28.3 	 	 0.2000 	 4.1038 	 0.2673
[2025/10/12 16:12:53] - ==> Building model..
[2025/10/12 16:13:16] - Test Loss 	 Test Acc 	 PGD Loss 	 PGD Acc
[2025/10/12 16:13:16] - 2.5805 	 	 0.4991 	 2.8770 	 0.2688
[2025/10/12 16:14:11] - 30 	 27.8 	 	 0.2000 	 4.1044 	 0.2665
[2025/10/12 16:14:11] - ==> Building model..
[2025/10/12 16:14:34] - Test Loss 	 Test Acc 	 PGD Loss 	 PGD Acc
[2025/10/12 16:14:34] - 2.5813 	 	 0.5001 	 2.8785 	 0.2689
[2025/10/12 16:15:28] - 31 	 28.3 	 	 0.2000 	 4.1023 	 0.2670
[2025/10/12 16:15:28] - ==> Building model..
[2025/10/12 16:15:50] - Test Loss 	 Test Acc 	 PGD Loss 	 PGD Acc
[2025/10/12 16:15:50] - 2.5802 	 	 0.5014 	 2.8797 	 0.2696
[2025/10/12 16:16:46] - 32 	 28.6 	 	 0.2000 	 4.1012 	 0.2669
[2025/10/12 16:16:46] - ==> Building model..
[2025/10/12 16:17:09] - Test Loss 	 Test Acc 	 PGD Loss 	 PGD Acc
[2025/10/12 16:17:09] - 2.5807 	 	 0.5026 	 2.8806 	 0.2688
[2025/10/12 16:18:04] - 33 	 28.4 	 	 0.2000 	 4.1007 	 0.2683
[2025/10/12 16:18:04] - ==> Building model..
[2025/10/12 16:18:26] - Test Loss 	 Test Acc 	 PGD Loss 	 PGD Acc
[2025/10/12 16:18:26] - 2.5743 	 	 0.5053 	 2.8744 	 0.2722
[2025/10/12 16:19:20] - 34 	 27.8 	 	 0.2000 	 4.1009 	 0.2671
[2025/10/12 16:19:20] - ==> Building model..
[2025/10/12 16:19:43] - Test Loss 	 Test Acc 	 PGD Loss 	 PGD Acc
[2025/10/12 16:19:43] - 2.5690 	 	 0.5055 	 2.8696 	 0.2723
[2025/10/12 16:20:38] - 35 	 27.6 	 	 0.2000 	 4.0962 	 0.2728
[2025/10/12 16:20:38] - ==> Building model..
[2025/10/12 16:21:00] - Test Loss 	 Test Acc 	 PGD Loss 	 PGD Acc
[2025/10/12 16:21:00] - 2.5642 	 	 0.5064 	 2.8658 	 0.2722
[2025/10/12 16:21:55] - 36 	 28.6 	 	 0.2000 	 4.0966 	 0.2716
[2025/10/12 16:21:55] - ==> Building model..
[2025/10/12 16:22:18] - Test Loss 	 Test Acc 	 PGD Loss 	 PGD Acc
[2025/10/12 16:22:18] - 2.5598 	 	 0.5059 	 2.8620 	 0.2740
[2025/10/12 16:23:13] - 37 	 27.9 	 	 0.2000 	 4.0956 	 0.2705
[2025/10/12 16:23:13] - ==> Building model..
[2025/10/12 16:23:36] - Test Loss 	 Test Acc 	 PGD Loss 	 PGD Acc
[2025/10/12 16:23:36] - 2.5580 	 	 0.5062 	 2.8600 	 0.2741
[2025/10/12 16:24:31] - 38 	 27.8 	 	 0.2000 	 4.0937 	 0.2720
[2025/10/12 16:24:31] - ==> Building model..
[2025/10/12 16:24:53] - Test Loss 	 Test Acc 	 PGD Loss 	 PGD Acc
[2025/10/12 16:24:53] - 2.5581 	 	 0.5080 	 2.8606 	 0.2743
[2025/10/12 16:25:48] - 39 	 27.7 	 	 0.2000 	 4.0950 	 0.2707
[2025/10/12 16:25:48] - ==> Building model..
[2025/10/12 16:26:10] - Test Loss 	 Test Acc 	 PGD Loss 	 PGD Acc
[2025/10/12 16:26:10] - 2.5575 	 	 0.5082 	 2.8603 	 0.2736
[2025/10/12 16:27:04] - 40 	 28.1 	 	 0.2000 	 4.0928 	 0.2721
[2025/10/12 16:27:04] - ==> Building model..
[2025/10/12 16:27:27] - Test Loss 	 Test Acc 	 PGD Loss 	 PGD Acc
[2025/10/12 16:27:27] - 2.5573 	 	 0.5079 	 2.8604 	 0.2744
[2025/10/12 16:28:21] - 41 	 27.9 	 	 0.2000 	 4.0957 	 0.2702
[2025/10/12 16:28:21] - ==> Building model..
[2025/10/12 16:28:44] - Test Loss 	 Test Acc 	 PGD Loss 	 PGD Acc
[2025/10/12 16:28:44] - 2.5544 	 	 0.5084 	 2.8585 	 0.2750
[2025/10/12 16:29:38] - 42 	 27.4 	 	 0.2000 	 4.0947 	 0.2702
[2025/10/12 16:29:38] - ==> Building model..
[2025/10/12 16:30:01] - Test Loss 	 Test Acc 	 PGD Loss 	 PGD Acc
[2025/10/12 16:30:01] - 2.5523 	 	 0.5109 	 2.8573 	 0.2757
[2025/10/12 16:30:56] - 43 	 28.7 	 	 0.2000 	 4.0930 	 0.2724
[2025/10/12 16:30:56] - ==> Building model..
[2025/10/12 16:31:19] - Test Loss 	 Test Acc 	 PGD Loss 	 PGD Acc
[2025/10/12 16:31:19] - 2.5508 	 	 0.5136 	 2.8563 	 0.2771
[2025/10/12 16:32:13] - 44 	 27.3 	 	 0.2000 	 4.0925 	 0.2740
[2025/10/12 16:32:13] - ==> Building model..
[2025/10/12 16:32:36] - Test Loss 	 Test Acc 	 PGD Loss 	 PGD Acc
[2025/10/12 16:32:36] - 2.5503 	 	 0.5145 	 2.8563 	 0.2787
[2025/10/12 16:33:29] - 45 	 27.0 	 	 0.2000 	 4.0919 	 0.2745
[2025/10/12 16:33:29] - ==> Building model..
[2025/10/12 16:33:49] - Test Loss 	 Test Acc 	 PGD Loss 	 PGD Acc
[2025/10/12 16:33:49] - 2.5523 	 	 0.5139 	 2.8580 	 0.2784
[2025/10/12 16:34:41] - 46 	 25.1 	 	 0.2000 	 4.0894 	 0.2754
[2025/10/12 16:34:41] - ==> Building model..
[2025/10/12 16:35:01] - Test Loss 	 Test Acc 	 PGD Loss 	 PGD Acc
[2025/10/12 16:35:01] - 2.5495 	 	 0.5149 	 2.8562 	 0.2782
[2025/10/12 16:35:52] - 47 	 25.2 	 	 0.2000 	 4.0910 	 0.2735
[2025/10/12 16:35:52] - ==> Building model..
[2025/10/12 16:36:13] - Test Loss 	 Test Acc 	 PGD Loss 	 PGD Acc
[2025/10/12 16:36:13] - 2.5487 	 	 0.5138 	 2.8558 	 0.2783
[2025/10/12 16:37:03] - 48 	 24.2 	 	 0.2000 	 4.0876 	 0.2765
[2025/10/12 16:37:03] - ==> Building model..
[2025/10/12 16:37:23] - Test Loss 	 Test Acc 	 PGD Loss 	 PGD Acc
[2025/10/12 16:37:23] - 2.5493 	 	 0.5152 	 2.8568 	 0.2792
[2025/10/12 16:38:15] - 49 	 23.9 	 	 0.2000 	 4.0878 	 0.2767
[2025/10/12 16:38:15] - ==> Building model..
[2025/10/12 16:38:34] - Test Loss 	 Test Acc 	 PGD Loss 	 PGD Acc
[2025/10/12 16:38:34] - 2.5499 	 	 0.5158 	 2.8570 	 0.2789
[2025/10/12 16:39:25] - 50 	 24.0 	 	 0.2000 	 4.0876 	 0.2770
[2025/10/12 16:39:25] - ==> Building model..
[2025/10/12 16:39:44] - Test Loss 	 Test Acc 	 PGD Loss 	 PGD Acc
[2025/10/12 16:39:44] - 2.5475 	 	 0.5160 	 2.8556 	 0.2814
[2025/10/12 16:40:34] - 51 	 23.0 	 	 0.2000 	 4.0888 	 0.2732
[2025/10/12 16:40:34] - ==> Building model..
[2025/10/12 16:40:53] - Test Loss 	 Test Acc 	 PGD Loss 	 PGD Acc
[2025/10/12 16:40:53] - 2.5470 	 	 0.5157 	 2.8547 	 0.2811
[2025/10/12 16:41:43] - 52 	 23.4 	 	 0.2000 	 4.0883 	 0.2766
[2025/10/12 16:41:43] - ==> Building model..
[2025/10/12 16:42:02] - Test Loss 	 Test Acc 	 PGD Loss 	 PGD Acc
[2025/10/12 16:42:02] - 2.5445 	 	 0.5163 	 2.8532 	 0.2821
[2025/10/12 16:42:53] - 53 	 23.7 	 	 0.2000 	 4.0879 	 0.2774
[2025/10/12 16:42:53] - ==> Building model..
[2025/10/12 16:43:12] - Test Loss 	 Test Acc 	 PGD Loss 	 PGD Acc
[2025/10/12 16:43:12] - 2.5458 	 	 0.5154 	 2.8527 	 0.2813
[2025/10/12 16:44:04] - 54 	 24.8 	 	 0.2000 	 4.0892 	 0.2753
[2025/10/12 16:44:04] - ==> Building model..
[2025/10/12 16:44:25] - Test Loss 	 Test Acc 	 PGD Loss 	 PGD Acc
[2025/10/12 16:44:25] - 2.5464 	 	 0.5150 	 2.8540 	 0.2791
[2025/10/12 16:45:17] - 55 	 24.1 	 	 0.2000 	 4.0886 	 0.2775
[2025/10/12 16:45:17] - ==> Building model..
[2025/10/12 16:45:36] - Test Loss 	 Test Acc 	 PGD Loss 	 PGD Acc
[2025/10/12 16:45:36] - 2.5454 	 	 0.5171 	 2.8537 	 0.2799
[2025/10/12 16:46:26] - 56 	 23.2 	 	 0.2000 	 4.0891 	 0.2761
[2025/10/12 16:46:26] - ==> Building model..
[2025/10/12 16:46:45] - Test Loss 	 Test Acc 	 PGD Loss 	 PGD Acc
[2025/10/12 16:46:45] - 2.5477 	 	 0.5179 	 2.8553 	 0.2796
[2025/10/12 16:47:35] - 57 	 23.8 	 	 0.2000 	 4.0899 	 0.2797
[2025/10/12 16:47:35] - ==> Building model..
[2025/10/12 16:47:54] - Test Loss 	 Test Acc 	 PGD Loss 	 PGD Acc
[2025/10/12 16:47:54] - 2.5493 	 	 0.5186 	 2.8560 	 0.2806
[2025/10/12 16:48:46] - 58 	 24.6 	 	 0.2000 	 4.0885 	 0.2808
[2025/10/12 16:48:46] - ==> Building model..
[2025/10/12 16:49:05] - Test Loss 	 Test Acc 	 PGD Loss 	 PGD Acc
[2025/10/12 16:49:05] - 2.5524 	 	 0.5190 	 2.8587 	 0.2801
[2025/10/12 16:49:55] - 59 	 23.7 	 	 0.2000 	 4.0906 	 0.2773
[2025/10/12 16:49:55] - ==> Building model..
[2025/10/12 16:50:14] - Test Loss 	 Test Acc 	 PGD Loss 	 PGD Acc
[2025/10/12 16:50:14] - 2.5532 	 	 0.5196 	 2.8585 	 0.2810
[2025/10/12 16:51:04] - 60 	 23.6 	 	 0.2000 	 4.0896 	 0.2778
[2025/10/12 16:51:04] - ==> Building model..
[2025/10/12 16:51:24] - Test Loss 	 Test Acc 	 PGD Loss 	 PGD Acc
[2025/10/12 16:51:24] - 2.5553 	 	 0.5192 	 2.8609 	 0.2815
[2025/10/12 16:52:15] - 61 	 24.2 	 	 0.2000 	 4.0896 	 0.2776
[2025/10/12 16:52:15] - ==> Building model..
[2025/10/12 16:52:34] - Test Loss 	 Test Acc 	 PGD Loss 	 PGD Acc
[2025/10/12 16:52:34] - 2.5574 	 	 0.5192 	 2.8611 	 0.2819
[2025/10/12 16:53:25] - 62 	 23.7 	 	 0.2000 	 4.0903 	 0.2789
[2025/10/12 16:53:25] - ==> Building model..
[2025/10/12 16:53:44] - Test Loss 	 Test Acc 	 PGD Loss 	 PGD Acc
[2025/10/12 16:53:44] - 2.5591 	 	 0.5184 	 2.8621 	 0.2815
[2025/10/12 16:54:31] - 63 	 22.6 	 	 0.2000 	 4.0915 	 0.2783
[2025/10/12 16:54:31] - ==> Building model..
[2025/10/12 16:54:50] - Test Loss 	 Test Acc 	 PGD Loss 	 PGD Acc
[2025/10/12 16:54:50] - 2.5627 	 	 0.5180 	 2.8644 	 0.2817
[2025/10/12 16:55:39] - 64 	 22.6 	 	 0.2000 	 4.0904 	 0.2811
[2025/10/12 16:55:39] - ==> Building model..
[2025/10/12 16:55:58] - Test Loss 	 Test Acc 	 PGD Loss 	 PGD Acc
[2025/10/12 16:55:58] - 2.5651 	 	 0.5195 	 2.8660 	 0.2825
[2025/10/12 16:56:48] - 65 	 23.0 	 	 0.2000 	 4.0897 	 0.2798
[2025/10/12 16:56:48] - ==> Building model..
[2025/10/12 16:57:07] - Test Loss 	 Test Acc 	 PGD Loss 	 PGD Acc
[2025/10/12 16:57:07] - 2.5709 	 	 0.5175 	 2.8700 	 0.2818
[2025/10/12 16:57:56] - 66 	 22.6 	 	 0.2000 	 4.0902 	 0.2780
[2025/10/12 16:57:56] - ==> Building model..
[2025/10/12 16:58:15] - Test Loss 	 Test Acc 	 PGD Loss 	 PGD Acc
[2025/10/12 16:58:15] - 2.5726 	 	 0.5178 	 2.8716 	 0.2813
[2025/10/12 16:59:05] - 67 	 23.2 	 	 0.2000 	 4.0912 	 0.2782
[2025/10/12 16:59:05] - ==> Building model..
[2025/10/12 16:59:24] - Test Loss 	 Test Acc 	 PGD Loss 	 PGD Acc
[2025/10/12 16:59:24] - 2.5738 	 	 0.5177 	 2.8723 	 0.2825
[2025/10/12 17:00:15] - 68 	 23.0 	 	 0.2000 	 4.0905 	 0.2788
[2025/10/12 17:00:15] - ==> Building model..
[2025/10/12 17:00:35] - Test Loss 	 Test Acc 	 PGD Loss 	 PGD Acc
[2025/10/12 17:00:35] - 2.5731 	 	 0.5184 	 2.8711 	 0.2829
[2025/10/12 17:01:27] - 69 	 24.6 	 	 0.2000 	 4.0910 	 0.2775
[2025/10/12 17:01:27] - ==> Building model..
[2025/10/12 17:01:47] - Test Loss 	 Test Acc 	 PGD Loss 	 PGD Acc
[2025/10/12 17:01:47] - 2.5751 	 	 0.5184 	 2.8728 	 0.2819
[2025/10/12 17:02:37] - 70 	 23.9 	 	 0.2000 	 4.0922 	 0.2774
[2025/10/12 17:02:37] - ==> Building model..
[2025/10/12 17:02:56] - Test Loss 	 Test Acc 	 PGD Loss 	 PGD Acc
[2025/10/12 17:02:56] - 2.5765 	 	 0.5183 	 2.8737 	 0.2832
[2025/10/12 17:03:46] - 71 	 24.6 	 	 0.2000 	 4.0900 	 0.2803
[2025/10/12 17:03:46] - ==> Building model..
[2025/10/12 17:04:06] - Test Loss 	 Test Acc 	 PGD Loss 	 PGD Acc
[2025/10/12 17:04:06] - 2.5792 	 	 0.5178 	 2.8756 	 0.2833
[2025/10/12 17:04:57] - 72 	 24.1 	 	 0.2000 	 4.0898 	 0.2763
[2025/10/12 17:04:57] - ==> Building model..
[2025/10/12 17:05:16] - Test Loss 	 Test Acc 	 PGD Loss 	 PGD Acc
[2025/10/12 17:05:16] - 2.5798 	 	 0.5194 	 2.8765 	 0.2834
[2025/10/12 17:06:07] - 73 	 23.3 	 	 0.2000 	 4.0901 	 0.2770
[2025/10/12 17:06:07] - ==> Building model..
[2025/10/12 17:06:26] - Test Loss 	 Test Acc 	 PGD Loss 	 PGD Acc
[2025/10/12 17:06:26] - 2.5798 	 	 0.5199 	 2.8772 	 0.2839
[2025/10/12 17:07:17] - 74 	 24.4 	 	 0.2000 	 4.0914 	 0.2767
[2025/10/12 17:07:17] - ==> Building model..
[2025/10/12 17:07:37] - Test Loss 	 Test Acc 	 PGD Loss 	 PGD Acc
[2025/10/12 17:07:37] - 2.5800 	 	 0.5209 	 2.8770 	 0.2836
[2025/10/12 17:08:29] - 75 	 24.5 	 	 0.2000 	 4.0902 	 0.2792
[2025/10/12 17:08:29] - ==> Building model..
[2025/10/12 17:08:48] - Test Loss 	 Test Acc 	 PGD Loss 	 PGD Acc
[2025/10/12 17:08:48] - 2.5795 	 	 0.5202 	 2.8768 	 0.2844
[2025/10/12 17:09:38] - 76 	 22.9 	 	 0.2000 	 4.0898 	 0.2798
[2025/10/12 17:09:38] - ==> Building model..
[2025/10/12 17:09:57] - Test Loss 	 Test Acc 	 PGD Loss 	 PGD Acc
[2025/10/12 17:09:57] - 2.5803 	 	 0.5201 	 2.8772 	 0.2843
[2025/10/12 17:10:48] - 77 	 23.6 	 	 0.2000 	 4.0892 	 0.2808
[2025/10/12 17:10:48] - ==> Building model..
[2025/10/12 17:11:08] - Test Loss 	 Test Acc 	 PGD Loss 	 PGD Acc
[2025/10/12 17:11:08] - 2.5810 	 	 0.5205 	 2.8778 	 0.2847
[2025/10/12 17:11:59] - 78 	 24.8 	 	 0.2000 	 4.0909 	 0.2781
[2025/10/12 17:11:59] - ==> Building model..
[2025/10/12 17:12:18] - Test Loss 	 Test Acc 	 PGD Loss 	 PGD Acc
[2025/10/12 17:12:18] - 2.5834 	 	 0.5187 	 2.8791 	 0.2841
[2025/10/12 17:13:10] - 79 	 24.6 	 	 0.2000 	 4.0889 	 0.2810
[2025/10/12 17:13:10] - ==> Building model..
[2025/10/12 17:13:30] - Test Loss 	 Test Acc 	 PGD Loss 	 PGD Acc
[2025/10/12 17:13:30] - 2.5844 	 	 0.5197 	 2.8796 	 0.2844
[2025/10/12 17:14:23] - 80 	 24.2 	 	 0.2000 	 4.0891 	 0.2793
[2025/10/12 17:14:23] - ==> Building model..
[2025/10/12 17:14:42] - Test Loss 	 Test Acc 	 PGD Loss 	 PGD Acc
[2025/10/12 17:14:42] - 2.5863 	 	 0.5199 	 2.8810 	 0.2847
[2025/10/12 17:15:32] - 81 	 23.4 	 	 0.2000 	 4.0890 	 0.2781
[2025/10/12 17:15:32] - ==> Building model..
[2025/10/12 17:15:51] - Test Loss 	 Test Acc 	 PGD Loss 	 PGD Acc
[2025/10/12 17:15:51] - 2.5868 	 	 0.5190 	 2.8819 	 0.2852
[2025/10/12 17:16:40] - 82 	 22.7 	 	 0.2000 	 4.0902 	 0.2797
[2025/10/12 17:16:40] - ==> Building model..
[2025/10/12 17:17:00] - Test Loss 	 Test Acc 	 PGD Loss 	 PGD Acc
[2025/10/12 17:17:00] - 2.5851 	 	 0.5199 	 2.8810 	 0.2854
[2025/10/12 17:17:50] - 83 	 23.5 	 	 0.2000 	 4.0868 	 0.2804
[2025/10/12 17:17:50] - ==> Building model..
[2025/10/12 17:18:09] - Test Loss 	 Test Acc 	 PGD Loss 	 PGD Acc
[2025/10/12 17:18:09] - 2.5853 	 	 0.5212 	 2.8815 	 0.2848
[2025/10/12 17:19:00] - 84 	 24.0 	 	 0.2000 	 4.0908 	 0.2765
[2025/10/12 17:19:00] - ==> Building model..
[2025/10/12 17:19:19] - Test Loss 	 Test Acc 	 PGD Loss 	 PGD Acc
[2025/10/12 17:19:19] - 2.5858 	 	 0.5218 	 2.8817 	 0.2849
[2025/10/12 17:20:08] - 85 	 22.9 	 	 0.2000 	 4.0890 	 0.2801
[2025/10/12 17:20:08] - ==> Building model..
[2025/10/12 17:20:27] - Test Loss 	 Test Acc 	 PGD Loss 	 PGD Acc
[2025/10/12 17:20:27] - 2.5857 	 	 0.5216 	 2.8816 	 0.2847
[2025/10/12 17:21:19] - 86 	 23.5 	 	 0.2000 	 4.0888 	 0.2811
[2025/10/12 17:21:19] - ==> Building model..
[2025/10/12 17:21:39] - Test Loss 	 Test Acc 	 PGD Loss 	 PGD Acc
[2025/10/12 17:21:39] - 2.5859 	 	 0.5212 	 2.8815 	 0.2857
[2025/10/12 17:22:31] - 87 	 24.3 	 	 0.2000 	 4.0886 	 0.2808
[2025/10/12 17:22:31] - ==> Building model..
[2025/10/12 17:22:50] - Test Loss 	 Test Acc 	 PGD Loss 	 PGD Acc
[2025/10/12 17:22:50] - 2.5861 	 	 0.5216 	 2.8815 	 0.2855
[2025/10/12 17:23:39] - 88 	 23.3 	 	 0.2000 	 4.0910 	 0.2759
[2025/10/12 17:23:39] - ==> Building model..
[2025/10/12 17:23:58] - Test Loss 	 Test Acc 	 PGD Loss 	 PGD Acc
[2025/10/12 17:23:58] - 2.5870 	 	 0.5214 	 2.8821 	 0.2848
[2025/10/12 17:24:49] - 89 	 23.8 	 	 0.2000 	 4.0890 	 0.2796
[2025/10/12 17:24:49] - ==> Building model..
[2025/10/12 17:25:08] - Test Loss 	 Test Acc 	 PGD Loss 	 PGD Acc
[2025/10/12 17:25:08] - 2.5886 	 	 0.5198 	 2.8825 	 0.2851
[2025/10/12 17:25:55] - 90 	 22.2 	 	 0.0200 	 3.9931 	 0.3428
[2025/10/12 17:25:55] - ==> Building model..
[2025/10/12 17:26:15] - Test Loss 	 Test Acc 	 PGD Loss 	 PGD Acc
[2025/10/12 17:26:15] - 2.5849 	 	 0.5210 	 2.8795 	 0.2858
[2025/10/12 17:27:03] - 91 	 21.9 	 	 0.0200 	 3.8991 	 0.4038
[2025/10/12 17:27:03] - ==> Building model..
[2025/10/12 17:27:22] - Test Loss 	 Test Acc 	 PGD Loss 	 PGD Acc
[2025/10/12 17:27:22] - 2.5838 	 	 0.5215 	 2.8792 	 0.2854
[2025/10/12 17:28:11] - 92 	 21.4 	 	 0.0200 	 3.8724 	 0.4207
[2025/10/12 17:28:11] - ==> Building model..
[2025/10/12 17:28:27] - Test Loss 	 Test Acc 	 PGD Loss 	 PGD Acc
[2025/10/12 17:28:27] - 2.5835 	 	 0.5218 	 2.8789 	 0.2854
[2025/10/12 17:29:11] - 93 	 18.3 	 	 0.0200 	 3.8551 	 0.4330
[2025/10/12 17:29:11] - ==> Building model..
[2025/10/12 17:29:28] - Test Loss 	 Test Acc 	 PGD Loss 	 PGD Acc
[2025/10/12 17:29:28] - 2.5841 	 	 0.5221 	 2.8799 	 0.2860
[2025/10/12 17:30:13] - 94 	 18.1 	 	 0.0200 	 3.8398 	 0.4424
[2025/10/12 17:30:13] - ==> Building model..
[2025/10/12 17:30:30] - Test Loss 	 Test Acc 	 PGD Loss 	 PGD Acc
[2025/10/12 17:30:30] - 2.5858 	 	 0.5227 	 2.8815 	 0.2855
[2025/10/12 17:31:14] - 95 	 18.5 	 	 0.0200 	 3.8284 	 0.4528
[2025/10/12 17:31:14] - ==> Building model..
[2025/10/12 17:31:31] - Test Loss 	 Test Acc 	 PGD Loss 	 PGD Acc
[2025/10/12 17:31:31] - 2.5898 	 	 0.5225 	 2.8852 	 0.2846
[2025/10/12 17:32:16] - 96 	 18.1 	 	 0.0200 	 3.8173 	 0.4607
[2025/10/12 17:32:16] - ==> Building model..
[2025/10/12 17:32:32] - Test Loss 	 Test Acc 	 PGD Loss 	 PGD Acc
[2025/10/12 17:32:32] - 2.5921 	 	 0.5224 	 2.8862 	 0.2855
[2025/10/12 17:33:17] - 97 	 17.9 	 	 0.0200 	 3.8085 	 0.4668
[2025/10/12 17:33:17] - ==> Building model..
[2025/10/12 17:33:34] - Test Loss 	 Test Acc 	 PGD Loss 	 PGD Acc
[2025/10/12 17:33:34] - 2.5976 	 	 0.5229 	 2.8913 	 0.2848
[2025/10/12 17:34:19] - 98 	 18.1 	 	 0.0200 	 3.7998 	 0.4745
[2025/10/12 17:34:19] - ==> Building model..
[2025/10/12 17:34:35] - Test Loss 	 Test Acc 	 PGD Loss 	 PGD Acc
[2025/10/12 17:34:35] - 2.5976 	 	 0.5229 	 2.8914 	 0.2858
[2025/10/12 17:35:20] - 99 	 18.1 	 	 0.0200 	 3.7929 	 0.4804
[2025/10/12 17:35:20] - ==> Building model..
[2025/10/12 17:35:37] - Test Loss 	 Test Acc 	 PGD Loss 	 PGD Acc
[2025/10/12 17:35:37] - 2.6024 	 	 0.5215 	 2.8951 	 0.2856
[2025/10/12 17:35:37] - [0.0851, 0.1479, 0.1931, 0.237, 0.2732, 0.3062, 0.3497, 0.3829, 0.4069, 0.4213, 0.4342, 0.4416, 0.452, 0.4558, 0.464, 0.4683, 0.4706, 0.4738, 0.4782, 0.4827, 0.4863, 0.4893, 0.4889, 0.49, 0.4924, 0.4947, 0.4962, 0.4987, 0.4985, 0.4991, 0.5001, 0.5014, 0.5026, 0.5053, 0.5055, 0.5064, 0.5059, 0.5062, 0.508, 0.5082, 0.5079, 0.5084, 0.5109, 0.5136, 0.5145, 0.5139, 0.5149, 0.5138, 0.5152, 0.5158, 0.516, 0.5157, 0.5163, 0.5154, 0.515, 0.5171, 0.5179, 0.5186, 0.519, 0.5196, 0.5192, 0.5192, 0.5184, 0.518, 0.5195, 0.5175, 0.5178, 0.5177, 0.5184, 0.5184, 0.5183, 0.5178, 0.5194, 0.5199, 0.5209, 0.5202, 0.5201, 0.5205, 0.5187, 0.5197, 0.5199, 0.519, 0.5199, 0.5212, 0.5218, 0.5216, 0.5212, 0.5216, 0.5214, 0.5198, 0.521, 0.5215, 0.5218, 0.5221, 0.5227, 0.5225, 0.5224, 0.5229, 0.5229, 0.5215]
[2025/10/12 17:35:37] - [0.056, 0.0955, 0.1165, 0.1373, 0.1622, 0.179, 0.1939, 0.2056, 0.219, 0.2228, 0.2322, 0.2366, 0.2419, 0.2449, 0.2474, 0.2512, 0.2515, 0.2531, 0.2562, 0.2568, 0.2569, 0.2599, 0.2596, 0.2611, 0.2617, 0.2641, 0.2658, 0.2675, 0.267, 0.2688, 0.2689, 0.2696, 0.2688, 0.2722, 0.2723, 0.2722, 0.274, 0.2741, 0.2743, 0.2736, 0.2744, 0.275, 0.2757, 0.2771, 0.2787, 0.2784, 0.2782, 0.2783, 0.2792, 0.2789, 0.2814, 0.2811, 0.2821, 0.2813, 0.2791, 0.2799, 0.2796, 0.2806, 0.2801, 0.281, 0.2815, 0.2819, 0.2815, 0.2817, 0.2825, 0.2818, 0.2813, 0.2825, 0.2829, 0.2819, 0.2832, 0.2833, 0.2834, 0.2839, 0.2836, 0.2844, 0.2843, 0.2847, 0.2841, 0.2844, 0.2847, 0.2852, 0.2854, 0.2848, 0.2849, 0.2847, 0.2857, 0.2855, 0.2848, 0.2851, 0.2858, 0.2854, 0.2854, 0.286, 0.2855, 0.2846, 0.2855, 0.2848, 0.2858, 0.2856]
