[2025/10/19 01:45:41] - Namespace(batch_size=128, data_dir='cifar-data', epochs=110, lr_schedule='multistep', lr_min=0.0, lr_max=0.2, weight_decay=0.0005, momentum=0.9, model='ResNet18', epsilon=8, alpha=8, delta_init='random', normal_mean=0, normal_std=1, out_dir='runs/beta_0.4/lam_44/lscale_0.09/seed_1', seed=1, lamda=44.0, lam_scale=0.09, lam_start=50, gamma=0.05, inner_gamma=0.05, beta=0.4, mu=3.5, batch_m=0.75, early_stop=False, factor=0.5, length=4, n_holes=1, c_num=0.125, EMA_value=0.55)
[2025/10/19 01:45:43] - ==> Building model..
[2025/10/19 01:45:43] - Epoch 	 Seconds 	 LR 	 	 Train Loss 	 Train Acc
[2025/10/19 01:46:36] - 0 	 29.3 	 	 0.2000 	 4.5703 	 0.0389
[2025/10/19 01:46:36] - ==> Building model..
[2025/10/19 01:47:00] - Test Loss 	 Test Acc 	 PGD Loss 	 PGD Acc
[2025/10/19 01:47:00] - 4.2422 	 	 0.0876 	 4.2553 	 0.0578
[2025/10/19 01:47:52] - 1 	 28.7 	 	 0.2000 	 4.4646 	 0.0751
[2025/10/19 01:47:52] - ==> Building model..
[2025/10/19 01:48:15] - Test Loss 	 Test Acc 	 PGD Loss 	 PGD Acc
[2025/10/19 01:48:15] - 4.0764 	 	 0.1353 	 4.1025 	 0.0893
[2025/10/19 01:49:07] - 2 	 28.6 	 	 0.2000 	 4.4068 	 0.1018
[2025/10/19 01:49:07] - ==> Building model..
[2025/10/19 01:49:31] - Test Loss 	 Test Acc 	 PGD Loss 	 PGD Acc
[2025/10/19 01:49:31] - 3.8845 	 	 0.1828 	 3.9311 	 0.1133
[2025/10/19 01:50:24] - 3 	 28.8 	 	 0.2000 	 4.3563 	 0.1294
[2025/10/19 01:50:24] - ==> Building model..
[2025/10/19 01:50:47] - Test Loss 	 Test Acc 	 PGD Loss 	 PGD Acc
[2025/10/19 01:50:47] - 3.7135 	 	 0.2394 	 3.7859 	 0.1414
[2025/10/19 01:51:39] - 4 	 28.5 	 	 0.2000 	 4.3156 	 0.1501
[2025/10/19 01:51:39] - ==> Building model..
[2025/10/19 01:52:03] - Test Loss 	 Test Acc 	 PGD Loss 	 PGD Acc
[2025/10/19 01:52:03] - 3.5605 	 	 0.2792 	 3.6571 	 0.1619
[2025/10/19 01:52:56] - 5 	 28.2 	 	 0.2000 	 4.2784 	 0.1670
[2025/10/19 01:52:56] - ==> Building model..
[2025/10/19 01:53:19] - Test Loss 	 Test Acc 	 PGD Loss 	 PGD Acc
[2025/10/19 01:53:19] - 3.3659 	 	 0.3158 	 3.4908 	 0.1819
[2025/10/19 01:54:11] - 6 	 27.9 	 	 0.2000 	 4.2474 	 0.1876
[2025/10/19 01:54:11] - ==> Building model..
[2025/10/19 01:54:34] - Test Loss 	 Test Acc 	 PGD Loss 	 PGD Acc
[2025/10/19 01:54:34] - 3.2123 	 	 0.3497 	 3.3630 	 0.1948
[2025/10/19 01:55:27] - 7 	 28.9 	 	 0.2000 	 4.2239 	 0.1987
[2025/10/19 01:55:27] - ==> Building model..
[2025/10/19 01:55:51] - Test Loss 	 Test Acc 	 PGD Loss 	 PGD Acc
[2025/10/19 01:55:51] - 3.0757 	 	 0.3797 	 3.2526 	 0.2048
[2025/10/19 01:56:43] - 8 	 28.6 	 	 0.2000 	 4.2069 	 0.2071
[2025/10/19 01:56:43] - ==> Building model..
[2025/10/19 01:57:07] - Test Loss 	 Test Acc 	 PGD Loss 	 PGD Acc
[2025/10/19 01:57:07] - 2.9915 	 	 0.3972 	 3.1847 	 0.2137
[2025/10/19 01:57:59] - 9 	 28.3 	 	 0.2000 	 4.1913 	 0.2161
[2025/10/19 01:57:59] - ==> Building model..
[2025/10/19 01:58:22] - Test Loss 	 Test Acc 	 PGD Loss 	 PGD Acc
[2025/10/19 01:58:22] - 2.9261 	 	 0.4119 	 3.1337 	 0.2229
[2025/10/19 01:59:15] - 10 	 28.9 	 	 0.2000 	 4.1828 	 0.2224
[2025/10/19 01:59:15] - ==> Building model..
[2025/10/19 01:59:39] - Test Loss 	 Test Acc 	 PGD Loss 	 PGD Acc
[2025/10/19 01:59:39] - 2.8713 	 	 0.4250 	 3.0916 	 0.2289
[2025/10/19 02:00:31] - 11 	 28.6 	 	 0.2000 	 4.1710 	 0.2291
[2025/10/19 02:00:31] - ==> Building model..
[2025/10/19 02:00:55] - Test Loss 	 Test Acc 	 PGD Loss 	 PGD Acc
[2025/10/19 02:00:55] - 2.8332 	 	 0.4369 	 3.0629 	 0.2328
[2025/10/19 02:01:47] - 12 	 28.8 	 	 0.2000 	 4.1632 	 0.2331
[2025/10/19 02:01:47] - ==> Building model..
[2025/10/19 02:02:11] - Test Loss 	 Test Acc 	 PGD Loss 	 PGD Acc
[2025/10/19 02:02:11] - 2.8045 	 	 0.4436 	 3.0425 	 0.2374
[2025/10/19 02:03:04] - 13 	 28.6 	 	 0.2000 	 4.1565 	 0.2359
[2025/10/19 02:03:04] - ==> Building model..
[2025/10/19 02:03:28] - Test Loss 	 Test Acc 	 PGD Loss 	 PGD Acc
[2025/10/19 02:03:28] - 2.7749 	 	 0.4512 	 3.0198 	 0.2401
[2025/10/19 02:04:23] - 14 	 29.7 	 	 0.2000 	 4.1505 	 0.2403
[2025/10/19 02:04:23] - ==> Building model..
[2025/10/19 02:04:47] - Test Loss 	 Test Acc 	 PGD Loss 	 PGD Acc
[2025/10/19 02:04:47] - 2.7480 	 	 0.4584 	 2.9999 	 0.2456
[2025/10/19 02:05:39] - 15 	 28.7 	 	 0.2000 	 4.1462 	 0.2445
[2025/10/19 02:05:39] - ==> Building model..
[2025/10/19 02:06:03] - Test Loss 	 Test Acc 	 PGD Loss 	 PGD Acc
[2025/10/19 02:06:03] - 2.7219 	 	 0.4662 	 2.9799 	 0.2471
[2025/10/19 02:06:56] - 16 	 29.5 	 	 0.2000 	 4.1393 	 0.2457
[2025/10/19 02:06:56] - ==> Building model..
[2025/10/19 02:07:19] - Test Loss 	 Test Acc 	 PGD Loss 	 PGD Acc
[2025/10/19 02:07:19] - 2.7063 	 	 0.4691 	 2.9692 	 0.2494
[2025/10/19 02:08:12] - 17 	 28.8 	 	 0.2000 	 4.1359 	 0.2487
[2025/10/19 02:08:12] - ==> Building model..
[2025/10/19 02:08:36] - Test Loss 	 Test Acc 	 PGD Loss 	 PGD Acc
[2025/10/19 02:08:36] - 2.6972 	 	 0.4693 	 2.9616 	 0.2524
[2025/10/19 02:09:28] - 18 	 28.2 	 	 0.2000 	 4.1334 	 0.2528
[2025/10/19 02:09:28] - ==> Building model..
[2025/10/19 02:09:52] - Test Loss 	 Test Acc 	 PGD Loss 	 PGD Acc
[2025/10/19 02:09:52] - 2.6781 	 	 0.4750 	 2.9470 	 0.2525
[2025/10/19 02:10:45] - 19 	 29.2 	 	 0.2000 	 4.1300 	 0.2528
[2025/10/19 02:10:45] - ==> Building model..
[2025/10/19 02:11:10] - Test Loss 	 Test Acc 	 PGD Loss 	 PGD Acc
[2025/10/19 02:11:10] - 2.6712 	 	 0.4769 	 2.9423 	 0.2551
[2025/10/19 02:12:03] - 20 	 28.8 	 	 0.2000 	 4.1255 	 0.2552
[2025/10/19 02:12:03] - ==> Building model..
[2025/10/19 02:12:27] - Test Loss 	 Test Acc 	 PGD Loss 	 PGD Acc
[2025/10/19 02:12:27] - 2.6619 	 	 0.4797 	 2.9361 	 0.2577
[2025/10/19 02:13:23] - 21 	 29.2 	 	 0.2000 	 4.1237 	 0.2564
[2025/10/19 02:13:23] - ==> Building model..
[2025/10/19 02:13:46] - Test Loss 	 Test Acc 	 PGD Loss 	 PGD Acc
[2025/10/19 02:13:46] - 2.6555 	 	 0.4818 	 2.9316 	 0.2584
[2025/10/19 02:14:39] - 22 	 28.9 	 	 0.2000 	 4.1184 	 0.2603
[2025/10/19 02:14:39] - ==> Building model..
[2025/10/19 02:15:03] - Test Loss 	 Test Acc 	 PGD Loss 	 PGD Acc
[2025/10/19 02:15:03] - 2.6431 	 	 0.4837 	 2.9219 	 0.2604
[2025/10/19 02:15:56] - 23 	 29.1 	 	 0.2000 	 4.1188 	 0.2601
[2025/10/19 02:15:56] - ==> Building model..
[2025/10/19 02:16:19] - Test Loss 	 Test Acc 	 PGD Loss 	 PGD Acc
[2025/10/19 02:16:19] - 2.6361 	 	 0.4852 	 2.9158 	 0.2630
[2025/10/19 02:17:11] - 24 	 28.3 	 	 0.2000 	 4.1166 	 0.2620
[2025/10/19 02:17:11] - ==> Building model..
[2025/10/19 02:17:35] - Test Loss 	 Test Acc 	 PGD Loss 	 PGD Acc
[2025/10/19 02:17:35] - 2.6358 	 	 0.4878 	 2.9163 	 0.2626
[2025/10/19 02:18:27] - 25 	 28.4 	 	 0.2000 	 4.1155 	 0.2624
[2025/10/19 02:18:27] - ==> Building model..
[2025/10/19 02:18:50] - Test Loss 	 Test Acc 	 PGD Loss 	 PGD Acc
[2025/10/19 02:18:50] - 2.6267 	 	 0.4922 	 2.9101 	 0.2624
[2025/10/19 02:19:41] - 26 	 28.5 	 	 0.2000 	 4.1128 	 0.2632
[2025/10/19 02:19:41] - ==> Building model..
[2025/10/19 02:20:05] - Test Loss 	 Test Acc 	 PGD Loss 	 PGD Acc
[2025/10/19 02:20:05] - 2.6212 	 	 0.4922 	 2.9048 	 0.2633
[2025/10/19 02:20:58] - 27 	 28.9 	 	 0.2000 	 4.1094 	 0.2650
[2025/10/19 02:20:58] - ==> Building model..
[2025/10/19 02:21:23] - Test Loss 	 Test Acc 	 PGD Loss 	 PGD Acc
[2025/10/19 02:21:23] - 2.6166 	 	 0.4925 	 2.9015 	 0.2653
[2025/10/19 02:22:16] - 28 	 28.6 	 	 0.2000 	 4.1096 	 0.2651
[2025/10/19 02:22:16] - ==> Building model..
[2025/10/19 02:22:39] - Test Loss 	 Test Acc 	 PGD Loss 	 PGD Acc
[2025/10/19 02:22:39] - 2.6121 	 	 0.4939 	 2.8973 	 0.2674
[2025/10/19 02:23:32] - 29 	 28.5 	 	 0.2000 	 4.1083 	 0.2663
[2025/10/19 02:23:32] - ==> Building model..
[2025/10/19 02:23:55] - Test Loss 	 Test Acc 	 PGD Loss 	 PGD Acc
[2025/10/19 02:23:55] - 2.6056 	 	 0.4973 	 2.8931 	 0.2684
[2025/10/19 02:24:47] - 30 	 28.4 	 	 0.2000 	 4.1071 	 0.2653
[2025/10/19 02:24:47] - ==> Building model..
[2025/10/19 02:25:11] - Test Loss 	 Test Acc 	 PGD Loss 	 PGD Acc
[2025/10/19 02:25:11] - 2.6019 	 	 0.4991 	 2.8912 	 0.2697
[2025/10/19 02:26:04] - 31 	 28.7 	 	 0.2000 	 4.1041 	 0.2670
[2025/10/19 02:26:04] - ==> Building model..
[2025/10/19 02:26:27] - Test Loss 	 Test Acc 	 PGD Loss 	 PGD Acc
[2025/10/19 02:26:27] - 2.6027 	 	 0.4975 	 2.8926 	 0.2694
[2025/10/19 02:27:20] - 32 	 28.7 	 	 0.2000 	 4.1050 	 0.2694
[2025/10/19 02:27:20] - ==> Building model..
[2025/10/19 02:27:43] - Test Loss 	 Test Acc 	 PGD Loss 	 PGD Acc
[2025/10/19 02:27:43] - 2.6026 	 	 0.4967 	 2.8929 	 0.2684
[2025/10/19 02:28:36] - 33 	 28.7 	 	 0.2000 	 4.1051 	 0.2669
[2025/10/19 02:28:36] - ==> Building model..
[2025/10/19 02:28:59] - Test Loss 	 Test Acc 	 PGD Loss 	 PGD Acc
[2025/10/19 02:28:59] - 2.6004 	 	 0.4990 	 2.8915 	 0.2709
[2025/10/19 02:29:52] - 34 	 28.8 	 	 0.2000 	 4.1018 	 0.2697
[2025/10/19 02:29:52] - ==> Building model..
[2025/10/19 02:30:16] - Test Loss 	 Test Acc 	 PGD Loss 	 PGD Acc
[2025/10/19 02:30:16] - 2.5949 	 	 0.4993 	 2.8883 	 0.2709
[2025/10/19 02:31:11] - 35 	 29.2 	 	 0.2000 	 4.0994 	 0.2691
[2025/10/19 02:31:11] - ==> Building model..
[2025/10/19 02:31:34] - Test Loss 	 Test Acc 	 PGD Loss 	 PGD Acc
[2025/10/19 02:31:34] - 2.5901 	 	 0.5019 	 2.8845 	 0.2706
[2025/10/19 02:32:26] - 36 	 28.6 	 	 0.2000 	 4.1033 	 0.2677
[2025/10/19 02:32:26] - ==> Building model..
[2025/10/19 02:32:50] - Test Loss 	 Test Acc 	 PGD Loss 	 PGD Acc
[2025/10/19 02:32:50] - 2.5860 	 	 0.5039 	 2.8817 	 0.2707
[2025/10/19 02:33:45] - 37 	 29.4 	 	 0.2000 	 4.0990 	 0.2709
[2025/10/19 02:33:45] - ==> Building model..
[2025/10/19 02:34:08] - Test Loss 	 Test Acc 	 PGD Loss 	 PGD Acc
[2025/10/19 02:34:08] - 2.5822 	 	 0.5047 	 2.8798 	 0.2725
[2025/10/19 02:35:03] - 38 	 29.2 	 	 0.2000 	 4.0992 	 0.2719
[2025/10/19 02:35:03] - ==> Building model..
[2025/10/19 02:35:26] - Test Loss 	 Test Acc 	 PGD Loss 	 PGD Acc
[2025/10/19 02:35:26] - 2.5791 	 	 0.5068 	 2.8767 	 0.2737
[2025/10/19 02:36:19] - 39 	 28.5 	 	 0.2000 	 4.0990 	 0.2705
[2025/10/19 02:36:19] - ==> Building model..
[2025/10/19 02:36:42] - Test Loss 	 Test Acc 	 PGD Loss 	 PGD Acc
[2025/10/19 02:36:42] - 2.5788 	 	 0.5076 	 2.8761 	 0.2742
[2025/10/19 02:37:36] - 40 	 28.5 	 	 0.2000 	 4.0978 	 0.2713
[2025/10/19 02:37:36] - ==> Building model..
[2025/10/19 02:38:00] - Test Loss 	 Test Acc 	 PGD Loss 	 PGD Acc
[2025/10/19 02:38:00] - 2.5755 	 	 0.5086 	 2.8736 	 0.2747
[2025/10/19 02:38:53] - 41 	 28.6 	 	 0.2000 	 4.0976 	 0.2694
[2025/10/19 02:38:53] - ==> Building model..
[2025/10/19 02:39:17] - Test Loss 	 Test Acc 	 PGD Loss 	 PGD Acc
[2025/10/19 02:39:17] - 2.5753 	 	 0.5090 	 2.8728 	 0.2741
[2025/10/19 02:40:10] - 42 	 29.1 	 	 0.2000 	 4.0969 	 0.2731
[2025/10/19 02:40:10] - ==> Building model..
[2025/10/19 02:40:35] - Test Loss 	 Test Acc 	 PGD Loss 	 PGD Acc
[2025/10/19 02:40:35] - 2.5700 	 	 0.5093 	 2.8692 	 0.2760
[2025/10/19 02:41:30] - 43 	 29.1 	 	 0.2000 	 4.0956 	 0.2711
[2025/10/19 02:41:30] - ==> Building model..
[2025/10/19 02:41:54] - Test Loss 	 Test Acc 	 PGD Loss 	 PGD Acc
[2025/10/19 02:41:54] - 2.5662 	 	 0.5122 	 2.8665 	 0.2756
[2025/10/19 02:42:49] - 44 	 29.3 	 	 0.2000 	 4.0955 	 0.2723
[2025/10/19 02:42:49] - ==> Building model..
[2025/10/19 02:43:12] - Test Loss 	 Test Acc 	 PGD Loss 	 PGD Acc
[2025/10/19 02:43:12] - 2.5667 	 	 0.5120 	 2.8656 	 0.2766
[2025/10/19 02:44:02] - 45 	 27.6 	 	 0.2000 	 4.0946 	 0.2736
[2025/10/19 02:44:02] - ==> Building model..
[2025/10/19 02:44:26] - Test Loss 	 Test Acc 	 PGD Loss 	 PGD Acc
[2025/10/19 02:44:26] - 2.5654 	 	 0.5124 	 2.8648 	 0.2776
[2025/10/19 02:45:20] - 46 	 28.8 	 	 0.2000 	 4.0937 	 0.2752
[2025/10/19 02:45:20] - ==> Building model..
[2025/10/19 02:45:43] - Test Loss 	 Test Acc 	 PGD Loss 	 PGD Acc
[2025/10/19 02:45:43] - 2.5666 	 	 0.5105 	 2.8661 	 0.2775
[2025/10/19 02:46:38] - 47 	 29.7 	 	 0.2000 	 4.0948 	 0.2755
[2025/10/19 02:46:38] - ==> Building model..
[2025/10/19 02:47:01] - Test Loss 	 Test Acc 	 PGD Loss 	 PGD Acc
[2025/10/19 02:47:01] - 2.5668 	 	 0.5107 	 2.8671 	 0.2784
[2025/10/19 02:47:54] - 48 	 29.3 	 	 0.2000 	 4.0908 	 0.2760
[2025/10/19 02:47:54] - ==> Building model..
[2025/10/19 02:48:18] - Test Loss 	 Test Acc 	 PGD Loss 	 PGD Acc
[2025/10/19 02:48:18] - 2.5645 	 	 0.5112 	 2.8654 	 0.2776
[2025/10/19 02:49:12] - 49 	 28.9 	 	 0.2000 	 4.0936 	 0.2755
[2025/10/19 02:49:12] - ==> Building model..
[2025/10/19 02:49:36] - Test Loss 	 Test Acc 	 PGD Loss 	 PGD Acc
[2025/10/19 02:49:36] - 2.5622 	 	 0.5123 	 2.8642 	 0.2777
[2025/10/19 02:50:28] - 50 	 28.8 	 	 0.2000 	 4.0913 	 0.2741
[2025/10/19 02:50:28] - ==> Building model..
[2025/10/19 02:50:52] - Test Loss 	 Test Acc 	 PGD Loss 	 PGD Acc
[2025/10/19 02:50:52] - 2.5584 	 	 0.5130 	 2.8614 	 0.2787
[2025/10/19 02:51:45] - 51 	 28.7 	 	 0.2000 	 4.0930 	 0.2739
[2025/10/19 02:51:45] - ==> Building model..
[2025/10/19 02:52:09] - Test Loss 	 Test Acc 	 PGD Loss 	 PGD Acc
[2025/10/19 02:52:09] - 2.5594 	 	 0.5140 	 2.8619 	 0.2788
[2025/10/19 02:53:01] - 52 	 28.4 	 	 0.2000 	 4.0931 	 0.2743
[2025/10/19 02:53:01] - ==> Building model..
[2025/10/19 02:53:25] - Test Loss 	 Test Acc 	 PGD Loss 	 PGD Acc
[2025/10/19 02:53:25] - 2.5583 	 	 0.5145 	 2.8607 	 0.2790
[2025/10/19 02:54:18] - 53 	 28.9 	 	 0.2000 	 4.0920 	 0.2734
[2025/10/19 02:54:18] - ==> Building model..
[2025/10/19 02:54:42] - Test Loss 	 Test Acc 	 PGD Loss 	 PGD Acc
[2025/10/19 02:54:42] - 2.5577 	 	 0.5147 	 2.8598 	 0.2806
[2025/10/19 02:55:36] - 54 	 29.1 	 	 0.2000 	 4.0908 	 0.2757
[2025/10/19 02:55:36] - ==> Building model..
[2025/10/19 02:56:00] - Test Loss 	 Test Acc 	 PGD Loss 	 PGD Acc
[2025/10/19 02:56:00] - 2.5567 	 	 0.5157 	 2.8588 	 0.2814
[2025/10/19 02:56:55] - 55 	 29.8 	 	 0.2000 	 4.0925 	 0.2759
[2025/10/19 02:56:55] - ==> Building model..
[2025/10/19 02:57:18] - Test Loss 	 Test Acc 	 PGD Loss 	 PGD Acc
[2025/10/19 02:57:18] - 2.5578 	 	 0.5159 	 2.8600 	 0.2815
[2025/10/19 02:58:13] - 56 	 29.2 	 	 0.2000 	 4.0939 	 0.2749
[2025/10/19 02:58:13] - ==> Building model..
[2025/10/19 02:58:37] - Test Loss 	 Test Acc 	 PGD Loss 	 PGD Acc
[2025/10/19 02:58:37] - 2.5594 	 	 0.5157 	 2.8605 	 0.2795
[2025/10/19 02:59:31] - 57 	 29.2 	 	 0.2000 	 4.0912 	 0.2764
[2025/10/19 02:59:31] - ==> Building model..
[2025/10/19 02:59:55] - Test Loss 	 Test Acc 	 PGD Loss 	 PGD Acc
[2025/10/19 02:59:55] - 2.5608 	 	 0.5180 	 2.8624 	 0.2806
[2025/10/19 03:00:46] - 58 	 28.1 	 	 0.2000 	 4.0934 	 0.2776
[2025/10/19 03:00:46] - ==> Building model..
[2025/10/19 03:01:10] - Test Loss 	 Test Acc 	 PGD Loss 	 PGD Acc
[2025/10/19 03:01:10] - 2.5622 	 	 0.5170 	 2.8629 	 0.2797
[2025/10/19 03:02:01] - 59 	 28.3 	 	 0.2000 	 4.0942 	 0.2763
[2025/10/19 03:02:01] - ==> Building model..
[2025/10/19 03:02:25] - Test Loss 	 Test Acc 	 PGD Loss 	 PGD Acc
[2025/10/19 03:02:25] - 2.5660 	 	 0.5181 	 2.8662 	 0.2808
[2025/10/19 03:03:18] - 60 	 29.0 	 	 0.2000 	 4.0947 	 0.2775
[2025/10/19 03:03:18] - ==> Building model..
[2025/10/19 03:03:42] - Test Loss 	 Test Acc 	 PGD Loss 	 PGD Acc
[2025/10/19 03:03:42] - 2.5682 	 	 0.5181 	 2.8673 	 0.2788
[2025/10/19 03:04:33] - 61 	 28.4 	 	 0.2000 	 4.0955 	 0.2761
[2025/10/19 03:04:33] - ==> Building model..
[2025/10/19 03:04:58] - Test Loss 	 Test Acc 	 PGD Loss 	 PGD Acc
[2025/10/19 03:04:58] - 2.5718 	 	 0.5165 	 2.8699 	 0.2784
[2025/10/19 03:05:50] - 62 	 28.6 	 	 0.2000 	 4.0963 	 0.2775
[2025/10/19 03:05:50] - ==> Building model..
[2025/10/19 03:06:13] - Test Loss 	 Test Acc 	 PGD Loss 	 PGD Acc
[2025/10/19 03:06:13] - 2.5746 	 	 0.5168 	 2.8711 	 0.2802
[2025/10/19 03:07:08] - 63 	 29.8 	 	 0.2000 	 4.0960 	 0.2755
[2025/10/19 03:07:08] - ==> Building model..
[2025/10/19 03:07:32] - Test Loss 	 Test Acc 	 PGD Loss 	 PGD Acc
[2025/10/19 03:07:32] - 2.5776 	 	 0.5166 	 2.8724 	 0.2796
[2025/10/19 03:08:24] - 64 	 28.0 	 	 0.2000 	 4.0951 	 0.2753
[2025/10/19 03:08:24] - ==> Building model..
[2025/10/19 03:08:49] - Test Loss 	 Test Acc 	 PGD Loss 	 PGD Acc
[2025/10/19 03:08:49] - 2.5813 	 	 0.5169 	 2.8748 	 0.2798
[2025/10/19 03:09:40] - 65 	 26.8 	 	 0.2000 	 4.0975 	 0.2762
[2025/10/19 03:09:40] - ==> Building model..
[2025/10/19 03:10:05] - Test Loss 	 Test Acc 	 PGD Loss 	 PGD Acc
[2025/10/19 03:10:05] - 2.5835 	 	 0.5163 	 2.8769 	 0.2808
[2025/10/19 03:10:57] - 66 	 27.9 	 	 0.2000 	 4.0947 	 0.2766
[2025/10/19 03:10:57] - ==> Building model..
[2025/10/19 03:11:22] - Test Loss 	 Test Acc 	 PGD Loss 	 PGD Acc
[2025/10/19 03:11:22] - 2.5839 	 	 0.5166 	 2.8767 	 0.2819
[2025/10/19 03:12:16] - 67 	 28.8 	 	 0.2000 	 4.0947 	 0.2759
[2025/10/19 03:12:16] - ==> Building model..
[2025/10/19 03:12:41] - Test Loss 	 Test Acc 	 PGD Loss 	 PGD Acc
[2025/10/19 03:12:41] - 2.5846 	 	 0.5157 	 2.8765 	 0.2810
[2025/10/19 03:13:35] - 68 	 28.3 	 	 0.2000 	 4.0930 	 0.2779
[2025/10/19 03:13:35] - ==> Building model..
[2025/10/19 03:14:02] - Test Loss 	 Test Acc 	 PGD Loss 	 PGD Acc
[2025/10/19 03:14:02] - 2.5851 	 	 0.5162 	 2.8772 	 0.2807
[2025/10/19 03:14:53] - 69 	 26.8 	 	 0.2000 	 4.0964 	 0.2770
[2025/10/19 03:14:53] - ==> Building model..
[2025/10/19 03:15:18] - Test Loss 	 Test Acc 	 PGD Loss 	 PGD Acc
[2025/10/19 03:15:18] - 2.5879 	 	 0.5154 	 2.8783 	 0.2813
[2025/10/19 03:16:07] - 70 	 25.9 	 	 0.2000 	 4.0936 	 0.2807
[2025/10/19 03:16:07] - ==> Building model..
[2025/10/19 03:16:33] - Test Loss 	 Test Acc 	 PGD Loss 	 PGD Acc
[2025/10/19 03:16:33] - 2.5868 	 	 0.5148 	 2.8778 	 0.2815
[2025/10/19 03:17:23] - 71 	 26.7 	 	 0.2000 	 4.0957 	 0.2777
[2025/10/19 03:17:23] - ==> Building model..
[2025/10/19 03:17:50] - Test Loss 	 Test Acc 	 PGD Loss 	 PGD Acc
[2025/10/19 03:17:50] - 2.5876 	 	 0.5161 	 2.8785 	 0.2819
[2025/10/19 03:18:40] - 72 	 26.5 	 	 0.2000 	 4.0935 	 0.2779
[2025/10/19 03:18:40] - ==> Building model..
[2025/10/19 03:19:07] - Test Loss 	 Test Acc 	 PGD Loss 	 PGD Acc
[2025/10/19 03:19:07] - 2.5898 	 	 0.5161 	 2.8800 	 0.2807
[2025/10/19 03:19:59] - 73 	 26.8 	 	 0.2000 	 4.0944 	 0.2774
[2025/10/19 03:19:59] - ==> Building model..
[2025/10/19 03:20:24] - Test Loss 	 Test Acc 	 PGD Loss 	 PGD Acc
[2025/10/19 03:20:24] - 2.5913 	 	 0.5160 	 2.8810 	 0.2810
[2025/10/19 03:21:15] - 74 	 26.6 	 	 0.2000 	 4.0937 	 0.2793
[2025/10/19 03:21:15] - ==> Building model..
[2025/10/19 03:21:41] - Test Loss 	 Test Acc 	 PGD Loss 	 PGD Acc
[2025/10/19 03:21:41] - 2.5938 	 	 0.5152 	 2.8829 	 0.2816
[2025/10/19 03:22:31] - 75 	 26.0 	 	 0.2000 	 4.0926 	 0.2797
[2025/10/19 03:22:31] - ==> Building model..
[2025/10/19 03:22:58] - Test Loss 	 Test Acc 	 PGD Loss 	 PGD Acc
[2025/10/19 03:22:58] - 2.5960 	 	 0.5150 	 2.8844 	 0.2821
[2025/10/19 03:23:49] - 76 	 26.2 	 	 0.2000 	 4.0936 	 0.2795
[2025/10/19 03:23:49] - ==> Building model..
[2025/10/19 03:24:14] - Test Loss 	 Test Acc 	 PGD Loss 	 PGD Acc
[2025/10/19 03:24:14] - 2.5973 	 	 0.5164 	 2.8860 	 0.2836
[2025/10/19 03:25:05] - 77 	 26.7 	 	 0.2000 	 4.0927 	 0.2809
[2025/10/19 03:25:05] - ==> Building model..
[2025/10/19 03:25:31] - Test Loss 	 Test Acc 	 PGD Loss 	 PGD Acc
[2025/10/19 03:25:31] - 2.5975 	 	 0.5159 	 2.8860 	 0.2828
[2025/10/19 03:26:23] - 78 	 27.0 	 	 0.2000 	 4.0920 	 0.2798
[2025/10/19 03:26:23] - ==> Building model..
[2025/10/19 03:26:48] - Test Loss 	 Test Acc 	 PGD Loss 	 PGD Acc
[2025/10/19 03:26:48] - 2.5989 	 	 0.5160 	 2.8872 	 0.2814
[2025/10/19 03:27:40] - 79 	 27.7 	 	 0.2000 	 4.0912 	 0.2793
[2025/10/19 03:27:40] - ==> Building model..
[2025/10/19 03:28:04] - Test Loss 	 Test Acc 	 PGD Loss 	 PGD Acc
[2025/10/19 03:28:04] - 2.6014 	 	 0.5143 	 2.8891 	 0.2815
[2025/10/19 03:28:53] - 80 	 26.7 	 	 0.2000 	 4.0927 	 0.2778
[2025/10/19 03:28:53] - ==> Building model..
[2025/10/19 03:29:18] - Test Loss 	 Test Acc 	 PGD Loss 	 PGD Acc
[2025/10/19 03:29:18] - 2.6036 	 	 0.5149 	 2.8911 	 0.2809
[2025/10/19 03:30:10] - 81 	 27.0 	 	 0.2000 	 4.0942 	 0.2807
[2025/10/19 03:30:10] - ==> Building model..
[2025/10/19 03:30:34] - Test Loss 	 Test Acc 	 PGD Loss 	 PGD Acc
[2025/10/19 03:30:34] - 2.6052 	 	 0.5134 	 2.8921 	 0.2820
[2025/10/19 03:31:27] - 82 	 28.1 	 	 0.2000 	 4.0922 	 0.2793
[2025/10/19 03:31:27] - ==> Building model..
[2025/10/19 03:31:51] - Test Loss 	 Test Acc 	 PGD Loss 	 PGD Acc
[2025/10/19 03:31:51] - 2.6056 	 	 0.5147 	 2.8925 	 0.2822
[2025/10/19 03:32:41] - 83 	 26.9 	 	 0.2000 	 4.0940 	 0.2789
[2025/10/19 03:32:41] - ==> Building model..
[2025/10/19 03:33:07] - Test Loss 	 Test Acc 	 PGD Loss 	 PGD Acc
[2025/10/19 03:33:07] - 2.6057 	 	 0.5136 	 2.8931 	 0.2828
[2025/10/19 03:34:00] - 84 	 28.5 	 	 0.2000 	 4.0929 	 0.2792
[2025/10/19 03:34:00] - ==> Building model..
[2025/10/19 03:34:24] - Test Loss 	 Test Acc 	 PGD Loss 	 PGD Acc
[2025/10/19 03:34:24] - 2.6081 	 	 0.5145 	 2.8937 	 0.2832
[2025/10/19 03:35:16] - 85 	 27.2 	 	 0.2000 	 4.0937 	 0.2765
[2025/10/19 03:35:16] - ==> Building model..
[2025/10/19 03:35:40] - Test Loss 	 Test Acc 	 PGD Loss 	 PGD Acc
[2025/10/19 03:35:40] - 2.6087 	 	 0.5134 	 2.8944 	 0.2818
[2025/10/19 03:36:31] - 86 	 27.4 	 	 0.2000 	 4.0922 	 0.2815
[2025/10/19 03:36:31] - ==> Building model..
[2025/10/19 03:36:55] - Test Loss 	 Test Acc 	 PGD Loss 	 PGD Acc
[2025/10/19 03:36:55] - 2.6089 	 	 0.5141 	 2.8942 	 0.2817
[2025/10/19 03:37:48] - 87 	 28.3 	 	 0.2000 	 4.0917 	 0.2801
[2025/10/19 03:37:48] - ==> Building model..
[2025/10/19 03:38:14] - Test Loss 	 Test Acc 	 PGD Loss 	 PGD Acc
[2025/10/19 03:38:14] - 2.6087 	 	 0.5137 	 2.8939 	 0.2815
[2025/10/19 03:39:04] - 88 	 26.6 	 	 0.2000 	 4.0935 	 0.2792
[2025/10/19 03:39:04] - ==> Building model..
[2025/10/19 03:39:29] - Test Loss 	 Test Acc 	 PGD Loss 	 PGD Acc
[2025/10/19 03:39:29] - 2.6083 	 	 0.5146 	 2.8939 	 0.2819
[2025/10/19 03:40:21] - 89 	 27.5 	 	 0.2000 	 4.0929 	 0.2777
[2025/10/19 03:40:21] - ==> Building model..
[2025/10/19 03:40:45] - Test Loss 	 Test Acc 	 PGD Loss 	 PGD Acc
[2025/10/19 03:40:45] - 2.6091 	 	 0.5144 	 2.8936 	 0.2814
[2025/10/19 03:41:36] - 90 	 27.4 	 	 0.2000 	 4.0920 	 0.2783
[2025/10/19 03:41:36] - ==> Building model..
[2025/10/19 03:42:01] - Test Loss 	 Test Acc 	 PGD Loss 	 PGD Acc
[2025/10/19 03:42:01] - 2.6094 	 	 0.5142 	 2.8939 	 0.2816
[2025/10/19 03:42:53] - 91 	 27.3 	 	 0.2000 	 4.0907 	 0.2817
[2025/10/19 03:42:53] - ==> Building model..
[2025/10/19 03:43:17] - Test Loss 	 Test Acc 	 PGD Loss 	 PGD Acc
[2025/10/19 03:43:17] - 2.6109 	 	 0.5142 	 2.8947 	 0.2817
[2025/10/19 03:44:09] - 92 	 27.8 	 	 0.2000 	 4.0926 	 0.2790
[2025/10/19 03:44:09] - ==> Building model..
[2025/10/19 03:44:34] - Test Loss 	 Test Acc 	 PGD Loss 	 PGD Acc
[2025/10/19 03:44:34] - 2.6113 	 	 0.5149 	 2.8948 	 0.2810
[2025/10/19 03:45:26] - 93 	 27.6 	 	 0.2000 	 4.0927 	 0.2819
[2025/10/19 03:45:26] - ==> Building model..
[2025/10/19 03:45:51] - Test Loss 	 Test Acc 	 PGD Loss 	 PGD Acc
[2025/10/19 03:45:51] - 2.6113 	 	 0.5142 	 2.8944 	 0.2815
[2025/10/19 03:46:42] - 94 	 26.5 	 	 0.0200 	 3.9995 	 0.3408
[2025/10/19 03:46:42] - ==> Building model..
[2025/10/19 03:47:07] - Test Loss 	 Test Acc 	 PGD Loss 	 PGD Acc
[2025/10/19 03:47:07] - 2.6093 	 	 0.5143 	 2.8932 	 0.2819
[2025/10/19 03:47:55] - 95 	 25.3 	 	 0.0200 	 3.9064 	 0.4027
[2025/10/19 03:47:55] - ==> Building model..
[2025/10/19 03:48:20] - Test Loss 	 Test Acc 	 PGD Loss 	 PGD Acc
[2025/10/19 03:48:20] - 2.6084 	 	 0.5149 	 2.8926 	 0.2821
[2025/10/19 03:49:08] - 96 	 26.6 	 	 0.0200 	 3.8802 	 0.4194
[2025/10/19 03:49:08] - ==> Building model..
[2025/10/19 03:49:33] - Test Loss 	 Test Acc 	 PGD Loss 	 PGD Acc
[2025/10/19 03:49:33] - 2.6081 	 	 0.5153 	 2.8921 	 0.2824
[2025/10/19 03:50:21] - 97 	 26.2 	 	 0.0200 	 3.8633 	 0.4307
[2025/10/19 03:50:21] - ==> Building model..
[2025/10/19 03:50:46] - Test Loss 	 Test Acc 	 PGD Loss 	 PGD Acc
[2025/10/19 03:50:46] - 2.6090 	 	 0.5152 	 2.8932 	 0.2825
[2025/10/19 03:51:37] - 98 	 27.0 	 	 0.0200 	 3.8497 	 0.4410
[2025/10/19 03:51:37] - ==> Building model..
[2025/10/19 03:52:02] - Test Loss 	 Test Acc 	 PGD Loss 	 PGD Acc
[2025/10/19 03:52:02] - 2.6090 	 	 0.5152 	 2.8932 	 0.2825
[2025/10/19 03:52:52] - 99 	 26.9 	 	 0.0020 	 3.8169 	 0.4670
[2025/10/19 03:52:52] - ==> Building model..
[2025/10/19 03:53:18] - Test Loss 	 Test Acc 	 PGD Loss 	 PGD Acc
[2025/10/19 03:53:18] - 2.6099 	 	 0.5149 	 2.8935 	 0.2823
[2025/10/19 03:54:07] - 100 	 25.8 	 	 0.0020 	 3.7887 	 0.4891
[2025/10/19 03:54:07] - ==> Building model..
[2025/10/19 03:54:32] - Test Loss 	 Test Acc 	 PGD Loss 	 PGD Acc
[2025/10/19 03:54:32] - 2.6099 	 	 0.5149 	 2.8938 	 0.2831
[2025/10/19 03:55:23] - 101 	 26.5 	 	 0.0020 	 3.7829 	 0.4909
[2025/10/19 03:55:23] - ==> Building model..
[2025/10/19 03:55:48] - Test Loss 	 Test Acc 	 PGD Loss 	 PGD Acc
[2025/10/19 03:55:48] - 2.6109 	 	 0.5147 	 2.8946 	 0.2825
[2025/10/19 03:56:39] - 102 	 26.9 	 	 0.0020 	 3.7764 	 0.4979
[2025/10/19 03:56:39] - ==> Building model..
[2025/10/19 03:57:06] - Test Loss 	 Test Acc 	 PGD Loss 	 PGD Acc
[2025/10/19 03:57:06] - 2.6114 	 	 0.5148 	 2.8952 	 0.2828
[2025/10/19 03:57:57] - 103 	 27.1 	 	 0.0020 	 3.7723 	 0.5017
[2025/10/19 03:57:57] - ==> Building model..
[2025/10/19 03:58:24] - Test Loss 	 Test Acc 	 PGD Loss 	 PGD Acc
[2025/10/19 03:58:24] - 2.6114 	 	 0.5148 	 2.8955 	 0.2827
[2025/10/19 03:59:14] - 104 	 25.7 	 	 0.0020 	 3.7679 	 0.5042
[2025/10/19 03:59:14] - ==> Building model..
[2025/10/19 03:59:42] - Test Loss 	 Test Acc 	 PGD Loss 	 PGD Acc
[2025/10/19 03:59:42] - 2.6114 	 	 0.5148 	 2.8951 	 0.2822
[2025/10/19 04:00:32] - 105 	 25.3 	 	 0.0020 	 3.7641 	 0.5069
[2025/10/19 04:00:32] - ==> Building model..
[2025/10/19 04:00:59] - Test Loss 	 Test Acc 	 PGD Loss 	 PGD Acc
[2025/10/19 04:00:59] - 2.6114 	 	 0.5148 	 2.8948 	 0.2826
[2025/10/19 04:01:49] - 106 	 25.8 	 	 0.0020 	 3.7597 	 0.5109
[2025/10/19 04:01:49] - ==> Building model..
[2025/10/19 04:02:15] - Test Loss 	 Test Acc 	 PGD Loss 	 PGD Acc
[2025/10/19 04:02:15] - 2.6114 	 	 0.5148 	 2.8952 	 0.2824
[2025/10/19 04:03:02] - 107 	 23.0 	 	 0.0020 	 3.7562 	 0.5140
[2025/10/19 04:03:02] - ==> Building model..
[2025/10/19 04:03:26] - Test Loss 	 Test Acc 	 PGD Loss 	 PGD Acc
[2025/10/19 04:03:26] - 2.6114 	 	 0.5148 	 2.8950 	 0.2828
[2025/10/19 04:04:16] - 108 	 26.3 	 	 0.0020 	 3.7527 	 0.5172
[2025/10/19 04:04:16] - ==> Building model..
[2025/10/19 04:04:40] - Test Loss 	 Test Acc 	 PGD Loss 	 PGD Acc
[2025/10/19 04:04:40] - 2.6114 	 	 0.5148 	 2.8949 	 0.2820
[2025/10/19 04:05:28] - 109 	 25.7 	 	 0.0020 	 3.7484 	 0.5196
[2025/10/19 04:05:28] - ==> Building model..
[2025/10/19 04:05:52] - Test Loss 	 Test Acc 	 PGD Loss 	 PGD Acc
[2025/10/19 04:05:52] - 2.6114 	 	 0.5148 	 2.8948 	 0.2823
[2025/10/19 04:05:52] - [0.0876, 0.1353, 0.1828, 0.2394, 0.2792, 0.3158, 0.3497, 0.3797, 0.3972, 0.4119, 0.425, 0.4369, 0.4436, 0.4512, 0.4584, 0.4662, 0.4691, 0.4693, 0.475, 0.4769, 0.4797, 0.4818, 0.4837, 0.4852, 0.4878, 0.4922, 0.4922, 0.4925, 0.4939, 0.4973, 0.4991, 0.4975, 0.4967, 0.499, 0.4993, 0.5019, 0.5039, 0.5047, 0.5068, 0.5076, 0.5086, 0.509, 0.5093, 0.5122, 0.512, 0.5124, 0.5105, 0.5107, 0.5112, 0.5123, 0.513, 0.514, 0.5145, 0.5147, 0.5157, 0.5159, 0.5157, 0.518, 0.517, 0.5181, 0.5181, 0.5165, 0.5168, 0.5166, 0.5169, 0.5163, 0.5166, 0.5157, 0.5162, 0.5154, 0.5148, 0.5161, 0.5161, 0.516, 0.5152, 0.515, 0.5164, 0.5159, 0.516, 0.5143, 0.5149, 0.5134, 0.5147, 0.5136, 0.5145, 0.5134, 0.5141, 0.5137, 0.5146, 0.5144, 0.5142, 0.5142, 0.5149, 0.5142, 0.5143, 0.5149, 0.5153, 0.5152, 0.5152, 0.5149, 0.5149, 0.5147, 0.5148, 0.5148, 0.5148, 0.5148, 0.5148, 0.5148, 0.5148, 0.5148]
[2025/10/19 04:05:52] - [0.0578, 0.0893, 0.1133, 0.1414, 0.1619, 0.1819, 0.1948, 0.2048, 0.2137, 0.2229, 0.2289, 0.2328, 0.2374, 0.2401, 0.2456, 0.2471, 0.2494, 0.2524, 0.2525, 0.2551, 0.2577, 0.2584, 0.2604, 0.263, 0.2626, 0.2624, 0.2633, 0.2653, 0.2674, 0.2684, 0.2697, 0.2694, 0.2684, 0.2709, 0.2709, 0.2706, 0.2707, 0.2725, 0.2737, 0.2742, 0.2747, 0.2741, 0.276, 0.2756, 0.2766, 0.2776, 0.2775, 0.2784, 0.2776, 0.2777, 0.2787, 0.2788, 0.279, 0.2806, 0.2814, 0.2815, 0.2795, 0.2806, 0.2797, 0.2808, 0.2788, 0.2784, 0.2802, 0.2796, 0.2798, 0.2808, 0.2819, 0.281, 0.2807, 0.2813, 0.2815, 0.2819, 0.2807, 0.281, 0.2816, 0.2821, 0.2836, 0.2828, 0.2814, 0.2815, 0.2809, 0.282, 0.2822, 0.2828, 0.2832, 0.2818, 0.2817, 0.2815, 0.2819, 0.2814, 0.2816, 0.2817, 0.281, 0.2815, 0.2819, 0.2821, 0.2824, 0.2825, 0.2825, 0.2823, 0.2831, 0.2825, 0.2828, 0.2827, 0.2822, 0.2826, 0.2824, 0.2828, 0.282, 0.2823]
