[2025/10/20 03:14:11] - Namespace(batch_size=128, data_dir='cifar-data', epochs=110, lr_schedule='multistep', lr_min=0.0, lr_max=0.2, weight_decay=0.0005, momentum=0.9, model='ResNet18', epsilon=8, alpha=8, delta_init='random', normal_mean=0, normal_std=1, out_dir='runs/beta_0.6/lam_40/lscale_0.12/seed_1', seed=1, lamda=40.0, lam_scale=0.12, lam_start=50, gamma=0.05, inner_gamma=0.05, beta=0.6, mu=3.5, batch_m=0.75, early_stop=False, factor=0.5, length=4, n_holes=1, c_num=0.125, EMA_value=0.55)
[2025/10/20 03:14:19] - ==> Building model..
[2025/10/20 03:14:20] - Epoch 	 Seconds 	 LR 	 	 Train Loss 	 Train Acc
[2025/10/20 03:15:10] - 0 	 27.2 	 	 0.2000 	 4.5802 	 0.0342
[2025/10/20 03:15:10] - ==> Building model..
[2025/10/20 03:15:35] - Test Loss 	 Test Acc 	 PGD Loss 	 PGD Acc
[2025/10/20 03:15:35] - 4.2387 	 	 0.0763 	 4.2497 	 0.0482
[2025/10/20 03:16:24] - 1 	 25.9 	 	 0.2000 	 4.4712 	 0.0718
[2025/10/20 03:16:24] - ==> Building model..
[2025/10/20 03:16:48] - Test Loss 	 Test Acc 	 PGD Loss 	 PGD Acc
[2025/10/20 03:16:48] - 4.1198 	 	 0.1300 	 4.1448 	 0.0851
[2025/10/20 03:17:37] - 2 	 26.7 	 	 0.2000 	 4.4179 	 0.0964
[2025/10/20 03:17:37] - ==> Building model..
[2025/10/20 03:18:01] - Test Loss 	 Test Acc 	 PGD Loss 	 PGD Acc
[2025/10/20 03:18:01] - 4.0171 	 	 0.1575 	 4.0531 	 0.1008
[2025/10/20 03:18:49] - 3 	 25.9 	 	 0.2000 	 4.3696 	 0.1202
[2025/10/20 03:18:49] - ==> Building model..
[2025/10/20 03:19:13] - Test Loss 	 Test Acc 	 PGD Loss 	 PGD Acc
[2025/10/20 03:19:13] - 3.8577 	 	 0.2100 	 3.9141 	 0.1228
[2025/10/20 03:20:02] - 4 	 28.0 	 	 0.2000 	 4.3313 	 0.1426
[2025/10/20 03:20:02] - ==> Building model..
[2025/10/20 03:20:27] - Test Loss 	 Test Acc 	 PGD Loss 	 PGD Acc
[2025/10/20 03:20:27] - 3.7450 	 	 0.2389 	 3.8179 	 0.1429
[2025/10/20 03:21:16] - 5 	 27.9 	 	 0.2000 	 4.2933 	 0.1603
[2025/10/20 03:21:16] - ==> Building model..
[2025/10/20 03:21:40] - Test Loss 	 Test Acc 	 PGD Loss 	 PGD Acc
[2025/10/20 03:21:40] - 3.5269 	 	 0.2817 	 3.6300 	 0.1664
[2025/10/20 03:22:30] - 6 	 28.2 	 	 0.2000 	 4.2595 	 0.1792
[2025/10/20 03:22:30] - ==> Building model..
[2025/10/20 03:22:55] - Test Loss 	 Test Acc 	 PGD Loss 	 PGD Acc
[2025/10/20 03:22:55] - 3.3079 	 	 0.3279 	 3.4439 	 0.1871
[2025/10/20 03:23:46] - 7 	 28.6 	 	 0.2000 	 4.2320 	 0.1916
[2025/10/20 03:23:46] - ==> Building model..
[2025/10/20 03:24:10] - Test Loss 	 Test Acc 	 PGD Loss 	 PGD Acc
[2025/10/20 03:24:10] - 3.1298 	 	 0.3625 	 3.2940 	 0.2020
[2025/10/20 03:24:56] - 8 	 26.4 	 	 0.2000 	 4.2135 	 0.2032
[2025/10/20 03:24:56] - ==> Building model..
[2025/10/20 03:25:21] - Test Loss 	 Test Acc 	 PGD Loss 	 PGD Acc
[2025/10/20 03:25:21] - 3.0342 	 	 0.3866 	 3.2173 	 0.2090
[2025/10/20 03:26:11] - 9 	 28.1 	 	 0.2000 	 4.1961 	 0.2134
[2025/10/20 03:26:11] - ==> Building model..
[2025/10/20 03:26:35] - Test Loss 	 Test Acc 	 PGD Loss 	 PGD Acc
[2025/10/20 03:26:35] - 2.9544 	 	 0.4043 	 3.1562 	 0.2173
[2025/10/20 03:27:25] - 10 	 27.8 	 	 0.2000 	 4.1856 	 0.2195
[2025/10/20 03:27:25] - ==> Building model..
[2025/10/20 03:27:49] - Test Loss 	 Test Acc 	 PGD Loss 	 PGD Acc
[2025/10/20 03:27:49] - 2.8886 	 	 0.4229 	 3.1062 	 0.2253
[2025/10/20 03:28:38] - 11 	 26.7 	 	 0.2000 	 4.1737 	 0.2262
[2025/10/20 03:28:38] - ==> Building model..
[2025/10/20 03:29:02] - Test Loss 	 Test Acc 	 PGD Loss 	 PGD Acc
[2025/10/20 03:29:02] - 2.8500 	 	 0.4314 	 3.0761 	 0.2313
[2025/10/20 03:29:51] - 12 	 26.9 	 	 0.2000 	 4.1654 	 0.2295
[2025/10/20 03:29:51] - ==> Building model..
[2025/10/20 03:30:15] - Test Loss 	 Test Acc 	 PGD Loss 	 PGD Acc
[2025/10/20 03:30:15] - 2.8126 	 	 0.4399 	 3.0485 	 0.2353
[2025/10/20 03:31:04] - 13 	 27.5 	 	 0.2000 	 4.1580 	 0.2336
[2025/10/20 03:31:04] - ==> Building model..
[2025/10/20 03:31:28] - Test Loss 	 Test Acc 	 PGD Loss 	 PGD Acc
[2025/10/20 03:31:28] - 2.7858 	 	 0.4477 	 3.0289 	 0.2377
[2025/10/20 03:32:17] - 14 	 27.6 	 	 0.2000 	 4.1514 	 0.2394
[2025/10/20 03:32:17] - ==> Building model..
[2025/10/20 03:32:42] - Test Loss 	 Test Acc 	 PGD Loss 	 PGD Acc
[2025/10/20 03:32:42] - 2.7659 	 	 0.4547 	 3.0134 	 0.2391
[2025/10/20 03:33:29] - 15 	 26.8 	 	 0.2000 	 4.1479 	 0.2424
[2025/10/20 03:33:29] - ==> Building model..
[2025/10/20 03:33:54] - Test Loss 	 Test Acc 	 PGD Loss 	 PGD Acc
[2025/10/20 03:33:54] - 2.7492 	 	 0.4582 	 3.0012 	 0.2436
[2025/10/20 03:34:43] - 16 	 27.5 	 	 0.2000 	 4.1400 	 0.2462
[2025/10/20 03:34:43] - ==> Building model..
[2025/10/20 03:35:08] - Test Loss 	 Test Acc 	 PGD Loss 	 PGD Acc
[2025/10/20 03:35:08] - 2.7214 	 	 0.4647 	 2.9804 	 0.2468
[2025/10/20 03:35:57] - 17 	 27.7 	 	 0.2000 	 4.1371 	 0.2478
[2025/10/20 03:35:57] - ==> Building model..
[2025/10/20 03:36:21] - Test Loss 	 Test Acc 	 PGD Loss 	 PGD Acc
[2025/10/20 03:36:21] - 2.7063 	 	 0.4688 	 2.9679 	 0.2480
[2025/10/20 03:37:10] - 18 	 26.6 	 	 0.2000 	 4.1340 	 0.2507
[2025/10/20 03:37:10] - ==> Building model..
[2025/10/20 03:37:34] - Test Loss 	 Test Acc 	 PGD Loss 	 PGD Acc
[2025/10/20 03:37:34] - 2.6911 	 	 0.4711 	 2.9565 	 0.2513
[2025/10/20 03:38:23] - 19 	 27.2 	 	 0.2000 	 4.1299 	 0.2521
[2025/10/20 03:38:23] - ==> Building model..
[2025/10/20 03:38:47] - Test Loss 	 Test Acc 	 PGD Loss 	 PGD Acc
[2025/10/20 03:38:47] - 2.6767 	 	 0.4762 	 2.9467 	 0.2531
[2025/10/20 03:39:34] - 20 	 26.6 	 	 0.2000 	 4.1264 	 0.2526
[2025/10/20 03:39:34] - ==> Building model..
[2025/10/20 03:39:59] - Test Loss 	 Test Acc 	 PGD Loss 	 PGD Acc
[2025/10/20 03:39:59] - 2.6619 	 	 0.4792 	 2.9359 	 0.2558
[2025/10/20 03:40:47] - 21 	 26.6 	 	 0.2000 	 4.1234 	 0.2561
[2025/10/20 03:40:47] - ==> Building model..
[2025/10/20 03:41:11] - Test Loss 	 Test Acc 	 PGD Loss 	 PGD Acc
[2025/10/20 03:41:11] - 2.6549 	 	 0.4805 	 2.9313 	 0.2568
[2025/10/20 03:41:59] - 22 	 26.9 	 	 0.2000 	 4.1200 	 0.2580
[2025/10/20 03:41:59] - ==> Building model..
[2025/10/20 03:42:24] - Test Loss 	 Test Acc 	 PGD Loss 	 PGD Acc
[2025/10/20 03:42:24] - 2.6509 	 	 0.4821 	 2.9282 	 0.2581
[2025/10/20 03:43:13] - 23 	 27.8 	 	 0.2000 	 4.1181 	 0.2584
[2025/10/20 03:43:13] - ==> Building model..
[2025/10/20 03:43:37] - Test Loss 	 Test Acc 	 PGD Loss 	 PGD Acc
[2025/10/20 03:43:37] - 2.6400 	 	 0.4836 	 2.9192 	 0.2602
[2025/10/20 03:44:27] - 24 	 27.4 	 	 0.2000 	 4.1166 	 0.2610
[2025/10/20 03:44:27] - ==> Building model..
[2025/10/20 03:44:51] - Test Loss 	 Test Acc 	 PGD Loss 	 PGD Acc
[2025/10/20 03:44:51] - 2.6331 	 	 0.4866 	 2.9148 	 0.2623
[2025/10/20 03:45:42] - 25 	 27.8 	 	 0.2000 	 4.1163 	 0.2607
[2025/10/20 03:45:42] - ==> Building model..
[2025/10/20 03:46:07] - Test Loss 	 Test Acc 	 PGD Loss 	 PGD Acc
[2025/10/20 03:46:07] - 2.6294 	 	 0.4856 	 2.9119 	 0.2649
[2025/10/20 03:46:54] - 26 	 26.0 	 	 0.2000 	 4.1127 	 0.2647
[2025/10/20 03:46:54] - ==> Building model..
[2025/10/20 03:47:19] - Test Loss 	 Test Acc 	 PGD Loss 	 PGD Acc
[2025/10/20 03:47:19] - 2.6235 	 	 0.4894 	 2.9081 	 0.2651
[2025/10/20 03:48:09] - 27 	 27.3 	 	 0.2000 	 4.1097 	 0.2651
[2025/10/20 03:48:09] - ==> Building model..
[2025/10/20 03:48:33] - Test Loss 	 Test Acc 	 PGD Loss 	 PGD Acc
[2025/10/20 03:48:33] - 2.6124 	 	 0.4907 	 2.8984 	 0.2665
[2025/10/20 03:49:22] - 28 	 27.0 	 	 0.2000 	 4.1097 	 0.2619
[2025/10/20 03:49:22] - ==> Building model..
[2025/10/20 03:49:46] - Test Loss 	 Test Acc 	 PGD Loss 	 PGD Acc
[2025/10/20 03:49:46] - 2.6062 	 	 0.4937 	 2.8936 	 0.2672
[2025/10/20 03:50:38] - 29 	 27.9 	 	 0.2000 	 4.1074 	 0.2666
[2025/10/20 03:50:38] - ==> Building model..
[2025/10/20 03:51:02] - Test Loss 	 Test Acc 	 PGD Loss 	 PGD Acc
[2025/10/20 03:51:02] - 2.5953 	 	 0.4974 	 2.8857 	 0.2686
[2025/10/20 03:51:54] - 30 	 27.9 	 	 0.2000 	 4.1060 	 0.2642
[2025/10/20 03:51:54] - ==> Building model..
[2025/10/20 03:52:19] - Test Loss 	 Test Acc 	 PGD Loss 	 PGD Acc
[2025/10/20 03:52:19] - 2.5907 	 	 0.4999 	 2.8830 	 0.2690
[2025/10/20 03:53:11] - 31 	 27.6 	 	 0.2000 	 4.1039 	 0.2681
[2025/10/20 03:53:11] - ==> Building model..
[2025/10/20 03:53:35] - Test Loss 	 Test Acc 	 PGD Loss 	 PGD Acc
[2025/10/20 03:53:35] - 2.5879 	 	 0.5008 	 2.8813 	 0.2703
[2025/10/20 03:54:25] - 32 	 27.2 	 	 0.2000 	 4.1035 	 0.2688
[2025/10/20 03:54:25] - ==> Building model..
[2025/10/20 03:54:50] - Test Loss 	 Test Acc 	 PGD Loss 	 PGD Acc
[2025/10/20 03:54:50] - 2.5812 	 	 0.5038 	 2.8763 	 0.2715
[2025/10/20 03:55:43] - 33 	 28.0 	 	 0.2000 	 4.1045 	 0.2676
[2025/10/20 03:55:43] - ==> Building model..
[2025/10/20 03:56:08] - Test Loss 	 Test Acc 	 PGD Loss 	 PGD Acc
[2025/10/20 03:56:08] - 2.5800 	 	 0.5045 	 2.8755 	 0.2717
[2025/10/20 03:57:00] - 34 	 27.7 	 	 0.2000 	 4.1009 	 0.2708
[2025/10/20 03:57:00] - ==> Building model..
[2025/10/20 03:57:25] - Test Loss 	 Test Acc 	 PGD Loss 	 PGD Acc
[2025/10/20 03:57:25] - 2.5797 	 	 0.5041 	 2.8764 	 0.2743
[2025/10/20 03:58:14] - 35 	 26.6 	 	 0.2000 	 4.1005 	 0.2723
[2025/10/20 03:58:14] - ==> Building model..
[2025/10/20 03:58:40] - Test Loss 	 Test Acc 	 PGD Loss 	 PGD Acc
[2025/10/20 03:58:40] - 2.5845 	 	 0.5032 	 2.8797 	 0.2713
[2025/10/20 03:59:31] - 36 	 27.4 	 	 0.2000 	 4.1018 	 0.2687
[2025/10/20 03:59:31] - ==> Building model..
[2025/10/20 03:59:57] - Test Loss 	 Test Acc 	 PGD Loss 	 PGD Acc
[2025/10/20 03:59:57] - 2.5913 	 	 0.5005 	 2.8852 	 0.2716
[2025/10/20 04:00:47] - 37 	 27.1 	 	 0.2000 	 4.0978 	 0.2699
[2025/10/20 04:00:47] - ==> Building model..
[2025/10/20 04:01:12] - Test Loss 	 Test Acc 	 PGD Loss 	 PGD Acc
[2025/10/20 04:01:12] - 2.5881 	 	 0.5032 	 2.8834 	 0.2720
[2025/10/20 04:02:04] - 38 	 27.8 	 	 0.2000 	 4.0992 	 0.2686
[2025/10/20 04:02:04] - ==> Building model..
[2025/10/20 04:02:29] - Test Loss 	 Test Acc 	 PGD Loss 	 PGD Acc
[2025/10/20 04:02:29] - 2.5819 	 	 0.5053 	 2.8787 	 0.2726
[2025/10/20 04:03:22] - 39 	 28.0 	 	 0.2000 	 4.0974 	 0.2716
[2025/10/20 04:03:22] - ==> Building model..
[2025/10/20 04:03:47] - Test Loss 	 Test Acc 	 PGD Loss 	 PGD Acc
[2025/10/20 04:03:47] - 2.5813 	 	 0.5044 	 2.8777 	 0.2725
[2025/10/20 04:04:36] - 40 	 26.2 	 	 0.2000 	 4.0980 	 0.2707
[2025/10/20 04:04:36] - ==> Building model..
[2025/10/20 04:05:02] - Test Loss 	 Test Acc 	 PGD Loss 	 PGD Acc
[2025/10/20 04:05:02] - 2.5780 	 	 0.5053 	 2.8759 	 0.2739
[2025/10/20 04:05:53] - 41 	 27.1 	 	 0.2000 	 4.0969 	 0.2695
[2025/10/20 04:05:53] - ==> Building model..
[2025/10/20 04:06:18] - Test Loss 	 Test Acc 	 PGD Loss 	 PGD Acc
[2025/10/20 04:06:18] - 2.5745 	 	 0.5052 	 2.8719 	 0.2737
[2025/10/20 04:07:12] - 42 	 27.8 	 	 0.2000 	 4.0964 	 0.2714
[2025/10/20 04:07:12] - ==> Building model..
[2025/10/20 04:07:38] - Test Loss 	 Test Acc 	 PGD Loss 	 PGD Acc
[2025/10/20 04:07:38] - 2.5708 	 	 0.5074 	 2.8697 	 0.2737
[2025/10/20 04:08:29] - 43 	 26.6 	 	 0.2000 	 4.0963 	 0.2690
[2025/10/20 04:08:29] - ==> Building model..
[2025/10/20 04:08:55] - Test Loss 	 Test Acc 	 PGD Loss 	 PGD Acc
[2025/10/20 04:08:55] - 2.5687 	 	 0.5083 	 2.8677 	 0.2746
[2025/10/20 04:09:47] - 44 	 26.9 	 	 0.2000 	 4.0943 	 0.2733
[2025/10/20 04:09:47] - ==> Building model..
[2025/10/20 04:10:14] - Test Loss 	 Test Acc 	 PGD Loss 	 PGD Acc
[2025/10/20 04:10:14] - 2.5675 	 	 0.5101 	 2.8668 	 0.2755
[2025/10/20 04:11:05] - 45 	 26.8 	 	 0.2000 	 4.0926 	 0.2746
[2025/10/20 04:11:05] - ==> Building model..
[2025/10/20 04:11:32] - Test Loss 	 Test Acc 	 PGD Loss 	 PGD Acc
[2025/10/20 04:11:32] - 2.5655 	 	 0.5110 	 2.8660 	 0.2739
[2025/10/20 04:12:22] - 46 	 26.1 	 	 0.2000 	 4.0936 	 0.2741
[2025/10/20 04:12:22] - ==> Building model..
[2025/10/20 04:12:49] - Test Loss 	 Test Acc 	 PGD Loss 	 PGD Acc
[2025/10/20 04:12:49] - 2.5629 	 	 0.5117 	 2.8639 	 0.2743
[2025/10/20 04:13:39] - 47 	 26.5 	 	 0.2000 	 4.0930 	 0.2752
[2025/10/20 04:13:39] - ==> Building model..
[2025/10/20 04:14:05] - Test Loss 	 Test Acc 	 PGD Loss 	 PGD Acc
[2025/10/20 04:14:05] - 2.5623 	 	 0.5108 	 2.8625 	 0.2725
[2025/10/20 04:14:56] - 48 	 27.0 	 	 0.2000 	 4.0902 	 0.2749
[2025/10/20 04:14:56] - ==> Building model..
[2025/10/20 04:15:23] - Test Loss 	 Test Acc 	 PGD Loss 	 PGD Acc
[2025/10/20 04:15:23] - 2.5603 	 	 0.5136 	 2.8622 	 0.2731
[2025/10/20 04:16:14] - 49 	 27.0 	 	 0.2000 	 4.0920 	 0.2781
[2025/10/20 04:16:14] - ==> Building model..
[2025/10/20 04:16:41] - Test Loss 	 Test Acc 	 PGD Loss 	 PGD Acc
[2025/10/20 04:16:41] - 2.5592 	 	 0.5147 	 2.8621 	 0.2736
[2025/10/20 04:17:32] - 50 	 27.2 	 	 0.2000 	 4.0900 	 0.2729
[2025/10/20 04:17:32] - ==> Building model..
[2025/10/20 04:17:58] - Test Loss 	 Test Acc 	 PGD Loss 	 PGD Acc
[2025/10/20 04:17:58] - 2.5564 	 	 0.5148 	 2.8589 	 0.2734
[2025/10/20 04:18:52] - 51 	 28.3 	 	 0.2000 	 4.0919 	 0.2724
[2025/10/20 04:18:52] - ==> Building model..
[2025/10/20 04:19:18] - Test Loss 	 Test Acc 	 PGD Loss 	 PGD Acc
[2025/10/20 04:19:18] - 2.5527 	 	 0.5159 	 2.8571 	 0.2743
[2025/10/20 04:20:08] - 52 	 26.5 	 	 0.2000 	 4.0926 	 0.2748
[2025/10/20 04:20:08] - ==> Building model..
[2025/10/20 04:20:34] - Test Loss 	 Test Acc 	 PGD Loss 	 PGD Acc
[2025/10/20 04:20:34] - 2.5529 	 	 0.5160 	 2.8571 	 0.2752
[2025/10/20 04:21:25] - 53 	 28.1 	 	 0.2000 	 4.0917 	 0.2740
[2025/10/20 04:21:25] - ==> Building model..
[2025/10/20 04:21:52] - Test Loss 	 Test Acc 	 PGD Loss 	 PGD Acc
[2025/10/20 04:21:52] - 2.5528 	 	 0.5170 	 2.8565 	 0.2743
[2025/10/20 04:22:44] - 54 	 27.5 	 	 0.2000 	 4.0908 	 0.2778
[2025/10/20 04:22:44] - ==> Building model..
[2025/10/20 04:23:09] - Test Loss 	 Test Acc 	 PGD Loss 	 PGD Acc
[2025/10/20 04:23:09] - 2.5543 	 	 0.5171 	 2.8577 	 0.2753
[2025/10/20 04:24:00] - 55 	 27.3 	 	 0.2000 	 4.0921 	 0.2773
[2025/10/20 04:24:00] - ==> Building model..
[2025/10/20 04:24:27] - Test Loss 	 Test Acc 	 PGD Loss 	 PGD Acc
[2025/10/20 04:24:27] - 2.5586 	 	 0.5174 	 2.8615 	 0.2743
[2025/10/20 04:25:17] - 56 	 26.9 	 	 0.2000 	 4.0939 	 0.2761
[2025/10/20 04:25:17] - ==> Building model..
[2025/10/20 04:25:43] - Test Loss 	 Test Acc 	 PGD Loss 	 PGD Acc
[2025/10/20 04:25:43] - 2.5670 	 	 0.5168 	 2.8701 	 0.2747
[2025/10/20 04:26:33] - 57 	 27.0 	 	 0.2000 	 4.0916 	 0.2762
[2025/10/20 04:26:33] - ==> Building model..
[2025/10/20 04:26:59] - Test Loss 	 Test Acc 	 PGD Loss 	 PGD Acc
[2025/10/20 04:26:59] - 2.5688 	 	 0.5175 	 2.8707 	 0.2756
[2025/10/20 04:27:51] - 58 	 27.6 	 	 0.2000 	 4.0941 	 0.2782
[2025/10/20 04:27:51] - ==> Building model..
[2025/10/20 04:28:17] - Test Loss 	 Test Acc 	 PGD Loss 	 PGD Acc
[2025/10/20 04:28:17] - 2.5710 	 	 0.5167 	 2.8719 	 0.2761
[2025/10/20 04:29:07] - 59 	 26.7 	 	 0.2000 	 4.0940 	 0.2762
[2025/10/20 04:29:07] - ==> Building model..
[2025/10/20 04:29:33] - Test Loss 	 Test Acc 	 PGD Loss 	 PGD Acc
[2025/10/20 04:29:33] - 2.5739 	 	 0.5176 	 2.8737 	 0.2760
[2025/10/20 04:30:24] - 60 	 27.3 	 	 0.2000 	 4.0956 	 0.2772
[2025/10/20 04:30:24] - ==> Building model..
[2025/10/20 04:30:51] - Test Loss 	 Test Acc 	 PGD Loss 	 PGD Acc
[2025/10/20 04:30:51] - 2.5780 	 	 0.5162 	 2.8759 	 0.2762
[2025/10/20 04:31:40] - 61 	 26.0 	 	 0.2000 	 4.0946 	 0.2761
[2025/10/20 04:31:40] - ==> Building model..
[2025/10/20 04:32:05] - Test Loss 	 Test Acc 	 PGD Loss 	 PGD Acc
[2025/10/20 04:32:05] - 2.5808 	 	 0.5163 	 2.8779 	 0.2776
[2025/10/20 04:32:56] - 62 	 27.3 	 	 0.2000 	 4.0953 	 0.2771
[2025/10/20 04:32:56] - ==> Building model..
[2025/10/20 04:33:22] - Test Loss 	 Test Acc 	 PGD Loss 	 PGD Acc
[2025/10/20 04:33:22] - 2.5826 	 	 0.5161 	 2.8779 	 0.2771
[2025/10/20 04:34:12] - 63 	 27.0 	 	 0.2000 	 4.0948 	 0.2751
[2025/10/20 04:34:12] - ==> Building model..
[2025/10/20 04:34:37] - Test Loss 	 Test Acc 	 PGD Loss 	 PGD Acc
[2025/10/20 04:34:37] - 2.5846 	 	 0.5148 	 2.8786 	 0.2758
[2025/10/20 04:35:27] - 64 	 26.8 	 	 0.2000 	 4.0948 	 0.2761
[2025/10/20 04:35:27] - ==> Building model..
[2025/10/20 04:35:53] - Test Loss 	 Test Acc 	 PGD Loss 	 PGD Acc
[2025/10/20 04:35:53] - 2.5862 	 	 0.5151 	 2.8801 	 0.2758
[2025/10/20 04:36:39] - 65 	 24.3 	 	 0.2000 	 4.0961 	 0.2768
[2025/10/20 04:36:39] - ==> Building model..
[2025/10/20 04:37:04] - Test Loss 	 Test Acc 	 PGD Loss 	 PGD Acc
[2025/10/20 04:37:04] - 2.5894 	 	 0.5155 	 2.8826 	 0.2764
[2025/10/20 04:37:51] - 66 	 26.0 	 	 0.2000 	 4.0934 	 0.2781
[2025/10/20 04:37:51] - ==> Building model..
[2025/10/20 04:38:18] - Test Loss 	 Test Acc 	 PGD Loss 	 PGD Acc
[2025/10/20 04:38:18] - 2.5893 	 	 0.5167 	 2.8820 	 0.2779
[2025/10/20 04:39:05] - 67 	 25.9 	 	 0.2000 	 4.0935 	 0.2765
[2025/10/20 04:39:05] - ==> Building model..
[2025/10/20 04:39:30] - Test Loss 	 Test Acc 	 PGD Loss 	 PGD Acc
[2025/10/20 04:39:30] - 2.5898 	 	 0.5166 	 2.8821 	 0.2789
[2025/10/20 04:40:19] - 68 	 26.9 	 	 0.2000 	 4.0926 	 0.2792
[2025/10/20 04:40:19] - ==> Building model..
[2025/10/20 04:40:45] - Test Loss 	 Test Acc 	 PGD Loss 	 PGD Acc
[2025/10/20 04:40:45] - 2.5892 	 	 0.5169 	 2.8812 	 0.2787
[2025/10/20 04:41:33] - 69 	 26.3 	 	 0.2000 	 4.0953 	 0.2760
[2025/10/20 04:41:33] - ==> Building model..
[2025/10/20 04:41:58] - Test Loss 	 Test Acc 	 PGD Loss 	 PGD Acc
[2025/10/20 04:41:58] - 2.5913 	 	 0.5163 	 2.8827 	 0.2788
[2025/10/20 04:42:46] - 70 	 25.8 	 	 0.2000 	 4.0916 	 0.2792
[2025/10/20 04:42:46] - ==> Building model..
[2025/10/20 04:43:11] - Test Loss 	 Test Acc 	 PGD Loss 	 PGD Acc
[2025/10/20 04:43:11] - 2.5912 	 	 0.5160 	 2.8823 	 0.2790
[2025/10/20 04:44:01] - 71 	 26.6 	 	 0.2000 	 4.0941 	 0.2771
[2025/10/20 04:44:01] - ==> Building model..
[2025/10/20 04:44:27] - Test Loss 	 Test Acc 	 PGD Loss 	 PGD Acc
[2025/10/20 04:44:27] - 2.5921 	 	 0.5150 	 2.8830 	 0.2794
[2025/10/20 04:45:14] - 72 	 25.7 	 	 0.2000 	 4.0930 	 0.2773
[2025/10/20 04:45:14] - ==> Building model..
[2025/10/20 04:45:39] - Test Loss 	 Test Acc 	 PGD Loss 	 PGD Acc
[2025/10/20 04:45:39] - 2.5954 	 	 0.5148 	 2.8848 	 0.2785
[2025/10/20 04:46:27] - 73 	 25.4 	 	 0.2000 	 4.0928 	 0.2769
[2025/10/20 04:46:27] - ==> Building model..
[2025/10/20 04:46:54] - Test Loss 	 Test Acc 	 PGD Loss 	 PGD Acc
[2025/10/20 04:46:54] - 2.5949 	 	 0.5156 	 2.8845 	 0.2800
[2025/10/20 04:47:40] - 74 	 25.0 	 	 0.2000 	 4.0918 	 0.2801
[2025/10/20 04:47:40] - ==> Building model..
[2025/10/20 04:48:06] - Test Loss 	 Test Acc 	 PGD Loss 	 PGD Acc
[2025/10/20 04:48:06] - 2.5957 	 	 0.5160 	 2.8847 	 0.2781
[2025/10/20 04:48:55] - 75 	 26.4 	 	 0.2000 	 4.0912 	 0.2785
[2025/10/20 04:48:55] - ==> Building model..
[2025/10/20 04:49:21] - Test Loss 	 Test Acc 	 PGD Loss 	 PGD Acc
[2025/10/20 04:49:21] - 2.5964 	 	 0.5154 	 2.8856 	 0.2800
[2025/10/20 04:50:10] - 76 	 25.8 	 	 0.2000 	 4.0926 	 0.2778
[2025/10/20 04:50:10] - ==> Building model..
[2025/10/20 04:50:36] - Test Loss 	 Test Acc 	 PGD Loss 	 PGD Acc
[2025/10/20 04:50:36] - 2.5970 	 	 0.5163 	 2.8856 	 0.2790
[2025/10/20 04:51:24] - 77 	 25.2 	 	 0.2000 	 4.0918 	 0.2783
[2025/10/20 04:51:24] - ==> Building model..
[2025/10/20 04:51:50] - Test Loss 	 Test Acc 	 PGD Loss 	 PGD Acc
[2025/10/20 04:51:50] - 2.5974 	 	 0.5161 	 2.8865 	 0.2794
[2025/10/20 04:52:37] - 78 	 25.3 	 	 0.2000 	 4.0898 	 0.2795
[2025/10/20 04:52:37] - ==> Building model..
[2025/10/20 04:53:03] - Test Loss 	 Test Acc 	 PGD Loss 	 PGD Acc
[2025/10/20 04:53:03] - 2.5980 	 	 0.5186 	 2.8874 	 0.2808
[2025/10/20 04:53:53] - 79 	 26.6 	 	 0.2000 	 4.0898 	 0.2792
[2025/10/20 04:53:53] - ==> Building model..
[2025/10/20 04:54:19] - Test Loss 	 Test Acc 	 PGD Loss 	 PGD Acc
[2025/10/20 04:54:19] - 2.5984 	 	 0.5182 	 2.8880 	 0.2811
[2025/10/20 04:55:08] - 80 	 26.1 	 	 0.2000 	 4.0916 	 0.2781
[2025/10/20 04:55:08] - ==> Building model..
[2025/10/20 04:55:35] - Test Loss 	 Test Acc 	 PGD Loss 	 PGD Acc
[2025/10/20 04:55:35] - 2.5991 	 	 0.5170 	 2.8875 	 0.2804
[2025/10/20 04:56:24] - 81 	 26.6 	 	 0.2000 	 4.0919 	 0.2807
[2025/10/20 04:56:24] - ==> Building model..
[2025/10/20 04:56:50] - Test Loss 	 Test Acc 	 PGD Loss 	 PGD Acc
[2025/10/20 04:56:50] - 2.5999 	 	 0.5170 	 2.8882 	 0.2797
[2025/10/20 04:57:38] - 82 	 26.2 	 	 0.2000 	 4.0910 	 0.2804
[2025/10/20 04:57:38] - ==> Building model..
[2025/10/20 04:58:04] - Test Loss 	 Test Acc 	 PGD Loss 	 PGD Acc
[2025/10/20 04:58:04] - 2.6014 	 	 0.5171 	 2.8894 	 0.2814
[2025/10/20 04:58:52] - 83 	 26.1 	 	 0.2000 	 4.0922 	 0.2780
[2025/10/20 04:58:52] - ==> Building model..
[2025/10/20 04:59:18] - Test Loss 	 Test Acc 	 PGD Loss 	 PGD Acc
[2025/10/20 04:59:18] - 2.6019 	 	 0.5164 	 2.8894 	 0.2815
[2025/10/20 05:00:06] - 84 	 25.6 	 	 0.2000 	 4.0914 	 0.2787
[2025/10/20 05:00:06] - ==> Building model..
[2025/10/20 05:00:32] - Test Loss 	 Test Acc 	 PGD Loss 	 PGD Acc
[2025/10/20 05:00:32] - 2.6033 	 	 0.5176 	 2.8901 	 0.2806
[2025/10/20 05:01:19] - 85 	 25.7 	 	 0.2000 	 4.0916 	 0.2756
[2025/10/20 05:01:19] - ==> Building model..
[2025/10/20 05:01:45] - Test Loss 	 Test Acc 	 PGD Loss 	 PGD Acc
[2025/10/20 05:01:45] - 2.6030 	 	 0.5169 	 2.8897 	 0.2808
[2025/10/20 05:02:34] - 86 	 26.9 	 	 0.2000 	 4.0908 	 0.2799
[2025/10/20 05:02:34] - ==> Building model..
[2025/10/20 05:03:00] - Test Loss 	 Test Acc 	 PGD Loss 	 PGD Acc
[2025/10/20 05:03:00] - 2.6032 	 	 0.5174 	 2.8904 	 0.2824
[2025/10/20 05:03:50] - 87 	 26.5 	 	 0.2000 	 4.0902 	 0.2784
[2025/10/20 05:03:50] - ==> Building model..
[2025/10/20 05:04:15] - Test Loss 	 Test Acc 	 PGD Loss 	 PGD Acc
[2025/10/20 05:04:15] - 2.6034 	 	 0.5173 	 2.8902 	 0.2830
[2025/10/20 05:05:06] - 88 	 27.0 	 	 0.2000 	 4.0923 	 0.2771
[2025/10/20 05:05:06] - ==> Building model..
[2025/10/20 05:05:32] - Test Loss 	 Test Acc 	 PGD Loss 	 PGD Acc
[2025/10/20 05:05:32] - 2.6028 	 	 0.5172 	 2.8892 	 0.2828
[2025/10/20 05:06:20] - 89 	 25.6 	 	 0.2000 	 4.0907 	 0.2776
[2025/10/20 05:06:20] - ==> Building model..
[2025/10/20 05:06:47] - Test Loss 	 Test Acc 	 PGD Loss 	 PGD Acc
[2025/10/20 05:06:47] - 2.6037 	 	 0.5161 	 2.8901 	 0.2830
[2025/10/20 05:07:37] - 90 	 26.2 	 	 0.2000 	 4.0912 	 0.2793
[2025/10/20 05:07:37] - ==> Building model..
[2025/10/20 05:08:03] - Test Loss 	 Test Acc 	 PGD Loss 	 PGD Acc
[2025/10/20 05:08:03] - 2.6037 	 	 0.5157 	 2.8899 	 0.2830
[2025/10/20 05:08:53] - 91 	 26.5 	 	 0.2000 	 4.0898 	 0.2808
[2025/10/20 05:08:53] - ==> Building model..
[2025/10/20 05:09:20] - Test Loss 	 Test Acc 	 PGD Loss 	 PGD Acc
[2025/10/20 05:09:20] - 2.6041 	 	 0.5172 	 2.8899 	 0.2835
[2025/10/20 05:10:11] - 92 	 27.2 	 	 0.2000 	 4.0905 	 0.2776
[2025/10/20 05:10:11] - ==> Building model..
[2025/10/20 05:10:38] - Test Loss 	 Test Acc 	 PGD Loss 	 PGD Acc
[2025/10/20 05:10:38] - 2.6040 	 	 0.5167 	 2.8898 	 0.2842
[2025/10/20 05:11:28] - 93 	 26.7 	 	 0.2000 	 4.0912 	 0.2802
[2025/10/20 05:11:28] - ==> Building model..
[2025/10/20 05:11:54] - Test Loss 	 Test Acc 	 PGD Loss 	 PGD Acc
[2025/10/20 05:11:54] - 2.6039 	 	 0.5173 	 2.8891 	 0.2837
[2025/10/20 05:12:42] - 94 	 26.3 	 	 0.0200 	 3.9975 	 0.3408
[2025/10/20 05:12:42] - ==> Building model..
[2025/10/20 05:13:09] - Test Loss 	 Test Acc 	 PGD Loss 	 PGD Acc
[2025/10/20 05:13:09] - 2.6011 	 	 0.5181 	 2.8875 	 0.2841
[2025/10/20 05:13:56] - 95 	 25.4 	 	 0.0200 	 3.9040 	 0.4041
[2025/10/20 05:13:56] - ==> Building model..
[2025/10/20 05:14:23] - Test Loss 	 Test Acc 	 PGD Loss 	 PGD Acc
[2025/10/20 05:14:23] - 2.5995 	 	 0.5185 	 2.8864 	 0.2839
[2025/10/20 05:15:13] - 96 	 26.7 	 	 0.0200 	 3.8779 	 0.4186
[2025/10/20 05:15:13] - ==> Building model..
[2025/10/20 05:15:39] - Test Loss 	 Test Acc 	 PGD Loss 	 PGD Acc
[2025/10/20 05:15:39] - 2.5993 	 	 0.5188 	 2.8867 	 0.2834
[2025/10/20 05:16:25] - 97 	 24.9 	 	 0.0200 	 3.8611 	 0.4297
[2025/10/20 05:16:25] - ==> Building model..
[2025/10/20 05:16:51] - Test Loss 	 Test Acc 	 PGD Loss 	 PGD Acc
[2025/10/20 05:16:51] - 2.6000 	 	 0.5186 	 2.8871 	 0.2839
[2025/10/20 05:17:38] - 98 	 25.0 	 	 0.0200 	 3.8478 	 0.4400
[2025/10/20 05:17:38] - ==> Building model..
[2025/10/20 05:18:05] - Test Loss 	 Test Acc 	 PGD Loss 	 PGD Acc
[2025/10/20 05:18:05] - 2.6025 	 	 0.5186 	 2.8892 	 0.2826
[2025/10/20 05:18:53] - 99 	 25.6 	 	 0.0020 	 3.8161 	 0.4674
[2025/10/20 05:18:53] - ==> Building model..
[2025/10/20 05:19:20] - Test Loss 	 Test Acc 	 PGD Loss 	 PGD Acc
[2025/10/20 05:19:20] - 2.6025 	 	 0.5186 	 2.8891 	 0.2834
[2025/10/20 05:20:08] - 100 	 25.6 	 	 0.0020 	 3.7882 	 0.4872
[2025/10/20 05:20:08] - ==> Building model..
[2025/10/20 05:20:35] - Test Loss 	 Test Acc 	 PGD Loss 	 PGD Acc
[2025/10/20 05:20:35] - 2.6025 	 	 0.5186 	 2.8892 	 0.2833
[2025/10/20 05:21:26] - 101 	 26.9 	 	 0.0020 	 3.7822 	 0.4920
[2025/10/20 05:21:26] - ==> Building model..
[2025/10/20 05:21:53] - Test Loss 	 Test Acc 	 PGD Loss 	 PGD Acc
[2025/10/20 05:21:53] - 2.6035 	 	 0.5185 	 2.8899 	 0.2833
[2025/10/20 05:22:40] - 102 	 26.2 	 	 0.0020 	 3.7763 	 0.4967
[2025/10/20 05:22:40] - ==> Building model..
[2025/10/20 05:23:07] - Test Loss 	 Test Acc 	 PGD Loss 	 PGD Acc
[2025/10/20 05:23:07] - 2.6040 	 	 0.5185 	 2.8901 	 0.2833
[2025/10/20 05:23:54] - 103 	 25.0 	 	 0.0020 	 3.7716 	 0.5023
[2025/10/20 05:23:54] - ==> Building model..
[2025/10/20 05:24:20] - Test Loss 	 Test Acc 	 PGD Loss 	 PGD Acc
[2025/10/20 05:24:20] - 2.6040 	 	 0.5185 	 2.8907 	 0.2833
[2025/10/20 05:25:08] - 104 	 25.6 	 	 0.0020 	 3.7671 	 0.5044
[2025/10/20 05:25:08] - ==> Building model..
[2025/10/20 05:25:35] - Test Loss 	 Test Acc 	 PGD Loss 	 PGD Acc
[2025/10/20 05:25:35] - 2.6040 	 	 0.5185 	 2.8905 	 0.2836
[2025/10/20 05:26:23] - 105 	 26.1 	 	 0.0020 	 3.7638 	 0.5069
[2025/10/20 05:26:23] - ==> Building model..
[2025/10/20 05:26:49] - Test Loss 	 Test Acc 	 PGD Loss 	 PGD Acc
[2025/10/20 05:26:49] - 2.6047 	 	 0.5185 	 2.8909 	 0.2836
[2025/10/20 05:27:36] - 106 	 25.7 	 	 0.0020 	 3.7596 	 0.5103
[2025/10/20 05:27:36] - ==> Building model..
[2025/10/20 05:28:02] - Test Loss 	 Test Acc 	 PGD Loss 	 PGD Acc
[2025/10/20 05:28:02] - 2.6047 	 	 0.5185 	 2.8908 	 0.2831
[2025/10/20 05:28:51] - 107 	 25.5 	 	 0.0020 	 3.7555 	 0.5137
[2025/10/20 05:28:51] - ==> Building model..
[2025/10/20 05:29:17] - Test Loss 	 Test Acc 	 PGD Loss 	 PGD Acc
[2025/10/20 05:29:17] - 2.6047 	 	 0.5185 	 2.8908 	 0.2841
[2025/10/20 05:30:06] - 108 	 25.8 	 	 0.0020 	 3.7515 	 0.5158
[2025/10/20 05:30:06] - ==> Building model..
[2025/10/20 05:30:31] - Test Loss 	 Test Acc 	 PGD Loss 	 PGD Acc
[2025/10/20 05:30:31] - 2.6060 	 	 0.5184 	 2.8917 	 0.2833
[2025/10/20 05:31:18] - 109 	 24.9 	 	 0.0020 	 3.7481 	 0.5192
[2025/10/20 05:31:18] - ==> Building model..
[2025/10/20 05:31:42] - Test Loss 	 Test Acc 	 PGD Loss 	 PGD Acc
[2025/10/20 05:31:42] - 2.6060 	 	 0.5184 	 2.8922 	 0.2831
[2025/10/20 05:31:42] - [0.0763, 0.13, 0.1575, 0.21, 0.2389, 0.2817, 0.3279, 0.3625, 0.3866, 0.4043, 0.4229, 0.4314, 0.4399, 0.4477, 0.4547, 0.4582, 0.4647, 0.4688, 0.4711, 0.4762, 0.4792, 0.4805, 0.4821, 0.4836, 0.4866, 0.4856, 0.4894, 0.4907, 0.4937, 0.4974, 0.4999, 0.5008, 0.5038, 0.5045, 0.5041, 0.5032, 0.5005, 0.5032, 0.5053, 0.5044, 0.5053, 0.5052, 0.5074, 0.5083, 0.5101, 0.511, 0.5117, 0.5108, 0.5136, 0.5147, 0.5148, 0.5159, 0.516, 0.517, 0.5171, 0.5174, 0.5168, 0.5175, 0.5167, 0.5176, 0.5162, 0.5163, 0.5161, 0.5148, 0.5151, 0.5155, 0.5167, 0.5166, 0.5169, 0.5163, 0.516, 0.515, 0.5148, 0.5156, 0.516, 0.5154, 0.5163, 0.5161, 0.5186, 0.5182, 0.517, 0.517, 0.5171, 0.5164, 0.5176, 0.5169, 0.5174, 0.5173, 0.5172, 0.5161, 0.5157, 0.5172, 0.5167, 0.5173, 0.5181, 0.5185, 0.5188, 0.5186, 0.5186, 0.5186, 0.5186, 0.5185, 0.5185, 0.5185, 0.5185, 0.5185, 0.5185, 0.5185, 0.5184, 0.5184]
[2025/10/20 05:31:42] - [0.0482, 0.0851, 0.1008, 0.1228, 0.1429, 0.1664, 0.1871, 0.202, 0.209, 0.2173, 0.2253, 0.2313, 0.2353, 0.2377, 0.2391, 0.2436, 0.2468, 0.248, 0.2513, 0.2531, 0.2558, 0.2568, 0.2581, 0.2602, 0.2623, 0.2649, 0.2651, 0.2665, 0.2672, 0.2686, 0.269, 0.2703, 0.2715, 0.2717, 0.2743, 0.2713, 0.2716, 0.272, 0.2726, 0.2725, 0.2739, 0.2737, 0.2737, 0.2746, 0.2755, 0.2739, 0.2743, 0.2725, 0.2731, 0.2736, 0.2734, 0.2743, 0.2752, 0.2743, 0.2753, 0.2743, 0.2747, 0.2756, 0.2761, 0.276, 0.2762, 0.2776, 0.2771, 0.2758, 0.2758, 0.2764, 0.2779, 0.2789, 0.2787, 0.2788, 0.279, 0.2794, 0.2785, 0.28, 0.2781, 0.28, 0.279, 0.2794, 0.2808, 0.2811, 0.2804, 0.2797, 0.2814, 0.2815, 0.2806, 0.2808, 0.2824, 0.283, 0.2828, 0.283, 0.283, 0.2835, 0.2842, 0.2837, 0.2841, 0.2839, 0.2834, 0.2839, 0.2826, 0.2834, 0.2833, 0.2833, 0.2833, 0.2833, 0.2836, 0.2836, 0.2831, 0.2841, 0.2833, 0.2831]
