[2025/10/16 10:19:03] - Namespace(batch_size=128, data_dir='cifar-data', epochs=100, lr_schedule='multistep', lr_min=0.0, lr_max=0.2, weight_decay=0.0005, momentum=0.9, model='ResNet18', epsilon=8, alpha=8, delta_init='random', normal_mean=0, normal_std=1, out_dir='./output/CIFAR100/lamda_38_lamscale_0.15_run2', seed=0, lamda=38.0, lam_scale=0.15, lam_start=50, gamma=0.05, inner_gamma=0.05, beta=0.2, mu=3.5, batch_m=0.75, early_stop=False, factor=0.5, length=4, n_holes=1, c_num=0.125, EMA_value=0.55)
[2025/10/16 10:19:05] - ==> Building model..
[2025/10/16 10:19:05] - Epoch 	 Seconds 	 LR 	 	 Train Loss 	 Train Acc
[2025/10/16 10:19:44] - 0 	 18.6 	 	 0.2000 	 4.5673 	 0.0388
[2025/10/16 10:19:44] - ==> Building model..
[2025/10/16 10:20:03] - Test Loss 	 Test Acc 	 PGD Loss 	 PGD Acc
[2025/10/16 10:20:03] - 4.2523 	 	 0.0854 	 4.2646 	 0.0558
[2025/10/16 10:20:44] - 1 	 21.2 	 	 0.2000 	 4.4588 	 0.0776
[2025/10/16 10:20:44] - ==> Building model..
[2025/10/16 10:21:07] - Test Loss 	 Test Acc 	 PGD Loss 	 PGD Acc
[2025/10/16 10:21:07] - 4.0028 	 	 0.1457 	 4.0336 	 0.0961
[2025/10/16 10:21:47] - 2 	 20.5 	 	 0.2000 	 4.4060 	 0.1054
[2025/10/16 10:21:47] - ==> Building model..
[2025/10/16 10:22:08] - Test Loss 	 Test Acc 	 PGD Loss 	 PGD Acc
[2025/10/16 10:22:08] - 3.9319 	 	 0.1818 	 3.9750 	 0.1110
[2025/10/16 10:22:51] - 3 	 20.8 	 	 0.2000 	 4.3580 	 0.1274
[2025/10/16 10:22:51] - ==> Building model..
[2025/10/16 10:23:14] - Test Loss 	 Test Acc 	 PGD Loss 	 PGD Acc
[2025/10/16 10:23:14] - 3.7391 	 	 0.2358 	 3.8079 	 0.1376
[2025/10/16 10:23:54] - 4 	 19.9 	 	 0.2000 	 4.3135 	 0.1510
[2025/10/16 10:23:54] - ==> Building model..
[2025/10/16 10:24:10] - Test Loss 	 Test Acc 	 PGD Loss 	 PGD Acc
[2025/10/16 10:24:10] - 3.6087 	 	 0.2706 	 3.6994 	 0.1598
[2025/10/16 10:24:50] - 5 	 19.7 	 	 0.2000 	 4.2759 	 0.1701
[2025/10/16 10:24:50] - ==> Building model..
[2025/10/16 10:25:04] - Test Loss 	 Test Acc 	 PGD Loss 	 PGD Acc
[2025/10/16 10:25:04] - 3.4399 	 	 0.3077 	 3.5573 	 0.1775
[2025/10/16 10:25:45] - 6 	 19.6 	 	 0.2000 	 4.2444 	 0.1878
[2025/10/16 10:25:45] - ==> Building model..
[2025/10/16 10:26:06] - Test Loss 	 Test Acc 	 PGD Loss 	 PGD Acc
[2025/10/16 10:26:06] - 3.2317 	 	 0.3466 	 3.3807 	 0.1933
[2025/10/16 10:26:48] - 7 	 21.5 	 	 0.2000 	 4.2227 	 0.1998
[2025/10/16 10:26:48] - ==> Building model..
[2025/10/16 10:27:10] - Test Loss 	 Test Acc 	 PGD Loss 	 PGD Acc
[2025/10/16 10:27:10] - 3.0815 	 	 0.3813 	 3.2594 	 0.2056
[2025/10/16 10:27:48] - 8 	 18.9 	 	 0.2000 	 4.2049 	 0.2083
[2025/10/16 10:27:48] - ==> Building model..
[2025/10/16 10:28:07] - Test Loss 	 Test Acc 	 PGD Loss 	 PGD Acc
[2025/10/16 10:28:07] - 2.9807 	 	 0.4009 	 3.1788 	 0.2161
[2025/10/16 10:28:50] - 9 	 21.3 	 	 0.2000 	 4.1884 	 0.2187
[2025/10/16 10:28:50] - ==> Building model..
[2025/10/16 10:29:07] - Test Loss 	 Test Acc 	 PGD Loss 	 PGD Acc
[2025/10/16 10:29:07] - 2.9146 	 	 0.4135 	 3.1271 	 0.2245
[2025/10/16 10:29:46] - 10 	 19.5 	 	 0.2000 	 4.1771 	 0.2243
[2025/10/16 10:29:46] - ==> Building model..
[2025/10/16 10:30:04] - Test Loss 	 Test Acc 	 PGD Loss 	 PGD Acc
[2025/10/16 10:30:04] - 2.8594 	 	 0.4268 	 3.0841 	 0.2314
[2025/10/16 10:30:43] - 11 	 19.2 	 	 0.2000 	 4.1683 	 0.2280
[2025/10/16 10:30:43] - ==> Building model..
[2025/10/16 10:30:57] - Test Loss 	 Test Acc 	 PGD Loss 	 PGD Acc
[2025/10/16 10:30:57] - 2.8114 	 	 0.4390 	 3.0480 	 0.2359
[2025/10/16 10:31:37] - 12 	 20.1 	 	 0.2000 	 4.1582 	 0.2366
[2025/10/16 10:31:37] - ==> Building model..
[2025/10/16 10:31:59] - Test Loss 	 Test Acc 	 PGD Loss 	 PGD Acc
[2025/10/16 10:31:59] - 2.7797 	 	 0.4466 	 3.0233 	 0.2391
[2025/10/16 10:32:43] - 13 	 22.4 	 	 0.2000 	 4.1549 	 0.2360
[2025/10/16 10:32:43] - ==> Building model..
[2025/10/16 10:33:05] - Test Loss 	 Test Acc 	 PGD Loss 	 PGD Acc
[2025/10/16 10:33:05] - 2.7578 	 	 0.4503 	 3.0057 	 0.2436
[2025/10/16 10:33:47] - 14 	 22.0 	 	 0.2000 	 4.1487 	 0.2426
[2025/10/16 10:33:47] - ==> Building model..
[2025/10/16 10:34:09] - Test Loss 	 Test Acc 	 PGD Loss 	 PGD Acc
[2025/10/16 10:34:09] - 2.7397 	 	 0.4549 	 2.9933 	 0.2486
[2025/10/16 10:34:50] - 15 	 21.5 	 	 0.2000 	 4.1411 	 0.2445
[2025/10/16 10:34:50] - ==> Building model..
[2025/10/16 10:35:12] - Test Loss 	 Test Acc 	 PGD Loss 	 PGD Acc
[2025/10/16 10:35:12] - 2.7214 	 	 0.4608 	 2.9791 	 0.2493
[2025/10/16 10:35:52] - 16 	 19.8 	 	 0.2000 	 4.1365 	 0.2471
[2025/10/16 10:35:52] - ==> Building model..
[2025/10/16 10:36:09] - Test Loss 	 Test Acc 	 PGD Loss 	 PGD Acc
[2025/10/16 10:36:09] - 2.7022 	 	 0.4654 	 2.9640 	 0.2518
[2025/10/16 10:36:49] - 17 	 19.8 	 	 0.2000 	 4.1354 	 0.2474
[2025/10/16 10:36:49] - ==> Building model..
[2025/10/16 10:37:11] - Test Loss 	 Test Acc 	 PGD Loss 	 PGD Acc
[2025/10/16 10:37:11] - 2.6855 	 	 0.4707 	 2.9519 	 0.2519
[2025/10/16 10:37:53] - 18 	 21.3 	 	 0.2000 	 4.1288 	 0.2507
[2025/10/16 10:37:53] - ==> Building model..
[2025/10/16 10:38:15] - Test Loss 	 Test Acc 	 PGD Loss 	 PGD Acc
[2025/10/16 10:38:15] - 2.6702 	 	 0.4761 	 2.9427 	 0.2563
[2025/10/16 10:38:56] - 19 	 20.9 	 	 0.2000 	 4.1253 	 0.2539
[2025/10/16 10:38:56] - ==> Building model..
[2025/10/16 10:39:19] - Test Loss 	 Test Acc 	 PGD Loss 	 PGD Acc
[2025/10/16 10:39:19] - 2.6696 	 	 0.4757 	 2.9434 	 0.2566
[2025/10/16 10:39:58] - 20 	 19.7 	 	 0.2000 	 4.1245 	 0.2567
[2025/10/16 10:39:58] - ==> Building model..
[2025/10/16 10:40:19] - Test Loss 	 Test Acc 	 PGD Loss 	 PGD Acc
[2025/10/16 10:40:19] - 2.6647 	 	 0.4771 	 2.9406 	 0.2557
[2025/10/16 10:41:00] - 21 	 21.6 	 	 0.2000 	 4.1198 	 0.2583
[2025/10/16 10:41:00] - ==> Building model..
[2025/10/16 10:41:23] - Test Loss 	 Test Acc 	 PGD Loss 	 PGD Acc
[2025/10/16 10:41:23] - 2.6502 	 	 0.4837 	 2.9301 	 0.2574
[2025/10/16 10:42:04] - 22 	 21.3 	 	 0.2000 	 4.1196 	 0.2564
[2025/10/16 10:42:04] - ==> Building model..
[2025/10/16 10:42:24] - Test Loss 	 Test Acc 	 PGD Loss 	 PGD Acc
[2025/10/16 10:42:24] - 2.6362 	 	 0.4873 	 2.9195 	 0.2605
[2025/10/16 10:43:05] - 23 	 21.4 	 	 0.2000 	 4.1172 	 0.2582
[2025/10/16 10:43:05] - ==> Building model..
[2025/10/16 10:43:27] - Test Loss 	 Test Acc 	 PGD Loss 	 PGD Acc
[2025/10/16 10:43:27] - 2.6252 	 	 0.4865 	 2.9091 	 0.2616
[2025/10/16 10:44:08] - 24 	 21.7 	 	 0.2000 	 4.1131 	 0.2615
[2025/10/16 10:44:08] - ==> Building model..
[2025/10/16 10:44:27] - Test Loss 	 Test Acc 	 PGD Loss 	 PGD Acc
[2025/10/16 10:44:27] - 2.6199 	 	 0.4903 	 2.9058 	 0.2645
[2025/10/16 10:45:09] - 25 	 21.5 	 	 0.2000 	 4.1118 	 0.2631
[2025/10/16 10:45:09] - ==> Building model..
[2025/10/16 10:45:29] - Test Loss 	 Test Acc 	 PGD Loss 	 PGD Acc
[2025/10/16 10:45:29] - 2.6129 	 	 0.4918 	 2.9003 	 0.2640
[2025/10/16 10:46:09] - 26 	 20.5 	 	 0.2000 	 4.1093 	 0.2633
[2025/10/16 10:46:09] - ==> Building model..
[2025/10/16 10:46:31] - Test Loss 	 Test Acc 	 PGD Loss 	 PGD Acc
[2025/10/16 10:46:31] - 2.6016 	 	 0.4947 	 2.8915 	 0.2652
[2025/10/16 10:47:11] - 27 	 20.7 	 	 0.2000 	 4.1087 	 0.2666
[2025/10/16 10:47:11] - ==> Building model..
[2025/10/16 10:47:32] - Test Loss 	 Test Acc 	 PGD Loss 	 PGD Acc
[2025/10/16 10:47:32] - 2.5976 	 	 0.4977 	 2.8895 	 0.2650
[2025/10/16 10:48:13] - 28 	 21.7 	 	 0.2000 	 4.1065 	 0.2649
[2025/10/16 10:48:13] - ==> Building model..
[2025/10/16 10:48:33] - Test Loss 	 Test Acc 	 PGD Loss 	 PGD Acc
[2025/10/16 10:48:33] - 2.5936 	 	 0.4975 	 2.8867 	 0.2662
[2025/10/16 10:49:13] - 29 	 21.0 	 	 0.2000 	 4.1054 	 0.2664
[2025/10/16 10:49:13] - ==> Building model..
[2025/10/16 10:49:35] - Test Loss 	 Test Acc 	 PGD Loss 	 PGD Acc
[2025/10/16 10:49:35] - 2.5875 	 	 0.4984 	 2.8815 	 0.2663
[2025/10/16 10:50:15] - 30 	 20.9 	 	 0.2000 	 4.1063 	 0.2659
[2025/10/16 10:50:15] - ==> Building model..
[2025/10/16 10:50:37] - Test Loss 	 Test Acc 	 PGD Loss 	 PGD Acc
[2025/10/16 10:50:37] - 2.5879 	 	 0.5010 	 2.8832 	 0.2673
[2025/10/16 10:51:18] - 31 	 20.8 	 	 0.2000 	 4.1027 	 0.2671
[2025/10/16 10:51:18] - ==> Building model..
[2025/10/16 10:51:38] - Test Loss 	 Test Acc 	 PGD Loss 	 PGD Acc
[2025/10/16 10:51:38] - 2.5855 	 	 0.4999 	 2.8802 	 0.2676
[2025/10/16 10:52:21] - 32 	 22.2 	 	 0.2000 	 4.1017 	 0.2664
[2025/10/16 10:52:21] - ==> Building model..
[2025/10/16 10:52:44] - Test Loss 	 Test Acc 	 PGD Loss 	 PGD Acc
[2025/10/16 10:52:44] - 2.5807 	 	 0.5005 	 2.8765 	 0.2697
[2025/10/16 10:53:26] - 33 	 21.9 	 	 0.2000 	 4.1009 	 0.2692
[2025/10/16 10:53:26] - ==> Building model..
[2025/10/16 10:53:48] - Test Loss 	 Test Acc 	 PGD Loss 	 PGD Acc
[2025/10/16 10:53:48] - 2.5748 	 	 0.5024 	 2.8712 	 0.2701
[2025/10/16 10:54:30] - 34 	 21.6 	 	 0.2000 	 4.1004 	 0.2679
[2025/10/16 10:54:30] - ==> Building model..
[2025/10/16 10:54:51] - Test Loss 	 Test Acc 	 PGD Loss 	 PGD Acc
[2025/10/16 10:54:51] - 2.5694 	 	 0.5013 	 2.8665 	 0.2715
[2025/10/16 10:55:35] - 35 	 21.8 	 	 0.2000 	 4.0975 	 0.2720
[2025/10/16 10:55:35] - ==> Building model..
[2025/10/16 10:55:57] - Test Loss 	 Test Acc 	 PGD Loss 	 PGD Acc
[2025/10/16 10:55:57] - 2.5681 	 	 0.5016 	 2.8656 	 0.2721
[2025/10/16 10:56:41] - 36 	 21.7 	 	 0.2000 	 4.0984 	 0.2685
[2025/10/16 10:56:41] - ==> Building model..
[2025/10/16 10:57:04] - Test Loss 	 Test Acc 	 PGD Loss 	 PGD Acc
[2025/10/16 10:57:04] - 2.5668 	 	 0.5036 	 2.8657 	 0.2742
[2025/10/16 10:57:47] - 37 	 21.4 	 	 0.2000 	 4.0970 	 0.2705
[2025/10/16 10:57:47] - ==> Building model..
[2025/10/16 10:58:08] - Test Loss 	 Test Acc 	 PGD Loss 	 PGD Acc
[2025/10/16 10:58:08] - 2.5677 	 	 0.5049 	 2.8661 	 0.2725
[2025/10/16 10:58:51] - 38 	 21.2 	 	 0.2000 	 4.0950 	 0.2724
[2025/10/16 10:58:51] - ==> Building model..
[2025/10/16 10:59:12] - Test Loss 	 Test Acc 	 PGD Loss 	 PGD Acc
[2025/10/16 10:59:12] - 2.5648 	 	 0.5064 	 2.8634 	 0.2728
[2025/10/16 10:59:57] - 39 	 21.5 	 	 0.2000 	 4.0956 	 0.2727
[2025/10/16 10:59:57] - ==> Building model..
[2025/10/16 11:00:17] - Test Loss 	 Test Acc 	 PGD Loss 	 PGD Acc
[2025/10/16 11:00:17] - 2.5612 	 	 0.5072 	 2.8610 	 0.2739
[2025/10/16 11:01:01] - 40 	 20.8 	 	 0.2000 	 4.0954 	 0.2742
[2025/10/16 11:01:01] - ==> Building model..
[2025/10/16 11:01:22] - Test Loss 	 Test Acc 	 PGD Loss 	 PGD Acc
[2025/10/16 11:01:22] - 2.5620 	 	 0.5090 	 2.8628 	 0.2758
[2025/10/16 11:02:05] - 41 	 21.7 	 	 0.2000 	 4.0959 	 0.2722
[2025/10/16 11:02:05] - ==> Building model..
[2025/10/16 11:02:27] - Test Loss 	 Test Acc 	 PGD Loss 	 PGD Acc
[2025/10/16 11:02:27] - 2.5601 	 	 0.5097 	 2.8602 	 0.2755
[2025/10/16 11:03:12] - 42 	 22.0 	 	 0.2000 	 4.0948 	 0.2718
[2025/10/16 11:03:12] - ==> Building model..
[2025/10/16 11:03:33] - Test Loss 	 Test Acc 	 PGD Loss 	 PGD Acc
[2025/10/16 11:03:33] - 2.5570 	 	 0.5112 	 2.8595 	 0.2759
[2025/10/16 11:04:16] - 43 	 20.6 	 	 0.2000 	 4.0934 	 0.2726
[2025/10/16 11:04:16] - ==> Building model..
[2025/10/16 11:04:37] - Test Loss 	 Test Acc 	 PGD Loss 	 PGD Acc
[2025/10/16 11:04:37] - 2.5542 	 	 0.5108 	 2.8573 	 0.2778
[2025/10/16 11:05:20] - 44 	 20.8 	 	 0.2000 	 4.0929 	 0.2734
[2025/10/16 11:05:20] - ==> Building model..
[2025/10/16 11:05:42] - Test Loss 	 Test Acc 	 PGD Loss 	 PGD Acc
[2025/10/16 11:05:42] - 2.5490 	 	 0.5137 	 2.8541 	 0.2797
[2025/10/16 11:06:26] - 45 	 21.8 	 	 0.2000 	 4.0920 	 0.2756
[2025/10/16 11:06:26] - ==> Building model..
[2025/10/16 11:06:47] - Test Loss 	 Test Acc 	 PGD Loss 	 PGD Acc
[2025/10/16 11:06:47] - 2.5504 	 	 0.5119 	 2.8546 	 0.2785
[2025/10/16 11:07:31] - 46 	 22.0 	 	 0.2000 	 4.0899 	 0.2753
[2025/10/16 11:07:31] - ==> Building model..
[2025/10/16 11:07:53] - Test Loss 	 Test Acc 	 PGD Loss 	 PGD Acc
[2025/10/16 11:07:53] - 2.5514 	 	 0.5106 	 2.8557 	 0.2778
[2025/10/16 11:08:35] - 47 	 20.8 	 	 0.2000 	 4.0922 	 0.2715
[2025/10/16 11:08:35] - ==> Building model..
[2025/10/16 11:08:58] - Test Loss 	 Test Acc 	 PGD Loss 	 PGD Acc
[2025/10/16 11:08:58] - 2.5501 	 	 0.5093 	 2.8542 	 0.2795
[2025/10/16 11:09:39] - 48 	 21.3 	 	 0.2000 	 4.0886 	 0.2786
[2025/10/16 11:09:39] - ==> Building model..
[2025/10/16 11:10:01] - Test Loss 	 Test Acc 	 PGD Loss 	 PGD Acc
[2025/10/16 11:10:01] - 2.5494 	 	 0.5114 	 2.8537 	 0.2790
[2025/10/16 11:10:42] - 49 	 20.8 	 	 0.2000 	 4.0904 	 0.2759
[2025/10/16 11:10:42] - ==> Building model..
[2025/10/16 11:11:04] - Test Loss 	 Test Acc 	 PGD Loss 	 PGD Acc
[2025/10/16 11:11:04] - 2.5493 	 	 0.5111 	 2.8537 	 0.2800
[2025/10/16 11:11:45] - 50 	 21.4 	 	 0.2000 	 4.0888 	 0.2762
[2025/10/16 11:11:45] - ==> Building model..
[2025/10/16 11:12:08] - Test Loss 	 Test Acc 	 PGD Loss 	 PGD Acc
[2025/10/16 11:12:08] - 2.5489 	 	 0.5126 	 2.8537 	 0.2802
[2025/10/16 11:12:48] - 51 	 21.5 	 	 0.2000 	 4.0894 	 0.2743
[2025/10/16 11:12:48] - ==> Building model..
[2025/10/16 11:13:10] - Test Loss 	 Test Acc 	 PGD Loss 	 PGD Acc
[2025/10/16 11:13:10] - 2.5474 	 	 0.5134 	 2.8527 	 0.2799
[2025/10/16 11:13:51] - 52 	 21.2 	 	 0.2000 	 4.0902 	 0.2759
[2025/10/16 11:13:51] - ==> Building model..
[2025/10/16 11:14:10] - Test Loss 	 Test Acc 	 PGD Loss 	 PGD Acc
[2025/10/16 11:14:10] - 2.5473 	 	 0.5142 	 2.8527 	 0.2810
[2025/10/16 11:14:47] - 53 	 18.6 	 	 0.2000 	 4.0894 	 0.2765
[2025/10/16 11:14:47] - ==> Building model..
[2025/10/16 11:15:10] - Test Loss 	 Test Acc 	 PGD Loss 	 PGD Acc
[2025/10/16 11:15:10] - 2.5485 	 	 0.5144 	 2.8524 	 0.2813
[2025/10/16 11:15:49] - 54 	 20.4 	 	 0.2000 	 4.0912 	 0.2758
[2025/10/16 11:15:49] - ==> Building model..
[2025/10/16 11:16:06] - Test Loss 	 Test Acc 	 PGD Loss 	 PGD Acc
[2025/10/16 11:16:06] - 2.5491 	 	 0.5161 	 2.8528 	 0.2809
[2025/10/16 11:16:46] - 55 	 20.4 	 	 0.2000 	 4.0914 	 0.2776
[2025/10/16 11:16:46] - ==> Building model..
[2025/10/16 11:17:08] - Test Loss 	 Test Acc 	 PGD Loss 	 PGD Acc
[2025/10/16 11:17:08] - 2.5492 	 	 0.5159 	 2.8529 	 0.2814
[2025/10/16 11:17:50] - 56 	 21.3 	 	 0.2000 	 4.0919 	 0.2760
[2025/10/16 11:17:50] - ==> Building model..
[2025/10/16 11:18:11] - Test Loss 	 Test Acc 	 PGD Loss 	 PGD Acc
[2025/10/16 11:18:11] - 2.5516 	 	 0.5163 	 2.8550 	 0.2828
[2025/10/16 11:18:49] - 57 	 19.1 	 	 0.2000 	 4.0941 	 0.2775
[2025/10/16 11:18:49] - ==> Building model..
[2025/10/16 11:19:11] - Test Loss 	 Test Acc 	 PGD Loss 	 PGD Acc
[2025/10/16 11:19:11] - 2.5554 	 	 0.5167 	 2.8579 	 0.2823
[2025/10/16 11:19:51] - 58 	 21.5 	 	 0.2000 	 4.0933 	 0.2794
[2025/10/16 11:19:51] - ==> Building model..
[2025/10/16 11:20:12] - Test Loss 	 Test Acc 	 PGD Loss 	 PGD Acc
[2025/10/16 11:20:12] - 2.5600 	 	 0.5160 	 2.8611 	 0.2823
[2025/10/16 11:20:54] - 59 	 21.6 	 	 0.2000 	 4.0950 	 0.2781
[2025/10/16 11:20:54] - ==> Building model..
[2025/10/16 11:21:16] - Test Loss 	 Test Acc 	 PGD Loss 	 PGD Acc
[2025/10/16 11:21:16] - 2.5649 	 	 0.5142 	 2.8641 	 0.2817
[2025/10/16 11:21:57] - 60 	 21.3 	 	 0.2000 	 4.0926 	 0.2800
[2025/10/16 11:21:57] - ==> Building model..
[2025/10/16 11:22:18] - Test Loss 	 Test Acc 	 PGD Loss 	 PGD Acc
[2025/10/16 11:22:18] - 2.5676 	 	 0.5155 	 2.8662 	 0.2810
[2025/10/16 11:23:01] - 61 	 22.3 	 	 0.2000 	 4.0934 	 0.2771
[2025/10/16 11:23:01] - ==> Building model..
[2025/10/16 11:23:22] - Test Loss 	 Test Acc 	 PGD Loss 	 PGD Acc
[2025/10/16 11:23:22] - 2.5704 	 	 0.5152 	 2.8679 	 0.2818
[2025/10/16 11:24:01] - 62 	 19.4 	 	 0.2000 	 4.0939 	 0.2771
[2025/10/16 11:24:01] - ==> Building model..
[2025/10/16 11:24:20] - Test Loss 	 Test Acc 	 PGD Loss 	 PGD Acc
[2025/10/16 11:24:20] - 2.5728 	 	 0.5151 	 2.8688 	 0.2812
[2025/10/16 11:24:56] - 63 	 17.2 	 	 0.2000 	 4.0941 	 0.2763
[2025/10/16 11:24:56] - ==> Building model..
[2025/10/16 11:25:15] - Test Loss 	 Test Acc 	 PGD Loss 	 PGD Acc
[2025/10/16 11:25:15] - 2.5739 	 	 0.5145 	 2.8697 	 0.2815
[2025/10/16 11:25:52] - 64 	 18.1 	 	 0.2000 	 4.0916 	 0.2797
[2025/10/16 11:25:52] - ==> Building model..
[2025/10/16 11:26:13] - Test Loss 	 Test Acc 	 PGD Loss 	 PGD Acc
[2025/10/16 11:26:13] - 2.5756 	 	 0.5143 	 2.8707 	 0.2815
[2025/10/16 11:26:54] - 65 	 20.9 	 	 0.2000 	 4.0921 	 0.2799
[2025/10/16 11:26:54] - ==> Building model..
[2025/10/16 11:27:16] - Test Loss 	 Test Acc 	 PGD Loss 	 PGD Acc
[2025/10/16 11:27:16] - 2.5788 	 	 0.5145 	 2.8730 	 0.2819
[2025/10/16 11:27:56] - 66 	 20.9 	 	 0.2000 	 4.0927 	 0.2785
[2025/10/16 11:27:56] - ==> Building model..
[2025/10/16 11:28:17] - Test Loss 	 Test Acc 	 PGD Loss 	 PGD Acc
[2025/10/16 11:28:17] - 2.5819 	 	 0.5146 	 2.8749 	 0.2827
[2025/10/16 11:28:57] - 67 	 20.4 	 	 0.2000 	 4.0931 	 0.2780
[2025/10/16 11:28:57] - ==> Building model..
[2025/10/16 11:29:12] - Test Loss 	 Test Acc 	 PGD Loss 	 PGD Acc
[2025/10/16 11:29:12] - 2.5839 	 	 0.5158 	 2.8770 	 0.2820
[2025/10/16 11:29:48] - 68 	 17.2 	 	 0.2000 	 4.0920 	 0.2795
[2025/10/16 11:29:48] - ==> Building model..
[2025/10/16 11:30:11] - Test Loss 	 Test Acc 	 PGD Loss 	 PGD Acc
[2025/10/16 11:30:11] - 2.5842 	 	 0.5162 	 2.8772 	 0.2826
[2025/10/16 11:30:52] - 69 	 21.0 	 	 0.2000 	 4.0926 	 0.2789
[2025/10/16 11:30:52] - ==> Building model..
[2025/10/16 11:31:14] - Test Loss 	 Test Acc 	 PGD Loss 	 PGD Acc
[2025/10/16 11:31:14] - 2.5853 	 	 0.5175 	 2.8775 	 0.2818
[2025/10/16 11:31:55] - 70 	 21.4 	 	 0.2000 	 4.0929 	 0.2801
[2025/10/16 11:31:55] - ==> Building model..
[2025/10/16 11:32:17] - Test Loss 	 Test Acc 	 PGD Loss 	 PGD Acc
[2025/10/16 11:32:17] - 2.5870 	 	 0.5164 	 2.8791 	 0.2829
[2025/10/16 11:32:55] - 71 	 18.2 	 	 0.2000 	 4.0916 	 0.2795
[2025/10/16 11:32:55] - ==> Building model..
[2025/10/16 11:33:15] - Test Loss 	 Test Acc 	 PGD Loss 	 PGD Acc
[2025/10/16 11:33:15] - 2.5881 	 	 0.5172 	 2.8794 	 0.2827
[2025/10/16 11:33:57] - 72 	 21.4 	 	 0.2000 	 4.0920 	 0.2749
[2025/10/16 11:33:57] - ==> Building model..
[2025/10/16 11:34:16] - Test Loss 	 Test Acc 	 PGD Loss 	 PGD Acc
[2025/10/16 11:34:16] - 2.5890 	 	 0.5175 	 2.8809 	 0.2824
[2025/10/16 11:34:56] - 73 	 21.1 	 	 0.2000 	 4.0908 	 0.2787
[2025/10/16 11:34:56] - ==> Building model..
[2025/10/16 11:35:20] - Test Loss 	 Test Acc 	 PGD Loss 	 PGD Acc
[2025/10/16 11:35:20] - 2.5892 	 	 0.5172 	 2.8806 	 0.2826
[2025/10/16 11:36:01] - 74 	 22.2 	 	 0.2000 	 4.0934 	 0.2755
[2025/10/16 11:36:01] - ==> Building model..
[2025/10/16 11:36:23] - Test Loss 	 Test Acc 	 PGD Loss 	 PGD Acc
[2025/10/16 11:36:23] - 2.5900 	 	 0.5165 	 2.8813 	 0.2837
[2025/10/16 11:37:04] - 75 	 21.8 	 	 0.2000 	 4.0917 	 0.2789
[2025/10/16 11:37:04] - ==> Building model..
[2025/10/16 11:37:24] - Test Loss 	 Test Acc 	 PGD Loss 	 PGD Acc
[2025/10/16 11:37:24] - 2.5906 	 	 0.5173 	 2.8820 	 0.2840
[2025/10/16 11:38:05] - 76 	 21.0 	 	 0.2000 	 4.0918 	 0.2784
[2025/10/16 11:38:05] - ==> Building model..
[2025/10/16 11:38:26] - Test Loss 	 Test Acc 	 PGD Loss 	 PGD Acc
[2025/10/16 11:38:26] - 2.5913 	 	 0.5169 	 2.8825 	 0.2841
[2025/10/16 11:39:08] - 77 	 21.8 	 	 0.2000 	 4.0912 	 0.2796
[2025/10/16 11:39:08] - ==> Building model..
[2025/10/16 11:39:29] - Test Loss 	 Test Acc 	 PGD Loss 	 PGD Acc
[2025/10/16 11:39:29] - 2.5915 	 	 0.5171 	 2.8829 	 0.2844
[2025/10/16 11:40:11] - 78 	 21.7 	 	 0.2000 	 4.0923 	 0.2777
[2025/10/16 11:40:11] - ==> Building model..
[2025/10/16 11:40:31] - Test Loss 	 Test Acc 	 PGD Loss 	 PGD Acc
[2025/10/16 11:40:31] - 2.5921 	 	 0.5163 	 2.8825 	 0.2831
[2025/10/16 11:41:12] - 79 	 21.9 	 	 0.2000 	 4.0908 	 0.2808
[2025/10/16 11:41:12] - ==> Building model..
[2025/10/16 11:41:35] - Test Loss 	 Test Acc 	 PGD Loss 	 PGD Acc
[2025/10/16 11:41:35] - 2.5923 	 	 0.5172 	 2.8826 	 0.2831
[2025/10/16 11:42:16] - 80 	 21.5 	 	 0.2000 	 4.0899 	 0.2797
[2025/10/16 11:42:16] - ==> Building model..
[2025/10/16 11:42:37] - Test Loss 	 Test Acc 	 PGD Loss 	 PGD Acc
[2025/10/16 11:42:37] - 2.5914 	 	 0.5174 	 2.8826 	 0.2836
[2025/10/16 11:43:18] - 81 	 21.2 	 	 0.2000 	 4.0906 	 0.2801
[2025/10/16 11:43:18] - ==> Building model..
[2025/10/16 11:43:39] - Test Loss 	 Test Acc 	 PGD Loss 	 PGD Acc
[2025/10/16 11:43:39] - 2.5907 	 	 0.5175 	 2.8817 	 0.2835
[2025/10/16 11:44:20] - 82 	 18.7 	 	 0.2000 	 4.0918 	 0.2805
[2025/10/16 11:44:20] - ==> Building model..
[2025/10/16 11:44:39] - Test Loss 	 Test Acc 	 PGD Loss 	 PGD Acc
[2025/10/16 11:44:39] - 2.5902 	 	 0.5186 	 2.8817 	 0.2849
[2025/10/16 11:45:17] - 83 	 18.3 	 	 0.2000 	 4.0885 	 0.2812
[2025/10/16 11:45:17] - ==> Building model..
[2025/10/16 11:45:37] - Test Loss 	 Test Acc 	 PGD Loss 	 PGD Acc
[2025/10/16 11:45:37] - 2.5909 	 	 0.5188 	 2.8824 	 0.2842
[2025/10/16 11:46:16] - 84 	 19.3 	 	 0.2000 	 4.0917 	 0.2780
[2025/10/16 11:46:16] - ==> Building model..
[2025/10/16 11:46:38] - Test Loss 	 Test Acc 	 PGD Loss 	 PGD Acc
[2025/10/16 11:46:38] - 2.5900 	 	 0.5179 	 2.8819 	 0.2848
[2025/10/16 11:47:16] - 85 	 18.8 	 	 0.2000 	 4.0911 	 0.2792
[2025/10/16 11:47:16] - ==> Building model..
[2025/10/16 11:47:34] - Test Loss 	 Test Acc 	 PGD Loss 	 PGD Acc
[2025/10/16 11:47:34] - 2.5902 	 	 0.5180 	 2.8818 	 0.2866
[2025/10/16 11:48:14] - 86 	 20.7 	 	 0.2000 	 4.0902 	 0.2796
[2025/10/16 11:48:14] - ==> Building model..
[2025/10/16 11:48:36] - Test Loss 	 Test Acc 	 PGD Loss 	 PGD Acc
[2025/10/16 11:48:36] - 2.5900 	 	 0.5181 	 2.8822 	 0.2868
[2025/10/16 11:49:17] - 87 	 21.6 	 	 0.2000 	 4.0897 	 0.2801
[2025/10/16 11:49:17] - ==> Building model..
[2025/10/16 11:49:38] - Test Loss 	 Test Acc 	 PGD Loss 	 PGD Acc
[2025/10/16 11:49:38] - 2.5895 	 	 0.5181 	 2.8815 	 0.2857
[2025/10/16 11:50:20] - 88 	 21.5 	 	 0.2000 	 4.0924 	 0.2776
[2025/10/16 11:50:20] - ==> Building model..
[2025/10/16 11:50:41] - Test Loss 	 Test Acc 	 PGD Loss 	 PGD Acc
[2025/10/16 11:50:41] - 2.5900 	 	 0.5173 	 2.8820 	 0.2854
[2025/10/16 11:51:21] - 89 	 20.4 	 	 0.2000 	 4.0907 	 0.2795
[2025/10/16 11:51:21] - ==> Building model..
[2025/10/16 11:51:43] - Test Loss 	 Test Acc 	 PGD Loss 	 PGD Acc
[2025/10/16 11:51:43] - 2.5912 	 	 0.5183 	 2.8825 	 0.2865
[2025/10/16 11:52:22] - 90 	 20.5 	 	 0.0200 	 3.9950 	 0.3417
[2025/10/16 11:52:22] - ==> Building model..
[2025/10/16 11:52:38] - Test Loss 	 Test Acc 	 PGD Loss 	 PGD Acc
[2025/10/16 11:52:38] - 2.5884 	 	 0.5192 	 2.8806 	 0.2864
[2025/10/16 11:53:19] - 91 	 21.3 	 	 0.0200 	 3.9027 	 0.4027
[2025/10/16 11:53:19] - ==> Building model..
[2025/10/16 11:53:37] - Test Loss 	 Test Acc 	 PGD Loss 	 PGD Acc
[2025/10/16 11:53:37] - 2.5875 	 	 0.5194 	 2.8798 	 0.2855
[2025/10/16 11:54:17] - 92 	 20.6 	 	 0.0200 	 3.8759 	 0.4179
[2025/10/16 11:54:17] - ==> Building model..
[2025/10/16 11:54:39] - Test Loss 	 Test Acc 	 PGD Loss 	 PGD Acc
[2025/10/16 11:54:39] - 2.5873 	 	 0.5197 	 2.8802 	 0.2860
[2025/10/16 11:55:20] - 93 	 21.0 	 	 0.0200 	 3.8589 	 0.4314
[2025/10/16 11:55:20] - ==> Building model..
[2025/10/16 11:55:42] - Test Loss 	 Test Acc 	 PGD Loss 	 PGD Acc
[2025/10/16 11:55:42] - 2.5879 	 	 0.5197 	 2.8807 	 0.2866
[2025/10/16 11:56:23] - 94 	 20.9 	 	 0.0200 	 3.8434 	 0.4430
[2025/10/16 11:56:23] - ==> Building model..
[2025/10/16 11:56:41] - Test Loss 	 Test Acc 	 PGD Loss 	 PGD Acc
[2025/10/16 11:56:41] - 2.5897 	 	 0.5200 	 2.8823 	 0.2864
[2025/10/16 11:57:21] - 95 	 20.9 	 	 0.0200 	 3.8312 	 0.4531
[2025/10/16 11:57:21] - ==> Building model..
[2025/10/16 11:57:43] - Test Loss 	 Test Acc 	 PGD Loss 	 PGD Acc
[2025/10/16 11:57:43] - 2.5943 	 	 0.5203 	 2.8864 	 0.2861
[2025/10/16 11:58:24] - 96 	 21.2 	 	 0.0200 	 3.8216 	 0.4589
[2025/10/16 11:58:24] - ==> Building model..
[2025/10/16 11:58:46] - Test Loss 	 Test Acc 	 PGD Loss 	 PGD Acc
[2025/10/16 11:58:46] - 2.5965 	 	 0.5201 	 2.8877 	 0.2862
[2025/10/16 11:59:27] - 97 	 20.9 	 	 0.0200 	 3.8120 	 0.4662
[2025/10/16 11:59:27] - ==> Building model..
[2025/10/16 11:59:49] - Test Loss 	 Test Acc 	 PGD Loss 	 PGD Acc
[2025/10/16 11:59:49] - 2.5965 	 	 0.5201 	 2.8881 	 0.2863
[2025/10/16 12:00:30] - 98 	 20.9 	 	 0.0200 	 3.8046 	 0.4717
[2025/10/16 12:00:30] - ==> Building model..
[2025/10/16 12:00:52] - Test Loss 	 Test Acc 	 PGD Loss 	 PGD Acc
[2025/10/16 12:00:52] - 2.5986 	 	 0.5196 	 2.8899 	 0.2866
[2025/10/16 12:01:32] - 99 	 20.4 	 	 0.0200 	 3.7973 	 0.4780
[2025/10/16 12:01:32] - ==> Building model..
[2025/10/16 12:01:54] - Test Loss 	 Test Acc 	 PGD Loss 	 PGD Acc
[2025/10/16 12:01:54] - 2.5999 	 	 0.5196 	 2.8903 	 0.2866
[2025/10/16 12:01:54] - [0.0854, 0.1457, 0.1818, 0.2358, 0.2706, 0.3077, 0.3466, 0.3813, 0.4009, 0.4135, 0.4268, 0.439, 0.4466, 0.4503, 0.4549, 0.4608, 0.4654, 0.4707, 0.4761, 0.4757, 0.4771, 0.4837, 0.4873, 0.4865, 0.4903, 0.4918, 0.4947, 0.4977, 0.4975, 0.4984, 0.501, 0.4999, 0.5005, 0.5024, 0.5013, 0.5016, 0.5036, 0.5049, 0.5064, 0.5072, 0.509, 0.5097, 0.5112, 0.5108, 0.5137, 0.5119, 0.5106, 0.5093, 0.5114, 0.5111, 0.5126, 0.5134, 0.5142, 0.5144, 0.5161, 0.5159, 0.5163, 0.5167, 0.516, 0.5142, 0.5155, 0.5152, 0.5151, 0.5145, 0.5143, 0.5145, 0.5146, 0.5158, 0.5162, 0.5175, 0.5164, 0.5172, 0.5175, 0.5172, 0.5165, 0.5173, 0.5169, 0.5171, 0.5163, 0.5172, 0.5174, 0.5175, 0.5186, 0.5188, 0.5179, 0.518, 0.5181, 0.5181, 0.5173, 0.5183, 0.5192, 0.5194, 0.5197, 0.5197, 0.52, 0.5203, 0.5201, 0.5201, 0.5196, 0.5196]
[2025/10/16 12:01:54] - [0.0558, 0.0961, 0.111, 0.1376, 0.1598, 0.1775, 0.1933, 0.2056, 0.2161, 0.2245, 0.2314, 0.2359, 0.2391, 0.2436, 0.2486, 0.2493, 0.2518, 0.2519, 0.2563, 0.2566, 0.2557, 0.2574, 0.2605, 0.2616, 0.2645, 0.264, 0.2652, 0.265, 0.2662, 0.2663, 0.2673, 0.2676, 0.2697, 0.2701, 0.2715, 0.2721, 0.2742, 0.2725, 0.2728, 0.2739, 0.2758, 0.2755, 0.2759, 0.2778, 0.2797, 0.2785, 0.2778, 0.2795, 0.279, 0.28, 0.2802, 0.2799, 0.281, 0.2813, 0.2809, 0.2814, 0.2828, 0.2823, 0.2823, 0.2817, 0.281, 0.2818, 0.2812, 0.2815, 0.2815, 0.2819, 0.2827, 0.282, 0.2826, 0.2818, 0.2829, 0.2827, 0.2824, 0.2826, 0.2837, 0.284, 0.2841, 0.2844, 0.2831, 0.2831, 0.2836, 0.2835, 0.2849, 0.2842, 0.2848, 0.2866, 0.2868, 0.2857, 0.2854, 0.2865, 0.2864, 0.2855, 0.286, 0.2866, 0.2864, 0.2861, 0.2862, 0.2863, 0.2866, 0.2866]
