[2025/09/30 23:57:08] - Namespace(batch_size=128, data_dir='cifar-data', epochs=120, lr_schedule='multistep', lr_min=0.0, lr_max=0.1, weight_decay=0.0005, momentum=0.9, model='ResNet18', epsilon=8, alpha=8, delta_init='random', normal_mean=0, normal_std=1, out_dir='./output/CIFAR10/beta_0.6/lam_scale_0.08', seed=0, lamda=12, lam_scale=0.08, lam_max=45, lam_start=40, gamma=0.15, inner_gamma=0.15, beta=0.6, mu=3.5, batch_m=0.75, early_stop=False, factor=0.7, length=4, n_holes=1, c_num=0.125, EMA_value=0.82)
[2025/09/30 23:57:10] - ==> Building model..
[2025/09/30 23:57:11] - Epoch 	 Seconds 	 LR 	 	 Train Loss 	 Train Acc
[2025/09/30 23:59:09] - 0 	 99.8 	 	 0.1000 	 2.2343 	 0.2270
[2025/09/30 23:59:09] - ==> Building model..
[2025/10/01 00:00:14] - Test Loss 	 Test Acc 	 PGD Loss 	 PGD Acc
[2025/10/01 00:00:14] - 1.8346 	 	 0.3974 	 1.8904 	 0.2752
[2025/10/01 00:02:05] - 1 	 93.9 	 	 0.1000 	 2.1345 	 0.3028
[2025/10/01 00:02:05] - ==> Building model..
[2025/10/01 00:03:08] - Test Loss 	 Test Acc 	 PGD Loss 	 PGD Acc
[2025/10/01 00:03:08] - 1.7222 	 	 0.4580 	 1.7963 	 0.3145
[2025/10/01 00:05:00] - 2 	 93.5 	 	 0.1000 	 2.0963 	 0.3428
[2025/10/01 00:05:00] - ==> Building model..
[2025/10/01 00:06:05] - Test Loss 	 Test Acc 	 PGD Loss 	 PGD Acc
[2025/10/01 00:06:05] - 1.6463 	 	 0.5072 	 1.7353 	 0.3387
[2025/10/01 00:07:56] - 3 	 92.1 	 	 0.1000 	 2.0678 	 0.3701
[2025/10/01 00:07:56] - ==> Building model..
[2025/10/01 00:09:00] - Test Loss 	 Test Acc 	 PGD Loss 	 PGD Acc
[2025/10/01 00:09:00] - 1.5845 	 	 0.5523 	 1.6866 	 0.3681
[2025/10/01 00:10:52] - 4 	 94.3 	 	 0.1000 	 2.0421 	 0.3960
[2025/10/01 00:10:52] - ==> Building model..
[2025/10/01 00:11:55] - Test Loss 	 Test Acc 	 PGD Loss 	 PGD Acc
[2025/10/01 00:11:55] - 1.5430 	 	 0.5833 	 1.6540 	 0.3941
[2025/10/01 00:13:47] - 5 	 93.4 	 	 0.1000 	 2.0184 	 0.4207
[2025/10/01 00:13:47] - ==> Building model..
[2025/10/01 00:14:52] - Test Loss 	 Test Acc 	 PGD Loss 	 PGD Acc
[2025/10/01 00:14:52] - 1.5189 	 	 0.6079 	 1.6369 	 0.4118
[2025/10/01 00:16:43] - 6 	 92.1 	 	 0.1000 	 1.9977 	 0.4409
[2025/10/01 00:16:43] - ==> Building model..
[2025/10/01 00:17:47] - Test Loss 	 Test Acc 	 PGD Loss 	 PGD Acc
[2025/10/01 00:17:47] - 1.5004 	 	 0.6261 	 1.6231 	 0.4289
[2025/10/01 00:19:41] - 7 	 94.8 	 	 0.1000 	 1.9828 	 0.4556
[2025/10/01 00:19:41] - ==> Building model..
[2025/10/01 00:20:44] - Test Loss 	 Test Acc 	 PGD Loss 	 PGD Acc
[2025/10/01 00:20:44] - 1.4895 	 	 0.6392 	 1.6147 	 0.4410
[2025/10/01 00:22:37] - 8 	 94.0 	 	 0.1000 	 1.9685 	 0.4693
[2025/10/01 00:22:37] - ==> Building model..
[2025/10/01 00:23:43] - Test Loss 	 Test Acc 	 PGD Loss 	 PGD Acc
[2025/10/01 00:23:43] - 1.4908 	 	 0.6485 	 1.6167 	 0.4518
[2025/10/01 00:25:34] - 9 	 92.8 	 	 0.1000 	 1.9545 	 0.4829
[2025/10/01 00:25:34] - ==> Building model..
[2025/10/01 00:26:39] - Test Loss 	 Test Acc 	 PGD Loss 	 PGD Acc
[2025/10/01 00:26:39] - 1.4942 	 	 0.6531 	 1.6205 	 0.4603
[2025/10/01 00:28:33] - 10 	 95.0 	 	 0.1000 	 1.9449 	 0.4929
[2025/10/01 00:28:33] - ==> Building model..
[2025/10/01 00:29:36] - Test Loss 	 Test Acc 	 PGD Loss 	 PGD Acc
[2025/10/01 00:29:36] - 1.4953 	 	 0.6599 	 1.6218 	 0.4678
[2025/10/01 00:31:28] - 11 	 94.1 	 	 0.1000 	 1.9378 	 0.5036
[2025/10/01 00:31:28] - ==> Building model..
[2025/10/01 00:32:35] - Test Loss 	 Test Acc 	 PGD Loss 	 PGD Acc
[2025/10/01 00:32:35] - 1.4780 	 	 0.6726 	 1.6076 	 0.4790
[2025/10/01 00:34:26] - 12 	 92.7 	 	 0.1000 	 1.9327 	 0.5081
[2025/10/01 00:34:26] - ==> Building model..
[2025/10/01 00:35:31] - Test Loss 	 Test Acc 	 PGD Loss 	 PGD Acc
[2025/10/01 00:35:31] - 1.4423 	 	 0.6847 	 1.5781 	 0.4869
[2025/10/01 00:37:25] - 13 	 94.9 	 	 0.1000 	 1.9273 	 0.5120
[2025/10/01 00:37:25] - ==> Building model..
[2025/10/01 00:38:27] - Test Loss 	 Test Acc 	 PGD Loss 	 PGD Acc
[2025/10/01 00:38:27] - 1.4010 	 	 0.6973 	 1.5453 	 0.4927
[2025/10/01 00:40:20] - 14 	 94.1 	 	 0.1000 	 1.9192 	 0.5215
[2025/10/01 00:40:20] - ==> Building model..
[2025/10/01 00:41:25] - Test Loss 	 Test Acc 	 PGD Loss 	 PGD Acc
[2025/10/01 00:41:25] - 1.3598 	 	 0.7095 	 1.5131 	 0.4990
[2025/10/01 00:43:16] - 15 	 92.3 	 	 0.1000 	 1.9169 	 0.5220
[2025/10/01 00:43:16] - ==> Building model..
[2025/10/01 00:44:21] - Test Loss 	 Test Acc 	 PGD Loss 	 PGD Acc
[2025/10/01 00:44:21] - 1.3257 	 	 0.7184 	 1.4864 	 0.5040
[2025/10/01 00:46:13] - 16 	 94.8 	 	 0.1000 	 1.9121 	 0.5266
[2025/10/01 00:46:13] - ==> Building model..
[2025/10/01 00:47:16] - Test Loss 	 Test Acc 	 PGD Loss 	 PGD Acc
[2025/10/01 00:47:16] - 1.3002 	 	 0.7263 	 1.4660 	 0.5071
[2025/10/01 00:49:07] - 17 	 93.7 	 	 0.1000 	 1.9079 	 0.5326
[2025/10/01 00:49:07] - ==> Building model..
[2025/10/01 00:50:13] - Test Loss 	 Test Acc 	 PGD Loss 	 PGD Acc
[2025/10/01 00:50:13] - 1.2828 	 	 0.7289 	 1.4522 	 0.5098
[2025/10/01 00:51:40] - 18 	 69.1 	 	 0.1000 	 1.9057 	 0.5345
[2025/10/01 00:51:40] - ==> Building model..
[2025/10/01 00:52:41] - Test Loss 	 Test Acc 	 PGD Loss 	 PGD Acc
[2025/10/01 00:52:41] - 1.2686 	 	 0.7328 	 1.4410 	 0.5137
[2025/10/01 00:54:34] - 19 	 95.5 	 	 0.1000 	 1.8999 	 0.5384
[2025/10/01 00:54:34] - ==> Building model..
[2025/10/01 00:55:36] - Test Loss 	 Test Acc 	 PGD Loss 	 PGD Acc
[2025/10/01 00:55:36] - 1.2592 	 	 0.7346 	 1.4329 	 0.5166
[2025/10/01 00:57:28] - 20 	 94.1 	 	 0.1000 	 1.8980 	 0.5412
[2025/10/01 00:57:28] - ==> Building model..
[2025/10/01 00:58:32] - Test Loss 	 Test Acc 	 PGD Loss 	 PGD Acc
[2025/10/01 00:58:32] - 1.2512 	 	 0.7370 	 1.4264 	 0.5184
[2025/10/01 01:00:26] - 21 	 95.8 	 	 0.1000 	 1.8950 	 0.5450
[2025/10/01 01:00:26] - ==> Building model..
[2025/10/01 01:01:27] - Test Loss 	 Test Acc 	 PGD Loss 	 PGD Acc
[2025/10/01 01:01:27] - 1.2424 	 	 0.7389 	 1.4192 	 0.5225
[2025/10/01 01:03:21] - 22 	 95.7 	 	 0.1000 	 1.8948 	 0.5462
[2025/10/01 01:03:21] - ==> Building model..
[2025/10/01 01:04:23] - Test Loss 	 Test Acc 	 PGD Loss 	 PGD Acc
[2025/10/01 01:04:23] - 1.2378 	 	 0.7425 	 1.4158 	 0.5244
[2025/10/01 01:06:16] - 23 	 94.2 	 	 0.1000 	 1.8917 	 0.5507
[2025/10/01 01:06:16] - ==> Building model..
[2025/10/01 01:07:19] - Test Loss 	 Test Acc 	 PGD Loss 	 PGD Acc
[2025/10/01 01:07:19] - 1.2330 	 	 0.7437 	 1.4121 	 0.5261
[2025/10/01 01:09:13] - 24 	 96.0 	 	 0.1000 	 1.8882 	 0.5513
[2025/10/01 01:09:13] - ==> Building model..
[2025/10/01 01:10:15] - Test Loss 	 Test Acc 	 PGD Loss 	 PGD Acc
[2025/10/01 01:10:15] - 1.2275 	 	 0.7462 	 1.4077 	 0.5274
[2025/10/01 01:12:08] - 25 	 95.5 	 	 0.1000 	 1.8859 	 0.5574
[2025/10/01 01:12:08] - ==> Building model..
[2025/10/01 01:13:10] - Test Loss 	 Test Acc 	 PGD Loss 	 PGD Acc
[2025/10/01 01:13:10] - 1.2239 	 	 0.7497 	 1.4047 	 0.5301
[2025/10/01 01:15:02] - 26 	 94.1 	 	 0.1000 	 1.8845 	 0.5526
[2025/10/01 01:15:02] - ==> Building model..
[2025/10/01 01:16:05] - Test Loss 	 Test Acc 	 PGD Loss 	 PGD Acc
[2025/10/01 01:16:05] - 1.2205 	 	 0.7494 	 1.4016 	 0.5311
[2025/10/01 01:17:59] - 27 	 95.9 	 	 0.1000 	 1.8831 	 0.5569
[2025/10/01 01:17:59] - ==> Building model..
[2025/10/01 01:19:01] - Test Loss 	 Test Acc 	 PGD Loss 	 PGD Acc
[2025/10/01 01:19:01] - 1.2172 	 	 0.7520 	 1.3988 	 0.5345
[2025/10/01 01:20:55] - 28 	 95.9 	 	 0.1000 	 1.8816 	 0.5556
[2025/10/01 01:20:55] - ==> Building model..
[2025/10/01 01:21:57] - Test Loss 	 Test Acc 	 PGD Loss 	 PGD Acc
[2025/10/01 01:21:57] - 1.2140 	 	 0.7528 	 1.3965 	 0.5339
[2025/10/01 01:23:49] - 29 	 93.8 	 	 0.1000 	 1.8799 	 0.5586
[2025/10/01 01:23:49] - ==> Building model..
[2025/10/01 01:24:53] - Test Loss 	 Test Acc 	 PGD Loss 	 PGD Acc
[2025/10/01 01:24:53] - 1.2092 	 	 0.7559 	 1.3930 	 0.5358
[2025/10/01 01:26:46] - 30 	 95.8 	 	 0.1000 	 1.8803 	 0.5596
[2025/10/01 01:26:46] - ==> Building model..
[2025/10/01 01:27:48] - Test Loss 	 Test Acc 	 PGD Loss 	 PGD Acc
[2025/10/01 01:27:48] - 1.2074 	 	 0.7565 	 1.3914 	 0.5379
[2025/10/01 01:29:41] - 31 	 94.8 	 	 0.1000 	 1.8775 	 0.5633
[2025/10/01 01:29:41] - ==> Building model..
[2025/10/01 01:30:44] - Test Loss 	 Test Acc 	 PGD Loss 	 PGD Acc
[2025/10/01 01:30:44] - 1.2045 	 	 0.7563 	 1.3894 	 0.5385
[2025/10/01 01:32:35] - 32 	 93.6 	 	 0.1000 	 1.8767 	 0.5628
[2025/10/01 01:32:35] - ==> Building model..
[2025/10/01 01:33:40] - Test Loss 	 Test Acc 	 PGD Loss 	 PGD Acc
[2025/10/01 01:33:40] - 1.1989 	 	 0.7588 	 1.3850 	 0.5407
[2025/10/01 01:35:33] - 33 	 94.9 	 	 0.1000 	 1.8746 	 0.5653
[2025/10/01 01:35:33] - ==> Building model..
[2025/10/01 01:36:35] - Test Loss 	 Test Acc 	 PGD Loss 	 PGD Acc
[2025/10/01 01:36:35] - 1.1954 	 	 0.7613 	 1.3830 	 0.5423
[2025/10/01 01:38:28] - 34 	 94.7 	 	 0.1000 	 1.8734 	 0.5661
[2025/10/01 01:38:28] - ==> Building model..
[2025/10/01 01:39:30] - Test Loss 	 Test Acc 	 PGD Loss 	 PGD Acc
[2025/10/01 01:39:30] - 1.1918 	 	 0.7642 	 1.3807 	 0.5434
[2025/10/01 01:41:22] - 35 	 94.0 	 	 0.1000 	 1.8731 	 0.5661
[2025/10/01 01:41:22] - ==> Building model..
[2025/10/01 01:42:27] - Test Loss 	 Test Acc 	 PGD Loss 	 PGD Acc
[2025/10/01 01:42:27] - 1.1900 	 	 0.7636 	 1.3794 	 0.5444
[2025/10/01 01:44:20] - 36 	 94.8 	 	 0.1000 	 1.8726 	 0.5645
[2025/10/01 01:44:20] - ==> Building model..
[2025/10/01 01:45:23] - Test Loss 	 Test Acc 	 PGD Loss 	 PGD Acc
[2025/10/01 01:45:23] - 1.1878 	 	 0.7658 	 1.3780 	 0.5458
[2025/10/01 01:47:15] - 37 	 94.7 	 	 0.1000 	 1.8700 	 0.5685
[2025/10/01 01:47:15] - ==> Building model..
[2025/10/01 01:48:17] - Test Loss 	 Test Acc 	 PGD Loss 	 PGD Acc
[2025/10/01 01:48:17] - 1.1855 	 	 0.7667 	 1.3763 	 0.5444
[2025/10/01 01:50:10] - 38 	 94.1 	 	 0.1000 	 1.8709 	 0.5659
[2025/10/01 01:50:10] - ==> Building model..
[2025/10/01 01:51:15] - Test Loss 	 Test Acc 	 PGD Loss 	 PGD Acc
[2025/10/01 01:51:15] - 1.1840 	 	 0.7690 	 1.3754 	 0.5465
[2025/10/01 01:53:09] - 39 	 95.1 	 	 0.1000 	 1.8670 	 0.5715
[2025/10/01 01:53:09] - ==> Building model..
[2025/10/01 01:54:12] - Test Loss 	 Test Acc 	 PGD Loss 	 PGD Acc
[2025/10/01 01:54:12] - 1.1804 	 	 0.7704 	 1.3720 	 0.5467
[2025/10/01 01:56:05] - 40 	 94.7 	 	 0.1000 	 1.8696 	 0.5687
[2025/10/01 01:56:05] - ==> Building model..
[2025/10/01 01:57:08] - Test Loss 	 Test Acc 	 PGD Loss 	 PGD Acc
[2025/10/01 01:57:08] - 1.1796 	 	 0.7697 	 1.3715 	 0.5465
[2025/10/01 01:58:59] - 41 	 94.1 	 	 0.1000 	 1.8667 	 0.5717
[2025/10/01 01:58:59] - ==> Building model..
[2025/10/01 02:00:04] - Test Loss 	 Test Acc 	 PGD Loss 	 PGD Acc
[2025/10/01 02:00:04] - 1.1785 	 	 0.7702 	 1.3706 	 0.5446
[2025/10/01 02:02:00] - 42 	 95.6 	 	 0.1000 	 1.8674 	 0.5717
[2025/10/01 02:02:00] - ==> Building model..
[2025/10/01 02:03:02] - Test Loss 	 Test Acc 	 PGD Loss 	 PGD Acc
[2025/10/01 02:03:02] - 1.1782 	 	 0.7697 	 1.3705 	 0.5466
[2025/10/01 02:04:55] - 43 	 94.8 	 	 0.1000 	 1.8682 	 0.5746
[2025/10/01 02:04:55] - ==> Building model..
[2025/10/01 02:05:57] - Test Loss 	 Test Acc 	 PGD Loss 	 PGD Acc
[2025/10/01 02:05:57] - 1.1771 	 	 0.7703 	 1.3696 	 0.5482
[2025/10/01 02:07:49] - 44 	 94.1 	 	 0.1000 	 1.8694 	 0.5708
[2025/10/01 02:07:49] - ==> Building model..
[2025/10/01 02:08:54] - Test Loss 	 Test Acc 	 PGD Loss 	 PGD Acc
[2025/10/01 02:08:54] - 1.1778 	 	 0.7712 	 1.3709 	 0.5500
[2025/10/01 02:10:47] - 45 	 95.0 	 	 0.1000 	 1.8694 	 0.5716
[2025/10/01 02:10:47] - ==> Building model..
[2025/10/01 02:11:50] - Test Loss 	 Test Acc 	 PGD Loss 	 PGD Acc
[2025/10/01 02:11:50] - 1.1787 	 	 0.7731 	 1.3717 	 0.5498
[2025/10/01 02:13:42] - 46 	 94.8 	 	 0.1000 	 1.8673 	 0.5744
[2025/10/01 02:13:42] - ==> Building model..
[2025/10/01 02:14:45] - Test Loss 	 Test Acc 	 PGD Loss 	 PGD Acc
[2025/10/01 02:14:45] - 1.1781 	 	 0.7727 	 1.3715 	 0.5511
[2025/10/01 02:16:37] - 47 	 93.9 	 	 0.1000 	 1.8702 	 0.5748
[2025/10/01 02:16:37] - ==> Building model..
[2025/10/01 02:17:41] - Test Loss 	 Test Acc 	 PGD Loss 	 PGD Acc
[2025/10/01 02:17:41] - 1.1798 	 	 0.7721 	 1.3723 	 0.5526
[2025/10/01 02:19:34] - 48 	 94.7 	 	 0.1000 	 1.8696 	 0.5724
[2025/10/01 02:19:34] - ==> Building model..
[2025/10/01 02:20:37] - Test Loss 	 Test Acc 	 PGD Loss 	 PGD Acc
[2025/10/01 02:20:37] - 1.1820 	 	 0.7708 	 1.3741 	 0.5544
[2025/10/01 02:22:29] - 49 	 94.7 	 	 0.1000 	 1.8705 	 0.5752
[2025/10/01 02:22:29] - ==> Building model..
[2025/10/01 02:23:32] - Test Loss 	 Test Acc 	 PGD Loss 	 PGD Acc
[2025/10/01 02:23:32] - 1.1831 	 	 0.7734 	 1.3749 	 0.5550
[2025/10/01 02:25:24] - 50 	 93.9 	 	 0.1000 	 1.8717 	 0.5760
[2025/10/01 02:25:24] - ==> Building model..
[2025/10/01 02:26:28] - Test Loss 	 Test Acc 	 PGD Loss 	 PGD Acc
[2025/10/01 02:26:28] - 1.1843 	 	 0.7750 	 1.3760 	 0.5549
[2025/10/01 02:28:21] - 51 	 94.7 	 	 0.1000 	 1.8723 	 0.5753
[2025/10/01 02:28:21] - ==> Building model..
[2025/10/01 02:29:24] - Test Loss 	 Test Acc 	 PGD Loss 	 PGD Acc
[2025/10/01 02:29:24] - 1.1856 	 	 0.7759 	 1.3774 	 0.5562
[2025/10/01 02:31:17] - 52 	 94.8 	 	 0.1000 	 1.8708 	 0.5759
[2025/10/01 02:31:17] - ==> Building model..
[2025/10/01 02:32:20] - Test Loss 	 Test Acc 	 PGD Loss 	 PGD Acc
[2025/10/01 02:32:20] - 1.1858 	 	 0.7758 	 1.3769 	 0.5565
[2025/10/01 02:34:12] - 53 	 94.2 	 	 0.1000 	 1.8723 	 0.5775
[2025/10/01 02:34:12] - ==> Building model..
[2025/10/01 02:35:17] - Test Loss 	 Test Acc 	 PGD Loss 	 PGD Acc
[2025/10/01 02:35:17] - 1.1872 	 	 0.7743 	 1.3775 	 0.5567
[2025/10/01 02:37:09] - 54 	 94.6 	 	 0.1000 	 1.8754 	 0.5753
[2025/10/01 02:37:09] - ==> Building model..
[2025/10/01 02:38:12] - Test Loss 	 Test Acc 	 PGD Loss 	 PGD Acc
[2025/10/01 02:38:12] - 1.1903 	 	 0.7745 	 1.3798 	 0.5553
[2025/10/01 02:40:04] - 55 	 94.6 	 	 0.1000 	 1.8747 	 0.5738
[2025/10/01 02:40:04] - ==> Building model..
[2025/10/01 02:41:07] - Test Loss 	 Test Acc 	 PGD Loss 	 PGD Acc
[2025/10/01 02:41:07] - 1.1933 	 	 0.7742 	 1.3820 	 0.5582
[2025/10/01 02:42:59] - 56 	 94.0 	 	 0.1000 	 1.8751 	 0.5759
[2025/10/01 02:42:59] - ==> Building model..
[2025/10/01 02:44:04] - Test Loss 	 Test Acc 	 PGD Loss 	 PGD Acc
[2025/10/01 02:44:04] - 1.1956 	 	 0.7741 	 1.3834 	 0.5603
[2025/10/01 02:45:57] - 57 	 94.6 	 	 0.1000 	 1.8762 	 0.5745
[2025/10/01 02:45:57] - ==> Building model..
[2025/10/01 02:46:59] - Test Loss 	 Test Acc 	 PGD Loss 	 PGD Acc
[2025/10/01 02:46:59] - 1.1972 	 	 0.7724 	 1.3842 	 0.5603
[2025/10/01 02:48:52] - 58 	 94.4 	 	 0.1000 	 1.8743 	 0.5797
[2025/10/01 02:48:52] - ==> Building model..
[2025/10/01 02:49:55] - Test Loss 	 Test Acc 	 PGD Loss 	 PGD Acc
[2025/10/01 02:49:55] - 1.1982 	 	 0.7720 	 1.3849 	 0.5599
[2025/10/01 02:51:46] - 59 	 93.9 	 	 0.1000 	 1.8775 	 0.5737
[2025/10/01 02:51:46] - ==> Building model..
[2025/10/01 02:52:50] - Test Loss 	 Test Acc 	 PGD Loss 	 PGD Acc
[2025/10/01 02:52:50] - 1.2006 	 	 0.7719 	 1.3865 	 0.5607
[2025/10/01 02:54:43] - 60 	 94.4 	 	 0.1000 	 1.8784 	 0.5764
[2025/10/01 02:54:43] - ==> Building model..
[2025/10/01 02:55:46] - Test Loss 	 Test Acc 	 PGD Loss 	 PGD Acc
[2025/10/01 02:55:46] - 1.2029 	 	 0.7711 	 1.3881 	 0.5609
[2025/10/01 02:57:38] - 61 	 94.3 	 	 0.1000 	 1.8796 	 0.5774
[2025/10/01 02:57:38] - ==> Building model..
[2025/10/01 02:58:40] - Test Loss 	 Test Acc 	 PGD Loss 	 PGD Acc
[2025/10/01 02:58:40] - 1.2055 	 	 0.7716 	 1.3901 	 0.5603
[2025/10/01 03:00:31] - 62 	 93.5 	 	 0.1000 	 1.8787 	 0.5769
[2025/10/01 03:00:31] - ==> Building model..
[2025/10/01 03:01:35] - Test Loss 	 Test Acc 	 PGD Loss 	 PGD Acc
[2025/10/01 03:01:35] - 1.2076 	 	 0.7703 	 1.3918 	 0.5605
[2025/10/01 03:03:27] - 63 	 93.8 	 	 0.1000 	 1.8798 	 0.5752
[2025/10/01 03:03:27] - ==> Building model..
[2025/10/01 03:04:29] - Test Loss 	 Test Acc 	 PGD Loss 	 PGD Acc
[2025/10/01 03:04:29] - 1.2103 	 	 0.7703 	 1.3933 	 0.5616
[2025/10/01 03:06:21] - 64 	 94.3 	 	 0.1000 	 1.8809 	 0.5773
[2025/10/01 03:06:21] - ==> Building model..
[2025/10/01 03:07:24] - Test Loss 	 Test Acc 	 PGD Loss 	 PGD Acc
[2025/10/01 03:07:24] - 1.2133 	 	 0.7688 	 1.3953 	 0.5617
[2025/10/01 03:09:16] - 65 	 93.8 	 	 0.1000 	 1.8812 	 0.5743
[2025/10/01 03:09:16] - ==> Building model..
[2025/10/01 03:10:21] - Test Loss 	 Test Acc 	 PGD Loss 	 PGD Acc
[2025/10/01 03:10:21] - 1.2148 	 	 0.7695 	 1.3963 	 0.5608
[2025/10/01 03:12:12] - 66 	 93.9 	 	 0.1000 	 1.8803 	 0.5757
[2025/10/01 03:12:12] - ==> Building model..
[2025/10/01 03:13:16] - Test Loss 	 Test Acc 	 PGD Loss 	 PGD Acc
[2025/10/01 03:13:16] - 1.2153 	 	 0.7704 	 1.3967 	 0.5605
[2025/10/01 03:15:08] - 67 	 94.2 	 	 0.1000 	 1.8798 	 0.5769
[2025/10/01 03:15:08] - ==> Building model..
[2025/10/01 03:16:11] - Test Loss 	 Test Acc 	 PGD Loss 	 PGD Acc
[2025/10/01 03:16:11] - 1.2156 	 	 0.7700 	 1.3971 	 0.5606
[2025/10/01 03:18:02] - 68 	 93.7 	 	 0.1000 	 1.8779 	 0.5759
[2025/10/01 03:18:02] - ==> Building model..
[2025/10/01 03:19:07] - Test Loss 	 Test Acc 	 PGD Loss 	 PGD Acc
[2025/10/01 03:19:07] - 1.2158 	 	 0.7704 	 1.3973 	 0.5614
[2025/10/01 03:20:59] - 69 	 93.8 	 	 0.1000 	 1.8805 	 0.5767
[2025/10/01 03:20:59] - ==> Building model..
[2025/10/01 03:22:03] - Test Loss 	 Test Acc 	 PGD Loss 	 PGD Acc
[2025/10/01 03:22:03] - 1.2145 	 	 0.7712 	 1.3962 	 0.5613
[2025/10/01 03:23:54] - 70 	 93.1 	 	 0.1000 	 1.8795 	 0.5745
[2025/10/01 03:23:54] - ==> Building model..
[2025/10/01 03:24:57] - Test Loss 	 Test Acc 	 PGD Loss 	 PGD Acc
[2025/10/01 03:24:57] - 1.2155 	 	 0.7692 	 1.3970 	 0.5626
[2025/10/01 03:26:49] - 71 	 93.9 	 	 0.1000 	 1.8771 	 0.5772
[2025/10/01 03:26:49] - ==> Building model..
[2025/10/01 03:27:54] - Test Loss 	 Test Acc 	 PGD Loss 	 PGD Acc
[2025/10/01 03:27:54] - 1.2144 	 	 0.7718 	 1.3963 	 0.5620
[2025/10/01 03:29:45] - 72 	 93.8 	 	 0.1000 	 1.8780 	 0.5776
[2025/10/01 03:29:45] - ==> Building model..
[2025/10/01 03:30:51] - Test Loss 	 Test Acc 	 PGD Loss 	 PGD Acc
[2025/10/01 03:30:51] - 1.2132 	 	 0.7712 	 1.3953 	 0.5637
[2025/10/01 03:32:40] - 73 	 92.2 	 	 0.1000 	 1.8777 	 0.5765
[2025/10/01 03:32:40] - ==> Building model..
[2025/10/01 03:33:43] - Test Loss 	 Test Acc 	 PGD Loss 	 PGD Acc
[2025/10/01 03:33:43] - 1.2137 	 	 0.7703 	 1.3958 	 0.5619
[2025/10/01 03:35:35] - 74 	 93.9 	 	 0.1000 	 1.8785 	 0.5755
[2025/10/01 03:35:35] - ==> Building model..
[2025/10/01 03:36:40] - Test Loss 	 Test Acc 	 PGD Loss 	 PGD Acc
[2025/10/01 03:36:40] - 1.2132 	 	 0.7698 	 1.3951 	 0.5630
[2025/10/01 03:38:31] - 75 	 94.0 	 	 0.1000 	 1.8797 	 0.5744
[2025/10/01 03:38:31] - ==> Building model..
[2025/10/01 03:39:37] - Test Loss 	 Test Acc 	 PGD Loss 	 PGD Acc
[2025/10/01 03:39:37] - 1.2156 	 	 0.7713 	 1.3972 	 0.5635
[2025/10/01 03:41:27] - 76 	 92.1 	 	 0.1000 	 1.8791 	 0.5769
[2025/10/01 03:41:27] - ==> Building model..
[2025/10/01 03:42:30] - Test Loss 	 Test Acc 	 PGD Loss 	 PGD Acc
[2025/10/01 03:42:30] - 1.2161 	 	 0.7706 	 1.3978 	 0.5657
[2025/10/01 03:44:22] - 77 	 93.8 	 	 0.1000 	 1.8795 	 0.5743
[2025/10/01 03:44:22] - ==> Building model..
[2025/10/01 03:45:26] - Test Loss 	 Test Acc 	 PGD Loss 	 PGD Acc
[2025/10/01 03:45:26] - 1.2157 	 	 0.7708 	 1.3970 	 0.5661
[2025/10/01 03:47:17] - 78 	 93.6 	 	 0.1000 	 1.8766 	 0.5788
[2025/10/01 03:47:17] - ==> Building model..
[2025/10/01 03:48:23] - Test Loss 	 Test Acc 	 PGD Loss 	 PGD Acc
[2025/10/01 03:48:23] - 1.2148 	 	 0.7721 	 1.3964 	 0.5678
[2025/10/01 03:50:13] - 79 	 91.9 	 	 0.1000 	 1.8767 	 0.5751
[2025/10/01 03:50:13] - ==> Building model..
[2025/10/01 03:51:17] - Test Loss 	 Test Acc 	 PGD Loss 	 PGD Acc
[2025/10/01 03:51:17] - 1.2141 	 	 0.7717 	 1.3957 	 0.5668
[2025/10/01 03:53:08] - 80 	 93.8 	 	 0.1000 	 1.8779 	 0.5759
[2025/10/01 03:53:08] - ==> Building model..
[2025/10/01 03:54:13] - Test Loss 	 Test Acc 	 PGD Loss 	 PGD Acc
[2025/10/01 03:54:13] - 1.2139 	 	 0.7723 	 1.3954 	 0.5676
[2025/10/01 03:56:04] - 81 	 93.3 	 	 0.1000 	 1.8768 	 0.5767
[2025/10/01 03:56:04] - ==> Building model..
[2025/10/01 03:57:10] - Test Loss 	 Test Acc 	 PGD Loss 	 PGD Acc
[2025/10/01 03:57:10] - 1.2162 	 	 0.7714 	 1.3970 	 0.5686
[2025/10/01 03:59:01] - 82 	 92.2 	 	 0.1000 	 1.8780 	 0.5750
[2025/10/01 03:59:01] - ==> Building model..
[2025/10/01 04:00:05] - Test Loss 	 Test Acc 	 PGD Loss 	 PGD Acc
[2025/10/01 04:00:05] - 1.2180 	 	 0.7713 	 1.3987 	 0.5700
[2025/10/01 04:01:57] - 83 	 93.7 	 	 0.1000 	 1.8802 	 0.5727
[2025/10/01 04:01:57] - ==> Building model..
[2025/10/01 04:03:02] - Test Loss 	 Test Acc 	 PGD Loss 	 PGD Acc
[2025/10/01 04:03:02] - 1.2203 	 	 0.7705 	 1.4000 	 0.5666
[2025/10/01 04:04:53] - 84 	 93.3 	 	 0.1000 	 1.8766 	 0.5758
[2025/10/01 04:04:53] - ==> Building model..
[2025/10/01 04:05:59] - Test Loss 	 Test Acc 	 PGD Loss 	 PGD Acc
[2025/10/01 04:05:59] - 1.2196 	 	 0.7740 	 1.3995 	 0.5688
[2025/10/01 04:07:47] - 85 	 91.4 	 	 0.1000 	 1.8784 	 0.5751
[2025/10/01 04:07:47] - ==> Building model..
[2025/10/01 04:08:51] - Test Loss 	 Test Acc 	 PGD Loss 	 PGD Acc
[2025/10/01 04:08:51] - 1.2205 	 	 0.7732 	 1.4004 	 0.5676
[2025/10/01 04:10:40] - 86 	 92.5 	 	 0.1000 	 1.8780 	 0.5709
[2025/10/01 04:10:40] - ==> Building model..
[2025/10/01 04:11:44] - Test Loss 	 Test Acc 	 PGD Loss 	 PGD Acc
[2025/10/01 04:11:44] - 1.2207 	 	 0.7704 	 1.4002 	 0.5681
[2025/10/01 04:13:33] - 87 	 93.0 	 	 0.1000 	 1.8785 	 0.5744
[2025/10/01 04:13:33] - ==> Building model..
[2025/10/01 04:14:39] - Test Loss 	 Test Acc 	 PGD Loss 	 PGD Acc
[2025/10/01 04:14:39] - 1.2208 	 	 0.7707 	 1.4006 	 0.5685
[2025/10/01 04:16:28] - 88 	 91.6 	 	 0.1000 	 1.8800 	 0.5718
[2025/10/01 04:16:28] - ==> Building model..
[2025/10/01 04:17:34] - Test Loss 	 Test Acc 	 PGD Loss 	 PGD Acc
[2025/10/01 04:17:34] - 1.2218 	 	 0.7716 	 1.4008 	 0.5701
[2025/10/01 04:19:22] - 89 	 91.0 	 	 0.1000 	 1.8755 	 0.5732
[2025/10/01 04:19:22] - ==> Building model..
[2025/10/01 04:20:27] - Test Loss 	 Test Acc 	 PGD Loss 	 PGD Acc
[2025/10/01 04:20:27] - 1.2198 	 	 0.7715 	 1.3992 	 0.5707
[2025/10/01 04:22:16] - 90 	 92.5 	 	 0.1000 	 1.8777 	 0.5703
[2025/10/01 04:22:16] - ==> Building model..
[2025/10/01 04:23:21] - Test Loss 	 Test Acc 	 PGD Loss 	 PGD Acc
[2025/10/01 04:23:21] - 1.2206 	 	 0.7724 	 1.3990 	 0.5700
[2025/10/01 04:25:10] - 91 	 91.6 	 	 0.1000 	 1.8774 	 0.5670
[2025/10/01 04:25:10] - ==> Building model..
[2025/10/01 04:26:15] - Test Loss 	 Test Acc 	 PGD Loss 	 PGD Acc
[2025/10/01 04:26:15] - 1.2225 	 	 0.7728 	 1.4003 	 0.5711
[2025/10/01 04:28:03] - 92 	 91.0 	 	 0.1000 	 1.8776 	 0.5689
[2025/10/01 04:28:03] - ==> Building model..
[2025/10/01 04:29:07] - Test Loss 	 Test Acc 	 PGD Loss 	 PGD Acc
[2025/10/01 04:29:07] - 1.2234 	 	 0.7721 	 1.4011 	 0.5717
[2025/10/01 04:30:56] - 93 	 92.4 	 	 0.1000 	 1.8766 	 0.5686
[2025/10/01 04:30:56] - ==> Building model..
[2025/10/01 04:32:02] - Test Loss 	 Test Acc 	 PGD Loss 	 PGD Acc
[2025/10/01 04:32:02] - 1.2223 	 	 0.7720 	 1.4006 	 0.5716
[2025/10/01 04:33:50] - 94 	 91.5 	 	 0.1000 	 1.8783 	 0.5704
[2025/10/01 04:33:50] - ==> Building model..
[2025/10/01 04:34:56] - Test Loss 	 Test Acc 	 PGD Loss 	 PGD Acc
[2025/10/01 04:34:56] - 1.2234 	 	 0.7711 	 1.4014 	 0.5706
[2025/10/01 04:36:44] - 95 	 91.5 	 	 0.1000 	 1.8765 	 0.5701
[2025/10/01 04:36:44] - ==> Building model..
[2025/10/01 04:37:49] - Test Loss 	 Test Acc 	 PGD Loss 	 PGD Acc
[2025/10/01 04:37:49] - 1.2229 	 	 0.7708 	 1.4011 	 0.5700
[2025/10/01 04:39:38] - 96 	 92.4 	 	 0.1000 	 1.8777 	 0.5693
[2025/10/01 04:39:38] - ==> Building model..
[2025/10/01 04:40:43] - Test Loss 	 Test Acc 	 PGD Loss 	 PGD Acc
[2025/10/01 04:40:43] - 1.2232 	 	 0.7712 	 1.4012 	 0.5700
[2025/10/01 04:42:32] - 97 	 91.9 	 	 0.1000 	 1.8761 	 0.5711
[2025/10/01 04:42:32] - ==> Building model..
[2025/10/01 04:43:38] - Test Loss 	 Test Acc 	 PGD Loss 	 PGD Acc
[2025/10/01 04:43:38] - 1.2205 	 	 0.7700 	 1.3996 	 0.5696
[2025/10/01 04:45:26] - 98 	 91.6 	 	 0.1000 	 1.8753 	 0.5706
[2025/10/01 04:45:26] - ==> Building model..
[2025/10/01 04:46:31] - Test Loss 	 Test Acc 	 PGD Loss 	 PGD Acc
[2025/10/01 04:46:31] - 1.2199 	 	 0.7711 	 1.3989 	 0.5714
[2025/10/01 04:48:19] - 99 	 92.2 	 	 0.1000 	 1.8756 	 0.5712
[2025/10/01 04:48:19] - ==> Building model..
[2025/10/01 04:49:25] - Test Loss 	 Test Acc 	 PGD Loss 	 PGD Acc
[2025/10/01 04:49:25] - 1.2206 	 	 0.7706 	 1.3996 	 0.5729
[2025/10/01 04:51:14] - 100 	 91.7 	 	 0.1000 	 1.8745 	 0.5706
[2025/10/01 04:51:14] - ==> Building model..
[2025/10/01 04:52:19] - Test Loss 	 Test Acc 	 PGD Loss 	 PGD Acc
[2025/10/01 04:52:19] - 1.2212 	 	 0.7725 	 1.4007 	 0.5711
[2025/10/01 04:54:08] - 101 	 91.7 	 	 0.1000 	 1.8765 	 0.5704
[2025/10/01 04:54:08] - ==> Building model..
[2025/10/01 04:55:13] - Test Loss 	 Test Acc 	 PGD Loss 	 PGD Acc
[2025/10/01 04:55:13] - 1.2214 	 	 0.7731 	 1.4008 	 0.5709
[2025/10/01 04:57:03] - 102 	 93.0 	 	 0.1000 	 1.8753 	 0.5691
[2025/10/01 04:57:03] - ==> Building model..
[2025/10/01 04:58:07] - Test Loss 	 Test Acc 	 PGD Loss 	 PGD Acc
[2025/10/01 04:58:07] - 1.2213 	 	 0.7730 	 1.4007 	 0.5711
[2025/10/01 04:59:55] - 103 	 91.7 	 	 0.1000 	 1.8759 	 0.5715
[2025/10/01 04:59:55] - ==> Building model..
[2025/10/01 05:01:01] - Test Loss 	 Test Acc 	 PGD Loss 	 PGD Acc
[2025/10/01 05:01:01] - 1.2210 	 	 0.7731 	 1.4006 	 0.5715
[2025/10/01 05:02:49] - 104 	 91.8 	 	 0.1000 	 1.8748 	 0.5752
[2025/10/01 05:02:49] - ==> Building model..
[2025/10/01 05:03:54] - Test Loss 	 Test Acc 	 PGD Loss 	 PGD Acc
[2025/10/01 05:03:54] - 1.2207 	 	 0.7728 	 1.4006 	 0.5710
[2025/10/01 05:05:43] - 105 	 93.4 	 	 0.1000 	 1.8759 	 0.5716
[2025/10/01 05:05:43] - ==> Building model..
[2025/10/01 05:06:47] - Test Loss 	 Test Acc 	 PGD Loss 	 PGD Acc
[2025/10/01 05:06:47] - 1.2186 	 	 0.7735 	 1.3989 	 0.5727
[2025/10/01 05:08:34] - 106 	 90.7 	 	 0.1000 	 1.8761 	 0.5737
[2025/10/01 05:08:34] - ==> Building model..
[2025/10/01 05:09:40] - Test Loss 	 Test Acc 	 PGD Loss 	 PGD Acc
[2025/10/01 05:09:40] - 1.2185 	 	 0.7738 	 1.3986 	 0.5721
[2025/10/01 05:11:28] - 107 	 91.6 	 	 0.1000 	 1.8758 	 0.5718
[2025/10/01 05:11:28] - ==> Building model..
[2025/10/01 05:12:33] - Test Loss 	 Test Acc 	 PGD Loss 	 PGD Acc
[2025/10/01 05:12:33] - 1.2186 	 	 0.7711 	 1.3990 	 0.5701
[2025/10/01 05:14:22] - 108 	 93.0 	 	 0.1000 	 1.8740 	 0.5744
[2025/10/01 05:14:22] - ==> Building model..
[2025/10/01 05:15:26] - Test Loss 	 Test Acc 	 PGD Loss 	 PGD Acc
[2025/10/01 05:15:26] - 1.2178 	 	 0.7724 	 1.3982 	 0.5719
[2025/10/01 05:17:13] - 109 	 91.1 	 	 0.0100 	 1.8225 	 0.6224
[2025/10/01 05:17:13] - ==> Building model..
[2025/10/01 05:18:18] - Test Loss 	 Test Acc 	 PGD Loss 	 PGD Acc
[2025/10/01 05:18:18] - 1.2033 	 	 0.7762 	 1.3878 	 0.5724
[2025/10/01 05:20:06] - 110 	 91.2 	 	 0.0100 	 1.7662 	 0.6706
[2025/10/01 05:20:06] - ==> Building model..
[2025/10/01 05:21:10] - Test Loss 	 Test Acc 	 PGD Loss 	 PGD Acc
[2025/10/01 05:21:10] - 1.1816 	 	 0.7852 	 1.3723 	 0.5732
[2025/10/01 05:22:59] - 111 	 92.2 	 	 0.0100 	 1.7500 	 0.6842
[2025/10/01 05:22:59] - ==> Building model..
[2025/10/01 05:24:02] - Test Loss 	 Test Acc 	 PGD Loss 	 PGD Acc
[2025/10/01 05:24:02] - 1.1662 	 	 0.7904 	 1.3619 	 0.5740
[2025/10/01 05:25:53] - 112 	 93.9 	 	 0.0100 	 1.7400 	 0.6922
[2025/10/01 05:25:53] - ==> Building model..
[2025/10/01 05:26:54] - Test Loss 	 Test Acc 	 PGD Loss 	 PGD Acc
[2025/10/01 05:26:54] - 1.1548 	 	 0.7954 	 1.3540 	 0.5753
[2025/10/01 05:28:41] - 113 	 90.9 	 	 0.0100 	 1.7321 	 0.7011
[2025/10/01 05:28:41] - ==> Building model..
[2025/10/01 05:29:46] - Test Loss 	 Test Acc 	 PGD Loss 	 PGD Acc
[2025/10/01 05:29:46] - 1.1480 	 	 0.7993 	 1.3499 	 0.5790
[2025/10/01 05:31:34] - 114 	 91.9 	 	 0.0010 	 1.7171 	 0.7140
[2025/10/01 05:31:34] - ==> Building model..
[2025/10/01 05:32:39] - Test Loss 	 Test Acc 	 PGD Loss 	 PGD Acc
[2025/10/01 05:32:39] - 1.1413 	 	 0.8015 	 1.3459 	 0.5805
[2025/10/01 05:34:28] - 115 	 92.7 	 	 0.0010 	 1.7032 	 0.7250
[2025/10/01 05:34:28] - ==> Building model..
[2025/10/01 05:35:30] - Test Loss 	 Test Acc 	 PGD Loss 	 PGD Acc
[2025/10/01 05:35:30] - 1.1343 	 	 0.8050 	 1.3409 	 0.5804
[2025/10/01 05:37:18] - 116 	 91.5 	 	 0.0010 	 1.7007 	 0.7253
[2025/10/01 05:37:18] - ==> Building model..
[2025/10/01 05:38:22] - Test Loss 	 Test Acc 	 PGD Loss 	 PGD Acc
[2025/10/01 05:38:22] - 1.1259 	 	 0.8078 	 1.3354 	 0.5817
[2025/10/01 05:40:10] - 117 	 91.8 	 	 0.0010 	 1.6969 	 0.7305
[2025/10/01 05:40:10] - ==> Building model..
[2025/10/01 05:41:14] - Test Loss 	 Test Acc 	 PGD Loss 	 PGD Acc
[2025/10/01 05:41:14] - 1.1179 	 	 0.8095 	 1.3300 	 0.5825
[2025/10/01 05:43:03] - 118 	 92.3 	 	 0.0010 	 1.6949 	 0.7322
[2025/10/01 05:43:03] - ==> Building model..
[2025/10/01 05:44:04] - Test Loss 	 Test Acc 	 PGD Loss 	 PGD Acc
[2025/10/01 05:44:04] - 1.1102 	 	 0.8129 	 1.3245 	 0.5827
[2025/10/01 05:45:54] - 119 	 93.4 	 	 0.0010 	 1.6922 	 0.7328
[2025/10/01 05:45:54] - ==> Building model..
[2025/10/01 05:46:56] - Test Loss 	 Test Acc 	 PGD Loss 	 PGD Acc
[2025/10/01 05:46:56] - 1.1023 	 	 0.8148 	 1.3192 	 0.5829
[2025/10/01 05:46:57] - [0.3974, 0.458, 0.5072, 0.5523, 0.5833, 0.6079, 0.6261, 0.6392, 0.6485, 0.6531, 0.6599, 0.6726, 0.6847, 0.6973, 0.7095, 0.7184, 0.7263, 0.7289, 0.7328, 0.7346, 0.737, 0.7389, 0.7425, 0.7437, 0.7462, 0.7497, 0.7494, 0.752, 0.7528, 0.7559, 0.7565, 0.7563, 0.7588, 0.7613, 0.7642, 0.7636, 0.7658, 0.7667, 0.769, 0.7704, 0.7697, 0.7702, 0.7697, 0.7703, 0.7712, 0.7731, 0.7727, 0.7721, 0.7708, 0.7734, 0.775, 0.7759, 0.7758, 0.7743, 0.7745, 0.7742, 0.7741, 0.7724, 0.772, 0.7719, 0.7711, 0.7716, 0.7703, 0.7703, 0.7688, 0.7695, 0.7704, 0.77, 0.7704, 0.7712, 0.7692, 0.7718, 0.7712, 0.7703, 0.7698, 0.7713, 0.7706, 0.7708, 0.7721, 0.7717, 0.7723, 0.7714, 0.7713, 0.7705, 0.774, 0.7732, 0.7704, 0.7707, 0.7716, 0.7715, 0.7724, 0.7728, 0.7721, 0.772, 0.7711, 0.7708, 0.7712, 0.77, 0.7711, 0.7706, 0.7725, 0.7731, 0.773, 0.7731, 0.7728, 0.7735, 0.7738, 0.7711, 0.7724, 0.7762, 0.7852, 0.7904, 0.7954, 0.7993, 0.8015, 0.805, 0.8078, 0.8095, 0.8129, 0.8148]
[2025/10/01 05:46:57] - [0.2752, 0.3145, 0.3387, 0.3681, 0.3941, 0.4118, 0.4289, 0.441, 0.4518, 0.4603, 0.4678, 0.479, 0.4869, 0.4927, 0.499, 0.504, 0.5071, 0.5098, 0.5137, 0.5166, 0.5184, 0.5225, 0.5244, 0.5261, 0.5274, 0.5301, 0.5311, 0.5345, 0.5339, 0.5358, 0.5379, 0.5385, 0.5407, 0.5423, 0.5434, 0.5444, 0.5458, 0.5444, 0.5465, 0.5467, 0.5465, 0.5446, 0.5466, 0.5482, 0.55, 0.5498, 0.5511, 0.5526, 0.5544, 0.555, 0.5549, 0.5562, 0.5565, 0.5567, 0.5553, 0.5582, 0.5603, 0.5603, 0.5599, 0.5607, 0.5609, 0.5603, 0.5605, 0.5616, 0.5617, 0.5608, 0.5605, 0.5606, 0.5614, 0.5613, 0.5626, 0.562, 0.5637, 0.5619, 0.563, 0.5635, 0.5657, 0.5661, 0.5678, 0.5668, 0.5676, 0.5686, 0.57, 0.5666, 0.5688, 0.5676, 0.5681, 0.5685, 0.5701, 0.5707, 0.57, 0.5711, 0.5717, 0.5716, 0.5706, 0.57, 0.57, 0.5696, 0.5714, 0.5729, 0.5711, 0.5709, 0.5711, 0.5715, 0.571, 0.5727, 0.5721, 0.5701, 0.5719, 0.5724, 0.5732, 0.574, 0.5753, 0.579, 0.5805, 0.5804, 0.5817, 0.5825, 0.5827, 0.5829]
