[2025/10/15 02:03:25] - Namespace(batch_size=128, data_dir='cifar-data', epochs=100, lr_schedule='multistep', lr_min=0.0, lr_max=0.2, weight_decay=0.0005, momentum=0.9, model='ResNet18', epsilon=8, alpha=8, delta_init='random', normal_mean=0, normal_std=1, out_dir='./output/CIFAR100/lamda_37_lamscale_0.10_run2', seed=0, lamda=37.0, lam_scale=0.1, lam_start=50, gamma=0.05, inner_gamma=0.05, beta=0.2, mu=3.5, batch_m=0.75, early_stop=False, factor=0.5, length=4, n_holes=1, c_num=0.125, EMA_value=0.55)
[2025/10/15 02:03:27] - ==> Building model..
[2025/10/15 02:03:27] - Epoch 	 Seconds 	 LR 	 	 Train Loss 	 Train Acc
[2025/10/15 02:04:05] - 0 	 18.4 	 	 0.2000 	 4.5656 	 0.0395
[2025/10/15 02:04:05] - ==> Building model..
[2025/10/15 02:04:23] - Test Loss 	 Test Acc 	 PGD Loss 	 PGD Acc
[2025/10/15 02:04:23] - 4.2262 	 	 0.0844 	 4.2396 	 0.0575
[2025/10/15 02:05:01] - 1 	 18.8 	 	 0.2000 	 4.4611 	 0.0783
[2025/10/15 02:05:01] - ==> Building model..
[2025/10/15 02:05:19] - Test Loss 	 Test Acc 	 PGD Loss 	 PGD Acc
[2025/10/15 02:05:19] - 4.0535 	 	 0.1397 	 4.0810 	 0.0910
[2025/10/15 02:06:00] - 2 	 20.2 	 	 0.2000 	 4.4093 	 0.1024
[2025/10/15 02:06:00] - ==> Building model..
[2025/10/15 02:06:21] - Test Loss 	 Test Acc 	 PGD Loss 	 PGD Acc
[2025/10/15 02:06:21] - 3.9019 	 	 0.1814 	 3.9463 	 0.1133
[2025/10/15 02:07:02] - 3 	 21.2 	 	 0.2000 	 4.3618 	 0.1251
[2025/10/15 02:07:02] - ==> Building model..
[2025/10/15 02:07:22] - Test Loss 	 Test Acc 	 PGD Loss 	 PGD Acc
[2025/10/15 02:07:22] - 3.7094 	 	 0.2355 	 3.7793 	 0.1384
[2025/10/15 02:08:02] - 4 	 19.8 	 	 0.2000 	 4.3181 	 0.1476
[2025/10/15 02:08:02] - ==> Building model..
[2025/10/15 02:08:23] - Test Loss 	 Test Acc 	 PGD Loss 	 PGD Acc
[2025/10/15 02:08:23] - 3.5794 	 	 0.2701 	 3.6739 	 0.1586
[2025/10/15 02:09:06] - 5 	 21.5 	 	 0.2000 	 4.2794 	 0.1678
[2025/10/15 02:09:06] - ==> Building model..
[2025/10/15 02:09:26] - Test Loss 	 Test Acc 	 PGD Loss 	 PGD Acc
[2025/10/15 02:09:26] - 3.4048 	 	 0.3066 	 3.5253 	 0.1765
[2025/10/15 02:10:07] - 6 	 21.0 	 	 0.2000 	 4.2473 	 0.1852
[2025/10/15 02:10:07] - ==> Building model..
[2025/10/15 02:10:29] - Test Loss 	 Test Acc 	 PGD Loss 	 PGD Acc
[2025/10/15 02:10:29] - 3.2239 	 	 0.3433 	 3.3734 	 0.1922
[2025/10/15 02:11:09] - 7 	 20.8 	 	 0.2000 	 4.2255 	 0.1959
[2025/10/15 02:11:09] - ==> Building model..
[2025/10/15 02:11:30] - Test Loss 	 Test Acc 	 PGD Loss 	 PGD Acc
[2025/10/15 02:11:30] - 3.0821 	 	 0.3756 	 3.2585 	 0.2070
[2025/10/15 02:12:11] - 8 	 21.2 	 	 0.2000 	 4.2059 	 0.2070
[2025/10/15 02:12:11] - ==> Building model..
[2025/10/15 02:12:33] - Test Loss 	 Test Acc 	 PGD Loss 	 PGD Acc
[2025/10/15 02:12:33] - 2.9818 	 	 0.3989 	 3.1796 	 0.2190
[2025/10/15 02:13:13] - 9 	 21.1 	 	 0.2000 	 4.1896 	 0.2169
[2025/10/15 02:13:13] - ==> Building model..
[2025/10/15 02:13:31] - Test Loss 	 Test Acc 	 PGD Loss 	 PGD Acc
[2025/10/15 02:13:31] - 2.9138 	 	 0.4137 	 3.1263 	 0.2261
[2025/10/15 02:14:07] - 10 	 17.1 	 	 0.2000 	 4.1771 	 0.2254
[2025/10/15 02:14:07] - ==> Building model..
[2025/10/15 02:14:26] - Test Loss 	 Test Acc 	 PGD Loss 	 PGD Acc
[2025/10/15 02:14:26] - 2.8657 	 	 0.4260 	 3.0897 	 0.2316
[2025/10/15 02:15:08] - 11 	 20.2 	 	 0.2000 	 4.1678 	 0.2294
[2025/10/15 02:15:08] - ==> Building model..
[2025/10/15 02:15:29] - Test Loss 	 Test Acc 	 PGD Loss 	 PGD Acc
[2025/10/15 02:15:29] - 2.8257 	 	 0.4353 	 3.0578 	 0.2372
[2025/10/15 02:16:08] - 12 	 19.4 	 	 0.2000 	 4.1581 	 0.2339
[2025/10/15 02:16:08] - ==> Building model..
[2025/10/15 02:16:23] - Test Loss 	 Test Acc 	 PGD Loss 	 PGD Acc
[2025/10/15 02:16:23] - 2.7885 	 	 0.4465 	 3.0318 	 0.2402
[2025/10/15 02:16:59] - 13 	 17.2 	 	 0.2000 	 4.1541 	 0.2369
[2025/10/15 02:16:59] - ==> Building model..
[2025/10/15 02:17:20] - Test Loss 	 Test Acc 	 PGD Loss 	 PGD Acc
[2025/10/15 02:17:20] - 2.7580 	 	 0.4520 	 3.0076 	 0.2468
[2025/10/15 02:18:01] - 14 	 21.3 	 	 0.2000 	 4.1487 	 0.2402
[2025/10/15 02:18:01] - ==> Building model..
[2025/10/15 02:18:20] - Test Loss 	 Test Acc 	 PGD Loss 	 PGD Acc
[2025/10/15 02:18:20] - 2.7377 	 	 0.4575 	 2.9932 	 0.2470
[2025/10/15 02:19:01] - 15 	 21.4 	 	 0.2000 	 4.1403 	 0.2458
[2025/10/15 02:19:01] - ==> Building model..
[2025/10/15 02:19:23] - Test Loss 	 Test Acc 	 PGD Loss 	 PGD Acc
[2025/10/15 02:19:23] - 2.7137 	 	 0.4657 	 2.9754 	 0.2510
[2025/10/15 02:20:03] - 16 	 21.2 	 	 0.2000 	 4.1368 	 0.2489
[2025/10/15 02:20:03] - ==> Building model..
[2025/10/15 02:20:25] - Test Loss 	 Test Acc 	 PGD Loss 	 PGD Acc
[2025/10/15 02:20:25] - 2.6955 	 	 0.4725 	 2.9623 	 0.2542
[2025/10/15 02:21:06] - 17 	 21.2 	 	 0.2000 	 4.1347 	 0.2485
[2025/10/15 02:21:06] - ==> Building model..
[2025/10/15 02:21:26] - Test Loss 	 Test Acc 	 PGD Loss 	 PGD Acc
[2025/10/15 02:21:26] - 2.6844 	 	 0.4772 	 2.9557 	 0.2566
[2025/10/15 02:22:08] - 18 	 22.4 	 	 0.2000 	 4.1280 	 0.2523
[2025/10/15 02:22:08] - ==> Building model..
[2025/10/15 02:22:31] - Test Loss 	 Test Acc 	 PGD Loss 	 PGD Acc
[2025/10/15 02:22:31] - 2.6649 	 	 0.4821 	 2.9414 	 0.2587
[2025/10/15 02:23:11] - 19 	 21.2 	 	 0.2000 	 4.1248 	 0.2561
[2025/10/15 02:23:11] - ==> Building model..
[2025/10/15 02:23:33] - Test Loss 	 Test Acc 	 PGD Loss 	 PGD Acc
[2025/10/15 02:23:33] - 2.6496 	 	 0.4844 	 2.9284 	 0.2591
[2025/10/15 02:24:13] - 20 	 20.3 	 	 0.2000 	 4.1238 	 0.2562
[2025/10/15 02:24:13] - ==> Building model..
[2025/10/15 02:24:35] - Test Loss 	 Test Acc 	 PGD Loss 	 PGD Acc
[2025/10/15 02:24:35] - 2.6399 	 	 0.4855 	 2.9203 	 0.2580
[2025/10/15 02:25:16] - 21 	 20.9 	 	 0.2000 	 4.1189 	 0.2589
[2025/10/15 02:25:16] - ==> Building model..
[2025/10/15 02:25:38] - Test Loss 	 Test Acc 	 PGD Loss 	 PGD Acc
[2025/10/15 02:25:38] - 2.6317 	 	 0.4883 	 2.9144 	 0.2601
[2025/10/15 02:26:19] - 22 	 21.4 	 	 0.2000 	 4.1194 	 0.2585
[2025/10/15 02:26:19] - ==> Building model..
[2025/10/15 02:26:39] - Test Loss 	 Test Acc 	 PGD Loss 	 PGD Acc
[2025/10/15 02:26:39] - 2.6209 	 	 0.4925 	 2.9077 	 0.2636
[2025/10/15 02:27:18] - 23 	 19.3 	 	 0.2000 	 4.1170 	 0.2589
[2025/10/15 02:27:18] - ==> Building model..
[2025/10/15 02:27:40] - Test Loss 	 Test Acc 	 PGD Loss 	 PGD Acc
[2025/10/15 02:27:40] - 2.6080 	 	 0.4944 	 2.8970 	 0.2640
[2025/10/15 02:28:20] - 24 	 20.7 	 	 0.2000 	 4.1135 	 0.2611
[2025/10/15 02:28:20] - ==> Building model..
[2025/10/15 02:28:42] - Test Loss 	 Test Acc 	 PGD Loss 	 PGD Acc
[2025/10/15 02:28:42] - 2.6031 	 	 0.4941 	 2.8940 	 0.2647
[2025/10/15 02:29:22] - 25 	 20.9 	 	 0.2000 	 4.1120 	 0.2642
[2025/10/15 02:29:22] - ==> Building model..
[2025/10/15 02:29:44] - Test Loss 	 Test Acc 	 PGD Loss 	 PGD Acc
[2025/10/15 02:29:44] - 2.5974 	 	 0.4977 	 2.8899 	 0.2669
[2025/10/15 02:30:24] - 26 	 20.2 	 	 0.2000 	 4.1088 	 0.2625
[2025/10/15 02:30:24] - ==> Building model..
[2025/10/15 02:30:46] - Test Loss 	 Test Acc 	 PGD Loss 	 PGD Acc
[2025/10/15 02:30:46] - 2.5925 	 	 0.4976 	 2.8858 	 0.2674
[2025/10/15 02:31:25] - 27 	 19.3 	 	 0.2000 	 4.1072 	 0.2654
[2025/10/15 02:31:25] - ==> Building model..
[2025/10/15 02:31:47] - Test Loss 	 Test Acc 	 PGD Loss 	 PGD Acc
[2025/10/15 02:31:47] - 2.5894 	 	 0.5006 	 2.8847 	 0.2675
[2025/10/15 02:32:27] - 28 	 20.7 	 	 0.2000 	 4.1066 	 0.2645
[2025/10/15 02:32:27] - ==> Building model..
[2025/10/15 02:32:48] - Test Loss 	 Test Acc 	 PGD Loss 	 PGD Acc
[2025/10/15 02:32:48] - 2.5873 	 	 0.5007 	 2.8829 	 0.2677
[2025/10/15 02:33:28] - 29 	 20.5 	 	 0.2000 	 4.1050 	 0.2680
[2025/10/15 02:33:28] - ==> Building model..
[2025/10/15 02:33:49] - Test Loss 	 Test Acc 	 PGD Loss 	 PGD Acc
[2025/10/15 02:33:49] - 2.5840 	 	 0.5006 	 2.8809 	 0.2703
[2025/10/15 02:34:29] - 30 	 20.5 	 	 0.2000 	 4.1065 	 0.2667
[2025/10/15 02:34:29] - ==> Building model..
[2025/10/15 02:34:50] - Test Loss 	 Test Acc 	 PGD Loss 	 PGD Acc
[2025/10/15 02:34:50] - 2.5867 	 	 0.5022 	 2.8833 	 0.2692
[2025/10/15 02:35:31] - 31 	 20.9 	 	 0.2000 	 4.1036 	 0.2676
[2025/10/15 02:35:31] - ==> Building model..
[2025/10/15 02:35:52] - Test Loss 	 Test Acc 	 PGD Loss 	 PGD Acc
[2025/10/15 02:35:52] - 2.5858 	 	 0.5019 	 2.8825 	 0.2678
[2025/10/15 02:36:32] - 32 	 20.8 	 	 0.2000 	 4.1013 	 0.2671
[2025/10/15 02:36:32] - ==> Building model..
[2025/10/15 02:36:53] - Test Loss 	 Test Acc 	 PGD Loss 	 PGD Acc
[2025/10/15 02:36:53] - 2.5819 	 	 0.5029 	 2.8799 	 0.2684
[2025/10/15 02:37:30] - 33 	 18.6 	 	 0.2000 	 4.1012 	 0.2698
[2025/10/15 02:37:30] - ==> Building model..
[2025/10/15 02:37:48] - Test Loss 	 Test Acc 	 PGD Loss 	 PGD Acc
[2025/10/15 02:37:48] - 2.5754 	 	 0.5049 	 2.8744 	 0.2713
[2025/10/15 02:38:29] - 34 	 21.6 	 	 0.2000 	 4.0998 	 0.2676
[2025/10/15 02:38:29] - ==> Building model..
[2025/10/15 02:38:51] - Test Loss 	 Test Acc 	 PGD Loss 	 PGD Acc
[2025/10/15 02:38:51] - 2.5731 	 	 0.5050 	 2.8727 	 0.2727
[2025/10/15 02:39:31] - 35 	 20.9 	 	 0.2000 	 4.0973 	 0.2727
[2025/10/15 02:39:31] - ==> Building model..
[2025/10/15 02:39:53] - Test Loss 	 Test Acc 	 PGD Loss 	 PGD Acc
[2025/10/15 02:39:53] - 2.5687 	 	 0.5077 	 2.8698 	 0.2730
[2025/10/15 02:40:34] - 36 	 21.4 	 	 0.2000 	 4.0980 	 0.2711
[2025/10/15 02:40:34] - ==> Building model..
[2025/10/15 02:40:55] - Test Loss 	 Test Acc 	 PGD Loss 	 PGD Acc
[2025/10/15 02:40:55] - 2.5666 	 	 0.5094 	 2.8679 	 0.2721
[2025/10/15 02:41:35] - 37 	 20.4 	 	 0.2000 	 4.0968 	 0.2713
[2025/10/15 02:41:35] - ==> Building model..
[2025/10/15 02:41:56] - Test Loss 	 Test Acc 	 PGD Loss 	 PGD Acc
[2025/10/15 02:41:56] - 2.5644 	 	 0.5098 	 2.8671 	 0.2732
[2025/10/15 02:42:37] - 38 	 21.4 	 	 0.2000 	 4.0950 	 0.2701
[2025/10/15 02:42:37] - ==> Building model..
[2025/10/15 02:42:58] - Test Loss 	 Test Acc 	 PGD Loss 	 PGD Acc
[2025/10/15 02:42:58] - 2.5612 	 	 0.5107 	 2.8643 	 0.2747
[2025/10/15 02:43:39] - 39 	 21.2 	 	 0.2000 	 4.0958 	 0.2707
[2025/10/15 02:43:39] - ==> Building model..
[2025/10/15 02:44:02] - Test Loss 	 Test Acc 	 PGD Loss 	 PGD Acc
[2025/10/15 02:44:02] - 2.5596 	 	 0.5113 	 2.8632 	 0.2756
[2025/10/15 02:44:43] - 40 	 20.8 	 	 0.2000 	 4.0951 	 0.2726
[2025/10/15 02:44:43] - ==> Building model..
[2025/10/15 02:45:06] - Test Loss 	 Test Acc 	 PGD Loss 	 PGD Acc
[2025/10/15 02:45:06] - 2.5603 	 	 0.5123 	 2.8634 	 0.2749
[2025/10/15 02:45:48] - 41 	 23.1 	 	 0.2000 	 4.0950 	 0.2694
[2025/10/15 02:45:48] - ==> Building model..
[2025/10/15 02:46:10] - Test Loss 	 Test Acc 	 PGD Loss 	 PGD Acc
[2025/10/15 02:46:10] - 2.5602 	 	 0.5121 	 2.8638 	 0.2741
[2025/10/15 02:46:50] - 42 	 20.9 	 	 0.2000 	 4.0948 	 0.2719
[2025/10/15 02:46:50] - ==> Building model..
[2025/10/15 02:47:12] - Test Loss 	 Test Acc 	 PGD Loss 	 PGD Acc
[2025/10/15 02:47:12] - 2.5553 	 	 0.5123 	 2.8601 	 0.2744
[2025/10/15 02:47:53] - 43 	 21.7 	 	 0.2000 	 4.0942 	 0.2705
[2025/10/15 02:47:53] - ==> Building model..
[2025/10/15 02:48:15] - Test Loss 	 Test Acc 	 PGD Loss 	 PGD Acc
[2025/10/15 02:48:15] - 2.5566 	 	 0.5120 	 2.8604 	 0.2758
[2025/10/15 02:48:55] - 44 	 20.7 	 	 0.2000 	 4.0925 	 0.2736
[2025/10/15 02:48:55] - ==> Building model..
[2025/10/15 02:49:16] - Test Loss 	 Test Acc 	 PGD Loss 	 PGD Acc
[2025/10/15 02:49:16] - 2.5516 	 	 0.5146 	 2.8577 	 0.2770
[2025/10/15 02:49:55] - 45 	 18.4 	 	 0.2000 	 4.0912 	 0.2735
[2025/10/15 02:49:55] - ==> Building model..
[2025/10/15 02:50:16] - Test Loss 	 Test Acc 	 PGD Loss 	 PGD Acc
[2025/10/15 02:50:16] - 2.5521 	 	 0.5133 	 2.8584 	 0.2786
[2025/10/15 02:50:57] - 46 	 20.7 	 	 0.2000 	 4.0897 	 0.2765
[2025/10/15 02:50:57] - ==> Building model..
[2025/10/15 02:51:13] - Test Loss 	 Test Acc 	 PGD Loss 	 PGD Acc
[2025/10/15 02:51:13] - 2.5530 	 	 0.5140 	 2.8587 	 0.2786
[2025/10/15 02:51:52] - 47 	 18.5 	 	 0.2000 	 4.0902 	 0.2738
[2025/10/15 02:51:52] - ==> Building model..
[2025/10/15 02:52:14] - Test Loss 	 Test Acc 	 PGD Loss 	 PGD Acc
[2025/10/15 02:52:14] - 2.5507 	 	 0.5150 	 2.8564 	 0.2775
[2025/10/15 02:52:54] - 48 	 20.6 	 	 0.2000 	 4.0883 	 0.2768
[2025/10/15 02:52:54] - ==> Building model..
[2025/10/15 02:53:15] - Test Loss 	 Test Acc 	 PGD Loss 	 PGD Acc
[2025/10/15 02:53:15] - 2.5479 	 	 0.5146 	 2.8547 	 0.2793
[2025/10/15 02:53:57] - 49 	 20.3 	 	 0.2000 	 4.0884 	 0.2765
[2025/10/15 02:53:57] - ==> Building model..
[2025/10/15 02:54:18] - Test Loss 	 Test Acc 	 PGD Loss 	 PGD Acc
[2025/10/15 02:54:18] - 2.5477 	 	 0.5159 	 2.8536 	 0.2797
[2025/10/15 02:54:58] - 50 	 19.5 	 	 0.2000 	 4.0894 	 0.2757
[2025/10/15 02:54:58] - ==> Building model..
[2025/10/15 02:55:20] - Test Loss 	 Test Acc 	 PGD Loss 	 PGD Acc
[2025/10/15 02:55:20] - 2.5497 	 	 0.5150 	 2.8552 	 0.2792
[2025/10/15 02:55:59] - 51 	 20.2 	 	 0.2000 	 4.0895 	 0.2729
[2025/10/15 02:55:59] - ==> Building model..
[2025/10/15 02:56:21] - Test Loss 	 Test Acc 	 PGD Loss 	 PGD Acc
[2025/10/15 02:56:21] - 2.5498 	 	 0.5157 	 2.8558 	 0.2798
[2025/10/15 02:57:02] - 52 	 20.9 	 	 0.2000 	 4.0894 	 0.2760
[2025/10/15 02:57:02] - ==> Building model..
[2025/10/15 02:57:23] - Test Loss 	 Test Acc 	 PGD Loss 	 PGD Acc
[2025/10/15 02:57:23] - 2.5516 	 	 0.5147 	 2.8567 	 0.2779
[2025/10/15 02:58:03] - 53 	 21.1 	 	 0.2000 	 4.0881 	 0.2783
[2025/10/15 02:58:03] - ==> Building model..
[2025/10/15 02:58:22] - Test Loss 	 Test Acc 	 PGD Loss 	 PGD Acc
[2025/10/15 02:58:22] - 2.5525 	 	 0.5144 	 2.8567 	 0.2785
[2025/10/15 02:59:02] - 54 	 20.0 	 	 0.2000 	 4.0912 	 0.2764
[2025/10/15 02:59:02] - ==> Building model..
[2025/10/15 02:59:23] - Test Loss 	 Test Acc 	 PGD Loss 	 PGD Acc
[2025/10/15 02:59:23] - 2.5539 	 	 0.5147 	 2.8580 	 0.2776
[2025/10/15 03:00:02] - 55 	 19.4 	 	 0.2000 	 4.0895 	 0.2777
[2025/10/15 03:00:02] - ==> Building model..
[2025/10/15 03:00:22] - Test Loss 	 Test Acc 	 PGD Loss 	 PGD Acc
[2025/10/15 03:00:22] - 2.5542 	 	 0.5141 	 2.8582 	 0.2787
[2025/10/15 03:01:00] - 56 	 19.1 	 	 0.2000 	 4.0916 	 0.2765
[2025/10/15 03:01:00] - ==> Building model..
[2025/10/15 03:01:22] - Test Loss 	 Test Acc 	 PGD Loss 	 PGD Acc
[2025/10/15 03:01:22] - 2.5555 	 	 0.5147 	 2.8592 	 0.2781
[2025/10/15 03:02:02] - 57 	 20.1 	 	 0.2000 	 4.0917 	 0.2777
[2025/10/15 03:02:02] - ==> Building model..
[2025/10/15 03:02:21] - Test Loss 	 Test Acc 	 PGD Loss 	 PGD Acc
[2025/10/15 03:02:21] - 2.5554 	 	 0.5155 	 2.8594 	 0.2783
[2025/10/15 03:02:59] - 58 	 19.0 	 	 0.2000 	 4.0906 	 0.2785
[2025/10/15 03:02:59] - ==> Building model..
[2025/10/15 03:03:20] - Test Loss 	 Test Acc 	 PGD Loss 	 PGD Acc
[2025/10/15 03:03:20] - 2.5579 	 	 0.5162 	 2.8604 	 0.2797
[2025/10/15 03:04:00] - 59 	 19.8 	 	 0.2000 	 4.0935 	 0.2782
[2025/10/15 03:04:00] - ==> Building model..
[2025/10/15 03:04:19] - Test Loss 	 Test Acc 	 PGD Loss 	 PGD Acc
[2025/10/15 03:04:19] - 2.5595 	 	 0.5154 	 2.8615 	 0.2791
[2025/10/15 03:04:59] - 60 	 18.8 	 	 0.2000 	 4.0907 	 0.2789
[2025/10/15 03:04:59] - ==> Building model..
[2025/10/15 03:05:20] - Test Loss 	 Test Acc 	 PGD Loss 	 PGD Acc
[2025/10/15 03:05:20] - 2.5628 	 	 0.5153 	 2.8639 	 0.2805
[2025/10/15 03:06:01] - 61 	 21.3 	 	 0.2000 	 4.0926 	 0.2759
[2025/10/15 03:06:01] - ==> Building model..
[2025/10/15 03:06:22] - Test Loss 	 Test Acc 	 PGD Loss 	 PGD Acc
[2025/10/15 03:06:22] - 2.5654 	 	 0.5166 	 2.8655 	 0.2809
[2025/10/15 03:07:02] - 62 	 21.1 	 	 0.2000 	 4.0928 	 0.2800
[2025/10/15 03:07:02] - ==> Building model..
[2025/10/15 03:07:21] - Test Loss 	 Test Acc 	 PGD Loss 	 PGD Acc
[2025/10/15 03:07:21] - 2.5660 	 	 0.5163 	 2.8657 	 0.2817
[2025/10/15 03:08:05] - 63 	 21.5 	 	 0.2000 	 4.0949 	 0.2744
[2025/10/15 03:08:05] - ==> Building model..
[2025/10/15 03:08:26] - Test Loss 	 Test Acc 	 PGD Loss 	 PGD Acc
[2025/10/15 03:08:26] - 2.5687 	 	 0.5164 	 2.8668 	 0.2809
[2025/10/15 03:09:08] - 64 	 20.8 	 	 0.2000 	 4.0926 	 0.2794
[2025/10/15 03:09:08] - ==> Building model..
[2025/10/15 03:09:30] - Test Loss 	 Test Acc 	 PGD Loss 	 PGD Acc
[2025/10/15 03:09:30] - 2.5720 	 	 0.5178 	 2.8692 	 0.2797
[2025/10/15 03:10:11] - 65 	 20.0 	 	 0.2000 	 4.0908 	 0.2801
[2025/10/15 03:10:11] - ==> Building model..
[2025/10/15 03:10:32] - Test Loss 	 Test Acc 	 PGD Loss 	 PGD Acc
[2025/10/15 03:10:32] - 2.5750 	 	 0.5166 	 2.8711 	 0.2800
[2025/10/15 03:11:15] - 66 	 21.6 	 	 0.2000 	 4.0919 	 0.2768
[2025/10/15 03:11:15] - ==> Building model..
[2025/10/15 03:11:36] - Test Loss 	 Test Acc 	 PGD Loss 	 PGD Acc
[2025/10/15 03:11:36] - 2.5770 	 	 0.5178 	 2.8726 	 0.2804
[2025/10/15 03:12:18] - 67 	 21.6 	 	 0.2000 	 4.0932 	 0.2795
[2025/10/15 03:12:18] - ==> Building model..
[2025/10/15 03:12:41] - Test Loss 	 Test Acc 	 PGD Loss 	 PGD Acc
[2025/10/15 03:12:41] - 2.5789 	 	 0.5174 	 2.8737 	 0.2796
[2025/10/15 03:13:17] - 68 	 17.9 	 	 0.2000 	 4.0913 	 0.2793
[2025/10/15 03:13:17] - ==> Building model..
[2025/10/15 03:13:36] - Test Loss 	 Test Acc 	 PGD Loss 	 PGD Acc
[2025/10/15 03:13:36] - 2.5805 	 	 0.5166 	 2.8747 	 0.2814
[2025/10/15 03:14:17] - 69 	 20.3 	 	 0.2000 	 4.0932 	 0.2773
[2025/10/15 03:14:17] - ==> Building model..
[2025/10/15 03:14:37] - Test Loss 	 Test Acc 	 PGD Loss 	 PGD Acc
[2025/10/15 03:14:37] - 2.5829 	 	 0.5165 	 2.8764 	 0.2811
[2025/10/15 03:15:17] - 70 	 20.1 	 	 0.2000 	 4.0937 	 0.2757
[2025/10/15 03:15:17] - ==> Building model..
[2025/10/15 03:15:37] - Test Loss 	 Test Acc 	 PGD Loss 	 PGD Acc
[2025/10/15 03:15:37] - 2.5842 	 	 0.5174 	 2.8778 	 0.2811
[2025/10/15 03:16:17] - 71 	 19.7 	 	 0.2000 	 4.0921 	 0.2768
[2025/10/15 03:16:17] - ==> Building model..
[2025/10/15 03:16:38] - Test Loss 	 Test Acc 	 PGD Loss 	 PGD Acc
[2025/10/15 03:16:38] - 2.5855 	 	 0.5169 	 2.8785 	 0.2813
[2025/10/15 03:17:18] - 72 	 20.0 	 	 0.2000 	 4.0919 	 0.2753
[2025/10/15 03:17:18] - ==> Building model..
[2025/10/15 03:17:36] - Test Loss 	 Test Acc 	 PGD Loss 	 PGD Acc
[2025/10/15 03:17:36] - 2.5882 	 	 0.5158 	 2.8799 	 0.2816
[2025/10/15 03:18:15] - 73 	 19.3 	 	 0.2000 	 4.0905 	 0.2786
[2025/10/15 03:18:15] - ==> Building model..
[2025/10/15 03:18:37] - Test Loss 	 Test Acc 	 PGD Loss 	 PGD Acc
[2025/10/15 03:18:37] - 2.5893 	 	 0.5169 	 2.8807 	 0.2824
[2025/10/15 03:19:18] - 74 	 20.8 	 	 0.2000 	 4.0924 	 0.2772
[2025/10/15 03:19:18] - ==> Building model..
[2025/10/15 03:19:40] - Test Loss 	 Test Acc 	 PGD Loss 	 PGD Acc
[2025/10/15 03:19:40] - 2.5911 	 	 0.5165 	 2.8820 	 0.2808
[2025/10/15 03:20:20] - 75 	 20.7 	 	 0.2000 	 4.0914 	 0.2782
[2025/10/15 03:20:20] - ==> Building model..
[2025/10/15 03:20:40] - Test Loss 	 Test Acc 	 PGD Loss 	 PGD Acc
[2025/10/15 03:20:40] - 2.5925 	 	 0.5163 	 2.8834 	 0.2812
[2025/10/15 03:21:16] - 76 	 17.2 	 	 0.2000 	 4.0910 	 0.2786
[2025/10/15 03:21:16] - ==> Building model..
[2025/10/15 03:21:37] - Test Loss 	 Test Acc 	 PGD Loss 	 PGD Acc
[2025/10/15 03:21:37] - 2.5931 	 	 0.5158 	 2.8835 	 0.2823
[2025/10/15 03:22:14] - 77 	 18.6 	 	 0.2000 	 4.0916 	 0.2788
[2025/10/15 03:22:14] - ==> Building model..
[2025/10/15 03:22:36] - Test Loss 	 Test Acc 	 PGD Loss 	 PGD Acc
[2025/10/15 03:22:36] - 2.5948 	 	 0.5164 	 2.8845 	 0.2816
[2025/10/15 03:23:14] - 78 	 18.7 	 	 0.2000 	 4.0915 	 0.2794
[2025/10/15 03:23:14] - ==> Building model..
[2025/10/15 03:23:36] - Test Loss 	 Test Acc 	 PGD Loss 	 PGD Acc
[2025/10/15 03:23:36] - 2.5948 	 	 0.5175 	 2.8846 	 0.2801
[2025/10/15 03:24:17] - 79 	 20.4 	 	 0.2000 	 4.0920 	 0.2779
[2025/10/15 03:24:17] - ==> Building model..
[2025/10/15 03:24:36] - Test Loss 	 Test Acc 	 PGD Loss 	 PGD Acc
[2025/10/15 03:24:36] - 2.5949 	 	 0.5178 	 2.8843 	 0.2798
[2025/10/15 03:25:16] - 80 	 19.1 	 	 0.2000 	 4.0903 	 0.2787
[2025/10/15 03:25:16] - ==> Building model..
[2025/10/15 03:25:35] - Test Loss 	 Test Acc 	 PGD Loss 	 PGD Acc
[2025/10/15 03:25:35] - 2.5954 	 	 0.5167 	 2.8847 	 0.2795
[2025/10/15 03:26:14] - 81 	 19.2 	 	 0.2000 	 4.0913 	 0.2783
[2025/10/15 03:26:14] - ==> Building model..
[2025/10/15 03:26:34] - Test Loss 	 Test Acc 	 PGD Loss 	 PGD Acc
[2025/10/15 03:26:34] - 2.5958 	 	 0.5173 	 2.8850 	 0.2792
[2025/10/15 03:27:14] - 82 	 19.5 	 	 0.2000 	 4.0926 	 0.2773
[2025/10/15 03:27:14] - ==> Building model..
[2025/10/15 03:27:34] - Test Loss 	 Test Acc 	 PGD Loss 	 PGD Acc
[2025/10/15 03:27:34] - 2.5949 	 	 0.5180 	 2.8847 	 0.2806
[2025/10/15 03:28:14] - 83 	 19.7 	 	 0.2000 	 4.0889 	 0.2802
[2025/10/15 03:28:14] - ==> Building model..
[2025/10/15 03:28:34] - Test Loss 	 Test Acc 	 PGD Loss 	 PGD Acc
[2025/10/15 03:28:34] - 2.5945 	 	 0.5189 	 2.8842 	 0.2809
[2025/10/15 03:29:13] - 84 	 18.8 	 	 0.2000 	 4.0918 	 0.2774
[2025/10/15 03:29:13] - ==> Building model..
[2025/10/15 03:29:34] - Test Loss 	 Test Acc 	 PGD Loss 	 PGD Acc
[2025/10/15 03:29:34] - 2.5941 	 	 0.5176 	 2.8837 	 0.2815
[2025/10/15 03:30:14] - 85 	 20.3 	 	 0.2000 	 4.0912 	 0.2798
[2025/10/15 03:30:14] - ==> Building model..
[2025/10/15 03:30:35] - Test Loss 	 Test Acc 	 PGD Loss 	 PGD Acc
[2025/10/15 03:30:35] - 2.5942 	 	 0.5177 	 2.8843 	 0.2815
[2025/10/15 03:31:13] - 86 	 18.6 	 	 0.2000 	 4.0913 	 0.2784
[2025/10/15 03:31:13] - ==> Building model..
[2025/10/15 03:31:35] - Test Loss 	 Test Acc 	 PGD Loss 	 PGD Acc
[2025/10/15 03:31:35] - 2.5958 	 	 0.5181 	 2.8855 	 0.2808
[2025/10/15 03:32:13] - 87 	 19.5 	 	 0.2000 	 4.0909 	 0.2807
[2025/10/15 03:32:13] - ==> Building model..
[2025/10/15 03:32:33] - Test Loss 	 Test Acc 	 PGD Loss 	 PGD Acc
[2025/10/15 03:32:33] - 2.5979 	 	 0.5177 	 2.8874 	 0.2812
[2025/10/15 03:33:09] - 88 	 17.6 	 	 0.2000 	 4.0919 	 0.2772
[2025/10/15 03:33:09] - ==> Building model..
[2025/10/15 03:33:29] - Test Loss 	 Test Acc 	 PGD Loss 	 PGD Acc
[2025/10/15 03:33:29] - 2.5994 	 	 0.5174 	 2.8882 	 0.2820
[2025/10/15 03:34:08] - 89 	 19.4 	 	 0.2000 	 4.0899 	 0.2810
[2025/10/15 03:34:08] - ==> Building model..
[2025/10/15 03:34:27] - Test Loss 	 Test Acc 	 PGD Loss 	 PGD Acc
[2025/10/15 03:34:27] - 2.6010 	 	 0.5173 	 2.8888 	 0.2808
[2025/10/15 03:35:05] - 90 	 17.7 	 	 0.0200 	 3.9961 	 0.3413
[2025/10/15 03:35:05] - ==> Building model..
[2025/10/15 03:35:23] - Test Loss 	 Test Acc 	 PGD Loss 	 PGD Acc
[2025/10/15 03:35:23] - 2.5990 	 	 0.5184 	 2.8879 	 0.2814
[2025/10/15 03:35:59] - 91 	 16.9 	 	 0.0200 	 3.9032 	 0.4013
[2025/10/15 03:35:59] - ==> Building model..
[2025/10/15 03:36:19] - Test Loss 	 Test Acc 	 PGD Loss 	 PGD Acc
[2025/10/15 03:36:19] - 2.5978 	 	 0.5191 	 2.8869 	 0.2821
[2025/10/15 03:36:56] - 92 	 18.1 	 	 0.0200 	 3.8767 	 0.4210
[2025/10/15 03:36:56] - ==> Building model..
[2025/10/15 03:37:17] - Test Loss 	 Test Acc 	 PGD Loss 	 PGD Acc
[2025/10/15 03:37:17] - 2.5973 	 	 0.5190 	 2.8866 	 0.2818
[2025/10/15 03:37:54] - 93 	 17.2 	 	 0.0200 	 3.8592 	 0.4316
[2025/10/15 03:37:54] - ==> Building model..
[2025/10/15 03:38:15] - Test Loss 	 Test Acc 	 PGD Loss 	 PGD Acc
[2025/10/15 03:38:15] - 2.5974 	 	 0.5190 	 2.8871 	 0.2816
[2025/10/15 03:38:52] - 94 	 18.0 	 	 0.0200 	 3.8438 	 0.4412
[2025/10/15 03:38:52] - ==> Building model..
[2025/10/15 03:39:13] - Test Loss 	 Test Acc 	 PGD Loss 	 PGD Acc
[2025/10/15 03:39:13] - 2.5987 	 	 0.5190 	 2.8882 	 0.2819
[2025/10/15 03:39:51] - 95 	 19.4 	 	 0.0200 	 3.8315 	 0.4514
[2025/10/15 03:39:51] - ==> Building model..
[2025/10/15 03:40:12] - Test Loss 	 Test Acc 	 PGD Loss 	 PGD Acc
[2025/10/15 03:40:12] - 2.6019 	 	 0.5189 	 2.8911 	 0.2819
[2025/10/15 03:40:49] - 96 	 17.4 	 	 0.0200 	 3.8213 	 0.4595
[2025/10/15 03:40:49] - ==> Building model..
[2025/10/15 03:41:08] - Test Loss 	 Test Acc 	 PGD Loss 	 PGD Acc
[2025/10/15 03:41:08] - 2.6040 	 	 0.5192 	 2.8928 	 0.2824
[2025/10/15 03:41:44] - 97 	 16.6 	 	 0.0200 	 3.8123 	 0.4661
[2025/10/15 03:41:44] - ==> Building model..
[2025/10/15 03:42:03] - Test Loss 	 Test Acc 	 PGD Loss 	 PGD Acc
[2025/10/15 03:42:03] - 2.6058 	 	 0.5191 	 2.8939 	 0.2831
[2025/10/15 03:42:39] - 98 	 17.2 	 	 0.0200 	 3.8040 	 0.4727
[2025/10/15 03:42:39] - ==> Building model..
[2025/10/15 03:42:58] - Test Loss 	 Test Acc 	 PGD Loss 	 PGD Acc
[2025/10/15 03:42:58] - 2.6101 	 	 0.5187 	 2.8979 	 0.2823
[2025/10/15 03:43:35] - 99 	 17.5 	 	 0.0200 	 3.7962 	 0.4768
[2025/10/15 03:43:35] - ==> Building model..
[2025/10/15 03:43:56] - Test Loss 	 Test Acc 	 PGD Loss 	 PGD Acc
[2025/10/15 03:43:56] - 2.6113 	 	 0.5186 	 2.8987 	 0.2831
[2025/10/15 03:43:56] - [0.0844, 0.1397, 0.1814, 0.2355, 0.2701, 0.3066, 0.3433, 0.3756, 0.3989, 0.4137, 0.426, 0.4353, 0.4465, 0.452, 0.4575, 0.4657, 0.4725, 0.4772, 0.4821, 0.4844, 0.4855, 0.4883, 0.4925, 0.4944, 0.4941, 0.4977, 0.4976, 0.5006, 0.5007, 0.5006, 0.5022, 0.5019, 0.5029, 0.5049, 0.505, 0.5077, 0.5094, 0.5098, 0.5107, 0.5113, 0.5123, 0.5121, 0.5123, 0.512, 0.5146, 0.5133, 0.514, 0.515, 0.5146, 0.5159, 0.515, 0.5157, 0.5147, 0.5144, 0.5147, 0.5141, 0.5147, 0.5155, 0.5162, 0.5154, 0.5153, 0.5166, 0.5163, 0.5164, 0.5178, 0.5166, 0.5178, 0.5174, 0.5166, 0.5165, 0.5174, 0.5169, 0.5158, 0.5169, 0.5165, 0.5163, 0.5158, 0.5164, 0.5175, 0.5178, 0.5167, 0.5173, 0.518, 0.5189, 0.5176, 0.5177, 0.5181, 0.5177, 0.5174, 0.5173, 0.5184, 0.5191, 0.519, 0.519, 0.519, 0.5189, 0.5192, 0.5191, 0.5187, 0.5186]
[2025/10/15 03:43:56] - [0.0575, 0.091, 0.1133, 0.1384, 0.1586, 0.1765, 0.1922, 0.207, 0.219, 0.2261, 0.2316, 0.2372, 0.2402, 0.2468, 0.247, 0.251, 0.2542, 0.2566, 0.2587, 0.2591, 0.258, 0.2601, 0.2636, 0.264, 0.2647, 0.2669, 0.2674, 0.2675, 0.2677, 0.2703, 0.2692, 0.2678, 0.2684, 0.2713, 0.2727, 0.273, 0.2721, 0.2732, 0.2747, 0.2756, 0.2749, 0.2741, 0.2744, 0.2758, 0.277, 0.2786, 0.2786, 0.2775, 0.2793, 0.2797, 0.2792, 0.2798, 0.2779, 0.2785, 0.2776, 0.2787, 0.2781, 0.2783, 0.2797, 0.2791, 0.2805, 0.2809, 0.2817, 0.2809, 0.2797, 0.28, 0.2804, 0.2796, 0.2814, 0.2811, 0.2811, 0.2813, 0.2816, 0.2824, 0.2808, 0.2812, 0.2823, 0.2816, 0.2801, 0.2798, 0.2795, 0.2792, 0.2806, 0.2809, 0.2815, 0.2815, 0.2808, 0.2812, 0.282, 0.2808, 0.2814, 0.2821, 0.2818, 0.2816, 0.2819, 0.2819, 0.2824, 0.2831, 0.2823, 0.2831]
