[2025/10/15 08:45:12] - Namespace(batch_size=128, data_dir='cifar-data', epochs=100, lr_schedule='multistep', lr_min=0.0, lr_max=0.2, weight_decay=0.0005, momentum=0.9, model='ResNet18', epsilon=8, alpha=8, delta_init='random', normal_mean=0, normal_std=1, out_dir='./output/CIFAR100/lamda_37_lamscale_0.15_run3', seed=0, lamda=37.0, lam_scale=0.15, lam_start=50, gamma=0.05, inner_gamma=0.05, beta=0.2, mu=3.5, batch_m=0.75, early_stop=False, factor=0.5, length=4, n_holes=1, c_num=0.125, EMA_value=0.55)
[2025/10/15 08:45:14] - ==> Building model..
[2025/10/15 08:45:14] - Epoch 	 Seconds 	 LR 	 	 Train Loss 	 Train Acc
[2025/10/15 08:45:52] - 0 	 18.7 	 	 0.2000 	 4.5680 	 0.0396
[2025/10/15 08:45:52] - ==> Building model..
[2025/10/15 08:46:12] - Test Loss 	 Test Acc 	 PGD Loss 	 PGD Acc
[2025/10/15 08:46:12] - 4.1994 	 	 0.0922 	 4.2144 	 0.0628
[2025/10/15 08:46:51] - 1 	 18.3 	 	 0.2000 	 4.4570 	 0.0798
[2025/10/15 08:46:51] - ==> Building model..
[2025/10/15 08:47:12] - Test Loss 	 Test Acc 	 PGD Loss 	 PGD Acc
[2025/10/15 08:47:12] - 4.0508 	 	 0.1448 	 4.0791 	 0.0954
[2025/10/15 08:47:49] - 2 	 17.8 	 	 0.2000 	 4.4062 	 0.1053
[2025/10/15 08:47:49] - ==> Building model..
[2025/10/15 08:48:10] - Test Loss 	 Test Acc 	 PGD Loss 	 PGD Acc
[2025/10/15 08:48:10] - 3.9482 	 	 0.1795 	 3.9905 	 0.1101
[2025/10/15 08:48:47] - 3 	 17.6 	 	 0.2000 	 4.3600 	 0.1265
[2025/10/15 08:48:47] - ==> Building model..
[2025/10/15 08:49:07] - Test Loss 	 Test Acc 	 PGD Loss 	 PGD Acc
[2025/10/15 08:49:07] - 3.7748 	 	 0.2270 	 3.8397 	 0.1355
[2025/10/15 08:49:45] - 4 	 17.5 	 	 0.2000 	 4.3174 	 0.1482
[2025/10/15 08:49:45] - ==> Building model..
[2025/10/15 08:50:06] - Test Loss 	 Test Acc 	 PGD Loss 	 PGD Acc
[2025/10/15 08:50:06] - 3.6701 	 	 0.2590 	 3.7541 	 0.1555
[2025/10/15 08:50:45] - 5 	 18.9 	 	 0.2000 	 4.2774 	 0.1670
[2025/10/15 08:50:45] - ==> Building model..
[2025/10/15 08:51:05] - Test Loss 	 Test Acc 	 PGD Loss 	 PGD Acc
[2025/10/15 08:51:05] - 3.4138 	 	 0.3064 	 3.5334 	 0.1800
[2025/10/15 08:51:40] - 6 	 16.9 	 	 0.2000 	 4.2451 	 0.1856
[2025/10/15 08:51:40] - ==> Building model..
[2025/10/15 08:52:00] - Test Loss 	 Test Acc 	 PGD Loss 	 PGD Acc
[2025/10/15 08:52:00] - 3.1919 	 	 0.3503 	 3.3465 	 0.1933
[2025/10/15 08:52:37] - 7 	 18.0 	 	 0.2000 	 4.2236 	 0.1985
[2025/10/15 08:52:37] - ==> Building model..
[2025/10/15 08:52:57] - Test Loss 	 Test Acc 	 PGD Loss 	 PGD Acc
[2025/10/15 08:52:57] - 3.0621 	 	 0.3807 	 3.2424 	 0.2039
[2025/10/15 08:53:35] - 8 	 18.5 	 	 0.2000 	 4.2041 	 0.2077
[2025/10/15 08:53:35] - ==> Building model..
[2025/10/15 08:53:56] - Test Loss 	 Test Acc 	 PGD Loss 	 PGD Acc
[2025/10/15 08:53:56] - 2.9700 	 	 0.3999 	 3.1690 	 0.2148
[2025/10/15 08:54:37] - 9 	 20.8 	 	 0.2000 	 4.1878 	 0.2175
[2025/10/15 08:54:37] - ==> Building model..
[2025/10/15 08:54:58] - Test Loss 	 Test Acc 	 PGD Loss 	 PGD Acc
[2025/10/15 08:54:58] - 2.9179 	 	 0.4121 	 3.1302 	 0.2221
[2025/10/15 08:55:41] - 10 	 21.2 	 	 0.2000 	 4.1759 	 0.2246
[2025/10/15 08:55:41] - ==> Building model..
[2025/10/15 08:55:59] - Test Loss 	 Test Acc 	 PGD Loss 	 PGD Acc
[2025/10/15 08:55:59] - 2.8709 	 	 0.4255 	 3.0946 	 0.2304
[2025/10/15 08:56:38] - 11 	 18.1 	 	 0.2000 	 4.1675 	 0.2283
[2025/10/15 08:56:38] - ==> Building model..
[2025/10/15 08:57:00] - Test Loss 	 Test Acc 	 PGD Loss 	 PGD Acc
[2025/10/15 08:57:00] - 2.8291 	 	 0.4357 	 3.0622 	 0.2358
[2025/10/15 08:57:40] - 12 	 21.6 	 	 0.2000 	 4.1568 	 0.2358
[2025/10/15 08:57:40] - ==> Building model..
[2025/10/15 08:58:02] - Test Loss 	 Test Acc 	 PGD Loss 	 PGD Acc
[2025/10/15 08:58:02] - 2.7851 	 	 0.4488 	 3.0286 	 0.2411
[2025/10/15 08:58:43] - 13 	 20.8 	 	 0.2000 	 4.1539 	 0.2370
[2025/10/15 08:58:43] - ==> Building model..
[2025/10/15 08:59:04] - Test Loss 	 Test Acc 	 PGD Loss 	 PGD Acc
[2025/10/15 08:59:04] - 2.7522 	 	 0.4534 	 3.0023 	 0.2439
[2025/10/15 08:59:44] - 14 	 21.1 	 	 0.2000 	 4.1471 	 0.2411
[2025/10/15 08:59:44] - ==> Building model..
[2025/10/15 09:00:04] - Test Loss 	 Test Acc 	 PGD Loss 	 PGD Acc
[2025/10/15 09:00:04] - 2.7324 	 	 0.4586 	 2.9879 	 0.2473
[2025/10/15 09:00:44] - 15 	 21.3 	 	 0.2000 	 4.1406 	 0.2452
[2025/10/15 09:00:44] - ==> Building model..
[2025/10/15 09:01:05] - Test Loss 	 Test Acc 	 PGD Loss 	 PGD Acc
[2025/10/15 09:01:05] - 2.7157 	 	 0.4657 	 2.9773 	 0.2498
[2025/10/15 09:01:45] - 16 	 21.1 	 	 0.2000 	 4.1366 	 0.2497
[2025/10/15 09:01:45] - ==> Building model..
[2025/10/15 09:02:06] - Test Loss 	 Test Acc 	 PGD Loss 	 PGD Acc
[2025/10/15 09:02:06] - 2.6956 	 	 0.4667 	 2.9594 	 0.2513
[2025/10/15 09:02:45] - 17 	 20.8 	 	 0.2000 	 4.1339 	 0.2488
[2025/10/15 09:02:45] - ==> Building model..
[2025/10/15 09:03:07] - Test Loss 	 Test Acc 	 PGD Loss 	 PGD Acc
[2025/10/15 09:03:07] - 2.6837 	 	 0.4722 	 2.9521 	 0.2530
[2025/10/15 09:03:49] - 18 	 21.5 	 	 0.2000 	 4.1286 	 0.2523
[2025/10/15 09:03:49] - ==> Building model..
[2025/10/15 09:04:08] - Test Loss 	 Test Acc 	 PGD Loss 	 PGD Acc
[2025/10/15 09:04:08] - 2.6715 	 	 0.4752 	 2.9431 	 0.2543
[2025/10/15 09:04:54] - 19 	 21.4 	 	 0.2000 	 4.1249 	 0.2544
[2025/10/15 09:04:54] - ==> Building model..
[2025/10/15 09:05:13] - Test Loss 	 Test Acc 	 PGD Loss 	 PGD Acc
[2025/10/15 09:05:13] - 2.6621 	 	 0.4775 	 2.9371 	 0.2557
[2025/10/15 09:05:54] - 20 	 19.8 	 	 0.2000 	 4.1226 	 0.2560
[2025/10/15 09:05:54] - ==> Building model..
[2025/10/15 09:06:15] - Test Loss 	 Test Acc 	 PGD Loss 	 PGD Acc
[2025/10/15 09:06:15] - 2.6543 	 	 0.4795 	 2.9317 	 0.2580
[2025/10/15 09:06:56] - 21 	 20.6 	 	 0.2000 	 4.1186 	 0.2565
[2025/10/15 09:06:56] - ==> Building model..
[2025/10/15 09:07:18] - Test Loss 	 Test Acc 	 PGD Loss 	 PGD Acc
[2025/10/15 09:07:18] - 2.6418 	 	 0.4821 	 2.9224 	 0.2579
[2025/10/15 09:07:59] - 22 	 21.4 	 	 0.2000 	 4.1193 	 0.2580
[2025/10/15 09:07:59] - ==> Building model..
[2025/10/15 09:08:19] - Test Loss 	 Test Acc 	 PGD Loss 	 PGD Acc
[2025/10/15 09:08:19] - 2.6325 	 	 0.4866 	 2.9154 	 0.2596
[2025/10/15 09:09:00] - 23 	 21.7 	 	 0.2000 	 4.1169 	 0.2591
[2025/10/15 09:09:00] - ==> Building model..
[2025/10/15 09:09:21] - Test Loss 	 Test Acc 	 PGD Loss 	 PGD Acc
[2025/10/15 09:09:21] - 2.6273 	 	 0.4855 	 2.9113 	 0.2615
[2025/10/15 09:10:02] - 24 	 20.9 	 	 0.2000 	 4.1131 	 0.2617
[2025/10/15 09:10:02] - ==> Building model..
[2025/10/15 09:10:23] - Test Loss 	 Test Acc 	 PGD Loss 	 PGD Acc
[2025/10/15 09:10:23] - 2.6231 	 	 0.4870 	 2.9080 	 0.2625
[2025/10/15 09:11:04] - 25 	 20.5 	 	 0.2000 	 4.1110 	 0.2643
[2025/10/15 09:11:04] - ==> Building model..
[2025/10/15 09:11:26] - Test Loss 	 Test Acc 	 PGD Loss 	 PGD Acc
[2025/10/15 09:11:26] - 2.6126 	 	 0.4926 	 2.9004 	 0.2621
[2025/10/15 09:12:06] - 26 	 21.1 	 	 0.2000 	 4.1087 	 0.2636
[2025/10/15 09:12:06] - ==> Building model..
[2025/10/15 09:12:27] - Test Loss 	 Test Acc 	 PGD Loss 	 PGD Acc
[2025/10/15 09:12:27] - 2.6020 	 	 0.4952 	 2.8925 	 0.2646
[2025/10/15 09:13:09] - 27 	 21.4 	 	 0.2000 	 4.1068 	 0.2659
[2025/10/15 09:13:09] - ==> Building model..
[2025/10/15 09:13:31] - Test Loss 	 Test Acc 	 PGD Loss 	 PGD Acc
[2025/10/15 09:13:31] - 2.5952 	 	 0.4993 	 2.8878 	 0.2634
[2025/10/15 09:14:09] - 28 	 18.7 	 	 0.2000 	 4.1067 	 0.2645
[2025/10/15 09:14:09] - ==> Building model..
[2025/10/15 09:14:29] - Test Loss 	 Test Acc 	 PGD Loss 	 PGD Acc
[2025/10/15 09:14:29] - 2.5988 	 	 0.4989 	 2.8913 	 0.2650
[2025/10/15 09:15:10] - 29 	 20.3 	 	 0.2000 	 4.1047 	 0.2665
[2025/10/15 09:15:10] - ==> Building model..
[2025/10/15 09:15:32] - Test Loss 	 Test Acc 	 PGD Loss 	 PGD Acc
[2025/10/15 09:15:32] - 2.5904 	 	 0.5002 	 2.8850 	 0.2662
[2025/10/15 09:16:13] - 30 	 20.8 	 	 0.2000 	 4.1056 	 0.2643
[2025/10/15 09:16:13] - ==> Building model..
[2025/10/15 09:16:35] - Test Loss 	 Test Acc 	 PGD Loss 	 PGD Acc
[2025/10/15 09:16:35] - 2.5866 	 	 0.5015 	 2.8818 	 0.2673
[2025/10/15 09:17:16] - 31 	 21.4 	 	 0.2000 	 4.1025 	 0.2666
[2025/10/15 09:17:16] - ==> Building model..
[2025/10/15 09:17:38] - Test Loss 	 Test Acc 	 PGD Loss 	 PGD Acc
[2025/10/15 09:17:38] - 2.5795 	 	 0.5012 	 2.8759 	 0.2683
[2025/10/15 09:18:19] - 32 	 20.1 	 	 0.2000 	 4.1013 	 0.2664
[2025/10/15 09:18:19] - ==> Building model..
[2025/10/15 09:18:41] - Test Loss 	 Test Acc 	 PGD Loss 	 PGD Acc
[2025/10/15 09:18:41] - 2.5758 	 	 0.5022 	 2.8727 	 0.2693
[2025/10/15 09:19:22] - 33 	 21.0 	 	 0.2000 	 4.0992 	 0.2679
[2025/10/15 09:19:22] - ==> Building model..
[2025/10/15 09:19:44] - Test Loss 	 Test Acc 	 PGD Loss 	 PGD Acc
[2025/10/15 09:19:44] - 2.5697 	 	 0.5023 	 2.8669 	 0.2693
[2025/10/15 09:20:24] - 34 	 21.0 	 	 0.2000 	 4.1005 	 0.2693
[2025/10/15 09:20:24] - ==> Building model..
[2025/10/15 09:20:42] - Test Loss 	 Test Acc 	 PGD Loss 	 PGD Acc
[2025/10/15 09:20:42] - 2.5650 	 	 0.5042 	 2.8628 	 0.2688
[2025/10/15 09:21:23] - 35 	 19.2 	 	 0.2000 	 4.0962 	 0.2733
[2025/10/15 09:21:23] - ==> Building model..
[2025/10/15 09:21:45] - Test Loss 	 Test Acc 	 PGD Loss 	 PGD Acc
[2025/10/15 09:21:45] - 2.5635 	 	 0.5042 	 2.8627 	 0.2706
[2025/10/15 09:22:28] - 36 	 20.9 	 	 0.2000 	 4.0975 	 0.2719
[2025/10/15 09:22:28] - ==> Building model..
[2025/10/15 09:22:47] - Test Loss 	 Test Acc 	 PGD Loss 	 PGD Acc
[2025/10/15 09:22:47] - 2.5631 	 	 0.5066 	 2.8641 	 0.2708
[2025/10/15 09:23:28] - 37 	 20.9 	 	 0.2000 	 4.0968 	 0.2691
[2025/10/15 09:23:28] - ==> Building model..
[2025/10/15 09:23:48] - Test Loss 	 Test Acc 	 PGD Loss 	 PGD Acc
[2025/10/15 09:23:48] - 2.5622 	 	 0.5077 	 2.8637 	 0.2723
[2025/10/15 09:24:27] - 38 	 20.1 	 	 0.2000 	 4.0945 	 0.2720
[2025/10/15 09:24:27] - ==> Building model..
[2025/10/15 09:24:49] - Test Loss 	 Test Acc 	 PGD Loss 	 PGD Acc
[2025/10/15 09:24:49] - 2.5598 	 	 0.5088 	 2.8621 	 0.2736
[2025/10/15 09:25:28] - 39 	 19.8 	 	 0.2000 	 4.0947 	 0.2705
[2025/10/15 09:25:28] - ==> Building model..
[2025/10/15 09:25:49] - Test Loss 	 Test Acc 	 PGD Loss 	 PGD Acc
[2025/10/15 09:25:49] - 2.5604 	 	 0.5086 	 2.8621 	 0.2736
[2025/10/15 09:26:30] - 40 	 20.1 	 	 0.2000 	 4.0941 	 0.2735
[2025/10/15 09:26:30] - ==> Building model..
[2025/10/15 09:26:51] - Test Loss 	 Test Acc 	 PGD Loss 	 PGD Acc
[2025/10/15 09:26:51] - 2.5605 	 	 0.5079 	 2.8630 	 0.2746
[2025/10/15 09:27:31] - 41 	 20.5 	 	 0.2000 	 4.0942 	 0.2735
[2025/10/15 09:27:31] - ==> Building model..
[2025/10/15 09:27:52] - Test Loss 	 Test Acc 	 PGD Loss 	 PGD Acc
[2025/10/15 09:27:52] - 2.5594 	 	 0.5088 	 2.8619 	 0.2743
[2025/10/15 09:28:31] - 42 	 19.8 	 	 0.2000 	 4.0938 	 0.2721
[2025/10/15 09:28:31] - ==> Building model..
[2025/10/15 09:28:53] - Test Loss 	 Test Acc 	 PGD Loss 	 PGD Acc
[2025/10/15 09:28:53] - 2.5569 	 	 0.5093 	 2.8611 	 0.2766
[2025/10/15 09:29:34] - 43 	 21.4 	 	 0.2000 	 4.0934 	 0.2723
[2025/10/15 09:29:34] - ==> Building model..
[2025/10/15 09:29:55] - Test Loss 	 Test Acc 	 PGD Loss 	 PGD Acc
[2025/10/15 09:29:55] - 2.5568 	 	 0.5110 	 2.8614 	 0.2756
[2025/10/15 09:30:36] - 44 	 21.0 	 	 0.2000 	 4.0929 	 0.2743
[2025/10/15 09:30:36] - ==> Building model..
[2025/10/15 09:30:57] - Test Loss 	 Test Acc 	 PGD Loss 	 PGD Acc
[2025/10/15 09:30:57] - 2.5545 	 	 0.5108 	 2.8598 	 0.2760
[2025/10/15 09:31:35] - 45 	 18.3 	 	 0.2000 	 4.0911 	 0.2738
[2025/10/15 09:31:35] - ==> Building model..
[2025/10/15 09:31:52] - Test Loss 	 Test Acc 	 PGD Loss 	 PGD Acc
[2025/10/15 09:31:52] - 2.5555 	 	 0.5105 	 2.8609 	 0.2772
[2025/10/15 09:32:32] - 46 	 20.1 	 	 0.2000 	 4.0892 	 0.2764
[2025/10/15 09:32:32] - ==> Building model..
[2025/10/15 09:32:54] - Test Loss 	 Test Acc 	 PGD Loss 	 PGD Acc
[2025/10/15 09:32:54] - 2.5569 	 	 0.5106 	 2.8625 	 0.2766
[2025/10/15 09:33:31] - 47 	 18.8 	 	 0.2000 	 4.0902 	 0.2750
[2025/10/15 09:33:31] - ==> Building model..
[2025/10/15 09:33:52] - Test Loss 	 Test Acc 	 PGD Loss 	 PGD Acc
[2025/10/15 09:33:52] - 2.5539 	 	 0.5115 	 2.8602 	 0.2777
[2025/10/15 09:34:32] - 48 	 21.0 	 	 0.2000 	 4.0883 	 0.2764
[2025/10/15 09:34:32] - ==> Building model..
[2025/10/15 09:34:55] - Test Loss 	 Test Acc 	 PGD Loss 	 PGD Acc
[2025/10/15 09:34:55] - 2.5552 	 	 0.5125 	 2.8613 	 0.2788
[2025/10/15 09:35:37] - 49 	 21.4 	 	 0.2000 	 4.0877 	 0.2759
[2025/10/15 09:35:37] - ==> Building model..
[2025/10/15 09:35:58] - Test Loss 	 Test Acc 	 PGD Loss 	 PGD Acc
[2025/10/15 09:35:58] - 2.5554 	 	 0.5126 	 2.8618 	 0.2794
[2025/10/15 09:36:38] - 50 	 20.5 	 	 0.2000 	 4.0881 	 0.2752
[2025/10/15 09:36:38] - ==> Building model..
[2025/10/15 09:36:53] - Test Loss 	 Test Acc 	 PGD Loss 	 PGD Acc
[2025/10/15 09:36:53] - 2.5551 	 	 0.5133 	 2.8611 	 0.2789
[2025/10/15 09:37:33] - 51 	 21.1 	 	 0.2000 	 4.0896 	 0.2748
[2025/10/15 09:37:33] - ==> Building model..
[2025/10/15 09:37:52] - Test Loss 	 Test Acc 	 PGD Loss 	 PGD Acc
[2025/10/15 09:37:52] - 2.5591 	 	 0.5129 	 2.8641 	 0.2791
[2025/10/15 09:38:31] - 52 	 19.9 	 	 0.2000 	 4.0899 	 0.2746
[2025/10/15 09:38:31] - ==> Building model..
[2025/10/15 09:38:53] - Test Loss 	 Test Acc 	 PGD Loss 	 PGD Acc
[2025/10/15 09:38:53] - 2.5573 	 	 0.5137 	 2.8634 	 0.2800
[2025/10/15 09:39:33] - 53 	 20.3 	 	 0.2000 	 4.0883 	 0.2794
[2025/10/15 09:39:33] - ==> Building model..
[2025/10/15 09:39:56] - Test Loss 	 Test Acc 	 PGD Loss 	 PGD Acc
[2025/10/15 09:39:56] - 2.5559 	 	 0.5150 	 2.8619 	 0.2794
[2025/10/15 09:40:35] - 54 	 19.2 	 	 0.2000 	 4.0921 	 0.2753
[2025/10/15 09:40:35] - ==> Building model..
[2025/10/15 09:40:56] - Test Loss 	 Test Acc 	 PGD Loss 	 PGD Acc
[2025/10/15 09:40:56] - 2.5544 	 	 0.5148 	 2.8602 	 0.2787
[2025/10/15 09:41:35] - 55 	 18.5 	 	 0.2000 	 4.0905 	 0.2781
[2025/10/15 09:41:35] - ==> Building model..
[2025/10/15 09:41:55] - Test Loss 	 Test Acc 	 PGD Loss 	 PGD Acc
[2025/10/15 09:41:55] - 2.5556 	 	 0.5156 	 2.8608 	 0.2791
[2025/10/15 09:42:30] - 56 	 17.4 	 	 0.2000 	 4.0915 	 0.2766
[2025/10/15 09:42:30] - ==> Building model..
[2025/10/15 09:42:50] - Test Loss 	 Test Acc 	 PGD Loss 	 PGD Acc
[2025/10/15 09:42:50] - 2.5595 	 	 0.5147 	 2.8642 	 0.2797
[2025/10/15 09:43:27] - 57 	 17.9 	 	 0.2000 	 4.0930 	 0.2783
[2025/10/15 09:43:27] - ==> Building model..
[2025/10/15 09:43:48] - Test Loss 	 Test Acc 	 PGD Loss 	 PGD Acc
[2025/10/15 09:43:48] - 2.5615 	 	 0.5163 	 2.8654 	 0.2806
[2025/10/15 09:44:27] - 58 	 18.2 	 	 0.2000 	 4.0938 	 0.2781
[2025/10/15 09:44:27] - ==> Building model..
[2025/10/15 09:44:49] - Test Loss 	 Test Acc 	 PGD Loss 	 PGD Acc
[2025/10/15 09:44:49] - 2.5669 	 	 0.5158 	 2.8695 	 0.2804
[2025/10/15 09:45:27] - 59 	 18.2 	 	 0.2000 	 4.0943 	 0.2767
[2025/10/15 09:45:27] - ==> Building model..
[2025/10/15 09:45:45] - Test Loss 	 Test Acc 	 PGD Loss 	 PGD Acc
[2025/10/15 09:45:45] - 2.5734 	 	 0.5143 	 2.8733 	 0.2799
[2025/10/15 09:46:25] - 60 	 19.0 	 	 0.2000 	 4.0930 	 0.2785
[2025/10/15 09:46:25] - ==> Building model..
[2025/10/15 09:46:44] - Test Loss 	 Test Acc 	 PGD Loss 	 PGD Acc
[2025/10/15 09:46:44] - 2.5762 	 	 0.5155 	 2.8761 	 0.2806
[2025/10/15 09:47:25] - 61 	 20.0 	 	 0.2000 	 4.0937 	 0.2757
[2025/10/15 09:47:25] - ==> Building model..
[2025/10/15 09:47:43] - Test Loss 	 Test Acc 	 PGD Loss 	 PGD Acc
[2025/10/15 09:47:43] - 2.5773 	 	 0.5163 	 2.8762 	 0.2801
[2025/10/15 09:48:24] - 62 	 18.8 	 	 0.2000 	 4.0923 	 0.2788
[2025/10/15 09:48:24] - ==> Building model..
[2025/10/15 09:48:42] - Test Loss 	 Test Acc 	 PGD Loss 	 PGD Acc
[2025/10/15 09:48:42] - 2.5792 	 	 0.5165 	 2.8774 	 0.2812
[2025/10/15 09:49:23] - 63 	 19.1 	 	 0.2000 	 4.0944 	 0.2755
[2025/10/15 09:49:23] - ==> Building model..
[2025/10/15 09:49:44] - Test Loss 	 Test Acc 	 PGD Loss 	 PGD Acc
[2025/10/15 09:49:44] - 2.5806 	 	 0.5167 	 2.8776 	 0.2822
[2025/10/15 09:50:24] - 64 	 19.9 	 	 0.2000 	 4.0915 	 0.2788
[2025/10/15 09:50:24] - ==> Building model..
[2025/10/15 09:50:44] - Test Loss 	 Test Acc 	 PGD Loss 	 PGD Acc
[2025/10/15 09:50:44] - 2.5810 	 	 0.5162 	 2.8776 	 0.2818
[2025/10/15 09:51:21] - 65 	 17.9 	 	 0.2000 	 4.0922 	 0.2788
[2025/10/15 09:51:21] - ==> Building model..
[2025/10/15 09:51:39] - Test Loss 	 Test Acc 	 PGD Loss 	 PGD Acc
[2025/10/15 09:51:39] - 2.5829 	 	 0.5164 	 2.8784 	 0.2828
[2025/10/15 09:52:21] - 66 	 19.2 	 	 0.2000 	 4.0914 	 0.2778
[2025/10/15 09:52:21] - ==> Building model..
[2025/10/15 09:52:39] - Test Loss 	 Test Acc 	 PGD Loss 	 PGD Acc
[2025/10/15 09:52:39] - 2.5836 	 	 0.5176 	 2.8794 	 0.2819
[2025/10/15 09:53:20] - 67 	 19.6 	 	 0.2000 	 4.0917 	 0.2770
[2025/10/15 09:53:20] - ==> Building model..
[2025/10/15 09:53:37] - Test Loss 	 Test Acc 	 PGD Loss 	 PGD Acc
[2025/10/15 09:53:37] - 2.5833 	 	 0.5182 	 2.8792 	 0.2831
[2025/10/15 09:54:16] - 68 	 18.4 	 	 0.2000 	 4.0912 	 0.2783
[2025/10/15 09:54:16] - ==> Building model..
[2025/10/15 09:54:35] - Test Loss 	 Test Acc 	 PGD Loss 	 PGD Acc
[2025/10/15 09:54:35] - 2.5830 	 	 0.5174 	 2.8780 	 0.2827
[2025/10/15 09:55:13] - 69 	 18.1 	 	 0.2000 	 4.0936 	 0.2773
[2025/10/15 09:55:13] - ==> Building model..
[2025/10/15 09:55:31] - Test Loss 	 Test Acc 	 PGD Loss 	 PGD Acc
[2025/10/15 09:55:31] - 2.5866 	 	 0.5168 	 2.8804 	 0.2829
[2025/10/15 09:56:09] - 70 	 17.8 	 	 0.2000 	 4.0933 	 0.2755
[2025/10/15 09:56:09] - ==> Building model..
[2025/10/15 09:56:27] - Test Loss 	 Test Acc 	 PGD Loss 	 PGD Acc
[2025/10/15 09:56:27] - 2.5871 	 	 0.5161 	 2.8807 	 0.2837
[2025/10/15 09:57:06] - 71 	 18.4 	 	 0.2000 	 4.0915 	 0.2780
[2025/10/15 09:57:06] - ==> Building model..
[2025/10/15 09:57:24] - Test Loss 	 Test Acc 	 PGD Loss 	 PGD Acc
[2025/10/15 09:57:24] - 2.5874 	 	 0.5178 	 2.8815 	 0.2836
[2025/10/15 09:58:04] - 72 	 18.8 	 	 0.2000 	 4.0928 	 0.2762
[2025/10/15 09:58:04] - ==> Building model..
[2025/10/15 09:58:21] - Test Loss 	 Test Acc 	 PGD Loss 	 PGD Acc
[2025/10/15 09:58:21] - 2.5861 	 	 0.5169 	 2.8801 	 0.2838
[2025/10/15 09:58:59] - 73 	 17.9 	 	 0.2000 	 4.0914 	 0.2752
[2025/10/15 09:58:59] - ==> Building model..
[2025/10/15 09:59:18] - Test Loss 	 Test Acc 	 PGD Loss 	 PGD Acc
[2025/10/15 09:59:18] - 2.5882 	 	 0.5175 	 2.8813 	 0.2825
[2025/10/15 09:59:58] - 74 	 19.9 	 	 0.2000 	 4.0929 	 0.2786
[2025/10/15 09:59:58] - ==> Building model..
[2025/10/15 10:00:16] - Test Loss 	 Test Acc 	 PGD Loss 	 PGD Acc
[2025/10/15 10:00:16] - 2.5889 	 	 0.5175 	 2.8821 	 0.2828
[2025/10/15 10:00:55] - 75 	 17.9 	 	 0.2000 	 4.0923 	 0.2797
[2025/10/15 10:00:55] - ==> Building model..
[2025/10/15 10:01:12] - Test Loss 	 Test Acc 	 PGD Loss 	 PGD Acc
[2025/10/15 10:01:12] - 2.5889 	 	 0.5180 	 2.8811 	 0.2832
[2025/10/15 10:01:51] - 76 	 18.2 	 	 0.2000 	 4.0927 	 0.2793
[2025/10/15 10:01:51] - ==> Building model..
[2025/10/15 10:02:09] - Test Loss 	 Test Acc 	 PGD Loss 	 PGD Acc
[2025/10/15 10:02:09] - 2.5894 	 	 0.5179 	 2.8822 	 0.2828
[2025/10/15 10:02:46] - 77 	 17.9 	 	 0.2000 	 4.0912 	 0.2794
[2025/10/15 10:02:46] - ==> Building model..
[2025/10/15 10:03:05] - Test Loss 	 Test Acc 	 PGD Loss 	 PGD Acc
[2025/10/15 10:03:05] - 2.5900 	 	 0.5178 	 2.8824 	 0.2825
[2025/10/15 10:03:42] - 78 	 17.4 	 	 0.2000 	 4.0913 	 0.2783
[2025/10/15 10:03:42] - ==> Building model..
[2025/10/15 10:04:01] - Test Loss 	 Test Acc 	 PGD Loss 	 PGD Acc
[2025/10/15 10:04:01] - 2.5909 	 	 0.5176 	 2.8835 	 0.2823
[2025/10/15 10:04:41] - 79 	 19.1 	 	 0.2000 	 4.0907 	 0.2789
[2025/10/15 10:04:41] - ==> Building model..
[2025/10/15 10:04:59] - Test Loss 	 Test Acc 	 PGD Loss 	 PGD Acc
[2025/10/15 10:04:59] - 2.5906 	 	 0.5183 	 2.8831 	 0.2830
[2025/10/15 10:05:41] - 80 	 19.2 	 	 0.2000 	 4.0908 	 0.2803
[2025/10/15 10:05:41] - ==> Building model..
[2025/10/15 10:05:59] - Test Loss 	 Test Acc 	 PGD Loss 	 PGD Acc
[2025/10/15 10:05:59] - 2.5917 	 	 0.5181 	 2.8838 	 0.2839
[2025/10/15 10:06:39] - 81 	 18.7 	 	 0.2000 	 4.0908 	 0.2781
[2025/10/15 10:06:39] - ==> Building model..
[2025/10/15 10:06:57] - Test Loss 	 Test Acc 	 PGD Loss 	 PGD Acc
[2025/10/15 10:06:57] - 2.5917 	 	 0.5178 	 2.8832 	 0.2835
[2025/10/15 10:07:35] - 82 	 18.5 	 	 0.2000 	 4.0924 	 0.2785
[2025/10/15 10:07:35] - ==> Building model..
[2025/10/15 10:07:52] - Test Loss 	 Test Acc 	 PGD Loss 	 PGD Acc
[2025/10/15 10:07:52] - 2.5905 	 	 0.5179 	 2.8828 	 0.2834
[2025/10/15 10:08:31] - 83 	 18.0 	 	 0.2000 	 4.0874 	 0.2808
[2025/10/15 10:08:31] - ==> Building model..
[2025/10/15 10:08:48] - Test Loss 	 Test Acc 	 PGD Loss 	 PGD Acc
[2025/10/15 10:08:48] - 2.5904 	 	 0.5185 	 2.8824 	 0.2835
[2025/10/15 10:09:27] - 84 	 18.0 	 	 0.2000 	 4.0922 	 0.2767
[2025/10/15 10:09:27] - ==> Building model..
[2025/10/15 10:09:43] - Test Loss 	 Test Acc 	 PGD Loss 	 PGD Acc
[2025/10/15 10:09:43] - 2.5912 	 	 0.5179 	 2.8827 	 0.2829
[2025/10/15 10:10:23] - 85 	 18.4 	 	 0.2000 	 4.0915 	 0.2784
[2025/10/15 10:10:23] - ==> Building model..
[2025/10/15 10:10:40] - Test Loss 	 Test Acc 	 PGD Loss 	 PGD Acc
[2025/10/15 10:10:40] - 2.5920 	 	 0.5176 	 2.8831 	 0.2837
[2025/10/15 10:11:20] - 86 	 18.7 	 	 0.2000 	 4.0905 	 0.2797
[2025/10/15 10:11:20] - ==> Building model..
[2025/10/15 10:11:37] - Test Loss 	 Test Acc 	 PGD Loss 	 PGD Acc
[2025/10/15 10:11:37] - 2.5923 	 	 0.5173 	 2.8838 	 0.2848
[2025/10/15 10:12:17] - 87 	 18.5 	 	 0.2000 	 4.0908 	 0.2797
[2025/10/15 10:12:17] - ==> Building model..
[2025/10/15 10:12:34] - Test Loss 	 Test Acc 	 PGD Loss 	 PGD Acc
[2025/10/15 10:12:34] - 2.5924 	 	 0.5179 	 2.8836 	 0.2849
[2025/10/15 10:13:13] - 88 	 18.3 	 	 0.2000 	 4.0920 	 0.2782
[2025/10/15 10:13:13] - ==> Building model..
[2025/10/15 10:13:31] - Test Loss 	 Test Acc 	 PGD Loss 	 PGD Acc
[2025/10/15 10:13:31] - 2.5931 	 	 0.5192 	 2.8842 	 0.2837
[2025/10/15 10:14:11] - 89 	 18.7 	 	 0.2000 	 4.0896 	 0.2795
[2025/10/15 10:14:11] - ==> Building model..
[2025/10/15 10:14:29] - Test Loss 	 Test Acc 	 PGD Loss 	 PGD Acc
[2025/10/15 10:14:29] - 2.5939 	 	 0.5180 	 2.8845 	 0.2841
[2025/10/15 10:15:08] - 90 	 17.6 	 	 0.0200 	 3.9945 	 0.3427
[2025/10/15 10:15:08] - ==> Building model..
[2025/10/15 10:15:25] - Test Loss 	 Test Acc 	 PGD Loss 	 PGD Acc
[2025/10/15 10:15:25] - 2.5902 	 	 0.5204 	 2.8821 	 0.2841
[2025/10/15 10:16:04] - 91 	 18.6 	 	 0.0200 	 3.9029 	 0.4021
[2025/10/15 10:16:04] - ==> Building model..
[2025/10/15 10:16:22] - Test Loss 	 Test Acc 	 PGD Loss 	 PGD Acc
[2025/10/15 10:16:22] - 2.5887 	 	 0.5209 	 2.8804 	 0.2837
[2025/10/15 10:16:59] - 92 	 17.5 	 	 0.0200 	 3.8765 	 0.4194
[2025/10/15 10:16:59] - ==> Building model..
[2025/10/15 10:17:18] - Test Loss 	 Test Acc 	 PGD Loss 	 PGD Acc
[2025/10/15 10:17:18] - 2.5884 	 	 0.5211 	 2.8805 	 0.2838
[2025/10/15 10:17:55] - 93 	 17.3 	 	 0.0200 	 3.8596 	 0.4307
[2025/10/15 10:17:55] - ==> Building model..
[2025/10/15 10:18:14] - Test Loss 	 Test Acc 	 PGD Loss 	 PGD Acc
[2025/10/15 10:18:14] - 2.5893 	 	 0.5211 	 2.8816 	 0.2850
[2025/10/15 10:18:52] - 94 	 18.6 	 	 0.0200 	 3.8441 	 0.4417
[2025/10/15 10:18:52] - ==> Building model..
[2025/10/15 10:19:10] - Test Loss 	 Test Acc 	 PGD Loss 	 PGD Acc
[2025/10/15 10:19:10] - 2.5916 	 	 0.5208 	 2.8836 	 0.2848
[2025/10/15 10:19:48] - 95 	 19.0 	 	 0.0200 	 3.8322 	 0.4517
[2025/10/15 10:19:48] - ==> Building model..
[2025/10/15 10:20:06] - Test Loss 	 Test Acc 	 PGD Loss 	 PGD Acc
[2025/10/15 10:20:06] - 2.5927 	 	 0.5207 	 2.8843 	 0.2841
[2025/10/15 10:20:45] - 96 	 17.8 	 	 0.0200 	 3.8218 	 0.4595
[2025/10/15 10:20:45] - ==> Building model..
[2025/10/15 10:21:03] - Test Loss 	 Test Acc 	 PGD Loss 	 PGD Acc
[2025/10/15 10:21:03] - 2.5970 	 	 0.5203 	 2.8879 	 0.2844
[2025/10/15 10:21:40] - 97 	 17.5 	 	 0.0200 	 3.8131 	 0.4654
[2025/10/15 10:21:40] - ==> Building model..
[2025/10/15 10:21:59] - Test Loss 	 Test Acc 	 PGD Loss 	 PGD Acc
[2025/10/15 10:21:59] - 2.5978 	 	 0.5203 	 2.8887 	 0.2844
[2025/10/15 10:22:36] - 98 	 17.5 	 	 0.0200 	 3.8054 	 0.4728
[2025/10/15 10:22:36] - ==> Building model..
[2025/10/15 10:22:54] - Test Loss 	 Test Acc 	 PGD Loss 	 PGD Acc
[2025/10/15 10:22:54] - 2.5999 	 	 0.5201 	 2.8904 	 0.2842
[2025/10/15 10:23:33] - 99 	 17.7 	 	 0.0200 	 3.7972 	 0.4772
[2025/10/15 10:23:33] - ==> Building model..
[2025/10/15 10:23:51] - Test Loss 	 Test Acc 	 PGD Loss 	 PGD Acc
[2025/10/15 10:23:51] - 2.6024 	 	 0.5196 	 2.8921 	 0.2845
[2025/10/15 10:23:51] - [0.0922, 0.1448, 0.1795, 0.227, 0.259, 0.3064, 0.3503, 0.3807, 0.3999, 0.4121, 0.4255, 0.4357, 0.4488, 0.4534, 0.4586, 0.4657, 0.4667, 0.4722, 0.4752, 0.4775, 0.4795, 0.4821, 0.4866, 0.4855, 0.487, 0.4926, 0.4952, 0.4993, 0.4989, 0.5002, 0.5015, 0.5012, 0.5022, 0.5023, 0.5042, 0.5042, 0.5066, 0.5077, 0.5088, 0.5086, 0.5079, 0.5088, 0.5093, 0.511, 0.5108, 0.5105, 0.5106, 0.5115, 0.5125, 0.5126, 0.5133, 0.5129, 0.5137, 0.515, 0.5148, 0.5156, 0.5147, 0.5163, 0.5158, 0.5143, 0.5155, 0.5163, 0.5165, 0.5167, 0.5162, 0.5164, 0.5176, 0.5182, 0.5174, 0.5168, 0.5161, 0.5178, 0.5169, 0.5175, 0.5175, 0.518, 0.5179, 0.5178, 0.5176, 0.5183, 0.5181, 0.5178, 0.5179, 0.5185, 0.5179, 0.5176, 0.5173, 0.5179, 0.5192, 0.518, 0.5204, 0.5209, 0.5211, 0.5211, 0.5208, 0.5207, 0.5203, 0.5203, 0.5201, 0.5196]
[2025/10/15 10:23:51] - [0.0628, 0.0954, 0.1101, 0.1355, 0.1555, 0.18, 0.1933, 0.2039, 0.2148, 0.2221, 0.2304, 0.2358, 0.2411, 0.2439, 0.2473, 0.2498, 0.2513, 0.253, 0.2543, 0.2557, 0.258, 0.2579, 0.2596, 0.2615, 0.2625, 0.2621, 0.2646, 0.2634, 0.265, 0.2662, 0.2673, 0.2683, 0.2693, 0.2693, 0.2688, 0.2706, 0.2708, 0.2723, 0.2736, 0.2736, 0.2746, 0.2743, 0.2766, 0.2756, 0.276, 0.2772, 0.2766, 0.2777, 0.2788, 0.2794, 0.2789, 0.2791, 0.28, 0.2794, 0.2787, 0.2791, 0.2797, 0.2806, 0.2804, 0.2799, 0.2806, 0.2801, 0.2812, 0.2822, 0.2818, 0.2828, 0.2819, 0.2831, 0.2827, 0.2829, 0.2837, 0.2836, 0.2838, 0.2825, 0.2828, 0.2832, 0.2828, 0.2825, 0.2823, 0.283, 0.2839, 0.2835, 0.2834, 0.2835, 0.2829, 0.2837, 0.2848, 0.2849, 0.2837, 0.2841, 0.2841, 0.2837, 0.2838, 0.285, 0.2848, 0.2841, 0.2844, 0.2844, 0.2842, 0.2845]
