[2025/09/29 10:04:24] - Namespace(batch_size=128, data_dir='./tiny-imagenet-200', epochs=110, lr_schedule='multistep', lr_min=0.0, lr_max=0.1, weight_decay=0.0005, momentum=0.9, model='PreActResNest18', epsilon=8, alpha=8, delta_init='random', normal_mean=0, normal_std=1, out_dir='./output/Tiny_ImageNet/lam_start_40_beta_0.2/lam_scale_0.09', seed=0, lamda=38, lam_scale=0.09, lam_start=40, gamma=0.025, inner_gamma=0.025, beta=0.2, mu=3.5, batch_m=0.75, early_stop=False, factor=0.3, length=6, n_holes=1, c_num=0.125, EMA_value=0.55)
[2025/09/29 10:05:50] - ==> Building model..
[2025/09/29 10:05:50] - Epoch 	 Seconds 	 LR 	 	 Train Loss 	 Train Acc
[2025/09/29 10:09:18] - 0 	 200.3 	 	 0.1000 	 5.2874 	 0.0291
[2025/09/29 10:09:18] - ==> Building model..
[2025/09/29 10:10:34] - Test Loss 	 Test Acc 	 PGD Loss 	 PGD Acc
[2025/09/29 10:10:34] - 4.9551 	 	 0.0838 	 4.9690 	 0.0447
[2025/09/29 10:13:58] - 1 	 196.1 	 	 0.1000 	 5.2268 	 0.0729
[2025/09/29 10:13:58] - ==> Building model..
[2025/09/29 10:15:14] - Test Loss 	 Test Acc 	 PGD Loss 	 PGD Acc
[2025/09/29 10:15:14] - 4.7184 	 	 0.1523 	 4.7578 	 0.0796
[2025/09/29 10:18:39] - 2 	 197.1 	 	 0.1000 	 5.1954 	 0.1028
[2025/09/29 10:18:39] - ==> Building model..
[2025/09/29 10:19:49] - Test Loss 	 Test Acc 	 PGD Loss 	 PGD Acc
[2025/09/29 10:19:49] - 4.5670 	 	 0.1929 	 4.6292 	 0.0997
[2025/09/29 10:23:11] - 3 	 195.0 	 	 0.1000 	 5.1688 	 0.1271
[2025/09/29 10:23:11] - ==> Building model..
[2025/09/29 10:24:27] - Test Loss 	 Test Acc 	 PGD Loss 	 PGD Acc
[2025/09/29 10:24:27] - 4.4767 	 	 0.2174 	 4.5558 	 0.1120
[2025/09/29 10:27:54] - 4 	 198.2 	 	 0.1000 	 5.1451 	 0.1486
[2025/09/29 10:27:54] - ==> Building model..
[2025/09/29 10:29:10] - Test Loss 	 Test Acc 	 PGD Loss 	 PGD Acc
[2025/09/29 10:29:10] - 4.4457 	 	 0.2330 	 4.5334 	 0.1184
[2025/09/29 10:32:35] - 5 	 196.1 	 	 0.1000 	 5.1254 	 0.1668
[2025/09/29 10:32:35] - ==> Building model..
[2025/09/29 10:33:48] - Test Loss 	 Test Acc 	 PGD Loss 	 PGD Acc
[2025/09/29 10:33:48] - 4.4457 	 	 0.2434 	 4.5388 	 0.1248
[2025/09/29 10:37:15] - 6 	 196.9 	 	 0.1000 	 5.1114 	 0.1813
[2025/09/29 10:37:15] - ==> Building model..
[2025/09/29 10:38:33] - Test Loss 	 Test Acc 	 PGD Loss 	 PGD Acc
[2025/09/29 10:38:33] - 4.3860 	 	 0.2606 	 4.4919 	 0.1298
[2025/09/29 10:42:02] - 7 	 199.4 	 	 0.1000 	 5.0998 	 0.1914
[2025/09/29 10:42:02] - ==> Building model..
[2025/09/29 10:43:20] - Test Loss 	 Test Acc 	 PGD Loss 	 PGD Acc
[2025/09/29 10:43:20] - 4.1945 	 	 0.2972 	 4.3377 	 0.1529
[2025/09/29 10:46:50] - 8 	 201.1 	 	 0.1000 	 5.0892 	 0.2023
[2025/09/29 10:46:50] - ==> Building model..
[2025/09/29 10:48:10] - Test Loss 	 Test Acc 	 PGD Loss 	 PGD Acc
[2025/09/29 10:48:10] - 4.0136 	 	 0.3363 	 4.1974 	 0.1691
[2025/09/29 10:51:38] - 9 	 199.5 	 	 0.1000 	 5.0804 	 0.2117
[2025/09/29 10:51:38] - ==> Building model..
[2025/09/29 10:52:56] - Test Loss 	 Test Acc 	 PGD Loss 	 PGD Acc
[2025/09/29 10:52:56] - 3.9048 	 	 0.3580 	 4.1141 	 0.1794
[2025/09/29 10:56:23] - 10 	 198.3 	 	 0.1000 	 5.0726 	 0.2191
[2025/09/29 10:56:23] - ==> Building model..
[2025/09/29 10:57:36] - Test Loss 	 Test Acc 	 PGD Loss 	 PGD Acc
[2025/09/29 10:57:36] - 3.8307 	 	 0.3735 	 4.0584 	 0.1861
[2025/09/29 11:01:01] - 11 	 196.3 	 	 0.1000 	 5.0653 	 0.2273
[2025/09/29 11:01:01] - ==> Building model..
[2025/09/29 11:02:13] - Test Loss 	 Test Acc 	 PGD Loss 	 PGD Acc
[2025/09/29 11:02:13] - 3.7831 	 	 0.3819 	 4.0223 	 0.1902
[2025/09/29 11:05:43] - 12 	 200.7 	 	 0.1000 	 5.0594 	 0.2325
[2025/09/29 11:05:43] - ==> Building model..
[2025/09/29 11:06:56] - Test Loss 	 Test Acc 	 PGD Loss 	 PGD Acc
[2025/09/29 11:06:56] - 3.7428 	 	 0.3890 	 3.9929 	 0.1953
[2025/09/29 11:10:22] - 13 	 197.5 	 	 0.1000 	 5.0533 	 0.2389
[2025/09/29 11:10:22] - ==> Building model..
[2025/09/29 11:11:41] - Test Loss 	 Test Acc 	 PGD Loss 	 PGD Acc
[2025/09/29 11:11:41] - 3.7093 	 	 0.3969 	 3.9691 	 0.1997
[2025/09/29 11:15:04] - 14 	 193.4 	 	 0.1000 	 5.0484 	 0.2447
[2025/09/29 11:15:04] - ==> Building model..
[2025/09/29 11:16:20] - Test Loss 	 Test Acc 	 PGD Loss 	 PGD Acc
[2025/09/29 11:16:20] - 3.6796 	 	 0.4015 	 3.9475 	 0.2006
[2025/09/29 11:19:47] - 15 	 201.5 	 	 0.1000 	 5.0438 	 0.2496
[2025/09/29 11:19:47] - ==> Building model..
[2025/09/29 11:21:04] - Test Loss 	 Test Acc 	 PGD Loss 	 PGD Acc
[2025/09/29 11:21:04] - 3.6532 	 	 0.4086 	 3.9295 	 0.2046
[2025/09/29 11:24:32] - 16 	 201.5 	 	 0.1000 	 5.0397 	 0.2530
[2025/09/29 11:24:32] - ==> Building model..
[2025/09/29 11:25:48] - Test Loss 	 Test Acc 	 PGD Loss 	 PGD Acc
[2025/09/29 11:25:48] - 3.6305 	 	 0.4106 	 3.9133 	 0.2055
[2025/09/29 11:29:15] - 17 	 200.7 	 	 0.1000 	 5.0353 	 0.2590
[2025/09/29 11:29:15] - ==> Building model..
[2025/09/29 11:30:31] - Test Loss 	 Test Acc 	 PGD Loss 	 PGD Acc
[2025/09/29 11:30:31] - 3.6123 	 	 0.4134 	 3.9004 	 0.2081
[2025/09/29 11:33:57] - 18 	 201.0 	 	 0.1000 	 5.0321 	 0.2625
[2025/09/29 11:33:57] - ==> Building model..
[2025/09/29 11:35:14] - Test Loss 	 Test Acc 	 PGD Loss 	 PGD Acc
[2025/09/29 11:35:14] - 3.5923 	 	 0.4165 	 3.8863 	 0.2083
[2025/09/29 11:38:39] - 19 	 200.3 	 	 0.1000 	 5.0290 	 0.2651
[2025/09/29 11:38:39] - ==> Building model..
[2025/09/29 11:39:57] - Test Loss 	 Test Acc 	 PGD Loss 	 PGD Acc
[2025/09/29 11:39:57] - 3.5757 	 	 0.4200 	 3.8749 	 0.2110
[2025/09/29 11:43:22] - 20 	 198.9 	 	 0.1000 	 5.0264 	 0.2669
[2025/09/29 11:43:22] - ==> Building model..
[2025/09/29 11:44:40] - Test Loss 	 Test Acc 	 PGD Loss 	 PGD Acc
[2025/09/29 11:44:40] - 3.5609 	 	 0.4244 	 3.8650 	 0.2130
[2025/09/29 11:48:08] - 21 	 199.6 	 	 0.1000 	 5.0242 	 0.2675
[2025/09/29 11:48:08] - ==> Building model..
[2025/09/29 11:49:26] - Test Loss 	 Test Acc 	 PGD Loss 	 PGD Acc
[2025/09/29 11:49:26] - 3.5451 	 	 0.4283 	 3.8542 	 0.2135
[2025/09/29 11:52:53] - 22 	 198.3 	 	 0.1000 	 5.0211 	 0.2710
[2025/09/29 11:52:53] - ==> Building model..
[2025/09/29 11:54:12] - Test Loss 	 Test Acc 	 PGD Loss 	 PGD Acc
[2025/09/29 11:54:12] - 3.5318 	 	 0.4300 	 3.8453 	 0.2162
[2025/09/29 11:57:39] - 23 	 197.9 	 	 0.1000 	 5.0190 	 0.2732
[2025/09/29 11:57:39] - ==> Building model..
[2025/09/29 11:58:56] - Test Loss 	 Test Acc 	 PGD Loss 	 PGD Acc
[2025/09/29 11:58:56] - 3.5186 	 	 0.4336 	 3.8360 	 0.2167
[2025/09/29 12:02:22] - 24 	 197.0 	 	 0.1000 	 5.0170 	 0.2769
[2025/09/29 12:02:22] - ==> Building model..
[2025/09/29 12:03:37] - Test Loss 	 Test Acc 	 PGD Loss 	 PGD Acc
[2025/09/29 12:03:37] - 3.5080 	 	 0.4355 	 3.8289 	 0.2180
[2025/09/29 12:07:05] - 25 	 199.0 	 	 0.1000 	 5.0147 	 0.2792
[2025/09/29 12:07:05] - ==> Building model..
[2025/09/29 12:08:19] - Test Loss 	 Test Acc 	 PGD Loss 	 PGD Acc
[2025/09/29 12:08:19] - 3.4971 	 	 0.4370 	 3.8208 	 0.2188
[2025/09/29 12:11:47] - 26 	 197.6 	 	 0.1000 	 5.0131 	 0.2802
[2025/09/29 12:11:47] - ==> Building model..
[2025/09/29 12:13:03] - Test Loss 	 Test Acc 	 PGD Loss 	 PGD Acc
[2025/09/29 12:13:03] - 3.4888 	 	 0.4395 	 3.8162 	 0.2203
[2025/09/29 12:16:31] - 27 	 198.1 	 	 0.1000 	 5.0114 	 0.2814
[2025/09/29 12:16:31] - ==> Building model..
[2025/09/29 12:17:51] - Test Loss 	 Test Acc 	 PGD Loss 	 PGD Acc
[2025/09/29 12:17:51] - 3.4773 	 	 0.4428 	 3.8090 	 0.2207
[2025/09/29 12:21:17] - 28 	 196.9 	 	 0.1000 	 5.0093 	 0.2845
[2025/09/29 12:21:17] - ==> Building model..
[2025/09/29 12:22:37] - Test Loss 	 Test Acc 	 PGD Loss 	 PGD Acc
[2025/09/29 12:22:37] - 3.4695 	 	 0.4457 	 3.8046 	 0.2224
[2025/09/29 12:26:03] - 29 	 196.9 	 	 0.1000 	 5.0082 	 0.2846
[2025/09/29 12:26:03] - ==> Building model..
[2025/09/29 12:27:23] - Test Loss 	 Test Acc 	 PGD Loss 	 PGD Acc
[2025/09/29 12:27:23] - 3.4612 	 	 0.4470 	 3.7988 	 0.2223
[2025/09/29 12:30:49] - 30 	 196.9 	 	 0.1000 	 5.0070 	 0.2875
[2025/09/29 12:30:49] - ==> Building model..
[2025/09/29 12:32:06] - Test Loss 	 Test Acc 	 PGD Loss 	 PGD Acc
[2025/09/29 12:32:06] - 3.4555 	 	 0.4484 	 3.7957 	 0.2239
[2025/09/29 12:35:33] - 31 	 196.9 	 	 0.1000 	 5.0053 	 0.2887
[2025/09/29 12:35:33] - ==> Building model..
[2025/09/29 12:36:47] - Test Loss 	 Test Acc 	 PGD Loss 	 PGD Acc
[2025/09/29 12:36:47] - 3.4488 	 	 0.4492 	 3.7914 	 0.2238
[2025/09/29 12:40:14] - 32 	 198.3 	 	 0.1000 	 5.0044 	 0.2885
[2025/09/29 12:40:14] - ==> Building model..
[2025/09/29 12:41:29] - Test Loss 	 Test Acc 	 PGD Loss 	 PGD Acc
[2025/09/29 12:41:29] - 3.4430 	 	 0.4502 	 3.7867 	 0.2262
[2025/09/29 12:44:54] - 33 	 196.0 	 	 0.1000 	 5.0030 	 0.2914
[2025/09/29 12:44:54] - ==> Building model..
[2025/09/29 12:46:13] - Test Loss 	 Test Acc 	 PGD Loss 	 PGD Acc
[2025/09/29 12:46:13] - 3.4392 	 	 0.4502 	 3.7847 	 0.2265
[2025/09/29 12:49:40] - 34 	 197.7 	 	 0.1000 	 5.0018 	 0.2928
[2025/09/29 12:49:40] - ==> Building model..
[2025/09/29 12:50:59] - Test Loss 	 Test Acc 	 PGD Loss 	 PGD Acc
[2025/09/29 12:50:59] - 3.4346 	 	 0.4514 	 3.7818 	 0.2267
[2025/09/29 12:54:26] - 35 	 197.8 	 	 0.1000 	 5.0003 	 0.2933
[2025/09/29 12:54:26] - ==> Building model..
[2025/09/29 12:55:46] - Test Loss 	 Test Acc 	 PGD Loss 	 PGD Acc
[2025/09/29 12:55:46] - 3.4297 	 	 0.4523 	 3.7775 	 0.2271
[2025/09/29 12:59:12] - 36 	 196.9 	 	 0.1000 	 5.0004 	 0.2941
[2025/09/29 12:59:12] - ==> Building model..
[2025/09/29 13:00:32] - Test Loss 	 Test Acc 	 PGD Loss 	 PGD Acc
[2025/09/29 13:00:32] - 3.4266 	 	 0.4539 	 3.7766 	 0.2282
[2025/09/29 13:04:00] - 37 	 197.8 	 	 0.1000 	 4.9981 	 0.2963
[2025/09/29 13:04:00] - ==> Building model..
[2025/09/29 13:05:18] - Test Loss 	 Test Acc 	 PGD Loss 	 PGD Acc
[2025/09/29 13:05:18] - 3.4231 	 	 0.4538 	 3.7750 	 0.2286
[2025/09/29 13:08:44] - 38 	 196.5 	 	 0.1000 	 4.9977 	 0.2968
[2025/09/29 13:08:44] - ==> Building model..
[2025/09/29 13:09:59] - Test Loss 	 Test Acc 	 PGD Loss 	 PGD Acc
[2025/09/29 13:09:59] - 3.4203 	 	 0.4548 	 3.7731 	 0.2299
[2025/09/29 13:13:24] - 39 	 196.1 	 	 0.1000 	 4.9968 	 0.2984
[2025/09/29 13:13:24] - ==> Building model..
[2025/09/29 13:14:38] - Test Loss 	 Test Acc 	 PGD Loss 	 PGD Acc
[2025/09/29 13:14:38] - 3.4171 	 	 0.4552 	 3.7717 	 0.2304
[2025/09/29 13:18:05] - 40 	 197.5 	 	 0.1000 	 4.9965 	 0.2978
[2025/09/29 13:18:05] - ==> Building model..
[2025/09/29 13:19:21] - Test Loss 	 Test Acc 	 PGD Loss 	 PGD Acc
[2025/09/29 13:19:21] - 3.4138 	 	 0.4560 	 3.7689 	 0.2307
[2025/09/29 13:22:45] - 41 	 194.6 	 	 0.1000 	 4.9948 	 0.2981
[2025/09/29 13:22:45] - ==> Building model..
[2025/09/29 13:24:04] - Test Loss 	 Test Acc 	 PGD Loss 	 PGD Acc
[2025/09/29 13:24:04] - 3.4107 	 	 0.4576 	 3.7678 	 0.2309
[2025/09/29 13:27:30] - 42 	 196.7 	 	 0.1000 	 4.9946 	 0.3001
[2025/09/29 13:27:30] - ==> Building model..
[2025/09/29 13:28:49] - Test Loss 	 Test Acc 	 PGD Loss 	 PGD Acc
[2025/09/29 13:28:49] - 3.4080 	 	 0.4589 	 3.7663 	 0.2307
[2025/09/29 13:32:16] - 43 	 197.5 	 	 0.1000 	 4.9939 	 0.3025
[2025/09/29 13:32:16] - ==> Building model..
[2025/09/29 13:33:32] - Test Loss 	 Test Acc 	 PGD Loss 	 PGD Acc
[2025/09/29 13:33:32] - 3.4064 	 	 0.4595 	 3.7652 	 0.2303
[2025/09/29 13:36:59] - 44 	 196.7 	 	 0.1000 	 4.9932 	 0.3021
[2025/09/29 13:36:59] - ==> Building model..
[2025/09/29 13:38:13] - Test Loss 	 Test Acc 	 PGD Loss 	 PGD Acc
[2025/09/29 13:38:13] - 3.4041 	 	 0.4609 	 3.7645 	 0.2300
[2025/09/29 13:41:40] - 45 	 197.3 	 	 0.1000 	 4.9928 	 0.3022
[2025/09/29 13:41:40] - ==> Building model..
[2025/09/29 13:42:58] - Test Loss 	 Test Acc 	 PGD Loss 	 PGD Acc
[2025/09/29 13:42:58] - 3.4022 	 	 0.4621 	 3.7636 	 0.2299
[2025/09/29 13:46:24] - 46 	 196.7 	 	 0.1000 	 4.9924 	 0.3042
[2025/09/29 13:46:24] - ==> Building model..
[2025/09/29 13:47:45] - Test Loss 	 Test Acc 	 PGD Loss 	 PGD Acc
[2025/09/29 13:47:45] - 3.4019 	 	 0.4614 	 3.7639 	 0.2298
[2025/09/29 13:51:13] - 47 	 198.1 	 	 0.1000 	 4.9925 	 0.3029
[2025/09/29 13:51:13] - ==> Building model..
[2025/09/29 13:52:35] - Test Loss 	 Test Acc 	 PGD Loss 	 PGD Acc
[2025/09/29 13:52:35] - 3.4010 	 	 0.4617 	 3.7635 	 0.2316
[2025/09/29 13:56:03] - 48 	 197.1 	 	 0.1000 	 4.9921 	 0.3038
[2025/09/29 13:56:03] - ==> Building model..
[2025/09/29 13:57:21] - Test Loss 	 Test Acc 	 PGD Loss 	 PGD Acc
[2025/09/29 13:57:21] - 3.3998 	 	 0.4621 	 3.7631 	 0.2318
[2025/09/29 14:00:47] - 49 	 196.7 	 	 0.1000 	 4.9918 	 0.3046
[2025/09/29 14:00:47] - ==> Building model..
[2025/09/29 14:02:06] - Test Loss 	 Test Acc 	 PGD Loss 	 PGD Acc
[2025/09/29 14:02:06] - 3.3991 	 	 0.4629 	 3.7629 	 0.2320
[2025/09/29 14:05:30] - 50 	 195.0 	 	 0.1000 	 4.9909 	 0.3056
[2025/09/29 14:05:30] - ==> Building model..
[2025/09/29 14:06:44] - Test Loss 	 Test Acc 	 PGD Loss 	 PGD Acc
[2025/09/29 14:06:44] - 3.3980 	 	 0.4644 	 3.7624 	 0.2332
[2025/09/29 14:10:11] - 51 	 197.5 	 	 0.1000 	 4.9918 	 0.3051
[2025/09/29 14:10:11] - ==> Building model..
[2025/09/29 14:11:28] - Test Loss 	 Test Acc 	 PGD Loss 	 PGD Acc
[2025/09/29 14:11:28] - 3.3978 	 	 0.4640 	 3.7620 	 0.2339
[2025/09/29 14:15:02] - 52 	 202.3 	 	 0.1000 	 4.9916 	 0.3053
[2025/09/29 14:15:02] - ==> Building model..
[2025/09/29 14:16:17] - Test Loss 	 Test Acc 	 PGD Loss 	 PGD Acc
[2025/09/29 14:16:17] - 3.3983 	 	 0.4634 	 3.7626 	 0.2343
[2025/09/29 14:19:41] - 53 	 194.5 	 	 0.1000 	 4.9911 	 0.3072
[2025/09/29 14:19:41] - ==> Building model..
[2025/09/29 14:20:57] - Test Loss 	 Test Acc 	 PGD Loss 	 PGD Acc
[2025/09/29 14:20:57] - 3.4004 	 	 0.4649 	 3.7647 	 0.2346
[2025/09/29 14:24:21] - 54 	 194.4 	 	 0.1000 	 4.9913 	 0.3065
[2025/09/29 14:24:21] - ==> Building model..
[2025/09/29 14:25:40] - Test Loss 	 Test Acc 	 PGD Loss 	 PGD Acc
[2025/09/29 14:25:40] - 3.4024 	 	 0.4658 	 3.7667 	 0.2337
[2025/09/29 14:29:08] - 55 	 198.4 	 	 0.1000 	 4.9904 	 0.3070
[2025/09/29 14:29:08] - ==> Building model..
[2025/09/29 14:30:29] - Test Loss 	 Test Acc 	 PGD Loss 	 PGD Acc
[2025/09/29 14:30:29] - 3.4029 	 	 0.4663 	 3.7673 	 0.2333
[2025/09/29 14:33:52] - 56 	 193.4 	 	 0.1000 	 4.9901 	 0.3079
[2025/09/29 14:33:52] - ==> Building model..
[2025/09/29 14:35:07] - Test Loss 	 Test Acc 	 PGD Loss 	 PGD Acc
[2025/09/29 14:35:07] - 3.4040 	 	 0.4673 	 3.7692 	 0.2343
[2025/09/29 14:38:25] - 57 	 188.5 	 	 0.1000 	 4.9896 	 0.3090
[2025/09/29 14:38:25] - ==> Building model..
[2025/09/29 14:39:40] - Test Loss 	 Test Acc 	 PGD Loss 	 PGD Acc
[2025/09/29 14:39:40] - 3.4054 	 	 0.4680 	 3.7701 	 0.2339
[2025/09/29 14:43:05] - 58 	 194.6 	 	 0.1000 	 4.9896 	 0.3081
[2025/09/29 14:43:05] - ==> Building model..
[2025/09/29 14:44:24] - Test Loss 	 Test Acc 	 PGD Loss 	 PGD Acc
[2025/09/29 14:44:24] - 3.4080 	 	 0.4676 	 3.7730 	 0.2342
[2025/09/29 14:47:49] - 59 	 194.4 	 	 0.1000 	 4.9897 	 0.3071
[2025/09/29 14:47:49] - ==> Building model..
[2025/09/29 14:49:01] - Test Loss 	 Test Acc 	 PGD Loss 	 PGD Acc
[2025/09/29 14:49:01] - 3.4131 	 	 0.4676 	 3.7772 	 0.2347
[2025/09/29 14:52:20] - 60 	 189.9 	 	 0.1000 	 4.9891 	 0.3084
[2025/09/29 14:52:20] - ==> Building model..
[2025/09/29 14:53:37] - Test Loss 	 Test Acc 	 PGD Loss 	 PGD Acc
[2025/09/29 14:53:37] - 3.4173 	 	 0.4663 	 3.7813 	 0.2342
[2025/09/29 14:57:01] - 61 	 193.4 	 	 0.1000 	 4.9885 	 0.3081
[2025/09/29 14:57:01] - ==> Building model..
[2025/09/29 14:58:22] - Test Loss 	 Test Acc 	 PGD Loss 	 PGD Acc
[2025/09/29 14:58:22] - 3.4219 	 	 0.4661 	 3.7854 	 0.2341
[2025/09/29 15:02:50] - 62 	 258.3 	 	 0.1000 	 4.9887 	 0.3089
[2025/09/29 15:02:50] - ==> Building model..
[2025/09/29 15:04:34] - Test Loss 	 Test Acc 	 PGD Loss 	 PGD Acc
[2025/09/29 15:04:34] - 3.4255 	 	 0.4655 	 3.7891 	 0.2358
[2025/09/29 15:09:00] - 63 	 256.6 	 	 0.1000 	 4.9877 	 0.3104
[2025/09/29 15:09:00] - ==> Building model..
[2025/09/29 15:10:46] - Test Loss 	 Test Acc 	 PGD Loss 	 PGD Acc
[2025/09/29 15:10:46] - 3.4273 	 	 0.4658 	 3.7916 	 0.2353
[2025/09/29 15:15:14] - 64 	 258.7 	 	 0.1000 	 4.9872 	 0.3113
[2025/09/29 15:15:14] - ==> Building model..
[2025/09/29 15:17:00] - Test Loss 	 Test Acc 	 PGD Loss 	 PGD Acc
[2025/09/29 15:17:00] - 3.4286 	 	 0.4653 	 3.7933 	 0.2361
[2025/09/29 15:21:31] - 65 	 261.2 	 	 0.1000 	 4.9869 	 0.3099
[2025/09/29 15:21:31] - ==> Building model..
[2025/09/29 15:23:17] - Test Loss 	 Test Acc 	 PGD Loss 	 PGD Acc
[2025/09/29 15:23:17] - 3.4294 	 	 0.4643 	 3.7940 	 0.2359
[2025/09/29 15:27:56] - 66 	 269.8 	 	 0.1000 	 4.9866 	 0.3112
[2025/09/29 15:27:56] - ==> Building model..
[2025/09/29 15:29:48] - Test Loss 	 Test Acc 	 PGD Loss 	 PGD Acc
[2025/09/29 15:29:48] - 3.4297 	 	 0.4656 	 3.7955 	 0.2356
[2025/09/29 15:34:48] - 67 	 293.0 	 	 0.1000 	 4.9870 	 0.3110
[2025/09/29 15:34:48] - ==> Building model..
[2025/09/29 15:36:31] - Test Loss 	 Test Acc 	 PGD Loss 	 PGD Acc
[2025/09/29 15:36:31] - 3.4292 	 	 0.4664 	 3.7951 	 0.2356
[2025/09/29 15:41:36] - 68 	 298.5 	 	 0.1000 	 4.9863 	 0.3104
[2025/09/29 15:41:36] - ==> Building model..
[2025/09/29 15:43:27] - Test Loss 	 Test Acc 	 PGD Loss 	 PGD Acc
[2025/09/29 15:43:27] - 3.4278 	 	 0.4663 	 3.7948 	 0.2356
[2025/09/29 15:48:18] - 69 	 285.1 	 	 0.1000 	 4.9864 	 0.3106
[2025/09/29 15:48:18] - ==> Building model..
[2025/09/29 15:50:07] - Test Loss 	 Test Acc 	 PGD Loss 	 PGD Acc
[2025/09/29 15:50:07] - 3.4259 	 	 0.4655 	 3.7933 	 0.2357
[2025/09/29 15:55:10] - 70 	 296.8 	 	 0.1000 	 4.9859 	 0.3128
[2025/09/29 15:55:10] - ==> Building model..
[2025/09/29 15:56:56] - Test Loss 	 Test Acc 	 PGD Loss 	 PGD Acc
[2025/09/29 15:56:56] - 3.4238 	 	 0.4660 	 3.7920 	 0.2364
[2025/09/29 16:01:51] - 71 	 288.9 	 	 0.1000 	 4.9858 	 0.3103
[2025/09/29 16:01:51] - ==> Building model..
[2025/09/29 16:03:43] - Test Loss 	 Test Acc 	 PGD Loss 	 PGD Acc
[2025/09/29 16:03:43] - 3.4201 	 	 0.4677 	 3.7888 	 0.2366
[2025/09/29 16:08:47] - 72 	 296.2 	 	 0.1000 	 4.9849 	 0.3125
[2025/09/29 16:08:47] - ==> Building model..
[2025/09/29 16:10:29] - Test Loss 	 Test Acc 	 PGD Loss 	 PGD Acc
[2025/09/29 16:10:29] - 3.4169 	 	 0.4681 	 3.7862 	 0.2371
[2025/09/29 16:15:24] - 73 	 288.1 	 	 0.1000 	 4.9847 	 0.3141
[2025/09/29 16:15:24] - ==> Building model..
[2025/09/29 16:17:12] - Test Loss 	 Test Acc 	 PGD Loss 	 PGD Acc
[2025/09/29 16:17:12] - 3.4145 	 	 0.4684 	 3.7842 	 0.2365
[2025/09/29 16:22:01] - 74 	 282.6 	 	 0.1000 	 4.9850 	 0.3140
[2025/09/29 16:22:01] - ==> Building model..
[2025/09/29 16:23:51] - Test Loss 	 Test Acc 	 PGD Loss 	 PGD Acc
[2025/09/29 16:23:51] - 3.4116 	 	 0.4693 	 3.7821 	 0.2368
[2025/09/29 16:28:48] - 75 	 290.3 	 	 0.1000 	 4.9845 	 0.3130
[2025/09/29 16:28:48] - ==> Building model..
[2025/09/29 16:30:32] - Test Loss 	 Test Acc 	 PGD Loss 	 PGD Acc
[2025/09/29 16:30:32] - 3.4091 	 	 0.4699 	 3.7804 	 0.2366
[2025/09/29 16:35:28] - 76 	 288.5 	 	 0.1000 	 4.9838 	 0.3139
[2025/09/29 16:35:28] - ==> Building model..
[2025/09/29 16:37:16] - Test Loss 	 Test Acc 	 PGD Loss 	 PGD Acc
[2025/09/29 16:37:16] - 3.4059 	 	 0.4688 	 3.7781 	 0.2370
[2025/09/29 16:42:13] - 77 	 289.4 	 	 0.1000 	 4.9833 	 0.3153
[2025/09/29 16:42:13] - ==> Building model..
[2025/09/29 16:44:06] - Test Loss 	 Test Acc 	 PGD Loss 	 PGD Acc
[2025/09/29 16:44:06] - 3.4018 	 	 0.4696 	 3.7747 	 0.2366
[2025/09/29 16:49:02] - 78 	 287.7 	 	 0.1000 	 4.9839 	 0.3147
[2025/09/29 16:49:02] - ==> Building model..
[2025/09/29 16:50:45] - Test Loss 	 Test Acc 	 PGD Loss 	 PGD Acc
[2025/09/29 16:50:45] - 3.3993 	 	 0.4703 	 3.7725 	 0.2379
[2025/09/29 16:55:48] - 79 	 294.8 	 	 0.1000 	 4.9837 	 0.3140
[2025/09/29 16:55:48] - ==> Building model..
[2025/09/29 16:57:35] - Test Loss 	 Test Acc 	 PGD Loss 	 PGD Acc
[2025/09/29 16:57:35] - 3.3974 	 	 0.4705 	 3.7710 	 0.2369
[2025/09/29 17:02:24] - 80 	 282.6 	 	 0.1000 	 4.9833 	 0.3143
[2025/09/29 17:02:24] - ==> Building model..
[2025/09/29 17:04:14] - Test Loss 	 Test Acc 	 PGD Loss 	 PGD Acc
[2025/09/29 17:04:14] - 3.3946 	 	 0.4708 	 3.7692 	 0.2374
[2025/09/29 17:08:50] - 81 	 269.0 	 	 0.1000 	 4.9830 	 0.3151
[2025/09/29 17:08:50] - ==> Building model..
[2025/09/29 17:10:07] - Test Loss 	 Test Acc 	 PGD Loss 	 PGD Acc
[2025/09/29 17:10:07] - 3.3915 	 	 0.4716 	 3.7669 	 0.2384
[2025/09/29 17:13:56] - 82 	 223.6 	 	 0.1000 	 4.9826 	 0.3149
[2025/09/29 17:13:56] - ==> Building model..
[2025/09/29 17:15:20] - Test Loss 	 Test Acc 	 PGD Loss 	 PGD Acc
[2025/09/29 17:15:20] - 3.3886 	 	 0.4712 	 3.7647 	 0.2389
[2025/09/29 17:19:03] - 83 	 216.1 	 	 0.1000 	 4.9833 	 0.3137
[2025/09/29 17:19:03] - ==> Building model..
[2025/09/29 17:20:28] - Test Loss 	 Test Acc 	 PGD Loss 	 PGD Acc
[2025/09/29 17:20:28] - 3.3853 	 	 0.4715 	 3.7626 	 0.2389
[2025/09/29 17:24:19] - 84 	 224.0 	 	 0.1000 	 4.9825 	 0.3153
[2025/09/29 17:24:19] - ==> Building model..
[2025/09/29 17:25:38] - Test Loss 	 Test Acc 	 PGD Loss 	 PGD Acc
[2025/09/29 17:25:38] - 3.3817 	 	 0.4714 	 3.7594 	 0.2381
[2025/09/29 17:29:25] - 85 	 221.2 	 	 0.1000 	 4.9820 	 0.3170
[2025/09/29 17:29:25] - ==> Building model..
[2025/09/29 17:30:51] - Test Loss 	 Test Acc 	 PGD Loss 	 PGD Acc
[2025/09/29 17:30:51] - 3.3786 	 	 0.4712 	 3.7566 	 0.2385
[2025/09/29 17:34:41] - 86 	 224.5 	 	 0.1000 	 4.9819 	 0.3170
[2025/09/29 17:34:41] - ==> Building model..
[2025/09/29 17:35:59] - Test Loss 	 Test Acc 	 PGD Loss 	 PGD Acc
[2025/09/29 17:35:59] - 3.3754 	 	 0.4708 	 3.7539 	 0.2385
[2025/09/29 17:39:49] - 87 	 224.4 	 	 0.1000 	 4.9818 	 0.3162
[2025/09/29 17:39:49] - ==> Building model..
[2025/09/29 17:41:17] - Test Loss 	 Test Acc 	 PGD Loss 	 PGD Acc
[2025/09/29 17:41:17] - 3.3736 	 	 0.4711 	 3.7525 	 0.2387
[2025/09/29 17:45:02] - 88 	 220.2 	 	 0.1000 	 4.9823 	 0.3164
[2025/09/29 17:45:02] - ==> Building model..
[2025/09/29 17:46:24] - Test Loss 	 Test Acc 	 PGD Loss 	 PGD Acc
[2025/09/29 17:46:24] - 3.3704 	 	 0.4718 	 3.7502 	 0.2386
[2025/09/29 17:50:13] - 89 	 223.1 	 	 0.1000 	 4.9813 	 0.3164
[2025/09/29 17:50:13] - ==> Building model..
[2025/09/29 17:51:35] - Test Loss 	 Test Acc 	 PGD Loss 	 PGD Acc
[2025/09/29 17:51:35] - 3.3681 	 	 0.4721 	 3.7483 	 0.2378
[2025/09/29 17:55:18] - 90 	 217.1 	 	 0.1000 	 4.9810 	 0.3174
[2025/09/29 17:55:18] - ==> Building model..
[2025/09/29 17:56:44] - Test Loss 	 Test Acc 	 PGD Loss 	 PGD Acc
[2025/09/29 17:56:44] - 3.3650 	 	 0.4722 	 3.7458 	 0.2383
[2025/09/29 18:00:30] - 91 	 220.3 	 	 0.1000 	 4.9807 	 0.3185
[2025/09/29 18:00:30] - ==> Building model..
[2025/09/29 18:01:48] - Test Loss 	 Test Acc 	 PGD Loss 	 PGD Acc
[2025/09/29 18:01:48] - 3.3619 	 	 0.4735 	 3.7434 	 0.2376
[2025/09/29 18:05:36] - 92 	 221.8 	 	 0.1000 	 4.9813 	 0.3170
[2025/09/29 18:05:36] - ==> Building model..
[2025/09/29 18:06:58] - Test Loss 	 Test Acc 	 PGD Loss 	 PGD Acc
[2025/09/29 18:06:58] - 3.3602 	 	 0.4739 	 3.7428 	 0.2389
[2025/09/29 18:10:40] - 93 	 215.6 	 	 0.1000 	 4.9806 	 0.3190
[2025/09/29 18:10:40] - ==> Building model..
[2025/09/29 18:12:06] - Test Loss 	 Test Acc 	 PGD Loss 	 PGD Acc
[2025/09/29 18:12:06] - 3.3582 	 	 0.4736 	 3.7409 	 0.2383
[2025/09/29 18:15:54] - 94 	 222.2 	 	 0.1000 	 4.9816 	 0.3158
[2025/09/29 18:15:54] - ==> Building model..
[2025/09/29 18:17:12] - Test Loss 	 Test Acc 	 PGD Loss 	 PGD Acc
[2025/09/29 18:17:12] - 3.3575 	 	 0.4739 	 3.7406 	 0.2385
[2025/09/29 18:21:01] - 95 	 223.0 	 	 0.1000 	 4.9811 	 0.3188
[2025/09/29 18:21:01] - ==> Building model..
[2025/09/29 18:22:26] - Test Loss 	 Test Acc 	 PGD Loss 	 PGD Acc
[2025/09/29 18:22:26] - 3.3548 	 	 0.4733 	 3.7387 	 0.2374
[2025/09/29 18:26:06] - 96 	 214.2 	 	 0.1000 	 4.9810 	 0.3170
[2025/09/29 18:26:06] - ==> Building model..
[2025/09/29 18:27:31] - Test Loss 	 Test Acc 	 PGD Loss 	 PGD Acc
[2025/09/29 18:27:31] - 3.3526 	 	 0.4746 	 3.7375 	 0.2377
[2025/09/29 18:31:20] - 97 	 222.7 	 	 0.1000 	 4.9816 	 0.3171
[2025/09/29 18:31:20] - ==> Building model..
[2025/09/29 18:32:38] - Test Loss 	 Test Acc 	 PGD Loss 	 PGD Acc
[2025/09/29 18:32:38] - 3.3507 	 	 0.4752 	 3.7356 	 0.2376
[2025/09/29 18:36:26] - 98 	 222.2 	 	 0.1000 	 4.9810 	 0.3176
[2025/09/29 18:36:26] - ==> Building model..
[2025/09/29 18:37:52] - Test Loss 	 Test Acc 	 PGD Loss 	 PGD Acc
[2025/09/29 18:37:52] - 3.3491 	 	 0.4766 	 3.7347 	 0.2381
[2025/09/29 18:41:34] - 99 	 215.9 	 	 0.0100 	 4.8820 	 0.4452
[2025/09/29 18:41:34] - ==> Building model..
[2025/09/29 18:42:57] - Test Loss 	 Test Acc 	 PGD Loss 	 PGD Acc
[2025/09/29 18:42:57] - 3.3490 	 	 0.4765 	 3.7346 	 0.2379
[2025/09/29 18:46:45] - 100 	 222.3 	 	 0.0100 	 4.8142 	 0.5389
[2025/09/29 18:46:45] - ==> Building model..
[2025/09/29 18:48:03] - Test Loss 	 Test Acc 	 PGD Loss 	 PGD Acc
[2025/09/29 18:48:03] - 3.3490 	 	 0.4765 	 3.7344 	 0.2382
[2025/09/29 18:51:49] - 101 	 220.3 	 	 0.0100 	 4.7881 	 0.5795
[2025/09/29 18:51:49] - ==> Building model..
[2025/09/29 18:53:14] - Test Loss 	 Test Acc 	 PGD Loss 	 PGD Acc
[2025/09/29 18:53:14] - 3.3490 	 	 0.4765 	 3.7347 	 0.2387
[2025/09/29 18:57:00] - 102 	 219.9 	 	 0.0100 	 4.7666 	 0.6143
[2025/09/29 18:57:00] - ==> Building model..
[2025/09/29 18:58:19] - Test Loss 	 Test Acc 	 PGD Loss 	 PGD Acc
[2025/09/29 18:58:19] - 3.3490 	 	 0.4765 	 3.7346 	 0.2381
[2025/09/29 19:02:07] - 103 	 222.4 	 	 0.0100 	 4.7486 	 0.6465
[2025/09/29 19:02:07] - ==> Building model..
[2025/09/29 19:03:30] - Test Loss 	 Test Acc 	 PGD Loss 	 PGD Acc
[2025/09/29 19:03:30] - 3.3490 	 	 0.4765 	 3.7344 	 0.2382
[2025/09/29 19:07:12] - 104 	 216.3 	 	 0.0010 	 4.7017 	 0.7223
[2025/09/29 19:07:12] - ==> Building model..
[2025/09/29 19:08:38] - Test Loss 	 Test Acc 	 PGD Loss 	 PGD Acc
[2025/09/29 19:08:38] - 3.3490 	 	 0.4765 	 3.7345 	 0.2381
[2025/09/29 19:12:28] - 105 	 223.8 	 	 0.0010 	 4.6803 	 0.7571
[2025/09/29 19:12:28] - ==> Building model..
[2025/09/29 19:13:47] - Test Loss 	 Test Acc 	 PGD Loss 	 PGD Acc
[2025/09/29 19:13:47] - 3.3490 	 	 0.4765 	 3.7348 	 0.2378
[2025/09/29 19:17:35] - 106 	 222.2 	 	 0.0010 	 4.6744 	 0.7654
[2025/09/29 19:17:35] - ==> Building model..
[2025/09/29 19:19:02] - Test Loss 	 Test Acc 	 PGD Loss 	 PGD Acc
[2025/09/29 19:19:02] - 3.3490 	 	 0.4765 	 3.7352 	 0.2374
[2025/09/29 19:22:51] - 107 	 224.0 	 	 0.0010 	 4.6693 	 0.7763
[2025/09/29 19:22:51] - ==> Building model..
[2025/09/29 19:24:09] - Test Loss 	 Test Acc 	 PGD Loss 	 PGD Acc
[2025/09/29 19:24:09] - 3.3490 	 	 0.4765 	 3.7349 	 0.2381
[2025/09/29 19:27:59] - 108 	 224.3 	 	 0.0010 	 4.6648 	 0.7827
[2025/09/29 19:27:59] - ==> Building model..
[2025/09/29 19:29:27] - Test Loss 	 Test Acc 	 PGD Loss 	 PGD Acc
[2025/09/29 19:29:27] - 3.3490 	 	 0.4765 	 3.7346 	 0.2377
[2025/09/29 19:33:14] - 109 	 221.5 	 	 0.0010 	 4.6604 	 0.7911
[2025/09/29 19:33:14] - ==> Building model..
[2025/09/29 19:34:35] - Test Loss 	 Test Acc 	 PGD Loss 	 PGD Acc
[2025/09/29 19:34:35] - 3.3490 	 	 0.4765 	 3.7345 	 0.2381
[2025/09/29 19:34:35] - [0.0838, 0.1523, 0.1929, 0.2174, 0.233, 0.2434, 0.2606, 0.2972, 0.3363, 0.358, 0.3735, 0.3819, 0.389, 0.3969, 0.4015, 0.4086, 0.4106, 0.4134, 0.4165, 0.42, 0.4244, 0.4283, 0.43, 0.4336, 0.4355, 0.437, 0.4395, 0.4428, 0.4457, 0.447, 0.4484, 0.4492, 0.4502, 0.4502, 0.4514, 0.4523, 0.4539, 0.4538, 0.4548, 0.4552, 0.456, 0.4576, 0.4589, 0.4595, 0.4609, 0.4621, 0.4614, 0.4617, 0.4621, 0.4629, 0.4644, 0.464, 0.4634, 0.4649, 0.4658, 0.4663, 0.4673, 0.468, 0.4676, 0.4676, 0.4663, 0.4661, 0.4655, 0.4658, 0.4653, 0.4643, 0.4656, 0.4664, 0.4663, 0.4655, 0.466, 0.4677, 0.4681, 0.4684, 0.4693, 0.4699, 0.4688, 0.4696, 0.4703, 0.4705, 0.4708, 0.4716, 0.4712, 0.4715, 0.4714, 0.4712, 0.4708, 0.4711, 0.4718, 0.4721, 0.4722, 0.4735, 0.4739, 0.4736, 0.4739, 0.4733, 0.4746, 0.4752, 0.4766, 0.4765, 0.4765, 0.4765, 0.4765, 0.4765, 0.4765, 0.4765, 0.4765, 0.4765, 0.4765, 0.4765]
[2025/09/29 19:34:35] - [0.0447, 0.0796, 0.0997, 0.112, 0.1184, 0.1248, 0.1298, 0.1529, 0.1691, 0.1794, 0.1861, 0.1902, 0.1953, 0.1997, 0.2006, 0.2046, 0.2055, 0.2081, 0.2083, 0.211, 0.213, 0.2135, 0.2162, 0.2167, 0.218, 0.2188, 0.2203, 0.2207, 0.2224, 0.2223, 0.2239, 0.2238, 0.2262, 0.2265, 0.2267, 0.2271, 0.2282, 0.2286, 0.2299, 0.2304, 0.2307, 0.2309, 0.2307, 0.2303, 0.23, 0.2299, 0.2298, 0.2316, 0.2318, 0.232, 0.2332, 0.2339, 0.2343, 0.2346, 0.2337, 0.2333, 0.2343, 0.2339, 0.2342, 0.2347, 0.2342, 0.2341, 0.2358, 0.2353, 0.2361, 0.2359, 0.2356, 0.2356, 0.2356, 0.2357, 0.2364, 0.2366, 0.2371, 0.2365, 0.2368, 0.2366, 0.237, 0.2366, 0.2379, 0.2369, 0.2374, 0.2384, 0.2389, 0.2389, 0.2381, 0.2385, 0.2385, 0.2387, 0.2386, 0.2378, 0.2383, 0.2376, 0.2389, 0.2383, 0.2385, 0.2374, 0.2377, 0.2376, 0.2381, 0.2379, 0.2382, 0.2387, 0.2381, 0.2382, 0.2381, 0.2378, 0.2374, 0.2381, 0.2377, 0.2381]
