[2025/09/17 09:57:27] - Namespace(batch_size=128, data_dir='./tiny-imagenet-200', epochs=110, lr_schedule='multistep', lr_min=0.0, lr_max=0.1, weight_decay=0.0005, momentum=0.9, model='PreActResNest18', epsilon=8, alpha=8, delta_init='random', normal_mean=0, normal_std=1, out_dir='./output/', seed=0, lamda=24, lam_scale=0.2, gamma=0.025, inner_gamma=0.025, beta=0.05, mu=3.5, batch_m=0.75, early_stop=False, factor=0.3, length=6, n_holes=1, c_num=0.125, EMA_value=0.55)
[2025/09/17 09:59:56] - ==> Building model..
[2025/09/17 09:59:56] - Epoch 	 Seconds 	 LR 	 	 Train Loss 	 Train Acc
[2025/09/17 10:02:29] - 0 	 145.0 	 	 0.1000 	 5.2996 	 0.0244
[2025/09/17 10:02:29] - ==> Building model..
[2025/09/17 10:03:25] - Test Loss 	 Test Acc 	 PGD Loss 	 PGD Acc
[2025/09/17 10:03:25] - 5.0145 	 	 0.0660 	 5.0242 	 0.0377
[2025/09/17 10:05:55] - 1 	 142.1 	 	 0.1000 	 5.2354 	 0.0639
[2025/09/17 10:05:55] - ==> Building model..
[2025/09/17 10:06:51] - Test Loss 	 Test Acc 	 PGD Loss 	 PGD Acc
[2025/09/17 10:06:51] - 4.8160 	 	 0.1269 	 4.8437 	 0.0660
[2025/09/17 10:09:21] - 2 	 141.5 	 	 0.1000 	 5.2027 	 0.0952
[2025/09/17 10:09:21] - ==> Building model..
[2025/09/17 10:10:19] - Test Loss 	 Test Acc 	 PGD Loss 	 PGD Acc
[2025/09/17 10:10:19] - 4.6409 	 	 0.1790 	 4.6940 	 0.0948
[2025/09/17 10:12:49] - 3 	 141.3 	 	 0.1000 	 5.1758 	 0.1201
[2025/09/17 10:12:49] - ==> Building model..
[2025/09/17 10:13:46] - Test Loss 	 Test Acc 	 PGD Loss 	 PGD Acc
[2025/09/17 10:13:46] - 4.5326 	 	 0.2048 	 4.6039 	 0.1071
[2025/09/17 10:16:19] - 4 	 144.1 	 	 0.1000 	 5.1513 	 0.1411
[2025/09/17 10:16:19] - ==> Building model..
[2025/09/17 10:17:18] - Test Loss 	 Test Acc 	 PGD Loss 	 PGD Acc
[2025/09/17 10:17:18] - 4.4652 	 	 0.2304 	 4.5506 	 0.1177
[2025/09/17 10:19:49] - 5 	 141.5 	 	 0.1000 	 5.1308 	 0.1594
[2025/09/17 10:19:49] - ==> Building model..
[2025/09/17 10:20:47] - Test Loss 	 Test Acc 	 PGD Loss 	 PGD Acc
[2025/09/17 10:20:47] - 4.4468 	 	 0.2411 	 4.5399 	 0.1229
[2025/09/17 10:23:17] - 6 	 141.5 	 	 0.1000 	 5.1155 	 0.1753
[2025/09/17 10:23:17] - ==> Building model..
[2025/09/17 10:24:15] - Test Loss 	 Test Acc 	 PGD Loss 	 PGD Acc
[2025/09/17 10:24:15] - 4.3820 	 	 0.2549 	 4.4874 	 0.1314
[2025/09/17 10:26:47] - 7 	 141.4 	 	 0.1000 	 5.1034 	 0.1873
[2025/09/17 10:26:47] - ==> Building model..
[2025/09/17 10:27:44] - Test Loss 	 Test Acc 	 PGD Loss 	 PGD Acc
[2025/09/17 10:27:44] - 4.2162 	 	 0.2911 	 4.3542 	 0.1474
[2025/09/17 10:30:14] - 8 	 141.2 	 	 0.1000 	 5.0922 	 0.1976
[2025/09/17 10:30:14] - ==> Building model..
[2025/09/17 10:31:11] - Test Loss 	 Test Acc 	 PGD Loss 	 PGD Acc
[2025/09/17 10:31:11] - 4.0590 	 	 0.3223 	 4.2317 	 0.1635
[2025/09/17 10:33:41] - 9 	 141.5 	 	 0.1000 	 5.0827 	 0.2067
[2025/09/17 10:33:41] - ==> Building model..
[2025/09/17 10:34:39] - Test Loss 	 Test Acc 	 PGD Loss 	 PGD Acc
[2025/09/17 10:34:39] - 3.9395 	 	 0.3500 	 4.1409 	 0.1749
[2025/09/17 10:37:09] - 10 	 141.5 	 	 0.1000 	 5.0745 	 0.2153
[2025/09/17 10:37:09] - ==> Building model..
[2025/09/17 10:38:07] - Test Loss 	 Test Acc 	 PGD Loss 	 PGD Acc
[2025/09/17 10:38:07] - 3.8527 	 	 0.3662 	 4.0765 	 0.1825
[2025/09/17 10:40:36] - 11 	 140.7 	 	 0.1000 	 5.0667 	 0.2230
[2025/09/17 10:40:36] - ==> Building model..
[2025/09/17 10:41:34] - Test Loss 	 Test Acc 	 PGD Loss 	 PGD Acc
[2025/09/17 10:41:34] - 3.8011 	 	 0.3762 	 4.0387 	 0.1870
[2025/09/17 10:44:03] - 12 	 140.0 	 	 0.1000 	 5.0605 	 0.2297
[2025/09/17 10:44:03] - ==> Building model..
[2025/09/17 10:45:01] - Test Loss 	 Test Acc 	 PGD Loss 	 PGD Acc
[2025/09/17 10:45:01] - 3.7631 	 	 0.3828 	 4.0113 	 0.1922
[2025/09/17 10:47:32] - 13 	 141.1 	 	 0.1000 	 5.0541 	 0.2357
[2025/09/17 10:47:32] - ==> Building model..
[2025/09/17 10:48:30] - Test Loss 	 Test Acc 	 PGD Loss 	 PGD Acc
[2025/09/17 10:48:30] - 3.7226 	 	 0.3906 	 3.9823 	 0.1976
[2025/09/17 10:51:00] - 14 	 141.2 	 	 0.1000 	 5.0490 	 0.2405
[2025/09/17 10:51:00] - ==> Building model..
[2025/09/17 10:51:59] - Test Loss 	 Test Acc 	 PGD Loss 	 PGD Acc
[2025/09/17 10:51:59] - 3.6881 	 	 0.3982 	 3.9577 	 0.1997
[2025/09/17 10:54:29] - 15 	 140.7 	 	 0.1000 	 5.0442 	 0.2462
[2025/09/17 10:54:29] - ==> Building model..
[2025/09/17 10:55:26] - Test Loss 	 Test Acc 	 PGD Loss 	 PGD Acc
[2025/09/17 10:55:26] - 3.6628 	 	 0.4042 	 3.9404 	 0.2027
[2025/09/17 10:57:56] - 16 	 140.4 	 	 0.1000 	 5.0399 	 0.2503
[2025/09/17 10:57:56] - ==> Building model..
[2025/09/17 10:58:53] - Test Loss 	 Test Acc 	 PGD Loss 	 PGD Acc
[2025/09/17 10:58:53] - 3.6348 	 	 0.4091 	 3.9204 	 0.2050
[2025/09/17 11:01:23] - 17 	 140.8 	 	 0.1000 	 5.0356 	 0.2561
[2025/09/17 11:01:23] - ==> Building model..
[2025/09/17 11:02:22] - Test Loss 	 Test Acc 	 PGD Loss 	 PGD Acc
[2025/09/17 11:02:22] - 3.6137 	 	 0.4120 	 3.9058 	 0.2072
[2025/09/17 11:04:52] - 18 	 140.7 	 	 0.1000 	 5.0319 	 0.2597
[2025/09/17 11:04:52] - ==> Building model..
[2025/09/17 11:05:50] - Test Loss 	 Test Acc 	 PGD Loss 	 PGD Acc
[2025/09/17 11:05:50] - 3.5938 	 	 0.4160 	 3.8914 	 0.2094
[2025/09/17 11:08:20] - 19 	 140.9 	 	 0.1000 	 5.0286 	 0.2633
[2025/09/17 11:08:20] - ==> Building model..
[2025/09/17 11:09:17] - Test Loss 	 Test Acc 	 PGD Loss 	 PGD Acc
[2025/09/17 11:09:17] - 3.5799 	 	 0.4201 	 3.8821 	 0.2104
[2025/09/17 11:11:48] - 20 	 141.0 	 	 0.1000 	 5.0261 	 0.2647
[2025/09/17 11:11:48] - ==> Building model..
[2025/09/17 11:12:45] - Test Loss 	 Test Acc 	 PGD Loss 	 PGD Acc
[2025/09/17 11:12:45] - 3.5615 	 	 0.4232 	 3.8692 	 0.2112
[2025/09/17 11:15:15] - 21 	 140.6 	 	 0.1000 	 5.0234 	 0.2661
[2025/09/17 11:15:15] - ==> Building model..
[2025/09/17 11:16:13] - Test Loss 	 Test Acc 	 PGD Loss 	 PGD Acc
[2025/09/17 11:16:13] - 3.5463 	 	 0.4293 	 3.8601 	 0.2127
[2025/09/17 11:18:46] - 22 	 142.9 	 	 0.1000 	 5.0204 	 0.2703
[2025/09/17 11:18:46] - ==> Building model..
[2025/09/17 11:19:44] - Test Loss 	 Test Acc 	 PGD Loss 	 PGD Acc
[2025/09/17 11:19:44] - 3.5287 	 	 0.4312 	 3.8473 	 0.2139
[2025/09/17 11:22:14] - 23 	 140.6 	 	 0.1000 	 5.0181 	 0.2735
[2025/09/17 11:22:14] - ==> Building model..
[2025/09/17 11:23:10] - Test Loss 	 Test Acc 	 PGD Loss 	 PGD Acc
[2025/09/17 11:23:10] - 3.5151 	 	 0.4354 	 3.8382 	 0.2156
[2025/09/17 11:25:37] - 24 	 140.0 	 	 0.1000 	 5.0158 	 0.2762
[2025/09/17 11:25:37] - ==> Building model..
[2025/09/17 11:26:35] - Test Loss 	 Test Acc 	 PGD Loss 	 PGD Acc
[2025/09/17 11:26:35] - 3.5027 	 	 0.4366 	 3.8298 	 0.2156
[2025/09/17 11:29:05] - 25 	 140.4 	 	 0.1000 	 5.0143 	 0.2752
[2025/09/17 11:29:05] - ==> Building model..
[2025/09/17 11:30:02] - Test Loss 	 Test Acc 	 PGD Loss 	 PGD Acc
[2025/09/17 11:30:02] - 3.4911 	 	 0.4392 	 3.8220 	 0.2174
[2025/09/17 11:32:31] - 26 	 139.3 	 	 0.1000 	 5.0121 	 0.2803
[2025/09/17 11:32:31] - ==> Building model..
[2025/09/17 11:33:28] - Test Loss 	 Test Acc 	 PGD Loss 	 PGD Acc
[2025/09/17 11:33:28] - 3.4829 	 	 0.4401 	 3.8164 	 0.2179
[2025/09/17 11:35:56] - 27 	 139.8 	 	 0.1000 	 5.0102 	 0.2808
[2025/09/17 11:35:56] - ==> Building model..
[2025/09/17 11:36:53] - Test Loss 	 Test Acc 	 PGD Loss 	 PGD Acc
[2025/09/17 11:36:53] - 3.4727 	 	 0.4419 	 3.8095 	 0.2185
[2025/09/17 11:39:22] - 28 	 139.7 	 	 0.1000 	 5.0078 	 0.2841
[2025/09/17 11:39:22] - ==> Building model..
[2025/09/17 11:40:18] - Test Loss 	 Test Acc 	 PGD Loss 	 PGD Acc
[2025/09/17 11:40:18] - 3.4645 	 	 0.4443 	 3.8042 	 0.2185
[2025/09/17 11:42:47] - 29 	 140.1 	 	 0.1000 	 5.0069 	 0.2831
[2025/09/17 11:42:47] - ==> Building model..
[2025/09/17 11:43:45] - Test Loss 	 Test Acc 	 PGD Loss 	 PGD Acc
[2025/09/17 11:43:45] - 3.4570 	 	 0.4445 	 3.7998 	 0.2190
[2025/09/17 11:46:14] - 30 	 140.1 	 	 0.1000 	 5.0054 	 0.2867
[2025/09/17 11:46:14] - ==> Building model..
[2025/09/17 11:47:11] - Test Loss 	 Test Acc 	 PGD Loss 	 PGD Acc
[2025/09/17 11:47:11] - 3.4496 	 	 0.4486 	 3.7950 	 0.2205
[2025/09/17 11:49:40] - 31 	 140.8 	 	 0.1000 	 5.0038 	 0.2865
[2025/09/17 11:49:40] - ==> Building model..
[2025/09/17 11:50:38] - Test Loss 	 Test Acc 	 PGD Loss 	 PGD Acc
[2025/09/17 11:50:38] - 3.4422 	 	 0.4505 	 3.7904 	 0.2202
[2025/09/17 11:53:08] - 32 	 141.4 	 	 0.1000 	 5.0030 	 0.2879
[2025/09/17 11:53:08] - ==> Building model..
[2025/09/17 11:54:05] - Test Loss 	 Test Acc 	 PGD Loss 	 PGD Acc
[2025/09/17 11:54:05] - 3.4339 	 	 0.4504 	 3.7846 	 0.2220
[2025/09/17 11:56:34] - 33 	 140.2 	 	 0.1000 	 5.0013 	 0.2897
[2025/09/17 11:56:34] - ==> Building model..
[2025/09/17 11:57:32] - Test Loss 	 Test Acc 	 PGD Loss 	 PGD Acc
[2025/09/17 11:57:32] - 3.4275 	 	 0.4523 	 3.7804 	 0.2227
[2025/09/17 12:00:02] - 34 	 140.5 	 	 0.1000 	 5.0000 	 0.2906
[2025/09/17 12:00:02] - ==> Building model..
[2025/09/17 12:00:59] - Test Loss 	 Test Acc 	 PGD Loss 	 PGD Acc
[2025/09/17 12:00:59] - 3.4209 	 	 0.4547 	 3.7763 	 0.2242
[2025/09/17 12:03:28] - 35 	 140.2 	 	 0.1000 	 4.9986 	 0.2934
[2025/09/17 12:03:28] - ==> Building model..
[2025/09/17 12:04:26] - Test Loss 	 Test Acc 	 PGD Loss 	 PGD Acc
[2025/09/17 12:04:26] - 3.4155 	 	 0.4543 	 3.7729 	 0.2245
[2025/09/17 12:06:55] - 36 	 140.4 	 	 0.1000 	 4.9981 	 0.2931
[2025/09/17 12:06:55] - ==> Building model..
[2025/09/17 12:07:53] - Test Loss 	 Test Acc 	 PGD Loss 	 PGD Acc
[2025/09/17 12:07:53] - 3.4109 	 	 0.4564 	 3.7696 	 0.2269
[2025/09/17 12:10:21] - 37 	 139.6 	 	 0.1000 	 4.9965 	 0.2948
[2025/09/17 12:10:21] - ==> Building model..
[2025/09/17 12:11:14] - Test Loss 	 Test Acc 	 PGD Loss 	 PGD Acc
[2025/09/17 12:11:14] - 3.4061 	 	 0.4579 	 3.7674 	 0.2268
[2025/09/17 12:13:39] - 38 	 139.2 	 	 0.1000 	 4.9960 	 0.2964
[2025/09/17 12:13:39] - ==> Building model..
[2025/09/17 12:14:33] - Test Loss 	 Test Acc 	 PGD Loss 	 PGD Acc
[2025/09/17 12:14:33] - 3.4019 	 	 0.4595 	 3.7647 	 0.2270
[2025/09/17 12:16:58] - 39 	 139.0 	 	 0.1000 	 4.9951 	 0.2971
[2025/09/17 12:16:58] - ==> Building model..
[2025/09/17 12:17:53] - Test Loss 	 Test Acc 	 PGD Loss 	 PGD Acc
[2025/09/17 12:17:53] - 3.3977 	 	 0.4596 	 3.7621 	 0.2272
[2025/09/17 12:20:17] - 40 	 139.0 	 	 0.1000 	 4.9943 	 0.2968
[2025/09/17 12:20:17] - ==> Building model..
[2025/09/17 12:21:11] - Test Loss 	 Test Acc 	 PGD Loss 	 PGD Acc
[2025/09/17 12:21:11] - 3.3951 	 	 0.4606 	 3.7608 	 0.2279
[2025/09/17 12:23:36] - 41 	 139.0 	 	 0.1000 	 4.9928 	 0.2987
[2025/09/17 12:23:36] - ==> Building model..
[2025/09/17 12:24:29] - Test Loss 	 Test Acc 	 PGD Loss 	 PGD Acc
[2025/09/17 12:24:29] - 3.3928 	 	 0.4605 	 3.7592 	 0.2277
[2025/09/17 12:26:54] - 42 	 139.1 	 	 0.1000 	 4.9928 	 0.2983
[2025/09/17 12:26:54] - ==> Building model..
[2025/09/17 12:27:47] - Test Loss 	 Test Acc 	 PGD Loss 	 PGD Acc
[2025/09/17 12:27:47] - 3.3912 	 	 0.4598 	 3.7585 	 0.2286
[2025/09/17 12:30:12] - 43 	 138.9 	 	 0.1000 	 4.9917 	 0.3015
[2025/09/17 12:30:12] - ==> Building model..
[2025/09/17 12:31:05] - Test Loss 	 Test Acc 	 PGD Loss 	 PGD Acc
[2025/09/17 12:31:05] - 3.3890 	 	 0.4614 	 3.7579 	 0.2275
[2025/09/17 12:33:30] - 44 	 139.4 	 	 0.1000 	 4.9905 	 0.3003
[2025/09/17 12:33:30] - ==> Building model..
[2025/09/17 12:34:24] - Test Loss 	 Test Acc 	 PGD Loss 	 PGD Acc
[2025/09/17 12:34:24] - 3.3855 	 	 0.4630 	 3.7553 	 0.2278
[2025/09/17 12:36:48] - 45 	 138.6 	 	 0.1000 	 4.9906 	 0.3027
[2025/09/17 12:36:48] - ==> Building model..
[2025/09/17 12:37:41] - Test Loss 	 Test Acc 	 PGD Loss 	 PGD Acc
[2025/09/17 12:37:41] - 3.3824 	 	 0.4634 	 3.7542 	 0.2283
[2025/09/17 12:40:06] - 46 	 139.2 	 	 0.1000 	 4.9895 	 0.3023
[2025/09/17 12:40:06] - ==> Building model..
[2025/09/17 12:40:59] - Test Loss 	 Test Acc 	 PGD Loss 	 PGD Acc
[2025/09/17 12:40:59] - 3.3807 	 	 0.4641 	 3.7540 	 0.2294
[2025/09/17 12:43:23] - 47 	 139.0 	 	 0.1000 	 4.9891 	 0.3026
[2025/09/17 12:43:23] - ==> Building model..
[2025/09/17 12:44:16] - Test Loss 	 Test Acc 	 PGD Loss 	 PGD Acc
[2025/09/17 12:44:16] - 3.3782 	 	 0.4647 	 3.7527 	 0.2315
[2025/09/17 12:46:41] - 48 	 139.2 	 	 0.1000 	 4.9889 	 0.3030
[2025/09/17 12:46:41] - ==> Building model..
[2025/09/17 12:47:34] - Test Loss 	 Test Acc 	 PGD Loss 	 PGD Acc
[2025/09/17 12:47:34] - 3.3760 	 	 0.4652 	 3.7514 	 0.2322
[2025/09/17 12:49:57] - 49 	 138.4 	 	 0.1000 	 4.9880 	 0.3043
[2025/09/17 12:49:57] - ==> Building model..
[2025/09/17 12:50:50] - Test Loss 	 Test Acc 	 PGD Loss 	 PGD Acc
[2025/09/17 12:50:50] - 3.3718 	 	 0.4662 	 3.7491 	 0.2327
[2025/09/17 12:53:14] - 50 	 138.8 	 	 0.1000 	 4.9870 	 0.3061
[2025/09/17 12:53:14] - ==> Building model..
[2025/09/17 12:54:07] - Test Loss 	 Test Acc 	 PGD Loss 	 PGD Acc
[2025/09/17 12:54:07] - 3.3686 	 	 0.4665 	 3.7481 	 0.2320
[2025/09/17 12:56:31] - 51 	 139.0 	 	 0.1000 	 4.9873 	 0.3047
[2025/09/17 12:56:31] - ==> Building model..
[2025/09/17 12:57:25] - Test Loss 	 Test Acc 	 PGD Loss 	 PGD Acc
[2025/09/17 12:57:25] - 3.3648 	 	 0.4666 	 3.7452 	 0.2329
[2025/09/17 12:59:49] - 52 	 139.1 	 	 0.1000 	 4.9868 	 0.3064
[2025/09/17 12:59:49] - ==> Building model..
[2025/09/17 13:00:42] - Test Loss 	 Test Acc 	 PGD Loss 	 PGD Acc
[2025/09/17 13:00:42] - 3.3629 	 	 0.4679 	 3.7446 	 0.2323
[2025/09/17 13:03:07] - 53 	 139.4 	 	 0.1000 	 4.9865 	 0.3084
[2025/09/17 13:03:07] - ==> Building model..
[2025/09/17 13:04:00] - Test Loss 	 Test Acc 	 PGD Loss 	 PGD Acc
[2025/09/17 13:04:00] - 3.3621 	 	 0.4684 	 3.7440 	 0.2338
[2025/09/17 13:06:24] - 54 	 139.1 	 	 0.1000 	 4.9864 	 0.3077
[2025/09/17 13:06:24] - ==> Building model..
[2025/09/17 13:07:18] - Test Loss 	 Test Acc 	 PGD Loss 	 PGD Acc
[2025/09/17 13:07:18] - 3.3629 	 	 0.4691 	 3.7449 	 0.2342
[2025/09/17 13:09:43] - 55 	 139.9 	 	 0.1000 	 4.9865 	 0.3075
[2025/09/17 13:09:43] - ==> Building model..
[2025/09/17 13:10:36] - Test Loss 	 Test Acc 	 PGD Loss 	 PGD Acc
[2025/09/17 13:10:36] - 3.3629 	 	 0.4695 	 3.7452 	 0.2348
[2025/09/17 13:13:00] - 56 	 138.7 	 	 0.1000 	 4.9863 	 0.3082
[2025/09/17 13:13:00] - ==> Building model..
[2025/09/17 13:13:54] - Test Loss 	 Test Acc 	 PGD Loss 	 PGD Acc
[2025/09/17 13:13:54] - 3.3630 	 	 0.4717 	 3.7456 	 0.2354
[2025/09/17 13:16:17] - 57 	 138.6 	 	 0.1000 	 4.9868 	 0.3083
[2025/09/17 13:16:17] - ==> Building model..
[2025/09/17 13:17:11] - Test Loss 	 Test Acc 	 PGD Loss 	 PGD Acc
[2025/09/17 13:17:11] - 3.3632 	 	 0.4715 	 3.7461 	 0.2344
[2025/09/17 13:19:35] - 58 	 138.8 	 	 0.1000 	 4.9872 	 0.3097
[2025/09/17 13:19:35] - ==> Building model..
[2025/09/17 13:20:29] - Test Loss 	 Test Acc 	 PGD Loss 	 PGD Acc
[2025/09/17 13:20:29] - 3.3648 	 	 0.4710 	 3.7471 	 0.2343
[2025/09/17 13:22:53] - 59 	 138.6 	 	 0.1000 	 4.9877 	 0.3082
[2025/09/17 13:22:53] - ==> Building model..
[2025/09/17 13:23:48] - Test Loss 	 Test Acc 	 PGD Loss 	 PGD Acc
[2025/09/17 13:23:48] - 3.3677 	 	 0.4702 	 3.7497 	 0.2348
[2025/09/17 13:26:12] - 60 	 138.0 	 	 0.1000 	 4.9877 	 0.3111
[2025/09/17 13:26:12] - ==> Building model..
[2025/09/17 13:27:07] - Test Loss 	 Test Acc 	 PGD Loss 	 PGD Acc
[2025/09/17 13:27:07] - 3.3701 	 	 0.4697 	 3.7510 	 0.2349
[2025/09/17 13:29:30] - 61 	 138.0 	 	 0.1000 	 4.9879 	 0.3118
[2025/09/17 13:29:30] - ==> Building model..
[2025/09/17 13:30:24] - Test Loss 	 Test Acc 	 PGD Loss 	 PGD Acc
[2025/09/17 13:30:24] - 3.3731 	 	 0.4698 	 3.7527 	 0.2349
[2025/09/17 13:32:47] - 62 	 138.1 	 	 0.1000 	 4.9883 	 0.3072
[2025/09/17 13:32:47] - ==> Building model..
[2025/09/17 13:33:41] - Test Loss 	 Test Acc 	 PGD Loss 	 PGD Acc
[2025/09/17 13:33:41] - 3.3752 	 	 0.4695 	 3.7544 	 0.2362
[2025/09/17 13:36:05] - 63 	 138.8 	 	 0.1000 	 4.9870 	 0.3107
[2025/09/17 13:36:05] - ==> Building model..
[2025/09/17 13:37:00] - Test Loss 	 Test Acc 	 PGD Loss 	 PGD Acc
[2025/09/17 13:37:00] - 3.3776 	 	 0.4701 	 3.7566 	 0.2360
[2025/09/17 13:39:24] - 64 	 138.0 	 	 0.1000 	 4.9868 	 0.3126
[2025/09/17 13:39:24] - ==> Building model..
[2025/09/17 13:40:19] - Test Loss 	 Test Acc 	 PGD Loss 	 PGD Acc
[2025/09/17 13:40:19] - 3.3798 	 	 0.4695 	 3.7578 	 0.2351
[2025/09/17 13:42:43] - 65 	 137.9 	 	 0.1000 	 4.9866 	 0.3112
[2025/09/17 13:42:43] - ==> Building model..
[2025/09/17 13:43:38] - Test Loss 	 Test Acc 	 PGD Loss 	 PGD Acc
[2025/09/17 13:43:38] - 3.3816 	 	 0.4689 	 3.7588 	 0.2360
[2025/09/17 13:46:01] - 66 	 138.0 	 	 0.1000 	 4.9865 	 0.3122
[2025/09/17 13:46:01] - ==> Building model..
[2025/09/17 13:46:55] - Test Loss 	 Test Acc 	 PGD Loss 	 PGD Acc
[2025/09/17 13:46:55] - 3.3838 	 	 0.4687 	 3.7608 	 0.2360
[2025/09/17 13:49:19] - 67 	 138.1 	 	 0.1000 	 4.9865 	 0.3133
[2025/09/17 13:49:19] - ==> Building model..
[2025/09/17 13:50:14] - Test Loss 	 Test Acc 	 PGD Loss 	 PGD Acc
[2025/09/17 13:50:14] - 3.3849 	 	 0.4698 	 3.7611 	 0.2350
[2025/09/17 13:52:38] - 68 	 138.8 	 	 0.1000 	 4.9862 	 0.3114
[2025/09/17 13:52:38] - ==> Building model..
[2025/09/17 13:53:33] - Test Loss 	 Test Acc 	 PGD Loss 	 PGD Acc
[2025/09/17 13:53:33] - 3.3866 	 	 0.4698 	 3.7622 	 0.2350
[2025/09/17 13:55:58] - 69 	 138.8 	 	 0.1000 	 4.9867 	 0.3099
[2025/09/17 13:55:58] - ==> Building model..
[2025/09/17 13:56:52] - Test Loss 	 Test Acc 	 PGD Loss 	 PGD Acc
[2025/09/17 13:56:52] - 3.3868 	 	 0.4693 	 3.7625 	 0.2354
[2025/09/17 13:59:17] - 70 	 138.7 	 	 0.1000 	 4.9860 	 0.3114
[2025/09/17 13:59:17] - ==> Building model..
[2025/09/17 14:00:12] - Test Loss 	 Test Acc 	 PGD Loss 	 PGD Acc
[2025/09/17 14:00:12] - 3.3866 	 	 0.4698 	 3.7625 	 0.2361
[2025/09/17 14:02:38] - 71 	 139.0 	 	 0.1000 	 4.9858 	 0.3110
[2025/09/17 14:02:38] - ==> Building model..
[2025/09/17 14:03:32] - Test Loss 	 Test Acc 	 PGD Loss 	 PGD Acc
[2025/09/17 14:03:32] - 3.3872 	 	 0.4701 	 3.7628 	 0.2362
[2025/09/17 14:05:59] - 72 	 139.0 	 	 0.1000 	 4.9850 	 0.3123
[2025/09/17 14:05:59] - ==> Building model..
[2025/09/17 14:06:55] - Test Loss 	 Test Acc 	 PGD Loss 	 PGD Acc
[2025/09/17 14:06:55] - 3.3867 	 	 0.4707 	 3.7628 	 0.2361
[2025/09/17 14:09:20] - 73 	 138.4 	 	 0.1000 	 4.9844 	 0.3114
[2025/09/17 14:09:20] - ==> Building model..
[2025/09/17 14:10:14] - Test Loss 	 Test Acc 	 PGD Loss 	 PGD Acc
[2025/09/17 14:10:14] - 3.3855 	 	 0.4708 	 3.7618 	 0.2367
[2025/09/17 14:12:38] - 74 	 138.3 	 	 0.1000 	 4.9846 	 0.3133
[2025/09/17 14:12:38] - ==> Building model..
[2025/09/17 14:13:32] - Test Loss 	 Test Acc 	 PGD Loss 	 PGD Acc
[2025/09/17 14:13:32] - 3.3843 	 	 0.4717 	 3.7612 	 0.2367
[2025/09/17 14:15:56] - 75 	 138.2 	 	 0.1000 	 4.9842 	 0.3140
[2025/09/17 14:15:56] - ==> Building model..
[2025/09/17 14:16:50] - Test Loss 	 Test Acc 	 PGD Loss 	 PGD Acc
[2025/09/17 14:16:50] - 3.3836 	 	 0.4710 	 3.7609 	 0.2372
[2025/09/17 14:19:15] - 76 	 138.5 	 	 0.1000 	 4.9833 	 0.3146
[2025/09/17 14:19:15] - ==> Building model..
[2025/09/17 14:20:11] - Test Loss 	 Test Acc 	 PGD Loss 	 PGD Acc
[2025/09/17 14:20:11] - 3.3826 	 	 0.4708 	 3.7600 	 0.2371
[2025/09/17 14:22:41] - 77 	 141.3 	 	 0.1000 	 4.9832 	 0.3145
[2025/09/17 14:22:41] - ==> Building model..
[2025/09/17 14:23:39] - Test Loss 	 Test Acc 	 PGD Loss 	 PGD Acc
[2025/09/17 14:23:39] - 3.3802 	 	 0.4716 	 3.7583 	 0.2380
[2025/09/17 14:26:10] - 78 	 141.8 	 	 0.1000 	 4.9839 	 0.3143
[2025/09/17 14:26:10] - ==> Building model..
[2025/09/17 14:27:09] - Test Loss 	 Test Acc 	 PGD Loss 	 PGD Acc
[2025/09/17 14:27:09] - 3.3785 	 	 0.4711 	 3.7568 	 0.2375
[2025/09/17 14:29:39] - 79 	 140.8 	 	 0.1000 	 4.9838 	 0.3146
[2025/09/17 14:29:39] - ==> Building model..
