[2025/10/12 09:54:32] - Namespace(batch_size=128, data_dir='cifar-data', epochs=100, lr_schedule='multistep', lr_min=0.0, lr_max=0.2, weight_decay=0.0005, momentum=0.9, model='ResNet18', epsilon=8, alpha=8, delta_init='random', normal_mean=0, normal_std=1, out_dir='./output/CIFAR100/lamda_35_lamscale_0.05_run3', seed=0, lamda=35.0, lam_scale=0.05, lam_start=50, gamma=0.05, inner_gamma=0.05, beta=0.2, mu=3.5, batch_m=0.75, early_stop=False, factor=0.5, length=4, n_holes=1, c_num=0.125, EMA_value=0.55)
[2025/10/12 09:54:33] - ==> Building model..
[2025/10/12 09:54:33] - Epoch 	 Seconds 	 LR 	 	 Train Loss 	 Train Acc
[2025/10/12 09:55:18] - 0 	 19.6 	 	 0.2000 	 4.5658 	 0.0394
[2025/10/12 09:55:18] - ==> Building model..
[2025/10/12 09:55:35] - Test Loss 	 Test Acc 	 PGD Loss 	 PGD Acc
[2025/10/12 09:55:35] - 4.2103 	 	 0.0867 	 4.2241 	 0.0574
[2025/10/12 09:56:19] - 1 	 18.6 	 	 0.2000 	 4.4541 	 0.0810
[2025/10/12 09:56:19] - ==> Building model..
[2025/10/12 09:56:36] - Test Loss 	 Test Acc 	 PGD Loss 	 PGD Acc
[2025/10/12 09:56:36] - 4.0001 	 	 0.1467 	 4.0314 	 0.0944
[2025/10/12 09:57:22] - 2 	 18.6 	 	 0.2000 	 4.4032 	 0.1065
[2025/10/12 09:57:22] - ==> Building model..
[2025/10/12 09:57:38] - Test Loss 	 Test Acc 	 PGD Loss 	 PGD Acc
[2025/10/12 09:57:38] - 3.8735 	 	 0.1866 	 3.9206 	 0.1154
[2025/10/12 09:58:21] - 3 	 18.1 	 	 0.2000 	 4.3549 	 0.1283
[2025/10/12 09:58:21] - ==> Building model..
[2025/10/12 09:58:36] - Test Loss 	 Test Acc 	 PGD Loss 	 PGD Acc
[2025/10/12 09:58:36] - 3.6900 	 	 0.2389 	 3.7645 	 0.1400
[2025/10/12 09:59:17] - 4 	 18.0 	 	 0.2000 	 4.3102 	 0.1510
[2025/10/12 09:59:17] - ==> Building model..
[2025/10/12 09:59:34] - Test Loss 	 Test Acc 	 PGD Loss 	 PGD Acc
[2025/10/12 09:59:34] - 3.5475 	 	 0.2761 	 3.6452 	 0.1632
[2025/10/12 10:00:16] - 5 	 18.0 	 	 0.2000 	 4.2719 	 0.1709
[2025/10/12 10:00:16] - ==> Building model..
[2025/10/12 10:00:34] - Test Loss 	 Test Acc 	 PGD Loss 	 PGD Acc
[2025/10/12 10:00:34] - 3.3874 	 	 0.3148 	 3.5111 	 0.1793
[2025/10/12 10:01:16] - 6 	 18.5 	 	 0.2000 	 4.2420 	 0.1883
[2025/10/12 10:01:16] - ==> Building model..
[2025/10/12 10:01:32] - Test Loss 	 Test Acc 	 PGD Loss 	 PGD Acc
[2025/10/12 10:01:32] - 3.2048 	 	 0.3511 	 3.3589 	 0.1954
[2025/10/12 10:02:13] - 7 	 18.1 	 	 0.2000 	 4.2207 	 0.1995
[2025/10/12 10:02:13] - ==> Building model..
[2025/10/12 10:02:30] - Test Loss 	 Test Acc 	 PGD Loss 	 PGD Acc
[2025/10/12 10:02:30] - 3.0666 	 	 0.3819 	 3.2474 	 0.2078
[2025/10/12 10:03:15] - 8 	 19.3 	 	 0.2000 	 4.2016 	 0.2102
[2025/10/12 10:03:15] - ==> Building model..
[2025/10/12 10:03:32] - Test Loss 	 Test Acc 	 PGD Loss 	 PGD Acc
[2025/10/12 10:03:32] - 2.9710 	 	 0.4035 	 3.1724 	 0.2173
[2025/10/12 10:04:17] - 9 	 18.9 	 	 0.2000 	 4.1865 	 0.2179
[2025/10/12 10:04:17] - ==> Building model..
[2025/10/12 10:04:33] - Test Loss 	 Test Acc 	 PGD Loss 	 PGD Acc
[2025/10/12 10:04:33] - 2.9082 	 	 0.4154 	 3.1232 	 0.2248
[2025/10/12 10:05:16] - 10 	 18.7 	 	 0.2000 	 4.1737 	 0.2253
[2025/10/12 10:05:16] - ==> Building model..
[2025/10/12 10:05:32] - Test Loss 	 Test Acc 	 PGD Loss 	 PGD Acc
[2025/10/12 10:05:32] - 2.8503 	 	 0.4301 	 3.0786 	 0.2300
[2025/10/12 10:06:15] - 11 	 18.5 	 	 0.2000 	 4.1655 	 0.2288
[2025/10/12 10:06:15] - ==> Building model..
[2025/10/12 10:06:31] - Test Loss 	 Test Acc 	 PGD Loss 	 PGD Acc
[2025/10/12 10:06:31] - 2.8053 	 	 0.4393 	 3.0433 	 0.2344
[2025/10/12 10:07:16] - 12 	 19.0 	 	 0.2000 	 4.1566 	 0.2362
[2025/10/12 10:07:17] - ==> Building model..
[2025/10/12 10:07:33] - Test Loss 	 Test Acc 	 PGD Loss 	 PGD Acc
[2025/10/12 10:07:33] - 2.7725 	 	 0.4466 	 3.0181 	 0.2387
[2025/10/12 10:08:17] - 13 	 19.1 	 	 0.2000 	 4.1521 	 0.2368
[2025/10/12 10:08:17] - ==> Building model..
[2025/10/12 10:08:34] - Test Loss 	 Test Acc 	 PGD Loss 	 PGD Acc
[2025/10/12 10:08:34] - 2.7446 	 	 0.4540 	 2.9977 	 0.2433
[2025/10/12 10:09:17] - 14 	 18.8 	 	 0.2000 	 4.1460 	 0.2433
[2025/10/12 10:09:17] - ==> Building model..
[2025/10/12 10:09:34] - Test Loss 	 Test Acc 	 PGD Loss 	 PGD Acc
[2025/10/12 10:09:34] - 2.7265 	 	 0.4601 	 2.9844 	 0.2449
[2025/10/12 10:10:18] - 15 	 19.3 	 	 0.2000 	 4.1392 	 0.2444
[2025/10/12 10:10:18] - ==> Building model..
[2025/10/12 10:10:34] - Test Loss 	 Test Acc 	 PGD Loss 	 PGD Acc
[2025/10/12 10:10:34] - 2.7084 	 	 0.4645 	 2.9711 	 0.2470
[2025/10/12 10:11:18] - 16 	 19.3 	 	 0.2000 	 4.1335 	 0.2497
[2025/10/12 10:11:18] - ==> Building model..
[2025/10/12 10:11:35] - Test Loss 	 Test Acc 	 PGD Loss 	 PGD Acc
[2025/10/12 10:11:35] - 2.6876 	 	 0.4705 	 2.9539 	 0.2491
[2025/10/12 10:12:21] - 17 	 19.9 	 	 0.2000 	 4.1330 	 0.2479
[2025/10/12 10:12:21] - ==> Building model..
[2025/10/12 10:12:37] - Test Loss 	 Test Acc 	 PGD Loss 	 PGD Acc
[2025/10/12 10:12:37] - 2.6714 	 	 0.4755 	 2.9433 	 0.2510
[2025/10/12 10:13:24] - 18 	 19.6 	 	 0.2000 	 4.1267 	 0.2507
[2025/10/12 10:13:24] - ==> Building model..
[2025/10/12 10:13:40] - Test Loss 	 Test Acc 	 PGD Loss 	 PGD Acc
[2025/10/12 10:13:40] - 2.6541 	 	 0.4787 	 2.9312 	 0.2532
[2025/10/12 10:14:26] - 19 	 19.5 	 	 0.2000 	 4.1234 	 0.2550
[2025/10/12 10:14:26] - ==> Building model..
[2025/10/12 10:14:43] - Test Loss 	 Test Acc 	 PGD Loss 	 PGD Acc
[2025/10/12 10:14:43] - 2.6408 	 	 0.4797 	 2.9196 	 0.2561
[2025/10/12 10:15:28] - 20 	 19.8 	 	 0.2000 	 4.1214 	 0.2573
[2025/10/12 10:15:28] - ==> Building model..
[2025/10/12 10:15:45] - Test Loss 	 Test Acc 	 PGD Loss 	 PGD Acc
[2025/10/12 10:15:45] - 2.6294 	 	 0.4841 	 2.9117 	 0.2560
[2025/10/12 10:16:32] - 21 	 20.1 	 	 0.2000 	 4.1168 	 0.2595
[2025/10/12 10:16:32] - ==> Building model..
[2025/10/12 10:16:48] - Test Loss 	 Test Acc 	 PGD Loss 	 PGD Acc
[2025/10/12 10:16:48] - 2.6156 	 	 0.4879 	 2.9018 	 0.2586
[2025/10/12 10:17:33] - 22 	 19.4 	 	 0.2000 	 4.1175 	 0.2586
[2025/10/12 10:17:33] - ==> Building model..
[2025/10/12 10:17:50] - Test Loss 	 Test Acc 	 PGD Loss 	 PGD Acc
[2025/10/12 10:17:50] - 2.6079 	 	 0.4919 	 2.8968 	 0.2605
[2025/10/12 10:18:36] - 23 	 19.6 	 	 0.2000 	 4.1148 	 0.2603
[2025/10/12 10:18:36] - ==> Building model..
[2025/10/12 10:18:54] - Test Loss 	 Test Acc 	 PGD Loss 	 PGD Acc
[2025/10/12 10:18:54] - 2.6043 	 	 0.4925 	 2.8933 	 0.2624
[2025/10/12 10:19:39] - 24 	 20.0 	 	 0.2000 	 4.1109 	 0.2614
[2025/10/12 10:19:39] - ==> Building model..
[2025/10/12 10:19:57] - Test Loss 	 Test Acc 	 PGD Loss 	 PGD Acc
[2025/10/12 10:19:57] - 2.5992 	 	 0.4920 	 2.8894 	 0.2659
[2025/10/12 10:20:41] - 25 	 19.3 	 	 0.2000 	 4.1088 	 0.2653
[2025/10/12 10:20:41] - ==> Building model..
[2025/10/12 10:20:57] - Test Loss 	 Test Acc 	 PGD Loss 	 PGD Acc
[2025/10/12 10:20:57] - 2.5876 	 	 0.4952 	 2.8809 	 0.2654
[2025/10/12 10:21:42] - 26 	 19.6 	 	 0.2000 	 4.1060 	 0.2646
[2025/10/12 10:21:42] - ==> Building model..
[2025/10/12 10:21:59] - Test Loss 	 Test Acc 	 PGD Loss 	 PGD Acc
[2025/10/12 10:21:59] - 2.5796 	 	 0.4996 	 2.8749 	 0.2664
[2025/10/12 10:22:44] - 27 	 19.0 	 	 0.2000 	 4.1065 	 0.2654
[2025/10/12 10:22:44] - ==> Building model..
[2025/10/12 10:23:00] - Test Loss 	 Test Acc 	 PGD Loss 	 PGD Acc
[2025/10/12 10:23:00] - 2.5804 	 	 0.5025 	 2.8765 	 0.2685
[2025/10/12 10:23:46] - 28 	 19.5 	 	 0.2000 	 4.1034 	 0.2679
[2025/10/12 10:23:46] - ==> Building model..
[2025/10/12 10:24:02] - Test Loss 	 Test Acc 	 PGD Loss 	 PGD Acc
[2025/10/12 10:24:02] - 2.5808 	 	 0.4996 	 2.8768 	 0.2671
[2025/10/12 10:24:47] - 29 	 20.0 	 	 0.2000 	 4.1031 	 0.2675
[2025/10/12 10:24:47] - ==> Building model..
[2025/10/12 10:25:04] - Test Loss 	 Test Acc 	 PGD Loss 	 PGD Acc
[2025/10/12 10:25:04] - 2.5800 	 	 0.5014 	 2.8766 	 0.2682
[2025/10/12 10:25:50] - 30 	 20.2 	 	 0.2000 	 4.1034 	 0.2657
[2025/10/12 10:25:50] - ==> Building model..
[2025/10/12 10:26:07] - Test Loss 	 Test Acc 	 PGD Loss 	 PGD Acc
[2025/10/12 10:26:07] - 2.5795 	 	 0.5008 	 2.8764 	 0.2691
[2025/10/12 10:26:52] - 31 	 19.2 	 	 0.2000 	 4.1007 	 0.2680
[2025/10/12 10:26:52] - ==> Building model..
[2025/10/12 10:27:09] - Test Loss 	 Test Acc 	 PGD Loss 	 PGD Acc
[2025/10/12 10:27:09] - 2.5733 	 	 0.5019 	 2.8707 	 0.2703
[2025/10/12 10:27:55] - 32 	 20.0 	 	 0.2000 	 4.0997 	 0.2670
[2025/10/12 10:27:55] - ==> Building model..
[2025/10/12 10:28:12] - Test Loss 	 Test Acc 	 PGD Loss 	 PGD Acc
[2025/10/12 10:28:12] - 2.5677 	 	 0.5052 	 2.8676 	 0.2703
[2025/10/12 10:28:58] - 33 	 19.5 	 	 0.2000 	 4.1000 	 0.2685
[2025/10/12 10:28:58] - ==> Building model..
[2025/10/12 10:29:17] - Test Loss 	 Test Acc 	 PGD Loss 	 PGD Acc
[2025/10/12 10:29:17] - 2.5629 	 	 0.5043 	 2.8629 	 0.2710
[2025/10/12 10:30:04] - 34 	 20.5 	 	 0.2000 	 4.0994 	 0.2686
[2025/10/12 10:30:04] - ==> Building model..
[2025/10/12 10:30:23] - Test Loss 	 Test Acc 	 PGD Loss 	 PGD Acc
[2025/10/12 10:30:23] - 2.5632 	 	 0.5038 	 2.8630 	 0.2708
[2025/10/12 10:31:06] - 35 	 19.2 	 	 0.2000 	 4.0955 	 0.2731
[2025/10/12 10:31:06] - ==> Building model..
[2025/10/12 10:31:23] - Test Loss 	 Test Acc 	 PGD Loss 	 PGD Acc
[2025/10/12 10:31:23] - 2.5622 	 	 0.5045 	 2.8631 	 0.2721
[2025/10/12 10:32:08] - 36 	 19.9 	 	 0.2000 	 4.0955 	 0.2721
[2025/10/12 10:32:08] - ==> Building model..
[2025/10/12 10:32:26] - Test Loss 	 Test Acc 	 PGD Loss 	 PGD Acc
[2025/10/12 10:32:26] - 2.5588 	 	 0.5075 	 2.8608 	 0.2731
[2025/10/12 10:33:12] - 37 	 20.1 	 	 0.2000 	 4.0951 	 0.2721
[2025/10/12 10:33:12] - ==> Building model..
[2025/10/12 10:33:29] - Test Loss 	 Test Acc 	 PGD Loss 	 PGD Acc
[2025/10/12 10:33:29] - 2.5574 	 	 0.5066 	 2.8600 	 0.2750
[2025/10/12 10:34:13] - 38 	 18.8 	 	 0.2000 	 4.0927 	 0.2726
[2025/10/12 10:34:13] - ==> Building model..
[2025/10/12 10:34:29] - Test Loss 	 Test Acc 	 PGD Loss 	 PGD Acc
[2025/10/12 10:34:29] - 2.5526 	 	 0.5084 	 2.8567 	 0.2742
[2025/10/12 10:35:15] - 39 	 20.5 	 	 0.2000 	 4.0947 	 0.2692
[2025/10/12 10:35:15] - ==> Building model..
[2025/10/12 10:35:32] - Test Loss 	 Test Acc 	 PGD Loss 	 PGD Acc
[2025/10/12 10:35:32] - 2.5486 	 	 0.5103 	 2.8529 	 0.2755
[2025/10/12 10:36:16] - 40 	 19.2 	 	 0.2000 	 4.0922 	 0.2757
[2025/10/12 10:36:16] - ==> Building model..
[2025/10/12 10:36:32] - Test Loss 	 Test Acc 	 PGD Loss 	 PGD Acc
[2025/10/12 10:36:32] - 2.5472 	 	 0.5094 	 2.8516 	 0.2765
[2025/10/12 10:37:15] - 41 	 19.1 	 	 0.2000 	 4.0937 	 0.2730
[2025/10/12 10:37:15] - ==> Building model..
[2025/10/12 10:37:31] - Test Loss 	 Test Acc 	 PGD Loss 	 PGD Acc
[2025/10/12 10:37:31] - 2.5459 	 	 0.5109 	 2.8502 	 0.2760
[2025/10/12 10:38:15] - 42 	 19.1 	 	 0.2000 	 4.0929 	 0.2707
[2025/10/12 10:38:15] - ==> Building model..
[2025/10/12 10:38:31] - Test Loss 	 Test Acc 	 PGD Loss 	 PGD Acc
[2025/10/12 10:38:31] - 2.5419 	 	 0.5123 	 2.8477 	 0.2783
[2025/10/12 10:39:16] - 43 	 19.1 	 	 0.2000 	 4.0908 	 0.2755
[2025/10/12 10:39:16] - ==> Building model..
[2025/10/12 10:39:33] - Test Loss 	 Test Acc 	 PGD Loss 	 PGD Acc
[2025/10/12 10:39:33] - 2.5413 	 	 0.5129 	 2.8467 	 0.2776
[2025/10/12 10:40:17] - 44 	 18.7 	 	 0.2000 	 4.0919 	 0.2732
[2025/10/12 10:40:17] - ==> Building model..
[2025/10/12 10:40:34] - Test Loss 	 Test Acc 	 PGD Loss 	 PGD Acc
[2025/10/12 10:40:34] - 2.5407 	 	 0.5148 	 2.8471 	 0.2778
[2025/10/12 10:41:19] - 45 	 18.9 	 	 0.2000 	 4.0890 	 0.2751
[2025/10/12 10:41:19] - ==> Building model..
[2025/10/12 10:41:38] - Test Loss 	 Test Acc 	 PGD Loss 	 PGD Acc
[2025/10/12 10:41:38] - 2.5448 	 	 0.5123 	 2.8511 	 0.2769
[2025/10/12 10:42:24] - 46 	 20.1 	 	 0.2000 	 4.0876 	 0.2756
[2025/10/12 10:42:24] - ==> Building model..
[2025/10/12 10:42:42] - Test Loss 	 Test Acc 	 PGD Loss 	 PGD Acc
[2025/10/12 10:42:42] - 2.5520 	 	 0.5118 	 2.8585 	 0.2764
[2025/10/12 10:43:27] - 47 	 19.3 	 	 0.2000 	 4.0902 	 0.2737
[2025/10/12 10:43:27] - ==> Building model..
[2025/10/12 10:43:43] - Test Loss 	 Test Acc 	 PGD Loss 	 PGD Acc
[2025/10/12 10:43:43] - 2.5480 	 	 0.5127 	 2.8558 	 0.2769
[2025/10/12 10:44:28] - 48 	 19.5 	 	 0.2000 	 4.0863 	 0.2782
[2025/10/12 10:44:28] - ==> Building model..
[2025/10/12 10:44:45] - Test Loss 	 Test Acc 	 PGD Loss 	 PGD Acc
[2025/10/12 10:44:45] - 2.5466 	 	 0.5132 	 2.8539 	 0.2769
[2025/10/12 10:45:29] - 49 	 19.8 	 	 0.2000 	 4.0863 	 0.2776
[2025/10/12 10:45:29] - ==> Building model..
[2025/10/12 10:45:46] - Test Loss 	 Test Acc 	 PGD Loss 	 PGD Acc
[2025/10/12 10:45:46] - 2.5459 	 	 0.5129 	 2.8527 	 0.2783
[2025/10/12 10:46:32] - 50 	 19.4 	 	 0.2000 	 4.0870 	 0.2761
[2025/10/12 10:46:32] - ==> Building model..
[2025/10/12 10:46:49] - Test Loss 	 Test Acc 	 PGD Loss 	 PGD Acc
[2025/10/12 10:46:49] - 2.5424 	 	 0.5143 	 2.8496 	 0.2778
[2025/10/12 10:47:35] - 51 	 19.4 	 	 0.2000 	 4.0884 	 0.2744
[2025/10/12 10:47:35] - ==> Building model..
[2025/10/12 10:47:52] - Test Loss 	 Test Acc 	 PGD Loss 	 PGD Acc
[2025/10/12 10:47:52] - 2.5425 	 	 0.5148 	 2.8494 	 0.2796
[2025/10/12 10:48:37] - 52 	 19.0 	 	 0.2000 	 4.0874 	 0.2775
[2025/10/12 10:48:37] - ==> Building model..
[2025/10/12 10:48:53] - Test Loss 	 Test Acc 	 PGD Loss 	 PGD Acc
[2025/10/12 10:48:53] - 2.5413 	 	 0.5133 	 2.8488 	 0.2795
[2025/10/12 10:49:38] - 53 	 19.8 	 	 0.2000 	 4.0852 	 0.2784
[2025/10/12 10:49:39] - ==> Building model..
[2025/10/12 10:49:56] - Test Loss 	 Test Acc 	 PGD Loss 	 PGD Acc
[2025/10/12 10:49:56] - 2.5404 	 	 0.5159 	 2.8477 	 0.2815
[2025/10/12 10:50:40] - 54 	 19.2 	 	 0.2000 	 4.0872 	 0.2773
[2025/10/12 10:50:40] - ==> Building model..
[2025/10/12 10:50:56] - Test Loss 	 Test Acc 	 PGD Loss 	 PGD Acc
[2025/10/12 10:50:56] - 2.5390 	 	 0.5149 	 2.8470 	 0.2826
[2025/10/12 10:51:41] - 55 	 18.9 	 	 0.2000 	 4.0863 	 0.2781
[2025/10/12 10:51:41] - ==> Building model..
[2025/10/12 10:51:57] - Test Loss 	 Test Acc 	 PGD Loss 	 PGD Acc
[2025/10/12 10:51:57] - 2.5372 	 	 0.5158 	 2.8458 	 0.2822
[2025/10/12 10:52:43] - 56 	 19.0 	 	 0.2000 	 4.0870 	 0.2764
[2025/10/12 10:52:43] - ==> Building model..
[2025/10/12 10:52:59] - Test Loss 	 Test Acc 	 PGD Loss 	 PGD Acc
[2025/10/12 10:52:59] - 2.5369 	 	 0.5159 	 2.8445 	 0.2810
[2025/10/12 10:53:43] - 57 	 19.9 	 	 0.2000 	 4.0859 	 0.2802
[2025/10/12 10:53:43] - ==> Building model..
[2025/10/12 10:53:59] - Test Loss 	 Test Acc 	 PGD Loss 	 PGD Acc
[2025/10/12 10:53:59] - 2.5368 	 	 0.5161 	 2.8447 	 0.2818
[2025/10/12 10:54:42] - 58 	 18.6 	 	 0.2000 	 4.0863 	 0.2785
[2025/10/12 10:54:42] - ==> Building model..
[2025/10/12 10:54:59] - Test Loss 	 Test Acc 	 PGD Loss 	 PGD Acc
[2025/10/12 10:54:59] - 2.5375 	 	 0.5161 	 2.8445 	 0.2820
[2025/10/12 10:55:41] - 59 	 18.5 	 	 0.2000 	 4.0872 	 0.2766
[2025/10/12 10:55:41] - ==> Building model..
[2025/10/12 10:55:58] - Test Loss 	 Test Acc 	 PGD Loss 	 PGD Acc
[2025/10/12 10:55:58] - 2.5373 	 	 0.5148 	 2.8443 	 0.2804
[2025/10/12 10:56:41] - 60 	 18.3 	 	 0.2000 	 4.0859 	 0.2812
[2025/10/12 10:56:41] - ==> Building model..
[2025/10/12 10:56:57] - Test Loss 	 Test Acc 	 PGD Loss 	 PGD Acc
[2025/10/12 10:56:57] - 2.5367 	 	 0.5152 	 2.8441 	 0.2801
[2025/10/12 10:57:43] - 61 	 20.3 	 	 0.2000 	 4.0874 	 0.2776
[2025/10/12 10:57:43] - ==> Building model..
[2025/10/12 10:57:59] - Test Loss 	 Test Acc 	 PGD Loss 	 PGD Acc
[2025/10/12 10:57:59] - 2.5367 	 	 0.5167 	 2.8434 	 0.2797
[2025/10/12 10:58:45] - 62 	 20.6 	 	 0.2000 	 4.0867 	 0.2804
[2025/10/12 10:58:45] - ==> Building model..
[2025/10/12 10:59:02] - Test Loss 	 Test Acc 	 PGD Loss 	 PGD Acc
[2025/10/12 10:59:02] - 2.5379 	 	 0.5171 	 2.8447 	 0.2799
[2025/10/12 10:59:48] - 63 	 19.9 	 	 0.2000 	 4.0884 	 0.2769
[2025/10/12 10:59:48] - ==> Building model..
[2025/10/12 11:00:04] - Test Loss 	 Test Acc 	 PGD Loss 	 PGD Acc
[2025/10/12 11:00:04] - 2.5385 	 	 0.5184 	 2.8443 	 0.2796
[2025/10/12 11:00:50] - 64 	 19.3 	 	 0.2000 	 4.0853 	 0.2804
[2025/10/12 11:00:50] - ==> Building model..
[2025/10/12 11:01:08] - Test Loss 	 Test Acc 	 PGD Loss 	 PGD Acc
[2025/10/12 11:01:08] - 2.5387 	 	 0.5200 	 2.8448 	 0.2807
[2025/10/12 11:01:54] - 65 	 19.4 	 	 0.2000 	 4.0857 	 0.2782
[2025/10/12 11:01:54] - ==> Building model..
[2025/10/12 11:02:11] - Test Loss 	 Test Acc 	 PGD Loss 	 PGD Acc
[2025/10/12 11:02:11] - 2.5408 	 	 0.5203 	 2.8467 	 0.2808
[2025/10/12 11:02:58] - 66 	 19.6 	 	 0.2000 	 4.0861 	 0.2779
[2025/10/12 11:02:58] - ==> Building model..
[2025/10/12 11:03:14] - Test Loss 	 Test Acc 	 PGD Loss 	 PGD Acc
[2025/10/12 11:03:14] - 2.5437 	 	 0.5195 	 2.8486 	 0.2801
[2025/10/12 11:03:59] - 67 	 20.2 	 	 0.2000 	 4.0874 	 0.2790
[2025/10/12 11:03:59] - ==> Building model..
[2025/10/12 11:04:17] - Test Loss 	 Test Acc 	 PGD Loss 	 PGD Acc
[2025/10/12 11:04:17] - 2.5461 	 	 0.5198 	 2.8501 	 0.2817
[2025/10/12 11:05:02] - 68 	 20.6 	 	 0.2000 	 4.0883 	 0.2782
[2025/10/12 11:05:02] - ==> Building model..
[2025/10/12 11:05:19] - Test Loss 	 Test Acc 	 PGD Loss 	 PGD Acc
[2025/10/12 11:05:19] - 2.5488 	 	 0.5200 	 2.8522 	 0.2816
[2025/10/12 11:06:04] - 69 	 19.1 	 	 0.2000 	 4.0890 	 0.2794
[2025/10/12 11:06:04] - ==> Building model..
[2025/10/12 11:06:20] - Test Loss 	 Test Acc 	 PGD Loss 	 PGD Acc
[2025/10/12 11:06:20] - 2.5519 	 	 0.5202 	 2.8540 	 0.2823
[2025/10/12 11:07:06] - 70 	 18.8 	 	 0.2000 	 4.0895 	 0.2783
[2025/10/12 11:07:06] - ==> Building model..
[2025/10/12 11:07:22] - Test Loss 	 Test Acc 	 PGD Loss 	 PGD Acc
[2025/10/12 11:07:22] - 2.5548 	 	 0.5191 	 2.8562 	 0.2826
[2025/10/12 11:08:10] - 71 	 21.7 	 	 0.2000 	 4.0886 	 0.2781
[2025/10/12 11:08:10] - ==> Building model..
[2025/10/12 11:08:32] - Test Loss 	 Test Acc 	 PGD Loss 	 PGD Acc
[2025/10/12 11:08:32] - 2.5570 	 	 0.5202 	 2.8576 	 0.2808
[2025/10/12 11:09:28] - 72 	 28.6 	 	 0.2000 	 4.0899 	 0.2757
[2025/10/12 11:09:28] - ==> Building model..
[2025/10/12 11:09:52] - Test Loss 	 Test Acc 	 PGD Loss 	 PGD Acc
[2025/10/12 11:09:52] - 2.5587 	 	 0.5214 	 2.8594 	 0.2818
[2025/10/12 11:10:45] - 73 	 27.6 	 	 0.2000 	 4.0885 	 0.2781
[2025/10/12 11:10:45] - ==> Building model..
[2025/10/12 11:11:08] - Test Loss 	 Test Acc 	 PGD Loss 	 PGD Acc
[2025/10/12 11:11:08] - 2.5607 	 	 0.5207 	 2.8605 	 0.2811
[2025/10/12 11:12:02] - 74 	 27.8 	 	 0.2000 	 4.0907 	 0.2777
[2025/10/12 11:12:02] - ==> Building model..
[2025/10/12 11:12:24] - Test Loss 	 Test Acc 	 PGD Loss 	 PGD Acc
[2025/10/12 11:12:24] - 2.5622 	 	 0.5217 	 2.8616 	 0.2804
[2025/10/12 11:13:18] - 75 	 27.4 	 	 0.2000 	 4.0887 	 0.2814
[2025/10/12 11:13:18] - ==> Building model..
[2025/10/12 11:13:41] - Test Loss 	 Test Acc 	 PGD Loss 	 PGD Acc
[2025/10/12 11:13:41] - 2.5647 	 	 0.5205 	 2.8627 	 0.2815
[2025/10/12 11:14:35] - 76 	 27.9 	 	 0.2000 	 4.0895 	 0.2803
[2025/10/12 11:14:35] - ==> Building model..
[2025/10/12 11:14:58] - Test Loss 	 Test Acc 	 PGD Loss 	 PGD Acc
[2025/10/12 11:14:58] - 2.5673 	 	 0.5195 	 2.8646 	 0.2815
[2025/10/12 11:15:52] - 77 	 27.8 	 	 0.2000 	 4.0876 	 0.2808
[2025/10/12 11:15:52] - ==> Building model..
[2025/10/12 11:16:14] - Test Loss 	 Test Acc 	 PGD Loss 	 PGD Acc
[2025/10/12 11:16:14] - 2.5671 	 	 0.5197 	 2.8648 	 0.2816
[2025/10/12 11:17:09] - 78 	 28.2 	 	 0.2000 	 4.0895 	 0.2770
[2025/10/12 11:17:09] - ==> Building model..
[2025/10/12 11:17:31] - Test Loss 	 Test Acc 	 PGD Loss 	 PGD Acc
[2025/10/12 11:17:31] - 2.5677 	 	 0.5197 	 2.8640 	 0.2816
[2025/10/12 11:18:25] - 79 	 27.4 	 	 0.2000 	 4.0883 	 0.2793
[2025/10/12 11:18:25] - ==> Building model..
[2025/10/12 11:18:47] - Test Loss 	 Test Acc 	 PGD Loss 	 PGD Acc
[2025/10/12 11:18:47] - 2.5681 	 	 0.5202 	 2.8649 	 0.2819
[2025/10/12 11:19:42] - 80 	 27.9 	 	 0.2000 	 4.0879 	 0.2801
[2025/10/12 11:19:42] - ==> Building model..
[2025/10/12 11:20:05] - Test Loss 	 Test Acc 	 PGD Loss 	 PGD Acc
[2025/10/12 11:20:05] - 2.5699 	 	 0.5203 	 2.8663 	 0.2839
[2025/10/12 11:21:00] - 81 	 27.7 	 	 0.2000 	 4.0894 	 0.2794
[2025/10/12 11:21:00] - ==> Building model..
[2025/10/12 11:21:22] - Test Loss 	 Test Acc 	 PGD Loss 	 PGD Acc
[2025/10/12 11:21:22] - 2.5700 	 	 0.5201 	 2.8658 	 0.2840
[2025/10/12 11:22:13] - 82 	 26.5 	 	 0.2000 	 4.0889 	 0.2800
[2025/10/12 11:22:13] - ==> Building model..
[2025/10/12 11:22:35] - Test Loss 	 Test Acc 	 PGD Loss 	 PGD Acc
[2025/10/12 11:22:35] - 2.5682 	 	 0.5219 	 2.8643 	 0.2838
[2025/10/12 11:23:29] - 83 	 27.3 	 	 0.2000 	 4.0858 	 0.2808
[2025/10/12 11:23:29] - ==> Building model..
[2025/10/12 11:23:51] - Test Loss 	 Test Acc 	 PGD Loss 	 PGD Acc
[2025/10/12 11:23:51] - 2.5689 	 	 0.5210 	 2.8650 	 0.2838
[2025/10/12 11:24:45] - 84 	 27.8 	 	 0.2000 	 4.0892 	 0.2782
[2025/10/12 11:24:45] - ==> Building model..
[2025/10/12 11:25:08] - Test Loss 	 Test Acc 	 PGD Loss 	 PGD Acc
[2025/10/12 11:25:08] - 2.5688 	 	 0.5195 	 2.8649 	 0.2839
[2025/10/12 11:26:00] - 85 	 27.1 	 	 0.2000 	 4.0898 	 0.2786
[2025/10/12 11:26:00] - ==> Building model..
[2025/10/12 11:26:23] - Test Loss 	 Test Acc 	 PGD Loss 	 PGD Acc
[2025/10/12 11:26:23] - 2.5703 	 	 0.5188 	 2.8664 	 0.2845
[2025/10/12 11:27:16] - 86 	 27.5 	 	 0.2000 	 4.0884 	 0.2807
[2025/10/12 11:27:16] - ==> Building model..
[2025/10/12 11:27:39] - Test Loss 	 Test Acc 	 PGD Loss 	 PGD Acc
[2025/10/12 11:27:39] - 2.5705 	 	 0.5199 	 2.8667 	 0.2846
[2025/10/12 11:28:33] - 87 	 27.9 	 	 0.2000 	 4.0884 	 0.2795
[2025/10/12 11:28:33] - ==> Building model..
[2025/10/12 11:28:55] - Test Loss 	 Test Acc 	 PGD Loss 	 PGD Acc
[2025/10/12 11:28:55] - 2.5710 	 	 0.5198 	 2.8664 	 0.2846
[2025/10/12 11:29:48] - 88 	 27.9 	 	 0.2000 	 4.0898 	 0.2768
[2025/10/12 11:29:48] - ==> Building model..
[2025/10/12 11:30:11] - Test Loss 	 Test Acc 	 PGD Loss 	 PGD Acc
[2025/10/12 11:30:11] - 2.5720 	 	 0.5216 	 2.8674 	 0.2834
[2025/10/12 11:31:05] - 89 	 28.3 	 	 0.2000 	 4.0887 	 0.2812
[2025/10/12 11:31:05] - ==> Building model..
[2025/10/12 11:31:28] - Test Loss 	 Test Acc 	 PGD Loss 	 PGD Acc
[2025/10/12 11:31:28] - 2.5737 	 	 0.5215 	 2.8680 	 0.2821
[2025/10/12 11:32:20] - 90 	 27.3 	 	 0.0200 	 3.9916 	 0.3437
[2025/10/12 11:32:20] - ==> Building model..
[2025/10/12 11:32:43] - Test Loss 	 Test Acc 	 PGD Loss 	 PGD Acc
[2025/10/12 11:32:43] - 2.5706 	 	 0.5211 	 2.8655 	 0.2828
[2025/10/12 11:33:35] - 91 	 27.2 	 	 0.0200 	 3.8984 	 0.4033
[2025/10/12 11:33:35] - ==> Building model..
[2025/10/12 11:33:57] - Test Loss 	 Test Acc 	 PGD Loss 	 PGD Acc
[2025/10/12 11:33:57] - 2.5696 	 	 0.5212 	 2.8648 	 0.2831
[2025/10/12 11:34:50] - 92 	 26.7 	 	 0.0200 	 3.8712 	 0.4209
[2025/10/12 11:34:50] - ==> Building model..
[2025/10/12 11:35:12] - Test Loss 	 Test Acc 	 PGD Loss 	 PGD Acc
[2025/10/12 11:35:12] - 2.5692 	 	 0.5215 	 2.8655 	 0.2833
[2025/10/12 11:36:07] - 93 	 27.4 	 	 0.0200 	 3.8549 	 0.4332
[2025/10/12 11:36:07] - ==> Building model..
[2025/10/12 11:36:29] - Test Loss 	 Test Acc 	 PGD Loss 	 PGD Acc
[2025/10/12 11:36:30] - 2.5700 	 	 0.5217 	 2.8659 	 0.2834
[2025/10/12 11:37:22] - 94 	 26.3 	 	 0.0200 	 3.8394 	 0.4419
[2025/10/12 11:37:22] - ==> Building model..
[2025/10/12 11:37:45] - Test Loss 	 Test Acc 	 PGD Loss 	 PGD Acc
[2025/10/12 11:37:45] - 2.5718 	 	 0.5217 	 2.8675 	 0.2831
[2025/10/12 11:38:38] - 95 	 26.5 	 	 0.0200 	 3.8270 	 0.4534
[2025/10/12 11:38:38] - ==> Building model..
[2025/10/12 11:39:00] - Test Loss 	 Test Acc 	 PGD Loss 	 PGD Acc
[2025/10/12 11:39:00] - 2.5748 	 	 0.5217 	 2.8700 	 0.2835
[2025/10/12 11:39:53] - 96 	 27.0 	 	 0.0200 	 3.8164 	 0.4620
[2025/10/12 11:39:53] - ==> Building model..
[2025/10/12 11:40:16] - Test Loss 	 Test Acc 	 PGD Loss 	 PGD Acc
[2025/10/12 11:40:16] - 2.5770 	 	 0.5220 	 2.8715 	 0.2836
[2025/10/12 11:41:09] - 97 	 26.7 	 	 0.0200 	 3.8072 	 0.4687
[2025/10/12 11:41:09] - ==> Building model..
[2025/10/12 11:41:32] - Test Loss 	 Test Acc 	 PGD Loss 	 PGD Acc
[2025/10/12 11:41:32] - 2.5779 	 	 0.5220 	 2.8724 	 0.2835
[2025/10/12 11:42:25] - 98 	 26.7 	 	 0.0200 	 3.8000 	 0.4729
[2025/10/12 11:42:25] - ==> Building model..
[2025/10/12 11:42:48] - Test Loss 	 Test Acc 	 PGD Loss 	 PGD Acc
[2025/10/12 11:42:48] - 2.5810 	 	 0.5214 	 2.8754 	 0.2833
[2025/10/12 11:43:39] - 99 	 26.2 	 	 0.0200 	 3.7917 	 0.4793
[2025/10/12 11:43:39] - ==> Building model..
[2025/10/12 11:44:02] - Test Loss 	 Test Acc 	 PGD Loss 	 PGD Acc
[2025/10/12 11:44:02] - 2.5833 	 	 0.5214 	 2.8771 	 0.2835
[2025/10/12 11:44:02] - [0.0867, 0.1467, 0.1866, 0.2389, 0.2761, 0.3148, 0.3511, 0.3819, 0.4035, 0.4154, 0.4301, 0.4393, 0.4466, 0.454, 0.4601, 0.4645, 0.4705, 0.4755, 0.4787, 0.4797, 0.4841, 0.4879, 0.4919, 0.4925, 0.492, 0.4952, 0.4996, 0.5025, 0.4996, 0.5014, 0.5008, 0.5019, 0.5052, 0.5043, 0.5038, 0.5045, 0.5075, 0.5066, 0.5084, 0.5103, 0.5094, 0.5109, 0.5123, 0.5129, 0.5148, 0.5123, 0.5118, 0.5127, 0.5132, 0.5129, 0.5143, 0.5148, 0.5133, 0.5159, 0.5149, 0.5158, 0.5159, 0.5161, 0.5161, 0.5148, 0.5152, 0.5167, 0.5171, 0.5184, 0.52, 0.5203, 0.5195, 0.5198, 0.52, 0.5202, 0.5191, 0.5202, 0.5214, 0.5207, 0.5217, 0.5205, 0.5195, 0.5197, 0.5197, 0.5202, 0.5203, 0.5201, 0.5219, 0.521, 0.5195, 0.5188, 0.5199, 0.5198, 0.5216, 0.5215, 0.5211, 0.5212, 0.5215, 0.5217, 0.5217, 0.5217, 0.522, 0.522, 0.5214, 0.5214]
[2025/10/12 11:44:02] - [0.0574, 0.0944, 0.1154, 0.14, 0.1632, 0.1793, 0.1954, 0.2078, 0.2173, 0.2248, 0.23, 0.2344, 0.2387, 0.2433, 0.2449, 0.247, 0.2491, 0.251, 0.2532, 0.2561, 0.256, 0.2586, 0.2605, 0.2624, 0.2659, 0.2654, 0.2664, 0.2685, 0.2671, 0.2682, 0.2691, 0.2703, 0.2703, 0.271, 0.2708, 0.2721, 0.2731, 0.275, 0.2742, 0.2755, 0.2765, 0.276, 0.2783, 0.2776, 0.2778, 0.2769, 0.2764, 0.2769, 0.2769, 0.2783, 0.2778, 0.2796, 0.2795, 0.2815, 0.2826, 0.2822, 0.281, 0.2818, 0.282, 0.2804, 0.2801, 0.2797, 0.2799, 0.2796, 0.2807, 0.2808, 0.2801, 0.2817, 0.2816, 0.2823, 0.2826, 0.2808, 0.2818, 0.2811, 0.2804, 0.2815, 0.2815, 0.2816, 0.2816, 0.2819, 0.2839, 0.284, 0.2838, 0.2838, 0.2839, 0.2845, 0.2846, 0.2846, 0.2834, 0.2821, 0.2828, 0.2831, 0.2833, 0.2834, 0.2831, 0.2835, 0.2836, 0.2835, 0.2833, 0.2835]
