[2025/10/17 02:59:48] - Namespace(batch_size=128, data_dir='tiny-imagenet-200', epochs=110, lr_schedule='multistep', lr_min=0.0, lr_max=0.1, weight_decay=0.0005, momentum=0.9, model='PreActResNest18', epsilon=8, alpha=8, delta_init='random', normal_mean=0, normal_std=1, out_dir='./output/Tiny_ImageNet/lamda_32_lamscale_0.12_run3', seed=0, lamda=32.0, lam_scale=0.12, lam_start=40, gamma=0.025, inner_gamma=0.025, beta=0.2, mu=3.5, batch_m=0.75, early_stop=False, factor=0.3, length=6, n_holes=1, c_num=0.125, EMA_value=0.55)
[2025/10/17 03:00:43] - ==> Building model..
[2025/10/17 03:00:43] - Epoch 	 Seconds 	 LR 	 	 Train Loss 	 Train Acc
[2025/10/17 03:03:09] - 0 	 141.3 	 	 0.1000 	 5.2912 	 0.0269
[2025/10/17 03:03:09] - ==> Building model..
[2025/10/17 03:04:01] - Test Loss 	 Test Acc 	 PGD Loss 	 PGD Acc
[2025/10/17 03:04:01] - 4.9851 	 	 0.0765 	 4.9974 	 0.0434
[2025/10/17 03:06:25] - 1 	 139.7 	 	 0.1000 	 5.2300 	 0.0692
[2025/10/17 03:06:25] - ==> Building model..
[2025/10/17 03:07:18] - Test Loss 	 Test Acc 	 PGD Loss 	 PGD Acc
[2025/10/17 03:07:18] - 4.7513 	 	 0.1418 	 4.7871 	 0.0750
[2025/10/17 03:09:42] - 2 	 139.6 	 	 0.1000 	 5.1973 	 0.1000
[2025/10/17 03:09:42] - ==> Building model..
[2025/10/17 03:10:35] - Test Loss 	 Test Acc 	 PGD Loss 	 PGD Acc
[2025/10/17 03:10:35] - 4.5697 	 	 0.1894 	 4.6321 	 0.0982
[2025/10/17 03:12:59] - 3 	 139.6 	 	 0.1000 	 5.1707 	 0.1248
[2025/10/17 03:12:59] - ==> Building model..
[2025/10/17 03:13:52] - Test Loss 	 Test Acc 	 PGD Loss 	 PGD Acc
[2025/10/17 03:13:52] - 4.4791 	 	 0.2152 	 4.5591 	 0.1126
[2025/10/17 03:16:16] - 4 	 139.5 	 	 0.1000 	 5.1468 	 0.1456
[2025/10/17 03:16:16] - ==> Building model..
[2025/10/17 03:17:09] - Test Loss 	 Test Acc 	 PGD Loss 	 PGD Acc
[2025/10/17 03:17:09] - 4.4315 	 	 0.2366 	 4.5231 	 0.1221
[2025/10/17 03:19:34] - 5 	 139.6 	 	 0.1000 	 5.1267 	 0.1649
[2025/10/17 03:19:34] - ==> Building model..
[2025/10/17 03:20:27] - Test Loss 	 Test Acc 	 PGD Loss 	 PGD Acc
[2025/10/17 03:20:27] - 4.4458 	 	 0.2426 	 4.5385 	 0.1234
[2025/10/17 03:22:51] - 6 	 139.5 	 	 0.1000 	 5.1125 	 0.1791
[2025/10/17 03:22:51] - ==> Building model..
[2025/10/17 03:23:44] - Test Loss 	 Test Acc 	 PGD Loss 	 PGD Acc
[2025/10/17 03:23:44] - 4.3827 	 	 0.2585 	 4.4888 	 0.1292
[2025/10/17 03:26:09] - 7 	 139.4 	 	 0.1000 	 5.1008 	 0.1905
[2025/10/17 03:26:09] - ==> Building model..
[2025/10/17 03:27:02] - Test Loss 	 Test Acc 	 PGD Loss 	 PGD Acc
[2025/10/17 03:27:02] - 4.2113 	 	 0.2921 	 4.3511 	 0.1481
[2025/10/17 03:29:25] - 8 	 138.8 	 	 0.1000 	 5.0901 	 0.2002
[2025/10/17 03:29:25] - ==> Building model..
[2025/10/17 03:30:18] - Test Loss 	 Test Acc 	 PGD Loss 	 PGD Acc
[2025/10/17 03:30:18] - 4.0379 	 	 0.3269 	 4.2163 	 0.1649
[2025/10/17 03:32:42] - 9 	 139.0 	 	 0.1000 	 5.0811 	 0.2092
[2025/10/17 03:32:42] - ==> Building model..
[2025/10/17 03:33:35] - Test Loss 	 Test Acc 	 PGD Loss 	 PGD Acc
[2025/10/17 03:33:35] - 3.9204 	 	 0.3516 	 4.1266 	 0.1766
[2025/10/17 03:35:59] - 10 	 138.7 	 	 0.1000 	 5.0730 	 0.2182
[2025/10/17 03:35:59] - ==> Building model..
[2025/10/17 03:36:52] - Test Loss 	 Test Acc 	 PGD Loss 	 PGD Acc
[2025/10/17 03:36:52] - 3.8426 	 	 0.3672 	 4.0685 	 0.1861
[2025/10/17 03:39:15] - 11 	 138.5 	 	 0.1000 	 5.0657 	 0.2259
[2025/10/17 03:39:15] - ==> Building model..
[2025/10/17 03:40:08] - Test Loss 	 Test Acc 	 PGD Loss 	 PGD Acc
[2025/10/17 03:40:08] - 3.7914 	 	 0.3781 	 4.0302 	 0.1889
[2025/10/17 03:42:32] - 12 	 139.2 	 	 0.1000 	 5.0599 	 0.2324
[2025/10/17 03:42:32] - ==> Building model..
[2025/10/17 03:43:25] - Test Loss 	 Test Acc 	 PGD Loss 	 PGD Acc
[2025/10/17 03:43:25] - 3.7527 	 	 0.3865 	 4.0022 	 0.1932
[2025/10/17 03:45:48] - 13 	 138.4 	 	 0.1000 	 5.0534 	 0.2383
[2025/10/17 03:45:48] - ==> Building model..
[2025/10/17 03:46:41] - Test Loss 	 Test Acc 	 PGD Loss 	 PGD Acc
[2025/10/17 03:46:41] - 3.7172 	 	 0.3939 	 3.9766 	 0.1971
[2025/10/17 03:49:04] - 14 	 138.9 	 	 0.1000 	 5.0484 	 0.2428
[2025/10/17 03:49:04] - ==> Building model..
[2025/10/17 03:49:57] - Test Loss 	 Test Acc 	 PGD Loss 	 PGD Acc
[2025/10/17 03:49:57] - 3.6831 	 	 0.4008 	 3.9524 	 0.1994
[2025/10/17 03:52:20] - 15 	 138.3 	 	 0.1000 	 5.0442 	 0.2483
[2025/10/17 03:52:20] - ==> Building model..
[2025/10/17 03:53:13] - Test Loss 	 Test Acc 	 PGD Loss 	 PGD Acc
[2025/10/17 03:53:13] - 3.6597 	 	 0.4063 	 3.9365 	 0.2017
[2025/10/17 03:55:36] - 16 	 138.3 	 	 0.1000 	 5.0396 	 0.2517
[2025/10/17 03:55:36] - ==> Building model..
[2025/10/17 03:56:29] - Test Loss 	 Test Acc 	 PGD Loss 	 PGD Acc
[2025/10/17 03:56:29] - 3.6339 	 	 0.4105 	 3.9176 	 0.2031
[2025/10/17 03:58:51] - 17 	 137.5 	 	 0.1000 	 5.0352 	 0.2573
[2025/10/17 03:58:51] - ==> Building model..
[2025/10/17 03:59:43] - Test Loss 	 Test Acc 	 PGD Loss 	 PGD Acc
[2025/10/17 03:59:43] - 3.6136 	 	 0.4150 	 3.9038 	 0.2049
[2025/10/17 04:02:05] - 18 	 138.0 	 	 0.1000 	 5.0322 	 0.2603
[2025/10/17 04:02:05] - ==> Building model..
[2025/10/17 04:02:57] - Test Loss 	 Test Acc 	 PGD Loss 	 PGD Acc
[2025/10/17 04:02:57] - 3.5919 	 	 0.4180 	 3.8875 	 0.2054
[2025/10/17 04:05:19] - 19 	 136.6 	 	 0.1000 	 5.0289 	 0.2650
[2025/10/17 04:05:19] - ==> Building model..
[2025/10/17 04:06:11] - Test Loss 	 Test Acc 	 PGD Loss 	 PGD Acc
[2025/10/17 04:06:11] - 3.5777 	 	 0.4194 	 3.8774 	 0.2072
[2025/10/17 04:08:33] - 20 	 137.5 	 	 0.1000 	 5.0262 	 0.2667
[2025/10/17 04:08:33] - ==> Building model..
[2025/10/17 04:09:26] - Test Loss 	 Test Acc 	 PGD Loss 	 PGD Acc
[2025/10/17 04:09:26] - 3.5629 	 	 0.4227 	 3.8671 	 0.2096
[2025/10/17 04:11:48] - 21 	 137.7 	 	 0.1000 	 5.0237 	 0.2678
[2025/10/17 04:11:48] - ==> Building model..
[2025/10/17 04:12:41] - Test Loss 	 Test Acc 	 PGD Loss 	 PGD Acc
[2025/10/17 04:12:41] - 3.5479 	 	 0.4261 	 3.8571 	 0.2116
[2025/10/17 04:15:03] - 22 	 137.2 	 	 0.1000 	 5.0206 	 0.2710
[2025/10/17 04:15:03] - ==> Building model..
[2025/10/17 04:15:55] - Test Loss 	 Test Acc 	 PGD Loss 	 PGD Acc
[2025/10/17 04:15:55] - 3.5324 	 	 0.4295 	 3.8462 	 0.2116
[2025/10/17 04:18:17] - 23 	 137.5 	 	 0.1000 	 5.0187 	 0.2753
[2025/10/17 04:18:17] - ==> Building model..
[2025/10/17 04:19:10] - Test Loss 	 Test Acc 	 PGD Loss 	 PGD Acc
[2025/10/17 04:19:10] - 3.5186 	 	 0.4325 	 3.8368 	 0.2113
[2025/10/17 04:21:31] - 24 	 137.1 	 	 0.1000 	 5.0161 	 0.2764
[2025/10/17 04:21:31] - ==> Building model..
[2025/10/17 04:22:24] - Test Loss 	 Test Acc 	 PGD Loss 	 PGD Acc
[2025/10/17 04:22:24] - 3.5090 	 	 0.4339 	 3.8302 	 0.2143
[2025/10/17 04:24:46] - 25 	 137.2 	 	 0.1000 	 5.0144 	 0.2774
[2025/10/17 04:24:46] - ==> Building model..
[2025/10/17 04:25:38] - Test Loss 	 Test Acc 	 PGD Loss 	 PGD Acc
[2025/10/17 04:25:38] - 3.4971 	 	 0.4357 	 3.8215 	 0.2163
[2025/10/17 04:28:00] - 26 	 137.0 	 	 0.1000 	 5.0126 	 0.2800
[2025/10/17 04:28:00] - ==> Building model..
[2025/10/17 04:28:52] - Test Loss 	 Test Acc 	 PGD Loss 	 PGD Acc
[2025/10/17 04:28:52] - 3.4861 	 	 0.4381 	 3.8149 	 0.2182
[2025/10/17 04:31:14] - 27 	 137.3 	 	 0.1000 	 5.0112 	 0.2819
[2025/10/17 04:31:14] - ==> Building model..
[2025/10/17 04:32:07] - Test Loss 	 Test Acc 	 PGD Loss 	 PGD Acc
[2025/10/17 04:32:07] - 3.4782 	 	 0.4403 	 3.8093 	 0.2191
[2025/10/17 04:34:29] - 28 	 137.0 	 	 0.1000 	 5.0086 	 0.2856
[2025/10/17 04:34:29] - ==> Building model..
[2025/10/17 04:35:22] - Test Loss 	 Test Acc 	 PGD Loss 	 PGD Acc
[2025/10/17 04:35:22] - 3.4713 	 	 0.4403 	 3.8045 	 0.2195
[2025/10/17 04:37:43] - 29 	 137.3 	 	 0.1000 	 5.0073 	 0.2842
[2025/10/17 04:37:43] - ==> Building model..
[2025/10/17 04:38:36] - Test Loss 	 Test Acc 	 PGD Loss 	 PGD Acc
[2025/10/17 04:38:36] - 3.4651 	 	 0.4431 	 3.8012 	 0.2203
[2025/10/17 04:40:59] - 30 	 138.0 	 	 0.1000 	 5.0068 	 0.2872
[2025/10/17 04:40:59] - ==> Building model..
[2025/10/17 04:41:52] - Test Loss 	 Test Acc 	 PGD Loss 	 PGD Acc
[2025/10/17 04:41:52] - 3.4598 	 	 0.4439 	 3.7981 	 0.2207
[2025/10/17 04:44:15] - 31 	 138.5 	 	 0.1000 	 5.0046 	 0.2883
[2025/10/17 04:44:15] - ==> Building model..
[2025/10/17 04:45:08] - Test Loss 	 Test Acc 	 PGD Loss 	 PGD Acc
[2025/10/17 04:45:08] - 3.4548 	 	 0.4440 	 3.7951 	 0.2208
[2025/10/17 04:47:32] - 32 	 138.6 	 	 0.1000 	 5.0036 	 0.2868
[2025/10/17 04:47:32] - ==> Building model..
[2025/10/17 04:48:25] - Test Loss 	 Test Acc 	 PGD Loss 	 PGD Acc
[2025/10/17 04:48:25] - 3.4479 	 	 0.4466 	 3.7908 	 0.2220
[2025/10/17 04:50:50] - 33 	 139.7 	 	 0.1000 	 5.0022 	 0.2901
[2025/10/17 04:50:50] - ==> Building model..
[2025/10/17 04:51:43] - Test Loss 	 Test Acc 	 PGD Loss 	 PGD Acc
[2025/10/17 04:51:43] - 3.4415 	 	 0.4482 	 3.7862 	 0.2231
[2025/10/17 04:54:07] - 34 	 139.0 	 	 0.1000 	 5.0004 	 0.2928
[2025/10/17 04:54:07] - ==> Building model..
[2025/10/17 04:55:00] - Test Loss 	 Test Acc 	 PGD Loss 	 PGD Acc
[2025/10/17 04:55:00] - 3.4362 	 	 0.4489 	 3.7830 	 0.2243
[2025/10/17 04:57:24] - 35 	 138.9 	 	 0.1000 	 4.9990 	 0.2943
[2025/10/17 04:57:24] - ==> Building model..
[2025/10/17 04:58:18] - Test Loss 	 Test Acc 	 PGD Loss 	 PGD Acc
[2025/10/17 04:58:18] - 3.4301 	 	 0.4503 	 3.7791 	 0.2247
[2025/10/17 05:00:42] - 36 	 139.3 	 	 0.1000 	 4.9990 	 0.2929
[2025/10/17 05:00:42] - ==> Building model..
[2025/10/17 05:01:35] - Test Loss 	 Test Acc 	 PGD Loss 	 PGD Acc
[2025/10/17 05:01:35] - 3.4257 	 	 0.4525 	 3.7768 	 0.2259
[2025/10/17 05:03:59] - 37 	 138.8 	 	 0.1000 	 4.9969 	 0.2971
[2025/10/17 05:03:59] - ==> Building model..
[2025/10/17 05:04:52] - Test Loss 	 Test Acc 	 PGD Loss 	 PGD Acc
[2025/10/17 05:04:52] - 3.4208 	 	 0.4540 	 3.7740 	 0.2257
[2025/10/17 05:07:15] - 38 	 138.8 	 	 0.1000 	 4.9971 	 0.2965
[2025/10/17 05:07:15] - ==> Building model..
[2025/10/17 05:08:08] - Test Loss 	 Test Acc 	 PGD Loss 	 PGD Acc
[2025/10/17 05:08:08] - 3.4165 	 	 0.4557 	 3.7710 	 0.2260
[2025/10/17 05:10:33] - 39 	 139.4 	 	 0.1000 	 4.9958 	 0.2976
[2025/10/17 05:10:33] - ==> Building model..
[2025/10/17 05:11:26] - Test Loss 	 Test Acc 	 PGD Loss 	 PGD Acc
[2025/10/17 05:11:26] - 3.4124 	 	 0.4563 	 3.7691 	 0.2266
[2025/10/17 05:13:50] - 40 	 139.0 	 	 0.1000 	 4.9948 	 0.2972
[2025/10/17 05:13:50] - ==> Building model..
[2025/10/17 05:14:43] - Test Loss 	 Test Acc 	 PGD Loss 	 PGD Acc
[2025/10/17 05:14:43] - 3.4086 	 	 0.4568 	 3.7667 	 0.2270
[2025/10/17 05:17:06] - 41 	 138.7 	 	 0.1000 	 4.9934 	 0.3005
[2025/10/17 05:17:06] - ==> Building model..
[2025/10/17 05:17:59] - Test Loss 	 Test Acc 	 PGD Loss 	 PGD Acc
[2025/10/17 05:17:59] - 3.4066 	 	 0.4574 	 3.7657 	 0.2275
[2025/10/17 05:20:23] - 42 	 138.7 	 	 0.1000 	 4.9933 	 0.3005
[2025/10/17 05:20:23] - ==> Building model..
[2025/10/17 05:21:16] - Test Loss 	 Test Acc 	 PGD Loss 	 PGD Acc
[2025/10/17 05:21:16] - 3.4044 	 	 0.4575 	 3.7646 	 0.2279
[2025/10/17 05:23:39] - 43 	 138.8 	 	 0.1000 	 4.9930 	 0.3013
[2025/10/17 05:23:39] - ==> Building model..
[2025/10/17 05:24:33] - Test Loss 	 Test Acc 	 PGD Loss 	 PGD Acc
[2025/10/17 05:24:33] - 3.4045 	 	 0.4566 	 3.7647 	 0.2275
[2025/10/17 05:26:57] - 44 	 139.0 	 	 0.1000 	 4.9923 	 0.3016
[2025/10/17 05:26:57] - ==> Building model..
[2025/10/17 05:27:50] - Test Loss 	 Test Acc 	 PGD Loss 	 PGD Acc
[2025/10/17 05:27:50] - 3.4030 	 	 0.4581 	 3.7642 	 0.2273
[2025/10/17 05:30:13] - 45 	 138.9 	 	 0.1000 	 4.9918 	 0.3026
[2025/10/17 05:30:13] - ==> Building model..
[2025/10/17 05:31:06] - Test Loss 	 Test Acc 	 PGD Loss 	 PGD Acc
[2025/10/17 05:31:06] - 3.4023 	 	 0.4579 	 3.7645 	 0.2273
[2025/10/17 05:33:30] - 46 	 139.0 	 	 0.1000 	 4.9914 	 0.3025
[2025/10/17 05:33:30] - ==> Building model..
[2025/10/17 05:34:23] - Test Loss 	 Test Acc 	 PGD Loss 	 PGD Acc
[2025/10/17 05:34:23] - 3.4018 	 	 0.4587 	 3.7646 	 0.2281
[2025/10/17 05:36:47] - 47 	 138.7 	 	 0.1000 	 4.9917 	 0.3036
[2025/10/17 05:36:47] - ==> Building model..
[2025/10/17 05:37:40] - Test Loss 	 Test Acc 	 PGD Loss 	 PGD Acc
[2025/10/17 05:37:40] - 3.4007 	 	 0.4586 	 3.7633 	 0.2276
[2025/10/17 05:40:04] - 48 	 138.8 	 	 0.1000 	 4.9911 	 0.3049
[2025/10/17 05:40:04] - ==> Building model..
[2025/10/17 05:40:56] - Test Loss 	 Test Acc 	 PGD Loss 	 PGD Acc
[2025/10/17 05:40:56] - 3.4005 	 	 0.4600 	 3.7633 	 0.2281
[2025/10/17 05:43:20] - 49 	 138.7 	 	 0.1000 	 4.9909 	 0.3037
[2025/10/17 05:43:20] - ==> Building model..
[2025/10/17 05:44:13] - Test Loss 	 Test Acc 	 PGD Loss 	 PGD Acc
[2025/10/17 05:44:13] - 3.4015 	 	 0.4612 	 3.7640 	 0.2286
[2025/10/17 05:46:37] - 50 	 138.9 	 	 0.1000 	 4.9902 	 0.3056
[2025/10/17 05:46:37] - ==> Building model..
[2025/10/17 05:47:30] - Test Loss 	 Test Acc 	 PGD Loss 	 PGD Acc
[2025/10/17 05:47:30] - 3.4007 	 	 0.4610 	 3.7647 	 0.2293
[2025/10/17 05:49:55] - 51 	 139.3 	 	 0.1000 	 4.9905 	 0.3052
[2025/10/17 05:49:55] - ==> Building model..
[2025/10/17 05:50:48] - Test Loss 	 Test Acc 	 PGD Loss 	 PGD Acc
[2025/10/17 05:50:48] - 3.4009 	 	 0.4603 	 3.7650 	 0.2290
[2025/10/17 05:53:13] - 52 	 139.6 	 	 0.1000 	 4.9896 	 0.3060
[2025/10/17 05:53:13] - ==> Building model..
[2025/10/17 05:54:06] - Test Loss 	 Test Acc 	 PGD Loss 	 PGD Acc
[2025/10/17 05:54:06] - 3.4013 	 	 0.4631 	 3.7660 	 0.2296
[2025/10/17 05:56:30] - 53 	 139.0 	 	 0.1000 	 4.9892 	 0.3073
[2025/10/17 05:56:30] - ==> Building model..
[2025/10/17 05:57:23] - Test Loss 	 Test Acc 	 PGD Loss 	 PGD Acc
[2025/10/17 05:57:23] - 3.4009 	 	 0.4628 	 3.7655 	 0.2296
[2025/10/17 05:59:47] - 54 	 139.0 	 	 0.1000 	 4.9892 	 0.3063
[2025/10/17 05:59:47] - ==> Building model..
[2025/10/17 06:00:40] - Test Loss 	 Test Acc 	 PGD Loss 	 PGD Acc
[2025/10/17 06:00:40] - 3.4005 	 	 0.4631 	 3.7661 	 0.2299
[2025/10/17 06:03:04] - 55 	 138.9 	 	 0.1000 	 4.9880 	 0.3083
[2025/10/17 06:03:04] - ==> Building model..
[2025/10/17 06:03:58] - Test Loss 	 Test Acc 	 PGD Loss 	 PGD Acc
[2025/10/17 06:03:58] - 3.4002 	 	 0.4637 	 3.7668 	 0.2297
[2025/10/17 06:06:21] - 56 	 138.1 	 	 0.1000 	 4.9878 	 0.3089
[2025/10/17 06:06:21] - ==> Building model..
[2025/10/17 06:07:14] - Test Loss 	 Test Acc 	 PGD Loss 	 PGD Acc
[2025/10/17 06:07:14] - 3.3991 	 	 0.4639 	 3.7662 	 0.2303
[2025/10/17 06:09:36] - 57 	 138.0 	 	 0.1000 	 4.9875 	 0.3075
[2025/10/17 06:09:36] - ==> Building model..
[2025/10/17 06:10:29] - Test Loss 	 Test Acc 	 PGD Loss 	 PGD Acc
[2025/10/17 06:10:29] - 3.3978 	 	 0.4635 	 3.7652 	 0.2319
[2025/10/17 06:12:52] - 58 	 137.5 	 	 0.1000 	 4.9871 	 0.3094
[2025/10/17 06:12:52] - ==> Building model..
[2025/10/17 06:13:44] - Test Loss 	 Test Acc 	 PGD Loss 	 PGD Acc
[2025/10/17 06:13:44] - 3.3975 	 	 0.4636 	 3.7648 	 0.2319
[2025/10/17 06:16:07] - 59 	 138.0 	 	 0.1000 	 4.9873 	 0.3067
[2025/10/17 06:16:07] - ==> Building model..
[2025/10/17 06:17:00] - Test Loss 	 Test Acc 	 PGD Loss 	 PGD Acc
[2025/10/17 06:17:00] - 3.3969 	 	 0.4620 	 3.7647 	 0.2322
[2025/10/17 06:19:22] - 60 	 137.6 	 	 0.1000 	 4.9864 	 0.3095
[2025/10/17 06:19:22] - ==> Building model..
[2025/10/17 06:20:16] - Test Loss 	 Test Acc 	 PGD Loss 	 PGD Acc
[2025/10/17 06:20:16] - 3.3959 	 	 0.4614 	 3.7641 	 0.2323
[2025/10/17 06:22:39] - 61 	 138.2 	 	 0.1000 	 4.9859 	 0.3105
[2025/10/17 06:22:39] - ==> Building model..
[2025/10/17 06:23:32] - Test Loss 	 Test Acc 	 PGD Loss 	 PGD Acc
[2025/10/17 06:23:32] - 3.3957 	 	 0.4622 	 3.7649 	 0.2333
[2025/10/17 06:25:54] - 62 	 137.7 	 	 0.1000 	 4.9859 	 0.3079
[2025/10/17 06:25:54] - ==> Building model..
[2025/10/17 06:26:47] - Test Loss 	 Test Acc 	 PGD Loss 	 PGD Acc
[2025/10/17 06:26:47] - 3.3941 	 	 0.4637 	 3.7640 	 0.2339
[2025/10/17 06:29:10] - 63 	 138.0 	 	 0.1000 	 4.9849 	 0.3113
[2025/10/17 06:29:10] - ==> Building model..
[2025/10/17 06:30:03] - Test Loss 	 Test Acc 	 PGD Loss 	 PGD Acc
[2025/10/17 06:30:03] - 3.3919 	 	 0.4643 	 3.7627 	 0.2341
[2025/10/17 06:32:26] - 64 	 138.1 	 	 0.1000 	 4.9852 	 0.3101
[2025/10/17 06:32:26] - ==> Building model..
[2025/10/17 06:33:19] - Test Loss 	 Test Acc 	 PGD Loss 	 PGD Acc
[2025/10/17 06:33:19] - 3.3918 	 	 0.4641 	 3.7623 	 0.2340
[2025/10/17 06:35:42] - 65 	 138.1 	 	 0.1000 	 4.9842 	 0.3109
[2025/10/17 06:35:42] - ==> Building model..
[2025/10/17 06:36:35] - Test Loss 	 Test Acc 	 PGD Loss 	 PGD Acc
[2025/10/17 06:36:35] - 3.3908 	 	 0.4663 	 3.7622 	 0.2346
[2025/10/17 06:38:57] - 66 	 137.6 	 	 0.1000 	 4.9839 	 0.3121
[2025/10/17 06:38:57] - ==> Building model..
[2025/10/17 06:39:51] - Test Loss 	 Test Acc 	 PGD Loss 	 PGD Acc
[2025/10/17 06:39:51] - 3.3895 	 	 0.4663 	 3.7617 	 0.2344
[2025/10/17 06:42:13] - 67 	 137.9 	 	 0.1000 	 4.9839 	 0.3131
[2025/10/17 06:42:13] - ==> Building model..
[2025/10/17 06:43:06] - Test Loss 	 Test Acc 	 PGD Loss 	 PGD Acc
[2025/10/17 06:43:06] - 3.3892 	 	 0.4664 	 3.7620 	 0.2345
[2025/10/17 06:45:28] - 68 	 137.9 	 	 0.1000 	 4.9838 	 0.3116
[2025/10/17 06:45:28] - ==> Building model..
[2025/10/17 06:46:22] - Test Loss 	 Test Acc 	 PGD Loss 	 PGD Acc
[2025/10/17 06:46:22] - 3.3882 	 	 0.4676 	 3.7615 	 0.2345
[2025/10/17 06:48:44] - 69 	 138.1 	 	 0.1000 	 4.9838 	 0.3116
[2025/10/17 06:48:44] - ==> Building model..
[2025/10/17 06:49:37] - Test Loss 	 Test Acc 	 PGD Loss 	 PGD Acc
[2025/10/17 06:49:37] - 3.3870 	 	 0.4674 	 3.7612 	 0.2356
[2025/10/17 06:52:00] - 70 	 138.0 	 	 0.1000 	 4.9831 	 0.3123
[2025/10/17 06:52:00] - ==> Building model..
[2025/10/17 06:52:53] - Test Loss 	 Test Acc 	 PGD Loss 	 PGD Acc
[2025/10/17 06:52:53] - 3.3870 	 	 0.4676 	 3.7621 	 0.2362
[2025/10/17 06:55:16] - 71 	 137.7 	 	 0.1000 	 4.9831 	 0.3110
[2025/10/17 06:55:16] - ==> Building model..
[2025/10/17 06:56:09] - Test Loss 	 Test Acc 	 PGD Loss 	 PGD Acc
[2025/10/17 06:56:09] - 3.3879 	 	 0.4680 	 3.7636 	 0.2363
[2025/10/17 06:58:32] - 72 	 138.2 	 	 0.1000 	 4.9823 	 0.3130
[2025/10/17 06:58:32] - ==> Building model..
[2025/10/17 06:59:25] - Test Loss 	 Test Acc 	 PGD Loss 	 PGD Acc
[2025/10/17 06:59:25] - 3.3900 	 	 0.4682 	 3.7664 	 0.2367
[2025/10/17 07:01:48] - 73 	 138.0 	 	 0.1000 	 4.9819 	 0.3138
[2025/10/17 07:01:48] - ==> Building model..
[2025/10/17 07:02:41] - Test Loss 	 Test Acc 	 PGD Loss 	 PGD Acc
[2025/10/17 07:02:41] - 3.3931 	 	 0.4686 	 3.7697 	 0.2371
[2025/10/17 07:05:04] - 74 	 138.2 	 	 0.1000 	 4.9823 	 0.3139
[2025/10/17 07:05:04] - ==> Building model..
[2025/10/17 07:05:57] - Test Loss 	 Test Acc 	 PGD Loss 	 PGD Acc
[2025/10/17 07:05:57] - 3.3986 	 	 0.4697 	 3.7757 	 0.2376
[2025/10/17 07:08:20] - 75 	 137.9 	 	 0.1000 	 4.9817 	 0.3140
[2025/10/17 07:08:20] - ==> Building model..
[2025/10/17 07:09:13] - Test Loss 	 Test Acc 	 PGD Loss 	 PGD Acc
[2025/10/17 07:09:13] - 3.4018 	 	 0.4683 	 3.7793 	 0.2381
[2025/10/17 07:11:34] - 76 	 136.6 	 	 0.1000 	 4.9810 	 0.3158
[2025/10/17 07:11:34] - ==> Building model..
[2025/10/17 07:12:27] - Test Loss 	 Test Acc 	 PGD Loss 	 PGD Acc
[2025/10/17 07:12:27] - 3.4042 	 	 0.4689 	 3.7823 	 0.2383
[2025/10/17 07:14:49] - 77 	 137.8 	 	 0.1000 	 4.9811 	 0.3147
[2025/10/17 07:14:49] - ==> Building model..
[2025/10/17 07:15:43] - Test Loss 	 Test Acc 	 PGD Loss 	 PGD Acc
[2025/10/17 07:15:43] - 3.4068 	 	 0.4697 	 3.7851 	 0.2397
[2025/10/17 07:18:06] - 78 	 137.9 	 	 0.1000 	 4.9813 	 0.3163
[2025/10/17 07:18:06] - ==> Building model..
[2025/10/17 07:18:59] - Test Loss 	 Test Acc 	 PGD Loss 	 PGD Acc
[2025/10/17 07:18:59] - 3.4089 	 	 0.4710 	 3.7876 	 0.2394
[2025/10/17 07:21:21] - 79 	 137.4 	 	 0.1000 	 4.9813 	 0.3148
[2025/10/17 07:21:21] - ==> Building model..
[2025/10/17 07:22:13] - Test Loss 	 Test Acc 	 PGD Loss 	 PGD Acc
[2025/10/17 07:22:13] - 3.4105 	 	 0.4703 	 3.7890 	 0.2391
[2025/10/17 07:24:36] - 80 	 137.7 	 	 0.1000 	 4.9812 	 0.3149
[2025/10/17 07:24:36] - ==> Building model..
[2025/10/17 07:25:29] - Test Loss 	 Test Acc 	 PGD Loss 	 PGD Acc
[2025/10/17 07:25:29] - 3.4114 	 	 0.4701 	 3.7902 	 0.2391
[2025/10/17 07:27:51] - 81 	 137.7 	 	 0.1000 	 4.9798 	 0.3180
[2025/10/17 07:27:51] - ==> Building model..
[2025/10/17 07:28:44] - Test Loss 	 Test Acc 	 PGD Loss 	 PGD Acc
[2025/10/17 07:28:44] - 3.4111 	 	 0.4696 	 3.7904 	 0.2396
[2025/10/17 07:31:07] - 82 	 138.0 	 	 0.1000 	 4.9797 	 0.3173
[2025/10/17 07:31:07] - ==> Building model..
[2025/10/17 07:32:00] - Test Loss 	 Test Acc 	 PGD Loss 	 PGD Acc
[2025/10/17 07:32:00] - 3.4101 	 	 0.4702 	 3.7907 	 0.2392
[2025/10/17 07:34:23] - 83 	 138.0 	 	 0.1000 	 4.9806 	 0.3151
[2025/10/17 07:34:23] - ==> Building model..
[2025/10/17 07:35:16] - Test Loss 	 Test Acc 	 PGD Loss 	 PGD Acc
[2025/10/17 07:35:16] - 3.4086 	 	 0.4713 	 3.7895 	 0.2398
[2025/10/17 07:37:38] - 84 	 137.2 	 	 0.1000 	 4.9801 	 0.3158
[2025/10/17 07:37:38] - ==> Building model..
[2025/10/17 07:38:31] - Test Loss 	 Test Acc 	 PGD Loss 	 PGD Acc
[2025/10/17 07:38:31] - 3.4065 	 	 0.4725 	 3.7883 	 0.2397
[2025/10/17 07:40:53] - 85 	 137.6 	 	 0.1000 	 4.9795 	 0.3187
[2025/10/17 07:40:53] - ==> Building model..
[2025/10/17 07:41:46] - Test Loss 	 Test Acc 	 PGD Loss 	 PGD Acc
[2025/10/17 07:41:46] - 3.4028 	 	 0.4721 	 3.7858 	 0.2397
[2025/10/17 07:44:10] - 86 	 138.5 	 	 0.1000 	 4.9793 	 0.3161
[2025/10/17 07:44:10] - ==> Building model..
[2025/10/17 07:45:03] - Test Loss 	 Test Acc 	 PGD Loss 	 PGD Acc
[2025/10/17 07:45:03] - 3.3982 	 	 0.4739 	 3.7825 	 0.2401
[2025/10/17 07:47:25] - 87 	 137.8 	 	 0.1000 	 4.9797 	 0.3159
[2025/10/17 07:47:25] - ==> Building model..
[2025/10/17 07:48:18] - Test Loss 	 Test Acc 	 PGD Loss 	 PGD Acc
[2025/10/17 07:48:18] - 3.3933 	 	 0.4739 	 3.7784 	 0.2399
[2025/10/17 07:50:41] - 88 	 138.2 	 	 0.1000 	 4.9794 	 0.3160
[2025/10/17 07:50:41] - ==> Building model..
[2025/10/17 07:51:34] - Test Loss 	 Test Acc 	 PGD Loss 	 PGD Acc
[2025/10/17 07:51:34] - 3.3884 	 	 0.4743 	 3.7747 	 0.2390
[2025/10/17 07:53:57] - 89 	 138.4 	 	 0.1000 	 4.9788 	 0.3181
[2025/10/17 07:53:57] - ==> Building model..
[2025/10/17 07:54:51] - Test Loss 	 Test Acc 	 PGD Loss 	 PGD Acc
[2025/10/17 07:54:51] - 3.3837 	 	 0.4744 	 3.7709 	 0.2392
[2025/10/17 07:57:13] - 90 	 137.7 	 	 0.1000 	 4.9782 	 0.3196
[2025/10/17 07:57:13] - ==> Building model..
[2025/10/17 07:58:06] - Test Loss 	 Test Acc 	 PGD Loss 	 PGD Acc
[2025/10/17 07:58:06] - 3.3789 	 	 0.4748 	 3.7668 	 0.2395
[2025/10/17 08:00:28] - 91 	 137.2 	 	 0.1000 	 4.9789 	 0.3199
[2025/10/17 08:00:28] - ==> Building model..
[2025/10/17 08:01:21] - Test Loss 	 Test Acc 	 PGD Loss 	 PGD Acc
[2025/10/17 08:01:21] - 3.3758 	 	 0.4748 	 3.7645 	 0.2395
[2025/10/17 08:03:43] - 92 	 137.7 	 	 0.1000 	 4.9791 	 0.3157
[2025/10/17 08:03:43] - ==> Building model..
[2025/10/17 08:04:36] - Test Loss 	 Test Acc 	 PGD Loss 	 PGD Acc
[2025/10/17 08:04:36] - 3.3714 	 	 0.4757 	 3.7611 	 0.2399
[2025/10/17 08:06:59] - 93 	 137.8 	 	 0.1000 	 4.9781 	 0.3182
[2025/10/17 08:06:59] - ==> Building model..
[2025/10/17 08:07:52] - Test Loss 	 Test Acc 	 PGD Loss 	 PGD Acc
[2025/10/17 08:07:52] - 3.3659 	 	 0.4760 	 3.7564 	 0.2402
[2025/10/17 08:10:15] - 94 	 137.7 	 	 0.1000 	 4.9793 	 0.3187
[2025/10/17 08:10:15] - ==> Building model..
[2025/10/17 08:11:08] - Test Loss 	 Test Acc 	 PGD Loss 	 PGD Acc
[2025/10/17 08:11:08] - 3.3625 	 	 0.4761 	 3.7537 	 0.2395
[2025/10/17 08:13:30] - 95 	 138.1 	 	 0.1000 	 4.9786 	 0.3171
[2025/10/17 08:13:30] - ==> Building model..
[2025/10/17 08:14:24] - Test Loss 	 Test Acc 	 PGD Loss 	 PGD Acc
[2025/10/17 08:14:24] - 3.3579 	 	 0.4774 	 3.7500 	 0.2397
[2025/10/17 08:16:46] - 96 	 137.8 	 	 0.1000 	 4.9789 	 0.3175
[2025/10/17 08:16:46] - ==> Building model..
[2025/10/17 08:17:39] - Test Loss 	 Test Acc 	 PGD Loss 	 PGD Acc
[2025/10/17 08:17:39] - 3.3533 	 	 0.4766 	 3.7459 	 0.2402
[2025/10/17 08:20:02] - 97 	 138.0 	 	 0.1000 	 4.9790 	 0.3177
[2025/10/17 08:20:02] - ==> Building model..
[2025/10/17 08:20:55] - Test Loss 	 Test Acc 	 PGD Loss 	 PGD Acc
[2025/10/17 08:20:55] - 3.3493 	 	 0.4771 	 3.7428 	 0.2414
[2025/10/17 08:23:18] - 98 	 137.9 	 	 0.1000 	 4.9783 	 0.3177
[2025/10/17 08:23:18] - ==> Building model..
[2025/10/17 08:24:11] - Test Loss 	 Test Acc 	 PGD Loss 	 PGD Acc
[2025/10/17 08:24:11] - 3.3472 	 	 0.4771 	 3.7410 	 0.2411
[2025/10/17 08:26:33] - 99 	 137.4 	 	 0.0100 	 4.8779 	 0.4464
[2025/10/17 08:26:33] - ==> Building model..
[2025/10/17 08:27:26] - Test Loss 	 Test Acc 	 PGD Loss 	 PGD Acc
[2025/10/17 08:27:26] - 3.3469 	 	 0.4772 	 3.7406 	 0.2409
[2025/10/17 08:29:48] - 100 	 137.2 	 	 0.0100 	 4.8095 	 0.5396
[2025/10/17 08:29:48] - ==> Building model..
[2025/10/17 08:30:41] - Test Loss 	 Test Acc 	 PGD Loss 	 PGD Acc
[2025/10/17 08:30:41] - 3.3469 	 	 0.4772 	 3.7412 	 0.2408
[2025/10/17 08:33:03] - 101 	 136.9 	 	 0.0100 	 4.7829 	 0.5818
[2025/10/17 08:33:03] - ==> Building model..
[2025/10/17 08:33:56] - Test Loss 	 Test Acc 	 PGD Loss 	 PGD Acc
[2025/10/17 08:33:56] - 3.3469 	 	 0.4772 	 3.7409 	 0.2406
[2025/10/17 08:36:18] - 102 	 137.0 	 	 0.0100 	 4.7611 	 0.6160
[2025/10/17 08:36:18] - ==> Building model..
[2025/10/17 08:37:11] - Test Loss 	 Test Acc 	 PGD Loss 	 PGD Acc
[2025/10/17 08:37:11] - 3.3469 	 	 0.4772 	 3.7409 	 0.2410
[2025/10/17 08:39:33] - 103 	 137.3 	 	 0.0100 	 4.7423 	 0.6479
[2025/10/17 08:39:33] - ==> Building model..
[2025/10/17 08:40:26] - Test Loss 	 Test Acc 	 PGD Loss 	 PGD Acc
[2025/10/17 08:40:26] - 3.3469 	 	 0.4772 	 3.7404 	 0.2407
[2025/10/17 08:42:47] - 104 	 136.9 	 	 0.0010 	 4.6946 	 0.7274
[2025/10/17 08:42:47] - ==> Building model..
[2025/10/17 08:43:40] - Test Loss 	 Test Acc 	 PGD Loss 	 PGD Acc
[2025/10/17 08:43:40] - 3.3469 	 	 0.4772 	 3.7407 	 0.2407
[2025/10/17 08:46:02] - 105 	 137.0 	 	 0.0010 	 4.6731 	 0.7601
[2025/10/17 08:46:02] - ==> Building model..
[2025/10/17 08:46:55] - Test Loss 	 Test Acc 	 PGD Loss 	 PGD Acc
[2025/10/17 08:46:55] - 3.3469 	 	 0.4772 	 3.7407 	 0.2407
[2025/10/17 08:49:17] - 106 	 137.0 	 	 0.0010 	 4.6667 	 0.7698
[2025/10/17 08:49:17] - ==> Building model..
[2025/10/17 08:50:10] - Test Loss 	 Test Acc 	 PGD Loss 	 PGD Acc
[2025/10/17 08:50:10] - 3.3469 	 	 0.4772 	 3.7406 	 0.2410
[2025/10/17 08:52:31] - 107 	 136.8 	 	 0.0010 	 4.6614 	 0.7782
[2025/10/17 08:52:31] - ==> Building model..
[2025/10/17 08:53:24] - Test Loss 	 Test Acc 	 PGD Loss 	 PGD Acc
[2025/10/17 08:53:24] - 3.3469 	 	 0.4772 	 3.7409 	 0.2410
[2025/10/17 08:55:46] - 108 	 137.1 	 	 0.0010 	 4.6571 	 0.7853
[2025/10/17 08:55:46] - ==> Building model..
[2025/10/17 08:56:39] - Test Loss 	 Test Acc 	 PGD Loss 	 PGD Acc
[2025/10/17 08:56:39] - 3.3469 	 	 0.4772 	 3.7411 	 0.2408
[2025/10/17 08:59:01] - 109 	 137.1 	 	 0.0010 	 4.6524 	 0.7931
[2025/10/17 08:59:01] - ==> Building model..
[2025/10/17 08:59:54] - Test Loss 	 Test Acc 	 PGD Loss 	 PGD Acc
[2025/10/17 08:59:54] - 3.3469 	 	 0.4772 	 3.7410 	 0.2408
[2025/10/17 08:59:54] - [0.0765, 0.1418, 0.1894, 0.2152, 0.2366, 0.2426, 0.2585, 0.2921, 0.3269, 0.3516, 0.3672, 0.3781, 0.3865, 0.3939, 0.4008, 0.4063, 0.4105, 0.415, 0.418, 0.4194, 0.4227, 0.4261, 0.4295, 0.4325, 0.4339, 0.4357, 0.4381, 0.4403, 0.4403, 0.4431, 0.4439, 0.444, 0.4466, 0.4482, 0.4489, 0.4503, 0.4525, 0.454, 0.4557, 0.4563, 0.4568, 0.4574, 0.4575, 0.4566, 0.4581, 0.4579, 0.4587, 0.4586, 0.46, 0.4612, 0.461, 0.4603, 0.4631, 0.4628, 0.4631, 0.4637, 0.4639, 0.4635, 0.4636, 0.462, 0.4614, 0.4622, 0.4637, 0.4643, 0.4641, 0.4663, 0.4663, 0.4664, 0.4676, 0.4674, 0.4676, 0.468, 0.4682, 0.4686, 0.4697, 0.4683, 0.4689, 0.4697, 0.471, 0.4703, 0.4701, 0.4696, 0.4702, 0.4713, 0.4725, 0.4721, 0.4739, 0.4739, 0.4743, 0.4744, 0.4748, 0.4748, 0.4757, 0.476, 0.4761, 0.4774, 0.4766, 0.4771, 0.4771, 0.4772, 0.4772, 0.4772, 0.4772, 0.4772, 0.4772, 0.4772, 0.4772, 0.4772, 0.4772, 0.4772]
[2025/10/17 08:59:54] - [0.0434, 0.075, 0.0982, 0.1126, 0.1221, 0.1234, 0.1292, 0.1481, 0.1649, 0.1766, 0.1861, 0.1889, 0.1932, 0.1971, 0.1994, 0.2017, 0.2031, 0.2049, 0.2054, 0.2072, 0.2096, 0.2116, 0.2116, 0.2113, 0.2143, 0.2163, 0.2182, 0.2191, 0.2195, 0.2203, 0.2207, 0.2208, 0.222, 0.2231, 0.2243, 0.2247, 0.2259, 0.2257, 0.226, 0.2266, 0.227, 0.2275, 0.2279, 0.2275, 0.2273, 0.2273, 0.2281, 0.2276, 0.2281, 0.2286, 0.2293, 0.229, 0.2296, 0.2296, 0.2299, 0.2297, 0.2303, 0.2319, 0.2319, 0.2322, 0.2323, 0.2333, 0.2339, 0.2341, 0.234, 0.2346, 0.2344, 0.2345, 0.2345, 0.2356, 0.2362, 0.2363, 0.2367, 0.2371, 0.2376, 0.2381, 0.2383, 0.2397, 0.2394, 0.2391, 0.2391, 0.2396, 0.2392, 0.2398, 0.2397, 0.2397, 0.2401, 0.2399, 0.239, 0.2392, 0.2395, 0.2395, 0.2399, 0.2402, 0.2395, 0.2397, 0.2402, 0.2414, 0.2411, 0.2409, 0.2408, 0.2406, 0.241, 0.2407, 0.2407, 0.2407, 0.241, 0.241, 0.2408, 0.2408]
