[2025/10/21 07:40:22] - Namespace(batch_size=128, data_dir='cifar-data', epochs=110, lr_schedule='multistep', lr_min=0.0, lr_max=0.2, weight_decay=0.0005, momentum=0.9, model='ResNet18', epsilon=8, alpha=8, delta_init='random', normal_mean=0, normal_std=1, out_dir='runs/beta_0.6/lam_44/lscale_0.12/seed_1', seed=1, lamda=44.0, lam_scale=0.12, lam_start=50, gamma=0.05, inner_gamma=0.05, beta=0.6, mu=3.5, batch_m=0.75, early_stop=False, factor=0.5, length=4, n_holes=1, c_num=0.125, EMA_value=0.55)
[2025/10/21 07:40:24] - ==> Building model..
[2025/10/21 07:40:24] - Epoch 	 Seconds 	 LR 	 	 Train Loss 	 Train Acc
[2025/10/21 07:41:17] - 0 	 29.3 	 	 0.2000 	 4.5733 	 0.0374
[2025/10/21 07:41:17] - ==> Building model..
[2025/10/21 07:41:40] - Test Loss 	 Test Acc 	 PGD Loss 	 PGD Acc
[2025/10/21 07:41:40] - 4.2437 	 	 0.0818 	 4.2569 	 0.0546
[2025/10/21 07:42:32] - 1 	 28.2 	 	 0.2000 	 4.4655 	 0.0744
[2025/10/21 07:42:32] - ==> Building model..
[2025/10/21 07:42:55] - Test Loss 	 Test Acc 	 PGD Loss 	 PGD Acc
[2025/10/21 07:42:55] - 4.1180 	 	 0.1344 	 4.1425 	 0.0840
[2025/10/21 07:43:47] - 2 	 27.9 	 	 0.2000 	 4.4099 	 0.1008
[2025/10/21 07:43:47] - ==> Building model..
[2025/10/21 07:44:10] - Test Loss 	 Test Acc 	 PGD Loss 	 PGD Acc
[2025/10/21 07:44:10] - 3.9051 	 	 0.1818 	 3.9512 	 0.1147
[2025/10/21 07:45:02] - 3 	 28.1 	 	 0.2000 	 4.3575 	 0.1278
[2025/10/21 07:45:02] - ==> Building model..
[2025/10/21 07:45:26] - Test Loss 	 Test Acc 	 PGD Loss 	 PGD Acc
[2025/10/21 07:45:26] - 3.7184 	 	 0.2370 	 3.7907 	 0.1386
[2025/10/21 07:46:17] - 4 	 27.8 	 	 0.2000 	 4.3156 	 0.1504
[2025/10/21 07:46:17] - ==> Building model..
[2025/10/21 07:46:39] - Test Loss 	 Test Acc 	 PGD Loss 	 PGD Acc
[2025/10/21 07:46:39] - 3.5508 	 	 0.2758 	 3.6478 	 0.1613
[2025/10/21 07:47:31] - 5 	 28.7 	 	 0.2000 	 4.2793 	 0.1676
[2025/10/21 07:47:31] - ==> Building model..
[2025/10/21 07:47:56] - Test Loss 	 Test Acc 	 PGD Loss 	 PGD Acc
[2025/10/21 07:47:56] - 3.3675 	 	 0.3101 	 3.4904 	 0.1778
[2025/10/21 07:48:47] - 6 	 28.4 	 	 0.2000 	 4.2486 	 0.1870
[2025/10/21 07:48:47] - ==> Building model..
[2025/10/21 07:49:11] - Test Loss 	 Test Acc 	 PGD Loss 	 PGD Acc
[2025/10/21 07:49:11] - 3.2187 	 	 0.3475 	 3.3671 	 0.1911
[2025/10/21 07:50:03] - 7 	 28.4 	 	 0.2000 	 4.2236 	 0.1992
[2025/10/21 07:50:03] - ==> Building model..
[2025/10/21 07:50:27] - Test Loss 	 Test Acc 	 PGD Loss 	 PGD Acc
[2025/10/21 07:50:27] - 3.0796 	 	 0.3780 	 3.2539 	 0.2057
[2025/10/21 07:51:19] - 8 	 28.7 	 	 0.2000 	 4.2066 	 0.2064
[2025/10/21 07:51:19] - ==> Building model..
[2025/10/21 07:51:42] - Test Loss 	 Test Acc 	 PGD Loss 	 PGD Acc
[2025/10/21 07:51:42] - 2.9846 	 	 0.3985 	 3.1787 	 0.2171
[2025/10/21 07:52:36] - 9 	 29.4 	 	 0.2000 	 4.1914 	 0.2167
[2025/10/21 07:52:36] - ==> Building model..
[2025/10/21 07:52:59] - Test Loss 	 Test Acc 	 PGD Loss 	 PGD Acc
[2025/10/21 07:52:59] - 2.9169 	 	 0.4158 	 3.1270 	 0.2228
[2025/10/21 07:53:52] - 10 	 28.8 	 	 0.2000 	 4.1814 	 0.2205
[2025/10/21 07:53:52] - ==> Building model..
[2025/10/21 07:54:16] - Test Loss 	 Test Acc 	 PGD Loss 	 PGD Acc
[2025/10/21 07:54:16] - 2.8638 	 	 0.4286 	 3.0863 	 0.2270
[2025/10/21 07:55:09] - 11 	 28.4 	 	 0.2000 	 4.1697 	 0.2294
[2025/10/21 07:55:09] - ==> Building model..
[2025/10/21 07:55:32] - Test Loss 	 Test Acc 	 PGD Loss 	 PGD Acc
[2025/10/21 07:55:32] - 2.8228 	 	 0.4382 	 3.0555 	 0.2347
[2025/10/21 07:56:25] - 12 	 28.2 	 	 0.2000 	 4.1618 	 0.2344
[2025/10/21 07:56:25] - ==> Building model..
[2025/10/21 07:56:49] - Test Loss 	 Test Acc 	 PGD Loss 	 PGD Acc
[2025/10/21 07:56:49] - 2.7966 	 	 0.4447 	 3.0345 	 0.2385
[2025/10/21 07:57:42] - 13 	 28.9 	 	 0.2000 	 4.1554 	 0.2358
[2025/10/21 07:57:42] - ==> Building model..
[2025/10/21 07:58:07] - Test Loss 	 Test Acc 	 PGD Loss 	 PGD Acc
[2025/10/21 07:58:07] - 2.7705 	 	 0.4520 	 3.0149 	 0.2415
[2025/10/21 07:58:59] - 14 	 28.6 	 	 0.2000 	 4.1493 	 0.2403
[2025/10/21 07:58:59] - ==> Building model..
[2025/10/21 07:59:23] - Test Loss 	 Test Acc 	 PGD Loss 	 PGD Acc
[2025/10/21 07:59:23] - 2.7486 	 	 0.4606 	 3.0004 	 0.2437
[2025/10/21 08:00:16] - 15 	 28.8 	 	 0.2000 	 4.1445 	 0.2419
[2025/10/21 08:00:16] - ==> Building model..
[2025/10/21 08:00:39] - Test Loss 	 Test Acc 	 PGD Loss 	 PGD Acc
[2025/10/21 08:00:39] - 2.7210 	 	 0.4663 	 2.9791 	 0.2462
[2025/10/21 08:01:33] - 16 	 29.2 	 	 0.2000 	 4.1396 	 0.2465
[2025/10/21 08:01:33] - ==> Building model..
[2025/10/21 08:01:56] - Test Loss 	 Test Acc 	 PGD Loss 	 PGD Acc
[2025/10/21 08:01:56] - 2.7071 	 	 0.4669 	 2.9683 	 0.2488
[2025/10/21 08:02:48] - 17 	 28.0 	 	 0.2000 	 4.1340 	 0.2503
[2025/10/21 08:02:48] - ==> Building model..
[2025/10/21 08:03:13] - Test Loss 	 Test Acc 	 PGD Loss 	 PGD Acc
[2025/10/21 08:03:13] - 2.6907 	 	 0.4704 	 2.9557 	 0.2506
[2025/10/21 08:04:04] - 18 	 28.6 	 	 0.2000 	 4.1332 	 0.2536
[2025/10/21 08:04:04] - ==> Building model..
[2025/10/21 08:04:28] - Test Loss 	 Test Acc 	 PGD Loss 	 PGD Acc
[2025/10/21 08:04:28] - 2.6755 	 	 0.4752 	 2.9448 	 0.2545
[2025/10/21 08:05:19] - 19 	 29.4 	 	 0.2000 	 4.1290 	 0.2543
[2025/10/21 08:05:19] - ==> Building model..
[2025/10/21 08:05:44] - Test Loss 	 Test Acc 	 PGD Loss 	 PGD Acc
[2025/10/21 08:05:44] - 2.6685 	 	 0.4804 	 2.9409 	 0.2543
[2025/10/21 08:06:35] - 20 	 29.1 	 	 0.2000 	 4.1253 	 0.2548
[2025/10/21 08:06:35] - ==> Building model..
[2025/10/21 08:06:59] - Test Loss 	 Test Acc 	 PGD Loss 	 PGD Acc
[2025/10/21 08:06:59] - 2.6593 	 	 0.4799 	 2.9336 	 0.2549
[2025/10/21 08:07:49] - 21 	 28.6 	 	 0.2000 	 4.1233 	 0.2557
[2025/10/21 08:07:49] - ==> Building model..
[2025/10/21 08:08:14] - Test Loss 	 Test Acc 	 PGD Loss 	 PGD Acc
[2025/10/21 08:08:14] - 2.6486 	 	 0.4814 	 2.9255 	 0.2564
[2025/10/21 08:09:05] - 22 	 27.9 	 	 0.2000 	 4.1183 	 0.2600
[2025/10/21 08:09:05] - ==> Building model..
[2025/10/21 08:09:28] - Test Loss 	 Test Acc 	 PGD Loss 	 PGD Acc
[2025/10/21 08:09:28] - 2.6400 	 	 0.4839 	 2.9184 	 0.2588
[2025/10/21 08:10:19] - 23 	 27.6 	 	 0.2000 	 4.1177 	 0.2594
[2025/10/21 08:10:19] - ==> Building model..
[2025/10/21 08:10:43] - Test Loss 	 Test Acc 	 PGD Loss 	 PGD Acc
[2025/10/21 08:10:43] - 2.6288 	 	 0.4875 	 2.9097 	 0.2621
[2025/10/21 08:11:32] - 24 	 27.4 	 	 0.2000 	 4.1164 	 0.2599
[2025/10/21 08:11:32] - ==> Building model..
[2025/10/21 08:11:57] - Test Loss 	 Test Acc 	 PGD Loss 	 PGD Acc
[2025/10/21 08:11:57] - 2.6259 	 	 0.4881 	 2.9085 	 0.2618
[2025/10/21 08:12:48] - 25 	 28.5 	 	 0.2000 	 4.1159 	 0.2615
[2025/10/21 08:12:48] - ==> Building model..
[2025/10/21 08:13:10] - Test Loss 	 Test Acc 	 PGD Loss 	 PGD Acc
[2025/10/21 08:13:10] - 2.6181 	 	 0.4902 	 2.9033 	 0.2618
[2025/10/21 08:14:00] - 26 	 27.9 	 	 0.2000 	 4.1126 	 0.2635
[2025/10/21 08:14:00] - ==> Building model..
[2025/10/21 08:14:23] - Test Loss 	 Test Acc 	 PGD Loss 	 PGD Acc
[2025/10/21 08:14:23] - 2.6132 	 	 0.4920 	 2.8984 	 0.2620
[2025/10/21 08:15:14] - 27 	 28.3 	 	 0.2000 	 4.1092 	 0.2638
[2025/10/21 08:15:14] - ==> Building model..
[2025/10/21 08:15:38] - Test Loss 	 Test Acc 	 PGD Loss 	 PGD Acc
[2025/10/21 08:15:38] - 2.6078 	 	 0.4952 	 2.8942 	 0.2626
[2025/10/21 08:16:30] - 28 	 28.9 	 	 0.2000 	 4.1097 	 0.2642
[2025/10/21 08:16:30] - ==> Building model..
[2025/10/21 08:16:53] - Test Loss 	 Test Acc 	 PGD Loss 	 PGD Acc
[2025/10/21 08:16:53] - 2.6060 	 	 0.4946 	 2.8925 	 0.2630
[2025/10/21 08:17:44] - 29 	 28.2 	 	 0.2000 	 4.1085 	 0.2649
[2025/10/21 08:17:44] - ==> Building model..
[2025/10/21 08:18:08] - Test Loss 	 Test Acc 	 PGD Loss 	 PGD Acc
[2025/10/21 08:18:08] - 2.6053 	 	 0.4944 	 2.8931 	 0.2645
[2025/10/21 08:18:59] - 30 	 28.0 	 	 0.2000 	 4.1069 	 0.2646
[2025/10/21 08:18:59] - ==> Building model..
[2025/10/21 08:19:23] - Test Loss 	 Test Acc 	 PGD Loss 	 PGD Acc
[2025/10/21 08:19:23] - 2.5968 	 	 0.4970 	 2.8862 	 0.2656
[2025/10/21 08:20:15] - 31 	 28.6 	 	 0.2000 	 4.1048 	 0.2674
[2025/10/21 08:20:15] - ==> Building model..
[2025/10/21 08:20:38] - Test Loss 	 Test Acc 	 PGD Loss 	 PGD Acc
[2025/10/21 08:20:38] - 2.5952 	 	 0.4971 	 2.8849 	 0.2669
[2025/10/21 08:21:29] - 32 	 27.8 	 	 0.2000 	 4.1034 	 0.2702
[2025/10/21 08:21:29] - ==> Building model..
[2025/10/21 08:21:52] - Test Loss 	 Test Acc 	 PGD Loss 	 PGD Acc
[2025/10/21 08:21:52] - 2.5917 	 	 0.4981 	 2.8815 	 0.2668
[2025/10/21 08:22:44] - 33 	 28.9 	 	 0.2000 	 4.1043 	 0.2672
[2025/10/21 08:22:44] - ==> Building model..
[2025/10/21 08:23:07] - Test Loss 	 Test Acc 	 PGD Loss 	 PGD Acc
[2025/10/21 08:23:07] - 2.5884 	 	 0.4976 	 2.8795 	 0.2684
[2025/10/21 08:23:59] - 34 	 28.8 	 	 0.2000 	 4.1006 	 0.2705
[2025/10/21 08:23:59] - ==> Building model..
[2025/10/21 08:24:22] - Test Loss 	 Test Acc 	 PGD Loss 	 PGD Acc
[2025/10/21 08:24:22] - 2.5845 	 	 0.4998 	 2.8774 	 0.2707
[2025/10/21 08:25:12] - 35 	 28.4 	 	 0.2000 	 4.0995 	 0.2704
[2025/10/21 08:25:12] - ==> Building model..
[2025/10/21 08:25:36] - Test Loss 	 Test Acc 	 PGD Loss 	 PGD Acc
[2025/10/21 08:25:36] - 2.5831 	 	 0.5023 	 2.8754 	 0.2697
[2025/10/21 08:26:25] - 36 	 28.0 	 	 0.2000 	 4.1021 	 0.2702
[2025/10/21 08:26:25] - ==> Building model..
[2025/10/21 08:26:48] - Test Loss 	 Test Acc 	 PGD Loss 	 PGD Acc
[2025/10/21 08:26:48] - 2.5844 	 	 0.5019 	 2.8769 	 0.2705
[2025/10/21 08:27:37] - 37 	 27.8 	 	 0.2000 	 4.0980 	 0.2712
[2025/10/21 08:27:37] - ==> Building model..
[2025/10/21 08:28:01] - Test Loss 	 Test Acc 	 PGD Loss 	 PGD Acc
[2025/10/21 08:28:01] - 2.5795 	 	 0.5027 	 2.8729 	 0.2714
[2025/10/21 08:28:50] - 38 	 27.1 	 	 0.2000 	 4.0997 	 0.2704
[2025/10/21 08:28:50] - ==> Building model..
[2025/10/21 08:29:14] - Test Loss 	 Test Acc 	 PGD Loss 	 PGD Acc
[2025/10/21 08:29:14] - 2.5751 	 	 0.5033 	 2.8683 	 0.2705
[2025/10/21 08:30:03] - 39 	 27.8 	 	 0.2000 	 4.0972 	 0.2713
[2025/10/21 08:30:03] - ==> Building model..
[2025/10/21 08:30:27] - Test Loss 	 Test Acc 	 PGD Loss 	 PGD Acc
[2025/10/21 08:30:27] - 2.5736 	 	 0.5039 	 2.8675 	 0.2707
[2025/10/21 08:31:18] - 40 	 27.6 	 	 0.2000 	 4.0977 	 0.2725
[2025/10/21 08:31:18] - ==> Building model..
[2025/10/21 08:31:41] - Test Loss 	 Test Acc 	 PGD Loss 	 PGD Acc
[2025/10/21 08:31:41] - 2.5744 	 	 0.5045 	 2.8679 	 0.2712
[2025/10/21 08:32:31] - 41 	 28.5 	 	 0.2000 	 4.0965 	 0.2711
[2025/10/21 08:32:31] - ==> Building model..
[2025/10/21 08:32:55] - Test Loss 	 Test Acc 	 PGD Loss 	 PGD Acc
[2025/10/21 08:32:55] - 2.5705 	 	 0.5066 	 2.8649 	 0.2736
[2025/10/21 08:33:46] - 42 	 27.6 	 	 0.2000 	 4.0952 	 0.2739
[2025/10/21 08:33:46] - ==> Building model..
[2025/10/21 08:34:09] - Test Loss 	 Test Acc 	 PGD Loss 	 PGD Acc
[2025/10/21 08:34:09] - 2.5696 	 	 0.5079 	 2.8648 	 0.2738
[2025/10/21 08:34:58] - 43 	 27.9 	 	 0.2000 	 4.0943 	 0.2735
[2025/10/21 08:34:58] - ==> Building model..
[2025/10/21 08:35:21] - Test Loss 	 Test Acc 	 PGD Loss 	 PGD Acc
[2025/10/21 08:35:21] - 2.5696 	 	 0.5085 	 2.8647 	 0.2746
[2025/10/21 08:36:11] - 44 	 27.1 	 	 0.2000 	 4.0935 	 0.2731
[2025/10/21 08:36:11] - ==> Building model..
[2025/10/21 08:36:34] - Test Loss 	 Test Acc 	 PGD Loss 	 PGD Acc
[2025/10/21 08:36:34] - 2.5686 	 	 0.5082 	 2.8634 	 0.2763
[2025/10/21 08:37:25] - 45 	 28.3 	 	 0.2000 	 4.0943 	 0.2757
[2025/10/21 08:37:25] - ==> Building model..
[2025/10/21 08:37:48] - Test Loss 	 Test Acc 	 PGD Loss 	 PGD Acc
[2025/10/21 08:37:48] - 2.5672 	 	 0.5095 	 2.8627 	 0.2763
[2025/10/21 08:38:37] - 46 	 27.0 	 	 0.2000 	 4.0928 	 0.2744
[2025/10/21 08:38:37] - ==> Building model..
[2025/10/21 08:39:00] - Test Loss 	 Test Acc 	 PGD Loss 	 PGD Acc
[2025/10/21 08:39:00] - 2.5667 	 	 0.5094 	 2.8628 	 0.2760
[2025/10/21 08:39:48] - 47 	 26.2 	 	 0.2000 	 4.0925 	 0.2775
[2025/10/21 08:39:48] - ==> Building model..
[2025/10/21 08:40:12] - Test Loss 	 Test Acc 	 PGD Loss 	 PGD Acc
[2025/10/21 08:40:12] - 2.5663 	 	 0.5109 	 2.8623 	 0.2769
[2025/10/21 08:41:01] - 48 	 26.0 	 	 0.2000 	 4.0898 	 0.2753
[2025/10/21 08:41:01] - ==> Building model..
[2025/10/21 08:41:26] - Test Loss 	 Test Acc 	 PGD Loss 	 PGD Acc
[2025/10/21 08:41:26] - 2.5650 	 	 0.5135 	 2.8622 	 0.2760
[2025/10/21 08:42:14] - 49 	 26.4 	 	 0.2000 	 4.0930 	 0.2759
[2025/10/21 08:42:14] - ==> Building model..
[2025/10/21 08:42:39] - Test Loss 	 Test Acc 	 PGD Loss 	 PGD Acc
[2025/10/21 08:42:39] - 2.5687 	 	 0.5119 	 2.8650 	 0.2765
[2025/10/21 08:43:27] - 50 	 25.8 	 	 0.2000 	 4.0895 	 0.2756
[2025/10/21 08:43:27] - ==> Building model..
[2025/10/21 08:43:52] - Test Loss 	 Test Acc 	 PGD Loss 	 PGD Acc
[2025/10/21 08:43:52] - 2.5679 	 	 0.5120 	 2.8642 	 0.2767
[2025/10/21 08:44:40] - 51 	 25.8 	 	 0.2000 	 4.0912 	 0.2745
[2025/10/21 08:44:40] - ==> Building model..
[2025/10/21 08:45:06] - Test Loss 	 Test Acc 	 PGD Loss 	 PGD Acc
[2025/10/21 08:45:06] - 2.5639 	 	 0.5126 	 2.8617 	 0.2773
[2025/10/21 08:45:53] - 52 	 25.5 	 	 0.2000 	 4.0937 	 0.2732
[2025/10/21 08:45:53] - ==> Building model..
[2025/10/21 08:46:20] - Test Loss 	 Test Acc 	 PGD Loss 	 PGD Acc
[2025/10/21 08:46:20] - 2.5634 	 	 0.5131 	 2.8609 	 0.2783
[2025/10/21 08:47:08] - 53 	 25.3 	 	 0.2000 	 4.0907 	 0.2750
[2025/10/21 08:47:08] - ==> Building model..
[2025/10/21 08:47:33] - Test Loss 	 Test Acc 	 PGD Loss 	 PGD Acc
[2025/10/21 08:47:33] - 2.5616 	 	 0.5137 	 2.8592 	 0.2780
[2025/10/21 08:48:21] - 54 	 24.8 	 	 0.2000 	 4.0904 	 0.2774
[2025/10/21 08:48:21] - ==> Building model..
[2025/10/21 08:48:47] - Test Loss 	 Test Acc 	 PGD Loss 	 PGD Acc
[2025/10/21 08:48:47] - 2.5619 	 	 0.5128 	 2.8599 	 0.2783
[2025/10/21 08:49:36] - 55 	 25.4 	 	 0.2000 	 4.0925 	 0.2778
[2025/10/21 08:49:36] - ==> Building model..
[2025/10/21 08:50:02] - Test Loss 	 Test Acc 	 PGD Loss 	 PGD Acc
[2025/10/21 08:50:02] - 2.5633 	 	 0.5117 	 2.8606 	 0.2779
[2025/10/21 08:50:52] - 56 	 26.4 	 	 0.2000 	 4.0938 	 0.2769
[2025/10/21 08:50:52] - ==> Building model..
[2025/10/21 08:51:18] - Test Loss 	 Test Acc 	 PGD Loss 	 PGD Acc
[2025/10/21 08:51:18] - 2.5659 	 	 0.5122 	 2.8622 	 0.2786
[2025/10/21 08:52:08] - 57 	 25.6 	 	 0.2000 	 4.0928 	 0.2746
[2025/10/21 08:52:08] - ==> Building model..
[2025/10/21 08:52:33] - Test Loss 	 Test Acc 	 PGD Loss 	 PGD Acc
[2025/10/21 08:52:33] - 2.5687 	 	 0.5113 	 2.8637 	 0.2780
[2025/10/21 08:53:23] - 58 	 25.9 	 	 0.2000 	 4.0941 	 0.2785
[2025/10/21 08:53:23] - ==> Building model..
[2025/10/21 08:53:48] - Test Loss 	 Test Acc 	 PGD Loss 	 PGD Acc
[2025/10/21 08:53:48] - 2.5705 	 	 0.5128 	 2.8650 	 0.2787
[2025/10/21 08:54:37] - 59 	 25.1 	 	 0.2000 	 4.0938 	 0.2776
[2025/10/21 08:54:37] - ==> Building model..
[2025/10/21 08:55:02] - Test Loss 	 Test Acc 	 PGD Loss 	 PGD Acc
[2025/10/21 08:55:02] - 2.5741 	 	 0.5146 	 2.8679 	 0.2791
[2025/10/21 08:55:52] - 60 	 25.7 	 	 0.2000 	 4.0956 	 0.2775
[2025/10/21 08:55:52] - ==> Building model..
[2025/10/21 08:56:17] - Test Loss 	 Test Acc 	 PGD Loss 	 PGD Acc
[2025/10/21 08:56:17] - 2.5784 	 	 0.5142 	 2.8711 	 0.2782
[2025/10/21 08:57:05] - 61 	 25.5 	 	 0.2000 	 4.0957 	 0.2772
[2025/10/21 08:57:05] - ==> Building model..
[2025/10/21 08:57:31] - Test Loss 	 Test Acc 	 PGD Loss 	 PGD Acc
[2025/10/21 08:57:31] - 2.5829 	 	 0.5134 	 2.8743 	 0.2783
[2025/10/21 08:58:21] - 62 	 26.4 	 	 0.2000 	 4.0968 	 0.2775
[2025/10/21 08:58:21] - ==> Building model..
[2025/10/21 08:58:47] - Test Loss 	 Test Acc 	 PGD Loss 	 PGD Acc
[2025/10/21 08:58:47] - 2.5892 	 	 0.5117 	 2.8786 	 0.2787
[2025/10/21 08:59:37] - 63 	 26.6 	 	 0.2000 	 4.0956 	 0.2762
[2025/10/21 08:59:37] - ==> Building model..
[2025/10/21 09:00:02] - Test Loss 	 Test Acc 	 PGD Loss 	 PGD Acc
[2025/10/21 09:00:02] - 2.5906 	 	 0.5135 	 2.8793 	 0.2781
[2025/10/21 09:00:52] - 64 	 26.2 	 	 0.2000 	 4.0954 	 0.2766
[2025/10/21 09:00:52] - ==> Building model..
[2025/10/21 09:01:17] - Test Loss 	 Test Acc 	 PGD Loss 	 PGD Acc
[2025/10/21 09:01:17] - 2.5939 	 	 0.5127 	 2.8823 	 0.2780
[2025/10/21 09:02:08] - 65 	 27.0 	 	 0.2000 	 4.0962 	 0.2766
[2025/10/21 09:02:08] - ==> Building model..
[2025/10/21 09:02:33] - Test Loss 	 Test Acc 	 PGD Loss 	 PGD Acc
[2025/10/21 09:02:33] - 2.5994 	 	 0.5119 	 2.8861 	 0.2796
[2025/10/21 09:03:25] - 66 	 27.5 	 	 0.2000 	 4.0940 	 0.2778
[2025/10/21 09:03:25] - ==> Building model..
[2025/10/21 09:03:50] - Test Loss 	 Test Acc 	 PGD Loss 	 PGD Acc
[2025/10/21 09:03:50] - 2.6009 	 	 0.5126 	 2.8870 	 0.2800
[2025/10/21 09:04:41] - 67 	 26.5 	 	 0.2000 	 4.0936 	 0.2774
[2025/10/21 09:04:41] - ==> Building model..
[2025/10/21 09:05:07] - Test Loss 	 Test Acc 	 PGD Loss 	 PGD Acc
[2025/10/21 09:05:07] - 2.6031 	 	 0.5115 	 2.8889 	 0.2798
[2025/10/21 09:05:59] - 68 	 27.4 	 	 0.2000 	 4.0924 	 0.2777
[2025/10/21 09:05:59] - ==> Building model..
[2025/10/21 09:06:24] - Test Loss 	 Test Acc 	 PGD Loss 	 PGD Acc
[2025/10/21 09:06:24] - 2.6041 	 	 0.5129 	 2.8904 	 0.2807
[2025/10/21 09:07:16] - 69 	 26.5 	 	 0.2000 	 4.0965 	 0.2754
[2025/10/21 09:07:16] - ==> Building model..
[2025/10/21 09:07:42] - Test Loss 	 Test Acc 	 PGD Loss 	 PGD Acc
[2025/10/21 09:07:42] - 2.6067 	 	 0.5127 	 2.8910 	 0.2800
[2025/10/21 09:08:34] - 70 	 26.8 	 	 0.2000 	 4.0921 	 0.2797
[2025/10/21 09:08:34] - ==> Building model..
[2025/10/21 09:09:00] - Test Loss 	 Test Acc 	 PGD Loss 	 PGD Acc
[2025/10/21 09:09:00] - 2.6069 	 	 0.5109 	 2.8922 	 0.2807
[2025/10/21 09:09:54] - 71 	 26.6 	 	 0.2000 	 4.0943 	 0.2765
[2025/10/21 09:09:54] - ==> Building model..
[2025/10/21 09:10:20] - Test Loss 	 Test Acc 	 PGD Loss 	 PGD Acc
[2025/10/21 09:10:20] - 2.6082 	 	 0.5125 	 2.8933 	 0.2806
[2025/10/21 09:11:13] - 72 	 26.1 	 	 0.2000 	 4.0939 	 0.2784
[2025/10/21 09:11:13] - ==> Building model..
[2025/10/21 09:11:38] - Test Loss 	 Test Acc 	 PGD Loss 	 PGD Acc
[2025/10/21 09:11:38] - 2.6099 	 	 0.5124 	 2.8949 	 0.2798
[2025/10/21 09:12:37] - 73 	 27.9 	 	 0.2000 	 4.0935 	 0.2792
[2025/10/21 09:12:37] - ==> Building model..
[2025/10/21 09:13:03] - Test Loss 	 Test Acc 	 PGD Loss 	 PGD Acc
[2025/10/21 09:13:03] - 2.6108 	 	 0.5129 	 2.8957 	 0.2793
[2025/10/21 09:13:58] - 74 	 26.1 	 	 0.2000 	 4.0931 	 0.2790
[2025/10/21 09:13:58] - ==> Building model..
[2025/10/21 09:14:24] - Test Loss 	 Test Acc 	 PGD Loss 	 PGD Acc
[2025/10/21 09:14:24] - 2.6113 	 	 0.5120 	 2.8960 	 0.2802
[2025/10/21 09:15:23] - 75 	 27.2 	 	 0.2000 	 4.0909 	 0.2817
[2025/10/21 09:15:23] - ==> Building model..
[2025/10/21 09:15:49] - Test Loss 	 Test Acc 	 PGD Loss 	 PGD Acc
[2025/10/21 09:15:49] - 2.6129 	 	 0.5112 	 2.8967 	 0.2807
[2025/10/21 09:16:50] - 76 	 28.5 	 	 0.2000 	 4.0920 	 0.2782
[2025/10/21 09:16:50] - ==> Building model..
[2025/10/21 09:17:16] - Test Loss 	 Test Acc 	 PGD Loss 	 PGD Acc
[2025/10/21 09:17:16] - 2.6148 	 	 0.5119 	 2.8980 	 0.2801
[2025/10/21 09:18:17] - 77 	 29.2 	 	 0.2000 	 4.0927 	 0.2780
[2025/10/21 09:18:17] - ==> Building model..
[2025/10/21 09:18:42] - Test Loss 	 Test Acc 	 PGD Loss 	 PGD Acc
[2025/10/21 09:18:42] - 2.6150 	 	 0.5107 	 2.8980 	 0.2809
[2025/10/21 09:19:41] - 78 	 27.4 	 	 0.2000 	 4.0909 	 0.2788
[2025/10/21 09:19:41] - ==> Building model..
[2025/10/21 09:20:05] - Test Loss 	 Test Acc 	 PGD Loss 	 PGD Acc
[2025/10/21 09:20:05] - 2.6137 	 	 0.5112 	 2.8968 	 0.2813
[2025/10/21 09:20:56] - 79 	 27.5 	 	 0.2000 	 4.0909 	 0.2800
[2025/10/21 09:20:56] - ==> Building model..
[2025/10/21 09:21:22] - Test Loss 	 Test Acc 	 PGD Loss 	 PGD Acc
[2025/10/21 09:21:22] - 2.6136 	 	 0.5101 	 2.8962 	 0.2803
[2025/10/21 09:22:14] - 80 	 27.7 	 	 0.2000 	 4.0929 	 0.2787
[2025/10/21 09:22:14] - ==> Building model..
[2025/10/21 09:22:39] - Test Loss 	 Test Acc 	 PGD Loss 	 PGD Acc
[2025/10/21 09:22:39] - 2.6136 	 	 0.5106 	 2.8962 	 0.2807
[2025/10/21 09:23:32] - 81 	 27.6 	 	 0.2000 	 4.0929 	 0.2813
[2025/10/21 09:23:32] - ==> Building model..
[2025/10/21 09:23:57] - Test Loss 	 Test Acc 	 PGD Loss 	 PGD Acc
[2025/10/21 09:23:57] - 2.6120 	 	 0.5097 	 2.8948 	 0.2803
[2025/10/21 09:24:48] - 82 	 26.8 	 	 0.2000 	 4.0923 	 0.2816
[2025/10/21 09:24:48] - ==> Building model..
[2025/10/21 09:25:13] - Test Loss 	 Test Acc 	 PGD Loss 	 PGD Acc
[2025/10/21 09:25:13] - 2.6110 	 	 0.5114 	 2.8938 	 0.2798
[2025/10/21 09:26:03] - 83 	 26.2 	 	 0.2000 	 4.0912 	 0.2809
[2025/10/21 09:26:03] - ==> Building model..
[2025/10/21 09:26:29] - Test Loss 	 Test Acc 	 PGD Loss 	 PGD Acc
[2025/10/21 09:26:29] - 2.6101 	 	 0.5096 	 2.8925 	 0.2813
[2025/10/21 09:27:17] - 84 	 25.6 	 	 0.2000 	 4.0921 	 0.2800
[2025/10/21 09:27:17] - ==> Building model..
[2025/10/21 09:27:43] - Test Loss 	 Test Acc 	 PGD Loss 	 PGD Acc
[2025/10/21 09:27:43] - 2.6137 	 	 0.5096 	 2.8948 	 0.2804
[2025/10/21 09:28:35] - 85 	 27.9 	 	 0.2000 	 4.0929 	 0.2772
[2025/10/21 09:28:35] - ==> Building model..
[2025/10/21 09:29:01] - Test Loss 	 Test Acc 	 PGD Loss 	 PGD Acc
[2025/10/21 09:29:01] - 2.6162 	 	 0.5096 	 2.8968 	 0.2813
[2025/10/21 09:29:54] - 86 	 26.3 	 	 0.2000 	 4.0910 	 0.2812
[2025/10/21 09:29:54] - ==> Building model..
[2025/10/21 09:30:20] - Test Loss 	 Test Acc 	 PGD Loss 	 PGD Acc
[2025/10/21 09:30:20] - 2.6173 	 	 0.5099 	 2.8981 	 0.2816
[2025/10/21 09:31:21] - 87 	 26.5 	 	 0.2000 	 4.0920 	 0.2782
[2025/10/21 09:31:21] - ==> Building model..
[2025/10/21 09:31:46] - Test Loss 	 Test Acc 	 PGD Loss 	 PGD Acc
[2025/10/21 09:31:46] - 2.6189 	 	 0.5093 	 2.8990 	 0.2812
[2025/10/21 09:32:44] - 88 	 26.5 	 	 0.2000 	 4.0924 	 0.2784
[2025/10/21 09:32:44] - ==> Building model..
[2025/10/21 09:33:10] - Test Loss 	 Test Acc 	 PGD Loss 	 PGD Acc
[2025/10/21 09:33:10] - 2.6195 	 	 0.5102 	 2.8999 	 0.2817
[2025/10/21 09:34:05] - 89 	 26.7 	 	 0.2000 	 4.0922 	 0.2790
[2025/10/21 09:34:05] - ==> Building model..
[2025/10/21 09:34:30] - Test Loss 	 Test Acc 	 PGD Loss 	 PGD Acc
[2025/10/21 09:34:30] - 2.6196 	 	 0.5111 	 2.9002 	 0.2819
[2025/10/21 09:35:22] - 90 	 27.7 	 	 0.2000 	 4.0920 	 0.2791
[2025/10/21 09:35:22] - ==> Building model..
[2025/10/21 09:35:48] - Test Loss 	 Test Acc 	 PGD Loss 	 PGD Acc
[2025/10/21 09:35:48] - 2.6201 	 	 0.5120 	 2.9010 	 0.2818
[2025/10/21 09:36:39] - 91 	 27.5 	 	 0.2000 	 4.0907 	 0.2812
[2025/10/21 09:36:39] - ==> Building model..
[2025/10/21 09:37:04] - Test Loss 	 Test Acc 	 PGD Loss 	 PGD Acc
[2025/10/21 09:37:04] - 2.6219 	 	 0.5130 	 2.9019 	 0.2825
[2025/10/21 09:37:55] - 92 	 27.3 	 	 0.2000 	 4.0916 	 0.2789
[2025/10/21 09:37:55] - ==> Building model..
[2025/10/21 09:38:21] - Test Loss 	 Test Acc 	 PGD Loss 	 PGD Acc
[2025/10/21 09:38:21] - 2.6213 	 	 0.5123 	 2.9014 	 0.2827
[2025/10/21 09:39:10] - 93 	 25.9 	 	 0.2000 	 4.0914 	 0.2801
[2025/10/21 09:39:10] - ==> Building model..
[2025/10/21 09:39:37] - Test Loss 	 Test Acc 	 PGD Loss 	 PGD Acc
[2025/10/21 09:39:37] - 2.6215 	 	 0.5124 	 2.9017 	 0.2822
[2025/10/21 09:40:25] - 94 	 25.5 	 	 0.0200 	 3.9982 	 0.3401
[2025/10/21 09:40:25] - ==> Building model..
[2025/10/21 09:40:51] - Test Loss 	 Test Acc 	 PGD Loss 	 PGD Acc
[2025/10/21 09:40:51] - 2.6215 	 	 0.5126 	 2.9013 	 0.2807
[2025/10/21 09:41:41] - 95 	 26.0 	 	 0.0200 	 3.9068 	 0.4019
[2025/10/21 09:41:41] - ==> Building model..
[2025/10/21 09:42:07] - Test Loss 	 Test Acc 	 PGD Loss 	 PGD Acc
[2025/10/21 09:42:07] - 2.6199 	 	 0.5128 	 2.9005 	 0.2813
[2025/10/21 09:42:54] - 96 	 24.7 	 	 0.0200 	 3.8801 	 0.4198
[2025/10/21 09:42:54] - ==> Building model..
[2025/10/21 09:43:20] - Test Loss 	 Test Acc 	 PGD Loss 	 PGD Acc
[2025/10/21 09:43:20] - 2.6198 	 	 0.5131 	 2.9005 	 0.2814
[2025/10/21 09:44:09] - 97 	 25.8 	 	 0.0200 	 3.8625 	 0.4304
[2025/10/21 09:44:09] - ==> Building model..
[2025/10/21 09:44:35] - Test Loss 	 Test Acc 	 PGD Loss 	 PGD Acc
[2025/10/21 09:44:35] - 2.6207 	 	 0.5128 	 2.9014 	 0.2804
[2025/10/21 09:45:22] - 98 	 24.7 	 	 0.0200 	 3.8497 	 0.4417
[2025/10/21 09:45:22] - ==> Building model..
[2025/10/21 09:45:47] - Test Loss 	 Test Acc 	 PGD Loss 	 PGD Acc
[2025/10/21 09:45:47] - 2.6230 	 	 0.5123 	 2.9039 	 0.2809
[2025/10/21 09:46:35] - 99 	 24.7 	 	 0.0020 	 3.8174 	 0.4658
[2025/10/21 09:46:35] - ==> Building model..
[2025/10/21 09:47:00] - Test Loss 	 Test Acc 	 PGD Loss 	 PGD Acc
[2025/10/21 09:47:00] - 2.6240 	 	 0.5124 	 2.9039 	 0.2810
[2025/10/21 09:47:50] - 100 	 26.8 	 	 0.0020 	 3.7904 	 0.4869
[2025/10/21 09:47:50] - ==> Building model..
[2025/10/21 09:48:15] - Test Loss 	 Test Acc 	 PGD Loss 	 PGD Acc
[2025/10/21 09:48:15] - 2.6240 	 	 0.5124 	 2.9040 	 0.2805
[2025/10/21 09:49:06] - 101 	 26.9 	 	 0.0020 	 3.7841 	 0.4925
[2025/10/21 09:49:06] - ==> Building model..
[2025/10/21 09:49:31] - Test Loss 	 Test Acc 	 PGD Loss 	 PGD Acc
[2025/10/21 09:49:31] - 2.6251 	 	 0.5123 	 2.9052 	 0.2809
[2025/10/21 09:50:22] - 102 	 26.9 	 	 0.0020 	 3.7785 	 0.4964
[2025/10/21 09:50:22] - ==> Building model..
[2025/10/21 09:50:47] - Test Loss 	 Test Acc 	 PGD Loss 	 PGD Acc
[2025/10/21 09:50:47] - 2.6251 	 	 0.5123 	 2.9048 	 0.2809
[2025/10/21 09:51:36] - 103 	 25.7 	 	 0.0020 	 3.7740 	 0.5023
[2025/10/21 09:51:36] - ==> Building model..
[2025/10/21 09:52:01] - Test Loss 	 Test Acc 	 PGD Loss 	 PGD Acc
[2025/10/21 09:52:01] - 2.6251 	 	 0.5123 	 2.9052 	 0.2817
[2025/10/21 09:52:49] - 104 	 25.8 	 	 0.0020 	 3.7699 	 0.5034
[2025/10/21 09:52:49] - ==> Building model..
[2025/10/21 09:53:15] - Test Loss 	 Test Acc 	 PGD Loss 	 PGD Acc
[2025/10/21 09:53:15] - 2.6251 	 	 0.5123 	 2.9052 	 0.2803
[2025/10/21 09:54:07] - 105 	 27.9 	 	 0.0020 	 3.7661 	 0.5058
[2025/10/21 09:54:07] - ==> Building model..
[2025/10/21 09:54:32] - Test Loss 	 Test Acc 	 PGD Loss 	 PGD Acc
[2025/10/21 09:54:32] - 2.6251 	 	 0.5123 	 2.9047 	 0.2810
[2025/10/21 09:55:23] - 106 	 26.9 	 	 0.0020 	 3.7621 	 0.5100
[2025/10/21 09:55:23] - ==> Building model..
[2025/10/21 09:55:48] - Test Loss 	 Test Acc 	 PGD Loss 	 PGD Acc
[2025/10/21 09:55:48] - 2.6257 	 	 0.5124 	 2.9059 	 0.2806
[2025/10/21 09:56:37] - 107 	 26.4 	 	 0.0020 	 3.7576 	 0.5136
[2025/10/21 09:56:37] - ==> Building model..
[2025/10/21 09:57:03] - Test Loss 	 Test Acc 	 PGD Loss 	 PGD Acc
[2025/10/21 09:57:03] - 2.6264 	 	 0.5124 	 2.9058 	 0.2811
[2025/10/21 09:57:53] - 108 	 26.5 	 	 0.0020 	 3.7541 	 0.5171
[2025/10/21 09:57:53] - ==> Building model..
[2025/10/21 09:58:19] - Test Loss 	 Test Acc 	 PGD Loss 	 PGD Acc
[2025/10/21 09:58:19] - 2.6264 	 	 0.5124 	 2.9065 	 0.2813
[2025/10/21 09:59:11] - 109 	 27.4 	 	 0.0020 	 3.7501 	 0.5199
[2025/10/21 09:59:11] - ==> Building model..
[2025/10/21 09:59:36] - Test Loss 	 Test Acc 	 PGD Loss 	 PGD Acc
[2025/10/21 09:59:36] - 2.6264 	 	 0.5124 	 2.9062 	 0.2806
[2025/10/21 09:59:36] - [0.0818, 0.1344, 0.1818, 0.237, 0.2758, 0.3101, 0.3475, 0.378, 0.3985, 0.4158, 0.4286, 0.4382, 0.4447, 0.452, 0.4606, 0.4663, 0.4669, 0.4704, 0.4752, 0.4804, 0.4799, 0.4814, 0.4839, 0.4875, 0.4881, 0.4902, 0.492, 0.4952, 0.4946, 0.4944, 0.497, 0.4971, 0.4981, 0.4976, 0.4998, 0.5023, 0.5019, 0.5027, 0.5033, 0.5039, 0.5045, 0.5066, 0.5079, 0.5085, 0.5082, 0.5095, 0.5094, 0.5109, 0.5135, 0.5119, 0.512, 0.5126, 0.5131, 0.5137, 0.5128, 0.5117, 0.5122, 0.5113, 0.5128, 0.5146, 0.5142, 0.5134, 0.5117, 0.5135, 0.5127, 0.5119, 0.5126, 0.5115, 0.5129, 0.5127, 0.5109, 0.5125, 0.5124, 0.5129, 0.512, 0.5112, 0.5119, 0.5107, 0.5112, 0.5101, 0.5106, 0.5097, 0.5114, 0.5096, 0.5096, 0.5096, 0.5099, 0.5093, 0.5102, 0.5111, 0.512, 0.513, 0.5123, 0.5124, 0.5126, 0.5128, 0.5131, 0.5128, 0.5123, 0.5124, 0.5124, 0.5123, 0.5123, 0.5123, 0.5123, 0.5123, 0.5124, 0.5124, 0.5124, 0.5124]
[2025/10/21 09:59:36] - [0.0546, 0.084, 0.1147, 0.1386, 0.1613, 0.1778, 0.1911, 0.2057, 0.2171, 0.2228, 0.227, 0.2347, 0.2385, 0.2415, 0.2437, 0.2462, 0.2488, 0.2506, 0.2545, 0.2543, 0.2549, 0.2564, 0.2588, 0.2621, 0.2618, 0.2618, 0.262, 0.2626, 0.263, 0.2645, 0.2656, 0.2669, 0.2668, 0.2684, 0.2707, 0.2697, 0.2705, 0.2714, 0.2705, 0.2707, 0.2712, 0.2736, 0.2738, 0.2746, 0.2763, 0.2763, 0.276, 0.2769, 0.276, 0.2765, 0.2767, 0.2773, 0.2783, 0.278, 0.2783, 0.2779, 0.2786, 0.278, 0.2787, 0.2791, 0.2782, 0.2783, 0.2787, 0.2781, 0.278, 0.2796, 0.28, 0.2798, 0.2807, 0.28, 0.2807, 0.2806, 0.2798, 0.2793, 0.2802, 0.2807, 0.2801, 0.2809, 0.2813, 0.2803, 0.2807, 0.2803, 0.2798, 0.2813, 0.2804, 0.2813, 0.2816, 0.2812, 0.2817, 0.2819, 0.2818, 0.2825, 0.2827, 0.2822, 0.2807, 0.2813, 0.2814, 0.2804, 0.2809, 0.281, 0.2805, 0.2809, 0.2809, 0.2817, 0.2803, 0.281, 0.2806, 0.2811, 0.2813, 0.2806]
