[2025/10/13 11:31:21] - Namespace(batch_size=128, data_dir='cifar-data', epochs=100, lr_schedule='multistep', lr_min=0.0, lr_max=0.2, weight_decay=0.0005, momentum=0.9, model='ResNet18', epsilon=8, alpha=8, delta_init='random', normal_mean=0, normal_std=1, out_dir='./output/CIFAR100/lamda_36_lamscale_0.05_run2', seed=0, lamda=36.0, lam_scale=0.05, lam_start=50, gamma=0.05, inner_gamma=0.05, beta=0.2, mu=3.5, batch_m=0.75, early_stop=False, factor=0.5, length=4, n_holes=1, c_num=0.125, EMA_value=0.55)
[2025/10/13 11:31:23] - ==> Building model..
[2025/10/13 11:31:23] - Epoch 	 Seconds 	 LR 	 	 Train Loss 	 Train Acc
[2025/10/13 11:32:12] - 0 	 20.8 	 	 0.2000 	 4.5699 	 0.0371
[2025/10/13 11:32:12] - ==> Building model..
[2025/10/13 11:32:29] - Test Loss 	 Test Acc 	 PGD Loss 	 PGD Acc
[2025/10/13 11:32:29] - 4.2112 	 	 0.0911 	 4.2258 	 0.0600
[2025/10/13 11:33:19] - 1 	 19.9 	 	 0.2000 	 4.4558 	 0.0793
[2025/10/13 11:33:19] - ==> Building model..
[2025/10/13 11:33:35] - Test Loss 	 Test Acc 	 PGD Loss 	 PGD Acc
[2025/10/13 11:33:35] - 4.0437 	 	 0.1430 	 4.0730 	 0.0914
[2025/10/13 11:34:19] - 2 	 18.7 	 	 0.2000 	 4.4034 	 0.1054
[2025/10/13 11:34:19] - ==> Building model..
[2025/10/13 11:34:35] - Test Loss 	 Test Acc 	 PGD Loss 	 PGD Acc
[2025/10/13 11:34:35] - 3.8947 	 	 0.1866 	 3.9413 	 0.1167
[2025/10/13 11:35:22] - 3 	 19.2 	 	 0.2000 	 4.3593 	 0.1261
[2025/10/13 11:35:22] - ==> Building model..
[2025/10/13 11:35:38] - Test Loss 	 Test Acc 	 PGD Loss 	 PGD Acc
[2025/10/13 11:35:38] - 3.7604 	 	 0.2253 	 3.8262 	 0.1337
[2025/10/13 11:36:27] - 4 	 20.0 	 	 0.2000 	 4.3184 	 0.1478
[2025/10/13 11:36:27] - ==> Building model..
[2025/10/13 11:36:45] - Test Loss 	 Test Acc 	 PGD Loss 	 PGD Acc
[2025/10/13 11:36:45] - 3.6361 	 	 0.2587 	 3.7230 	 0.1536
[2025/10/13 11:37:35] - 5 	 19.9 	 	 0.2000 	 4.2811 	 0.1661
[2025/10/13 11:37:35] - ==> Building model..
[2025/10/13 11:37:51] - Test Loss 	 Test Acc 	 PGD Loss 	 PGD Acc
[2025/10/13 11:37:51] - 3.4711 	 	 0.2941 	 3.5822 	 0.1718
[2025/10/13 11:38:40] - 6 	 20.4 	 	 0.2000 	 4.2498 	 0.1838
[2025/10/13 11:38:40] - ==> Building model..
[2025/10/13 11:38:57] - Test Loss 	 Test Acc 	 PGD Loss 	 PGD Acc
[2025/10/13 11:38:57] - 3.2803 	 	 0.3308 	 3.4192 	 0.1900
[2025/10/13 11:39:43] - 7 	 19.5 	 	 0.2000 	 4.2268 	 0.1961
[2025/10/13 11:39:43] - ==> Building model..
[2025/10/13 11:39:59] - Test Loss 	 Test Acc 	 PGD Loss 	 PGD Acc
[2025/10/13 11:39:59] - 3.1060 	 	 0.3704 	 3.2772 	 0.2010
[2025/10/13 11:40:46] - 8 	 20.0 	 	 0.2000 	 4.2075 	 0.2056
[2025/10/13 11:40:46] - ==> Building model..
[2025/10/13 11:41:03] - Test Loss 	 Test Acc 	 PGD Loss 	 PGD Acc
[2025/10/13 11:41:03] - 3.0012 	 	 0.3918 	 3.1944 	 0.2114
[2025/10/13 11:41:48] - 9 	 20.0 	 	 0.2000 	 4.1911 	 0.2142
[2025/10/13 11:41:48] - ==> Building model..
[2025/10/13 11:42:06] - Test Loss 	 Test Acc 	 PGD Loss 	 PGD Acc
[2025/10/13 11:42:06] - 2.9247 	 	 0.4114 	 3.1346 	 0.2207
[2025/10/13 11:42:51] - 10 	 19.6 	 	 0.2000 	 4.1788 	 0.2227
[2025/10/13 11:42:51] - ==> Building model..
[2025/10/13 11:43:09] - Test Loss 	 Test Acc 	 PGD Loss 	 PGD Acc
[2025/10/13 11:43:09] - 2.8827 	 	 0.4210 	 3.1018 	 0.2269
[2025/10/13 11:43:55] - 11 	 19.9 	 	 0.2000 	 4.1701 	 0.2276
[2025/10/13 11:43:55] - ==> Building model..
[2025/10/13 11:44:12] - Test Loss 	 Test Acc 	 PGD Loss 	 PGD Acc
[2025/10/13 11:44:12] - 2.8404 	 	 0.4308 	 3.0700 	 0.2335
[2025/10/13 11:44:58] - 12 	 19.5 	 	 0.2000 	 4.1594 	 0.2340
[2025/10/13 11:44:58] - ==> Building model..
[2025/10/13 11:45:14] - Test Loss 	 Test Acc 	 PGD Loss 	 PGD Acc
[2025/10/13 11:45:14] - 2.7950 	 	 0.4448 	 3.0355 	 0.2389
[2025/10/13 11:46:03] - 13 	 19.7 	 	 0.2000 	 4.1558 	 0.2357
[2025/10/13 11:46:03] - ==> Building model..
[2025/10/13 11:46:19] - Test Loss 	 Test Acc 	 PGD Loss 	 PGD Acc
[2025/10/13 11:46:19] - 2.7678 	 	 0.4513 	 3.0166 	 0.2419
[2025/10/13 11:47:05] - 14 	 19.0 	 	 0.2000 	 4.1504 	 0.2397
[2025/10/13 11:47:05] - ==> Building model..
[2025/10/13 11:47:21] - Test Loss 	 Test Acc 	 PGD Loss 	 PGD Acc
[2025/10/13 11:47:21] - 2.7447 	 	 0.4578 	 3.0002 	 0.2447
[2025/10/13 11:48:08] - 15 	 19.9 	 	 0.2000 	 4.1411 	 0.2445
[2025/10/13 11:48:08] - ==> Building model..
[2025/10/13 11:48:25] - Test Loss 	 Test Acc 	 PGD Loss 	 PGD Acc
[2025/10/13 11:48:25] - 2.7211 	 	 0.4624 	 2.9801 	 0.2459
[2025/10/13 11:49:12] - 16 	 20.4 	 	 0.2000 	 4.1375 	 0.2449
[2025/10/13 11:49:12] - ==> Building model..
[2025/10/13 11:49:29] - Test Loss 	 Test Acc 	 PGD Loss 	 PGD Acc
[2025/10/13 11:49:29] - 2.7031 	 	 0.4665 	 2.9664 	 0.2491
[2025/10/13 11:50:14] - 17 	 18.8 	 	 0.2000 	 4.1349 	 0.2485
[2025/10/13 11:50:14] - ==> Building model..
[2025/10/13 11:50:31] - Test Loss 	 Test Acc 	 PGD Loss 	 PGD Acc
[2025/10/13 11:50:31] - 2.6884 	 	 0.4708 	 2.9555 	 0.2527
[2025/10/13 11:51:18] - 18 	 19.6 	 	 0.2000 	 4.1288 	 0.2507
[2025/10/13 11:51:18] - ==> Building model..
[2025/10/13 11:51:34] - Test Loss 	 Test Acc 	 PGD Loss 	 PGD Acc
[2025/10/13 11:51:34] - 2.6709 	 	 0.4745 	 2.9425 	 0.2539
[2025/10/13 11:52:18] - 19 	 18.6 	 	 0.2000 	 4.1258 	 0.2539
[2025/10/13 11:52:18] - ==> Building model..
[2025/10/13 11:52:34] - Test Loss 	 Test Acc 	 PGD Loss 	 PGD Acc
[2025/10/13 11:52:34] - 2.6574 	 	 0.4765 	 2.9322 	 0.2561
[2025/10/13 11:53:19] - 20 	 18.6 	 	 0.2000 	 4.1234 	 0.2558
[2025/10/13 11:53:19] - ==> Building model..
[2025/10/13 11:53:35] - Test Loss 	 Test Acc 	 PGD Loss 	 PGD Acc
[2025/10/13 11:53:35] - 2.6498 	 	 0.4793 	 2.9274 	 0.2563
[2025/10/13 11:54:21] - 21 	 18.8 	 	 0.2000 	 4.1189 	 0.2572
[2025/10/13 11:54:21] - ==> Building model..
[2025/10/13 11:54:37] - Test Loss 	 Test Acc 	 PGD Loss 	 PGD Acc
[2025/10/13 11:54:37] - 2.6436 	 	 0.4825 	 2.9223 	 0.2565
[2025/10/13 11:55:23] - 22 	 18.8 	 	 0.2000 	 4.1185 	 0.2573
[2025/10/13 11:55:23] - ==> Building model..
[2025/10/13 11:55:39] - Test Loss 	 Test Acc 	 PGD Loss 	 PGD Acc
[2025/10/13 11:55:39] - 2.6328 	 	 0.4859 	 2.9150 	 0.2593
[2025/10/13 11:56:26] - 23 	 19.3 	 	 0.2000 	 4.1175 	 0.2568
[2025/10/13 11:56:26] - ==> Building model..
[2025/10/13 11:56:42] - Test Loss 	 Test Acc 	 PGD Loss 	 PGD Acc
[2025/10/13 11:56:42] - 2.6224 	 	 0.4885 	 2.9073 	 0.2594
[2025/10/13 11:57:29] - 24 	 19.9 	 	 0.2000 	 4.1126 	 0.2619
[2025/10/13 11:57:29] - ==> Building model..
[2025/10/13 11:57:46] - Test Loss 	 Test Acc 	 PGD Loss 	 PGD Acc
[2025/10/13 11:57:46] - 2.6175 	 	 0.4890 	 2.9035 	 0.2606
[2025/10/13 11:58:33] - 25 	 19.8 	 	 0.2000 	 4.1111 	 0.2643
[2025/10/13 11:58:33] - ==> Building model..
[2025/10/13 11:58:49] - Test Loss 	 Test Acc 	 PGD Loss 	 PGD Acc
[2025/10/13 11:58:49] - 2.6108 	 	 0.4915 	 2.8986 	 0.2641
[2025/10/13 11:59:36] - 26 	 19.9 	 	 0.2000 	 4.1075 	 0.2632
[2025/10/13 11:59:36] - ==> Building model..
[2025/10/13 11:59:54] - Test Loss 	 Test Acc 	 PGD Loss 	 PGD Acc
[2025/10/13 11:59:54] - 2.6033 	 	 0.4946 	 2.8924 	 0.2663
[2025/10/13 12:00:42] - 27 	 20.6 	 	 0.2000 	 4.1080 	 0.2647
[2025/10/13 12:00:42] - ==> Building model..
[2025/10/13 12:00:59] - Test Loss 	 Test Acc 	 PGD Loss 	 PGD Acc
[2025/10/13 12:00:59] - 2.5970 	 	 0.4962 	 2.8881 	 0.2673
[2025/10/13 12:01:46] - 28 	 19.7 	 	 0.2000 	 4.1057 	 0.2654
[2025/10/13 12:01:46] - ==> Building model..
[2025/10/13 12:02:02] - Test Loss 	 Test Acc 	 PGD Loss 	 PGD Acc
[2025/10/13 12:02:02] - 2.5919 	 	 0.4958 	 2.8843 	 0.2681
[2025/10/13 12:02:49] - 29 	 19.6 	 	 0.2000 	 4.1049 	 0.2678
[2025/10/13 12:02:49] - ==> Building model..
[2025/10/13 12:03:06] - Test Loss 	 Test Acc 	 PGD Loss 	 PGD Acc
[2025/10/13 12:03:06] - 2.5885 	 	 0.4972 	 2.8821 	 0.2695
[2025/10/13 12:03:53] - 30 	 20.1 	 	 0.2000 	 4.1045 	 0.2651
[2025/10/13 12:03:53] - ==> Building model..
[2025/10/13 12:04:10] - Test Loss 	 Test Acc 	 PGD Loss 	 PGD Acc
[2025/10/13 12:04:10] - 2.5876 	 	 0.4964 	 2.8812 	 0.2688
[2025/10/13 12:04:56] - 31 	 19.8 	 	 0.2000 	 4.1030 	 0.2663
[2025/10/13 12:04:56] - ==> Building model..
[2025/10/13 12:05:13] - Test Loss 	 Test Acc 	 PGD Loss 	 PGD Acc
[2025/10/13 12:05:13] - 2.5843 	 	 0.4978 	 2.8787 	 0.2690
[2025/10/13 12:06:01] - 32 	 20.4 	 	 0.2000 	 4.1011 	 0.2661
[2025/10/13 12:06:01] - ==> Building model..
[2025/10/13 12:06:17] - Test Loss 	 Test Acc 	 PGD Loss 	 PGD Acc
[2025/10/13 12:06:17] - 2.5830 	 	 0.4999 	 2.8778 	 0.2704
[2025/10/13 12:07:05] - 33 	 20.3 	 	 0.2000 	 4.1013 	 0.2682
[2025/10/13 12:07:05] - ==> Building model..
[2025/10/13 12:07:21] - Test Loss 	 Test Acc 	 PGD Loss 	 PGD Acc
[2025/10/13 12:07:21] - 2.5778 	 	 0.5006 	 2.8732 	 0.2713
[2025/10/13 12:08:10] - 34 	 20.3 	 	 0.2000 	 4.1011 	 0.2655
[2025/10/13 12:08:10] - ==> Building model..
[2025/10/13 12:08:26] - Test Loss 	 Test Acc 	 PGD Loss 	 PGD Acc
[2025/10/13 12:08:26] - 2.5753 	 	 0.5012 	 2.8718 	 0.2717
[2025/10/13 12:09:12] - 35 	 19.2 	 	 0.2000 	 4.0969 	 0.2713
[2025/10/13 12:09:12] - ==> Building model..
[2025/10/13 12:09:28] - Test Loss 	 Test Acc 	 PGD Loss 	 PGD Acc
[2025/10/13 12:09:28] - 2.5744 	 	 0.5034 	 2.8721 	 0.2726
[2025/10/13 12:10:15] - 36 	 19.4 	 	 0.2000 	 4.0981 	 0.2699
[2025/10/13 12:10:15] - ==> Building model..
[2025/10/13 12:10:32] - Test Loss 	 Test Acc 	 PGD Loss 	 PGD Acc
[2025/10/13 12:10:32] - 2.5751 	 	 0.5042 	 2.8720 	 0.2739
[2025/10/13 12:11:19] - 37 	 19.7 	 	 0.2000 	 4.0967 	 0.2721
[2025/10/13 12:11:19] - ==> Building model..
[2025/10/13 12:11:36] - Test Loss 	 Test Acc 	 PGD Loss 	 PGD Acc
[2025/10/13 12:11:36] - 2.5744 	 	 0.5046 	 2.8729 	 0.2741
[2025/10/13 12:12:22] - 38 	 19.6 	 	 0.2000 	 4.0951 	 0.2696
[2025/10/13 12:12:22] - ==> Building model..
[2025/10/13 12:12:39] - Test Loss 	 Test Acc 	 PGD Loss 	 PGD Acc
[2025/10/13 12:12:39] - 2.5724 	 	 0.5056 	 2.8719 	 0.2746
[2025/10/13 12:13:27] - 39 	 20.1 	 	 0.2000 	 4.0960 	 0.2690
[2025/10/13 12:13:27] - ==> Building model..
[2025/10/13 12:13:44] - Test Loss 	 Test Acc 	 PGD Loss 	 PGD Acc
[2025/10/13 12:13:44] - 2.5707 	 	 0.5057 	 2.8705 	 0.2755
[2025/10/13 12:14:31] - 40 	 19.6 	 	 0.2000 	 4.0939 	 0.2722
[2025/10/13 12:14:31] - ==> Building model..
[2025/10/13 12:14:47] - Test Loss 	 Test Acc 	 PGD Loss 	 PGD Acc
[2025/10/13 12:14:47] - 2.5686 	 	 0.5069 	 2.8677 	 0.2755
[2025/10/13 12:15:35] - 41 	 19.8 	 	 0.2000 	 4.0943 	 0.2716
[2025/10/13 12:15:35] - ==> Building model..
[2025/10/13 12:15:51] - Test Loss 	 Test Acc 	 PGD Loss 	 PGD Acc
[2025/10/13 12:15:51] - 2.5635 	 	 0.5094 	 2.8633 	 0.2769
[2025/10/13 12:16:39] - 42 	 20.1 	 	 0.2000 	 4.0948 	 0.2721
[2025/10/13 12:16:39] - ==> Building model..
[2025/10/13 12:16:56] - Test Loss 	 Test Acc 	 PGD Loss 	 PGD Acc
[2025/10/13 12:16:56] - 2.5644 	 	 0.5095 	 2.8653 	 0.2763
[2025/10/13 12:17:43] - 43 	 19.8 	 	 0.2000 	 4.0932 	 0.2721
[2025/10/13 12:17:43] - ==> Building model..
[2025/10/13 12:18:00] - Test Loss 	 Test Acc 	 PGD Loss 	 PGD Acc
[2025/10/13 12:18:00] - 2.5629 	 	 0.5113 	 2.8642 	 0.2777
[2025/10/13 12:18:49] - 44 	 20.1 	 	 0.2000 	 4.0924 	 0.2734
[2025/10/13 12:18:49] - ==> Building model..
[2025/10/13 12:19:05] - Test Loss 	 Test Acc 	 PGD Loss 	 PGD Acc
[2025/10/13 12:19:05] - 2.5588 	 	 0.5126 	 2.8609 	 0.2787
[2025/10/13 12:19:52] - 45 	 19.4 	 	 0.2000 	 4.0902 	 0.2750
[2025/10/13 12:19:52] - ==> Building model..
[2025/10/13 12:20:08] - Test Loss 	 Test Acc 	 PGD Loss 	 PGD Acc
[2025/10/13 12:20:08] - 2.5561 	 	 0.5134 	 2.8593 	 0.2789
[2025/10/13 12:20:57] - 46 	 20.0 	 	 0.2000 	 4.0889 	 0.2755
[2025/10/13 12:20:57] - ==> Building model..
[2025/10/13 12:21:14] - Test Loss 	 Test Acc 	 PGD Loss 	 PGD Acc
[2025/10/13 12:21:14] - 2.5540 	 	 0.5144 	 2.8578 	 0.2798
[2025/10/13 12:22:01] - 47 	 19.7 	 	 0.2000 	 4.0910 	 0.2740
[2025/10/13 12:22:01] - ==> Building model..
[2025/10/13 12:22:17] - Test Loss 	 Test Acc 	 PGD Loss 	 PGD Acc
[2025/10/13 12:22:17] - 2.5512 	 	 0.5147 	 2.8557 	 0.2793
[2025/10/13 12:23:04] - 48 	 19.4 	 	 0.2000 	 4.0876 	 0.2783
[2025/10/13 12:23:04] - ==> Building model..
[2025/10/13 12:23:20] - Test Loss 	 Test Acc 	 PGD Loss 	 PGD Acc
[2025/10/13 12:23:20] - 2.5495 	 	 0.5148 	 2.8547 	 0.2788
[2025/10/13 12:24:06] - 49 	 19.2 	 	 0.2000 	 4.0879 	 0.2770
[2025/10/13 12:24:06] - ==> Building model..
[2025/10/13 12:24:23] - Test Loss 	 Test Acc 	 PGD Loss 	 PGD Acc
[2025/10/13 12:24:23] - 2.5487 	 	 0.5158 	 2.8533 	 0.2790
[2025/10/13 12:25:09] - 50 	 19.3 	 	 0.2000 	 4.0886 	 0.2761
[2025/10/13 12:25:09] - ==> Building model..
[2025/10/13 12:25:25] - Test Loss 	 Test Acc 	 PGD Loss 	 PGD Acc
[2025/10/13 12:25:25] - 2.5521 	 	 0.5145 	 2.8568 	 0.2797
[2025/10/13 12:26:12] - 51 	 20.1 	 	 0.2000 	 4.0884 	 0.2750
[2025/10/13 12:26:12] - ==> Building model..
[2025/10/13 12:26:29] - Test Loss 	 Test Acc 	 PGD Loss 	 PGD Acc
[2025/10/13 12:26:29] - 2.5534 	 	 0.5143 	 2.8581 	 0.2797
[2025/10/13 12:27:15] - 52 	 19.7 	 	 0.2000 	 4.0889 	 0.2753
[2025/10/13 12:27:15] - ==> Building model..
[2025/10/13 12:27:32] - Test Loss 	 Test Acc 	 PGD Loss 	 PGD Acc
[2025/10/13 12:27:32] - 2.5537 	 	 0.5137 	 2.8577 	 0.2795
[2025/10/13 12:28:17] - 53 	 18.7 	 	 0.2000 	 4.0869 	 0.2784
[2025/10/13 12:28:17] - ==> Building model..
[2025/10/13 12:28:34] - Test Loss 	 Test Acc 	 PGD Loss 	 PGD Acc
[2025/10/13 12:28:34] - 2.5540 	 	 0.5136 	 2.8573 	 0.2792
[2025/10/13 12:29:19] - 54 	 19.0 	 	 0.2000 	 4.0893 	 0.2762
[2025/10/13 12:29:19] - ==> Building model..
[2025/10/13 12:29:36] - Test Loss 	 Test Acc 	 PGD Loss 	 PGD Acc
[2025/10/13 12:29:36] - 2.5550 	 	 0.5131 	 2.8580 	 0.2786
[2025/10/13 12:30:22] - 55 	 19.4 	 	 0.2000 	 4.0885 	 0.2775
[2025/10/13 12:30:22] - ==> Building model..
[2025/10/13 12:30:39] - Test Loss 	 Test Acc 	 PGD Loss 	 PGD Acc
[2025/10/13 12:30:39] - 2.5523 	 	 0.5148 	 2.8555 	 0.2781
[2025/10/13 12:31:26] - 56 	 20.2 	 	 0.2000 	 4.0894 	 0.2747
[2025/10/13 12:31:26] - ==> Building model..
[2025/10/13 12:31:42] - Test Loss 	 Test Acc 	 PGD Loss 	 PGD Acc
[2025/10/13 12:31:42] - 2.5527 	 	 0.5157 	 2.8562 	 0.2788
[2025/10/13 12:32:28] - 57 	 19.7 	 	 0.2000 	 4.0886 	 0.2780
[2025/10/13 12:32:28] - ==> Building model..
[2025/10/13 12:32:45] - Test Loss 	 Test Acc 	 PGD Loss 	 PGD Acc
[2025/10/13 12:32:45] - 2.5514 	 	 0.5168 	 2.8543 	 0.2794
[2025/10/13 12:33:31] - 58 	 20.3 	 	 0.2000 	 4.0878 	 0.2785
[2025/10/13 12:33:31] - ==> Building model..
[2025/10/13 12:33:48] - Test Loss 	 Test Acc 	 PGD Loss 	 PGD Acc
[2025/10/13 12:33:48] - 2.5528 	 	 0.5153 	 2.8554 	 0.2795
[2025/10/13 12:34:34] - 59 	 20.2 	 	 0.2000 	 4.0891 	 0.2768
[2025/10/13 12:34:34] - ==> Building model..
[2025/10/13 12:34:51] - Test Loss 	 Test Acc 	 PGD Loss 	 PGD Acc
[2025/10/13 12:34:51] - 2.5523 	 	 0.5160 	 2.8549 	 0.2795
[2025/10/13 12:35:35] - 60 	 18.9 	 	 0.2000 	 4.0868 	 0.2796
[2025/10/13 12:35:35] - ==> Building model..
[2025/10/13 12:35:52] - Test Loss 	 Test Acc 	 PGD Loss 	 PGD Acc
[2025/10/13 12:35:52] - 2.5525 	 	 0.5156 	 2.8554 	 0.2802
[2025/10/13 12:36:38] - 61 	 19.7 	 	 0.2000 	 4.0891 	 0.2747
[2025/10/13 12:36:38] - ==> Building model..
[2025/10/13 12:36:55] - Test Loss 	 Test Acc 	 PGD Loss 	 PGD Acc
[2025/10/13 12:36:55] - 2.5532 	 	 0.5162 	 2.8552 	 0.2796
[2025/10/13 12:37:40] - 62 	 19.8 	 	 0.2000 	 4.0887 	 0.2779
[2025/10/13 12:37:40] - ==> Building model..
[2025/10/13 12:37:57] - Test Loss 	 Test Acc 	 PGD Loss 	 PGD Acc
[2025/10/13 12:37:57] - 2.5525 	 	 0.5164 	 2.8539 	 0.2811
[2025/10/13 12:38:43] - 63 	 19.3 	 	 0.2000 	 4.0900 	 0.2765
[2025/10/13 12:38:43] - ==> Building model..
[2025/10/13 12:38:59] - Test Loss 	 Test Acc 	 PGD Loss 	 PGD Acc
[2025/10/13 12:38:59] - 2.5545 	 	 0.5160 	 2.8551 	 0.2804
[2025/10/13 12:39:46] - 64 	 19.9 	 	 0.2000 	 4.0887 	 0.2797
[2025/10/13 12:39:46] - ==> Building model..
[2025/10/13 12:40:03] - Test Loss 	 Test Acc 	 PGD Loss 	 PGD Acc
[2025/10/13 12:40:03] - 2.5563 	 	 0.5167 	 2.8560 	 0.2795
[2025/10/13 12:40:48] - 65 	 19.0 	 	 0.2000 	 4.0889 	 0.2762
[2025/10/13 12:40:48] - ==> Building model..
[2025/10/13 12:41:04] - Test Loss 	 Test Acc 	 PGD Loss 	 PGD Acc
[2025/10/13 12:41:04] - 2.5600 	 	 0.5166 	 2.8591 	 0.2796
[2025/10/13 12:41:51] - 66 	 19.3 	 	 0.2000 	 4.0880 	 0.2781
[2025/10/13 12:41:51] - ==> Building model..
[2025/10/13 12:42:08] - Test Loss 	 Test Acc 	 PGD Loss 	 PGD Acc
[2025/10/13 12:42:08] - 2.5630 	 	 0.5166 	 2.8615 	 0.2807
[2025/10/13 12:42:54] - 67 	 19.7 	 	 0.2000 	 4.0896 	 0.2785
[2025/10/13 12:42:54] - ==> Building model..
[2025/10/13 12:43:11] - Test Loss 	 Test Acc 	 PGD Loss 	 PGD Acc
[2025/10/13 12:43:11] - 2.5658 	 	 0.5157 	 2.8637 	 0.2800
[2025/10/13 12:43:57] - 68 	 19.1 	 	 0.2000 	 4.0892 	 0.2786
[2025/10/13 12:43:57] - ==> Building model..
[2025/10/13 12:44:13] - Test Loss 	 Test Acc 	 PGD Loss 	 PGD Acc
[2025/10/13 12:44:13] - 2.5693 	 	 0.5153 	 2.8658 	 0.2786
[2025/10/13 12:45:00] - 69 	 19.3 	 	 0.2000 	 4.0909 	 0.2776
[2025/10/13 12:45:00] - ==> Building model..
[2025/10/13 12:45:16] - Test Loss 	 Test Acc 	 PGD Loss 	 PGD Acc
[2025/10/13 12:45:16] - 2.5720 	 	 0.5149 	 2.8679 	 0.2785
[2025/10/13 12:46:04] - 70 	 20.7 	 	 0.2000 	 4.0913 	 0.2772
[2025/10/13 12:46:04] - ==> Building model..
[2025/10/13 12:46:21] - Test Loss 	 Test Acc 	 PGD Loss 	 PGD Acc
[2025/10/13 12:46:21] - 2.5750 	 	 0.5151 	 2.8700 	 0.2793
[2025/10/13 12:47:08] - 71 	 19.5 	 	 0.2000 	 4.0909 	 0.2790
[2025/10/13 12:47:08] - ==> Building model..
[2025/10/13 12:47:24] - Test Loss 	 Test Acc 	 PGD Loss 	 PGD Acc
[2025/10/13 12:47:24] - 2.5796 	 	 0.5137 	 2.8738 	 0.2804
[2025/10/13 12:48:11] - 72 	 19.6 	 	 0.2000 	 4.0916 	 0.2759
[2025/10/13 12:48:11] - ==> Building model..
[2025/10/13 12:48:27] - Test Loss 	 Test Acc 	 PGD Loss 	 PGD Acc
[2025/10/13 12:48:27] - 2.5818 	 	 0.5147 	 2.8749 	 0.2796
[2025/10/13 12:49:16] - 73 	 20.2 	 	 0.2000 	 4.0915 	 0.2777
[2025/10/13 12:49:16] - ==> Building model..
[2025/10/13 12:49:32] - Test Loss 	 Test Acc 	 PGD Loss 	 PGD Acc
[2025/10/13 12:49:32] - 2.5851 	 	 0.5134 	 2.8772 	 0.2797
[2025/10/13 12:50:20] - 74 	 20.1 	 	 0.2000 	 4.0927 	 0.2795
[2025/10/13 12:50:20] - ==> Building model..
[2025/10/13 12:50:37] - Test Loss 	 Test Acc 	 PGD Loss 	 PGD Acc
[2025/10/13 12:50:37] - 2.5867 	 	 0.5142 	 2.8783 	 0.2819
[2025/10/13 12:51:25] - 75 	 19.8 	 	 0.2000 	 4.0908 	 0.2787
[2025/10/13 12:51:25] - ==> Building model..
[2025/10/13 12:51:42] - Test Loss 	 Test Acc 	 PGD Loss 	 PGD Acc
[2025/10/13 12:51:42] - 2.5889 	 	 0.5144 	 2.8802 	 0.2810
[2025/10/13 12:52:30] - 76 	 20.9 	 	 0.2000 	 4.0920 	 0.2766
[2025/10/13 12:52:30] - ==> Building model..
[2025/10/13 12:52:47] - Test Loss 	 Test Acc 	 PGD Loss 	 PGD Acc
[2025/10/13 12:52:47] - 2.5928 	 	 0.5133 	 2.8842 	 0.2810
[2025/10/13 12:53:34] - 77 	 19.8 	 	 0.2000 	 4.0917 	 0.2791
[2025/10/13 12:53:34] - ==> Building model..
[2025/10/13 12:53:52] - Test Loss 	 Test Acc 	 PGD Loss 	 PGD Acc
[2025/10/13 12:53:52] - 2.5934 	 	 0.5128 	 2.8838 	 0.2805
[2025/10/13 12:54:39] - 78 	 20.1 	 	 0.2000 	 4.0917 	 0.2782
[2025/10/13 12:54:39] - ==> Building model..
[2025/10/13 12:54:57] - Test Loss 	 Test Acc 	 PGD Loss 	 PGD Acc
[2025/10/13 12:54:57] - 2.5943 	 	 0.5126 	 2.8846 	 0.2804
[2025/10/13 12:55:45] - 79 	 20.4 	 	 0.2000 	 4.0907 	 0.2790
[2025/10/13 12:55:45] - ==> Building model..
[2025/10/13 12:56:02] - Test Loss 	 Test Acc 	 PGD Loss 	 PGD Acc
[2025/10/13 12:56:02] - 2.5951 	 	 0.5124 	 2.8847 	 0.2821
[2025/10/13 12:56:50] - 80 	 20.3 	 	 0.2000 	 4.0904 	 0.2790
[2025/10/13 12:56:50] - ==> Building model..
[2025/10/13 12:57:07] - Test Loss 	 Test Acc 	 PGD Loss 	 PGD Acc
[2025/10/13 12:57:07] - 2.5957 	 	 0.5120 	 2.8855 	 0.2825
[2025/10/13 12:57:56] - 81 	 20.2 	 	 0.2000 	 4.0908 	 0.2794
[2025/10/13 12:57:56] - ==> Building model..
[2025/10/13 12:58:13] - Test Loss 	 Test Acc 	 PGD Loss 	 PGD Acc
[2025/10/13 12:58:13] - 2.5966 	 	 0.5124 	 2.8857 	 0.2829
[2025/10/13 12:59:00] - 82 	 20.2 	 	 0.2000 	 4.0918 	 0.2794
[2025/10/13 12:59:00] - ==> Building model..
[2025/10/13 12:59:18] - Test Loss 	 Test Acc 	 PGD Loss 	 PGD Acc
[2025/10/13 12:59:18] - 2.5951 	 	 0.5124 	 2.8851 	 0.2838
[2025/10/13 13:00:07] - 83 	 20.6 	 	 0.2000 	 4.0876 	 0.2809
[2025/10/13 13:00:07] - ==> Building model..
[2025/10/13 13:00:24] - Test Loss 	 Test Acc 	 PGD Loss 	 PGD Acc
[2025/10/13 13:00:24] - 2.5958 	 	 0.5115 	 2.8845 	 0.2836
[2025/10/13 13:01:12] - 84 	 20.4 	 	 0.2000 	 4.0906 	 0.2780
[2025/10/13 13:01:12] - ==> Building model..
[2025/10/13 13:01:29] - Test Loss 	 Test Acc 	 PGD Loss 	 PGD Acc
[2025/10/13 13:01:29] - 2.5952 	 	 0.5118 	 2.8847 	 0.2839
[2025/10/13 13:02:17] - 85 	 20.5 	 	 0.2000 	 4.0918 	 0.2783
[2025/10/13 13:02:17] - ==> Building model..
[2025/10/13 13:02:35] - Test Loss 	 Test Acc 	 PGD Loss 	 PGD Acc
[2025/10/13 13:02:35] - 2.5962 	 	 0.5123 	 2.8856 	 0.2832
[2025/10/13 13:03:21] - 86 	 19.6 	 	 0.2000 	 4.0904 	 0.2777
[2025/10/13 13:03:21] - ==> Building model..
[2025/10/13 13:03:38] - Test Loss 	 Test Acc 	 PGD Loss 	 PGD Acc
[2025/10/13 13:03:38] - 2.5976 	 	 0.5130 	 2.8862 	 0.2835
[2025/10/13 13:04:27] - 87 	 19.7 	 	 0.2000 	 4.0898 	 0.2803
[2025/10/13 13:04:27] - ==> Building model..
[2025/10/13 13:04:44] - Test Loss 	 Test Acc 	 PGD Loss 	 PGD Acc
[2025/10/13 13:04:44] - 2.5988 	 	 0.5144 	 2.8869 	 0.2832
[2025/10/13 13:05:30] - 88 	 20.0 	 	 0.2000 	 4.0919 	 0.2786
[2025/10/13 13:05:30] - ==> Building model..
[2025/10/13 13:05:47] - Test Loss 	 Test Acc 	 PGD Loss 	 PGD Acc
[2025/10/13 13:05:47] - 2.5997 	 	 0.5146 	 2.8880 	 0.2840
[2025/10/13 13:06:33] - 89 	 19.6 	 	 0.2000 	 4.0902 	 0.2796
[2025/10/13 13:06:33] - ==> Building model..
[2025/10/13 13:06:51] - Test Loss 	 Test Acc 	 PGD Loss 	 PGD Acc
[2025/10/13 13:06:51] - 2.5997 	 	 0.5135 	 2.8874 	 0.2844
[2025/10/13 13:07:39] - 90 	 19.8 	 	 0.0200 	 3.9947 	 0.3399
[2025/10/13 13:07:39] - ==> Building model..
[2025/10/13 13:07:56] - Test Loss 	 Test Acc 	 PGD Loss 	 PGD Acc
[2025/10/13 13:07:56] - 2.5965 	 	 0.5138 	 2.8850 	 0.2843
[2025/10/13 13:08:44] - 91 	 19.6 	 	 0.0200 	 3.9008 	 0.4025
[2025/10/13 13:08:44] - ==> Building model..
[2025/10/13 13:09:01] - Test Loss 	 Test Acc 	 PGD Loss 	 PGD Acc
[2025/10/13 13:09:01] - 2.5948 	 	 0.5142 	 2.8839 	 0.2836
[2025/10/13 13:09:47] - 92 	 18.7 	 	 0.0200 	 3.8743 	 0.4210
[2025/10/13 13:09:47] - ==> Building model..
[2025/10/13 13:10:04] - Test Loss 	 Test Acc 	 PGD Loss 	 PGD Acc
[2025/10/13 13:10:04] - 2.5946 	 	 0.5144 	 2.8839 	 0.2842
[2025/10/13 13:10:51] - 93 	 19.4 	 	 0.0200 	 3.8578 	 0.4332
[2025/10/13 13:10:51] - ==> Building model..
[2025/10/13 13:11:08] - Test Loss 	 Test Acc 	 PGD Loss 	 PGD Acc
[2025/10/13 13:11:08] - 2.5954 	 	 0.5145 	 2.8851 	 0.2847
[2025/10/13 13:11:53] - 94 	 18.5 	 	 0.0200 	 3.8422 	 0.4427
[2025/10/13 13:11:53] - ==> Building model..
[2025/10/13 13:12:09] - Test Loss 	 Test Acc 	 PGD Loss 	 PGD Acc
[2025/10/13 13:12:09] - 2.5960 	 	 0.5145 	 2.8853 	 0.2844
[2025/10/13 13:12:54] - 95 	 18.6 	 	 0.0200 	 3.8301 	 0.4513
[2025/10/13 13:12:54] - ==> Building model..
[2025/10/13 13:13:11] - Test Loss 	 Test Acc 	 PGD Loss 	 PGD Acc
[2025/10/13 13:13:11] - 2.5990 	 	 0.5148 	 2.8875 	 0.2843
[2025/10/13 13:13:56] - 96 	 18.2 	 	 0.0200 	 3.8199 	 0.4618
[2025/10/13 13:13:56] - ==> Building model..
[2025/10/13 13:14:13] - Test Loss 	 Test Acc 	 PGD Loss 	 PGD Acc
[2025/10/13 13:14:13] - 2.6019 	 	 0.5146 	 2.8896 	 0.2833
[2025/10/13 13:14:56] - 97 	 18.0 	 	 0.0200 	 3.8112 	 0.4653
[2025/10/13 13:14:56] - ==> Building model..
[2025/10/13 13:15:13] - Test Loss 	 Test Acc 	 PGD Loss 	 PGD Acc
[2025/10/13 13:15:13] - 2.6054 	 	 0.5143 	 2.8931 	 0.2835
[2025/10/13 13:15:54] - 98 	 17.1 	 	 0.0200 	 3.8018 	 0.4730
[2025/10/13 13:15:54] - ==> Building model..
[2025/10/13 13:16:11] - Test Loss 	 Test Acc 	 PGD Loss 	 PGD Acc
[2025/10/13 13:16:11] - 2.6075 	 	 0.5142 	 2.8946 	 0.2836
[2025/10/13 13:16:55] - 99 	 17.8 	 	 0.0200 	 3.7955 	 0.4769
[2025/10/13 13:16:55] - ==> Building model..
[2025/10/13 13:17:11] - Test Loss 	 Test Acc 	 PGD Loss 	 PGD Acc
[2025/10/13 13:17:11] - 2.6087 	 	 0.5142 	 2.8959 	 0.2833
[2025/10/13 13:17:11] - [0.0911, 0.143, 0.1866, 0.2253, 0.2587, 0.2941, 0.3308, 0.3704, 0.3918, 0.4114, 0.421, 0.4308, 0.4448, 0.4513, 0.4578, 0.4624, 0.4665, 0.4708, 0.4745, 0.4765, 0.4793, 0.4825, 0.4859, 0.4885, 0.489, 0.4915, 0.4946, 0.4962, 0.4958, 0.4972, 0.4964, 0.4978, 0.4999, 0.5006, 0.5012, 0.5034, 0.5042, 0.5046, 0.5056, 0.5057, 0.5069, 0.5094, 0.5095, 0.5113, 0.5126, 0.5134, 0.5144, 0.5147, 0.5148, 0.5158, 0.5145, 0.5143, 0.5137, 0.5136, 0.5131, 0.5148, 0.5157, 0.5168, 0.5153, 0.516, 0.5156, 0.5162, 0.5164, 0.516, 0.5167, 0.5166, 0.5166, 0.5157, 0.5153, 0.5149, 0.5151, 0.5137, 0.5147, 0.5134, 0.5142, 0.5144, 0.5133, 0.5128, 0.5126, 0.5124, 0.512, 0.5124, 0.5124, 0.5115, 0.5118, 0.5123, 0.513, 0.5144, 0.5146, 0.5135, 0.5138, 0.5142, 0.5144, 0.5145, 0.5145, 0.5148, 0.5146, 0.5143, 0.5142, 0.5142]
[2025/10/13 13:17:11] - [0.06, 0.0914, 0.1167, 0.1337, 0.1536, 0.1718, 0.19, 0.201, 0.2114, 0.2207, 0.2269, 0.2335, 0.2389, 0.2419, 0.2447, 0.2459, 0.2491, 0.2527, 0.2539, 0.2561, 0.2563, 0.2565, 0.2593, 0.2594, 0.2606, 0.2641, 0.2663, 0.2673, 0.2681, 0.2695, 0.2688, 0.269, 0.2704, 0.2713, 0.2717, 0.2726, 0.2739, 0.2741, 0.2746, 0.2755, 0.2755, 0.2769, 0.2763, 0.2777, 0.2787, 0.2789, 0.2798, 0.2793, 0.2788, 0.279, 0.2797, 0.2797, 0.2795, 0.2792, 0.2786, 0.2781, 0.2788, 0.2794, 0.2795, 0.2795, 0.2802, 0.2796, 0.2811, 0.2804, 0.2795, 0.2796, 0.2807, 0.28, 0.2786, 0.2785, 0.2793, 0.2804, 0.2796, 0.2797, 0.2819, 0.281, 0.281, 0.2805, 0.2804, 0.2821, 0.2825, 0.2829, 0.2838, 0.2836, 0.2839, 0.2832, 0.2835, 0.2832, 0.284, 0.2844, 0.2843, 0.2836, 0.2842, 0.2847, 0.2844, 0.2843, 0.2833, 0.2835, 0.2836, 0.2833]
