[2025/10/19 08:45:10] - Namespace(batch_size=128, data_dir='cifar-data', epochs=110, lr_schedule='multistep', lr_min=0.0, lr_max=0.2, weight_decay=0.0005, momentum=0.9, model='ResNet18', epsilon=8, alpha=8, delta_init='random', normal_mean=0, normal_std=1, out_dir='runs/beta_0.4/lam_44/lscale_0.11/seed_1', seed=1, lamda=44.0, lam_scale=0.11, lam_start=50, gamma=0.05, inner_gamma=0.05, beta=0.4, mu=3.5, batch_m=0.75, early_stop=False, factor=0.5, length=4, n_holes=1, c_num=0.125, EMA_value=0.55)
[2025/10/19 08:45:12] - ==> Building model..
[2025/10/19 08:45:12] - Epoch 	 Seconds 	 LR 	 	 Train Loss 	 Train Acc
[2025/10/19 08:46:06] - 0 	 30.6 	 	 0.2000 	 4.5866 	 0.0333
[2025/10/19 08:46:06] - ==> Building model..
[2025/10/19 08:46:30] - Test Loss 	 Test Acc 	 PGD Loss 	 PGD Acc
[2025/10/19 08:46:30] - 4.2884 	 	 0.0762 	 4.2996 	 0.0501
[2025/10/19 08:47:22] - 1 	 28.7 	 	 0.2000 	 4.4662 	 0.0749
[2025/10/19 08:47:22] - ==> Building model..
[2025/10/19 08:47:46] - Test Loss 	 Test Acc 	 PGD Loss 	 PGD Acc
[2025/10/19 08:47:46] - 4.0658 	 	 0.1383 	 4.0936 	 0.0918
[2025/10/19 08:48:38] - 2 	 28.2 	 	 0.2000 	 4.4061 	 0.1032
[2025/10/19 08:48:38] - ==> Building model..
[2025/10/19 08:49:02] - Test Loss 	 Test Acc 	 PGD Loss 	 PGD Acc
[2025/10/19 08:49:02] - 3.9878 	 	 0.1711 	 4.0266 	 0.1075
[2025/10/19 08:49:55] - 3 	 29.5 	 	 0.2000 	 4.3553 	 0.1303
[2025/10/19 08:49:55] - ==> Building model..
[2025/10/19 08:50:19] - Test Loss 	 Test Acc 	 PGD Loss 	 PGD Acc
[2025/10/19 08:50:19] - 3.8754 	 	 0.2139 	 3.9310 	 0.1268
[2025/10/19 08:51:11] - 4 	 28.4 	 	 0.2000 	 4.3115 	 0.1533
[2025/10/19 08:51:11] - ==> Building model..
[2025/10/19 08:51:35] - Test Loss 	 Test Acc 	 PGD Loss 	 PGD Acc
[2025/10/19 08:51:35] - 3.7521 	 	 0.2519 	 3.8261 	 0.1482
[2025/10/19 08:52:28] - 5 	 29.1 	 	 0.2000 	 4.2743 	 0.1691
[2025/10/19 08:52:28] - ==> Building model..
[2025/10/19 08:52:51] - Test Loss 	 Test Acc 	 PGD Loss 	 PGD Acc
[2025/10/19 08:52:51] - 3.4360 	 	 0.3102 	 3.5537 	 0.1774
[2025/10/19 08:53:45] - 6 	 29.3 	 	 0.2000 	 4.2446 	 0.1890
[2025/10/19 08:53:45] - ==> Building model..
[2025/10/19 08:54:08] - Test Loss 	 Test Acc 	 PGD Loss 	 PGD Acc
[2025/10/19 08:54:08] - 3.2295 	 	 0.3487 	 3.3779 	 0.1930
[2025/10/19 08:55:01] - 7 	 29.2 	 	 0.2000 	 4.2204 	 0.2010
[2025/10/19 08:55:01] - ==> Building model..
[2025/10/19 08:55:24] - Test Loss 	 Test Acc 	 PGD Loss 	 PGD Acc
[2025/10/19 08:55:24] - 3.0728 	 	 0.3810 	 3.2493 	 0.2074
[2025/10/19 08:56:18] - 8 	 29.2 	 	 0.2000 	 4.2052 	 0.2093
[2025/10/19 08:56:18] - ==> Building model..
[2025/10/19 08:56:42] - Test Loss 	 Test Acc 	 PGD Loss 	 PGD Acc
[2025/10/19 08:56:42] - 2.9744 	 	 0.4012 	 3.1717 	 0.2177
[2025/10/19 08:57:33] - 9 	 28.0 	 	 0.2000 	 4.1891 	 0.2186
[2025/10/19 08:57:33] - ==> Building model..
[2025/10/19 08:57:57] - Test Loss 	 Test Acc 	 PGD Loss 	 PGD Acc
[2025/10/19 08:57:57] - 2.9140 	 	 0.4190 	 3.1260 	 0.2241
[2025/10/19 08:58:51] - 10 	 29.7 	 	 0.2000 	 4.1800 	 0.2229
[2025/10/19 08:58:51] - ==> Building model..
[2025/10/19 08:59:16] - Test Loss 	 Test Acc 	 PGD Loss 	 PGD Acc
[2025/10/19 08:59:16] - 2.8593 	 	 0.4313 	 3.0830 	 0.2307
[2025/10/19 09:00:08] - 11 	 28.8 	 	 0.2000 	 4.1691 	 0.2298
[2025/10/19 09:00:08] - ==> Building model..
[2025/10/19 09:00:32] - Test Loss 	 Test Acc 	 PGD Loss 	 PGD Acc
[2025/10/19 09:00:32] - 2.8204 	 	 0.4382 	 3.0545 	 0.2353
[2025/10/19 09:01:25] - 12 	 28.7 	 	 0.2000 	 4.1613 	 0.2323
[2025/10/19 09:01:25] - ==> Building model..
[2025/10/19 09:01:49] - Test Loss 	 Test Acc 	 PGD Loss 	 PGD Acc
[2025/10/19 09:01:49] - 2.7879 	 	 0.4454 	 3.0300 	 0.2400
[2025/10/19 09:02:42] - 13 	 29.2 	 	 0.2000 	 4.1544 	 0.2380
[2025/10/19 09:02:42] - ==> Building model..
[2025/10/19 09:03:06] - Test Loss 	 Test Acc 	 PGD Loss 	 PGD Acc
[2025/10/19 09:03:06] - 2.7628 	 	 0.4530 	 3.0109 	 0.2420
[2025/10/19 09:04:02] - 14 	 29.1 	 	 0.2000 	 4.1491 	 0.2409
[2025/10/19 09:04:02] - ==> Building model..
[2025/10/19 09:04:25] - Test Loss 	 Test Acc 	 PGD Loss 	 PGD Acc
[2025/10/19 09:04:25] - 2.7404 	 	 0.4626 	 2.9959 	 0.2462
[2025/10/19 09:05:20] - 15 	 29.2 	 	 0.2000 	 4.1461 	 0.2445
[2025/10/19 09:05:20] - ==> Building model..
[2025/10/19 09:05:43] - Test Loss 	 Test Acc 	 PGD Loss 	 PGD Acc
[2025/10/19 09:05:43] - 2.7243 	 	 0.4664 	 2.9843 	 0.2498
[2025/10/19 09:06:37] - 16 	 29.3 	 	 0.2000 	 4.1402 	 0.2456
[2025/10/19 09:06:37] - ==> Building model..
[2025/10/19 09:07:01] - Test Loss 	 Test Acc 	 PGD Loss 	 PGD Acc
[2025/10/19 09:07:01] - 2.7081 	 	 0.4698 	 2.9723 	 0.2511
[2025/10/19 09:07:55] - 17 	 29.4 	 	 0.2000 	 4.1348 	 0.2496
[2025/10/19 09:07:55] - ==> Building model..
[2025/10/19 09:08:19] - Test Loss 	 Test Acc 	 PGD Loss 	 PGD Acc
[2025/10/19 09:08:19] - 2.6883 	 	 0.4731 	 2.9568 	 0.2536
[2025/10/19 09:09:11] - 18 	 29.2 	 	 0.2000 	 4.1344 	 0.2501
[2025/10/19 09:09:11] - ==> Building model..
[2025/10/19 09:09:35] - Test Loss 	 Test Acc 	 PGD Loss 	 PGD Acc
[2025/10/19 09:09:35] - 2.6812 	 	 0.4752 	 2.9526 	 0.2550
[2025/10/19 09:10:28] - 19 	 29.9 	 	 0.2000 	 4.1299 	 0.2519
[2025/10/19 09:10:28] - ==> Building model..
[2025/10/19 09:10:51] - Test Loss 	 Test Acc 	 PGD Loss 	 PGD Acc
[2025/10/19 09:10:51] - 2.6703 	 	 0.4802 	 2.9451 	 0.2554
[2025/10/19 09:11:44] - 20 	 29.0 	 	 0.2000 	 4.1273 	 0.2531
[2025/10/19 09:11:44] - ==> Building model..
[2025/10/19 09:12:08] - Test Loss 	 Test Acc 	 PGD Loss 	 PGD Acc
[2025/10/19 09:12:08] - 2.6627 	 	 0.4817 	 2.9385 	 0.2595
[2025/10/19 09:12:59] - 21 	 28.7 	 	 0.2000 	 4.1244 	 0.2564
[2025/10/19 09:12:59] - ==> Building model..
[2025/10/19 09:13:23] - Test Loss 	 Test Acc 	 PGD Loss 	 PGD Acc
[2025/10/19 09:13:23] - 2.6545 	 	 0.4826 	 2.9331 	 0.2595
[2025/10/19 09:14:16] - 22 	 28.6 	 	 0.2000 	 4.1204 	 0.2590
[2025/10/19 09:14:16] - ==> Building model..
[2025/10/19 09:14:39] - Test Loss 	 Test Acc 	 PGD Loss 	 PGD Acc
[2025/10/19 09:14:39] - 2.6461 	 	 0.4832 	 2.9262 	 0.2607
[2025/10/19 09:15:32] - 23 	 29.7 	 	 0.2000 	 4.1188 	 0.2611
[2025/10/19 09:15:32] - ==> Building model..
[2025/10/19 09:15:56] - Test Loss 	 Test Acc 	 PGD Loss 	 PGD Acc
[2025/10/19 09:15:56] - 2.6370 	 	 0.4891 	 2.9196 	 0.2624
[2025/10/19 09:16:47] - 24 	 28.1 	 	 0.2000 	 4.1182 	 0.2599
[2025/10/19 09:16:47] - ==> Building model..
[2025/10/19 09:17:11] - Test Loss 	 Test Acc 	 PGD Loss 	 PGD Acc
[2025/10/19 09:17:11] - 2.6319 	 	 0.4882 	 2.9163 	 0.2633
[2025/10/19 09:18:04] - 25 	 29.0 	 	 0.2000 	 4.1157 	 0.2602
[2025/10/19 09:18:04] - ==> Building model..
[2025/10/19 09:18:28] - Test Loss 	 Test Acc 	 PGD Loss 	 PGD Acc
[2025/10/19 09:18:28] - 2.6232 	 	 0.4909 	 2.9099 	 0.2649
[2025/10/19 09:19:22] - 26 	 29.4 	 	 0.2000 	 4.1133 	 0.2623
[2025/10/19 09:19:22] - ==> Building model..
[2025/10/19 09:19:46] - Test Loss 	 Test Acc 	 PGD Loss 	 PGD Acc
[2025/10/19 09:19:46] - 2.6135 	 	 0.4954 	 2.9015 	 0.2658
[2025/10/19 09:20:39] - 27 	 29.2 	 	 0.2000 	 4.1110 	 0.2657
[2025/10/19 09:20:39] - ==> Building model..
[2025/10/19 09:21:02] - Test Loss 	 Test Acc 	 PGD Loss 	 PGD Acc
[2025/10/19 09:21:02] - 2.6068 	 	 0.4980 	 2.8969 	 0.2671
[2025/10/19 09:21:54] - 28 	 28.6 	 	 0.2000 	 4.1107 	 0.2636
[2025/10/19 09:21:54] - ==> Building model..
[2025/10/19 09:22:19] - Test Loss 	 Test Acc 	 PGD Loss 	 PGD Acc
[2025/10/19 09:22:19] - 2.6017 	 	 0.4985 	 2.8917 	 0.2672
[2025/10/19 09:23:12] - 29 	 29.2 	 	 0.2000 	 4.1089 	 0.2658
[2025/10/19 09:23:12] - ==> Building model..
[2025/10/19 09:23:36] - Test Loss 	 Test Acc 	 PGD Loss 	 PGD Acc
[2025/10/19 09:23:36] - 2.5980 	 	 0.5008 	 2.8892 	 0.2677
[2025/10/19 09:24:28] - 30 	 28.7 	 	 0.2000 	 4.1076 	 0.2662
[2025/10/19 09:24:28] - ==> Building model..
[2025/10/19 09:24:52] - Test Loss 	 Test Acc 	 PGD Loss 	 PGD Acc
[2025/10/19 09:24:52] - 2.5940 	 	 0.5018 	 2.8871 	 0.2680
[2025/10/19 09:25:44] - 31 	 29.1 	 	 0.2000 	 4.1050 	 0.2689
[2025/10/19 09:25:44] - ==> Building model..
[2025/10/19 09:26:08] - Test Loss 	 Test Acc 	 PGD Loss 	 PGD Acc
[2025/10/19 09:26:08] - 2.5906 	 	 0.5035 	 2.8845 	 0.2689
[2025/10/19 09:26:59] - 32 	 27.9 	 	 0.2000 	 4.1047 	 0.2694
[2025/10/19 09:26:59] - ==> Building model..
[2025/10/19 09:27:23] - Test Loss 	 Test Acc 	 PGD Loss 	 PGD Acc
[2025/10/19 09:27:23] - 2.5912 	 	 0.5008 	 2.8843 	 0.2686
[2025/10/19 09:28:15] - 33 	 29.3 	 	 0.2000 	 4.1044 	 0.2671
[2025/10/19 09:28:15] - ==> Building model..
[2025/10/19 09:28:38] - Test Loss 	 Test Acc 	 PGD Loss 	 PGD Acc
[2025/10/19 09:28:38] - 2.5864 	 	 0.5021 	 2.8802 	 0.2704
[2025/10/19 09:29:30] - 34 	 28.5 	 	 0.2000 	 4.1029 	 0.2689
[2025/10/19 09:29:30] - ==> Building model..
[2025/10/19 09:29:54] - Test Loss 	 Test Acc 	 PGD Loss 	 PGD Acc
[2025/10/19 09:29:54] - 2.5857 	 	 0.5026 	 2.8808 	 0.2722
[2025/10/19 09:30:48] - 35 	 29.6 	 	 0.2000 	 4.1003 	 0.2709
[2025/10/19 09:30:48] - ==> Building model..
[2025/10/19 09:31:12] - Test Loss 	 Test Acc 	 PGD Loss 	 PGD Acc
[2025/10/19 09:31:12] - 2.5857 	 	 0.5038 	 2.8802 	 0.2719
[2025/10/19 09:32:04] - 36 	 28.9 	 	 0.2000 	 4.1030 	 0.2691
[2025/10/19 09:32:04] - ==> Building model..
[2025/10/19 09:32:29] - Test Loss 	 Test Acc 	 PGD Loss 	 PGD Acc
[2025/10/19 09:32:29] - 2.5864 	 	 0.5023 	 2.8814 	 0.2721
[2025/10/19 09:33:22] - 37 	 29.5 	 	 0.2000 	 4.0979 	 0.2724
[2025/10/19 09:33:22] - ==> Building model..
[2025/10/19 09:33:46] - Test Loss 	 Test Acc 	 PGD Loss 	 PGD Acc
[2025/10/19 09:33:46] - 2.5836 	 	 0.5054 	 2.8788 	 0.2737
[2025/10/19 09:34:39] - 38 	 29.5 	 	 0.2000 	 4.0988 	 0.2709
[2025/10/19 09:34:39] - ==> Building model..
[2025/10/19 09:35:04] - Test Loss 	 Test Acc 	 PGD Loss 	 PGD Acc
[2025/10/19 09:35:04] - 2.5793 	 	 0.5055 	 2.8748 	 0.2737
[2025/10/19 09:35:58] - 39 	 29.7 	 	 0.2000 	 4.0983 	 0.2693
[2025/10/19 09:35:58] - ==> Building model..
[2025/10/19 09:36:21] - Test Loss 	 Test Acc 	 PGD Loss 	 PGD Acc
[2025/10/19 09:36:21] - 2.5753 	 	 0.5049 	 2.8709 	 0.2744
[2025/10/19 09:37:16] - 40 	 29.7 	 	 0.2000 	 4.0978 	 0.2722
[2025/10/19 09:37:16] - ==> Building model..
[2025/10/19 09:37:40] - Test Loss 	 Test Acc 	 PGD Loss 	 PGD Acc
[2025/10/19 09:37:40] - 2.5762 	 	 0.5086 	 2.8728 	 0.2747
[2025/10/19 09:38:35] - 41 	 29.6 	 	 0.2000 	 4.0979 	 0.2690
[2025/10/19 09:38:35] - ==> Building model..
[2025/10/19 09:38:59] - Test Loss 	 Test Acc 	 PGD Loss 	 PGD Acc
[2025/10/19 09:38:59] - 2.5747 	 	 0.5068 	 2.8714 	 0.2751
[2025/10/19 09:39:51] - 42 	 28.6 	 	 0.2000 	 4.0960 	 0.2725
[2025/10/19 09:39:51] - ==> Building model..
[2025/10/19 09:40:16] - Test Loss 	 Test Acc 	 PGD Loss 	 PGD Acc
[2025/10/19 09:40:16] - 2.5705 	 	 0.5081 	 2.8683 	 0.2761
[2025/10/19 09:41:10] - 43 	 29.8 	 	 0.2000 	 4.0958 	 0.2726
[2025/10/19 09:41:10] - ==> Building model..
[2025/10/19 09:41:34] - Test Loss 	 Test Acc 	 PGD Loss 	 PGD Acc
[2025/10/19 09:41:34] - 2.5651 	 	 0.5112 	 2.8638 	 0.2761
[2025/10/19 09:42:25] - 44 	 28.0 	 	 0.2000 	 4.0946 	 0.2730
[2025/10/19 09:42:25] - ==> Building model..
[2025/10/19 09:42:50] - Test Loss 	 Test Acc 	 PGD Loss 	 PGD Acc
[2025/10/19 09:42:50] - 2.5649 	 	 0.5093 	 2.8629 	 0.2763
[2025/10/19 09:43:41] - 45 	 28.5 	 	 0.2000 	 4.0948 	 0.2750
[2025/10/19 09:43:41] - ==> Building model..
[2025/10/19 09:44:04] - Test Loss 	 Test Acc 	 PGD Loss 	 PGD Acc
[2025/10/19 09:44:04] - 2.5643 	 	 0.5092 	 2.8626 	 0.2773
[2025/10/19 09:44:56] - 46 	 29.0 	 	 0.2000 	 4.0935 	 0.2743
[2025/10/19 09:44:56] - ==> Building model..
[2025/10/19 09:45:20] - Test Loss 	 Test Acc 	 PGD Loss 	 PGD Acc
[2025/10/19 09:45:20] - 2.5627 	 	 0.5095 	 2.8618 	 0.2771
[2025/10/19 09:46:11] - 47 	 28.9 	 	 0.2000 	 4.0931 	 0.2761
[2025/10/19 09:46:11] - ==> Building model..
[2025/10/19 09:46:35] - Test Loss 	 Test Acc 	 PGD Loss 	 PGD Acc
[2025/10/19 09:46:35] - 2.5627 	 	 0.5095 	 2.8607 	 0.2769
[2025/10/19 09:47:28] - 48 	 29.4 	 	 0.2000 	 4.0912 	 0.2754
[2025/10/19 09:47:28] - ==> Building model..
[2025/10/19 09:47:53] - Test Loss 	 Test Acc 	 PGD Loss 	 PGD Acc
[2025/10/19 09:47:53] - 2.5608 	 	 0.5120 	 2.8606 	 0.2769
[2025/10/19 09:48:45] - 49 	 29.2 	 	 0.2000 	 4.0923 	 0.2771
[2025/10/19 09:48:45] - ==> Building model..
[2025/10/19 09:49:09] - Test Loss 	 Test Acc 	 PGD Loss 	 PGD Acc
[2025/10/19 09:49:09] - 2.5588 	 	 0.5139 	 2.8592 	 0.2774
[2025/10/19 09:49:59] - 50 	 27.7 	 	 0.2000 	 4.0889 	 0.2758
[2025/10/19 09:49:59] - ==> Building model..
[2025/10/19 09:50:22] - Test Loss 	 Test Acc 	 PGD Loss 	 PGD Acc
[2025/10/19 09:50:22] - 2.5551 	 	 0.5152 	 2.8560 	 0.2775
[2025/10/19 09:51:15] - 51 	 29.6 	 	 0.2000 	 4.0920 	 0.2739
[2025/10/19 09:51:15] - ==> Building model..
[2025/10/19 09:51:39] - Test Loss 	 Test Acc 	 PGD Loss 	 PGD Acc
[2025/10/19 09:51:39] - 2.5549 	 	 0.5157 	 2.8569 	 0.2778
[2025/10/19 09:52:30] - 52 	 28.6 	 	 0.2000 	 4.0943 	 0.2724
[2025/10/19 09:52:30] - ==> Building model..
[2025/10/19 09:52:54] - Test Loss 	 Test Acc 	 PGD Loss 	 PGD Acc
[2025/10/19 09:52:54] - 2.5552 	 	 0.5164 	 2.8573 	 0.2770
[2025/10/19 09:53:46] - 53 	 29.2 	 	 0.2000 	 4.0904 	 0.2762
[2025/10/19 09:53:46] - ==> Building model..
[2025/10/19 09:54:10] - Test Loss 	 Test Acc 	 PGD Loss 	 PGD Acc
[2025/10/19 09:54:10] - 2.5540 	 	 0.5162 	 2.8554 	 0.2778
[2025/10/19 09:54:59] - 54 	 28.3 	 	 0.2000 	 4.0906 	 0.2767
[2025/10/19 09:54:59] - ==> Building model..
[2025/10/19 09:55:24] - Test Loss 	 Test Acc 	 PGD Loss 	 PGD Acc
[2025/10/19 09:55:24] - 2.5533 	 	 0.5177 	 2.8548 	 0.2771
[2025/10/19 09:56:15] - 55 	 28.8 	 	 0.2000 	 4.0919 	 0.2783
[2025/10/19 09:56:15] - ==> Building model..
[2025/10/19 09:56:40] - Test Loss 	 Test Acc 	 PGD Loss 	 PGD Acc
[2025/10/19 09:56:40] - 2.5536 	 	 0.5184 	 2.8553 	 0.2783
[2025/10/19 09:57:31] - 56 	 29.0 	 	 0.2000 	 4.0933 	 0.2760
[2025/10/19 09:57:31] - ==> Building model..
[2025/10/19 09:57:55] - Test Loss 	 Test Acc 	 PGD Loss 	 PGD Acc
[2025/10/19 09:57:55] - 2.5550 	 	 0.5184 	 2.8562 	 0.2800
[2025/10/19 09:58:48] - 57 	 29.4 	 	 0.2000 	 4.0927 	 0.2765
[2025/10/19 09:58:48] - ==> Building model..
[2025/10/19 09:59:12] - Test Loss 	 Test Acc 	 PGD Loss 	 PGD Acc
[2025/10/19 09:59:12] - 2.5585 	 	 0.5185 	 2.8583 	 0.2788
[2025/10/19 10:00:04] - 58 	 29.1 	 	 0.2000 	 4.0928 	 0.2798
[2025/10/19 10:00:04] - ==> Building model..
[2025/10/19 10:00:29] - Test Loss 	 Test Acc 	 PGD Loss 	 PGD Acc
[2025/10/19 10:00:29] - 2.5594 	 	 0.5176 	 2.8579 	 0.2800
[2025/10/19 10:01:18] - 59 	 28.0 	 	 0.2000 	 4.0933 	 0.2793
[2025/10/19 10:01:18] - ==> Building model..
[2025/10/19 10:01:43] - Test Loss 	 Test Acc 	 PGD Loss 	 PGD Acc
[2025/10/19 10:01:43] - 2.5630 	 	 0.5171 	 2.8606 	 0.2798
[2025/10/19 10:02:33] - 60 	 28.0 	 	 0.2000 	 4.0961 	 0.2769
[2025/10/19 10:02:33] - ==> Building model..
[2025/10/19 10:02:58] - Test Loss 	 Test Acc 	 PGD Loss 	 PGD Acc
[2025/10/19 10:02:58] - 2.5690 	 	 0.5168 	 2.8650 	 0.2788
[2025/10/19 10:03:48] - 61 	 28.6 	 	 0.2000 	 4.0960 	 0.2777
[2025/10/19 10:03:48] - ==> Building model..
[2025/10/19 10:04:11] - Test Loss 	 Test Acc 	 PGD Loss 	 PGD Acc
[2025/10/19 10:04:11] - 2.5746 	 	 0.5174 	 2.8694 	 0.2801
[2025/10/19 10:05:02] - 62 	 29.0 	 	 0.2000 	 4.0968 	 0.2758
[2025/10/19 10:05:02] - ==> Building model..
[2025/10/19 10:05:26] - Test Loss 	 Test Acc 	 PGD Loss 	 PGD Acc
[2025/10/19 10:05:26] - 2.5826 	 	 0.5164 	 2.8748 	 0.2803
[2025/10/19 10:06:19] - 63 	 29.4 	 	 0.2000 	 4.0965 	 0.2765
[2025/10/19 10:06:19] - ==> Building model..
[2025/10/19 10:06:44] - Test Loss 	 Test Acc 	 PGD Loss 	 PGD Acc
[2025/10/19 10:06:44] - 2.5872 	 	 0.5157 	 2.8774 	 0.2785
[2025/10/19 10:07:35] - 64 	 28.2 	 	 0.2000 	 4.0952 	 0.2774
[2025/10/19 10:07:35] - ==> Building model..
[2025/10/19 10:07:59] - Test Loss 	 Test Acc 	 PGD Loss 	 PGD Acc
[2025/10/19 10:07:59] - 2.5906 	 	 0.5147 	 2.8807 	 0.2776
[2025/10/19 10:08:51] - 65 	 29.0 	 	 0.2000 	 4.0968 	 0.2760
[2025/10/19 10:08:51] - ==> Building model..
[2025/10/19 10:09:14] - Test Loss 	 Test Acc 	 PGD Loss 	 PGD Acc
[2025/10/19 10:09:14] - 2.5925 	 	 0.5139 	 2.8816 	 0.2778
[2025/10/19 10:10:07] - 66 	 30.1 	 	 0.2000 	 4.0937 	 0.2790
[2025/10/19 10:10:07] - ==> Building model..
[2025/10/19 10:10:32] - Test Loss 	 Test Acc 	 PGD Loss 	 PGD Acc
[2025/10/19 10:10:32] - 2.5915 	 	 0.5143 	 2.8801 	 0.2782
[2025/10/19 10:11:23] - 67 	 28.6 	 	 0.2000 	 4.0950 	 0.2761
[2025/10/19 10:11:23] - ==> Building model..
[2025/10/19 10:11:47] - Test Loss 	 Test Acc 	 PGD Loss 	 PGD Acc
[2025/10/19 10:11:47] - 2.5928 	 	 0.5147 	 2.8816 	 0.2780
[2025/10/19 10:12:34] - 68 	 25.6 	 	 0.2000 	 4.0926 	 0.2776
[2025/10/19 10:12:34] - ==> Building model..
[2025/10/19 10:12:58] - Test Loss 	 Test Acc 	 PGD Loss 	 PGD Acc
[2025/10/19 10:12:58] - 2.5936 	 	 0.5152 	 2.8822 	 0.2783
[2025/10/19 10:13:52] - 69 	 30.4 	 	 0.2000 	 4.0961 	 0.2738
[2025/10/19 10:13:52] - ==> Building model..
[2025/10/19 10:14:16] - Test Loss 	 Test Acc 	 PGD Loss 	 PGD Acc
[2025/10/19 10:14:16] - 2.5970 	 	 0.5141 	 2.8843 	 0.2781
[2025/10/19 10:15:09] - 70 	 29.0 	 	 0.2000 	 4.0934 	 0.2801
[2025/10/19 10:15:09] - ==> Building model..
[2025/10/19 10:15:32] - Test Loss 	 Test Acc 	 PGD Loss 	 PGD Acc
[2025/10/19 10:15:32] - 2.5970 	 	 0.5145 	 2.8840 	 0.2777
[2025/10/19 10:16:24] - 71 	 28.9 	 	 0.2000 	 4.0948 	 0.2774
[2025/10/19 10:16:24] - ==> Building model..
[2025/10/19 10:16:48] - Test Loss 	 Test Acc 	 PGD Loss 	 PGD Acc
[2025/10/19 10:16:48] - 2.5987 	 	 0.5144 	 2.8852 	 0.2779
[2025/10/19 10:17:40] - 72 	 28.7 	 	 0.2000 	 4.0937 	 0.2776
[2025/10/19 10:17:40] - ==> Building model..
[2025/10/19 10:18:04] - Test Loss 	 Test Acc 	 PGD Loss 	 PGD Acc
[2025/10/19 10:18:04] - 2.5996 	 	 0.5152 	 2.8858 	 0.2791
[2025/10/19 10:18:56] - 73 	 28.6 	 	 0.2000 	 4.0933 	 0.2786
[2025/10/19 10:18:56] - ==> Building model..
[2025/10/19 10:19:20] - Test Loss 	 Test Acc 	 PGD Loss 	 PGD Acc
[2025/10/19 10:19:20] - 2.6024 	 	 0.5157 	 2.8874 	 0.2796
[2025/10/19 10:20:12] - 74 	 28.7 	 	 0.2000 	 4.0933 	 0.2791
[2025/10/19 10:20:12] - ==> Building model..
[2025/10/19 10:20:37] - Test Loss 	 Test Acc 	 PGD Loss 	 PGD Acc
[2025/10/19 10:20:37] - 2.6048 	 	 0.5148 	 2.8896 	 0.2794
[2025/10/19 10:21:30] - 75 	 29.4 	 	 0.2000 	 4.0918 	 0.2771
[2025/10/19 10:21:30] - ==> Building model..
[2025/10/19 10:21:54] - Test Loss 	 Test Acc 	 PGD Loss 	 PGD Acc
[2025/10/19 10:21:54] - 2.6048 	 	 0.5149 	 2.8899 	 0.2791
[2025/10/19 10:22:44] - 76 	 28.3 	 	 0.2000 	 4.0934 	 0.2793
[2025/10/19 10:22:44] - ==> Building model..
[2025/10/19 10:23:08] - Test Loss 	 Test Acc 	 PGD Loss 	 PGD Acc
[2025/10/19 10:23:08] - 2.6049 	 	 0.5141 	 2.8906 	 0.2805
[2025/10/19 10:23:59] - 77 	 28.5 	 	 0.2000 	 4.0928 	 0.2790
[2025/10/19 10:23:59] - ==> Building model..
[2025/10/19 10:24:23] - Test Loss 	 Test Acc 	 PGD Loss 	 PGD Acc
[2025/10/19 10:24:23] - 2.6040 	 	 0.5164 	 2.8900 	 0.2801
[2025/10/19 10:25:12] - 78 	 27.5 	 	 0.2000 	 4.0906 	 0.2787
[2025/10/19 10:25:12] - ==> Building model..
[2025/10/19 10:25:36] - Test Loss 	 Test Acc 	 PGD Loss 	 PGD Acc
[2025/10/19 10:25:36] - 2.6042 	 	 0.5168 	 2.8906 	 0.2801
[2025/10/19 10:26:27] - 79 	 28.3 	 	 0.2000 	 4.0917 	 0.2790
[2025/10/19 10:26:27] - ==> Building model..
[2025/10/19 10:26:51] - Test Loss 	 Test Acc 	 PGD Loss 	 PGD Acc
[2025/10/19 10:26:51] - 2.6034 	 	 0.5167 	 2.8897 	 0.2821
[2025/10/19 10:27:42] - 80 	 28.2 	 	 0.2000 	 4.0930 	 0.2790
[2025/10/19 10:27:42] - ==> Building model..
[2025/10/19 10:28:06] - Test Loss 	 Test Acc 	 PGD Loss 	 PGD Acc
[2025/10/19 10:28:06] - 2.6043 	 	 0.5180 	 2.8916 	 0.2819
[2025/10/19 10:28:58] - 81 	 29.2 	 	 0.2000 	 4.0951 	 0.2802
[2025/10/19 10:28:58] - ==> Building model..
[2025/10/19 10:29:22] - Test Loss 	 Test Acc 	 PGD Loss 	 PGD Acc
[2025/10/19 10:29:22] - 2.6050 	 	 0.5174 	 2.8910 	 0.2814
[2025/10/19 10:30:14] - 82 	 28.8 	 	 0.2000 	 4.0922 	 0.2804
[2025/10/19 10:30:14] - ==> Building model..
[2025/10/19 10:30:38] - Test Loss 	 Test Acc 	 PGD Loss 	 PGD Acc
[2025/10/19 10:30:38] - 2.6048 	 	 0.5179 	 2.8911 	 0.2818
[2025/10/19 10:31:29] - 83 	 28.7 	 	 0.2000 	 4.0939 	 0.2776
[2025/10/19 10:31:29] - ==> Building model..
[2025/10/19 10:31:54] - Test Loss 	 Test Acc 	 PGD Loss 	 PGD Acc
[2025/10/19 10:31:54] - 2.6065 	 	 0.5172 	 2.8920 	 0.2811
[2025/10/19 10:32:45] - 84 	 29.7 	 	 0.2000 	 4.0937 	 0.2793
[2025/10/19 10:32:45] - ==> Building model..
[2025/10/19 10:33:11] - Test Loss 	 Test Acc 	 PGD Loss 	 PGD Acc
[2025/10/19 10:33:11] - 2.6091 	 	 0.5167 	 2.8944 	 0.2824
[2025/10/19 10:34:03] - 85 	 29.0 	 	 0.2000 	 4.0922 	 0.2775
[2025/10/19 10:34:03] - ==> Building model..
[2025/10/19 10:34:28] - Test Loss 	 Test Acc 	 PGD Loss 	 PGD Acc
[2025/10/19 10:34:28] - 2.6102 	 	 0.5176 	 2.8950 	 0.2815
[2025/10/19 10:35:20] - 86 	 29.1 	 	 0.2000 	 4.0909 	 0.2804
[2025/10/19 10:35:20] - ==> Building model..
[2025/10/19 10:35:44] - Test Loss 	 Test Acc 	 PGD Loss 	 PGD Acc
[2025/10/19 10:35:44] - 2.6121 	 	 0.5181 	 2.8966 	 0.2819
[2025/10/19 10:36:36] - 87 	 29.7 	 	 0.2000 	 4.0920 	 0.2773
[2025/10/19 10:36:36] - ==> Building model..
[2025/10/19 10:37:00] - Test Loss 	 Test Acc 	 PGD Loss 	 PGD Acc
[2025/10/19 10:37:00] - 2.6117 	 	 0.5178 	 2.8960 	 0.2817
[2025/10/19 10:37:52] - 88 	 29.3 	 	 0.2000 	 4.0930 	 0.2781
[2025/10/19 10:37:52] - ==> Building model..
[2025/10/19 10:38:16] - Test Loss 	 Test Acc 	 PGD Loss 	 PGD Acc
[2025/10/19 10:38:16] - 2.6127 	 	 0.5172 	 2.8970 	 0.2822
[2025/10/19 10:39:08] - 89 	 28.9 	 	 0.2000 	 4.0922 	 0.2767
[2025/10/19 10:39:08] - ==> Building model..
[2025/10/19 10:39:33] - Test Loss 	 Test Acc 	 PGD Loss 	 PGD Acc
[2025/10/19 10:39:33] - 2.6128 	 	 0.5166 	 2.8964 	 0.2830
[2025/10/19 10:40:25] - 90 	 29.4 	 	 0.2000 	 4.0925 	 0.2776
[2025/10/19 10:40:25] - ==> Building model..
[2025/10/19 10:40:48] - Test Loss 	 Test Acc 	 PGD Loss 	 PGD Acc
[2025/10/19 10:40:48] - 2.6120 	 	 0.5160 	 2.8958 	 0.2829
[2025/10/19 10:41:39] - 91 	 28.7 	 	 0.2000 	 4.0921 	 0.2805
[2025/10/19 10:41:39] - ==> Building model..
[2025/10/19 10:42:04] - Test Loss 	 Test Acc 	 PGD Loss 	 PGD Acc
[2025/10/19 10:42:04] - 2.6124 	 	 0.5160 	 2.8958 	 0.2827
[2025/10/19 10:42:55] - 92 	 29.1 	 	 0.2000 	 4.0928 	 0.2794
[2025/10/19 10:42:55] - ==> Building model..
[2025/10/19 10:43:20] - Test Loss 	 Test Acc 	 PGD Loss 	 PGD Acc
[2025/10/19 10:43:20] - 2.6125 	 	 0.5162 	 2.8954 	 0.2833
[2025/10/19 10:44:11] - 93 	 28.7 	 	 0.2000 	 4.0939 	 0.2783
[2025/10/19 10:44:11] - ==> Building model..
[2025/10/19 10:44:35] - Test Loss 	 Test Acc 	 PGD Loss 	 PGD Acc
[2025/10/19 10:44:35] - 2.6124 	 	 0.5164 	 2.8956 	 0.2837
[2025/10/19 10:45:27] - 94 	 28.1 	 	 0.0200 	 3.9994 	 0.3397
[2025/10/19 10:45:27] - ==> Building model..
[2025/10/19 10:45:51] - Test Loss 	 Test Acc 	 PGD Loss 	 PGD Acc
[2025/10/19 10:45:51] - 2.6108 	 	 0.5163 	 2.8942 	 0.2833
[2025/10/19 10:46:42] - 95 	 28.2 	 	 0.0200 	 3.9067 	 0.4025
[2025/10/19 10:46:42] - ==> Building model..
[2025/10/19 10:47:06] - Test Loss 	 Test Acc 	 PGD Loss 	 PGD Acc
[2025/10/19 10:47:06] - 2.6099 	 	 0.5166 	 2.8935 	 0.2833
[2025/10/19 10:47:57] - 96 	 28.1 	 	 0.0200 	 3.8806 	 0.4185
[2025/10/19 10:47:57] - ==> Building model..
[2025/10/19 10:48:22] - Test Loss 	 Test Acc 	 PGD Loss 	 PGD Acc
[2025/10/19 10:48:22] - 2.6098 	 	 0.5171 	 2.8936 	 0.2827
[2025/10/19 10:49:12] - 97 	 28.1 	 	 0.0200 	 3.8638 	 0.4304
[2025/10/19 10:49:12] - ==> Building model..
[2025/10/19 10:49:37] - Test Loss 	 Test Acc 	 PGD Loss 	 PGD Acc
[2025/10/19 10:49:37] - 2.6102 	 	 0.5173 	 2.8945 	 0.2833
[2025/10/19 10:50:27] - 98 	 27.9 	 	 0.0200 	 3.8499 	 0.4419
[2025/10/19 10:50:27] - ==> Building model..
[2025/10/19 10:50:51] - Test Loss 	 Test Acc 	 PGD Loss 	 PGD Acc
[2025/10/19 10:50:51] - 2.6120 	 	 0.5179 	 2.8953 	 0.2830
[2025/10/19 10:51:42] - 99 	 28.2 	 	 0.0020 	 3.8177 	 0.4650
[2025/10/19 10:51:42] - ==> Building model..
[2025/10/19 10:52:06] - Test Loss 	 Test Acc 	 PGD Loss 	 PGD Acc
[2025/10/19 10:52:06] - 2.6147 	 	 0.5176 	 2.8979 	 0.2834
[2025/10/19 10:52:58] - 100 	 28.7 	 	 0.0020 	 3.7890 	 0.4891
[2025/10/19 10:52:58] - ==> Building model..
[2025/10/19 10:53:23] - Test Loss 	 Test Acc 	 PGD Loss 	 PGD Acc
[2025/10/19 10:53:23] - 2.6147 	 	 0.5176 	 2.8980 	 0.2835
[2025/10/19 10:54:13] - 101 	 28.2 	 	 0.0020 	 3.7832 	 0.4931
[2025/10/19 10:54:13] - ==> Building model..
[2025/10/19 10:54:37] - Test Loss 	 Test Acc 	 PGD Loss 	 PGD Acc
[2025/10/19 10:54:37] - 2.6147 	 	 0.5176 	 2.8981 	 0.2835
[2025/10/19 10:55:26] - 102 	 26.9 	 	 0.0020 	 3.7767 	 0.4977
[2025/10/19 10:55:26] - ==> Building model..
[2025/10/19 10:55:50] - Test Loss 	 Test Acc 	 PGD Loss 	 PGD Acc
[2025/10/19 10:55:50] - 2.6147 	 	 0.5176 	 2.8982 	 0.2832
[2025/10/19 10:56:43] - 103 	 28.4 	 	 0.0020 	 3.7735 	 0.4994
[2025/10/19 10:56:43] - ==> Building model..
[2025/10/19 10:57:08] - Test Loss 	 Test Acc 	 PGD Loss 	 PGD Acc
[2025/10/19 10:57:08] - 2.6152 	 	 0.5174 	 2.8986 	 0.2832
[2025/10/19 10:58:00] - 104 	 29.0 	 	 0.0020 	 3.7686 	 0.5015
[2025/10/19 10:58:00] - ==> Building model..
[2025/10/19 10:58:25] - Test Loss 	 Test Acc 	 PGD Loss 	 PGD Acc
[2025/10/19 10:58:25] - 2.6152 	 	 0.5174 	 2.8983 	 0.2829
[2025/10/19 10:59:16] - 105 	 28.3 	 	 0.0020 	 3.7646 	 0.5075
[2025/10/19 10:59:16] - ==> Building model..
[2025/10/19 10:59:41] - Test Loss 	 Test Acc 	 PGD Loss 	 PGD Acc
[2025/10/19 10:59:41] - 2.6152 	 	 0.5174 	 2.8981 	 0.2832
[2025/10/19 11:00:28] - 106 	 26.0 	 	 0.0020 	 3.7608 	 0.5117
[2025/10/19 11:00:28] - ==> Building model..
[2025/10/19 11:00:52] - Test Loss 	 Test Acc 	 PGD Loss 	 PGD Acc
[2025/10/19 11:00:52] - 2.6152 	 	 0.5174 	 2.8986 	 0.2831
[2025/10/19 11:01:45] - 107 	 28.9 	 	 0.0020 	 3.7558 	 0.5144
[2025/10/19 11:01:45] - ==> Building model..
[2025/10/19 11:02:08] - Test Loss 	 Test Acc 	 PGD Loss 	 PGD Acc
[2025/10/19 11:02:08] - 2.6152 	 	 0.5174 	 2.8983 	 0.2840
[2025/10/19 11:02:59] - 108 	 27.5 	 	 0.0020 	 3.7524 	 0.5178
[2025/10/19 11:02:59] - ==> Building model..
[2025/10/19 11:03:23] - Test Loss 	 Test Acc 	 PGD Loss 	 PGD Acc
[2025/10/19 11:03:23] - 2.6152 	 	 0.5174 	 2.8984 	 0.2837
[2025/10/19 11:04:14] - 109 	 27.7 	 	 0.0020 	 3.7484 	 0.5210
[2025/10/19 11:04:14] - ==> Building model..
[2025/10/19 11:04:38] - Test Loss 	 Test Acc 	 PGD Loss 	 PGD Acc
[2025/10/19 11:04:38] - 2.6152 	 	 0.5174 	 2.8987 	 0.2833
[2025/10/19 11:04:38] - [0.0762, 0.1383, 0.1711, 0.2139, 0.2519, 0.3102, 0.3487, 0.381, 0.4012, 0.419, 0.4313, 0.4382, 0.4454, 0.453, 0.4626, 0.4664, 0.4698, 0.4731, 0.4752, 0.4802, 0.4817, 0.4826, 0.4832, 0.4891, 0.4882, 0.4909, 0.4954, 0.498, 0.4985, 0.5008, 0.5018, 0.5035, 0.5008, 0.5021, 0.5026, 0.5038, 0.5023, 0.5054, 0.5055, 0.5049, 0.5086, 0.5068, 0.5081, 0.5112, 0.5093, 0.5092, 0.5095, 0.5095, 0.512, 0.5139, 0.5152, 0.5157, 0.5164, 0.5162, 0.5177, 0.5184, 0.5184, 0.5185, 0.5176, 0.5171, 0.5168, 0.5174, 0.5164, 0.5157, 0.5147, 0.5139, 0.5143, 0.5147, 0.5152, 0.5141, 0.5145, 0.5144, 0.5152, 0.5157, 0.5148, 0.5149, 0.5141, 0.5164, 0.5168, 0.5167, 0.518, 0.5174, 0.5179, 0.5172, 0.5167, 0.5176, 0.5181, 0.5178, 0.5172, 0.5166, 0.516, 0.516, 0.5162, 0.5164, 0.5163, 0.5166, 0.5171, 0.5173, 0.5179, 0.5176, 0.5176, 0.5176, 0.5176, 0.5174, 0.5174, 0.5174, 0.5174, 0.5174, 0.5174, 0.5174]
[2025/10/19 11:04:38] - [0.0501, 0.0918, 0.1075, 0.1268, 0.1482, 0.1774, 0.193, 0.2074, 0.2177, 0.2241, 0.2307, 0.2353, 0.24, 0.242, 0.2462, 0.2498, 0.2511, 0.2536, 0.255, 0.2554, 0.2595, 0.2595, 0.2607, 0.2624, 0.2633, 0.2649, 0.2658, 0.2671, 0.2672, 0.2677, 0.268, 0.2689, 0.2686, 0.2704, 0.2722, 0.2719, 0.2721, 0.2737, 0.2737, 0.2744, 0.2747, 0.2751, 0.2761, 0.2761, 0.2763, 0.2773, 0.2771, 0.2769, 0.2769, 0.2774, 0.2775, 0.2778, 0.277, 0.2778, 0.2771, 0.2783, 0.28, 0.2788, 0.28, 0.2798, 0.2788, 0.2801, 0.2803, 0.2785, 0.2776, 0.2778, 0.2782, 0.278, 0.2783, 0.2781, 0.2777, 0.2779, 0.2791, 0.2796, 0.2794, 0.2791, 0.2805, 0.2801, 0.2801, 0.2821, 0.2819, 0.2814, 0.2818, 0.2811, 0.2824, 0.2815, 0.2819, 0.2817, 0.2822, 0.283, 0.2829, 0.2827, 0.2833, 0.2837, 0.2833, 0.2833, 0.2827, 0.2833, 0.283, 0.2834, 0.2835, 0.2835, 0.2832, 0.2832, 0.2829, 0.2832, 0.2831, 0.284, 0.2837, 0.2833]
