[2025/10/01 13:16:54] - Namespace(batch_size=128, data_dir='./tiny-imagenet-200', epochs=110, lr_schedule='multistep', lr_min=0.0, lr_max=0.1, weight_decay=0.0005, momentum=0.9, model='PreActResNest18', epsilon=8, alpha=8, delta_init='random', normal_mean=0, normal_std=1, out_dir='./output/Tiny_ImageNet/lam_start_40_beta_0.2/lam_scale_0.10', seed=0, lamda=38, lam_scale=0.1, lam_start=40, gamma=0.025, inner_gamma=0.025, beta=0.1, mu=3.5, batch_m=0.75, early_stop=False, factor=0.3, length=6, n_holes=1, c_num=0.125, EMA_value=0.55)
[2025/10/01 13:18:10] - ==> Building model..
[2025/10/01 13:18:10] - Epoch 	 Seconds 	 LR 	 	 Train Loss 	 Train Acc
[2025/10/01 13:23:14] - 0 	 297.4 	 	 0.1000 	 5.2977 	 0.0262
[2025/10/01 13:23:14] - ==> Building model..
[2025/10/01 13:25:03] - Test Loss 	 Test Acc 	 PGD Loss 	 PGD Acc
[2025/10/01 13:25:03] - 4.9969 	 	 0.0726 	 5.0082 	 0.0415
[2025/10/01 13:30:05] - 1 	 295.1 	 	 0.1000 	 5.2328 	 0.0668
[2025/10/01 13:30:05] - ==> Building model..
[2025/10/01 13:31:53] - Test Loss 	 Test Acc 	 PGD Loss 	 PGD Acc
[2025/10/01 13:31:53] - 4.7863 	 	 0.1355 	 4.8177 	 0.0703
[2025/10/01 13:36:56] - 2 	 294.7 	 	 0.1000 	 5.2009 	 0.0975
[2025/10/01 13:36:56] - ==> Building model..
[2025/10/01 13:38:45] - Test Loss 	 Test Acc 	 PGD Loss 	 PGD Acc
[2025/10/01 13:38:45] - 4.6271 	 	 0.1794 	 4.6810 	 0.0930
[2025/10/01 13:43:47] - 3 	 294.8 	 	 0.1000 	 5.1741 	 0.1224
[2025/10/01 13:43:47] - ==> Building model..
[2025/10/01 13:45:36] - Test Loss 	 Test Acc 	 PGD Loss 	 PGD Acc
[2025/10/01 13:45:36] - 4.5210 	 	 0.2052 	 4.5928 	 0.1083
[2025/10/01 13:50:39] - 4 	 295.1 	 	 0.1000 	 5.1496 	 0.1432
[2025/10/01 13:50:39] - ==> Building model..
[2025/10/01 13:52:29] - Test Loss 	 Test Acc 	 PGD Loss 	 PGD Acc
[2025/10/01 13:52:29] - 4.4644 	 	 0.2292 	 4.5497 	 0.1161
[2025/10/01 13:57:32] - 5 	 296.4 	 	 0.1000 	 5.1293 	 0.1630
[2025/10/01 13:57:32] - ==> Building model..
[2025/10/01 13:59:22] - Test Loss 	 Test Acc 	 PGD Loss 	 PGD Acc
[2025/10/01 13:59:22] - 4.4634 	 	 0.2369 	 4.5525 	 0.1202
[2025/10/01 14:04:26] - 6 	 295.7 	 	 0.1000 	 5.1151 	 0.1768
[2025/10/01 14:04:26] - ==> Building model..
[2025/10/01 14:06:17] - Test Loss 	 Test Acc 	 PGD Loss 	 PGD Acc
[2025/10/01 14:06:17] - 4.3801 	 	 0.2595 	 4.4857 	 0.1301
[2025/10/01 14:11:19] - 7 	 293.8 	 	 0.1000 	 5.1029 	 0.1886
[2025/10/01 14:11:19] - ==> Building model..
[2025/10/01 14:13:10] - Test Loss 	 Test Acc 	 PGD Loss 	 PGD Acc
[2025/10/01 14:13:10] - 4.2154 	 	 0.2940 	 4.3540 	 0.1472
[2025/10/01 14:18:12] - 8 	 294.9 	 	 0.1000 	 5.0919 	 0.2002
[2025/10/01 14:18:12] - ==> Building model..
[2025/10/01 14:20:03] - Test Loss 	 Test Acc 	 PGD Loss 	 PGD Acc
[2025/10/01 14:20:03] - 4.0440 	 	 0.3287 	 4.2203 	 0.1632
[2025/10/01 14:25:06] - 9 	 295.0 	 	 0.1000 	 5.0830 	 0.2086
[2025/10/01 14:25:06] - ==> Building model..
[2025/10/01 14:26:58] - Test Loss 	 Test Acc 	 PGD Loss 	 PGD Acc
[2025/10/01 14:26:58] - 3.9269 	 	 0.3484 	 4.1292 	 0.1754
[2025/10/01 14:32:01] - 10 	 294.6 	 	 0.1000 	 5.0752 	 0.2168
[2025/10/01 14:32:01] - ==> Building model..
[2025/10/01 14:33:52] - Test Loss 	 Test Acc 	 PGD Loss 	 PGD Acc
[2025/10/01 14:33:52] - 3.8530 	 	 0.3638 	 4.0743 	 0.1824
[2025/10/01 14:38:55] - 11 	 295.0 	 	 0.1000 	 5.0678 	 0.2238
[2025/10/01 14:38:55] - ==> Building model..
[2025/10/01 14:40:44] - Test Loss 	 Test Acc 	 PGD Loss 	 PGD Acc
[2025/10/01 14:40:44] - 3.8001 	 	 0.3766 	 4.0349 	 0.1871
[2025/10/01 14:45:47] - 12 	 298.4 	 	 0.1000 	 5.0619 	 0.2297
[2025/10/01 14:45:47] - ==> Building model..
[2025/10/01 14:47:36] - Test Loss 	 Test Acc 	 PGD Loss 	 PGD Acc
[2025/10/01 14:47:36] - 3.7624 	 	 0.3832 	 4.0074 	 0.1923
[2025/10/01 14:52:38] - 13 	 297.4 	 	 0.1000 	 5.0554 	 0.2369
[2025/10/01 14:52:38] - ==> Building model..
[2025/10/01 14:54:27] - Test Loss 	 Test Acc 	 PGD Loss 	 PGD Acc
[2025/10/01 14:54:27] - 3.7297 	 	 0.3899 	 3.9834 	 0.1950
[2025/10/01 14:59:31] - 14 	 298.6 	 	 0.1000 	 5.0505 	 0.2417
[2025/10/01 14:59:31] - ==> Building model..
[2025/10/01 15:01:20] - Test Loss 	 Test Acc 	 PGD Loss 	 PGD Acc
[2025/10/01 15:01:20] - 3.6989 	 	 0.3967 	 3.9610 	 0.1968
[2025/10/01 15:06:26] - 15 	 300.3 	 	 0.1000 	 5.0461 	 0.2473
[2025/10/01 15:06:26] - ==> Building model..
[2025/10/01 15:08:14] - Test Loss 	 Test Acc 	 PGD Loss 	 PGD Acc
[2025/10/01 15:08:14] - 3.6721 	 	 0.4031 	 3.9424 	 0.2010
[2025/10/01 15:13:17] - 16 	 297.8 	 	 0.1000 	 5.0419 	 0.2506
[2025/10/01 15:13:17] - ==> Building model..
[2025/10/01 15:15:06] - Test Loss 	 Test Acc 	 PGD Loss 	 PGD Acc
[2025/10/01 15:15:06] - 3.6505 	 	 0.4086 	 3.9279 	 0.2027
[2025/10/01 15:17:34] - 17 	 142.5 	 	 0.1000 	 5.0373 	 0.2557
[2025/10/01 15:17:34] - ==> Building model..
[2025/10/01 15:18:27] - Test Loss 	 Test Acc 	 PGD Loss 	 PGD Acc
[2025/10/01 15:18:27] - 3.6311 	 	 0.4135 	 3.9145 	 0.2033
[2025/10/01 15:20:51] - 18 	 138.9 	 	 0.1000 	 5.0342 	 0.2590
[2025/10/01 15:20:51] - ==> Building model..
[2025/10/01 15:21:44] - Test Loss 	 Test Acc 	 PGD Loss 	 PGD Acc
[2025/10/01 15:21:44] - 3.6135 	 	 0.4166 	 3.9017 	 0.2054
[2025/10/01 15:24:07] - 19 	 138.5 	 	 0.1000 	 5.0311 	 0.2637
[2025/10/01 15:24:07] - ==> Building model..
[2025/10/01 15:25:00] - Test Loss 	 Test Acc 	 PGD Loss 	 PGD Acc
[2025/10/01 15:25:00] - 3.5993 	 	 0.4189 	 3.8922 	 0.2081
[2025/10/01 15:27:23] - 20 	 138.1 	 	 0.1000 	 5.0283 	 0.2657
[2025/10/01 15:27:23] - ==> Building model..
[2025/10/01 15:28:16] - Test Loss 	 Test Acc 	 PGD Loss 	 PGD Acc
[2025/10/01 15:28:16] - 3.5847 	 	 0.4216 	 3.8822 	 0.2100
[2025/10/01 15:30:39] - 21 	 138.2 	 	 0.1000 	 5.0261 	 0.2660
[2025/10/01 15:30:39] - ==> Building model..
[2025/10/01 15:31:32] - Test Loss 	 Test Acc 	 PGD Loss 	 PGD Acc
[2025/10/01 15:31:32] - 3.5689 	 	 0.4248 	 3.8710 	 0.2120
[2025/10/01 15:33:55] - 22 	 138.4 	 	 0.1000 	 5.0229 	 0.2702
[2025/10/01 15:33:55] - ==> Building model..
[2025/10/01 15:34:48] - Test Loss 	 Test Acc 	 PGD Loss 	 PGD Acc
[2025/10/01 15:34:48] - 3.5533 	 	 0.4268 	 3.8603 	 0.2130
[2025/10/01 15:37:12] - 23 	 138.8 	 	 0.1000 	 5.0211 	 0.2729
[2025/10/01 15:37:12] - ==> Building model..
[2025/10/01 15:38:05] - Test Loss 	 Test Acc 	 PGD Loss 	 PGD Acc
[2025/10/01 15:38:05] - 3.5378 	 	 0.4297 	 3.8498 	 0.2149
[2025/10/01 15:40:30] - 24 	 139.8 	 	 0.1000 	 5.0190 	 0.2743
[2025/10/01 15:40:30] - ==> Building model..
[2025/10/01 15:41:24] - Test Loss 	 Test Acc 	 PGD Loss 	 PGD Acc
[2025/10/01 15:41:24] - 3.5256 	 	 0.4314 	 3.8410 	 0.2161
[2025/10/01 15:43:50] - 25 	 140.5 	 	 0.1000 	 5.0174 	 0.2763
[2025/10/01 15:43:50] - ==> Building model..
[2025/10/01 15:44:45] - Test Loss 	 Test Acc 	 PGD Loss 	 PGD Acc
[2025/10/01 15:44:45] - 3.5131 	 	 0.4330 	 3.8322 	 0.2176
[2025/10/01 15:47:16] - 26 	 143.0 	 	 0.1000 	 5.0150 	 0.2784
[2025/10/01 15:47:16] - ==> Building model..
[2025/10/01 15:48:10] - Test Loss 	 Test Acc 	 PGD Loss 	 PGD Acc
[2025/10/01 15:48:10] - 3.5013 	 	 0.4362 	 3.8247 	 0.2179
[2025/10/01 15:50:35] - 27 	 139.5 	 	 0.1000 	 5.0137 	 0.2792
[2025/10/01 15:50:35] - ==> Building model..
[2025/10/01 15:51:28] - Test Loss 	 Test Acc 	 PGD Loss 	 PGD Acc
[2025/10/01 15:51:28] - 3.4914 	 	 0.4374 	 3.8178 	 0.2203
[2025/10/01 15:53:53] - 28 	 139.4 	 	 0.1000 	 5.0110 	 0.2832
[2025/10/01 15:53:53] - ==> Building model..
[2025/10/01 15:54:47] - Test Loss 	 Test Acc 	 PGD Loss 	 PGD Acc
[2025/10/01 15:54:47] - 3.4825 	 	 0.4392 	 3.8118 	 0.2202
[2025/10/01 15:57:12] - 29 	 139.1 	 	 0.1000 	 5.0100 	 0.2826
[2025/10/01 15:57:12] - ==> Building model..
[2025/10/01 15:58:06] - Test Loss 	 Test Acc 	 PGD Loss 	 PGD Acc
[2025/10/01 15:58:06] - 3.4751 	 	 0.4407 	 3.8069 	 0.2217
[2025/10/01 16:00:30] - 30 	 139.0 	 	 0.1000 	 5.0091 	 0.2850
[2025/10/01 16:00:30] - ==> Building model..
[2025/10/01 16:01:24] - Test Loss 	 Test Acc 	 PGD Loss 	 PGD Acc
[2025/10/01 16:01:24] - 3.4685 	 	 0.4431 	 3.8030 	 0.2217
[2025/10/01 16:03:49] - 31 	 139.3 	 	 0.1000 	 5.0075 	 0.2870
[2025/10/01 16:03:49] - ==> Building model..
[2025/10/01 16:04:43] - Test Loss 	 Test Acc 	 PGD Loss 	 PGD Acc
[2025/10/01 16:04:43] - 3.4621 	 	 0.4447 	 3.7992 	 0.2225
[2025/10/01 16:07:08] - 32 	 139.6 	 	 0.1000 	 5.0064 	 0.2861
[2025/10/01 16:07:08] - ==> Building model..
[2025/10/01 16:08:02] - Test Loss 	 Test Acc 	 PGD Loss 	 PGD Acc
[2025/10/01 16:08:02] - 3.4551 	 	 0.4479 	 3.7941 	 0.2227
[2025/10/01 16:10:27] - 33 	 138.9 	 	 0.1000 	 5.0048 	 0.2889
[2025/10/01 16:10:27] - ==> Building model..
[2025/10/01 16:11:20] - Test Loss 	 Test Acc 	 PGD Loss 	 PGD Acc
[2025/10/01 16:11:20] - 3.4480 	 	 0.4497 	 3.7900 	 0.2225
[2025/10/01 16:13:45] - 34 	 139.4 	 	 0.1000 	 5.0032 	 0.2895
[2025/10/01 16:13:45] - ==> Building model..
[2025/10/01 16:14:40] - Test Loss 	 Test Acc 	 PGD Loss 	 PGD Acc
[2025/10/01 16:14:40] - 3.4428 	 	 0.4504 	 3.7868 	 0.2234
[2025/10/01 16:17:05] - 35 	 139.6 	 	 0.1000 	 5.0024 	 0.2911
[2025/10/01 16:17:05] - ==> Building model..
[2025/10/01 16:17:59] - Test Loss 	 Test Acc 	 PGD Loss 	 PGD Acc
[2025/10/01 16:17:59] - 3.4363 	 	 0.4521 	 3.7828 	 0.2243
[2025/10/01 16:20:23] - 36 	 138.9 	 	 0.1000 	 5.0017 	 0.2920
[2025/10/01 16:20:23] - ==> Building model..
[2025/10/01 16:21:17] - Test Loss 	 Test Acc 	 PGD Loss 	 PGD Acc
[2025/10/01 16:21:17] - 3.4320 	 	 0.4534 	 3.7795 	 0.2243
[2025/10/01 16:23:42] - 37 	 139.1 	 	 0.1000 	 5.0003 	 0.2928
[2025/10/01 16:23:42] - ==> Building model..
[2025/10/01 16:24:36] - Test Loss 	 Test Acc 	 PGD Loss 	 PGD Acc
[2025/10/01 16:24:36] - 3.4288 	 	 0.4550 	 3.7783 	 0.2248
[2025/10/01 16:27:01] - 38 	 139.3 	 	 0.1000 	 5.0002 	 0.2944
[2025/10/01 16:27:01] - ==> Building model..
[2025/10/01 16:27:55] - Test Loss 	 Test Acc 	 PGD Loss 	 PGD Acc
[2025/10/01 16:27:55] - 3.4246 	 	 0.4546 	 3.7758 	 0.2256
[2025/10/01 16:30:20] - 39 	 139.2 	 	 0.1000 	 4.9982 	 0.2961
[2025/10/01 16:30:20] - ==> Building model..
[2025/10/01 16:31:14] - Test Loss 	 Test Acc 	 PGD Loss 	 PGD Acc
[2025/10/01 16:31:14] - 3.4214 	 	 0.4556 	 3.7742 	 0.2262
[2025/10/01 16:33:39] - 40 	 139.0 	 	 0.1000 	 4.9979 	 0.2959
[2025/10/01 16:33:39] - ==> Building model..
[2025/10/01 16:34:33] - Test Loss 	 Test Acc 	 PGD Loss 	 PGD Acc
[2025/10/01 16:34:33] - 3.4164 	 	 0.4574 	 3.7714 	 0.2271
[2025/10/01 16:36:57] - 41 	 139.2 	 	 0.1000 	 4.9966 	 0.2967
[2025/10/01 16:36:57] - ==> Building model..
[2025/10/01 16:37:52] - Test Loss 	 Test Acc 	 PGD Loss 	 PGD Acc
[2025/10/01 16:37:52] - 3.4148 	 	 0.4576 	 3.7710 	 0.2270
[2025/10/01 16:40:16] - 42 	 139.2 	 	 0.1000 	 4.9967 	 0.2990
[2025/10/01 16:40:16] - ==> Building model..
[2025/10/01 16:41:10] - Test Loss 	 Test Acc 	 PGD Loss 	 PGD Acc
[2025/10/01 16:41:10] - 3.4128 	 	 0.4581 	 3.7698 	 0.2265
[2025/10/01 16:43:34] - 43 	 138.8 	 	 0.1000 	 4.9958 	 0.2999
[2025/10/01 16:43:34] - ==> Building model..
[2025/10/01 16:44:28] - Test Loss 	 Test Acc 	 PGD Loss 	 PGD Acc
[2025/10/01 16:44:28] - 3.4133 	 	 0.4587 	 3.7709 	 0.2287
[2025/10/01 16:46:52] - 44 	 138.7 	 	 0.1000 	 4.9956 	 0.2988
[2025/10/01 16:46:53] - ==> Building model..
[2025/10/01 16:47:47] - Test Loss 	 Test Acc 	 PGD Loss 	 PGD Acc
[2025/10/01 16:47:47] - 3.4127 	 	 0.4595 	 3.7711 	 0.2283
[2025/10/01 16:50:11] - 45 	 139.0 	 	 0.1000 	 4.9953 	 0.3015
[2025/10/01 16:50:11] - ==> Building model..
[2025/10/01 16:51:05] - Test Loss 	 Test Acc 	 PGD Loss 	 PGD Acc
[2025/10/01 16:51:05] - 3.4133 	 	 0.4603 	 3.7726 	 0.2286
[2025/10/01 16:53:30] - 46 	 139.0 	 	 0.1000 	 4.9948 	 0.2999
[2025/10/01 16:53:30] - ==> Building model..
[2025/10/01 16:54:24] - Test Loss 	 Test Acc 	 PGD Loss 	 PGD Acc
[2025/10/01 16:54:24] - 3.4161 	 	 0.4595 	 3.7755 	 0.2294
[2025/10/01 16:56:48] - 47 	 138.8 	 	 0.1000 	 4.9953 	 0.3009
[2025/10/01 16:56:48] - ==> Building model..
[2025/10/01 16:57:42] - Test Loss 	 Test Acc 	 PGD Loss 	 PGD Acc
[2025/10/01 16:57:42] - 3.4184 	 	 0.4600 	 3.7777 	 0.2303
[2025/10/01 17:00:07] - 48 	 139.0 	 	 0.1000 	 4.9947 	 0.3016
[2025/10/01 17:00:07] - ==> Building model..
[2025/10/01 17:01:01] - Test Loss 	 Test Acc 	 PGD Loss 	 PGD Acc
[2025/10/01 17:01:01] - 3.4208 	 	 0.4608 	 3.7799 	 0.2303
[2025/10/01 17:03:25] - 49 	 139.0 	 	 0.1000 	 4.9945 	 0.2999
[2025/10/01 17:03:25] - ==> Building model..
[2025/10/01 17:04:19] - Test Loss 	 Test Acc 	 PGD Loss 	 PGD Acc
[2025/10/01 17:04:19] - 3.4238 	 	 0.4608 	 3.7832 	 0.2308
[2025/10/01 17:06:44] - 50 	 138.8 	 	 0.1000 	 4.9935 	 0.3045
[2025/10/01 17:06:44] - ==> Building model..
[2025/10/01 17:07:37] - Test Loss 	 Test Acc 	 PGD Loss 	 PGD Acc
[2025/10/01 17:07:37] - 3.4240 	 	 0.4606 	 3.7833 	 0.2307
[2025/10/01 17:10:01] - 51 	 138.8 	 	 0.1000 	 4.9943 	 0.3027
[2025/10/01 17:10:01] - ==> Building model..
[2025/10/01 17:10:55] - Test Loss 	 Test Acc 	 PGD Loss 	 PGD Acc
[2025/10/01 17:10:55] - 3.4255 	 	 0.4611 	 3.7846 	 0.2296
[2025/10/01 17:13:19] - 52 	 139.2 	 	 0.1000 	 4.9943 	 0.3040
[2025/10/01 17:13:19] - ==> Building model..
[2025/10/01 17:14:14] - Test Loss 	 Test Acc 	 PGD Loss 	 PGD Acc
[2025/10/01 17:14:14] - 3.4269 	 	 0.4624 	 3.7862 	 0.2298
[2025/10/01 17:16:38] - 53 	 139.0 	 	 0.1000 	 4.9936 	 0.3041
[2025/10/01 17:16:38] - ==> Building model..
[2025/10/01 17:17:32] - Test Loss 	 Test Acc 	 PGD Loss 	 PGD Acc
[2025/10/01 17:17:32] - 3.4283 	 	 0.4638 	 3.7877 	 0.2303
[2025/10/01 17:19:55] - 54 	 138.4 	 	 0.1000 	 4.9935 	 0.3044
[2025/10/01 17:19:55] - ==> Building model..
[2025/10/01 17:20:48] - Test Loss 	 Test Acc 	 PGD Loss 	 PGD Acc
[2025/10/01 17:20:48] - 3.4282 	 	 0.4634 	 3.7876 	 0.2317
[2025/10/01 17:23:12] - 55 	 138.9 	 	 0.1000 	 4.9928 	 0.3042
[2025/10/01 17:23:12] - ==> Building model..
[2025/10/01 17:24:05] - Test Loss 	 Test Acc 	 PGD Loss 	 PGD Acc
[2025/10/01 17:24:05] - 3.4273 	 	 0.4638 	 3.7872 	 0.2320
[2025/10/01 17:26:29] - 56 	 138.6 	 	 0.1000 	 4.9925 	 0.3060
[2025/10/01 17:26:29] - ==> Building model..
[2025/10/01 17:27:22] - Test Loss 	 Test Acc 	 PGD Loss 	 PGD Acc
[2025/10/01 17:27:22] - 3.4268 	 	 0.4638 	 3.7870 	 0.2317
[2025/10/01 17:29:45] - 57 	 138.4 	 	 0.1000 	 4.9920 	 0.3043
[2025/10/01 17:29:45] - ==> Building model..
[2025/10/01 17:30:39] - Test Loss 	 Test Acc 	 PGD Loss 	 PGD Acc
[2025/10/01 17:30:39] - 3.4259 	 	 0.4633 	 3.7866 	 0.2316
[2025/10/01 17:33:02] - 58 	 138.1 	 	 0.1000 	 4.9920 	 0.3061
[2025/10/01 17:33:02] - ==> Building model..
[2025/10/01 17:33:55] - Test Loss 	 Test Acc 	 PGD Loss 	 PGD Acc
[2025/10/01 17:33:55] - 3.4249 	 	 0.4642 	 3.7856 	 0.2318
[2025/10/01 17:36:19] - 59 	 138.4 	 	 0.1000 	 4.9920 	 0.3052
[2025/10/01 17:36:19] - ==> Building model..
[2025/10/01 17:37:13] - Test Loss 	 Test Acc 	 PGD Loss 	 PGD Acc
[2025/10/01 17:37:13] - 3.4235 	 	 0.4639 	 3.7848 	 0.2322
[2025/10/01 17:39:36] - 60 	 138.6 	 	 0.1000 	 4.9912 	 0.3054
[2025/10/01 17:39:36] - ==> Building model..
[2025/10/01 17:40:29] - Test Loss 	 Test Acc 	 PGD Loss 	 PGD Acc
[2025/10/01 17:40:29] - 3.4213 	 	 0.4648 	 3.7832 	 0.2331
[2025/10/01 17:42:53] - 61 	 138.3 	 	 0.1000 	 4.9906 	 0.3058
[2025/10/01 17:42:53] - ==> Building model..
[2025/10/01 17:43:46] - Test Loss 	 Test Acc 	 PGD Loss 	 PGD Acc
[2025/10/01 17:43:46] - 3.4183 	 	 0.4646 	 3.7805 	 0.2325
[2025/10/01 17:46:09] - 62 	 138.3 	 	 0.1000 	 4.9910 	 0.3066
[2025/10/01 17:46:09] - ==> Building model..
[2025/10/01 17:47:02] - Test Loss 	 Test Acc 	 PGD Loss 	 PGD Acc
[2025/10/01 17:47:02] - 3.4162 	 	 0.4651 	 3.7789 	 0.2336
[2025/10/01 17:49:26] - 63 	 138.4 	 	 0.1000 	 4.9898 	 0.3075
[2025/10/01 17:49:26] - ==> Building model..
[2025/10/01 17:50:19] - Test Loss 	 Test Acc 	 PGD Loss 	 PGD Acc
[2025/10/01 17:50:19] - 3.4132 	 	 0.4653 	 3.7767 	 0.2333
[2025/10/01 17:52:42] - 64 	 138.3 	 	 0.1000 	 4.9896 	 0.3075
[2025/10/01 17:52:42] - ==> Building model..
[2025/10/01 17:53:36] - Test Loss 	 Test Acc 	 PGD Loss 	 PGD Acc
[2025/10/01 17:53:36] - 3.4102 	 	 0.4660 	 3.7743 	 0.2332
[2025/10/01 17:55:59] - 65 	 138.2 	 	 0.1000 	 4.9894 	 0.3089
[2025/10/01 17:55:59] - ==> Building model..
[2025/10/01 17:56:52] - Test Loss 	 Test Acc 	 PGD Loss 	 PGD Acc
[2025/10/01 17:56:52] - 3.4078 	 	 0.4672 	 3.7724 	 0.2342
[2025/10/01 17:59:16] - 66 	 138.4 	 	 0.1000 	 4.9893 	 0.3088
[2025/10/01 17:59:16] - ==> Building model..
[2025/10/01 18:00:08] - Test Loss 	 Test Acc 	 PGD Loss 	 PGD Acc
[2025/10/01 18:00:08] - 3.4059 	 	 0.4672 	 3.7711 	 0.2339
[2025/10/01 18:02:32] - 67 	 138.5 	 	 0.1000 	 4.9894 	 0.3080
[2025/10/01 18:02:32] - ==> Building model..
[2025/10/01 18:03:25] - Test Loss 	 Test Acc 	 PGD Loss 	 PGD Acc
[2025/10/01 18:03:25] - 3.4036 	 	 0.4679 	 3.7694 	 0.2341
[2025/10/01 18:05:48] - 68 	 138.2 	 	 0.1000 	 4.9886 	 0.3085
[2025/10/01 18:05:48] - ==> Building model..
[2025/10/01 18:06:41] - Test Loss 	 Test Acc 	 PGD Loss 	 PGD Acc
[2025/10/01 18:06:41] - 3.4015 	 	 0.4675 	 3.7679 	 0.2338
[2025/10/01 18:09:03] - 69 	 138.2 	 	 0.1000 	 4.9891 	 0.3074
[2025/10/01 18:09:03] - ==> Building model..
[2025/10/01 18:09:57] - Test Loss 	 Test Acc 	 PGD Loss 	 PGD Acc
[2025/10/01 18:09:57] - 3.3989 	 	 0.4682 	 3.7656 	 0.2333
[2025/10/01 18:12:19] - 70 	 138.0 	 	 0.1000 	 4.9888 	 0.3095
[2025/10/01 18:12:19] - ==> Building model..
[2025/10/01 18:13:12] - Test Loss 	 Test Acc 	 PGD Loss 	 PGD Acc
[2025/10/01 18:13:12] - 3.3964 	 	 0.4686 	 3.7639 	 0.2336
[2025/10/01 18:15:35] - 71 	 138.2 	 	 0.1000 	 4.9886 	 0.3083
[2025/10/01 18:15:35] - ==> Building model..
[2025/10/01 18:16:29] - Test Loss 	 Test Acc 	 PGD Loss 	 PGD Acc
[2025/10/01 18:16:29] - 3.3949 	 	 0.4695 	 3.7628 	 0.2340
[2025/10/01 18:18:51] - 72 	 137.9 	 	 0.1000 	 4.9876 	 0.3097
[2025/10/01 18:18:51] - ==> Building model..
[2025/10/01 18:19:45] - Test Loss 	 Test Acc 	 PGD Loss 	 PGD Acc
[2025/10/01 18:19:45] - 3.3922 	 	 0.4694 	 3.7608 	 0.2354
[2025/10/01 18:22:08] - 73 	 138.4 	 	 0.1000 	 4.9876 	 0.3106
[2025/10/01 18:22:08] - ==> Building model..
[2025/10/01 18:23:01] - Test Loss 	 Test Acc 	 PGD Loss 	 PGD Acc
[2025/10/01 18:23:01] - 3.3905 	 	 0.4692 	 3.7595 	 0.2356
[2025/10/01 18:25:25] - 74 	 138.4 	 	 0.1000 	 4.9874 	 0.3110
[2025/10/01 18:25:25] - ==> Building model..
[2025/10/01 18:26:18] - Test Loss 	 Test Acc 	 PGD Loss 	 PGD Acc
[2025/10/01 18:26:18] - 3.3890 	 	 0.4698 	 3.7584 	 0.2359
[2025/10/01 18:28:40] - 75 	 137.8 	 	 0.1000 	 4.9872 	 0.3092
[2025/10/01 18:28:40] - ==> Building model..
[2025/10/01 18:29:33] - Test Loss 	 Test Acc 	 PGD Loss 	 PGD Acc
[2025/10/01 18:29:33] - 3.3869 	 	 0.4698 	 3.7570 	 0.2363
[2025/10/01 18:31:57] - 76 	 138.5 	 	 0.1000 	 4.9865 	 0.3113
[2025/10/01 18:31:57] - ==> Building model..
[2025/10/01 18:32:50] - Test Loss 	 Test Acc 	 PGD Loss 	 PGD Acc
[2025/10/01 18:32:50] - 3.3849 	 	 0.4702 	 3.7556 	 0.2361
[2025/10/01 18:35:13] - 77 	 138.6 	 	 0.1000 	 4.9862 	 0.3113
[2025/10/01 18:35:13] - ==> Building model..
[2025/10/01 18:36:06] - Test Loss 	 Test Acc 	 PGD Loss 	 PGD Acc
[2025/10/01 18:36:06] - 3.3828 	 	 0.4707 	 3.7544 	 0.2363
[2025/10/01 18:38:29] - 78 	 138.1 	 	 0.1000 	 4.9868 	 0.3130
[2025/10/01 18:38:29] - ==> Building model..
[2025/10/01 18:39:23] - Test Loss 	 Test Acc 	 PGD Loss 	 PGD Acc
[2025/10/01 18:39:23] - 3.3816 	 	 0.4702 	 3.7534 	 0.2371
[2025/10/01 18:41:46] - 79 	 138.2 	 	 0.1000 	 4.9870 	 0.3112
[2025/10/01 18:41:46] - ==> Building model..
[2025/10/01 18:42:39] - Test Loss 	 Test Acc 	 PGD Loss 	 PGD Acc
[2025/10/01 18:42:39] - 3.3803 	 	 0.4702 	 3.7526 	 0.2365
[2025/10/01 18:45:02] - 80 	 138.1 	 	 0.1000 	 4.9866 	 0.3121
[2025/10/01 18:45:02] - ==> Building model..
[2025/10/01 18:45:55] - Test Loss 	 Test Acc 	 PGD Loss 	 PGD Acc
[2025/10/01 18:45:55] - 3.3794 	 	 0.4706 	 3.7516 	 0.2356
[2025/10/01 18:48:18] - 81 	 138.0 	 	 0.1000 	 4.9863 	 0.3123
[2025/10/01 18:48:18] - ==> Building model..
[2025/10/01 18:49:10] - Test Loss 	 Test Acc 	 PGD Loss 	 PGD Acc
[2025/10/01 18:49:10] - 3.3780 	 	 0.4704 	 3.7505 	 0.2349
[2025/10/01 18:51:33] - 82 	 138.2 	 	 0.1000 	 4.9858 	 0.3132
[2025/10/01 18:51:33] - ==> Building model..
[2025/10/01 18:52:27] - Test Loss 	 Test Acc 	 PGD Loss 	 PGD Acc
[2025/10/01 18:52:27] - 3.3767 	 	 0.4703 	 3.7495 	 0.2346
[2025/10/01 18:54:50] - 83 	 138.2 	 	 0.1000 	 4.9862 	 0.3120
[2025/10/01 18:54:50] - ==> Building model..
[2025/10/01 18:55:43] - Test Loss 	 Test Acc 	 PGD Loss 	 PGD Acc
[2025/10/01 18:55:43] - 3.3750 	 	 0.4720 	 3.7491 	 0.2354
[2025/10/01 18:58:05] - 84 	 138.1 	 	 0.1000 	 4.9860 	 0.3132
[2025/10/01 18:58:05] - ==> Building model..
[2025/10/01 18:58:58] - Test Loss 	 Test Acc 	 PGD Loss 	 PGD Acc
[2025/10/01 18:58:58] - 3.3737 	 	 0.4723 	 3.7478 	 0.2351
[2025/10/01 19:01:21] - 85 	 138.0 	 	 0.1000 	 4.9854 	 0.3139
[2025/10/01 19:01:21] - ==> Building model..
[2025/10/01 19:02:14] - Test Loss 	 Test Acc 	 PGD Loss 	 PGD Acc
[2025/10/01 19:02:14] - 3.3732 	 	 0.4720 	 3.7474 	 0.2347
[2025/10/01 19:04:38] - 86 	 138.7 	 	 0.1000 	 4.9852 	 0.3128
[2025/10/01 19:04:38] - ==> Building model..
[2025/10/01 19:05:31] - Test Loss 	 Test Acc 	 PGD Loss 	 PGD Acc
[2025/10/01 19:05:31] - 3.3715 	 	 0.4722 	 3.7471 	 0.2352
[2025/10/01 19:07:56] - 87 	 139.2 	 	 0.1000 	 4.9852 	 0.3127
[2025/10/01 19:07:56] - ==> Building model..
[2025/10/01 19:08:51] - Test Loss 	 Test Acc 	 PGD Loss 	 PGD Acc
[2025/10/01 19:08:51] - 3.3702 	 	 0.4726 	 3.7460 	 0.2337
[2025/10/01 19:11:15] - 88 	 139.1 	 	 0.1000 	 4.9853 	 0.3125
[2025/10/01 19:11:15] - ==> Building model..
[2025/10/01 19:12:09] - Test Loss 	 Test Acc 	 PGD Loss 	 PGD Acc
[2025/10/01 19:12:09] - 3.3672 	 	 0.4731 	 3.7450 	 0.2355
[2025/10/01 19:14:34] - 89 	 139.0 	 	 0.1000 	 4.9850 	 0.3134
[2025/10/01 19:14:34] - ==> Building model..
[2025/10/01 19:15:27] - Test Loss 	 Test Acc 	 PGD Loss 	 PGD Acc
[2025/10/01 19:15:27] - 3.3648 	 	 0.4744 	 3.7431 	 0.2353
[2025/10/01 19:17:51] - 90 	 138.4 	 	 0.1000 	 4.9840 	 0.3147
[2025/10/01 19:17:51] - ==> Building model..
[2025/10/01 19:18:43] - Test Loss 	 Test Acc 	 PGD Loss 	 PGD Acc
[2025/10/01 19:18:43] - 3.3632 	 	 0.4746 	 3.7424 	 0.2361
[2025/10/01 19:21:06] - 91 	 138.1 	 	 0.1000 	 4.9842 	 0.3150
[2025/10/01 19:21:06] - ==> Building model..
[2025/10/01 19:21:59] - Test Loss 	 Test Acc 	 PGD Loss 	 PGD Acc
[2025/10/01 19:21:59] - 3.3618 	 	 0.4744 	 3.7413 	 0.2365
[2025/10/01 19:24:22] - 92 	 138.0 	 	 0.1000 	 4.9844 	 0.3143
[2025/10/01 19:24:22] - ==> Building model..
[2025/10/01 19:25:15] - Test Loss 	 Test Acc 	 PGD Loss 	 PGD Acc
[2025/10/01 19:25:15] - 3.3598 	 	 0.4754 	 3.7403 	 0.2372
[2025/10/01 19:27:38] - 93 	 138.1 	 	 0.1000 	 4.9837 	 0.3157
[2025/10/01 19:27:38] - ==> Building model..
[2025/10/01 19:28:32] - Test Loss 	 Test Acc 	 PGD Loss 	 PGD Acc
[2025/10/01 19:28:32] - 3.3579 	 	 0.4760 	 3.7392 	 0.2367
[2025/10/01 19:30:54] - 94 	 138.1 	 	 0.1000 	 4.9839 	 0.3137
[2025/10/01 19:30:54] - ==> Building model..
[2025/10/01 19:31:47] - Test Loss 	 Test Acc 	 PGD Loss 	 PGD Acc
[2025/10/01 19:31:47] - 3.3564 	 	 0.4755 	 3.7381 	 0.2369
[2025/10/01 19:34:10] - 95 	 138.2 	 	 0.1000 	 4.9840 	 0.3158
[2025/10/01 19:34:10] - ==> Building model..
[2025/10/01 19:35:03] - Test Loss 	 Test Acc 	 PGD Loss 	 PGD Acc
[2025/10/01 19:35:03] - 3.3550 	 	 0.4764 	 3.7369 	 0.2359
[2025/10/01 19:37:26] - 96 	 138.2 	 	 0.1000 	 4.9827 	 0.3149
[2025/10/01 19:37:26] - ==> Building model..
[2025/10/01 19:38:19] - Test Loss 	 Test Acc 	 PGD Loss 	 PGD Acc
[2025/10/01 19:38:19] - 3.3532 	 	 0.4768 	 3.7355 	 0.2365
[2025/10/01 19:40:42] - 97 	 138.3 	 	 0.1000 	 4.9834 	 0.3150
[2025/10/01 19:40:42] - ==> Building model..
[2025/10/01 19:41:35] - Test Loss 	 Test Acc 	 PGD Loss 	 PGD Acc
[2025/10/01 19:41:35] - 3.3515 	 	 0.4776 	 3.7353 	 0.2356
[2025/10/01 19:43:58] - 98 	 138.2 	 	 0.1000 	 4.9824 	 0.3175
[2025/10/01 19:43:58] - ==> Building model..
[2025/10/01 19:44:51] - Test Loss 	 Test Acc 	 PGD Loss 	 PGD Acc
[2025/10/01 19:44:51] - 3.3499 	 	 0.4777 	 3.7338 	 0.2362
[2025/10/01 19:47:13] - 99 	 137.4 	 	 0.0100 	 4.8850 	 0.4401
[2025/10/01 19:47:13] - ==> Building model..
[2025/10/01 19:48:06] - Test Loss 	 Test Acc 	 PGD Loss 	 PGD Acc
[2025/10/01 19:48:06] - 3.3492 	 	 0.4779 	 3.7333 	 0.2356
[2025/10/01 19:50:28] - 100 	 137.5 	 	 0.0100 	 4.8191 	 0.5306
[2025/10/01 19:50:28] - ==> Building model..
[2025/10/01 19:51:22] - Test Loss 	 Test Acc 	 PGD Loss 	 PGD Acc
[2025/10/01 19:51:22] - 3.3492 	 	 0.4779 	 3.7332 	 0.2358
[2025/10/01 19:53:44] - 101 	 137.5 	 	 0.0100 	 4.7940 	 0.5689
[2025/10/01 19:53:44] - ==> Building model..
[2025/10/01 19:54:37] - Test Loss 	 Test Acc 	 PGD Loss 	 PGD Acc
[2025/10/01 19:54:37] - 3.3492 	 	 0.4779 	 3.7331 	 0.2353
[2025/10/01 19:56:59] - 102 	 137.5 	 	 0.0100 	 4.7729 	 0.6032
[2025/10/01 19:56:59] - ==> Building model..
[2025/10/01 19:57:52] - Test Loss 	 Test Acc 	 PGD Loss 	 PGD Acc
[2025/10/01 19:57:52] - 3.3492 	 	 0.4779 	 3.7332 	 0.2357
[2025/10/01 20:00:14] - 103 	 137.6 	 	 0.0100 	 4.7553 	 0.6352
[2025/10/01 20:00:14] - ==> Building model..
[2025/10/01 20:01:07] - Test Loss 	 Test Acc 	 PGD Loss 	 PGD Acc
[2025/10/01 20:01:07] - 3.3492 	 	 0.4779 	 3.7328 	 0.2359
[2025/10/01 20:03:29] - 104 	 137.2 	 	 0.0010 	 4.7095 	 0.7098
[2025/10/01 20:03:29] - ==> Building model..
[2025/10/01 20:04:22] - Test Loss 	 Test Acc 	 PGD Loss 	 PGD Acc
[2025/10/01 20:04:22] - 3.3492 	 	 0.4779 	 3.7326 	 0.2358
[2025/10/01 20:06:44] - 105 	 137.2 	 	 0.0010 	 4.6883 	 0.7442
[2025/10/01 20:06:44] - ==> Building model..
[2025/10/01 20:07:37] - Test Loss 	 Test Acc 	 PGD Loss 	 PGD Acc
[2025/10/01 20:07:37] - 3.3492 	 	 0.4779 	 3.7334 	 0.2360
[2025/10/01 20:09:59] - 106 	 137.6 	 	 0.0010 	 4.6822 	 0.7537
[2025/10/01 20:09:59] - ==> Building model..
[2025/10/01 20:10:52] - Test Loss 	 Test Acc 	 PGD Loss 	 PGD Acc
[2025/10/01 20:10:52] - 3.3492 	 	 0.4779 	 3.7332 	 0.2356
[2025/10/01 20:13:14] - 107 	 137.3 	 	 0.0010 	 4.6773 	 0.7628
[2025/10/01 20:13:14] - ==> Building model..
[2025/10/01 20:14:07] - Test Loss 	 Test Acc 	 PGD Loss 	 PGD Acc
[2025/10/01 20:14:07] - 3.3492 	 	 0.4779 	 3.7333 	 0.2355
[2025/10/01 20:16:30] - 108 	 138.0 	 	 0.0010 	 4.6728 	 0.7699
[2025/10/01 20:16:30] - ==> Building model..
[2025/10/01 20:17:23] - Test Loss 	 Test Acc 	 PGD Loss 	 PGD Acc
[2025/10/01 20:17:23] - 3.3492 	 	 0.4779 	 3.7331 	 0.2361
[2025/10/01 20:19:47] - 109 	 138.2 	 	 0.0010 	 4.6684 	 0.7774
[2025/10/01 20:19:47] - ==> Building model..
[2025/10/01 20:20:40] - Test Loss 	 Test Acc 	 PGD Loss 	 PGD Acc
[2025/10/01 20:20:40] - 3.3492 	 	 0.4779 	 3.7334 	 0.2358
[2025/10/01 20:20:40] - [0.0726, 0.1355, 0.1794, 0.2052, 0.2292, 0.2369, 0.2595, 0.294, 0.3287, 0.3484, 0.3638, 0.3766, 0.3832, 0.3899, 0.3967, 0.4031, 0.4086, 0.4135, 0.4166, 0.4189, 0.4216, 0.4248, 0.4268, 0.4297, 0.4314, 0.433, 0.4362, 0.4374, 0.4392, 0.4407, 0.4431, 0.4447, 0.4479, 0.4497, 0.4504, 0.4521, 0.4534, 0.455, 0.4546, 0.4556, 0.4574, 0.4576, 0.4581, 0.4587, 0.4595, 0.4603, 0.4595, 0.46, 0.4608, 0.4608, 0.4606, 0.4611, 0.4624, 0.4638, 0.4634, 0.4638, 0.4638, 0.4633, 0.4642, 0.4639, 0.4648, 0.4646, 0.4651, 0.4653, 0.466, 0.4672, 0.4672, 0.4679, 0.4675, 0.4682, 0.4686, 0.4695, 0.4694, 0.4692, 0.4698, 0.4698, 0.4702, 0.4707, 0.4702, 0.4702, 0.4706, 0.4704, 0.4703, 0.472, 0.4723, 0.472, 0.4722, 0.4726, 0.4731, 0.4744, 0.4746, 0.4744, 0.4754, 0.476, 0.4755, 0.4764, 0.4768, 0.4776, 0.4777, 0.4779, 0.4779, 0.4779, 0.4779, 0.4779, 0.4779, 0.4779, 0.4779, 0.4779, 0.4779, 0.4779]
[2025/10/01 20:20:40] - [0.0415, 0.0703, 0.093, 0.1083, 0.1161, 0.1202, 0.1301, 0.1472, 0.1632, 0.1754, 0.1824, 0.1871, 0.1923, 0.195, 0.1968, 0.201, 0.2027, 0.2033, 0.2054, 0.2081, 0.21, 0.212, 0.213, 0.2149, 0.2161, 0.2176, 0.2179, 0.2203, 0.2202, 0.2217, 0.2217, 0.2225, 0.2227, 0.2225, 0.2234, 0.2243, 0.2243, 0.2248, 0.2256, 0.2262, 0.2271, 0.227, 0.2265, 0.2287, 0.2283, 0.2286, 0.2294, 0.2303, 0.2303, 0.2308, 0.2307, 0.2296, 0.2298, 0.2303, 0.2317, 0.232, 0.2317, 0.2316, 0.2318, 0.2322, 0.2331, 0.2325, 0.2336, 0.2333, 0.2332, 0.2342, 0.2339, 0.2341, 0.2338, 0.2333, 0.2336, 0.234, 0.2354, 0.2356, 0.2359, 0.2363, 0.2361, 0.2363, 0.2371, 0.2365, 0.2356, 0.2349, 0.2346, 0.2354, 0.2351, 0.2347, 0.2352, 0.2337, 0.2355, 0.2353, 0.2361, 0.2365, 0.2372, 0.2367, 0.2369, 0.2359, 0.2365, 0.2356, 0.2362, 0.2356, 0.2358, 0.2353, 0.2357, 0.2359, 0.2358, 0.236, 0.2356, 0.2355, 0.2361, 0.2358]
