[2025/10/20 12:28:37] - Namespace(batch_size=128, data_dir='cifar-data', epochs=110, lr_schedule='multistep', lr_min=0.0, lr_max=0.2, weight_decay=0.0005, momentum=0.9, model='ResNet18', epsilon=8, alpha=8, delta_init='random', normal_mean=0, normal_std=1, out_dir='runs/beta_0.6/lam_42/lscale_0.11/seed_1', seed=1, lamda=42.0, lam_scale=0.11, lam_start=50, gamma=0.05, inner_gamma=0.05, beta=0.6, mu=3.5, batch_m=0.75, early_stop=False, factor=0.5, length=4, n_holes=1, c_num=0.125, EMA_value=0.55)
[2025/10/20 12:28:38] - ==> Building model..
[2025/10/20 12:28:38] - Epoch 	 Seconds 	 LR 	 	 Train Loss 	 Train Acc
[2025/10/20 12:29:30] - 0 	 28.8 	 	 0.2000 	 4.5652 	 0.0412
[2025/10/20 12:29:30] - ==> Building model..
[2025/10/20 12:29:54] - Test Loss 	 Test Acc 	 PGD Loss 	 PGD Acc
[2025/10/20 12:29:54] - 4.2288 	 	 0.0892 	 4.2426 	 0.0572
[2025/10/20 12:30:54] - 1 	 29.5 	 	 0.2000 	 4.4617 	 0.0752
[2025/10/20 12:30:54] - ==> Building model..
[2025/10/20 12:31:17] - Test Loss 	 Test Acc 	 PGD Loss 	 PGD Acc
[2025/10/20 12:31:17] - 4.0301 	 	 0.1406 	 4.0594 	 0.0932
[2025/10/20 12:32:16] - 2 	 29.0 	 	 0.2000 	 4.4084 	 0.1011
[2025/10/20 12:32:16] - ==> Building model..
[2025/10/20 12:32:39] - Test Loss 	 Test Acc 	 PGD Loss 	 PGD Acc
[2025/10/20 12:32:39] - 3.8861 	 	 0.1819 	 3.9330 	 0.1119
[2025/10/20 12:33:37] - 3 	 28.7 	 	 0.2000 	 4.3603 	 0.1272
[2025/10/20 12:33:37] - ==> Building model..
[2025/10/20 12:34:00] - Test Loss 	 Test Acc 	 PGD Loss 	 PGD Acc
[2025/10/20 12:34:00] - 3.7619 	 	 0.2302 	 3.8291 	 0.1367
[2025/10/20 12:34:58] - 4 	 28.5 	 	 0.2000 	 4.3201 	 0.1469
[2025/10/20 12:34:58] - ==> Building model..
[2025/10/20 12:35:22] - Test Loss 	 Test Acc 	 PGD Loss 	 PGD Acc
[2025/10/20 12:35:22] - 3.6453 	 	 0.2630 	 3.7313 	 0.1552
[2025/10/20 12:36:21] - 5 	 29.6 	 	 0.2000 	 4.2832 	 0.1651
[2025/10/20 12:36:21] - ==> Building model..
[2025/10/20 12:36:46] - Test Loss 	 Test Acc 	 PGD Loss 	 PGD Acc
[2025/10/20 12:36:46] - 3.4405 	 	 0.3043 	 3.5563 	 0.1766
[2025/10/20 12:37:48] - 6 	 30.3 	 	 0.2000 	 4.2518 	 0.1837
[2025/10/20 12:37:48] - ==> Building model..
[2025/10/20 12:38:12] - Test Loss 	 Test Acc 	 PGD Loss 	 PGD Acc
[2025/10/20 12:38:12] - 3.2698 	 	 0.3396 	 3.4126 	 0.1894
[2025/10/20 12:39:13] - 7 	 30.8 	 	 0.2000 	 4.2266 	 0.1972
[2025/10/20 12:39:13] - ==> Building model..
[2025/10/20 12:39:37] - Test Loss 	 Test Acc 	 PGD Loss 	 PGD Acc
[2025/10/20 12:39:37] - 3.1093 	 	 0.3739 	 3.2818 	 0.2017
[2025/10/20 12:40:36] - 8 	 29.4 	 	 0.2000 	 4.2094 	 0.2069
[2025/10/20 12:40:36] - ==> Building model..
[2025/10/20 12:40:59] - Test Loss 	 Test Acc 	 PGD Loss 	 PGD Acc
[2025/10/20 12:40:59] - 3.0168 	 	 0.3920 	 3.2072 	 0.2131
[2025/10/20 12:42:00] - 9 	 30.0 	 	 0.2000 	 4.1933 	 0.2153
[2025/10/20 12:42:00] - ==> Building model..
[2025/10/20 12:42:22] - Test Loss 	 Test Acc 	 PGD Loss 	 PGD Acc
[2025/10/20 12:42:22] - 2.9369 	 	 0.4104 	 3.1433 	 0.2221
[2025/10/20 12:43:23] - 10 	 30.2 	 	 0.2000 	 4.1828 	 0.2214
[2025/10/20 12:43:23] - ==> Building model..
[2025/10/20 12:43:46] - Test Loss 	 Test Acc 	 PGD Loss 	 PGD Acc
[2025/10/20 12:43:46] - 2.8758 	 	 0.4246 	 3.0963 	 0.2265
[2025/10/20 12:44:46] - 11 	 30.0 	 	 0.2000 	 4.1712 	 0.2284
[2025/10/20 12:44:46] - ==> Building model..
[2025/10/20 12:45:09] - Test Loss 	 Test Acc 	 PGD Loss 	 PGD Acc
[2025/10/20 12:45:09] - 2.8383 	 	 0.4343 	 3.0692 	 0.2319
[2025/10/20 12:46:09] - 12 	 29.1 	 	 0.2000 	 4.1638 	 0.2320
[2025/10/20 12:46:09] - ==> Building model..
[2025/10/20 12:46:32] - Test Loss 	 Test Acc 	 PGD Loss 	 PGD Acc
[2025/10/20 12:46:32] - 2.8100 	 	 0.4427 	 3.0476 	 0.2367
[2025/10/20 12:47:32] - 13 	 29.5 	 	 0.2000 	 4.1557 	 0.2363
[2025/10/20 12:47:32] - ==> Building model..
[2025/10/20 12:47:55] - Test Loss 	 Test Acc 	 PGD Loss 	 PGD Acc
[2025/10/20 12:47:55] - 2.7850 	 	 0.4481 	 3.0283 	 0.2399
[2025/10/20 12:48:54] - 14 	 29.7 	 	 0.2000 	 4.1501 	 0.2404
[2025/10/20 12:48:54] - ==> Building model..
[2025/10/20 12:49:18] - Test Loss 	 Test Acc 	 PGD Loss 	 PGD Acc
[2025/10/20 12:49:18] - 2.7594 	 	 0.4563 	 3.0095 	 0.2443
[2025/10/20 12:50:15] - 15 	 28.2 	 	 0.2000 	 4.1465 	 0.2428
[2025/10/20 12:50:15] - ==> Building model..
[2025/10/20 12:50:39] - Test Loss 	 Test Acc 	 PGD Loss 	 PGD Acc
[2025/10/20 12:50:39] - 2.7354 	 	 0.4618 	 2.9911 	 0.2459
[2025/10/20 12:51:39] - 16 	 29.2 	 	 0.2000 	 4.1395 	 0.2451
[2025/10/20 12:51:39] - ==> Building model..
[2025/10/20 12:52:03] - Test Loss 	 Test Acc 	 PGD Loss 	 PGD Acc
[2025/10/20 12:52:03] - 2.7163 	 	 0.4648 	 2.9766 	 0.2492
[2025/10/20 12:53:03] - 17 	 29.5 	 	 0.2000 	 4.1353 	 0.2496
[2025/10/20 12:53:03] - ==> Building model..
[2025/10/20 12:53:27] - Test Loss 	 Test Acc 	 PGD Loss 	 PGD Acc
[2025/10/20 12:53:27] - 2.6957 	 	 0.4680 	 2.9605 	 0.2502
[2025/10/20 12:54:25] - 18 	 28.8 	 	 0.2000 	 4.1336 	 0.2524
[2025/10/20 12:54:25] - ==> Building model..
[2025/10/20 12:54:49] - Test Loss 	 Test Acc 	 PGD Loss 	 PGD Acc
[2025/10/20 12:54:49] - 2.6798 	 	 0.4735 	 2.9494 	 0.2539
[2025/10/20 12:55:48] - 19 	 28.3 	 	 0.2000 	 4.1296 	 0.2534
[2025/10/20 12:55:48] - ==> Building model..
[2025/10/20 12:56:12] - Test Loss 	 Test Acc 	 PGD Loss 	 PGD Acc
[2025/10/20 12:56:12] - 2.6703 	 	 0.4781 	 2.9431 	 0.2554
[2025/10/20 12:57:12] - 20 	 29.6 	 	 0.2000 	 4.1252 	 0.2550
[2025/10/20 12:57:12] - ==> Building model..
[2025/10/20 12:57:36] - Test Loss 	 Test Acc 	 PGD Loss 	 PGD Acc
[2025/10/20 12:57:36] - 2.6599 	 	 0.4792 	 2.9351 	 0.2569
[2025/10/20 12:58:34] - 21 	 29.4 	 	 0.2000 	 4.1231 	 0.2560
[2025/10/20 12:58:34] - ==> Building model..
[2025/10/20 12:58:59] - Test Loss 	 Test Acc 	 PGD Loss 	 PGD Acc
[2025/10/20 12:58:59] - 2.6475 	 	 0.4844 	 2.9264 	 0.2575
[2025/10/20 13:00:00] - 22 	 30.4 	 	 0.2000 	 4.1188 	 0.2576
[2025/10/20 13:00:00] - ==> Building model..
[2025/10/20 13:00:24] - Test Loss 	 Test Acc 	 PGD Loss 	 PGD Acc
[2025/10/20 13:00:24] - 2.6358 	 	 0.4860 	 2.9152 	 0.2588
[2025/10/20 13:01:23] - 23 	 29.9 	 	 0.2000 	 4.1179 	 0.2604
[2025/10/20 13:01:23] - ==> Building model..
[2025/10/20 13:01:47] - Test Loss 	 Test Acc 	 PGD Loss 	 PGD Acc
[2025/10/20 13:01:47] - 2.6287 	 	 0.4895 	 2.9102 	 0.2602
[2025/10/20 13:02:47] - 24 	 29.9 	 	 0.2000 	 4.1170 	 0.2607
[2025/10/20 13:02:47] - ==> Building model..
[2025/10/20 13:03:11] - Test Loss 	 Test Acc 	 PGD Loss 	 PGD Acc
[2025/10/20 13:03:11] - 2.6259 	 	 0.4894 	 2.9091 	 0.2614
[2025/10/20 13:04:11] - 25 	 30.0 	 	 0.2000 	 4.1147 	 0.2619
[2025/10/20 13:04:11] - ==> Building model..
[2025/10/20 13:04:35] - Test Loss 	 Test Acc 	 PGD Loss 	 PGD Acc
[2025/10/20 13:04:35] - 2.6201 	 	 0.4905 	 2.9047 	 0.2626
[2025/10/20 13:05:35] - 26 	 29.8 	 	 0.2000 	 4.1115 	 0.2643
[2025/10/20 13:05:35] - ==> Building model..
[2025/10/20 13:05:59] - Test Loss 	 Test Acc 	 PGD Loss 	 PGD Acc
[2025/10/20 13:05:59] - 2.6137 	 	 0.4923 	 2.8982 	 0.2635
[2025/10/20 13:06:57] - 27 	 29.3 	 	 0.2000 	 4.1098 	 0.2633
[2025/10/20 13:06:57] - ==> Building model..
[2025/10/20 13:07:21] - Test Loss 	 Test Acc 	 PGD Loss 	 PGD Acc
[2025/10/20 13:07:21] - 2.6082 	 	 0.4935 	 2.8947 	 0.2635
[2025/10/20 13:08:21] - 28 	 29.7 	 	 0.2000 	 4.1098 	 0.2651
[2025/10/20 13:08:21] - ==> Building model..
[2025/10/20 13:08:45] - Test Loss 	 Test Acc 	 PGD Loss 	 PGD Acc
[2025/10/20 13:08:45] - 2.6060 	 	 0.4944 	 2.8922 	 0.2641
[2025/10/20 13:09:45] - 29 	 29.4 	 	 0.2000 	 4.1079 	 0.2676
[2025/10/20 13:09:45] - ==> Building model..
[2025/10/20 13:10:09] - Test Loss 	 Test Acc 	 PGD Loss 	 PGD Acc
[2025/10/20 13:10:09] - 2.6045 	 	 0.4952 	 2.8914 	 0.2666
[2025/10/20 13:11:09] - 30 	 29.2 	 	 0.2000 	 4.1061 	 0.2675
[2025/10/20 13:11:09] - ==> Building model..
[2025/10/20 13:11:33] - Test Loss 	 Test Acc 	 PGD Loss 	 PGD Acc
[2025/10/20 13:11:33] - 2.6061 	 	 0.4963 	 2.8935 	 0.2659
[2025/10/20 13:12:33] - 31 	 29.4 	 	 0.2000 	 4.1056 	 0.2663
[2025/10/20 13:12:33] - ==> Building model..
[2025/10/20 13:12:57] - Test Loss 	 Test Acc 	 PGD Loss 	 PGD Acc
[2025/10/20 13:12:57] - 2.6093 	 	 0.4962 	 2.8966 	 0.2646
[2025/10/20 13:13:56] - 32 	 29.5 	 	 0.2000 	 4.1034 	 0.2680
[2025/10/20 13:13:56] - ==> Building model..
[2025/10/20 13:14:19] - Test Loss 	 Test Acc 	 PGD Loss 	 PGD Acc
[2025/10/20 13:14:19] - 2.6041 	 	 0.4960 	 2.8929 	 0.2642
[2025/10/20 13:15:19] - 33 	 29.0 	 	 0.2000 	 4.1049 	 0.2670
[2025/10/20 13:15:19] - ==> Building model..
[2025/10/20 13:15:43] - Test Loss 	 Test Acc 	 PGD Loss 	 PGD Acc
[2025/10/20 13:15:43] - 2.6006 	 	 0.4957 	 2.8906 	 0.2670
[2025/10/20 13:16:41] - 34 	 29.7 	 	 0.2000 	 4.1016 	 0.2701
[2025/10/20 13:16:41] - ==> Building model..
[2025/10/20 13:17:05] - Test Loss 	 Test Acc 	 PGD Loss 	 PGD Acc
[2025/10/20 13:17:05] - 2.5944 	 	 0.4976 	 2.8855 	 0.2678
[2025/10/20 13:18:03] - 35 	 29.0 	 	 0.2000 	 4.1006 	 0.2705
[2025/10/20 13:18:03] - ==> Building model..
[2025/10/20 13:18:27] - Test Loss 	 Test Acc 	 PGD Loss 	 PGD Acc
[2025/10/20 13:18:27] - 2.5948 	 	 0.4973 	 2.8856 	 0.2679
[2025/10/20 13:19:26] - 36 	 29.7 	 	 0.2000 	 4.1024 	 0.2689
[2025/10/20 13:19:26] - ==> Building model..
[2025/10/20 13:19:50] - Test Loss 	 Test Acc 	 PGD Loss 	 PGD Acc
[2025/10/20 13:19:50] - 2.5911 	 	 0.4988 	 2.8833 	 0.2698
[2025/10/20 13:20:50] - 37 	 29.6 	 	 0.2000 	 4.0973 	 0.2708
[2025/10/20 13:20:50] - ==> Building model..
[2025/10/20 13:21:14] - Test Loss 	 Test Acc 	 PGD Loss 	 PGD Acc
[2025/10/20 13:21:14] - 2.5865 	 	 0.5020 	 2.8806 	 0.2704
[2025/10/20 13:22:13] - 38 	 29.3 	 	 0.2000 	 4.0991 	 0.2690
[2025/10/20 13:22:13] - ==> Building model..
[2025/10/20 13:22:37] - Test Loss 	 Test Acc 	 PGD Loss 	 PGD Acc
[2025/10/20 13:22:37] - 2.5833 	 	 0.5027 	 2.8780 	 0.2715
[2025/10/20 13:23:36] - 39 	 29.6 	 	 0.2000 	 4.0982 	 0.2711
[2025/10/20 13:23:36] - ==> Building model..
[2025/10/20 13:24:00] - Test Loss 	 Test Acc 	 PGD Loss 	 PGD Acc
[2025/10/20 13:24:00] - 2.5857 	 	 0.5026 	 2.8792 	 0.2719
[2025/10/20 13:25:00] - 40 	 29.6 	 	 0.2000 	 4.0980 	 0.2719
[2025/10/20 13:25:00] - ==> Building model..
[2025/10/20 13:25:24] - Test Loss 	 Test Acc 	 PGD Loss 	 PGD Acc
[2025/10/20 13:25:24] - 2.5821 	 	 0.5052 	 2.8769 	 0.2709
[2025/10/20 13:26:24] - 41 	 29.9 	 	 0.2000 	 4.0956 	 0.2710
[2025/10/20 13:26:24] - ==> Building model..
[2025/10/20 13:26:48] - Test Loss 	 Test Acc 	 PGD Loss 	 PGD Acc
[2025/10/20 13:26:48] - 2.5771 	 	 0.5071 	 2.8728 	 0.2728
[2025/10/20 13:27:50] - 42 	 30.2 	 	 0.2000 	 4.0961 	 0.2724
[2025/10/20 13:27:50] - ==> Building model..
[2025/10/20 13:28:14] - Test Loss 	 Test Acc 	 PGD Loss 	 PGD Acc
[2025/10/20 13:28:14] - 2.5740 	 	 0.5078 	 2.8710 	 0.2716
[2025/10/20 13:29:15] - 43 	 29.9 	 	 0.2000 	 4.0949 	 0.2722
[2025/10/20 13:29:15] - ==> Building model..
[2025/10/20 13:29:40] - Test Loss 	 Test Acc 	 PGD Loss 	 PGD Acc
[2025/10/20 13:29:40] - 2.5698 	 	 0.5067 	 2.8678 	 0.2733
[2025/10/20 13:30:40] - 44 	 29.5 	 	 0.2000 	 4.0954 	 0.2724
[2025/10/20 13:30:40] - ==> Building model..
[2025/10/20 13:31:04] - Test Loss 	 Test Acc 	 PGD Loss 	 PGD Acc
[2025/10/20 13:31:04] - 2.5704 	 	 0.5082 	 2.8684 	 0.2747
[2025/10/20 13:32:05] - 45 	 30.2 	 	 0.2000 	 4.0940 	 0.2727
[2025/10/20 13:32:05] - ==> Building model..
[2025/10/20 13:32:29] - Test Loss 	 Test Acc 	 PGD Loss 	 PGD Acc
[2025/10/20 13:32:29] - 2.5695 	 	 0.5091 	 2.8685 	 0.2766
[2025/10/20 13:33:29] - 46 	 29.8 	 	 0.2000 	 4.0933 	 0.2723
[2025/10/20 13:33:29] - ==> Building model..
[2025/10/20 13:33:54] - Test Loss 	 Test Acc 	 PGD Loss 	 PGD Acc
[2025/10/20 13:33:54] - 2.5659 	 	 0.5100 	 2.8650 	 0.2763
[2025/10/20 13:34:53] - 47 	 29.2 	 	 0.2000 	 4.0937 	 0.2759
[2025/10/20 13:34:53] - ==> Building model..
[2025/10/20 13:35:16] - Test Loss 	 Test Acc 	 PGD Loss 	 PGD Acc
[2025/10/20 13:35:16] - 2.5639 	 	 0.5098 	 2.8637 	 0.2765
[2025/10/20 13:36:15] - 48 	 29.5 	 	 0.2000 	 4.0906 	 0.2756
[2025/10/20 13:36:15] - ==> Building model..
[2025/10/20 13:36:39] - Test Loss 	 Test Acc 	 PGD Loss 	 PGD Acc
[2025/10/20 13:36:39] - 2.5621 	 	 0.5107 	 2.8619 	 0.2747
[2025/10/20 13:37:38] - 49 	 29.4 	 	 0.2000 	 4.0924 	 0.2759
[2025/10/20 13:37:38] - ==> Building model..
[2025/10/20 13:38:02] - Test Loss 	 Test Acc 	 PGD Loss 	 PGD Acc
[2025/10/20 13:38:02] - 2.5634 	 	 0.5096 	 2.8632 	 0.2768
[2025/10/20 13:39:02] - 50 	 29.4 	 	 0.2000 	 4.0902 	 0.2758
[2025/10/20 13:39:02] - ==> Building model..
[2025/10/20 13:39:26] - Test Loss 	 Test Acc 	 PGD Loss 	 PGD Acc
[2025/10/20 13:39:26] - 2.5634 	 	 0.5092 	 2.8618 	 0.2765
[2025/10/20 13:40:27] - 51 	 30.4 	 	 0.2000 	 4.0933 	 0.2712
[2025/10/20 13:40:27] - ==> Building model..
[2025/10/20 13:40:51] - Test Loss 	 Test Acc 	 PGD Loss 	 PGD Acc
[2025/10/20 13:40:51] - 2.5676 	 	 0.5100 	 2.8664 	 0.2760
[2025/10/20 13:41:51] - 52 	 29.4 	 	 0.2000 	 4.0939 	 0.2741
[2025/10/20 13:41:51] - ==> Building model..
[2025/10/20 13:42:14] - Test Loss 	 Test Acc 	 PGD Loss 	 PGD Acc
[2025/10/20 13:42:14] - 2.5664 	 	 0.5089 	 2.8657 	 0.2768
[2025/10/20 13:43:13] - 53 	 29.4 	 	 0.2000 	 4.0906 	 0.2750
[2025/10/20 13:43:13] - ==> Building model..
[2025/10/20 13:43:37] - Test Loss 	 Test Acc 	 PGD Loss 	 PGD Acc
[2025/10/20 13:43:37] - 2.5626 	 	 0.5092 	 2.8624 	 0.2771
[2025/10/20 13:44:36] - 54 	 29.3 	 	 0.2000 	 4.0911 	 0.2752
[2025/10/20 13:44:36] - ==> Building model..
[2025/10/20 13:45:00] - Test Loss 	 Test Acc 	 PGD Loss 	 PGD Acc
[2025/10/20 13:45:00] - 2.5626 	 	 0.5109 	 2.8622 	 0.2774
[2025/10/20 13:45:58] - 55 	 29.3 	 	 0.2000 	 4.0915 	 0.2764
[2025/10/20 13:45:58] - ==> Building model..
[2025/10/20 13:46:22] - Test Loss 	 Test Acc 	 PGD Loss 	 PGD Acc
[2025/10/20 13:46:22] - 2.5612 	 	 0.5117 	 2.8613 	 0.2778
[2025/10/20 13:47:21] - 56 	 29.5 	 	 0.2000 	 4.0941 	 0.2729
[2025/10/20 13:47:21] - ==> Building model..
[2025/10/20 13:47:45] - Test Loss 	 Test Acc 	 PGD Loss 	 PGD Acc
[2025/10/20 13:47:45] - 2.5657 	 	 0.5113 	 2.8639 	 0.2768
[2025/10/20 13:48:44] - 57 	 29.3 	 	 0.2000 	 4.0927 	 0.2768
[2025/10/20 13:48:44] - ==> Building model..
[2025/10/20 13:49:08] - Test Loss 	 Test Acc 	 PGD Loss 	 PGD Acc
[2025/10/20 13:49:08] - 2.5675 	 	 0.5103 	 2.8649 	 0.2769
[2025/10/20 13:50:08] - 58 	 29.6 	 	 0.2000 	 4.0936 	 0.2769
[2025/10/20 13:50:08] - ==> Building model..
[2025/10/20 13:50:31] - Test Loss 	 Test Acc 	 PGD Loss 	 PGD Acc
[2025/10/20 13:50:31] - 2.5670 	 	 0.5120 	 2.8645 	 0.2766
[2025/10/20 13:51:30] - 59 	 29.1 	 	 0.2000 	 4.0934 	 0.2763
[2025/10/20 13:51:30] - ==> Building model..
[2025/10/20 13:51:54] - Test Loss 	 Test Acc 	 PGD Loss 	 PGD Acc
[2025/10/20 13:51:54] - 2.5693 	 	 0.5131 	 2.8664 	 0.2775
[2025/10/20 13:52:54] - 60 	 29.9 	 	 0.2000 	 4.0960 	 0.2764
[2025/10/20 13:52:54] - ==> Building model..
[2025/10/20 13:53:18] - Test Loss 	 Test Acc 	 PGD Loss 	 PGD Acc
[2025/10/20 13:53:18] - 2.5709 	 	 0.5124 	 2.8675 	 0.2782
[2025/10/20 13:54:17] - 61 	 29.4 	 	 0.2000 	 4.0952 	 0.2753
[2025/10/20 13:54:17] - ==> Building model..
[2025/10/20 13:54:41] - Test Loss 	 Test Acc 	 PGD Loss 	 PGD Acc
[2025/10/20 13:54:41] - 2.5734 	 	 0.5125 	 2.8694 	 0.2786
[2025/10/20 13:55:42] - 62 	 30.0 	 	 0.2000 	 4.0968 	 0.2761
[2025/10/20 13:55:42] - ==> Building model..
[2025/10/20 13:56:05] - Test Loss 	 Test Acc 	 PGD Loss 	 PGD Acc
[2025/10/20 13:56:05] - 2.5772 	 	 0.5119 	 2.8716 	 0.2792
[2025/10/20 13:57:05] - 63 	 29.4 	 	 0.2000 	 4.0963 	 0.2754
[2025/10/20 13:57:05] - ==> Building model..
[2025/10/20 13:57:29] - Test Loss 	 Test Acc 	 PGD Loss 	 PGD Acc
[2025/10/20 13:57:29] - 2.5795 	 	 0.5124 	 2.8727 	 0.2795
[2025/10/20 13:58:29] - 64 	 29.0 	 	 0.2000 	 4.0955 	 0.2772
[2025/10/20 13:58:29] - ==> Building model..
[2025/10/20 13:58:54] - Test Loss 	 Test Acc 	 PGD Loss 	 PGD Acc
[2025/10/20 13:58:54] - 2.5839 	 	 0.5114 	 2.8762 	 0.2790
[2025/10/20 13:59:52] - 65 	 29.2 	 	 0.2000 	 4.0971 	 0.2767
[2025/10/20 13:59:52] - ==> Building model..
[2025/10/20 14:00:16] - Test Loss 	 Test Acc 	 PGD Loss 	 PGD Acc
[2025/10/20 14:00:16] - 2.5886 	 	 0.5125 	 2.8800 	 0.2793
[2025/10/20 14:01:15] - 66 	 29.5 	 	 0.2000 	 4.0939 	 0.2765
[2025/10/20 14:01:15] - ==> Building model..
[2025/10/20 14:01:39] - Test Loss 	 Test Acc 	 PGD Loss 	 PGD Acc
[2025/10/20 14:01:39] - 2.5890 	 	 0.5113 	 2.8800 	 0.2810
[2025/10/20 14:02:39] - 67 	 29.9 	 	 0.2000 	 4.0950 	 0.2756
[2025/10/20 14:02:39] - ==> Building model..
[2025/10/20 14:03:02] - Test Loss 	 Test Acc 	 PGD Loss 	 PGD Acc
[2025/10/20 14:03:02] - 2.5905 	 	 0.5109 	 2.8806 	 0.2814
[2025/10/20 14:04:01] - 68 	 29.6 	 	 0.2000 	 4.0928 	 0.2774
[2025/10/20 14:04:01] - ==> Building model..
[2025/10/20 14:04:25] - Test Loss 	 Test Acc 	 PGD Loss 	 PGD Acc
[2025/10/20 14:04:25] - 2.5918 	 	 0.5107 	 2.8815 	 0.2818
[2025/10/20 14:05:25] - 69 	 30.1 	 	 0.2000 	 4.0983 	 0.2711
[2025/10/20 14:05:25] - ==> Building model..
[2025/10/20 14:05:49] - Test Loss 	 Test Acc 	 PGD Loss 	 PGD Acc
[2025/10/20 14:05:49] - 2.5986 	 	 0.5084 	 2.8863 	 0.2811
[2025/10/20 14:06:48] - 70 	 28.8 	 	 0.2000 	 4.0926 	 0.2812
[2025/10/20 14:06:48] - ==> Building model..
[2025/10/20 14:07:11] - Test Loss 	 Test Acc 	 PGD Loss 	 PGD Acc
[2025/10/20 14:07:11] - 2.5975 	 	 0.5096 	 2.8855 	 0.2817
[2025/10/20 14:08:11] - 71 	 29.8 	 	 0.2000 	 4.0954 	 0.2765
[2025/10/20 14:08:11] - ==> Building model..
[2025/10/20 14:08:35] - Test Loss 	 Test Acc 	 PGD Loss 	 PGD Acc
[2025/10/20 14:08:35] - 2.5962 	 	 0.5105 	 2.8845 	 0.2820
[2025/10/20 14:09:35] - 72 	 29.7 	 	 0.2000 	 4.0942 	 0.2757
[2025/10/20 14:09:35] - ==> Building model..
[2025/10/20 14:09:59] - Test Loss 	 Test Acc 	 PGD Loss 	 PGD Acc
[2025/10/20 14:09:59] - 2.5969 	 	 0.5105 	 2.8845 	 0.2818
[2025/10/20 14:10:59] - 73 	 29.8 	 	 0.2000 	 4.0941 	 0.2778
[2025/10/20 14:10:59] - ==> Building model..
[2025/10/20 14:11:23] - Test Loss 	 Test Acc 	 PGD Loss 	 PGD Acc
[2025/10/20 14:11:23] - 2.5999 	 	 0.5094 	 2.8873 	 0.2819
[2025/10/20 14:12:23] - 74 	 29.5 	 	 0.2000 	 4.0944 	 0.2767
[2025/10/20 14:12:23] - ==> Building model..
[2025/10/20 14:12:46] - Test Loss 	 Test Acc 	 PGD Loss 	 PGD Acc
[2025/10/20 14:12:46] - 2.6014 	 	 0.5092 	 2.8877 	 0.2804
[2025/10/20 14:13:46] - 75 	 29.9 	 	 0.2000 	 4.0925 	 0.2781
[2025/10/20 14:13:46] - ==> Building model..
[2025/10/20 14:14:10] - Test Loss 	 Test Acc 	 PGD Loss 	 PGD Acc
[2025/10/20 14:14:10] - 2.6014 	 	 0.5093 	 2.8874 	 0.2794
[2025/10/20 14:15:10] - 76 	 29.2 	 	 0.2000 	 4.0933 	 0.2790
[2025/10/20 14:15:10] - ==> Building model..
[2025/10/20 14:15:34] - Test Loss 	 Test Acc 	 PGD Loss 	 PGD Acc
[2025/10/20 14:15:34] - 2.6020 	 	 0.5092 	 2.8877 	 0.2804
[2025/10/20 14:16:34] - 77 	 29.3 	 	 0.2000 	 4.0928 	 0.2795
[2025/10/20 14:16:34] - ==> Building model..
[2025/10/20 14:16:58] - Test Loss 	 Test Acc 	 PGD Loss 	 PGD Acc
[2025/10/20 14:16:58] - 2.6010 	 	 0.5095 	 2.8868 	 0.2805
[2025/10/20 14:17:57] - 78 	 29.8 	 	 0.2000 	 4.0917 	 0.2774
[2025/10/20 14:17:57] - ==> Building model..
[2025/10/20 14:18:22] - Test Loss 	 Test Acc 	 PGD Loss 	 PGD Acc
[2025/10/20 14:18:22] - 2.6004 	 	 0.5101 	 2.8870 	 0.2804
[2025/10/20 14:19:22] - 79 	 29.5 	 	 0.2000 	 4.0905 	 0.2799
[2025/10/20 14:19:22] - ==> Building model..
[2025/10/20 14:19:46] - Test Loss 	 Test Acc 	 PGD Loss 	 PGD Acc
[2025/10/20 14:19:46] - 2.6004 	 	 0.5100 	 2.8859 	 0.2806
[2025/10/20 14:20:45] - 80 	 28.8 	 	 0.2000 	 4.0928 	 0.2777
[2025/10/20 14:20:45] - ==> Building model..
[2025/10/20 14:21:09] - Test Loss 	 Test Acc 	 PGD Loss 	 PGD Acc
[2025/10/20 14:21:09] - 2.6006 	 	 0.5113 	 2.8868 	 0.2820
[2025/10/20 14:22:10] - 81 	 29.3 	 	 0.2000 	 4.0935 	 0.2784
[2025/10/20 14:22:10] - ==> Building model..
[2025/10/20 14:22:34] - Test Loss 	 Test Acc 	 PGD Loss 	 PGD Acc
[2025/10/20 14:22:34] - 2.6001 	 	 0.5114 	 2.8860 	 0.2809
[2025/10/20 14:23:34] - 82 	 28.7 	 	 0.2000 	 4.0915 	 0.2802
[2025/10/20 14:23:34] - ==> Building model..
[2025/10/20 14:23:58] - Test Loss 	 Test Acc 	 PGD Loss 	 PGD Acc
[2025/10/20 14:23:58] - 2.6006 	 	 0.5121 	 2.8864 	 0.2799
[2025/10/20 14:24:59] - 83 	 29.2 	 	 0.2000 	 4.0927 	 0.2794
[2025/10/20 14:24:59] - ==> Building model..
[2025/10/20 14:25:23] - Test Loss 	 Test Acc 	 PGD Loss 	 PGD Acc
[2025/10/20 14:25:23] - 2.6026 	 	 0.5109 	 2.8882 	 0.2794
[2025/10/20 14:26:23] - 84 	 28.8 	 	 0.2000 	 4.0933 	 0.2793
[2025/10/20 14:26:23] - ==> Building model..
[2025/10/20 14:26:47] - Test Loss 	 Test Acc 	 PGD Loss 	 PGD Acc
[2025/10/20 14:26:47] - 2.6058 	 	 0.5101 	 2.8901 	 0.2791
[2025/10/20 14:27:47] - 85 	 29.2 	 	 0.2000 	 4.0934 	 0.2764
[2025/10/20 14:27:47] - ==> Building model..
[2025/10/20 14:28:11] - Test Loss 	 Test Acc 	 PGD Loss 	 PGD Acc
[2025/10/20 14:28:11] - 2.6086 	 	 0.5091 	 2.8925 	 0.2797
[2025/10/20 14:29:10] - 86 	 29.1 	 	 0.2000 	 4.0914 	 0.2790
[2025/10/20 14:29:10] - ==> Building model..
[2025/10/20 14:29:35] - Test Loss 	 Test Acc 	 PGD Loss 	 PGD Acc
[2025/10/20 14:29:35] - 2.6105 	 	 0.5090 	 2.8947 	 0.2797
[2025/10/20 14:30:34] - 87 	 29.2 	 	 0.2000 	 4.0918 	 0.2776
[2025/10/20 14:30:34] - ==> Building model..
[2025/10/20 14:30:58] - Test Loss 	 Test Acc 	 PGD Loss 	 PGD Acc
[2025/10/20 14:30:58] - 2.6090 	 	 0.5088 	 2.8933 	 0.2790
[2025/10/20 14:31:56] - 88 	 27.9 	 	 0.2000 	 4.0934 	 0.2771
[2025/10/20 14:31:56] - ==> Building model..
[2025/10/20 14:32:20] - Test Loss 	 Test Acc 	 PGD Loss 	 PGD Acc
[2025/10/20 14:32:20] - 2.6101 	 	 0.5086 	 2.8937 	 0.2797
[2025/10/20 14:33:22] - 89 	 29.9 	 	 0.2000 	 4.0928 	 0.2778
[2025/10/20 14:33:22] - ==> Building model..
[2025/10/20 14:33:47] - Test Loss 	 Test Acc 	 PGD Loss 	 PGD Acc
[2025/10/20 14:33:47] - 2.6107 	 	 0.5086 	 2.8942 	 0.2798
[2025/10/20 14:34:48] - 90 	 29.6 	 	 0.2000 	 4.0927 	 0.2781
[2025/10/20 14:34:48] - ==> Building model..
[2025/10/20 14:35:13] - Test Loss 	 Test Acc 	 PGD Loss 	 PGD Acc
[2025/10/20 14:35:13] - 2.6117 	 	 0.5073 	 2.8947 	 0.2802
[2025/10/20 14:36:11] - 91 	 27.7 	 	 0.2000 	 4.0914 	 0.2801
[2025/10/20 14:36:11] - ==> Building model..
[2025/10/20 14:36:36] - Test Loss 	 Test Acc 	 PGD Loss 	 PGD Acc
[2025/10/20 14:36:36] - 2.6117 	 	 0.5084 	 2.8947 	 0.2803
[2025/10/20 14:37:35] - 92 	 28.4 	 	 0.2000 	 4.0914 	 0.2795
[2025/10/20 14:37:35] - ==> Building model..
[2025/10/20 14:38:01] - Test Loss 	 Test Acc 	 PGD Loss 	 PGD Acc
[2025/10/20 14:38:01] - 2.6107 	 	 0.5096 	 2.8937 	 0.2800
[2025/10/20 14:38:58] - 93 	 27.1 	 	 0.2000 	 4.0920 	 0.2785
[2025/10/20 14:38:58] - ==> Building model..
[2025/10/20 14:39:24] - Test Loss 	 Test Acc 	 PGD Loss 	 PGD Acc
[2025/10/20 14:39:24] - 2.6112 	 	 0.5104 	 2.8941 	 0.2800
[2025/10/20 14:40:23] - 94 	 28.6 	 	 0.0200 	 3.9995 	 0.3393
[2025/10/20 14:40:23] - ==> Building model..
[2025/10/20 14:40:49] - Test Loss 	 Test Acc 	 PGD Loss 	 PGD Acc
[2025/10/20 14:40:49] - 2.6081 	 	 0.5114 	 2.8916 	 0.2815
[2025/10/20 14:41:47] - 95 	 27.1 	 	 0.0200 	 3.9065 	 0.4013
[2025/10/20 14:41:47] - ==> Building model..
[2025/10/20 14:42:14] - Test Loss 	 Test Acc 	 PGD Loss 	 PGD Acc
[2025/10/20 14:42:14] - 2.6064 	 	 0.5121 	 2.8904 	 0.2816
[2025/10/20 14:43:11] - 96 	 27.2 	 	 0.0200 	 3.8800 	 0.4177
[2025/10/20 14:43:11] - ==> Building model..
[2025/10/20 14:43:39] - Test Loss 	 Test Acc 	 PGD Loss 	 PGD Acc
[2025/10/20 14:43:39] - 2.6061 	 	 0.5123 	 2.8907 	 0.2816
[2025/10/20 14:44:36] - 97 	 27.0 	 	 0.0200 	 3.8623 	 0.4282
[2025/10/20 14:44:36] - ==> Building model..
[2025/10/20 14:45:03] - Test Loss 	 Test Acc 	 PGD Loss 	 PGD Acc
[2025/10/20 14:45:03] - 2.6070 	 	 0.5123 	 2.8912 	 0.2818
[2025/10/20 14:46:01] - 98 	 27.0 	 	 0.0200 	 3.8491 	 0.4395
[2025/10/20 14:46:01] - ==> Building model..
[2025/10/20 14:46:28] - Test Loss 	 Test Acc 	 PGD Loss 	 PGD Acc
[2025/10/20 14:46:28] - 2.6086 	 	 0.5125 	 2.8925 	 0.2827
[2025/10/20 14:47:25] - 99 	 26.5 	 	 0.0020 	 3.8178 	 0.4636
[2025/10/20 14:47:25] - ==> Building model..
[2025/10/20 14:47:52] - Test Loss 	 Test Acc 	 PGD Loss 	 PGD Acc
[2025/10/20 14:47:52] - 2.6098 	 	 0.5123 	 2.8937 	 0.2831
[2025/10/20 14:48:50] - 100 	 26.8 	 	 0.0020 	 3.7896 	 0.4862
[2025/10/20 14:48:50] - ==> Building model..
[2025/10/20 14:49:17] - Test Loss 	 Test Acc 	 PGD Loss 	 PGD Acc
[2025/10/20 14:49:17] - 2.6098 	 	 0.5123 	 2.8937 	 0.2826
[2025/10/20 14:50:16] - 101 	 27.8 	 	 0.0020 	 3.7834 	 0.4913
[2025/10/20 14:50:16] - ==> Building model..
[2025/10/20 14:50:44] - Test Loss 	 Test Acc 	 PGD Loss 	 PGD Acc
[2025/10/20 14:50:44] - 2.6108 	 	 0.5122 	 2.8950 	 0.2822
[2025/10/20 14:51:43] - 102 	 27.9 	 	 0.0020 	 3.7774 	 0.4963
[2025/10/20 14:51:43] - ==> Building model..
[2025/10/20 14:52:10] - Test Loss 	 Test Acc 	 PGD Loss 	 PGD Acc
[2025/10/20 14:52:10] - 2.6108 	 	 0.5122 	 2.8943 	 0.2818
[2025/10/20 14:53:08] - 103 	 27.4 	 	 0.0020 	 3.7732 	 0.4999
[2025/10/20 14:53:08] - ==> Building model..
[2025/10/20 14:53:34] - Test Loss 	 Test Acc 	 PGD Loss 	 PGD Acc
[2025/10/20 14:53:34] - 2.6119 	 	 0.5124 	 2.8957 	 0.2819
[2025/10/20 14:54:32] - 104 	 27.1 	 	 0.0020 	 3.7690 	 0.5026
[2025/10/20 14:54:32] - ==> Building model..
[2025/10/20 14:54:59] - Test Loss 	 Test Acc 	 PGD Loss 	 PGD Acc
[2025/10/20 14:54:59] - 2.6119 	 	 0.5124 	 2.8958 	 0.2825
[2025/10/20 14:55:56] - 105 	 27.6 	 	 0.0020 	 3.7658 	 0.5043
[2025/10/20 14:55:56] - ==> Building model..
[2025/10/20 14:56:22] - Test Loss 	 Test Acc 	 PGD Loss 	 PGD Acc
[2025/10/20 14:56:22] - 2.6125 	 	 0.5124 	 2.8958 	 0.2825
[2025/10/20 14:57:21] - 106 	 27.8 	 	 0.0020 	 3.7613 	 0.5091
[2025/10/20 14:57:21] - ==> Building model..
[2025/10/20 14:57:47] - Test Loss 	 Test Acc 	 PGD Loss 	 PGD Acc
[2025/10/20 14:57:47] - 2.6131 	 	 0.5121 	 2.8966 	 0.2819
[2025/10/20 14:58:46] - 107 	 27.7 	 	 0.0020 	 3.7569 	 0.5138
[2025/10/20 14:58:46] - ==> Building model..
[2025/10/20 14:59:11] - Test Loss 	 Test Acc 	 PGD Loss 	 PGD Acc
[2025/10/20 14:59:11] - 2.6131 	 	 0.5121 	 2.8967 	 0.2827
[2025/10/20 15:00:09] - 108 	 27.0 	 	 0.0020 	 3.7536 	 0.5156
[2025/10/20 15:00:09] - ==> Building model..
[2025/10/20 15:00:37] - Test Loss 	 Test Acc 	 PGD Loss 	 PGD Acc
[2025/10/20 15:00:37] - 2.6131 	 	 0.5121 	 2.8967 	 0.2824
[2025/10/20 15:01:33] - 109 	 26.0 	 	 0.0020 	 3.7491 	 0.5188
[2025/10/20 15:01:33] - ==> Building model..
[2025/10/20 15:02:01] - Test Loss 	 Test Acc 	 PGD Loss 	 PGD Acc
[2025/10/20 15:02:01] - 2.6131 	 	 0.5121 	 2.8964 	 0.2819
[2025/10/20 15:02:01] - [0.0892, 0.1406, 0.1819, 0.2302, 0.263, 0.3043, 0.3396, 0.3739, 0.392, 0.4104, 0.4246, 0.4343, 0.4427, 0.4481, 0.4563, 0.4618, 0.4648, 0.468, 0.4735, 0.4781, 0.4792, 0.4844, 0.486, 0.4895, 0.4894, 0.4905, 0.4923, 0.4935, 0.4944, 0.4952, 0.4963, 0.4962, 0.496, 0.4957, 0.4976, 0.4973, 0.4988, 0.502, 0.5027, 0.5026, 0.5052, 0.5071, 0.5078, 0.5067, 0.5082, 0.5091, 0.51, 0.5098, 0.5107, 0.5096, 0.5092, 0.51, 0.5089, 0.5092, 0.5109, 0.5117, 0.5113, 0.5103, 0.512, 0.5131, 0.5124, 0.5125, 0.5119, 0.5124, 0.5114, 0.5125, 0.5113, 0.5109, 0.5107, 0.5084, 0.5096, 0.5105, 0.5105, 0.5094, 0.5092, 0.5093, 0.5092, 0.5095, 0.5101, 0.51, 0.5113, 0.5114, 0.5121, 0.5109, 0.5101, 0.5091, 0.509, 0.5088, 0.5086, 0.5086, 0.5073, 0.5084, 0.5096, 0.5104, 0.5114, 0.5121, 0.5123, 0.5123, 0.5125, 0.5123, 0.5123, 0.5122, 0.5122, 0.5124, 0.5124, 0.5124, 0.5121, 0.5121, 0.5121, 0.5121]
[2025/10/20 15:02:01] - [0.0572, 0.0932, 0.1119, 0.1367, 0.1552, 0.1766, 0.1894, 0.2017, 0.2131, 0.2221, 0.2265, 0.2319, 0.2367, 0.2399, 0.2443, 0.2459, 0.2492, 0.2502, 0.2539, 0.2554, 0.2569, 0.2575, 0.2588, 0.2602, 0.2614, 0.2626, 0.2635, 0.2635, 0.2641, 0.2666, 0.2659, 0.2646, 0.2642, 0.267, 0.2678, 0.2679, 0.2698, 0.2704, 0.2715, 0.2719, 0.2709, 0.2728, 0.2716, 0.2733, 0.2747, 0.2766, 0.2763, 0.2765, 0.2747, 0.2768, 0.2765, 0.276, 0.2768, 0.2771, 0.2774, 0.2778, 0.2768, 0.2769, 0.2766, 0.2775, 0.2782, 0.2786, 0.2792, 0.2795, 0.279, 0.2793, 0.281, 0.2814, 0.2818, 0.2811, 0.2817, 0.282, 0.2818, 0.2819, 0.2804, 0.2794, 0.2804, 0.2805, 0.2804, 0.2806, 0.282, 0.2809, 0.2799, 0.2794, 0.2791, 0.2797, 0.2797, 0.279, 0.2797, 0.2798, 0.2802, 0.2803, 0.28, 0.28, 0.2815, 0.2816, 0.2816, 0.2818, 0.2827, 0.2831, 0.2826, 0.2822, 0.2818, 0.2819, 0.2825, 0.2825, 0.2819, 0.2827, 0.2824, 0.2819]
