[2025/10/21 03:05:45] - Namespace(batch_size=128, data_dir='cifar-data', epochs=110, lr_schedule='multistep', lr_min=0.0, lr_max=0.2, weight_decay=0.0005, momentum=0.9, model='ResNet18', epsilon=8, alpha=8, delta_init='random', normal_mean=0, normal_std=1, out_dir='runs/beta_0.6/lam_44/lscale_0.11/seed_0', seed=0, lamda=44.0, lam_scale=0.11, lam_start=50, gamma=0.05, inner_gamma=0.05, beta=0.6, mu=3.5, batch_m=0.75, early_stop=False, factor=0.5, length=4, n_holes=1, c_num=0.125, EMA_value=0.55)
[2025/10/21 03:05:47] - ==> Building model..
[2025/10/21 03:05:47] - Epoch 	 Seconds 	 LR 	 	 Train Loss 	 Train Acc
[2025/10/21 03:06:40] - 0 	 29.1 	 	 0.2000 	 4.5659 	 0.0411
[2025/10/21 03:06:40] - ==> Building model..
[2025/10/21 03:07:04] - Test Loss 	 Test Acc 	 PGD Loss 	 PGD Acc
[2025/10/21 03:07:04] - 4.2010 	 	 0.0895 	 4.2151 	 0.0599
[2025/10/21 03:07:58] - 1 	 28.6 	 	 0.2000 	 4.4532 	 0.0810
[2025/10/21 03:07:58] - ==> Building model..
[2025/10/21 03:08:22] - Test Loss 	 Test Acc 	 PGD Loss 	 PGD Acc
[2025/10/21 03:08:22] - 3.9796 	 	 0.1505 	 4.0119 	 0.0951
[2025/10/21 03:09:14] - 2 	 27.8 	 	 0.2000 	 4.3994 	 0.1090
[2025/10/21 03:09:14] - ==> Building model..
[2025/10/21 03:09:38] - Test Loss 	 Test Acc 	 PGD Loss 	 PGD Acc
[2025/10/21 03:09:38] - 3.8796 	 	 0.1921 	 3.9286 	 0.1186
[2025/10/21 03:10:28] - 3 	 26.1 	 	 0.2000 	 4.3504 	 0.1324
[2025/10/21 03:10:28] - ==> Building model..
[2025/10/21 03:10:52] - Test Loss 	 Test Acc 	 PGD Loss 	 PGD Acc
[2025/10/21 03:10:52] - 3.7377 	 	 0.2390 	 3.8091 	 0.1401
[2025/10/21 03:11:45] - 4 	 28.6 	 	 0.2000 	 4.3072 	 0.1541
[2025/10/21 03:11:45] - ==> Building model..
[2025/10/21 03:12:08] - Test Loss 	 Test Acc 	 PGD Loss 	 PGD Acc
[2025/10/21 03:12:08] - 3.5627 	 	 0.2805 	 3.6617 	 0.1671
[2025/10/21 03:13:01] - 5 	 28.8 	 	 0.2000 	 4.2714 	 0.1723
[2025/10/21 03:13:01] - ==> Building model..
[2025/10/21 03:13:25] - Test Loss 	 Test Acc 	 PGD Loss 	 PGD Acc
[2025/10/21 03:13:25] - 3.3809 	 	 0.3190 	 3.5056 	 0.1813
[2025/10/21 03:14:18] - 6 	 29.0 	 	 0.2000 	 4.2409 	 0.1897
[2025/10/21 03:14:18] - ==> Building model..
[2025/10/21 03:14:42] - Test Loss 	 Test Acc 	 PGD Loss 	 PGD Acc
[2025/10/21 03:14:42] - 3.1933 	 	 0.3543 	 3.3479 	 0.1971
[2025/10/21 03:15:33] - 7 	 28.6 	 	 0.2000 	 4.2207 	 0.2005
[2025/10/21 03:15:33] - ==> Building model..
[2025/10/21 03:15:56] - Test Loss 	 Test Acc 	 PGD Loss 	 PGD Acc
[2025/10/21 03:15:56] - 3.0600 	 	 0.3843 	 3.2397 	 0.2075
[2025/10/21 03:16:49] - 8 	 28.1 	 	 0.2000 	 4.2027 	 0.2109
[2025/10/21 03:16:49] - ==> Building model..
[2025/10/21 03:17:12] - Test Loss 	 Test Acc 	 PGD Loss 	 PGD Acc
[2025/10/21 03:17:12] - 2.9586 	 	 0.4061 	 3.1596 	 0.2186
[2025/10/21 03:18:04] - 9 	 28.3 	 	 0.2000 	 4.1877 	 0.2204
[2025/10/21 03:18:04] - ==> Building model..
[2025/10/21 03:18:27] - Test Loss 	 Test Acc 	 PGD Loss 	 PGD Acc
[2025/10/21 03:18:27] - 2.9112 	 	 0.4165 	 3.1227 	 0.2249
[2025/10/21 03:19:18] - 10 	 27.6 	 	 0.2000 	 4.1761 	 0.2253
[2025/10/21 03:19:18] - ==> Building model..
[2025/10/21 03:19:41] - Test Loss 	 Test Acc 	 PGD Loss 	 PGD Acc
[2025/10/21 03:19:41] - 2.8610 	 	 0.4286 	 3.0835 	 0.2293
[2025/10/21 03:20:34] - 11 	 28.8 	 	 0.2000 	 4.1674 	 0.2301
[2025/10/21 03:20:34] - ==> Building model..
[2025/10/21 03:20:57] - Test Loss 	 Test Acc 	 PGD Loss 	 PGD Acc
[2025/10/21 03:20:57] - 2.8248 	 	 0.4380 	 3.0567 	 0.2359
[2025/10/21 03:21:48] - 12 	 27.9 	 	 0.2000 	 4.1583 	 0.2370
[2025/10/21 03:21:48] - ==> Building model..
[2025/10/21 03:22:12] - Test Loss 	 Test Acc 	 PGD Loss 	 PGD Acc
[2025/10/21 03:22:12] - 2.7959 	 	 0.4433 	 3.0350 	 0.2394
[2025/10/21 03:23:04] - 13 	 28.3 	 	 0.2000 	 4.1552 	 0.2360
[2025/10/21 03:23:04] - ==> Building model..
[2025/10/21 03:23:27] - Test Loss 	 Test Acc 	 PGD Loss 	 PGD Acc
[2025/10/21 03:23:27] - 2.7627 	 	 0.4492 	 3.0094 	 0.2427
[2025/10/21 03:24:19] - 14 	 28.1 	 	 0.2000 	 4.1502 	 0.2403
[2025/10/21 03:24:19] - ==> Building model..
[2025/10/21 03:24:42] - Test Loss 	 Test Acc 	 PGD Loss 	 PGD Acc
[2025/10/21 03:24:42] - 2.7413 	 	 0.4573 	 2.9937 	 0.2464
[2025/10/21 03:25:36] - 15 	 28.9 	 	 0.2000 	 4.1412 	 0.2445
[2025/10/21 03:25:36] - ==> Building model..
[2025/10/21 03:25:59] - Test Loss 	 Test Acc 	 PGD Loss 	 PGD Acc
[2025/10/21 03:25:59] - 2.7170 	 	 0.4638 	 2.9757 	 0.2509
[2025/10/21 03:26:51] - 16 	 28.4 	 	 0.2000 	 4.1379 	 0.2487
[2025/10/21 03:26:51] - ==> Building model..
[2025/10/21 03:27:14] - Test Loss 	 Test Acc 	 PGD Loss 	 PGD Acc
[2025/10/21 03:27:14] - 2.7078 	 	 0.4666 	 2.9679 	 0.2532
[2025/10/21 03:28:06] - 17 	 28.5 	 	 0.2000 	 4.1358 	 0.2471
[2025/10/21 03:28:06] - ==> Building model..
[2025/10/21 03:28:30] - Test Loss 	 Test Acc 	 PGD Loss 	 PGD Acc
[2025/10/21 03:28:30] - 2.6929 	 	 0.4721 	 2.9577 	 0.2549
[2025/10/21 03:29:22] - 18 	 28.4 	 	 0.2000 	 4.1304 	 0.2511
[2025/10/21 03:29:22] - ==> Building model..
[2025/10/21 03:29:45] - Test Loss 	 Test Acc 	 PGD Loss 	 PGD Acc
[2025/10/21 03:29:45] - 2.6770 	 	 0.4739 	 2.9459 	 0.2562
[2025/10/21 03:30:37] - 19 	 28.0 	 	 0.2000 	 4.1264 	 0.2554
[2025/10/21 03:30:37] - ==> Building model..
[2025/10/21 03:31:00] - Test Loss 	 Test Acc 	 PGD Loss 	 PGD Acc
[2025/10/21 03:31:00] - 2.6603 	 	 0.4802 	 2.9336 	 0.2558
[2025/10/21 03:31:51] - 20 	 27.5 	 	 0.2000 	 4.1249 	 0.2547
[2025/10/21 03:31:51] - ==> Building model..
[2025/10/21 03:32:14] - Test Loss 	 Test Acc 	 PGD Loss 	 PGD Acc
[2025/10/21 03:32:14] - 2.6503 	 	 0.4827 	 2.9266 	 0.2576
[2025/10/21 03:33:06] - 21 	 28.1 	 	 0.2000 	 4.1218 	 0.2581
[2025/10/21 03:33:06] - ==> Building model..
[2025/10/21 03:33:29] - Test Loss 	 Test Acc 	 PGD Loss 	 PGD Acc
[2025/10/21 03:33:29] - 2.6442 	 	 0.4837 	 2.9213 	 0.2587
[2025/10/21 03:34:23] - 22 	 28.2 	 	 0.2000 	 4.1203 	 0.2579
[2025/10/21 03:34:23] - ==> Building model..
[2025/10/21 03:34:46] - Test Loss 	 Test Acc 	 PGD Loss 	 PGD Acc
[2025/10/21 03:34:46] - 2.6352 	 	 0.4877 	 2.9150 	 0.2593
[2025/10/21 03:35:38] - 23 	 28.2 	 	 0.2000 	 4.1185 	 0.2592
[2025/10/21 03:35:38] - ==> Building model..
[2025/10/21 03:36:01] - Test Loss 	 Test Acc 	 PGD Loss 	 PGD Acc
[2025/10/21 03:36:01] - 2.6271 	 	 0.4895 	 2.9071 	 0.2602
[2025/10/21 03:36:53] - 24 	 28.0 	 	 0.2000 	 4.1153 	 0.2611
[2025/10/21 03:36:53] - ==> Building model..
[2025/10/21 03:37:17] - Test Loss 	 Test Acc 	 PGD Loss 	 PGD Acc
[2025/10/21 03:37:17] - 2.6220 	 	 0.4913 	 2.9045 	 0.2621
[2025/10/21 03:38:10] - 25 	 28.3 	 	 0.2000 	 4.1131 	 0.2641
[2025/10/21 03:38:10] - ==> Building model..
[2025/10/21 03:38:33] - Test Loss 	 Test Acc 	 PGD Loss 	 PGD Acc
[2025/10/21 03:38:33] - 2.6171 	 	 0.4931 	 2.9008 	 0.2627
[2025/10/21 03:39:27] - 26 	 28.9 	 	 0.2000 	 4.1105 	 0.2637
[2025/10/21 03:39:27] - ==> Building model..
[2025/10/21 03:39:50] - Test Loss 	 Test Acc 	 PGD Loss 	 PGD Acc
[2025/10/21 03:39:50] - 2.6176 	 	 0.4939 	 2.9029 	 0.2649
[2025/10/21 03:40:42] - 27 	 28.0 	 	 0.2000 	 4.1102 	 0.2642
[2025/10/21 03:40:42] - ==> Building model..
[2025/10/21 03:41:04] - Test Loss 	 Test Acc 	 PGD Loss 	 PGD Acc
[2025/10/21 03:41:04] - 2.6128 	 	 0.4954 	 2.8993 	 0.2649
[2025/10/21 03:41:56] - 28 	 28.1 	 	 0.2000 	 4.1088 	 0.2643
[2025/10/21 03:41:56] - ==> Building model..
[2025/10/21 03:42:19] - Test Loss 	 Test Acc 	 PGD Loss 	 PGD Acc
[2025/10/21 03:42:19] - 2.6143 	 	 0.4962 	 2.8999 	 0.2646
[2025/10/21 03:43:10] - 29 	 27.3 	 	 0.2000 	 4.1069 	 0.2666
[2025/10/21 03:43:10] - ==> Building model..
[2025/10/21 03:43:33] - Test Loss 	 Test Acc 	 PGD Loss 	 PGD Acc
[2025/10/21 03:43:33] - 2.6070 	 	 0.4964 	 2.8938 	 0.2666
[2025/10/21 03:44:24] - 30 	 27.2 	 	 0.2000 	 4.1076 	 0.2663
[2025/10/21 03:44:24] - ==> Building model..
[2025/10/21 03:44:47] - Test Loss 	 Test Acc 	 PGD Loss 	 PGD Acc
[2025/10/21 03:44:47] - 2.6037 	 	 0.4974 	 2.8909 	 0.2662
[2025/10/21 03:45:39] - 31 	 28.4 	 	 0.2000 	 4.1059 	 0.2658
[2025/10/21 03:45:39] - ==> Building model..
[2025/10/21 03:46:02] - Test Loss 	 Test Acc 	 PGD Loss 	 PGD Acc
[2025/10/21 03:46:02] - 2.6007 	 	 0.4980 	 2.8892 	 0.2682
[2025/10/21 03:46:53] - 32 	 28.1 	 	 0.2000 	 4.1037 	 0.2672
[2025/10/21 03:46:53] - ==> Building model..
[2025/10/21 03:47:15] - Test Loss 	 Test Acc 	 PGD Loss 	 PGD Acc
[2025/10/21 03:47:15] - 2.5943 	 	 0.5010 	 2.8843 	 0.2689
[2025/10/21 03:48:06] - 33 	 28.0 	 	 0.2000 	 4.1035 	 0.2681
[2025/10/21 03:48:06] - ==> Building model..
[2025/10/21 03:48:28] - Test Loss 	 Test Acc 	 PGD Loss 	 PGD Acc
[2025/10/21 03:48:28] - 2.5910 	 	 0.5007 	 2.8820 	 0.2705
[2025/10/21 03:49:20] - 34 	 27.9 	 	 0.2000 	 4.1032 	 0.2663
[2025/10/21 03:49:20] - ==> Building model..
[2025/10/21 03:49:42] - Test Loss 	 Test Acc 	 PGD Loss 	 PGD Acc
[2025/10/21 03:49:42] - 2.5899 	 	 0.4999 	 2.8803 	 0.2715
[2025/10/21 03:50:33] - 35 	 27.6 	 	 0.2000 	 4.0997 	 0.2708
[2025/10/21 03:50:33] - ==> Building model..
[2025/10/21 03:50:57] - Test Loss 	 Test Acc 	 PGD Loss 	 PGD Acc
[2025/10/21 03:50:57] - 2.5844 	 	 0.5019 	 2.8763 	 0.2709
[2025/10/21 03:51:49] - 36 	 28.2 	 	 0.2000 	 4.0997 	 0.2717
[2025/10/21 03:51:49] - ==> Building model..
[2025/10/21 03:52:11] - Test Loss 	 Test Acc 	 PGD Loss 	 PGD Acc
[2025/10/21 03:52:11] - 2.5787 	 	 0.5057 	 2.8728 	 0.2710
[2025/10/21 03:53:03] - 37 	 28.4 	 	 0.2000 	 4.0994 	 0.2684
[2025/10/21 03:53:03] - ==> Building model..
[2025/10/21 03:53:26] - Test Loss 	 Test Acc 	 PGD Loss 	 PGD Acc
[2025/10/21 03:53:26] - 2.5809 	 	 0.5045 	 2.8737 	 0.2710
[2025/10/21 03:54:16] - 38 	 27.3 	 	 0.2000 	 4.0973 	 0.2714
[2025/10/21 03:54:16] - ==> Building model..
[2025/10/21 03:54:39] - Test Loss 	 Test Acc 	 PGD Loss 	 PGD Acc
[2025/10/21 03:54:39] - 2.5796 	 	 0.5044 	 2.8727 	 0.2718
[2025/10/21 03:55:32] - 39 	 28.6 	 	 0.2000 	 4.0978 	 0.2712
[2025/10/21 03:55:32] - ==> Building model..
[2025/10/21 03:55:55] - Test Loss 	 Test Acc 	 PGD Loss 	 PGD Acc
[2025/10/21 03:55:55] - 2.5765 	 	 0.5038 	 2.8701 	 0.2722
[2025/10/21 03:56:46] - 40 	 27.8 	 	 0.2000 	 4.0952 	 0.2741
[2025/10/21 03:56:46] - ==> Building model..
[2025/10/21 03:57:09] - Test Loss 	 Test Acc 	 PGD Loss 	 PGD Acc
[2025/10/21 03:57:09] - 2.5747 	 	 0.5065 	 2.8688 	 0.2715
[2025/10/21 03:58:01] - 41 	 28.1 	 	 0.2000 	 4.0969 	 0.2711
[2025/10/21 03:58:01] - ==> Building model..
[2025/10/21 03:58:23] - Test Loss 	 Test Acc 	 PGD Loss 	 PGD Acc
[2025/10/21 03:58:23] - 2.5730 	 	 0.5064 	 2.8671 	 0.2723
[2025/10/21 03:59:16] - 42 	 28.4 	 	 0.2000 	 4.0974 	 0.2707
[2025/10/21 03:59:16] - ==> Building model..
[2025/10/21 03:59:39] - Test Loss 	 Test Acc 	 PGD Loss 	 PGD Acc
[2025/10/21 03:59:39] - 2.5714 	 	 0.5078 	 2.8660 	 0.2727
[2025/10/21 04:00:32] - 43 	 28.6 	 	 0.2000 	 4.0964 	 0.2720
[2025/10/21 04:00:32] - ==> Building model..
[2025/10/21 04:00:54] - Test Loss 	 Test Acc 	 PGD Loss 	 PGD Acc
[2025/10/21 04:00:54] - 2.5704 	 	 0.5084 	 2.8654 	 0.2728
[2025/10/21 04:01:47] - 44 	 27.6 	 	 0.2000 	 4.0946 	 0.2747
[2025/10/21 04:01:47] - ==> Building model..
[2025/10/21 04:02:09] - Test Loss 	 Test Acc 	 PGD Loss 	 PGD Acc
[2025/10/21 04:02:09] - 2.5666 	 	 0.5088 	 2.8629 	 0.2740
[2025/10/21 04:03:00] - 45 	 27.7 	 	 0.2000 	 4.0928 	 0.2732
[2025/10/21 04:03:00] - ==> Building model..
[2025/10/21 04:03:23] - Test Loss 	 Test Acc 	 PGD Loss 	 PGD Acc
[2025/10/21 04:03:23] - 2.5651 	 	 0.5114 	 2.8623 	 0.2749
[2025/10/21 04:04:15] - 46 	 27.3 	 	 0.2000 	 4.0911 	 0.2752
[2025/10/21 04:04:15] - ==> Building model..
[2025/10/21 04:04:38] - Test Loss 	 Test Acc 	 PGD Loss 	 PGD Acc
[2025/10/21 04:04:38] - 2.5616 	 	 0.5140 	 2.8602 	 0.2755
[2025/10/21 04:05:30] - 47 	 27.9 	 	 0.2000 	 4.0933 	 0.2721
[2025/10/21 04:05:30] - ==> Building model..
[2025/10/21 04:05:53] - Test Loss 	 Test Acc 	 PGD Loss 	 PGD Acc
[2025/10/21 04:05:53] - 2.5602 	 	 0.5124 	 2.8590 	 0.2754
[2025/10/21 04:06:45] - 48 	 28.0 	 	 0.2000 	 4.0904 	 0.2761
[2025/10/21 04:06:45] - ==> Building model..
[2025/10/21 04:07:09] - Test Loss 	 Test Acc 	 PGD Loss 	 PGD Acc
[2025/10/21 04:07:09] - 2.5584 	 	 0.5121 	 2.8576 	 0.2766
[2025/10/21 04:07:59] - 49 	 27.4 	 	 0.2000 	 4.0902 	 0.2781
[2025/10/21 04:07:59] - ==> Building model..
[2025/10/21 04:08:22] - Test Loss 	 Test Acc 	 PGD Loss 	 PGD Acc
[2025/10/21 04:08:22] - 2.5590 	 	 0.5125 	 2.8576 	 0.2769
[2025/10/21 04:09:13] - 50 	 28.0 	 	 0.2000 	 4.0893 	 0.2746
[2025/10/21 04:09:13] - ==> Building model..
[2025/10/21 04:09:36] - Test Loss 	 Test Acc 	 PGD Loss 	 PGD Acc
[2025/10/21 04:09:36] - 2.5601 	 	 0.5123 	 2.8585 	 0.2785
[2025/10/21 04:10:26] - 51 	 27.6 	 	 0.2000 	 4.0925 	 0.2750
[2025/10/21 04:10:26] - ==> Building model..
[2025/10/21 04:10:48] - Test Loss 	 Test Acc 	 PGD Loss 	 PGD Acc
[2025/10/21 04:10:48] - 2.5605 	 	 0.5134 	 2.8591 	 0.2781
[2025/10/21 04:11:39] - 52 	 27.6 	 	 0.2000 	 4.0918 	 0.2752
[2025/10/21 04:11:39] - ==> Building model..
[2025/10/21 04:12:02] - Test Loss 	 Test Acc 	 PGD Loss 	 PGD Acc
[2025/10/21 04:12:02] - 2.5599 	 	 0.5148 	 2.8590 	 0.2781
[2025/10/21 04:12:52] - 53 	 27.2 	 	 0.2000 	 4.0915 	 0.2781
[2025/10/21 04:12:52] - ==> Building model..
[2025/10/21 04:13:15] - Test Loss 	 Test Acc 	 PGD Loss 	 PGD Acc
[2025/10/21 04:13:15] - 2.5612 	 	 0.5130 	 2.8594 	 0.2783
[2025/10/21 04:14:05] - 54 	 26.9 	 	 0.2000 	 4.0933 	 0.2747
[2025/10/21 04:14:05] - ==> Building model..
[2025/10/21 04:14:28] - Test Loss 	 Test Acc 	 PGD Loss 	 PGD Acc
[2025/10/21 04:14:28] - 2.5621 	 	 0.5138 	 2.8598 	 0.2770
[2025/10/21 04:15:17] - 55 	 26.6 	 	 0.2000 	 4.0932 	 0.2754
[2025/10/21 04:15:17] - ==> Building model..
[2025/10/21 04:15:40] - Test Loss 	 Test Acc 	 PGD Loss 	 PGD Acc
[2025/10/21 04:15:40] - 2.5628 	 	 0.5142 	 2.8606 	 0.2773
[2025/10/21 04:16:30] - 56 	 26.3 	 	 0.2000 	 4.0922 	 0.2759
[2025/10/21 04:16:30] - ==> Building model..
[2025/10/21 04:16:55] - Test Loss 	 Test Acc 	 PGD Loss 	 PGD Acc
[2025/10/21 04:16:55] - 2.5639 	 	 0.5151 	 2.8618 	 0.2787
[2025/10/21 04:17:43] - 57 	 26.0 	 	 0.2000 	 4.0939 	 0.2792
[2025/10/21 04:17:43] - ==> Building model..
[2025/10/21 04:18:08] - Test Loss 	 Test Acc 	 PGD Loss 	 PGD Acc
[2025/10/21 04:18:08] - 2.5654 	 	 0.5154 	 2.8628 	 0.2793
[2025/10/21 04:18:58] - 58 	 26.9 	 	 0.2000 	 4.0934 	 0.2776
[2025/10/21 04:18:58] - ==> Building model..
[2025/10/21 04:19:23] - Test Loss 	 Test Acc 	 PGD Loss 	 PGD Acc
[2025/10/21 04:19:23] - 2.5695 	 	 0.5142 	 2.8651 	 0.2784
[2025/10/21 04:20:11] - 59 	 26.0 	 	 0.2000 	 4.0955 	 0.2768
[2025/10/21 04:20:11] - ==> Building model..
[2025/10/21 04:20:38] - Test Loss 	 Test Acc 	 PGD Loss 	 PGD Acc
[2025/10/21 04:20:38] - 2.5714 	 	 0.5139 	 2.8654 	 0.2791
[2025/10/21 04:21:25] - 60 	 24.9 	 	 0.2000 	 4.0950 	 0.2786
[2025/10/21 04:21:25] - ==> Building model..
[2025/10/21 04:21:50] - Test Loss 	 Test Acc 	 PGD Loss 	 PGD Acc
[2025/10/21 04:21:50] - 2.5756 	 	 0.5151 	 2.8691 	 0.2790
[2025/10/21 04:22:39] - 61 	 25.1 	 	 0.2000 	 4.0961 	 0.2763
[2025/10/21 04:22:39] - ==> Building model..
[2025/10/21 04:23:05] - Test Loss 	 Test Acc 	 PGD Loss 	 PGD Acc
[2025/10/21 04:23:05] - 2.5799 	 	 0.5130 	 2.8714 	 0.2780
[2025/10/21 04:23:53] - 62 	 25.5 	 	 0.2000 	 4.0949 	 0.2793
[2025/10/21 04:23:53] - ==> Building model..
[2025/10/21 04:24:18] - Test Loss 	 Test Acc 	 PGD Loss 	 PGD Acc
[2025/10/21 04:24:18] - 2.5833 	 	 0.5124 	 2.8739 	 0.2783
[2025/10/21 04:25:09] - 63 	 26.7 	 	 0.2000 	 4.0957 	 0.2749
[2025/10/21 04:25:09] - ==> Building model..
[2025/10/21 04:25:33] - Test Loss 	 Test Acc 	 PGD Loss 	 PGD Acc
[2025/10/21 04:25:33] - 2.5858 	 	 0.5134 	 2.8756 	 0.2787
[2025/10/21 04:26:21] - 64 	 25.7 	 	 0.2000 	 4.0938 	 0.2790
[2025/10/21 04:26:21] - ==> Building model..
[2025/10/21 04:26:46] - Test Loss 	 Test Acc 	 PGD Loss 	 PGD Acc
[2025/10/21 04:26:46] - 2.5881 	 	 0.5139 	 2.8775 	 0.2794
[2025/10/21 04:27:35] - 65 	 25.5 	 	 0.2000 	 4.0940 	 0.2782
[2025/10/21 04:27:35] - ==> Building model..
[2025/10/21 04:27:59] - Test Loss 	 Test Acc 	 PGD Loss 	 PGD Acc
[2025/10/21 04:27:59] - 2.5906 	 	 0.5146 	 2.8793 	 0.2800
[2025/10/21 04:28:47] - 66 	 25.9 	 	 0.2000 	 4.0946 	 0.2769
[2025/10/21 04:28:47] - ==> Building model..
[2025/10/21 04:29:12] - Test Loss 	 Test Acc 	 PGD Loss 	 PGD Acc
[2025/10/21 04:29:12] - 2.5919 	 	 0.5152 	 2.8802 	 0.2797
[2025/10/21 04:30:00] - 67 	 26.0 	 	 0.2000 	 4.0948 	 0.2780
[2025/10/21 04:30:00] - ==> Building model..
[2025/10/21 04:30:24] - Test Loss 	 Test Acc 	 PGD Loss 	 PGD Acc
[2025/10/21 04:30:24] - 2.5928 	 	 0.5142 	 2.8807 	 0.2802
[2025/10/21 04:31:16] - 68 	 27.7 	 	 0.2000 	 4.0944 	 0.2783
[2025/10/21 04:31:16] - ==> Building model..
[2025/10/21 04:31:40] - Test Loss 	 Test Acc 	 PGD Loss 	 PGD Acc
[2025/10/21 04:31:40] - 2.5936 	 	 0.5148 	 2.8808 	 0.2803
[2025/10/21 04:32:31] - 69 	 27.5 	 	 0.2000 	 4.0944 	 0.2758
[2025/10/21 04:32:31] - ==> Building model..
[2025/10/21 04:32:54] - Test Loss 	 Test Acc 	 PGD Loss 	 PGD Acc
[2025/10/21 04:32:54] - 2.5948 	 	 0.5150 	 2.8813 	 0.2802
[2025/10/21 04:33:44] - 70 	 27.2 	 	 0.2000 	 4.0955 	 0.2760
[2025/10/21 04:33:44] - ==> Building model..
[2025/10/21 04:34:08] - Test Loss 	 Test Acc 	 PGD Loss 	 PGD Acc
[2025/10/21 04:34:08] - 2.5962 	 	 0.5145 	 2.8826 	 0.2798
[2025/10/21 04:34:59] - 71 	 27.6 	 	 0.2000 	 4.0933 	 0.2771
[2025/10/21 04:34:59] - ==> Building model..
[2025/10/21 04:35:22] - Test Loss 	 Test Acc 	 PGD Loss 	 PGD Acc
[2025/10/21 04:35:22] - 2.5975 	 	 0.5150 	 2.8838 	 0.2793
[2025/10/21 04:36:13] - 72 	 27.8 	 	 0.2000 	 4.0946 	 0.2767
[2025/10/21 04:36:13] - ==> Building model..
[2025/10/21 04:36:36] - Test Loss 	 Test Acc 	 PGD Loss 	 PGD Acc
[2025/10/21 04:36:36] - 2.5977 	 	 0.5140 	 2.8839 	 0.2802
[2025/10/21 04:37:27] - 73 	 27.5 	 	 0.2000 	 4.0935 	 0.2761
[2025/10/21 04:37:27] - ==> Building model..
[2025/10/21 04:37:51] - Test Loss 	 Test Acc 	 PGD Loss 	 PGD Acc
[2025/10/21 04:37:51] - 2.6000 	 	 0.5160 	 2.8861 	 0.2799
[2025/10/21 04:38:40] - 74 	 27.4 	 	 0.2000 	 4.0947 	 0.2782
[2025/10/21 04:38:40] - ==> Building model..
[2025/10/21 04:39:03] - Test Loss 	 Test Acc 	 PGD Loss 	 PGD Acc
[2025/10/21 04:39:03] - 2.6009 	 	 0.5160 	 2.8868 	 0.2797
[2025/10/21 04:39:52] - 75 	 27.3 	 	 0.2000 	 4.0930 	 0.2784
[2025/10/21 04:39:52] - ==> Building model..
[2025/10/21 04:40:15] - Test Loss 	 Test Acc 	 PGD Loss 	 PGD Acc
[2025/10/21 04:40:15] - 2.6023 	 	 0.5165 	 2.8880 	 0.2793
[2025/10/21 04:41:05] - 76 	 27.9 	 	 0.2000 	 4.0935 	 0.2790
[2025/10/21 04:41:05] - ==> Building model..
[2025/10/21 04:41:28] - Test Loss 	 Test Acc 	 PGD Loss 	 PGD Acc
[2025/10/21 04:41:28] - 2.6034 	 	 0.5147 	 2.8884 	 0.2794
[2025/10/21 04:42:17] - 77 	 27.6 	 	 0.2000 	 4.0924 	 0.2786
[2025/10/21 04:42:17] - ==> Building model..
[2025/10/21 04:42:41] - Test Loss 	 Test Acc 	 PGD Loss 	 PGD Acc
[2025/10/21 04:42:41] - 2.6040 	 	 0.5155 	 2.8890 	 0.2789
[2025/10/21 04:43:29] - 78 	 27.2 	 	 0.2000 	 4.0933 	 0.2786
[2025/10/21 04:43:29] - ==> Building model..
[2025/10/21 04:43:53] - Test Loss 	 Test Acc 	 PGD Loss 	 PGD Acc
[2025/10/21 04:43:53] - 2.6045 	 	 0.5156 	 2.8893 	 0.2795
[2025/10/21 04:44:44] - 79 	 28.3 	 	 0.2000 	 4.0932 	 0.2774
[2025/10/21 04:44:44] - ==> Building model..
[2025/10/21 04:45:07] - Test Loss 	 Test Acc 	 PGD Loss 	 PGD Acc
[2025/10/21 04:45:07] - 2.6057 	 	 0.5151 	 2.8899 	 0.2815
[2025/10/21 04:45:56] - 80 	 27.6 	 	 0.2000 	 4.0911 	 0.2808
[2025/10/21 04:45:56] - ==> Building model..
[2025/10/21 04:46:20] - Test Loss 	 Test Acc 	 PGD Loss 	 PGD Acc
[2025/10/21 04:46:20] - 2.6047 	 	 0.5158 	 2.8892 	 0.2804
[2025/10/21 04:47:11] - 81 	 28.1 	 	 0.2000 	 4.0923 	 0.2769
[2025/10/21 04:47:11] - ==> Building model..
[2025/10/21 04:47:35] - Test Loss 	 Test Acc 	 PGD Loss 	 PGD Acc
[2025/10/21 04:47:35] - 2.6048 	 	 0.5163 	 2.8899 	 0.2802
[2025/10/21 04:48:25] - 82 	 28.2 	 	 0.2000 	 4.0938 	 0.2778
[2025/10/21 04:48:25] - ==> Building model..
[2025/10/21 04:48:48] - Test Loss 	 Test Acc 	 PGD Loss 	 PGD Acc
[2025/10/21 04:48:48] - 2.6035 	 	 0.5172 	 2.8893 	 0.2813
[2025/10/21 04:49:38] - 83 	 28.0 	 	 0.2000 	 4.0907 	 0.2803
[2025/10/21 04:49:38] - ==> Building model..
[2025/10/21 04:50:01] - Test Loss 	 Test Acc 	 PGD Loss 	 PGD Acc
[2025/10/21 04:50:01] - 2.6046 	 	 0.5173 	 2.8898 	 0.2815
[2025/10/21 04:50:52] - 84 	 28.0 	 	 0.2000 	 4.0933 	 0.2779
[2025/10/21 04:50:52] - ==> Building model..
[2025/10/21 04:51:15] - Test Loss 	 Test Acc 	 PGD Loss 	 PGD Acc
[2025/10/21 04:51:15] - 2.6045 	 	 0.5157 	 2.8901 	 0.2823
[2025/10/21 04:52:06] - 85 	 28.1 	 	 0.2000 	 4.0927 	 0.2792
[2025/10/21 04:52:06] - ==> Building model..
[2025/10/21 04:52:29] - Test Loss 	 Test Acc 	 PGD Loss 	 PGD Acc
[2025/10/21 04:52:29] - 2.6050 	 	 0.5162 	 2.8900 	 0.2824
[2025/10/21 04:53:20] - 86 	 28.3 	 	 0.2000 	 4.0922 	 0.2792
[2025/10/21 04:53:20] - ==> Building model..
[2025/10/21 04:53:43] - Test Loss 	 Test Acc 	 PGD Loss 	 PGD Acc
[2025/10/21 04:53:43] - 2.6048 	 	 0.5164 	 2.8905 	 0.2822
[2025/10/21 04:54:34] - 87 	 27.9 	 	 0.2000 	 4.0918 	 0.2795
[2025/10/21 04:54:34] - ==> Building model..
[2025/10/21 04:54:57] - Test Loss 	 Test Acc 	 PGD Loss 	 PGD Acc
[2025/10/21 04:54:57] - 2.6057 	 	 0.5179 	 2.8912 	 0.2840
[2025/10/21 04:55:50] - 88 	 28.4 	 	 0.2000 	 4.0938 	 0.2784
[2025/10/21 04:55:50] - ==> Building model..
[2025/10/21 04:56:12] - Test Loss 	 Test Acc 	 PGD Loss 	 PGD Acc
[2025/10/21 04:56:12] - 2.6062 	 	 0.5171 	 2.8922 	 0.2831
[2025/10/21 04:57:03] - 89 	 27.1 	 	 0.2000 	 4.0931 	 0.2814
[2025/10/21 04:57:03] - ==> Building model..
[2025/10/21 04:57:25] - Test Loss 	 Test Acc 	 PGD Loss 	 PGD Acc
[2025/10/21 04:57:25] - 2.6064 	 	 0.5172 	 2.8917 	 0.2828
[2025/10/21 04:58:16] - 90 	 27.6 	 	 0.2000 	 4.0903 	 0.2821
[2025/10/21 04:58:16] - ==> Building model..
[2025/10/21 04:58:39] - Test Loss 	 Test Acc 	 PGD Loss 	 PGD Acc
[2025/10/21 04:58:39] - 2.6068 	 	 0.5165 	 2.8917 	 0.2839
[2025/10/21 04:59:30] - 91 	 28.0 	 	 0.2000 	 4.0918 	 0.2799
[2025/10/21 04:59:30] - ==> Building model..
[2025/10/21 04:59:52] - Test Loss 	 Test Acc 	 PGD Loss 	 PGD Acc
[2025/10/21 04:59:52] - 2.6073 	 	 0.5155 	 2.8918 	 0.2833
[2025/10/21 05:00:45] - 92 	 29.1 	 	 0.2000 	 4.0925 	 0.2777
[2025/10/21 05:00:45] - ==> Building model..
[2025/10/21 05:01:07] - Test Loss 	 Test Acc 	 PGD Loss 	 PGD Acc
[2025/10/21 05:01:07] - 2.6094 	 	 0.5158 	 2.8939 	 0.2828
[2025/10/21 05:01:58] - 93 	 27.7 	 	 0.2000 	 4.0920 	 0.2787
[2025/10/21 05:01:58] - ==> Building model..
[2025/10/21 05:02:21] - Test Loss 	 Test Acc 	 PGD Loss 	 PGD Acc
[2025/10/21 05:02:21] - 2.6102 	 	 0.5160 	 2.8945 	 0.2835
[2025/10/21 05:03:12] - 94 	 27.9 	 	 0.0200 	 3.9997 	 0.3424
[2025/10/21 05:03:12] - ==> Building model..
[2025/10/21 05:03:35] - Test Loss 	 Test Acc 	 PGD Loss 	 PGD Acc
[2025/10/21 05:03:35] - 2.6078 	 	 0.5156 	 2.8925 	 0.2837
[2025/10/21 05:04:24] - 95 	 26.1 	 	 0.0200 	 3.9062 	 0.4045
[2025/10/21 05:04:24] - ==> Building model..
[2025/10/21 05:04:48] - Test Loss 	 Test Acc 	 PGD Loss 	 PGD Acc
[2025/10/21 05:04:48] - 2.6058 	 	 0.5164 	 2.8908 	 0.2835
[2025/10/21 05:05:37] - 96 	 25.9 	 	 0.0200 	 3.8821 	 0.4190
[2025/10/21 05:05:37] - ==> Building model..
[2025/10/21 05:06:02] - Test Loss 	 Test Acc 	 PGD Loss 	 PGD Acc
[2025/10/21 05:06:02] - 2.6055 	 	 0.5172 	 2.8907 	 0.2844
[2025/10/21 05:06:52] - 97 	 25.6 	 	 0.0200 	 3.8643 	 0.4310
[2025/10/21 05:06:52] - ==> Building model..
[2025/10/21 05:07:17] - Test Loss 	 Test Acc 	 PGD Loss 	 PGD Acc
[2025/10/21 05:07:17] - 2.6063 	 	 0.5173 	 2.8916 	 0.2840
[2025/10/21 05:08:06] - 98 	 24.7 	 	 0.0200 	 3.8492 	 0.4410
[2025/10/21 05:08:06] - ==> Building model..
[2025/10/21 05:08:30] - Test Loss 	 Test Acc 	 PGD Loss 	 PGD Acc
[2025/10/21 05:08:30] - 2.6073 	 	 0.5171 	 2.8922 	 0.2850
[2025/10/21 05:09:19] - 99 	 24.5 	 	 0.0020 	 3.8181 	 0.4657
[2025/10/21 05:09:19] - ==> Building model..
[2025/10/21 05:09:45] - Test Loss 	 Test Acc 	 PGD Loss 	 PGD Acc
[2025/10/21 05:09:45] - 2.6087 	 	 0.5173 	 2.8936 	 0.2849
[2025/10/21 05:10:34] - 100 	 25.0 	 	 0.0020 	 3.7901 	 0.4884
[2025/10/21 05:10:34] - ==> Building model..
[2025/10/21 05:10:59] - Test Loss 	 Test Acc 	 PGD Loss 	 PGD Acc
[2025/10/21 05:10:59] - 2.6091 	 	 0.5171 	 2.8942 	 0.2849
[2025/10/21 05:11:49] - 101 	 25.0 	 	 0.0020 	 3.7853 	 0.4926
[2025/10/21 05:11:49] - ==> Building model..
[2025/10/21 05:12:15] - Test Loss 	 Test Acc 	 PGD Loss 	 PGD Acc
[2025/10/21 05:12:15] - 2.6097 	 	 0.5172 	 2.8944 	 0.2839
[2025/10/21 05:13:04] - 102 	 24.8 	 	 0.0020 	 3.7791 	 0.4982
[2025/10/21 05:13:04] - ==> Building model..
[2025/10/21 05:13:29] - Test Loss 	 Test Acc 	 PGD Loss 	 PGD Acc
[2025/10/21 05:13:29] - 2.6097 	 	 0.5172 	 2.8942 	 0.2842
[2025/10/21 05:14:19] - 103 	 25.5 	 	 0.0020 	 3.7750 	 0.5012
[2025/10/21 05:14:19] - ==> Building model..
[2025/10/21 05:14:44] - Test Loss 	 Test Acc 	 PGD Loss 	 PGD Acc
[2025/10/21 05:14:44] - 2.6103 	 	 0.5169 	 2.8949 	 0.2849
[2025/10/21 05:15:33] - 104 	 24.6 	 	 0.0020 	 3.7706 	 0.5037
[2025/10/21 05:15:33] - ==> Building model..
[2025/10/21 05:15:59] - Test Loss 	 Test Acc 	 PGD Loss 	 PGD Acc
[2025/10/21 05:15:59] - 2.6109 	 	 0.5169 	 2.8956 	 0.2848
[2025/10/21 05:16:48] - 105 	 25.2 	 	 0.0020 	 3.7667 	 0.5073
[2025/10/21 05:16:48] - ==> Building model..
[2025/10/21 05:17:14] - Test Loss 	 Test Acc 	 PGD Loss 	 PGD Acc
[2025/10/21 05:17:14] - 2.6109 	 	 0.5169 	 2.8956 	 0.2844
[2025/10/21 05:18:02] - 106 	 24.5 	 	 0.0020 	 3.7625 	 0.5100
[2025/10/21 05:18:02] - ==> Building model..
[2025/10/21 05:18:27] - Test Loss 	 Test Acc 	 PGD Loss 	 PGD Acc
[2025/10/21 05:18:27] - 2.6109 	 	 0.5169 	 2.8953 	 0.2850
[2025/10/21 05:19:17] - 107 	 25.8 	 	 0.0020 	 3.7588 	 0.5117
[2025/10/21 05:19:17] - ==> Building model..
[2025/10/21 05:19:43] - Test Loss 	 Test Acc 	 PGD Loss 	 PGD Acc
[2025/10/21 05:19:43] - 2.6109 	 	 0.5169 	 2.8962 	 0.2850
[2025/10/21 05:20:31] - 108 	 24.4 	 	 0.0020 	 3.7560 	 0.5163
[2025/10/21 05:20:31] - ==> Building model..
[2025/10/21 05:20:57] - Test Loss 	 Test Acc 	 PGD Loss 	 PGD Acc
[2025/10/21 05:20:57] - 2.6109 	 	 0.5169 	 2.8956 	 0.2843
[2025/10/21 05:21:46] - 109 	 24.8 	 	 0.0020 	 3.7515 	 0.5180
[2025/10/21 05:21:46] - ==> Building model..
[2025/10/21 05:22:11] - Test Loss 	 Test Acc 	 PGD Loss 	 PGD Acc
[2025/10/21 05:22:11] - 2.6109 	 	 0.5169 	 2.8959 	 0.2847
[2025/10/21 05:22:11] - [0.0895, 0.1505, 0.1921, 0.239, 0.2805, 0.319, 0.3543, 0.3843, 0.4061, 0.4165, 0.4286, 0.438, 0.4433, 0.4492, 0.4573, 0.4638, 0.4666, 0.4721, 0.4739, 0.4802, 0.4827, 0.4837, 0.4877, 0.4895, 0.4913, 0.4931, 0.4939, 0.4954, 0.4962, 0.4964, 0.4974, 0.498, 0.501, 0.5007, 0.4999, 0.5019, 0.5057, 0.5045, 0.5044, 0.5038, 0.5065, 0.5064, 0.5078, 0.5084, 0.5088, 0.5114, 0.514, 0.5124, 0.5121, 0.5125, 0.5123, 0.5134, 0.5148, 0.513, 0.5138, 0.5142, 0.5151, 0.5154, 0.5142, 0.5139, 0.5151, 0.513, 0.5124, 0.5134, 0.5139, 0.5146, 0.5152, 0.5142, 0.5148, 0.515, 0.5145, 0.515, 0.514, 0.516, 0.516, 0.5165, 0.5147, 0.5155, 0.5156, 0.5151, 0.5158, 0.5163, 0.5172, 0.5173, 0.5157, 0.5162, 0.5164, 0.5179, 0.5171, 0.5172, 0.5165, 0.5155, 0.5158, 0.516, 0.5156, 0.5164, 0.5172, 0.5173, 0.5171, 0.5173, 0.5171, 0.5172, 0.5172, 0.5169, 0.5169, 0.5169, 0.5169, 0.5169, 0.5169, 0.5169]
[2025/10/21 05:22:11] - [0.0599, 0.0951, 0.1186, 0.1401, 0.1671, 0.1813, 0.1971, 0.2075, 0.2186, 0.2249, 0.2293, 0.2359, 0.2394, 0.2427, 0.2464, 0.2509, 0.2532, 0.2549, 0.2562, 0.2558, 0.2576, 0.2587, 0.2593, 0.2602, 0.2621, 0.2627, 0.2649, 0.2649, 0.2646, 0.2666, 0.2662, 0.2682, 0.2689, 0.2705, 0.2715, 0.2709, 0.271, 0.271, 0.2718, 0.2722, 0.2715, 0.2723, 0.2727, 0.2728, 0.274, 0.2749, 0.2755, 0.2754, 0.2766, 0.2769, 0.2785, 0.2781, 0.2781, 0.2783, 0.277, 0.2773, 0.2787, 0.2793, 0.2784, 0.2791, 0.279, 0.278, 0.2783, 0.2787, 0.2794, 0.28, 0.2797, 0.2802, 0.2803, 0.2802, 0.2798, 0.2793, 0.2802, 0.2799, 0.2797, 0.2793, 0.2794, 0.2789, 0.2795, 0.2815, 0.2804, 0.2802, 0.2813, 0.2815, 0.2823, 0.2824, 0.2822, 0.284, 0.2831, 0.2828, 0.2839, 0.2833, 0.2828, 0.2835, 0.2837, 0.2835, 0.2844, 0.284, 0.285, 0.2849, 0.2849, 0.2839, 0.2842, 0.2849, 0.2848, 0.2844, 0.285, 0.285, 0.2843, 0.2847]
