[2025/09/21 10:33:02] - Namespace(batch_size=128, data_dir='cifar-data', epochs=100, lr_schedule='multistep', lr_min=0.0, lr_max=0.2, weight_decay=0.0005, momentum=0.9, model='ResNet18', epsilon=8, alpha=8, delta_init='random', normal_mean=0, normal_std=1, out_dir='./output/CIFAR100/beta_0.4', seed=0, lamda=42, lam_scale=0.1, lam_start=50, gamma=0.05, inner_gamma=0.05, beta=0.4, mu=3.5, batch_m=0.75, early_stop=False, factor=0.5, length=4, n_holes=1, c_num=0.125, EMA_value=0.55)
[2025/09/21 10:33:07] - ==> Building model..
[2025/09/21 10:33:07] - Epoch 	 Seconds 	 LR 	 	 Train Loss 	 Train Acc
[2025/09/21 10:34:27] - 0 	 51.4 	 	 0.0100 	 4.6438 	 0.0257
[2025/09/21 10:34:27] - ==> Building model..
[2025/09/21 10:35:05] - Test Loss 	 Test Acc 	 PGD Loss 	 PGD Acc
[2025/09/21 10:35:05] - 4.2669 	 	 0.0800 	 4.2856 	 0.0440
[2025/09/21 10:36:24] - 1 	 47.5 	 	 0.0199 	 4.4886 	 0.0646
[2025/09/21 10:36:24] - ==> Building model..
[2025/09/21 10:37:01] - Test Loss 	 Test Acc 	 PGD Loss 	 PGD Acc
[2025/09/21 10:37:01] - 4.0439 	 	 0.1299 	 4.0758 	 0.0765
[2025/09/21 10:38:20] - 2 	 48.9 	 	 0.0299 	 4.4317 	 0.0966
[2025/09/21 10:38:20] - ==> Building model..
[2025/09/21 10:38:59] - Test Loss 	 Test Acc 	 PGD Loss 	 PGD Acc
[2025/09/21 10:38:59] - 3.8567 	 	 0.1816 	 3.9052 	 0.1062
[2025/09/21 10:40:19] - 3 	 47.2 	 	 0.0399 	 4.3859 	 0.1190
[2025/09/21 10:40:19] - ==> Building model..
[2025/09/21 10:40:59] - Test Loss 	 Test Acc 	 PGD Loss 	 PGD Acc
[2025/09/21 10:40:59] - 3.6754 	 	 0.2209 	 3.7453 	 0.1248
[2025/09/21 10:42:18] - 4 	 44.2 	 	 0.0499 	 4.3475 	 0.1399
[2025/09/21 10:42:18] - ==> Building model..
[2025/09/21 10:42:59] - Test Loss 	 Test Acc 	 PGD Loss 	 PGD Acc
[2025/09/21 10:42:59] - 3.5554 	 	 0.2502 	 3.6416 	 0.1431
[2025/09/21 10:44:24] - 5 	 48.4 	 	 0.0598 	 4.3102 	 0.1595
[2025/09/21 10:44:24] - ==> Building model..
[2025/09/21 10:45:05] - Test Loss 	 Test Acc 	 PGD Loss 	 PGD Acc
[2025/09/21 10:45:05] - 3.4396 	 	 0.2822 	 3.5452 	 0.1612
[2025/09/21 10:46:34] - 6 	 46.1 	 	 0.0698 	 4.2741 	 0.1775
[2025/09/21 10:46:34] - ==> Building model..
[2025/09/21 10:47:15] - Test Loss 	 Test Acc 	 PGD Loss 	 PGD Acc
[2025/09/21 10:47:15] - 3.3180 	 	 0.3141 	 3.4455 	 0.1775
[2025/09/21 10:48:39] - 7 	 45.7 	 	 0.0798 	 4.2402 	 0.1947
[2025/09/21 10:48:39] - ==> Building model..
[2025/09/21 10:49:18] - Test Loss 	 Test Acc 	 PGD Loss 	 PGD Acc
[2025/09/21 10:49:18] - 3.1819 	 	 0.3525 	 3.3373 	 0.1947
[2025/09/21 10:50:44] - 8 	 48.5 	 	 0.0898 	 4.2087 	 0.2121
[2025/09/21 10:50:44] - ==> Building model..
[2025/09/21 10:51:21] - Test Loss 	 Test Acc 	 PGD Loss 	 PGD Acc
[2025/09/21 10:51:21] - 3.0864 	 	 0.3796 	 3.2615 	 0.2040
[2025/09/21 10:52:45] - 9 	 48.2 	 	 0.0997 	 4.1815 	 0.2282
[2025/09/21 10:52:45] - ==> Building model..
[2025/09/21 10:53:24] - Test Loss 	 Test Acc 	 PGD Loss 	 PGD Acc
[2025/09/21 10:53:24] - 3.0202 	 	 0.4001 	 3.2117 	 0.2108
[2025/09/21 10:54:47] - 10 	 47.6 	 	 0.1097 	 4.1590 	 0.2382
[2025/09/21 10:54:47] - ==> Building model..
[2025/09/21 10:55:25] - Test Loss 	 Test Acc 	 PGD Loss 	 PGD Acc
[2025/09/21 10:55:25] - 2.9695 	 	 0.4197 	 3.1770 	 0.2204
[2025/09/21 10:56:51] - 11 	 50.0 	 	 0.1197 	 4.1420 	 0.2479
[2025/09/21 10:56:51] - ==> Building model..
[2025/09/21 10:57:29] - Test Loss 	 Test Acc 	 PGD Loss 	 PGD Acc
[2025/09/21 10:57:29] - 2.9427 	 	 0.4327 	 3.1602 	 0.2260
[2025/09/21 10:58:50] - 12 	 48.3 	 	 0.1297 	 4.1248 	 0.2582
[2025/09/21 10:58:50] - ==> Building model..
[2025/09/21 10:59:28] - Test Loss 	 Test Acc 	 PGD Loss 	 PGD Acc
[2025/09/21 10:59:28] - 2.9403 	 	 0.4444 	 3.1645 	 0.2341
[2025/09/21 11:00:45] - 13 	 45.9 	 	 0.1396 	 4.1118 	 0.2665
[2025/09/21 11:00:45] - ==> Building model..
[2025/09/21 11:01:22] - Test Loss 	 Test Acc 	 PGD Loss 	 PGD Acc
[2025/09/21 11:01:22] - 2.9611 	 	 0.4467 	 3.1842 	 0.2370
[2025/09/21 11:02:41] - 14 	 49.6 	 	 0.1496 	 4.0984 	 0.2743
[2025/09/21 11:02:41] - ==> Building model..
[2025/09/21 11:03:18] - Test Loss 	 Test Acc 	 PGD Loss 	 PGD Acc
[2025/09/21 11:03:18] - 3.0408 	 	 0.4398 	 3.2529 	 0.2339
[2025/09/21 11:04:35] - 15 	 47.5 	 	 0.1596 	 4.0851 	 0.2813
[2025/09/21 11:04:35] - ==> Building model..
[2025/09/21 11:05:13] - Test Loss 	 Test Acc 	 PGD Loss 	 PGD Acc
[2025/09/21 11:05:13] - 3.1161 	 	 0.4309 	 3.3175 	 0.2287
[2025/09/21 11:06:29] - 16 	 45.6 	 	 0.1696 	 4.0768 	 0.2863
[2025/09/21 11:06:29] - ==> Building model..
[2025/09/21 11:07:06] - Test Loss 	 Test Acc 	 PGD Loss 	 PGD Acc
[2025/09/21 11:07:06] - 3.2284 	 	 0.4112 	 3.4102 	 0.2161
[2025/09/21 11:08:26] - 17 	 49.4 	 	 0.1795 	 4.0712 	 0.2884
[2025/09/21 11:08:26] - ==> Building model..
[2025/09/21 11:09:03] - Test Loss 	 Test Acc 	 PGD Loss 	 PGD Acc
[2025/09/21 11:09:03] - 3.3428 	 	 0.3901 	 3.5061 	 0.2002
[2025/09/21 11:10:23] - 18 	 49.6 	 	 0.1895 	 4.0644 	 0.2915
[2025/09/21 11:10:23] - ==> Building model..
[2025/09/21 11:10:57] - Test Loss 	 Test Acc 	 PGD Loss 	 PGD Acc
[2025/09/21 11:10:57] - 3.4027 	 	 0.3786 	 3.5565 	 0.1941
[2025/09/21 11:12:17] - 19 	 49.7 	 	 0.1995 	 4.0598 	 0.2965
[2025/09/21 11:12:17] - ==> Building model..
[2025/09/21 11:12:49] - Test Loss 	 Test Acc 	 PGD Loss 	 PGD Acc
[2025/09/21 11:12:49] - 3.3938 	 	 0.3807 	 3.5502 	 0.1944
[2025/09/21 11:14:09] - 20 	 48.7 	 	 0.1976 	 4.0541 	 0.2988
[2025/09/21 11:14:09] - ==> Building model..
[2025/09/21 11:14:47] - Test Loss 	 Test Acc 	 PGD Loss 	 PGD Acc
[2025/09/21 11:14:47] - 3.3319 	 	 0.3971 	 3.5000 	 0.2031
[2025/09/21 11:16:05] - 21 	 47.0 	 	 0.1951 	 4.0452 	 0.3037
[2025/09/21 11:16:05] - ==> Building model..
[2025/09/21 11:16:44] - Test Loss 	 Test Acc 	 PGD Loss 	 PGD Acc
[2025/09/21 11:16:44] - 3.2235 	 	 0.4194 	 3.4123 	 0.2179
[2025/09/21 11:18:02] - 22 	 46.4 	 	 0.1926 	 4.0404 	 0.3070
[2025/09/21 11:18:02] - ==> Building model..
[2025/09/21 11:18:41] - Test Loss 	 Test Acc 	 PGD Loss 	 PGD Acc
[2025/09/21 11:18:41] - 3.0745 	 	 0.4515 	 3.2917 	 0.2351
[2025/09/21 11:19:56] - 23 	 44.5 	 	 0.1902 	 4.0336 	 0.3081
[2025/09/21 11:19:56] - ==> Building model..
[2025/09/21 11:20:36] - Test Loss 	 Test Acc 	 PGD Loss 	 PGD Acc
[2025/09/21 11:20:36] - 2.9466 	 	 0.4722 	 3.1875 	 0.2504
[2025/09/21 11:21:53] - 24 	 45.7 	 	 0.1877 	 4.0249 	 0.3151
[2025/09/21 11:21:53] - ==> Building model..
[2025/09/21 11:22:31] - Test Loss 	 Test Acc 	 PGD Loss 	 PGD Acc
[2025/09/21 11:22:31] - 2.8503 	 	 0.4884 	 3.1104 	 0.2611
[2025/09/21 11:23:48] - 25 	 46.2 	 	 0.1852 	 4.0187 	 0.3209
[2025/09/21 11:23:48] - ==> Building model..
[2025/09/21 11:24:27] - Test Loss 	 Test Acc 	 PGD Loss 	 PGD Acc
[2025/09/21 11:24:27] - 2.7669 	 	 0.5033 	 3.0422 	 0.2695
[2025/09/21 11:25:43] - 26 	 44.5 	 	 0.1827 	 4.0126 	 0.3232
[2025/09/21 11:25:43] - ==> Building model..
[2025/09/21 11:26:20] - Test Loss 	 Test Acc 	 PGD Loss 	 PGD Acc
[2025/09/21 11:26:20] - 2.6945 	 	 0.5133 	 2.9831 	 0.2770
[2025/09/21 11:27:40] - 27 	 48.1 	 	 0.1802 	 4.0083 	 0.3277
[2025/09/21 11:27:40] - ==> Building model..
[2025/09/21 11:28:17] - Test Loss 	 Test Acc 	 PGD Loss 	 PGD Acc
[2025/09/21 11:28:17] - 2.6381 	 	 0.5219 	 2.9380 	 0.2799
[2025/09/21 11:29:35] - 28 	 47.8 	 	 0.1777 	 4.0032 	 0.3300
[2025/09/21 11:29:35] - ==> Building model..
[2025/09/21 11:30:14] - Test Loss 	 Test Acc 	 PGD Loss 	 PGD Acc
[2025/09/21 11:30:14] - 2.5899 	 	 0.5282 	 2.8991 	 0.2854
[2025/09/21 11:31:30] - 29 	 46.5 	 	 0.1752 	 3.9976 	 0.3325
[2025/09/21 11:31:30] - ==> Building model..
[2025/09/21 11:32:08] - Test Loss 	 Test Acc 	 PGD Loss 	 PGD Acc
[2025/09/21 11:32:08] - 2.5386 	 	 0.5354 	 2.8576 	 0.2871
[2025/09/21 11:33:28] - 30 	 49.5 	 	 0.1727 	 3.9940 	 0.3327
[2025/09/21 11:33:28] - ==> Building model..
[2025/09/21 11:34:05] - Test Loss 	 Test Acc 	 PGD Loss 	 PGD Acc
[2025/09/21 11:34:05] - 2.4977 	 	 0.5423 	 2.8255 	 0.2893
[2025/09/21 11:35:25] - 31 	 48.8 	 	 0.1702 	 3.9887 	 0.3379
[2025/09/21 11:35:25] - ==> Building model..
[2025/09/21 11:35:59] - Test Loss 	 Test Acc 	 PGD Loss 	 PGD Acc
[2025/09/21 11:35:59] - 2.4758 	 	 0.5437 	 2.8084 	 0.2907
[2025/09/21 11:37:20] - 32 	 50.7 	 	 0.1677 	 3.9833 	 0.3413
[2025/09/21 11:37:20] - ==> Building model..
[2025/09/21 11:37:50] - Test Loss 	 Test Acc 	 PGD Loss 	 PGD Acc
[2025/09/21 11:37:50] - 2.4500 	 	 0.5477 	 2.7869 	 0.2905
[2025/09/21 11:39:08] - 33 	 48.6 	 	 0.1652 	 3.9788 	 0.3441
[2025/09/21 11:39:08] - ==> Building model..
[2025/09/21 11:39:45] - Test Loss 	 Test Acc 	 PGD Loss 	 PGD Acc
[2025/09/21 11:39:45] - 2.4240 	 	 0.5508 	 2.7671 	 0.2921
[2025/09/21 11:41:05] - 34 	 49.0 	 	 0.1627 	 3.9751 	 0.3480
[2025/09/21 11:41:05] - ==> Building model..
[2025/09/21 11:41:44] - Test Loss 	 Test Acc 	 PGD Loss 	 PGD Acc
[2025/09/21 11:41:44] - 2.4046 	 	 0.5555 	 2.7525 	 0.2926
[2025/09/21 11:43:03] - 35 	 48.3 	 	 0.1602 	 3.9685 	 0.3515
[2025/09/21 11:43:03] - ==> Building model..
[2025/09/21 11:43:42] - Test Loss 	 Test Acc 	 PGD Loss 	 PGD Acc
[2025/09/21 11:43:42] - 2.3858 	 	 0.5599 	 2.7373 	 0.2937
[2025/09/21 11:45:00] - 36 	 44.3 	 	 0.1577 	 3.9648 	 0.3538
[2025/09/21 11:45:00] - ==> Building model..
[2025/09/21 11:45:38] - Test Loss 	 Test Acc 	 PGD Loss 	 PGD Acc
[2025/09/21 11:45:38] - 2.3693 	 	 0.5621 	 2.7244 	 0.2949
[2025/09/21 11:46:58] - 37 	 47.7 	 	 0.1552 	 3.9613 	 0.3564
[2025/09/21 11:46:58] - ==> Building model..
[2025/09/21 11:47:37] - Test Loss 	 Test Acc 	 PGD Loss 	 PGD Acc
[2025/09/21 11:47:37] - 2.3580 	 	 0.5622 	 2.7153 	 0.2953
[2025/09/21 11:49:00] - 38 	 46.9 	 	 0.1527 	 3.9559 	 0.3584
[2025/09/21 11:49:00] - ==> Building model..
[2025/09/21 11:49:43] - Test Loss 	 Test Acc 	 PGD Loss 	 PGD Acc
[2025/09/21 11:49:43] - 2.3465 	 	 0.5629 	 2.7059 	 0.2963
[2025/09/21 11:51:06] - 39 	 44.3 	 	 0.1503 	 3.9529 	 0.3598
[2025/09/21 11:51:06] - ==> Building model..
[2025/09/21 11:51:46] - Test Loss 	 Test Acc 	 PGD Loss 	 PGD Acc
[2025/09/21 11:51:46] - 2.3363 	 	 0.5642 	 2.6972 	 0.2981
[2025/09/21 11:53:10] - 40 	 46.9 	 	 0.1478 	 3.9481 	 0.3642
[2025/09/21 11:53:10] - ==> Building model..
[2025/09/21 11:53:50] - Test Loss 	 Test Acc 	 PGD Loss 	 PGD Acc
[2025/09/21 11:53:50] - 2.3268 	 	 0.5649 	 2.6893 	 0.2989
[2025/09/21 11:55:08] - 41 	 44.8 	 	 0.1453 	 3.9463 	 0.3640
[2025/09/21 11:55:08] - ==> Building model..
[2025/09/21 11:55:47] - Test Loss 	 Test Acc 	 PGD Loss 	 PGD Acc
[2025/09/21 11:55:47] - 2.3156 	 	 0.5688 	 2.6817 	 0.2991
[2025/09/21 11:57:01] - 42 	 42.6 	 	 0.1428 	 3.9430 	 0.3691
[2025/09/21 11:57:01] - ==> Building model..
[2025/09/21 11:57:38] - Test Loss 	 Test Acc 	 PGD Loss 	 PGD Acc
[2025/09/21 11:57:38] - 2.3079 	 	 0.5712 	 2.6767 	 0.3009
[2025/09/21 11:58:56] - 43 	 47.5 	 	 0.1403 	 3.9372 	 0.3713
[2025/09/21 11:58:56] - ==> Building model..
[2025/09/21 11:59:34] - Test Loss 	 Test Acc 	 PGD Loss 	 PGD Acc
[2025/09/21 11:59:34] - 2.3016 	 	 0.5730 	 2.6720 	 0.3008
[2025/09/21 12:00:51] - 44 	 47.2 	 	 0.1378 	 3.9346 	 0.3718
[2025/09/21 12:00:51] - ==> Building model..
[2025/09/21 12:01:29] - Test Loss 	 Test Acc 	 PGD Loss 	 PGD Acc
[2025/09/21 12:01:29] - 2.2957 	 	 0.5740 	 2.6681 	 0.3010
[2025/09/21 12:02:46] - 45 	 46.0 	 	 0.1353 	 3.9284 	 0.3754
[2025/09/21 12:02:46] - ==> Building model..
[2025/09/21 12:03:23] - Test Loss 	 Test Acc 	 PGD Loss 	 PGD Acc
[2025/09/21 12:03:23] - 2.2898 	 	 0.5765 	 2.6630 	 0.3025
[2025/09/21 12:04:42] - 46 	 48.3 	 	 0.1328 	 3.9254 	 0.3780
[2025/09/21 12:04:42] - ==> Building model..
[2025/09/21 12:05:19] - Test Loss 	 Test Acc 	 PGD Loss 	 PGD Acc
[2025/09/21 12:05:19] - 2.2830 	 	 0.5774 	 2.6576 	 0.3033
[2025/09/21 12:06:39] - 47 	 49.1 	 	 0.1303 	 3.9231 	 0.3782
[2025/09/21 12:06:39] - ==> Building model..
[2025/09/21 12:07:15] - Test Loss 	 Test Acc 	 PGD Loss 	 PGD Acc
[2025/09/21 12:07:15] - 2.2752 	 	 0.5785 	 2.6518 	 0.3042
[2025/09/21 12:08:35] - 48 	 50.0 	 	 0.1278 	 3.9163 	 0.3836
[2025/09/21 12:08:35] - ==> Building model..
[2025/09/21 12:09:05] - Test Loss 	 Test Acc 	 PGD Loss 	 PGD Acc
[2025/09/21 12:09:05] - 2.2703 	 	 0.5796 	 2.6483 	 0.3037
[2025/09/21 12:10:25] - 49 	 49.0 	 	 0.1253 	 3.9126 	 0.3874
[2025/09/21 12:10:25] - ==> Building model..
[2025/09/21 12:11:02] - Test Loss 	 Test Acc 	 PGD Loss 	 PGD Acc
[2025/09/21 12:11:02] - 2.2667 	 	 0.5797 	 2.6450 	 0.3033
[2025/09/21 12:12:22] - 50 	 49.0 	 	 0.1228 	 3.9090 	 0.3878
[2025/09/21 12:12:22] - ==> Building model..
[2025/09/21 12:13:00] - Test Loss 	 Test Acc 	 PGD Loss 	 PGD Acc
[2025/09/21 12:13:00] - 2.2623 	 	 0.5807 	 2.6414 	 0.3052
[2025/09/21 12:14:20] - 51 	 47.4 	 	 0.1203 	 3.9066 	 0.3886
[2025/09/21 12:14:20] - ==> Building model..
[2025/09/21 12:14:59] - Test Loss 	 Test Acc 	 PGD Loss 	 PGD Acc
[2025/09/21 12:14:59] - 2.2563 	 	 0.5818 	 2.6375 	 0.3058
[2025/09/21 12:16:17] - 52 	 45.0 	 	 0.1178 	 3.9032 	 0.3920
[2025/09/21 12:16:17] - ==> Building model..
[2025/09/21 12:16:56] - Test Loss 	 Test Acc 	 PGD Loss 	 PGD Acc
[2025/09/21 12:16:56] - 2.2520 	 	 0.5828 	 2.6341 	 0.3060
[2025/09/21 12:18:15] - 53 	 47.0 	 	 0.1153 	 3.8979 	 0.3974
[2025/09/21 12:18:15] - ==> Building model..
[2025/09/21 12:18:54] - Test Loss 	 Test Acc 	 PGD Loss 	 PGD Acc
[2025/09/21 12:18:54] - 2.2486 	 	 0.5836 	 2.6308 	 0.3057
[2025/09/21 12:20:10] - 54 	 45.5 	 	 0.1129 	 3.8962 	 0.3999
[2025/09/21 12:20:10] - ==> Building model..
[2025/09/21 12:20:50] - Test Loss 	 Test Acc 	 PGD Loss 	 PGD Acc
[2025/09/21 12:20:50] - 2.2450 	 	 0.5843 	 2.6286 	 0.3061
[2025/09/21 12:22:06] - 55 	 43.4 	 	 0.1104 	 3.8930 	 0.4034
[2025/09/21 12:22:06] - ==> Building model..
[2025/09/21 12:22:45] - Test Loss 	 Test Acc 	 PGD Loss 	 PGD Acc
[2025/09/21 12:22:45] - 2.2417 	 	 0.5847 	 2.6257 	 0.3067
[2025/09/21 12:24:05] - 56 	 47.1 	 	 0.1079 	 3.8896 	 0.4045
[2025/09/21 12:24:05] - ==> Building model..
[2025/09/21 12:24:45] - Test Loss 	 Test Acc 	 PGD Loss 	 PGD Acc
[2025/09/21 12:24:45] - 2.2394 	 	 0.5853 	 2.6242 	 0.3070
[2025/09/21 12:26:11] - 57 	 47.4 	 	 0.1054 	 3.8862 	 0.4084
[2025/09/21 12:26:11] - ==> Building model..
[2025/09/21 12:26:53] - Test Loss 	 Test Acc 	 PGD Loss 	 PGD Acc
[2025/09/21 12:26:53] - 2.2379 	 	 0.5855 	 2.6227 	 0.3067
[2025/09/21 12:28:16] - 58 	 43.8 	 	 0.1029 	 3.8823 	 0.4108
[2025/09/21 12:28:16] - ==> Building model..
[2025/09/21 12:28:57] - Test Loss 	 Test Acc 	 PGD Loss 	 PGD Acc
[2025/09/21 12:28:57] - 2.2376 	 	 0.5857 	 2.6228 	 0.3071
[2025/09/21 12:30:20] - 59 	 45.9 	 	 0.1004 	 3.8788 	 0.4151
[2025/09/21 12:30:20] - ==> Building model..
[2025/09/21 12:31:00] - Test Loss 	 Test Acc 	 PGD Loss 	 PGD Acc
[2025/09/21 12:31:00] - 2.2373 	 	 0.5860 	 2.6224 	 0.3083
[2025/09/21 12:32:24] - 60 	 45.9 	 	 0.0979 	 3.8735 	 0.4193
[2025/09/21 12:32:24] - ==> Building model..
[2025/09/21 12:33:04] - Test Loss 	 Test Acc 	 PGD Loss 	 PGD Acc
[2025/09/21 12:33:04] - 2.2374 	 	 0.5851 	 2.6226 	 0.3084
[2025/09/21 12:34:26] - 61 	 44.5 	 	 0.0954 	 3.8728 	 0.4198
[2025/09/21 12:34:26] - ==> Building model..
[2025/09/21 12:35:05] - Test Loss 	 Test Acc 	 PGD Loss 	 PGD Acc
[2025/09/21 12:35:05] - 2.2378 	 	 0.5860 	 2.6217 	 0.3080
[2025/09/21 12:36:30] - 62 	 47.9 	 	 0.0929 	 3.8684 	 0.4255
[2025/09/21 12:36:30] - ==> Building model..
[2025/09/21 12:37:08] - Test Loss 	 Test Acc 	 PGD Loss 	 PGD Acc
[2025/09/21 12:37:08] - 2.2379 	 	 0.5865 	 2.6220 	 0.3081
[2025/09/21 12:38:29] - 63 	 46.1 	 	 0.0904 	 3.8653 	 0.4267
[2025/09/21 12:38:29] - ==> Building model..
[2025/09/21 12:39:09] - Test Loss 	 Test Acc 	 PGD Loss 	 PGD Acc
[2025/09/21 12:39:09] - 2.2384 	 	 0.5862 	 2.6216 	 0.3083
[2025/09/21 12:40:21] - 64 	 43.7 	 	 0.0879 	 3.8600 	 0.4310
[2025/09/21 12:40:21] - ==> Building model..
[2025/09/21 12:40:59] - Test Loss 	 Test Acc 	 PGD Loss 	 PGD Acc
[2025/09/21 12:40:59] - 2.2398 	 	 0.5865 	 2.6234 	 0.3080
[2025/09/21 12:42:18] - 65 	 47.6 	 	 0.0854 	 3.8560 	 0.4344
[2025/09/21 12:42:18] - ==> Building model..
[2025/09/21 12:42:54] - Test Loss 	 Test Acc 	 PGD Loss 	 PGD Acc
[2025/09/21 12:42:54] - 2.2414 	 	 0.5865 	 2.6244 	 0.3091
[2025/09/21 12:44:12] - 66 	 47.8 	 	 0.0829 	 3.8507 	 0.4392
[2025/09/21 12:44:12] - ==> Building model..
[2025/09/21 12:44:46] - Test Loss 	 Test Acc 	 PGD Loss 	 PGD Acc
[2025/09/21 12:44:46] - 2.2434 	 	 0.5870 	 2.6272 	 0.3093
[2025/09/21 12:46:05] - 67 	 45.8 	 	 0.0804 	 3.8473 	 0.4443
[2025/09/21 12:46:05] - ==> Building model..
[2025/09/21 12:46:42] - Test Loss 	 Test Acc 	 PGD Loss 	 PGD Acc
[2025/09/21 12:46:42] - 2.2443 	 	 0.5871 	 2.6259 	 0.3102
[2025/09/21 12:48:00] - 68 	 47.9 	 	 0.0779 	 3.8442 	 0.4475
[2025/09/21 12:48:00] - ==> Building model..
[2025/09/21 12:48:36] - Test Loss 	 Test Acc 	 PGD Loss 	 PGD Acc
[2025/09/21 12:48:36] - 2.2464 	 	 0.5877 	 2.6283 	 0.3108
[2025/09/21 12:49:54] - 69 	 46.5 	 	 0.0754 	 3.8399 	 0.4525
[2025/09/21 12:49:54] - ==> Building model..
[2025/09/21 12:50:33] - Test Loss 	 Test Acc 	 PGD Loss 	 PGD Acc
[2025/09/21 12:50:33] - 2.2480 	 	 0.5872 	 2.6297 	 0.3108
[2025/09/21 12:51:49] - 70 	 45.2 	 	 0.0730 	 3.8341 	 0.4541
[2025/09/21 12:51:49] - ==> Building model..
[2025/09/21 12:52:26] - Test Loss 	 Test Acc 	 PGD Loss 	 PGD Acc
[2025/09/21 12:52:26] - 2.2506 	 	 0.5870 	 2.6315 	 0.3102
[2025/09/21 12:53:44] - 71 	 45.8 	 	 0.0705 	 3.8287 	 0.4601
[2025/09/21 12:53:44] - ==> Building model..
[2025/09/21 12:54:24] - Test Loss 	 Test Acc 	 PGD Loss 	 PGD Acc
[2025/09/21 12:54:24] - 2.2522 	 	 0.5872 	 2.6326 	 0.3112
[2025/09/21 12:55:41] - 72 	 45.5 	 	 0.0680 	 3.8242 	 0.4628
[2025/09/21 12:55:41] - ==> Building model..
[2025/09/21 12:56:19] - Test Loss 	 Test Acc 	 PGD Loss 	 PGD Acc
[2025/09/21 12:56:19] - 2.2545 	 	 0.5866 	 2.6347 	 0.3106
[2025/09/21 12:57:35] - 73 	 44.6 	 	 0.0655 	 3.8177 	 0.4671
[2025/09/21 12:57:35] - ==> Building model..
[2025/09/21 12:58:14] - Test Loss 	 Test Acc 	 PGD Loss 	 PGD Acc
[2025/09/21 12:58:14] - 2.2595 	 	 0.5871 	 2.6381 	 0.3116
[2025/09/21 12:59:30] - 74 	 44.1 	 	 0.0630 	 3.8100 	 0.4735
[2025/09/21 12:59:30] - ==> Building model..
[2025/09/21 13:00:07] - Test Loss 	 Test Acc 	 PGD Loss 	 PGD Acc
[2025/09/21 13:00:07] - 2.2627 	 	 0.5871 	 2.6413 	 0.3120
[2025/09/21 13:01:26] - 75 	 47.9 	 	 0.0605 	 3.8032 	 0.4804
[2025/09/21 13:01:26] - ==> Building model..
[2025/09/21 13:02:02] - Test Loss 	 Test Acc 	 PGD Loss 	 PGD Acc
[2025/09/21 13:02:02] - 2.2666 	 	 0.5872 	 2.6438 	 0.3112
[2025/09/21 13:03:19] - 76 	 46.1 	 	 0.0580 	 3.7980 	 0.4845
[2025/09/21 13:03:19] - ==> Building model..
[2025/09/21 13:03:57] - Test Loss 	 Test Acc 	 PGD Loss 	 PGD Acc
[2025/09/21 13:03:57] - 2.2692 	 	 0.5865 	 2.6472 	 0.3106
[2025/09/21 13:05:13] - 77 	 45.3 	 	 0.0555 	 3.7866 	 0.4931
[2025/09/21 13:05:13] - ==> Building model..
[2025/09/21 13:05:51] - Test Loss 	 Test Acc 	 PGD Loss 	 PGD Acc
[2025/09/21 13:05:51] - 2.2722 	 	 0.5866 	 2.6484 	 0.3124
[2025/09/21 13:07:07] - 78 	 47.5 	 	 0.0530 	 3.7807 	 0.4962
[2025/09/21 13:07:07] - ==> Building model..
[2025/09/21 13:07:44] - Test Loss 	 Test Acc 	 PGD Loss 	 PGD Acc
[2025/09/21 13:07:44] - 2.2749 	 	 0.5864 	 2.6504 	 0.3125
[2025/09/21 13:09:03] - 79 	 48.6 	 	 0.0505 	 3.7705 	 0.5029
[2025/09/21 13:09:03] - ==> Building model..
[2025/09/21 13:09:38] - Test Loss 	 Test Acc 	 PGD Loss 	 PGD Acc
[2025/09/21 13:09:38] - 2.2761 	 	 0.5867 	 2.6519 	 0.3119
[2025/09/21 13:10:57] - 80 	 47.3 	 	 0.0480 	 3.7598 	 0.5130
[2025/09/21 13:10:57] - ==> Building model..
[2025/09/21 13:11:27] - Test Loss 	 Test Acc 	 PGD Loss 	 PGD Acc
[2025/09/21 13:11:27] - 2.2783 	 	 0.5864 	 2.6536 	 0.3119
[2025/09/21 13:12:45] - 81 	 45.6 	 	 0.0455 	 3.7491 	 0.5240
[2025/09/21 13:12:45] - ==> Building model..
[2025/09/21 13:13:25] - Test Loss 	 Test Acc 	 PGD Loss 	 PGD Acc
[2025/09/21 13:13:25] - 2.2791 	 	 0.5867 	 2.6539 	 0.3123
[2025/09/21 13:14:44] - 82 	 45.4 	 	 0.0430 	 3.7410 	 0.5298
[2025/09/21 13:14:44] - ==> Building model..
[2025/09/21 13:15:24] - Test Loss 	 Test Acc 	 PGD Loss 	 PGD Acc
[2025/09/21 13:15:24] - 2.2799 	 	 0.5865 	 2.6549 	 0.3128
[2025/09/21 13:16:36] - 83 	 43.5 	 	 0.0405 	 3.7275 	 0.5420
[2025/09/21 13:16:36] - ==> Building model..
[2025/09/21 13:17:15] - Test Loss 	 Test Acc 	 PGD Loss 	 PGD Acc
[2025/09/21 13:17:15] - 2.2807 	 	 0.5866 	 2.6556 	 0.3117
[2025/09/21 13:18:27] - 84 	 42.1 	 	 0.0380 	 3.7196 	 0.5476
[2025/09/21 13:18:27] - ==> Building model..
[2025/09/21 13:19:03] - Test Loss 	 Test Acc 	 PGD Loss 	 PGD Acc
[2025/09/21 13:19:03] - 2.2817 	 	 0.5867 	 2.6567 	 0.3119
[2025/09/21 13:20:18] - 85 	 46.8 	 	 0.0355 	 3.7052 	 0.5617
[2025/09/21 13:20:18] - ==> Building model..
[2025/09/21 13:20:55] - Test Loss 	 Test Acc 	 PGD Loss 	 PGD Acc
[2025/09/21 13:20:55] - 2.2817 	 	 0.5867 	 2.6559 	 0.3117
[2025/09/21 13:22:10] - 86 	 47.4 	 	 0.0331 	 3.6922 	 0.5720
[2025/09/21 13:22:10] - ==> Building model..
[2025/09/21 13:22:45] - Test Loss 	 Test Acc 	 PGD Loss 	 PGD Acc
[2025/09/21 13:22:45] - 2.2817 	 	 0.5867 	 2.6563 	 0.3120
[2025/09/21 13:23:58] - 87 	 45.4 	 	 0.0306 	 3.6772 	 0.5848
[2025/09/21 13:23:58] - ==> Building model..
[2025/09/21 13:24:35] - Test Loss 	 Test Acc 	 PGD Loss 	 PGD Acc
[2025/09/21 13:24:35] - 2.2817 	 	 0.5867 	 2.6561 	 0.3116
[2025/09/21 13:25:51] - 88 	 47.8 	 	 0.0281 	 3.6618 	 0.5988
[2025/09/21 13:25:51] - ==> Building model..
[2025/09/21 13:26:27] - Test Loss 	 Test Acc 	 PGD Loss 	 PGD Acc
[2025/09/21 13:26:27] - 2.2845 	 	 0.5860 	 2.6593 	 0.3116
[2025/09/21 13:27:44] - 89 	 48.1 	 	 0.0256 	 3.6446 	 0.6141
[2025/09/21 13:27:44] - ==> Building model..
[2025/09/21 13:28:20] - Test Loss 	 Test Acc 	 PGD Loss 	 PGD Acc
[2025/09/21 13:28:20] - 2.2845 	 	 0.5860 	 2.6585 	 0.3119
[2025/09/21 13:29:36] - 90 	 47.0 	 	 0.0231 	 3.6251 	 0.6335
[2025/09/21 13:29:36] - ==> Building model..
[2025/09/21 13:30:13] - Test Loss 	 Test Acc 	 PGD Loss 	 PGD Acc
[2025/09/21 13:30:13] - 2.2845 	 	 0.5860 	 2.6592 	 0.3121
[2025/09/21 13:31:28] - 91 	 45.1 	 	 0.0206 	 3.6055 	 0.6513
[2025/09/21 13:31:28] - ==> Building model..
[2025/09/21 13:32:04] - Test Loss 	 Test Acc 	 PGD Loss 	 PGD Acc
[2025/09/21 13:32:04] - 2.2845 	 	 0.5860 	 2.6588 	 0.3115
[2025/09/21 13:33:19] - 92 	 47.5 	 	 0.0181 	 3.5829 	 0.6737
[2025/09/21 13:33:19] - ==> Building model..
[2025/09/21 13:33:56] - Test Loss 	 Test Acc 	 PGD Loss 	 PGD Acc
[2025/09/21 13:33:56] - 2.2845 	 	 0.5860 	 2.6592 	 0.3116
[2025/09/21 13:35:09] - 93 	 45.2 	 	 0.0156 	 3.5572 	 0.6962
[2025/09/21 13:35:09] - ==> Building model..
[2025/09/21 13:35:47] - Test Loss 	 Test Acc 	 PGD Loss 	 PGD Acc
[2025/09/21 13:35:47] - 2.2845 	 	 0.5860 	 2.6590 	 0.3114
[2025/09/21 13:37:00] - 94 	 43.1 	 	 0.0131 	 3.5304 	 0.7248
[2025/09/21 13:37:00] - ==> Building model..
[2025/09/21 13:37:38] - Test Loss 	 Test Acc 	 PGD Loss 	 PGD Acc
[2025/09/21 13:37:38] - 2.2845 	 	 0.5860 	 2.6584 	 0.3113
[2025/09/21 13:38:53] - 95 	 44.8 	 	 0.0106 	 3.5023 	 0.7485
[2025/09/21 13:38:53] - ==> Building model..
[2025/09/21 13:39:33] - Test Loss 	 Test Acc 	 PGD Loss 	 PGD Acc
[2025/09/21 13:39:33] - 2.2845 	 	 0.5860 	 2.6591 	 0.3115
[2025/09/21 13:40:49] - 96 	 45.3 	 	 0.0081 	 3.4733 	 0.7774
[2025/09/21 13:40:49] - ==> Building model..
[2025/09/21 13:41:29] - Test Loss 	 Test Acc 	 PGD Loss 	 PGD Acc
[2025/09/21 13:41:29] - 2.2845 	 	 0.5860 	 2.6586 	 0.3122
[2025/09/21 13:42:42] - 97 	 44.2 	 	 0.0056 	 3.4451 	 0.8026
[2025/09/21 13:42:42] - ==> Building model..
[2025/09/21 13:43:18] - Test Loss 	 Test Acc 	 PGD Loss 	 PGD Acc
[2025/09/21 13:43:18] - 2.2845 	 	 0.5860 	 2.6587 	 0.3111
[2025/09/21 13:44:32] - 98 	 45.0 	 	 0.0031 	 3.4155 	 0.8302
[2025/09/21 13:44:32] - ==> Building model..
[2025/09/21 13:45:10] - Test Loss 	 Test Acc 	 PGD Loss 	 PGD Acc
[2025/09/21 13:45:10] - 2.2845 	 	 0.5860 	 2.6584 	 0.3115
[2025/09/21 13:46:25] - 99 	 45.7 	 	 0.0006 	 3.3893 	 0.8533
[2025/09/21 13:46:25] - ==> Building model..
[2025/09/21 13:47:02] - Test Loss 	 Test Acc 	 PGD Loss 	 PGD Acc
[2025/09/21 13:47:02] - 2.2845 	 	 0.5860 	 2.6583 	 0.3120
[2025/09/21 13:47:02] - [0.08, 0.1299, 0.1816, 0.2209, 0.2502, 0.2822, 0.3141, 0.3525, 0.3796, 0.4001, 0.4197, 0.4327, 0.4444, 0.4467, 0.4398, 0.4309, 0.4112, 0.3901, 0.3786, 0.3807, 0.3971, 0.4194, 0.4515, 0.4722, 0.4884, 0.5033, 0.5133, 0.5219, 0.5282, 0.5354, 0.5423, 0.5437, 0.5477, 0.5508, 0.5555, 0.5599, 0.5621, 0.5622, 0.5629, 0.5642, 0.5649, 0.5688, 0.5712, 0.573, 0.574, 0.5765, 0.5774, 0.5785, 0.5796, 0.5797, 0.5807, 0.5818, 0.5828, 0.5836, 0.5843, 0.5847, 0.5853, 0.5855, 0.5857, 0.586, 0.5851, 0.586, 0.5865, 0.5862, 0.5865, 0.5865, 0.587, 0.5871, 0.5877, 0.5872, 0.587, 0.5872, 0.5866, 0.5871, 0.5871, 0.5872, 0.5865, 0.5866, 0.5864, 0.5867, 0.5864, 0.5867, 0.5865, 0.5866, 0.5867, 0.5867, 0.5867, 0.5867, 0.586, 0.586, 0.586, 0.586, 0.586, 0.586, 0.586, 0.586, 0.586, 0.586, 0.586, 0.586]
[2025/09/21 13:47:02] - [0.044, 0.0765, 0.1062, 0.1248, 0.1431, 0.1612, 0.1775, 0.1947, 0.204, 0.2108, 0.2204, 0.226, 0.2341, 0.237, 0.2339, 0.2287, 0.2161, 0.2002, 0.1941, 0.1944, 0.2031, 0.2179, 0.2351, 0.2504, 0.2611, 0.2695, 0.277, 0.2799, 0.2854, 0.2871, 0.2893, 0.2907, 0.2905, 0.2921, 0.2926, 0.2937, 0.2949, 0.2953, 0.2963, 0.2981, 0.2989, 0.2991, 0.3009, 0.3008, 0.301, 0.3025, 0.3033, 0.3042, 0.3037, 0.3033, 0.3052, 0.3058, 0.306, 0.3057, 0.3061, 0.3067, 0.307, 0.3067, 0.3071, 0.3083, 0.3084, 0.308, 0.3081, 0.3083, 0.308, 0.3091, 0.3093, 0.3102, 0.3108, 0.3108, 0.3102, 0.3112, 0.3106, 0.3116, 0.312, 0.3112, 0.3106, 0.3124, 0.3125, 0.3119, 0.3119, 0.3123, 0.3128, 0.3117, 0.3119, 0.3117, 0.312, 0.3116, 0.3116, 0.3119, 0.3121, 0.3115, 0.3116, 0.3114, 0.3113, 0.3115, 0.3122, 0.3111, 0.3115, 0.312]
