[2025/10/12 21:20:37] - Namespace(batch_size=128, data_dir='cifar-data', epochs=100, lr_schedule='multistep', lr_min=0.0, lr_max=0.2, weight_decay=0.0005, momentum=0.9, model='ResNet18', epsilon=8, alpha=8, delta_init='random', normal_mean=0, normal_std=1, out_dir='./output/CIFAR100/lamda_35_lamscale_0.10_run3', seed=0, lamda=35.0, lam_scale=0.1, lam_start=50, gamma=0.05, inner_gamma=0.05, beta=0.2, mu=3.5, batch_m=0.75, early_stop=False, factor=0.5, length=4, n_holes=1, c_num=0.125, EMA_value=0.55)
[2025/10/12 21:20:39] - ==> Building model..
[2025/10/12 21:20:39] - Epoch 	 Seconds 	 LR 	 	 Train Loss 	 Train Acc
[2025/10/12 21:21:30] - 0 	 24.1 	 	 0.2000 	 4.5644 	 0.0398
[2025/10/12 21:21:30] - ==> Building model..
[2025/10/12 21:21:49] - Test Loss 	 Test Acc 	 PGD Loss 	 PGD Acc
[2025/10/12 21:21:49] - 4.2075 	 	 0.0918 	 4.2219 	 0.0584
[2025/10/12 21:22:38] - 1 	 23.4 	 	 0.2000 	 4.4560 	 0.0797
[2025/10/12 21:22:38] - ==> Building model..
[2025/10/12 21:22:57] - Test Loss 	 Test Acc 	 PGD Loss 	 PGD Acc
[2025/10/12 21:22:57] - 4.0211 	 	 0.1449 	 4.0519 	 0.0943
[2025/10/12 21:23:46] - 2 	 23.0 	 	 0.2000 	 4.4035 	 0.1053
[2025/10/12 21:23:46] - ==> Building model..
[2025/10/12 21:24:07] - Test Loss 	 Test Acc 	 PGD Loss 	 PGD Acc
[2025/10/12 21:24:07] - 3.9001 	 	 0.1888 	 3.9458 	 0.1147
[2025/10/12 21:24:54] - 3 	 22.8 	 	 0.2000 	 4.3552 	 0.1282
[2025/10/12 21:24:54] - ==> Building model..
[2025/10/12 21:25:13] - Test Loss 	 Test Acc 	 PGD Loss 	 PGD Acc
[2025/10/12 21:25:13] - 3.7162 	 	 0.2410 	 3.7888 	 0.1401
[2025/10/12 21:26:02] - 4 	 22.9 	 	 0.2000 	 4.3109 	 0.1517
[2025/10/12 21:26:02] - ==> Building model..
[2025/10/12 21:26:21] - Test Loss 	 Test Acc 	 PGD Loss 	 PGD Acc
[2025/10/12 21:26:21] - 3.5800 	 	 0.2722 	 3.6760 	 0.1635
[2025/10/12 21:27:09] - 5 	 22.6 	 	 0.2000 	 4.2738 	 0.1715
[2025/10/12 21:27:09] - ==> Building model..
[2025/10/12 21:27:29] - Test Loss 	 Test Acc 	 PGD Loss 	 PGD Acc
[2025/10/12 21:27:29] - 3.4146 	 	 0.3048 	 3.5334 	 0.1770
[2025/10/12 21:28:19] - 6 	 24.1 	 	 0.2000 	 4.2417 	 0.1883
[2025/10/12 21:28:19] - ==> Building model..
[2025/10/12 21:28:38] - Test Loss 	 Test Acc 	 PGD Loss 	 PGD Acc
[2025/10/12 21:28:38] - 3.2038 	 	 0.3516 	 3.3572 	 0.1954
[2025/10/12 21:29:28] - 7 	 23.2 	 	 0.2000 	 4.2204 	 0.2000
[2025/10/12 21:29:28] - ==> Building model..
[2025/10/12 21:29:47] - Test Loss 	 Test Acc 	 PGD Loss 	 PGD Acc
[2025/10/12 21:29:47] - 3.0567 	 	 0.3822 	 3.2386 	 0.2083
[2025/10/12 21:30:38] - 8 	 24.3 	 	 0.2000 	 4.2018 	 0.2087
[2025/10/12 21:30:38] - ==> Building model..
[2025/10/12 21:30:58] - Test Loss 	 Test Acc 	 PGD Loss 	 PGD Acc
[2025/10/12 21:30:58] - 2.9539 	 	 0.4036 	 3.1585 	 0.2167
[2025/10/12 21:31:50] - 9 	 24.1 	 	 0.2000 	 4.1855 	 0.2192
[2025/10/12 21:31:50] - ==> Building model..
[2025/10/12 21:32:09] - Test Loss 	 Test Acc 	 PGD Loss 	 PGD Acc
[2025/10/12 21:32:09] - 2.8944 	 	 0.4204 	 3.1121 	 0.2255
[2025/10/12 21:33:00] - 10 	 23.6 	 	 0.2000 	 4.1738 	 0.2253
[2025/10/12 21:33:00] - ==> Building model..
[2025/10/12 21:33:19] - Test Loss 	 Test Acc 	 PGD Loss 	 PGD Acc
[2025/10/12 21:33:19] - 2.8474 	 	 0.4300 	 3.0756 	 0.2322
[2025/10/12 21:34:09] - 11 	 23.2 	 	 0.2000 	 4.1654 	 0.2284
[2025/10/12 21:34:09] - ==> Building model..
[2025/10/12 21:34:27] - Test Loss 	 Test Acc 	 PGD Loss 	 PGD Acc
[2025/10/12 21:34:27] - 2.8060 	 	 0.4416 	 3.0447 	 0.2368
[2025/10/12 21:35:16] - 12 	 22.3 	 	 0.2000 	 4.1553 	 0.2361
[2025/10/12 21:35:16] - ==> Building model..
[2025/10/12 21:35:33] - Test Loss 	 Test Acc 	 PGD Loss 	 PGD Acc
[2025/10/12 21:35:33] - 2.7740 	 	 0.4487 	 3.0208 	 0.2409
[2025/10/12 21:36:18] - 13 	 18.9 	 	 0.2000 	 4.1517 	 0.2373
[2025/10/12 21:36:18] - ==> Building model..
[2025/10/12 21:36:35] - Test Loss 	 Test Acc 	 PGD Loss 	 PGD Acc
[2025/10/12 21:36:35] - 2.7435 	 	 0.4547 	 2.9963 	 0.2470
[2025/10/12 21:37:20] - 14 	 19.2 	 	 0.2000 	 4.1459 	 0.2406
[2025/10/12 21:37:20] - ==> Building model..
[2025/10/12 21:37:36] - Test Loss 	 Test Acc 	 PGD Loss 	 PGD Acc
[2025/10/12 21:37:36] - 2.7138 	 	 0.4620 	 2.9754 	 0.2504
[2025/10/12 21:38:25] - 15 	 20.1 	 	 0.2000 	 4.1386 	 0.2463
[2025/10/12 21:38:25] - ==> Building model..
[2025/10/12 21:38:41] - Test Loss 	 Test Acc 	 PGD Loss 	 PGD Acc
[2025/10/12 21:38:41] - 2.6940 	 	 0.4674 	 2.9601 	 0.2516
[2025/10/12 21:39:27] - 16 	 19.1 	 	 0.2000 	 4.1346 	 0.2483
[2025/10/12 21:39:27] - ==> Building model..
[2025/10/12 21:39:43] - Test Loss 	 Test Acc 	 PGD Loss 	 PGD Acc
[2025/10/12 21:39:43] - 2.6770 	 	 0.4716 	 2.9461 	 0.2509
[2025/10/12 21:40:27] - 17 	 18.7 	 	 0.2000 	 4.1328 	 0.2487
[2025/10/12 21:40:27] - ==> Building model..
[2025/10/12 21:40:43] - Test Loss 	 Test Acc 	 PGD Loss 	 PGD Acc
[2025/10/12 21:40:43] - 2.6602 	 	 0.4774 	 2.9347 	 0.2546
[2025/10/12 21:41:32] - 18 	 20.5 	 	 0.2000 	 4.1270 	 0.2513
[2025/10/12 21:41:32] - ==> Building model..
[2025/10/12 21:41:48] - Test Loss 	 Test Acc 	 PGD Loss 	 PGD Acc
[2025/10/12 21:41:48] - 2.6453 	 	 0.4811 	 2.9237 	 0.2578
[2025/10/12 21:42:35] - 19 	 19.7 	 	 0.2000 	 4.1235 	 0.2562
[2025/10/12 21:42:35] - ==> Building model..
[2025/10/12 21:42:53] - Test Loss 	 Test Acc 	 PGD Loss 	 PGD Acc
[2025/10/12 21:42:53] - 2.6401 	 	 0.4835 	 2.9214 	 0.2604
[2025/10/12 21:43:42] - 20 	 20.9 	 	 0.2000 	 4.1222 	 0.2552
[2025/10/12 21:43:42] - ==> Building model..
[2025/10/12 21:43:59] - Test Loss 	 Test Acc 	 PGD Loss 	 PGD Acc
[2025/10/12 21:43:59] - 2.6298 	 	 0.4866 	 2.9145 	 0.2588
[2025/10/12 21:44:49] - 21 	 21.6 	 	 0.2000 	 4.1176 	 0.2585
[2025/10/12 21:44:49] - ==> Building model..
[2025/10/12 21:45:06] - Test Loss 	 Test Acc 	 PGD Loss 	 PGD Acc
[2025/10/12 21:45:06] - 2.6176 	 	 0.4905 	 2.9052 	 0.2603
[2025/10/12 21:45:53] - 22 	 20.1 	 	 0.2000 	 4.1182 	 0.2590
[2025/10/12 21:45:53] - ==> Building model..
[2025/10/12 21:46:10] - Test Loss 	 Test Acc 	 PGD Loss 	 PGD Acc
[2025/10/12 21:46:10] - 2.6109 	 	 0.4932 	 2.9011 	 0.2625
[2025/10/12 21:46:59] - 23 	 20.8 	 	 0.2000 	 4.1157 	 0.2602
[2025/10/12 21:46:59] - ==> Building model..
[2025/10/12 21:47:16] - Test Loss 	 Test Acc 	 PGD Loss 	 PGD Acc
[2025/10/12 21:47:16] - 2.6046 	 	 0.4930 	 2.8957 	 0.2633
[2025/10/12 21:48:03] - 24 	 20.5 	 	 0.2000 	 4.1123 	 0.2598
[2025/10/12 21:48:03] - ==> Building model..
[2025/10/12 21:48:19] - Test Loss 	 Test Acc 	 PGD Loss 	 PGD Acc
[2025/10/12 21:48:19] - 2.6037 	 	 0.4952 	 2.8955 	 0.2649
[2025/10/12 21:49:05] - 25 	 19.4 	 	 0.2000 	 4.1097 	 0.2640
[2025/10/12 21:49:05] - ==> Building model..
[2025/10/12 21:49:23] - Test Loss 	 Test Acc 	 PGD Loss 	 PGD Acc
[2025/10/12 21:49:23] - 2.5974 	 	 0.4984 	 2.8911 	 0.2658
[2025/10/12 21:50:10] - 26 	 19.8 	 	 0.2000 	 4.1068 	 0.2643
[2025/10/12 21:50:10] - ==> Building model..
[2025/10/12 21:50:26] - Test Loss 	 Test Acc 	 PGD Loss 	 PGD Acc
[2025/10/12 21:50:26] - 2.5875 	 	 0.4995 	 2.8835 	 0.2683
[2025/10/12 21:51:10] - 27 	 18.5 	 	 0.2000 	 4.1063 	 0.2668
[2025/10/12 21:51:10] - ==> Building model..
[2025/10/12 21:51:26] - Test Loss 	 Test Acc 	 PGD Loss 	 PGD Acc
[2025/10/12 21:51:26] - 2.5813 	 	 0.5004 	 2.8789 	 0.2690
[2025/10/12 21:52:13] - 28 	 19.7 	 	 0.2000 	 4.1054 	 0.2654
[2025/10/12 21:52:13] - ==> Building model..
[2025/10/12 21:52:31] - Test Loss 	 Test Acc 	 PGD Loss 	 PGD Acc
[2025/10/12 21:52:31] - 2.5825 	 	 0.5015 	 2.8796 	 0.2691
[2025/10/12 21:53:20] - 29 	 21.0 	 	 0.2000 	 4.1034 	 0.2679
[2025/10/12 21:53:20] - ==> Building model..
[2025/10/12 21:53:37] - Test Loss 	 Test Acc 	 PGD Loss 	 PGD Acc
[2025/10/12 21:53:37] - 2.5762 	 	 0.5031 	 2.8749 	 0.2692
[2025/10/12 21:54:22] - 30 	 19.3 	 	 0.2000 	 4.1048 	 0.2656
[2025/10/12 21:54:22] - ==> Building model..
[2025/10/12 21:54:40] - Test Loss 	 Test Acc 	 PGD Loss 	 PGD Acc
[2025/10/12 21:54:40] - 2.5788 	 	 0.5015 	 2.8760 	 0.2704
[2025/10/12 21:55:29] - 31 	 20.6 	 	 0.2000 	 4.1020 	 0.2670
[2025/10/12 21:55:29] - ==> Building model..
[2025/10/12 21:55:46] - Test Loss 	 Test Acc 	 PGD Loss 	 PGD Acc
[2025/10/12 21:55:46] - 2.5713 	 	 0.5033 	 2.8699 	 0.2706
[2025/10/12 21:56:33] - 32 	 19.8 	 	 0.2000 	 4.1015 	 0.2679
[2025/10/12 21:56:33] - ==> Building model..
[2025/10/12 21:56:50] - Test Loss 	 Test Acc 	 PGD Loss 	 PGD Acc
[2025/10/12 21:56:50] - 2.5682 	 	 0.5024 	 2.8670 	 0.2712
[2025/10/12 21:57:39] - 33 	 20.8 	 	 0.2000 	 4.0996 	 0.2697
[2025/10/12 21:57:39] - ==> Building model..
[2025/10/12 21:57:56] - Test Loss 	 Test Acc 	 PGD Loss 	 PGD Acc
[2025/10/12 21:57:56] - 2.5630 	 	 0.5057 	 2.8631 	 0.2715
[2025/10/12 21:58:45] - 34 	 21.1 	 	 0.2000 	 4.1004 	 0.2665
[2025/10/12 21:58:45] - ==> Building model..
[2025/10/12 21:59:02] - Test Loss 	 Test Acc 	 PGD Loss 	 PGD Acc
[2025/10/12 21:59:02] - 2.5593 	 	 0.5060 	 2.8600 	 0.2729
[2025/10/12 21:59:51] - 35 	 20.6 	 	 0.2000 	 4.0959 	 0.2717
[2025/10/12 21:59:51] - ==> Building model..
[2025/10/12 22:00:09] - Test Loss 	 Test Acc 	 PGD Loss 	 PGD Acc
[2025/10/12 22:00:09] - 2.5551 	 	 0.5083 	 2.8574 	 0.2718
[2025/10/12 22:00:56] - 36 	 20.2 	 	 0.2000 	 4.0974 	 0.2694
[2025/10/12 22:00:56] - ==> Building model..
[2025/10/12 22:01:13] - Test Loss 	 Test Acc 	 PGD Loss 	 PGD Acc
[2025/10/12 22:01:13] - 2.5528 	 	 0.5091 	 2.8561 	 0.2741
[2025/10/12 22:02:02] - 37 	 20.8 	 	 0.2000 	 4.0965 	 0.2696
[2025/10/12 22:02:02] - ==> Building model..
[2025/10/12 22:02:20] - Test Loss 	 Test Acc 	 PGD Loss 	 PGD Acc
[2025/10/12 22:02:20] - 2.5471 	 	 0.5115 	 2.8522 	 0.2739
[2025/10/12 22:03:06] - 38 	 20.4 	 	 0.2000 	 4.0942 	 0.2717
[2025/10/12 22:03:06] - ==> Building model..
[2025/10/12 22:03:23] - Test Loss 	 Test Acc 	 PGD Loss 	 PGD Acc
[2025/10/12 22:03:23] - 2.5427 	 	 0.5109 	 2.8493 	 0.2751
[2025/10/12 22:04:12] - 39 	 20.5 	 	 0.2000 	 4.0947 	 0.2707
[2025/10/12 22:04:12] - ==> Building model..
[2025/10/12 22:04:29] - Test Loss 	 Test Acc 	 PGD Loss 	 PGD Acc
[2025/10/12 22:04:29] - 2.5383 	 	 0.5111 	 2.8459 	 0.2762
[2025/10/12 22:05:17] - 40 	 20.5 	 	 0.2000 	 4.0938 	 0.2726
[2025/10/12 22:05:17] - ==> Building model..
[2025/10/12 22:05:34] - Test Loss 	 Test Acc 	 PGD Loss 	 PGD Acc
[2025/10/12 22:05:34] - 2.5375 	 	 0.5118 	 2.8452 	 0.2769
[2025/10/12 22:06:20] - 41 	 19.2 	 	 0.2000 	 4.0941 	 0.2733
[2025/10/12 22:06:20] - ==> Building model..
[2025/10/12 22:06:37] - Test Loss 	 Test Acc 	 PGD Loss 	 PGD Acc
[2025/10/12 22:06:37] - 2.5348 	 	 0.5139 	 2.8432 	 0.2773
[2025/10/12 22:07:21] - 42 	 19.3 	 	 0.2000 	 4.0939 	 0.2715
[2025/10/12 22:07:21] - ==> Building model..
[2025/10/12 22:07:39] - Test Loss 	 Test Acc 	 PGD Loss 	 PGD Acc
[2025/10/12 22:07:39] - 2.5378 	 	 0.5139 	 2.8463 	 0.2778
[2025/10/12 22:08:28] - 43 	 21.0 	 	 0.2000 	 4.0922 	 0.2723
[2025/10/12 22:08:28] - ==> Building model..
[2025/10/12 22:08:45] - Test Loss 	 Test Acc 	 PGD Loss 	 PGD Acc
[2025/10/12 22:08:45] - 2.5372 	 	 0.5150 	 2.8455 	 0.2767
[2025/10/12 22:09:33] - 44 	 20.9 	 	 0.2000 	 4.0926 	 0.2742
[2025/10/12 22:09:33] - ==> Building model..
[2025/10/12 22:09:52] - Test Loss 	 Test Acc 	 PGD Loss 	 PGD Acc
[2025/10/12 22:09:52] - 2.5357 	 	 0.5156 	 2.8443 	 0.2787
[2025/10/12 22:10:40] - 45 	 21.0 	 	 0.2000 	 4.0902 	 0.2748
[2025/10/12 22:10:40] - ==> Building model..
[2025/10/12 22:10:58] - Test Loss 	 Test Acc 	 PGD Loss 	 PGD Acc
[2025/10/12 22:10:58] - 2.5355 	 	 0.5159 	 2.8436 	 0.2792
[2025/10/12 22:11:46] - 46 	 20.7 	 	 0.2000 	 4.0884 	 0.2748
[2025/10/12 22:11:46] - ==> Building model..
[2025/10/12 22:12:03] - Test Loss 	 Test Acc 	 PGD Loss 	 PGD Acc
[2025/10/12 22:12:03] - 2.5327 	 	 0.5167 	 2.8427 	 0.2795
[2025/10/12 22:12:51] - 47 	 20.4 	 	 0.2000 	 4.0911 	 0.2737
[2025/10/12 22:12:51] - ==> Building model..
[2025/10/12 22:13:07] - Test Loss 	 Test Acc 	 PGD Loss 	 PGD Acc
[2025/10/12 22:13:07] - 2.5296 	 	 0.5173 	 2.8402 	 0.2807
[2025/10/12 22:13:51] - 48 	 18.7 	 	 0.2000 	 4.0876 	 0.2768
[2025/10/12 22:13:51] - ==> Building model..
[2025/10/12 22:14:07] - Test Loss 	 Test Acc 	 PGD Loss 	 PGD Acc
[2025/10/12 22:14:07] - 2.5266 	 	 0.5173 	 2.8376 	 0.2798
[2025/10/12 22:14:52] - 49 	 18.6 	 	 0.2000 	 4.0875 	 0.2772
[2025/10/12 22:14:52] - ==> Building model..
[2025/10/12 22:15:09] - Test Loss 	 Test Acc 	 PGD Loss 	 PGD Acc
[2025/10/12 22:15:09] - 2.5261 	 	 0.5185 	 2.8376 	 0.2818
[2025/10/12 22:15:58] - 50 	 21.1 	 	 0.2000 	 4.0883 	 0.2760
[2025/10/12 22:15:58] - ==> Building model..
[2025/10/12 22:16:15] - Test Loss 	 Test Acc 	 PGD Loss 	 PGD Acc
[2025/10/12 22:16:15] - 2.5254 	 	 0.5182 	 2.8367 	 0.2811
[2025/10/12 22:17:03] - 51 	 20.6 	 	 0.2000 	 4.0888 	 0.2745
[2025/10/12 22:17:03] - ==> Building model..
[2025/10/12 22:17:20] - Test Loss 	 Test Acc 	 PGD Loss 	 PGD Acc
[2025/10/12 22:17:20] - 2.5259 	 	 0.5187 	 2.8376 	 0.2828
[2025/10/12 22:18:07] - 52 	 20.4 	 	 0.2000 	 4.0889 	 0.2762
[2025/10/12 22:18:07] - ==> Building model..
[2025/10/12 22:18:24] - Test Loss 	 Test Acc 	 PGD Loss 	 PGD Acc
[2025/10/12 22:18:24] - 2.5284 	 	 0.5204 	 2.8392 	 0.2822
[2025/10/12 22:19:09] - 53 	 18.9 	 	 0.2000 	 4.0878 	 0.2767
[2025/10/12 22:19:09] - ==> Building model..
[2025/10/12 22:19:25] - Test Loss 	 Test Acc 	 PGD Loss 	 PGD Acc
[2025/10/12 22:19:25] - 2.5300 	 	 0.5201 	 2.8393 	 0.2799
[2025/10/12 22:20:10] - 54 	 18.9 	 	 0.2000 	 4.0901 	 0.2758
[2025/10/12 22:20:10] - ==> Building model..
[2025/10/12 22:20:27] - Test Loss 	 Test Acc 	 PGD Loss 	 PGD Acc
[2025/10/12 22:20:27] - 2.5329 	 	 0.5192 	 2.8415 	 0.2803
[2025/10/12 22:21:15] - 55 	 20.5 	 	 0.2000 	 4.0890 	 0.2773
[2025/10/12 22:21:15] - ==> Building model..
[2025/10/12 22:21:32] - Test Loss 	 Test Acc 	 PGD Loss 	 PGD Acc
[2025/10/12 22:21:32] - 2.5326 	 	 0.5221 	 2.8414 	 0.2797
[2025/10/12 22:22:18] - 56 	 19.3 	 	 0.2000 	 4.0898 	 0.2755
[2025/10/12 22:22:18] - ==> Building model..
[2025/10/12 22:22:36] - Test Loss 	 Test Acc 	 PGD Loss 	 PGD Acc
[2025/10/12 22:22:36] - 2.5351 	 	 0.5210 	 2.8434 	 0.2792
[2025/10/12 22:23:25] - 57 	 21.1 	 	 0.2000 	 4.0901 	 0.2789
[2025/10/12 22:23:25] - ==> Building model..
[2025/10/12 22:23:42] - Test Loss 	 Test Acc 	 PGD Loss 	 PGD Acc
[2025/10/12 22:23:42] - 2.5356 	 	 0.5210 	 2.8435 	 0.2795
[2025/10/12 22:24:29] - 58 	 19.3 	 	 0.2000 	 4.0899 	 0.2794
[2025/10/12 22:24:29] - ==> Building model..
[2025/10/12 22:24:45] - Test Loss 	 Test Acc 	 PGD Loss 	 PGD Acc
[2025/10/12 22:24:45] - 2.5380 	 	 0.5209 	 2.8452 	 0.2806
[2025/10/12 22:25:31] - 59 	 19.0 	 	 0.2000 	 4.0921 	 0.2786
[2025/10/12 22:25:31] - ==> Building model..
[2025/10/12 22:25:47] - Test Loss 	 Test Acc 	 PGD Loss 	 PGD Acc
[2025/10/12 22:25:47] - 2.5412 	 	 0.5197 	 2.8471 	 0.2804
[2025/10/12 22:26:35] - 60 	 20.0 	 	 0.2000 	 4.0901 	 0.2784
[2025/10/12 22:26:35] - ==> Building model..
[2025/10/12 22:26:52] - Test Loss 	 Test Acc 	 PGD Loss 	 PGD Acc
[2025/10/12 22:26:52] - 2.5446 	 	 0.5203 	 2.8497 	 0.2809
[2025/10/12 22:27:41] - 61 	 20.8 	 	 0.2000 	 4.0917 	 0.2751
[2025/10/12 22:27:41] - ==> Building model..
[2025/10/12 22:27:59] - Test Loss 	 Test Acc 	 PGD Loss 	 PGD Acc
[2025/10/12 22:27:59] - 2.5492 	 	 0.5201 	 2.8530 	 0.2804
[2025/10/12 22:28:47] - 62 	 20.4 	 	 0.2000 	 4.0913 	 0.2768
[2025/10/12 22:28:47] - ==> Building model..
[2025/10/12 22:29:04] - Test Loss 	 Test Acc 	 PGD Loss 	 PGD Acc
[2025/10/12 22:29:04] - 2.5517 	 	 0.5194 	 2.8543 	 0.2805
[2025/10/12 22:29:53] - 63 	 21.2 	 	 0.2000 	 4.0930 	 0.2770
[2025/10/12 22:29:53] - ==> Building model..
[2025/10/12 22:30:11] - Test Loss 	 Test Acc 	 PGD Loss 	 PGD Acc
[2025/10/12 22:30:11] - 2.5546 	 	 0.5180 	 2.8559 	 0.2812
[2025/10/12 22:30:57] - 64 	 19.2 	 	 0.2000 	 4.0905 	 0.2790
[2025/10/12 22:30:57] - ==> Building model..
[2025/10/12 22:31:13] - Test Loss 	 Test Acc 	 PGD Loss 	 PGD Acc
[2025/10/12 22:31:13] - 2.5577 	 	 0.5174 	 2.8580 	 0.2808
[2025/10/12 22:31:59] - 65 	 18.9 	 	 0.2000 	 4.0896 	 0.2791
[2025/10/12 22:31:59] - ==> Building model..
[2025/10/12 22:32:15] - Test Loss 	 Test Acc 	 PGD Loss 	 PGD Acc
[2025/10/12 22:32:15] - 2.5621 	 	 0.5167 	 2.8615 	 0.2815
[2025/10/12 22:33:03] - 66 	 20.4 	 	 0.2000 	 4.0904 	 0.2779
[2025/10/12 22:33:03] - ==> Building model..
[2025/10/12 22:33:21] - Test Loss 	 Test Acc 	 PGD Loss 	 PGD Acc
[2025/10/12 22:33:21] - 2.5652 	 	 0.5173 	 2.8640 	 0.2813
[2025/10/12 22:34:07] - 67 	 19.7 	 	 0.2000 	 4.0916 	 0.2782
[2025/10/12 22:34:07] - ==> Building model..
[2025/10/12 22:34:25] - Test Loss 	 Test Acc 	 PGD Loss 	 PGD Acc
[2025/10/12 22:34:25] - 2.5675 	 	 0.5183 	 2.8652 	 0.2813
[2025/10/12 22:35:14] - 68 	 21.0 	 	 0.2000 	 4.0909 	 0.2777
[2025/10/12 22:35:14] - ==> Building model..
[2025/10/12 22:35:32] - Test Loss 	 Test Acc 	 PGD Loss 	 PGD Acc
[2025/10/12 22:35:32] - 2.5712 	 	 0.5176 	 2.8682 	 0.2807
[2025/10/12 22:36:21] - 69 	 20.9 	 	 0.2000 	 4.0912 	 0.2783
[2025/10/12 22:36:21] - ==> Building model..
[2025/10/12 22:36:39] - Test Loss 	 Test Acc 	 PGD Loss 	 PGD Acc
[2025/10/12 22:36:39] - 2.5719 	 	 0.5160 	 2.8683 	 0.2822
[2025/10/12 22:37:25] - 70 	 20.0 	 	 0.2000 	 4.0924 	 0.2776
[2025/10/12 22:37:25] - ==> Building model..
[2025/10/12 22:37:42] - Test Loss 	 Test Acc 	 PGD Loss 	 PGD Acc
[2025/10/12 22:37:42] - 2.5728 	 	 0.5164 	 2.8682 	 0.2825
[2025/10/12 22:38:29] - 71 	 20.4 	 	 0.2000 	 4.0904 	 0.2775
[2025/10/12 22:38:29] - ==> Building model..
[2025/10/12 22:38:47] - Test Loss 	 Test Acc 	 PGD Loss 	 PGD Acc
[2025/10/12 22:38:47] - 2.5741 	 	 0.5174 	 2.8695 	 0.2831
[2025/10/12 22:39:35] - 72 	 20.8 	 	 0.2000 	 4.0901 	 0.2775
[2025/10/12 22:39:35] - ==> Building model..
[2025/10/12 22:39:53] - Test Loss 	 Test Acc 	 PGD Loss 	 PGD Acc
[2025/10/12 22:39:53] - 2.5742 	 	 0.5194 	 2.8703 	 0.2823
[2025/10/12 22:40:41] - 73 	 20.6 	 	 0.2000 	 4.0897 	 0.2770
[2025/10/12 22:40:41] - ==> Building model..
[2025/10/12 22:40:58] - Test Loss 	 Test Acc 	 PGD Loss 	 PGD Acc
[2025/10/12 22:40:58] - 2.5746 	 	 0.5192 	 2.8704 	 0.2820
[2025/10/12 22:41:44] - 74 	 19.9 	 	 0.2000 	 4.0913 	 0.2782
[2025/10/12 22:41:44] - ==> Building model..
[2025/10/12 22:42:01] - Test Loss 	 Test Acc 	 PGD Loss 	 PGD Acc
[2025/10/12 22:42:01] - 2.5759 	 	 0.5202 	 2.8711 	 0.2826
[2025/10/12 22:42:47] - 75 	 19.4 	 	 0.2000 	 4.0909 	 0.2793
[2025/10/12 22:42:47] - ==> Building model..
[2025/10/12 22:43:03] - Test Loss 	 Test Acc 	 PGD Loss 	 PGD Acc
[2025/10/12 22:43:03] - 2.5772 	 	 0.5205 	 2.8724 	 0.2830
[2025/10/12 22:43:47] - 76 	 18.5 	 	 0.2000 	 4.0900 	 0.2802
[2025/10/12 22:43:47] - ==> Building model..
[2025/10/12 22:44:03] - Test Loss 	 Test Acc 	 PGD Loss 	 PGD Acc
[2025/10/12 22:44:03] - 2.5773 	 	 0.5214 	 2.8728 	 0.2832
[2025/10/12 22:44:49] - 77 	 18.6 	 	 0.2000 	 4.0891 	 0.2799
[2025/10/12 22:44:49] - ==> Building model..
[2025/10/12 22:45:05] - Test Loss 	 Test Acc 	 PGD Loss 	 PGD Acc
[2025/10/12 22:45:05] - 2.5774 	 	 0.5218 	 2.8731 	 0.2842
[2025/10/12 22:45:49] - 78 	 18.8 	 	 0.2000 	 4.0900 	 0.2783
[2025/10/12 22:45:49] - ==> Building model..
[2025/10/12 22:46:06] - Test Loss 	 Test Acc 	 PGD Loss 	 PGD Acc
[2025/10/12 22:46:06] - 2.5792 	 	 0.5228 	 2.8740 	 0.2831
[2025/10/12 22:46:50] - 79 	 18.6 	 	 0.2000 	 4.0895 	 0.2795
[2025/10/12 22:46:50] - ==> Building model..
[2025/10/12 22:47:06] - Test Loss 	 Test Acc 	 PGD Loss 	 PGD Acc
[2025/10/12 22:47:06] - 2.5791 	 	 0.5226 	 2.8739 	 0.2839
[2025/10/12 22:47:50] - 80 	 18.4 	 	 0.2000 	 4.0887 	 0.2790
[2025/10/12 22:47:50] - ==> Building model..
[2025/10/12 22:48:06] - Test Loss 	 Test Acc 	 PGD Loss 	 PGD Acc
[2025/10/12 22:48:06] - 2.5798 	 	 0.5222 	 2.8741 	 0.2830
[2025/10/12 22:48:52] - 81 	 18.8 	 	 0.2000 	 4.0900 	 0.2781
[2025/10/12 22:48:52] - ==> Building model..
[2025/10/12 22:49:08] - Test Loss 	 Test Acc 	 PGD Loss 	 PGD Acc
[2025/10/12 22:49:08] - 2.5805 	 	 0.5220 	 2.8744 	 0.2842
[2025/10/12 22:49:54] - 82 	 19.0 	 	 0.2000 	 4.0897 	 0.2800
[2025/10/12 22:49:54] - ==> Building model..
[2025/10/12 22:50:10] - Test Loss 	 Test Acc 	 PGD Loss 	 PGD Acc
[2025/10/12 22:50:10] - 2.5794 	 	 0.5235 	 2.8746 	 0.2855
[2025/10/12 22:50:52] - 83 	 18.0 	 	 0.2000 	 4.0875 	 0.2833
[2025/10/12 22:50:52] - ==> Building model..
[2025/10/12 22:51:08] - Test Loss 	 Test Acc 	 PGD Loss 	 PGD Acc
[2025/10/12 22:51:08] - 2.5789 	 	 0.5228 	 2.8737 	 0.2857
[2025/10/12 22:51:50] - 84 	 17.9 	 	 0.2000 	 4.0903 	 0.2782
[2025/10/12 22:51:50] - ==> Building model..
[2025/10/12 22:52:07] - Test Loss 	 Test Acc 	 PGD Loss 	 PGD Acc
[2025/10/12 22:52:07] - 2.5798 	 	 0.5225 	 2.8745 	 0.2854
[2025/10/12 22:52:51] - 85 	 18.8 	 	 0.2000 	 4.0895 	 0.2795
[2025/10/12 22:52:51] - ==> Building model..
[2025/10/12 22:53:08] - Test Loss 	 Test Acc 	 PGD Loss 	 PGD Acc
[2025/10/12 22:53:08] - 2.5810 	 	 0.5220 	 2.8755 	 0.2870
[2025/10/12 22:53:53] - 86 	 18.8 	 	 0.2000 	 4.0886 	 0.2811
[2025/10/12 22:53:53] - ==> Building model..
[2025/10/12 22:54:09] - Test Loss 	 Test Acc 	 PGD Loss 	 PGD Acc
[2025/10/12 22:54:09] - 2.5811 	 	 0.5205 	 2.8755 	 0.2858
[2025/10/12 22:54:52] - 87 	 18.4 	 	 0.2000 	 4.0881 	 0.2808
[2025/10/12 22:54:52] - ==> Building model..
[2025/10/12 22:55:08] - Test Loss 	 Test Acc 	 PGD Loss 	 PGD Acc
[2025/10/12 22:55:08] - 2.5815 	 	 0.5205 	 2.8753 	 0.2868
[2025/10/12 22:55:52] - 88 	 18.5 	 	 0.2000 	 4.0908 	 0.2786
[2025/10/12 22:55:52] - ==> Building model..
[2025/10/12 22:56:08] - Test Loss 	 Test Acc 	 PGD Loss 	 PGD Acc
[2025/10/12 22:56:08] - 2.5829 	 	 0.5202 	 2.8768 	 0.2866
[2025/10/12 22:56:53] - 89 	 19.3 	 	 0.2000 	 4.0897 	 0.2807
[2025/10/12 22:56:53] - ==> Building model..
[2025/10/12 22:57:09] - Test Loss 	 Test Acc 	 PGD Loss 	 PGD Acc
[2025/10/12 22:57:09] - 2.5826 	 	 0.5199 	 2.8761 	 0.2857
[2025/10/12 22:57:50] - 90 	 17.3 	 	 0.0200 	 3.9942 	 0.3420
[2025/10/12 22:57:50] - ==> Building model..
[2025/10/12 22:58:06] - Test Loss 	 Test Acc 	 PGD Loss 	 PGD Acc
[2025/10/12 22:58:06] - 2.5797 	 	 0.5205 	 2.8739 	 0.2857
[2025/10/12 22:58:50] - 91 	 17.9 	 	 0.0200 	 3.8998 	 0.4027
[2025/10/12 22:58:50] - ==> Building model..
[2025/10/12 22:59:06] - Test Loss 	 Test Acc 	 PGD Loss 	 PGD Acc
[2025/10/12 22:59:06] - 2.5790 	 	 0.5208 	 2.8733 	 0.2847
[2025/10/12 22:59:51] - 92 	 18.6 	 	 0.0200 	 3.8734 	 0.4208
[2025/10/12 22:59:51] - ==> Building model..
[2025/10/12 23:00:08] - Test Loss 	 Test Acc 	 PGD Loss 	 PGD Acc
[2025/10/12 23:00:08] - 2.5788 	 	 0.5207 	 2.8735 	 0.2857
[2025/10/12 23:00:52] - 93 	 18.5 	 	 0.0200 	 3.8564 	 0.4310
[2025/10/12 23:00:52] - ==> Building model..
[2025/10/12 23:01:09] - Test Loss 	 Test Acc 	 PGD Loss 	 PGD Acc
[2025/10/12 23:01:09] - 2.5791 	 	 0.5208 	 2.8737 	 0.2855
[2025/10/12 23:01:53] - 94 	 18.6 	 	 0.0200 	 3.8408 	 0.4422
[2025/10/12 23:01:53] - ==> Building model..
[2025/10/12 23:02:10] - Test Loss 	 Test Acc 	 PGD Loss 	 PGD Acc
[2025/10/12 23:02:10] - 2.5806 	 	 0.5205 	 2.8749 	 0.2859
[2025/10/12 23:02:53] - 95 	 18.6 	 	 0.0200 	 3.8284 	 0.4515
[2025/10/12 23:02:53] - ==> Building model..
[2025/10/12 23:03:10] - Test Loss 	 Test Acc 	 PGD Loss 	 PGD Acc
[2025/10/12 23:03:10] - 2.5845 	 	 0.5206 	 2.8788 	 0.2866
[2025/10/12 23:03:54] - 96 	 18.6 	 	 0.0200 	 3.8176 	 0.4617
[2025/10/12 23:03:54] - ==> Building model..
[2025/10/12 23:04:10] - Test Loss 	 Test Acc 	 PGD Loss 	 PGD Acc
[2025/10/12 23:04:10] - 2.5904 	 	 0.5205 	 2.8836 	 0.2862
[2025/10/12 23:04:54] - 97 	 18.6 	 	 0.0200 	 3.8089 	 0.4693
[2025/10/12 23:04:54] - ==> Building model..
[2025/10/12 23:05:11] - Test Loss 	 Test Acc 	 PGD Loss 	 PGD Acc
[2025/10/12 23:05:11] - 2.5939 	 	 0.5206 	 2.8865 	 0.2865
[2025/10/12 23:05:55] - 98 	 18.7 	 	 0.0200 	 3.8015 	 0.4722
[2025/10/12 23:05:55] - ==> Building model..
[2025/10/12 23:06:12] - Test Loss 	 Test Acc 	 PGD Loss 	 PGD Acc
[2025/10/12 23:06:12] - 2.5991 	 	 0.5205 	 2.8912 	 0.2859
[2025/10/12 23:06:57] - 99 	 18.8 	 	 0.0200 	 3.7931 	 0.4800
[2025/10/12 23:06:57] - ==> Building model..
[2025/10/12 23:07:13] - Test Loss 	 Test Acc 	 PGD Loss 	 PGD Acc
[2025/10/12 23:07:13] - 2.6015 	 	 0.5201 	 2.8926 	 0.2847
[2025/10/12 23:07:13] - [0.0918, 0.1449, 0.1888, 0.241, 0.2722, 0.3048, 0.3516, 0.3822, 0.4036, 0.4204, 0.43, 0.4416, 0.4487, 0.4547, 0.462, 0.4674, 0.4716, 0.4774, 0.4811, 0.4835, 0.4866, 0.4905, 0.4932, 0.493, 0.4952, 0.4984, 0.4995, 0.5004, 0.5015, 0.5031, 0.5015, 0.5033, 0.5024, 0.5057, 0.506, 0.5083, 0.5091, 0.5115, 0.5109, 0.5111, 0.5118, 0.5139, 0.5139, 0.515, 0.5156, 0.5159, 0.5167, 0.5173, 0.5173, 0.5185, 0.5182, 0.5187, 0.5204, 0.5201, 0.5192, 0.5221, 0.521, 0.521, 0.5209, 0.5197, 0.5203, 0.5201, 0.5194, 0.518, 0.5174, 0.5167, 0.5173, 0.5183, 0.5176, 0.516, 0.5164, 0.5174, 0.5194, 0.5192, 0.5202, 0.5205, 0.5214, 0.5218, 0.5228, 0.5226, 0.5222, 0.522, 0.5235, 0.5228, 0.5225, 0.522, 0.5205, 0.5205, 0.5202, 0.5199, 0.5205, 0.5208, 0.5207, 0.5208, 0.5205, 0.5206, 0.5205, 0.5206, 0.5205, 0.5201]
[2025/10/12 23:07:13] - [0.0584, 0.0943, 0.1147, 0.1401, 0.1635, 0.177, 0.1954, 0.2083, 0.2167, 0.2255, 0.2322, 0.2368, 0.2409, 0.247, 0.2504, 0.2516, 0.2509, 0.2546, 0.2578, 0.2604, 0.2588, 0.2603, 0.2625, 0.2633, 0.2649, 0.2658, 0.2683, 0.269, 0.2691, 0.2692, 0.2704, 0.2706, 0.2712, 0.2715, 0.2729, 0.2718, 0.2741, 0.2739, 0.2751, 0.2762, 0.2769, 0.2773, 0.2778, 0.2767, 0.2787, 0.2792, 0.2795, 0.2807, 0.2798, 0.2818, 0.2811, 0.2828, 0.2822, 0.2799, 0.2803, 0.2797, 0.2792, 0.2795, 0.2806, 0.2804, 0.2809, 0.2804, 0.2805, 0.2812, 0.2808, 0.2815, 0.2813, 0.2813, 0.2807, 0.2822, 0.2825, 0.2831, 0.2823, 0.282, 0.2826, 0.283, 0.2832, 0.2842, 0.2831, 0.2839, 0.283, 0.2842, 0.2855, 0.2857, 0.2854, 0.287, 0.2858, 0.2868, 0.2866, 0.2857, 0.2857, 0.2847, 0.2857, 0.2855, 0.2859, 0.2866, 0.2862, 0.2865, 0.2859, 0.2847]
