[2025/10/13 18:35:51] - Namespace(batch_size=128, data_dir='cifar-data', epochs=100, lr_schedule='multistep', lr_min=0.0, lr_max=0.2, weight_decay=0.0005, momentum=0.9, model='ResNet18', epsilon=8, alpha=8, delta_init='random', normal_mean=0, normal_std=1, out_dir='./output/CIFAR100/lamda_36_lamscale_0.08_run3', seed=0, lamda=36.0, lam_scale=0.08, lam_start=50, gamma=0.05, inner_gamma=0.05, beta=0.2, mu=3.5, batch_m=0.75, early_stop=False, factor=0.5, length=4, n_holes=1, c_num=0.125, EMA_value=0.55)
[2025/10/13 18:35:56] - ==> Building model..
[2025/10/13 18:35:56] - Epoch 	 Seconds 	 LR 	 	 Train Loss 	 Train Acc
[2025/10/13 18:36:42] - 0 	 20.2 	 	 0.2000 	 4.5716 	 0.0377
[2025/10/13 18:36:42] - ==> Building model..
[2025/10/13 18:36:59] - Test Loss 	 Test Acc 	 PGD Loss 	 PGD Acc
[2025/10/13 18:36:59] - 4.2397 	 	 0.0779 	 4.2514 	 0.0524
[2025/10/13 18:37:43] - 1 	 18.6 	 	 0.2000 	 4.4629 	 0.0769
[2025/10/13 18:37:43] - ==> Building model..
[2025/10/13 18:38:00] - Test Loss 	 Test Acc 	 PGD Loss 	 PGD Acc
[2025/10/13 18:38:00] - 4.0636 	 	 0.1385 	 4.0908 	 0.0912
[2025/10/13 18:38:46] - 2 	 19.3 	 	 0.2000 	 4.4116 	 0.1007
[2025/10/13 18:38:46] - ==> Building model..
[2025/10/13 18:39:02] - Test Loss 	 Test Acc 	 PGD Loss 	 PGD Acc
[2025/10/13 18:39:02] - 3.9089 	 	 0.1782 	 3.9522 	 0.1134
[2025/10/13 18:39:47] - 3 	 19.6 	 	 0.2000 	 4.3654 	 0.1221
[2025/10/13 18:39:47] - ==> Building model..
[2025/10/13 18:40:04] - Test Loss 	 Test Acc 	 PGD Loss 	 PGD Acc
[2025/10/13 18:40:04] - 3.7462 	 	 0.2253 	 3.8119 	 0.1370
[2025/10/13 18:40:48] - 4 	 18.8 	 	 0.2000 	 4.3217 	 0.1472
[2025/10/13 18:40:48] - ==> Building model..
[2025/10/13 18:41:06] - Test Loss 	 Test Acc 	 PGD Loss 	 PGD Acc
[2025/10/13 18:41:06] - 3.6711 	 	 0.2582 	 3.7535 	 0.1509
[2025/10/13 18:41:53] - 5 	 19.8 	 	 0.2000 	 4.2828 	 0.1649
[2025/10/13 18:41:53] - ==> Building model..
[2025/10/13 18:42:10] - Test Loss 	 Test Acc 	 PGD Loss 	 PGD Acc
[2025/10/13 18:42:10] - 3.5188 	 	 0.2907 	 3.6238 	 0.1707
[2025/10/13 18:42:55] - 6 	 19.7 	 	 0.2000 	 4.2500 	 0.1835
[2025/10/13 18:42:55] - ==> Building model..
[2025/10/13 18:43:12] - Test Loss 	 Test Acc 	 PGD Loss 	 PGD Acc
[2025/10/13 18:43:12] - 3.2783 	 	 0.3367 	 3.4194 	 0.1907
[2025/10/13 18:43:57] - 7 	 19.3 	 	 0.2000 	 4.2271 	 0.1952
[2025/10/13 18:43:57] - ==> Building model..
[2025/10/13 18:44:14] - Test Loss 	 Test Acc 	 PGD Loss 	 PGD Acc
[2025/10/13 18:44:14] - 3.0984 	 	 0.3755 	 3.2730 	 0.2047
[2025/10/13 18:45:00] - 8 	 19.7 	 	 0.2000 	 4.2070 	 0.2061
[2025/10/13 18:45:00] - ==> Building model..
[2025/10/13 18:45:17] - Test Loss 	 Test Acc 	 PGD Loss 	 PGD Acc
[2025/10/13 18:45:17] - 2.9764 	 	 0.4001 	 3.1757 	 0.2194
[2025/10/13 18:46:03] - 9 	 19.2 	 	 0.2000 	 4.1903 	 0.2161
[2025/10/13 18:46:03] - ==> Building model..
[2025/10/13 18:46:20] - Test Loss 	 Test Acc 	 PGD Loss 	 PGD Acc
[2025/10/13 18:46:20] - 2.9171 	 	 0.4120 	 3.1288 	 0.2211
[2025/10/13 18:47:04] - 10 	 19.5 	 	 0.2000 	 4.1773 	 0.2249
[2025/10/13 18:47:04] - ==> Building model..
[2025/10/13 18:47:21] - Test Loss 	 Test Acc 	 PGD Loss 	 PGD Acc
[2025/10/13 18:47:21] - 2.8675 	 	 0.4259 	 3.0917 	 0.2290
[2025/10/13 18:48:05] - 11 	 19.5 	 	 0.2000 	 4.1683 	 0.2285
[2025/10/13 18:48:05] - ==> Building model..
[2025/10/13 18:48:22] - Test Loss 	 Test Acc 	 PGD Loss 	 PGD Acc
[2025/10/13 18:48:22] - 2.8224 	 	 0.4375 	 3.0584 	 0.2338
[2025/10/13 18:49:07] - 12 	 19.5 	 	 0.2000 	 4.1591 	 0.2341
[2025/10/13 18:49:07] - ==> Building model..
[2025/10/13 18:49:24] - Test Loss 	 Test Acc 	 PGD Loss 	 PGD Acc
[2025/10/13 18:49:24] - 2.7846 	 	 0.4451 	 3.0287 	 0.2375
[2025/10/13 18:50:10] - 13 	 19.7 	 	 0.2000 	 4.1554 	 0.2354
[2025/10/13 18:50:10] - ==> Building model..
[2025/10/13 18:50:27] - Test Loss 	 Test Acc 	 PGD Loss 	 PGD Acc
[2025/10/13 18:50:27] - 2.7542 	 	 0.4521 	 3.0056 	 0.2417
[2025/10/13 18:51:10] - 14 	 18.9 	 	 0.2000 	 4.1485 	 0.2423
[2025/10/13 18:51:10] - ==> Building model..
[2025/10/13 18:51:27] - Test Loss 	 Test Acc 	 PGD Loss 	 PGD Acc
[2025/10/13 18:51:27] - 2.7396 	 	 0.4556 	 2.9961 	 0.2429
[2025/10/13 18:52:13] - 15 	 19.6 	 	 0.2000 	 4.1420 	 0.2446
[2025/10/13 18:52:13] - ==> Building model..
[2025/10/13 18:52:29] - Test Loss 	 Test Acc 	 PGD Loss 	 PGD Acc
[2025/10/13 18:52:29] - 2.7190 	 	 0.4645 	 2.9809 	 0.2489
[2025/10/13 18:53:14] - 16 	 19.5 	 	 0.2000 	 4.1370 	 0.2467
[2025/10/13 18:53:14] - ==> Building model..
[2025/10/13 18:53:31] - Test Loss 	 Test Acc 	 PGD Loss 	 PGD Acc
[2025/10/13 18:53:31] - 2.7034 	 	 0.4692 	 2.9681 	 0.2488
[2025/10/13 18:54:15] - 17 	 19.2 	 	 0.2000 	 4.1355 	 0.2472
[2025/10/13 18:54:15] - ==> Building model..
[2025/10/13 18:54:31] - Test Loss 	 Test Acc 	 PGD Loss 	 PGD Acc
[2025/10/13 18:54:31] - 2.6880 	 	 0.4733 	 2.9570 	 0.2519
[2025/10/13 18:55:14] - 18 	 19.0 	 	 0.2000 	 4.1281 	 0.2514
[2025/10/13 18:55:14] - ==> Building model..
[2025/10/13 18:55:30] - Test Loss 	 Test Acc 	 PGD Loss 	 PGD Acc
[2025/10/13 18:55:30] - 2.6688 	 	 0.4728 	 2.9424 	 0.2567
[2025/10/13 18:56:14] - 19 	 19.4 	 	 0.2000 	 4.1251 	 0.2542
[2025/10/13 18:56:14] - ==> Building model..
[2025/10/13 18:56:31] - Test Loss 	 Test Acc 	 PGD Loss 	 PGD Acc
[2025/10/13 18:56:31] - 2.6511 	 	 0.4779 	 2.9281 	 0.2576
[2025/10/13 18:57:15] - 20 	 19.3 	 	 0.2000 	 4.1235 	 0.2552
[2025/10/13 18:57:15] - ==> Building model..
[2025/10/13 18:57:31] - Test Loss 	 Test Acc 	 PGD Loss 	 PGD Acc
[2025/10/13 18:57:31] - 2.6376 	 	 0.4828 	 2.9180 	 0.2583
[2025/10/13 18:58:17] - 21 	 20.1 	 	 0.2000 	 4.1194 	 0.2576
[2025/10/13 18:58:17] - ==> Building model..
[2025/10/13 18:58:34] - Test Loss 	 Test Acc 	 PGD Loss 	 PGD Acc
[2025/10/13 18:58:34] - 2.6244 	 	 0.4863 	 2.9083 	 0.2602
[2025/10/13 18:59:20] - 22 	 19.6 	 	 0.2000 	 4.1191 	 0.2572
[2025/10/13 18:59:20] - ==> Building model..
[2025/10/13 18:59:36] - Test Loss 	 Test Acc 	 PGD Loss 	 PGD Acc
[2025/10/13 18:59:36] - 2.6161 	 	 0.4884 	 2.9024 	 0.2606
[2025/10/13 19:00:23] - 23 	 19.7 	 	 0.2000 	 4.1167 	 0.2579
[2025/10/13 19:00:23] - ==> Building model..
[2025/10/13 19:00:40] - Test Loss 	 Test Acc 	 PGD Loss 	 PGD Acc
[2025/10/13 19:00:40] - 2.6101 	 	 0.4913 	 2.8976 	 0.2614
[2025/10/13 19:01:25] - 24 	 19.6 	 	 0.2000 	 4.1124 	 0.2608
[2025/10/13 19:01:25] - ==> Building model..
[2025/10/13 19:01:42] - Test Loss 	 Test Acc 	 PGD Loss 	 PGD Acc
[2025/10/13 19:01:42] - 2.6034 	 	 0.4922 	 2.8920 	 0.2619
[2025/10/13 19:02:27] - 25 	 19.3 	 	 0.2000 	 4.1112 	 0.2629
[2025/10/13 19:02:27] - ==> Building model..
[2025/10/13 19:02:44] - Test Loss 	 Test Acc 	 PGD Loss 	 PGD Acc
[2025/10/13 19:02:44] - 2.5975 	 	 0.4932 	 2.8877 	 0.2655
[2025/10/13 19:03:29] - 26 	 19.1 	 	 0.2000 	 4.1085 	 0.2640
[2025/10/13 19:03:29] - ==> Building model..
[2025/10/13 19:03:45] - Test Loss 	 Test Acc 	 PGD Loss 	 PGD Acc
[2025/10/13 19:03:45] - 2.5894 	 	 0.4947 	 2.8811 	 0.2653
[2025/10/13 19:04:30] - 27 	 19.5 	 	 0.2000 	 4.1075 	 0.2659
[2025/10/13 19:04:30] - ==> Building model..
[2025/10/13 19:04:46] - Test Loss 	 Test Acc 	 PGD Loss 	 PGD Acc
[2025/10/13 19:04:46] - 2.5905 	 	 0.4958 	 2.8821 	 0.2657
[2025/10/13 19:05:32] - 28 	 19.7 	 	 0.2000 	 4.1066 	 0.2654
[2025/10/13 19:05:32] - ==> Building model..
[2025/10/13 19:05:49] - Test Loss 	 Test Acc 	 PGD Loss 	 PGD Acc
[2025/10/13 19:05:49] - 2.5917 	 	 0.4972 	 2.8835 	 0.2675
[2025/10/13 19:06:36] - 29 	 20.0 	 	 0.2000 	 4.1047 	 0.2669
[2025/10/13 19:06:36] - ==> Building model..
[2025/10/13 19:06:53] - Test Loss 	 Test Acc 	 PGD Loss 	 PGD Acc
[2025/10/13 19:06:53] - 2.5862 	 	 0.4969 	 2.8789 	 0.2670
[2025/10/13 19:07:39] - 30 	 19.8 	 	 0.2000 	 4.1057 	 0.2642
[2025/10/13 19:07:39] - ==> Building model..
[2025/10/13 19:07:56] - Test Loss 	 Test Acc 	 PGD Loss 	 PGD Acc
[2025/10/13 19:07:56] - 2.5832 	 	 0.4979 	 2.8780 	 0.2682
[2025/10/13 19:08:43] - 31 	 19.8 	 	 0.2000 	 4.1034 	 0.2676
[2025/10/13 19:08:43] - ==> Building model..
[2025/10/13 19:09:00] - Test Loss 	 Test Acc 	 PGD Loss 	 PGD Acc
[2025/10/13 19:09:00] - 2.5781 	 	 0.5005 	 2.8733 	 0.2689
[2025/10/13 19:09:45] - 32 	 18.9 	 	 0.2000 	 4.1007 	 0.2670
[2025/10/13 19:09:45] - ==> Building model..
[2025/10/13 19:10:02] - Test Loss 	 Test Acc 	 PGD Loss 	 PGD Acc
[2025/10/13 19:10:02] - 2.5742 	 	 0.5012 	 2.8706 	 0.2724
[2025/10/13 19:10:48] - 33 	 18.9 	 	 0.2000 	 4.0999 	 0.2688
[2025/10/13 19:10:48] - ==> Building model..
[2025/10/13 19:11:04] - Test Loss 	 Test Acc 	 PGD Loss 	 PGD Acc
[2025/10/13 19:11:04] - 2.5691 	 	 0.5029 	 2.8667 	 0.2730
[2025/10/13 19:11:50] - 34 	 18.8 	 	 0.2000 	 4.1001 	 0.2684
[2025/10/13 19:11:50] - ==> Building model..
[2025/10/13 19:12:06] - Test Loss 	 Test Acc 	 PGD Loss 	 PGD Acc
[2025/10/13 19:12:06] - 2.5717 	 	 0.5016 	 2.8690 	 0.2732
[2025/10/13 19:12:51] - 35 	 19.3 	 	 0.2000 	 4.0967 	 0.2732
[2025/10/13 19:12:51] - ==> Building model..
[2025/10/13 19:13:07] - Test Loss 	 Test Acc 	 PGD Loss 	 PGD Acc
[2025/10/13 19:13:07] - 2.5716 	 	 0.5037 	 2.8689 	 0.2712
[2025/10/13 19:13:52] - 36 	 18.6 	 	 0.2000 	 4.0969 	 0.2704
[2025/10/13 19:13:52] - ==> Building model..
[2025/10/13 19:14:08] - Test Loss 	 Test Acc 	 PGD Loss 	 PGD Acc
[2025/10/13 19:14:08] - 2.5690 	 	 0.5060 	 2.8683 	 0.2726
[2025/10/13 19:14:51] - 37 	 18.3 	 	 0.2000 	 4.0970 	 0.2698
[2025/10/13 19:14:51] - ==> Building model..
[2025/10/13 19:15:08] - Test Loss 	 Test Acc 	 PGD Loss 	 PGD Acc
[2025/10/13 19:15:08] - 2.5650 	 	 0.5060 	 2.8656 	 0.2748
[2025/10/13 19:15:54] - 38 	 19.2 	 	 0.2000 	 4.0939 	 0.2724
[2025/10/13 19:15:54] - ==> Building model..
[2025/10/13 19:16:11] - Test Loss 	 Test Acc 	 PGD Loss 	 PGD Acc
[2025/10/13 19:16:11] - 2.5594 	 	 0.5096 	 2.8609 	 0.2751
[2025/10/13 19:16:57] - 39 	 19.3 	 	 0.2000 	 4.0949 	 0.2699
[2025/10/13 19:16:57] - ==> Building model..
[2025/10/13 19:17:13] - Test Loss 	 Test Acc 	 PGD Loss 	 PGD Acc
[2025/10/13 19:17:13] - 2.5554 	 	 0.5089 	 2.8582 	 0.2762
[2025/10/13 19:17:58] - 40 	 18.5 	 	 0.2000 	 4.0933 	 0.2731
[2025/10/13 19:17:58] - ==> Building model..
[2025/10/13 19:18:15] - Test Loss 	 Test Acc 	 PGD Loss 	 PGD Acc
[2025/10/13 19:18:15] - 2.5532 	 	 0.5098 	 2.8560 	 0.2765
[2025/10/13 19:19:01] - 41 	 19.1 	 	 0.2000 	 4.0939 	 0.2724
[2025/10/13 19:19:01] - ==> Building model..
[2025/10/13 19:19:18] - Test Loss 	 Test Acc 	 PGD Loss 	 PGD Acc
[2025/10/13 19:19:18] - 2.5511 	 	 0.5103 	 2.8543 	 0.2752
[2025/10/13 19:20:04] - 42 	 19.3 	 	 0.2000 	 4.0937 	 0.2718
[2025/10/13 19:20:04] - ==> Building model..
[2025/10/13 19:20:20] - Test Loss 	 Test Acc 	 PGD Loss 	 PGD Acc
[2025/10/13 19:20:20] - 2.5486 	 	 0.5134 	 2.8533 	 0.2770
[2025/10/13 19:21:09] - 43 	 20.0 	 	 0.2000 	 4.0930 	 0.2732
[2025/10/13 19:21:09] - ==> Building model..
[2025/10/13 19:21:25] - Test Loss 	 Test Acc 	 PGD Loss 	 PGD Acc
[2025/10/13 19:21:25] - 2.5492 	 	 0.5151 	 2.8541 	 0.2758
[2025/10/13 19:22:10] - 44 	 18.6 	 	 0.2000 	 4.0926 	 0.2741
[2025/10/13 19:22:10] - ==> Building model..
[2025/10/13 19:22:26] - Test Loss 	 Test Acc 	 PGD Loss 	 PGD Acc
[2025/10/13 19:22:26] - 2.5478 	 	 0.5156 	 2.8533 	 0.2760
[2025/10/13 19:23:10] - 45 	 18.7 	 	 0.2000 	 4.0899 	 0.2747
[2025/10/13 19:23:10] - ==> Building model..
[2025/10/13 19:23:27] - Test Loss 	 Test Acc 	 PGD Loss 	 PGD Acc
[2025/10/13 19:23:27] - 2.5478 	 	 0.5149 	 2.8531 	 0.2776
[2025/10/13 19:24:12] - 46 	 18.8 	 	 0.2000 	 4.0886 	 0.2747
[2025/10/13 19:24:12] - ==> Building model..
[2025/10/13 19:24:29] - Test Loss 	 Test Acc 	 PGD Loss 	 PGD Acc
[2025/10/13 19:24:29] - 2.5483 	 	 0.5154 	 2.8542 	 0.2780
[2025/10/13 19:25:15] - 47 	 18.9 	 	 0.2000 	 4.0903 	 0.2723
[2025/10/13 19:25:15] - ==> Building model..
[2025/10/13 19:25:31] - Test Loss 	 Test Acc 	 PGD Loss 	 PGD Acc
[2025/10/13 19:25:31] - 2.5445 	 	 0.5164 	 2.8513 	 0.2788
[2025/10/13 19:26:18] - 48 	 19.7 	 	 0.2000 	 4.0868 	 0.2781
[2025/10/13 19:26:18] - ==> Building model..
[2025/10/13 19:26:34] - Test Loss 	 Test Acc 	 PGD Loss 	 PGD Acc
[2025/10/13 19:26:34] - 2.5438 	 	 0.5156 	 2.8507 	 0.2782
[2025/10/13 19:27:20] - 49 	 18.9 	 	 0.2000 	 4.0873 	 0.2777
[2025/10/13 19:27:20] - ==> Building model..
[2025/10/13 19:27:36] - Test Loss 	 Test Acc 	 PGD Loss 	 PGD Acc
[2025/10/13 19:27:36] - 2.5443 	 	 0.5172 	 2.8512 	 0.2777
[2025/10/13 19:28:21] - 50 	 18.7 	 	 0.2000 	 4.0869 	 0.2756
[2025/10/13 19:28:21] - ==> Building model..
[2025/10/13 19:28:37] - Test Loss 	 Test Acc 	 PGD Loss 	 PGD Acc
[2025/10/13 19:28:37] - 2.5428 	 	 0.5170 	 2.8497 	 0.2786
[2025/10/13 19:29:23] - 51 	 18.9 	 	 0.2000 	 4.0883 	 0.2743
[2025/10/13 19:29:23] - ==> Building model..
[2025/10/13 19:29:40] - Test Loss 	 Test Acc 	 PGD Loss 	 PGD Acc
[2025/10/13 19:29:40] - 2.5429 	 	 0.5164 	 2.8495 	 0.2791
[2025/10/13 19:30:25] - 52 	 19.8 	 	 0.2000 	 4.0883 	 0.2754
[2025/10/13 19:30:25] - ==> Building model..
[2025/10/13 19:30:42] - Test Loss 	 Test Acc 	 PGD Loss 	 PGD Acc
[2025/10/13 19:30:42] - 2.5482 	 	 0.5152 	 2.8535 	 0.2782
[2025/10/13 19:31:27] - 53 	 19.7 	 	 0.2000 	 4.0868 	 0.2778
[2025/10/13 19:31:27] - ==> Building model..
[2025/10/13 19:31:45] - Test Loss 	 Test Acc 	 PGD Loss 	 PGD Acc
[2025/10/13 19:31:45] - 2.5470 	 	 0.5157 	 2.8511 	 0.2769
[2025/10/13 19:32:27] - 54 	 18.1 	 	 0.2000 	 4.0909 	 0.2740
[2025/10/13 19:32:27] - ==> Building model..
[2025/10/13 19:32:43] - Test Loss 	 Test Acc 	 PGD Loss 	 PGD Acc
[2025/10/13 19:32:43] - 2.5460 	 	 0.5161 	 2.8507 	 0.2767
[2025/10/13 19:33:28] - 55 	 18.6 	 	 0.2000 	 4.0890 	 0.2756
[2025/10/13 19:33:28] - ==> Building model..
[2025/10/13 19:33:45] - Test Loss 	 Test Acc 	 PGD Loss 	 PGD Acc
[2025/10/13 19:33:45] - 2.5443 	 	 0.5170 	 2.8490 	 0.2784
[2025/10/13 19:34:30] - 56 	 18.5 	 	 0.2000 	 4.0898 	 0.2759
[2025/10/13 19:34:30] - ==> Building model..
[2025/10/13 19:34:46] - Test Loss 	 Test Acc 	 PGD Loss 	 PGD Acc
[2025/10/13 19:34:46] - 2.5454 	 	 0.5172 	 2.8501 	 0.2787
[2025/10/13 19:35:32] - 57 	 18.6 	 	 0.2000 	 4.0903 	 0.2782
[2025/10/13 19:35:32] - ==> Building model..
[2025/10/13 19:35:48] - Test Loss 	 Test Acc 	 PGD Loss 	 PGD Acc
[2025/10/13 19:35:48] - 2.5461 	 	 0.5175 	 2.8506 	 0.2790
[2025/10/13 19:36:33] - 58 	 18.6 	 	 0.2000 	 4.0897 	 0.2796
[2025/10/13 19:36:33] - ==> Building model..
[2025/10/13 19:36:50] - Test Loss 	 Test Acc 	 PGD Loss 	 PGD Acc
[2025/10/13 19:36:50] - 2.5489 	 	 0.5171 	 2.8528 	 0.2795
[2025/10/13 19:37:36] - 59 	 19.3 	 	 0.2000 	 4.0903 	 0.2769
[2025/10/13 19:37:36] - ==> Building model..
[2025/10/13 19:37:52] - Test Loss 	 Test Acc 	 PGD Loss 	 PGD Acc
[2025/10/13 19:37:52] - 2.5507 	 	 0.5172 	 2.8533 	 0.2789
[2025/10/13 19:38:37] - 60 	 19.1 	 	 0.2000 	 4.0885 	 0.2799
[2025/10/13 19:38:37] - ==> Building model..
[2025/10/13 19:38:54] - Test Loss 	 Test Acc 	 PGD Loss 	 PGD Acc
[2025/10/13 19:38:54] - 2.5539 	 	 0.5164 	 2.8561 	 0.2789
[2025/10/13 19:39:39] - 61 	 19.3 	 	 0.2000 	 4.0913 	 0.2779
[2025/10/13 19:39:39] - ==> Building model..
[2025/10/13 19:39:55] - Test Loss 	 Test Acc 	 PGD Loss 	 PGD Acc
[2025/10/13 19:39:55] - 2.5574 	 	 0.5164 	 2.8578 	 0.2779
[2025/10/13 19:40:42] - 62 	 19.4 	 	 0.2000 	 4.0914 	 0.2767
[2025/10/13 19:40:42] - ==> Building model..
[2025/10/13 19:40:58] - Test Loss 	 Test Acc 	 PGD Loss 	 PGD Acc
[2025/10/13 19:40:58] - 2.5611 	 	 0.5169 	 2.8605 	 0.2783
[2025/10/13 19:41:47] - 63 	 19.5 	 	 0.2000 	 4.0928 	 0.2764
[2025/10/13 19:41:47] - ==> Building model..
[2025/10/13 19:42:03] - Test Loss 	 Test Acc 	 PGD Loss 	 PGD Acc
[2025/10/13 19:42:03] - 2.5640 	 	 0.5179 	 2.8628 	 0.2793
[2025/10/13 19:42:46] - 64 	 18.1 	 	 0.2000 	 4.0908 	 0.2802
[2025/10/13 19:42:46] - ==> Building model..
[2025/10/13 19:43:02] - Test Loss 	 Test Acc 	 PGD Loss 	 PGD Acc
[2025/10/13 19:43:02] - 2.5668 	 	 0.5182 	 2.8645 	 0.2786
[2025/10/13 19:43:46] - 65 	 18.2 	 	 0.2000 	 4.0903 	 0.2794
[2025/10/13 19:43:46] - ==> Building model..
[2025/10/13 19:44:02] - Test Loss 	 Test Acc 	 PGD Loss 	 PGD Acc
[2025/10/13 19:44:02] - 2.5716 	 	 0.5169 	 2.8677 	 0.2785
[2025/10/13 19:44:46] - 66 	 18.2 	 	 0.2000 	 4.0906 	 0.2781
[2025/10/13 19:44:46] - ==> Building model..
[2025/10/13 19:45:02] - Test Loss 	 Test Acc 	 PGD Loss 	 PGD Acc
[2025/10/13 19:45:02] - 2.5737 	 	 0.5174 	 2.8694 	 0.2789
[2025/10/13 19:45:49] - 67 	 19.4 	 	 0.2000 	 4.0911 	 0.2781
[2025/10/13 19:45:49] - ==> Building model..
[2025/10/13 19:46:06] - Test Loss 	 Test Acc 	 PGD Loss 	 PGD Acc
[2025/10/13 19:46:06] - 2.5750 	 	 0.5178 	 2.8705 	 0.2783
[2025/10/13 19:46:51] - 68 	 20.1 	 	 0.2000 	 4.0904 	 0.2778
[2025/10/13 19:46:51] - ==> Building model..
[2025/10/13 19:47:08] - Test Loss 	 Test Acc 	 PGD Loss 	 PGD Acc
[2025/10/13 19:47:08] - 2.5762 	 	 0.5183 	 2.8709 	 0.2797
[2025/10/13 19:47:53] - 69 	 19.5 	 	 0.2000 	 4.0914 	 0.2782
[2025/10/13 19:47:53] - ==> Building model..
[2025/10/13 19:48:09] - Test Loss 	 Test Acc 	 PGD Loss 	 PGD Acc
[2025/10/13 19:48:09] - 2.5778 	 	 0.5183 	 2.8725 	 0.2810
[2025/10/13 19:48:57] - 70 	 19.6 	 	 0.2000 	 4.0932 	 0.2767
[2025/10/13 19:48:57] - ==> Building model..
[2025/10/13 19:49:14] - Test Loss 	 Test Acc 	 PGD Loss 	 PGD Acc
[2025/10/13 19:49:14] - 2.5783 	 	 0.5188 	 2.8716 	 0.2797
[2025/10/13 19:50:00] - 71 	 19.1 	 	 0.2000 	 4.0905 	 0.2774
[2025/10/13 19:50:00] - ==> Building model..
[2025/10/13 19:50:16] - Test Loss 	 Test Acc 	 PGD Loss 	 PGD Acc
[2025/10/13 19:50:16] - 2.5818 	 	 0.5176 	 2.8746 	 0.2794
[2025/10/13 19:50:58] - 72 	 18.1 	 	 0.2000 	 4.0911 	 0.2762
[2025/10/13 19:50:58] - ==> Building model..
[2025/10/13 19:51:14] - Test Loss 	 Test Acc 	 PGD Loss 	 PGD Acc
[2025/10/13 19:51:14] - 2.5827 	 	 0.5182 	 2.8760 	 0.2788
[2025/10/13 19:51:59] - 73 	 18.5 	 	 0.2000 	 4.0903 	 0.2774
[2025/10/13 19:51:59] - ==> Building model..
[2025/10/13 19:52:15] - Test Loss 	 Test Acc 	 PGD Loss 	 PGD Acc
[2025/10/13 19:52:15] - 2.5841 	 	 0.5186 	 2.8769 	 0.2792
[2025/10/13 19:53:02] - 74 	 19.4 	 	 0.2000 	 4.0930 	 0.2789
[2025/10/13 19:53:02] - ==> Building model..
[2025/10/13 19:53:18] - Test Loss 	 Test Acc 	 PGD Loss 	 PGD Acc
[2025/10/13 19:53:18] - 2.5867 	 	 0.5170 	 2.8783 	 0.2783
[2025/10/13 19:54:03] - 75 	 18.5 	 	 0.2000 	 4.0908 	 0.2800
[2025/10/13 19:54:03] - ==> Building model..
[2025/10/13 19:54:19] - Test Loss 	 Test Acc 	 PGD Loss 	 PGD Acc
[2025/10/13 19:54:19] - 2.5882 	 	 0.5180 	 2.8799 	 0.2799
[2025/10/13 19:55:04] - 76 	 18.5 	 	 0.2000 	 4.0912 	 0.2794
[2025/10/13 19:55:04] - ==> Building model..
[2025/10/13 19:55:21] - Test Loss 	 Test Acc 	 PGD Loss 	 PGD Acc
[2025/10/13 19:55:21] - 2.5919 	 	 0.5178 	 2.8826 	 0.2778
[2025/10/13 19:56:06] - 77 	 18.6 	 	 0.2000 	 4.0905 	 0.2794
[2025/10/13 19:56:06] - ==> Building model..
[2025/10/13 19:56:22] - Test Loss 	 Test Acc 	 PGD Loss 	 PGD Acc
[2025/10/13 19:56:22] - 2.5923 	 	 0.5174 	 2.8823 	 0.2780
[2025/10/13 19:57:07] - 78 	 18.6 	 	 0.2000 	 4.0907 	 0.2790
[2025/10/13 19:57:07] - ==> Building model..
[2025/10/13 19:57:24] - Test Loss 	 Test Acc 	 PGD Loss 	 PGD Acc
[2025/10/13 19:57:24] - 2.5940 	 	 0.5160 	 2.8840 	 0.2780
[2025/10/13 19:58:10] - 79 	 19.0 	 	 0.2000 	 4.0899 	 0.2808
[2025/10/13 19:58:10] - ==> Building model..
[2025/10/13 19:58:26] - Test Loss 	 Test Acc 	 PGD Loss 	 PGD Acc
[2025/10/13 19:58:26] - 2.5946 	 	 0.5154 	 2.8835 	 0.2783
[2025/10/13 19:59:12] - 80 	 19.4 	 	 0.2000 	 4.0899 	 0.2789
[2025/10/13 19:59:12] - ==> Building model..
[2025/10/13 19:59:29] - Test Loss 	 Test Acc 	 PGD Loss 	 PGD Acc
[2025/10/13 19:59:29] - 2.5955 	 	 0.5155 	 2.8839 	 0.2800
[2025/10/13 20:00:13] - 81 	 19.1 	 	 0.2000 	 4.0908 	 0.2770
[2025/10/13 20:00:13] - ==> Building model..
[2025/10/13 20:00:30] - Test Loss 	 Test Acc 	 PGD Loss 	 PGD Acc
[2025/10/13 20:00:30] - 2.5950 	 	 0.5156 	 2.8836 	 0.2799
[2025/10/13 20:01:14] - 82 	 18.7 	 	 0.2000 	 4.0910 	 0.2797
[2025/10/13 20:01:14] - ==> Building model..
[2025/10/13 20:01:30] - Test Loss 	 Test Acc 	 PGD Loss 	 PGD Acc
[2025/10/13 20:01:30] - 2.5918 	 	 0.5166 	 2.8815 	 0.2799
[2025/10/13 20:02:15] - 83 	 19.7 	 	 0.2000 	 4.0870 	 0.2797
[2025/10/13 20:02:15] - ==> Building model..
[2025/10/13 20:02:32] - Test Loss 	 Test Acc 	 PGD Loss 	 PGD Acc
[2025/10/13 20:02:32] - 2.5920 	 	 0.5172 	 2.8817 	 0.2805
[2025/10/13 20:03:17] - 84 	 19.5 	 	 0.2000 	 4.0911 	 0.2767
[2025/10/13 20:03:17] - ==> Building model..
[2025/10/13 20:03:34] - Test Loss 	 Test Acc 	 PGD Loss 	 PGD Acc
[2025/10/13 20:03:34] - 2.5928 	 	 0.5169 	 2.8826 	 0.2796
[2025/10/13 20:04:17] - 85 	 18.5 	 	 0.2000 	 4.0907 	 0.2787
[2025/10/13 20:04:17] - ==> Building model..
[2025/10/13 20:04:33] - Test Loss 	 Test Acc 	 PGD Loss 	 PGD Acc
[2025/10/13 20:04:33] - 2.5938 	 	 0.5171 	 2.8834 	 0.2798
[2025/10/13 20:05:18] - 86 	 19.4 	 	 0.2000 	 4.0904 	 0.2788
[2025/10/13 20:05:18] - ==> Building model..
[2025/10/13 20:05:35] - Test Loss 	 Test Acc 	 PGD Loss 	 PGD Acc
[2025/10/13 20:05:35] - 2.5950 	 	 0.5166 	 2.8846 	 0.2804
[2025/10/13 20:06:21] - 87 	 19.1 	 	 0.2000 	 4.0904 	 0.2803
[2025/10/13 20:06:21] - ==> Building model..
[2025/10/13 20:06:37] - Test Loss 	 Test Acc 	 PGD Loss 	 PGD Acc
[2025/10/13 20:06:37] - 2.5944 	 	 0.5174 	 2.8839 	 0.2806
[2025/10/13 20:07:22] - 88 	 18.5 	 	 0.2000 	 4.0915 	 0.2773
[2025/10/13 20:07:22] - ==> Building model..
[2025/10/13 20:07:39] - Test Loss 	 Test Acc 	 PGD Loss 	 PGD Acc
[2025/10/13 20:07:39] - 2.5951 	 	 0.5159 	 2.8847 	 0.2808
[2025/10/13 20:08:22] - 89 	 18.1 	 	 0.2000 	 4.0903 	 0.2796
[2025/10/13 20:08:22] - ==> Building model..
[2025/10/13 20:08:38] - Test Loss 	 Test Acc 	 PGD Loss 	 PGD Acc
[2025/10/13 20:08:38] - 2.5959 	 	 0.5152 	 2.8847 	 0.2818
[2025/10/13 20:09:23] - 90 	 17.9 	 	 0.0200 	 3.9944 	 0.3411
[2025/10/13 20:09:23] - ==> Building model..
[2025/10/13 20:09:39] - Test Loss 	 Test Acc 	 PGD Loss 	 PGD Acc
[2025/10/13 20:09:39] - 2.5935 	 	 0.5156 	 2.8831 	 0.2812
[2025/10/13 20:10:24] - 91 	 18.0 	 	 0.0200 	 3.9009 	 0.4027
[2025/10/13 20:10:24] - ==> Building model..
[2025/10/13 20:10:40] - Test Loss 	 Test Acc 	 PGD Loss 	 PGD Acc
[2025/10/13 20:10:40] - 2.5923 	 	 0.5159 	 2.8826 	 0.2818
[2025/10/13 20:11:22] - 92 	 17.4 	 	 0.0200 	 3.8746 	 0.4195
[2025/10/13 20:11:22] - ==> Building model..
[2025/10/13 20:11:39] - Test Loss 	 Test Acc 	 PGD Loss 	 PGD Acc
[2025/10/13 20:11:39] - 2.5919 	 	 0.5167 	 2.8822 	 0.2823
[2025/10/13 20:12:24] - 93 	 18.2 	 	 0.0200 	 3.8575 	 0.4333
[2025/10/13 20:12:24] - ==> Building model..
[2025/10/13 20:12:40] - Test Loss 	 Test Acc 	 PGD Loss 	 PGD Acc
[2025/10/13 20:12:40] - 2.5927 	 	 0.5169 	 2.8838 	 0.2830
[2025/10/13 20:13:23] - 94 	 18.0 	 	 0.0200 	 3.8416 	 0.4431
[2025/10/13 20:13:23] - ==> Building model..
[2025/10/13 20:13:39] - Test Loss 	 Test Acc 	 PGD Loss 	 PGD Acc
[2025/10/13 20:13:39] - 2.5941 	 	 0.5174 	 2.8845 	 0.2812
[2025/10/13 20:14:23] - 95 	 18.0 	 	 0.0200 	 3.8297 	 0.4519
[2025/10/13 20:14:23] - ==> Building model..
[2025/10/13 20:14:40] - Test Loss 	 Test Acc 	 PGD Loss 	 PGD Acc
[2025/10/13 20:14:40] - 2.5963 	 	 0.5173 	 2.8865 	 0.2810
[2025/10/13 20:15:25] - 96 	 18.0 	 	 0.0200 	 3.8197 	 0.4604
[2025/10/13 20:15:25] - ==> Building model..
[2025/10/13 20:15:41] - Test Loss 	 Test Acc 	 PGD Loss 	 PGD Acc
[2025/10/13 20:15:41] - 2.6010 	 	 0.5171 	 2.8903 	 0.2817
[2025/10/13 20:16:24] - 97 	 17.8 	 	 0.0200 	 3.8096 	 0.4669
[2025/10/13 20:16:24] - ==> Building model..
[2025/10/13 20:16:41] - Test Loss 	 Test Acc 	 PGD Loss 	 PGD Acc
[2025/10/13 20:16:41] - 2.6027 	 	 0.5167 	 2.8917 	 0.2816
[2025/10/13 20:17:25] - 98 	 17.8 	 	 0.0200 	 3.8020 	 0.4732
[2025/10/13 20:17:25] - ==> Building model..
[2025/10/13 20:17:41] - Test Loss 	 Test Acc 	 PGD Loss 	 PGD Acc
[2025/10/13 20:17:41] - 2.6049 	 	 0.5162 	 2.8933 	 0.2816
[2025/10/13 20:18:21] - 99 	 16.9 	 	 0.0200 	 3.7940 	 0.4796
[2025/10/13 20:18:21] - ==> Building model..
[2025/10/13 20:18:38] - Test Loss 	 Test Acc 	 PGD Loss 	 PGD Acc
[2025/10/13 20:18:38] - 2.6073 	 	 0.5160 	 2.8955 	 0.2811
[2025/10/13 20:18:38] - [0.0779, 0.1385, 0.1782, 0.2253, 0.2582, 0.2907, 0.3367, 0.3755, 0.4001, 0.412, 0.4259, 0.4375, 0.4451, 0.4521, 0.4556, 0.4645, 0.4692, 0.4733, 0.4728, 0.4779, 0.4828, 0.4863, 0.4884, 0.4913, 0.4922, 0.4932, 0.4947, 0.4958, 0.4972, 0.4969, 0.4979, 0.5005, 0.5012, 0.5029, 0.5016, 0.5037, 0.506, 0.506, 0.5096, 0.5089, 0.5098, 0.5103, 0.5134, 0.5151, 0.5156, 0.5149, 0.5154, 0.5164, 0.5156, 0.5172, 0.517, 0.5164, 0.5152, 0.5157, 0.5161, 0.517, 0.5172, 0.5175, 0.5171, 0.5172, 0.5164, 0.5164, 0.5169, 0.5179, 0.5182, 0.5169, 0.5174, 0.5178, 0.5183, 0.5183, 0.5188, 0.5176, 0.5182, 0.5186, 0.517, 0.518, 0.5178, 0.5174, 0.516, 0.5154, 0.5155, 0.5156, 0.5166, 0.5172, 0.5169, 0.5171, 0.5166, 0.5174, 0.5159, 0.5152, 0.5156, 0.5159, 0.5167, 0.5169, 0.5174, 0.5173, 0.5171, 0.5167, 0.5162, 0.516]
[2025/10/13 20:18:38] - [0.0524, 0.0912, 0.1134, 0.137, 0.1509, 0.1707, 0.1907, 0.2047, 0.2194, 0.2211, 0.229, 0.2338, 0.2375, 0.2417, 0.2429, 0.2489, 0.2488, 0.2519, 0.2567, 0.2576, 0.2583, 0.2602, 0.2606, 0.2614, 0.2619, 0.2655, 0.2653, 0.2657, 0.2675, 0.267, 0.2682, 0.2689, 0.2724, 0.273, 0.2732, 0.2712, 0.2726, 0.2748, 0.2751, 0.2762, 0.2765, 0.2752, 0.277, 0.2758, 0.276, 0.2776, 0.278, 0.2788, 0.2782, 0.2777, 0.2786, 0.2791, 0.2782, 0.2769, 0.2767, 0.2784, 0.2787, 0.279, 0.2795, 0.2789, 0.2789, 0.2779, 0.2783, 0.2793, 0.2786, 0.2785, 0.2789, 0.2783, 0.2797, 0.281, 0.2797, 0.2794, 0.2788, 0.2792, 0.2783, 0.2799, 0.2778, 0.278, 0.278, 0.2783, 0.28, 0.2799, 0.2799, 0.2805, 0.2796, 0.2798, 0.2804, 0.2806, 0.2808, 0.2818, 0.2812, 0.2818, 0.2823, 0.283, 0.2812, 0.281, 0.2817, 0.2816, 0.2816, 0.2811]
