[2025/09/20 17:53:53] - Namespace(batch_size=128, data_dir='cifar-data', epochs=100, lr_schedule='multistep', lr_min=0.0, lr_max=0.2, weight_decay=0.0005, momentum=0.9, model='ResNet18', epsilon=8, alpha=8, delta_init='random', normal_mean=0, normal_std=1, out_dir='./output/CIFAR100/lam_scale_0.15', seed=0, lamda=42, lam_scale=0.15, lam_start=50, gamma=0.05, inner_gamma=0.05, beta=0.6, mu=3.5, batch_m=0.75, early_stop=False, factor=0.5, length=4, n_holes=1, c_num=0.125, EMA_value=0.55)
[2025/09/20 17:53:56] - ==> Building model..
[2025/09/20 17:53:57] - Epoch 	 Seconds 	 LR 	 	 Train Loss 	 Train Acc
[2025/09/20 17:55:34] - 0 	 56.9 	 	 0.0100 	 4.6446 	 0.0255
[2025/09/20 17:55:34] - ==> Building model..
[2025/09/20 17:56:15] - Test Loss 	 Test Acc 	 PGD Loss 	 PGD Acc
[2025/09/20 17:56:15] - 4.2649 	 	 0.0818 	 4.2840 	 0.0448
[2025/09/20 17:57:46] - 1 	 49.7 	 	 0.0199 	 4.4890 	 0.0647
[2025/09/20 17:57:46] - ==> Building model..
[2025/09/20 17:58:26] - Test Loss 	 Test Acc 	 PGD Loss 	 PGD Acc
[2025/09/20 17:58:26] - 4.0427 	 	 0.1329 	 4.0751 	 0.0786
[2025/09/20 17:59:59] - 2 	 51.4 	 	 0.0299 	 4.4318 	 0.0962
[2025/09/20 17:59:59] - ==> Building model..
[2025/09/20 18:00:40] - Test Loss 	 Test Acc 	 PGD Loss 	 PGD Acc
[2025/09/20 18:00:40] - 3.8423 	 	 0.1863 	 3.8934 	 0.1094
[2025/09/20 18:02:09] - 3 	 48.4 	 	 0.0399 	 4.3857 	 0.1184
[2025/09/20 18:02:09] - ==> Building model..
[2025/09/20 18:02:50] - Test Loss 	 Test Acc 	 PGD Loss 	 PGD Acc
[2025/09/20 18:02:50] - 3.6828 	 	 0.2201 	 3.7517 	 0.1274
[2025/09/20 18:04:13] - 4 	 46.1 	 	 0.0499 	 4.3473 	 0.1401
[2025/09/20 18:04:13] - ==> Building model..
[2025/09/20 18:04:54] - Test Loss 	 Test Acc 	 PGD Loss 	 PGD Acc
[2025/09/20 18:04:54] - 3.5443 	 	 0.2531 	 3.6322 	 0.1442
[2025/09/20 18:06:17] - 5 	 47.2 	 	 0.0598 	 4.3107 	 0.1587
[2025/09/20 18:06:17] - ==> Building model..
[2025/09/20 18:06:56] - Test Loss 	 Test Acc 	 PGD Loss 	 PGD Acc
[2025/09/20 18:06:56] - 3.4306 	 	 0.2837 	 3.5372 	 0.1626
[2025/09/20 18:08:16] - 6 	 45.8 	 	 0.0698 	 4.2749 	 0.1766
[2025/09/20 18:08:16] - ==> Building model..
[2025/09/20 18:08:55] - Test Loss 	 Test Acc 	 PGD Loss 	 PGD Acc
[2025/09/20 18:08:55] - 3.3045 	 	 0.3187 	 3.4342 	 0.1786
[2025/09/20 18:10:17] - 7 	 47.4 	 	 0.0798 	 4.2408 	 0.1946
[2025/09/20 18:10:17] - ==> Building model..
[2025/09/20 18:10:55] - Test Loss 	 Test Acc 	 PGD Loss 	 PGD Acc
[2025/09/20 18:10:55] - 3.1882 	 	 0.3487 	 3.3418 	 0.1928
[2025/09/20 18:12:19] - 8 	 49.5 	 	 0.0898 	 4.2089 	 0.2120
[2025/09/20 18:12:19] - ==> Building model..
[2025/09/20 18:12:56] - Test Loss 	 Test Acc 	 PGD Loss 	 PGD Acc
[2025/09/20 18:12:56] - 3.0885 	 	 0.3793 	 3.2638 	 0.2046
[2025/09/20 18:14:16] - 9 	 47.9 	 	 0.0997 	 4.1820 	 0.2263
[2025/09/20 18:14:16] - ==> Building model..
[2025/09/20 18:14:56] - Test Loss 	 Test Acc 	 PGD Loss 	 PGD Acc
[2025/09/20 18:14:56] - 3.0239 	 	 0.3996 	 3.2152 	 0.2133
[2025/09/20 18:16:19] - 10 	 48.2 	 	 0.1097 	 4.1594 	 0.2372
[2025/09/20 18:16:19] - ==> Building model..
[2025/09/20 18:16:56] - Test Loss 	 Test Acc 	 PGD Loss 	 PGD Acc
[2025/09/20 18:16:56] - 2.9815 	 	 0.4159 	 3.1871 	 0.2227
[2025/09/20 18:18:20] - 11 	 50.1 	 	 0.1197 	 4.1419 	 0.2477
[2025/09/20 18:18:20] - ==> Building model..
[2025/09/20 18:18:57] - Test Loss 	 Test Acc 	 PGD Loss 	 PGD Acc
[2025/09/20 18:18:57] - 2.9515 	 	 0.4278 	 3.1670 	 0.2287
[2025/09/20 18:20:20] - 12 	 50.0 	 	 0.1297 	 4.1243 	 0.2585
[2025/09/20 18:20:20] - ==> Building model..
[2025/09/20 18:20:54] - Test Loss 	 Test Acc 	 PGD Loss 	 PGD Acc
[2025/09/20 18:20:54] - 2.9552 	 	 0.4381 	 3.1749 	 0.2336
[2025/09/20 18:22:12] - 13 	 46.1 	 	 0.1396 	 4.1120 	 0.2646
[2025/09/20 18:22:12] - ==> Building model..
[2025/09/20 18:22:50] - Test Loss 	 Test Acc 	 PGD Loss 	 PGD Acc
[2025/09/20 18:22:50] - 2.9819 	 	 0.4444 	 3.2022 	 0.2341
[2025/09/20 18:24:12] - 14 	 50.1 	 	 0.1496 	 4.0985 	 0.2738
[2025/09/20 18:24:12] - ==> Building model..
[2025/09/20 18:24:50] - Test Loss 	 Test Acc 	 PGD Loss 	 PGD Acc
[2025/09/20 18:24:50] - 3.0413 	 	 0.4415 	 3.2547 	 0.2331
[2025/09/20 18:26:10] - 15 	 49.4 	 	 0.1596 	 4.0856 	 0.2815
[2025/09/20 18:26:10] - ==> Building model..
[2025/09/20 18:26:48] - Test Loss 	 Test Acc 	 PGD Loss 	 PGD Acc
[2025/09/20 18:26:48] - 3.1070 	 	 0.4360 	 3.3109 	 0.2290
[2025/09/20 18:28:11] - 16 	 49.8 	 	 0.1696 	 4.0770 	 0.2843
[2025/09/20 18:28:11] - ==> Building model..
[2025/09/20 18:28:44] - Test Loss 	 Test Acc 	 PGD Loss 	 PGD Acc
[2025/09/20 18:28:44] - 3.2118 	 	 0.4198 	 3.3981 	 0.2205
[2025/09/20 18:30:07] - 17 	 48.8 	 	 0.1795 	 4.0714 	 0.2870
[2025/09/20 18:30:07] - ==> Building model..
[2025/09/20 18:30:47] - Test Loss 	 Test Acc 	 PGD Loss 	 PGD Acc
[2025/09/20 18:30:47] - 3.2982 	 	 0.4044 	 3.4705 	 0.2084
[2025/09/20 18:32:07] - 18 	 46.9 	 	 0.1895 	 4.0648 	 0.2907
[2025/09/20 18:32:07] - ==> Building model..
[2025/09/20 18:32:47] - Test Loss 	 Test Acc 	 PGD Loss 	 PGD Acc
[2025/09/20 18:32:47] - 3.3383 	 	 0.3969 	 3.5046 	 0.2043
[2025/09/20 18:34:10] - 19 	 47.9 	 	 0.1995 	 4.0599 	 0.2949
[2025/09/20 18:34:10] - ==> Building model..
[2025/09/20 18:34:45] - Test Loss 	 Test Acc 	 PGD Loss 	 PGD Acc
[2025/09/20 18:34:45] - 3.3255 	 	 0.3989 	 3.4945 	 0.2061
[2025/09/20 18:36:07] - 20 	 46.6 	 	 0.1976 	 4.0537 	 0.2970
[2025/09/20 18:36:07] - ==> Building model..
[2025/09/20 18:36:46] - Test Loss 	 Test Acc 	 PGD Loss 	 PGD Acc
[2025/09/20 18:36:46] - 3.2571 	 	 0.4136 	 3.4385 	 0.2161
[2025/09/20 18:38:08] - 21 	 46.8 	 	 0.1951 	 4.0454 	 0.3032
[2025/09/20 18:38:08] - ==> Building model..
[2025/09/20 18:38:46] - Test Loss 	 Test Acc 	 PGD Loss 	 PGD Acc
[2025/09/20 18:38:46] - 3.1706 	 	 0.4337 	 3.3695 	 0.2257
[2025/09/20 18:40:09] - 22 	 48.7 	 	 0.1926 	 4.0388 	 0.3075
[2025/09/20 18:40:09] - ==> Building model..
[2025/09/20 18:40:38] - Test Loss 	 Test Acc 	 PGD Loss 	 PGD Acc
[2025/09/20 18:40:38] - 3.0597 	 	 0.4541 	 3.2796 	 0.2388
[2025/09/20 18:42:01] - 23 	 49.4 	 	 0.1902 	 4.0334 	 0.3110
[2025/09/20 18:42:01] - ==> Building model..
[2025/09/20 18:42:39] - Test Loss 	 Test Acc 	 PGD Loss 	 PGD Acc
[2025/09/20 18:42:39] - 2.9636 	 	 0.4708 	 3.2019 	 0.2492
[2025/09/20 18:44:02] - 24 	 49.5 	 	 0.1877 	 4.0246 	 0.3168
[2025/09/20 18:44:02] - ==> Building model..
[2025/09/20 18:44:39] - Test Loss 	 Test Acc 	 PGD Loss 	 PGD Acc
[2025/09/20 18:44:39] - 2.8772 	 	 0.4889 	 3.1324 	 0.2578
[2025/09/20 18:46:00] - 25 	 48.0 	 	 0.1852 	 4.0186 	 0.3220
[2025/09/20 18:46:00] - ==> Building model..
[2025/09/20 18:46:36] - Test Loss 	 Test Acc 	 PGD Loss 	 PGD Acc
[2025/09/20 18:46:36] - 2.7907 	 	 0.5000 	 3.0616 	 0.2684
[2025/09/20 18:47:59] - 26 	 49.3 	 	 0.1827 	 4.0123 	 0.3235
[2025/09/20 18:47:59] - ==> Building model..
[2025/09/20 18:48:37] - Test Loss 	 Test Acc 	 PGD Loss 	 PGD Acc
[2025/09/20 18:48:37] - 2.7148 	 	 0.5112 	 2.9993 	 0.2732
[2025/09/20 18:50:01] - 27 	 49.7 	 	 0.1802 	 4.0080 	 0.3285
[2025/09/20 18:50:01] - ==> Building model..
[2025/09/20 18:50:39] - Test Loss 	 Test Acc 	 PGD Loss 	 PGD Acc
[2025/09/20 18:50:39] - 2.6652 	 	 0.5185 	 2.9594 	 0.2759
[2025/09/20 18:52:01] - 28 	 48.9 	 	 0.1777 	 4.0025 	 0.3308
[2025/09/20 18:52:01] - ==> Building model..
[2025/09/20 18:52:39] - Test Loss 	 Test Acc 	 PGD Loss 	 PGD Acc
[2025/09/20 18:52:39] - 2.6159 	 	 0.5261 	 2.9191 	 0.2802
[2025/09/20 18:53:58] - 29 	 46.5 	 	 0.1752 	 3.9971 	 0.3337
[2025/09/20 18:53:58] - ==> Building model..
[2025/09/20 18:54:36] - Test Loss 	 Test Acc 	 PGD Loss 	 PGD Acc
[2025/09/20 18:54:36] - 2.5620 	 	 0.5327 	 2.8754 	 0.2819
[2025/09/20 18:55:59] - 30 	 49.8 	 	 0.1727 	 3.9934 	 0.3335
[2025/09/20 18:55:59] - ==> Building model..
[2025/09/20 18:56:37] - Test Loss 	 Test Acc 	 PGD Loss 	 PGD Acc
[2025/09/20 18:56:37] - 2.5205 	 	 0.5381 	 2.8416 	 0.2843
[2025/09/20 18:57:57] - 31 	 49.0 	 	 0.1702 	 3.9876 	 0.3389
[2025/09/20 18:57:57] - ==> Building model..
[2025/09/20 18:58:37] - Test Loss 	 Test Acc 	 PGD Loss 	 PGD Acc
[2025/09/20 18:58:37] - 2.4880 	 	 0.5434 	 2.8155 	 0.2858
[2025/09/20 18:59:55] - 32 	 45.0 	 	 0.1677 	 3.9830 	 0.3405
[2025/09/20 18:59:55] - ==> Building model..
[2025/09/20 19:00:34] - Test Loss 	 Test Acc 	 PGD Loss 	 PGD Acc
[2025/09/20 19:00:34] - 2.4571 	 	 0.5467 	 2.7907 	 0.2876
[2025/09/20 19:01:55] - 33 	 48.0 	 	 0.1652 	 3.9793 	 0.3430
[2025/09/20 19:01:55] - ==> Building model..
[2025/09/20 19:02:33] - Test Loss 	 Test Acc 	 PGD Loss 	 PGD Acc
[2025/09/20 19:02:33] - 2.4338 	 	 0.5512 	 2.7722 	 0.2906
[2025/09/20 19:03:54] - 34 	 46.2 	 	 0.1627 	 3.9743 	 0.3464
[2025/09/20 19:03:54] - ==> Building model..
[2025/09/20 19:04:34] - Test Loss 	 Test Acc 	 PGD Loss 	 PGD Acc
[2025/09/20 19:04:34] - 2.4132 	 	 0.5540 	 2.7555 	 0.2911
[2025/09/20 19:05:50] - 35 	 42.1 	 	 0.1602 	 3.9681 	 0.3499
[2025/09/20 19:05:50] - ==> Building model..
[2025/09/20 19:06:33] - Test Loss 	 Test Acc 	 PGD Loss 	 PGD Acc
[2025/09/20 19:06:33] - 2.3938 	 	 0.5572 	 2.7406 	 0.2918
[2025/09/20 19:07:53] - 36 	 46.3 	 	 0.1577 	 3.9652 	 0.3527
[2025/09/20 19:07:53] - ==> Building model..
[2025/09/20 19:08:32] - Test Loss 	 Test Acc 	 PGD Loss 	 PGD Acc
[2025/09/20 19:08:32] - 2.3780 	 	 0.5600 	 2.7278 	 0.2942
[2025/09/20 19:09:57] - 37 	 46.4 	 	 0.1552 	 3.9599 	 0.3559
[2025/09/20 19:09:57] - ==> Building model..
[2025/09/20 19:10:37] - Test Loss 	 Test Acc 	 PGD Loss 	 PGD Acc
[2025/09/20 19:10:37] - 2.3637 	 	 0.5621 	 2.7181 	 0.2956
[2025/09/20 19:12:00] - 38 	 46.5 	 	 0.1527 	 3.9571 	 0.3580
[2025/09/20 19:12:00] - ==> Building model..
[2025/09/20 19:12:38] - Test Loss 	 Test Acc 	 PGD Loss 	 PGD Acc
[2025/09/20 19:12:38] - 2.3507 	 	 0.5637 	 2.7071 	 0.2963
[2025/09/20 19:14:03] - 39 	 48.4 	 	 0.1503 	 3.9524 	 0.3627
[2025/09/20 19:14:03] - ==> Building model..
[2025/09/20 19:14:40] - Test Loss 	 Test Acc 	 PGD Loss 	 PGD Acc
[2025/09/20 19:14:40] - 2.3396 	 	 0.5659 	 2.6990 	 0.2974
[2025/09/20 19:16:00] - 40 	 46.9 	 	 0.1478 	 3.9477 	 0.3645
[2025/09/20 19:16:00] - ==> Building model..
[2025/09/20 19:16:39] - Test Loss 	 Test Acc 	 PGD Loss 	 PGD Acc
[2025/09/20 19:16:39] - 2.3293 	 	 0.5681 	 2.6922 	 0.2982
[2025/09/20 19:17:59] - 41 	 46.1 	 	 0.1453 	 3.9463 	 0.3642
[2025/09/20 19:17:59] - ==> Building model..
[2025/09/20 19:18:36] - Test Loss 	 Test Acc 	 PGD Loss 	 PGD Acc
[2025/09/20 19:18:36] - 2.3185 	 	 0.5706 	 2.6844 	 0.2993
[2025/09/20 19:19:58] - 42 	 49.2 	 	 0.1428 	 3.9424 	 0.3664
[2025/09/20 19:19:58] - ==> Building model..
[2025/09/20 19:20:36] - Test Loss 	 Test Acc 	 PGD Loss 	 PGD Acc
[2025/09/20 19:20:36] - 2.3135 	 	 0.5721 	 2.6806 	 0.2992
[2025/09/20 19:22:01] - 43 	 49.8 	 	 0.1403 	 3.9365 	 0.3698
[2025/09/20 19:22:01] - ==> Building model..
[2025/09/20 19:22:36] - Test Loss 	 Test Acc 	 PGD Loss 	 PGD Acc
[2025/09/20 19:22:36] - 2.3038 	 	 0.5735 	 2.6732 	 0.3013
[2025/09/20 19:23:56] - 44 	 46.8 	 	 0.1378 	 3.9358 	 0.3707
[2025/09/20 19:23:56] - ==> Building model..
[2025/09/20 19:24:35] - Test Loss 	 Test Acc 	 PGD Loss 	 PGD Acc
[2025/09/20 19:24:35] - 2.2961 	 	 0.5739 	 2.6666 	 0.3006
[2025/09/20 19:25:58] - 45 	 49.5 	 	 0.1353 	 3.9288 	 0.3749
[2025/09/20 19:25:58] - ==> Building model..
[2025/09/20 19:26:36] - Test Loss 	 Test Acc 	 PGD Loss 	 PGD Acc
[2025/09/20 19:26:36] - 2.2907 	 	 0.5750 	 2.6627 	 0.3001
[2025/09/20 19:27:59] - 46 	 49.2 	 	 0.1328 	 3.9258 	 0.3782
[2025/09/20 19:27:59] - ==> Building model..
[2025/09/20 19:28:33] - Test Loss 	 Test Acc 	 PGD Loss 	 PGD Acc
[2025/09/20 19:28:33] - 2.2860 	 	 0.5758 	 2.6591 	 0.3007
[2025/09/20 19:29:54] - 47 	 48.5 	 	 0.1303 	 3.9220 	 0.3803
[2025/09/20 19:29:54] - ==> Building model..
[2025/09/20 19:30:28] - Test Loss 	 Test Acc 	 PGD Loss 	 PGD Acc
[2025/09/20 19:30:28] - 2.2799 	 	 0.5770 	 2.6547 	 0.3024
[2025/09/20 19:31:49] - 48 	 48.7 	 	 0.1278 	 3.9158 	 0.3837
[2025/09/20 19:31:49] - ==> Building model..
[2025/09/20 19:32:27] - Test Loss 	 Test Acc 	 PGD Loss 	 PGD Acc
[2025/09/20 19:32:27] - 2.2754 	 	 0.5785 	 2.6520 	 0.3035
[2025/09/20 19:33:50] - 49 	 49.0 	 	 0.1253 	 3.9111 	 0.3875
[2025/09/20 19:33:50] - ==> Building model..
[2025/09/20 19:34:28] - Test Loss 	 Test Acc 	 PGD Loss 	 PGD Acc
[2025/09/20 19:34:28] - 2.2715 	 	 0.5783 	 2.6486 	 0.3047
[2025/09/20 19:35:49] - 50 	 47.5 	 	 0.1228 	 3.9081 	 0.3891
[2025/09/20 19:35:49] - ==> Building model..
[2025/09/20 19:36:17] - Test Loss 	 Test Acc 	 PGD Loss 	 PGD Acc
[2025/09/20 19:36:17] - 2.2679 	 	 0.5794 	 2.6453 	 0.3048
[2025/09/20 19:37:34] - 51 	 44.4 	 	 0.1203 	 3.9048 	 0.3910
[2025/09/20 19:37:34] - ==> Building model..
[2025/09/20 19:38:13] - Test Loss 	 Test Acc 	 PGD Loss 	 PGD Acc
[2025/09/20 19:38:13] - 2.2638 	 	 0.5810 	 2.6428 	 0.3048
[2025/09/20 19:39:35] - 52 	 47.7 	 	 0.1178 	 3.9024 	 0.3913
[2025/09/20 19:39:35] - ==> Building model..
[2025/09/20 19:40:12] - Test Loss 	 Test Acc 	 PGD Loss 	 PGD Acc
[2025/09/20 19:40:12] - 2.2576 	 	 0.5829 	 2.6389 	 0.3057
[2025/09/20 19:41:33] - 53 	 46.6 	 	 0.1153 	 3.8985 	 0.4006
[2025/09/20 19:41:33] - ==> Building model..
[2025/09/20 19:42:11] - Test Loss 	 Test Acc 	 PGD Loss 	 PGD Acc
[2025/09/20 19:42:11] - 2.2544 	 	 0.5840 	 2.6359 	 0.3063
[2025/09/20 19:43:33] - 54 	 45.7 	 	 0.1129 	 3.8968 	 0.4012
[2025/09/20 19:43:33] - ==> Building model..
[2025/09/20 19:44:11] - Test Loss 	 Test Acc 	 PGD Loss 	 PGD Acc
[2025/09/20 19:44:11] - 2.2526 	 	 0.5838 	 2.6343 	 0.3070
[2025/09/20 19:45:32] - 55 	 48.2 	 	 0.1104 	 3.8938 	 0.4036
[2025/09/20 19:45:32] - ==> Building model..
[2025/09/20 19:46:10] - Test Loss 	 Test Acc 	 PGD Loss 	 PGD Acc
[2025/09/20 19:46:10] - 2.2499 	 	 0.5858 	 2.6323 	 0.3063
[2025/09/20 19:47:32] - 56 	 47.6 	 	 0.1079 	 3.8900 	 0.4066
[2025/09/20 19:47:32] - ==> Building model..
[2025/09/20 19:48:11] - Test Loss 	 Test Acc 	 PGD Loss 	 PGD Acc
[2025/09/20 19:48:11] - 2.2486 	 	 0.5859 	 2.6316 	 0.3066
[2025/09/20 19:49:29] - 57 	 45.5 	 	 0.1054 	 3.8877 	 0.4084
[2025/09/20 19:49:29] - ==> Building model..
[2025/09/20 19:50:06] - Test Loss 	 Test Acc 	 PGD Loss 	 PGD Acc
[2025/09/20 19:50:06] - 2.2477 	 	 0.5869 	 2.6311 	 0.3056
[2025/09/20 19:51:29] - 58 	 48.9 	 	 0.1029 	 3.8845 	 0.4129
[2025/09/20 19:51:29] - ==> Building model..
[2025/09/20 19:52:07] - Test Loss 	 Test Acc 	 PGD Loss 	 PGD Acc
[2025/09/20 19:52:07] - 2.2480 	 	 0.5873 	 2.6316 	 0.3070
[2025/09/20 19:53:27] - 59 	 46.7 	 	 0.1004 	 3.8818 	 0.4142
[2025/09/20 19:53:27] - ==> Building model..
[2025/09/20 19:54:06] - Test Loss 	 Test Acc 	 PGD Loss 	 PGD Acc
[2025/09/20 19:54:06] - 2.2483 	 	 0.5870 	 2.6306 	 0.3081
[2025/09/20 19:55:25] - 60 	 44.8 	 	 0.0979 	 3.8775 	 0.4205
[2025/09/20 19:55:25] - ==> Building model..
[2025/09/20 19:56:03] - Test Loss 	 Test Acc 	 PGD Loss 	 PGD Acc
[2025/09/20 19:56:03] - 2.2492 	 	 0.5869 	 2.6313 	 0.3074
[2025/09/20 19:57:25] - 61 	 47.8 	 	 0.0954 	 3.8762 	 0.4209
[2025/09/20 19:57:25] - ==> Building model..
[2025/09/20 19:58:03] - Test Loss 	 Test Acc 	 PGD Loss 	 PGD Acc
[2025/09/20 19:58:03] - 2.2506 	 	 0.5878 	 2.6328 	 0.3083
[2025/09/20 19:59:24] - 62 	 45.7 	 	 0.0929 	 3.8728 	 0.4270
[2025/09/20 19:59:24] - ==> Building model..
[2025/09/20 20:00:04] - Test Loss 	 Test Acc 	 PGD Loss 	 PGD Acc
[2025/09/20 20:00:04] - 2.2531 	 	 0.5872 	 2.6342 	 0.3082
[2025/09/20 20:01:22] - 63 	 42.6 	 	 0.0904 	 3.8711 	 0.4284
[2025/09/20 20:01:22] - ==> Building model..
[2025/09/20 20:02:03] - Test Loss 	 Test Acc 	 PGD Loss 	 PGD Acc
[2025/09/20 20:02:03] - 2.2552 	 	 0.5878 	 2.6352 	 0.3088
[2025/09/20 20:03:26] - 64 	 45.4 	 	 0.0879 	 3.8675 	 0.4324
[2025/09/20 20:03:26] - ==> Building model..
[2025/09/20 20:04:05] - Test Loss 	 Test Acc 	 PGD Loss 	 PGD Acc
[2025/09/20 20:04:05] - 2.2574 	 	 0.5877 	 2.6373 	 0.3089
[2025/09/20 20:05:21] - 65 	 42.9 	 	 0.0854 	 3.8631 	 0.4354
[2025/09/20 20:05:21] - ==> Building model..
[2025/09/20 20:06:00] - Test Loss 	 Test Acc 	 PGD Loss 	 PGD Acc
[2025/09/20 20:06:00] - 2.2596 	 	 0.5879 	 2.6389 	 0.3100
[2025/09/20 20:07:17] - 66 	 43.8 	 	 0.0829 	 3.8580 	 0.4374
[2025/09/20 20:07:17] - ==> Building model..
[2025/09/20 20:07:55] - Test Loss 	 Test Acc 	 PGD Loss 	 PGD Acc
[2025/09/20 20:07:55] - 2.2630 	 	 0.5880 	 2.6409 	 0.3101
[2025/09/20 20:09:18] - 67 	 48.7 	 	 0.0804 	 3.8518 	 0.4430
[2025/09/20 20:09:18] - ==> Building model..
[2025/09/20 20:09:56] - Test Loss 	 Test Acc 	 PGD Loss 	 PGD Acc
[2025/09/20 20:09:56] - 2.2658 	 	 0.5874 	 2.6439 	 0.3100
[2025/09/20 20:11:16] - 68 	 47.8 	 	 0.0779 	 3.8485 	 0.4464
[2025/09/20 20:11:16] - ==> Building model..
[2025/09/20 20:11:53] - Test Loss 	 Test Acc 	 PGD Loss 	 PGD Acc
[2025/09/20 20:11:53] - 2.2679 	 	 0.5877 	 2.6451 	 0.3102
[2025/09/20 20:13:10] - 69 	 45.2 	 	 0.0754 	 3.8425 	 0.4502
[2025/09/20 20:13:10] - ==> Building model..
[2025/09/20 20:13:46] - Test Loss 	 Test Acc 	 PGD Loss 	 PGD Acc
[2025/09/20 20:13:46] - 2.2691 	 	 0.5878 	 2.6462 	 0.3096
[2025/09/20 20:15:07] - 70 	 48.0 	 	 0.0730 	 3.8353 	 0.4536
[2025/09/20 20:15:07] - ==> Building model..
[2025/09/20 20:15:43] - Test Loss 	 Test Acc 	 PGD Loss 	 PGD Acc
[2025/09/20 20:15:43] - 2.2724 	 	 0.5875 	 2.6482 	 0.3107
[2025/09/20 20:17:07] - 71 	 48.5 	 	 0.0705 	 3.8320 	 0.4581
[2025/09/20 20:17:07] - ==> Building model..
[2025/09/20 20:17:46] - Test Loss 	 Test Acc 	 PGD Loss 	 PGD Acc
[2025/09/20 20:17:46] - 2.2764 	 	 0.5873 	 2.6512 	 0.3102
[2025/09/20 20:19:10] - 72 	 46.7 	 	 0.0680 	 3.8247 	 0.4620
[2025/09/20 20:19:10] - ==> Building model..
[2025/09/20 20:19:46] - Test Loss 	 Test Acc 	 PGD Loss 	 PGD Acc
[2025/09/20 20:19:46] - 2.2790 	 	 0.5866 	 2.6533 	 0.3107
[2025/09/20 20:21:10] - 73 	 46.6 	 	 0.0655 	 3.8173 	 0.4690
[2025/09/20 20:21:10] - ==> Building model..
[2025/09/20 20:21:51] - Test Loss 	 Test Acc 	 PGD Loss 	 PGD Acc
[2025/09/20 20:21:51] - 2.2825 	 	 0.5867 	 2.6556 	 0.3098
[2025/09/20 20:23:12] - 74 	 45.5 	 	 0.0630 	 3.8105 	 0.4727
[2025/09/20 20:23:12] - ==> Building model..
[2025/09/20 20:23:51] - Test Loss 	 Test Acc 	 PGD Loss 	 PGD Acc
[2025/09/20 20:23:51] - 2.2861 	 	 0.5869 	 2.6586 	 0.3110
[2025/09/20 20:25:12] - 75 	 44.7 	 	 0.0605 	 3.8032 	 0.4789
[2025/09/20 20:25:12] - ==> Building model..
[2025/09/20 20:25:51] - Test Loss 	 Test Acc 	 PGD Loss 	 PGD Acc
[2025/09/20 20:25:51] - 2.2897 	 	 0.5866 	 2.6620 	 0.3107
[2025/09/20 20:27:13] - 76 	 45.9 	 	 0.0580 	 3.7960 	 0.4846
[2025/09/20 20:27:13] - ==> Building model..
[2025/09/20 20:27:51] - Test Loss 	 Test Acc 	 PGD Loss 	 PGD Acc
[2025/09/20 20:27:51] - 2.2908 	 	 0.5864 	 2.6632 	 0.3113
[2025/09/20 20:29:13] - 77 	 47.0 	 	 0.0555 	 3.7864 	 0.4915
[2025/09/20 20:29:13] - ==> Building model..
[2025/09/20 20:29:49] - Test Loss 	 Test Acc 	 PGD Loss 	 PGD Acc
[2025/09/20 20:29:49] - 2.2925 	 	 0.5859 	 2.6643 	 0.3112
[2025/09/20 20:31:11] - 78 	 49.3 	 	 0.0530 	 3.7808 	 0.4952
[2025/09/20 20:31:11] - ==> Building model..
[2025/09/20 20:31:43] - Test Loss 	 Test Acc 	 PGD Loss 	 PGD Acc
[2025/09/20 20:31:43] - 2.2932 	 	 0.5860 	 2.6645 	 0.3112
[2025/09/20 20:33:05] - 79 	 48.3 	 	 0.0505 	 3.7694 	 0.5077
[2025/09/20 20:33:05] - ==> Building model..
[2025/09/20 20:33:43] - Test Loss 	 Test Acc 	 PGD Loss 	 PGD Acc
[2025/09/20 20:33:43] - 2.2952 	 	 0.5862 	 2.6655 	 0.3119
[2025/09/20 20:35:07] - 80 	 49.0 	 	 0.0480 	 3.7587 	 0.5159
[2025/09/20 20:35:07] - ==> Building model..
[2025/09/20 20:35:44] - Test Loss 	 Test Acc 	 PGD Loss 	 PGD Acc
[2025/09/20 20:35:44] - 2.2952 	 	 0.5862 	 2.6656 	 0.3121
[2025/09/20 20:37:06] - 81 	 46.9 	 	 0.0455 	 3.7498 	 0.5210
[2025/09/20 20:37:06] - ==> Building model..
[2025/09/20 20:37:38] - Test Loss 	 Test Acc 	 PGD Loss 	 PGD Acc
[2025/09/20 20:37:38] - 2.2952 	 	 0.5862 	 2.6663 	 0.3106
[2025/09/20 20:39:02] - 82 	 48.8 	 	 0.0430 	 3.7414 	 0.5297
[2025/09/20 20:39:02] - ==> Building model..
[2025/09/20 20:39:39] - Test Loss 	 Test Acc 	 PGD Loss 	 PGD Acc
[2025/09/20 20:39:39] - 2.2952 	 	 0.5862 	 2.6665 	 0.3114
[2025/09/20 20:41:01] - 83 	 48.2 	 	 0.0405 	 3.7280 	 0.5430
[2025/09/20 20:41:01] - ==> Building model..
[2025/09/20 20:41:39] - Test Loss 	 Test Acc 	 PGD Loss 	 PGD Acc
[2025/09/20 20:41:39] - 2.2963 	 	 0.5857 	 2.6667 	 0.3110
[2025/09/20 20:42:58] - 84 	 44.8 	 	 0.0380 	 3.7190 	 0.5462
[2025/09/20 20:42:58] - ==> Building model..
[2025/09/20 20:43:38] - Test Loss 	 Test Acc 	 PGD Loss 	 PGD Acc
[2025/09/20 20:43:38] - 2.2973 	 	 0.5853 	 2.6683 	 0.3106
[2025/09/20 20:44:58] - 85 	 44.2 	 	 0.0355 	 3.7041 	 0.5610
[2025/09/20 20:44:58] - ==> Building model..
[2025/09/20 20:45:38] - Test Loss 	 Test Acc 	 PGD Loss 	 PGD Acc
[2025/09/20 20:45:38] - 2.2986 	 	 0.5853 	 2.6690 	 0.3119
[2025/09/20 20:47:00] - 86 	 45.8 	 	 0.0331 	 3.6915 	 0.5712
[2025/09/20 20:47:00] - ==> Building model..
[2025/09/20 20:47:40] - Test Loss 	 Test Acc 	 PGD Loss 	 PGD Acc
[2025/09/20 20:47:40] - 2.2986 	 	 0.5853 	 2.6691 	 0.3123
[2025/09/20 20:49:02] - 87 	 44.5 	 	 0.0306 	 3.6752 	 0.5850
[2025/09/20 20:49:02] - ==> Building model..
[2025/09/20 20:49:41] - Test Loss 	 Test Acc 	 PGD Loss 	 PGD Acc
[2025/09/20 20:49:41] - 2.2986 	 	 0.5853 	 2.6692 	 0.3111
[2025/09/20 20:51:03] - 88 	 44.0 	 	 0.0281 	 3.6613 	 0.5991
[2025/09/20 20:51:03] - ==> Building model..
[2025/09/20 20:51:42] - Test Loss 	 Test Acc 	 PGD Loss 	 PGD Acc
[2025/09/20 20:51:42] - 2.3002 	 	 0.5852 	 2.6705 	 0.3114
[2025/09/20 20:53:06] - 89 	 47.8 	 	 0.0256 	 3.6441 	 0.6164
[2025/09/20 20:53:06] - ==> Building model..
[2025/09/20 20:53:44] - Test Loss 	 Test Acc 	 PGD Loss 	 PGD Acc
[2025/09/20 20:53:44] - 2.3019 	 	 0.5852 	 2.6715 	 0.3115
[2025/09/20 20:55:07] - 90 	 47.5 	 	 0.0231 	 3.6251 	 0.6351
[2025/09/20 20:55:07] - ==> Building model..
[2025/09/20 20:55:44] - Test Loss 	 Test Acc 	 PGD Loss 	 PGD Acc
[2025/09/20 20:55:44] - 2.3019 	 	 0.5852 	 2.6719 	 0.3116
[2025/09/20 20:57:03] - 91 	 44.9 	 	 0.0206 	 3.6070 	 0.6485
[2025/09/20 20:57:03] - ==> Building model..
[2025/09/20 20:57:42] - Test Loss 	 Test Acc 	 PGD Loss 	 PGD Acc
[2025/09/20 20:57:42] - 2.3019 	 	 0.5852 	 2.6717 	 0.3105
[2025/09/20 20:59:04] - 92 	 48.1 	 	 0.0181 	 3.5833 	 0.6734
[2025/09/20 20:59:04] - ==> Building model..
[2025/09/20 20:59:42] - Test Loss 	 Test Acc 	 PGD Loss 	 PGD Acc
[2025/09/20 20:59:42] - 2.3019 	 	 0.5852 	 2.6721 	 0.3121
[2025/09/20 21:01:04] - 93 	 47.0 	 	 0.0156 	 3.5581 	 0.6965
[2025/09/20 21:01:04] - ==> Building model..
[2025/09/20 21:01:43] - Test Loss 	 Test Acc 	 PGD Loss 	 PGD Acc
[2025/09/20 21:01:43] - 2.3019 	 	 0.5852 	 2.6719 	 0.3113
[2025/09/20 21:03:01] - 94 	 44.2 	 	 0.0131 	 3.5310 	 0.7234
[2025/09/20 21:03:01] - ==> Building model..
[2025/09/20 21:03:40] - Test Loss 	 Test Acc 	 PGD Loss 	 PGD Acc
[2025/09/20 21:03:40] - 2.3019 	 	 0.5852 	 2.6713 	 0.3106
[2025/09/20 21:05:02] - 95 	 49.0 	 	 0.0106 	 3.5041 	 0.7472
[2025/09/20 21:05:02] - ==> Building model..
[2025/09/20 21:05:39] - Test Loss 	 Test Acc 	 PGD Loss 	 PGD Acc
[2025/09/20 21:05:39] - 2.3019 	 	 0.5852 	 2.6720 	 0.3117
[2025/09/20 21:07:00] - 96 	 46.9 	 	 0.0081 	 3.4765 	 0.7735
[2025/09/20 21:07:00] - ==> Building model..
[2025/09/20 21:07:38] - Test Loss 	 Test Acc 	 PGD Loss 	 PGD Acc
[2025/09/20 21:07:38] - 2.3019 	 	 0.5852 	 2.6712 	 0.3112
[2025/09/20 21:09:00] - 97 	 45.8 	 	 0.0056 	 3.4469 	 0.8036
[2025/09/20 21:09:00] - ==> Building model..
[2025/09/20 21:09:37] - Test Loss 	 Test Acc 	 PGD Loss 	 PGD Acc
[2025/09/20 21:09:37] - 2.3019 	 	 0.5852 	 2.6717 	 0.3113
[2025/09/20 21:11:04] - 98 	 48.1 	 	 0.0031 	 3.4180 	 0.8283
[2025/09/20 21:11:04] - ==> Building model..
[2025/09/20 21:11:43] - Test Loss 	 Test Acc 	 PGD Loss 	 PGD Acc
[2025/09/20 21:11:43] - 2.3019 	 	 0.5852 	 2.6712 	 0.3116
[2025/09/20 21:13:03] - 99 	 44.9 	 	 0.0006 	 3.3915 	 0.8546
[2025/09/20 21:13:03] - ==> Building model..
[2025/09/20 21:13:44] - Test Loss 	 Test Acc 	 PGD Loss 	 PGD Acc
[2025/09/20 21:13:44] - 2.3019 	 	 0.5852 	 2.6721 	 0.3118
[2025/09/20 21:13:44] - [0.0818, 0.1329, 0.1863, 0.2201, 0.2531, 0.2837, 0.3187, 0.3487, 0.3793, 0.3996, 0.4159, 0.4278, 0.4381, 0.4444, 0.4415, 0.436, 0.4198, 0.4044, 0.3969, 0.3989, 0.4136, 0.4337, 0.4541, 0.4708, 0.4889, 0.5, 0.5112, 0.5185, 0.5261, 0.5327, 0.5381, 0.5434, 0.5467, 0.5512, 0.554, 0.5572, 0.56, 0.5621, 0.5637, 0.5659, 0.5681, 0.5706, 0.5721, 0.5735, 0.5739, 0.575, 0.5758, 0.577, 0.5785, 0.5783, 0.5794, 0.581, 0.5829, 0.584, 0.5838, 0.5858, 0.5859, 0.5869, 0.5873, 0.587, 0.5869, 0.5878, 0.5872, 0.5878, 0.5877, 0.5879, 0.588, 0.5874, 0.5877, 0.5878, 0.5875, 0.5873, 0.5866, 0.5867, 0.5869, 0.5866, 0.5864, 0.5859, 0.586, 0.5862, 0.5862, 0.5862, 0.5862, 0.5857, 0.5853, 0.5853, 0.5853, 0.5853, 0.5852, 0.5852, 0.5852, 0.5852, 0.5852, 0.5852, 0.5852, 0.5852, 0.5852, 0.5852, 0.5852, 0.5852]
[2025/09/20 21:13:44] - [0.0448, 0.0786, 0.1094, 0.1274, 0.1442, 0.1626, 0.1786, 0.1928, 0.2046, 0.2133, 0.2227, 0.2287, 0.2336, 0.2341, 0.2331, 0.229, 0.2205, 0.2084, 0.2043, 0.2061, 0.2161, 0.2257, 0.2388, 0.2492, 0.2578, 0.2684, 0.2732, 0.2759, 0.2802, 0.2819, 0.2843, 0.2858, 0.2876, 0.2906, 0.2911, 0.2918, 0.2942, 0.2956, 0.2963, 0.2974, 0.2982, 0.2993, 0.2992, 0.3013, 0.3006, 0.3001, 0.3007, 0.3024, 0.3035, 0.3047, 0.3048, 0.3048, 0.3057, 0.3063, 0.307, 0.3063, 0.3066, 0.3056, 0.307, 0.3081, 0.3074, 0.3083, 0.3082, 0.3088, 0.3089, 0.31, 0.3101, 0.31, 0.3102, 0.3096, 0.3107, 0.3102, 0.3107, 0.3098, 0.311, 0.3107, 0.3113, 0.3112, 0.3112, 0.3119, 0.3121, 0.3106, 0.3114, 0.311, 0.3106, 0.3119, 0.3123, 0.3111, 0.3114, 0.3115, 0.3116, 0.3105, 0.3121, 0.3113, 0.3106, 0.3117, 0.3112, 0.3113, 0.3116, 0.3118]
