[2025/10/17 08:59:59] - Namespace(batch_size=128, data_dir='tiny-imagenet-200', epochs=110, lr_schedule='multistep', lr_min=0.0, lr_max=0.1, weight_decay=0.0005, momentum=0.9, model='PreActResNest18', epsilon=8, alpha=8, delta_init='random', normal_mean=0, normal_std=1, out_dir='./output/Tiny_ImageNet/lamda_32_lamscale_0.15_run1', seed=0, lamda=32.0, lam_scale=0.15, lam_start=40, gamma=0.025, inner_gamma=0.025, beta=0.2, mu=3.5, batch_m=0.75, early_stop=False, factor=0.3, length=6, n_holes=1, c_num=0.125, EMA_value=0.55)
[2025/10/17 09:00:52] - ==> Building model..
[2025/10/17 09:00:52] - Epoch 	 Seconds 	 LR 	 	 Train Loss 	 Train Acc
[2025/10/17 09:03:24] - 0 	 146.7 	 	 0.1000 	 5.2940 	 0.0252
[2025/10/17 09:03:24] - ==> Building model..
[2025/10/17 09:04:16] - Test Loss 	 Test Acc 	 PGD Loss 	 PGD Acc
[2025/10/17 09:04:16] - 4.9964 	 	 0.0770 	 5.0077 	 0.0431
[2025/10/17 09:06:40] - 1 	 140.2 	 	 0.1000 	 5.2322 	 0.0675
[2025/10/17 09:06:40] - ==> Building model..
[2025/10/17 09:07:33] - Test Loss 	 Test Acc 	 PGD Loss 	 PGD Acc
[2025/10/17 09:07:33] - 4.7831 	 	 0.1395 	 4.8154 	 0.0709
[2025/10/17 09:09:57] - 2 	 139.3 	 	 0.1000 	 5.2002 	 0.0979
[2025/10/17 09:09:57] - ==> Building model..
[2025/10/17 09:10:49] - Test Loss 	 Test Acc 	 PGD Loss 	 PGD Acc
[2025/10/17 09:10:49] - 4.6199 	 	 0.1837 	 4.6756 	 0.0945
[2025/10/17 09:13:12] - 3 	 139.3 	 	 0.1000 	 5.1740 	 0.1214
[2025/10/17 09:13:12] - ==> Building model..
[2025/10/17 09:14:05] - Test Loss 	 Test Acc 	 PGD Loss 	 PGD Acc
[2025/10/17 09:14:05] - 4.5315 	 	 0.2064 	 4.6026 	 0.1067
[2025/10/17 09:16:29] - 4 	 139.3 	 	 0.1000 	 5.1501 	 0.1423
[2025/10/17 09:16:29] - ==> Building model..
[2025/10/17 09:17:21] - Test Loss 	 Test Acc 	 PGD Loss 	 PGD Acc
[2025/10/17 09:17:21] - 4.4887 	 	 0.2237 	 4.5701 	 0.1137
[2025/10/17 09:19:45] - 5 	 138.9 	 	 0.1000 	 5.1295 	 0.1624
[2025/10/17 09:19:45] - ==> Building model..
[2025/10/17 09:20:37] - Test Loss 	 Test Acc 	 PGD Loss 	 PGD Acc
[2025/10/17 09:20:37] - 4.5022 	 	 0.2291 	 4.5855 	 0.1148
[2025/10/17 09:23:00] - 6 	 138.2 	 	 0.1000 	 5.1146 	 0.1766
[2025/10/17 09:23:00] - ==> Building model..
[2025/10/17 09:23:52] - Test Loss 	 Test Acc 	 PGD Loss 	 PGD Acc
[2025/10/17 09:23:52] - 4.4269 	 	 0.2453 	 4.5251 	 0.1238
[2025/10/17 09:26:14] - 7 	 137.9 	 	 0.1000 	 5.1025 	 0.1879
[2025/10/17 09:26:14] - ==> Building model..
[2025/10/17 09:27:07] - Test Loss 	 Test Acc 	 PGD Loss 	 PGD Acc
[2025/10/17 09:27:07] - 4.2576 	 	 0.2821 	 4.3881 	 0.1435
[2025/10/17 09:29:30] - 8 	 138.9 	 	 0.1000 	 5.0913 	 0.1989
[2025/10/17 09:29:30] - ==> Building model..
[2025/10/17 09:30:22] - Test Loss 	 Test Acc 	 PGD Loss 	 PGD Acc
[2025/10/17 09:30:22] - 4.0668 	 	 0.3231 	 4.2382 	 0.1611
[2025/10/17 09:32:46] - 9 	 139.1 	 	 0.1000 	 5.0822 	 0.2086
[2025/10/17 09:32:46] - ==> Building model..
[2025/10/17 09:33:39] - Test Loss 	 Test Acc 	 PGD Loss 	 PGD Acc
[2025/10/17 09:33:39] - 3.9409 	 	 0.3475 	 4.1413 	 0.1763
[2025/10/17 09:36:02] - 10 	 139.0 	 	 0.1000 	 5.0741 	 0.2164
[2025/10/17 09:36:02] - ==> Building model..
[2025/10/17 09:36:55] - Test Loss 	 Test Acc 	 PGD Loss 	 PGD Acc
[2025/10/17 09:36:55] - 3.8534 	 	 0.3660 	 4.0755 	 0.1848
[2025/10/17 09:39:19] - 11 	 139.3 	 	 0.1000 	 5.0666 	 0.2232
[2025/10/17 09:39:19] - ==> Building model..
[2025/10/17 09:40:12] - Test Loss 	 Test Acc 	 PGD Loss 	 PGD Acc
[2025/10/17 09:40:12] - 3.7996 	 	 0.3772 	 4.0356 	 0.1915
[2025/10/17 09:42:36] - 12 	 139.1 	 	 0.1000 	 5.0603 	 0.2313
[2025/10/17 09:42:36] - ==> Building model..
[2025/10/17 09:43:28] - Test Loss 	 Test Acc 	 PGD Loss 	 PGD Acc
[2025/10/17 09:43:28] - 3.7572 	 	 0.3835 	 4.0047 	 0.1933
[2025/10/17 09:45:52] - 13 	 138.9 	 	 0.1000 	 5.0540 	 0.2374
[2025/10/17 09:45:52] - ==> Building model..
[2025/10/17 09:46:45] - Test Loss 	 Test Acc 	 PGD Loss 	 PGD Acc
[2025/10/17 09:46:45] - 3.7216 	 	 0.3920 	 3.9791 	 0.1963
[2025/10/17 09:49:10] - 14 	 139.8 	 	 0.1000 	 5.0489 	 0.2434
[2025/10/17 09:49:10] - ==> Building model..
[2025/10/17 09:50:03] - Test Loss 	 Test Acc 	 PGD Loss 	 PGD Acc
[2025/10/17 09:50:03] - 3.6892 	 	 0.3980 	 3.9561 	 0.1999
[2025/10/17 09:52:27] - 15 	 139.0 	 	 0.1000 	 5.0439 	 0.2493
[2025/10/17 09:52:27] - ==> Building model..
[2025/10/17 09:53:19] - Test Loss 	 Test Acc 	 PGD Loss 	 PGD Acc
[2025/10/17 09:53:19] - 3.6627 	 	 0.4046 	 3.9377 	 0.2020
[2025/10/17 09:55:43] - 16 	 138.5 	 	 0.1000 	 5.0398 	 0.2525
[2025/10/17 09:55:43] - ==> Building model..
[2025/10/17 09:56:36] - Test Loss 	 Test Acc 	 PGD Loss 	 PGD Acc
[2025/10/17 09:56:36] - 3.6411 	 	 0.4094 	 3.9229 	 0.2045
[2025/10/17 09:58:59] - 17 	 138.6 	 	 0.1000 	 5.0356 	 0.2572
[2025/10/17 09:58:59] - ==> Building model..
[2025/10/17 09:59:52] - Test Loss 	 Test Acc 	 PGD Loss 	 PGD Acc
[2025/10/17 09:59:52] - 3.6242 	 	 0.4131 	 3.9109 	 0.2053
[2025/10/17 10:02:16] - 18 	 139.3 	 	 0.1000 	 5.0321 	 0.2607
[2025/10/17 10:02:16] - ==> Building model..
[2025/10/17 10:03:09] - Test Loss 	 Test Acc 	 PGD Loss 	 PGD Acc
[2025/10/17 10:03:09] - 3.6046 	 	 0.4179 	 3.8970 	 0.2078
[2025/10/17 10:05:34] - 19 	 139.7 	 	 0.1000 	 5.0286 	 0.2647
[2025/10/17 10:05:34] - ==> Building model..
[2025/10/17 10:06:27] - Test Loss 	 Test Acc 	 PGD Loss 	 PGD Acc
[2025/10/17 10:06:27] - 3.5871 	 	 0.4216 	 3.8852 	 0.2092
[2025/10/17 10:08:51] - 20 	 139.2 	 	 0.1000 	 5.0262 	 0.2654
[2025/10/17 10:08:51] - ==> Building model..
[2025/10/17 10:09:44] - Test Loss 	 Test Acc 	 PGD Loss 	 PGD Acc
[2025/10/17 10:09:44] - 3.5722 	 	 0.4227 	 3.8750 	 0.2091
[2025/10/17 10:12:06] - 21 	 138.4 	 	 0.1000 	 5.0237 	 0.2673
[2025/10/17 10:12:06] - ==> Building model..
[2025/10/17 10:12:59] - Test Loss 	 Test Acc 	 PGD Loss 	 PGD Acc
[2025/10/17 10:12:59] - 3.5593 	 	 0.4264 	 3.8668 	 0.2115
[2025/10/17 10:15:22] - 22 	 138.4 	 	 0.1000 	 5.0207 	 0.2710
[2025/10/17 10:15:22] - ==> Building model..
[2025/10/17 10:16:14] - Test Loss 	 Test Acc 	 PGD Loss 	 PGD Acc
[2025/10/17 10:16:14] - 3.5443 	 	 0.4295 	 3.8559 	 0.2124
[2025/10/17 10:18:38] - 23 	 138.7 	 	 0.1000 	 5.0188 	 0.2739
[2025/10/17 10:18:38] - ==> Building model..
[2025/10/17 10:19:31] - Test Loss 	 Test Acc 	 PGD Loss 	 PGD Acc
[2025/10/17 10:19:31] - 3.5306 	 	 0.4320 	 3.8467 	 0.2146
[2025/10/17 10:21:54] - 24 	 138.7 	 	 0.1000 	 5.0162 	 0.2755
[2025/10/17 10:21:54] - ==> Building model..
[2025/10/17 10:22:47] - Test Loss 	 Test Acc 	 PGD Loss 	 PGD Acc
[2025/10/17 10:22:47] - 3.5166 	 	 0.4347 	 3.8376 	 0.2143
[2025/10/17 10:25:10] - 25 	 138.7 	 	 0.1000 	 5.0148 	 0.2767
[2025/10/17 10:25:10] - ==> Building model..
[2025/10/17 10:26:03] - Test Loss 	 Test Acc 	 PGD Loss 	 PGD Acc
[2025/10/17 10:26:03] - 3.5041 	 	 0.4389 	 3.8290 	 0.2157
[2025/10/17 10:28:27] - 26 	 139.0 	 	 0.1000 	 5.0127 	 0.2804
[2025/10/17 10:28:27] - ==> Building model..
[2025/10/17 10:29:20] - Test Loss 	 Test Acc 	 PGD Loss 	 PGD Acc
[2025/10/17 10:29:20] - 3.4944 	 	 0.4415 	 3.8227 	 0.2157
[2025/10/17 10:31:44] - 27 	 139.0 	 	 0.1000 	 5.0112 	 0.2813
[2025/10/17 10:31:44] - ==> Building model..
[2025/10/17 10:32:37] - Test Loss 	 Test Acc 	 PGD Loss 	 PGD Acc
[2025/10/17 10:32:37] - 3.4850 	 	 0.4447 	 3.8173 	 0.2177
[2025/10/17 10:35:01] - 28 	 139.3 	 	 0.1000 	 5.0087 	 0.2839
[2025/10/17 10:35:01] - ==> Building model..
[2025/10/17 10:35:54] - Test Loss 	 Test Acc 	 PGD Loss 	 PGD Acc
[2025/10/17 10:35:54] - 3.4759 	 	 0.4483 	 3.8115 	 0.2199
[2025/10/17 10:38:17] - 29 	 138.7 	 	 0.1000 	 5.0077 	 0.2838
[2025/10/17 10:38:17] - ==> Building model..
[2025/10/17 10:39:10] - Test Loss 	 Test Acc 	 PGD Loss 	 PGD Acc
[2025/10/17 10:39:10] - 3.4661 	 	 0.4494 	 3.8048 	 0.2207
[2025/10/17 10:41:33] - 30 	 138.4 	 	 0.1000 	 5.0064 	 0.2877
[2025/10/17 10:41:33] - ==> Building model..
[2025/10/17 10:42:26] - Test Loss 	 Test Acc 	 PGD Loss 	 PGD Acc
[2025/10/17 10:42:26] - 3.4582 	 	 0.4513 	 3.8002 	 0.2211
[2025/10/17 10:44:50] - 31 	 139.2 	 	 0.1000 	 5.0047 	 0.2885
[2025/10/17 10:44:50] - ==> Building model..
[2025/10/17 10:45:44] - Test Loss 	 Test Acc 	 PGD Loss 	 PGD Acc
[2025/10/17 10:45:44] - 3.4498 	 	 0.4518 	 3.7939 	 0.2218
[2025/10/17 10:48:07] - 32 	 138.4 	 	 0.1000 	 5.0039 	 0.2878
[2025/10/17 10:48:07] - ==> Building model..
[2025/10/17 10:48:59] - Test Loss 	 Test Acc 	 PGD Loss 	 PGD Acc
[2025/10/17 10:48:59] - 3.4399 	 	 0.4534 	 3.7870 	 0.2223
[2025/10/17 10:51:23] - 33 	 138.5 	 	 0.1000 	 5.0023 	 0.2899
[2025/10/17 10:51:23] - ==> Building model..
[2025/10/17 10:52:16] - Test Loss 	 Test Acc 	 PGD Loss 	 PGD Acc
[2025/10/17 10:52:16] - 3.4327 	 	 0.4550 	 3.7826 	 0.2232
[2025/10/17 10:54:40] - 34 	 139.3 	 	 0.1000 	 5.0006 	 0.2929
[2025/10/17 10:54:40] - ==> Building model..
[2025/10/17 10:55:34] - Test Loss 	 Test Acc 	 PGD Loss 	 PGD Acc
[2025/10/17 10:55:34] - 3.4276 	 	 0.4565 	 3.7795 	 0.2249
[2025/10/17 10:57:59] - 35 	 139.7 	 	 0.1000 	 4.9999 	 0.2925
[2025/10/17 10:57:59] - ==> Building model..
[2025/10/17 10:58:53] - Test Loss 	 Test Acc 	 PGD Loss 	 PGD Acc
[2025/10/17 10:58:53] - 3.4234 	 	 0.4581 	 3.7772 	 0.2253
[2025/10/17 11:01:17] - 36 	 139.5 	 	 0.1000 	 4.9987 	 0.2930
[2025/10/17 11:01:17] - ==> Building model..
[2025/10/17 11:02:11] - Test Loss 	 Test Acc 	 PGD Loss 	 PGD Acc
[2025/10/17 11:02:11] - 3.4179 	 	 0.4581 	 3.7745 	 0.2275
[2025/10/17 11:04:36] - 37 	 139.9 	 	 0.1000 	 4.9974 	 0.2958
[2025/10/17 11:04:36] - ==> Building model..
[2025/10/17 11:05:29] - Test Loss 	 Test Acc 	 PGD Loss 	 PGD Acc
[2025/10/17 11:05:29] - 3.4139 	 	 0.4586 	 3.7721 	 0.2275
[2025/10/17 11:07:53] - 38 	 139.6 	 	 0.1000 	 4.9968 	 0.2962
[2025/10/17 11:07:53] - ==> Building model..
[2025/10/17 11:08:47] - Test Loss 	 Test Acc 	 PGD Loss 	 PGD Acc
[2025/10/17 11:08:47] - 3.4104 	 	 0.4606 	 3.7707 	 0.2274
[2025/10/17 11:11:11] - 39 	 139.5 	 	 0.1000 	 4.9958 	 0.2969
[2025/10/17 11:11:11] - ==> Building model..
[2025/10/17 11:12:05] - Test Loss 	 Test Acc 	 PGD Loss 	 PGD Acc
[2025/10/17 11:12:05] - 3.4066 	 	 0.4620 	 3.7686 	 0.2283
[2025/10/17 11:14:30] - 40 	 139.3 	 	 0.1000 	 4.9948 	 0.2969
[2025/10/17 11:14:30] - ==> Building model..
[2025/10/17 11:15:23] - Test Loss 	 Test Acc 	 PGD Loss 	 PGD Acc
[2025/10/17 11:15:23] - 3.4026 	 	 0.4623 	 3.7658 	 0.2290
[2025/10/17 11:17:47] - 41 	 138.9 	 	 0.1000 	 4.9935 	 0.2984
[2025/10/17 11:17:47] - ==> Building model..
[2025/10/17 11:18:40] - Test Loss 	 Test Acc 	 PGD Loss 	 PGD Acc
[2025/10/17 11:18:40] - 3.3999 	 	 0.4633 	 3.7646 	 0.2301
[2025/10/17 11:21:04] - 42 	 139.0 	 	 0.1000 	 4.9938 	 0.2995
[2025/10/17 11:21:04] - ==> Building model..
[2025/10/17 11:21:57] - Test Loss 	 Test Acc 	 PGD Loss 	 PGD Acc
[2025/10/17 11:21:57] - 3.3969 	 	 0.4649 	 3.7627 	 0.2296
[2025/10/17 11:24:21] - 43 	 139.0 	 	 0.1000 	 4.9930 	 0.3011
[2025/10/17 11:24:21] - ==> Building model..
[2025/10/17 11:25:15] - Test Loss 	 Test Acc 	 PGD Loss 	 PGD Acc
[2025/10/17 11:25:15] - 3.3952 	 	 0.4650 	 3.7612 	 0.2311
[2025/10/17 11:27:39] - 44 	 139.0 	 	 0.1000 	 4.9923 	 0.3022
[2025/10/17 11:27:39] - ==> Building model..
[2025/10/17 11:28:32] - Test Loss 	 Test Acc 	 PGD Loss 	 PGD Acc
[2025/10/17 11:28:32] - 3.3940 	 	 0.4660 	 3.7609 	 0.2315
[2025/10/17 11:30:57] - 45 	 139.5 	 	 0.1000 	 4.9923 	 0.3027
[2025/10/17 11:30:57] - ==> Building model..
[2025/10/17 11:31:50] - Test Loss 	 Test Acc 	 PGD Loss 	 PGD Acc
[2025/10/17 11:31:50] - 3.3930 	 	 0.4660 	 3.7605 	 0.2314
[2025/10/17 11:34:14] - 46 	 139.1 	 	 0.1000 	 4.9919 	 0.3037
[2025/10/17 11:34:14] - ==> Building model..
[2025/10/17 11:35:08] - Test Loss 	 Test Acc 	 PGD Loss 	 PGD Acc
[2025/10/17 11:35:08] - 3.3935 	 	 0.4668 	 3.7615 	 0.2326
[2025/10/17 11:37:32] - 47 	 139.2 	 	 0.1000 	 4.9921 	 0.3038
[2025/10/17 11:37:32] - ==> Building model..
[2025/10/17 11:38:25] - Test Loss 	 Test Acc 	 PGD Loss 	 PGD Acc
[2025/10/17 11:38:25] - 3.3936 	 	 0.4669 	 3.7621 	 0.2335
[2025/10/17 11:40:50] - 48 	 139.4 	 	 0.1000 	 4.9917 	 0.3039
[2025/10/17 11:40:50] - ==> Building model..
[2025/10/17 11:41:43] - Test Loss 	 Test Acc 	 PGD Loss 	 PGD Acc
[2025/10/17 11:41:43] - 3.3934 	 	 0.4675 	 3.7619 	 0.2339
[2025/10/17 11:44:08] - 49 	 139.2 	 	 0.1000 	 4.9914 	 0.3038
[2025/10/17 11:44:08] - ==> Building model..
[2025/10/17 11:45:01] - Test Loss 	 Test Acc 	 PGD Loss 	 PGD Acc
[2025/10/17 11:45:01] - 3.3936 	 	 0.4679 	 3.7626 	 0.2334
[2025/10/17 11:47:24] - 50 	 138.8 	 	 0.1000 	 4.9904 	 0.3060
[2025/10/17 11:47:24] - ==> Building model..
[2025/10/17 11:48:18] - Test Loss 	 Test Acc 	 PGD Loss 	 PGD Acc
[2025/10/17 11:48:18] - 3.3934 	 	 0.4671 	 3.7621 	 0.2330
[2025/10/17 11:50:42] - 51 	 138.8 	 	 0.1000 	 4.9906 	 0.3047
[2025/10/17 11:50:42] - ==> Building model..
[2025/10/17 11:51:35] - Test Loss 	 Test Acc 	 PGD Loss 	 PGD Acc
[2025/10/17 11:51:35] - 3.3946 	 	 0.4676 	 3.7633 	 0.2326
[2025/10/17 11:53:59] - 52 	 138.7 	 	 0.1000 	 4.9901 	 0.3054
[2025/10/17 11:53:59] - ==> Building model..
[2025/10/17 11:54:52] - Test Loss 	 Test Acc 	 PGD Loss 	 PGD Acc
[2025/10/17 11:54:52] - 3.3949 	 	 0.4678 	 3.7639 	 0.2329
[2025/10/17 11:57:16] - 53 	 139.3 	 	 0.1000 	 4.9892 	 0.3050
[2025/10/17 11:57:16] - ==> Building model..
[2025/10/17 11:58:10] - Test Loss 	 Test Acc 	 PGD Loss 	 PGD Acc
[2025/10/17 11:58:10] - 3.3962 	 	 0.4691 	 3.7648 	 0.2328
[2025/10/17 12:00:34] - 54 	 139.2 	 	 0.1000 	 4.9890 	 0.3077
[2025/10/17 12:00:34] - ==> Building model..
[2025/10/17 12:01:27] - Test Loss 	 Test Acc 	 PGD Loss 	 PGD Acc
[2025/10/17 12:01:27] - 3.3968 	 	 0.4700 	 3.7657 	 0.2329
[2025/10/17 12:03:50] - 55 	 138.5 	 	 0.1000 	 4.9883 	 0.3075
[2025/10/17 12:03:50] - ==> Building model..
[2025/10/17 12:04:43] - Test Loss 	 Test Acc 	 PGD Loss 	 PGD Acc
[2025/10/17 12:04:43] - 3.3962 	 	 0.4707 	 3.7656 	 0.2338
[2025/10/17 12:07:07] - 56 	 138.5 	 	 0.1000 	 4.9878 	 0.3092
[2025/10/17 12:07:07] - ==> Building model..
[2025/10/17 12:08:00] - Test Loss 	 Test Acc 	 PGD Loss 	 PGD Acc
[2025/10/17 12:08:00] - 3.3969 	 	 0.4703 	 3.7666 	 0.2337
[2025/10/17 12:10:24] - 57 	 139.1 	 	 0.1000 	 4.9876 	 0.3077
[2025/10/17 12:10:24] - ==> Building model..
[2025/10/17 12:11:17] - Test Loss 	 Test Acc 	 PGD Loss 	 PGD Acc
[2025/10/17 12:11:17] - 3.3975 	 	 0.4699 	 3.7680 	 0.2340
[2025/10/17 12:13:42] - 58 	 139.5 	 	 0.1000 	 4.9877 	 0.3093
[2025/10/17 12:13:42] - ==> Building model..
[2025/10/17 12:14:35] - Test Loss 	 Test Acc 	 PGD Loss 	 PGD Acc
[2025/10/17 12:14:35] - 3.3981 	 	 0.4687 	 3.7674 	 0.2328
[2025/10/17 12:17:00] - 59 	 139.2 	 	 0.1000 	 4.9868 	 0.3088
[2025/10/17 12:17:00] - ==> Building model..
[2025/10/17 12:17:53] - Test Loss 	 Test Acc 	 PGD Loss 	 PGD Acc
[2025/10/17 12:17:53] - 3.3993 	 	 0.4676 	 3.7685 	 0.2334
[2025/10/17 12:20:17] - 60 	 139.0 	 	 0.1000 	 4.9863 	 0.3084
[2025/10/17 12:20:17] - ==> Building model..
[2025/10/17 12:21:11] - Test Loss 	 Test Acc 	 PGD Loss 	 PGD Acc
[2025/10/17 12:21:11] - 3.4008 	 	 0.4658 	 3.7705 	 0.2339
[2025/10/17 12:23:35] - 61 	 139.4 	 	 0.1000 	 4.9858 	 0.3096
[2025/10/17 12:23:35] - ==> Building model..
[2025/10/17 12:24:29] - Test Loss 	 Test Acc 	 PGD Loss 	 PGD Acc
[2025/10/17 12:24:29] - 3.4028 	 	 0.4660 	 3.7723 	 0.2335
[2025/10/17 12:26:53] - 62 	 139.3 	 	 0.1000 	 4.9856 	 0.3107
[2025/10/17 12:26:53] - ==> Building model..
[2025/10/17 12:27:47] - Test Loss 	 Test Acc 	 PGD Loss 	 PGD Acc
[2025/10/17 12:27:47] - 3.4043 	 	 0.4670 	 3.7743 	 0.2338
[2025/10/17 12:30:12] - 63 	 139.6 	 	 0.1000 	 4.9852 	 0.3107
[2025/10/17 12:30:12] - ==> Building model..
[2025/10/17 12:31:06] - Test Loss 	 Test Acc 	 PGD Loss 	 PGD Acc
[2025/10/17 12:31:06] - 3.4075 	 	 0.4679 	 3.7779 	 0.2349
[2025/10/17 12:33:31] - 64 	 139.4 	 	 0.1000 	 4.9846 	 0.3110
[2025/10/17 12:33:31] - ==> Building model..
[2025/10/17 12:34:24] - Test Loss 	 Test Acc 	 PGD Loss 	 PGD Acc
[2025/10/17 12:34:24] - 3.4103 	 	 0.4670 	 3.7807 	 0.2357
[2025/10/17 12:36:49] - 65 	 139.6 	 	 0.1000 	 4.9842 	 0.3121
[2025/10/17 12:36:49] - ==> Building model..
[2025/10/17 12:37:43] - Test Loss 	 Test Acc 	 PGD Loss 	 PGD Acc
[2025/10/17 12:37:43] - 3.4112 	 	 0.4676 	 3.7825 	 0.2354
[2025/10/17 12:40:08] - 66 	 139.4 	 	 0.1000 	 4.9835 	 0.3125
[2025/10/17 12:40:08] - ==> Building model..
[2025/10/17 12:41:01] - Test Loss 	 Test Acc 	 PGD Loss 	 PGD Acc
[2025/10/17 12:41:01] - 3.4122 	 	 0.4681 	 3.7835 	 0.2347
[2025/10/17 12:43:26] - 67 	 139.5 	 	 0.1000 	 4.9839 	 0.3134
[2025/10/17 12:43:26] - ==> Building model..
[2025/10/17 12:44:19] - Test Loss 	 Test Acc 	 PGD Loss 	 PGD Acc
[2025/10/17 12:44:19] - 3.4131 	 	 0.4678 	 3.7846 	 0.2353
[2025/10/17 12:46:44] - 68 	 139.5 	 	 0.1000 	 4.9837 	 0.3110
[2025/10/17 12:46:44] - ==> Building model..
[2025/10/17 12:47:38] - Test Loss 	 Test Acc 	 PGD Loss 	 PGD Acc
[2025/10/17 12:47:38] - 3.4136 	 	 0.4677 	 3.7857 	 0.2350
[2025/10/17 12:50:03] - 69 	 139.9 	 	 0.1000 	 4.9841 	 0.3110
[2025/10/17 12:50:03] - ==> Building model..
[2025/10/17 12:50:56] - Test Loss 	 Test Acc 	 PGD Loss 	 PGD Acc
[2025/10/17 12:50:56] - 3.4137 	 	 0.4685 	 3.7866 	 0.2358
[2025/10/17 12:53:21] - 70 	 138.9 	 	 0.1000 	 4.9831 	 0.3131
[2025/10/17 12:53:21] - ==> Building model..
[2025/10/17 12:54:14] - Test Loss 	 Test Acc 	 PGD Loss 	 PGD Acc
[2025/10/17 12:54:14] - 3.4134 	 	 0.4688 	 3.7868 	 0.2359
[2025/10/17 12:56:39] - 71 	 139.4 	 	 0.1000 	 4.9830 	 0.3128
[2025/10/17 12:56:39] - ==> Building model..
[2025/10/17 12:57:33] - Test Loss 	 Test Acc 	 PGD Loss 	 PGD Acc
[2025/10/17 12:57:33] - 3.4133 	 	 0.4697 	 3.7865 	 0.2363
[2025/10/17 12:59:58] - 72 	 139.4 	 	 0.1000 	 4.9826 	 0.3138
[2025/10/17 12:59:58] - ==> Building model..
[2025/10/17 13:00:51] - Test Loss 	 Test Acc 	 PGD Loss 	 PGD Acc
[2025/10/17 13:00:51] - 3.4117 	 	 0.4698 	 3.7858 	 0.2359
[2025/10/17 13:03:16] - 73 	 139.4 	 	 0.1000 	 4.9820 	 0.3141
[2025/10/17 13:03:16] - ==> Building model..
[2025/10/17 13:04:10] - Test Loss 	 Test Acc 	 PGD Loss 	 PGD Acc
[2025/10/17 13:04:10] - 3.4112 	 	 0.4705 	 3.7850 	 0.2354
[2025/10/17 13:06:35] - 74 	 140.0 	 	 0.1000 	 4.9823 	 0.3148
[2025/10/17 13:06:35] - ==> Building model..
[2025/10/17 13:07:29] - Test Loss 	 Test Acc 	 PGD Loss 	 PGD Acc
[2025/10/17 13:07:29] - 3.4102 	 	 0.4702 	 3.7841 	 0.2341
[2025/10/17 13:09:55] - 75 	 140.3 	 	 0.1000 	 4.9809 	 0.3138
[2025/10/17 13:09:55] - ==> Building model..
[2025/10/17 13:10:49] - Test Loss 	 Test Acc 	 PGD Loss 	 PGD Acc
[2025/10/17 13:10:49] - 3.4074 	 	 0.4707 	 3.7822 	 0.2349
[2025/10/17 13:13:14] - 76 	 140.3 	 	 0.1000 	 4.9811 	 0.3141
[2025/10/17 13:13:14] - ==> Building model..
[2025/10/17 13:14:08] - Test Loss 	 Test Acc 	 PGD Loss 	 PGD Acc
[2025/10/17 13:14:08] - 3.4029 	 	 0.4715 	 3.7796 	 0.2348
[2025/10/17 13:16:32] - 77 	 139.5 	 	 0.1000 	 4.9806 	 0.3174
[2025/10/17 13:16:32] - ==> Building model..
[2025/10/17 13:17:26] - Test Loss 	 Test Acc 	 PGD Loss 	 PGD Acc
[2025/10/17 13:17:26] - 3.3991 	 	 0.4712 	 3.7759 	 0.2349
[2025/10/17 13:19:50] - 78 	 139.5 	 	 0.1000 	 4.9812 	 0.3143
[2025/10/17 13:19:50] - ==> Building model..
[2025/10/17 13:20:44] - Test Loss 	 Test Acc 	 PGD Loss 	 PGD Acc
[2025/10/17 13:20:44] - 3.3962 	 	 0.4707 	 3.7739 	 0.2354
[2025/10/17 13:23:09] - 79 	 139.5 	 	 0.1000 	 4.9807 	 0.3153
[2025/10/17 13:23:09] - ==> Building model..
[2025/10/17 13:24:03] - Test Loss 	 Test Acc 	 PGD Loss 	 PGD Acc
[2025/10/17 13:24:03] - 3.3909 	 	 0.4715 	 3.7694 	 0.2345
[2025/10/17 13:26:27] - 80 	 138.8 	 	 0.1000 	 4.9810 	 0.3151
[2025/10/17 13:26:27] - ==> Building model..
[2025/10/17 13:27:20] - Test Loss 	 Test Acc 	 PGD Loss 	 PGD Acc
[2025/10/17 13:27:20] - 3.3865 	 	 0.4720 	 3.7662 	 0.2354
[2025/10/17 13:29:45] - 81 	 139.4 	 	 0.1000 	 4.9797 	 0.3158
[2025/10/17 13:29:45] - ==> Building model..
[2025/10/17 13:30:38] - Test Loss 	 Test Acc 	 PGD Loss 	 PGD Acc
[2025/10/17 13:30:38] - 3.3822 	 	 0.4727 	 3.7633 	 0.2347
[2025/10/17 13:33:02] - 82 	 139.2 	 	 0.1000 	 4.9793 	 0.3165
[2025/10/17 13:33:02] - ==> Building model..
[2025/10/17 13:33:56] - Test Loss 	 Test Acc 	 PGD Loss 	 PGD Acc
[2025/10/17 13:33:56] - 3.3790 	 	 0.4720 	 3.7604 	 0.2351
[2025/10/17 13:36:20] - 83 	 139.6 	 	 0.1000 	 4.9801 	 0.3155
[2025/10/17 13:36:20] - ==> Building model..
[2025/10/17 13:37:14] - Test Loss 	 Test Acc 	 PGD Loss 	 PGD Acc
[2025/10/17 13:37:14] - 3.3755 	 	 0.4737 	 3.7575 	 0.2355
[2025/10/17 13:39:39] - 84 	 139.3 	 	 0.1000 	 4.9797 	 0.3155
[2025/10/17 13:39:39] - ==> Building model..
[2025/10/17 13:40:32] - Test Loss 	 Test Acc 	 PGD Loss 	 PGD Acc
[2025/10/17 13:40:32] - 3.3722 	 	 0.4739 	 3.7549 	 0.2356
[2025/10/17 13:42:56] - 85 	 139.3 	 	 0.1000 	 4.9794 	 0.3170
[2025/10/17 13:42:56] - ==> Building model..
[2025/10/17 13:43:50] - Test Loss 	 Test Acc 	 PGD Loss 	 PGD Acc
[2025/10/17 13:43:50] - 3.3691 	 	 0.4732 	 3.7521 	 0.2359
[2025/10/17 13:46:15] - 86 	 139.5 	 	 0.1000 	 4.9795 	 0.3177
[2025/10/17 13:46:15] - ==> Building model..
[2025/10/17 13:47:08] - Test Loss 	 Test Acc 	 PGD Loss 	 PGD Acc
[2025/10/17 13:47:08] - 3.3657 	 	 0.4733 	 3.7496 	 0.2374
[2025/10/17 13:49:33] - 87 	 139.6 	 	 0.1000 	 4.9794 	 0.3154
[2025/10/17 13:49:33] - ==> Building model..
[2025/10/17 13:50:27] - Test Loss 	 Test Acc 	 PGD Loss 	 PGD Acc
[2025/10/17 13:50:27] - 3.3633 	 	 0.4736 	 3.7481 	 0.2382
[2025/10/17 13:52:51] - 88 	 139.4 	 	 0.1000 	 4.9794 	 0.3163
[2025/10/17 13:52:51] - ==> Building model..
[2025/10/17 13:53:45] - Test Loss 	 Test Acc 	 PGD Loss 	 PGD Acc
[2025/10/17 13:53:45] - 3.3595 	 	 0.4743 	 3.7456 	 0.2371
[2025/10/17 13:56:09] - 89 	 139.7 	 	 0.1000 	 4.9792 	 0.3164
[2025/10/17 13:56:09] - ==> Building model..
[2025/10/17 13:57:03] - Test Loss 	 Test Acc 	 PGD Loss 	 PGD Acc
[2025/10/17 13:57:03] - 3.3566 	 	 0.4742 	 3.7434 	 0.2386
[2025/10/17 13:59:28] - 90 	 139.8 	 	 0.1000 	 4.9784 	 0.3175
[2025/10/17 13:59:28] - ==> Building model..
[2025/10/17 14:00:22] - Test Loss 	 Test Acc 	 PGD Loss 	 PGD Acc
[2025/10/17 14:00:22] - 3.3535 	 	 0.4740 	 3.7410 	 0.2369
[2025/10/17 14:02:46] - 91 	 139.5 	 	 0.1000 	 4.9785 	 0.3191
[2025/10/17 14:02:46] - ==> Building model..
[2025/10/17 14:03:40] - Test Loss 	 Test Acc 	 PGD Loss 	 PGD Acc
[2025/10/17 14:03:40] - 3.3509 	 	 0.4733 	 3.7390 	 0.2368
[2025/10/17 14:06:04] - 92 	 139.5 	 	 0.1000 	 4.9793 	 0.3167
[2025/10/17 14:06:04] - ==> Building model..
[2025/10/17 14:06:58] - Test Loss 	 Test Acc 	 PGD Loss 	 PGD Acc
[2025/10/17 14:06:58] - 3.3486 	 	 0.4742 	 3.7372 	 0.2371
[2025/10/17 14:09:22] - 93 	 139.5 	 	 0.1000 	 4.9786 	 0.3173
[2025/10/17 14:09:22] - ==> Building model..
[2025/10/17 14:10:16] - Test Loss 	 Test Acc 	 PGD Loss 	 PGD Acc
[2025/10/17 14:10:16] - 3.3473 	 	 0.4748 	 3.7364 	 0.2365
[2025/10/17 14:12:41] - 94 	 139.7 	 	 0.1000 	 4.9795 	 0.3165
[2025/10/17 14:12:41] - ==> Building model..
[2025/10/17 14:13:35] - Test Loss 	 Test Acc 	 PGD Loss 	 PGD Acc
[2025/10/17 14:13:35] - 3.3457 	 	 0.4760 	 3.7358 	 0.2366
[2025/10/17 14:15:59] - 95 	 139.4 	 	 0.1000 	 4.9791 	 0.3180
[2025/10/17 14:15:59] - ==> Building model..
[2025/10/17 14:16:53] - Test Loss 	 Test Acc 	 PGD Loss 	 PGD Acc
[2025/10/17 14:16:53] - 3.3437 	 	 0.4755 	 3.7336 	 0.2361
[2025/10/17 14:19:17] - 96 	 139.4 	 	 0.1000 	 4.9782 	 0.3168
[2025/10/17 14:19:17] - ==> Building model..
[2025/10/17 14:20:11] - Test Loss 	 Test Acc 	 PGD Loss 	 PGD Acc
[2025/10/17 14:20:11] - 3.3401 	 	 0.4758 	 3.7311 	 0.2364
[2025/10/17 14:22:35] - 97 	 139.2 	 	 0.1000 	 4.9789 	 0.3173
[2025/10/17 14:22:35] - ==> Building model..
[2025/10/17 14:23:29] - Test Loss 	 Test Acc 	 PGD Loss 	 PGD Acc
[2025/10/17 14:23:29] - 3.3371 	 	 0.4754 	 3.7296 	 0.2370
[2025/10/17 14:25:54] - 98 	 139.4 	 	 0.1000 	 4.9787 	 0.3166
[2025/10/17 14:25:54] - ==> Building model..
[2025/10/17 14:26:47] - Test Loss 	 Test Acc 	 PGD Loss 	 PGD Acc
[2025/10/17 14:26:47] - 3.3349 	 	 0.4767 	 3.7271 	 0.2372
[2025/10/17 14:29:11] - 99 	 138.9 	 	 0.0100 	 4.8786 	 0.4471
[2025/10/17 14:29:11] - ==> Building model..
[2025/10/17 14:30:05] - Test Loss 	 Test Acc 	 PGD Loss 	 PGD Acc
[2025/10/17 14:30:05] - 3.3346 	 	 0.4770 	 3.7276 	 0.2371
[2025/10/17 14:32:28] - 100 	 138.3 	 	 0.0100 	 4.8102 	 0.5392
[2025/10/17 14:32:28] - ==> Building model..
[2025/10/17 14:33:21] - Test Loss 	 Test Acc 	 PGD Loss 	 PGD Acc
[2025/10/17 14:33:21] - 3.3346 	 	 0.4770 	 3.7276 	 0.2369
[2025/10/17 14:35:45] - 101 	 138.5 	 	 0.0100 	 4.7837 	 0.5809
[2025/10/17 14:35:45] - ==> Building model..
[2025/10/17 14:36:39] - Test Loss 	 Test Acc 	 PGD Loss 	 PGD Acc
[2025/10/17 14:36:39] - 3.3346 	 	 0.4770 	 3.7275 	 0.2369
[2025/10/17 14:39:02] - 102 	 138.6 	 	 0.0100 	 4.7618 	 0.6155
[2025/10/17 14:39:02] - ==> Building model..
[2025/10/17 14:39:56] - Test Loss 	 Test Acc 	 PGD Loss 	 PGD Acc
[2025/10/17 14:39:56] - 3.3346 	 	 0.4770 	 3.7275 	 0.2368
[2025/10/17 14:42:19] - 103 	 138.5 	 	 0.0100 	 4.7432 	 0.6469
[2025/10/17 14:42:19] - ==> Building model..
[2025/10/17 14:43:12] - Test Loss 	 Test Acc 	 PGD Loss 	 PGD Acc
[2025/10/17 14:43:12] - 3.3346 	 	 0.4770 	 3.7271 	 0.2372
[2025/10/17 14:45:36] - 104 	 138.6 	 	 0.0010 	 4.6956 	 0.7240
[2025/10/17 14:45:36] - ==> Building model..
[2025/10/17 14:46:29] - Test Loss 	 Test Acc 	 PGD Loss 	 PGD Acc
[2025/10/17 14:46:29] - 3.3346 	 	 0.4770 	 3.7274 	 0.2368
[2025/10/17 14:48:53] - 105 	 138.8 	 	 0.0010 	 4.6740 	 0.7594
[2025/10/17 14:48:53] - ==> Building model..
[2025/10/17 14:49:47] - Test Loss 	 Test Acc 	 PGD Loss 	 PGD Acc
[2025/10/17 14:49:47] - 3.3346 	 	 0.4770 	 3.7275 	 0.2369
[2025/10/17 14:52:11] - 106 	 138.8 	 	 0.0010 	 4.6679 	 0.7693
[2025/10/17 14:52:11] - ==> Building model..
[2025/10/17 14:53:05] - Test Loss 	 Test Acc 	 PGD Loss 	 PGD Acc
[2025/10/17 14:53:05] - 3.3346 	 	 0.4770 	 3.7273 	 0.2374
[2025/10/17 14:55:29] - 107 	 139.0 	 	 0.0010 	 4.6628 	 0.7785
[2025/10/17 14:55:29] - ==> Building model..
[2025/10/17 14:56:22] - Test Loss 	 Test Acc 	 PGD Loss 	 PGD Acc
[2025/10/17 14:56:22] - 3.3346 	 	 0.4770 	 3.7276 	 0.2370
[2025/10/17 14:58:46] - 108 	 138.8 	 	 0.0010 	 4.6582 	 0.7856
[2025/10/17 14:58:46] - ==> Building model..
[2025/10/17 14:59:40] - Test Loss 	 Test Acc 	 PGD Loss 	 PGD Acc
[2025/10/17 14:59:40] - 3.3346 	 	 0.4770 	 3.7278 	 0.2372
[2025/10/17 15:02:03] - 109 	 138.5 	 	 0.0010 	 4.6535 	 0.7926
[2025/10/17 15:02:03] - ==> Building model..
[2025/10/17 15:02:57] - Test Loss 	 Test Acc 	 PGD Loss 	 PGD Acc
[2025/10/17 15:02:57] - 3.3346 	 	 0.4770 	 3.7276 	 0.2374
[2025/10/17 15:02:57] - [0.077, 0.1395, 0.1837, 0.2064, 0.2237, 0.2291, 0.2453, 0.2821, 0.3231, 0.3475, 0.366, 0.3772, 0.3835, 0.392, 0.398, 0.4046, 0.4094, 0.4131, 0.4179, 0.4216, 0.4227, 0.4264, 0.4295, 0.432, 0.4347, 0.4389, 0.4415, 0.4447, 0.4483, 0.4494, 0.4513, 0.4518, 0.4534, 0.455, 0.4565, 0.4581, 0.4581, 0.4586, 0.4606, 0.462, 0.4623, 0.4633, 0.4649, 0.465, 0.466, 0.466, 0.4668, 0.4669, 0.4675, 0.4679, 0.4671, 0.4676, 0.4678, 0.4691, 0.47, 0.4707, 0.4703, 0.4699, 0.4687, 0.4676, 0.4658, 0.466, 0.467, 0.4679, 0.467, 0.4676, 0.4681, 0.4678, 0.4677, 0.4685, 0.4688, 0.4697, 0.4698, 0.4705, 0.4702, 0.4707, 0.4715, 0.4712, 0.4707, 0.4715, 0.472, 0.4727, 0.472, 0.4737, 0.4739, 0.4732, 0.4733, 0.4736, 0.4743, 0.4742, 0.474, 0.4733, 0.4742, 0.4748, 0.476, 0.4755, 0.4758, 0.4754, 0.4767, 0.477, 0.477, 0.477, 0.477, 0.477, 0.477, 0.477, 0.477, 0.477, 0.477, 0.477]
[2025/10/17 15:02:57] - [0.0431, 0.0709, 0.0945, 0.1067, 0.1137, 0.1148, 0.1238, 0.1435, 0.1611, 0.1763, 0.1848, 0.1915, 0.1933, 0.1963, 0.1999, 0.202, 0.2045, 0.2053, 0.2078, 0.2092, 0.2091, 0.2115, 0.2124, 0.2146, 0.2143, 0.2157, 0.2157, 0.2177, 0.2199, 0.2207, 0.2211, 0.2218, 0.2223, 0.2232, 0.2249, 0.2253, 0.2275, 0.2275, 0.2274, 0.2283, 0.229, 0.2301, 0.2296, 0.2311, 0.2315, 0.2314, 0.2326, 0.2335, 0.2339, 0.2334, 0.233, 0.2326, 0.2329, 0.2328, 0.2329, 0.2338, 0.2337, 0.234, 0.2328, 0.2334, 0.2339, 0.2335, 0.2338, 0.2349, 0.2357, 0.2354, 0.2347, 0.2353, 0.235, 0.2358, 0.2359, 0.2363, 0.2359, 0.2354, 0.2341, 0.2349, 0.2348, 0.2349, 0.2354, 0.2345, 0.2354, 0.2347, 0.2351, 0.2355, 0.2356, 0.2359, 0.2374, 0.2382, 0.2371, 0.2386, 0.2369, 0.2368, 0.2371, 0.2365, 0.2366, 0.2361, 0.2364, 0.237, 0.2372, 0.2371, 0.2369, 0.2369, 0.2368, 0.2372, 0.2368, 0.2369, 0.2374, 0.237, 0.2372, 0.2374]
