[2025/10/15 05:24:09] - Namespace(batch_size=128, data_dir='cifar-data', epochs=100, lr_schedule='multistep', lr_min=0.0, lr_max=0.2, weight_decay=0.0005, momentum=0.9, model='ResNet18', epsilon=8, alpha=8, delta_init='random', normal_mean=0, normal_std=1, out_dir='./output/CIFAR100/lamda_37_lamscale_0.15_run1', seed=0, lamda=37.0, lam_scale=0.15, lam_start=50, gamma=0.05, inner_gamma=0.05, beta=0.2, mu=3.5, batch_m=0.75, early_stop=False, factor=0.5, length=4, n_holes=1, c_num=0.125, EMA_value=0.55)
[2025/10/15 05:24:11] - ==> Building model..
[2025/10/15 05:24:11] - Epoch 	 Seconds 	 LR 	 	 Train Loss 	 Train Acc
[2025/10/15 05:24:51] - 0 	 19.8 	 	 0.2000 	 4.5654 	 0.0401
[2025/10/15 05:24:51] - ==> Building model..
[2025/10/15 05:25:12] - Test Loss 	 Test Acc 	 PGD Loss 	 PGD Acc
[2025/10/15 05:25:12] - 4.2056 	 	 0.0865 	 4.2187 	 0.0568
[2025/10/15 05:25:51] - 1 	 18.6 	 	 0.2000 	 4.4598 	 0.0769
[2025/10/15 05:25:51] - ==> Building model..
[2025/10/15 05:26:10] - Test Loss 	 Test Acc 	 PGD Loss 	 PGD Acc
[2025/10/15 05:26:10] - 4.0297 	 	 0.1462 	 4.0598 	 0.0923
[2025/10/15 05:26:46] - 2 	 17.2 	 	 0.2000 	 4.4080 	 0.1028
[2025/10/15 05:26:46] - ==> Building model..
[2025/10/15 05:27:07] - Test Loss 	 Test Acc 	 PGD Loss 	 PGD Acc
[2025/10/15 05:27:07] - 3.8727 	 	 0.1905 	 3.9211 	 0.1202
[2025/10/15 05:27:47] - 3 	 19.8 	 	 0.2000 	 4.3616 	 0.1259
[2025/10/15 05:27:47] - ==> Building model..
[2025/10/15 05:28:08] - Test Loss 	 Test Acc 	 PGD Loss 	 PGD Acc
[2025/10/15 05:28:08] - 3.7062 	 	 0.2326 	 3.7768 	 0.1422
[2025/10/15 05:28:49] - 4 	 20.3 	 	 0.2000 	 4.3182 	 0.1481
[2025/10/15 05:28:49] - ==> Building model..
[2025/10/15 05:29:09] - Test Loss 	 Test Acc 	 PGD Loss 	 PGD Acc
[2025/10/15 05:29:09] - 3.6143 	 	 0.2620 	 3.7023 	 0.1584
[2025/10/15 05:29:52] - 5 	 21.8 	 	 0.2000 	 4.2808 	 0.1675
[2025/10/15 05:29:52] - ==> Building model..
[2025/10/15 05:30:14] - Test Loss 	 Test Acc 	 PGD Loss 	 PGD Acc
[2025/10/15 05:30:14] - 3.4362 	 	 0.2982 	 3.5509 	 0.1772
[2025/10/15 05:30:54] - 6 	 21.3 	 	 0.2000 	 4.2498 	 0.1836
[2025/10/15 05:30:54] - ==> Building model..
[2025/10/15 05:31:15] - Test Loss 	 Test Acc 	 PGD Loss 	 PGD Acc
[2025/10/15 05:31:15] - 3.2249 	 	 0.3441 	 3.3740 	 0.1903
[2025/10/15 05:31:54] - 7 	 19.1 	 	 0.2000 	 4.2270 	 0.1964
[2025/10/15 05:31:54] - ==> Building model..
[2025/10/15 05:32:15] - Test Loss 	 Test Acc 	 PGD Loss 	 PGD Acc
[2025/10/15 05:32:15] - 3.0875 	 	 0.3746 	 3.2625 	 0.2039
[2025/10/15 05:32:55] - 8 	 21.5 	 	 0.2000 	 4.2074 	 0.2057
[2025/10/15 05:32:55] - ==> Building model..
[2025/10/15 05:33:17] - Test Loss 	 Test Acc 	 PGD Loss 	 PGD Acc
[2025/10/15 05:33:17] - 2.9763 	 	 0.4002 	 3.1750 	 0.2147
[2025/10/15 05:33:53] - 9 	 17.1 	 	 0.2000 	 4.1910 	 0.2163
[2025/10/15 05:33:53] - ==> Building model..
[2025/10/15 05:34:14] - Test Loss 	 Test Acc 	 PGD Loss 	 PGD Acc
[2025/10/15 05:34:14] - 2.9199 	 	 0.4124 	 3.1312 	 0.2203
[2025/10/15 05:34:54] - 10 	 21.0 	 	 0.2000 	 4.1782 	 0.2227
[2025/10/15 05:34:54] - ==> Building model..
[2025/10/15 05:35:13] - Test Loss 	 Test Acc 	 PGD Loss 	 PGD Acc
[2025/10/15 05:35:13] - 2.8658 	 	 0.4270 	 3.0909 	 0.2305
[2025/10/15 05:35:53] - 11 	 21.2 	 	 0.2000 	 4.1690 	 0.2275
[2025/10/15 05:35:53] - ==> Building model..
[2025/10/15 05:36:14] - Test Loss 	 Test Acc 	 PGD Loss 	 PGD Acc
[2025/10/15 05:36:14] - 2.8149 	 	 0.4378 	 3.0503 	 0.2347
[2025/10/15 05:36:54] - 12 	 20.9 	 	 0.2000 	 4.1596 	 0.2334
[2025/10/15 05:36:54] - ==> Building model..
[2025/10/15 05:37:16] - Test Loss 	 Test Acc 	 PGD Loss 	 PGD Acc
[2025/10/15 05:37:16] - 2.7834 	 	 0.4470 	 3.0263 	 0.2382
[2025/10/15 05:37:55] - 13 	 20.4 	 	 0.2000 	 4.1559 	 0.2365
[2025/10/15 05:37:55] - ==> Building model..
[2025/10/15 05:38:15] - Test Loss 	 Test Acc 	 PGD Loss 	 PGD Acc
[2025/10/15 05:38:15] - 2.7573 	 	 0.4532 	 3.0072 	 0.2418
[2025/10/15 05:38:56] - 14 	 21.0 	 	 0.2000 	 4.1497 	 0.2402
[2025/10/15 05:38:56] - ==> Building model..
[2025/10/15 05:39:16] - Test Loss 	 Test Acc 	 PGD Loss 	 PGD Acc
[2025/10/15 05:39:16] - 2.7357 	 	 0.4595 	 2.9915 	 0.2462
[2025/10/15 05:39:56] - 15 	 20.7 	 	 0.2000 	 4.1416 	 0.2449
[2025/10/15 05:39:56] - ==> Building model..
[2025/10/15 05:40:18] - Test Loss 	 Test Acc 	 PGD Loss 	 PGD Acc
[2025/10/15 05:40:18] - 2.7142 	 	 0.4648 	 2.9762 	 0.2508
[2025/10/15 05:40:56] - 16 	 18.2 	 	 0.2000 	 4.1366 	 0.2477
[2025/10/15 05:40:56] - ==> Building model..
[2025/10/15 05:41:17] - Test Loss 	 Test Acc 	 PGD Loss 	 PGD Acc
[2025/10/15 05:41:17] - 2.6947 	 	 0.4697 	 2.9600 	 0.2531
[2025/10/15 05:41:56] - 17 	 19.2 	 	 0.2000 	 4.1358 	 0.2475
[2025/10/15 05:41:56] - ==> Building model..
[2025/10/15 05:42:17] - Test Loss 	 Test Acc 	 PGD Loss 	 PGD Acc
[2025/10/15 05:42:17] - 2.6929 	 	 0.4710 	 2.9615 	 0.2530
[2025/10/15 05:43:00] - 18 	 21.6 	 	 0.2000 	 4.1289 	 0.2516
[2025/10/15 05:43:00] - ==> Building model..
[2025/10/15 05:43:20] - Test Loss 	 Test Acc 	 PGD Loss 	 PGD Acc
[2025/10/15 05:43:20] - 2.6769 	 	 0.4747 	 2.9500 	 0.2566
[2025/10/15 05:43:58] - 19 	 18.7 	 	 0.2000 	 4.1256 	 0.2557
[2025/10/15 05:43:58] - ==> Building model..
[2025/10/15 05:44:20] - Test Loss 	 Test Acc 	 PGD Loss 	 PGD Acc
[2025/10/15 05:44:20] - 2.6634 	 	 0.4794 	 2.9388 	 0.2583
[2025/10/15 05:45:01] - 20 	 20.6 	 	 0.2000 	 4.1239 	 0.2561
[2025/10/15 05:45:01] - ==> Building model..
[2025/10/15 05:45:20] - Test Loss 	 Test Acc 	 PGD Loss 	 PGD Acc
[2025/10/15 05:45:20] - 2.6515 	 	 0.4842 	 2.9295 	 0.2594
[2025/10/15 05:46:02] - 21 	 21.3 	 	 0.2000 	 4.1193 	 0.2569
[2025/10/15 05:46:02] - ==> Building model..
[2025/10/15 05:46:23] - Test Loss 	 Test Acc 	 PGD Loss 	 PGD Acc
[2025/10/15 05:46:23] - 2.6393 	 	 0.4849 	 2.9204 	 0.2603
[2025/10/15 05:47:04] - 22 	 20.8 	 	 0.2000 	 4.1191 	 0.2584
[2025/10/15 05:47:04] - ==> Building model..
[2025/10/15 05:47:25] - Test Loss 	 Test Acc 	 PGD Loss 	 PGD Acc
[2025/10/15 05:47:25] - 2.6336 	 	 0.4872 	 2.9172 	 0.2617
[2025/10/15 05:48:05] - 23 	 19.6 	 	 0.2000 	 4.1181 	 0.2579
[2025/10/15 05:48:05] - ==> Building model..
[2025/10/15 05:48:25] - Test Loss 	 Test Acc 	 PGD Loss 	 PGD Acc
[2025/10/15 05:48:25] - 2.6257 	 	 0.4889 	 2.9103 	 0.2624
[2025/10/15 05:49:05] - 24 	 21.1 	 	 0.2000 	 4.1137 	 0.2604
[2025/10/15 05:49:05] - ==> Building model..
[2025/10/15 05:49:27] - Test Loss 	 Test Acc 	 PGD Loss 	 PGD Acc
[2025/10/15 05:49:27] - 2.6220 	 	 0.4885 	 2.9079 	 0.2629
[2025/10/15 05:50:08] - 25 	 21.8 	 	 0.2000 	 4.1122 	 0.2630
[2025/10/15 05:50:08] - ==> Building model..
[2025/10/15 05:50:30] - Test Loss 	 Test Acc 	 PGD Loss 	 PGD Acc
[2025/10/15 05:50:30] - 2.6118 	 	 0.4945 	 2.9009 	 0.2651
[2025/10/15 05:51:10] - 26 	 20.9 	 	 0.2000 	 4.1087 	 0.2641
[2025/10/15 05:51:10] - ==> Building model..
[2025/10/15 05:51:31] - Test Loss 	 Test Acc 	 PGD Loss 	 PGD Acc
[2025/10/15 05:51:31] - 2.6044 	 	 0.4946 	 2.8948 	 0.2666
[2025/10/15 05:52:12] - 27 	 19.5 	 	 0.2000 	 4.1077 	 0.2672
[2025/10/15 05:52:12] - ==> Building model..
[2025/10/15 05:52:33] - Test Loss 	 Test Acc 	 PGD Loss 	 PGD Acc
[2025/10/15 05:52:33] - 2.5994 	 	 0.4957 	 2.8908 	 0.2679
[2025/10/15 05:53:12] - 28 	 18.8 	 	 0.2000 	 4.1062 	 0.2644
[2025/10/15 05:53:12] - ==> Building model..
[2025/10/15 05:53:35] - Test Loss 	 Test Acc 	 PGD Loss 	 PGD Acc
[2025/10/15 05:53:35] - 2.5957 	 	 0.4976 	 2.8882 	 0.2678
[2025/10/15 05:54:17] - 29 	 21.2 	 	 0.2000 	 4.1054 	 0.2678
[2025/10/15 05:54:17] - ==> Building model..
[2025/10/15 05:54:38] - Test Loss 	 Test Acc 	 PGD Loss 	 PGD Acc
[2025/10/15 05:54:38] - 2.5860 	 	 0.5002 	 2.8800 	 0.2712
[2025/10/15 05:55:20] - 30 	 20.7 	 	 0.2000 	 4.1052 	 0.2657
[2025/10/15 05:55:20] - ==> Building model..
[2025/10/15 05:55:42] - Test Loss 	 Test Acc 	 PGD Loss 	 PGD Acc
[2025/10/15 05:55:42] - 2.5908 	 	 0.4994 	 2.8849 	 0.2702
[2025/10/15 05:56:24] - 31 	 21.0 	 	 0.2000 	 4.1032 	 0.2680
[2025/10/15 05:56:24] - ==> Building model..
[2025/10/15 05:56:44] - Test Loss 	 Test Acc 	 PGD Loss 	 PGD Acc
[2025/10/15 05:56:44] - 2.5874 	 	 0.4998 	 2.8822 	 0.2710
[2025/10/15 05:57:26] - 32 	 20.9 	 	 0.2000 	 4.1015 	 0.2666
[2025/10/15 05:57:26] - ==> Building model..
[2025/10/15 05:57:49] - Test Loss 	 Test Acc 	 PGD Loss 	 PGD Acc
[2025/10/15 05:57:49] - 2.5821 	 	 0.5021 	 2.8788 	 0.2726
[2025/10/15 05:58:32] - 33 	 21.2 	 	 0.2000 	 4.1012 	 0.2688
[2025/10/15 05:58:32] - ==> Building model..
[2025/10/15 05:58:54] - Test Loss 	 Test Acc 	 PGD Loss 	 PGD Acc
[2025/10/15 05:58:54] - 2.5726 	 	 0.5032 	 2.8717 	 0.2739
[2025/10/15 05:59:36] - 34 	 20.4 	 	 0.2000 	 4.1002 	 0.2677
[2025/10/15 05:59:36] - ==> Building model..
[2025/10/15 05:59:55] - Test Loss 	 Test Acc 	 PGD Loss 	 PGD Acc
[2025/10/15 05:59:55] - 2.5742 	 	 0.5029 	 2.8738 	 0.2728
[2025/10/15 06:00:36] - 35 	 19.6 	 	 0.2000 	 4.0974 	 0.2731
[2025/10/15 06:00:36] - ==> Building model..
[2025/10/15 06:00:58] - Test Loss 	 Test Acc 	 PGD Loss 	 PGD Acc
[2025/10/15 06:00:58] - 2.5705 	 	 0.5028 	 2.8714 	 0.2723
[2025/10/15 06:01:39] - 36 	 20.2 	 	 0.2000 	 4.0971 	 0.2720
[2025/10/15 06:01:39] - ==> Building model..
[2025/10/15 06:02:01] - Test Loss 	 Test Acc 	 PGD Loss 	 PGD Acc
[2025/10/15 06:02:01] - 2.5647 	 	 0.5044 	 2.8670 	 0.2752
[2025/10/15 06:02:44] - 37 	 21.7 	 	 0.2000 	 4.0972 	 0.2694
[2025/10/15 06:02:44] - ==> Building model..
[2025/10/15 06:03:06] - Test Loss 	 Test Acc 	 PGD Loss 	 PGD Acc
[2025/10/15 06:03:06] - 2.5619 	 	 0.5069 	 2.8652 	 0.2744
[2025/10/15 06:03:48] - 38 	 20.2 	 	 0.2000 	 4.0946 	 0.2710
[2025/10/15 06:03:48] - ==> Building model..
[2025/10/15 06:04:08] - Test Loss 	 Test Acc 	 PGD Loss 	 PGD Acc
[2025/10/15 06:04:08] - 2.5569 	 	 0.5102 	 2.8612 	 0.2754
[2025/10/15 06:04:49] - 39 	 20.0 	 	 0.2000 	 4.0946 	 0.2720
[2025/10/15 06:04:49] - ==> Building model..
[2025/10/15 06:05:11] - Test Loss 	 Test Acc 	 PGD Loss 	 PGD Acc
[2025/10/15 06:05:11] - 2.5565 	 	 0.5094 	 2.8606 	 0.2748
[2025/10/15 06:05:53] - 40 	 20.6 	 	 0.2000 	 4.0946 	 0.2719
[2025/10/15 06:05:53] - ==> Building model..
[2025/10/15 06:06:15] - Test Loss 	 Test Acc 	 PGD Loss 	 PGD Acc
[2025/10/15 06:06:15] - 2.5544 	 	 0.5100 	 2.8584 	 0.2756
[2025/10/15 06:06:58] - 41 	 21.8 	 	 0.2000 	 4.0944 	 0.2723
[2025/10/15 06:06:58] - ==> Building model..
[2025/10/15 06:07:19] - Test Loss 	 Test Acc 	 PGD Loss 	 PGD Acc
[2025/10/15 06:07:19] - 2.5540 	 	 0.5116 	 2.8578 	 0.2740
[2025/10/15 06:07:59] - 42 	 19.2 	 	 0.2000 	 4.0955 	 0.2703
[2025/10/15 06:07:59] - ==> Building model..
[2025/10/15 06:08:22] - Test Loss 	 Test Acc 	 PGD Loss 	 PGD Acc
[2025/10/15 06:08:22] - 2.5523 	 	 0.5126 	 2.8570 	 0.2750
[2025/10/15 06:09:04] - 43 	 21.3 	 	 0.2000 	 4.0937 	 0.2719
[2025/10/15 06:09:04] - ==> Building model..
[2025/10/15 06:09:26] - Test Loss 	 Test Acc 	 PGD Loss 	 PGD Acc
[2025/10/15 06:09:26] - 2.5498 	 	 0.5143 	 2.8548 	 0.2758
[2025/10/15 06:10:07] - 44 	 19.7 	 	 0.2000 	 4.0939 	 0.2726
[2025/10/15 06:10:07] - ==> Building model..
[2025/10/15 06:10:28] - Test Loss 	 Test Acc 	 PGD Loss 	 PGD Acc
[2025/10/15 06:10:28] - 2.5473 	 	 0.5154 	 2.8532 	 0.2760
[2025/10/15 06:11:09] - 45 	 19.4 	 	 0.2000 	 4.0912 	 0.2751
[2025/10/15 06:11:09] - ==> Building model..
[2025/10/15 06:11:30] - Test Loss 	 Test Acc 	 PGD Loss 	 PGD Acc
[2025/10/15 06:11:30] - 2.5456 	 	 0.5138 	 2.8508 	 0.2784
[2025/10/15 06:12:11] - 46 	 19.6 	 	 0.2000 	 4.0888 	 0.2749
[2025/10/15 06:12:11] - ==> Building model..
[2025/10/15 06:12:32] - Test Loss 	 Test Acc 	 PGD Loss 	 PGD Acc
[2025/10/15 06:12:32] - 2.5449 	 	 0.5150 	 2.8509 	 0.2773
[2025/10/15 06:13:15] - 47 	 21.1 	 	 0.2000 	 4.0913 	 0.2730
[2025/10/15 06:13:15] - ==> Building model..
[2025/10/15 06:13:37] - Test Loss 	 Test Acc 	 PGD Loss 	 PGD Acc
[2025/10/15 06:13:37] - 2.5447 	 	 0.5151 	 2.8510 	 0.2783
[2025/10/15 06:14:19] - 48 	 20.4 	 	 0.2000 	 4.0882 	 0.2771
[2025/10/15 06:14:19] - ==> Building model..
[2025/10/15 06:14:39] - Test Loss 	 Test Acc 	 PGD Loss 	 PGD Acc
[2025/10/15 06:14:39] - 2.5451 	 	 0.5150 	 2.8514 	 0.2782
[2025/10/15 06:15:20] - 49 	 19.8 	 	 0.2000 	 4.0885 	 0.2768
[2025/10/15 06:15:20] - ==> Building model..
[2025/10/15 06:15:42] - Test Loss 	 Test Acc 	 PGD Loss 	 PGD Acc
[2025/10/15 06:15:42] - 2.5464 	 	 0.5148 	 2.8519 	 0.2784
[2025/10/15 06:16:25] - 50 	 20.6 	 	 0.2000 	 4.0891 	 0.2748
[2025/10/15 06:16:25] - ==> Building model..
[2025/10/15 06:16:47] - Test Loss 	 Test Acc 	 PGD Loss 	 PGD Acc
[2025/10/15 06:16:47] - 2.5417 	 	 0.5157 	 2.8483 	 0.2796
[2025/10/15 06:17:29] - 51 	 20.9 	 	 0.2000 	 4.0891 	 0.2750
[2025/10/15 06:17:29] - ==> Building model..
[2025/10/15 06:17:48] - Test Loss 	 Test Acc 	 PGD Loss 	 PGD Acc
[2025/10/15 06:17:48] - 2.5403 	 	 0.5160 	 2.8472 	 0.2797
[2025/10/15 06:18:27] - 52 	 19.1 	 	 0.2000 	 4.0904 	 0.2749
[2025/10/15 06:18:27] - ==> Building model..
[2025/10/15 06:18:48] - Test Loss 	 Test Acc 	 PGD Loss 	 PGD Acc
[2025/10/15 06:18:48] - 2.5392 	 	 0.5161 	 2.8465 	 0.2792
[2025/10/15 06:19:26] - 53 	 19.3 	 	 0.2000 	 4.0892 	 0.2782
[2025/10/15 06:19:26] - ==> Building model..
[2025/10/15 06:19:49] - Test Loss 	 Test Acc 	 PGD Loss 	 PGD Acc
[2025/10/15 06:19:49] - 2.5402 	 	 0.5152 	 2.8470 	 0.2775
[2025/10/15 06:20:31] - 54 	 20.9 	 	 0.2000 	 4.0914 	 0.2758
[2025/10/15 06:20:31] - ==> Building model..
[2025/10/15 06:20:53] - Test Loss 	 Test Acc 	 PGD Loss 	 PGD Acc
[2025/10/15 06:20:53] - 2.5405 	 	 0.5159 	 2.8479 	 0.2784
[2025/10/15 06:21:35] - 55 	 20.0 	 	 0.2000 	 4.0910 	 0.2757
[2025/10/15 06:21:35] - ==> Building model..
[2025/10/15 06:21:57] - Test Loss 	 Test Acc 	 PGD Loss 	 PGD Acc
[2025/10/15 06:21:57] - 2.5445 	 	 0.5163 	 2.8508 	 0.2794
[2025/10/15 06:22:37] - 56 	 19.3 	 	 0.2000 	 4.0922 	 0.2759
[2025/10/15 06:22:37] - ==> Building model..
[2025/10/15 06:22:58] - Test Loss 	 Test Acc 	 PGD Loss 	 PGD Acc
[2025/10/15 06:22:58] - 2.5473 	 	 0.5171 	 2.8534 	 0.2801
[2025/10/15 06:23:37] - 57 	 19.2 	 	 0.2000 	 4.0937 	 0.2784
[2025/10/15 06:23:37] - ==> Building model..
[2025/10/15 06:23:55] - Test Loss 	 Test Acc 	 PGD Loss 	 PGD Acc
[2025/10/15 06:23:55] - 2.5511 	 	 0.5171 	 2.8558 	 0.2795
[2025/10/15 06:24:34] - 58 	 19.6 	 	 0.2000 	 4.0937 	 0.2796
[2025/10/15 06:24:34] - ==> Building model..
[2025/10/15 06:24:56] - Test Loss 	 Test Acc 	 PGD Loss 	 PGD Acc
[2025/10/15 06:24:56] - 2.5595 	 	 0.5157 	 2.8620 	 0.2790
[2025/10/15 06:25:34] - 59 	 19.4 	 	 0.2000 	 4.0949 	 0.2761
[2025/10/15 06:25:34] - ==> Building model..
[2025/10/15 06:25:55] - Test Loss 	 Test Acc 	 PGD Loss 	 PGD Acc
[2025/10/15 06:25:55] - 2.5646 	 	 0.5139 	 2.8648 	 0.2792
[2025/10/15 06:26:36] - 60 	 20.7 	 	 0.2000 	 4.0926 	 0.2790
[2025/10/15 06:26:36] - ==> Building model..
[2025/10/15 06:26:57] - Test Loss 	 Test Acc 	 PGD Loss 	 PGD Acc
[2025/10/15 06:26:57] - 2.5668 	 	 0.5154 	 2.8669 	 0.2789
[2025/10/15 06:27:37] - 61 	 20.8 	 	 0.2000 	 4.0938 	 0.2746
[2025/10/15 06:27:37] - ==> Building model..
[2025/10/15 06:27:58] - Test Loss 	 Test Acc 	 PGD Loss 	 PGD Acc
[2025/10/15 06:27:58] - 2.5696 	 	 0.5160 	 2.8679 	 0.2801
[2025/10/15 06:28:36] - 62 	 18.2 	 	 0.2000 	 4.0925 	 0.2801
[2025/10/15 06:28:36] - ==> Building model..
[2025/10/15 06:28:58] - Test Loss 	 Test Acc 	 PGD Loss 	 PGD Acc
[2025/10/15 06:28:58] - 2.5705 	 	 0.5159 	 2.8680 	 0.2805
[2025/10/15 06:29:37] - 63 	 18.6 	 	 0.2000 	 4.0940 	 0.2757
[2025/10/15 06:29:37] - ==> Building model..
[2025/10/15 06:29:55] - Test Loss 	 Test Acc 	 PGD Loss 	 PGD Acc
[2025/10/15 06:29:55] - 2.5717 	 	 0.5159 	 2.8681 	 0.2798
[2025/10/15 06:30:31] - 64 	 17.1 	 	 0.2000 	 4.0914 	 0.2790
[2025/10/15 06:30:31] - ==> Building model..
[2025/10/15 06:30:50] - Test Loss 	 Test Acc 	 PGD Loss 	 PGD Acc
[2025/10/15 06:30:50] - 2.5731 	 	 0.5158 	 2.8690 	 0.2796
[2025/10/15 06:31:30] - 65 	 20.9 	 	 0.2000 	 4.0924 	 0.2777
[2025/10/15 06:31:30] - ==> Building model..
[2025/10/15 06:31:52] - Test Loss 	 Test Acc 	 PGD Loss 	 PGD Acc
[2025/10/15 06:31:52] - 2.5758 	 	 0.5148 	 2.8708 	 0.2800
[2025/10/15 06:32:32] - 66 	 20.8 	 	 0.2000 	 4.0919 	 0.2791
[2025/10/15 06:32:32] - ==> Building model..
[2025/10/15 06:32:53] - Test Loss 	 Test Acc 	 PGD Loss 	 PGD Acc
[2025/10/15 06:32:53] - 2.5775 	 	 0.5162 	 2.8738 	 0.2811
[2025/10/15 06:33:30] - 67 	 17.9 	 	 0.2000 	 4.0919 	 0.2782
[2025/10/15 06:33:30] - ==> Building model..
[2025/10/15 06:33:51] - Test Loss 	 Test Acc 	 PGD Loss 	 PGD Acc
[2025/10/15 06:33:51] - 2.5783 	 	 0.5166 	 2.8743 	 0.2812
[2025/10/15 06:34:30] - 68 	 19.5 	 	 0.2000 	 4.0919 	 0.2775
[2025/10/15 06:34:30] - ==> Building model..
[2025/10/15 06:34:52] - Test Loss 	 Test Acc 	 PGD Loss 	 PGD Acc
[2025/10/15 06:34:52] - 2.5797 	 	 0.5175 	 2.8747 	 0.2807
[2025/10/15 06:35:32] - 69 	 20.9 	 	 0.2000 	 4.0928 	 0.2781
[2025/10/15 06:35:32] - ==> Building model..
[2025/10/15 06:35:54] - Test Loss 	 Test Acc 	 PGD Loss 	 PGD Acc
[2025/10/15 06:35:54] - 2.5817 	 	 0.5169 	 2.8757 	 0.2816
[2025/10/15 06:36:35] - 70 	 20.7 	 	 0.2000 	 4.0927 	 0.2784
[2025/10/15 06:36:35] - ==> Building model..
[2025/10/15 06:36:57] - Test Loss 	 Test Acc 	 PGD Loss 	 PGD Acc
[2025/10/15 06:36:57] - 2.5834 	 	 0.5167 	 2.8771 	 0.2817
[2025/10/15 06:37:35] - 71 	 19.0 	 	 0.2000 	 4.0924 	 0.2795
[2025/10/15 06:37:35] - ==> Building model..
[2025/10/15 06:37:57] - Test Loss 	 Test Acc 	 PGD Loss 	 PGD Acc
[2025/10/15 06:37:57] - 2.5852 	 	 0.5160 	 2.8782 	 0.2811
[2025/10/15 06:38:36] - 72 	 19.6 	 	 0.2000 	 4.0923 	 0.2759
[2025/10/15 06:38:36] - ==> Building model..
[2025/10/15 06:38:56] - Test Loss 	 Test Acc 	 PGD Loss 	 PGD Acc
[2025/10/15 06:38:56] - 2.5876 	 	 0.5138 	 2.8799 	 0.2801
[2025/10/15 06:39:32] - 73 	 17.0 	 	 0.2000 	 4.0916 	 0.2771
[2025/10/15 06:39:32] - ==> Building model..
[2025/10/15 06:39:51] - Test Loss 	 Test Acc 	 PGD Loss 	 PGD Acc
[2025/10/15 06:39:51] - 2.5907 	 	 0.5141 	 2.8817 	 0.2797
[2025/10/15 06:40:27] - 74 	 17.4 	 	 0.2000 	 4.0923 	 0.2772
[2025/10/15 06:40:27] - ==> Building model..
[2025/10/15 06:40:47] - Test Loss 	 Test Acc 	 PGD Loss 	 PGD Acc
[2025/10/15 06:40:47] - 2.5922 	 	 0.5138 	 2.8829 	 0.2801
[2025/10/15 06:41:23] - 75 	 17.7 	 	 0.2000 	 4.0919 	 0.2793
[2025/10/15 06:41:23] - ==> Building model..
[2025/10/15 06:41:44] - Test Loss 	 Test Acc 	 PGD Loss 	 PGD Acc
[2025/10/15 06:41:44] - 2.5914 	 	 0.5140 	 2.8821 	 0.2802
[2025/10/15 06:42:23] - 76 	 19.4 	 	 0.2000 	 4.0921 	 0.2776
[2025/10/15 06:42:23] - ==> Building model..
[2025/10/15 06:42:44] - Test Loss 	 Test Acc 	 PGD Loss 	 PGD Acc
[2025/10/15 06:42:44] - 2.5921 	 	 0.5143 	 2.8832 	 0.2797
[2025/10/15 06:43:25] - 77 	 21.1 	 	 0.2000 	 4.0915 	 0.2786
[2025/10/15 06:43:25] - ==> Building model..
[2025/10/15 06:43:45] - Test Loss 	 Test Acc 	 PGD Loss 	 PGD Acc
[2025/10/15 06:43:45] - 2.5927 	 	 0.5148 	 2.8835 	 0.2805
[2025/10/15 06:44:22] - 78 	 18.0 	 	 0.2000 	 4.0915 	 0.2778
[2025/10/15 06:44:22] - ==> Building model..
[2025/10/15 06:44:43] - Test Loss 	 Test Acc 	 PGD Loss 	 PGD Acc
[2025/10/15 06:44:43] - 2.5921 	 	 0.5156 	 2.8824 	 0.2788
[2025/10/15 06:45:20] - 79 	 18.6 	 	 0.2000 	 4.0910 	 0.2763
[2025/10/15 06:45:20] - ==> Building model..
[2025/10/15 06:45:42] - Test Loss 	 Test Acc 	 PGD Loss 	 PGD Acc
[2025/10/15 06:45:42] - 2.5909 	 	 0.5167 	 2.8815 	 0.2809
[2025/10/15 06:46:21] - 80 	 19.4 	 	 0.2000 	 4.0902 	 0.2787
[2025/10/15 06:46:21] - ==> Building model..
[2025/10/15 06:46:42] - Test Loss 	 Test Acc 	 PGD Loss 	 PGD Acc
[2025/10/15 06:46:42] - 2.5917 	 	 0.5168 	 2.8822 	 0.2808
[2025/10/15 06:47:22] - 81 	 19.8 	 	 0.2000 	 4.0918 	 0.2774
[2025/10/15 06:47:22] - ==> Building model..
[2025/10/15 06:47:42] - Test Loss 	 Test Acc 	 PGD Loss 	 PGD Acc
[2025/10/15 06:47:42] - 2.5917 	 	 0.5164 	 2.8817 	 0.2808
[2025/10/15 06:48:20] - 82 	 18.8 	 	 0.2000 	 4.0918 	 0.2795
[2025/10/15 06:48:20] - ==> Building model..
[2025/10/15 06:48:38] - Test Loss 	 Test Acc 	 PGD Loss 	 PGD Acc
[2025/10/15 06:48:38] - 2.5906 	 	 0.5162 	 2.8811 	 0.2813
[2025/10/15 06:49:18] - 83 	 19.7 	 	 0.2000 	 4.0891 	 0.2814
[2025/10/15 06:49:18] - ==> Building model..
[2025/10/15 06:49:39] - Test Loss 	 Test Acc 	 PGD Loss 	 PGD Acc
[2025/10/15 06:49:39] - 2.5916 	 	 0.5163 	 2.8817 	 0.2825
[2025/10/15 06:50:19] - 84 	 19.7 	 	 0.2000 	 4.0912 	 0.2772
[2025/10/15 06:50:19] - ==> Building model..
[2025/10/15 06:50:39] - Test Loss 	 Test Acc 	 PGD Loss 	 PGD Acc
[2025/10/15 06:50:39] - 2.5925 	 	 0.5169 	 2.8829 	 0.2827
[2025/10/15 06:51:16] - 85 	 17.4 	 	 0.2000 	 4.0924 	 0.2779
[2025/10/15 06:51:16] - ==> Building model..
[2025/10/15 06:51:37] - Test Loss 	 Test Acc 	 PGD Loss 	 PGD Acc
[2025/10/15 06:51:37] - 2.5932 	 	 0.5151 	 2.8825 	 0.2831
[2025/10/15 06:52:17] - 86 	 19.6 	 	 0.2000 	 4.0905 	 0.2796
[2025/10/15 06:52:17] - ==> Building model..
[2025/10/15 06:52:37] - Test Loss 	 Test Acc 	 PGD Loss 	 PGD Acc
[2025/10/15 06:52:37] - 2.5930 	 	 0.5147 	 2.8823 	 0.2832
[2025/10/15 06:53:15] - 87 	 19.1 	 	 0.2000 	 4.0896 	 0.2813
[2025/10/15 06:53:15] - ==> Building model..
[2025/10/15 06:53:37] - Test Loss 	 Test Acc 	 PGD Loss 	 PGD Acc
[2025/10/15 06:53:37] - 2.5927 	 	 0.5154 	 2.8826 	 0.2835
[2025/10/15 06:54:21] - 88 	 22.2 	 	 0.2000 	 4.0927 	 0.2763
[2025/10/15 06:54:21] - ==> Building model..
[2025/10/15 06:54:43] - Test Loss 	 Test Acc 	 PGD Loss 	 PGD Acc
[2025/10/15 06:54:43] - 2.5937 	 	 0.5164 	 2.8832 	 0.2832
[2025/10/15 06:55:23] - 89 	 20.2 	 	 0.2000 	 4.0906 	 0.2793
[2025/10/15 06:55:23] - ==> Building model..
[2025/10/15 06:55:45] - Test Loss 	 Test Acc 	 PGD Loss 	 PGD Acc
[2025/10/15 06:55:45] - 2.5940 	 	 0.5174 	 2.8830 	 0.2823
[2025/10/15 06:56:24] - 90 	 20.6 	 	 0.0200 	 3.9949 	 0.3410
[2025/10/15 06:56:24] - ==> Building model..
[2025/10/15 06:56:39] - Test Loss 	 Test Acc 	 PGD Loss 	 PGD Acc
[2025/10/15 06:56:39] - 2.5909 	 	 0.5175 	 2.8807 	 0.2817
[2025/10/15 06:57:16] - 91 	 17.1 	 	 0.0200 	 3.9013 	 0.4018
[2025/10/15 06:57:16] - ==> Building model..
[2025/10/15 06:57:37] - Test Loss 	 Test Acc 	 PGD Loss 	 PGD Acc
[2025/10/15 06:57:37] - 2.5895 	 	 0.5176 	 2.8801 	 0.2822
[2025/10/15 06:58:14] - 92 	 18.6 	 	 0.0200 	 3.8757 	 0.4187
[2025/10/15 06:58:14] - ==> Building model..
[2025/10/15 06:58:36] - Test Loss 	 Test Acc 	 PGD Loss 	 PGD Acc
[2025/10/15 06:58:36] - 2.5892 	 	 0.5179 	 2.8798 	 0.2829
[2025/10/15 06:59:14] - 93 	 20.2 	 	 0.0200 	 3.8584 	 0.4312
[2025/10/15 06:59:14] - ==> Building model..
[2025/10/15 06:59:34] - Test Loss 	 Test Acc 	 PGD Loss 	 PGD Acc
[2025/10/15 06:59:34] - 2.5901 	 	 0.5182 	 2.8805 	 0.2821
[2025/10/15 07:00:11] - 94 	 18.0 	 	 0.0200 	 3.8428 	 0.4427
[2025/10/15 07:00:11] - ==> Building model..
[2025/10/15 07:00:27] - Test Loss 	 Test Acc 	 PGD Loss 	 PGD Acc
[2025/10/15 07:00:27] - 2.5924 	 	 0.5182 	 2.8830 	 0.2821
[2025/10/15 07:01:08] - 95 	 20.5 	 	 0.0200 	 3.8309 	 0.4511
[2025/10/15 07:01:08] - ==> Building model..
[2025/10/15 07:01:25] - Test Loss 	 Test Acc 	 PGD Loss 	 PGD Acc
[2025/10/15 07:01:25] - 2.5950 	 	 0.5185 	 2.8851 	 0.2828
[2025/10/15 07:02:03] - 96 	 19.1 	 	 0.0200 	 3.8209 	 0.4591
[2025/10/15 07:02:03] - ==> Building model..
[2025/10/15 07:02:24] - Test Loss 	 Test Acc 	 PGD Loss 	 PGD Acc
[2025/10/15 07:02:24] - 2.5972 	 	 0.5187 	 2.8863 	 0.2827
[2025/10/15 07:03:02] - 97 	 18.9 	 	 0.0200 	 3.8117 	 0.4670
[2025/10/15 07:03:02] - ==> Building model..
[2025/10/15 07:03:25] - Test Loss 	 Test Acc 	 PGD Loss 	 PGD Acc
[2025/10/15 07:03:25] - 2.6010 	 	 0.5177 	 2.8899 	 0.2828
[2025/10/15 07:04:00] - 98 	 17.0 	 	 0.0200 	 3.8040 	 0.4719
[2025/10/15 07:04:00] - ==> Building model..
[2025/10/15 07:04:22] - Test Loss 	 Test Acc 	 PGD Loss 	 PGD Acc
[2025/10/15 07:04:22] - 2.6033 	 	 0.5175 	 2.8913 	 0.2823
[2025/10/15 07:05:01] - 99 	 19.5 	 	 0.0200 	 3.7967 	 0.4764
[2025/10/15 07:05:01] - ==> Building model..
[2025/10/15 07:05:22] - Test Loss 	 Test Acc 	 PGD Loss 	 PGD Acc
[2025/10/15 07:05:22] - 2.6059 	 	 0.5170 	 2.8937 	 0.2827
[2025/10/15 07:05:22] - [0.0865, 0.1462, 0.1905, 0.2326, 0.262, 0.2982, 0.3441, 0.3746, 0.4002, 0.4124, 0.427, 0.4378, 0.447, 0.4532, 0.4595, 0.4648, 0.4697, 0.471, 0.4747, 0.4794, 0.4842, 0.4849, 0.4872, 0.4889, 0.4885, 0.4945, 0.4946, 0.4957, 0.4976, 0.5002, 0.4994, 0.4998, 0.5021, 0.5032, 0.5029, 0.5028, 0.5044, 0.5069, 0.5102, 0.5094, 0.51, 0.5116, 0.5126, 0.5143, 0.5154, 0.5138, 0.515, 0.5151, 0.515, 0.5148, 0.5157, 0.516, 0.5161, 0.5152, 0.5159, 0.5163, 0.5171, 0.5171, 0.5157, 0.5139, 0.5154, 0.516, 0.5159, 0.5159, 0.5158, 0.5148, 0.5162, 0.5166, 0.5175, 0.5169, 0.5167, 0.516, 0.5138, 0.5141, 0.5138, 0.514, 0.5143, 0.5148, 0.5156, 0.5167, 0.5168, 0.5164, 0.5162, 0.5163, 0.5169, 0.5151, 0.5147, 0.5154, 0.5164, 0.5174, 0.5175, 0.5176, 0.5179, 0.5182, 0.5182, 0.5185, 0.5187, 0.5177, 0.5175, 0.517]
[2025/10/15 07:05:22] - [0.0568, 0.0923, 0.1202, 0.1422, 0.1584, 0.1772, 0.1903, 0.2039, 0.2147, 0.2203, 0.2305, 0.2347, 0.2382, 0.2418, 0.2462, 0.2508, 0.2531, 0.253, 0.2566, 0.2583, 0.2594, 0.2603, 0.2617, 0.2624, 0.2629, 0.2651, 0.2666, 0.2679, 0.2678, 0.2712, 0.2702, 0.271, 0.2726, 0.2739, 0.2728, 0.2723, 0.2752, 0.2744, 0.2754, 0.2748, 0.2756, 0.274, 0.275, 0.2758, 0.276, 0.2784, 0.2773, 0.2783, 0.2782, 0.2784, 0.2796, 0.2797, 0.2792, 0.2775, 0.2784, 0.2794, 0.2801, 0.2795, 0.279, 0.2792, 0.2789, 0.2801, 0.2805, 0.2798, 0.2796, 0.28, 0.2811, 0.2812, 0.2807, 0.2816, 0.2817, 0.2811, 0.2801, 0.2797, 0.2801, 0.2802, 0.2797, 0.2805, 0.2788, 0.2809, 0.2808, 0.2808, 0.2813, 0.2825, 0.2827, 0.2831, 0.2832, 0.2835, 0.2832, 0.2823, 0.2817, 0.2822, 0.2829, 0.2821, 0.2821, 0.2828, 0.2827, 0.2828, 0.2823, 0.2827]
