[2025/10/20 10:10:32] - Namespace(batch_size=128, data_dir='cifar-data', epochs=110, lr_schedule='multistep', lr_min=0.0, lr_max=0.2, weight_decay=0.0005, momentum=0.9, model='ResNet18', epsilon=8, alpha=8, delta_init='random', normal_mean=0, normal_std=1, out_dir='runs/beta_0.6/lam_42/lscale_0.1/seed_1', seed=1, lamda=42.0, lam_scale=0.1, lam_start=50, gamma=0.05, inner_gamma=0.05, beta=0.6, mu=3.5, batch_m=0.75, early_stop=False, factor=0.5, length=4, n_holes=1, c_num=0.125, EMA_value=0.55)
[2025/10/20 10:10:33] - ==> Building model..
[2025/10/20 10:10:33] - Epoch 	 Seconds 	 LR 	 	 Train Loss 	 Train Acc
[2025/10/20 10:11:25] - 0 	 28.1 	 	 0.2000 	 4.5676 	 0.0391
[2025/10/20 10:11:25] - ==> Building model..
[2025/10/20 10:11:47] - Test Loss 	 Test Acc 	 PGD Loss 	 PGD Acc
[2025/10/20 10:11:47] - 4.2379 	 	 0.0842 	 4.2509 	 0.0541
[2025/10/20 10:12:37] - 1 	 25.9 	 	 0.2000 	 4.4604 	 0.0766
[2025/10/20 10:12:37] - ==> Building model..
[2025/10/20 10:13:04] - Test Loss 	 Test Acc 	 PGD Loss 	 PGD Acc
[2025/10/20 10:13:04] - 4.0955 	 	 0.1318 	 4.1198 	 0.0849
[2025/10/20 10:13:53] - 2 	 25.5 	 	 0.2000 	 4.4057 	 0.1035
[2025/10/20 10:13:53] - ==> Building model..
[2025/10/20 10:14:19] - Test Loss 	 Test Acc 	 PGD Loss 	 PGD Acc
[2025/10/20 10:14:19] - 4.0026 	 	 0.1662 	 4.0407 	 0.1026
[2025/10/20 10:15:09] - 3 	 26.1 	 	 0.2000 	 4.3565 	 0.1290
[2025/10/20 10:15:09] - ==> Building model..
[2025/10/20 10:15:35] - Test Loss 	 Test Acc 	 PGD Loss 	 PGD Acc
[2025/10/20 10:15:35] - 3.7803 	 	 0.2269 	 3.8462 	 0.1347
[2025/10/20 10:16:25] - 4 	 25.9 	 	 0.2000 	 4.3159 	 0.1497
[2025/10/20 10:16:25] - ==> Building model..
[2025/10/20 10:16:51] - Test Loss 	 Test Acc 	 PGD Loss 	 PGD Acc
[2025/10/20 10:16:51] - 3.6059 	 	 0.2711 	 3.6974 	 0.1597
[2025/10/20 10:17:41] - 5 	 25.7 	 	 0.2000 	 4.2773 	 0.1697
[2025/10/20 10:17:41] - ==> Building model..
[2025/10/20 10:18:07] - Test Loss 	 Test Acc 	 PGD Loss 	 PGD Acc
[2025/10/20 10:18:07] - 3.3723 	 	 0.3153 	 3.4969 	 0.1802
[2025/10/20 10:18:56] - 6 	 25.5 	 	 0.2000 	 4.2462 	 0.1884
[2025/10/20 10:18:56] - ==> Building model..
[2025/10/20 10:19:23] - Test Loss 	 Test Acc 	 PGD Loss 	 PGD Acc
[2025/10/20 10:19:23] - 3.2139 	 	 0.3516 	 3.3662 	 0.1946
[2025/10/20 10:20:14] - 7 	 27.4 	 	 0.2000 	 4.2228 	 0.1991
[2025/10/20 10:20:14] - ==> Building model..
[2025/10/20 10:20:40] - Test Loss 	 Test Acc 	 PGD Loss 	 PGD Acc
[2025/10/20 10:20:40] - 3.0725 	 	 0.3778 	 3.2490 	 0.2047
[2025/10/20 10:21:31] - 8 	 26.5 	 	 0.2000 	 4.2056 	 0.2079
[2025/10/20 10:21:31] - ==> Building model..
[2025/10/20 10:21:56] - Test Loss 	 Test Acc 	 PGD Loss 	 PGD Acc
[2025/10/20 10:21:56] - 2.9797 	 	 0.4014 	 3.1767 	 0.2151
[2025/10/20 10:22:44] - 9 	 25.7 	 	 0.2000 	 4.1905 	 0.2174
[2025/10/20 10:22:44] - ==> Building model..
[2025/10/20 10:23:10] - Test Loss 	 Test Acc 	 PGD Loss 	 PGD Acc
[2025/10/20 10:23:10] - 2.9162 	 	 0.4169 	 3.1283 	 0.2225
[2025/10/20 10:23:58] - 10 	 26.1 	 	 0.2000 	 4.1810 	 0.2217
[2025/10/20 10:23:58] - ==> Building model..
[2025/10/20 10:24:24] - Test Loss 	 Test Acc 	 PGD Loss 	 PGD Acc
[2025/10/20 10:24:24] - 2.8584 	 	 0.4305 	 3.0826 	 0.2279
[2025/10/20 10:25:13] - 11 	 25.8 	 	 0.2000 	 4.1702 	 0.2289
[2025/10/20 10:25:13] - ==> Building model..
[2025/10/20 10:25:39] - Test Loss 	 Test Acc 	 PGD Loss 	 PGD Acc
[2025/10/20 10:25:39] - 2.8218 	 	 0.4371 	 3.0553 	 0.2329
[2025/10/20 10:26:25] - 12 	 25.2 	 	 0.2000 	 4.1619 	 0.2339
[2025/10/20 10:26:25] - ==> Building model..
[2025/10/20 10:26:50] - Test Loss 	 Test Acc 	 PGD Loss 	 PGD Acc
[2025/10/20 10:26:50] - 2.7987 	 	 0.4420 	 3.0382 	 0.2362
[2025/10/20 10:27:35] - 13 	 24.0 	 	 0.2000 	 4.1558 	 0.2341
[2025/10/20 10:27:35] - ==> Building model..
[2025/10/20 10:28:00] - Test Loss 	 Test Acc 	 PGD Loss 	 PGD Acc
[2025/10/20 10:28:00] - 2.7723 	 	 0.4515 	 3.0186 	 0.2422
[2025/10/20 10:28:46] - 14 	 25.4 	 	 0.2000 	 4.1489 	 0.2425
[2025/10/20 10:28:46] - ==> Building model..
[2025/10/20 10:29:11] - Test Loss 	 Test Acc 	 PGD Loss 	 PGD Acc
[2025/10/20 10:29:11] - 2.7469 	 	 0.4576 	 3.0000 	 0.2440
[2025/10/20 10:29:59] - 15 	 24.8 	 	 0.2000 	 4.1454 	 0.2429
[2025/10/20 10:29:59] - ==> Building model..
[2025/10/20 10:30:24] - Test Loss 	 Test Acc 	 PGD Loss 	 PGD Acc
[2025/10/20 10:30:24] - 2.7285 	 	 0.4615 	 2.9870 	 0.2459
[2025/10/20 10:31:15] - 16 	 26.5 	 	 0.2000 	 4.1400 	 0.2457
[2025/10/20 10:31:15] - ==> Building model..
[2025/10/20 10:31:41] - Test Loss 	 Test Acc 	 PGD Loss 	 PGD Acc
[2025/10/20 10:31:41] - 2.7102 	 	 0.4651 	 2.9739 	 0.2496
[2025/10/20 10:32:29] - 17 	 26.1 	 	 0.2000 	 4.1360 	 0.2489
[2025/10/20 10:32:29] - ==> Building model..
[2025/10/20 10:32:54] - Test Loss 	 Test Acc 	 PGD Loss 	 PGD Acc
[2025/10/20 10:32:54] - 2.6962 	 	 0.4682 	 2.9606 	 0.2502
[2025/10/20 10:33:45] - 18 	 26.6 	 	 0.2000 	 4.1334 	 0.2505
[2025/10/20 10:33:45] - ==> Building model..
[2025/10/20 10:34:10] - Test Loss 	 Test Acc 	 PGD Loss 	 PGD Acc
[2025/10/20 10:34:10] - 2.6756 	 	 0.4741 	 2.9461 	 0.2518
[2025/10/20 10:34:59] - 19 	 25.7 	 	 0.2000 	 4.1299 	 0.2534
[2025/10/20 10:34:59] - ==> Building model..
[2025/10/20 10:35:24] - Test Loss 	 Test Acc 	 PGD Loss 	 PGD Acc
[2025/10/20 10:35:24] - 2.6668 	 	 0.4777 	 2.9398 	 0.2533
[2025/10/20 10:36:15] - 20 	 27.0 	 	 0.2000 	 4.1267 	 0.2537
[2025/10/20 10:36:15] - ==> Building model..
[2025/10/20 10:36:41] - Test Loss 	 Test Acc 	 PGD Loss 	 PGD Acc
[2025/10/20 10:36:41] - 2.6525 	 	 0.4811 	 2.9300 	 0.2562
[2025/10/20 10:37:30] - 21 	 26.7 	 	 0.2000 	 4.1233 	 0.2549
[2025/10/20 10:37:30] - ==> Building model..
[2025/10/20 10:37:55] - Test Loss 	 Test Acc 	 PGD Loss 	 PGD Acc
[2025/10/20 10:37:55] - 2.6418 	 	 0.4826 	 2.9216 	 0.2577
[2025/10/20 10:38:45] - 22 	 27.1 	 	 0.2000 	 4.1186 	 0.2588
[2025/10/20 10:38:45] - ==> Building model..
[2025/10/20 10:39:10] - Test Loss 	 Test Acc 	 PGD Loss 	 PGD Acc
[2025/10/20 10:39:10] - 2.6371 	 	 0.4856 	 2.9186 	 0.2586
[2025/10/20 10:40:01] - 23 	 27.5 	 	 0.2000 	 4.1175 	 0.2596
[2025/10/20 10:40:01] - ==> Building model..
[2025/10/20 10:40:27] - Test Loss 	 Test Acc 	 PGD Loss 	 PGD Acc
[2025/10/20 10:40:27] - 2.6301 	 	 0.4888 	 2.9137 	 0.2605
[2025/10/20 10:41:17] - 24 	 26.6 	 	 0.2000 	 4.1156 	 0.2608
[2025/10/20 10:41:17] - ==> Building model..
[2025/10/20 10:41:43] - Test Loss 	 Test Acc 	 PGD Loss 	 PGD Acc
[2025/10/20 10:41:43] - 2.6244 	 	 0.4900 	 2.9100 	 0.2621
[2025/10/20 10:42:33] - 25 	 26.8 	 	 0.2000 	 4.1158 	 0.2616
[2025/10/20 10:42:33] - ==> Building model..
[2025/10/20 10:42:58] - Test Loss 	 Test Acc 	 PGD Loss 	 PGD Acc
[2025/10/20 10:42:58] - 2.6239 	 	 0.4904 	 2.9091 	 0.2636
[2025/10/20 10:43:49] - 26 	 27.2 	 	 0.2000 	 4.1125 	 0.2630
[2025/10/20 10:43:49] - ==> Building model..
[2025/10/20 10:44:14] - Test Loss 	 Test Acc 	 PGD Loss 	 PGD Acc
[2025/10/20 10:44:14] - 2.6199 	 	 0.4926 	 2.9055 	 0.2640
[2025/10/20 10:45:05] - 27 	 26.8 	 	 0.2000 	 4.1093 	 0.2628
[2025/10/20 10:45:05] - ==> Building model..
[2025/10/20 10:45:30] - Test Loss 	 Test Acc 	 PGD Loss 	 PGD Acc
[2025/10/20 10:45:30] - 2.6123 	 	 0.4941 	 2.9000 	 0.2667
[2025/10/20 10:46:20] - 28 	 26.4 	 	 0.2000 	 4.1088 	 0.2641
[2025/10/20 10:46:20] - ==> Building model..
[2025/10/20 10:46:45] - Test Loss 	 Test Acc 	 PGD Loss 	 PGD Acc
[2025/10/20 10:46:45] - 2.6044 	 	 0.4970 	 2.8935 	 0.2661
[2025/10/20 10:47:36] - 29 	 27.1 	 	 0.2000 	 4.1072 	 0.2674
[2025/10/20 10:47:36] - ==> Building model..
[2025/10/20 10:48:01] - Test Loss 	 Test Acc 	 PGD Loss 	 PGD Acc
[2025/10/20 10:48:01] - 2.5984 	 	 0.4994 	 2.8886 	 0.2679
[2025/10/20 10:48:52] - 30 	 27.0 	 	 0.2000 	 4.1061 	 0.2641
[2025/10/20 10:48:52] - ==> Building model..
[2025/10/20 10:49:18] - Test Loss 	 Test Acc 	 PGD Loss 	 PGD Acc
[2025/10/20 10:49:18] - 2.5936 	 	 0.4999 	 2.8846 	 0.2678
[2025/10/20 10:50:09] - 31 	 26.3 	 	 0.2000 	 4.1037 	 0.2687
[2025/10/20 10:50:09] - ==> Building model..
[2025/10/20 10:50:34] - Test Loss 	 Test Acc 	 PGD Loss 	 PGD Acc
[2025/10/20 10:50:34] - 2.5919 	 	 0.5007 	 2.8838 	 0.2688
[2025/10/20 10:51:24] - 32 	 26.1 	 	 0.2000 	 4.1025 	 0.2690
[2025/10/20 10:51:24] - ==> Building model..
[2025/10/20 10:51:49] - Test Loss 	 Test Acc 	 PGD Loss 	 PGD Acc
[2025/10/20 10:51:49] - 2.5884 	 	 0.5028 	 2.8822 	 0.2685
[2025/10/20 10:52:40] - 33 	 26.4 	 	 0.2000 	 4.1037 	 0.2677
[2025/10/20 10:52:40] - ==> Building model..
[2025/10/20 10:53:06] - Test Loss 	 Test Acc 	 PGD Loss 	 PGD Acc
[2025/10/20 10:53:06] - 2.5855 	 	 0.5033 	 2.8794 	 0.2723
[2025/10/20 10:53:57] - 34 	 26.7 	 	 0.2000 	 4.1015 	 0.2689
[2025/10/20 10:53:57] - ==> Building model..
[2025/10/20 10:54:22] - Test Loss 	 Test Acc 	 PGD Loss 	 PGD Acc
[2025/10/20 10:54:22] - 2.5852 	 	 0.5047 	 2.8804 	 0.2721
[2025/10/20 10:55:13] - 35 	 26.1 	 	 0.2000 	 4.0990 	 0.2711
[2025/10/20 10:55:13] - ==> Building model..
[2025/10/20 10:55:39] - Test Loss 	 Test Acc 	 PGD Loss 	 PGD Acc
[2025/10/20 10:55:39] - 2.5823 	 	 0.5058 	 2.8781 	 0.2726
[2025/10/20 10:56:26] - 36 	 24.3 	 	 0.2000 	 4.1016 	 0.2695
[2025/10/20 10:56:26] - ==> Building model..
[2025/10/20 10:56:51] - Test Loss 	 Test Acc 	 PGD Loss 	 PGD Acc
[2025/10/20 10:56:51] - 2.5798 	 	 0.5045 	 2.8762 	 0.2725
[2025/10/20 10:57:41] - 37 	 26.2 	 	 0.2000 	 4.0982 	 0.2711
[2025/10/20 10:57:41] - ==> Building model..
[2025/10/20 10:58:07] - Test Loss 	 Test Acc 	 PGD Loss 	 PGD Acc
[2025/10/20 10:58:07] - 2.5769 	 	 0.5073 	 2.8727 	 0.2731
[2025/10/20 10:58:56] - 38 	 25.4 	 	 0.2000 	 4.0984 	 0.2701
[2025/10/20 10:58:56] - ==> Building model..
[2025/10/20 10:59:22] - Test Loss 	 Test Acc 	 PGD Loss 	 PGD Acc
[2025/10/20 10:59:22] - 2.5758 	 	 0.5065 	 2.8716 	 0.2728
[2025/10/20 11:00:13] - 39 	 26.3 	 	 0.2000 	 4.0976 	 0.2700
[2025/10/20 11:00:13] - ==> Building model..
[2025/10/20 11:00:38] - Test Loss 	 Test Acc 	 PGD Loss 	 PGD Acc
[2025/10/20 11:00:38] - 2.5834 	 	 0.5043 	 2.8772 	 0.2737
[2025/10/20 11:01:30] - 40 	 26.3 	 	 0.2000 	 4.0973 	 0.2722
[2025/10/20 11:01:30] - ==> Building model..
[2025/10/20 11:01:55] - Test Loss 	 Test Acc 	 PGD Loss 	 PGD Acc
[2025/10/20 11:01:55] - 2.5766 	 	 0.5064 	 2.8728 	 0.2753
[2025/10/20 11:02:46] - 41 	 26.6 	 	 0.2000 	 4.0966 	 0.2698
[2025/10/20 11:02:46] - ==> Building model..
[2025/10/20 11:03:12] - Test Loss 	 Test Acc 	 PGD Loss 	 PGD Acc
[2025/10/20 11:03:12] - 2.5723 	 	 0.5066 	 2.8685 	 0.2762
[2025/10/20 11:04:00] - 42 	 24.9 	 	 0.2000 	 4.0973 	 0.2719
[2025/10/20 11:04:00] - ==> Building model..
[2025/10/20 11:04:25] - Test Loss 	 Test Acc 	 PGD Loss 	 PGD Acc
[2025/10/20 11:04:25] - 2.5693 	 	 0.5076 	 2.8672 	 0.2763
[2025/10/20 11:05:15] - 43 	 25.5 	 	 0.2000 	 4.0939 	 0.2732
[2025/10/20 11:05:15] - ==> Building model..
[2025/10/20 11:05:40] - Test Loss 	 Test Acc 	 PGD Loss 	 PGD Acc
[2025/10/20 11:05:40] - 2.5669 	 	 0.5088 	 2.8654 	 0.2762
[2025/10/20 11:06:25] - 44 	 22.5 	 	 0.2000 	 4.0927 	 0.2749
[2025/10/20 11:06:25] - ==> Building model..
[2025/10/20 11:06:51] - Test Loss 	 Test Acc 	 PGD Loss 	 PGD Acc
[2025/10/20 11:06:51] - 2.5646 	 	 0.5120 	 2.8639 	 0.2775
[2025/10/20 11:07:42] - 45 	 26.2 	 	 0.2000 	 4.0936 	 0.2750
[2025/10/20 11:07:42] - ==> Building model..
[2025/10/20 11:08:08] - Test Loss 	 Test Acc 	 PGD Loss 	 PGD Acc
[2025/10/20 11:08:08] - 2.5656 	 	 0.5106 	 2.8647 	 0.2790
[2025/10/20 11:09:00] - 46 	 25.7 	 	 0.2000 	 4.0928 	 0.2757
[2025/10/20 11:09:00] - ==> Building model..
[2025/10/20 11:09:25] - Test Loss 	 Test Acc 	 PGD Loss 	 PGD Acc
[2025/10/20 11:09:25] - 2.5646 	 	 0.5108 	 2.8633 	 0.2791
[2025/10/20 11:10:15] - 47 	 25.4 	 	 0.2000 	 4.0924 	 0.2767
[2025/10/20 11:10:15] - ==> Building model..
[2025/10/20 11:10:41] - Test Loss 	 Test Acc 	 PGD Loss 	 PGD Acc
[2025/10/20 11:10:41] - 2.5628 	 	 0.5115 	 2.8614 	 0.2796
[2025/10/20 11:11:33] - 48 	 27.3 	 	 0.2000 	 4.0892 	 0.2768
[2025/10/20 11:11:33] - ==> Building model..
[2025/10/20 11:11:59] - Test Loss 	 Test Acc 	 PGD Loss 	 PGD Acc
[2025/10/20 11:11:59] - 2.5605 	 	 0.5127 	 2.8597 	 0.2797
[2025/10/20 11:12:49] - 49 	 25.8 	 	 0.2000 	 4.0920 	 0.2764
[2025/10/20 11:12:49] - ==> Building model..
[2025/10/20 11:13:15] - Test Loss 	 Test Acc 	 PGD Loss 	 PGD Acc
[2025/10/20 11:13:15] - 2.5587 	 	 0.5148 	 2.8588 	 0.2790
[2025/10/20 11:14:05] - 50 	 26.4 	 	 0.2000 	 4.0896 	 0.2760
[2025/10/20 11:14:05] - ==> Building model..
[2025/10/20 11:14:32] - Test Loss 	 Test Acc 	 PGD Loss 	 PGD Acc
[2025/10/20 11:14:32] - 2.5571 	 	 0.5150 	 2.8575 	 0.2797
[2025/10/20 11:15:22] - 51 	 26.9 	 	 0.2000 	 4.0910 	 0.2761
[2025/10/20 11:15:22] - ==> Building model..
[2025/10/20 11:15:48] - Test Loss 	 Test Acc 	 PGD Loss 	 PGD Acc
[2025/10/20 11:15:48] - 2.5560 	 	 0.5149 	 2.8570 	 0.2784
[2025/10/20 11:16:37] - 52 	 25.9 	 	 0.2000 	 4.0924 	 0.2751
[2025/10/20 11:16:37] - ==> Building model..
[2025/10/20 11:17:04] - Test Loss 	 Test Acc 	 PGD Loss 	 PGD Acc
[2025/10/20 11:17:04] - 2.5563 	 	 0.5153 	 2.8572 	 0.2787
[2025/10/20 11:17:53] - 53 	 26.7 	 	 0.2000 	 4.0899 	 0.2754
[2025/10/20 11:17:53] - ==> Building model..
[2025/10/20 11:18:19] - Test Loss 	 Test Acc 	 PGD Loss 	 PGD Acc
[2025/10/20 11:18:19] - 2.5556 	 	 0.5147 	 2.8557 	 0.2798
[2025/10/20 11:19:08] - 54 	 26.3 	 	 0.2000 	 4.0900 	 0.2752
[2025/10/20 11:19:08] - ==> Building model..
[2025/10/20 11:19:33] - Test Loss 	 Test Acc 	 PGD Loss 	 PGD Acc
[2025/10/20 11:19:33] - 2.5574 	 	 0.5153 	 2.8575 	 0.2797
[2025/10/20 11:20:20] - 55 	 25.5 	 	 0.2000 	 4.0910 	 0.2787
[2025/10/20 11:20:20] - ==> Building model..
[2025/10/20 11:20:47] - Test Loss 	 Test Acc 	 PGD Loss 	 PGD Acc
[2025/10/20 11:20:47] - 2.5573 	 	 0.5155 	 2.8577 	 0.2807
[2025/10/20 11:21:34] - 56 	 25.5 	 	 0.2000 	 4.0933 	 0.2762
[2025/10/20 11:21:34] - ==> Building model..
[2025/10/20 11:22:00] - Test Loss 	 Test Acc 	 PGD Loss 	 PGD Acc
[2025/10/20 11:22:00] - 2.5610 	 	 0.5142 	 2.8597 	 0.2794
[2025/10/20 11:22:46] - 57 	 24.6 	 	 0.2000 	 4.0908 	 0.2768
[2025/10/20 11:22:46] - ==> Building model..
[2025/10/20 11:23:12] - Test Loss 	 Test Acc 	 PGD Loss 	 PGD Acc
[2025/10/20 11:23:12] - 2.5641 	 	 0.5145 	 2.8618 	 0.2788
[2025/10/20 11:24:00] - 58 	 25.7 	 	 0.2000 	 4.0928 	 0.2778
[2025/10/20 11:24:00] - ==> Building model..
[2025/10/20 11:24:26] - Test Loss 	 Test Acc 	 PGD Loss 	 PGD Acc
[2025/10/20 11:24:26] - 2.5636 	 	 0.5142 	 2.8617 	 0.2793
[2025/10/20 11:25:14] - 59 	 26.0 	 	 0.2000 	 4.0914 	 0.2785
[2025/10/20 11:25:14] - ==> Building model..
[2025/10/20 11:25:41] - Test Loss 	 Test Acc 	 PGD Loss 	 PGD Acc
[2025/10/20 11:25:41] - 2.5662 	 	 0.5148 	 2.8635 	 0.2800
[2025/10/20 11:26:28] - 60 	 25.3 	 	 0.2000 	 4.0937 	 0.2780
[2025/10/20 11:26:28] - ==> Building model..
[2025/10/20 11:26:54] - Test Loss 	 Test Acc 	 PGD Loss 	 PGD Acc
[2025/10/20 11:26:54] - 2.5713 	 	 0.5131 	 2.8674 	 0.2792
[2025/10/20 11:27:42] - 61 	 25.8 	 	 0.2000 	 4.0951 	 0.2756
[2025/10/20 11:27:42] - ==> Building model..
[2025/10/20 11:28:08] - Test Loss 	 Test Acc 	 PGD Loss 	 PGD Acc
[2025/10/20 11:28:08] - 2.5777 	 	 0.5127 	 2.8719 	 0.2792
[2025/10/20 11:28:57] - 62 	 25.6 	 	 0.2000 	 4.0939 	 0.2791
[2025/10/20 11:28:57] - ==> Building model..
[2025/10/20 11:29:23] - Test Loss 	 Test Acc 	 PGD Loss 	 PGD Acc
[2025/10/20 11:29:23] - 2.5806 	 	 0.5132 	 2.8740 	 0.2794
[2025/10/20 11:30:09] - 63 	 25.0 	 	 0.2000 	 4.0953 	 0.2760
[2025/10/20 11:30:09] - ==> Building model..
[2025/10/20 11:30:35] - Test Loss 	 Test Acc 	 PGD Loss 	 PGD Acc
[2025/10/20 11:30:35] - 2.5868 	 	 0.5130 	 2.8780 	 0.2787
[2025/10/20 11:31:24] - 64 	 26.4 	 	 0.2000 	 4.0942 	 0.2777
[2025/10/20 11:31:24] - ==> Building model..
[2025/10/20 11:31:50] - Test Loss 	 Test Acc 	 PGD Loss 	 PGD Acc
[2025/10/20 11:31:50] - 2.5906 	 	 0.5113 	 2.8815 	 0.2790
[2025/10/20 11:32:36] - 65 	 24.8 	 	 0.2000 	 4.0951 	 0.2775
[2025/10/20 11:32:36] - ==> Building model..
[2025/10/20 11:33:02] - Test Loss 	 Test Acc 	 PGD Loss 	 PGD Acc
[2025/10/20 11:33:02] - 2.5938 	 	 0.5125 	 2.8838 	 0.2791
[2025/10/20 11:33:48] - 66 	 25.5 	 	 0.2000 	 4.0939 	 0.2768
[2025/10/20 11:33:48] - ==> Building model..
[2025/10/20 11:34:15] - Test Loss 	 Test Acc 	 PGD Loss 	 PGD Acc
[2025/10/20 11:34:15] - 2.5949 	 	 0.5123 	 2.8845 	 0.2804
[2025/10/20 11:35:03] - 67 	 26.3 	 	 0.2000 	 4.0927 	 0.2759
[2025/10/20 11:35:03] - ==> Building model..
[2025/10/20 11:35:29] - Test Loss 	 Test Acc 	 PGD Loss 	 PGD Acc
[2025/10/20 11:35:29] - 2.5949 	 	 0.5122 	 2.8839 	 0.2818
[2025/10/20 11:36:17] - 68 	 25.7 	 	 0.2000 	 4.0927 	 0.2771
[2025/10/20 11:36:17] - ==> Building model..
[2025/10/20 11:36:44] - Test Loss 	 Test Acc 	 PGD Loss 	 PGD Acc
[2025/10/20 11:36:44] - 2.5952 	 	 0.5136 	 2.8845 	 0.2817
[2025/10/20 11:37:32] - 69 	 25.5 	 	 0.2000 	 4.0953 	 0.2761
[2025/10/20 11:37:32] - ==> Building model..
[2025/10/20 11:37:58] - Test Loss 	 Test Acc 	 PGD Loss 	 PGD Acc
[2025/10/20 11:37:58] - 2.5960 	 	 0.5132 	 2.8845 	 0.2809
[2025/10/20 11:38:44] - 70 	 24.9 	 	 0.2000 	 4.0912 	 0.2799
[2025/10/20 11:38:44] - ==> Building model..
[2025/10/20 11:39:10] - Test Loss 	 Test Acc 	 PGD Loss 	 PGD Acc
[2025/10/20 11:39:10] - 2.5952 	 	 0.5140 	 2.8839 	 0.2804
[2025/10/20 11:39:58] - 71 	 25.7 	 	 0.2000 	 4.0931 	 0.2780
[2025/10/20 11:39:58] - ==> Building model..
[2025/10/20 11:40:25] - Test Loss 	 Test Acc 	 PGD Loss 	 PGD Acc
[2025/10/20 11:40:25] - 2.5949 	 	 0.5143 	 2.8842 	 0.2800
[2025/10/20 11:41:12] - 72 	 25.4 	 	 0.2000 	 4.0934 	 0.2781
[2025/10/20 11:41:12] - ==> Building model..
[2025/10/20 11:41:39] - Test Loss 	 Test Acc 	 PGD Loss 	 PGD Acc
[2025/10/20 11:41:39] - 2.5951 	 	 0.5135 	 2.8834 	 0.2805
[2025/10/20 11:42:28] - 73 	 25.8 	 	 0.2000 	 4.0918 	 0.2802
[2025/10/20 11:42:28] - ==> Building model..
[2025/10/20 11:42:53] - Test Loss 	 Test Acc 	 PGD Loss 	 PGD Acc
[2025/10/20 11:42:53] - 2.5965 	 	 0.5127 	 2.8851 	 0.2809
[2025/10/20 11:43:40] - 74 	 25.3 	 	 0.2000 	 4.0915 	 0.2785
[2025/10/20 11:43:40] - ==> Building model..
[2025/10/20 11:44:06] - Test Loss 	 Test Acc 	 PGD Loss 	 PGD Acc
[2025/10/20 11:44:06] - 2.5996 	 	 0.5120 	 2.8876 	 0.2798
[2025/10/20 11:44:53] - 75 	 25.5 	 	 0.2000 	 4.0910 	 0.2801
[2025/10/20 11:44:53] - ==> Building model..
[2025/10/20 11:45:19] - Test Loss 	 Test Acc 	 PGD Loss 	 PGD Acc
[2025/10/20 11:45:19] - 2.5988 	 	 0.5125 	 2.8874 	 0.2807
[2025/10/20 11:46:05] - 76 	 24.6 	 	 0.2000 	 4.0927 	 0.2790
[2025/10/20 11:46:05] - ==> Building model..
[2025/10/20 11:46:30] - Test Loss 	 Test Acc 	 PGD Loss 	 PGD Acc
[2025/10/20 11:46:30] - 2.5993 	 	 0.5138 	 2.8876 	 0.2799
[2025/10/20 11:47:18] - 77 	 26.0 	 	 0.2000 	 4.0927 	 0.2782
[2025/10/20 11:47:18] - ==> Building model..
[2025/10/20 11:47:43] - Test Loss 	 Test Acc 	 PGD Loss 	 PGD Acc
[2025/10/20 11:47:43] - 2.5978 	 	 0.5152 	 2.8863 	 0.2816
[2025/10/20 11:48:30] - 78 	 25.6 	 	 0.2000 	 4.0911 	 0.2785
[2025/10/20 11:48:30] - ==> Building model..
[2025/10/20 11:48:54] - Test Loss 	 Test Acc 	 PGD Loss 	 PGD Acc
[2025/10/20 11:48:54] - 2.5985 	 	 0.5152 	 2.8869 	 0.2809
[2025/10/20 11:49:43] - 79 	 26.8 	 	 0.2000 	 4.0896 	 0.2788
[2025/10/20 11:49:43] - ==> Building model..
[2025/10/20 11:50:07] - Test Loss 	 Test Acc 	 PGD Loss 	 PGD Acc
[2025/10/20 11:50:07] - 2.5995 	 	 0.5153 	 2.8875 	 0.2809
[2025/10/20 11:50:55] - 80 	 26.4 	 	 0.2000 	 4.0914 	 0.2778
[2025/10/20 11:50:55] - ==> Building model..
[2025/10/20 11:51:19] - Test Loss 	 Test Acc 	 PGD Loss 	 PGD Acc
[2025/10/20 11:51:19] - 2.5992 	 	 0.5149 	 2.8869 	 0.2819
[2025/10/20 11:52:08] - 81 	 26.8 	 	 0.2000 	 4.0936 	 0.2769
[2025/10/20 11:52:08] - ==> Building model..
[2025/10/20 11:52:33] - Test Loss 	 Test Acc 	 PGD Loss 	 PGD Acc
[2025/10/20 11:52:33] - 2.5993 	 	 0.5148 	 2.8860 	 0.2817
[2025/10/20 11:53:21] - 82 	 26.1 	 	 0.2000 	 4.0921 	 0.2819
[2025/10/20 11:53:21] - ==> Building model..
[2025/10/20 11:53:45] - Test Loss 	 Test Acc 	 PGD Loss 	 PGD Acc
[2025/10/20 11:53:45] - 2.5993 	 	 0.5152 	 2.8864 	 0.2837
[2025/10/20 11:54:33] - 83 	 25.8 	 	 0.2000 	 4.0917 	 0.2792
[2025/10/20 11:54:33] - ==> Building model..
[2025/10/20 11:54:58] - Test Loss 	 Test Acc 	 PGD Loss 	 PGD Acc
[2025/10/20 11:54:58] - 2.6000 	 	 0.5153 	 2.8871 	 0.2830
[2025/10/20 11:55:47] - 84 	 27.4 	 	 0.2000 	 4.0916 	 0.2776
[2025/10/20 11:55:47] - ==> Building model..
[2025/10/20 11:56:12] - Test Loss 	 Test Acc 	 PGD Loss 	 PGD Acc
[2025/10/20 11:56:12] - 2.6014 	 	 0.5156 	 2.8877 	 0.2832
[2025/10/20 11:57:01] - 85 	 27.0 	 	 0.2000 	 4.0924 	 0.2769
[2025/10/20 11:57:01] - ==> Building model..
[2025/10/20 11:57:25] - Test Loss 	 Test Acc 	 PGD Loss 	 PGD Acc
[2025/10/20 11:57:25] - 2.6028 	 	 0.5152 	 2.8891 	 0.2827
[2025/10/20 11:58:14] - 86 	 27.0 	 	 0.2000 	 4.0906 	 0.2817
[2025/10/20 11:58:14] - ==> Building model..
[2025/10/20 11:58:38] - Test Loss 	 Test Acc 	 PGD Loss 	 PGD Acc
[2025/10/20 11:58:38] - 2.6052 	 	 0.5143 	 2.8914 	 0.2825
[2025/10/20 11:59:29] - 87 	 27.5 	 	 0.2000 	 4.0905 	 0.2787
[2025/10/20 11:59:29] - ==> Building model..
[2025/10/20 11:59:52] - Test Loss 	 Test Acc 	 PGD Loss 	 PGD Acc
[2025/10/20 11:59:52] - 2.6033 	 	 0.5144 	 2.8897 	 0.2835
[2025/10/20 12:00:41] - 88 	 27.0 	 	 0.2000 	 4.0919 	 0.2775
[2025/10/20 12:00:41] - ==> Building model..
[2025/10/20 12:01:05] - Test Loss 	 Test Acc 	 PGD Loss 	 PGD Acc
[2025/10/20 12:01:05] - 2.6035 	 	 0.5141 	 2.8900 	 0.2842
[2025/10/20 12:01:56] - 89 	 28.2 	 	 0.2000 	 4.0916 	 0.2795
[2025/10/20 12:01:56] - ==> Building model..
[2025/10/20 12:02:20] - Test Loss 	 Test Acc 	 PGD Loss 	 PGD Acc
[2025/10/20 12:02:20] - 2.6037 	 	 0.5126 	 2.8899 	 0.2847
[2025/10/20 12:03:10] - 90 	 27.7 	 	 0.2000 	 4.0913 	 0.2778
[2025/10/20 12:03:10] - ==> Building model..
[2025/10/20 12:03:34] - Test Loss 	 Test Acc 	 PGD Loss 	 PGD Acc
[2025/10/20 12:03:34] - 2.6040 	 	 0.5137 	 2.8904 	 0.2847
[2025/10/20 12:04:25] - 91 	 27.5 	 	 0.2000 	 4.0887 	 0.2839
[2025/10/20 12:04:25] - ==> Building model..
[2025/10/20 12:04:50] - Test Loss 	 Test Acc 	 PGD Loss 	 PGD Acc
[2025/10/20 12:04:50] - 2.6031 	 	 0.5143 	 2.8891 	 0.2848
[2025/10/20 12:05:38] - 92 	 26.5 	 	 0.2000 	 4.0907 	 0.2788
[2025/10/20 12:05:38] - ==> Building model..
[2025/10/20 12:06:02] - Test Loss 	 Test Acc 	 PGD Loss 	 PGD Acc
[2025/10/20 12:06:02] - 2.6030 	 	 0.5153 	 2.8883 	 0.2850
[2025/10/20 12:06:50] - 93 	 25.8 	 	 0.2000 	 4.0909 	 0.2794
[2025/10/20 12:06:50] - ==> Building model..
[2025/10/20 12:07:13] - Test Loss 	 Test Acc 	 PGD Loss 	 PGD Acc
[2025/10/20 12:07:13] - 2.6020 	 	 0.5154 	 2.8876 	 0.2837
[2025/10/20 12:08:03] - 94 	 26.9 	 	 0.0200 	 3.9972 	 0.3405
[2025/10/20 12:08:03] - ==> Building model..
[2025/10/20 12:08:26] - Test Loss 	 Test Acc 	 PGD Loss 	 PGD Acc
[2025/10/20 12:08:26] - 2.5994 	 	 0.5167 	 2.8858 	 0.2845
[2025/10/20 12:09:16] - 95 	 27.3 	 	 0.0200 	 3.9046 	 0.4022
[2025/10/20 12:09:16] - ==> Building model..
[2025/10/20 12:09:40] - Test Loss 	 Test Acc 	 PGD Loss 	 PGD Acc
[2025/10/20 12:09:40] - 2.5982 	 	 0.5167 	 2.8849 	 0.2847
[2025/10/20 12:10:30] - 96 	 26.6 	 	 0.0200 	 3.8780 	 0.4193
[2025/10/20 12:10:30] - ==> Building model..
[2025/10/20 12:10:54] - Test Loss 	 Test Acc 	 PGD Loss 	 PGD Acc
[2025/10/20 12:10:54] - 2.5976 	 	 0.5173 	 2.8841 	 0.2850
[2025/10/20 12:11:43] - 97 	 26.2 	 	 0.0200 	 3.8610 	 0.4314
[2025/10/20 12:11:43] - ==> Building model..
[2025/10/20 12:12:07] - Test Loss 	 Test Acc 	 PGD Loss 	 PGD Acc
[2025/10/20 12:12:07] - 2.5983 	 	 0.5175 	 2.8856 	 0.2847
[2025/10/20 12:12:57] - 98 	 26.5 	 	 0.0200 	 3.8478 	 0.4412
[2025/10/20 12:12:57] - ==> Building model..
[2025/10/20 12:13:21] - Test Loss 	 Test Acc 	 PGD Loss 	 PGD Acc
[2025/10/20 12:13:21] - 2.6000 	 	 0.5173 	 2.8874 	 0.2847
[2025/10/20 12:14:12] - 99 	 27.3 	 	 0.0020 	 3.8162 	 0.4664
[2025/10/20 12:14:12] - ==> Building model..
[2025/10/20 12:14:36] - Test Loss 	 Test Acc 	 PGD Loss 	 PGD Acc
[2025/10/20 12:14:36] - 2.6016 	 	 0.5175 	 2.8884 	 0.2849
[2025/10/20 12:15:26] - 100 	 26.4 	 	 0.0020 	 3.7884 	 0.4875
[2025/10/20 12:15:26] - ==> Building model..
[2025/10/20 12:15:50] - Test Loss 	 Test Acc 	 PGD Loss 	 PGD Acc
[2025/10/20 12:15:50] - 2.6016 	 	 0.5175 	 2.8889 	 0.2852
[2025/10/20 12:16:40] - 101 	 27.3 	 	 0.0020 	 3.7830 	 0.4909
[2025/10/20 12:16:40] - ==> Building model..
[2025/10/20 12:17:04] - Test Loss 	 Test Acc 	 PGD Loss 	 PGD Acc
[2025/10/20 12:17:04] - 2.6030 	 	 0.5176 	 2.8896 	 0.2847
[2025/10/20 12:17:54] - 102 	 26.6 	 	 0.0020 	 3.7766 	 0.4979
[2025/10/20 12:17:54] - ==> Building model..
[2025/10/20 12:18:18] - Test Loss 	 Test Acc 	 PGD Loss 	 PGD Acc
[2025/10/20 12:18:18] - 2.6046 	 	 0.5175 	 2.8908 	 0.2850
[2025/10/20 12:19:08] - 103 	 26.7 	 	 0.0020 	 3.7719 	 0.5029
[2025/10/20 12:19:08] - ==> Building model..
[2025/10/20 12:19:32] - Test Loss 	 Test Acc 	 PGD Loss 	 PGD Acc
[2025/10/20 12:19:32] - 2.6046 	 	 0.5175 	 2.8910 	 0.2847
[2025/10/20 12:20:22] - 104 	 27.0 	 	 0.0020 	 3.7685 	 0.5040
[2025/10/20 12:20:22] - ==> Building model..
[2025/10/20 12:20:45] - Test Loss 	 Test Acc 	 PGD Loss 	 PGD Acc
[2025/10/20 12:20:45] - 2.6046 	 	 0.5175 	 2.8908 	 0.2853
[2025/10/20 12:21:35] - 105 	 27.4 	 	 0.0020 	 3.7638 	 0.5095
[2025/10/20 12:21:35] - ==> Building model..
[2025/10/20 12:21:57] - Test Loss 	 Test Acc 	 PGD Loss 	 PGD Acc
[2025/10/20 12:21:57] - 2.6051 	 	 0.5171 	 2.8911 	 0.2848
[2025/10/20 12:22:48] - 106 	 27.4 	 	 0.0020 	 3.7604 	 0.5112
[2025/10/20 12:22:48] - ==> Building model..
[2025/10/20 12:23:11] - Test Loss 	 Test Acc 	 PGD Loss 	 PGD Acc
[2025/10/20 12:23:11] - 2.6058 	 	 0.5171 	 2.8918 	 0.2846
[2025/10/20 12:24:02] - 107 	 27.1 	 	 0.0020 	 3.7563 	 0.5145
[2025/10/20 12:24:02] - ==> Building model..
[2025/10/20 12:24:26] - Test Loss 	 Test Acc 	 PGD Loss 	 PGD Acc
[2025/10/20 12:24:26] - 2.6058 	 	 0.5171 	 2.8922 	 0.2854
[2025/10/20 12:25:18] - 108 	 27.7 	 	 0.0020 	 3.7523 	 0.5188
[2025/10/20 12:25:18] - ==> Building model..
[2025/10/20 12:25:42] - Test Loss 	 Test Acc 	 PGD Loss 	 PGD Acc
[2025/10/20 12:25:42] - 2.6058 	 	 0.5171 	 2.8917 	 0.2851
[2025/10/20 12:26:34] - 109 	 27.9 	 	 0.0020 	 3.7492 	 0.5229
[2025/10/20 12:26:34] - ==> Building model..
[2025/10/20 12:26:57] - Test Loss 	 Test Acc 	 PGD Loss 	 PGD Acc
[2025/10/20 12:26:57] - 2.6058 	 	 0.5171 	 2.8913 	 0.2848
[2025/10/20 12:26:57] - [0.0842, 0.1318, 0.1662, 0.2269, 0.2711, 0.3153, 0.3516, 0.3778, 0.4014, 0.4169, 0.4305, 0.4371, 0.442, 0.4515, 0.4576, 0.4615, 0.4651, 0.4682, 0.4741, 0.4777, 0.4811, 0.4826, 0.4856, 0.4888, 0.49, 0.4904, 0.4926, 0.4941, 0.497, 0.4994, 0.4999, 0.5007, 0.5028, 0.5033, 0.5047, 0.5058, 0.5045, 0.5073, 0.5065, 0.5043, 0.5064, 0.5066, 0.5076, 0.5088, 0.512, 0.5106, 0.5108, 0.5115, 0.5127, 0.5148, 0.515, 0.5149, 0.5153, 0.5147, 0.5153, 0.5155, 0.5142, 0.5145, 0.5142, 0.5148, 0.5131, 0.5127, 0.5132, 0.513, 0.5113, 0.5125, 0.5123, 0.5122, 0.5136, 0.5132, 0.514, 0.5143, 0.5135, 0.5127, 0.512, 0.5125, 0.5138, 0.5152, 0.5152, 0.5153, 0.5149, 0.5148, 0.5152, 0.5153, 0.5156, 0.5152, 0.5143, 0.5144, 0.5141, 0.5126, 0.5137, 0.5143, 0.5153, 0.5154, 0.5167, 0.5167, 0.5173, 0.5175, 0.5173, 0.5175, 0.5175, 0.5176, 0.5175, 0.5175, 0.5175, 0.5171, 0.5171, 0.5171, 0.5171, 0.5171]
[2025/10/20 12:26:57] - [0.0541, 0.0849, 0.1026, 0.1347, 0.1597, 0.1802, 0.1946, 0.2047, 0.2151, 0.2225, 0.2279, 0.2329, 0.2362, 0.2422, 0.244, 0.2459, 0.2496, 0.2502, 0.2518, 0.2533, 0.2562, 0.2577, 0.2586, 0.2605, 0.2621, 0.2636, 0.264, 0.2667, 0.2661, 0.2679, 0.2678, 0.2688, 0.2685, 0.2723, 0.2721, 0.2726, 0.2725, 0.2731, 0.2728, 0.2737, 0.2753, 0.2762, 0.2763, 0.2762, 0.2775, 0.279, 0.2791, 0.2796, 0.2797, 0.279, 0.2797, 0.2784, 0.2787, 0.2798, 0.2797, 0.2807, 0.2794, 0.2788, 0.2793, 0.28, 0.2792, 0.2792, 0.2794, 0.2787, 0.279, 0.2791, 0.2804, 0.2818, 0.2817, 0.2809, 0.2804, 0.28, 0.2805, 0.2809, 0.2798, 0.2807, 0.2799, 0.2816, 0.2809, 0.2809, 0.2819, 0.2817, 0.2837, 0.283, 0.2832, 0.2827, 0.2825, 0.2835, 0.2842, 0.2847, 0.2847, 0.2848, 0.285, 0.2837, 0.2845, 0.2847, 0.285, 0.2847, 0.2847, 0.2849, 0.2852, 0.2847, 0.285, 0.2847, 0.2853, 0.2848, 0.2846, 0.2854, 0.2851, 0.2848]
