[2025/10/15 07:05:25] - Namespace(batch_size=128, data_dir='cifar-data', epochs=100, lr_schedule='multistep', lr_min=0.0, lr_max=0.2, weight_decay=0.0005, momentum=0.9, model='ResNet18', epsilon=8, alpha=8, delta_init='random', normal_mean=0, normal_std=1, out_dir='./output/CIFAR100/lamda_37_lamscale_0.15_run2', seed=0, lamda=37.0, lam_scale=0.15, lam_start=50, gamma=0.05, inner_gamma=0.05, beta=0.2, mu=3.5, batch_m=0.75, early_stop=False, factor=0.5, length=4, n_holes=1, c_num=0.125, EMA_value=0.55)
[2025/10/15 07:05:27] - ==> Building model..
[2025/10/15 07:05:27] - Epoch 	 Seconds 	 LR 	 	 Train Loss 	 Train Acc
[2025/10/15 07:06:06] - 0 	 20.0 	 	 0.2000 	 4.5717 	 0.0381
[2025/10/15 07:06:06] - ==> Building model..
[2025/10/15 07:06:28] - Test Loss 	 Test Acc 	 PGD Loss 	 PGD Acc
[2025/10/15 07:06:28] - 4.2384 	 	 0.0846 	 4.2514 	 0.0552
[2025/10/15 07:07:07] - 1 	 19.4 	 	 0.2000 	 4.4596 	 0.0780
[2025/10/15 07:07:07] - ==> Building model..
[2025/10/15 07:07:27] - Test Loss 	 Test Acc 	 PGD Loss 	 PGD Acc
[2025/10/15 07:07:27] - 4.0262 	 	 0.1421 	 4.0550 	 0.0917
[2025/10/15 07:08:05] - 2 	 19.2 	 	 0.2000 	 4.4076 	 0.1028
[2025/10/15 07:08:05] - ==> Building model..
[2025/10/15 07:08:26] - Test Loss 	 Test Acc 	 PGD Loss 	 PGD Acc
[2025/10/15 07:08:26] - 3.8930 	 	 0.1874 	 3.9391 	 0.1180
[2025/10/15 07:09:04] - 3 	 19.0 	 	 0.2000 	 4.3594 	 0.1258
[2025/10/15 07:09:04] - ==> Building model..
[2025/10/15 07:09:25] - Test Loss 	 Test Acc 	 PGD Loss 	 PGD Acc
[2025/10/15 07:09:25] - 3.7153 	 	 0.2340 	 3.7858 	 0.1385
[2025/10/15 07:10:04] - 4 	 18.8 	 	 0.2000 	 4.3155 	 0.1489
[2025/10/15 07:10:04] - ==> Building model..
[2025/10/15 07:10:23] - Test Loss 	 Test Acc 	 PGD Loss 	 PGD Acc
[2025/10/15 07:10:23] - 3.5822 	 	 0.2713 	 3.6769 	 0.1607
[2025/10/15 07:11:04] - 5 	 21.4 	 	 0.2000 	 4.2765 	 0.1688
[2025/10/15 07:11:04] - ==> Building model..
[2025/10/15 07:11:25] - Test Loss 	 Test Acc 	 PGD Loss 	 PGD Acc
[2025/10/15 07:11:25] - 3.4005 	 	 0.3093 	 3.5216 	 0.1792
[2025/10/15 07:12:04] - 6 	 20.0 	 	 0.2000 	 4.2439 	 0.1875
[2025/10/15 07:12:04] - ==> Building model..
[2025/10/15 07:12:24] - Test Loss 	 Test Acc 	 PGD Loss 	 PGD Acc
[2025/10/15 07:12:24] - 3.2063 	 	 0.3530 	 3.3586 	 0.1934
[2025/10/15 07:13:00] - 7 	 17.0 	 	 0.2000 	 4.2224 	 0.1986
[2025/10/15 07:13:00] - ==> Building model..
[2025/10/15 07:13:20] - Test Loss 	 Test Acc 	 PGD Loss 	 PGD Acc
[2025/10/15 07:13:20] - 3.0704 	 	 0.3825 	 3.2498 	 0.2068
[2025/10/15 07:13:57] - 8 	 18.0 	 	 0.2000 	 4.2034 	 0.2087
[2025/10/15 07:13:57] - ==> Building model..
[2025/10/15 07:14:18] - Test Loss 	 Test Acc 	 PGD Loss 	 PGD Acc
[2025/10/15 07:14:18] - 2.9773 	 	 0.4002 	 3.1767 	 0.2186
[2025/10/15 07:14:56] - 9 	 19.4 	 	 0.2000 	 4.1872 	 0.2168
[2025/10/15 07:14:56] - ==> Building model..
[2025/10/15 07:15:13] - Test Loss 	 Test Acc 	 PGD Loss 	 PGD Acc
[2025/10/15 07:15:13] - 2.9040 	 	 0.4194 	 3.1206 	 0.2274
[2025/10/15 07:15:52] - 10 	 18.6 	 	 0.2000 	 4.1753 	 0.2253
[2025/10/15 07:15:52] - ==> Building model..
[2025/10/15 07:16:12] - Test Loss 	 Test Acc 	 PGD Loss 	 PGD Acc
[2025/10/15 07:16:12] - 2.8521 	 	 0.4287 	 3.0783 	 0.2312
[2025/10/15 07:16:51] - 11 	 19.1 	 	 0.2000 	 4.1675 	 0.2273
[2025/10/15 07:16:51] - ==> Building model..
[2025/10/15 07:17:08] - Test Loss 	 Test Acc 	 PGD Loss 	 PGD Acc
[2025/10/15 07:17:08] - 2.8096 	 	 0.4360 	 3.0452 	 0.2358
[2025/10/15 07:17:44] - 12 	 17.6 	 	 0.2000 	 4.1572 	 0.2348
[2025/10/15 07:17:44] - ==> Building model..
[2025/10/15 07:18:03] - Test Loss 	 Test Acc 	 PGD Loss 	 PGD Acc
[2025/10/15 07:18:03] - 2.7769 	 	 0.4478 	 3.0210 	 0.2397
[2025/10/15 07:18:40] - 13 	 17.8 	 	 0.2000 	 4.1553 	 0.2354
[2025/10/15 07:18:40] - ==> Building model..
[2025/10/15 07:18:59] - Test Loss 	 Test Acc 	 PGD Loss 	 PGD Acc
[2025/10/15 07:18:59] - 2.7546 	 	 0.4533 	 3.0057 	 0.2418
[2025/10/15 07:19:35] - 14 	 17.4 	 	 0.2000 	 4.1483 	 0.2415
[2025/10/15 07:19:35] - ==> Building model..
[2025/10/15 07:19:55] - Test Loss 	 Test Acc 	 PGD Loss 	 PGD Acc
[2025/10/15 07:19:55] - 2.7445 	 	 0.4540 	 2.9972 	 0.2453
[2025/10/15 07:20:32] - 15 	 18.6 	 	 0.2000 	 4.1407 	 0.2465
[2025/10/15 07:20:32] - ==> Building model..
[2025/10/15 07:20:52] - Test Loss 	 Test Acc 	 PGD Loss 	 PGD Acc
[2025/10/15 07:20:52] - 2.7250 	 	 0.4620 	 2.9838 	 0.2486
[2025/10/15 07:21:29] - 16 	 18.6 	 	 0.2000 	 4.1360 	 0.2466
[2025/10/15 07:21:29] - ==> Building model..
[2025/10/15 07:21:50] - Test Loss 	 Test Acc 	 PGD Loss 	 PGD Acc
[2025/10/15 07:21:50] - 2.7067 	 	 0.4671 	 2.9694 	 0.2510
[2025/10/15 07:22:29] - 17 	 20.2 	 	 0.2000 	 4.1347 	 0.2463
[2025/10/15 07:22:29] - ==> Building model..
[2025/10/15 07:22:51] - Test Loss 	 Test Acc 	 PGD Loss 	 PGD Acc
[2025/10/15 07:22:51] - 2.6881 	 	 0.4709 	 2.9559 	 0.2519
[2025/10/15 07:23:32] - 18 	 20.9 	 	 0.2000 	 4.1274 	 0.2532
[2025/10/15 07:23:32] - ==> Building model..
[2025/10/15 07:23:52] - Test Loss 	 Test Acc 	 PGD Loss 	 PGD Acc
[2025/10/15 07:23:52] - 2.6762 	 	 0.4731 	 2.9464 	 0.2535
[2025/10/15 07:24:32] - 19 	 21.3 	 	 0.2000 	 4.1257 	 0.2542
[2025/10/15 07:24:32] - ==> Building model..
[2025/10/15 07:24:55] - Test Loss 	 Test Acc 	 PGD Loss 	 PGD Acc
[2025/10/15 07:24:55] - 2.6703 	 	 0.4734 	 2.9405 	 0.2547
[2025/10/15 07:25:36] - 20 	 21.6 	 	 0.2000 	 4.1231 	 0.2568
[2025/10/15 07:25:36] - ==> Building model..
[2025/10/15 07:25:59] - Test Loss 	 Test Acc 	 PGD Loss 	 PGD Acc
[2025/10/15 07:25:59] - 2.6570 	 	 0.4791 	 2.9316 	 0.2579
[2025/10/15 07:26:39] - 21 	 20.3 	 	 0.2000 	 4.1194 	 0.2567
[2025/10/15 07:26:39] - ==> Building model..
[2025/10/15 07:27:02] - Test Loss 	 Test Acc 	 PGD Loss 	 PGD Acc
[2025/10/15 07:27:02] - 2.6476 	 	 0.4805 	 2.9252 	 0.2590
[2025/10/15 07:27:44] - 22 	 21.4 	 	 0.2000 	 4.1188 	 0.2577
[2025/10/15 07:27:44] - ==> Building model..
[2025/10/15 07:28:05] - Test Loss 	 Test Acc 	 PGD Loss 	 PGD Acc
[2025/10/15 07:28:05] - 2.6348 	 	 0.4831 	 2.9155 	 0.2603
[2025/10/15 07:28:46] - 23 	 21.3 	 	 0.2000 	 4.1167 	 0.2575
[2025/10/15 07:28:46] - ==> Building model..
[2025/10/15 07:29:10] - Test Loss 	 Test Acc 	 PGD Loss 	 PGD Acc
[2025/10/15 07:29:10] - 2.6282 	 	 0.4853 	 2.9112 	 0.2626
[2025/10/15 07:29:52] - 24 	 21.9 	 	 0.2000 	 4.1129 	 0.2607
[2025/10/15 07:29:52] - ==> Building model..
[2025/10/15 07:30:14] - Test Loss 	 Test Acc 	 PGD Loss 	 PGD Acc
[2025/10/15 07:30:14] - 2.6201 	 	 0.4900 	 2.9059 	 0.2618
[2025/10/15 07:30:55] - 25 	 21.5 	 	 0.2000 	 4.1118 	 0.2636
[2025/10/15 07:30:55] - ==> Building model..
[2025/10/15 07:31:16] - Test Loss 	 Test Acc 	 PGD Loss 	 PGD Acc
[2025/10/15 07:31:16] - 2.6105 	 	 0.4931 	 2.8989 	 0.2634
[2025/10/15 07:31:59] - 26 	 21.9 	 	 0.2000 	 4.1080 	 0.2651
[2025/10/15 07:31:59] - ==> Building model..
[2025/10/15 07:32:20] - Test Loss 	 Test Acc 	 PGD Loss 	 PGD Acc
[2025/10/15 07:32:20] - 2.5961 	 	 0.4948 	 2.8877 	 0.2647
[2025/10/15 07:33:03] - 27 	 21.6 	 	 0.2000 	 4.1089 	 0.2645
[2025/10/15 07:33:03] - ==> Building model..
[2025/10/15 07:33:24] - Test Loss 	 Test Acc 	 PGD Loss 	 PGD Acc
[2025/10/15 07:33:24] - 2.5984 	 	 0.4952 	 2.8903 	 0.2646
[2025/10/15 07:34:02] - 28 	 20.0 	 	 0.2000 	 4.1057 	 0.2660
[2025/10/15 07:34:02] - ==> Building model..
[2025/10/15 07:34:24] - Test Loss 	 Test Acc 	 PGD Loss 	 PGD Acc
[2025/10/15 07:34:24] - 2.5954 	 	 0.4964 	 2.8880 	 0.2680
[2025/10/15 07:35:04] - 29 	 20.9 	 	 0.2000 	 4.1048 	 0.2672
[2025/10/15 07:35:04] - ==> Building model..
[2025/10/15 07:35:24] - Test Loss 	 Test Acc 	 PGD Loss 	 PGD Acc
[2025/10/15 07:35:24] - 2.5866 	 	 0.4990 	 2.8810 	 0.2677
[2025/10/15 07:36:04] - 30 	 21.4 	 	 0.2000 	 4.1044 	 0.2677
[2025/10/15 07:36:04] - ==> Building model..
[2025/10/15 07:36:25] - Test Loss 	 Test Acc 	 PGD Loss 	 PGD Acc
[2025/10/15 07:36:25] - 2.5826 	 	 0.4991 	 2.8784 	 0.2693
[2025/10/15 07:37:06] - 31 	 21.2 	 	 0.2000 	 4.1037 	 0.2659
[2025/10/15 07:37:06] - ==> Building model..
[2025/10/15 07:37:26] - Test Loss 	 Test Acc 	 PGD Loss 	 PGD Acc
[2025/10/15 07:37:26] - 2.5805 	 	 0.5004 	 2.8765 	 0.2699
[2025/10/15 07:38:07] - 32 	 21.5 	 	 0.2000 	 4.1012 	 0.2678
[2025/10/15 07:38:07] - ==> Building model..
[2025/10/15 07:38:27] - Test Loss 	 Test Acc 	 PGD Loss 	 PGD Acc
[2025/10/15 07:38:27] - 2.5755 	 	 0.5013 	 2.8724 	 0.2718
[2025/10/15 07:39:07] - 33 	 21.1 	 	 0.2000 	 4.1008 	 0.2696
[2025/10/15 07:39:07] - ==> Building model..
[2025/10/15 07:39:26] - Test Loss 	 Test Acc 	 PGD Loss 	 PGD Acc
[2025/10/15 07:39:26] - 2.5712 	 	 0.5010 	 2.8682 	 0.2724
[2025/10/15 07:40:05] - 34 	 20.1 	 	 0.2000 	 4.1005 	 0.2680
[2025/10/15 07:40:05] - ==> Building model..
[2025/10/15 07:40:21] - Test Loss 	 Test Acc 	 PGD Loss 	 PGD Acc
[2025/10/15 07:40:21] - 2.5672 	 	 0.5024 	 2.8652 	 0.2718
[2025/10/15 07:41:00] - 35 	 20.2 	 	 0.2000 	 4.0963 	 0.2731
[2025/10/15 07:41:00] - ==> Building model..
[2025/10/15 07:41:21] - Test Loss 	 Test Acc 	 PGD Loss 	 PGD Acc
[2025/10/15 07:41:21] - 2.5644 	 	 0.5046 	 2.8634 	 0.2711
[2025/10/15 07:41:59] - 36 	 19.3 	 	 0.2000 	 4.0976 	 0.2704
[2025/10/15 07:41:59] - ==> Building model..
[2025/10/15 07:42:19] - Test Loss 	 Test Acc 	 PGD Loss 	 PGD Acc
[2025/10/15 07:42:19] - 2.5603 	 	 0.5043 	 2.8606 	 0.2737
[2025/10/15 07:42:57] - 37 	 19.6 	 	 0.2000 	 4.0965 	 0.2708
[2025/10/15 07:42:57] - ==> Building model..
[2025/10/15 07:43:19] - Test Loss 	 Test Acc 	 PGD Loss 	 PGD Acc
[2025/10/15 07:43:19] - 2.5588 	 	 0.5065 	 2.8602 	 0.2739
[2025/10/15 07:43:58] - 38 	 20.6 	 	 0.2000 	 4.0945 	 0.2713
[2025/10/15 07:43:58] - ==> Building model..
[2025/10/15 07:44:20] - Test Loss 	 Test Acc 	 PGD Loss 	 PGD Acc
[2025/10/15 07:44:20] - 2.5605 	 	 0.5074 	 2.8616 	 0.2737
[2025/10/15 07:45:00] - 39 	 21.1 	 	 0.2000 	 4.0949 	 0.2720
[2025/10/15 07:45:00] - ==> Building model..
[2025/10/15 07:45:19] - Test Loss 	 Test Acc 	 PGD Loss 	 PGD Acc
[2025/10/15 07:45:19] - 2.5603 	 	 0.5072 	 2.8616 	 0.2745
[2025/10/15 07:45:59] - 40 	 20.6 	 	 0.2000 	 4.0944 	 0.2739
[2025/10/15 07:45:59] - ==> Building model..
[2025/10/15 07:46:21] - Test Loss 	 Test Acc 	 PGD Loss 	 PGD Acc
[2025/10/15 07:46:21] - 2.5585 	 	 0.5089 	 2.8603 	 0.2745
[2025/10/15 07:47:01] - 41 	 21.3 	 	 0.2000 	 4.0947 	 0.2719
[2025/10/15 07:47:01] - ==> Building model..
[2025/10/15 07:47:23] - Test Loss 	 Test Acc 	 PGD Loss 	 PGD Acc
[2025/10/15 07:47:23] - 2.5600 	 	 0.5088 	 2.8621 	 0.2739
[2025/10/15 07:48:03] - 42 	 20.7 	 	 0.2000 	 4.0948 	 0.2694
[2025/10/15 07:48:03] - ==> Building model..
[2025/10/15 07:48:23] - Test Loss 	 Test Acc 	 PGD Loss 	 PGD Acc
[2025/10/15 07:48:23] - 2.5584 	 	 0.5110 	 2.8614 	 0.2751
[2025/10/15 07:49:03] - 43 	 20.7 	 	 0.2000 	 4.0940 	 0.2718
[2025/10/15 07:49:03] - ==> Building model..
[2025/10/15 07:49:24] - Test Loss 	 Test Acc 	 PGD Loss 	 PGD Acc
[2025/10/15 07:49:24] - 2.5569 	 	 0.5114 	 2.8599 	 0.2750
[2025/10/15 07:50:03] - 44 	 20.2 	 	 0.2000 	 4.0936 	 0.2724
[2025/10/15 07:50:03] - ==> Building model..
[2025/10/15 07:50:24] - Test Loss 	 Test Acc 	 PGD Loss 	 PGD Acc
[2025/10/15 07:50:24] - 2.5524 	 	 0.5129 	 2.8567 	 0.2750
[2025/10/15 07:51:04] - 45 	 20.6 	 	 0.2000 	 4.0912 	 0.2747
[2025/10/15 07:51:04] - ==> Building model..
[2025/10/15 07:51:24] - Test Loss 	 Test Acc 	 PGD Loss 	 PGD Acc
[2025/10/15 07:51:24] - 2.5528 	 	 0.5133 	 2.8577 	 0.2769
[2025/10/15 07:52:05] - 46 	 20.5 	 	 0.2000 	 4.0905 	 0.2746
[2025/10/15 07:52:05] - ==> Building model..
[2025/10/15 07:52:24] - Test Loss 	 Test Acc 	 PGD Loss 	 PGD Acc
[2025/10/15 07:52:24] - 2.5576 	 	 0.5133 	 2.8638 	 0.2761
[2025/10/15 07:53:04] - 47 	 20.8 	 	 0.2000 	 4.0918 	 0.2723
[2025/10/15 07:53:04] - ==> Building model..
[2025/10/15 07:53:26] - Test Loss 	 Test Acc 	 PGD Loss 	 PGD Acc
[2025/10/15 07:53:26] - 2.5552 	 	 0.5134 	 2.8621 	 0.2769
[2025/10/15 07:54:06] - 48 	 21.4 	 	 0.2000 	 4.0889 	 0.2774
[2025/10/15 07:54:06] - ==> Building model..
[2025/10/15 07:54:28] - Test Loss 	 Test Acc 	 PGD Loss 	 PGD Acc
[2025/10/15 07:54:28] - 2.5540 	 	 0.5149 	 2.8611 	 0.2760
[2025/10/15 07:55:08] - 49 	 20.9 	 	 0.2000 	 4.0879 	 0.2763
[2025/10/15 07:55:08] - ==> Building model..
[2025/10/15 07:55:29] - Test Loss 	 Test Acc 	 PGD Loss 	 PGD Acc
[2025/10/15 07:55:29] - 2.5535 	 	 0.5168 	 2.8601 	 0.2761
[2025/10/15 07:56:09] - 50 	 21.1 	 	 0.2000 	 4.0899 	 0.2757
[2025/10/15 07:56:09] - ==> Building model..
[2025/10/15 07:56:31] - Test Loss 	 Test Acc 	 PGD Loss 	 PGD Acc
[2025/10/15 07:56:31] - 2.5518 	 	 0.5178 	 2.8589 	 0.2768
[2025/10/15 07:57:11] - 51 	 21.3 	 	 0.2000 	 4.0903 	 0.2748
[2025/10/15 07:57:11] - ==> Building model..
[2025/10/15 07:57:34] - Test Loss 	 Test Acc 	 PGD Loss 	 PGD Acc
[2025/10/15 07:57:34] - 2.5515 	 	 0.5178 	 2.8579 	 0.2771
[2025/10/15 07:58:14] - 52 	 21.1 	 	 0.2000 	 4.0901 	 0.2748
[2025/10/15 07:58:14] - ==> Building model..
[2025/10/15 07:58:35] - Test Loss 	 Test Acc 	 PGD Loss 	 PGD Acc
[2025/10/15 07:58:35] - 2.5507 	 	 0.5181 	 2.8582 	 0.2774
[2025/10/15 07:59:16] - 53 	 20.5 	 	 0.2000 	 4.0885 	 0.2786
[2025/10/15 07:59:16] - ==> Building model..
[2025/10/15 07:59:37] - Test Loss 	 Test Acc 	 PGD Loss 	 PGD Acc
[2025/10/15 07:59:37] - 2.5480 	 	 0.5183 	 2.8550 	 0.2780
[2025/10/15 08:00:16] - 54 	 20.1 	 	 0.2000 	 4.0926 	 0.2764
[2025/10/15 08:00:16] - ==> Building model..
[2025/10/15 08:00:39] - Test Loss 	 Test Acc 	 PGD Loss 	 PGD Acc
[2025/10/15 08:00:39] - 2.5475 	 	 0.5196 	 2.8545 	 0.2776
[2025/10/15 08:01:19] - 55 	 21.0 	 	 0.2000 	 4.0906 	 0.2781
[2025/10/15 08:01:19] - ==> Building model..
[2025/10/15 08:01:40] - Test Loss 	 Test Acc 	 PGD Loss 	 PGD Acc
[2025/10/15 08:01:40] - 2.5481 	 	 0.5196 	 2.8546 	 0.2787
[2025/10/15 08:02:20] - 56 	 20.5 	 	 0.2000 	 4.0929 	 0.2765
[2025/10/15 08:02:20] - ==> Building model..
[2025/10/15 08:02:42] - Test Loss 	 Test Acc 	 PGD Loss 	 PGD Acc
[2025/10/15 08:02:42] - 2.5511 	 	 0.5195 	 2.8561 	 0.2789
[2025/10/15 08:03:24] - 57 	 21.9 	 	 0.2000 	 4.0934 	 0.2781
[2025/10/15 08:03:24] - ==> Building model..
[2025/10/15 08:03:43] - Test Loss 	 Test Acc 	 PGD Loss 	 PGD Acc
[2025/10/15 08:03:43] - 2.5539 	 	 0.5198 	 2.8581 	 0.2813
[2025/10/15 08:04:23] - 58 	 20.8 	 	 0.2000 	 4.0940 	 0.2763
[2025/10/15 08:04:23] - ==> Building model..
[2025/10/15 08:04:41] - Test Loss 	 Test Acc 	 PGD Loss 	 PGD Acc
[2025/10/15 08:04:41] - 2.5598 	 	 0.5191 	 2.8623 	 0.2823
[2025/10/15 08:05:18] - 59 	 18.5 	 	 0.2000 	 4.0957 	 0.2749
[2025/10/15 08:05:18] - ==> Building model..
[2025/10/15 08:05:39] - Test Loss 	 Test Acc 	 PGD Loss 	 PGD Acc
[2025/10/15 08:05:39] - 2.5621 	 	 0.5186 	 2.8633 	 0.2827
[2025/10/15 08:06:19] - 60 	 21.4 	 	 0.2000 	 4.0931 	 0.2785
[2025/10/15 08:06:19] - ==> Building model..
[2025/10/15 08:06:41] - Test Loss 	 Test Acc 	 PGD Loss 	 PGD Acc
[2025/10/15 08:06:41] - 2.5633 	 	 0.5200 	 2.8646 	 0.2810
[2025/10/15 08:07:21] - 61 	 21.2 	 	 0.2000 	 4.0935 	 0.2764
[2025/10/15 08:07:21] - ==> Building model..
[2025/10/15 08:07:43] - Test Loss 	 Test Acc 	 PGD Loss 	 PGD Acc
[2025/10/15 08:07:43] - 2.5650 	 	 0.5193 	 2.8650 	 0.2816
[2025/10/15 08:08:22] - 62 	 20.7 	 	 0.2000 	 4.0927 	 0.2789
[2025/10/15 08:08:22] - ==> Building model..
[2025/10/15 08:08:42] - Test Loss 	 Test Acc 	 PGD Loss 	 PGD Acc
[2025/10/15 08:08:42] - 2.5654 	 	 0.5189 	 2.8645 	 0.2815
[2025/10/15 08:09:21] - 63 	 20.5 	 	 0.2000 	 4.0944 	 0.2758
[2025/10/15 08:09:21] - ==> Building model..
[2025/10/15 08:09:43] - Test Loss 	 Test Acc 	 PGD Loss 	 PGD Acc
[2025/10/15 08:09:43] - 2.5676 	 	 0.5196 	 2.8659 	 0.2817
[2025/10/15 08:10:23] - 64 	 21.4 	 	 0.2000 	 4.0920 	 0.2782
[2025/10/15 08:10:23] - ==> Building model..
[2025/10/15 08:10:46] - Test Loss 	 Test Acc 	 PGD Loss 	 PGD Acc
[2025/10/15 08:10:46] - 2.5686 	 	 0.5193 	 2.8664 	 0.2820
[2025/10/15 08:11:26] - 65 	 20.6 	 	 0.2000 	 4.0915 	 0.2788
[2025/10/15 08:11:26] - ==> Building model..
[2025/10/15 08:11:41] - Test Loss 	 Test Acc 	 PGD Loss 	 PGD Acc
[2025/10/15 08:11:41] - 2.5718 	 	 0.5197 	 2.8682 	 0.2824
[2025/10/15 08:12:19] - 66 	 18.2 	 	 0.2000 	 4.0918 	 0.2776
[2025/10/15 08:12:19] - ==> Building model..
[2025/10/15 08:12:41] - Test Loss 	 Test Acc 	 PGD Loss 	 PGD Acc
[2025/10/15 08:12:41] - 2.5741 	 	 0.5200 	 2.8700 	 0.2828
[2025/10/15 08:13:21] - 67 	 21.1 	 	 0.2000 	 4.0923 	 0.2779
[2025/10/15 08:13:21] - ==> Building model..
[2025/10/15 08:13:43] - Test Loss 	 Test Acc 	 PGD Loss 	 PGD Acc
[2025/10/15 08:13:43] - 2.5746 	 	 0.5194 	 2.8701 	 0.2825
[2025/10/15 08:14:24] - 68 	 21.2 	 	 0.2000 	 4.0916 	 0.2783
[2025/10/15 08:14:24] - ==> Building model..
[2025/10/15 08:14:46] - Test Loss 	 Test Acc 	 PGD Loss 	 PGD Acc
[2025/10/15 08:14:46] - 2.5752 	 	 0.5196 	 2.8704 	 0.2832
[2025/10/15 08:15:27] - 69 	 20.9 	 	 0.2000 	 4.0941 	 0.2770
[2025/10/15 08:15:27] - ==> Building model..
[2025/10/15 08:15:49] - Test Loss 	 Test Acc 	 PGD Loss 	 PGD Acc
[2025/10/15 08:15:49] - 2.5780 	 	 0.5191 	 2.8718 	 0.2837
[2025/10/15 08:16:32] - 70 	 21.3 	 	 0.2000 	 4.0932 	 0.2793
[2025/10/15 08:16:32] - ==> Building model..
[2025/10/15 08:16:54] - Test Loss 	 Test Acc 	 PGD Loss 	 PGD Acc
[2025/10/15 08:16:54] - 2.5803 	 	 0.5189 	 2.8736 	 0.2846
[2025/10/15 08:17:36] - 71 	 21.2 	 	 0.2000 	 4.0920 	 0.2780
[2025/10/15 08:17:36] - ==> Building model..
[2025/10/15 08:17:57] - Test Loss 	 Test Acc 	 PGD Loss 	 PGD Acc
[2025/10/15 08:17:57] - 2.5828 	 	 0.5197 	 2.8755 	 0.2845
[2025/10/15 08:18:39] - 72 	 21.5 	 	 0.2000 	 4.0926 	 0.2751
[2025/10/15 08:18:39] - ==> Building model..
[2025/10/15 08:19:01] - Test Loss 	 Test Acc 	 PGD Loss 	 PGD Acc
[2025/10/15 08:19:01] - 2.5858 	 	 0.5201 	 2.8785 	 0.2828
[2025/10/15 08:19:41] - 73 	 21.2 	 	 0.2000 	 4.0922 	 0.2764
[2025/10/15 08:19:41] - ==> Building model..
[2025/10/15 08:20:03] - Test Loss 	 Test Acc 	 PGD Loss 	 PGD Acc
[2025/10/15 08:20:03] - 2.5873 	 	 0.5197 	 2.8794 	 0.2822
[2025/10/15 08:20:43] - 74 	 21.7 	 	 0.2000 	 4.0939 	 0.2770
[2025/10/15 08:20:43] - ==> Building model..
[2025/10/15 08:21:06] - Test Loss 	 Test Acc 	 PGD Loss 	 PGD Acc
[2025/10/15 08:21:06] - 2.5886 	 	 0.5193 	 2.8802 	 0.2828
[2025/10/15 08:21:46] - 75 	 21.1 	 	 0.2000 	 4.0917 	 0.2795
[2025/10/15 08:21:46] - ==> Building model..
[2025/10/15 08:22:10] - Test Loss 	 Test Acc 	 PGD Loss 	 PGD Acc
[2025/10/15 08:22:10] - 2.5886 	 	 0.5200 	 2.8803 	 0.2831
[2025/10/15 08:22:50] - 76 	 21.5 	 	 0.2000 	 4.0923 	 0.2805
[2025/10/15 08:22:50] - ==> Building model..
[2025/10/15 08:23:12] - Test Loss 	 Test Acc 	 PGD Loss 	 PGD Acc
[2025/10/15 08:23:12] - 2.5897 	 	 0.5214 	 2.8816 	 0.2817
[2025/10/15 08:23:48] - 77 	 18.4 	 	 0.2000 	 4.0903 	 0.2806
[2025/10/15 08:23:48] - ==> Building model..
[2025/10/15 08:24:10] - Test Loss 	 Test Acc 	 PGD Loss 	 PGD Acc
[2025/10/15 08:24:10] - 2.5897 	 	 0.5220 	 2.8816 	 0.2812
[2025/10/15 08:24:50] - 78 	 21.2 	 	 0.2000 	 4.0923 	 0.2772
[2025/10/15 08:24:50] - ==> Building model..
[2025/10/15 08:25:10] - Test Loss 	 Test Acc 	 PGD Loss 	 PGD Acc
[2025/10/15 08:25:10] - 2.5892 	 	 0.5217 	 2.8813 	 0.2817
[2025/10/15 08:25:50] - 79 	 21.0 	 	 0.2000 	 4.0919 	 0.2766
[2025/10/15 08:25:50] - ==> Building model..
[2025/10/15 08:26:12] - Test Loss 	 Test Acc 	 PGD Loss 	 PGD Acc
[2025/10/15 08:26:12] - 2.5900 	 	 0.5217 	 2.8818 	 0.2831
[2025/10/15 08:26:52] - 80 	 21.0 	 	 0.2000 	 4.0907 	 0.2787
[2025/10/15 08:26:52] - ==> Building model..
[2025/10/15 08:27:13] - Test Loss 	 Test Acc 	 PGD Loss 	 PGD Acc
[2025/10/15 08:27:13] - 2.5903 	 	 0.5222 	 2.8824 	 0.2833
[2025/10/15 08:27:50] - 81 	 18.5 	 	 0.2000 	 4.0910 	 0.2792
[2025/10/15 08:27:50] - ==> Building model..
[2025/10/15 08:28:11] - Test Loss 	 Test Acc 	 PGD Loss 	 PGD Acc
[2025/10/15 08:28:11] - 2.5916 	 	 0.5207 	 2.8834 	 0.2819
[2025/10/15 08:28:46] - 82 	 17.0 	 	 0.2000 	 4.0919 	 0.2808
[2025/10/15 08:28:46] - ==> Building model..
[2025/10/15 08:29:07] - Test Loss 	 Test Acc 	 PGD Loss 	 PGD Acc
[2025/10/15 08:29:07] - 2.5907 	 	 0.5204 	 2.8831 	 0.2817
[2025/10/15 08:29:46] - 83 	 20.2 	 	 0.2000 	 4.0896 	 0.2788
[2025/10/15 08:29:46] - ==> Building model..
[2025/10/15 08:30:04] - Test Loss 	 Test Acc 	 PGD Loss 	 PGD Acc
[2025/10/15 08:30:04] - 2.5914 	 	 0.5198 	 2.8837 	 0.2816
[2025/10/15 08:30:41] - 84 	 18.0 	 	 0.2000 	 4.0924 	 0.2775
[2025/10/15 08:30:41] - ==> Building model..
[2025/10/15 08:30:59] - Test Loss 	 Test Acc 	 PGD Loss 	 PGD Acc
[2025/10/15 08:30:59] - 2.5919 	 	 0.5207 	 2.8840 	 0.2832
[2025/10/15 08:31:36] - 85 	 18.1 	 	 0.2000 	 4.0920 	 0.2811
[2025/10/15 08:31:36] - ==> Building model..
[2025/10/15 08:31:57] - Test Loss 	 Test Acc 	 PGD Loss 	 PGD Acc
[2025/10/15 08:31:57] - 2.5922 	 	 0.5213 	 2.8840 	 0.2823
[2025/10/15 08:32:33] - 86 	 17.9 	 	 0.2000 	 4.0913 	 0.2791
[2025/10/15 08:32:33] - ==> Building model..
[2025/10/15 08:32:47] - Test Loss 	 Test Acc 	 PGD Loss 	 PGD Acc
[2025/10/15 08:32:47] - 2.5927 	 	 0.5218 	 2.8846 	 0.2820
[2025/10/15 08:33:23] - 87 	 17.2 	 	 0.2000 	 4.0906 	 0.2790
[2025/10/15 08:33:23] - ==> Building model..
[2025/10/15 08:33:44] - Test Loss 	 Test Acc 	 PGD Loss 	 PGD Acc
[2025/10/15 08:33:44] - 2.5925 	 	 0.5210 	 2.8840 	 0.2824
[2025/10/15 08:34:19] - 88 	 16.8 	 	 0.2000 	 4.0929 	 0.2765
[2025/10/15 08:34:19] - ==> Building model..
[2025/10/15 08:34:36] - Test Loss 	 Test Acc 	 PGD Loss 	 PGD Acc
[2025/10/15 08:34:36] - 2.5938 	 	 0.5208 	 2.8849 	 0.2832
[2025/10/15 08:35:13] - 89 	 18.4 	 	 0.2000 	 4.0897 	 0.2807
[2025/10/15 08:35:13] - ==> Building model..
[2025/10/15 08:35:31] - Test Loss 	 Test Acc 	 PGD Loss 	 PGD Acc
[2025/10/15 08:35:31] - 2.5945 	 	 0.5218 	 2.8857 	 0.2839
[2025/10/15 08:36:08] - 90 	 17.3 	 	 0.0200 	 3.9947 	 0.3398
[2025/10/15 08:36:08] - ==> Building model..
[2025/10/15 08:36:29] - Test Loss 	 Test Acc 	 PGD Loss 	 PGD Acc
[2025/10/15 08:36:29] - 2.5930 	 	 0.5224 	 2.8846 	 0.2849
[2025/10/15 08:37:09] - 91 	 20.1 	 	 0.0200 	 3.9026 	 0.4021
[2025/10/15 08:37:09] - ==> Building model..
[2025/10/15 08:37:30] - Test Loss 	 Test Acc 	 PGD Loss 	 PGD Acc
[2025/10/15 08:37:30] - 2.5922 	 	 0.5229 	 2.8838 	 0.2840
[2025/10/15 08:38:08] - 92 	 19.3 	 	 0.0200 	 3.8766 	 0.4198
[2025/10/15 08:38:08] - ==> Building model..
[2025/10/15 08:38:30] - Test Loss 	 Test Acc 	 PGD Loss 	 PGD Acc
[2025/10/15 08:38:30] - 2.5919 	 	 0.5232 	 2.8838 	 0.2843
[2025/10/15 08:39:07] - 93 	 18.8 	 	 0.0200 	 3.8599 	 0.4296
[2025/10/15 08:39:07] - ==> Building model..
[2025/10/15 08:39:27] - Test Loss 	 Test Acc 	 PGD Loss 	 PGD Acc
[2025/10/15 08:39:27] - 2.5930 	 	 0.5229 	 2.8856 	 0.2846
[2025/10/15 08:40:06] - 94 	 20.4 	 	 0.0200 	 3.8445 	 0.4415
[2025/10/15 08:40:06] - ==> Building model..
[2025/10/15 08:40:24] - Test Loss 	 Test Acc 	 PGD Loss 	 PGD Acc
[2025/10/15 08:40:24] - 2.5957 	 	 0.5229 	 2.8873 	 0.2843
[2025/10/15 08:40:58] - 95 	 16.5 	 	 0.0200 	 3.8334 	 0.4483
[2025/10/15 08:40:58] - ==> Building model..
[2025/10/15 08:41:16] - Test Loss 	 Test Acc 	 PGD Loss 	 PGD Acc
[2025/10/15 08:41:16] - 2.6005 	 	 0.5220 	 2.8919 	 0.2843
[2025/10/15 08:41:54] - 96 	 19.0 	 	 0.0200 	 3.8222 	 0.4573
[2025/10/15 08:41:54] - ==> Building model..
[2025/10/15 08:42:09] - Test Loss 	 Test Acc 	 PGD Loss 	 PGD Acc
[2025/10/15 08:42:09] - 2.6050 	 	 0.5216 	 2.8953 	 0.2840
[2025/10/15 08:42:43] - 97 	 16.0 	 	 0.0200 	 3.8134 	 0.4655
[2025/10/15 08:42:43] - ==> Building model..
[2025/10/15 08:43:04] - Test Loss 	 Test Acc 	 PGD Loss 	 PGD Acc
[2025/10/15 08:43:04] - 2.6059 	 	 0.5214 	 2.8961 	 0.2841
[2025/10/15 08:43:43] - 98 	 20.1 	 	 0.0200 	 3.8056 	 0.4716
[2025/10/15 08:43:43] - ==> Building model..
[2025/10/15 08:44:05] - Test Loss 	 Test Acc 	 PGD Loss 	 PGD Acc
[2025/10/15 08:44:05] - 2.6081 	 	 0.5210 	 2.8977 	 0.2835
[2025/10/15 08:44:46] - 99 	 20.4 	 	 0.0200 	 3.7986 	 0.4755
[2025/10/15 08:44:46] - ==> Building model..
[2025/10/15 08:45:09] - Test Loss 	 Test Acc 	 PGD Loss 	 PGD Acc
[2025/10/15 08:45:09] - 2.6119 	 	 0.5201 	 2.9009 	 0.2839
[2025/10/15 08:45:09] - [0.0846, 0.1421, 0.1874, 0.234, 0.2713, 0.3093, 0.353, 0.3825, 0.4002, 0.4194, 0.4287, 0.436, 0.4478, 0.4533, 0.454, 0.462, 0.4671, 0.4709, 0.4731, 0.4734, 0.4791, 0.4805, 0.4831, 0.4853, 0.49, 0.4931, 0.4948, 0.4952, 0.4964, 0.499, 0.4991, 0.5004, 0.5013, 0.501, 0.5024, 0.5046, 0.5043, 0.5065, 0.5074, 0.5072, 0.5089, 0.5088, 0.511, 0.5114, 0.5129, 0.5133, 0.5133, 0.5134, 0.5149, 0.5168, 0.5178, 0.5178, 0.5181, 0.5183, 0.5196, 0.5196, 0.5195, 0.5198, 0.5191, 0.5186, 0.52, 0.5193, 0.5189, 0.5196, 0.5193, 0.5197, 0.52, 0.5194, 0.5196, 0.5191, 0.5189, 0.5197, 0.5201, 0.5197, 0.5193, 0.52, 0.5214, 0.522, 0.5217, 0.5217, 0.5222, 0.5207, 0.5204, 0.5198, 0.5207, 0.5213, 0.5218, 0.521, 0.5208, 0.5218, 0.5224, 0.5229, 0.5232, 0.5229, 0.5229, 0.522, 0.5216, 0.5214, 0.521, 0.5201]
[2025/10/15 08:45:09] - [0.0552, 0.0917, 0.118, 0.1385, 0.1607, 0.1792, 0.1934, 0.2068, 0.2186, 0.2274, 0.2312, 0.2358, 0.2397, 0.2418, 0.2453, 0.2486, 0.251, 0.2519, 0.2535, 0.2547, 0.2579, 0.259, 0.2603, 0.2626, 0.2618, 0.2634, 0.2647, 0.2646, 0.268, 0.2677, 0.2693, 0.2699, 0.2718, 0.2724, 0.2718, 0.2711, 0.2737, 0.2739, 0.2737, 0.2745, 0.2745, 0.2739, 0.2751, 0.275, 0.275, 0.2769, 0.2761, 0.2769, 0.276, 0.2761, 0.2768, 0.2771, 0.2774, 0.278, 0.2776, 0.2787, 0.2789, 0.2813, 0.2823, 0.2827, 0.281, 0.2816, 0.2815, 0.2817, 0.282, 0.2824, 0.2828, 0.2825, 0.2832, 0.2837, 0.2846, 0.2845, 0.2828, 0.2822, 0.2828, 0.2831, 0.2817, 0.2812, 0.2817, 0.2831, 0.2833, 0.2819, 0.2817, 0.2816, 0.2832, 0.2823, 0.282, 0.2824, 0.2832, 0.2839, 0.2849, 0.284, 0.2843, 0.2846, 0.2843, 0.2843, 0.284, 0.2841, 0.2835, 0.2839]
