[2025/10/18 11:55:15] - Namespace(batch_size=128, data_dir='cifar-data', epochs=110, lr_schedule='multistep', lr_min=0.0, lr_max=0.2, weight_decay=0.0005, momentum=0.9, model='ResNet18', epsilon=8, alpha=8, delta_init='random', normal_mean=0, normal_std=1, out_dir='runs/beta_0.4/lam_42/lscale_0.09/seed_0', seed=0, lamda=42.0, lam_scale=0.09, lam_start=50, gamma=0.05, inner_gamma=0.05, beta=0.4, mu=3.5, batch_m=0.75, early_stop=False, factor=0.5, length=4, n_holes=1, c_num=0.125, EMA_value=0.55)
[2025/10/18 11:55:16] - ==> Building model..
[2025/10/18 11:55:16] - Epoch 	 Seconds 	 LR 	 	 Train Loss 	 Train Acc
[2025/10/18 11:56:08] - 0 	 29.2 	 	 0.2000 	 4.5761 	 0.0386
[2025/10/18 11:56:08] - ==> Building model..
[2025/10/18 11:56:32] - Test Loss 	 Test Acc 	 PGD Loss 	 PGD Acc
[2025/10/18 11:56:32] - 4.2535 	 	 0.0851 	 4.2661 	 0.0581
[2025/10/18 11:57:22] - 1 	 27.7 	 	 0.2000 	 4.4580 	 0.0793
[2025/10/18 11:57:22] - ==> Building model..
[2025/10/18 11:57:46] - Test Loss 	 Test Acc 	 PGD Loss 	 PGD Acc
[2025/10/18 11:57:46] - 4.0603 	 	 0.1371 	 4.0869 	 0.0908
[2025/10/18 11:58:35] - 2 	 26.9 	 	 0.2000 	 4.4026 	 0.1070
[2025/10/18 11:58:35] - ==> Building model..
[2025/10/18 11:58:59] - Test Loss 	 Test Acc 	 PGD Loss 	 PGD Acc
[2025/10/18 11:58:59] - 3.8645 	 	 0.1951 	 3.9146 	 0.1242
[2025/10/18 11:59:51] - 3 	 28.8 	 	 0.2000 	 4.3537 	 0.1299
[2025/10/18 11:59:51] - ==> Building model..
[2025/10/18 12:00:15] - Test Loss 	 Test Acc 	 PGD Loss 	 PGD Acc
[2025/10/18 12:00:15] - 3.6802 	 	 0.2433 	 3.7562 	 0.1414
[2025/10/18 12:01:05] - 4 	 28.5 	 	 0.2000 	 4.3082 	 0.1538
[2025/10/18 12:01:05] - ==> Building model..
[2025/10/18 12:01:29] - Test Loss 	 Test Acc 	 PGD Loss 	 PGD Acc
[2025/10/18 12:01:29] - 3.5408 	 	 0.2772 	 3.6405 	 0.1638
[2025/10/18 12:02:20] - 5 	 28.1 	 	 0.2000 	 4.2731 	 0.1699
[2025/10/18 12:02:20] - ==> Building model..
[2025/10/18 12:02:44] - Test Loss 	 Test Acc 	 PGD Loss 	 PGD Acc
[2025/10/18 12:02:44] - 3.3379 	 	 0.3209 	 3.4682 	 0.1814
[2025/10/18 12:03:34] - 6 	 27.6 	 	 0.2000 	 4.2426 	 0.1886
[2025/10/18 12:03:34] - ==> Building model..
[2025/10/18 12:03:58] - Test Loss 	 Test Acc 	 PGD Loss 	 PGD Acc
[2025/10/18 12:03:58] - 3.1637 	 	 0.3546 	 3.3223 	 0.1962
[2025/10/18 12:04:47] - 7 	 28.0 	 	 0.2000 	 4.2215 	 0.2008
[2025/10/18 12:04:47] - ==> Building model..
[2025/10/18 12:05:11] - Test Loss 	 Test Acc 	 PGD Loss 	 PGD Acc
[2025/10/18 12:05:11] - 3.0471 	 	 0.3867 	 3.2294 	 0.2089
[2025/10/18 12:06:02] - 8 	 28.9 	 	 0.2000 	 4.2031 	 0.2074
[2025/10/18 12:06:02] - ==> Building model..
[2025/10/18 12:06:26] - Test Loss 	 Test Acc 	 PGD Loss 	 PGD Acc
[2025/10/18 12:06:26] - 2.9589 	 	 0.4026 	 3.1591 	 0.2191
[2025/10/18 12:07:18] - 9 	 28.9 	 	 0.2000 	 4.1873 	 0.2188
[2025/10/18 12:07:18] - ==> Building model..
[2025/10/18 12:07:41] - Test Loss 	 Test Acc 	 PGD Loss 	 PGD Acc
[2025/10/18 12:07:41] - 2.8999 	 	 0.4170 	 3.1142 	 0.2262
[2025/10/18 12:08:33] - 10 	 28.7 	 	 0.2000 	 4.1761 	 0.2270
[2025/10/18 12:08:33] - ==> Building model..
[2025/10/18 12:08:57] - Test Loss 	 Test Acc 	 PGD Loss 	 PGD Acc
[2025/10/18 12:08:57] - 2.8623 	 	 0.4271 	 3.0845 	 0.2317
[2025/10/18 12:09:48] - 11 	 29.2 	 	 0.2000 	 4.1677 	 0.2297
[2025/10/18 12:09:48] - ==> Building model..
[2025/10/18 12:10:12] - Test Loss 	 Test Acc 	 PGD Loss 	 PGD Acc
[2025/10/18 12:10:12] - 2.8185 	 	 0.4388 	 3.0509 	 0.2355
[2025/10/18 12:11:02] - 12 	 28.0 	 	 0.2000 	 4.1582 	 0.2341
[2025/10/18 12:11:02] - ==> Building model..
[2025/10/18 12:11:27] - Test Loss 	 Test Acc 	 PGD Loss 	 PGD Acc
[2025/10/18 12:11:27] - 2.7750 	 	 0.4494 	 3.0184 	 0.2411
[2025/10/18 12:12:17] - 13 	 28.7 	 	 0.2000 	 4.1550 	 0.2361
[2025/10/18 12:12:17] - ==> Building model..
[2025/10/18 12:12:41] - Test Loss 	 Test Acc 	 PGD Loss 	 PGD Acc
[2025/10/18 12:12:41] - 2.7471 	 	 0.4541 	 2.9979 	 0.2431
[2025/10/18 12:13:31] - 14 	 26.7 	 	 0.2000 	 4.1494 	 0.2406
[2025/10/18 12:13:31] - ==> Building model..
[2025/10/18 12:13:55] - Test Loss 	 Test Acc 	 PGD Loss 	 PGD Acc
[2025/10/18 12:13:55] - 2.7277 	 	 0.4602 	 2.9844 	 0.2473
[2025/10/18 12:14:46] - 15 	 28.5 	 	 0.2000 	 4.1411 	 0.2462
[2025/10/18 12:14:46] - ==> Building model..
[2025/10/18 12:15:09] - Test Loss 	 Test Acc 	 PGD Loss 	 PGD Acc
[2025/10/18 12:15:09] - 2.7076 	 	 0.4652 	 2.9690 	 0.2524
[2025/10/18 12:15:59] - 16 	 27.6 	 	 0.2000 	 4.1365 	 0.2483
[2025/10/18 12:15:59] - ==> Building model..
[2025/10/18 12:16:24] - Test Loss 	 Test Acc 	 PGD Loss 	 PGD Acc
[2025/10/18 12:16:24] - 2.6951 	 	 0.4709 	 2.9585 	 0.2539
[2025/10/18 12:17:13] - 17 	 27.5 	 	 0.2000 	 4.1352 	 0.2477
[2025/10/18 12:17:13] - ==> Building model..
[2025/10/18 12:17:37] - Test Loss 	 Test Acc 	 PGD Loss 	 PGD Acc
[2025/10/18 12:17:37] - 2.6809 	 	 0.4763 	 2.9484 	 0.2556
[2025/10/18 12:18:29] - 18 	 28.4 	 	 0.2000 	 4.1293 	 0.2512
[2025/10/18 12:18:29] - ==> Building model..
[2025/10/18 12:18:53] - Test Loss 	 Test Acc 	 PGD Loss 	 PGD Acc
[2025/10/18 12:18:53] - 2.6712 	 	 0.4814 	 2.9417 	 0.2569
[2025/10/18 12:19:42] - 19 	 26.9 	 	 0.2000 	 4.1257 	 0.2555
[2025/10/18 12:19:42] - ==> Building model..
[2025/10/18 12:20:06] - Test Loss 	 Test Acc 	 PGD Loss 	 PGD Acc
[2025/10/18 12:20:06] - 2.6564 	 	 0.4838 	 2.9310 	 0.2582
[2025/10/18 12:20:57] - 20 	 26.9 	 	 0.2000 	 4.1247 	 0.2560
[2025/10/18 12:20:57] - ==> Building model..
[2025/10/18 12:21:21] - Test Loss 	 Test Acc 	 PGD Loss 	 PGD Acc
[2025/10/18 12:21:21] - 2.6507 	 	 0.4859 	 2.9275 	 0.2589
[2025/10/18 12:22:10] - 21 	 26.8 	 	 0.2000 	 4.1203 	 0.2567
[2025/10/18 12:22:10] - ==> Building model..
[2025/10/18 12:22:35] - Test Loss 	 Test Acc 	 PGD Loss 	 PGD Acc
[2025/10/18 12:22:35] - 2.6434 	 	 0.4866 	 2.9222 	 0.2584
[2025/10/18 12:23:24] - 22 	 27.1 	 	 0.2000 	 4.1199 	 0.2574
[2025/10/18 12:23:24] - ==> Building model..
[2025/10/18 12:23:49] - Test Loss 	 Test Acc 	 PGD Loss 	 PGD Acc
[2025/10/18 12:23:49] - 2.6349 	 	 0.4874 	 2.9157 	 0.2600
[2025/10/18 12:24:38] - 23 	 26.6 	 	 0.2000 	 4.1177 	 0.2578
[2025/10/18 12:24:38] - ==> Building model..
[2025/10/18 12:25:02] - Test Loss 	 Test Acc 	 PGD Loss 	 PGD Acc
[2025/10/18 12:25:02] - 2.6242 	 	 0.4902 	 2.9071 	 0.2613
[2025/10/18 12:25:52] - 24 	 27.2 	 	 0.2000 	 4.1148 	 0.2615
[2025/10/18 12:25:52] - ==> Building model..
[2025/10/18 12:26:17] - Test Loss 	 Test Acc 	 PGD Loss 	 PGD Acc
[2025/10/18 12:26:17] - 2.6184 	 	 0.4925 	 2.9023 	 0.2635
[2025/10/18 12:27:07] - 25 	 27.2 	 	 0.2000 	 4.1126 	 0.2651
[2025/10/18 12:27:07] - ==> Building model..
[2025/10/18 12:27:32] - Test Loss 	 Test Acc 	 PGD Loss 	 PGD Acc
[2025/10/18 12:27:32] - 2.6147 	 	 0.4938 	 2.9005 	 0.2653
[2025/10/18 12:28:22] - 26 	 26.7 	 	 0.2000 	 4.1101 	 0.2631
[2025/10/18 12:28:22] - ==> Building model..
[2025/10/18 12:28:46] - Test Loss 	 Test Acc 	 PGD Loss 	 PGD Acc
[2025/10/18 12:28:46] - 2.6090 	 	 0.4951 	 2.8957 	 0.2638
[2025/10/18 12:29:37] - 27 	 27.7 	 	 0.2000 	 4.1088 	 0.2669
[2025/10/18 12:29:37] - ==> Building model..
[2025/10/18 12:30:03] - Test Loss 	 Test Acc 	 PGD Loss 	 PGD Acc
[2025/10/18 12:30:03] - 2.6044 	 	 0.4971 	 2.8932 	 0.2658
[2025/10/18 12:30:51] - 28 	 26.1 	 	 0.2000 	 4.1082 	 0.2647
[2025/10/18 12:30:51] - ==> Building model..
[2025/10/18 12:31:15] - Test Loss 	 Test Acc 	 PGD Loss 	 PGD Acc
[2025/10/18 12:31:15] - 2.6089 	 	 0.4958 	 2.8969 	 0.2654
[2025/10/18 12:32:07] - 29 	 27.8 	 	 0.2000 	 4.1072 	 0.2673
[2025/10/18 12:32:07] - ==> Building model..
[2025/10/18 12:32:32] - Test Loss 	 Test Acc 	 PGD Loss 	 PGD Acc
[2025/10/18 12:32:32] - 2.6071 	 	 0.4946 	 2.8950 	 0.2656
[2025/10/18 12:33:21] - 30 	 26.9 	 	 0.2000 	 4.1076 	 0.2635
[2025/10/18 12:33:21] - ==> Building model..
[2025/10/18 12:33:46] - Test Loss 	 Test Acc 	 PGD Loss 	 PGD Acc
[2025/10/18 12:33:46] - 2.6072 	 	 0.4964 	 2.8965 	 0.2665
[2025/10/18 12:34:35] - 31 	 25.9 	 	 0.2000 	 4.1059 	 0.2671
[2025/10/18 12:34:35] - ==> Building model..
[2025/10/18 12:34:59] - Test Loss 	 Test Acc 	 PGD Loss 	 PGD Acc
[2025/10/18 12:34:59] - 2.6005 	 	 0.4965 	 2.8915 	 0.2674
[2025/10/18 12:35:49] - 32 	 27.5 	 	 0.2000 	 4.1034 	 0.2667
[2025/10/18 12:35:49] - ==> Building model..
[2025/10/18 12:36:14] - Test Loss 	 Test Acc 	 PGD Loss 	 PGD Acc
[2025/10/18 12:36:14] - 2.5932 	 	 0.5012 	 2.8857 	 0.2694
[2025/10/18 12:37:04] - 33 	 26.6 	 	 0.2000 	 4.1025 	 0.2689
[2025/10/18 12:37:04] - ==> Building model..
[2025/10/18 12:37:29] - Test Loss 	 Test Acc 	 PGD Loss 	 PGD Acc
[2025/10/18 12:37:29] - 2.5864 	 	 0.5019 	 2.8796 	 0.2707
[2025/10/18 12:38:17] - 34 	 26.2 	 	 0.2000 	 4.1028 	 0.2669
[2025/10/18 12:38:17] - ==> Building model..
[2025/10/18 12:38:43] - Test Loss 	 Test Acc 	 PGD Loss 	 PGD Acc
[2025/10/18 12:38:43] - 2.5866 	 	 0.5018 	 2.8801 	 0.2701
[2025/10/18 12:39:32] - 35 	 26.5 	 	 0.2000 	 4.0979 	 0.2719
[2025/10/18 12:39:32] - ==> Building model..
[2025/10/18 12:39:55] - Test Loss 	 Test Acc 	 PGD Loss 	 PGD Acc
[2025/10/18 12:39:55] - 2.5802 	 	 0.5058 	 2.8753 	 0.2702
[2025/10/18 12:40:45] - 36 	 27.2 	 	 0.2000 	 4.0987 	 0.2713
[2025/10/18 12:40:45] - ==> Building model..
[2025/10/18 12:41:08] - Test Loss 	 Test Acc 	 PGD Loss 	 PGD Acc
[2025/10/18 12:41:08] - 2.5760 	 	 0.5080 	 2.8728 	 0.2708
[2025/10/18 12:41:59] - 37 	 27.9 	 	 0.2000 	 4.0986 	 0.2703
[2025/10/18 12:41:59] - ==> Building model..
[2025/10/18 12:42:22] - Test Loss 	 Test Acc 	 PGD Loss 	 PGD Acc
[2025/10/18 12:42:22] - 2.5732 	 	 0.5076 	 2.8705 	 0.2719
[2025/10/18 12:43:11] - 38 	 26.9 	 	 0.2000 	 4.0961 	 0.2725
[2025/10/18 12:43:11] - ==> Building model..
[2025/10/18 12:43:35] - Test Loss 	 Test Acc 	 PGD Loss 	 PGD Acc
[2025/10/18 12:43:35] - 2.5704 	 	 0.5069 	 2.8680 	 0.2712
[2025/10/18 12:44:26] - 39 	 27.6 	 	 0.2000 	 4.0967 	 0.2703
[2025/10/18 12:44:26] - ==> Building model..
[2025/10/18 12:44:50] - Test Loss 	 Test Acc 	 PGD Loss 	 PGD Acc
[2025/10/18 12:44:50] - 2.5673 	 	 0.5060 	 2.8644 	 0.2727
[2025/10/18 12:45:43] - 40 	 27.7 	 	 0.2000 	 4.0954 	 0.2734
[2025/10/18 12:45:43] - ==> Building model..
[2025/10/18 12:46:07] - Test Loss 	 Test Acc 	 PGD Loss 	 PGD Acc
[2025/10/18 12:46:07] - 2.5641 	 	 0.5086 	 2.8623 	 0.2728
[2025/10/18 12:46:58] - 41 	 27.2 	 	 0.2000 	 4.0957 	 0.2724
[2025/10/18 12:46:58] - ==> Building model..
[2025/10/18 12:47:22] - Test Loss 	 Test Acc 	 PGD Loss 	 PGD Acc
[2025/10/18 12:47:22] - 2.5609 	 	 0.5106 	 2.8597 	 0.2728
[2025/10/18 12:48:12] - 42 	 26.2 	 	 0.2000 	 4.0953 	 0.2722
[2025/10/18 12:48:12] - ==> Building model..
[2025/10/18 12:48:37] - Test Loss 	 Test Acc 	 PGD Loss 	 PGD Acc
[2025/10/18 12:48:37] - 2.5601 	 	 0.5114 	 2.8607 	 0.2749
[2025/10/18 12:49:29] - 43 	 27.8 	 	 0.2000 	 4.0944 	 0.2734
[2025/10/18 12:49:29] - ==> Building model..
[2025/10/18 12:49:54] - Test Loss 	 Test Acc 	 PGD Loss 	 PGD Acc
[2025/10/18 12:49:54] - 2.5622 	 	 0.5120 	 2.8615 	 0.2744
[2025/10/18 12:50:46] - 44 	 27.2 	 	 0.2000 	 4.0943 	 0.2731
[2025/10/18 12:50:46] - ==> Building model..
[2025/10/18 12:51:11] - Test Loss 	 Test Acc 	 PGD Loss 	 PGD Acc
[2025/10/18 12:51:11] - 2.5597 	 	 0.5136 	 2.8596 	 0.2741
[2025/10/18 12:52:03] - 45 	 27.3 	 	 0.2000 	 4.0919 	 0.2759
[2025/10/18 12:52:03] - ==> Building model..
[2025/10/18 12:52:29] - Test Loss 	 Test Acc 	 PGD Loss 	 PGD Acc
[2025/10/18 12:52:29] - 2.5585 	 	 0.5123 	 2.8586 	 0.2753
[2025/10/18 12:53:17] - 46 	 25.3 	 	 0.2000 	 4.0898 	 0.2767
[2025/10/18 12:53:17] - ==> Building model..
[2025/10/18 12:53:43] - Test Loss 	 Test Acc 	 PGD Loss 	 PGD Acc
[2025/10/18 12:53:43] - 2.5575 	 	 0.5143 	 2.8581 	 0.2756
[2025/10/18 12:54:34] - 47 	 27.0 	 	 0.2000 	 4.0928 	 0.2746
[2025/10/18 12:54:34] - ==> Building model..
[2025/10/18 12:55:01] - Test Loss 	 Test Acc 	 PGD Loss 	 PGD Acc
[2025/10/18 12:55:01] - 2.5592 	 	 0.5140 	 2.8597 	 0.2746
[2025/10/18 12:55:52] - 48 	 26.4 	 	 0.2000 	 4.0894 	 0.2775
[2025/10/18 12:55:52] - ==> Building model..
[2025/10/18 12:56:18] - Test Loss 	 Test Acc 	 PGD Loss 	 PGD Acc
[2025/10/18 12:56:18] - 2.5587 	 	 0.5130 	 2.8594 	 0.2750
[2025/10/18 12:57:07] - 49 	 25.5 	 	 0.2000 	 4.0894 	 0.2770
[2025/10/18 12:57:07] - ==> Building model..
[2025/10/18 12:57:34] - Test Loss 	 Test Acc 	 PGD Loss 	 PGD Acc
[2025/10/18 12:57:34] - 2.5571 	 	 0.5137 	 2.8580 	 0.2759
[2025/10/18 12:58:25] - 50 	 26.5 	 	 0.2000 	 4.0886 	 0.2765
[2025/10/18 12:58:25] - ==> Building model..
[2025/10/18 12:58:52] - Test Loss 	 Test Acc 	 PGD Loss 	 PGD Acc
[2025/10/18 12:58:52] - 2.5556 	 	 0.5158 	 2.8575 	 0.2762
[2025/10/18 12:59:42] - 51 	 26.9 	 	 0.2000 	 4.0904 	 0.2756
[2025/10/18 12:59:42] - ==> Building model..
[2025/10/18 13:00:08] - Test Loss 	 Test Acc 	 PGD Loss 	 PGD Acc
[2025/10/18 13:00:08] - 2.5568 	 	 0.5164 	 2.8585 	 0.2771
[2025/10/18 13:00:58] - 52 	 25.7 	 	 0.2000 	 4.0907 	 0.2756
[2025/10/18 13:00:58] - ==> Building model..
[2025/10/18 13:01:24] - Test Loss 	 Test Acc 	 PGD Loss 	 PGD Acc
[2025/10/18 13:01:24] - 2.5560 	 	 0.5172 	 2.8584 	 0.2773
[2025/10/18 13:02:13] - 53 	 25.2 	 	 0.2000 	 4.0884 	 0.2789
[2025/10/18 13:02:13] - ==> Building model..
[2025/10/18 13:02:39] - Test Loss 	 Test Acc 	 PGD Loss 	 PGD Acc
[2025/10/18 13:02:39] - 2.5548 	 	 0.5163 	 2.8567 	 0.2783
[2025/10/18 13:03:31] - 54 	 27.2 	 	 0.2000 	 4.0911 	 0.2759
[2025/10/18 13:03:31] - ==> Building model..
[2025/10/18 13:03:58] - Test Loss 	 Test Acc 	 PGD Loss 	 PGD Acc
[2025/10/18 13:03:58] - 2.5547 	 	 0.5168 	 2.8556 	 0.2777
[2025/10/18 13:04:48] - 55 	 26.8 	 	 0.2000 	 4.0902 	 0.2772
[2025/10/18 13:04:48] - ==> Building model..
[2025/10/18 13:05:15] - Test Loss 	 Test Acc 	 PGD Loss 	 PGD Acc
[2025/10/18 13:05:15] - 2.5544 	 	 0.5173 	 2.8558 	 0.2790
[2025/10/18 13:06:06] - 56 	 27.9 	 	 0.2000 	 4.0910 	 0.2754
[2025/10/18 13:06:06] - ==> Building model..
[2025/10/18 13:06:31] - Test Loss 	 Test Acc 	 PGD Loss 	 PGD Acc
[2025/10/18 13:06:31] - 2.5585 	 	 0.5156 	 2.8581 	 0.2785
[2025/10/18 13:07:22] - 57 	 26.8 	 	 0.2000 	 4.0920 	 0.2773
[2025/10/18 13:07:22] - ==> Building model..
[2025/10/18 13:07:47] - Test Loss 	 Test Acc 	 PGD Loss 	 PGD Acc
[2025/10/18 13:07:47] - 2.5607 	 	 0.5167 	 2.8602 	 0.2791
[2025/10/18 13:08:37] - 58 	 27.5 	 	 0.2000 	 4.0900 	 0.2788
[2025/10/18 13:08:37] - ==> Building model..
[2025/10/18 13:09:02] - Test Loss 	 Test Acc 	 PGD Loss 	 PGD Acc
[2025/10/18 13:09:02] - 2.5621 	 	 0.5160 	 2.8612 	 0.2796
[2025/10/18 13:09:52] - 59 	 26.6 	 	 0.2000 	 4.0929 	 0.2781
[2025/10/18 13:09:52] - ==> Building model..
[2025/10/18 13:10:17] - Test Loss 	 Test Acc 	 PGD Loss 	 PGD Acc
[2025/10/18 13:10:17] - 2.5626 	 	 0.5163 	 2.8609 	 0.2799
[2025/10/18 13:11:03] - 60 	 24.5 	 	 0.2000 	 4.0917 	 0.2793
[2025/10/18 13:11:03] - ==> Building model..
[2025/10/18 13:11:30] - Test Loss 	 Test Acc 	 PGD Loss 	 PGD Acc
[2025/10/18 13:11:30] - 2.5651 	 	 0.5176 	 2.8632 	 0.2800
[2025/10/18 13:12:19] - 61 	 26.9 	 	 0.2000 	 4.0926 	 0.2778
[2025/10/18 13:12:19] - ==> Building model..
[2025/10/18 13:12:45] - Test Loss 	 Test Acc 	 PGD Loss 	 PGD Acc
[2025/10/18 13:12:45] - 2.5680 	 	 0.5174 	 2.8649 	 0.2797
[2025/10/18 13:13:33] - 62 	 26.0 	 	 0.2000 	 4.0934 	 0.2807
[2025/10/18 13:13:33] - ==> Building model..
[2025/10/18 13:13:59] - Test Loss 	 Test Acc 	 PGD Loss 	 PGD Acc
[2025/10/18 13:13:59] - 2.5731 	 	 0.5155 	 2.8680 	 0.2806
[2025/10/18 13:14:47] - 63 	 26.0 	 	 0.2000 	 4.0948 	 0.2779
[2025/10/18 13:14:47] - ==> Building model..
[2025/10/18 13:15:12] - Test Loss 	 Test Acc 	 PGD Loss 	 PGD Acc
[2025/10/18 13:15:12] - 2.5780 	 	 0.5161 	 2.8708 	 0.2800
[2025/10/18 13:16:03] - 64 	 26.8 	 	 0.2000 	 4.0913 	 0.2804
[2025/10/18 13:16:03] - ==> Building model..
[2025/10/18 13:16:28] - Test Loss 	 Test Acc 	 PGD Loss 	 PGD Acc
[2025/10/18 13:16:28] - 2.5822 	 	 0.5167 	 2.8745 	 0.2807
[2025/10/18 13:17:17] - 65 	 25.9 	 	 0.2000 	 4.0925 	 0.2797
[2025/10/18 13:17:17] - ==> Building model..
[2025/10/18 13:17:41] - Test Loss 	 Test Acc 	 PGD Loss 	 PGD Acc
[2025/10/18 13:17:41] - 2.5871 	 	 0.5148 	 2.8780 	 0.2796
[2025/10/18 13:18:31] - 66 	 26.8 	 	 0.2000 	 4.0925 	 0.2761
[2025/10/18 13:18:31] - ==> Building model..
[2025/10/18 13:18:54] - Test Loss 	 Test Acc 	 PGD Loss 	 PGD Acc
[2025/10/18 13:18:54] - 2.5916 	 	 0.5145 	 2.8813 	 0.2788
[2025/10/18 13:19:44] - 67 	 25.7 	 	 0.2000 	 4.0916 	 0.2791
[2025/10/18 13:19:44] - ==> Building model..
[2025/10/18 13:20:07] - Test Loss 	 Test Acc 	 PGD Loss 	 PGD Acc
[2025/10/18 13:20:07] - 2.5925 	 	 0.5149 	 2.8819 	 0.2790
[2025/10/18 13:20:57] - 68 	 26.2 	 	 0.2000 	 4.0919 	 0.2783
[2025/10/18 13:20:57] - ==> Building model..
[2025/10/18 13:21:20] - Test Loss 	 Test Acc 	 PGD Loss 	 PGD Acc
[2025/10/18 13:21:20] - 2.5936 	 	 0.5157 	 2.8826 	 0.2798
[2025/10/18 13:22:10] - 69 	 26.9 	 	 0.2000 	 4.0926 	 0.2786
[2025/10/18 13:22:10] - ==> Building model..
[2025/10/18 13:22:33] - Test Loss 	 Test Acc 	 PGD Loss 	 PGD Acc
[2025/10/18 13:22:33] - 2.5964 	 	 0.5149 	 2.8841 	 0.2794
[2025/10/18 13:23:23] - 70 	 26.5 	 	 0.2000 	 4.0935 	 0.2796
[2025/10/18 13:23:23] - ==> Building model..
[2025/10/18 13:23:46] - Test Loss 	 Test Acc 	 PGD Loss 	 PGD Acc
[2025/10/18 13:23:46] - 2.5978 	 	 0.5150 	 2.8851 	 0.2814
[2025/10/18 13:24:36] - 71 	 27.0 	 	 0.2000 	 4.0915 	 0.2793
[2025/10/18 13:24:36] - ==> Building model..
[2025/10/18 13:24:58] - Test Loss 	 Test Acc 	 PGD Loss 	 PGD Acc
[2025/10/18 13:24:58] - 2.5972 	 	 0.5150 	 2.8844 	 0.2807
[2025/10/18 13:25:49] - 72 	 26.9 	 	 0.2000 	 4.0914 	 0.2772
[2025/10/18 13:25:49] - ==> Building model..
[2025/10/18 13:26:12] - Test Loss 	 Test Acc 	 PGD Loss 	 PGD Acc
[2025/10/18 13:26:12] - 2.5967 	 	 0.5153 	 2.8845 	 0.2814
[2025/10/18 13:27:02] - 73 	 26.3 	 	 0.2000 	 4.0916 	 0.2783
[2025/10/18 13:27:02] - ==> Building model..
[2025/10/18 13:27:27] - Test Loss 	 Test Acc 	 PGD Loss 	 PGD Acc
[2025/10/18 13:27:27] - 2.5968 	 	 0.5153 	 2.8842 	 0.2824
[2025/10/18 13:28:18] - 74 	 27.6 	 	 0.2000 	 4.0908 	 0.2796
[2025/10/18 13:28:18] - ==> Building model..
[2025/10/18 13:28:43] - Test Loss 	 Test Acc 	 PGD Loss 	 PGD Acc
[2025/10/18 13:28:43] - 2.5956 	 	 0.5142 	 2.8830 	 0.2822
[2025/10/18 13:29:35] - 75 	 27.9 	 	 0.2000 	 4.0904 	 0.2791
[2025/10/18 13:29:35] - ==> Building model..
[2025/10/18 13:30:00] - Test Loss 	 Test Acc 	 PGD Loss 	 PGD Acc
[2025/10/18 13:30:00] - 2.5952 	 	 0.5144 	 2.8826 	 0.2825
[2025/10/18 13:30:52] - 76 	 26.6 	 	 0.2000 	 4.0919 	 0.2793
[2025/10/18 13:30:52] - ==> Building model..
[2025/10/18 13:31:16] - Test Loss 	 Test Acc 	 PGD Loss 	 PGD Acc
[2025/10/18 13:31:16] - 2.5952 	 	 0.5141 	 2.8831 	 0.2828
[2025/10/18 13:32:07] - 77 	 26.2 	 	 0.2000 	 4.0905 	 0.2808
[2025/10/18 13:32:07] - ==> Building model..
[2025/10/18 13:32:32] - Test Loss 	 Test Acc 	 PGD Loss 	 PGD Acc
[2025/10/18 13:32:32] - 2.5955 	 	 0.5149 	 2.8827 	 0.2822
[2025/10/18 13:33:22] - 78 	 28.0 	 	 0.2000 	 4.0916 	 0.2786
[2025/10/18 13:33:22] - ==> Building model..
[2025/10/18 13:33:47] - Test Loss 	 Test Acc 	 PGD Loss 	 PGD Acc
[2025/10/18 13:33:47] - 2.5951 	 	 0.5153 	 2.8825 	 0.2827
[2025/10/18 13:34:38] - 79 	 27.3 	 	 0.2000 	 4.0898 	 0.2796
[2025/10/18 13:34:38] - ==> Building model..
[2025/10/18 13:35:04] - Test Loss 	 Test Acc 	 PGD Loss 	 PGD Acc
[2025/10/18 13:35:04] - 2.5947 	 	 0.5155 	 2.8819 	 0.2822
[2025/10/18 13:35:53] - 80 	 26.8 	 	 0.2000 	 4.0886 	 0.2812
[2025/10/18 13:35:53] - ==> Building model..
[2025/10/18 13:36:17] - Test Loss 	 Test Acc 	 PGD Loss 	 PGD Acc
[2025/10/18 13:36:17] - 2.5941 	 	 0.5148 	 2.8813 	 0.2832
[2025/10/18 13:37:08] - 81 	 27.2 	 	 0.2000 	 4.0906 	 0.2786
[2025/10/18 13:37:08] - ==> Building model..
[2025/10/18 13:37:34] - Test Loss 	 Test Acc 	 PGD Loss 	 PGD Acc
[2025/10/18 13:37:34] - 2.5959 	 	 0.5157 	 2.8829 	 0.2832
[2025/10/18 13:38:24] - 82 	 27.1 	 	 0.2000 	 4.0913 	 0.2808
[2025/10/18 13:38:24] - ==> Building model..
[2025/10/18 13:38:49] - Test Loss 	 Test Acc 	 PGD Loss 	 PGD Acc
[2025/10/18 13:38:49] - 2.5948 	 	 0.5165 	 2.8823 	 0.2833
[2025/10/18 13:39:39] - 83 	 27.4 	 	 0.2000 	 4.0879 	 0.2817
[2025/10/18 13:39:39] - ==> Building model..
[2025/10/18 13:40:05] - Test Loss 	 Test Acc 	 PGD Loss 	 PGD Acc
[2025/10/18 13:40:05] - 2.5947 	 	 0.5161 	 2.8818 	 0.2826
[2025/10/18 13:40:55] - 84 	 27.0 	 	 0.2000 	 4.0904 	 0.2801
[2025/10/18 13:40:55] - ==> Building model..
[2025/10/18 13:41:21] - Test Loss 	 Test Acc 	 PGD Loss 	 PGD Acc
[2025/10/18 13:41:21] - 2.5948 	 	 0.5151 	 2.8819 	 0.2839
[2025/10/18 13:42:09] - 85 	 26.2 	 	 0.2000 	 4.0913 	 0.2807
[2025/10/18 13:42:09] - ==> Building model..
[2025/10/18 13:42:35] - Test Loss 	 Test Acc 	 PGD Loss 	 PGD Acc
[2025/10/18 13:42:35] - 2.5955 	 	 0.5164 	 2.8827 	 0.2836
[2025/10/18 13:43:25] - 86 	 25.8 	 	 0.2000 	 4.0900 	 0.2797
[2025/10/18 13:43:25] - ==> Building model..
[2025/10/18 13:43:50] - Test Loss 	 Test Acc 	 PGD Loss 	 PGD Acc
[2025/10/18 13:43:50] - 2.5959 	 	 0.5160 	 2.8837 	 0.2831
[2025/10/18 13:44:40] - 87 	 25.5 	 	 0.2000 	 4.0899 	 0.2818
[2025/10/18 13:44:40] - ==> Building model..
[2025/10/18 13:45:04] - Test Loss 	 Test Acc 	 PGD Loss 	 PGD Acc
[2025/10/18 13:45:04] - 2.5962 	 	 0.5159 	 2.8828 	 0.2838
[2025/10/18 13:45:55] - 88 	 26.3 	 	 0.2000 	 4.0908 	 0.2798
[2025/10/18 13:45:55] - ==> Building model..
[2025/10/18 13:46:20] - Test Loss 	 Test Acc 	 PGD Loss 	 PGD Acc
[2025/10/18 13:46:20] - 2.5964 	 	 0.5150 	 2.8827 	 0.2850
[2025/10/18 13:47:10] - 89 	 26.2 	 	 0.2000 	 4.0902 	 0.2825
[2025/10/18 13:47:10] - ==> Building model..
[2025/10/18 13:47:35] - Test Loss 	 Test Acc 	 PGD Loss 	 PGD Acc
[2025/10/18 13:47:35] - 2.5971 	 	 0.5153 	 2.8834 	 0.2844
[2025/10/18 13:48:25] - 90 	 25.6 	 	 0.2000 	 4.0885 	 0.2826
[2025/10/18 13:48:25] - ==> Building model..
[2025/10/18 13:48:50] - Test Loss 	 Test Acc 	 PGD Loss 	 PGD Acc
[2025/10/18 13:48:50] - 2.5972 	 	 0.5156 	 2.8835 	 0.2850
[2025/10/18 13:49:42] - 91 	 26.8 	 	 0.2000 	 4.0912 	 0.2796
[2025/10/18 13:49:42] - ==> Building model..
[2025/10/18 13:50:07] - Test Loss 	 Test Acc 	 PGD Loss 	 PGD Acc
[2025/10/18 13:50:07] - 2.5980 	 	 0.5149 	 2.8840 	 0.2861
[2025/10/18 13:50:57] - 92 	 26.3 	 	 0.2000 	 4.0896 	 0.2791
[2025/10/18 13:50:57] - ==> Building model..
[2025/10/18 13:51:23] - Test Loss 	 Test Acc 	 PGD Loss 	 PGD Acc
[2025/10/18 13:51:23] - 2.5990 	 	 0.5144 	 2.8854 	 0.2858
[2025/10/18 13:52:12] - 93 	 25.9 	 	 0.2000 	 4.0899 	 0.2806
[2025/10/18 13:52:12] - ==> Building model..
[2025/10/18 13:52:39] - Test Loss 	 Test Acc 	 PGD Loss 	 PGD Acc
[2025/10/18 13:52:39] - 2.5987 	 	 0.5146 	 2.8845 	 0.2851
[2025/10/18 13:53:28] - 94 	 25.7 	 	 0.0200 	 3.9979 	 0.3402
[2025/10/18 13:53:28] - ==> Building model..
[2025/10/18 13:53:53] - Test Loss 	 Test Acc 	 PGD Loss 	 PGD Acc
[2025/10/18 13:53:53] - 2.5963 	 	 0.5153 	 2.8828 	 0.2848
[2025/10/18 13:54:41] - 95 	 24.1 	 	 0.0200 	 3.9032 	 0.4043
[2025/10/18 13:54:41] - ==> Building model..
[2025/10/18 13:55:06] - Test Loss 	 Test Acc 	 PGD Loss 	 PGD Acc
[2025/10/18 13:55:06] - 2.5948 	 	 0.5151 	 2.8818 	 0.2848
[2025/10/18 13:55:55] - 96 	 24.1 	 	 0.0200 	 3.8789 	 0.4205
[2025/10/18 13:55:55] - ==> Building model..
[2025/10/18 13:56:21] - Test Loss 	 Test Acc 	 PGD Loss 	 PGD Acc
[2025/10/18 13:56:21] - 2.5947 	 	 0.5154 	 2.8816 	 0.2849
[2025/10/18 13:57:09] - 97 	 24.3 	 	 0.0200 	 3.8609 	 0.4323
[2025/10/18 13:57:09] - ==> Building model..
[2025/10/18 13:57:34] - Test Loss 	 Test Acc 	 PGD Loss 	 PGD Acc
[2025/10/18 13:57:34] - 2.5952 	 	 0.5153 	 2.8818 	 0.2847
[2025/10/18 13:58:22] - 98 	 24.3 	 	 0.0200 	 3.8459 	 0.4421
[2025/10/18 13:58:22] - ==> Building model..
[2025/10/18 13:58:48] - Test Loss 	 Test Acc 	 PGD Loss 	 PGD Acc
[2025/10/18 13:58:48] - 2.5952 	 	 0.5153 	 2.8817 	 0.2849
[2025/10/18 13:59:36] - 99 	 24.1 	 	 0.0020 	 3.8147 	 0.4668
[2025/10/18 13:59:36] - ==> Building model..
[2025/10/18 14:00:00] - Test Loss 	 Test Acc 	 PGD Loss 	 PGD Acc
[2025/10/18 14:00:00] - 2.5970 	 	 0.5154 	 2.8833 	 0.2852
[2025/10/18 14:00:49] - 100 	 24.5 	 	 0.0020 	 3.7859 	 0.4910
[2025/10/18 14:00:49] - ==> Building model..
[2025/10/18 14:01:13] - Test Loss 	 Test Acc 	 PGD Loss 	 PGD Acc
[2025/10/18 14:01:13] - 2.5970 	 	 0.5154 	 2.8838 	 0.2850
[2025/10/18 14:02:02] - 101 	 25.7 	 	 0.0020 	 3.7794 	 0.4958
[2025/10/18 14:02:02] - ==> Building model..
[2025/10/18 14:02:26] - Test Loss 	 Test Acc 	 PGD Loss 	 PGD Acc
[2025/10/18 14:02:26] - 2.5970 	 	 0.5154 	 2.8837 	 0.2852
[2025/10/18 14:03:14] - 102 	 24.5 	 	 0.0020 	 3.7741 	 0.4999
[2025/10/18 14:03:14] - ==> Building model..
[2025/10/18 14:03:38] - Test Loss 	 Test Acc 	 PGD Loss 	 PGD Acc
[2025/10/18 14:03:38] - 2.5976 	 	 0.5153 	 2.8838 	 0.2850
[2025/10/18 14:04:29] - 103 	 25.7 	 	 0.0020 	 3.7697 	 0.5038
[2025/10/18 14:04:29] - ==> Building model..
[2025/10/18 14:04:53] - Test Loss 	 Test Acc 	 PGD Loss 	 PGD Acc
[2025/10/18 14:04:53] - 2.5976 	 	 0.5153 	 2.8840 	 0.2859
[2025/10/18 14:05:42] - 104 	 25.7 	 	 0.0020 	 3.7653 	 0.5083
[2025/10/18 14:05:42] - ==> Building model..
[2025/10/18 14:06:06] - Test Loss 	 Test Acc 	 PGD Loss 	 PGD Acc
[2025/10/18 14:06:06] - 2.5982 	 	 0.5153 	 2.8849 	 0.2856
[2025/10/18 14:06:56] - 105 	 26.3 	 	 0.0020 	 3.7608 	 0.5110
[2025/10/18 14:06:56] - ==> Building model..
[2025/10/18 14:07:21] - Test Loss 	 Test Acc 	 PGD Loss 	 PGD Acc
[2025/10/18 14:07:21] - 2.5982 	 	 0.5153 	 2.8848 	 0.2850
[2025/10/18 14:08:10] - 106 	 25.2 	 	 0.0020 	 3.7571 	 0.5118
[2025/10/18 14:08:10] - ==> Building model..
[2025/10/18 14:08:34] - Test Loss 	 Test Acc 	 PGD Loss 	 PGD Acc
[2025/10/18 14:08:34] - 2.5982 	 	 0.5153 	 2.8845 	 0.2856
[2025/10/18 14:09:23] - 107 	 24.5 	 	 0.0020 	 3.7533 	 0.5154
[2025/10/18 14:09:23] - ==> Building model..
[2025/10/18 14:09:48] - Test Loss 	 Test Acc 	 PGD Loss 	 PGD Acc
[2025/10/18 14:09:48] - 2.5989 	 	 0.5153 	 2.8855 	 0.2853
[2025/10/18 14:10:37] - 108 	 25.2 	 	 0.0020 	 3.7509 	 0.5183
[2025/10/18 14:10:37] - ==> Building model..
[2025/10/18 14:11:02] - Test Loss 	 Test Acc 	 PGD Loss 	 PGD Acc
[2025/10/18 14:11:02] - 2.5989 	 	 0.5153 	 2.8850 	 0.2850
[2025/10/18 14:11:50] - 109 	 24.7 	 	 0.0020 	 3.7458 	 0.5241
[2025/10/18 14:11:50] - ==> Building model..
[2025/10/18 14:12:15] - Test Loss 	 Test Acc 	 PGD Loss 	 PGD Acc
[2025/10/18 14:12:15] - 2.5989 	 	 0.5153 	 2.8857 	 0.2856
[2025/10/18 14:12:15] - [0.0851, 0.1371, 0.1951, 0.2433, 0.2772, 0.3209, 0.3546, 0.3867, 0.4026, 0.417, 0.4271, 0.4388, 0.4494, 0.4541, 0.4602, 0.4652, 0.4709, 0.4763, 0.4814, 0.4838, 0.4859, 0.4866, 0.4874, 0.4902, 0.4925, 0.4938, 0.4951, 0.4971, 0.4958, 0.4946, 0.4964, 0.4965, 0.5012, 0.5019, 0.5018, 0.5058, 0.508, 0.5076, 0.5069, 0.506, 0.5086, 0.5106, 0.5114, 0.512, 0.5136, 0.5123, 0.5143, 0.514, 0.513, 0.5137, 0.5158, 0.5164, 0.5172, 0.5163, 0.5168, 0.5173, 0.5156, 0.5167, 0.516, 0.5163, 0.5176, 0.5174, 0.5155, 0.5161, 0.5167, 0.5148, 0.5145, 0.5149, 0.5157, 0.5149, 0.515, 0.515, 0.5153, 0.5153, 0.5142, 0.5144, 0.5141, 0.5149, 0.5153, 0.5155, 0.5148, 0.5157, 0.5165, 0.5161, 0.5151, 0.5164, 0.516, 0.5159, 0.515, 0.5153, 0.5156, 0.5149, 0.5144, 0.5146, 0.5153, 0.5151, 0.5154, 0.5153, 0.5153, 0.5154, 0.5154, 0.5154, 0.5153, 0.5153, 0.5153, 0.5153, 0.5153, 0.5153, 0.5153, 0.5153]
[2025/10/18 14:12:15] - [0.0581, 0.0908, 0.1242, 0.1414, 0.1638, 0.1814, 0.1962, 0.2089, 0.2191, 0.2262, 0.2317, 0.2355, 0.2411, 0.2431, 0.2473, 0.2524, 0.2539, 0.2556, 0.2569, 0.2582, 0.2589, 0.2584, 0.26, 0.2613, 0.2635, 0.2653, 0.2638, 0.2658, 0.2654, 0.2656, 0.2665, 0.2674, 0.2694, 0.2707, 0.2701, 0.2702, 0.2708, 0.2719, 0.2712, 0.2727, 0.2728, 0.2728, 0.2749, 0.2744, 0.2741, 0.2753, 0.2756, 0.2746, 0.275, 0.2759, 0.2762, 0.2771, 0.2773, 0.2783, 0.2777, 0.279, 0.2785, 0.2791, 0.2796, 0.2799, 0.28, 0.2797, 0.2806, 0.28, 0.2807, 0.2796, 0.2788, 0.279, 0.2798, 0.2794, 0.2814, 0.2807, 0.2814, 0.2824, 0.2822, 0.2825, 0.2828, 0.2822, 0.2827, 0.2822, 0.2832, 0.2832, 0.2833, 0.2826, 0.2839, 0.2836, 0.2831, 0.2838, 0.285, 0.2844, 0.285, 0.2861, 0.2858, 0.2851, 0.2848, 0.2848, 0.2849, 0.2847, 0.2849, 0.2852, 0.285, 0.2852, 0.285, 0.2859, 0.2856, 0.285, 0.2856, 0.2853, 0.285, 0.2856]
