[2025/10/15 23:58:41] - Namespace(batch_size=128, data_dir='cifar-data', epochs=100, lr_schedule='multistep', lr_min=0.0, lr_max=0.2, weight_decay=0.0005, momentum=0.9, model='ResNet18', epsilon=8, alpha=8, delta_init='random', normal_mean=0, normal_std=1, out_dir='./output/CIFAR100/lamda_38_lamscale_0.08_run2', seed=0, lamda=38.0, lam_scale=0.08, lam_start=50, gamma=0.05, inner_gamma=0.05, beta=0.2, mu=3.5, batch_m=0.75, early_stop=False, factor=0.5, length=4, n_holes=1, c_num=0.125, EMA_value=0.55)
[2025/10/15 23:58:54] - ==> Building model..
[2025/10/15 23:58:54] - Epoch 	 Seconds 	 LR 	 	 Train Loss 	 Train Acc
[2025/10/15 23:59:47] - 0 	 31.4 	 	 0.2000 	 4.5750 	 0.0375
[2025/10/15 23:59:47] - ==> Building model..
[2025/10/16 00:00:10] - Test Loss 	 Test Acc 	 PGD Loss 	 PGD Acc
[2025/10/16 00:00:10] - 4.2777 	 	 0.0784 	 4.2877 	 0.0536
[2025/10/16 00:01:04] - 1 	 29.7 	 	 0.2000 	 4.4612 	 0.0781
[2025/10/16 00:01:04] - ==> Building model..
[2025/10/16 00:01:27] - Test Loss 	 Test Acc 	 PGD Loss 	 PGD Acc
[2025/10/16 00:01:27] - 4.0631 	 	 0.1404 	 4.0900 	 0.0918
[2025/10/16 00:02:19] - 2 	 28.4 	 	 0.2000 	 4.4116 	 0.1020
[2025/10/16 00:02:19] - ==> Building model..
[2025/10/16 00:02:42] - Test Loss 	 Test Acc 	 PGD Loss 	 PGD Acc
[2025/10/16 00:02:42] - 3.9512 	 	 0.1769 	 3.9917 	 0.1104
[2025/10/16 00:03:33] - 3 	 28.6 	 	 0.2000 	 4.3635 	 0.1250
[2025/10/16 00:03:33] - ==> Building model..
[2025/10/16 00:03:57] - Test Loss 	 Test Acc 	 PGD Loss 	 PGD Acc
[2025/10/16 00:03:57] - 3.7549 	 	 0.2274 	 3.8198 	 0.1358
[2025/10/16 00:04:47] - 4 	 28.7 	 	 0.2000 	 4.3206 	 0.1470
[2025/10/16 00:04:47] - ==> Building model..
[2025/10/16 00:05:09] - Test Loss 	 Test Acc 	 PGD Loss 	 PGD Acc
[2025/10/16 00:05:09] - 3.6374 	 	 0.2599 	 3.7227 	 0.1566
[2025/10/16 00:05:58] - 5 	 28.9 	 	 0.2000 	 4.2827 	 0.1637
[2025/10/16 00:05:58] - ==> Building model..
[2025/10/16 00:06:22] - Test Loss 	 Test Acc 	 PGD Loss 	 PGD Acc
[2025/10/16 00:06:22] - 3.3966 	 	 0.3050 	 3.5172 	 0.1756
[2025/10/16 00:07:10] - 6 	 28.1 	 	 0.2000 	 4.2501 	 0.1851
[2025/10/16 00:07:10] - ==> Building model..
[2025/10/16 00:07:33] - Test Loss 	 Test Acc 	 PGD Loss 	 PGD Acc
[2025/10/16 00:07:33] - 3.2126 	 	 0.3414 	 3.3615 	 0.1916
[2025/10/16 00:08:22] - 7 	 27.7 	 	 0.2000 	 4.2279 	 0.1951
[2025/10/16 00:08:22] - ==> Building model..
[2025/10/16 00:08:43] - Test Loss 	 Test Acc 	 PGD Loss 	 PGD Acc
[2025/10/16 00:08:43] - 3.0898 	 	 0.3728 	 3.2636 	 0.2052
[2025/10/16 00:09:26] - 8 	 22.2 	 	 0.2000 	 4.2071 	 0.2065
[2025/10/16 00:09:26] - ==> Building model..
[2025/10/16 00:09:48] - Test Loss 	 Test Acc 	 PGD Loss 	 PGD Acc
[2025/10/16 00:09:48] - 2.9835 	 	 0.3983 	 3.1802 	 0.2159
[2025/10/16 00:10:39] - 9 	 29.2 	 	 0.2000 	 4.1914 	 0.2151
[2025/10/16 00:10:39] - ==> Building model..
[2025/10/16 00:11:02] - Test Loss 	 Test Acc 	 PGD Loss 	 PGD Acc
[2025/10/16 00:11:02] - 2.9280 	 	 0.4120 	 3.1379 	 0.2222
[2025/10/16 00:11:51] - 10 	 27.8 	 	 0.2000 	 4.1781 	 0.2229
[2025/10/16 00:11:51] - ==> Building model..
[2025/10/16 00:12:14] - Test Loss 	 Test Acc 	 PGD Loss 	 PGD Acc
[2025/10/16 00:12:14] - 2.8715 	 	 0.4272 	 3.0934 	 0.2280
[2025/10/16 00:13:03] - 11 	 28.3 	 	 0.2000 	 4.1699 	 0.2268
[2025/10/16 00:13:03] - ==> Building model..
[2025/10/16 00:13:25] - Test Loss 	 Test Acc 	 PGD Loss 	 PGD Acc
[2025/10/16 00:13:25] - 2.8265 	 	 0.4357 	 3.0592 	 0.2357
[2025/10/16 00:14:14] - 12 	 28.4 	 	 0.2000 	 4.1596 	 0.2335
[2025/10/16 00:14:14] - ==> Building model..
[2025/10/16 00:14:38] - Test Loss 	 Test Acc 	 PGD Loss 	 PGD Acc
[2025/10/16 00:14:38] - 2.7920 	 	 0.4460 	 3.0333 	 0.2396
[2025/10/16 00:15:28] - 13 	 29.1 	 	 0.2000 	 4.1559 	 0.2345
[2025/10/16 00:15:28] - ==> Building model..
[2025/10/16 00:15:51] - Test Loss 	 Test Acc 	 PGD Loss 	 PGD Acc
[2025/10/16 00:15:51] - 2.7621 	 	 0.4516 	 3.0105 	 0.2414
[2025/10/16 00:16:40] - 14 	 28.3 	 	 0.2000 	 4.1501 	 0.2400
[2025/10/16 00:16:40] - ==> Building model..
[2025/10/16 00:17:05] - Test Loss 	 Test Acc 	 PGD Loss 	 PGD Acc
[2025/10/16 00:17:05] - 2.7450 	 	 0.4559 	 2.9987 	 0.2456
[2025/10/16 00:17:54] - 15 	 28.3 	 	 0.2000 	 4.1425 	 0.2448
[2025/10/16 00:17:54] - ==> Building model..
[2025/10/16 00:18:18] - Test Loss 	 Test Acc 	 PGD Loss 	 PGD Acc
[2025/10/16 00:18:18] - 2.7226 	 	 0.4608 	 2.9808 	 0.2490
[2025/10/16 00:19:08] - 16 	 28.5 	 	 0.2000 	 4.1376 	 0.2464
[2025/10/16 00:19:08] - ==> Building model..
[2025/10/16 00:19:31] - Test Loss 	 Test Acc 	 PGD Loss 	 PGD Acc
[2025/10/16 00:19:31] - 2.7078 	 	 0.4663 	 2.9693 	 0.2499
[2025/10/16 00:20:20] - 17 	 28.9 	 	 0.2000 	 4.1362 	 0.2467
[2025/10/16 00:20:20] - ==> Building model..
[2025/10/16 00:20:43] - Test Loss 	 Test Acc 	 PGD Loss 	 PGD Acc
[2025/10/16 00:20:43] - 2.6945 	 	 0.4729 	 2.9607 	 0.2522
[2025/10/16 00:21:30] - 18 	 26.0 	 	 0.2000 	 4.1299 	 0.2505
[2025/10/16 00:21:30] - ==> Building model..
[2025/10/16 00:21:52] - Test Loss 	 Test Acc 	 PGD Loss 	 PGD Acc
[2025/10/16 00:21:52] - 2.6805 	 	 0.4757 	 2.9512 	 0.2560
[2025/10/16 00:22:40] - 19 	 27.1 	 	 0.2000 	 4.1272 	 0.2524
[2025/10/16 00:22:40] - ==> Building model..
[2025/10/16 00:23:04] - Test Loss 	 Test Acc 	 PGD Loss 	 PGD Acc
[2025/10/16 00:23:04] - 2.6736 	 	 0.4773 	 2.9460 	 0.2570
[2025/10/16 00:23:57] - 20 	 29.9 	 	 0.2000 	 4.1258 	 0.2549
[2025/10/16 00:23:57] - ==> Building model..
[2025/10/16 00:24:21] - Test Loss 	 Test Acc 	 PGD Loss 	 PGD Acc
[2025/10/16 00:24:21] - 2.6641 	 	 0.4791 	 2.9390 	 0.2585
[2025/10/16 00:25:11] - 21 	 29.1 	 	 0.2000 	 4.1213 	 0.2553
[2025/10/16 00:25:11] - ==> Building model..
[2025/10/16 00:25:35] - Test Loss 	 Test Acc 	 PGD Loss 	 PGD Acc
[2025/10/16 00:25:35] - 2.6515 	 	 0.4829 	 2.9308 	 0.2588
[2025/10/16 00:26:25] - 22 	 28.9 	 	 0.2000 	 4.1209 	 0.2556
[2025/10/16 00:26:25] - ==> Building model..
[2025/10/16 00:26:49] - Test Loss 	 Test Acc 	 PGD Loss 	 PGD Acc
[2025/10/16 00:26:49] - 2.6396 	 	 0.4882 	 2.9220 	 0.2614
[2025/10/16 00:27:39] - 23 	 29.4 	 	 0.2000 	 4.1194 	 0.2547
[2025/10/16 00:27:39] - ==> Building model..
[2025/10/16 00:28:02] - Test Loss 	 Test Acc 	 PGD Loss 	 PGD Acc
[2025/10/16 00:28:02] - 2.6267 	 	 0.4893 	 2.9125 	 0.2621
[2025/10/16 00:28:50] - 24 	 27.8 	 	 0.2000 	 4.1144 	 0.2594
[2025/10/16 00:28:50] - ==> Building model..
[2025/10/16 00:29:13] - Test Loss 	 Test Acc 	 PGD Loss 	 PGD Acc
[2025/10/16 00:29:13] - 2.6213 	 	 0.4903 	 2.9072 	 0.2633
[2025/10/16 00:30:00] - 25 	 27.1 	 	 0.2000 	 4.1132 	 0.2640
[2025/10/16 00:30:00] - ==> Building model..
[2025/10/16 00:30:24] - Test Loss 	 Test Acc 	 PGD Loss 	 PGD Acc
[2025/10/16 00:30:24] - 2.6183 	 	 0.4912 	 2.9063 	 0.2659
[2025/10/16 00:31:14] - 26 	 29.1 	 	 0.2000 	 4.1106 	 0.2617
[2025/10/16 00:31:14] - ==> Building model..
[2025/10/16 00:31:38] - Test Loss 	 Test Acc 	 PGD Loss 	 PGD Acc
[2025/10/16 00:31:38] - 2.6085 	 	 0.4950 	 2.8983 	 0.2667
[2025/10/16 00:32:27] - 27 	 27.7 	 	 0.2000 	 4.1097 	 0.2659
[2025/10/16 00:32:27] - ==> Building model..
[2025/10/16 00:32:51] - Test Loss 	 Test Acc 	 PGD Loss 	 PGD Acc
[2025/10/16 00:32:51] - 2.6057 	 	 0.4968 	 2.8970 	 0.2673
[2025/10/16 00:33:40] - 28 	 28.0 	 	 0.2000 	 4.1081 	 0.2642
[2025/10/16 00:33:40] - ==> Building model..
[2025/10/16 00:34:02] - Test Loss 	 Test Acc 	 PGD Loss 	 PGD Acc
[2025/10/16 00:34:02] - 2.6044 	 	 0.4987 	 2.8961 	 0.2665
[2025/10/16 00:34:45] - 29 	 23.3 	 	 0.2000 	 4.1079 	 0.2649
[2025/10/16 00:34:45] - ==> Building model..
[2025/10/16 00:35:08] - Test Loss 	 Test Acc 	 PGD Loss 	 PGD Acc
[2025/10/16 00:35:08] - 2.6003 	 	 0.4997 	 2.8934 	 0.2685
[2025/10/16 00:35:57] - 30 	 28.7 	 	 0.2000 	 4.1070 	 0.2670
[2025/10/16 00:35:57] - ==> Building model..
[2025/10/16 00:36:20] - Test Loss 	 Test Acc 	 PGD Loss 	 PGD Acc
[2025/10/16 00:36:20] - 2.5955 	 	 0.5024 	 2.8893 	 0.2687
[2025/10/16 00:37:09] - 31 	 28.0 	 	 0.2000 	 4.1049 	 0.2667
[2025/10/16 00:37:09] - ==> Building model..
[2025/10/16 00:37:31] - Test Loss 	 Test Acc 	 PGD Loss 	 PGD Acc
[2025/10/16 00:37:31] - 2.5916 	 	 0.5045 	 2.8865 	 0.2683
[2025/10/16 00:38:20] - 32 	 28.8 	 	 0.2000 	 4.1041 	 0.2656
[2025/10/16 00:38:20] - ==> Building model..
[2025/10/16 00:38:43] - Test Loss 	 Test Acc 	 PGD Loss 	 PGD Acc
[2025/10/16 00:38:43] - 2.5866 	 	 0.5049 	 2.8826 	 0.2693
[2025/10/16 00:39:32] - 33 	 27.8 	 	 0.2000 	 4.1030 	 0.2678
[2025/10/16 00:39:32] - ==> Building model..
[2025/10/16 00:39:54] - Test Loss 	 Test Acc 	 PGD Loss 	 PGD Acc
[2025/10/16 00:39:54] - 2.5828 	 	 0.5026 	 2.8794 	 0.2707
[2025/10/16 00:40:43] - 34 	 28.2 	 	 0.2000 	 4.1022 	 0.2684
[2025/10/16 00:40:43] - ==> Building model..
[2025/10/16 00:41:06] - Test Loss 	 Test Acc 	 PGD Loss 	 PGD Acc
[2025/10/16 00:41:06] - 2.5787 	 	 0.5032 	 2.8763 	 0.2722
[2025/10/16 00:41:54] - 35 	 27.6 	 	 0.2000 	 4.0999 	 0.2714
[2025/10/16 00:41:54] - ==> Building model..
[2025/10/16 00:42:16] - Test Loss 	 Test Acc 	 PGD Loss 	 PGD Acc
[2025/10/16 00:42:16] - 2.5776 	 	 0.5043 	 2.8756 	 0.2730
[2025/10/16 00:43:06] - 36 	 28.9 	 	 0.2000 	 4.0996 	 0.2698
[2025/10/16 00:43:06] - ==> Building model..
[2025/10/16 00:43:29] - Test Loss 	 Test Acc 	 PGD Loss 	 PGD Acc
[2025/10/16 00:43:29] - 2.5767 	 	 0.5056 	 2.8753 	 0.2743
[2025/10/16 00:44:20] - 37 	 30.5 	 	 0.2000 	 4.1003 	 0.2706
[2025/10/16 00:44:20] - ==> Building model..
[2025/10/16 00:44:45] - Test Loss 	 Test Acc 	 PGD Loss 	 PGD Acc
[2025/10/16 00:44:45] - 2.5766 	 	 0.5050 	 2.8751 	 0.2737
[2025/10/16 00:45:35] - 38 	 29.8 	 	 0.2000 	 4.0971 	 0.2696
[2025/10/16 00:45:35] - ==> Building model..
[2025/10/16 00:45:59] - Test Loss 	 Test Acc 	 PGD Loss 	 PGD Acc
[2025/10/16 00:45:59] - 2.5759 	 	 0.5056 	 2.8749 	 0.2746
[2025/10/16 00:46:45] - 39 	 26.0 	 	 0.2000 	 4.0975 	 0.2706
[2025/10/16 00:46:45] - ==> Building model..
[2025/10/16 00:47:07] - Test Loss 	 Test Acc 	 PGD Loss 	 PGD Acc
[2025/10/16 00:47:07] - 2.5704 	 	 0.5058 	 2.8693 	 0.2740
[2025/10/16 00:47:52] - 40 	 25.5 	 	 0.2000 	 4.0960 	 0.2721
[2025/10/16 00:47:52] - ==> Building model..
[2025/10/16 00:48:16] - Test Loss 	 Test Acc 	 PGD Loss 	 PGD Acc
[2025/10/16 00:48:16] - 2.5699 	 	 0.5072 	 2.8692 	 0.2744
[2025/10/16 00:49:06] - 41 	 29.7 	 	 0.2000 	 4.0965 	 0.2735
[2025/10/16 00:49:06] - ==> Building model..
[2025/10/16 00:49:29] - Test Loss 	 Test Acc 	 PGD Loss 	 PGD Acc
[2025/10/16 00:49:29] - 2.5678 	 	 0.5101 	 2.8682 	 0.2744
[2025/10/16 00:50:19] - 42 	 29.4 	 	 0.2000 	 4.0967 	 0.2705
[2025/10/16 00:50:19] - ==> Building model..
[2025/10/16 00:50:42] - Test Loss 	 Test Acc 	 PGD Loss 	 PGD Acc
[2025/10/16 00:50:42] - 2.5636 	 	 0.5110 	 2.8652 	 0.2763
[2025/10/16 00:51:30] - 43 	 27.8 	 	 0.2000 	 4.0958 	 0.2714
[2025/10/16 00:51:30] - ==> Building model..
[2025/10/16 00:51:52] - Test Loss 	 Test Acc 	 PGD Loss 	 PGD Acc
[2025/10/16 00:51:52] - 2.5625 	 	 0.5126 	 2.8643 	 0.2747
[2025/10/16 00:52:43] - 44 	 29.9 	 	 0.2000 	 4.0951 	 0.2713
[2025/10/16 00:52:43] - ==> Building model..
[2025/10/16 00:53:06] - Test Loss 	 Test Acc 	 PGD Loss 	 PGD Acc
[2025/10/16 00:53:06] - 2.5644 	 	 0.5116 	 2.8662 	 0.2745
[2025/10/16 00:53:54] - 45 	 27.8 	 	 0.2000 	 4.0924 	 0.2757
[2025/10/16 00:53:54] - ==> Building model..
[2025/10/16 00:54:17] - Test Loss 	 Test Acc 	 PGD Loss 	 PGD Acc
[2025/10/16 00:54:17] - 2.5637 	 	 0.5121 	 2.8654 	 0.2749
[2025/10/16 00:55:07] - 46 	 28.8 	 	 0.2000 	 4.0911 	 0.2736
[2025/10/16 00:55:07] - ==> Building model..
[2025/10/16 00:55:30] - Test Loss 	 Test Acc 	 PGD Loss 	 PGD Acc
[2025/10/16 00:55:30] - 2.5604 	 	 0.5141 	 2.8638 	 0.2751
[2025/10/16 00:56:19] - 47 	 29.0 	 	 0.2000 	 4.0927 	 0.2731
[2025/10/16 00:56:19] - ==> Building model..
[2025/10/16 00:56:43] - Test Loss 	 Test Acc 	 PGD Loss 	 PGD Acc
[2025/10/16 00:56:43] - 2.5578 	 	 0.5119 	 2.8610 	 0.2761
[2025/10/16 00:57:33] - 48 	 29.8 	 	 0.2000 	 4.0902 	 0.2749
[2025/10/16 00:57:33] - ==> Building model..
[2025/10/16 00:57:57] - Test Loss 	 Test Acc 	 PGD Loss 	 PGD Acc
[2025/10/16 00:57:57] - 2.5555 	 	 0.5125 	 2.8600 	 0.2747
[2025/10/16 00:58:46] - 49 	 28.6 	 	 0.2000 	 4.0898 	 0.2759
[2025/10/16 00:58:46] - ==> Building model..
[2025/10/16 00:59:06] - Test Loss 	 Test Acc 	 PGD Loss 	 PGD Acc
[2025/10/16 00:59:06] - 2.5556 	 	 0.5118 	 2.8596 	 0.2761
[2025/10/16 00:59:52] - 50 	 24.8 	 	 0.2000 	 4.0901 	 0.2758
[2025/10/16 00:59:52] - ==> Building model..
[2025/10/16 01:00:11] - Test Loss 	 Test Acc 	 PGD Loss 	 PGD Acc
[2025/10/16 01:00:11] - 2.5550 	 	 0.5142 	 2.8594 	 0.2765
[2025/10/16 01:01:00] - 51 	 28.3 	 	 0.2000 	 4.0906 	 0.2745
[2025/10/16 01:01:00] - ==> Building model..
[2025/10/16 01:01:23] - Test Loss 	 Test Acc 	 PGD Loss 	 PGD Acc
[2025/10/16 01:01:23] - 2.5553 	 	 0.5143 	 2.8598 	 0.2763
[2025/10/16 01:02:12] - 52 	 28.5 	 	 0.2000 	 4.0910 	 0.2752
[2025/10/16 01:02:12] - ==> Building model..
[2025/10/16 01:02:36] - Test Loss 	 Test Acc 	 PGD Loss 	 PGD Acc
[2025/10/16 01:02:36] - 2.5606 	 	 0.5145 	 2.8640 	 0.2742
[2025/10/16 01:03:25] - 53 	 29.0 	 	 0.2000 	 4.0899 	 0.2772
[2025/10/16 01:03:25] - ==> Building model..
[2025/10/16 01:03:50] - Test Loss 	 Test Acc 	 PGD Loss 	 PGD Acc
[2025/10/16 01:03:50] - 2.5613 	 	 0.5146 	 2.8639 	 0.2759
[2025/10/16 01:04:38] - 54 	 28.6 	 	 0.2000 	 4.0915 	 0.2750
[2025/10/16 01:04:38] - ==> Building model..
[2025/10/16 01:05:02] - Test Loss 	 Test Acc 	 PGD Loss 	 PGD Acc
[2025/10/16 01:05:02] - 2.5607 	 	 0.5150 	 2.8631 	 0.2767
[2025/10/16 01:05:52] - 55 	 29.0 	 	 0.2000 	 4.0907 	 0.2769
[2025/10/16 01:05:52] - ==> Building model..
[2025/10/16 01:06:15] - Test Loss 	 Test Acc 	 PGD Loss 	 PGD Acc
[2025/10/16 01:06:15] - 2.5600 	 	 0.5157 	 2.8626 	 0.2765
[2025/10/16 01:07:06] - 56 	 29.4 	 	 0.2000 	 4.0914 	 0.2761
[2025/10/16 01:07:06] - ==> Building model..
[2025/10/16 01:07:29] - Test Loss 	 Test Acc 	 PGD Loss 	 PGD Acc
[2025/10/16 01:07:29] - 2.5614 	 	 0.5159 	 2.8640 	 0.2765
[2025/10/16 01:08:18] - 57 	 28.9 	 	 0.2000 	 4.0925 	 0.2762
[2025/10/16 01:08:18] - ==> Building model..
[2025/10/16 01:08:41] - Test Loss 	 Test Acc 	 PGD Loss 	 PGD Acc
[2025/10/16 01:08:41] - 2.5624 	 	 0.5159 	 2.8648 	 0.2767
[2025/10/16 01:09:31] - 58 	 28.3 	 	 0.2000 	 4.0915 	 0.2774
[2025/10/16 01:09:31] - ==> Building model..
[2025/10/16 01:09:54] - Test Loss 	 Test Acc 	 PGD Loss 	 PGD Acc
[2025/10/16 01:09:54] - 2.5633 	 	 0.5153 	 2.8653 	 0.2776
[2025/10/16 01:10:43] - 59 	 28.7 	 	 0.2000 	 4.0931 	 0.2749
[2025/10/16 01:10:43] - ==> Building model..
[2025/10/16 01:11:06] - Test Loss 	 Test Acc 	 PGD Loss 	 PGD Acc
[2025/10/16 01:11:06] - 2.5646 	 	 0.5175 	 2.8665 	 0.2789
[2025/10/16 01:11:52] - 60 	 25.2 	 	 0.2000 	 4.0914 	 0.2791
[2025/10/16 01:11:52] - ==> Building model..
[2025/10/16 01:12:13] - Test Loss 	 Test Acc 	 PGD Loss 	 PGD Acc
[2025/10/16 01:12:13] - 2.5663 	 	 0.5173 	 2.8678 	 0.2798
[2025/10/16 01:13:01] - 61 	 26.0 	 	 0.2000 	 4.0926 	 0.2742
[2025/10/16 01:13:01] - ==> Building model..
[2025/10/16 01:13:24] - Test Loss 	 Test Acc 	 PGD Loss 	 PGD Acc
[2025/10/16 01:13:24] - 2.5674 	 	 0.5166 	 2.8681 	 0.2808
[2025/10/16 01:14:13] - 62 	 28.4 	 	 0.2000 	 4.0928 	 0.2758
[2025/10/16 01:14:13] - ==> Building model..
[2025/10/16 01:14:36] - Test Loss 	 Test Acc 	 PGD Loss 	 PGD Acc
[2025/10/16 01:14:36] - 2.5682 	 	 0.5170 	 2.8681 	 0.2812
[2025/10/16 01:15:24] - 63 	 27.6 	 	 0.2000 	 4.0952 	 0.2769
[2025/10/16 01:15:24] - ==> Building model..
[2025/10/16 01:15:47] - Test Loss 	 Test Acc 	 PGD Loss 	 PGD Acc
[2025/10/16 01:15:47] - 2.5704 	 	 0.5168 	 2.8694 	 0.2802
[2025/10/16 01:16:37] - 64 	 28.4 	 	 0.2000 	 4.0929 	 0.2794
[2025/10/16 01:16:37] - ==> Building model..
[2025/10/16 01:17:00] - Test Loss 	 Test Acc 	 PGD Loss 	 PGD Acc
[2025/10/16 01:17:00] - 2.5741 	 	 0.5163 	 2.8712 	 0.2801
[2025/10/16 01:17:49] - 65 	 28.8 	 	 0.2000 	 4.0928 	 0.2788
[2025/10/16 01:17:49] - ==> Building model..
[2025/10/16 01:18:12] - Test Loss 	 Test Acc 	 PGD Loss 	 PGD Acc
[2025/10/16 01:18:12] - 2.5779 	 	 0.5160 	 2.8742 	 0.2800
[2025/10/16 01:19:03] - 66 	 28.7 	 	 0.2000 	 4.0923 	 0.2766
[2025/10/16 01:19:03] - ==> Building model..
[2025/10/16 01:19:25] - Test Loss 	 Test Acc 	 PGD Loss 	 PGD Acc
[2025/10/16 01:19:25] - 2.5798 	 	 0.5168 	 2.8760 	 0.2791
[2025/10/16 01:20:14] - 67 	 28.3 	 	 0.2000 	 4.0939 	 0.2773
[2025/10/16 01:20:14] - ==> Building model..
[2025/10/16 01:20:36] - Test Loss 	 Test Acc 	 PGD Loss 	 PGD Acc
[2025/10/16 01:20:36] - 2.5814 	 	 0.5163 	 2.8768 	 0.2797
[2025/10/16 01:21:25] - 68 	 28.0 	 	 0.2000 	 4.0937 	 0.2776
[2025/10/16 01:21:25] - ==> Building model..
[2025/10/16 01:21:47] - Test Loss 	 Test Acc 	 PGD Loss 	 PGD Acc
[2025/10/16 01:21:47] - 2.5841 	 	 0.5161 	 2.8790 	 0.2807
[2025/10/16 01:22:37] - 69 	 28.9 	 	 0.2000 	 4.0939 	 0.2771
[2025/10/16 01:22:37] - ==> Building model..
[2025/10/16 01:23:00] - Test Loss 	 Test Acc 	 PGD Loss 	 PGD Acc
[2025/10/16 01:23:00] - 2.5856 	 	 0.5168 	 2.8789 	 0.2818
[2025/10/16 01:23:48] - 70 	 27.1 	 	 0.2000 	 4.0950 	 0.2767
[2025/10/16 01:23:48] - ==> Building model..
[2025/10/16 01:24:09] - Test Loss 	 Test Acc 	 PGD Loss 	 PGD Acc
[2025/10/16 01:24:09] - 2.5886 	 	 0.5160 	 2.8816 	 0.2825
[2025/10/16 01:24:53] - 71 	 23.2 	 	 0.2000 	 4.0935 	 0.2768
[2025/10/16 01:24:53] - ==> Building model..
[2025/10/16 01:25:16] - Test Loss 	 Test Acc 	 PGD Loss 	 PGD Acc
[2025/10/16 01:25:16] - 2.5895 	 	 0.5168 	 2.8825 	 0.2822
[2025/10/16 01:26:05] - 72 	 28.2 	 	 0.2000 	 4.0939 	 0.2748
[2025/10/16 01:26:05] - ==> Building model..
[2025/10/16 01:26:28] - Test Loss 	 Test Acc 	 PGD Loss 	 PGD Acc
[2025/10/16 01:26:28] - 2.5907 	 	 0.5172 	 2.8834 	 0.2817
[2025/10/16 01:27:16] - 73 	 27.8 	 	 0.2000 	 4.0930 	 0.2781
[2025/10/16 01:27:16] - ==> Building model..
[2025/10/16 01:27:40] - Test Loss 	 Test Acc 	 PGD Loss 	 PGD Acc
[2025/10/16 01:27:40] - 2.5919 	 	 0.5166 	 2.8837 	 0.2824
[2025/10/16 01:28:31] - 74 	 29.1 	 	 0.2000 	 4.0949 	 0.2765
[2025/10/16 01:28:31] - ==> Building model..
[2025/10/16 01:28:55] - Test Loss 	 Test Acc 	 PGD Loss 	 PGD Acc
[2025/10/16 01:28:55] - 2.5936 	 	 0.5163 	 2.8845 	 0.2821
[2025/10/16 01:29:41] - 75 	 24.9 	 	 0.2000 	 4.0935 	 0.2784
[2025/10/16 01:29:41] - ==> Building model..
[2025/10/16 01:30:02] - Test Loss 	 Test Acc 	 PGD Loss 	 PGD Acc
[2025/10/16 01:30:02] - 2.5950 	 	 0.5172 	 2.8860 	 0.2824
[2025/10/16 01:30:40] - 76 	 18.7 	 	 0.2000 	 4.0925 	 0.2790
[2025/10/16 01:30:40] - ==> Building model..
[2025/10/16 01:31:02] - Test Loss 	 Test Acc 	 PGD Loss 	 PGD Acc
[2025/10/16 01:31:02] - 2.5963 	 	 0.5163 	 2.8871 	 0.2812
[2025/10/16 01:31:42] - 77 	 21.0 	 	 0.2000 	 4.0915 	 0.2784
[2025/10/16 01:31:42] - ==> Building model..
[2025/10/16 01:31:59] - Test Loss 	 Test Acc 	 PGD Loss 	 PGD Acc
[2025/10/16 01:31:59] - 2.5959 	 	 0.5179 	 2.8869 	 0.2811
[2025/10/16 01:32:39] - 78 	 20.7 	 	 0.2000 	 4.0934 	 0.2783
[2025/10/16 01:32:39] - ==> Building model..
[2025/10/16 01:32:59] - Test Loss 	 Test Acc 	 PGD Loss 	 PGD Acc
[2025/10/16 01:32:59] - 2.5988 	 	 0.5175 	 2.8888 	 0.2800
[2025/10/16 01:33:34] - 79 	 17.1 	 	 0.2000 	 4.0930 	 0.2778
[2025/10/16 01:33:34] - ==> Building model..
[2025/10/16 01:33:55] - Test Loss 	 Test Acc 	 PGD Loss 	 PGD Acc
[2025/10/16 01:33:55] - 2.6015 	 	 0.5172 	 2.8906 	 0.2802
[2025/10/16 01:34:36] - 80 	 21.3 	 	 0.2000 	 4.0916 	 0.2784
[2025/10/16 01:34:36] - ==> Building model..
[2025/10/16 01:34:56] - Test Loss 	 Test Acc 	 PGD Loss 	 PGD Acc
[2025/10/16 01:34:56] - 2.6028 	 	 0.5162 	 2.8919 	 0.2804
[2025/10/16 01:35:37] - 81 	 21.0 	 	 0.2000 	 4.0924 	 0.2774
[2025/10/16 01:35:37] - ==> Building model..
[2025/10/16 01:35:58] - Test Loss 	 Test Acc 	 PGD Loss 	 PGD Acc
[2025/10/16 01:35:58] - 2.6040 	 	 0.5163 	 2.8925 	 0.2807
[2025/10/16 01:36:37] - 82 	 18.3 	 	 0.2000 	 4.0924 	 0.2798
[2025/10/16 01:36:37] - ==> Building model..
[2025/10/16 01:36:58] - Test Loss 	 Test Acc 	 PGD Loss 	 PGD Acc
[2025/10/16 01:36:58] - 2.6029 	 	 0.5159 	 2.8922 	 0.2809
[2025/10/16 01:37:40] - 83 	 21.9 	 	 0.2000 	 4.0889 	 0.2808
[2025/10/16 01:37:40] - ==> Building model..
[2025/10/16 01:38:03] - Test Loss 	 Test Acc 	 PGD Loss 	 PGD Acc
[2025/10/16 01:38:03] - 2.6042 	 	 0.5156 	 2.8932 	 0.2803
[2025/10/16 01:38:44] - 84 	 21.1 	 	 0.2000 	 4.0929 	 0.2772
[2025/10/16 01:38:44] - ==> Building model..
[2025/10/16 01:39:04] - Test Loss 	 Test Acc 	 PGD Loss 	 PGD Acc
[2025/10/16 01:39:04] - 2.6049 	 	 0.5151 	 2.8936 	 0.2815
[2025/10/16 01:39:43] - 85 	 18.8 	 	 0.2000 	 4.0931 	 0.2794
[2025/10/16 01:39:43] - ==> Building model..
[2025/10/16 01:40:03] - Test Loss 	 Test Acc 	 PGD Loss 	 PGD Acc
[2025/10/16 01:40:03] - 2.6070 	 	 0.5151 	 2.8952 	 0.2815
[2025/10/16 01:40:44] - 86 	 21.3 	 	 0.2000 	 4.0918 	 0.2803
[2025/10/16 01:40:44] - ==> Building model..
[2025/10/16 01:41:06] - Test Loss 	 Test Acc 	 PGD Loss 	 PGD Acc
[2025/10/16 01:41:06] - 2.6071 	 	 0.5160 	 2.8962 	 0.2805
[2025/10/16 01:41:46] - 87 	 20.6 	 	 0.2000 	 4.0918 	 0.2802
[2025/10/16 01:41:46] - ==> Building model..
[2025/10/16 01:42:06] - Test Loss 	 Test Acc 	 PGD Loss 	 PGD Acc
[2025/10/16 01:42:06] - 2.6084 	 	 0.5155 	 2.8967 	 0.2810
[2025/10/16 01:42:46] - 88 	 21.1 	 	 0.2000 	 4.0932 	 0.2774
[2025/10/16 01:42:46] - ==> Building model..
[2025/10/16 01:43:07] - Test Loss 	 Test Acc 	 PGD Loss 	 PGD Acc
[2025/10/16 01:43:07] - 2.6090 	 	 0.5152 	 2.8966 	 0.2812
[2025/10/16 01:43:45] - 89 	 19.0 	 	 0.2000 	 4.0920 	 0.2796
[2025/10/16 01:43:45] - ==> Building model..
[2025/10/16 01:44:06] - Test Loss 	 Test Acc 	 PGD Loss 	 PGD Acc
[2025/10/16 01:44:06] - 2.6114 	 	 0.5152 	 2.8986 	 0.2808
[2025/10/16 01:44:48] - 90 	 20.7 	 	 0.0200 	 3.9967 	 0.3420
[2025/10/16 01:44:48] - ==> Building model..
[2025/10/16 01:45:08] - Test Loss 	 Test Acc 	 PGD Loss 	 PGD Acc
[2025/10/16 01:45:08] - 2.6095 	 	 0.5161 	 2.8972 	 0.2802
[2025/10/16 01:45:51] - 91 	 21.5 	 	 0.0200 	 3.9039 	 0.4024
[2025/10/16 01:45:51] - ==> Building model..
[2025/10/16 01:46:11] - Test Loss 	 Test Acc 	 PGD Loss 	 PGD Acc
[2025/10/16 01:46:11] - 2.6087 	 	 0.5160 	 2.8967 	 0.2806
[2025/10/16 01:46:53] - 92 	 21.0 	 	 0.0200 	 3.8781 	 0.4186
[2025/10/16 01:46:53] - ==> Building model..
[2025/10/16 01:47:15] - Test Loss 	 Test Acc 	 PGD Loss 	 PGD Acc
[2025/10/16 01:47:15] - 2.6084 	 	 0.5164 	 2.8967 	 0.2807
[2025/10/16 01:48:00] - 93 	 21.5 	 	 0.0200 	 3.8614 	 0.4300
[2025/10/16 01:48:00] - ==> Building model..
[2025/10/16 01:48:22] - Test Loss 	 Test Acc 	 PGD Loss 	 PGD Acc
[2025/10/16 01:48:22] - 2.6090 	 	 0.5161 	 2.8979 	 0.2810
[2025/10/16 01:49:01] - 94 	 17.9 	 	 0.0200 	 3.8461 	 0.4420
[2025/10/16 01:49:01] - ==> Building model..
[2025/10/16 01:49:20] - Test Loss 	 Test Acc 	 PGD Loss 	 PGD Acc
[2025/10/16 01:49:20] - 2.6109 	 	 0.5164 	 2.8992 	 0.2808
[2025/10/16 01:50:04] - 95 	 21.3 	 	 0.0200 	 3.8338 	 0.4505
[2025/10/16 01:50:04] - ==> Building model..
[2025/10/16 01:50:26] - Test Loss 	 Test Acc 	 PGD Loss 	 PGD Acc
[2025/10/16 01:50:26] - 2.6125 	 	 0.5167 	 2.9002 	 0.2806
[2025/10/16 01:51:06] - 96 	 17.8 	 	 0.0200 	 3.8240 	 0.4567
[2025/10/16 01:51:06] - ==> Building model..
[2025/10/16 01:51:28] - Test Loss 	 Test Acc 	 PGD Loss 	 PGD Acc
[2025/10/16 01:51:28] - 2.6148 	 	 0.5168 	 2.9016 	 0.2814
[2025/10/16 01:52:11] - 97 	 20.8 	 	 0.0200 	 3.8148 	 0.4627
[2025/10/16 01:52:11] - ==> Building model..
[2025/10/16 01:52:31] - Test Loss 	 Test Acc 	 PGD Loss 	 PGD Acc
[2025/10/16 01:52:31] - 2.6194 	 	 0.5168 	 2.9062 	 0.2815
[2025/10/16 01:53:15] - 98 	 21.3 	 	 0.0200 	 3.8069 	 0.4699
[2025/10/16 01:53:15] - ==> Building model..
[2025/10/16 01:53:37] - Test Loss 	 Test Acc 	 PGD Loss 	 PGD Acc
[2025/10/16 01:53:37] - 2.6217 	 	 0.5165 	 2.9080 	 0.2815
[2025/10/16 01:54:21] - 99 	 20.8 	 	 0.0200 	 3.7987 	 0.4754
[2025/10/16 01:54:21] - ==> Building model..
[2025/10/16 01:54:43] - Test Loss 	 Test Acc 	 PGD Loss 	 PGD Acc
[2025/10/16 01:54:43] - 2.6217 	 	 0.5165 	 2.9081 	 0.2810
[2025/10/16 01:54:43] - [0.0784, 0.1404, 0.1769, 0.2274, 0.2599, 0.305, 0.3414, 0.3728, 0.3983, 0.412, 0.4272, 0.4357, 0.446, 0.4516, 0.4559, 0.4608, 0.4663, 0.4729, 0.4757, 0.4773, 0.4791, 0.4829, 0.4882, 0.4893, 0.4903, 0.4912, 0.495, 0.4968, 0.4987, 0.4997, 0.5024, 0.5045, 0.5049, 0.5026, 0.5032, 0.5043, 0.5056, 0.505, 0.5056, 0.5058, 0.5072, 0.5101, 0.511, 0.5126, 0.5116, 0.5121, 0.5141, 0.5119, 0.5125, 0.5118, 0.5142, 0.5143, 0.5145, 0.5146, 0.515, 0.5157, 0.5159, 0.5159, 0.5153, 0.5175, 0.5173, 0.5166, 0.517, 0.5168, 0.5163, 0.516, 0.5168, 0.5163, 0.5161, 0.5168, 0.516, 0.5168, 0.5172, 0.5166, 0.5163, 0.5172, 0.5163, 0.5179, 0.5175, 0.5172, 0.5162, 0.5163, 0.5159, 0.5156, 0.5151, 0.5151, 0.516, 0.5155, 0.5152, 0.5152, 0.5161, 0.516, 0.5164, 0.5161, 0.5164, 0.5167, 0.5168, 0.5168, 0.5165, 0.5165]
[2025/10/16 01:54:43] - [0.0536, 0.0918, 0.1104, 0.1358, 0.1566, 0.1756, 0.1916, 0.2052, 0.2159, 0.2222, 0.228, 0.2357, 0.2396, 0.2414, 0.2456, 0.249, 0.2499, 0.2522, 0.256, 0.257, 0.2585, 0.2588, 0.2614, 0.2621, 0.2633, 0.2659, 0.2667, 0.2673, 0.2665, 0.2685, 0.2687, 0.2683, 0.2693, 0.2707, 0.2722, 0.273, 0.2743, 0.2737, 0.2746, 0.274, 0.2744, 0.2744, 0.2763, 0.2747, 0.2745, 0.2749, 0.2751, 0.2761, 0.2747, 0.2761, 0.2765, 0.2763, 0.2742, 0.2759, 0.2767, 0.2765, 0.2765, 0.2767, 0.2776, 0.2789, 0.2798, 0.2808, 0.2812, 0.2802, 0.2801, 0.28, 0.2791, 0.2797, 0.2807, 0.2818, 0.2825, 0.2822, 0.2817, 0.2824, 0.2821, 0.2824, 0.2812, 0.2811, 0.28, 0.2802, 0.2804, 0.2807, 0.2809, 0.2803, 0.2815, 0.2815, 0.2805, 0.281, 0.2812, 0.2808, 0.2802, 0.2806, 0.2807, 0.281, 0.2808, 0.2806, 0.2814, 0.2815, 0.2815, 0.281]
