[2025/10/05 10:24:44] - Namespace(batch_size=128, data_dir='./tiny-imagenet-200', epochs=110, lr_schedule='multistep', lr_min=0.0, lr_max=0.1, weight_decay=0.0005, momentum=0.9, model='PreActResNest18', epsilon=8, alpha=8, delta_init='random', normal_mean=0, normal_std=1, out_dir='./output/Tiny_ImageNet/lam_start_60_beta_0.2/lam_scale_0.16', seed=0, lamda=38, lam_scale=0.16, lam_start=60, gamma=0.025, inner_gamma=0.025, beta=0.2, mu=3.5, batch_m=0.75, early_stop=False, factor=0.3, length=6, n_holes=1, c_num=0.125, EMA_value=0.55)
[2025/10/05 10:25:39] - ==> Building model..
[2025/10/05 10:25:39] - Epoch 	 Seconds 	 LR 	 	 Train Loss 	 Train Acc
[2025/10/05 10:28:06] - 0 	 142.4 	 	 0.1000 	 5.2947 	 0.0251
[2025/10/05 10:28:06] - ==> Building model..
[2025/10/05 10:28:59] - Test Loss 	 Test Acc 	 PGD Loss 	 PGD Acc
[2025/10/05 10:28:59] - 5.0064 	 	 0.0701 	 5.0166 	 0.0407
[2025/10/05 10:31:24] - 1 	 140.4 	 	 0.1000 	 5.2332 	 0.0664
[2025/10/05 10:31:24] - ==> Building model..
[2025/10/05 10:32:17] - Test Loss 	 Test Acc 	 PGD Loss 	 PGD Acc
[2025/10/05 10:32:17] - 4.7838 	 	 0.1394 	 4.8157 	 0.0729
[2025/10/05 10:34:42] - 2 	 140.1 	 	 0.1000 	 5.2008 	 0.0973
[2025/10/05 10:34:42] - ==> Building model..
[2025/10/05 10:35:35] - Test Loss 	 Test Acc 	 PGD Loss 	 PGD Acc
[2025/10/05 10:35:35] - 4.6077 	 	 0.1821 	 4.6645 	 0.0961
[2025/10/05 10:38:01] - 3 	 141.0 	 	 0.1000 	 5.1738 	 0.1218
[2025/10/05 10:38:01] - ==> Building model..
[2025/10/05 10:38:54] - Test Loss 	 Test Acc 	 PGD Loss 	 PGD Acc
[2025/10/05 10:38:54] - 4.5043 	 	 0.2075 	 4.5794 	 0.1098
[2025/10/05 10:41:20] - 4 	 140.5 	 	 0.1000 	 5.1493 	 0.1431
[2025/10/05 10:41:20] - ==> Building model..
[2025/10/05 10:42:13] - Test Loss 	 Test Acc 	 PGD Loss 	 PGD Acc
[2025/10/05 10:42:13] - 4.4377 	 	 0.2340 	 4.5272 	 0.1197
[2025/10/05 10:44:39] - 5 	 140.3 	 	 0.1000 	 5.1291 	 0.1619
[2025/10/05 10:44:39] - ==> Building model..
[2025/10/05 10:45:32] - Test Loss 	 Test Acc 	 PGD Loss 	 PGD Acc
[2025/10/05 10:45:32] - 4.4286 	 	 0.2469 	 4.5241 	 0.1267
[2025/10/05 10:47:58] - 6 	 140.5 	 	 0.1000 	 5.1145 	 0.1776
[2025/10/05 10:47:58] - ==> Building model..
[2025/10/05 10:48:51] - Test Loss 	 Test Acc 	 PGD Loss 	 PGD Acc
[2025/10/05 10:48:51] - 4.3569 	 	 0.2650 	 4.4667 	 0.1362
[2025/10/05 10:51:15] - 7 	 139.8 	 	 0.1000 	 5.1025 	 0.1898
[2025/10/05 10:51:15] - ==> Building model..
[2025/10/05 10:52:08] - Test Loss 	 Test Acc 	 PGD Loss 	 PGD Acc
[2025/10/05 10:52:08] - 4.2230 	 	 0.2947 	 4.3598 	 0.1497
[2025/10/05 10:54:33] - 8 	 139.9 	 	 0.1000 	 5.0915 	 0.1987
[2025/10/05 10:54:33] - ==> Building model..
[2025/10/05 10:55:26] - Test Loss 	 Test Acc 	 PGD Loss 	 PGD Acc
[2025/10/05 10:55:26] - 4.0560 	 	 0.3284 	 4.2291 	 0.1653
[2025/10/05 10:57:52] - 9 	 140.5 	 	 0.1000 	 5.0826 	 0.2078
[2025/10/05 10:57:52] - ==> Building model..
[2025/10/05 10:58:45] - Test Loss 	 Test Acc 	 PGD Loss 	 PGD Acc
[2025/10/05 10:58:45] - 3.9309 	 	 0.3526 	 4.1324 	 0.1764
[2025/10/05 11:01:10] - 10 	 139.8 	 	 0.1000 	 5.0749 	 0.2169
[2025/10/05 11:01:10] - ==> Building model..
[2025/10/05 11:02:03] - Test Loss 	 Test Acc 	 PGD Loss 	 PGD Acc
[2025/10/05 11:02:03] - 3.8568 	 	 0.3671 	 4.0772 	 0.1840
[2025/10/05 11:04:29] - 11 	 140.1 	 	 0.1000 	 5.0674 	 0.2242
[2025/10/05 11:04:29] - ==> Building model..
[2025/10/05 11:05:22] - Test Loss 	 Test Acc 	 PGD Loss 	 PGD Acc
[2025/10/05 11:05:22] - 3.7975 	 	 0.3792 	 4.0328 	 0.1898
[2025/10/05 11:07:47] - 12 	 139.7 	 	 0.1000 	 5.0615 	 0.2312
[2025/10/05 11:07:47] - ==> Building model..
[2025/10/05 11:08:40] - Test Loss 	 Test Acc 	 PGD Loss 	 PGD Acc
[2025/10/05 11:08:40] - 3.7569 	 	 0.3844 	 4.0023 	 0.1942
[2025/10/05 11:11:05] - 13 	 139.6 	 	 0.1000 	 5.0554 	 0.2363
[2025/10/05 11:11:05] - ==> Building model..
[2025/10/05 11:11:58] - Test Loss 	 Test Acc 	 PGD Loss 	 PGD Acc
[2025/10/05 11:11:58] - 3.7207 	 	 0.3935 	 3.9762 	 0.1984
[2025/10/05 11:14:23] - 14 	 140.0 	 	 0.1000 	 5.0503 	 0.2410
[2025/10/05 11:14:23] - ==> Building model..
[2025/10/05 11:15:16] - Test Loss 	 Test Acc 	 PGD Loss 	 PGD Acc
[2025/10/05 11:15:16] - 3.6899 	 	 0.3980 	 3.9540 	 0.2004
[2025/10/05 11:17:41] - 15 	 139.4 	 	 0.1000 	 5.0457 	 0.2473
[2025/10/05 11:17:41] - ==> Building model..
[2025/10/05 11:18:35] - Test Loss 	 Test Acc 	 PGD Loss 	 PGD Acc
[2025/10/05 11:18:35] - 3.6664 	 	 0.4028 	 3.9376 	 0.2029
[2025/10/05 11:21:00] - 16 	 139.9 	 	 0.1000 	 5.0415 	 0.2511
[2025/10/05 11:21:00] - ==> Building model..
[2025/10/05 11:21:54] - Test Loss 	 Test Acc 	 PGD Loss 	 PGD Acc
[2025/10/05 11:21:54] - 3.6423 	 	 0.4088 	 3.9208 	 0.2039
[2025/10/05 11:24:18] - 17 	 139.5 	 	 0.1000 	 5.0373 	 0.2561
[2025/10/05 11:24:18] - ==> Building model..
[2025/10/05 11:25:12] - Test Loss 	 Test Acc 	 PGD Loss 	 PGD Acc
[2025/10/05 11:25:12] - 3.6233 	 	 0.4129 	 3.9089 	 0.2048
[2025/10/05 11:27:37] - 18 	 139.5 	 	 0.1000 	 5.0340 	 0.2598
[2025/10/05 11:27:37] - ==> Building model..
[2025/10/05 11:28:30] - Test Loss 	 Test Acc 	 PGD Loss 	 PGD Acc
[2025/10/05 11:28:30] - 3.6058 	 	 0.4154 	 3.8958 	 0.2061
[2025/10/05 11:30:54] - 19 	 139.0 	 	 0.1000 	 5.0306 	 0.2633
[2025/10/05 11:30:54] - ==> Building model..
[2025/10/05 11:31:48] - Test Loss 	 Test Acc 	 PGD Loss 	 PGD Acc
[2025/10/05 11:31:48] - 3.5916 	 	 0.4176 	 3.8855 	 0.2067
[2025/10/05 11:34:12] - 20 	 139.3 	 	 0.1000 	 5.0280 	 0.2637
[2025/10/05 11:34:12] - ==> Building model..
[2025/10/05 11:35:06] - Test Loss 	 Test Acc 	 PGD Loss 	 PGD Acc
[2025/10/05 11:35:06] - 3.5749 	 	 0.4232 	 3.8745 	 0.2089
[2025/10/05 11:37:30] - 21 	 139.4 	 	 0.1000 	 5.0256 	 0.2667
[2025/10/05 11:37:30] - ==> Building model..
[2025/10/05 11:38:23] - Test Loss 	 Test Acc 	 PGD Loss 	 PGD Acc
[2025/10/05 11:38:23] - 3.5594 	 	 0.4252 	 3.8642 	 0.2105
[2025/10/05 11:40:48] - 22 	 139.5 	 	 0.1000 	 5.0225 	 0.2690
[2025/10/05 11:40:48] - ==> Building model..
[2025/10/05 11:41:41] - Test Loss 	 Test Acc 	 PGD Loss 	 PGD Acc
[2025/10/05 11:41:41] - 3.5441 	 	 0.4273 	 3.8535 	 0.2131
[2025/10/05 11:44:06] - 23 	 139.5 	 	 0.1000 	 5.0205 	 0.2712
[2025/10/05 11:44:06] - ==> Building model..
[2025/10/05 11:45:00] - Test Loss 	 Test Acc 	 PGD Loss 	 PGD Acc
[2025/10/05 11:45:00] - 3.5311 	 	 0.4301 	 3.8446 	 0.2139
[2025/10/05 11:47:25] - 24 	 140.0 	 	 0.1000 	 5.0185 	 0.2754
[2025/10/05 11:47:25] - ==> Building model..
[2025/10/05 11:48:19] - Test Loss 	 Test Acc 	 PGD Loss 	 PGD Acc
[2025/10/05 11:48:19] - 3.5204 	 	 0.4330 	 3.8371 	 0.2153
[2025/10/05 11:50:44] - 25 	 139.5 	 	 0.1000 	 5.0165 	 0.2756
[2025/10/05 11:50:44] - ==> Building model..
[2025/10/05 11:51:37] - Test Loss 	 Test Acc 	 PGD Loss 	 PGD Acc
[2025/10/05 11:51:37] - 3.5081 	 	 0.4342 	 3.8291 	 0.2174
[2025/10/05 11:54:03] - 26 	 139.9 	 	 0.1000 	 5.0145 	 0.2790
[2025/10/05 11:54:03] - ==> Building model..
[2025/10/05 11:54:56] - Test Loss 	 Test Acc 	 PGD Loss 	 PGD Acc
[2025/10/05 11:54:56] - 3.4977 	 	 0.4379 	 3.8224 	 0.2191
[2025/10/05 11:57:21] - 27 	 139.2 	 	 0.1000 	 5.0129 	 0.2788
[2025/10/05 11:57:21] - ==> Building model..
[2025/10/05 11:58:14] - Test Loss 	 Test Acc 	 PGD Loss 	 PGD Acc
[2025/10/05 11:58:14] - 3.4879 	 	 0.4390 	 3.8156 	 0.2194
[2025/10/05 12:00:39] - 28 	 139.6 	 	 0.1000 	 5.0109 	 0.2842
[2025/10/05 12:00:39] - ==> Building model..
[2025/10/05 12:01:32] - Test Loss 	 Test Acc 	 PGD Loss 	 PGD Acc
[2025/10/05 12:01:32] - 3.4806 	 	 0.4408 	 3.8106 	 0.2192
[2025/10/05 12:03:57] - 29 	 139.6 	 	 0.1000 	 5.0093 	 0.2829
[2025/10/05 12:03:57] - ==> Building model..
[2025/10/05 12:04:50] - Test Loss 	 Test Acc 	 PGD Loss 	 PGD Acc
[2025/10/05 12:04:50] - 3.4734 	 	 0.4432 	 3.8063 	 0.2207
[2025/10/05 12:07:14] - 30 	 139.2 	 	 0.1000 	 5.0081 	 0.2864
[2025/10/05 12:07:14] - ==> Building model..
[2025/10/05 12:08:08] - Test Loss 	 Test Acc 	 PGD Loss 	 PGD Acc
[2025/10/05 12:08:08] - 3.4670 	 	 0.4453 	 3.8024 	 0.2205
[2025/10/05 12:10:32] - 31 	 139.5 	 	 0.1000 	 5.0067 	 0.2863
[2025/10/05 12:10:32] - ==> Building model..
[2025/10/05 12:11:26] - Test Loss 	 Test Acc 	 PGD Loss 	 PGD Acc
[2025/10/05 12:11:26] - 3.4593 	 	 0.4475 	 3.7973 	 0.2215
[2025/10/05 12:13:51] - 32 	 139.6 	 	 0.1000 	 5.0056 	 0.2850
[2025/10/05 12:13:51] - ==> Building model..
[2025/10/05 12:14:44] - Test Loss 	 Test Acc 	 PGD Loss 	 PGD Acc
[2025/10/05 12:14:44] - 3.4523 	 	 0.4501 	 3.7930 	 0.2225
[2025/10/05 12:17:09] - 33 	 139.4 	 	 0.1000 	 5.0041 	 0.2893
[2025/10/05 12:17:09] - ==> Building model..
[2025/10/05 12:18:02] - Test Loss 	 Test Acc 	 PGD Loss 	 PGD Acc
[2025/10/05 12:18:02] - 3.4463 	 	 0.4491 	 3.7890 	 0.2225
[2025/10/05 12:20:27] - 34 	 139.3 	 	 0.1000 	 5.0027 	 0.2899
[2025/10/05 12:20:27] - ==> Building model..
[2025/10/05 12:21:20] - Test Loss 	 Test Acc 	 PGD Loss 	 PGD Acc
[2025/10/05 12:21:20] - 3.4411 	 	 0.4508 	 3.7857 	 0.2234
[2025/10/05 12:23:44] - 35 	 139.0 	 	 0.1000 	 5.0015 	 0.2930
[2025/10/05 12:23:44] - ==> Building model..
[2025/10/05 12:24:38] - Test Loss 	 Test Acc 	 PGD Loss 	 PGD Acc
[2025/10/05 12:24:38] - 3.4358 	 	 0.4524 	 3.7821 	 0.2244
[2025/10/05 12:27:02] - 36 	 139.0 	 	 0.1000 	 5.0008 	 0.2925
[2025/10/05 12:27:02] - ==> Building model..
[2025/10/05 12:27:57] - Test Loss 	 Test Acc 	 PGD Loss 	 PGD Acc
[2025/10/05 12:27:57] - 3.4313 	 	 0.4525 	 3.7801 	 0.2249
[2025/10/05 12:30:22] - 37 	 138.9 	 	 0.1000 	 4.9991 	 0.2946
[2025/10/05 12:30:22] - ==> Building model..
[2025/10/05 12:31:16] - Test Loss 	 Test Acc 	 PGD Loss 	 PGD Acc
[2025/10/05 12:31:16] - 3.4267 	 	 0.4543 	 3.7777 	 0.2262
[2025/10/05 12:33:40] - 38 	 139.1 	 	 0.1000 	 4.9992 	 0.2955
[2025/10/05 12:33:40] - ==> Building model..
[2025/10/05 12:34:33] - Test Loss 	 Test Acc 	 PGD Loss 	 PGD Acc
[2025/10/05 12:34:33] - 3.4234 	 	 0.4564 	 3.7754 	 0.2256
[2025/10/05 12:36:58] - 39 	 139.1 	 	 0.1000 	 4.9973 	 0.2950
[2025/10/05 12:36:58] - ==> Building model..
[2025/10/05 12:37:51] - Test Loss 	 Test Acc 	 PGD Loss 	 PGD Acc
[2025/10/05 12:37:51] - 3.4192 	 	 0.4566 	 3.7733 	 0.2279
[2025/10/05 12:40:17] - 40 	 139.7 	 	 0.1000 	 4.9970 	 0.2953
[2025/10/05 12:40:17] - ==> Building model..
[2025/10/05 12:41:11] - Test Loss 	 Test Acc 	 PGD Loss 	 PGD Acc
[2025/10/05 12:41:11] - 3.4151 	 	 0.4568 	 3.7708 	 0.2274
[2025/10/05 12:43:36] - 41 	 138.9 	 	 0.1000 	 4.9957 	 0.2976
[2025/10/05 12:43:36] - ==> Building model..
[2025/10/05 12:44:30] - Test Loss 	 Test Acc 	 PGD Loss 	 PGD Acc
[2025/10/05 12:44:30] - 3.4112 	 	 0.4585 	 3.7681 	 0.2282
[2025/10/05 12:46:55] - 42 	 138.9 	 	 0.1000 	 4.9951 	 0.2997
[2025/10/05 12:46:55] - ==> Building model..
[2025/10/05 12:47:49] - Test Loss 	 Test Acc 	 PGD Loss 	 PGD Acc
[2025/10/05 12:47:49] - 3.4074 	 	 0.4588 	 3.7654 	 0.2295
[2025/10/05 12:50:15] - 43 	 139.3 	 	 0.1000 	 4.9944 	 0.3002
[2025/10/05 12:50:15] - ==> Building model..
[2025/10/05 12:51:09] - Test Loss 	 Test Acc 	 PGD Loss 	 PGD Acc
[2025/10/05 12:51:09] - 3.4046 	 	 0.4599 	 3.7642 	 0.2296
[2025/10/05 12:53:35] - 44 	 139.5 	 	 0.1000 	 4.9934 	 0.3016
[2025/10/05 12:53:35] - ==> Building model..
[2025/10/05 12:54:29] - Test Loss 	 Test Acc 	 PGD Loss 	 PGD Acc
[2025/10/05 12:54:29] - 3.4006 	 	 0.4610 	 3.7622 	 0.2297
[2025/10/05 12:56:54] - 45 	 139.8 	 	 0.1000 	 4.9930 	 0.3013
[2025/10/05 12:56:54] - ==> Building model..
[2025/10/05 12:57:49] - Test Loss 	 Test Acc 	 PGD Loss 	 PGD Acc
[2025/10/05 12:57:49] - 3.3998 	 	 0.4615 	 3.7625 	 0.2288
[2025/10/05 13:00:13] - 46 	 139.1 	 	 0.1000 	 4.9918 	 0.3029
[2025/10/05 13:00:13] - ==> Building model..
[2025/10/05 13:01:08] - Test Loss 	 Test Acc 	 PGD Loss 	 PGD Acc
[2025/10/05 13:01:08] - 3.3980 	 	 0.4625 	 3.7619 	 0.2295
[2025/10/05 13:03:33] - 47 	 139.8 	 	 0.1000 	 4.9918 	 0.3021
[2025/10/05 13:03:33] - ==> Building model..
[2025/10/05 13:04:26] - Test Loss 	 Test Acc 	 PGD Loss 	 PGD Acc
[2025/10/05 13:04:26] - 3.3944 	 	 0.4624 	 3.7592 	 0.2297
[2025/10/05 13:06:50] - 48 	 139.1 	 	 0.1000 	 4.9910 	 0.3027
[2025/10/05 13:06:50] - ==> Building model..
[2025/10/05 13:07:44] - Test Loss 	 Test Acc 	 PGD Loss 	 PGD Acc
[2025/10/05 13:07:44] - 3.3921 	 	 0.4634 	 3.7579 	 0.2306
[2025/10/05 13:10:07] - 49 	 138.8 	 	 0.1000 	 4.9907 	 0.3026
[2025/10/05 13:10:07] - ==> Building model..
[2025/10/05 13:11:01] - Test Loss 	 Test Acc 	 PGD Loss 	 PGD Acc
[2025/10/05 13:11:01] - 3.3897 	 	 0.4644 	 3.7572 	 0.2316
[2025/10/05 13:13:25] - 50 	 139.2 	 	 0.1000 	 4.9894 	 0.3043
[2025/10/05 13:13:25] - ==> Building model..
[2025/10/05 13:14:19] - Test Loss 	 Test Acc 	 PGD Loss 	 PGD Acc
[2025/10/05 13:14:19] - 3.3870 	 	 0.4647 	 3.7555 	 0.2317
[2025/10/05 13:16:42] - 51 	 138.7 	 	 0.1000 	 4.9895 	 0.3045
[2025/10/05 13:16:42] - ==> Building model..
[2025/10/05 13:17:36] - Test Loss 	 Test Acc 	 PGD Loss 	 PGD Acc
[2025/10/05 13:17:36] - 3.3858 	 	 0.4650 	 3.7553 	 0.2322
[2025/10/05 13:20:00] - 52 	 138.8 	 	 0.1000 	 4.9886 	 0.3068
[2025/10/05 13:20:00] - ==> Building model..
[2025/10/05 13:20:53] - Test Loss 	 Test Acc 	 PGD Loss 	 PGD Acc
[2025/10/05 13:20:53] - 3.3845 	 	 0.4656 	 3.7542 	 0.2321
[2025/10/05 13:23:17] - 53 	 139.5 	 	 0.1000 	 4.9885 	 0.3054
[2025/10/05 13:23:17] - ==> Building model..
[2025/10/05 13:24:11] - Test Loss 	 Test Acc 	 PGD Loss 	 PGD Acc
[2025/10/05 13:24:11] - 3.3839 	 	 0.4651 	 3.7544 	 0.2315
[2025/10/05 13:26:35] - 54 	 139.1 	 	 0.1000 	 4.9880 	 0.3075
[2025/10/05 13:26:35] - ==> Building model..
[2025/10/05 13:27:29] - Test Loss 	 Test Acc 	 PGD Loss 	 PGD Acc
[2025/10/05 13:27:29] - 3.3821 	 	 0.4663 	 3.7536 	 0.2327
[2025/10/05 13:29:53] - 55 	 138.9 	 	 0.1000 	 4.9868 	 0.3073
[2025/10/05 13:29:53] - ==> Building model..
[2025/10/05 13:30:46] - Test Loss 	 Test Acc 	 PGD Loss 	 PGD Acc
[2025/10/05 13:30:46] - 3.3799 	 	 0.4661 	 3.7523 	 0.2315
[2025/10/05 13:33:09] - 56 	 138.6 	 	 0.1000 	 4.9872 	 0.3073
[2025/10/05 13:33:09] - ==> Building model..
[2025/10/05 13:34:03] - Test Loss 	 Test Acc 	 PGD Loss 	 PGD Acc
[2025/10/05 13:34:03] - 3.3778 	 	 0.4667 	 3.7513 	 0.2323
[2025/10/05 13:36:27] - 57 	 138.9 	 	 0.1000 	 4.9863 	 0.3085
[2025/10/05 13:36:27] - ==> Building model..
[2025/10/05 13:37:20] - Test Loss 	 Test Acc 	 PGD Loss 	 PGD Acc
[2025/10/05 13:37:20] - 3.3762 	 	 0.4672 	 3.7508 	 0.2324
[2025/10/05 13:39:44] - 58 	 139.0 	 	 0.1000 	 4.9863 	 0.3084
[2025/10/05 13:39:44] - ==> Building model..
[2025/10/05 13:40:38] - Test Loss 	 Test Acc 	 PGD Loss 	 PGD Acc
[2025/10/05 13:40:38] - 3.3768 	 	 0.4673 	 3.7522 	 0.2320
[2025/10/05 13:43:02] - 59 	 139.4 	 	 0.1000 	 4.9858 	 0.3082
[2025/10/05 13:43:02] - ==> Building model..
[2025/10/05 13:43:56] - Test Loss 	 Test Acc 	 PGD Loss 	 PGD Acc
[2025/10/05 13:43:56] - 3.3787 	 	 0.4677 	 3.7540 	 0.2330
[2025/10/05 13:46:20] - 60 	 139.0 	 	 0.1000 	 4.9850 	 0.3089
[2025/10/05 13:46:20] - ==> Building model..
[2025/10/05 13:47:13] - Test Loss 	 Test Acc 	 PGD Loss 	 PGD Acc
[2025/10/05 13:47:13] - 3.3820 	 	 0.4662 	 3.7577 	 0.2330
[2025/10/05 13:49:38] - 61 	 139.2 	 	 0.1000 	 4.9848 	 0.3097
[2025/10/05 13:49:38] - ==> Building model..
[2025/10/05 13:50:31] - Test Loss 	 Test Acc 	 PGD Loss 	 PGD Acc
[2025/10/05 13:50:31] - 3.3856 	 	 0.4679 	 3.7617 	 0.2333
[2025/10/05 13:52:55] - 62 	 139.2 	 	 0.1000 	 4.9849 	 0.3092
[2025/10/05 13:52:55] - ==> Building model..
[2025/10/05 13:53:49] - Test Loss 	 Test Acc 	 PGD Loss 	 PGD Acc
[2025/10/05 13:53:49] - 3.3906 	 	 0.4678 	 3.7669 	 0.2339
[2025/10/05 13:56:13] - 63 	 138.8 	 	 0.1000 	 4.9845 	 0.3115
[2025/10/05 13:56:13] - ==> Building model..
[2025/10/05 13:57:06] - Test Loss 	 Test Acc 	 PGD Loss 	 PGD Acc
[2025/10/05 13:57:06] - 3.3943 	 	 0.4672 	 3.7700 	 0.2342
[2025/10/05 13:59:30] - 64 	 138.6 	 	 0.1000 	 4.9844 	 0.3116
[2025/10/05 13:59:30] - ==> Building model..
[2025/10/05 14:00:23] - Test Loss 	 Test Acc 	 PGD Loss 	 PGD Acc
[2025/10/05 14:00:23] - 3.3976 	 	 0.4674 	 3.7740 	 0.2353
[2025/10/05 14:02:47] - 65 	 138.6 	 	 0.1000 	 4.9843 	 0.3101
[2025/10/05 14:02:47] - ==> Building model..
[2025/10/05 14:03:40] - Test Loss 	 Test Acc 	 PGD Loss 	 PGD Acc
[2025/10/05 14:03:40] - 3.3999 	 	 0.4678 	 3.7764 	 0.2346
[2025/10/05 14:06:04] - 66 	 138.8 	 	 0.1000 	 4.9851 	 0.3127
[2025/10/05 14:06:04] - ==> Building model..
[2025/10/05 14:06:57] - Test Loss 	 Test Acc 	 PGD Loss 	 PGD Acc
[2025/10/05 14:06:57] - 3.4025 	 	 0.4689 	 3.7787 	 0.2345
[2025/10/05 14:09:21] - 67 	 139.0 	 	 0.1000 	 4.9849 	 0.3129
[2025/10/05 14:09:21] - ==> Building model..
[2025/10/05 14:10:15] - Test Loss 	 Test Acc 	 PGD Loss 	 PGD Acc
[2025/10/05 14:10:15] - 3.4033 	 	 0.4684 	 3.7799 	 0.2344
[2025/10/05 14:12:39] - 68 	 139.4 	 	 0.1000 	 4.9856 	 0.3104
[2025/10/05 14:12:39] - ==> Building model..
[2025/10/05 14:13:32] - Test Loss 	 Test Acc 	 PGD Loss 	 PGD Acc
[2025/10/05 14:13:32] - 3.4050 	 	 0.4670 	 3.7814 	 0.2350
[2025/10/05 14:15:56] - 69 	 139.0 	 	 0.1000 	 4.9859 	 0.3121
[2025/10/05 14:15:56] - ==> Building model..
[2025/10/05 14:16:50] - Test Loss 	 Test Acc 	 PGD Loss 	 PGD Acc
[2025/10/05 14:16:50] - 3.4054 	 	 0.4672 	 3.7815 	 0.2350
[2025/10/05 14:19:14] - 70 	 138.9 	 	 0.1000 	 4.9852 	 0.3119
[2025/10/05 14:19:14] - ==> Building model..
[2025/10/05 14:20:07] - Test Loss 	 Test Acc 	 PGD Loss 	 PGD Acc
[2025/10/05 14:20:07] - 3.4054 	 	 0.4672 	 3.7816 	 0.2354
[2025/10/05 14:22:32] - 71 	 139.4 	 	 0.1000 	 4.9850 	 0.3108
[2025/10/05 14:22:32] - ==> Building model..
[2025/10/05 14:23:26] - Test Loss 	 Test Acc 	 PGD Loss 	 PGD Acc
[2025/10/05 14:23:26] - 3.4046 	 	 0.4682 	 3.7812 	 0.2356
[2025/10/05 14:25:50] - 72 	 139.2 	 	 0.1000 	 4.9845 	 0.3123
[2025/10/05 14:25:50] - ==> Building model..
[2025/10/05 14:26:44] - Test Loss 	 Test Acc 	 PGD Loss 	 PGD Acc
[2025/10/05 14:26:44] - 3.4032 	 	 0.4673 	 3.7798 	 0.2358
[2025/10/05 14:29:08] - 73 	 139.2 	 	 0.1000 	 4.9838 	 0.3135
[2025/10/05 14:29:08] - ==> Building model..
[2025/10/05 14:30:01] - Test Loss 	 Test Acc 	 PGD Loss 	 PGD Acc
[2025/10/05 14:30:01] - 3.4009 	 	 0.4669 	 3.7772 	 0.2349
[2025/10/05 14:32:25] - 74 	 138.8 	 	 0.1000 	 4.9842 	 0.3148
[2025/10/05 14:32:25] - ==> Building model..
[2025/10/05 14:33:19] - Test Loss 	 Test Acc 	 PGD Loss 	 PGD Acc
[2025/10/05 14:33:19] - 3.3997 	 	 0.4675 	 3.7761 	 0.2347
[2025/10/05 14:35:43] - 75 	 139.4 	 	 0.1000 	 4.9835 	 0.3129
[2025/10/05 14:35:43] - ==> Building model..
[2025/10/05 14:36:36] - Test Loss 	 Test Acc 	 PGD Loss 	 PGD Acc
[2025/10/05 14:36:36] - 3.3968 	 	 0.4677 	 3.7735 	 0.2350
[2025/10/05 14:38:59] - 76 	 138.4 	 	 0.1000 	 4.9832 	 0.3133
[2025/10/05 14:38:59] - ==> Building model..
[2025/10/05 14:39:53] - Test Loss 	 Test Acc 	 PGD Loss 	 PGD Acc
[2025/10/05 14:39:53] - 3.3945 	 	 0.4683 	 3.7715 	 0.2354
[2025/10/05 14:42:17] - 77 	 139.2 	 	 0.1000 	 4.9830 	 0.3160
[2025/10/05 14:42:17] - ==> Building model..
[2025/10/05 14:43:10] - Test Loss 	 Test Acc 	 PGD Loss 	 PGD Acc
[2025/10/05 14:43:10] - 3.3917 	 	 0.4694 	 3.7684 	 0.2358
[2025/10/05 14:45:34] - 78 	 139.1 	 	 0.1000 	 4.9836 	 0.3133
[2025/10/05 14:45:34] - ==> Building model..
[2025/10/05 14:46:28] - Test Loss 	 Test Acc 	 PGD Loss 	 PGD Acc
[2025/10/05 14:46:28] - 3.3876 	 	 0.4688 	 3.7654 	 0.2357
[2025/10/05 14:48:52] - 79 	 139.1 	 	 0.1000 	 4.9835 	 0.3145
[2025/10/05 14:48:52] - ==> Building model..
[2025/10/05 14:49:45] - Test Loss 	 Test Acc 	 PGD Loss 	 PGD Acc
[2025/10/05 14:49:45] - 3.3853 	 	 0.4682 	 3.7631 	 0.2364
[2025/10/05 14:52:10] - 80 	 139.2 	 	 0.1000 	 4.9828 	 0.3146
[2025/10/05 14:52:10] - ==> Building model..
[2025/10/05 14:53:03] - Test Loss 	 Test Acc 	 PGD Loss 	 PGD Acc
[2025/10/05 14:53:03] - 3.3824 	 	 0.4694 	 3.7608 	 0.2363
[2025/10/05 14:55:28] - 81 	 139.3 	 	 0.1000 	 4.9827 	 0.3143
[2025/10/05 14:55:28] - ==> Building model..
[2025/10/05 14:56:21] - Test Loss 	 Test Acc 	 PGD Loss 	 PGD Acc
[2025/10/05 14:56:21] - 3.3790 	 	 0.4701 	 3.7577 	 0.2369
[2025/10/05 14:58:45] - 82 	 139.2 	 	 0.1000 	 4.9817 	 0.3171
[2025/10/05 14:58:45] - ==> Building model..
[2025/10/05 14:59:39] - Test Loss 	 Test Acc 	 PGD Loss 	 PGD Acc
[2025/10/05 14:59:39] - 3.3759 	 	 0.4707 	 3.7557 	 0.2362
[2025/10/05 15:02:03] - 83 	 138.8 	 	 0.1000 	 4.9829 	 0.3129
[2025/10/05 15:02:03] - ==> Building model..
[2025/10/05 15:02:56] - Test Loss 	 Test Acc 	 PGD Loss 	 PGD Acc
[2025/10/05 15:02:56] - 3.3728 	 	 0.4709 	 3.7537 	 0.2369
[2025/10/05 15:05:20] - 84 	 139.2 	 	 0.1000 	 4.9822 	 0.3132
[2025/10/05 15:05:20] - ==> Building model..
[2025/10/05 15:06:14] - Test Loss 	 Test Acc 	 PGD Loss 	 PGD Acc
[2025/10/05 15:06:14] - 3.3696 	 	 0.4715 	 3.7510 	 0.2371
[2025/10/05 15:08:38] - 85 	 138.9 	 	 0.1000 	 4.9823 	 0.3154
[2025/10/05 15:08:38] - ==> Building model..
[2025/10/05 15:09:31] - Test Loss 	 Test Acc 	 PGD Loss 	 PGD Acc
[2025/10/05 15:09:31] - 3.3663 	 	 0.4723 	 3.7485 	 0.2367
[2025/10/05 15:11:55] - 86 	 139.0 	 	 0.1000 	 4.9818 	 0.3166
[2025/10/05 15:11:55] - ==> Building model..
[2025/10/05 15:12:49] - Test Loss 	 Test Acc 	 PGD Loss 	 PGD Acc
[2025/10/05 15:12:49] - 3.3637 	 	 0.4725 	 3.7466 	 0.2367
[2025/10/05 15:15:12] - 87 	 138.7 	 	 0.1000 	 4.9815 	 0.3145
[2025/10/05 15:15:12] - ==> Building model..
[2025/10/05 15:16:05] - Test Loss 	 Test Acc 	 PGD Loss 	 PGD Acc
[2025/10/05 15:16:05] - 3.3606 	 	 0.4724 	 3.7444 	 0.2364
[2025/10/05 15:18:29] - 88 	 138.9 	 	 0.1000 	 4.9815 	 0.3143
[2025/10/05 15:18:29] - ==> Building model..
[2025/10/05 15:19:23] - Test Loss 	 Test Acc 	 PGD Loss 	 PGD Acc
[2025/10/05 15:19:23] - 3.3568 	 	 0.4732 	 3.7411 	 0.2372
[2025/10/05 15:21:47] - 89 	 139.4 	 	 0.1000 	 4.9806 	 0.3165
[2025/10/05 15:21:47] - ==> Building model..
[2025/10/05 15:22:40] - Test Loss 	 Test Acc 	 PGD Loss 	 PGD Acc
[2025/10/05 15:22:40] - 3.3532 	 	 0.4737 	 3.7399 	 0.2371
[2025/10/05 15:25:04] - 90 	 139.1 	 	 0.1000 	 4.9804 	 0.3181
[2025/10/05 15:25:04] - ==> Building model..
[2025/10/05 15:25:58] - Test Loss 	 Test Acc 	 PGD Loss 	 PGD Acc
[2025/10/05 15:25:58] - 3.3505 	 	 0.4739 	 3.7370 	 0.2367
[2025/10/05 15:28:22] - 91 	 139.2 	 	 0.1000 	 4.9811 	 0.3180
[2025/10/05 15:28:22] - ==> Building model..
[2025/10/05 15:29:15] - Test Loss 	 Test Acc 	 PGD Loss 	 PGD Acc
[2025/10/05 15:29:15] - 3.3480 	 	 0.4746 	 3.7355 	 0.2367
[2025/10/05 15:31:40] - 92 	 139.0 	 	 0.1000 	 4.9816 	 0.3141
[2025/10/05 15:31:40] - ==> Building model..
[2025/10/05 15:32:33] - Test Loss 	 Test Acc 	 PGD Loss 	 PGD Acc
[2025/10/05 15:32:33] - 3.3452 	 	 0.4752 	 3.7331 	 0.2370
[2025/10/05 15:34:57] - 93 	 138.4 	 	 0.1000 	 4.9803 	 0.3178
[2025/10/05 15:34:57] - ==> Building model..
[2025/10/05 15:35:51] - Test Loss 	 Test Acc 	 PGD Loss 	 PGD Acc
[2025/10/05 15:35:51] - 3.3433 	 	 0.4749 	 3.7321 	 0.2376
[2025/10/05 15:38:16] - 94 	 139.2 	 	 0.1000 	 4.9820 	 0.3164
[2025/10/05 15:38:16] - ==> Building model..
[2025/10/05 15:39:10] - Test Loss 	 Test Acc 	 PGD Loss 	 PGD Acc
[2025/10/05 15:39:10] - 3.3415 	 	 0.4749 	 3.7300 	 0.2383
[2025/10/05 15:41:34] - 95 	 139.1 	 	 0.1000 	 4.9809 	 0.3176
[2025/10/05 15:41:34] - ==> Building model..
[2025/10/05 15:42:28] - Test Loss 	 Test Acc 	 PGD Loss 	 PGD Acc
[2025/10/05 15:42:28] - 3.3400 	 	 0.4756 	 3.7293 	 0.2388
[2025/10/05 15:44:53] - 96 	 139.3 	 	 0.1000 	 4.9807 	 0.3158
[2025/10/05 15:44:53] - ==> Building model..
[2025/10/05 15:45:48] - Test Loss 	 Test Acc 	 PGD Loss 	 PGD Acc
[2025/10/05 15:45:48] - 3.3383 	 	 0.4749 	 3.7278 	 0.2403
[2025/10/05 15:48:16] - 97 	 140.8 	 	 0.1000 	 4.9813 	 0.3185
[2025/10/05 15:48:16] - ==> Building model..
[2025/10/05 15:49:12] - Test Loss 	 Test Acc 	 PGD Loss 	 PGD Acc
[2025/10/05 15:49:12] - 3.3366 	 	 0.4752 	 3.7267 	 0.2395
[2025/10/05 15:51:39] - 98 	 140.3 	 	 0.1000 	 4.9804 	 0.3176
[2025/10/05 15:51:39] - ==> Building model..
[2025/10/05 15:52:34] - Test Loss 	 Test Acc 	 PGD Loss 	 PGD Acc
[2025/10/05 15:52:34] - 3.3358 	 	 0.4760 	 3.7265 	 0.2392
[2025/10/05 15:54:59] - 99 	 138.6 	 	 0.0100 	 4.8817 	 0.4452
[2025/10/05 15:54:59] - ==> Building model..
[2025/10/05 15:55:54] - Test Loss 	 Test Acc 	 PGD Loss 	 PGD Acc
[2025/10/05 15:55:54] - 3.3356 	 	 0.4760 	 3.7265 	 0.2396
[2025/10/05 15:58:19] - 100 	 138.8 	 	 0.0100 	 4.8143 	 0.5379
[2025/10/05 15:58:19] - ==> Building model..
[2025/10/05 15:59:13] - Test Loss 	 Test Acc 	 PGD Loss 	 PGD Acc
[2025/10/05 15:59:13] - 3.3356 	 	 0.4760 	 3.7265 	 0.2392
[2025/10/05 16:01:38] - 101 	 138.9 	 	 0.0100 	 4.7882 	 0.5777
[2025/10/05 16:01:38] - ==> Building model..
[2025/10/05 16:02:33] - Test Loss 	 Test Acc 	 PGD Loss 	 PGD Acc
[2025/10/05 16:02:33] - 3.3356 	 	 0.4760 	 3.7264 	 0.2391
[2025/10/05 16:04:57] - 102 	 138.7 	 	 0.0100 	 4.7667 	 0.6117
[2025/10/05 16:04:57] - ==> Building model..
[2025/10/05 16:05:52] - Test Loss 	 Test Acc 	 PGD Loss 	 PGD Acc
[2025/10/05 16:05:52] - 3.3356 	 	 0.4760 	 3.7263 	 0.2391
[2025/10/05 16:08:17] - 103 	 138.9 	 	 0.0100 	 4.7485 	 0.6459
[2025/10/05 16:08:17] - ==> Building model..
[2025/10/05 16:09:12] - Test Loss 	 Test Acc 	 PGD Loss 	 PGD Acc
[2025/10/05 16:09:12] - 3.3356 	 	 0.4760 	 3.7264 	 0.2393
[2025/10/05 16:11:37] - 104 	 138.9 	 	 0.0010 	 4.7015 	 0.7206
[2025/10/05 16:11:37] - ==> Building model..
[2025/10/05 16:12:31] - Test Loss 	 Test Acc 	 PGD Loss 	 PGD Acc
[2025/10/05 16:12:31] - 3.3356 	 	 0.4760 	 3.7261 	 0.2387
[2025/10/05 16:14:57] - 105 	 139.2 	 	 0.0010 	 4.6803 	 0.7566
[2025/10/05 16:14:57] - ==> Building model..
[2025/10/05 16:15:51] - Test Loss 	 Test Acc 	 PGD Loss 	 PGD Acc
[2025/10/05 16:15:51] - 3.3356 	 	 0.4760 	 3.7265 	 0.2390
[2025/10/05 16:18:18] - 106 	 140.2 	 	 0.0010 	 4.6743 	 0.7658
[2025/10/05 16:18:18] - ==> Building model..
[2025/10/05 16:19:13] - Test Loss 	 Test Acc 	 PGD Loss 	 PGD Acc
[2025/10/05 16:19:13] - 3.3356 	 	 0.4760 	 3.7262 	 0.2390
[2025/10/05 16:21:38] - 107 	 139.0 	 	 0.0010 	 4.6693 	 0.7746
[2025/10/05 16:21:38] - ==> Building model..
[2025/10/05 16:22:32] - Test Loss 	 Test Acc 	 PGD Loss 	 PGD Acc
[2025/10/05 16:22:32] - 3.3356 	 	 0.4760 	 3.7265 	 0.2395
[2025/10/05 16:24:57] - 108 	 138.9 	 	 0.0010 	 4.6648 	 0.7817
[2025/10/05 16:24:57] - ==> Building model..
[2025/10/05 16:25:50] - Test Loss 	 Test Acc 	 PGD Loss 	 PGD Acc
[2025/10/05 16:25:50] - 3.3356 	 	 0.4760 	 3.7267 	 0.2390
[2025/10/05 16:28:15] - 109 	 138.9 	 	 0.0010 	 4.6602 	 0.7892
[2025/10/05 16:28:15] - ==> Building model..
[2025/10/05 16:29:09] - Test Loss 	 Test Acc 	 PGD Loss 	 PGD Acc
[2025/10/05 16:29:09] - 3.3356 	 	 0.4760 	 3.7265 	 0.2390
[2025/10/05 16:29:09] - [0.0701, 0.1394, 0.1821, 0.2075, 0.234, 0.2469, 0.265, 0.2947, 0.3284, 0.3526, 0.3671, 0.3792, 0.3844, 0.3935, 0.398, 0.4028, 0.4088, 0.4129, 0.4154, 0.4176, 0.4232, 0.4252, 0.4273, 0.4301, 0.433, 0.4342, 0.4379, 0.439, 0.4408, 0.4432, 0.4453, 0.4475, 0.4501, 0.4491, 0.4508, 0.4524, 0.4525, 0.4543, 0.4564, 0.4566, 0.4568, 0.4585, 0.4588, 0.4599, 0.461, 0.4615, 0.4625, 0.4624, 0.4634, 0.4644, 0.4647, 0.465, 0.4656, 0.4651, 0.4663, 0.4661, 0.4667, 0.4672, 0.4673, 0.4677, 0.4662, 0.4679, 0.4678, 0.4672, 0.4674, 0.4678, 0.4689, 0.4684, 0.467, 0.4672, 0.4672, 0.4682, 0.4673, 0.4669, 0.4675, 0.4677, 0.4683, 0.4694, 0.4688, 0.4682, 0.4694, 0.4701, 0.4707, 0.4709, 0.4715, 0.4723, 0.4725, 0.4724, 0.4732, 0.4737, 0.4739, 0.4746, 0.4752, 0.4749, 0.4749, 0.4756, 0.4749, 0.4752, 0.476, 0.476, 0.476, 0.476, 0.476, 0.476, 0.476, 0.476, 0.476, 0.476, 0.476, 0.476]
[2025/10/05 16:29:09] - [0.0407, 0.0729, 0.0961, 0.1098, 0.1197, 0.1267, 0.1362, 0.1497, 0.1653, 0.1764, 0.184, 0.1898, 0.1942, 0.1984, 0.2004, 0.2029, 0.2039, 0.2048, 0.2061, 0.2067, 0.2089, 0.2105, 0.2131, 0.2139, 0.2153, 0.2174, 0.2191, 0.2194, 0.2192, 0.2207, 0.2205, 0.2215, 0.2225, 0.2225, 0.2234, 0.2244, 0.2249, 0.2262, 0.2256, 0.2279, 0.2274, 0.2282, 0.2295, 0.2296, 0.2297, 0.2288, 0.2295, 0.2297, 0.2306, 0.2316, 0.2317, 0.2322, 0.2321, 0.2315, 0.2327, 0.2315, 0.2323, 0.2324, 0.232, 0.233, 0.233, 0.2333, 0.2339, 0.2342, 0.2353, 0.2346, 0.2345, 0.2344, 0.235, 0.235, 0.2354, 0.2356, 0.2358, 0.2349, 0.2347, 0.235, 0.2354, 0.2358, 0.2357, 0.2364, 0.2363, 0.2369, 0.2362, 0.2369, 0.2371, 0.2367, 0.2367, 0.2364, 0.2372, 0.2371, 0.2367, 0.2367, 0.237, 0.2376, 0.2383, 0.2388, 0.2403, 0.2395, 0.2392, 0.2396, 0.2392, 0.2391, 0.2391, 0.2393, 0.2387, 0.239, 0.239, 0.2395, 0.239, 0.239]
