[2025/09/21 16:39:34] - Namespace(batch_size=128, data_dir='cifar-data', epochs=120, lr_schedule='multistep', lr_min=0.0, lr_max=0.1, weight_decay=0.0005, momentum=0.9, model='ResNet18', epsilon=8, alpha=8, delta_init='random', normal_mean=0, normal_std=1, out_dir='./output/CIFAR10/beta_0.4', seed=0, lamda=12, lam_scale=0.1, lam_max=45, lam_start=50, gamma=0.15, inner_gamma=0.15, beta=0.4, mu=3.5, batch_m=0.75, early_stop=False, factor=0.7, length=4, n_holes=1, c_num=0.125, EMA_value=0.82)
[2025/09/21 16:39:41] - ==> Building model..
[2025/09/21 16:39:42] - Epoch 	 Seconds 	 LR 	 	 Train Loss 	 Train Acc
[2025/09/21 16:41:03] - 0 	 52.5 	 	 0.1000 	 2.2317 	 0.2265
[2025/09/21 16:41:03] - ==> Building model..
[2025/09/21 16:41:43] - Test Loss 	 Test Acc 	 PGD Loss 	 PGD Acc
[2025/09/21 16:41:43] - 1.8297 	 	 0.3988 	 1.8867 	 0.2813
[2025/09/21 16:43:05] - 1 	 52.5 	 	 0.1000 	 2.1339 	 0.3024
[2025/09/21 16:43:05] - ==> Building model..
[2025/09/21 16:43:46] - Test Loss 	 Test Acc 	 PGD Loss 	 PGD Acc
[2025/09/21 16:43:46] - 1.7156 	 	 0.4610 	 1.7906 	 0.3179
[2025/09/21 16:45:06] - 2 	 51.5 	 	 0.1000 	 2.0951 	 0.3441
[2025/09/21 16:45:06] - ==> Building model..
[2025/09/21 16:45:45] - Test Loss 	 Test Acc 	 PGD Loss 	 PGD Acc
[2025/09/21 16:45:45] - 1.6418 	 	 0.5120 	 1.7317 	 0.3391
[2025/09/21 16:47:08] - 3 	 54.9 	 	 0.1000 	 2.0676 	 0.3679
[2025/09/21 16:47:08] - ==> Building model..
[2025/09/21 16:47:46] - Test Loss 	 Test Acc 	 PGD Loss 	 PGD Acc
[2025/09/21 16:47:46] - 1.5856 	 	 0.5509 	 1.6868 	 0.3696
[2025/09/21 16:49:08] - 4 	 55.1 	 	 0.1000 	 2.0433 	 0.3945
[2025/09/21 16:49:08] - ==> Building model..
[2025/09/21 16:49:46] - Test Loss 	 Test Acc 	 PGD Loss 	 PGD Acc
[2025/09/21 16:49:46] - 1.5481 	 	 0.5801 	 1.6577 	 0.3901
[2025/09/21 16:51:08] - 5 	 53.4 	 	 0.1000 	 2.0199 	 0.4176
[2025/09/21 16:51:08] - ==> Building model..
[2025/09/21 16:51:45] - Test Loss 	 Test Acc 	 PGD Loss 	 PGD Acc
[2025/09/21 16:51:45] - 1.5262 	 	 0.6061 	 1.6429 	 0.4093
[2025/09/21 16:53:07] - 6 	 54.0 	 	 0.1000 	 1.9991 	 0.4402
[2025/09/21 16:53:07] - ==> Building model..
[2025/09/21 16:53:43] - Test Loss 	 Test Acc 	 PGD Loss 	 PGD Acc
[2025/09/21 16:53:43] - 1.5122 	 	 0.6240 	 1.6327 	 0.4265
[2025/09/21 16:55:04] - 7 	 54.3 	 	 0.1000 	 1.9838 	 0.4546
[2025/09/21 16:55:04] - ==> Building model..
[2025/09/21 16:55:42] - Test Loss 	 Test Acc 	 PGD Loss 	 PGD Acc
[2025/09/21 16:55:42] - 1.5036 	 	 0.6337 	 1.6264 	 0.4418
[2025/09/21 16:57:04] - 8 	 53.6 	 	 0.1000 	 1.9694 	 0.4688
[2025/09/21 16:57:04] - ==> Building model..
[2025/09/21 16:57:42] - Test Loss 	 Test Acc 	 PGD Loss 	 PGD Acc
[2025/09/21 16:57:42] - 1.5010 	 	 0.6455 	 1.6251 	 0.4512
[2025/09/21 16:59:05] - 9 	 55.6 	 	 0.1000 	 1.9567 	 0.4826
[2025/09/21 16:59:05] - ==> Building model..
[2025/09/21 16:59:42] - Test Loss 	 Test Acc 	 PGD Loss 	 PGD Acc
[2025/09/21 16:59:42] - 1.5043 	 	 0.6490 	 1.6284 	 0.4587
[2025/09/21 17:01:05] - 10 	 55.3 	 	 0.1000 	 1.9467 	 0.4895
[2025/09/21 17:01:05] - ==> Building model..
[2025/09/21 17:01:40] - Test Loss 	 Test Acc 	 PGD Loss 	 PGD Acc
[2025/09/21 17:01:40] - 1.5050 	 	 0.6557 	 1.6288 	 0.4675
[2025/09/21 17:03:03] - 11 	 54.3 	 	 0.1000 	 1.9395 	 0.4993
[2025/09/21 17:03:03] - ==> Building model..
[2025/09/21 17:03:40] - Test Loss 	 Test Acc 	 PGD Loss 	 PGD Acc
[2025/09/21 17:03:40] - 1.4887 	 	 0.6664 	 1.6159 	 0.4757
[2025/09/21 17:05:03] - 12 	 55.7 	 	 0.1000 	 1.9342 	 0.5050
[2025/09/21 17:05:03] - ==> Building model..
[2025/09/21 17:05:40] - Test Loss 	 Test Acc 	 PGD Loss 	 PGD Acc
[2025/09/21 17:05:40] - 1.4505 	 	 0.6811 	 1.5845 	 0.4848
[2025/09/21 17:07:03] - 13 	 55.3 	 	 0.1000 	 1.9294 	 0.5102
[2025/09/21 17:07:03] - ==> Building model..
[2025/09/21 17:07:40] - Test Loss 	 Test Acc 	 PGD Loss 	 PGD Acc
[2025/09/21 17:07:40] - 1.4063 	 	 0.6947 	 1.5496 	 0.4934
[2025/09/21 17:09:03] - 14 	 55.3 	 	 0.1000 	 1.9204 	 0.5197
[2025/09/21 17:09:03] - ==> Building model..
[2025/09/21 17:09:35] - Test Loss 	 Test Acc 	 PGD Loss 	 PGD Acc
[2025/09/21 17:09:35] - 1.3633 	 	 0.7036 	 1.5152 	 0.4991
[2025/09/21 17:10:58] - 15 	 54.6 	 	 0.1000 	 1.9180 	 0.5205
[2025/09/21 17:10:58] - ==> Building model..
[2025/09/21 17:11:36] - Test Loss 	 Test Acc 	 PGD Loss 	 PGD Acc
[2025/09/21 17:11:36] - 1.3284 	 	 0.7137 	 1.4875 	 0.5054
[2025/09/21 17:12:57] - 16 	 53.2 	 	 0.1000 	 1.9136 	 0.5264
[2025/09/21 17:12:57] - ==> Building model..
[2025/09/21 17:13:36] - Test Loss 	 Test Acc 	 PGD Loss 	 PGD Acc
[2025/09/21 17:13:36] - 1.3020 	 	 0.7207 	 1.4667 	 0.5097
[2025/09/21 17:14:58] - 17 	 53.0 	 	 0.1000 	 1.9093 	 0.5302
[2025/09/21 17:14:58] - ==> Building model..
[2025/09/21 17:15:38] - Test Loss 	 Test Acc 	 PGD Loss 	 PGD Acc
[2025/09/21 17:15:38] - 1.2832 	 	 0.7269 	 1.4517 	 0.5124
[2025/09/21 17:16:55] - 18 	 48.8 	 	 0.1000 	 1.9079 	 0.5326
[2025/09/21 17:16:55] - ==> Building model..
[2025/09/21 17:17:35] - Test Loss 	 Test Acc 	 PGD Loss 	 PGD Acc
[2025/09/21 17:17:35] - 1.2707 	 	 0.7313 	 1.4415 	 0.5160
[2025/09/21 17:18:57] - 19 	 53.5 	 	 0.1000 	 1.9017 	 0.5374
[2025/09/21 17:18:57] - ==> Building model..
[2025/09/21 17:19:36] - Test Loss 	 Test Acc 	 PGD Loss 	 PGD Acc
[2025/09/21 17:19:36] - 1.2612 	 	 0.7344 	 1.4336 	 0.5190
[2025/09/21 17:20:58] - 20 	 53.1 	 	 0.1000 	 1.8990 	 0.5409
[2025/09/21 17:20:58] - ==> Building model..
[2025/09/21 17:21:37] - Test Loss 	 Test Acc 	 PGD Loss 	 PGD Acc
[2025/09/21 17:21:37] - 1.2517 	 	 0.7377 	 1.4261 	 0.5203
[2025/09/21 17:22:57] - 21 	 51.2 	 	 0.1000 	 1.8967 	 0.5437
[2025/09/21 17:22:57] - ==> Building model..
[2025/09/21 17:23:34] - Test Loss 	 Test Acc 	 PGD Loss 	 PGD Acc
[2025/09/21 17:23:34] - 1.2442 	 	 0.7395 	 1.4203 	 0.5240
[2025/09/21 17:24:57] - 22 	 55.2 	 	 0.1000 	 1.8962 	 0.5426
[2025/09/21 17:24:57] - ==> Building model..
[2025/09/21 17:25:33] - Test Loss 	 Test Acc 	 PGD Loss 	 PGD Acc
[2025/09/21 17:25:33] - 1.2400 	 	 0.7424 	 1.4173 	 0.5252
[2025/09/21 17:26:55] - 23 	 54.1 	 	 0.1000 	 1.8936 	 0.5478
[2025/09/21 17:26:55] - ==> Building model..
[2025/09/21 17:27:33] - Test Loss 	 Test Acc 	 PGD Loss 	 PGD Acc
[2025/09/21 17:27:33] - 1.2363 	 	 0.7417 	 1.4146 	 0.5269
[2025/09/21 17:28:57] - 24 	 54.2 	 	 0.1000 	 1.8905 	 0.5485
[2025/09/21 17:28:57] - ==> Building model..
[2025/09/21 17:29:34] - Test Loss 	 Test Acc 	 PGD Loss 	 PGD Acc
[2025/09/21 17:29:34] - 1.2307 	 	 0.7457 	 1.4098 	 0.5283
[2025/09/21 17:30:57] - 25 	 55.1 	 	 0.1000 	 1.8867 	 0.5552
[2025/09/21 17:30:57] - ==> Building model..
[2025/09/21 17:31:34] - Test Loss 	 Test Acc 	 PGD Loss 	 PGD Acc
[2025/09/21 17:31:34] - 1.2253 	 	 0.7483 	 1.4054 	 0.5309
[2025/09/21 17:32:57] - 26 	 55.4 	 	 0.1000 	 1.8850 	 0.5515
[2025/09/21 17:32:57] - ==> Building model..
[2025/09/21 17:33:32] - Test Loss 	 Test Acc 	 PGD Loss 	 PGD Acc
[2025/09/21 17:33:32] - 1.2220 	 	 0.7490 	 1.4024 	 0.5322
[2025/09/21 17:34:54] - 27 	 54.3 	 	 0.1000 	 1.8845 	 0.5556
[2025/09/21 17:34:54] - ==> Building model..
[2025/09/21 17:35:29] - Test Loss 	 Test Acc 	 PGD Loss 	 PGD Acc
[2025/09/21 17:35:29] - 1.2189 	 	 0.7503 	 1.3996 	 0.5345
[2025/09/21 17:36:53] - 28 	 55.4 	 	 0.1000 	 1.8830 	 0.5571
[2025/09/21 17:36:53] - ==> Building model..
[2025/09/21 17:37:30] - Test Loss 	 Test Acc 	 PGD Loss 	 PGD Acc
[2025/09/21 17:37:30] - 1.2160 	 	 0.7535 	 1.3977 	 0.5339
[2025/09/21 17:38:52] - 29 	 55.0 	 	 0.1000 	 1.8803 	 0.5584
[2025/09/21 17:38:52] - ==> Building model..
[2025/09/21 17:39:29] - Test Loss 	 Test Acc 	 PGD Loss 	 PGD Acc
[2025/09/21 17:39:29] - 1.2121 	 	 0.7546 	 1.3950 	 0.5343
[2025/09/21 17:40:51] - 30 	 55.0 	 	 0.1000 	 1.8802 	 0.5603
[2025/09/21 17:40:51] - ==> Building model..
[2025/09/21 17:41:23] - Test Loss 	 Test Acc 	 PGD Loss 	 PGD Acc
[2025/09/21 17:41:23] - 1.2099 	 	 0.7563 	 1.3937 	 0.5376
[2025/09/21 17:42:46] - 31 	 54.6 	 	 0.1000 	 1.8782 	 0.5615
[2025/09/21 17:42:46] - ==> Building model..
[2025/09/21 17:43:23] - Test Loss 	 Test Acc 	 PGD Loss 	 PGD Acc
[2025/09/21 17:43:23] - 1.2067 	 	 0.7583 	 1.3915 	 0.5385
[2025/09/21 17:44:45] - 32 	 54.6 	 	 0.1000 	 1.8772 	 0.5630
[2025/09/21 17:44:45] - ==> Building model..
[2025/09/21 17:45:24] - Test Loss 	 Test Acc 	 PGD Loss 	 PGD Acc
[2025/09/21 17:45:24] - 1.2031 	 	 0.7590 	 1.3883 	 0.5412
[2025/09/21 17:46:46] - 33 	 53.9 	 	 0.1000 	 1.8756 	 0.5625
[2025/09/21 17:46:46] - ==> Building model..
[2025/09/21 17:47:26] - Test Loss 	 Test Acc 	 PGD Loss 	 PGD Acc
[2025/09/21 17:47:26] - 1.2005 	 	 0.7592 	 1.3866 	 0.5430
[2025/09/21 17:48:45] - 34 	 50.4 	 	 0.1000 	 1.8739 	 0.5637
[2025/09/21 17:48:45] - ==> Building model..
[2025/09/21 17:49:24] - Test Loss 	 Test Acc 	 PGD Loss 	 PGD Acc
[2025/09/21 17:49:24] - 1.1961 	 	 0.7627 	 1.3833 	 0.5436
[2025/09/21 17:50:46] - 35 	 52.7 	 	 0.1000 	 1.8741 	 0.5671
[2025/09/21 17:50:46] - ==> Building model..
[2025/09/21 17:51:26] - Test Loss 	 Test Acc 	 PGD Loss 	 PGD Acc
[2025/09/21 17:51:26] - 1.1934 	 	 0.7625 	 1.3808 	 0.5448
[2025/09/21 17:52:47] - 36 	 53.0 	 	 0.1000 	 1.8744 	 0.5635
[2025/09/21 17:52:47] - ==> Building model..
[2025/09/21 17:53:27] - Test Loss 	 Test Acc 	 PGD Loss 	 PGD Acc
[2025/09/21 17:53:27] - 1.1919 	 	 0.7660 	 1.3800 	 0.5446
[2025/09/21 17:54:49] - 37 	 53.0 	 	 0.1000 	 1.8719 	 0.5676
[2025/09/21 17:54:49] - ==> Building model..
[2025/09/21 17:55:27] - Test Loss 	 Test Acc 	 PGD Loss 	 PGD Acc
[2025/09/21 17:55:27] - 1.1902 	 	 0.7682 	 1.3789 	 0.5475
[2025/09/21 17:56:50] - 38 	 55.5 	 	 0.1000 	 1.8713 	 0.5668
[2025/09/21 17:56:50] - ==> Building model..
[2025/09/21 17:57:27] - Test Loss 	 Test Acc 	 PGD Loss 	 PGD Acc
[2025/09/21 17:57:27] - 1.1877 	 	 0.7666 	 1.3768 	 0.5467
[2025/09/21 17:58:48] - 39 	 54.0 	 	 0.1000 	 1.8684 	 0.5695
[2025/09/21 17:58:48] - ==> Building model..
[2025/09/21 17:59:26] - Test Loss 	 Test Acc 	 PGD Loss 	 PGD Acc
[2025/09/21 17:59:26] - 1.1845 	 	 0.7662 	 1.3736 	 0.5478
[2025/09/21 18:00:47] - 40 	 52.6 	 	 0.1000 	 1.8700 	 0.5661
[2025/09/21 18:00:47] - ==> Building model..
[2025/09/21 18:01:24] - Test Loss 	 Test Acc 	 PGD Loss 	 PGD Acc
[2025/09/21 18:01:24] - 1.1826 	 	 0.7687 	 1.3722 	 0.5496
[2025/09/21 18:02:47] - 41 	 55.3 	 	 0.1000 	 1.8683 	 0.5688
[2025/09/21 18:02:47] - ==> Building model..
[2025/09/21 18:03:23] - Test Loss 	 Test Acc 	 PGD Loss 	 PGD Acc
[2025/09/21 18:03:23] - 1.1817 	 	 0.7695 	 1.3720 	 0.5483
[2025/09/21 18:04:46] - 42 	 55.0 	 	 0.1000 	 1.8669 	 0.5693
[2025/09/21 18:04:46] - ==> Building model..
[2025/09/21 18:05:21] - Test Loss 	 Test Acc 	 PGD Loss 	 PGD Acc
[2025/09/21 18:05:21] - 1.1815 	 	 0.7709 	 1.3721 	 0.5490
[2025/09/21 18:06:44] - 43 	 54.6 	 	 0.1000 	 1.8679 	 0.5729
[2025/09/21 18:06:44] - ==> Building model..
[2025/09/21 18:07:21] - Test Loss 	 Test Acc 	 PGD Loss 	 PGD Acc
[2025/09/21 18:07:21] - 1.1802 	 	 0.7713 	 1.3708 	 0.5495
[2025/09/21 18:08:44] - 44 	 55.3 	 	 0.1000 	 1.8681 	 0.5709
[2025/09/21 18:08:44] - ==> Building model..
[2025/09/21 18:09:21] - Test Loss 	 Test Acc 	 PGD Loss 	 PGD Acc
[2025/09/21 18:09:21] - 1.1795 	 	 0.7705 	 1.3707 	 0.5503
[2025/09/21 18:10:46] - 45 	 55.8 	 	 0.1000 	 1.8657 	 0.5715
[2025/09/21 18:10:46] - ==> Building model..
[2025/09/21 18:11:23] - Test Loss 	 Test Acc 	 PGD Loss 	 PGD Acc
[2025/09/21 18:11:23] - 1.1774 	 	 0.7718 	 1.3688 	 0.5509
[2025/09/21 18:12:47] - 46 	 55.8 	 	 0.1000 	 1.8643 	 0.5721
[2025/09/21 18:12:47] - ==> Building model..
[2025/09/21 18:13:20] - Test Loss 	 Test Acc 	 PGD Loss 	 PGD Acc
[2025/09/21 18:13:20] - 1.1750 	 	 0.7741 	 1.3676 	 0.5513
[2025/09/21 18:14:43] - 47 	 54.8 	 	 0.1000 	 1.8650 	 0.5734
[2025/09/21 18:14:43] - ==> Building model..
[2025/09/21 18:15:21] - Test Loss 	 Test Acc 	 PGD Loss 	 PGD Acc
[2025/09/21 18:15:21] - 1.1722 	 	 0.7739 	 1.3652 	 0.5538
[2025/09/21 18:16:42] - 48 	 53.1 	 	 0.1000 	 1.8651 	 0.5716
[2025/09/21 18:16:42] - ==> Building model..
[2025/09/21 18:17:20] - Test Loss 	 Test Acc 	 PGD Loss 	 PGD Acc
[2025/09/21 18:17:20] - 1.1723 	 	 0.7747 	 1.3658 	 0.5527
[2025/09/21 18:18:44] - 49 	 54.2 	 	 0.1000 	 1.8637 	 0.5752
[2025/09/21 18:18:44] - ==> Building model..
[2025/09/21 18:19:23] - Test Loss 	 Test Acc 	 PGD Loss 	 PGD Acc
[2025/09/21 18:19:23] - 1.1733 	 	 0.7759 	 1.3672 	 0.5548
[2025/09/21 18:20:43] - 50 	 50.9 	 	 0.1000 	 1.8632 	 0.5751
[2025/09/21 18:20:43] - ==> Building model..
[2025/09/21 18:21:22] - Test Loss 	 Test Acc 	 PGD Loss 	 PGD Acc
[2025/09/21 18:21:22] - 1.1714 	 	 0.7768 	 1.3660 	 0.5547
[2025/09/21 18:22:44] - 51 	 53.3 	 	 0.1000 	 1.8647 	 0.5726
[2025/09/21 18:22:44] - ==> Building model..
[2025/09/21 18:23:22] - Test Loss 	 Test Acc 	 PGD Loss 	 PGD Acc
[2025/09/21 18:23:22] - 1.1701 	 	 0.7773 	 1.3643 	 0.5540
[2025/09/21 18:24:45] - 52 	 54.4 	 	 0.1000 	 1.8622 	 0.5740
[2025/09/21 18:24:45] - ==> Building model..
[2025/09/21 18:25:24] - Test Loss 	 Test Acc 	 PGD Loss 	 PGD Acc
[2025/09/21 18:25:24] - 1.1701 	 	 0.7779 	 1.3644 	 0.5534
[2025/09/21 18:26:44] - 53 	 52.7 	 	 0.1000 	 1.8636 	 0.5752
[2025/09/21 18:26:44] - ==> Building model..
[2025/09/21 18:27:21] - Test Loss 	 Test Acc 	 PGD Loss 	 PGD Acc
[2025/09/21 18:27:21] - 1.1703 	 	 0.7774 	 1.3646 	 0.5546
[2025/09/21 18:28:44] - 54 	 55.3 	 	 0.1000 	 1.8667 	 0.5743
[2025/09/21 18:28:44] - ==> Building model..
[2025/09/21 18:29:21] - Test Loss 	 Test Acc 	 PGD Loss 	 PGD Acc
[2025/09/21 18:29:21] - 1.1736 	 	 0.7768 	 1.3670 	 0.5571
[2025/09/21 18:30:43] - 55 	 53.9 	 	 0.1000 	 1.8671 	 0.5728
[2025/09/21 18:30:43] - ==> Building model..
[2025/09/21 18:31:21] - Test Loss 	 Test Acc 	 PGD Loss 	 PGD Acc
[2025/09/21 18:31:21] - 1.1769 	 	 0.7759 	 1.3694 	 0.5599
[2025/09/21 18:32:42] - 56 	 52.8 	 	 0.1000 	 1.8669 	 0.5755
[2025/09/21 18:32:42] - ==> Building model..
[2025/09/21 18:33:19] - Test Loss 	 Test Acc 	 PGD Loss 	 PGD Acc
[2025/09/21 18:33:19] - 1.1793 	 	 0.7760 	 1.3713 	 0.5591
[2025/09/21 18:34:43] - 57 	 56.0 	 	 0.1000 	 1.8678 	 0.5756
[2025/09/21 18:34:43] - ==> Building model..
[2025/09/21 18:35:20] - Test Loss 	 Test Acc 	 PGD Loss 	 PGD Acc
[2025/09/21 18:35:20] - 1.1799 	 	 0.7756 	 1.3713 	 0.5582
[2025/09/21 18:36:42] - 58 	 55.0 	 	 0.1000 	 1.8672 	 0.5775
[2025/09/21 18:36:42] - ==> Building model..
[2025/09/21 18:37:17] - Test Loss 	 Test Acc 	 PGD Loss 	 PGD Acc
[2025/09/21 18:37:17] - 1.1807 	 	 0.7761 	 1.3721 	 0.5615
[2025/09/21 18:38:38] - 59 	 53.3 	 	 0.1000 	 1.8711 	 0.5722
[2025/09/21 18:38:38] - ==> Building model..
[2025/09/21 18:39:15] - Test Loss 	 Test Acc 	 PGD Loss 	 PGD Acc
[2025/09/21 18:39:15] - 1.1846 	 	 0.7757 	 1.3750 	 0.5623
[2025/09/21 18:40:38] - 60 	 55.6 	 	 0.1000 	 1.8712 	 0.5764
[2025/09/21 18:40:38] - ==> Building model..
[2025/09/21 18:41:15] - Test Loss 	 Test Acc 	 PGD Loss 	 PGD Acc
[2025/09/21 18:41:15] - 1.1872 	 	 0.7748 	 1.3764 	 0.5632
[2025/09/21 18:42:38] - 61 	 55.0 	 	 0.1000 	 1.8720 	 0.5763
[2025/09/21 18:42:38] - ==> Building model..
[2025/09/21 18:43:17] - Test Loss 	 Test Acc 	 PGD Loss 	 PGD Acc
[2025/09/21 18:43:17] - 1.1907 	 	 0.7746 	 1.3787 	 0.5631
[2025/09/21 18:44:42] - 62 	 55.2 	 	 0.1000 	 1.8726 	 0.5741
[2025/09/21 18:44:42] - ==> Building model..
[2025/09/21 18:45:16] - Test Loss 	 Test Acc 	 PGD Loss 	 PGD Acc
[2025/09/21 18:45:16] - 1.1929 	 	 0.7745 	 1.3801 	 0.5640
[2025/09/21 18:46:39] - 63 	 53.7 	 	 0.1000 	 1.8733 	 0.5749
[2025/09/21 18:46:39] - ==> Building model..
[2025/09/21 18:47:19] - Test Loss 	 Test Acc 	 PGD Loss 	 PGD Acc
[2025/09/21 18:47:19] - 1.1956 	 	 0.7734 	 1.3818 	 0.5626
[2025/09/21 18:48:42] - 64 	 53.8 	 	 0.1000 	 1.8762 	 0.5729
[2025/09/21 18:48:42] - ==> Building model..
[2025/09/21 18:49:21] - Test Loss 	 Test Acc 	 PGD Loss 	 PGD Acc
[2025/09/21 18:49:21] - 1.1988 	 	 0.7737 	 1.3841 	 0.5621
[2025/09/21 18:50:44] - 65 	 53.7 	 	 0.1000 	 1.8767 	 0.5734
[2025/09/21 18:50:44] - ==> Building model..
[2025/09/21 18:51:19] - Test Loss 	 Test Acc 	 PGD Loss 	 PGD Acc
[2025/09/21 18:51:19] - 1.2029 	 	 0.7742 	 1.3877 	 0.5615
[2025/09/21 18:52:41] - 66 	 54.9 	 	 0.1000 	 1.8780 	 0.5737
[2025/09/21 18:52:41] - ==> Building model..
[2025/09/21 18:53:19] - Test Loss 	 Test Acc 	 PGD Loss 	 PGD Acc
[2025/09/21 18:53:19] - 1.2055 	 	 0.7734 	 1.3895 	 0.5634
[2025/09/21 18:54:42] - 67 	 55.3 	 	 0.1000 	 1.8785 	 0.5742
[2025/09/21 18:54:42] - ==> Building model..
[2025/09/21 18:55:18] - Test Loss 	 Test Acc 	 PGD Loss 	 PGD Acc
[2025/09/21 18:55:18] - 1.2087 	 	 0.7729 	 1.3918 	 0.5652
[2025/09/21 18:56:39] - 68 	 54.0 	 	 0.1000 	 1.8784 	 0.5763
[2025/09/21 18:56:39] - ==> Building model..
[2025/09/21 18:57:18] - Test Loss 	 Test Acc 	 PGD Loss 	 PGD Acc
[2025/09/21 18:57:18] - 1.2117 	 	 0.7718 	 1.3937 	 0.5656
[2025/09/21 18:58:38] - 69 	 51.8 	 	 0.1000 	 1.8818 	 0.5721
[2025/09/21 18:58:38] - ==> Building model..
[2025/09/21 18:59:15] - Test Loss 	 Test Acc 	 PGD Loss 	 PGD Acc
[2025/09/21 18:59:15] - 1.2157 	 	 0.7718 	 1.3963 	 0.5653
[2025/09/21 19:00:37] - 70 	 54.9 	 	 0.1000 	 1.8832 	 0.5686
[2025/09/21 19:00:37] - ==> Building model..
[2025/09/21 19:01:14] - Test Loss 	 Test Acc 	 PGD Loss 	 PGD Acc
[2025/09/21 19:01:14] - 1.2197 	 	 0.7709 	 1.3992 	 0.5656
[2025/09/21 19:02:36] - 71 	 54.1 	 	 0.1000 	 1.8833 	 0.5718
[2025/09/21 19:02:36] - ==> Building model..
[2025/09/21 19:03:14] - Test Loss 	 Test Acc 	 PGD Loss 	 PGD Acc
[2025/09/21 19:03:14] - 1.2228 	 	 0.7712 	 1.4015 	 0.5670
[2025/09/21 19:04:33] - 72 	 52.1 	 	 0.1000 	 1.8846 	 0.5717
[2025/09/21 19:04:33] - ==> Building model..
[2025/09/21 19:05:10] - Test Loss 	 Test Acc 	 PGD Loss 	 PGD Acc
[2025/09/21 19:05:10] - 1.2264 	 	 0.7713 	 1.4041 	 0.5679
[2025/09/21 19:06:34] - 73 	 56.0 	 	 0.1000 	 1.8863 	 0.5708
[2025/09/21 19:06:34] - ==> Building model..
[2025/09/21 19:07:11] - Test Loss 	 Test Acc 	 PGD Loss 	 PGD Acc
[2025/09/21 19:07:11] - 1.2290 	 	 0.7692 	 1.4060 	 0.5691
[2025/09/21 19:08:34] - 74 	 55.2 	 	 0.1000 	 1.8868 	 0.5701
[2025/09/21 19:08:34] - ==> Building model..
[2025/09/21 19:09:09] - Test Loss 	 Test Acc 	 PGD Loss 	 PGD Acc
[2025/09/21 19:09:09] - 1.2346 	 	 0.7670 	 1.4097 	 0.5689
[2025/09/21 19:10:32] - 75 	 54.3 	 	 0.1000 	 1.8899 	 0.5675
[2025/09/21 19:10:32] - ==> Building model..
[2025/09/21 19:11:10] - Test Loss 	 Test Acc 	 PGD Loss 	 PGD Acc
[2025/09/21 19:11:10] - 1.2415 	 	 0.7650 	 1.4147 	 0.5685
[2025/09/21 19:12:32] - 76 	 53.7 	 	 0.1000 	 1.8911 	 0.5679
[2025/09/21 19:12:32] - ==> Building model..
[2025/09/21 19:13:11] - Test Loss 	 Test Acc 	 PGD Loss 	 PGD Acc
[2025/09/21 19:13:11] - 1.2466 	 	 0.7638 	 1.4184 	 0.5713
[2025/09/21 19:14:32] - 77 	 52.9 	 	 0.1000 	 1.8913 	 0.5668
[2025/09/21 19:14:32] - ==> Building model..
[2025/09/21 19:15:12] - Test Loss 	 Test Acc 	 PGD Loss 	 PGD Acc
[2025/09/21 19:15:12] - 1.2499 	 	 0.7640 	 1.4210 	 0.5715
[2025/09/21 19:16:34] - 78 	 52.6 	 	 0.1000 	 1.8915 	 0.5702
[2025/09/21 19:16:34] - ==> Building model..
[2025/09/21 19:17:09] - Test Loss 	 Test Acc 	 PGD Loss 	 PGD Acc
[2025/09/21 19:17:09] - 1.2528 	 	 0.7635 	 1.4234 	 0.5720
[2025/09/21 19:18:31] - 79 	 52.8 	 	 0.1000 	 1.8925 	 0.5678
[2025/09/21 19:18:31] - ==> Building model..
[2025/09/21 19:19:10] - Test Loss 	 Test Acc 	 PGD Loss 	 PGD Acc
[2025/09/21 19:19:10] - 1.2550 	 	 0.7631 	 1.4245 	 0.5715
[2025/09/21 19:20:33] - 80 	 55.0 	 	 0.1000 	 1.8958 	 0.5648
[2025/09/21 19:20:33] - ==> Building model..
[2025/09/21 19:21:10] - Test Loss 	 Test Acc 	 PGD Loss 	 PGD Acc
[2025/09/21 19:21:10] - 1.2592 	 	 0.7618 	 1.4273 	 0.5692
[2025/09/21 19:22:34] - 81 	 55.5 	 	 0.1000 	 1.8950 	 0.5680
[2025/09/21 19:22:34] - ==> Building model..
[2025/09/21 19:23:11] - Test Loss 	 Test Acc 	 PGD Loss 	 PGD Acc
[2025/09/21 19:23:11] - 1.2624 	 	 0.7614 	 1.4300 	 0.5705
[2025/09/21 19:24:32] - 82 	 53.5 	 	 0.1000 	 1.8962 	 0.5654
[2025/09/21 19:24:32] - ==> Building model..
[2025/09/21 19:25:08] - Test Loss 	 Test Acc 	 PGD Loss 	 PGD Acc
[2025/09/21 19:25:08] - 1.2652 	 	 0.7623 	 1.4328 	 0.5727
[2025/09/21 19:26:31] - 83 	 54.8 	 	 0.1000 	 1.8981 	 0.5654
[2025/09/21 19:26:31] - ==> Building model..
[2025/09/21 19:27:08] - Test Loss 	 Test Acc 	 PGD Loss 	 PGD Acc
[2025/09/21 19:27:08] - 1.2676 	 	 0.7615 	 1.4345 	 0.5719
[2025/09/21 19:28:30] - 84 	 54.7 	 	 0.1000 	 1.8959 	 0.5672
[2025/09/21 19:28:30] - ==> Building model..
[2025/09/21 19:29:08] - Test Loss 	 Test Acc 	 PGD Loss 	 PGD Acc
[2025/09/21 19:29:08] - 1.2671 	 	 0.7636 	 1.4342 	 0.5718
[2025/09/21 19:30:30] - 85 	 53.6 	 	 0.1000 	 1.8982 	 0.5666
[2025/09/21 19:30:30] - ==> Building model..
[2025/09/21 19:31:07] - Test Loss 	 Test Acc 	 PGD Loss 	 PGD Acc
[2025/09/21 19:31:07] - 1.2696 	 	 0.7619 	 1.4362 	 0.5714
[2025/09/21 19:32:30] - 86 	 55.2 	 	 0.1000 	 1.8965 	 0.5641
[2025/09/21 19:32:30] - ==> Building model..
[2025/09/21 19:33:07] - Test Loss 	 Test Acc 	 PGD Loss 	 PGD Acc
[2025/09/21 19:33:07] - 1.2693 	 	 0.7614 	 1.4360 	 0.5740
[2025/09/21 19:34:28] - 87 	 53.6 	 	 0.1000 	 1.8973 	 0.5668
[2025/09/21 19:34:28] - ==> Building model..
[2025/09/21 19:35:07] - Test Loss 	 Test Acc 	 PGD Loss 	 PGD Acc
[2025/09/21 19:35:07] - 1.2689 	 	 0.7603 	 1.4354 	 0.5737
[2025/09/21 19:36:28] - 88 	 53.9 	 	 0.1000 	 1.8977 	 0.5674
[2025/09/21 19:36:28] - ==> Building model..
[2025/09/21 19:37:05] - Test Loss 	 Test Acc 	 PGD Loss 	 PGD Acc
[2025/09/21 19:37:05] - 1.2694 	 	 0.7610 	 1.4355 	 0.5704
[2025/09/21 19:38:26] - 89 	 53.7 	 	 0.1000 	 1.8937 	 0.5700
[2025/09/21 19:38:26] - ==> Building model..
[2025/09/21 19:39:03] - Test Loss 	 Test Acc 	 PGD Loss 	 PGD Acc
[2025/09/21 19:39:03] - 1.2666 	 	 0.7613 	 1.4333 	 0.5719
[2025/09/21 19:40:25] - 90 	 54.4 	 	 0.1000 	 1.8968 	 0.5674
[2025/09/21 19:40:25] - ==> Building model..
[2025/09/21 19:41:00] - Test Loss 	 Test Acc 	 PGD Loss 	 PGD Acc
[2025/09/21 19:41:00] - 1.2658 	 	 0.7622 	 1.4325 	 0.5714
[2025/09/21 19:42:21] - 91 	 52.5 	 	 0.1000 	 1.8961 	 0.5662
[2025/09/21 19:42:21] - ==> Building model..
[2025/09/21 19:43:00] - Test Loss 	 Test Acc 	 PGD Loss 	 PGD Acc
[2025/09/21 19:43:00] - 1.2652 	 	 0.7631 	 1.4316 	 0.5713
[2025/09/21 19:44:22] - 92 	 53.4 	 	 0.1000 	 1.8969 	 0.5641
[2025/09/21 19:44:22] - ==> Building model..
[2025/09/21 19:45:01] - Test Loss 	 Test Acc 	 PGD Loss 	 PGD Acc
[2025/09/21 19:45:01] - 1.2664 	 	 0.7624 	 1.4327 	 0.5726
[2025/09/21 19:46:23] - 93 	 52.6 	 	 0.1000 	 1.8945 	 0.5656
[2025/09/21 19:46:23] - ==> Building model..
[2025/09/21 19:47:03] - Test Loss 	 Test Acc 	 PGD Loss 	 PGD Acc
[2025/09/21 19:47:03] - 1.2649 	 	 0.7600 	 1.4315 	 0.5714
[2025/09/21 19:48:23] - 94 	 52.5 	 	 0.1000 	 1.8961 	 0.5680
[2025/09/21 19:48:23] - ==> Building model..
[2025/09/21 19:48:59] - Test Loss 	 Test Acc 	 PGD Loss 	 PGD Acc
[2025/09/21 19:48:59] - 1.2649 	 	 0.7606 	 1.4316 	 0.5722
[2025/09/21 19:50:20] - 95 	 53.9 	 	 0.1000 	 1.8951 	 0.5659
[2025/09/21 19:50:20] - ==> Building model..
[2025/09/21 19:50:59] - Test Loss 	 Test Acc 	 PGD Loss 	 PGD Acc
[2025/09/21 19:50:59] - 1.2646 	 	 0.7619 	 1.4317 	 0.5722
[2025/09/21 19:52:22] - 96 	 54.9 	 	 0.1000 	 1.8952 	 0.5678
[2025/09/21 19:52:22] - ==> Building model..
[2025/09/21 19:52:59] - Test Loss 	 Test Acc 	 PGD Loss 	 PGD Acc
[2025/09/21 19:52:59] - 1.2662 	 	 0.7620 	 1.4332 	 0.5728
[2025/09/21 19:54:22] - 97 	 55.4 	 	 0.1000 	 1.8951 	 0.5671
[2025/09/21 19:54:22] - ==> Building model..
[2025/09/21 19:54:59] - Test Loss 	 Test Acc 	 PGD Loss 	 PGD Acc
[2025/09/21 19:54:59] - 1.2651 	 	 0.7618 	 1.4322 	 0.5725
[2025/09/21 19:56:19] - 98 	 52.5 	 	 0.1000 	 1.8936 	 0.5666
[2025/09/21 19:56:19] - ==> Building model..
[2025/09/21 19:56:56] - Test Loss 	 Test Acc 	 PGD Loss 	 PGD Acc
[2025/09/21 19:56:56] - 1.2638 	 	 0.7619 	 1.4309 	 0.5725
[2025/09/21 19:58:18] - 99 	 54.4 	 	 0.1000 	 1.8957 	 0.5661
[2025/09/21 19:58:18] - ==> Building model..
[2025/09/21 19:58:55] - Test Loss 	 Test Acc 	 PGD Loss 	 PGD Acc
[2025/09/21 19:58:55] - 1.2654 	 	 0.7601 	 1.4321 	 0.5713
[2025/09/21 20:00:15] - 100 	 52.4 	 	 0.1000 	 1.8932 	 0.5684
[2025/09/21 20:00:15] - ==> Building model..
[2025/09/21 20:00:44] - Test Loss 	 Test Acc 	 PGD Loss 	 PGD Acc
[2025/09/21 20:00:44] - 1.2653 	 	 0.7603 	 1.4322 	 0.5714
[2025/09/21 20:01:48] - 101 	 39.8 	 	 0.1000 	 1.8946 	 0.5683
[2025/09/21 20:01:48] - ==> Building model..
[2025/09/21 20:02:17] - Test Loss 	 Test Acc 	 PGD Loss 	 PGD Acc
[2025/09/21 20:02:17] - 1.2648 	 	 0.7602 	 1.4319 	 0.5707
[2025/09/21 20:03:26] - 102 	 42.4 	 	 0.1000 	 1.8948 	 0.5689
[2025/09/21 20:03:26] - ==> Building model..
[2025/09/21 20:03:55] - Test Loss 	 Test Acc 	 PGD Loss 	 PGD Acc
[2025/09/21 20:03:55] - 1.2642 	 	 0.7613 	 1.4314 	 0.5717
[2025/09/21 20:05:01] - 103 	 41.4 	 	 0.1000 	 1.8945 	 0.5683
[2025/09/21 20:05:01] - ==> Building model..
[2025/09/21 20:05:31] - Test Loss 	 Test Acc 	 PGD Loss 	 PGD Acc
[2025/09/21 20:05:31] - 1.2640 	 	 0.7608 	 1.4317 	 0.5720
[2025/09/21 20:06:36] - 104 	 39.8 	 	 0.1000 	 1.8936 	 0.5691
[2025/09/21 20:06:36] - ==> Building model..
[2025/09/21 20:07:05] - Test Loss 	 Test Acc 	 PGD Loss 	 PGD Acc
[2025/09/21 20:07:05] - 1.2645 	 	 0.7609 	 1.4321 	 0.5718
[2025/09/21 20:08:13] - 105 	 41.9 	 	 0.1000 	 1.8944 	 0.5699
[2025/09/21 20:08:13] - ==> Building model..
[2025/09/21 20:08:42] - Test Loss 	 Test Acc 	 PGD Loss 	 PGD Acc
[2025/09/21 20:08:42] - 1.2640 	 	 0.7616 	 1.4320 	 0.5711
[2025/09/21 20:09:48] - 106 	 41.4 	 	 0.1000 	 1.8931 	 0.5699
[2025/09/21 20:09:48] - ==> Building model..
[2025/09/21 20:10:17] - Test Loss 	 Test Acc 	 PGD Loss 	 PGD Acc
[2025/09/21 20:10:17] - 1.2632 	 	 0.7615 	 1.4314 	 0.5726
[2025/09/21 20:11:23] - 107 	 40.0 	 	 0.1000 	 1.8916 	 0.5702
[2025/09/21 20:11:23] - ==> Building model..
[2025/09/21 20:11:52] - Test Loss 	 Test Acc 	 PGD Loss 	 PGD Acc
[2025/09/21 20:11:52] - 1.2618 	 	 0.7612 	 1.4304 	 0.5722
[2025/09/21 20:13:01] - 108 	 41.9 	 	 0.1000 	 1.8922 	 0.5721
[2025/09/21 20:13:01] - ==> Building model..
[2025/09/21 20:13:29] - Test Loss 	 Test Acc 	 PGD Loss 	 PGD Acc
[2025/09/21 20:13:29] - 1.2614 	 	 0.7616 	 1.4300 	 0.5713
[2025/09/21 20:14:34] - 109 	 40.7 	 	 0.0100 	 1.8413 	 0.6184
[2025/09/21 20:14:34] - ==> Building model..
[2025/09/21 20:15:02] - Test Loss 	 Test Acc 	 PGD Loss 	 PGD Acc
[2025/09/21 20:15:02] - 1.2476 	 	 0.7660 	 1.4203 	 0.5733
[2025/09/21 20:16:07] - 110 	 39.2 	 	 0.0100 	 1.7855 	 0.6671
[2025/09/21 20:16:07] - ==> Building model..
[2025/09/21 20:16:36] - Test Loss 	 Test Acc 	 PGD Loss 	 PGD Acc
[2025/09/21 20:16:36] - 1.2269 	 	 0.7745 	 1.4057 	 0.5741
[2025/09/21 20:17:40] - 111 	 39.9 	 	 0.0100 	 1.7703 	 0.6796
[2025/09/21 20:17:40] - ==> Building model..
[2025/09/21 20:18:09] - Test Loss 	 Test Acc 	 PGD Loss 	 PGD Acc
[2025/09/21 20:18:09] - 1.2125 	 	 0.7797 	 1.3957 	 0.5759
[2025/09/21 20:19:15] - 112 	 39.8 	 	 0.0100 	 1.7613 	 0.6888
[2025/09/21 20:19:15] - ==> Building model..
[2025/09/21 20:19:44] - Test Loss 	 Test Acc 	 PGD Loss 	 PGD Acc
[2025/09/21 20:19:44] - 1.2018 	 	 0.7853 	 1.3885 	 0.5777
[2025/09/21 20:20:49] - 113 	 38.8 	 	 0.0100 	 1.7527 	 0.6975
[2025/09/21 20:20:49] - ==> Building model..
[2025/09/21 20:21:18] - Test Loss 	 Test Acc 	 PGD Loss 	 PGD Acc
[2025/09/21 20:21:18] - 1.1944 	 	 0.7894 	 1.3837 	 0.5793
[2025/09/21 20:22:24] - 114 	 39.9 	 	 0.0010 	 1.7382 	 0.7078
[2025/09/21 20:22:24] - ==> Building model..
[2025/09/21 20:22:53] - Test Loss 	 Test Acc 	 PGD Loss 	 PGD Acc
[2025/09/21 20:22:53] - 1.1884 	 	 0.7932 	 1.3803 	 0.5810
[2025/09/21 20:23:58] - 115 	 39.0 	 	 0.0010 	 1.7241 	 0.7210
[2025/09/21 20:23:58] - ==> Building model..
[2025/09/21 20:24:25] - Test Loss 	 Test Acc 	 PGD Loss 	 PGD Acc
[2025/09/21 20:24:25] - 1.1820 	 	 0.7964 	 1.3760 	 0.5833
[2025/09/21 20:25:30] - 116 	 38.9 	 	 0.0010 	 1.7204 	 0.7204
[2025/09/21 20:25:30] - ==> Building model..
[2025/09/21 20:25:58] - Test Loss 	 Test Acc 	 PGD Loss 	 PGD Acc
[2025/09/21 20:25:58] - 1.1743 	 	 0.8004 	 1.3707 	 0.5832
[2025/09/21 20:27:04] - 117 	 39.4 	 	 0.0010 	 1.7172 	 0.7248
[2025/09/21 20:27:04] - ==> Building model..
[2025/09/21 20:27:34] - Test Loss 	 Test Acc 	 PGD Loss 	 PGD Acc
[2025/09/21 20:27:34] - 1.1670 	 	 0.8028 	 1.3658 	 0.5823
[2025/09/21 20:28:39] - 118 	 39.1 	 	 0.0010 	 1.7159 	 0.7272
[2025/09/21 20:28:39] - ==> Building model..
[2025/09/21 20:29:06] - Test Loss 	 Test Acc 	 PGD Loss 	 PGD Acc
[2025/09/21 20:29:06] - 1.1593 	 	 0.8057 	 1.3605 	 0.5832
[2025/09/21 20:30:12] - 119 	 39.5 	 	 0.0010 	 1.7132 	 0.7269
[2025/09/21 20:30:12] - ==> Building model..
[2025/09/21 20:30:41] - Test Loss 	 Test Acc 	 PGD Loss 	 PGD Acc
[2025/09/21 20:30:41] - 1.1513 	 	 0.8080 	 1.3548 	 0.5825
[2025/09/21 20:30:41] - [0.3988, 0.461, 0.512, 0.5509, 0.5801, 0.6061, 0.624, 0.6337, 0.6455, 0.649, 0.6557, 0.6664, 0.6811, 0.6947, 0.7036, 0.7137, 0.7207, 0.7269, 0.7313, 0.7344, 0.7377, 0.7395, 0.7424, 0.7417, 0.7457, 0.7483, 0.749, 0.7503, 0.7535, 0.7546, 0.7563, 0.7583, 0.759, 0.7592, 0.7627, 0.7625, 0.766, 0.7682, 0.7666, 0.7662, 0.7687, 0.7695, 0.7709, 0.7713, 0.7705, 0.7718, 0.7741, 0.7739, 0.7747, 0.7759, 0.7768, 0.7773, 0.7779, 0.7774, 0.7768, 0.7759, 0.776, 0.7756, 0.7761, 0.7757, 0.7748, 0.7746, 0.7745, 0.7734, 0.7737, 0.7742, 0.7734, 0.7729, 0.7718, 0.7718, 0.7709, 0.7712, 0.7713, 0.7692, 0.767, 0.765, 0.7638, 0.764, 0.7635, 0.7631, 0.7618, 0.7614, 0.7623, 0.7615, 0.7636, 0.7619, 0.7614, 0.7603, 0.761, 0.7613, 0.7622, 0.7631, 0.7624, 0.76, 0.7606, 0.7619, 0.762, 0.7618, 0.7619, 0.7601, 0.7603, 0.7602, 0.7613, 0.7608, 0.7609, 0.7616, 0.7615, 0.7612, 0.7616, 0.766, 0.7745, 0.7797, 0.7853, 0.7894, 0.7932, 0.7964, 0.8004, 0.8028, 0.8057, 0.808]
[2025/09/21 20:30:41] - [0.2813, 0.3179, 0.3391, 0.3696, 0.3901, 0.4093, 0.4265, 0.4418, 0.4512, 0.4587, 0.4675, 0.4757, 0.4848, 0.4934, 0.4991, 0.5054, 0.5097, 0.5124, 0.516, 0.519, 0.5203, 0.524, 0.5252, 0.5269, 0.5283, 0.5309, 0.5322, 0.5345, 0.5339, 0.5343, 0.5376, 0.5385, 0.5412, 0.543, 0.5436, 0.5448, 0.5446, 0.5475, 0.5467, 0.5478, 0.5496, 0.5483, 0.549, 0.5495, 0.5503, 0.5509, 0.5513, 0.5538, 0.5527, 0.5548, 0.5547, 0.554, 0.5534, 0.5546, 0.5571, 0.5599, 0.5591, 0.5582, 0.5615, 0.5623, 0.5632, 0.5631, 0.564, 0.5626, 0.5621, 0.5615, 0.5634, 0.5652, 0.5656, 0.5653, 0.5656, 0.567, 0.5679, 0.5691, 0.5689, 0.5685, 0.5713, 0.5715, 0.572, 0.5715, 0.5692, 0.5705, 0.5727, 0.5719, 0.5718, 0.5714, 0.574, 0.5737, 0.5704, 0.5719, 0.5714, 0.5713, 0.5726, 0.5714, 0.5722, 0.5722, 0.5728, 0.5725, 0.5725, 0.5713, 0.5714, 0.5707, 0.5717, 0.572, 0.5718, 0.5711, 0.5726, 0.5722, 0.5713, 0.5733, 0.5741, 0.5759, 0.5777, 0.5793, 0.581, 0.5833, 0.5832, 0.5823, 0.5832, 0.5825]
