[2025/10/01 05:53:21] - Namespace(batch_size=128, data_dir='./tiny-imagenet-200', epochs=110, lr_schedule='multistep', lr_min=0.0, lr_max=0.1, weight_decay=0.0005, momentum=0.9, model='PreActResNest18', epsilon=8, alpha=8, delta_init='random', normal_mean=0, normal_std=1, out_dir='./output/Tiny_ImageNet/lam_start_40_beta_0.2/lam_scale_0.2', seed=0, lamda=38, lam_scale=0.2, lam_start=40, gamma=0.025, inner_gamma=0.025, beta=0.2, mu=3.5, batch_m=0.75, early_stop=False, factor=0.3, length=6, n_holes=1, c_num=0.125, EMA_value=0.55)
[2025/10/01 05:54:13] - ==> Building model..
[2025/10/01 05:54:13] - Epoch 	 Seconds 	 LR 	 	 Train Loss 	 Train Acc
[2025/10/01 05:56:38] - 0 	 140.6 	 	 0.1000 	 5.2944 	 0.0261
[2025/10/01 05:56:38] - ==> Building model..
[2025/10/01 05:57:29] - Test Loss 	 Test Acc 	 PGD Loss 	 PGD Acc
[2025/10/01 05:57:29] - 5.0051 	 	 0.0685 	 5.0154 	 0.0415
[2025/10/01 05:59:52] - 1 	 139.1 	 	 0.1000 	 5.2312 	 0.0692
[2025/10/01 05:59:52] - ==> Building model..
[2025/10/01 06:00:44] - Test Loss 	 Test Acc 	 PGD Loss 	 PGD Acc
[2025/10/01 06:00:44] - 4.7564 	 	 0.1408 	 4.7904 	 0.0737
[2025/10/01 06:03:08] - 2 	 139.4 	 	 0.1000 	 5.1982 	 0.1003
[2025/10/01 06:03:08] - ==> Building model..
[2025/10/01 06:03:59] - Test Loss 	 Test Acc 	 PGD Loss 	 PGD Acc
[2025/10/01 06:03:59] - 4.5923 	 	 0.1851 	 4.6507 	 0.0970
[2025/10/01 06:06:21] - 3 	 138.6 	 	 0.1000 	 5.1718 	 0.1240
[2025/10/01 06:06:21] - ==> Building model..
[2025/10/01 06:07:13] - Test Loss 	 Test Acc 	 PGD Loss 	 PGD Acc
[2025/10/01 06:07:13] - 4.4926 	 	 0.2117 	 4.5687 	 0.1104
[2025/10/01 06:09:35] - 4 	 138.1 	 	 0.1000 	 5.1481 	 0.1445
[2025/10/01 06:09:35] - ==> Building model..
[2025/10/01 06:10:26] - Test Loss 	 Test Acc 	 PGD Loss 	 PGD Acc
[2025/10/01 06:10:26] - 4.4313 	 	 0.2342 	 4.5211 	 0.1210
[2025/10/01 06:12:49] - 5 	 138.9 	 	 0.1000 	 5.1280 	 0.1634
[2025/10/01 06:12:49] - ==> Building model..
[2025/10/01 06:13:40] - Test Loss 	 Test Acc 	 PGD Loss 	 PGD Acc
[2025/10/01 06:13:40] - 4.4345 	 	 0.2445 	 4.5287 	 0.1240
[2025/10/01 06:16:03] - 6 	 138.6 	 	 0.1000 	 5.1136 	 0.1781
[2025/10/01 06:16:03] - ==> Building model..
[2025/10/01 06:16:55] - Test Loss 	 Test Acc 	 PGD Loss 	 PGD Acc
[2025/10/01 06:16:55] - 4.3631 	 	 0.2620 	 4.4723 	 0.1346
[2025/10/01 06:19:18] - 7 	 138.7 	 	 0.1000 	 5.1018 	 0.1894
[2025/10/01 06:19:18] - ==> Building model..
[2025/10/01 06:20:10] - Test Loss 	 Test Acc 	 PGD Loss 	 PGD Acc
[2025/10/01 06:20:10] - 4.1928 	 	 0.2981 	 4.3363 	 0.1512
[2025/10/01 06:22:33] - 8 	 138.6 	 	 0.1000 	 5.0910 	 0.2006
[2025/10/01 06:22:33] - ==> Building model..
[2025/10/01 06:23:24] - Test Loss 	 Test Acc 	 PGD Loss 	 PGD Acc
[2025/10/01 06:23:24] - 4.0318 	 	 0.3312 	 4.2105 	 0.1660
[2025/10/01 06:25:47] - 9 	 138.3 	 	 0.1000 	 5.0823 	 0.2091
[2025/10/01 06:25:47] - ==> Building model..
[2025/10/01 06:26:39] - Test Loss 	 Test Acc 	 PGD Loss 	 PGD Acc
[2025/10/01 06:26:39] - 3.9191 	 	 0.3510 	 4.1242 	 0.1771
[2025/10/01 06:29:02] - 10 	 138.5 	 	 0.1000 	 5.0743 	 0.2168
[2025/10/01 06:29:02] - ==> Building model..
[2025/10/01 06:29:53] - Test Loss 	 Test Acc 	 PGD Loss 	 PGD Acc
[2025/10/01 06:29:53] - 3.8434 	 	 0.3669 	 4.0669 	 0.1844
[2025/10/01 06:32:16] - 11 	 138.2 	 	 0.1000 	 5.0669 	 0.2253
[2025/10/01 06:32:16] - ==> Building model..
[2025/10/01 06:33:07] - Test Loss 	 Test Acc 	 PGD Loss 	 PGD Acc
[2025/10/01 06:33:07] - 3.7952 	 	 0.3779 	 4.0317 	 0.1883
[2025/10/01 06:35:30] - 12 	 138.3 	 	 0.1000 	 5.0609 	 0.2310
[2025/10/01 06:35:30] - ==> Building model..
[2025/10/01 06:36:22] - Test Loss 	 Test Acc 	 PGD Loss 	 PGD Acc
[2025/10/01 06:36:22] - 3.7567 	 	 0.3860 	 4.0033 	 0.1939
[2025/10/01 06:38:45] - 13 	 138.4 	 	 0.1000 	 5.0546 	 0.2372
[2025/10/01 06:38:45] - ==> Building model..
[2025/10/01 06:39:36] - Test Loss 	 Test Acc 	 PGD Loss 	 PGD Acc
[2025/10/01 06:39:36] - 3.7171 	 	 0.3905 	 3.9736 	 0.1961
[2025/10/01 06:41:59] - 14 	 138.3 	 	 0.1000 	 5.0495 	 0.2430
[2025/10/01 06:41:59] - ==> Building model..
[2025/10/01 06:42:50] - Test Loss 	 Test Acc 	 PGD Loss 	 PGD Acc
[2025/10/01 06:42:50] - 3.6872 	 	 0.3978 	 3.9521 	 0.1997
[2025/10/01 06:45:13] - 15 	 138.2 	 	 0.1000 	 5.0452 	 0.2459
[2025/10/01 06:45:13] - ==> Building model..
[2025/10/01 06:46:05] - Test Loss 	 Test Acc 	 PGD Loss 	 PGD Acc
[2025/10/01 06:46:05] - 3.6607 	 	 0.4040 	 3.9337 	 0.2017
[2025/10/01 06:48:27] - 16 	 138.2 	 	 0.1000 	 5.0410 	 0.2514
[2025/10/01 06:48:27] - ==> Building model..
[2025/10/01 06:49:19] - Test Loss 	 Test Acc 	 PGD Loss 	 PGD Acc
[2025/10/01 06:49:19] - 3.6370 	 	 0.4099 	 3.9174 	 0.2043
[2025/10/01 06:51:42] - 17 	 138.2 	 	 0.1000 	 5.0365 	 0.2554
[2025/10/01 06:51:42] - ==> Building model..
[2025/10/01 06:52:33] - Test Loss 	 Test Acc 	 PGD Loss 	 PGD Acc
[2025/10/01 06:52:33] - 3.6191 	 	 0.4150 	 3.9051 	 0.2054
[2025/10/01 06:54:55] - 18 	 138.0 	 	 0.1000 	 5.0334 	 0.2605
[2025/10/01 06:54:55] - ==> Building model..
[2025/10/01 06:55:47] - Test Loss 	 Test Acc 	 PGD Loss 	 PGD Acc
[2025/10/01 06:55:47] - 3.6038 	 	 0.4156 	 3.8939 	 0.2067
[2025/10/01 06:58:09] - 19 	 138.0 	 	 0.1000 	 5.0302 	 0.2635
[2025/10/01 06:58:09] - ==> Building model..
[2025/10/01 06:59:01] - Test Loss 	 Test Acc 	 PGD Loss 	 PGD Acc
[2025/10/01 06:59:01] - 3.5849 	 	 0.4196 	 3.8803 	 0.2089
[2025/10/01 07:01:23] - 20 	 138.1 	 	 0.1000 	 5.0276 	 0.2647
[2025/10/01 07:01:23] - ==> Building model..
[2025/10/01 07:02:15] - Test Loss 	 Test Acc 	 PGD Loss 	 PGD Acc
[2025/10/01 07:02:15] - 3.5683 	 	 0.4226 	 3.8685 	 0.2095
[2025/10/01 07:04:37] - 21 	 138.2 	 	 0.1000 	 5.0253 	 0.2661
[2025/10/01 07:04:37] - ==> Building model..
[2025/10/01 07:05:29] - Test Loss 	 Test Acc 	 PGD Loss 	 PGD Acc
[2025/10/01 07:05:29] - 3.5539 	 	 0.4254 	 3.8590 	 0.2106
[2025/10/01 07:07:51] - 22 	 138.0 	 	 0.1000 	 5.0217 	 0.2708
[2025/10/01 07:07:51] - ==> Building model..
[2025/10/01 07:08:43] - Test Loss 	 Test Acc 	 PGD Loss 	 PGD Acc
[2025/10/01 07:08:43] - 3.5372 	 	 0.4287 	 3.8476 	 0.2139
[2025/10/01 07:11:06] - 23 	 138.4 	 	 0.1000 	 5.0199 	 0.2741
[2025/10/01 07:11:06] - ==> Building model..
[2025/10/01 07:11:58] - Test Loss 	 Test Acc 	 PGD Loss 	 PGD Acc
[2025/10/01 07:11:58] - 3.5270 	 	 0.4317 	 3.8406 	 0.2145
[2025/10/01 07:14:20] - 24 	 138.2 	 	 0.1000 	 5.0177 	 0.2759
[2025/10/01 07:14:20] - ==> Building model..
[2025/10/01 07:15:12] - Test Loss 	 Test Acc 	 PGD Loss 	 PGD Acc
[2025/10/01 07:15:12] - 3.5165 	 	 0.4339 	 3.8329 	 0.2149
[2025/10/01 07:17:34] - 25 	 138.0 	 	 0.1000 	 5.0162 	 0.2763
[2025/10/01 07:17:34] - ==> Building model..
[2025/10/01 07:18:26] - Test Loss 	 Test Acc 	 PGD Loss 	 PGD Acc
[2025/10/01 07:18:26] - 3.5070 	 	 0.4374 	 3.8273 	 0.2156
[2025/10/01 07:20:49] - 26 	 138.1 	 	 0.1000 	 5.0137 	 0.2800
[2025/10/01 07:20:49] - ==> Building model..
[2025/10/01 07:21:40] - Test Loss 	 Test Acc 	 PGD Loss 	 PGD Acc
[2025/10/01 07:21:40] - 3.4989 	 	 0.4378 	 3.8223 	 0.2183
[2025/10/01 07:24:03] - 27 	 138.2 	 	 0.1000 	 5.0119 	 0.2826
[2025/10/01 07:24:03] - ==> Building model..
[2025/10/01 07:24:55] - Test Loss 	 Test Acc 	 PGD Loss 	 PGD Acc
[2025/10/01 07:24:55] - 3.4913 	 	 0.4407 	 3.8179 	 0.2185
[2025/10/01 07:27:17] - 28 	 138.1 	 	 0.1000 	 5.0100 	 0.2841
[2025/10/01 07:27:17] - ==> Building model..
[2025/10/01 07:28:09] - Test Loss 	 Test Acc 	 PGD Loss 	 PGD Acc
[2025/10/01 07:28:09] - 3.4843 	 	 0.4421 	 3.8139 	 0.2199
[2025/10/01 07:30:31] - 29 	 138.2 	 	 0.1000 	 5.0089 	 0.2816
[2025/10/01 07:30:31] - ==> Building model..
[2025/10/01 07:31:23] - Test Loss 	 Test Acc 	 PGD Loss 	 PGD Acc
[2025/10/01 07:31:23] - 3.4756 	 	 0.4443 	 3.8080 	 0.2200
[2025/10/01 07:33:46] - 30 	 138.1 	 	 0.1000 	 5.0072 	 0.2860
[2025/10/01 07:33:46] - ==> Building model..
[2025/10/01 07:34:37] - Test Loss 	 Test Acc 	 PGD Loss 	 PGD Acc
[2025/10/01 07:34:37] - 3.4692 	 	 0.4440 	 3.8037 	 0.2214
[2025/10/01 07:37:00] - 31 	 138.0 	 	 0.1000 	 5.0059 	 0.2878
[2025/10/01 07:37:00] - ==> Building model..
[2025/10/01 07:37:51] - Test Loss 	 Test Acc 	 PGD Loss 	 PGD Acc
[2025/10/01 07:37:51] - 3.4616 	 	 0.4454 	 3.7987 	 0.2208
[2025/10/01 07:40:13] - 32 	 137.8 	 	 0.1000 	 5.0047 	 0.2876
[2025/10/01 07:40:13] - ==> Building model..
[2025/10/01 07:41:05] - Test Loss 	 Test Acc 	 PGD Loss 	 PGD Acc
[2025/10/01 07:41:05] - 3.4551 	 	 0.4467 	 3.7946 	 0.2205
[2025/10/01 07:43:27] - 33 	 138.0 	 	 0.1000 	 5.0033 	 0.2888
[2025/10/01 07:43:27] - ==> Building model..
[2025/10/01 07:44:19] - Test Loss 	 Test Acc 	 PGD Loss 	 PGD Acc
[2025/10/01 07:44:19] - 3.4508 	 	 0.4493 	 3.7922 	 0.2217
[2025/10/01 07:46:41] - 34 	 137.8 	 	 0.1000 	 5.0021 	 0.2906
[2025/10/01 07:46:41] - ==> Building model..
[2025/10/01 07:47:33] - Test Loss 	 Test Acc 	 PGD Loss 	 PGD Acc
[2025/10/01 07:47:33] - 3.4454 	 	 0.4513 	 3.7895 	 0.2222
[2025/10/01 07:49:55] - 35 	 138.1 	 	 0.1000 	 5.0003 	 0.2935
[2025/10/01 07:49:55] - ==> Building model..
[2025/10/01 07:50:47] - Test Loss 	 Test Acc 	 PGD Loss 	 PGD Acc
[2025/10/01 07:50:47] - 3.4400 	 	 0.4516 	 3.7858 	 0.2226
[2025/10/01 07:53:09] - 36 	 137.7 	 	 0.1000 	 5.0003 	 0.2932
[2025/10/01 07:53:09] - ==> Building model..
[2025/10/01 07:54:01] - Test Loss 	 Test Acc 	 PGD Loss 	 PGD Acc
[2025/10/01 07:54:01] - 3.4357 	 	 0.4536 	 3.7837 	 0.2247
[2025/10/01 07:56:23] - 37 	 137.7 	 	 0.1000 	 4.9984 	 0.2948
[2025/10/01 07:56:23] - ==> Building model..
[2025/10/01 07:57:15] - Test Loss 	 Test Acc 	 PGD Loss 	 PGD Acc
[2025/10/01 07:57:15] - 3.4315 	 	 0.4541 	 3.7821 	 0.2242
[2025/10/01 07:59:37] - 38 	 137.8 	 	 0.1000 	 4.9982 	 0.2962
[2025/10/01 07:59:37] - ==> Building model..
[2025/10/01 08:00:28] - Test Loss 	 Test Acc 	 PGD Loss 	 PGD Acc
[2025/10/01 08:00:28] - 3.4270 	 	 0.4550 	 3.7783 	 0.2249
[2025/10/01 08:02:50] - 39 	 137.8 	 	 0.1000 	 4.9967 	 0.2961
[2025/10/01 08:02:50] - ==> Building model..
[2025/10/01 08:03:42] - Test Loss 	 Test Acc 	 PGD Loss 	 PGD Acc
[2025/10/01 08:03:42] - 3.4218 	 	 0.4562 	 3.7751 	 0.2263
[2025/10/01 08:06:04] - 40 	 137.7 	 	 0.1000 	 4.9957 	 0.2958
[2025/10/01 08:06:04] - ==> Building model..
[2025/10/01 08:06:56] - Test Loss 	 Test Acc 	 PGD Loss 	 PGD Acc
[2025/10/01 08:06:56] - 3.4168 	 	 0.4579 	 3.7716 	 0.2266
[2025/10/01 08:09:18] - 41 	 138.2 	 	 0.1000 	 4.9946 	 0.2986
[2025/10/01 08:09:18] - ==> Building model..
[2025/10/01 08:10:10] - Test Loss 	 Test Acc 	 PGD Loss 	 PGD Acc
[2025/10/01 08:10:10] - 3.4132 	 	 0.4583 	 3.7700 	 0.2269
[2025/10/01 08:12:33] - 42 	 138.4 	 	 0.1000 	 4.9948 	 0.2988
[2025/10/01 08:12:33] - ==> Building model..
[2025/10/01 08:13:26] - Test Loss 	 Test Acc 	 PGD Loss 	 PGD Acc
[2025/10/01 08:13:26] - 3.4101 	 	 0.4601 	 3.7687 	 0.2277
[2025/10/01 08:15:49] - 43 	 138.0 	 	 0.1000 	 4.9938 	 0.3015
[2025/10/01 08:15:49] - ==> Building model..
[2025/10/01 08:16:41] - Test Loss 	 Test Acc 	 PGD Loss 	 PGD Acc
[2025/10/01 08:16:41] - 3.4090 	 	 0.4612 	 3.7683 	 0.2268
[2025/10/01 08:19:02] - 44 	 136.9 	 	 0.1000 	 4.9937 	 0.3021
[2025/10/01 08:19:02] - ==> Building model..
[2025/10/01 08:19:55] - Test Loss 	 Test Acc 	 PGD Loss 	 PGD Acc
[2025/10/01 08:19:55] - 3.4071 	 	 0.4607 	 3.7671 	 0.2274
[2025/10/01 08:22:16] - 45 	 137.2 	 	 0.1000 	 4.9940 	 0.3028
[2025/10/01 08:22:16] - ==> Building model..
[2025/10/01 08:23:09] - Test Loss 	 Test Acc 	 PGD Loss 	 PGD Acc
[2025/10/01 08:23:09] - 3.4075 	 	 0.4608 	 3.7676 	 0.2280
[2025/10/01 08:25:30] - 46 	 136.9 	 	 0.1000 	 4.9935 	 0.3046
[2025/10/01 08:25:30] - ==> Building model..
[2025/10/01 08:26:23] - Test Loss 	 Test Acc 	 PGD Loss 	 PGD Acc
[2025/10/01 08:26:23] - 3.4078 	 	 0.4615 	 3.7683 	 0.2290
[2025/10/01 08:28:45] - 47 	 137.4 	 	 0.1000 	 4.9943 	 0.3025
[2025/10/01 08:28:45] - ==> Building model..
[2025/10/01 08:29:37] - Test Loss 	 Test Acc 	 PGD Loss 	 PGD Acc
[2025/10/01 08:29:37] - 3.4088 	 	 0.4623 	 3.7686 	 0.2285
[2025/10/01 08:31:59] - 48 	 137.0 	 	 0.1000 	 4.9940 	 0.3047
[2025/10/01 08:31:59] - ==> Building model..
[2025/10/01 08:32:52] - Test Loss 	 Test Acc 	 PGD Loss 	 PGD Acc
[2025/10/01 08:32:52] - 3.4110 	 	 0.4618 	 3.7704 	 0.2286
[2025/10/01 08:35:13] - 49 	 136.9 	 	 0.1000 	 4.9937 	 0.3030
[2025/10/01 08:35:13] - ==> Building model..
[2025/10/01 08:36:05] - Test Loss 	 Test Acc 	 PGD Loss 	 PGD Acc
[2025/10/01 08:36:05] - 3.4127 	 	 0.4627 	 3.7719 	 0.2283
[2025/10/01 08:38:27] - 50 	 136.9 	 	 0.1000 	 4.9923 	 0.3059
[2025/10/01 08:38:27] - ==> Building model..
[2025/10/01 08:39:19] - Test Loss 	 Test Acc 	 PGD Loss 	 PGD Acc
[2025/10/01 08:39:19] - 3.4125 	 	 0.4630 	 3.7718 	 0.2280
[2025/10/01 08:41:41] - 51 	 137.3 	 	 0.1000 	 4.9929 	 0.3040
[2025/10/01 08:41:41] - ==> Building model..
[2025/10/01 08:42:33] - Test Loss 	 Test Acc 	 PGD Loss 	 PGD Acc
[2025/10/01 08:42:33] - 3.4130 	 	 0.4637 	 3.7723 	 0.2289
[2025/10/01 08:44:55] - 52 	 137.2 	 	 0.1000 	 4.9922 	 0.3055
[2025/10/01 08:44:55] - ==> Building model..
[2025/10/01 08:45:47] - Test Loss 	 Test Acc 	 PGD Loss 	 PGD Acc
[2025/10/01 08:45:47] - 3.4128 	 	 0.4639 	 3.7724 	 0.2298
[2025/10/01 08:48:09] - 53 	 137.2 	 	 0.1000 	 4.9913 	 0.3060
[2025/10/01 08:48:09] - ==> Building model..
[2025/10/01 08:49:02] - Test Loss 	 Test Acc 	 PGD Loss 	 PGD Acc
[2025/10/01 08:49:02] - 3.4129 	 	 0.4645 	 3.7729 	 0.2309
[2025/10/01 08:51:24] - 54 	 137.8 	 	 0.1000 	 4.9914 	 0.3067
[2025/10/01 08:51:24] - ==> Building model..
[2025/10/01 08:52:17] - Test Loss 	 Test Acc 	 PGD Loss 	 PGD Acc
[2025/10/01 08:52:17] - 3.4131 	 	 0.4639 	 3.7732 	 0.2308
[2025/10/01 08:54:38] - 55 	 137.0 	 	 0.1000 	 4.9905 	 0.3062
[2025/10/01 08:54:38] - ==> Building model..
[2025/10/01 08:55:31] - Test Loss 	 Test Acc 	 PGD Loss 	 PGD Acc
[2025/10/01 08:55:31] - 3.4124 	 	 0.4644 	 3.7728 	 0.2320
[2025/10/01 08:57:54] - 56 	 138.1 	 	 0.1000 	 4.9902 	 0.3097
[2025/10/01 08:57:54] - ==> Building model..
[2025/10/01 08:58:47] - Test Loss 	 Test Acc 	 PGD Loss 	 PGD Acc
[2025/10/01 08:58:47] - 3.4126 	 	 0.4653 	 3.7729 	 0.2314
[2025/10/01 09:01:10] - 57 	 138.3 	 	 0.1000 	 4.9897 	 0.3080
[2025/10/01 09:01:10] - ==> Building model..
[2025/10/01 09:02:04] - Test Loss 	 Test Acc 	 PGD Loss 	 PGD Acc
[2025/10/01 09:02:04] - 3.4118 	 	 0.4649 	 3.7724 	 0.2324
[2025/10/01 09:04:28] - 58 	 138.6 	 	 0.1000 	 4.9897 	 0.3083
[2025/10/01 09:04:28] - ==> Building model..
[2025/10/01 09:05:22] - Test Loss 	 Test Acc 	 PGD Loss 	 PGD Acc
[2025/10/01 09:05:22] - 3.4121 	 	 0.4647 	 3.7726 	 0.2333
[2025/10/01 09:07:47] - 59 	 138.5 	 	 0.1000 	 4.9895 	 0.3073
[2025/10/01 09:07:47] - ==> Building model..
[2025/10/01 09:08:41] - Test Loss 	 Test Acc 	 PGD Loss 	 PGD Acc
[2025/10/01 09:08:41] - 3.4119 	 	 0.4644 	 3.7726 	 0.2333
[2025/10/01 09:11:05] - 60 	 138.5 	 	 0.1000 	 4.9888 	 0.3082
[2025/10/01 09:11:05] - ==> Building model..
[2025/10/01 09:11:59] - Test Loss 	 Test Acc 	 PGD Loss 	 PGD Acc
[2025/10/01 09:11:59] - 3.4108 	 	 0.4654 	 3.7724 	 0.2315
[2025/10/01 09:14:23] - 61 	 137.8 	 	 0.1000 	 4.9883 	 0.3088
[2025/10/01 09:14:23] - ==> Building model..
[2025/10/01 09:15:16] - Test Loss 	 Test Acc 	 PGD Loss 	 PGD Acc
[2025/10/01 09:15:16] - 3.4092 	 	 0.4656 	 3.7714 	 0.2325
[2025/10/01 09:17:40] - 62 	 138.4 	 	 0.1000 	 4.9884 	 0.3085
[2025/10/01 09:17:40] - ==> Building model..
[2025/10/01 09:18:35] - Test Loss 	 Test Acc 	 PGD Loss 	 PGD Acc
[2025/10/01 09:18:35] - 3.4085 	 	 0.4674 	 3.7719 	 0.2328
[2025/10/01 09:20:59] - 63 	 138.7 	 	 0.1000 	 4.9877 	 0.3103
[2025/10/01 09:20:59] - ==> Building model..
[2025/10/01 09:21:53] - Test Loss 	 Test Acc 	 PGD Loss 	 PGD Acc
[2025/10/01 09:21:53] - 3.4076 	 	 0.4679 	 3.7716 	 0.2335
[2025/10/01 09:24:18] - 64 	 138.4 	 	 0.1000 	 4.9869 	 0.3108
[2025/10/01 09:24:18] - ==> Building model..
[2025/10/01 09:25:12] - Test Loss 	 Test Acc 	 PGD Loss 	 PGD Acc
[2025/10/01 09:25:12] - 3.4047 	 	 0.4687 	 3.7697 	 0.2337
[2025/10/01 09:27:38] - 65 	 139.4 	 	 0.1000 	 4.9868 	 0.3098
[2025/10/01 09:27:38] - ==> Building model..
[2025/10/01 09:28:31] - Test Loss 	 Test Acc 	 PGD Loss 	 PGD Acc
[2025/10/01 09:28:31] - 3.4016 	 	 0.4686 	 3.7682 	 0.2333
[2025/10/01 09:30:56] - 66 	 139.2 	 	 0.1000 	 4.9863 	 0.3113
[2025/10/01 09:30:56] - ==> Building model..
[2025/10/01 09:31:50] - Test Loss 	 Test Acc 	 PGD Loss 	 PGD Acc
[2025/10/01 09:31:50] - 3.3989 	 	 0.4694 	 3.7663 	 0.2336
[2025/10/01 09:34:14] - 67 	 138.2 	 	 0.1000 	 4.9865 	 0.3113
[2025/10/01 09:34:14] - ==> Building model..
[2025/10/01 09:35:09] - Test Loss 	 Test Acc 	 PGD Loss 	 PGD Acc
[2025/10/01 09:35:09] - 3.3975 	 	 0.4692 	 3.7652 	 0.2336
[2025/10/01 09:37:33] - 68 	 138.5 	 	 0.1000 	 4.9865 	 0.3102
[2025/10/01 09:37:33] - ==> Building model..
[2025/10/01 09:38:27] - Test Loss 	 Test Acc 	 PGD Loss 	 PGD Acc
[2025/10/01 09:38:27] - 3.3970 	 	 0.4701 	 3.7653 	 0.2343
[2025/10/01 09:40:52] - 69 	 138.7 	 	 0.1000 	 4.9867 	 0.3102
[2025/10/01 09:40:52] - ==> Building model..
[2025/10/01 09:41:47] - Test Loss 	 Test Acc 	 PGD Loss 	 PGD Acc
[2025/10/01 09:41:47] - 3.3946 	 	 0.4710 	 3.7637 	 0.2351
[2025/10/01 09:44:11] - 70 	 138.6 	 	 0.1000 	 4.9854 	 0.3128
[2025/10/01 09:44:11] - ==> Building model..
[2025/10/01 09:45:06] - Test Loss 	 Test Acc 	 PGD Loss 	 PGD Acc
[2025/10/01 09:45:06] - 3.3932 	 	 0.4703 	 3.7631 	 0.2360
[2025/10/01 09:47:30] - 71 	 138.6 	 	 0.1000 	 4.9854 	 0.3114
[2025/10/01 09:47:30] - ==> Building model..
[2025/10/01 09:48:25] - Test Loss 	 Test Acc 	 PGD Loss 	 PGD Acc
[2025/10/01 09:48:25] - 3.3923 	 	 0.4704 	 3.7622 	 0.2367
[2025/10/01 09:50:50] - 72 	 138.4 	 	 0.1000 	 4.9851 	 0.3124
[2025/10/01 09:50:50] - ==> Building model..
[2025/10/01 09:51:44] - Test Loss 	 Test Acc 	 PGD Loss 	 PGD Acc
[2025/10/01 09:51:44] - 3.3931 	 	 0.4707 	 3.7636 	 0.2368
[2025/10/01 09:54:09] - 73 	 138.3 	 	 0.1000 	 4.9849 	 0.3110
[2025/10/01 09:54:09] - ==> Building model..
[2025/10/01 09:55:03] - Test Loss 	 Test Acc 	 PGD Loss 	 PGD Acc
[2025/10/01 09:55:03] - 3.3951 	 	 0.4715 	 3.7658 	 0.2361
[2025/10/01 09:57:27] - 74 	 138.3 	 	 0.1000 	 4.9850 	 0.3134
[2025/10/01 09:57:27] - ==> Building model..
[2025/10/01 09:58:21] - Test Loss 	 Test Acc 	 PGD Loss 	 PGD Acc
[2025/10/01 09:58:21] - 3.3985 	 	 0.4725 	 3.7695 	 0.2355
[2025/10/01 10:00:46] - 75 	 138.6 	 	 0.1000 	 4.9839 	 0.3132
[2025/10/01 10:00:46] - ==> Building model..
[2025/10/01 10:01:40] - Test Loss 	 Test Acc 	 PGD Loss 	 PGD Acc
[2025/10/01 10:01:40] - 3.4014 	 	 0.4727 	 3.7728 	 0.2359
[2025/10/01 10:04:04] - 76 	 138.5 	 	 0.1000 	 4.9837 	 0.3131
[2025/10/01 10:04:04] - ==> Building model..
[2025/10/01 10:04:58] - Test Loss 	 Test Acc 	 PGD Loss 	 PGD Acc
[2025/10/01 10:04:58] - 3.4047 	 	 0.4717 	 3.7763 	 0.2366
[2025/10/01 10:07:22] - 77 	 138.0 	 	 0.1000 	 4.9835 	 0.3145
[2025/10/01 10:07:22] - ==> Building model..
[2025/10/01 10:08:16] - Test Loss 	 Test Acc 	 PGD Loss 	 PGD Acc
[2025/10/01 10:08:16] - 3.4074 	 	 0.4723 	 3.7789 	 0.2359
[2025/10/01 10:10:40] - 78 	 138.4 	 	 0.1000 	 4.9840 	 0.3130
[2025/10/01 10:10:40] - ==> Building model..
[2025/10/01 10:11:33] - Test Loss 	 Test Acc 	 PGD Loss 	 PGD Acc
[2025/10/01 10:11:33] - 3.4102 	 	 0.4718 	 3.7816 	 0.2363
[2025/10/01 10:13:57] - 79 	 138.1 	 	 0.1000 	 4.9834 	 0.3136
[2025/10/01 10:13:57] - ==> Building model..
[2025/10/01 10:14:52] - Test Loss 	 Test Acc 	 PGD Loss 	 PGD Acc
[2025/10/01 10:14:52] - 3.4121 	 	 0.4729 	 3.7842 	 0.2373
[2025/10/01 10:17:16] - 80 	 138.4 	 	 0.1000 	 4.9835 	 0.3145
[2025/10/01 10:17:16] - ==> Building model..
[2025/10/01 10:18:11] - Test Loss 	 Test Acc 	 PGD Loss 	 PGD Acc
[2025/10/01 10:18:11] - 3.4125 	 	 0.4727 	 3.7852 	 0.2368
[2025/10/01 10:20:35] - 81 	 138.1 	 	 0.1000 	 4.9827 	 0.3151
[2025/10/01 10:20:35] - ==> Building model..
[2025/10/01 10:21:30] - Test Loss 	 Test Acc 	 PGD Loss 	 PGD Acc
[2025/10/01 10:21:30] - 3.4130 	 	 0.4741 	 3.7862 	 0.2368
[2025/10/01 10:23:54] - 82 	 138.3 	 	 0.1000 	 4.9824 	 0.3163
[2025/10/01 10:23:54] - ==> Building model..
[2025/10/01 10:24:48] - Test Loss 	 Test Acc 	 PGD Loss 	 PGD Acc
[2025/10/01 10:24:48] - 3.4127 	 	 0.4746 	 3.7865 	 0.2381
[2025/10/01 10:27:12] - 83 	 138.9 	 	 0.1000 	 4.9828 	 0.3141
[2025/10/01 10:27:12] - ==> Building model..
[2025/10/01 10:28:05] - Test Loss 	 Test Acc 	 PGD Loss 	 PGD Acc
[2025/10/01 10:28:05] - 3.4123 	 	 0.4758 	 3.7864 	 0.2388
[2025/10/01 10:30:30] - 84 	 138.6 	 	 0.1000 	 4.9827 	 0.3139
[2025/10/01 10:30:30] - ==> Building model..
[2025/10/01 10:31:23] - Test Loss 	 Test Acc 	 PGD Loss 	 PGD Acc
[2025/10/01 10:31:23] - 3.4116 	 	 0.4756 	 3.7865 	 0.2381
[2025/10/01 10:33:48] - 85 	 138.8 	 	 0.1000 	 4.9821 	 0.3172
[2025/10/01 10:33:48] - ==> Building model..
[2025/10/01 10:34:42] - Test Loss 	 Test Acc 	 PGD Loss 	 PGD Acc
[2025/10/01 10:34:42] - 3.4107 	 	 0.4749 	 3.7855 	 0.2392
[2025/10/01 10:37:06] - 86 	 138.6 	 	 0.1000 	 4.9819 	 0.3150
[2025/10/01 10:37:06] - ==> Building model..
[2025/10/01 10:38:00] - Test Loss 	 Test Acc 	 PGD Loss 	 PGD Acc
[2025/10/01 10:38:00] - 3.4085 	 	 0.4746 	 3.7841 	 0.2389
[2025/10/01 10:40:25] - 87 	 138.8 	 	 0.1000 	 4.9820 	 0.3149
[2025/10/01 10:40:25] - ==> Building model..
[2025/10/01 10:41:19] - Test Loss 	 Test Acc 	 PGD Loss 	 PGD Acc
[2025/10/01 10:41:19] - 3.4052 	 	 0.4755 	 3.7813 	 0.2373
[2025/10/01 10:43:43] - 88 	 139.0 	 	 0.1000 	 4.9817 	 0.3164
[2025/10/01 10:43:43] - ==> Building model..
[2025/10/01 10:44:37] - Test Loss 	 Test Acc 	 PGD Loss 	 PGD Acc
[2025/10/01 10:44:37] - 3.4018 	 	 0.4754 	 3.7798 	 0.2378
[2025/10/01 10:47:01] - 89 	 138.5 	 	 0.1000 	 4.9813 	 0.3180
[2025/10/01 10:47:01] - ==> Building model..
[2025/10/01 10:47:54] - Test Loss 	 Test Acc 	 PGD Loss 	 PGD Acc
[2025/10/01 10:47:54] - 3.3980 	 	 0.4755 	 3.7766 	 0.2386
[2025/10/01 10:50:18] - 90 	 138.4 	 	 0.1000 	 4.9808 	 0.3186
[2025/10/01 10:50:18] - ==> Building model..
[2025/10/01 10:51:12] - Test Loss 	 Test Acc 	 PGD Loss 	 PGD Acc
[2025/10/01 10:51:12] - 3.3948 	 	 0.4757 	 3.7741 	 0.2392
[2025/10/01 10:53:36] - 91 	 138.7 	 	 0.1000 	 4.9814 	 0.3174
[2025/10/01 10:53:36] - ==> Building model..
[2025/10/01 10:54:30] - Test Loss 	 Test Acc 	 PGD Loss 	 PGD Acc
[2025/10/01 10:54:30] - 3.3922 	 	 0.4763 	 3.7724 	 0.2381
[2025/10/01 10:56:54] - 92 	 138.7 	 	 0.1000 	 4.9820 	 0.3163
[2025/10/01 10:56:54] - ==> Building model..
[2025/10/01 10:57:47] - Test Loss 	 Test Acc 	 PGD Loss 	 PGD Acc
[2025/10/01 10:57:47] - 3.3886 	 	 0.4762 	 3.7692 	 0.2390
[2025/10/01 11:00:11] - 93 	 138.5 	 	 0.1000 	 4.9806 	 0.3168
[2025/10/01 11:00:11] - ==> Building model..
[2025/10/01 11:01:05] - Test Loss 	 Test Acc 	 PGD Loss 	 PGD Acc
[2025/10/01 11:01:05] - 3.3847 	 	 0.4756 	 3.7664 	 0.2386
[2025/10/01 11:03:29] - 94 	 138.5 	 	 0.1000 	 4.9822 	 0.3154
[2025/10/01 11:03:29] - ==> Building model..
[2025/10/01 11:04:22] - Test Loss 	 Test Acc 	 PGD Loss 	 PGD Acc
[2025/10/01 11:04:22] - 3.3821 	 	 0.4753 	 3.7639 	 0.2392
[2025/10/01 11:06:46] - 95 	 138.4 	 	 0.1000 	 4.9818 	 0.3164
[2025/10/01 11:06:46] - ==> Building model..
[2025/10/01 11:07:39] - Test Loss 	 Test Acc 	 PGD Loss 	 PGD Acc
[2025/10/01 11:07:39] - 3.3790 	 	 0.4757 	 3.7615 	 0.2387
[2025/10/01 11:10:03] - 96 	 138.5 	 	 0.1000 	 4.9804 	 0.3173
[2025/10/01 11:10:03] - ==> Building model..
[2025/10/01 11:10:57] - Test Loss 	 Test Acc 	 PGD Loss 	 PGD Acc
[2025/10/01 11:10:57] - 3.3754 	 	 0.4759 	 3.7588 	 0.2389
[2025/10/01 11:13:21] - 97 	 138.8 	 	 0.1000 	 4.9814 	 0.3171
[2025/10/01 11:13:21] - ==> Building model..
[2025/10/01 11:14:15] - Test Loss 	 Test Acc 	 PGD Loss 	 PGD Acc
[2025/10/01 11:14:15] - 3.3723 	 	 0.4763 	 3.7558 	 0.2394
[2025/10/01 11:16:39] - 98 	 138.2 	 	 0.1000 	 4.9809 	 0.3177
[2025/10/01 11:16:39] - ==> Building model..
[2025/10/01 11:17:33] - Test Loss 	 Test Acc 	 PGD Loss 	 PGD Acc
[2025/10/01 11:17:33] - 3.3690 	 	 0.4765 	 3.7534 	 0.2388
[2025/10/01 11:19:57] - 99 	 137.3 	 	 0.0100 	 4.8822 	 0.4446
[2025/10/01 11:19:57] - ==> Building model..
[2025/10/01 11:20:51] - Test Loss 	 Test Acc 	 PGD Loss 	 PGD Acc
[2025/10/01 11:20:51] - 3.3687 	 	 0.4765 	 3.7527 	 0.2381
[2025/10/01 11:23:15] - 100 	 137.4 	 	 0.0100 	 4.8149 	 0.5368
[2025/10/01 11:23:15] - ==> Building model..
[2025/10/01 11:24:10] - Test Loss 	 Test Acc 	 PGD Loss 	 PGD Acc
[2025/10/01 11:24:10] - 3.3687 	 	 0.4765 	 3.7527 	 0.2393
[2025/10/01 11:26:34] - 101 	 137.6 	 	 0.0100 	 4.7893 	 0.5774
[2025/10/01 11:26:34] - ==> Building model..
[2025/10/01 11:27:29] - Test Loss 	 Test Acc 	 PGD Loss 	 PGD Acc
[2025/10/01 11:27:29] - 3.3687 	 	 0.4765 	 3.7528 	 0.2386
[2025/10/01 11:29:53] - 102 	 137.9 	 	 0.0100 	 4.7677 	 0.6114
[2025/10/01 11:29:53] - ==> Building model..
[2025/10/01 11:30:48] - Test Loss 	 Test Acc 	 PGD Loss 	 PGD Acc
[2025/10/01 11:30:48] - 3.3687 	 	 0.4765 	 3.7528 	 0.2392
[2025/10/01 11:33:12] - 103 	 137.6 	 	 0.0100 	 4.7499 	 0.6425
[2025/10/01 11:33:12] - ==> Building model..
[2025/10/01 11:34:08] - Test Loss 	 Test Acc 	 PGD Loss 	 PGD Acc
[2025/10/01 11:34:08] - 3.3687 	 	 0.4765 	 3.7527 	 0.2381
[2025/10/01 11:36:32] - 104 	 137.8 	 	 0.0010 	 4.7032 	 0.7183
[2025/10/01 11:36:32] - ==> Building model..
[2025/10/01 11:37:27] - Test Loss 	 Test Acc 	 PGD Loss 	 PGD Acc
[2025/10/01 11:37:27] - 3.3687 	 	 0.4765 	 3.7530 	 0.2390
[2025/10/01 11:39:51] - 105 	 137.5 	 	 0.0010 	 4.6820 	 0.7524
[2025/10/01 11:39:51] - ==> Building model..
[2025/10/01 11:40:46] - Test Loss 	 Test Acc 	 PGD Loss 	 PGD Acc
[2025/10/01 11:40:46] - 3.3687 	 	 0.4765 	 3.7530 	 0.2393
[2025/10/01 11:43:11] - 106 	 137.9 	 	 0.0010 	 4.6760 	 0.7620
[2025/10/01 11:43:11] - ==> Building model..
[2025/10/01 11:44:05] - Test Loss 	 Test Acc 	 PGD Loss 	 PGD Acc
[2025/10/01 11:44:05] - 3.3687 	 	 0.4765 	 3.7532 	 0.2391
[2025/10/01 11:46:29] - 107 	 137.6 	 	 0.0010 	 4.6710 	 0.7709
[2025/10/01 11:46:29] - ==> Building model..
[2025/10/01 11:47:24] - Test Loss 	 Test Acc 	 PGD Loss 	 PGD Acc
[2025/10/01 11:47:24] - 3.3687 	 	 0.4765 	 3.7531 	 0.2389
[2025/10/01 11:49:49] - 108 	 137.8 	 	 0.0010 	 4.6664 	 0.7780
[2025/10/01 11:49:49] - ==> Building model..
[2025/10/01 11:50:44] - Test Loss 	 Test Acc 	 PGD Loss 	 PGD Acc
[2025/10/01 11:50:44] - 3.3687 	 	 0.4765 	 3.7532 	 0.2387
[2025/10/01 11:53:08] - 109 	 137.9 	 	 0.0010 	 4.6619 	 0.7860
[2025/10/01 11:53:08] - ==> Building model..
[2025/10/01 11:54:03] - Test Loss 	 Test Acc 	 PGD Loss 	 PGD Acc
[2025/10/01 11:54:03] - 3.3687 	 	 0.4765 	 3.7531 	 0.2393
[2025/10/01 11:54:03] - [0.0685, 0.1408, 0.1851, 0.2117, 0.2342, 0.2445, 0.262, 0.2981, 0.3312, 0.351, 0.3669, 0.3779, 0.386, 0.3905, 0.3978, 0.404, 0.4099, 0.415, 0.4156, 0.4196, 0.4226, 0.4254, 0.4287, 0.4317, 0.4339, 0.4374, 0.4378, 0.4407, 0.4421, 0.4443, 0.444, 0.4454, 0.4467, 0.4493, 0.4513, 0.4516, 0.4536, 0.4541, 0.455, 0.4562, 0.4579, 0.4583, 0.4601, 0.4612, 0.4607, 0.4608, 0.4615, 0.4623, 0.4618, 0.4627, 0.463, 0.4637, 0.4639, 0.4645, 0.4639, 0.4644, 0.4653, 0.4649, 0.4647, 0.4644, 0.4654, 0.4656, 0.4674, 0.4679, 0.4687, 0.4686, 0.4694, 0.4692, 0.4701, 0.471, 0.4703, 0.4704, 0.4707, 0.4715, 0.4725, 0.4727, 0.4717, 0.4723, 0.4718, 0.4729, 0.4727, 0.4741, 0.4746, 0.4758, 0.4756, 0.4749, 0.4746, 0.4755, 0.4754, 0.4755, 0.4757, 0.4763, 0.4762, 0.4756, 0.4753, 0.4757, 0.4759, 0.4763, 0.4765, 0.4765, 0.4765, 0.4765, 0.4765, 0.4765, 0.4765, 0.4765, 0.4765, 0.4765, 0.4765, 0.4765]
[2025/10/01 11:54:03] - [0.0415, 0.0737, 0.097, 0.1104, 0.121, 0.124, 0.1346, 0.1512, 0.166, 0.1771, 0.1844, 0.1883, 0.1939, 0.1961, 0.1997, 0.2017, 0.2043, 0.2054, 0.2067, 0.2089, 0.2095, 0.2106, 0.2139, 0.2145, 0.2149, 0.2156, 0.2183, 0.2185, 0.2199, 0.22, 0.2214, 0.2208, 0.2205, 0.2217, 0.2222, 0.2226, 0.2247, 0.2242, 0.2249, 0.2263, 0.2266, 0.2269, 0.2277, 0.2268, 0.2274, 0.228, 0.229, 0.2285, 0.2286, 0.2283, 0.228, 0.2289, 0.2298, 0.2309, 0.2308, 0.232, 0.2314, 0.2324, 0.2333, 0.2333, 0.2315, 0.2325, 0.2328, 0.2335, 0.2337, 0.2333, 0.2336, 0.2336, 0.2343, 0.2351, 0.236, 0.2367, 0.2368, 0.2361, 0.2355, 0.2359, 0.2366, 0.2359, 0.2363, 0.2373, 0.2368, 0.2368, 0.2381, 0.2388, 0.2381, 0.2392, 0.2389, 0.2373, 0.2378, 0.2386, 0.2392, 0.2381, 0.239, 0.2386, 0.2392, 0.2387, 0.2389, 0.2394, 0.2388, 0.2381, 0.2393, 0.2386, 0.2392, 0.2381, 0.239, 0.2393, 0.2391, 0.2389, 0.2387, 0.2393]
