[2025/10/13 13:17:15] - Namespace(batch_size=128, data_dir='cifar-data', epochs=100, lr_schedule='multistep', lr_min=0.0, lr_max=0.2, weight_decay=0.0005, momentum=0.9, model='ResNet18', epsilon=8, alpha=8, delta_init='random', normal_mean=0, normal_std=1, out_dir='./output/CIFAR100/lamda_36_lamscale_0.05_run3', seed=0, lamda=36.0, lam_scale=0.05, lam_start=50, gamma=0.05, inner_gamma=0.05, beta=0.2, mu=3.5, batch_m=0.75, early_stop=False, factor=0.5, length=4, n_holes=1, c_num=0.125, EMA_value=0.55)
[2025/10/13 13:17:16] - ==> Building model..
[2025/10/13 13:17:16] - Epoch 	 Seconds 	 LR 	 	 Train Loss 	 Train Acc
[2025/10/13 13:18:01] - 0 	 18.9 	 	 0.2000 	 4.5627 	 0.0408
[2025/10/13 13:18:01] - ==> Building model..
[2025/10/13 13:18:17] - Test Loss 	 Test Acc 	 PGD Loss 	 PGD Acc
[2025/10/13 13:18:17] - 4.2054 	 	 0.0909 	 4.2198 	 0.0588
[2025/10/13 13:19:00] - 1 	 17.9 	 	 0.2000 	 4.4558 	 0.0795
[2025/10/13 13:19:00] - ==> Building model..
[2025/10/13 13:19:16] - Test Loss 	 Test Acc 	 PGD Loss 	 PGD Acc
[2025/10/13 13:19:16] - 3.9912 	 	 0.1516 	 4.0231 	 0.0959
[2025/10/13 13:20:01] - 2 	 18.1 	 	 0.2000 	 4.4042 	 0.1053
[2025/10/13 13:20:01] - ==> Building model..
[2025/10/13 13:20:17] - Test Loss 	 Test Acc 	 PGD Loss 	 PGD Acc
[2025/10/13 13:20:17] - 3.8730 	 	 0.1895 	 3.9207 	 0.1190
[2025/10/13 13:21:03] - 3 	 19.3 	 	 0.2000 	 4.3569 	 0.1272
[2025/10/13 13:21:03] - ==> Building model..
[2025/10/13 13:21:19] - Test Loss 	 Test Acc 	 PGD Loss 	 PGD Acc
[2025/10/13 13:21:19] - 3.6955 	 	 0.2389 	 3.7690 	 0.1426
[2025/10/13 13:22:05] - 4 	 18.7 	 	 0.2000 	 4.3131 	 0.1504
[2025/10/13 13:22:05] - ==> Building model..
[2025/10/13 13:22:21] - Test Loss 	 Test Acc 	 PGD Loss 	 PGD Acc
[2025/10/13 13:22:21] - 3.5626 	 	 0.2727 	 3.6591 	 0.1636
[2025/10/13 13:23:06] - 5 	 18.6 	 	 0.2000 	 4.2754 	 0.1688
[2025/10/13 13:23:06] - ==> Building model..
[2025/10/13 13:23:23] - Test Loss 	 Test Acc 	 PGD Loss 	 PGD Acc
[2025/10/13 13:23:23] - 3.3862 	 	 0.3114 	 3.5094 	 0.1780
[2025/10/13 13:24:08] - 6 	 20.3 	 	 0.2000 	 4.2441 	 0.1871
[2025/10/13 13:24:08] - ==> Building model..
[2025/10/13 13:24:25] - Test Loss 	 Test Acc 	 PGD Loss 	 PGD Acc
[2025/10/13 13:24:25] - 3.1724 	 	 0.3545 	 3.3312 	 0.1948
[2025/10/13 13:25:10] - 7 	 18.8 	 	 0.2000 	 4.2229 	 0.1983
[2025/10/13 13:25:10] - ==> Building model..
[2025/10/13 13:25:26] - Test Loss 	 Test Acc 	 PGD Loss 	 PGD Acc
[2025/10/13 13:25:26] - 3.0454 	 	 0.3875 	 3.2291 	 0.2089
[2025/10/13 13:26:11] - 8 	 19.7 	 	 0.2000 	 4.2025 	 0.2084
[2025/10/13 13:26:11] - ==> Building model..
[2025/10/13 13:26:28] - Test Loss 	 Test Acc 	 PGD Loss 	 PGD Acc
[2025/10/13 13:26:28] - 2.9589 	 	 0.4037 	 3.1611 	 0.2182
[2025/10/13 13:27:13] - 9 	 19.1 	 	 0.2000 	 4.1873 	 0.2183
[2025/10/13 13:27:13] - ==> Building model..
[2025/10/13 13:27:28] - Test Loss 	 Test Acc 	 PGD Loss 	 PGD Acc
[2025/10/13 13:27:28] - 2.9047 	 	 0.4156 	 3.1193 	 0.2251
[2025/10/13 13:28:14] - 10 	 18.8 	 	 0.2000 	 4.1742 	 0.2254
[2025/10/13 13:28:14] - ==> Building model..
[2025/10/13 13:28:29] - Test Loss 	 Test Acc 	 PGD Loss 	 PGD Acc
[2025/10/13 13:28:29] - 2.8476 	 	 0.4315 	 3.0738 	 0.2317
[2025/10/13 13:29:15] - 11 	 19.3 	 	 0.2000 	 4.1665 	 0.2297
[2025/10/13 13:29:15] - ==> Building model..
[2025/10/13 13:29:31] - Test Loss 	 Test Acc 	 PGD Loss 	 PGD Acc
[2025/10/13 13:29:31] - 2.8041 	 	 0.4419 	 3.0428 	 0.2385
[2025/10/13 13:30:17] - 12 	 19.0 	 	 0.2000 	 4.1563 	 0.2379
[2025/10/13 13:30:17] - ==> Building model..
[2025/10/13 13:30:34] - Test Loss 	 Test Acc 	 PGD Loss 	 PGD Acc
[2025/10/13 13:30:34] - 2.7723 	 	 0.4493 	 3.0183 	 0.2412
[2025/10/13 13:31:19] - 13 	 19.0 	 	 0.2000 	 4.1530 	 0.2360
[2025/10/13 13:31:19] - ==> Building model..
[2025/10/13 13:31:35] - Test Loss 	 Test Acc 	 PGD Loss 	 PGD Acc
[2025/10/13 13:31:35] - 2.7459 	 	 0.4552 	 2.9982 	 0.2447
[2025/10/13 13:32:18] - 14 	 18.6 	 	 0.2000 	 4.1465 	 0.2414
[2025/10/13 13:32:18] - ==> Building model..
[2025/10/13 13:32:35] - Test Loss 	 Test Acc 	 PGD Loss 	 PGD Acc
[2025/10/13 13:32:35] - 2.7282 	 	 0.4611 	 2.9861 	 0.2480
[2025/10/13 13:33:21] - 15 	 20.0 	 	 0.2000 	 4.1390 	 0.2465
[2025/10/13 13:33:21] - ==> Building model..
[2025/10/13 13:33:39] - Test Loss 	 Test Acc 	 PGD Loss 	 PGD Acc
[2025/10/13 13:33:39] - 2.7066 	 	 0.4687 	 2.9702 	 0.2497
[2025/10/13 13:34:24] - 16 	 19.7 	 	 0.2000 	 4.1343 	 0.2470
[2025/10/13 13:34:24] - ==> Building model..
[2025/10/13 13:34:41] - Test Loss 	 Test Acc 	 PGD Loss 	 PGD Acc
[2025/10/13 13:34:41] - 2.6924 	 	 0.4715 	 2.9591 	 0.2503
[2025/10/13 13:35:27] - 17 	 19.7 	 	 0.2000 	 4.1331 	 0.2486
[2025/10/13 13:35:27] - ==> Building model..
[2025/10/13 13:35:43] - Test Loss 	 Test Acc 	 PGD Loss 	 PGD Acc
[2025/10/13 13:35:43] - 2.6721 	 	 0.4766 	 2.9441 	 0.2549
[2025/10/13 13:36:28] - 18 	 19.6 	 	 0.2000 	 4.1260 	 0.2525
[2025/10/13 13:36:28] - ==> Building model..
[2025/10/13 13:36:44] - Test Loss 	 Test Acc 	 PGD Loss 	 PGD Acc
[2025/10/13 13:36:44] - 2.6550 	 	 0.4824 	 2.9325 	 0.2569
[2025/10/13 13:37:28] - 19 	 19.0 	 	 0.2000 	 4.1225 	 0.2559
[2025/10/13 13:37:28] - ==> Building model..
[2025/10/13 13:37:44] - Test Loss 	 Test Acc 	 PGD Loss 	 PGD Acc
[2025/10/13 13:37:44] - 2.6445 	 	 0.4831 	 2.9242 	 0.2589
[2025/10/13 13:38:28] - 20 	 19.0 	 	 0.2000 	 4.1216 	 0.2581
[2025/10/13 13:38:28] - ==> Building model..
[2025/10/13 13:38:44] - Test Loss 	 Test Acc 	 PGD Loss 	 PGD Acc
[2025/10/13 13:38:44] - 2.6319 	 	 0.4859 	 2.9140 	 0.2607
[2025/10/13 13:39:31] - 21 	 19.0 	 	 0.2000 	 4.1167 	 0.2588
[2025/10/13 13:39:31] - ==> Building model..
[2025/10/13 13:39:46] - Test Loss 	 Test Acc 	 PGD Loss 	 PGD Acc
[2025/10/13 13:39:46] - 2.6237 	 	 0.4882 	 2.9088 	 0.2623
[2025/10/13 13:40:31] - 22 	 18.6 	 	 0.2000 	 4.1177 	 0.2588
[2025/10/13 13:40:31] - ==> Building model..
[2025/10/13 13:40:48] - Test Loss 	 Test Acc 	 PGD Loss 	 PGD Acc
[2025/10/13 13:40:48] - 2.6223 	 	 0.4905 	 2.9077 	 0.2626
[2025/10/13 13:41:33] - 23 	 18.9 	 	 0.2000 	 4.1163 	 0.2598
[2025/10/13 13:41:33] - ==> Building model..
[2025/10/13 13:41:50] - Test Loss 	 Test Acc 	 PGD Loss 	 PGD Acc
[2025/10/13 13:41:50] - 2.6175 	 	 0.4910 	 2.9028 	 0.2636
[2025/10/13 13:42:37] - 24 	 19.0 	 	 0.2000 	 4.1113 	 0.2615
[2025/10/13 13:42:37] - ==> Building model..
[2025/10/13 13:42:53] - Test Loss 	 Test Acc 	 PGD Loss 	 PGD Acc
[2025/10/13 13:42:53] - 2.6120 	 	 0.4932 	 2.8993 	 0.2664
[2025/10/13 13:43:42] - 25 	 19.6 	 	 0.2000 	 4.1104 	 0.2644
[2025/10/13 13:43:42] - ==> Building model..
[2025/10/13 13:43:58] - Test Loss 	 Test Acc 	 PGD Loss 	 PGD Acc
[2025/10/13 13:43:58] - 2.6034 	 	 0.4933 	 2.8932 	 0.2654
[2025/10/13 13:44:44] - 26 	 19.7 	 	 0.2000 	 4.1060 	 0.2648
[2025/10/13 13:44:44] - ==> Building model..
[2025/10/13 13:45:01] - Test Loss 	 Test Acc 	 PGD Loss 	 PGD Acc
[2025/10/13 13:45:01] - 2.5955 	 	 0.4949 	 2.8874 	 0.2673
[2025/10/13 13:45:47] - 27 	 19.1 	 	 0.2000 	 4.1061 	 0.2645
[2025/10/13 13:45:47] - ==> Building model..
[2025/10/13 13:46:04] - Test Loss 	 Test Acc 	 PGD Loss 	 PGD Acc
[2025/10/13 13:46:04] - 2.5880 	 	 0.4985 	 2.8824 	 0.2687
[2025/10/13 13:46:48] - 28 	 19.2 	 	 0.2000 	 4.1043 	 0.2662
[2025/10/13 13:46:48] - ==> Building model..
[2025/10/13 13:47:04] - Test Loss 	 Test Acc 	 PGD Loss 	 PGD Acc
[2025/10/13 13:47:04] - 2.5805 	 	 0.5007 	 2.8774 	 0.2700
[2025/10/13 13:47:51] - 29 	 20.0 	 	 0.2000 	 4.1034 	 0.2666
[2025/10/13 13:47:51] - ==> Building model..
[2025/10/13 13:48:08] - Test Loss 	 Test Acc 	 PGD Loss 	 PGD Acc
[2025/10/13 13:48:08] - 2.5727 	 	 0.5009 	 2.8709 	 0.2702
[2025/10/13 13:48:54] - 30 	 19.8 	 	 0.2000 	 4.1035 	 0.2672
[2025/10/13 13:48:54] - ==> Building model..
[2025/10/13 13:49:12] - Test Loss 	 Test Acc 	 PGD Loss 	 PGD Acc
[2025/10/13 13:49:12] - 2.5698 	 	 0.5032 	 2.8692 	 0.2717
[2025/10/13 13:49:59] - 31 	 20.2 	 	 0.2000 	 4.1013 	 0.2656
[2025/10/13 13:49:59] - ==> Building model..
[2025/10/13 13:50:16] - Test Loss 	 Test Acc 	 PGD Loss 	 PGD Acc
[2025/10/13 13:50:16] - 2.5694 	 	 0.5048 	 2.8687 	 0.2716
[2025/10/13 13:51:04] - 32 	 20.3 	 	 0.2000 	 4.1005 	 0.2679
[2025/10/13 13:51:04] - ==> Building model..
[2025/10/13 13:51:20] - Test Loss 	 Test Acc 	 PGD Loss 	 PGD Acc
[2025/10/13 13:51:20] - 2.5687 	 	 0.5041 	 2.8680 	 0.2722
[2025/10/13 13:52:08] - 33 	 20.5 	 	 0.2000 	 4.0988 	 0.2690
[2025/10/13 13:52:08] - ==> Building model..
[2025/10/13 13:52:26] - Test Loss 	 Test Acc 	 PGD Loss 	 PGD Acc
[2025/10/13 13:52:26] - 2.5585 	 	 0.5064 	 2.8596 	 0.2728
[2025/10/13 13:53:13] - 34 	 19.5 	 	 0.2000 	 4.0991 	 0.2681
[2025/10/13 13:53:13] - ==> Building model..
[2025/10/13 13:53:29] - Test Loss 	 Test Acc 	 PGD Loss 	 PGD Acc
[2025/10/13 13:53:29] - 2.5562 	 	 0.5074 	 2.8581 	 0.2732
[2025/10/13 13:54:15] - 35 	 18.8 	 	 0.2000 	 4.0958 	 0.2718
[2025/10/13 13:54:15] - ==> Building model..
[2025/10/13 13:54:31] - Test Loss 	 Test Acc 	 PGD Loss 	 PGD Acc
[2025/10/13 13:54:31] - 2.5553 	 	 0.5095 	 2.8569 	 0.2722
[2025/10/13 13:55:17] - 36 	 19.0 	 	 0.2000 	 4.0956 	 0.2713
[2025/10/13 13:55:17] - ==> Building model..
[2025/10/13 13:55:34] - Test Loss 	 Test Acc 	 PGD Loss 	 PGD Acc
[2025/10/13 13:55:34] - 2.5536 	 	 0.5090 	 2.8556 	 0.2736
[2025/10/13 13:56:20] - 37 	 19.0 	 	 0.2000 	 4.0957 	 0.2718
[2025/10/13 13:56:20] - ==> Building model..
[2025/10/13 13:56:36] - Test Loss 	 Test Acc 	 PGD Loss 	 PGD Acc
[2025/10/13 13:56:36] - 2.5539 	 	 0.5086 	 2.8565 	 0.2736
[2025/10/13 13:57:21] - 38 	 18.7 	 	 0.2000 	 4.0936 	 0.2721
[2025/10/13 13:57:21] - ==> Building model..
[2025/10/13 13:57:37] - Test Loss 	 Test Acc 	 PGD Loss 	 PGD Acc
[2025/10/13 13:57:37] - 2.5525 	 	 0.5093 	 2.8552 	 0.2747
[2025/10/13 13:58:26] - 39 	 20.1 	 	 0.2000 	 4.0947 	 0.2713
[2025/10/13 13:58:26] - ==> Building model..
[2025/10/13 13:58:42] - Test Loss 	 Test Acc 	 PGD Loss 	 PGD Acc
[2025/10/13 13:58:42] - 2.5541 	 	 0.5079 	 2.8558 	 0.2759
[2025/10/13 13:59:28] - 40 	 18.8 	 	 0.2000 	 4.0934 	 0.2737
[2025/10/13 13:59:28] - ==> Building model..
[2025/10/13 13:59:45] - Test Loss 	 Test Acc 	 PGD Loss 	 PGD Acc
[2025/10/13 13:59:45] - 2.5517 	 	 0.5072 	 2.8534 	 0.2756
[2025/10/13 14:00:31] - 41 	 19.1 	 	 0.2000 	 4.0940 	 0.2709
[2025/10/13 14:00:31] - ==> Building model..
[2025/10/13 14:00:47] - Test Loss 	 Test Acc 	 PGD Loss 	 PGD Acc
[2025/10/13 14:00:47] - 2.5573 	 	 0.5084 	 2.8587 	 0.2756
[2025/10/13 14:01:33] - 42 	 18.8 	 	 0.2000 	 4.0942 	 0.2724
[2025/10/13 14:01:33] - ==> Building model..
[2025/10/13 14:01:49] - Test Loss 	 Test Acc 	 PGD Loss 	 PGD Acc
[2025/10/13 14:01:49] - 2.5608 	 	 0.5084 	 2.8629 	 0.2753
[2025/10/13 14:02:36] - 43 	 19.4 	 	 0.2000 	 4.0925 	 0.2730
[2025/10/13 14:02:36] - ==> Building model..
[2025/10/13 14:02:53] - Test Loss 	 Test Acc 	 PGD Loss 	 PGD Acc
[2025/10/13 14:02:53] - 2.5596 	 	 0.5106 	 2.8615 	 0.2753
[2025/10/13 14:03:41] - 44 	 19.9 	 	 0.2000 	 4.0928 	 0.2729
[2025/10/13 14:03:41] - ==> Building model..
[2025/10/13 14:03:58] - Test Loss 	 Test Acc 	 PGD Loss 	 PGD Acc
[2025/10/13 14:03:58] - 2.5541 	 	 0.5119 	 2.8578 	 0.2755
[2025/10/13 14:04:43] - 45 	 19.7 	 	 0.2000 	 4.0897 	 0.2759
[2025/10/13 14:04:43] - ==> Building model..
[2025/10/13 14:05:00] - Test Loss 	 Test Acc 	 PGD Loss 	 PGD Acc
[2025/10/13 14:05:00] - 2.5496 	 	 0.5120 	 2.8537 	 0.2761
[2025/10/13 14:05:46] - 46 	 19.9 	 	 0.2000 	 4.0883 	 0.2752
[2025/10/13 14:05:46] - ==> Building model..
[2025/10/13 14:06:03] - Test Loss 	 Test Acc 	 PGD Loss 	 PGD Acc
[2025/10/13 14:06:03] - 2.5458 	 	 0.5131 	 2.8509 	 0.2757
[2025/10/13 14:06:54] - 47 	 21.4 	 	 0.2000 	 4.0903 	 0.2728
[2025/10/13 14:06:54] - ==> Building model..
[2025/10/13 14:07:12] - Test Loss 	 Test Acc 	 PGD Loss 	 PGD Acc
[2025/10/13 14:07:12] - 2.5446 	 	 0.5131 	 2.8498 	 0.2770
[2025/10/13 14:08:00] - 48 	 19.4 	 	 0.2000 	 4.0877 	 0.2773
[2025/10/13 14:08:00] - ==> Building model..
[2025/10/13 14:08:18] - Test Loss 	 Test Acc 	 PGD Loss 	 PGD Acc
[2025/10/13 14:08:18] - 2.5426 	 	 0.5130 	 2.8478 	 0.2783
[2025/10/13 14:09:07] - 49 	 20.6 	 	 0.2000 	 4.0871 	 0.2768
[2025/10/13 14:09:07] - ==> Building model..
[2025/10/13 14:09:24] - Test Loss 	 Test Acc 	 PGD Loss 	 PGD Acc
[2025/10/13 14:09:24] - 2.5389 	 	 0.5141 	 2.8456 	 0.2784
[2025/10/13 14:10:10] - 50 	 19.9 	 	 0.2000 	 4.0868 	 0.2773
[2025/10/13 14:10:10] - ==> Building model..
[2025/10/13 14:10:26] - Test Loss 	 Test Acc 	 PGD Loss 	 PGD Acc
[2025/10/13 14:10:26] - 2.5366 	 	 0.5157 	 2.8434 	 0.2779
[2025/10/13 14:11:12] - 51 	 19.4 	 	 0.2000 	 4.0888 	 0.2736
[2025/10/13 14:11:12] - ==> Building model..
[2025/10/13 14:11:28] - Test Loss 	 Test Acc 	 PGD Loss 	 PGD Acc
[2025/10/13 14:11:28] - 2.5355 	 	 0.5153 	 2.8429 	 0.2790
[2025/10/13 14:12:13] - 52 	 18.9 	 	 0.2000 	 4.0874 	 0.2770
[2025/10/13 14:12:13] - ==> Building model..
[2025/10/13 14:12:29] - Test Loss 	 Test Acc 	 PGD Loss 	 PGD Acc
[2025/10/13 14:12:29] - 2.5339 	 	 0.5162 	 2.8420 	 0.2773
[2025/10/13 14:13:14] - 53 	 19.0 	 	 0.2000 	 4.0864 	 0.2773
[2025/10/13 14:13:14] - ==> Building model..
[2025/10/13 14:13:30] - Test Loss 	 Test Acc 	 PGD Loss 	 PGD Acc
[2025/10/13 14:13:30] - 2.5323 	 	 0.5170 	 2.8399 	 0.2773
[2025/10/13 14:14:16] - 54 	 19.2 	 	 0.2000 	 4.0888 	 0.2755
[2025/10/13 14:14:16] - ==> Building model..
[2025/10/13 14:14:32] - Test Loss 	 Test Acc 	 PGD Loss 	 PGD Acc
[2025/10/13 14:14:32] - 2.5320 	 	 0.5171 	 2.8399 	 0.2777
[2025/10/13 14:15:19] - 55 	 18.9 	 	 0.2000 	 4.0865 	 0.2789
[2025/10/13 14:15:19] - ==> Building model..
[2025/10/13 14:15:35] - Test Loss 	 Test Acc 	 PGD Loss 	 PGD Acc
[2025/10/13 14:15:35] - 2.5297 	 	 0.5183 	 2.8380 	 0.2780
[2025/10/13 14:16:20] - 56 	 18.9 	 	 0.2000 	 4.0883 	 0.2744
[2025/10/13 14:16:20] - ==> Building model..
[2025/10/13 14:16:37] - Test Loss 	 Test Acc 	 PGD Loss 	 PGD Acc
[2025/10/13 14:16:37] - 2.5316 	 	 0.5194 	 2.8401 	 0.2773
[2025/10/13 14:17:22] - 57 	 19.9 	 	 0.2000 	 4.0887 	 0.2775
[2025/10/13 14:17:22] - ==> Building model..
[2025/10/13 14:17:39] - Test Loss 	 Test Acc 	 PGD Loss 	 PGD Acc
[2025/10/13 14:17:39] - 2.5346 	 	 0.5182 	 2.8425 	 0.2785
[2025/10/13 14:18:25] - 58 	 18.8 	 	 0.2000 	 4.0874 	 0.2801
[2025/10/13 14:18:25] - ==> Building model..
[2025/10/13 14:18:41] - Test Loss 	 Test Acc 	 PGD Loss 	 PGD Acc
[2025/10/13 14:18:41] - 2.5393 	 	 0.5193 	 2.8465 	 0.2778
[2025/10/13 14:19:27] - 59 	 18.9 	 	 0.2000 	 4.0889 	 0.2769
[2025/10/13 14:19:27] - ==> Building model..
[2025/10/13 14:19:43] - Test Loss 	 Test Acc 	 PGD Loss 	 PGD Acc
[2025/10/13 14:19:43] - 2.5417 	 	 0.5179 	 2.8472 	 0.2782
[2025/10/13 14:20:28] - 60 	 19.0 	 	 0.2000 	 4.0858 	 0.2803
[2025/10/13 14:20:28] - ==> Building model..
[2025/10/13 14:20:45] - Test Loss 	 Test Acc 	 PGD Loss 	 PGD Acc
[2025/10/13 14:20:45] - 2.5436 	 	 0.5189 	 2.8492 	 0.2792
[2025/10/13 14:21:30] - 61 	 19.8 	 	 0.2000 	 4.0887 	 0.2777
[2025/10/13 14:21:30] - ==> Building model..
[2025/10/13 14:21:47] - Test Loss 	 Test Acc 	 PGD Loss 	 PGD Acc
[2025/10/13 14:21:47] - 2.5471 	 	 0.5190 	 2.8520 	 0.2779
[2025/10/13 14:22:30] - 62 	 18.6 	 	 0.2000 	 4.0882 	 0.2783
[2025/10/13 14:22:30] - ==> Building model..
[2025/10/13 14:22:46] - Test Loss 	 Test Acc 	 PGD Loss 	 PGD Acc
[2025/10/13 14:22:46] - 2.5493 	 	 0.5183 	 2.8539 	 0.2783
[2025/10/13 14:23:32] - 63 	 19.2 	 	 0.2000 	 4.0900 	 0.2763
[2025/10/13 14:23:32] - ==> Building model..
[2025/10/13 14:23:48] - Test Loss 	 Test Acc 	 PGD Loss 	 PGD Acc
[2025/10/13 14:23:48] - 2.5525 	 	 0.5172 	 2.8557 	 0.2787
[2025/10/13 14:24:33] - 64 	 19.0 	 	 0.2000 	 4.0873 	 0.2786
[2025/10/13 14:24:33] - ==> Building model..
[2025/10/13 14:24:50] - Test Loss 	 Test Acc 	 PGD Loss 	 PGD Acc
[2025/10/13 14:24:50] - 2.5554 	 	 0.5177 	 2.8575 	 0.2780
[2025/10/13 14:25:35] - 65 	 19.3 	 	 0.2000 	 4.0865 	 0.2795
[2025/10/13 14:25:35] - ==> Building model..
[2025/10/13 14:25:52] - Test Loss 	 Test Acc 	 PGD Loss 	 PGD Acc
[2025/10/13 14:25:52] - 2.5580 	 	 0.5178 	 2.8595 	 0.2785
[2025/10/13 14:26:40] - 66 	 20.3 	 	 0.2000 	 4.0880 	 0.2774
[2025/10/13 14:26:40] - ==> Building model..
[2025/10/13 14:26:58] - Test Loss 	 Test Acc 	 PGD Loss 	 PGD Acc
[2025/10/13 14:26:58] - 2.5588 	 	 0.5186 	 2.8608 	 0.2796
[2025/10/13 14:27:47] - 67 	 20.7 	 	 0.2000 	 4.0895 	 0.2782
[2025/10/13 14:27:47] - ==> Building model..
[2025/10/13 14:28:04] - Test Loss 	 Test Acc 	 PGD Loss 	 PGD Acc
[2025/10/13 14:28:04] - 2.5614 	 	 0.5190 	 2.8615 	 0.2795
[2025/10/13 14:28:53] - 68 	 20.3 	 	 0.2000 	 4.0879 	 0.2802
[2025/10/13 14:28:53] - ==> Building model..
[2025/10/13 14:29:11] - Test Loss 	 Test Acc 	 PGD Loss 	 PGD Acc
[2025/10/13 14:29:11] - 2.5631 	 	 0.5181 	 2.8628 	 0.2799
[2025/10/13 14:29:59] - 69 	 20.5 	 	 0.2000 	 4.0904 	 0.2778
[2025/10/13 14:29:59] - ==> Building model..
[2025/10/13 14:30:15] - Test Loss 	 Test Acc 	 PGD Loss 	 PGD Acc
[2025/10/13 14:30:15] - 2.5673 	 	 0.5189 	 2.8656 	 0.2808
[2025/10/13 14:31:02] - 70 	 19.7 	 	 0.2000 	 4.0912 	 0.2775
[2025/10/13 14:31:02] - ==> Building model..
[2025/10/13 14:31:19] - Test Loss 	 Test Acc 	 PGD Loss 	 PGD Acc
[2025/10/13 14:31:19] - 2.5690 	 	 0.5186 	 2.8666 	 0.2807
[2025/10/13 14:32:03] - 71 	 19.2 	 	 0.2000 	 4.0892 	 0.2785
[2025/10/13 14:32:03] - ==> Building model..
[2025/10/13 14:32:19] - Test Loss 	 Test Acc 	 PGD Loss 	 PGD Acc
[2025/10/13 14:32:19] - 2.5704 	 	 0.5179 	 2.8672 	 0.2815
[2025/10/13 14:33:05] - 72 	 19.5 	 	 0.2000 	 4.0909 	 0.2752
[2025/10/13 14:33:05] - ==> Building model..
[2025/10/13 14:33:22] - Test Loss 	 Test Acc 	 PGD Loss 	 PGD Acc
[2025/10/13 14:33:22] - 2.5712 	 	 0.5188 	 2.8674 	 0.2797
[2025/10/13 14:34:10] - 73 	 20.0 	 	 0.2000 	 4.0889 	 0.2778
[2025/10/13 14:34:10] - ==> Building model..
[2025/10/13 14:34:27] - Test Loss 	 Test Acc 	 PGD Loss 	 PGD Acc
[2025/10/13 14:34:27] - 2.5726 	 	 0.5188 	 2.8685 	 0.2807
[2025/10/13 14:35:13] - 74 	 19.2 	 	 0.2000 	 4.0917 	 0.2786
[2025/10/13 14:35:13] - ==> Building model..
[2025/10/13 14:35:29] - Test Loss 	 Test Acc 	 PGD Loss 	 PGD Acc
[2025/10/13 14:35:29] - 2.5729 	 	 0.5206 	 2.8690 	 0.2820
[2025/10/13 14:36:13] - 75 	 18.8 	 	 0.2000 	 4.0915 	 0.2782
[2025/10/13 14:36:13] - ==> Building model..
[2025/10/13 14:36:29] - Test Loss 	 Test Acc 	 PGD Loss 	 PGD Acc
[2025/10/13 14:36:29] - 2.5764 	 	 0.5190 	 2.8710 	 0.2808
[2025/10/13 14:37:14] - 76 	 19.0 	 	 0.2000 	 4.0912 	 0.2795
[2025/10/13 14:37:14] - ==> Building model..
[2025/10/13 14:37:31] - Test Loss 	 Test Acc 	 PGD Loss 	 PGD Acc
[2025/10/13 14:37:31] - 2.5771 	 	 0.5190 	 2.8716 	 0.2810
[2025/10/13 14:38:15] - 77 	 19.3 	 	 0.2000 	 4.0901 	 0.2773
[2025/10/13 14:38:15] - ==> Building model..
[2025/10/13 14:38:32] - Test Loss 	 Test Acc 	 PGD Loss 	 PGD Acc
[2025/10/13 14:38:32] - 2.5792 	 	 0.5194 	 2.8729 	 0.2802
[2025/10/13 14:39:17] - 78 	 18.7 	 	 0.2000 	 4.0902 	 0.2785
[2025/10/13 14:39:17] - ==> Building model..
[2025/10/13 14:39:33] - Test Loss 	 Test Acc 	 PGD Loss 	 PGD Acc
[2025/10/13 14:39:33] - 2.5802 	 	 0.5183 	 2.8735 	 0.2814
[2025/10/13 14:40:19] - 79 	 18.7 	 	 0.2000 	 4.0890 	 0.2814
[2025/10/13 14:40:19] - ==> Building model..
[2025/10/13 14:40:36] - Test Loss 	 Test Acc 	 PGD Loss 	 PGD Acc
[2025/10/13 14:40:36] - 2.5802 	 	 0.5184 	 2.8731 	 0.2815
[2025/10/13 14:41:19] - 80 	 18.3 	 	 0.2000 	 4.0890 	 0.2795
[2025/10/13 14:41:19] - ==> Building model..
[2025/10/13 14:41:35] - Test Loss 	 Test Acc 	 PGD Loss 	 PGD Acc
[2025/10/13 14:41:35] - 2.5804 	 	 0.5188 	 2.8732 	 0.2820
[2025/10/13 14:42:21] - 81 	 18.8 	 	 0.2000 	 4.0907 	 0.2771
[2025/10/13 14:42:21] - ==> Building model..
[2025/10/13 14:42:38] - Test Loss 	 Test Acc 	 PGD Loss 	 PGD Acc
[2025/10/13 14:42:38] - 2.5808 	 	 0.5175 	 2.8738 	 0.2827
[2025/10/13 14:43:22] - 82 	 18.7 	 	 0.2000 	 4.0906 	 0.2782
[2025/10/13 14:43:22] - ==> Building model..
[2025/10/13 14:43:39] - Test Loss 	 Test Acc 	 PGD Loss 	 PGD Acc
[2025/10/13 14:43:39] - 2.5804 	 	 0.5188 	 2.8737 	 0.2823
[2025/10/13 14:44:23] - 83 	 19.0 	 	 0.2000 	 4.0869 	 0.2817
[2025/10/13 14:44:23] - ==> Building model..
[2025/10/13 14:44:39] - Test Loss 	 Test Acc 	 PGD Loss 	 PGD Acc
[2025/10/13 14:44:39] - 2.5812 	 	 0.5174 	 2.8737 	 0.2822
[2025/10/13 14:45:23] - 84 	 18.9 	 	 0.2000 	 4.0905 	 0.2777
[2025/10/13 14:45:23] - ==> Building model..
[2025/10/13 14:45:40] - Test Loss 	 Test Acc 	 PGD Loss 	 PGD Acc
[2025/10/13 14:45:40] - 2.5819 	 	 0.5174 	 2.8744 	 0.2825
[2025/10/13 14:46:25] - 85 	 19.3 	 	 0.2000 	 4.0908 	 0.2795
[2025/10/13 14:46:25] - ==> Building model..
[2025/10/13 14:46:41] - Test Loss 	 Test Acc 	 PGD Loss 	 PGD Acc
[2025/10/13 14:46:41] - 2.5833 	 	 0.5172 	 2.8748 	 0.2824
[2025/10/13 14:47:27] - 86 	 19.2 	 	 0.2000 	 4.0884 	 0.2812
[2025/10/13 14:47:27] - ==> Building model..
[2025/10/13 14:47:43] - Test Loss 	 Test Acc 	 PGD Loss 	 PGD Acc
[2025/10/13 14:47:43] - 2.5827 	 	 0.5177 	 2.8753 	 0.2832
[2025/10/13 14:48:30] - 87 	 19.4 	 	 0.2000 	 4.0889 	 0.2798
[2025/10/13 14:48:30] - ==> Building model..
[2025/10/13 14:48:47] - Test Loss 	 Test Acc 	 PGD Loss 	 PGD Acc
[2025/10/13 14:48:47] - 2.5827 	 	 0.5188 	 2.8749 	 0.2832
[2025/10/13 14:49:32] - 88 	 19.2 	 	 0.2000 	 4.0912 	 0.2783
[2025/10/13 14:49:32] - ==> Building model..
[2025/10/13 14:49:49] - Test Loss 	 Test Acc 	 PGD Loss 	 PGD Acc
[2025/10/13 14:49:49] - 2.5841 	 	 0.5183 	 2.8762 	 0.2834
[2025/10/13 14:50:34] - 89 	 19.3 	 	 0.2000 	 4.0895 	 0.2807
[2025/10/13 14:50:34] - ==> Building model..
[2025/10/13 14:50:51] - Test Loss 	 Test Acc 	 PGD Loss 	 PGD Acc
[2025/10/13 14:50:51] - 2.5841 	 	 0.5199 	 2.8761 	 0.2834
[2025/10/13 14:51:34] - 90 	 18.5 	 	 0.0200 	 3.9933 	 0.3423
[2025/10/13 14:51:34] - ==> Building model..
[2025/10/13 14:51:51] - Test Loss 	 Test Acc 	 PGD Loss 	 PGD Acc
[2025/10/13 14:51:51] - 2.5818 	 	 0.5202 	 2.8740 	 0.2835
[2025/10/13 14:52:36] - 91 	 18.1 	 	 0.0200 	 3.8992 	 0.4044
[2025/10/13 14:52:36] - ==> Building model..
[2025/10/13 14:52:53] - Test Loss 	 Test Acc 	 PGD Loss 	 PGD Acc
[2025/10/13 14:52:53] - 2.5808 	 	 0.5203 	 2.8736 	 0.2829
[2025/10/13 14:53:38] - 92 	 18.9 	 	 0.0200 	 3.8734 	 0.4217
[2025/10/13 14:53:38] - ==> Building model..
[2025/10/13 14:53:56] - Test Loss 	 Test Acc 	 PGD Loss 	 PGD Acc
[2025/10/13 14:53:56] - 2.5806 	 	 0.5204 	 2.8736 	 0.2836
[2025/10/13 14:54:40] - 93 	 17.7 	 	 0.0200 	 3.8562 	 0.4322
[2025/10/13 14:54:40] - ==> Building model..
[2025/10/13 14:54:56] - Test Loss 	 Test Acc 	 PGD Loss 	 PGD Acc
[2025/10/13 14:54:56] - 2.5815 	 	 0.5204 	 2.8749 	 0.2837
[2025/10/13 14:55:41] - 94 	 18.5 	 	 0.0200 	 3.8404 	 0.4424
[2025/10/13 14:55:41] - ==> Building model..
[2025/10/13 14:55:58] - Test Loss 	 Test Acc 	 PGD Loss 	 PGD Acc
[2025/10/13 14:55:58] - 2.5826 	 	 0.5204 	 2.8756 	 0.2842
[2025/10/13 14:56:42] - 95 	 17.8 	 	 0.0200 	 3.8284 	 0.4546
[2025/10/13 14:56:42] - ==> Building model..
[2025/10/13 14:56:59] - Test Loss 	 Test Acc 	 PGD Loss 	 PGD Acc
[2025/10/13 14:56:59] - 2.5859 	 	 0.5196 	 2.8783 	 0.2842
[2025/10/13 14:57:44] - 96 	 18.0 	 	 0.0200 	 3.8175 	 0.4620
[2025/10/13 14:57:44] - ==> Building model..
[2025/10/13 14:58:00] - Test Loss 	 Test Acc 	 PGD Loss 	 PGD Acc
[2025/10/13 14:58:00] - 2.5873 	 	 0.5194 	 2.8792 	 0.2839
[2025/10/13 14:58:47] - 97 	 18.9 	 	 0.0200 	 3.8087 	 0.4681
[2025/10/13 14:58:47] - ==> Building model..
[2025/10/13 14:59:05] - Test Loss 	 Test Acc 	 PGD Loss 	 PGD Acc
[2025/10/13 14:59:05] - 2.5890 	 	 0.5192 	 2.8804 	 0.2842
[2025/10/13 14:59:52] - 98 	 18.5 	 	 0.0200 	 3.8011 	 0.4746
[2025/10/13 14:59:52] - ==> Building model..
[2025/10/13 15:00:09] - Test Loss 	 Test Acc 	 PGD Loss 	 PGD Acc
[2025/10/13 15:00:09] - 2.5901 	 	 0.5190 	 2.8813 	 0.2845
[2025/10/13 15:00:53] - 99 	 17.8 	 	 0.0200 	 3.7934 	 0.4773
[2025/10/13 15:00:53] - ==> Building model..
[2025/10/13 15:01:10] - Test Loss 	 Test Acc 	 PGD Loss 	 PGD Acc
[2025/10/13 15:01:10] - 2.5901 	 	 0.5190 	 2.8815 	 0.2840
[2025/10/13 15:01:10] - [0.0909, 0.1516, 0.1895, 0.2389, 0.2727, 0.3114, 0.3545, 0.3875, 0.4037, 0.4156, 0.4315, 0.4419, 0.4493, 0.4552, 0.4611, 0.4687, 0.4715, 0.4766, 0.4824, 0.4831, 0.4859, 0.4882, 0.4905, 0.491, 0.4932, 0.4933, 0.4949, 0.4985, 0.5007, 0.5009, 0.5032, 0.5048, 0.5041, 0.5064, 0.5074, 0.5095, 0.509, 0.5086, 0.5093, 0.5079, 0.5072, 0.5084, 0.5084, 0.5106, 0.5119, 0.512, 0.5131, 0.5131, 0.513, 0.5141, 0.5157, 0.5153, 0.5162, 0.517, 0.5171, 0.5183, 0.5194, 0.5182, 0.5193, 0.5179, 0.5189, 0.519, 0.5183, 0.5172, 0.5177, 0.5178, 0.5186, 0.519, 0.5181, 0.5189, 0.5186, 0.5179, 0.5188, 0.5188, 0.5206, 0.519, 0.519, 0.5194, 0.5183, 0.5184, 0.5188, 0.5175, 0.5188, 0.5174, 0.5174, 0.5172, 0.5177, 0.5188, 0.5183, 0.5199, 0.5202, 0.5203, 0.5204, 0.5204, 0.5204, 0.5196, 0.5194, 0.5192, 0.519, 0.519]
[2025/10/13 15:01:10] - [0.0588, 0.0959, 0.119, 0.1426, 0.1636, 0.178, 0.1948, 0.2089, 0.2182, 0.2251, 0.2317, 0.2385, 0.2412, 0.2447, 0.248, 0.2497, 0.2503, 0.2549, 0.2569, 0.2589, 0.2607, 0.2623, 0.2626, 0.2636, 0.2664, 0.2654, 0.2673, 0.2687, 0.27, 0.2702, 0.2717, 0.2716, 0.2722, 0.2728, 0.2732, 0.2722, 0.2736, 0.2736, 0.2747, 0.2759, 0.2756, 0.2756, 0.2753, 0.2753, 0.2755, 0.2761, 0.2757, 0.277, 0.2783, 0.2784, 0.2779, 0.279, 0.2773, 0.2773, 0.2777, 0.278, 0.2773, 0.2785, 0.2778, 0.2782, 0.2792, 0.2779, 0.2783, 0.2787, 0.278, 0.2785, 0.2796, 0.2795, 0.2799, 0.2808, 0.2807, 0.2815, 0.2797, 0.2807, 0.282, 0.2808, 0.281, 0.2802, 0.2814, 0.2815, 0.282, 0.2827, 0.2823, 0.2822, 0.2825, 0.2824, 0.2832, 0.2832, 0.2834, 0.2834, 0.2835, 0.2829, 0.2836, 0.2837, 0.2842, 0.2842, 0.2839, 0.2842, 0.2845, 0.284]
