[2025/10/01 05:47:01] - Namespace(batch_size=128, data_dir='cifar-data', epochs=120, lr_schedule='multistep', lr_min=0.0, lr_max=0.1, weight_decay=0.0005, momentum=0.9, model='ResNet18', epsilon=8, alpha=8, delta_init='random', normal_mean=0, normal_std=1, out_dir='./output/CIFAR10/beta_0.6/lam_scale_0.1', seed=0, lamda=12, lam_scale=0.1, lam_max=45, lam_start=40, gamma=0.15, inner_gamma=0.15, beta=0.6, mu=3.5, batch_m=0.75, early_stop=False, factor=0.7, length=4, n_holes=1, c_num=0.125, EMA_value=0.82)
[2025/10/01 05:47:02] - ==> Building model..
[2025/10/01 05:47:03] - Epoch 	 Seconds 	 LR 	 	 Train Loss 	 Train Acc
[2025/10/01 05:49:00] - 0 	 100.6 	 	 0.1000 	 2.2320 	 0.2281
[2025/10/01 05:49:00] - ==> Building model..
[2025/10/01 05:50:04] - Test Loss 	 Test Acc 	 PGD Loss 	 PGD Acc
[2025/10/01 05:50:04] - 1.8329 	 	 0.3959 	 1.8887 	 0.2776
[2025/10/01 05:51:53] - 1 	 93.0 	 	 0.1000 	 2.1361 	 0.3003
[2025/10/01 05:51:53] - ==> Building model..
[2025/10/01 05:52:52] - Test Loss 	 Test Acc 	 PGD Loss 	 PGD Acc
[2025/10/01 05:52:52] - 1.7224 	 	 0.4597 	 1.7966 	 0.3177
[2025/10/01 05:54:43] - 2 	 94.5 	 	 0.1000 	 2.0979 	 0.3410
[2025/10/01 05:54:43] - ==> Building model..
[2025/10/01 05:55:45] - Test Loss 	 Test Acc 	 PGD Loss 	 PGD Acc
[2025/10/01 05:55:45] - 1.6496 	 	 0.5056 	 1.7372 	 0.3395
[2025/10/01 05:57:34] - 3 	 92.4 	 	 0.1000 	 2.0701 	 0.3687
[2025/10/01 05:57:34] - ==> Building model..
[2025/10/01 05:58:38] - Test Loss 	 Test Acc 	 PGD Loss 	 PGD Acc
[2025/10/01 05:58:38] - 1.5922 	 	 0.5495 	 1.6924 	 0.3679
[2025/10/01 06:00:29] - 4 	 93.2 	 	 0.1000 	 2.0454 	 0.3928
[2025/10/01 06:00:29] - ==> Building model..
[2025/10/01 06:01:32] - Test Loss 	 Test Acc 	 PGD Loss 	 PGD Acc
[2025/10/01 06:01:32] - 1.5527 	 	 0.5809 	 1.6622 	 0.3905
[2025/10/01 06:03:25] - 5 	 94.9 	 	 0.1000 	 2.0215 	 0.4173
[2025/10/01 06:03:25] - ==> Building model..
[2025/10/01 06:04:27] - Test Loss 	 Test Acc 	 PGD Loss 	 PGD Acc
[2025/10/01 06:04:27] - 1.5271 	 	 0.6047 	 1.6441 	 0.4112
[2025/10/01 06:06:16] - 6 	 92.6 	 	 0.1000 	 2.0001 	 0.4385
[2025/10/01 06:06:16] - ==> Building model..
[2025/10/01 06:07:20] - Test Loss 	 Test Acc 	 PGD Loss 	 PGD Acc
[2025/10/01 06:07:20] - 1.5062 	 	 0.6234 	 1.6281 	 0.4265
[2025/10/01 06:09:11] - 7 	 93.1 	 	 0.1000 	 1.9847 	 0.4545
[2025/10/01 06:09:11] - ==> Building model..
[2025/10/01 06:10:16] - Test Loss 	 Test Acc 	 PGD Loss 	 PGD Acc
[2025/10/01 06:10:16] - 1.4957 	 	 0.6361 	 1.6201 	 0.4397
[2025/10/01 06:12:05] - 8 	 90.8 	 	 0.1000 	 1.9708 	 0.4680
[2025/10/01 06:12:05] - ==> Building model..
[2025/10/01 06:13:07] - Test Loss 	 Test Acc 	 PGD Loss 	 PGD Acc
[2025/10/01 06:13:07] - 1.4940 	 	 0.6481 	 1.6197 	 0.4504
[2025/10/01 06:14:57] - 9 	 92.5 	 	 0.1000 	 1.9572 	 0.4831
[2025/10/01 06:14:57] - ==> Building model..
[2025/10/01 06:16:01] - Test Loss 	 Test Acc 	 PGD Loss 	 PGD Acc
[2025/10/01 06:16:01] - 1.4997 	 	 0.6552 	 1.6258 	 0.4581
[2025/10/01 06:17:51] - 10 	 92.6 	 	 0.1000 	 1.9466 	 0.4904
[2025/10/01 06:17:51] - ==> Building model..
[2025/10/01 06:18:56] - Test Loss 	 Test Acc 	 PGD Loss 	 PGD Acc
[2025/10/01 06:18:56] - 1.5032 	 	 0.6577 	 1.6286 	 0.4659
[2025/10/01 06:20:45] - 11 	 91.4 	 	 0.1000 	 1.9390 	 0.5021
[2025/10/01 06:20:45] - ==> Building model..
[2025/10/01 06:21:48] - Test Loss 	 Test Acc 	 PGD Loss 	 PGD Acc
[2025/10/01 06:21:48] - 1.4869 	 	 0.6705 	 1.6151 	 0.4768
[2025/10/01 06:23:39] - 12 	 92.7 	 	 0.1000 	 1.9343 	 0.5061
[2025/10/01 06:23:39] - ==> Building model..
[2025/10/01 06:24:43] - Test Loss 	 Test Acc 	 PGD Loss 	 PGD Acc
[2025/10/01 06:24:43] - 1.4479 	 	 0.6853 	 1.5829 	 0.4864
[2025/10/01 06:26:33] - 13 	 92.5 	 	 0.1000 	 1.9280 	 0.5120
[2025/10/01 06:26:33] - ==> Building model..
[2025/10/01 06:27:38] - Test Loss 	 Test Acc 	 PGD Loss 	 PGD Acc
[2025/10/01 06:27:38] - 1.4042 	 	 0.6949 	 1.5481 	 0.4909
[2025/10/01 06:29:27] - 14 	 91.5 	 	 0.1000 	 1.9203 	 0.5201
[2025/10/01 06:29:27] - ==> Building model..
[2025/10/01 06:30:30] - Test Loss 	 Test Acc 	 PGD Loss 	 PGD Acc
[2025/10/01 06:30:30] - 1.3624 	 	 0.7044 	 1.5144 	 0.4972
[2025/10/01 06:32:19] - 15 	 92.6 	 	 0.1000 	 1.9181 	 0.5214
[2025/10/01 06:32:19] - ==> Building model..
[2025/10/01 06:33:24] - Test Loss 	 Test Acc 	 PGD Loss 	 PGD Acc
[2025/10/01 06:33:24] - 1.3278 	 	 0.7157 	 1.4877 	 0.5013
[2025/10/01 06:35:13] - 16 	 92.1 	 	 0.1000 	 1.9117 	 0.5270
[2025/10/01 06:35:13] - ==> Building model..
[2025/10/01 06:36:19] - Test Loss 	 Test Acc 	 PGD Loss 	 PGD Acc
[2025/10/01 06:36:19] - 1.3011 	 	 0.7245 	 1.4663 	 0.5083
[2025/10/01 06:38:07] - 17 	 90.5 	 	 0.1000 	 1.9079 	 0.5336
[2025/10/01 06:38:07] - ==> Building model..
[2025/10/01 06:39:11] - Test Loss 	 Test Acc 	 PGD Loss 	 PGD Acc
[2025/10/01 06:39:11] - 1.2831 	 	 0.7285 	 1.4520 	 0.5120
[2025/10/01 06:41:00] - 18 	 92.2 	 	 0.1000 	 1.9071 	 0.5353
[2025/10/01 06:41:00] - ==> Building model..
[2025/10/01 06:42:05] - Test Loss 	 Test Acc 	 PGD Loss 	 PGD Acc
[2025/10/01 06:42:05] - 1.2707 	 	 0.7311 	 1.4423 	 0.5120
[2025/10/01 06:43:55] - 19 	 92.3 	 	 0.1000 	 1.9000 	 0.5396
[2025/10/01 06:43:55] - ==> Building model..
[2025/10/01 06:45:01] - Test Loss 	 Test Acc 	 PGD Loss 	 PGD Acc
[2025/10/01 06:45:01] - 1.2607 	 	 0.7323 	 1.4344 	 0.5155
[2025/10/01 06:46:50] - 20 	 90.9 	 	 0.1000 	 1.8981 	 0.5414
[2025/10/01 06:46:50] - ==> Building model..
[2025/10/01 06:47:55] - Test Loss 	 Test Acc 	 PGD Loss 	 PGD Acc
[2025/10/01 06:47:55] - 1.2516 	 	 0.7362 	 1.4269 	 0.5180
[2025/10/01 06:49:43] - 21 	 91.3 	 	 0.1000 	 1.8955 	 0.5451
[2025/10/01 06:49:43] - ==> Building model..
[2025/10/01 06:50:48] - Test Loss 	 Test Acc 	 PGD Loss 	 PGD Acc
[2025/10/01 06:50:48] - 1.2439 	 	 0.7395 	 1.4208 	 0.5207
[2025/10/01 06:52:37] - 22 	 91.9 	 	 0.1000 	 1.8948 	 0.5466
[2025/10/01 06:52:37] - ==> Building model..
[2025/10/01 06:53:42] - Test Loss 	 Test Acc 	 PGD Loss 	 PGD Acc
[2025/10/01 06:53:42] - 1.2397 	 	 0.7410 	 1.4181 	 0.5242
[2025/10/01 06:55:31] - 23 	 91.2 	 	 0.1000 	 1.8914 	 0.5486
[2025/10/01 06:55:31] - ==> Building model..
[2025/10/01 06:56:36] - Test Loss 	 Test Acc 	 PGD Loss 	 PGD Acc
[2025/10/01 06:56:36] - 1.2347 	 	 0.7424 	 1.4138 	 0.5254
[2025/10/01 06:58:25] - 24 	 90.8 	 	 0.1000 	 1.8883 	 0.5513
[2025/10/01 06:58:25] - ==> Building model..
[2025/10/01 06:59:29] - Test Loss 	 Test Acc 	 PGD Loss 	 PGD Acc
[2025/10/01 06:59:29] - 1.2288 	 	 0.7452 	 1.4088 	 0.5256
[2025/10/01 07:01:17] - 25 	 91.5 	 	 0.1000 	 1.8866 	 0.5561
[2025/10/01 07:01:17] - ==> Building model..
[2025/10/01 07:02:23] - Test Loss 	 Test Acc 	 PGD Loss 	 PGD Acc
[2025/10/01 07:02:23] - 1.2248 	 	 0.7473 	 1.4052 	 0.5280
[2025/10/01 07:04:11] - 26 	 90.9 	 	 0.1000 	 1.8832 	 0.5559
[2025/10/01 07:04:11] - ==> Building model..
[2025/10/01 07:05:17] - Test Loss 	 Test Acc 	 PGD Loss 	 PGD Acc
[2025/10/01 07:05:17] - 1.2204 	 	 0.7507 	 1.4014 	 0.5310
[2025/10/01 07:07:05] - 27 	 90.8 	 	 0.1000 	 1.8828 	 0.5551
[2025/10/01 07:07:05] - ==> Building model..
[2025/10/01 07:08:09] - Test Loss 	 Test Acc 	 PGD Loss 	 PGD Acc
[2025/10/01 07:08:09] - 1.2171 	 	 0.7516 	 1.3990 	 0.5338
[2025/10/01 07:09:59] - 28 	 92.7 	 	 0.1000 	 1.8821 	 0.5567
[2025/10/01 07:09:59] - ==> Building model..
[2025/10/01 07:11:04] - Test Loss 	 Test Acc 	 PGD Loss 	 PGD Acc
[2025/10/01 07:11:04] - 1.2154 	 	 0.7545 	 1.3980 	 0.5350
[2025/10/01 07:12:53] - 29 	 91.1 	 	 0.1000 	 1.8793 	 0.5593
[2025/10/01 07:12:53] - ==> Building model..
[2025/10/01 07:13:59] - Test Loss 	 Test Acc 	 PGD Loss 	 PGD Acc
[2025/10/01 07:13:59] - 1.2117 	 	 0.7554 	 1.3953 	 0.5356
[2025/10/01 07:15:48] - 30 	 91.4 	 	 0.1000 	 1.8802 	 0.5621
[2025/10/01 07:15:48] - ==> Building model..
[2025/10/01 07:16:52] - Test Loss 	 Test Acc 	 PGD Loss 	 PGD Acc
[2025/10/01 07:16:52] - 1.2103 	 	 0.7560 	 1.3940 	 0.5353
[2025/10/01 07:18:42] - 31 	 92.7 	 	 0.1000 	 1.8782 	 0.5624
[2025/10/01 07:18:42] - ==> Building model..
[2025/10/01 07:19:46] - Test Loss 	 Test Acc 	 PGD Loss 	 PGD Acc
[2025/10/01 07:19:46] - 1.2071 	 	 0.7575 	 1.3918 	 0.5385
[2025/10/01 07:21:34] - 32 	 90.5 	 	 0.1000 	 1.8769 	 0.5631
[2025/10/01 07:21:34] - ==> Building model..
[2025/10/01 07:22:39] - Test Loss 	 Test Acc 	 PGD Loss 	 PGD Acc
[2025/10/01 07:22:39] - 1.2031 	 	 0.7591 	 1.3885 	 0.5396
[2025/10/01 07:24:28] - 33 	 91.2 	 	 0.1000 	 1.8757 	 0.5647
[2025/10/01 07:24:28] - ==> Building model..
[2025/10/01 07:25:32] - Test Loss 	 Test Acc 	 PGD Loss 	 PGD Acc
[2025/10/01 07:25:32] - 1.2007 	 	 0.7595 	 1.3868 	 0.5423
[2025/10/01 07:27:21] - 34 	 92.4 	 	 0.1000 	 1.8731 	 0.5664
[2025/10/01 07:27:21] - ==> Building model..
[2025/10/01 07:28:25] - Test Loss 	 Test Acc 	 PGD Loss 	 PGD Acc
[2025/10/01 07:28:25] - 1.1945 	 	 0.7616 	 1.3824 	 0.5427
[2025/10/01 07:30:13] - 35 	 90.2 	 	 0.1000 	 1.8725 	 0.5666
[2025/10/01 07:30:13] - ==> Building model..
[2025/10/01 07:31:18] - Test Loss 	 Test Acc 	 PGD Loss 	 PGD Acc
[2025/10/01 07:31:18] - 1.1921 	 	 0.7636 	 1.3806 	 0.5429
[2025/10/01 07:33:07] - 36 	 91.3 	 	 0.1000 	 1.8730 	 0.5652
[2025/10/01 07:33:07] - ==> Building model..
[2025/10/01 07:34:11] - Test Loss 	 Test Acc 	 PGD Loss 	 PGD Acc
[2025/10/01 07:34:11] - 1.1907 	 	 0.7661 	 1.3798 	 0.5442
[2025/10/01 07:36:01] - 37 	 92.5 	 	 0.1000 	 1.8709 	 0.5697
[2025/10/01 07:36:01] - ==> Building model..
[2025/10/01 07:37:05] - Test Loss 	 Test Acc 	 PGD Loss 	 PGD Acc
[2025/10/01 07:37:05] - 1.1889 	 	 0.7672 	 1.3785 	 0.5470
[2025/10/01 07:38:53] - 38 	 90.8 	 	 0.1000 	 1.8703 	 0.5672
[2025/10/01 07:38:53] - ==> Building model..
[2025/10/01 07:39:58] - Test Loss 	 Test Acc 	 PGD Loss 	 PGD Acc
[2025/10/01 07:39:58] - 1.1876 	 	 0.7667 	 1.3770 	 0.5489
[2025/10/01 07:41:47] - 39 	 91.3 	 	 0.1000 	 1.8680 	 0.5720
[2025/10/01 07:41:47] - ==> Building model..
[2025/10/01 07:42:51] - Test Loss 	 Test Acc 	 PGD Loss 	 PGD Acc
[2025/10/01 07:42:51] - 1.1849 	 	 0.7677 	 1.3748 	 0.5473
[2025/10/01 07:44:41] - 40 	 92.8 	 	 0.1000 	 1.8697 	 0.5672
[2025/10/01 07:44:41] - ==> Building model..
[2025/10/01 07:45:45] - Test Loss 	 Test Acc 	 PGD Loss 	 PGD Acc
[2025/10/01 07:45:45] - 1.1836 	 	 0.7679 	 1.3739 	 0.5479
[2025/10/01 07:47:36] - 41 	 94.3 	 	 0.1000 	 1.8684 	 0.5699
[2025/10/01 07:47:36] - ==> Building model..
[2025/10/01 07:48:36] - Test Loss 	 Test Acc 	 PGD Loss 	 PGD Acc
[2025/10/01 07:48:36] - 1.1841 	 	 0.7679 	 1.3750 	 0.5487
[2025/10/01 07:50:25] - 42 	 91.6 	 	 0.1000 	 1.8676 	 0.5724
[2025/10/01 07:50:25] - ==> Building model..
[2025/10/01 07:51:29] - Test Loss 	 Test Acc 	 PGD Loss 	 PGD Acc
[2025/10/01 07:51:29] - 1.1834 	 	 0.7695 	 1.3747 	 0.5479
[2025/10/01 07:53:19] - 43 	 92.6 	 	 0.1000 	 1.8696 	 0.5721
[2025/10/01 07:53:19] - ==> Building model..
[2025/10/01 07:54:23] - Test Loss 	 Test Acc 	 PGD Loss 	 PGD Acc
[2025/10/01 07:54:23] - 1.1831 	 	 0.7704 	 1.3741 	 0.5469
[2025/10/01 07:56:14] - 44 	 94.8 	 	 0.1000 	 1.8705 	 0.5706
[2025/10/01 07:56:14] - ==> Building model..
[2025/10/01 07:57:16] - Test Loss 	 Test Acc 	 PGD Loss 	 PGD Acc
[2025/10/01 07:57:16] - 1.1831 	 	 0.7708 	 1.3741 	 0.5511
[2025/10/01 07:59:04] - 45 	 91.6 	 	 0.1000 	 1.8701 	 0.5725
[2025/10/01 07:59:04] - ==> Building model..
[2025/10/01 08:00:09] - Test Loss 	 Test Acc 	 PGD Loss 	 PGD Acc
[2025/10/01 08:00:09] - 1.1842 	 	 0.7717 	 1.3749 	 0.5511
[2025/10/01 08:01:58] - 46 	 92.4 	 	 0.1000 	 1.8695 	 0.5733
[2025/10/01 08:01:58] - ==> Building model..
[2025/10/01 08:03:03] - Test Loss 	 Test Acc 	 PGD Loss 	 PGD Acc
[2025/10/01 08:03:03] - 1.1846 	 	 0.7720 	 1.3753 	 0.5536
[2025/10/01 08:04:54] - 47 	 93.7 	 	 0.1000 	 1.8711 	 0.5748
[2025/10/01 08:04:54] - ==> Building model..
[2025/10/01 08:05:55] - Test Loss 	 Test Acc 	 PGD Loss 	 PGD Acc
[2025/10/01 08:05:55] - 1.1866 	 	 0.7718 	 1.3767 	 0.5542
[2025/10/01 08:07:43] - 48 	 89.9 	 	 0.1000 	 1.8724 	 0.5731
[2025/10/01 08:07:43] - ==> Building model..
[2025/10/01 08:08:26] - Test Loss 	 Test Acc 	 PGD Loss 	 PGD Acc
[2025/10/01 08:08:26] - 1.1885 	 	 0.7720 	 1.3785 	 0.5560
[2025/10/01 08:09:45] - 49 	 60.8 	 	 0.1000 	 1.8714 	 0.5780
[2025/10/01 08:09:45] - ==> Building model..
[2025/10/01 08:10:26] - Test Loss 	 Test Acc 	 PGD Loss 	 PGD Acc
[2025/10/01 08:10:26] - 1.1924 	 	 0.7717 	 1.3822 	 0.5541
[2025/10/01 08:11:44] - 50 	 59.2 	 	 0.1000 	 1.8737 	 0.5727
[2025/10/01 08:11:44] - ==> Building model..
[2025/10/01 08:12:27] - Test Loss 	 Test Acc 	 PGD Loss 	 PGD Acc
[2025/10/01 08:12:27] - 1.1936 	 	 0.7720 	 1.3832 	 0.5549
[2025/10/01 08:13:44] - 51 	 60.5 	 	 0.1000 	 1.8752 	 0.5746
[2025/10/01 08:13:44] - ==> Building model..
[2025/10/01 08:14:28] - Test Loss 	 Test Acc 	 PGD Loss 	 PGD Acc
[2025/10/01 08:14:28] - 1.1947 	 	 0.7712 	 1.3830 	 0.5553
[2025/10/01 08:15:45] - 52 	 59.6 	 	 0.1000 	 1.8739 	 0.5769
[2025/10/01 08:15:45] - ==> Building model..
[2025/10/01 08:16:29] - Test Loss 	 Test Acc 	 PGD Loss 	 PGD Acc
[2025/10/01 08:16:29] - 1.1968 	 	 0.7707 	 1.3841 	 0.5566
[2025/10/01 08:17:44] - 53 	 57.7 	 	 0.1000 	 1.8752 	 0.5770
[2025/10/01 08:17:44] - ==> Building model..
[2025/10/01 08:18:28] - Test Loss 	 Test Acc 	 PGD Loss 	 PGD Acc
[2025/10/01 08:18:28] - 1.1977 	 	 0.7689 	 1.3845 	 0.5562
[2025/10/01 08:19:45] - 54 	 60.4 	 	 0.1000 	 1.8794 	 0.5757
[2025/10/01 08:19:45] - ==> Building model..
[2025/10/01 08:20:28] - Test Loss 	 Test Acc 	 PGD Loss 	 PGD Acc
[2025/10/01 08:20:28] - 1.2020 	 	 0.7687 	 1.3877 	 0.5570
[2025/10/01 08:21:46] - 55 	 60.3 	 	 0.1000 	 1.8780 	 0.5755
[2025/10/01 08:21:46] - ==> Building model..
[2025/10/01 08:22:25] - Test Loss 	 Test Acc 	 PGD Loss 	 PGD Acc
[2025/10/01 08:22:25] - 1.2047 	 	 0.7693 	 1.3899 	 0.5581
[2025/10/01 08:23:43] - 56 	 60.6 	 	 0.1000 	 1.8780 	 0.5768
[2025/10/01 08:23:43] - ==> Building model..
[2025/10/01 08:24:26] - Test Loss 	 Test Acc 	 PGD Loss 	 PGD Acc
[2025/10/01 08:24:26] - 1.2066 	 	 0.7693 	 1.3909 	 0.5576
[2025/10/01 08:25:44] - 57 	 60.6 	 	 0.1000 	 1.8799 	 0.5758
[2025/10/01 08:25:44] - ==> Building model..
[2025/10/01 08:26:25] - Test Loss 	 Test Acc 	 PGD Loss 	 PGD Acc
[2025/10/01 08:26:25] - 1.2092 	 	 0.7676 	 1.3929 	 0.5587
[2025/10/01 08:27:41] - 58 	 58.4 	 	 0.1000 	 1.8796 	 0.5767
[2025/10/01 08:27:41] - ==> Building model..
[2025/10/01 08:28:24] - Test Loss 	 Test Acc 	 PGD Loss 	 PGD Acc
[2025/10/01 08:28:24] - 1.2106 	 	 0.7681 	 1.3937 	 0.5587
[2025/10/01 08:29:42] - 59 	 60.7 	 	 0.1000 	 1.8829 	 0.5718
[2025/10/01 08:29:42] - ==> Building model..
[2025/10/01 08:30:25] - Test Loss 	 Test Acc 	 PGD Loss 	 PGD Acc
[2025/10/01 08:30:25] - 1.2139 	 	 0.7683 	 1.3959 	 0.5589
[2025/10/01 08:31:41] - 60 	 59.2 	 	 0.1000 	 1.8805 	 0.5758
[2025/10/01 08:31:41] - ==> Building model..
[2025/10/01 08:32:26] - Test Loss 	 Test Acc 	 PGD Loss 	 PGD Acc
[2025/10/01 08:32:26] - 1.2145 	 	 0.7697 	 1.3964 	 0.5593
[2025/10/01 08:33:41] - 61 	 57.7 	 	 0.1000 	 1.8819 	 0.5748
[2025/10/01 08:33:41] - ==> Building model..
[2025/10/01 08:34:24] - Test Loss 	 Test Acc 	 PGD Loss 	 PGD Acc
[2025/10/01 08:34:24] - 1.2172 	 	 0.7689 	 1.3980 	 0.5579
[2025/10/01 08:35:42] - 62 	 60.6 	 	 0.1000 	 1.8806 	 0.5751
[2025/10/01 08:35:42] - ==> Building model..
[2025/10/01 08:36:25] - Test Loss 	 Test Acc 	 PGD Loss 	 PGD Acc
[2025/10/01 08:36:25] - 1.2179 	 	 0.7694 	 1.3987 	 0.5580
[2025/10/01 08:37:42] - 63 	 60.2 	 	 0.1000 	 1.8805 	 0.5766
[2025/10/01 08:37:42] - ==> Building model..
[2025/10/01 08:38:24] - Test Loss 	 Test Acc 	 PGD Loss 	 PGD Acc
[2025/10/01 08:38:24] - 1.2175 	 	 0.7702 	 1.3981 	 0.5595
[2025/10/01 08:39:42] - 64 	 60.6 	 	 0.1000 	 1.8812 	 0.5755
[2025/10/01 08:39:42] - ==> Building model..
[2025/10/01 08:40:25] - Test Loss 	 Test Acc 	 PGD Loss 	 PGD Acc
[2025/10/01 08:40:25] - 1.2177 	 	 0.7709 	 1.3986 	 0.5601
[2025/10/01 08:41:43] - 65 	 60.6 	 	 0.1000 	 1.8806 	 0.5757
[2025/10/01 08:41:43] - ==> Building model..
[2025/10/01 08:42:24] - Test Loss 	 Test Acc 	 PGD Loss 	 PGD Acc
[2025/10/01 08:42:24] - 1.2187 	 	 0.7707 	 1.3993 	 0.5593
[2025/10/01 08:43:40] - 66 	 58.8 	 	 0.1000 	 1.8796 	 0.5782
[2025/10/01 08:43:40] - ==> Building model..
[2025/10/01 08:44:24] - Test Loss 	 Test Acc 	 PGD Loss 	 PGD Acc
[2025/10/01 08:44:24] - 1.2177 	 	 0.7700 	 1.3982 	 0.5602
[2025/10/01 08:45:41] - 67 	 60.7 	 	 0.1000 	 1.8790 	 0.5760
[2025/10/01 08:45:41] - ==> Building model..
[2025/10/01 08:46:25] - Test Loss 	 Test Acc 	 PGD Loss 	 PGD Acc
[2025/10/01 08:46:25] - 1.2179 	 	 0.7707 	 1.3984 	 0.5628
[2025/10/01 08:47:42] - 68 	 59.5 	 	 0.1000 	 1.8779 	 0.5776
[2025/10/01 08:47:42] - ==> Building model..
[2025/10/01 08:48:27] - Test Loss 	 Test Acc 	 PGD Loss 	 PGD Acc
[2025/10/01 08:48:27] - 1.2182 	 	 0.7705 	 1.3987 	 0.5637
[2025/10/01 08:49:43] - 69 	 58.3 	 	 0.1000 	 1.8801 	 0.5747
[2025/10/01 08:49:43] - ==> Building model..
[2025/10/01 08:50:27] - Test Loss 	 Test Acc 	 PGD Loss 	 PGD Acc
[2025/10/01 08:50:27] - 1.2175 	 	 0.7714 	 1.3981 	 0.5633
[2025/10/01 08:51:45] - 70 	 60.8 	 	 0.1000 	 1.8794 	 0.5757
[2025/10/01 08:51:45] - ==> Building model..
[2025/10/01 08:52:28] - Test Loss 	 Test Acc 	 PGD Loss 	 PGD Acc
[2025/10/01 08:52:28] - 1.2178 	 	 0.7724 	 1.3987 	 0.5638
[2025/10/01 08:53:47] - 71 	 60.5 	 	 0.1000 	 1.8778 	 0.5778
[2025/10/01 08:53:47] - ==> Building model..
[2025/10/01 08:54:26] - Test Loss 	 Test Acc 	 PGD Loss 	 PGD Acc
[2025/10/01 08:54:26] - 1.2170 	 	 0.7717 	 1.3980 	 0.5644
[2025/10/01 08:55:45] - 72 	 61.1 	 	 0.1000 	 1.8777 	 0.5777
[2025/10/01 08:55:45] - ==> Building model..
[2025/10/01 08:56:29] - Test Loss 	 Test Acc 	 PGD Loss 	 PGD Acc
[2025/10/01 08:56:29] - 1.2167 	 	 0.7723 	 1.3983 	 0.5661
[2025/10/01 08:57:50] - 73 	 61.7 	 	 0.1000 	 1.8787 	 0.5739
[2025/10/01 08:57:50] - ==> Building model..
[2025/10/01 08:58:31] - Test Loss 	 Test Acc 	 PGD Loss 	 PGD Acc
[2025/10/01 08:58:31] - 1.2157 	 	 0.7700 	 1.3977 	 0.5636
[2025/10/01 08:59:50] - 74 	 58.9 	 	 0.1000 	 1.8781 	 0.5756
[2025/10/01 08:59:50] - ==> Building model..
[2025/10/01 09:00:36] - Test Loss 	 Test Acc 	 PGD Loss 	 PGD Acc
[2025/10/01 09:00:36] - 1.2153 	 	 0.7713 	 1.3968 	 0.5655
[2025/10/01 09:02:06] - 75 	 62.2 	 	 0.1000 	 1.8790 	 0.5768
[2025/10/01 09:02:06] - ==> Building model..
[2025/10/01 09:02:53] - Test Loss 	 Test Acc 	 PGD Loss 	 PGD Acc
[2025/10/01 09:02:53] - 1.2169 	 	 0.7708 	 1.3978 	 0.5659
[2025/10/01 09:04:22] - 76 	 62.1 	 	 0.1000 	 1.8791 	 0.5756
[2025/10/01 09:04:22] - ==> Building model..
[2025/10/01 09:05:02] - Test Loss 	 Test Acc 	 PGD Loss 	 PGD Acc
[2025/10/01 09:05:02] - 1.2174 	 	 0.7693 	 1.3979 	 0.5656
[2025/10/01 09:06:32] - 77 	 62.4 	 	 0.1000 	 1.8782 	 0.5730
[2025/10/01 09:06:32] - ==> Building model..
[2025/10/01 09:07:18] - Test Loss 	 Test Acc 	 PGD Loss 	 PGD Acc
[2025/10/01 09:07:18] - 1.2163 	 	 0.7701 	 1.3974 	 0.5652
[2025/10/01 09:08:46] - 78 	 61.2 	 	 0.1000 	 1.8762 	 0.5789
[2025/10/01 09:08:46] - ==> Building model..
[2025/10/01 09:09:34] - Test Loss 	 Test Acc 	 PGD Loss 	 PGD Acc
[2025/10/01 09:09:34] - 1.2146 	 	 0.7708 	 1.3960 	 0.5665
[2025/10/01 09:10:59] - 79 	 58.6 	 	 0.1000 	 1.8765 	 0.5781
[2025/10/01 09:10:59] - ==> Building model..
[2025/10/01 09:11:45] - Test Loss 	 Test Acc 	 PGD Loss 	 PGD Acc
[2025/10/01 09:11:45] - 1.2141 	 	 0.7717 	 1.3955 	 0.5654
[2025/10/01 09:13:14] - 80 	 62.3 	 	 0.1000 	 1.8787 	 0.5743
[2025/10/01 09:13:14] - ==> Building model..
[2025/10/01 09:13:58] - Test Loss 	 Test Acc 	 PGD Loss 	 PGD Acc
[2025/10/01 09:13:58] - 1.2143 	 	 0.7704 	 1.3952 	 0.5662
[2025/10/01 09:15:24] - 81 	 59.0 	 	 0.1000 	 1.8767 	 0.5766
[2025/10/01 09:15:24] - ==> Building model..
[2025/10/01 09:16:10] - Test Loss 	 Test Acc 	 PGD Loss 	 PGD Acc
[2025/10/01 09:16:10] - 1.2146 	 	 0.7699 	 1.3958 	 0.5676
[2025/10/01 09:17:40] - 82 	 62.1 	 	 0.1000 	 1.8776 	 0.5755
[2025/10/01 09:17:40] - ==> Building model..
[2025/10/01 09:18:26] - Test Loss 	 Test Acc 	 PGD Loss 	 PGD Acc
[2025/10/01 09:18:26] - 1.2167 	 	 0.7701 	 1.3980 	 0.5674
[2025/10/01 09:19:51] - 83 	 58.0 	 	 0.1000 	 1.8789 	 0.5743
[2025/10/01 09:19:51] - ==> Building model..
[2025/10/01 09:20:36] - Test Loss 	 Test Acc 	 PGD Loss 	 PGD Acc
[2025/10/01 09:20:36] - 1.2180 	 	 0.7705 	 1.3987 	 0.5655
[2025/10/01 09:22:06] - 84 	 62.5 	 	 0.1000 	 1.8752 	 0.5760
[2025/10/01 09:22:06] - ==> Building model..
[2025/10/01 09:22:52] - Test Loss 	 Test Acc 	 PGD Loss 	 PGD Acc
[2025/10/01 09:22:52] - 1.2173 	 	 0.7712 	 1.3982 	 0.5656
[2025/10/01 09:24:21] - 85 	 61.3 	 	 0.1000 	 1.8781 	 0.5725
[2025/10/01 09:24:21] - ==> Building model..
[2025/10/01 09:25:04] - Test Loss 	 Test Acc 	 PGD Loss 	 PGD Acc
[2025/10/01 09:25:04] - 1.2181 	 	 0.7727 	 1.3986 	 0.5657
[2025/10/01 09:26:33] - 86 	 62.3 	 	 0.1000 	 1.8782 	 0.5755
[2025/10/01 09:26:33] - ==> Building model..
[2025/10/01 09:27:19] - Test Loss 	 Test Acc 	 PGD Loss 	 PGD Acc
[2025/10/01 09:27:19] - 1.2199 	 	 0.7714 	 1.3993 	 0.5681
[2025/10/01 09:28:48] - 87 	 60.9 	 	 0.1000 	 1.8769 	 0.5749
[2025/10/01 09:28:48] - ==> Building model..
[2025/10/01 09:29:35] - Test Loss 	 Test Acc 	 PGD Loss 	 PGD Acc
[2025/10/01 09:29:35] - 1.2207 	 	 0.7699 	 1.3998 	 0.5686
[2025/10/01 09:31:02] - 88 	 59.0 	 	 0.1000 	 1.8792 	 0.5721
[2025/10/01 09:31:02] - ==> Building model..
[2025/10/01 09:31:48] - Test Loss 	 Test Acc 	 PGD Loss 	 PGD Acc
[2025/10/01 09:31:48] - 1.2218 	 	 0.7701 	 1.4006 	 0.5677
[2025/10/01 09:33:18] - 89 	 62.4 	 	 0.1000 	 1.8761 	 0.5731
[2025/10/01 09:33:18] - ==> Building model..
[2025/10/01 09:34:00] - Test Loss 	 Test Acc 	 PGD Loss 	 PGD Acc
[2025/10/01 09:34:00] - 1.2207 	 	 0.7713 	 1.3994 	 0.5682
[2025/10/01 09:35:27] - 90 	 59.3 	 	 0.1000 	 1.8771 	 0.5724
[2025/10/01 09:35:27] - ==> Building model..
[2025/10/01 09:36:13] - Test Loss 	 Test Acc 	 PGD Loss 	 PGD Acc
[2025/10/01 09:36:13] - 1.2229 	 	 0.7701 	 1.4012 	 0.5668
[2025/10/01 09:37:43] - 91 	 62.4 	 	 0.1000 	 1.8765 	 0.5702
[2025/10/01 09:37:43] - ==> Building model..
[2025/10/01 09:38:29] - Test Loss 	 Test Acc 	 PGD Loss 	 PGD Acc
[2025/10/01 09:38:29] - 1.2229 	 	 0.7721 	 1.4013 	 0.5693
[2025/10/01 09:39:57] - 92 	 61.3 	 	 0.1000 	 1.8765 	 0.5705
[2025/10/01 09:39:57] - ==> Building model..
[2025/10/01 09:40:36] - Test Loss 	 Test Acc 	 PGD Loss 	 PGD Acc
[2025/10/01 09:40:36] - 1.2249 	 	 0.7724 	 1.4034 	 0.5681
[2025/10/01 09:42:06] - 93 	 62.4 	 	 0.1000 	 1.8760 	 0.5699
[2025/10/01 09:42:06] - ==> Building model..
[2025/10/01 09:42:52] - Test Loss 	 Test Acc 	 PGD Loss 	 PGD Acc
[2025/10/01 09:42:52] - 1.2249 	 	 0.7692 	 1.4032 	 0.5689
[2025/10/01 09:44:20] - 94 	 60.8 	 	 0.1000 	 1.8785 	 0.5680
[2025/10/01 09:44:20] - ==> Building model..
[2025/10/01 09:45:07] - Test Loss 	 Test Acc 	 PGD Loss 	 PGD Acc
[2025/10/01 09:45:07] - 1.2257 	 	 0.7687 	 1.4039 	 0.5701
[2025/10/01 09:46:34] - 95 	 58.7 	 	 0.1000 	 1.8749 	 0.5705
[2025/10/01 09:46:34] - ==> Building model..
[2025/10/01 09:47:20] - Test Loss 	 Test Acc 	 PGD Loss 	 PGD Acc
[2025/10/01 09:47:20] - 1.2246 	 	 0.7691 	 1.4030 	 0.5697
[2025/10/01 09:48:49] - 96 	 62.3 	 	 0.1000 	 1.8762 	 0.5715
[2025/10/01 09:48:49] - ==> Building model..
[2025/10/01 09:49:33] - Test Loss 	 Test Acc 	 PGD Loss 	 PGD Acc
[2025/10/01 09:49:33] - 1.2253 	 	 0.7689 	 1.4039 	 0.5688
[2025/10/01 09:50:59] - 97 	 59.5 	 	 0.1000 	 1.8763 	 0.5705
[2025/10/01 09:50:59] - ==> Building model..
[2025/10/01 09:51:45] - Test Loss 	 Test Acc 	 PGD Loss 	 PGD Acc
[2025/10/01 09:51:45] - 1.2234 	 	 0.7696 	 1.4020 	 0.5685
[2025/10/01 09:53:13] - 98 	 62.2 	 	 0.1000 	 1.8756 	 0.5713
[2025/10/01 09:53:13] - ==> Building model..
[2025/10/01 09:54:00] - Test Loss 	 Test Acc 	 PGD Loss 	 PGD Acc
[2025/10/01 09:54:00] - 1.2231 	 	 0.7701 	 1.4019 	 0.5710
[2025/10/01 09:55:26] - 99 	 59.4 	 	 0.1000 	 1.8756 	 0.5732
[2025/10/01 09:55:26] - ==> Building model..
[2025/10/01 09:56:08] - Test Loss 	 Test Acc 	 PGD Loss 	 PGD Acc
[2025/10/01 09:56:08] - 1.2229 	 	 0.7696 	 1.4013 	 0.5690
[2025/10/01 09:57:38] - 100 	 62.3 	 	 0.1000 	 1.8741 	 0.5708
[2025/10/01 09:57:38] - ==> Building model..
[2025/10/01 09:58:24] - Test Loss 	 Test Acc 	 PGD Loss 	 PGD Acc
[2025/10/01 09:58:24] - 1.2234 	 	 0.7686 	 1.4014 	 0.5693
[2025/10/01 09:59:52] - 101 	 61.4 	 	 0.1000 	 1.8761 	 0.5703
[2025/10/01 09:59:52] - ==> Building model..
[2025/10/01 10:00:38] - Test Loss 	 Test Acc 	 PGD Loss 	 PGD Acc
[2025/10/01 10:00:38] - 1.2248 	 	 0.7688 	 1.4026 	 0.5696
[2025/10/01 10:02:06] - 102 	 60.6 	 	 0.1000 	 1.8763 	 0.5713
[2025/10/01 10:02:06] - ==> Building model..
[2025/10/01 10:02:52] - Test Loss 	 Test Acc 	 PGD Loss 	 PGD Acc
[2025/10/01 10:02:52] - 1.2253 	 	 0.7684 	 1.4028 	 0.5700
[2025/10/01 10:04:20] - 103 	 60.9 	 	 0.1000 	 1.8758 	 0.5702
[2025/10/01 10:04:20] - ==> Building model..
[2025/10/01 10:05:07] - Test Loss 	 Test Acc 	 PGD Loss 	 PGD Acc
[2025/10/01 10:05:07] - 1.2242 	 	 0.7703 	 1.4026 	 0.5688
[2025/10/01 10:06:32] - 104 	 58.8 	 	 0.1000 	 1.8750 	 0.5746
[2025/10/01 10:06:32] - ==> Building model..
[2025/10/01 10:07:17] - Test Loss 	 Test Acc 	 PGD Loss 	 PGD Acc
[2025/10/01 10:07:17] - 1.2236 	 	 0.7709 	 1.4027 	 0.5691
[2025/10/01 10:08:46] - 105 	 62.2 	 	 0.1000 	 1.8762 	 0.5720
[2025/10/01 10:08:46] - ==> Building model..
[2025/10/01 10:09:32] - Test Loss 	 Test Acc 	 PGD Loss 	 PGD Acc
[2025/10/01 10:09:32] - 1.2227 	 	 0.7715 	 1.4020 	 0.5710
[2025/10/01 10:10:57] - 106 	 58.5 	 	 0.1000 	 1.8742 	 0.5734
[2025/10/01 10:10:57] - ==> Building model..
[2025/10/01 10:11:43] - Test Loss 	 Test Acc 	 PGD Loss 	 PGD Acc
[2025/10/01 10:11:43] - 1.2216 	 	 0.7713 	 1.4011 	 0.5708
[2025/10/01 10:13:13] - 107 	 62.6 	 	 0.1000 	 1.8743 	 0.5728
[2025/10/01 10:13:13] - ==> Building model..
[2025/10/01 10:13:58] - Test Loss 	 Test Acc 	 PGD Loss 	 PGD Acc
[2025/10/01 10:13:58] - 1.2209 	 	 0.7708 	 1.4005 	 0.5709
[2025/10/01 10:15:26] - 108 	 61.1 	 	 0.1000 	 1.8737 	 0.5766
[2025/10/01 10:15:26] - ==> Building model..
[2025/10/01 10:16:07] - Test Loss 	 Test Acc 	 PGD Loss 	 PGD Acc
[2025/10/01 10:16:07] - 1.2194 	 	 0.7718 	 1.3992 	 0.5704
[2025/10/01 10:17:36] - 109 	 61.9 	 	 0.0100 	 1.8229 	 0.6189
[2025/10/01 10:17:36] - ==> Building model..
[2025/10/01 10:18:22] - Test Loss 	 Test Acc 	 PGD Loss 	 PGD Acc
[2025/10/01 10:18:22] - 1.2033 	 	 0.7762 	 1.3871 	 0.5719
[2025/10/01 10:19:49] - 110 	 59.4 	 	 0.0100 	 1.7662 	 0.6683
[2025/10/01 10:19:49] - ==> Building model..
[2025/10/01 10:20:36] - Test Loss 	 Test Acc 	 PGD Loss 	 PGD Acc
[2025/10/01 10:20:36] - 1.1808 	 	 0.7843 	 1.3710 	 0.5732
[2025/10/01 10:22:02] - 111 	 57.4 	 	 0.0100 	 1.7504 	 0.6817
[2025/10/01 10:22:02] - ==> Building model..
[2025/10/01 10:22:48] - Test Loss 	 Test Acc 	 PGD Loss 	 PGD Acc
[2025/10/01 10:22:48] - 1.1648 	 	 0.7914 	 1.3602 	 0.5731
[2025/10/01 10:24:16] - 112 	 60.7 	 	 0.0100 	 1.7399 	 0.6916
[2025/10/01 10:24:16] - ==> Building model..
[2025/10/01 10:24:59] - Test Loss 	 Test Acc 	 PGD Loss 	 PGD Acc
[2025/10/01 10:24:59] - 1.1544 	 	 0.7958 	 1.3533 	 0.5742
[2025/10/01 10:26:25] - 113 	 57.9 	 	 0.0100 	 1.7321 	 0.7013
[2025/10/01 10:26:25] - ==> Building model..
[2025/10/01 10:27:11] - Test Loss 	 Test Acc 	 PGD Loss 	 PGD Acc
[2025/10/01 10:27:11] - 1.1483 	 	 0.7997 	 1.3499 	 0.5771
[2025/10/01 10:28:40] - 114 	 60.6 	 	 0.0010 	 1.7177 	 0.7124
[2025/10/01 10:28:40] - ==> Building model..
[2025/10/01 10:29:26] - Test Loss 	 Test Acc 	 PGD Loss 	 PGD Acc
[2025/10/01 10:29:26] - 1.1422 	 	 0.8020 	 1.3459 	 0.5791
[2025/10/01 10:30:52] - 115 	 59.3 	 	 0.0010 	 1.7038 	 0.7228
[2025/10/01 10:30:52] - ==> Building model..
[2025/10/01 10:31:32] - Test Loss 	 Test Acc 	 PGD Loss 	 PGD Acc
[2025/10/01 10:31:32] - 1.1356 	 	 0.8055 	 1.3416 	 0.5813
[2025/10/01 10:33:00] - 116 	 60.1 	 	 0.0010 	 1.7015 	 0.7227
[2025/10/01 10:33:00] - ==> Building model..
[2025/10/01 10:33:46] - Test Loss 	 Test Acc 	 PGD Loss 	 PGD Acc
[2025/10/01 10:33:46] - 1.1278 	 	 0.8085 	 1.3367 	 0.5810
[2025/10/01 10:35:12] - 117 	 58.4 	 	 0.0010 	 1.6974 	 0.7255
[2025/10/01 10:35:12] - ==> Building model..
[2025/10/01 10:35:59] - Test Loss 	 Test Acc 	 PGD Loss 	 PGD Acc
[2025/10/01 10:35:59] - 1.1194 	 	 0.8106 	 1.3312 	 0.5810
[2025/10/01 10:37:23] - 118 	 56.3 	 	 0.0010 	 1.6952 	 0.7293
[2025/10/01 10:37:23] - ==> Building model..
[2025/10/01 10:38:09] - Test Loss 	 Test Acc 	 PGD Loss 	 PGD Acc
[2025/10/01 10:38:09] - 1.1117 	 	 0.8125 	 1.3256 	 0.5811
[2025/10/01 10:39:37] - 119 	 60.1 	 	 0.0010 	 1.6932 	 0.7300
[2025/10/01 10:39:37] - ==> Building model..
[2025/10/01 10:40:20] - Test Loss 	 Test Acc 	 PGD Loss 	 PGD Acc
[2025/10/01 10:40:20] - 1.1042 	 	 0.8153 	 1.3205 	 0.5796
[2025/10/01 10:40:20] - [0.3959, 0.4597, 0.5056, 0.5495, 0.5809, 0.6047, 0.6234, 0.6361, 0.6481, 0.6552, 0.6577, 0.6705, 0.6853, 0.6949, 0.7044, 0.7157, 0.7245, 0.7285, 0.7311, 0.7323, 0.7362, 0.7395, 0.741, 0.7424, 0.7452, 0.7473, 0.7507, 0.7516, 0.7545, 0.7554, 0.756, 0.7575, 0.7591, 0.7595, 0.7616, 0.7636, 0.7661, 0.7672, 0.7667, 0.7677, 0.7679, 0.7679, 0.7695, 0.7704, 0.7708, 0.7717, 0.772, 0.7718, 0.772, 0.7717, 0.772, 0.7712, 0.7707, 0.7689, 0.7687, 0.7693, 0.7693, 0.7676, 0.7681, 0.7683, 0.7697, 0.7689, 0.7694, 0.7702, 0.7709, 0.7707, 0.77, 0.7707, 0.7705, 0.7714, 0.7724, 0.7717, 0.7723, 0.77, 0.7713, 0.7708, 0.7693, 0.7701, 0.7708, 0.7717, 0.7704, 0.7699, 0.7701, 0.7705, 0.7712, 0.7727, 0.7714, 0.7699, 0.7701, 0.7713, 0.7701, 0.7721, 0.7724, 0.7692, 0.7687, 0.7691, 0.7689, 0.7696, 0.7701, 0.7696, 0.7686, 0.7688, 0.7684, 0.7703, 0.7709, 0.7715, 0.7713, 0.7708, 0.7718, 0.7762, 0.7843, 0.7914, 0.7958, 0.7997, 0.802, 0.8055, 0.8085, 0.8106, 0.8125, 0.8153]
[2025/10/01 10:40:20] - [0.2776, 0.3177, 0.3395, 0.3679, 0.3905, 0.4112, 0.4265, 0.4397, 0.4504, 0.4581, 0.4659, 0.4768, 0.4864, 0.4909, 0.4972, 0.5013, 0.5083, 0.512, 0.512, 0.5155, 0.518, 0.5207, 0.5242, 0.5254, 0.5256, 0.528, 0.531, 0.5338, 0.535, 0.5356, 0.5353, 0.5385, 0.5396, 0.5423, 0.5427, 0.5429, 0.5442, 0.547, 0.5489, 0.5473, 0.5479, 0.5487, 0.5479, 0.5469, 0.5511, 0.5511, 0.5536, 0.5542, 0.556, 0.5541, 0.5549, 0.5553, 0.5566, 0.5562, 0.557, 0.5581, 0.5576, 0.5587, 0.5587, 0.5589, 0.5593, 0.5579, 0.558, 0.5595, 0.5601, 0.5593, 0.5602, 0.5628, 0.5637, 0.5633, 0.5638, 0.5644, 0.5661, 0.5636, 0.5655, 0.5659, 0.5656, 0.5652, 0.5665, 0.5654, 0.5662, 0.5676, 0.5674, 0.5655, 0.5656, 0.5657, 0.5681, 0.5686, 0.5677, 0.5682, 0.5668, 0.5693, 0.5681, 0.5689, 0.5701, 0.5697, 0.5688, 0.5685, 0.571, 0.569, 0.5693, 0.5696, 0.57, 0.5688, 0.5691, 0.571, 0.5708, 0.5709, 0.5704, 0.5719, 0.5732, 0.5731, 0.5742, 0.5771, 0.5791, 0.5813, 0.581, 0.581, 0.5811, 0.5796]
