[2025/09/20 21:13:52] - Namespace(batch_size=128, data_dir='cifar-data', epochs=100, lr_schedule='multistep', lr_min=0.0, lr_max=0.2, weight_decay=0.0005, momentum=0.9, model='ResNet18', epsilon=8, alpha=8, delta_init='random', normal_mean=0, normal_std=1, out_dir='./output/CIFAR100/lam_start_40', seed=0, lamda=42, lam_scale=0.1, lam_start=40, gamma=0.05, inner_gamma=0.05, beta=0.6, mu=3.5, batch_m=0.75, early_stop=False, factor=0.5, length=4, n_holes=1, c_num=0.125, EMA_value=0.55)
[2025/09/20 21:13:55] - ==> Building model..
[2025/09/20 21:13:55] - Epoch 	 Seconds 	 LR 	 	 Train Loss 	 Train Acc
[2025/09/20 21:15:24] - 0 	 51.9 	 	 0.0100 	 4.6440 	 0.0256
[2025/09/20 21:15:24] - ==> Building model..
[2025/09/20 21:16:02] - Test Loss 	 Test Acc 	 PGD Loss 	 PGD Acc
[2025/09/20 21:16:02] - 4.2649 	 	 0.0796 	 4.2837 	 0.0439
[2025/09/20 21:17:28] - 1 	 50.0 	 	 0.0199 	 4.4892 	 0.0648
[2025/09/20 21:17:28] - ==> Building model..
[2025/09/20 21:18:07] - Test Loss 	 Test Acc 	 PGD Loss 	 PGD Acc
[2025/09/20 21:18:07] - 4.0490 	 	 0.1293 	 4.0810 	 0.0754
[2025/09/20 21:19:32] - 2 	 48.8 	 	 0.0299 	 4.4319 	 0.0969
[2025/09/20 21:19:32] - ==> Building model..
[2025/09/20 21:20:12] - Test Loss 	 Test Acc 	 PGD Loss 	 PGD Acc
[2025/09/20 21:20:12] - 3.8567 	 	 0.1834 	 3.9057 	 0.1076
[2025/09/20 21:21:35] - 3 	 45.3 	 	 0.0399 	 4.3855 	 0.1183
[2025/09/20 21:21:35] - ==> Building model..
[2025/09/20 21:22:14] - Test Loss 	 Test Acc 	 PGD Loss 	 PGD Acc
[2025/09/20 21:22:14] - 3.6891 	 	 0.2210 	 3.7576 	 0.1274
[2025/09/20 21:23:37] - 4 	 46.9 	 	 0.0499 	 4.3471 	 0.1400
[2025/09/20 21:23:37] - ==> Building model..
[2025/09/20 21:24:19] - Test Loss 	 Test Acc 	 PGD Loss 	 PGD Acc
[2025/09/20 21:24:19] - 3.5756 	 	 0.2489 	 3.6598 	 0.1409
[2025/09/20 21:25:49] - 5 	 49.6 	 	 0.0598 	 4.3099 	 0.1596
[2025/09/20 21:25:49] - ==> Building model..
[2025/09/20 21:26:30] - Test Loss 	 Test Acc 	 PGD Loss 	 PGD Acc
[2025/09/20 21:26:30] - 3.4462 	 	 0.2811 	 3.5505 	 0.1598
[2025/09/20 21:28:09] - 6 	 52.2 	 	 0.0698 	 4.2738 	 0.1764
[2025/09/20 21:28:09] - ==> Building model..
[2025/09/20 21:28:51] - Test Loss 	 Test Acc 	 PGD Loss 	 PGD Acc
[2025/09/20 21:28:51] - 3.2950 	 	 0.3209 	 3.4274 	 0.1809
[2025/09/20 21:30:23] - 7 	 51.0 	 	 0.0798 	 4.2398 	 0.1945
[2025/09/20 21:30:23] - ==> Building model..
[2025/09/20 21:31:00] - Test Loss 	 Test Acc 	 PGD Loss 	 PGD Acc
[2025/09/20 21:31:00] - 3.1743 	 	 0.3565 	 3.3317 	 0.1952
[2025/09/20 21:32:32] - 8 	 48.0 	 	 0.0898 	 4.2078 	 0.2124
[2025/09/20 21:32:32] - ==> Building model..
[2025/09/20 21:33:12] - Test Loss 	 Test Acc 	 PGD Loss 	 PGD Acc
[2025/09/20 21:33:12] - 3.0785 	 	 0.3815 	 3.2557 	 0.2055
[2025/09/20 21:34:51] - 9 	 53.8 	 	 0.0997 	 4.1812 	 0.2284
[2025/09/20 21:34:51] - ==> Building model..
[2025/09/20 21:35:35] - Test Loss 	 Test Acc 	 PGD Loss 	 PGD Acc
[2025/09/20 21:35:35] - 3.0109 	 	 0.4037 	 3.2065 	 0.2153
[2025/09/20 21:37:15] - 10 	 53.1 	 	 0.1097 	 4.1592 	 0.2387
[2025/09/20 21:37:15] - ==> Building model..
[2025/09/20 21:37:57] - Test Loss 	 Test Acc 	 PGD Loss 	 PGD Acc
[2025/09/20 21:37:57] - 2.9687 	 	 0.4208 	 3.1777 	 0.2230
[2025/09/20 21:39:35] - 11 	 52.9 	 	 0.1197 	 4.1421 	 0.2480
[2025/09/20 21:39:35] - ==> Building model..
[2025/09/20 21:40:17] - Test Loss 	 Test Acc 	 PGD Loss 	 PGD Acc
[2025/09/20 21:40:17] - 2.9421 	 	 0.4340 	 3.1607 	 0.2310
[2025/09/20 21:41:57] - 12 	 55.1 	 	 0.1297 	 4.1242 	 0.2589
[2025/09/20 21:41:57] - ==> Building model..
[2025/09/20 21:42:38] - Test Loss 	 Test Acc 	 PGD Loss 	 PGD Acc
[2025/09/20 21:42:38] - 2.9443 	 	 0.4403 	 3.1671 	 0.2335
[2025/09/20 21:44:18] - 13 	 52.6 	 	 0.1396 	 4.1123 	 0.2648
[2025/09/20 21:44:18] - ==> Building model..
[2025/09/20 21:44:58] - Test Loss 	 Test Acc 	 PGD Loss 	 PGD Acc
[2025/09/20 21:44:58] - 2.9626 	 	 0.4446 	 3.1867 	 0.2369
[2025/09/20 21:46:38] - 14 	 55.5 	 	 0.1496 	 4.0987 	 0.2739
[2025/09/20 21:46:38] - ==> Building model..
[2025/09/20 21:47:22] - Test Loss 	 Test Acc 	 PGD Loss 	 PGD Acc
[2025/09/20 21:47:22] - 3.0387 	 	 0.4407 	 3.2532 	 0.2320
[2025/09/20 21:49:02] - 15 	 53.7 	 	 0.1596 	 4.0857 	 0.2811
[2025/09/20 21:49:02] - ==> Building model..
[2025/09/20 21:49:40] - Test Loss 	 Test Acc 	 PGD Loss 	 PGD Acc
[2025/09/20 21:49:40] - 3.1023 	 	 0.4356 	 3.3077 	 0.2294
[2025/09/20 21:51:15] - 16 	 54.3 	 	 0.1696 	 4.0778 	 0.2850
[2025/09/20 21:51:15] - ==> Building model..
[2025/09/20 21:51:53] - Test Loss 	 Test Acc 	 PGD Loss 	 PGD Acc
[2025/09/20 21:51:53] - 3.2068 	 	 0.4155 	 3.3941 	 0.2156
[2025/09/20 21:53:20] - 17 	 50.0 	 	 0.1795 	 4.0723 	 0.2864
[2025/09/20 21:53:20] - ==> Building model..
[2025/09/20 21:53:54] - Test Loss 	 Test Acc 	 PGD Loss 	 PGD Acc
[2025/09/20 21:53:54] - 3.2843 	 	 0.4014 	 3.4589 	 0.2090
[2025/09/20 21:55:19] - 18 	 47.9 	 	 0.1895 	 4.0641 	 0.2894
[2025/09/20 21:55:19] - ==> Building model..
[2025/09/20 21:55:59] - Test Loss 	 Test Acc 	 PGD Loss 	 PGD Acc
[2025/09/20 21:55:59] - 3.3154 	 	 0.3992 	 3.4864 	 0.2063
[2025/09/20 21:57:24] - 19 	 48.6 	 	 0.1995 	 4.0601 	 0.2935
[2025/09/20 21:57:24] - ==> Building model..
[2025/09/20 21:58:03] - Test Loss 	 Test Acc 	 PGD Loss 	 PGD Acc
[2025/09/20 21:58:03] - 3.2842 	 	 0.4079 	 3.4614 	 0.2118
[2025/09/20 21:59:28] - 20 	 49.2 	 	 0.1976 	 4.0540 	 0.2980
[2025/09/20 21:59:28] - ==> Building model..
[2025/09/20 22:00:06] - Test Loss 	 Test Acc 	 PGD Loss 	 PGD Acc
[2025/09/20 22:00:06] - 3.2003 	 	 0.4263 	 3.3939 	 0.2234
[2025/09/20 22:01:27] - 21 	 45.0 	 	 0.1951 	 4.0458 	 0.3036
[2025/09/20 22:01:27] - ==> Building model..
[2025/09/20 22:02:09] - Test Loss 	 Test Acc 	 PGD Loss 	 PGD Acc
[2025/09/20 22:02:09] - 3.0923 	 	 0.4492 	 3.3074 	 0.2359
[2025/09/20 22:03:34] - 22 	 48.3 	 	 0.1926 	 4.0399 	 0.3084
[2025/09/20 22:03:34] - ==> Building model..
[2025/09/20 22:04:14] - Test Loss 	 Test Acc 	 PGD Loss 	 PGD Acc
[2025/09/20 22:04:14] - 2.9872 	 	 0.4670 	 3.2216 	 0.2479
[2025/09/20 22:05:38] - 23 	 46.3 	 	 0.1902 	 4.0333 	 0.3102
[2025/09/20 22:05:38] - ==> Building model..
[2025/09/20 22:06:20] - Test Loss 	 Test Acc 	 PGD Loss 	 PGD Acc
[2025/09/20 22:06:20] - 2.8869 	 	 0.4823 	 3.1394 	 0.2579
[2025/09/20 22:07:42] - 24 	 44.5 	 	 0.1877 	 4.0251 	 0.3155
[2025/09/20 22:07:42] - ==> Building model..
[2025/09/20 22:08:21] - Test Loss 	 Test Acc 	 PGD Loss 	 PGD Acc
[2025/09/20 22:08:21] - 2.7976 	 	 0.4957 	 3.0669 	 0.2673
[2025/09/20 22:09:46] - 25 	 48.0 	 	 0.1852 	 4.0184 	 0.3201
[2025/09/20 22:09:46] - ==> Building model..
[2025/09/20 22:10:25] - Test Loss 	 Test Acc 	 PGD Loss 	 PGD Acc
[2025/09/20 22:10:25] - 2.7172 	 	 0.5082 	 3.0014 	 0.2742
[2025/09/20 22:11:49] - 26 	 47.8 	 	 0.1827 	 4.0133 	 0.3224
[2025/09/20 22:11:49] - ==> Building model..
[2025/09/20 22:12:28] - Test Loss 	 Test Acc 	 PGD Loss 	 PGD Acc
[2025/09/20 22:12:28] - 2.6509 	 	 0.5178 	 2.9473 	 0.2771
[2025/09/20 22:13:49] - 27 	 46.3 	 	 0.1802 	 4.0085 	 0.3269
[2025/09/20 22:13:49] - ==> Building model..
[2025/09/20 22:14:27] - Test Loss 	 Test Acc 	 PGD Loss 	 PGD Acc
[2025/09/20 22:14:27] - 2.5932 	 	 0.5259 	 2.9006 	 0.2805
[2025/09/20 22:15:50] - 28 	 48.9 	 	 0.1777 	 4.0039 	 0.3288
[2025/09/20 22:15:50] - ==> Building model..
[2025/09/20 22:16:28] - Test Loss 	 Test Acc 	 PGD Loss 	 PGD Acc
[2025/09/20 22:16:28] - 2.5479 	 	 0.5308 	 2.8631 	 0.2834
[2025/09/20 22:17:51] - 29 	 48.1 	 	 0.1752 	 3.9967 	 0.3340
[2025/09/20 22:17:51] - ==> Building model..
[2025/09/20 22:18:26] - Test Loss 	 Test Acc 	 PGD Loss 	 PGD Acc
[2025/09/20 22:18:26] - 2.5144 	 	 0.5369 	 2.8366 	 0.2849
[2025/09/20 22:19:48] - 30 	 46.8 	 	 0.1727 	 3.9938 	 0.3345
[2025/09/20 22:19:48] - ==> Building model..
[2025/09/20 22:20:25] - Test Loss 	 Test Acc 	 PGD Loss 	 PGD Acc
[2025/09/20 22:20:25] - 2.4849 	 	 0.5418 	 2.8139 	 0.2857
[2025/09/20 22:21:49] - 31 	 49.2 	 	 0.1702 	 3.9882 	 0.3379
[2025/09/20 22:21:49] - ==> Building model..
[2025/09/20 22:22:27] - Test Loss 	 Test Acc 	 PGD Loss 	 PGD Acc
[2025/09/20 22:22:27] - 2.4583 	 	 0.5471 	 2.7929 	 0.2889
[2025/09/20 22:23:54] - 32 	 50.6 	 	 0.1677 	 3.9829 	 0.3421
[2025/09/20 22:23:54] - ==> Building model..
[2025/09/20 22:24:30] - Test Loss 	 Test Acc 	 PGD Loss 	 PGD Acc
[2025/09/20 22:24:30] - 2.4383 	 	 0.5483 	 2.7768 	 0.2887
[2025/09/20 22:25:58] - 33 	 47.8 	 	 0.1652 	 3.9780 	 0.3443
[2025/09/20 22:25:58] - ==> Building model..
[2025/09/20 22:26:39] - Test Loss 	 Test Acc 	 PGD Loss 	 PGD Acc
[2025/09/20 22:26:39] - 2.4172 	 	 0.5528 	 2.7605 	 0.2895
[2025/09/20 22:28:10] - 34 	 50.8 	 	 0.1627 	 3.9748 	 0.3458
[2025/09/20 22:28:10] - ==> Building model..
[2025/09/20 22:28:51] - Test Loss 	 Test Acc 	 PGD Loss 	 PGD Acc
[2025/09/20 22:28:51] - 2.4033 	 	 0.5546 	 2.7495 	 0.2909
[2025/09/20 22:30:19] - 35 	 47.8 	 	 0.1602 	 3.9683 	 0.3511
[2025/09/20 22:30:19] - ==> Building model..
[2025/09/20 22:31:01] - Test Loss 	 Test Acc 	 PGD Loss 	 PGD Acc
[2025/09/20 22:31:01] - 2.3886 	 	 0.5572 	 2.7382 	 0.2928
[2025/09/20 22:32:24] - 36 	 43.7 	 	 0.1577 	 3.9661 	 0.3534
[2025/09/20 22:32:24] - ==> Building model..
[2025/09/20 22:33:06] - Test Loss 	 Test Acc 	 PGD Loss 	 PGD Acc
[2025/09/20 22:33:06] - 2.3742 	 	 0.5599 	 2.7262 	 0.2942
[2025/09/20 22:34:37] - 37 	 48.5 	 	 0.1552 	 3.9606 	 0.3540
[2025/09/20 22:34:37] - ==> Building model..
[2025/09/20 22:35:22] - Test Loss 	 Test Acc 	 PGD Loss 	 PGD Acc
[2025/09/20 22:35:22] - 2.3593 	 	 0.5643 	 2.7162 	 0.2953
[2025/09/20 22:36:50] - 38 	 47.3 	 	 0.1527 	 3.9563 	 0.3588
[2025/09/20 22:36:50] - ==> Building model..
[2025/09/20 22:37:33] - Test Loss 	 Test Acc 	 PGD Loss 	 PGD Acc
[2025/09/20 22:37:33] - 2.3469 	 	 0.5655 	 2.7058 	 0.2967
[2025/09/20 22:38:57] - 39 	 44.3 	 	 0.1503 	 3.9527 	 0.3612
[2025/09/20 22:38:57] - ==> Building model..
[2025/09/20 22:39:36] - Test Loss 	 Test Acc 	 PGD Loss 	 PGD Acc
[2025/09/20 22:39:36] - 2.3360 	 	 0.5661 	 2.6972 	 0.2975
[2025/09/20 22:40:56] - 40 	 46.3 	 	 0.1478 	 3.9497 	 0.3621
[2025/09/20 22:40:56] - ==> Building model..
[2025/09/20 22:41:35] - Test Loss 	 Test Acc 	 PGD Loss 	 PGD Acc
[2025/09/20 22:41:35] - 2.3289 	 	 0.5674 	 2.6917 	 0.2982
[2025/09/20 22:42:55] - 41 	 46.3 	 	 0.1453 	 3.9467 	 0.3633
[2025/09/20 22:42:55] - ==> Building model..
[2025/09/20 22:43:34] - Test Loss 	 Test Acc 	 PGD Loss 	 PGD Acc
[2025/09/20 22:43:34] - 2.3190 	 	 0.5696 	 2.6842 	 0.2984
[2025/09/20 22:44:57] - 42 	 46.3 	 	 0.1428 	 3.9444 	 0.3662
[2025/09/20 22:44:57] - ==> Building model..
[2025/09/20 22:45:35] - Test Loss 	 Test Acc 	 PGD Loss 	 PGD Acc
[2025/09/20 22:45:35] - 2.3112 	 	 0.5714 	 2.6785 	 0.2984
[2025/09/20 22:46:58] - 43 	 49.4 	 	 0.1403 	 3.9387 	 0.3701
[2025/09/20 22:46:58] - ==> Building model..
[2025/09/20 22:47:38] - Test Loss 	 Test Acc 	 PGD Loss 	 PGD Acc
[2025/09/20 22:47:38] - 2.3061 	 	 0.5729 	 2.6749 	 0.2986
[2025/09/20 22:49:01] - 44 	 48.1 	 	 0.1378 	 3.9374 	 0.3718
[2025/09/20 22:49:01] - ==> Building model..
[2025/09/20 22:49:41] - Test Loss 	 Test Acc 	 PGD Loss 	 PGD Acc
[2025/09/20 22:49:41] - 2.3019 	 	 0.5748 	 2.6722 	 0.2997
[2025/09/20 22:51:03] - 45 	 46.1 	 	 0.1353 	 3.9322 	 0.3765
[2025/09/20 22:51:03] - ==> Building model..
[2025/09/20 22:51:39] - Test Loss 	 Test Acc 	 PGD Loss 	 PGD Acc
[2025/09/20 22:51:39] - 2.2977 	 	 0.5760 	 2.6692 	 0.3015
[2025/09/20 22:53:02] - 46 	 49.1 	 	 0.1328 	 3.9296 	 0.3790
[2025/09/20 22:53:02] - ==> Building model..
[2025/09/20 22:53:40] - Test Loss 	 Test Acc 	 PGD Loss 	 PGD Acc
[2025/09/20 22:53:40] - 2.2935 	 	 0.5776 	 2.6656 	 0.3016
[2025/09/20 22:55:01] - 47 	 46.7 	 	 0.1303 	 3.9275 	 0.3794
[2025/09/20 22:55:01] - ==> Building model..
[2025/09/20 22:55:42] - Test Loss 	 Test Acc 	 PGD Loss 	 PGD Acc
[2025/09/20 22:55:42] - 2.2907 	 	 0.5785 	 2.6634 	 0.3022
[2025/09/20 22:57:03] - 48 	 46.9 	 	 0.1278 	 3.9227 	 0.3858
[2025/09/20 22:57:03] - ==> Building model..
[2025/09/20 22:57:41] - Test Loss 	 Test Acc 	 PGD Loss 	 PGD Acc
[2025/09/20 22:57:41] - 2.2886 	 	 0.5792 	 2.6617 	 0.3035
[2025/09/20 22:59:05] - 49 	 49.1 	 	 0.1253 	 3.9197 	 0.3885
[2025/09/20 22:59:05] - ==> Building model..
[2025/09/20 22:59:43] - Test Loss 	 Test Acc 	 PGD Loss 	 PGD Acc
[2025/09/20 22:59:43] - 2.2877 	 	 0.5782 	 2.6606 	 0.3042
[2025/09/20 23:01:05] - 50 	 47.1 	 	 0.1228 	 3.9172 	 0.3882
[2025/09/20 23:01:05] - ==> Building model..
[2025/09/20 23:01:44] - Test Loss 	 Test Acc 	 PGD Loss 	 PGD Acc
[2025/09/20 23:01:44] - 2.2874 	 	 0.5786 	 2.6601 	 0.3048
[2025/09/20 23:03:05] - 51 	 46.2 	 	 0.1203 	 3.9154 	 0.3905
[2025/09/20 23:03:05] - ==> Building model..
[2025/09/20 23:03:43] - Test Loss 	 Test Acc 	 PGD Loss 	 PGD Acc
[2025/09/20 23:03:43] - 2.2889 	 	 0.5799 	 2.6621 	 0.3046
[2025/09/20 23:05:08] - 52 	 49.1 	 	 0.1178 	 3.9128 	 0.3947
[2025/09/20 23:05:08] - ==> Building model..
[2025/09/20 23:05:47] - Test Loss 	 Test Acc 	 PGD Loss 	 PGD Acc
[2025/09/20 23:05:47] - 2.2882 	 	 0.5805 	 2.6612 	 0.3054
[2025/09/20 23:07:10] - 53 	 45.9 	 	 0.1153 	 3.9088 	 0.3973
[2025/09/20 23:07:10] - ==> Building model..
[2025/09/20 23:07:51] - Test Loss 	 Test Acc 	 PGD Loss 	 PGD Acc
[2025/09/20 23:07:51] - 2.2881 	 	 0.5808 	 2.6602 	 0.3062
[2025/09/20 23:09:11] - 54 	 44.2 	 	 0.1129 	 3.9082 	 0.3973
[2025/09/20 23:09:11] - ==> Building model..
[2025/09/20 23:09:53] - Test Loss 	 Test Acc 	 PGD Loss 	 PGD Acc
[2025/09/20 23:09:53] - 2.2883 	 	 0.5819 	 2.6602 	 0.3077
[2025/09/20 23:11:15] - 55 	 46.2 	 	 0.1104 	 3.9047 	 0.4027
[2025/09/20 23:11:15] - ==> Building model..
[2025/09/20 23:11:55] - Test Loss 	 Test Acc 	 PGD Loss 	 PGD Acc
[2025/09/20 23:11:55] - 2.2889 	 	 0.5814 	 2.6612 	 0.3071
[2025/09/20 23:13:16] - 56 	 44.9 	 	 0.1079 	 3.9021 	 0.4032
[2025/09/20 23:13:16] - ==> Building model..
[2025/09/20 23:13:56] - Test Loss 	 Test Acc 	 PGD Loss 	 PGD Acc
[2025/09/20 23:13:56] - 2.2901 	 	 0.5817 	 2.6611 	 0.3089
[2025/09/20 23:15:15] - 57 	 43.3 	 	 0.1054 	 3.8978 	 0.4065
[2025/09/20 23:15:15] - ==> Building model..
[2025/09/20 23:15:53] - Test Loss 	 Test Acc 	 PGD Loss 	 PGD Acc
[2025/09/20 23:15:53] - 2.2914 	 	 0.5821 	 2.6628 	 0.3091
[2025/09/20 23:17:15] - 58 	 47.4 	 	 0.1029 	 3.8946 	 0.4108
[2025/09/20 23:17:15] - ==> Building model..
[2025/09/20 23:17:52] - Test Loss 	 Test Acc 	 PGD Loss 	 PGD Acc
[2025/09/20 23:17:52] - 2.2934 	 	 0.5821 	 2.6635 	 0.3092
[2025/09/20 23:19:17] - 59 	 47.5 	 	 0.1004 	 3.8925 	 0.4120
[2025/09/20 23:19:17] - ==> Building model..
[2025/09/20 23:19:57] - Test Loss 	 Test Acc 	 PGD Loss 	 PGD Acc
[2025/09/20 23:19:57] - 2.2960 	 	 0.5818 	 2.6646 	 0.3099
[2025/09/20 23:21:15] - 60 	 44.9 	 	 0.0979 	 3.8865 	 0.4191
[2025/09/20 23:21:15] - ==> Building model..
[2025/09/20 23:21:54] - Test Loss 	 Test Acc 	 PGD Loss 	 PGD Acc
[2025/09/20 23:21:54] - 2.2970 	 	 0.5812 	 2.6654 	 0.3094
[2025/09/20 23:23:16] - 61 	 48.5 	 	 0.0954 	 3.8854 	 0.4150
[2025/09/20 23:23:16] - ==> Building model..
[2025/09/20 23:23:54] - Test Loss 	 Test Acc 	 PGD Loss 	 PGD Acc
[2025/09/20 23:23:54] - 2.2997 	 	 0.5811 	 2.6670 	 0.3091
[2025/09/20 23:25:15] - 62 	 46.7 	 	 0.0929 	 3.8787 	 0.4221
[2025/09/20 23:25:15] - ==> Building model..
[2025/09/20 23:25:55] - Test Loss 	 Test Acc 	 PGD Loss 	 PGD Acc
[2025/09/20 23:25:55] - 2.3027 	 	 0.5810 	 2.6695 	 0.3095
[2025/09/20 23:27:17] - 63 	 45.8 	 	 0.0904 	 3.8769 	 0.4256
[2025/09/20 23:27:17] - ==> Building model..
[2025/09/20 23:27:53] - Test Loss 	 Test Acc 	 PGD Loss 	 PGD Acc
[2025/09/20 23:27:53] - 2.3045 	 	 0.5819 	 2.6708 	 0.3096
[2025/09/20 23:29:16] - 64 	 49.1 	 	 0.0879 	 3.8699 	 0.4287
[2025/09/20 23:29:16] - ==> Building model..
[2025/09/20 23:29:53] - Test Loss 	 Test Acc 	 PGD Loss 	 PGD Acc
[2025/09/20 23:29:53] - 2.3065 	 	 0.5815 	 2.6724 	 0.3101
[2025/09/20 23:31:17] - 65 	 49.0 	 	 0.0854 	 3.8660 	 0.4327
[2025/09/20 23:31:17] - ==> Building model..
[2025/09/20 23:31:52] - Test Loss 	 Test Acc 	 PGD Loss 	 PGD Acc
[2025/09/20 23:31:52] - 2.3085 	 	 0.5815 	 2.6742 	 0.3103
[2025/09/20 23:33:14] - 66 	 46.9 	 	 0.0829 	 3.8605 	 0.4331
[2025/09/20 23:33:14] - ==> Building model..
[2025/09/20 23:33:52] - Test Loss 	 Test Acc 	 PGD Loss 	 PGD Acc
[2025/09/20 23:33:52] - 2.3111 	 	 0.5809 	 2.6758 	 0.3105
[2025/09/20 23:35:14] - 67 	 47.4 	 	 0.0804 	 3.8539 	 0.4403
[2025/09/20 23:35:14] - ==> Building model..
[2025/09/20 23:35:52] - Test Loss 	 Test Acc 	 PGD Loss 	 PGD Acc
[2025/09/20 23:35:52] - 2.3134 	 	 0.5814 	 2.6771 	 0.3103
[2025/09/20 23:37:14] - 68 	 46.8 	 	 0.0779 	 3.8486 	 0.4473
[2025/09/20 23:37:14] - ==> Building model..
[2025/09/20 23:37:50] - Test Loss 	 Test Acc 	 PGD Loss 	 PGD Acc
[2025/09/20 23:37:50] - 2.3149 	 	 0.5815 	 2.6786 	 0.3104
[2025/09/20 23:39:10] - 69 	 43.6 	 	 0.0754 	 3.8442 	 0.4481
[2025/09/20 23:39:10] - ==> Building model..
[2025/09/20 23:39:50] - Test Loss 	 Test Acc 	 PGD Loss 	 PGD Acc
[2025/09/20 23:39:50] - 2.3169 	 	 0.5815 	 2.6796 	 0.3097
[2025/09/20 23:41:12] - 70 	 45.9 	 	 0.0730 	 3.8373 	 0.4522
[2025/09/20 23:41:12] - ==> Building model..
[2025/09/20 23:41:52] - Test Loss 	 Test Acc 	 PGD Loss 	 PGD Acc
[2025/09/20 23:41:52] - 2.3200 	 	 0.5817 	 2.6824 	 0.3100
[2025/09/20 23:43:12] - 71 	 45.2 	 	 0.0705 	 3.8308 	 0.4567
[2025/09/20 23:43:12] - ==> Building model..
[2025/09/20 23:43:48] - Test Loss 	 Test Acc 	 PGD Loss 	 PGD Acc
[2025/09/20 23:43:48] - 2.3217 	 	 0.5814 	 2.6836 	 0.3101
[2025/09/20 23:45:08] - 72 	 44.7 	 	 0.0680 	 3.8245 	 0.4612
[2025/09/20 23:45:08] - ==> Building model..
[2025/09/20 23:45:44] - Test Loss 	 Test Acc 	 PGD Loss 	 PGD Acc
[2025/09/20 23:45:44] - 2.3245 	 	 0.5818 	 2.6861 	 0.3098
[2025/09/20 23:47:04] - 73 	 46.9 	 	 0.0655 	 3.8183 	 0.4655
[2025/09/20 23:47:04] - ==> Building model..
[2025/09/20 23:47:42] - Test Loss 	 Test Acc 	 PGD Loss 	 PGD Acc
[2025/09/20 23:47:42] - 2.3267 	 	 0.5813 	 2.6874 	 0.3102
[2025/09/20 23:49:05] - 74 	 49.2 	 	 0.0630 	 3.8110 	 0.4712
[2025/09/20 23:49:05] - ==> Building model..
[2025/09/20 23:49:43] - Test Loss 	 Test Acc 	 PGD Loss 	 PGD Acc
[2025/09/20 23:49:43] - 2.3297 	 	 0.5814 	 2.6901 	 0.3101
[2025/09/20 23:51:06] - 75 	 49.7 	 	 0.0605 	 3.8029 	 0.4789
[2025/09/20 23:51:06] - ==> Building model..
[2025/09/20 23:51:37] - Test Loss 	 Test Acc 	 PGD Loss 	 PGD Acc
[2025/09/20 23:51:37] - 2.3332 	 	 0.5808 	 2.6930 	 0.3101
[2025/09/20 23:53:01] - 76 	 49.5 	 	 0.0580 	 3.7959 	 0.4840
[2025/09/20 23:53:01] - ==> Building model..
[2025/09/20 23:53:40] - Test Loss 	 Test Acc 	 PGD Loss 	 PGD Acc
[2025/09/20 23:53:40] - 2.3351 	 	 0.5815 	 2.6945 	 0.3105
[2025/09/20 23:55:03] - 77 	 49.1 	 	 0.0555 	 3.7859 	 0.4909
[2025/09/20 23:55:03] - ==> Building model..
[2025/09/20 23:55:41] - Test Loss 	 Test Acc 	 PGD Loss 	 PGD Acc
[2025/09/20 23:55:41] - 2.3362 	 	 0.5815 	 2.6951 	 0.3099
[2025/09/20 23:57:05] - 78 	 48.8 	 	 0.0530 	 3.7797 	 0.4942
[2025/09/20 23:57:05] - ==> Building model..
[2025/09/20 23:57:35] - Test Loss 	 Test Acc 	 PGD Loss 	 PGD Acc
[2025/09/20 23:57:35] - 2.3367 	 	 0.5815 	 2.6961 	 0.3112
[2025/09/20 23:58:56] - 79 	 47.5 	 	 0.0505 	 3.7691 	 0.5039
[2025/09/20 23:58:56] - ==> Building model..
[2025/09/20 23:59:32] - Test Loss 	 Test Acc 	 PGD Loss 	 PGD Acc
[2025/09/20 23:59:32] - 2.3388 	 	 0.5816 	 2.6967 	 0.3110
[2025/09/21 00:00:55] - 80 	 48.2 	 	 0.0480 	 3.7596 	 0.5115
[2025/09/21 00:00:55] - ==> Building model..
[2025/09/21 00:01:33] - Test Loss 	 Test Acc 	 PGD Loss 	 PGD Acc
[2025/09/21 00:01:33] - 2.3395 	 	 0.5817 	 2.6974 	 0.3097
[2025/09/21 00:02:55] - 81 	 46.3 	 	 0.0455 	 3.7493 	 0.5213
[2025/09/21 00:02:55] - ==> Building model..
[2025/09/21 00:03:32] - Test Loss 	 Test Acc 	 PGD Loss 	 PGD Acc
[2025/09/21 00:03:32] - 2.3411 	 	 0.5808 	 2.6992 	 0.3102
[2025/09/21 00:04:55] - 82 	 45.4 	 	 0.0430 	 3.7412 	 0.5271
[2025/09/21 00:04:55] - ==> Building model..
[2025/09/21 00:05:37] - Test Loss 	 Test Acc 	 PGD Loss 	 PGD Acc
[2025/09/21 00:05:37] - 2.3419 	 	 0.5809 	 2.6995 	 0.3107
[2025/09/21 00:06:58] - 83 	 45.1 	 	 0.0405 	 3.7272 	 0.5365
[2025/09/21 00:06:58] - ==> Building model..
[2025/09/21 00:07:37] - Test Loss 	 Test Acc 	 PGD Loss 	 PGD Acc
[2025/09/21 00:07:37] - 2.3449 	 	 0.5805 	 2.7014 	 0.3102
[2025/09/21 00:08:59] - 84 	 46.1 	 	 0.0380 	 3.7178 	 0.5478
[2025/09/21 00:08:59] - ==> Building model..
[2025/09/21 00:09:36] - Test Loss 	 Test Acc 	 PGD Loss 	 PGD Acc
[2025/09/21 00:09:36] - 2.3449 	 	 0.5805 	 2.7026 	 0.3103
[2025/09/21 00:10:59] - 85 	 46.7 	 	 0.0355 	 3.7034 	 0.5595
[2025/09/21 00:10:59] - ==> Building model..
[2025/09/21 00:11:37] - Test Loss 	 Test Acc 	 PGD Loss 	 PGD Acc
[2025/09/21 00:11:37] - 2.3449 	 	 0.5805 	 2.7023 	 0.3099
[2025/09/21 00:12:57] - 86 	 47.2 	 	 0.0331 	 3.6909 	 0.5669
[2025/09/21 00:12:57] - ==> Building model..
[2025/09/21 00:13:34] - Test Loss 	 Test Acc 	 PGD Loss 	 PGD Acc
[2025/09/21 00:13:34] - 2.3473 	 	 0.5802 	 2.7038 	 0.3101
[2025/09/21 00:14:57] - 87 	 47.0 	 	 0.0306 	 3.6744 	 0.5818
[2025/09/21 00:14:57] - ==> Building model..
[2025/09/21 00:15:35] - Test Loss 	 Test Acc 	 PGD Loss 	 PGD Acc
[2025/09/21 00:15:35] - 2.3473 	 	 0.5802 	 2.7043 	 0.3093
[2025/09/21 00:16:56] - 88 	 46.4 	 	 0.0281 	 3.6581 	 0.5987
[2025/09/21 00:16:56] - ==> Building model..
[2025/09/21 00:17:34] - Test Loss 	 Test Acc 	 PGD Loss 	 PGD Acc
[2025/09/21 00:17:34] - 2.3473 	 	 0.5802 	 2.7044 	 0.3100
[2025/09/21 00:18:57] - 89 	 47.9 	 	 0.0256 	 3.6412 	 0.6132
[2025/09/21 00:18:57] - ==> Building model..
[2025/09/21 00:19:34] - Test Loss 	 Test Acc 	 PGD Loss 	 PGD Acc
[2025/09/21 00:19:34] - 2.3473 	 	 0.5802 	 2.7041 	 0.3104
[2025/09/21 00:20:55] - 90 	 47.3 	 	 0.0231 	 3.6229 	 0.6307
[2025/09/21 00:20:55] - ==> Building model..
[2025/09/21 00:21:34] - Test Loss 	 Test Acc 	 PGD Loss 	 PGD Acc
[2025/09/21 00:21:34] - 2.3473 	 	 0.5802 	 2.7039 	 0.3095
[2025/09/21 00:22:51] - 91 	 44.4 	 	 0.0206 	 3.6035 	 0.6489
[2025/09/21 00:22:51] - ==> Building model..
[2025/09/21 00:23:29] - Test Loss 	 Test Acc 	 PGD Loss 	 PGD Acc
[2025/09/21 00:23:29] - 2.3473 	 	 0.5802 	 2.7036 	 0.3092
[2025/09/21 00:24:53] - 92 	 47.5 	 	 0.0181 	 3.5794 	 0.6696
[2025/09/21 00:24:53] - ==> Building model..
[2025/09/21 00:25:31] - Test Loss 	 Test Acc 	 PGD Loss 	 PGD Acc
[2025/09/21 00:25:31] - 2.3473 	 	 0.5802 	 2.7043 	 0.3098
[2025/09/21 00:26:52] - 93 	 47.1 	 	 0.0156 	 3.5521 	 0.6960
[2025/09/21 00:26:52] - ==> Building model..
[2025/09/21 00:27:31] - Test Loss 	 Test Acc 	 PGD Loss 	 PGD Acc
[2025/09/21 00:27:31] - 2.3473 	 	 0.5802 	 2.7042 	 0.3096
[2025/09/21 00:28:52] - 94 	 43.9 	 	 0.0131 	 3.5264 	 0.7236
[2025/09/21 00:28:52] - ==> Building model..
[2025/09/21 00:29:30] - Test Loss 	 Test Acc 	 PGD Loss 	 PGD Acc
[2025/09/21 00:29:30] - 2.3473 	 	 0.5802 	 2.7044 	 0.3102
[2025/09/21 00:30:55] - 95 	 47.7 	 	 0.0106 	 3.4977 	 0.7480
[2025/09/21 00:30:55] - ==> Building model..
[2025/09/21 00:31:35] - Test Loss 	 Test Acc 	 PGD Loss 	 PGD Acc
[2025/09/21 00:31:35] - 2.3473 	 	 0.5802 	 2.7045 	 0.3098
[2025/09/21 00:32:56] - 96 	 44.2 	 	 0.0081 	 3.4676 	 0.7762
[2025/09/21 00:32:56] - ==> Building model..
[2025/09/21 00:33:37] - Test Loss 	 Test Acc 	 PGD Loss 	 PGD Acc
[2025/09/21 00:33:37] - 2.3473 	 	 0.5802 	 2.7038 	 0.3099
[2025/09/21 00:34:54] - 97 	 42.1 	 	 0.0056 	 3.4378 	 0.8043
[2025/09/21 00:34:54] - ==> Building model..
[2025/09/21 00:35:35] - Test Loss 	 Test Acc 	 PGD Loss 	 PGD Acc
[2025/09/21 00:35:35] - 2.3473 	 	 0.5802 	 2.7043 	 0.3097
[2025/09/21 00:36:57] - 98 	 46.4 	 	 0.0031 	 3.4064 	 0.8316
[2025/09/21 00:36:57] - ==> Building model..
[2025/09/21 00:37:35] - Test Loss 	 Test Acc 	 PGD Loss 	 PGD Acc
[2025/09/21 00:37:35] - 2.3473 	 	 0.5802 	 2.7034 	 0.3098
[2025/09/21 00:38:59] - 99 	 46.4 	 	 0.0006 	 3.3784 	 0.8568
[2025/09/21 00:38:59] - ==> Building model..
[2025/09/21 00:39:39] - Test Loss 	 Test Acc 	 PGD Loss 	 PGD Acc
[2025/09/21 00:39:39] - 2.3473 	 	 0.5802 	 2.7039 	 0.3104
[2025/09/21 00:39:39] - [0.0796, 0.1293, 0.1834, 0.221, 0.2489, 0.2811, 0.3209, 0.3565, 0.3815, 0.4037, 0.4208, 0.434, 0.4403, 0.4446, 0.4407, 0.4356, 0.4155, 0.4014, 0.3992, 0.4079, 0.4263, 0.4492, 0.467, 0.4823, 0.4957, 0.5082, 0.5178, 0.5259, 0.5308, 0.5369, 0.5418, 0.5471, 0.5483, 0.5528, 0.5546, 0.5572, 0.5599, 0.5643, 0.5655, 0.5661, 0.5674, 0.5696, 0.5714, 0.5729, 0.5748, 0.576, 0.5776, 0.5785, 0.5792, 0.5782, 0.5786, 0.5799, 0.5805, 0.5808, 0.5819, 0.5814, 0.5817, 0.5821, 0.5821, 0.5818, 0.5812, 0.5811, 0.581, 0.5819, 0.5815, 0.5815, 0.5809, 0.5814, 0.5815, 0.5815, 0.5817, 0.5814, 0.5818, 0.5813, 0.5814, 0.5808, 0.5815, 0.5815, 0.5815, 0.5816, 0.5817, 0.5808, 0.5809, 0.5805, 0.5805, 0.5805, 0.5802, 0.5802, 0.5802, 0.5802, 0.5802, 0.5802, 0.5802, 0.5802, 0.5802, 0.5802, 0.5802, 0.5802, 0.5802, 0.5802]
[2025/09/21 00:39:39] - [0.0439, 0.0754, 0.1076, 0.1274, 0.1409, 0.1598, 0.1809, 0.1952, 0.2055, 0.2153, 0.223, 0.231, 0.2335, 0.2369, 0.232, 0.2294, 0.2156, 0.209, 0.2063, 0.2118, 0.2234, 0.2359, 0.2479, 0.2579, 0.2673, 0.2742, 0.2771, 0.2805, 0.2834, 0.2849, 0.2857, 0.2889, 0.2887, 0.2895, 0.2909, 0.2928, 0.2942, 0.2953, 0.2967, 0.2975, 0.2982, 0.2984, 0.2984, 0.2986, 0.2997, 0.3015, 0.3016, 0.3022, 0.3035, 0.3042, 0.3048, 0.3046, 0.3054, 0.3062, 0.3077, 0.3071, 0.3089, 0.3091, 0.3092, 0.3099, 0.3094, 0.3091, 0.3095, 0.3096, 0.3101, 0.3103, 0.3105, 0.3103, 0.3104, 0.3097, 0.31, 0.3101, 0.3098, 0.3102, 0.3101, 0.3101, 0.3105, 0.3099, 0.3112, 0.311, 0.3097, 0.3102, 0.3107, 0.3102, 0.3103, 0.3099, 0.3101, 0.3093, 0.31, 0.3104, 0.3095, 0.3092, 0.3098, 0.3096, 0.3102, 0.3098, 0.3099, 0.3097, 0.3098, 0.3104]
