[2025/09/20 00:33:32] - Namespace(batch_size=128, data_dir='cifar-data', epochs=100, lr_schedule='multistep', lr_min=0.0, lr_max=0.2, weight_decay=0.0005, momentum=0.9, model='ResNet18', epsilon=8, alpha=8, delta_init='random', normal_mean=0, normal_std=1, out_dir='./output/', seed=0, lamda=42, lam_scale=0.015, gamma=0.05, inner_gamma=0.05, beta=0.2, mu=3.5, batch_m=0.75, early_stop=False, factor=0.5, length=4, n_holes=1, c_num=0.125, EMA_value=0.55)
[2025/09/20 00:33:38] - ==> Building model..
[2025/09/20 00:33:38] - Epoch 	 Seconds 	 LR 	 	 Train Loss 	 Train Acc
[2025/09/20 00:34:42] - 0 	 36.2 	 	 0.0100 	 4.6434 	 0.0264
[2025/09/20 00:34:42] - ==> Building model..
[2025/09/20 00:35:18] - Test Loss 	 Test Acc 	 PGD Loss 	 PGD Acc
[2025/09/20 00:35:18] - 4.2739 	 	 0.0792 	 4.2927 	 0.0444
[2025/09/20 00:36:38] - 1 	 47.6 	 	 0.0199 	 4.4886 	 0.0649
[2025/09/20 00:36:38] - ==> Building model..
[2025/09/20 00:37:14] - Test Loss 	 Test Acc 	 PGD Loss 	 PGD Acc
[2025/09/20 00:37:14] - 4.0320 	 	 0.1347 	 4.0653 	 0.0785
[2025/09/20 00:38:33] - 2 	 46.9 	 	 0.0299 	 4.4317 	 0.0962
[2025/09/20 00:38:33] - ==> Building model..
[2025/09/20 00:39:08] - Test Loss 	 Test Acc 	 PGD Loss 	 PGD Acc
[2025/09/20 00:39:08] - 3.8371 	 	 0.1856 	 3.8874 	 0.1088
[2025/09/20 00:40:28] - 3 	 46.7 	 	 0.0399 	 4.3855 	 0.1176
[2025/09/20 00:40:28] - ==> Building model..
[2025/09/20 00:41:05] - Test Loss 	 Test Acc 	 PGD Loss 	 PGD Acc
[2025/09/20 00:41:05] - 3.6739 	 	 0.2194 	 3.7435 	 0.1277
[2025/09/20 00:42:23] - 4 	 44.8 	 	 0.0499 	 4.3471 	 0.1401
[2025/09/20 00:42:23] - ==> Building model..
[2025/09/20 00:43:02] - Test Loss 	 Test Acc 	 PGD Loss 	 PGD Acc
[2025/09/20 00:43:02] - 3.5620 	 	 0.2451 	 3.6468 	 0.1406
[2025/09/20 00:44:24] - 5 	 46.5 	 	 0.0598 	 4.3099 	 0.1590
[2025/09/20 00:44:24] - ==> Building model..
[2025/09/20 00:45:02] - Test Loss 	 Test Acc 	 PGD Loss 	 PGD Acc
[2025/09/20 00:45:02] - 3.4395 	 	 0.2819 	 3.5443 	 0.1587
[2025/09/20 00:46:21] - 6 	 44.9 	 	 0.0698 	 4.2735 	 0.1761
[2025/09/20 00:46:21] - ==> Building model..
[2025/09/20 00:47:00] - Test Loss 	 Test Acc 	 PGD Loss 	 PGD Acc
[2025/09/20 00:47:00] - 3.2985 	 	 0.3186 	 3.4293 	 0.1787
[2025/09/20 00:48:22] - 7 	 46.2 	 	 0.0798 	 4.2391 	 0.1943
[2025/09/20 00:48:22] - ==> Building model..
[2025/09/20 00:49:02] - Test Loss 	 Test Acc 	 PGD Loss 	 PGD Acc
[2025/09/20 00:49:02] - 3.1791 	 	 0.3522 	 3.3342 	 0.1939
[2025/09/20 00:50:25] - 8 	 47.4 	 	 0.0898 	 4.2075 	 0.2125
[2025/09/20 00:50:25] - ==> Building model..
[2025/09/20 00:51:03] - Test Loss 	 Test Acc 	 PGD Loss 	 PGD Acc
[2025/09/20 00:51:03] - 3.0890 	 	 0.3785 	 3.2635 	 0.2047
[2025/09/20 00:52:26] - 9 	 47.9 	 	 0.0997 	 4.1812 	 0.2282
[2025/09/20 00:52:26] - ==> Building model..
[2025/09/20 00:53:05] - Test Loss 	 Test Acc 	 PGD Loss 	 PGD Acc
[2025/09/20 00:53:05] - 3.0175 	 	 0.4026 	 3.2111 	 0.2149
[2025/09/20 00:54:29] - 10 	 48.1 	 	 0.1097 	 4.1587 	 0.2389
[2025/09/20 00:54:29] - ==> Building model..
[2025/09/20 00:55:06] - Test Loss 	 Test Acc 	 PGD Loss 	 PGD Acc
[2025/09/20 00:55:06] - 2.9756 	 	 0.4204 	 3.1831 	 0.2231
[2025/09/20 00:56:31] - 11 	 49.8 	 	 0.1197 	 4.1420 	 0.2479
[2025/09/20 00:56:31] - ==> Building model..
[2025/09/20 00:57:08] - Test Loss 	 Test Acc 	 PGD Loss 	 PGD Acc
[2025/09/20 00:57:08] - 2.9405 	 	 0.4344 	 3.1586 	 0.2313
[2025/09/20 00:58:28] - 12 	 46.3 	 	 0.1297 	 4.1245 	 0.2578
[2025/09/20 00:58:28] - ==> Building model..
[2025/09/20 00:59:04] - Test Loss 	 Test Acc 	 PGD Loss 	 PGD Acc
[2025/09/20 00:59:04] - 2.9382 	 	 0.4435 	 3.1611 	 0.2324
[2025/09/20 01:00:26] - 13 	 47.4 	 	 0.1396 	 4.1127 	 0.2641
[2025/09/20 01:00:26] - ==> Building model..
[2025/09/20 01:01:03] - Test Loss 	 Test Acc 	 PGD Loss 	 PGD Acc
[2025/09/20 01:01:03] - 2.9550 	 	 0.4499 	 3.1802 	 0.2385
[2025/09/20 01:02:26] - 14 	 46.9 	 	 0.1496 	 4.0986 	 0.2743
[2025/09/20 01:02:26] - ==> Building model..
[2025/09/20 01:03:02] - Test Loss 	 Test Acc 	 PGD Loss 	 PGD Acc
[2025/09/20 01:03:02] - 2.9909 	 	 0.4507 	 3.2137 	 0.2397
[2025/09/20 01:04:23] - 15 	 46.3 	 	 0.1596 	 4.0861 	 0.2807
[2025/09/20 01:04:23] - ==> Building model..
[2025/09/20 01:05:01] - Test Loss 	 Test Acc 	 PGD Loss 	 PGD Acc
[2025/09/20 01:05:01] - 3.0762 	 	 0.4412 	 3.2857 	 0.2325
[2025/09/20 01:06:21] - 16 	 45.3 	 	 0.1696 	 4.0780 	 0.2822
[2025/09/20 01:06:21] - ==> Building model..
[2025/09/20 01:06:58] - Test Loss 	 Test Acc 	 PGD Loss 	 PGD Acc
[2025/09/20 01:06:58] - 3.1835 	 	 0.4229 	 3.3753 	 0.2207
[2025/09/20 01:08:17] - 17 	 44.5 	 	 0.1795 	 4.0727 	 0.2870
[2025/09/20 01:08:17] - ==> Building model..
[2025/09/20 01:08:56] - Test Loss 	 Test Acc 	 PGD Loss 	 PGD Acc
[2025/09/20 01:08:56] - 3.2663 	 	 0.4061 	 3.4438 	 0.2090
[2025/09/20 01:10:15] - 18 	 45.5 	 	 0.1895 	 4.0653 	 0.2922
[2025/09/20 01:10:15] - ==> Building model..
[2025/09/20 01:10:53] - Test Loss 	 Test Acc 	 PGD Loss 	 PGD Acc
[2025/09/20 01:10:53] - 3.3171 	 	 0.3992 	 3.4869 	 0.2035
[2025/09/20 01:12:11] - 19 	 43.8 	 	 0.1995 	 4.0610 	 0.2944
[2025/09/20 01:12:11] - ==> Building model..
[2025/09/20 01:12:50] - Test Loss 	 Test Acc 	 PGD Loss 	 PGD Acc
[2025/09/20 01:12:50] - 3.2990 	 	 0.4016 	 3.4726 	 0.2073
[2025/09/20 01:14:08] - 20 	 44.6 	 	 0.1976 	 4.0548 	 0.2985
[2025/09/20 01:14:08] - ==> Building model..
[2025/09/20 01:14:47] - Test Loss 	 Test Acc 	 PGD Loss 	 PGD Acc
[2025/09/20 01:14:47] - 3.2296 	 	 0.4186 	 3.4175 	 0.2180
[2025/09/20 01:16:04] - 21 	 42.8 	 	 0.1951 	 4.0470 	 0.3030
[2025/09/20 01:16:04] - ==> Building model..
[2025/09/20 01:16:42] - Test Loss 	 Test Acc 	 PGD Loss 	 PGD Acc
[2025/09/20 01:16:42] - 3.1397 	 	 0.4378 	 3.3451 	 0.2279
[2025/09/20 01:18:00] - 22 	 44.6 	 	 0.1926 	 4.0412 	 0.3062
[2025/09/20 01:18:00] - ==> Building model..
[2025/09/20 01:18:37] - Test Loss 	 Test Acc 	 PGD Loss 	 PGD Acc
[2025/09/20 01:18:37] - 3.0145 	 	 0.4627 	 3.2445 	 0.2419
[2025/09/20 01:19:57] - 23 	 45.6 	 	 0.1902 	 4.0347 	 0.3091
[2025/09/20 01:19:57] - ==> Building model..
[2025/09/20 01:20:33] - Test Loss 	 Test Acc 	 PGD Loss 	 PGD Acc
[2025/09/20 01:20:33] - 2.9223 	 	 0.4791 	 3.1692 	 0.2509
[2025/09/20 01:21:52] - 24 	 44.5 	 	 0.1877 	 4.0261 	 0.3141
[2025/09/20 01:21:52] - ==> Building model..
[2025/09/20 01:22:28] - Test Loss 	 Test Acc 	 PGD Loss 	 PGD Acc
[2025/09/20 01:22:28] - 2.8302 	 	 0.4929 	 3.0941 	 0.2613
[2025/09/20 01:23:48] - 25 	 45.2 	 	 0.1852 	 4.0198 	 0.3218
[2025/09/20 01:23:48] - ==> Building model..
[2025/09/20 01:24:24] - Test Loss 	 Test Acc 	 PGD Loss 	 PGD Acc
[2025/09/20 01:24:24] - 2.7482 	 	 0.5048 	 3.0274 	 0.2704
[2025/09/20 01:25:45] - 26 	 46.1 	 	 0.1827 	 4.0141 	 0.3224
[2025/09/20 01:25:45] - ==> Building model..
[2025/09/20 01:26:21] - Test Loss 	 Test Acc 	 PGD Loss 	 PGD Acc
[2025/09/20 01:26:21] - 2.6742 	 	 0.5135 	 2.9662 	 0.2747
[2025/09/20 01:27:44] - 27 	 46.7 	 	 0.1802 	 4.0090 	 0.3269
[2025/09/20 01:27:44] - ==> Building model..
[2025/09/20 01:28:20] - Test Loss 	 Test Acc 	 PGD Loss 	 PGD Acc
[2025/09/20 01:28:20] - 2.6241 	 	 0.5218 	 2.9260 	 0.2760
[2025/09/20 01:29:37] - 28 	 44.1 	 	 0.1777 	 4.0040 	 0.3298
[2025/09/20 01:29:37] - ==> Building model..
[2025/09/20 01:30:12] - Test Loss 	 Test Acc 	 PGD Loss 	 PGD Acc
[2025/09/20 01:30:12] - 2.5824 	 	 0.5276 	 2.8922 	 0.2805
[2025/09/20 01:31:33] - 29 	 46.8 	 	 0.1752 	 3.9990 	 0.3322
[2025/09/20 01:31:33] - ==> Building model..
[2025/09/20 01:32:10] - Test Loss 	 Test Acc 	 PGD Loss 	 PGD Acc
[2025/09/20 01:32:10] - 2.5411 	 	 0.5344 	 2.8583 	 0.2837
[2025/09/20 01:33:34] - 30 	 47.5 	 	 0.1727 	 3.9939 	 0.3356
[2025/09/20 01:33:34] - ==> Building model..
[2025/09/20 01:34:10] - Test Loss 	 Test Acc 	 PGD Loss 	 PGD Acc
[2025/09/20 01:34:10] - 2.5062 	 	 0.5400 	 2.8311 	 0.2862
[2025/09/20 01:35:32] - 31 	 47.3 	 	 0.1702 	 3.9897 	 0.3386
[2025/09/20 01:35:32] - ==> Building model..
[2025/09/20 01:36:09] - Test Loss 	 Test Acc 	 PGD Loss 	 PGD Acc
[2025/09/20 01:36:09] - 2.4803 	 	 0.5435 	 2.8105 	 0.2876
[2025/09/20 01:37:33] - 32 	 46.8 	 	 0.1677 	 3.9842 	 0.3405
[2025/09/20 01:37:33] - ==> Building model..
[2025/09/20 01:38:09] - Test Loss 	 Test Acc 	 PGD Loss 	 PGD Acc
[2025/09/20 01:38:09] - 2.4576 	 	 0.5466 	 2.7921 	 0.2884
[2025/09/20 01:39:31] - 33 	 46.6 	 	 0.1652 	 3.9796 	 0.3434
[2025/09/20 01:39:31] - ==> Building model..
[2025/09/20 01:40:10] - Test Loss 	 Test Acc 	 PGD Loss 	 PGD Acc
[2025/09/20 01:40:10] - 2.4352 	 	 0.5507 	 2.7747 	 0.2906
[2025/09/20 01:41:35] - 34 	 47.6 	 	 0.1627 	 3.9757 	 0.3459
[2025/09/20 01:41:35] - ==> Building model..
[2025/09/20 01:42:11] - Test Loss 	 Test Acc 	 PGD Loss 	 PGD Acc
[2025/09/20 01:42:11] - 2.4182 	 	 0.5528 	 2.7603 	 0.2901
[2025/09/20 01:43:34] - 35 	 46.8 	 	 0.1602 	 3.9689 	 0.3522
[2025/09/20 01:43:34] - ==> Building model..
[2025/09/20 01:44:11] - Test Loss 	 Test Acc 	 PGD Loss 	 PGD Acc
[2025/09/20 01:44:11] - 2.4059 	 	 0.5560 	 2.7510 	 0.2915
[2025/09/20 01:45:32] - 36 	 46.0 	 	 0.1577 	 3.9668 	 0.3544
[2025/09/20 01:45:32] - ==> Building model..
[2025/09/20 01:46:09] - Test Loss 	 Test Acc 	 PGD Loss 	 PGD Acc
[2025/09/20 01:46:09] - 2.3904 	 	 0.5578 	 2.7386 	 0.2937
[2025/09/20 01:47:33] - 37 	 46.9 	 	 0.1552 	 3.9623 	 0.3553
[2025/09/20 01:47:33] - ==> Building model..
[2025/09/20 01:48:09] - Test Loss 	 Test Acc 	 PGD Loss 	 PGD Acc
[2025/09/20 01:48:09] - 2.3782 	 	 0.5606 	 2.7300 	 0.2953
[2025/09/20 01:49:32] - 38 	 46.0 	 	 0.1527 	 3.9574 	 0.3584
[2025/09/20 01:49:32] - ==> Building model..
[2025/09/20 01:50:08] - Test Loss 	 Test Acc 	 PGD Loss 	 PGD Acc
[2025/09/20 01:50:08] - 2.3666 	 	 0.5631 	 2.7210 	 0.2946
[2025/09/20 01:51:27] - 39 	 44.4 	 	 0.1503 	 3.9540 	 0.3623
[2025/09/20 01:51:27] - ==> Building model..
[2025/09/20 01:52:05] - Test Loss 	 Test Acc 	 PGD Loss 	 PGD Acc
[2025/09/20 01:52:05] - 2.3557 	 	 0.5635 	 2.7119 	 0.2946
[2025/09/20 01:53:26] - 40 	 45.1 	 	 0.1478 	 3.9497 	 0.3633
[2025/09/20 01:53:26] - ==> Building model..
[2025/09/20 01:54:03] - Test Loss 	 Test Acc 	 PGD Loss 	 PGD Acc
[2025/09/20 01:54:03] - 2.3462 	 	 0.5657 	 2.7040 	 0.2952
[2025/09/20 01:55:27] - 41 	 48.0 	 	 0.1453 	 3.9478 	 0.3647
[2025/09/20 01:55:27] - ==> Building model..
[2025/09/20 01:56:04] - Test Loss 	 Test Acc 	 PGD Loss 	 PGD Acc
[2025/09/20 01:56:04] - 2.3364 	 	 0.5665 	 2.6964 	 0.2956
[2025/09/20 01:57:25] - 42 	 46.4 	 	 0.1428 	 3.9435 	 0.3679
[2025/09/20 01:57:25] - ==> Building model..
[2025/09/20 01:58:01] - Test Loss 	 Test Acc 	 PGD Loss 	 PGD Acc
[2025/09/20 01:58:01] - 2.3293 	 	 0.5688 	 2.6914 	 0.2972
[2025/09/20 01:59:21] - 43 	 46.0 	 	 0.1403 	 3.9393 	 0.3702
[2025/09/20 01:59:21] - ==> Building model..
[2025/09/20 01:59:58] - Test Loss 	 Test Acc 	 PGD Loss 	 PGD Acc
[2025/09/20 01:59:58] - 2.3217 	 	 0.5704 	 2.6860 	 0.2965
[2025/09/20 02:01:16] - 44 	 45.6 	 	 0.1378 	 3.9366 	 0.3708
[2025/09/20 02:01:16] - ==> Building model..
[2025/09/20 02:01:52] - Test Loss 	 Test Acc 	 PGD Loss 	 PGD Acc
[2025/09/20 02:01:52] - 2.3142 	 	 0.5718 	 2.6807 	 0.2969
[2025/09/20 02:03:13] - 45 	 46.6 	 	 0.1353 	 3.9303 	 0.3762
[2025/09/20 02:03:13] - ==> Building model..
[2025/09/20 02:03:49] - Test Loss 	 Test Acc 	 PGD Loss 	 PGD Acc
[2025/09/20 02:03:49] - 2.3095 	 	 0.5717 	 2.6767 	 0.2986
[2025/09/20 02:05:07] - 46 	 45.0 	 	 0.1328 	 3.9268 	 0.3783
[2025/09/20 02:05:07] - ==> Building model..
[2025/09/20 02:05:43] - Test Loss 	 Test Acc 	 PGD Loss 	 PGD Acc
[2025/09/20 02:05:43] - 2.3035 	 	 0.5742 	 2.6715 	 0.2989
[2025/09/20 02:07:05] - 47 	 45.2 	 	 0.1303 	 3.9234 	 0.3786
[2025/09/20 02:07:05] - ==> Building model..
[2025/09/20 02:07:42] - Test Loss 	 Test Acc 	 PGD Loss 	 PGD Acc
[2025/09/20 02:07:42] - 2.2971 	 	 0.5754 	 2.6670 	 0.2990
[2025/09/20 02:09:02] - 48 	 44.9 	 	 0.1278 	 3.9187 	 0.3837
[2025/09/20 02:09:02] - ==> Building model..
[2025/09/20 02:09:38] - Test Loss 	 Test Acc 	 PGD Loss 	 PGD Acc
[2025/09/20 02:09:38] - 2.2937 	 	 0.5768 	 2.6643 	 0.2991
[2025/09/20 02:11:00] - 49 	 46.2 	 	 0.1253 	 3.9135 	 0.3885
[2025/09/20 02:11:00] - ==> Building model..
[2025/09/20 02:11:38] - Test Loss 	 Test Acc 	 PGD Loss 	 PGD Acc
[2025/09/20 02:11:38] - 2.2901 	 	 0.5771 	 2.6608 	 0.2991
[2025/09/20 02:12:59] - 50 	 46.2 	 	 0.1228 	 3.9109 	 0.3887
[2025/09/20 02:12:59] - ==> Building model..
[2025/09/20 02:13:36] - Test Loss 	 Test Acc 	 PGD Loss 	 PGD Acc
[2025/09/20 02:13:36] - 2.2856 	 	 0.5775 	 2.6581 	 0.2994
[2025/09/20 02:14:58] - 51 	 45.4 	 	 0.1203 	 3.9079 	 0.3890
[2025/09/20 02:14:58] - ==> Building model..
[2025/09/20 02:15:34] - Test Loss 	 Test Acc 	 PGD Loss 	 PGD Acc
[2025/09/20 02:15:34] - 2.2815 	 	 0.5784 	 2.6555 	 0.2995
[2025/09/20 02:16:56] - 52 	 47.1 	 	 0.1178 	 3.9042 	 0.3922
[2025/09/20 02:16:56] - ==> Building model..
[2025/09/20 02:17:33] - Test Loss 	 Test Acc 	 PGD Loss 	 PGD Acc
[2025/09/20 02:17:33] - 2.2772 	 	 0.5798 	 2.6525 	 0.3024
[2025/09/20 02:18:53] - 53 	 44.9 	 	 0.1153 	 3.8999 	 0.3961
[2025/09/20 02:18:53] - ==> Building model..
[2025/09/20 02:19:28] - Test Loss 	 Test Acc 	 PGD Loss 	 PGD Acc
[2025/09/20 02:19:28] - 2.2720 	 	 0.5804 	 2.6479 	 0.3031
[2025/09/20 02:20:49] - 54 	 45.6 	 	 0.1129 	 3.8970 	 0.3988
[2025/09/20 02:20:49] - ==> Building model..
[2025/09/20 02:21:25] - Test Loss 	 Test Acc 	 PGD Loss 	 PGD Acc
[2025/09/20 02:21:25] - 2.2683 	 	 0.5808 	 2.6448 	 0.3044
[2025/09/20 02:22:47] - 55 	 47.1 	 	 0.1104 	 3.8920 	 0.4021
[2025/09/20 02:22:47] - ==> Building model..
[2025/09/20 02:23:23] - Test Loss 	 Test Acc 	 PGD Loss 	 PGD Acc
[2025/09/20 02:23:23] - 2.2641 	 	 0.5818 	 2.6417 	 0.3056
[2025/09/20 02:24:46] - 56 	 47.3 	 	 0.1079 	 3.8880 	 0.4066
[2025/09/20 02:24:46] - ==> Building model..
[2025/09/20 02:25:23] - Test Loss 	 Test Acc 	 PGD Loss 	 PGD Acc
[2025/09/20 02:25:23] - 2.2614 	 	 0.5829 	 2.6400 	 0.3061
[2025/09/20 02:26:42] - 57 	 45.7 	 	 0.1054 	 3.8845 	 0.4054
[2025/09/20 02:26:42] - ==> Building model..
[2025/09/20 02:27:18] - Test Loss 	 Test Acc 	 PGD Loss 	 PGD Acc
[2025/09/20 02:27:18] - 2.2583 	 	 0.5843 	 2.6374 	 0.3069
[2025/09/20 02:28:37] - 58 	 46.2 	 	 0.1029 	 3.8802 	 0.4096
[2025/09/20 02:28:37] - ==> Building model..
[2025/09/20 02:29:13] - Test Loss 	 Test Acc 	 PGD Loss 	 PGD Acc
[2025/09/20 02:29:13] - 2.2558 	 	 0.5845 	 2.6359 	 0.3065
[2025/09/20 02:30:33] - 59 	 46.1 	 	 0.1004 	 3.8752 	 0.4135
[2025/09/20 02:30:33] - ==> Building model..
[2025/09/20 02:31:10] - Test Loss 	 Test Acc 	 PGD Loss 	 PGD Acc
[2025/09/20 02:31:10] - 2.2529 	 	 0.5846 	 2.6331 	 0.3062
[2025/09/20 02:32:27] - 60 	 43.3 	 	 0.0979 	 3.8684 	 0.4190
[2025/09/20 02:32:27] - ==> Building model..
[2025/09/20 02:33:05] - Test Loss 	 Test Acc 	 PGD Loss 	 PGD Acc
[2025/09/20 02:33:05] - 2.2514 	 	 0.5851 	 2.6317 	 0.3071
[2025/09/20 02:34:24] - 61 	 44.8 	 	 0.0954 	 3.8664 	 0.4172
[2025/09/20 02:34:24] - ==> Building model..
[2025/09/20 02:35:04] - Test Loss 	 Test Acc 	 PGD Loss 	 PGD Acc
[2025/09/20 02:35:04] - 2.2489 	 	 0.5855 	 2.6301 	 0.3068
[2025/09/20 02:36:22] - 62 	 43.9 	 	 0.0929 	 3.8609 	 0.4247
[2025/09/20 02:36:22] - ==> Building model..
[2025/09/20 02:37:03] - Test Loss 	 Test Acc 	 PGD Loss 	 PGD Acc
[2025/09/20 02:37:03] - 2.2468 	 	 0.5854 	 2.6289 	 0.3075
[2025/09/20 02:38:22] - 63 	 42.2 	 	 0.0904 	 3.8575 	 0.4251
[2025/09/20 02:38:22] - ==> Building model..
[2025/09/20 02:39:01] - Test Loss 	 Test Acc 	 PGD Loss 	 PGD Acc
[2025/09/20 02:39:01] - 2.2463 	 	 0.5860 	 2.6279 	 0.3078
[2025/09/20 02:40:17] - 64 	 42.3 	 	 0.0879 	 3.8498 	 0.4328
[2025/09/20 02:40:17] - ==> Building model..
[2025/09/20 02:40:54] - Test Loss 	 Test Acc 	 PGD Loss 	 PGD Acc
[2025/09/20 02:40:54] - 2.2457 	 	 0.5865 	 2.6275 	 0.3080
[2025/09/20 02:42:12] - 65 	 43.5 	 	 0.0854 	 3.8468 	 0.4321
[2025/09/20 02:42:12] - ==> Building model..
[2025/09/20 02:42:49] - Test Loss 	 Test Acc 	 PGD Loss 	 PGD Acc
[2025/09/20 02:42:49] - 2.2445 	 	 0.5882 	 2.6271 	 0.3062
[2025/09/20 02:44:09] - 66 	 45.4 	 	 0.0829 	 3.8396 	 0.4396
[2025/09/20 02:44:09] - ==> Building model..
[2025/09/20 02:44:45] - Test Loss 	 Test Acc 	 PGD Loss 	 PGD Acc
[2025/09/20 02:44:45] - 2.2444 	 	 0.5885 	 2.6265 	 0.3086
[2025/09/20 02:46:00] - 67 	 42.2 	 	 0.0804 	 3.8348 	 0.4424
[2025/09/20 02:46:00] - ==> Building model..
[2025/09/20 02:46:25] - Test Loss 	 Test Acc 	 PGD Loss 	 PGD Acc
[2025/09/20 02:46:25] - 2.2440 	 	 0.5887 	 2.6257 	 0.3073
[2025/09/20 02:47:24] - 68 	 26.1 	 	 0.0779 	 3.8291 	 0.4454
[2025/09/20 02:47:24] - ==> Building model..
[2025/09/20 02:47:49] - Test Loss 	 Test Acc 	 PGD Loss 	 PGD Acc
[2025/09/20 02:47:49] - 2.2441 	 	 0.5893 	 2.6267 	 0.3084
[2025/09/20 02:48:47] - 69 	 26.4 	 	 0.0754 	 3.8258 	 0.4474
[2025/09/20 02:48:47] - ==> Building model..
[2025/09/20 02:49:10] - Test Loss 	 Test Acc 	 PGD Loss 	 PGD Acc
[2025/09/20 02:49:10] - 2.2443 	 	 0.5896 	 2.6273 	 0.3086
[2025/09/20 02:50:10] - 70 	 26.2 	 	 0.0730 	 3.8173 	 0.4557
[2025/09/20 02:50:10] - ==> Building model..
[2025/09/20 02:50:32] - Test Loss 	 Test Acc 	 PGD Loss 	 PGD Acc
[2025/09/20 02:50:32] - 2.2447 	 	 0.5906 	 2.6266 	 0.3088
[2025/09/20 02:51:30] - 71 	 26.3 	 	 0.0705 	 3.8122 	 0.4603
[2025/09/20 02:51:30] - ==> Building model..
[2025/09/20 02:51:53] - Test Loss 	 Test Acc 	 PGD Loss 	 PGD Acc
[2025/09/20 02:51:53] - 2.2456 	 	 0.5903 	 2.6283 	 0.3093
[2025/09/20 02:52:54] - 72 	 26.9 	 	 0.0680 	 3.8045 	 0.4651
[2025/09/20 02:52:54] - ==> Building model..
[2025/09/20 02:53:18] - Test Loss 	 Test Acc 	 PGD Loss 	 PGD Acc
[2025/09/20 02:53:18] - 2.2459 	 	 0.5910 	 2.6279 	 0.3086
[2025/09/20 02:54:17] - 73 	 26.1 	 	 0.0655 	 3.7982 	 0.4703
[2025/09/20 02:54:17] - ==> Building model..
[2025/09/20 02:54:40] - Test Loss 	 Test Acc 	 PGD Loss 	 PGD Acc
[2025/09/20 02:54:40] - 2.2469 	 	 0.5913 	 2.6288 	 0.3095
[2025/09/20 02:55:39] - 74 	 25.8 	 	 0.0630 	 3.7905 	 0.4761
[2025/09/20 02:55:39] - ==> Building model..
[2025/09/20 02:56:02] - Test Loss 	 Test Acc 	 PGD Loss 	 PGD Acc
[2025/09/20 02:56:02] - 2.2481 	 	 0.5916 	 2.6299 	 0.3091
[2025/09/20 02:57:01] - 75 	 25.8 	 	 0.0605 	 3.7833 	 0.4823
[2025/09/20 02:57:01] - ==> Building model..
[2025/09/20 02:57:25] - Test Loss 	 Test Acc 	 PGD Loss 	 PGD Acc
[2025/09/20 02:57:25] - 2.2489 	 	 0.5915 	 2.6310 	 0.3093
[2025/09/20 02:58:23] - 76 	 25.6 	 	 0.0580 	 3.7755 	 0.4876
[2025/09/20 02:58:23] - ==> Building model..
[2025/09/20 02:58:47] - Test Loss 	 Test Acc 	 PGD Loss 	 PGD Acc
[2025/09/20 02:58:47] - 2.2491 	 	 0.5915 	 2.6307 	 0.3093
[2025/09/20 02:59:50] - 77 	 26.3 	 	 0.0555 	 3.7670 	 0.4963
[2025/09/20 02:59:50] - ==> Building model..
[2025/09/20 03:00:12] - Test Loss 	 Test Acc 	 PGD Loss 	 PGD Acc
[2025/09/20 03:00:12] - 2.2500 	 	 0.5911 	 2.6317 	 0.3094
[2025/09/20 03:01:12] - 78 	 26.7 	 	 0.0530 	 3.7611 	 0.5001
[2025/09/20 03:01:12] - ==> Building model..
[2025/09/20 03:01:35] - Test Loss 	 Test Acc 	 PGD Loss 	 PGD Acc
[2025/09/20 03:01:35] - 2.2509 	 	 0.5911 	 2.6325 	 0.3097
[2025/09/20 03:02:33] - 79 	 25.2 	 	 0.0505 	 3.7501 	 0.5093
[2025/09/20 03:02:33] - ==> Building model..
[2025/09/20 03:02:59] - Test Loss 	 Test Acc 	 PGD Loss 	 PGD Acc
[2025/09/20 03:02:59] - 2.2520 	 	 0.5909 	 2.6335 	 0.3095
[2025/09/20 03:04:00] - 80 	 26.0 	 	 0.0480 	 3.7385 	 0.5204
[2025/09/20 03:04:00] - ==> Building model..
[2025/09/20 03:04:24] - Test Loss 	 Test Acc 	 PGD Loss 	 PGD Acc
[2025/09/20 03:04:24] - 2.2533 	 	 0.5912 	 2.6345 	 0.3094
[2025/09/20 03:05:24] - 81 	 26.0 	 	 0.0455 	 3.7287 	 0.5289
[2025/09/20 03:05:24] - ==> Building model..
[2025/09/20 03:05:50] - Test Loss 	 Test Acc 	 PGD Loss 	 PGD Acc
[2025/09/20 03:05:50] - 2.2537 	 	 0.5911 	 2.6352 	 0.3098
[2025/09/20 03:06:52] - 82 	 25.9 	 	 0.0430 	 3.7201 	 0.5359
[2025/09/20 03:06:52] - ==> Building model..
[2025/09/20 03:07:18] - Test Loss 	 Test Acc 	 PGD Loss 	 PGD Acc
[2025/09/20 03:07:18] - 2.2548 	 	 0.5910 	 2.6364 	 0.3090
[2025/09/20 03:08:19] - 83 	 24.2 	 	 0.0405 	 3.7058 	 0.5475
[2025/09/20 03:08:19] - ==> Building model..
[2025/09/20 03:08:46] - Test Loss 	 Test Acc 	 PGD Loss 	 PGD Acc
[2025/09/20 03:08:46] - 2.2548 	 	 0.5910 	 2.6357 	 0.3087
[2025/09/20 03:09:45] - 84 	 24.1 	 	 0.0380 	 3.6960 	 0.5566
[2025/09/20 03:09:45] - ==> Building model..
[2025/09/20 03:10:11] - Test Loss 	 Test Acc 	 PGD Loss 	 PGD Acc
[2025/09/20 03:10:11] - 2.2548 	 	 0.5910 	 2.6366 	 0.3093
[2025/09/20 03:11:10] - 85 	 24.7 	 	 0.0355 	 3.6829 	 0.5675
[2025/09/20 03:11:10] - ==> Building model..
[2025/09/20 03:11:39] - Test Loss 	 Test Acc 	 PGD Loss 	 PGD Acc
[2025/09/20 03:11:39] - 2.2548 	 	 0.5910 	 2.6361 	 0.3096
[2025/09/20 03:12:40] - 86 	 25.3 	 	 0.0331 	 3.6699 	 0.5794
[2025/09/20 03:12:40] - ==> Building model..
[2025/09/20 03:13:07] - Test Loss 	 Test Acc 	 PGD Loss 	 PGD Acc
[2025/09/20 03:13:07] - 2.2557 	 	 0.5910 	 2.6369 	 0.3095
[2025/09/20 03:14:05] - 87 	 23.2 	 	 0.0306 	 3.6531 	 0.5942
[2025/09/20 03:14:05] - ==> Building model..
[2025/09/20 03:14:31] - Test Loss 	 Test Acc 	 PGD Loss 	 PGD Acc
[2025/09/20 03:14:31] - 2.2557 	 	 0.5910 	 2.6362 	 0.3094
[2025/09/20 03:15:29] - 88 	 24.0 	 	 0.0281 	 3.6374 	 0.6069
[2025/09/20 03:15:29] - ==> Building model..
[2025/09/20 03:15:52] - Test Loss 	 Test Acc 	 PGD Loss 	 PGD Acc
[2025/09/20 03:15:52] - 2.2557 	 	 0.5910 	 2.6368 	 0.3089
[2025/09/20 03:16:52] - 89 	 24.9 	 	 0.0256 	 3.6178 	 0.6263
[2025/09/20 03:16:52] - ==> Building model..
[2025/09/20 03:17:16] - Test Loss 	 Test Acc 	 PGD Loss 	 PGD Acc
[2025/09/20 03:17:16] - 2.2557 	 	 0.5910 	 2.6368 	 0.3092
[2025/09/20 03:18:17] - 90 	 25.4 	 	 0.0231 	 3.5997 	 0.6446
[2025/09/20 03:18:17] - ==> Building model..
[2025/09/20 03:18:40] - Test Loss 	 Test Acc 	 PGD Loss 	 PGD Acc
[2025/09/20 03:18:40] - 2.2557 	 	 0.5910 	 2.6366 	 0.3099
[2025/09/20 03:19:40] - 91 	 25.7 	 	 0.0206 	 3.5781 	 0.6657
[2025/09/20 03:19:40] - ==> Building model..
[2025/09/20 03:20:04] - Test Loss 	 Test Acc 	 PGD Loss 	 PGD Acc
[2025/09/20 03:20:04] - 2.2557 	 	 0.5910 	 2.6363 	 0.3089
[2025/09/20 03:21:04] - 92 	 25.8 	 	 0.0181 	 3.5532 	 0.6888
[2025/09/20 03:21:04] - ==> Building model..
[2025/09/20 03:21:28] - Test Loss 	 Test Acc 	 PGD Loss 	 PGD Acc
[2025/09/20 03:21:28] - 2.2557 	 	 0.5910 	 2.6368 	 0.3089
[2025/09/20 03:22:29] - 93 	 26.5 	 	 0.0156 	 3.5280 	 0.7136
[2025/09/20 03:22:29] - ==> Building model..
[2025/09/20 03:22:54] - Test Loss 	 Test Acc 	 PGD Loss 	 PGD Acc
[2025/09/20 03:22:54] - 2.2557 	 	 0.5910 	 2.6369 	 0.3088
[2025/09/20 03:23:54] - 94 	 27.3 	 	 0.0131 	 3.5010 	 0.7410
[2025/09/20 03:23:54] - ==> Building model..
[2025/09/20 03:24:18] - Test Loss 	 Test Acc 	 PGD Loss 	 PGD Acc
[2025/09/20 03:24:18] - 2.2557 	 	 0.5910 	 2.6368 	 0.3090
[2025/09/20 03:25:18] - 95 	 25.8 	 	 0.0106 	 3.4716 	 0.7678
[2025/09/20 03:25:18] - ==> Building model..
[2025/09/20 03:25:41] - Test Loss 	 Test Acc 	 PGD Loss 	 PGD Acc
[2025/09/20 03:25:41] - 2.2557 	 	 0.5910 	 2.6367 	 0.3092
[2025/09/20 03:26:41] - 96 	 25.7 	 	 0.0081 	 3.4422 	 0.7945
[2025/09/20 03:26:41] - ==> Building model..
[2025/09/20 03:27:03] - Test Loss 	 Test Acc 	 PGD Loss 	 PGD Acc
[2025/09/20 03:27:03] - 2.2557 	 	 0.5910 	 2.6361 	 0.3093
[2025/09/20 03:28:04] - 97 	 26.4 	 	 0.0056 	 3.4120 	 0.8219
[2025/09/20 03:28:04] - ==> Building model..
[2025/09/20 03:28:26] - Test Loss 	 Test Acc 	 PGD Loss 	 PGD Acc
[2025/09/20 03:28:26] - 2.2557 	 	 0.5910 	 2.6367 	 0.3093
[2025/09/20 03:29:26] - 98 	 25.6 	 	 0.0031 	 3.3827 	 0.8485
[2025/09/20 03:29:26] - ==> Building model..
[2025/09/20 03:29:49] - Test Loss 	 Test Acc 	 PGD Loss 	 PGD Acc
[2025/09/20 03:29:49] - 2.2557 	 	 0.5910 	 2.6366 	 0.3093
[2025/09/20 03:30:51] - 99 	 26.1 	 	 0.0006 	 3.3560 	 0.8704
[2025/09/20 03:30:51] - ==> Building model..
[2025/09/20 03:31:15] - Test Loss 	 Test Acc 	 PGD Loss 	 PGD Acc
[2025/09/20 03:31:15] - 2.2557 	 	 0.5910 	 2.6366 	 0.3096
[2025/09/20 03:31:15] - [0.0792, 0.1347, 0.1856, 0.2194, 0.2451, 0.2819, 0.3186, 0.3522, 0.3785, 0.4026, 0.4204, 0.4344, 0.4435, 0.4499, 0.4507, 0.4412, 0.4229, 0.4061, 0.3992, 0.4016, 0.4186, 0.4378, 0.4627, 0.4791, 0.4929, 0.5048, 0.5135, 0.5218, 0.5276, 0.5344, 0.54, 0.5435, 0.5466, 0.5507, 0.5528, 0.556, 0.5578, 0.5606, 0.5631, 0.5635, 0.5657, 0.5665, 0.5688, 0.5704, 0.5718, 0.5717, 0.5742, 0.5754, 0.5768, 0.5771, 0.5775, 0.5784, 0.5798, 0.5804, 0.5808, 0.5818, 0.5829, 0.5843, 0.5845, 0.5846, 0.5851, 0.5855, 0.5854, 0.586, 0.5865, 0.5882, 0.5885, 0.5887, 0.5893, 0.5896, 0.5906, 0.5903, 0.591, 0.5913, 0.5916, 0.5915, 0.5915, 0.5911, 0.5911, 0.5909, 0.5912, 0.5911, 0.591, 0.591, 0.591, 0.591, 0.591, 0.591, 0.591, 0.591, 0.591, 0.591, 0.591, 0.591, 0.591, 0.591, 0.591, 0.591, 0.591, 0.591]
[2025/09/20 03:31:15] - [0.0444, 0.0785, 0.1088, 0.1277, 0.1406, 0.1587, 0.1787, 0.1939, 0.2047, 0.2149, 0.2231, 0.2313, 0.2324, 0.2385, 0.2397, 0.2325, 0.2207, 0.209, 0.2035, 0.2073, 0.218, 0.2279, 0.2419, 0.2509, 0.2613, 0.2704, 0.2747, 0.276, 0.2805, 0.2837, 0.2862, 0.2876, 0.2884, 0.2906, 0.2901, 0.2915, 0.2937, 0.2953, 0.2946, 0.2946, 0.2952, 0.2956, 0.2972, 0.2965, 0.2969, 0.2986, 0.2989, 0.299, 0.2991, 0.2991, 0.2994, 0.2995, 0.3024, 0.3031, 0.3044, 0.3056, 0.3061, 0.3069, 0.3065, 0.3062, 0.3071, 0.3068, 0.3075, 0.3078, 0.308, 0.3062, 0.3086, 0.3073, 0.3084, 0.3086, 0.3088, 0.3093, 0.3086, 0.3095, 0.3091, 0.3093, 0.3093, 0.3094, 0.3097, 0.3095, 0.3094, 0.3098, 0.309, 0.3087, 0.3093, 0.3096, 0.3095, 0.3094, 0.3089, 0.3092, 0.3099, 0.3089, 0.3089, 0.3088, 0.309, 0.3092, 0.3093, 0.3093, 0.3093, 0.3096]
