[2025/10/20 05:31:46] - Namespace(batch_size=128, data_dir='cifar-data', epochs=110, lr_schedule='multistep', lr_min=0.0, lr_max=0.2, weight_decay=0.0005, momentum=0.9, model='ResNet18', epsilon=8, alpha=8, delta_init='random', normal_mean=0, normal_std=1, out_dir='runs/beta_0.6/lam_42/lscale_0.09/seed_0', seed=0, lamda=42.0, lam_scale=0.09, lam_start=50, gamma=0.05, inner_gamma=0.05, beta=0.6, mu=3.5, batch_m=0.75, early_stop=False, factor=0.5, length=4, n_holes=1, c_num=0.125, EMA_value=0.55)
[2025/10/20 05:31:50] - ==> Building model..
[2025/10/20 05:31:51] - Epoch 	 Seconds 	 LR 	 	 Train Loss 	 Train Acc
[2025/10/20 05:32:42] - 0 	 28.3 	 	 0.2000 	 4.5703 	 0.0401
[2025/10/20 05:32:42] - ==> Building model..
[2025/10/20 05:33:08] - Test Loss 	 Test Acc 	 PGD Loss 	 PGD Acc
[2025/10/20 05:33:08] - 4.2263 	 	 0.0833 	 4.2390 	 0.0565
[2025/10/20 05:33:56] - 1 	 26.9 	 	 0.2000 	 4.4576 	 0.0790
[2025/10/20 05:33:56] - ==> Building model..
[2025/10/20 05:34:22] - Test Loss 	 Test Acc 	 PGD Loss 	 PGD Acc
[2025/10/20 05:34:22] - 4.0262 	 	 0.1441 	 4.0553 	 0.0963
[2025/10/20 05:35:11] - 2 	 26.1 	 	 0.2000 	 4.4060 	 0.1037
[2025/10/20 05:35:11] - ==> Building model..
[2025/10/20 05:35:36] - Test Loss 	 Test Acc 	 PGD Loss 	 PGD Acc
[2025/10/20 05:35:36] - 3.8404 	 	 0.1929 	 3.8900 	 0.1203
[2025/10/20 05:36:26] - 3 	 26.3 	 	 0.2000 	 4.3595 	 0.1267
[2025/10/20 05:36:26] - ==> Building model..
[2025/10/20 05:36:53] - Test Loss 	 Test Acc 	 PGD Loss 	 PGD Acc
[2025/10/20 05:36:53] - 3.7252 	 	 0.2350 	 3.7942 	 0.1408
[2025/10/20 05:37:42] - 4 	 26.5 	 	 0.2000 	 4.3153 	 0.1503
[2025/10/20 05:37:42] - ==> Building model..
[2025/10/20 05:38:09] - Test Loss 	 Test Acc 	 PGD Loss 	 PGD Acc
[2025/10/20 05:38:09] - 3.5953 	 	 0.2702 	 3.6871 	 0.1622
[2025/10/20 05:39:01] - 5 	 28.0 	 	 0.2000 	 4.2770 	 0.1686
[2025/10/20 05:39:01] - ==> Building model..
[2025/10/20 05:39:28] - Test Loss 	 Test Acc 	 PGD Loss 	 PGD Acc
[2025/10/20 05:39:28] - 3.3900 	 	 0.3119 	 3.5126 	 0.1822
[2025/10/20 05:40:18] - 6 	 27.8 	 	 0.2000 	 4.2458 	 0.1865
[2025/10/20 05:40:18] - ==> Building model..
[2025/10/20 05:40:44] - Test Loss 	 Test Acc 	 PGD Loss 	 PGD Acc
[2025/10/20 05:40:44] - 3.2062 	 	 0.3468 	 3.3566 	 0.1931
[2025/10/20 05:41:35] - 7 	 28.0 	 	 0.2000 	 4.2250 	 0.1981
[2025/10/20 05:41:35] - ==> Building model..
[2025/10/20 05:42:02] - Test Loss 	 Test Acc 	 PGD Loss 	 PGD Acc
[2025/10/20 05:42:02] - 3.0820 	 	 0.3767 	 3.2571 	 0.2082
[2025/10/20 05:42:53] - 8 	 28.9 	 	 0.2000 	 4.2063 	 0.2080
[2025/10/20 05:42:53] - ==> Building model..
[2025/10/20 05:43:19] - Test Loss 	 Test Acc 	 PGD Loss 	 PGD Acc
[2025/10/20 05:43:19] - 2.9824 	 	 0.4015 	 3.1794 	 0.2174
[2025/10/20 05:44:11] - 9 	 29.2 	 	 0.2000 	 4.1912 	 0.2163
[2025/10/20 05:44:11] - ==> Building model..
[2025/10/20 05:44:37] - Test Loss 	 Test Acc 	 PGD Loss 	 PGD Acc
[2025/10/20 05:44:37] - 2.9282 	 	 0.4141 	 3.1379 	 0.2236
[2025/10/20 05:45:29] - 10 	 29.9 	 	 0.2000 	 4.1781 	 0.2237
[2025/10/20 05:45:29] - ==> Building model..
[2025/10/20 05:45:54] - Test Loss 	 Test Acc 	 PGD Loss 	 PGD Acc
[2025/10/20 05:45:54] - 2.8720 	 	 0.4284 	 3.0940 	 0.2317
[2025/10/20 05:46:46] - 11 	 29.5 	 	 0.2000 	 4.1696 	 0.2279
[2025/10/20 05:46:46] - ==> Building model..
[2025/10/20 05:47:11] - Test Loss 	 Test Acc 	 PGD Loss 	 PGD Acc
[2025/10/20 05:47:11] - 2.8315 	 	 0.4371 	 3.0637 	 0.2360
[2025/10/20 05:48:01] - 12 	 27.7 	 	 0.2000 	 4.1603 	 0.2340
[2025/10/20 05:48:01] - ==> Building model..
[2025/10/20 05:48:26] - Test Loss 	 Test Acc 	 PGD Loss 	 PGD Acc
[2025/10/20 05:48:26] - 2.7975 	 	 0.4454 	 3.0375 	 0.2392
[2025/10/20 05:49:19] - 13 	 29.8 	 	 0.2000 	 4.1567 	 0.2369
[2025/10/20 05:49:19] - ==> Building model..
[2025/10/20 05:49:43] - Test Loss 	 Test Acc 	 PGD Loss 	 PGD Acc
[2025/10/20 05:49:43] - 2.7719 	 	 0.4500 	 3.0170 	 0.2428
[2025/10/20 05:50:36] - 14 	 29.6 	 	 0.2000 	 4.1499 	 0.2398
[2025/10/20 05:50:36] - ==> Building model..
[2025/10/20 05:51:00] - Test Loss 	 Test Acc 	 PGD Loss 	 PGD Acc
[2025/10/20 05:51:00] - 2.7542 	 	 0.4563 	 3.0049 	 0.2453
[2025/10/20 05:51:52] - 15 	 29.2 	 	 0.2000 	 4.1425 	 0.2459
[2025/10/20 05:51:52] - ==> Building model..
[2025/10/20 05:52:17] - Test Loss 	 Test Acc 	 PGD Loss 	 PGD Acc
[2025/10/20 05:52:17] - 2.7321 	 	 0.4606 	 2.9884 	 0.2487
[2025/10/20 05:53:10] - 16 	 29.0 	 	 0.2000 	 4.1389 	 0.2465
[2025/10/20 05:53:10] - ==> Building model..
[2025/10/20 05:53:35] - Test Loss 	 Test Acc 	 PGD Loss 	 PGD Acc
[2025/10/20 05:53:35] - 2.7109 	 	 0.4674 	 2.9714 	 0.2509
[2025/10/20 05:54:28] - 17 	 29.3 	 	 0.2000 	 4.1365 	 0.2508
[2025/10/20 05:54:28] - ==> Building model..
[2025/10/20 05:54:53] - Test Loss 	 Test Acc 	 PGD Loss 	 PGD Acc
[2025/10/20 05:54:53] - 2.6950 	 	 0.4732 	 2.9614 	 0.2541
[2025/10/20 05:55:45] - 18 	 29.2 	 	 0.2000 	 4.1304 	 0.2522
[2025/10/20 05:55:45] - ==> Building model..
[2025/10/20 05:56:09] - Test Loss 	 Test Acc 	 PGD Loss 	 PGD Acc
[2025/10/20 05:56:09] - 2.6835 	 	 0.4748 	 2.9526 	 0.2558
[2025/10/20 05:57:01] - 19 	 29.2 	 	 0.2000 	 4.1272 	 0.2539
[2025/10/20 05:57:01] - ==> Building model..
[2025/10/20 05:57:26] - Test Loss 	 Test Acc 	 PGD Loss 	 PGD Acc
[2025/10/20 05:57:26] - 2.6708 	 	 0.4782 	 2.9424 	 0.2568
[2025/10/20 05:58:17] - 20 	 29.1 	 	 0.2000 	 4.1258 	 0.2559
[2025/10/20 05:58:17] - ==> Building model..
[2025/10/20 05:58:43] - Test Loss 	 Test Acc 	 PGD Loss 	 PGD Acc
[2025/10/20 05:58:43] - 2.6635 	 	 0.4812 	 2.9380 	 0.2573
[2025/10/20 05:59:35] - 21 	 29.6 	 	 0.2000 	 4.1204 	 0.2586
[2025/10/20 05:59:35] - ==> Building model..
[2025/10/20 06:00:00] - Test Loss 	 Test Acc 	 PGD Loss 	 PGD Acc
[2025/10/20 06:00:00] - 2.6535 	 	 0.4834 	 2.9313 	 0.2575
[2025/10/20 06:00:53] - 22 	 29.7 	 	 0.2000 	 4.1203 	 0.2591
[2025/10/20 06:00:53] - ==> Building model..
[2025/10/20 06:01:18] - Test Loss 	 Test Acc 	 PGD Loss 	 PGD Acc
[2025/10/20 06:01:18] - 2.6451 	 	 0.4854 	 2.9248 	 0.2608
[2025/10/20 06:02:10] - 23 	 29.1 	 	 0.2000 	 4.1190 	 0.2586
[2025/10/20 06:02:10] - ==> Building model..
[2025/10/20 06:02:35] - Test Loss 	 Test Acc 	 PGD Loss 	 PGD Acc
[2025/10/20 06:02:35] - 2.6374 	 	 0.4857 	 2.9186 	 0.2622
[2025/10/20 06:03:27] - 24 	 29.4 	 	 0.2000 	 4.1159 	 0.2584
[2025/10/20 06:03:27] - ==> Building model..
[2025/10/20 06:03:52] - Test Loss 	 Test Acc 	 PGD Loss 	 PGD Acc
[2025/10/20 06:03:52] - 2.6376 	 	 0.4860 	 2.9204 	 0.2619
[2025/10/20 06:04:45] - 25 	 29.2 	 	 0.2000 	 4.1134 	 0.2615
[2025/10/20 06:04:45] - ==> Building model..
[2025/10/20 06:05:10] - Test Loss 	 Test Acc 	 PGD Loss 	 PGD Acc
[2025/10/20 06:05:10] - 2.6303 	 	 0.4896 	 2.9159 	 0.2629
[2025/10/20 06:06:02] - 26 	 29.1 	 	 0.2000 	 4.1096 	 0.2644
[2025/10/20 06:06:02] - ==> Building model..
[2025/10/20 06:06:26] - Test Loss 	 Test Acc 	 PGD Loss 	 PGD Acc
[2025/10/20 06:06:26] - 2.6234 	 	 0.4926 	 2.9103 	 0.2643
[2025/10/20 06:07:18] - 27 	 29.1 	 	 0.2000 	 4.1093 	 0.2667
[2025/10/20 06:07:18] - ==> Building model..
[2025/10/20 06:07:43] - Test Loss 	 Test Acc 	 PGD Loss 	 PGD Acc
[2025/10/20 06:07:43] - 2.6221 	 	 0.4920 	 2.9087 	 0.2641
[2025/10/20 06:08:34] - 28 	 29.5 	 	 0.2000 	 4.1085 	 0.2642
[2025/10/20 06:08:34] - ==> Building model..
[2025/10/20 06:08:59] - Test Loss 	 Test Acc 	 PGD Loss 	 PGD Acc
[2025/10/20 06:08:59] - 2.6119 	 	 0.4952 	 2.8999 	 0.2645
[2025/10/20 06:09:51] - 29 	 28.6 	 	 0.2000 	 4.1069 	 0.2683
[2025/10/20 06:09:51] - ==> Building model..
[2025/10/20 06:10:15] - Test Loss 	 Test Acc 	 PGD Loss 	 PGD Acc
[2025/10/20 06:10:15] - 2.6058 	 	 0.4960 	 2.8949 	 0.2658
[2025/10/20 06:11:07] - 30 	 29.7 	 	 0.2000 	 4.1070 	 0.2650
[2025/10/20 06:11:07] - ==> Building model..
[2025/10/20 06:11:31] - Test Loss 	 Test Acc 	 PGD Loss 	 PGD Acc
[2025/10/20 06:11:31] - 2.6031 	 	 0.4972 	 2.8930 	 0.2672
[2025/10/20 06:12:23] - 31 	 29.1 	 	 0.2000 	 4.1040 	 0.2665
[2025/10/20 06:12:23] - ==> Building model..
[2025/10/20 06:12:47] - Test Loss 	 Test Acc 	 PGD Loss 	 PGD Acc
[2025/10/20 06:12:47] - 2.5984 	 	 0.4995 	 2.8900 	 0.2693
[2025/10/20 06:13:39] - 32 	 29.0 	 	 0.2000 	 4.1027 	 0.2673
[2025/10/20 06:13:39] - ==> Building model..
[2025/10/20 06:14:03] - Test Loss 	 Test Acc 	 PGD Loss 	 PGD Acc
[2025/10/20 06:14:03] - 2.5968 	 	 0.5001 	 2.8885 	 0.2697
[2025/10/20 06:14:56] - 33 	 29.2 	 	 0.2000 	 4.1012 	 0.2692
[2025/10/20 06:14:56] - ==> Building model..
[2025/10/20 06:15:20] - Test Loss 	 Test Acc 	 PGD Loss 	 PGD Acc
[2025/10/20 06:15:20] - 2.5898 	 	 0.4995 	 2.8827 	 0.2697
[2025/10/20 06:16:13] - 34 	 29.4 	 	 0.2000 	 4.1011 	 0.2689
[2025/10/20 06:16:13] - ==> Building model..
[2025/10/20 06:16:38] - Test Loss 	 Test Acc 	 PGD Loss 	 PGD Acc
[2025/10/20 06:16:38] - 2.5869 	 	 0.5008 	 2.8798 	 0.2711
[2025/10/20 06:17:29] - 35 	 28.8 	 	 0.2000 	 4.0982 	 0.2728
[2025/10/20 06:17:29] - ==> Building model..
[2025/10/20 06:17:54] - Test Loss 	 Test Acc 	 PGD Loss 	 PGD Acc
[2025/10/20 06:17:54] - 2.5834 	 	 0.5003 	 2.8777 	 0.2709
[2025/10/20 06:18:47] - 36 	 29.8 	 	 0.2000 	 4.0978 	 0.2724
[2025/10/20 06:18:47] - ==> Building model..
[2025/10/20 06:19:12] - Test Loss 	 Test Acc 	 PGD Loss 	 PGD Acc
[2025/10/20 06:19:12] - 2.5791 	 	 0.5034 	 2.8739 	 0.2728
[2025/10/20 06:20:04] - 37 	 29.5 	 	 0.2000 	 4.0971 	 0.2702
[2025/10/20 06:20:04] - ==> Building model..
[2025/10/20 06:20:29] - Test Loss 	 Test Acc 	 PGD Loss 	 PGD Acc
[2025/10/20 06:20:29] - 2.5754 	 	 0.5048 	 2.8722 	 0.2749
[2025/10/20 06:21:22] - 38 	 29.6 	 	 0.2000 	 4.0952 	 0.2721
[2025/10/20 06:21:22] - ==> Building model..
[2025/10/20 06:21:47] - Test Loss 	 Test Acc 	 PGD Loss 	 PGD Acc
[2025/10/20 06:21:47] - 2.5742 	 	 0.5068 	 2.8716 	 0.2737
[2025/10/20 06:22:40] - 39 	 29.4 	 	 0.2000 	 4.0962 	 0.2702
[2025/10/20 06:22:40] - ==> Building model..
[2025/10/20 06:23:04] - Test Loss 	 Test Acc 	 PGD Loss 	 PGD Acc
[2025/10/20 06:23:04] - 2.5705 	 	 0.5063 	 2.8678 	 0.2743
[2025/10/20 06:23:56] - 40 	 29.0 	 	 0.2000 	 4.0950 	 0.2740
[2025/10/20 06:23:56] - ==> Building model..
[2025/10/20 06:24:20] - Test Loss 	 Test Acc 	 PGD Loss 	 PGD Acc
[2025/10/20 06:24:20] - 2.5701 	 	 0.5066 	 2.8674 	 0.2748
[2025/10/20 06:25:11] - 41 	 28.4 	 	 0.2000 	 4.0957 	 0.2730
[2025/10/20 06:25:11] - ==> Building model..
[2025/10/20 06:25:36] - Test Loss 	 Test Acc 	 PGD Loss 	 PGD Acc
[2025/10/20 06:25:36] - 2.5689 	 	 0.5064 	 2.8657 	 0.2760
[2025/10/20 06:26:29] - 42 	 29.4 	 	 0.2000 	 4.0962 	 0.2718
[2025/10/20 06:26:29] - ==> Building model..
[2025/10/20 06:26:54] - Test Loss 	 Test Acc 	 PGD Loss 	 PGD Acc
[2025/10/20 06:26:54] - 2.5688 	 	 0.5080 	 2.8668 	 0.2759
[2025/10/20 06:27:44] - 43 	 28.3 	 	 0.2000 	 4.0944 	 0.2729
[2025/10/20 06:27:44] - ==> Building model..
[2025/10/20 06:28:08] - Test Loss 	 Test Acc 	 PGD Loss 	 PGD Acc
[2025/10/20 06:28:08] - 2.5693 	 	 0.5099 	 2.8672 	 0.2769
[2025/10/20 06:29:01] - 44 	 29.2 	 	 0.2000 	 4.0940 	 0.2730
[2025/10/20 06:29:01] - ==> Building model..
[2025/10/20 06:29:26] - Test Loss 	 Test Acc 	 PGD Loss 	 PGD Acc
[2025/10/20 06:29:26] - 2.5649 	 	 0.5106 	 2.8644 	 0.2763
[2025/10/20 06:30:19] - 45 	 29.6 	 	 0.2000 	 4.0923 	 0.2739
[2025/10/20 06:30:19] - ==> Building model..
[2025/10/20 06:30:44] - Test Loss 	 Test Acc 	 PGD Loss 	 PGD Acc
[2025/10/20 06:30:44] - 2.5659 	 	 0.5104 	 2.8653 	 0.2778
[2025/10/20 06:31:36] - 46 	 29.1 	 	 0.2000 	 4.0902 	 0.2751
[2025/10/20 06:31:36] - ==> Building model..
[2025/10/20 06:32:01] - Test Loss 	 Test Acc 	 PGD Loss 	 PGD Acc
[2025/10/20 06:32:01] - 2.5662 	 	 0.5120 	 2.8656 	 0.2785
[2025/10/20 06:32:54] - 47 	 29.2 	 	 0.2000 	 4.0916 	 0.2749
[2025/10/20 06:32:54] - ==> Building model..
[2025/10/20 06:33:19] - Test Loss 	 Test Acc 	 PGD Loss 	 PGD Acc
[2025/10/20 06:33:19] - 2.5641 	 	 0.5117 	 2.8640 	 0.2783
[2025/10/20 06:34:11] - 48 	 28.5 	 	 0.2000 	 4.0889 	 0.2775
[2025/10/20 06:34:11] - ==> Building model..
[2025/10/20 06:34:36] - Test Loss 	 Test Acc 	 PGD Loss 	 PGD Acc
[2025/10/20 06:34:36] - 2.5594 	 	 0.5120 	 2.8604 	 0.2777
[2025/10/20 06:35:29] - 49 	 28.7 	 	 0.2000 	 4.0888 	 0.2766
[2025/10/20 06:35:29] - ==> Building model..
[2025/10/20 06:35:55] - Test Loss 	 Test Acc 	 PGD Loss 	 PGD Acc
[2025/10/20 06:35:55] - 2.5573 	 	 0.5119 	 2.8586 	 0.2783
[2025/10/20 06:36:44] - 50 	 27.2 	 	 0.2000 	 4.0897 	 0.2761
[2025/10/20 06:36:44] - ==> Building model..
[2025/10/20 06:37:10] - Test Loss 	 Test Acc 	 PGD Loss 	 PGD Acc
[2025/10/20 06:37:10] - 2.5552 	 	 0.5143 	 2.8575 	 0.2781
[2025/10/20 06:38:01] - 51 	 27.2 	 	 0.2000 	 4.0906 	 0.2761
[2025/10/20 06:38:01] - ==> Building model..
[2025/10/20 06:38:27] - Test Loss 	 Test Acc 	 PGD Loss 	 PGD Acc
[2025/10/20 06:38:27] - 2.5550 	 	 0.5131 	 2.8569 	 0.2774
[2025/10/20 06:39:18] - 52 	 27.4 	 	 0.2000 	 4.0900 	 0.2758
[2025/10/20 06:39:18] - ==> Building model..
[2025/10/20 06:39:44] - Test Loss 	 Test Acc 	 PGD Loss 	 PGD Acc
[2025/10/20 06:39:44] - 2.5527 	 	 0.5136 	 2.8552 	 0.2776
[2025/10/20 06:40:36] - 53 	 27.6 	 	 0.2000 	 4.0876 	 0.2785
[2025/10/20 06:40:36] - ==> Building model..
[2025/10/20 06:41:03] - Test Loss 	 Test Acc 	 PGD Loss 	 PGD Acc
[2025/10/20 06:41:03] - 2.5507 	 	 0.5143 	 2.8532 	 0.2791
[2025/10/20 06:41:54] - 54 	 27.5 	 	 0.2000 	 4.0905 	 0.2767
[2025/10/20 06:41:54] - ==> Building model..
[2025/10/20 06:42:20] - Test Loss 	 Test Acc 	 PGD Loss 	 PGD Acc
[2025/10/20 06:42:20] - 2.5489 	 	 0.5135 	 2.8511 	 0.2791
[2025/10/20 06:43:11] - 55 	 27.8 	 	 0.2000 	 4.0903 	 0.2769
[2025/10/20 06:43:11] - ==> Building model..
[2025/10/20 06:43:38] - Test Loss 	 Test Acc 	 PGD Loss 	 PGD Acc
[2025/10/20 06:43:38] - 2.5484 	 	 0.5142 	 2.8511 	 0.2798
[2025/10/20 06:44:31] - 56 	 29.2 	 	 0.2000 	 4.0916 	 0.2775
[2025/10/20 06:44:31] - ==> Building model..
[2025/10/20 06:44:56] - Test Loss 	 Test Acc 	 PGD Loss 	 PGD Acc
[2025/10/20 06:44:56] - 2.5515 	 	 0.5144 	 2.8531 	 0.2803
[2025/10/20 06:45:48] - 57 	 28.5 	 	 0.2000 	 4.0909 	 0.2795
[2025/10/20 06:45:48] - ==> Building model..
[2025/10/20 06:46:14] - Test Loss 	 Test Acc 	 PGD Loss 	 PGD Acc
[2025/10/20 06:46:14] - 2.5529 	 	 0.5142 	 2.8537 	 0.2822
[2025/10/20 06:47:05] - 58 	 28.6 	 	 0.2000 	 4.0909 	 0.2793
[2025/10/20 06:47:05] - ==> Building model..
[2025/10/20 06:47:30] - Test Loss 	 Test Acc 	 PGD Loss 	 PGD Acc
[2025/10/20 06:47:30] - 2.5565 	 	 0.5136 	 2.8571 	 0.2818
[2025/10/20 06:48:22] - 59 	 29.0 	 	 0.2000 	 4.0935 	 0.2768
[2025/10/20 06:48:22] - ==> Building model..
[2025/10/20 06:48:47] - Test Loss 	 Test Acc 	 PGD Loss 	 PGD Acc
[2025/10/20 06:48:47] - 2.5638 	 	 0.5129 	 2.8619 	 0.2820
[2025/10/20 06:49:39] - 60 	 29.2 	 	 0.2000 	 4.0894 	 0.2801
[2025/10/20 06:49:39] - ==> Building model..
[2025/10/20 06:50:04] - Test Loss 	 Test Acc 	 PGD Loss 	 PGD Acc
[2025/10/20 06:50:04] - 2.5667 	 	 0.5148 	 2.8644 	 0.2816
[2025/10/20 06:50:55] - 61 	 28.8 	 	 0.2000 	 4.0928 	 0.2770
[2025/10/20 06:50:55] - ==> Building model..
[2025/10/20 06:51:20] - Test Loss 	 Test Acc 	 PGD Loss 	 PGD Acc
[2025/10/20 06:51:20] - 2.5684 	 	 0.5148 	 2.8654 	 0.2802
[2025/10/20 06:52:10] - 62 	 29.0 	 	 0.2000 	 4.0928 	 0.2779
[2025/10/20 06:52:10] - ==> Building model..
[2025/10/20 06:52:34] - Test Loss 	 Test Acc 	 PGD Loss 	 PGD Acc
[2025/10/20 06:52:34] - 2.5703 	 	 0.5138 	 2.8664 	 0.2804
[2025/10/20 06:53:25] - 63 	 28.9 	 	 0.2000 	 4.0943 	 0.2760
[2025/10/20 06:53:25] - ==> Building model..
[2025/10/20 06:53:50] - Test Loss 	 Test Acc 	 PGD Loss 	 PGD Acc
[2025/10/20 06:53:50] - 2.5721 	 	 0.5160 	 2.8675 	 0.2807
[2025/10/20 06:54:42] - 64 	 29.8 	 	 0.2000 	 4.0919 	 0.2805
[2025/10/20 06:54:42] - ==> Building model..
[2025/10/20 06:55:07] - Test Loss 	 Test Acc 	 PGD Loss 	 PGD Acc
[2025/10/20 06:55:07] - 2.5736 	 	 0.5155 	 2.8685 	 0.2810
[2025/10/20 06:55:59] - 65 	 29.8 	 	 0.2000 	 4.0915 	 0.2789
[2025/10/20 06:55:59] - ==> Building model..
[2025/10/20 06:56:23] - Test Loss 	 Test Acc 	 PGD Loss 	 PGD Acc
[2025/10/20 06:56:23] - 2.5761 	 	 0.5160 	 2.8695 	 0.2805
[2025/10/20 06:57:15] - 66 	 29.2 	 	 0.2000 	 4.0917 	 0.2787
[2025/10/20 06:57:15] - ==> Building model..
[2025/10/20 06:57:39] - Test Loss 	 Test Acc 	 PGD Loss 	 PGD Acc
[2025/10/20 06:57:39] - 2.5776 	 	 0.5172 	 2.8707 	 0.2802
[2025/10/20 06:58:29] - 67 	 28.7 	 	 0.2000 	 4.0919 	 0.2792
[2025/10/20 06:58:29] - ==> Building model..
[2025/10/20 06:58:53] - Test Loss 	 Test Acc 	 PGD Loss 	 PGD Acc
[2025/10/20 06:58:53] - 2.5799 	 	 0.5166 	 2.8725 	 0.2803
[2025/10/20 06:59:45] - 68 	 29.9 	 	 0.2000 	 4.0922 	 0.2797
[2025/10/20 06:59:45] - ==> Building model..
[2025/10/20 07:00:09] - Test Loss 	 Test Acc 	 PGD Loss 	 PGD Acc
[2025/10/20 07:00:09] - 2.5826 	 	 0.5173 	 2.8741 	 0.2807
[2025/10/20 07:01:01] - 69 	 29.1 	 	 0.2000 	 4.0935 	 0.2779
[2025/10/20 07:01:01] - ==> Building model..
[2025/10/20 07:01:25] - Test Loss 	 Test Acc 	 PGD Loss 	 PGD Acc
[2025/10/20 07:01:25] - 2.5846 	 	 0.5178 	 2.8757 	 0.2804
[2025/10/20 07:02:15] - 70 	 28.2 	 	 0.2000 	 4.0938 	 0.2780
[2025/10/20 07:02:15] - ==> Building model..
[2025/10/20 07:02:38] - Test Loss 	 Test Acc 	 PGD Loss 	 PGD Acc
[2025/10/20 07:02:38] - 2.5884 	 	 0.5172 	 2.8787 	 0.2811
[2025/10/20 07:03:28] - 71 	 28.2 	 	 0.2000 	 4.0919 	 0.2784
[2025/10/20 07:03:28] - ==> Building model..
[2025/10/20 07:03:52] - Test Loss 	 Test Acc 	 PGD Loss 	 PGD Acc
[2025/10/20 07:03:52] - 2.5920 	 	 0.5170 	 2.8818 	 0.2806
[2025/10/20 07:04:42] - 72 	 27.8 	 	 0.2000 	 4.0917 	 0.2775
[2025/10/20 07:04:42] - ==> Building model..
[2025/10/20 07:05:08] - Test Loss 	 Test Acc 	 PGD Loss 	 PGD Acc
[2025/10/20 07:05:08] - 2.5938 	 	 0.5157 	 2.8835 	 0.2810
[2025/10/20 07:06:00] - 73 	 28.9 	 	 0.2000 	 4.0918 	 0.2771
[2025/10/20 07:06:00] - ==> Building model..
[2025/10/20 07:06:24] - Test Loss 	 Test Acc 	 PGD Loss 	 PGD Acc
[2025/10/20 07:06:24] - 2.5952 	 	 0.5160 	 2.8845 	 0.2797
[2025/10/20 07:07:15] - 74 	 28.8 	 	 0.2000 	 4.0922 	 0.2785
[2025/10/20 07:07:15] - ==> Building model..
[2025/10/20 07:07:39] - Test Loss 	 Test Acc 	 PGD Loss 	 PGD Acc
[2025/10/20 07:07:39] - 2.5958 	 	 0.5163 	 2.8840 	 0.2804
[2025/10/20 07:08:30] - 75 	 28.8 	 	 0.2000 	 4.0912 	 0.2782
[2025/10/20 07:08:30] - ==> Building model..
[2025/10/20 07:08:55] - Test Loss 	 Test Acc 	 PGD Loss 	 PGD Acc
[2025/10/20 07:08:55] - 2.5950 	 	 0.5170 	 2.8840 	 0.2803
[2025/10/20 07:09:45] - 76 	 27.3 	 	 0.2000 	 4.0920 	 0.2811
[2025/10/20 07:09:45] - ==> Building model..
[2025/10/20 07:10:10] - Test Loss 	 Test Acc 	 PGD Loss 	 PGD Acc
[2025/10/20 07:10:10] - 2.5962 	 	 0.5162 	 2.8851 	 0.2795
[2025/10/20 07:11:01] - 77 	 29.1 	 	 0.2000 	 4.0916 	 0.2806
[2025/10/20 07:11:01] - ==> Building model..
[2025/10/20 07:11:25] - Test Loss 	 Test Acc 	 PGD Loss 	 PGD Acc
[2025/10/20 07:11:25] - 2.5988 	 	 0.5153 	 2.8868 	 0.2797
[2025/10/20 07:12:15] - 78 	 28.8 	 	 0.2000 	 4.0919 	 0.2775
[2025/10/20 07:12:15] - ==> Building model..
[2025/10/20 07:12:40] - Test Loss 	 Test Acc 	 PGD Loss 	 PGD Acc
[2025/10/20 07:12:40] - 2.5997 	 	 0.5163 	 2.8872 	 0.2802
[2025/10/20 07:13:30] - 79 	 28.6 	 	 0.2000 	 4.0903 	 0.2812
[2025/10/20 07:13:30] - ==> Building model..
[2025/10/20 07:13:55] - Test Loss 	 Test Acc 	 PGD Loss 	 PGD Acc
[2025/10/20 07:13:55] - 2.5984 	 	 0.5160 	 2.8864 	 0.2798
[2025/10/20 07:14:45] - 80 	 29.2 	 	 0.2000 	 4.0901 	 0.2800
[2025/10/20 07:14:45] - ==> Building model..
[2025/10/20 07:15:09] - Test Loss 	 Test Acc 	 PGD Loss 	 PGD Acc
[2025/10/20 07:15:09] - 2.5980 	 	 0.5165 	 2.8863 	 0.2812
[2025/10/20 07:16:01] - 81 	 29.6 	 	 0.2000 	 4.0908 	 0.2783
[2025/10/20 07:16:01] - ==> Building model..
[2025/10/20 07:16:24] - Test Loss 	 Test Acc 	 PGD Loss 	 PGD Acc
[2025/10/20 07:16:24] - 2.5969 	 	 0.5172 	 2.8851 	 0.2810
[2025/10/20 07:17:15] - 82 	 29.3 	 	 0.2000 	 4.0913 	 0.2784
[2025/10/20 07:17:15] - ==> Building model..
[2025/10/20 07:17:39] - Test Loss 	 Test Acc 	 PGD Loss 	 PGD Acc
[2025/10/20 07:17:39] - 2.5956 	 	 0.5178 	 2.8845 	 0.2808
[2025/10/20 07:18:28] - 83 	 28.2 	 	 0.2000 	 4.0874 	 0.2818
[2025/10/20 07:18:28] - ==> Building model..
[2025/10/20 07:18:53] - Test Loss 	 Test Acc 	 PGD Loss 	 PGD Acc
[2025/10/20 07:18:53] - 2.5958 	 	 0.5170 	 2.8843 	 0.2801
[2025/10/20 07:19:44] - 84 	 28.8 	 	 0.2000 	 4.0919 	 0.2760
[2025/10/20 07:19:44] - ==> Building model..
[2025/10/20 07:20:08] - Test Loss 	 Test Acc 	 PGD Loss 	 PGD Acc
[2025/10/20 07:20:08] - 2.5959 	 	 0.5166 	 2.8845 	 0.2809
[2025/10/20 07:20:59] - 85 	 28.9 	 	 0.2000 	 4.0909 	 0.2800
[2025/10/20 07:20:59] - ==> Building model..
[2025/10/20 07:21:23] - Test Loss 	 Test Acc 	 PGD Loss 	 PGD Acc
[2025/10/20 07:21:23] - 2.5966 	 	 0.5171 	 2.8849 	 0.2816
[2025/10/20 07:22:14] - 86 	 28.9 	 	 0.2000 	 4.0911 	 0.2804
[2025/10/20 07:22:14] - ==> Building model..
[2025/10/20 07:22:39] - Test Loss 	 Test Acc 	 PGD Loss 	 PGD Acc
[2025/10/20 07:22:39] - 2.5966 	 	 0.5186 	 2.8854 	 0.2804
[2025/10/20 07:23:29] - 87 	 28.1 	 	 0.2000 	 4.0902 	 0.2795
[2025/10/20 07:23:29] - ==> Building model..
[2025/10/20 07:23:53] - Test Loss 	 Test Acc 	 PGD Loss 	 PGD Acc
[2025/10/20 07:23:53] - 2.5964 	 	 0.5199 	 2.8854 	 0.2815
[2025/10/20 07:24:44] - 88 	 29.2 	 	 0.2000 	 4.0919 	 0.2779
[2025/10/20 07:24:44] - ==> Building model..
[2025/10/20 07:25:08] - Test Loss 	 Test Acc 	 PGD Loss 	 PGD Acc
[2025/10/20 07:25:08] - 2.5971 	 	 0.5194 	 2.8860 	 0.2817
[2025/10/20 07:25:59] - 89 	 28.8 	 	 0.2000 	 4.0904 	 0.2801
[2025/10/20 07:25:59] - ==> Building model..
[2025/10/20 07:26:24] - Test Loss 	 Test Acc 	 PGD Loss 	 PGD Acc
[2025/10/20 07:26:24] - 2.5976 	 	 0.5193 	 2.8859 	 0.2827
[2025/10/20 07:27:14] - 90 	 28.0 	 	 0.2000 	 4.0884 	 0.2853
[2025/10/20 07:27:14] - ==> Building model..
[2025/10/20 07:27:38] - Test Loss 	 Test Acc 	 PGD Loss 	 PGD Acc
[2025/10/20 07:27:38] - 2.5982 	 	 0.5190 	 2.8862 	 0.2824
[2025/10/20 07:28:29] - 91 	 29.3 	 	 0.2000 	 4.0912 	 0.2776
[2025/10/20 07:28:29] - ==> Building model..
[2025/10/20 07:28:54] - Test Loss 	 Test Acc 	 PGD Loss 	 PGD Acc
[2025/10/20 07:28:54] - 2.5989 	 	 0.5196 	 2.8864 	 0.2819
[2025/10/20 07:29:44] - 92 	 28.6 	 	 0.2000 	 4.0903 	 0.2809
[2025/10/20 07:29:44] - ==> Building model..
[2025/10/20 07:30:08] - Test Loss 	 Test Acc 	 PGD Loss 	 PGD Acc
[2025/10/20 07:30:08] - 2.6015 	 	 0.5185 	 2.8893 	 0.2816
[2025/10/20 07:30:59] - 93 	 28.6 	 	 0.2000 	 4.0906 	 0.2793
[2025/10/20 07:30:59] - ==> Building model..
[2025/10/20 07:31:23] - Test Loss 	 Test Acc 	 PGD Loss 	 PGD Acc
[2025/10/20 07:31:23] - 2.6026 	 	 0.5177 	 2.8901 	 0.2821
[2025/10/20 07:32:13] - 94 	 28.0 	 	 0.0200 	 3.9975 	 0.3397
[2025/10/20 07:32:13] - ==> Building model..
[2025/10/20 07:32:38] - Test Loss 	 Test Acc 	 PGD Loss 	 PGD Acc
[2025/10/20 07:32:38] - 2.5996 	 	 0.5176 	 2.8870 	 0.2811
[2025/10/20 07:33:30] - 95 	 28.7 	 	 0.0200 	 3.9032 	 0.4032
[2025/10/20 07:33:30] - ==> Building model..
[2025/10/20 07:33:54] - Test Loss 	 Test Acc 	 PGD Loss 	 PGD Acc
[2025/10/20 07:33:54] - 2.5976 	 	 0.5181 	 2.8859 	 0.2813
[2025/10/20 07:34:45] - 96 	 28.8 	 	 0.0200 	 3.8780 	 0.4196
[2025/10/20 07:34:45] - ==> Building model..
[2025/10/20 07:35:09] - Test Loss 	 Test Acc 	 PGD Loss 	 PGD Acc
[2025/10/20 07:35:09] - 2.5972 	 	 0.5188 	 2.8848 	 0.2821
[2025/10/20 07:36:01] - 97 	 28.9 	 	 0.0200 	 3.8601 	 0.4327
[2025/10/20 07:36:01] - ==> Building model..
[2025/10/20 07:36:25] - Test Loss 	 Test Acc 	 PGD Loss 	 PGD Acc
[2025/10/20 07:36:25] - 2.5977 	 	 0.5189 	 2.8864 	 0.2816
[2025/10/20 07:37:15] - 98 	 28.0 	 	 0.0200 	 3.8458 	 0.4425
[2025/10/20 07:37:15] - ==> Building model..
[2025/10/20 07:37:40] - Test Loss 	 Test Acc 	 PGD Loss 	 PGD Acc
[2025/10/20 07:37:40] - 2.5984 	 	 0.5189 	 2.8865 	 0.2818
[2025/10/20 07:38:30] - 99 	 28.6 	 	 0.0020 	 3.8148 	 0.4656
[2025/10/20 07:38:30] - ==> Building model..
[2025/10/20 07:38:54] - Test Loss 	 Test Acc 	 PGD Loss 	 PGD Acc
[2025/10/20 07:38:54] - 2.5988 	 	 0.5188 	 2.8868 	 0.2818
[2025/10/20 07:39:45] - 100 	 28.4 	 	 0.0020 	 3.7857 	 0.4892
[2025/10/20 07:39:45] - ==> Building model..
[2025/10/20 07:40:09] - Test Loss 	 Test Acc 	 PGD Loss 	 PGD Acc
[2025/10/20 07:40:09] - 2.5988 	 	 0.5188 	 2.8872 	 0.2818
[2025/10/20 07:40:58] - 101 	 27.5 	 	 0.0020 	 3.7805 	 0.4949
[2025/10/20 07:40:58] - ==> Building model..
[2025/10/20 07:41:22] - Test Loss 	 Test Acc 	 PGD Loss 	 PGD Acc
[2025/10/20 07:41:22] - 2.5988 	 	 0.5188 	 2.8873 	 0.2821
[2025/10/20 07:42:14] - 102 	 28.6 	 	 0.0020 	 3.7749 	 0.4966
[2025/10/20 07:42:14] - ==> Building model..
[2025/10/20 07:42:38] - Test Loss 	 Test Acc 	 PGD Loss 	 PGD Acc
[2025/10/20 07:42:38] - 2.5988 	 	 0.5188 	 2.8872 	 0.2826
[2025/10/20 07:43:28] - 103 	 27.5 	 	 0.0020 	 3.7708 	 0.5027
[2025/10/20 07:43:28] - ==> Building model..
[2025/10/20 07:43:52] - Test Loss 	 Test Acc 	 PGD Loss 	 PGD Acc
[2025/10/20 07:43:52] - 2.5994 	 	 0.5187 	 2.8874 	 0.2824
[2025/10/20 07:44:43] - 104 	 29.0 	 	 0.0020 	 3.7652 	 0.5066
[2025/10/20 07:44:43] - ==> Building model..
[2025/10/20 07:45:08] - Test Loss 	 Test Acc 	 PGD Loss 	 PGD Acc
[2025/10/20 07:45:08] - 2.5994 	 	 0.5187 	 2.8877 	 0.2818
[2025/10/20 07:45:56] - 105 	 27.5 	 	 0.0020 	 3.7621 	 0.5072
[2025/10/20 07:45:56] - ==> Building model..
[2025/10/20 07:46:21] - Test Loss 	 Test Acc 	 PGD Loss 	 PGD Acc
[2025/10/20 07:46:21] - 2.6000 	 	 0.5187 	 2.8877 	 0.2818
[2025/10/20 07:47:10] - 106 	 27.5 	 	 0.0020 	 3.7580 	 0.5113
[2025/10/20 07:47:10] - ==> Building model..
[2025/10/20 07:47:35] - Test Loss 	 Test Acc 	 PGD Loss 	 PGD Acc
[2025/10/20 07:47:35] - 2.6012 	 	 0.5183 	 2.8891 	 0.2819
[2025/10/20 07:48:24] - 107 	 28.0 	 	 0.0020 	 3.7543 	 0.5140
[2025/10/20 07:48:24] - ==> Building model..
[2025/10/20 07:48:48] - Test Loss 	 Test Acc 	 PGD Loss 	 PGD Acc
[2025/10/20 07:48:48] - 2.6012 	 	 0.5183 	 2.8893 	 0.2824
[2025/10/20 07:49:39] - 108 	 28.5 	 	 0.0020 	 3.7506 	 0.5191
[2025/10/20 07:49:39] - ==> Building model..
[2025/10/20 07:50:03] - Test Loss 	 Test Acc 	 PGD Loss 	 PGD Acc
[2025/10/20 07:50:03] - 2.6012 	 	 0.5183 	 2.8891 	 0.2822
[2025/10/20 07:50:55] - 109 	 29.1 	 	 0.0020 	 3.7469 	 0.5220
[2025/10/20 07:50:55] - ==> Building model..
[2025/10/20 07:51:20] - Test Loss 	 Test Acc 	 PGD Loss 	 PGD Acc
[2025/10/20 07:51:20] - 2.6012 	 	 0.5183 	 2.8894 	 0.2825
[2025/10/20 07:51:20] - [0.0833, 0.1441, 0.1929, 0.235, 0.2702, 0.3119, 0.3468, 0.3767, 0.4015, 0.4141, 0.4284, 0.4371, 0.4454, 0.45, 0.4563, 0.4606, 0.4674, 0.4732, 0.4748, 0.4782, 0.4812, 0.4834, 0.4854, 0.4857, 0.486, 0.4896, 0.4926, 0.492, 0.4952, 0.496, 0.4972, 0.4995, 0.5001, 0.4995, 0.5008, 0.5003, 0.5034, 0.5048, 0.5068, 0.5063, 0.5066, 0.5064, 0.508, 0.5099, 0.5106, 0.5104, 0.512, 0.5117, 0.512, 0.5119, 0.5143, 0.5131, 0.5136, 0.5143, 0.5135, 0.5142, 0.5144, 0.5142, 0.5136, 0.5129, 0.5148, 0.5148, 0.5138, 0.516, 0.5155, 0.516, 0.5172, 0.5166, 0.5173, 0.5178, 0.5172, 0.517, 0.5157, 0.516, 0.5163, 0.517, 0.5162, 0.5153, 0.5163, 0.516, 0.5165, 0.5172, 0.5178, 0.517, 0.5166, 0.5171, 0.5186, 0.5199, 0.5194, 0.5193, 0.519, 0.5196, 0.5185, 0.5177, 0.5176, 0.5181, 0.5188, 0.5189, 0.5189, 0.5188, 0.5188, 0.5188, 0.5188, 0.5187, 0.5187, 0.5187, 0.5183, 0.5183, 0.5183, 0.5183]
[2025/10/20 07:51:20] - [0.0565, 0.0963, 0.1203, 0.1408, 0.1622, 0.1822, 0.1931, 0.2082, 0.2174, 0.2236, 0.2317, 0.236, 0.2392, 0.2428, 0.2453, 0.2487, 0.2509, 0.2541, 0.2558, 0.2568, 0.2573, 0.2575, 0.2608, 0.2622, 0.2619, 0.2629, 0.2643, 0.2641, 0.2645, 0.2658, 0.2672, 0.2693, 0.2697, 0.2697, 0.2711, 0.2709, 0.2728, 0.2749, 0.2737, 0.2743, 0.2748, 0.276, 0.2759, 0.2769, 0.2763, 0.2778, 0.2785, 0.2783, 0.2777, 0.2783, 0.2781, 0.2774, 0.2776, 0.2791, 0.2791, 0.2798, 0.2803, 0.2822, 0.2818, 0.282, 0.2816, 0.2802, 0.2804, 0.2807, 0.281, 0.2805, 0.2802, 0.2803, 0.2807, 0.2804, 0.2811, 0.2806, 0.281, 0.2797, 0.2804, 0.2803, 0.2795, 0.2797, 0.2802, 0.2798, 0.2812, 0.281, 0.2808, 0.2801, 0.2809, 0.2816, 0.2804, 0.2815, 0.2817, 0.2827, 0.2824, 0.2819, 0.2816, 0.2821, 0.2811, 0.2813, 0.2821, 0.2816, 0.2818, 0.2818, 0.2818, 0.2821, 0.2826, 0.2824, 0.2818, 0.2818, 0.2819, 0.2824, 0.2822, 0.2825]
