[2025/10/20 17:33:52] - Namespace(batch_size=128, data_dir='cifar-data', epochs=110, lr_schedule='multistep', lr_min=0.0, lr_max=0.2, weight_decay=0.0005, momentum=0.9, model='ResNet18', epsilon=8, alpha=8, delta_init='random', normal_mean=0, normal_std=1, out_dir='runs/beta_0.6/lam_42/lscale_0.12/seed_1', seed=1, lamda=42.0, lam_scale=0.12, lam_start=50, gamma=0.05, inner_gamma=0.05, beta=0.6, mu=3.5, batch_m=0.75, early_stop=False, factor=0.5, length=4, n_holes=1, c_num=0.125, EMA_value=0.55)
[2025/10/20 17:33:54] - ==> Building model..
[2025/10/20 17:33:54] - Epoch 	 Seconds 	 LR 	 	 Train Loss 	 Train Acc
[2025/10/20 17:34:55] - 0 	 30.4 	 	 0.2000 	 4.5824 	 0.0337
[2025/10/20 17:34:55] - ==> Building model..
[2025/10/20 17:35:19] - Test Loss 	 Test Acc 	 PGD Loss 	 PGD Acc
[2025/10/20 17:35:19] - 4.2842 	 	 0.0758 	 4.2947 	 0.0514
[2025/10/20 17:36:17] - 1 	 27.8 	 	 0.2000 	 4.4674 	 0.0738
[2025/10/20 17:36:17] - ==> Building model..
[2025/10/20 17:36:40] - Test Loss 	 Test Acc 	 PGD Loss 	 PGD Acc
[2025/10/20 17:36:40] - 4.0935 	 	 0.1333 	 4.1189 	 0.0860
[2025/10/20 17:37:39] - 2 	 28.8 	 	 0.2000 	 4.4105 	 0.1005
[2025/10/20 17:37:39] - ==> Building model..
[2025/10/20 17:38:02] - Test Loss 	 Test Acc 	 PGD Loss 	 PGD Acc
[2025/10/20 17:38:02] - 3.9243 	 	 0.1754 	 3.9671 	 0.1074
[2025/10/20 17:39:02] - 3 	 28.2 	 	 0.2000 	 4.3631 	 0.1252
[2025/10/20 17:39:02] - ==> Building model..
[2025/10/20 17:39:25] - Test Loss 	 Test Acc 	 PGD Loss 	 PGD Acc
[2025/10/20 17:39:25] - 3.7949 	 	 0.2180 	 3.8571 	 0.1278
[2025/10/20 17:40:24] - 4 	 29.2 	 	 0.2000 	 4.3251 	 0.1453
[2025/10/20 17:40:24] - ==> Building model..
[2025/10/20 17:40:48] - Test Loss 	 Test Acc 	 PGD Loss 	 PGD Acc
[2025/10/20 17:40:48] - 3.6922 	 	 0.2535 	 3.7726 	 0.1490
[2025/10/20 17:41:48] - 5 	 29.7 	 	 0.2000 	 4.2878 	 0.1629
[2025/10/20 17:41:48] - ==> Building model..
[2025/10/20 17:42:11] - Test Loss 	 Test Acc 	 PGD Loss 	 PGD Acc
[2025/10/20 17:42:11] - 3.4866 	 	 0.2905 	 3.5948 	 0.1694
[2025/10/20 17:43:10] - 6 	 29.0 	 	 0.2000 	 4.2558 	 0.1839
[2025/10/20 17:43:10] - ==> Building model..
[2025/10/20 17:43:33] - Test Loss 	 Test Acc 	 PGD Loss 	 PGD Acc
[2025/10/20 17:43:33] - 3.3161 	 	 0.3288 	 3.4498 	 0.1865
[2025/10/20 17:44:33] - 7 	 29.6 	 	 0.2000 	 4.2303 	 0.1963
[2025/10/20 17:44:33] - ==> Building model..
[2025/10/20 17:44:55] - Test Loss 	 Test Acc 	 PGD Loss 	 PGD Acc
[2025/10/20 17:44:55] - 3.1453 	 	 0.3653 	 3.3084 	 0.2025
[2025/10/20 17:45:56] - 8 	 30.4 	 	 0.2000 	 4.2122 	 0.2049
[2025/10/20 17:45:56] - ==> Building model..
[2025/10/20 17:46:19] - Test Loss 	 Test Acc 	 PGD Loss 	 PGD Acc
[2025/10/20 17:46:19] - 3.0408 	 	 0.3875 	 3.2243 	 0.2103
[2025/10/20 17:47:18] - 9 	 28.8 	 	 0.2000 	 4.1960 	 0.2136
[2025/10/20 17:47:18] - ==> Building model..
[2025/10/20 17:47:41] - Test Loss 	 Test Acc 	 PGD Loss 	 PGD Acc
[2025/10/20 17:47:41] - 2.9479 	 	 0.4072 	 3.1520 	 0.2191
[2025/10/20 17:48:40] - 10 	 29.3 	 	 0.2000 	 4.1849 	 0.2205
[2025/10/20 17:48:40] - ==> Building model..
[2025/10/20 17:49:03] - Test Loss 	 Test Acc 	 PGD Loss 	 PGD Acc
[2025/10/20 17:49:03] - 2.8923 	 	 0.4222 	 3.1088 	 0.2264
[2025/10/20 17:50:02] - 11 	 29.2 	 	 0.2000 	 4.1741 	 0.2261
[2025/10/20 17:50:02] - ==> Building model..
[2025/10/20 17:50:25] - Test Loss 	 Test Acc 	 PGD Loss 	 PGD Acc
[2025/10/20 17:50:25] - 2.8468 	 	 0.4341 	 3.0754 	 0.2302
[2025/10/20 17:51:26] - 12 	 29.8 	 	 0.2000 	 4.1657 	 0.2304
[2025/10/20 17:51:26] - ==> Building model..
[2025/10/20 17:51:49] - Test Loss 	 Test Acc 	 PGD Loss 	 PGD Acc
[2025/10/20 17:51:49] - 2.8209 	 	 0.4391 	 3.0548 	 0.2343
[2025/10/20 17:52:48] - 13 	 28.9 	 	 0.2000 	 4.1588 	 0.2341
[2025/10/20 17:52:48] - ==> Building model..
[2025/10/20 17:53:12] - Test Loss 	 Test Acc 	 PGD Loss 	 PGD Acc
[2025/10/20 17:53:12] - 2.7901 	 	 0.4457 	 3.0304 	 0.2383
[2025/10/20 17:54:11] - 14 	 29.5 	 	 0.2000 	 4.1525 	 0.2380
[2025/10/20 17:54:11] - ==> Building model..
[2025/10/20 17:54:35] - Test Loss 	 Test Acc 	 PGD Loss 	 PGD Acc
[2025/10/20 17:54:35] - 2.7589 	 	 0.4542 	 3.0078 	 0.2430
[2025/10/20 17:55:36] - 15 	 29.7 	 	 0.2000 	 4.1490 	 0.2415
[2025/10/20 17:55:36] - ==> Building model..
[2025/10/20 17:55:59] - Test Loss 	 Test Acc 	 PGD Loss 	 PGD Acc
[2025/10/20 17:55:59] - 2.7415 	 	 0.4580 	 2.9939 	 0.2450
[2025/10/20 17:56:58] - 16 	 29.3 	 	 0.2000 	 4.1427 	 0.2455
[2025/10/20 17:56:58] - ==> Building model..
[2025/10/20 17:57:22] - Test Loss 	 Test Acc 	 PGD Loss 	 PGD Acc
[2025/10/20 17:57:22] - 2.7314 	 	 0.4601 	 2.9874 	 0.2471
[2025/10/20 17:58:22] - 17 	 29.3 	 	 0.2000 	 4.1377 	 0.2483
[2025/10/20 17:58:22] - ==> Building model..
[2025/10/20 17:58:45] - Test Loss 	 Test Acc 	 PGD Loss 	 PGD Acc
[2025/10/20 17:58:45] - 2.7148 	 	 0.4654 	 2.9748 	 0.2483
[2025/10/20 17:59:46] - 18 	 29.9 	 	 0.2000 	 4.1361 	 0.2491
[2025/10/20 17:59:46] - ==> Building model..
[2025/10/20 18:00:09] - Test Loss 	 Test Acc 	 PGD Loss 	 PGD Acc
[2025/10/20 18:00:09] - 2.6929 	 	 0.4707 	 2.9594 	 0.2512
[2025/10/20 18:01:09] - 19 	 29.6 	 	 0.2000 	 4.1324 	 0.2503
[2025/10/20 18:01:09] - ==> Building model..
[2025/10/20 18:01:33] - Test Loss 	 Test Acc 	 PGD Loss 	 PGD Acc
[2025/10/20 18:01:33] - 2.6807 	 	 0.4738 	 2.9504 	 0.2529
[2025/10/20 18:02:33] - 20 	 29.8 	 	 0.2000 	 4.1283 	 0.2514
[2025/10/20 18:02:33] - ==> Building model..
[2025/10/20 18:02:56] - Test Loss 	 Test Acc 	 PGD Loss 	 PGD Acc
[2025/10/20 18:02:56] - 2.6675 	 	 0.4781 	 2.9417 	 0.2551
[2025/10/20 18:03:55] - 21 	 28.7 	 	 0.2000 	 4.1264 	 0.2546
[2025/10/20 18:03:55] - ==> Building model..
[2025/10/20 18:04:19] - Test Loss 	 Test Acc 	 PGD Loss 	 PGD Acc
[2025/10/20 18:04:19] - 2.6570 	 	 0.4802 	 2.9338 	 0.2558
[2025/10/20 18:05:18] - 22 	 29.3 	 	 0.2000 	 4.1207 	 0.2574
[2025/10/20 18:05:18] - ==> Building model..
[2025/10/20 18:05:41] - Test Loss 	 Test Acc 	 PGD Loss 	 PGD Acc
[2025/10/20 18:05:41] - 2.6444 	 	 0.4850 	 2.9236 	 0.2572
[2025/10/20 18:06:39] - 23 	 28.6 	 	 0.2000 	 4.1206 	 0.2592
[2025/10/20 18:06:39] - ==> Building model..
[2025/10/20 18:07:04] - Test Loss 	 Test Acc 	 PGD Loss 	 PGD Acc
[2025/10/20 18:07:04] - 2.6378 	 	 0.4866 	 2.9184 	 0.2589
[2025/10/20 18:08:05] - 24 	 30.2 	 	 0.2000 	 4.1185 	 0.2594
[2025/10/20 18:08:05] - ==> Building model..
[2025/10/20 18:08:28] - Test Loss 	 Test Acc 	 PGD Loss 	 PGD Acc
[2025/10/20 18:08:28] - 2.6367 	 	 0.4872 	 2.9181 	 0.2607
[2025/10/20 18:09:28] - 25 	 29.3 	 	 0.2000 	 4.1180 	 0.2604
[2025/10/20 18:09:28] - ==> Building model..
[2025/10/20 18:09:52] - Test Loss 	 Test Acc 	 PGD Loss 	 PGD Acc
[2025/10/20 18:09:52] - 2.6333 	 	 0.4883 	 2.9155 	 0.2605
[2025/10/20 18:10:52] - 26 	 30.1 	 	 0.2000 	 4.1143 	 0.2622
[2025/10/20 18:10:52] - ==> Building model..
[2025/10/20 18:11:16] - Test Loss 	 Test Acc 	 PGD Loss 	 PGD Acc
[2025/10/20 18:11:16] - 2.6270 	 	 0.4917 	 2.9107 	 0.2633
[2025/10/20 18:12:15] - 27 	 29.0 	 	 0.2000 	 4.1122 	 0.2612
[2025/10/20 18:12:15] - ==> Building model..
[2025/10/20 18:12:39] - Test Loss 	 Test Acc 	 PGD Loss 	 PGD Acc
[2025/10/20 18:12:39] - 2.6201 	 	 0.4924 	 2.9052 	 0.2619
[2025/10/20 18:13:39] - 28 	 29.7 	 	 0.2000 	 4.1128 	 0.2624
[2025/10/20 18:13:39] - ==> Building model..
[2025/10/20 18:14:03] - Test Loss 	 Test Acc 	 PGD Loss 	 PGD Acc
[2025/10/20 18:14:03] - 2.6136 	 	 0.4937 	 2.8996 	 0.2633
[2025/10/20 18:15:03] - 29 	 29.9 	 	 0.2000 	 4.1101 	 0.2665
[2025/10/20 18:15:03] - ==> Building model..
[2025/10/20 18:15:27] - Test Loss 	 Test Acc 	 PGD Loss 	 PGD Acc
[2025/10/20 18:15:27] - 2.6063 	 	 0.4965 	 2.8941 	 0.2648
[2025/10/20 18:16:27] - 30 	 29.7 	 	 0.2000 	 4.1086 	 0.2650
[2025/10/20 18:16:27] - ==> Building model..
[2025/10/20 18:16:51] - Test Loss 	 Test Acc 	 PGD Loss 	 PGD Acc
[2025/10/20 18:16:51] - 2.6031 	 	 0.4965 	 2.8922 	 0.2651
[2025/10/20 18:17:51] - 31 	 28.9 	 	 0.2000 	 4.1061 	 0.2675
[2025/10/20 18:17:51] - ==> Building model..
[2025/10/20 18:18:14] - Test Loss 	 Test Acc 	 PGD Loss 	 PGD Acc
[2025/10/20 18:18:14] - 2.5986 	 	 0.4978 	 2.8893 	 0.2667
[2025/10/20 18:19:14] - 32 	 29.1 	 	 0.2000 	 4.1057 	 0.2682
[2025/10/20 18:19:14] - ==> Building model..
[2025/10/20 18:19:38] - Test Loss 	 Test Acc 	 PGD Loss 	 PGD Acc
[2025/10/20 18:19:38] - 2.5943 	 	 0.4998 	 2.8864 	 0.2675
[2025/10/20 18:20:38] - 33 	 29.6 	 	 0.2000 	 4.1062 	 0.2659
[2025/10/20 18:20:38] - ==> Building model..
[2025/10/20 18:21:02] - Test Loss 	 Test Acc 	 PGD Loss 	 PGD Acc
[2025/10/20 18:21:02] - 2.5947 	 	 0.4996 	 2.8870 	 0.2694
[2025/10/20 18:22:02] - 34 	 29.2 	 	 0.2000 	 4.1030 	 0.2683
[2025/10/20 18:22:02] - ==> Building model..
[2025/10/20 18:22:26] - Test Loss 	 Test Acc 	 PGD Loss 	 PGD Acc
[2025/10/20 18:22:26] - 2.5918 	 	 0.5006 	 2.8861 	 0.2711
[2025/10/20 18:23:27] - 35 	 30.5 	 	 0.2000 	 4.1022 	 0.2690
[2025/10/20 18:23:27] - ==> Building model..
[2025/10/20 18:23:51] - Test Loss 	 Test Acc 	 PGD Loss 	 PGD Acc
[2025/10/20 18:23:51] - 2.5898 	 	 0.5010 	 2.8838 	 0.2711
[2025/10/20 18:24:51] - 36 	 30.0 	 	 0.2000 	 4.1028 	 0.2690
[2025/10/20 18:24:51] - ==> Building model..
[2025/10/20 18:25:14] - Test Loss 	 Test Acc 	 PGD Loss 	 PGD Acc
[2025/10/20 18:25:14] - 2.5883 	 	 0.5009 	 2.8832 	 0.2716
[2025/10/20 18:26:13] - 37 	 29.9 	 	 0.2000 	 4.1003 	 0.2689
[2025/10/20 18:26:13] - ==> Building model..
[2025/10/20 18:26:36] - Test Loss 	 Test Acc 	 PGD Loss 	 PGD Acc
[2025/10/20 18:26:36] - 2.5861 	 	 0.5020 	 2.8819 	 0.2715
[2025/10/20 18:27:36] - 38 	 29.7 	 	 0.2000 	 4.1004 	 0.2705
[2025/10/20 18:27:36] - ==> Building model..
[2025/10/20 18:27:59] - Test Loss 	 Test Acc 	 PGD Loss 	 PGD Acc
[2025/10/20 18:27:59] - 2.5824 	 	 0.5029 	 2.8781 	 0.2718
[2025/10/20 18:28:59] - 39 	 29.9 	 	 0.2000 	 4.0986 	 0.2709
[2025/10/20 18:28:59] - ==> Building model..
[2025/10/20 18:29:22] - Test Loss 	 Test Acc 	 PGD Loss 	 PGD Acc
[2025/10/20 18:29:22] - 2.5804 	 	 0.5025 	 2.8761 	 0.2748
[2025/10/20 18:30:22] - 40 	 29.8 	 	 0.2000 	 4.0991 	 0.2703
[2025/10/20 18:30:22] - ==> Building model..
[2025/10/20 18:30:45] - Test Loss 	 Test Acc 	 PGD Loss 	 PGD Acc
[2025/10/20 18:30:45] - 2.5778 	 	 0.5047 	 2.8740 	 0.2731
[2025/10/20 18:31:45] - 41 	 29.9 	 	 0.2000 	 4.0987 	 0.2689
[2025/10/20 18:31:45] - ==> Building model..
[2025/10/20 18:32:08] - Test Loss 	 Test Acc 	 PGD Loss 	 PGD Acc
[2025/10/20 18:32:08] - 2.5762 	 	 0.5058 	 2.8719 	 0.2748
[2025/10/20 18:33:08] - 42 	 29.8 	 	 0.2000 	 4.0974 	 0.2715
[2025/10/20 18:33:08] - ==> Building model..
[2025/10/20 18:33:31] - Test Loss 	 Test Acc 	 PGD Loss 	 PGD Acc
[2025/10/20 18:33:31] - 2.5734 	 	 0.5073 	 2.8711 	 0.2744
[2025/10/20 18:34:31] - 43 	 29.6 	 	 0.2000 	 4.0962 	 0.2712
[2025/10/20 18:34:31] - ==> Building model..
[2025/10/20 18:34:54] - Test Loss 	 Test Acc 	 PGD Loss 	 PGD Acc
[2025/10/20 18:34:54] - 2.5705 	 	 0.5079 	 2.8689 	 0.2751
[2025/10/20 18:35:53] - 44 	 29.3 	 	 0.2000 	 4.0953 	 0.2739
[2025/10/20 18:35:53] - ==> Building model..
[2025/10/20 18:36:16] - Test Loss 	 Test Acc 	 PGD Loss 	 PGD Acc
[2025/10/20 18:36:16] - 2.5701 	 	 0.5068 	 2.8683 	 0.2756
[2025/10/20 18:37:17] - 45 	 30.1 	 	 0.2000 	 4.0946 	 0.2732
[2025/10/20 18:37:17] - ==> Building model..
[2025/10/20 18:37:40] - Test Loss 	 Test Acc 	 PGD Loss 	 PGD Acc
[2025/10/20 18:37:40] - 2.5703 	 	 0.5072 	 2.8677 	 0.2747
[2025/10/20 18:38:39] - 46 	 29.0 	 	 0.2000 	 4.0941 	 0.2751
[2025/10/20 18:38:39] - ==> Building model..
[2025/10/20 18:39:03] - Test Loss 	 Test Acc 	 PGD Loss 	 PGD Acc
[2025/10/20 18:39:03] - 2.5693 	 	 0.5090 	 2.8676 	 0.2767
[2025/10/20 18:40:03] - 47 	 29.2 	 	 0.2000 	 4.0933 	 0.2777
[2025/10/20 18:40:03] - ==> Building model..
[2025/10/20 18:40:26] - Test Loss 	 Test Acc 	 PGD Loss 	 PGD Acc
[2025/10/20 18:40:26] - 2.5698 	 	 0.5089 	 2.8669 	 0.2762
[2025/10/20 18:41:24] - 48 	 29.2 	 	 0.2000 	 4.0909 	 0.2751
[2025/10/20 18:41:24] - ==> Building model..
[2025/10/20 18:41:48] - Test Loss 	 Test Acc 	 PGD Loss 	 PGD Acc
[2025/10/20 18:41:48] - 2.5703 	 	 0.5079 	 2.8679 	 0.2757
[2025/10/20 18:42:47] - 49 	 29.9 	 	 0.2000 	 4.0932 	 0.2755
[2025/10/20 18:42:47] - ==> Building model..
[2025/10/20 18:43:10] - Test Loss 	 Test Acc 	 PGD Loss 	 PGD Acc
[2025/10/20 18:43:10] - 2.5703 	 	 0.5087 	 2.8680 	 0.2760
[2025/10/20 18:44:10] - 50 	 29.9 	 	 0.2000 	 4.0901 	 0.2753
[2025/10/20 18:44:10] - ==> Building model..
[2025/10/20 18:44:33] - Test Loss 	 Test Acc 	 PGD Loss 	 PGD Acc
[2025/10/20 18:44:33] - 2.5655 	 	 0.5087 	 2.8643 	 0.2780
[2025/10/20 18:45:34] - 51 	 29.8 	 	 0.2000 	 4.0925 	 0.2727
[2025/10/20 18:45:34] - ==> Building model..
[2025/10/20 18:45:57] - Test Loss 	 Test Acc 	 PGD Loss 	 PGD Acc
[2025/10/20 18:45:57] - 2.5623 	 	 0.5123 	 2.8628 	 0.2775
[2025/10/20 18:46:56] - 52 	 29.0 	 	 0.2000 	 4.0942 	 0.2737
[2025/10/20 18:46:56] - ==> Building model..
[2025/10/20 18:47:20] - Test Loss 	 Test Acc 	 PGD Loss 	 PGD Acc
[2025/10/20 18:47:20] - 2.5610 	 	 0.5130 	 2.8621 	 0.2783
[2025/10/20 18:48:20] - 53 	 29.9 	 	 0.2000 	 4.0921 	 0.2757
[2025/10/20 18:48:20] - ==> Building model..
[2025/10/20 18:48:44] - Test Loss 	 Test Acc 	 PGD Loss 	 PGD Acc
[2025/10/20 18:48:44] - 2.5600 	 	 0.5128 	 2.8608 	 0.2810
[2025/10/20 18:49:44] - 54 	 29.7 	 	 0.2000 	 4.0919 	 0.2762
[2025/10/20 18:49:44] - ==> Building model..
[2025/10/20 18:50:07] - Test Loss 	 Test Acc 	 PGD Loss 	 PGD Acc
[2025/10/20 18:50:07] - 2.5606 	 	 0.5144 	 2.8602 	 0.2812
[2025/10/20 18:51:06] - 55 	 29.8 	 	 0.2000 	 4.0927 	 0.2759
[2025/10/20 18:51:06] - ==> Building model..
[2025/10/20 18:51:30] - Test Loss 	 Test Acc 	 PGD Loss 	 PGD Acc
[2025/10/20 18:51:30] - 2.5640 	 	 0.5135 	 2.8629 	 0.2803
[2025/10/20 18:52:30] - 56 	 30.3 	 	 0.2000 	 4.0952 	 0.2767
[2025/10/20 18:52:30] - ==> Building model..
[2025/10/20 18:52:55] - Test Loss 	 Test Acc 	 PGD Loss 	 PGD Acc
[2025/10/20 18:52:55] - 2.5669 	 	 0.5125 	 2.8652 	 0.2790
[2025/10/20 18:53:55] - 57 	 29.7 	 	 0.2000 	 4.0935 	 0.2740
[2025/10/20 18:53:55] - ==> Building model..
[2025/10/20 18:54:18] - Test Loss 	 Test Acc 	 PGD Loss 	 PGD Acc
[2025/10/20 18:54:18] - 2.5686 	 	 0.5129 	 2.8662 	 0.2800
[2025/10/20 18:55:19] - 58 	 30.5 	 	 0.2000 	 4.0943 	 0.2766
[2025/10/20 18:55:19] - ==> Building model..
[2025/10/20 18:55:42] - Test Loss 	 Test Acc 	 PGD Loss 	 PGD Acc
[2025/10/20 18:55:42] - 2.5700 	 	 0.5142 	 2.8667 	 0.2810
[2025/10/20 18:56:42] - 59 	 29.6 	 	 0.2000 	 4.0944 	 0.2776
[2025/10/20 18:56:42] - ==> Building model..
[2025/10/20 18:57:05] - Test Loss 	 Test Acc 	 PGD Loss 	 PGD Acc
[2025/10/20 18:57:05] - 2.5707 	 	 0.5147 	 2.8676 	 0.2809
[2025/10/20 18:58:05] - 60 	 30.0 	 	 0.2000 	 4.0962 	 0.2767
[2025/10/20 18:58:05] - ==> Building model..
[2025/10/20 18:58:28] - Test Loss 	 Test Acc 	 PGD Loss 	 PGD Acc
[2025/10/20 18:58:28] - 2.5741 	 	 0.5136 	 2.8696 	 0.2802
[2025/10/20 18:59:29] - 61 	 30.3 	 	 0.2000 	 4.0958 	 0.2750
[2025/10/20 18:59:29] - ==> Building model..
[2025/10/20 18:59:52] - Test Loss 	 Test Acc 	 PGD Loss 	 PGD Acc
[2025/10/20 18:59:52] - 2.5779 	 	 0.5125 	 2.8720 	 0.2809
[2025/10/20 19:00:50] - 62 	 29.3 	 	 0.2000 	 4.0968 	 0.2764
[2025/10/20 19:00:50] - ==> Building model..
[2025/10/20 19:01:13] - Test Loss 	 Test Acc 	 PGD Loss 	 PGD Acc
[2025/10/20 19:01:13] - 2.5817 	 	 0.5139 	 2.8748 	 0.2813
[2025/10/20 19:02:12] - 63 	 29.6 	 	 0.2000 	 4.0968 	 0.2752
[2025/10/20 19:02:12] - ==> Building model..
[2025/10/20 19:02:35] - Test Loss 	 Test Acc 	 PGD Loss 	 PGD Acc
[2025/10/20 19:02:35] - 2.5842 	 	 0.5120 	 2.8756 	 0.2805
[2025/10/20 19:03:34] - 64 	 29.8 	 	 0.2000 	 4.0950 	 0.2775
[2025/10/20 19:03:34] - ==> Building model..
[2025/10/20 19:03:58] - Test Loss 	 Test Acc 	 PGD Loss 	 PGD Acc
[2025/10/20 19:03:58] - 2.5896 	 	 0.5128 	 2.8800 	 0.2809
[2025/10/20 19:04:56] - 65 	 29.9 	 	 0.2000 	 4.0965 	 0.2773
[2025/10/20 19:04:56] - ==> Building model..
[2025/10/20 19:05:20] - Test Loss 	 Test Acc 	 PGD Loss 	 PGD Acc
[2025/10/20 19:05:20] - 2.5944 	 	 0.5143 	 2.8837 	 0.2804
[2025/10/20 19:06:18] - 66 	 29.3 	 	 0.2000 	 4.0938 	 0.2761
[2025/10/20 19:06:18] - ==> Building model..
[2025/10/20 19:06:41] - Test Loss 	 Test Acc 	 PGD Loss 	 PGD Acc
[2025/10/20 19:06:41] - 2.5937 	 	 0.5135 	 2.8832 	 0.2801
[2025/10/20 19:07:39] - 67 	 29.1 	 	 0.2000 	 4.0941 	 0.2758
[2025/10/20 19:07:39] - ==> Building model..
[2025/10/20 19:08:03] - Test Loss 	 Test Acc 	 PGD Loss 	 PGD Acc
[2025/10/20 19:08:03] - 2.5954 	 	 0.5142 	 2.8842 	 0.2801
[2025/10/20 19:08:59] - 68 	 28.4 	 	 0.2000 	 4.0931 	 0.2773
[2025/10/20 19:08:59] - ==> Building model..
[2025/10/20 19:09:23] - Test Loss 	 Test Acc 	 PGD Loss 	 PGD Acc
[2025/10/20 19:09:23] - 2.5957 	 	 0.5134 	 2.8842 	 0.2815
[2025/10/20 19:10:20] - 69 	 28.1 	 	 0.2000 	 4.0963 	 0.2760
[2025/10/20 19:10:20] - ==> Building model..
[2025/10/20 19:10:44] - Test Loss 	 Test Acc 	 PGD Loss 	 PGD Acc
[2025/10/20 19:10:44] - 2.5972 	 	 0.5137 	 2.8851 	 0.2814
[2025/10/20 19:11:41] - 70 	 28.6 	 	 0.2000 	 4.0938 	 0.2778
[2025/10/20 19:11:41] - ==> Building model..
[2025/10/20 19:12:06] - Test Loss 	 Test Acc 	 PGD Loss 	 PGD Acc
[2025/10/20 19:12:06] - 2.5971 	 	 0.5150 	 2.8848 	 0.2814
[2025/10/20 19:13:03] - 71 	 28.1 	 	 0.2000 	 4.0947 	 0.2774
[2025/10/20 19:13:03] - ==> Building model..
[2025/10/20 19:13:28] - Test Loss 	 Test Acc 	 PGD Loss 	 PGD Acc
[2025/10/20 19:13:28] - 2.5986 	 	 0.5135 	 2.8857 	 0.2816
[2025/10/20 19:14:26] - 72 	 28.2 	 	 0.2000 	 4.0943 	 0.2777
[2025/10/20 19:14:26] - ==> Building model..
[2025/10/20 19:14:51] - Test Loss 	 Test Acc 	 PGD Loss 	 PGD Acc
[2025/10/20 19:14:51] - 2.6001 	 	 0.5149 	 2.8870 	 0.2813
[2025/10/20 19:15:48] - 73 	 29.3 	 	 0.2000 	 4.0937 	 0.2792
[2025/10/20 19:15:48] - ==> Building model..
[2025/10/20 19:16:13] - Test Loss 	 Test Acc 	 PGD Loss 	 PGD Acc
[2025/10/20 19:16:13] - 2.6009 	 	 0.5143 	 2.8876 	 0.2811
[2025/10/20 19:17:10] - 74 	 29.0 	 	 0.2000 	 4.0932 	 0.2779
[2025/10/20 19:17:10] - ==> Building model..
[2025/10/20 19:17:35] - Test Loss 	 Test Acc 	 PGD Loss 	 PGD Acc
[2025/10/20 19:17:35] - 2.6022 	 	 0.5140 	 2.8878 	 0.2813
[2025/10/20 19:18:34] - 75 	 29.4 	 	 0.2000 	 4.0916 	 0.2806
[2025/10/20 19:18:34] - ==> Building model..
[2025/10/20 19:18:58] - Test Loss 	 Test Acc 	 PGD Loss 	 PGD Acc
[2025/10/20 19:18:58] - 2.6050 	 	 0.5134 	 2.8907 	 0.2820
[2025/10/20 19:19:56] - 76 	 28.6 	 	 0.2000 	 4.0934 	 0.2765
[2025/10/20 19:19:56] - ==> Building model..
[2025/10/20 19:20:21] - Test Loss 	 Test Acc 	 PGD Loss 	 PGD Acc
[2025/10/20 19:20:21] - 2.6060 	 	 0.5127 	 2.8922 	 0.2811
[2025/10/20 19:21:18] - 77 	 28.6 	 	 0.2000 	 4.0930 	 0.2797
[2025/10/20 19:21:18] - ==> Building model..
[2025/10/20 19:21:43] - Test Loss 	 Test Acc 	 PGD Loss 	 PGD Acc
[2025/10/20 19:21:43] - 2.6053 	 	 0.5122 	 2.8915 	 0.2816
[2025/10/20 19:22:39] - 78 	 28.0 	 	 0.2000 	 4.0914 	 0.2790
[2025/10/20 19:22:39] - ==> Building model..
[2025/10/20 19:23:04] - Test Loss 	 Test Acc 	 PGD Loss 	 PGD Acc
[2025/10/20 19:23:04] - 2.6057 	 	 0.5128 	 2.8923 	 0.2814
[2025/10/20 19:24:01] - 79 	 28.7 	 	 0.2000 	 4.0906 	 0.2799
[2025/10/20 19:24:01] - ==> Building model..
[2025/10/20 19:24:26] - Test Loss 	 Test Acc 	 PGD Loss 	 PGD Acc
[2025/10/20 19:24:26] - 2.6054 	 	 0.5136 	 2.8918 	 0.2822
[2025/10/20 19:25:24] - 80 	 28.2 	 	 0.2000 	 4.0932 	 0.2773
[2025/10/20 19:25:24] - ==> Building model..
[2025/10/20 19:25:49] - Test Loss 	 Test Acc 	 PGD Loss 	 PGD Acc
[2025/10/20 19:25:49] - 2.6071 	 	 0.5140 	 2.8929 	 0.2821
[2025/10/20 19:26:46] - 81 	 28.1 	 	 0.2000 	 4.0939 	 0.2787
[2025/10/20 19:26:46] - ==> Building model..
[2025/10/20 19:27:11] - Test Loss 	 Test Acc 	 PGD Loss 	 PGD Acc
[2025/10/20 19:27:11] - 2.6079 	 	 0.5135 	 2.8939 	 0.2826
[2025/10/20 19:28:09] - 82 	 28.4 	 	 0.2000 	 4.0919 	 0.2794
[2025/10/20 19:28:09] - ==> Building model..
[2025/10/20 19:28:33] - Test Loss 	 Test Acc 	 PGD Loss 	 PGD Acc
[2025/10/20 19:28:33] - 2.6079 	 	 0.5142 	 2.8936 	 0.2823
[2025/10/20 19:29:31] - 83 	 28.9 	 	 0.2000 	 4.0915 	 0.2790
[2025/10/20 19:29:31] - ==> Building model..
[2025/10/20 19:29:56] - Test Loss 	 Test Acc 	 PGD Loss 	 PGD Acc
[2025/10/20 19:29:56] - 2.6078 	 	 0.5137 	 2.8935 	 0.2831
[2025/10/20 19:30:53] - 84 	 28.4 	 	 0.2000 	 4.0927 	 0.2786
[2025/10/20 19:30:53] - ==> Building model..
[2025/10/20 19:31:18] - Test Loss 	 Test Acc 	 PGD Loss 	 PGD Acc
[2025/10/20 19:31:18] - 2.6097 	 	 0.5127 	 2.8949 	 0.2837
[2025/10/20 19:32:16] - 85 	 28.5 	 	 0.2000 	 4.0925 	 0.2758
[2025/10/20 19:32:16] - ==> Building model..
[2025/10/20 19:32:40] - Test Loss 	 Test Acc 	 PGD Loss 	 PGD Acc
[2025/10/20 19:32:40] - 2.6112 	 	 0.5132 	 2.8959 	 0.2827
[2025/10/20 19:33:39] - 86 	 28.9 	 	 0.2000 	 4.0908 	 0.2805
[2025/10/20 19:33:39] - ==> Building model..
[2025/10/20 19:34:03] - Test Loss 	 Test Acc 	 PGD Loss 	 PGD Acc
[2025/10/20 19:34:03] - 2.6102 	 	 0.5130 	 2.8953 	 0.2822
[2025/10/20 19:35:01] - 87 	 29.0 	 	 0.2000 	 4.0909 	 0.2775
[2025/10/20 19:35:01] - ==> Building model..
[2025/10/20 19:35:25] - Test Loss 	 Test Acc 	 PGD Loss 	 PGD Acc
[2025/10/20 19:35:25] - 2.6088 	 	 0.5134 	 2.8946 	 0.2810
[2025/10/20 19:36:24] - 88 	 28.9 	 	 0.2000 	 4.0930 	 0.2779
[2025/10/20 19:36:24] - ==> Building model..
[2025/10/20 19:36:48] - Test Loss 	 Test Acc 	 PGD Loss 	 PGD Acc
[2025/10/20 19:36:48] - 2.6084 	 	 0.5136 	 2.8939 	 0.2811
[2025/10/20 19:37:40] - 89 	 27.2 	 	 0.2000 	 4.0918 	 0.2779
[2025/10/20 19:37:40] - ==> Building model..
[2025/10/20 19:38:03] - Test Loss 	 Test Acc 	 PGD Loss 	 PGD Acc
[2025/10/20 19:38:04] - 2.6092 	 	 0.5143 	 2.8947 	 0.2827
[2025/10/20 19:38:57] - 90 	 28.0 	 	 0.2000 	 4.0924 	 0.2769
[2025/10/20 19:38:57] - ==> Building model..
[2025/10/20 19:39:21] - Test Loss 	 Test Acc 	 PGD Loss 	 PGD Acc
[2025/10/20 19:39:21] - 2.6121 	 	 0.5143 	 2.8975 	 0.2821
[2025/10/20 19:40:14] - 91 	 27.4 	 	 0.2000 	 4.0899 	 0.2829
[2025/10/20 19:40:14] - ==> Building model..
[2025/10/20 19:40:38] - Test Loss 	 Test Acc 	 PGD Loss 	 PGD Acc
[2025/10/20 19:40:38] - 2.6126 	 	 0.5153 	 2.8976 	 0.2837
[2025/10/20 19:41:33] - 92 	 28.6 	 	 0.2000 	 4.0916 	 0.2800
[2025/10/20 19:41:33] - ==> Building model..
[2025/10/20 19:41:56] - Test Loss 	 Test Acc 	 PGD Loss 	 PGD Acc
[2025/10/20 19:41:56] - 2.6115 	 	 0.5155 	 2.8965 	 0.2841
[2025/10/20 19:42:49] - 93 	 28.3 	 	 0.2000 	 4.0920 	 0.2797
[2025/10/20 19:42:49] - ==> Building model..
[2025/10/20 19:43:13] - Test Loss 	 Test Acc 	 PGD Loss 	 PGD Acc
[2025/10/20 19:43:13] - 2.6113 	 	 0.5162 	 2.8969 	 0.2838
[2025/10/20 19:44:05] - 94 	 27.2 	 	 0.0200 	 3.9987 	 0.3402
[2025/10/20 19:44:05] - ==> Building model..
[2025/10/20 19:44:30] - Test Loss 	 Test Acc 	 PGD Loss 	 PGD Acc
[2025/10/20 19:44:30] - 2.6071 	 	 0.5168 	 2.8933 	 0.2845
[2025/10/20 19:45:22] - 95 	 26.5 	 	 0.0200 	 3.9055 	 0.4025
[2025/10/20 19:45:22] - ==> Building model..
[2025/10/20 19:45:47] - Test Loss 	 Test Acc 	 PGD Loss 	 PGD Acc
[2025/10/20 19:45:47] - 2.6064 	 	 0.5168 	 2.8934 	 0.2842
[2025/10/20 19:46:39] - 96 	 26.3 	 	 0.0200 	 3.8793 	 0.4181
[2025/10/20 19:46:39] - ==> Building model..
[2025/10/20 19:47:05] - Test Loss 	 Test Acc 	 PGD Loss 	 PGD Acc
[2025/10/20 19:47:05] - 2.6060 	 	 0.5166 	 2.8928 	 0.2848
[2025/10/20 19:47:57] - 97 	 27.1 	 	 0.0200 	 3.8621 	 0.4290
[2025/10/20 19:47:57] - ==> Building model..
[2025/10/20 19:48:22] - Test Loss 	 Test Acc 	 PGD Loss 	 PGD Acc
[2025/10/20 19:48:22] - 2.6067 	 	 0.5167 	 2.8933 	 0.2842
[2025/10/20 19:49:14] - 98 	 26.7 	 	 0.0200 	 3.8486 	 0.4409
[2025/10/20 19:49:14] - ==> Building model..
[2025/10/20 19:49:40] - Test Loss 	 Test Acc 	 PGD Loss 	 PGD Acc
[2025/10/20 19:49:40] - 2.6080 	 	 0.5173 	 2.8950 	 0.2851
[2025/10/20 19:50:33] - 99 	 26.3 	 	 0.0020 	 3.8167 	 0.4661
[2025/10/20 19:50:33] - ==> Building model..
[2025/10/20 19:50:59] - Test Loss 	 Test Acc 	 PGD Loss 	 PGD Acc
[2025/10/20 19:50:59] - 2.6092 	 	 0.5173 	 2.8960 	 0.2851
[2025/10/20 19:51:50] - 100 	 25.5 	 	 0.0020 	 3.7890 	 0.4889
[2025/10/20 19:51:50] - ==> Building model..
[2025/10/20 19:52:16] - Test Loss 	 Test Acc 	 PGD Loss 	 PGD Acc
[2025/10/20 19:52:16] - 2.6097 	 	 0.5173 	 2.8962 	 0.2844
[2025/10/20 19:53:08] - 101 	 26.7 	 	 0.0020 	 3.7838 	 0.4909
[2025/10/20 19:53:08] - ==> Building model..
[2025/10/20 19:53:34] - Test Loss 	 Test Acc 	 PGD Loss 	 PGD Acc
[2025/10/20 19:53:34] - 2.6102 	 	 0.5172 	 2.8969 	 0.2844
[2025/10/20 19:54:25] - 102 	 26.4 	 	 0.0020 	 3.7774 	 0.4968
[2025/10/20 19:54:25] - ==> Building model..
[2025/10/20 19:54:52] - Test Loss 	 Test Acc 	 PGD Loss 	 PGD Acc
[2025/10/20 19:54:52] - 2.6102 	 	 0.5172 	 2.8966 	 0.2847
[2025/10/20 19:55:44] - 103 	 26.8 	 	 0.0020 	 3.7730 	 0.5019
[2025/10/20 19:55:44] - ==> Building model..
[2025/10/20 19:56:10] - Test Loss 	 Test Acc 	 PGD Loss 	 PGD Acc
[2025/10/20 19:56:10] - 2.6107 	 	 0.5173 	 2.8972 	 0.2850
[2025/10/20 19:57:01] - 104 	 26.4 	 	 0.0020 	 3.7690 	 0.5035
[2025/10/20 19:57:01] - ==> Building model..
[2025/10/20 19:57:27] - Test Loss 	 Test Acc 	 PGD Loss 	 PGD Acc
[2025/10/20 19:57:27] - 2.6107 	 	 0.5173 	 2.8971 	 0.2845
[2025/10/20 19:58:19] - 105 	 26.6 	 	 0.0020 	 3.7650 	 0.5059
[2025/10/20 19:58:19] - ==> Building model..
[2025/10/20 19:58:46] - Test Loss 	 Test Acc 	 PGD Loss 	 PGD Acc
[2025/10/20 19:58:46] - 2.6107 	 	 0.5173 	 2.8969 	 0.2850
[2025/10/20 19:59:37] - 106 	 26.6 	 	 0.0020 	 3.7607 	 0.5103
[2025/10/20 19:59:37] - ==> Building model..
[2025/10/20 20:00:02] - Test Loss 	 Test Acc 	 PGD Loss 	 PGD Acc
[2025/10/20 20:00:02] - 2.6107 	 	 0.5173 	 2.8973 	 0.2851
[2025/10/20 20:00:52] - 107 	 26.3 	 	 0.0020 	 3.7567 	 0.5124
[2025/10/20 20:00:52] - ==> Building model..
[2025/10/20 20:01:18] - Test Loss 	 Test Acc 	 PGD Loss 	 PGD Acc
[2025/10/20 20:01:18] - 2.6107 	 	 0.5173 	 2.8970 	 0.2848
[2025/10/20 20:02:08] - 108 	 27.0 	 	 0.0020 	 3.7532 	 0.5173
[2025/10/20 20:02:08] - ==> Building model..
[2025/10/20 20:02:35] - Test Loss 	 Test Acc 	 PGD Loss 	 PGD Acc
[2025/10/20 20:02:35] - 2.6114 	 	 0.5173 	 2.8972 	 0.2844
[2025/10/20 20:03:25] - 109 	 27.3 	 	 0.0020 	 3.7493 	 0.5199
[2025/10/20 20:03:25] - ==> Building model..
[2025/10/20 20:03:50] - Test Loss 	 Test Acc 	 PGD Loss 	 PGD Acc
[2025/10/20 20:03:50] - 2.6114 	 	 0.5173 	 2.8975 	 0.2842
[2025/10/20 20:03:50] - [0.0758, 0.1333, 0.1754, 0.218, 0.2535, 0.2905, 0.3288, 0.3653, 0.3875, 0.4072, 0.4222, 0.4341, 0.4391, 0.4457, 0.4542, 0.458, 0.4601, 0.4654, 0.4707, 0.4738, 0.4781, 0.4802, 0.485, 0.4866, 0.4872, 0.4883, 0.4917, 0.4924, 0.4937, 0.4965, 0.4965, 0.4978, 0.4998, 0.4996, 0.5006, 0.501, 0.5009, 0.502, 0.5029, 0.5025, 0.5047, 0.5058, 0.5073, 0.5079, 0.5068, 0.5072, 0.509, 0.5089, 0.5079, 0.5087, 0.5087, 0.5123, 0.513, 0.5128, 0.5144, 0.5135, 0.5125, 0.5129, 0.5142, 0.5147, 0.5136, 0.5125, 0.5139, 0.512, 0.5128, 0.5143, 0.5135, 0.5142, 0.5134, 0.5137, 0.515, 0.5135, 0.5149, 0.5143, 0.514, 0.5134, 0.5127, 0.5122, 0.5128, 0.5136, 0.514, 0.5135, 0.5142, 0.5137, 0.5127, 0.5132, 0.513, 0.5134, 0.5136, 0.5143, 0.5143, 0.5153, 0.5155, 0.5162, 0.5168, 0.5168, 0.5166, 0.5167, 0.5173, 0.5173, 0.5173, 0.5172, 0.5172, 0.5173, 0.5173, 0.5173, 0.5173, 0.5173, 0.5173, 0.5173]
[2025/10/20 20:03:50] - [0.0514, 0.086, 0.1074, 0.1278, 0.149, 0.1694, 0.1865, 0.2025, 0.2103, 0.2191, 0.2264, 0.2302, 0.2343, 0.2383, 0.243, 0.245, 0.2471, 0.2483, 0.2512, 0.2529, 0.2551, 0.2558, 0.2572, 0.2589, 0.2607, 0.2605, 0.2633, 0.2619, 0.2633, 0.2648, 0.2651, 0.2667, 0.2675, 0.2694, 0.2711, 0.2711, 0.2716, 0.2715, 0.2718, 0.2748, 0.2731, 0.2748, 0.2744, 0.2751, 0.2756, 0.2747, 0.2767, 0.2762, 0.2757, 0.276, 0.278, 0.2775, 0.2783, 0.281, 0.2812, 0.2803, 0.279, 0.28, 0.281, 0.2809, 0.2802, 0.2809, 0.2813, 0.2805, 0.2809, 0.2804, 0.2801, 0.2801, 0.2815, 0.2814, 0.2814, 0.2816, 0.2813, 0.2811, 0.2813, 0.282, 0.2811, 0.2816, 0.2814, 0.2822, 0.2821, 0.2826, 0.2823, 0.2831, 0.2837, 0.2827, 0.2822, 0.281, 0.2811, 0.2827, 0.2821, 0.2837, 0.2841, 0.2838, 0.2845, 0.2842, 0.2848, 0.2842, 0.2851, 0.2851, 0.2844, 0.2844, 0.2847, 0.285, 0.2845, 0.285, 0.2851, 0.2848, 0.2844, 0.2842]
