[2025/09/18 09:46:21] - Namespace(batch_size=128, data_dir='./tiny-imagenet-200', epochs=110, lr_schedule='multistep', lr_min=0.0, lr_max=0.1, weight_decay=0.0005, momentum=0.9, model='PreActResNest18', epsilon=8, alpha=8, delta_init='random', normal_mean=0, normal_std=1, out_dir='./output/', seed=0, lamda=38, lam_scale=0.03, gamma=0.025, inner_gamma=0.025, beta=0.1, mu=3.5, batch_m=0.75, early_stop=False, factor=0.3, length=6, n_holes=1, c_num=0.125, EMA_value=0.55)
[2025/09/18 09:48:50] - ==> Building model..
[2025/09/18 09:48:50] - Epoch 	 Seconds 	 LR 	 	 Train Loss 	 Train Acc
[2025/09/18 09:51:26] - 0 	 146.7 	 	 0.1000 	 5.2918 	 0.0272
[2025/09/18 09:51:26] - ==> Building model..
[2025/09/18 09:52:23] - Test Loss 	 Test Acc 	 PGD Loss 	 PGD Acc
[2025/09/18 09:52:23] - 4.9932 	 	 0.0751 	 5.0051 	 0.0441
[2025/09/18 09:54:56] - 1 	 144.3 	 	 0.1000 	 5.2315 	 0.0685
[2025/09/18 09:54:56] - ==> Building model..
[2025/09/18 09:55:53] - Test Loss 	 Test Acc 	 PGD Loss 	 PGD Acc
[2025/09/18 09:55:53] - 4.7783 	 	 0.1383 	 4.8105 	 0.0711
[2025/09/18 09:58:26] - 2 	 143.5 	 	 0.1000 	 5.2000 	 0.0978
[2025/09/18 09:58:26] - ==> Building model..
[2025/09/18 09:59:24] - Test Loss 	 Test Acc 	 PGD Loss 	 PGD Acc
[2025/09/18 09:59:24] - 4.6117 	 	 0.1824 	 4.6682 	 0.0955
[2025/09/18 10:01:56] - 3 	 142.4 	 	 0.1000 	 5.1742 	 0.1214
[2025/09/18 10:01:56] - ==> Building model..
[2025/09/18 10:02:52] - Test Loss 	 Test Acc 	 PGD Loss 	 PGD Acc
[2025/09/18 10:02:52] - 4.5041 	 	 0.2109 	 4.5794 	 0.1086
[2025/09/18 10:05:23] - 4 	 142.3 	 	 0.1000 	 5.1501 	 0.1429
[2025/09/18 10:05:23] - ==> Building model..
[2025/09/18 10:06:21] - Test Loss 	 Test Acc 	 PGD Loss 	 PGD Acc
[2025/09/18 10:06:21] - 4.4534 	 	 0.2326 	 4.5403 	 0.1173
[2025/09/18 10:08:54] - 5 	 144.0 	 	 0.1000 	 5.1297 	 0.1617
[2025/09/18 10:08:54] - ==> Building model..
[2025/09/18 10:09:51] - Test Loss 	 Test Acc 	 PGD Loss 	 PGD Acc
[2025/09/18 10:09:51] - 4.4454 	 	 0.2424 	 4.5375 	 0.1224
[2025/09/18 10:12:23] - 6 	 143.0 	 	 0.1000 	 5.1151 	 0.1772
[2025/09/18 10:12:23] - ==> Building model..
[2025/09/18 10:13:21] - Test Loss 	 Test Acc 	 PGD Loss 	 PGD Acc
[2025/09/18 10:13:21] - 4.3565 	 	 0.2638 	 4.4665 	 0.1340
[2025/09/18 10:15:53] - 7 	 143.6 	 	 0.1000 	 5.1034 	 0.1880
[2025/09/18 10:15:53] - ==> Building model..
[2025/09/18 10:16:50] - Test Loss 	 Test Acc 	 PGD Loss 	 PGD Acc
[2025/09/18 10:16:50] - 4.1808 	 	 0.3005 	 4.3252 	 0.1541
[2025/09/18 10:19:22] - 8 	 142.9 	 	 0.1000 	 5.0923 	 0.1991
[2025/09/18 10:19:22] - ==> Building model..
[2025/09/18 10:20:21] - Test Loss 	 Test Acc 	 PGD Loss 	 PGD Acc
[2025/09/18 10:20:21] - 4.0209 	 	 0.3308 	 4.1999 	 0.1698
[2025/09/18 10:22:53] - 9 	 142.4 	 	 0.1000 	 5.0832 	 0.2092
[2025/09/18 10:22:53] - ==> Building model..
[2025/09/18 10:23:49] - Test Loss 	 Test Acc 	 PGD Loss 	 PGD Acc
[2025/09/18 10:23:49] - 3.9193 	 	 0.3532 	 4.1232 	 0.1786
[2025/09/18 10:26:20] - 10 	 142.4 	 	 0.1000 	 5.0753 	 0.2168
[2025/09/18 10:26:20] - ==> Building model..
[2025/09/18 10:27:17] - Test Loss 	 Test Acc 	 PGD Loss 	 PGD Acc
[2025/09/18 10:27:17] - 3.8542 	 	 0.3683 	 4.0745 	 0.1841
[2025/09/18 10:29:50] - 11 	 143.0 	 	 0.1000 	 5.0678 	 0.2231
[2025/09/18 10:29:50] - ==> Building model..
[2025/09/18 10:30:49] - Test Loss 	 Test Acc 	 PGD Loss 	 PGD Acc
[2025/09/18 10:30:49] - 3.8026 	 	 0.3766 	 4.0366 	 0.1887
[2025/09/18 10:33:20] - 12 	 142.8 	 	 0.1000 	 5.0618 	 0.2310
[2025/09/18 10:33:20] - ==> Building model..
[2025/09/18 10:34:17] - Test Loss 	 Test Acc 	 PGD Loss 	 PGD Acc
[2025/09/18 10:34:17] - 3.7647 	 	 0.3852 	 4.0088 	 0.1942
[2025/09/18 10:36:48] - 13 	 142.1 	 	 0.1000 	 5.0554 	 0.2368
[2025/09/18 10:36:48] - ==> Building model..
[2025/09/18 10:37:46] - Test Loss 	 Test Acc 	 PGD Loss 	 PGD Acc
[2025/09/18 10:37:46] - 3.7241 	 	 0.3926 	 3.9789 	 0.1999
[2025/09/18 10:40:17] - 14 	 142.0 	 	 0.1000 	 5.0503 	 0.2420
[2025/09/18 10:40:17] - ==> Building model..
[2025/09/18 10:41:14] - Test Loss 	 Test Acc 	 PGD Loss 	 PGD Acc
[2025/09/18 10:41:14] - 3.6923 	 	 0.3970 	 3.9556 	 0.2013
[2025/09/18 10:43:43] - 15 	 141.5 	 	 0.1000 	 5.0460 	 0.2470
[2025/09/18 10:43:43] - ==> Building model..
[2025/09/18 10:44:40] - Test Loss 	 Test Acc 	 PGD Loss 	 PGD Acc
[2025/09/18 10:44:40] - 3.6721 	 	 0.4044 	 3.9420 	 0.2031
[2025/09/18 10:47:11] - 16 	 142.4 	 	 0.1000 	 5.0418 	 0.2504
[2025/09/18 10:47:11] - ==> Building model..
[2025/09/18 10:48:09] - Test Loss 	 Test Acc 	 PGD Loss 	 PGD Acc
[2025/09/18 10:48:09] - 3.6473 	 	 0.4095 	 3.9244 	 0.2035
[2025/09/18 10:50:40] - 17 	 142.1 	 	 0.1000 	 5.0373 	 0.2551
[2025/09/18 10:50:40] - ==> Building model..
[2025/09/18 10:51:37] - Test Loss 	 Test Acc 	 PGD Loss 	 PGD Acc
[2025/09/18 10:51:37] - 3.6279 	 	 0.4129 	 3.9109 	 0.2053
[2025/09/18 10:54:08] - 18 	 142.2 	 	 0.1000 	 5.0342 	 0.2595
[2025/09/18 10:54:08] - ==> Building model..
[2025/09/18 10:55:06] - Test Loss 	 Test Acc 	 PGD Loss 	 PGD Acc
[2025/09/18 10:55:06] - 3.6085 	 	 0.4175 	 3.8978 	 0.2084
[2025/09/18 10:57:37] - 19 	 141.7 	 	 0.1000 	 5.0308 	 0.2636
[2025/09/18 10:57:37] - ==> Building model..
[2025/09/18 10:58:35] - Test Loss 	 Test Acc 	 PGD Loss 	 PGD Acc
[2025/09/18 10:58:35] - 3.5935 	 	 0.4220 	 3.8878 	 0.2091
[2025/09/18 11:01:05] - 20 	 142.2 	 	 0.1000 	 5.0284 	 0.2645
[2025/09/18 11:01:05] - ==> Building model..
[2025/09/18 11:02:04] - Test Loss 	 Test Acc 	 PGD Loss 	 PGD Acc
[2025/09/18 11:02:04] - 3.5768 	 	 0.4244 	 3.8763 	 0.2107
[2025/09/18 11:04:34] - 21 	 141.4 	 	 0.1000 	 5.0257 	 0.2668
[2025/09/18 11:04:34] - ==> Building model..
[2025/09/18 11:05:30] - Test Loss 	 Test Acc 	 PGD Loss 	 PGD Acc
[2025/09/18 11:05:30] - 3.5636 	 	 0.4267 	 3.8678 	 0.2125
[2025/09/18 11:08:00] - 22 	 141.5 	 	 0.1000 	 5.0224 	 0.2694
[2025/09/18 11:08:00] - ==> Building model..
[2025/09/18 11:08:56] - Test Loss 	 Test Acc 	 PGD Loss 	 PGD Acc
[2025/09/18 11:08:56] - 3.5494 	 	 0.4290 	 3.8579 	 0.2136
[2025/09/18 11:11:27] - 23 	 141.8 	 	 0.1000 	 5.0209 	 0.2726
[2025/09/18 11:11:27] - ==> Building model..
[2025/09/18 11:12:25] - Test Loss 	 Test Acc 	 PGD Loss 	 PGD Acc
[2025/09/18 11:12:25] - 3.5361 	 	 0.4322 	 3.8491 	 0.2156
[2025/09/18 11:14:56] - 24 	 141.6 	 	 0.1000 	 5.0182 	 0.2743
[2025/09/18 11:14:56] - ==> Building model..
[2025/09/18 11:15:52] - Test Loss 	 Test Acc 	 PGD Loss 	 PGD Acc
[2025/09/18 11:15:52] - 3.5237 	 	 0.4360 	 3.8408 	 0.2168
[2025/09/18 11:18:21] - 25 	 141.0 	 	 0.1000 	 5.0167 	 0.2769
[2025/09/18 11:18:21] - ==> Building model..
[2025/09/18 11:19:19] - Test Loss 	 Test Acc 	 PGD Loss 	 PGD Acc
[2025/09/18 11:19:19] - 3.5147 	 	 0.4362 	 3.8346 	 0.2184
[2025/09/18 11:21:50] - 26 	 141.8 	 	 0.1000 	 5.0148 	 0.2784
[2025/09/18 11:21:50] - ==> Building model..
[2025/09/18 11:22:48] - Test Loss 	 Test Acc 	 PGD Loss 	 PGD Acc
[2025/09/18 11:22:48] - 3.5026 	 	 0.4401 	 3.8262 	 0.2182
[2025/09/18 11:25:19] - 27 	 141.6 	 	 0.1000 	 5.0128 	 0.2807
[2025/09/18 11:25:19] - ==> Building model..
[2025/09/18 11:26:16] - Test Loss 	 Test Acc 	 PGD Loss 	 PGD Acc
[2025/09/18 11:26:16] - 3.4899 	 	 0.4423 	 3.8177 	 0.2202
[2025/09/18 11:28:47] - 28 	 141.9 	 	 0.1000 	 5.0106 	 0.2836
[2025/09/18 11:28:47] - ==> Building model..
[2025/09/18 11:29:44] - Test Loss 	 Test Acc 	 PGD Loss 	 PGD Acc
[2025/09/18 11:29:44] - 3.4796 	 	 0.4442 	 3.8104 	 0.2203
[2025/09/18 11:32:13] - 29 	 140.8 	 	 0.1000 	 5.0094 	 0.2837
[2025/09/18 11:32:13] - ==> Building model..
[2025/09/18 11:33:09] - Test Loss 	 Test Acc 	 PGD Loss 	 PGD Acc
[2025/09/18 11:33:09] - 3.4722 	 	 0.4449 	 3.8048 	 0.2215
[2025/09/18 11:35:39] - 30 	 141.3 	 	 0.1000 	 5.0082 	 0.2857
[2025/09/18 11:35:39] - ==> Building model..
[2025/09/18 11:36:37] - Test Loss 	 Test Acc 	 PGD Loss 	 PGD Acc
[2025/09/18 11:36:37] - 3.4651 	 	 0.4474 	 3.8011 	 0.2223
[2025/09/18 11:39:06] - 31 	 140.6 	 	 0.1000 	 5.0066 	 0.2867
[2025/09/18 11:39:06] - ==> Building model..
[2025/09/18 11:40:03] - Test Loss 	 Test Acc 	 PGD Loss 	 PGD Acc
[2025/09/18 11:40:03] - 3.4583 	 	 0.4485 	 3.7965 	 0.2237
[2025/09/18 11:42:31] - 32 	 141.2 	 	 0.1000 	 5.0061 	 0.2857
[2025/09/18 11:42:31] - ==> Building model..
[2025/09/18 11:43:24] - Test Loss 	 Test Acc 	 PGD Loss 	 PGD Acc
[2025/09/18 11:43:24] - 3.4517 	 	 0.4499 	 3.7925 	 0.2239
[2025/09/18 11:45:52] - 33 	 140.2 	 	 0.1000 	 5.0040 	 0.2892
[2025/09/18 11:45:52] - ==> Building model..
[2025/09/18 11:46:48] - Test Loss 	 Test Acc 	 PGD Loss 	 PGD Acc
[2025/09/18 11:46:48] - 3.4457 	 	 0.4524 	 3.7886 	 0.2251
[2025/09/18 11:49:16] - 34 	 141.0 	 	 0.1000 	 5.0026 	 0.2909
[2025/09/18 11:49:16] - ==> Building model..
[2025/09/18 11:50:12] - Test Loss 	 Test Acc 	 PGD Loss 	 PGD Acc
[2025/09/18 11:50:12] - 3.4399 	 	 0.4525 	 3.7845 	 0.2261
[2025/09/18 11:52:42] - 35 	 141.2 	 	 0.1000 	 5.0015 	 0.2929
[2025/09/18 11:52:42] - ==> Building model..
[2025/09/18 11:53:40] - Test Loss 	 Test Acc 	 PGD Loss 	 PGD Acc
[2025/09/18 11:53:40] - 3.4366 	 	 0.4544 	 3.7828 	 0.2265
[2025/09/18 11:56:10] - 36 	 140.9 	 	 0.1000 	 5.0014 	 0.2923
[2025/09/18 11:56:10] - ==> Building model..
[2025/09/18 11:57:07] - Test Loss 	 Test Acc 	 PGD Loss 	 PGD Acc
[2025/09/18 11:57:07] - 3.4331 	 	 0.4540 	 3.7804 	 0.2259
[2025/09/18 11:59:33] - 37 	 139.8 	 	 0.1000 	 4.9997 	 0.2948
[2025/09/18 11:59:33] - ==> Building model..
[2025/09/18 12:00:27] - Test Loss 	 Test Acc 	 PGD Loss 	 PGD Acc
[2025/09/18 12:00:27] - 3.4303 	 	 0.4549 	 3.7790 	 0.2266
[2025/09/18 12:02:51] - 38 	 139.0 	 	 0.1000 	 4.9991 	 0.2955
[2025/09/18 12:02:51] - ==> Building model..
[2025/09/18 12:03:44] - Test Loss 	 Test Acc 	 PGD Loss 	 PGD Acc
[2025/09/18 12:03:44] - 3.4275 	 	 0.4558 	 3.7773 	 0.2277
[2025/09/18 12:06:09] - 39 	 139.1 	 	 0.1000 	 4.9976 	 0.2956
[2025/09/18 12:06:09] - ==> Building model..
[2025/09/18 12:07:02] - Test Loss 	 Test Acc 	 PGD Loss 	 PGD Acc
[2025/09/18 12:07:02] - 3.4237 	 	 0.4577 	 3.7755 	 0.2290
[2025/09/18 12:09:27] - 40 	 139.0 	 	 0.1000 	 4.9973 	 0.2942
[2025/09/18 12:09:27] - ==> Building model..
[2025/09/18 12:10:20] - Test Loss 	 Test Acc 	 PGD Loss 	 PGD Acc
[2025/09/18 12:10:20] - 3.4198 	 	 0.4585 	 3.7735 	 0.2293
[2025/09/18 12:12:44] - 41 	 138.9 	 	 0.1000 	 4.9960 	 0.2968
[2025/09/18 12:12:44] - ==> Building model..
[2025/09/18 12:13:37] - Test Loss 	 Test Acc 	 PGD Loss 	 PGD Acc
[2025/09/18 12:13:37] - 3.4174 	 	 0.4596 	 3.7719 	 0.2310
[2025/09/18 12:16:02] - 42 	 139.1 	 	 0.1000 	 4.9954 	 0.2985
[2025/09/18 12:16:02] - ==> Building model..
[2025/09/18 12:16:55] - Test Loss 	 Test Acc 	 PGD Loss 	 PGD Acc
[2025/09/18 12:16:55] - 3.4151 	 	 0.4604 	 3.7707 	 0.2298
[2025/09/18 12:19:20] - 43 	 139.1 	 	 0.1000 	 4.9946 	 0.2988
[2025/09/18 12:19:20] - ==> Building model..
[2025/09/18 12:20:13] - Test Loss 	 Test Acc 	 PGD Loss 	 PGD Acc
[2025/09/18 12:20:13] - 3.4129 	 	 0.4611 	 3.7693 	 0.2298
[2025/09/18 12:22:37] - 44 	 138.9 	 	 0.1000 	 4.9938 	 0.3016
[2025/09/18 12:22:37] - ==> Building model..
[2025/09/18 12:23:30] - Test Loss 	 Test Acc 	 PGD Loss 	 PGD Acc
[2025/09/18 12:23:30] - 3.4109 	 	 0.4630 	 3.7683 	 0.2308
[2025/09/18 12:25:54] - 45 	 139.0 	 	 0.1000 	 4.9933 	 0.3003
[2025/09/18 12:25:54] - ==> Building model..
[2025/09/18 12:26:47] - Test Loss 	 Test Acc 	 PGD Loss 	 PGD Acc
[2025/09/18 12:26:47] - 3.4091 	 	 0.4625 	 3.7678 	 0.2319
[2025/09/18 12:29:11] - 46 	 138.8 	 	 0.1000 	 4.9922 	 0.3020
[2025/09/18 12:29:11] - ==> Building model..
[2025/09/18 12:30:04] - Test Loss 	 Test Acc 	 PGD Loss 	 PGD Acc
[2025/09/18 12:30:04] - 3.4080 	 	 0.4628 	 3.7675 	 0.2319
[2025/09/18 12:32:28] - 47 	 138.8 	 	 0.1000 	 4.9923 	 0.3021
[2025/09/18 12:32:28] - ==> Building model..
[2025/09/18 12:33:21] - Test Loss 	 Test Acc 	 PGD Loss 	 PGD Acc
[2025/09/18 12:33:21] - 3.4081 	 	 0.4623 	 3.7679 	 0.2326
[2025/09/18 12:35:44] - 48 	 138.9 	 	 0.1000 	 4.9918 	 0.3023
[2025/09/18 12:35:44] - ==> Building model..
[2025/09/18 12:36:38] - Test Loss 	 Test Acc 	 PGD Loss 	 PGD Acc
[2025/09/18 12:36:38] - 3.4100 	 	 0.4621 	 3.7697 	 0.2329
[2025/09/18 12:39:01] - 49 	 139.0 	 	 0.1000 	 4.9910 	 0.3018
[2025/09/18 12:39:01] - ==> Building model..
[2025/09/18 12:39:55] - Test Loss 	 Test Acc 	 PGD Loss 	 PGD Acc
[2025/09/18 12:39:55] - 3.4115 	 	 0.4629 	 3.7725 	 0.2327
[2025/09/18 12:42:18] - 50 	 139.3 	 	 0.1000 	 4.9901 	 0.3048
[2025/09/18 12:42:18] - ==> Building model..
[2025/09/18 12:43:11] - Test Loss 	 Test Acc 	 PGD Loss 	 PGD Acc
[2025/09/18 12:43:11] - 3.4134 	 	 0.4639 	 3.7760 	 0.2334
[2025/09/18 12:45:35] - 51 	 138.8 	 	 0.1000 	 4.9904 	 0.3033
[2025/09/18 12:45:35] - ==> Building model..
[2025/09/18 12:46:28] - Test Loss 	 Test Acc 	 PGD Loss 	 PGD Acc
[2025/09/18 12:46:28] - 3.4151 	 	 0.4652 	 3.7785 	 0.2348
[2025/09/18 12:48:52] - 52 	 139.3 	 	 0.1000 	 4.9896 	 0.3051
[2025/09/18 12:48:52] - ==> Building model..
[2025/09/18 12:49:46] - Test Loss 	 Test Acc 	 PGD Loss 	 PGD Acc
[2025/09/18 12:49:46] - 3.4162 	 	 0.4644 	 3.7799 	 0.2336
[2025/09/18 12:52:09] - 53 	 138.8 	 	 0.1000 	 4.9886 	 0.3053
[2025/09/18 12:52:09] - ==> Building model..
[2025/09/18 12:53:02] - Test Loss 	 Test Acc 	 PGD Loss 	 PGD Acc
[2025/09/18 12:53:02] - 3.4181 	 	 0.4652 	 3.7822 	 0.2340
[2025/09/18 12:55:25] - 54 	 138.7 	 	 0.1000 	 4.9884 	 0.3060
[2025/09/18 12:55:25] - ==> Building model..
[2025/09/18 12:56:18] - Test Loss 	 Test Acc 	 PGD Loss 	 PGD Acc
[2025/09/18 12:56:18] - 3.4187 	 	 0.4657 	 3.7840 	 0.2343
[2025/09/18 12:58:41] - 55 	 138.5 	 	 0.1000 	 4.9876 	 0.3065
[2025/09/18 12:58:41] - ==> Building model..
[2025/09/18 12:59:34] - Test Loss 	 Test Acc 	 PGD Loss 	 PGD Acc
[2025/09/18 12:59:34] - 3.4167 	 	 0.4666 	 3.7831 	 0.2337
[2025/09/18 13:01:57] - 56 	 138.9 	 	 0.1000 	 4.9874 	 0.3084
[2025/09/18 13:01:57] - ==> Building model..
[2025/09/18 13:02:50] - Test Loss 	 Test Acc 	 PGD Loss 	 PGD Acc
[2025/09/18 13:02:50] - 3.4151 	 	 0.4671 	 3.7823 	 0.2337
[2025/09/18 13:05:13] - 57 	 138.3 	 	 0.1000 	 4.9871 	 0.3066
[2025/09/18 13:05:13] - ==> Building model..
[2025/09/18 13:06:06] - Test Loss 	 Test Acc 	 PGD Loss 	 PGD Acc
[2025/09/18 13:06:06] - 3.4127 	 	 0.4671 	 3.7809 	 0.2342
[2025/09/18 13:08:31] - 58 	 139.9 	 	 0.1000 	 4.9869 	 0.3069
[2025/09/18 13:08:31] - ==> Building model..
[2025/09/18 13:09:24] - Test Loss 	 Test Acc 	 PGD Loss 	 PGD Acc
[2025/09/18 13:09:24] - 3.4110 	 	 0.4657 	 3.7797 	 0.2338
[2025/09/18 13:11:49] - 59 	 140.0 	 	 0.1000 	 4.9865 	 0.3068
[2025/09/18 13:11:49] - ==> Building model..
[2025/09/18 13:12:42] - Test Loss 	 Test Acc 	 PGD Loss 	 PGD Acc
[2025/09/18 13:12:42] - 3.4083 	 	 0.4653 	 3.7773 	 0.2345
[2025/09/18 13:15:05] - 60 	 139.0 	 	 0.1000 	 4.9858 	 0.3079
[2025/09/18 13:15:05] - ==> Building model..
[2025/09/18 13:15:58] - Test Loss 	 Test Acc 	 PGD Loss 	 PGD Acc
[2025/09/18 13:15:58] - 3.4048 	 	 0.4659 	 3.7749 	 0.2325
[2025/09/18 13:18:22] - 61 	 138.5 	 	 0.1000 	 4.9850 	 0.3096
[2025/09/18 13:18:22] - ==> Building model..
[2025/09/18 13:19:15] - Test Loss 	 Test Acc 	 PGD Loss 	 PGD Acc
[2025/09/18 13:19:15] - 3.4003 	 	 0.4686 	 3.7716 	 0.2326
[2025/09/18 13:21:39] - 62 	 139.3 	 	 0.1000 	 4.9853 	 0.3089
[2025/09/18 13:21:39] - ==> Building model..
[2025/09/18 13:22:34] - Test Loss 	 Test Acc 	 PGD Loss 	 PGD Acc
[2025/09/18 13:22:34] - 3.3966 	 	 0.4690 	 3.7695 	 0.2333
[2025/09/18 13:25:04] - 63 	 141.4 	 	 0.1000 	 4.9844 	 0.3100
[2025/09/18 13:25:04] - ==> Building model..
[2025/09/18 13:26:01] - Test Loss 	 Test Acc 	 PGD Loss 	 PGD Acc
[2025/09/18 13:26:01] - 3.3923 	 	 0.4699 	 3.7665 	 0.2340
[2025/09/18 13:28:31] - 64 	 140.8 	 	 0.1000 	 4.9845 	 0.3091
[2025/09/18 13:28:31] - ==> Building model..
[2025/09/18 13:29:29] - Test Loss 	 Test Acc 	 PGD Loss 	 PGD Acc
[2025/09/18 13:29:29] - 3.3890 	 	 0.4702 	 3.7639 	 0.2344
[2025/09/18 13:31:58] - 65 	 141.1 	 	 0.1000 	 4.9835 	 0.3099
[2025/09/18 13:31:58] - ==> Building model..
[2025/09/18 13:32:55] - Test Loss 	 Test Acc 	 PGD Loss 	 PGD Acc
[2025/09/18 13:32:55] - 3.3861 	 	 0.4699 	 3.7612 	 0.2338
[2025/09/18 13:35:27] - 66 	 142.1 	 	 0.1000 	 4.9838 	 0.3121
[2025/09/18 13:35:27] - ==> Building model..
[2025/09/18 13:36:25] - Test Loss 	 Test Acc 	 PGD Loss 	 PGD Acc
[2025/09/18 13:36:25] - 3.3840 	 	 0.4701 	 3.7601 	 0.2341
[2025/09/18 13:38:57] - 67 	 142.2 	 	 0.1000 	 4.9839 	 0.3101
[2025/09/18 13:38:57] - ==> Building model..
[2025/09/18 13:39:53] - Test Loss 	 Test Acc 	 PGD Loss 	 PGD Acc
[2025/09/18 13:39:53] - 3.3813 	 	 0.4701 	 3.7580 	 0.2344
[2025/09/18 13:42:22] - 68 	 141.0 	 	 0.1000 	 4.9829 	 0.3105
[2025/09/18 13:42:22] - ==> Building model..
[2025/09/18 13:43:17] - Test Loss 	 Test Acc 	 PGD Loss 	 PGD Acc
[2025/09/18 13:43:17] - 3.3784 	 	 0.4693 	 3.7555 	 0.2333
[2025/09/18 13:45:45] - 69 	 140.8 	 	 0.1000 	 4.9832 	 0.3103
[2025/09/18 13:45:45] - ==> Building model..
[2025/09/18 13:46:42] - Test Loss 	 Test Acc 	 PGD Loss 	 PGD Acc
[2025/09/18 13:46:42] - 3.3744 	 	 0.4695 	 3.7527 	 0.2341
[2025/09/18 13:49:11] - 70 	 141.4 	 	 0.1000 	 4.9826 	 0.3113
[2025/09/18 13:49:11] - ==> Building model..
[2025/09/18 13:50:07] - Test Loss 	 Test Acc 	 PGD Loss 	 PGD Acc
[2025/09/18 13:50:07] - 3.3717 	 	 0.4706 	 3.7515 	 0.2344
[2025/09/18 13:52:37] - 71 	 141.8 	 	 0.1000 	 4.9829 	 0.3111
[2025/09/18 13:52:37] - ==> Building model..
[2025/09/18 13:53:36] - Test Loss 	 Test Acc 	 PGD Loss 	 PGD Acc
[2025/09/18 13:53:36] - 3.3688 	 	 0.4709 	 3.7490 	 0.2347
[2025/09/18 13:56:07] - 72 	 141.9 	 	 0.1000 	 4.9822 	 0.3125
[2025/09/18 13:56:07] - ==> Building model..
[2025/09/18 13:57:05] - Test Loss 	 Test Acc 	 PGD Loss 	 PGD Acc
[2025/09/18 13:57:05] - 3.3666 	 	 0.4717 	 3.7479 	 0.2347
[2025/09/18 13:59:36] - 73 	 141.5 	 	 0.1000 	 4.9820 	 0.3127
[2025/09/18 13:59:36] - ==> Building model..
[2025/09/18 14:00:33] - Test Loss 	 Test Acc 	 PGD Loss 	 PGD Acc
[2025/09/18 14:00:33] - 3.3640 	 	 0.4710 	 3.7458 	 0.2342
[2025/09/18 14:03:02] - 74 	 141.4 	 	 0.1000 	 4.9819 	 0.3138
[2025/09/18 14:03:02] - ==> Building model..
[2025/09/18 14:04:01] - Test Loss 	 Test Acc 	 PGD Loss 	 PGD Acc
[2025/09/18 14:04:01] - 3.3621 	 	 0.4711 	 3.7446 	 0.2347
[2025/09/18 14:06:34] - 75 	 142.9 	 	 0.1000 	 4.9808 	 0.3133
[2025/09/18 14:06:34] - ==> Building model..
[2025/09/18 14:07:32] - Test Loss 	 Test Acc 	 PGD Loss 	 PGD Acc
[2025/09/18 14:07:32] - 3.3610 	 	 0.4711 	 3.7438 	 0.2349
[2025/09/18 14:10:03] - 76 	 142.1 	 	 0.1000 	 4.9812 	 0.3121
[2025/09/18 14:10:03] - ==> Building model..
[2025/09/18 14:11:01] - Test Loss 	 Test Acc 	 PGD Loss 	 PGD Acc
[2025/09/18 14:11:01] - 3.3591 	 	 0.4706 	 3.7427 	 0.2347
[2025/09/18 14:13:32] - 77 	 141.9 	 	 0.1000 	 4.9810 	 0.3142
[2025/09/18 14:13:32] - ==> Building model..
[2025/09/18 14:14:30] - Test Loss 	 Test Acc 	 PGD Loss 	 PGD Acc
[2025/09/18 14:14:30] - 3.3564 	 	 0.4709 	 3.7402 	 0.2343
[2025/09/18 14:17:00] - 78 	 141.5 	 	 0.1000 	 4.9814 	 0.3137
[2025/09/18 14:17:00] - ==> Building model..
[2025/09/18 14:17:55] - Test Loss 	 Test Acc 	 PGD Loss 	 PGD Acc
[2025/09/18 14:17:55] - 3.3540 	 	 0.4711 	 3.7391 	 0.2346
[2025/09/18 14:20:25] - 79 	 141.8 	 	 0.1000 	 4.9810 	 0.3128
[2025/09/18 14:20:25] - ==> Building model..
[2025/09/18 14:21:23] - Test Loss 	 Test Acc 	 PGD Loss 	 PGD Acc
[2025/09/18 14:21:23] - 3.3525 	 	 0.4711 	 3.7372 	 0.2348
[2025/09/18 14:23:55] - 80 	 142.9 	 	 0.1000 	 4.9807 	 0.3140
[2025/09/18 14:23:55] - ==> Building model..
[2025/09/18 14:24:54] - Test Loss 	 Test Acc 	 PGD Loss 	 PGD Acc
[2025/09/18 14:24:54] - 3.3496 	 	 0.4719 	 3.7355 	 0.2345
[2025/09/18 14:27:24] - 81 	 141.9 	 	 0.1000 	 4.9796 	 0.3150
[2025/09/18 14:27:24] - ==> Building model..
[2025/09/18 14:28:23] - Test Loss 	 Test Acc 	 PGD Loss 	 PGD Acc
[2025/09/18 14:28:23] - 3.3456 	 	 0.4724 	 3.7327 	 0.2351
[2025/09/18 14:30:54] - 82 	 143.0 	 	 0.1000 	 4.9800 	 0.3139
[2025/09/18 14:30:54] - ==> Building model..
[2025/09/18 14:31:52] - Test Loss 	 Test Acc 	 PGD Loss 	 PGD Acc
[2025/09/18 14:31:52] - 3.3436 	 	 0.4727 	 3.7313 	 0.2357
[2025/09/18 14:34:21] - 83 	 141.3 	 	 0.1000 	 4.9810 	 0.3130
[2025/09/18 14:34:21] - ==> Building model..
[2025/09/18 14:35:19] - Test Loss 	 Test Acc 	 PGD Loss 	 PGD Acc
[2025/09/18 14:35:19] - 3.3415 	 	 0.4731 	 3.7301 	 0.2354
[2025/09/18 14:37:50] - 84 	 142.3 	 	 0.1000 	 4.9807 	 0.3128
[2025/09/18 14:37:50] - ==> Building model..
[2025/09/18 14:38:46] - Test Loss 	 Test Acc 	 PGD Loss 	 PGD Acc
[2025/09/18 14:38:46] - 3.3393 	 	 0.4743 	 3.7287 	 0.2357
[2025/09/18 14:41:15] - 85 	 140.5 	 	 0.1000 	 4.9806 	 0.3161
[2025/09/18 14:41:15] - ==> Building model..
[2025/09/18 14:42:10] - Test Loss 	 Test Acc 	 PGD Loss 	 PGD Acc
[2025/09/18 14:42:10] - 3.3378 	 	 0.4739 	 3.7278 	 0.2356
[2025/09/18 14:44:37] - 86 	 140.3 	 	 0.1000 	 4.9805 	 0.3159
[2025/09/18 14:44:37] - ==> Building model..
[2025/09/18 14:45:32] - Test Loss 	 Test Acc 	 PGD Loss 	 PGD Acc
[2025/09/18 14:45:32] - 3.3368 	 	 0.4743 	 3.7267 	 0.2358
[2025/09/18 14:48:03] - 87 	 141.9 	 	 0.1000 	 4.9803 	 0.3149
[2025/09/18 14:48:03] - ==> Building model..
[2025/09/18 14:49:01] - Test Loss 	 Test Acc 	 PGD Loss 	 PGD Acc
[2025/09/18 14:49:01] - 3.3364 	 	 0.4741 	 3.7264 	 0.2370
[2025/09/18 14:51:32] - 88 	 142.5 	 	 0.1000 	 4.9803 	 0.3157
[2025/09/18 14:51:32] - ==> Building model..
[2025/09/18 14:52:29] - Test Loss 	 Test Acc 	 PGD Loss 	 PGD Acc
[2025/09/18 14:52:29] - 3.3352 	 	 0.4746 	 3.7263 	 0.2363
[2025/09/18 14:55:00] - 89 	 141.9 	 	 0.1000 	 4.9801 	 0.3165
[2025/09/18 14:55:00] - ==> Building model..
[2025/09/18 14:55:58] - Test Loss 	 Test Acc 	 PGD Loss 	 PGD Acc
[2025/09/18 14:55:58] - 3.3348 	 	 0.4758 	 3.7260 	 0.2364
[2025/09/18 14:58:28] - 90 	 141.4 	 	 0.1000 	 4.9792 	 0.3192
[2025/09/18 14:58:28] - ==> Building model..
[2025/09/18 14:59:26] - Test Loss 	 Test Acc 	 PGD Loss 	 PGD Acc
[2025/09/18 14:59:26] - 3.3331 	 	 0.4760 	 3.7252 	 0.2371
[2025/09/18 15:01:57] - 91 	 142.1 	 	 0.1000 	 4.9796 	 0.3184
[2025/09/18 15:01:57] - ==> Building model..
[2025/09/18 15:02:55] - Test Loss 	 Test Acc 	 PGD Loss 	 PGD Acc
[2025/09/18 15:02:55] - 3.3318 	 	 0.4768 	 3.7251 	 0.2371
[2025/09/18 15:05:27] - 92 	 142.2 	 	 0.1000 	 4.9796 	 0.3163
[2025/09/18 15:05:27] - ==> Building model..
[2025/09/18 15:06:25] - Test Loss 	 Test Acc 	 PGD Loss 	 PGD Acc
[2025/09/18 15:06:25] - 3.3309 	 	 0.4772 	 3.7249 	 0.2362
[2025/09/18 15:08:56] - 93 	 142.3 	 	 0.1000 	 4.9790 	 0.3172
[2025/09/18 15:08:56] - ==> Building model..
[2025/09/18 15:09:53] - Test Loss 	 Test Acc 	 PGD Loss 	 PGD Acc
[2025/09/18 15:09:53] - 3.3284 	 	 0.4774 	 3.7228 	 0.2360
[2025/09/18 15:12:24] - 94 	 142.3 	 	 0.1000 	 4.9797 	 0.3163
[2025/09/18 15:12:24] - ==> Building model..
[2025/09/18 15:13:22] - Test Loss 	 Test Acc 	 PGD Loss 	 PGD Acc
[2025/09/18 15:13:22] - 3.3278 	 	 0.4777 	 3.7223 	 0.2361
[2025/09/18 15:15:53] - 95 	 142.1 	 	 0.1000 	 4.9794 	 0.3183
[2025/09/18 15:15:53] - ==> Building model..
[2025/09/18 15:16:51] - Test Loss 	 Test Acc 	 PGD Loss 	 PGD Acc
[2025/09/18 15:16:51] - 3.3274 	 	 0.4783 	 3.7224 	 0.2369
[2025/09/18 15:19:22] - 96 	 142.0 	 	 0.1000 	 4.9791 	 0.3181
[2025/09/18 15:19:22] - ==> Building model..
[2025/09/18 15:20:19] - Test Loss 	 Test Acc 	 PGD Loss 	 PGD Acc
[2025/09/18 15:20:19] - 3.3254 	 	 0.4785 	 3.7208 	 0.2366
[2025/09/18 15:22:50] - 97 	 141.5 	 	 0.1000 	 4.9797 	 0.3181
[2025/09/18 15:22:50] - ==> Building model..
[2025/09/18 15:23:47] - Test Loss 	 Test Acc 	 PGD Loss 	 PGD Acc
[2025/09/18 15:23:47] - 3.3240 	 	 0.4783 	 3.7194 	 0.2363
[2025/09/18 15:26:18] - 98 	 142.1 	 	 0.1000 	 4.9794 	 0.3175
[2025/09/18 15:26:18] - ==> Building model..
[2025/09/18 15:27:16] - Test Loss 	 Test Acc 	 PGD Loss 	 PGD Acc
[2025/09/18 15:27:16] - 3.3230 	 	 0.4784 	 3.7189 	 0.2367
[2025/09/18 15:29:47] - 99 	 141.2 	 	 0.0100 	 4.8805 	 0.4430
[2025/09/18 15:29:47] - ==> Building model..
[2025/09/18 15:30:45] - Test Loss 	 Test Acc 	 PGD Loss 	 PGD Acc
[2025/09/18 15:30:45] - 3.3227 	 	 0.4785 	 3.7186 	 0.2370
[2025/09/18 15:33:16] - 100 	 140.9 	 	 0.0100 	 4.8123 	 0.5386
[2025/09/18 15:33:16] - ==> Building model..
[2025/09/18 15:34:12] - Test Loss 	 Test Acc 	 PGD Loss 	 PGD Acc
[2025/09/18 15:34:12] - 3.3227 	 	 0.4785 	 3.7186 	 0.2365
[2025/09/18 15:36:40] - 101 	 139.9 	 	 0.0100 	 4.7864 	 0.5786
[2025/09/18 15:36:40] - ==> Building model..
[2025/09/18 15:37:39] - Test Loss 	 Test Acc 	 PGD Loss 	 PGD Acc
[2025/09/18 15:37:39] - 3.3227 	 	 0.4785 	 3.7187 	 0.2366
[2025/09/18 15:40:11] - 102 	 141.8 	 	 0.0100 	 4.7650 	 0.6138
[2025/09/18 15:40:11] - ==> Building model..
[2025/09/18 15:41:10] - Test Loss 	 Test Acc 	 PGD Loss 	 PGD Acc
[2025/09/18 15:41:10] - 3.3227 	 	 0.4785 	 3.7187 	 0.2362
[2025/09/18 15:43:40] - 103 	 141.1 	 	 0.0100 	 4.7465 	 0.6449
[2025/09/18 15:43:40] - ==> Building model..
[2025/09/18 15:44:38] - Test Loss 	 Test Acc 	 PGD Loss 	 PGD Acc
[2025/09/18 15:44:38] - 3.3227 	 	 0.4785 	 3.7185 	 0.2370
[2025/09/18 15:47:09] - 104 	 140.9 	 	 0.0010 	 4.6999 	 0.7218
[2025/09/18 15:47:09] - ==> Building model..
[2025/09/18 15:48:07] - Test Loss 	 Test Acc 	 PGD Loss 	 PGD Acc
[2025/09/18 15:48:07] - 3.3227 	 	 0.4785 	 3.7182 	 0.2358
[2025/09/18 15:50:36] - 105 	 140.1 	 	 0.0010 	 4.6786 	 0.7551
[2025/09/18 15:50:36] - ==> Building model..
[2025/09/18 15:51:33] - Test Loss 	 Test Acc 	 PGD Loss 	 PGD Acc
[2025/09/18 15:51:33] - 3.3227 	 	 0.4785 	 3.7186 	 0.2365
[2025/09/18 15:54:01] - 106 	 140.0 	 	 0.0010 	 4.6727 	 0.7650
[2025/09/18 15:54:01] - ==> Building model..
[2025/09/18 15:54:58] - Test Loss 	 Test Acc 	 PGD Loss 	 PGD Acc
[2025/09/18 15:54:58] - 3.3227 	 	 0.4785 	 3.7183 	 0.2365
[2025/09/18 15:57:24] - 107 	 139.5 	 	 0.0010 	 4.6678 	 0.7737
[2025/09/18 15:57:24] - ==> Building model..
[2025/09/18 15:58:21] - Test Loss 	 Test Acc 	 PGD Loss 	 PGD Acc
[2025/09/18 15:58:21] - 3.3227 	 	 0.4785 	 3.7187 	 0.2370
[2025/09/18 16:00:49] - 108 	 139.9 	 	 0.0010 	 4.6633 	 0.7816
[2025/09/18 16:00:49] - ==> Building model..
[2025/09/18 16:01:47] - Test Loss 	 Test Acc 	 PGD Loss 	 PGD Acc
[2025/09/18 16:01:47] - 3.3227 	 	 0.4785 	 3.7191 	 0.2366
[2025/09/18 16:04:16] - 109 	 140.3 	 	 0.0010 	 4.6588 	 0.7889
[2025/09/18 16:04:16] - ==> Building model..
[2025/09/18 16:05:14] - Test Loss 	 Test Acc 	 PGD Loss 	 PGD Acc
[2025/09/18 16:05:14] - 3.3227 	 	 0.4785 	 3.7185 	 0.2371
[2025/09/18 16:05:14] - [0.0751, 0.1383, 0.1824, 0.2109, 0.2326, 0.2424, 0.2638, 0.3005, 0.3308, 0.3532, 0.3683, 0.3766, 0.3852, 0.3926, 0.397, 0.4044, 0.4095, 0.4129, 0.4175, 0.422, 0.4244, 0.4267, 0.429, 0.4322, 0.436, 0.4362, 0.4401, 0.4423, 0.4442, 0.4449, 0.4474, 0.4485, 0.4499, 0.4524, 0.4525, 0.4544, 0.454, 0.4549, 0.4558, 0.4577, 0.4585, 0.4596, 0.4604, 0.4611, 0.463, 0.4625, 0.4628, 0.4623, 0.4621, 0.4629, 0.4639, 0.4652, 0.4644, 0.4652, 0.4657, 0.4666, 0.4671, 0.4671, 0.4657, 0.4653, 0.4659, 0.4686, 0.469, 0.4699, 0.4702, 0.4699, 0.4701, 0.4701, 0.4693, 0.4695, 0.4706, 0.4709, 0.4717, 0.471, 0.4711, 0.4711, 0.4706, 0.4709, 0.4711, 0.4711, 0.4719, 0.4724, 0.4727, 0.4731, 0.4743, 0.4739, 0.4743, 0.4741, 0.4746, 0.4758, 0.476, 0.4768, 0.4772, 0.4774, 0.4777, 0.4783, 0.4785, 0.4783, 0.4784, 0.4785, 0.4785, 0.4785, 0.4785, 0.4785, 0.4785, 0.4785, 0.4785, 0.4785, 0.4785, 0.4785]
[2025/09/18 16:05:14] - [0.0441, 0.0711, 0.0955, 0.1086, 0.1173, 0.1224, 0.134, 0.1541, 0.1698, 0.1786, 0.1841, 0.1887, 0.1942, 0.1999, 0.2013, 0.2031, 0.2035, 0.2053, 0.2084, 0.2091, 0.2107, 0.2125, 0.2136, 0.2156, 0.2168, 0.2184, 0.2182, 0.2202, 0.2203, 0.2215, 0.2223, 0.2237, 0.2239, 0.2251, 0.2261, 0.2265, 0.2259, 0.2266, 0.2277, 0.229, 0.2293, 0.231, 0.2298, 0.2298, 0.2308, 0.2319, 0.2319, 0.2326, 0.2329, 0.2327, 0.2334, 0.2348, 0.2336, 0.234, 0.2343, 0.2337, 0.2337, 0.2342, 0.2338, 0.2345, 0.2325, 0.2326, 0.2333, 0.234, 0.2344, 0.2338, 0.2341, 0.2344, 0.2333, 0.2341, 0.2344, 0.2347, 0.2347, 0.2342, 0.2347, 0.2349, 0.2347, 0.2343, 0.2346, 0.2348, 0.2345, 0.2351, 0.2357, 0.2354, 0.2357, 0.2356, 0.2358, 0.237, 0.2363, 0.2364, 0.2371, 0.2371, 0.2362, 0.236, 0.2361, 0.2369, 0.2366, 0.2363, 0.2367, 0.237, 0.2365, 0.2366, 0.2362, 0.237, 0.2358, 0.2365, 0.2365, 0.237, 0.2366, 0.2371]
