[2025/10/12 23:07:17] - Namespace(batch_size=128, data_dir='cifar-data', epochs=100, lr_schedule='multistep', lr_min=0.0, lr_max=0.2, weight_decay=0.0005, momentum=0.9, model='ResNet18', epsilon=8, alpha=8, delta_init='random', normal_mean=0, normal_std=1, out_dir='./output/CIFAR100/lamda_35_lamscale_0.15_run1', seed=0, lamda=35.0, lam_scale=0.15, lam_start=50, gamma=0.05, inner_gamma=0.05, beta=0.2, mu=3.5, batch_m=0.75, early_stop=False, factor=0.5, length=4, n_holes=1, c_num=0.125, EMA_value=0.55)
[2025/10/12 23:07:18] - ==> Building model..
[2025/10/12 23:07:18] - Epoch 	 Seconds 	 LR 	 	 Train Loss 	 Train Acc
[2025/10/12 23:08:02] - 0 	 19.2 	 	 0.2000 	 4.5623 	 0.0413
[2025/10/12 23:08:02] - ==> Building model..
[2025/10/12 23:08:19] - Test Loss 	 Test Acc 	 PGD Loss 	 PGD Acc
[2025/10/12 23:08:19] - 4.2149 	 	 0.0882 	 4.2291 	 0.0574
[2025/10/12 23:09:03] - 1 	 18.4 	 	 0.2000 	 4.4574 	 0.0786
[2025/10/12 23:09:03] - ==> Building model..
[2025/10/12 23:09:20] - Test Loss 	 Test Acc 	 PGD Loss 	 PGD Acc
[2025/10/12 23:09:20] - 3.9960 	 	 0.1507 	 4.0282 	 0.0960
[2025/10/12 23:10:06] - 2 	 20.3 	 	 0.2000 	 4.4081 	 0.1033
[2025/10/12 23:10:06] - ==> Building model..
[2025/10/12 23:10:23] - Test Loss 	 Test Acc 	 PGD Loss 	 PGD Acc
[2025/10/12 23:10:23] - 3.8866 	 	 0.1872 	 3.9336 	 0.1162
[2025/10/12 23:11:10] - 3 	 19.6 	 	 0.2000 	 4.3616 	 0.1242
[2025/10/12 23:11:10] - ==> Building model..
[2025/10/12 23:11:28] - Test Loss 	 Test Acc 	 PGD Loss 	 PGD Acc
[2025/10/12 23:11:28] - 3.7374 	 	 0.2332 	 3.8067 	 0.1373
[2025/10/12 23:12:13] - 4 	 19.7 	 	 0.2000 	 4.3161 	 0.1495
[2025/10/12 23:12:13] - ==> Building model..
[2025/10/12 23:12:30] - Test Loss 	 Test Acc 	 PGD Loss 	 PGD Acc
[2025/10/12 23:12:30] - 3.6320 	 	 0.2643 	 3.7217 	 0.1582
[2025/10/12 23:13:15] - 5 	 19.5 	 	 0.2000 	 4.2777 	 0.1683
[2025/10/12 23:13:15] - ==> Building model..
[2025/10/12 23:13:32] - Test Loss 	 Test Acc 	 PGD Loss 	 PGD Acc
[2025/10/12 23:13:32] - 3.4409 	 	 0.3036 	 3.5573 	 0.1757
[2025/10/12 23:14:18] - 6 	 20.0 	 	 0.2000 	 4.2460 	 0.1856
[2025/10/12 23:14:18] - ==> Building model..
[2025/10/12 23:14:35] - Test Loss 	 Test Acc 	 PGD Loss 	 PGD Acc
[2025/10/12 23:14:35] - 3.2144 	 	 0.3498 	 3.3663 	 0.1966
[2025/10/12 23:15:21] - 7 	 20.0 	 	 0.2000 	 4.2249 	 0.1977
[2025/10/12 23:15:21] - ==> Building model..
[2025/10/12 23:15:38] - Test Loss 	 Test Acc 	 PGD Loss 	 PGD Acc
[2025/10/12 23:15:38] - 3.0883 	 	 0.3778 	 3.2636 	 0.2049
[2025/10/12 23:16:25] - 8 	 20.0 	 	 0.2000 	 4.2052 	 0.2072
[2025/10/12 23:16:25] - ==> Building model..
[2025/10/12 23:16:42] - Test Loss 	 Test Acc 	 PGD Loss 	 PGD Acc
[2025/10/12 23:16:42] - 2.9740 	 	 0.4030 	 3.1746 	 0.2181
[2025/10/12 23:17:26] - 9 	 18.8 	 	 0.2000 	 4.1884 	 0.2178
[2025/10/12 23:17:26] - ==> Building model..
[2025/10/12 23:17:42] - Test Loss 	 Test Acc 	 PGD Loss 	 PGD Acc
[2025/10/12 23:17:42] - 2.9072 	 	 0.4164 	 3.1223 	 0.2232
[2025/10/12 23:18:28] - 10 	 19.4 	 	 0.2000 	 4.1764 	 0.2247
[2025/10/12 23:18:28] - ==> Building model..
[2025/10/12 23:18:45] - Test Loss 	 Test Acc 	 PGD Loss 	 PGD Acc
[2025/10/12 23:18:45] - 2.8652 	 	 0.4279 	 3.0904 	 0.2318
[2025/10/12 23:19:32] - 11 	 20.1 	 	 0.2000 	 4.1677 	 0.2283
[2025/10/12 23:19:32] - ==> Building model..
[2025/10/12 23:19:49] - Test Loss 	 Test Acc 	 PGD Loss 	 PGD Acc
[2025/10/12 23:19:49] - 2.8216 	 	 0.4379 	 3.0573 	 0.2364
[2025/10/12 23:20:35] - 12 	 19.4 	 	 0.2000 	 4.1581 	 0.2344
[2025/10/12 23:20:35] - ==> Building model..
[2025/10/12 23:20:52] - Test Loss 	 Test Acc 	 PGD Loss 	 PGD Acc
[2025/10/12 23:20:52] - 2.7851 	 	 0.4474 	 3.0292 	 0.2393
[2025/10/12 23:21:39] - 13 	 20.5 	 	 0.2000 	 4.1543 	 0.2367
[2025/10/12 23:21:39] - ==> Building model..
[2025/10/12 23:21:56] - Test Loss 	 Test Acc 	 PGD Loss 	 PGD Acc
[2025/10/12 23:21:56] - 2.7558 	 	 0.4501 	 3.0059 	 0.2435
[2025/10/12 23:22:41] - 14 	 19.5 	 	 0.2000 	 4.1485 	 0.2411
[2025/10/12 23:22:41] - ==> Building model..
[2025/10/12 23:22:58] - Test Loss 	 Test Acc 	 PGD Loss 	 PGD Acc
[2025/10/12 23:22:58] - 2.7475 	 	 0.4534 	 3.0008 	 0.2432
[2025/10/12 23:23:44] - 15 	 20.4 	 	 0.2000 	 4.1399 	 0.2455
[2025/10/12 23:23:44] - ==> Building model..
[2025/10/12 23:24:01] - Test Loss 	 Test Acc 	 PGD Loss 	 PGD Acc
[2025/10/12 23:24:01] - 2.7240 	 	 0.4613 	 2.9826 	 0.2478
[2025/10/12 23:24:48] - 16 	 20.1 	 	 0.2000 	 4.1366 	 0.2479
[2025/10/12 23:24:48] - ==> Building model..
[2025/10/12 23:25:04] - Test Loss 	 Test Acc 	 PGD Loss 	 PGD Acc
[2025/10/12 23:25:04] - 2.7029 	 	 0.4648 	 2.9653 	 0.2507
[2025/10/12 23:25:49] - 17 	 19.7 	 	 0.2000 	 4.1345 	 0.2477
[2025/10/12 23:25:49] - ==> Building model..
[2025/10/12 23:26:06] - Test Loss 	 Test Acc 	 PGD Loss 	 PGD Acc
[2025/10/12 23:26:06] - 2.6854 	 	 0.4683 	 2.9531 	 0.2530
[2025/10/12 23:26:52] - 18 	 19.5 	 	 0.2000 	 4.1281 	 0.2510
[2025/10/12 23:26:52] - ==> Building model..
[2025/10/12 23:27:09] - Test Loss 	 Test Acc 	 PGD Loss 	 PGD Acc
[2025/10/12 23:27:09] - 2.6697 	 	 0.4732 	 2.9418 	 0.2541
[2025/10/12 23:27:54] - 19 	 19.2 	 	 0.2000 	 4.1245 	 0.2546
[2025/10/12 23:27:54] - ==> Building model..
[2025/10/12 23:28:10] - Test Loss 	 Test Acc 	 PGD Loss 	 PGD Acc
[2025/10/12 23:28:10] - 2.6672 	 	 0.4744 	 2.9413 	 0.2567
[2025/10/12 23:28:56] - 20 	 19.8 	 	 0.2000 	 4.1235 	 0.2562
[2025/10/12 23:28:56] - ==> Building model..
[2025/10/12 23:29:12] - Test Loss 	 Test Acc 	 PGD Loss 	 PGD Acc
[2025/10/12 23:29:12] - 2.6559 	 	 0.4795 	 2.9325 	 0.2583
[2025/10/12 23:29:58] - 21 	 19.7 	 	 0.2000 	 4.1183 	 0.2574
[2025/10/12 23:29:58] - ==> Building model..
[2025/10/12 23:30:16] - Test Loss 	 Test Acc 	 PGD Loss 	 PGD Acc
[2025/10/12 23:30:16] - 2.6416 	 	 0.4813 	 2.9222 	 0.2588
[2025/10/12 23:31:03] - 22 	 20.6 	 	 0.2000 	 4.1180 	 0.2574
[2025/10/12 23:31:03] - ==> Building model..
[2025/10/12 23:31:20] - Test Loss 	 Test Acc 	 PGD Loss 	 PGD Acc
[2025/10/12 23:31:20] - 2.6256 	 	 0.4875 	 2.9113 	 0.2607
[2025/10/12 23:32:06] - 23 	 20.0 	 	 0.2000 	 4.1161 	 0.2589
[2025/10/12 23:32:06] - ==> Building model..
[2025/10/12 23:32:23] - Test Loss 	 Test Acc 	 PGD Loss 	 PGD Acc
[2025/10/12 23:32:23] - 2.6176 	 	 0.4892 	 2.9048 	 0.2613
[2025/10/12 23:33:10] - 24 	 20.0 	 	 0.2000 	 4.1122 	 0.2610
[2025/10/12 23:33:10] - ==> Building model..
[2025/10/12 23:33:27] - Test Loss 	 Test Acc 	 PGD Loss 	 PGD Acc
[2025/10/12 23:33:27] - 2.6133 	 	 0.4911 	 2.9023 	 0.2620
[2025/10/12 23:34:13] - 25 	 20.0 	 	 0.2000 	 4.1114 	 0.2638
[2025/10/12 23:34:13] - ==> Building model..
[2025/10/12 23:34:30] - Test Loss 	 Test Acc 	 PGD Loss 	 PGD Acc
[2025/10/12 23:34:30] - 2.6048 	 	 0.4947 	 2.8965 	 0.2644
[2025/10/12 23:35:18] - 26 	 20.3 	 	 0.2000 	 4.1074 	 0.2642
[2025/10/12 23:35:18] - ==> Building model..
[2025/10/12 23:35:34] - Test Loss 	 Test Acc 	 PGD Loss 	 PGD Acc
[2025/10/12 23:35:34] - 2.5972 	 	 0.4967 	 2.8903 	 0.2667
[2025/10/12 23:36:20] - 27 	 19.7 	 	 0.2000 	 4.1062 	 0.2659
[2025/10/12 23:36:20] - ==> Building model..
[2025/10/12 23:36:37] - Test Loss 	 Test Acc 	 PGD Loss 	 PGD Acc
[2025/10/12 23:36:37] - 2.5915 	 	 0.4990 	 2.8868 	 0.2648
[2025/10/12 23:37:22] - 28 	 18.9 	 	 0.2000 	 4.1048 	 0.2633
[2025/10/12 23:37:22] - ==> Building model..
[2025/10/12 23:37:39] - Test Loss 	 Test Acc 	 PGD Loss 	 PGD Acc
[2025/10/12 23:37:39] - 2.5857 	 	 0.4986 	 2.8816 	 0.2658
[2025/10/12 23:38:26] - 29 	 20.3 	 	 0.2000 	 4.1040 	 0.2673
[2025/10/12 23:38:26] - ==> Building model..
[2025/10/12 23:38:43] - Test Loss 	 Test Acc 	 PGD Loss 	 PGD Acc
[2025/10/12 23:38:43] - 2.5807 	 	 0.4980 	 2.8773 	 0.2671
[2025/10/12 23:39:28] - 30 	 18.9 	 	 0.2000 	 4.1045 	 0.2656
[2025/10/12 23:39:28] - ==> Building model..
[2025/10/12 23:39:45] - Test Loss 	 Test Acc 	 PGD Loss 	 PGD Acc
[2025/10/12 23:39:45] - 2.5788 	 	 0.5008 	 2.8762 	 0.2683
[2025/10/12 23:40:30] - 31 	 19.1 	 	 0.2000 	 4.1026 	 0.2677
[2025/10/12 23:40:30] - ==> Building model..
[2025/10/12 23:40:47] - Test Loss 	 Test Acc 	 PGD Loss 	 PGD Acc
[2025/10/12 23:40:47] - 2.5746 	 	 0.5027 	 2.8735 	 0.2707
[2025/10/12 23:41:33] - 32 	 19.4 	 	 0.2000 	 4.1011 	 0.2670
[2025/10/12 23:41:33] - ==> Building model..
[2025/10/12 23:41:51] - Test Loss 	 Test Acc 	 PGD Loss 	 PGD Acc
[2025/10/12 23:41:51] - 2.5713 	 	 0.5043 	 2.8709 	 0.2723
[2025/10/12 23:42:36] - 33 	 19.0 	 	 0.2000 	 4.1000 	 0.2691
[2025/10/12 23:42:36] - ==> Building model..
[2025/10/12 23:42:53] - Test Loss 	 Test Acc 	 PGD Loss 	 PGD Acc
[2025/10/12 23:42:53] - 2.5678 	 	 0.5049 	 2.8683 	 0.2712
[2025/10/12 23:43:39] - 34 	 19.2 	 	 0.2000 	 4.0987 	 0.2681
[2025/10/12 23:43:39] - ==> Building model..
[2025/10/12 23:43:56] - Test Loss 	 Test Acc 	 PGD Loss 	 PGD Acc
[2025/10/12 23:43:56] - 2.5624 	 	 0.5058 	 2.8637 	 0.2720
[2025/10/12 23:44:41] - 35 	 18.9 	 	 0.2000 	 4.0950 	 0.2737
[2025/10/12 23:44:41] - ==> Building model..
[2025/10/12 23:44:57] - Test Loss 	 Test Acc 	 PGD Loss 	 PGD Acc
[2025/10/12 23:44:57] - 2.5597 	 	 0.5069 	 2.8612 	 0.2709
[2025/10/12 23:45:44] - 36 	 19.8 	 	 0.2000 	 4.0959 	 0.2704
[2025/10/12 23:45:44] - ==> Building model..
[2025/10/12 23:46:00] - Test Loss 	 Test Acc 	 PGD Loss 	 PGD Acc
[2025/10/12 23:46:00] - 2.5580 	 	 0.5088 	 2.8597 	 0.2724
[2025/10/12 23:46:47] - 37 	 19.4 	 	 0.2000 	 4.0954 	 0.2720
[2025/10/12 23:46:47] - ==> Building model..
[2025/10/12 23:47:03] - Test Loss 	 Test Acc 	 PGD Loss 	 PGD Acc
[2025/10/12 23:47:03] - 2.5574 	 	 0.5093 	 2.8592 	 0.2718
[2025/10/12 23:47:47] - 38 	 18.7 	 	 0.2000 	 4.0944 	 0.2697
[2025/10/12 23:47:47] - ==> Building model..
[2025/10/12 23:48:03] - Test Loss 	 Test Acc 	 PGD Loss 	 PGD Acc
[2025/10/12 23:48:03] - 2.5560 	 	 0.5082 	 2.8580 	 0.2736
[2025/10/12 23:48:49] - 39 	 19.8 	 	 0.2000 	 4.0936 	 0.2726
[2025/10/12 23:48:49] - ==> Building model..
[2025/10/12 23:49:07] - Test Loss 	 Test Acc 	 PGD Loss 	 PGD Acc
[2025/10/12 23:49:07] - 2.5540 	 	 0.5084 	 2.8568 	 0.2742
[2025/10/12 23:49:54] - 40 	 20.6 	 	 0.2000 	 4.0924 	 0.2742
[2025/10/12 23:49:54] - ==> Building model..
[2025/10/12 23:50:11] - Test Loss 	 Test Acc 	 PGD Loss 	 PGD Acc
[2025/10/12 23:50:11] - 2.5530 	 	 0.5092 	 2.8561 	 0.2760
[2025/10/12 23:50:58] - 41 	 20.0 	 	 0.2000 	 4.0934 	 0.2737
[2025/10/12 23:50:58] - ==> Building model..
[2025/10/12 23:51:14] - Test Loss 	 Test Acc 	 PGD Loss 	 PGD Acc
[2025/10/12 23:51:14] - 2.5497 	 	 0.5092 	 2.8529 	 0.2750
[2025/10/12 23:52:00] - 42 	 19.0 	 	 0.2000 	 4.0930 	 0.2711
[2025/10/12 23:52:00] - ==> Building model..
[2025/10/12 23:52:17] - Test Loss 	 Test Acc 	 PGD Loss 	 PGD Acc
[2025/10/12 23:52:17] - 2.5458 	 	 0.5110 	 2.8510 	 0.2756
[2025/10/12 23:53:04] - 43 	 19.9 	 	 0.2000 	 4.0919 	 0.2731
[2025/10/12 23:53:04] - ==> Building model..
[2025/10/12 23:53:19] - Test Loss 	 Test Acc 	 PGD Loss 	 PGD Acc
[2025/10/12 23:53:19] - 2.5418 	 	 0.5131 	 2.8477 	 0.2764
[2025/10/12 23:54:06] - 44 	 19.4 	 	 0.2000 	 4.0907 	 0.2743
[2025/10/12 23:54:06] - ==> Building model..
[2025/10/12 23:54:23] - Test Loss 	 Test Acc 	 PGD Loss 	 PGD Acc
[2025/10/12 23:54:23] - 2.5383 	 	 0.5139 	 2.8455 	 0.2788
[2025/10/12 23:55:09] - 45 	 19.5 	 	 0.2000 	 4.0893 	 0.2750
[2025/10/12 23:55:09] - ==> Building model..
[2025/10/12 23:55:26] - Test Loss 	 Test Acc 	 PGD Loss 	 PGD Acc
[2025/10/12 23:55:26] - 2.5406 	 	 0.5140 	 2.8470 	 0.2776
[2025/10/12 23:56:17] - 46 	 23.5 	 	 0.2000 	 4.0880 	 0.2756
[2025/10/12 23:56:17] - ==> Building model..
[2025/10/12 23:56:39] - Test Loss 	 Test Acc 	 PGD Loss 	 PGD Acc
[2025/10/12 23:56:39] - 2.5451 	 	 0.5146 	 2.8502 	 0.2762
[2025/10/12 23:57:33] - 47 	 27.4 	 	 0.2000 	 4.0894 	 0.2739
[2025/10/12 23:57:33] - ==> Building model..
[2025/10/12 23:57:55] - Test Loss 	 Test Acc 	 PGD Loss 	 PGD Acc
[2025/10/12 23:57:55] - 2.5508 	 	 0.5127 	 2.8546 	 0.2748
[2025/10/12 23:58:49] - 48 	 27.4 	 	 0.2000 	 4.0856 	 0.2787
[2025/10/12 23:58:49] - ==> Building model..
[2025/10/12 23:59:12] - Test Loss 	 Test Acc 	 PGD Loss 	 PGD Acc
[2025/10/12 23:59:12] - 2.5488 	 	 0.5154 	 2.8530 	 0.2757
[2025/10/13 00:00:07] - 49 	 27.7 	 	 0.2000 	 4.0857 	 0.2787
[2025/10/13 00:00:07] - ==> Building model..
[2025/10/13 00:00:29] - Test Loss 	 Test Acc 	 PGD Loss 	 PGD Acc
[2025/10/13 00:00:29] - 2.5466 	 	 0.5141 	 2.8500 	 0.2756
[2025/10/13 00:01:25] - 50 	 28.4 	 	 0.2000 	 4.0873 	 0.2755
[2025/10/13 00:01:25] - ==> Building model..
[2025/10/13 00:01:48] - Test Loss 	 Test Acc 	 PGD Loss 	 PGD Acc
[2025/10/13 00:01:48] - 2.5451 	 	 0.5151 	 2.8496 	 0.2752
[2025/10/13 00:02:42] - 51 	 27.1 	 	 0.2000 	 4.0880 	 0.2761
[2025/10/13 00:02:42] - ==> Building model..
[2025/10/13 00:03:04] - Test Loss 	 Test Acc 	 PGD Loss 	 PGD Acc
[2025/10/13 00:03:04] - 2.5446 	 	 0.5151 	 2.8494 	 0.2745
[2025/10/13 00:04:01] - 52 	 28.5 	 	 0.2000 	 4.0879 	 0.2780
[2025/10/13 00:04:01] - ==> Building model..
[2025/10/13 00:04:24] - Test Loss 	 Test Acc 	 PGD Loss 	 PGD Acc
[2025/10/13 00:04:24] - 2.5433 	 	 0.5160 	 2.8486 	 0.2761
[2025/10/13 00:05:19] - 53 	 28.1 	 	 0.2000 	 4.0864 	 0.2784
[2025/10/13 00:05:19] - ==> Building model..
[2025/10/13 00:05:42] - Test Loss 	 Test Acc 	 PGD Loss 	 PGD Acc
[2025/10/13 00:05:42] - 2.5426 	 	 0.5157 	 2.8470 	 0.2772
[2025/10/13 00:06:38] - 54 	 29.3 	 	 0.2000 	 4.0890 	 0.2778
[2025/10/13 00:06:38] - ==> Building model..
[2025/10/13 00:07:01] - Test Loss 	 Test Acc 	 PGD Loss 	 PGD Acc
[2025/10/13 00:07:01] - 2.5422 	 	 0.5157 	 2.8466 	 0.2771
[2025/10/13 00:07:56] - 55 	 27.8 	 	 0.2000 	 4.0897 	 0.2779
[2025/10/13 00:07:56] - ==> Building model..
[2025/10/13 00:08:18] - Test Loss 	 Test Acc 	 PGD Loss 	 PGD Acc
[2025/10/13 00:08:18] - 2.5432 	 	 0.5159 	 2.8471 	 0.2769
[2025/10/13 00:09:14] - 56 	 28.8 	 	 0.2000 	 4.0904 	 0.2771
[2025/10/13 00:09:14] - ==> Building model..
[2025/10/13 00:09:37] - Test Loss 	 Test Acc 	 PGD Loss 	 PGD Acc
[2025/10/13 00:09:37] - 2.5462 	 	 0.5163 	 2.8505 	 0.2778
[2025/10/13 00:10:32] - 57 	 27.7 	 	 0.2000 	 4.0914 	 0.2776
[2025/10/13 00:10:32] - ==> Building model..
[2025/10/13 00:10:55] - Test Loss 	 Test Acc 	 PGD Loss 	 PGD Acc
[2025/10/13 00:10:55] - 2.5482 	 	 0.5162 	 2.8519 	 0.2775
[2025/10/13 00:11:49] - 58 	 27.4 	 	 0.2000 	 4.0923 	 0.2779
[2025/10/13 00:11:49] - ==> Building model..
[2025/10/13 00:12:11] - Test Loss 	 Test Acc 	 PGD Loss 	 PGD Acc
[2025/10/13 00:12:11] - 2.5514 	 	 0.5173 	 2.8539 	 0.2783
[2025/10/13 00:13:20] - 59 	 41.3 	 	 0.2000 	 4.0923 	 0.2769
[2025/10/13 00:13:20] - ==> Building model..
[2025/10/13 00:13:55] - Test Loss 	 Test Acc 	 PGD Loss 	 PGD Acc
[2025/10/13 00:13:55] - 2.5562 	 	 0.5179 	 2.8570 	 0.2785
[2025/10/13 00:15:03] - 60 	 39.5 	 	 0.2000 	 4.0898 	 0.2796
[2025/10/13 00:15:03] - ==> Building model..
[2025/10/13 00:15:27] - Test Loss 	 Test Acc 	 PGD Loss 	 PGD Acc
[2025/10/13 00:15:27] - 2.5579 	 	 0.5190 	 2.8590 	 0.2786
[2025/10/13 00:16:24] - 61 	 29.3 	 	 0.2000 	 4.0910 	 0.2752
[2025/10/13 00:16:24] - ==> Building model..
[2025/10/13 00:16:46] - Test Loss 	 Test Acc 	 PGD Loss 	 PGD Acc
[2025/10/13 00:16:46] - 2.5609 	 	 0.5195 	 2.8608 	 0.2786
[2025/10/13 00:17:42] - 62 	 28.7 	 	 0.2000 	 4.0901 	 0.2796
[2025/10/13 00:17:42] - ==> Building model..
[2025/10/13 00:18:06] - Test Loss 	 Test Acc 	 PGD Loss 	 PGD Acc
[2025/10/13 00:18:06] - 2.5623 	 	 0.5186 	 2.8615 	 0.2804
[2025/10/13 00:19:02] - 63 	 28.4 	 	 0.2000 	 4.0927 	 0.2754
[2025/10/13 00:19:02] - ==> Building model..
[2025/10/13 00:19:25] - Test Loss 	 Test Acc 	 PGD Loss 	 PGD Acc
[2025/10/13 00:19:25] - 2.5652 	 	 0.5193 	 2.8638 	 0.2807
[2025/10/13 00:20:19] - 64 	 27.5 	 	 0.2000 	 4.0904 	 0.2790
[2025/10/13 00:20:19] - ==> Building model..
[2025/10/13 00:20:42] - Test Loss 	 Test Acc 	 PGD Loss 	 PGD Acc
[2025/10/13 00:20:42] - 2.5656 	 	 0.5196 	 2.8644 	 0.2816
[2025/10/13 00:21:36] - 65 	 27.3 	 	 0.2000 	 4.0899 	 0.2777
[2025/10/13 00:21:36] - ==> Building model..
[2025/10/13 00:21:58] - Test Loss 	 Test Acc 	 PGD Loss 	 PGD Acc
[2025/10/13 00:21:58] - 2.5676 	 	 0.5200 	 2.8656 	 0.2814
[2025/10/13 00:22:53] - 66 	 27.5 	 	 0.2000 	 4.0897 	 0.2775
[2025/10/13 00:22:53] - ==> Building model..
[2025/10/13 00:23:15] - Test Loss 	 Test Acc 	 PGD Loss 	 PGD Acc
[2025/10/13 00:23:15] - 2.5699 	 	 0.5200 	 2.8672 	 0.2814
[2025/10/13 00:24:12] - 67 	 28.9 	 	 0.2000 	 4.0904 	 0.2788
[2025/10/13 00:24:12] - ==> Building model..
[2025/10/13 00:24:35] - Test Loss 	 Test Acc 	 PGD Loss 	 PGD Acc
[2025/10/13 00:24:35] - 2.5711 	 	 0.5187 	 2.8678 	 0.2819
[2025/10/13 00:25:33] - 68 	 28.9 	 	 0.2000 	 4.0908 	 0.2766
[2025/10/13 00:25:33] - ==> Building model..
[2025/10/13 00:25:56] - Test Loss 	 Test Acc 	 PGD Loss 	 PGD Acc
[2025/10/13 00:25:56] - 2.5737 	 	 0.5187 	 2.8701 	 0.2826
[2025/10/13 00:26:53] - 69 	 28.6 	 	 0.2000 	 4.0909 	 0.2783
[2025/10/13 00:26:53] - ==> Building model..
[2025/10/13 00:27:16] - Test Loss 	 Test Acc 	 PGD Loss 	 PGD Acc
[2025/10/13 00:27:16] - 2.5754 	 	 0.5198 	 2.8714 	 0.2833
[2025/10/13 00:28:11] - 70 	 27.8 	 	 0.2000 	 4.0915 	 0.2780
[2025/10/13 00:28:11] - ==> Building model..
[2025/10/13 00:28:34] - Test Loss 	 Test Acc 	 PGD Loss 	 PGD Acc
[2025/10/13 00:28:34] - 2.5751 	 	 0.5211 	 2.8713 	 0.2824
[2025/10/13 00:29:29] - 71 	 28.1 	 	 0.2000 	 4.0897 	 0.2784
[2025/10/13 00:29:29] - ==> Building model..
[2025/10/13 00:29:53] - Test Loss 	 Test Acc 	 PGD Loss 	 PGD Acc
[2025/10/13 00:29:53] - 2.5756 	 	 0.5215 	 2.8723 	 0.2828
[2025/10/13 00:30:53] - 72 	 30.3 	 	 0.2000 	 4.0907 	 0.2742
[2025/10/13 00:30:53] - ==> Building model..
[2025/10/13 00:31:16] - Test Loss 	 Test Acc 	 PGD Loss 	 PGD Acc
[2025/10/13 00:31:16] - 2.5774 	 	 0.5209 	 2.8734 	 0.2824
[2025/10/13 00:32:11] - 73 	 28.2 	 	 0.2000 	 4.0895 	 0.2774
[2025/10/13 00:32:11] - ==> Building model..
[2025/10/13 00:32:34] - Test Loss 	 Test Acc 	 PGD Loss 	 PGD Acc
[2025/10/13 00:32:34] - 2.5768 	 	 0.5216 	 2.8726 	 0.2825
[2025/10/13 00:33:29] - 74 	 27.4 	 	 0.2000 	 4.0912 	 0.2774
[2025/10/13 00:33:29] - ==> Building model..
[2025/10/13 00:33:51] - Test Loss 	 Test Acc 	 PGD Loss 	 PGD Acc
[2025/10/13 00:33:51] - 2.5764 	 	 0.5222 	 2.8723 	 0.2828
[2025/10/13 00:34:45] - 75 	 27.0 	 	 0.2000 	 4.0894 	 0.2793
[2025/10/13 00:34:45] - ==> Building model..
[2025/10/13 00:35:07] - Test Loss 	 Test Acc 	 PGD Loss 	 PGD Acc
[2025/10/13 00:35:07] - 2.5756 	 	 0.5211 	 2.8721 	 0.2822
[2025/10/13 00:36:02] - 76 	 27.8 	 	 0.2000 	 4.0901 	 0.2788
[2025/10/13 00:36:02] - ==> Building model..
[2025/10/13 00:36:26] - Test Loss 	 Test Acc 	 PGD Loss 	 PGD Acc
[2025/10/13 00:36:26] - 2.5750 	 	 0.5214 	 2.8710 	 0.2836
[2025/10/13 00:37:23] - 77 	 29.2 	 	 0.2000 	 4.0892 	 0.2800
[2025/10/13 00:37:23] - ==> Building model..
[2025/10/13 00:37:46] - Test Loss 	 Test Acc 	 PGD Loss 	 PGD Acc
[2025/10/13 00:37:46] - 2.5750 	 	 0.5219 	 2.8715 	 0.2828
[2025/10/13 00:38:44] - 78 	 29.1 	 	 0.2000 	 4.0901 	 0.2770
[2025/10/13 00:38:44] - ==> Building model..
[2025/10/13 00:39:06] - Test Loss 	 Test Acc 	 PGD Loss 	 PGD Acc
[2025/10/13 00:39:06] - 2.5746 	 	 0.5221 	 2.8708 	 0.2819
[2025/10/13 00:40:03] - 79 	 28.4 	 	 0.2000 	 4.0896 	 0.2800
[2025/10/13 00:40:03] - ==> Building model..
[2025/10/13 00:40:26] - Test Loss 	 Test Acc 	 PGD Loss 	 PGD Acc
[2025/10/13 00:40:26] - 2.5732 	 	 0.5227 	 2.8700 	 0.2821
[2025/10/13 00:41:21] - 80 	 27.4 	 	 0.2000 	 4.0889 	 0.2788
[2025/10/13 00:41:21] - ==> Building model..
[2025/10/13 00:41:42] - Test Loss 	 Test Acc 	 PGD Loss 	 PGD Acc
[2025/10/13 00:41:42] - 2.5753 	 	 0.5211 	 2.8709 	 0.2834
[2025/10/13 00:42:38] - 81 	 27.9 	 	 0.2000 	 4.0895 	 0.2786
[2025/10/13 00:42:38] - ==> Building model..
[2025/10/13 00:43:00] - Test Loss 	 Test Acc 	 PGD Loss 	 PGD Acc
[2025/10/13 00:43:00] - 2.5756 	 	 0.5215 	 2.8710 	 0.2841
[2025/10/13 00:43:57] - 82 	 28.4 	 	 0.2000 	 4.0895 	 0.2795
[2025/10/13 00:43:57] - ==> Building model..
[2025/10/13 00:44:22] - Test Loss 	 Test Acc 	 PGD Loss 	 PGD Acc
[2025/10/13 00:44:22] - 2.5751 	 	 0.5208 	 2.8708 	 0.2833
[2025/10/13 00:45:20] - 83 	 29.2 	 	 0.2000 	 4.0873 	 0.2812
[2025/10/13 00:45:20] - ==> Building model..
[2025/10/13 00:45:42] - Test Loss 	 Test Acc 	 PGD Loss 	 PGD Acc
[2025/10/13 00:45:42] - 2.5763 	 	 0.5218 	 2.8716 	 0.2812
[2025/10/13 00:46:41] - 84 	 29.0 	 	 0.2000 	 4.0893 	 0.2795
[2025/10/13 00:46:41] - ==> Building model..
[2025/10/13 00:47:04] - Test Loss 	 Test Acc 	 PGD Loss 	 PGD Acc
[2025/10/13 00:47:04] - 2.5761 	 	 0.5224 	 2.8714 	 0.2816
[2025/10/13 00:48:02] - 85 	 29.1 	 	 0.2000 	 4.0897 	 0.2782
[2025/10/13 00:48:02] - ==> Building model..
[2025/10/13 00:48:24] - Test Loss 	 Test Acc 	 PGD Loss 	 PGD Acc
[2025/10/13 00:48:24] - 2.5775 	 	 0.5212 	 2.8726 	 0.2819
[2025/10/13 00:49:19] - 86 	 27.1 	 	 0.2000 	 4.0884 	 0.2808
[2025/10/13 00:49:19] - ==> Building model..
[2025/10/13 00:49:41] - Test Loss 	 Test Acc 	 PGD Loss 	 PGD Acc
[2025/10/13 00:49:41] - 2.5776 	 	 0.5211 	 2.8731 	 0.2821
[2025/10/13 00:50:36] - 87 	 27.3 	 	 0.2000 	 4.0885 	 0.2813
[2025/10/13 00:50:36] - ==> Building model..
[2025/10/13 00:50:58] - Test Loss 	 Test Acc 	 PGD Loss 	 PGD Acc
[2025/10/13 00:50:58] - 2.5784 	 	 0.5221 	 2.8738 	 0.2820
[2025/10/13 00:51:52] - 88 	 27.1 	 	 0.2000 	 4.0911 	 0.2786
[2025/10/13 00:51:52] - ==> Building model..
[2025/10/13 00:52:14] - Test Loss 	 Test Acc 	 PGD Loss 	 PGD Acc
[2025/10/13 00:52:14] - 2.5803 	 	 0.5213 	 2.8747 	 0.2829
[2025/10/13 00:53:10] - 89 	 28.1 	 	 0.2000 	 4.0899 	 0.2804
[2025/10/13 00:53:10] - ==> Building model..
[2025/10/13 00:53:34] - Test Loss 	 Test Acc 	 PGD Loss 	 PGD Acc
[2025/10/13 00:53:34] - 2.5812 	 	 0.5214 	 2.8756 	 0.2827
[2025/10/13 00:54:31] - 90 	 28.1 	 	 0.0200 	 3.9924 	 0.3426
[2025/10/13 00:54:31] - ==> Building model..
[2025/10/13 00:54:54] - Test Loss 	 Test Acc 	 PGD Loss 	 PGD Acc
[2025/10/13 00:54:54] - 2.5782 	 	 0.5215 	 2.8739 	 0.2834
[2025/10/13 00:55:49] - 91 	 27.1 	 	 0.0200 	 3.8997 	 0.4027
[2025/10/13 00:55:49] - ==> Building model..
[2025/10/13 00:56:11] - Test Loss 	 Test Acc 	 PGD Loss 	 PGD Acc
[2025/10/13 00:56:11] - 2.5772 	 	 0.5219 	 2.8726 	 0.2831
[2025/10/13 00:57:07] - 92 	 27.2 	 	 0.0200 	 3.8731 	 0.4198
[2025/10/13 00:57:07] - ==> Building model..
[2025/10/13 00:57:28] - Test Loss 	 Test Acc 	 PGD Loss 	 PGD Acc
[2025/10/13 00:57:28] - 2.5770 	 	 0.5220 	 2.8728 	 0.2835
[2025/10/13 00:58:21] - 93 	 26.1 	 	 0.0200 	 3.8559 	 0.4307
[2025/10/13 00:58:21] - ==> Building model..
[2025/10/13 00:58:44] - Test Loss 	 Test Acc 	 PGD Loss 	 PGD Acc
[2025/10/13 00:58:44] - 2.5777 	 	 0.5220 	 2.8737 	 0.2844
[2025/10/13 00:59:38] - 94 	 26.7 	 	 0.0200 	 3.8402 	 0.4435
[2025/10/13 00:59:38] - ==> Building model..
[2025/10/13 01:00:02] - Test Loss 	 Test Acc 	 PGD Loss 	 PGD Acc
[2025/10/13 01:00:02] - 2.5790 	 	 0.5219 	 2.8751 	 0.2839
[2025/10/13 01:00:59] - 95 	 27.9 	 	 0.0200 	 3.8279 	 0.4524
[2025/10/13 01:00:59] - ==> Building model..
[2025/10/13 01:01:23] - Test Loss 	 Test Acc 	 PGD Loss 	 PGD Acc
[2025/10/13 01:01:23] - 2.5806 	 	 0.5221 	 2.8760 	 0.2832
[2025/10/13 01:02:20] - 96 	 28.4 	 	 0.0200 	 3.8175 	 0.4606
[2025/10/13 01:02:20] - ==> Building model..
[2025/10/13 01:02:43] - Test Loss 	 Test Acc 	 PGD Loss 	 PGD Acc
[2025/10/13 01:02:43] - 2.5840 	 	 0.5217 	 2.8785 	 0.2841
[2025/10/13 01:03:37] - 97 	 26.6 	 	 0.0200 	 3.8090 	 0.4673
[2025/10/13 01:03:37] - ==> Building model..
[2025/10/13 01:03:59] - Test Loss 	 Test Acc 	 PGD Loss 	 PGD Acc
[2025/10/13 01:03:59] - 2.5877 	 	 0.5221 	 2.8817 	 0.2836
[2025/10/13 01:04:56] - 98 	 27.4 	 	 0.0200 	 3.8010 	 0.4724
[2025/10/13 01:04:56] - ==> Building model..
[2025/10/13 01:05:18] - Test Loss 	 Test Acc 	 PGD Loss 	 PGD Acc
[2025/10/13 01:05:18] - 2.5887 	 	 0.5219 	 2.8829 	 0.2840
[2025/10/13 01:06:13] - 99 	 26.7 	 	 0.0200 	 3.7931 	 0.4798
[2025/10/13 01:06:13] - ==> Building model..
[2025/10/13 01:06:35] - Test Loss 	 Test Acc 	 PGD Loss 	 PGD Acc
[2025/10/13 01:06:35] - 2.5912 	 	 0.5219 	 2.8847 	 0.2840
[2025/10/13 01:06:36] - [0.0882, 0.1507, 0.1872, 0.2332, 0.2643, 0.3036, 0.3498, 0.3778, 0.403, 0.4164, 0.4279, 0.4379, 0.4474, 0.4501, 0.4534, 0.4613, 0.4648, 0.4683, 0.4732, 0.4744, 0.4795, 0.4813, 0.4875, 0.4892, 0.4911, 0.4947, 0.4967, 0.499, 0.4986, 0.498, 0.5008, 0.5027, 0.5043, 0.5049, 0.5058, 0.5069, 0.5088, 0.5093, 0.5082, 0.5084, 0.5092, 0.5092, 0.511, 0.5131, 0.5139, 0.514, 0.5146, 0.5127, 0.5154, 0.5141, 0.5151, 0.5151, 0.516, 0.5157, 0.5157, 0.5159, 0.5163, 0.5162, 0.5173, 0.5179, 0.519, 0.5195, 0.5186, 0.5193, 0.5196, 0.52, 0.52, 0.5187, 0.5187, 0.5198, 0.5211, 0.5215, 0.5209, 0.5216, 0.5222, 0.5211, 0.5214, 0.5219, 0.5221, 0.5227, 0.5211, 0.5215, 0.5208, 0.5218, 0.5224, 0.5212, 0.5211, 0.5221, 0.5213, 0.5214, 0.5215, 0.5219, 0.522, 0.522, 0.5219, 0.5221, 0.5217, 0.5221, 0.5219, 0.5219]
[2025/10/13 01:06:36] - [0.0574, 0.096, 0.1162, 0.1373, 0.1582, 0.1757, 0.1966, 0.2049, 0.2181, 0.2232, 0.2318, 0.2364, 0.2393, 0.2435, 0.2432, 0.2478, 0.2507, 0.253, 0.2541, 0.2567, 0.2583, 0.2588, 0.2607, 0.2613, 0.262, 0.2644, 0.2667, 0.2648, 0.2658, 0.2671, 0.2683, 0.2707, 0.2723, 0.2712, 0.272, 0.2709, 0.2724, 0.2718, 0.2736, 0.2742, 0.276, 0.275, 0.2756, 0.2764, 0.2788, 0.2776, 0.2762, 0.2748, 0.2757, 0.2756, 0.2752, 0.2745, 0.2761, 0.2772, 0.2771, 0.2769, 0.2778, 0.2775, 0.2783, 0.2785, 0.2786, 0.2786, 0.2804, 0.2807, 0.2816, 0.2814, 0.2814, 0.2819, 0.2826, 0.2833, 0.2824, 0.2828, 0.2824, 0.2825, 0.2828, 0.2822, 0.2836, 0.2828, 0.2819, 0.2821, 0.2834, 0.2841, 0.2833, 0.2812, 0.2816, 0.2819, 0.2821, 0.282, 0.2829, 0.2827, 0.2834, 0.2831, 0.2835, 0.2844, 0.2839, 0.2832, 0.2841, 0.2836, 0.284, 0.284]
