[2025/10/16 09:02:40] - Namespace(batch_size=128, data_dir='tiny-imagenet-200', epochs=110, lr_schedule='multistep', lr_min=0.0, lr_max=0.1, weight_decay=0.0005, momentum=0.9, model='PreActResNest18', epsilon=8, alpha=8, delta_init='random', normal_mean=0, normal_std=1, out_dir='./output/Tiny_ImageNet/lamda_32_lamscale_0.10_run3', seed=0, lamda=32.0, lam_scale=0.1, lam_start=40, gamma=0.025, inner_gamma=0.025, beta=0.2, mu=3.5, batch_m=0.75, early_stop=False, factor=0.3, length=6, n_holes=1, c_num=0.125, EMA_value=0.55)
[2025/10/16 09:03:38] - ==> Building model..
[2025/10/16 09:03:38] - Epoch 	 Seconds 	 LR 	 	 Train Loss 	 Train Acc
[2025/10/16 09:06:03] - 0 	 141.0 	 	 0.1000 	 5.2905 	 0.0292
[2025/10/16 09:06:03] - ==> Building model..
[2025/10/16 09:06:55] - Test Loss 	 Test Acc 	 PGD Loss 	 PGD Acc
[2025/10/16 09:06:55] - 4.9483 	 	 0.0867 	 4.9636 	 0.0503
[2025/10/16 09:09:19] - 1 	 139.7 	 	 0.1000 	 5.2284 	 0.0715
[2025/10/16 09:09:19] - ==> Building model..
[2025/10/16 09:10:12] - Test Loss 	 Test Acc 	 PGD Loss 	 PGD Acc
[2025/10/16 09:10:12] - 4.7270 	 	 0.1489 	 4.7652 	 0.0771
[2025/10/16 09:12:36] - 2 	 139.7 	 	 0.1000 	 5.1962 	 0.1016
[2025/10/16 09:12:36] - ==> Building model..
[2025/10/16 09:13:29] - Test Loss 	 Test Acc 	 PGD Loss 	 PGD Acc
[2025/10/16 09:13:29] - 4.5635 	 	 0.1917 	 4.6265 	 0.1008
[2025/10/16 09:15:53] - 3 	 139.4 	 	 0.1000 	 5.1695 	 0.1262
[2025/10/16 09:15:53] - ==> Building model..
[2025/10/16 09:16:46] - Test Loss 	 Test Acc 	 PGD Loss 	 PGD Acc
[2025/10/16 09:16:46] - 4.4673 	 	 0.2166 	 4.5483 	 0.1124
[2025/10/16 09:19:10] - 4 	 139.5 	 	 0.1000 	 5.1459 	 0.1463
[2025/10/16 09:19:10] - ==> Building model..
[2025/10/16 09:20:02] - Test Loss 	 Test Acc 	 PGD Loss 	 PGD Acc
[2025/10/16 09:20:02] - 4.4101 	 	 0.2413 	 4.5045 	 0.1209
[2025/10/16 09:22:26] - 5 	 139.4 	 	 0.1000 	 5.1257 	 0.1649
[2025/10/16 09:22:26] - ==> Building model..
[2025/10/16 09:23:18] - Test Loss 	 Test Acc 	 PGD Loss 	 PGD Acc
[2025/10/16 09:23:18] - 4.3931 	 	 0.2544 	 4.4952 	 0.1295
[2025/10/16 09:25:43] - 6 	 139.4 	 	 0.1000 	 5.1117 	 0.1796
[2025/10/16 09:25:43] - ==> Building model..
[2025/10/16 09:26:35] - Test Loss 	 Test Acc 	 PGD Loss 	 PGD Acc
[2025/10/16 09:26:35] - 4.3165 	 	 0.2743 	 4.4350 	 0.1382
[2025/10/16 09:28:59] - 7 	 139.1 	 	 0.1000 	 5.1002 	 0.1908
[2025/10/16 09:28:59] - ==> Building model..
[2025/10/16 09:29:51] - Test Loss 	 Test Acc 	 PGD Loss 	 PGD Acc
[2025/10/16 09:29:51] - 4.1742 	 	 0.3036 	 4.3219 	 0.1536
[2025/10/16 09:32:15] - 8 	 139.4 	 	 0.1000 	 5.0894 	 0.2013
[2025/10/16 09:32:15] - ==> Building model..
[2025/10/16 09:33:08] - Test Loss 	 Test Acc 	 PGD Loss 	 PGD Acc
[2025/10/16 09:33:08] - 4.0183 	 	 0.3296 	 4.1998 	 0.1685
[2025/10/16 09:35:32] - 9 	 139.3 	 	 0.1000 	 5.0806 	 0.2107
[2025/10/16 09:35:32] - ==> Building model..
[2025/10/16 09:36:24] - Test Loss 	 Test Acc 	 PGD Loss 	 PGD Acc
[2025/10/16 09:36:24] - 3.9096 	 	 0.3537 	 4.1174 	 0.1782
[2025/10/16 09:38:48] - 10 	 139.1 	 	 0.1000 	 5.0729 	 0.2187
[2025/10/16 09:38:48] - ==> Building model..
[2025/10/16 09:39:41] - Test Loss 	 Test Acc 	 PGD Loss 	 PGD Acc
[2025/10/16 09:39:41] - 3.8347 	 	 0.3713 	 4.0620 	 0.1837
[2025/10/16 09:42:05] - 11 	 139.2 	 	 0.1000 	 5.0655 	 0.2255
[2025/10/16 09:42:05] - ==> Building model..
[2025/10/16 09:42:57] - Test Loss 	 Test Acc 	 PGD Loss 	 PGD Acc
[2025/10/16 09:42:57] - 3.7860 	 	 0.3801 	 4.0262 	 0.1898
[2025/10/16 09:45:21] - 12 	 139.2 	 	 0.1000 	 5.0588 	 0.2332
[2025/10/16 09:45:21] - ==> Building model..
[2025/10/16 09:46:14] - Test Loss 	 Test Acc 	 PGD Loss 	 PGD Acc
[2025/10/16 09:46:14] - 3.7472 	 	 0.3887 	 3.9982 	 0.1967
[2025/10/16 09:48:38] - 13 	 139.2 	 	 0.1000 	 5.0530 	 0.2386
[2025/10/16 09:48:38] - ==> Building model..
[2025/10/16 09:49:30] - Test Loss 	 Test Acc 	 PGD Loss 	 PGD Acc
[2025/10/16 09:49:30] - 3.7138 	 	 0.3934 	 3.9733 	 0.1977
[2025/10/16 09:51:54] - 14 	 139.1 	 	 0.1000 	 5.0476 	 0.2437
[2025/10/16 09:51:54] - ==> Building model..
[2025/10/16 09:52:47] - Test Loss 	 Test Acc 	 PGD Loss 	 PGD Acc
[2025/10/16 09:52:47] - 3.6799 	 	 0.4012 	 3.9502 	 0.2006
[2025/10/16 09:55:11] - 15 	 139.0 	 	 0.1000 	 5.0432 	 0.2474
[2025/10/16 09:55:11] - ==> Building model..
[2025/10/16 09:56:03] - Test Loss 	 Test Acc 	 PGD Loss 	 PGD Acc
[2025/10/16 09:56:03] - 3.6520 	 	 0.4073 	 3.9313 	 0.2057
[2025/10/16 09:58:27] - 16 	 139.1 	 	 0.1000 	 5.0390 	 0.2529
[2025/10/16 09:58:27] - ==> Building model..
[2025/10/16 09:59:19] - Test Loss 	 Test Acc 	 PGD Loss 	 PGD Acc
[2025/10/16 09:59:19] - 3.6233 	 	 0.4131 	 3.9108 	 0.2083
[2025/10/16 10:01:43] - 17 	 139.0 	 	 0.1000 	 5.0343 	 0.2584
[2025/10/16 10:01:43] - ==> Building model..
[2025/10/16 10:02:36] - Test Loss 	 Test Acc 	 PGD Loss 	 PGD Acc
[2025/10/16 10:02:36] - 3.6023 	 	 0.4182 	 3.8960 	 0.2092
[2025/10/16 10:04:59] - 18 	 138.7 	 	 0.1000 	 5.0311 	 0.2627
[2025/10/16 10:04:59] - ==> Building model..
[2025/10/16 10:05:51] - Test Loss 	 Test Acc 	 PGD Loss 	 PGD Acc
[2025/10/16 10:05:51] - 3.5824 	 	 0.4214 	 3.8815 	 0.2097
[2025/10/16 10:08:15] - 19 	 138.8 	 	 0.1000 	 5.0280 	 0.2648
[2025/10/16 10:08:15] - ==> Building model..
[2025/10/16 10:09:07] - Test Loss 	 Test Acc 	 PGD Loss 	 PGD Acc
[2025/10/16 10:09:07] - 3.5661 	 	 0.4235 	 3.8710 	 0.2101
[2025/10/16 10:11:31] - 20 	 138.7 	 	 0.1000 	 5.0252 	 0.2672
[2025/10/16 10:11:31] - ==> Building model..
[2025/10/16 10:12:23] - Test Loss 	 Test Acc 	 PGD Loss 	 PGD Acc
[2025/10/16 10:12:23] - 3.5519 	 	 0.4284 	 3.8614 	 0.2122
[2025/10/16 10:14:47] - 21 	 138.7 	 	 0.1000 	 5.0226 	 0.2693
[2025/10/16 10:14:47] - ==> Building model..
[2025/10/16 10:15:39] - Test Loss 	 Test Acc 	 PGD Loss 	 PGD Acc
[2025/10/16 10:15:39] - 3.5384 	 	 0.4310 	 3.8521 	 0.2133
[2025/10/16 10:18:03] - 22 	 139.0 	 	 0.1000 	 5.0197 	 0.2713
[2025/10/16 10:18:03] - ==> Building model..
[2025/10/16 10:18:55] - Test Loss 	 Test Acc 	 PGD Loss 	 PGD Acc
[2025/10/16 10:18:55] - 3.5208 	 	 0.4334 	 3.8395 	 0.2156
[2025/10/16 10:21:19] - 23 	 138.8 	 	 0.1000 	 5.0178 	 0.2739
[2025/10/16 10:21:19] - ==> Building model..
[2025/10/16 10:22:11] - Test Loss 	 Test Acc 	 PGD Loss 	 PGD Acc
[2025/10/16 10:22:11] - 3.5057 	 	 0.4356 	 3.8291 	 0.2175
[2025/10/16 10:24:35] - 24 	 138.7 	 	 0.1000 	 5.0156 	 0.2760
[2025/10/16 10:24:35] - ==> Building model..
[2025/10/16 10:25:27] - Test Loss 	 Test Acc 	 PGD Loss 	 PGD Acc
[2025/10/16 10:25:27] - 3.4950 	 	 0.4395 	 3.8225 	 0.2194
[2025/10/16 10:27:51] - 25 	 139.0 	 	 0.1000 	 5.0139 	 0.2780
[2025/10/16 10:27:51] - ==> Building model..
[2025/10/16 10:28:43] - Test Loss 	 Test Acc 	 PGD Loss 	 PGD Acc
[2025/10/16 10:28:43] - 3.4841 	 	 0.4410 	 3.8144 	 0.2202
[2025/10/16 10:31:07] - 26 	 138.7 	 	 0.1000 	 5.0119 	 0.2813
[2025/10/16 10:31:07] - ==> Building model..
[2025/10/16 10:31:59] - Test Loss 	 Test Acc 	 PGD Loss 	 PGD Acc
[2025/10/16 10:31:59] - 3.4729 	 	 0.4414 	 3.8066 	 0.2210
[2025/10/16 10:34:23] - 27 	 138.8 	 	 0.1000 	 5.0106 	 0.2829
[2025/10/16 10:34:23] - ==> Building model..
[2025/10/16 10:35:15] - Test Loss 	 Test Acc 	 PGD Loss 	 PGD Acc
[2025/10/16 10:35:15] - 3.4624 	 	 0.4437 	 3.7993 	 0.2214
[2025/10/16 10:37:39] - 28 	 138.8 	 	 0.1000 	 5.0078 	 0.2849
[2025/10/16 10:37:39] - ==> Building model..
[2025/10/16 10:38:32] - Test Loss 	 Test Acc 	 PGD Loss 	 PGD Acc
[2025/10/16 10:38:32] - 3.4547 	 	 0.4458 	 3.7945 	 0.2218
[2025/10/16 10:40:55] - 29 	 138.8 	 	 0.1000 	 5.0069 	 0.2842
[2025/10/16 10:40:55] - ==> Building model..
[2025/10/16 10:41:47] - Test Loss 	 Test Acc 	 PGD Loss 	 PGD Acc
[2025/10/16 10:41:47] - 3.4454 	 	 0.4476 	 3.7888 	 0.2222
[2025/10/16 10:44:11] - 30 	 138.6 	 	 0.1000 	 5.0061 	 0.2889
[2025/10/16 10:44:11] - ==> Building model..
[2025/10/16 10:45:03] - Test Loss 	 Test Acc 	 PGD Loss 	 PGD Acc
[2025/10/16 10:45:03] - 3.4376 	 	 0.4480 	 3.7844 	 0.2237
[2025/10/16 10:47:27] - 31 	 138.7 	 	 0.1000 	 5.0048 	 0.2869
[2025/10/16 10:47:27] - ==> Building model..
[2025/10/16 10:48:19] - Test Loss 	 Test Acc 	 PGD Loss 	 PGD Acc
[2025/10/16 10:48:19] - 3.4324 	 	 0.4500 	 3.7810 	 0.2230
[2025/10/16 10:50:42] - 32 	 138.8 	 	 0.1000 	 5.0031 	 0.2874
[2025/10/16 10:50:42] - ==> Building model..
[2025/10/16 10:51:35] - Test Loss 	 Test Acc 	 PGD Loss 	 PGD Acc
[2025/10/16 10:51:35] - 3.4261 	 	 0.4512 	 3.7771 	 0.2232
[2025/10/16 10:53:58] - 33 	 138.6 	 	 0.1000 	 5.0018 	 0.2914
[2025/10/16 10:53:58] - ==> Building model..
[2025/10/16 10:54:50] - Test Loss 	 Test Acc 	 PGD Loss 	 PGD Acc
[2025/10/16 10:54:50] - 3.4196 	 	 0.4531 	 3.7728 	 0.2238
[2025/10/16 10:57:13] - 34 	 138.3 	 	 0.1000 	 5.0000 	 0.2917
[2025/10/16 10:57:13] - ==> Building model..
[2025/10/16 10:58:05] - Test Loss 	 Test Acc 	 PGD Loss 	 PGD Acc
[2025/10/16 10:58:05] - 3.4136 	 	 0.4554 	 3.7694 	 0.2243
[2025/10/16 11:00:28] - 35 	 138.4 	 	 0.1000 	 4.9990 	 0.2946
[2025/10/16 11:00:28] - ==> Building model..
[2025/10/16 11:01:20] - Test Loss 	 Test Acc 	 PGD Loss 	 PGD Acc
[2025/10/16 11:01:20] - 3.4073 	 	 0.4580 	 3.7649 	 0.2261
[2025/10/16 11:03:43] - 36 	 138.1 	 	 0.1000 	 4.9991 	 0.2938
[2025/10/16 11:03:43] - ==> Building model..
[2025/10/16 11:04:35] - Test Loss 	 Test Acc 	 PGD Loss 	 PGD Acc
[2025/10/16 11:04:35] - 3.4037 	 	 0.4580 	 3.7628 	 0.2249
[2025/10/16 11:06:58] - 37 	 138.0 	 	 0.1000 	 4.9968 	 0.2949
[2025/10/16 11:06:58] - ==> Building model..
[2025/10/16 11:07:50] - Test Loss 	 Test Acc 	 PGD Loss 	 PGD Acc
[2025/10/16 11:07:50] - 3.3997 	 	 0.4592 	 3.7611 	 0.2238
[2025/10/16 11:10:12] - 38 	 137.7 	 	 0.1000 	 4.9971 	 0.2949
[2025/10/16 11:10:12] - ==> Building model..
[2025/10/16 11:11:04] - Test Loss 	 Test Acc 	 PGD Loss 	 PGD Acc
[2025/10/16 11:11:04] - 3.3955 	 	 0.4599 	 3.7585 	 0.2249
[2025/10/16 11:13:27] - 39 	 138.0 	 	 0.1000 	 4.9957 	 0.2963
[2025/10/16 11:13:27] - ==> Building model..
[2025/10/16 11:14:19] - Test Loss 	 Test Acc 	 PGD Loss 	 PGD Acc
[2025/10/16 11:14:19] - 3.3911 	 	 0.4604 	 3.7562 	 0.2255
[2025/10/16 11:16:42] - 40 	 138.3 	 	 0.1000 	 4.9948 	 0.2956
[2025/10/16 11:16:42] - ==> Building model..
[2025/10/16 11:17:34] - Test Loss 	 Test Acc 	 PGD Loss 	 PGD Acc
[2025/10/16 11:17:34] - 3.3863 	 	 0.4632 	 3.7532 	 0.2268
[2025/10/16 11:19:58] - 41 	 138.7 	 	 0.1000 	 4.9938 	 0.2980
[2025/10/16 11:19:58] - ==> Building model..
[2025/10/16 11:20:50] - Test Loss 	 Test Acc 	 PGD Loss 	 PGD Acc
[2025/10/16 11:20:50] - 3.3839 	 	 0.4635 	 3.7511 	 0.2275
[2025/10/16 11:23:13] - 42 	 138.3 	 	 0.1000 	 4.9936 	 0.2998
[2025/10/16 11:23:13] - ==> Building model..
[2025/10/16 11:24:05] - Test Loss 	 Test Acc 	 PGD Loss 	 PGD Acc
[2025/10/16 11:24:05] - 3.3809 	 	 0.4634 	 3.7489 	 0.2272
[2025/10/16 11:26:28] - 43 	 138.5 	 	 0.1000 	 4.9924 	 0.3016
[2025/10/16 11:26:28] - ==> Building model..
[2025/10/16 11:27:21] - Test Loss 	 Test Acc 	 PGD Loss 	 PGD Acc
[2025/10/16 11:27:21] - 3.3795 	 	 0.4642 	 3.7483 	 0.2276
[2025/10/16 11:29:44] - 44 	 138.6 	 	 0.1000 	 4.9924 	 0.3025
[2025/10/16 11:29:44] - ==> Building model..
[2025/10/16 11:30:37] - Test Loss 	 Test Acc 	 PGD Loss 	 PGD Acc
[2025/10/16 11:30:37] - 3.3780 	 	 0.4655 	 3.7482 	 0.2279
[2025/10/16 11:33:00] - 45 	 138.7 	 	 0.1000 	 4.9912 	 0.3040
[2025/10/16 11:33:00] - ==> Building model..
[2025/10/16 11:33:53] - Test Loss 	 Test Acc 	 PGD Loss 	 PGD Acc
[2025/10/16 11:33:53] - 3.3767 	 	 0.4668 	 3.7475 	 0.2285
[2025/10/16 11:36:16] - 46 	 138.5 	 	 0.1000 	 4.9907 	 0.3044
[2025/10/16 11:36:16] - ==> Building model..
[2025/10/16 11:37:08] - Test Loss 	 Test Acc 	 PGD Loss 	 PGD Acc
[2025/10/16 11:37:08] - 3.3755 	 	 0.4665 	 3.7465 	 0.2292
[2025/10/16 11:39:31] - 47 	 138.4 	 	 0.1000 	 4.9910 	 0.3043
[2025/10/16 11:39:31] - ==> Building model..
[2025/10/16 11:40:24] - Test Loss 	 Test Acc 	 PGD Loss 	 PGD Acc
[2025/10/16 11:40:24] - 3.3751 	 	 0.4664 	 3.7466 	 0.2299
[2025/10/16 11:42:47] - 48 	 138.3 	 	 0.1000 	 4.9906 	 0.3043
[2025/10/16 11:42:47] - ==> Building model..
[2025/10/16 11:43:39] - Test Loss 	 Test Acc 	 PGD Loss 	 PGD Acc
[2025/10/16 11:43:39] - 3.3749 	 	 0.4652 	 3.7468 	 0.2298
[2025/10/16 11:46:02] - 49 	 138.7 	 	 0.1000 	 4.9902 	 0.3044
[2025/10/16 11:46:02] - ==> Building model..
[2025/10/16 11:46:55] - Test Loss 	 Test Acc 	 PGD Loss 	 PGD Acc
[2025/10/16 11:46:55] - 3.3757 	 	 0.4679 	 3.7469 	 0.2299
[2025/10/16 11:49:18] - 50 	 138.6 	 	 0.1000 	 4.9901 	 0.3055
[2025/10/16 11:49:18] - ==> Building model..
[2025/10/16 11:50:11] - Test Loss 	 Test Acc 	 PGD Loss 	 PGD Acc
[2025/10/16 11:50:11] - 3.3761 	 	 0.4678 	 3.7480 	 0.2303
[2025/10/16 11:52:34] - 51 	 138.6 	 	 0.1000 	 4.9897 	 0.3059
[2025/10/16 11:52:34] - ==> Building model..
[2025/10/16 11:53:27] - Test Loss 	 Test Acc 	 PGD Loss 	 PGD Acc
[2025/10/16 11:53:27] - 3.3767 	 	 0.4665 	 3.7483 	 0.2304
[2025/10/16 11:55:50] - 52 	 138.3 	 	 0.1000 	 4.9898 	 0.3057
[2025/10/16 11:55:50] - ==> Building model..
[2025/10/16 11:56:42] - Test Loss 	 Test Acc 	 PGD Loss 	 PGD Acc
[2025/10/16 11:56:42] - 3.3763 	 	 0.4666 	 3.7476 	 0.2298
[2025/10/16 11:59:05] - 53 	 138.7 	 	 0.1000 	 4.9891 	 0.3065
[2025/10/16 11:59:05] - ==> Building model..
[2025/10/16 11:59:58] - Test Loss 	 Test Acc 	 PGD Loss 	 PGD Acc
[2025/10/16 11:59:58] - 3.3770 	 	 0.4675 	 3.7483 	 0.2306
[2025/10/16 12:02:21] - 54 	 138.5 	 	 0.1000 	 4.9888 	 0.3081
[2025/10/16 12:02:21] - ==> Building model..
[2025/10/16 12:03:13] - Test Loss 	 Test Acc 	 PGD Loss 	 PGD Acc
[2025/10/16 12:03:13] - 3.3769 	 	 0.4675 	 3.7485 	 0.2319
[2025/10/16 12:05:37] - 55 	 138.7 	 	 0.1000 	 4.9874 	 0.3087
[2025/10/16 12:05:37] - ==> Building model..
[2025/10/16 12:06:30] - Test Loss 	 Test Acc 	 PGD Loss 	 PGD Acc
[2025/10/16 12:06:30] - 3.3763 	 	 0.4675 	 3.7477 	 0.2316
[2025/10/16 12:08:53] - 56 	 138.0 	 	 0.1000 	 4.9877 	 0.3102
[2025/10/16 12:08:53] - ==> Building model..
[2025/10/16 12:09:45] - Test Loss 	 Test Acc 	 PGD Loss 	 PGD Acc
[2025/10/16 12:09:45] - 3.3768 	 	 0.4676 	 3.7487 	 0.2312
[2025/10/16 12:12:08] - 57 	 138.2 	 	 0.1000 	 4.9877 	 0.3071
[2025/10/16 12:12:08] - ==> Building model..
[2025/10/16 12:13:01] - Test Loss 	 Test Acc 	 PGD Loss 	 PGD Acc
[2025/10/16 12:13:01] - 3.3772 	 	 0.4673 	 3.7502 	 0.2324
[2025/10/16 12:15:24] - 58 	 138.4 	 	 0.1000 	 4.9869 	 0.3094
[2025/10/16 12:15:24] - ==> Building model..
[2025/10/16 12:16:17] - Test Loss 	 Test Acc 	 PGD Loss 	 PGD Acc
[2025/10/16 12:16:17] - 3.3771 	 	 0.4668 	 3.7494 	 0.2321
[2025/10/16 12:18:40] - 59 	 138.3 	 	 0.1000 	 4.9867 	 0.3084
[2025/10/16 12:18:40] - ==> Building model..
[2025/10/16 12:19:33] - Test Loss 	 Test Acc 	 PGD Loss 	 PGD Acc
[2025/10/16 12:19:33] - 3.3769 	 	 0.4670 	 3.7496 	 0.2326
[2025/10/16 12:21:56] - 60 	 138.4 	 	 0.1000 	 4.9868 	 0.3081
[2025/10/16 12:21:56] - ==> Building model..
[2025/10/16 12:22:49] - Test Loss 	 Test Acc 	 PGD Loss 	 PGD Acc
[2025/10/16 12:22:49] - 3.3766 	 	 0.4675 	 3.7505 	 0.2326
[2025/10/16 12:25:12] - 61 	 138.4 	 	 0.1000 	 4.9858 	 0.3100
[2025/10/16 12:25:12] - ==> Building model..
[2025/10/16 12:26:05] - Test Loss 	 Test Acc 	 PGD Loss 	 PGD Acc
[2025/10/16 12:26:05] - 3.3753 	 	 0.4678 	 3.7496 	 0.2323
[2025/10/16 12:28:27] - 62 	 138.3 	 	 0.1000 	 4.9857 	 0.3103
[2025/10/16 12:28:27] - ==> Building model..
[2025/10/16 12:29:20] - Test Loss 	 Test Acc 	 PGD Loss 	 PGD Acc
[2025/10/16 12:29:20] - 3.3745 	 	 0.4678 	 3.7493 	 0.2334
[2025/10/16 12:31:43] - 63 	 138.4 	 	 0.1000 	 4.9853 	 0.3108
[2025/10/16 12:31:43] - ==> Building model..
[2025/10/16 12:32:36] - Test Loss 	 Test Acc 	 PGD Loss 	 PGD Acc
[2025/10/16 12:32:36] - 3.3738 	 	 0.4681 	 3.7489 	 0.2336
[2025/10/16 12:34:59] - 64 	 138.3 	 	 0.1000 	 4.9848 	 0.3108
[2025/10/16 12:34:59] - ==> Building model..
[2025/10/16 12:35:52] - Test Loss 	 Test Acc 	 PGD Loss 	 PGD Acc
[2025/10/16 12:35:52] - 3.3724 	 	 0.4684 	 3.7488 	 0.2350
[2025/10/16 12:38:15] - 65 	 138.1 	 	 0.1000 	 4.9839 	 0.3105
[2025/10/16 12:38:15] - ==> Building model..
[2025/10/16 12:39:08] - Test Loss 	 Test Acc 	 PGD Loss 	 PGD Acc
[2025/10/16 12:39:08] - 3.3702 	 	 0.4684 	 3.7471 	 0.2352
[2025/10/16 12:41:30] - 66 	 138.1 	 	 0.1000 	 4.9836 	 0.3116
[2025/10/16 12:41:30] - ==> Building model..
[2025/10/16 12:42:23] - Test Loss 	 Test Acc 	 PGD Loss 	 PGD Acc
[2025/10/16 12:42:23] - 3.3700 	 	 0.4687 	 3.7474 	 0.2358
[2025/10/16 12:44:46] - 67 	 138.0 	 	 0.1000 	 4.9838 	 0.3136
[2025/10/16 12:44:46] - ==> Building model..
[2025/10/16 12:45:38] - Test Loss 	 Test Acc 	 PGD Loss 	 PGD Acc
[2025/10/16 12:45:38] - 3.3689 	 	 0.4692 	 3.7467 	 0.2351
[2025/10/16 12:48:01] - 68 	 138.2 	 	 0.1000 	 4.9833 	 0.3124
[2025/10/16 12:48:01] - ==> Building model..
[2025/10/16 12:48:54] - Test Loss 	 Test Acc 	 PGD Loss 	 PGD Acc
[2025/10/16 12:48:54] - 3.3684 	 	 0.4687 	 3.7460 	 0.2363
[2025/10/16 12:51:17] - 69 	 138.4 	 	 0.1000 	 4.9839 	 0.3110
[2025/10/16 12:51:17] - ==> Building model..
[2025/10/16 12:52:10] - Test Loss 	 Test Acc 	 PGD Loss 	 PGD Acc
[2025/10/16 12:52:10] - 3.3667 	 	 0.4680 	 3.7452 	 0.2367
[2025/10/16 12:54:32] - 70 	 137.9 	 	 0.1000 	 4.9832 	 0.3144
[2025/10/16 12:54:32] - ==> Building model..
[2025/10/16 12:55:25] - Test Loss 	 Test Acc 	 PGD Loss 	 PGD Acc
[2025/10/16 12:55:25] - 3.3661 	 	 0.4682 	 3.7448 	 0.2368
[2025/10/16 12:57:47] - 71 	 137.6 	 	 0.1000 	 4.9828 	 0.3117
[2025/10/16 12:57:47] - ==> Building model..
[2025/10/16 12:58:39] - Test Loss 	 Test Acc 	 PGD Loss 	 PGD Acc
[2025/10/16 12:58:39] - 3.3641 	 	 0.4696 	 3.7431 	 0.2359
[2025/10/16 13:01:01] - 72 	 137.3 	 	 0.1000 	 4.9821 	 0.3130
[2025/10/16 13:01:01] - ==> Building model..
[2025/10/16 13:01:53] - Test Loss 	 Test Acc 	 PGD Loss 	 PGD Acc
[2025/10/16 13:01:53] - 3.3631 	 	 0.4705 	 3.7433 	 0.2367
[2025/10/16 13:04:15] - 73 	 137.4 	 	 0.1000 	 4.9823 	 0.3129
[2025/10/16 13:04:15] - ==> Building model..
[2025/10/16 13:05:07] - Test Loss 	 Test Acc 	 PGD Loss 	 PGD Acc
[2025/10/16 13:05:07] - 3.3633 	 	 0.4710 	 3.7440 	 0.2368
[2025/10/16 13:07:29] - 74 	 137.4 	 	 0.1000 	 4.9819 	 0.3156
[2025/10/16 13:07:29] - ==> Building model..
[2025/10/16 13:08:22] - Test Loss 	 Test Acc 	 PGD Loss 	 PGD Acc
[2025/10/16 13:08:22] - 3.3634 	 	 0.4713 	 3.7446 	 0.2361
[2025/10/16 13:10:45] - 75 	 138.1 	 	 0.1000 	 4.9809 	 0.3145
[2025/10/16 13:10:45] - ==> Building model..
[2025/10/16 13:11:37] - Test Loss 	 Test Acc 	 PGD Loss 	 PGD Acc
[2025/10/16 13:11:37] - 3.3636 	 	 0.4730 	 3.7452 	 0.2366
[2025/10/16 13:14:00] - 76 	 137.7 	 	 0.1000 	 4.9808 	 0.3156
[2025/10/16 13:14:00] - ==> Building model..
[2025/10/16 13:14:52] - Test Loss 	 Test Acc 	 PGD Loss 	 PGD Acc
[2025/10/16 13:14:52] - 3.3637 	 	 0.4738 	 3.7458 	 0.2365
[2025/10/16 13:17:14] - 77 	 137.4 	 	 0.1000 	 4.9802 	 0.3158
[2025/10/16 13:17:14] - ==> Building model..
[2025/10/16 13:18:06] - Test Loss 	 Test Acc 	 PGD Loss 	 PGD Acc
[2025/10/16 13:18:06] - 3.3649 	 	 0.4730 	 3.7469 	 0.2373
[2025/10/16 13:20:28] - 78 	 137.2 	 	 0.1000 	 4.9811 	 0.3144
[2025/10/16 13:20:28] - ==> Building model..
[2025/10/16 13:21:21] - Test Loss 	 Test Acc 	 PGD Loss 	 PGD Acc
[2025/10/16 13:21:21] - 3.3666 	 	 0.4730 	 3.7487 	 0.2374
[2025/10/16 13:23:43] - 79 	 137.3 	 	 0.1000 	 4.9808 	 0.3147
[2025/10/16 13:23:43] - ==> Building model..
[2025/10/16 13:24:35] - Test Loss 	 Test Acc 	 PGD Loss 	 PGD Acc
[2025/10/16 13:24:35] - 3.3700 	 	 0.4731 	 3.7526 	 0.2369
[2025/10/16 13:26:57] - 80 	 137.3 	 	 0.1000 	 4.9800 	 0.3157
[2025/10/16 13:26:57] - ==> Building model..
[2025/10/16 13:27:48] - Test Loss 	 Test Acc 	 PGD Loss 	 PGD Acc
[2025/10/16 13:27:48] - 3.3730 	 	 0.4729 	 3.7560 	 0.2368
[2025/10/16 13:30:10] - 81 	 137.7 	 	 0.1000 	 4.9795 	 0.3163
[2025/10/16 13:30:10] - ==> Building model..
[2025/10/16 13:31:03] - Test Loss 	 Test Acc 	 PGD Loss 	 PGD Acc
[2025/10/16 13:31:03] - 3.3764 	 	 0.4726 	 3.7595 	 0.2376
[2025/10/16 13:33:25] - 82 	 137.3 	 	 0.1000 	 4.9796 	 0.3161
[2025/10/16 13:33:25] - ==> Building model..
[2025/10/16 13:34:17] - Test Loss 	 Test Acc 	 PGD Loss 	 PGD Acc
[2025/10/16 13:34:17] - 3.3794 	 	 0.4720 	 3.7632 	 0.2378
[2025/10/16 13:36:39] - 83 	 137.6 	 	 0.1000 	 4.9803 	 0.3161
[2025/10/16 13:36:39] - ==> Building model..
[2025/10/16 13:37:32] - Test Loss 	 Test Acc 	 PGD Loss 	 PGD Acc
[2025/10/16 13:37:32] - 3.3832 	 	 0.4733 	 3.7668 	 0.2383
[2025/10/16 13:39:55] - 84 	 138.3 	 	 0.1000 	 4.9797 	 0.3154
[2025/10/16 13:39:55] - ==> Building model..
[2025/10/16 13:40:48] - Test Loss 	 Test Acc 	 PGD Loss 	 PGD Acc
[2025/10/16 13:40:48] - 3.3846 	 	 0.4747 	 3.7693 	 0.2389
[2025/10/16 13:43:11] - 85 	 138.5 	 	 0.1000 	 4.9796 	 0.3173
[2025/10/16 13:43:11] - ==> Building model..
[2025/10/16 13:44:04] - Test Loss 	 Test Acc 	 PGD Loss 	 PGD Acc
[2025/10/16 13:44:04] - 3.3861 	 	 0.4756 	 3.7711 	 0.2384
[2025/10/16 13:46:26] - 86 	 138.0 	 	 0.1000 	 4.9795 	 0.3174
[2025/10/16 13:46:26] - ==> Building model..
[2025/10/16 13:47:18] - Test Loss 	 Test Acc 	 PGD Loss 	 PGD Acc
[2025/10/16 13:47:18] - 3.3856 	 	 0.4762 	 3.7721 	 0.2378
[2025/10/16 13:49:41] - 87 	 137.9 	 	 0.1000 	 4.9790 	 0.3158
[2025/10/16 13:49:41] - ==> Building model..
[2025/10/16 13:50:33] - Test Loss 	 Test Acc 	 PGD Loss 	 PGD Acc
[2025/10/16 13:50:33] - 3.3846 	 	 0.4762 	 3.7718 	 0.2376
[2025/10/16 13:52:56] - 88 	 138.7 	 	 0.1000 	 4.9793 	 0.3169
[2025/10/16 13:52:56] - ==> Building model..
[2025/10/16 13:53:48] - Test Loss 	 Test Acc 	 PGD Loss 	 PGD Acc
[2025/10/16 13:53:48] - 3.3818 	 	 0.4775 	 3.7708 	 0.2382
[2025/10/16 13:56:10] - 89 	 137.5 	 	 0.1000 	 4.9786 	 0.3185
[2025/10/16 13:56:10] - ==> Building model..
[2025/10/16 13:57:03] - Test Loss 	 Test Acc 	 PGD Loss 	 PGD Acc
[2025/10/16 13:57:03] - 3.3792 	 	 0.4783 	 3.7689 	 0.2383
[2025/10/16 13:59:26] - 90 	 138.1 	 	 0.1000 	 4.9781 	 0.3195
[2025/10/16 13:59:26] - ==> Building model..
[2025/10/16 14:00:18] - Test Loss 	 Test Acc 	 PGD Loss 	 PGD Acc
[2025/10/16 14:00:18] - 3.3764 	 	 0.4784 	 3.7672 	 0.2377
[2025/10/16 14:02:40] - 91 	 137.5 	 	 0.1000 	 4.9784 	 0.3174
[2025/10/16 14:02:40] - ==> Building model..
[2025/10/16 14:03:32] - Test Loss 	 Test Acc 	 PGD Loss 	 PGD Acc
[2025/10/16 14:03:32] - 3.3724 	 	 0.4791 	 3.7639 	 0.2381
[2025/10/16 14:05:55] - 92 	 137.8 	 	 0.1000 	 4.9792 	 0.3180
[2025/10/16 14:05:55] - ==> Building model..
[2025/10/16 14:06:47] - Test Loss 	 Test Acc 	 PGD Loss 	 PGD Acc
[2025/10/16 14:06:47] - 3.3689 	 	 0.4798 	 3.7610 	 0.2382
[2025/10/16 14:09:09] - 93 	 137.9 	 	 0.1000 	 4.9778 	 0.3191
[2025/10/16 14:09:09] - ==> Building model..
[2025/10/16 14:10:01] - Test Loss 	 Test Acc 	 PGD Loss 	 PGD Acc
[2025/10/16 14:10:01] - 3.3649 	 	 0.4807 	 3.7578 	 0.2383
[2025/10/16 14:12:23] - 94 	 137.7 	 	 0.1000 	 4.9795 	 0.3167
[2025/10/16 14:12:23] - ==> Building model..
[2025/10/16 14:13:15] - Test Loss 	 Test Acc 	 PGD Loss 	 PGD Acc
[2025/10/16 14:13:15] - 3.3617 	 	 0.4803 	 3.7554 	 0.2387
[2025/10/16 14:15:37] - 95 	 137.7 	 	 0.1000 	 4.9788 	 0.3181
[2025/10/16 14:15:37] - ==> Building model..
[2025/10/16 14:16:30] - Test Loss 	 Test Acc 	 PGD Loss 	 PGD Acc
[2025/10/16 14:16:30] - 3.3579 	 	 0.4818 	 3.7523 	 0.2384
[2025/10/16 14:18:51] - 96 	 137.5 	 	 0.1000 	 4.9781 	 0.3182
[2025/10/16 14:18:51] - ==> Building model..
[2025/10/16 14:19:44] - Test Loss 	 Test Acc 	 PGD Loss 	 PGD Acc
[2025/10/16 14:19:44] - 3.3526 	 	 0.4816 	 3.7481 	 0.2387
[2025/10/16 14:22:06] - 97 	 137.6 	 	 0.1000 	 4.9792 	 0.3175
[2025/10/16 14:22:06] - ==> Building model..
[2025/10/16 14:22:58] - Test Loss 	 Test Acc 	 PGD Loss 	 PGD Acc
[2025/10/16 14:22:58] - 3.3488 	 	 0.4810 	 3.7448 	 0.2401
[2025/10/16 14:25:20] - 98 	 137.5 	 	 0.1000 	 4.9780 	 0.3186
[2025/10/16 14:25:20] - ==> Building model..
[2025/10/16 14:26:12] - Test Loss 	 Test Acc 	 PGD Loss 	 PGD Acc
[2025/10/16 14:26:12] - 3.3463 	 	 0.4808 	 3.7425 	 0.2402
[2025/10/16 14:28:33] - 99 	 136.8 	 	 0.0100 	 4.8792 	 0.4450
[2025/10/16 14:28:33] - ==> Building model..
[2025/10/16 14:29:26] - Test Loss 	 Test Acc 	 PGD Loss 	 PGD Acc
[2025/10/16 14:29:26] - 3.3461 	 	 0.4807 	 3.7426 	 0.2402
[2025/10/16 14:31:47] - 100 	 136.8 	 	 0.0100 	 4.8103 	 0.5382
[2025/10/16 14:31:47] - ==> Building model..
[2025/10/16 14:32:39] - Test Loss 	 Test Acc 	 PGD Loss 	 PGD Acc
[2025/10/16 14:32:39] - 3.3461 	 	 0.4807 	 3.7424 	 0.2399
[2025/10/16 14:35:01] - 101 	 137.1 	 	 0.0100 	 4.7837 	 0.5799
[2025/10/16 14:35:01] - ==> Building model..
[2025/10/16 14:35:53] - Test Loss 	 Test Acc 	 PGD Loss 	 PGD Acc
[2025/10/16 14:35:53] - 3.3461 	 	 0.4807 	 3.7427 	 0.2405
[2025/10/16 14:38:15] - 102 	 137.1 	 	 0.0100 	 4.7618 	 0.6130
[2025/10/16 14:38:15] - ==> Building model..
[2025/10/16 14:39:07] - Test Loss 	 Test Acc 	 PGD Loss 	 PGD Acc
[2025/10/16 14:39:07] - 3.3461 	 	 0.4807 	 3.7430 	 0.2409
[2025/10/16 14:41:29] - 103 	 137.0 	 	 0.0100 	 4.7433 	 0.6459
[2025/10/16 14:41:29] - ==> Building model..
[2025/10/16 14:42:21] - Test Loss 	 Test Acc 	 PGD Loss 	 PGD Acc
[2025/10/16 14:42:21] - 3.3461 	 	 0.4807 	 3.7420 	 0.2393
[2025/10/16 14:44:42] - 104 	 136.8 	 	 0.0010 	 4.6959 	 0.7236
[2025/10/16 14:44:42] - ==> Building model..
[2025/10/16 14:45:34] - Test Loss 	 Test Acc 	 PGD Loss 	 PGD Acc
[2025/10/16 14:45:34] - 3.3461 	 	 0.4807 	 3.7424 	 0.2396
[2025/10/16 14:47:55] - 105 	 136.3 	 	 0.0010 	 4.6743 	 0.7569
[2025/10/16 14:47:55] - ==> Building model..
[2025/10/16 14:48:47] - Test Loss 	 Test Acc 	 PGD Loss 	 PGD Acc
[2025/10/16 14:48:47] - 3.3461 	 	 0.4807 	 3.7427 	 0.2403
[2025/10/16 14:51:08] - 106 	 136.8 	 	 0.0010 	 4.6680 	 0.7665
[2025/10/16 14:51:08] - ==> Building model..
[2025/10/16 14:52:01] - Test Loss 	 Test Acc 	 PGD Loss 	 PGD Acc
[2025/10/16 14:52:01] - 3.3461 	 	 0.4807 	 3.7423 	 0.2405
[2025/10/16 14:54:22] - 107 	 136.9 	 	 0.0010 	 4.6628 	 0.7761
[2025/10/16 14:54:22] - ==> Building model..
[2025/10/16 14:55:15] - Test Loss 	 Test Acc 	 PGD Loss 	 PGD Acc
[2025/10/16 14:55:15] - 3.3461 	 	 0.4807 	 3.7430 	 0.2404
[2025/10/16 14:57:36] - 108 	 136.8 	 	 0.0010 	 4.6583 	 0.7843
[2025/10/16 14:57:36] - ==> Building model..
[2025/10/16 14:58:29] - Test Loss 	 Test Acc 	 PGD Loss 	 PGD Acc
[2025/10/16 14:58:29] - 3.3461 	 	 0.4807 	 3.7428 	 0.2402
[2025/10/16 15:00:50] - 109 	 136.9 	 	 0.0010 	 4.6537 	 0.7918
[2025/10/16 15:00:50] - ==> Building model..
[2025/10/16 15:01:42] - Test Loss 	 Test Acc 	 PGD Loss 	 PGD Acc
[2025/10/16 15:01:42] - 3.3461 	 	 0.4807 	 3.7427 	 0.2407
[2025/10/16 15:01:42] - [0.0867, 0.1489, 0.1917, 0.2166, 0.2413, 0.2544, 0.2743, 0.3036, 0.3296, 0.3537, 0.3713, 0.3801, 0.3887, 0.3934, 0.4012, 0.4073, 0.4131, 0.4182, 0.4214, 0.4235, 0.4284, 0.431, 0.4334, 0.4356, 0.4395, 0.441, 0.4414, 0.4437, 0.4458, 0.4476, 0.448, 0.45, 0.4512, 0.4531, 0.4554, 0.458, 0.458, 0.4592, 0.4599, 0.4604, 0.4632, 0.4635, 0.4634, 0.4642, 0.4655, 0.4668, 0.4665, 0.4664, 0.4652, 0.4679, 0.4678, 0.4665, 0.4666, 0.4675, 0.4675, 0.4675, 0.4676, 0.4673, 0.4668, 0.467, 0.4675, 0.4678, 0.4678, 0.4681, 0.4684, 0.4684, 0.4687, 0.4692, 0.4687, 0.468, 0.4682, 0.4696, 0.4705, 0.471, 0.4713, 0.473, 0.4738, 0.473, 0.473, 0.4731, 0.4729, 0.4726, 0.472, 0.4733, 0.4747, 0.4756, 0.4762, 0.4762, 0.4775, 0.4783, 0.4784, 0.4791, 0.4798, 0.4807, 0.4803, 0.4818, 0.4816, 0.481, 0.4808, 0.4807, 0.4807, 0.4807, 0.4807, 0.4807, 0.4807, 0.4807, 0.4807, 0.4807, 0.4807, 0.4807]
[2025/10/16 15:01:42] - [0.0503, 0.0771, 0.1008, 0.1124, 0.1209, 0.1295, 0.1382, 0.1536, 0.1685, 0.1782, 0.1837, 0.1898, 0.1967, 0.1977, 0.2006, 0.2057, 0.2083, 0.2092, 0.2097, 0.2101, 0.2122, 0.2133, 0.2156, 0.2175, 0.2194, 0.2202, 0.221, 0.2214, 0.2218, 0.2222, 0.2237, 0.223, 0.2232, 0.2238, 0.2243, 0.2261, 0.2249, 0.2238, 0.2249, 0.2255, 0.2268, 0.2275, 0.2272, 0.2276, 0.2279, 0.2285, 0.2292, 0.2299, 0.2298, 0.2299, 0.2303, 0.2304, 0.2298, 0.2306, 0.2319, 0.2316, 0.2312, 0.2324, 0.2321, 0.2326, 0.2326, 0.2323, 0.2334, 0.2336, 0.235, 0.2352, 0.2358, 0.2351, 0.2363, 0.2367, 0.2368, 0.2359, 0.2367, 0.2368, 0.2361, 0.2366, 0.2365, 0.2373, 0.2374, 0.2369, 0.2368, 0.2376, 0.2378, 0.2383, 0.2389, 0.2384, 0.2378, 0.2376, 0.2382, 0.2383, 0.2377, 0.2381, 0.2382, 0.2383, 0.2387, 0.2384, 0.2387, 0.2401, 0.2402, 0.2402, 0.2399, 0.2405, 0.2409, 0.2393, 0.2396, 0.2403, 0.2405, 0.2404, 0.2402, 0.2407]
