[2025/10/16 01:54:47] - Namespace(batch_size=128, data_dir='cifar-data', epochs=100, lr_schedule='multistep', lr_min=0.0, lr_max=0.2, weight_decay=0.0005, momentum=0.9, model='ResNet18', epsilon=8, alpha=8, delta_init='random', normal_mean=0, normal_std=1, out_dir='./output/CIFAR100/lamda_38_lamscale_0.08_run3', seed=0, lamda=38.0, lam_scale=0.08, lam_start=50, gamma=0.05, inner_gamma=0.05, beta=0.2, mu=3.5, batch_m=0.75, early_stop=False, factor=0.5, length=4, n_holes=1, c_num=0.125, EMA_value=0.55)
[2025/10/16 01:54:48] - ==> Building model..
[2025/10/16 01:54:48] - Epoch 	 Seconds 	 LR 	 	 Train Loss 	 Train Acc
[2025/10/16 01:55:29] - 0 	 21.3 	 	 0.2000 	 4.5768 	 0.0370
[2025/10/16 01:55:29] - ==> Building model..
[2025/10/16 01:55:49] - Test Loss 	 Test Acc 	 PGD Loss 	 PGD Acc
[2025/10/16 01:55:49] - 4.2872 	 	 0.0695 	 4.2972 	 0.0482
[2025/10/16 01:56:27] - 1 	 19.2 	 	 0.2000 	 4.4640 	 0.0744
[2025/10/16 01:56:27] - ==> Building model..
[2025/10/16 01:56:48] - Test Loss 	 Test Acc 	 PGD Loss 	 PGD Acc
[2025/10/16 01:56:48] - 4.0520 	 	 0.1386 	 4.0787 	 0.0883
[2025/10/16 01:57:29] - 2 	 21.3 	 	 0.2000 	 4.4119 	 0.1011
[2025/10/16 01:57:29] - ==> Building model..
[2025/10/16 01:57:49] - Test Loss 	 Test Acc 	 PGD Loss 	 PGD Acc
[2025/10/16 01:57:49] - 4.0393 	 	 0.1614 	 4.0728 	 0.1007
[2025/10/16 01:58:29] - 3 	 20.1 	 	 0.2000 	 4.3652 	 0.1227
[2025/10/16 01:58:29] - ==> Building model..
[2025/10/16 01:58:50] - Test Loss 	 Test Acc 	 PGD Loss 	 PGD Acc
[2025/10/16 01:58:50] - 3.8019 	 	 0.2163 	 3.8619 	 0.1320
[2025/10/16 01:59:30] - 4 	 20.2 	 	 0.2000 	 4.3210 	 0.1478
[2025/10/16 01:59:30] - ==> Building model..
[2025/10/16 01:59:50] - Test Loss 	 Test Acc 	 PGD Loss 	 PGD Acc
[2025/10/16 01:59:50] - 3.6554 	 	 0.2566 	 3.7390 	 0.1535
[2025/10/16 02:00:30] - 5 	 19.9 	 	 0.2000 	 4.2826 	 0.1661
[2025/10/16 02:00:30] - ==> Building model..
[2025/10/16 02:00:49] - Test Loss 	 Test Acc 	 PGD Loss 	 PGD Acc
[2025/10/16 02:00:49] - 3.4804 	 	 0.2895 	 3.5889 	 0.1714
[2025/10/16 02:01:30] - 6 	 20.5 	 	 0.2000 	 4.2497 	 0.1849
[2025/10/16 02:01:30] - ==> Building model..
[2025/10/16 02:01:47] - Test Loss 	 Test Acc 	 PGD Loss 	 PGD Acc
[2025/10/16 02:01:47] - 3.2584 	 	 0.3363 	 3.4014 	 0.1907
[2025/10/16 02:02:27] - 7 	 20.7 	 	 0.2000 	 4.2267 	 0.1971
[2025/10/16 02:02:27] - ==> Building model..
[2025/10/16 02:02:48] - Test Loss 	 Test Acc 	 PGD Loss 	 PGD Acc
[2025/10/16 02:02:48] - 3.1210 	 	 0.3681 	 3.2895 	 0.2048
[2025/10/16 02:03:29] - 8 	 20.4 	 	 0.2000 	 4.2080 	 0.2061
[2025/10/16 02:03:29] - ==> Building model..
[2025/10/16 02:03:49] - Test Loss 	 Test Acc 	 PGD Loss 	 PGD Acc
[2025/10/16 02:03:49] - 3.0072 	 	 0.3933 	 3.1980 	 0.2146
[2025/10/16 02:04:30] - 9 	 20.3 	 	 0.2000 	 4.1914 	 0.2172
[2025/10/16 02:04:30] - ==> Building model..
[2025/10/16 02:04:50] - Test Loss 	 Test Acc 	 PGD Loss 	 PGD Acc
[2025/10/16 02:04:50] - 2.9436 	 	 0.4085 	 3.1487 	 0.2232
[2025/10/16 02:05:28] - 10 	 18.4 	 	 0.2000 	 4.1790 	 0.2234
[2025/10/16 02:05:28] - ==> Building model..
[2025/10/16 02:05:47] - Test Loss 	 Test Acc 	 PGD Loss 	 PGD Acc
[2025/10/16 02:05:47] - 2.8802 	 	 0.4236 	 3.0999 	 0.2291
[2025/10/16 02:06:26] - 11 	 19.2 	 	 0.2000 	 4.1701 	 0.2285
[2025/10/16 02:06:26] - ==> Building model..
[2025/10/16 02:06:46] - Test Loss 	 Test Acc 	 PGD Loss 	 PGD Acc
[2025/10/16 02:06:46] - 2.8270 	 	 0.4367 	 3.0594 	 0.2339
[2025/10/16 02:07:26] - 12 	 20.8 	 	 0.2000 	 4.1617 	 0.2325
[2025/10/16 02:07:26] - ==> Building model..
[2025/10/16 02:07:46] - Test Loss 	 Test Acc 	 PGD Loss 	 PGD Acc
[2025/10/16 02:07:46] - 2.7956 	 	 0.4452 	 3.0352 	 0.2410
[2025/10/16 02:08:27] - 13 	 20.9 	 	 0.2000 	 4.1570 	 0.2354
[2025/10/16 02:08:27] - ==> Building model..
[2025/10/16 02:08:47] - Test Loss 	 Test Acc 	 PGD Loss 	 PGD Acc
[2025/10/16 02:08:47] - 2.7685 	 	 0.4516 	 3.0150 	 0.2464
[2025/10/16 02:09:26] - 14 	 19.3 	 	 0.2000 	 4.1514 	 0.2392
[2025/10/16 02:09:26] - ==> Building model..
[2025/10/16 02:09:46] - Test Loss 	 Test Acc 	 PGD Loss 	 PGD Acc
[2025/10/16 02:09:46] - 2.7460 	 	 0.4578 	 2.9985 	 0.2478
[2025/10/16 02:10:28] - 15 	 19.9 	 	 0.2000 	 4.1427 	 0.2438
[2025/10/16 02:10:28] - ==> Building model..
[2025/10/16 02:10:48] - Test Loss 	 Test Acc 	 PGD Loss 	 PGD Acc
[2025/10/16 02:10:48] - 2.7210 	 	 0.4640 	 2.9800 	 0.2503
[2025/10/16 02:11:29] - 16 	 19.8 	 	 0.2000 	 4.1386 	 0.2464
[2025/10/16 02:11:29] - ==> Building model..
[2025/10/16 02:11:51] - Test Loss 	 Test Acc 	 PGD Loss 	 PGD Acc
[2025/10/16 02:11:51] - 2.7040 	 	 0.4673 	 2.9656 	 0.2519
[2025/10/16 02:12:32] - 17 	 20.3 	 	 0.2000 	 4.1369 	 0.2471
[2025/10/16 02:12:32] - ==> Building model..
[2025/10/16 02:12:53] - Test Loss 	 Test Acc 	 PGD Loss 	 PGD Acc
[2025/10/16 02:12:53] - 2.6921 	 	 0.4710 	 2.9587 	 0.2545
[2025/10/16 02:13:35] - 18 	 20.7 	 	 0.2000 	 4.1311 	 0.2501
[2025/10/16 02:13:35] - ==> Building model..
[2025/10/16 02:13:56] - Test Loss 	 Test Acc 	 PGD Loss 	 PGD Acc
[2025/10/16 02:13:56] - 2.6798 	 	 0.4743 	 2.9499 	 0.2570
[2025/10/16 02:14:42] - 19 	 21.9 	 	 0.2000 	 4.1270 	 0.2527
[2025/10/16 02:14:42] - ==> Building model..
[2025/10/16 02:15:03] - Test Loss 	 Test Acc 	 PGD Loss 	 PGD Acc
[2025/10/16 02:15:03] - 2.6644 	 	 0.4766 	 2.9375 	 0.2583
[2025/10/16 02:15:45] - 20 	 20.1 	 	 0.2000 	 4.1260 	 0.2553
[2025/10/16 02:15:45] - ==> Building model..
[2025/10/16 02:16:06] - Test Loss 	 Test Acc 	 PGD Loss 	 PGD Acc
[2025/10/16 02:16:06] - 2.6529 	 	 0.4809 	 2.9298 	 0.2604
[2025/10/16 02:16:50] - 21 	 21.0 	 	 0.2000 	 4.1220 	 0.2561
[2025/10/16 02:16:50] - ==> Building model..
[2025/10/16 02:17:12] - Test Loss 	 Test Acc 	 PGD Loss 	 PGD Acc
[2025/10/16 02:17:12] - 2.6449 	 	 0.4824 	 2.9234 	 0.2603
[2025/10/16 02:17:55] - 22 	 20.6 	 	 0.2000 	 4.1214 	 0.2571
[2025/10/16 02:17:55] - ==> Building model..
[2025/10/16 02:18:15] - Test Loss 	 Test Acc 	 PGD Loss 	 PGD Acc
[2025/10/16 02:18:15] - 2.6350 	 	 0.4865 	 2.9161 	 0.2628
[2025/10/16 02:18:57] - 23 	 19.8 	 	 0.2000 	 4.1187 	 0.2580
[2025/10/16 02:18:57] - ==> Building model..
[2025/10/16 02:19:18] - Test Loss 	 Test Acc 	 PGD Loss 	 PGD Acc
[2025/10/16 02:19:18] - 2.6270 	 	 0.4882 	 2.9101 	 0.2627
[2025/10/16 02:20:03] - 24 	 21.7 	 	 0.2000 	 4.1157 	 0.2594
[2025/10/16 02:20:03] - ==> Building model..
[2025/10/16 02:20:24] - Test Loss 	 Test Acc 	 PGD Loss 	 PGD Acc
[2025/10/16 02:20:24] - 2.6224 	 	 0.4906 	 2.9081 	 0.2641
[2025/10/16 02:21:07] - 25 	 21.4 	 	 0.2000 	 4.1131 	 0.2646
[2025/10/16 02:21:07] - ==> Building model..
[2025/10/16 02:21:29] - Test Loss 	 Test Acc 	 PGD Loss 	 PGD Acc
[2025/10/16 02:21:29] - 2.6171 	 	 0.4939 	 2.9039 	 0.2641
[2025/10/16 02:22:11] - 26 	 19.9 	 	 0.2000 	 4.1101 	 0.2621
[2025/10/16 02:22:11] - ==> Building model..
[2025/10/16 02:22:33] - Test Loss 	 Test Acc 	 PGD Loss 	 PGD Acc
[2025/10/16 02:22:33] - 2.6110 	 	 0.4936 	 2.8995 	 0.2653
[2025/10/16 02:23:16] - 27 	 21.3 	 	 0.2000 	 4.1097 	 0.2648
[2025/10/16 02:23:16] - ==> Building model..
[2025/10/16 02:23:37] - Test Loss 	 Test Acc 	 PGD Loss 	 PGD Acc
[2025/10/16 02:23:37] - 2.6052 	 	 0.4957 	 2.8945 	 0.2670
[2025/10/16 02:24:21] - 28 	 20.9 	 	 0.2000 	 4.1080 	 0.2657
[2025/10/16 02:24:21] - ==> Building model..
[2025/10/16 02:24:42] - Test Loss 	 Test Acc 	 PGD Loss 	 PGD Acc
[2025/10/16 02:24:42] - 2.6009 	 	 0.4967 	 2.8914 	 0.2681
[2025/10/16 02:25:25] - 29 	 20.6 	 	 0.2000 	 4.1068 	 0.2658
[2025/10/16 02:25:25] - ==> Building model..
[2025/10/16 02:25:46] - Test Loss 	 Test Acc 	 PGD Loss 	 PGD Acc
[2025/10/16 02:25:46] - 2.5978 	 	 0.4965 	 2.8898 	 0.2684
[2025/10/16 02:26:29] - 30 	 20.8 	 	 0.2000 	 4.1061 	 0.2645
[2025/10/16 02:26:29] - ==> Building model..
[2025/10/16 02:26:48] - Test Loss 	 Test Acc 	 PGD Loss 	 PGD Acc
[2025/10/16 02:26:48] - 2.5950 	 	 0.4981 	 2.8869 	 0.2692
[2025/10/16 02:27:32] - 31 	 20.8 	 	 0.2000 	 4.1040 	 0.2678
[2025/10/16 02:27:32] - ==> Building model..
[2025/10/16 02:27:52] - Test Loss 	 Test Acc 	 PGD Loss 	 PGD Acc
[2025/10/16 02:27:52] - 2.5894 	 	 0.5010 	 2.8837 	 0.2711
[2025/10/16 02:28:35] - 32 	 20.7 	 	 0.2000 	 4.1033 	 0.2669
[2025/10/16 02:28:35] - ==> Building model..
[2025/10/16 02:28:56] - Test Loss 	 Test Acc 	 PGD Loss 	 PGD Acc
[2025/10/16 02:28:56] - 2.5877 	 	 0.5033 	 2.8826 	 0.2707
[2025/10/16 02:29:39] - 33 	 20.6 	 	 0.2000 	 4.1025 	 0.2680
[2025/10/16 02:29:39] - ==> Building model..
[2025/10/16 02:30:00] - Test Loss 	 Test Acc 	 PGD Loss 	 PGD Acc
[2025/10/16 02:30:00] - 2.5853 	 	 0.5024 	 2.8805 	 0.2713
[2025/10/16 02:30:42] - 34 	 20.1 	 	 0.2000 	 4.1025 	 0.2663
[2025/10/16 02:30:42] - ==> Building model..
[2025/10/16 02:31:02] - Test Loss 	 Test Acc 	 PGD Loss 	 PGD Acc
[2025/10/16 02:31:02] - 2.5858 	 	 0.5030 	 2.8820 	 0.2714
[2025/10/16 02:31:41] - 35 	 18.3 	 	 0.2000 	 4.0979 	 0.2712
[2025/10/16 02:31:41] - ==> Building model..
[2025/10/16 02:32:01] - Test Loss 	 Test Acc 	 PGD Loss 	 PGD Acc
[2025/10/16 02:32:01] - 2.5844 	 	 0.5035 	 2.8822 	 0.2702
[2025/10/16 02:32:42] - 36 	 20.9 	 	 0.2000 	 4.0985 	 0.2695
[2025/10/16 02:32:42] - ==> Building model..
[2025/10/16 02:33:04] - Test Loss 	 Test Acc 	 PGD Loss 	 PGD Acc
[2025/10/16 02:33:04] - 2.5804 	 	 0.5053 	 2.8788 	 0.2724
[2025/10/16 02:33:46] - 37 	 21.6 	 	 0.2000 	 4.0981 	 0.2700
[2025/10/16 02:33:46] - ==> Building model..
[2025/10/16 02:34:08] - Test Loss 	 Test Acc 	 PGD Loss 	 PGD Acc
[2025/10/16 02:34:08] - 2.5738 	 	 0.5056 	 2.8731 	 0.2732
[2025/10/16 02:34:46] - 38 	 18.2 	 	 0.2000 	 4.0959 	 0.2719
[2025/10/16 02:34:46] - ==> Building model..
[2025/10/16 02:35:03] - Test Loss 	 Test Acc 	 PGD Loss 	 PGD Acc
[2025/10/16 02:35:03] - 2.5674 	 	 0.5070 	 2.8680 	 0.2745
[2025/10/16 02:35:44] - 39 	 19.8 	 	 0.2000 	 4.0968 	 0.2703
[2025/10/16 02:35:44] - ==> Building model..
[2025/10/16 02:36:04] - Test Loss 	 Test Acc 	 PGD Loss 	 PGD Acc
[2025/10/16 02:36:04] - 2.5641 	 	 0.5072 	 2.8645 	 0.2728
[2025/10/16 02:36:44] - 40 	 20.9 	 	 0.2000 	 4.0962 	 0.2717
[2025/10/16 02:36:44] - ==> Building model..
[2025/10/16 02:37:05] - Test Loss 	 Test Acc 	 PGD Loss 	 PGD Acc
[2025/10/16 02:37:05] - 2.5638 	 	 0.5070 	 2.8642 	 0.2745
[2025/10/16 02:37:45] - 41 	 20.2 	 	 0.2000 	 4.0964 	 0.2738
[2025/10/16 02:37:45] - ==> Building model..
[2025/10/16 02:38:06] - Test Loss 	 Test Acc 	 PGD Loss 	 PGD Acc
[2025/10/16 02:38:06] - 2.5627 	 	 0.5080 	 2.8636 	 0.2754
[2025/10/16 02:38:47] - 42 	 21.1 	 	 0.2000 	 4.0958 	 0.2708
[2025/10/16 02:38:47] - ==> Building model..
[2025/10/16 02:39:09] - Test Loss 	 Test Acc 	 PGD Loss 	 PGD Acc
[2025/10/16 02:39:09] - 2.5605 	 	 0.5098 	 2.8621 	 0.2752
[2025/10/16 02:39:47] - 43 	 19.6 	 	 0.2000 	 4.0951 	 0.2719
[2025/10/16 02:39:47] - ==> Building model..
[2025/10/16 02:40:02] - Test Loss 	 Test Acc 	 PGD Loss 	 PGD Acc
[2025/10/16 02:40:02] - 2.5606 	 	 0.5109 	 2.8626 	 0.2758
[2025/10/16 02:40:42] - 44 	 21.0 	 	 0.2000 	 4.0941 	 0.2747
[2025/10/16 02:40:42] - ==> Building model..
[2025/10/16 02:41:02] - Test Loss 	 Test Acc 	 PGD Loss 	 PGD Acc
[2025/10/16 02:41:02] - 2.5569 	 	 0.5120 	 2.8599 	 0.2755
[2025/10/16 02:41:42] - 45 	 20.8 	 	 0.2000 	 4.0919 	 0.2729
[2025/10/16 02:41:42] - ==> Building model..
[2025/10/16 02:42:03] - Test Loss 	 Test Acc 	 PGD Loss 	 PGD Acc
[2025/10/16 02:42:03] - 2.5551 	 	 0.5116 	 2.8576 	 0.2771
[2025/10/16 02:42:42] - 46 	 20.7 	 	 0.2000 	 4.0903 	 0.2753
[2025/10/16 02:42:42] - ==> Building model..
[2025/10/16 02:43:04] - Test Loss 	 Test Acc 	 PGD Loss 	 PGD Acc
[2025/10/16 02:43:04] - 2.5531 	 	 0.5099 	 2.8558 	 0.2775
[2025/10/16 02:43:42] - 47 	 19.4 	 	 0.2000 	 4.0915 	 0.2730
[2025/10/16 02:43:42] - ==> Building model..
[2025/10/16 02:44:03] - Test Loss 	 Test Acc 	 PGD Loss 	 PGD Acc
[2025/10/16 02:44:03] - 2.5512 	 	 0.5122 	 2.8553 	 0.2794
[2025/10/16 02:44:40] - 48 	 17.4 	 	 0.2000 	 4.0895 	 0.2763
[2025/10/16 02:44:40] - ==> Building model..
[2025/10/16 02:44:59] - Test Loss 	 Test Acc 	 PGD Loss 	 PGD Acc
[2025/10/16 02:44:59] - 2.5516 	 	 0.5125 	 2.8559 	 0.2797
[2025/10/16 02:45:38] - 49 	 20.2 	 	 0.2000 	 4.0897 	 0.2761
[2025/10/16 02:45:38] - ==> Building model..
[2025/10/16 02:45:53] - Test Loss 	 Test Acc 	 PGD Loss 	 PGD Acc
[2025/10/16 02:45:53] - 2.5542 	 	 0.5118 	 2.8580 	 0.2800
[2025/10/16 02:46:32] - 50 	 19.7 	 	 0.2000 	 4.0883 	 0.2758
[2025/10/16 02:46:32] - ==> Building model..
[2025/10/16 02:46:53] - Test Loss 	 Test Acc 	 PGD Loss 	 PGD Acc
[2025/10/16 02:46:53] - 2.5536 	 	 0.5122 	 2.8574 	 0.2805
[2025/10/16 02:47:33] - 51 	 20.8 	 	 0.2000 	 4.0908 	 0.2730
[2025/10/16 02:47:33] - ==> Building model..
[2025/10/16 02:47:55] - Test Loss 	 Test Acc 	 PGD Loss 	 PGD Acc
[2025/10/16 02:47:55] - 2.5547 	 	 0.5122 	 2.8576 	 0.2793
[2025/10/16 02:48:36] - 52 	 20.0 	 	 0.2000 	 4.0903 	 0.2752
[2025/10/16 02:48:36] - ==> Building model..
[2025/10/16 02:48:57] - Test Loss 	 Test Acc 	 PGD Loss 	 PGD Acc
[2025/10/16 02:48:57] - 2.5540 	 	 0.5119 	 2.8582 	 0.2788
[2025/10/16 02:49:38] - 53 	 21.1 	 	 0.2000 	 4.0893 	 0.2761
[2025/10/16 02:49:38] - ==> Building model..
[2025/10/16 02:49:59] - Test Loss 	 Test Acc 	 PGD Loss 	 PGD Acc
[2025/10/16 02:49:59] - 2.5529 	 	 0.5137 	 2.8567 	 0.2784
[2025/10/16 02:50:39] - 54 	 20.2 	 	 0.2000 	 4.0912 	 0.2751
[2025/10/16 02:50:39] - ==> Building model..
[2025/10/16 02:50:59] - Test Loss 	 Test Acc 	 PGD Loss 	 PGD Acc
[2025/10/16 02:50:59] - 2.5507 	 	 0.5136 	 2.8542 	 0.2791
[2025/10/16 02:51:41] - 55 	 21.2 	 	 0.2000 	 4.0907 	 0.2774
[2025/10/16 02:51:41] - ==> Building model..
[2025/10/16 02:52:01] - Test Loss 	 Test Acc 	 PGD Loss 	 PGD Acc
[2025/10/16 02:52:01] - 2.5511 	 	 0.5152 	 2.8544 	 0.2791
[2025/10/16 02:52:40] - 56 	 21.0 	 	 0.2000 	 4.0908 	 0.2753
[2025/10/16 02:52:40] - ==> Building model..
[2025/10/16 02:53:02] - Test Loss 	 Test Acc 	 PGD Loss 	 PGD Acc
[2025/10/16 02:53:02] - 2.5542 	 	 0.5156 	 2.8572 	 0.2789
[2025/10/16 02:53:41] - 57 	 20.7 	 	 0.2000 	 4.0911 	 0.2769
[2025/10/16 02:53:41] - ==> Building model..
[2025/10/16 02:54:02] - Test Loss 	 Test Acc 	 PGD Loss 	 PGD Acc
[2025/10/16 02:54:02] - 2.5560 	 	 0.5145 	 2.8584 	 0.2806
[2025/10/16 02:54:42] - 58 	 20.7 	 	 0.2000 	 4.0907 	 0.2778
[2025/10/16 02:54:42] - ==> Building model..
[2025/10/16 02:55:02] - Test Loss 	 Test Acc 	 PGD Loss 	 PGD Acc
[2025/10/16 02:55:02] - 2.5603 	 	 0.5141 	 2.8615 	 0.2795
[2025/10/16 02:55:42] - 59 	 20.9 	 	 0.2000 	 4.0923 	 0.2770
[2025/10/16 02:55:42] - ==> Building model..
[2025/10/16 02:56:05] - Test Loss 	 Test Acc 	 PGD Loss 	 PGD Acc
[2025/10/16 02:56:05] - 2.5656 	 	 0.5136 	 2.8645 	 0.2790
[2025/10/16 02:56:45] - 60 	 20.8 	 	 0.2000 	 4.0909 	 0.2791
[2025/10/16 02:56:45] - ==> Building model..
[2025/10/16 02:57:04] - Test Loss 	 Test Acc 	 PGD Loss 	 PGD Acc
[2025/10/16 02:57:04] - 2.5704 	 	 0.5125 	 2.8687 	 0.2785
[2025/10/16 02:57:44] - 61 	 20.8 	 	 0.2000 	 4.0924 	 0.2752
[2025/10/16 02:57:44] - ==> Building model..
[2025/10/16 02:58:04] - Test Loss 	 Test Acc 	 PGD Loss 	 PGD Acc
[2025/10/16 02:58:04] - 2.5744 	 	 0.5131 	 2.8710 	 0.2779
[2025/10/16 02:58:44] - 62 	 20.5 	 	 0.2000 	 4.0926 	 0.2792
[2025/10/16 02:58:44] - ==> Building model..
[2025/10/16 02:59:03] - Test Loss 	 Test Acc 	 PGD Loss 	 PGD Acc
[2025/10/16 02:59:03] - 2.5771 	 	 0.5133 	 2.8730 	 0.2784
[2025/10/16 02:59:43] - 63 	 20.8 	 	 0.2000 	 4.0939 	 0.2773
[2025/10/16 02:59:43] - ==> Building model..
[2025/10/16 03:00:04] - Test Loss 	 Test Acc 	 PGD Loss 	 PGD Acc
[2025/10/16 03:00:04] - 2.5792 	 	 0.5130 	 2.8742 	 0.2785
[2025/10/16 03:00:44] - 64 	 21.0 	 	 0.2000 	 4.0923 	 0.2792
[2025/10/16 03:00:44] - ==> Building model..
[2025/10/16 03:01:05] - Test Loss 	 Test Acc 	 PGD Loss 	 PGD Acc
[2025/10/16 03:01:05] - 2.5816 	 	 0.5122 	 2.8758 	 0.2792
[2025/10/16 03:01:45] - 65 	 20.8 	 	 0.2000 	 4.0930 	 0.2776
[2025/10/16 03:01:45] - ==> Building model..
[2025/10/16 03:02:07] - Test Loss 	 Test Acc 	 PGD Loss 	 PGD Acc
[2025/10/16 03:02:07] - 2.5850 	 	 0.5122 	 2.8786 	 0.2783
[2025/10/16 03:02:48] - 66 	 21.0 	 	 0.2000 	 4.0929 	 0.2765
[2025/10/16 03:02:48] - ==> Building model..
[2025/10/16 03:03:09] - Test Loss 	 Test Acc 	 PGD Loss 	 PGD Acc
[2025/10/16 03:03:09] - 2.5885 	 	 0.5123 	 2.8808 	 0.2788
[2025/10/16 03:03:48] - 67 	 20.7 	 	 0.2000 	 4.0928 	 0.2781
[2025/10/16 03:03:48] - ==> Building model..
[2025/10/16 03:04:09] - Test Loss 	 Test Acc 	 PGD Loss 	 PGD Acc
[2025/10/16 03:04:09] - 2.5918 	 	 0.5103 	 2.8833 	 0.2784
[2025/10/16 03:04:49] - 68 	 20.6 	 	 0.2000 	 4.0932 	 0.2788
[2025/10/16 03:04:49] - ==> Building model..
[2025/10/16 03:05:10] - Test Loss 	 Test Acc 	 PGD Loss 	 PGD Acc
[2025/10/16 03:05:10] - 2.5931 	 	 0.5107 	 2.8836 	 0.2799
[2025/10/16 03:05:48] - 69 	 19.3 	 	 0.2000 	 4.0941 	 0.2773
[2025/10/16 03:05:48] - ==> Building model..
[2025/10/16 03:06:09] - Test Loss 	 Test Acc 	 PGD Loss 	 PGD Acc
[2025/10/16 03:06:09] - 2.5972 	 	 0.5108 	 2.8874 	 0.2797
[2025/10/16 03:06:49] - 70 	 20.9 	 	 0.2000 	 4.0940 	 0.2770
[2025/10/16 03:06:49] - ==> Building model..
[2025/10/16 03:07:10] - Test Loss 	 Test Acc 	 PGD Loss 	 PGD Acc
[2025/10/16 03:07:10] - 2.5995 	 	 0.5104 	 2.8892 	 0.2795
[2025/10/16 03:07:48] - 71 	 18.9 	 	 0.2000 	 4.0937 	 0.2777
[2025/10/16 03:07:48] - ==> Building model..
[2025/10/16 03:08:08] - Test Loss 	 Test Acc 	 PGD Loss 	 PGD Acc
[2025/10/16 03:08:08] - 2.6006 	 	 0.5115 	 2.8901 	 0.2794
[2025/10/16 03:08:48] - 72 	 20.6 	 	 0.2000 	 4.0934 	 0.2739
[2025/10/16 03:08:48] - ==> Building model..
[2025/10/16 03:09:07] - Test Loss 	 Test Acc 	 PGD Loss 	 PGD Acc
[2025/10/16 03:09:07] - 2.6013 	 	 0.5119 	 2.8910 	 0.2798
[2025/10/16 03:09:47] - 73 	 20.9 	 	 0.2000 	 4.0918 	 0.2780
[2025/10/16 03:09:47] - ==> Building model..
[2025/10/16 03:10:09] - Test Loss 	 Test Acc 	 PGD Loss 	 PGD Acc
[2025/10/16 03:10:09] - 2.6014 	 	 0.5128 	 2.8905 	 0.2787
[2025/10/16 03:10:48] - 74 	 21.0 	 	 0.2000 	 4.0943 	 0.2766
[2025/10/16 03:10:48] - ==> Building model..
[2025/10/16 03:11:10] - Test Loss 	 Test Acc 	 PGD Loss 	 PGD Acc
[2025/10/16 03:11:10] - 2.6026 	 	 0.5119 	 2.8911 	 0.2783
[2025/10/16 03:11:51] - 75 	 20.7 	 	 0.2000 	 4.0922 	 0.2768
[2025/10/16 03:11:51] - ==> Building model..
[2025/10/16 03:12:10] - Test Loss 	 Test Acc 	 PGD Loss 	 PGD Acc
[2025/10/16 03:12:10] - 2.6021 	 	 0.5131 	 2.8908 	 0.2790
[2025/10/16 03:12:50] - 76 	 19.8 	 	 0.2000 	 4.0928 	 0.2795
[2025/10/16 03:12:50] - ==> Building model..
[2025/10/16 03:13:10] - Test Loss 	 Test Acc 	 PGD Loss 	 PGD Acc
[2025/10/16 03:13:10] - 2.6025 	 	 0.5134 	 2.8917 	 0.2779
[2025/10/16 03:13:51] - 77 	 21.2 	 	 0.2000 	 4.0928 	 0.2780
[2025/10/16 03:13:51] - ==> Building model..
[2025/10/16 03:14:12] - Test Loss 	 Test Acc 	 PGD Loss 	 PGD Acc
[2025/10/16 03:14:12] - 2.6024 	 	 0.5130 	 2.8915 	 0.2798
[2025/10/16 03:14:53] - 78 	 20.3 	 	 0.2000 	 4.0926 	 0.2773
[2025/10/16 03:14:53] - ==> Building model..
[2025/10/16 03:15:13] - Test Loss 	 Test Acc 	 PGD Loss 	 PGD Acc
[2025/10/16 03:15:13] - 2.6018 	 	 0.5145 	 2.8914 	 0.2810
[2025/10/16 03:15:53] - 79 	 20.1 	 	 0.2000 	 4.0922 	 0.2779
[2025/10/16 03:15:53] - ==> Building model..
[2025/10/16 03:16:14] - Test Loss 	 Test Acc 	 PGD Loss 	 PGD Acc
[2025/10/16 03:16:14] - 2.6024 	 	 0.5143 	 2.8924 	 0.2808
[2025/10/16 03:16:54] - 80 	 20.8 	 	 0.2000 	 4.0914 	 0.2784
[2025/10/16 03:16:54] - ==> Building model..
[2025/10/16 03:17:16] - Test Loss 	 Test Acc 	 PGD Loss 	 PGD Acc
[2025/10/16 03:17:16] - 2.6031 	 	 0.5144 	 2.8929 	 0.2818
[2025/10/16 03:17:56] - 81 	 21.1 	 	 0.2000 	 4.0917 	 0.2781
[2025/10/16 03:17:56] - ==> Building model..
[2025/10/16 03:18:17] - Test Loss 	 Test Acc 	 PGD Loss 	 PGD Acc
[2025/10/16 03:18:17] - 2.6036 	 	 0.5139 	 2.8931 	 0.2808
[2025/10/16 03:18:57] - 82 	 20.7 	 	 0.2000 	 4.0937 	 0.2799
[2025/10/16 03:18:57] - ==> Building model..
[2025/10/16 03:19:19] - Test Loss 	 Test Acc 	 PGD Loss 	 PGD Acc
[2025/10/16 03:19:19] - 2.6042 	 	 0.5141 	 2.8938 	 0.2809
[2025/10/16 03:19:59] - 83 	 21.3 	 	 0.2000 	 4.0898 	 0.2804
[2025/10/16 03:19:59] - ==> Building model..
[2025/10/16 03:20:21] - Test Loss 	 Test Acc 	 PGD Loss 	 PGD Acc
[2025/10/16 03:20:21] - 2.6047 	 	 0.5155 	 2.8940 	 0.2815
[2025/10/16 03:21:02] - 84 	 21.2 	 	 0.2000 	 4.0925 	 0.2775
[2025/10/16 03:21:02] - ==> Building model..
[2025/10/16 03:21:22] - Test Loss 	 Test Acc 	 PGD Loss 	 PGD Acc
[2025/10/16 03:21:22] - 2.6033 	 	 0.5167 	 2.8929 	 0.2823
[2025/10/16 03:22:05] - 85 	 21.5 	 	 0.2000 	 4.0935 	 0.2779
[2025/10/16 03:22:05] - ==> Building model..
[2025/10/16 03:22:26] - Test Loss 	 Test Acc 	 PGD Loss 	 PGD Acc
[2025/10/16 03:22:26] - 2.6053 	 	 0.5157 	 2.8943 	 0.2827
[2025/10/16 03:23:05] - 86 	 19.8 	 	 0.2000 	 4.0914 	 0.2807
[2025/10/16 03:23:05] - ==> Building model..
[2025/10/16 03:23:25] - Test Loss 	 Test Acc 	 PGD Loss 	 PGD Acc
[2025/10/16 03:23:25] - 2.6062 	 	 0.5169 	 2.8947 	 0.2830
[2025/10/16 03:24:05] - 87 	 20.3 	 	 0.2000 	 4.0913 	 0.2786
[2025/10/16 03:24:05] - ==> Building model..
[2025/10/16 03:24:26] - Test Loss 	 Test Acc 	 PGD Loss 	 PGD Acc
[2025/10/16 03:24:26] - 2.6061 	 	 0.5171 	 2.8948 	 0.2832
[2025/10/16 03:25:05] - 88 	 20.5 	 	 0.2000 	 4.0934 	 0.2787
[2025/10/16 03:25:05] - ==> Building model..
[2025/10/16 03:25:26] - Test Loss 	 Test Acc 	 PGD Loss 	 PGD Acc
[2025/10/16 03:25:26] - 2.6060 	 	 0.5175 	 2.8944 	 0.2831
[2025/10/16 03:26:05] - 89 	 19.4 	 	 0.2000 	 4.0928 	 0.2801
[2025/10/16 03:26:05] - ==> Building model..
[2025/10/16 03:26:25] - Test Loss 	 Test Acc 	 PGD Loss 	 PGD Acc
[2025/10/16 03:26:25] - 2.6073 	 	 0.5186 	 2.8957 	 0.2823
[2025/10/16 03:27:05] - 90 	 18.8 	 	 0.0200 	 3.9965 	 0.3398
[2025/10/16 03:27:05] - ==> Building model..
[2025/10/16 03:27:25] - Test Loss 	 Test Acc 	 PGD Loss 	 PGD Acc
[2025/10/16 03:27:25] - 2.6039 	 	 0.5192 	 2.8929 	 0.2828
[2025/10/16 03:28:06] - 91 	 19.2 	 	 0.0200 	 3.9035 	 0.4011
[2025/10/16 03:28:06] - ==> Building model..
[2025/10/16 03:28:26] - Test Loss 	 Test Acc 	 PGD Loss 	 PGD Acc
[2025/10/16 03:28:26] - 2.6027 	 	 0.5194 	 2.8924 	 0.2834
[2025/10/16 03:29:05] - 92 	 18.7 	 	 0.0200 	 3.8772 	 0.4193
[2025/10/16 03:29:05] - ==> Building model..
[2025/10/16 03:29:26] - Test Loss 	 Test Acc 	 PGD Loss 	 PGD Acc
[2025/10/16 03:29:26] - 2.6024 	 	 0.5200 	 2.8925 	 0.2834
[2025/10/16 03:30:06] - 93 	 19.2 	 	 0.0200 	 3.8611 	 0.4293
[2025/10/16 03:30:06] - ==> Building model..
[2025/10/16 03:30:27] - Test Loss 	 Test Acc 	 PGD Loss 	 PGD Acc
[2025/10/16 03:30:27] - 2.6030 	 	 0.5201 	 2.8933 	 0.2831
[2025/10/16 03:31:08] - 94 	 19.6 	 	 0.0200 	 3.8450 	 0.4429
[2025/10/16 03:31:08] - ==> Building model..
[2025/10/16 03:31:28] - Test Loss 	 Test Acc 	 PGD Loss 	 PGD Acc
[2025/10/16 03:31:28] - 2.6045 	 	 0.5200 	 2.8942 	 0.2832
[2025/10/16 03:32:07] - 95 	 20.4 	 	 0.0200 	 3.8330 	 0.4500
[2025/10/16 03:32:07] - ==> Building model..
[2025/10/16 03:32:29] - Test Loss 	 Test Acc 	 PGD Loss 	 PGD Acc
[2025/10/16 03:32:29] - 2.6093 	 	 0.5200 	 2.8987 	 0.2841
[2025/10/16 03:33:09] - 96 	 20.5 	 	 0.0200 	 3.8222 	 0.4576
[2025/10/16 03:33:09] - ==> Building model..
[2025/10/16 03:33:29] - Test Loss 	 Test Acc 	 PGD Loss 	 PGD Acc
[2025/10/16 03:33:29] - 2.6107 	 	 0.5199 	 2.8995 	 0.2836
[2025/10/16 03:34:08] - 97 	 20.0 	 	 0.0200 	 3.8138 	 0.4639
[2025/10/16 03:34:08] - ==> Building model..
[2025/10/16 03:34:28] - Test Loss 	 Test Acc 	 PGD Loss 	 PGD Acc
[2025/10/16 03:34:28] - 2.6142 	 	 0.5198 	 2.9025 	 0.2839
[2025/10/16 03:35:05] - 98 	 18.1 	 	 0.0200 	 3.8060 	 0.4713
[2025/10/16 03:35:05] - ==> Building model..
[2025/10/16 03:35:24] - Test Loss 	 Test Acc 	 PGD Loss 	 PGD Acc
[2025/10/16 03:35:24] - 2.6164 	 	 0.5194 	 2.9042 	 0.2841
[2025/10/16 03:36:04] - 99 	 20.4 	 	 0.0200 	 3.7986 	 0.4749
[2025/10/16 03:36:04] - ==> Building model..
[2025/10/16 03:36:25] - Test Loss 	 Test Acc 	 PGD Loss 	 PGD Acc
[2025/10/16 03:36:25] - 2.6211 	 	 0.5192 	 2.9078 	 0.2842
[2025/10/16 03:36:25] - [0.0695, 0.1386, 0.1614, 0.2163, 0.2566, 0.2895, 0.3363, 0.3681, 0.3933, 0.4085, 0.4236, 0.4367, 0.4452, 0.4516, 0.4578, 0.464, 0.4673, 0.471, 0.4743, 0.4766, 0.4809, 0.4824, 0.4865, 0.4882, 0.4906, 0.4939, 0.4936, 0.4957, 0.4967, 0.4965, 0.4981, 0.501, 0.5033, 0.5024, 0.503, 0.5035, 0.5053, 0.5056, 0.507, 0.5072, 0.507, 0.508, 0.5098, 0.5109, 0.512, 0.5116, 0.5099, 0.5122, 0.5125, 0.5118, 0.5122, 0.5122, 0.5119, 0.5137, 0.5136, 0.5152, 0.5156, 0.5145, 0.5141, 0.5136, 0.5125, 0.5131, 0.5133, 0.513, 0.5122, 0.5122, 0.5123, 0.5103, 0.5107, 0.5108, 0.5104, 0.5115, 0.5119, 0.5128, 0.5119, 0.5131, 0.5134, 0.513, 0.5145, 0.5143, 0.5144, 0.5139, 0.5141, 0.5155, 0.5167, 0.5157, 0.5169, 0.5171, 0.5175, 0.5186, 0.5192, 0.5194, 0.52, 0.5201, 0.52, 0.52, 0.5199, 0.5198, 0.5194, 0.5192]
[2025/10/16 03:36:25] - [0.0482, 0.0883, 0.1007, 0.132, 0.1535, 0.1714, 0.1907, 0.2048, 0.2146, 0.2232, 0.2291, 0.2339, 0.241, 0.2464, 0.2478, 0.2503, 0.2519, 0.2545, 0.257, 0.2583, 0.2604, 0.2603, 0.2628, 0.2627, 0.2641, 0.2641, 0.2653, 0.267, 0.2681, 0.2684, 0.2692, 0.2711, 0.2707, 0.2713, 0.2714, 0.2702, 0.2724, 0.2732, 0.2745, 0.2728, 0.2745, 0.2754, 0.2752, 0.2758, 0.2755, 0.2771, 0.2775, 0.2794, 0.2797, 0.28, 0.2805, 0.2793, 0.2788, 0.2784, 0.2791, 0.2791, 0.2789, 0.2806, 0.2795, 0.279, 0.2785, 0.2779, 0.2784, 0.2785, 0.2792, 0.2783, 0.2788, 0.2784, 0.2799, 0.2797, 0.2795, 0.2794, 0.2798, 0.2787, 0.2783, 0.279, 0.2779, 0.2798, 0.281, 0.2808, 0.2818, 0.2808, 0.2809, 0.2815, 0.2823, 0.2827, 0.283, 0.2832, 0.2831, 0.2823, 0.2828, 0.2834, 0.2834, 0.2831, 0.2832, 0.2841, 0.2836, 0.2839, 0.2841, 0.2842]
