[2025/10/18 23:22:11] - Namespace(batch_size=128, data_dir='cifar-data', epochs=110, lr_schedule='multistep', lr_min=0.0, lr_max=0.2, weight_decay=0.0005, momentum=0.9, model='ResNet18', epsilon=8, alpha=8, delta_init='random', normal_mean=0, normal_std=1, out_dir='runs/beta_0.4/lam_42/lscale_0.12/seed_1', seed=1, lamda=42.0, lam_scale=0.12, lam_start=50, gamma=0.05, inner_gamma=0.05, beta=0.4, mu=3.5, batch_m=0.75, early_stop=False, factor=0.5, length=4, n_holes=1, c_num=0.125, EMA_value=0.55)
[2025/10/18 23:22:13] - ==> Building model..
[2025/10/18 23:22:13] - Epoch 	 Seconds 	 LR 	 	 Train Loss 	 Train Acc
[2025/10/18 23:23:07] - 0 	 27.4 	 	 0.2000 	 4.5691 	 0.0395
[2025/10/18 23:23:07] - ==> Building model..
[2025/10/18 23:23:34] - Test Loss 	 Test Acc 	 PGD Loss 	 PGD Acc
[2025/10/18 23:23:34] - 4.2413 	 	 0.0849 	 4.2536 	 0.0567
[2025/10/18 23:24:24] - 1 	 25.8 	 	 0.2000 	 4.4635 	 0.0753
[2025/10/18 23:24:24] - ==> Building model..
[2025/10/18 23:24:50] - Test Loss 	 Test Acc 	 PGD Loss 	 PGD Acc
[2025/10/18 23:24:50] - 4.0612 	 	 0.1354 	 4.0880 	 0.0889
[2025/10/18 23:25:39] - 2 	 24.8 	 	 0.2000 	 4.4095 	 0.1003
[2025/10/18 23:25:39] - ==> Building model..
[2025/10/18 23:26:04] - Test Loss 	 Test Acc 	 PGD Loss 	 PGD Acc
[2025/10/18 23:26:04] - 3.8959 	 	 0.1772 	 3.9407 	 0.1090
[2025/10/18 23:26:56] - 3 	 26.7 	 	 0.2000 	 4.3611 	 0.1255
[2025/10/18 23:26:56] - ==> Building model..
[2025/10/18 23:27:21] - Test Loss 	 Test Acc 	 PGD Loss 	 PGD Acc
[2025/10/18 23:27:21] - 3.7741 	 	 0.2218 	 3.8382 	 0.1316
[2025/10/18 23:28:12] - 4 	 25.8 	 	 0.2000 	 4.3213 	 0.1469
[2025/10/18 23:28:12] - ==> Building model..
[2025/10/18 23:28:38] - Test Loss 	 Test Acc 	 PGD Loss 	 PGD Acc
[2025/10/18 23:28:38] - 3.6807 	 	 0.2584 	 3.7621 	 0.1513
[2025/10/18 23:29:29] - 5 	 26.1 	 	 0.2000 	 4.2837 	 0.1650
[2025/10/18 23:29:29] - ==> Building model..
[2025/10/18 23:29:55] - Test Loss 	 Test Acc 	 PGD Loss 	 PGD Acc
[2025/10/18 23:29:55] - 3.4762 	 	 0.2966 	 3.5858 	 0.1745
[2025/10/18 23:30:47] - 6 	 26.2 	 	 0.2000 	 4.2519 	 0.1847
[2025/10/18 23:30:47] - ==> Building model..
[2025/10/18 23:31:12] - Test Loss 	 Test Acc 	 PGD Loss 	 PGD Acc
[2025/10/18 23:31:12] - 3.2811 	 	 0.3382 	 3.4215 	 0.1906
[2025/10/18 23:32:03] - 7 	 26.8 	 	 0.2000 	 4.2275 	 0.1962
[2025/10/18 23:32:03] - ==> Building model..
[2025/10/18 23:32:29] - Test Loss 	 Test Acc 	 PGD Loss 	 PGD Acc
[2025/10/18 23:32:29] - 3.1173 	 	 0.3689 	 3.2852 	 0.2013
[2025/10/18 23:33:21] - 8 	 27.1 	 	 0.2000 	 4.2102 	 0.2059
[2025/10/18 23:33:21] - ==> Building model..
[2025/10/18 23:33:46] - Test Loss 	 Test Acc 	 PGD Loss 	 PGD Acc
[2025/10/18 23:33:46] - 3.0202 	 	 0.3888 	 3.2080 	 0.2104
[2025/10/18 23:34:36] - 9 	 25.8 	 	 0.2000 	 4.1942 	 0.2147
[2025/10/18 23:34:36] - ==> Building model..
[2025/10/18 23:35:00] - Test Loss 	 Test Acc 	 PGD Loss 	 PGD Acc
[2025/10/18 23:35:00] - 2.9472 	 	 0.4085 	 3.1527 	 0.2191
[2025/10/18 23:35:51] - 10 	 26.3 	 	 0.2000 	 4.1844 	 0.2200
[2025/10/18 23:35:51] - ==> Building model..
[2025/10/18 23:36:15] - Test Loss 	 Test Acc 	 PGD Loss 	 PGD Acc
[2025/10/18 23:36:15] - 2.8887 	 	 0.4210 	 3.1045 	 0.2233
[2025/10/18 23:37:06] - 11 	 26.8 	 	 0.2000 	 4.1724 	 0.2279
[2025/10/18 23:37:06] - ==> Building model..
[2025/10/18 23:37:30] - Test Loss 	 Test Acc 	 PGD Loss 	 PGD Acc
[2025/10/18 23:37:30] - 2.8510 	 	 0.4300 	 3.0782 	 0.2303
[2025/10/18 23:38:22] - 12 	 27.7 	 	 0.2000 	 4.1649 	 0.2311
[2025/10/18 23:38:22] - ==> Building model..
[2025/10/18 23:38:45] - Test Loss 	 Test Acc 	 PGD Loss 	 PGD Acc
[2025/10/18 23:38:45] - 2.8199 	 	 0.4390 	 3.0540 	 0.2355
[2025/10/18 23:39:37] - 13 	 27.9 	 	 0.2000 	 4.1587 	 0.2354
[2025/10/18 23:39:37] - ==> Building model..
[2025/10/18 23:40:00] - Test Loss 	 Test Acc 	 PGD Loss 	 PGD Acc
[2025/10/18 23:40:00] - 2.7922 	 	 0.4476 	 3.0337 	 0.2400
[2025/10/18 23:40:51] - 14 	 28.2 	 	 0.2000 	 4.1516 	 0.2389
[2025/10/18 23:40:51] - ==> Building model..
[2025/10/18 23:41:14] - Test Loss 	 Test Acc 	 PGD Loss 	 PGD Acc
[2025/10/18 23:41:14] - 2.7614 	 	 0.4547 	 3.0098 	 0.2426
[2025/10/18 23:42:08] - 15 	 28.8 	 	 0.2000 	 4.1473 	 0.2416
[2025/10/18 23:42:08] - ==> Building model..
[2025/10/18 23:42:31] - Test Loss 	 Test Acc 	 PGD Loss 	 PGD Acc
[2025/10/18 23:42:31] - 2.7368 	 	 0.4602 	 2.9924 	 0.2471
[2025/10/18 23:43:22] - 16 	 28.1 	 	 0.2000 	 4.1416 	 0.2464
[2025/10/18 23:43:22] - ==> Building model..
[2025/10/18 23:43:45] - Test Loss 	 Test Acc 	 PGD Loss 	 PGD Acc
[2025/10/18 23:43:45] - 2.7212 	 	 0.4666 	 2.9801 	 0.2493
[2025/10/18 23:44:37] - 17 	 29.0 	 	 0.2000 	 4.1369 	 0.2486
[2025/10/18 23:44:37] - ==> Building model..
[2025/10/18 23:45:01] - Test Loss 	 Test Acc 	 PGD Loss 	 PGD Acc
[2025/10/18 23:45:01] - 2.7061 	 	 0.4693 	 2.9680 	 0.2490
[2025/10/18 23:45:53] - 18 	 29.1 	 	 0.2000 	 4.1358 	 0.2511
[2025/10/18 23:45:53] - ==> Building model..
[2025/10/18 23:46:16] - Test Loss 	 Test Acc 	 PGD Loss 	 PGD Acc
[2025/10/18 23:46:16] - 2.6955 	 	 0.4708 	 2.9612 	 0.2525
[2025/10/18 23:47:07] - 19 	 28.1 	 	 0.2000 	 4.1313 	 0.2527
[2025/10/18 23:47:07] - ==> Building model..
[2025/10/18 23:47:30] - Test Loss 	 Test Acc 	 PGD Loss 	 PGD Acc
[2025/10/18 23:47:30] - 2.6899 	 	 0.4733 	 2.9569 	 0.2527
[2025/10/18 23:48:23] - 20 	 29.3 	 	 0.2000 	 4.1277 	 0.2525
[2025/10/18 23:48:23] - ==> Building model..
[2025/10/18 23:48:46] - Test Loss 	 Test Acc 	 PGD Loss 	 PGD Acc
[2025/10/18 23:48:46] - 2.6799 	 	 0.4777 	 2.9500 	 0.2545
[2025/10/18 23:49:38] - 21 	 29.1 	 	 0.2000 	 4.1259 	 0.2536
[2025/10/18 23:49:38] - ==> Building model..
[2025/10/18 23:50:01] - Test Loss 	 Test Acc 	 PGD Loss 	 PGD Acc
[2025/10/18 23:50:01] - 2.6692 	 	 0.4781 	 2.9423 	 0.2562
[2025/10/18 23:50:53] - 22 	 29.1 	 	 0.2000 	 4.1211 	 0.2583
[2025/10/18 23:50:53] - ==> Building model..
[2025/10/18 23:51:16] - Test Loss 	 Test Acc 	 PGD Loss 	 PGD Acc
[2025/10/18 23:51:16] - 2.6583 	 	 0.4811 	 2.9335 	 0.2554
[2025/10/18 23:52:08] - 23 	 28.4 	 	 0.2000 	 4.1207 	 0.2576
[2025/10/18 23:52:08] - ==> Building model..
[2025/10/18 23:52:30] - Test Loss 	 Test Acc 	 PGD Loss 	 PGD Acc
[2025/10/18 23:52:30] - 2.6492 	 	 0.4833 	 2.9260 	 0.2591
[2025/10/18 23:53:22] - 24 	 28.7 	 	 0.2000 	 4.1181 	 0.2600
[2025/10/18 23:53:22] - ==> Building model..
[2025/10/18 23:53:47] - Test Loss 	 Test Acc 	 PGD Loss 	 PGD Acc
[2025/10/18 23:53:47] - 2.6414 	 	 0.4864 	 2.9212 	 0.2598
[2025/10/18 23:54:39] - 25 	 28.5 	 	 0.2000 	 4.1176 	 0.2600
[2025/10/18 23:54:39] - ==> Building model..
[2025/10/18 23:55:02] - Test Loss 	 Test Acc 	 PGD Loss 	 PGD Acc
[2025/10/18 23:55:02] - 2.6385 	 	 0.4874 	 2.9189 	 0.2611
[2025/10/18 23:55:54] - 26 	 29.2 	 	 0.2000 	 4.1143 	 0.2633
[2025/10/18 23:55:54] - ==> Building model..
[2025/10/18 23:56:18] - Test Loss 	 Test Acc 	 PGD Loss 	 PGD Acc
[2025/10/18 23:56:18] - 2.6349 	 	 0.4897 	 2.9157 	 0.2609
[2025/10/18 23:57:10] - 27 	 28.5 	 	 0.2000 	 4.1116 	 0.2631
[2025/10/18 23:57:10] - ==> Building model..
[2025/10/18 23:57:33] - Test Loss 	 Test Acc 	 PGD Loss 	 PGD Acc
[2025/10/18 23:57:33] - 2.6269 	 	 0.4910 	 2.9105 	 0.2636
[2025/10/18 23:58:25] - 28 	 28.2 	 	 0.2000 	 4.1123 	 0.2630
[2025/10/18 23:58:25] - ==> Building model..
[2025/10/18 23:58:49] - Test Loss 	 Test Acc 	 PGD Loss 	 PGD Acc
[2025/10/18 23:58:49] - 2.6222 	 	 0.4942 	 2.9070 	 0.2650
[2025/10/18 23:59:41] - 29 	 28.4 	 	 0.2000 	 4.1101 	 0.2660
[2025/10/18 23:59:41] - ==> Building model..
[2025/10/19 00:00:04] - Test Loss 	 Test Acc 	 PGD Loss 	 PGD Acc
[2025/10/19 00:00:04] - 2.6184 	 	 0.4942 	 2.9045 	 0.2663
[2025/10/19 00:00:56] - 30 	 27.1 	 	 0.2000 	 4.1088 	 0.2655
[2025/10/19 00:00:56] - ==> Building model..
[2025/10/19 00:01:20] - Test Loss 	 Test Acc 	 PGD Loss 	 PGD Acc
[2025/10/19 00:01:20] - 2.6159 	 	 0.4959 	 2.9022 	 0.2659
[2025/10/19 00:02:11] - 31 	 27.2 	 	 0.2000 	 4.1055 	 0.2673
[2025/10/19 00:02:11] - ==> Building model..
[2025/10/19 00:02:35] - Test Loss 	 Test Acc 	 PGD Loss 	 PGD Acc
[2025/10/19 00:02:35] - 2.6109 	 	 0.4967 	 2.8987 	 0.2667
[2025/10/19 00:03:27] - 32 	 27.7 	 	 0.2000 	 4.1047 	 0.2698
[2025/10/19 00:03:27] - ==> Building model..
[2025/10/19 00:03:50] - Test Loss 	 Test Acc 	 PGD Loss 	 PGD Acc
[2025/10/19 00:03:50] - 2.6081 	 	 0.4961 	 2.8961 	 0.2669
[2025/10/19 00:04:43] - 33 	 27.5 	 	 0.2000 	 4.1054 	 0.2652
[2025/10/19 00:04:43] - ==> Building model..
[2025/10/19 00:05:07] - Test Loss 	 Test Acc 	 PGD Loss 	 PGD Acc
[2025/10/19 00:05:07] - 2.6026 	 	 0.4967 	 2.8926 	 0.2688
[2025/10/19 00:06:00] - 34 	 27.7 	 	 0.2000 	 4.1025 	 0.2676
[2025/10/19 00:06:00] - ==> Building model..
[2025/10/19 00:06:23] - Test Loss 	 Test Acc 	 PGD Loss 	 PGD Acc
[2025/10/19 00:06:23] - 2.5976 	 	 0.4992 	 2.8886 	 0.2697
[2025/10/19 00:07:15] - 35 	 27.2 	 	 0.2000 	 4.1004 	 0.2718
[2025/10/19 00:07:15] - ==> Building model..
[2025/10/19 00:07:39] - Test Loss 	 Test Acc 	 PGD Loss 	 PGD Acc
[2025/10/19 00:07:39] - 2.5918 	 	 0.5019 	 2.8845 	 0.2712
[2025/10/19 00:08:32] - 36 	 27.8 	 	 0.2000 	 4.1026 	 0.2685
[2025/10/19 00:08:32] - ==> Building model..
[2025/10/19 00:08:56] - Test Loss 	 Test Acc 	 PGD Loss 	 PGD Acc
[2025/10/19 00:08:56] - 2.5871 	 	 0.5028 	 2.8819 	 0.2718
[2025/10/19 00:09:47] - 37 	 26.6 	 	 0.2000 	 4.0988 	 0.2720
[2025/10/19 00:09:47] - ==> Building model..
[2025/10/19 00:10:10] - Test Loss 	 Test Acc 	 PGD Loss 	 PGD Acc
[2025/10/19 00:10:10] - 2.5839 	 	 0.5048 	 2.8803 	 0.2712
[2025/10/19 00:11:03] - 38 	 28.2 	 	 0.2000 	 4.0995 	 0.2700
[2025/10/19 00:11:03] - ==> Building model..
[2025/10/19 00:11:27] - Test Loss 	 Test Acc 	 PGD Loss 	 PGD Acc
[2025/10/19 00:11:27] - 2.5837 	 	 0.5045 	 2.8804 	 0.2719
[2025/10/19 00:12:20] - 39 	 27.9 	 	 0.2000 	 4.0990 	 0.2708
[2025/10/19 00:12:20] - ==> Building model..
[2025/10/19 00:12:44] - Test Loss 	 Test Acc 	 PGD Loss 	 PGD Acc
[2025/10/19 00:12:44] - 2.5829 	 	 0.5036 	 2.8792 	 0.2728
[2025/10/19 00:13:39] - 40 	 28.4 	 	 0.2000 	 4.0990 	 0.2718
[2025/10/19 00:13:39] - ==> Building model..
[2025/10/19 00:14:02] - Test Loss 	 Test Acc 	 PGD Loss 	 PGD Acc
[2025/10/19 00:14:02] - 2.5814 	 	 0.5047 	 2.8776 	 0.2723
[2025/10/19 00:14:56] - 41 	 28.7 	 	 0.2000 	 4.0979 	 0.2701
[2025/10/19 00:14:56] - ==> Building model..
[2025/10/19 00:15:19] - Test Loss 	 Test Acc 	 PGD Loss 	 PGD Acc
[2025/10/19 00:15:19] - 2.5777 	 	 0.5062 	 2.8748 	 0.2724
[2025/10/19 00:16:15] - 42 	 29.5 	 	 0.2000 	 4.0964 	 0.2720
[2025/10/19 00:16:15] - ==> Building model..
[2025/10/19 00:16:37] - Test Loss 	 Test Acc 	 PGD Loss 	 PGD Acc
[2025/10/19 00:16:37] - 2.5728 	 	 0.5085 	 2.8715 	 0.2739
[2025/10/19 00:17:32] - 43 	 28.7 	 	 0.2000 	 4.0957 	 0.2721
[2025/10/19 00:17:32] - ==> Building model..
[2025/10/19 00:17:55] - Test Loss 	 Test Acc 	 PGD Loss 	 PGD Acc
[2025/10/19 00:17:55] - 2.5720 	 	 0.5103 	 2.8708 	 0.2743
[2025/10/19 00:18:48] - 44 	 28.1 	 	 0.2000 	 4.0945 	 0.2744
[2025/10/19 00:18:48] - ==> Building model..
[2025/10/19 00:19:11] - Test Loss 	 Test Acc 	 PGD Loss 	 PGD Acc
[2025/10/19 00:19:11] - 2.5693 	 	 0.5102 	 2.8676 	 0.2752
[2025/10/19 00:20:05] - 45 	 28.2 	 	 0.2000 	 4.0937 	 0.2753
[2025/10/19 00:20:05] - ==> Building model..
[2025/10/19 00:20:28] - Test Loss 	 Test Acc 	 PGD Loss 	 PGD Acc
[2025/10/19 00:20:28] - 2.5665 	 	 0.5103 	 2.8658 	 0.2748
[2025/10/19 00:21:23] - 46 	 29.0 	 	 0.2000 	 4.0935 	 0.2748
[2025/10/19 00:21:23] - ==> Building model..
[2025/10/19 00:21:47] - Test Loss 	 Test Acc 	 PGD Loss 	 PGD Acc
[2025/10/19 00:21:47] - 2.5626 	 	 0.5121 	 2.8630 	 0.2764
[2025/10/19 00:22:40] - 47 	 27.5 	 	 0.2000 	 4.0943 	 0.2755
[2025/10/19 00:22:40] - ==> Building model..
[2025/10/19 00:23:03] - Test Loss 	 Test Acc 	 PGD Loss 	 PGD Acc
[2025/10/19 00:23:03] - 2.5622 	 	 0.5121 	 2.8618 	 0.2765
[2025/10/19 00:23:58] - 48 	 28.8 	 	 0.2000 	 4.0891 	 0.2761
[2025/10/19 00:23:58] - ==> Building model..
[2025/10/19 00:24:21] - Test Loss 	 Test Acc 	 PGD Loss 	 PGD Acc
[2025/10/19 00:24:21] - 2.5615 	 	 0.5124 	 2.8612 	 0.2755
[2025/10/19 00:25:15] - 49 	 28.3 	 	 0.2000 	 4.0927 	 0.2775
[2025/10/19 00:25:15] - ==> Building model..
[2025/10/19 00:25:38] - Test Loss 	 Test Acc 	 PGD Loss 	 PGD Acc
[2025/10/19 00:25:38] - 2.5617 	 	 0.5128 	 2.8606 	 0.2766
[2025/10/19 00:26:33] - 50 	 28.5 	 	 0.2000 	 4.0897 	 0.2754
[2025/10/19 00:26:33] - ==> Building model..
[2025/10/19 00:26:56] - Test Loss 	 Test Acc 	 PGD Loss 	 PGD Acc
[2025/10/19 00:26:56] - 2.5583 	 	 0.5143 	 2.8581 	 0.2760
[2025/10/19 00:27:48] - 51 	 27.9 	 	 0.2000 	 4.0908 	 0.2752
[2025/10/19 00:27:48] - ==> Building model..
[2025/10/19 00:28:11] - Test Loss 	 Test Acc 	 PGD Loss 	 PGD Acc
[2025/10/19 00:28:11] - 2.5558 	 	 0.5164 	 2.8571 	 0.2773
[2025/10/19 00:29:05] - 52 	 28.0 	 	 0.2000 	 4.0920 	 0.2760
[2025/10/19 00:29:05] - ==> Building model..
[2025/10/19 00:29:28] - Test Loss 	 Test Acc 	 PGD Loss 	 PGD Acc
[2025/10/19 00:29:28] - 2.5537 	 	 0.5173 	 2.8556 	 0.2768
[2025/10/19 00:30:22] - 53 	 28.4 	 	 0.2000 	 4.0908 	 0.2754
[2025/10/19 00:30:22] - ==> Building model..
[2025/10/19 00:30:45] - Test Loss 	 Test Acc 	 PGD Loss 	 PGD Acc
[2025/10/19 00:30:45] - 2.5528 	 	 0.5162 	 2.8542 	 0.2782
[2025/10/19 00:31:40] - 54 	 28.8 	 	 0.2000 	 4.0903 	 0.2777
[2025/10/19 00:31:40] - ==> Building model..
[2025/10/19 00:32:03] - Test Loss 	 Test Acc 	 PGD Loss 	 PGD Acc
[2025/10/19 00:32:03] - 2.5547 	 	 0.5157 	 2.8553 	 0.2789
[2025/10/19 00:32:56] - 55 	 27.9 	 	 0.2000 	 4.0919 	 0.2763
[2025/10/19 00:32:56] - ==> Building model..
[2025/10/19 00:33:18] - Test Loss 	 Test Acc 	 PGD Loss 	 PGD Acc
[2025/10/19 00:33:18] - 2.5570 	 	 0.5152 	 2.8577 	 0.2794
[2025/10/19 00:34:10] - 56 	 27.9 	 	 0.2000 	 4.0948 	 0.2760
[2025/10/19 00:34:10] - ==> Building model..
[2025/10/19 00:34:31] - Test Loss 	 Test Acc 	 PGD Loss 	 PGD Acc
[2025/10/19 00:34:31] - 2.5581 	 	 0.5164 	 2.8577 	 0.2792
[2025/10/19 00:35:24] - 57 	 27.6 	 	 0.2000 	 4.0920 	 0.2771
[2025/10/19 00:35:24] - ==> Building model..
[2025/10/19 00:35:45] - Test Loss 	 Test Acc 	 PGD Loss 	 PGD Acc
[2025/10/19 00:35:45] - 2.5574 	 	 0.5172 	 2.8569 	 0.2779
[2025/10/19 00:36:39] - 58 	 28.0 	 	 0.2000 	 4.0948 	 0.2776
[2025/10/19 00:36:39] - ==> Building model..
[2025/10/19 00:37:01] - Test Loss 	 Test Acc 	 PGD Loss 	 PGD Acc
[2025/10/19 00:37:01] - 2.5617 	 	 0.5174 	 2.8603 	 0.2796
[2025/10/19 00:37:54] - 59 	 27.7 	 	 0.2000 	 4.0935 	 0.2781
[2025/10/19 00:37:54] - ==> Building model..
[2025/10/19 00:38:17] - Test Loss 	 Test Acc 	 PGD Loss 	 PGD Acc
[2025/10/19 00:38:17] - 2.5668 	 	 0.5162 	 2.8639 	 0.2794
[2025/10/19 00:39:12] - 60 	 28.6 	 	 0.2000 	 4.0944 	 0.2785
[2025/10/19 00:39:12] - ==> Building model..
[2025/10/19 00:39:35] - Test Loss 	 Test Acc 	 PGD Loss 	 PGD Acc
[2025/10/19 00:39:35] - 2.5703 	 	 0.5158 	 2.8663 	 0.2793
[2025/10/19 00:40:31] - 61 	 28.6 	 	 0.2000 	 4.0967 	 0.2761
[2025/10/19 00:40:31] - ==> Building model..
[2025/10/19 00:40:54] - Test Loss 	 Test Acc 	 PGD Loss 	 PGD Acc
[2025/10/19 00:40:54] - 2.5744 	 	 0.5136 	 2.8696 	 0.2814
[2025/10/19 00:41:49] - 62 	 28.5 	 	 0.2000 	 4.0965 	 0.2766
[2025/10/19 00:41:49] - ==> Building model..
[2025/10/19 00:42:13] - Test Loss 	 Test Acc 	 PGD Loss 	 PGD Acc
[2025/10/19 00:42:13] - 2.5796 	 	 0.5130 	 2.8729 	 0.2807
[2025/10/19 00:43:09] - 63 	 28.6 	 	 0.2000 	 4.0959 	 0.2764
[2025/10/19 00:43:09] - ==> Building model..
[2025/10/19 00:43:32] - Test Loss 	 Test Acc 	 PGD Loss 	 PGD Acc
[2025/10/19 00:43:32] - 2.5828 	 	 0.5130 	 2.8754 	 0.2809
[2025/10/19 00:44:28] - 64 	 28.7 	 	 0.2000 	 4.0950 	 0.2765
[2025/10/19 00:44:28] - ==> Building model..
[2025/10/19 00:44:52] - Test Loss 	 Test Acc 	 PGD Loss 	 PGD Acc
[2025/10/19 00:44:52] - 2.5860 	 	 0.5134 	 2.8773 	 0.2803
[2025/10/19 00:45:45] - 65 	 28.1 	 	 0.2000 	 4.0960 	 0.2775
[2025/10/19 00:45:45] - ==> Building model..
[2025/10/19 00:46:08] - Test Loss 	 Test Acc 	 PGD Loss 	 PGD Acc
[2025/10/19 00:46:08] - 2.5898 	 	 0.5119 	 2.8813 	 0.2805
[2025/10/19 00:47:02] - 66 	 27.9 	 	 0.2000 	 4.0939 	 0.2768
[2025/10/19 00:47:02] - ==> Building model..
[2025/10/19 00:47:25] - Test Loss 	 Test Acc 	 PGD Loss 	 PGD Acc
[2025/10/19 00:47:25] - 2.5906 	 	 0.5122 	 2.8814 	 0.2794
[2025/10/19 00:48:19] - 67 	 27.8 	 	 0.2000 	 4.0950 	 0.2752
[2025/10/19 00:48:19] - ==> Building model..
[2025/10/19 00:48:43] - Test Loss 	 Test Acc 	 PGD Loss 	 PGD Acc
[2025/10/19 00:48:43] - 2.5924 	 	 0.5135 	 2.8835 	 0.2806
[2025/10/19 00:49:36] - 68 	 27.9 	 	 0.2000 	 4.0918 	 0.2775
[2025/10/19 00:49:36] - ==> Building model..
[2025/10/19 00:50:00] - Test Loss 	 Test Acc 	 PGD Loss 	 PGD Acc
[2025/10/19 00:50:00] - 2.5915 	 	 0.5138 	 2.8833 	 0.2808
[2025/10/19 00:50:53] - 69 	 27.5 	 	 0.2000 	 4.0955 	 0.2758
[2025/10/19 00:50:53] - ==> Building model..
[2025/10/19 00:51:17] - Test Loss 	 Test Acc 	 PGD Loss 	 PGD Acc
[2025/10/19 00:51:17] - 2.5925 	 	 0.5140 	 2.8836 	 0.2812
[2025/10/19 00:52:13] - 70 	 28.6 	 	 0.2000 	 4.0918 	 0.2796
[2025/10/19 00:52:13] - ==> Building model..
[2025/10/19 00:52:37] - Test Loss 	 Test Acc 	 PGD Loss 	 PGD Acc
[2025/10/19 00:52:37] - 2.5915 	 	 0.5158 	 2.8832 	 0.2799
[2025/10/19 00:53:31] - 71 	 27.3 	 	 0.2000 	 4.0945 	 0.2776
[2025/10/19 00:53:31] - ==> Building model..
[2025/10/19 00:53:55] - Test Loss 	 Test Acc 	 PGD Loss 	 PGD Acc
[2025/10/19 00:53:55] - 2.5928 	 	 0.5164 	 2.8848 	 0.2802
[2025/10/19 00:54:50] - 72 	 27.7 	 	 0.2000 	 4.0931 	 0.2783
[2025/10/19 00:54:50] - ==> Building model..
[2025/10/19 00:55:14] - Test Loss 	 Test Acc 	 PGD Loss 	 PGD Acc
[2025/10/19 00:55:14] - 2.5940 	 	 0.5153 	 2.8854 	 0.2809
[2025/10/19 00:56:08] - 73 	 26.8 	 	 0.2000 	 4.0927 	 0.2783
[2025/10/19 00:56:08] - ==> Building model..
[2025/10/19 00:56:32] - Test Loss 	 Test Acc 	 PGD Loss 	 PGD Acc
[2025/10/19 00:56:32] - 2.5940 	 	 0.5161 	 2.8851 	 0.2810
[2025/10/19 00:57:26] - 74 	 26.7 	 	 0.2000 	 4.0920 	 0.2790
[2025/10/19 00:57:26] - ==> Building model..
[2025/10/19 00:57:51] - Test Loss 	 Test Acc 	 PGD Loss 	 PGD Acc
[2025/10/19 00:57:51] - 2.5940 	 	 0.5156 	 2.8846 	 0.2819
[2025/10/19 00:58:43] - 75 	 26.0 	 	 0.2000 	 4.0920 	 0.2794
[2025/10/19 00:58:43] - ==> Building model..
[2025/10/19 00:59:08] - Test Loss 	 Test Acc 	 PGD Loss 	 PGD Acc
[2025/10/19 00:59:08] - 2.5943 	 	 0.5154 	 2.8844 	 0.2801
[2025/10/19 01:00:00] - 76 	 26.6 	 	 0.2000 	 4.0921 	 0.2788
[2025/10/19 01:00:00] - ==> Building model..
[2025/10/19 01:00:26] - Test Loss 	 Test Acc 	 PGD Loss 	 PGD Acc
[2025/10/19 01:00:26] - 2.5938 	 	 0.5143 	 2.8836 	 0.2815
[2025/10/19 01:01:20] - 77 	 26.8 	 	 0.2000 	 4.0923 	 0.2798
[2025/10/19 01:01:20] - ==> Building model..
[2025/10/19 01:01:46] - Test Loss 	 Test Acc 	 PGD Loss 	 PGD Acc
[2025/10/19 01:01:46] - 2.5935 	 	 0.5152 	 2.8831 	 0.2821
[2025/10/19 01:02:38] - 78 	 26.0 	 	 0.2000 	 4.0903 	 0.2788
[2025/10/19 01:02:38] - ==> Building model..
[2025/10/19 01:03:05] - Test Loss 	 Test Acc 	 PGD Loss 	 PGD Acc
[2025/10/19 01:03:05] - 2.5936 	 	 0.5161 	 2.8829 	 0.2803
[2025/10/19 01:03:57] - 79 	 26.0 	 	 0.2000 	 4.0903 	 0.2792
[2025/10/19 01:03:57] - ==> Building model..
[2025/10/19 01:04:23] - Test Loss 	 Test Acc 	 PGD Loss 	 PGD Acc
[2025/10/19 01:04:23] - 2.5938 	 	 0.5155 	 2.8829 	 0.2816
[2025/10/19 01:05:14] - 80 	 25.5 	 	 0.2000 	 4.0909 	 0.2796
[2025/10/19 01:05:14] - ==> Building model..
[2025/10/19 01:05:39] - Test Loss 	 Test Acc 	 PGD Loss 	 PGD Acc
[2025/10/19 01:05:39] - 2.5944 	 	 0.5160 	 2.8835 	 0.2801
[2025/10/19 01:06:31] - 81 	 25.8 	 	 0.2000 	 4.0935 	 0.2787
[2025/10/19 01:06:31] - ==> Building model..
[2025/10/19 01:06:57] - Test Loss 	 Test Acc 	 PGD Loss 	 PGD Acc
[2025/10/19 01:06:57] - 2.5940 	 	 0.5166 	 2.8826 	 0.2805
[2025/10/19 01:07:48] - 82 	 25.9 	 	 0.2000 	 4.0907 	 0.2805
[2025/10/19 01:07:48] - ==> Building model..
[2025/10/19 01:08:13] - Test Loss 	 Test Acc 	 PGD Loss 	 PGD Acc
[2025/10/19 01:08:13] - 2.5957 	 	 0.5154 	 2.8843 	 0.2817
[2025/10/19 01:09:05] - 83 	 26.0 	 	 0.2000 	 4.0923 	 0.2785
[2025/10/19 01:09:05] - ==> Building model..
[2025/10/19 01:09:30] - Test Loss 	 Test Acc 	 PGD Loss 	 PGD Acc
[2025/10/19 01:09:30] - 2.5971 	 	 0.5157 	 2.8856 	 0.2819
[2025/10/19 01:10:21] - 84 	 25.6 	 	 0.2000 	 4.0926 	 0.2779
[2025/10/19 01:10:21] - ==> Building model..
[2025/10/19 01:10:46] - Test Loss 	 Test Acc 	 PGD Loss 	 PGD Acc
[2025/10/19 01:10:46] - 2.5985 	 	 0.5162 	 2.8862 	 0.2823
[2025/10/19 01:11:39] - 85 	 26.4 	 	 0.2000 	 4.0926 	 0.2775
[2025/10/19 01:11:39] - ==> Building model..
[2025/10/19 01:12:03] - Test Loss 	 Test Acc 	 PGD Loss 	 PGD Acc
[2025/10/19 01:12:03] - 2.5995 	 	 0.5147 	 2.8865 	 0.2803
[2025/10/19 01:12:55] - 86 	 26.0 	 	 0.2000 	 4.0913 	 0.2805
[2025/10/19 01:12:55] - ==> Building model..
[2025/10/19 01:13:20] - Test Loss 	 Test Acc 	 PGD Loss 	 PGD Acc
[2025/10/19 01:13:20] - 2.5997 	 	 0.5155 	 2.8873 	 0.2818
[2025/10/19 01:14:14] - 87 	 27.0 	 	 0.2000 	 4.0912 	 0.2787
[2025/10/19 01:14:14] - ==> Building model..
[2025/10/19 01:14:39] - Test Loss 	 Test Acc 	 PGD Loss 	 PGD Acc
[2025/10/19 01:14:39] - 2.5984 	 	 0.5157 	 2.8857 	 0.2819
[2025/10/19 01:15:30] - 88 	 25.5 	 	 0.2000 	 4.0929 	 0.2756
[2025/10/19 01:15:30] - ==> Building model..
[2025/10/19 01:15:55] - Test Loss 	 Test Acc 	 PGD Loss 	 PGD Acc
[2025/10/19 01:15:55] - 2.5980 	 	 0.5162 	 2.8857 	 0.2822
[2025/10/19 01:16:48] - 89 	 26.4 	 	 0.2000 	 4.0916 	 0.2793
[2025/10/19 01:16:48] - ==> Building model..
[2025/10/19 01:17:14] - Test Loss 	 Test Acc 	 PGD Loss 	 PGD Acc
[2025/10/19 01:17:14] - 2.5985 	 	 0.5163 	 2.8865 	 0.2818
[2025/10/19 01:18:05] - 90 	 26.4 	 	 0.2000 	 4.0922 	 0.2776
[2025/10/19 01:18:05] - ==> Building model..
[2025/10/19 01:18:30] - Test Loss 	 Test Acc 	 PGD Loss 	 PGD Acc
[2025/10/19 01:18:30] - 2.5990 	 	 0.5155 	 2.8866 	 0.2823
[2025/10/19 01:19:22] - 91 	 26.2 	 	 0.2000 	 4.0911 	 0.2800
[2025/10/19 01:19:22] - ==> Building model..
[2025/10/19 01:19:47] - Test Loss 	 Test Acc 	 PGD Loss 	 PGD Acc
[2025/10/19 01:19:47] - 2.5999 	 	 0.5168 	 2.8870 	 0.2831
[2025/10/19 01:20:41] - 92 	 27.5 	 	 0.2000 	 4.0907 	 0.2797
[2025/10/19 01:20:41] - ==> Building model..
[2025/10/19 01:21:06] - Test Loss 	 Test Acc 	 PGD Loss 	 PGD Acc
[2025/10/19 01:21:06] - 2.6006 	 	 0.5162 	 2.8875 	 0.2836
[2025/10/19 01:21:57] - 93 	 25.7 	 	 0.2000 	 4.0925 	 0.2797
[2025/10/19 01:21:57] - ==> Building model..
[2025/10/19 01:22:20] - Test Loss 	 Test Acc 	 PGD Loss 	 PGD Acc
[2025/10/19 01:22:20] - 2.6015 	 	 0.5163 	 2.8882 	 0.2843
[2025/10/19 01:23:13] - 94 	 26.9 	 	 0.0200 	 3.9972 	 0.3402
[2025/10/19 01:23:13] - ==> Building model..
[2025/10/19 01:23:37] - Test Loss 	 Test Acc 	 PGD Loss 	 PGD Acc
[2025/10/19 01:23:37] - 2.6002 	 	 0.5169 	 2.8876 	 0.2844
[2025/10/19 01:24:28] - 95 	 26.3 	 	 0.0200 	 3.9057 	 0.4029
[2025/10/19 01:24:28] - ==> Building model..
[2025/10/19 01:24:51] - Test Loss 	 Test Acc 	 PGD Loss 	 PGD Acc
[2025/10/19 01:24:51] - 2.5997 	 	 0.5170 	 2.8874 	 0.2842
[2025/10/19 01:25:44] - 96 	 26.4 	 	 0.0200 	 3.8789 	 0.4219
[2025/10/19 01:25:44] - ==> Building model..
[2025/10/19 01:26:07] - Test Loss 	 Test Acc 	 PGD Loss 	 PGD Acc
[2025/10/19 01:26:07] - 2.5996 	 	 0.5171 	 2.8872 	 0.2838
[2025/10/19 01:26:58] - 97 	 26.9 	 	 0.0200 	 3.8616 	 0.4319
[2025/10/19 01:26:58] - ==> Building model..
[2025/10/19 01:27:20] - Test Loss 	 Test Acc 	 PGD Loss 	 PGD Acc
[2025/10/19 01:27:20] - 2.6003 	 	 0.5171 	 2.8878 	 0.2846
[2025/10/19 01:28:12] - 98 	 27.6 	 	 0.0200 	 3.8483 	 0.4416
[2025/10/19 01:28:12] - ==> Building model..
[2025/10/19 01:28:35] - Test Loss 	 Test Acc 	 PGD Loss 	 PGD Acc
[2025/10/19 01:28:35] - 2.6017 	 	 0.5173 	 2.8887 	 0.2851
[2025/10/19 01:29:28] - 99 	 28.2 	 	 0.0020 	 3.8158 	 0.4668
[2025/10/19 01:29:28] - ==> Building model..
[2025/10/19 01:29:50] - Test Loss 	 Test Acc 	 PGD Loss 	 PGD Acc
[2025/10/19 01:29:50] - 2.6026 	 	 0.5176 	 2.8897 	 0.2842
[2025/10/19 01:30:39] - 100 	 26.8 	 	 0.0020 	 3.7874 	 0.4899
[2025/10/19 01:30:39] - ==> Building model..
[2025/10/19 01:31:03] - Test Loss 	 Test Acc 	 PGD Loss 	 PGD Acc
[2025/10/19 01:31:03] - 2.6031 	 	 0.5175 	 2.8900 	 0.2851
[2025/10/19 01:31:57] - 101 	 28.2 	 	 0.0020 	 3.7812 	 0.4945
[2025/10/19 01:31:57] - ==> Building model..
[2025/10/19 01:32:20] - Test Loss 	 Test Acc 	 PGD Loss 	 PGD Acc
[2025/10/19 01:32:20] - 2.6031 	 	 0.5175 	 2.8903 	 0.2842
[2025/10/19 01:33:11] - 102 	 27.7 	 	 0.0020 	 3.7752 	 0.4985
[2025/10/19 01:33:11] - ==> Building model..
[2025/10/19 01:33:35] - Test Loss 	 Test Acc 	 PGD Loss 	 PGD Acc
[2025/10/19 01:33:35] - 2.6031 	 	 0.5175 	 2.8900 	 0.2841
[2025/10/19 01:34:28] - 103 	 28.5 	 	 0.0020 	 3.7708 	 0.5042
[2025/10/19 01:34:28] - ==> Building model..
[2025/10/19 01:34:51] - Test Loss 	 Test Acc 	 PGD Loss 	 PGD Acc
[2025/10/19 01:34:51] - 2.6036 	 	 0.5177 	 2.8906 	 0.2843
[2025/10/19 01:35:43] - 104 	 27.8 	 	 0.0020 	 3.7668 	 0.5057
[2025/10/19 01:35:43] - ==> Building model..
[2025/10/19 01:36:07] - Test Loss 	 Test Acc 	 PGD Loss 	 PGD Acc
[2025/10/19 01:36:07] - 2.6036 	 	 0.5177 	 2.8906 	 0.2840
[2025/10/19 01:36:58] - 105 	 27.6 	 	 0.0020 	 3.7629 	 0.5076
[2025/10/19 01:36:58] - ==> Building model..
[2025/10/19 01:37:21] - Test Loss 	 Test Acc 	 PGD Loss 	 PGD Acc
[2025/10/19 01:37:21] - 2.6036 	 	 0.5177 	 2.8902 	 0.2841
[2025/10/19 01:38:14] - 106 	 27.9 	 	 0.0020 	 3.7589 	 0.5136
[2025/10/19 01:38:14] - ==> Building model..
[2025/10/19 01:38:37] - Test Loss 	 Test Acc 	 PGD Loss 	 PGD Acc
[2025/10/19 01:38:37] - 2.6036 	 	 0.5177 	 2.8901 	 0.2843
[2025/10/19 01:39:29] - 107 	 28.2 	 	 0.0020 	 3.7543 	 0.5160
[2025/10/19 01:39:29] - ==> Building model..
[2025/10/19 01:39:52] - Test Loss 	 Test Acc 	 PGD Loss 	 PGD Acc
[2025/10/19 01:39:52] - 2.6043 	 	 0.5175 	 2.8914 	 0.2847
[2025/10/19 01:40:44] - 108 	 27.8 	 	 0.0020 	 3.7505 	 0.5200
[2025/10/19 01:40:44] - ==> Building model..
[2025/10/19 01:41:08] - Test Loss 	 Test Acc 	 PGD Loss 	 PGD Acc
[2025/10/19 01:41:08] - 2.6043 	 	 0.5175 	 2.8910 	 0.2843
[2025/10/19 01:42:00] - 109 	 28.0 	 	 0.0020 	 3.7469 	 0.5212
[2025/10/19 01:42:00] - ==> Building model..
[2025/10/19 01:42:23] - Test Loss 	 Test Acc 	 PGD Loss 	 PGD Acc
[2025/10/19 01:42:23] - 2.6051 	 	 0.5175 	 2.8913 	 0.2840
[2025/10/19 01:42:23] - [0.0849, 0.1354, 0.1772, 0.2218, 0.2584, 0.2966, 0.3382, 0.3689, 0.3888, 0.4085, 0.421, 0.43, 0.439, 0.4476, 0.4547, 0.4602, 0.4666, 0.4693, 0.4708, 0.4733, 0.4777, 0.4781, 0.4811, 0.4833, 0.4864, 0.4874, 0.4897, 0.491, 0.4942, 0.4942, 0.4959, 0.4967, 0.4961, 0.4967, 0.4992, 0.5019, 0.5028, 0.5048, 0.5045, 0.5036, 0.5047, 0.5062, 0.5085, 0.5103, 0.5102, 0.5103, 0.5121, 0.5121, 0.5124, 0.5128, 0.5143, 0.5164, 0.5173, 0.5162, 0.5157, 0.5152, 0.5164, 0.5172, 0.5174, 0.5162, 0.5158, 0.5136, 0.513, 0.513, 0.5134, 0.5119, 0.5122, 0.5135, 0.5138, 0.514, 0.5158, 0.5164, 0.5153, 0.5161, 0.5156, 0.5154, 0.5143, 0.5152, 0.5161, 0.5155, 0.516, 0.5166, 0.5154, 0.5157, 0.5162, 0.5147, 0.5155, 0.5157, 0.5162, 0.5163, 0.5155, 0.5168, 0.5162, 0.5163, 0.5169, 0.517, 0.5171, 0.5171, 0.5173, 0.5176, 0.5175, 0.5175, 0.5175, 0.5177, 0.5177, 0.5177, 0.5177, 0.5175, 0.5175, 0.5175]
[2025/10/19 01:42:23] - [0.0567, 0.0889, 0.109, 0.1316, 0.1513, 0.1745, 0.1906, 0.2013, 0.2104, 0.2191, 0.2233, 0.2303, 0.2355, 0.24, 0.2426, 0.2471, 0.2493, 0.249, 0.2525, 0.2527, 0.2545, 0.2562, 0.2554, 0.2591, 0.2598, 0.2611, 0.2609, 0.2636, 0.265, 0.2663, 0.2659, 0.2667, 0.2669, 0.2688, 0.2697, 0.2712, 0.2718, 0.2712, 0.2719, 0.2728, 0.2723, 0.2724, 0.2739, 0.2743, 0.2752, 0.2748, 0.2764, 0.2765, 0.2755, 0.2766, 0.276, 0.2773, 0.2768, 0.2782, 0.2789, 0.2794, 0.2792, 0.2779, 0.2796, 0.2794, 0.2793, 0.2814, 0.2807, 0.2809, 0.2803, 0.2805, 0.2794, 0.2806, 0.2808, 0.2812, 0.2799, 0.2802, 0.2809, 0.281, 0.2819, 0.2801, 0.2815, 0.2821, 0.2803, 0.2816, 0.2801, 0.2805, 0.2817, 0.2819, 0.2823, 0.2803, 0.2818, 0.2819, 0.2822, 0.2818, 0.2823, 0.2831, 0.2836, 0.2843, 0.2844, 0.2842, 0.2838, 0.2846, 0.2851, 0.2842, 0.2851, 0.2842, 0.2841, 0.2843, 0.284, 0.2841, 0.2843, 0.2847, 0.2843, 0.284]
