[2025/10/14 18:25:53] - Namespace(batch_size=128, data_dir='cifar-data', epochs=100, lr_schedule='multistep', lr_min=0.0, lr_max=0.2, weight_decay=0.0005, momentum=0.9, model='ResNet18', epsilon=8, alpha=8, delta_init='random', normal_mean=0, normal_std=1, out_dir='./output/CIFAR100/lamda_37_lamscale_0.08_run1', seed=0, lamda=37.0, lam_scale=0.08, lam_start=50, gamma=0.05, inner_gamma=0.05, beta=0.2, mu=3.5, batch_m=0.75, early_stop=False, factor=0.5, length=4, n_holes=1, c_num=0.125, EMA_value=0.55)
[2025/10/14 18:25:54] - ==> Building model..
[2025/10/14 18:25:55] - Epoch 	 Seconds 	 LR 	 	 Train Loss 	 Train Acc
[2025/10/14 18:26:44] - 0 	 23.6 	 	 0.2000 	 4.5724 	 0.0378
[2025/10/14 18:26:44] - ==> Building model..
[2025/10/14 18:27:04] - Test Loss 	 Test Acc 	 PGD Loss 	 PGD Acc
[2025/10/14 18:27:04] - 4.2739 	 	 0.0809 	 4.2848 	 0.0522
[2025/10/14 18:27:51] - 1 	 22.1 	 	 0.2000 	 4.4612 	 0.0771
[2025/10/14 18:27:51] - ==> Building model..
[2025/10/14 18:28:10] - Test Loss 	 Test Acc 	 PGD Loss 	 PGD Acc
[2025/10/14 18:28:10] - 4.0603 	 	 0.1390 	 4.0868 	 0.0888
[2025/10/14 18:29:00] - 2 	 22.6 	 	 0.2000 	 4.4079 	 0.1043
[2025/10/14 18:29:00] - ==> Building model..
[2025/10/14 18:29:19] - Test Loss 	 Test Acc 	 PGD Loss 	 PGD Acc
[2025/10/14 18:29:19] - 3.9130 	 	 0.1832 	 3.9567 	 0.1155
[2025/10/14 18:30:10] - 3 	 22.9 	 	 0.2000 	 4.3606 	 0.1262
[2025/10/14 18:30:10] - ==> Building model..
[2025/10/14 18:30:29] - Test Loss 	 Test Acc 	 PGD Loss 	 PGD Acc
[2025/10/14 18:30:29] - 3.7731 	 	 0.2269 	 3.8376 	 0.1368
[2025/10/14 18:31:19] - 4 	 23.2 	 	 0.2000 	 4.3166 	 0.1483
[2025/10/14 18:31:19] - ==> Building model..
[2025/10/14 18:31:40] - Test Loss 	 Test Acc 	 PGD Loss 	 PGD Acc
[2025/10/14 18:31:40] - 3.6006 	 	 0.2694 	 3.6941 	 0.1597
[2025/10/14 18:32:31] - 5 	 23.3 	 	 0.2000 	 4.2776 	 0.1687
[2025/10/14 18:32:31] - ==> Building model..
[2025/10/14 18:32:50] - Test Loss 	 Test Acc 	 PGD Loss 	 PGD Acc
[2025/10/14 18:32:50] - 3.4048 	 	 0.3057 	 3.5259 	 0.1774
[2025/10/14 18:33:40] - 6 	 23.4 	 	 0.2000 	 4.2458 	 0.1853
[2025/10/14 18:33:40] - ==> Building model..
[2025/10/14 18:34:00] - Test Loss 	 Test Acc 	 PGD Loss 	 PGD Acc
[2025/10/14 18:34:00] - 3.2047 	 	 0.3465 	 3.3572 	 0.1920
[2025/10/14 18:34:48] - 7 	 22.9 	 	 0.2000 	 4.2246 	 0.1996
[2025/10/14 18:34:48] - ==> Building model..
[2025/10/14 18:35:08] - Test Loss 	 Test Acc 	 PGD Loss 	 PGD Acc
[2025/10/14 18:35:08] - 3.0815 	 	 0.3765 	 3.2569 	 0.2055
[2025/10/14 18:35:57] - 8 	 23.0 	 	 0.2000 	 4.2054 	 0.2076
[2025/10/14 18:35:57] - ==> Building model..
[2025/10/14 18:36:16] - Test Loss 	 Test Acc 	 PGD Loss 	 PGD Acc
[2025/10/14 18:36:16] - 2.9823 	 	 0.4013 	 3.1809 	 0.2154
[2025/10/14 18:37:07] - 9 	 23.4 	 	 0.2000 	 4.1888 	 0.2175
[2025/10/14 18:37:07] - ==> Building model..
[2025/10/14 18:37:27] - Test Loss 	 Test Acc 	 PGD Loss 	 PGD Acc
[2025/10/14 18:37:27] - 2.9117 	 	 0.4156 	 3.1260 	 0.2248
[2025/10/14 18:38:20] - 10 	 24.4 	 	 0.2000 	 4.1762 	 0.2254
[2025/10/14 18:38:20] - ==> Building model..
[2025/10/14 18:38:39] - Test Loss 	 Test Acc 	 PGD Loss 	 PGD Acc
[2025/10/14 18:38:39] - 2.8591 	 	 0.4278 	 3.0855 	 0.2311
[2025/10/14 18:39:34] - 11 	 25.1 	 	 0.2000 	 4.1682 	 0.2296
[2025/10/14 18:39:34] - ==> Building model..
[2025/10/14 18:39:53] - Test Loss 	 Test Acc 	 PGD Loss 	 PGD Acc
[2025/10/14 18:39:53] - 2.8143 	 	 0.4384 	 3.0494 	 0.2371
[2025/10/14 18:40:44] - 12 	 23.1 	 	 0.2000 	 4.1576 	 0.2357
[2025/10/14 18:40:44] - ==> Building model..
[2025/10/14 18:41:03] - Test Loss 	 Test Acc 	 PGD Loss 	 PGD Acc
[2025/10/14 18:41:03] - 2.7795 	 	 0.4489 	 3.0231 	 0.2391
[2025/10/14 18:41:53] - 13 	 23.0 	 	 0.2000 	 4.1533 	 0.2362
[2025/10/14 18:41:53] - ==> Building model..
[2025/10/14 18:42:12] - Test Loss 	 Test Acc 	 PGD Loss 	 PGD Acc
[2025/10/14 18:42:12] - 2.7577 	 	 0.4519 	 3.0059 	 0.2428
[2025/10/14 18:43:03] - 14 	 23.3 	 	 0.2000 	 4.1483 	 0.2394
[2025/10/14 18:43:03] - ==> Building model..
[2025/10/14 18:43:22] - Test Loss 	 Test Acc 	 PGD Loss 	 PGD Acc
[2025/10/14 18:43:22] - 2.7351 	 	 0.4576 	 2.9909 	 0.2454
[2025/10/14 18:44:11] - 15 	 23.0 	 	 0.2000 	 4.1400 	 0.2446
[2025/10/14 18:44:11] - ==> Building model..
[2025/10/14 18:44:30] - Test Loss 	 Test Acc 	 PGD Loss 	 PGD Acc
[2025/10/14 18:44:30] - 2.7165 	 	 0.4629 	 2.9765 	 0.2487
[2025/10/14 18:45:20] - 16 	 23.0 	 	 0.2000 	 4.1361 	 0.2484
[2025/10/14 18:45:20] - ==> Building model..
[2025/10/14 18:45:39] - Test Loss 	 Test Acc 	 PGD Loss 	 PGD Acc
[2025/10/14 18:45:39] - 2.6983 	 	 0.4682 	 2.9622 	 0.2513
[2025/10/14 18:46:29] - 17 	 22.9 	 	 0.2000 	 4.1341 	 0.2481
[2025/10/14 18:46:29] - ==> Building model..
[2025/10/14 18:46:48] - Test Loss 	 Test Acc 	 PGD Loss 	 PGD Acc
[2025/10/14 18:46:48] - 2.6827 	 	 0.4730 	 2.9509 	 0.2534
[2025/10/14 18:47:40] - 18 	 23.8 	 	 0.2000 	 4.1273 	 0.2515
[2025/10/14 18:47:40] - ==> Building model..
[2025/10/14 18:47:59] - Test Loss 	 Test Acc 	 PGD Loss 	 PGD Acc
[2025/10/14 18:47:59] - 2.6691 	 	 0.4748 	 2.9418 	 0.2553
[2025/10/14 18:48:50] - 19 	 23.6 	 	 0.2000 	 4.1244 	 0.2552
[2025/10/14 18:48:50] - ==> Building model..
[2025/10/14 18:49:09] - Test Loss 	 Test Acc 	 PGD Loss 	 PGD Acc
[2025/10/14 18:49:09] - 2.6564 	 	 0.4785 	 2.9320 	 0.2584
[2025/10/14 18:50:00] - 20 	 23.8 	 	 0.2000 	 4.1220 	 0.2560
[2025/10/14 18:50:00] - ==> Building model..
[2025/10/14 18:50:19] - Test Loss 	 Test Acc 	 PGD Loss 	 PGD Acc
[2025/10/14 18:50:19] - 2.6439 	 	 0.4827 	 2.9242 	 0.2605
[2025/10/14 18:51:10] - 21 	 23.4 	 	 0.2000 	 4.1172 	 0.2585
[2025/10/14 18:51:10] - ==> Building model..
[2025/10/14 18:51:29] - Test Loss 	 Test Acc 	 PGD Loss 	 PGD Acc
[2025/10/14 18:51:29] - 2.6358 	 	 0.4844 	 2.9185 	 0.2590
[2025/10/14 18:52:19] - 22 	 23.3 	 	 0.2000 	 4.1174 	 0.2603
[2025/10/14 18:52:19] - ==> Building model..
[2025/10/14 18:52:39] - Test Loss 	 Test Acc 	 PGD Loss 	 PGD Acc
[2025/10/14 18:52:39] - 2.6296 	 	 0.4860 	 2.9129 	 0.2597
[2025/10/14 18:53:28] - 23 	 23.2 	 	 0.2000 	 4.1167 	 0.2588
[2025/10/14 18:53:28] - ==> Building model..
[2025/10/14 18:53:48] - Test Loss 	 Test Acc 	 PGD Loss 	 PGD Acc
[2025/10/14 18:53:48] - 2.6232 	 	 0.4866 	 2.9077 	 0.2609
[2025/10/14 18:54:40] - 24 	 24.4 	 	 0.2000 	 4.1134 	 0.2608
[2025/10/14 18:54:40] - ==> Building model..
[2025/10/14 18:54:59] - Test Loss 	 Test Acc 	 PGD Loss 	 PGD Acc
[2025/10/14 18:54:59] - 2.6207 	 	 0.4868 	 2.9071 	 0.2626
[2025/10/14 18:55:51] - 25 	 24.1 	 	 0.2000 	 4.1110 	 0.2646
[2025/10/14 18:55:51] - ==> Building model..
[2025/10/14 18:56:11] - Test Loss 	 Test Acc 	 PGD Loss 	 PGD Acc
[2025/10/14 18:56:11] - 2.6120 	 	 0.4900 	 2.9006 	 0.2656
[2025/10/14 18:57:00] - 26 	 22.7 	 	 0.2000 	 4.1082 	 0.2644
[2025/10/14 18:57:00] - ==> Building model..
[2025/10/14 18:57:20] - Test Loss 	 Test Acc 	 PGD Loss 	 PGD Acc
[2025/10/14 18:57:20] - 2.6075 	 	 0.4913 	 2.8970 	 0.2656
[2025/10/14 18:58:09] - 27 	 22.9 	 	 0.2000 	 4.1077 	 0.2645
[2025/10/14 18:58:09] - ==> Building model..
[2025/10/14 18:58:28] - Test Loss 	 Test Acc 	 PGD Loss 	 PGD Acc
[2025/10/14 18:58:28] - 2.6045 	 	 0.4942 	 2.8955 	 0.2666
[2025/10/14 18:59:21] - 28 	 24.6 	 	 0.2000 	 4.1064 	 0.2665
[2025/10/14 18:59:21] - ==> Building model..
[2025/10/14 18:59:41] - Test Loss 	 Test Acc 	 PGD Loss 	 PGD Acc
[2025/10/14 18:59:41] - 2.6021 	 	 0.4957 	 2.8934 	 0.2659
[2025/10/14 19:00:31] - 29 	 23.2 	 	 0.2000 	 4.1048 	 0.2666
[2025/10/14 19:00:31] - ==> Building model..
[2025/10/14 19:00:50] - Test Loss 	 Test Acc 	 PGD Loss 	 PGD Acc
[2025/10/14 19:00:50] - 2.5955 	 	 0.4988 	 2.8880 	 0.2677
[2025/10/14 19:01:39] - 30 	 23.0 	 	 0.2000 	 4.1053 	 0.2650
[2025/10/14 19:01:39] - ==> Building model..
[2025/10/14 19:01:59] - Test Loss 	 Test Acc 	 PGD Loss 	 PGD Acc
[2025/10/14 19:01:59] - 2.5953 	 	 0.4985 	 2.8881 	 0.2671
[2025/10/14 19:02:48] - 31 	 23.1 	 	 0.2000 	 4.1022 	 0.2677
[2025/10/14 19:02:48] - ==> Building model..
[2025/10/14 19:03:07] - Test Loss 	 Test Acc 	 PGD Loss 	 PGD Acc
[2025/10/14 19:03:07] - 2.5937 	 	 0.5011 	 2.8888 	 0.2678
[2025/10/14 19:03:57] - 32 	 23.2 	 	 0.2000 	 4.1021 	 0.2664
[2025/10/14 19:03:57] - ==> Building model..
[2025/10/14 19:04:16] - Test Loss 	 Test Acc 	 PGD Loss 	 PGD Acc
[2025/10/14 19:04:16] - 2.5927 	 	 0.5007 	 2.8877 	 0.2693
[2025/10/14 19:05:06] - 33 	 23.5 	 	 0.2000 	 4.1004 	 0.2698
[2025/10/14 19:05:06] - ==> Building model..
[2025/10/14 19:05:26] - Test Loss 	 Test Acc 	 PGD Loss 	 PGD Acc
[2025/10/14 19:05:26] - 2.5882 	 	 0.4988 	 2.8831 	 0.2699
[2025/10/14 19:06:17] - 34 	 24.3 	 	 0.2000 	 4.1013 	 0.2664
[2025/10/14 19:06:17] - ==> Building model..
[2025/10/14 19:06:37] - Test Loss 	 Test Acc 	 PGD Loss 	 PGD Acc
[2025/10/14 19:06:37] - 2.5848 	 	 0.4983 	 2.8796 	 0.2700
[2025/10/14 19:07:28] - 35 	 23.8 	 	 0.2000 	 4.0968 	 0.2727
[2025/10/14 19:07:28] - ==> Building model..
[2025/10/14 19:07:47] - Test Loss 	 Test Acc 	 PGD Loss 	 PGD Acc
[2025/10/14 19:07:47] - 2.5798 	 	 0.5020 	 2.8764 	 0.2707
[2025/10/14 19:08:40] - 36 	 24.6 	 	 0.2000 	 4.0972 	 0.2708
[2025/10/14 19:08:40] - ==> Building model..
[2025/10/14 19:09:00] - Test Loss 	 Test Acc 	 PGD Loss 	 PGD Acc
[2025/10/14 19:09:00] - 2.5816 	 	 0.5019 	 2.8789 	 0.2725
[2025/10/14 19:09:50] - 37 	 23.9 	 	 0.2000 	 4.0970 	 0.2711
[2025/10/14 19:09:50] - ==> Building model..
[2025/10/14 19:10:10] - Test Loss 	 Test Acc 	 PGD Loss 	 PGD Acc
[2025/10/14 19:10:10] - 2.5807 	 	 0.5028 	 2.8787 	 0.2733
[2025/10/14 19:11:02] - 38 	 24.5 	 	 0.2000 	 4.0934 	 0.2719
[2025/10/14 19:11:02] - ==> Building model..
[2025/10/14 19:11:22] - Test Loss 	 Test Acc 	 PGD Loss 	 PGD Acc
[2025/10/14 19:11:22] - 2.5749 	 	 0.5032 	 2.8741 	 0.2738
[2025/10/14 19:12:13] - 39 	 24.3 	 	 0.2000 	 4.0955 	 0.2707
[2025/10/14 19:12:13] - ==> Building model..
[2025/10/14 19:12:33] - Test Loss 	 Test Acc 	 PGD Loss 	 PGD Acc
[2025/10/14 19:12:33] - 2.5735 	 	 0.5052 	 2.8725 	 0.2733
[2025/10/14 19:13:25] - 40 	 24.9 	 	 0.2000 	 4.0945 	 0.2723
[2025/10/14 19:13:25] - ==> Building model..
[2025/10/14 19:13:45] - Test Loss 	 Test Acc 	 PGD Loss 	 PGD Acc
[2025/10/14 19:13:45] - 2.5696 	 	 0.5048 	 2.8689 	 0.2741
[2025/10/14 19:14:38] - 41 	 24.4 	 	 0.2000 	 4.0947 	 0.2726
[2025/10/14 19:14:38] - ==> Building model..
[2025/10/14 19:14:58] - Test Loss 	 Test Acc 	 PGD Loss 	 PGD Acc
[2025/10/14 19:14:58] - 2.5696 	 	 0.5047 	 2.8696 	 0.2741
[2025/10/14 19:15:48] - 42 	 23.3 	 	 0.2000 	 4.0950 	 0.2704
[2025/10/14 19:15:48] - ==> Building model..
[2025/10/14 19:16:08] - Test Loss 	 Test Acc 	 PGD Loss 	 PGD Acc
[2025/10/14 19:16:08] - 2.5692 	 	 0.5059 	 2.8698 	 0.2727
[2025/10/14 19:16:57] - 43 	 23.4 	 	 0.2000 	 4.0947 	 0.2708
[2025/10/14 19:16:57] - ==> Building model..
[2025/10/14 19:17:16] - Test Loss 	 Test Acc 	 PGD Loss 	 PGD Acc
[2025/10/14 19:17:16] - 2.5695 	 	 0.5070 	 2.8696 	 0.2746
[2025/10/14 19:18:07] - 44 	 23.5 	 	 0.2000 	 4.0925 	 0.2747
[2025/10/14 19:18:07] - ==> Building model..
[2025/10/14 19:18:26] - Test Loss 	 Test Acc 	 PGD Loss 	 PGD Acc
[2025/10/14 19:18:26] - 2.5641 	 	 0.5078 	 2.8661 	 0.2742
[2025/10/14 19:19:17] - 45 	 23.6 	 	 0.2000 	 4.0920 	 0.2739
[2025/10/14 19:19:17] - ==> Building model..
[2025/10/14 19:19:36] - Test Loss 	 Test Acc 	 PGD Loss 	 PGD Acc
[2025/10/14 19:19:36] - 2.5629 	 	 0.5093 	 2.8652 	 0.2756
[2025/10/14 19:20:26] - 46 	 23.2 	 	 0.2000 	 4.0895 	 0.2743
[2025/10/14 19:20:26] - ==> Building model..
[2025/10/14 19:20:45] - Test Loss 	 Test Acc 	 PGD Loss 	 PGD Acc
[2025/10/14 19:20:45] - 2.5577 	 	 0.5096 	 2.8609 	 0.2761
[2025/10/14 19:21:38] - 47 	 24.2 	 	 0.2000 	 4.0909 	 0.2730
[2025/10/14 19:21:38] - ==> Building model..
[2025/10/14 19:21:57] - Test Loss 	 Test Acc 	 PGD Loss 	 PGD Acc
[2025/10/14 19:21:57] - 2.5552 	 	 0.5102 	 2.8601 	 0.2762
[2025/10/14 19:22:47] - 48 	 23.5 	 	 0.2000 	 4.0884 	 0.2774
[2025/10/14 19:22:47] - ==> Building model..
[2025/10/14 19:23:07] - Test Loss 	 Test Acc 	 PGD Loss 	 PGD Acc
[2025/10/14 19:23:07] - 2.5552 	 	 0.5102 	 2.8600 	 0.2769
[2025/10/14 19:23:57] - 49 	 23.0 	 	 0.2000 	 4.0881 	 0.2769
[2025/10/14 19:23:57] - ==> Building model..
[2025/10/14 19:24:17] - Test Loss 	 Test Acc 	 PGD Loss 	 PGD Acc
[2025/10/14 19:24:17] - 2.5555 	 	 0.5108 	 2.8601 	 0.2761
[2025/10/14 19:25:06] - 50 	 23.2 	 	 0.2000 	 4.0888 	 0.2756
[2025/10/14 19:25:06] - ==> Building model..
[2025/10/14 19:25:26] - Test Loss 	 Test Acc 	 PGD Loss 	 PGD Acc
[2025/10/14 19:25:26] - 2.5553 	 	 0.5121 	 2.8600 	 0.2768
[2025/10/14 19:26:15] - 51 	 23.1 	 	 0.2000 	 4.0900 	 0.2731
[2025/10/14 19:26:15] - ==> Building model..
[2025/10/14 19:26:35] - Test Loss 	 Test Acc 	 PGD Loss 	 PGD Acc
[2025/10/14 19:26:35] - 2.5591 	 	 0.5105 	 2.8637 	 0.2772
[2025/10/14 19:27:25] - 52 	 23.5 	 	 0.2000 	 4.0904 	 0.2761
[2025/10/14 19:27:25] - ==> Building model..
[2025/10/14 19:27:44] - Test Loss 	 Test Acc 	 PGD Loss 	 PGD Acc
[2025/10/14 19:27:44] - 2.5583 	 	 0.5108 	 2.8632 	 0.2762
[2025/10/14 19:28:33] - 53 	 23.7 	 	 0.2000 	 4.0886 	 0.2774
[2025/10/14 19:28:33] - ==> Building model..
[2025/10/14 19:28:53] - Test Loss 	 Test Acc 	 PGD Loss 	 PGD Acc
[2025/10/14 19:28:53] - 2.5565 	 	 0.5111 	 2.8607 	 0.2760
[2025/10/14 19:29:42] - 54 	 23.1 	 	 0.2000 	 4.0908 	 0.2768
[2025/10/14 19:29:42] - ==> Building model..
[2025/10/14 19:30:02] - Test Loss 	 Test Acc 	 PGD Loss 	 PGD Acc
[2025/10/14 19:30:02] - 2.5551 	 	 0.5119 	 2.8599 	 0.2766
[2025/10/14 19:30:53] - 55 	 23.9 	 	 0.2000 	 4.0890 	 0.2775
[2025/10/14 19:30:53] - ==> Building model..
[2025/10/14 19:31:13] - Test Loss 	 Test Acc 	 PGD Loss 	 PGD Acc
[2025/10/14 19:31:13] - 2.5539 	 	 0.5128 	 2.8587 	 0.2766
[2025/10/14 19:32:05] - 56 	 24.1 	 	 0.2000 	 4.0907 	 0.2749
[2025/10/14 19:32:05] - ==> Building model..
[2025/10/14 19:32:24] - Test Loss 	 Test Acc 	 PGD Loss 	 PGD Acc
[2025/10/14 19:32:24] - 2.5579 	 	 0.5128 	 2.8612 	 0.2777
[2025/10/14 19:33:14] - 57 	 23.1 	 	 0.2000 	 4.0905 	 0.2789
[2025/10/14 19:33:14] - ==> Building model..
[2025/10/14 19:33:33] - Test Loss 	 Test Acc 	 PGD Loss 	 PGD Acc
[2025/10/14 19:33:33] - 2.5594 	 	 0.5128 	 2.8624 	 0.2766
[2025/10/14 19:34:22] - 58 	 23.3 	 	 0.2000 	 4.0899 	 0.2774
[2025/10/14 19:34:22] - ==> Building model..
[2025/10/14 19:34:41] - Test Loss 	 Test Acc 	 PGD Loss 	 PGD Acc
[2025/10/14 19:34:41] - 2.5615 	 	 0.5139 	 2.8641 	 0.2788
[2025/10/14 19:35:32] - 59 	 23.9 	 	 0.2000 	 4.0915 	 0.2759
[2025/10/14 19:35:32] - ==> Building model..
[2025/10/14 19:35:51] - Test Loss 	 Test Acc 	 PGD Loss 	 PGD Acc
[2025/10/14 19:35:51] - 2.5628 	 	 0.5140 	 2.8641 	 0.2800
[2025/10/14 19:36:40] - 60 	 22.7 	 	 0.2000 	 4.0899 	 0.2799
[2025/10/14 19:36:40] - ==> Building model..
[2025/10/14 19:36:59] - Test Loss 	 Test Acc 	 PGD Loss 	 PGD Acc
[2025/10/14 19:36:59] - 2.5643 	 	 0.5130 	 2.8654 	 0.2799
[2025/10/14 19:37:50] - 61 	 23.9 	 	 0.2000 	 4.0915 	 0.2756
[2025/10/14 19:37:50] - ==> Building model..
[2025/10/14 19:38:10] - Test Loss 	 Test Acc 	 PGD Loss 	 PGD Acc
[2025/10/14 19:38:10] - 2.5652 	 	 0.5145 	 2.8645 	 0.2795
[2025/10/14 19:39:00] - 62 	 23.6 	 	 0.2000 	 4.0909 	 0.2800
[2025/10/14 19:39:00] - ==> Building model..
[2025/10/14 19:39:20] - Test Loss 	 Test Acc 	 PGD Loss 	 PGD Acc
[2025/10/14 19:39:20] - 2.5659 	 	 0.5138 	 2.8649 	 0.2800
[2025/10/14 19:40:12] - 63 	 24.3 	 	 0.2000 	 4.0935 	 0.2763
[2025/10/14 19:40:12] - ==> Building model..
[2025/10/14 19:40:32] - Test Loss 	 Test Acc 	 PGD Loss 	 PGD Acc
[2025/10/14 19:40:32] - 2.5683 	 	 0.5140 	 2.8661 	 0.2793
[2025/10/14 19:41:24] - 64 	 23.9 	 	 0.2000 	 4.0909 	 0.2796
[2025/10/14 19:41:24] - ==> Building model..
[2025/10/14 19:41:43] - Test Loss 	 Test Acc 	 PGD Loss 	 PGD Acc
[2025/10/14 19:41:43] - 2.5698 	 	 0.5132 	 2.8667 	 0.2787
[2025/10/14 19:42:34] - 65 	 23.9 	 	 0.2000 	 4.0919 	 0.2802
[2025/10/14 19:42:34] - ==> Building model..
[2025/10/14 19:42:53] - Test Loss 	 Test Acc 	 PGD Loss 	 PGD Acc
[2025/10/14 19:42:53] - 2.5754 	 	 0.5127 	 2.8706 	 0.2795
[2025/10/14 19:43:43] - 66 	 23.7 	 	 0.2000 	 4.0912 	 0.2776
[2025/10/14 19:43:43] - ==> Building model..
[2025/10/14 19:44:02] - Test Loss 	 Test Acc 	 PGD Loss 	 PGD Acc
[2025/10/14 19:44:02] - 2.5784 	 	 0.5121 	 2.8726 	 0.2798
[2025/10/14 19:44:52] - 67 	 23.4 	 	 0.2000 	 4.0925 	 0.2767
[2025/10/14 19:44:52] - ==> Building model..
[2025/10/14 19:45:12] - Test Loss 	 Test Acc 	 PGD Loss 	 PGD Acc
[2025/10/14 19:45:12] - 2.5818 	 	 0.5133 	 2.8758 	 0.2794
[2025/10/14 19:46:00] - 68 	 23.1 	 	 0.2000 	 4.0914 	 0.2778
[2025/10/14 19:46:00] - ==> Building model..
[2025/10/14 19:46:19] - Test Loss 	 Test Acc 	 PGD Loss 	 PGD Acc
[2025/10/14 19:46:19] - 2.5829 	 	 0.5138 	 2.8759 	 0.2795
[2025/10/14 19:47:10] - 69 	 23.7 	 	 0.2000 	 4.0927 	 0.2765
[2025/10/14 19:47:10] - ==> Building model..
[2025/10/14 19:47:29] - Test Loss 	 Test Acc 	 PGD Loss 	 PGD Acc
[2025/10/14 19:47:29] - 2.5846 	 	 0.5128 	 2.8777 	 0.2795
[2025/10/14 19:48:20] - 70 	 23.6 	 	 0.2000 	 4.0935 	 0.2757
[2025/10/14 19:48:20] - ==> Building model..
[2025/10/14 19:48:39] - Test Loss 	 Test Acc 	 PGD Loss 	 PGD Acc
[2025/10/14 19:48:39] - 2.5842 	 	 0.5142 	 2.8766 	 0.2807
[2025/10/14 19:49:29] - 71 	 23.8 	 	 0.2000 	 4.0925 	 0.2781
[2025/10/14 19:49:29] - ==> Building model..
[2025/10/14 19:49:49] - Test Loss 	 Test Acc 	 PGD Loss 	 PGD Acc
[2025/10/14 19:49:49] - 2.5842 	 	 0.5140 	 2.8765 	 0.2792
[2025/10/14 19:50:38] - 72 	 23.5 	 	 0.2000 	 4.0926 	 0.2751
[2025/10/14 19:50:38] - ==> Building model..
[2025/10/14 19:50:59] - Test Loss 	 Test Acc 	 PGD Loss 	 PGD Acc
[2025/10/14 19:50:59] - 2.5838 	 	 0.5143 	 2.8763 	 0.2801
[2025/10/14 19:51:49] - 73 	 24.1 	 	 0.2000 	 4.0913 	 0.2769
[2025/10/14 19:51:49] - ==> Building model..
[2025/10/14 19:52:08] - Test Loss 	 Test Acc 	 PGD Loss 	 PGD Acc
[2025/10/14 19:52:08] - 2.5834 	 	 0.5160 	 2.8757 	 0.2795
[2025/10/14 19:52:56] - 74 	 23.1 	 	 0.2000 	 4.0927 	 0.2774
[2025/10/14 19:52:56] - ==> Building model..
[2025/10/14 19:53:15] - Test Loss 	 Test Acc 	 PGD Loss 	 PGD Acc
[2025/10/14 19:53:15] - 2.5830 	 	 0.5170 	 2.8756 	 0.2801
[2025/10/14 19:54:05] - 75 	 23.4 	 	 0.2000 	 4.0918 	 0.2795
[2025/10/14 19:54:05] - ==> Building model..
[2025/10/14 19:54:24] - Test Loss 	 Test Acc 	 PGD Loss 	 PGD Acc
[2025/10/14 19:54:24] - 2.5839 	 	 0.5177 	 2.8763 	 0.2806
[2025/10/14 19:55:14] - 76 	 23.4 	 	 0.2000 	 4.0926 	 0.2783
[2025/10/14 19:55:14] - ==> Building model..
[2025/10/14 19:55:33] - Test Loss 	 Test Acc 	 PGD Loss 	 PGD Acc
[2025/10/14 19:55:33] - 2.5858 	 	 0.5167 	 2.8777 	 0.2807
[2025/10/14 19:56:24] - 77 	 23.3 	 	 0.2000 	 4.0914 	 0.2789
[2025/10/14 19:56:24] - ==> Building model..
[2025/10/14 19:56:43] - Test Loss 	 Test Acc 	 PGD Loss 	 PGD Acc
[2025/10/14 19:56:43] - 2.5860 	 	 0.5165 	 2.8779 	 0.2799
[2025/10/14 19:57:33] - 78 	 22.9 	 	 0.2000 	 4.0924 	 0.2777
[2025/10/14 19:57:33] - ==> Building model..
[2025/10/14 19:57:52] - Test Loss 	 Test Acc 	 PGD Loss 	 PGD Acc
[2025/10/14 19:57:52] - 2.5858 	 	 0.5186 	 2.8774 	 0.2790
[2025/10/14 19:58:41] - 79 	 23.2 	 	 0.2000 	 4.0916 	 0.2796
[2025/10/14 19:58:41] - ==> Building model..
[2025/10/14 19:59:01] - Test Loss 	 Test Acc 	 PGD Loss 	 PGD Acc
[2025/10/14 19:59:01] - 2.5870 	 	 0.5186 	 2.8785 	 0.2801
[2025/10/14 19:59:51] - 80 	 23.6 	 	 0.2000 	 4.0901 	 0.2785
[2025/10/14 19:59:51] - ==> Building model..
[2025/10/14 20:00:11] - Test Loss 	 Test Acc 	 PGD Loss 	 PGD Acc
[2025/10/14 20:00:11] - 2.5873 	 	 0.5195 	 2.8787 	 0.2799
[2025/10/14 20:01:00] - 81 	 23.3 	 	 0.2000 	 4.0924 	 0.2768
[2025/10/14 20:01:00] - ==> Building model..
[2025/10/14 20:01:19] - Test Loss 	 Test Acc 	 PGD Loss 	 PGD Acc
[2025/10/14 20:01:19] - 2.5877 	 	 0.5187 	 2.8788 	 0.2810
[2025/10/14 20:02:11] - 82 	 24.1 	 	 0.2000 	 4.0921 	 0.2780
[2025/10/14 20:02:11] - ==> Building model..
[2025/10/14 20:02:31] - Test Loss 	 Test Acc 	 PGD Loss 	 PGD Acc
[2025/10/14 20:02:31] - 2.5866 	 	 0.5190 	 2.8781 	 0.2819
[2025/10/14 20:03:21] - 83 	 23.1 	 	 0.2000 	 4.0893 	 0.2792
[2025/10/14 20:03:21] - ==> Building model..
[2025/10/14 20:03:40] - Test Loss 	 Test Acc 	 PGD Loss 	 PGD Acc
[2025/10/14 20:03:40] - 2.5873 	 	 0.5192 	 2.8790 	 0.2826
[2025/10/14 20:04:29] - 84 	 22.8 	 	 0.2000 	 4.0922 	 0.2793
[2025/10/14 20:04:29] - ==> Building model..
[2025/10/14 20:04:48] - Test Loss 	 Test Acc 	 PGD Loss 	 PGD Acc
[2025/10/14 20:04:48] - 2.5871 	 	 0.5190 	 2.8787 	 0.2830
[2025/10/14 20:05:36] - 85 	 22.5 	 	 0.2000 	 4.0909 	 0.2810
[2025/10/14 20:05:36] - ==> Building model..
[2025/10/14 20:05:55] - Test Loss 	 Test Acc 	 PGD Loss 	 PGD Acc
[2025/10/14 20:05:55] - 2.5888 	 	 0.5192 	 2.8801 	 0.2838
[2025/10/14 20:06:46] - 86 	 24.0 	 	 0.2000 	 4.0900 	 0.2799
[2025/10/14 20:06:46] - ==> Building model..
[2025/10/14 20:07:06] - Test Loss 	 Test Acc 	 PGD Loss 	 PGD Acc
[2025/10/14 20:07:06] - 2.5895 	 	 0.5199 	 2.8808 	 0.2825
[2025/10/14 20:07:57] - 87 	 23.7 	 	 0.2000 	 4.0905 	 0.2790
[2025/10/14 20:07:57] - ==> Building model..
[2025/10/14 20:08:16] - Test Loss 	 Test Acc 	 PGD Loss 	 PGD Acc
[2025/10/14 20:08:16] - 2.5904 	 	 0.5199 	 2.8815 	 0.2823
[2025/10/14 20:09:08] - 88 	 24.3 	 	 0.2000 	 4.0914 	 0.2783
[2025/10/14 20:09:08] - ==> Building model..
[2025/10/14 20:09:28] - Test Loss 	 Test Acc 	 PGD Loss 	 PGD Acc
[2025/10/14 20:09:28] - 2.5903 	 	 0.5206 	 2.8822 	 0.2829
[2025/10/14 20:10:20] - 89 	 24.1 	 	 0.2000 	 4.0901 	 0.2803
[2025/10/14 20:10:20] - ==> Building model..
[2025/10/14 20:10:39] - Test Loss 	 Test Acc 	 PGD Loss 	 PGD Acc
[2025/10/14 20:10:39] - 2.5907 	 	 0.5205 	 2.8813 	 0.2832
[2025/10/14 20:11:28] - 90 	 22.3 	 	 0.0200 	 3.9946 	 0.3413
[2025/10/14 20:11:28] - ==> Building model..
[2025/10/14 20:11:47] - Test Loss 	 Test Acc 	 PGD Loss 	 PGD Acc
[2025/10/14 20:11:47] - 2.5880 	 	 0.5198 	 2.8794 	 0.2825
[2025/10/14 20:12:35] - 91 	 21.8 	 	 0.0200 	 3.9023 	 0.4023
[2025/10/14 20:12:35] - ==> Building model..
[2025/10/14 20:12:55] - Test Loss 	 Test Acc 	 PGD Loss 	 PGD Acc
[2025/10/14 20:12:55] - 2.5868 	 	 0.5204 	 2.8785 	 0.2822
[2025/10/14 20:13:43] - 92 	 21.8 	 	 0.0200 	 3.8757 	 0.4205
[2025/10/14 20:13:43] - ==> Building model..
[2025/10/14 20:14:02] - Test Loss 	 Test Acc 	 PGD Loss 	 PGD Acc
[2025/10/14 20:14:02] - 2.5867 	 	 0.5205 	 2.8785 	 0.2822
[2025/10/14 20:14:51] - 93 	 22.0 	 	 0.0200 	 3.8598 	 0.4305
[2025/10/14 20:14:51] - ==> Building model..
[2025/10/14 20:15:10] - Test Loss 	 Test Acc 	 PGD Loss 	 PGD Acc
[2025/10/14 20:15:10] - 2.5869 	 	 0.5207 	 2.8791 	 0.2829
[2025/10/14 20:16:00] - 94 	 22.5 	 	 0.0200 	 3.8437 	 0.4417
[2025/10/14 20:16:00] - ==> Building model..
[2025/10/14 20:16:19] - Test Loss 	 Test Acc 	 PGD Loss 	 PGD Acc
[2025/10/14 20:16:19] - 2.5882 	 	 0.5205 	 2.8798 	 0.2827
[2025/10/14 20:17:09] - 95 	 23.0 	 	 0.0200 	 3.8320 	 0.4498
[2025/10/14 20:17:09] - ==> Building model..
[2025/10/14 20:17:28] - Test Loss 	 Test Acc 	 PGD Loss 	 PGD Acc
[2025/10/14 20:17:28] - 2.5912 	 	 0.5207 	 2.8825 	 0.2823
[2025/10/14 20:18:18] - 96 	 22.3 	 	 0.0200 	 3.8223 	 0.4592
[2025/10/14 20:18:18] - ==> Building model..
[2025/10/14 20:18:37] - Test Loss 	 Test Acc 	 PGD Loss 	 PGD Acc
[2025/10/14 20:18:37] - 2.5934 	 	 0.5205 	 2.8841 	 0.2821
[2025/10/14 20:19:29] - 97 	 23.0 	 	 0.0200 	 3.8126 	 0.4665
[2025/10/14 20:19:29] - ==> Building model..
[2025/10/14 20:19:48] - Test Loss 	 Test Acc 	 PGD Loss 	 PGD Acc
[2025/10/14 20:19:48] - 2.5942 	 	 0.5204 	 2.8847 	 0.2827
[2025/10/14 20:20:37] - 98 	 22.3 	 	 0.0200 	 3.8045 	 0.4697
[2025/10/14 20:20:37] - ==> Building model..
[2025/10/14 20:20:57] - Test Loss 	 Test Acc 	 PGD Loss 	 PGD Acc
[2025/10/14 20:20:57] - 2.5953 	 	 0.5203 	 2.8855 	 0.2828
[2025/10/14 20:21:48] - 99 	 23.1 	 	 0.0200 	 3.7969 	 0.4792
[2025/10/14 20:21:48] - ==> Building model..
[2025/10/14 20:22:08] - Test Loss 	 Test Acc 	 PGD Loss 	 PGD Acc
[2025/10/14 20:22:08] - 2.5977 	 	 0.5202 	 2.8879 	 0.2829
[2025/10/14 20:22:08] - [0.0809, 0.139, 0.1832, 0.2269, 0.2694, 0.3057, 0.3465, 0.3765, 0.4013, 0.4156, 0.4278, 0.4384, 0.4489, 0.4519, 0.4576, 0.4629, 0.4682, 0.473, 0.4748, 0.4785, 0.4827, 0.4844, 0.486, 0.4866, 0.4868, 0.49, 0.4913, 0.4942, 0.4957, 0.4988, 0.4985, 0.5011, 0.5007, 0.4988, 0.4983, 0.502, 0.5019, 0.5028, 0.5032, 0.5052, 0.5048, 0.5047, 0.5059, 0.507, 0.5078, 0.5093, 0.5096, 0.5102, 0.5102, 0.5108, 0.5121, 0.5105, 0.5108, 0.5111, 0.5119, 0.5128, 0.5128, 0.5128, 0.5139, 0.514, 0.513, 0.5145, 0.5138, 0.514, 0.5132, 0.5127, 0.5121, 0.5133, 0.5138, 0.5128, 0.5142, 0.514, 0.5143, 0.516, 0.517, 0.5177, 0.5167, 0.5165, 0.5186, 0.5186, 0.5195, 0.5187, 0.519, 0.5192, 0.519, 0.5192, 0.5199, 0.5199, 0.5206, 0.5205, 0.5198, 0.5204, 0.5205, 0.5207, 0.5205, 0.5207, 0.5205, 0.5204, 0.5203, 0.5202]
[2025/10/14 20:22:08] - [0.0522, 0.0888, 0.1155, 0.1368, 0.1597, 0.1774, 0.192, 0.2055, 0.2154, 0.2248, 0.2311, 0.2371, 0.2391, 0.2428, 0.2454, 0.2487, 0.2513, 0.2534, 0.2553, 0.2584, 0.2605, 0.259, 0.2597, 0.2609, 0.2626, 0.2656, 0.2656, 0.2666, 0.2659, 0.2677, 0.2671, 0.2678, 0.2693, 0.2699, 0.27, 0.2707, 0.2725, 0.2733, 0.2738, 0.2733, 0.2741, 0.2741, 0.2727, 0.2746, 0.2742, 0.2756, 0.2761, 0.2762, 0.2769, 0.2761, 0.2768, 0.2772, 0.2762, 0.276, 0.2766, 0.2766, 0.2777, 0.2766, 0.2788, 0.28, 0.2799, 0.2795, 0.28, 0.2793, 0.2787, 0.2795, 0.2798, 0.2794, 0.2795, 0.2795, 0.2807, 0.2792, 0.2801, 0.2795, 0.2801, 0.2806, 0.2807, 0.2799, 0.279, 0.2801, 0.2799, 0.281, 0.2819, 0.2826, 0.283, 0.2838, 0.2825, 0.2823, 0.2829, 0.2832, 0.2825, 0.2822, 0.2822, 0.2829, 0.2827, 0.2823, 0.2821, 0.2827, 0.2828, 0.2829]
