[2025/09/29 05:57:47] - Namespace(batch_size=128, data_dir='cifar-data', epochs=100, lr_schedule='multistep', lr_min=0.0, lr_max=0.2, weight_decay=0.0005, momentum=0.9, model='ResNet18', epsilon=8, alpha=8, delta_init='random', normal_mean=0, normal_std=1, out_dir='./output/CIFAR100/beta_0.2/lam_scale_0.08', seed=0, lamda=42, lam_scale=0.08, lam_start=50, gamma=0.05, inner_gamma=0.05, beta=0.2, mu=3.5, batch_m=0.75, early_stop=False, factor=0.5, length=4, n_holes=1, c_num=0.125, EMA_value=0.55)
[2025/09/29 05:57:49] - ==> Building model..
[2025/09/29 05:57:50] - Epoch 	 Seconds 	 LR 	 	 Train Loss 	 Train Acc
[2025/09/29 05:58:55] - 0 	 37.8 	 	 0.2000 	 4.5650 	 0.0412
[2025/09/29 05:58:55] - ==> Building model..
[2025/09/29 05:59:25] - Test Loss 	 Test Acc 	 PGD Loss 	 PGD Acc
[2025/09/29 05:59:25] - 4.2212 	 	 0.0899 	 4.2352 	 0.0595
[2025/09/29 06:00:27] - 1 	 35.5 	 	 0.2000 	 4.4543 	 0.0816
[2025/09/29 06:00:27] - ==> Building model..
[2025/09/29 06:00:56] - Test Loss 	 Test Acc 	 PGD Loss 	 PGD Acc
[2025/09/29 06:00:56] - 4.0273 	 	 0.1483 	 4.0576 	 0.0955
[2025/09/29 06:02:00] - 2 	 37.2 	 	 0.2000 	 4.4025 	 0.1061
[2025/09/29 06:02:00] - ==> Building model..
[2025/09/29 06:02:29] - Test Loss 	 Test Acc 	 PGD Loss 	 PGD Acc
[2025/09/29 06:02:29] - 3.8800 	 	 0.1949 	 3.9280 	 0.1191
[2025/09/29 06:03:34] - 3 	 37.0 	 	 0.2000 	 4.3547 	 0.1289
[2025/09/29 06:03:34] - ==> Building model..
[2025/09/29 06:04:04] - Test Loss 	 Test Acc 	 PGD Loss 	 PGD Acc
[2025/09/29 06:04:04] - 3.6799 	 	 0.2426 	 3.7547 	 0.1428
[2025/09/29 06:05:08] - 4 	 36.3 	 	 0.2000 	 4.3124 	 0.1524
[2025/09/29 06:05:08] - ==> Building model..
[2025/09/29 06:05:37] - Test Loss 	 Test Acc 	 PGD Loss 	 PGD Acc
[2025/09/29 06:05:37] - 3.5810 	 	 0.2730 	 3.6755 	 0.1610
[2025/09/29 06:06:41] - 5 	 37.8 	 	 0.2000 	 4.2762 	 0.1701
[2025/09/29 06:06:41] - ==> Building model..
[2025/09/29 06:07:10] - Test Loss 	 Test Acc 	 PGD Loss 	 PGD Acc
[2025/09/29 06:07:10] - 3.3917 	 	 0.3119 	 3.5148 	 0.1758
[2025/09/29 06:08:14] - 6 	 36.9 	 	 0.2000 	 4.2465 	 0.1863
[2025/09/29 06:08:14] - ==> Building model..
[2025/09/29 06:08:44] - Test Loss 	 Test Acc 	 PGD Loss 	 PGD Acc
[2025/09/29 06:08:44] - 3.1925 	 	 0.3477 	 3.3472 	 0.1915
[2025/09/29 06:09:46] - 7 	 36.5 	 	 0.2000 	 4.2252 	 0.1979
[2025/09/29 06:09:46] - ==> Building model..
[2025/09/29 06:10:14] - Test Loss 	 Test Acc 	 PGD Loss 	 PGD Acc
[2025/09/29 06:10:14] - 3.0691 	 	 0.3769 	 3.2477 	 0.2049
[2025/09/29 06:11:18] - 8 	 37.1 	 	 0.2000 	 4.2056 	 0.2092
[2025/09/29 06:11:18] - ==> Building model..
[2025/09/29 06:11:46] - Test Loss 	 Test Acc 	 PGD Loss 	 PGD Acc
[2025/09/29 06:11:46] - 2.9807 	 	 0.3999 	 3.1785 	 0.2174
[2025/09/29 06:12:50] - 9 	 37.8 	 	 0.2000 	 4.1905 	 0.2166
[2025/09/29 06:12:50] - ==> Building model..
[2025/09/29 06:13:18] - Test Loss 	 Test Acc 	 PGD Loss 	 PGD Acc
[2025/09/29 06:13:18] - 2.9242 	 	 0.4157 	 3.1338 	 0.2227
[2025/09/29 06:14:20] - 10 	 35.9 	 	 0.2000 	 4.1780 	 0.2243
[2025/09/29 06:14:20] - ==> Building model..
[2025/09/29 06:14:49] - Test Loss 	 Test Acc 	 PGD Loss 	 PGD Acc
[2025/09/29 06:14:49] - 2.8711 	 	 0.4257 	 3.0920 	 0.2302
[2025/09/29 06:15:52] - 11 	 37.6 	 	 0.2000 	 4.1703 	 0.2293
[2025/09/29 06:15:52] - ==> Building model..
[2025/09/29 06:16:20] - Test Loss 	 Test Acc 	 PGD Loss 	 PGD Acc
[2025/09/29 06:16:20] - 2.8342 	 	 0.4338 	 3.0628 	 0.2339
[2025/09/29 06:17:24] - 12 	 37.7 	 	 0.2000 	 4.1603 	 0.2354
[2025/09/29 06:17:24] - ==> Building model..
[2025/09/29 06:17:51] - Test Loss 	 Test Acc 	 PGD Loss 	 PGD Acc
[2025/09/29 06:17:51] - 2.7969 	 	 0.4474 	 3.0356 	 0.2386
[2025/09/29 06:18:54] - 13 	 36.3 	 	 0.2000 	 4.1569 	 0.2363
[2025/09/29 06:18:54] - ==> Building model..
[2025/09/29 06:19:23] - Test Loss 	 Test Acc 	 PGD Loss 	 PGD Acc
[2025/09/29 06:19:23] - 2.7722 	 	 0.4514 	 3.0179 	 0.2409
[2025/09/29 06:20:27] - 14 	 38.6 	 	 0.2000 	 4.1516 	 0.2389
[2025/09/29 06:20:27] - ==> Building model..
[2025/09/29 06:20:56] - Test Loss 	 Test Acc 	 PGD Loss 	 PGD Acc
[2025/09/29 06:20:56] - 2.7558 	 	 0.4557 	 3.0066 	 0.2427
[2025/09/29 06:22:00] - 15 	 38.3 	 	 0.2000 	 4.1430 	 0.2443
[2025/09/29 06:22:00] - ==> Building model..
[2025/09/29 06:22:26] - Test Loss 	 Test Acc 	 PGD Loss 	 PGD Acc
[2025/09/29 06:22:26] - 2.7282 	 	 0.4635 	 2.9851 	 0.2477
[2025/09/29 06:23:30] - 16 	 38.4 	 	 0.2000 	 4.1390 	 0.2461
[2025/09/29 06:23:30] - ==> Building model..
[2025/09/29 06:23:57] - Test Loss 	 Test Acc 	 PGD Loss 	 PGD Acc
[2025/09/29 06:23:57] - 2.7114 	 	 0.4670 	 2.9718 	 0.2511
[2025/09/29 06:25:00] - 17 	 38.3 	 	 0.2000 	 4.1376 	 0.2477
[2025/09/29 06:25:00] - ==> Building model..
[2025/09/29 06:25:29] - Test Loss 	 Test Acc 	 PGD Loss 	 PGD Acc
[2025/09/29 06:25:29] - 2.7012 	 	 0.4684 	 2.9653 	 0.2540
[2025/09/29 06:26:33] - 18 	 38.5 	 	 0.2000 	 4.1313 	 0.2512
[2025/09/29 06:26:33] - ==> Building model..
[2025/09/29 06:27:02] - Test Loss 	 Test Acc 	 PGD Loss 	 PGD Acc
[2025/09/29 06:27:02] - 2.6842 	 	 0.4731 	 2.9517 	 0.2565
[2025/09/29 06:28:06] - 19 	 37.7 	 	 0.2000 	 4.1278 	 0.2553
[2025/09/29 06:28:06] - ==> Building model..
[2025/09/29 06:28:30] - Test Loss 	 Test Acc 	 PGD Loss 	 PGD Acc
[2025/09/29 06:28:30] - 2.6691 	 	 0.4793 	 2.9409 	 0.2572
[2025/09/29 06:29:34] - 20 	 38.0 	 	 0.2000 	 4.1266 	 0.2552
[2025/09/29 06:29:34] - ==> Building model..
[2025/09/29 06:30:03] - Test Loss 	 Test Acc 	 PGD Loss 	 PGD Acc
[2025/09/29 06:30:03] - 2.6598 	 	 0.4811 	 2.9347 	 0.2568
[2025/09/29 06:31:06] - 21 	 38.4 	 	 0.2000 	 4.1220 	 0.2566
[2025/09/29 06:31:06] - ==> Building model..
[2025/09/29 06:31:35] - Test Loss 	 Test Acc 	 PGD Loss 	 PGD Acc
[2025/09/29 06:31:35] - 2.6477 	 	 0.4828 	 2.9257 	 0.2600
[2025/09/29 06:32:38] - 22 	 38.1 	 	 0.2000 	 4.1225 	 0.2579
[2025/09/29 06:32:38] - ==> Building model..
[2025/09/29 06:33:03] - Test Loss 	 Test Acc 	 PGD Loss 	 PGD Acc
[2025/09/29 06:33:03] - 2.6410 	 	 0.4836 	 2.9212 	 0.2586
[2025/09/29 06:34:05] - 23 	 38.2 	 	 0.2000 	 4.1205 	 0.2562
[2025/09/29 06:34:05] - ==> Building model..
[2025/09/29 06:34:35] - Test Loss 	 Test Acc 	 PGD Loss 	 PGD Acc
[2025/09/29 06:34:35] - 2.6355 	 	 0.4856 	 2.9165 	 0.2592
[2025/09/29 06:35:37] - 24 	 37.7 	 	 0.2000 	 4.1169 	 0.2619
[2025/09/29 06:35:37] - ==> Building model..
[2025/09/29 06:36:06] - Test Loss 	 Test Acc 	 PGD Loss 	 PGD Acc
[2025/09/29 06:36:06] - 2.6336 	 	 0.4860 	 2.9159 	 0.2614
[2025/09/29 06:37:09] - 25 	 38.1 	 	 0.2000 	 4.1139 	 0.2620
[2025/09/29 06:37:09] - ==> Building model..
[2025/09/29 06:37:39] - Test Loss 	 Test Acc 	 PGD Loss 	 PGD Acc
[2025/09/29 06:37:39] - 2.6253 	 	 0.4894 	 2.9099 	 0.2622
[2025/09/29 06:38:42] - 26 	 36.8 	 	 0.2000 	 4.1103 	 0.2643
[2025/09/29 06:38:42] - ==> Building model..
[2025/09/29 06:39:11] - Test Loss 	 Test Acc 	 PGD Loss 	 PGD Acc
[2025/09/29 06:39:11] - 2.6149 	 	 0.4935 	 2.9013 	 0.2651
[2025/09/29 06:40:17] - 27 	 38.3 	 	 0.2000 	 4.1110 	 0.2651
[2025/09/29 06:40:17] - ==> Building model..
[2025/09/29 06:40:46] - Test Loss 	 Test Acc 	 PGD Loss 	 PGD Acc
[2025/09/29 06:40:46] - 2.6145 	 	 0.4924 	 2.9009 	 0.2653
[2025/09/29 06:41:50] - 28 	 37.9 	 	 0.2000 	 4.1092 	 0.2639
[2025/09/29 06:41:50] - ==> Building model..
[2025/09/29 06:42:20] - Test Loss 	 Test Acc 	 PGD Loss 	 PGD Acc
[2025/09/29 06:42:20] - 2.6119 	 	 0.4934 	 2.8992 	 0.2673
[2025/09/29 06:43:23] - 29 	 37.0 	 	 0.2000 	 4.1073 	 0.2652
[2025/09/29 06:43:23] - ==> Building model..
[2025/09/29 06:43:52] - Test Loss 	 Test Acc 	 PGD Loss 	 PGD Acc
[2025/09/29 06:43:52] - 2.6062 	 	 0.4943 	 2.8948 	 0.2660
[2025/09/29 06:44:58] - 30 	 38.5 	 	 0.2000 	 4.1078 	 0.2641
[2025/09/29 06:44:58] - ==> Building model..
[2025/09/29 06:45:27] - Test Loss 	 Test Acc 	 PGD Loss 	 PGD Acc
[2025/09/29 06:45:27] - 2.6013 	 	 0.4969 	 2.8903 	 0.2683
[2025/09/29 06:46:31] - 31 	 38.2 	 	 0.2000 	 4.1053 	 0.2668
[2025/09/29 06:46:31] - ==> Building model..
[2025/09/29 06:47:01] - Test Loss 	 Test Acc 	 PGD Loss 	 PGD Acc
[2025/09/29 06:47:01] - 2.5989 	 	 0.4969 	 2.8890 	 0.2684
[2025/09/29 06:48:05] - 32 	 36.6 	 	 0.2000 	 4.1041 	 0.2663
[2025/09/29 06:48:05] - ==> Building model..
[2025/09/29 06:48:34] - Test Loss 	 Test Acc 	 PGD Loss 	 PGD Acc
[2025/09/29 06:48:34] - 2.5942 	 	 0.4989 	 2.8852 	 0.2696
[2025/09/29 06:49:40] - 33 	 38.6 	 	 0.2000 	 4.1034 	 0.2677
[2025/09/29 06:49:40] - ==> Building model..
[2025/09/29 06:50:09] - Test Loss 	 Test Acc 	 PGD Loss 	 PGD Acc
[2025/09/29 06:50:09] - 2.5870 	 	 0.5009 	 2.8795 	 0.2712
[2025/09/29 06:51:14] - 34 	 37.5 	 	 0.2000 	 4.1036 	 0.2674
[2025/09/29 06:51:14] - ==> Building model..
[2025/09/29 06:51:44] - Test Loss 	 Test Acc 	 PGD Loss 	 PGD Acc
[2025/09/29 06:51:44] - 2.5813 	 	 0.5009 	 2.8736 	 0.2709
[2025/09/29 06:52:48] - 35 	 36.4 	 	 0.2000 	 4.0995 	 0.2712
[2025/09/29 06:52:48] - ==> Building model..
[2025/09/29 06:53:17] - Test Loss 	 Test Acc 	 PGD Loss 	 PGD Acc
[2025/09/29 06:53:17] - 2.5796 	 	 0.5020 	 2.8728 	 0.2729
[2025/09/29 06:54:22] - 36 	 38.3 	 	 0.2000 	 4.1008 	 0.2720
[2025/09/29 06:54:22] - ==> Building model..
[2025/09/29 06:54:52] - Test Loss 	 Test Acc 	 PGD Loss 	 PGD Acc
[2025/09/29 06:54:52] - 2.5792 	 	 0.5018 	 2.8723 	 0.2746
[2025/09/29 06:55:56] - 37 	 38.1 	 	 0.2000 	 4.1002 	 0.2699
[2025/09/29 06:55:56] - ==> Building model..
[2025/09/29 06:56:26] - Test Loss 	 Test Acc 	 PGD Loss 	 PGD Acc
[2025/09/29 06:56:26] - 2.5801 	 	 0.5015 	 2.8734 	 0.2730
[2025/09/29 06:57:30] - 38 	 37.3 	 	 0.2000 	 4.0976 	 0.2724
[2025/09/29 06:57:30] - ==> Building model..
[2025/09/29 06:57:59] - Test Loss 	 Test Acc 	 PGD Loss 	 PGD Acc
[2025/09/29 06:57:59] - 2.5789 	 	 0.5021 	 2.8728 	 0.2727
[2025/09/29 06:59:04] - 39 	 38.4 	 	 0.2000 	 4.0992 	 0.2692
[2025/09/29 06:59:04] - ==> Building model..
[2025/09/29 06:59:33] - Test Loss 	 Test Acc 	 PGD Loss 	 PGD Acc
[2025/09/29 06:59:33] - 2.5800 	 	 0.5025 	 2.8730 	 0.2733
[2025/09/29 07:00:37] - 40 	 37.7 	 	 0.2000 	 4.0972 	 0.2727
[2025/09/29 07:00:37] - ==> Building model..
[2025/09/29 07:01:06] - Test Loss 	 Test Acc 	 PGD Loss 	 PGD Acc
[2025/09/29 07:01:06] - 2.5798 	 	 0.5027 	 2.8730 	 0.2735
[2025/09/29 07:02:09] - 41 	 36.4 	 	 0.2000 	 4.0980 	 0.2725
[2025/09/29 07:02:09] - ==> Building model..
[2025/09/29 07:02:38] - Test Loss 	 Test Acc 	 PGD Loss 	 PGD Acc
[2025/09/29 07:02:38] - 2.5770 	 	 0.5042 	 2.8707 	 0.2745
[2025/09/29 07:03:43] - 42 	 38.1 	 	 0.2000 	 4.0978 	 0.2702
[2025/09/29 07:03:43] - ==> Building model..
[2025/09/29 07:04:12] - Test Loss 	 Test Acc 	 PGD Loss 	 PGD Acc
[2025/09/29 07:04:12] - 2.5737 	 	 0.5050 	 2.8695 	 0.2752
[2025/09/29 07:05:18] - 43 	 37.8 	 	 0.2000 	 4.0969 	 0.2714
[2025/09/29 07:05:18] - ==> Building model..
[2025/09/29 07:05:48] - Test Loss 	 Test Acc 	 PGD Loss 	 PGD Acc
[2025/09/29 07:05:48] - 2.5739 	 	 0.5063 	 2.8691 	 0.2757
[2025/09/29 07:06:51] - 44 	 36.8 	 	 0.2000 	 4.0957 	 0.2727
[2025/09/29 07:06:51] - ==> Building model..
[2025/09/29 07:07:20] - Test Loss 	 Test Acc 	 PGD Loss 	 PGD Acc
[2025/09/29 07:07:20] - 2.5712 	 	 0.5069 	 2.8674 	 0.2765
[2025/09/29 07:08:25] - 45 	 38.4 	 	 0.2000 	 4.0935 	 0.2728
[2025/09/29 07:08:25] - ==> Building model..
[2025/09/29 07:08:55] - Test Loss 	 Test Acc 	 PGD Loss 	 PGD Acc
[2025/09/29 07:08:55] - 2.5696 	 	 0.5073 	 2.8660 	 0.2759
[2025/09/29 07:09:58] - 46 	 37.8 	 	 0.2000 	 4.0925 	 0.2746
[2025/09/29 07:09:58] - ==> Building model..
[2025/09/29 07:10:28] - Test Loss 	 Test Acc 	 PGD Loss 	 PGD Acc
[2025/09/29 07:10:28] - 2.5704 	 	 0.5098 	 2.8678 	 0.2767
[2025/09/29 07:11:31] - 47 	 36.4 	 	 0.2000 	 4.0944 	 0.2714
[2025/09/29 07:11:31] - ==> Building model..
[2025/09/29 07:12:00] - Test Loss 	 Test Acc 	 PGD Loss 	 PGD Acc
[2025/09/29 07:12:00] - 2.5656 	 	 0.5096 	 2.8639 	 0.2767
[2025/09/29 07:13:05] - 48 	 38.3 	 	 0.2000 	 4.0909 	 0.2771
[2025/09/29 07:13:05] - ==> Building model..
[2025/09/29 07:13:34] - Test Loss 	 Test Acc 	 PGD Loss 	 PGD Acc
[2025/09/29 07:13:34] - 2.5641 	 	 0.5109 	 2.8626 	 0.2787
[2025/09/29 07:14:38] - 49 	 37.7 	 	 0.2000 	 4.0910 	 0.2773
[2025/09/29 07:14:38] - ==> Building model..
[2025/09/29 07:15:07] - Test Loss 	 Test Acc 	 PGD Loss 	 PGD Acc
[2025/09/29 07:15:07] - 2.5628 	 	 0.5111 	 2.8620 	 0.2779
[2025/09/29 07:16:08] - 50 	 35.2 	 	 0.2000 	 4.0912 	 0.2766
[2025/09/29 07:16:08] - ==> Building model..
[2025/09/29 07:16:37] - Test Loss 	 Test Acc 	 PGD Loss 	 PGD Acc
[2025/09/29 07:16:37] - 2.5628 	 	 0.5119 	 2.8616 	 0.2772
[2025/09/29 07:17:39] - 51 	 37.5 	 	 0.2000 	 4.0922 	 0.2732
[2025/09/29 07:17:39] - ==> Building model..
[2025/09/29 07:18:09] - Test Loss 	 Test Acc 	 PGD Loss 	 PGD Acc
[2025/09/29 07:18:09] - 2.5619 	 	 0.5126 	 2.8615 	 0.2799
[2025/09/29 07:19:12] - 52 	 37.4 	 	 0.2000 	 4.0924 	 0.2752
[2025/09/29 07:19:12] - ==> Building model..
[2025/09/29 07:19:42] - Test Loss 	 Test Acc 	 PGD Loss 	 PGD Acc
[2025/09/29 07:19:42] - 2.5610 	 	 0.5124 	 2.8608 	 0.2787
[2025/09/29 07:20:43] - 53 	 35.6 	 	 0.2000 	 4.0902 	 0.2780
[2025/09/29 07:20:43] - ==> Building model..
[2025/09/29 07:21:13] - Test Loss 	 Test Acc 	 PGD Loss 	 PGD Acc
[2025/09/29 07:21:13] - 2.5625 	 	 0.5128 	 2.8614 	 0.2789
[2025/09/29 07:22:18] - 54 	 38.4 	 	 0.2000 	 4.0938 	 0.2753
[2025/09/29 07:22:18] - ==> Building model..
[2025/09/29 07:22:47] - Test Loss 	 Test Acc 	 PGD Loss 	 PGD Acc
[2025/09/29 07:22:47] - 2.5637 	 	 0.5133 	 2.8617 	 0.2789
[2025/09/29 07:23:50] - 55 	 36.6 	 	 0.2000 	 4.0913 	 0.2763
[2025/09/29 07:23:50] - ==> Building model..
[2025/09/29 07:24:20] - Test Loss 	 Test Acc 	 PGD Loss 	 PGD Acc
[2025/09/29 07:24:20] - 2.5626 	 	 0.5131 	 2.8612 	 0.2791
[2025/09/29 07:25:22] - 56 	 36.1 	 	 0.2000 	 4.0935 	 0.2745
[2025/09/29 07:25:22] - ==> Building model..
[2025/09/29 07:25:51] - Test Loss 	 Test Acc 	 PGD Loss 	 PGD Acc
[2025/09/29 07:25:51] - 2.5642 	 	 0.5122 	 2.8629 	 0.2785
[2025/09/29 07:26:56] - 57 	 38.1 	 	 0.2000 	 4.0935 	 0.2782
[2025/09/29 07:26:56] - ==> Building model..
[2025/09/29 07:27:25] - Test Loss 	 Test Acc 	 PGD Loss 	 PGD Acc
[2025/09/29 07:27:25] - 2.5648 	 	 0.5140 	 2.8631 	 0.2792
[2025/09/29 07:28:27] - 58 	 36.6 	 	 0.2000 	 4.0929 	 0.2792
[2025/09/29 07:28:27] - ==> Building model..
[2025/09/29 07:28:57] - Test Loss 	 Test Acc 	 PGD Loss 	 PGD Acc
[2025/09/29 07:28:57] - 2.5691 	 	 0.5143 	 2.8667 	 0.2802
[2025/09/29 07:29:59] - 59 	 35.3 	 	 0.2000 	 4.0947 	 0.2762
[2025/09/29 07:29:59] - ==> Building model..
[2025/09/29 07:30:28] - Test Loss 	 Test Acc 	 PGD Loss 	 PGD Acc
[2025/09/29 07:30:28] - 2.5704 	 	 0.5140 	 2.8675 	 0.2801
[2025/09/29 07:31:31] - 60 	 37.4 	 	 0.2000 	 4.0925 	 0.2790
[2025/09/29 07:31:31] - ==> Building model..
[2025/09/29 07:32:01] - Test Loss 	 Test Acc 	 PGD Loss 	 PGD Acc
[2025/09/29 07:32:01] - 2.5725 	 	 0.5163 	 2.8691 	 0.2801
[2025/09/29 07:33:04] - 61 	 37.0 	 	 0.2000 	 4.0941 	 0.2740
[2025/09/29 07:33:04] - ==> Building model..
[2025/09/29 07:33:33] - Test Loss 	 Test Acc 	 PGD Loss 	 PGD Acc
[2025/09/29 07:33:33] - 2.5743 	 	 0.5139 	 2.8695 	 0.2803
[2025/09/29 07:34:34] - 62 	 35.2 	 	 0.2000 	 4.0951 	 0.2765
[2025/09/29 07:34:34] - ==> Building model..
[2025/09/29 07:35:03] - Test Loss 	 Test Acc 	 PGD Loss 	 PGD Acc
[2025/09/29 07:35:03] - 2.5766 	 	 0.5139 	 2.8710 	 0.2804
[2025/09/29 07:36:07] - 63 	 37.1 	 	 0.2000 	 4.0966 	 0.2751
[2025/09/29 07:36:07] - ==> Building model..
[2025/09/29 07:36:36] - Test Loss 	 Test Acc 	 PGD Loss 	 PGD Acc
[2025/09/29 07:36:36] - 2.5809 	 	 0.5130 	 2.8733 	 0.2808
[2025/09/29 07:37:41] - 64 	 37.4 	 	 0.2000 	 4.0942 	 0.2799
[2025/09/29 07:37:41] - ==> Building model..
[2025/09/29 07:38:10] - Test Loss 	 Test Acc 	 PGD Loss 	 PGD Acc
[2025/09/29 07:38:10] - 2.5851 	 	 0.5138 	 2.8770 	 0.2814
[2025/09/29 07:39:10] - 65 	 35.9 	 	 0.2000 	 4.0951 	 0.2769
[2025/09/29 07:39:10] - ==> Building model..
[2025/09/29 07:39:39] - Test Loss 	 Test Acc 	 PGD Loss 	 PGD Acc
[2025/09/29 07:39:39] - 2.5897 	 	 0.5126 	 2.8809 	 0.2810
[2025/09/29 07:40:42] - 66 	 37.5 	 	 0.2000 	 4.0947 	 0.2774
[2025/09/29 07:40:42] - ==> Building model..
[2025/09/29 07:41:10] - Test Loss 	 Test Acc 	 PGD Loss 	 PGD Acc
[2025/09/29 07:41:10] - 2.5911 	 	 0.5138 	 2.8816 	 0.2807
[2025/09/29 07:42:11] - 67 	 37.0 	 	 0.2000 	 4.0959 	 0.2759
[2025/09/29 07:42:11] - ==> Building model..
[2025/09/29 07:42:39] - Test Loss 	 Test Acc 	 PGD Loss 	 PGD Acc
[2025/09/29 07:42:39] - 2.5929 	 	 0.5145 	 2.8829 	 0.2801
[2025/09/29 07:43:41] - 68 	 35.2 	 	 0.2000 	 4.0946 	 0.2789
[2025/09/29 07:43:41] - ==> Building model..
[2025/09/29 07:44:10] - Test Loss 	 Test Acc 	 PGD Loss 	 PGD Acc
[2025/09/29 07:44:10] - 2.5942 	 	 0.5152 	 2.8830 	 0.2803
[2025/09/29 07:45:13] - 69 	 37.2 	 	 0.2000 	 4.0964 	 0.2763
[2025/09/29 07:45:13] - ==> Building model..
[2025/09/29 07:45:42] - Test Loss 	 Test Acc 	 PGD Loss 	 PGD Acc
[2025/09/29 07:45:42] - 2.5967 	 	 0.5132 	 2.8849 	 0.2802
[2025/09/29 07:46:47] - 70 	 37.3 	 	 0.2000 	 4.0972 	 0.2764
[2025/09/29 07:46:47] - ==> Building model..
[2025/09/29 07:47:14] - Test Loss 	 Test Acc 	 PGD Loss 	 PGD Acc
[2025/09/29 07:47:14] - 2.5977 	 	 0.5137 	 2.8857 	 0.2814
[2025/09/29 07:48:14] - 71 	 35.5 	 	 0.2000 	 4.0940 	 0.2792
[2025/09/29 07:48:14] - ==> Building model..
[2025/09/29 07:48:43] - Test Loss 	 Test Acc 	 PGD Loss 	 PGD Acc
[2025/09/29 07:48:43] - 2.5988 	 	 0.5138 	 2.8864 	 0.2817
[2025/09/29 07:49:46] - 72 	 37.2 	 	 0.2000 	 4.0947 	 0.2744
[2025/09/29 07:49:46] - ==> Building model..
[2025/09/29 07:50:16] - Test Loss 	 Test Acc 	 PGD Loss 	 PGD Acc
[2025/09/29 07:50:16] - 2.5997 	 	 0.5143 	 2.8877 	 0.2813
[2025/09/29 07:51:18] - 73 	 37.2 	 	 0.2000 	 4.0946 	 0.2759
[2025/09/29 07:51:18] - ==> Building model..
[2025/09/29 07:51:47] - Test Loss 	 Test Acc 	 PGD Loss 	 PGD Acc
[2025/09/29 07:51:47] - 2.6010 	 	 0.5138 	 2.8888 	 0.2815
[2025/09/29 07:52:51] - 74 	 38.8 	 	 0.2000 	 4.0950 	 0.2771
[2025/09/29 07:52:51] - ==> Building model..
[2025/09/29 07:53:15] - Test Loss 	 Test Acc 	 PGD Loss 	 PGD Acc
[2025/09/29 07:53:15] - 2.6008 	 	 0.5148 	 2.8880 	 0.2815
[2025/09/29 07:54:16] - 75 	 37.2 	 	 0.2000 	 4.0938 	 0.2782
[2025/09/29 07:54:16] - ==> Building model..
[2025/09/29 07:54:45] - Test Loss 	 Test Acc 	 PGD Loss 	 PGD Acc
[2025/09/29 07:54:45] - 2.6017 	 	 0.5156 	 2.8891 	 0.2806
[2025/09/29 07:55:51] - 76 	 38.3 	 	 0.2000 	 4.0950 	 0.2781
[2025/09/29 07:55:51] - ==> Building model..
[2025/09/29 07:56:20] - Test Loss 	 Test Acc 	 PGD Loss 	 PGD Acc
[2025/09/29 07:56:20] - 2.6024 	 	 0.5157 	 2.8902 	 0.2806
[2025/09/29 07:57:24] - 77 	 37.1 	 	 0.2000 	 4.0937 	 0.2803
[2025/09/29 07:57:24] - ==> Building model..
[2025/09/29 07:57:49] - Test Loss 	 Test Acc 	 PGD Loss 	 PGD Acc
[2025/09/29 07:57:49] - 2.6025 	 	 0.5159 	 2.8899 	 0.2818
[2025/09/29 07:58:53] - 78 	 37.1 	 	 0.2000 	 4.0955 	 0.2768
[2025/09/29 07:58:53] - ==> Building model..
[2025/09/29 07:59:22] - Test Loss 	 Test Acc 	 PGD Loss 	 PGD Acc
[2025/09/29 07:59:22] - 2.6024 	 	 0.5145 	 2.8902 	 0.2821
[2025/09/29 08:00:26] - 79 	 37.8 	 	 0.2000 	 4.0938 	 0.2790
[2025/09/29 08:00:26] - ==> Building model..
[2025/09/29 08:00:55] - Test Loss 	 Test Acc 	 PGD Loss 	 PGD Acc
[2025/09/29 08:00:55] - 2.6014 	 	 0.5155 	 2.8886 	 0.2826
[2025/09/29 08:02:00] - 80 	 38.4 	 	 0.2000 	 4.0943 	 0.2775
[2025/09/29 08:02:00] - ==> Building model..
[2025/09/29 08:02:24] - Test Loss 	 Test Acc 	 PGD Loss 	 PGD Acc
[2025/09/29 08:02:24] - 2.6015 	 	 0.5169 	 2.8891 	 0.2826
[2025/09/29 08:03:26] - 81 	 37.5 	 	 0.2000 	 4.0940 	 0.2783
[2025/09/29 08:03:26] - ==> Building model..
[2025/09/29 08:03:55] - Test Loss 	 Test Acc 	 PGD Loss 	 PGD Acc
[2025/09/29 08:03:55] - 2.6010 	 	 0.5166 	 2.8886 	 0.2822
[2025/09/29 08:04:57] - 82 	 37.7 	 	 0.2000 	 4.0939 	 0.2798
[2025/09/29 08:04:57] - ==> Building model..
[2025/09/29 08:05:26] - Test Loss 	 Test Acc 	 PGD Loss 	 PGD Acc
[2025/09/29 08:05:26] - 2.5995 	 	 0.5175 	 2.8881 	 0.2836
[2025/09/29 08:06:29] - 83 	 36.6 	 	 0.2000 	 4.0910 	 0.2799
[2025/09/29 08:06:29] - ==> Building model..
[2025/09/29 08:06:58] - Test Loss 	 Test Acc 	 PGD Loss 	 PGD Acc
[2025/09/29 08:06:58] - 2.5989 	 	 0.5169 	 2.8871 	 0.2831
[2025/09/29 08:07:59] - 84 	 35.8 	 	 0.2000 	 4.0949 	 0.2764
[2025/09/29 08:07:59] - ==> Building model..
[2025/09/29 08:08:28] - Test Loss 	 Test Acc 	 PGD Loss 	 PGD Acc
[2025/09/29 08:08:28] - 2.5991 	 	 0.5168 	 2.8874 	 0.2828
[2025/09/29 08:09:31] - 85 	 37.2 	 	 0.2000 	 4.0950 	 0.2776
[2025/09/29 08:09:31] - ==> Building model..
[2025/09/29 08:10:00] - Test Loss 	 Test Acc 	 PGD Loss 	 PGD Acc
[2025/09/29 08:10:00] - 2.6006 	 	 0.5169 	 2.8883 	 0.2836
[2025/09/29 08:11:03] - 86 	 37.6 	 	 0.2000 	 4.0935 	 0.2795
[2025/09/29 08:11:03] - ==> Building model..
[2025/09/29 08:11:33] - Test Loss 	 Test Acc 	 PGD Loss 	 PGD Acc
[2025/09/29 08:11:33] - 2.5993 	 	 0.5172 	 2.8874 	 0.2826
[2025/09/29 08:12:34] - 87 	 36.0 	 	 0.2000 	 4.0935 	 0.2790
[2025/09/29 08:12:34] - ==> Building model..
[2025/09/29 08:13:03] - Test Loss 	 Test Acc 	 PGD Loss 	 PGD Acc
[2025/09/29 08:13:03] - 2.6001 	 	 0.5176 	 2.8885 	 0.2828
[2025/09/29 08:14:08] - 88 	 38.1 	 	 0.2000 	 4.0942 	 0.2777
[2025/09/29 08:14:08] - ==> Building model..
[2025/09/29 08:14:37] - Test Loss 	 Test Acc 	 PGD Loss 	 PGD Acc
[2025/09/29 08:14:37] - 2.6014 	 	 0.5177 	 2.8892 	 0.2826
[2025/09/29 08:15:40] - 89 	 36.5 	 	 0.2000 	 4.0931 	 0.2784
[2025/09/29 08:15:40] - ==> Building model..
[2025/09/29 08:16:10] - Test Loss 	 Test Acc 	 PGD Loss 	 PGD Acc
[2025/09/29 08:16:10] - 2.6013 	 	 0.5177 	 2.8888 	 0.2841
[2025/09/29 08:17:08] - 90 	 34.4 	 	 0.0200 	 3.9984 	 0.3396
[2025/09/29 08:17:08] - ==> Building model..
[2025/09/29 08:17:37] - Test Loss 	 Test Acc 	 PGD Loss 	 PGD Acc
[2025/09/29 08:17:37] - 2.5991 	 	 0.5189 	 2.8873 	 0.2840
[2025/09/29 08:18:38] - 91 	 36.3 	 	 0.0200 	 3.9068 	 0.4003
[2025/09/29 08:18:38] - ==> Building model..
[2025/09/29 08:19:07] - Test Loss 	 Test Acc 	 PGD Loss 	 PGD Acc
[2025/09/29 08:19:07] - 2.5982 	 	 0.5190 	 2.8866 	 0.2841
[2025/09/29 08:20:09] - 92 	 35.2 	 	 0.0200 	 3.8809 	 0.4200
[2025/09/29 08:20:09] - ==> Building model..
[2025/09/29 08:20:39] - Test Loss 	 Test Acc 	 PGD Loss 	 PGD Acc
[2025/09/29 08:20:39] - 2.5982 	 	 0.5190 	 2.8869 	 0.2838
[2025/09/29 08:21:40] - 93 	 34.2 	 	 0.0200 	 3.8635 	 0.4309
[2025/09/29 08:21:40] - ==> Building model..
[2025/09/29 08:22:09] - Test Loss 	 Test Acc 	 PGD Loss 	 PGD Acc
[2025/09/29 08:22:09] - 2.5985 	 	 0.5187 	 2.8875 	 0.2840
[2025/09/29 08:23:12] - 94 	 36.3 	 	 0.0200 	 3.8485 	 0.4416
[2025/09/29 08:23:12] - ==> Building model..
[2025/09/29 08:23:41] - Test Loss 	 Test Acc 	 PGD Loss 	 PGD Acc
[2025/09/29 08:23:41] - 2.6005 	 	 0.5188 	 2.8893 	 0.2841
[2025/09/29 08:24:43] - 95 	 35.3 	 	 0.0200 	 3.8372 	 0.4490
[2025/09/29 08:24:43] - ==> Building model..
[2025/09/29 08:25:12] - Test Loss 	 Test Acc 	 PGD Loss 	 PGD Acc
[2025/09/29 08:25:12] - 2.6020 	 	 0.5187 	 2.8909 	 0.2844
[2025/09/29 08:26:13] - 96 	 34.3 	 	 0.0200 	 3.8272 	 0.4572
[2025/09/29 08:26:13] - ==> Building model..
[2025/09/29 08:26:43] - Test Loss 	 Test Acc 	 PGD Loss 	 PGD Acc
[2025/09/29 08:26:43] - 2.6062 	 	 0.5188 	 2.8936 	 0.2837
[2025/09/29 08:27:46] - 97 	 37.2 	 	 0.0200 	 3.8179 	 0.4645
[2025/09/29 08:27:46] - ==> Building model..
[2025/09/29 08:28:16] - Test Loss 	 Test Acc 	 PGD Loss 	 PGD Acc
[2025/09/29 08:28:16] - 2.6098 	 	 0.5189 	 2.8969 	 0.2840
[2025/09/29 08:29:18] - 98 	 35.9 	 	 0.0200 	 3.8104 	 0.4701
[2025/09/29 08:29:18] - ==> Building model..
[2025/09/29 08:29:47] - Test Loss 	 Test Acc 	 PGD Loss 	 PGD Acc
[2025/09/29 08:29:47] - 2.6163 	 	 0.5189 	 2.9024 	 0.2836
[2025/09/29 08:30:46] - 99 	 34.4 	 	 0.0200 	 3.8026 	 0.4738
[2025/09/29 08:30:46] - ==> Building model..
[2025/09/29 08:31:15] - Test Loss 	 Test Acc 	 PGD Loss 	 PGD Acc
[2025/09/29 08:31:15] - 2.6174 	 	 0.5185 	 2.9031 	 0.2834
[2025/09/29 08:31:15] - [0.0899, 0.1483, 0.1949, 0.2426, 0.273, 0.3119, 0.3477, 0.3769, 0.3999, 0.4157, 0.4257, 0.4338, 0.4474, 0.4514, 0.4557, 0.4635, 0.467, 0.4684, 0.4731, 0.4793, 0.4811, 0.4828, 0.4836, 0.4856, 0.486, 0.4894, 0.4935, 0.4924, 0.4934, 0.4943, 0.4969, 0.4969, 0.4989, 0.5009, 0.5009, 0.502, 0.5018, 0.5015, 0.5021, 0.5025, 0.5027, 0.5042, 0.505, 0.5063, 0.5069, 0.5073, 0.5098, 0.5096, 0.5109, 0.5111, 0.5119, 0.5126, 0.5124, 0.5128, 0.5133, 0.5131, 0.5122, 0.514, 0.5143, 0.514, 0.5163, 0.5139, 0.5139, 0.513, 0.5138, 0.5126, 0.5138, 0.5145, 0.5152, 0.5132, 0.5137, 0.5138, 0.5143, 0.5138, 0.5148, 0.5156, 0.5157, 0.5159, 0.5145, 0.5155, 0.5169, 0.5166, 0.5175, 0.5169, 0.5168, 0.5169, 0.5172, 0.5176, 0.5177, 0.5177, 0.5189, 0.519, 0.519, 0.5187, 0.5188, 0.5187, 0.5188, 0.5189, 0.5189, 0.5185]
[2025/09/29 08:31:15] - [0.0595, 0.0955, 0.1191, 0.1428, 0.161, 0.1758, 0.1915, 0.2049, 0.2174, 0.2227, 0.2302, 0.2339, 0.2386, 0.2409, 0.2427, 0.2477, 0.2511, 0.254, 0.2565, 0.2572, 0.2568, 0.26, 0.2586, 0.2592, 0.2614, 0.2622, 0.2651, 0.2653, 0.2673, 0.266, 0.2683, 0.2684, 0.2696, 0.2712, 0.2709, 0.2729, 0.2746, 0.273, 0.2727, 0.2733, 0.2735, 0.2745, 0.2752, 0.2757, 0.2765, 0.2759, 0.2767, 0.2767, 0.2787, 0.2779, 0.2772, 0.2799, 0.2787, 0.2789, 0.2789, 0.2791, 0.2785, 0.2792, 0.2802, 0.2801, 0.2801, 0.2803, 0.2804, 0.2808, 0.2814, 0.281, 0.2807, 0.2801, 0.2803, 0.2802, 0.2814, 0.2817, 0.2813, 0.2815, 0.2815, 0.2806, 0.2806, 0.2818, 0.2821, 0.2826, 0.2826, 0.2822, 0.2836, 0.2831, 0.2828, 0.2836, 0.2826, 0.2828, 0.2826, 0.2841, 0.284, 0.2841, 0.2838, 0.284, 0.2841, 0.2844, 0.2837, 0.284, 0.2836, 0.2834]
