[2025/10/20 07:51:24] - Namespace(batch_size=128, data_dir='cifar-data', epochs=110, lr_schedule='multistep', lr_min=0.0, lr_max=0.2, weight_decay=0.0005, momentum=0.9, model='ResNet18', epsilon=8, alpha=8, delta_init='random', normal_mean=0, normal_std=1, out_dir='runs/beta_0.6/lam_42/lscale_0.09/seed_2', seed=2, lamda=42.0, lam_scale=0.09, lam_start=50, gamma=0.05, inner_gamma=0.05, beta=0.6, mu=3.5, batch_m=0.75, early_stop=False, factor=0.5, length=4, n_holes=1, c_num=0.125, EMA_value=0.55)
[2025/10/20 07:51:25] - ==> Building model..
[2025/10/20 07:51:25] - Epoch 	 Seconds 	 LR 	 	 Train Loss 	 Train Acc
[2025/10/20 07:52:17] - 0 	 30.0 	 	 0.2000 	 4.5740 	 0.0370
[2025/10/20 07:52:17] - ==> Building model..
[2025/10/20 07:52:42] - Test Loss 	 Test Acc 	 PGD Loss 	 PGD Acc
[2025/10/20 07:52:42] - 4.2515 	 	 0.0858 	 4.2639 	 0.0588
[2025/10/20 07:53:31] - 1 	 27.0 	 	 0.2000 	 4.4612 	 0.0768
[2025/10/20 07:53:31] - ==> Building model..
[2025/10/20 07:53:55] - Test Loss 	 Test Acc 	 PGD Loss 	 PGD Acc
[2025/10/20 07:53:55] - 4.1137 	 	 0.1338 	 4.1382 	 0.0840
[2025/10/20 07:54:46] - 2 	 28.3 	 	 0.2000 	 4.4031 	 0.1070
[2025/10/20 07:54:46] - ==> Building model..
[2025/10/20 07:55:10] - Test Loss 	 Test Acc 	 PGD Loss 	 PGD Acc
[2025/10/20 07:55:10] - 3.9379 	 	 0.1807 	 3.9806 	 0.1131
[2025/10/20 07:56:03] - 3 	 29.2 	 	 0.2000 	 4.3566 	 0.1276
[2025/10/20 07:56:03] - ==> Building model..
[2025/10/20 07:56:27] - Test Loss 	 Test Acc 	 PGD Loss 	 PGD Acc
[2025/10/20 07:56:27] - 3.7495 	 	 0.2237 	 3.8167 	 0.1382
[2025/10/20 07:57:18] - 4 	 28.1 	 	 0.2000 	 4.3161 	 0.1480
[2025/10/20 07:57:18] - ==> Building model..
[2025/10/20 07:57:42] - Test Loss 	 Test Acc 	 PGD Loss 	 PGD Acc
[2025/10/20 07:57:42] - 3.5941 	 	 0.2699 	 3.6868 	 0.1609
[2025/10/20 07:58:33] - 5 	 28.6 	 	 0.2000 	 4.2778 	 0.1699
[2025/10/20 07:58:33] - ==> Building model..
[2025/10/20 07:58:57] - Test Loss 	 Test Acc 	 PGD Loss 	 PGD Acc
[2025/10/20 07:58:57] - 3.4054 	 	 0.3079 	 3.5261 	 0.1792
[2025/10/20 07:59:48] - 6 	 28.3 	 	 0.2000 	 4.2454 	 0.1881
[2025/10/20 07:59:48] - ==> Building model..
[2025/10/20 08:00:12] - Test Loss 	 Test Acc 	 PGD Loss 	 PGD Acc
[2025/10/20 08:00:12] - 3.2133 	 	 0.3473 	 3.3627 	 0.1949
[2025/10/20 08:01:05] - 7 	 29.4 	 	 0.2000 	 4.2214 	 0.2008
[2025/10/20 08:01:05] - ==> Building model..
[2025/10/20 08:01:29] - Test Loss 	 Test Acc 	 PGD Loss 	 PGD Acc
[2025/10/20 08:01:29] - 3.0727 	 	 0.3766 	 3.2498 	 0.2073
[2025/10/20 08:02:19] - 8 	 27.5 	 	 0.2000 	 4.2052 	 0.2093
[2025/10/20 08:02:19] - ==> Building model..
[2025/10/20 08:02:43] - Test Loss 	 Test Acc 	 PGD Loss 	 PGD Acc
[2025/10/20 08:02:43] - 2.9912 	 	 0.3955 	 3.1838 	 0.2156
[2025/10/20 08:03:34] - 9 	 28.2 	 	 0.2000 	 4.1904 	 0.2174
[2025/10/20 08:03:34] - ==> Building model..
[2025/10/20 08:03:58] - Test Loss 	 Test Acc 	 PGD Loss 	 PGD Acc
[2025/10/20 08:03:58] - 2.9264 	 	 0.4137 	 3.1346 	 0.2218
[2025/10/20 08:04:50] - 10 	 29.2 	 	 0.2000 	 4.1791 	 0.2221
[2025/10/20 08:04:50] - ==> Building model..
[2025/10/20 08:05:13] - Test Loss 	 Test Acc 	 PGD Loss 	 PGD Acc
[2025/10/20 08:05:13] - 2.8669 	 	 0.4270 	 3.0903 	 0.2294
[2025/10/20 08:06:06] - 11 	 29.4 	 	 0.2000 	 4.1690 	 0.2316
[2025/10/20 08:06:06] - ==> Building model..
[2025/10/20 08:06:30] - Test Loss 	 Test Acc 	 PGD Loss 	 PGD Acc
[2025/10/20 08:06:30] - 2.8268 	 	 0.4360 	 3.0587 	 0.2358
[2025/10/20 08:07:23] - 12 	 29.3 	 	 0.2000 	 4.1603 	 0.2334
[2025/10/20 08:07:23] - ==> Building model..
[2025/10/20 08:07:47] - Test Loss 	 Test Acc 	 PGD Loss 	 PGD Acc
[2025/10/20 08:07:47] - 2.7978 	 	 0.4440 	 3.0371 	 0.2387
[2025/10/20 08:08:37] - 13 	 28.4 	 	 0.2000 	 4.1532 	 0.2405
[2025/10/20 08:08:37] - ==> Building model..
[2025/10/20 08:09:02] - Test Loss 	 Test Acc 	 PGD Loss 	 PGD Acc
[2025/10/20 08:09:02] - 2.7774 	 	 0.4485 	 3.0219 	 0.2421
[2025/10/20 08:09:54] - 14 	 29.4 	 	 0.2000 	 4.1487 	 0.2409
[2025/10/20 08:09:54] - ==> Building model..
[2025/10/20 08:10:19] - Test Loss 	 Test Acc 	 PGD Loss 	 PGD Acc
[2025/10/20 08:10:19] - 2.7570 	 	 0.4567 	 3.0081 	 0.2462
[2025/10/20 08:11:12] - 15 	 29.7 	 	 0.2000 	 4.1438 	 0.2450
[2025/10/20 08:11:12] - ==> Building model..
[2025/10/20 08:11:36] - Test Loss 	 Test Acc 	 PGD Loss 	 PGD Acc
[2025/10/20 08:11:36] - 2.7353 	 	 0.4608 	 2.9915 	 0.2480
[2025/10/20 08:12:28] - 16 	 29.5 	 	 0.2000 	 4.1383 	 0.2467
[2025/10/20 08:12:28] - ==> Building model..
[2025/10/20 08:12:52] - Test Loss 	 Test Acc 	 PGD Loss 	 PGD Acc
[2025/10/20 08:12:52] - 2.7106 	 	 0.4658 	 2.9728 	 0.2482
[2025/10/20 08:13:45] - 17 	 29.6 	 	 0.2000 	 4.1354 	 0.2471
[2025/10/20 08:13:45] - ==> Building model..
[2025/10/20 08:14:10] - Test Loss 	 Test Acc 	 PGD Loss 	 PGD Acc
[2025/10/20 08:14:10] - 2.6961 	 	 0.4688 	 2.9596 	 0.2515
[2025/10/20 08:15:01] - 18 	 28.8 	 	 0.2000 	 4.1294 	 0.2535
[2025/10/20 08:15:01] - ==> Building model..
[2025/10/20 08:15:25] - Test Loss 	 Test Acc 	 PGD Loss 	 PGD Acc
[2025/10/20 08:15:25] - 2.6815 	 	 0.4709 	 2.9486 	 0.2531
[2025/10/20 08:16:16] - 19 	 28.3 	 	 0.2000 	 4.1264 	 0.2557
[2025/10/20 08:16:16] - ==> Building model..
[2025/10/20 08:16:41] - Test Loss 	 Test Acc 	 PGD Loss 	 PGD Acc
[2025/10/20 08:16:41] - 2.6722 	 	 0.4753 	 2.9417 	 0.2558
[2025/10/20 08:17:33] - 20 	 28.9 	 	 0.2000 	 4.1228 	 0.2566
[2025/10/20 08:17:33] - ==> Building model..
[2025/10/20 08:17:57] - Test Loss 	 Test Acc 	 PGD Loss 	 PGD Acc
[2025/10/20 08:17:57] - 2.6602 	 	 0.4795 	 2.9335 	 0.2587
[2025/10/20 08:18:49] - 21 	 28.6 	 	 0.2000 	 4.1217 	 0.2547
[2025/10/20 08:18:49] - ==> Building model..
[2025/10/20 08:19:13] - Test Loss 	 Test Acc 	 PGD Loss 	 PGD Acc
[2025/10/20 08:19:13] - 2.6494 	 	 0.4827 	 2.9261 	 0.2592
[2025/10/20 08:20:05] - 22 	 28.6 	 	 0.2000 	 4.1187 	 0.2599
[2025/10/20 08:20:05] - ==> Building model..
[2025/10/20 08:20:28] - Test Loss 	 Test Acc 	 PGD Loss 	 PGD Acc
[2025/10/20 08:20:28] - 2.6454 	 	 0.4842 	 2.9227 	 0.2609
[2025/10/20 08:21:19] - 23 	 28.3 	 	 0.2000 	 4.1185 	 0.2570
[2025/10/20 08:21:19] - ==> Building model..
[2025/10/20 08:21:42] - Test Loss 	 Test Acc 	 PGD Loss 	 PGD Acc
[2025/10/20 08:21:42] - 2.6407 	 	 0.4856 	 2.9198 	 0.2619
[2025/10/20 08:22:33] - 24 	 28.5 	 	 0.2000 	 4.1124 	 0.2632
[2025/10/20 08:22:33] - ==> Building model..
[2025/10/20 08:22:58] - Test Loss 	 Test Acc 	 PGD Loss 	 PGD Acc
[2025/10/20 08:22:58] - 2.6315 	 	 0.4882 	 2.9128 	 0.2617
[2025/10/20 08:23:50] - 25 	 29.1 	 	 0.2000 	 4.1118 	 0.2637
[2025/10/20 08:23:50] - ==> Building model..
[2025/10/20 08:24:15] - Test Loss 	 Test Acc 	 PGD Loss 	 PGD Acc
[2025/10/20 08:24:15] - 2.6254 	 	 0.4882 	 2.9081 	 0.2610
[2025/10/20 08:25:05] - 26 	 28.2 	 	 0.2000 	 4.1127 	 0.2634
[2025/10/20 08:25:05] - ==> Building model..
[2025/10/20 08:25:28] - Test Loss 	 Test Acc 	 PGD Loss 	 PGD Acc
[2025/10/20 08:25:28] - 2.6193 	 	 0.4898 	 2.9032 	 0.2629
[2025/10/20 08:26:18] - 27 	 28.1 	 	 0.2000 	 4.1088 	 0.2636
[2025/10/20 08:26:18] - ==> Building model..
[2025/10/20 08:26:43] - Test Loss 	 Test Acc 	 PGD Loss 	 PGD Acc
[2025/10/20 08:26:43] - 2.6125 	 	 0.4915 	 2.8986 	 0.2658
[2025/10/20 08:27:34] - 28 	 28.4 	 	 0.2000 	 4.1072 	 0.2663
[2025/10/20 08:27:34] - ==> Building model..
[2025/10/20 08:27:59] - Test Loss 	 Test Acc 	 PGD Loss 	 PGD Acc
[2025/10/20 08:27:59] - 2.6064 	 	 0.4931 	 2.8936 	 0.2655
[2025/10/20 08:28:48] - 29 	 28.0 	 	 0.2000 	 4.1065 	 0.2652
[2025/10/20 08:28:48] - ==> Building model..
[2025/10/20 08:29:13] - Test Loss 	 Test Acc 	 PGD Loss 	 PGD Acc
[2025/10/20 08:29:13] - 2.5979 	 	 0.4952 	 2.8861 	 0.2669
[2025/10/20 08:30:03] - 30 	 28.5 	 	 0.2000 	 4.1051 	 0.2680
[2025/10/20 08:30:03] - ==> Building model..
[2025/10/20 08:30:28] - Test Loss 	 Test Acc 	 PGD Loss 	 PGD Acc
[2025/10/20 08:30:28] - 2.6006 	 	 0.4948 	 2.8886 	 0.2684
[2025/10/20 08:31:20] - 31 	 28.9 	 	 0.2000 	 4.1046 	 0.2671
[2025/10/20 08:31:20] - ==> Building model..
[2025/10/20 08:31:44] - Test Loss 	 Test Acc 	 PGD Loss 	 PGD Acc
[2025/10/20 08:31:44] - 2.6001 	 	 0.4950 	 2.8892 	 0.2676
[2025/10/20 08:32:35] - 32 	 28.5 	 	 0.2000 	 4.1039 	 0.2675
[2025/10/20 08:32:35] - ==> Building model..
[2025/10/20 08:32:59] - Test Loss 	 Test Acc 	 PGD Loss 	 PGD Acc
[2025/10/20 08:32:59] - 2.6041 	 	 0.4947 	 2.8940 	 0.2664
[2025/10/20 08:33:50] - 33 	 28.4 	 	 0.2000 	 4.1005 	 0.2692
[2025/10/20 08:33:50] - ==> Building model..
[2025/10/20 08:34:14] - Test Loss 	 Test Acc 	 PGD Loss 	 PGD Acc
[2025/10/20 08:34:14] - 2.5984 	 	 0.4968 	 2.8894 	 0.2682
[2025/10/20 08:35:05] - 34 	 28.2 	 	 0.2000 	 4.1024 	 0.2668
[2025/10/20 08:35:05] - ==> Building model..
[2025/10/20 08:35:28] - Test Loss 	 Test Acc 	 PGD Loss 	 PGD Acc
[2025/10/20 08:35:28] - 2.5915 	 	 0.4993 	 2.8842 	 0.2689
[2025/10/20 08:36:21] - 35 	 29.3 	 	 0.2000 	 4.0993 	 0.2703
[2025/10/20 08:36:21] - ==> Building model..
[2025/10/20 08:36:45] - Test Loss 	 Test Acc 	 PGD Loss 	 PGD Acc
[2025/10/20 08:36:45] - 2.5884 	 	 0.5006 	 2.8816 	 0.2685
[2025/10/20 08:37:34] - 36 	 27.4 	 	 0.2000 	 4.0997 	 0.2692
[2025/10/20 08:37:34] - ==> Building model..
[2025/10/20 08:37:57] - Test Loss 	 Test Acc 	 PGD Loss 	 PGD Acc
[2025/10/20 08:37:57] - 2.5836 	 	 0.5011 	 2.8771 	 0.2704
[2025/10/20 08:38:48] - 37 	 28.6 	 	 0.2000 	 4.0982 	 0.2707
[2025/10/20 08:38:48] - ==> Building model..
[2025/10/20 08:39:13] - Test Loss 	 Test Acc 	 PGD Loss 	 PGD Acc
[2025/10/20 08:39:13] - 2.5815 	 	 0.5014 	 2.8746 	 0.2701
[2025/10/20 08:40:05] - 38 	 28.8 	 	 0.2000 	 4.0965 	 0.2716
[2025/10/20 08:40:05] - ==> Building model..
[2025/10/20 08:40:29] - Test Loss 	 Test Acc 	 PGD Loss 	 PGD Acc
[2025/10/20 08:40:29] - 2.5777 	 	 0.5015 	 2.8718 	 0.2698
[2025/10/20 08:41:18] - 39 	 27.4 	 	 0.2000 	 4.0969 	 0.2742
[2025/10/20 08:41:18] - ==> Building model..
[2025/10/20 08:41:43] - Test Loss 	 Test Acc 	 PGD Loss 	 PGD Acc
[2025/10/20 08:41:43] - 2.5761 	 	 0.5024 	 2.8708 	 0.2699
[2025/10/20 08:42:33] - 40 	 28.1 	 	 0.2000 	 4.0951 	 0.2733
[2025/10/20 08:42:33] - ==> Building model..
[2025/10/20 08:42:57] - Test Loss 	 Test Acc 	 PGD Loss 	 PGD Acc
[2025/10/20 08:42:57] - 2.5709 	 	 0.5038 	 2.8665 	 0.2714
[2025/10/20 08:43:48] - 41 	 28.3 	 	 0.2000 	 4.0940 	 0.2738
[2025/10/20 08:43:48] - ==> Building model..
[2025/10/20 08:44:12] - Test Loss 	 Test Acc 	 PGD Loss 	 PGD Acc
[2025/10/20 08:44:12] - 2.5678 	 	 0.5047 	 2.8638 	 0.2716
[2025/10/20 08:45:04] - 42 	 28.9 	 	 0.2000 	 4.0929 	 0.2732
[2025/10/20 08:45:04] - ==> Building model..
[2025/10/20 08:45:28] - Test Loss 	 Test Acc 	 PGD Loss 	 PGD Acc
[2025/10/20 08:45:28] - 2.5657 	 	 0.5061 	 2.8631 	 0.2717
[2025/10/20 08:46:19] - 43 	 28.5 	 	 0.2000 	 4.0934 	 0.2731
[2025/10/20 08:46:19] - ==> Building model..
[2025/10/20 08:46:44] - Test Loss 	 Test Acc 	 PGD Loss 	 PGD Acc
[2025/10/20 08:46:44] - 2.5612 	 	 0.5067 	 2.8594 	 0.2742
[2025/10/20 08:47:35] - 44 	 28.9 	 	 0.2000 	 4.0934 	 0.2731
[2025/10/20 08:47:35] - ==> Building model..
[2025/10/20 08:48:00] - Test Loss 	 Test Acc 	 PGD Loss 	 PGD Acc
[2025/10/20 08:48:00] - 2.5605 	 	 0.5088 	 2.8604 	 0.2738
[2025/10/20 08:48:51] - 45 	 28.8 	 	 0.2000 	 4.0910 	 0.2747
[2025/10/20 08:48:51] - ==> Building model..
[2025/10/20 08:49:16] - Test Loss 	 Test Acc 	 PGD Loss 	 PGD Acc
[2025/10/20 08:49:16] - 2.5576 	 	 0.5109 	 2.8577 	 0.2736
[2025/10/20 08:50:08] - 46 	 29.8 	 	 0.2000 	 4.0923 	 0.2730
[2025/10/20 08:50:08] - ==> Building model..
[2025/10/20 08:50:33] - Test Loss 	 Test Acc 	 PGD Loss 	 PGD Acc
[2025/10/20 08:50:33] - 2.5561 	 	 0.5114 	 2.8563 	 0.2738
[2025/10/20 08:51:25] - 47 	 28.9 	 	 0.2000 	 4.0890 	 0.2779
[2025/10/20 08:51:25] - ==> Building model..
[2025/10/20 08:51:49] - Test Loss 	 Test Acc 	 PGD Loss 	 PGD Acc
[2025/10/20 08:51:49] - 2.5536 	 	 0.5107 	 2.8543 	 0.2744
[2025/10/20 08:52:40] - 48 	 28.6 	 	 0.2000 	 4.0916 	 0.2741
[2025/10/20 08:52:40] - ==> Building model..
[2025/10/20 08:53:05] - Test Loss 	 Test Acc 	 PGD Loss 	 PGD Acc
[2025/10/20 08:53:05] - 2.5541 	 	 0.5106 	 2.8547 	 0.2746
[2025/10/20 08:53:57] - 49 	 28.9 	 	 0.2000 	 4.0910 	 0.2752
[2025/10/20 08:53:57] - ==> Building model..
[2025/10/20 08:54:21] - Test Loss 	 Test Acc 	 PGD Loss 	 PGD Acc
[2025/10/20 08:54:21] - 2.5544 	 	 0.5113 	 2.8549 	 0.2750
[2025/10/20 08:55:13] - 50 	 28.6 	 	 0.2000 	 4.0914 	 0.2757
[2025/10/20 08:55:13] - ==> Building model..
[2025/10/20 08:55:37] - Test Loss 	 Test Acc 	 PGD Loss 	 PGD Acc
[2025/10/20 08:55:37] - 2.5547 	 	 0.5118 	 2.8552 	 0.2750
[2025/10/20 08:56:31] - 51 	 29.3 	 	 0.2000 	 4.0909 	 0.2750
[2025/10/20 08:56:31] - ==> Building model..
[2025/10/20 08:56:56] - Test Loss 	 Test Acc 	 PGD Loss 	 PGD Acc
[2025/10/20 08:56:56] - 2.5553 	 	 0.5142 	 2.8561 	 0.2749
[2025/10/20 08:57:48] - 52 	 28.7 	 	 0.2000 	 4.0899 	 0.2763
[2025/10/20 08:57:48] - ==> Building model..
[2025/10/20 08:58:12] - Test Loss 	 Test Acc 	 PGD Loss 	 PGD Acc
[2025/10/20 08:58:12] - 2.5540 	 	 0.5149 	 2.8566 	 0.2750
[2025/10/20 08:59:05] - 53 	 28.5 	 	 0.2000 	 4.0907 	 0.2770
[2025/10/20 08:59:05] - ==> Building model..
[2025/10/20 08:59:29] - Test Loss 	 Test Acc 	 PGD Loss 	 PGD Acc
[2025/10/20 08:59:29] - 2.5531 	 	 0.5144 	 2.8558 	 0.2759
[2025/10/20 09:00:22] - 54 	 29.0 	 	 0.2000 	 4.0884 	 0.2785
[2025/10/20 09:00:22] - ==> Building model..
[2025/10/20 09:00:47] - Test Loss 	 Test Acc 	 PGD Loss 	 PGD Acc
[2025/10/20 09:00:47] - 2.5523 	 	 0.5142 	 2.8552 	 0.2772
[2025/10/20 09:01:40] - 55 	 29.2 	 	 0.2000 	 4.0917 	 0.2770
[2025/10/20 09:01:40] - ==> Building model..
[2025/10/20 09:02:05] - Test Loss 	 Test Acc 	 PGD Loss 	 PGD Acc
[2025/10/20 09:02:05] - 2.5522 	 	 0.5141 	 2.8542 	 0.2772
[2025/10/20 09:02:58] - 56 	 29.2 	 	 0.2000 	 4.0915 	 0.2751
[2025/10/20 09:02:58] - ==> Building model..
[2025/10/20 09:03:22] - Test Loss 	 Test Acc 	 PGD Loss 	 PGD Acc
[2025/10/20 09:03:22] - 2.5533 	 	 0.5150 	 2.8544 	 0.2775
[2025/10/20 09:04:14] - 57 	 28.5 	 	 0.2000 	 4.0919 	 0.2768
[2025/10/20 09:04:14] - ==> Building model..
[2025/10/20 09:04:39] - Test Loss 	 Test Acc 	 PGD Loss 	 PGD Acc
[2025/10/20 09:04:39] - 2.5532 	 	 0.5157 	 2.8536 	 0.2765
[2025/10/20 09:05:31] - 58 	 28.5 	 	 0.2000 	 4.0921 	 0.2754
[2025/10/20 09:05:31] - ==> Building model..
[2025/10/20 09:05:54] - Test Loss 	 Test Acc 	 PGD Loss 	 PGD Acc
[2025/10/20 09:05:54] - 2.5556 	 	 0.5146 	 2.8547 	 0.2766
[2025/10/20 09:06:47] - 59 	 29.4 	 	 0.2000 	 4.0926 	 0.2788
[2025/10/20 09:06:47] - ==> Building model..
[2025/10/20 09:07:10] - Test Loss 	 Test Acc 	 PGD Loss 	 PGD Acc
[2025/10/20 09:07:10] - 2.5577 	 	 0.5166 	 2.8562 	 0.2767
[2025/10/20 09:08:03] - 60 	 29.1 	 	 0.2000 	 4.0934 	 0.2792
[2025/10/20 09:08:03] - ==> Building model..
[2025/10/20 09:08:28] - Test Loss 	 Test Acc 	 PGD Loss 	 PGD Acc
[2025/10/20 09:08:28] - 2.5617 	 	 0.5162 	 2.8588 	 0.2778
[2025/10/20 09:09:20] - 61 	 29.0 	 	 0.2000 	 4.0926 	 0.2766
[2025/10/20 09:09:20] - ==> Building model..
[2025/10/20 09:09:44] - Test Loss 	 Test Acc 	 PGD Loss 	 PGD Acc
[2025/10/20 09:09:44] - 2.5637 	 	 0.5158 	 2.8600 	 0.2773
[2025/10/20 09:10:36] - 62 	 28.8 	 	 0.2000 	 4.0936 	 0.2771
[2025/10/20 09:10:36] - ==> Building model..
[2025/10/20 09:11:01] - Test Loss 	 Test Acc 	 PGD Loss 	 PGD Acc
[2025/10/20 09:11:01] - 2.5653 	 	 0.5168 	 2.8608 	 0.2787
[2025/10/20 09:11:52] - 63 	 28.2 	 	 0.2000 	 4.0936 	 0.2786
[2025/10/20 09:11:52] - ==> Building model..
[2025/10/20 09:12:16] - Test Loss 	 Test Acc 	 PGD Loss 	 PGD Acc
[2025/10/20 09:12:16] - 2.5697 	 	 0.5159 	 2.8637 	 0.2795
[2025/10/20 09:13:08] - 64 	 28.2 	 	 0.2000 	 4.0932 	 0.2779
[2025/10/20 09:13:08] - ==> Building model..
[2025/10/20 09:13:31] - Test Loss 	 Test Acc 	 PGD Loss 	 PGD Acc
[2025/10/20 09:13:31] - 2.5712 	 	 0.5176 	 2.8655 	 0.2804
[2025/10/20 09:14:25] - 65 	 29.5 	 	 0.2000 	 4.0936 	 0.2783
[2025/10/20 09:14:25] - ==> Building model..
[2025/10/20 09:14:50] - Test Loss 	 Test Acc 	 PGD Loss 	 PGD Acc
[2025/10/20 09:14:50] - 2.5735 	 	 0.5182 	 2.8673 	 0.2820
[2025/10/20 09:15:41] - 66 	 28.1 	 	 0.2000 	 4.0933 	 0.2765
[2025/10/20 09:15:41] - ==> Building model..
[2025/10/20 09:16:06] - Test Loss 	 Test Acc 	 PGD Loss 	 PGD Acc
[2025/10/20 09:16:06] - 2.5759 	 	 0.5182 	 2.8693 	 0.2816
[2025/10/20 09:16:58] - 67 	 29.2 	 	 0.2000 	 4.0920 	 0.2805
[2025/10/20 09:16:58] - ==> Building model..
[2025/10/20 09:17:22] - Test Loss 	 Test Acc 	 PGD Loss 	 PGD Acc
[2025/10/20 09:17:22] - 2.5774 	 	 0.5175 	 2.8702 	 0.2813
[2025/10/20 09:18:13] - 68 	 28.5 	 	 0.2000 	 4.0915 	 0.2796
[2025/10/20 09:18:13] - ==> Building model..
[2025/10/20 09:18:37] - Test Loss 	 Test Acc 	 PGD Loss 	 PGD Acc
[2025/10/20 09:18:37] - 2.5788 	 	 0.5176 	 2.8712 	 0.2801
[2025/10/20 09:19:28] - 69 	 28.5 	 	 0.2000 	 4.0919 	 0.2786
[2025/10/20 09:19:28] - ==> Building model..
[2025/10/20 09:19:53] - Test Loss 	 Test Acc 	 PGD Loss 	 PGD Acc
[2025/10/20 09:19:53] - 2.5797 	 	 0.5169 	 2.8720 	 0.2797
[2025/10/20 09:20:43] - 70 	 28.4 	 	 0.2000 	 4.0926 	 0.2798
[2025/10/20 09:20:43] - ==> Building model..
[2025/10/20 09:21:07] - Test Loss 	 Test Acc 	 PGD Loss 	 PGD Acc
[2025/10/20 09:21:07] - 2.5822 	 	 0.5166 	 2.8742 	 0.2797
[2025/10/20 09:22:00] - 71 	 29.0 	 	 0.2000 	 4.0899 	 0.2795
[2025/10/20 09:22:00] - ==> Building model..
[2025/10/20 09:22:24] - Test Loss 	 Test Acc 	 PGD Loss 	 PGD Acc
[2025/10/20 09:22:24] - 2.5826 	 	 0.5171 	 2.8744 	 0.2801
[2025/10/20 09:23:14] - 72 	 28.3 	 	 0.2000 	 4.0918 	 0.2798
[2025/10/20 09:23:14] - ==> Building model..
[2025/10/20 09:23:38] - Test Loss 	 Test Acc 	 PGD Loss 	 PGD Acc
[2025/10/20 09:23:38] - 2.5855 	 	 0.5167 	 2.8764 	 0.2795
[2025/10/20 09:24:30] - 73 	 28.7 	 	 0.2000 	 4.0894 	 0.2822
[2025/10/20 09:24:30] - ==> Building model..
[2025/10/20 09:24:55] - Test Loss 	 Test Acc 	 PGD Loss 	 PGD Acc
[2025/10/20 09:24:55] - 2.5871 	 	 0.5166 	 2.8771 	 0.2795
[2025/10/20 09:25:44] - 74 	 28.6 	 	 0.2000 	 4.0909 	 0.2805
[2025/10/20 09:25:44] - ==> Building model..
[2025/10/20 09:26:08] - Test Loss 	 Test Acc 	 PGD Loss 	 PGD Acc
[2025/10/20 09:26:08] - 2.5886 	 	 0.5163 	 2.8782 	 0.2787
[2025/10/20 09:27:00] - 75 	 29.1 	 	 0.2000 	 4.0909 	 0.2826
[2025/10/20 09:27:00] - ==> Building model..
[2025/10/20 09:27:26] - Test Loss 	 Test Acc 	 PGD Loss 	 PGD Acc
[2025/10/20 09:27:26] - 2.5892 	 	 0.5154 	 2.8787 	 0.2796
[2025/10/20 09:28:17] - 76 	 29.1 	 	 0.2000 	 4.0899 	 0.2808
[2025/10/20 09:28:17] - ==> Building model..
[2025/10/20 09:28:42] - Test Loss 	 Test Acc 	 PGD Loss 	 PGD Acc
[2025/10/20 09:28:42] - 2.5908 	 	 0.5153 	 2.8793 	 0.2800
[2025/10/20 09:29:35] - 77 	 29.3 	 	 0.2000 	 4.0909 	 0.2794
[2025/10/20 09:29:35] - ==> Building model..
[2025/10/20 09:29:59] - Test Loss 	 Test Acc 	 PGD Loss 	 PGD Acc
[2025/10/20 09:29:59] - 2.5918 	 	 0.5153 	 2.8802 	 0.2811
[2025/10/20 09:30:50] - 78 	 28.7 	 	 0.2000 	 4.0906 	 0.2785
[2025/10/20 09:30:50] - ==> Building model..
[2025/10/20 09:31:14] - Test Loss 	 Test Acc 	 PGD Loss 	 PGD Acc
[2025/10/20 09:31:14] - 2.5926 	 	 0.5147 	 2.8812 	 0.2813
[2025/10/20 09:32:06] - 79 	 29.0 	 	 0.2000 	 4.0906 	 0.2789
[2025/10/20 09:32:06] - ==> Building model..
[2025/10/20 09:32:30] - Test Loss 	 Test Acc 	 PGD Loss 	 PGD Acc
[2025/10/20 09:32:30] - 2.5931 	 	 0.5150 	 2.8813 	 0.2822
[2025/10/20 09:33:21] - 80 	 28.2 	 	 0.2000 	 4.0903 	 0.2822
[2025/10/20 09:33:21] - ==> Building model..
[2025/10/20 09:33:46] - Test Loss 	 Test Acc 	 PGD Loss 	 PGD Acc
[2025/10/20 09:33:46] - 2.5937 	 	 0.5156 	 2.8817 	 0.2806
[2025/10/20 09:34:37] - 81 	 28.5 	 	 0.2000 	 4.0906 	 0.2804
[2025/10/20 09:34:37] - ==> Building model..
[2025/10/20 09:35:02] - Test Loss 	 Test Acc 	 PGD Loss 	 PGD Acc
[2025/10/20 09:35:02] - 2.5941 	 	 0.5153 	 2.8820 	 0.2816
[2025/10/20 09:35:54] - 82 	 28.6 	 	 0.2000 	 4.0900 	 0.2797
[2025/10/20 09:35:54] - ==> Building model..
[2025/10/20 09:36:20] - Test Loss 	 Test Acc 	 PGD Loss 	 PGD Acc
[2025/10/20 09:36:20] - 2.5934 	 	 0.5156 	 2.8814 	 0.2820
[2025/10/20 09:37:10] - 83 	 27.6 	 	 0.2000 	 4.0913 	 0.2780
[2025/10/20 09:37:10] - ==> Building model..
[2025/10/20 09:37:35] - Test Loss 	 Test Acc 	 PGD Loss 	 PGD Acc
[2025/10/20 09:37:35] - 2.5932 	 	 0.5158 	 2.8814 	 0.2810
[2025/10/20 09:38:25] - 84 	 27.2 	 	 0.2000 	 4.0918 	 0.2774
[2025/10/20 09:38:25] - ==> Building model..
[2025/10/20 09:38:50] - Test Loss 	 Test Acc 	 PGD Loss 	 PGD Acc
[2025/10/20 09:38:50] - 2.5934 	 	 0.5164 	 2.8815 	 0.2826
[2025/10/20 09:39:41] - 85 	 27.4 	 	 0.2000 	 4.0915 	 0.2787
[2025/10/20 09:39:41] - ==> Building model..
[2025/10/20 09:40:06] - Test Loss 	 Test Acc 	 PGD Loss 	 PGD Acc
[2025/10/20 09:40:06] - 2.5948 	 	 0.5159 	 2.8821 	 0.2829
[2025/10/20 09:40:56] - 86 	 26.9 	 	 0.2000 	 4.0912 	 0.2764
[2025/10/20 09:40:56] - ==> Building model..
[2025/10/20 09:41:20] - Test Loss 	 Test Acc 	 PGD Loss 	 PGD Acc
[2025/10/20 09:41:20] - 2.5951 	 	 0.5153 	 2.8822 	 0.2832
[2025/10/20 09:42:12] - 87 	 27.8 	 	 0.2000 	 4.0918 	 0.2785
[2025/10/20 09:42:12] - ==> Building model..
[2025/10/20 09:42:37] - Test Loss 	 Test Acc 	 PGD Loss 	 PGD Acc
[2025/10/20 09:42:37] - 2.5946 	 	 0.5165 	 2.8817 	 0.2824
[2025/10/20 09:43:29] - 88 	 28.5 	 	 0.2000 	 4.0898 	 0.2787
[2025/10/20 09:43:29] - ==> Building model..
[2025/10/20 09:43:55] - Test Loss 	 Test Acc 	 PGD Loss 	 PGD Acc
[2025/10/20 09:43:55] - 2.5949 	 	 0.5170 	 2.8818 	 0.2819
[2025/10/20 09:44:46] - 89 	 27.5 	 	 0.2000 	 4.0895 	 0.2790
[2025/10/20 09:44:46] - ==> Building model..
[2025/10/20 09:45:11] - Test Loss 	 Test Acc 	 PGD Loss 	 PGD Acc
[2025/10/20 09:45:11] - 2.5949 	 	 0.5171 	 2.8821 	 0.2827
[2025/10/20 09:46:01] - 90 	 26.8 	 	 0.2000 	 4.0904 	 0.2824
[2025/10/20 09:46:01] - ==> Building model..
[2025/10/20 09:46:26] - Test Loss 	 Test Acc 	 PGD Loss 	 PGD Acc
[2025/10/20 09:46:26] - 2.5944 	 	 0.5163 	 2.8815 	 0.2821
[2025/10/20 09:47:18] - 91 	 27.8 	 	 0.2000 	 4.0867 	 0.2828
[2025/10/20 09:47:18] - ==> Building model..
[2025/10/20 09:47:43] - Test Loss 	 Test Acc 	 PGD Loss 	 PGD Acc
[2025/10/20 09:47:43] - 2.5941 	 	 0.5163 	 2.8807 	 0.2827
[2025/10/20 09:48:34] - 92 	 28.1 	 	 0.2000 	 4.0880 	 0.2798
[2025/10/20 09:48:34] - ==> Building model..
[2025/10/20 09:49:00] - Test Loss 	 Test Acc 	 PGD Loss 	 PGD Acc
[2025/10/20 09:49:00] - 2.5944 	 	 0.5179 	 2.8814 	 0.2819
[2025/10/20 09:49:51] - 93 	 27.8 	 	 0.2000 	 4.0889 	 0.2797
[2025/10/20 09:49:51] - ==> Building model..
[2025/10/20 09:50:18] - Test Loss 	 Test Acc 	 PGD Loss 	 PGD Acc
[2025/10/20 09:50:18] - 2.5931 	 	 0.5180 	 2.8803 	 0.2831
[2025/10/20 09:51:06] - 94 	 25.9 	 	 0.0200 	 3.9977 	 0.3398
[2025/10/20 09:51:06] - ==> Building model..
[2025/10/20 09:51:32] - Test Loss 	 Test Acc 	 PGD Loss 	 PGD Acc
[2025/10/20 09:51:32] - 2.5903 	 	 0.5193 	 2.8784 	 0.2834
[2025/10/20 09:52:22] - 95 	 26.8 	 	 0.0200 	 3.9028 	 0.4020
[2025/10/20 09:52:22] - ==> Building model..
[2025/10/20 09:52:50] - Test Loss 	 Test Acc 	 PGD Loss 	 PGD Acc
[2025/10/20 09:52:50] - 2.5887 	 	 0.5196 	 2.8773 	 0.2832
[2025/10/20 09:53:41] - 96 	 27.0 	 	 0.0200 	 3.8768 	 0.4205
[2025/10/20 09:53:41] - ==> Building model..
[2025/10/20 09:54:08] - Test Loss 	 Test Acc 	 PGD Loss 	 PGD Acc
[2025/10/20 09:54:08] - 2.5885 	 	 0.5199 	 2.8773 	 0.2824
[2025/10/20 09:54:58] - 97 	 26.5 	 	 0.0200 	 3.8594 	 0.4329
[2025/10/20 09:54:58] - ==> Building model..
[2025/10/20 09:55:25] - Test Loss 	 Test Acc 	 PGD Loss 	 PGD Acc
[2025/10/20 09:55:25] - 2.5894 	 	 0.5202 	 2.8782 	 0.2849
[2025/10/20 09:56:13] - 98 	 25.7 	 	 0.0200 	 3.8452 	 0.4427
[2025/10/20 09:56:13] - ==> Building model..
[2025/10/20 09:56:39] - Test Loss 	 Test Acc 	 PGD Loss 	 PGD Acc
[2025/10/20 09:56:39] - 2.5901 	 	 0.5202 	 2.8780 	 0.2838
[2025/10/20 09:57:28] - 99 	 26.2 	 	 0.0020 	 3.8138 	 0.4682
[2025/10/20 09:57:28] - ==> Building model..
[2025/10/20 09:57:55] - Test Loss 	 Test Acc 	 PGD Loss 	 PGD Acc
[2025/10/20 09:57:55] - 2.5905 	 	 0.5205 	 2.8793 	 0.2841
[2025/10/20 09:58:44] - 100 	 26.3 	 	 0.0020 	 3.7853 	 0.4894
[2025/10/20 09:58:44] - ==> Building model..
[2025/10/20 09:59:10] - Test Loss 	 Test Acc 	 PGD Loss 	 PGD Acc
[2025/10/20 09:59:10] - 2.5905 	 	 0.5205 	 2.8793 	 0.2837
[2025/10/20 09:59:58] - 101 	 26.3 	 	 0.0020 	 3.7792 	 0.4958
[2025/10/20 09:59:58] - ==> Building model..
[2025/10/20 10:00:24] - Test Loss 	 Test Acc 	 PGD Loss 	 PGD Acc
[2025/10/20 10:00:24] - 2.5905 	 	 0.5205 	 2.8789 	 0.2840
[2025/10/20 10:01:13] - 102 	 26.2 	 	 0.0020 	 3.7736 	 0.4981
[2025/10/20 10:01:13] - ==> Building model..
[2025/10/20 10:01:38] - Test Loss 	 Test Acc 	 PGD Loss 	 PGD Acc
[2025/10/20 10:01:38] - 2.5905 	 	 0.5205 	 2.8790 	 0.2843
[2025/10/20 10:02:28] - 103 	 26.5 	 	 0.0020 	 3.7692 	 0.5019
[2025/10/20 10:02:28] - ==> Building model..
[2025/10/20 10:02:54] - Test Loss 	 Test Acc 	 PGD Loss 	 PGD Acc
[2025/10/20 10:02:54] - 2.5905 	 	 0.5205 	 2.8790 	 0.2835
[2025/10/20 10:03:43] - 104 	 25.2 	 	 0.0020 	 3.7658 	 0.5046
[2025/10/20 10:03:43] - ==> Building model..
[2025/10/20 10:04:09] - Test Loss 	 Test Acc 	 PGD Loss 	 PGD Acc
[2025/10/20 10:04:09] - 2.5911 	 	 0.5205 	 2.8798 	 0.2842
[2025/10/20 10:04:58] - 105 	 25.8 	 	 0.0020 	 3.7608 	 0.5099
[2025/10/20 10:04:58] - ==> Building model..
[2025/10/20 10:05:25] - Test Loss 	 Test Acc 	 PGD Loss 	 PGD Acc
[2025/10/20 10:05:25] - 2.5911 	 	 0.5205 	 2.8798 	 0.2838
[2025/10/20 10:06:13] - 106 	 26.0 	 	 0.0020 	 3.7575 	 0.5117
[2025/10/20 10:06:13] - ==> Building model..
[2025/10/20 10:06:40] - Test Loss 	 Test Acc 	 PGD Loss 	 PGD Acc
[2025/10/20 10:06:40] - 2.5917 	 	 0.5205 	 2.8803 	 0.2841
[2025/10/20 10:07:30] - 107 	 26.3 	 	 0.0020 	 3.7536 	 0.5149
[2025/10/20 10:07:30] - ==> Building model..
[2025/10/20 10:07:56] - Test Loss 	 Test Acc 	 PGD Loss 	 PGD Acc
[2025/10/20 10:07:56] - 2.5917 	 	 0.5205 	 2.8800 	 0.2833
[2025/10/20 10:08:46] - 108 	 25.5 	 	 0.0020 	 3.7492 	 0.5198
[2025/10/20 10:08:46] - ==> Building model..
[2025/10/20 10:09:12] - Test Loss 	 Test Acc 	 PGD Loss 	 PGD Acc
[2025/10/20 10:09:12] - 2.5917 	 	 0.5205 	 2.8803 	 0.2844
[2025/10/20 10:10:01] - 109 	 25.8 	 	 0.0020 	 3.7463 	 0.5210
[2025/10/20 10:10:01] - ==> Building model..
[2025/10/20 10:10:27] - Test Loss 	 Test Acc 	 PGD Loss 	 PGD Acc
[2025/10/20 10:10:27] - 2.5917 	 	 0.5205 	 2.8800 	 0.2843
[2025/10/20 10:10:27] - [0.0858, 0.1338, 0.1807, 0.2237, 0.2699, 0.3079, 0.3473, 0.3766, 0.3955, 0.4137, 0.427, 0.436, 0.444, 0.4485, 0.4567, 0.4608, 0.4658, 0.4688, 0.4709, 0.4753, 0.4795, 0.4827, 0.4842, 0.4856, 0.4882, 0.4882, 0.4898, 0.4915, 0.4931, 0.4952, 0.4948, 0.495, 0.4947, 0.4968, 0.4993, 0.5006, 0.5011, 0.5014, 0.5015, 0.5024, 0.5038, 0.5047, 0.5061, 0.5067, 0.5088, 0.5109, 0.5114, 0.5107, 0.5106, 0.5113, 0.5118, 0.5142, 0.5149, 0.5144, 0.5142, 0.5141, 0.515, 0.5157, 0.5146, 0.5166, 0.5162, 0.5158, 0.5168, 0.5159, 0.5176, 0.5182, 0.5182, 0.5175, 0.5176, 0.5169, 0.5166, 0.5171, 0.5167, 0.5166, 0.5163, 0.5154, 0.5153, 0.5153, 0.5147, 0.515, 0.5156, 0.5153, 0.5156, 0.5158, 0.5164, 0.5159, 0.5153, 0.5165, 0.517, 0.5171, 0.5163, 0.5163, 0.5179, 0.518, 0.5193, 0.5196, 0.5199, 0.5202, 0.5202, 0.5205, 0.5205, 0.5205, 0.5205, 0.5205, 0.5205, 0.5205, 0.5205, 0.5205, 0.5205, 0.5205]
[2025/10/20 10:10:27] - [0.0588, 0.084, 0.1131, 0.1382, 0.1609, 0.1792, 0.1949, 0.2073, 0.2156, 0.2218, 0.2294, 0.2358, 0.2387, 0.2421, 0.2462, 0.248, 0.2482, 0.2515, 0.2531, 0.2558, 0.2587, 0.2592, 0.2609, 0.2619, 0.2617, 0.261, 0.2629, 0.2658, 0.2655, 0.2669, 0.2684, 0.2676, 0.2664, 0.2682, 0.2689, 0.2685, 0.2704, 0.2701, 0.2698, 0.2699, 0.2714, 0.2716, 0.2717, 0.2742, 0.2738, 0.2736, 0.2738, 0.2744, 0.2746, 0.275, 0.275, 0.2749, 0.275, 0.2759, 0.2772, 0.2772, 0.2775, 0.2765, 0.2766, 0.2767, 0.2778, 0.2773, 0.2787, 0.2795, 0.2804, 0.282, 0.2816, 0.2813, 0.2801, 0.2797, 0.2797, 0.2801, 0.2795, 0.2795, 0.2787, 0.2796, 0.28, 0.2811, 0.2813, 0.2822, 0.2806, 0.2816, 0.282, 0.281, 0.2826, 0.2829, 0.2832, 0.2824, 0.2819, 0.2827, 0.2821, 0.2827, 0.2819, 0.2831, 0.2834, 0.2832, 0.2824, 0.2849, 0.2838, 0.2841, 0.2837, 0.284, 0.2843, 0.2835, 0.2842, 0.2838, 0.2841, 0.2833, 0.2844, 0.2843]
