[2025/10/16 03:01:23] - Namespace(batch_size=128, data_dir='tiny-imagenet-200', epochs=110, lr_schedule='multistep', lr_min=0.0, lr_max=0.1, weight_decay=0.0005, momentum=0.9, model='PreActResNest18', epsilon=8, alpha=8, delta_init='random', normal_mean=0, normal_std=1, out_dir='./output/Tiny_ImageNet/lamda_32_lamscale_0.10_run2', seed=0, lamda=32.0, lam_scale=0.1, lam_start=40, gamma=0.025, inner_gamma=0.025, beta=0.2, mu=3.5, batch_m=0.75, early_stop=False, factor=0.3, length=6, n_holes=1, c_num=0.125, EMA_value=0.55)
[2025/10/16 03:02:20] - ==> Building model..
[2025/10/16 03:02:20] - Epoch 	 Seconds 	 LR 	 	 Train Loss 	 Train Acc
[2025/10/16 03:04:46] - 0 	 141.5 	 	 0.1000 	 5.2891 	 0.0288
[2025/10/16 03:04:46] - ==> Building model..
[2025/10/16 03:05:38] - Test Loss 	 Test Acc 	 PGD Loss 	 PGD Acc
[2025/10/16 03:05:38] - 4.9483 	 	 0.0828 	 4.9626 	 0.0460
[2025/10/16 03:08:02] - 1 	 139.7 	 	 0.1000 	 5.2287 	 0.0715
[2025/10/16 03:08:02] - ==> Building model..
[2025/10/16 03:08:54] - Test Loss 	 Test Acc 	 PGD Loss 	 PGD Acc
[2025/10/16 03:08:54] - 4.7655 	 	 0.1430 	 4.7999 	 0.0747
[2025/10/16 03:11:19] - 2 	 140.1 	 	 0.1000 	 5.1971 	 0.1007
[2025/10/16 03:11:19] - ==> Building model..
[2025/10/16 03:12:12] - Test Loss 	 Test Acc 	 PGD Loss 	 PGD Acc
[2025/10/16 03:12:12] - 4.5888 	 	 0.1857 	 4.6485 	 0.0976
[2025/10/16 03:14:37] - 3 	 139.8 	 	 0.1000 	 5.1703 	 0.1253
[2025/10/16 03:14:37] - ==> Building model..
[2025/10/16 03:15:30] - Test Loss 	 Test Acc 	 PGD Loss 	 PGD Acc
[2025/10/16 03:15:30] - 4.4807 	 	 0.2154 	 4.5594 	 0.1125
[2025/10/16 03:17:55] - 4 	 139.9 	 	 0.1000 	 5.1463 	 0.1465
[2025/10/16 03:17:55] - ==> Building model..
[2025/10/16 03:18:47] - Test Loss 	 Test Acc 	 PGD Loss 	 PGD Acc
[2025/10/16 03:18:47] - 4.4266 	 	 0.2354 	 4.5182 	 0.1233
[2025/10/16 03:21:12] - 5 	 139.7 	 	 0.1000 	 5.1261 	 0.1655
[2025/10/16 03:21:12] - ==> Building model..
[2025/10/16 03:22:05] - Test Loss 	 Test Acc 	 PGD Loss 	 PGD Acc
[2025/10/16 03:22:05] - 4.4292 	 	 0.2459 	 4.5253 	 0.1253
[2025/10/16 03:24:30] - 6 	 139.6 	 	 0.1000 	 5.1118 	 0.1791
[2025/10/16 03:24:30] - ==> Building model..
[2025/10/16 03:25:23] - Test Loss 	 Test Acc 	 PGD Loss 	 PGD Acc
[2025/10/16 03:25:23] - 4.3402 	 	 0.2659 	 4.4539 	 0.1361
[2025/10/16 03:27:48] - 7 	 139.9 	 	 0.1000 	 5.1001 	 0.1908
[2025/10/16 03:27:48] - ==> Building model..
[2025/10/16 03:28:42] - Test Loss 	 Test Acc 	 PGD Loss 	 PGD Acc
[2025/10/16 03:28:42] - 4.1739 	 	 0.3011 	 4.3210 	 0.1526
[2025/10/16 03:31:07] - 8 	 139.8 	 	 0.1000 	 5.0892 	 0.2016
[2025/10/16 03:31:07] - ==> Building model..
[2025/10/16 03:32:00] - Test Loss 	 Test Acc 	 PGD Loss 	 PGD Acc
[2025/10/16 03:32:00] - 4.0277 	 	 0.3314 	 4.2084 	 0.1663
[2025/10/16 03:34:24] - 9 	 139.4 	 	 0.1000 	 5.0804 	 0.2102
[2025/10/16 03:34:24] - ==> Building model..
[2025/10/16 03:35:17] - Test Loss 	 Test Acc 	 PGD Loss 	 PGD Acc
[2025/10/16 03:35:17] - 3.9152 	 	 0.3536 	 4.1227 	 0.1776
[2025/10/16 03:37:42] - 10 	 139.8 	 	 0.1000 	 5.0726 	 0.2172
[2025/10/16 03:37:42] - ==> Building model..
[2025/10/16 03:38:36] - Test Loss 	 Test Acc 	 PGD Loss 	 PGD Acc
[2025/10/16 03:38:36] - 3.8335 	 	 0.3699 	 4.0613 	 0.1871
[2025/10/16 03:41:00] - 11 	 139.2 	 	 0.1000 	 5.0652 	 0.2261
[2025/10/16 03:41:00] - ==> Building model..
[2025/10/16 03:41:53] - Test Loss 	 Test Acc 	 PGD Loss 	 PGD Acc
[2025/10/16 03:41:53] - 3.7790 	 	 0.3814 	 4.0214 	 0.1921
[2025/10/16 03:44:18] - 12 	 139.7 	 	 0.1000 	 5.0591 	 0.2327
[2025/10/16 03:44:18] - ==> Building model..
[2025/10/16 03:45:11] - Test Loss 	 Test Acc 	 PGD Loss 	 PGD Acc
[2025/10/16 03:45:11] - 3.7393 	 	 0.3875 	 3.9915 	 0.1971
[2025/10/16 03:47:35] - 13 	 139.3 	 	 0.1000 	 5.0531 	 0.2378
[2025/10/16 03:47:35] - ==> Building model..
[2025/10/16 03:48:29] - Test Loss 	 Test Acc 	 PGD Loss 	 PGD Acc
[2025/10/16 03:48:29] - 3.7034 	 	 0.3937 	 3.9650 	 0.1993
[2025/10/16 03:50:53] - 14 	 139.5 	 	 0.1000 	 5.0479 	 0.2435
[2025/10/16 03:50:53] - ==> Building model..
[2025/10/16 03:51:47] - Test Loss 	 Test Acc 	 PGD Loss 	 PGD Acc
[2025/10/16 03:51:47] - 3.6750 	 	 0.4006 	 3.9448 	 0.1999
[2025/10/16 03:54:11] - 15 	 139.2 	 	 0.1000 	 5.0429 	 0.2487
[2025/10/16 03:54:11] - ==> Building model..
[2025/10/16 03:55:05] - Test Loss 	 Test Acc 	 PGD Loss 	 PGD Acc
[2025/10/16 03:55:05] - 3.6516 	 	 0.4064 	 3.9292 	 0.2034
[2025/10/16 03:57:29] - 16 	 139.0 	 	 0.1000 	 5.0396 	 0.2527
[2025/10/16 03:57:29] - ==> Building model..
[2025/10/16 03:58:22] - Test Loss 	 Test Acc 	 PGD Loss 	 PGD Acc
[2025/10/16 03:58:22] - 3.6284 	 	 0.4112 	 3.9126 	 0.2061
[2025/10/16 04:00:46] - 17 	 138.8 	 	 0.1000 	 5.0347 	 0.2573
[2025/10/16 04:00:46] - ==> Building model..
[2025/10/16 04:01:39] - Test Loss 	 Test Acc 	 PGD Loss 	 PGD Acc
[2025/10/16 04:01:39] - 3.6087 	 	 0.4135 	 3.8992 	 0.2082
[2025/10/16 04:04:03] - 18 	 139.0 	 	 0.1000 	 5.0316 	 0.2617
[2025/10/16 04:04:03] - ==> Building model..
[2025/10/16 04:04:56] - Test Loss 	 Test Acc 	 PGD Loss 	 PGD Acc
[2025/10/16 04:04:56] - 3.5915 	 	 0.4184 	 3.8863 	 0.2084
[2025/10/16 04:07:20] - 19 	 139.1 	 	 0.1000 	 5.0283 	 0.2647
[2025/10/16 04:07:20] - ==> Building model..
[2025/10/16 04:08:14] - Test Loss 	 Test Acc 	 PGD Loss 	 PGD Acc
[2025/10/16 04:08:14] - 3.5769 	 	 0.4207 	 3.8761 	 0.2112
[2025/10/16 04:10:38] - 20 	 139.4 	 	 0.1000 	 5.0257 	 0.2657
[2025/10/16 04:10:38] - ==> Building model..
[2025/10/16 04:11:32] - Test Loss 	 Test Acc 	 PGD Loss 	 PGD Acc
[2025/10/16 04:11:32] - 3.5600 	 	 0.4241 	 3.8642 	 0.2127
[2025/10/16 04:13:56] - 21 	 139.2 	 	 0.1000 	 5.0232 	 0.2672
[2025/10/16 04:13:56] - ==> Building model..
[2025/10/16 04:14:49] - Test Loss 	 Test Acc 	 PGD Loss 	 PGD Acc
[2025/10/16 04:14:49] - 3.5446 	 	 0.4294 	 3.8549 	 0.2137
[2025/10/16 04:17:14] - 22 	 139.1 	 	 0.1000 	 5.0197 	 0.2717
[2025/10/16 04:17:14] - ==> Building model..
[2025/10/16 04:18:07] - Test Loss 	 Test Acc 	 PGD Loss 	 PGD Acc
[2025/10/16 04:18:07] - 3.5264 	 	 0.4318 	 3.8419 	 0.2143
[2025/10/16 04:20:31] - 23 	 138.7 	 	 0.1000 	 5.0180 	 0.2741
[2025/10/16 04:20:31] - ==> Building model..
[2025/10/16 04:21:24] - Test Loss 	 Test Acc 	 PGD Loss 	 PGD Acc
[2025/10/16 04:21:24] - 3.5118 	 	 0.4343 	 3.8311 	 0.2176
[2025/10/16 04:23:48] - 24 	 139.0 	 	 0.1000 	 5.0159 	 0.2765
[2025/10/16 04:23:48] - ==> Building model..
[2025/10/16 04:24:41] - Test Loss 	 Test Acc 	 PGD Loss 	 PGD Acc
[2025/10/16 04:24:41] - 3.4986 	 	 0.4361 	 3.8218 	 0.2172
[2025/10/16 04:27:05] - 25 	 138.9 	 	 0.1000 	 5.0142 	 0.2776
[2025/10/16 04:27:05] - ==> Building model..
[2025/10/16 04:27:58] - Test Loss 	 Test Acc 	 PGD Loss 	 PGD Acc
[2025/10/16 04:27:58] - 3.4874 	 	 0.4395 	 3.8143 	 0.2189
[2025/10/16 04:30:22] - 26 	 138.7 	 	 0.1000 	 5.0121 	 0.2812
[2025/10/16 04:30:22] - ==> Building model..
[2025/10/16 04:31:14] - Test Loss 	 Test Acc 	 PGD Loss 	 PGD Acc
[2025/10/16 04:31:14] - 3.4757 	 	 0.4418 	 3.8068 	 0.2197
[2025/10/16 04:33:38] - 27 	 138.9 	 	 0.1000 	 5.0103 	 0.2834
[2025/10/16 04:33:38] - ==> Building model..
[2025/10/16 04:34:31] - Test Loss 	 Test Acc 	 PGD Loss 	 PGD Acc
[2025/10/16 04:34:31] - 3.4669 	 	 0.4455 	 3.8015 	 0.2212
[2025/10/16 04:36:55] - 28 	 138.6 	 	 0.1000 	 5.0082 	 0.2835
[2025/10/16 04:36:55] - ==> Building model..
[2025/10/16 04:37:48] - Test Loss 	 Test Acc 	 PGD Loss 	 PGD Acc
[2025/10/16 04:37:48] - 3.4595 	 	 0.4461 	 3.7971 	 0.2208
[2025/10/16 04:40:11] - 29 	 138.3 	 	 0.1000 	 5.0073 	 0.2859
[2025/10/16 04:40:11] - ==> Building model..
[2025/10/16 04:41:04] - Test Loss 	 Test Acc 	 PGD Loss 	 PGD Acc
[2025/10/16 04:41:04] - 3.4523 	 	 0.4478 	 3.7922 	 0.2223
[2025/10/16 04:43:27] - 30 	 138.1 	 	 0.1000 	 5.0059 	 0.2873
[2025/10/16 04:43:27] - ==> Building model..
[2025/10/16 04:44:20] - Test Loss 	 Test Acc 	 PGD Loss 	 PGD Acc
[2025/10/16 04:44:20] - 3.4467 	 	 0.4490 	 3.7883 	 0.2230
[2025/10/16 04:46:43] - 31 	 138.1 	 	 0.1000 	 5.0039 	 0.2890
[2025/10/16 04:46:43] - ==> Building model..
[2025/10/16 04:47:36] - Test Loss 	 Test Acc 	 PGD Loss 	 PGD Acc
[2025/10/16 04:47:36] - 3.4409 	 	 0.4499 	 3.7844 	 0.2237
[2025/10/16 04:50:00] - 32 	 138.5 	 	 0.1000 	 5.0036 	 0.2877
[2025/10/16 04:50:00] - ==> Building model..
[2025/10/16 04:50:52] - Test Loss 	 Test Acc 	 PGD Loss 	 PGD Acc
[2025/10/16 04:50:52] - 3.4354 	 	 0.4522 	 3.7811 	 0.2247
[2025/10/16 04:53:15] - 33 	 138.0 	 	 0.1000 	 5.0021 	 0.2907
[2025/10/16 04:53:15] - ==> Building model..
[2025/10/16 04:54:08] - Test Loss 	 Test Acc 	 PGD Loss 	 PGD Acc
[2025/10/16 04:54:08] - 3.4290 	 	 0.4537 	 3.7770 	 0.2245
[2025/10/16 04:56:31] - 34 	 138.0 	 	 0.1000 	 5.0002 	 0.2931
[2025/10/16 04:56:31] - ==> Building model..
[2025/10/16 04:57:24] - Test Loss 	 Test Acc 	 PGD Loss 	 PGD Acc
[2025/10/16 04:57:24] - 3.4244 	 	 0.4538 	 3.7742 	 0.2237
[2025/10/16 04:59:46] - 35 	 138.0 	 	 0.1000 	 4.9990 	 0.2948
[2025/10/16 04:59:46] - ==> Building model..
[2025/10/16 05:00:39] - Test Loss 	 Test Acc 	 PGD Loss 	 PGD Acc
[2025/10/16 05:00:39] - 3.4187 	 	 0.4550 	 3.7703 	 0.2249
[2025/10/16 05:03:02] - 36 	 138.0 	 	 0.1000 	 4.9988 	 0.2941
[2025/10/16 05:03:02] - ==> Building model..
[2025/10/16 05:03:55] - Test Loss 	 Test Acc 	 PGD Loss 	 PGD Acc
[2025/10/16 05:03:55] - 3.4134 	 	 0.4586 	 3.7675 	 0.2241
[2025/10/16 05:06:17] - 37 	 137.9 	 	 0.1000 	 4.9967 	 0.2955
[2025/10/16 05:06:17] - ==> Building model..
[2025/10/16 05:07:10] - Test Loss 	 Test Acc 	 PGD Loss 	 PGD Acc
[2025/10/16 05:07:10] - 3.4091 	 	 0.4589 	 3.7655 	 0.2253
[2025/10/16 05:09:33] - 38 	 137.7 	 	 0.1000 	 4.9966 	 0.2964
[2025/10/16 05:09:33] - ==> Building model..
[2025/10/16 05:10:25] - Test Loss 	 Test Acc 	 PGD Loss 	 PGD Acc
[2025/10/16 05:10:25] - 3.4051 	 	 0.4613 	 3.7626 	 0.2257
[2025/10/16 05:12:48] - 39 	 137.4 	 	 0.1000 	 4.9951 	 0.2985
[2025/10/16 05:12:48] - ==> Building model..
[2025/10/16 05:13:41] - Test Loss 	 Test Acc 	 PGD Loss 	 PGD Acc
[2025/10/16 05:13:41] - 3.4020 	 	 0.4611 	 3.7609 	 0.2245
[2025/10/16 05:16:04] - 40 	 138.2 	 	 0.1000 	 4.9947 	 0.2964
[2025/10/16 05:16:04] - ==> Building model..
[2025/10/16 05:16:56] - Test Loss 	 Test Acc 	 PGD Loss 	 PGD Acc
[2025/10/16 05:16:56] - 3.3988 	 	 0.4619 	 3.7593 	 0.2260
[2025/10/16 05:19:20] - 41 	 138.2 	 	 0.1000 	 4.9934 	 0.2991
[2025/10/16 05:19:20] - ==> Building model..
[2025/10/16 05:20:13] - Test Loss 	 Test Acc 	 PGD Loss 	 PGD Acc
[2025/10/16 05:20:13] - 3.3964 	 	 0.4616 	 3.7584 	 0.2263
[2025/10/16 05:22:36] - 42 	 138.1 	 	 0.1000 	 4.9931 	 0.3020
[2025/10/16 05:22:36] - ==> Building model..
[2025/10/16 05:23:29] - Test Loss 	 Test Acc 	 PGD Loss 	 PGD Acc
[2025/10/16 05:23:29] - 3.3932 	 	 0.4630 	 3.7565 	 0.2265
[2025/10/16 05:25:52] - 43 	 138.0 	 	 0.1000 	 4.9920 	 0.3023
[2025/10/16 05:25:52] - ==> Building model..
[2025/10/16 05:26:45] - Test Loss 	 Test Acc 	 PGD Loss 	 PGD Acc
[2025/10/16 05:26:45] - 3.3915 	 	 0.4633 	 3.7563 	 0.2271
[2025/10/16 05:29:07] - 44 	 137.9 	 	 0.1000 	 4.9919 	 0.3032
[2025/10/16 05:29:07] - ==> Building model..
[2025/10/16 05:30:00] - Test Loss 	 Test Acc 	 PGD Loss 	 PGD Acc
[2025/10/16 05:30:00] - 3.3898 	 	 0.4644 	 3.7550 	 0.2278
[2025/10/16 05:32:23] - 45 	 137.7 	 	 0.1000 	 4.9908 	 0.3033
[2025/10/16 05:32:23] - ==> Building model..
[2025/10/16 05:33:16] - Test Loss 	 Test Acc 	 PGD Loss 	 PGD Acc
[2025/10/16 05:33:16] - 3.3874 	 	 0.4639 	 3.7537 	 0.2280
[2025/10/16 05:35:38] - 46 	 137.6 	 	 0.1000 	 4.9907 	 0.3057
[2025/10/16 05:35:38] - ==> Building model..
[2025/10/16 05:36:31] - Test Loss 	 Test Acc 	 PGD Loss 	 PGD Acc
[2025/10/16 05:36:31] - 3.3870 	 	 0.4639 	 3.7532 	 0.2282
[2025/10/16 05:38:54] - 47 	 137.9 	 	 0.1000 	 4.9907 	 0.3049
[2025/10/16 05:38:54] - ==> Building model..
[2025/10/16 05:39:46] - Test Loss 	 Test Acc 	 PGD Loss 	 PGD Acc
[2025/10/16 05:39:46] - 3.3882 	 	 0.4650 	 3.7549 	 0.2276
[2025/10/16 05:42:10] - 48 	 138.5 	 	 0.1000 	 4.9899 	 0.3047
[2025/10/16 05:42:10] - ==> Building model..
[2025/10/16 05:43:03] - Test Loss 	 Test Acc 	 PGD Loss 	 PGD Acc
[2025/10/16 05:43:03] - 3.3887 	 	 0.4659 	 3.7562 	 0.2274
[2025/10/16 05:45:26] - 49 	 138.6 	 	 0.1000 	 4.9906 	 0.3032
[2025/10/16 05:45:26] - ==> Building model..
[2025/10/16 05:46:19] - Test Loss 	 Test Acc 	 PGD Loss 	 PGD Acc
[2025/10/16 05:46:19] - 3.3905 	 	 0.4666 	 3.7583 	 0.2278
[2025/10/16 05:48:43] - 50 	 138.8 	 	 0.1000 	 4.9898 	 0.3057
[2025/10/16 05:48:43] - ==> Building model..
[2025/10/16 05:49:36] - Test Loss 	 Test Acc 	 PGD Loss 	 PGD Acc
[2025/10/16 05:49:36] - 3.3910 	 	 0.4680 	 3.7587 	 0.2284
[2025/10/16 05:52:00] - 51 	 138.7 	 	 0.1000 	 4.9895 	 0.3066
[2025/10/16 05:52:00] - ==> Building model..
[2025/10/16 05:52:53] - Test Loss 	 Test Acc 	 PGD Loss 	 PGD Acc
[2025/10/16 05:52:53] - 3.3918 	 	 0.4683 	 3.7596 	 0.2294
[2025/10/16 05:55:17] - 52 	 138.8 	 	 0.1000 	 4.9899 	 0.3061
[2025/10/16 05:55:17] - ==> Building model..
[2025/10/16 05:56:10] - Test Loss 	 Test Acc 	 PGD Loss 	 PGD Acc
[2025/10/16 05:56:10] - 3.3948 	 	 0.4686 	 3.7625 	 0.2303
[2025/10/16 05:58:33] - 53 	 138.5 	 	 0.1000 	 4.9889 	 0.3057
[2025/10/16 05:58:33] - ==> Building model..
[2025/10/16 05:59:26] - Test Loss 	 Test Acc 	 PGD Loss 	 PGD Acc
[2025/10/16 05:59:26] - 3.3974 	 	 0.4678 	 3.7656 	 0.2310
[2025/10/16 06:01:49] - 54 	 138.2 	 	 0.1000 	 4.9883 	 0.3077
[2025/10/16 06:01:49] - ==> Building model..
[2025/10/16 06:02:42] - Test Loss 	 Test Acc 	 PGD Loss 	 PGD Acc
[2025/10/16 06:02:42] - 3.3999 	 	 0.4676 	 3.7683 	 0.2313
[2025/10/16 06:05:04] - 55 	 137.8 	 	 0.1000 	 4.9880 	 0.3083
[2025/10/16 06:05:04] - ==> Building model..
[2025/10/16 06:05:57] - Test Loss 	 Test Acc 	 PGD Loss 	 PGD Acc
[2025/10/16 06:05:57] - 3.4019 	 	 0.4679 	 3.7706 	 0.2311
[2025/10/16 06:08:20] - 56 	 138.1 	 	 0.1000 	 4.9876 	 0.3089
[2025/10/16 06:08:20] - ==> Building model..
[2025/10/16 06:09:13] - Test Loss 	 Test Acc 	 PGD Loss 	 PGD Acc
[2025/10/16 06:09:13] - 3.4044 	 	 0.4671 	 3.7739 	 0.2323
[2025/10/16 06:11:36] - 57 	 138.2 	 	 0.1000 	 4.9871 	 0.3091
[2025/10/16 06:11:36] - ==> Building model..
[2025/10/16 06:12:28] - Test Loss 	 Test Acc 	 PGD Loss 	 PGD Acc
[2025/10/16 06:12:28] - 3.4070 	 	 0.4674 	 3.7760 	 0.2328
[2025/10/16 06:14:52] - 58 	 138.3 	 	 0.1000 	 4.9871 	 0.3077
[2025/10/16 06:14:52] - ==> Building model..
[2025/10/16 06:15:45] - Test Loss 	 Test Acc 	 PGD Loss 	 PGD Acc
[2025/10/16 06:15:45] - 3.4098 	 	 0.4671 	 3.7786 	 0.2337
[2025/10/16 06:18:08] - 59 	 138.1 	 	 0.1000 	 4.9869 	 0.3089
[2025/10/16 06:18:08] - ==> Building model..
[2025/10/16 06:19:01] - Test Loss 	 Test Acc 	 PGD Loss 	 PGD Acc
[2025/10/16 06:19:01] - 3.4119 	 	 0.4669 	 3.7805 	 0.2336
[2025/10/16 06:21:24] - 60 	 138.6 	 	 0.1000 	 4.9863 	 0.3100
[2025/10/16 06:21:24] - ==> Building model..
[2025/10/16 06:22:17] - Test Loss 	 Test Acc 	 PGD Loss 	 PGD Acc
[2025/10/16 06:22:17] - 3.4117 	 	 0.4679 	 3.7814 	 0.2330
[2025/10/16 06:24:40] - 61 	 138.3 	 	 0.1000 	 4.9857 	 0.3103
[2025/10/16 06:24:40] - ==> Building model..
[2025/10/16 06:25:33] - Test Loss 	 Test Acc 	 PGD Loss 	 PGD Acc
[2025/10/16 06:25:33] - 3.4117 	 	 0.4680 	 3.7809 	 0.2347
[2025/10/16 06:27:57] - 62 	 138.7 	 	 0.1000 	 4.9860 	 0.3103
[2025/10/16 06:27:57] - ==> Building model..
[2025/10/16 06:28:50] - Test Loss 	 Test Acc 	 PGD Loss 	 PGD Acc
[2025/10/16 06:28:50] - 3.4114 	 	 0.4689 	 3.7812 	 0.2338
[2025/10/16 06:31:13] - 63 	 138.6 	 	 0.1000 	 4.9850 	 0.3105
[2025/10/16 06:31:13] - ==> Building model..
[2025/10/16 06:32:06] - Test Loss 	 Test Acc 	 PGD Loss 	 PGD Acc
[2025/10/16 06:32:06] - 3.4104 	 	 0.4697 	 3.7805 	 0.2345
[2025/10/16 06:34:30] - 64 	 138.7 	 	 0.1000 	 4.9843 	 0.3122
[2025/10/16 06:34:30] - ==> Building model..
[2025/10/16 06:35:23] - Test Loss 	 Test Acc 	 PGD Loss 	 PGD Acc
[2025/10/16 06:35:23] - 3.4078 	 	 0.4705 	 3.7791 	 0.2357
[2025/10/16 06:37:47] - 65 	 138.7 	 	 0.1000 	 4.9841 	 0.3114
[2025/10/16 06:37:47] - ==> Building model..
[2025/10/16 06:38:41] - Test Loss 	 Test Acc 	 PGD Loss 	 PGD Acc
[2025/10/16 06:38:41] - 3.4044 	 	 0.4698 	 3.7764 	 0.2346
[2025/10/16 06:41:04] - 66 	 138.7 	 	 0.1000 	 4.9839 	 0.3125
[2025/10/16 06:41:04] - ==> Building model..
[2025/10/16 06:41:57] - Test Loss 	 Test Acc 	 PGD Loss 	 PGD Acc
[2025/10/16 06:41:57] - 3.4019 	 	 0.4703 	 3.7744 	 0.2348
[2025/10/16 06:44:21] - 67 	 138.7 	 	 0.1000 	 4.9842 	 0.3122
[2025/10/16 06:44:21] - ==> Building model..
[2025/10/16 06:45:14] - Test Loss 	 Test Acc 	 PGD Loss 	 PGD Acc
[2025/10/16 06:45:14] - 3.4002 	 	 0.4698 	 3.7730 	 0.2347
[2025/10/16 06:47:37] - 68 	 138.5 	 	 0.1000 	 4.9834 	 0.3131
[2025/10/16 06:47:37] - ==> Building model..
[2025/10/16 06:48:30] - Test Loss 	 Test Acc 	 PGD Loss 	 PGD Acc
[2025/10/16 06:48:30] - 3.3979 	 	 0.4691 	 3.7708 	 0.2354
[2025/10/16 06:50:54] - 69 	 138.6 	 	 0.1000 	 4.9835 	 0.3113
[2025/10/16 06:50:54] - ==> Building model..
[2025/10/16 06:51:47] - Test Loss 	 Test Acc 	 PGD Loss 	 PGD Acc
[2025/10/16 06:51:47] - 3.3951 	 	 0.4686 	 3.7693 	 0.2351
[2025/10/16 06:54:10] - 70 	 138.4 	 	 0.1000 	 4.9831 	 0.3132
[2025/10/16 06:54:10] - ==> Building model..
[2025/10/16 06:55:03] - Test Loss 	 Test Acc 	 PGD Loss 	 PGD Acc
[2025/10/16 06:55:03] - 3.3927 	 	 0.4692 	 3.7678 	 0.2352
[2025/10/16 06:57:26] - 71 	 138.8 	 	 0.1000 	 4.9830 	 0.3119
[2025/10/16 06:57:26] - ==> Building model..
[2025/10/16 06:58:19] - Test Loss 	 Test Acc 	 PGD Loss 	 PGD Acc
[2025/10/16 06:58:19] - 3.3895 	 	 0.4690 	 3.7644 	 0.2350
[2025/10/16 07:00:43] - 72 	 138.7 	 	 0.1000 	 4.9823 	 0.3143
[2025/10/16 07:00:43] - ==> Building model..
[2025/10/16 07:01:36] - Test Loss 	 Test Acc 	 PGD Loss 	 PGD Acc
[2025/10/16 07:01:36] - 3.3852 	 	 0.4696 	 3.7620 	 0.2357
[2025/10/16 07:03:59] - 73 	 138.5 	 	 0.1000 	 4.9821 	 0.3144
[2025/10/16 07:03:59] - ==> Building model..
[2025/10/16 07:04:52] - Test Loss 	 Test Acc 	 PGD Loss 	 PGD Acc
[2025/10/16 07:04:52] - 3.3831 	 	 0.4706 	 3.7604 	 0.2350
[2025/10/16 07:07:16] - 74 	 138.5 	 	 0.1000 	 4.9818 	 0.3146
[2025/10/16 07:07:16] - ==> Building model..
[2025/10/16 07:08:09] - Test Loss 	 Test Acc 	 PGD Loss 	 PGD Acc
[2025/10/16 07:08:09] - 3.3812 	 	 0.4699 	 3.7590 	 0.2354
[2025/10/16 07:10:32] - 75 	 138.5 	 	 0.1000 	 4.9812 	 0.3149
[2025/10/16 07:10:32] - ==> Building model..
[2025/10/16 07:11:26] - Test Loss 	 Test Acc 	 PGD Loss 	 PGD Acc
[2025/10/16 07:11:26] - 3.3789 	 	 0.4694 	 3.7569 	 0.2346
[2025/10/16 07:13:49] - 76 	 138.5 	 	 0.1000 	 4.9809 	 0.3149
[2025/10/16 07:13:49] - ==> Building model..
[2025/10/16 07:14:42] - Test Loss 	 Test Acc 	 PGD Loss 	 PGD Acc
[2025/10/16 07:14:42] - 3.3753 	 	 0.4696 	 3.7548 	 0.2357
[2025/10/16 07:17:05] - 77 	 138.5 	 	 0.1000 	 4.9804 	 0.3163
[2025/10/16 07:17:05] - ==> Building model..
[2025/10/16 07:17:59] - Test Loss 	 Test Acc 	 PGD Loss 	 PGD Acc
[2025/10/16 07:17:59] - 3.3724 	 	 0.4700 	 3.7525 	 0.2359
[2025/10/16 07:20:22] - 78 	 138.4 	 	 0.1000 	 4.9809 	 0.3165
[2025/10/16 07:20:22] - ==> Building model..
[2025/10/16 07:21:15] - Test Loss 	 Test Acc 	 PGD Loss 	 PGD Acc
[2025/10/16 07:21:15] - 3.3703 	 	 0.4706 	 3.7513 	 0.2365
[2025/10/16 07:23:39] - 79 	 138.8 	 	 0.1000 	 4.9807 	 0.3155
[2025/10/16 07:23:39] - ==> Building model..
[2025/10/16 07:24:32] - Test Loss 	 Test Acc 	 PGD Loss 	 PGD Acc
[2025/10/16 07:24:32] - 3.3674 	 	 0.4716 	 3.7488 	 0.2354
[2025/10/16 07:26:56] - 80 	 138.6 	 	 0.1000 	 4.9805 	 0.3155
[2025/10/16 07:26:56] - ==> Building model..
[2025/10/16 07:27:49] - Test Loss 	 Test Acc 	 PGD Loss 	 PGD Acc
[2025/10/16 07:27:49] - 3.3645 	 	 0.4711 	 3.7464 	 0.2357
[2025/10/16 07:30:12] - 81 	 138.6 	 	 0.1000 	 4.9799 	 0.3170
[2025/10/16 07:30:12] - ==> Building model..
[2025/10/16 07:31:05] - Test Loss 	 Test Acc 	 PGD Loss 	 PGD Acc
[2025/10/16 07:31:05] - 3.3615 	 	 0.4707 	 3.7447 	 0.2361
[2025/10/16 07:33:28] - 82 	 138.6 	 	 0.1000 	 4.9802 	 0.3159
[2025/10/16 07:33:28] - ==> Building model..
[2025/10/16 07:34:22] - Test Loss 	 Test Acc 	 PGD Loss 	 PGD Acc
[2025/10/16 07:34:22] - 3.3586 	 	 0.4714 	 3.7430 	 0.2361
[2025/10/16 07:36:45] - 83 	 138.6 	 	 0.1000 	 4.9805 	 0.3162
[2025/10/16 07:36:45] - ==> Building model..
[2025/10/16 07:37:38] - Test Loss 	 Test Acc 	 PGD Loss 	 PGD Acc
[2025/10/16 07:37:38] - 3.3565 	 	 0.4711 	 3.7411 	 0.2358
[2025/10/16 07:40:02] - 84 	 138.5 	 	 0.1000 	 4.9799 	 0.3162
[2025/10/16 07:40:02] - ==> Building model..
[2025/10/16 07:40:55] - Test Loss 	 Test Acc 	 PGD Loss 	 PGD Acc
[2025/10/16 07:40:55] - 3.3533 	 	 0.4720 	 3.7391 	 0.2370
[2025/10/16 07:43:19] - 85 	 138.5 	 	 0.1000 	 4.9796 	 0.3175
[2025/10/16 07:43:19] - ==> Building model..
[2025/10/16 07:44:12] - Test Loss 	 Test Acc 	 PGD Loss 	 PGD Acc
[2025/10/16 07:44:12] - 3.3503 	 	 0.4728 	 3.7369 	 0.2362
[2025/10/16 07:46:35] - 86 	 138.5 	 	 0.1000 	 4.9794 	 0.3173
[2025/10/16 07:46:35] - ==> Building model..
[2025/10/16 07:47:28] - Test Loss 	 Test Acc 	 PGD Loss 	 PGD Acc
[2025/10/16 07:47:28] - 3.3486 	 	 0.4725 	 3.7357 	 0.2357
[2025/10/16 07:49:51] - 87 	 138.6 	 	 0.1000 	 4.9790 	 0.3170
[2025/10/16 07:49:51] - ==> Building model..
[2025/10/16 07:50:44] - Test Loss 	 Test Acc 	 PGD Loss 	 PGD Acc
[2025/10/16 07:50:44] - 3.3461 	 	 0.4733 	 3.7331 	 0.2361
[2025/10/16 07:53:07] - 88 	 138.3 	 	 0.1000 	 4.9794 	 0.3174
[2025/10/16 07:53:07] - ==> Building model..
[2025/10/16 07:54:00] - Test Loss 	 Test Acc 	 PGD Loss 	 PGD Acc
[2025/10/16 07:54:00] - 3.3441 	 	 0.4728 	 3.7318 	 0.2364
[2025/10/16 07:56:24] - 89 	 138.4 	 	 0.1000 	 4.9787 	 0.3183
[2025/10/16 07:56:24] - ==> Building model..
[2025/10/16 07:57:17] - Test Loss 	 Test Acc 	 PGD Loss 	 PGD Acc
[2025/10/16 07:57:17] - 3.3418 	 	 0.4737 	 3.7302 	 0.2362
[2025/10/16 07:59:40] - 90 	 138.5 	 	 0.1000 	 4.9782 	 0.3204
[2025/10/16 07:59:40] - ==> Building model..
[2025/10/16 08:00:34] - Test Loss 	 Test Acc 	 PGD Loss 	 PGD Acc
[2025/10/16 08:00:34] - 3.3396 	 	 0.4756 	 3.7288 	 0.2368
[2025/10/16 08:02:56] - 91 	 138.1 	 	 0.1000 	 4.9784 	 0.3190
[2025/10/16 08:02:56] - ==> Building model..
[2025/10/16 08:03:49] - Test Loss 	 Test Acc 	 PGD Loss 	 PGD Acc
[2025/10/16 08:03:49] - 3.3370 	 	 0.4761 	 3.7274 	 0.2374
[2025/10/16 08:06:13] - 92 	 138.5 	 	 0.1000 	 4.9793 	 0.3166
[2025/10/16 08:06:13] - ==> Building model..
[2025/10/16 08:07:06] - Test Loss 	 Test Acc 	 PGD Loss 	 PGD Acc
[2025/10/16 08:07:06] - 3.3356 	 	 0.4747 	 3.7262 	 0.2374
[2025/10/16 08:09:29] - 93 	 138.5 	 	 0.1000 	 4.9781 	 0.3178
[2025/10/16 08:09:29] - ==> Building model..
[2025/10/16 08:10:22] - Test Loss 	 Test Acc 	 PGD Loss 	 PGD Acc
[2025/10/16 08:10:22] - 3.3336 	 	 0.4751 	 3.7252 	 0.2386
[2025/10/16 08:12:46] - 94 	 138.4 	 	 0.1000 	 4.9796 	 0.3167
[2025/10/16 08:12:46] - ==> Building model..
[2025/10/16 08:13:39] - Test Loss 	 Test Acc 	 PGD Loss 	 PGD Acc
[2025/10/16 08:13:39] - 3.3333 	 	 0.4749 	 3.7250 	 0.2382
[2025/10/16 08:16:02] - 95 	 138.5 	 	 0.1000 	 4.9788 	 0.3187
[2025/10/16 08:16:02] - ==> Building model..
[2025/10/16 08:16:55] - Test Loss 	 Test Acc 	 PGD Loss 	 PGD Acc
[2025/10/16 08:16:55] - 3.3309 	 	 0.4743 	 3.7229 	 0.2382
[2025/10/16 08:19:19] - 96 	 138.6 	 	 0.1000 	 4.9788 	 0.3176
[2025/10/16 08:19:19] - ==> Building model..
[2025/10/16 08:20:12] - Test Loss 	 Test Acc 	 PGD Loss 	 PGD Acc
[2025/10/16 08:20:12] - 3.3294 	 	 0.4747 	 3.7216 	 0.2377
[2025/10/16 08:22:35] - 97 	 138.4 	 	 0.1000 	 4.9789 	 0.3179
[2025/10/16 08:22:35] - ==> Building model..
[2025/10/16 08:23:28] - Test Loss 	 Test Acc 	 PGD Loss 	 PGD Acc
[2025/10/16 08:23:28] - 3.3276 	 	 0.4747 	 3.7202 	 0.2379
[2025/10/16 08:25:51] - 98 	 138.5 	 	 0.1000 	 4.9783 	 0.3181
[2025/10/16 08:25:51] - ==> Building model..
[2025/10/16 08:26:44] - Test Loss 	 Test Acc 	 PGD Loss 	 PGD Acc
[2025/10/16 08:26:44] - 3.3265 	 	 0.4741 	 3.7192 	 0.2385
[2025/10/16 08:29:07] - 99 	 137.8 	 	 0.0100 	 4.8787 	 0.4457
[2025/10/16 08:29:07] - ==> Building model..
[2025/10/16 08:30:00] - Test Loss 	 Test Acc 	 PGD Loss 	 PGD Acc
[2025/10/16 08:30:00] - 3.3257 	 	 0.4742 	 3.7191 	 0.2377
[2025/10/16 08:32:22] - 100 	 137.6 	 	 0.0100 	 4.8101 	 0.5389
[2025/10/16 08:32:22] - ==> Building model..
[2025/10/16 08:33:15] - Test Loss 	 Test Acc 	 PGD Loss 	 PGD Acc
[2025/10/16 08:33:15] - 3.3257 	 	 0.4742 	 3.7187 	 0.2378
[2025/10/16 08:35:38] - 101 	 138.0 	 	 0.0100 	 4.7836 	 0.5802
[2025/10/16 08:35:38] - ==> Building model..
[2025/10/16 08:36:31] - Test Loss 	 Test Acc 	 PGD Loss 	 PGD Acc
[2025/10/16 08:36:31] - 3.3257 	 	 0.4742 	 3.7192 	 0.2378
[2025/10/16 08:38:54] - 102 	 137.9 	 	 0.0100 	 4.7615 	 0.6163
[2025/10/16 08:38:54] - ==> Building model..
[2025/10/16 08:39:47] - Test Loss 	 Test Acc 	 PGD Loss 	 PGD Acc
[2025/10/16 08:39:47] - 3.3257 	 	 0.4742 	 3.7192 	 0.2377
[2025/10/16 08:42:09] - 103 	 137.8 	 	 0.0100 	 4.7429 	 0.6493
[2025/10/16 08:42:09] - ==> Building model..
[2025/10/16 08:43:02] - Test Loss 	 Test Acc 	 PGD Loss 	 PGD Acc
[2025/10/16 08:43:02] - 3.3257 	 	 0.4742 	 3.7185 	 0.2382
[2025/10/16 08:45:25] - 104 	 137.8 	 	 0.0010 	 4.6951 	 0.7255
[2025/10/16 08:45:25] - ==> Building model..
[2025/10/16 08:46:18] - Test Loss 	 Test Acc 	 PGD Loss 	 PGD Acc
[2025/10/16 08:46:18] - 3.3257 	 	 0.4742 	 3.7188 	 0.2382
[2025/10/16 08:48:40] - 105 	 137.8 	 	 0.0010 	 4.6735 	 0.7594
[2025/10/16 08:48:40] - ==> Building model..
[2025/10/16 08:49:33] - Test Loss 	 Test Acc 	 PGD Loss 	 PGD Acc
[2025/10/16 08:49:33] - 3.3257 	 	 0.4742 	 3.7192 	 0.2376
[2025/10/16 08:51:56] - 106 	 137.7 	 	 0.0010 	 4.6676 	 0.7684
[2025/10/16 08:51:56] - ==> Building model..
[2025/10/16 08:52:49] - Test Loss 	 Test Acc 	 PGD Loss 	 PGD Acc
[2025/10/16 08:52:49] - 3.3257 	 	 0.4742 	 3.7188 	 0.2377
[2025/10/16 08:55:12] - 107 	 137.8 	 	 0.0010 	 4.6624 	 0.7787
[2025/10/16 08:55:12] - ==> Building model..
[2025/10/16 08:56:05] - Test Loss 	 Test Acc 	 PGD Loss 	 PGD Acc
[2025/10/16 08:56:05] - 3.3257 	 	 0.4742 	 3.7189 	 0.2380
[2025/10/16 08:58:27] - 108 	 137.7 	 	 0.0010 	 4.6576 	 0.7861
[2025/10/16 08:58:27] - ==> Building model..
[2025/10/16 08:59:20] - Test Loss 	 Test Acc 	 PGD Loss 	 PGD Acc
[2025/10/16 08:59:20] - 3.3257 	 	 0.4742 	 3.7187 	 0.2379
[2025/10/16 09:01:43] - 109 	 137.5 	 	 0.0010 	 4.6533 	 0.7933
[2025/10/16 09:01:43] - ==> Building model..
[2025/10/16 09:02:36] - Test Loss 	 Test Acc 	 PGD Loss 	 PGD Acc
[2025/10/16 09:02:36] - 3.3257 	 	 0.4742 	 3.7191 	 0.2381
[2025/10/16 09:02:36] - [0.0828, 0.143, 0.1857, 0.2154, 0.2354, 0.2459, 0.2659, 0.3011, 0.3314, 0.3536, 0.3699, 0.3814, 0.3875, 0.3937, 0.4006, 0.4064, 0.4112, 0.4135, 0.4184, 0.4207, 0.4241, 0.4294, 0.4318, 0.4343, 0.4361, 0.4395, 0.4418, 0.4455, 0.4461, 0.4478, 0.449, 0.4499, 0.4522, 0.4537, 0.4538, 0.455, 0.4586, 0.4589, 0.4613, 0.4611, 0.4619, 0.4616, 0.463, 0.4633, 0.4644, 0.4639, 0.4639, 0.465, 0.4659, 0.4666, 0.468, 0.4683, 0.4686, 0.4678, 0.4676, 0.4679, 0.4671, 0.4674, 0.4671, 0.4669, 0.4679, 0.468, 0.4689, 0.4697, 0.4705, 0.4698, 0.4703, 0.4698, 0.4691, 0.4686, 0.4692, 0.469, 0.4696, 0.4706, 0.4699, 0.4694, 0.4696, 0.47, 0.4706, 0.4716, 0.4711, 0.4707, 0.4714, 0.4711, 0.472, 0.4728, 0.4725, 0.4733, 0.4728, 0.4737, 0.4756, 0.4761, 0.4747, 0.4751, 0.4749, 0.4743, 0.4747, 0.4747, 0.4741, 0.4742, 0.4742, 0.4742, 0.4742, 0.4742, 0.4742, 0.4742, 0.4742, 0.4742, 0.4742, 0.4742]
[2025/10/16 09:02:36] - [0.046, 0.0747, 0.0976, 0.1125, 0.1233, 0.1253, 0.1361, 0.1526, 0.1663, 0.1776, 0.1871, 0.1921, 0.1971, 0.1993, 0.1999, 0.2034, 0.2061, 0.2082, 0.2084, 0.2112, 0.2127, 0.2137, 0.2143, 0.2176, 0.2172, 0.2189, 0.2197, 0.2212, 0.2208, 0.2223, 0.223, 0.2237, 0.2247, 0.2245, 0.2237, 0.2249, 0.2241, 0.2253, 0.2257, 0.2245, 0.226, 0.2263, 0.2265, 0.2271, 0.2278, 0.228, 0.2282, 0.2276, 0.2274, 0.2278, 0.2284, 0.2294, 0.2303, 0.231, 0.2313, 0.2311, 0.2323, 0.2328, 0.2337, 0.2336, 0.233, 0.2347, 0.2338, 0.2345, 0.2357, 0.2346, 0.2348, 0.2347, 0.2354, 0.2351, 0.2352, 0.235, 0.2357, 0.235, 0.2354, 0.2346, 0.2357, 0.2359, 0.2365, 0.2354, 0.2357, 0.2361, 0.2361, 0.2358, 0.237, 0.2362, 0.2357, 0.2361, 0.2364, 0.2362, 0.2368, 0.2374, 0.2374, 0.2386, 0.2382, 0.2382, 0.2377, 0.2379, 0.2385, 0.2377, 0.2378, 0.2378, 0.2377, 0.2382, 0.2382, 0.2376, 0.2377, 0.238, 0.2379, 0.2381]
