[2025/10/11 09:22:24] - Namespace(batch_size=128, data_dir='./tiny-imagenet-200', epochs=110, lr_schedule='multistep', lr_min=0.0, lr_max=0.1, weight_decay=0.0005, momentum=0.9, model='PreActResNest18', epsilon=8, alpha=8, delta_init='random', normal_mean=0, normal_std=1, out_dir='./output/Tiny_ImageNet_best/lam_scale_0.15_lam_start_40_beta_0.2/run_1', seed=0, lamda=38, lam_scale=0.15, lam_start=40, gamma=0.025, inner_gamma=0.025, beta=0.2, mu=3.5, batch_m=0.75, early_stop=False, factor=0.3, length=6, n_holes=1, c_num=0.125, EMA_value=0.55)
[2025/10/11 09:23:42] - ==> Building model..
[2025/10/11 09:23:42] - Epoch 	 Seconds 	 LR 	 	 Train Loss 	 Train Acc
[2025/10/11 09:26:10] - 0 	 142.8 	 	 0.1000 	 5.2903 	 0.0284
[2025/10/11 09:26:10] - ==> Building model..
[2025/10/11 09:27:01] - Test Loss 	 Test Acc 	 PGD Loss 	 PGD Acc
[2025/10/11 09:27:01] - 4.9732 	 	 0.0797 	 4.9855 	 0.0448
[2025/10/11 09:29:27] - 1 	 140.8 	 	 0.1000 	 5.2275 	 0.0720
[2025/10/11 09:29:27] - ==> Building model..
[2025/10/11 09:30:19] - Test Loss 	 Test Acc 	 PGD Loss 	 PGD Acc
[2025/10/11 09:30:19] - 4.7168 	 	 0.1502 	 4.7557 	 0.0768
[2025/10/11 09:32:45] - 2 	 140.4 	 	 0.1000 	 5.1963 	 0.1014
[2025/10/11 09:32:45] - ==> Building model..
[2025/10/11 09:33:37] - Test Loss 	 Test Acc 	 PGD Loss 	 PGD Acc
[2025/10/11 09:33:37] - 4.5795 	 	 0.1906 	 4.6405 	 0.0993
[2025/10/11 09:36:03] - 3 	 140.9 	 	 0.1000 	 5.1707 	 0.1251
[2025/10/11 09:36:03] - ==> Building model..
[2025/10/11 09:36:56] - Test Loss 	 Test Acc 	 PGD Loss 	 PGD Acc
[2025/10/11 09:36:56] - 4.4810 	 	 0.2119 	 4.5590 	 0.1094
[2025/10/11 09:39:22] - 4 	 140.9 	 	 0.1000 	 5.1464 	 0.1461
[2025/10/11 09:39:22] - ==> Building model..
[2025/10/11 09:40:15] - Test Loss 	 Test Acc 	 PGD Loss 	 PGD Acc
[2025/10/11 09:40:15] - 4.4398 	 	 0.2300 	 4.5289 	 0.1180
[2025/10/11 09:42:41] - 5 	 140.8 	 	 0.1000 	 5.1263 	 0.1647
[2025/10/11 09:42:41] - ==> Building model..
[2025/10/11 09:43:34] - Test Loss 	 Test Acc 	 PGD Loss 	 PGD Acc
[2025/10/11 09:43:34] - 4.4201 	 	 0.2466 	 4.5170 	 0.1248
[2025/10/11 09:45:58] - 6 	 139.5 	 	 0.1000 	 5.1124 	 0.1798
[2025/10/11 09:45:58] - ==> Building model..
[2025/10/11 09:46:52] - Test Loss 	 Test Acc 	 PGD Loss 	 PGD Acc
[2025/10/11 09:46:52] - 4.3559 	 	 0.2631 	 4.4666 	 0.1340
[2025/10/11 09:49:16] - 7 	 139.4 	 	 0.1000 	 5.1007 	 0.1904
[2025/10/11 09:49:16] - ==> Building model..
[2025/10/11 09:50:10] - Test Loss 	 Test Acc 	 PGD Loss 	 PGD Acc
[2025/10/11 09:50:10] - 4.2052 	 	 0.2938 	 4.3455 	 0.1515
[2025/10/11 09:52:51] - 8 	 155.4 	 	 0.1000 	 5.0902 	 0.2008
[2025/10/11 09:52:51] - ==> Building model..
[2025/10/11 09:53:46] - Test Loss 	 Test Acc 	 PGD Loss 	 PGD Acc
[2025/10/11 09:53:46] - 4.0488 	 	 0.3277 	 4.2238 	 0.1667
[2025/10/11 09:56:15] - 9 	 143.7 	 	 0.1000 	 5.0812 	 0.2096
[2025/10/11 09:56:15] - ==> Building model..
[2025/10/11 09:57:10] - Test Loss 	 Test Acc 	 PGD Loss 	 PGD Acc
[2025/10/11 09:57:10] - 3.9251 	 	 0.3510 	 4.1289 	 0.1779
[2025/10/11 09:59:36] - 10 	 140.7 	 	 0.1000 	 5.0734 	 0.2189
[2025/10/11 09:59:36] - ==> Building model..
[2025/10/11 10:00:29] - Test Loss 	 Test Acc 	 PGD Loss 	 PGD Acc
[2025/10/11 10:00:29] - 3.8508 	 	 0.3669 	 4.0728 	 0.1826
[2025/10/11 10:02:55] - 11 	 141.4 	 	 0.1000 	 5.0663 	 0.2250
[2025/10/11 10:02:55] - ==> Building model..
[2025/10/11 10:03:49] - Test Loss 	 Test Acc 	 PGD Loss 	 PGD Acc
[2025/10/11 10:03:49] - 3.7917 	 	 0.3793 	 4.0286 	 0.1905
[2025/10/11 10:06:16] - 12 	 141.8 	 	 0.1000 	 5.0604 	 0.2317
[2025/10/11 10:06:16] - ==> Building model..
[2025/10/11 10:07:13] - Test Loss 	 Test Acc 	 PGD Loss 	 PGD Acc
[2025/10/11 10:07:13] - 3.7503 	 	 0.3871 	 3.9984 	 0.1942
[2025/10/11 10:10:02] - 13 	 162.8 	 	 0.1000 	 5.0540 	 0.2374
[2025/10/11 10:10:02] - ==> Building model..
[2025/10/11 10:10:59] - Test Loss 	 Test Acc 	 PGD Loss 	 PGD Acc
[2025/10/11 10:10:59] - 3.7111 	 	 0.3949 	 3.9700 	 0.1967
[2025/10/11 10:13:27] - 14 	 142.4 	 	 0.1000 	 5.0491 	 0.2433
[2025/10/11 10:13:27] - ==> Building model..
[2025/10/11 10:14:23] - Test Loss 	 Test Acc 	 PGD Loss 	 PGD Acc
[2025/10/11 10:14:23] - 3.6805 	 	 0.4028 	 3.9485 	 0.2012
[2025/10/11 10:16:50] - 15 	 142.0 	 	 0.1000 	 5.0444 	 0.2473
[2025/10/11 10:16:50] - ==> Building model..
[2025/10/11 10:17:47] - Test Loss 	 Test Acc 	 PGD Loss 	 PGD Acc
[2025/10/11 10:17:47] - 3.6540 	 	 0.4087 	 3.9303 	 0.2033
[2025/10/11 10:20:18] - 16 	 145.2 	 	 0.1000 	 5.0405 	 0.2519
[2025/10/11 10:20:18] - ==> Building model..
[2025/10/11 10:21:16] - Test Loss 	 Test Acc 	 PGD Loss 	 PGD Acc
[2025/10/11 10:21:16] - 3.6283 	 	 0.4133 	 3.9123 	 0.2058
[2025/10/11 10:23:47] - 17 	 145.5 	 	 0.1000 	 5.0363 	 0.2561
[2025/10/11 10:23:47] - ==> Building model..
[2025/10/11 10:24:44] - Test Loss 	 Test Acc 	 PGD Loss 	 PGD Acc
[2025/10/11 10:24:44] - 3.6113 	 	 0.4186 	 3.9009 	 0.2078
[2025/10/11 10:27:16] - 18 	 146.4 	 	 0.1000 	 5.0328 	 0.2599
[2025/10/11 10:27:16] - ==> Building model..
[2025/10/11 10:28:15] - Test Loss 	 Test Acc 	 PGD Loss 	 PGD Acc
[2025/10/11 10:28:15] - 3.5955 	 	 0.4210 	 3.8900 	 0.2089
[2025/10/11 10:30:45] - 19 	 143.9 	 	 0.1000 	 5.0297 	 0.2626
[2025/10/11 10:30:45] - ==> Building model..
[2025/10/11 10:31:41] - Test Loss 	 Test Acc 	 PGD Loss 	 PGD Acc
[2025/10/11 10:31:41] - 3.5801 	 	 0.4260 	 3.8794 	 0.2100
[2025/10/11 10:34:17] - 20 	 149.8 	 	 0.1000 	 5.0274 	 0.2650
[2025/10/11 10:34:17] - ==> Building model..
[2025/10/11 10:35:11] - Test Loss 	 Test Acc 	 PGD Loss 	 PGD Acc
[2025/10/11 10:35:11] - 3.5647 	 	 0.4272 	 3.8678 	 0.2126
[2025/10/11 10:37:39] - 21 	 143.1 	 	 0.1000 	 5.0246 	 0.2673
[2025/10/11 10:37:39] - ==> Building model..
[2025/10/11 10:38:35] - Test Loss 	 Test Acc 	 PGD Loss 	 PGD Acc
[2025/10/11 10:38:35] - 3.5503 	 	 0.4309 	 3.8585 	 0.2130
[2025/10/11 10:41:08] - 22 	 147.4 	 	 0.1000 	 5.0216 	 0.2712
[2025/10/11 10:41:08] - ==> Building model..
[2025/10/11 10:42:02] - Test Loss 	 Test Acc 	 PGD Loss 	 PGD Acc
[2025/10/11 10:42:02] - 3.5355 	 	 0.4331 	 3.8478 	 0.2161
[2025/10/11 10:44:27] - 23 	 139.0 	 	 0.1000 	 5.0197 	 0.2738
[2025/10/11 10:44:27] - ==> Building model..
[2025/10/11 10:45:21] - Test Loss 	 Test Acc 	 PGD Loss 	 PGD Acc
[2025/10/11 10:45:21] - 3.5224 	 	 0.4352 	 3.8390 	 0.2171
[2025/10/11 10:47:45] - 24 	 138.9 	 	 0.1000 	 5.0173 	 0.2753
[2025/10/11 10:47:45] - ==> Building model..
[2025/10/11 10:48:39] - Test Loss 	 Test Acc 	 PGD Loss 	 PGD Acc
[2025/10/11 10:48:39] - 3.5116 	 	 0.4382 	 3.8319 	 0.2197
[2025/10/11 10:51:04] - 25 	 139.1 	 	 0.1000 	 5.0156 	 0.2776
[2025/10/11 10:51:04] - ==> Building model..
[2025/10/11 10:51:57] - Test Loss 	 Test Acc 	 PGD Loss 	 PGD Acc
[2025/10/11 10:51:57] - 3.5017 	 	 0.4402 	 3.8258 	 0.2185
[2025/10/11 10:54:21] - 26 	 138.8 	 	 0.1000 	 5.0137 	 0.2805
[2025/10/11 10:54:21] - ==> Building model..
[2025/10/11 10:55:15] - Test Loss 	 Test Acc 	 PGD Loss 	 PGD Acc
[2025/10/11 10:55:15] - 3.4923 	 	 0.4418 	 3.8193 	 0.2203
[2025/10/11 10:57:40] - 27 	 139.1 	 	 0.1000 	 5.0120 	 0.2819
[2025/10/11 10:57:40] - ==> Building model..
[2025/10/11 10:58:33] - Test Loss 	 Test Acc 	 PGD Loss 	 PGD Acc
[2025/10/11 10:58:33] - 3.4827 	 	 0.4440 	 3.8135 	 0.2219
[2025/10/11 11:00:57] - 28 	 138.5 	 	 0.1000 	 5.0096 	 0.2833
[2025/10/11 11:00:57] - ==> Building model..
[2025/10/11 11:01:50] - Test Loss 	 Test Acc 	 PGD Loss 	 PGD Acc
[2025/10/11 11:01:50] - 3.4751 	 	 0.4456 	 3.8082 	 0.2239
[2025/10/11 11:04:14] - 29 	 138.4 	 	 0.1000 	 5.0085 	 0.2844
[2025/10/11 11:04:14] - ==> Building model..
[2025/10/11 11:05:09] - Test Loss 	 Test Acc 	 PGD Loss 	 PGD Acc
[2025/10/11 11:05:09] - 3.4676 	 	 0.4476 	 3.8033 	 0.2242
[2025/10/11 11:07:34] - 30 	 138.4 	 	 0.1000 	 5.0071 	 0.2870
[2025/10/11 11:07:34] - ==> Building model..
[2025/10/11 11:08:28] - Test Loss 	 Test Acc 	 PGD Loss 	 PGD Acc
[2025/10/11 11:08:28] - 3.4616 	 	 0.4480 	 3.7998 	 0.2251
[2025/10/11 11:10:52] - 31 	 138.6 	 	 0.1000 	 5.0057 	 0.2887
[2025/10/11 11:10:52] - ==> Building model..
[2025/10/11 11:11:46] - Test Loss 	 Test Acc 	 PGD Loss 	 PGD Acc
[2025/10/11 11:11:46] - 3.4560 	 	 0.4484 	 3.7961 	 0.2252
[2025/10/11 11:14:11] - 32 	 138.8 	 	 0.1000 	 5.0049 	 0.2880
[2025/10/11 11:14:11] - ==> Building model..
[2025/10/11 11:15:04] - Test Loss 	 Test Acc 	 PGD Loss 	 PGD Acc
[2025/10/11 11:15:04] - 3.4484 	 	 0.4500 	 3.7915 	 0.2259
[2025/10/11 11:17:28] - 33 	 138.5 	 	 0.1000 	 5.0030 	 0.2900
[2025/10/11 11:17:28] - ==> Building model..
[2025/10/11 11:18:21] - Test Loss 	 Test Acc 	 PGD Loss 	 PGD Acc
[2025/10/11 11:18:21] - 3.4424 	 	 0.4509 	 3.7872 	 0.2268
[2025/10/11 11:20:46] - 34 	 138.8 	 	 0.1000 	 5.0018 	 0.2920
[2025/10/11 11:20:46] - ==> Building model..
[2025/10/11 11:21:39] - Test Loss 	 Test Acc 	 PGD Loss 	 PGD Acc
[2025/10/11 11:21:39] - 3.4353 	 	 0.4534 	 3.7827 	 0.2285
[2025/10/11 11:24:03] - 35 	 138.6 	 	 0.1000 	 5.0005 	 0.2935
[2025/10/11 11:24:03] - ==> Building model..
[2025/10/11 11:24:57] - Test Loss 	 Test Acc 	 PGD Loss 	 PGD Acc
[2025/10/11 11:24:57] - 3.4291 	 	 0.4529 	 3.7789 	 0.2278
[2025/10/11 11:27:22] - 36 	 139.2 	 	 0.1000 	 5.0001 	 0.2929
[2025/10/11 11:27:22] - ==> Building model..
[2025/10/11 11:28:16] - Test Loss 	 Test Acc 	 PGD Loss 	 PGD Acc
[2025/10/11 11:28:16] - 3.4247 	 	 0.4543 	 3.7763 	 0.2275
[2025/10/11 11:30:39] - 37 	 138.2 	 	 0.1000 	 4.9983 	 0.2977
[2025/10/11 11:30:39] - ==> Building model..
[2025/10/11 11:31:32] - Test Loss 	 Test Acc 	 PGD Loss 	 PGD Acc
[2025/10/11 11:31:32] - 3.4211 	 	 0.4567 	 3.7753 	 0.2286
[2025/10/11 11:33:56] - 38 	 138.7 	 	 0.1000 	 4.9982 	 0.2951
[2025/10/11 11:33:56] - ==> Building model..
[2025/10/11 11:34:50] - Test Loss 	 Test Acc 	 PGD Loss 	 PGD Acc
[2025/10/11 11:34:50] - 3.4168 	 	 0.4576 	 3.7718 	 0.2294
[2025/10/11 11:37:14] - 39 	 138.6 	 	 0.1000 	 4.9967 	 0.2973
[2025/10/11 11:37:14] - ==> Building model..
[2025/10/11 11:38:07] - Test Loss 	 Test Acc 	 PGD Loss 	 PGD Acc
[2025/10/11 11:38:07] - 3.4112 	 	 0.4574 	 3.7685 	 0.2299
[2025/10/11 11:40:32] - 40 	 138.9 	 	 0.1000 	 4.9967 	 0.2956
[2025/10/11 11:40:32] - ==> Building model..
[2025/10/11 11:41:25] - Test Loss 	 Test Acc 	 PGD Loss 	 PGD Acc
[2025/10/11 11:41:25] - 3.4069 	 	 0.4580 	 3.7655 	 0.2305
[2025/10/11 11:43:49] - 41 	 139.0 	 	 0.1000 	 4.9951 	 0.2977
[2025/10/11 11:43:49] - ==> Building model..
[2025/10/11 11:44:44] - Test Loss 	 Test Acc 	 PGD Loss 	 PGD Acc
[2025/10/11 11:44:44] - 3.4045 	 	 0.4594 	 3.7650 	 0.2296
[2025/10/11 11:47:08] - 42 	 137.7 	 	 0.1000 	 4.9948 	 0.2991
[2025/10/11 11:47:08] - ==> Building model..
[2025/10/11 11:48:02] - Test Loss 	 Test Acc 	 PGD Loss 	 PGD Acc
[2025/10/11 11:48:02] - 3.4008 	 	 0.4596 	 3.7629 	 0.2297
[2025/10/11 11:50:26] - 43 	 138.4 	 	 0.1000 	 4.9944 	 0.3011
[2025/10/11 11:50:26] - ==> Building model..
[2025/10/11 11:51:20] - Test Loss 	 Test Acc 	 PGD Loss 	 PGD Acc
[2025/10/11 11:51:20] - 3.3995 	 	 0.4612 	 3.7623 	 0.2306
[2025/10/11 11:53:45] - 44 	 138.9 	 	 0.1000 	 4.9938 	 0.3020
[2025/10/11 11:53:45] - ==> Building model..
[2025/10/11 11:54:39] - Test Loss 	 Test Acc 	 PGD Loss 	 PGD Acc
[2025/10/11 11:54:39] - 3.3979 	 	 0.4602 	 3.7611 	 0.2331
[2025/10/11 11:57:03] - 45 	 138.3 	 	 0.1000 	 4.9942 	 0.3020
[2025/10/11 11:57:03] - ==> Building model..
[2025/10/11 11:57:56] - Test Loss 	 Test Acc 	 PGD Loss 	 PGD Acc
[2025/10/11 11:57:56] - 3.3976 	 	 0.4611 	 3.7612 	 0.2322
[2025/10/11 12:00:19] - 46 	 138.2 	 	 0.1000 	 4.9938 	 0.3019
[2025/10/11 12:00:19] - ==> Building model..
[2025/10/11 12:01:12] - Test Loss 	 Test Acc 	 PGD Loss 	 PGD Acc
[2025/10/11 12:01:12] - 3.3977 	 	 0.4614 	 3.7615 	 0.2329
[2025/10/11 12:03:36] - 47 	 138.6 	 	 0.1000 	 4.9939 	 0.3031
[2025/10/11 12:03:36] - ==> Building model..
[2025/10/11 12:04:30] - Test Loss 	 Test Acc 	 PGD Loss 	 PGD Acc
[2025/10/11 12:04:30] - 3.3978 	 	 0.4626 	 3.7620 	 0.2335
[2025/10/11 12:06:54] - 48 	 138.8 	 	 0.1000 	 4.9936 	 0.3026
[2025/10/11 12:06:54] - ==> Building model..
[2025/10/11 12:07:50] - Test Loss 	 Test Acc 	 PGD Loss 	 PGD Acc
[2025/10/11 12:07:50] - 3.3974 	 	 0.4634 	 3.7615 	 0.2331
[2025/10/11 12:10:22] - 49 	 146.8 	 	 0.1000 	 4.9933 	 0.3028
[2025/10/11 12:10:22] - ==> Building model..
[2025/10/11 12:11:17] - Test Loss 	 Test Acc 	 PGD Loss 	 PGD Acc
[2025/10/11 12:11:17] - 3.3971 	 	 0.4646 	 3.7625 	 0.2322
[2025/10/11 12:13:43] - 50 	 141.0 	 	 0.1000 	 4.9927 	 0.3037
[2025/10/11 12:13:43] - ==> Building model..
[2025/10/11 12:14:37] - Test Loss 	 Test Acc 	 PGD Loss 	 PGD Acc
[2025/10/11 12:14:37] - 3.3967 	 	 0.4649 	 3.7619 	 0.2321
[2025/10/11 12:17:02] - 51 	 139.9 	 	 0.1000 	 4.9927 	 0.3036
[2025/10/11 12:17:02] - ==> Building model..
[2025/10/11 12:17:56] - Test Loss 	 Test Acc 	 PGD Loss 	 PGD Acc
[2025/10/11 12:17:56] - 3.3959 	 	 0.4654 	 3.7614 	 0.2323
[2025/10/11 12:20:21] - 52 	 139.7 	 	 0.1000 	 4.9919 	 0.3046
[2025/10/11 12:20:21] - ==> Building model..
[2025/10/11 12:21:14] - Test Loss 	 Test Acc 	 PGD Loss 	 PGD Acc
[2025/10/11 12:21:14] - 3.3961 	 	 0.4652 	 3.7618 	 0.2330
[2025/10/11 12:23:47] - 53 	 147.2 	 	 0.1000 	 4.9912 	 0.3065
[2025/10/11 12:23:47] - ==> Building model..
[2025/10/11 12:24:47] - Test Loss 	 Test Acc 	 PGD Loss 	 PGD Acc
[2025/10/11 12:24:47] - 3.3959 	 	 0.4664 	 3.7620 	 0.2341
[2025/10/11 12:27:27] - 54 	 154.3 	 	 0.1000 	 4.9914 	 0.3056
[2025/10/11 12:27:27] - ==> Building model..
[2025/10/11 12:28:23] - Test Loss 	 Test Acc 	 PGD Loss 	 PGD Acc
[2025/10/11 12:28:23] - 3.3965 	 	 0.4670 	 3.7631 	 0.2344
[2025/10/11 12:30:49] - 55 	 141.3 	 	 0.1000 	 4.9904 	 0.3067
[2025/10/11 12:30:49] - ==> Building model..
[2025/10/11 12:31:44] - Test Loss 	 Test Acc 	 PGD Loss 	 PGD Acc
[2025/10/11 12:31:44] - 3.3951 	 	 0.4674 	 3.7618 	 0.2350
[2025/10/11 12:34:13] - 56 	 143.8 	 	 0.1000 	 4.9900 	 0.3067
[2025/10/11 12:34:13] - ==> Building model..
[2025/10/11 12:35:08] - Test Loss 	 Test Acc 	 PGD Loss 	 PGD Acc
[2025/10/11 12:35:08] - 3.3945 	 	 0.4664 	 3.7616 	 0.2345
[2025/10/11 12:37:34] - 57 	 140.9 	 	 0.1000 	 4.9899 	 0.3057
[2025/10/11 12:37:34] - ==> Building model..
[2025/10/11 12:38:29] - Test Loss 	 Test Acc 	 PGD Loss 	 PGD Acc
[2025/10/11 12:38:29] - 3.3945 	 	 0.4674 	 3.7618 	 0.2344
[2025/10/11 12:40:59] - 58 	 145.1 	 	 0.1000 	 4.9896 	 0.3072
[2025/10/11 12:40:59] - ==> Building model..
[2025/10/11 12:41:54] - Test Loss 	 Test Acc 	 PGD Loss 	 PGD Acc
[2025/10/11 12:41:54] - 3.3950 	 	 0.4678 	 3.7624 	 0.2331
[2025/10/11 12:44:20] - 59 	 140.7 	 	 0.1000 	 4.9894 	 0.3068
[2025/10/11 12:44:20] - ==> Building model..
[2025/10/11 12:45:16] - Test Loss 	 Test Acc 	 PGD Loss 	 PGD Acc
[2025/10/11 12:45:16] - 3.3950 	 	 0.4678 	 3.7628 	 0.2339
[2025/10/11 12:47:43] - 60 	 141.7 	 	 0.1000 	 4.9886 	 0.3065
[2025/10/11 12:47:43] - ==> Building model..
[2025/10/11 12:48:35] - Test Loss 	 Test Acc 	 PGD Loss 	 PGD Acc
[2025/10/11 12:48:35] - 3.3939 	 	 0.4667 	 3.7622 	 0.2339
[2025/10/11 12:50:59] - 61 	 138.3 	 	 0.1000 	 4.9880 	 0.3094
[2025/10/11 12:50:59] - ==> Building model..
[2025/10/11 12:51:53] - Test Loss 	 Test Acc 	 PGD Loss 	 PGD Acc
[2025/10/11 12:51:53] - 3.3922 	 	 0.4678 	 3.7609 	 0.2355
[2025/10/11 12:54:17] - 62 	 138.2 	 	 0.1000 	 4.9881 	 0.3079
[2025/10/11 12:54:17] - ==> Building model..
[2025/10/11 12:55:11] - Test Loss 	 Test Acc 	 PGD Loss 	 PGD Acc
[2025/10/11 12:55:11] - 3.3915 	 	 0.4696 	 3.7615 	 0.2358
[2025/10/11 12:57:34] - 63 	 138.2 	 	 0.1000 	 4.9875 	 0.3097
[2025/10/11 12:57:34] - ==> Building model..
[2025/10/11 12:58:27] - Test Loss 	 Test Acc 	 PGD Loss 	 PGD Acc
[2025/10/11 12:58:27] - 3.3908 	 	 0.4690 	 3.7610 	 0.2355
[2025/10/11 13:00:51] - 64 	 138.6 	 	 0.1000 	 4.9870 	 0.3097
[2025/10/11 13:00:51] - ==> Building model..
[2025/10/11 13:01:45] - Test Loss 	 Test Acc 	 PGD Loss 	 PGD Acc
[2025/10/11 13:01:45] - 3.3907 	 	 0.4691 	 3.7609 	 0.2348
[2025/10/11 13:04:09] - 65 	 138.9 	 	 0.1000 	 4.9868 	 0.3080
[2025/10/11 13:04:09] - ==> Building model..
[2025/10/11 13:05:02] - Test Loss 	 Test Acc 	 PGD Loss 	 PGD Acc
[2025/10/11 13:05:02] - 3.3893 	 	 0.4696 	 3.7593 	 0.2350
[2025/10/11 13:07:26] - 66 	 138.7 	 	 0.1000 	 4.9865 	 0.3103
[2025/10/11 13:07:26] - ==> Building model..
[2025/10/11 13:08:19] - Test Loss 	 Test Acc 	 PGD Loss 	 PGD Acc
[2025/10/11 13:08:19] - 3.3881 	 	 0.4698 	 3.7592 	 0.2353
[2025/10/11 13:10:43] - 67 	 138.8 	 	 0.1000 	 4.9866 	 0.3095
[2025/10/11 13:10:43] - ==> Building model..
[2025/10/11 13:11:37] - Test Loss 	 Test Acc 	 PGD Loss 	 PGD Acc
[2025/10/11 13:11:37] - 3.3870 	 	 0.4698 	 3.7583 	 0.2347
[2025/10/11 13:14:00] - 68 	 138.6 	 	 0.1000 	 4.9861 	 0.3106
[2025/10/11 13:14:00] - ==> Building model..
[2025/10/11 13:14:54] - Test Loss 	 Test Acc 	 PGD Loss 	 PGD Acc
[2025/10/11 13:14:54] - 3.3865 	 	 0.4693 	 3.7580 	 0.2347
[2025/10/11 13:17:18] - 69 	 138.8 	 	 0.1000 	 4.9862 	 0.3099
[2025/10/11 13:17:18] - ==> Building model..
[2025/10/11 13:18:12] - Test Loss 	 Test Acc 	 PGD Loss 	 PGD Acc
[2025/10/11 13:18:12] - 3.3847 	 	 0.4699 	 3.7567 	 0.2348
[2025/10/11 13:20:36] - 70 	 138.8 	 	 0.1000 	 4.9856 	 0.3115
[2025/10/11 13:20:36] - ==> Building model..
[2025/10/11 13:21:29] - Test Loss 	 Test Acc 	 PGD Loss 	 PGD Acc
[2025/10/11 13:21:29] - 3.3836 	 	 0.4704 	 3.7565 	 0.2349
[2025/10/11 13:23:53] - 71 	 138.8 	 	 0.1000 	 4.9856 	 0.3101
[2025/10/11 13:23:53] - ==> Building model..
[2025/10/11 13:24:46] - Test Loss 	 Test Acc 	 PGD Loss 	 PGD Acc
[2025/10/11 13:24:46] - 3.3814 	 	 0.4703 	 3.7545 	 0.2349
[2025/10/11 13:27:10] - 72 	 139.0 	 	 0.1000 	 4.9851 	 0.3113
[2025/10/11 13:27:10] - ==> Building model..
[2025/10/11 13:28:05] - Test Loss 	 Test Acc 	 PGD Loss 	 PGD Acc
[2025/10/11 13:28:05] - 3.3796 	 	 0.4709 	 3.7536 	 0.2359
[2025/10/11 13:30:30] - 73 	 138.7 	 	 0.1000 	 4.9845 	 0.3135
[2025/10/11 13:30:30] - ==> Building model..
[2025/10/11 13:31:24] - Test Loss 	 Test Acc 	 PGD Loss 	 PGD Acc
[2025/10/11 13:31:24] - 3.3784 	 	 0.4722 	 3.7528 	 0.2360
[2025/10/11 13:33:48] - 74 	 138.6 	 	 0.1000 	 4.9842 	 0.3143
[2025/10/11 13:33:48] - ==> Building model..
[2025/10/11 13:34:42] - Test Loss 	 Test Acc 	 PGD Loss 	 PGD Acc
[2025/10/11 13:34:42] - 3.3780 	 	 0.4715 	 3.7528 	 0.2361
[2025/10/11 13:37:07] - 75 	 138.9 	 	 0.1000 	 4.9835 	 0.3123
[2025/10/11 13:37:07] - ==> Building model..
[2025/10/11 13:38:01] - Test Loss 	 Test Acc 	 PGD Loss 	 PGD Acc
[2025/10/11 13:38:01] - 3.3765 	 	 0.4716 	 3.7520 	 0.2364
[2025/10/11 13:40:26] - 76 	 139.2 	 	 0.1000 	 4.9833 	 0.3136
[2025/10/11 13:40:26] - ==> Building model..
[2025/10/11 13:41:21] - Test Loss 	 Test Acc 	 PGD Loss 	 PGD Acc
[2025/10/11 13:41:21] - 3.3743 	 	 0.4722 	 3.7507 	 0.2375
[2025/10/11 13:43:46] - 77 	 138.8 	 	 0.1000 	 4.9830 	 0.3124
[2025/10/11 13:43:46] - ==> Building model..
[2025/10/11 13:44:41] - Test Loss 	 Test Acc 	 PGD Loss 	 PGD Acc
[2025/10/11 13:44:41] - 3.3721 	 	 0.4723 	 3.7493 	 0.2368
[2025/10/11 13:47:05] - 78 	 138.4 	 	 0.1000 	 4.9836 	 0.3132
[2025/10/11 13:47:05] - ==> Building model..
[2025/10/11 13:47:58] - Test Loss 	 Test Acc 	 PGD Loss 	 PGD Acc
[2025/10/11 13:47:58] - 3.3698 	 	 0.4727 	 3.7484 	 0.2354
[2025/10/11 13:50:22] - 79 	 139.0 	 	 0.1000 	 4.9833 	 0.3128
[2025/10/11 13:50:22] - ==> Building model..
[2025/10/11 13:51:16] - Test Loss 	 Test Acc 	 PGD Loss 	 PGD Acc
[2025/10/11 13:51:16] - 3.3678 	 	 0.4726 	 3.7464 	 0.2363
[2025/10/11 13:53:41] - 80 	 138.4 	 	 0.1000 	 4.9833 	 0.3137
[2025/10/11 13:53:41] - ==> Building model..
[2025/10/11 13:54:35] - Test Loss 	 Test Acc 	 PGD Loss 	 PGD Acc
[2025/10/11 13:54:35] - 3.3651 	 	 0.4731 	 3.7451 	 0.2369
[2025/10/11 13:56:58] - 81 	 137.8 	 	 0.1000 	 4.9826 	 0.3158
[2025/10/11 13:56:58] - ==> Building model..
[2025/10/11 13:57:51] - Test Loss 	 Test Acc 	 PGD Loss 	 PGD Acc
[2025/10/11 13:57:51] - 3.3636 	 	 0.4744 	 3.7440 	 0.2366
[2025/10/11 14:00:14] - 82 	 138.1 	 	 0.1000 	 4.9822 	 0.3147
[2025/10/11 14:00:14] - ==> Building model..
[2025/10/11 14:01:07] - Test Loss 	 Test Acc 	 PGD Loss 	 PGD Acc
[2025/10/11 14:01:07] - 3.3625 	 	 0.4744 	 3.7434 	 0.2378
[2025/10/11 14:03:31] - 83 	 138.4 	 	 0.1000 	 4.9830 	 0.3136
[2025/10/11 14:03:31] - ==> Building model..
[2025/10/11 14:04:24] - Test Loss 	 Test Acc 	 PGD Loss 	 PGD Acc
[2025/10/11 14:04:24] - 3.3610 	 	 0.4749 	 3.7422 	 0.2385
[2025/10/11 14:06:48] - 84 	 138.6 	 	 0.1000 	 4.9829 	 0.3148
[2025/10/11 14:06:48] - ==> Building model..
[2025/10/11 14:07:42] - Test Loss 	 Test Acc 	 PGD Loss 	 PGD Acc
[2025/10/11 14:07:42] - 3.3600 	 	 0.4744 	 3.7419 	 0.2375
[2025/10/11 14:10:07] - 85 	 138.8 	 	 0.1000 	 4.9822 	 0.3164
[2025/10/11 14:10:07] - ==> Building model..
[2025/10/11 14:11:00] - Test Loss 	 Test Acc 	 PGD Loss 	 PGD Acc
[2025/10/11 14:11:00] - 3.3585 	 	 0.4753 	 3.7409 	 0.2379
[2025/10/11 14:13:24] - 86 	 138.5 	 	 0.1000 	 4.9821 	 0.3153
[2025/10/11 14:13:24] - ==> Building model..
[2025/10/11 14:14:17] - Test Loss 	 Test Acc 	 PGD Loss 	 PGD Acc
[2025/10/11 14:14:17] - 3.3566 	 	 0.4751 	 3.7393 	 0.2387
[2025/10/11 14:16:42] - 87 	 138.8 	 	 0.1000 	 4.9824 	 0.3147
[2025/10/11 14:16:42] - ==> Building model..
[2025/10/11 14:17:36] - Test Loss 	 Test Acc 	 PGD Loss 	 PGD Acc
[2025/10/11 14:17:36] - 3.3556 	 	 0.4741 	 3.7385 	 0.2384
[2025/10/11 14:20:00] - 88 	 138.8 	 	 0.1000 	 4.9823 	 0.3135
[2025/10/11 14:20:00] - ==> Building model..
[2025/10/11 14:20:54] - Test Loss 	 Test Acc 	 PGD Loss 	 PGD Acc
[2025/10/11 14:20:54] - 3.3537 	 	 0.4745 	 3.7374 	 0.2382
[2025/10/11 14:23:18] - 89 	 138.7 	 	 0.1000 	 4.9817 	 0.3163
[2025/10/11 14:23:18] - ==> Building model..
[2025/10/11 14:24:12] - Test Loss 	 Test Acc 	 PGD Loss 	 PGD Acc
[2025/10/11 14:24:12] - 3.3518 	 	 0.4753 	 3.7366 	 0.2387
[2025/10/11 14:26:36] - 90 	 138.4 	 	 0.1000 	 4.9810 	 0.3175
[2025/10/11 14:26:36] - ==> Building model..
[2025/10/11 14:27:29] - Test Loss 	 Test Acc 	 PGD Loss 	 PGD Acc
[2025/10/11 14:27:29] - 3.3507 	 	 0.4767 	 3.7357 	 0.2397
[2025/10/11 14:29:54] - 91 	 138.8 	 	 0.1000 	 4.9815 	 0.3161
[2025/10/11 14:29:54] - ==> Building model..
[2025/10/11 14:30:49] - Test Loss 	 Test Acc 	 PGD Loss 	 PGD Acc
[2025/10/11 14:30:49] - 3.3491 	 	 0.4760 	 3.7351 	 0.2391
[2025/10/11 14:33:13] - 92 	 139.0 	 	 0.1000 	 4.9820 	 0.3149
[2025/10/11 14:33:13] - ==> Building model..
[2025/10/11 14:34:07] - Test Loss 	 Test Acc 	 PGD Loss 	 PGD Acc
[2025/10/11 14:34:07] - 3.3470 	 	 0.4768 	 3.7335 	 0.2387
[2025/10/11 14:36:32] - 93 	 139.0 	 	 0.1000 	 4.9808 	 0.3175
[2025/10/11 14:36:32] - ==> Building model..
[2025/10/11 14:37:27] - Test Loss 	 Test Acc 	 PGD Loss 	 PGD Acc
[2025/10/11 14:37:27] - 3.3457 	 	 0.4768 	 3.7328 	 0.2383
[2025/10/11 14:39:52] - 94 	 139.1 	 	 0.1000 	 4.9820 	 0.3153
[2025/10/11 14:39:52] - ==> Building model..
[2025/10/11 14:40:47] - Test Loss 	 Test Acc 	 PGD Loss 	 PGD Acc
[2025/10/11 14:40:47] - 3.3450 	 	 0.4772 	 3.7327 	 0.2398
[2025/10/11 14:43:12] - 95 	 139.1 	 	 0.1000 	 4.9817 	 0.3167
[2025/10/11 14:43:12] - ==> Building model..
[2025/10/11 14:44:07] - Test Loss 	 Test Acc 	 PGD Loss 	 PGD Acc
[2025/10/11 14:44:07] - 3.3425 	 	 0.4759 	 3.7307 	 0.2397
[2025/10/11 14:46:32] - 96 	 139.2 	 	 0.1000 	 4.9814 	 0.3140
[2025/10/11 14:46:32] - ==> Building model..
[2025/10/11 14:47:27] - Test Loss 	 Test Acc 	 PGD Loss 	 PGD Acc
[2025/10/11 14:47:27] - 3.3405 	 	 0.4779 	 3.7292 	 0.2409
[2025/10/11 14:49:53] - 97 	 139.5 	 	 0.1000 	 4.9821 	 0.3161
[2025/10/11 14:49:53] - ==> Building model..
[2025/10/11 14:50:47] - Test Loss 	 Test Acc 	 PGD Loss 	 PGD Acc
[2025/10/11 14:50:47] - 3.3391 	 	 0.4784 	 3.7290 	 0.2401
[2025/10/11 14:53:11] - 98 	 138.6 	 	 0.1000 	 4.9808 	 0.3164
[2025/10/11 14:53:11] - ==> Building model..
[2025/10/11 14:54:04] - Test Loss 	 Test Acc 	 PGD Loss 	 PGD Acc
[2025/10/11 14:54:04] - 3.3372 	 	 0.4791 	 3.7269 	 0.2398
[2025/10/11 14:56:27] - 99 	 137.5 	 	 0.0100 	 4.8831 	 0.4418
[2025/10/11 14:56:27] - ==> Building model..
[2025/10/11 14:57:22] - Test Loss 	 Test Acc 	 PGD Loss 	 PGD Acc
[2025/10/11 14:57:22] - 3.3368 	 	 0.4790 	 3.7270 	 0.2398
[2025/10/11 14:59:46] - 100 	 138.0 	 	 0.0100 	 4.8158 	 0.5338
[2025/10/11 14:59:46] - ==> Building model..
[2025/10/11 15:00:41] - Test Loss 	 Test Acc 	 PGD Loss 	 PGD Acc
[2025/10/11 15:00:41] - 3.3368 	 	 0.4790 	 3.7271 	 0.2400
[2025/10/11 15:03:05] - 101 	 138.1 	 	 0.0100 	 4.7903 	 0.5748
[2025/10/11 15:03:05] - ==> Building model..
[2025/10/11 15:03:59] - Test Loss 	 Test Acc 	 PGD Loss 	 PGD Acc
[2025/10/11 15:03:59] - 3.3368 	 	 0.4790 	 3.7270 	 0.2405
[2025/10/11 15:06:23] - 102 	 137.6 	 	 0.0100 	 4.7689 	 0.6085
[2025/10/11 15:06:23] - ==> Building model..
[2025/10/11 15:07:17] - Test Loss 	 Test Acc 	 PGD Loss 	 PGD Acc
[2025/10/11 15:07:17] - 3.3368 	 	 0.4790 	 3.7274 	 0.2402
[2025/10/11 15:09:40] - 103 	 137.6 	 	 0.0100 	 4.7512 	 0.6402
[2025/10/11 15:09:40] - ==> Building model..
[2025/10/11 15:10:35] - Test Loss 	 Test Acc 	 PGD Loss 	 PGD Acc
[2025/10/11 15:10:35] - 3.3368 	 	 0.4790 	 3.7270 	 0.2397
[2025/10/11 15:12:58] - 104 	 137.4 	 	 0.0010 	 4.7047 	 0.7141
[2025/10/11 15:12:58] - ==> Building model..
[2025/10/11 15:13:52] - Test Loss 	 Test Acc 	 PGD Loss 	 PGD Acc
[2025/10/11 15:13:52] - 3.3368 	 	 0.4790 	 3.7268 	 0.2398
[2025/10/11 15:16:17] - 105 	 138.1 	 	 0.0010 	 4.6836 	 0.7481
[2025/10/11 15:16:17] - ==> Building model..
[2025/10/11 15:17:11] - Test Loss 	 Test Acc 	 PGD Loss 	 PGD Acc
[2025/10/11 15:17:11] - 3.3368 	 	 0.4790 	 3.7274 	 0.2402
[2025/10/11 15:19:34] - 106 	 137.9 	 	 0.0010 	 4.6777 	 0.7591
[2025/10/11 15:19:34] - ==> Building model..
[2025/10/11 15:20:28] - Test Loss 	 Test Acc 	 PGD Loss 	 PGD Acc
[2025/10/11 15:20:28] - 3.3368 	 	 0.4790 	 3.7268 	 0.2395
[2025/10/11 15:22:52] - 107 	 138.1 	 	 0.0010 	 4.6727 	 0.7661
[2025/10/11 15:22:52] - ==> Building model..
[2025/10/11 15:23:46] - Test Loss 	 Test Acc 	 PGD Loss 	 PGD Acc
[2025/10/11 15:23:46] - 3.3368 	 	 0.4790 	 3.7271 	 0.2397
[2025/10/11 15:26:10] - 108 	 138.1 	 	 0.0010 	 4.6681 	 0.7755
[2025/10/11 15:26:10] - ==> Building model..
[2025/10/11 15:27:04] - Test Loss 	 Test Acc 	 PGD Loss 	 PGD Acc
[2025/10/11 15:27:04] - 3.3368 	 	 0.4790 	 3.7272 	 0.2402
[2025/10/11 15:29:27] - 109 	 137.6 	 	 0.0010 	 4.6636 	 0.7822
[2025/10/11 15:29:27] - ==> Building model..
[2025/10/11 15:30:21] - Test Loss 	 Test Acc 	 PGD Loss 	 PGD Acc
[2025/10/11 15:30:21] - 3.3368 	 	 0.4790 	 3.7267 	 0.2398
[2025/10/11 15:30:22] - [0.0797, 0.1502, 0.1906, 0.2119, 0.23, 0.2466, 0.2631, 0.2938, 0.3277, 0.351, 0.3669, 0.3793, 0.3871, 0.3949, 0.4028, 0.4087, 0.4133, 0.4186, 0.421, 0.426, 0.4272, 0.4309, 0.4331, 0.4352, 0.4382, 0.4402, 0.4418, 0.444, 0.4456, 0.4476, 0.448, 0.4484, 0.45, 0.4509, 0.4534, 0.4529, 0.4543, 0.4567, 0.4576, 0.4574, 0.458, 0.4594, 0.4596, 0.4612, 0.4602, 0.4611, 0.4614, 0.4626, 0.4634, 0.4646, 0.4649, 0.4654, 0.4652, 0.4664, 0.467, 0.4674, 0.4664, 0.4674, 0.4678, 0.4678, 0.4667, 0.4678, 0.4696, 0.469, 0.4691, 0.4696, 0.4698, 0.4698, 0.4693, 0.4699, 0.4704, 0.4703, 0.4709, 0.4722, 0.4715, 0.4716, 0.4722, 0.4723, 0.4727, 0.4726, 0.4731, 0.4744, 0.4744, 0.4749, 0.4744, 0.4753, 0.4751, 0.4741, 0.4745, 0.4753, 0.4767, 0.476, 0.4768, 0.4768, 0.4772, 0.4759, 0.4779, 0.4784, 0.4791, 0.479, 0.479, 0.479, 0.479, 0.479, 0.479, 0.479, 0.479, 0.479, 0.479, 0.479]
[2025/10/11 15:30:22] - [0.0448, 0.0768, 0.0993, 0.1094, 0.118, 0.1248, 0.134, 0.1515, 0.1667, 0.1779, 0.1826, 0.1905, 0.1942, 0.1967, 0.2012, 0.2033, 0.2058, 0.2078, 0.2089, 0.21, 0.2126, 0.213, 0.2161, 0.2171, 0.2197, 0.2185, 0.2203, 0.2219, 0.2239, 0.2242, 0.2251, 0.2252, 0.2259, 0.2268, 0.2285, 0.2278, 0.2275, 0.2286, 0.2294, 0.2299, 0.2305, 0.2296, 0.2297, 0.2306, 0.2331, 0.2322, 0.2329, 0.2335, 0.2331, 0.2322, 0.2321, 0.2323, 0.233, 0.2341, 0.2344, 0.235, 0.2345, 0.2344, 0.2331, 0.2339, 0.2339, 0.2355, 0.2358, 0.2355, 0.2348, 0.235, 0.2353, 0.2347, 0.2347, 0.2348, 0.2349, 0.2349, 0.2359, 0.236, 0.2361, 0.2364, 0.2375, 0.2368, 0.2354, 0.2363, 0.2369, 0.2366, 0.2378, 0.2385, 0.2375, 0.2379, 0.2387, 0.2384, 0.2382, 0.2387, 0.2397, 0.2391, 0.2387, 0.2383, 0.2398, 0.2397, 0.2409, 0.2401, 0.2398, 0.2398, 0.24, 0.2405, 0.2402, 0.2397, 0.2398, 0.2402, 0.2395, 0.2397, 0.2402, 0.2398]
