[2025/09/17 20:36:49] - Namespace(batch_size=128, data_dir='cifar-data', epochs=120, lr_schedule='multistep', lr_min=0.0, lr_max=0.1, weight_decay=0.0005, momentum=0.9, model='ResNet18', epsilon=8, alpha=8, delta_init='random', normal_mean=0, normal_std=1, out_dir='./output/', seed=0, lamda=12, lam_scale=0.1, lam_max=45, gamma=0.15, inner_gamma=0.15, beta=0.6, mu=3.5, batch_m=0.75, early_stop=False, factor=0.7, length=4, n_holes=1, c_num=0.125, EMA_value=0.82)
[2025/09/17 20:36:53] - ==> Building model..
[2025/09/17 20:36:53] - Epoch 	 Seconds 	 LR 	 	 Train Loss 	 Train Acc
[2025/09/17 20:37:43] - 0 	 22.6 	 	 0.1000 	 2.2256 	 0.2296
[2025/09/17 20:37:43] - ==> Building model..
[2025/09/17 20:38:00] - Test Loss 	 Test Acc 	 PGD Loss 	 PGD Acc
[2025/09/17 20:38:00] - 1.8264 	 	 0.4052 	 1.8847 	 0.2840
[2025/09/17 20:38:48] - 1 	 21.7 	 	 0.1000 	 2.1313 	 0.3054
[2025/09/17 20:38:48] - ==> Building model..
[2025/09/17 20:39:05] - Test Loss 	 Test Acc 	 PGD Loss 	 PGD Acc
[2025/09/17 20:39:05] - 1.7141 	 	 0.4672 	 1.7904 	 0.3208
[2025/09/17 20:39:56] - 2 	 23.1 	 	 0.1000 	 2.0954 	 0.3464
[2025/09/17 20:39:56] - ==> Building model..
[2025/09/17 20:40:13] - Test Loss 	 Test Acc 	 PGD Loss 	 PGD Acc
[2025/09/17 20:40:13] - 1.6446 	 	 0.5136 	 1.7349 	 0.3427
[2025/09/17 20:41:04] - 3 	 23.0 	 	 0.1000 	 2.0659 	 0.3711
[2025/09/17 20:41:04] - ==> Building model..
[2025/09/17 20:41:23] - Test Loss 	 Test Acc 	 PGD Loss 	 PGD Acc
[2025/09/17 20:41:23] - 1.5802 	 	 0.5576 	 1.6839 	 0.3722
[2025/09/17 20:42:29] - 4 	 31.9 	 	 0.1000 	 2.0404 	 0.3991
[2025/09/17 20:42:29] - ==> Building model..
[2025/09/17 20:42:50] - Test Loss 	 Test Acc 	 PGD Loss 	 PGD Acc
[2025/09/17 20:42:50] - 1.5391 	 	 0.5895 	 1.6521 	 0.3943
[2025/09/17 20:43:54] - 5 	 32.4 	 	 0.1000 	 2.0175 	 0.4221
[2025/09/17 20:43:54] - ==> Building model..
[2025/09/17 20:44:15] - Test Loss 	 Test Acc 	 PGD Loss 	 PGD Acc
[2025/09/17 20:44:15] - 1.5185 	 	 0.6112 	 1.6379 	 0.4158
[2025/09/17 20:45:20] - 6 	 33.2 	 	 0.1000 	 1.9965 	 0.4438
[2025/09/17 20:45:20] - ==> Building model..
[2025/09/17 20:45:40] - Test Loss 	 Test Acc 	 PGD Loss 	 PGD Acc
[2025/09/17 20:45:40] - 1.5023 	 	 0.6316 	 1.6256 	 0.4310
[2025/09/17 20:46:44] - 7 	 32.1 	 	 0.1000 	 1.9817 	 0.4576
[2025/09/17 20:46:44] - ==> Building model..
[2025/09/17 20:47:05] - Test Loss 	 Test Acc 	 PGD Loss 	 PGD Acc
[2025/09/17 20:47:05] - 1.4949 	 	 0.6373 	 1.6201 	 0.4419
[2025/09/17 20:48:11] - 8 	 33.6 	 	 0.1000 	 1.9686 	 0.4692
[2025/09/17 20:48:11] - ==> Building model..
[2025/09/17 20:48:31] - Test Loss 	 Test Acc 	 PGD Loss 	 PGD Acc
[2025/09/17 20:48:31] - 1.4912 	 	 0.6496 	 1.6179 	 0.4530
[2025/09/17 20:49:37] - 9 	 32.3 	 	 0.1000 	 1.9555 	 0.4847
[2025/09/17 20:49:37] - ==> Building model..
[2025/09/17 20:49:57] - Test Loss 	 Test Acc 	 PGD Loss 	 PGD Acc
[2025/09/17 20:49:57] - 1.4961 	 	 0.6540 	 1.6232 	 0.4616
[2025/09/17 20:51:01] - 10 	 32.3 	 	 0.1000 	 1.9459 	 0.4905
[2025/09/17 20:51:01] - ==> Building model..
[2025/09/17 20:51:22] - Test Loss 	 Test Acc 	 PGD Loss 	 PGD Acc
[2025/09/17 20:51:22] - 1.5005 	 	 0.6602 	 1.6269 	 0.4678
[2025/09/17 20:52:26] - 11 	 32.1 	 	 0.1000 	 1.9386 	 0.5017
[2025/09/17 20:52:26] - ==> Building model..
[2025/09/17 20:52:48] - Test Loss 	 Test Acc 	 PGD Loss 	 PGD Acc
[2025/09/17 20:52:48] - 1.4891 	 	 0.6708 	 1.6179 	 0.4763
[2025/09/17 20:53:53] - 12 	 32.3 	 	 0.1000 	 1.9337 	 0.5065
[2025/09/17 20:53:53] - ==> Building model..
[2025/09/17 20:54:15] - Test Loss 	 Test Acc 	 PGD Loss 	 PGD Acc
[2025/09/17 20:54:15] - 1.4516 	 	 0.6847 	 1.5872 	 0.4848
[2025/09/17 20:55:18] - 13 	 31.8 	 	 0.1000 	 1.9278 	 0.5122
[2025/09/17 20:55:18] - ==> Building model..
[2025/09/17 20:55:39] - Test Loss 	 Test Acc 	 PGD Loss 	 PGD Acc
[2025/09/17 20:55:39] - 1.4083 	 	 0.6955 	 1.5528 	 0.4907
[2025/09/17 20:56:42] - 14 	 30.9 	 	 0.1000 	 1.9203 	 0.5224
[2025/09/17 20:56:42] - ==> Building model..
[2025/09/17 20:57:04] - Test Loss 	 Test Acc 	 PGD Loss 	 PGD Acc
[2025/09/17 20:57:04] - 1.3655 	 	 0.7073 	 1.5187 	 0.4986
[2025/09/17 20:58:10] - 15 	 32.6 	 	 0.1000 	 1.9179 	 0.5225
[2025/09/17 20:58:10] - ==> Building model..
[2025/09/17 20:58:32] - Test Loss 	 Test Acc 	 PGD Loss 	 PGD Acc
[2025/09/17 20:58:32] - 1.3317 	 	 0.7171 	 1.4915 	 0.5039
[2025/09/17 20:59:37] - 16 	 32.5 	 	 0.1000 	 1.9125 	 0.5266
[2025/09/17 20:59:37] - ==> Building model..
[2025/09/17 20:59:59] - Test Loss 	 Test Acc 	 PGD Loss 	 PGD Acc
[2025/09/17 20:59:59] - 1.3037 	 	 0.7226 	 1.4691 	 0.5066
[2025/09/17 21:01:07] - 17 	 33.4 	 	 0.1000 	 1.9076 	 0.5336
[2025/09/17 21:01:07] - ==> Building model..
[2025/09/17 21:01:29] - Test Loss 	 Test Acc 	 PGD Loss 	 PGD Acc
[2025/09/17 21:01:29] - 1.2836 	 	 0.7282 	 1.4529 	 0.5122
[2025/09/17 21:02:34] - 18 	 33.0 	 	 0.1000 	 1.9069 	 0.5354
[2025/09/17 21:02:34] - ==> Building model..
[2025/09/17 21:02:57] - Test Loss 	 Test Acc 	 PGD Loss 	 PGD Acc
[2025/09/17 21:02:57] - 1.2701 	 	 0.7342 	 1.4420 	 0.5150
[2025/09/17 21:04:02] - 19 	 32.3 	 	 0.1000 	 1.9007 	 0.5395
[2025/09/17 21:04:02] - ==> Building model..
[2025/09/17 21:04:26] - Test Loss 	 Test Acc 	 PGD Loss 	 PGD Acc
[2025/09/17 21:04:26] - 1.2603 	 	 0.7376 	 1.4338 	 0.5178
[2025/09/17 21:05:29] - 20 	 31.9 	 	 0.1000 	 1.8978 	 0.5445
[2025/09/17 21:05:29] - ==> Building model..
[2025/09/17 21:05:54] - Test Loss 	 Test Acc 	 PGD Loss 	 PGD Acc
[2025/09/17 21:05:54] - 1.2506 	 	 0.7397 	 1.4259 	 0.5189
[2025/09/17 21:07:00] - 21 	 32.2 	 	 0.1000 	 1.8950 	 0.5457
[2025/09/17 21:07:00] - ==> Building model..
[2025/09/17 21:07:26] - Test Loss 	 Test Acc 	 PGD Loss 	 PGD Acc
[2025/09/17 21:07:26] - 1.2434 	 	 0.7403 	 1.4202 	 0.5209
[2025/09/17 21:08:31] - 22 	 31.6 	 	 0.1000 	 1.8946 	 0.5459
[2025/09/17 21:08:31] - ==> Building model..
[2025/09/17 21:08:57] - Test Loss 	 Test Acc 	 PGD Loss 	 PGD Acc
[2025/09/17 21:08:57] - 1.2384 	 	 0.7420 	 1.4167 	 0.5257
[2025/09/17 21:10:06] - 23 	 34.0 	 	 0.1000 	 1.8919 	 0.5494
[2025/09/17 21:10:06] - ==> Building model..
[2025/09/17 21:10:28] - Test Loss 	 Test Acc 	 PGD Loss 	 PGD Acc
[2025/09/17 21:10:28] - 1.2338 	 	 0.7455 	 1.4131 	 0.5283
[2025/09/17 21:11:32] - 24 	 31.6 	 	 0.1000 	 1.8892 	 0.5494
[2025/09/17 21:11:32] - ==> Building model..
[2025/09/17 21:11:54] - Test Loss 	 Test Acc 	 PGD Loss 	 PGD Acc
[2025/09/17 21:11:54] - 1.2292 	 	 0.7465 	 1.4086 	 0.5299
[2025/09/17 21:13:00] - 25 	 32.6 	 	 0.1000 	 1.8856 	 0.5557
[2025/09/17 21:13:00] - ==> Building model..
[2025/09/17 21:13:22] - Test Loss 	 Test Acc 	 PGD Loss 	 PGD Acc
[2025/09/17 21:13:22] - 1.2246 	 	 0.7468 	 1.4051 	 0.5310
[2025/09/17 21:14:27] - 26 	 32.9 	 	 0.1000 	 1.8844 	 0.5523
[2025/09/17 21:14:27] - ==> Building model..
[2025/09/17 21:14:49] - Test Loss 	 Test Acc 	 PGD Loss 	 PGD Acc
[2025/09/17 21:14:49] - 1.2212 	 	 0.7484 	 1.4015 	 0.5323
[2025/09/17 21:15:55] - 27 	 32.8 	 	 0.1000 	 1.8821 	 0.5565
[2025/09/17 21:15:55] - ==> Building model..
[2025/09/17 21:16:17] - Test Loss 	 Test Acc 	 PGD Loss 	 PGD Acc
[2025/09/17 21:16:18] - 1.2174 	 	 0.7495 	 1.3987 	 0.5367
[2025/09/17 21:17:23] - 28 	 33.2 	 	 0.1000 	 1.8805 	 0.5572
[2025/09/17 21:17:23] - ==> Building model..
[2025/09/17 21:17:47] - Test Loss 	 Test Acc 	 PGD Loss 	 PGD Acc
[2025/09/17 21:17:47] - 1.2143 	 	 0.7507 	 1.3963 	 0.5367
[2025/09/17 21:18:50] - 29 	 31.8 	 	 0.1000 	 1.8779 	 0.5605
[2025/09/17 21:18:50] - ==> Building model..
[2025/09/17 21:19:13] - Test Loss 	 Test Acc 	 PGD Loss 	 PGD Acc
[2025/09/17 21:19:13] - 1.2110 	 	 0.7541 	 1.3938 	 0.5393
[2025/09/17 21:20:17] - 30 	 31.9 	 	 0.1000 	 1.8793 	 0.5612
[2025/09/17 21:20:17] - ==> Building model..
[2025/09/17 21:20:39] - Test Loss 	 Test Acc 	 PGD Loss 	 PGD Acc
[2025/09/17 21:20:39] - 1.2084 	 	 0.7549 	 1.3919 	 0.5408
[2025/09/17 21:21:42] - 31 	 31.4 	 	 0.1000 	 1.8773 	 0.5654
[2025/09/17 21:21:42] - ==> Building model..
[2025/09/17 21:22:04] - Test Loss 	 Test Acc 	 PGD Loss 	 PGD Acc
[2025/09/17 21:22:04] - 1.2061 	 	 0.7563 	 1.3901 	 0.5413
[2025/09/17 21:23:12] - 32 	 33.2 	 	 0.1000 	 1.8754 	 0.5641
[2025/09/17 21:23:12] - ==> Building model..
[2025/09/17 21:23:36] - Test Loss 	 Test Acc 	 PGD Loss 	 PGD Acc
[2025/09/17 21:23:36] - 1.2011 	 	 0.7598 	 1.3858 	 0.5426
[2025/09/17 21:24:40] - 33 	 31.5 	 	 0.1000 	 1.8756 	 0.5659
[2025/09/17 21:24:40] - ==> Building model..
[2025/09/17 21:25:05] - Test Loss 	 Test Acc 	 PGD Loss 	 PGD Acc
[2025/09/17 21:25:05] - 1.1991 	 	 0.7611 	 1.3856 	 0.5436
[2025/09/17 21:26:06] - 34 	 30.0 	 	 0.1000 	 1.8739 	 0.5650
[2025/09/17 21:26:06] - ==> Building model..
[2025/09/17 21:26:31] - Test Loss 	 Test Acc 	 PGD Loss 	 PGD Acc
[2025/09/17 21:26:31] - 1.1965 	 	 0.7651 	 1.3833 	 0.5454
[2025/09/17 21:27:32] - 35 	 30.6 	 	 0.1000 	 1.8730 	 0.5676
[2025/09/17 21:27:32] - ==> Building model..
[2025/09/17 21:27:58] - Test Loss 	 Test Acc 	 PGD Loss 	 PGD Acc
[2025/09/17 21:27:58] - 1.1946 	 	 0.7652 	 1.3822 	 0.5462
[2025/09/17 21:29:05] - 36 	 33.2 	 	 0.1000 	 1.8726 	 0.5651
[2025/09/17 21:29:05] - ==> Building model..
[2025/09/17 21:29:28] - Test Loss 	 Test Acc 	 PGD Loss 	 PGD Acc
[2025/09/17 21:29:28] - 1.1927 	 	 0.7669 	 1.3811 	 0.5479
[2025/09/17 21:30:35] - 37 	 32.9 	 	 0.1000 	 1.8707 	 0.5711
[2025/09/17 21:30:35] - ==> Building model..
[2025/09/17 21:30:57] - Test Loss 	 Test Acc 	 PGD Loss 	 PGD Acc
[2025/09/17 21:30:57] - 1.1894 	 	 0.7678 	 1.3792 	 0.5505
[2025/09/17 21:32:04] - 38 	 32.6 	 	 0.1000 	 1.8705 	 0.5692
[2025/09/17 21:32:04] - ==> Building model..
[2025/09/17 21:32:25] - Test Loss 	 Test Acc 	 PGD Loss 	 PGD Acc
[2025/09/17 21:32:25] - 1.1879 	 	 0.7681 	 1.3779 	 0.5496
[2025/09/17 21:33:33] - 39 	 33.8 	 	 0.1000 	 1.8668 	 0.5734
[2025/09/17 21:33:33] - ==> Building model..
[2025/09/17 21:33:56] - Test Loss 	 Test Acc 	 PGD Loss 	 PGD Acc
[2025/09/17 21:33:56] - 1.1852 	 	 0.7688 	 1.3752 	 0.5505
[2025/09/17 21:35:03] - 40 	 32.7 	 	 0.1000 	 1.8696 	 0.5688
[2025/09/17 21:35:03] - ==> Building model..
[2025/09/17 21:35:25] - Test Loss 	 Test Acc 	 PGD Loss 	 PGD Acc
[2025/09/17 21:35:25] - 1.1838 	 	 0.7706 	 1.3742 	 0.5505
[2025/09/17 21:36:32] - 41 	 33.0 	 	 0.1000 	 1.8668 	 0.5708
[2025/09/17 21:36:32] - ==> Building model..
[2025/09/17 21:36:55] - Test Loss 	 Test Acc 	 PGD Loss 	 PGD Acc
[2025/09/17 21:36:55] - 1.1825 	 	 0.7696 	 1.3737 	 0.5502
[2025/09/17 21:38:00] - 42 	 31.7 	 	 0.1000 	 1.8666 	 0.5718
[2025/09/17 21:38:00] - ==> Building model..
[2025/09/17 21:38:24] - Test Loss 	 Test Acc 	 PGD Loss 	 PGD Acc
[2025/09/17 21:38:24] - 1.1814 	 	 0.7697 	 1.3730 	 0.5512
[2025/09/17 21:39:28] - 43 	 30.2 	 	 0.1000 	 1.8673 	 0.5732
[2025/09/17 21:39:28] - ==> Building model..
[2025/09/17 21:39:54] - Test Loss 	 Test Acc 	 PGD Loss 	 PGD Acc
[2025/09/17 21:39:54] - 1.1791 	 	 0.7714 	 1.3711 	 0.5507
[2025/09/17 21:40:55] - 44 	 29.9 	 	 0.1000 	 1.8673 	 0.5727
[2025/09/17 21:40:55] - ==> Building model..
[2025/09/17 21:41:21] - Test Loss 	 Test Acc 	 PGD Loss 	 PGD Acc
[2025/09/17 21:41:21] - 1.1771 	 	 0.7727 	 1.3699 	 0.5519
[2025/09/17 21:42:23] - 45 	 30.2 	 	 0.1000 	 1.8659 	 0.5724
[2025/09/17 21:42:23] - ==> Building model..
[2025/09/17 21:42:49] - Test Loss 	 Test Acc 	 PGD Loss 	 PGD Acc
[2025/09/17 21:42:49] - 1.1762 	 	 0.7732 	 1.3692 	 0.5520
[2025/09/17 21:43:52] - 46 	 30.8 	 	 0.1000 	 1.8635 	 0.5736
[2025/09/17 21:43:52] - ==> Building model..
[2025/09/17 21:44:18] - Test Loss 	 Test Acc 	 PGD Loss 	 PGD Acc
[2025/09/17 21:44:18] - 1.1734 	 	 0.7739 	 1.3673 	 0.5523
[2025/09/17 21:45:21] - 47 	 31.2 	 	 0.1000 	 1.8628 	 0.5773
[2025/09/17 21:45:21] - ==> Building model..
[2025/09/17 21:45:45] - Test Loss 	 Test Acc 	 PGD Loss 	 PGD Acc
[2025/09/17 21:45:45] - 1.1710 	 	 0.7754 	 1.3656 	 0.5535
[2025/09/17 21:46:49] - 48 	 32.2 	 	 0.1000 	 1.8641 	 0.5734
[2025/09/17 21:46:49] - ==> Building model..
[2025/09/17 21:47:11] - Test Loss 	 Test Acc 	 PGD Loss 	 PGD Acc
[2025/09/17 21:47:11] - 1.1716 	 	 0.7750 	 1.3662 	 0.5539
[2025/09/17 21:48:14] - 49 	 32.1 	 	 0.1000 	 1.8622 	 0.5780
[2025/09/17 21:48:14] - ==> Building model..
[2025/09/17 21:48:36] - Test Loss 	 Test Acc 	 PGD Loss 	 PGD Acc
[2025/09/17 21:48:36] - 1.1718 	 	 0.7768 	 1.3665 	 0.5554
[2025/09/17 21:49:39] - 50 	 31.2 	 	 0.1000 	 1.8632 	 0.5741
[2025/09/17 21:49:39] - ==> Building model..
[2025/09/17 21:50:01] - Test Loss 	 Test Acc 	 PGD Loss 	 PGD Acc
[2025/09/17 21:50:01] - 1.1703 	 	 0.7751 	 1.3651 	 0.5551
[2025/09/17 21:51:03] - 51 	 31.4 	 	 0.1000 	 1.8631 	 0.5759
[2025/09/17 21:51:03] - ==> Building model..
[2025/09/17 21:51:25] - Test Loss 	 Test Acc 	 PGD Loss 	 PGD Acc
[2025/09/17 21:51:25] - 1.1687 	 	 0.7759 	 1.3641 	 0.5560
[2025/09/17 21:52:31] - 52 	 32.8 	 	 0.1000 	 1.8611 	 0.5786
[2025/09/17 21:52:31] - ==> Building model..
[2025/09/17 21:52:52] - Test Loss 	 Test Acc 	 PGD Loss 	 PGD Acc
[2025/09/17 21:52:52] - 1.1678 	 	 0.7781 	 1.3635 	 0.5554
[2025/09/17 21:54:00] - 53 	 32.8 	 	 0.1000 	 1.8624 	 0.5800
[2025/09/17 21:54:00] - ==> Building model..
[2025/09/17 21:54:22] - Test Loss 	 Test Acc 	 PGD Loss 	 PGD Acc
[2025/09/17 21:54:22] - 1.1680 	 	 0.7766 	 1.3633 	 0.5559
[2025/09/17 21:55:27] - 54 	 32.5 	 	 0.1000 	 1.8657 	 0.5764
[2025/09/17 21:55:27] - ==> Building model..
[2025/09/17 21:55:48] - Test Loss 	 Test Acc 	 PGD Loss 	 PGD Acc
[2025/09/17 21:55:48] - 1.1707 	 	 0.7766 	 1.3654 	 0.5558
[2025/09/17 21:56:53] - 55 	 32.3 	 	 0.1000 	 1.8644 	 0.5782
[2025/09/17 21:56:53] - ==> Building model..
[2025/09/17 21:57:15] - Test Loss 	 Test Acc 	 PGD Loss 	 PGD Acc
[2025/09/17 21:57:15] - 1.1742 	 	 0.7760 	 1.3687 	 0.5568
[2025/09/17 21:58:21] - 56 	 32.7 	 	 0.1000 	 1.8659 	 0.5764
[2025/09/17 21:58:21] - ==> Building model..
[2025/09/17 21:58:44] - Test Loss 	 Test Acc 	 PGD Loss 	 PGD Acc
[2025/09/17 21:58:44] - 1.1773 	 	 0.7740 	 1.3705 	 0.5578
[2025/09/17 21:59:49] - 57 	 32.4 	 	 0.1000 	 1.8662 	 0.5794
[2025/09/17 21:59:49] - ==> Building model..
[2025/09/17 22:00:11] - Test Loss 	 Test Acc 	 PGD Loss 	 PGD Acc
[2025/09/17 22:00:11] - 1.1773 	 	 0.7751 	 1.3702 	 0.5590
[2025/09/17 22:01:14] - 58 	 32.0 	 	 0.1000 	 1.8655 	 0.5802
[2025/09/17 22:01:14] - ==> Building model..
[2025/09/17 22:01:35] - Test Loss 	 Test Acc 	 PGD Loss 	 PGD Acc
[2025/09/17 22:01:35] - 1.1785 	 	 0.7752 	 1.3710 	 0.5579
[2025/09/17 22:02:38] - 59 	 31.9 	 	 0.1000 	 1.8686 	 0.5763
[2025/09/17 22:02:38] - ==> Building model..
[2025/09/17 22:03:00] - Test Loss 	 Test Acc 	 PGD Loss 	 PGD Acc
[2025/09/17 22:03:00] - 1.1816 	 	 0.7739 	 1.3732 	 0.5590
[2025/09/17 22:04:02] - 60 	 31.4 	 	 0.1000 	 1.8697 	 0.5789
[2025/09/17 22:04:02] - ==> Building model..
[2025/09/17 22:04:23] - Test Loss 	 Test Acc 	 PGD Loss 	 PGD Acc
[2025/09/17 22:04:23] - 1.1849 	 	 0.7733 	 1.3755 	 0.5589
[2025/09/17 22:05:25] - 61 	 31.5 	 	 0.1000 	 1.8713 	 0.5781
[2025/09/17 22:05:25] - ==> Building model..
[2025/09/17 22:05:47] - Test Loss 	 Test Acc 	 PGD Loss 	 PGD Acc
[2025/09/17 22:05:47] - 1.1870 	 	 0.7738 	 1.3767 	 0.5607
[2025/09/17 22:06:51] - 62 	 32.0 	 	 0.1000 	 1.8710 	 0.5782
[2025/09/17 22:06:51] - ==> Building model..
[2025/09/17 22:07:12] - Test Loss 	 Test Acc 	 PGD Loss 	 PGD Acc
[2025/09/17 22:07:12] - 1.1892 	 	 0.7742 	 1.3788 	 0.5603
[2025/09/17 22:08:16] - 63 	 31.8 	 	 0.1000 	 1.8728 	 0.5783
[2025/09/17 22:08:16] - ==> Building model..
[2025/09/17 22:08:37] - Test Loss 	 Test Acc 	 PGD Loss 	 PGD Acc
[2025/09/17 22:08:37] - 1.1922 	 	 0.7746 	 1.3809 	 0.5604
[2025/09/17 22:09:40] - 64 	 31.3 	 	 0.1000 	 1.8744 	 0.5787
[2025/09/17 22:09:40] - ==> Building model..
[2025/09/17 22:10:01] - Test Loss 	 Test Acc 	 PGD Loss 	 PGD Acc
[2025/09/17 22:10:01] - 1.1957 	 	 0.7745 	 1.3832 	 0.5614
[2025/09/17 22:11:07] - 65 	 32.7 	 	 0.1000 	 1.8745 	 0.5800
[2025/09/17 22:11:07] - ==> Building model..
[2025/09/17 22:11:29] - Test Loss 	 Test Acc 	 PGD Loss 	 PGD Acc
[2025/09/17 22:11:29] - 1.1987 	 	 0.7756 	 1.3856 	 0.5609
[2025/09/17 22:12:34] - 66 	 31.9 	 	 0.1000 	 1.8757 	 0.5788
[2025/09/17 22:12:34] - ==> Building model..
[2025/09/17 22:12:56] - Test Loss 	 Test Acc 	 PGD Loss 	 PGD Acc
[2025/09/17 22:12:56] - 1.2009 	 	 0.7758 	 1.3872 	 0.5624
[2025/09/17 22:14:00] - 67 	 31.8 	 	 0.1000 	 1.8761 	 0.5790
[2025/09/17 22:14:00] - ==> Building model..
[2025/09/17 22:14:21] - Test Loss 	 Test Acc 	 PGD Loss 	 PGD Acc
[2025/09/17 22:14:21] - 1.2035 	 	 0.7737 	 1.3891 	 0.5637
[2025/09/17 22:15:26] - 68 	 32.2 	 	 0.1000 	 1.8769 	 0.5801
[2025/09/17 22:15:26] - ==> Building model..
[2025/09/17 22:15:48] - Test Loss 	 Test Acc 	 PGD Loss 	 PGD Acc
[2025/09/17 22:15:48] - 1.2080 	 	 0.7736 	 1.3922 	 0.5620
[2025/09/17 22:16:51] - 69 	 31.8 	 	 0.1000 	 1.8796 	 0.5790
[2025/09/17 22:16:51] - ==> Building model..
[2025/09/17 22:17:13] - Test Loss 	 Test Acc 	 PGD Loss 	 PGD Acc
[2025/09/17 22:17:13] - 1.2102 	 	 0.7741 	 1.3935 	 0.5639
[2025/09/17 22:18:18] - 70 	 32.6 	 	 0.1000 	 1.8813 	 0.5755
[2025/09/17 22:18:18] - ==> Building model..
[2025/09/17 22:18:39] - Test Loss 	 Test Acc 	 PGD Loss 	 PGD Acc
[2025/09/17 22:18:39] - 1.2127 	 	 0.7730 	 1.3953 	 0.5650
[2025/09/17 22:19:43] - 71 	 31.5 	 	 0.1000 	 1.8804 	 0.5773
[2025/09/17 22:19:43] - ==> Building model..
[2025/09/17 22:20:05] - Test Loss 	 Test Acc 	 PGD Loss 	 PGD Acc
[2025/09/17 22:20:05] - 1.2149 	 	 0.7726 	 1.3967 	 0.5645
[2025/09/17 22:21:12] - 72 	 32.0 	 	 0.1000 	 1.8827 	 0.5789
[2025/09/17 22:21:12] - ==> Building model..
[2025/09/17 22:21:36] - Test Loss 	 Test Acc 	 PGD Loss 	 PGD Acc
[2025/09/17 22:21:36] - 1.2184 	 	 0.7726 	 1.3991 	 0.5639
[2025/09/17 22:22:41] - 73 	 31.1 	 	 0.1000 	 1.8834 	 0.5770
[2025/09/17 22:22:41] - ==> Building model..
[2025/09/17 22:23:07] - Test Loss 	 Test Acc 	 PGD Loss 	 PGD Acc
[2025/09/17 22:23:07] - 1.2226 	 	 0.7728 	 1.4029 	 0.5657
[2025/09/17 22:24:11] - 74 	 30.8 	 	 0.1000 	 1.8846 	 0.5783
[2025/09/17 22:24:11] - ==> Building model..
[2025/09/17 22:24:37] - Test Loss 	 Test Acc 	 PGD Loss 	 PGD Acc
[2025/09/17 22:24:37] - 1.2256 	 	 0.7716 	 1.4045 	 0.5656
[2025/09/17 22:25:41] - 75 	 31.6 	 	 0.1000 	 1.8862 	 0.5766
[2025/09/17 22:25:41] - ==> Building model..
[2025/09/17 22:26:05] - Test Loss 	 Test Acc 	 PGD Loss 	 PGD Acc
[2025/09/17 22:26:05] - 1.2297 	 	 0.7706 	 1.4073 	 0.5676
[2025/09/17 22:27:12] - 76 	 33.0 	 	 0.1000 	 1.8899 	 0.5752
[2025/09/17 22:27:12] - ==> Building model..
[2025/09/17 22:27:35] - Test Loss 	 Test Acc 	 PGD Loss 	 PGD Acc
[2025/09/17 22:27:35] - 1.2342 	 	 0.7680 	 1.4101 	 0.5692
[2025/09/17 22:28:45] - 77 	 33.0 	 	 0.1000 	 1.8903 	 0.5746
[2025/09/17 22:28:45] - ==> Building model..
[2025/09/17 22:29:09] - Test Loss 	 Test Acc 	 PGD Loss 	 PGD Acc
[2025/09/17 22:29:09] - 1.2385 	 	 0.7673 	 1.4137 	 0.5702
[2025/09/17 22:30:16] - 78 	 32.6 	 	 0.1000 	 1.8893 	 0.5777
[2025/09/17 22:30:16] - ==> Building model..
[2025/09/17 22:30:38] - Test Loss 	 Test Acc 	 PGD Loss 	 PGD Acc
[2025/09/17 22:30:38] - 1.2404 	 	 0.7669 	 1.4148 	 0.5690
[2025/09/17 22:31:42] - 79 	 31.8 	 	 0.1000 	 1.8920 	 0.5739
[2025/09/17 22:31:42] - ==> Building model..
[2025/09/17 22:32:04] - Test Loss 	 Test Acc 	 PGD Loss 	 PGD Acc
[2025/09/17 22:32:04] - 1.2433 	 	 0.7661 	 1.4166 	 0.5695
[2025/09/17 22:33:09] - 80 	 32.4 	 	 0.1000 	 1.8940 	 0.5747
[2025/09/17 22:33:09] - ==> Building model..
[2025/09/17 22:33:31] - Test Loss 	 Test Acc 	 PGD Loss 	 PGD Acc
[2025/09/17 22:33:31] - 1.2471 	 	 0.7656 	 1.4195 	 0.5697
[2025/09/17 22:34:34] - 81 	 31.9 	 	 0.1000 	 1.8943 	 0.5749
[2025/09/17 22:34:34] - ==> Building model..
[2025/09/17 22:34:56] - Test Loss 	 Test Acc 	 PGD Loss 	 PGD Acc
[2025/09/17 22:34:56] - 1.2499 	 	 0.7643 	 1.4215 	 0.5709
[2025/09/17 22:36:01] - 82 	 32.1 	 	 0.1000 	 1.8944 	 0.5733
[2025/09/17 22:36:01] - ==> Building model..
[2025/09/17 22:36:23] - Test Loss 	 Test Acc 	 PGD Loss 	 PGD Acc
[2025/09/17 22:36:23] - 1.2540 	 	 0.7645 	 1.4243 	 0.5704
[2025/09/17 22:37:27] - 83 	 31.8 	 	 0.1000 	 1.8968 	 0.5730
[2025/09/17 22:37:27] - ==> Building model..
[2025/09/17 22:37:49] - Test Loss 	 Test Acc 	 PGD Loss 	 PGD Acc
[2025/09/17 22:37:49] - 1.2579 	 	 0.7632 	 1.4272 	 0.5702
[2025/09/17 22:38:52] - 84 	 31.1 	 	 0.1000 	 1.8950 	 0.5706
[2025/09/17 22:38:52] - ==> Building model..
[2025/09/17 22:39:16] - Test Loss 	 Test Acc 	 PGD Loss 	 PGD Acc
[2025/09/17 22:39:16] - 1.2591 	 	 0.7629 	 1.4279 	 0.5698
[2025/09/17 22:40:20] - 85 	 31.0 	 	 0.1000 	 1.8964 	 0.5705
[2025/09/17 22:40:20] - ==> Building model..
[2025/09/17 22:40:45] - Test Loss 	 Test Acc 	 PGD Loss 	 PGD Acc
[2025/09/17 22:40:45] - 1.2610 	 	 0.7633 	 1.4292 	 0.5726
[2025/09/17 22:41:47] - 86 	 30.0 	 	 0.1000 	 1.8961 	 0.5711
[2025/09/17 22:41:47] - ==> Building model..
[2025/09/17 22:42:12] - Test Loss 	 Test Acc 	 PGD Loss 	 PGD Acc
[2025/09/17 22:42:12] - 1.2634 	 	 0.7602 	 1.4306 	 0.5711
[2025/09/17 22:43:10] - 87 	 28.3 	 	 0.1000 	 1.8952 	 0.5724
[2025/09/17 22:43:10] - ==> Building model..
[2025/09/17 22:43:34] - Test Loss 	 Test Acc 	 PGD Loss 	 PGD Acc
[2025/09/17 22:43:34] - 1.2639 	 	 0.7597 	 1.4308 	 0.5705
[2025/09/17 22:44:35] - 88 	 30.1 	 	 0.1000 	 1.8978 	 0.5698
[2025/09/17 22:44:35] - ==> Building model..
[2025/09/17 22:44:57] - Test Loss 	 Test Acc 	 PGD Loss 	 PGD Acc
[2025/09/17 22:44:57] - 1.2649 	 	 0.7590 	 1.4317 	 0.5714
[2025/09/17 22:45:58] - 89 	 30.6 	 	 0.1000 	 1.8935 	 0.5737
[2025/09/17 22:45:58] - ==> Building model..
[2025/09/17 22:46:21] - Test Loss 	 Test Acc 	 PGD Loss 	 PGD Acc
[2025/09/17 22:46:21] - 1.2638 	 	 0.7591 	 1.4307 	 0.5720
[2025/09/17 22:47:23] - 90 	 30.5 	 	 0.1000 	 1.8960 	 0.5690
[2025/09/17 22:47:23] - ==> Building model..
[2025/09/17 22:47:46] - Test Loss 	 Test Acc 	 PGD Loss 	 PGD Acc
[2025/09/17 22:47:46] - 1.2650 	 	 0.7612 	 1.4308 	 0.5713
[2025/09/17 22:48:50] - 91 	 31.4 	 	 0.1000 	 1.8959 	 0.5656
[2025/09/17 22:48:50] - ==> Building model..
[2025/09/17 22:49:14] - Test Loss 	 Test Acc 	 PGD Loss 	 PGD Acc
[2025/09/17 22:49:14] - 1.2663 	 	 0.7597 	 1.4320 	 0.5729
[2025/09/17 22:50:16] - 92 	 29.7 	 	 0.1000 	 1.8960 	 0.5674
[2025/09/17 22:50:16] - ==> Building model..
[2025/09/17 22:50:41] - Test Loss 	 Test Acc 	 PGD Loss 	 PGD Acc
[2025/09/17 22:50:41] - 1.2673 	 	 0.7607 	 1.4330 	 0.5717
[2025/09/17 22:51:42] - 93 	 30.0 	 	 0.1000 	 1.8955 	 0.5649
[2025/09/17 22:51:42] - ==> Building model..
[2025/09/17 22:52:07] - Test Loss 	 Test Acc 	 PGD Loss 	 PGD Acc
[2025/09/17 22:52:07] - 1.2674 	 	 0.7598 	 1.4331 	 0.5715
[2025/09/17 22:53:08] - 94 	 29.7 	 	 0.1000 	 1.8963 	 0.5691
[2025/09/17 22:53:08] - ==> Building model..
[2025/09/17 22:53:32] - Test Loss 	 Test Acc 	 PGD Loss 	 PGD Acc
[2025/09/17 22:53:32] - 1.2684 	 	 0.7610 	 1.4340 	 0.5708
[2025/09/17 22:54:34] - 95 	 30.1 	 	 0.1000 	 1.8938 	 0.5695
[2025/09/17 22:54:34] - ==> Building model..
[2025/09/17 22:54:56] - Test Loss 	 Test Acc 	 PGD Loss 	 PGD Acc
[2025/09/17 22:54:56] - 1.2683 	 	 0.7614 	 1.4345 	 0.5734
[2025/09/17 22:56:00] - 96 	 32.2 	 	 0.1000 	 1.8942 	 0.5684
[2025/09/17 22:56:00] - ==> Building model..
[2025/09/17 22:56:21] - Test Loss 	 Test Acc 	 PGD Loss 	 PGD Acc
[2025/09/17 22:56:21] - 1.2684 	 	 0.7609 	 1.4345 	 0.5742
[2025/09/17 22:57:24] - 97 	 31.5 	 	 0.1000 	 1.8944 	 0.5695
[2025/09/17 22:57:24] - ==> Building model..
[2025/09/17 22:57:45] - Test Loss 	 Test Acc 	 PGD Loss 	 PGD Acc
[2025/09/17 22:57:45] - 1.2657 	 	 0.7614 	 1.4326 	 0.5740
[2025/09/17 22:58:44] - 98 	 30.2 	 	 0.1000 	 1.8933 	 0.5687
[2025/09/17 22:58:44] - ==> Building model..
[2025/09/17 22:59:00] - Test Loss 	 Test Acc 	 PGD Loss 	 PGD Acc
[2025/09/17 22:59:00] - 1.2638 	 	 0.7615 	 1.4308 	 0.5735
[2025/09/17 22:59:46] - 99 	 21.3 	 	 0.1000 	 1.8941 	 0.5674
[2025/09/17 22:59:46] - ==> Building model..
[2025/09/17 23:00:02] - Test Loss 	 Test Acc 	 PGD Loss 	 PGD Acc
[2025/09/17 23:00:02] - 1.2638 	 	 0.7615 	 1.4308 	 0.5744
[2025/09/17 23:00:52] - 100 	 22.5 	 	 0.1000 	 1.8923 	 0.5701
[2025/09/17 23:00:52] - ==> Building model..
[2025/09/17 23:01:08] - Test Loss 	 Test Acc 	 PGD Loss 	 PGD Acc
[2025/09/17 23:01:08] - 1.2645 	 	 0.7609 	 1.4314 	 0.5734
[2025/09/17 23:01:55] - 101 	 21.7 	 	 0.1000 	 1.8937 	 0.5666
[2025/09/17 23:01:55] - ==> Building model..
[2025/09/17 23:02:12] - Test Loss 	 Test Acc 	 PGD Loss 	 PGD Acc
[2025/09/17 23:02:12] - 1.2653 	 	 0.7602 	 1.4319 	 0.5731
[2025/09/17 23:03:00] - 102 	 21.9 	 	 0.1000 	 1.8939 	 0.5685
[2025/09/17 23:03:00] - ==> Building model..
[2025/09/17 23:03:16] - Test Loss 	 Test Acc 	 PGD Loss 	 PGD Acc
[2025/09/17 23:03:16] - 1.2655 	 	 0.7610 	 1.4320 	 0.5742
[2025/09/17 23:04:04] - 103 	 21.6 	 	 0.1000 	 1.8936 	 0.5685
[2025/09/17 23:04:04] - ==> Building model..
[2025/09/17 23:04:20] - Test Loss 	 Test Acc 	 PGD Loss 	 PGD Acc
[2025/09/17 23:04:20] - 1.2649 	 	 0.7619 	 1.4318 	 0.5736
[2025/09/17 23:05:08] - 104 	 21.7 	 	 0.1000 	 1.8931 	 0.5703
[2025/09/17 23:05:08] - ==> Building model..
[2025/09/17 23:05:24] - Test Loss 	 Test Acc 	 PGD Loss 	 PGD Acc
[2025/09/17 23:05:24] - 1.2644 	 	 0.7607 	 1.4317 	 0.5740
[2025/09/17 23:06:12] - 105 	 21.6 	 	 0.1000 	 1.8940 	 0.5686
[2025/09/17 23:06:12] - ==> Building model..
[2025/09/17 23:06:29] - Test Loss 	 Test Acc 	 PGD Loss 	 PGD Acc
[2025/09/17 23:06:29] - 1.2636 	 	 0.7606 	 1.4313 	 0.5740
[2025/09/17 23:07:16] - 106 	 21.6 	 	 0.1000 	 1.8938 	 0.5700
[2025/09/17 23:07:16] - ==> Building model..
[2025/09/17 23:07:33] - Test Loss 	 Test Acc 	 PGD Loss 	 PGD Acc
[2025/09/17 23:07:33] - 1.2626 	 	 0.7617 	 1.4311 	 0.5753
[2025/09/17 23:08:19] - 107 	 21.9 	 	 0.1000 	 1.8917 	 0.5711
[2025/09/17 23:08:19] - ==> Building model..
[2025/09/17 23:08:36] - Test Loss 	 Test Acc 	 PGD Loss 	 PGD Acc
[2025/09/17 23:08:36] - 1.2621 	 	 0.7622 	 1.4302 	 0.5754
[2025/09/17 23:09:22] - 108 	 21.6 	 	 0.1000 	 1.8921 	 0.5723
[2025/09/17 23:09:22] - ==> Building model..
[2025/09/17 23:09:38] - Test Loss 	 Test Acc 	 PGD Loss 	 PGD Acc
[2025/09/17 23:09:38] - 1.2613 	 	 0.7615 	 1.4298 	 0.5746
[2025/09/17 23:10:23] - 109 	 20.9 	 	 0.0100 	 1.8412 	 0.6199
[2025/09/17 23:10:23] - ==> Building model..
[2025/09/17 23:10:40] - Test Loss 	 Test Acc 	 PGD Loss 	 PGD Acc
[2025/09/17 23:10:40] - 1.2467 	 	 0.7674 	 1.4192 	 0.5757
[2025/09/17 23:11:24] - 110 	 20.1 	 	 0.0100 	 1.7854 	 0.6698
[2025/09/17 23:11:24] - ==> Building model..
[2025/09/17 23:11:41] - Test Loss 	 Test Acc 	 PGD Loss 	 PGD Acc
[2025/09/17 23:11:41] - 1.2268 	 	 0.7747 	 1.4048 	 0.5758
[2025/09/17 23:12:27] - 111 	 20.2 	 	 0.0100 	 1.7710 	 0.6801
[2025/09/17 23:12:27] - ==> Building model..
[2025/09/17 23:12:43] - Test Loss 	 Test Acc 	 PGD Loss 	 PGD Acc
[2025/09/17 23:12:43] - 1.2121 	 	 0.7818 	 1.3947 	 0.5763
[2025/09/17 23:13:28] - 112 	 20.2 	 	 0.0100 	 1.7613 	 0.6891
[2025/09/17 23:13:28] - ==> Building model..
[2025/09/17 23:13:45] - Test Loss 	 Test Acc 	 PGD Loss 	 PGD Acc
[2025/09/17 23:13:45] - 1.2009 	 	 0.7875 	 1.3875 	 0.5787
[2025/09/17 23:14:29] - 113 	 19.6 	 	 0.0100 	 1.7535 	 0.6990
[2025/09/17 23:14:29] - ==> Building model..
[2025/09/17 23:14:45] - Test Loss 	 Test Acc 	 PGD Loss 	 PGD Acc
[2025/09/17 23:14:45] - 1.1939 	 	 0.7918 	 1.3828 	 0.5794
[2025/09/17 23:15:32] - 114 	 19.9 	 	 0.0010 	 1.7378 	 0.7115
[2025/09/17 23:15:32] - ==> Building model..
[2025/09/17 23:15:48] - Test Loss 	 Test Acc 	 PGD Loss 	 PGD Acc
[2025/09/17 23:15:48] - 1.1880 	 	 0.7952 	 1.3797 	 0.5817
[2025/09/17 23:16:33] - 115 	 19.4 	 	 0.0010 	 1.7245 	 0.7215
[2025/09/17 23:16:33] - ==> Building model..
[2025/09/17 23:16:50] - Test Loss 	 Test Acc 	 PGD Loss 	 PGD Acc
[2025/09/17 23:16:50] - 1.1814 	 	 0.7993 	 1.3756 	 0.5827
[2025/09/17 23:17:35] - 116 	 19.6 	 	 0.0010 	 1.7214 	 0.7225
[2025/09/17 23:17:35] - ==> Building model..
[2025/09/17 23:17:51] - Test Loss 	 Test Acc 	 PGD Loss 	 PGD Acc
[2025/09/17 23:17:51] - 1.1734 	 	 0.8023 	 1.3702 	 0.5822
[2025/09/17 23:18:35] - 117 	 19.1 	 	 0.0010 	 1.7179 	 0.7255
[2025/09/17 23:18:35] - ==> Building model..
[2025/09/17 23:18:52] - Test Loss 	 Test Acc 	 PGD Loss 	 PGD Acc
[2025/09/17 23:18:52] - 1.1656 	 	 0.8056 	 1.3649 	 0.5824
[2025/09/17 23:19:37] - 118 	 19.4 	 	 0.0010 	 1.7158 	 0.7290
[2025/09/17 23:19:37] - ==> Building model..
[2025/09/17 23:19:53] - Test Loss 	 Test Acc 	 PGD Loss 	 PGD Acc
[2025/09/17 23:19:53] - 1.1585 	 	 0.8080 	 1.3604 	 0.5818
[2025/09/17 23:20:37] - 119 	 19.2 	 	 0.0010 	 1.7136 	 0.7301
[2025/09/17 23:20:37] - ==> Building model..
[2025/09/17 23:20:53] - Test Loss 	 Test Acc 	 PGD Loss 	 PGD Acc
[2025/09/17 23:20:53] - 1.1517 	 	 0.8107 	 1.3560 	 0.5818
[2025/09/17 23:20:53] - [0.4052, 0.4672, 0.5136, 0.5576, 0.5895, 0.6112, 0.6316, 0.6373, 0.6496, 0.654, 0.6602, 0.6708, 0.6847, 0.6955, 0.7073, 0.7171, 0.7226, 0.7282, 0.7342, 0.7376, 0.7397, 0.7403, 0.742, 0.7455, 0.7465, 0.7468, 0.7484, 0.7495, 0.7507, 0.7541, 0.7549, 0.7563, 0.7598, 0.7611, 0.7651, 0.7652, 0.7669, 0.7678, 0.7681, 0.7688, 0.7706, 0.7696, 0.7697, 0.7714, 0.7727, 0.7732, 0.7739, 0.7754, 0.775, 0.7768, 0.7751, 0.7759, 0.7781, 0.7766, 0.7766, 0.776, 0.774, 0.7751, 0.7752, 0.7739, 0.7733, 0.7738, 0.7742, 0.7746, 0.7745, 0.7756, 0.7758, 0.7737, 0.7736, 0.7741, 0.773, 0.7726, 0.7726, 0.7728, 0.7716, 0.7706, 0.768, 0.7673, 0.7669, 0.7661, 0.7656, 0.7643, 0.7645, 0.7632, 0.7629, 0.7633, 0.7602, 0.7597, 0.759, 0.7591, 0.7612, 0.7597, 0.7607, 0.7598, 0.761, 0.7614, 0.7609, 0.7614, 0.7615, 0.7615, 0.7609, 0.7602, 0.761, 0.7619, 0.7607, 0.7606, 0.7617, 0.7622, 0.7615, 0.7674, 0.7747, 0.7818, 0.7875, 0.7918, 0.7952, 0.7993, 0.8023, 0.8056, 0.808, 0.8107]
[2025/09/17 23:20:53] - [0.284, 0.3208, 0.3427, 0.3722, 0.3943, 0.4158, 0.431, 0.4419, 0.453, 0.4616, 0.4678, 0.4763, 0.4848, 0.4907, 0.4986, 0.5039, 0.5066, 0.5122, 0.515, 0.5178, 0.5189, 0.5209, 0.5257, 0.5283, 0.5299, 0.531, 0.5323, 0.5367, 0.5367, 0.5393, 0.5408, 0.5413, 0.5426, 0.5436, 0.5454, 0.5462, 0.5479, 0.5505, 0.5496, 0.5505, 0.5505, 0.5502, 0.5512, 0.5507, 0.5519, 0.552, 0.5523, 0.5535, 0.5539, 0.5554, 0.5551, 0.556, 0.5554, 0.5559, 0.5558, 0.5568, 0.5578, 0.559, 0.5579, 0.559, 0.5589, 0.5607, 0.5603, 0.5604, 0.5614, 0.5609, 0.5624, 0.5637, 0.562, 0.5639, 0.565, 0.5645, 0.5639, 0.5657, 0.5656, 0.5676, 0.5692, 0.5702, 0.569, 0.5695, 0.5697, 0.5709, 0.5704, 0.5702, 0.5698, 0.5726, 0.5711, 0.5705, 0.5714, 0.572, 0.5713, 0.5729, 0.5717, 0.5715, 0.5708, 0.5734, 0.5742, 0.574, 0.5735, 0.5744, 0.5734, 0.5731, 0.5742, 0.5736, 0.574, 0.574, 0.5753, 0.5754, 0.5746, 0.5757, 0.5758, 0.5763, 0.5787, 0.5794, 0.5817, 0.5827, 0.5822, 0.5824, 0.5818, 0.5818]
