[2025/09/23 07:45:21] - Namespace(batch_size=128, data_dir='./tiny-imagenet-200', epochs=110, lr_schedule='multistep', lr_min=0.0, lr_max=0.1, weight_decay=0.0005, momentum=0.9, model='PreActResNest18', epsilon=8, alpha=8, delta_init='random', normal_mean=0, normal_std=1, out_dir='./output/Tiny_ImageNet/beta_0.6', seed=0, lamda=38, lam_scale=0.1, lam_start=50, gamma=0.025, inner_gamma=0.025, beta=0.6, mu=3.5, batch_m=0.75, early_stop=False, factor=0.3, length=6, n_holes=1, c_num=0.125, EMA_value=0.55)
[2025/09/23 07:46:11] - ==> Building model..
[2025/09/23 07:46:11] - Epoch 	 Seconds 	 LR 	 	 Train Loss 	 Train Acc
[2025/09/23 07:48:34] - 0 	 139.2 	 	 0.1000 	 5.2881 	 0.0295
[2025/09/23 07:48:34] - ==> Building model..
[2025/09/23 07:49:25] - Test Loss 	 Test Acc 	 PGD Loss 	 PGD Acc
[2025/09/23 07:49:25] - 4.9419 	 	 0.0871 	 4.9568 	 0.0478
[2025/09/23 07:51:47] - 1 	 137.6 	 	 0.1000 	 5.2272 	 0.0721
[2025/09/23 07:51:47] - ==> Building model..
[2025/09/23 07:52:38] - Test Loss 	 Test Acc 	 PGD Loss 	 PGD Acc
[2025/09/23 07:52:38] - 4.7418 	 	 0.1458 	 4.7788 	 0.0765
[2025/09/23 07:54:59] - 2 	 137.3 	 	 0.1000 	 5.1955 	 0.1027
[2025/09/23 07:54:59] - ==> Building model..
[2025/09/23 07:55:50] - Test Loss 	 Test Acc 	 PGD Loss 	 PGD Acc
[2025/09/23 07:55:50] - 4.5891 	 	 0.1897 	 4.6493 	 0.0987
[2025/09/23 07:58:11] - 3 	 137.2 	 	 0.1000 	 5.1687 	 0.1269
[2025/09/23 07:58:11] - ==> Building model..
[2025/09/23 07:59:03] - Test Loss 	 Test Acc 	 PGD Loss 	 PGD Acc
[2025/09/23 07:59:03] - 4.4951 	 	 0.2165 	 4.5725 	 0.1098
[2025/09/23 08:01:24] - 4 	 137.6 	 	 0.1000 	 5.1447 	 0.1488
[2025/09/23 08:01:24] - ==> Building model..
[2025/09/23 08:02:16] - Test Loss 	 Test Acc 	 PGD Loss 	 PGD Acc
[2025/09/23 08:02:16] - 4.4405 	 	 0.2342 	 4.5297 	 0.1205
[2025/09/23 08:04:38] - 5 	 137.1 	 	 0.1000 	 5.1249 	 0.1668
[2025/09/23 08:04:38] - ==> Building model..
[2025/09/23 08:05:29] - Test Loss 	 Test Acc 	 PGD Loss 	 PGD Acc
[2025/09/23 08:05:29] - 4.4472 	 	 0.2433 	 4.5401 	 0.1232
[2025/09/23 08:07:51] - 6 	 137.0 	 	 0.1000 	 5.1111 	 0.1804
[2025/09/23 08:07:51] - ==> Building model..
[2025/09/23 08:08:43] - Test Loss 	 Test Acc 	 PGD Loss 	 PGD Acc
[2025/09/23 08:08:43] - 4.3656 	 	 0.2620 	 4.4749 	 0.1331
[2025/09/23 08:11:04] - 7 	 137.1 	 	 0.1000 	 5.0997 	 0.1924
[2025/09/23 08:11:04] - ==> Building model..
[2025/09/23 08:11:56] - Test Loss 	 Test Acc 	 PGD Loss 	 PGD Acc
[2025/09/23 08:11:56] - 4.2144 	 	 0.2927 	 4.3534 	 0.1499
[2025/09/23 08:14:17] - 8 	 137.1 	 	 0.1000 	 5.0890 	 0.2026
[2025/09/23 08:14:17] - ==> Building model..
[2025/09/23 08:15:09] - Test Loss 	 Test Acc 	 PGD Loss 	 PGD Acc
[2025/09/23 08:15:09] - 4.0471 	 	 0.3289 	 4.2233 	 0.1663
[2025/09/23 08:17:31] - 9 	 137.6 	 	 0.1000 	 5.0803 	 0.2110
[2025/09/23 08:17:31] - ==> Building model..
[2025/09/23 08:18:24] - Test Loss 	 Test Acc 	 PGD Loss 	 PGD Acc
[2025/09/23 08:18:24] - 3.9243 	 	 0.3533 	 4.1293 	 0.1787
[2025/09/23 08:20:45] - 10 	 137.4 	 	 0.1000 	 5.0727 	 0.2193
[2025/09/23 08:20:45] - ==> Building model..
[2025/09/23 08:21:37] - Test Loss 	 Test Acc 	 PGD Loss 	 PGD Acc
[2025/09/23 08:21:37] - 3.8414 	 	 0.3696 	 4.0666 	 0.1880
[2025/09/23 08:23:59] - 11 	 137.2 	 	 0.1000 	 5.0649 	 0.2265
[2025/09/23 08:23:59] - ==> Building model..
[2025/09/23 08:24:52] - Test Loss 	 Test Acc 	 PGD Loss 	 PGD Acc
[2025/09/23 08:24:52] - 3.7812 	 	 0.3808 	 4.0218 	 0.1925
[2025/09/23 08:27:13] - 12 	 136.9 	 	 0.1000 	 5.0591 	 0.2332
[2025/09/23 08:27:13] - ==> Building model..
[2025/09/23 08:28:06] - Test Loss 	 Test Acc 	 PGD Loss 	 PGD Acc
[2025/09/23 08:28:06] - 3.7427 	 	 0.3875 	 3.9944 	 0.1964
[2025/09/23 08:30:28] - 13 	 137.3 	 	 0.1000 	 5.0533 	 0.2390
[2025/09/23 08:30:28] - ==> Building model..
[2025/09/23 08:31:21] - Test Loss 	 Test Acc 	 PGD Loss 	 PGD Acc
[2025/09/23 08:31:21] - 3.7079 	 	 0.3927 	 3.9687 	 0.1978
[2025/09/23 08:33:43] - 14 	 137.2 	 	 0.1000 	 5.0482 	 0.2441
[2025/09/23 08:33:43] - ==> Building model..
[2025/09/23 08:34:36] - Test Loss 	 Test Acc 	 PGD Loss 	 PGD Acc
[2025/09/23 08:34:36] - 3.6776 	 	 0.3996 	 3.9473 	 0.2016
[2025/09/23 08:36:58] - 15 	 137.1 	 	 0.1000 	 5.0436 	 0.2490
[2025/09/23 08:36:58] - ==> Building model..
[2025/09/23 08:37:50] - Test Loss 	 Test Acc 	 PGD Loss 	 PGD Acc
[2025/09/23 08:37:50] - 3.6514 	 	 0.4049 	 3.9285 	 0.2030
[2025/09/23 08:40:12] - 16 	 137.2 	 	 0.1000 	 5.0396 	 0.2528
[2025/09/23 08:40:12] - ==> Building model..
[2025/09/23 08:41:05] - Test Loss 	 Test Acc 	 PGD Loss 	 PGD Acc
[2025/09/23 08:41:05] - 3.6278 	 	 0.4091 	 3.9122 	 0.2037
[2025/09/23 08:43:28] - 17 	 137.9 	 	 0.1000 	 5.0357 	 0.2579
[2025/09/23 08:43:28] - ==> Building model..
[2025/09/23 08:44:21] - Test Loss 	 Test Acc 	 PGD Loss 	 PGD Acc
[2025/09/23 08:44:21] - 3.6092 	 	 0.4131 	 3.8990 	 0.2054
[2025/09/23 08:46:44] - 18 	 138.2 	 	 0.1000 	 5.0324 	 0.2616
[2025/09/23 08:46:44] - ==> Building model..
[2025/09/23 08:47:37] - Test Loss 	 Test Acc 	 PGD Loss 	 PGD Acc
[2025/09/23 08:47:37] - 3.5917 	 	 0.4157 	 3.8869 	 0.2077
[2025/09/23 08:50:01] - 19 	 138.3 	 	 0.1000 	 5.0290 	 0.2649
[2025/09/23 08:50:01] - ==> Building model..
[2025/09/23 08:50:54] - Test Loss 	 Test Acc 	 PGD Loss 	 PGD Acc
[2025/09/23 08:50:54] - 3.5780 	 	 0.4199 	 3.8782 	 0.2091
[2025/09/23 08:53:17] - 20 	 138.2 	 	 0.1000 	 5.0266 	 0.2657
[2025/09/23 08:53:17] - ==> Building model..
[2025/09/23 08:54:10] - Test Loss 	 Test Acc 	 PGD Loss 	 PGD Acc
[2025/09/23 08:54:10] - 3.5640 	 	 0.4242 	 3.8691 	 0.2109
[2025/09/23 08:56:34] - 21 	 138.6 	 	 0.1000 	 5.0241 	 0.2678
[2025/09/23 08:56:34] - ==> Building model..
[2025/09/23 08:57:27] - Test Loss 	 Test Acc 	 PGD Loss 	 PGD Acc
[2025/09/23 08:57:27] - 3.5513 	 	 0.4271 	 3.8601 	 0.2125
[2025/09/23 08:59:51] - 22 	 138.7 	 	 0.1000 	 5.0209 	 0.2722
[2025/09/23 08:59:51] - ==> Building model..
[2025/09/23 09:00:45] - Test Loss 	 Test Acc 	 PGD Loss 	 PGD Acc
[2025/09/23 09:00:45] - 3.5371 	 	 0.4302 	 3.8501 	 0.2138
[2025/09/23 09:03:08] - 23 	 138.2 	 	 0.1000 	 5.0189 	 0.2753
[2025/09/23 09:03:08] - ==> Building model..
[2025/09/23 09:04:01] - Test Loss 	 Test Acc 	 PGD Loss 	 PGD Acc
[2025/09/23 09:04:01] - 3.5257 	 	 0.4329 	 3.8420 	 0.2140
[2025/09/23 09:06:25] - 24 	 138.3 	 	 0.1000 	 5.0167 	 0.2770
[2025/09/23 09:06:25] - ==> Building model..
[2025/09/23 09:07:18] - Test Loss 	 Test Acc 	 PGD Loss 	 PGD Acc
[2025/09/23 09:07:18] - 3.5164 	 	 0.4349 	 3.8362 	 0.2160
[2025/09/23 09:09:41] - 25 	 138.4 	 	 0.1000 	 5.0151 	 0.2781
[2025/09/23 09:09:41] - ==> Building model..
[2025/09/23 09:10:34] - Test Loss 	 Test Acc 	 PGD Loss 	 PGD Acc
[2025/09/23 09:10:34] - 3.5064 	 	 0.4370 	 3.8289 	 0.2171
[2025/09/23 09:12:58] - 26 	 138.5 	 	 0.1000 	 5.0129 	 0.2809
[2025/09/23 09:12:58] - ==> Building model..
[2025/09/23 09:13:51] - Test Loss 	 Test Acc 	 PGD Loss 	 PGD Acc
[2025/09/23 09:13:51] - 3.4965 	 	 0.4366 	 3.8226 	 0.2185
[2025/09/23 09:16:15] - 27 	 138.2 	 	 0.1000 	 5.0114 	 0.2824
[2025/09/23 09:16:15] - ==> Building model..
[2025/09/23 09:17:08] - Test Loss 	 Test Acc 	 PGD Loss 	 PGD Acc
[2025/09/23 09:17:08] - 3.4876 	 	 0.4383 	 3.8162 	 0.2193
[2025/09/23 09:19:31] - 28 	 138.1 	 	 0.1000 	 5.0094 	 0.2852
[2025/09/23 09:19:31] - ==> Building model..
[2025/09/23 09:20:24] - Test Loss 	 Test Acc 	 PGD Loss 	 PGD Acc
[2025/09/23 09:20:24] - 3.4811 	 	 0.4405 	 3.8125 	 0.2202
[2025/09/23 09:22:47] - 29 	 138.0 	 	 0.1000 	 5.0083 	 0.2837
[2025/09/23 09:22:47] - ==> Building model..
[2025/09/23 09:23:40] - Test Loss 	 Test Acc 	 PGD Loss 	 PGD Acc
[2025/09/23 09:23:40] - 3.4737 	 	 0.4440 	 3.8079 	 0.2207
[2025/09/23 09:26:03] - 30 	 137.9 	 	 0.1000 	 5.0068 	 0.2879
[2025/09/23 09:26:03] - ==> Building model..
[2025/09/23 09:26:56] - Test Loss 	 Test Acc 	 PGD Loss 	 PGD Acc
[2025/09/23 09:26:56] - 3.4677 	 	 0.4438 	 3.8042 	 0.2212
[2025/09/23 09:29:20] - 31 	 138.4 	 	 0.1000 	 5.0050 	 0.2886
[2025/09/23 09:29:20] - ==> Building model..
[2025/09/23 09:30:13] - Test Loss 	 Test Acc 	 PGD Loss 	 PGD Acc
[2025/09/23 09:30:13] - 3.4614 	 	 0.4456 	 3.7995 	 0.2228
[2025/09/23 09:32:37] - 32 	 138.6 	 	 0.1000 	 5.0042 	 0.2871
[2025/09/23 09:32:37] - ==> Building model..
[2025/09/23 09:33:31] - Test Loss 	 Test Acc 	 PGD Loss 	 PGD Acc
[2025/09/23 09:33:31] - 3.4563 	 	 0.4488 	 3.7970 	 0.2226
[2025/09/23 09:35:55] - 33 	 138.6 	 	 0.1000 	 5.0029 	 0.2894
[2025/09/23 09:35:55] - ==> Building model..
[2025/09/23 09:36:48] - Test Loss 	 Test Acc 	 PGD Loss 	 PGD Acc
[2025/09/23 09:36:48] - 3.4494 	 	 0.4494 	 3.7923 	 0.2244
[2025/09/23 09:39:12] - 34 	 138.5 	 	 0.1000 	 5.0014 	 0.2925
[2025/09/23 09:39:12] - ==> Building model..
[2025/09/23 09:40:05] - Test Loss 	 Test Acc 	 PGD Loss 	 PGD Acc
[2025/09/23 09:40:05] - 3.4439 	 	 0.4511 	 3.7890 	 0.2238
[2025/09/23 09:42:29] - 35 	 138.7 	 	 0.1000 	 5.0003 	 0.2933
[2025/09/23 09:42:29] - ==> Building model..
[2025/09/23 09:43:22] - Test Loss 	 Test Acc 	 PGD Loss 	 PGD Acc
[2025/09/23 09:43:22] - 3.4376 	 	 0.4514 	 3.7845 	 0.2234
[2025/09/23 09:45:46] - 36 	 138.4 	 	 0.1000 	 4.9999 	 0.2936
[2025/09/23 09:45:46] - ==> Building model..
[2025/09/23 09:46:40] - Test Loss 	 Test Acc 	 PGD Loss 	 PGD Acc
[2025/09/23 09:46:40] - 3.4334 	 	 0.4521 	 3.7819 	 0.2246
[2025/09/23 09:49:03] - 37 	 137.9 	 	 0.1000 	 4.9978 	 0.2975
[2025/09/23 09:49:03] - ==> Building model..
[2025/09/23 09:49:56] - Test Loss 	 Test Acc 	 PGD Loss 	 PGD Acc
[2025/09/23 09:49:56] - 3.4300 	 	 0.4548 	 3.7807 	 0.2252
[2025/09/23 09:52:19] - 38 	 138.0 	 	 0.1000 	 4.9979 	 0.2957
[2025/09/23 09:52:19] - ==> Building model..
[2025/09/23 09:53:12] - Test Loss 	 Test Acc 	 PGD Loss 	 PGD Acc
[2025/09/23 09:53:12] - 3.4266 	 	 0.4571 	 3.7789 	 0.2248
[2025/09/23 09:55:35] - 39 	 137.8 	 	 0.1000 	 4.9966 	 0.2972
[2025/09/23 09:55:35] - ==> Building model..
[2025/09/23 09:56:28] - Test Loss 	 Test Acc 	 PGD Loss 	 PGD Acc
[2025/09/23 09:56:28] - 3.4241 	 	 0.4568 	 3.7785 	 0.2260
[2025/09/23 09:58:51] - 40 	 137.3 	 	 0.1000 	 4.9960 	 0.2956
[2025/09/23 09:58:51] - ==> Building model..
[2025/09/23 09:59:44] - Test Loss 	 Test Acc 	 PGD Loss 	 PGD Acc
[2025/09/23 09:59:44] - 3.4213 	 	 0.4597 	 3.7769 	 0.2273
[2025/09/23 10:02:07] - 41 	 138.2 	 	 0.1000 	 4.9945 	 0.2991
[2025/09/23 10:02:07] - ==> Building model..
[2025/09/23 10:03:01] - Test Loss 	 Test Acc 	 PGD Loss 	 PGD Acc
[2025/09/23 10:03:01] - 3.4204 	 	 0.4597 	 3.7772 	 0.2276
[2025/09/23 10:05:23] - 42 	 137.3 	 	 0.1000 	 4.9942 	 0.3000
[2025/09/23 10:05:23] - ==> Building model..
[2025/09/23 10:06:16] - Test Loss 	 Test Acc 	 PGD Loss 	 PGD Acc
[2025/09/23 10:06:16] - 3.4198 	 	 0.4599 	 3.7778 	 0.2276
[2025/09/23 10:08:39] - 43 	 137.3 	 	 0.1000 	 4.9938 	 0.2985
[2025/09/23 10:08:39] - ==> Building model..
[2025/09/23 10:09:32] - Test Loss 	 Test Acc 	 PGD Loss 	 PGD Acc
[2025/09/23 10:09:32] - 3.4214 	 	 0.4626 	 3.7805 	 0.2279
[2025/09/23 10:11:54] - 44 	 137.1 	 	 0.1000 	 4.9930 	 0.3006
[2025/09/23 10:11:54] - ==> Building model..
[2025/09/23 10:12:47] - Test Loss 	 Test Acc 	 PGD Loss 	 PGD Acc
[2025/09/23 10:12:47] - 3.4216 	 	 0.4636 	 3.7815 	 0.2294
[2025/09/23 10:15:09] - 45 	 137.1 	 	 0.1000 	 4.9918 	 0.3033
[2025/09/23 10:15:09] - ==> Building model..
[2025/09/23 10:16:02] - Test Loss 	 Test Acc 	 PGD Loss 	 PGD Acc
[2025/09/23 10:16:02] - 3.4220 	 	 0.4624 	 3.7828 	 0.2290
[2025/09/23 10:18:24] - 46 	 137.2 	 	 0.1000 	 4.9916 	 0.3028
[2025/09/23 10:18:24] - ==> Building model..
[2025/09/23 10:19:17] - Test Loss 	 Test Acc 	 PGD Loss 	 PGD Acc
[2025/09/23 10:19:17] - 3.4224 	 	 0.4629 	 3.7833 	 0.2300
[2025/09/23 10:21:40] - 47 	 137.3 	 	 0.1000 	 4.9912 	 0.3026
[2025/09/23 10:21:40] - ==> Building model..
[2025/09/23 10:22:32] - Test Loss 	 Test Acc 	 PGD Loss 	 PGD Acc
[2025/09/23 10:22:32] - 3.4209 	 	 0.4632 	 3.7839 	 0.2294
[2025/09/23 10:24:54] - 48 	 137.1 	 	 0.1000 	 4.9897 	 0.3032
[2025/09/23 10:24:54] - ==> Building model..
[2025/09/23 10:25:47] - Test Loss 	 Test Acc 	 PGD Loss 	 PGD Acc
[2025/09/23 10:25:47] - 3.4185 	 	 0.4633 	 3.7817 	 0.2293
[2025/09/23 10:28:09] - 49 	 137.2 	 	 0.1000 	 4.9899 	 0.3040
[2025/09/23 10:28:09] - ==> Building model..
[2025/09/23 10:29:02] - Test Loss 	 Test Acc 	 PGD Loss 	 PGD Acc
[2025/09/23 10:29:02] - 3.4165 	 	 0.4635 	 3.7806 	 0.2294
[2025/09/23 10:31:24] - 50 	 137.2 	 	 0.1000 	 4.9887 	 0.3055
[2025/09/23 10:31:24] - ==> Building model..
[2025/09/23 10:32:18] - Test Loss 	 Test Acc 	 PGD Loss 	 PGD Acc
[2025/09/23 10:32:18] - 3.4126 	 	 0.4636 	 3.7783 	 0.2304
[2025/09/23 10:34:40] - 51 	 137.4 	 	 0.1000 	 4.9886 	 0.3046
[2025/09/23 10:34:40] - ==> Building model..
[2025/09/23 10:35:33] - Test Loss 	 Test Acc 	 PGD Loss 	 PGD Acc
[2025/09/23 10:35:33] - 3.4097 	 	 0.4646 	 3.7761 	 0.2321
[2025/09/23 10:37:55] - 52 	 137.0 	 	 0.1000 	 4.9883 	 0.3060
[2025/09/23 10:37:55] - ==> Building model..
[2025/09/23 10:38:48] - Test Loss 	 Test Acc 	 PGD Loss 	 PGD Acc
[2025/09/23 10:38:48] - 3.4058 	 	 0.4654 	 3.7733 	 0.2322
[2025/09/23 10:41:10] - 53 	 137.0 	 	 0.1000 	 4.9876 	 0.3062
[2025/09/23 10:41:10] - ==> Building model..
[2025/09/23 10:42:03] - Test Loss 	 Test Acc 	 PGD Loss 	 PGD Acc
[2025/09/23 10:42:03] - 3.4027 	 	 0.4667 	 3.7711 	 0.2320
[2025/09/23 10:44:25] - 54 	 137.1 	 	 0.1000 	 4.9877 	 0.3067
[2025/09/23 10:44:25] - ==> Building model..
[2025/09/23 10:45:18] - Test Loss 	 Test Acc 	 PGD Loss 	 PGD Acc
[2025/09/23 10:45:18] - 3.3991 	 	 0.4665 	 3.7687 	 0.2332
[2025/09/23 10:47:40] - 55 	 137.1 	 	 0.1000 	 4.9872 	 0.3064
[2025/09/23 10:47:40] - ==> Building model..
[2025/09/23 10:48:33] - Test Loss 	 Test Acc 	 PGD Loss 	 PGD Acc
[2025/09/23 10:48:33] - 3.3956 	 	 0.4662 	 3.7652 	 0.2332
[2025/09/23 10:50:55] - 56 	 137.4 	 	 0.1000 	 4.9871 	 0.3090
[2025/09/23 10:50:55] - ==> Building model..
[2025/09/23 10:51:48] - Test Loss 	 Test Acc 	 PGD Loss 	 PGD Acc
[2025/09/23 10:51:48] - 3.3936 	 	 0.4653 	 3.7642 	 0.2332
[2025/09/23 10:54:10] - 57 	 137.0 	 	 0.1000 	 4.9870 	 0.3090
[2025/09/23 10:54:10] - ==> Building model..
[2025/09/23 10:55:03] - Test Loss 	 Test Acc 	 PGD Loss 	 PGD Acc
[2025/09/23 10:55:03] - 3.3924 	 	 0.4664 	 3.7633 	 0.2335
[2025/09/23 10:57:25] - 58 	 136.8 	 	 0.1000 	 4.9876 	 0.3095
[2025/09/23 10:57:25] - ==> Building model..
[2025/09/23 10:58:18] - Test Loss 	 Test Acc 	 PGD Loss 	 PGD Acc
[2025/09/23 10:58:18] - 3.3901 	 	 0.4670 	 3.7611 	 0.2344
[2025/09/23 11:00:40] - 59 	 137.0 	 	 0.1000 	 4.9871 	 0.3083
[2025/09/23 11:00:40] - ==> Building model..
[2025/09/23 11:01:33] - Test Loss 	 Test Acc 	 PGD Loss 	 PGD Acc
[2025/09/23 11:01:33] - 3.3878 	 	 0.4666 	 3.7584 	 0.2343
[2025/09/23 11:03:55] - 60 	 136.8 	 	 0.1000 	 4.9873 	 0.3104
[2025/09/23 11:03:55] - ==> Building model..
[2025/09/23 11:04:48] - Test Loss 	 Test Acc 	 PGD Loss 	 PGD Acc
[2025/09/23 11:04:48] - 3.3857 	 	 0.4677 	 3.7574 	 0.2338
[2025/09/23 11:07:10] - 61 	 136.9 	 	 0.1000 	 4.9873 	 0.3097
[2025/09/23 11:07:10] - ==> Building model..
[2025/09/23 11:08:02] - Test Loss 	 Test Acc 	 PGD Loss 	 PGD Acc
[2025/09/23 11:08:02] - 3.3853 	 	 0.4679 	 3.7575 	 0.2341
[2025/09/23 11:10:25] - 62 	 137.5 	 	 0.1000 	 4.9873 	 0.3103
[2025/09/23 11:10:25] - ==> Building model..
[2025/09/23 11:11:18] - Test Loss 	 Test Acc 	 PGD Loss 	 PGD Acc
[2025/09/23 11:11:18] - 3.3837 	 	 0.4704 	 3.7566 	 0.2348
[2025/09/23 11:13:40] - 63 	 136.8 	 	 0.1000 	 4.9869 	 0.3120
[2025/09/23 11:13:40] - ==> Building model..
[2025/09/23 11:14:33] - Test Loss 	 Test Acc 	 PGD Loss 	 PGD Acc
[2025/09/23 11:14:33] - 3.3830 	 	 0.4700 	 3.7558 	 0.2353
[2025/09/23 11:16:55] - 64 	 136.9 	 	 0.1000 	 4.9866 	 0.3117
[2025/09/23 11:16:55] - ==> Building model..
[2025/09/23 11:17:48] - Test Loss 	 Test Acc 	 PGD Loss 	 PGD Acc
[2025/09/23 11:17:48] - 3.3830 	 	 0.4698 	 3.7559 	 0.2351
[2025/09/23 11:20:10] - 65 	 137.1 	 	 0.1000 	 4.9863 	 0.3106
[2025/09/23 11:20:10] - ==> Building model..
[2025/09/23 11:21:03] - Test Loss 	 Test Acc 	 PGD Loss 	 PGD Acc
[2025/09/23 11:21:03] - 3.3829 	 	 0.4701 	 3.7554 	 0.2357
[2025/09/23 11:23:25] - 66 	 136.9 	 	 0.1000 	 4.9861 	 0.3112
[2025/09/23 11:23:25] - ==> Building model..
[2025/09/23 11:24:18] - Test Loss 	 Test Acc 	 PGD Loss 	 PGD Acc
[2025/09/23 11:24:18] - 3.3824 	 	 0.4711 	 3.7551 	 0.2363
[2025/09/23 11:26:40] - 67 	 136.9 	 	 0.1000 	 4.9868 	 0.3117
[2025/09/23 11:26:40] - ==> Building model..
[2025/09/23 11:27:33] - Test Loss 	 Test Acc 	 PGD Loss 	 PGD Acc
[2025/09/23 11:27:33] - 3.3823 	 	 0.4712 	 3.7550 	 0.2355
[2025/09/23 11:29:55] - 68 	 136.9 	 	 0.1000 	 4.9857 	 0.3124
[2025/09/23 11:29:55] - ==> Building model..
[2025/09/23 11:30:48] - Test Loss 	 Test Acc 	 PGD Loss 	 PGD Acc
[2025/09/23 11:30:48] - 3.3820 	 	 0.4700 	 3.7543 	 0.2354
[2025/09/23 11:33:09] - 69 	 136.7 	 	 0.1000 	 4.9860 	 0.3114
[2025/09/23 11:33:09] - ==> Building model..
[2025/09/23 11:34:02] - Test Loss 	 Test Acc 	 PGD Loss 	 PGD Acc
[2025/09/23 11:34:02] - 3.3813 	 	 0.4703 	 3.7534 	 0.2358
[2025/09/23 11:36:23] - 70 	 136.9 	 	 0.1000 	 4.9852 	 0.3126
[2025/09/23 11:36:23] - ==> Building model..
[2025/09/23 11:37:16] - Test Loss 	 Test Acc 	 PGD Loss 	 PGD Acc
[2025/09/23 11:37:16] - 3.3802 	 	 0.4700 	 3.7528 	 0.2368
[2025/09/23 11:39:38] - 71 	 136.6 	 	 0.1000 	 4.9846 	 0.3126
[2025/09/23 11:39:38] - ==> Building model..
[2025/09/23 11:40:31] - Test Loss 	 Test Acc 	 PGD Loss 	 PGD Acc
[2025/09/23 11:40:31] - 3.3782 	 	 0.4702 	 3.7508 	 0.2360
[2025/09/23 11:42:52] - 72 	 136.7 	 	 0.1000 	 4.9843 	 0.3130
[2025/09/23 11:42:52] - ==> Building model..
[2025/09/23 11:43:45] - Test Loss 	 Test Acc 	 PGD Loss 	 PGD Acc
[2025/09/23 11:43:45] - 3.3775 	 	 0.4707 	 3.7507 	 0.2364
[2025/09/23 11:46:07] - 73 	 136.8 	 	 0.1000 	 4.9838 	 0.3134
[2025/09/23 11:46:07] - ==> Building model..
[2025/09/23 11:47:00] - Test Loss 	 Test Acc 	 PGD Loss 	 PGD Acc
[2025/09/23 11:47:00] - 3.3759 	 	 0.4707 	 3.7487 	 0.2364
[2025/09/23 11:49:21] - 74 	 137.0 	 	 0.1000 	 4.9840 	 0.3140
[2025/09/23 11:49:21] - ==> Building model..
[2025/09/23 11:50:14] - Test Loss 	 Test Acc 	 PGD Loss 	 PGD Acc
[2025/09/23 11:50:14] - 3.3745 	 	 0.4710 	 3.7478 	 0.2366
[2025/09/23 11:52:36] - 75 	 136.8 	 	 0.1000 	 4.9825 	 0.3153
[2025/09/23 11:52:36] - ==> Building model..
[2025/09/23 11:53:29] - Test Loss 	 Test Acc 	 PGD Loss 	 PGD Acc
[2025/09/23 11:53:29] - 3.3725 	 	 0.4716 	 3.7468 	 0.2362
[2025/09/23 11:55:50] - 76 	 136.6 	 	 0.1000 	 4.9829 	 0.3162
[2025/09/23 11:55:50] - ==> Building model..
[2025/09/23 11:56:43] - Test Loss 	 Test Acc 	 PGD Loss 	 PGD Acc
[2025/09/23 11:56:43] - 3.3717 	 	 0.4715 	 3.7464 	 0.2367
[2025/09/23 11:59:04] - 77 	 136.3 	 	 0.1000 	 4.9822 	 0.3167
[2025/09/23 11:59:04] - ==> Building model..
[2025/09/23 11:59:57] - Test Loss 	 Test Acc 	 PGD Loss 	 PGD Acc
[2025/09/23 11:59:57] - 3.3705 	 	 0.4716 	 3.7455 	 0.2371
[2025/09/23 12:02:18] - 78 	 136.6 	 	 0.1000 	 4.9829 	 0.3146
[2025/09/23 12:02:18] - ==> Building model..
[2025/09/23 12:03:11] - Test Loss 	 Test Acc 	 PGD Loss 	 PGD Acc
[2025/09/23 12:03:11] - 3.3686 	 	 0.4712 	 3.7440 	 0.2372
[2025/09/23 12:05:32] - 79 	 136.5 	 	 0.1000 	 4.9823 	 0.3151
[2025/09/23 12:05:32] - ==> Building model..
[2025/09/23 12:06:25] - Test Loss 	 Test Acc 	 PGD Loss 	 PGD Acc
[2025/09/23 12:06:25] - 3.3671 	 	 0.4714 	 3.7425 	 0.2362
[2025/09/23 12:08:45] - 80 	 135.8 	 	 0.1000 	 4.9820 	 0.3171
[2025/09/23 12:08:45] - ==> Building model..
[2025/09/23 12:09:38] - Test Loss 	 Test Acc 	 PGD Loss 	 PGD Acc
[2025/09/23 12:09:38] - 3.3658 	 	 0.4708 	 3.7416 	 0.2370
[2025/09/23 12:11:59] - 81 	 136.5 	 	 0.1000 	 4.9814 	 0.3168
[2025/09/23 12:11:59] - ==> Building model..
[2025/09/23 12:12:52] - Test Loss 	 Test Acc 	 PGD Loss 	 PGD Acc
[2025/09/23 12:12:52] - 3.3640 	 	 0.4709 	 3.7402 	 0.2377
[2025/09/23 12:15:13] - 82 	 136.6 	 	 0.1000 	 4.9817 	 0.3162
[2025/09/23 12:15:13] - ==> Building model..
[2025/09/23 12:16:06] - Test Loss 	 Test Acc 	 PGD Loss 	 PGD Acc
[2025/09/23 12:16:06] - 3.3629 	 	 0.4705 	 3.7398 	 0.2376
[2025/09/23 12:18:27] - 83 	 136.4 	 	 0.1000 	 4.9817 	 0.3150
[2025/09/23 12:18:27] - ==> Building model..
[2025/09/23 12:19:20] - Test Loss 	 Test Acc 	 PGD Loss 	 PGD Acc
[2025/09/23 12:19:20] - 3.3616 	 	 0.4710 	 3.7388 	 0.2375
[2025/09/23 12:21:41] - 84 	 136.5 	 	 0.1000 	 4.9818 	 0.3157
[2025/09/23 12:21:41] - ==> Building model..
[2025/09/23 12:22:34] - Test Loss 	 Test Acc 	 PGD Loss 	 PGD Acc
[2025/09/23 12:22:34] - 3.3606 	 	 0.4707 	 3.7381 	 0.2361
[2025/09/23 12:24:55] - 85 	 136.5 	 	 0.1000 	 4.9812 	 0.3174
[2025/09/23 12:24:55] - ==> Building model..
[2025/09/23 12:25:48] - Test Loss 	 Test Acc 	 PGD Loss 	 PGD Acc
[2025/09/23 12:25:48] - 3.3591 	 	 0.4713 	 3.7370 	 0.2361
[2025/09/23 12:28:09] - 86 	 136.5 	 	 0.1000 	 4.9806 	 0.3161
[2025/09/23 12:28:09] - ==> Building model..
[2025/09/23 12:29:02] - Test Loss 	 Test Acc 	 PGD Loss 	 PGD Acc
[2025/09/23 12:29:02] - 3.3573 	 	 0.4709 	 3.7360 	 0.2369
[2025/09/23 12:31:24] - 87 	 136.5 	 	 0.1000 	 4.9806 	 0.3163
[2025/09/23 12:31:24] - ==> Building model..
[2025/09/23 12:32:16] - Test Loss 	 Test Acc 	 PGD Loss 	 PGD Acc
[2025/09/23 12:32:16] - 3.3555 	 	 0.4711 	 3.7351 	 0.2372
[2025/09/23 12:34:37] - 88 	 136.5 	 	 0.1000 	 4.9805 	 0.3180
[2025/09/23 12:34:37] - ==> Building model..
[2025/09/23 12:35:30] - Test Loss 	 Test Acc 	 PGD Loss 	 PGD Acc
[2025/09/23 12:35:30] - 3.3542 	 	 0.4718 	 3.7349 	 0.2370
[2025/09/23 12:37:52] - 89 	 137.1 	 	 0.1000 	 4.9800 	 0.3185
[2025/09/23 12:37:52] - ==> Building model..
[2025/09/23 12:38:45] - Test Loss 	 Test Acc 	 PGD Loss 	 PGD Acc
[2025/09/23 12:38:45] - 3.3520 	 	 0.4718 	 3.7337 	 0.2364
[2025/09/23 12:41:06] - 90 	 136.6 	 	 0.1000 	 4.9795 	 0.3189
[2025/09/23 12:41:06] - ==> Building model..
[2025/09/23 12:41:59] - Test Loss 	 Test Acc 	 PGD Loss 	 PGD Acc
[2025/09/23 12:41:59] - 3.3503 	 	 0.4738 	 3.7326 	 0.2372
[2025/09/23 12:44:24] - 91 	 140.0 	 	 0.1000 	 4.9801 	 0.3196
[2025/09/23 12:44:24] - ==> Building model..
[2025/09/23 12:45:20] - Test Loss 	 Test Acc 	 PGD Loss 	 PGD Acc
[2025/09/23 12:45:20] - 3.3494 	 	 0.4741 	 3.7320 	 0.2364
[2025/09/23 12:47:51] - 92 	 146.1 	 	 0.1000 	 4.9801 	 0.3165
[2025/09/23 12:47:51] - ==> Building model..
[2025/09/23 12:48:47] - Test Loss 	 Test Acc 	 PGD Loss 	 PGD Acc
[2025/09/23 12:48:47] - 3.3469 	 	 0.4736 	 3.7304 	 0.2358
[2025/09/23 12:51:18] - 93 	 145.9 	 	 0.1000 	 4.9788 	 0.3194
[2025/09/23 12:51:18] - ==> Building model..
[2025/09/23 12:52:14] - Test Loss 	 Test Acc 	 PGD Loss 	 PGD Acc
[2025/09/23 12:52:14] - 3.3452 	 	 0.4745 	 3.7293 	 0.2361
[2025/09/23 12:54:45] - 94 	 146.1 	 	 0.1000 	 4.9800 	 0.3187
[2025/09/23 12:54:45] - ==> Building model..
[2025/09/23 12:55:41] - Test Loss 	 Test Acc 	 PGD Loss 	 PGD Acc
[2025/09/23 12:55:41] - 3.3442 	 	 0.4748 	 3.7280 	 0.2356
[2025/09/23 12:58:12] - 95 	 146.2 	 	 0.1000 	 4.9797 	 0.3190
[2025/09/23 12:58:12] - ==> Building model..
[2025/09/23 12:59:08] - Test Loss 	 Test Acc 	 PGD Loss 	 PGD Acc
[2025/09/23 12:59:08] - 3.3432 	 	 0.4745 	 3.7281 	 0.2370
[2025/09/23 13:01:39] - 96 	 145.7 	 	 0.1000 	 4.9790 	 0.3195
[2025/09/23 13:01:39] - ==> Building model..
[2025/09/23 13:02:35] - Test Loss 	 Test Acc 	 PGD Loss 	 PGD Acc
[2025/09/23 13:02:35] - 3.3418 	 	 0.4756 	 3.7274 	 0.2370
[2025/09/23 13:05:05] - 97 	 145.6 	 	 0.1000 	 4.9799 	 0.3194
[2025/09/23 13:05:05] - ==> Building model..
[2025/09/23 13:06:02] - Test Loss 	 Test Acc 	 PGD Loss 	 PGD Acc
[2025/09/23 13:06:02] - 3.3399 	 	 0.4761 	 3.7260 	 0.2368
[2025/09/23 13:08:32] - 98 	 145.5 	 	 0.1000 	 4.9793 	 0.3182
[2025/09/23 13:08:32] - ==> Building model..
[2025/09/23 13:09:28] - Test Loss 	 Test Acc 	 PGD Loss 	 PGD Acc
[2025/09/23 13:09:28] - 3.3391 	 	 0.4758 	 3.7255 	 0.2384
[2025/09/23 13:11:51] - 99 	 137.1 	 	 0.0100 	 4.8804 	 0.4472
[2025/09/23 13:11:51] - ==> Building model..
[2025/09/23 13:12:43] - Test Loss 	 Test Acc 	 PGD Loss 	 PGD Acc
[2025/09/23 13:12:43] - 3.3388 	 	 0.4758 	 3.7259 	 0.2381
[2025/09/23 13:15:04] - 100 	 135.6 	 	 0.0100 	 4.8125 	 0.5408
[2025/09/23 13:15:04] - ==> Building model..
[2025/09/23 13:15:56] - Test Loss 	 Test Acc 	 PGD Loss 	 PGD Acc
[2025/09/23 13:15:56] - 3.3388 	 	 0.4758 	 3.7260 	 0.2379
[2025/09/23 13:18:17] - 101 	 135.7 	 	 0.0100 	 4.7868 	 0.5813
[2025/09/23 13:18:17] - ==> Building model..
[2025/09/23 13:19:10] - Test Loss 	 Test Acc 	 PGD Loss 	 PGD Acc
[2025/09/23 13:19:10] - 3.3388 	 	 0.4758 	 3.7259 	 0.2388
[2025/09/23 13:21:30] - 102 	 135.7 	 	 0.0100 	 4.7656 	 0.6168
[2025/09/23 13:21:30] - ==> Building model..
[2025/09/23 13:22:23] - Test Loss 	 Test Acc 	 PGD Loss 	 PGD Acc
[2025/09/23 13:22:23] - 3.3388 	 	 0.4758 	 3.7261 	 0.2377
[2025/09/23 13:24:44] - 103 	 136.1 	 	 0.0100 	 4.7476 	 0.6482
[2025/09/23 13:24:44] - ==> Building model..
[2025/09/23 13:25:37] - Test Loss 	 Test Acc 	 PGD Loss 	 PGD Acc
[2025/09/23 13:25:37] - 3.3388 	 	 0.4758 	 3.7259 	 0.2386
[2025/09/23 13:27:57] - 104 	 135.8 	 	 0.0010 	 4.7017 	 0.7238
[2025/09/23 13:27:57] - ==> Building model..
[2025/09/23 13:28:50] - Test Loss 	 Test Acc 	 PGD Loss 	 PGD Acc
[2025/09/23 13:28:50] - 3.3388 	 	 0.4758 	 3.7254 	 0.2384
[2025/09/23 13:31:11] - 105 	 135.8 	 	 0.0010 	 4.6809 	 0.7555
[2025/09/23 13:31:11] - ==> Building model..
[2025/09/23 13:32:04] - Test Loss 	 Test Acc 	 PGD Loss 	 PGD Acc
[2025/09/23 13:32:04] - 3.3388 	 	 0.4758 	 3.7254 	 0.2382
[2025/09/23 13:34:24] - 106 	 135.7 	 	 0.0010 	 4.6751 	 0.7654
[2025/09/23 13:34:24] - ==> Building model..
[2025/09/23 13:35:17] - Test Loss 	 Test Acc 	 PGD Loss 	 PGD Acc
[2025/09/23 13:35:17] - 3.3388 	 	 0.4758 	 3.7257 	 0.2382
[2025/09/23 13:37:37] - 107 	 135.5 	 	 0.0010 	 4.6702 	 0.7747
[2025/09/23 13:37:37] - ==> Building model..
[2025/09/23 13:38:30] - Test Loss 	 Test Acc 	 PGD Loss 	 PGD Acc
[2025/09/23 13:38:30] - 3.3388 	 	 0.4758 	 3.7259 	 0.2378
[2025/09/23 13:40:51] - 108 	 136.2 	 	 0.0010 	 4.6658 	 0.7826
[2025/09/23 13:40:51] - ==> Building model..
[2025/09/23 13:41:43] - Test Loss 	 Test Acc 	 PGD Loss 	 PGD Acc
[2025/09/23 13:41:43] - 3.3388 	 	 0.4758 	 3.7258 	 0.2378
[2025/09/23 13:44:04] - 109 	 135.8 	 	 0.0010 	 4.6613 	 0.7885
[2025/09/23 13:44:04] - ==> Building model..
[2025/09/23 13:44:57] - Test Loss 	 Test Acc 	 PGD Loss 	 PGD Acc
[2025/09/23 13:44:57] - 3.3388 	 	 0.4758 	 3.7257 	 0.2379
[2025/09/23 13:44:57] - [0.0871, 0.1458, 0.1897, 0.2165, 0.2342, 0.2433, 0.262, 0.2927, 0.3289, 0.3533, 0.3696, 0.3808, 0.3875, 0.3927, 0.3996, 0.4049, 0.4091, 0.4131, 0.4157, 0.4199, 0.4242, 0.4271, 0.4302, 0.4329, 0.4349, 0.437, 0.4366, 0.4383, 0.4405, 0.444, 0.4438, 0.4456, 0.4488, 0.4494, 0.4511, 0.4514, 0.4521, 0.4548, 0.4571, 0.4568, 0.4597, 0.4597, 0.4599, 0.4626, 0.4636, 0.4624, 0.4629, 0.4632, 0.4633, 0.4635, 0.4636, 0.4646, 0.4654, 0.4667, 0.4665, 0.4662, 0.4653, 0.4664, 0.467, 0.4666, 0.4677, 0.4679, 0.4704, 0.47, 0.4698, 0.4701, 0.4711, 0.4712, 0.47, 0.4703, 0.47, 0.4702, 0.4707, 0.4707, 0.471, 0.4716, 0.4715, 0.4716, 0.4712, 0.4714, 0.4708, 0.4709, 0.4705, 0.471, 0.4707, 0.4713, 0.4709, 0.4711, 0.4718, 0.4718, 0.4738, 0.4741, 0.4736, 0.4745, 0.4748, 0.4745, 0.4756, 0.4761, 0.4758, 0.4758, 0.4758, 0.4758, 0.4758, 0.4758, 0.4758, 0.4758, 0.4758, 0.4758, 0.4758, 0.4758]
[2025/09/23 13:44:57] - [0.0478, 0.0765, 0.0987, 0.1098, 0.1205, 0.1232, 0.1331, 0.1499, 0.1663, 0.1787, 0.188, 0.1925, 0.1964, 0.1978, 0.2016, 0.203, 0.2037, 0.2054, 0.2077, 0.2091, 0.2109, 0.2125, 0.2138, 0.214, 0.216, 0.2171, 0.2185, 0.2193, 0.2202, 0.2207, 0.2212, 0.2228, 0.2226, 0.2244, 0.2238, 0.2234, 0.2246, 0.2252, 0.2248, 0.226, 0.2273, 0.2276, 0.2276, 0.2279, 0.2294, 0.229, 0.23, 0.2294, 0.2293, 0.2294, 0.2304, 0.2321, 0.2322, 0.232, 0.2332, 0.2332, 0.2332, 0.2335, 0.2344, 0.2343, 0.2338, 0.2341, 0.2348, 0.2353, 0.2351, 0.2357, 0.2363, 0.2355, 0.2354, 0.2358, 0.2368, 0.236, 0.2364, 0.2364, 0.2366, 0.2362, 0.2367, 0.2371, 0.2372, 0.2362, 0.237, 0.2377, 0.2376, 0.2375, 0.2361, 0.2361, 0.2369, 0.2372, 0.237, 0.2364, 0.2372, 0.2364, 0.2358, 0.2361, 0.2356, 0.237, 0.237, 0.2368, 0.2384, 0.2381, 0.2379, 0.2388, 0.2377, 0.2386, 0.2384, 0.2382, 0.2382, 0.2378, 0.2378, 0.2379]
