[2025/09/21 13:47:06] - Namespace(batch_size=128, data_dir='cifar-data', epochs=100, lr_schedule='multistep', lr_min=0.0, lr_max=0.2, weight_decay=0.0005, momentum=0.9, model='ResNet18', epsilon=8, alpha=8, delta_init='random', normal_mean=0, normal_std=1, out_dir='./output/CIFAR100/beta_0.6', seed=0, lamda=42, lam_scale=0.1, lam_start=50, gamma=0.05, inner_gamma=0.05, beta=0.6, mu=3.5, batch_m=0.75, early_stop=False, factor=0.5, length=4, n_holes=1, c_num=0.125, EMA_value=0.55)
[2025/09/21 13:47:08] - ==> Building model..
[2025/09/21 13:47:08] - Epoch 	 Seconds 	 LR 	 	 Train Loss 	 Train Acc
[2025/09/21 13:48:26] - 0 	 50.0 	 	 0.0100 	 4.6435 	 0.0262
[2025/09/21 13:48:26] - ==> Building model..
[2025/09/21 13:49:04] - Test Loss 	 Test Acc 	 PGD Loss 	 PGD Acc
[2025/09/21 13:49:04] - 4.2700 	 	 0.0813 	 4.2890 	 0.0452
[2025/09/21 13:50:16] - 1 	 44.0 	 	 0.0199 	 4.4892 	 0.0648
[2025/09/21 13:50:16] - ==> Building model..
[2025/09/21 13:50:52] - Test Loss 	 Test Acc 	 PGD Loss 	 PGD Acc
[2025/09/21 13:50:52] - 4.0350 	 	 0.1289 	 4.0676 	 0.0765
[2025/09/21 13:52:08] - 2 	 47.9 	 	 0.0299 	 4.4317 	 0.0965
[2025/09/21 13:52:08] - ==> Building model..
[2025/09/21 13:52:44] - Test Loss 	 Test Acc 	 PGD Loss 	 PGD Acc
[2025/09/21 13:52:44] - 3.8753 	 	 0.1787 	 3.9222 	 0.1052
[2025/09/21 13:54:02] - 3 	 49.0 	 	 0.0399 	 4.3862 	 0.1175
[2025/09/21 13:54:02] - ==> Building model..
[2025/09/21 13:54:36] - Test Loss 	 Test Acc 	 PGD Loss 	 PGD Acc
[2025/09/21 13:54:36] - 3.6880 	 	 0.2202 	 3.7566 	 0.1262
[2025/09/21 13:55:53] - 4 	 48.6 	 	 0.0499 	 4.3479 	 0.1397
[2025/09/21 13:55:53] - ==> Building model..
[2025/09/21 13:56:25] - Test Loss 	 Test Acc 	 PGD Loss 	 PGD Acc
[2025/09/21 13:56:25] - 3.5619 	 	 0.2485 	 3.6467 	 0.1414
[2025/09/21 13:57:42] - 5 	 49.0 	 	 0.0598 	 4.3116 	 0.1580
[2025/09/21 13:57:42] - ==> Building model..
[2025/09/21 13:58:19] - Test Loss 	 Test Acc 	 PGD Loss 	 PGD Acc
[2025/09/21 13:58:19] - 3.4360 	 	 0.2814 	 3.5410 	 0.1604
[2025/09/21 13:59:36] - 6 	 49.1 	 	 0.0698 	 4.2747 	 0.1754
[2025/09/21 13:59:36] - ==> Building model..
[2025/09/21 14:00:13] - Test Loss 	 Test Acc 	 PGD Loss 	 PGD Acc
[2025/09/21 14:00:13] - 3.3099 	 	 0.3147 	 3.4374 	 0.1768
[2025/09/21 14:01:29] - 7 	 48.5 	 	 0.0798 	 4.2401 	 0.1949
[2025/09/21 14:01:29] - ==> Building model..
[2025/09/21 14:02:07] - Test Loss 	 Test Acc 	 PGD Loss 	 PGD Acc
[2025/09/21 14:02:07] - 3.1998 	 	 0.3484 	 3.3507 	 0.1909
[2025/09/21 14:03:22] - 8 	 47.1 	 	 0.0898 	 4.2080 	 0.2132
[2025/09/21 14:03:22] - ==> Building model..
[2025/09/21 14:03:58] - Test Loss 	 Test Acc 	 PGD Loss 	 PGD Acc
[2025/09/21 14:03:58] - 3.0867 	 	 0.3778 	 3.2617 	 0.2055
[2025/09/21 14:05:15] - 9 	 48.8 	 	 0.0997 	 4.1814 	 0.2288
[2025/09/21 14:05:15] - ==> Building model..
[2025/09/21 14:05:52] - Test Loss 	 Test Acc 	 PGD Loss 	 PGD Acc
[2025/09/21 14:05:52] - 3.0167 	 	 0.4008 	 3.2087 	 0.2150
[2025/09/21 14:07:08] - 10 	 47.9 	 	 0.1097 	 4.1587 	 0.2383
[2025/09/21 14:07:08] - ==> Building model..
[2025/09/21 14:07:44] - Test Loss 	 Test Acc 	 PGD Loss 	 PGD Acc
[2025/09/21 14:07:44] - 2.9659 	 	 0.4223 	 3.1743 	 0.2246
[2025/09/21 14:09:00] - 11 	 46.5 	 	 0.1197 	 4.1418 	 0.2482
[2025/09/21 14:09:00] - ==> Building model..
[2025/09/21 14:09:36] - Test Loss 	 Test Acc 	 PGD Loss 	 PGD Acc
[2025/09/21 14:09:36] - 2.9333 	 	 0.4352 	 3.1520 	 0.2302
[2025/09/21 14:10:53] - 12 	 48.5 	 	 0.1297 	 4.1236 	 0.2584
[2025/09/21 14:10:53] - ==> Building model..
[2025/09/21 14:11:30] - Test Loss 	 Test Acc 	 PGD Loss 	 PGD Acc
[2025/09/21 14:11:30] - 2.9337 	 	 0.4463 	 3.1578 	 0.2354
[2025/09/21 14:12:46] - 13 	 47.8 	 	 0.1396 	 4.1117 	 0.2646
[2025/09/21 14:12:46] - ==> Building model..
[2025/09/21 14:13:24] - Test Loss 	 Test Acc 	 PGD Loss 	 PGD Acc
[2025/09/21 14:13:24] - 2.9483 	 	 0.4509 	 3.1750 	 0.2386
[2025/09/21 14:14:39] - 14 	 46.6 	 	 0.1496 	 4.0976 	 0.2738
[2025/09/21 14:14:39] - ==> Building model..
[2025/09/21 14:15:13] - Test Loss 	 Test Acc 	 PGD Loss 	 PGD Acc
[2025/09/21 14:15:13] - 3.0046 	 	 0.4493 	 3.2247 	 0.2382
[2025/09/21 14:16:28] - 15 	 45.6 	 	 0.1596 	 4.0848 	 0.2814
[2025/09/21 14:16:28] - ==> Building model..
[2025/09/21 14:17:08] - Test Loss 	 Test Acc 	 PGD Loss 	 PGD Acc
[2025/09/21 14:17:08] - 3.0870 	 	 0.4394 	 3.2958 	 0.2317
[2025/09/21 14:18:24] - 16 	 46.9 	 	 0.1696 	 4.0763 	 0.2846
[2025/09/21 14:18:24] - ==> Building model..
[2025/09/21 14:19:03] - Test Loss 	 Test Acc 	 PGD Loss 	 PGD Acc
[2025/09/21 14:19:03] - 3.1756 	 	 0.4258 	 3.3698 	 0.2252
[2025/09/21 14:20:17] - 17 	 44.5 	 	 0.1795 	 4.0707 	 0.2882
[2025/09/21 14:20:17] - ==> Building model..
[2025/09/21 14:20:56] - Test Loss 	 Test Acc 	 PGD Loss 	 PGD Acc
[2025/09/21 14:20:56] - 3.2492 	 	 0.4127 	 3.4314 	 0.2151
[2025/09/21 14:22:09] - 18 	 44.4 	 	 0.1895 	 4.0643 	 0.2897
[2025/09/21 14:22:09] - ==> Building model..
[2025/09/21 14:22:46] - Test Loss 	 Test Acc 	 PGD Loss 	 PGD Acc
[2025/09/21 14:22:46] - 3.2633 	 	 0.4114 	 3.4444 	 0.2123
[2025/09/21 14:24:02] - 19 	 47.6 	 	 0.1995 	 4.0599 	 0.2961
[2025/09/21 14:24:02] - ==> Building model..
[2025/09/21 14:24:38] - Test Loss 	 Test Acc 	 PGD Loss 	 PGD Acc
[2025/09/21 14:24:38] - 3.2185 	 	 0.4234 	 3.4095 	 0.2202
[2025/09/21 14:25:54] - 20 	 48.1 	 	 0.1976 	 4.0530 	 0.2993
[2025/09/21 14:25:54] - ==> Building model..
[2025/09/21 14:26:28] - Test Loss 	 Test Acc 	 PGD Loss 	 PGD Acc
[2025/09/21 14:26:28] - 3.1524 	 	 0.4381 	 3.3563 	 0.2287
[2025/09/21 14:27:45] - 21 	 49.7 	 	 0.1951 	 4.0455 	 0.3051
[2025/09/21 14:27:45] - ==> Building model..
[2025/09/21 14:28:16] - Test Loss 	 Test Acc 	 PGD Loss 	 PGD Acc
[2025/09/21 14:28:16] - 3.0718 	 	 0.4527 	 3.2907 	 0.2390
[2025/09/21 14:29:32] - 22 	 48.9 	 	 0.1926 	 4.0399 	 0.3083
[2025/09/21 14:29:32] - ==> Building model..
[2025/09/21 14:30:11] - Test Loss 	 Test Acc 	 PGD Loss 	 PGD Acc
[2025/09/21 14:30:11] - 2.9765 	 	 0.4671 	 3.2133 	 0.2508
[2025/09/21 14:31:30] - 23 	 49.2 	 	 0.1902 	 4.0337 	 0.3106
[2025/09/21 14:31:30] - ==> Building model..
[2025/09/21 14:32:06] - Test Loss 	 Test Acc 	 PGD Loss 	 PGD Acc
[2025/09/21 14:32:06] - 2.8840 	 	 0.4838 	 3.1391 	 0.2610
[2025/09/21 14:33:22] - 24 	 47.9 	 	 0.1877 	 4.0251 	 0.3154
[2025/09/21 14:33:22] - ==> Building model..
[2025/09/21 14:33:59] - Test Loss 	 Test Acc 	 PGD Loss 	 PGD Acc
[2025/09/21 14:33:59] - 2.7873 	 	 0.4998 	 3.0599 	 0.2681
[2025/09/21 14:35:13] - 25 	 45.1 	 	 0.1852 	 4.0173 	 0.3226
[2025/09/21 14:35:13] - ==> Building model..
[2025/09/21 14:35:49] - Test Loss 	 Test Acc 	 PGD Loss 	 PGD Acc
[2025/09/21 14:35:49] - 2.7194 	 	 0.5102 	 3.0045 	 0.2731
[2025/09/21 14:37:07] - 26 	 49.5 	 	 0.1827 	 4.0129 	 0.3224
[2025/09/21 14:37:07] - ==> Building model..
[2025/09/21 14:37:43] - Test Loss 	 Test Acc 	 PGD Loss 	 PGD Acc
[2025/09/21 14:37:43] - 2.6510 	 	 0.5188 	 2.9485 	 0.2751
[2025/09/21 14:38:58] - 27 	 46.5 	 	 0.1802 	 4.0072 	 0.3285
[2025/09/21 14:38:58] - ==> Building model..
[2025/09/21 14:39:36] - Test Loss 	 Test Acc 	 PGD Loss 	 PGD Acc
[2025/09/21 14:39:36] - 2.6073 	 	 0.5268 	 2.9135 	 0.2791
[2025/09/21 14:40:51] - 28 	 46.2 	 	 0.1777 	 4.0032 	 0.3283
[2025/09/21 14:40:51] - ==> Building model..
[2025/09/21 14:41:29] - Test Loss 	 Test Acc 	 PGD Loss 	 PGD Acc
[2025/09/21 14:41:29] - 2.5663 	 	 0.5316 	 2.8795 	 0.2818
[2025/09/21 14:42:44] - 29 	 46.8 	 	 0.1752 	 3.9975 	 0.3335
[2025/09/21 14:42:44] - ==> Building model..
[2025/09/21 14:43:23] - Test Loss 	 Test Acc 	 PGD Loss 	 PGD Acc
[2025/09/21 14:43:23] - 2.5252 	 	 0.5373 	 2.8471 	 0.2846
[2025/09/21 14:44:39] - 30 	 46.7 	 	 0.1727 	 3.9929 	 0.3350
[2025/09/21 14:44:39] - ==> Building model..
[2025/09/21 14:45:17] - Test Loss 	 Test Acc 	 PGD Loss 	 PGD Acc
[2025/09/21 14:45:17] - 2.4911 	 	 0.5413 	 2.8197 	 0.2849
[2025/09/21 14:46:34] - 31 	 46.4 	 	 0.1702 	 3.9883 	 0.3378
[2025/09/21 14:46:34] - ==> Building model..
[2025/09/21 14:47:09] - Test Loss 	 Test Acc 	 PGD Loss 	 PGD Acc
[2025/09/21 14:47:09] - 2.4672 	 	 0.5446 	 2.8011 	 0.2882
[2025/09/21 14:48:24] - 32 	 45.6 	 	 0.1677 	 3.9820 	 0.3436
[2025/09/21 14:48:24] - ==> Building model..
[2025/09/21 14:49:02] - Test Loss 	 Test Acc 	 PGD Loss 	 PGD Acc
[2025/09/21 14:49:02] - 2.4410 	 	 0.5486 	 2.7798 	 0.2889
[2025/09/21 14:50:19] - 33 	 46.8 	 	 0.1652 	 3.9789 	 0.3425
[2025/09/21 14:50:19] - ==> Building model..
[2025/09/21 14:50:56] - Test Loss 	 Test Acc 	 PGD Loss 	 PGD Acc
[2025/09/21 14:50:56] - 2.4156 	 	 0.5535 	 2.7602 	 0.2902
[2025/09/21 14:52:12] - 34 	 46.6 	 	 0.1627 	 3.9738 	 0.3478
[2025/09/21 14:52:12] - ==> Building model..
[2025/09/21 14:52:49] - Test Loss 	 Test Acc 	 PGD Loss 	 PGD Acc
[2025/09/21 14:52:49] - 2.3982 	 	 0.5558 	 2.7464 	 0.2926
[2025/09/21 14:54:03] - 35 	 44.6 	 	 0.1602 	 3.9682 	 0.3515
[2025/09/21 14:54:03] - ==> Building model..
[2025/09/21 14:54:39] - Test Loss 	 Test Acc 	 PGD Loss 	 PGD Acc
[2025/09/21 14:54:39] - 2.3816 	 	 0.5558 	 2.7336 	 0.2926
[2025/09/21 14:55:58] - 36 	 49.0 	 	 0.1577 	 3.9648 	 0.3524
[2025/09/21 14:55:58] - ==> Building model..
[2025/09/21 14:56:34] - Test Loss 	 Test Acc 	 PGD Loss 	 PGD Acc
[2025/09/21 14:56:34] - 2.3693 	 	 0.5592 	 2.7243 	 0.2925
[2025/09/21 14:57:50] - 37 	 47.5 	 	 0.1552 	 3.9596 	 0.3577
[2025/09/21 14:57:50] - ==> Building model..
[2025/09/21 14:58:26] - Test Loss 	 Test Acc 	 PGD Loss 	 PGD Acc
[2025/09/21 14:58:26] - 2.3585 	 	 0.5628 	 2.7164 	 0.2938
[2025/09/21 14:59:41] - 38 	 46.8 	 	 0.1527 	 3.9553 	 0.3589
[2025/09/21 14:59:41] - ==> Building model..
[2025/09/21 15:00:18] - Test Loss 	 Test Acc 	 PGD Loss 	 PGD Acc
[2025/09/21 15:00:18] - 2.3467 	 	 0.5642 	 2.7083 	 0.2949
[2025/09/21 15:01:35] - 39 	 48.8 	 	 0.1503 	 3.9523 	 0.3612
[2025/09/21 15:01:35] - ==> Building model..
[2025/09/21 15:02:11] - Test Loss 	 Test Acc 	 PGD Loss 	 PGD Acc
[2025/09/21 15:02:11] - 2.3387 	 	 0.5667 	 2.7017 	 0.2954
[2025/09/21 15:03:27] - 40 	 48.2 	 	 0.1478 	 3.9471 	 0.3646
[2025/09/21 15:03:27] - ==> Building model..
[2025/09/21 15:04:04] - Test Loss 	 Test Acc 	 PGD Loss 	 PGD Acc
[2025/09/21 15:04:04] - 2.3315 	 	 0.5673 	 2.6958 	 0.2965
[2025/09/21 15:05:20] - 41 	 48.0 	 	 0.1453 	 3.9464 	 0.3633
[2025/09/21 15:05:20] - ==> Building model..
[2025/09/21 15:05:56] - Test Loss 	 Test Acc 	 PGD Loss 	 PGD Acc
[2025/09/21 15:05:56] - 2.3214 	 	 0.5694 	 2.6881 	 0.2967
[2025/09/21 15:07:11] - 42 	 47.0 	 	 0.1428 	 3.9426 	 0.3671
[2025/09/21 15:07:11] - ==> Building model..
[2025/09/21 15:07:47] - Test Loss 	 Test Acc 	 PGD Loss 	 PGD Acc
[2025/09/21 15:07:47] - 2.3140 	 	 0.5709 	 2.6826 	 0.2963
[2025/09/21 15:09:03] - 43 	 48.1 	 	 0.1403 	 3.9372 	 0.3711
[2025/09/21 15:09:03] - ==> Building model..
[2025/09/21 15:09:40] - Test Loss 	 Test Acc 	 PGD Loss 	 PGD Acc
[2025/09/21 15:09:40] - 2.3070 	 	 0.5725 	 2.6777 	 0.2965
[2025/09/21 15:10:55] - 44 	 45.6 	 	 0.1378 	 3.9337 	 0.3713
[2025/09/21 15:10:55] - ==> Building model..
[2025/09/21 15:11:33] - Test Loss 	 Test Acc 	 PGD Loss 	 PGD Acc
[2025/09/21 15:11:33] - 2.2992 	 	 0.5754 	 2.6717 	 0.2974
[2025/09/21 15:12:46] - 45 	 43.2 	 	 0.1353 	 3.9273 	 0.3768
[2025/09/21 15:12:46] - ==> Building model..
[2025/09/21 15:13:24] - Test Loss 	 Test Acc 	 PGD Loss 	 PGD Acc
[2025/09/21 15:13:24] - 2.2941 	 	 0.5757 	 2.6683 	 0.2972
[2025/09/21 15:14:39] - 46 	 45.6 	 	 0.1328 	 3.9248 	 0.3811
[2025/09/21 15:14:39] - ==> Building model..
[2025/09/21 15:15:20] - Test Loss 	 Test Acc 	 PGD Loss 	 PGD Acc
[2025/09/21 15:15:20] - 2.2885 	 	 0.5771 	 2.6637 	 0.2992
[2025/09/21 15:16:36] - 47 	 45.9 	 	 0.1303 	 3.9220 	 0.3784
[2025/09/21 15:16:36] - ==> Building model..
[2025/09/21 15:17:14] - Test Loss 	 Test Acc 	 PGD Loss 	 PGD Acc
[2025/09/21 15:17:14] - 2.2803 	 	 0.5782 	 2.6576 	 0.3002
[2025/09/21 15:18:29] - 48 	 45.8 	 	 0.1278 	 3.9153 	 0.3854
[2025/09/21 15:18:29] - ==> Building model..
[2025/09/21 15:19:02] - Test Loss 	 Test Acc 	 PGD Loss 	 PGD Acc
[2025/09/21 15:19:02] - 2.2733 	 	 0.5787 	 2.6524 	 0.3009
[2025/09/21 15:20:18] - 49 	 46.0 	 	 0.1253 	 3.9113 	 0.3884
[2025/09/21 15:20:18] - ==> Building model..
[2025/09/21 15:20:56] - Test Loss 	 Test Acc 	 PGD Loss 	 PGD Acc
[2025/09/21 15:20:56] - 2.2684 	 	 0.5800 	 2.6479 	 0.3006
[2025/09/21 15:22:12] - 50 	 46.7 	 	 0.1228 	 3.9083 	 0.3875
[2025/09/21 15:22:12] - ==> Building model..
[2025/09/21 15:22:48] - Test Loss 	 Test Acc 	 PGD Loss 	 PGD Acc
[2025/09/21 15:22:48] - 2.2627 	 	 0.5810 	 2.6438 	 0.3020
[2025/09/21 15:24:03] - 51 	 45.9 	 	 0.1203 	 3.9043 	 0.3906
[2025/09/21 15:24:03] - ==> Building model..
[2025/09/21 15:24:41] - Test Loss 	 Test Acc 	 PGD Loss 	 PGD Acc
[2025/09/21 15:24:41] - 2.2570 	 	 0.5815 	 2.6395 	 0.3016
[2025/09/21 15:25:55] - 52 	 45.2 	 	 0.1178 	 3.9026 	 0.3907
[2025/09/21 15:25:55] - ==> Building model..
[2025/09/21 15:26:32] - Test Loss 	 Test Acc 	 PGD Loss 	 PGD Acc
[2025/09/21 15:26:32] - 2.2515 	 	 0.5843 	 2.6366 	 0.3020
[2025/09/21 15:27:48] - 53 	 48.5 	 	 0.1153 	 3.8971 	 0.3970
[2025/09/21 15:27:48] - ==> Building model..
[2025/09/21 15:28:25] - Test Loss 	 Test Acc 	 PGD Loss 	 PGD Acc
[2025/09/21 15:28:25] - 2.2481 	 	 0.5847 	 2.6334 	 0.3033
[2025/09/21 15:29:40] - 54 	 47.6 	 	 0.1129 	 3.8956 	 0.4015
[2025/09/21 15:29:40] - ==> Building model..
[2025/09/21 15:30:15] - Test Loss 	 Test Acc 	 PGD Loss 	 PGD Acc
[2025/09/21 15:30:15] - 2.2458 	 	 0.5857 	 2.6320 	 0.3032
[2025/09/21 15:31:28] - 55 	 45.4 	 	 0.1104 	 3.8911 	 0.4041
[2025/09/21 15:31:28] - ==> Building model..
[2025/09/21 15:31:49] - Test Loss 	 Test Acc 	 PGD Loss 	 PGD Acc
[2025/09/21 15:31:49] - 2.2428 	 	 0.5859 	 2.6287 	 0.3033
[2025/09/21 15:32:44] - 56 	 25.9 	 	 0.1079 	 3.8874 	 0.4057
[2025/09/21 15:32:44] - ==> Building model..
[2025/09/21 15:33:06] - Test Loss 	 Test Acc 	 PGD Loss 	 PGD Acc
[2025/09/21 15:33:06] - 2.2404 	 	 0.5868 	 2.6281 	 0.3036
[2025/09/21 15:34:12] - 57 	 36.6 	 	 0.1054 	 3.8840 	 0.4076
[2025/09/21 15:34:12] - ==> Building model..
[2025/09/21 15:34:48] - Test Loss 	 Test Acc 	 PGD Loss 	 PGD Acc
[2025/09/21 15:34:48] - 2.2386 	 	 0.5881 	 2.6259 	 0.3042
[2025/09/21 15:36:05] - 58 	 48.2 	 	 0.1029 	 3.8818 	 0.4120
[2025/09/21 15:36:05] - ==> Building model..
[2025/09/21 15:36:41] - Test Loss 	 Test Acc 	 PGD Loss 	 PGD Acc
[2025/09/21 15:36:41] - 2.2382 	 	 0.5883 	 2.6259 	 0.3044
[2025/09/21 15:37:57] - 59 	 47.6 	 	 0.1004 	 3.8777 	 0.4171
[2025/09/21 15:37:57] - ==> Building model..
[2025/09/21 15:38:31] - Test Loss 	 Test Acc 	 PGD Loss 	 PGD Acc
[2025/09/21 15:38:31] - 2.2377 	 	 0.5893 	 2.6249 	 0.3045
[2025/09/21 15:39:47] - 60 	 47.3 	 	 0.0979 	 3.8718 	 0.4192
[2025/09/21 15:39:47] - ==> Building model..
[2025/09/21 15:40:22] - Test Loss 	 Test Acc 	 PGD Loss 	 PGD Acc
[2025/09/21 15:40:22] - 2.2377 	 	 0.5892 	 2.6250 	 0.3057
[2025/09/21 15:41:37] - 61 	 45.6 	 	 0.0954 	 3.8714 	 0.4202
[2025/09/21 15:41:37] - ==> Building model..
[2025/09/21 15:42:16] - Test Loss 	 Test Acc 	 PGD Loss 	 PGD Acc
[2025/09/21 15:42:16] - 2.2387 	 	 0.5891 	 2.6263 	 0.3063
[2025/09/21 15:43:30] - 62 	 44.9 	 	 0.0929 	 3.8666 	 0.4271
[2025/09/21 15:43:30] - ==> Building model..
[2025/09/21 15:44:10] - Test Loss 	 Test Acc 	 PGD Loss 	 PGD Acc
[2025/09/21 15:44:10] - 2.2389 	 	 0.5891 	 2.6255 	 0.3066
[2025/09/21 15:45:24] - 63 	 45.1 	 	 0.0904 	 3.8637 	 0.4277
[2025/09/21 15:45:24] - ==> Building model..
[2025/09/21 15:46:05] - Test Loss 	 Test Acc 	 PGD Loss 	 PGD Acc
[2025/09/21 15:46:05] - 2.2397 	 	 0.5898 	 2.6258 	 0.3067
[2025/09/21 15:47:20] - 64 	 43.0 	 	 0.0879 	 3.8584 	 0.4333
[2025/09/21 15:47:20] - ==> Building model..
[2025/09/21 15:47:58] - Test Loss 	 Test Acc 	 PGD Loss 	 PGD Acc
[2025/09/21 15:47:58] - 2.2405 	 	 0.5895 	 2.6272 	 0.3065
[2025/09/21 15:49:12] - 65 	 45.4 	 	 0.0854 	 3.8556 	 0.4336
[2025/09/21 15:49:12] - ==> Building model..
[2025/09/21 15:49:49] - Test Loss 	 Test Acc 	 PGD Loss 	 PGD Acc
[2025/09/21 15:49:49] - 2.2417 	 	 0.5901 	 2.6275 	 0.3070
[2025/09/21 15:51:04] - 66 	 45.2 	 	 0.0829 	 3.8503 	 0.4389
[2025/09/21 15:51:04] - ==> Building model..
[2025/09/21 15:51:41] - Test Loss 	 Test Acc 	 PGD Loss 	 PGD Acc
[2025/09/21 15:51:41] - 2.2443 	 	 0.5894 	 2.6300 	 0.3070
[2025/09/21 15:52:56] - 67 	 46.1 	 	 0.0804 	 3.8466 	 0.4432
[2025/09/21 15:52:56] - ==> Building model..
[2025/09/21 15:53:32] - Test Loss 	 Test Acc 	 PGD Loss 	 PGD Acc
[2025/09/21 15:53:32] - 2.2456 	 	 0.5893 	 2.6305 	 0.3067
[2025/09/21 15:54:48] - 68 	 47.9 	 	 0.0779 	 3.8422 	 0.4482
[2025/09/21 15:54:48] - ==> Building model..
[2025/09/21 15:55:25] - Test Loss 	 Test Acc 	 PGD Loss 	 PGD Acc
[2025/09/21 15:55:25] - 2.2469 	 	 0.5890 	 2.6316 	 0.3065
[2025/09/21 15:56:41] - 69 	 47.9 	 	 0.0754 	 3.8393 	 0.4515
[2025/09/21 15:56:41] - ==> Building model..
[2025/09/21 15:57:17] - Test Loss 	 Test Acc 	 PGD Loss 	 PGD Acc
[2025/09/21 15:57:17] - 2.2494 	 	 0.5888 	 2.6332 	 0.3070
[2025/09/21 15:58:33] - 70 	 47.5 	 	 0.0730 	 3.8323 	 0.4567
[2025/09/21 15:58:33] - ==> Building model..
[2025/09/21 15:59:07] - Test Loss 	 Test Acc 	 PGD Loss 	 PGD Acc
[2025/09/21 15:59:07] - 2.2521 	 	 0.5885 	 2.6346 	 0.3063
[2025/09/21 16:00:23] - 71 	 47.6 	 	 0.0705 	 3.8277 	 0.4597
[2025/09/21 16:00:23] - ==> Building model..
[2025/09/21 16:01:00] - Test Loss 	 Test Acc 	 PGD Loss 	 PGD Acc
[2025/09/21 16:01:00] - 2.2534 	 	 0.5888 	 2.6363 	 0.3071
[2025/09/21 16:02:16] - 72 	 47.6 	 	 0.0680 	 3.8213 	 0.4664
[2025/09/21 16:02:16] - ==> Building model..
[2025/09/21 16:02:52] - Test Loss 	 Test Acc 	 PGD Loss 	 PGD Acc
[2025/09/21 16:02:52] - 2.2557 	 	 0.5890 	 2.6385 	 0.3074
[2025/09/21 16:04:06] - 73 	 46.7 	 	 0.0655 	 3.8149 	 0.4691
[2025/09/21 16:04:06] - ==> Building model..
[2025/09/21 16:04:44] - Test Loss 	 Test Acc 	 PGD Loss 	 PGD Acc
[2025/09/21 16:04:44] - 2.2579 	 	 0.5895 	 2.6402 	 0.3073
[2025/09/21 16:05:58] - 74 	 45.8 	 	 0.0630 	 3.8076 	 0.4764
[2025/09/21 16:05:58] - ==> Building model..
[2025/09/21 16:06:34] - Test Loss 	 Test Acc 	 PGD Loss 	 PGD Acc
[2025/09/21 16:06:34] - 2.2599 	 	 0.5889 	 2.6415 	 0.3071
[2025/09/21 16:07:50] - 75 	 47.3 	 	 0.0605 	 3.8009 	 0.4808
[2025/09/21 16:07:50] - ==> Building model..
[2025/09/21 16:08:27] - Test Loss 	 Test Acc 	 PGD Loss 	 PGD Acc
[2025/09/21 16:08:27] - 2.2616 	 	 0.5887 	 2.6426 	 0.3077
[2025/09/21 16:09:42] - 76 	 46.6 	 	 0.0580 	 3.7944 	 0.4863
[2025/09/21 16:09:42] - ==> Building model..
[2025/09/21 16:10:19] - Test Loss 	 Test Acc 	 PGD Loss 	 PGD Acc
[2025/09/21 16:10:19] - 2.2622 	 	 0.5887 	 2.6431 	 0.3072
[2025/09/21 16:11:34] - 77 	 47.0 	 	 0.0555 	 3.7846 	 0.4926
[2025/09/21 16:11:34] - ==> Building model..
[2025/09/21 16:12:10] - Test Loss 	 Test Acc 	 PGD Loss 	 PGD Acc
[2025/09/21 16:12:10] - 2.2629 	 	 0.5888 	 2.6438 	 0.3075
[2025/09/21 16:13:23] - 78 	 44.3 	 	 0.0530 	 3.7778 	 0.4987
[2025/09/21 16:13:23] - ==> Building model..
[2025/09/21 16:14:03] - Test Loss 	 Test Acc 	 PGD Loss 	 PGD Acc
[2025/09/21 16:14:03] - 2.2642 	 	 0.5891 	 2.6451 	 0.3073
[2025/09/21 16:15:16] - 79 	 44.5 	 	 0.0505 	 3.7674 	 0.5076
[2025/09/21 16:15:16] - ==> Building model..
[2025/09/21 16:15:54] - Test Loss 	 Test Acc 	 PGD Loss 	 PGD Acc
[2025/09/21 16:15:54] - 2.2642 	 	 0.5891 	 2.6448 	 0.3072
[2025/09/21 16:17:07] - 80 	 44.3 	 	 0.0480 	 3.7570 	 0.5153
[2025/09/21 16:17:07] - ==> Building model..
[2025/09/21 16:17:46] - Test Loss 	 Test Acc 	 PGD Loss 	 PGD Acc
[2025/09/21 16:17:46] - 2.2651 	 	 0.5889 	 2.6455 	 0.3070
[2025/09/21 16:18:59] - 81 	 44.4 	 	 0.0455 	 3.7474 	 0.5260
[2025/09/21 16:18:59] - ==> Building model..
[2025/09/21 16:19:36] - Test Loss 	 Test Acc 	 PGD Loss 	 PGD Acc
[2025/09/21 16:19:36] - 2.2660 	 	 0.5886 	 2.6459 	 0.3078
[2025/09/21 16:20:52] - 82 	 48.0 	 	 0.0430 	 3.7387 	 0.5303
[2025/09/21 16:20:52] - ==> Building model..
[2025/09/21 16:21:28] - Test Loss 	 Test Acc 	 PGD Loss 	 PGD Acc
[2025/09/21 16:21:28] - 2.2660 	 	 0.5886 	 2.6469 	 0.3074
[2025/09/21 16:22:43] - 83 	 48.0 	 	 0.0405 	 3.7243 	 0.5459
[2025/09/21 16:22:43] - ==> Building model..
[2025/09/21 16:23:18] - Test Loss 	 Test Acc 	 PGD Loss 	 PGD Acc
[2025/09/21 16:23:18] - 2.2660 	 	 0.5886 	 2.6462 	 0.3070
[2025/09/21 16:24:33] - 84 	 47.4 	 	 0.0380 	 3.7155 	 0.5509
[2025/09/21 16:24:33] - ==> Building model..
[2025/09/21 16:25:07] - Test Loss 	 Test Acc 	 PGD Loss 	 PGD Acc
[2025/09/21 16:25:07] - 2.2660 	 	 0.5886 	 2.6466 	 0.3068
[2025/09/21 16:26:23] - 85 	 47.8 	 	 0.0355 	 3.7023 	 0.5642
[2025/09/21 16:26:23] - ==> Building model..
[2025/09/21 16:26:59] - Test Loss 	 Test Acc 	 PGD Loss 	 PGD Acc
[2025/09/21 16:26:59] - 2.2684 	 	 0.5883 	 2.6489 	 0.3081
[2025/09/21 16:28:15] - 86 	 47.6 	 	 0.0331 	 3.6897 	 0.5734
[2025/09/21 16:28:15] - ==> Building model..
[2025/09/21 16:28:51] - Test Loss 	 Test Acc 	 PGD Loss 	 PGD Acc
[2025/09/21 16:28:51] - 2.2684 	 	 0.5883 	 2.6486 	 0.3077
[2025/09/21 16:30:06] - 87 	 46.9 	 	 0.0306 	 3.6714 	 0.5883
[2025/09/21 16:30:06] - ==> Building model..
[2025/09/21 16:30:44] - Test Loss 	 Test Acc 	 PGD Loss 	 PGD Acc
[2025/09/21 16:30:44] - 2.2684 	 	 0.5883 	 2.6485 	 0.3077
[2025/09/21 16:31:58] - 88 	 45.6 	 	 0.0281 	 3.6572 	 0.6047
[2025/09/21 16:31:58] - ==> Building model..
[2025/09/21 16:32:34] - Test Loss 	 Test Acc 	 PGD Loss 	 PGD Acc
[2025/09/21 16:32:34] - 2.2684 	 	 0.5883 	 2.6492 	 0.3073
[2025/09/21 16:33:50] - 89 	 48.0 	 	 0.0256 	 3.6399 	 0.6166
[2025/09/21 16:33:50] - ==> Building model..
[2025/09/21 16:34:27] - Test Loss 	 Test Acc 	 PGD Loss 	 PGD Acc
[2025/09/21 16:34:27] - 2.2684 	 	 0.5883 	 2.6481 	 0.3077
[2025/09/21 16:35:42] - 90 	 47.5 	 	 0.0231 	 3.6214 	 0.6367
[2025/09/21 16:35:42] - ==> Building model..
[2025/09/21 16:36:16] - Test Loss 	 Test Acc 	 PGD Loss 	 PGD Acc
[2025/09/21 16:36:16] - 2.2684 	 	 0.5883 	 2.6481 	 0.3074
[2025/09/21 16:37:32] - 91 	 46.2 	 	 0.0206 	 3.6020 	 0.6539
[2025/09/21 16:37:32] - ==> Building model..
[2025/09/21 16:38:08] - Test Loss 	 Test Acc 	 PGD Loss 	 PGD Acc
[2025/09/21 16:38:08] - 2.2684 	 	 0.5883 	 2.6484 	 0.3076
[2025/09/21 16:39:25] - 92 	 47.9 	 	 0.0181 	 3.5797 	 0.6751
[2025/09/21 16:39:25] - ==> Building model..
[2025/09/21 16:39:57] - Test Loss 	 Test Acc 	 PGD Loss 	 PGD Acc
[2025/09/21 16:39:57] - 2.2684 	 	 0.5883 	 2.6489 	 0.3065
[2025/09/21 16:41:11] - 93 	 45.2 	 	 0.0156 	 3.5531 	 0.7015
[2025/09/21 16:41:11] - ==> Building model..
[2025/09/21 16:41:49] - Test Loss 	 Test Acc 	 PGD Loss 	 PGD Acc
[2025/09/21 16:41:49] - 2.2684 	 	 0.5883 	 2.6484 	 0.3067
[2025/09/21 16:43:02] - 94 	 44.1 	 	 0.0131 	 3.5253 	 0.7297
[2025/09/21 16:43:02] - ==> Building model..
[2025/09/21 16:43:42] - Test Loss 	 Test Acc 	 PGD Loss 	 PGD Acc
[2025/09/21 16:43:42] - 2.2684 	 	 0.5883 	 2.6481 	 0.3082
[2025/09/21 16:44:53] - 95 	 41.5 	 	 0.0106 	 3.4977 	 0.7541
[2025/09/21 16:44:53] - ==> Building model..
[2025/09/21 16:45:31] - Test Loss 	 Test Acc 	 PGD Loss 	 PGD Acc
[2025/09/21 16:45:31] - 2.2684 	 	 0.5883 	 2.6487 	 0.3069
[2025/09/21 16:46:47] - 96 	 45.5 	 	 0.0081 	 3.4700 	 0.7800
[2025/09/21 16:46:47] - ==> Building model..
[2025/09/21 16:47:24] - Test Loss 	 Test Acc 	 PGD Loss 	 PGD Acc
[2025/09/21 16:47:24] - 2.2684 	 	 0.5883 	 2.6482 	 0.3076
[2025/09/21 16:48:38] - 97 	 45.1 	 	 0.0056 	 3.4397 	 0.8071
[2025/09/21 16:48:38] - ==> Building model..
[2025/09/21 16:49:16] - Test Loss 	 Test Acc 	 PGD Loss 	 PGD Acc
[2025/09/21 16:49:16] - 2.2684 	 	 0.5883 	 2.6483 	 0.3083
[2025/09/21 16:50:28] - 98 	 44.1 	 	 0.0031 	 3.4106 	 0.8321
[2025/09/21 16:50:28] - ==> Building model..
[2025/09/21 16:51:06] - Test Loss 	 Test Acc 	 PGD Loss 	 PGD Acc
[2025/09/21 16:51:06] - 2.2684 	 	 0.5883 	 2.6484 	 0.3075
[2025/09/21 16:52:22] - 99 	 47.7 	 	 0.0006 	 3.3840 	 0.8553
[2025/09/21 16:52:22] - ==> Building model..
[2025/09/21 16:52:58] - Test Loss 	 Test Acc 	 PGD Loss 	 PGD Acc
[2025/09/21 16:52:58] - 2.2684 	 	 0.5883 	 2.6483 	 0.3075
[2025/09/21 16:52:59] - [0.0813, 0.1289, 0.1787, 0.2202, 0.2485, 0.2814, 0.3147, 0.3484, 0.3778, 0.4008, 0.4223, 0.4352, 0.4463, 0.4509, 0.4493, 0.4394, 0.4258, 0.4127, 0.4114, 0.4234, 0.4381, 0.4527, 0.4671, 0.4838, 0.4998, 0.5102, 0.5188, 0.5268, 0.5316, 0.5373, 0.5413, 0.5446, 0.5486, 0.5535, 0.5558, 0.5558, 0.5592, 0.5628, 0.5642, 0.5667, 0.5673, 0.5694, 0.5709, 0.5725, 0.5754, 0.5757, 0.5771, 0.5782, 0.5787, 0.58, 0.581, 0.5815, 0.5843, 0.5847, 0.5857, 0.5859, 0.5868, 0.5881, 0.5883, 0.5893, 0.5892, 0.5891, 0.5891, 0.5898, 0.5895, 0.5901, 0.5894, 0.5893, 0.589, 0.5888, 0.5885, 0.5888, 0.589, 0.5895, 0.5889, 0.5887, 0.5887, 0.5888, 0.5891, 0.5891, 0.5889, 0.5886, 0.5886, 0.5886, 0.5886, 0.5883, 0.5883, 0.5883, 0.5883, 0.5883, 0.5883, 0.5883, 0.5883, 0.5883, 0.5883, 0.5883, 0.5883, 0.5883, 0.5883, 0.5883]
[2025/09/21 16:52:59] - [0.0452, 0.0765, 0.1052, 0.1262, 0.1414, 0.1604, 0.1768, 0.1909, 0.2055, 0.215, 0.2246, 0.2302, 0.2354, 0.2386, 0.2382, 0.2317, 0.2252, 0.2151, 0.2123, 0.2202, 0.2287, 0.239, 0.2508, 0.261, 0.2681, 0.2731, 0.2751, 0.2791, 0.2818, 0.2846, 0.2849, 0.2882, 0.2889, 0.2902, 0.2926, 0.2926, 0.2925, 0.2938, 0.2949, 0.2954, 0.2965, 0.2967, 0.2963, 0.2965, 0.2974, 0.2972, 0.2992, 0.3002, 0.3009, 0.3006, 0.302, 0.3016, 0.302, 0.3033, 0.3032, 0.3033, 0.3036, 0.3042, 0.3044, 0.3045, 0.3057, 0.3063, 0.3066, 0.3067, 0.3065, 0.307, 0.307, 0.3067, 0.3065, 0.307, 0.3063, 0.3071, 0.3074, 0.3073, 0.3071, 0.3077, 0.3072, 0.3075, 0.3073, 0.3072, 0.307, 0.3078, 0.3074, 0.307, 0.3068, 0.3081, 0.3077, 0.3077, 0.3073, 0.3077, 0.3074, 0.3076, 0.3065, 0.3067, 0.3082, 0.3069, 0.3076, 0.3083, 0.3075, 0.3075]
