[2025/10/20 17:36:13] - Namespace(batch_size=128, data_dir='cifar-data', epochs=110, lr_schedule='multistep', lr_min=0.0, lr_max=0.2, weight_decay=0.0005, momentum=0.9, model='ResNet18', epsilon=8, alpha=8, delta_init='random', normal_mean=0, normal_std=1, out_dir='runs/beta_0.6/lam_42/lscale_0.12/seed_2', seed=2, lamda=42.0, lam_scale=0.12, lam_start=50, gamma=0.05, inner_gamma=0.05, beta=0.6, mu=3.5, batch_m=0.75, early_stop=False, factor=0.5, length=4, n_holes=1, c_num=0.125, EMA_value=0.55)
[2025/10/20 17:36:16] - ==> Building model..
[2025/10/20 17:36:16] - Epoch 	 Seconds 	 LR 	 	 Train Loss 	 Train Acc
[2025/10/20 17:37:16] - 0 	 29.4 	 	 0.2000 	 4.5688 	 0.0401
[2025/10/20 17:37:16] - ==> Building model..
[2025/10/20 17:37:39] - Test Loss 	 Test Acc 	 PGD Loss 	 PGD Acc
[2025/10/20 17:37:39] - 4.2489 	 	 0.0887 	 4.2625 	 0.0610
[2025/10/20 17:38:38] - 1 	 28.5 	 	 0.2000 	 4.4606 	 0.0766
[2025/10/20 17:38:38] - ==> Building model..
[2025/10/20 17:39:01] - Test Loss 	 Test Acc 	 PGD Loss 	 PGD Acc
[2025/10/20 17:39:01] - 4.0778 	 	 0.1344 	 4.1043 	 0.0852
[2025/10/20 17:40:01] - 2 	 29.3 	 	 0.2000 	 4.4039 	 0.1058
[2025/10/20 17:40:01] - ==> Building model..
[2025/10/20 17:40:25] - Test Loss 	 Test Acc 	 PGD Loss 	 PGD Acc
[2025/10/20 17:40:25] - 3.8835 	 	 0.1889 	 3.9308 	 0.1178
[2025/10/20 17:41:25] - 3 	 29.7 	 	 0.2000 	 4.3598 	 0.1251
[2025/10/20 17:41:25] - ==> Building model..
[2025/10/20 17:41:48] - Test Loss 	 Test Acc 	 PGD Loss 	 PGD Acc
[2025/10/20 17:41:48] - 3.7077 	 	 0.2263 	 3.7773 	 0.1364
[2025/10/20 17:42:48] - 4 	 29.1 	 	 0.2000 	 4.3202 	 0.1452
[2025/10/20 17:42:48] - ==> Building model..
[2025/10/20 17:43:11] - Test Loss 	 Test Acc 	 PGD Loss 	 PGD Acc
[2025/10/20 17:43:11] - 3.5760 	 	 0.2670 	 3.6689 	 0.1576
[2025/10/20 17:44:12] - 5 	 29.9 	 	 0.2000 	 4.2816 	 0.1669
[2025/10/20 17:44:12] - ==> Building model..
[2025/10/20 17:44:36] - Test Loss 	 Test Acc 	 PGD Loss 	 PGD Acc
[2025/10/20 17:44:36] - 3.4009 	 	 0.3046 	 3.5201 	 0.1775
[2025/10/20 17:45:35] - 6 	 29.7 	 	 0.2000 	 4.2488 	 0.1863
[2025/10/20 17:45:35] - ==> Building model..
[2025/10/20 17:45:59] - Test Loss 	 Test Acc 	 PGD Loss 	 PGD Acc
[2025/10/20 17:45:59] - 3.2196 	 	 0.3449 	 3.3673 	 0.1943
[2025/10/20 17:46:59] - 7 	 28.6 	 	 0.2000 	 4.2234 	 0.1983
[2025/10/20 17:46:59] - ==> Building model..
[2025/10/20 17:47:22] - Test Loss 	 Test Acc 	 PGD Loss 	 PGD Acc
[2025/10/20 17:47:22] - 3.0765 	 	 0.3747 	 3.2511 	 0.2066
[2025/10/20 17:48:21] - 8 	 28.8 	 	 0.2000 	 4.2065 	 0.2076
[2025/10/20 17:48:21] - ==> Building model..
[2025/10/20 17:48:46] - Test Loss 	 Test Acc 	 PGD Loss 	 PGD Acc
[2025/10/20 17:48:46] - 2.9946 	 	 0.3942 	 3.1848 	 0.2130
[2025/10/20 17:49:45] - 9 	 28.9 	 	 0.2000 	 4.1912 	 0.2159
[2025/10/20 17:49:45] - ==> Building model..
[2025/10/20 17:50:09] - Test Loss 	 Test Acc 	 PGD Loss 	 PGD Acc
[2025/10/20 17:50:09] - 2.9222 	 	 0.4122 	 3.1294 	 0.2205
[2025/10/20 17:51:09] - 10 	 29.1 	 	 0.2000 	 4.1802 	 0.2234
[2025/10/20 17:51:09] - ==> Building model..
[2025/10/20 17:51:33] - Test Loss 	 Test Acc 	 PGD Loss 	 PGD Acc
[2025/10/20 17:51:33] - 2.8742 	 	 0.4210 	 3.0927 	 0.2294
[2025/10/20 17:52:31] - 11 	 28.0 	 	 0.2000 	 4.1691 	 0.2312
[2025/10/20 17:52:31] - ==> Building model..
[2025/10/20 17:52:55] - Test Loss 	 Test Acc 	 PGD Loss 	 PGD Acc
[2025/10/20 17:52:55] - 2.8383 	 	 0.4331 	 3.0651 	 0.2327
[2025/10/20 17:53:54] - 12 	 29.1 	 	 0.2000 	 4.1617 	 0.2333
[2025/10/20 17:53:54] - ==> Building model..
[2025/10/20 17:54:19] - Test Loss 	 Test Acc 	 PGD Loss 	 PGD Acc
[2025/10/20 17:54:19] - 2.8019 	 	 0.4421 	 3.0396 	 0.2371
[2025/10/20 17:55:19] - 13 	 28.9 	 	 0.2000 	 4.1554 	 0.2379
[2025/10/20 17:55:19] - ==> Building model..
[2025/10/20 17:55:42] - Test Loss 	 Test Acc 	 PGD Loss 	 PGD Acc
[2025/10/20 17:55:42] - 2.7865 	 	 0.4467 	 3.0273 	 0.2398
[2025/10/20 17:56:42] - 14 	 28.9 	 	 0.2000 	 4.1498 	 0.2406
[2025/10/20 17:56:42] - ==> Building model..
[2025/10/20 17:57:06] - Test Loss 	 Test Acc 	 PGD Loss 	 PGD Acc
[2025/10/20 17:57:06] - 2.7589 	 	 0.4531 	 3.0066 	 0.2431
[2025/10/20 17:58:05] - 15 	 28.6 	 	 0.2000 	 4.1444 	 0.2438
[2025/10/20 17:58:05] - ==> Building model..
[2025/10/20 17:58:29] - Test Loss 	 Test Acc 	 PGD Loss 	 PGD Acc
[2025/10/20 17:58:29] - 2.7466 	 	 0.4548 	 2.9974 	 0.2450
[2025/10/20 17:59:28] - 16 	 28.4 	 	 0.2000 	 4.1386 	 0.2468
[2025/10/20 17:59:28] - ==> Building model..
[2025/10/20 17:59:52] - Test Loss 	 Test Acc 	 PGD Loss 	 PGD Acc
[2025/10/20 17:59:52] - 2.7240 	 	 0.4633 	 2.9803 	 0.2475
[2025/10/20 18:00:52] - 17 	 28.9 	 	 0.2000 	 4.1366 	 0.2468
[2025/10/20 18:00:52] - ==> Building model..
[2025/10/20 18:01:16] - Test Loss 	 Test Acc 	 PGD Loss 	 PGD Acc
[2025/10/20 18:01:16] - 2.7097 	 	 0.4655 	 2.9696 	 0.2515
[2025/10/20 18:02:17] - 18 	 29.4 	 	 0.2000 	 4.1303 	 0.2523
[2025/10/20 18:02:17] - ==> Building model..
[2025/10/20 18:02:41] - Test Loss 	 Test Acc 	 PGD Loss 	 PGD Acc
[2025/10/20 18:02:41] - 2.6897 	 	 0.4712 	 2.9549 	 0.2533
[2025/10/20 18:03:40] - 19 	 28.2 	 	 0.2000 	 4.1278 	 0.2536
[2025/10/20 18:03:40] - ==> Building model..
[2025/10/20 18:04:04] - Test Loss 	 Test Acc 	 PGD Loss 	 PGD Acc
[2025/10/20 18:04:04] - 2.6821 	 	 0.4749 	 2.9505 	 0.2559
[2025/10/20 18:05:03] - 20 	 28.8 	 	 0.2000 	 4.1236 	 0.2568
[2025/10/20 18:05:03] - ==> Building model..
[2025/10/20 18:05:27] - Test Loss 	 Test Acc 	 PGD Loss 	 PGD Acc
[2025/10/20 18:05:27] - 2.6695 	 	 0.4786 	 2.9409 	 0.2557
[2025/10/20 18:06:26] - 21 	 28.6 	 	 0.2000 	 4.1231 	 0.2549
[2025/10/20 18:06:26] - ==> Building model..
[2025/10/20 18:06:51] - Test Loss 	 Test Acc 	 PGD Loss 	 PGD Acc
[2025/10/20 18:06:51] - 2.6619 	 	 0.4800 	 2.9355 	 0.2585
[2025/10/20 18:07:49] - 22 	 28.6 	 	 0.2000 	 4.1197 	 0.2597
[2025/10/20 18:07:49] - ==> Building model..
[2025/10/20 18:08:13] - Test Loss 	 Test Acc 	 PGD Loss 	 PGD Acc
[2025/10/20 18:08:13] - 2.6529 	 	 0.4809 	 2.9282 	 0.2598
[2025/10/20 18:09:12] - 23 	 28.8 	 	 0.2000 	 4.1203 	 0.2597
[2025/10/20 18:09:12] - ==> Building model..
[2025/10/20 18:09:37] - Test Loss 	 Test Acc 	 PGD Loss 	 PGD Acc
[2025/10/20 18:09:37] - 2.6463 	 	 0.4817 	 2.9234 	 0.2603
[2025/10/20 18:10:36] - 24 	 29.2 	 	 0.2000 	 4.1140 	 0.2624
[2025/10/20 18:10:36] - ==> Building model..
[2025/10/20 18:11:01] - Test Loss 	 Test Acc 	 PGD Loss 	 PGD Acc
[2025/10/20 18:11:01] - 2.6425 	 	 0.4824 	 2.9200 	 0.2617
[2025/10/20 18:12:00] - 25 	 28.8 	 	 0.2000 	 4.1143 	 0.2622
[2025/10/20 18:12:00] - ==> Building model..
[2025/10/20 18:12:25] - Test Loss 	 Test Acc 	 PGD Loss 	 PGD Acc
[2025/10/20 18:12:25] - 2.6315 	 	 0.4871 	 2.9123 	 0.2640
[2025/10/20 18:13:25] - 26 	 29.2 	 	 0.2000 	 4.1138 	 0.2639
[2025/10/20 18:13:25] - ==> Building model..
[2025/10/20 18:13:50] - Test Loss 	 Test Acc 	 PGD Loss 	 PGD Acc
[2025/10/20 18:13:50] - 2.6260 	 	 0.4891 	 2.9077 	 0.2647
[2025/10/20 18:14:49] - 27 	 29.0 	 	 0.2000 	 4.1110 	 0.2625
[2025/10/20 18:14:49] - ==> Building model..
[2025/10/20 18:15:14] - Test Loss 	 Test Acc 	 PGD Loss 	 PGD Acc
[2025/10/20 18:15:14] - 2.6205 	 	 0.4905 	 2.9036 	 0.2673
[2025/10/20 18:16:13] - 28 	 28.6 	 	 0.2000 	 4.1079 	 0.2669
[2025/10/20 18:16:13] - ==> Building model..
[2025/10/20 18:16:38] - Test Loss 	 Test Acc 	 PGD Loss 	 PGD Acc
[2025/10/20 18:16:38] - 2.6118 	 	 0.4914 	 2.8967 	 0.2685
[2025/10/20 18:17:36] - 29 	 27.7 	 	 0.2000 	 4.1082 	 0.2657
[2025/10/20 18:17:36] - ==> Building model..
[2025/10/20 18:18:01] - Test Loss 	 Test Acc 	 PGD Loss 	 PGD Acc
[2025/10/20 18:18:01] - 2.6082 	 	 0.4935 	 2.8943 	 0.2684
[2025/10/20 18:19:00] - 30 	 28.6 	 	 0.2000 	 4.1061 	 0.2661
[2025/10/20 18:19:00] - ==> Building model..
[2025/10/20 18:19:25] - Test Loss 	 Test Acc 	 PGD Loss 	 PGD Acc
[2025/10/20 18:19:25] - 2.6036 	 	 0.4954 	 2.8912 	 0.2679
[2025/10/20 18:20:24] - 31 	 28.1 	 	 0.2000 	 4.1049 	 0.2681
[2025/10/20 18:20:24] - ==> Building model..
[2025/10/20 18:20:48] - Test Loss 	 Test Acc 	 PGD Loss 	 PGD Acc
[2025/10/20 18:20:48] - 2.5974 	 	 0.4974 	 2.8868 	 0.2664
[2025/10/20 18:21:46] - 32 	 28.0 	 	 0.2000 	 4.1052 	 0.2666
[2025/10/20 18:21:46] - ==> Building model..
[2025/10/20 18:22:10] - Test Loss 	 Test Acc 	 PGD Loss 	 PGD Acc
[2025/10/20 18:22:10] - 2.5948 	 	 0.4979 	 2.8852 	 0.2683
[2025/10/20 18:23:08] - 33 	 28.8 	 	 0.2000 	 4.1020 	 0.2703
[2025/10/20 18:23:08] - ==> Building model..
[2025/10/20 18:23:32] - Test Loss 	 Test Acc 	 PGD Loss 	 PGD Acc
[2025/10/20 18:23:32] - 2.5903 	 	 0.4981 	 2.8826 	 0.2703
[2025/10/20 18:24:30] - 34 	 28.8 	 	 0.2000 	 4.1026 	 0.2685
[2025/10/20 18:24:30] - ==> Building model..
[2025/10/20 18:24:54] - Test Loss 	 Test Acc 	 PGD Loss 	 PGD Acc
[2025/10/20 18:24:54] - 2.5857 	 	 0.5022 	 2.8793 	 0.2698
[2025/10/20 18:25:54] - 35 	 29.1 	 	 0.2000 	 4.0997 	 0.2701
[2025/10/20 18:25:54] - ==> Building model..
[2025/10/20 18:26:17] - Test Loss 	 Test Acc 	 PGD Loss 	 PGD Acc
[2025/10/20 18:26:17] - 2.5837 	 	 0.5028 	 2.8781 	 0.2709
[2025/10/20 18:27:16] - 36 	 29.0 	 	 0.2000 	 4.1009 	 0.2692
[2025/10/20 18:27:16] - ==> Building model..
[2025/10/20 18:27:40] - Test Loss 	 Test Acc 	 PGD Loss 	 PGD Acc
[2025/10/20 18:27:40] - 2.5825 	 	 0.5043 	 2.8771 	 0.2709
[2025/10/20 18:28:39] - 37 	 28.7 	 	 0.2000 	 4.0992 	 0.2707
[2025/10/20 18:28:39] - ==> Building model..
[2025/10/20 18:29:02] - Test Loss 	 Test Acc 	 PGD Loss 	 PGD Acc
[2025/10/20 18:29:02] - 2.5793 	 	 0.5044 	 2.8744 	 0.2703
[2025/10/20 18:30:01] - 38 	 28.7 	 	 0.2000 	 4.0973 	 0.2708
[2025/10/20 18:30:01] - ==> Building model..
[2025/10/20 18:30:24] - Test Loss 	 Test Acc 	 PGD Loss 	 PGD Acc
[2025/10/20 18:30:24] - 2.5764 	 	 0.5049 	 2.8720 	 0.2716
[2025/10/20 18:31:24] - 39 	 29.5 	 	 0.2000 	 4.0980 	 0.2717
[2025/10/20 18:31:24] - ==> Building model..
[2025/10/20 18:31:48] - Test Loss 	 Test Acc 	 PGD Loss 	 PGD Acc
[2025/10/20 18:31:48] - 2.5761 	 	 0.5039 	 2.8723 	 0.2714
[2025/10/20 18:32:48] - 40 	 29.0 	 	 0.2000 	 4.0956 	 0.2729
[2025/10/20 18:32:48] - ==> Building model..
[2025/10/20 18:33:12] - Test Loss 	 Test Acc 	 PGD Loss 	 PGD Acc
[2025/10/20 18:33:12] - 2.5705 	 	 0.5065 	 2.8682 	 0.2720
[2025/10/20 18:34:10] - 41 	 28.6 	 	 0.2000 	 4.0945 	 0.2749
[2025/10/20 18:34:10] - ==> Building model..
[2025/10/20 18:34:34] - Test Loss 	 Test Acc 	 PGD Loss 	 PGD Acc
[2025/10/20 18:34:34] - 2.5651 	 	 0.5089 	 2.8639 	 0.2729
[2025/10/20 18:35:35] - 42 	 29.4 	 	 0.2000 	 4.0939 	 0.2719
[2025/10/20 18:35:35] - ==> Building model..
[2025/10/20 18:35:59] - Test Loss 	 Test Acc 	 PGD Loss 	 PGD Acc
[2025/10/20 18:35:59] - 2.5636 	 	 0.5086 	 2.8627 	 0.2735
[2025/10/20 18:36:58] - 43 	 29.0 	 	 0.2000 	 4.0940 	 0.2728
[2025/10/20 18:36:58] - ==> Building model..
[2025/10/20 18:37:22] - Test Loss 	 Test Acc 	 PGD Loss 	 PGD Acc
[2025/10/20 18:37:22] - 2.5646 	 	 0.5089 	 2.8628 	 0.2743
[2025/10/20 18:38:22] - 44 	 29.1 	 	 0.2000 	 4.0931 	 0.2739
[2025/10/20 18:38:22] - ==> Building model..
[2025/10/20 18:38:47] - Test Loss 	 Test Acc 	 PGD Loss 	 PGD Acc
[2025/10/20 18:38:47] - 2.5622 	 	 0.5096 	 2.8613 	 0.2743
[2025/10/20 18:39:46] - 45 	 28.5 	 	 0.2000 	 4.0931 	 0.2731
[2025/10/20 18:39:46] - ==> Building model..
[2025/10/20 18:40:09] - Test Loss 	 Test Acc 	 PGD Loss 	 PGD Acc
[2025/10/20 18:40:09] - 2.5634 	 	 0.5097 	 2.8613 	 0.2727
[2025/10/20 18:41:07] - 46 	 28.5 	 	 0.2000 	 4.0938 	 0.2733
[2025/10/20 18:41:07] - ==> Building model..
[2025/10/20 18:41:32] - Test Loss 	 Test Acc 	 PGD Loss 	 PGD Acc
[2025/10/20 18:41:32] - 2.5627 	 	 0.5111 	 2.8616 	 0.2741
[2025/10/20 18:42:31] - 47 	 29.0 	 	 0.2000 	 4.0900 	 0.2770
[2025/10/20 18:42:31] - ==> Building model..
[2025/10/20 18:42:55] - Test Loss 	 Test Acc 	 PGD Loss 	 PGD Acc
[2025/10/20 18:42:55] - 2.5632 	 	 0.5095 	 2.8614 	 0.2741
[2025/10/20 18:43:54] - 48 	 28.9 	 	 0.2000 	 4.0931 	 0.2741
[2025/10/20 18:43:54] - ==> Building model..
[2025/10/20 18:44:19] - Test Loss 	 Test Acc 	 PGD Loss 	 PGD Acc
[2025/10/20 18:44:19] - 2.5642 	 	 0.5092 	 2.8617 	 0.2744
[2025/10/20 18:45:18] - 49 	 29.1 	 	 0.2000 	 4.0921 	 0.2747
[2025/10/20 18:45:18] - ==> Building model..
[2025/10/20 18:45:43] - Test Loss 	 Test Acc 	 PGD Loss 	 PGD Acc
[2025/10/20 18:45:43] - 2.5628 	 	 0.5105 	 2.8613 	 0.2764
[2025/10/20 18:46:41] - 50 	 28.3 	 	 0.2000 	 4.0918 	 0.2742
[2025/10/20 18:46:41] - ==> Building model..
[2025/10/20 18:47:05] - Test Loss 	 Test Acc 	 PGD Loss 	 PGD Acc
[2025/10/20 18:47:05] - 2.5608 	 	 0.5114 	 2.8596 	 0.2747
[2025/10/20 18:48:03] - 51 	 28.6 	 	 0.2000 	 4.0912 	 0.2745
[2025/10/20 18:48:03] - ==> Building model..
[2025/10/20 18:48:27] - Test Loss 	 Test Acc 	 PGD Loss 	 PGD Acc
[2025/10/20 18:48:27] - 2.5591 	 	 0.5123 	 2.8581 	 0.2752
[2025/10/20 18:49:25] - 52 	 28.3 	 	 0.2000 	 4.0915 	 0.2765
[2025/10/20 18:49:25] - ==> Building model..
[2025/10/20 18:49:49] - Test Loss 	 Test Acc 	 PGD Loss 	 PGD Acc
[2025/10/20 18:49:49] - 2.5566 	 	 0.5131 	 2.8578 	 0.2757
[2025/10/20 18:50:49] - 53 	 29.4 	 	 0.2000 	 4.0916 	 0.2764
[2025/10/20 18:50:49] - ==> Building model..
[2025/10/20 18:51:13] - Test Loss 	 Test Acc 	 PGD Loss 	 PGD Acc
[2025/10/20 18:51:13] - 2.5563 	 	 0.5147 	 2.8575 	 0.2749
[2025/10/20 18:52:13] - 54 	 30.0 	 	 0.2000 	 4.0905 	 0.2770
[2025/10/20 18:52:13] - ==> Building model..
[2025/10/20 18:52:38] - Test Loss 	 Test Acc 	 PGD Loss 	 PGD Acc
[2025/10/20 18:52:38] - 2.5559 	 	 0.5150 	 2.8574 	 0.2747
[2025/10/20 18:53:37] - 55 	 28.6 	 	 0.2000 	 4.0940 	 0.2751
[2025/10/20 18:53:37] - ==> Building model..
[2025/10/20 18:54:02] - Test Loss 	 Test Acc 	 PGD Loss 	 PGD Acc
[2025/10/20 18:54:02] - 2.5580 	 	 0.5160 	 2.8584 	 0.2753
[2025/10/20 18:55:00] - 56 	 28.9 	 	 0.2000 	 4.0936 	 0.2767
[2025/10/20 18:55:00] - ==> Building model..
[2025/10/20 18:55:24] - Test Loss 	 Test Acc 	 PGD Loss 	 PGD Acc
[2025/10/20 18:55:24] - 2.5600 	 	 0.5148 	 2.8598 	 0.2757
[2025/10/20 18:56:22] - 57 	 28.9 	 	 0.2000 	 4.0947 	 0.2764
[2025/10/20 18:56:22] - ==> Building model..
[2025/10/20 18:56:46] - Test Loss 	 Test Acc 	 PGD Loss 	 PGD Acc
[2025/10/20 18:56:46] - 2.5631 	 	 0.5158 	 2.8616 	 0.2754
[2025/10/20 18:57:44] - 58 	 29.1 	 	 0.2000 	 4.0951 	 0.2742
[2025/10/20 18:57:44] - ==> Building model..
[2025/10/20 18:58:08] - Test Loss 	 Test Acc 	 PGD Loss 	 PGD Acc
[2025/10/20 18:58:08] - 2.5669 	 	 0.5139 	 2.8644 	 0.2764
[2025/10/20 18:59:07] - 59 	 29.2 	 	 0.2000 	 4.0935 	 0.2790
[2025/10/20 18:59:07] - ==> Building model..
[2025/10/20 18:59:31] - Test Loss 	 Test Acc 	 PGD Loss 	 PGD Acc
[2025/10/20 18:59:31] - 2.5699 	 	 0.5154 	 2.8661 	 0.2762
[2025/10/20 19:00:30] - 60 	 29.6 	 	 0.2000 	 4.0965 	 0.2770
[2025/10/20 19:00:30] - ==> Building model..
[2025/10/20 19:00:54] - Test Loss 	 Test Acc 	 PGD Loss 	 PGD Acc
[2025/10/20 19:00:54] - 2.5738 	 	 0.5159 	 2.8698 	 0.2764
[2025/10/20 19:01:54] - 61 	 29.9 	 	 0.2000 	 4.0957 	 0.2767
[2025/10/20 19:01:54] - ==> Building model..
[2025/10/20 19:02:19] - Test Loss 	 Test Acc 	 PGD Loss 	 PGD Acc
[2025/10/20 19:02:19] - 2.5760 	 	 0.5155 	 2.8707 	 0.2769
[2025/10/20 19:03:18] - 62 	 29.0 	 	 0.2000 	 4.0955 	 0.2774
[2025/10/20 19:03:18] - ==> Building model..
[2025/10/20 19:03:42] - Test Loss 	 Test Acc 	 PGD Loss 	 PGD Acc
[2025/10/20 19:03:42] - 2.5781 	 	 0.5164 	 2.8725 	 0.2776
[2025/10/20 19:04:41] - 63 	 29.6 	 	 0.2000 	 4.0956 	 0.2774
[2025/10/20 19:04:41] - ==> Building model..
[2025/10/20 19:05:05] - Test Loss 	 Test Acc 	 PGD Loss 	 PGD Acc
[2025/10/20 19:05:05] - 2.5805 	 	 0.5164 	 2.8740 	 0.2774
[2025/10/20 19:06:02] - 64 	 28.6 	 	 0.2000 	 4.0937 	 0.2772
[2025/10/20 19:06:02] - ==> Building model..
[2025/10/20 19:06:27] - Test Loss 	 Test Acc 	 PGD Loss 	 PGD Acc
[2025/10/20 19:06:27] - 2.5822 	 	 0.5157 	 2.8752 	 0.2782
[2025/10/20 19:07:24] - 65 	 28.5 	 	 0.2000 	 4.0947 	 0.2779
[2025/10/20 19:07:24] - ==> Building model..
[2025/10/20 19:07:49] - Test Loss 	 Test Acc 	 PGD Loss 	 PGD Acc
[2025/10/20 19:07:49] - 2.5836 	 	 0.5162 	 2.8761 	 0.2801
[2025/10/20 19:08:47] - 66 	 28.3 	 	 0.2000 	 4.0935 	 0.2789
[2025/10/20 19:08:47] - ==> Building model..
[2025/10/20 19:09:12] - Test Loss 	 Test Acc 	 PGD Loss 	 PGD Acc
[2025/10/20 19:09:12] - 2.5873 	 	 0.5161 	 2.8792 	 0.2785
[2025/10/20 19:10:08] - 67 	 27.4 	 	 0.2000 	 4.0922 	 0.2788
[2025/10/20 19:10:08] - ==> Building model..
[2025/10/20 19:10:34] - Test Loss 	 Test Acc 	 PGD Loss 	 PGD Acc
[2025/10/20 19:10:34] - 2.5884 	 	 0.5159 	 2.8796 	 0.2799
[2025/10/20 19:11:31] - 68 	 28.4 	 	 0.2000 	 4.0916 	 0.2809
[2025/10/20 19:11:31] - ==> Building model..
[2025/10/20 19:11:57] - Test Loss 	 Test Acc 	 PGD Loss 	 PGD Acc
[2025/10/20 19:11:57] - 2.5894 	 	 0.5162 	 2.8801 	 0.2797
[2025/10/20 19:12:55] - 69 	 28.2 	 	 0.2000 	 4.0930 	 0.2766
[2025/10/20 19:12:55] - ==> Building model..
[2025/10/20 19:13:20] - Test Loss 	 Test Acc 	 PGD Loss 	 PGD Acc
[2025/10/20 19:13:20] - 2.5884 	 	 0.5159 	 2.8791 	 0.2798
[2025/10/20 19:14:16] - 70 	 27.5 	 	 0.2000 	 4.0928 	 0.2790
[2025/10/20 19:14:16] - ==> Building model..
[2025/10/20 19:14:41] - Test Loss 	 Test Acc 	 PGD Loss 	 PGD Acc
[2025/10/20 19:14:41] - 2.5904 	 	 0.5153 	 2.8803 	 0.2809
[2025/10/20 19:15:39] - 71 	 28.2 	 	 0.2000 	 4.0916 	 0.2797
[2025/10/20 19:15:39] - ==> Building model..
[2025/10/20 19:16:04] - Test Loss 	 Test Acc 	 PGD Loss 	 PGD Acc
[2025/10/20 19:16:04] - 2.5894 	 	 0.5163 	 2.8796 	 0.2803
[2025/10/20 19:17:00] - 72 	 27.7 	 	 0.2000 	 4.0919 	 0.2803
[2025/10/20 19:17:00] - ==> Building model..
[2025/10/20 19:17:25] - Test Loss 	 Test Acc 	 PGD Loss 	 PGD Acc
[2025/10/20 19:17:25] - 2.5891 	 	 0.5173 	 2.8790 	 0.2803
[2025/10/20 19:18:21] - 73 	 27.6 	 	 0.2000 	 4.0915 	 0.2804
[2025/10/20 19:18:21] - ==> Building model..
[2025/10/20 19:18:46] - Test Loss 	 Test Acc 	 PGD Loss 	 PGD Acc
[2025/10/20 19:18:46] - 2.5883 	 	 0.5180 	 2.8788 	 0.2810
[2025/10/20 19:19:43] - 74 	 27.7 	 	 0.2000 	 4.0920 	 0.2792
[2025/10/20 19:19:43] - ==> Building model..
[2025/10/20 19:20:09] - Test Loss 	 Test Acc 	 PGD Loss 	 PGD Acc
[2025/10/20 19:20:09] - 2.5891 	 	 0.5174 	 2.8795 	 0.2809
[2025/10/20 19:21:07] - 75 	 28.7 	 	 0.2000 	 4.0927 	 0.2780
[2025/10/20 19:21:07] - ==> Building model..
[2025/10/20 19:21:33] - Test Loss 	 Test Acc 	 PGD Loss 	 PGD Acc
[2025/10/20 19:21:33] - 2.5894 	 	 0.5181 	 2.8796 	 0.2815
[2025/10/20 19:22:29] - 76 	 26.8 	 	 0.2000 	 4.0903 	 0.2796
[2025/10/20 19:22:29] - ==> Building model..
[2025/10/20 19:22:54] - Test Loss 	 Test Acc 	 PGD Loss 	 PGD Acc
[2025/10/20 19:22:54] - 2.5906 	 	 0.5161 	 2.8801 	 0.2812
[2025/10/20 19:23:51] - 77 	 27.7 	 	 0.2000 	 4.0914 	 0.2788
[2025/10/20 19:23:51] - ==> Building model..
[2025/10/20 19:24:16] - Test Loss 	 Test Acc 	 PGD Loss 	 PGD Acc
[2025/10/20 19:24:16] - 2.5898 	 	 0.5169 	 2.8793 	 0.2807
[2025/10/20 19:25:14] - 78 	 27.8 	 	 0.2000 	 4.0914 	 0.2786
[2025/10/20 19:25:14] - ==> Building model..
[2025/10/20 19:25:39] - Test Loss 	 Test Acc 	 PGD Loss 	 PGD Acc
[2025/10/20 19:25:39] - 2.5907 	 	 0.5183 	 2.8798 	 0.2822
[2025/10/20 19:26:36] - 79 	 26.9 	 	 0.2000 	 4.0910 	 0.2793
[2025/10/20 19:26:36] - ==> Building model..
[2025/10/20 19:27:00] - Test Loss 	 Test Acc 	 PGD Loss 	 PGD Acc
[2025/10/20 19:27:00] - 2.5916 	 	 0.5173 	 2.8813 	 0.2831
[2025/10/20 19:27:57] - 80 	 27.2 	 	 0.2000 	 4.0909 	 0.2801
[2025/10/20 19:27:57] - ==> Building model..
[2025/10/20 19:28:22] - Test Loss 	 Test Acc 	 PGD Loss 	 PGD Acc
[2025/10/20 19:28:22] - 2.5926 	 	 0.5175 	 2.8815 	 0.2823
[2025/10/20 19:29:20] - 81 	 28.4 	 	 0.2000 	 4.0902 	 0.2793
[2025/10/20 19:29:20] - ==> Building model..
[2025/10/20 19:29:45] - Test Loss 	 Test Acc 	 PGD Loss 	 PGD Acc
[2025/10/20 19:29:45] - 2.5929 	 	 0.5183 	 2.8818 	 0.2824
[2025/10/20 19:30:42] - 82 	 27.7 	 	 0.2000 	 4.0906 	 0.2798
[2025/10/20 19:30:42] - ==> Building model..
[2025/10/20 19:31:07] - Test Loss 	 Test Acc 	 PGD Loss 	 PGD Acc
[2025/10/20 19:31:07] - 2.5930 	 	 0.5181 	 2.8816 	 0.2827
[2025/10/20 19:32:04] - 83 	 27.1 	 	 0.2000 	 4.0924 	 0.2775
[2025/10/20 19:32:04] - ==> Building model..
[2025/10/20 19:32:29] - Test Loss 	 Test Acc 	 PGD Loss 	 PGD Acc
[2025/10/20 19:32:29] - 2.5943 	 	 0.5197 	 2.8828 	 0.2823
[2025/10/20 19:33:26] - 84 	 28.0 	 	 0.2000 	 4.0911 	 0.2802
[2025/10/20 19:33:26] - ==> Building model..
[2025/10/20 19:33:51] - Test Loss 	 Test Acc 	 PGD Loss 	 PGD Acc
[2025/10/20 19:33:51] - 2.5952 	 	 0.5189 	 2.8837 	 0.2810
[2025/10/20 19:34:48] - 85 	 27.8 	 	 0.2000 	 4.0926 	 0.2789
[2025/10/20 19:34:48] - ==> Building model..
[2025/10/20 19:35:13] - Test Loss 	 Test Acc 	 PGD Loss 	 PGD Acc
[2025/10/20 19:35:13] - 2.5969 	 	 0.5177 	 2.8848 	 0.2819
[2025/10/20 19:36:10] - 86 	 27.6 	 	 0.2000 	 4.0924 	 0.2784
[2025/10/20 19:36:10] - ==> Building model..
[2025/10/20 19:36:35] - Test Loss 	 Test Acc 	 PGD Loss 	 PGD Acc
[2025/10/20 19:36:35] - 2.5981 	 	 0.5177 	 2.8859 	 0.2818
[2025/10/20 19:37:29] - 87 	 26.9 	 	 0.2000 	 4.0926 	 0.2780
[2025/10/20 19:37:29] - ==> Building model..
[2025/10/20 19:37:54] - Test Loss 	 Test Acc 	 PGD Loss 	 PGD Acc
[2025/10/20 19:37:54] - 2.6001 	 	 0.5173 	 2.8877 	 0.2815
[2025/10/20 19:38:46] - 88 	 27.1 	 	 0.2000 	 4.0906 	 0.2803
[2025/10/20 19:38:46] - ==> Building model..
[2025/10/20 19:39:10] - Test Loss 	 Test Acc 	 PGD Loss 	 PGD Acc
[2025/10/20 19:39:10] - 2.6022 	 	 0.5161 	 2.8890 	 0.2826
[2025/10/20 19:40:03] - 89 	 27.3 	 	 0.2000 	 4.0906 	 0.2795
[2025/10/20 19:40:03] - ==> Building model..
[2025/10/20 19:40:27] - Test Loss 	 Test Acc 	 PGD Loss 	 PGD Acc
[2025/10/20 19:40:27] - 2.6030 	 	 0.5157 	 2.8897 	 0.2834
[2025/10/20 19:41:18] - 90 	 27.0 	 	 0.2000 	 4.0913 	 0.2797
[2025/10/20 19:41:18] - ==> Building model..
[2025/10/20 19:41:42] - Test Loss 	 Test Acc 	 PGD Loss 	 PGD Acc
[2025/10/20 19:41:42] - 2.6028 	 	 0.5161 	 2.8894 	 0.2832
[2025/10/20 19:42:36] - 91 	 28.7 	 	 0.2000 	 4.0884 	 0.2807
[2025/10/20 19:42:36] - ==> Building model..
[2025/10/20 19:43:01] - Test Loss 	 Test Acc 	 PGD Loss 	 PGD Acc
[2025/10/20 19:43:01] - 2.6028 	 	 0.5154 	 2.8883 	 0.2824
[2025/10/20 19:43:55] - 92 	 28.1 	 	 0.2000 	 4.0903 	 0.2793
[2025/10/20 19:43:55] - ==> Building model..
[2025/10/20 19:44:20] - Test Loss 	 Test Acc 	 PGD Loss 	 PGD Acc
[2025/10/20 19:44:20] - 2.6034 	 	 0.5155 	 2.8894 	 0.2818
[2025/10/20 19:45:15] - 93 	 27.7 	 	 0.2000 	 4.0902 	 0.2810
[2025/10/20 19:45:15] - ==> Building model..
[2025/10/20 19:45:41] - Test Loss 	 Test Acc 	 PGD Loss 	 PGD Acc
[2025/10/20 19:45:41] - 2.6048 	 	 0.5153 	 2.8903 	 0.2823
[2025/10/20 19:46:33] - 94 	 26.7 	 	 0.0200 	 3.9984 	 0.3401
[2025/10/20 19:46:33] - ==> Building model..
[2025/10/20 19:46:59] - Test Loss 	 Test Acc 	 PGD Loss 	 PGD Acc
[2025/10/20 19:46:59] - 2.6020 	 	 0.5160 	 2.8880 	 0.2820
[2025/10/20 19:47:50] - 95 	 26.3 	 	 0.0200 	 3.9050 	 0.3985
[2025/10/20 19:47:50] - ==> Building model..
[2025/10/20 19:48:17] - Test Loss 	 Test Acc 	 PGD Loss 	 PGD Acc
[2025/10/20 19:48:17] - 2.6005 	 	 0.5165 	 2.8868 	 0.2829
[2025/10/20 19:49:10] - 96 	 27.0 	 	 0.0200 	 3.8796 	 0.4189
[2025/10/20 19:49:10] - ==> Building model..
[2025/10/20 19:49:37] - Test Loss 	 Test Acc 	 PGD Loss 	 PGD Acc
[2025/10/20 19:49:37] - 2.6005 	 	 0.5164 	 2.8868 	 0.2828
[2025/10/20 19:50:29] - 97 	 25.6 	 	 0.0200 	 3.8629 	 0.4311
[2025/10/20 19:50:29] - ==> Building model..
[2025/10/20 19:50:55] - Test Loss 	 Test Acc 	 PGD Loss 	 PGD Acc
[2025/10/20 19:50:55] - 2.6009 	 	 0.5164 	 2.8876 	 0.2828
[2025/10/20 19:51:47] - 98 	 25.6 	 	 0.0200 	 3.8479 	 0.4402
[2025/10/20 19:51:47] - ==> Building model..
[2025/10/20 19:52:13] - Test Loss 	 Test Acc 	 PGD Loss 	 PGD Acc
[2025/10/20 19:52:13] - 2.6012 	 	 0.5166 	 2.8874 	 0.2829
[2025/10/20 19:53:04] - 99 	 25.8 	 	 0.0020 	 3.8161 	 0.4656
[2025/10/20 19:53:04] - ==> Building model..
[2025/10/20 19:53:29] - Test Loss 	 Test Acc 	 PGD Loss 	 PGD Acc
[2025/10/20 19:53:29] - 2.6024 	 	 0.5166 	 2.8885 	 0.2826
[2025/10/20 19:54:20] - 100 	 26.2 	 	 0.0020 	 3.7878 	 0.4880
[2025/10/20 19:54:20] - ==> Building model..
[2025/10/20 19:54:47] - Test Loss 	 Test Acc 	 PGD Loss 	 PGD Acc
[2025/10/20 19:54:47] - 2.6024 	 	 0.5166 	 2.8890 	 0.2826
[2025/10/20 19:55:39] - 101 	 26.7 	 	 0.0020 	 3.7824 	 0.4920
[2025/10/20 19:55:39] - ==> Building model..
[2025/10/20 19:56:06] - Test Loss 	 Test Acc 	 PGD Loss 	 PGD Acc
[2025/10/20 19:56:06] - 2.6024 	 	 0.5166 	 2.8887 	 0.2829
[2025/10/20 19:56:58] - 102 	 25.7 	 	 0.0020 	 3.7767 	 0.4968
[2025/10/20 19:56:58] - ==> Building model..
[2025/10/20 19:57:24] - Test Loss 	 Test Acc 	 PGD Loss 	 PGD Acc
[2025/10/20 19:57:24] - 2.6029 	 	 0.5165 	 2.8894 	 0.2824
[2025/10/20 19:58:16] - 103 	 26.8 	 	 0.0020 	 3.7724 	 0.4984
[2025/10/20 19:58:16] - ==> Building model..
[2025/10/20 19:58:43] - Test Loss 	 Test Acc 	 PGD Loss 	 PGD Acc
[2025/10/20 19:58:43] - 2.6029 	 	 0.5165 	 2.8893 	 0.2828
[2025/10/20 19:59:32] - 104 	 25.4 	 	 0.0020 	 3.7683 	 0.5041
[2025/10/20 19:59:32] - ==> Building model..
[2025/10/20 19:59:57] - Test Loss 	 Test Acc 	 PGD Loss 	 PGD Acc
[2025/10/20 19:59:57] - 2.6035 	 	 0.5163 	 2.8898 	 0.2822
[2025/10/20 20:00:46] - 105 	 25.3 	 	 0.0020 	 3.7646 	 0.5049
[2025/10/20 20:00:46] - ==> Building model..
[2025/10/20 20:01:12] - Test Loss 	 Test Acc 	 PGD Loss 	 PGD Acc
[2025/10/20 20:01:12] - 2.6041 	 	 0.5162 	 2.8901 	 0.2828
[2025/10/20 20:02:02] - 106 	 26.3 	 	 0.0020 	 3.7606 	 0.5110
[2025/10/20 20:02:02] - ==> Building model..
[2025/10/20 20:02:28] - Test Loss 	 Test Acc 	 PGD Loss 	 PGD Acc
[2025/10/20 20:02:28] - 2.6041 	 	 0.5162 	 2.8902 	 0.2826
[2025/10/20 20:03:18] - 107 	 26.5 	 	 0.0020 	 3.7567 	 0.5129
[2025/10/20 20:03:18] - ==> Building model..
[2025/10/20 20:03:44] - Test Loss 	 Test Acc 	 PGD Loss 	 PGD Acc
[2025/10/20 20:03:44] - 2.6047 	 	 0.5163 	 2.8909 	 0.2825
[2025/10/20 20:04:35] - 108 	 26.1 	 	 0.0020 	 3.7525 	 0.5174
[2025/10/20 20:04:35] - ==> Building model..
[2025/10/20 20:04:58] - Test Loss 	 Test Acc 	 PGD Loss 	 PGD Acc
[2025/10/20 20:04:58] - 2.6054 	 	 0.5164 	 2.8913 	 0.2836
[2025/10/20 20:05:50] - 109 	 27.0 	 	 0.0020 	 3.7489 	 0.5190
[2025/10/20 20:05:50] - ==> Building model..
[2025/10/20 20:06:13] - Test Loss 	 Test Acc 	 PGD Loss 	 PGD Acc
[2025/10/20 20:06:13] - 2.6054 	 	 0.5164 	 2.8912 	 0.2830
[2025/10/20 20:06:13] - [0.0887, 0.1344, 0.1889, 0.2263, 0.267, 0.3046, 0.3449, 0.3747, 0.3942, 0.4122, 0.421, 0.4331, 0.4421, 0.4467, 0.4531, 0.4548, 0.4633, 0.4655, 0.4712, 0.4749, 0.4786, 0.48, 0.4809, 0.4817, 0.4824, 0.4871, 0.4891, 0.4905, 0.4914, 0.4935, 0.4954, 0.4974, 0.4979, 0.4981, 0.5022, 0.5028, 0.5043, 0.5044, 0.5049, 0.5039, 0.5065, 0.5089, 0.5086, 0.5089, 0.5096, 0.5097, 0.5111, 0.5095, 0.5092, 0.5105, 0.5114, 0.5123, 0.5131, 0.5147, 0.515, 0.516, 0.5148, 0.5158, 0.5139, 0.5154, 0.5159, 0.5155, 0.5164, 0.5164, 0.5157, 0.5162, 0.5161, 0.5159, 0.5162, 0.5159, 0.5153, 0.5163, 0.5173, 0.518, 0.5174, 0.5181, 0.5161, 0.5169, 0.5183, 0.5173, 0.5175, 0.5183, 0.5181, 0.5197, 0.5189, 0.5177, 0.5177, 0.5173, 0.5161, 0.5157, 0.5161, 0.5154, 0.5155, 0.5153, 0.516, 0.5165, 0.5164, 0.5164, 0.5166, 0.5166, 0.5166, 0.5166, 0.5165, 0.5165, 0.5163, 0.5162, 0.5162, 0.5163, 0.5164, 0.5164]
[2025/10/20 20:06:13] - [0.061, 0.0852, 0.1178, 0.1364, 0.1576, 0.1775, 0.1943, 0.2066, 0.213, 0.2205, 0.2294, 0.2327, 0.2371, 0.2398, 0.2431, 0.245, 0.2475, 0.2515, 0.2533, 0.2559, 0.2557, 0.2585, 0.2598, 0.2603, 0.2617, 0.264, 0.2647, 0.2673, 0.2685, 0.2684, 0.2679, 0.2664, 0.2683, 0.2703, 0.2698, 0.2709, 0.2709, 0.2703, 0.2716, 0.2714, 0.272, 0.2729, 0.2735, 0.2743, 0.2743, 0.2727, 0.2741, 0.2741, 0.2744, 0.2764, 0.2747, 0.2752, 0.2757, 0.2749, 0.2747, 0.2753, 0.2757, 0.2754, 0.2764, 0.2762, 0.2764, 0.2769, 0.2776, 0.2774, 0.2782, 0.2801, 0.2785, 0.2799, 0.2797, 0.2798, 0.2809, 0.2803, 0.2803, 0.281, 0.2809, 0.2815, 0.2812, 0.2807, 0.2822, 0.2831, 0.2823, 0.2824, 0.2827, 0.2823, 0.281, 0.2819, 0.2818, 0.2815, 0.2826, 0.2834, 0.2832, 0.2824, 0.2818, 0.2823, 0.282, 0.2829, 0.2828, 0.2828, 0.2829, 0.2826, 0.2826, 0.2829, 0.2824, 0.2828, 0.2822, 0.2828, 0.2826, 0.2825, 0.2836, 0.283]
