[2025/09/17 20:41:07] - Namespace(batch_size=128, data_dir='cifar-data', epochs=100, lr_schedule='multistep', lr_min=0.0, lr_max=0.2, weight_decay=0.0005, momentum=0.9, model='ResNet18', epsilon=8, alpha=8, delta_init='random', normal_mean=0, normal_std=1, out_dir='./output/', seed=0, lamda=42, lam_scale=0.01, gamma=0.05, inner_gamma=0.05, beta=0.2, mu=3.5, batch_m=0.75, early_stop=False, factor=0.5, length=4, n_holes=1, c_num=0.125, EMA_value=0.55)
[2025/09/17 20:41:11] - ==> Building model..
[2025/09/17 20:41:11] - Epoch 	 Seconds 	 LR 	 	 Train Loss 	 Train Acc
[2025/09/17 20:42:14] - 0 	 29.0 	 	 0.0100 	 4.6437 	 0.0255
[2025/09/17 20:42:14] - ==> Building model..
[2025/09/17 20:42:37] - Test Loss 	 Test Acc 	 PGD Loss 	 PGD Acc
[2025/09/17 20:42:37] - 4.2589 	 	 0.0805 	 4.2784 	 0.0458
[2025/09/17 20:43:37] - 1 	 26.7 	 	 0.0199 	 4.4887 	 0.0649
[2025/09/17 20:43:37] - ==> Building model..
[2025/09/17 20:43:59] - Test Loss 	 Test Acc 	 PGD Loss 	 PGD Acc
[2025/09/17 20:43:59] - 4.0576 	 	 0.1280 	 4.0892 	 0.0753
[2025/09/17 20:45:02] - 2 	 27.5 	 	 0.0299 	 4.4314 	 0.0967
[2025/09/17 20:45:02] - ==> Building model..
[2025/09/17 20:45:25] - Test Loss 	 Test Acc 	 PGD Loss 	 PGD Acc
[2025/09/17 20:45:25] - 3.8928 	 	 0.1778 	 3.9384 	 0.1035
[2025/09/17 20:46:27] - 3 	 27.0 	 	 0.0399 	 4.3857 	 0.1175
[2025/09/17 20:46:27] - ==> Building model..
[2025/09/17 20:46:49] - Test Loss 	 Test Acc 	 PGD Loss 	 PGD Acc
[2025/09/17 20:46:49] - 3.6891 	 	 0.2210 	 3.7575 	 0.1277
[2025/09/17 20:47:52] - 4 	 28.3 	 	 0.0499 	 4.3473 	 0.1389
[2025/09/17 20:47:52] - ==> Building model..
[2025/09/17 20:48:14] - Test Loss 	 Test Acc 	 PGD Loss 	 PGD Acc
[2025/09/17 20:48:14] - 3.5386 	 	 0.2576 	 3.6276 	 0.1466
[2025/09/17 20:49:15] - 5 	 27.2 	 	 0.0598 	 4.3104 	 0.1587
[2025/09/17 20:49:15] - ==> Building model..
[2025/09/17 20:49:37] - Test Loss 	 Test Acc 	 PGD Loss 	 PGD Acc
[2025/09/17 20:49:37] - 3.4203 	 	 0.2864 	 3.5290 	 0.1632
[2025/09/17 20:50:39] - 6 	 27.7 	 	 0.0698 	 4.2746 	 0.1757
[2025/09/17 20:50:39] - ==> Building model..
[2025/09/17 20:51:01] - Test Loss 	 Test Acc 	 PGD Loss 	 PGD Acc
[2025/09/17 20:51:01] - 3.2867 	 	 0.3200 	 3.4192 	 0.1795
[2025/09/17 20:52:04] - 7 	 28.1 	 	 0.0798 	 4.2403 	 0.1947
[2025/09/17 20:52:04] - ==> Building model..
[2025/09/17 20:52:26] - Test Loss 	 Test Acc 	 PGD Loss 	 PGD Acc
[2025/09/17 20:52:26] - 3.1830 	 	 0.3502 	 3.3375 	 0.1941
[2025/09/17 20:53:31] - 8 	 28.5 	 	 0.0898 	 4.2092 	 0.2110
[2025/09/17 20:53:31] - ==> Building model..
[2025/09/17 20:53:55] - Test Loss 	 Test Acc 	 PGD Loss 	 PGD Acc
[2025/09/17 20:53:55] - 3.0791 	 	 0.3820 	 3.2566 	 0.2061
[2025/09/17 20:54:56] - 9 	 27.1 	 	 0.0997 	 4.1816 	 0.2281
[2025/09/17 20:54:56] - ==> Building model..
[2025/09/17 20:55:17] - Test Loss 	 Test Acc 	 PGD Loss 	 PGD Acc
[2025/09/17 20:55:17] - 3.0145 	 	 0.4008 	 3.2068 	 0.2137
[2025/09/17 20:56:19] - 10 	 27.3 	 	 0.1097 	 4.1592 	 0.2390
[2025/09/17 20:56:19] - ==> Building model..
[2025/09/17 20:56:41] - Test Loss 	 Test Acc 	 PGD Loss 	 PGD Acc
[2025/09/17 20:56:41] - 2.9777 	 	 0.4180 	 3.1824 	 0.2239
[2025/09/17 20:57:41] - 11 	 27.3 	 	 0.1197 	 4.1426 	 0.2470
[2025/09/17 20:57:41] - ==> Building model..
[2025/09/17 20:58:02] - Test Loss 	 Test Acc 	 PGD Loss 	 PGD Acc
[2025/09/17 20:58:02] - 2.9525 	 	 0.4306 	 3.1674 	 0.2291
[2025/09/17 20:59:01] - 12 	 27.3 	 	 0.1297 	 4.1247 	 0.2582
[2025/09/17 20:59:01] - ==> Building model..
[2025/09/17 20:59:22] - Test Loss 	 Test Acc 	 PGD Loss 	 PGD Acc
[2025/09/17 20:59:22] - 2.9506 	 	 0.4403 	 3.1717 	 0.2324
[2025/09/17 21:00:22] - 13 	 27.1 	 	 0.1396 	 4.1122 	 0.2642
[2025/09/17 21:00:22] - ==> Building model..
[2025/09/17 21:00:42] - Test Loss 	 Test Acc 	 PGD Loss 	 PGD Acc
[2025/09/17 21:00:42] - 2.9730 	 	 0.4464 	 3.1945 	 0.2346
[2025/09/17 21:01:41] - 14 	 26.8 	 	 0.1496 	 4.0992 	 0.2727
[2025/09/17 21:01:41] - ==> Building model..
[2025/09/17 21:02:02] - Test Loss 	 Test Acc 	 PGD Loss 	 PGD Acc
[2025/09/17 21:02:02] - 3.0313 	 	 0.4423 	 3.2464 	 0.2343
[2025/09/17 21:02:59] - 15 	 26.6 	 	 0.1596 	 4.0860 	 0.2803
[2025/09/17 21:02:59] - ==> Building model..
[2025/09/17 21:03:21] - Test Loss 	 Test Acc 	 PGD Loss 	 PGD Acc
[2025/09/17 21:03:21] - 3.1022 	 	 0.4370 	 3.3075 	 0.2315
[2025/09/17 21:04:20] - 16 	 27.1 	 	 0.1696 	 4.0774 	 0.2843
[2025/09/17 21:04:20] - ==> Building model..
[2025/09/17 21:04:40] - Test Loss 	 Test Acc 	 PGD Loss 	 PGD Acc
[2025/09/17 21:04:40] - 3.1733 	 	 0.4255 	 3.3666 	 0.2231
[2025/09/17 21:05:40] - 17 	 26.9 	 	 0.1795 	 4.0727 	 0.2870
[2025/09/17 21:05:40] - ==> Building model..
[2025/09/17 21:06:02] - Test Loss 	 Test Acc 	 PGD Loss 	 PGD Acc
[2025/09/17 21:06:02] - 3.2562 	 	 0.4091 	 3.4358 	 0.2128
[2025/09/17 21:07:00] - 18 	 25.5 	 	 0.1895 	 4.0654 	 0.2914
[2025/09/17 21:07:00] - ==> Building model..
[2025/09/17 21:07:27] - Test Loss 	 Test Acc 	 PGD Loss 	 PGD Acc
[2025/09/17 21:07:27] - 3.3195 	 	 0.3946 	 3.4885 	 0.2010
[2025/09/17 21:08:27] - 19 	 26.0 	 	 0.1995 	 4.0602 	 0.2945
[2025/09/17 21:08:27] - ==> Building model..
[2025/09/17 21:08:52] - Test Loss 	 Test Acc 	 PGD Loss 	 PGD Acc
[2025/09/17 21:08:52] - 3.3059 	 	 0.4011 	 3.4793 	 0.2049
[2025/09/17 21:09:51] - 20 	 25.4 	 	 0.1976 	 4.0537 	 0.3002
[2025/09/17 21:09:51] - ==> Building model..
[2025/09/17 21:10:15] - Test Loss 	 Test Acc 	 PGD Loss 	 PGD Acc
[2025/09/17 21:10:15] - 3.2427 	 	 0.4180 	 3.4281 	 0.2145
[2025/09/17 21:11:12] - 21 	 25.1 	 	 0.1951 	 4.0464 	 0.3042
[2025/09/17 21:11:12] - ==> Building model..
[2025/09/17 21:11:36] - Test Loss 	 Test Acc 	 PGD Loss 	 PGD Acc
[2025/09/17 21:11:36] - 3.1427 	 	 0.4383 	 3.3475 	 0.2293
[2025/09/17 21:12:34] - 22 	 26.1 	 	 0.1926 	 4.0407 	 0.3066
[2025/09/17 21:12:34] - ==> Building model..
[2025/09/17 21:12:58] - Test Loss 	 Test Acc 	 PGD Loss 	 PGD Acc
[2025/09/17 21:12:58] - 3.0107 	 	 0.4633 	 3.2409 	 0.2461
[2025/09/17 21:13:58] - 23 	 27.7 	 	 0.1902 	 4.0346 	 0.3088
[2025/09/17 21:13:58] - ==> Building model..
[2025/09/17 21:14:20] - Test Loss 	 Test Acc 	 PGD Loss 	 PGD Acc
[2025/09/17 21:14:20] - 2.9088 	 	 0.4807 	 3.1577 	 0.2556
[2025/09/17 21:15:20] - 24 	 27.3 	 	 0.1877 	 4.0255 	 0.3148
[2025/09/17 21:15:20] - ==> Building model..
[2025/09/17 21:15:42] - Test Loss 	 Test Acc 	 PGD Loss 	 PGD Acc
[2025/09/17 21:15:42] - 2.8142 	 	 0.4934 	 3.0806 	 0.2635
[2025/09/17 21:16:40] - 25 	 26.7 	 	 0.1852 	 4.0190 	 0.3216
[2025/09/17 21:16:40] - ==> Building model..
[2025/09/17 21:17:02] - Test Loss 	 Test Acc 	 PGD Loss 	 PGD Acc
[2025/09/17 21:17:02] - 2.7431 	 	 0.5041 	 3.0230 	 0.2704
[2025/09/17 21:18:00] - 26 	 26.0 	 	 0.1827 	 4.0125 	 0.3254
[2025/09/17 21:18:00] - ==> Building model..
[2025/09/17 21:18:23] - Test Loss 	 Test Acc 	 PGD Loss 	 PGD Acc
[2025/09/17 21:18:23] - 2.6899 	 	 0.5124 	 2.9794 	 0.2735
[2025/09/17 21:19:23] - 27 	 26.3 	 	 0.1802 	 4.0092 	 0.3263
[2025/09/17 21:19:23] - ==> Building model..
[2025/09/17 21:19:45] - Test Loss 	 Test Acc 	 PGD Loss 	 PGD Acc
[2025/09/17 21:19:45] - 2.6366 	 	 0.5220 	 2.9365 	 0.2778
[2025/09/17 21:20:45] - 28 	 26.8 	 	 0.1777 	 4.0044 	 0.3288
[2025/09/17 21:20:45] - ==> Building model..
[2025/09/17 21:21:07] - Test Loss 	 Test Acc 	 PGD Loss 	 PGD Acc
[2025/09/17 21:21:07] - 2.5945 	 	 0.5278 	 2.9023 	 0.2800
[2025/09/17 21:22:04] - 29 	 26.7 	 	 0.1752 	 3.9980 	 0.3341
[2025/09/17 21:22:04] - ==> Building model..
[2025/09/17 21:22:26] - Test Loss 	 Test Acc 	 PGD Loss 	 PGD Acc
[2025/09/17 21:22:26] - 2.5501 	 	 0.5346 	 2.8662 	 0.2838
[2025/09/17 21:23:29] - 30 	 27.1 	 	 0.1727 	 3.9943 	 0.3346
[2025/09/17 21:23:29] - ==> Building model..
[2025/09/17 21:23:51] - Test Loss 	 Test Acc 	 PGD Loss 	 PGD Acc
[2025/09/17 21:23:51] - 2.5217 	 	 0.5383 	 2.8437 	 0.2857
[2025/09/17 21:24:50] - 31 	 25.9 	 	 0.1702 	 3.9893 	 0.3373
[2025/09/17 21:24:50] - ==> Building model..
[2025/09/17 21:25:15] - Test Loss 	 Test Acc 	 PGD Loss 	 PGD Acc
[2025/09/17 21:25:15] - 2.4849 	 	 0.5431 	 2.8144 	 0.2885
[2025/09/17 21:26:14] - 32 	 26.7 	 	 0.1677 	 3.9840 	 0.3408
[2025/09/17 21:26:14] - ==> Building model..
[2025/09/17 21:26:38] - Test Loss 	 Test Acc 	 PGD Loss 	 PGD Acc
[2025/09/17 21:26:38] - 2.4615 	 	 0.5456 	 2.7953 	 0.2901
[2025/09/17 21:27:35] - 33 	 25.3 	 	 0.1652 	 3.9790 	 0.3442
[2025/09/17 21:27:35] - ==> Building model..
[2025/09/17 21:28:00] - Test Loss 	 Test Acc 	 PGD Loss 	 PGD Acc
[2025/09/17 21:28:00] - 2.4352 	 	 0.5510 	 2.7755 	 0.2906
[2025/09/17 21:28:54] - 34 	 23.8 	 	 0.1627 	 3.9751 	 0.3482
[2025/09/17 21:28:54] - ==> Building model..
[2025/09/17 21:29:17] - Test Loss 	 Test Acc 	 PGD Loss 	 PGD Acc
[2025/09/17 21:29:17] - 2.4128 	 	 0.5549 	 2.7571 	 0.2911
[2025/09/17 21:30:12] - 35 	 24.8 	 	 0.1602 	 3.9688 	 0.3524
[2025/09/17 21:30:12] - ==> Building model..
[2025/09/17 21:30:34] - Test Loss 	 Test Acc 	 PGD Loss 	 PGD Acc
[2025/09/17 21:30:34] - 2.3955 	 	 0.5561 	 2.7437 	 0.2915
[2025/09/17 21:31:33] - 36 	 26.4 	 	 0.1577 	 3.9657 	 0.3529
[2025/09/17 21:31:33] - ==> Building model..
[2025/09/17 21:31:54] - Test Loss 	 Test Acc 	 PGD Loss 	 PGD Acc
[2025/09/17 21:31:54] - 2.3784 	 	 0.5596 	 2.7305 	 0.2935
[2025/09/17 21:32:51] - 37 	 26.2 	 	 0.1552 	 3.9606 	 0.3564
[2025/09/17 21:32:51] - ==> Building model..
[2025/09/17 21:33:12] - Test Loss 	 Test Acc 	 PGD Loss 	 PGD Acc
[2025/09/17 21:33:12] - 2.3647 	 	 0.5619 	 2.7203 	 0.2952
[2025/09/17 21:34:10] - 38 	 26.5 	 	 0.1527 	 3.9575 	 0.3592
[2025/09/17 21:34:10] - ==> Building model..
[2025/09/17 21:34:32] - Test Loss 	 Test Acc 	 PGD Loss 	 PGD Acc
[2025/09/17 21:34:32] - 2.3530 	 	 0.5642 	 2.7109 	 0.2957
[2025/09/17 21:35:29] - 39 	 25.9 	 	 0.1503 	 3.9542 	 0.3616
[2025/09/17 21:35:29] - ==> Building model..
[2025/09/17 21:35:50] - Test Loss 	 Test Acc 	 PGD Loss 	 PGD Acc
[2025/09/17 21:35:50] - 2.3444 	 	 0.5657 	 2.7042 	 0.2972
[2025/09/17 21:36:47] - 40 	 25.3 	 	 0.1478 	 3.9487 	 0.3627
[2025/09/17 21:36:47] - ==> Building model..
[2025/09/17 21:37:08] - Test Loss 	 Test Acc 	 PGD Loss 	 PGD Acc
[2025/09/17 21:37:08] - 2.3371 	 	 0.5676 	 2.6978 	 0.2970
[2025/09/17 21:38:06] - 41 	 25.6 	 	 0.1453 	 3.9469 	 0.3622
[2025/09/17 21:38:06] - ==> Building model..
[2025/09/17 21:38:30] - Test Loss 	 Test Acc 	 PGD Loss 	 PGD Acc
[2025/09/17 21:38:30] - 2.3266 	 	 0.5695 	 2.6897 	 0.2971
[2025/09/17 21:39:29] - 42 	 25.1 	 	 0.1428 	 3.9426 	 0.3670
[2025/09/17 21:39:29] - ==> Building model..
[2025/09/17 21:39:56] - Test Loss 	 Test Acc 	 PGD Loss 	 PGD Acc
[2025/09/17 21:39:56] - 2.3161 	 	 0.5709 	 2.6828 	 0.2989
[2025/09/17 21:40:56] - 43 	 25.5 	 	 0.1403 	 3.9386 	 0.3707
[2025/09/17 21:40:56] - ==> Building model..
[2025/09/17 21:41:24] - Test Loss 	 Test Acc 	 PGD Loss 	 PGD Acc
[2025/09/17 21:41:24] - 2.3081 	 	 0.5726 	 2.6762 	 0.2994
[2025/09/17 21:42:26] - 44 	 26.7 	 	 0.1378 	 3.9354 	 0.3731
[2025/09/17 21:42:26] - ==> Building model..
[2025/09/17 21:42:52] - Test Loss 	 Test Acc 	 PGD Loss 	 PGD Acc
[2025/09/17 21:42:52] - 2.3017 	 	 0.5745 	 2.6722 	 0.2993
[2025/09/17 21:43:49] - 45 	 24.7 	 	 0.1353 	 3.9289 	 0.3765
[2025/09/17 21:43:49] - ==> Building model..
[2025/09/17 21:44:16] - Test Loss 	 Test Acc 	 PGD Loss 	 PGD Acc
[2025/09/17 21:44:16] - 2.2955 	 	 0.5746 	 2.6672 	 0.2998
[2025/09/17 21:45:15] - 46 	 25.0 	 	 0.1328 	 3.9253 	 0.3796
[2025/09/17 21:45:15] - ==> Building model..
[2025/09/17 21:45:39] - Test Loss 	 Test Acc 	 PGD Loss 	 PGD Acc
[2025/09/17 21:45:39] - 2.2916 	 	 0.5751 	 2.6645 	 0.3006
[2025/09/17 21:46:38] - 47 	 25.4 	 	 0.1303 	 3.9229 	 0.3803
[2025/09/17 21:46:38] - ==> Building model..
[2025/09/17 21:47:03] - Test Loss 	 Test Acc 	 PGD Loss 	 PGD Acc
[2025/09/17 21:47:03] - 2.2867 	 	 0.5764 	 2.6607 	 0.3026
[2025/09/17 21:48:01] - 48 	 25.8 	 	 0.1278 	 3.9164 	 0.3856
[2025/09/17 21:48:01] - ==> Building model..
[2025/09/17 21:48:25] - Test Loss 	 Test Acc 	 PGD Loss 	 PGD Acc
[2025/09/17 21:48:25] - 2.2810 	 	 0.5780 	 2.6566 	 0.3040
[2025/09/17 21:49:26] - 49 	 26.3 	 	 0.1253 	 3.9126 	 0.3859
[2025/09/17 21:49:26] - ==> Building model..
[2025/09/17 21:49:51] - Test Loss 	 Test Acc 	 PGD Loss 	 PGD Acc
[2025/09/17 21:49:51] - 2.2767 	 	 0.5781 	 2.6530 	 0.3029
[2025/09/17 21:50:50] - 50 	 25.7 	 	 0.1228 	 3.9095 	 0.3871
[2025/09/17 21:50:50] - ==> Building model..
[2025/09/17 21:51:14] - Test Loss 	 Test Acc 	 PGD Loss 	 PGD Acc
[2025/09/17 21:51:14] - 2.2705 	 	 0.5798 	 2.6490 	 0.3053
[2025/09/17 21:52:13] - 51 	 25.8 	 	 0.1203 	 3.9056 	 0.3900
[2025/09/17 21:52:13] - ==> Building model..
[2025/09/17 21:52:35] - Test Loss 	 Test Acc 	 PGD Loss 	 PGD Acc
[2025/09/17 21:52:35] - 2.2657 	 	 0.5820 	 2.6456 	 0.3064
[2025/09/17 21:53:37] - 52 	 26.1 	 	 0.1178 	 3.9030 	 0.3929
[2025/09/17 21:53:37] - ==> Building model..
[2025/09/17 21:54:00] - Test Loss 	 Test Acc 	 PGD Loss 	 PGD Acc
[2025/09/17 21:54:00] - 2.2612 	 	 0.5816 	 2.6423 	 0.3067
[2025/09/17 21:55:03] - 53 	 27.4 	 	 0.1153 	 3.8979 	 0.3965
[2025/09/17 21:55:03] - ==> Building model..
[2025/09/17 21:55:26] - Test Loss 	 Test Acc 	 PGD Loss 	 PGD Acc
[2025/09/17 21:55:26] - 2.2566 	 	 0.5829 	 2.6385 	 0.3073
[2025/09/17 21:56:27] - 54 	 26.7 	 	 0.1129 	 3.8952 	 0.3981
[2025/09/17 21:56:27] - ==> Building model..
[2025/09/17 21:56:50] - Test Loss 	 Test Acc 	 PGD Loss 	 PGD Acc
[2025/09/17 21:56:50] - 2.2515 	 	 0.5824 	 2.6351 	 0.3079
[2025/09/17 21:57:51] - 55 	 26.9 	 	 0.1104 	 3.8922 	 0.3996
[2025/09/17 21:57:51] - ==> Building model..
[2025/09/17 21:58:13] - Test Loss 	 Test Acc 	 PGD Loss 	 PGD Acc
[2025/09/17 21:58:13] - 2.2456 	 	 0.5836 	 2.6305 	 0.3077
[2025/09/17 21:59:14] - 56 	 27.3 	 	 0.1079 	 3.8845 	 0.4031
[2025/09/17 21:59:14] - ==> Building model..
[2025/09/17 21:59:36] - Test Loss 	 Test Acc 	 PGD Loss 	 PGD Acc
[2025/09/17 21:59:36] - 2.2419 	 	 0.5843 	 2.6274 	 0.3087
[2025/09/17 22:00:36] - 57 	 26.7 	 	 0.1054 	 3.8812 	 0.4070
[2025/09/17 22:00:36] - ==> Building model..
[2025/09/17 22:00:59] - Test Loss 	 Test Acc 	 PGD Loss 	 PGD Acc
[2025/09/17 22:00:59] - 2.2386 	 	 0.5854 	 2.6262 	 0.3087
[2025/09/17 22:02:00] - 58 	 27.1 	 	 0.1029 	 3.8768 	 0.4109
[2025/09/17 22:02:00] - ==> Building model..
[2025/09/17 22:02:22] - Test Loss 	 Test Acc 	 PGD Loss 	 PGD Acc
[2025/09/17 22:02:22] - 2.2359 	 	 0.5861 	 2.6235 	 0.3086
[2025/09/17 22:03:25] - 59 	 27.4 	 	 0.1004 	 3.8724 	 0.4132
[2025/09/17 22:03:25] - ==> Building model..
[2025/09/17 22:03:48] - Test Loss 	 Test Acc 	 PGD Loss 	 PGD Acc
[2025/09/17 22:03:48] - 2.2326 	 	 0.5882 	 2.6211 	 0.3093
[2025/09/17 22:04:50] - 60 	 27.0 	 	 0.0979 	 3.8659 	 0.4194
[2025/09/17 22:04:50] - ==> Building model..
[2025/09/17 22:05:13] - Test Loss 	 Test Acc 	 PGD Loss 	 PGD Acc
[2025/09/17 22:05:13] - 2.2303 	 	 0.5889 	 2.6191 	 0.3103
[2025/09/17 22:06:14] - 61 	 26.6 	 	 0.0954 	 3.8632 	 0.4185
[2025/09/17 22:06:14] - ==> Building model..
[2025/09/17 22:06:37] - Test Loss 	 Test Acc 	 PGD Loss 	 PGD Acc
[2025/09/17 22:06:37] - 2.2278 	 	 0.5895 	 2.6177 	 0.3091
[2025/09/17 22:07:39] - 62 	 27.4 	 	 0.0929 	 3.8566 	 0.4249
[2025/09/17 22:07:39] - ==> Building model..
[2025/09/17 22:08:03] - Test Loss 	 Test Acc 	 PGD Loss 	 PGD Acc
[2025/09/17 22:08:03] - 2.2271 	 	 0.5903 	 2.6167 	 0.3096
[2025/09/17 22:09:03] - 63 	 26.7 	 	 0.0904 	 3.8546 	 0.4258
[2025/09/17 22:09:03] - ==> Building model..
[2025/09/17 22:09:25] - Test Loss 	 Test Acc 	 PGD Loss 	 PGD Acc
[2025/09/17 22:09:25] - 2.2261 	 	 0.5904 	 2.6156 	 0.3102
[2025/09/17 22:10:25] - 64 	 26.7 	 	 0.0879 	 3.8482 	 0.4300
[2025/09/17 22:10:25] - ==> Building model..
[2025/09/17 22:10:48] - Test Loss 	 Test Acc 	 PGD Loss 	 PGD Acc
[2025/09/17 22:10:48] - 2.2250 	 	 0.5910 	 2.6148 	 0.3107
[2025/09/17 22:11:48] - 65 	 26.3 	 	 0.0854 	 3.8427 	 0.4330
[2025/09/17 22:11:48] - ==> Building model..
[2025/09/17 22:12:10] - Test Loss 	 Test Acc 	 PGD Loss 	 PGD Acc
[2025/09/17 22:12:10] - 2.2240 	 	 0.5910 	 2.6143 	 0.3107
[2025/09/17 22:13:10] - 66 	 26.5 	 	 0.0829 	 3.8360 	 0.4396
[2025/09/17 22:13:10] - ==> Building model..
[2025/09/17 22:13:32] - Test Loss 	 Test Acc 	 PGD Loss 	 PGD Acc
[2025/09/17 22:13:32] - 2.2229 	 	 0.5917 	 2.6135 	 0.3109
[2025/09/17 22:14:32] - 67 	 26.6 	 	 0.0804 	 3.8311 	 0.4439
[2025/09/17 22:14:32] - ==> Building model..
[2025/09/17 22:14:54] - Test Loss 	 Test Acc 	 PGD Loss 	 PGD Acc
[2025/09/17 22:14:54] - 2.2223 	 	 0.5915 	 2.6133 	 0.3110
[2025/09/17 22:15:55] - 68 	 26.3 	 	 0.0779 	 3.8253 	 0.4469
[2025/09/17 22:15:55] - ==> Building model..
[2025/09/17 22:16:18] - Test Loss 	 Test Acc 	 PGD Loss 	 PGD Acc
[2025/09/17 22:16:18] - 2.2224 	 	 0.5919 	 2.6133 	 0.3115
[2025/09/17 22:17:18] - 69 	 27.0 	 	 0.0754 	 3.8197 	 0.4538
[2025/09/17 22:17:18] - ==> Building model..
[2025/09/17 22:17:39] - Test Loss 	 Test Acc 	 PGD Loss 	 PGD Acc
[2025/09/17 22:17:39] - 2.2225 	 	 0.5928 	 2.6130 	 0.3119
[2025/09/17 22:18:40] - 70 	 27.0 	 	 0.0730 	 3.8130 	 0.4582
[2025/09/17 22:18:40] - ==> Building model..
[2025/09/17 22:19:04] - Test Loss 	 Test Acc 	 PGD Loss 	 PGD Acc
[2025/09/17 22:19:04] - 2.2222 	 	 0.5930 	 2.6135 	 0.3116
[2025/09/17 22:20:04] - 71 	 26.3 	 	 0.0705 	 3.8066 	 0.4603
[2025/09/17 22:20:04] - ==> Building model..
[2025/09/17 22:20:25] - Test Loss 	 Test Acc 	 PGD Loss 	 PGD Acc
[2025/09/17 22:20:25] - 2.2231 	 	 0.5933 	 2.6147 	 0.3114
[2025/09/17 22:21:22] - 72 	 24.7 	 	 0.0680 	 3.8029 	 0.4650
[2025/09/17 22:21:22] - ==> Building model..
[2025/09/17 22:21:47] - Test Loss 	 Test Acc 	 PGD Loss 	 PGD Acc
[2025/09/17 22:21:47] - 2.2235 	 	 0.5935 	 2.6154 	 0.3114
[2025/09/17 22:22:43] - 73 	 24.0 	 	 0.0655 	 3.7910 	 0.4747
[2025/09/17 22:22:43] - ==> Building model..
[2025/09/17 22:23:09] - Test Loss 	 Test Acc 	 PGD Loss 	 PGD Acc
[2025/09/17 22:23:09] - 2.2239 	 	 0.5936 	 2.6152 	 0.3115
[2025/09/17 22:24:08] - 74 	 25.2 	 	 0.0630 	 3.7853 	 0.4791
[2025/09/17 22:24:08] - ==> Building model..
[2025/09/17 22:24:34] - Test Loss 	 Test Acc 	 PGD Loss 	 PGD Acc
[2025/09/17 22:24:34] - 2.2248 	 	 0.5936 	 2.6157 	 0.3124
[2025/09/17 22:25:31] - 75 	 23.8 	 	 0.0605 	 3.7775 	 0.4839
[2025/09/17 22:25:31] - ==> Building model..
[2025/09/17 22:25:54] - Test Loss 	 Test Acc 	 PGD Loss 	 PGD Acc
[2025/09/17 22:25:54] - 2.2261 	 	 0.5935 	 2.6170 	 0.3120
[2025/09/17 22:26:50] - 76 	 23.9 	 	 0.0580 	 3.7718 	 0.4894
[2025/09/17 22:26:50] - ==> Building model..
[2025/09/17 22:27:12] - Test Loss 	 Test Acc 	 PGD Loss 	 PGD Acc
[2025/09/17 22:27:12] - 2.2270 	 	 0.5935 	 2.6182 	 0.3119
[2025/09/17 22:28:09] - 77 	 25.4 	 	 0.0555 	 3.7617 	 0.4941
[2025/09/17 22:28:09] - ==> Building model..
[2025/09/17 22:28:30] - Test Loss 	 Test Acc 	 PGD Loss 	 PGD Acc
[2025/09/17 22:28:30] - 2.2284 	 	 0.5942 	 2.6197 	 0.3118
[2025/09/17 22:29:30] - 78 	 25.7 	 	 0.0530 	 3.7542 	 0.4995
[2025/09/17 22:29:30] - ==> Building model..
[2025/09/17 22:29:53] - Test Loss 	 Test Acc 	 PGD Loss 	 PGD Acc
[2025/09/17 22:29:53] - 2.2293 	 	 0.5939 	 2.6210 	 0.3118
[2025/09/17 22:30:52] - 79 	 26.5 	 	 0.0505 	 3.7444 	 0.5106
[2025/09/17 22:30:52] - ==> Building model..
[2025/09/17 22:31:14] - Test Loss 	 Test Acc 	 PGD Loss 	 PGD Acc
[2025/09/17 22:31:14] - 2.2300 	 	 0.5942 	 2.6207 	 0.3127
[2025/09/17 22:32:14] - 80 	 26.2 	 	 0.0480 	 3.7327 	 0.5209
[2025/09/17 22:32:14] - ==> Building model..
[2025/09/17 22:32:36] - Test Loss 	 Test Acc 	 PGD Loss 	 PGD Acc
[2025/09/17 22:32:36] - 2.2300 	 	 0.5942 	 2.6215 	 0.3119
[2025/09/17 22:33:37] - 81 	 26.8 	 	 0.0455 	 3.7223 	 0.5276
[2025/09/17 22:33:37] - ==> Building model..
[2025/09/17 22:33:58] - Test Loss 	 Test Acc 	 PGD Loss 	 PGD Acc
[2025/09/17 22:33:58] - 2.2300 	 	 0.5942 	 2.6210 	 0.3119
[2025/09/17 22:34:57] - 82 	 26.1 	 	 0.0430 	 3.7147 	 0.5348
[2025/09/17 22:34:57] - ==> Building model..
[2025/09/17 22:35:18] - Test Loss 	 Test Acc 	 PGD Loss 	 PGD Acc
[2025/09/17 22:35:18] - 2.2305 	 	 0.5938 	 2.6207 	 0.3127
[2025/09/17 22:36:19] - 83 	 27.1 	 	 0.0405 	 3.6992 	 0.5485
[2025/09/17 22:36:19] - ==> Building model..
[2025/09/17 22:36:41] - Test Loss 	 Test Acc 	 PGD Loss 	 PGD Acc
[2025/09/17 22:36:41] - 2.2316 	 	 0.5938 	 2.6217 	 0.3118
[2025/09/17 22:37:43] - 84 	 27.1 	 	 0.0380 	 3.6904 	 0.5553
[2025/09/17 22:37:43] - ==> Building model..
[2025/09/17 22:38:05] - Test Loss 	 Test Acc 	 PGD Loss 	 PGD Acc
[2025/09/17 22:38:05] - 2.2316 	 	 0.5938 	 2.6221 	 0.3121
[2025/09/17 22:39:03] - 85 	 25.6 	 	 0.0355 	 3.6766 	 0.5696
[2025/09/17 22:39:03] - ==> Building model..
[2025/09/17 22:39:27] - Test Loss 	 Test Acc 	 PGD Loss 	 PGD Acc
[2025/09/17 22:39:27] - 2.2324 	 	 0.5936 	 2.6231 	 0.3122
[2025/09/17 22:40:25] - 86 	 25.4 	 	 0.0331 	 3.6626 	 0.5821
[2025/09/17 22:40:25] - ==> Building model..
[2025/09/17 22:40:51] - Test Loss 	 Test Acc 	 PGD Loss 	 PGD Acc
[2025/09/17 22:40:51] - 2.2324 	 	 0.5936 	 2.6227 	 0.3135
[2025/09/17 22:41:53] - 87 	 26.2 	 	 0.0306 	 3.6442 	 0.5980
[2025/09/17 22:41:53] - ==> Building model..
[2025/09/17 22:42:18] - Test Loss 	 Test Acc 	 PGD Loss 	 PGD Acc
[2025/09/17 22:42:18] - 2.2324 	 	 0.5936 	 2.6227 	 0.3118
[2025/09/17 22:43:18] - 88 	 25.2 	 	 0.0281 	 3.6280 	 0.6147
[2025/09/17 22:43:18] - ==> Building model..
[2025/09/17 22:43:42] - Test Loss 	 Test Acc 	 PGD Loss 	 PGD Acc
[2025/09/17 22:43:42] - 2.2324 	 	 0.5936 	 2.6235 	 0.3131
[2025/09/17 22:44:47] - 89 	 27.2 	 	 0.0256 	 3.6084 	 0.6281
[2025/09/17 22:44:47] - ==> Building model..
[2025/09/17 22:45:10] - Test Loss 	 Test Acc 	 PGD Loss 	 PGD Acc
[2025/09/17 22:45:10] - 2.2324 	 	 0.5936 	 2.6224 	 0.3118
[2025/09/17 22:46:12] - 90 	 27.2 	 	 0.0231 	 3.5892 	 0.6472
[2025/09/17 22:46:12] - ==> Building model..
[2025/09/17 22:46:35] - Test Loss 	 Test Acc 	 PGD Loss 	 PGD Acc
[2025/09/17 22:46:35] - 2.2324 	 	 0.5936 	 2.6232 	 0.3125
[2025/09/17 22:47:37] - 91 	 26.9 	 	 0.0206 	 3.5693 	 0.6651
[2025/09/17 22:47:37] - ==> Building model..
[2025/09/17 22:48:00] - Test Loss 	 Test Acc 	 PGD Loss 	 PGD Acc
[2025/09/17 22:48:00] - 2.2324 	 	 0.5936 	 2.6228 	 0.3113
[2025/09/17 22:48:57] - 92 	 24.8 	 	 0.0181 	 3.5440 	 0.6920
[2025/09/17 22:48:57] - ==> Building model..
[2025/09/17 22:49:21] - Test Loss 	 Test Acc 	 PGD Loss 	 PGD Acc
[2025/09/17 22:49:21] - 2.2324 	 	 0.5936 	 2.6233 	 0.3126
[2025/09/17 22:50:20] - 93 	 25.2 	 	 0.0156 	 3.5179 	 0.7154
[2025/09/17 22:50:20] - ==> Building model..
[2025/09/17 22:50:44] - Test Loss 	 Test Acc 	 PGD Loss 	 PGD Acc
[2025/09/17 22:50:44] - 2.2324 	 	 0.5936 	 2.6224 	 0.3114
[2025/09/17 22:51:44] - 94 	 25.7 	 	 0.0131 	 3.4898 	 0.7443
[2025/09/17 22:51:44] - ==> Building model..
[2025/09/17 22:52:10] - Test Loss 	 Test Acc 	 PGD Loss 	 PGD Acc
[2025/09/17 22:52:10] - 2.2324 	 	 0.5936 	 2.6232 	 0.3124
[2025/09/17 22:53:03] - 95 	 22.9 	 	 0.0106 	 3.4616 	 0.7682
[2025/09/17 22:53:03] - ==> Building model..
[2025/09/17 22:53:29] - Test Loss 	 Test Acc 	 PGD Loss 	 PGD Acc
[2025/09/17 22:53:29] - 2.2324 	 	 0.5936 	 2.6235 	 0.3128
[2025/09/17 22:54:23] - 96 	 22.9 	 	 0.0081 	 3.4333 	 0.7956
[2025/09/17 22:54:23] - ==> Building model..
[2025/09/17 22:54:46] - Test Loss 	 Test Acc 	 PGD Loss 	 PGD Acc
[2025/09/17 22:54:46] - 2.2324 	 	 0.5936 	 2.6225 	 0.3129
[2025/09/17 22:55:42] - 97 	 24.8 	 	 0.0056 	 3.4045 	 0.8251
[2025/09/17 22:55:42] - ==> Building model..
[2025/09/17 22:56:03] - Test Loss 	 Test Acc 	 PGD Loss 	 PGD Acc
[2025/09/17 22:56:03] - 2.2324 	 	 0.5936 	 2.6230 	 0.3128
[2025/09/17 22:56:59] - 98 	 25.0 	 	 0.0031 	 3.3750 	 0.8476
[2025/09/17 22:56:59] - ==> Building model..
[2025/09/17 22:57:20] - Test Loss 	 Test Acc 	 PGD Loss 	 PGD Acc
[2025/09/17 22:57:20] - 2.2324 	 	 0.5936 	 2.6231 	 0.3127
[2025/09/17 22:58:17] - 99 	 25.6 	 	 0.0006 	 3.3490 	 0.8706
[2025/09/17 22:58:17] - ==> Building model..
[2025/09/17 22:58:39] - Test Loss 	 Test Acc 	 PGD Loss 	 PGD Acc
[2025/09/17 22:58:39] - 2.2324 	 	 0.5936 	 2.6228 	 0.3122
[2025/09/17 22:58:39] - [0.0805, 0.128, 0.1778, 0.221, 0.2576, 0.2864, 0.32, 0.3502, 0.382, 0.4008, 0.418, 0.4306, 0.4403, 0.4464, 0.4423, 0.437, 0.4255, 0.4091, 0.3946, 0.4011, 0.418, 0.4383, 0.4633, 0.4807, 0.4934, 0.5041, 0.5124, 0.522, 0.5278, 0.5346, 0.5383, 0.5431, 0.5456, 0.551, 0.5549, 0.5561, 0.5596, 0.5619, 0.5642, 0.5657, 0.5676, 0.5695, 0.5709, 0.5726, 0.5745, 0.5746, 0.5751, 0.5764, 0.578, 0.5781, 0.5798, 0.582, 0.5816, 0.5829, 0.5824, 0.5836, 0.5843, 0.5854, 0.5861, 0.5882, 0.5889, 0.5895, 0.5903, 0.5904, 0.591, 0.591, 0.5917, 0.5915, 0.5919, 0.5928, 0.593, 0.5933, 0.5935, 0.5936, 0.5936, 0.5935, 0.5935, 0.5942, 0.5939, 0.5942, 0.5942, 0.5942, 0.5938, 0.5938, 0.5938, 0.5936, 0.5936, 0.5936, 0.5936, 0.5936, 0.5936, 0.5936, 0.5936, 0.5936, 0.5936, 0.5936, 0.5936, 0.5936, 0.5936, 0.5936]
[2025/09/17 22:58:39] - [0.0458, 0.0753, 0.1035, 0.1277, 0.1466, 0.1632, 0.1795, 0.1941, 0.2061, 0.2137, 0.2239, 0.2291, 0.2324, 0.2346, 0.2343, 0.2315, 0.2231, 0.2128, 0.201, 0.2049, 0.2145, 0.2293, 0.2461, 0.2556, 0.2635, 0.2704, 0.2735, 0.2778, 0.28, 0.2838, 0.2857, 0.2885, 0.2901, 0.2906, 0.2911, 0.2915, 0.2935, 0.2952, 0.2957, 0.2972, 0.297, 0.2971, 0.2989, 0.2994, 0.2993, 0.2998, 0.3006, 0.3026, 0.304, 0.3029, 0.3053, 0.3064, 0.3067, 0.3073, 0.3079, 0.3077, 0.3087, 0.3087, 0.3086, 0.3093, 0.3103, 0.3091, 0.3096, 0.3102, 0.3107, 0.3107, 0.3109, 0.311, 0.3115, 0.3119, 0.3116, 0.3114, 0.3114, 0.3115, 0.3124, 0.312, 0.3119, 0.3118, 0.3118, 0.3127, 0.3119, 0.3119, 0.3127, 0.3118, 0.3121, 0.3122, 0.3135, 0.3118, 0.3131, 0.3118, 0.3125, 0.3113, 0.3126, 0.3114, 0.3124, 0.3128, 0.3129, 0.3128, 0.3127, 0.3122]
