[2025/10/20 12:27:01] - Namespace(batch_size=128, data_dir='cifar-data', epochs=110, lr_schedule='multistep', lr_min=0.0, lr_max=0.2, weight_decay=0.0005, momentum=0.9, model='ResNet18', epsilon=8, alpha=8, delta_init='random', normal_mean=0, normal_std=1, out_dir='runs/beta_0.6/lam_42/lscale_0.11/seed_0', seed=0, lamda=42.0, lam_scale=0.11, lam_start=50, gamma=0.05, inner_gamma=0.05, beta=0.6, mu=3.5, batch_m=0.75, early_stop=False, factor=0.5, length=4, n_holes=1, c_num=0.125, EMA_value=0.55)
[2025/10/20 12:27:04] - ==> Building model..
[2025/10/20 12:27:04] - Epoch 	 Seconds 	 LR 	 	 Train Loss 	 Train Acc
[2025/10/20 12:27:56] - 0 	 28.5 	 	 0.2000 	 4.5847 	 0.0341
[2025/10/20 12:27:56] - ==> Building model..
[2025/10/20 12:28:21] - Test Loss 	 Test Acc 	 PGD Loss 	 PGD Acc
[2025/10/20 12:28:21] - 4.2969 	 	 0.0722 	 4.3083 	 0.0490
[2025/10/20 12:29:12] - 1 	 27.3 	 	 0.2000 	 4.4679 	 0.0726
[2025/10/20 12:29:12] - ==> Building model..
[2025/10/20 12:29:36] - Test Loss 	 Test Acc 	 PGD Loss 	 PGD Acc
[2025/10/20 12:29:36] - 4.0939 	 	 0.1251 	 4.1174 	 0.0817
[2025/10/20 12:30:34] - 2 	 29.1 	 	 0.2000 	 4.4125 	 0.1018
[2025/10/20 12:30:34] - ==> Building model..
[2025/10/20 12:30:58] - Test Loss 	 Test Acc 	 PGD Loss 	 PGD Acc
[2025/10/20 12:30:58] - 3.9860 	 	 0.1690 	 4.0228 	 0.1025
[2025/10/20 12:31:58] - 3 	 29.5 	 	 0.2000 	 4.3610 	 0.1261
[2025/10/20 12:31:58] - ==> Building model..
[2025/10/20 12:32:21] - Test Loss 	 Test Acc 	 PGD Loss 	 PGD Acc
[2025/10/20 12:32:21] - 3.7987 	 	 0.2228 	 3.8611 	 0.1302
[2025/10/20 12:33:18] - 4 	 28.3 	 	 0.2000 	 4.3145 	 0.1514
[2025/10/20 12:33:18] - ==> Building model..
[2025/10/20 12:33:42] - Test Loss 	 Test Acc 	 PGD Loss 	 PGD Acc
[2025/10/20 12:33:42] - 3.6489 	 	 0.2625 	 3.7360 	 0.1562
[2025/10/20 12:34:42] - 5 	 29.0 	 	 0.2000 	 4.2772 	 0.1691
[2025/10/20 12:34:42] - ==> Building model..
[2025/10/20 12:35:07] - Test Loss 	 Test Acc 	 PGD Loss 	 PGD Acc
[2025/10/20 12:35:07] - 3.3991 	 	 0.3117 	 3.5223 	 0.1797
[2025/10/20 12:36:07] - 6 	 29.7 	 	 0.2000 	 4.2450 	 0.1859
[2025/10/20 12:36:07] - ==> Building model..
[2025/10/20 12:36:32] - Test Loss 	 Test Acc 	 PGD Loss 	 PGD Acc
[2025/10/20 12:36:32] - 3.1790 	 	 0.3542 	 3.3362 	 0.1975
[2025/10/20 12:37:31] - 7 	 29.4 	 	 0.2000 	 4.2237 	 0.1982
[2025/10/20 12:37:31] - ==> Building model..
[2025/10/20 12:37:55] - Test Loss 	 Test Acc 	 PGD Loss 	 PGD Acc
[2025/10/20 12:37:55] - 3.0552 	 	 0.3850 	 3.2379 	 0.2105
[2025/10/20 12:38:54] - 8 	 29.2 	 	 0.2000 	 4.2053 	 0.2086
[2025/10/20 12:38:54] - ==> Building model..
[2025/10/20 12:39:18] - Test Loss 	 Test Acc 	 PGD Loss 	 PGD Acc
[2025/10/20 12:39:18] - 2.9655 	 	 0.4043 	 3.1673 	 0.2194
[2025/10/20 12:40:16] - 9 	 28.3 	 	 0.2000 	 4.1890 	 0.2189
[2025/10/20 12:40:16] - ==> Building model..
[2025/10/20 12:40:40] - Test Loss 	 Test Acc 	 PGD Loss 	 PGD Acc
[2025/10/20 12:40:40] - 2.9115 	 	 0.4181 	 3.1253 	 0.2250
[2025/10/20 12:41:39] - 10 	 29.8 	 	 0.2000 	 4.1771 	 0.2249
[2025/10/20 12:41:39] - ==> Building model..
[2025/10/20 12:42:03] - Test Loss 	 Test Acc 	 PGD Loss 	 PGD Acc
[2025/10/20 12:42:03] - 2.8584 	 	 0.4285 	 3.0832 	 0.2328
[2025/10/20 12:43:03] - 11 	 29.6 	 	 0.2000 	 4.1691 	 0.2293
[2025/10/20 12:43:03] - ==> Building model..
[2025/10/20 12:43:27] - Test Loss 	 Test Acc 	 PGD Loss 	 PGD Acc
[2025/10/20 12:43:27] - 2.8219 	 	 0.4372 	 3.0563 	 0.2361
[2025/10/20 12:44:26] - 12 	 28.9 	 	 0.2000 	 4.1594 	 0.2343
[2025/10/20 12:44:26] - ==> Building model..
[2025/10/20 12:44:50] - Test Loss 	 Test Acc 	 PGD Loss 	 PGD Acc
[2025/10/20 12:44:50] - 2.7844 	 	 0.4477 	 3.0275 	 0.2414
[2025/10/20 12:45:50] - 13 	 28.9 	 	 0.2000 	 4.1561 	 0.2356
[2025/10/20 12:45:50] - ==> Building model..
[2025/10/20 12:46:14] - Test Loss 	 Test Acc 	 PGD Loss 	 PGD Acc
[2025/10/20 12:46:14] - 2.7538 	 	 0.4566 	 3.0056 	 0.2439
[2025/10/20 12:47:13] - 14 	 29.2 	 	 0.2000 	 4.1490 	 0.2428
[2025/10/20 12:47:13] - ==> Building model..
[2025/10/20 12:47:37] - Test Loss 	 Test Acc 	 PGD Loss 	 PGD Acc
[2025/10/20 12:47:37] - 2.7339 	 	 0.4610 	 2.9906 	 0.2494
[2025/10/20 12:48:37] - 15 	 29.9 	 	 0.2000 	 4.1422 	 0.2444
[2025/10/20 12:48:37] - ==> Building model..
[2025/10/20 12:49:02] - Test Loss 	 Test Acc 	 PGD Loss 	 PGD Acc
[2025/10/20 12:49:02] - 2.7078 	 	 0.4668 	 2.9706 	 0.2512
[2025/10/20 12:50:01] - 16 	 28.2 	 	 0.2000 	 4.1379 	 0.2470
[2025/10/20 12:50:01] - ==> Building model..
[2025/10/20 12:50:25] - Test Loss 	 Test Acc 	 PGD Loss 	 PGD Acc
[2025/10/20 12:50:25] - 2.6897 	 	 0.4719 	 2.9557 	 0.2520
[2025/10/20 12:51:24] - 17 	 28.4 	 	 0.2000 	 4.1351 	 0.2496
[2025/10/20 12:51:24] - ==> Building model..
[2025/10/20 12:51:49] - Test Loss 	 Test Acc 	 PGD Loss 	 PGD Acc
[2025/10/20 12:51:49] - 2.6743 	 	 0.4745 	 2.9440 	 0.2548
[2025/10/20 12:52:48] - 18 	 28.3 	 	 0.2000 	 4.1297 	 0.2515
[2025/10/20 12:52:48] - ==> Building model..
[2025/10/20 12:53:12] - Test Loss 	 Test Acc 	 PGD Loss 	 PGD Acc
[2025/10/20 12:53:12] - 2.6625 	 	 0.4782 	 2.9359 	 0.2560
[2025/10/20 12:54:11] - 19 	 28.4 	 	 0.2000 	 4.1255 	 0.2552
[2025/10/20 12:54:11] - ==> Building model..
[2025/10/20 12:54:36] - Test Loss 	 Test Acc 	 PGD Loss 	 PGD Acc
[2025/10/20 12:54:36] - 2.6569 	 	 0.4793 	 2.9314 	 0.2579
[2025/10/20 12:55:35] - 20 	 27.8 	 	 0.2000 	 4.1242 	 0.2566
[2025/10/20 12:55:35] - ==> Building model..
[2025/10/20 12:55:59] - Test Loss 	 Test Acc 	 PGD Loss 	 PGD Acc
[2025/10/20 12:55:59] - 2.6598 	 	 0.4806 	 2.9351 	 0.2584
[2025/10/20 12:56:58] - 21 	 28.1 	 	 0.2000 	 4.1203 	 0.2599
[2025/10/20 12:56:58] - ==> Building model..
[2025/10/20 12:57:22] - Test Loss 	 Test Acc 	 PGD Loss 	 PGD Acc
[2025/10/20 12:57:22] - 2.6555 	 	 0.4818 	 2.9327 	 0.2583
[2025/10/20 12:58:20] - 22 	 28.1 	 	 0.2000 	 4.1201 	 0.2598
[2025/10/20 12:58:20] - ==> Building model..
[2025/10/20 12:58:44] - Test Loss 	 Test Acc 	 PGD Loss 	 PGD Acc
[2025/10/20 12:58:44] - 2.6448 	 	 0.4853 	 2.9245 	 0.2589
[2025/10/20 12:59:43] - 23 	 28.5 	 	 0.2000 	 4.1188 	 0.2566
[2025/10/20 12:59:43] - ==> Building model..
[2025/10/20 13:00:07] - Test Loss 	 Test Acc 	 PGD Loss 	 PGD Acc
[2025/10/20 13:00:07] - 2.6340 	 	 0.4894 	 2.9157 	 0.2606
[2025/10/20 13:01:06] - 24 	 28.4 	 	 0.2000 	 4.1132 	 0.2616
[2025/10/20 13:01:06] - ==> Building model..
[2025/10/20 13:01:30] - Test Loss 	 Test Acc 	 PGD Loss 	 PGD Acc
[2025/10/20 13:01:30] - 2.6239 	 	 0.4900 	 2.9083 	 0.2646
[2025/10/20 13:02:28] - 25 	 28.4 	 	 0.2000 	 4.1119 	 0.2645
[2025/10/20 13:02:28] - ==> Building model..
[2025/10/20 13:02:52] - Test Loss 	 Test Acc 	 PGD Loss 	 PGD Acc
[2025/10/20 13:02:52] - 2.6168 	 	 0.4927 	 2.9025 	 0.2642
[2025/10/20 13:03:52] - 26 	 29.3 	 	 0.2000 	 4.1082 	 0.2649
[2025/10/20 13:03:52] - ==> Building model..
[2025/10/20 13:04:15] - Test Loss 	 Test Acc 	 PGD Loss 	 PGD Acc
[2025/10/20 13:04:15] - 2.6081 	 	 0.4915 	 2.8954 	 0.2645
[2025/10/20 13:05:15] - 27 	 29.5 	 	 0.2000 	 4.1084 	 0.2664
[2025/10/20 13:05:15] - ==> Building model..
[2025/10/20 13:05:39] - Test Loss 	 Test Acc 	 PGD Loss 	 PGD Acc
[2025/10/20 13:05:39] - 2.6059 	 	 0.4941 	 2.8933 	 0.2659
[2025/10/20 13:06:38] - 28 	 29.1 	 	 0.2000 	 4.1063 	 0.2652
[2025/10/20 13:06:38] - ==> Building model..
[2025/10/20 13:07:02] - Test Loss 	 Test Acc 	 PGD Loss 	 PGD Acc
[2025/10/20 13:07:02] - 2.6018 	 	 0.4967 	 2.8900 	 0.2676
[2025/10/20 13:08:01] - 29 	 28.6 	 	 0.2000 	 4.1061 	 0.2683
[2025/10/20 13:08:01] - ==> Building model..
[2025/10/20 13:08:25] - Test Loss 	 Test Acc 	 PGD Loss 	 PGD Acc
[2025/10/20 13:08:25] - 2.5979 	 	 0.4976 	 2.8873 	 0.2674
[2025/10/20 13:09:22] - 30 	 28.5 	 	 0.2000 	 4.1068 	 0.2652
[2025/10/20 13:09:22] - ==> Building model..
[2025/10/20 13:09:46] - Test Loss 	 Test Acc 	 PGD Loss 	 PGD Acc
[2025/10/20 13:09:46] - 2.5990 	 	 0.4991 	 2.8887 	 0.2671
[2025/10/20 13:10:44] - 31 	 29.1 	 	 0.2000 	 4.1039 	 0.2660
[2025/10/20 13:10:44] - ==> Building model..
[2025/10/20 13:11:08] - Test Loss 	 Test Acc 	 PGD Loss 	 PGD Acc
[2025/10/20 13:11:08] - 2.5918 	 	 0.5012 	 2.8847 	 0.2691
[2025/10/20 13:12:07] - 32 	 29.3 	 	 0.2000 	 4.1022 	 0.2659
[2025/10/20 13:12:07] - ==> Building model..
[2025/10/20 13:12:30] - Test Loss 	 Test Acc 	 PGD Loss 	 PGD Acc
[2025/10/20 13:12:30] - 2.5889 	 	 0.5030 	 2.8823 	 0.2690
[2025/10/20 13:13:30] - 33 	 29.1 	 	 0.2000 	 4.1007 	 0.2690
[2025/10/20 13:13:30] - ==> Building model..
[2025/10/20 13:13:53] - Test Loss 	 Test Acc 	 PGD Loss 	 PGD Acc
[2025/10/20 13:13:53] - 2.5781 	 	 0.5030 	 2.8728 	 0.2699
[2025/10/20 13:14:53] - 34 	 29.4 	 	 0.2000 	 4.1013 	 0.2676
[2025/10/20 13:14:53] - ==> Building model..
[2025/10/20 13:15:16] - Test Loss 	 Test Acc 	 PGD Loss 	 PGD Acc
[2025/10/20 13:15:16] - 2.5730 	 	 0.5036 	 2.8686 	 0.2715
[2025/10/20 13:16:16] - 35 	 29.0 	 	 0.2000 	 4.0976 	 0.2736
[2025/10/20 13:16:16] - ==> Building model..
[2025/10/20 13:16:39] - Test Loss 	 Test Acc 	 PGD Loss 	 PGD Acc
[2025/10/20 13:16:39] - 2.5708 	 	 0.5045 	 2.8668 	 0.2723
[2025/10/20 13:17:38] - 36 	 29.9 	 	 0.2000 	 4.0980 	 0.2721
[2025/10/20 13:17:38] - ==> Building model..
[2025/10/20 13:18:02] - Test Loss 	 Test Acc 	 PGD Loss 	 PGD Acc
[2025/10/20 13:18:02] - 2.5678 	 	 0.5064 	 2.8648 	 0.2732
[2025/10/20 13:19:02] - 37 	 29.3 	 	 0.2000 	 4.0977 	 0.2717
[2025/10/20 13:19:02] - ==> Building model..
[2025/10/20 13:19:25] - Test Loss 	 Test Acc 	 PGD Loss 	 PGD Acc
[2025/10/20 13:19:25] - 2.5678 	 	 0.5069 	 2.8653 	 0.2734
[2025/10/20 13:20:26] - 38 	 30.1 	 	 0.2000 	 4.0957 	 0.2714
[2025/10/20 13:20:26] - ==> Building model..
[2025/10/20 13:20:49] - Test Loss 	 Test Acc 	 PGD Loss 	 PGD Acc
[2025/10/20 13:20:49] - 2.5627 	 	 0.5074 	 2.8615 	 0.2742
[2025/10/20 13:21:48] - 39 	 29.2 	 	 0.2000 	 4.0968 	 0.2721
[2025/10/20 13:21:48] - ==> Building model..
[2025/10/20 13:22:12] - Test Loss 	 Test Acc 	 PGD Loss 	 PGD Acc
[2025/10/20 13:22:12] - 2.5600 	 	 0.5072 	 2.8594 	 0.2744
[2025/10/20 13:23:11] - 40 	 29.0 	 	 0.2000 	 4.0941 	 0.2734
[2025/10/20 13:23:11] - ==> Building model..
[2025/10/20 13:23:35] - Test Loss 	 Test Acc 	 PGD Loss 	 PGD Acc
[2025/10/20 13:23:35] - 2.5575 	 	 0.5097 	 2.8572 	 0.2745
[2025/10/20 13:24:35] - 41 	 29.6 	 	 0.2000 	 4.0951 	 0.2723
[2025/10/20 13:24:35] - ==> Building model..
[2025/10/20 13:24:59] - Test Loss 	 Test Acc 	 PGD Loss 	 PGD Acc
[2025/10/20 13:24:59] - 2.5545 	 	 0.5105 	 2.8545 	 0.2752
[2025/10/20 13:25:59] - 42 	 29.5 	 	 0.2000 	 4.0965 	 0.2699
[2025/10/20 13:25:59] - ==> Building model..
[2025/10/20 13:26:22] - Test Loss 	 Test Acc 	 PGD Loss 	 PGD Acc
[2025/10/20 13:26:22] - 2.5521 	 	 0.5106 	 2.8527 	 0.2743
[2025/10/20 13:27:23] - 43 	 30.0 	 	 0.2000 	 4.0940 	 0.2722
[2025/10/20 13:27:23] - ==> Building model..
[2025/10/20 13:27:47] - Test Loss 	 Test Acc 	 PGD Loss 	 PGD Acc
[2025/10/20 13:27:47] - 2.5490 	 	 0.5108 	 2.8512 	 0.2763
[2025/10/20 13:28:46] - 44 	 29.2 	 	 0.2000 	 4.0940 	 0.2718
[2025/10/20 13:28:46] - ==> Building model..
[2025/10/20 13:29:09] - Test Loss 	 Test Acc 	 PGD Loss 	 PGD Acc
[2025/10/20 13:29:09] - 2.5434 	 	 0.5144 	 2.8475 	 0.2769
[2025/10/20 13:30:08] - 45 	 28.9 	 	 0.2000 	 4.0914 	 0.2749
[2025/10/20 13:30:08] - ==> Building model..
[2025/10/20 13:30:31] - Test Loss 	 Test Acc 	 PGD Loss 	 PGD Acc
[2025/10/20 13:30:31] - 2.5445 	 	 0.5141 	 2.8484 	 0.2771
[2025/10/20 13:31:32] - 46 	 29.6 	 	 0.2000 	 4.0894 	 0.2746
[2025/10/20 13:31:32] - ==> Building model..
[2025/10/20 13:31:56] - Test Loss 	 Test Acc 	 PGD Loss 	 PGD Acc
[2025/10/20 13:31:56] - 2.5441 	 	 0.5150 	 2.8478 	 0.2783
[2025/10/20 13:32:54] - 47 	 29.1 	 	 0.2000 	 4.0915 	 0.2743
[2025/10/20 13:32:54] - ==> Building model..
[2025/10/20 13:33:18] - Test Loss 	 Test Acc 	 PGD Loss 	 PGD Acc
[2025/10/20 13:33:18] - 2.5445 	 	 0.5141 	 2.8477 	 0.2782
[2025/10/20 13:34:17] - 48 	 29.5 	 	 0.2000 	 4.0886 	 0.2769
[2025/10/20 13:34:17] - ==> Building model..
[2025/10/20 13:34:41] - Test Loss 	 Test Acc 	 PGD Loss 	 PGD Acc
[2025/10/20 13:34:41] - 2.5435 	 	 0.5147 	 2.8479 	 0.2798
[2025/10/20 13:35:41] - 49 	 29.6 	 	 0.2000 	 4.0879 	 0.2776
[2025/10/20 13:35:41] - ==> Building model..
[2025/10/20 13:36:04] - Test Loss 	 Test Acc 	 PGD Loss 	 PGD Acc
[2025/10/20 13:36:04] - 2.5437 	 	 0.5136 	 2.8472 	 0.2789
[2025/10/20 13:37:05] - 50 	 29.3 	 	 0.2000 	 4.0891 	 0.2755
[2025/10/20 13:37:05] - ==> Building model..
[2025/10/20 13:37:28] - Test Loss 	 Test Acc 	 PGD Loss 	 PGD Acc
[2025/10/20 13:37:28] - 2.5421 	 	 0.5133 	 2.8461 	 0.2784
[2025/10/20 13:38:28] - 51 	 29.7 	 	 0.2000 	 4.0890 	 0.2745
[2025/10/20 13:38:28] - ==> Building model..
[2025/10/20 13:38:50] - Test Loss 	 Test Acc 	 PGD Loss 	 PGD Acc
[2025/10/20 13:38:50] - 2.5414 	 	 0.5148 	 2.8459 	 0.2777
[2025/10/20 13:39:50] - 52 	 30.1 	 	 0.2000 	 4.0895 	 0.2750
[2025/10/20 13:39:50] - ==> Building model..
[2025/10/20 13:40:13] - Test Loss 	 Test Acc 	 PGD Loss 	 PGD Acc
[2025/10/20 13:40:13] - 2.5432 	 	 0.5147 	 2.8467 	 0.2779
[2025/10/20 13:41:11] - 53 	 28.8 	 	 0.2000 	 4.0885 	 0.2781
[2025/10/20 13:41:11] - ==> Building model..
[2025/10/20 13:41:34] - Test Loss 	 Test Acc 	 PGD Loss 	 PGD Acc
[2025/10/20 13:41:34] - 2.5433 	 	 0.5143 	 2.8454 	 0.2775
[2025/10/20 13:42:33] - 54 	 29.2 	 	 0.2000 	 4.0911 	 0.2755
[2025/10/20 13:42:33] - ==> Building model..
[2025/10/20 13:42:57] - Test Loss 	 Test Acc 	 PGD Loss 	 PGD Acc
[2025/10/20 13:42:57] - 2.5426 	 	 0.5136 	 2.8447 	 0.2783
[2025/10/20 13:43:54] - 55 	 28.3 	 	 0.2000 	 4.0895 	 0.2785
[2025/10/20 13:43:54] - ==> Building model..
[2025/10/20 13:44:18] - Test Loss 	 Test Acc 	 PGD Loss 	 PGD Acc
[2025/10/20 13:44:18] - 2.5420 	 	 0.5147 	 2.8445 	 0.2777
[2025/10/20 13:45:18] - 56 	 29.4 	 	 0.2000 	 4.0915 	 0.2749
[2025/10/20 13:45:18] - ==> Building model..
[2025/10/20 13:45:42] - Test Loss 	 Test Acc 	 PGD Loss 	 PGD Acc
[2025/10/20 13:45:42] - 2.5450 	 	 0.5158 	 2.8465 	 0.2799
[2025/10/20 13:46:42] - 57 	 29.5 	 	 0.2000 	 4.0922 	 0.2785
[2025/10/20 13:46:42] - ==> Building model..
[2025/10/20 13:47:06] - Test Loss 	 Test Acc 	 PGD Loss 	 PGD Acc
[2025/10/20 13:47:06] - 2.5472 	 	 0.5160 	 2.8495 	 0.2797
[2025/10/20 13:48:04] - 58 	 28.5 	 	 0.2000 	 4.0917 	 0.2793
[2025/10/20 13:48:04] - ==> Building model..
[2025/10/20 13:48:28] - Test Loss 	 Test Acc 	 PGD Loss 	 PGD Acc
[2025/10/20 13:48:28] - 2.5510 	 	 0.5158 	 2.8525 	 0.2794
[2025/10/20 13:49:27] - 59 	 29.0 	 	 0.2000 	 4.0934 	 0.2778
[2025/10/20 13:49:27] - ==> Building model..
[2025/10/20 13:49:50] - Test Loss 	 Test Acc 	 PGD Loss 	 PGD Acc
[2025/10/20 13:49:50] - 2.5538 	 	 0.5158 	 2.8535 	 0.2793
[2025/10/20 13:50:49] - 60 	 28.8 	 	 0.2000 	 4.0916 	 0.2794
[2025/10/20 13:50:49] - ==> Building model..
[2025/10/20 13:51:12] - Test Loss 	 Test Acc 	 PGD Loss 	 PGD Acc
[2025/10/20 13:51:12] - 2.5573 	 	 0.5175 	 2.8567 	 0.2804
[2025/10/20 13:52:10] - 61 	 29.0 	 	 0.2000 	 4.0937 	 0.2772
[2025/10/20 13:52:10] - ==> Building model..
[2025/10/20 13:52:34] - Test Loss 	 Test Acc 	 PGD Loss 	 PGD Acc
[2025/10/20 13:52:34] - 2.5618 	 	 0.5160 	 2.8591 	 0.2801
[2025/10/20 13:53:32] - 62 	 29.6 	 	 0.2000 	 4.0931 	 0.2793
[2025/10/20 13:53:32] - ==> Building model..
[2025/10/20 13:53:56] - Test Loss 	 Test Acc 	 PGD Loss 	 PGD Acc
[2025/10/20 13:53:56] - 2.5653 	 	 0.5165 	 2.8617 	 0.2805
[2025/10/20 13:54:55] - 63 	 28.7 	 	 0.2000 	 4.0956 	 0.2767
[2025/10/20 13:54:55] - ==> Building model..
[2025/10/20 13:55:18] - Test Loss 	 Test Acc 	 PGD Loss 	 PGD Acc
[2025/10/20 13:55:18] - 2.5699 	 	 0.5161 	 2.8649 	 0.2801
[2025/10/20 13:56:19] - 64 	 29.9 	 	 0.2000 	 4.0913 	 0.2801
[2025/10/20 13:56:19] - ==> Building model..
[2025/10/20 13:56:43] - Test Loss 	 Test Acc 	 PGD Loss 	 PGD Acc
[2025/10/20 13:56:43] - 2.5725 	 	 0.5158 	 2.8667 	 0.2809
[2025/10/20 13:57:41] - 65 	 28.7 	 	 0.2000 	 4.0924 	 0.2782
[2025/10/20 13:57:41] - ==> Building model..
[2025/10/20 13:58:05] - Test Loss 	 Test Acc 	 PGD Loss 	 PGD Acc
[2025/10/20 13:58:05] - 2.5756 	 	 0.5154 	 2.8688 	 0.2814
[2025/10/20 13:59:03] - 66 	 28.3 	 	 0.2000 	 4.0916 	 0.2782
[2025/10/20 13:59:03] - ==> Building model..
[2025/10/20 13:59:26] - Test Loss 	 Test Acc 	 PGD Loss 	 PGD Acc
[2025/10/20 13:59:26] - 2.5779 	 	 0.5137 	 2.8702 	 0.2805
[2025/10/20 14:00:25] - 67 	 28.9 	 	 0.2000 	 4.0918 	 0.2804
[2025/10/20 14:00:25] - ==> Building model..
[2025/10/20 14:00:48] - Test Loss 	 Test Acc 	 PGD Loss 	 PGD Acc
[2025/10/20 14:00:48] - 2.5784 	 	 0.5149 	 2.8706 	 0.2795
[2025/10/20 14:01:46] - 68 	 28.7 	 	 0.2000 	 4.0913 	 0.2808
[2025/10/20 14:01:46] - ==> Building model..
[2025/10/20 14:02:09] - Test Loss 	 Test Acc 	 PGD Loss 	 PGD Acc
[2025/10/20 14:02:09] - 2.5796 	 	 0.5149 	 2.8713 	 0.2804
[2025/10/20 14:03:08] - 69 	 29.7 	 	 0.2000 	 4.0921 	 0.2773
[2025/10/20 14:03:08] - ==> Building model..
[2025/10/20 14:03:32] - Test Loss 	 Test Acc 	 PGD Loss 	 PGD Acc
[2025/10/20 14:03:32] - 2.5810 	 	 0.5151 	 2.8716 	 0.2810
[2025/10/20 14:04:30] - 70 	 28.6 	 	 0.2000 	 4.0926 	 0.2778
[2025/10/20 14:04:30] - ==> Building model..
[2025/10/20 14:04:53] - Test Loss 	 Test Acc 	 PGD Loss 	 PGD Acc
[2025/10/20 14:04:53] - 2.5827 	 	 0.5152 	 2.8730 	 0.2817
[2025/10/20 14:05:53] - 71 	 29.5 	 	 0.2000 	 4.0915 	 0.2777
[2025/10/20 14:05:53] - ==> Building model..
[2025/10/20 14:06:17] - Test Loss 	 Test Acc 	 PGD Loss 	 PGD Acc
[2025/10/20 14:06:17] - 2.5861 	 	 0.5144 	 2.8750 	 0.2820
[2025/10/20 14:07:17] - 72 	 29.2 	 	 0.2000 	 4.0917 	 0.2785
[2025/10/20 14:07:17] - ==> Building model..
[2025/10/20 14:07:40] - Test Loss 	 Test Acc 	 PGD Loss 	 PGD Acc
[2025/10/20 14:07:40] - 2.5864 	 	 0.5151 	 2.8763 	 0.2820
[2025/10/20 14:08:40] - 73 	 29.4 	 	 0.2000 	 4.0904 	 0.2786
[2025/10/20 14:08:40] - ==> Building model..
[2025/10/20 14:09:04] - Test Loss 	 Test Acc 	 PGD Loss 	 PGD Acc
[2025/10/20 14:09:04] - 2.5878 	 	 0.5152 	 2.8771 	 0.2812
[2025/10/20 14:10:05] - 74 	 29.9 	 	 0.2000 	 4.0927 	 0.2785
[2025/10/20 14:10:05] - ==> Building model..
[2025/10/20 14:10:29] - Test Loss 	 Test Acc 	 PGD Loss 	 PGD Acc
[2025/10/20 14:10:29] - 2.5912 	 	 0.5152 	 2.8791 	 0.2813
[2025/10/20 14:11:28] - 75 	 29.0 	 	 0.2000 	 4.0910 	 0.2797
[2025/10/20 14:11:28] - ==> Building model..
[2025/10/20 14:11:51] - Test Loss 	 Test Acc 	 PGD Loss 	 PGD Acc
[2025/10/20 14:11:51] - 2.5913 	 	 0.5167 	 2.8795 	 0.2820
[2025/10/20 14:12:52] - 76 	 29.2 	 	 0.2000 	 4.0914 	 0.2798
[2025/10/20 14:12:52] - ==> Building model..
[2025/10/20 14:13:16] - Test Loss 	 Test Acc 	 PGD Loss 	 PGD Acc
[2025/10/20 14:13:16] - 2.5920 	 	 0.5155 	 2.8801 	 0.2803
[2025/10/20 14:14:15] - 77 	 29.2 	 	 0.2000 	 4.0896 	 0.2799
[2025/10/20 14:14:15] - ==> Building model..
[2025/10/20 14:14:39] - Test Loss 	 Test Acc 	 PGD Loss 	 PGD Acc
[2025/10/20 14:14:39] - 2.5931 	 	 0.5156 	 2.8808 	 0.2809
[2025/10/20 14:15:35] - 78 	 28.4 	 	 0.2000 	 4.0912 	 0.2794
[2025/10/20 14:15:35] - ==> Building model..
[2025/10/20 14:15:59] - Test Loss 	 Test Acc 	 PGD Loss 	 PGD Acc
[2025/10/20 14:15:59] - 2.5936 	 	 0.5161 	 2.8809 	 0.2820
[2025/10/20 14:16:58] - 79 	 28.9 	 	 0.2000 	 4.0892 	 0.2807
[2025/10/20 14:16:58] - ==> Building model..
[2025/10/20 14:17:22] - Test Loss 	 Test Acc 	 PGD Loss 	 PGD Acc
[2025/10/20 14:17:22] - 2.5929 	 	 0.5159 	 2.8805 	 0.2821
[2025/10/20 14:18:21] - 80 	 29.5 	 	 0.2000 	 4.0891 	 0.2812
[2025/10/20 14:18:21] - ==> Building model..
[2025/10/20 14:18:45] - Test Loss 	 Test Acc 	 PGD Loss 	 PGD Acc
[2025/10/20 14:18:45] - 2.5928 	 	 0.5166 	 2.8804 	 0.2824
[2025/10/20 14:19:43] - 81 	 29.9 	 	 0.2000 	 4.0903 	 0.2797
[2025/10/20 14:19:43] - ==> Building model..
[2025/10/20 14:20:07] - Test Loss 	 Test Acc 	 PGD Loss 	 PGD Acc
[2025/10/20 14:20:07] - 2.5915 	 	 0.5160 	 2.8796 	 0.2841
[2025/10/20 14:21:06] - 82 	 29.0 	 	 0.2000 	 4.0910 	 0.2784
[2025/10/20 14:21:06] - ==> Building model..
[2025/10/20 14:21:29] - Test Loss 	 Test Acc 	 PGD Loss 	 PGD Acc
[2025/10/20 14:21:29] - 2.5899 	 	 0.5172 	 2.8792 	 0.2845
[2025/10/20 14:22:27] - 83 	 28.7 	 	 0.2000 	 4.0873 	 0.2809
[2025/10/20 14:22:27] - ==> Building model..
[2025/10/20 14:22:51] - Test Loss 	 Test Acc 	 PGD Loss 	 PGD Acc
[2025/10/20 14:22:51] - 2.5902 	 	 0.5172 	 2.8793 	 0.2841
[2025/10/20 14:23:52] - 84 	 29.8 	 	 0.2000 	 4.0903 	 0.2795
[2025/10/20 14:23:52] - ==> Building model..
[2025/10/20 14:24:15] - Test Loss 	 Test Acc 	 PGD Loss 	 PGD Acc
[2025/10/20 14:24:15] - 2.5904 	 	 0.5166 	 2.8796 	 0.2848
[2025/10/20 14:25:16] - 85 	 29.2 	 	 0.2000 	 4.0898 	 0.2797
[2025/10/20 14:25:16] - ==> Building model..
[2025/10/20 14:25:40] - Test Loss 	 Test Acc 	 PGD Loss 	 PGD Acc
[2025/10/20 14:25:40] - 2.5923 	 	 0.5155 	 2.8805 	 0.2846
[2025/10/20 14:26:40] - 86 	 29.4 	 	 0.2000 	 4.0901 	 0.2803
[2025/10/20 14:26:40] - ==> Building model..
[2025/10/20 14:27:03] - Test Loss 	 Test Acc 	 PGD Loss 	 PGD Acc
[2025/10/20 14:27:03] - 2.5940 	 	 0.5158 	 2.8821 	 0.2840
[2025/10/20 14:28:04] - 87 	 29.7 	 	 0.2000 	 4.0896 	 0.2808
[2025/10/20 14:28:04] - ==> Building model..
[2025/10/20 14:28:27] - Test Loss 	 Test Acc 	 PGD Loss 	 PGD Acc
[2025/10/20 14:28:27] - 2.5945 	 	 0.5158 	 2.8823 	 0.2837
[2025/10/20 14:29:27] - 88 	 29.8 	 	 0.2000 	 4.0911 	 0.2785
[2025/10/20 14:29:27] - ==> Building model..
[2025/10/20 14:29:50] - Test Loss 	 Test Acc 	 PGD Loss 	 PGD Acc
[2025/10/20 14:29:50] - 2.5964 	 	 0.5151 	 2.8837 	 0.2840
[2025/10/20 14:30:49] - 89 	 29.4 	 	 0.2000 	 4.0892 	 0.2820
[2025/10/20 14:30:49] - ==> Building model..
[2025/10/20 14:31:13] - Test Loss 	 Test Acc 	 PGD Loss 	 PGD Acc
[2025/10/20 14:31:13] - 2.5958 	 	 0.5166 	 2.8834 	 0.2857
[2025/10/20 14:32:12] - 90 	 29.0 	 	 0.2000 	 4.0868 	 0.2810
[2025/10/20 14:32:12] - ==> Building model..
[2025/10/20 14:32:36] - Test Loss 	 Test Acc 	 PGD Loss 	 PGD Acc
[2025/10/20 14:32:36] - 2.5962 	 	 0.5161 	 2.8833 	 0.2859
[2025/10/20 14:33:36] - 91 	 29.1 	 	 0.2000 	 4.0913 	 0.2793
[2025/10/20 14:33:36] - ==> Building model..
[2025/10/20 14:34:00] - Test Loss 	 Test Acc 	 PGD Loss 	 PGD Acc
[2025/10/20 14:34:00] - 2.5982 	 	 0.5153 	 2.8852 	 0.2843
[2025/10/20 14:35:00] - 92 	 29.4 	 	 0.2000 	 4.0886 	 0.2796
[2025/10/20 14:35:00] - ==> Building model..
[2025/10/20 14:35:25] - Test Loss 	 Test Acc 	 PGD Loss 	 PGD Acc
[2025/10/20 14:35:25] - 2.6000 	 	 0.5159 	 2.8867 	 0.2849
[2025/10/20 14:36:22] - 93 	 28.2 	 	 0.2000 	 4.0890 	 0.2798
[2025/10/20 14:36:22] - ==> Building model..
[2025/10/20 14:36:47] - Test Loss 	 Test Acc 	 PGD Loss 	 PGD Acc
[2025/10/20 14:36:47] - 2.6003 	 	 0.5153 	 2.8876 	 0.2832
[2025/10/20 14:37:45] - 94 	 28.3 	 	 0.0200 	 3.9964 	 0.3408
[2025/10/20 14:37:45] - ==> Building model..
[2025/10/20 14:38:09] - Test Loss 	 Test Acc 	 PGD Loss 	 PGD Acc
[2025/10/20 14:38:09] - 2.5977 	 	 0.5156 	 2.8853 	 0.2829
[2025/10/20 14:39:07] - 95 	 27.0 	 	 0.0200 	 3.9026 	 0.4020
[2025/10/20 14:39:07] - ==> Building model..
[2025/10/20 14:39:31] - Test Loss 	 Test Acc 	 PGD Loss 	 PGD Acc
[2025/10/20 14:39:31] - 2.5963 	 	 0.5165 	 2.8845 	 0.2835
[2025/10/20 14:40:30] - 96 	 28.0 	 	 0.0200 	 3.8773 	 0.4218
[2025/10/20 14:40:30] - ==> Building model..
[2025/10/20 14:40:55] - Test Loss 	 Test Acc 	 PGD Loss 	 PGD Acc
[2025/10/20 14:40:55] - 2.5960 	 	 0.5172 	 2.8836 	 0.2834
[2025/10/20 14:41:52] - 97 	 27.2 	 	 0.0200 	 3.8593 	 0.4333
[2025/10/20 14:41:52] - ==> Building model..
[2025/10/20 14:42:18] - Test Loss 	 Test Acc 	 PGD Loss 	 PGD Acc
[2025/10/20 14:42:18] - 2.5964 	 	 0.5172 	 2.8845 	 0.2834
[2025/10/20 14:43:17] - 98 	 27.6 	 	 0.0200 	 3.8454 	 0.4431
[2025/10/20 14:43:17] - ==> Building model..
[2025/10/20 14:43:43] - Test Loss 	 Test Acc 	 PGD Loss 	 PGD Acc
[2025/10/20 14:43:43] - 2.5978 	 	 0.5173 	 2.8857 	 0.2836
[2025/10/20 14:44:41] - 99 	 27.7 	 	 0.0020 	 3.8145 	 0.4651
[2025/10/20 14:44:41] - ==> Building model..
[2025/10/20 14:45:07] - Test Loss 	 Test Acc 	 PGD Loss 	 PGD Acc
[2025/10/20 14:45:07] - 2.5978 	 	 0.5173 	 2.8854 	 0.2835
[2025/10/20 14:46:05] - 100 	 27.5 	 	 0.0020 	 3.7860 	 0.4900
[2025/10/20 14:46:05] - ==> Building model..
[2025/10/20 14:46:31] - Test Loss 	 Test Acc 	 PGD Loss 	 PGD Acc
[2025/10/20 14:46:31] - 2.5978 	 	 0.5173 	 2.8855 	 0.2835
[2025/10/20 14:47:29] - 101 	 26.9 	 	 0.0020 	 3.7809 	 0.4948
[2025/10/20 14:47:29] - ==> Building model..
[2025/10/20 14:47:55] - Test Loss 	 Test Acc 	 PGD Loss 	 PGD Acc
[2025/10/20 14:47:55] - 2.5978 	 	 0.5173 	 2.8857 	 0.2834
[2025/10/20 14:48:52] - 102 	 26.9 	 	 0.0020 	 3.7746 	 0.4974
[2025/10/20 14:48:52] - ==> Building model..
[2025/10/20 14:49:18] - Test Loss 	 Test Acc 	 PGD Loss 	 PGD Acc
[2025/10/20 14:49:18] - 2.5983 	 	 0.5170 	 2.8865 	 0.2837
[2025/10/20 14:50:16] - 103 	 27.3 	 	 0.0020 	 3.7703 	 0.5026
[2025/10/20 14:50:16] - ==> Building model..
[2025/10/20 14:50:43] - Test Loss 	 Test Acc 	 PGD Loss 	 PGD Acc
[2025/10/20 14:50:43] - 2.5983 	 	 0.5170 	 2.8863 	 0.2835
[2025/10/20 14:51:41] - 104 	 27.3 	 	 0.0020 	 3.7653 	 0.5070
[2025/10/20 14:51:41] - ==> Building model..
[2025/10/20 14:52:08] - Test Loss 	 Test Acc 	 PGD Loss 	 PGD Acc
[2025/10/20 14:52:08] - 2.5983 	 	 0.5170 	 2.8866 	 0.2840
[2025/10/20 14:53:05] - 105 	 26.6 	 	 0.0020 	 3.7613 	 0.5083
[2025/10/20 14:53:05] - ==> Building model..
[2025/10/20 14:53:31] - Test Loss 	 Test Acc 	 PGD Loss 	 PGD Acc
[2025/10/20 14:53:31] - 2.5983 	 	 0.5170 	 2.8861 	 0.2838
[2025/10/20 14:54:27] - 106 	 25.7 	 	 0.0020 	 3.7576 	 0.5128
[2025/10/20 14:54:27] - ==> Building model..
[2025/10/20 14:54:54] - Test Loss 	 Test Acc 	 PGD Loss 	 PGD Acc
[2025/10/20 14:54:54] - 2.5990 	 	 0.5169 	 2.8865 	 0.2836
[2025/10/20 14:55:51] - 107 	 26.6 	 	 0.0020 	 3.7540 	 0.5152
[2025/10/20 14:55:51] - ==> Building model..
[2025/10/20 14:56:18] - Test Loss 	 Test Acc 	 PGD Loss 	 PGD Acc
[2025/10/20 14:56:18] - 2.5990 	 	 0.5169 	 2.8870 	 0.2835
[2025/10/20 14:57:15] - 108 	 26.6 	 	 0.0020 	 3.7503 	 0.5188
[2025/10/20 14:57:15] - ==> Building model..
[2025/10/20 14:57:41] - Test Loss 	 Test Acc 	 PGD Loss 	 PGD Acc
[2025/10/20 14:57:41] - 2.5997 	 	 0.5169 	 2.8871 	 0.2839
[2025/10/20 14:58:37] - 109 	 26.5 	 	 0.0020 	 3.7459 	 0.5226
[2025/10/20 14:58:37] - ==> Building model..
[2025/10/20 14:59:04] - Test Loss 	 Test Acc 	 PGD Loss 	 PGD Acc
[2025/10/20 14:59:04] - 2.5997 	 	 0.5169 	 2.8876 	 0.2833
[2025/10/20 14:59:04] - [0.0722, 0.1251, 0.169, 0.2228, 0.2625, 0.3117, 0.3542, 0.385, 0.4043, 0.4181, 0.4285, 0.4372, 0.4477, 0.4566, 0.461, 0.4668, 0.4719, 0.4745, 0.4782, 0.4793, 0.4806, 0.4818, 0.4853, 0.4894, 0.49, 0.4927, 0.4915, 0.4941, 0.4967, 0.4976, 0.4991, 0.5012, 0.503, 0.503, 0.5036, 0.5045, 0.5064, 0.5069, 0.5074, 0.5072, 0.5097, 0.5105, 0.5106, 0.5108, 0.5144, 0.5141, 0.515, 0.5141, 0.5147, 0.5136, 0.5133, 0.5148, 0.5147, 0.5143, 0.5136, 0.5147, 0.5158, 0.516, 0.5158, 0.5158, 0.5175, 0.516, 0.5165, 0.5161, 0.5158, 0.5154, 0.5137, 0.5149, 0.5149, 0.5151, 0.5152, 0.5144, 0.5151, 0.5152, 0.5152, 0.5167, 0.5155, 0.5156, 0.5161, 0.5159, 0.5166, 0.516, 0.5172, 0.5172, 0.5166, 0.5155, 0.5158, 0.5158, 0.5151, 0.5166, 0.5161, 0.5153, 0.5159, 0.5153, 0.5156, 0.5165, 0.5172, 0.5172, 0.5173, 0.5173, 0.5173, 0.5173, 0.517, 0.517, 0.517, 0.517, 0.5169, 0.5169, 0.5169, 0.5169]
[2025/10/20 14:59:04] - [0.049, 0.0817, 0.1025, 0.1302, 0.1562, 0.1797, 0.1975, 0.2105, 0.2194, 0.225, 0.2328, 0.2361, 0.2414, 0.2439, 0.2494, 0.2512, 0.252, 0.2548, 0.256, 0.2579, 0.2584, 0.2583, 0.2589, 0.2606, 0.2646, 0.2642, 0.2645, 0.2659, 0.2676, 0.2674, 0.2671, 0.2691, 0.269, 0.2699, 0.2715, 0.2723, 0.2732, 0.2734, 0.2742, 0.2744, 0.2745, 0.2752, 0.2743, 0.2763, 0.2769, 0.2771, 0.2783, 0.2782, 0.2798, 0.2789, 0.2784, 0.2777, 0.2779, 0.2775, 0.2783, 0.2777, 0.2799, 0.2797, 0.2794, 0.2793, 0.2804, 0.2801, 0.2805, 0.2801, 0.2809, 0.2814, 0.2805, 0.2795, 0.2804, 0.281, 0.2817, 0.282, 0.282, 0.2812, 0.2813, 0.282, 0.2803, 0.2809, 0.282, 0.2821, 0.2824, 0.2841, 0.2845, 0.2841, 0.2848, 0.2846, 0.284, 0.2837, 0.284, 0.2857, 0.2859, 0.2843, 0.2849, 0.2832, 0.2829, 0.2835, 0.2834, 0.2834, 0.2836, 0.2835, 0.2835, 0.2834, 0.2837, 0.2835, 0.284, 0.2838, 0.2836, 0.2835, 0.2839, 0.2833]
