[2025/09/21 16:53:03] - Namespace(batch_size=128, data_dir='cifar-data', epochs=100, lr_schedule='multistep', lr_min=0.0, lr_max=0.2, weight_decay=0.0005, momentum=0.9, model='ResNet18', epsilon=8, alpha=8, delta_init='random', normal_mean=0, normal_std=1, out_dir='./output/CIFAR100/beta_0.8', seed=0, lamda=42, lam_scale=0.1, lam_start=50, gamma=0.05, inner_gamma=0.05, beta=0.8, mu=3.5, batch_m=0.75, early_stop=False, factor=0.5, length=4, n_holes=1, c_num=0.125, EMA_value=0.55)
[2025/09/21 16:53:09] - ==> Building model..
[2025/09/21 16:53:09] - Epoch 	 Seconds 	 LR 	 	 Train Loss 	 Train Acc
[2025/09/21 16:54:28] - 0 	 51.4 	 	 0.0100 	 4.6441 	 0.0263
[2025/09/21 16:54:28] - ==> Building model..
[2025/09/21 16:55:01] - Test Loss 	 Test Acc 	 PGD Loss 	 PGD Acc
[2025/09/21 16:55:01] - 4.2631 	 	 0.0801 	 4.2824 	 0.0450
[2025/09/21 16:56:19] - 1 	 49.9 	 	 0.0199 	 4.4883 	 0.0657
[2025/09/21 16:56:19] - ==> Building model..
[2025/09/21 16:56:50] - Test Loss 	 Test Acc 	 PGD Loss 	 PGD Acc
[2025/09/21 16:56:50] - 4.0386 	 	 0.1309 	 4.0709 	 0.0778
[2025/09/21 16:58:06] - 2 	 49.4 	 	 0.0299 	 4.4311 	 0.0970
[2025/09/21 16:58:06] - ==> Building model..
[2025/09/21 16:58:42] - Test Loss 	 Test Acc 	 PGD Loss 	 PGD Acc
[2025/09/21 16:58:42] - 3.8496 	 	 0.1834 	 3.8989 	 0.1072
[2025/09/21 16:59:59] - 3 	 49.1 	 	 0.0399 	 4.3853 	 0.1183
[2025/09/21 16:59:59] - ==> Building model..
[2025/09/21 17:00:37] - Test Loss 	 Test Acc 	 PGD Loss 	 PGD Acc
[2025/09/21 17:00:37] - 3.6778 	 	 0.2205 	 3.7472 	 0.1271
[2025/09/21 17:01:52] - 4 	 47.9 	 	 0.0499 	 4.3475 	 0.1384
[2025/09/21 17:01:52] - ==> Building model..
[2025/09/21 17:02:30] - Test Loss 	 Test Acc 	 PGD Loss 	 PGD Acc
[2025/09/21 17:02:30] - 3.5383 	 	 0.2589 	 3.6279 	 0.1442
[2025/09/21 17:03:45] - 5 	 45.6 	 	 0.0598 	 4.3111 	 0.1591
[2025/09/21 17:03:45] - ==> Building model..
[2025/09/21 17:04:21] - Test Loss 	 Test Acc 	 PGD Loss 	 PGD Acc
[2025/09/21 17:04:21] - 3.4234 	 	 0.2863 	 3.5315 	 0.1616
[2025/09/21 17:05:39] - 6 	 49.5 	 	 0.0698 	 4.2750 	 0.1755
[2025/09/21 17:05:39] - ==> Building model..
[2025/09/21 17:06:15] - Test Loss 	 Test Acc 	 PGD Loss 	 PGD Acc
[2025/09/21 17:06:15] - 3.3022 	 	 0.3157 	 3.4321 	 0.1776
[2025/09/21 17:07:33] - 7 	 48.6 	 	 0.0798 	 4.2410 	 0.1942
[2025/09/21 17:07:33] - ==> Building model..
[2025/09/21 17:08:07] - Test Loss 	 Test Acc 	 PGD Loss 	 PGD Acc
[2025/09/21 17:08:07] - 3.1889 	 	 0.3514 	 3.3419 	 0.1916
[2025/09/21 17:09:23] - 8 	 46.9 	 	 0.0898 	 4.2090 	 0.2109
[2025/09/21 17:09:23] - ==> Building model..
[2025/09/21 17:09:59] - Test Loss 	 Test Acc 	 PGD Loss 	 PGD Acc
[2025/09/21 17:09:59] - 3.0872 	 	 0.3786 	 3.2622 	 0.2050
[2025/09/21 17:11:16] - 9 	 47.9 	 	 0.0997 	 4.1817 	 0.2284
[2025/09/21 17:11:16] - ==> Building model..
[2025/09/21 17:11:53] - Test Loss 	 Test Acc 	 PGD Loss 	 PGD Acc
[2025/09/21 17:11:53] - 3.0226 	 	 0.3982 	 3.2133 	 0.2123
[2025/09/21 17:13:09] - 10 	 46.5 	 	 0.1097 	 4.1594 	 0.2378
[2025/09/21 17:13:09] - ==> Building model..
[2025/09/21 17:13:47] - Test Loss 	 Test Acc 	 PGD Loss 	 PGD Acc
[2025/09/21 17:13:47] - 2.9906 	 	 0.4162 	 3.1934 	 0.2218
[2025/09/21 17:15:02] - 11 	 46.3 	 	 0.1197 	 4.1423 	 0.2484
[2025/09/21 17:15:02] - ==> Building model..
[2025/09/21 17:15:41] - Test Loss 	 Test Acc 	 PGD Loss 	 PGD Acc
[2025/09/21 17:15:41] - 2.9652 	 	 0.4280 	 3.1783 	 0.2300
[2025/09/21 17:16:55] - 12 	 43.6 	 	 0.1297 	 4.1244 	 0.2593
[2025/09/21 17:16:55] - ==> Building model..
[2025/09/21 17:17:35] - Test Loss 	 Test Acc 	 PGD Loss 	 PGD Acc
[2025/09/21 17:17:35] - 2.9753 	 	 0.4349 	 3.1910 	 0.2335
[2025/09/21 17:18:51] - 13 	 46.1 	 	 0.1396 	 4.1119 	 0.2643
[2025/09/21 17:18:51] - ==> Building model..
[2025/09/21 17:19:30] - Test Loss 	 Test Acc 	 PGD Loss 	 PGD Acc
[2025/09/21 17:19:30] - 3.0109 	 	 0.4376 	 3.2249 	 0.2350
[2025/09/21 17:20:44] - 14 	 44.9 	 	 0.1496 	 4.0984 	 0.2744
[2025/09/21 17:20:44] - ==> Building model..
[2025/09/21 17:21:23] - Test Loss 	 Test Acc 	 PGD Loss 	 PGD Acc
[2025/09/21 17:21:23] - 3.0774 	 	 0.4339 	 3.2832 	 0.2288
[2025/09/21 17:22:35] - 15 	 42.8 	 	 0.1596 	 4.0861 	 0.2802
[2025/09/21 17:22:35] - ==> Building model..
[2025/09/21 17:23:12] - Test Loss 	 Test Acc 	 PGD Loss 	 PGD Acc
[2025/09/21 17:23:12] - 3.1477 	 	 0.4239 	 3.3427 	 0.2263
[2025/09/21 17:24:28] - 16 	 47.6 	 	 0.1696 	 4.0772 	 0.2843
[2025/09/21 17:24:28] - ==> Building model..
[2025/09/21 17:25:04] - Test Loss 	 Test Acc 	 PGD Loss 	 PGD Acc
[2025/09/21 17:25:04] - 3.2633 	 	 0.4032 	 3.4386 	 0.2119
[2025/09/21 17:26:21] - 17 	 48.8 	 	 0.1795 	 4.0715 	 0.2874
[2025/09/21 17:26:21] - ==> Building model..
[2025/09/21 17:26:55] - Test Loss 	 Test Acc 	 PGD Loss 	 PGD Acc
[2025/09/21 17:26:55] - 3.3416 	 	 0.3888 	 3.5047 	 0.2024
[2025/09/21 17:28:13] - 18 	 50.3 	 	 0.1895 	 4.0651 	 0.2902
[2025/09/21 17:28:13] - ==> Building model..
[2025/09/21 17:28:46] - Test Loss 	 Test Acc 	 PGD Loss 	 PGD Acc
[2025/09/21 17:28:46] - 3.3757 	 	 0.3818 	 3.5344 	 0.1967
[2025/09/21 17:30:04] - 19 	 49.1 	 	 0.1995 	 4.0595 	 0.2959
[2025/09/21 17:30:04] - ==> Building model..
[2025/09/21 17:30:40] - Test Loss 	 Test Acc 	 PGD Loss 	 PGD Acc
[2025/09/21 17:30:40] - 3.3505 	 	 0.3898 	 3.5136 	 0.1990
[2025/09/21 17:31:56] - 20 	 48.5 	 	 0.1976 	 4.0532 	 0.2996
[2025/09/21 17:31:56] - ==> Building model..
[2025/09/21 17:32:33] - Test Loss 	 Test Acc 	 PGD Loss 	 PGD Acc
[2025/09/21 17:32:33] - 3.2872 	 	 0.4039 	 3.4628 	 0.2075
[2025/09/21 17:33:49] - 21 	 48.2 	 	 0.1951 	 4.0451 	 0.3052
[2025/09/21 17:33:49] - ==> Building model..
[2025/09/21 17:34:26] - Test Loss 	 Test Acc 	 PGD Loss 	 PGD Acc
[2025/09/21 17:34:26] - 3.1904 	 	 0.4268 	 3.3856 	 0.2206
[2025/09/21 17:35:41] - 22 	 46.6 	 	 0.1926 	 4.0401 	 0.3088
[2025/09/21 17:35:41] - ==> Building model..
[2025/09/21 17:36:18] - Test Loss 	 Test Acc 	 PGD Loss 	 PGD Acc
[2025/09/21 17:36:18] - 3.0646 	 	 0.4535 	 3.2839 	 0.2348
[2025/09/21 17:37:34] - 23 	 48.8 	 	 0.1902 	 4.0337 	 0.3092
[2025/09/21 17:37:34] - ==> Building model..
[2025/09/21 17:38:10] - Test Loss 	 Test Acc 	 PGD Loss 	 PGD Acc
[2025/09/21 17:38:10] - 2.9460 	 	 0.4736 	 3.1881 	 0.2492
[2025/09/21 17:39:27] - 24 	 48.8 	 	 0.1877 	 4.0250 	 0.3159
[2025/09/21 17:39:27] - ==> Building model..
[2025/09/21 17:40:01] - Test Loss 	 Test Acc 	 PGD Loss 	 PGD Acc
[2025/09/21 17:40:01] - 2.8550 	 	 0.4875 	 3.1139 	 0.2577
[2025/09/21 17:41:17] - 25 	 47.6 	 	 0.1852 	 4.0181 	 0.3210
[2025/09/21 17:41:17] - ==> Building model..
[2025/09/21 17:41:52] - Test Loss 	 Test Acc 	 PGD Loss 	 PGD Acc
[2025/09/21 17:41:52] - 2.7655 	 	 0.5023 	 3.0409 	 0.2666
[2025/09/21 17:43:09] - 26 	 48.6 	 	 0.1827 	 4.0124 	 0.3229
[2025/09/21 17:43:09] - ==> Building model..
[2025/09/21 17:43:46] - Test Loss 	 Test Acc 	 PGD Loss 	 PGD Acc
[2025/09/21 17:43:46] - 2.6852 	 	 0.5154 	 2.9760 	 0.2721
[2025/09/21 17:45:03] - 27 	 48.2 	 	 0.1802 	 4.0073 	 0.3276
[2025/09/21 17:45:03] - ==> Building model..
[2025/09/21 17:45:40] - Test Loss 	 Test Acc 	 PGD Loss 	 PGD Acc
[2025/09/21 17:45:40] - 2.6229 	 	 0.5234 	 2.9261 	 0.2778
[2025/09/21 17:46:56] - 28 	 46.7 	 	 0.1777 	 4.0026 	 0.3284
[2025/09/21 17:46:56] - ==> Building model..
[2025/09/21 17:47:35] - Test Loss 	 Test Acc 	 PGD Loss 	 PGD Acc
[2025/09/21 17:47:35] - 2.5742 	 	 0.5299 	 2.8859 	 0.2815
[2025/09/21 17:48:49] - 29 	 44.4 	 	 0.1752 	 3.9966 	 0.3350
[2025/09/21 17:48:49] - ==> Building model..
[2025/09/21 17:49:28] - Test Loss 	 Test Acc 	 PGD Loss 	 PGD Acc
[2025/09/21 17:49:28] - 2.5358 	 	 0.5357 	 2.8556 	 0.2835
[2025/09/21 17:50:43] - 30 	 45.3 	 	 0.1727 	 3.9934 	 0.3332
[2025/09/21 17:50:43] - ==> Building model..
[2025/09/21 17:51:22] - Test Loss 	 Test Acc 	 PGD Loss 	 PGD Acc
[2025/09/21 17:51:22] - 2.5021 	 	 0.5395 	 2.8282 	 0.2855
[2025/09/21 17:52:36] - 31 	 44.1 	 	 0.1702 	 3.9882 	 0.3378
[2025/09/21 17:52:36] - ==> Building model..
[2025/09/21 17:53:16] - Test Loss 	 Test Acc 	 PGD Loss 	 PGD Acc
[2025/09/21 17:53:16] - 2.4744 	 	 0.5438 	 2.8065 	 0.2875
[2025/09/21 17:54:30] - 32 	 43.4 	 	 0.1677 	 3.9831 	 0.3423
[2025/09/21 17:54:30] - ==> Building model..
[2025/09/21 17:55:08] - Test Loss 	 Test Acc 	 PGD Loss 	 PGD Acc
[2025/09/21 17:55:08] - 2.4545 	 	 0.5459 	 2.7904 	 0.2892
[2025/09/21 17:56:23] - 33 	 46.8 	 	 0.1652 	 3.9777 	 0.3450
[2025/09/21 17:56:23] - ==> Building model..
[2025/09/21 17:57:00] - Test Loss 	 Test Acc 	 PGD Loss 	 PGD Acc
[2025/09/21 17:57:00] - 2.4279 	 	 0.5515 	 2.7697 	 0.2908
[2025/09/21 17:58:17] - 34 	 48.5 	 	 0.1627 	 3.9748 	 0.3451
[2025/09/21 17:58:17] - ==> Building model..
[2025/09/21 17:58:50] - Test Loss 	 Test Acc 	 PGD Loss 	 PGD Acc
[2025/09/21 17:58:50] - 2.4066 	 	 0.5544 	 2.7525 	 0.2930
[2025/09/21 18:00:08] - 35 	 49.4 	 	 0.1602 	 3.9681 	 0.3500
[2025/09/21 18:00:08] - ==> Building model..
[2025/09/21 18:00:39] - Test Loss 	 Test Acc 	 PGD Loss 	 PGD Acc
[2025/09/21 18:00:39] - 2.3885 	 	 0.5587 	 2.7389 	 0.2944
[2025/09/21 18:01:56] - 36 	 49.3 	 	 0.1577 	 3.9647 	 0.3529
[2025/09/21 18:01:56] - ==> Building model..
[2025/09/21 18:02:32] - Test Loss 	 Test Acc 	 PGD Loss 	 PGD Acc
[2025/09/21 18:02:32] - 2.3723 	 	 0.5604 	 2.7254 	 0.2962
[2025/09/21 18:03:49] - 37 	 48.2 	 	 0.1552 	 3.9606 	 0.3574
[2025/09/21 18:03:49] - ==> Building model..
[2025/09/21 18:04:25] - Test Loss 	 Test Acc 	 PGD Loss 	 PGD Acc
[2025/09/21 18:04:25] - 2.3607 	 	 0.5636 	 2.7168 	 0.2965
[2025/09/21 18:05:40] - 38 	 47.6 	 	 0.1527 	 3.9561 	 0.3587
[2025/09/21 18:05:40] - ==> Building model..
[2025/09/21 18:06:18] - Test Loss 	 Test Acc 	 PGD Loss 	 PGD Acc
[2025/09/21 18:06:18] - 2.3487 	 	 0.5643 	 2.7075 	 0.2996
[2025/09/21 18:07:33] - 39 	 46.5 	 	 0.1503 	 3.9534 	 0.3606
[2025/09/21 18:07:33] - ==> Building model..
[2025/09/21 18:08:10] - Test Loss 	 Test Acc 	 PGD Loss 	 PGD Acc
[2025/09/21 18:08:10] - 2.3371 	 	 0.5652 	 2.6984 	 0.2998
[2025/09/21 18:09:27] - 40 	 48.6 	 	 0.1478 	 3.9483 	 0.3633
[2025/09/21 18:09:27] - ==> Building model..
[2025/09/21 18:10:03] - Test Loss 	 Test Acc 	 PGD Loss 	 PGD Acc
[2025/09/21 18:10:03] - 2.3280 	 	 0.5671 	 2.6919 	 0.3009
[2025/09/21 18:11:20] - 41 	 48.6 	 	 0.1453 	 3.9468 	 0.3628
[2025/09/21 18:11:20] - ==> Building model..
[2025/09/21 18:11:54] - Test Loss 	 Test Acc 	 PGD Loss 	 PGD Acc
[2025/09/21 18:11:54] - 2.3163 	 	 0.5697 	 2.6825 	 0.3006
[2025/09/21 18:13:09] - 42 	 46.4 	 	 0.1428 	 3.9430 	 0.3678
[2025/09/21 18:13:09] - ==> Building model..
[2025/09/21 18:13:45] - Test Loss 	 Test Acc 	 PGD Loss 	 PGD Acc
[2025/09/21 18:13:45] - 2.3074 	 	 0.5713 	 2.6759 	 0.3022
[2025/09/21 18:15:03] - 43 	 48.3 	 	 0.1403 	 3.9379 	 0.3695
[2025/09/21 18:15:03] - ==> Building model..
[2025/09/21 18:15:40] - Test Loss 	 Test Acc 	 PGD Loss 	 PGD Acc
[2025/09/21 18:15:40] - 2.2992 	 	 0.5740 	 2.6692 	 0.3028
[2025/09/21 18:16:55] - 44 	 46.4 	 	 0.1378 	 3.9354 	 0.3703
[2025/09/21 18:16:55] - ==> Building model..
[2025/09/21 18:17:33] - Test Loss 	 Test Acc 	 PGD Loss 	 PGD Acc
[2025/09/21 18:17:33] - 2.2907 	 	 0.5756 	 2.6636 	 0.3029
[2025/09/21 18:18:49] - 45 	 46.1 	 	 0.1353 	 3.9281 	 0.3770
[2025/09/21 18:18:49] - ==> Building model..
[2025/09/21 18:19:26] - Test Loss 	 Test Acc 	 PGD Loss 	 PGD Acc
[2025/09/21 18:19:26] - 2.2844 	 	 0.5770 	 2.6571 	 0.3025
[2025/09/21 18:20:40] - 46 	 44.9 	 	 0.1328 	 3.9255 	 0.3796
[2025/09/21 18:20:40] - ==> Building model..
[2025/09/21 18:21:20] - Test Loss 	 Test Acc 	 PGD Loss 	 PGD Acc
[2025/09/21 18:21:20] - 2.2785 	 	 0.5774 	 2.6538 	 0.3031
[2025/09/21 18:22:34] - 47 	 45.1 	 	 0.1303 	 3.9228 	 0.3794
[2025/09/21 18:22:34] - ==> Building model..
[2025/09/21 18:23:12] - Test Loss 	 Test Acc 	 PGD Loss 	 PGD Acc
[2025/09/21 18:23:12] - 2.2724 	 	 0.5794 	 2.6497 	 0.3034
[2025/09/21 18:24:27] - 48 	 45.2 	 	 0.1278 	 3.9160 	 0.3852
[2025/09/21 18:24:27] - ==> Building model..
[2025/09/21 18:25:06] - Test Loss 	 Test Acc 	 PGD Loss 	 PGD Acc
[2025/09/21 18:25:06] - 2.2658 	 	 0.5824 	 2.6456 	 0.3045
[2025/09/21 18:26:17] - 49 	 43.1 	 	 0.1253 	 3.9116 	 0.3875
[2025/09/21 18:26:17] - ==> Building model..
[2025/09/21 18:26:54] - Test Loss 	 Test Acc 	 PGD Loss 	 PGD Acc
[2025/09/21 18:26:54] - 2.2620 	 	 0.5826 	 2.6420 	 0.3043
[2025/09/21 18:28:09] - 50 	 47.4 	 	 0.1228 	 3.9091 	 0.3868
[2025/09/21 18:28:09] - ==> Building model..
[2025/09/21 18:28:45] - Test Loss 	 Test Acc 	 PGD Loss 	 PGD Acc
[2025/09/21 18:28:45] - 2.2563 	 	 0.5837 	 2.6387 	 0.3060
[2025/09/21 18:30:01] - 51 	 48.2 	 	 0.1203 	 3.9053 	 0.3916
[2025/09/21 18:30:01] - ==> Building model..
[2025/09/21 18:30:35] - Test Loss 	 Test Acc 	 PGD Loss 	 PGD Acc
[2025/09/21 18:30:35] - 2.2532 	 	 0.5845 	 2.6354 	 0.3042
[2025/09/21 18:31:53] - 52 	 49.5 	 	 0.1178 	 3.9025 	 0.3923
[2025/09/21 18:31:53] - ==> Building model..
[2025/09/21 18:32:24] - Test Loss 	 Test Acc 	 PGD Loss 	 PGD Acc
[2025/09/21 18:32:24] - 2.2483 	 	 0.5863 	 2.6326 	 0.3057
[2025/09/21 18:33:40] - 53 	 48.3 	 	 0.1153 	 3.8980 	 0.3963
[2025/09/21 18:33:40] - ==> Building model..
[2025/09/21 18:34:16] - Test Loss 	 Test Acc 	 PGD Loss 	 PGD Acc
[2025/09/21 18:34:16] - 2.2440 	 	 0.5856 	 2.6293 	 0.3069
[2025/09/21 18:35:31] - 54 	 47.7 	 	 0.1129 	 3.8968 	 0.4017
[2025/09/21 18:35:31] - ==> Building model..
[2025/09/21 18:36:08] - Test Loss 	 Test Acc 	 PGD Loss 	 PGD Acc
[2025/09/21 18:36:08] - 2.2416 	 	 0.5865 	 2.6281 	 0.3077
[2025/09/21 18:37:23] - 55 	 47.4 	 	 0.1104 	 3.8931 	 0.4025
[2025/09/21 18:37:23] - ==> Building model..
[2025/09/21 18:38:01] - Test Loss 	 Test Acc 	 PGD Loss 	 PGD Acc
[2025/09/21 18:38:01] - 2.2405 	 	 0.5867 	 2.6267 	 0.3090
[2025/09/21 18:39:14] - 56 	 45.2 	 	 0.1079 	 3.8882 	 0.4064
[2025/09/21 18:39:14] - ==> Building model..
[2025/09/21 18:39:50] - Test Loss 	 Test Acc 	 PGD Loss 	 PGD Acc
[2025/09/21 18:39:50] - 2.2383 	 	 0.5867 	 2.6255 	 0.3086
[2025/09/21 18:41:05] - 57 	 47.6 	 	 0.1054 	 3.8857 	 0.4089
[2025/09/21 18:41:05] - ==> Building model..
[2025/09/21 18:41:42] - Test Loss 	 Test Acc 	 PGD Loss 	 PGD Acc
[2025/09/21 18:41:42] - 2.2375 	 	 0.5873 	 2.6248 	 0.3089
[2025/09/21 18:42:58] - 58 	 47.4 	 	 0.1029 	 3.8817 	 0.4137
[2025/09/21 18:42:58] - ==> Building model..
[2025/09/21 18:43:32] - Test Loss 	 Test Acc 	 PGD Loss 	 PGD Acc
[2025/09/21 18:43:32] - 2.2375 	 	 0.5880 	 2.6249 	 0.3092
[2025/09/21 18:44:49] - 59 	 46.0 	 	 0.1004 	 3.8792 	 0.4125
[2025/09/21 18:44:49] - ==> Building model..
[2025/09/21 18:45:26] - Test Loss 	 Test Acc 	 PGD Loss 	 PGD Acc
[2025/09/21 18:45:26] - 2.2369 	 	 0.5891 	 2.6243 	 0.3088
[2025/09/21 18:46:40] - 60 	 45.2 	 	 0.0979 	 3.8744 	 0.4196
[2025/09/21 18:46:40] - ==> Building model..
[2025/09/21 18:47:20] - Test Loss 	 Test Acc 	 PGD Loss 	 PGD Acc
[2025/09/21 18:47:20] - 2.2371 	 	 0.5884 	 2.6246 	 0.3093
[2025/09/21 18:48:34] - 61 	 45.0 	 	 0.0954 	 3.8711 	 0.4202
[2025/09/21 18:48:34] - ==> Building model..
[2025/09/21 18:49:13] - Test Loss 	 Test Acc 	 PGD Loss 	 PGD Acc
[2025/09/21 18:49:13] - 2.2372 	 	 0.5896 	 2.6244 	 0.3097
[2025/09/21 18:50:27] - 62 	 44.0 	 	 0.0929 	 3.8672 	 0.4271
[2025/09/21 18:50:27] - ==> Building model..
[2025/09/21 18:51:06] - Test Loss 	 Test Acc 	 PGD Loss 	 PGD Acc
[2025/09/21 18:51:06] - 2.2375 	 	 0.5901 	 2.6247 	 0.3106
[2025/09/21 18:52:18] - 63 	 43.0 	 	 0.0904 	 3.8644 	 0.4276
[2025/09/21 18:52:18] - ==> Building model..
[2025/09/21 18:52:55] - Test Loss 	 Test Acc 	 PGD Loss 	 PGD Acc
[2025/09/21 18:52:55] - 2.2389 	 	 0.5908 	 2.6252 	 0.3097
[2025/09/21 18:54:11] - 64 	 46.6 	 	 0.0879 	 3.8590 	 0.4346
[2025/09/21 18:54:11] - ==> Building model..
[2025/09/21 18:54:47] - Test Loss 	 Test Acc 	 PGD Loss 	 PGD Acc
[2025/09/21 18:54:47] - 2.2397 	 	 0.5913 	 2.6268 	 0.3104
[2025/09/21 18:56:01] - 65 	 45.8 	 	 0.0854 	 3.8560 	 0.4353
[2025/09/21 18:56:01] - ==> Building model..
[2025/09/21 18:56:39] - Test Loss 	 Test Acc 	 PGD Loss 	 PGD Acc
[2025/09/21 18:56:39] - 2.2420 	 	 0.5917 	 2.6281 	 0.3096
[2025/09/21 18:57:53] - 66 	 46.0 	 	 0.0829 	 3.8510 	 0.4377
[2025/09/21 18:57:53] - ==> Building model..
[2025/09/21 18:58:29] - Test Loss 	 Test Acc 	 PGD Loss 	 PGD Acc
[2025/09/21 18:58:29] - 2.2446 	 	 0.5910 	 2.6307 	 0.3110
[2025/09/21 18:59:45] - 67 	 47.4 	 	 0.0804 	 3.8482 	 0.4419
[2025/09/21 18:59:45] - ==> Building model..
[2025/09/21 19:00:21] - Test Loss 	 Test Acc 	 PGD Loss 	 PGD Acc
[2025/09/21 19:00:21] - 2.2473 	 	 0.5909 	 2.6324 	 0.3104
[2025/09/21 19:01:37] - 68 	 48.0 	 	 0.0779 	 3.8430 	 0.4472
[2025/09/21 19:01:37] - ==> Building model..
[2025/09/21 19:02:13] - Test Loss 	 Test Acc 	 PGD Loss 	 PGD Acc
[2025/09/21 19:02:13] - 2.2493 	 	 0.5914 	 2.6336 	 0.3107
[2025/09/21 19:03:28] - 69 	 46.8 	 	 0.0754 	 3.8386 	 0.4533
[2025/09/21 19:03:28] - ==> Building model..
[2025/09/21 19:04:05] - Test Loss 	 Test Acc 	 PGD Loss 	 PGD Acc
[2025/09/21 19:04:05] - 2.2518 	 	 0.5916 	 2.6358 	 0.3104
[2025/09/21 19:05:18] - 70 	 45.9 	 	 0.0730 	 3.8342 	 0.4557
[2025/09/21 19:05:18] - ==> Building model..
[2025/09/21 19:05:54] - Test Loss 	 Test Acc 	 PGD Loss 	 PGD Acc
[2025/09/21 19:05:54] - 2.2533 	 	 0.5910 	 2.6369 	 0.3106
[2025/09/21 19:07:11] - 71 	 48.4 	 	 0.0705 	 3.8286 	 0.4612
[2025/09/21 19:07:11] - ==> Building model..
[2025/09/21 19:07:47] - Test Loss 	 Test Acc 	 PGD Loss 	 PGD Acc
[2025/09/21 19:07:47] - 2.2546 	 	 0.5913 	 2.6378 	 0.3107
[2025/09/21 19:09:02] - 72 	 46.5 	 	 0.0680 	 3.8221 	 0.4653
[2025/09/21 19:09:02] - ==> Building model..
[2025/09/21 19:09:39] - Test Loss 	 Test Acc 	 PGD Loss 	 PGD Acc
[2025/09/21 19:09:39] - 2.2570 	 	 0.5913 	 2.6401 	 0.3116
[2025/09/21 19:10:53] - 73 	 44.6 	 	 0.0655 	 3.8157 	 0.4678
[2025/09/21 19:10:53] - ==> Building model..
[2025/09/21 19:11:30] - Test Loss 	 Test Acc 	 PGD Loss 	 PGD Acc
[2025/09/21 19:11:30] - 2.2606 	 	 0.5912 	 2.6419 	 0.3104
[2025/09/21 19:12:45] - 74 	 46.3 	 	 0.0630 	 3.8096 	 0.4745
[2025/09/21 19:12:45] - ==> Building model..
[2025/09/21 19:13:24] - Test Loss 	 Test Acc 	 PGD Loss 	 PGD Acc
[2025/09/21 19:13:24] - 2.2636 	 	 0.5908 	 2.6448 	 0.3110
[2025/09/21 19:14:37] - 75 	 44.9 	 	 0.0605 	 3.8021 	 0.4798
[2025/09/21 19:14:37] - ==> Building model..
[2025/09/21 19:15:16] - Test Loss 	 Test Acc 	 PGD Loss 	 PGD Acc
[2025/09/21 19:15:16] - 2.2646 	 	 0.5907 	 2.6453 	 0.3109
[2025/09/21 19:16:30] - 76 	 45.1 	 	 0.0580 	 3.7950 	 0.4847
[2025/09/21 19:16:30] - ==> Building model..
[2025/09/21 19:17:07] - Test Loss 	 Test Acc 	 PGD Loss 	 PGD Acc
[2025/09/21 19:17:07] - 2.2663 	 	 0.5909 	 2.6473 	 0.3106
[2025/09/21 19:18:21] - 77 	 44.4 	 	 0.0555 	 3.7858 	 0.4929
[2025/09/21 19:18:21] - ==> Building model..
[2025/09/21 19:18:59] - Test Loss 	 Test Acc 	 PGD Loss 	 PGD Acc
[2025/09/21 19:18:59] - 2.2681 	 	 0.5908 	 2.6484 	 0.3111
[2025/09/21 19:20:14] - 78 	 45.7 	 	 0.0530 	 3.7784 	 0.4975
[2025/09/21 19:20:14] - ==> Building model..
[2025/09/21 19:20:52] - Test Loss 	 Test Acc 	 PGD Loss 	 PGD Acc
[2025/09/21 19:20:52] - 2.2689 	 	 0.5907 	 2.6488 	 0.3104
[2025/09/21 19:22:05] - 79 	 45.0 	 	 0.0505 	 3.7693 	 0.5058
[2025/09/21 19:22:05] - ==> Building model..
[2025/09/21 19:22:44] - Test Loss 	 Test Acc 	 PGD Loss 	 PGD Acc
[2025/09/21 19:22:44] - 2.2696 	 	 0.5907 	 2.6495 	 0.3106
[2025/09/21 19:23:57] - 80 	 44.4 	 	 0.0480 	 3.7578 	 0.5162
[2025/09/21 19:23:57] - ==> Building model..
[2025/09/21 19:24:33] - Test Loss 	 Test Acc 	 PGD Loss 	 PGD Acc
[2025/09/21 19:24:33] - 2.2711 	 	 0.5904 	 2.6505 	 0.3113
[2025/09/21 19:25:50] - 81 	 47.6 	 	 0.0455 	 3.7475 	 0.5252
[2025/09/21 19:25:50] - ==> Building model..
[2025/09/21 19:26:26] - Test Loss 	 Test Acc 	 PGD Loss 	 PGD Acc
[2025/09/21 19:26:26] - 2.2727 	 	 0.5904 	 2.6518 	 0.3115
[2025/09/21 19:27:43] - 82 	 48.1 	 	 0.0430 	 3.7408 	 0.5320
[2025/09/21 19:27:43] - ==> Building model..
[2025/09/21 19:28:19] - Test Loss 	 Test Acc 	 PGD Loss 	 PGD Acc
[2025/09/21 19:28:19] - 2.2727 	 	 0.5904 	 2.6525 	 0.3111
[2025/09/21 19:29:34] - 83 	 47.4 	 	 0.0405 	 3.7256 	 0.5426
[2025/09/21 19:29:34] - ==> Building model..
[2025/09/21 19:30:09] - Test Loss 	 Test Acc 	 PGD Loss 	 PGD Acc
[2025/09/21 19:30:09] - 2.2759 	 	 0.5900 	 2.6543 	 0.3114
[2025/09/21 19:31:25] - 84 	 48.0 	 	 0.0380 	 3.7164 	 0.5491
[2025/09/21 19:31:25] - ==> Building model..
[2025/09/21 19:32:01] - Test Loss 	 Test Acc 	 PGD Loss 	 PGD Acc
[2025/09/21 19:32:01] - 2.2759 	 	 0.5900 	 2.6542 	 0.3102
[2025/09/21 19:33:19] - 85 	 48.6 	 	 0.0355 	 3.7037 	 0.5608
[2025/09/21 19:33:19] - ==> Building model..
[2025/09/21 19:33:55] - Test Loss 	 Test Acc 	 PGD Loss 	 PGD Acc
[2025/09/21 19:33:55] - 2.2770 	 	 0.5897 	 2.6555 	 0.3110
[2025/09/21 19:35:10] - 86 	 47.3 	 	 0.0331 	 3.6918 	 0.5711
[2025/09/21 19:35:10] - ==> Building model..
[2025/09/21 19:35:48] - Test Loss 	 Test Acc 	 PGD Loss 	 PGD Acc
[2025/09/21 19:35:48] - 2.2770 	 	 0.5897 	 2.6551 	 0.3109
[2025/09/21 19:37:01] - 87 	 45.2 	 	 0.0306 	 3.6741 	 0.5860
[2025/09/21 19:37:01] - ==> Building model..
[2025/09/21 19:37:37] - Test Loss 	 Test Acc 	 PGD Loss 	 PGD Acc
[2025/09/21 19:37:37] - 2.2770 	 	 0.5897 	 2.6554 	 0.3115
[2025/09/21 19:38:52] - 88 	 47.4 	 	 0.0281 	 3.6584 	 0.6022
[2025/09/21 19:38:52] - ==> Building model..
[2025/09/21 19:39:29] - Test Loss 	 Test Acc 	 PGD Loss 	 PGD Acc
[2025/09/21 19:39:29] - 2.2786 	 	 0.5899 	 2.6567 	 0.3113
[2025/09/21 19:40:44] - 89 	 45.9 	 	 0.0256 	 3.6420 	 0.6174
[2025/09/21 19:40:44] - ==> Building model..
[2025/09/21 19:41:22] - Test Loss 	 Test Acc 	 PGD Loss 	 PGD Acc
[2025/09/21 19:41:22] - 2.2786 	 	 0.5899 	 2.6564 	 0.3115
[2025/09/21 19:42:35] - 90 	 43.9 	 	 0.0231 	 3.6226 	 0.6359
[2025/09/21 19:42:35] - ==> Building model..
[2025/09/21 19:43:14] - Test Loss 	 Test Acc 	 PGD Loss 	 PGD Acc
[2025/09/21 19:43:14] - 2.2786 	 	 0.5899 	 2.6566 	 0.3107
[2025/09/21 19:44:28] - 91 	 45.2 	 	 0.0206 	 3.6040 	 0.6513
[2025/09/21 19:44:28] - ==> Building model..
[2025/09/21 19:45:07] - Test Loss 	 Test Acc 	 PGD Loss 	 PGD Acc
[2025/09/21 19:45:07] - 2.2786 	 	 0.5899 	 2.6567 	 0.3109
[2025/09/21 19:46:22] - 92 	 45.3 	 	 0.0181 	 3.5806 	 0.6749
[2025/09/21 19:46:22] - ==> Building model..
[2025/09/21 19:47:02] - Test Loss 	 Test Acc 	 PGD Loss 	 PGD Acc
[2025/09/21 19:47:02] - 2.2786 	 	 0.5899 	 2.6572 	 0.3107
[2025/09/21 19:48:15] - 93 	 44.2 	 	 0.0156 	 3.5563 	 0.6987
[2025/09/21 19:48:15] - ==> Building model..
[2025/09/21 19:48:51] - Test Loss 	 Test Acc 	 PGD Loss 	 PGD Acc
[2025/09/21 19:48:51] - 2.2786 	 	 0.5899 	 2.6569 	 0.3109
[2025/09/21 19:50:06] - 94 	 45.4 	 	 0.0131 	 3.5297 	 0.7240
[2025/09/21 19:50:06] - ==> Building model..
[2025/09/21 19:50:44] - Test Loss 	 Test Acc 	 PGD Loss 	 PGD Acc
[2025/09/21 19:50:44] - 2.2786 	 	 0.5899 	 2.6557 	 0.3109
[2025/09/21 19:51:59] - 95 	 46.3 	 	 0.0106 	 3.5017 	 0.7518
[2025/09/21 19:51:59] - ==> Building model..
[2025/09/21 19:52:36] - Test Loss 	 Test Acc 	 PGD Loss 	 PGD Acc
[2025/09/21 19:52:36] - 2.2786 	 	 0.5899 	 2.6566 	 0.3114
[2025/09/21 19:53:49] - 96 	 45.6 	 	 0.0081 	 3.4732 	 0.7754
[2025/09/21 19:53:49] - ==> Building model..
[2025/09/21 19:54:26] - Test Loss 	 Test Acc 	 PGD Loss 	 PGD Acc
[2025/09/21 19:54:26] - 2.2786 	 	 0.5899 	 2.6564 	 0.3109
[2025/09/21 19:55:40] - 97 	 44.9 	 	 0.0056 	 3.4430 	 0.8042
[2025/09/21 19:55:40] - ==> Building model..
[2025/09/21 19:56:16] - Test Loss 	 Test Acc 	 PGD Loss 	 PGD Acc
[2025/09/21 19:56:16] - 2.2786 	 	 0.5899 	 2.6572 	 0.3105
[2025/09/21 19:57:32] - 98 	 47.7 	 	 0.0031 	 3.4132 	 0.8326
[2025/09/21 19:57:32] - ==> Building model..
[2025/09/21 19:58:08] - Test Loss 	 Test Acc 	 PGD Loss 	 PGD Acc
[2025/09/21 19:58:08] - 2.2786 	 	 0.5899 	 2.6568 	 0.3104
[2025/09/21 19:59:24] - 99 	 47.5 	 	 0.0006 	 3.3871 	 0.8544
[2025/09/21 19:59:24] - ==> Building model..
[2025/09/21 20:00:00] - Test Loss 	 Test Acc 	 PGD Loss 	 PGD Acc
[2025/09/21 20:00:00] - 2.2786 	 	 0.5899 	 2.6565 	 0.3111
[2025/09/21 20:00:00] - [0.0801, 0.1309, 0.1834, 0.2205, 0.2589, 0.2863, 0.3157, 0.3514, 0.3786, 0.3982, 0.4162, 0.428, 0.4349, 0.4376, 0.4339, 0.4239, 0.4032, 0.3888, 0.3818, 0.3898, 0.4039, 0.4268, 0.4535, 0.4736, 0.4875, 0.5023, 0.5154, 0.5234, 0.5299, 0.5357, 0.5395, 0.5438, 0.5459, 0.5515, 0.5544, 0.5587, 0.5604, 0.5636, 0.5643, 0.5652, 0.5671, 0.5697, 0.5713, 0.574, 0.5756, 0.577, 0.5774, 0.5794, 0.5824, 0.5826, 0.5837, 0.5845, 0.5863, 0.5856, 0.5865, 0.5867, 0.5867, 0.5873, 0.588, 0.5891, 0.5884, 0.5896, 0.5901, 0.5908, 0.5913, 0.5917, 0.591, 0.5909, 0.5914, 0.5916, 0.591, 0.5913, 0.5913, 0.5912, 0.5908, 0.5907, 0.5909, 0.5908, 0.5907, 0.5907, 0.5904, 0.5904, 0.5904, 0.59, 0.59, 0.5897, 0.5897, 0.5897, 0.5899, 0.5899, 0.5899, 0.5899, 0.5899, 0.5899, 0.5899, 0.5899, 0.5899, 0.5899, 0.5899, 0.5899]
[2025/09/21 20:00:00] - [0.045, 0.0778, 0.1072, 0.1271, 0.1442, 0.1616, 0.1776, 0.1916, 0.205, 0.2123, 0.2218, 0.23, 0.2335, 0.235, 0.2288, 0.2263, 0.2119, 0.2024, 0.1967, 0.199, 0.2075, 0.2206, 0.2348, 0.2492, 0.2577, 0.2666, 0.2721, 0.2778, 0.2815, 0.2835, 0.2855, 0.2875, 0.2892, 0.2908, 0.293, 0.2944, 0.2962, 0.2965, 0.2996, 0.2998, 0.3009, 0.3006, 0.3022, 0.3028, 0.3029, 0.3025, 0.3031, 0.3034, 0.3045, 0.3043, 0.306, 0.3042, 0.3057, 0.3069, 0.3077, 0.309, 0.3086, 0.3089, 0.3092, 0.3088, 0.3093, 0.3097, 0.3106, 0.3097, 0.3104, 0.3096, 0.311, 0.3104, 0.3107, 0.3104, 0.3106, 0.3107, 0.3116, 0.3104, 0.311, 0.3109, 0.3106, 0.3111, 0.3104, 0.3106, 0.3113, 0.3115, 0.3111, 0.3114, 0.3102, 0.311, 0.3109, 0.3115, 0.3113, 0.3115, 0.3107, 0.3109, 0.3107, 0.3109, 0.3109, 0.3114, 0.3109, 0.3105, 0.3104, 0.3111]
