[2025/10/19 22:34:21] - Namespace(batch_size=128, data_dir='cifar-data', epochs=110, lr_schedule='multistep', lr_min=0.0, lr_max=0.2, weight_decay=0.0005, momentum=0.9, model='ResNet18', epsilon=8, alpha=8, delta_init='random', normal_mean=0, normal_std=1, out_dir='runs/beta_0.6/lam_40/lscale_0.11/seed_1', seed=1, lamda=40.0, lam_scale=0.11, lam_start=50, gamma=0.05, inner_gamma=0.05, beta=0.6, mu=3.5, batch_m=0.75, early_stop=False, factor=0.5, length=4, n_holes=1, c_num=0.125, EMA_value=0.55)
[2025/10/19 22:34:25] - ==> Building model..
[2025/10/19 22:34:25] - Epoch 	 Seconds 	 LR 	 	 Train Loss 	 Train Acc
[2025/10/19 22:35:25] - 0 	 30.1 	 	 0.2000 	 4.5702 	 0.0379
[2025/10/19 22:35:25] - ==> Building model..
[2025/10/19 22:35:48] - Test Loss 	 Test Acc 	 PGD Loss 	 PGD Acc
[2025/10/19 22:35:48] - 4.2247 	 	 0.0862 	 4.2381 	 0.0547
[2025/10/19 22:36:46] - 1 	 28.1 	 	 0.2000 	 4.4597 	 0.0769
[2025/10/19 22:36:46] - ==> Building model..
[2025/10/19 22:37:10] - Test Loss 	 Test Acc 	 PGD Loss 	 PGD Acc
[2025/10/19 22:37:10] - 4.0404 	 	 0.1420 	 4.0690 	 0.0903
[2025/10/19 22:38:06] - 2 	 27.1 	 	 0.2000 	 4.4019 	 0.1047
[2025/10/19 22:38:06] - ==> Building model..
[2025/10/19 22:38:31] - Test Loss 	 Test Acc 	 PGD Loss 	 PGD Acc
[2025/10/19 22:38:31] - 3.8901 	 	 0.1839 	 3.9368 	 0.1125
[2025/10/19 22:39:25] - 3 	 26.1 	 	 0.2000 	 4.3537 	 0.1307
[2025/10/19 22:39:25] - ==> Building model..
[2025/10/19 22:39:51] - Test Loss 	 Test Acc 	 PGD Loss 	 PGD Acc
[2025/10/19 22:39:51] - 3.7593 	 	 0.2335 	 3.8278 	 0.1379
[2025/10/19 22:40:41] - 4 	 26.0 	 	 0.2000 	 4.3121 	 0.1524
[2025/10/19 22:40:41] - ==> Building model..
[2025/10/19 22:41:05] - Test Loss 	 Test Acc 	 PGD Loss 	 PGD Acc
[2025/10/19 22:41:05] - 3.6251 	 	 0.2684 	 3.7148 	 0.1591
[2025/10/19 22:41:57] - 5 	 26.7 	 	 0.2000 	 4.2748 	 0.1691
[2025/10/19 22:41:57] - ==> Building model..
[2025/10/19 22:42:21] - Test Loss 	 Test Acc 	 PGD Loss 	 PGD Acc
[2025/10/19 22:42:21] - 3.4057 	 	 0.3119 	 3.5268 	 0.1790
[2025/10/19 22:43:11] - 6 	 26.8 	 	 0.2000 	 4.2448 	 0.1889
[2025/10/19 22:43:11] - ==> Building model..
[2025/10/19 22:43:33] - Test Loss 	 Test Acc 	 PGD Loss 	 PGD Acc
[2025/10/19 22:43:33] - 3.2128 	 	 0.3523 	 3.3663 	 0.1962
[2025/10/19 22:44:25] - 7 	 28.1 	 	 0.2000 	 4.2211 	 0.1996
[2025/10/19 22:44:25] - ==> Building model..
[2025/10/19 22:44:47] - Test Loss 	 Test Acc 	 PGD Loss 	 PGD Acc
[2025/10/19 22:44:47] - 3.0676 	 	 0.3813 	 3.2462 	 0.2065
[2025/10/19 22:45:39] - 8 	 28.0 	 	 0.2000 	 4.2038 	 0.2080
[2025/10/19 22:45:39] - ==> Building model..
[2025/10/19 22:46:02] - Test Loss 	 Test Acc 	 PGD Loss 	 PGD Acc
[2025/10/19 22:46:02] - 2.9693 	 	 0.4030 	 3.1688 	 0.2200
[2025/10/19 22:46:54] - 9 	 28.1 	 	 0.2000 	 4.1889 	 0.2176
[2025/10/19 22:46:54] - ==> Building model..
[2025/10/19 22:47:16] - Test Loss 	 Test Acc 	 PGD Loss 	 PGD Acc
[2025/10/19 22:47:16] - 2.9079 	 	 0.4180 	 3.1206 	 0.2249
[2025/10/19 22:48:10] - 10 	 28.7 	 	 0.2000 	 4.1795 	 0.2216
[2025/10/19 22:48:10] - ==> Building model..
[2025/10/19 22:48:32] - Test Loss 	 Test Acc 	 PGD Loss 	 PGD Acc
[2025/10/19 22:48:32] - 2.8559 	 	 0.4271 	 3.0812 	 0.2292
[2025/10/19 22:49:26] - 11 	 28.8 	 	 0.2000 	 4.1685 	 0.2291
[2025/10/19 22:49:26] - ==> Building model..
[2025/10/19 22:49:48] - Test Loss 	 Test Acc 	 PGD Loss 	 PGD Acc
[2025/10/19 22:49:48] - 2.8123 	 	 0.4419 	 3.0495 	 0.2360
[2025/10/19 22:50:41] - 12 	 28.7 	 	 0.2000 	 4.1601 	 0.2344
[2025/10/19 22:50:41] - ==> Building model..
[2025/10/19 22:51:03] - Test Loss 	 Test Acc 	 PGD Loss 	 PGD Acc
[2025/10/19 22:51:03] - 2.7899 	 	 0.4442 	 3.0307 	 0.2404
[2025/10/19 22:51:56] - 13 	 27.8 	 	 0.2000 	 4.1534 	 0.2346
[2025/10/19 22:51:56] - ==> Building model..
[2025/10/19 22:52:19] - Test Loss 	 Test Acc 	 PGD Loss 	 PGD Acc
[2025/10/19 22:52:19] - 2.7599 	 	 0.4514 	 3.0077 	 0.2425
[2025/10/19 22:53:12] - 14 	 27.6 	 	 0.2000 	 4.1466 	 0.2412
[2025/10/19 22:53:12] - ==> Building model..
[2025/10/19 22:53:35] - Test Loss 	 Test Acc 	 PGD Loss 	 PGD Acc
[2025/10/19 22:53:35] - 2.7300 	 	 0.4598 	 2.9861 	 0.2467
[2025/10/19 22:54:27] - 15 	 26.9 	 	 0.2000 	 4.1428 	 0.2447
[2025/10/19 22:54:27] - ==> Building model..
[2025/10/19 22:54:52] - Test Loss 	 Test Acc 	 PGD Loss 	 PGD Acc
[2025/10/19 22:54:52] - 2.7099 	 	 0.4647 	 2.9709 	 0.2499
[2025/10/19 22:55:47] - 16 	 26.9 	 	 0.2000 	 4.1362 	 0.2467
[2025/10/19 22:55:47] - ==> Building model..
[2025/10/19 22:56:14] - Test Loss 	 Test Acc 	 PGD Loss 	 PGD Acc
[2025/10/19 22:56:14] - 2.6906 	 	 0.4694 	 2.9563 	 0.2533
[2025/10/19 22:57:12] - 17 	 27.9 	 	 0.2000 	 4.1328 	 0.2506
[2025/10/19 22:57:12] - ==> Building model..
[2025/10/19 22:57:39] - Test Loss 	 Test Acc 	 PGD Loss 	 PGD Acc
[2025/10/19 22:57:39] - 2.6754 	 	 0.4719 	 2.9439 	 0.2538
[2025/10/19 22:58:37] - 18 	 27.3 	 	 0.2000 	 4.1317 	 0.2525
[2025/10/19 22:58:37] - ==> Building model..
[2025/10/19 22:59:03] - Test Loss 	 Test Acc 	 PGD Loss 	 PGD Acc
[2025/10/19 22:59:03] - 2.6637 	 	 0.4738 	 2.9359 	 0.2557
[2025/10/19 22:59:54] - 19 	 25.8 	 	 0.2000 	 4.1268 	 0.2543
[2025/10/19 22:59:54] - ==> Building model..
[2025/10/19 23:00:19] - Test Loss 	 Test Acc 	 PGD Loss 	 PGD Acc
[2025/10/19 23:00:19] - 2.6529 	 	 0.4766 	 2.9280 	 0.2558
[2025/10/19 23:01:15] - 20 	 27.4 	 	 0.2000 	 4.1233 	 0.2551
[2025/10/19 23:01:15] - ==> Building model..
[2025/10/19 23:01:40] - Test Loss 	 Test Acc 	 PGD Loss 	 PGD Acc
[2025/10/19 23:01:40] - 2.6460 	 	 0.4804 	 2.9245 	 0.2564
[2025/10/19 23:02:32] - 21 	 26.9 	 	 0.2000 	 4.1206 	 0.2572
[2025/10/19 23:02:32] - ==> Building model..
[2025/10/19 23:02:57] - Test Loss 	 Test Acc 	 PGD Loss 	 PGD Acc
[2025/10/19 23:02:57] - 2.6343 	 	 0.4851 	 2.9160 	 0.2573
[2025/10/19 23:03:48] - 22 	 25.5 	 	 0.2000 	 4.1159 	 0.2605
[2025/10/19 23:03:48] - ==> Building model..
[2025/10/19 23:04:12] - Test Loss 	 Test Acc 	 PGD Loss 	 PGD Acc
[2025/10/19 23:04:12] - 2.6237 	 	 0.4888 	 2.9078 	 0.2595
[2025/10/19 23:05:03] - 23 	 25.8 	 	 0.2000 	 4.1152 	 0.2608
[2025/10/19 23:05:03] - ==> Building model..
[2025/10/19 23:05:26] - Test Loss 	 Test Acc 	 PGD Loss 	 PGD Acc
[2025/10/19 23:05:26] - 2.6166 	 	 0.4897 	 2.9020 	 0.2618
[2025/10/19 23:06:18] - 24 	 26.6 	 	 0.2000 	 4.1142 	 0.2616
[2025/10/19 23:06:18] - ==> Building model..
[2025/10/19 23:06:41] - Test Loss 	 Test Acc 	 PGD Loss 	 PGD Acc
[2025/10/19 23:06:41] - 2.6104 	 	 0.4925 	 2.8980 	 0.2622
[2025/10/19 23:07:40] - 25 	 28.8 	 	 0.2000 	 4.1132 	 0.2612
[2025/10/19 23:07:40] - ==> Building model..
[2025/10/19 23:08:03] - Test Loss 	 Test Acc 	 PGD Loss 	 PGD Acc
[2025/10/19 23:08:03] - 2.6057 	 	 0.4940 	 2.8946 	 0.2645
[2025/10/19 23:09:00] - 26 	 28.6 	 	 0.2000 	 4.1104 	 0.2642
[2025/10/19 23:09:00] - ==> Building model..
[2025/10/19 23:09:23] - Test Loss 	 Test Acc 	 PGD Loss 	 PGD Acc
[2025/10/19 23:09:23] - 2.5995 	 	 0.4958 	 2.8889 	 0.2656
[2025/10/19 23:10:21] - 27 	 28.5 	 	 0.2000 	 4.1067 	 0.2658
[2025/10/19 23:10:21] - ==> Building model..
[2025/10/19 23:10:43] - Test Loss 	 Test Acc 	 PGD Loss 	 PGD Acc
[2025/10/19 23:10:43] - 2.5930 	 	 0.4975 	 2.8840 	 0.2680
[2025/10/19 23:11:41] - 28 	 28.9 	 	 0.2000 	 4.1075 	 0.2639
[2025/10/19 23:11:41] - ==> Building model..
[2025/10/19 23:12:04] - Test Loss 	 Test Acc 	 PGD Loss 	 PGD Acc
[2025/10/19 23:12:04] - 2.5876 	 	 0.4991 	 2.8794 	 0.2669
[2025/10/19 23:13:01] - 29 	 29.3 	 	 0.2000 	 4.1053 	 0.2690
[2025/10/19 23:13:01] - ==> Building model..
[2025/10/19 23:13:24] - Test Loss 	 Test Acc 	 PGD Loss 	 PGD Acc
[2025/10/19 23:13:24] - 2.5853 	 	 0.4996 	 2.8783 	 0.2689
[2025/10/19 23:14:22] - 30 	 28.7 	 	 0.2000 	 4.1045 	 0.2674
[2025/10/19 23:14:22] - ==> Building model..
[2025/10/19 23:14:45] - Test Loss 	 Test Acc 	 PGD Loss 	 PGD Acc
[2025/10/19 23:14:45] - 2.5881 	 	 0.4993 	 2.8813 	 0.2686
[2025/10/19 23:15:43] - 31 	 29.3 	 	 0.2000 	 4.1022 	 0.2687
[2025/10/19 23:15:43] - ==> Building model..
[2025/10/19 23:16:07] - Test Loss 	 Test Acc 	 PGD Loss 	 PGD Acc
[2025/10/19 23:16:07] - 2.5858 	 	 0.4990 	 2.8800 	 0.2680
[2025/10/19 23:17:04] - 32 	 28.6 	 	 0.2000 	 4.1022 	 0.2685
[2025/10/19 23:17:04] - ==> Building model..
[2025/10/19 23:17:26] - Test Loss 	 Test Acc 	 PGD Loss 	 PGD Acc
[2025/10/19 23:17:26] - 2.5814 	 	 0.5024 	 2.8767 	 0.2695
[2025/10/19 23:18:25] - 33 	 28.8 	 	 0.2000 	 4.1017 	 0.2680
[2025/10/19 23:18:25] - ==> Building model..
[2025/10/19 23:18:48] - Test Loss 	 Test Acc 	 PGD Loss 	 PGD Acc
[2025/10/19 23:18:48] - 2.5771 	 	 0.5029 	 2.8739 	 0.2691
[2025/10/19 23:19:45] - 34 	 28.7 	 	 0.2000 	 4.0981 	 0.2709
[2025/10/19 23:19:45] - ==> Building model..
[2025/10/19 23:20:08] - Test Loss 	 Test Acc 	 PGD Loss 	 PGD Acc
[2025/10/19 23:20:08] - 2.5725 	 	 0.5049 	 2.8712 	 0.2680
[2025/10/19 23:21:05] - 35 	 28.4 	 	 0.2000 	 4.0971 	 0.2714
[2025/10/19 23:21:05] - ==> Building model..
[2025/10/19 23:21:28] - Test Loss 	 Test Acc 	 PGD Loss 	 PGD Acc
[2025/10/19 23:21:28] - 2.5699 	 	 0.5053 	 2.8678 	 0.2710
[2025/10/19 23:22:26] - 36 	 28.6 	 	 0.2000 	 4.0981 	 0.2702
[2025/10/19 23:22:26] - ==> Building model..
[2025/10/19 23:22:48] - Test Loss 	 Test Acc 	 PGD Loss 	 PGD Acc
[2025/10/19 23:22:48] - 2.5655 	 	 0.5056 	 2.8648 	 0.2732
[2025/10/19 23:23:46] - 37 	 28.6 	 	 0.2000 	 4.0952 	 0.2722
[2025/10/19 23:23:46] - ==> Building model..
[2025/10/19 23:24:08] - Test Loss 	 Test Acc 	 PGD Loss 	 PGD Acc
[2025/10/19 23:24:08] - 2.5642 	 	 0.5068 	 2.8635 	 0.2732
[2025/10/19 23:25:06] - 38 	 28.9 	 	 0.2000 	 4.0976 	 0.2696
[2025/10/19 23:25:06] - ==> Building model..
[2025/10/19 23:25:29] - Test Loss 	 Test Acc 	 PGD Loss 	 PGD Acc
[2025/10/19 23:25:29] - 2.5615 	 	 0.5069 	 2.8617 	 0.2731
[2025/10/19 23:26:26] - 39 	 28.5 	 	 0.2000 	 4.0949 	 0.2721
[2025/10/19 23:26:26] - ==> Building model..
[2025/10/19 23:26:48] - Test Loss 	 Test Acc 	 PGD Loss 	 PGD Acc
[2025/10/19 23:26:48] - 2.5610 	 	 0.5067 	 2.8609 	 0.2740
[2025/10/19 23:27:46] - 40 	 29.2 	 	 0.2000 	 4.0945 	 0.2739
[2025/10/19 23:27:46] - ==> Building model..
[2025/10/19 23:28:09] - Test Loss 	 Test Acc 	 PGD Loss 	 PGD Acc
[2025/10/19 23:28:09] - 2.5591 	 	 0.5084 	 2.8597 	 0.2736
[2025/10/19 23:29:07] - 41 	 29.4 	 	 0.2000 	 4.0944 	 0.2722
[2025/10/19 23:29:07] - ==> Building model..
[2025/10/19 23:29:29] - Test Loss 	 Test Acc 	 PGD Loss 	 PGD Acc
[2025/10/19 23:29:29] - 2.5579 	 	 0.5100 	 2.8579 	 0.2757
[2025/10/19 23:30:27] - 42 	 29.0 	 	 0.2000 	 4.0936 	 0.2729
[2025/10/19 23:30:27] - ==> Building model..
[2025/10/19 23:30:50] - Test Loss 	 Test Acc 	 PGD Loss 	 PGD Acc
[2025/10/19 23:30:50] - 2.5546 	 	 0.5121 	 2.8561 	 0.2771
[2025/10/19 23:31:48] - 43 	 28.5 	 	 0.2000 	 4.0920 	 0.2728
[2025/10/19 23:31:48] - ==> Building model..
[2025/10/19 23:32:11] - Test Loss 	 Test Acc 	 PGD Loss 	 PGD Acc
[2025/10/19 23:32:11] - 2.5540 	 	 0.5122 	 2.8554 	 0.2787
[2025/10/19 23:33:07] - 44 	 27.1 	 	 0.2000 	 4.0922 	 0.2751
[2025/10/19 23:33:07] - ==> Building model..
[2025/10/19 23:33:32] - Test Loss 	 Test Acc 	 PGD Loss 	 PGD Acc
[2025/10/19 23:33:32] - 2.5560 	 	 0.5111 	 2.8570 	 0.2762
[2025/10/19 23:34:29] - 45 	 28.2 	 	 0.2000 	 4.0903 	 0.2766
[2025/10/19 23:34:29] - ==> Building model..
[2025/10/19 23:34:53] - Test Loss 	 Test Acc 	 PGD Loss 	 PGD Acc
[2025/10/19 23:34:53] - 2.5600 	 	 0.5106 	 2.8597 	 0.2761
[2025/10/19 23:35:50] - 46 	 27.4 	 	 0.2000 	 4.0900 	 0.2752
[2025/10/19 23:35:50] - ==> Building model..
[2025/10/19 23:36:15] - Test Loss 	 Test Acc 	 PGD Loss 	 PGD Acc
[2025/10/19 23:36:15] - 2.5576 	 	 0.5108 	 2.8586 	 0.2761
[2025/10/19 23:37:11] - 47 	 27.1 	 	 0.2000 	 4.0911 	 0.2777
[2025/10/19 23:37:11] - ==> Building model..
[2025/10/19 23:37:36] - Test Loss 	 Test Acc 	 PGD Loss 	 PGD Acc
[2025/10/19 23:37:36] - 2.5553 	 	 0.5109 	 2.8562 	 0.2771
[2025/10/19 23:38:28] - 48 	 26.0 	 	 0.2000 	 4.0880 	 0.2780
[2025/10/19 23:38:28] - ==> Building model..
[2025/10/19 23:38:54] - Test Loss 	 Test Acc 	 PGD Loss 	 PGD Acc
[2025/10/19 23:38:54] - 2.5535 	 	 0.5136 	 2.8551 	 0.2771
[2025/10/19 23:39:44] - 49 	 25.7 	 	 0.2000 	 4.0906 	 0.2783
[2025/10/19 23:39:44] - ==> Building model..
[2025/10/19 23:40:10] - Test Loss 	 Test Acc 	 PGD Loss 	 PGD Acc
[2025/10/19 23:40:10] - 2.5530 	 	 0.5147 	 2.8547 	 0.2763
[2025/10/19 23:40:59] - 50 	 25.1 	 	 0.2000 	 4.0874 	 0.2751
[2025/10/19 23:40:59] - ==> Building model..
[2025/10/19 23:41:24] - Test Loss 	 Test Acc 	 PGD Loss 	 PGD Acc
[2025/10/19 23:41:24] - 2.5549 	 	 0.5156 	 2.8556 	 0.2762
[2025/10/19 23:42:17] - 51 	 26.7 	 	 0.2000 	 4.0890 	 0.2753
[2025/10/19 23:42:17] - ==> Building model..
[2025/10/19 23:42:41] - Test Loss 	 Test Acc 	 PGD Loss 	 PGD Acc
[2025/10/19 23:42:41] - 2.5539 	 	 0.5148 	 2.8555 	 0.2766
[2025/10/19 23:43:32] - 52 	 26.2 	 	 0.2000 	 4.0909 	 0.2764
[2025/10/19 23:43:32] - ==> Building model..
[2025/10/19 23:43:55] - Test Loss 	 Test Acc 	 PGD Loss 	 PGD Acc
[2025/10/19 23:43:55] - 2.5548 	 	 0.5156 	 2.8565 	 0.2773
[2025/10/19 23:44:48] - 53 	 27.1 	 	 0.2000 	 4.0890 	 0.2752
[2025/10/19 23:44:48] - ==> Building model..
[2025/10/19 23:45:10] - Test Loss 	 Test Acc 	 PGD Loss 	 PGD Acc
[2025/10/19 23:45:10] - 2.5566 	 	 0.5146 	 2.8580 	 0.2775
[2025/10/19 23:46:02] - 54 	 27.1 	 	 0.2000 	 4.0889 	 0.2770
[2025/10/19 23:46:02] - ==> Building model..
[2025/10/19 23:46:24] - Test Loss 	 Test Acc 	 PGD Loss 	 PGD Acc
[2025/10/19 23:46:24] - 2.5587 	 	 0.5148 	 2.8590 	 0.2767
[2025/10/19 23:47:15] - 55 	 26.8 	 	 0.2000 	 4.0892 	 0.2781
[2025/10/19 23:47:15] - ==> Building model..
[2025/10/19 23:47:38] - Test Loss 	 Test Acc 	 PGD Loss 	 PGD Acc
[2025/10/19 23:47:38] - 2.5565 	 	 0.5179 	 2.8581 	 0.2771
[2025/10/19 23:48:29] - 56 	 27.3 	 	 0.2000 	 4.0909 	 0.2774
[2025/10/19 23:48:29] - ==> Building model..
[2025/10/19 23:48:52] - Test Loss 	 Test Acc 	 PGD Loss 	 PGD Acc
[2025/10/19 23:48:52] - 2.5574 	 	 0.5179 	 2.8585 	 0.2784
[2025/10/19 23:49:42] - 57 	 27.7 	 	 0.2000 	 4.0897 	 0.2770
[2025/10/19 23:49:42] - ==> Building model..
[2025/10/19 23:50:04] - Test Loss 	 Test Acc 	 PGD Loss 	 PGD Acc
[2025/10/19 23:50:04] - 2.5573 	 	 0.5180 	 2.8579 	 0.2803
[2025/10/19 23:50:55] - 58 	 27.6 	 	 0.2000 	 4.0907 	 0.2794
[2025/10/19 23:50:55] - ==> Building model..
[2025/10/19 23:51:17] - Test Loss 	 Test Acc 	 PGD Loss 	 PGD Acc
[2025/10/19 23:51:17] - 2.5579 	 	 0.5189 	 2.8593 	 0.2811
[2025/10/19 23:52:09] - 59 	 27.6 	 	 0.2000 	 4.0901 	 0.2784
[2025/10/19 23:52:09] - ==> Building model..
[2025/10/19 23:52:32] - Test Loss 	 Test Acc 	 PGD Loss 	 PGD Acc
[2025/10/19 23:52:32] - 2.5603 	 	 0.5202 	 2.8608 	 0.2807
[2025/10/19 23:53:23] - 60 	 27.6 	 	 0.2000 	 4.0934 	 0.2778
[2025/10/19 23:53:23] - ==> Building model..
[2025/10/19 23:53:45] - Test Loss 	 Test Acc 	 PGD Loss 	 PGD Acc
[2025/10/19 23:53:45] - 2.5638 	 	 0.5205 	 2.8634 	 0.2803
[2025/10/19 23:54:37] - 61 	 27.6 	 	 0.2000 	 4.0941 	 0.2757
[2025/10/19 23:54:37] - ==> Building model..
[2025/10/19 23:54:59] - Test Loss 	 Test Acc 	 PGD Loss 	 PGD Acc
[2025/10/19 23:54:59] - 2.5685 	 	 0.5189 	 2.8673 	 0.2803
[2025/10/19 23:55:51] - 62 	 27.8 	 	 0.2000 	 4.0938 	 0.2782
[2025/10/19 23:55:51] - ==> Building model..
[2025/10/19 23:56:14] - Test Loss 	 Test Acc 	 PGD Loss 	 PGD Acc
[2025/10/19 23:56:14] - 2.5730 	 	 0.5186 	 2.8706 	 0.2799
[2025/10/19 23:57:05] - 63 	 28.3 	 	 0.2000 	 4.0933 	 0.2780
[2025/10/19 23:57:05] - ==> Building model..
[2025/10/19 23:57:28] - Test Loss 	 Test Acc 	 PGD Loss 	 PGD Acc
[2025/10/19 23:57:28] - 2.5743 	 	 0.5183 	 2.8710 	 0.2802
[2025/10/19 23:58:20] - 64 	 28.2 	 	 0.2000 	 4.0916 	 0.2777
[2025/10/19 23:58:20] - ==> Building model..
[2025/10/19 23:58:42] - Test Loss 	 Test Acc 	 PGD Loss 	 PGD Acc
[2025/10/19 23:58:42] - 2.5765 	 	 0.5172 	 2.8720 	 0.2807
[2025/10/19 23:59:33] - 65 	 27.6 	 	 0.2000 	 4.0932 	 0.2776
[2025/10/19 23:59:33] - ==> Building model..
[2025/10/19 23:59:56] - Test Loss 	 Test Acc 	 PGD Loss 	 PGD Acc
[2025/10/19 23:59:56] - 2.5782 	 	 0.5188 	 2.8738 	 0.2811
[2025/10/20 00:00:48] - 66 	 27.9 	 	 0.2000 	 4.0909 	 0.2774
[2025/10/20 00:00:48] - ==> Building model..
[2025/10/20 00:01:09] - Test Loss 	 Test Acc 	 PGD Loss 	 PGD Acc
[2025/10/20 00:01:09] - 2.5777 	 	 0.5193 	 2.8732 	 0.2812
[2025/10/20 00:02:01] - 67 	 27.9 	 	 0.2000 	 4.0913 	 0.2754
[2025/10/20 00:02:01] - ==> Building model..
[2025/10/20 00:02:23] - Test Loss 	 Test Acc 	 PGD Loss 	 PGD Acc
[2025/10/20 00:02:23] - 2.5800 	 	 0.5206 	 2.8751 	 0.2808
[2025/10/20 00:03:14] - 68 	 27.4 	 	 0.2000 	 4.0897 	 0.2800
[2025/10/20 00:03:14] - ==> Building model..
[2025/10/20 00:03:36] - Test Loss 	 Test Acc 	 PGD Loss 	 PGD Acc
[2025/10/20 00:03:36] - 2.5821 	 	 0.5188 	 2.8763 	 0.2815
[2025/10/20 00:04:26] - 69 	 26.1 	 	 0.2000 	 4.0935 	 0.2745
[2025/10/20 00:04:26] - ==> Building model..
[2025/10/20 00:04:50] - Test Loss 	 Test Acc 	 PGD Loss 	 PGD Acc
[2025/10/20 00:04:50] - 2.5867 	 	 0.5205 	 2.8798 	 0.2806
[2025/10/20 00:05:39] - 70 	 25.7 	 	 0.2000 	 4.0893 	 0.2790
[2025/10/20 00:05:39] - ==> Building model..
[2025/10/20 00:06:03] - Test Loss 	 Test Acc 	 PGD Loss 	 PGD Acc
[2025/10/20 00:06:03] - 2.5849 	 	 0.5187 	 2.8781 	 0.2813
[2025/10/20 00:06:53] - 71 	 25.9 	 	 0.2000 	 4.0914 	 0.2778
[2025/10/20 00:06:53] - ==> Building model..
[2025/10/20 00:07:18] - Test Loss 	 Test Acc 	 PGD Loss 	 PGD Acc
[2025/10/20 00:07:18] - 2.5836 	 	 0.5193 	 2.8771 	 0.2819
[2025/10/20 00:08:07] - 72 	 25.2 	 	 0.2000 	 4.0917 	 0.2789
[2025/10/20 00:08:07] - ==> Building model..
[2025/10/20 00:08:33] - Test Loss 	 Test Acc 	 PGD Loss 	 PGD Acc
[2025/10/20 00:08:33] - 2.5850 	 	 0.5190 	 2.8777 	 0.2816
[2025/10/20 00:09:22] - 73 	 25.0 	 	 0.2000 	 4.0910 	 0.2780
[2025/10/20 00:09:22] - ==> Building model..
[2025/10/20 00:09:46] - Test Loss 	 Test Acc 	 PGD Loss 	 PGD Acc
[2025/10/20 00:09:46] - 2.5878 	 	 0.5186 	 2.8798 	 0.2829
[2025/10/20 00:10:36] - 74 	 25.4 	 	 0.2000 	 4.0909 	 0.2783
[2025/10/20 00:10:36] - ==> Building model..
[2025/10/20 00:11:00] - Test Loss 	 Test Acc 	 PGD Loss 	 PGD Acc
[2025/10/20 00:11:00] - 2.5905 	 	 0.5180 	 2.8810 	 0.2817
[2025/10/20 00:11:49] - 75 	 25.4 	 	 0.2000 	 4.0884 	 0.2809
[2025/10/20 00:11:49] - ==> Building model..
[2025/10/20 00:12:13] - Test Loss 	 Test Acc 	 PGD Loss 	 PGD Acc
[2025/10/20 00:12:13] - 2.5911 	 	 0.5163 	 2.8818 	 0.2815
[2025/10/20 00:13:03] - 76 	 26.4 	 	 0.2000 	 4.0904 	 0.2786
[2025/10/20 00:13:03] - ==> Building model..
[2025/10/20 00:13:26] - Test Loss 	 Test Acc 	 PGD Loss 	 PGD Acc
[2025/10/20 00:13:26] - 2.5927 	 	 0.5159 	 2.8831 	 0.2823
[2025/10/20 00:14:17] - 77 	 26.7 	 	 0.2000 	 4.0904 	 0.2795
[2025/10/20 00:14:17] - ==> Building model..
[2025/10/20 00:14:41] - Test Loss 	 Test Acc 	 PGD Loss 	 PGD Acc
[2025/10/20 00:14:41] - 2.5936 	 	 0.5163 	 2.8838 	 0.2826
[2025/10/20 00:15:30] - 78 	 26.4 	 	 0.2000 	 4.0886 	 0.2801
[2025/10/20 00:15:30] - ==> Building model..
[2025/10/20 00:15:53] - Test Loss 	 Test Acc 	 PGD Loss 	 PGD Acc
[2025/10/20 00:15:53] - 2.5934 	 	 0.5163 	 2.8831 	 0.2828
[2025/10/20 00:16:43] - 79 	 26.4 	 	 0.2000 	 4.0874 	 0.2805
[2025/10/20 00:16:43] - ==> Building model..
[2025/10/20 00:17:05] - Test Loss 	 Test Acc 	 PGD Loss 	 PGD Acc
[2025/10/20 00:17:05] - 2.5937 	 	 0.5154 	 2.8828 	 0.2820
[2025/10/20 00:17:56] - 80 	 28.1 	 	 0.2000 	 4.0907 	 0.2761
[2025/10/20 00:17:56] - ==> Building model..
[2025/10/20 00:18:18] - Test Loss 	 Test Acc 	 PGD Loss 	 PGD Acc
[2025/10/20 00:18:18] - 2.5948 	 	 0.5154 	 2.8837 	 0.2826
[2025/10/20 00:19:08] - 81 	 27.1 	 	 0.2000 	 4.0921 	 0.2787
[2025/10/20 00:19:08] - ==> Building model..
[2025/10/20 00:19:29] - Test Loss 	 Test Acc 	 PGD Loss 	 PGD Acc
[2025/10/20 00:19:29] - 2.5954 	 	 0.5147 	 2.8835 	 0.2831
[2025/10/20 00:20:20] - 82 	 27.8 	 	 0.2000 	 4.0887 	 0.2823
[2025/10/20 00:20:20] - ==> Building model..
[2025/10/20 00:20:41] - Test Loss 	 Test Acc 	 PGD Loss 	 PGD Acc
[2025/10/20 00:20:41] - 2.5945 	 	 0.5154 	 2.8833 	 0.2830
[2025/10/20 00:21:32] - 83 	 27.8 	 	 0.2000 	 4.0890 	 0.2802
[2025/10/20 00:21:32] - ==> Building model..
[2025/10/20 00:21:55] - Test Loss 	 Test Acc 	 PGD Loss 	 PGD Acc
[2025/10/20 00:21:55] - 2.5945 	 	 0.5147 	 2.8834 	 0.2845
[2025/10/20 00:22:46] - 84 	 28.3 	 	 0.2000 	 4.0900 	 0.2801
[2025/10/20 00:22:46] - ==> Building model..
[2025/10/20 00:23:08] - Test Loss 	 Test Acc 	 PGD Loss 	 PGD Acc
[2025/10/20 00:23:08] - 2.5952 	 	 0.5148 	 2.8834 	 0.2839
[2025/10/20 00:23:59] - 85 	 27.8 	 	 0.2000 	 4.0903 	 0.2769
[2025/10/20 00:23:59] - ==> Building model..
[2025/10/20 00:24:23] - Test Loss 	 Test Acc 	 PGD Loss 	 PGD Acc
[2025/10/20 00:24:23] - 2.5944 	 	 0.5150 	 2.8831 	 0.2838
[2025/10/20 00:25:15] - 86 	 27.6 	 	 0.2000 	 4.0885 	 0.2807
[2025/10/20 00:25:15] - ==> Building model..
[2025/10/20 00:25:37] - Test Loss 	 Test Acc 	 PGD Loss 	 PGD Acc
[2025/10/20 00:25:37] - 2.5925 	 	 0.5159 	 2.8823 	 0.2842
[2025/10/20 00:26:28] - 87 	 27.9 	 	 0.2000 	 4.0882 	 0.2812
[2025/10/20 00:26:28] - ==> Building model..
[2025/10/20 00:26:52] - Test Loss 	 Test Acc 	 PGD Loss 	 PGD Acc
[2025/10/20 00:26:52] - 2.5903 	 	 0.5154 	 2.8800 	 0.2829
[2025/10/20 00:27:43] - 88 	 27.7 	 	 0.2000 	 4.0894 	 0.2810
[2025/10/20 00:27:43] - ==> Building model..
[2025/10/20 00:28:05] - Test Loss 	 Test Acc 	 PGD Loss 	 PGD Acc
[2025/10/20 00:28:05] - 2.5891 	 	 0.5160 	 2.8791 	 0.2826
[2025/10/20 00:28:56] - 89 	 27.7 	 	 0.2000 	 4.0883 	 0.2791
[2025/10/20 00:28:56] - ==> Building model..
[2025/10/20 00:29:18] - Test Loss 	 Test Acc 	 PGD Loss 	 PGD Acc
[2025/10/20 00:29:18] - 2.5896 	 	 0.5148 	 2.8789 	 0.2839
[2025/10/20 00:30:09] - 90 	 27.4 	 	 0.2000 	 4.0885 	 0.2778
[2025/10/20 00:30:09] - ==> Building model..
[2025/10/20 00:30:32] - Test Loss 	 Test Acc 	 PGD Loss 	 PGD Acc
[2025/10/20 00:30:32] - 2.5911 	 	 0.5153 	 2.8802 	 0.2834
[2025/10/20 00:31:23] - 91 	 27.8 	 	 0.2000 	 4.0886 	 0.2814
[2025/10/20 00:31:23] - ==> Building model..
[2025/10/20 00:31:44] - Test Loss 	 Test Acc 	 PGD Loss 	 PGD Acc
[2025/10/20 00:31:44] - 2.5919 	 	 0.5147 	 2.8805 	 0.2840
[2025/10/20 00:32:34] - 92 	 26.7 	 	 0.2000 	 4.0888 	 0.2797
[2025/10/20 00:32:34] - ==> Building model..
[2025/10/20 00:32:58] - Test Loss 	 Test Acc 	 PGD Loss 	 PGD Acc
[2025/10/20 00:32:58] - 2.5918 	 	 0.5148 	 2.8805 	 0.2840
[2025/10/20 00:33:49] - 93 	 27.8 	 	 0.2000 	 4.0896 	 0.2798
[2025/10/20 00:33:49] - ==> Building model..
[2025/10/20 00:34:13] - Test Loss 	 Test Acc 	 PGD Loss 	 PGD Acc
[2025/10/20 00:34:13] - 2.5931 	 	 0.5156 	 2.8819 	 0.2836
[2025/10/20 00:35:02] - 94 	 26.5 	 	 0.0200 	 3.9964 	 0.3413
[2025/10/20 00:35:02] - ==> Building model..
[2025/10/20 00:35:27] - Test Loss 	 Test Acc 	 PGD Loss 	 PGD Acc
[2025/10/20 00:35:27] - 2.5902 	 	 0.5167 	 2.8795 	 0.2842
[2025/10/20 00:36:16] - 95 	 26.0 	 	 0.0200 	 3.9030 	 0.4043
[2025/10/20 00:36:16] - ==> Building model..
[2025/10/20 00:36:41] - Test Loss 	 Test Acc 	 PGD Loss 	 PGD Acc
[2025/10/20 00:36:41] - 2.5894 	 	 0.5169 	 2.8787 	 0.2843
[2025/10/20 00:37:29] - 96 	 25.6 	 	 0.0200 	 3.8759 	 0.4210
[2025/10/20 00:37:29] - ==> Building model..
[2025/10/20 00:37:54] - Test Loss 	 Test Acc 	 PGD Loss 	 PGD Acc
[2025/10/20 00:37:54] - 2.5893 	 	 0.5170 	 2.8787 	 0.2846
[2025/10/20 00:38:47] - 97 	 27.1 	 	 0.0200 	 3.8584 	 0.4325
[2025/10/20 00:38:47] - ==> Building model..
[2025/10/20 00:39:13] - Test Loss 	 Test Acc 	 PGD Loss 	 PGD Acc
[2025/10/20 00:39:13] - 2.5895 	 	 0.5171 	 2.8789 	 0.2847
[2025/10/20 00:40:04] - 98 	 27.9 	 	 0.0200 	 3.8448 	 0.4421
[2025/10/20 00:40:04] - ==> Building model..
[2025/10/20 00:40:30] - Test Loss 	 Test Acc 	 PGD Loss 	 PGD Acc
[2025/10/20 00:40:30] - 2.5912 	 	 0.5174 	 2.8804 	 0.2839
[2025/10/20 00:41:19] - 99 	 26.6 	 	 0.0020 	 3.8124 	 0.4683
[2025/10/20 00:41:19] - ==> Building model..
[2025/10/20 00:41:45] - Test Loss 	 Test Acc 	 PGD Loss 	 PGD Acc
[2025/10/20 00:41:45] - 2.5920 	 	 0.5175 	 2.8808 	 0.2841
[2025/10/20 00:42:34] - 100 	 26.1 	 	 0.0020 	 3.7844 	 0.4898
[2025/10/20 00:42:34] - ==> Building model..
[2025/10/20 00:43:01] - Test Loss 	 Test Acc 	 PGD Loss 	 PGD Acc
[2025/10/20 00:43:01] - 2.5920 	 	 0.5175 	 2.8810 	 0.2841
[2025/10/20 00:43:51] - 101 	 27.2 	 	 0.0020 	 3.7790 	 0.4940
[2025/10/20 00:43:51] - ==> Building model..
[2025/10/20 00:44:18] - Test Loss 	 Test Acc 	 PGD Loss 	 PGD Acc
[2025/10/20 00:44:18] - 2.5925 	 	 0.5174 	 2.8816 	 0.2843
[2025/10/20 00:45:07] - 102 	 26.1 	 	 0.0020 	 3.7728 	 0.4989
[2025/10/20 00:45:07] - ==> Building model..
[2025/10/20 00:45:34] - Test Loss 	 Test Acc 	 PGD Loss 	 PGD Acc
[2025/10/20 00:45:34] - 2.5925 	 	 0.5174 	 2.8814 	 0.2838
[2025/10/20 00:46:25] - 103 	 26.5 	 	 0.0020 	 3.7683 	 0.5047
[2025/10/20 00:46:25] - ==> Building model..
[2025/10/20 00:46:52] - Test Loss 	 Test Acc 	 PGD Loss 	 PGD Acc
[2025/10/20 00:46:52] - 2.5925 	 	 0.5174 	 2.8818 	 0.2838
[2025/10/20 00:47:43] - 104 	 26.6 	 	 0.0020 	 3.7639 	 0.5052
[2025/10/20 00:47:43] - ==> Building model..
[2025/10/20 00:48:10] - Test Loss 	 Test Acc 	 PGD Loss 	 PGD Acc
[2025/10/20 00:48:10] - 2.5931 	 	 0.5172 	 2.8821 	 0.2839
[2025/10/20 00:49:00] - 105 	 27.1 	 	 0.0020 	 3.7600 	 0.5102
[2025/10/20 00:49:00] - ==> Building model..
[2025/10/20 00:49:27] - Test Loss 	 Test Acc 	 PGD Loss 	 PGD Acc
[2025/10/20 00:49:27] - 2.5937 	 	 0.5173 	 2.8822 	 0.2843
[2025/10/20 00:50:17] - 106 	 27.0 	 	 0.0020 	 3.7557 	 0.5123
[2025/10/20 00:50:17] - ==> Building model..
[2025/10/20 00:50:44] - Test Loss 	 Test Acc 	 PGD Loss 	 PGD Acc
[2025/10/20 00:50:44] - 2.5943 	 	 0.5173 	 2.8831 	 0.2841
[2025/10/20 00:51:32] - 107 	 25.8 	 	 0.0020 	 3.7523 	 0.5146
[2025/10/20 00:51:32] - ==> Building model..
[2025/10/20 00:51:58] - Test Loss 	 Test Acc 	 PGD Loss 	 PGD Acc
[2025/10/20 00:51:58] - 2.5943 	 	 0.5173 	 2.8837 	 0.2847
[2025/10/20 00:52:49] - 108 	 27.2 	 	 0.0020 	 3.7481 	 0.5198
[2025/10/20 00:52:49] - ==> Building model..
[2025/10/20 00:53:14] - Test Loss 	 Test Acc 	 PGD Loss 	 PGD Acc
[2025/10/20 00:53:14] - 2.5950 	 	 0.5173 	 2.8836 	 0.2843
[2025/10/20 00:54:05] - 109 	 26.3 	 	 0.0020 	 3.7441 	 0.5222
[2025/10/20 00:54:05] - ==> Building model..
[2025/10/20 00:54:30] - Test Loss 	 Test Acc 	 PGD Loss 	 PGD Acc
[2025/10/20 00:54:30] - 2.5957 	 	 0.5172 	 2.8843 	 0.2847
[2025/10/20 00:54:31] - [0.0862, 0.142, 0.1839, 0.2335, 0.2684, 0.3119, 0.3523, 0.3813, 0.403, 0.418, 0.4271, 0.4419, 0.4442, 0.4514, 0.4598, 0.4647, 0.4694, 0.4719, 0.4738, 0.4766, 0.4804, 0.4851, 0.4888, 0.4897, 0.4925, 0.494, 0.4958, 0.4975, 0.4991, 0.4996, 0.4993, 0.499, 0.5024, 0.5029, 0.5049, 0.5053, 0.5056, 0.5068, 0.5069, 0.5067, 0.5084, 0.51, 0.5121, 0.5122, 0.5111, 0.5106, 0.5108, 0.5109, 0.5136, 0.5147, 0.5156, 0.5148, 0.5156, 0.5146, 0.5148, 0.5179, 0.5179, 0.518, 0.5189, 0.5202, 0.5205, 0.5189, 0.5186, 0.5183, 0.5172, 0.5188, 0.5193, 0.5206, 0.5188, 0.5205, 0.5187, 0.5193, 0.519, 0.5186, 0.518, 0.5163, 0.5159, 0.5163, 0.5163, 0.5154, 0.5154, 0.5147, 0.5154, 0.5147, 0.5148, 0.515, 0.5159, 0.5154, 0.516, 0.5148, 0.5153, 0.5147, 0.5148, 0.5156, 0.5167, 0.5169, 0.517, 0.5171, 0.5174, 0.5175, 0.5175, 0.5174, 0.5174, 0.5174, 0.5172, 0.5173, 0.5173, 0.5173, 0.5173, 0.5172]
[2025/10/20 00:54:31] - [0.0547, 0.0903, 0.1125, 0.1379, 0.1591, 0.179, 0.1962, 0.2065, 0.22, 0.2249, 0.2292, 0.236, 0.2404, 0.2425, 0.2467, 0.2499, 0.2533, 0.2538, 0.2557, 0.2558, 0.2564, 0.2573, 0.2595, 0.2618, 0.2622, 0.2645, 0.2656, 0.268, 0.2669, 0.2689, 0.2686, 0.268, 0.2695, 0.2691, 0.268, 0.271, 0.2732, 0.2732, 0.2731, 0.274, 0.2736, 0.2757, 0.2771, 0.2787, 0.2762, 0.2761, 0.2761, 0.2771, 0.2771, 0.2763, 0.2762, 0.2766, 0.2773, 0.2775, 0.2767, 0.2771, 0.2784, 0.2803, 0.2811, 0.2807, 0.2803, 0.2803, 0.2799, 0.2802, 0.2807, 0.2811, 0.2812, 0.2808, 0.2815, 0.2806, 0.2813, 0.2819, 0.2816, 0.2829, 0.2817, 0.2815, 0.2823, 0.2826, 0.2828, 0.282, 0.2826, 0.2831, 0.283, 0.2845, 0.2839, 0.2838, 0.2842, 0.2829, 0.2826, 0.2839, 0.2834, 0.284, 0.284, 0.2836, 0.2842, 0.2843, 0.2846, 0.2847, 0.2839, 0.2841, 0.2841, 0.2843, 0.2838, 0.2838, 0.2839, 0.2843, 0.2841, 0.2847, 0.2843, 0.2847]
