[2025/10/16 03:36:29] - Namespace(batch_size=128, data_dir='cifar-data', epochs=100, lr_schedule='multistep', lr_min=0.0, lr_max=0.2, weight_decay=0.0005, momentum=0.9, model='ResNet18', epsilon=8, alpha=8, delta_init='random', normal_mean=0, normal_std=1, out_dir='./output/CIFAR100/lamda_38_lamscale_0.10_run1', seed=0, lamda=38.0, lam_scale=0.1, lam_start=50, gamma=0.05, inner_gamma=0.05, beta=0.2, mu=3.5, batch_m=0.75, early_stop=False, factor=0.5, length=4, n_holes=1, c_num=0.125, EMA_value=0.55)
[2025/10/16 03:36:31] - ==> Building model..
[2025/10/16 03:36:31] - Epoch 	 Seconds 	 LR 	 	 Train Loss 	 Train Acc
[2025/10/16 03:37:09] - 0 	 18.8 	 	 0.2000 	 4.5727 	 0.0384
[2025/10/16 03:37:09] - ==> Building model..
[2025/10/16 03:37:29] - Test Loss 	 Test Acc 	 PGD Loss 	 PGD Acc
[2025/10/16 03:37:29] - 4.2312 	 	 0.0866 	 4.2450 	 0.0604
[2025/10/16 03:38:09] - 1 	 20.5 	 	 0.2000 	 4.4559 	 0.0797
[2025/10/16 03:38:09] - ==> Building model..
[2025/10/16 03:38:28] - Test Loss 	 Test Acc 	 PGD Loss 	 PGD Acc
[2025/10/16 03:38:28] - 4.0159 	 	 0.1485 	 4.0466 	 0.0961
[2025/10/16 03:39:07] - 2 	 19.8 	 	 0.2000 	 4.3999 	 0.1091
[2025/10/16 03:39:07] - ==> Building model..
[2025/10/16 03:39:24] - Test Loss 	 Test Acc 	 PGD Loss 	 PGD Acc
[2025/10/16 03:39:24] - 3.8754 	 	 0.1920 	 3.9245 	 0.1203
[2025/10/16 03:40:03] - 3 	 19.8 	 	 0.2000 	 4.3498 	 0.1314
[2025/10/16 03:40:03] - ==> Building model..
[2025/10/16 03:40:23] - Test Loss 	 Test Acc 	 PGD Loss 	 PGD Acc
[2025/10/16 03:40:23] - 3.6793 	 	 0.2482 	 3.7571 	 0.1440
[2025/10/16 03:41:00] - 4 	 18.0 	 	 0.2000 	 4.3033 	 0.1562
[2025/10/16 03:41:00] - ==> Building model..
[2025/10/16 03:41:21] - Test Loss 	 Test Acc 	 PGD Loss 	 PGD Acc
[2025/10/16 03:41:21] - 3.5351 	 	 0.2848 	 3.6366 	 0.1664
[2025/10/16 03:42:02] - 5 	 20.3 	 	 0.2000 	 4.2675 	 0.1745
[2025/10/16 03:42:02] - ==> Building model..
[2025/10/16 03:42:22] - Test Loss 	 Test Acc 	 PGD Loss 	 PGD Acc
[2025/10/16 03:42:22] - 3.3593 	 	 0.3203 	 3.4882 	 0.1843
[2025/10/16 03:43:03] - 6 	 21.1 	 	 0.2000 	 4.2379 	 0.1890
[2025/10/16 03:43:03] - ==> Building model..
[2025/10/16 03:43:25] - Test Loss 	 Test Acc 	 PGD Loss 	 PGD Acc
[2025/10/16 03:43:25] - 3.1315 	 	 0.3644 	 3.2981 	 0.1978
[2025/10/16 03:44:06] - 7 	 21.0 	 	 0.2000 	 4.2174 	 0.2022
[2025/10/16 03:44:06] - ==> Building model..
[2025/10/16 03:44:26] - Test Loss 	 Test Acc 	 PGD Loss 	 PGD Acc
[2025/10/16 03:44:26] - 3.0169 	 	 0.3909 	 3.2067 	 0.2075
[2025/10/16 03:45:08] - 8 	 21.5 	 	 0.2000 	 4.1995 	 0.2113
[2025/10/16 03:45:08] - ==> Building model..
[2025/10/16 03:45:29] - Test Loss 	 Test Acc 	 PGD Loss 	 PGD Acc
[2025/10/16 03:45:29] - 2.9339 	 	 0.4104 	 3.1418 	 0.2189
[2025/10/16 03:46:07] - 9 	 19.2 	 	 0.2000 	 4.1843 	 0.2192
[2025/10/16 03:46:07] - ==> Building model..
[2025/10/16 03:46:29] - Test Loss 	 Test Acc 	 PGD Loss 	 PGD Acc
[2025/10/16 03:46:29] - 2.8825 	 	 0.4253 	 3.1033 	 0.2258
[2025/10/16 03:47:08] - 10 	 19.8 	 	 0.2000 	 4.1724 	 0.2276
[2025/10/16 03:47:08] - ==> Building model..
[2025/10/16 03:47:30] - Test Loss 	 Test Acc 	 PGD Loss 	 PGD Acc
[2025/10/16 03:47:30] - 2.8365 	 	 0.4333 	 3.0669 	 0.2328
[2025/10/16 03:48:08] - 11 	 19.2 	 	 0.2000 	 4.1649 	 0.2293
[2025/10/16 03:48:08] - ==> Building model..
[2025/10/16 03:48:28] - Test Loss 	 Test Acc 	 PGD Loss 	 PGD Acc
[2025/10/16 03:48:28] - 2.7969 	 	 0.4420 	 3.0355 	 0.2374
[2025/10/16 03:49:07] - 12 	 19.1 	 	 0.2000 	 4.1553 	 0.2374
[2025/10/16 03:49:07] - ==> Building model..
[2025/10/16 03:49:28] - Test Loss 	 Test Acc 	 PGD Loss 	 PGD Acc
[2025/10/16 03:49:28] - 2.7664 	 	 0.4526 	 3.0139 	 0.2411
[2025/10/16 03:50:09] - 13 	 21.3 	 	 0.2000 	 4.1522 	 0.2377
[2025/10/16 03:50:09] - ==> Building model..
[2025/10/16 03:50:30] - Test Loss 	 Test Acc 	 PGD Loss 	 PGD Acc
[2025/10/16 03:50:30] - 2.7444 	 	 0.4560 	 2.9977 	 0.2449
[2025/10/16 03:51:12] - 14 	 21.1 	 	 0.2000 	 4.1464 	 0.2422
[2025/10/16 03:51:12] - ==> Building model..
[2025/10/16 03:51:31] - Test Loss 	 Test Acc 	 PGD Loss 	 PGD Acc
[2025/10/16 03:51:31] - 2.7267 	 	 0.4606 	 2.9843 	 0.2466
[2025/10/16 03:52:13] - 15 	 20.7 	 	 0.2000 	 4.1389 	 0.2481
[2025/10/16 03:52:13] - ==> Building model..
[2025/10/16 03:52:33] - Test Loss 	 Test Acc 	 PGD Loss 	 PGD Acc
[2025/10/16 03:52:33] - 2.7081 	 	 0.4650 	 2.9709 	 0.2511
[2025/10/16 03:53:13] - 16 	 20.9 	 	 0.2000 	 4.1349 	 0.2477
[2025/10/16 03:53:13] - ==> Building model..
[2025/10/16 03:53:34] - Test Loss 	 Test Acc 	 PGD Loss 	 PGD Acc
[2025/10/16 03:53:34] - 2.6919 	 	 0.4703 	 2.9580 	 0.2525
[2025/10/16 03:54:13] - 17 	 20.3 	 	 0.2000 	 4.1335 	 0.2476
[2025/10/16 03:54:13] - ==> Building model..
[2025/10/16 03:54:35] - Test Loss 	 Test Acc 	 PGD Loss 	 PGD Acc
[2025/10/16 03:54:35] - 2.6729 	 	 0.4720 	 2.9440 	 0.2545
[2025/10/16 03:55:15] - 18 	 20.6 	 	 0.2000 	 4.1267 	 0.2512
[2025/10/16 03:55:15] - ==> Building model..
[2025/10/16 03:55:33] - Test Loss 	 Test Acc 	 PGD Loss 	 PGD Acc
[2025/10/16 03:55:33] - 2.6579 	 	 0.4774 	 2.9324 	 0.2550
[2025/10/16 03:56:14] - 19 	 21.7 	 	 0.2000 	 4.1235 	 0.2561
[2025/10/16 03:56:14] - ==> Building model..
[2025/10/16 03:56:36] - Test Loss 	 Test Acc 	 PGD Loss 	 PGD Acc
[2025/10/16 03:56:36] - 2.6421 	 	 0.4856 	 2.9216 	 0.2591
[2025/10/16 03:57:16] - 20 	 20.8 	 	 0.2000 	 4.1227 	 0.2583
[2025/10/16 03:57:16] - ==> Building model..
[2025/10/16 03:57:37] - Test Loss 	 Test Acc 	 PGD Loss 	 PGD Acc
[2025/10/16 03:57:37] - 2.6347 	 	 0.4855 	 2.9155 	 0.2604
[2025/10/16 03:58:18] - 21 	 21.1 	 	 0.2000 	 4.1180 	 0.2584
[2025/10/16 03:58:18] - ==> Building model..
[2025/10/16 03:58:38] - Test Loss 	 Test Acc 	 PGD Loss 	 PGD Acc
[2025/10/16 03:58:38] - 2.6300 	 	 0.4881 	 2.9120 	 0.2587
[2025/10/16 03:59:17] - 22 	 20.6 	 	 0.2000 	 4.1181 	 0.2584
[2025/10/16 03:59:17] - ==> Building model..
[2025/10/16 03:59:39] - Test Loss 	 Test Acc 	 PGD Loss 	 PGD Acc
[2025/10/16 03:59:39] - 2.6264 	 	 0.4895 	 2.9099 	 0.2595
[2025/10/16 04:00:18] - 23 	 20.4 	 	 0.2000 	 4.1169 	 0.2593
[2025/10/16 04:00:18] - ==> Building model..
[2025/10/16 04:00:40] - Test Loss 	 Test Acc 	 PGD Loss 	 PGD Acc
[2025/10/16 04:00:40] - 2.6172 	 	 0.4923 	 2.9037 	 0.2617
[2025/10/16 04:01:20] - 24 	 21.2 	 	 0.2000 	 4.1127 	 0.2604
[2025/10/16 04:01:20] - ==> Building model..
[2025/10/16 04:01:40] - Test Loss 	 Test Acc 	 PGD Loss 	 PGD Acc
[2025/10/16 04:01:40] - 2.6099 	 	 0.4937 	 2.8988 	 0.2646
[2025/10/16 04:02:20] - 25 	 20.7 	 	 0.2000 	 4.1105 	 0.2656
[2025/10/16 04:02:20] - ==> Building model..
[2025/10/16 04:02:42] - Test Loss 	 Test Acc 	 PGD Loss 	 PGD Acc
[2025/10/16 04:02:42] - 2.6018 	 	 0.4943 	 2.8921 	 0.2675
[2025/10/16 04:03:23] - 26 	 20.9 	 	 0.2000 	 4.1077 	 0.2641
[2025/10/16 04:03:23] - ==> Building model..
[2025/10/16 04:03:43] - Test Loss 	 Test Acc 	 PGD Loss 	 PGD Acc
[2025/10/16 04:03:43] - 2.5939 	 	 0.4971 	 2.8856 	 0.2695
[2025/10/16 04:04:23] - 27 	 20.8 	 	 0.2000 	 4.1071 	 0.2655
[2025/10/16 04:04:23] - ==> Building model..
[2025/10/16 04:04:44] - Test Loss 	 Test Acc 	 PGD Loss 	 PGD Acc
[2025/10/16 04:04:44] - 2.5888 	 	 0.5002 	 2.8834 	 0.2688
[2025/10/16 04:05:25] - 28 	 20.5 	 	 0.2000 	 4.1055 	 0.2642
[2025/10/16 04:05:25] - ==> Building model..
[2025/10/16 04:05:44] - Test Loss 	 Test Acc 	 PGD Loss 	 PGD Acc
[2025/10/16 04:05:44] - 2.5832 	 	 0.5020 	 2.8786 	 0.2709
[2025/10/16 04:06:26] - 29 	 21.6 	 	 0.2000 	 4.1047 	 0.2674
[2025/10/16 04:06:26] - ==> Building model..
[2025/10/16 04:06:48] - Test Loss 	 Test Acc 	 PGD Loss 	 PGD Acc
[2025/10/16 04:06:48] - 2.5793 	 	 0.5020 	 2.8757 	 0.2721
[2025/10/16 04:07:28] - 30 	 20.3 	 	 0.2000 	 4.1041 	 0.2652
[2025/10/16 04:07:28] - ==> Building model..
[2025/10/16 04:07:49] - Test Loss 	 Test Acc 	 PGD Loss 	 PGD Acc
[2025/10/16 04:07:49] - 2.5756 	 	 0.5031 	 2.8729 	 0.2727
[2025/10/16 04:08:31] - 31 	 21.2 	 	 0.2000 	 4.1024 	 0.2681
[2025/10/16 04:08:31] - ==> Building model..
[2025/10/16 04:08:52] - Test Loss 	 Test Acc 	 PGD Loss 	 PGD Acc
[2025/10/16 04:08:52] - 2.5772 	 	 0.5029 	 2.8742 	 0.2724
[2025/10/16 04:09:35] - 32 	 22.2 	 	 0.2000 	 4.1014 	 0.2665
[2025/10/16 04:09:35] - ==> Building model..
[2025/10/16 04:09:56] - Test Loss 	 Test Acc 	 PGD Loss 	 PGD Acc
[2025/10/16 04:09:56] - 2.5768 	 	 0.5031 	 2.8742 	 0.2731
[2025/10/16 04:10:39] - 33 	 21.6 	 	 0.2000 	 4.0997 	 0.2696
[2025/10/16 04:10:39] - ==> Building model..
[2025/10/16 04:10:59] - Test Loss 	 Test Acc 	 PGD Loss 	 PGD Acc
[2025/10/16 04:10:59] - 2.5700 	 	 0.5030 	 2.8677 	 0.2733
[2025/10/16 04:11:39] - 34 	 20.5 	 	 0.2000 	 4.1011 	 0.2684
[2025/10/16 04:11:39] - ==> Building model..
[2025/10/16 04:12:01] - Test Loss 	 Test Acc 	 PGD Loss 	 PGD Acc
[2025/10/16 04:12:01] - 2.5645 	 	 0.5035 	 2.8632 	 0.2743
[2025/10/16 04:12:41] - 35 	 21.2 	 	 0.2000 	 4.0964 	 0.2724
[2025/10/16 04:12:41] - ==> Building model..
[2025/10/16 04:13:03] - Test Loss 	 Test Acc 	 PGD Loss 	 PGD Acc
[2025/10/16 04:13:03] - 2.5643 	 	 0.5053 	 2.8631 	 0.2737
[2025/10/16 04:13:45] - 36 	 21.7 	 	 0.2000 	 4.0978 	 0.2702
[2025/10/16 04:13:45] - ==> Building model..
[2025/10/16 04:14:05] - Test Loss 	 Test Acc 	 PGD Loss 	 PGD Acc
[2025/10/16 04:14:05] - 2.5627 	 	 0.5076 	 2.8619 	 0.2760
[2025/10/16 04:14:48] - 37 	 21.0 	 	 0.2000 	 4.0969 	 0.2695
[2025/10/16 04:14:48] - ==> Building model..
[2025/10/16 04:15:09] - Test Loss 	 Test Acc 	 PGD Loss 	 PGD Acc
[2025/10/16 04:15:09] - 2.5631 	 	 0.5072 	 2.8629 	 0.2771
[2025/10/16 04:15:51] - 38 	 21.7 	 	 0.2000 	 4.0952 	 0.2727
[2025/10/16 04:15:51] - ==> Building model..
[2025/10/16 04:16:11] - Test Loss 	 Test Acc 	 PGD Loss 	 PGD Acc
[2025/10/16 04:16:11] - 2.5604 	 	 0.5071 	 2.8614 	 0.2769
[2025/10/16 04:16:52] - 39 	 21.4 	 	 0.2000 	 4.0945 	 0.2718
[2025/10/16 04:16:52] - ==> Building model..
[2025/10/16 04:17:13] - Test Loss 	 Test Acc 	 PGD Loss 	 PGD Acc
[2025/10/16 04:17:13] - 2.5586 	 	 0.5070 	 2.8594 	 0.2758
[2025/10/16 04:17:52] - 40 	 19.7 	 	 0.2000 	 4.0940 	 0.2745
[2025/10/16 04:17:52] - ==> Building model..
[2025/10/16 04:18:12] - Test Loss 	 Test Acc 	 PGD Loss 	 PGD Acc
[2025/10/16 04:18:12] - 2.5612 	 	 0.5069 	 2.8614 	 0.2761
[2025/10/16 04:18:52] - 41 	 21.3 	 	 0.2000 	 4.0954 	 0.2724
[2025/10/16 04:18:52] - ==> Building model..
[2025/10/16 04:19:14] - Test Loss 	 Test Acc 	 PGD Loss 	 PGD Acc
[2025/10/16 04:19:14] - 2.5614 	 	 0.5086 	 2.8630 	 0.2757
[2025/10/16 04:19:53] - 42 	 20.3 	 	 0.2000 	 4.0951 	 0.2730
[2025/10/16 04:19:53] - ==> Building model..
[2025/10/16 04:20:15] - Test Loss 	 Test Acc 	 PGD Loss 	 PGD Acc
[2025/10/16 04:20:15] - 2.5638 	 	 0.5077 	 2.8652 	 0.2758
[2025/10/16 04:20:53] - 43 	 19.0 	 	 0.2000 	 4.0937 	 0.2738
[2025/10/16 04:20:53] - ==> Building model..
[2025/10/16 04:21:14] - Test Loss 	 Test Acc 	 PGD Loss 	 PGD Acc
[2025/10/16 04:21:14] - 2.5638 	 	 0.5083 	 2.8642 	 0.2764
[2025/10/16 04:21:54] - 44 	 20.8 	 	 0.2000 	 4.0926 	 0.2753
[2025/10/16 04:21:54] - ==> Building model..
[2025/10/16 04:22:16] - Test Loss 	 Test Acc 	 PGD Loss 	 PGD Acc
[2025/10/16 04:22:16] - 2.5592 	 	 0.5105 	 2.8619 	 0.2785
[2025/10/16 04:22:56] - 45 	 20.8 	 	 0.2000 	 4.0915 	 0.2737
[2025/10/16 04:22:56] - ==> Building model..
[2025/10/16 04:23:17] - Test Loss 	 Test Acc 	 PGD Loss 	 PGD Acc
[2025/10/16 04:23:17] - 2.5555 	 	 0.5127 	 2.8584 	 0.2778
[2025/10/16 04:23:58] - 46 	 21.0 	 	 0.2000 	 4.0892 	 0.2745
[2025/10/16 04:23:58] - ==> Building model..
[2025/10/16 04:24:20] - Test Loss 	 Test Acc 	 PGD Loss 	 PGD Acc
[2025/10/16 04:24:20] - 2.5529 	 	 0.5122 	 2.8565 	 0.2785
[2025/10/16 04:25:01] - 47 	 21.0 	 	 0.2000 	 4.0909 	 0.2734
[2025/10/16 04:25:01] - ==> Building model..
[2025/10/16 04:25:21] - Test Loss 	 Test Acc 	 PGD Loss 	 PGD Acc
[2025/10/16 04:25:21] - 2.5479 	 	 0.5132 	 2.8535 	 0.2782
[2025/10/16 04:26:00] - 48 	 20.0 	 	 0.2000 	 4.0887 	 0.2749
[2025/10/16 04:26:00] - ==> Building model..
[2025/10/16 04:26:21] - Test Loss 	 Test Acc 	 PGD Loss 	 PGD Acc
[2025/10/16 04:26:21] - 2.5457 	 	 0.5127 	 2.8511 	 0.2781
[2025/10/16 04:27:02] - 49 	 21.1 	 	 0.2000 	 4.0879 	 0.2777
[2025/10/16 04:27:02] - ==> Building model..
[2025/10/16 04:27:22] - Test Loss 	 Test Acc 	 PGD Loss 	 PGD Acc
[2025/10/16 04:27:22] - 2.5451 	 	 0.5134 	 2.8505 	 0.2782
[2025/10/16 04:28:02] - 50 	 20.8 	 	 0.2000 	 4.0888 	 0.2758
[2025/10/16 04:28:02] - ==> Building model..
[2025/10/16 04:28:24] - Test Loss 	 Test Acc 	 PGD Loss 	 PGD Acc
[2025/10/16 04:28:24] - 2.5443 	 	 0.5136 	 2.8497 	 0.2773
[2025/10/16 04:29:05] - 51 	 21.5 	 	 0.2000 	 4.0887 	 0.2748
[2025/10/16 04:29:05] - ==> Building model..
[2025/10/16 04:29:26] - Test Loss 	 Test Acc 	 PGD Loss 	 PGD Acc
[2025/10/16 04:29:26] - 2.5432 	 	 0.5158 	 2.8496 	 0.2762
[2025/10/16 04:30:09] - 52 	 21.9 	 	 0.2000 	 4.0890 	 0.2777
[2025/10/16 04:30:09] - ==> Building model..
[2025/10/16 04:30:31] - Test Loss 	 Test Acc 	 PGD Loss 	 PGD Acc
[2025/10/16 04:30:31] - 2.5430 	 	 0.5154 	 2.8492 	 0.2768
[2025/10/16 04:31:12] - 53 	 21.1 	 	 0.2000 	 4.0872 	 0.2762
[2025/10/16 04:31:12] - ==> Building model..
[2025/10/16 04:31:32] - Test Loss 	 Test Acc 	 PGD Loss 	 PGD Acc
[2025/10/16 04:31:32] - 2.5419 	 	 0.5156 	 2.8476 	 0.2775
[2025/10/16 04:32:13] - 54 	 20.6 	 	 0.2000 	 4.0905 	 0.2768
[2025/10/16 04:32:13] - ==> Building model..
[2025/10/16 04:32:34] - Test Loss 	 Test Acc 	 PGD Loss 	 PGD Acc
[2025/10/16 04:32:34] - 2.5416 	 	 0.5168 	 2.8470 	 0.2780
[2025/10/16 04:33:15] - 55 	 21.1 	 	 0.2000 	 4.0901 	 0.2765
[2025/10/16 04:33:15] - ==> Building model..
[2025/10/16 04:33:36] - Test Loss 	 Test Acc 	 PGD Loss 	 PGD Acc
[2025/10/16 04:33:36] - 2.5439 	 	 0.5174 	 2.8490 	 0.2776
[2025/10/16 04:34:17] - 56 	 21.0 	 	 0.2000 	 4.0901 	 0.2778
[2025/10/16 04:34:17] - ==> Building model..
[2025/10/16 04:34:37] - Test Loss 	 Test Acc 	 PGD Loss 	 PGD Acc
[2025/10/16 04:34:37] - 2.5471 	 	 0.5173 	 2.8516 	 0.2772
[2025/10/16 04:35:17] - 57 	 20.8 	 	 0.2000 	 4.0910 	 0.2776
[2025/10/16 04:35:17] - ==> Building model..
[2025/10/16 04:35:38] - Test Loss 	 Test Acc 	 PGD Loss 	 PGD Acc
[2025/10/16 04:35:38] - 2.5476 	 	 0.5190 	 2.8517 	 0.2786
[2025/10/16 04:36:19] - 58 	 21.0 	 	 0.2000 	 4.0899 	 0.2797
[2025/10/16 04:36:19] - ==> Building model..
[2025/10/16 04:36:39] - Test Loss 	 Test Acc 	 PGD Loss 	 PGD Acc
[2025/10/16 04:36:39] - 2.5499 	 	 0.5188 	 2.8532 	 0.2781
[2025/10/16 04:37:20] - 59 	 20.7 	 	 0.2000 	 4.0917 	 0.2780
[2025/10/16 04:37:20] - ==> Building model..
[2025/10/16 04:37:40] - Test Loss 	 Test Acc 	 PGD Loss 	 PGD Acc
[2025/10/16 04:37:40] - 2.5510 	 	 0.5184 	 2.8536 	 0.2801
[2025/10/16 04:38:20] - 60 	 20.2 	 	 0.2000 	 4.0903 	 0.2788
[2025/10/16 04:38:20] - ==> Building model..
[2025/10/16 04:38:41] - Test Loss 	 Test Acc 	 PGD Loss 	 PGD Acc
[2025/10/16 04:38:41] - 2.5522 	 	 0.5199 	 2.8546 	 0.2797
[2025/10/16 04:39:21] - 61 	 20.9 	 	 0.2000 	 4.0918 	 0.2771
[2025/10/16 04:39:21] - ==> Building model..
[2025/10/16 04:39:43] - Test Loss 	 Test Acc 	 PGD Loss 	 PGD Acc
[2025/10/16 04:39:43] - 2.5552 	 	 0.5200 	 2.8567 	 0.2805
[2025/10/16 04:40:23] - 62 	 20.6 	 	 0.2000 	 4.0921 	 0.2780
[2025/10/16 04:40:23] - ==> Building model..
[2025/10/16 04:40:44] - Test Loss 	 Test Acc 	 PGD Loss 	 PGD Acc
[2025/10/16 04:40:44] - 2.5570 	 	 0.5199 	 2.8576 	 0.2796
[2025/10/16 04:41:25] - 63 	 21.2 	 	 0.2000 	 4.0939 	 0.2748
[2025/10/16 04:41:25] - ==> Building model..
[2025/10/16 04:41:47] - Test Loss 	 Test Acc 	 PGD Loss 	 PGD Acc
[2025/10/16 04:41:47] - 2.5595 	 	 0.5190 	 2.8593 	 0.2797
[2025/10/16 04:42:26] - 64 	 20.6 	 	 0.2000 	 4.0919 	 0.2793
[2025/10/16 04:42:26] - ==> Building model..
[2025/10/16 04:42:47] - Test Loss 	 Test Acc 	 PGD Loss 	 PGD Acc
[2025/10/16 04:42:47] - 2.5617 	 	 0.5197 	 2.8608 	 0.2802
[2025/10/16 04:43:27] - 65 	 20.7 	 	 0.2000 	 4.0913 	 0.2778
[2025/10/16 04:43:27] - ==> Building model..
[2025/10/16 04:43:47] - Test Loss 	 Test Acc 	 PGD Loss 	 PGD Acc
[2025/10/16 04:43:47] - 2.5654 	 	 0.5204 	 2.8632 	 0.2790
[2025/10/16 04:44:24] - 66 	 17.7 	 	 0.2000 	 4.0911 	 0.2777
[2025/10/16 04:44:24] - ==> Building model..
[2025/10/16 04:44:46] - Test Loss 	 Test Acc 	 PGD Loss 	 PGD Acc
[2025/10/16 04:44:46] - 2.5681 	 	 0.5214 	 2.8661 	 0.2800
[2025/10/16 04:45:24] - 67 	 20.1 	 	 0.2000 	 4.0919 	 0.2797
[2025/10/16 04:45:24] - ==> Building model..
[2025/10/16 04:45:46] - Test Loss 	 Test Acc 	 PGD Loss 	 PGD Acc
[2025/10/16 04:45:46] - 2.5696 	 	 0.5213 	 2.8669 	 0.2800
[2025/10/16 04:46:28] - 68 	 21.3 	 	 0.2000 	 4.0925 	 0.2790
[2025/10/16 04:46:28] - ==> Building model..
[2025/10/16 04:46:47] - Test Loss 	 Test Acc 	 PGD Loss 	 PGD Acc
[2025/10/16 04:46:47] - 2.5705 	 	 0.5213 	 2.8674 	 0.2806
[2025/10/16 04:47:30] - 69 	 20.8 	 	 0.2000 	 4.0926 	 0.2790
[2025/10/16 04:47:30] - ==> Building model..
[2025/10/16 04:47:49] - Test Loss 	 Test Acc 	 PGD Loss 	 PGD Acc
[2025/10/16 04:47:49] - 2.5730 	 	 0.5221 	 2.8692 	 0.2795
[2025/10/16 04:48:29] - 70 	 20.3 	 	 0.2000 	 4.0928 	 0.2773
[2025/10/16 04:48:29] - ==> Building model..
[2025/10/16 04:48:51] - Test Loss 	 Test Acc 	 PGD Loss 	 PGD Acc
[2025/10/16 04:48:51] - 2.5748 	 	 0.5216 	 2.8706 	 0.2793
[2025/10/16 04:49:26] - 71 	 16.8 	 	 0.2000 	 4.0928 	 0.2767
[2025/10/16 04:49:26] - ==> Building model..
[2025/10/16 04:49:40] - Test Loss 	 Test Acc 	 PGD Loss 	 PGD Acc
[2025/10/16 04:49:40] - 2.5778 	 	 0.5201 	 2.8725 	 0.2807
[2025/10/16 04:50:19] - 72 	 18.8 	 	 0.2000 	 4.0914 	 0.2755
[2025/10/16 04:50:19] - ==> Building model..
[2025/10/16 04:50:41] - Test Loss 	 Test Acc 	 PGD Loss 	 PGD Acc
[2025/10/16 04:50:41] - 2.5787 	 	 0.5198 	 2.8733 	 0.2804
[2025/10/16 04:51:19] - 73 	 19.5 	 	 0.2000 	 4.0911 	 0.2765
[2025/10/16 04:51:19] - ==> Building model..
[2025/10/16 04:51:40] - Test Loss 	 Test Acc 	 PGD Loss 	 PGD Acc
[2025/10/16 04:51:40] - 2.5792 	 	 0.5206 	 2.8731 	 0.2806
[2025/10/16 04:52:20] - 74 	 20.6 	 	 0.2000 	 4.0937 	 0.2795
[2025/10/16 04:52:20] - ==> Building model..
[2025/10/16 04:52:41] - Test Loss 	 Test Acc 	 PGD Loss 	 PGD Acc
[2025/10/16 04:52:41] - 2.5810 	 	 0.5202 	 2.8744 	 0.2793
[2025/10/16 04:53:21] - 75 	 20.9 	 	 0.2000 	 4.0912 	 0.2787
[2025/10/16 04:53:21] - ==> Building model..
[2025/10/16 04:53:42] - Test Loss 	 Test Acc 	 PGD Loss 	 PGD Acc
[2025/10/16 04:53:42] - 2.5826 	 	 0.5209 	 2.8756 	 0.2784
[2025/10/16 04:54:22] - 76 	 20.9 	 	 0.2000 	 4.0920 	 0.2795
[2025/10/16 04:54:22] - ==> Building model..
[2025/10/16 04:54:43] - Test Loss 	 Test Acc 	 PGD Loss 	 PGD Acc
[2025/10/16 04:54:43] - 2.5835 	 	 0.5189 	 2.8769 	 0.2792
[2025/10/16 04:55:25] - 77 	 21.3 	 	 0.2000 	 4.0917 	 0.2786
[2025/10/16 04:55:25] - ==> Building model..
[2025/10/16 04:55:46] - Test Loss 	 Test Acc 	 PGD Loss 	 PGD Acc
[2025/10/16 04:55:46] - 2.5847 	 	 0.5199 	 2.8769 	 0.2791
[2025/10/16 04:56:26] - 78 	 21.3 	 	 0.2000 	 4.0916 	 0.2773
[2025/10/16 04:56:26] - ==> Building model..
[2025/10/16 04:56:47] - Test Loss 	 Test Acc 	 PGD Loss 	 PGD Acc
[2025/10/16 04:56:47] - 2.5847 	 	 0.5198 	 2.8767 	 0.2794
[2025/10/16 04:57:27] - 79 	 20.7 	 	 0.2000 	 4.0908 	 0.2777
[2025/10/16 04:57:27] - ==> Building model..
[2025/10/16 04:57:48] - Test Loss 	 Test Acc 	 PGD Loss 	 PGD Acc
[2025/10/16 04:57:48] - 2.5854 	 	 0.5187 	 2.8773 	 0.2802
[2025/10/16 04:58:27] - 80 	 20.6 	 	 0.2000 	 4.0899 	 0.2798
[2025/10/16 04:58:27] - ==> Building model..
[2025/10/16 04:58:48] - Test Loss 	 Test Acc 	 PGD Loss 	 PGD Acc
[2025/10/16 04:58:48] - 2.5856 	 	 0.5189 	 2.8773 	 0.2802
[2025/10/16 04:59:28] - 81 	 21.1 	 	 0.2000 	 4.0913 	 0.2772
[2025/10/16 04:59:28] - ==> Building model..
[2025/10/16 04:59:49] - Test Loss 	 Test Acc 	 PGD Loss 	 PGD Acc
[2025/10/16 04:59:49] - 2.5856 	 	 0.5183 	 2.8778 	 0.2814
[2025/10/16 05:00:29] - 82 	 20.9 	 	 0.2000 	 4.0914 	 0.2782
[2025/10/16 05:00:29] - ==> Building model..
[2025/10/16 05:00:48] - Test Loss 	 Test Acc 	 PGD Loss 	 PGD Acc
[2025/10/16 05:00:48] - 2.5843 	 	 0.5195 	 2.8769 	 0.2818
[2025/10/16 05:01:25] - 83 	 18.5 	 	 0.2000 	 4.0890 	 0.2801
[2025/10/16 05:01:25] - ==> Building model..
[2025/10/16 05:01:40] - Test Loss 	 Test Acc 	 PGD Loss 	 PGD Acc
[2025/10/16 05:01:40] - 2.5842 	 	 0.5196 	 2.8767 	 0.2821
[2025/10/16 05:02:18] - 84 	 19.5 	 	 0.2000 	 4.0906 	 0.2786
[2025/10/16 05:02:18] - ==> Building model..
[2025/10/16 05:02:40] - Test Loss 	 Test Acc 	 PGD Loss 	 PGD Acc
[2025/10/16 05:02:40] - 2.5844 	 	 0.5200 	 2.8768 	 0.2830
[2025/10/16 05:03:20] - 85 	 20.5 	 	 0.2000 	 4.0911 	 0.2784
[2025/10/16 05:03:20] - ==> Building model..
[2025/10/16 05:03:41] - Test Loss 	 Test Acc 	 PGD Loss 	 PGD Acc
[2025/10/16 05:03:41] - 2.5848 	 	 0.5206 	 2.8773 	 0.2818
[2025/10/16 05:04:19] - 86 	 19.1 	 	 0.2000 	 4.0907 	 0.2809
[2025/10/16 05:04:19] - ==> Building model..
[2025/10/16 05:04:41] - Test Loss 	 Test Acc 	 PGD Loss 	 PGD Acc
[2025/10/16 05:04:41] - 2.5849 	 	 0.5205 	 2.8774 	 0.2821
[2025/10/16 05:05:21] - 87 	 20.6 	 	 0.2000 	 4.0892 	 0.2794
[2025/10/16 05:05:21] - ==> Building model..
[2025/10/16 05:05:36] - Test Loss 	 Test Acc 	 PGD Loss 	 PGD Acc
[2025/10/16 05:05:36] - 2.5867 	 	 0.5194 	 2.8789 	 0.2831
[2025/10/16 05:06:14] - 88 	 19.3 	 	 0.2000 	 4.0917 	 0.2779
[2025/10/16 05:06:14] - ==> Building model..
[2025/10/16 05:06:34] - Test Loss 	 Test Acc 	 PGD Loss 	 PGD Acc
[2025/10/16 05:06:34] - 2.5892 	 	 0.5198 	 2.8810 	 0.2832
[2025/10/16 05:07:14] - 89 	 20.4 	 	 0.2000 	 4.0894 	 0.2840
[2025/10/16 05:07:14] - ==> Building model..
[2025/10/16 05:07:35] - Test Loss 	 Test Acc 	 PGD Loss 	 PGD Acc
[2025/10/16 05:07:35] - 2.5897 	 	 0.5199 	 2.8806 	 0.2836
[2025/10/16 05:08:15] - 90 	 20.7 	 	 0.0200 	 3.9944 	 0.3409
[2025/10/16 05:08:15] - ==> Building model..
[2025/10/16 05:08:37] - Test Loss 	 Test Acc 	 PGD Loss 	 PGD Acc
[2025/10/16 05:08:37] - 2.5857 	 	 0.5215 	 2.8785 	 0.2840
[2025/10/16 05:09:14] - 91 	 18.8 	 	 0.0200 	 3.9011 	 0.4024
[2025/10/16 05:09:14] - ==> Building model..
[2025/10/16 05:09:36] - Test Loss 	 Test Acc 	 PGD Loss 	 PGD Acc
[2025/10/16 05:09:36] - 2.5837 	 	 0.5223 	 2.8766 	 0.2843
[2025/10/16 05:10:17] - 92 	 20.6 	 	 0.0200 	 3.8756 	 0.4208
[2025/10/16 05:10:17] - ==> Building model..
[2025/10/16 05:10:37] - Test Loss 	 Test Acc 	 PGD Loss 	 PGD Acc
[2025/10/16 05:10:37] - 2.5838 	 	 0.5225 	 2.8772 	 0.2844
[2025/10/16 05:11:19] - 93 	 20.1 	 	 0.0200 	 3.8580 	 0.4332
[2025/10/16 05:11:19] - ==> Building model..
[2025/10/16 05:11:40] - Test Loss 	 Test Acc 	 PGD Loss 	 PGD Acc
[2025/10/16 05:11:40] - 2.5844 	 	 0.5224 	 2.8779 	 0.2837
[2025/10/16 05:12:18] - 94 	 19.9 	 	 0.0200 	 3.8427 	 0.4431
[2025/10/16 05:12:18] - ==> Building model..
[2025/10/16 05:12:40] - Test Loss 	 Test Acc 	 PGD Loss 	 PGD Acc
[2025/10/16 05:12:40] - 2.5858 	 	 0.5225 	 2.8792 	 0.2845
[2025/10/16 05:13:18] - 95 	 20.0 	 	 0.0200 	 3.8306 	 0.4521
[2025/10/16 05:13:18] - ==> Building model..
[2025/10/16 05:13:39] - Test Loss 	 Test Acc 	 PGD Loss 	 PGD Acc
[2025/10/16 05:13:39] - 2.5893 	 	 0.5223 	 2.8825 	 0.2848
[2025/10/16 05:14:18] - 96 	 19.8 	 	 0.0200 	 3.8198 	 0.4615
[2025/10/16 05:14:18] - ==> Building model..
[2025/10/16 05:14:40] - Test Loss 	 Test Acc 	 PGD Loss 	 PGD Acc
[2025/10/16 05:14:40] - 2.5926 	 	 0.5223 	 2.8841 	 0.2842
[2025/10/16 05:15:19] - 97 	 20.4 	 	 0.0200 	 3.8109 	 0.4670
[2025/10/16 05:15:19] - ==> Building model..
[2025/10/16 05:15:41] - Test Loss 	 Test Acc 	 PGD Loss 	 PGD Acc
[2025/10/16 05:15:41] - 2.5969 	 	 0.5220 	 2.8884 	 0.2845
[2025/10/16 05:16:20] - 98 	 19.8 	 	 0.0200 	 3.8023 	 0.4727
[2025/10/16 05:16:20] - ==> Building model..
[2025/10/16 05:16:40] - Test Loss 	 Test Acc 	 PGD Loss 	 PGD Acc
[2025/10/16 05:16:40] - 2.5989 	 	 0.5218 	 2.8901 	 0.2844
[2025/10/16 05:17:19] - 99 	 19.7 	 	 0.0200 	 3.7952 	 0.4808
[2025/10/16 05:17:19] - ==> Building model..
[2025/10/16 05:17:41] - Test Loss 	 Test Acc 	 PGD Loss 	 PGD Acc
[2025/10/16 05:17:41] - 2.6023 	 	 0.5213 	 2.8925 	 0.2848
[2025/10/16 05:17:41] - [0.0866, 0.1485, 0.192, 0.2482, 0.2848, 0.3203, 0.3644, 0.3909, 0.4104, 0.4253, 0.4333, 0.442, 0.4526, 0.456, 0.4606, 0.465, 0.4703, 0.472, 0.4774, 0.4856, 0.4855, 0.4881, 0.4895, 0.4923, 0.4937, 0.4943, 0.4971, 0.5002, 0.502, 0.502, 0.5031, 0.5029, 0.5031, 0.503, 0.5035, 0.5053, 0.5076, 0.5072, 0.5071, 0.507, 0.5069, 0.5086, 0.5077, 0.5083, 0.5105, 0.5127, 0.5122, 0.5132, 0.5127, 0.5134, 0.5136, 0.5158, 0.5154, 0.5156, 0.5168, 0.5174, 0.5173, 0.519, 0.5188, 0.5184, 0.5199, 0.52, 0.5199, 0.519, 0.5197, 0.5204, 0.5214, 0.5213, 0.5213, 0.5221, 0.5216, 0.5201, 0.5198, 0.5206, 0.5202, 0.5209, 0.5189, 0.5199, 0.5198, 0.5187, 0.5189, 0.5183, 0.5195, 0.5196, 0.52, 0.5206, 0.5205, 0.5194, 0.5198, 0.5199, 0.5215, 0.5223, 0.5225, 0.5224, 0.5225, 0.5223, 0.5223, 0.522, 0.5218, 0.5213]
[2025/10/16 05:17:41] - [0.0604, 0.0961, 0.1203, 0.144, 0.1664, 0.1843, 0.1978, 0.2075, 0.2189, 0.2258, 0.2328, 0.2374, 0.2411, 0.2449, 0.2466, 0.2511, 0.2525, 0.2545, 0.255, 0.2591, 0.2604, 0.2587, 0.2595, 0.2617, 0.2646, 0.2675, 0.2695, 0.2688, 0.2709, 0.2721, 0.2727, 0.2724, 0.2731, 0.2733, 0.2743, 0.2737, 0.276, 0.2771, 0.2769, 0.2758, 0.2761, 0.2757, 0.2758, 0.2764, 0.2785, 0.2778, 0.2785, 0.2782, 0.2781, 0.2782, 0.2773, 0.2762, 0.2768, 0.2775, 0.278, 0.2776, 0.2772, 0.2786, 0.2781, 0.2801, 0.2797, 0.2805, 0.2796, 0.2797, 0.2802, 0.279, 0.28, 0.28, 0.2806, 0.2795, 0.2793, 0.2807, 0.2804, 0.2806, 0.2793, 0.2784, 0.2792, 0.2791, 0.2794, 0.2802, 0.2802, 0.2814, 0.2818, 0.2821, 0.283, 0.2818, 0.2821, 0.2831, 0.2832, 0.2836, 0.284, 0.2843, 0.2844, 0.2837, 0.2845, 0.2848, 0.2842, 0.2845, 0.2844, 0.2848]
