[2025/10/14 10:04:02] - Namespace(batch_size=128, data_dir='cifar-data', epochs=100, lr_schedule='multistep', lr_min=0.0, lr_max=0.2, weight_decay=0.0005, momentum=0.9, model='ResNet18', epsilon=8, alpha=8, delta_init='random', normal_mean=0, normal_std=1, out_dir='./output/CIFAR100/lamda_37_lamscale_0.03_run3', seed=0, lamda=37.0, lam_scale=0.03, lam_start=50, gamma=0.05, inner_gamma=0.05, beta=0.2, mu=3.5, batch_m=0.75, early_stop=False, factor=0.5, length=4, n_holes=1, c_num=0.125, EMA_value=0.55)
[2025/10/14 10:04:09] - ==> Building model..
[2025/10/14 10:04:09] - Epoch 	 Seconds 	 LR 	 	 Train Loss 	 Train Acc
[2025/10/14 10:04:58] - 0 	 21.7 	 	 0.2000 	 4.5614 	 0.0404
[2025/10/14 10:04:58] - ==> Building model..
[2025/10/14 10:05:15] - Test Loss 	 Test Acc 	 PGD Loss 	 PGD Acc
[2025/10/14 10:05:15] - 4.2095 	 	 0.0877 	 4.2239 	 0.0588
[2025/10/14 10:06:00] - 1 	 19.0 	 	 0.2000 	 4.4551 	 0.0802
[2025/10/14 10:06:00] - ==> Building model..
[2025/10/14 10:06:17] - Test Loss 	 Test Acc 	 PGD Loss 	 PGD Acc
[2025/10/14 10:06:17] - 3.9890 	 	 0.1473 	 4.0211 	 0.0941
[2025/10/14 10:07:02] - 2 	 19.3 	 	 0.2000 	 4.4044 	 0.1053
[2025/10/14 10:07:02] - ==> Building model..
[2025/10/14 10:07:20] - Test Loss 	 Test Acc 	 PGD Loss 	 PGD Acc
[2025/10/14 10:07:20] - 3.8936 	 	 0.1847 	 3.9394 	 0.1151
[2025/10/14 10:08:04] - 3 	 19.3 	 	 0.2000 	 4.3584 	 0.1263
[2025/10/14 10:08:04] - ==> Building model..
[2025/10/14 10:08:21] - Test Loss 	 Test Acc 	 PGD Loss 	 PGD Acc
[2025/10/14 10:08:21] - 3.7228 	 	 0.2338 	 3.7929 	 0.1369
[2025/10/14 10:09:08] - 4 	 19.4 	 	 0.2000 	 4.3150 	 0.1496
[2025/10/14 10:09:08] - ==> Building model..
[2025/10/14 10:09:24] - Test Loss 	 Test Acc 	 PGD Loss 	 PGD Acc
[2025/10/14 10:09:24] - 3.5665 	 	 0.2738 	 3.6633 	 0.1615
[2025/10/14 10:10:09] - 5 	 19.1 	 	 0.2000 	 4.2779 	 0.1683
[2025/10/14 10:10:09] - ==> Building model..
[2025/10/14 10:10:26] - Test Loss 	 Test Acc 	 PGD Loss 	 PGD Acc
[2025/10/14 10:10:26] - 3.3892 	 	 0.3083 	 3.5116 	 0.1782
[2025/10/14 10:11:13] - 6 	 19.6 	 	 0.2000 	 4.2457 	 0.1863
[2025/10/14 10:11:13] - ==> Building model..
[2025/10/14 10:11:29] - Test Loss 	 Test Acc 	 PGD Loss 	 PGD Acc
[2025/10/14 10:11:29] - 3.2176 	 	 0.3413 	 3.3662 	 0.1936
[2025/10/14 10:12:18] - 7 	 20.9 	 	 0.2000 	 4.2242 	 0.1971
[2025/10/14 10:12:18] - ==> Building model..
[2025/10/14 10:12:36] - Test Loss 	 Test Acc 	 PGD Loss 	 PGD Acc
[2025/10/14 10:12:36] - 3.0731 	 	 0.3776 	 3.2509 	 0.2067
[2025/10/14 10:13:24] - 8 	 20.5 	 	 0.2000 	 4.2047 	 0.2073
[2025/10/14 10:13:24] - ==> Building model..
[2025/10/14 10:13:41] - Test Loss 	 Test Acc 	 PGD Loss 	 PGD Acc
[2025/10/14 10:13:41] - 2.9729 	 	 0.4004 	 3.1723 	 0.2165
[2025/10/14 10:14:28] - 9 	 19.7 	 	 0.2000 	 4.1894 	 0.2175
[2025/10/14 10:14:28] - ==> Building model..
[2025/10/14 10:14:49] - Test Loss 	 Test Acc 	 PGD Loss 	 PGD Acc
[2025/10/14 10:14:49] - 2.9232 	 	 0.4129 	 3.1330 	 0.2228
[2025/10/14 10:15:38] - 10 	 21.3 	 	 0.2000 	 4.1765 	 0.2247
[2025/10/14 10:15:38] - ==> Building model..
[2025/10/14 10:15:55] - Test Loss 	 Test Acc 	 PGD Loss 	 PGD Acc
[2025/10/14 10:15:55] - 2.8750 	 	 0.4229 	 3.0960 	 0.2280
[2025/10/14 10:16:42] - 11 	 20.1 	 	 0.2000 	 4.1678 	 0.2284
[2025/10/14 10:16:42] - ==> Building model..
[2025/10/14 10:16:59] - Test Loss 	 Test Acc 	 PGD Loss 	 PGD Acc
[2025/10/14 10:16:59] - 2.8240 	 	 0.4362 	 3.0575 	 0.2340
[2025/10/14 10:17:45] - 12 	 19.4 	 	 0.2000 	 4.1586 	 0.2345
[2025/10/14 10:17:45] - ==> Building model..
[2025/10/14 10:18:02] - Test Loss 	 Test Acc 	 PGD Loss 	 PGD Acc
[2025/10/14 10:18:02] - 2.7896 	 	 0.4474 	 3.0322 	 0.2390
[2025/10/14 10:18:48] - 13 	 19.4 	 	 0.2000 	 4.1549 	 0.2359
[2025/10/14 10:18:48] - ==> Building model..
[2025/10/14 10:19:05] - Test Loss 	 Test Acc 	 PGD Loss 	 PGD Acc
[2025/10/14 10:19:05] - 2.7625 	 	 0.4537 	 3.0110 	 0.2434
[2025/10/14 10:19:53] - 14 	 20.6 	 	 0.2000 	 4.1485 	 0.2406
[2025/10/14 10:19:53] - ==> Building model..
[2025/10/14 10:20:10] - Test Loss 	 Test Acc 	 PGD Loss 	 PGD Acc
[2025/10/14 10:20:10] - 2.7468 	 	 0.4567 	 3.0009 	 0.2442
[2025/10/14 10:20:57] - 15 	 19.4 	 	 0.2000 	 4.1391 	 0.2470
[2025/10/14 10:20:57] - ==> Building model..
[2025/10/14 10:21:14] - Test Loss 	 Test Acc 	 PGD Loss 	 PGD Acc
[2025/10/14 10:21:14] - 2.7160 	 	 0.4609 	 2.9760 	 0.2515
[2025/10/14 10:22:01] - 16 	 20.2 	 	 0.2000 	 4.1355 	 0.2470
[2025/10/14 10:22:01] - ==> Building model..
[2025/10/14 10:22:18] - Test Loss 	 Test Acc 	 PGD Loss 	 PGD Acc
[2025/10/14 10:22:18] - 2.6987 	 	 0.4647 	 2.9616 	 0.2516
[2025/10/14 10:23:04] - 17 	 19.1 	 	 0.2000 	 4.1330 	 0.2482
[2025/10/14 10:23:04] - ==> Building model..
[2025/10/14 10:23:20] - Test Loss 	 Test Acc 	 PGD Loss 	 PGD Acc
[2025/10/14 10:23:20] - 2.6804 	 	 0.4712 	 2.9486 	 0.2563
[2025/10/14 10:24:10] - 18 	 22.4 	 	 0.2000 	 4.1270 	 0.2517
[2025/10/14 10:24:10] - ==> Building model..
[2025/10/14 10:24:29] - Test Loss 	 Test Acc 	 PGD Loss 	 PGD Acc
[2025/10/14 10:24:29] - 2.6637 	 	 0.4754 	 2.9367 	 0.2563
[2025/10/14 10:25:14] - 19 	 19.0 	 	 0.2000 	 4.1236 	 0.2555
[2025/10/14 10:25:14] - ==> Building model..
[2025/10/14 10:25:31] - Test Loss 	 Test Acc 	 PGD Loss 	 PGD Acc
[2025/10/14 10:25:31] - 2.6464 	 	 0.4787 	 2.9233 	 0.2567
[2025/10/14 10:26:16] - 20 	 18.9 	 	 0.2000 	 4.1221 	 0.2570
[2025/10/14 10:26:16] - ==> Building model..
[2025/10/14 10:26:34] - Test Loss 	 Test Acc 	 PGD Loss 	 PGD Acc
[2025/10/14 10:26:34] - 2.6356 	 	 0.4826 	 2.9153 	 0.2579
[2025/10/14 10:27:31] - 21 	 30.8 	 	 0.2000 	 4.1178 	 0.2581
[2025/10/14 10:27:31] - ==> Building model..
[2025/10/14 10:28:03] - Test Loss 	 Test Acc 	 PGD Loss 	 PGD Acc
[2025/10/14 10:28:03] - 2.6262 	 	 0.4843 	 2.9081 	 0.2587
[2025/10/14 10:29:09] - 22 	 40.3 	 	 0.2000 	 4.1176 	 0.2576
[2025/10/14 10:29:09] - ==> Building model..
[2025/10/14 10:29:39] - Test Loss 	 Test Acc 	 PGD Loss 	 PGD Acc
[2025/10/14 10:29:39] - 2.6172 	 	 0.4882 	 2.9017 	 0.2606
[2025/10/14 10:30:35] - 23 	 28.0 	 	 0.2000 	 4.1162 	 0.2587
[2025/10/14 10:30:35] - ==> Building model..
[2025/10/14 10:31:00] - Test Loss 	 Test Acc 	 PGD Loss 	 PGD Acc
[2025/10/14 10:31:00] - 2.6144 	 	 0.4869 	 2.8988 	 0.2617
[2025/10/14 10:32:07] - 24 	 39.8 	 	 0.2000 	 4.1128 	 0.2596
[2025/10/14 10:32:07] - ==> Building model..
[2025/10/14 10:32:38] - Test Loss 	 Test Acc 	 PGD Loss 	 PGD Acc
[2025/10/14 10:32:38] - 2.6076 	 	 0.4888 	 2.8945 	 0.2628
[2025/10/14 10:33:46] - 25 	 41.0 	 	 0.2000 	 4.1103 	 0.2646
[2025/10/14 10:33:46] - ==> Building model..
[2025/10/14 10:34:13] - Test Loss 	 Test Acc 	 PGD Loss 	 PGD Acc
[2025/10/14 10:34:13] - 2.6023 	 	 0.4914 	 2.8902 	 0.2645
[2025/10/14 10:35:07] - 26 	 27.8 	 	 0.2000 	 4.1067 	 0.2646
[2025/10/14 10:35:07] - ==> Building model..
[2025/10/14 10:35:29] - Test Loss 	 Test Acc 	 PGD Loss 	 PGD Acc
[2025/10/14 10:35:29] - 2.5953 	 	 0.4949 	 2.8849 	 0.2666
[2025/10/14 10:36:26] - 27 	 29.0 	 	 0.2000 	 4.1065 	 0.2652
[2025/10/14 10:36:26] - ==> Building model..
[2025/10/14 10:36:49] - Test Loss 	 Test Acc 	 PGD Loss 	 PGD Acc
[2025/10/14 10:36:49] - 2.5945 	 	 0.4960 	 2.8853 	 0.2665
[2025/10/14 10:37:45] - 28 	 28.2 	 	 0.2000 	 4.1044 	 0.2667
[2025/10/14 10:37:45] - ==> Building model..
[2025/10/14 10:38:08] - Test Loss 	 Test Acc 	 PGD Loss 	 PGD Acc
[2025/10/14 10:38:08] - 2.5894 	 	 0.4978 	 2.8811 	 0.2680
[2025/10/14 10:39:03] - 29 	 28.5 	 	 0.2000 	 4.1036 	 0.2691
[2025/10/14 10:39:03] - ==> Building model..
[2025/10/14 10:39:26] - Test Loss 	 Test Acc 	 PGD Loss 	 PGD Acc
[2025/10/14 10:39:26] - 2.5850 	 	 0.5004 	 2.8791 	 0.2695
[2025/10/14 10:40:22] - 30 	 28.2 	 	 0.2000 	 4.1038 	 0.2654
[2025/10/14 10:40:22] - ==> Building model..
[2025/10/14 10:40:44] - Test Loss 	 Test Acc 	 PGD Loss 	 PGD Acc
[2025/10/14 10:40:44] - 2.5827 	 	 0.4992 	 2.8769 	 0.2699
[2025/10/14 10:41:39] - 31 	 28.7 	 	 0.2000 	 4.1012 	 0.2687
[2025/10/14 10:41:39] - ==> Building model..
[2025/10/14 10:42:01] - Test Loss 	 Test Acc 	 PGD Loss 	 PGD Acc
[2025/10/14 10:42:01] - 2.5827 	 	 0.5002 	 2.8775 	 0.2706
[2025/10/14 10:42:56] - 32 	 28.6 	 	 0.2000 	 4.1007 	 0.2665
[2025/10/14 10:42:56] - ==> Building model..
[2025/10/14 10:43:19] - Test Loss 	 Test Acc 	 PGD Loss 	 PGD Acc
[2025/10/14 10:43:19] - 2.5828 	 	 0.5002 	 2.8772 	 0.2718
[2025/10/14 10:44:15] - 33 	 28.8 	 	 0.2000 	 4.0995 	 0.2686
[2025/10/14 10:44:15] - ==> Building model..
[2025/10/14 10:44:38] - Test Loss 	 Test Acc 	 PGD Loss 	 PGD Acc
[2025/10/14 10:44:38] - 2.5744 	 	 0.5012 	 2.8709 	 0.2732
[2025/10/14 10:45:33] - 34 	 28.6 	 	 0.2000 	 4.1001 	 0.2656
[2025/10/14 10:45:33] - ==> Building model..
[2025/10/14 10:45:55] - Test Loss 	 Test Acc 	 PGD Loss 	 PGD Acc
[2025/10/14 10:45:55] - 2.5709 	 	 0.5014 	 2.8681 	 0.2717
[2025/10/14 10:46:50] - 35 	 28.2 	 	 0.2000 	 4.0957 	 0.2713
[2025/10/14 10:46:50] - ==> Building model..
[2025/10/14 10:47:12] - Test Loss 	 Test Acc 	 PGD Loss 	 PGD Acc
[2025/10/14 10:47:12] - 2.5649 	 	 0.5043 	 2.8644 	 0.2729
[2025/10/14 10:48:06] - 36 	 27.8 	 	 0.2000 	 4.0967 	 0.2716
[2025/10/14 10:48:06] - ==> Building model..
[2025/10/14 10:48:28] - Test Loss 	 Test Acc 	 PGD Loss 	 PGD Acc
[2025/10/14 10:48:28] - 2.5587 	 	 0.5080 	 2.8597 	 0.2751
[2025/10/14 10:49:24] - 37 	 27.8 	 	 0.2000 	 4.0958 	 0.2712
[2025/10/14 10:49:24] - ==> Building model..
[2025/10/14 10:49:47] - Test Loss 	 Test Acc 	 PGD Loss 	 PGD Acc
[2025/10/14 10:49:47] - 2.5553 	 	 0.5096 	 2.8569 	 0.2755
[2025/10/14 10:50:41] - 38 	 27.8 	 	 0.2000 	 4.0938 	 0.2712
[2025/10/14 10:50:41] - ==> Building model..
[2025/10/14 10:51:04] - Test Loss 	 Test Acc 	 PGD Loss 	 PGD Acc
[2025/10/14 10:51:04] - 2.5513 	 	 0.5094 	 2.8530 	 0.2751
[2025/10/14 10:51:57] - 39 	 27.4 	 	 0.2000 	 4.0948 	 0.2704
[2025/10/14 10:51:57] - ==> Building model..
[2025/10/14 10:52:19] - Test Loss 	 Test Acc 	 PGD Loss 	 PGD Acc
[2025/10/14 10:52:19] - 2.5479 	 	 0.5082 	 2.8505 	 0.2746
[2025/10/14 10:53:14] - 40 	 28.2 	 	 0.2000 	 4.0934 	 0.2742
[2025/10/14 10:53:14] - ==> Building model..
[2025/10/14 10:53:37] - Test Loss 	 Test Acc 	 PGD Loss 	 PGD Acc
[2025/10/14 10:53:37] - 2.5465 	 	 0.5082 	 2.8490 	 0.2760
[2025/10/14 10:54:32] - 41 	 28.3 	 	 0.2000 	 4.0945 	 0.2734
[2025/10/14 10:54:32] - ==> Building model..
[2025/10/14 10:54:55] - Test Loss 	 Test Acc 	 PGD Loss 	 PGD Acc
[2025/10/14 10:54:55] - 2.5490 	 	 0.5090 	 2.8505 	 0.2742
[2025/10/14 10:55:50] - 42 	 28.4 	 	 0.2000 	 4.0948 	 0.2697
[2025/10/14 10:55:50] - ==> Building model..
[2025/10/14 10:56:12] - Test Loss 	 Test Acc 	 PGD Loss 	 PGD Acc
[2025/10/14 10:56:12] - 2.5480 	 	 0.5095 	 2.8498 	 0.2745
[2025/10/14 10:57:07] - 43 	 28.1 	 	 0.2000 	 4.0922 	 0.2735
[2025/10/14 10:57:07] - ==> Building model..
[2025/10/14 10:57:29] - Test Loss 	 Test Acc 	 PGD Loss 	 PGD Acc
[2025/10/14 10:57:29] - 2.5443 	 	 0.5108 	 2.8478 	 0.2766
[2025/10/14 10:58:23] - 44 	 27.3 	 	 0.2000 	 4.0922 	 0.2724
[2025/10/14 10:58:23] - ==> Building model..
[2025/10/14 10:58:45] - Test Loss 	 Test Acc 	 PGD Loss 	 PGD Acc
[2025/10/14 10:58:45] - 2.5450 	 	 0.5116 	 2.8491 	 0.2763
[2025/10/14 10:59:40] - 45 	 28.8 	 	 0.2000 	 4.0902 	 0.2740
[2025/10/14 10:59:40] - ==> Building model..
[2025/10/14 11:00:03] - Test Loss 	 Test Acc 	 PGD Loss 	 PGD Acc
[2025/10/14 11:00:03] - 2.5455 	 	 0.5114 	 2.8490 	 0.2772
[2025/10/14 11:00:57] - 46 	 28.4 	 	 0.2000 	 4.0890 	 0.2754
[2025/10/14 11:00:57] - ==> Building model..
[2025/10/14 11:01:19] - Test Loss 	 Test Acc 	 PGD Loss 	 PGD Acc
[2025/10/14 11:01:19] - 2.5441 	 	 0.5115 	 2.8485 	 0.2769
[2025/10/14 11:02:14] - 47 	 28.0 	 	 0.2000 	 4.0906 	 0.2739
[2025/10/14 11:02:14] - ==> Building model..
[2025/10/14 11:02:36] - Test Loss 	 Test Acc 	 PGD Loss 	 PGD Acc
[2025/10/14 11:02:36] - 2.5411 	 	 0.5136 	 2.8464 	 0.2776
[2025/10/14 11:03:32] - 48 	 28.6 	 	 0.2000 	 4.0873 	 0.2784
[2025/10/14 11:03:32] - ==> Building model..
[2025/10/14 11:03:55] - Test Loss 	 Test Acc 	 PGD Loss 	 PGD Acc
[2025/10/14 11:03:55] - 2.5418 	 	 0.5136 	 2.8460 	 0.2780
[2025/10/14 11:04:50] - 49 	 27.8 	 	 0.2000 	 4.0866 	 0.2792
[2025/10/14 11:04:50] - ==> Building model..
[2025/10/14 11:05:12] - Test Loss 	 Test Acc 	 PGD Loss 	 PGD Acc
[2025/10/14 11:05:12] - 2.5425 	 	 0.5131 	 2.8468 	 0.2782
[2025/10/14 11:06:06] - 50 	 27.5 	 	 0.2000 	 4.0877 	 0.2761
[2025/10/14 11:06:06] - ==> Building model..
[2025/10/14 11:06:29] - Test Loss 	 Test Acc 	 PGD Loss 	 PGD Acc
[2025/10/14 11:06:29] - 2.5424 	 	 0.5139 	 2.8468 	 0.2785
[2025/10/14 11:07:25] - 51 	 29.0 	 	 0.2000 	 4.0890 	 0.2747
[2025/10/14 11:07:25] - ==> Building model..
[2025/10/14 11:07:47] - Test Loss 	 Test Acc 	 PGD Loss 	 PGD Acc
[2025/10/14 11:07:47] - 2.5448 	 	 0.5136 	 2.8493 	 0.2785
[2025/10/14 11:08:43] - 52 	 28.3 	 	 0.2000 	 4.0880 	 0.2747
[2025/10/14 11:08:43] - ==> Building model..
[2025/10/14 11:09:06] - Test Loss 	 Test Acc 	 PGD Loss 	 PGD Acc
[2025/10/14 11:09:06] - 2.5431 	 	 0.5142 	 2.8476 	 0.2786
[2025/10/14 11:10:00] - 53 	 27.9 	 	 0.2000 	 4.0862 	 0.2784
[2025/10/14 11:10:00] - ==> Building model..
[2025/10/14 11:10:22] - Test Loss 	 Test Acc 	 PGD Loss 	 PGD Acc
[2025/10/14 11:10:22] - 2.5404 	 	 0.5135 	 2.8447 	 0.2780
[2025/10/14 11:11:16] - 54 	 27.4 	 	 0.2000 	 4.0886 	 0.2754
[2025/10/14 11:11:16] - ==> Building model..
[2025/10/14 11:11:38] - Test Loss 	 Test Acc 	 PGD Loss 	 PGD Acc
[2025/10/14 11:11:38] - 2.5395 	 	 0.5151 	 2.8439 	 0.2792
[2025/10/14 11:12:32] - 55 	 27.6 	 	 0.2000 	 4.0877 	 0.2764
[2025/10/14 11:12:32] - ==> Building model..
[2025/10/14 11:12:54] - Test Loss 	 Test Acc 	 PGD Loss 	 PGD Acc
[2025/10/14 11:12:54] - 2.5373 	 	 0.5150 	 2.8426 	 0.2790
[2025/10/14 11:13:48] - 56 	 28.1 	 	 0.2000 	 4.0879 	 0.2764
[2025/10/14 11:13:48] - ==> Building model..
[2025/10/14 11:14:10] - Test Loss 	 Test Acc 	 PGD Loss 	 PGD Acc
[2025/10/14 11:14:10] - 2.5395 	 	 0.5159 	 2.8447 	 0.2801
[2025/10/14 11:15:07] - 57 	 28.9 	 	 0.2000 	 4.0882 	 0.2783
[2025/10/14 11:15:07] - ==> Building model..
[2025/10/14 11:15:29] - Test Loss 	 Test Acc 	 PGD Loss 	 PGD Acc
[2025/10/14 11:15:29] - 2.5389 	 	 0.5170 	 2.8444 	 0.2785
[2025/10/14 11:16:26] - 58 	 28.6 	 	 0.2000 	 4.0870 	 0.2782
[2025/10/14 11:16:26] - ==> Building model..
[2025/10/14 11:16:49] - Test Loss 	 Test Acc 	 PGD Loss 	 PGD Acc
[2025/10/14 11:16:49] - 2.5389 	 	 0.5170 	 2.8445 	 0.2791
[2025/10/14 11:17:43] - 59 	 27.9 	 	 0.2000 	 4.0889 	 0.2761
[2025/10/14 11:17:43] - ==> Building model..
[2025/10/14 11:18:06] - Test Loss 	 Test Acc 	 PGD Loss 	 PGD Acc
[2025/10/14 11:18:06] - 2.5386 	 	 0.5177 	 2.8431 	 0.2802
[2025/10/14 11:19:01] - 60 	 28.0 	 	 0.2000 	 4.0860 	 0.2811
[2025/10/14 11:19:01] - ==> Building model..
[2025/10/14 11:19:24] - Test Loss 	 Test Acc 	 PGD Loss 	 PGD Acc
[2025/10/14 11:19:24] - 2.5397 	 	 0.5189 	 2.8453 	 0.2799
[2025/10/14 11:20:20] - 61 	 28.9 	 	 0.2000 	 4.0868 	 0.2759
[2025/10/14 11:20:20] - ==> Building model..
[2025/10/14 11:20:42] - Test Loss 	 Test Acc 	 PGD Loss 	 PGD Acc
[2025/10/14 11:20:42] - 2.5403 	 	 0.5179 	 2.8447 	 0.2797
[2025/10/14 11:21:36] - 62 	 27.4 	 	 0.2000 	 4.0863 	 0.2788
[2025/10/14 11:21:36] - ==> Building model..
[2025/10/14 11:21:59] - Test Loss 	 Test Acc 	 PGD Loss 	 PGD Acc
[2025/10/14 11:21:59] - 2.5393 	 	 0.5186 	 2.8440 	 0.2800
[2025/10/14 11:22:55] - 63 	 29.1 	 	 0.2000 	 4.0882 	 0.2757
[2025/10/14 11:22:55] - ==> Building model..
[2025/10/14 11:23:18] - Test Loss 	 Test Acc 	 PGD Loss 	 PGD Acc
[2025/10/14 11:23:18] - 2.5411 	 	 0.5164 	 2.8443 	 0.2819
[2025/10/14 11:24:14] - 64 	 28.2 	 	 0.2000 	 4.0854 	 0.2784
[2025/10/14 11:24:14] - ==> Building model..
[2025/10/14 11:24:36] - Test Loss 	 Test Acc 	 PGD Loss 	 PGD Acc
[2025/10/14 11:24:36] - 2.5401 	 	 0.5171 	 2.8446 	 0.2818
[2025/10/14 11:25:31] - 65 	 27.7 	 	 0.2000 	 4.0858 	 0.2783
[2025/10/14 11:25:31] - ==> Building model..
[2025/10/14 11:25:54] - Test Loss 	 Test Acc 	 PGD Loss 	 PGD Acc
[2025/10/14 11:25:54] - 2.5426 	 	 0.5173 	 2.8460 	 0.2822
[2025/10/14 11:26:48] - 66 	 28.0 	 	 0.2000 	 4.0855 	 0.2783
[2025/10/14 11:26:48] - ==> Building model..
[2025/10/14 11:27:10] - Test Loss 	 Test Acc 	 PGD Loss 	 PGD Acc
[2025/10/14 11:27:10] - 2.5442 	 	 0.5175 	 2.8474 	 0.2826
[2025/10/14 11:28:05] - 67 	 28.0 	 	 0.2000 	 4.0873 	 0.2787
[2025/10/14 11:28:05] - ==> Building model..
[2025/10/14 11:28:28] - Test Loss 	 Test Acc 	 PGD Loss 	 PGD Acc
[2025/10/14 11:28:28] - 2.5447 	 	 0.5184 	 2.8473 	 0.2833
[2025/10/14 11:29:23] - 68 	 27.4 	 	 0.2000 	 4.0862 	 0.2799
[2025/10/14 11:29:23] - ==> Building model..
[2025/10/14 11:29:45] - Test Loss 	 Test Acc 	 PGD Loss 	 PGD Acc
[2025/10/14 11:29:45] - 2.5471 	 	 0.5176 	 2.8493 	 0.2824
[2025/10/14 11:30:41] - 69 	 28.8 	 	 0.2000 	 4.0882 	 0.2793
[2025/10/14 11:30:41] - ==> Building model..
[2025/10/14 11:31:04] - Test Loss 	 Test Acc 	 PGD Loss 	 PGD Acc
[2025/10/14 11:31:04] - 2.5500 	 	 0.5174 	 2.8515 	 0.2808
[2025/10/14 11:32:00] - 70 	 28.7 	 	 0.2000 	 4.0885 	 0.2781
[2025/10/14 11:32:00] - ==> Building model..
[2025/10/14 11:32:23] - Test Loss 	 Test Acc 	 PGD Loss 	 PGD Acc
[2025/10/14 11:32:23] - 2.5525 	 	 0.5172 	 2.8537 	 0.2810
[2025/10/14 11:33:19] - 71 	 28.0 	 	 0.2000 	 4.0868 	 0.2788
[2025/10/14 11:33:19] - ==> Building model..
[2025/10/14 11:33:41] - Test Loss 	 Test Acc 	 PGD Loss 	 PGD Acc
[2025/10/14 11:33:41] - 2.5547 	 	 0.5176 	 2.8553 	 0.2814
[2025/10/14 11:34:36] - 72 	 28.1 	 	 0.2000 	 4.0885 	 0.2757
[2025/10/14 11:34:36] - ==> Building model..
[2025/10/14 11:34:59] - Test Loss 	 Test Acc 	 PGD Loss 	 PGD Acc
[2025/10/14 11:34:59] - 2.5599 	 	 0.5168 	 2.8591 	 0.2813
[2025/10/14 11:35:54] - 73 	 27.9 	 	 0.2000 	 4.0875 	 0.2768
[2025/10/14 11:35:54] - ==> Building model..
[2025/10/14 11:36:17] - Test Loss 	 Test Acc 	 PGD Loss 	 PGD Acc
[2025/10/14 11:36:17] - 2.5627 	 	 0.5181 	 2.8615 	 0.2809
[2025/10/14 11:37:10] - 74 	 27.3 	 	 0.2000 	 4.0897 	 0.2780
[2025/10/14 11:37:10] - ==> Building model..
[2025/10/14 11:37:33] - Test Loss 	 Test Acc 	 PGD Loss 	 PGD Acc
[2025/10/14 11:37:33] - 2.5651 	 	 0.5178 	 2.8632 	 0.2809
[2025/10/14 11:38:29] - 75 	 28.0 	 	 0.2000 	 4.0887 	 0.2785
[2025/10/14 11:38:29] - ==> Building model..
[2025/10/14 11:38:52] - Test Loss 	 Test Acc 	 PGD Loss 	 PGD Acc
[2025/10/14 11:38:52] - 2.5667 	 	 0.5176 	 2.8641 	 0.2806
[2025/10/14 11:39:47] - 76 	 28.3 	 	 0.2000 	 4.0895 	 0.2779
[2025/10/14 11:39:47] - ==> Building model..
[2025/10/14 11:40:09] - Test Loss 	 Test Acc 	 PGD Loss 	 PGD Acc
[2025/10/14 11:40:09] - 2.5678 	 	 0.5183 	 2.8650 	 0.2813
[2025/10/14 11:41:05] - 77 	 28.5 	 	 0.2000 	 4.0879 	 0.2807
[2025/10/14 11:41:05] - ==> Building model..
[2025/10/14 11:41:28] - Test Loss 	 Test Acc 	 PGD Loss 	 PGD Acc
[2025/10/14 11:41:28] - 2.5701 	 	 0.5173 	 2.8665 	 0.2819
[2025/10/14 11:42:24] - 78 	 28.5 	 	 0.2000 	 4.0891 	 0.2785
[2025/10/14 11:42:24] - ==> Building model..
[2025/10/14 11:42:46] - Test Loss 	 Test Acc 	 PGD Loss 	 PGD Acc
[2025/10/14 11:42:46] - 2.5717 	 	 0.5182 	 2.8679 	 0.2821
[2025/10/14 11:43:40] - 79 	 27.9 	 	 0.2000 	 4.0879 	 0.2797
[2025/10/14 11:43:40] - ==> Building model..
[2025/10/14 11:44:03] - Test Loss 	 Test Acc 	 PGD Loss 	 PGD Acc
[2025/10/14 11:44:03] - 2.5716 	 	 0.5190 	 2.8674 	 0.2822
[2025/10/14 11:44:58] - 80 	 28.6 	 	 0.2000 	 4.0888 	 0.2802
[2025/10/14 11:44:58] - ==> Building model..
[2025/10/14 11:45:21] - Test Loss 	 Test Acc 	 PGD Loss 	 PGD Acc
[2025/10/14 11:45:21] - 2.5730 	 	 0.5195 	 2.8685 	 0.2816
[2025/10/14 11:46:15] - 81 	 27.4 	 	 0.2000 	 4.0889 	 0.2786
[2025/10/14 11:46:15] - ==> Building model..
[2025/10/14 11:46:38] - Test Loss 	 Test Acc 	 PGD Loss 	 PGD Acc
[2025/10/14 11:46:38] - 2.5739 	 	 0.5190 	 2.8692 	 0.2821
[2025/10/14 11:47:33] - 82 	 28.0 	 	 0.2000 	 4.0901 	 0.2788
[2025/10/14 11:47:33] - ==> Building model..
[2025/10/14 11:47:55] - Test Loss 	 Test Acc 	 PGD Loss 	 PGD Acc
[2025/10/14 11:47:55] - 2.5741 	 	 0.5182 	 2.8693 	 0.2825
[2025/10/14 11:48:49] - 83 	 27.3 	 	 0.2000 	 4.0862 	 0.2818
[2025/10/14 11:48:49] - ==> Building model..
[2025/10/14 11:49:11] - Test Loss 	 Test Acc 	 PGD Loss 	 PGD Acc
[2025/10/14 11:49:11] - 2.5769 	 	 0.5176 	 2.8710 	 0.2825
[2025/10/14 11:50:06] - 84 	 27.9 	 	 0.2000 	 4.0901 	 0.2779
[2025/10/14 11:50:06] - ==> Building model..
[2025/10/14 11:50:28] - Test Loss 	 Test Acc 	 PGD Loss 	 PGD Acc
[2025/10/14 11:50:28] - 2.5796 	 	 0.5168 	 2.8726 	 0.2837
[2025/10/14 11:51:22] - 85 	 27.3 	 	 0.2000 	 4.0899 	 0.2790
[2025/10/14 11:51:22] - ==> Building model..
[2025/10/14 11:51:44] - Test Loss 	 Test Acc 	 PGD Loss 	 PGD Acc
[2025/10/14 11:51:44] - 2.5820 	 	 0.5163 	 2.8744 	 0.2833
[2025/10/14 11:52:39] - 86 	 28.2 	 	 0.2000 	 4.0897 	 0.2802
[2025/10/14 11:52:39] - ==> Building model..
[2025/10/14 11:53:02] - Test Loss 	 Test Acc 	 PGD Loss 	 PGD Acc
[2025/10/14 11:53:02] - 2.5853 	 	 0.5152 	 2.8775 	 0.2832
[2025/10/14 11:53:57] - 87 	 28.8 	 	 0.2000 	 4.0890 	 0.2806
[2025/10/14 11:53:57] - ==> Building model..
[2025/10/14 11:54:20] - Test Loss 	 Test Acc 	 PGD Loss 	 PGD Acc
[2025/10/14 11:54:20] - 2.5864 	 	 0.5153 	 2.8778 	 0.2829
[2025/10/14 11:55:13] - 88 	 27.6 	 	 0.2000 	 4.0913 	 0.2752
[2025/10/14 11:55:13] - ==> Building model..
[2025/10/14 11:55:35] - Test Loss 	 Test Acc 	 PGD Loss 	 PGD Acc
[2025/10/14 11:55:35] - 2.5895 	 	 0.5150 	 2.8806 	 0.2822
[2025/10/14 11:56:29] - 89 	 28.3 	 	 0.2000 	 4.0906 	 0.2807
[2025/10/14 11:56:29] - ==> Building model..
[2025/10/14 11:56:52] - Test Loss 	 Test Acc 	 PGD Loss 	 PGD Acc
[2025/10/14 11:56:52] - 2.5910 	 	 0.5158 	 2.8815 	 0.2829
[2025/10/14 11:57:45] - 90 	 26.9 	 	 0.0200 	 3.9936 	 0.3436
[2025/10/14 11:57:45] - ==> Building model..
[2025/10/14 11:58:07] - Test Loss 	 Test Acc 	 PGD Loss 	 PGD Acc
[2025/10/14 11:58:07] - 2.5898 	 	 0.5159 	 2.8804 	 0.2826
[2025/10/14 11:58:59] - 91 	 26.2 	 	 0.0200 	 3.9007 	 0.4035
[2025/10/14 11:58:59] - ==> Building model..
[2025/10/14 11:59:21] - Test Loss 	 Test Acc 	 PGD Loss 	 PGD Acc
[2025/10/14 11:59:21] - 2.5888 	 	 0.5161 	 2.8798 	 0.2828
[2025/10/14 12:00:12] - 92 	 25.7 	 	 0.0200 	 3.8750 	 0.4205
[2025/10/14 12:00:12] - ==> Building model..
[2025/10/14 12:00:35] - Test Loss 	 Test Acc 	 PGD Loss 	 PGD Acc
[2025/10/14 12:00:35] - 2.5888 	 	 0.5165 	 2.8796 	 0.2830
[2025/10/14 12:01:27] - 93 	 26.4 	 	 0.0200 	 3.8575 	 0.4310
[2025/10/14 12:01:27] - ==> Building model..
[2025/10/14 12:01:49] - Test Loss 	 Test Acc 	 PGD Loss 	 PGD Acc
[2025/10/14 12:01:49] - 2.5897 	 	 0.5164 	 2.8813 	 0.2828
[2025/10/14 12:02:41] - 94 	 26.3 	 	 0.0200 	 3.8417 	 0.4448
[2025/10/14 12:02:41] - ==> Building model..
[2025/10/14 12:03:04] - Test Loss 	 Test Acc 	 PGD Loss 	 PGD Acc
[2025/10/14 12:03:04] - 2.5922 	 	 0.5162 	 2.8831 	 0.2836
[2025/10/14 12:03:57] - 95 	 26.3 	 	 0.0200 	 3.8301 	 0.4517
[2025/10/14 12:03:57] - ==> Building model..
[2025/10/14 12:04:20] - Test Loss 	 Test Acc 	 PGD Loss 	 PGD Acc
[2025/10/14 12:04:20] - 2.5943 	 	 0.5158 	 2.8850 	 0.2827
[2025/10/14 12:05:15] - 96 	 27.8 	 	 0.0200 	 3.8198 	 0.4604
[2025/10/14 12:05:15] - ==> Building model..
[2025/10/14 12:05:38] - Test Loss 	 Test Acc 	 PGD Loss 	 PGD Acc
[2025/10/14 12:05:38] - 2.5958 	 	 0.5160 	 2.8858 	 0.2834
[2025/10/14 12:06:32] - 97 	 27.9 	 	 0.0200 	 3.8109 	 0.4644
[2025/10/14 12:06:32] - ==> Building model..
[2025/10/14 12:06:55] - Test Loss 	 Test Acc 	 PGD Loss 	 PGD Acc
[2025/10/14 12:06:55] - 2.5995 	 	 0.5154 	 2.8892 	 0.2827
[2025/10/14 12:07:47] - 98 	 26.2 	 	 0.0200 	 3.8033 	 0.4738
[2025/10/14 12:07:47] - ==> Building model..
[2025/10/14 12:08:09] - Test Loss 	 Test Acc 	 PGD Loss 	 PGD Acc
[2025/10/14 12:08:09] - 2.6028 	 	 0.5152 	 2.8922 	 0.2828
[2025/10/14 12:09:04] - 99 	 27.9 	 	 0.0200 	 3.7960 	 0.4777
[2025/10/14 12:09:04] - ==> Building model..
[2025/10/14 12:09:26] - Test Loss 	 Test Acc 	 PGD Loss 	 PGD Acc
[2025/10/14 12:09:26] - 2.6065 	 	 0.5157 	 2.8949 	 0.2829
[2025/10/14 12:09:26] - [0.0877, 0.1473, 0.1847, 0.2338, 0.2738, 0.3083, 0.3413, 0.3776, 0.4004, 0.4129, 0.4229, 0.4362, 0.4474, 0.4537, 0.4567, 0.4609, 0.4647, 0.4712, 0.4754, 0.4787, 0.4826, 0.4843, 0.4882, 0.4869, 0.4888, 0.4914, 0.4949, 0.496, 0.4978, 0.5004, 0.4992, 0.5002, 0.5002, 0.5012, 0.5014, 0.5043, 0.508, 0.5096, 0.5094, 0.5082, 0.5082, 0.509, 0.5095, 0.5108, 0.5116, 0.5114, 0.5115, 0.5136, 0.5136, 0.5131, 0.5139, 0.5136, 0.5142, 0.5135, 0.5151, 0.515, 0.5159, 0.517, 0.517, 0.5177, 0.5189, 0.5179, 0.5186, 0.5164, 0.5171, 0.5173, 0.5175, 0.5184, 0.5176, 0.5174, 0.5172, 0.5176, 0.5168, 0.5181, 0.5178, 0.5176, 0.5183, 0.5173, 0.5182, 0.519, 0.5195, 0.519, 0.5182, 0.5176, 0.5168, 0.5163, 0.5152, 0.5153, 0.515, 0.5158, 0.5159, 0.5161, 0.5165, 0.5164, 0.5162, 0.5158, 0.516, 0.5154, 0.5152, 0.5157]
[2025/10/14 12:09:26] - [0.0588, 0.0941, 0.1151, 0.1369, 0.1615, 0.1782, 0.1936, 0.2067, 0.2165, 0.2228, 0.228, 0.234, 0.239, 0.2434, 0.2442, 0.2515, 0.2516, 0.2563, 0.2563, 0.2567, 0.2579, 0.2587, 0.2606, 0.2617, 0.2628, 0.2645, 0.2666, 0.2665, 0.268, 0.2695, 0.2699, 0.2706, 0.2718, 0.2732, 0.2717, 0.2729, 0.2751, 0.2755, 0.2751, 0.2746, 0.276, 0.2742, 0.2745, 0.2766, 0.2763, 0.2772, 0.2769, 0.2776, 0.278, 0.2782, 0.2785, 0.2785, 0.2786, 0.278, 0.2792, 0.279, 0.2801, 0.2785, 0.2791, 0.2802, 0.2799, 0.2797, 0.28, 0.2819, 0.2818, 0.2822, 0.2826, 0.2833, 0.2824, 0.2808, 0.281, 0.2814, 0.2813, 0.2809, 0.2809, 0.2806, 0.2813, 0.2819, 0.2821, 0.2822, 0.2816, 0.2821, 0.2825, 0.2825, 0.2837, 0.2833, 0.2832, 0.2829, 0.2822, 0.2829, 0.2826, 0.2828, 0.283, 0.2828, 0.2836, 0.2827, 0.2834, 0.2827, 0.2828, 0.2829]
