[2025/09/28 17:45:44] - Namespace(batch_size=128, data_dir='./tiny-imagenet-200', epochs=110, lr_schedule='multistep', lr_min=0.0, lr_max=0.1, weight_decay=0.0005, momentum=0.9, model='PreActResNest18', epsilon=8, alpha=8, delta_init='random', normal_mean=0, normal_std=1, out_dir='./output/Tiny_ImageNet/lam_start_40_beta_0.2/lam_scale_0.05', seed=0, lamda=38, lam_scale=0.05, lam_start=40, gamma=0.025, inner_gamma=0.025, beta=0.2, mu=3.5, batch_m=0.75, early_stop=False, factor=0.3, length=6, n_holes=1, c_num=0.125, EMA_value=0.55)
[2025/09/28 17:46:57] - ==> Building model..
[2025/09/28 17:46:57] - Epoch 	 Seconds 	 LR 	 	 Train Loss 	 Train Acc
[2025/09/28 17:49:23] - 0 	 142.1 	 	 0.1000 	 5.2922 	 0.0263
[2025/09/28 17:49:23] - ==> Building model..
[2025/09/28 17:50:16] - Test Loss 	 Test Acc 	 PGD Loss 	 PGD Acc
[2025/09/28 17:50:16] - 5.0031 	 	 0.0734 	 5.0140 	 0.0399
[2025/09/28 17:52:41] - 1 	 139.7 	 	 0.1000 	 5.2328 	 0.0671
[2025/09/28 17:52:41] - ==> Building model..
[2025/09/28 17:53:34] - Test Loss 	 Test Acc 	 PGD Loss 	 PGD Acc
[2025/09/28 17:53:34] - 4.8050 	 	 0.1306 	 4.8347 	 0.0687
[2025/09/28 17:55:58] - 2 	 139.3 	 	 0.1000 	 5.2006 	 0.0981
[2025/09/28 17:55:58] - ==> Building model..
[2025/09/28 17:56:52] - Test Loss 	 Test Acc 	 PGD Loss 	 PGD Acc
[2025/09/28 17:56:52] - 4.6308 	 	 0.1771 	 4.6845 	 0.0930
[2025/09/28 17:59:17] - 3 	 139.6 	 	 0.1000 	 5.1745 	 0.1222
[2025/09/28 17:59:17] - ==> Building model..
[2025/09/28 18:00:09] - Test Loss 	 Test Acc 	 PGD Loss 	 PGD Acc
[2025/09/28 18:00:09] - 4.5202 	 	 0.2073 	 4.5928 	 0.1054
[2025/09/28 18:02:34] - 4 	 139.1 	 	 0.1000 	 5.1504 	 0.1427
[2025/09/28 18:02:34] - ==> Building model..
[2025/09/28 18:03:27] - Test Loss 	 Test Acc 	 PGD Loss 	 PGD Acc
[2025/09/28 18:03:27] - 4.4545 	 	 0.2326 	 4.5418 	 0.1182
[2025/09/28 18:05:51] - 5 	 139.1 	 	 0.1000 	 5.1301 	 0.1615
[2025/09/28 18:05:51] - ==> Building model..
[2025/09/28 18:06:45] - Test Loss 	 Test Acc 	 PGD Loss 	 PGD Acc
[2025/09/28 18:06:45] - 4.4627 	 	 0.2391 	 4.5520 	 0.1204
[2025/09/28 18:09:09] - 6 	 139.2 	 	 0.1000 	 5.1155 	 0.1760
[2025/09/28 18:09:09] - ==> Building model..
[2025/09/28 18:10:02] - Test Loss 	 Test Acc 	 PGD Loss 	 PGD Acc
[2025/09/28 18:10:02] - 4.3924 	 	 0.2543 	 4.4955 	 0.1305
[2025/09/28 18:12:27] - 7 	 139.4 	 	 0.1000 	 5.1035 	 0.1889
[2025/09/28 18:12:27] - ==> Building model..
[2025/09/28 18:13:21] - Test Loss 	 Test Acc 	 PGD Loss 	 PGD Acc
[2025/09/28 18:13:21] - 4.2314 	 	 0.2882 	 4.3652 	 0.1463
[2025/09/28 18:15:44] - 8 	 138.0 	 	 0.1000 	 5.0927 	 0.1989
[2025/09/28 18:15:44] - ==> Building model..
[2025/09/28 18:16:37] - Test Loss 	 Test Acc 	 PGD Loss 	 PGD Acc
[2025/09/28 18:16:37] - 4.0712 	 	 0.3256 	 4.2407 	 0.1638
[2025/09/28 18:18:59] - 9 	 137.2 	 	 0.1000 	 5.0834 	 0.2094
[2025/09/28 18:18:59] - ==> Building model..
[2025/09/28 18:19:52] - Test Loss 	 Test Acc 	 PGD Loss 	 PGD Acc
[2025/09/28 18:19:52] - 3.9554 	 	 0.3459 	 4.1518 	 0.1755
[2025/09/28 18:22:15] - 10 	 138.3 	 	 0.1000 	 5.0752 	 0.2174
[2025/09/28 18:22:15] - ==> Building model..
[2025/09/28 18:23:08] - Test Loss 	 Test Acc 	 PGD Loss 	 PGD Acc
[2025/09/28 18:23:08] - 3.8743 	 	 0.3614 	 4.0906 	 0.1821
[2025/09/28 18:25:31] - 11 	 138.0 	 	 0.1000 	 5.0677 	 0.2231
[2025/09/28 18:25:31] - ==> Building model..
[2025/09/28 18:26:23] - Test Loss 	 Test Acc 	 PGD Loss 	 PGD Acc
[2025/09/28 18:26:23] - 3.8164 	 	 0.3739 	 4.0473 	 0.1877
[2025/09/28 18:28:47] - 12 	 138.3 	 	 0.1000 	 5.0618 	 0.2299
[2025/09/28 18:28:47] - ==> Building model..
[2025/09/28 18:29:41] - Test Loss 	 Test Acc 	 PGD Loss 	 PGD Acc
[2025/09/28 18:29:41] - 3.7704 	 	 0.3839 	 4.0134 	 0.1926
[2025/09/28 18:32:06] - 13 	 138.6 	 	 0.1000 	 5.0550 	 0.2369
[2025/09/28 18:32:06] - ==> Building model..
[2025/09/28 18:32:58] - Test Loss 	 Test Acc 	 PGD Loss 	 PGD Acc
[2025/09/28 18:32:58] - 3.7324 	 	 0.3907 	 3.9854 	 0.1957
[2025/09/28 18:35:21] - 14 	 137.8 	 	 0.1000 	 5.0504 	 0.2403
[2025/09/28 18:35:21] - ==> Building model..
[2025/09/28 18:36:14] - Test Loss 	 Test Acc 	 PGD Loss 	 PGD Acc
[2025/09/28 18:36:14] - 3.7000 	 	 0.3995 	 3.9623 	 0.2002
[2025/09/28 18:38:37] - 15 	 137.0 	 	 0.1000 	 5.0453 	 0.2475
[2025/09/28 18:38:37] - ==> Building model..
[2025/09/28 18:39:30] - Test Loss 	 Test Acc 	 PGD Loss 	 PGD Acc
[2025/09/28 18:39:30] - 3.6695 	 	 0.4042 	 3.9410 	 0.2035
[2025/09/28 18:41:53] - 16 	 137.1 	 	 0.1000 	 5.0414 	 0.2508
[2025/09/28 18:41:53] - ==> Building model..
[2025/09/28 18:42:46] - Test Loss 	 Test Acc 	 PGD Loss 	 PGD Acc
[2025/09/28 18:42:46] - 3.6465 	 	 0.4093 	 3.9245 	 0.2044
[2025/09/28 18:45:10] - 17 	 138.8 	 	 0.1000 	 5.0368 	 0.2568
[2025/09/28 18:45:10] - ==> Building model..
[2025/09/28 18:46:04] - Test Loss 	 Test Acc 	 PGD Loss 	 PGD Acc
[2025/09/28 18:46:04] - 3.6280 	 	 0.4138 	 3.9126 	 0.2078
[2025/09/28 18:48:28] - 18 	 138.8 	 	 0.1000 	 5.0340 	 0.2593
[2025/09/28 18:48:28] - ==> Building model..
[2025/09/28 18:49:21] - Test Loss 	 Test Acc 	 PGD Loss 	 PGD Acc
[2025/09/28 18:49:21] - 3.6101 	 	 0.4148 	 3.8992 	 0.2087
[2025/09/28 18:51:45] - 19 	 137.3 	 	 0.1000 	 5.0303 	 0.2637
[2025/09/28 18:51:45] - ==> Building model..
[2025/09/28 18:52:37] - Test Loss 	 Test Acc 	 PGD Loss 	 PGD Acc
[2025/09/28 18:52:37] - 3.5954 	 	 0.4194 	 3.8891 	 0.2099
[2025/09/28 18:55:01] - 20 	 138.0 	 	 0.1000 	 5.0283 	 0.2644
[2025/09/28 18:55:01] - ==> Building model..
[2025/09/28 18:55:55] - Test Loss 	 Test Acc 	 PGD Loss 	 PGD Acc
[2025/09/28 18:55:55] - 3.5766 	 	 0.4230 	 3.8766 	 0.2119
[2025/09/28 18:58:21] - 21 	 139.0 	 	 0.1000 	 5.0253 	 0.2664
[2025/09/28 18:58:21] - ==> Building model..
[2025/09/28 18:59:15] - Test Loss 	 Test Acc 	 PGD Loss 	 PGD Acc
[2025/09/28 18:59:15] - 3.5604 	 	 0.4275 	 3.8658 	 0.2112
[2025/09/28 19:01:40] - 22 	 139.1 	 	 0.1000 	 5.0224 	 0.2700
[2025/09/28 19:01:40] - ==> Building model..
[2025/09/28 19:02:35] - Test Loss 	 Test Acc 	 PGD Loss 	 PGD Acc
[2025/09/28 19:02:35] - 3.5462 	 	 0.4312 	 3.8558 	 0.2113
[2025/09/28 19:05:00] - 23 	 139.1 	 	 0.1000 	 5.0207 	 0.2721
[2025/09/28 19:05:00] - ==> Building model..
[2025/09/28 19:05:55] - Test Loss 	 Test Acc 	 PGD Loss 	 PGD Acc
[2025/09/28 19:05:55] - 3.5321 	 	 0.4340 	 3.8465 	 0.2140
[2025/09/28 19:08:20] - 24 	 139.2 	 	 0.1000 	 5.0181 	 0.2750
[2025/09/28 19:08:20] - ==> Building model..
[2025/09/28 19:09:14] - Test Loss 	 Test Acc 	 PGD Loss 	 PGD Acc
[2025/09/28 19:09:14] - 3.5194 	 	 0.4375 	 3.8381 	 0.2143
[2025/09/28 19:11:38] - 25 	 137.6 	 	 0.1000 	 5.0163 	 0.2759
[2025/09/28 19:11:38] - ==> Building model..
[2025/09/28 19:12:31] - Test Loss 	 Test Acc 	 PGD Loss 	 PGD Acc
[2025/09/28 19:12:31] - 3.5057 	 	 0.4405 	 3.8294 	 0.2177
[2025/09/28 19:14:55] - 26 	 138.5 	 	 0.1000 	 5.0139 	 0.2798
[2025/09/28 19:14:55] - ==> Building model..
[2025/09/28 19:15:49] - Test Loss 	 Test Acc 	 PGD Loss 	 PGD Acc
[2025/09/28 19:15:49] - 3.4942 	 	 0.4413 	 3.8210 	 0.2189
[2025/09/28 19:18:13] - 27 	 138.2 	 	 0.1000 	 5.0127 	 0.2809
[2025/09/28 19:18:13] - ==> Building model..
[2025/09/28 19:19:07] - Test Loss 	 Test Acc 	 PGD Loss 	 PGD Acc
[2025/09/28 19:19:07] - 3.4843 	 	 0.4425 	 3.8146 	 0.2182
[2025/09/28 19:21:31] - 28 	 138.0 	 	 0.1000 	 5.0109 	 0.2845
[2025/09/28 19:21:31] - ==> Building model..
[2025/09/28 19:22:24] - Test Loss 	 Test Acc 	 PGD Loss 	 PGD Acc
[2025/09/28 19:22:24] - 3.4783 	 	 0.4438 	 3.8103 	 0.2202
[2025/09/28 19:24:48] - 29 	 137.6 	 	 0.1000 	 5.0092 	 0.2841
[2025/09/28 19:24:48] - ==> Building model..
[2025/09/28 19:25:41] - Test Loss 	 Test Acc 	 PGD Loss 	 PGD Acc
[2025/09/28 19:25:41] - 3.4712 	 	 0.4439 	 3.8056 	 0.2203
[2025/09/28 19:28:05] - 30 	 138.0 	 	 0.1000 	 5.0082 	 0.2862
[2025/09/28 19:28:05] - ==> Building model..
[2025/09/28 19:28:59] - Test Loss 	 Test Acc 	 PGD Loss 	 PGD Acc
[2025/09/28 19:28:59] - 3.4650 	 	 0.4466 	 3.8015 	 0.2203
[2025/09/28 19:31:22] - 31 	 137.9 	 	 0.1000 	 5.0061 	 0.2871
[2025/09/28 19:31:22] - ==> Building model..
[2025/09/28 19:32:15] - Test Loss 	 Test Acc 	 PGD Loss 	 PGD Acc
[2025/09/28 19:32:15] - 3.4580 	 	 0.4473 	 3.7966 	 0.2223
[2025/09/28 19:34:40] - 32 	 138.5 	 	 0.1000 	 5.0054 	 0.2867
[2025/09/28 19:34:40] - ==> Building model..
[2025/09/28 19:35:34] - Test Loss 	 Test Acc 	 PGD Loss 	 PGD Acc
[2025/09/28 19:35:34] - 3.4503 	 	 0.4507 	 3.7920 	 0.2234
[2025/09/28 19:37:57] - 33 	 137.9 	 	 0.1000 	 5.0037 	 0.2898
[2025/09/28 19:37:57] - ==> Building model..
[2025/09/28 19:38:51] - Test Loss 	 Test Acc 	 PGD Loss 	 PGD Acc
[2025/09/28 19:38:51] - 3.4439 	 	 0.4513 	 3.7878 	 0.2241
[2025/09/28 19:41:14] - 34 	 137.7 	 	 0.1000 	 5.0021 	 0.2904
[2025/09/28 19:41:14] - ==> Building model..
[2025/09/28 19:42:07] - Test Loss 	 Test Acc 	 PGD Loss 	 PGD Acc
[2025/09/28 19:42:07] - 3.4388 	 	 0.4529 	 3.7850 	 0.2234
[2025/09/28 19:44:30] - 35 	 137.2 	 	 0.1000 	 5.0006 	 0.2945
[2025/09/28 19:44:30] - ==> Building model..
[2025/09/28 19:45:23] - Test Loss 	 Test Acc 	 PGD Loss 	 PGD Acc
[2025/09/28 19:45:23] - 3.4341 	 	 0.4531 	 3.7815 	 0.2239
[2025/09/28 19:47:46] - 36 	 137.8 	 	 0.1000 	 5.0005 	 0.2926
[2025/09/28 19:47:46] - ==> Building model..
[2025/09/28 19:48:39] - Test Loss 	 Test Acc 	 PGD Loss 	 PGD Acc
[2025/09/28 19:48:39] - 3.4308 	 	 0.4532 	 3.7798 	 0.2236
[2025/09/28 19:51:03] - 37 	 138.7 	 	 0.1000 	 4.9987 	 0.2945
[2025/09/28 19:51:03] - ==> Building model..
[2025/09/28 19:51:57] - Test Loss 	 Test Acc 	 PGD Loss 	 PGD Acc
[2025/09/28 19:51:57] - 3.4260 	 	 0.4557 	 3.7777 	 0.2244
[2025/09/28 19:54:21] - 38 	 138.7 	 	 0.1000 	 4.9982 	 0.2956
[2025/09/28 19:54:21] - ==> Building model..
[2025/09/28 19:55:15] - Test Loss 	 Test Acc 	 PGD Loss 	 PGD Acc
[2025/09/28 19:55:15] - 3.4225 	 	 0.4564 	 3.7758 	 0.2252
[2025/09/28 19:57:39] - 39 	 138.2 	 	 0.1000 	 4.9975 	 0.2963
[2025/09/28 19:57:39] - ==> Building model..
[2025/09/28 19:58:32] - Test Loss 	 Test Acc 	 PGD Loss 	 PGD Acc
[2025/09/28 19:58:32] - 3.4183 	 	 0.4570 	 3.7733 	 0.2280
[2025/09/28 20:00:55] - 40 	 137.4 	 	 0.1000 	 4.9966 	 0.2952
[2025/09/28 20:00:55] - ==> Building model..
[2025/09/28 20:01:48] - Test Loss 	 Test Acc 	 PGD Loss 	 PGD Acc
[2025/09/28 20:01:48] - 3.4138 	 	 0.4570 	 3.7706 	 0.2272
[2025/09/28 20:04:10] - 41 	 137.2 	 	 0.1000 	 4.9950 	 0.2976
[2025/09/28 20:04:10] - ==> Building model..
[2025/09/28 20:05:02] - Test Loss 	 Test Acc 	 PGD Loss 	 PGD Acc
[2025/09/28 20:05:02] - 3.4100 	 	 0.4577 	 3.7677 	 0.2276
[2025/09/28 20:07:24] - 42 	 137.0 	 	 0.1000 	 4.9951 	 0.2988
[2025/09/28 20:07:24] - ==> Building model..
[2025/09/28 20:08:17] - Test Loss 	 Test Acc 	 PGD Loss 	 PGD Acc
[2025/09/28 20:08:17] - 3.4056 	 	 0.4598 	 3.7646 	 0.2277
[2025/09/28 20:10:39] - 43 	 137.1 	 	 0.1000 	 4.9940 	 0.2999
[2025/09/28 20:10:39] - ==> Building model..
[2025/09/28 20:11:32] - Test Loss 	 Test Acc 	 PGD Loss 	 PGD Acc
[2025/09/28 20:11:32] - 3.4022 	 	 0.4591 	 3.7622 	 0.2280
[2025/09/28 20:13:55] - 44 	 137.3 	 	 0.1000 	 4.9936 	 0.3025
[2025/09/28 20:13:55] - ==> Building model..
[2025/09/28 20:14:47] - Test Loss 	 Test Acc 	 PGD Loss 	 PGD Acc
[2025/09/28 20:14:47] - 3.3985 	 	 0.4596 	 3.7595 	 0.2275
[2025/09/28 20:17:08] - 45 	 136.4 	 	 0.1000 	 4.9928 	 0.3018
[2025/09/28 20:17:08] - ==> Building model..
[2025/09/28 20:18:01] - Test Loss 	 Test Acc 	 PGD Loss 	 PGD Acc
[2025/09/28 20:18:01] - 3.3960 	 	 0.4604 	 3.7582 	 0.2282
[2025/09/28 20:20:23] - 46 	 137.1 	 	 0.1000 	 4.9919 	 0.3037
[2025/09/28 20:20:23] - ==> Building model..
[2025/09/28 20:21:16] - Test Loss 	 Test Acc 	 PGD Loss 	 PGD Acc
[2025/09/28 20:21:16] - 3.3960 	 	 0.4604 	 3.7585 	 0.2285
[2025/09/28 20:23:39] - 47 	 137.4 	 	 0.1000 	 4.9921 	 0.3022
[2025/09/28 20:23:39] - ==> Building model..
[2025/09/28 20:24:32] - Test Loss 	 Test Acc 	 PGD Loss 	 PGD Acc
[2025/09/28 20:24:32] - 3.3946 	 	 0.4605 	 3.7580 	 0.2290
[2025/09/28 20:26:54] - 48 	 137.1 	 	 0.1000 	 4.9912 	 0.3035
[2025/09/28 20:26:54] - ==> Building model..
[2025/09/28 20:27:47] - Test Loss 	 Test Acc 	 PGD Loss 	 PGD Acc
[2025/09/28 20:27:47] - 3.3941 	 	 0.4622 	 3.7578 	 0.2283
[2025/09/28 20:30:09] - 49 	 137.3 	 	 0.1000 	 4.9911 	 0.3025
[2025/09/28 20:30:09] - ==> Building model..
[2025/09/28 20:31:02] - Test Loss 	 Test Acc 	 PGD Loss 	 PGD Acc
[2025/09/28 20:31:02] - 3.3931 	 	 0.4635 	 3.7575 	 0.2303
[2025/09/28 20:33:24] - 50 	 137.0 	 	 0.1000 	 4.9901 	 0.3067
[2025/09/28 20:33:24] - ==> Building model..
[2025/09/28 20:34:17] - Test Loss 	 Test Acc 	 PGD Loss 	 PGD Acc
[2025/09/28 20:34:17] - 3.3916 	 	 0.4627 	 3.7569 	 0.2301
[2025/09/28 20:36:39] - 51 	 137.0 	 	 0.1000 	 4.9907 	 0.3036
[2025/09/28 20:36:39] - ==> Building model..
[2025/09/28 20:37:32] - Test Loss 	 Test Acc 	 PGD Loss 	 PGD Acc
[2025/09/28 20:37:32] - 3.3903 	 	 0.4640 	 3.7559 	 0.2303
[2025/09/28 20:39:54] - 52 	 137.4 	 	 0.1000 	 4.9904 	 0.3035
[2025/09/28 20:39:54] - ==> Building model..
[2025/09/28 20:40:47] - Test Loss 	 Test Acc 	 PGD Loss 	 PGD Acc
[2025/09/28 20:40:47] - 3.3888 	 	 0.4656 	 3.7552 	 0.2297
[2025/09/28 20:43:09] - 53 	 137.5 	 	 0.1000 	 4.9894 	 0.3063
[2025/09/28 20:43:09] - ==> Building model..
[2025/09/28 20:44:03] - Test Loss 	 Test Acc 	 PGD Loss 	 PGD Acc
[2025/09/28 20:44:03] - 3.3880 	 	 0.4667 	 3.7550 	 0.2302
[2025/09/28 20:46:26] - 54 	 138.0 	 	 0.1000 	 4.9896 	 0.3068
[2025/09/28 20:46:26] - ==> Building model..
[2025/09/28 20:47:20] - Test Loss 	 Test Acc 	 PGD Loss 	 PGD Acc
[2025/09/28 20:47:20] - 3.3879 	 	 0.4660 	 3.7551 	 0.2305
[2025/09/28 20:49:42] - 55 	 136.6 	 	 0.1000 	 4.9889 	 0.3078
[2025/09/28 20:49:42] - ==> Building model..
[2025/09/28 20:50:35] - Test Loss 	 Test Acc 	 PGD Loss 	 PGD Acc
[2025/09/28 20:50:35] - 3.3874 	 	 0.4667 	 3.7554 	 0.2299
[2025/09/28 20:52:56] - 56 	 136.2 	 	 0.1000 	 4.9886 	 0.3083
[2025/09/28 20:52:56] - ==> Building model..
[2025/09/28 20:53:50] - Test Loss 	 Test Acc 	 PGD Loss 	 PGD Acc
[2025/09/28 20:53:50] - 3.3868 	 	 0.4679 	 3.7549 	 0.2303
[2025/09/28 20:56:11] - 57 	 136.1 	 	 0.1000 	 4.9886 	 0.3077
[2025/09/28 20:56:11] - ==> Building model..
[2025/09/28 20:57:04] - Test Loss 	 Test Acc 	 PGD Loss 	 PGD Acc
[2025/09/28 20:57:04] - 3.3867 	 	 0.4676 	 3.7555 	 0.2317
[2025/09/28 20:59:25] - 58 	 136.0 	 	 0.1000 	 4.9886 	 0.3082
[2025/09/28 20:59:25] - ==> Building model..
[2025/09/28 21:00:17] - Test Loss 	 Test Acc 	 PGD Loss 	 PGD Acc
[2025/09/28 21:00:17] - 3.3879 	 	 0.4679 	 3.7565 	 0.2323
[2025/09/28 21:02:41] - 59 	 137.9 	 	 0.1000 	 4.9883 	 0.3070
[2025/09/28 21:02:41] - ==> Building model..
[2025/09/28 21:03:35] - Test Loss 	 Test Acc 	 PGD Loss 	 PGD Acc
[2025/09/28 21:03:35] - 3.3883 	 	 0.4679 	 3.7574 	 0.2329
[2025/09/28 21:05:58] - 60 	 138.4 	 	 0.1000 	 4.9877 	 0.3098
[2025/09/28 21:05:58] - ==> Building model..
[2025/09/28 21:06:52] - Test Loss 	 Test Acc 	 PGD Loss 	 PGD Acc
[2025/09/28 21:06:52] - 3.3896 	 	 0.4689 	 3.7588 	 0.2321
[2025/09/28 21:09:16] - 61 	 138.3 	 	 0.1000 	 4.9874 	 0.3103
[2025/09/28 21:09:16] - ==> Building model..
[2025/09/28 21:10:09] - Test Loss 	 Test Acc 	 PGD Loss 	 PGD Acc
[2025/09/28 21:10:09] - 3.3899 	 	 0.4690 	 3.7595 	 0.2323
[2025/09/28 21:12:33] - 62 	 137.9 	 	 0.1000 	 4.9876 	 0.3104
[2025/09/28 21:12:33] - ==> Building model..
[2025/09/28 21:13:27] - Test Loss 	 Test Acc 	 PGD Loss 	 PGD Acc
[2025/09/28 21:13:27] - 3.3902 	 	 0.4693 	 3.7604 	 0.2335
[2025/09/28 21:15:51] - 63 	 138.4 	 	 0.1000 	 4.9874 	 0.3111
[2025/09/28 21:15:51] - ==> Building model..
[2025/09/28 21:16:45] - Test Loss 	 Test Acc 	 PGD Loss 	 PGD Acc
[2025/09/28 21:16:45] - 3.3919 	 	 0.4695 	 3.7618 	 0.2326
[2025/09/28 21:19:09] - 64 	 138.0 	 	 0.1000 	 4.9872 	 0.3117
[2025/09/28 21:19:09] - ==> Building model..
[2025/09/28 21:20:03] - Test Loss 	 Test Acc 	 PGD Loss 	 PGD Acc
[2025/09/28 21:20:03] - 3.3946 	 	 0.4698 	 3.7639 	 0.2322
[2025/09/28 21:22:25] - 65 	 137.2 	 	 0.1000 	 4.9866 	 0.3094
[2025/09/28 21:22:25] - ==> Building model..
[2025/09/28 21:23:19] - Test Loss 	 Test Acc 	 PGD Loss 	 PGD Acc
[2025/09/28 21:23:19] - 3.3971 	 	 0.4699 	 3.7663 	 0.2327
[2025/09/28 21:25:42] - 66 	 137.6 	 	 0.1000 	 4.9866 	 0.3096
[2025/09/28 21:25:42] - ==> Building model..
[2025/09/28 21:26:36] - Test Loss 	 Test Acc 	 PGD Loss 	 PGD Acc
[2025/09/28 21:26:36] - 3.4009 	 	 0.4708 	 3.7706 	 0.2331
[2025/09/28 21:28:59] - 67 	 138.1 	 	 0.1000 	 4.9866 	 0.3132
[2025/09/28 21:28:59] - ==> Building model..
[2025/09/28 21:29:53] - Test Loss 	 Test Acc 	 PGD Loss 	 PGD Acc
[2025/09/28 21:29:53] - 3.4033 	 	 0.4702 	 3.7727 	 0.2333
[2025/09/28 21:32:17] - 68 	 138.6 	 	 0.1000 	 4.9863 	 0.3107
[2025/09/28 21:32:17] - ==> Building model..
[2025/09/28 21:33:10] - Test Loss 	 Test Acc 	 PGD Loss 	 PGD Acc
[2025/09/28 21:33:10] - 3.4070 	 	 0.4699 	 3.7758 	 0.2343
[2025/09/28 21:35:32] - 69 	 136.7 	 	 0.1000 	 4.9866 	 0.3101
[2025/09/28 21:35:32] - ==> Building model..
[2025/09/28 21:36:24] - Test Loss 	 Test Acc 	 PGD Loss 	 PGD Acc
[2025/09/28 21:36:24] - 3.4089 	 	 0.4710 	 3.7781 	 0.2349
[2025/09/28 21:38:45] - 70 	 135.8 	 	 0.1000 	 4.9856 	 0.3118
[2025/09/28 21:38:45] - ==> Building model..
[2025/09/28 21:39:38] - Test Loss 	 Test Acc 	 PGD Loss 	 PGD Acc
[2025/09/28 21:39:38] - 3.4102 	 	 0.4707 	 3.7796 	 0.2350
[2025/09/28 21:41:59] - 71 	 136.5 	 	 0.1000 	 4.9861 	 0.3109
[2025/09/28 21:41:59] - ==> Building model..
[2025/09/28 21:42:53] - Test Loss 	 Test Acc 	 PGD Loss 	 PGD Acc
[2025/09/28 21:42:53] - 3.4108 	 	 0.4704 	 3.7800 	 0.2349
[2025/09/28 21:45:16] - 72 	 136.5 	 	 0.1000 	 4.9854 	 0.3105
[2025/09/28 21:45:16] - ==> Building model..
[2025/09/28 21:46:10] - Test Loss 	 Test Acc 	 PGD Loss 	 PGD Acc
[2025/09/28 21:46:10] - 3.4105 	 	 0.4704 	 3.7798 	 0.2352
[2025/09/28 21:48:34] - 73 	 138.5 	 	 0.1000 	 4.9855 	 0.3099
[2025/09/28 21:48:34] - ==> Building model..
[2025/09/28 21:49:28] - Test Loss 	 Test Acc 	 PGD Loss 	 PGD Acc
[2025/09/28 21:49:28] - 3.4099 	 	 0.4715 	 3.7802 	 0.2363
[2025/09/28 21:51:52] - 74 	 137.8 	 	 0.1000 	 4.9850 	 0.3127
[2025/09/28 21:51:52] - ==> Building model..
[2025/09/28 21:52:47] - Test Loss 	 Test Acc 	 PGD Loss 	 PGD Acc
[2025/09/28 21:52:47] - 3.4090 	 	 0.4701 	 3.7793 	 0.2359
[2025/09/28 21:55:11] - 75 	 138.4 	 	 0.1000 	 4.9841 	 0.3125
[2025/09/28 21:55:11] - ==> Building model..
[2025/09/28 21:56:05] - Test Loss 	 Test Acc 	 PGD Loss 	 PGD Acc
[2025/09/28 21:56:05] - 3.4070 	 	 0.4712 	 3.7779 	 0.2355
[2025/09/28 21:58:28] - 76 	 138.3 	 	 0.1000 	 4.9836 	 0.3141
[2025/09/28 21:58:28] - ==> Building model..
[2025/09/28 21:59:22] - Test Loss 	 Test Acc 	 PGD Loss 	 PGD Acc
[2025/09/28 21:59:22] - 3.4044 	 	 0.4718 	 3.7763 	 0.2359
[2025/09/28 22:01:46] - 77 	 138.4 	 	 0.1000 	 4.9837 	 0.3133
[2025/09/28 22:01:46] - ==> Building model..
[2025/09/28 22:02:41] - Test Loss 	 Test Acc 	 PGD Loss 	 PGD Acc
[2025/09/28 22:02:41] - 3.4022 	 	 0.4719 	 3.7744 	 0.2361
[2025/09/28 22:05:05] - 78 	 137.3 	 	 0.1000 	 4.9840 	 0.3137
[2025/09/28 22:05:05] - ==> Building model..
[2025/09/28 22:05:59] - Test Loss 	 Test Acc 	 PGD Loss 	 PGD Acc
[2025/09/28 22:05:59] - 3.3998 	 	 0.4733 	 3.7728 	 0.2371
[2025/09/28 22:08:23] - 79 	 137.4 	 	 0.1000 	 4.9836 	 0.3144
[2025/09/28 22:08:23] - ==> Building model..
[2025/09/28 22:09:16] - Test Loss 	 Test Acc 	 PGD Loss 	 PGD Acc
[2025/09/28 22:09:16] - 3.3965 	 	 0.4738 	 3.7703 	 0.2368
[2025/09/28 22:11:38] - 80 	 136.7 	 	 0.1000 	 4.9833 	 0.3131
[2025/09/28 22:11:38] - ==> Building model..
[2025/09/28 22:12:31] - Test Loss 	 Test Acc 	 PGD Loss 	 PGD Acc
[2025/09/28 22:12:31] - 3.3920 	 	 0.4744 	 3.7677 	 0.2368
[2025/09/28 22:14:54] - 81 	 137.2 	 	 0.1000 	 4.9827 	 0.3143
[2025/09/28 22:14:54] - ==> Building model..
[2025/09/28 22:15:47] - Test Loss 	 Test Acc 	 PGD Loss 	 PGD Acc
[2025/09/28 22:15:47] - 3.3884 	 	 0.4743 	 3.7647 	 0.2361
[2025/09/28 22:18:10] - 82 	 138.4 	 	 0.1000 	 4.9826 	 0.3150
[2025/09/28 22:18:10] - ==> Building model..
[2025/09/28 22:19:03] - Test Loss 	 Test Acc 	 PGD Loss 	 PGD Acc
[2025/09/28 22:19:03] - 3.3855 	 	 0.4745 	 3.7627 	 0.2361
[2025/09/28 22:21:26] - 83 	 137.5 	 	 0.1000 	 4.9835 	 0.3140
[2025/09/28 22:21:26] - ==> Building model..
[2025/09/28 22:22:19] - Test Loss 	 Test Acc 	 PGD Loss 	 PGD Acc
[2025/09/28 22:22:19] - 3.3826 	 	 0.4745 	 3.7601 	 0.2366
[2025/09/28 22:24:42] - 84 	 137.7 	 	 0.1000 	 4.9830 	 0.3136
[2025/09/28 22:24:42] - ==> Building model..
[2025/09/28 22:25:35] - Test Loss 	 Test Acc 	 PGD Loss 	 PGD Acc
[2025/09/28 22:25:35] - 3.3791 	 	 0.4751 	 3.7577 	 0.2368
[2025/09/28 22:27:58] - 85 	 138.1 	 	 0.1000 	 4.9827 	 0.3156
[2025/09/28 22:27:58] - ==> Building model..
[2025/09/28 22:28:51] - Test Loss 	 Test Acc 	 PGD Loss 	 PGD Acc
[2025/09/28 22:28:51] - 3.3757 	 	 0.4754 	 3.7548 	 0.2367
[2025/09/28 22:31:13] - 86 	 137.0 	 	 0.1000 	 4.9824 	 0.3150
[2025/09/28 22:31:13] - ==> Building model..
[2025/09/28 22:32:06] - Test Loss 	 Test Acc 	 PGD Loss 	 PGD Acc
[2025/09/28 22:32:06] - 3.3714 	 	 0.4763 	 3.7519 	 0.2370
[2025/09/28 22:34:28] - 87 	 137.3 	 	 0.1000 	 4.9821 	 0.3158
[2025/09/28 22:34:28] - ==> Building model..
[2025/09/28 22:35:21] - Test Loss 	 Test Acc 	 PGD Loss 	 PGD Acc
[2025/09/28 22:35:21] - 3.3669 	 	 0.4766 	 3.7479 	 0.2372
[2025/09/28 22:37:43] - 88 	 136.8 	 	 0.1000 	 4.9825 	 0.3117
[2025/09/28 22:37:43] - ==> Building model..
[2025/09/28 22:38:36] - Test Loss 	 Test Acc 	 PGD Loss 	 PGD Acc
[2025/09/28 22:38:36] - 3.3634 	 	 0.4768 	 3.7456 	 0.2370
[2025/09/28 22:40:57] - 89 	 136.8 	 	 0.1000 	 4.9820 	 0.3163
[2025/09/28 22:40:57] - ==> Building model..
[2025/09/28 22:41:50] - Test Loss 	 Test Acc 	 PGD Loss 	 PGD Acc
[2025/09/28 22:41:50] - 3.3602 	 	 0.4760 	 3.7434 	 0.2379
[2025/09/28 22:44:13] - 90 	 137.2 	 	 0.1000 	 4.9814 	 0.3179
[2025/09/28 22:44:13] - ==> Building model..
[2025/09/28 22:45:06] - Test Loss 	 Test Acc 	 PGD Loss 	 PGD Acc
[2025/09/28 22:45:06] - 3.3565 	 	 0.4766 	 3.7400 	 0.2376
[2025/09/28 22:47:28] - 91 	 136.9 	 	 0.1000 	 4.9816 	 0.3172
[2025/09/28 22:47:28] - ==> Building model..
[2025/09/28 22:48:21] - Test Loss 	 Test Acc 	 PGD Loss 	 PGD Acc
[2025/09/28 22:48:21] - 3.3535 	 	 0.4759 	 3.7369 	 0.2380
[2025/09/28 22:50:43] - 92 	 137.2 	 	 0.1000 	 4.9821 	 0.3154
[2025/09/28 22:50:43] - ==> Building model..
[2025/09/28 22:51:36] - Test Loss 	 Test Acc 	 PGD Loss 	 PGD Acc
[2025/09/28 22:51:36] - 3.3510 	 	 0.4765 	 3.7357 	 0.2383
[2025/09/28 22:53:59] - 93 	 137.6 	 	 0.1000 	 4.9811 	 0.3170
[2025/09/28 22:53:59] - ==> Building model..
[2025/09/28 22:54:53] - Test Loss 	 Test Acc 	 PGD Loss 	 PGD Acc
[2025/09/28 22:54:53] - 3.3479 	 	 0.4767 	 3.7337 	 0.2380
[2025/09/28 22:57:17] - 94 	 138.5 	 	 0.1000 	 4.9826 	 0.3153
[2025/09/28 22:57:17] - ==> Building model..
[2025/09/28 22:58:10] - Test Loss 	 Test Acc 	 PGD Loss 	 PGD Acc
[2025/09/28 22:58:10] - 3.3465 	 	 0.4769 	 3.7322 	 0.2370
[2025/09/28 23:00:33] - 95 	 137.9 	 	 0.1000 	 4.9824 	 0.3152
[2025/09/28 23:00:33] - ==> Building model..
[2025/09/28 23:01:26] - Test Loss 	 Test Acc 	 PGD Loss 	 PGD Acc
[2025/09/28 23:01:26] - 3.3441 	 	 0.4776 	 3.7306 	 0.2369
[2025/09/28 23:03:49] - 96 	 137.4 	 	 0.1000 	 4.9816 	 0.3158
[2025/09/28 23:03:49] - ==> Building model..
[2025/09/28 23:04:42] - Test Loss 	 Test Acc 	 PGD Loss 	 PGD Acc
[2025/09/28 23:04:42] - 3.3422 	 	 0.4778 	 3.7293 	 0.2372
[2025/09/28 23:07:06] - 97 	 138.7 	 	 0.1000 	 4.9823 	 0.3171
[2025/09/28 23:07:06] - ==> Building model..
[2025/09/28 23:08:00] - Test Loss 	 Test Acc 	 PGD Loss 	 PGD Acc
[2025/09/28 23:08:00] - 3.3404 	 	 0.4772 	 3.7278 	 0.2371
[2025/09/28 23:10:23] - 98 	 138.3 	 	 0.1000 	 4.9814 	 0.3170
[2025/09/28 23:10:23] - ==> Building model..
[2025/09/28 23:11:17] - Test Loss 	 Test Acc 	 PGD Loss 	 PGD Acc
[2025/09/28 23:11:17] - 3.3383 	 	 0.4778 	 3.7260 	 0.2378
[2025/09/28 23:13:39] - 99 	 137.0 	 	 0.0100 	 4.8838 	 0.4404
[2025/09/28 23:13:39] - ==> Building model..
[2025/09/28 23:14:32] - Test Loss 	 Test Acc 	 PGD Loss 	 PGD Acc
[2025/09/28 23:14:32] - 3.3379 	 	 0.4779 	 3.7259 	 0.2375
[2025/09/28 23:16:55] - 100 	 137.5 	 	 0.0100 	 4.8163 	 0.5353
[2025/09/28 23:16:55] - ==> Building model..
[2025/09/28 23:17:49] - Test Loss 	 Test Acc 	 PGD Loss 	 PGD Acc
[2025/09/28 23:17:49] - 3.3379 	 	 0.4779 	 3.7258 	 0.2376
[2025/09/28 23:20:12] - 101 	 137.7 	 	 0.0100 	 4.7909 	 0.5740
[2025/09/28 23:20:12] - ==> Building model..
[2025/09/28 23:21:05] - Test Loss 	 Test Acc 	 PGD Loss 	 PGD Acc
[2025/09/28 23:21:05] - 3.3379 	 	 0.4779 	 3.7261 	 0.2372
[2025/09/28 23:23:28] - 102 	 137.5 	 	 0.0100 	 4.7696 	 0.6099
[2025/09/28 23:23:28] - ==> Building model..
[2025/09/28 23:24:22] - Test Loss 	 Test Acc 	 PGD Loss 	 PGD Acc
[2025/09/28 23:24:22] - 3.3379 	 	 0.4779 	 3.7258 	 0.2375
[2025/09/28 23:26:44] - 103 	 136.6 	 	 0.0100 	 4.7516 	 0.6394
[2025/09/28 23:26:44] - ==> Building model..
[2025/09/28 23:27:37] - Test Loss 	 Test Acc 	 PGD Loss 	 PGD Acc
[2025/09/28 23:27:37] - 3.3379 	 	 0.4779 	 3.7259 	 0.2374
[2025/09/28 23:30:00] - 104 	 137.3 	 	 0.0010 	 4.7053 	 0.7154
[2025/09/28 23:30:00] - ==> Building model..
[2025/09/28 23:30:55] - Test Loss 	 Test Acc 	 PGD Loss 	 PGD Acc
[2025/09/28 23:30:55] - 3.3379 	 	 0.4779 	 3.7262 	 0.2374
[2025/09/28 23:33:17] - 105 	 136.0 	 	 0.0010 	 4.6841 	 0.7495
[2025/09/28 23:33:17] - ==> Building model..
[2025/09/28 23:34:10] - Test Loss 	 Test Acc 	 PGD Loss 	 PGD Acc
[2025/09/28 23:34:10] - 3.3379 	 	 0.4779 	 3.7263 	 0.2374
[2025/09/28 23:36:32] - 106 	 136.9 	 	 0.0010 	 4.6781 	 0.7586
[2025/09/28 23:36:32] - ==> Building model..
[2025/09/28 23:37:26] - Test Loss 	 Test Acc 	 PGD Loss 	 PGD Acc
[2025/09/28 23:37:26] - 3.3379 	 	 0.4779 	 3.7261 	 0.2374
[2025/09/28 23:39:48] - 107 	 137.3 	 	 0.0010 	 4.6731 	 0.7698
[2025/09/28 23:39:48] - ==> Building model..
[2025/09/28 23:40:42] - Test Loss 	 Test Acc 	 PGD Loss 	 PGD Acc
[2025/09/28 23:40:42] - 3.3379 	 	 0.4779 	 3.7264 	 0.2377
[2025/09/28 23:43:04] - 108 	 137.0 	 	 0.0010 	 4.6686 	 0.7754
[2025/09/28 23:43:04] - ==> Building model..
[2025/09/28 23:43:57] - Test Loss 	 Test Acc 	 PGD Loss 	 PGD Acc
[2025/09/28 23:43:57] - 3.3379 	 	 0.4779 	 3.7258 	 0.2375
[2025/09/28 23:46:19] - 109 	 136.8 	 	 0.0010 	 4.6642 	 0.7838
[2025/09/28 23:46:19] - ==> Building model..
[2025/09/28 23:47:13] - Test Loss 	 Test Acc 	 PGD Loss 	 PGD Acc
[2025/09/28 23:47:13] - 3.3379 	 	 0.4779 	 3.7263 	 0.2375
[2025/09/28 23:47:13] - [0.0734, 0.1306, 0.1771, 0.2073, 0.2326, 0.2391, 0.2543, 0.2882, 0.3256, 0.3459, 0.3614, 0.3739, 0.3839, 0.3907, 0.3995, 0.4042, 0.4093, 0.4138, 0.4148, 0.4194, 0.423, 0.4275, 0.4312, 0.434, 0.4375, 0.4405, 0.4413, 0.4425, 0.4438, 0.4439, 0.4466, 0.4473, 0.4507, 0.4513, 0.4529, 0.4531, 0.4532, 0.4557, 0.4564, 0.457, 0.457, 0.4577, 0.4598, 0.4591, 0.4596, 0.4604, 0.4604, 0.4605, 0.4622, 0.4635, 0.4627, 0.464, 0.4656, 0.4667, 0.466, 0.4667, 0.4679, 0.4676, 0.4679, 0.4679, 0.4689, 0.469, 0.4693, 0.4695, 0.4698, 0.4699, 0.4708, 0.4702, 0.4699, 0.471, 0.4707, 0.4704, 0.4704, 0.4715, 0.4701, 0.4712, 0.4718, 0.4719, 0.4733, 0.4738, 0.4744, 0.4743, 0.4745, 0.4745, 0.4751, 0.4754, 0.4763, 0.4766, 0.4768, 0.476, 0.4766, 0.4759, 0.4765, 0.4767, 0.4769, 0.4776, 0.4778, 0.4772, 0.4778, 0.4779, 0.4779, 0.4779, 0.4779, 0.4779, 0.4779, 0.4779, 0.4779, 0.4779, 0.4779, 0.4779]
[2025/09/28 23:47:13] - [0.0399, 0.0687, 0.093, 0.1054, 0.1182, 0.1204, 0.1305, 0.1463, 0.1638, 0.1755, 0.1821, 0.1877, 0.1926, 0.1957, 0.2002, 0.2035, 0.2044, 0.2078, 0.2087, 0.2099, 0.2119, 0.2112, 0.2113, 0.214, 0.2143, 0.2177, 0.2189, 0.2182, 0.2202, 0.2203, 0.2203, 0.2223, 0.2234, 0.2241, 0.2234, 0.2239, 0.2236, 0.2244, 0.2252, 0.228, 0.2272, 0.2276, 0.2277, 0.228, 0.2275, 0.2282, 0.2285, 0.229, 0.2283, 0.2303, 0.2301, 0.2303, 0.2297, 0.2302, 0.2305, 0.2299, 0.2303, 0.2317, 0.2323, 0.2329, 0.2321, 0.2323, 0.2335, 0.2326, 0.2322, 0.2327, 0.2331, 0.2333, 0.2343, 0.2349, 0.235, 0.2349, 0.2352, 0.2363, 0.2359, 0.2355, 0.2359, 0.2361, 0.2371, 0.2368, 0.2368, 0.2361, 0.2361, 0.2366, 0.2368, 0.2367, 0.237, 0.2372, 0.237, 0.2379, 0.2376, 0.238, 0.2383, 0.238, 0.237, 0.2369, 0.2372, 0.2371, 0.2378, 0.2375, 0.2376, 0.2372, 0.2375, 0.2374, 0.2374, 0.2374, 0.2374, 0.2377, 0.2375, 0.2375]
