[2025/09/30 18:05:46] - Namespace(batch_size=128, data_dir='cifar-data', epochs=120, lr_schedule='multistep', lr_min=0.0, lr_max=0.1, weight_decay=0.0005, momentum=0.9, model='ResNet18', epsilon=8, alpha=8, delta_init='random', normal_mean=0, normal_std=1, out_dir='./output/CIFAR10/beta_0.5/lam_scale_0.12', seed=0, lamda=12, lam_scale=0.12, lam_max=45, lam_start=40, gamma=0.15, inner_gamma=0.15, beta=0.5, mu=3.5, batch_m=0.75, early_stop=False, factor=0.7, length=4, n_holes=1, c_num=0.125, EMA_value=0.82)
[2025/09/30 18:05:48] - ==> Building model..
[2025/09/30 18:05:48] - Epoch 	 Seconds 	 LR 	 	 Train Loss 	 Train Acc
[2025/09/30 18:07:48] - 0 	 100.8 	 	 0.1000 	 2.2335 	 0.2234
[2025/09/30 18:07:48] - ==> Building model..
[2025/09/30 18:08:52] - Test Loss 	 Test Acc 	 PGD Loss 	 PGD Acc
[2025/09/30 18:08:52] - 1.8373 	 	 0.3975 	 1.8943 	 0.2764
[2025/09/30 18:10:45] - 1 	 93.4 	 	 0.1000 	 2.1370 	 0.2990
[2025/09/30 18:10:45] - ==> Building model..
[2025/09/30 18:11:49] - Test Loss 	 Test Acc 	 PGD Loss 	 PGD Acc
[2025/09/30 18:11:49] - 1.7277 	 	 0.4560 	 1.8012 	 0.3159
[2025/09/30 18:13:43] - 2 	 93.8 	 	 0.1000 	 2.1001 	 0.3387
[2025/09/30 18:13:43] - ==> Building model..
[2025/09/30 18:14:47] - Test Loss 	 Test Acc 	 PGD Loss 	 PGD Acc
[2025/09/30 18:14:47] - 1.6559 	 	 0.5030 	 1.7430 	 0.3374
[2025/09/30 18:16:40] - 3 	 93.7 	 	 0.1000 	 2.0713 	 0.3670
[2025/09/30 18:16:40] - ==> Building model..
[2025/09/30 18:17:44] - Test Loss 	 Test Acc 	 PGD Loss 	 PGD Acc
[2025/09/30 18:17:44] - 1.5947 	 	 0.5473 	 1.6948 	 0.3662
[2025/09/30 18:19:37] - 4 	 93.4 	 	 0.1000 	 2.0460 	 0.3934
[2025/09/30 18:19:37] - ==> Building model..
[2025/09/30 18:20:41] - Test Loss 	 Test Acc 	 PGD Loss 	 PGD Acc
[2025/09/30 18:20:41] - 1.5539 	 	 0.5800 	 1.6630 	 0.3878
[2025/09/30 18:22:35] - 5 	 93.9 	 	 0.1000 	 2.0222 	 0.4173
[2025/09/30 18:22:35] - ==> Building model..
[2025/09/30 18:23:39] - Test Loss 	 Test Acc 	 PGD Loss 	 PGD Acc
[2025/09/30 18:23:39] - 1.5290 	 	 0.6027 	 1.6457 	 0.4106
[2025/09/30 18:25:32] - 6 	 94.1 	 	 0.1000 	 2.0006 	 0.4383
[2025/09/30 18:25:32] - ==> Building model..
[2025/09/30 18:26:36] - Test Loss 	 Test Acc 	 PGD Loss 	 PGD Acc
[2025/09/30 18:26:36] - 1.5118 	 	 0.6251 	 1.6333 	 0.4266
[2025/09/30 18:28:28] - 7 	 93.3 	 	 0.1000 	 1.9853 	 0.4536
[2025/09/30 18:28:28] - ==> Building model..
[2025/09/30 18:29:32] - Test Loss 	 Test Acc 	 PGD Loss 	 PGD Acc
[2025/09/30 18:29:32] - 1.4995 	 	 0.6358 	 1.6239 	 0.4390
[2025/09/30 18:31:23] - 8 	 93.2 	 	 0.1000 	 1.9708 	 0.4679
[2025/09/30 18:31:23] - ==> Building model..
[2025/09/30 18:32:28] - Test Loss 	 Test Acc 	 PGD Loss 	 PGD Acc
[2025/09/30 18:32:28] - 1.4962 	 	 0.6495 	 1.6222 	 0.4506
[2025/09/30 18:34:22] - 9 	 94.2 	 	 0.1000 	 1.9571 	 0.4820
[2025/09/30 18:34:22] - ==> Building model..
[2025/09/30 18:35:26] - Test Loss 	 Test Acc 	 PGD Loss 	 PGD Acc
[2025/09/30 18:35:26] - 1.5014 	 	 0.6530 	 1.6277 	 0.4582
[2025/09/30 18:37:19] - 10 	 93.4 	 	 0.1000 	 1.9471 	 0.4895
[2025/09/30 18:37:19] - ==> Building model..
[2025/09/30 18:38:24] - Test Loss 	 Test Acc 	 PGD Loss 	 PGD Acc
[2025/09/30 18:38:24] - 1.5039 	 	 0.6589 	 1.6298 	 0.4671
[2025/09/30 18:40:17] - 11 	 93.6 	 	 0.1000 	 1.9393 	 0.5002
[2025/09/30 18:40:17] - ==> Building model..
[2025/09/30 18:41:22] - Test Loss 	 Test Acc 	 PGD Loss 	 PGD Acc
[2025/09/30 18:41:22] - 1.4910 	 	 0.6722 	 1.6196 	 0.4752
[2025/09/30 18:43:15] - 12 	 94.2 	 	 0.1000 	 1.9339 	 0.5075
[2025/09/30 18:43:15] - ==> Building model..
[2025/09/30 18:44:20] - Test Loss 	 Test Acc 	 PGD Loss 	 PGD Acc
[2025/09/30 18:44:20] - 1.4536 	 	 0.6868 	 1.5887 	 0.4847
[2025/09/30 18:46:11] - 13 	 93.2 	 	 0.1000 	 1.9284 	 0.5116
[2025/09/30 18:46:11] - ==> Building model..
[2025/09/30 18:47:16] - Test Loss 	 Test Acc 	 PGD Loss 	 PGD Acc
[2025/09/30 18:47:16] - 1.4096 	 	 0.6978 	 1.5535 	 0.4947
[2025/09/30 18:49:07] - 14 	 93.0 	 	 0.1000 	 1.9205 	 0.5199
[2025/09/30 18:49:07] - ==> Building model..
[2025/09/30 18:50:11] - Test Loss 	 Test Acc 	 PGD Loss 	 PGD Acc
[2025/09/30 18:50:11] - 1.3675 	 	 0.7092 	 1.5196 	 0.4985
[2025/09/30 18:52:03] - 15 	 93.6 	 	 0.1000 	 1.9181 	 0.5219
[2025/09/30 18:52:03] - ==> Building model..
[2025/09/30 18:53:07] - Test Loss 	 Test Acc 	 PGD Loss 	 PGD Acc
[2025/09/30 18:53:07] - 1.3304 	 	 0.7198 	 1.4904 	 0.5054
[2025/09/30 18:54:58] - 16 	 92.9 	 	 0.1000 	 1.9122 	 0.5277
[2025/09/30 18:54:58] - ==> Building model..
[2025/09/30 18:56:02] - Test Loss 	 Test Acc 	 PGD Loss 	 PGD Acc
[2025/09/30 18:56:02] - 1.3036 	 	 0.7256 	 1.4695 	 0.5092
[2025/09/30 18:57:53] - 17 	 92.9 	 	 0.1000 	 1.9081 	 0.5327
[2025/09/30 18:57:53] - ==> Building model..
[2025/09/30 18:58:58] - Test Loss 	 Test Acc 	 PGD Loss 	 PGD Acc
[2025/09/30 18:58:58] - 1.2859 	 	 0.7305 	 1.4557 	 0.5125
[2025/09/30 19:00:53] - 18 	 93.9 	 	 0.1000 	 1.9066 	 0.5334
[2025/09/30 19:00:53] - ==> Building model..
[2025/09/30 19:01:58] - Test Loss 	 Test Acc 	 PGD Loss 	 PGD Acc
[2025/09/30 19:01:58] - 1.2741 	 	 0.7353 	 1.4462 	 0.5155
[2025/09/30 19:03:51] - 19 	 93.2 	 	 0.1000 	 1.9005 	 0.5393
[2025/09/30 19:03:51] - ==> Building model..
[2025/09/30 19:04:56] - Test Loss 	 Test Acc 	 PGD Loss 	 PGD Acc
[2025/09/30 19:04:56] - 1.2623 	 	 0.7377 	 1.4366 	 0.5176
[2025/09/30 19:06:48] - 20 	 93.2 	 	 0.1000 	 1.8978 	 0.5408
[2025/09/30 19:06:48] - ==> Building model..
[2025/09/30 19:07:53] - Test Loss 	 Test Acc 	 PGD Loss 	 PGD Acc
[2025/09/30 19:07:53] - 1.2525 	 	 0.7403 	 1.4284 	 0.5207
[2025/09/30 19:09:45] - 21 	 94.0 	 	 0.1000 	 1.8953 	 0.5456
[2025/09/30 19:09:45] - ==> Building model..
[2025/09/30 19:10:49] - Test Loss 	 Test Acc 	 PGD Loss 	 PGD Acc
[2025/09/30 19:10:49] - 1.2442 	 	 0.7427 	 1.4214 	 0.5234
[2025/09/30 19:12:41] - 22 	 92.8 	 	 0.1000 	 1.8948 	 0.5460
[2025/09/30 19:12:41] - ==> Building model..
[2025/09/30 19:13:45] - Test Loss 	 Test Acc 	 PGD Loss 	 PGD Acc
[2025/09/30 19:13:45] - 1.2392 	 	 0.7450 	 1.4182 	 0.5264
[2025/09/30 19:15:37] - 23 	 93.1 	 	 0.1000 	 1.8919 	 0.5493
[2025/09/30 19:15:37] - ==> Building model..
[2025/09/30 19:16:41] - Test Loss 	 Test Acc 	 PGD Loss 	 PGD Acc
[2025/09/30 19:16:41] - 1.2341 	 	 0.7466 	 1.4139 	 0.5281
[2025/09/30 19:18:32] - 24 	 93.0 	 	 0.1000 	 1.8885 	 0.5516
[2025/09/30 19:18:32] - ==> Building model..
[2025/09/30 19:19:36] - Test Loss 	 Test Acc 	 PGD Loss 	 PGD Acc
[2025/09/30 19:19:36] - 1.2272 	 	 0.7474 	 1.4081 	 0.5297
[2025/09/30 19:21:27] - 25 	 92.9 	 	 0.1000 	 1.8852 	 0.5575
[2025/09/30 19:21:27] - ==> Building model..
[2025/09/30 19:22:32] - Test Loss 	 Test Acc 	 PGD Loss 	 PGD Acc
[2025/09/30 19:22:32] - 1.2230 	 	 0.7496 	 1.4049 	 0.5309
[2025/09/30 19:24:22] - 26 	 92.9 	 	 0.1000 	 1.8837 	 0.5522
[2025/09/30 19:24:22] - ==> Building model..
[2025/09/30 19:25:27] - Test Loss 	 Test Acc 	 PGD Loss 	 PGD Acc
[2025/09/30 19:25:27] - 1.2194 	 	 0.7511 	 1.4014 	 0.5333
[2025/09/30 19:27:18] - 27 	 93.2 	 	 0.1000 	 1.8828 	 0.5545
[2025/09/30 19:27:18] - ==> Building model..
[2025/09/30 19:28:22] - Test Loss 	 Test Acc 	 PGD Loss 	 PGD Acc
[2025/09/30 19:28:22] - 1.2170 	 	 0.7527 	 1.3993 	 0.5360
[2025/09/30 19:30:12] - 28 	 92.7 	 	 0.1000 	 1.8810 	 0.5590
[2025/09/30 19:30:12] - ==> Building model..
[2025/09/30 19:31:16] - Test Loss 	 Test Acc 	 PGD Loss 	 PGD Acc
[2025/09/30 19:31:16] - 1.2138 	 	 0.7533 	 1.3969 	 0.5381
[2025/09/30 19:33:07] - 29 	 92.9 	 	 0.1000 	 1.8784 	 0.5580
[2025/09/30 19:33:07] - ==> Building model..
[2025/09/30 19:34:11] - Test Loss 	 Test Acc 	 PGD Loss 	 PGD Acc
[2025/09/30 19:34:11] - 1.2092 	 	 0.7555 	 1.3937 	 0.5381
[2025/09/30 19:36:02] - 30 	 93.0 	 	 0.1000 	 1.8795 	 0.5605
[2025/09/30 19:36:02] - ==> Building model..
[2025/09/30 19:37:06] - Test Loss 	 Test Acc 	 PGD Loss 	 PGD Acc
[2025/09/30 19:37:06] - 1.2069 	 	 0.7592 	 1.3922 	 0.5403
[2025/09/30 19:38:56] - 31 	 92.7 	 	 0.1000 	 1.8782 	 0.5620
[2025/09/30 19:38:56] - ==> Building model..
[2025/09/30 19:40:00] - Test Loss 	 Test Acc 	 PGD Loss 	 PGD Acc
[2025/09/30 19:40:00] - 1.2036 	 	 0.7604 	 1.3898 	 0.5411
[2025/09/30 19:41:51] - 32 	 93.0 	 	 0.1000 	 1.8761 	 0.5637
[2025/09/30 19:41:51] - ==> Building model..
[2025/09/30 19:42:56] - Test Loss 	 Test Acc 	 PGD Loss 	 PGD Acc
[2025/09/30 19:42:56] - 1.1998 	 	 0.7613 	 1.3866 	 0.5428
[2025/09/30 19:44:48] - 33 	 93.9 	 	 0.1000 	 1.8753 	 0.5646
[2025/09/30 19:44:48] - ==> Building model..
[2025/09/30 19:45:52] - Test Loss 	 Test Acc 	 PGD Loss 	 PGD Acc
[2025/09/30 19:45:52] - 1.1979 	 	 0.7630 	 1.3856 	 0.5428
[2025/09/30 19:47:44] - 34 	 93.3 	 	 0.1000 	 1.8723 	 0.5670
[2025/09/30 19:47:44] - ==> Building model..
[2025/09/30 19:48:49] - Test Loss 	 Test Acc 	 PGD Loss 	 PGD Acc
[2025/09/30 19:48:49] - 1.1954 	 	 0.7630 	 1.3837 	 0.5421
[2025/09/30 19:50:41] - 35 	 93.3 	 	 0.1000 	 1.8725 	 0.5668
[2025/09/30 19:50:41] - ==> Building model..
[2025/09/30 19:51:46] - Test Loss 	 Test Acc 	 PGD Loss 	 PGD Acc
[2025/09/30 19:51:46] - 1.1937 	 	 0.7643 	 1.3824 	 0.5437
[2025/09/30 19:53:38] - 36 	 93.4 	 	 0.1000 	 1.8729 	 0.5644
[2025/09/30 19:53:38] - ==> Building model..
[2025/09/30 19:54:43] - Test Loss 	 Test Acc 	 PGD Loss 	 PGD Acc
[2025/09/30 19:54:43] - 1.1906 	 	 0.7665 	 1.3803 	 0.5440
[2025/09/30 19:56:36] - 37 	 93.4 	 	 0.1000 	 1.8701 	 0.5690
[2025/09/30 19:56:36] - ==> Building model..
[2025/09/30 19:57:40] - Test Loss 	 Test Acc 	 PGD Loss 	 PGD Acc
[2025/09/30 19:57:40] - 1.1877 	 	 0.7684 	 1.3783 	 0.5450
[2025/09/30 19:59:33] - 38 	 93.3 	 	 0.1000 	 1.8706 	 0.5662
[2025/09/30 19:59:33] - ==> Building model..
[2025/09/30 20:00:37] - Test Loss 	 Test Acc 	 PGD Loss 	 PGD Acc
[2025/09/30 20:00:37] - 1.1858 	 	 0.7698 	 1.3768 	 0.5435
[2025/09/30 20:02:28] - 39 	 93.0 	 	 0.1000 	 1.8673 	 0.5737
[2025/09/30 20:02:28] - ==> Building model..
[2025/09/30 20:03:32] - Test Loss 	 Test Acc 	 PGD Loss 	 PGD Acc
[2025/09/30 20:03:32] - 1.1836 	 	 0.7699 	 1.3744 	 0.5451
[2025/09/30 20:05:23] - 40 	 92.7 	 	 0.1000 	 1.8697 	 0.5684
[2025/09/30 20:05:23] - ==> Building model..
[2025/09/30 20:06:26] - Test Loss 	 Test Acc 	 PGD Loss 	 PGD Acc
[2025/09/30 20:06:26] - 1.1828 	 	 0.7701 	 1.3740 	 0.5454
[2025/09/30 20:08:17] - 41 	 92.9 	 	 0.1000 	 1.8673 	 0.5712
[2025/09/30 20:08:17] - ==> Building model..
[2025/09/30 20:09:22] - Test Loss 	 Test Acc 	 PGD Loss 	 PGD Acc
[2025/09/30 20:09:22] - 1.1824 	 	 0.7715 	 1.3739 	 0.5469
[2025/09/30 20:11:13] - 42 	 93.2 	 	 0.1000 	 1.8677 	 0.5728
[2025/09/30 20:11:13] - ==> Building model..
[2025/09/30 20:12:17] - Test Loss 	 Test Acc 	 PGD Loss 	 PGD Acc
[2025/09/30 20:12:17] - 1.1827 	 	 0.7716 	 1.3741 	 0.5493
[2025/09/30 20:14:08] - 43 	 92.8 	 	 0.1000 	 1.8689 	 0.5731
[2025/09/30 20:14:08] - ==> Building model..
[2025/09/30 20:15:11] - Test Loss 	 Test Acc 	 PGD Loss 	 PGD Acc
[2025/09/30 20:15:11] - 1.1829 	 	 0.7706 	 1.3741 	 0.5479
[2025/09/30 20:17:02] - 44 	 93.0 	 	 0.1000 	 1.8709 	 0.5727
[2025/09/30 20:17:02] - ==> Building model..
[2025/09/30 20:18:07] - Test Loss 	 Test Acc 	 PGD Loss 	 PGD Acc
[2025/09/30 20:18:07] - 1.1837 	 	 0.7711 	 1.3749 	 0.5494
[2025/09/30 20:19:58] - 45 	 93.5 	 	 0.1000 	 1.8708 	 0.5719
[2025/09/30 20:19:58] - ==> Building model..
[2025/09/30 20:21:02] - Test Loss 	 Test Acc 	 PGD Loss 	 PGD Acc
[2025/09/30 20:21:02] - 1.1846 	 	 0.7723 	 1.3750 	 0.5506
[2025/09/30 20:22:53] - 46 	 92.9 	 	 0.1000 	 1.8701 	 0.5753
[2025/09/30 20:22:53] - ==> Building model..
[2025/09/30 20:23:57] - Test Loss 	 Test Acc 	 PGD Loss 	 PGD Acc
[2025/09/30 20:23:57] - 1.1856 	 	 0.7727 	 1.3759 	 0.5518
[2025/09/30 20:25:49] - 47 	 93.2 	 	 0.1000 	 1.8723 	 0.5763
[2025/09/30 20:25:49] - ==> Building model..
[2025/09/30 20:26:53] - Test Loss 	 Test Acc 	 PGD Loss 	 PGD Acc
[2025/09/30 20:26:53] - 1.1861 	 	 0.7710 	 1.3761 	 0.5536
[2025/09/30 20:28:44] - 48 	 93.2 	 	 0.1000 	 1.8731 	 0.5734
[2025/09/30 20:28:44] - ==> Building model..
[2025/09/30 20:29:49] - Test Loss 	 Test Acc 	 PGD Loss 	 PGD Acc
[2025/09/30 20:29:49] - 1.1896 	 	 0.7719 	 1.3789 	 0.5545
[2025/09/30 20:31:40] - 49 	 93.2 	 	 0.1000 	 1.8733 	 0.5766
[2025/09/30 20:31:40] - ==> Building model..
[2025/09/30 20:32:44] - Test Loss 	 Test Acc 	 PGD Loss 	 PGD Acc
[2025/09/30 20:32:44] - 1.1922 	 	 0.7702 	 1.3809 	 0.5543
[2025/09/30 20:34:35] - 50 	 93.7 	 	 0.1000 	 1.8748 	 0.5766
[2025/09/30 20:34:35] - ==> Building model..
[2025/09/30 20:35:39] - Test Loss 	 Test Acc 	 PGD Loss 	 PGD Acc
[2025/09/30 20:35:39] - 1.1943 	 	 0.7700 	 1.3824 	 0.5545
[2025/09/30 20:37:30] - 51 	 93.2 	 	 0.1000 	 1.8774 	 0.5742
[2025/09/30 20:37:30] - ==> Building model..
[2025/09/30 20:38:34] - Test Loss 	 Test Acc 	 PGD Loss 	 PGD Acc
[2025/09/30 20:38:34] - 1.1968 	 	 0.7709 	 1.3843 	 0.5567
[2025/09/30 20:40:25] - 52 	 93.0 	 	 0.1000 	 1.8769 	 0.5748
[2025/09/30 20:40:25] - ==> Building model..
[2025/09/30 20:41:28] - Test Loss 	 Test Acc 	 PGD Loss 	 PGD Acc
[2025/09/30 20:41:28] - 1.1996 	 	 0.7713 	 1.3863 	 0.5543
[2025/09/30 20:43:21] - 53 	 94.5 	 	 0.1000 	 1.8783 	 0.5737
[2025/09/30 20:43:21] - ==> Building model..
[2025/09/30 20:44:24] - Test Loss 	 Test Acc 	 PGD Loss 	 PGD Acc
[2025/09/30 20:44:24] - 1.2018 	 	 0.7716 	 1.3879 	 0.5577
[2025/09/30 20:46:16] - 54 	 93.1 	 	 0.1000 	 1.8822 	 0.5737
[2025/09/30 20:46:16] - ==> Building model..
[2025/09/30 20:47:19] - Test Loss 	 Test Acc 	 PGD Loss 	 PGD Acc
[2025/09/30 20:47:19] - 1.2082 	 	 0.7689 	 1.3924 	 0.5583
[2025/09/30 20:49:10] - 55 	 93.1 	 	 0.1000 	 1.8821 	 0.5742
[2025/09/30 20:49:10] - ==> Building model..
[2025/09/30 20:50:13] - Test Loss 	 Test Acc 	 PGD Loss 	 PGD Acc
[2025/09/30 20:50:13] - 1.2130 	 	 0.7690 	 1.3961 	 0.5600
[2025/09/30 20:52:06] - 56 	 95.4 	 	 0.1000 	 1.8824 	 0.5743
[2025/09/30 20:52:06] - ==> Building model..
[2025/09/30 20:53:08] - Test Loss 	 Test Acc 	 PGD Loss 	 PGD Acc
[2025/09/30 20:53:08] - 1.2157 	 	 0.7680 	 1.3978 	 0.5614
[2025/09/30 20:54:58] - 57 	 93.1 	 	 0.1000 	 1.8818 	 0.5736
[2025/09/30 20:54:58] - ==> Building model..
[2025/09/30 20:56:02] - Test Loss 	 Test Acc 	 PGD Loss 	 PGD Acc
[2025/09/30 20:56:02] - 1.2154 	 	 0.7687 	 1.3968 	 0.5604
[2025/09/30 20:57:53] - 58 	 94.3 	 	 0.1000 	 1.8811 	 0.5761
[2025/09/30 20:57:53] - ==> Building model..
[2025/09/30 20:58:55] - Test Loss 	 Test Acc 	 PGD Loss 	 PGD Acc
[2025/09/30 20:58:55] - 1.2164 	 	 0.7678 	 1.3976 	 0.5611
[2025/09/30 21:00:48] - 59 	 95.5 	 	 0.1000 	 1.8827 	 0.5726
[2025/09/30 21:00:48] - ==> Building model..
[2025/09/30 21:01:50] - Test Loss 	 Test Acc 	 PGD Loss 	 PGD Acc
[2025/09/30 21:01:50] - 1.2191 	 	 0.7667 	 1.3996 	 0.5630
[2025/09/30 21:03:42] - 60 	 92.8 	 	 0.1000 	 1.8820 	 0.5750
[2025/09/30 21:03:42] - ==> Building model..
[2025/09/30 21:04:45] - Test Loss 	 Test Acc 	 PGD Loss 	 PGD Acc
[2025/09/30 21:04:45] - 1.2195 	 	 0.7673 	 1.4001 	 0.5608
[2025/09/30 21:06:38] - 61 	 95.2 	 	 0.1000 	 1.8820 	 0.5755
[2025/09/30 21:06:38] - ==> Building model..
[2025/09/30 21:07:40] - Test Loss 	 Test Acc 	 PGD Loss 	 PGD Acc
[2025/09/30 21:07:40] - 1.2201 	 	 0.7663 	 1.4001 	 0.5594
[2025/09/30 21:09:33] - 62 	 94.5 	 	 0.1000 	 1.8796 	 0.5753
[2025/09/30 21:09:33] - ==> Building model..
[2025/09/30 21:10:35] - Test Loss 	 Test Acc 	 PGD Loss 	 PGD Acc
[2025/09/30 21:10:35] - 1.2200 	 	 0.7672 	 1.4003 	 0.5617
[2025/09/30 21:12:28] - 63 	 93.4 	 	 0.1000 	 1.8805 	 0.5729
[2025/09/30 21:12:28] - ==> Building model..
[2025/09/30 21:13:32] - Test Loss 	 Test Acc 	 PGD Loss 	 PGD Acc
[2025/09/30 21:13:32] - 1.2195 	 	 0.7687 	 1.3998 	 0.5617
[2025/09/30 21:15:25] - 64 	 95.4 	 	 0.1000 	 1.8825 	 0.5728
[2025/09/30 21:15:25] - ==> Building model..
[2025/09/30 21:16:27] - Test Loss 	 Test Acc 	 PGD Loss 	 PGD Acc
[2025/09/30 21:16:27] - 1.2193 	 	 0.7693 	 1.3993 	 0.5614
[2025/09/30 21:18:20] - 65 	 94.3 	 	 0.1000 	 1.8809 	 0.5747
[2025/09/30 21:18:20] - ==> Building model..
[2025/09/30 21:19:22] - Test Loss 	 Test Acc 	 PGD Loss 	 PGD Acc
[2025/09/30 21:19:22] - 1.2198 	 	 0.7699 	 1.3998 	 0.5603
[2025/09/30 21:21:13] - 66 	 93.2 	 	 0.1000 	 1.8802 	 0.5766
[2025/09/30 21:21:13] - ==> Building model..
[2025/09/30 21:22:16] - Test Loss 	 Test Acc 	 PGD Loss 	 PGD Acc
[2025/09/30 21:22:16] - 1.2195 	 	 0.7707 	 1.3996 	 0.5613
[2025/09/30 21:24:10] - 67 	 95.4 	 	 0.1000 	 1.8795 	 0.5773
[2025/09/30 21:24:10] - ==> Building model..
[2025/09/30 21:25:12] - Test Loss 	 Test Acc 	 PGD Loss 	 PGD Acc
[2025/09/30 21:25:12] - 1.2199 	 	 0.7702 	 1.4003 	 0.5621
[2025/09/30 21:27:04] - 68 	 94.1 	 	 0.1000 	 1.8777 	 0.5750
[2025/09/30 21:27:04] - ==> Building model..
[2025/09/30 21:28:07] - Test Loss 	 Test Acc 	 PGD Loss 	 PGD Acc
[2025/09/30 21:28:07] - 1.2195 	 	 0.7705 	 1.4001 	 0.5632
[2025/09/30 21:30:00] - 69 	 93.9 	 	 0.1000 	 1.8812 	 0.5742
[2025/09/30 21:30:00] - ==> Building model..
[2025/09/30 21:31:04] - Test Loss 	 Test Acc 	 PGD Loss 	 PGD Acc
[2025/09/30 21:31:04] - 1.2187 	 	 0.7706 	 1.3995 	 0.5638
[2025/09/30 21:33:01] - 70 	 95.9 	 	 0.1000 	 1.8792 	 0.5732
[2025/09/30 21:33:01] - ==> Building model..
[2025/09/30 21:34:03] - Test Loss 	 Test Acc 	 PGD Loss 	 PGD Acc
[2025/09/30 21:34:03] - 1.2174 	 	 0.7689 	 1.3980 	 0.5640
[2025/09/30 21:35:55] - 71 	 93.9 	 	 0.1000 	 1.8788 	 0.5744
[2025/09/30 21:35:55] - ==> Building model..
[2025/09/30 21:36:58] - Test Loss 	 Test Acc 	 PGD Loss 	 PGD Acc
[2025/09/30 21:36:58] - 1.2177 	 	 0.7682 	 1.3981 	 0.5649
[2025/09/30 21:38:49] - 72 	 93.3 	 	 0.1000 	 1.8785 	 0.5761
[2025/09/30 21:38:49] - ==> Building model..
[2025/09/30 21:39:52] - Test Loss 	 Test Acc 	 PGD Loss 	 PGD Acc
[2025/09/30 21:39:52] - 1.2172 	 	 0.7695 	 1.3976 	 0.5630
[2025/09/30 21:41:45] - 73 	 95.6 	 	 0.1000 	 1.8793 	 0.5733
[2025/09/30 21:41:45] - ==> Building model..
[2025/09/30 21:42:47] - Test Loss 	 Test Acc 	 PGD Loss 	 PGD Acc
[2025/09/30 21:42:47] - 1.2175 	 	 0.7690 	 1.3978 	 0.5638
[2025/09/30 21:44:39] - 74 	 93.8 	 	 0.1000 	 1.8776 	 0.5763
[2025/09/30 21:44:39] - ==> Building model..
[2025/09/30 21:45:41] - Test Loss 	 Test Acc 	 PGD Loss 	 PGD Acc
[2025/09/30 21:45:41] - 1.2167 	 	 0.7693 	 1.3968 	 0.5651
[2025/09/30 21:47:32] - 75 	 93.2 	 	 0.1000 	 1.8788 	 0.5737
[2025/09/30 21:47:32] - ==> Building model..
[2025/09/30 21:48:37] - Test Loss 	 Test Acc 	 PGD Loss 	 PGD Acc
[2025/09/30 21:48:37] - 1.2192 	 	 0.7677 	 1.3985 	 0.5629
[2025/09/30 21:50:29] - 76 	 94.9 	 	 0.1000 	 1.8795 	 0.5743
[2025/09/30 21:50:29] - ==> Building model..
[2025/09/30 21:51:32] - Test Loss 	 Test Acc 	 PGD Loss 	 PGD Acc
[2025/09/30 21:51:32] - 1.2202 	 	 0.7703 	 1.3993 	 0.5650
[2025/09/30 21:53:23] - 77 	 94.0 	 	 0.1000 	 1.8791 	 0.5732
[2025/09/30 21:53:23] - ==> Building model..
[2025/09/30 21:54:26] - Test Loss 	 Test Acc 	 PGD Loss 	 PGD Acc
[2025/09/30 21:54:26] - 1.2217 	 	 0.7695 	 1.4006 	 0.5644
[2025/09/30 21:56:16] - 78 	 93.2 	 	 0.1000 	 1.8774 	 0.5773
[2025/09/30 21:56:16] - ==> Building model..
[2025/09/30 21:57:21] - Test Loss 	 Test Acc 	 PGD Loss 	 PGD Acc
[2025/09/30 21:57:21] - 1.2215 	 	 0.7696 	 1.4003 	 0.5655
[2025/09/30 21:59:13] - 79 	 94.1 	 	 0.1000 	 1.8782 	 0.5732
[2025/09/30 21:59:13] - ==> Building model..
[2025/09/30 22:00:15] - Test Loss 	 Test Acc 	 PGD Loss 	 PGD Acc
[2025/09/30 22:00:15] - 1.2218 	 	 0.7686 	 1.4006 	 0.5653
[2025/09/30 22:02:07] - 80 	 94.0 	 	 0.1000 	 1.8776 	 0.5752
[2025/09/30 22:02:07] - ==> Building model..
[2025/09/30 22:03:09] - Test Loss 	 Test Acc 	 PGD Loss 	 PGD Acc
[2025/09/30 22:03:09] - 1.2210 	 	 0.7691 	 1.3997 	 0.5655
[2025/09/30 22:05:01] - 81 	 93.6 	 	 0.1000 	 1.8774 	 0.5734
[2025/09/30 22:05:01] - ==> Building model..
[2025/09/30 22:06:06] - Test Loss 	 Test Acc 	 PGD Loss 	 PGD Acc
[2025/09/30 22:06:06] - 1.2218 	 	 0.7695 	 1.4002 	 0.5675
[2025/09/30 22:07:58] - 82 	 94.2 	 	 0.1000 	 1.8780 	 0.5711
[2025/09/30 22:07:58] - ==> Building model..
[2025/09/30 22:09:01] - Test Loss 	 Test Acc 	 PGD Loss 	 PGD Acc
[2025/09/30 22:09:01] - 1.2240 	 	 0.7691 	 1.4020 	 0.5671
[2025/09/30 22:10:52] - 83 	 93.4 	 	 0.1000 	 1.8782 	 0.5718
[2025/09/30 22:10:52] - ==> Building model..
[2025/09/30 22:11:54] - Test Loss 	 Test Acc 	 PGD Loss 	 PGD Acc
[2025/09/30 22:11:54] - 1.2256 	 	 0.7698 	 1.4033 	 0.5694
[2025/09/30 22:13:45] - 84 	 92.7 	 	 0.1000 	 1.8753 	 0.5702
[2025/09/30 22:13:45] - ==> Building model..
[2025/09/30 22:14:49] - Test Loss 	 Test Acc 	 PGD Loss 	 PGD Acc
[2025/09/30 22:14:49] - 1.2251 	 	 0.7716 	 1.4025 	 0.5699
[2025/09/30 22:16:40] - 85 	 93.8 	 	 0.1000 	 1.8778 	 0.5717
[2025/09/30 22:16:40] - ==> Building model..
[2025/09/30 22:17:42] - Test Loss 	 Test Acc 	 PGD Loss 	 PGD Acc
[2025/09/30 22:17:42] - 1.2268 	 	 0.7699 	 1.4036 	 0.5680
[2025/09/30 22:19:33] - 86 	 93.3 	 	 0.1000 	 1.8777 	 0.5687
[2025/09/30 22:19:33] - ==> Building model..
[2025/09/30 22:20:37] - Test Loss 	 Test Acc 	 PGD Loss 	 PGD Acc
[2025/09/30 22:20:37] - 1.2275 	 	 0.7700 	 1.4042 	 0.5685
[2025/09/30 22:22:27] - 87 	 92.7 	 	 0.1000 	 1.8774 	 0.5722
[2025/09/30 22:22:27] - ==> Building model..
[2025/09/30 22:23:32] - Test Loss 	 Test Acc 	 PGD Loss 	 PGD Acc
[2025/09/30 22:23:32] - 1.2265 	 	 0.7696 	 1.4034 	 0.5694
[2025/09/30 22:25:23] - 88 	 94.0 	 	 0.1000 	 1.8792 	 0.5688
[2025/09/30 22:25:23] - ==> Building model..
[2025/09/30 22:26:26] - Test Loss 	 Test Acc 	 PGD Loss 	 PGD Acc
[2025/09/30 22:26:26] - 1.2269 	 	 0.7703 	 1.4037 	 0.5703
[2025/09/30 22:28:17] - 89 	 93.7 	 	 0.1000 	 1.8762 	 0.5708
[2025/09/30 22:28:17] - ==> Building model..
[2025/09/30 22:29:23] - Test Loss 	 Test Acc 	 PGD Loss 	 PGD Acc
[2025/09/30 22:29:23] - 1.2253 	 	 0.7703 	 1.4026 	 0.5701
[2025/09/30 22:31:13] - 90 	 92.5 	 	 0.1000 	 1.8776 	 0.5709
[2025/09/30 22:31:13] - ==> Building model..
[2025/09/30 22:32:18] - Test Loss 	 Test Acc 	 PGD Loss 	 PGD Acc
[2025/09/30 22:32:18] - 1.2254 	 	 0.7706 	 1.4029 	 0.5720
[2025/09/30 22:34:09] - 91 	 94.1 	 	 0.1000 	 1.8775 	 0.5676
[2025/09/30 22:34:09] - ==> Building model..
[2025/09/30 22:35:12] - Test Loss 	 Test Acc 	 PGD Loss 	 PGD Acc
[2025/09/30 22:35:12] - 1.2245 	 	 0.7694 	 1.4024 	 0.5712
[2025/09/30 22:37:03] - 92 	 93.7 	 	 0.1000 	 1.8774 	 0.5704
[2025/09/30 22:37:03] - ==> Building model..
[2025/09/30 22:38:09] - Test Loss 	 Test Acc 	 PGD Loss 	 PGD Acc
[2025/09/30 22:38:09] - 1.2248 	 	 0.7708 	 1.4032 	 0.5707
[2025/09/30 22:39:58] - 93 	 91.4 	 	 0.1000 	 1.8763 	 0.5685
[2025/09/30 22:39:58] - ==> Building model..
[2025/09/30 22:41:03] - Test Loss 	 Test Acc 	 PGD Loss 	 PGD Acc
[2025/09/30 22:41:03] - 1.2239 	 	 0.7693 	 1.4028 	 0.5717
[2025/09/30 22:42:54] - 94 	 94.0 	 	 0.1000 	 1.8767 	 0.5721
[2025/09/30 22:42:54] - ==> Building model..
[2025/09/30 22:43:57] - Test Loss 	 Test Acc 	 PGD Loss 	 PGD Acc
[2025/09/30 22:43:57] - 1.2240 	 	 0.7698 	 1.4032 	 0.5730
[2025/09/30 22:45:49] - 95 	 93.6 	 	 0.1000 	 1.8755 	 0.5713
[2025/09/30 22:45:49] - ==> Building model..
[2025/09/30 22:46:55] - Test Loss 	 Test Acc 	 PGD Loss 	 PGD Acc
[2025/09/30 22:46:55] - 1.2238 	 	 0.7702 	 1.4030 	 0.5732
[2025/09/30 22:48:45] - 96 	 91.7 	 	 0.1000 	 1.8755 	 0.5710
[2025/09/30 22:48:45] - ==> Building model..
[2025/09/30 22:49:50] - Test Loss 	 Test Acc 	 PGD Loss 	 PGD Acc
[2025/09/30 22:49:50] - 1.2241 	 	 0.7701 	 1.4028 	 0.5723
[2025/09/30 22:51:42] - 97 	 94.1 	 	 0.1000 	 1.8742 	 0.5721
[2025/09/30 22:51:42] - ==> Building model..
[2025/09/30 22:52:46] - Test Loss 	 Test Acc 	 PGD Loss 	 PGD Acc
[2025/09/30 22:52:46] - 1.2214 	 	 0.7704 	 1.4007 	 0.5728
[2025/09/30 22:54:39] - 98 	 93.8 	 	 0.1000 	 1.8741 	 0.5727
[2025/09/30 22:54:39] - ==> Building model..
[2025/09/30 22:55:45] - Test Loss 	 Test Acc 	 PGD Loss 	 PGD Acc
[2025/09/30 22:55:45] - 1.2189 	 	 0.7723 	 1.3991 	 0.5732
[2025/09/30 22:57:36] - 99 	 91.9 	 	 0.1000 	 1.8760 	 0.5707
[2025/09/30 22:57:36] - ==> Building model..
[2025/09/30 22:58:41] - Test Loss 	 Test Acc 	 PGD Loss 	 PGD Acc
[2025/09/30 22:58:41] - 1.2207 	 	 0.7706 	 1.4004 	 0.5726
[2025/09/30 23:00:33] - 100 	 94.2 	 	 0.1000 	 1.8727 	 0.5736
[2025/09/30 23:00:33] - ==> Building model..
[2025/09/30 23:01:36] - Test Loss 	 Test Acc 	 PGD Loss 	 PGD Acc
[2025/09/30 23:01:36] - 1.2199 	 	 0.7712 	 1.3997 	 0.5709
[2025/09/30 23:03:28] - 101 	 93.7 	 	 0.1000 	 1.8746 	 0.5734
[2025/09/30 23:03:28] - ==> Building model..
[2025/09/30 23:04:34] - Test Loss 	 Test Acc 	 PGD Loss 	 PGD Acc
[2025/09/30 23:04:34] - 1.2196 	 	 0.7715 	 1.3991 	 0.5717
[2025/09/30 23:06:23] - 102 	 91.3 	 	 0.1000 	 1.8749 	 0.5720
[2025/09/30 23:06:23] - ==> Building model..
[2025/09/30 23:07:27] - Test Loss 	 Test Acc 	 PGD Loss 	 PGD Acc
[2025/09/30 23:07:27] - 1.2208 	 	 0.7708 	 1.4001 	 0.5710
[2025/09/30 23:09:19] - 103 	 93.9 	 	 0.1000 	 1.8751 	 0.5715
[2025/09/30 23:09:19] - ==> Building model..
[2025/09/30 23:10:22] - Test Loss 	 Test Acc 	 PGD Loss 	 PGD Acc
[2025/09/30 23:10:22] - 1.2195 	 	 0.7715 	 1.3995 	 0.5712
[2025/09/30 23:12:14] - 104 	 93.2 	 	 0.1000 	 1.8740 	 0.5747
[2025/09/30 23:12:14] - ==> Building model..
[2025/09/30 23:13:19] - Test Loss 	 Test Acc 	 PGD Loss 	 PGD Acc
[2025/09/30 23:13:19] - 1.2196 	 	 0.7716 	 1.3998 	 0.5705
[2025/09/30 23:15:09] - 105 	 91.7 	 	 0.1000 	 1.8741 	 0.5743
[2025/09/30 23:15:09] - ==> Building model..
[2025/09/30 23:16:13] - Test Loss 	 Test Acc 	 PGD Loss 	 PGD Acc
[2025/09/30 23:16:13] - 1.2194 	 	 0.7725 	 1.3995 	 0.5709
[2025/09/30 23:18:05] - 106 	 94.0 	 	 0.1000 	 1.8730 	 0.5763
[2025/09/30 23:18:05] - ==> Building model..
[2025/09/30 23:19:08] - Test Loss 	 Test Acc 	 PGD Loss 	 PGD Acc
[2025/09/30 23:19:08] - 1.2196 	 	 0.7730 	 1.3999 	 0.5712
[2025/09/30 23:20:59] - 107 	 93.1 	 	 0.1000 	 1.8729 	 0.5732
[2025/09/30 23:20:59] - ==> Building model..
[2025/09/30 23:22:06] - Test Loss 	 Test Acc 	 PGD Loss 	 PGD Acc
[2025/09/30 23:22:06] - 1.2197 	 	 0.7733 	 1.4006 	 0.5718
[2025/09/30 23:24:00] - 108 	 91.7 	 	 0.1000 	 1.8732 	 0.5755
[2025/09/30 23:24:00] - ==> Building model..
[2025/09/30 23:25:05] - Test Loss 	 Test Acc 	 PGD Loss 	 PGD Acc
[2025/09/30 23:25:05] - 1.2186 	 	 0.7723 	 1.3995 	 0.5701
[2025/09/30 23:26:59] - 109 	 93.9 	 	 0.0100 	 1.8216 	 0.6219
[2025/09/30 23:26:59] - ==> Building model..
[2025/09/30 23:28:02] - Test Loss 	 Test Acc 	 PGD Loss 	 PGD Acc
[2025/09/30 23:28:02] - 1.2042 	 	 0.7775 	 1.3891 	 0.5717
[2025/09/30 23:29:54] - 110 	 92.7 	 	 0.0100 	 1.7631 	 0.6728
[2025/09/30 23:29:54] - ==> Building model..
[2025/09/30 23:31:00] - Test Loss 	 Test Acc 	 PGD Loss 	 PGD Acc
[2025/09/30 23:31:00] - 1.1824 	 	 0.7844 	 1.3732 	 0.5731
[2025/09/30 23:32:48] - 111 	 90.7 	 	 0.0100 	 1.7472 	 0.6844
[2025/09/30 23:32:48] - ==> Building model..
[2025/09/30 23:33:53] - Test Loss 	 Test Acc 	 PGD Loss 	 PGD Acc
[2025/09/30 23:33:53] - 1.1665 	 	 0.7915 	 1.3620 	 0.5738
[2025/09/30 23:35:44] - 112 	 93.1 	 	 0.0100 	 1.7371 	 0.6957
[2025/09/30 23:35:44] - ==> Building model..
[2025/09/30 23:36:47] - Test Loss 	 Test Acc 	 PGD Loss 	 PGD Acc
[2025/09/30 23:36:47] - 1.1556 	 	 0.7972 	 1.3551 	 0.5753
[2025/09/30 23:38:37] - 113 	 92.1 	 	 0.0100 	 1.7287 	 0.7038
[2025/09/30 23:38:37] - ==> Building model..
[2025/09/30 23:39:43] - Test Loss 	 Test Acc 	 PGD Loss 	 PGD Acc
[2025/09/30 23:39:43] - 1.1487 	 	 0.8013 	 1.3506 	 0.5767
[2025/09/30 23:41:30] - 114 	 90.1 	 	 0.0010 	 1.7129 	 0.7161
[2025/09/30 23:41:30] - ==> Building model..
[2025/09/30 23:42:35] - Test Loss 	 Test Acc 	 PGD Loss 	 PGD Acc
[2025/09/30 23:42:35] - 1.1425 	 	 0.8043 	 1.3470 	 0.5785
[2025/09/30 23:44:25] - 115 	 92.4 	 	 0.0010 	 1.6995 	 0.7270
[2025/09/30 23:44:25] - ==> Building model..
[2025/09/30 23:45:28] - Test Loss 	 Test Acc 	 PGD Loss 	 PGD Acc
[2025/09/30 23:45:28] - 1.1359 	 	 0.8067 	 1.3426 	 0.5775
[2025/09/30 23:47:17] - 116 	 91.4 	 	 0.0010 	 1.6960 	 0.7270
[2025/09/30 23:47:17] - ==> Building model..
[2025/09/30 23:48:23] - Test Loss 	 Test Acc 	 PGD Loss 	 PGD Acc
[2025/09/30 23:48:23] - 1.1274 	 	 0.8099 	 1.3369 	 0.5786
[2025/09/30 23:50:11] - 117 	 89.8 	 	 0.0010 	 1.6928 	 0.7329
[2025/09/30 23:50:11] - ==> Building model..
[2025/09/30 23:51:15] - Test Loss 	 Test Acc 	 PGD Loss 	 PGD Acc
[2025/09/30 23:51:15] - 1.1206 	 	 0.8118 	 1.3323 	 0.5787
[2025/09/30 23:53:05] - 118 	 92.0 	 	 0.0010 	 1.6903 	 0.7359
[2025/09/30 23:53:05] - ==> Building model..
[2025/09/30 23:54:09] - Test Loss 	 Test Acc 	 PGD Loss 	 PGD Acc
[2025/09/30 23:54:09] - 1.1138 	 	 0.8135 	 1.3276 	 0.5781
[2025/09/30 23:55:57] - 119 	 90.8 	 	 0.0010 	 1.6886 	 0.7351
[2025/09/30 23:55:57] - ==> Building model..
[2025/09/30 23:57:03] - Test Loss 	 Test Acc 	 PGD Loss 	 PGD Acc
[2025/09/30 23:57:03] - 1.1065 	 	 0.8154 	 1.3227 	 0.5788
[2025/09/30 23:57:04] - [0.3975, 0.456, 0.503, 0.5473, 0.58, 0.6027, 0.6251, 0.6358, 0.6495, 0.653, 0.6589, 0.6722, 0.6868, 0.6978, 0.7092, 0.7198, 0.7256, 0.7305, 0.7353, 0.7377, 0.7403, 0.7427, 0.745, 0.7466, 0.7474, 0.7496, 0.7511, 0.7527, 0.7533, 0.7555, 0.7592, 0.7604, 0.7613, 0.763, 0.763, 0.7643, 0.7665, 0.7684, 0.7698, 0.7699, 0.7701, 0.7715, 0.7716, 0.7706, 0.7711, 0.7723, 0.7727, 0.771, 0.7719, 0.7702, 0.77, 0.7709, 0.7713, 0.7716, 0.7689, 0.769, 0.768, 0.7687, 0.7678, 0.7667, 0.7673, 0.7663, 0.7672, 0.7687, 0.7693, 0.7699, 0.7707, 0.7702, 0.7705, 0.7706, 0.7689, 0.7682, 0.7695, 0.769, 0.7693, 0.7677, 0.7703, 0.7695, 0.7696, 0.7686, 0.7691, 0.7695, 0.7691, 0.7698, 0.7716, 0.7699, 0.77, 0.7696, 0.7703, 0.7703, 0.7706, 0.7694, 0.7708, 0.7693, 0.7698, 0.7702, 0.7701, 0.7704, 0.7723, 0.7706, 0.7712, 0.7715, 0.7708, 0.7715, 0.7716, 0.7725, 0.773, 0.7733, 0.7723, 0.7775, 0.7844, 0.7915, 0.7972, 0.8013, 0.8043, 0.8067, 0.8099, 0.8118, 0.8135, 0.8154]
[2025/09/30 23:57:04] - [0.2764, 0.3159, 0.3374, 0.3662, 0.3878, 0.4106, 0.4266, 0.439, 0.4506, 0.4582, 0.4671, 0.4752, 0.4847, 0.4947, 0.4985, 0.5054, 0.5092, 0.5125, 0.5155, 0.5176, 0.5207, 0.5234, 0.5264, 0.5281, 0.5297, 0.5309, 0.5333, 0.536, 0.5381, 0.5381, 0.5403, 0.5411, 0.5428, 0.5428, 0.5421, 0.5437, 0.544, 0.545, 0.5435, 0.5451, 0.5454, 0.5469, 0.5493, 0.5479, 0.5494, 0.5506, 0.5518, 0.5536, 0.5545, 0.5543, 0.5545, 0.5567, 0.5543, 0.5577, 0.5583, 0.56, 0.5614, 0.5604, 0.5611, 0.563, 0.5608, 0.5594, 0.5617, 0.5617, 0.5614, 0.5603, 0.5613, 0.5621, 0.5632, 0.5638, 0.564, 0.5649, 0.563, 0.5638, 0.5651, 0.5629, 0.565, 0.5644, 0.5655, 0.5653, 0.5655, 0.5675, 0.5671, 0.5694, 0.5699, 0.568, 0.5685, 0.5694, 0.5703, 0.5701, 0.572, 0.5712, 0.5707, 0.5717, 0.573, 0.5732, 0.5723, 0.5728, 0.5732, 0.5726, 0.5709, 0.5717, 0.571, 0.5712, 0.5705, 0.5709, 0.5712, 0.5718, 0.5701, 0.5717, 0.5731, 0.5738, 0.5753, 0.5767, 0.5785, 0.5775, 0.5786, 0.5787, 0.5781, 0.5788]
