[2025/10/19 20:13:07] - Namespace(batch_size=128, data_dir='cifar-data', epochs=110, lr_schedule='multistep', lr_min=0.0, lr_max=0.2, weight_decay=0.0005, momentum=0.9, model='ResNet18', epsilon=8, alpha=8, delta_init='random', normal_mean=0, normal_std=1, out_dir='runs/beta_0.6/lam_40/lscale_0.1/seed_1', seed=1, lamda=40.0, lam_scale=0.1, lam_start=50, gamma=0.05, inner_gamma=0.05, beta=0.6, mu=3.5, batch_m=0.75, early_stop=False, factor=0.5, length=4, n_holes=1, c_num=0.125, EMA_value=0.55)
[2025/10/19 20:13:11] - ==> Building model..
[2025/10/19 20:13:12] - Epoch 	 Seconds 	 LR 	 	 Train Loss 	 Train Acc
[2025/10/19 20:14:02] - 0 	 27.1 	 	 0.2000 	 4.5685 	 0.0372
[2025/10/19 20:14:02] - ==> Building model..
[2025/10/19 20:14:27] - Test Loss 	 Test Acc 	 PGD Loss 	 PGD Acc
[2025/10/19 20:14:27] - 4.2485 	 	 0.0847 	 4.2611 	 0.0570
[2025/10/19 20:15:17] - 1 	 24.4 	 	 0.2000 	 4.4642 	 0.0750
[2025/10/19 20:15:17] - ==> Building model..
[2025/10/19 20:15:42] - Test Loss 	 Test Acc 	 PGD Loss 	 PGD Acc
[2025/10/19 20:15:42] - 4.1246 	 	 0.1257 	 4.1476 	 0.0819
[2025/10/19 20:16:33] - 2 	 26.0 	 	 0.2000 	 4.4066 	 0.1027
[2025/10/19 20:16:33] - ==> Building model..
[2025/10/19 20:16:59] - Test Loss 	 Test Acc 	 PGD Loss 	 PGD Acc
[2025/10/19 20:16:59] - 3.9873 	 	 0.1655 	 4.0259 	 0.1046
[2025/10/19 20:17:50] - 3 	 25.9 	 	 0.2000 	 4.3566 	 0.1288
[2025/10/19 20:17:50] - ==> Building model..
[2025/10/19 20:18:15] - Test Loss 	 Test Acc 	 PGD Loss 	 PGD Acc
[2025/10/19 20:18:15] - 3.8147 	 	 0.2210 	 3.8760 	 0.1307
[2025/10/19 20:19:07] - 4 	 26.8 	 	 0.2000 	 4.3165 	 0.1495
[2025/10/19 20:19:07] - ==> Building model..
[2025/10/19 20:19:32] - Test Loss 	 Test Acc 	 PGD Loss 	 PGD Acc
[2025/10/19 20:19:32] - 3.6201 	 	 0.2711 	 3.7112 	 0.1574
[2025/10/19 20:20:23] - 5 	 25.9 	 	 0.2000 	 4.2785 	 0.1672
[2025/10/19 20:20:23] - ==> Building model..
[2025/10/19 20:20:49] - Test Loss 	 Test Acc 	 PGD Loss 	 PGD Acc
[2025/10/19 20:20:49] - 3.3957 	 	 0.3123 	 3.5182 	 0.1783
[2025/10/19 20:21:39] - 6 	 26.1 	 	 0.2000 	 4.2469 	 0.1880
[2025/10/19 20:21:39] - ==> Building model..
[2025/10/19 20:22:05] - Test Loss 	 Test Acc 	 PGD Loss 	 PGD Acc
[2025/10/19 20:22:05] - 3.2054 	 	 0.3508 	 3.3575 	 0.1950
[2025/10/19 20:22:54] - 7 	 24.9 	 	 0.2000 	 4.2230 	 0.1978
[2025/10/19 20:22:54] - ==> Building model..
[2025/10/19 20:23:20] - Test Loss 	 Test Acc 	 PGD Loss 	 PGD Acc
[2025/10/19 20:23:20] - 3.0655 	 	 0.3803 	 3.2448 	 0.2060
[2025/10/19 20:24:12] - 8 	 27.4 	 	 0.2000 	 4.2064 	 0.2072
[2025/10/19 20:24:12] - ==> Building model..
[2025/10/19 20:24:37] - Test Loss 	 Test Acc 	 PGD Loss 	 PGD Acc
[2025/10/19 20:24:37] - 2.9738 	 	 0.4026 	 3.1718 	 0.2173
[2025/10/19 20:25:29] - 9 	 26.7 	 	 0.2000 	 4.1908 	 0.2168
[2025/10/19 20:25:29] - ==> Building model..
[2025/10/19 20:25:55] - Test Loss 	 Test Acc 	 PGD Loss 	 PGD Acc
[2025/10/19 20:25:55] - 2.9207 	 	 0.4109 	 3.1306 	 0.2248
[2025/10/19 20:26:47] - 10 	 26.5 	 	 0.2000 	 4.1807 	 0.2224
[2025/10/19 20:26:47] - ==> Building model..
[2025/10/19 20:27:13] - Test Loss 	 Test Acc 	 PGD Loss 	 PGD Acc
[2025/10/19 20:27:13] - 2.8605 	 	 0.4302 	 3.0855 	 0.2314
[2025/10/19 20:28:03] - 11 	 25.4 	 	 0.2000 	 4.1702 	 0.2295
[2025/10/19 20:28:03] - ==> Building model..
[2025/10/19 20:28:30] - Test Loss 	 Test Acc 	 PGD Loss 	 PGD Acc
[2025/10/19 20:28:30] - 2.8238 	 	 0.4396 	 3.0587 	 0.2344
[2025/10/19 20:29:21] - 12 	 26.5 	 	 0.2000 	 4.1619 	 0.2331
[2025/10/19 20:29:21] - ==> Building model..
[2025/10/19 20:29:48] - Test Loss 	 Test Acc 	 PGD Loss 	 PGD Acc
[2025/10/19 20:29:48] - 2.8007 	 	 0.4459 	 3.0413 	 0.2395
[2025/10/19 20:30:39] - 13 	 26.6 	 	 0.2000 	 4.1555 	 0.2345
[2025/10/19 20:30:39] - ==> Building model..
[2025/10/19 20:31:06] - Test Loss 	 Test Acc 	 PGD Loss 	 PGD Acc
[2025/10/19 20:31:06] - 2.7752 	 	 0.4518 	 3.0225 	 0.2421
[2025/10/19 20:31:56] - 14 	 26.3 	 	 0.2000 	 4.1492 	 0.2393
[2025/10/19 20:31:56] - ==> Building model..
[2025/10/19 20:32:21] - Test Loss 	 Test Acc 	 PGD Loss 	 PGD Acc
[2025/10/19 20:32:21] - 2.7443 	 	 0.4598 	 2.9986 	 0.2465
[2025/10/19 20:33:12] - 15 	 25.9 	 	 0.2000 	 4.1438 	 0.2433
[2025/10/19 20:33:12] - ==> Building model..
[2025/10/19 20:33:38] - Test Loss 	 Test Acc 	 PGD Loss 	 PGD Acc
[2025/10/19 20:33:38] - 2.7223 	 	 0.4642 	 2.9822 	 0.2485
[2025/10/19 20:34:31] - 16 	 27.6 	 	 0.2000 	 4.1389 	 0.2463
[2025/10/19 20:34:31] - ==> Building model..
[2025/10/19 20:34:58] - Test Loss 	 Test Acc 	 PGD Loss 	 PGD Acc
[2025/10/19 20:34:58] - 2.7034 	 	 0.4712 	 2.9692 	 0.2508
[2025/10/19 20:35:49] - 17 	 25.7 	 	 0.2000 	 4.1326 	 0.2509
[2025/10/19 20:35:49] - ==> Building model..
[2025/10/19 20:36:16] - Test Loss 	 Test Acc 	 PGD Loss 	 PGD Acc
[2025/10/19 20:36:16] - 2.6885 	 	 0.4740 	 2.9577 	 0.2543
[2025/10/19 20:37:08] - 18 	 27.3 	 	 0.2000 	 4.1327 	 0.2503
[2025/10/19 20:37:08] - ==> Building model..
[2025/10/19 20:37:34] - Test Loss 	 Test Acc 	 PGD Loss 	 PGD Acc
[2025/10/19 20:37:34] - 2.6718 	 	 0.4782 	 2.9446 	 0.2550
[2025/10/19 20:38:24] - 19 	 26.2 	 	 0.2000 	 4.1281 	 0.2536
[2025/10/19 20:38:24] - ==> Building model..
[2025/10/19 20:38:50] - Test Loss 	 Test Acc 	 PGD Loss 	 PGD Acc
[2025/10/19 20:38:50] - 2.6630 	 	 0.4808 	 2.9382 	 0.2556
[2025/10/19 20:39:39] - 20 	 25.2 	 	 0.2000 	 4.1233 	 0.2554
[2025/10/19 20:39:39] - ==> Building model..
[2025/10/19 20:40:06] - Test Loss 	 Test Acc 	 PGD Loss 	 PGD Acc
[2025/10/19 20:40:06] - 2.6498 	 	 0.4845 	 2.9281 	 0.2575
[2025/10/19 20:40:57] - 21 	 27.1 	 	 0.2000 	 4.1222 	 0.2555
[2025/10/19 20:40:57] - ==> Building model..
[2025/10/19 20:41:23] - Test Loss 	 Test Acc 	 PGD Loss 	 PGD Acc
[2025/10/19 20:41:23] - 2.6386 	 	 0.4854 	 2.9201 	 0.2579
[2025/10/19 20:42:15] - 22 	 26.7 	 	 0.2000 	 4.1167 	 0.2596
[2025/10/19 20:42:15] - ==> Building model..
[2025/10/19 20:42:41] - Test Loss 	 Test Acc 	 PGD Loss 	 PGD Acc
[2025/10/19 20:42:41] - 2.6320 	 	 0.4874 	 2.9139 	 0.2585
[2025/10/19 20:43:34] - 23 	 27.4 	 	 0.2000 	 4.1164 	 0.2600
[2025/10/19 20:43:34] - ==> Building model..
[2025/10/19 20:43:59] - Test Loss 	 Test Acc 	 PGD Loss 	 PGD Acc
[2025/10/19 20:43:59] - 2.6230 	 	 0.4893 	 2.9073 	 0.2623
[2025/10/19 20:44:52] - 24 	 27.3 	 	 0.2000 	 4.1142 	 0.2611
[2025/10/19 20:44:52] - ==> Building model..
[2025/10/19 20:45:17] - Test Loss 	 Test Acc 	 PGD Loss 	 PGD Acc
[2025/10/19 20:45:17] - 2.6144 	 	 0.4942 	 2.9017 	 0.2639
[2025/10/19 20:46:08] - 25 	 27.0 	 	 0.2000 	 4.1132 	 0.2626
[2025/10/19 20:46:08] - ==> Building model..
[2025/10/19 20:46:33] - Test Loss 	 Test Acc 	 PGD Loss 	 PGD Acc
[2025/10/19 20:46:33] - 2.6096 	 	 0.4960 	 2.8981 	 0.2660
[2025/10/19 20:47:23] - 26 	 26.1 	 	 0.2000 	 4.1109 	 0.2642
[2025/10/19 20:47:23] - ==> Building model..
[2025/10/19 20:47:48] - Test Loss 	 Test Acc 	 PGD Loss 	 PGD Acc
[2025/10/19 20:47:48] - 2.6067 	 	 0.4973 	 2.8959 	 0.2674
[2025/10/19 20:48:42] - 27 	 28.5 	 	 0.2000 	 4.1077 	 0.2638
[2025/10/19 20:48:42] - ==> Building model..
[2025/10/19 20:49:06] - Test Loss 	 Test Acc 	 PGD Loss 	 PGD Acc
[2025/10/19 20:49:06] - 2.6010 	 	 0.5002 	 2.8915 	 0.2673
[2025/10/19 20:49:57] - 28 	 27.1 	 	 0.2000 	 4.1083 	 0.2646
[2025/10/19 20:49:57] - ==> Building model..
[2025/10/19 20:50:21] - Test Loss 	 Test Acc 	 PGD Loss 	 PGD Acc
[2025/10/19 20:50:21] - 2.5943 	 	 0.5003 	 2.8860 	 0.2674
[2025/10/19 20:51:12] - 29 	 26.7 	 	 0.2000 	 4.1064 	 0.2675
[2025/10/19 20:51:12] - ==> Building model..
[2025/10/19 20:51:37] - Test Loss 	 Test Acc 	 PGD Loss 	 PGD Acc
[2025/10/19 20:51:37] - 2.5922 	 	 0.4998 	 2.8844 	 0.2693
[2025/10/19 20:52:29] - 30 	 27.7 	 	 0.2000 	 4.1051 	 0.2658
[2025/10/19 20:52:29] - ==> Building model..
[2025/10/19 20:52:54] - Test Loss 	 Test Acc 	 PGD Loss 	 PGD Acc
[2025/10/19 20:52:54] - 2.5874 	 	 0.5005 	 2.8808 	 0.2691
[2025/10/19 20:53:45] - 31 	 27.0 	 	 0.2000 	 4.1025 	 0.2682
[2025/10/19 20:53:45] - ==> Building model..
[2025/10/19 20:54:09] - Test Loss 	 Test Acc 	 PGD Loss 	 PGD Acc
[2025/10/19 20:54:09] - 2.5867 	 	 0.5007 	 2.8802 	 0.2703
[2025/10/19 20:55:01] - 32 	 27.5 	 	 0.2000 	 4.1028 	 0.2682
[2025/10/19 20:55:01] - ==> Building model..
[2025/10/19 20:55:26] - Test Loss 	 Test Acc 	 PGD Loss 	 PGD Acc
[2025/10/19 20:55:26] - 2.5846 	 	 0.5019 	 2.8786 	 0.2702
[2025/10/19 20:56:18] - 33 	 27.7 	 	 0.2000 	 4.1021 	 0.2681
[2025/10/19 20:56:18] - ==> Building model..
[2025/10/19 20:56:43] - Test Loss 	 Test Acc 	 PGD Loss 	 PGD Acc
[2025/10/19 20:56:43] - 2.5804 	 	 0.5021 	 2.8752 	 0.2735
[2025/10/19 20:57:35] - 34 	 27.9 	 	 0.2000 	 4.0990 	 0.2725
[2025/10/19 20:57:35] - ==> Building model..
[2025/10/19 20:58:00] - Test Loss 	 Test Acc 	 PGD Loss 	 PGD Acc
[2025/10/19 20:58:00] - 2.5755 	 	 0.5050 	 2.8723 	 0.2739
[2025/10/19 20:58:50] - 35 	 26.3 	 	 0.2000 	 4.0978 	 0.2719
[2025/10/19 20:58:50] - ==> Building model..
[2025/10/19 20:59:14] - Test Loss 	 Test Acc 	 PGD Loss 	 PGD Acc
[2025/10/19 20:59:14] - 2.5719 	 	 0.5062 	 2.8699 	 0.2726
[2025/10/19 21:00:06] - 36 	 27.7 	 	 0.2000 	 4.1003 	 0.2696
[2025/10/19 21:00:06] - ==> Building model..
[2025/10/19 21:00:31] - Test Loss 	 Test Acc 	 PGD Loss 	 PGD Acc
[2025/10/19 21:00:31] - 2.5684 	 	 0.5066 	 2.8678 	 0.2743
[2025/10/19 21:01:22] - 37 	 26.9 	 	 0.2000 	 4.0970 	 0.2715
[2025/10/19 21:01:22] - ==> Building model..
[2025/10/19 21:01:46] - Test Loss 	 Test Acc 	 PGD Loss 	 PGD Acc
[2025/10/19 21:01:46] - 2.5694 	 	 0.5072 	 2.8682 	 0.2754
[2025/10/19 21:02:38] - 38 	 27.6 	 	 0.2000 	 4.0978 	 0.2696
[2025/10/19 21:02:38] - ==> Building model..
[2025/10/19 21:03:03] - Test Loss 	 Test Acc 	 PGD Loss 	 PGD Acc
[2025/10/19 21:03:03] - 2.5674 	 	 0.5069 	 2.8658 	 0.2751
[2025/10/19 21:03:55] - 39 	 28.0 	 	 0.2000 	 4.0956 	 0.2717
[2025/10/19 21:03:55] - ==> Building model..
[2025/10/19 21:04:19] - Test Loss 	 Test Acc 	 PGD Loss 	 PGD Acc
[2025/10/19 21:04:19] - 2.5703 	 	 0.5058 	 2.8689 	 0.2756
[2025/10/19 21:05:13] - 40 	 28.6 	 	 0.2000 	 4.0966 	 0.2717
[2025/10/19 21:05:13] - ==> Building model..
[2025/10/19 21:05:36] - Test Loss 	 Test Acc 	 PGD Loss 	 PGD Acc
[2025/10/19 21:05:36] - 2.5715 	 	 0.5068 	 2.8695 	 0.2751
[2025/10/19 21:06:27] - 41 	 27.3 	 	 0.2000 	 4.0957 	 0.2705
[2025/10/19 21:06:27] - ==> Building model..
[2025/10/19 21:06:52] - Test Loss 	 Test Acc 	 PGD Loss 	 PGD Acc
[2025/10/19 21:06:52] - 2.5709 	 	 0.5073 	 2.8680 	 0.2754
[2025/10/19 21:07:42] - 42 	 26.7 	 	 0.2000 	 4.0952 	 0.2741
[2025/10/19 21:07:42] - ==> Building model..
[2025/10/19 21:08:07] - Test Loss 	 Test Acc 	 PGD Loss 	 PGD Acc
[2025/10/19 21:08:07] - 2.5681 	 	 0.5078 	 2.8670 	 0.2756
[2025/10/19 21:08:59] - 43 	 27.8 	 	 0.2000 	 4.0933 	 0.2719
[2025/10/19 21:08:59] - ==> Building model..
[2025/10/19 21:09:23] - Test Loss 	 Test Acc 	 PGD Loss 	 PGD Acc
[2025/10/19 21:09:23] - 2.5665 	 	 0.5094 	 2.8657 	 0.2765
[2025/10/19 21:10:15] - 44 	 28.0 	 	 0.2000 	 4.0931 	 0.2747
[2025/10/19 21:10:15] - ==> Building model..
[2025/10/19 21:10:38] - Test Loss 	 Test Acc 	 PGD Loss 	 PGD Acc
[2025/10/19 21:10:38] - 2.5680 	 	 0.5085 	 2.8669 	 0.2773
[2025/10/19 21:11:32] - 45 	 28.8 	 	 0.2000 	 4.0933 	 0.2738
[2025/10/19 21:11:32] - ==> Building model..
[2025/10/19 21:11:55] - Test Loss 	 Test Acc 	 PGD Loss 	 PGD Acc
[2025/10/19 21:11:55] - 2.5676 	 	 0.5081 	 2.8671 	 0.2772
[2025/10/19 21:12:47] - 46 	 28.1 	 	 0.2000 	 4.0906 	 0.2757
[2025/10/19 21:12:47] - ==> Building model..
[2025/10/19 21:13:11] - Test Loss 	 Test Acc 	 PGD Loss 	 PGD Acc
[2025/10/19 21:13:11] - 2.5652 	 	 0.5087 	 2.8657 	 0.2784
[2025/10/19 21:14:03] - 47 	 28.6 	 	 0.2000 	 4.0924 	 0.2751
[2025/10/19 21:14:03] - ==> Building model..
[2025/10/19 21:14:26] - Test Loss 	 Test Acc 	 PGD Loss 	 PGD Acc
[2025/10/19 21:14:26] - 2.5642 	 	 0.5124 	 2.8656 	 0.2789
[2025/10/19 21:15:20] - 48 	 28.3 	 	 0.2000 	 4.0882 	 0.2760
[2025/10/19 21:15:20] - ==> Building model..
[2025/10/19 21:15:42] - Test Loss 	 Test Acc 	 PGD Loss 	 PGD Acc
[2025/10/19 21:15:42] - 2.5614 	 	 0.5130 	 2.8634 	 0.2784
[2025/10/19 21:16:36] - 49 	 29.4 	 	 0.2000 	 4.0911 	 0.2762
[2025/10/19 21:16:36] - ==> Building model..
[2025/10/19 21:17:00] - Test Loss 	 Test Acc 	 PGD Loss 	 PGD Acc
[2025/10/19 21:17:00] - 2.5609 	 	 0.5136 	 2.8627 	 0.2785
[2025/10/19 21:17:53] - 50 	 28.4 	 	 0.2000 	 4.0889 	 0.2745
[2025/10/19 21:17:53] - ==> Building model..
[2025/10/19 21:18:15] - Test Loss 	 Test Acc 	 PGD Loss 	 PGD Acc
[2025/10/19 21:18:15] - 2.5607 	 	 0.5124 	 2.8613 	 0.2790
[2025/10/19 21:19:07] - 51 	 28.7 	 	 0.2000 	 4.0909 	 0.2743
[2025/10/19 21:19:07] - ==> Building model..
[2025/10/19 21:19:31] - Test Loss 	 Test Acc 	 PGD Loss 	 PGD Acc
[2025/10/19 21:19:31] - 2.5609 	 	 0.5129 	 2.8628 	 0.2782
[2025/10/19 21:20:23] - 52 	 28.1 	 	 0.2000 	 4.0915 	 0.2746
[2025/10/19 21:20:23] - ==> Building model..
[2025/10/19 21:20:46] - Test Loss 	 Test Acc 	 PGD Loss 	 PGD Acc
[2025/10/19 21:20:46] - 2.5594 	 	 0.5138 	 2.8617 	 0.2784
[2025/10/19 21:21:40] - 53 	 29.1 	 	 0.2000 	 4.0896 	 0.2748
[2025/10/19 21:21:40] - ==> Building model..
[2025/10/19 21:22:04] - Test Loss 	 Test Acc 	 PGD Loss 	 PGD Acc
[2025/10/19 21:22:04] - 2.5583 	 	 0.5139 	 2.8608 	 0.2776
[2025/10/19 21:22:58] - 54 	 29.4 	 	 0.2000 	 4.0899 	 0.2764
[2025/10/19 21:22:58] - ==> Building model..
[2025/10/19 21:23:21] - Test Loss 	 Test Acc 	 PGD Loss 	 PGD Acc
[2025/10/19 21:23:21] - 2.5611 	 	 0.5138 	 2.8626 	 0.2781
[2025/10/19 21:24:14] - 55 	 28.5 	 	 0.2000 	 4.0910 	 0.2769
[2025/10/19 21:24:14] - ==> Building model..
[2025/10/19 21:24:36] - Test Loss 	 Test Acc 	 PGD Loss 	 PGD Acc
[2025/10/19 21:24:36] - 2.5616 	 	 0.5142 	 2.8638 	 0.2787
[2025/10/19 21:25:29] - 56 	 28.9 	 	 0.2000 	 4.0921 	 0.2757
[2025/10/19 21:25:29] - ==> Building model..
[2025/10/19 21:25:51] - Test Loss 	 Test Acc 	 PGD Loss 	 PGD Acc
[2025/10/19 21:25:51] - 2.5631 	 	 0.5146 	 2.8652 	 0.2792
[2025/10/19 21:26:44] - 57 	 28.4 	 	 0.2000 	 4.0905 	 0.2766
[2025/10/19 21:26:44] - ==> Building model..
[2025/10/19 21:27:07] - Test Loss 	 Test Acc 	 PGD Loss 	 PGD Acc
[2025/10/19 21:27:07] - 2.5633 	 	 0.5144 	 2.8645 	 0.2788
[2025/10/19 21:28:01] - 58 	 29.1 	 	 0.2000 	 4.0907 	 0.2787
[2025/10/19 21:28:01] - ==> Building model..
[2025/10/19 21:28:24] - Test Loss 	 Test Acc 	 PGD Loss 	 PGD Acc
[2025/10/19 21:28:24] - 2.5629 	 	 0.5158 	 2.8636 	 0.2797
[2025/10/19 21:29:18] - 59 	 28.8 	 	 0.2000 	 4.0919 	 0.2773
[2025/10/19 21:29:18] - ==> Building model..
[2025/10/19 21:29:41] - Test Loss 	 Test Acc 	 PGD Loss 	 PGD Acc
[2025/10/19 21:29:41] - 2.5650 	 	 0.5137 	 2.8648 	 0.2791
[2025/10/19 21:30:36] - 60 	 29.1 	 	 0.2000 	 4.0925 	 0.2788
[2025/10/19 21:30:36] - ==> Building model..
[2025/10/19 21:30:59] - Test Loss 	 Test Acc 	 PGD Loss 	 PGD Acc
[2025/10/19 21:30:59] - 2.5680 	 	 0.5150 	 2.8668 	 0.2800
[2025/10/19 21:31:52] - 61 	 29.1 	 	 0.2000 	 4.0936 	 0.2756
[2025/10/19 21:31:52] - ==> Building model..
[2025/10/19 21:32:15] - Test Loss 	 Test Acc 	 PGD Loss 	 PGD Acc
[2025/10/19 21:32:15] - 2.5713 	 	 0.5149 	 2.8694 	 0.2805
[2025/10/19 21:33:08] - 62 	 28.4 	 	 0.2000 	 4.0934 	 0.2789
[2025/10/19 21:33:08] - ==> Building model..
[2025/10/19 21:33:31] - Test Loss 	 Test Acc 	 PGD Loss 	 PGD Acc
[2025/10/19 21:33:31] - 2.5740 	 	 0.5158 	 2.8710 	 0.2801
[2025/10/19 21:34:24] - 63 	 28.6 	 	 0.2000 	 4.0945 	 0.2773
[2025/10/19 21:34:24] - ==> Building model..
[2025/10/19 21:34:47] - Test Loss 	 Test Acc 	 PGD Loss 	 PGD Acc
[2025/10/19 21:34:47] - 2.5776 	 	 0.5155 	 2.8738 	 0.2798
[2025/10/19 21:35:39] - 64 	 28.4 	 	 0.2000 	 4.0933 	 0.2778
[2025/10/19 21:35:39] - ==> Building model..
[2025/10/19 21:36:03] - Test Loss 	 Test Acc 	 PGD Loss 	 PGD Acc
[2025/10/19 21:36:03] - 2.5801 	 	 0.5165 	 2.8757 	 0.2814
[2025/10/19 21:36:56] - 65 	 28.6 	 	 0.2000 	 4.0941 	 0.2753
[2025/10/19 21:36:56] - ==> Building model..
[2025/10/19 21:37:20] - Test Loss 	 Test Acc 	 PGD Loss 	 PGD Acc
[2025/10/19 21:37:20] - 2.5855 	 	 0.5158 	 2.8797 	 0.2812
[2025/10/19 21:38:14] - 66 	 29.7 	 	 0.2000 	 4.0917 	 0.2778
[2025/10/19 21:38:14] - ==> Building model..
[2025/10/19 21:38:37] - Test Loss 	 Test Acc 	 PGD Loss 	 PGD Acc
[2025/10/19 21:38:37] - 2.5859 	 	 0.5158 	 2.8792 	 0.2810
[2025/10/19 21:39:31] - 67 	 29.2 	 	 0.2000 	 4.0926 	 0.2757
[2025/10/19 21:39:31] - ==> Building model..
[2025/10/19 21:39:55] - Test Loss 	 Test Acc 	 PGD Loss 	 PGD Acc
[2025/10/19 21:39:55] - 2.5883 	 	 0.5148 	 2.8808 	 0.2812
[2025/10/19 21:40:49] - 68 	 29.1 	 	 0.2000 	 4.0901 	 0.2804
[2025/10/19 21:40:49] - ==> Building model..
[2025/10/19 21:41:12] - Test Loss 	 Test Acc 	 PGD Loss 	 PGD Acc
[2025/10/19 21:41:12] - 2.5891 	 	 0.5157 	 2.8812 	 0.2802
[2025/10/19 21:42:07] - 69 	 29.3 	 	 0.2000 	 4.0937 	 0.2762
[2025/10/19 21:42:07] - ==> Building model..
[2025/10/19 21:42:30] - Test Loss 	 Test Acc 	 PGD Loss 	 PGD Acc
[2025/10/19 21:42:30] - 2.5901 	 	 0.5147 	 2.8812 	 0.2801
[2025/10/19 21:43:25] - 70 	 29.2 	 	 0.2000 	 4.0905 	 0.2808
[2025/10/19 21:43:25] - ==> Building model..
[2025/10/19 21:43:48] - Test Loss 	 Test Acc 	 PGD Loss 	 PGD Acc
[2025/10/19 21:43:48] - 2.5904 	 	 0.5142 	 2.8818 	 0.2801
[2025/10/19 21:44:42] - 71 	 29.1 	 	 0.2000 	 4.0935 	 0.2791
[2025/10/19 21:44:42] - ==> Building model..
[2025/10/19 21:45:05] - Test Loss 	 Test Acc 	 PGD Loss 	 PGD Acc
[2025/10/19 21:45:05] - 2.5912 	 	 0.5144 	 2.8818 	 0.2802
[2025/10/19 21:45:58] - 72 	 28.4 	 	 0.2000 	 4.0920 	 0.2761
[2025/10/19 21:45:58] - ==> Building model..
[2025/10/19 21:46:21] - Test Loss 	 Test Acc 	 PGD Loss 	 PGD Acc
[2025/10/19 21:46:21] - 2.5936 	 	 0.5143 	 2.8838 	 0.2797
[2025/10/19 21:47:14] - 73 	 28.4 	 	 0.2000 	 4.0924 	 0.2800
[2025/10/19 21:47:14] - ==> Building model..
[2025/10/19 21:47:37] - Test Loss 	 Test Acc 	 PGD Loss 	 PGD Acc
[2025/10/19 21:47:37] - 2.5930 	 	 0.5134 	 2.8831 	 0.2802
[2025/10/19 21:48:32] - 74 	 29.2 	 	 0.2000 	 4.0916 	 0.2787
[2025/10/19 21:48:32] - ==> Building model..
[2025/10/19 21:48:57] - Test Loss 	 Test Acc 	 PGD Loss 	 PGD Acc
[2025/10/19 21:48:57] - 2.5938 	 	 0.5138 	 2.8836 	 0.2805
[2025/10/19 21:49:50] - 75 	 28.5 	 	 0.2000 	 4.0891 	 0.2791
[2025/10/19 21:49:50] - ==> Building model..
[2025/10/19 21:50:14] - Test Loss 	 Test Acc 	 PGD Loss 	 PGD Acc
[2025/10/19 21:50:14] - 2.5921 	 	 0.5131 	 2.8822 	 0.2802
[2025/10/19 21:51:08] - 76 	 27.9 	 	 0.2000 	 4.0926 	 0.2797
[2025/10/19 21:51:08] - ==> Building model..
[2025/10/19 21:51:33] - Test Loss 	 Test Acc 	 PGD Loss 	 PGD Acc
[2025/10/19 21:51:33] - 2.5938 	 	 0.5136 	 2.8836 	 0.2813
[2025/10/19 21:52:26] - 77 	 27.6 	 	 0.2000 	 4.0900 	 0.2807
[2025/10/19 21:52:26] - ==> Building model..
[2025/10/19 21:52:51] - Test Loss 	 Test Acc 	 PGD Loss 	 PGD Acc
[2025/10/19 21:52:51] - 2.5934 	 	 0.5123 	 2.8827 	 0.2805
[2025/10/19 21:53:44] - 78 	 28.0 	 	 0.2000 	 4.0901 	 0.2801
[2025/10/19 21:53:44] - ==> Building model..
[2025/10/19 21:54:10] - Test Loss 	 Test Acc 	 PGD Loss 	 PGD Acc
[2025/10/19 21:54:10] - 2.5933 	 	 0.5135 	 2.8831 	 0.2816
[2025/10/19 21:55:02] - 79 	 27.2 	 	 0.2000 	 4.0891 	 0.2802
[2025/10/19 21:55:02] - ==> Building model..
[2025/10/19 21:55:28] - Test Loss 	 Test Acc 	 PGD Loss 	 PGD Acc
[2025/10/19 21:55:28] - 2.5936 	 	 0.5137 	 2.8826 	 0.2808
[2025/10/19 21:56:22] - 80 	 27.6 	 	 0.2000 	 4.0913 	 0.2775
[2025/10/19 21:56:22] - ==> Building model..
[2025/10/19 21:56:47] - Test Loss 	 Test Acc 	 PGD Loss 	 PGD Acc
[2025/10/19 21:56:47] - 2.5956 	 	 0.5130 	 2.8843 	 0.2818
[2025/10/19 21:57:40] - 81 	 27.6 	 	 0.2000 	 4.0916 	 0.2782
[2025/10/19 21:57:40] - ==> Building model..
[2025/10/19 21:58:05] - Test Loss 	 Test Acc 	 PGD Loss 	 PGD Acc
[2025/10/19 21:58:05] - 2.5965 	 	 0.5114 	 2.8837 	 0.2801
[2025/10/19 21:58:57] - 82 	 26.6 	 	 0.2000 	 4.0894 	 0.2811
[2025/10/19 21:58:57] - ==> Building model..
[2025/10/19 21:59:24] - Test Loss 	 Test Acc 	 PGD Loss 	 PGD Acc
[2025/10/19 21:59:24] - 2.5947 	 	 0.5126 	 2.8827 	 0.2809
[2025/10/19 22:00:18] - 83 	 27.0 	 	 0.2000 	 4.0903 	 0.2795
[2025/10/19 22:00:18] - ==> Building model..
[2025/10/19 22:00:44] - Test Loss 	 Test Acc 	 PGD Loss 	 PGD Acc
[2025/10/19 22:00:44] - 2.5954 	 	 0.5128 	 2.8835 	 0.2817
[2025/10/19 22:01:38] - 84 	 26.6 	 	 0.2000 	 4.0918 	 0.2776
[2025/10/19 22:01:38] - ==> Building model..
[2025/10/19 22:02:05] - Test Loss 	 Test Acc 	 PGD Loss 	 PGD Acc
[2025/10/19 22:02:05] - 2.5985 	 	 0.5126 	 2.8858 	 0.2817
[2025/10/19 22:02:58] - 85 	 27.2 	 	 0.2000 	 4.0914 	 0.2776
[2025/10/19 22:02:58] - ==> Building model..
[2025/10/19 22:03:25] - Test Loss 	 Test Acc 	 PGD Loss 	 PGD Acc
[2025/10/19 22:03:25] - 2.5994 	 	 0.5133 	 2.8862 	 0.2823
[2025/10/19 22:04:19] - 86 	 27.5 	 	 0.2000 	 4.0901 	 0.2808
[2025/10/19 22:04:19] - ==> Building model..
[2025/10/19 22:04:45] - Test Loss 	 Test Acc 	 PGD Loss 	 PGD Acc
[2025/10/19 22:04:45] - 2.6002 	 	 0.5129 	 2.8871 	 0.2826
[2025/10/19 22:05:38] - 87 	 28.0 	 	 0.2000 	 4.0895 	 0.2804
[2025/10/19 22:05:38] - ==> Building model..
[2025/10/19 22:06:04] - Test Loss 	 Test Acc 	 PGD Loss 	 PGD Acc
[2025/10/19 22:06:04] - 2.5995 	 	 0.5133 	 2.8859 	 0.2832
[2025/10/19 22:06:56] - 88 	 27.5 	 	 0.2000 	 4.0906 	 0.2780
[2025/10/19 22:06:56] - ==> Building model..
[2025/10/19 22:07:21] - Test Loss 	 Test Acc 	 PGD Loss 	 PGD Acc
[2025/10/19 22:07:21] - 2.6003 	 	 0.5142 	 2.8870 	 0.2837
[2025/10/19 22:08:14] - 89 	 27.7 	 	 0.2000 	 4.0902 	 0.2778
[2025/10/19 22:08:14] - ==> Building model..
[2025/10/19 22:08:39] - Test Loss 	 Test Acc 	 PGD Loss 	 PGD Acc
[2025/10/19 22:08:39] - 2.6013 	 	 0.5142 	 2.8872 	 0.2826
[2025/10/19 22:09:33] - 90 	 28.6 	 	 0.2000 	 4.0907 	 0.2786
[2025/10/19 22:09:33] - ==> Building model..
[2025/10/19 22:09:58] - Test Loss 	 Test Acc 	 PGD Loss 	 PGD Acc
[2025/10/19 22:09:58] - 2.6012 	 	 0.5138 	 2.8875 	 0.2830
[2025/10/19 22:10:51] - 91 	 28.2 	 	 0.2000 	 4.0896 	 0.2809
[2025/10/19 22:10:51] - ==> Building model..
[2025/10/19 22:11:17] - Test Loss 	 Test Acc 	 PGD Loss 	 PGD Acc
[2025/10/19 22:11:17] - 2.6029 	 	 0.5133 	 2.8889 	 0.2839
[2025/10/19 22:12:09] - 92 	 28.3 	 	 0.2000 	 4.0903 	 0.2779
[2025/10/19 22:12:09] - ==> Building model..
[2025/10/19 22:12:34] - Test Loss 	 Test Acc 	 PGD Loss 	 PGD Acc
[2025/10/19 22:12:34] - 2.6032 	 	 0.5129 	 2.8886 	 0.2841
[2025/10/19 22:13:27] - 93 	 28.4 	 	 0.2000 	 4.0912 	 0.2803
[2025/10/19 22:13:27] - ==> Building model..
[2025/10/19 22:13:51] - Test Loss 	 Test Acc 	 PGD Loss 	 PGD Acc
[2025/10/19 22:13:51] - 2.6039 	 	 0.5130 	 2.8887 	 0.2836
[2025/10/19 22:14:42] - 94 	 26.7 	 	 0.0200 	 3.9965 	 0.3404
[2025/10/19 22:14:42] - ==> Building model..
[2025/10/19 22:15:07] - Test Loss 	 Test Acc 	 PGD Loss 	 PGD Acc
[2025/10/19 22:15:07] - 2.6017 	 	 0.5132 	 2.8877 	 0.2837
[2025/10/19 22:16:00] - 95 	 28.2 	 	 0.0200 	 3.9028 	 0.4050
[2025/10/19 22:16:00] - ==> Building model..
[2025/10/19 22:16:24] - Test Loss 	 Test Acc 	 PGD Loss 	 PGD Acc
[2025/10/19 22:16:24] - 2.6002 	 	 0.5140 	 2.8871 	 0.2834
[2025/10/19 22:17:16] - 96 	 27.7 	 	 0.0200 	 3.8769 	 0.4209
[2025/10/19 22:17:16] - ==> Building model..
[2025/10/19 22:17:40] - Test Loss 	 Test Acc 	 PGD Loss 	 PGD Acc
[2025/10/19 22:17:40] - 2.5998 	 	 0.5143 	 2.8862 	 0.2839
[2025/10/19 22:18:31] - 97 	 27.0 	 	 0.0200 	 3.8597 	 0.4289
[2025/10/19 22:18:31] - ==> Building model..
[2025/10/19 22:18:56] - Test Loss 	 Test Acc 	 PGD Loss 	 PGD Acc
[2025/10/19 22:18:56] - 2.6003 	 	 0.5141 	 2.8869 	 0.2836
[2025/10/19 22:19:48] - 98 	 27.4 	 	 0.0200 	 3.8461 	 0.4420
[2025/10/19 22:19:48] - ==> Building model..
[2025/10/19 22:20:13] - Test Loss 	 Test Acc 	 PGD Loss 	 PGD Acc
[2025/10/19 22:20:13] - 2.6026 	 	 0.5143 	 2.8890 	 0.2846
[2025/10/19 22:21:05] - 99 	 28.8 	 	 0.0020 	 3.8143 	 0.4667
[2025/10/19 22:21:05] - ==> Building model..
[2025/10/19 22:21:30] - Test Loss 	 Test Acc 	 PGD Loss 	 PGD Acc
[2025/10/19 22:21:30] - 2.6030 	 	 0.5142 	 2.8891 	 0.2835
[2025/10/19 22:22:20] - 100 	 26.9 	 	 0.0020 	 3.7862 	 0.4888
[2025/10/19 22:22:20] - ==> Building model..
[2025/10/19 22:22:44] - Test Loss 	 Test Acc 	 PGD Loss 	 PGD Acc
[2025/10/19 22:22:44] - 2.6030 	 	 0.5142 	 2.8893 	 0.2835
[2025/10/19 22:23:37] - 101 	 28.2 	 	 0.0020 	 3.7803 	 0.4929
[2025/10/19 22:23:37] - ==> Building model..
[2025/10/19 22:24:01] - Test Loss 	 Test Acc 	 PGD Loss 	 PGD Acc
[2025/10/19 22:24:01] - 2.6035 	 	 0.5143 	 2.8893 	 0.2835
[2025/10/19 22:24:54] - 102 	 27.9 	 	 0.0020 	 3.7743 	 0.4987
[2025/10/19 22:24:54] - ==> Building model..
[2025/10/19 22:25:18] - Test Loss 	 Test Acc 	 PGD Loss 	 PGD Acc
[2025/10/19 22:25:18] - 2.6046 	 	 0.5141 	 2.8900 	 0.2838
[2025/10/19 22:26:11] - 103 	 28.0 	 	 0.0020 	 3.7703 	 0.5014
[2025/10/19 22:26:11] - ==> Building model..
[2025/10/19 22:26:34] - Test Loss 	 Test Acc 	 PGD Loss 	 PGD Acc
[2025/10/19 22:26:34] - 2.6051 	 	 0.5143 	 2.8914 	 0.2839
[2025/10/19 22:27:29] - 104 	 29.1 	 	 0.0020 	 3.7655 	 0.5055
[2025/10/19 22:27:29] - ==> Building model..
[2025/10/19 22:27:53] - Test Loss 	 Test Acc 	 PGD Loss 	 PGD Acc
[2025/10/19 22:27:53] - 2.6051 	 	 0.5143 	 2.8908 	 0.2846
[2025/10/19 22:28:46] - 105 	 28.3 	 	 0.0020 	 3.7620 	 0.5080
[2025/10/19 22:28:46] - ==> Building model..
[2025/10/19 22:29:10] - Test Loss 	 Test Acc 	 PGD Loss 	 PGD Acc
[2025/10/19 22:29:10] - 2.6051 	 	 0.5143 	 2.8905 	 0.2842
[2025/10/19 22:30:02] - 106 	 28.7 	 	 0.0020 	 3.7578 	 0.5113
[2025/10/19 22:30:02] - ==> Building model..
[2025/10/19 22:30:27] - Test Loss 	 Test Acc 	 PGD Loss 	 PGD Acc
[2025/10/19 22:30:27] - 2.6051 	 	 0.5143 	 2.8910 	 0.2839
[2025/10/19 22:31:20] - 107 	 28.4 	 	 0.0020 	 3.7536 	 0.5149
[2025/10/19 22:31:20] - ==> Building model..
[2025/10/19 22:31:43] - Test Loss 	 Test Acc 	 PGD Loss 	 PGD Acc
[2025/10/19 22:31:43] - 2.6051 	 	 0.5143 	 2.8905 	 0.2841
[2025/10/19 22:32:35] - 108 	 27.9 	 	 0.0020 	 3.7498 	 0.5179
[2025/10/19 22:32:35] - ==> Building model..
[2025/10/19 22:32:55] - Test Loss 	 Test Acc 	 PGD Loss 	 PGD Acc
[2025/10/19 22:32:55] - 2.6051 	 	 0.5143 	 2.8904 	 0.2848
[2025/10/19 22:33:50] - 109 	 26.1 	 	 0.0020 	 3.7459 	 0.5229
[2025/10/19 22:33:50] - ==> Building model..
[2025/10/19 22:34:16] - Test Loss 	 Test Acc 	 PGD Loss 	 PGD Acc
[2025/10/19 22:34:16] - 2.6051 	 	 0.5143 	 2.8908 	 0.2834
[2025/10/19 22:34:16] - [0.0847, 0.1257, 0.1655, 0.221, 0.2711, 0.3123, 0.3508, 0.3803, 0.4026, 0.4109, 0.4302, 0.4396, 0.4459, 0.4518, 0.4598, 0.4642, 0.4712, 0.474, 0.4782, 0.4808, 0.4845, 0.4854, 0.4874, 0.4893, 0.4942, 0.496, 0.4973, 0.5002, 0.5003, 0.4998, 0.5005, 0.5007, 0.5019, 0.5021, 0.505, 0.5062, 0.5066, 0.5072, 0.5069, 0.5058, 0.5068, 0.5073, 0.5078, 0.5094, 0.5085, 0.5081, 0.5087, 0.5124, 0.513, 0.5136, 0.5124, 0.5129, 0.5138, 0.5139, 0.5138, 0.5142, 0.5146, 0.5144, 0.5158, 0.5137, 0.515, 0.5149, 0.5158, 0.5155, 0.5165, 0.5158, 0.5158, 0.5148, 0.5157, 0.5147, 0.5142, 0.5144, 0.5143, 0.5134, 0.5138, 0.5131, 0.5136, 0.5123, 0.5135, 0.5137, 0.513, 0.5114, 0.5126, 0.5128, 0.5126, 0.5133, 0.5129, 0.5133, 0.5142, 0.5142, 0.5138, 0.5133, 0.5129, 0.513, 0.5132, 0.514, 0.5143, 0.5141, 0.5143, 0.5142, 0.5142, 0.5143, 0.5141, 0.5143, 0.5143, 0.5143, 0.5143, 0.5143, 0.5143, 0.5143]
[2025/10/19 22:34:16] - [0.057, 0.0819, 0.1046, 0.1307, 0.1574, 0.1783, 0.195, 0.206, 0.2173, 0.2248, 0.2314, 0.2344, 0.2395, 0.2421, 0.2465, 0.2485, 0.2508, 0.2543, 0.255, 0.2556, 0.2575, 0.2579, 0.2585, 0.2623, 0.2639, 0.266, 0.2674, 0.2673, 0.2674, 0.2693, 0.2691, 0.2703, 0.2702, 0.2735, 0.2739, 0.2726, 0.2743, 0.2754, 0.2751, 0.2756, 0.2751, 0.2754, 0.2756, 0.2765, 0.2773, 0.2772, 0.2784, 0.2789, 0.2784, 0.2785, 0.279, 0.2782, 0.2784, 0.2776, 0.2781, 0.2787, 0.2792, 0.2788, 0.2797, 0.2791, 0.28, 0.2805, 0.2801, 0.2798, 0.2814, 0.2812, 0.281, 0.2812, 0.2802, 0.2801, 0.2801, 0.2802, 0.2797, 0.2802, 0.2805, 0.2802, 0.2813, 0.2805, 0.2816, 0.2808, 0.2818, 0.2801, 0.2809, 0.2817, 0.2817, 0.2823, 0.2826, 0.2832, 0.2837, 0.2826, 0.283, 0.2839, 0.2841, 0.2836, 0.2837, 0.2834, 0.2839, 0.2836, 0.2846, 0.2835, 0.2835, 0.2835, 0.2838, 0.2839, 0.2846, 0.2842, 0.2839, 0.2841, 0.2848, 0.2834]
