[2025/10/14 04:53:08] - Namespace(batch_size=128, data_dir='cifar-data', epochs=100, lr_schedule='multistep', lr_min=0.0, lr_max=0.2, weight_decay=0.0005, momentum=0.9, model='ResNet18', epsilon=8, alpha=8, delta_init='random', normal_mean=0, normal_std=1, out_dir='./output/CIFAR100/lamda_36_lamscale_0.15_run3', seed=0, lamda=36.0, lam_scale=0.15, lam_start=50, gamma=0.05, inner_gamma=0.05, beta=0.2, mu=3.5, batch_m=0.75, early_stop=False, factor=0.5, length=4, n_holes=1, c_num=0.125, EMA_value=0.55)
[2025/10/14 04:53:10] - ==> Building model..
[2025/10/14 04:53:10] - Epoch 	 Seconds 	 LR 	 	 Train Loss 	 Train Acc
[2025/10/14 04:53:56] - 0 	 19.9 	 	 0.2000 	 4.5695 	 0.0392
[2025/10/14 04:53:56] - ==> Building model..
[2025/10/14 04:54:12] - Test Loss 	 Test Acc 	 PGD Loss 	 PGD Acc
[2025/10/14 04:54:12] - 4.2061 	 	 0.0882 	 4.2207 	 0.0599
[2025/10/14 04:54:55] - 1 	 19.1 	 	 0.2000 	 4.4526 	 0.0825
[2025/10/14 04:54:55] - ==> Building model..
[2025/10/14 04:55:12] - Test Loss 	 Test Acc 	 PGD Loss 	 PGD Acc
[2025/10/14 04:55:12] - 3.9621 	 	 0.1556 	 3.9968 	 0.0991
[2025/10/14 04:55:58] - 2 	 19.6 	 	 0.2000 	 4.3989 	 0.1080
[2025/10/14 04:55:58] - ==> Building model..
[2025/10/14 04:56:15] - Test Loss 	 Test Acc 	 PGD Loss 	 PGD Acc
[2025/10/14 04:56:15] - 3.8541 	 	 0.1971 	 3.9064 	 0.1228
[2025/10/14 04:56:58] - 3 	 18.4 	 	 0.2000 	 4.3516 	 0.1308
[2025/10/14 04:56:58] - ==> Building model..
[2025/10/14 04:57:14] - Test Loss 	 Test Acc 	 PGD Loss 	 PGD Acc
[2025/10/14 04:57:14] - 3.6834 	 	 0.2490 	 3.7607 	 0.1443
[2025/10/14 04:57:55] - 4 	 18.2 	 	 0.2000 	 4.3059 	 0.1542
[2025/10/14 04:57:55] - ==> Building model..
[2025/10/14 04:58:11] - Test Loss 	 Test Acc 	 PGD Loss 	 PGD Acc
[2025/10/14 04:58:11] - 3.5446 	 	 0.2842 	 3.6447 	 0.1673
[2025/10/14 04:58:55] - 5 	 18.5 	 	 0.2000 	 4.2703 	 0.1729
[2025/10/14 04:58:55] - ==> Building model..
[2025/10/14 04:59:12] - Test Loss 	 Test Acc 	 PGD Loss 	 PGD Acc
[2025/10/14 04:59:12] - 3.3909 	 	 0.3139 	 3.5142 	 0.1783
[2025/10/14 04:59:56] - 6 	 18.7 	 	 0.2000 	 4.2396 	 0.1888
[2025/10/14 04:59:56] - ==> Building model..
[2025/10/14 05:00:12] - Test Loss 	 Test Acc 	 PGD Loss 	 PGD Acc
[2025/10/14 05:00:12] - 3.1979 	 	 0.3484 	 3.3524 	 0.1917
[2025/10/14 05:00:57] - 7 	 19.0 	 	 0.2000 	 4.2188 	 0.2004
[2025/10/14 05:00:57] - ==> Building model..
[2025/10/14 05:01:14] - Test Loss 	 Test Acc 	 PGD Loss 	 PGD Acc
[2025/10/14 05:01:14] - 3.0562 	 	 0.3812 	 3.2379 	 0.2086
[2025/10/14 05:01:59] - 8 	 19.2 	 	 0.2000 	 4.2007 	 0.2091
[2025/10/14 05:01:59] - ==> Building model..
[2025/10/14 05:02:16] - Test Loss 	 Test Acc 	 PGD Loss 	 PGD Acc
[2025/10/14 05:02:16] - 2.9566 	 	 0.4026 	 3.1593 	 0.2196
[2025/10/14 05:03:01] - 9 	 19.2 	 	 0.2000 	 4.1851 	 0.2192
[2025/10/14 05:03:01] - ==> Building model..
[2025/10/14 05:03:17] - Test Loss 	 Test Acc 	 PGD Loss 	 PGD Acc
[2025/10/14 05:03:17] - 2.8980 	 	 0.4163 	 3.1138 	 0.2246
[2025/10/14 05:04:01] - 10 	 18.8 	 	 0.2000 	 4.1735 	 0.2253
[2025/10/14 05:04:01] - ==> Building model..
[2025/10/14 05:04:18] - Test Loss 	 Test Acc 	 PGD Loss 	 PGD Acc
[2025/10/14 05:04:18] - 2.8487 	 	 0.4314 	 3.0764 	 0.2312
[2025/10/14 05:05:02] - 11 	 19.3 	 	 0.2000 	 4.1648 	 0.2315
[2025/10/14 05:05:02] - ==> Building model..
[2025/10/14 05:05:19] - Test Loss 	 Test Acc 	 PGD Loss 	 PGD Acc
[2025/10/14 05:05:19] - 2.8114 	 	 0.4386 	 3.0474 	 0.2341
[2025/10/14 05:06:03] - 12 	 19.0 	 	 0.2000 	 4.1555 	 0.2371
[2025/10/14 05:06:03] - ==> Building model..
[2025/10/14 05:06:20] - Test Loss 	 Test Acc 	 PGD Loss 	 PGD Acc
[2025/10/14 05:06:20] - 2.7810 	 	 0.4484 	 3.0262 	 0.2379
[2025/10/14 05:07:04] - 13 	 19.0 	 	 0.2000 	 4.1520 	 0.2363
[2025/10/14 05:07:04] - ==> Building model..
[2025/10/14 05:07:20] - Test Loss 	 Test Acc 	 PGD Loss 	 PGD Acc
[2025/10/14 05:07:20] - 2.7481 	 	 0.4546 	 3.0005 	 0.2432
[2025/10/14 05:08:05] - 14 	 18.8 	 	 0.2000 	 4.1462 	 0.2411
[2025/10/14 05:08:05] - ==> Building model..
[2025/10/14 05:08:21] - Test Loss 	 Test Acc 	 PGD Loss 	 PGD Acc
[2025/10/14 05:08:21] - 2.7253 	 	 0.4605 	 2.9843 	 0.2508
[2025/10/14 05:09:04] - 15 	 18.3 	 	 0.2000 	 4.1377 	 0.2463
[2025/10/14 05:09:04] - ==> Building model..
[2025/10/14 05:09:20] - Test Loss 	 Test Acc 	 PGD Loss 	 PGD Acc
[2025/10/14 05:09:20] - 2.7030 	 	 0.4652 	 2.9678 	 0.2513
[2025/10/14 05:10:05] - 16 	 18.5 	 	 0.2000 	 4.1332 	 0.2499
[2025/10/14 05:10:05] - ==> Building model..
[2025/10/14 05:10:21] - Test Loss 	 Test Acc 	 PGD Loss 	 PGD Acc
[2025/10/14 05:10:21] - 2.6867 	 	 0.4706 	 2.9541 	 0.2523
[2025/10/14 05:11:07] - 17 	 18.6 	 	 0.2000 	 4.1326 	 0.2490
[2025/10/14 05:11:07] - ==> Building model..
[2025/10/14 05:11:23] - Test Loss 	 Test Acc 	 PGD Loss 	 PGD Acc
[2025/10/14 05:11:23] - 2.6737 	 	 0.4762 	 2.9450 	 0.2536
[2025/10/14 05:12:08] - 18 	 18.8 	 	 0.2000 	 4.1261 	 0.2523
[2025/10/14 05:12:08] - ==> Building model..
[2025/10/14 05:12:24] - Test Loss 	 Test Acc 	 PGD Loss 	 PGD Acc
[2025/10/14 05:12:24] - 2.6651 	 	 0.4792 	 2.9394 	 0.2559
[2025/10/14 05:13:09] - 19 	 18.9 	 	 0.2000 	 4.1225 	 0.2563
[2025/10/14 05:13:09] - ==> Building model..
[2025/10/14 05:13:25] - Test Loss 	 Test Acc 	 PGD Loss 	 PGD Acc
[2025/10/14 05:13:25] - 2.6530 	 	 0.4806 	 2.9303 	 0.2570
[2025/10/14 05:14:09] - 20 	 18.5 	 	 0.2000 	 4.1213 	 0.2565
[2025/10/14 05:14:09] - ==> Building model..
[2025/10/14 05:14:25] - Test Loss 	 Test Acc 	 PGD Loss 	 PGD Acc
[2025/10/14 05:14:25] - 2.6432 	 	 0.4823 	 2.9225 	 0.2591
[2025/10/14 05:15:11] - 21 	 18.9 	 	 0.2000 	 4.1172 	 0.2588
[2025/10/14 05:15:11] - ==> Building model..
[2025/10/14 05:15:27] - Test Loss 	 Test Acc 	 PGD Loss 	 PGD Acc
[2025/10/14 05:15:27] - 2.6321 	 	 0.4847 	 2.9143 	 0.2600
[2025/10/14 05:16:12] - 22 	 18.8 	 	 0.2000 	 4.1167 	 0.2600
[2025/10/14 05:16:12] - ==> Building model..
[2025/10/14 05:16:28] - Test Loss 	 Test Acc 	 PGD Loss 	 PGD Acc
[2025/10/14 05:16:28] - 2.6264 	 	 0.4846 	 2.9096 	 0.2614
[2025/10/14 05:17:14] - 23 	 19.5 	 	 0.2000 	 4.1148 	 0.2604
[2025/10/14 05:17:14] - ==> Building model..
[2025/10/14 05:17:31] - Test Loss 	 Test Acc 	 PGD Loss 	 PGD Acc
[2025/10/14 05:17:31] - 2.6189 	 	 0.4865 	 2.9039 	 0.2635
[2025/10/14 05:18:16] - 24 	 19.0 	 	 0.2000 	 4.1122 	 0.2618
[2025/10/14 05:18:16] - ==> Building model..
[2025/10/14 05:18:32] - Test Loss 	 Test Acc 	 PGD Loss 	 PGD Acc
[2025/10/14 05:18:32] - 2.6122 	 	 0.4875 	 2.8988 	 0.2661
[2025/10/14 05:19:18] - 25 	 19.2 	 	 0.2000 	 4.1101 	 0.2646
[2025/10/14 05:19:18] - ==> Building model..
[2025/10/14 05:19:35] - Test Loss 	 Test Acc 	 PGD Loss 	 PGD Acc
[2025/10/14 05:19:35] - 2.6020 	 	 0.4913 	 2.8916 	 0.2669
[2025/10/14 05:20:19] - 26 	 18.7 	 	 0.2000 	 4.1065 	 0.2653
[2025/10/14 05:20:19] - ==> Building model..
[2025/10/14 05:20:36] - Test Loss 	 Test Acc 	 PGD Loss 	 PGD Acc
[2025/10/14 05:20:36] - 2.5917 	 	 0.4950 	 2.8832 	 0.2679
[2025/10/14 05:21:19] - 27 	 18.3 	 	 0.2000 	 4.1056 	 0.2653
[2025/10/14 05:21:19] - ==> Building model..
[2025/10/14 05:21:35] - Test Loss 	 Test Acc 	 PGD Loss 	 PGD Acc
[2025/10/14 05:21:35] - 2.5863 	 	 0.4981 	 2.8795 	 0.2699
[2025/10/14 05:22:19] - 28 	 18.4 	 	 0.2000 	 4.1032 	 0.2669
[2025/10/14 05:22:19] - ==> Building model..
[2025/10/14 05:22:37] - Test Loss 	 Test Acc 	 PGD Loss 	 PGD Acc
[2025/10/14 05:22:37] - 2.5833 	 	 0.5006 	 2.8768 	 0.2689
[2025/10/14 05:23:22] - 29 	 19.3 	 	 0.2000 	 4.1039 	 0.2662
[2025/10/14 05:23:22] - ==> Building model..
[2025/10/14 05:23:38] - Test Loss 	 Test Acc 	 PGD Loss 	 PGD Acc
[2025/10/14 05:23:38] - 2.5772 	 	 0.5001 	 2.8725 	 0.2691
[2025/10/14 05:24:18] - 30 	 17.5 	 	 0.2000 	 4.1034 	 0.2669
[2025/10/14 05:24:18] - ==> Building model..
[2025/10/14 05:24:34] - Test Loss 	 Test Acc 	 PGD Loss 	 PGD Acc
[2025/10/14 05:24:34] - 2.5755 	 	 0.5011 	 2.8714 	 0.2687
[2025/10/14 05:25:18] - 31 	 18.6 	 	 0.2000 	 4.1000 	 0.2679
[2025/10/14 05:25:18] - ==> Building model..
[2025/10/14 05:25:34] - Test Loss 	 Test Acc 	 PGD Loss 	 PGD Acc
[2025/10/14 05:25:34] - 2.5705 	 	 0.5044 	 2.8681 	 0.2711
[2025/10/14 05:26:19] - 32 	 19.4 	 	 0.2000 	 4.0994 	 0.2690
[2025/10/14 05:26:19] - ==> Building model..
[2025/10/14 05:26:36] - Test Loss 	 Test Acc 	 PGD Loss 	 PGD Acc
[2025/10/14 05:26:36] - 2.5658 	 	 0.5055 	 2.8649 	 0.2721
[2025/10/14 05:27:21] - 33 	 18.7 	 	 0.2000 	 4.0987 	 0.2702
[2025/10/14 05:27:21] - ==> Building model..
[2025/10/14 05:27:37] - Test Loss 	 Test Acc 	 PGD Loss 	 PGD Acc
[2025/10/14 05:27:37] - 2.5590 	 	 0.5052 	 2.8587 	 0.2731
[2025/10/14 05:28:22] - 34 	 19.3 	 	 0.2000 	 4.0987 	 0.2689
[2025/10/14 05:28:22] - ==> Building model..
[2025/10/14 05:28:39] - Test Loss 	 Test Acc 	 PGD Loss 	 PGD Acc
[2025/10/14 05:28:39] - 2.5552 	 	 0.5074 	 2.8554 	 0.2740
[2025/10/14 05:29:27] - 35 	 19.8 	 	 0.2000 	 4.0954 	 0.2722
[2025/10/14 05:29:27] - ==> Building model..
[2025/10/14 05:29:43] - Test Loss 	 Test Acc 	 PGD Loss 	 PGD Acc
[2025/10/14 05:29:43] - 2.5506 	 	 0.5078 	 2.8522 	 0.2741
[2025/10/14 05:30:28] - 36 	 19.5 	 	 0.2000 	 4.0951 	 0.2717
[2025/10/14 05:30:28] - ==> Building model..
[2025/10/14 05:30:44] - Test Loss 	 Test Acc 	 PGD Loss 	 PGD Acc
[2025/10/14 05:30:44] - 2.5509 	 	 0.5074 	 2.8529 	 0.2745
[2025/10/14 05:31:30] - 37 	 19.3 	 	 0.2000 	 4.0956 	 0.2711
[2025/10/14 05:31:30] - ==> Building model..
[2025/10/14 05:31:46] - Test Loss 	 Test Acc 	 PGD Loss 	 PGD Acc
[2025/10/14 05:31:46] - 2.5475 	 	 0.5095 	 2.8501 	 0.2748
[2025/10/14 05:32:32] - 38 	 19.0 	 	 0.2000 	 4.0925 	 0.2724
[2025/10/14 05:32:32] - ==> Building model..
[2025/10/14 05:32:48] - Test Loss 	 Test Acc 	 PGD Loss 	 PGD Acc
[2025/10/14 05:32:48] - 2.5458 	 	 0.5095 	 2.8485 	 0.2749
[2025/10/14 05:33:32] - 39 	 19.1 	 	 0.2000 	 4.0937 	 0.2715
[2025/10/14 05:33:32] - ==> Building model..
[2025/10/14 05:33:49] - Test Loss 	 Test Acc 	 PGD Loss 	 PGD Acc
[2025/10/14 05:33:49] - 2.5424 	 	 0.5105 	 2.8466 	 0.2759
[2025/10/14 05:34:35] - 40 	 18.9 	 	 0.2000 	 4.0919 	 0.2755
[2025/10/14 05:34:35] - ==> Building model..
[2025/10/14 05:34:51] - Test Loss 	 Test Acc 	 PGD Loss 	 PGD Acc
[2025/10/14 05:34:51] - 2.5396 	 	 0.5099 	 2.8444 	 0.2744
[2025/10/14 05:35:35] - 41 	 18.5 	 	 0.2000 	 4.0940 	 0.2718
[2025/10/14 05:35:35] - ==> Building model..
[2025/10/14 05:35:51] - Test Loss 	 Test Acc 	 PGD Loss 	 PGD Acc
[2025/10/14 05:35:51] - 2.5379 	 	 0.5121 	 2.8430 	 0.2744
[2025/10/14 05:36:35] - 42 	 18.7 	 	 0.2000 	 4.0930 	 0.2707
[2025/10/14 05:36:35] - ==> Building model..
[2025/10/14 05:36:52] - Test Loss 	 Test Acc 	 PGD Loss 	 PGD Acc
[2025/10/14 05:36:52] - 2.5349 	 	 0.5142 	 2.8408 	 0.2757
[2025/10/14 05:37:37] - 43 	 18.8 	 	 0.2000 	 4.0912 	 0.2722
[2025/10/14 05:37:37] - ==> Building model..
[2025/10/14 05:37:53] - Test Loss 	 Test Acc 	 PGD Loss 	 PGD Acc
[2025/10/14 05:37:53] - 2.5308 	 	 0.5157 	 2.8384 	 0.2765
[2025/10/14 05:38:38] - 44 	 18.5 	 	 0.2000 	 4.0918 	 0.2747
[2025/10/14 05:38:38] - ==> Building model..
[2025/10/14 05:38:55] - Test Loss 	 Test Acc 	 PGD Loss 	 PGD Acc
[2025/10/14 05:38:55] - 2.5296 	 	 0.5168 	 2.8376 	 0.2776
[2025/10/14 05:39:38] - 45 	 18.1 	 	 0.2000 	 4.0886 	 0.2772
[2025/10/14 05:39:38] - ==> Building model..
[2025/10/14 05:39:55] - Test Loss 	 Test Acc 	 PGD Loss 	 PGD Acc
[2025/10/14 05:39:55] - 2.5306 	 	 0.5162 	 2.8377 	 0.2787
[2025/10/14 05:40:39] - 46 	 19.3 	 	 0.2000 	 4.0884 	 0.2749
[2025/10/14 05:40:39] - ==> Building model..
[2025/10/14 05:40:55] - Test Loss 	 Test Acc 	 PGD Loss 	 PGD Acc
[2025/10/14 05:40:55] - 2.5298 	 	 0.5164 	 2.8377 	 0.2788
[2025/10/14 05:41:39] - 47 	 19.2 	 	 0.2000 	 4.0889 	 0.2762
[2025/10/14 05:41:39] - ==> Building model..
[2025/10/14 05:41:55] - Test Loss 	 Test Acc 	 PGD Loss 	 PGD Acc
[2025/10/14 05:41:55] - 2.5280 	 	 0.5169 	 2.8370 	 0.2774
[2025/10/14 05:42:42] - 48 	 19.9 	 	 0.2000 	 4.0859 	 0.2772
[2025/10/14 05:42:42] - ==> Building model..
[2025/10/14 05:42:59] - Test Loss 	 Test Acc 	 PGD Loss 	 PGD Acc
[2025/10/14 05:42:59] - 2.5263 	 	 0.5166 	 2.8357 	 0.2802
[2025/10/14 05:43:45] - 49 	 19.1 	 	 0.2000 	 4.0854 	 0.2790
[2025/10/14 05:43:45] - ==> Building model..
[2025/10/14 05:44:02] - Test Loss 	 Test Acc 	 PGD Loss 	 PGD Acc
[2025/10/14 05:44:02] - 2.5285 	 	 0.5174 	 2.8370 	 0.2807
[2025/10/14 05:44:47] - 50 	 19.3 	 	 0.2000 	 4.0869 	 0.2767
[2025/10/14 05:44:47] - ==> Building model..
[2025/10/14 05:45:03] - Test Loss 	 Test Acc 	 PGD Loss 	 PGD Acc
[2025/10/14 05:45:03] - 2.5312 	 	 0.5169 	 2.8395 	 0.2805
[2025/10/14 05:45:48] - 51 	 19.3 	 	 0.2000 	 4.0874 	 0.2779
[2025/10/14 05:45:48] - ==> Building model..
[2025/10/14 05:46:05] - Test Loss 	 Test Acc 	 PGD Loss 	 PGD Acc
[2025/10/14 05:46:05] - 2.5339 	 	 0.5175 	 2.8414 	 0.2808
[2025/10/14 05:46:50] - 52 	 19.4 	 	 0.2000 	 4.0877 	 0.2774
[2025/10/14 05:46:50] - ==> Building model..
[2025/10/14 05:47:06] - Test Loss 	 Test Acc 	 PGD Loss 	 PGD Acc
[2025/10/14 05:47:06] - 2.5341 	 	 0.5181 	 2.8417 	 0.2814
[2025/10/14 05:47:53] - 53 	 19.5 	 	 0.2000 	 4.0867 	 0.2767
[2025/10/14 05:47:53] - ==> Building model..
[2025/10/14 05:48:09] - Test Loss 	 Test Acc 	 PGD Loss 	 PGD Acc
[2025/10/14 05:48:09] - 2.5347 	 	 0.5180 	 2.8412 	 0.2797
[2025/10/14 05:48:54] - 54 	 19.0 	 	 0.2000 	 4.0893 	 0.2780
[2025/10/14 05:48:54] - ==> Building model..
[2025/10/14 05:49:11] - Test Loss 	 Test Acc 	 PGD Loss 	 PGD Acc
[2025/10/14 05:49:11] - 2.5342 	 	 0.5173 	 2.8407 	 0.2807
[2025/10/14 05:49:56] - 55 	 19.0 	 	 0.2000 	 4.0888 	 0.2783
[2025/10/14 05:49:56] - ==> Building model..
[2025/10/14 05:50:12] - Test Loss 	 Test Acc 	 PGD Loss 	 PGD Acc
[2025/10/14 05:50:12] - 2.5359 	 	 0.5166 	 2.8417 	 0.2819
[2025/10/14 05:50:56] - 56 	 18.9 	 	 0.2000 	 4.0896 	 0.2782
[2025/10/14 05:50:56] - ==> Building model..
[2025/10/14 05:51:13] - Test Loss 	 Test Acc 	 PGD Loss 	 PGD Acc
[2025/10/14 05:51:13] - 2.5394 	 	 0.5174 	 2.8449 	 0.2827
[2025/10/14 05:51:57] - 57 	 18.7 	 	 0.2000 	 4.0914 	 0.2797
[2025/10/14 05:51:57] - ==> Building model..
[2025/10/14 05:52:14] - Test Loss 	 Test Acc 	 PGD Loss 	 PGD Acc
[2025/10/14 05:52:14] - 2.5437 	 	 0.5177 	 2.8479 	 0.2818
[2025/10/14 05:52:56] - 58 	 18.2 	 	 0.2000 	 4.0908 	 0.2785
[2025/10/14 05:52:56] - ==> Building model..
[2025/10/14 05:53:12] - Test Loss 	 Test Acc 	 PGD Loss 	 PGD Acc
[2025/10/14 05:53:12] - 2.5489 	 	 0.5183 	 2.8513 	 0.2828
[2025/10/14 05:53:58] - 59 	 19.0 	 	 0.2000 	 4.0931 	 0.2777
[2025/10/14 05:53:58] - ==> Building model..
[2025/10/14 05:54:15] - Test Loss 	 Test Acc 	 PGD Loss 	 PGD Acc
[2025/10/14 05:54:15] - 2.5528 	 	 0.5185 	 2.8540 	 0.2829
[2025/10/14 05:54:59] - 60 	 18.7 	 	 0.2000 	 4.0907 	 0.2805
[2025/10/14 05:54:59] - ==> Building model..
[2025/10/14 05:55:15] - Test Loss 	 Test Acc 	 PGD Loss 	 PGD Acc
[2025/10/14 05:55:15] - 2.5555 	 	 0.5187 	 2.8561 	 0.2823
[2025/10/14 05:56:00] - 61 	 18.8 	 	 0.2000 	 4.0912 	 0.2766
[2025/10/14 05:56:00] - ==> Building model..
[2025/10/14 05:56:16] - Test Loss 	 Test Acc 	 PGD Loss 	 PGD Acc
[2025/10/14 05:56:16] - 2.5580 	 	 0.5177 	 2.8572 	 0.2820
[2025/10/14 05:57:00] - 62 	 18.9 	 	 0.2000 	 4.0908 	 0.2795
[2025/10/14 05:57:00] - ==> Building model..
[2025/10/14 05:57:17] - Test Loss 	 Test Acc 	 PGD Loss 	 PGD Acc
[2025/10/14 05:57:17] - 2.5614 	 	 0.5160 	 2.8595 	 0.2816
[2025/10/14 05:57:59] - 63 	 18.4 	 	 0.2000 	 4.0924 	 0.2777
[2025/10/14 05:57:59] - ==> Building model..
[2025/10/14 05:58:15] - Test Loss 	 Test Acc 	 PGD Loss 	 PGD Acc
[2025/10/14 05:58:15] - 2.5628 	 	 0.5164 	 2.8597 	 0.2820
[2025/10/14 05:58:57] - 64 	 18.8 	 	 0.2000 	 4.0906 	 0.2807
[2025/10/14 05:58:57] - ==> Building model..
[2025/10/14 05:59:14] - Test Loss 	 Test Acc 	 PGD Loss 	 PGD Acc
[2025/10/14 05:59:14] - 2.5651 	 	 0.5174 	 2.8617 	 0.2825
[2025/10/14 05:59:57] - 65 	 18.4 	 	 0.2000 	 4.0893 	 0.2802
[2025/10/14 05:59:57] - ==> Building model..
[2025/10/14 06:00:13] - Test Loss 	 Test Acc 	 PGD Loss 	 PGD Acc
[2025/10/14 06:00:13] - 2.5684 	 	 0.5175 	 2.8643 	 0.2832
[2025/10/14 06:00:56] - 66 	 18.1 	 	 0.2000 	 4.0894 	 0.2787
[2025/10/14 06:00:56] - ==> Building model..
[2025/10/14 06:01:12] - Test Loss 	 Test Acc 	 PGD Loss 	 PGD Acc
[2025/10/14 06:01:12] - 2.5703 	 	 0.5173 	 2.8654 	 0.2840
[2025/10/14 06:01:57] - 67 	 18.6 	 	 0.2000 	 4.0899 	 0.2782
[2025/10/14 06:01:57] - ==> Building model..
[2025/10/14 06:02:13] - Test Loss 	 Test Acc 	 PGD Loss 	 PGD Acc
[2025/10/14 06:02:13] - 2.5719 	 	 0.5179 	 2.8665 	 0.2835
[2025/10/14 06:02:59] - 68 	 19.1 	 	 0.2000 	 4.0894 	 0.2792
[2025/10/14 06:02:59] - ==> Building model..
[2025/10/14 06:03:15] - Test Loss 	 Test Acc 	 PGD Loss 	 PGD Acc
[2025/10/14 06:03:15] - 2.5718 	 	 0.5173 	 2.8659 	 0.2821
[2025/10/14 06:04:00] - 69 	 18.7 	 	 0.2000 	 4.0910 	 0.2786
[2025/10/14 06:04:00] - ==> Building model..
[2025/10/14 06:04:16] - Test Loss 	 Test Acc 	 PGD Loss 	 PGD Acc
[2025/10/14 06:04:16] - 2.5736 	 	 0.5183 	 2.8673 	 0.2818
[2025/10/14 06:05:00] - 70 	 19.0 	 	 0.2000 	 4.0916 	 0.2774
[2025/10/14 06:05:00] - ==> Building model..
[2025/10/14 06:05:17] - Test Loss 	 Test Acc 	 PGD Loss 	 PGD Acc
[2025/10/14 06:05:17] - 2.5768 	 	 0.5179 	 2.8696 	 0.2826
[2025/10/14 06:06:04] - 71 	 19.3 	 	 0.2000 	 4.0901 	 0.2773
[2025/10/14 06:06:04] - ==> Building model..
[2025/10/14 06:06:20] - Test Loss 	 Test Acc 	 PGD Loss 	 PGD Acc
[2025/10/14 06:06:20] - 2.5784 	 	 0.5173 	 2.8709 	 0.2822
[2025/10/14 06:07:05] - 72 	 19.0 	 	 0.2000 	 4.0902 	 0.2771
[2025/10/14 06:07:05] - ==> Building model..
[2025/10/14 06:07:22] - Test Loss 	 Test Acc 	 PGD Loss 	 PGD Acc
[2025/10/14 06:07:22] - 2.5806 	 	 0.5165 	 2.8724 	 0.2815
[2025/10/14 06:08:06] - 73 	 19.0 	 	 0.2000 	 4.0899 	 0.2787
[2025/10/14 06:08:06] - ==> Building model..
[2025/10/14 06:08:23] - Test Loss 	 Test Acc 	 PGD Loss 	 PGD Acc
[2025/10/14 06:08:23] - 2.5836 	 	 0.5158 	 2.8752 	 0.2811
[2025/10/14 06:09:07] - 74 	 18.8 	 	 0.2000 	 4.0910 	 0.2793
[2025/10/14 06:09:07] - ==> Building model..
[2025/10/14 06:09:24] - Test Loss 	 Test Acc 	 PGD Loss 	 PGD Acc
[2025/10/14 06:09:24] - 2.5848 	 	 0.5167 	 2.8758 	 0.2815
[2025/10/14 06:10:08] - 75 	 18.5 	 	 0.2000 	 4.0899 	 0.2804
[2025/10/14 06:10:08] - ==> Building model..
[2025/10/14 06:10:25] - Test Loss 	 Test Acc 	 PGD Loss 	 PGD Acc
[2025/10/14 06:10:25] - 2.5852 	 	 0.5167 	 2.8763 	 0.2813
[2025/10/14 06:11:09] - 76 	 18.5 	 	 0.2000 	 4.0898 	 0.2816
[2025/10/14 06:11:09] - ==> Building model..
[2025/10/14 06:11:25] - Test Loss 	 Test Acc 	 PGD Loss 	 PGD Acc
[2025/10/14 06:11:25] - 2.5858 	 	 0.5178 	 2.8768 	 0.2823
[2025/10/14 06:12:06] - 77 	 17.9 	 	 0.2000 	 4.0888 	 0.2806
[2025/10/14 06:12:06] - ==> Building model..
[2025/10/14 06:12:22] - Test Loss 	 Test Acc 	 PGD Loss 	 PGD Acc
[2025/10/14 06:12:22] - 2.5860 	 	 0.5182 	 2.8771 	 0.2813
[2025/10/14 06:13:07] - 78 	 18.6 	 	 0.2000 	 4.0903 	 0.2787
[2025/10/14 06:13:07] - ==> Building model..
[2025/10/14 06:13:23] - Test Loss 	 Test Acc 	 PGD Loss 	 PGD Acc
[2025/10/14 06:13:23] - 2.5868 	 	 0.5180 	 2.8772 	 0.2811
[2025/10/14 06:14:08] - 79 	 18.5 	 	 0.2000 	 4.0890 	 0.2801
[2025/10/14 06:14:08] - ==> Building model..
[2025/10/14 06:14:24] - Test Loss 	 Test Acc 	 PGD Loss 	 PGD Acc
[2025/10/14 06:14:24] - 2.5870 	 	 0.5172 	 2.8766 	 0.2823
[2025/10/14 06:15:08] - 80 	 18.5 	 	 0.2000 	 4.0893 	 0.2794
[2025/10/14 06:15:08] - ==> Building model..
[2025/10/14 06:15:24] - Test Loss 	 Test Acc 	 PGD Loss 	 PGD Acc
[2025/10/14 06:15:24] - 2.5872 	 	 0.5177 	 2.8771 	 0.2827
[2025/10/14 06:16:09] - 81 	 18.5 	 	 0.2000 	 4.0895 	 0.2780
[2025/10/14 06:16:09] - ==> Building model..
[2025/10/14 06:16:25] - Test Loss 	 Test Acc 	 PGD Loss 	 PGD Acc
[2025/10/14 06:16:25] - 2.5882 	 	 0.5163 	 2.8777 	 0.2831
[2025/10/14 06:17:09] - 82 	 18.3 	 	 0.2000 	 4.0898 	 0.2789
[2025/10/14 06:17:09] - ==> Building model..
[2025/10/14 06:17:25] - Test Loss 	 Test Acc 	 PGD Loss 	 PGD Acc
[2025/10/14 06:17:25] - 2.5876 	 	 0.5163 	 2.8787 	 0.2830
[2025/10/14 06:18:07] - 83 	 18.0 	 	 0.2000 	 4.0874 	 0.2809
[2025/10/14 06:18:07] - ==> Building model..
[2025/10/14 06:18:24] - Test Loss 	 Test Acc 	 PGD Loss 	 PGD Acc
[2025/10/14 06:18:24] - 2.5877 	 	 0.5162 	 2.8785 	 0.2834
[2025/10/14 06:19:08] - 84 	 18.4 	 	 0.2000 	 4.0908 	 0.2774
[2025/10/14 06:19:08] - ==> Building model..
[2025/10/14 06:19:24] - Test Loss 	 Test Acc 	 PGD Loss 	 PGD Acc
[2025/10/14 06:19:24] - 2.5886 	 	 0.5169 	 2.8796 	 0.2842
[2025/10/14 06:20:05] - 85 	 17.8 	 	 0.2000 	 4.0902 	 0.2813
[2025/10/14 06:20:05] - ==> Building model..
[2025/10/14 06:20:21] - Test Loss 	 Test Acc 	 PGD Loss 	 PGD Acc
[2025/10/14 06:20:21] - 2.5907 	 	 0.5170 	 2.8813 	 0.2841
[2025/10/14 06:21:05] - 86 	 18.3 	 	 0.2000 	 4.0888 	 0.2813
[2025/10/14 06:21:05] - ==> Building model..
[2025/10/14 06:21:21] - Test Loss 	 Test Acc 	 PGD Loss 	 PGD Acc
[2025/10/14 06:21:21] - 2.5904 	 	 0.5172 	 2.8815 	 0.2833
[2025/10/14 06:22:06] - 87 	 18.8 	 	 0.2000 	 4.0882 	 0.2818
[2025/10/14 06:22:06] - ==> Building model..
[2025/10/14 06:22:22] - Test Loss 	 Test Acc 	 PGD Loss 	 PGD Acc
[2025/10/14 06:22:22] - 2.5913 	 	 0.5182 	 2.8826 	 0.2837
[2025/10/14 06:23:06] - 88 	 18.4 	 	 0.2000 	 4.0898 	 0.2777
[2025/10/14 06:23:06] - ==> Building model..
[2025/10/14 06:23:22] - Test Loss 	 Test Acc 	 PGD Loss 	 PGD Acc
[2025/10/14 06:23:22] - 2.5914 	 	 0.5188 	 2.8826 	 0.2840
[2025/10/14 06:24:05] - 89 	 18.1 	 	 0.2000 	 4.0891 	 0.2808
[2025/10/14 06:24:05] - ==> Building model..
[2025/10/14 06:24:21] - Test Loss 	 Test Acc 	 PGD Loss 	 PGD Acc
[2025/10/14 06:24:21] - 2.5919 	 	 0.5187 	 2.8825 	 0.2845
[2025/10/14 06:25:04] - 90 	 18.4 	 	 0.0200 	 3.9923 	 0.3418
[2025/10/14 06:25:04] - ==> Building model..
[2025/10/14 06:25:21] - Test Loss 	 Test Acc 	 PGD Loss 	 PGD Acc
[2025/10/14 06:25:21] - 2.5896 	 	 0.5191 	 2.8808 	 0.2842
[2025/10/14 06:26:05] - 91 	 17.7 	 	 0.0200 	 3.8999 	 0.4032
[2025/10/14 06:26:05] - ==> Building model..
[2025/10/14 06:26:21] - Test Loss 	 Test Acc 	 PGD Loss 	 PGD Acc
[2025/10/14 06:26:21] - 2.5883 	 	 0.5195 	 2.8797 	 0.2839
[2025/10/14 06:27:02] - 92 	 17.2 	 	 0.0200 	 3.8735 	 0.4199
[2025/10/14 06:27:02] - ==> Building model..
[2025/10/14 06:27:19] - Test Loss 	 Test Acc 	 PGD Loss 	 PGD Acc
[2025/10/14 06:27:19] - 2.5882 	 	 0.5196 	 2.8799 	 0.2842
[2025/10/14 06:28:02] - 93 	 17.5 	 	 0.0200 	 3.8555 	 0.4328
[2025/10/14 06:28:02] - ==> Building model..
[2025/10/14 06:28:18] - Test Loss 	 Test Acc 	 PGD Loss 	 PGD Acc
[2025/10/14 06:28:18] - 2.5887 	 	 0.5194 	 2.8806 	 0.2853
[2025/10/14 06:29:00] - 94 	 17.4 	 	 0.0200 	 3.8400 	 0.4447
[2025/10/14 06:29:00] - ==> Building model..
[2025/10/14 06:29:17] - Test Loss 	 Test Acc 	 PGD Loss 	 PGD Acc
[2025/10/14 06:29:17] - 2.5906 	 	 0.5191 	 2.8819 	 0.2845
[2025/10/14 06:30:00] - 95 	 17.5 	 	 0.0200 	 3.8281 	 0.4541
[2025/10/14 06:30:00] - ==> Building model..
[2025/10/14 06:30:16] - Test Loss 	 Test Acc 	 PGD Loss 	 PGD Acc
[2025/10/14 06:30:16] - 2.5923 	 	 0.5192 	 2.8833 	 0.2850
[2025/10/14 06:31:00] - 96 	 17.6 	 	 0.0200 	 3.8181 	 0.4604
[2025/10/14 06:31:00] - ==> Building model..
[2025/10/14 06:31:16] - Test Loss 	 Test Acc 	 PGD Loss 	 PGD Acc
[2025/10/14 06:31:16] - 2.5965 	 	 0.5185 	 2.8869 	 0.2857
[2025/10/14 06:32:01] - 97 	 18.5 	 	 0.0200 	 3.8085 	 0.4653
[2025/10/14 06:32:01] - ==> Building model..
[2025/10/14 06:32:18] - Test Loss 	 Test Acc 	 PGD Loss 	 PGD Acc
[2025/10/14 06:32:18] - 2.6022 	 	 0.5173 	 2.8916 	 0.2851
[2025/10/14 06:33:02] - 98 	 18.3 	 	 0.0200 	 3.8009 	 0.4739
[2025/10/14 06:33:02] - ==> Building model..
[2025/10/14 06:33:19] - Test Loss 	 Test Acc 	 PGD Loss 	 PGD Acc
[2025/10/14 06:33:19] - 2.6033 	 	 0.5173 	 2.8923 	 0.2849
[2025/10/14 06:34:02] - 99 	 17.8 	 	 0.0200 	 3.7931 	 0.4782
[2025/10/14 06:34:02] - ==> Building model..
[2025/10/14 06:34:18] - Test Loss 	 Test Acc 	 PGD Loss 	 PGD Acc
[2025/10/14 06:34:18] - 2.6045 	 	 0.5172 	 2.8933 	 0.2848
[2025/10/14 06:34:18] - [0.0882, 0.1556, 0.1971, 0.249, 0.2842, 0.3139, 0.3484, 0.3812, 0.4026, 0.4163, 0.4314, 0.4386, 0.4484, 0.4546, 0.4605, 0.4652, 0.4706, 0.4762, 0.4792, 0.4806, 0.4823, 0.4847, 0.4846, 0.4865, 0.4875, 0.4913, 0.495, 0.4981, 0.5006, 0.5001, 0.5011, 0.5044, 0.5055, 0.5052, 0.5074, 0.5078, 0.5074, 0.5095, 0.5095, 0.5105, 0.5099, 0.5121, 0.5142, 0.5157, 0.5168, 0.5162, 0.5164, 0.5169, 0.5166, 0.5174, 0.5169, 0.5175, 0.5181, 0.518, 0.5173, 0.5166, 0.5174, 0.5177, 0.5183, 0.5185, 0.5187, 0.5177, 0.516, 0.5164, 0.5174, 0.5175, 0.5173, 0.5179, 0.5173, 0.5183, 0.5179, 0.5173, 0.5165, 0.5158, 0.5167, 0.5167, 0.5178, 0.5182, 0.518, 0.5172, 0.5177, 0.5163, 0.5163, 0.5162, 0.5169, 0.517, 0.5172, 0.5182, 0.5188, 0.5187, 0.5191, 0.5195, 0.5196, 0.5194, 0.5191, 0.5192, 0.5185, 0.5173, 0.5173, 0.5172]
[2025/10/14 06:34:18] - [0.0599, 0.0991, 0.1228, 0.1443, 0.1673, 0.1783, 0.1917, 0.2086, 0.2196, 0.2246, 0.2312, 0.2341, 0.2379, 0.2432, 0.2508, 0.2513, 0.2523, 0.2536, 0.2559, 0.257, 0.2591, 0.26, 0.2614, 0.2635, 0.2661, 0.2669, 0.2679, 0.2699, 0.2689, 0.2691, 0.2687, 0.2711, 0.2721, 0.2731, 0.274, 0.2741, 0.2745, 0.2748, 0.2749, 0.2759, 0.2744, 0.2744, 0.2757, 0.2765, 0.2776, 0.2787, 0.2788, 0.2774, 0.2802, 0.2807, 0.2805, 0.2808, 0.2814, 0.2797, 0.2807, 0.2819, 0.2827, 0.2818, 0.2828, 0.2829, 0.2823, 0.282, 0.2816, 0.282, 0.2825, 0.2832, 0.284, 0.2835, 0.2821, 0.2818, 0.2826, 0.2822, 0.2815, 0.2811, 0.2815, 0.2813, 0.2823, 0.2813, 0.2811, 0.2823, 0.2827, 0.2831, 0.283, 0.2834, 0.2842, 0.2841, 0.2833, 0.2837, 0.284, 0.2845, 0.2842, 0.2839, 0.2842, 0.2853, 0.2845, 0.285, 0.2857, 0.2851, 0.2849, 0.2848]
