[2025/10/19 13:20:14] - Namespace(batch_size=128, data_dir='cifar-data', epochs=110, lr_schedule='multistep', lr_min=0.0, lr_max=0.2, weight_decay=0.0005, momentum=0.9, model='ResNet18', epsilon=8, alpha=8, delta_init='random', normal_mean=0, normal_std=1, out_dir='runs/beta_0.4/lam_44/lscale_0.12/seed_2', seed=2, lamda=44.0, lam_scale=0.12, lam_start=50, gamma=0.05, inner_gamma=0.05, beta=0.4, mu=3.5, batch_m=0.75, early_stop=False, factor=0.5, length=4, n_holes=1, c_num=0.125, EMA_value=0.55)
[2025/10/19 13:20:18] - ==> Building model..
[2025/10/19 13:20:18] - Epoch 	 Seconds 	 LR 	 	 Train Loss 	 Train Acc
[2025/10/19 13:21:09] - 0 	 29.1 	 	 0.2000 	 4.5702 	 0.0393
[2025/10/19 13:21:09] - ==> Building model..
[2025/10/19 13:21:33] - Test Loss 	 Test Acc 	 PGD Loss 	 PGD Acc
[2025/10/19 13:21:33] - 4.2899 	 	 0.0801 	 4.3005 	 0.0536
[2025/10/19 13:22:24] - 1 	 28.2 	 	 0.2000 	 4.4610 	 0.0756
[2025/10/19 13:22:24] - ==> Building model..
[2025/10/19 13:22:48] - Test Loss 	 Test Acc 	 PGD Loss 	 PGD Acc
[2025/10/19 13:22:48] - 4.1485 	 	 0.1233 	 4.1705 	 0.0796
[2025/10/19 13:23:39] - 2 	 28.2 	 	 0.2000 	 4.4038 	 0.1071
[2025/10/19 13:23:39] - ==> Building model..
[2025/10/19 13:24:03] - Test Loss 	 Test Acc 	 PGD Loss 	 PGD Acc
[2025/10/19 13:24:03] - 3.9793 	 	 0.1741 	 4.0186 	 0.1051
[2025/10/19 13:24:54] - 3 	 28.2 	 	 0.2000 	 4.3550 	 0.1290
[2025/10/19 13:24:54] - ==> Building model..
[2025/10/19 13:25:17] - Test Loss 	 Test Acc 	 PGD Loss 	 PGD Acc
[2025/10/19 13:25:17] - 3.7871 	 	 0.2241 	 3.8525 	 0.1355
[2025/10/19 13:26:08] - 4 	 28.5 	 	 0.2000 	 4.3120 	 0.1515
[2025/10/19 13:26:08] - ==> Building model..
[2025/10/19 13:26:33] - Test Loss 	 Test Acc 	 PGD Loss 	 PGD Acc
[2025/10/19 13:26:33] - 3.5729 	 	 0.2762 	 3.6685 	 0.1627
[2025/10/19 13:27:25] - 5 	 28.8 	 	 0.2000 	 4.2736 	 0.1704
[2025/10/19 13:27:25] - ==> Building model..
[2025/10/19 13:27:49] - Test Loss 	 Test Acc 	 PGD Loss 	 PGD Acc
[2025/10/19 13:27:49] - 3.3509 	 	 0.3198 	 3.4803 	 0.1862
[2025/10/19 13:28:41] - 6 	 28.4 	 	 0.2000 	 4.2433 	 0.1884
[2025/10/19 13:28:41] - ==> Building model..
[2025/10/19 13:29:04] - Test Loss 	 Test Acc 	 PGD Loss 	 PGD Acc
[2025/10/19 13:29:04] - 3.1940 	 	 0.3535 	 3.3475 	 0.1945
[2025/10/19 13:29:57] - 7 	 28.9 	 	 0.2000 	 4.2207 	 0.1991
[2025/10/19 13:29:57] - ==> Building model..
[2025/10/19 13:30:21] - Test Loss 	 Test Acc 	 PGD Loss 	 PGD Acc
[2025/10/19 13:30:21] - 3.0577 	 	 0.3815 	 3.2378 	 0.2080
[2025/10/19 13:31:12] - 8 	 28.5 	 	 0.2000 	 4.2053 	 0.2087
[2025/10/19 13:31:12] - ==> Building model..
[2025/10/19 13:31:36] - Test Loss 	 Test Acc 	 PGD Loss 	 PGD Acc
[2025/10/19 13:31:36] - 2.9752 	 	 0.3993 	 3.1711 	 0.2161
[2025/10/19 13:32:29] - 9 	 29.3 	 	 0.2000 	 4.1916 	 0.2168
[2025/10/19 13:32:29] - ==> Building model..
[2025/10/19 13:32:54] - Test Loss 	 Test Acc 	 PGD Loss 	 PGD Acc
[2025/10/19 13:32:54] - 2.9218 	 	 0.4143 	 3.1301 	 0.2199
[2025/10/19 13:33:46] - 10 	 29.6 	 	 0.2000 	 4.1805 	 0.2233
[2025/10/19 13:33:46] - ==> Building model..
[2025/10/19 13:34:10] - Test Loss 	 Test Acc 	 PGD Loss 	 PGD Acc
[2025/10/19 13:34:10] - 2.8747 	 	 0.4275 	 3.0955 	 0.2263
[2025/10/19 13:35:02] - 11 	 29.1 	 	 0.2000 	 4.1698 	 0.2306
[2025/10/19 13:35:02] - ==> Building model..
[2025/10/19 13:35:26] - Test Loss 	 Test Acc 	 PGD Loss 	 PGD Acc
[2025/10/19 13:35:26] - 2.8391 	 	 0.4336 	 3.0678 	 0.2337
[2025/10/19 13:36:18] - 12 	 29.0 	 	 0.2000 	 4.1623 	 0.2319
[2025/10/19 13:36:18] - ==> Building model..
[2025/10/19 13:36:42] - Test Loss 	 Test Acc 	 PGD Loss 	 PGD Acc
[2025/10/19 13:36:42] - 2.7963 	 	 0.4462 	 3.0370 	 0.2390
[2025/10/19 13:37:35] - 13 	 29.8 	 	 0.2000 	 4.1545 	 0.2373
[2025/10/19 13:37:35] - ==> Building model..
[2025/10/19 13:37:59] - Test Loss 	 Test Acc 	 PGD Loss 	 PGD Acc
[2025/10/19 13:37:59] - 2.7751 	 	 0.4512 	 3.0204 	 0.2424
[2025/10/19 13:38:50] - 14 	 28.2 	 	 0.2000 	 4.1506 	 0.2396
[2025/10/19 13:38:50] - ==> Building model..
[2025/10/19 13:39:15] - Test Loss 	 Test Acc 	 PGD Loss 	 PGD Acc
[2025/10/19 13:39:15] - 2.7555 	 	 0.4559 	 3.0053 	 0.2464
[2025/10/19 13:40:07] - 15 	 29.4 	 	 0.2000 	 4.1446 	 0.2443
[2025/10/19 13:40:07] - ==> Building model..
[2025/10/19 13:40:32] - Test Loss 	 Test Acc 	 PGD Loss 	 PGD Acc
[2025/10/19 13:40:32] - 2.7358 	 	 0.4601 	 2.9908 	 0.2462
[2025/10/19 13:41:22] - 16 	 28.1 	 	 0.2000 	 4.1384 	 0.2462
[2025/10/19 13:41:22] - ==> Building model..
[2025/10/19 13:41:45] - Test Loss 	 Test Acc 	 PGD Loss 	 PGD Acc
[2025/10/19 13:41:45] - 2.7098 	 	 0.4675 	 2.9707 	 0.2504
[2025/10/19 13:42:35] - 17 	 28.0 	 	 0.2000 	 4.1362 	 0.2483
[2025/10/19 13:42:35] - ==> Building model..
[2025/10/19 13:43:00] - Test Loss 	 Test Acc 	 PGD Loss 	 PGD Acc
[2025/10/19 13:43:00] - 2.6949 	 	 0.4698 	 2.9592 	 0.2534
[2025/10/19 13:43:50] - 18 	 28.1 	 	 0.2000 	 4.1303 	 0.2508
[2025/10/19 13:43:50] - ==> Building model..
[2025/10/19 13:44:13] - Test Loss 	 Test Acc 	 PGD Loss 	 PGD Acc
[2025/10/19 13:44:13] - 2.6790 	 	 0.4755 	 2.9475 	 0.2548
[2025/10/19 13:45:05] - 19 	 28.5 	 	 0.2000 	 4.1289 	 0.2555
[2025/10/19 13:45:05] - ==> Building model..
[2025/10/19 13:45:28] - Test Loss 	 Test Acc 	 PGD Loss 	 PGD Acc
[2025/10/19 13:45:28] - 2.6731 	 	 0.4776 	 2.9441 	 0.2563
[2025/10/19 13:46:18] - 20 	 28.4 	 	 0.2000 	 4.1244 	 0.2552
[2025/10/19 13:46:18] - ==> Building model..
[2025/10/19 13:46:42] - Test Loss 	 Test Acc 	 PGD Loss 	 PGD Acc
[2025/10/19 13:46:42] - 2.6608 	 	 0.4796 	 2.9350 	 0.2585
[2025/10/19 13:47:34] - 21 	 29.2 	 	 0.2000 	 4.1233 	 0.2538
[2025/10/19 13:47:34] - ==> Building model..
[2025/10/19 13:47:58] - Test Loss 	 Test Acc 	 PGD Loss 	 PGD Acc
[2025/10/19 13:47:58] - 2.6534 	 	 0.4819 	 2.9299 	 0.2592
[2025/10/19 13:48:49] - 22 	 28.7 	 	 0.2000 	 4.1210 	 0.2584
[2025/10/19 13:48:49] - ==> Building model..
[2025/10/19 13:49:13] - Test Loss 	 Test Acc 	 PGD Loss 	 PGD Acc
[2025/10/19 13:49:13] - 2.6453 	 	 0.4840 	 2.9226 	 0.2608
[2025/10/19 13:50:05] - 23 	 28.9 	 	 0.2000 	 4.1209 	 0.2588
[2025/10/19 13:50:05] - ==> Building model..
[2025/10/19 13:50:29] - Test Loss 	 Test Acc 	 PGD Loss 	 PGD Acc
[2025/10/19 13:50:29] - 2.6407 	 	 0.4874 	 2.9205 	 0.2633
[2025/10/19 13:51:20] - 24 	 28.2 	 	 0.2000 	 4.1141 	 0.2623
[2025/10/19 13:51:20] - ==> Building model..
[2025/10/19 13:51:43] - Test Loss 	 Test Acc 	 PGD Loss 	 PGD Acc
[2025/10/19 13:51:43] - 2.6301 	 	 0.4892 	 2.9116 	 0.2641
[2025/10/19 13:52:35] - 25 	 29.1 	 	 0.2000 	 4.1151 	 0.2622
[2025/10/19 13:52:35] - ==> Building model..
[2025/10/19 13:52:59] - Test Loss 	 Test Acc 	 PGD Loss 	 PGD Acc
[2025/10/19 13:52:59] - 2.6303 	 	 0.4904 	 2.9116 	 0.2629
[2025/10/19 13:53:51] - 26 	 29.1 	 	 0.2000 	 4.1145 	 0.2625
[2025/10/19 13:53:51] - ==> Building model..
[2025/10/19 13:54:15] - Test Loss 	 Test Acc 	 PGD Loss 	 PGD Acc
[2025/10/19 13:54:15] - 2.6279 	 	 0.4895 	 2.9094 	 0.2640
[2025/10/19 13:55:06] - 27 	 28.6 	 	 0.2000 	 4.1111 	 0.2639
[2025/10/19 13:55:06] - ==> Building model..
[2025/10/19 13:55:30] - Test Loss 	 Test Acc 	 PGD Loss 	 PGD Acc
[2025/10/19 13:55:30] - 2.6172 	 	 0.4907 	 2.9011 	 0.2656
[2025/10/19 13:56:22] - 28 	 28.8 	 	 0.2000 	 4.1088 	 0.2654
[2025/10/19 13:56:22] - ==> Building model..
[2025/10/19 13:56:46] - Test Loss 	 Test Acc 	 PGD Loss 	 PGD Acc
[2025/10/19 13:56:46] - 2.6068 	 	 0.4940 	 2.8930 	 0.2669
[2025/10/19 13:57:38] - 29 	 29.0 	 	 0.2000 	 4.1086 	 0.2649
[2025/10/19 13:57:38] - ==> Building model..
[2025/10/19 13:58:01] - Test Loss 	 Test Acc 	 PGD Loss 	 PGD Acc
[2025/10/19 13:58:01] - 2.6018 	 	 0.4942 	 2.8892 	 0.2670
[2025/10/19 13:58:52] - 30 	 28.1 	 	 0.2000 	 4.1069 	 0.2677
[2025/10/19 13:58:52] - ==> Building model..
[2025/10/19 13:59:16] - Test Loss 	 Test Acc 	 PGD Loss 	 PGD Acc
[2025/10/19 13:59:16] - 2.5978 	 	 0.4948 	 2.8856 	 0.2661
[2025/10/19 14:00:09] - 31 	 29.7 	 	 0.2000 	 4.1063 	 0.2654
[2025/10/19 14:00:09] - ==> Building model..
[2025/10/19 14:00:33] - Test Loss 	 Test Acc 	 PGD Loss 	 PGD Acc
[2025/10/19 14:00:33] - 2.5918 	 	 0.4961 	 2.8817 	 0.2683
[2025/10/19 14:01:25] - 32 	 28.5 	 	 0.2000 	 4.1066 	 0.2658
[2025/10/19 14:01:25] - ==> Building model..
[2025/10/19 14:01:49] - Test Loss 	 Test Acc 	 PGD Loss 	 PGD Acc
[2025/10/19 14:01:49] - 2.5860 	 	 0.4984 	 2.8763 	 0.2691
[2025/10/19 14:02:39] - 33 	 28.4 	 	 0.2000 	 4.1021 	 0.2689
[2025/10/19 14:02:39] - ==> Building model..
[2025/10/19 14:03:03] - Test Loss 	 Test Acc 	 PGD Loss 	 PGD Acc
[2025/10/19 14:03:03] - 2.5784 	 	 0.5002 	 2.8712 	 0.2709
[2025/10/19 14:03:55] - 34 	 28.5 	 	 0.2000 	 4.1048 	 0.2678
[2025/10/19 14:03:55] - ==> Building model..
[2025/10/19 14:04:18] - Test Loss 	 Test Acc 	 PGD Loss 	 PGD Acc
[2025/10/19 14:04:18] - 2.5767 	 	 0.5022 	 2.8714 	 0.2735
[2025/10/19 14:05:09] - 35 	 28.7 	 	 0.2000 	 4.1020 	 0.2699
[2025/10/19 14:05:09] - ==> Building model..
[2025/10/19 14:05:33] - Test Loss 	 Test Acc 	 PGD Loss 	 PGD Acc
[2025/10/19 14:05:33] - 2.5734 	 	 0.5048 	 2.8680 	 0.2731
[2025/10/19 14:06:28] - 36 	 30.1 	 	 0.2000 	 4.1011 	 0.2708
[2025/10/19 14:06:28] - ==> Building model..
[2025/10/19 14:06:53] - Test Loss 	 Test Acc 	 PGD Loss 	 PGD Acc
[2025/10/19 14:06:53] - 2.5699 	 	 0.5065 	 2.8657 	 0.2737
[2025/10/19 14:07:43] - 37 	 27.8 	 	 0.2000 	 4.0993 	 0.2719
[2025/10/19 14:07:43] - ==> Building model..
[2025/10/19 14:08:07] - Test Loss 	 Test Acc 	 PGD Loss 	 PGD Acc
[2025/10/19 14:08:07] - 2.5650 	 	 0.5080 	 2.8621 	 0.2755
[2025/10/19 14:08:55] - 38 	 26.6 	 	 0.2000 	 4.0977 	 0.2706
[2025/10/19 14:08:55] - ==> Building model..
[2025/10/19 14:09:19] - Test Loss 	 Test Acc 	 PGD Loss 	 PGD Acc
[2025/10/19 14:09:19] - 2.5628 	 	 0.5101 	 2.8604 	 0.2740
[2025/10/19 14:10:10] - 39 	 28.9 	 	 0.2000 	 4.0991 	 0.2730
[2025/10/19 14:10:10] - ==> Building model..
[2025/10/19 14:10:34] - Test Loss 	 Test Acc 	 PGD Loss 	 PGD Acc
[2025/10/19 14:10:34] - 2.5638 	 	 0.5086 	 2.8609 	 0.2748
[2025/10/19 14:11:26] - 40 	 29.0 	 	 0.2000 	 4.0979 	 0.2720
[2025/10/19 14:11:26] - ==> Building model..
[2025/10/19 14:11:51] - Test Loss 	 Test Acc 	 PGD Loss 	 PGD Acc
[2025/10/19 14:11:51] - 2.5638 	 	 0.5092 	 2.8606 	 0.2734
[2025/10/19 14:12:42] - 41 	 28.7 	 	 0.2000 	 4.0969 	 0.2739
[2025/10/19 14:12:42] - ==> Building model..
[2025/10/19 14:13:06] - Test Loss 	 Test Acc 	 PGD Loss 	 PGD Acc
[2025/10/19 14:13:06] - 2.5605 	 	 0.5099 	 2.8583 	 0.2754
[2025/10/19 14:13:56] - 42 	 28.3 	 	 0.2000 	 4.0956 	 0.2707
[2025/10/19 14:13:56] - ==> Building model..
[2025/10/19 14:14:20] - Test Loss 	 Test Acc 	 PGD Loss 	 PGD Acc
[2025/10/19 14:14:20] - 2.5603 	 	 0.5126 	 2.8589 	 0.2759
[2025/10/19 14:15:13] - 43 	 29.6 	 	 0.2000 	 4.0948 	 0.2739
[2025/10/19 14:15:13] - ==> Building model..
[2025/10/19 14:15:37] - Test Loss 	 Test Acc 	 PGD Loss 	 PGD Acc
[2025/10/19 14:15:37] - 2.5576 	 	 0.5128 	 2.8568 	 0.2759
[2025/10/19 14:16:29] - 44 	 29.1 	 	 0.2000 	 4.0958 	 0.2718
[2025/10/19 14:16:29] - ==> Building model..
[2025/10/19 14:16:53] - Test Loss 	 Test Acc 	 PGD Loss 	 PGD Acc
[2025/10/19 14:16:53] - 2.5588 	 	 0.5128 	 2.8584 	 0.2757
[2025/10/19 14:17:46] - 45 	 29.4 	 	 0.2000 	 4.0937 	 0.2733
[2025/10/19 14:17:46] - ==> Building model..
[2025/10/19 14:18:11] - Test Loss 	 Test Acc 	 PGD Loss 	 PGD Acc
[2025/10/19 14:18:11] - 2.5564 	 	 0.5118 	 2.8562 	 0.2775
[2025/10/19 14:19:02] - 46 	 29.0 	 	 0.2000 	 4.0946 	 0.2723
[2025/10/19 14:19:02] - ==> Building model..
[2025/10/19 14:19:26] - Test Loss 	 Test Acc 	 PGD Loss 	 PGD Acc
[2025/10/19 14:19:26] - 2.5544 	 	 0.5133 	 2.8543 	 0.2775
[2025/10/19 14:20:16] - 47 	 28.5 	 	 0.2000 	 4.0916 	 0.2762
[2025/10/19 14:20:16] - ==> Building model..
[2025/10/19 14:20:40] - Test Loss 	 Test Acc 	 PGD Loss 	 PGD Acc
[2025/10/19 14:20:40] - 2.5538 	 	 0.5130 	 2.8538 	 0.2780
[2025/10/19 14:21:32] - 48 	 29.1 	 	 0.2000 	 4.0943 	 0.2747
[2025/10/19 14:21:32] - ==> Building model..
[2025/10/19 14:21:57] - Test Loss 	 Test Acc 	 PGD Loss 	 PGD Acc
[2025/10/19 14:21:57] - 2.5566 	 	 0.5111 	 2.8551 	 0.2772
[2025/10/19 14:22:47] - 49 	 27.8 	 	 0.2000 	 4.0926 	 0.2741
[2025/10/19 14:22:47] - ==> Building model..
[2025/10/19 14:23:11] - Test Loss 	 Test Acc 	 PGD Loss 	 PGD Acc
[2025/10/19 14:23:11] - 2.5561 	 	 0.5117 	 2.8548 	 0.2790
[2025/10/19 14:24:03] - 50 	 29.0 	 	 0.2000 	 4.0928 	 0.2739
[2025/10/19 14:24:03] - ==> Building model..
[2025/10/19 14:24:28] - Test Loss 	 Test Acc 	 PGD Loss 	 PGD Acc
[2025/10/19 14:24:28] - 2.5555 	 	 0.5124 	 2.8549 	 0.2795
[2025/10/19 14:25:18] - 51 	 27.9 	 	 0.2000 	 4.0932 	 0.2740
[2025/10/19 14:25:18] - ==> Building model..
[2025/10/19 14:25:42] - Test Loss 	 Test Acc 	 PGD Loss 	 PGD Acc
[2025/10/19 14:25:42] - 2.5550 	 	 0.5137 	 2.8545 	 0.2800
[2025/10/19 14:26:32] - 52 	 27.5 	 	 0.2000 	 4.0927 	 0.2755
[2025/10/19 14:26:32] - ==> Building model..
[2025/10/19 14:26:56] - Test Loss 	 Test Acc 	 PGD Loss 	 PGD Acc
[2025/10/19 14:26:56] - 2.5538 	 	 0.5136 	 2.8544 	 0.2816
[2025/10/19 14:27:47] - 53 	 28.3 	 	 0.2000 	 4.0911 	 0.2770
[2025/10/19 14:27:47] - ==> Building model..
[2025/10/19 14:28:11] - Test Loss 	 Test Acc 	 PGD Loss 	 PGD Acc
[2025/10/19 14:28:11] - 2.5539 	 	 0.5128 	 2.8544 	 0.2807
[2025/10/19 14:29:00] - 54 	 27.6 	 	 0.2000 	 4.0925 	 0.2759
[2025/10/19 14:29:00] - ==> Building model..
[2025/10/19 14:29:25] - Test Loss 	 Test Acc 	 PGD Loss 	 PGD Acc
[2025/10/19 14:29:25] - 2.5559 	 	 0.5125 	 2.8557 	 0.2805
[2025/10/19 14:30:16] - 55 	 28.7 	 	 0.2000 	 4.0954 	 0.2754
[2025/10/19 14:30:16] - ==> Building model..
[2025/10/19 14:30:41] - Test Loss 	 Test Acc 	 PGD Loss 	 PGD Acc
[2025/10/19 14:30:41] - 2.5571 	 	 0.5138 	 2.8572 	 0.2809
[2025/10/19 14:31:32] - 56 	 29.1 	 	 0.2000 	 4.0942 	 0.2749
[2025/10/19 14:31:32] - ==> Building model..
[2025/10/19 14:31:57] - Test Loss 	 Test Acc 	 PGD Loss 	 PGD Acc
[2025/10/19 14:31:57] - 2.5586 	 	 0.5142 	 2.8575 	 0.2819
[2025/10/19 14:32:49] - 57 	 28.6 	 	 0.2000 	 4.0959 	 0.2773
[2025/10/19 14:32:49] - ==> Building model..
[2025/10/19 14:33:13] - Test Loss 	 Test Acc 	 PGD Loss 	 PGD Acc
[2025/10/19 14:33:13] - 2.5635 	 	 0.5143 	 2.8602 	 0.2832
[2025/10/19 14:34:04] - 58 	 28.7 	 	 0.2000 	 4.0960 	 0.2740
[2025/10/19 14:34:04] - ==> Building model..
[2025/10/19 14:34:28] - Test Loss 	 Test Acc 	 PGD Loss 	 PGD Acc
[2025/10/19 14:34:28] - 2.5690 	 	 0.5142 	 2.8647 	 0.2819
[2025/10/19 14:35:19] - 59 	 28.3 	 	 0.2000 	 4.0953 	 0.2794
[2025/10/19 14:35:19] - ==> Building model..
[2025/10/19 14:35:43] - Test Loss 	 Test Acc 	 PGD Loss 	 PGD Acc
[2025/10/19 14:35:43] - 2.5716 	 	 0.5141 	 2.8662 	 0.2816
[2025/10/19 14:36:34] - 60 	 28.5 	 	 0.2000 	 4.0974 	 0.2784
[2025/10/19 14:36:34] - ==> Building model..
[2025/10/19 14:36:58] - Test Loss 	 Test Acc 	 PGD Loss 	 PGD Acc
[2025/10/19 14:36:58] - 2.5754 	 	 0.5145 	 2.8689 	 0.2811
[2025/10/19 14:37:50] - 61 	 29.5 	 	 0.2000 	 4.0966 	 0.2759
[2025/10/19 14:37:50] - ==> Building model..
[2025/10/19 14:38:14] - Test Loss 	 Test Acc 	 PGD Loss 	 PGD Acc
[2025/10/19 14:38:14] - 2.5784 	 	 0.5139 	 2.8706 	 0.2817
[2025/10/19 14:39:05] - 62 	 28.4 	 	 0.2000 	 4.0952 	 0.2765
[2025/10/19 14:39:05] - ==> Building model..
[2025/10/19 14:39:29] - Test Loss 	 Test Acc 	 PGD Loss 	 PGD Acc
[2025/10/19 14:39:29] - 2.5806 	 	 0.5137 	 2.8722 	 0.2809
[2025/10/19 14:40:21] - 63 	 29.1 	 	 0.2000 	 4.0959 	 0.2759
[2025/10/19 14:40:21] - ==> Building model..
[2025/10/19 14:40:45] - Test Loss 	 Test Acc 	 PGD Loss 	 PGD Acc
[2025/10/19 14:40:45] - 2.5834 	 	 0.5139 	 2.8743 	 0.2811
[2025/10/19 14:41:35] - 64 	 28.4 	 	 0.2000 	 4.0948 	 0.2783
[2025/10/19 14:41:35] - ==> Building model..
[2025/10/19 14:41:59] - Test Loss 	 Test Acc 	 PGD Loss 	 PGD Acc
[2025/10/19 14:41:59] - 2.5848 	 	 0.5148 	 2.8746 	 0.2814
[2025/10/19 14:42:49] - 65 	 28.3 	 	 0.2000 	 4.0952 	 0.2788
[2025/10/19 14:42:49] - ==> Building model..
[2025/10/19 14:43:13] - Test Loss 	 Test Acc 	 PGD Loss 	 PGD Acc
[2025/10/19 14:43:13] - 2.5860 	 	 0.5149 	 2.8751 	 0.2823
[2025/10/19 14:44:04] - 66 	 28.6 	 	 0.2000 	 4.0947 	 0.2775
[2025/10/19 14:44:04] - ==> Building model..
[2025/10/19 14:44:28] - Test Loss 	 Test Acc 	 PGD Loss 	 PGD Acc
[2025/10/19 14:44:28] - 2.5898 	 	 0.5161 	 2.8789 	 0.2823
[2025/10/19 14:45:19] - 67 	 28.6 	 	 0.2000 	 4.0930 	 0.2803
[2025/10/19 14:45:19] - ==> Building model..
[2025/10/19 14:45:42] - Test Loss 	 Test Acc 	 PGD Loss 	 PGD Acc
[2025/10/19 14:45:42] - 2.5898 	 	 0.5181 	 2.8788 	 0.2833
[2025/10/19 14:46:33] - 68 	 28.5 	 	 0.2000 	 4.0939 	 0.2808
[2025/10/19 14:46:33] - ==> Building model..
[2025/10/19 14:46:58] - Test Loss 	 Test Acc 	 PGD Loss 	 PGD Acc
[2025/10/19 14:46:58] - 2.5925 	 	 0.5166 	 2.8813 	 0.2831
[2025/10/19 14:47:49] - 69 	 28.8 	 	 0.2000 	 4.0955 	 0.2778
[2025/10/19 14:47:49] - ==> Building model..
[2025/10/19 14:48:13] - Test Loss 	 Test Acc 	 PGD Loss 	 PGD Acc
[2025/10/19 14:48:13] - 2.5941 	 	 0.5157 	 2.8827 	 0.2825
[2025/10/19 14:49:06] - 70 	 29.0 	 	 0.2000 	 4.0946 	 0.2777
[2025/10/19 14:49:06] - ==> Building model..
[2025/10/19 14:49:30] - Test Loss 	 Test Acc 	 PGD Loss 	 PGD Acc
[2025/10/19 14:49:30] - 2.5948 	 	 0.5171 	 2.8825 	 0.2829
[2025/10/19 14:50:21] - 71 	 28.8 	 	 0.2000 	 4.0931 	 0.2779
[2025/10/19 14:50:21] - ==> Building model..
[2025/10/19 14:50:46] - Test Loss 	 Test Acc 	 PGD Loss 	 PGD Acc
[2025/10/19 14:50:46] - 2.5938 	 	 0.5156 	 2.8816 	 0.2833
[2025/10/19 14:51:38] - 72 	 29.0 	 	 0.2000 	 4.0934 	 0.2797
[2025/10/19 14:51:38] - ==> Building model..
[2025/10/19 14:52:01] - Test Loss 	 Test Acc 	 PGD Loss 	 PGD Acc
[2025/10/19 14:52:01] - 2.5951 	 	 0.5166 	 2.8831 	 0.2839
[2025/10/19 14:52:55] - 73 	 29.6 	 	 0.2000 	 4.0931 	 0.2799
[2025/10/19 14:52:55] - ==> Building model..
[2025/10/19 14:53:19] - Test Loss 	 Test Acc 	 PGD Loss 	 PGD Acc
[2025/10/19 14:53:19] - 2.5965 	 	 0.5163 	 2.8844 	 0.2838
[2025/10/19 14:54:10] - 74 	 28.0 	 	 0.2000 	 4.0931 	 0.2804
[2025/10/19 14:54:10] - ==> Building model..
[2025/10/19 14:54:33] - Test Loss 	 Test Acc 	 PGD Loss 	 PGD Acc
[2025/10/19 14:54:33] - 2.5987 	 	 0.5161 	 2.8858 	 0.2840
[2025/10/19 14:55:25] - 75 	 28.5 	 	 0.2000 	 4.0931 	 0.2801
[2025/10/19 14:55:25] - ==> Building model..
[2025/10/19 14:55:48] - Test Loss 	 Test Acc 	 PGD Loss 	 PGD Acc
[2025/10/19 14:55:48] - 2.6004 	 	 0.5169 	 2.8870 	 0.2826
[2025/10/19 14:56:36] - 76 	 26.7 	 	 0.2000 	 4.0925 	 0.2790
[2025/10/19 14:56:36] - ==> Building model..
[2025/10/19 14:57:00] - Test Loss 	 Test Acc 	 PGD Loss 	 PGD Acc
[2025/10/19 14:57:00] - 2.6037 	 	 0.5169 	 2.8894 	 0.2821
[2025/10/19 14:57:49] - 77 	 27.2 	 	 0.2000 	 4.0922 	 0.2787
[2025/10/19 14:57:49] - ==> Building model..
[2025/10/19 14:58:13] - Test Loss 	 Test Acc 	 PGD Loss 	 PGD Acc
[2025/10/19 14:58:13] - 2.6056 	 	 0.5167 	 2.8905 	 0.2828
[2025/10/19 14:59:03] - 78 	 28.7 	 	 0.2000 	 4.0926 	 0.2776
[2025/10/19 14:59:03] - ==> Building model..
[2025/10/19 14:59:28] - Test Loss 	 Test Acc 	 PGD Loss 	 PGD Acc
[2025/10/19 14:59:28] - 2.6063 	 	 0.5162 	 2.8915 	 0.2825
[2025/10/19 15:00:20] - 79 	 28.7 	 	 0.2000 	 4.0920 	 0.2763
[2025/10/19 15:00:20] - ==> Building model..
[2025/10/19 15:00:43] - Test Loss 	 Test Acc 	 PGD Loss 	 PGD Acc
[2025/10/19 15:00:43] - 2.6080 	 	 0.5171 	 2.8940 	 0.2838
[2025/10/19 15:01:32] - 80 	 27.6 	 	 0.2000 	 4.0920 	 0.2786
[2025/10/19 15:01:32] - ==> Building model..
[2025/10/19 15:01:56] - Test Loss 	 Test Acc 	 PGD Loss 	 PGD Acc
[2025/10/19 15:01:56] - 2.6095 	 	 0.5165 	 2.8945 	 0.2834
[2025/10/19 15:02:44] - 81 	 26.4 	 	 0.2000 	 4.0929 	 0.2785
[2025/10/19 15:02:44] - ==> Building model..
[2025/10/19 15:03:08] - Test Loss 	 Test Acc 	 PGD Loss 	 PGD Acc
[2025/10/19 15:03:08] - 2.6119 	 	 0.5161 	 2.8963 	 0.2849
[2025/10/19 15:03:58] - 82 	 28.1 	 	 0.2000 	 4.0930 	 0.2792
[2025/10/19 15:03:58] - ==> Building model..
[2025/10/19 15:04:23] - Test Loss 	 Test Acc 	 PGD Loss 	 PGD Acc
[2025/10/19 15:04:23] - 2.6137 	 	 0.5152 	 2.8969 	 0.2840
[2025/10/19 15:05:14] - 83 	 28.8 	 	 0.2000 	 4.0940 	 0.2776
[2025/10/19 15:05:14] - ==> Building model..
[2025/10/19 15:05:38] - Test Loss 	 Test Acc 	 PGD Loss 	 PGD Acc
[2025/10/19 15:05:38] - 2.6146 	 	 0.5146 	 2.8977 	 0.2843
[2025/10/19 15:06:28] - 84 	 28.6 	 	 0.2000 	 4.0920 	 0.2786
[2025/10/19 15:06:28] - ==> Building model..
[2025/10/19 15:06:53] - Test Loss 	 Test Acc 	 PGD Loss 	 PGD Acc
[2025/10/19 15:06:53] - 2.6173 	 	 0.5144 	 2.8998 	 0.2851
[2025/10/19 15:07:44] - 85 	 28.5 	 	 0.2000 	 4.0930 	 0.2783
[2025/10/19 15:07:44] - ==> Building model..
[2025/10/19 15:08:08] - Test Loss 	 Test Acc 	 PGD Loss 	 PGD Acc
[2025/10/19 15:08:08] - 2.6178 	 	 0.5154 	 2.9001 	 0.2850
[2025/10/19 15:09:00] - 86 	 28.8 	 	 0.2000 	 4.0931 	 0.2751
[2025/10/19 15:09:00] - ==> Building model..
[2025/10/19 15:09:23] - Test Loss 	 Test Acc 	 PGD Loss 	 PGD Acc
[2025/10/19 15:09:23] - 2.6191 	 	 0.5154 	 2.9007 	 0.2846
[2025/10/19 15:10:14] - 87 	 28.5 	 	 0.2000 	 4.0948 	 0.2761
[2025/10/19 15:10:14] - ==> Building model..
[2025/10/19 15:10:38] - Test Loss 	 Test Acc 	 PGD Loss 	 PGD Acc
[2025/10/19 15:10:38] - 2.6197 	 	 0.5159 	 2.9015 	 0.2847
[2025/10/19 15:11:29] - 88 	 28.3 	 	 0.2000 	 4.0921 	 0.2813
[2025/10/19 15:11:29] - ==> Building model..
[2025/10/19 15:11:53] - Test Loss 	 Test Acc 	 PGD Loss 	 PGD Acc
[2025/10/19 15:11:53] - 2.6190 	 	 0.5163 	 2.9008 	 0.2848
[2025/10/19 15:12:43] - 89 	 28.3 	 	 0.2000 	 4.0934 	 0.2804
[2025/10/19 15:12:43] - ==> Building model..
[2025/10/19 15:13:06] - Test Loss 	 Test Acc 	 PGD Loss 	 PGD Acc
[2025/10/19 15:13:06] - 2.6190 	 	 0.5158 	 2.9013 	 0.2843
[2025/10/19 15:13:58] - 90 	 29.1 	 	 0.2000 	 4.0929 	 0.2815
[2025/10/19 15:13:58] - ==> Building model..
[2025/10/19 15:14:22] - Test Loss 	 Test Acc 	 PGD Loss 	 PGD Acc
[2025/10/19 15:14:22] - 2.6189 	 	 0.5154 	 2.9010 	 0.2849
[2025/10/19 15:15:12] - 91 	 28.2 	 	 0.2000 	 4.0912 	 0.2821
[2025/10/19 15:15:12] - ==> Building model..
[2025/10/19 15:15:36] - Test Loss 	 Test Acc 	 PGD Loss 	 PGD Acc
[2025/10/19 15:15:36] - 2.6173 	 	 0.5151 	 2.8987 	 0.2852
[2025/10/19 15:16:29] - 92 	 29.1 	 	 0.2000 	 4.0921 	 0.2784
[2025/10/19 15:16:29] - ==> Building model..
[2025/10/19 15:16:53] - Test Loss 	 Test Acc 	 PGD Loss 	 PGD Acc
[2025/10/19 15:16:53] - 2.6172 	 	 0.5153 	 2.8983 	 0.2857
[2025/10/19 15:17:44] - 93 	 28.4 	 	 0.2000 	 4.0927 	 0.2782
[2025/10/19 15:17:44] - ==> Building model..
[2025/10/19 15:18:08] - Test Loss 	 Test Acc 	 PGD Loss 	 PGD Acc
[2025/10/19 15:18:08] - 2.6168 	 	 0.5153 	 2.8979 	 0.2846
[2025/10/19 15:18:55] - 94 	 25.9 	 	 0.0200 	 4.0006 	 0.3409
[2025/10/19 15:18:55] - ==> Building model..
[2025/10/19 15:19:20] - Test Loss 	 Test Acc 	 PGD Loss 	 PGD Acc
[2025/10/19 15:19:20] - 2.6137 	 	 0.5162 	 2.8953 	 0.2847
[2025/10/19 15:20:11] - 95 	 27.8 	 	 0.0200 	 3.9077 	 0.4003
[2025/10/19 15:20:11] - ==> Building model..
[2025/10/19 15:20:34] - Test Loss 	 Test Acc 	 PGD Loss 	 PGD Acc
[2025/10/19 15:20:34] - 2.6124 	 	 0.5169 	 2.8950 	 0.2841
[2025/10/19 15:21:25] - 96 	 27.2 	 	 0.0200 	 3.8824 	 0.4195
[2025/10/19 15:21:25] - ==> Building model..
[2025/10/19 15:21:48] - Test Loss 	 Test Acc 	 PGD Loss 	 PGD Acc
[2025/10/19 15:21:48] - 2.6120 	 	 0.5175 	 2.8948 	 0.2844
[2025/10/19 15:22:39] - 97 	 27.5 	 	 0.0200 	 3.8656 	 0.4318
[2025/10/19 15:22:39] - ==> Building model..
[2025/10/19 15:23:03] - Test Loss 	 Test Acc 	 PGD Loss 	 PGD Acc
[2025/10/19 15:23:03] - 2.6132 	 	 0.5177 	 2.8956 	 0.2850
[2025/10/19 15:23:53] - 98 	 27.7 	 	 0.0200 	 3.8499 	 0.4409
[2025/10/19 15:23:53] - ==> Building model..
[2025/10/19 15:24:17] - Test Loss 	 Test Acc 	 PGD Loss 	 PGD Acc
[2025/10/19 15:24:17] - 2.6140 	 	 0.5178 	 2.8962 	 0.2849
[2025/10/19 15:25:07] - 99 	 27.4 	 	 0.0020 	 3.8180 	 0.4655
[2025/10/19 15:25:07] - ==> Building model..
[2025/10/19 15:25:31] - Test Loss 	 Test Acc 	 PGD Loss 	 PGD Acc
[2025/10/19 15:25:31] - 2.6144 	 	 0.5178 	 2.8968 	 0.2846
[2025/10/19 15:26:22] - 100 	 27.5 	 	 0.0020 	 3.7901 	 0.4880
[2025/10/19 15:26:22] - ==> Building model..
[2025/10/19 15:26:46] - Test Loss 	 Test Acc 	 PGD Loss 	 PGD Acc
[2025/10/19 15:26:46] - 2.6154 	 	 0.5174 	 2.8978 	 0.2847
[2025/10/19 15:27:37] - 101 	 28.1 	 	 0.0020 	 3.7836 	 0.4936
[2025/10/19 15:27:37] - ==> Building model..
[2025/10/19 15:28:01] - Test Loss 	 Test Acc 	 PGD Loss 	 PGD Acc
[2025/10/19 15:28:01] - 2.6159 	 	 0.5174 	 2.8979 	 0.2840
[2025/10/19 15:28:50] - 102 	 27.4 	 	 0.0020 	 3.7781 	 0.4981
[2025/10/19 15:28:50] - ==> Building model..
[2025/10/19 15:29:14] - Test Loss 	 Test Acc 	 PGD Loss 	 PGD Acc
[2025/10/19 15:29:14] - 2.6164 	 	 0.5173 	 2.8986 	 0.2849
[2025/10/19 15:30:05] - 103 	 27.7 	 	 0.0020 	 3.7739 	 0.5001
[2025/10/19 15:30:05] - ==> Building model..
[2025/10/19 15:30:29] - Test Loss 	 Test Acc 	 PGD Loss 	 PGD Acc
[2025/10/19 15:30:29] - 2.6164 	 	 0.5173 	 2.8988 	 0.2844
[2025/10/19 15:31:22] - 104 	 28.5 	 	 0.0020 	 3.7699 	 0.5040
[2025/10/19 15:31:22] - ==> Building model..
[2025/10/19 15:31:46] - Test Loss 	 Test Acc 	 PGD Loss 	 PGD Acc
[2025/10/19 15:31:46] - 2.6170 	 	 0.5173 	 2.8992 	 0.2849
[2025/10/19 15:32:37] - 105 	 27.7 	 	 0.0020 	 3.7658 	 0.5077
[2025/10/19 15:32:37] - ==> Building model..
[2025/10/19 15:33:01] - Test Loss 	 Test Acc 	 PGD Loss 	 PGD Acc
[2025/10/19 15:33:01] - 2.6170 	 	 0.5173 	 2.8989 	 0.2853
[2025/10/19 15:33:53] - 106 	 28.3 	 	 0.0020 	 3.7616 	 0.5128
[2025/10/19 15:33:53] - ==> Building model..
[2025/10/19 15:34:17] - Test Loss 	 Test Acc 	 PGD Loss 	 PGD Acc
[2025/10/19 15:34:17] - 2.6170 	 	 0.5173 	 2.8988 	 0.2845
[2025/10/19 15:35:05] - 107 	 26.1 	 	 0.0020 	 3.7589 	 0.5150
[2025/10/19 15:35:05] - ==> Building model..
[2025/10/19 15:35:29] - Test Loss 	 Test Acc 	 PGD Loss 	 PGD Acc
[2025/10/19 15:35:29] - 2.6170 	 	 0.5173 	 2.8988 	 0.2843
[2025/10/19 15:36:20] - 108 	 28.3 	 	 0.0020 	 3.7537 	 0.5173
[2025/10/19 15:36:20] - ==> Building model..
[2025/10/19 15:36:45] - Test Loss 	 Test Acc 	 PGD Loss 	 PGD Acc
[2025/10/19 15:36:45] - 2.6177 	 	 0.5176 	 2.8996 	 0.2850
[2025/10/19 15:37:35] - 109 	 27.6 	 	 0.0020 	 3.7507 	 0.5202
[2025/10/19 15:37:35] - ==> Building model..
[2025/10/19 15:37:59] - Test Loss 	 Test Acc 	 PGD Loss 	 PGD Acc
[2025/10/19 15:37:59] - 2.6177 	 	 0.5176 	 2.9000 	 0.2845
[2025/10/19 15:37:59] - [0.0801, 0.1233, 0.1741, 0.2241, 0.2762, 0.3198, 0.3535, 0.3815, 0.3993, 0.4143, 0.4275, 0.4336, 0.4462, 0.4512, 0.4559, 0.4601, 0.4675, 0.4698, 0.4755, 0.4776, 0.4796, 0.4819, 0.484, 0.4874, 0.4892, 0.4904, 0.4895, 0.4907, 0.494, 0.4942, 0.4948, 0.4961, 0.4984, 0.5002, 0.5022, 0.5048, 0.5065, 0.508, 0.5101, 0.5086, 0.5092, 0.5099, 0.5126, 0.5128, 0.5128, 0.5118, 0.5133, 0.513, 0.5111, 0.5117, 0.5124, 0.5137, 0.5136, 0.5128, 0.5125, 0.5138, 0.5142, 0.5143, 0.5142, 0.5141, 0.5145, 0.5139, 0.5137, 0.5139, 0.5148, 0.5149, 0.5161, 0.5181, 0.5166, 0.5157, 0.5171, 0.5156, 0.5166, 0.5163, 0.5161, 0.5169, 0.5169, 0.5167, 0.5162, 0.5171, 0.5165, 0.5161, 0.5152, 0.5146, 0.5144, 0.5154, 0.5154, 0.5159, 0.5163, 0.5158, 0.5154, 0.5151, 0.5153, 0.5153, 0.5162, 0.5169, 0.5175, 0.5177, 0.5178, 0.5178, 0.5174, 0.5174, 0.5173, 0.5173, 0.5173, 0.5173, 0.5173, 0.5173, 0.5176, 0.5176]
[2025/10/19 15:37:59] - [0.0536, 0.0796, 0.1051, 0.1355, 0.1627, 0.1862, 0.1945, 0.208, 0.2161, 0.2199, 0.2263, 0.2337, 0.239, 0.2424, 0.2464, 0.2462, 0.2504, 0.2534, 0.2548, 0.2563, 0.2585, 0.2592, 0.2608, 0.2633, 0.2641, 0.2629, 0.264, 0.2656, 0.2669, 0.267, 0.2661, 0.2683, 0.2691, 0.2709, 0.2735, 0.2731, 0.2737, 0.2755, 0.274, 0.2748, 0.2734, 0.2754, 0.2759, 0.2759, 0.2757, 0.2775, 0.2775, 0.278, 0.2772, 0.279, 0.2795, 0.28, 0.2816, 0.2807, 0.2805, 0.2809, 0.2819, 0.2832, 0.2819, 0.2816, 0.2811, 0.2817, 0.2809, 0.2811, 0.2814, 0.2823, 0.2823, 0.2833, 0.2831, 0.2825, 0.2829, 0.2833, 0.2839, 0.2838, 0.284, 0.2826, 0.2821, 0.2828, 0.2825, 0.2838, 0.2834, 0.2849, 0.284, 0.2843, 0.2851, 0.285, 0.2846, 0.2847, 0.2848, 0.2843, 0.2849, 0.2852, 0.2857, 0.2846, 0.2847, 0.2841, 0.2844, 0.285, 0.2849, 0.2846, 0.2847, 0.284, 0.2849, 0.2844, 0.2849, 0.2853, 0.2845, 0.2843, 0.285, 0.2845]
