[2025/10/14 22:18:44] - Namespace(batch_size=128, data_dir='cifar-data', epochs=100, lr_schedule='multistep', lr_min=0.0, lr_max=0.2, weight_decay=0.0005, momentum=0.9, model='ResNet18', epsilon=8, alpha=8, delta_init='random', normal_mean=0, normal_std=1, out_dir='./output/CIFAR100/lamda_37_lamscale_0.08_run3', seed=0, lamda=37.0, lam_scale=0.08, lam_start=50, gamma=0.05, inner_gamma=0.05, beta=0.2, mu=3.5, batch_m=0.75, early_stop=False, factor=0.5, length=4, n_holes=1, c_num=0.125, EMA_value=0.55)
[2025/10/14 22:18:45] - ==> Building model..
[2025/10/14 22:18:45] - Epoch 	 Seconds 	 LR 	 	 Train Loss 	 Train Acc
[2025/10/14 22:19:37] - 0 	 24.8 	 	 0.2000 	 4.5826 	 0.0366
[2025/10/14 22:19:37] - ==> Building model..
[2025/10/14 22:19:56] - Test Loss 	 Test Acc 	 PGD Loss 	 PGD Acc
[2025/10/14 22:19:56] - 4.2461 	 	 0.0834 	 4.2588 	 0.0579
[2025/10/14 22:20:47] - 1 	 23.9 	 	 0.2000 	 4.4610 	 0.0769
[2025/10/14 22:20:47] - ==> Building model..
[2025/10/14 22:21:07] - Test Loss 	 Test Acc 	 PGD Loss 	 PGD Acc
[2025/10/14 22:21:07] - 4.0442 	 	 0.1345 	 4.0708 	 0.0895
[2025/10/14 22:21:57] - 2 	 23.8 	 	 0.2000 	 4.4061 	 0.1048
[2025/10/14 22:21:57] - ==> Building model..
[2025/10/14 22:22:17] - Test Loss 	 Test Acc 	 PGD Loss 	 PGD Acc
[2025/10/14 22:22:17] - 3.8851 	 	 0.1852 	 3.9322 	 0.1184
[2025/10/14 22:23:08] - 3 	 24.2 	 	 0.2000 	 4.3560 	 0.1294
[2025/10/14 22:23:08] - ==> Building model..
[2025/10/14 22:23:28] - Test Loss 	 Test Acc 	 PGD Loss 	 PGD Acc
[2025/10/14 22:23:28] - 3.7200 	 	 0.2399 	 3.7918 	 0.1406
[2025/10/14 22:24:19] - 4 	 24.0 	 	 0.2000 	 4.3097 	 0.1521
[2025/10/14 22:24:19] - ==> Building model..
[2025/10/14 22:24:38] - Test Loss 	 Test Acc 	 PGD Loss 	 PGD Acc
[2025/10/14 22:24:38] - 3.5947 	 	 0.2766 	 3.6884 	 0.1619
[2025/10/14 22:25:29] - 5 	 23.9 	 	 0.2000 	 4.2714 	 0.1714
[2025/10/14 22:25:29] - ==> Building model..
[2025/10/14 22:25:49] - Test Loss 	 Test Acc 	 PGD Loss 	 PGD Acc
[2025/10/14 22:25:49] - 3.3798 	 	 0.3169 	 3.5053 	 0.1796
[2025/10/14 22:26:38] - 6 	 23.2 	 	 0.2000 	 4.2398 	 0.1897
[2025/10/14 22:26:38] - ==> Building model..
[2025/10/14 22:26:57] - Test Loss 	 Test Acc 	 PGD Loss 	 PGD Acc
[2025/10/14 22:26:57] - 3.1859 	 	 0.3557 	 3.3428 	 0.1942
[2025/10/14 22:27:46] - 7 	 23.5 	 	 0.2000 	 4.2194 	 0.2016
[2025/10/14 22:27:46] - ==> Building model..
[2025/10/14 22:28:05] - Test Loss 	 Test Acc 	 PGD Loss 	 PGD Acc
[2025/10/14 22:28:05] - 3.0477 	 	 0.3849 	 3.2322 	 0.2106
[2025/10/14 22:28:53] - 8 	 23.2 	 	 0.2000 	 4.2009 	 0.2090
[2025/10/14 22:28:53] - ==> Building model..
[2025/10/14 22:29:12] - Test Loss 	 Test Acc 	 PGD Loss 	 PGD Acc
[2025/10/14 22:29:12] - 2.9466 	 	 0.4068 	 3.1538 	 0.2223
[2025/10/14 22:30:00] - 9 	 23.0 	 	 0.2000 	 4.1855 	 0.2207
[2025/10/14 22:30:00] - ==> Building model..
[2025/10/14 22:30:20] - Test Loss 	 Test Acc 	 PGD Loss 	 PGD Acc
[2025/10/14 22:30:20] - 2.8932 	 	 0.4222 	 3.1125 	 0.2265
[2025/10/14 22:31:09] - 10 	 23.2 	 	 0.2000 	 4.1737 	 0.2259
[2025/10/14 22:31:09] - ==> Building model..
[2025/10/14 22:31:28] - Test Loss 	 Test Acc 	 PGD Loss 	 PGD Acc
[2025/10/14 22:31:28] - 2.8475 	 	 0.4329 	 3.0786 	 0.2341
[2025/10/14 22:32:18] - 11 	 23.5 	 	 0.2000 	 4.1646 	 0.2315
[2025/10/14 22:32:18] - ==> Building model..
[2025/10/14 22:32:37] - Test Loss 	 Test Acc 	 PGD Loss 	 PGD Acc
[2025/10/14 22:32:37] - 2.8086 	 	 0.4397 	 3.0482 	 0.2395
[2025/10/14 22:33:28] - 12 	 24.5 	 	 0.2000 	 4.1553 	 0.2356
[2025/10/14 22:33:28] - ==> Building model..
[2025/10/14 22:33:48] - Test Loss 	 Test Acc 	 PGD Loss 	 PGD Acc
[2025/10/14 22:33:48] - 2.7730 	 	 0.4514 	 3.0202 	 0.2431
[2025/10/14 22:34:39] - 13 	 24.2 	 	 0.2000 	 4.1517 	 0.2389
[2025/10/14 22:34:39] - ==> Building model..
[2025/10/14 22:34:58] - Test Loss 	 Test Acc 	 PGD Loss 	 PGD Acc
[2025/10/14 22:34:58] - 2.7464 	 	 0.4553 	 3.0000 	 0.2448
[2025/10/14 22:35:48] - 14 	 23.6 	 	 0.2000 	 4.1463 	 0.2428
[2025/10/14 22:35:48] - ==> Building model..
[2025/10/14 22:36:08] - Test Loss 	 Test Acc 	 PGD Loss 	 PGD Acc
[2025/10/14 22:36:08] - 2.7290 	 	 0.4597 	 2.9873 	 0.2488
[2025/10/14 22:36:58] - 15 	 23.6 	 	 0.2000 	 4.1389 	 0.2459
[2025/10/14 22:36:58] - ==> Building model..
[2025/10/14 22:37:17] - Test Loss 	 Test Acc 	 PGD Loss 	 PGD Acc
[2025/10/14 22:37:17] - 2.7026 	 	 0.4646 	 2.9665 	 0.2544
[2025/10/14 22:38:09] - 16 	 24.1 	 	 0.2000 	 4.1344 	 0.2479
[2025/10/14 22:38:09] - ==> Building model..
[2025/10/14 22:38:28] - Test Loss 	 Test Acc 	 PGD Loss 	 PGD Acc
[2025/10/14 22:38:28] - 2.6845 	 	 0.4699 	 2.9522 	 0.2551
[2025/10/14 22:39:17] - 17 	 23.4 	 	 0.2000 	 4.1323 	 0.2504
[2025/10/14 22:39:17] - ==> Building model..
[2025/10/14 22:39:36] - Test Loss 	 Test Acc 	 PGD Loss 	 PGD Acc
[2025/10/14 22:39:36] - 2.6699 	 	 0.4740 	 2.9416 	 0.2556
[2025/10/14 22:40:26] - 18 	 23.2 	 	 0.2000 	 4.1267 	 0.2532
[2025/10/14 22:40:26] - ==> Building model..
[2025/10/14 22:40:45] - Test Loss 	 Test Acc 	 PGD Loss 	 PGD Acc
[2025/10/14 22:40:45] - 2.6560 	 	 0.4765 	 2.9314 	 0.2569
[2025/10/14 22:41:34] - 19 	 23.2 	 	 0.2000 	 4.1227 	 0.2563
[2025/10/14 22:41:34] - ==> Building model..
[2025/10/14 22:41:53] - Test Loss 	 Test Acc 	 PGD Loss 	 PGD Acc
[2025/10/14 22:41:53] - 2.6487 	 	 0.4787 	 2.9272 	 0.2589
[2025/10/14 22:42:43] - 20 	 23.3 	 	 0.2000 	 4.1226 	 0.2577
[2025/10/14 22:42:43] - ==> Building model..
[2025/10/14 22:43:02] - Test Loss 	 Test Acc 	 PGD Loss 	 PGD Acc
[2025/10/14 22:43:02] - 2.6440 	 	 0.4800 	 2.9244 	 0.2606
[2025/10/14 22:43:54] - 21 	 24.1 	 	 0.2000 	 4.1179 	 0.2576
[2025/10/14 22:43:54] - ==> Building model..
[2025/10/14 22:44:12] - Test Loss 	 Test Acc 	 PGD Loss 	 PGD Acc
[2025/10/14 22:44:12] - 2.6394 	 	 0.4830 	 2.9215 	 0.2616
[2025/10/14 22:45:02] - 22 	 23.5 	 	 0.2000 	 4.1189 	 0.2578
[2025/10/14 22:45:02] - ==> Building model..
[2025/10/14 22:45:22] - Test Loss 	 Test Acc 	 PGD Loss 	 PGD Acc
[2025/10/14 22:45:22] - 2.6248 	 	 0.4892 	 2.9109 	 0.2628
[2025/10/14 22:46:12] - 23 	 23.8 	 	 0.2000 	 4.1170 	 0.2573
[2025/10/14 22:46:12] - ==> Building model..
[2025/10/14 22:46:31] - Test Loss 	 Test Acc 	 PGD Loss 	 PGD Acc
[2025/10/14 22:46:31] - 2.6169 	 	 0.4938 	 2.9053 	 0.2645
[2025/10/14 22:47:22] - 24 	 24.2 	 	 0.2000 	 4.1131 	 0.2607
[2025/10/14 22:47:22] - ==> Building model..
[2025/10/14 22:47:42] - Test Loss 	 Test Acc 	 PGD Loss 	 PGD Acc
[2025/10/14 22:47:42] - 2.6104 	 	 0.4933 	 2.8998 	 0.2628
[2025/10/14 22:48:31] - 25 	 23.8 	 	 0.2000 	 4.1106 	 0.2641
[2025/10/14 22:48:31] - ==> Building model..
[2025/10/14 22:48:51] - Test Loss 	 Test Acc 	 PGD Loss 	 PGD Acc
[2025/10/14 22:48:51] - 2.5978 	 	 0.4956 	 2.8900 	 0.2644
[2025/10/14 22:49:43] - 26 	 24.7 	 	 0.2000 	 4.1076 	 0.2647
[2025/10/14 22:49:43] - ==> Building model..
[2025/10/14 22:50:03] - Test Loss 	 Test Acc 	 PGD Loss 	 PGD Acc
[2025/10/14 22:50:03] - 2.5921 	 	 0.4970 	 2.8856 	 0.2652
[2025/10/14 22:50:55] - 27 	 24.4 	 	 0.2000 	 4.1067 	 0.2658
[2025/10/14 22:50:55] - ==> Building model..
[2025/10/14 22:51:15] - Test Loss 	 Test Acc 	 PGD Loss 	 PGD Acc
[2025/10/14 22:51:15] - 2.5882 	 	 0.4986 	 2.8824 	 0.2669
[2025/10/14 22:52:07] - 28 	 24.8 	 	 0.2000 	 4.1062 	 0.2651
[2025/10/14 22:52:07] - ==> Building model..
[2025/10/14 22:52:27] - Test Loss 	 Test Acc 	 PGD Loss 	 PGD Acc
[2025/10/14 22:52:27] - 2.5854 	 	 0.4993 	 2.8803 	 0.2697
[2025/10/14 22:53:18] - 29 	 24.8 	 	 0.2000 	 4.1040 	 0.2680
[2025/10/14 22:53:18] - ==> Building model..
[2025/10/14 22:53:39] - Test Loss 	 Test Acc 	 PGD Loss 	 PGD Acc
[2025/10/14 22:53:39] - 2.5846 	 	 0.4986 	 2.8804 	 0.2686
[2025/10/14 22:54:30] - 30 	 24.6 	 	 0.2000 	 4.1041 	 0.2675
[2025/10/14 22:54:30] - ==> Building model..
[2025/10/14 22:54:51] - Test Loss 	 Test Acc 	 PGD Loss 	 PGD Acc
[2025/10/14 22:54:51] - 2.5825 	 	 0.4982 	 2.8785 	 0.2686
[2025/10/14 22:55:43] - 31 	 24.6 	 	 0.2000 	 4.1030 	 0.2679
[2025/10/14 22:55:43] - ==> Building model..
[2025/10/14 22:56:03] - Test Loss 	 Test Acc 	 PGD Loss 	 PGD Acc
[2025/10/14 22:56:03] - 2.5774 	 	 0.5010 	 2.8746 	 0.2710
[2025/10/14 22:56:52] - 32 	 23.8 	 	 0.2000 	 4.1016 	 0.2681
[2025/10/14 22:56:52] - ==> Building model..
[2025/10/14 22:57:12] - Test Loss 	 Test Acc 	 PGD Loss 	 PGD Acc
[2025/10/14 22:57:12] - 2.5737 	 	 0.5037 	 2.8718 	 0.2729
[2025/10/14 22:58:03] - 33 	 23.9 	 	 0.2000 	 4.0997 	 0.2677
[2025/10/14 22:58:03] - ==> Building model..
[2025/10/14 22:58:22] - Test Loss 	 Test Acc 	 PGD Loss 	 PGD Acc
[2025/10/14 22:58:22] - 2.5688 	 	 0.5046 	 2.8679 	 0.2719
[2025/10/14 22:59:12] - 34 	 24.0 	 	 0.2000 	 4.0995 	 0.2671
[2025/10/14 22:59:12] - ==> Building model..
[2025/10/14 22:59:32] - Test Loss 	 Test Acc 	 PGD Loss 	 PGD Acc
[2025/10/14 22:59:32] - 2.5658 	 	 0.5042 	 2.8659 	 0.2725
[2025/10/14 23:00:22] - 35 	 23.8 	 	 0.2000 	 4.0970 	 0.2708
[2025/10/14 23:00:22] - ==> Building model..
[2025/10/14 23:00:42] - Test Loss 	 Test Acc 	 PGD Loss 	 PGD Acc
[2025/10/14 23:00:42] - 2.5628 	 	 0.5065 	 2.8641 	 0.2729
[2025/10/14 23:01:31] - 36 	 23.8 	 	 0.2000 	 4.0972 	 0.2705
[2025/10/14 23:01:31] - ==> Building model..
[2025/10/14 23:01:51] - Test Loss 	 Test Acc 	 PGD Loss 	 PGD Acc
[2025/10/14 23:01:51] - 2.5594 	 	 0.5078 	 2.8625 	 0.2741
[2025/10/14 23:02:42] - 37 	 24.4 	 	 0.2000 	 4.0969 	 0.2691
[2025/10/14 23:02:42] - ==> Building model..
[2025/10/14 23:03:02] - Test Loss 	 Test Acc 	 PGD Loss 	 PGD Acc
[2025/10/14 23:03:02] - 2.5572 	 	 0.5102 	 2.8606 	 0.2752
[2025/10/14 23:03:52] - 38 	 24.0 	 	 0.2000 	 4.0942 	 0.2719
[2025/10/14 23:03:52] - ==> Building model..
[2025/10/14 23:04:12] - Test Loss 	 Test Acc 	 PGD Loss 	 PGD Acc
[2025/10/14 23:04:12] - 2.5544 	 	 0.5079 	 2.8580 	 0.2754
[2025/10/14 23:05:03] - 39 	 24.5 	 	 0.2000 	 4.0947 	 0.2719
[2025/10/14 23:05:03] - ==> Building model..
[2025/10/14 23:05:24] - Test Loss 	 Test Acc 	 PGD Loss 	 PGD Acc
[2025/10/14 23:05:24] - 2.5519 	 	 0.5104 	 2.8554 	 0.2739
[2025/10/14 23:06:16] - 40 	 24.7 	 	 0.2000 	 4.0943 	 0.2747
[2025/10/14 23:06:16] - ==> Building model..
[2025/10/14 23:06:36] - Test Loss 	 Test Acc 	 PGD Loss 	 PGD Acc
[2025/10/14 23:06:36] - 2.5523 	 	 0.5100 	 2.8560 	 0.2759
[2025/10/14 23:07:28] - 41 	 24.6 	 	 0.2000 	 4.0948 	 0.2722
[2025/10/14 23:07:28] - ==> Building model..
[2025/10/14 23:07:48] - Test Loss 	 Test Acc 	 PGD Loss 	 PGD Acc
[2025/10/14 23:07:48] - 2.5495 	 	 0.5105 	 2.8540 	 0.2757
[2025/10/14 23:08:41] - 42 	 25.1 	 	 0.2000 	 4.0943 	 0.2728
[2025/10/14 23:08:41] - ==> Building model..
[2025/10/14 23:09:01] - Test Loss 	 Test Acc 	 PGD Loss 	 PGD Acc
[2025/10/14 23:09:01] - 2.5457 	 	 0.5121 	 2.8515 	 0.2772
[2025/10/14 23:09:53] - 43 	 24.6 	 	 0.2000 	 4.0923 	 0.2733
[2025/10/14 23:09:53] - ==> Building model..
[2025/10/14 23:10:13] - Test Loss 	 Test Acc 	 PGD Loss 	 PGD Acc
[2025/10/14 23:10:13] - 2.5465 	 	 0.5131 	 2.8521 	 0.2763
[2025/10/14 23:11:05] - 44 	 24.6 	 	 0.2000 	 4.0925 	 0.2741
[2025/10/14 23:11:05] - ==> Building model..
[2025/10/14 23:11:24] - Test Loss 	 Test Acc 	 PGD Loss 	 PGD Acc
[2025/10/14 23:11:24] - 2.5424 	 	 0.5141 	 2.8495 	 0.2793
[2025/10/14 23:12:16] - 45 	 24.5 	 	 0.2000 	 4.0911 	 0.2747
[2025/10/14 23:12:16] - ==> Building model..
[2025/10/14 23:12:36] - Test Loss 	 Test Acc 	 PGD Loss 	 PGD Acc
[2025/10/14 23:12:36] - 2.5488 	 	 0.5141 	 2.8544 	 0.2776
[2025/10/14 23:13:27] - 46 	 24.5 	 	 0.2000 	 4.0896 	 0.2751
[2025/10/14 23:13:27] - ==> Building model..
[2025/10/14 23:13:47] - Test Loss 	 Test Acc 	 PGD Loss 	 PGD Acc
[2025/10/14 23:13:47] - 2.5553 	 	 0.5130 	 2.8612 	 0.2764
[2025/10/14 23:14:38] - 47 	 24.3 	 	 0.2000 	 4.0906 	 0.2740
[2025/10/14 23:14:38] - ==> Building model..
[2025/10/14 23:14:57] - Test Loss 	 Test Acc 	 PGD Loss 	 PGD Acc
[2025/10/14 23:14:57] - 2.5517 	 	 0.5128 	 2.8581 	 0.2767
[2025/10/14 23:15:47] - 48 	 23.4 	 	 0.2000 	 4.0882 	 0.2771
[2025/10/14 23:15:47] - ==> Building model..
[2025/10/14 23:16:06] - Test Loss 	 Test Acc 	 PGD Loss 	 PGD Acc
[2025/10/14 23:16:06] - 2.5498 	 	 0.5132 	 2.8557 	 0.2778
[2025/10/14 23:16:56] - 49 	 23.6 	 	 0.2000 	 4.0870 	 0.2757
[2025/10/14 23:16:56] - ==> Building model..
[2025/10/14 23:17:16] - Test Loss 	 Test Acc 	 PGD Loss 	 PGD Acc
[2025/10/14 23:17:16] - 2.5481 	 	 0.5137 	 2.8532 	 0.2772
[2025/10/14 23:18:05] - 50 	 23.6 	 	 0.2000 	 4.0879 	 0.2742
[2025/10/14 23:18:05] - ==> Building model..
[2025/10/14 23:18:24] - Test Loss 	 Test Acc 	 PGD Loss 	 PGD Acc
[2025/10/14 23:18:24] - 2.5460 	 	 0.5130 	 2.8516 	 0.2765
[2025/10/14 23:19:15] - 51 	 23.9 	 	 0.2000 	 4.0884 	 0.2757
[2025/10/14 23:19:15] - ==> Building model..
[2025/10/14 23:19:36] - Test Loss 	 Test Acc 	 PGD Loss 	 PGD Acc
[2025/10/14 23:19:36] - 2.5445 	 	 0.5131 	 2.8509 	 0.2767
[2025/10/14 23:20:27] - 52 	 24.3 	 	 0.2000 	 4.0884 	 0.2750
[2025/10/14 23:20:27] - ==> Building model..
[2025/10/14 23:20:46] - Test Loss 	 Test Acc 	 PGD Loss 	 PGD Acc
[2025/10/14 23:20:46] - 2.5448 	 	 0.5135 	 2.8514 	 0.2763
[2025/10/14 23:21:35] - 53 	 23.6 	 	 0.2000 	 4.0876 	 0.2787
[2025/10/14 23:21:35] - ==> Building model..
[2025/10/14 23:21:55] - Test Loss 	 Test Acc 	 PGD Loss 	 PGD Acc
[2025/10/14 23:21:55] - 2.5426 	 	 0.5147 	 2.8489 	 0.2762
[2025/10/14 23:22:46] - 54 	 23.8 	 	 0.2000 	 4.0901 	 0.2760
[2025/10/14 23:22:46] - ==> Building model..
[2025/10/14 23:23:05] - Test Loss 	 Test Acc 	 PGD Loss 	 PGD Acc
[2025/10/14 23:23:05] - 2.5405 	 	 0.5156 	 2.8465 	 0.2763
[2025/10/14 23:23:54] - 55 	 23.5 	 	 0.2000 	 4.0885 	 0.2768
[2025/10/14 23:23:54] - ==> Building model..
[2025/10/14 23:24:14] - Test Loss 	 Test Acc 	 PGD Loss 	 PGD Acc
[2025/10/14 23:24:14] - 2.5406 	 	 0.5161 	 2.8466 	 0.2772
[2025/10/14 23:25:03] - 56 	 23.8 	 	 0.2000 	 4.0898 	 0.2766
[2025/10/14 23:25:03] - ==> Building model..
[2025/10/14 23:25:24] - Test Loss 	 Test Acc 	 PGD Loss 	 PGD Acc
[2025/10/14 23:25:24] - 2.5430 	 	 0.5157 	 2.8479 	 0.2789
[2025/10/14 23:26:13] - 57 	 23.4 	 	 0.2000 	 4.0908 	 0.2774
[2025/10/14 23:26:13] - ==> Building model..
[2025/10/14 23:26:32] - Test Loss 	 Test Acc 	 PGD Loss 	 PGD Acc
[2025/10/14 23:26:32] - 2.5448 	 	 0.5151 	 2.8493 	 0.2792
[2025/10/14 23:27:23] - 58 	 23.4 	 	 0.2000 	 4.0890 	 0.2790
[2025/10/14 23:27:23] - ==> Building model..
[2025/10/14 23:27:42] - Test Loss 	 Test Acc 	 PGD Loss 	 PGD Acc
[2025/10/14 23:27:42] - 2.5503 	 	 0.5147 	 2.8536 	 0.2785
[2025/10/14 23:28:31] - 59 	 23.4 	 	 0.2000 	 4.0904 	 0.2778
[2025/10/14 23:28:31] - ==> Building model..
[2025/10/14 23:28:51] - Test Loss 	 Test Acc 	 PGD Loss 	 PGD Acc
[2025/10/14 23:28:51] - 2.5531 	 	 0.5155 	 2.8558 	 0.2786
[2025/10/14 23:29:41] - 60 	 23.5 	 	 0.2000 	 4.0893 	 0.2786
[2025/10/14 23:29:41] - ==> Building model..
[2025/10/14 23:30:00] - Test Loss 	 Test Acc 	 PGD Loss 	 PGD Acc
[2025/10/14 23:30:00] - 2.5547 	 	 0.5160 	 2.8568 	 0.2786
[2025/10/14 23:30:50] - 61 	 23.3 	 	 0.2000 	 4.0909 	 0.2774
[2025/10/14 23:30:50] - ==> Building model..
[2025/10/14 23:31:10] - Test Loss 	 Test Acc 	 PGD Loss 	 PGD Acc
[2025/10/14 23:31:10] - 2.5569 	 	 0.5159 	 2.8577 	 0.2781
[2025/10/14 23:31:58] - 62 	 23.4 	 	 0.2000 	 4.0904 	 0.2778
[2025/10/14 23:31:58] - ==> Building model..
[2025/10/14 23:32:17] - Test Loss 	 Test Acc 	 PGD Loss 	 PGD Acc
[2025/10/14 23:32:17] - 2.5590 	 	 0.5150 	 2.8589 	 0.2792
[2025/10/14 23:33:07] - 63 	 23.4 	 	 0.2000 	 4.0925 	 0.2791
[2025/10/14 23:33:07] - ==> Building model..
[2025/10/14 23:33:26] - Test Loss 	 Test Acc 	 PGD Loss 	 PGD Acc
[2025/10/14 23:33:26] - 2.5615 	 	 0.5155 	 2.8609 	 0.2800
[2025/10/14 23:34:17] - 64 	 23.2 	 	 0.2000 	 4.0908 	 0.2797
[2025/10/14 23:34:17] - ==> Building model..
[2025/10/14 23:34:36] - Test Loss 	 Test Acc 	 PGD Loss 	 PGD Acc
[2025/10/14 23:34:36] - 2.5633 	 	 0.5153 	 2.8619 	 0.2808
[2025/10/14 23:35:26] - 65 	 23.2 	 	 0.2000 	 4.0919 	 0.2781
[2025/10/14 23:35:26] - ==> Building model..
[2025/10/14 23:35:45] - Test Loss 	 Test Acc 	 PGD Loss 	 PGD Acc
[2025/10/14 23:35:45] - 2.5660 	 	 0.5156 	 2.8640 	 0.2798
[2025/10/14 23:36:33] - 66 	 23.4 	 	 0.2000 	 4.0913 	 0.2769
[2025/10/14 23:36:33] - ==> Building model..
[2025/10/14 23:36:52] - Test Loss 	 Test Acc 	 PGD Loss 	 PGD Acc
[2025/10/14 23:36:52] - 2.5671 	 	 0.5162 	 2.8646 	 0.2802
[2025/10/14 23:37:43] - 67 	 23.8 	 	 0.2000 	 4.0914 	 0.2782
[2025/10/14 23:37:43] - ==> Building model..
[2025/10/14 23:38:02] - Test Loss 	 Test Acc 	 PGD Loss 	 PGD Acc
[2025/10/14 23:38:02] - 2.5682 	 	 0.5156 	 2.8650 	 0.2806
[2025/10/14 23:38:53] - 68 	 23.7 	 	 0.2000 	 4.0912 	 0.2781
[2025/10/14 23:38:53] - ==> Building model..
[2025/10/14 23:39:12] - Test Loss 	 Test Acc 	 PGD Loss 	 PGD Acc
[2025/10/14 23:39:12] - 2.5696 	 	 0.5155 	 2.8656 	 0.2808
[2025/10/14 23:40:04] - 69 	 24.1 	 	 0.2000 	 4.0917 	 0.2787
[2025/10/14 23:40:04] - ==> Building model..
[2025/10/14 23:40:23] - Test Loss 	 Test Acc 	 PGD Loss 	 PGD Acc
[2025/10/14 23:40:23] - 2.5703 	 	 0.5154 	 2.8659 	 0.2813
[2025/10/14 23:41:13] - 70 	 24.3 	 	 0.2000 	 4.0926 	 0.2777
[2025/10/14 23:41:13] - ==> Building model..
[2025/10/14 23:41:33] - Test Loss 	 Test Acc 	 PGD Loss 	 PGD Acc
[2025/10/14 23:41:33] - 2.5735 	 	 0.5156 	 2.8682 	 0.2811
[2025/10/14 23:42:23] - 71 	 23.5 	 	 0.2000 	 4.0913 	 0.2783
[2025/10/14 23:42:23] - ==> Building model..
[2025/10/14 23:42:43] - Test Loss 	 Test Acc 	 PGD Loss 	 PGD Acc
[2025/10/14 23:42:43] - 2.5736 	 	 0.5154 	 2.8680 	 0.2815
[2025/10/14 23:43:32] - 72 	 23.1 	 	 0.2000 	 4.0921 	 0.2750
[2025/10/14 23:43:32] - ==> Building model..
[2025/10/14 23:43:51] - Test Loss 	 Test Acc 	 PGD Loss 	 PGD Acc
[2025/10/14 23:43:51] - 2.5776 	 	 0.5140 	 2.8710 	 0.2811
[2025/10/14 23:44:40] - 73 	 23.2 	 	 0.2000 	 4.0902 	 0.2783
[2025/10/14 23:44:40] - ==> Building model..
[2025/10/14 23:45:00] - Test Loss 	 Test Acc 	 PGD Loss 	 PGD Acc
[2025/10/14 23:45:00] - 2.5789 	 	 0.5149 	 2.8719 	 0.2805
[2025/10/14 23:45:50] - 74 	 23.3 	 	 0.2000 	 4.0922 	 0.2796
[2025/10/14 23:45:50] - ==> Building model..
[2025/10/14 23:46:08] - Test Loss 	 Test Acc 	 PGD Loss 	 PGD Acc
[2025/10/14 23:46:08] - 2.5804 	 	 0.5142 	 2.8733 	 0.2799
[2025/10/14 23:46:59] - 75 	 23.9 	 	 0.2000 	 4.0909 	 0.2781
[2025/10/14 23:46:59] - ==> Building model..
[2025/10/14 23:47:18] - Test Loss 	 Test Acc 	 PGD Loss 	 PGD Acc
[2025/10/14 23:47:18] - 2.5828 	 	 0.5143 	 2.8746 	 0.2797
[2025/10/14 23:48:08] - 76 	 23.6 	 	 0.2000 	 4.0909 	 0.2807
[2025/10/14 23:48:08] - ==> Building model..
[2025/10/14 23:48:27] - Test Loss 	 Test Acc 	 PGD Loss 	 PGD Acc
[2025/10/14 23:48:27] - 2.5840 	 	 0.5134 	 2.8756 	 0.2804
[2025/10/14 23:49:18] - 77 	 23.2 	 	 0.2000 	 4.0899 	 0.2815
[2025/10/14 23:49:18] - ==> Building model..
[2025/10/14 23:49:37] - Test Loss 	 Test Acc 	 PGD Loss 	 PGD Acc
[2025/10/14 23:49:37] - 2.5848 	 	 0.5143 	 2.8762 	 0.2796
[2025/10/14 23:50:28] - 78 	 23.7 	 	 0.2000 	 4.0920 	 0.2787
[2025/10/14 23:50:28] - ==> Building model..
[2025/10/14 23:50:47] - Test Loss 	 Test Acc 	 PGD Loss 	 PGD Acc
[2025/10/14 23:50:47] - 2.5852 	 	 0.5150 	 2.8760 	 0.2809
[2025/10/14 23:51:38] - 79 	 23.8 	 	 0.2000 	 4.0905 	 0.2783
[2025/10/14 23:51:38] - ==> Building model..
[2025/10/14 23:51:58] - Test Loss 	 Test Acc 	 PGD Loss 	 PGD Acc
[2025/10/14 23:51:58] - 2.5852 	 	 0.5150 	 2.8759 	 0.2814
[2025/10/14 23:52:48] - 80 	 23.8 	 	 0.2000 	 4.0895 	 0.2796
[2025/10/14 23:52:48] - ==> Building model..
[2025/10/14 23:53:08] - Test Loss 	 Test Acc 	 PGD Loss 	 PGD Acc
[2025/10/14 23:53:08] - 2.5866 	 	 0.5163 	 2.8777 	 0.2815
[2025/10/14 23:54:01] - 81 	 24.5 	 	 0.2000 	 4.0903 	 0.2782
[2025/10/14 23:54:01] - ==> Building model..
[2025/10/14 23:54:21] - Test Loss 	 Test Acc 	 PGD Loss 	 PGD Acc
[2025/10/14 23:54:21] - 2.5869 	 	 0.5166 	 2.8780 	 0.2809
[2025/10/14 23:55:13] - 82 	 25.1 	 	 0.2000 	 4.0914 	 0.2796
[2025/10/14 23:55:13] - ==> Building model..
[2025/10/14 23:55:32] - Test Loss 	 Test Acc 	 PGD Loss 	 PGD Acc
[2025/10/14 23:55:32] - 2.5886 	 	 0.5162 	 2.8794 	 0.2823
[2025/10/14 23:56:23] - 83 	 24.2 	 	 0.2000 	 4.0881 	 0.2797
[2025/10/14 23:56:23] - ==> Building model..
[2025/10/14 23:56:43] - Test Loss 	 Test Acc 	 PGD Loss 	 PGD Acc
[2025/10/14 23:56:43] - 2.5898 	 	 0.5144 	 2.8797 	 0.2813
[2025/10/14 23:57:34] - 84 	 24.2 	 	 0.2000 	 4.0917 	 0.2774
[2025/10/14 23:57:34] - ==> Building model..
[2025/10/14 23:57:53] - Test Loss 	 Test Acc 	 PGD Loss 	 PGD Acc
[2025/10/14 23:57:53] - 2.5906 	 	 0.5148 	 2.8807 	 0.2820
[2025/10/14 23:58:45] - 85 	 24.5 	 	 0.2000 	 4.0915 	 0.2783
[2025/10/14 23:58:45] - ==> Building model..
[2025/10/14 23:59:05] - Test Loss 	 Test Acc 	 PGD Loss 	 PGD Acc
[2025/10/14 23:59:05] - 2.5925 	 	 0.5155 	 2.8821 	 0.2820
[2025/10/14 23:59:57] - 86 	 24.8 	 	 0.2000 	 4.0895 	 0.2803
[2025/10/14 23:59:57] - ==> Building model..
[2025/10/15 00:00:17] - Test Loss 	 Test Acc 	 PGD Loss 	 PGD Acc
[2025/10/15 00:00:17] - 2.5914 	 	 0.5161 	 2.8818 	 0.2824
[2025/10/15 00:01:10] - 87 	 25.0 	 	 0.2000 	 4.0899 	 0.2804
[2025/10/15 00:01:10] - ==> Building model..
[2025/10/15 00:01:30] - Test Loss 	 Test Acc 	 PGD Loss 	 PGD Acc
[2025/10/15 00:01:30] - 2.5903 	 	 0.5161 	 2.8805 	 0.2820
[2025/10/15 00:02:21] - 88 	 24.4 	 	 0.2000 	 4.0904 	 0.2791
[2025/10/15 00:02:21] - ==> Building model..
[2025/10/15 00:02:41] - Test Loss 	 Test Acc 	 PGD Loss 	 PGD Acc
[2025/10/15 00:02:41] - 2.5911 	 	 0.5151 	 2.8810 	 0.2817
[2025/10/15 00:03:32] - 89 	 24.6 	 	 0.2000 	 4.0897 	 0.2800
[2025/10/15 00:03:32] - ==> Building model..
[2025/10/15 00:03:51] - Test Loss 	 Test Acc 	 PGD Loss 	 PGD Acc
[2025/10/15 00:03:51] - 2.5916 	 	 0.5164 	 2.8818 	 0.2818
[2025/10/15 00:04:41] - 90 	 23.0 	 	 0.0200 	 3.9938 	 0.3413
[2025/10/15 00:04:41] - ==> Building model..
[2025/10/15 00:05:00] - Test Loss 	 Test Acc 	 PGD Loss 	 PGD Acc
[2025/10/15 00:05:00] - 2.5889 	 	 0.5175 	 2.8791 	 0.2818
[2025/10/15 00:05:48] - 91 	 22.4 	 	 0.0200 	 3.9004 	 0.4028
[2025/10/15 00:05:48] - ==> Building model..
[2025/10/15 00:06:07] - Test Loss 	 Test Acc 	 PGD Loss 	 PGD Acc
[2025/10/15 00:06:07] - 2.5881 	 	 0.5176 	 2.8790 	 0.2819
[2025/10/15 00:06:54] - 92 	 21.9 	 	 0.0200 	 3.8742 	 0.4201
[2025/10/15 00:06:54] - ==> Building model..
[2025/10/15 00:07:13] - Test Loss 	 Test Acc 	 PGD Loss 	 PGD Acc
[2025/10/15 00:07:13] - 2.5878 	 	 0.5179 	 2.8789 	 0.2819
[2025/10/15 00:08:02] - 93 	 22.5 	 	 0.0200 	 3.8573 	 0.4317
[2025/10/15 00:08:02] - ==> Building model..
[2025/10/15 00:08:21] - Test Loss 	 Test Acc 	 PGD Loss 	 PGD Acc
[2025/10/15 00:08:21] - 2.5887 	 	 0.5179 	 2.8802 	 0.2821
[2025/10/15 00:09:10] - 94 	 22.4 	 	 0.0200 	 3.8418 	 0.4429
[2025/10/15 00:09:10] - ==> Building model..
[2025/10/15 00:09:30] - Test Loss 	 Test Acc 	 PGD Loss 	 PGD Acc
[2025/10/15 00:09:30] - 2.5897 	 	 0.5178 	 2.8806 	 0.2823
[2025/10/15 00:10:20] - 95 	 22.7 	 	 0.0200 	 3.8292 	 0.4524
[2025/10/15 00:10:20] - ==> Building model..
[2025/10/15 00:10:40] - Test Loss 	 Test Acc 	 PGD Loss 	 PGD Acc
[2025/10/15 00:10:40] - 2.5926 	 	 0.5184 	 2.8830 	 0.2828
[2025/10/15 00:11:29] - 96 	 22.8 	 	 0.0200 	 3.8186 	 0.4607
[2025/10/15 00:11:29] - ==> Building model..
[2025/10/15 00:11:48] - Test Loss 	 Test Acc 	 PGD Loss 	 PGD Acc
[2025/10/15 00:11:48] - 2.5966 	 	 0.5181 	 2.8864 	 0.2838
[2025/10/15 00:12:38] - 97 	 23.0 	 	 0.0200 	 3.8102 	 0.4677
[2025/10/15 00:12:38] - ==> Building model..
[2025/10/15 00:12:59] - Test Loss 	 Test Acc 	 PGD Loss 	 PGD Acc
[2025/10/15 00:12:59] - 2.5976 	 	 0.5181 	 2.8873 	 0.2833
[2025/10/15 00:13:48] - 98 	 23.0 	 	 0.0200 	 3.8016 	 0.4735
[2025/10/15 00:13:48] - ==> Building model..
[2025/10/15 00:14:09] - Test Loss 	 Test Acc 	 PGD Loss 	 PGD Acc
[2025/10/15 00:14:09] - 2.5997 	 	 0.5180 	 2.8890 	 0.2835
[2025/10/15 00:15:01] - 99 	 23.5 	 	 0.0200 	 3.7952 	 0.4775
[2025/10/15 00:15:01] - ==> Building model..
[2025/10/15 00:15:22] - Test Loss 	 Test Acc 	 PGD Loss 	 PGD Acc
[2025/10/15 00:15:22] - 2.6009 	 	 0.5177 	 2.8901 	 0.2835
[2025/10/15 00:15:22] - [0.0834, 0.1345, 0.1852, 0.2399, 0.2766, 0.3169, 0.3557, 0.3849, 0.4068, 0.4222, 0.4329, 0.4397, 0.4514, 0.4553, 0.4597, 0.4646, 0.4699, 0.474, 0.4765, 0.4787, 0.48, 0.483, 0.4892, 0.4938, 0.4933, 0.4956, 0.497, 0.4986, 0.4993, 0.4986, 0.4982, 0.501, 0.5037, 0.5046, 0.5042, 0.5065, 0.5078, 0.5102, 0.5079, 0.5104, 0.51, 0.5105, 0.5121, 0.5131, 0.5141, 0.5141, 0.513, 0.5128, 0.5132, 0.5137, 0.513, 0.5131, 0.5135, 0.5147, 0.5156, 0.5161, 0.5157, 0.5151, 0.5147, 0.5155, 0.516, 0.5159, 0.515, 0.5155, 0.5153, 0.5156, 0.5162, 0.5156, 0.5155, 0.5154, 0.5156, 0.5154, 0.514, 0.5149, 0.5142, 0.5143, 0.5134, 0.5143, 0.515, 0.515, 0.5163, 0.5166, 0.5162, 0.5144, 0.5148, 0.5155, 0.5161, 0.5161, 0.5151, 0.5164, 0.5175, 0.5176, 0.5179, 0.5179, 0.5178, 0.5184, 0.5181, 0.5181, 0.518, 0.5177]
[2025/10/15 00:15:22] - [0.0579, 0.0895, 0.1184, 0.1406, 0.1619, 0.1796, 0.1942, 0.2106, 0.2223, 0.2265, 0.2341, 0.2395, 0.2431, 0.2448, 0.2488, 0.2544, 0.2551, 0.2556, 0.2569, 0.2589, 0.2606, 0.2616, 0.2628, 0.2645, 0.2628, 0.2644, 0.2652, 0.2669, 0.2697, 0.2686, 0.2686, 0.271, 0.2729, 0.2719, 0.2725, 0.2729, 0.2741, 0.2752, 0.2754, 0.2739, 0.2759, 0.2757, 0.2772, 0.2763, 0.2793, 0.2776, 0.2764, 0.2767, 0.2778, 0.2772, 0.2765, 0.2767, 0.2763, 0.2762, 0.2763, 0.2772, 0.2789, 0.2792, 0.2785, 0.2786, 0.2786, 0.2781, 0.2792, 0.28, 0.2808, 0.2798, 0.2802, 0.2806, 0.2808, 0.2813, 0.2811, 0.2815, 0.2811, 0.2805, 0.2799, 0.2797, 0.2804, 0.2796, 0.2809, 0.2814, 0.2815, 0.2809, 0.2823, 0.2813, 0.282, 0.282, 0.2824, 0.282, 0.2817, 0.2818, 0.2818, 0.2819, 0.2819, 0.2821, 0.2823, 0.2828, 0.2838, 0.2833, 0.2835, 0.2835]
