[2025/10/11 19:54:24] - Namespace(batch_size=128, data_dir='cifar-data', epochs=100, lr_schedule='multistep', lr_min=0.0, lr_max=0.2, weight_decay=0.0005, momentum=0.9, model='ResNet18', epsilon=8, alpha=8, delta_init='random', normal_mean=0, normal_std=1, out_dir='./output/CIFAR100_best/beta_0.2_lamscale_0.01_lamstart_50/run_6', seed=0, lamda=42, lam_scale=0.01, lam_start=50, gamma=0.05, inner_gamma=0.05, beta=0.2, mu=3.5, batch_m=0.75, early_stop=False, factor=0.5, length=4, n_holes=1, c_num=0.125, EMA_value=0.55)
[2025/10/11 19:54:26] - ==> Building model..
[2025/10/11 19:54:26] - Epoch 	 Seconds 	 LR 	 	 Train Loss 	 Train Acc
[2025/10/11 19:55:17] - 0 	 24.0 	 	 0.2000 	 4.5696 	 0.0397
[2025/10/11 19:55:17] - ==> Building model..
[2025/10/11 19:55:36] - Test Loss 	 Test Acc 	 PGD Loss 	 PGD Acc
[2025/10/11 19:55:36] - 4.2243 	 	 0.0874 	 4.2377 	 0.0579
[2025/10/11 19:56:25] - 1 	 23.1 	 	 0.2000 	 4.4580 	 0.0793
[2025/10/11 19:56:25] - ==> Building model..
[2025/10/11 19:56:45] - Test Loss 	 Test Acc 	 PGD Loss 	 PGD Acc
[2025/10/11 19:56:45] - 4.0138 	 	 0.1458 	 4.0439 	 0.0938
[2025/10/11 19:57:34] - 2 	 22.8 	 	 0.2000 	 4.4085 	 0.1029
[2025/10/11 19:57:34] - ==> Building model..
[2025/10/11 19:57:54] - Test Loss 	 Test Acc 	 PGD Loss 	 PGD Acc
[2025/10/11 19:57:54] - 3.9246 	 	 0.1791 	 3.9682 	 0.1127
[2025/10/11 19:58:42] - 3 	 23.4 	 	 0.2000 	 4.3625 	 0.1248
[2025/10/11 19:58:42] - ==> Building model..
[2025/10/11 19:59:01] - Test Loss 	 Test Acc 	 PGD Loss 	 PGD Acc
[2025/10/11 19:59:01] - 3.7816 	 	 0.2247 	 3.8451 	 0.1368
[2025/10/11 19:59:48] - 4 	 22.9 	 	 0.2000 	 4.3184 	 0.1485
[2025/10/11 19:59:48] - ==> Building model..
[2025/10/11 20:00:07] - Test Loss 	 Test Acc 	 PGD Loss 	 PGD Acc
[2025/10/11 20:00:07] - 3.5974 	 	 0.2674 	 3.6885 	 0.1612
[2025/10/11 20:00:55] - 5 	 22.9 	 	 0.2000 	 4.2796 	 0.1674
[2025/10/11 20:00:55] - ==> Building model..
[2025/10/11 20:01:14] - Test Loss 	 Test Acc 	 PGD Loss 	 PGD Acc
[2025/10/11 20:01:14] - 3.4270 	 	 0.3045 	 3.5429 	 0.1775
[2025/10/11 20:02:02] - 6 	 23.3 	 	 0.2000 	 4.2477 	 0.1867
[2025/10/11 20:02:02] - ==> Building model..
[2025/10/11 20:02:22] - Test Loss 	 Test Acc 	 PGD Loss 	 PGD Acc
[2025/10/11 20:02:22] - 3.2293 	 	 0.3464 	 3.3771 	 0.1923
[2025/10/11 20:03:11] - 7 	 23.5 	 	 0.2000 	 4.2267 	 0.1974
[2025/10/11 20:03:11] - ==> Building model..
[2025/10/11 20:03:31] - Test Loss 	 Test Acc 	 PGD Loss 	 PGD Acc
[2025/10/11 20:03:31] - 3.0868 	 	 0.3791 	 3.2629 	 0.2083
[2025/10/11 20:04:19] - 8 	 23.2 	 	 0.2000 	 4.2073 	 0.2075
[2025/10/11 20:04:19] - ==> Building model..
[2025/10/11 20:04:38] - Test Loss 	 Test Acc 	 PGD Loss 	 PGD Acc
[2025/10/11 20:04:38] - 2.9838 	 	 0.4003 	 3.1802 	 0.2185
[2025/10/11 20:05:26] - 9 	 23.6 	 	 0.2000 	 4.1908 	 0.2176
[2025/10/11 20:05:26] - ==> Building model..
[2025/10/11 20:05:46] - Test Loss 	 Test Acc 	 PGD Loss 	 PGD Acc
[2025/10/11 20:05:46] - 2.9186 	 	 0.4175 	 3.1297 	 0.2262
[2025/10/11 20:06:36] - 10 	 24.5 	 	 0.2000 	 4.1788 	 0.2243
[2025/10/11 20:06:36] - ==> Building model..
[2025/10/11 20:06:56] - Test Loss 	 Test Acc 	 PGD Loss 	 PGD Acc
[2025/10/11 20:06:56] - 2.8626 	 	 0.4316 	 3.0864 	 0.2332
[2025/10/11 20:07:46] - 11 	 24.9 	 	 0.2000 	 4.1698 	 0.2293
[2025/10/11 20:07:46] - ==> Building model..
[2025/10/11 20:08:06] - Test Loss 	 Test Acc 	 PGD Loss 	 PGD Acc
[2025/10/11 20:08:06] - 2.8278 	 	 0.4366 	 3.0595 	 0.2365
[2025/10/11 20:08:56] - 12 	 24.5 	 	 0.2000 	 4.1605 	 0.2346
[2025/10/11 20:08:56] - ==> Building model..
[2025/10/11 20:09:16] - Test Loss 	 Test Acc 	 PGD Loss 	 PGD Acc
[2025/10/11 20:09:16] - 2.7961 	 	 0.4469 	 3.0359 	 0.2407
[2025/10/11 20:10:06] - 13 	 24.5 	 	 0.2000 	 4.1575 	 0.2352
[2025/10/11 20:10:06] - ==> Building model..
[2025/10/11 20:10:26] - Test Loss 	 Test Acc 	 PGD Loss 	 PGD Acc
[2025/10/11 20:10:26] - 2.7683 	 	 0.4545 	 3.0147 	 0.2441
[2025/10/11 20:11:17] - 14 	 24.5 	 	 0.2000 	 4.1514 	 0.2396
[2025/10/11 20:11:17] - ==> Building model..
[2025/10/11 20:11:37] - Test Loss 	 Test Acc 	 PGD Loss 	 PGD Acc
[2025/10/11 20:11:37] - 2.7580 	 	 0.4590 	 3.0075 	 0.2467
[2025/10/11 20:12:29] - 15 	 24.5 	 	 0.2000 	 4.1419 	 0.2453
[2025/10/11 20:12:29] - ==> Building model..
[2025/10/11 20:12:48] - Test Loss 	 Test Acc 	 PGD Loss 	 PGD Acc
[2025/10/11 20:12:48] - 2.7266 	 	 0.4645 	 2.9837 	 0.2496
[2025/10/11 20:13:38] - 16 	 23.6 	 	 0.2000 	 4.1370 	 0.2489
[2025/10/11 20:13:38] - ==> Building model..
[2025/10/11 20:13:58] - Test Loss 	 Test Acc 	 PGD Loss 	 PGD Acc
[2025/10/11 20:13:58] - 2.7113 	 	 0.4671 	 2.9704 	 0.2500
[2025/10/11 20:14:46] - 17 	 23.3 	 	 0.2000 	 4.1369 	 0.2481
[2025/10/11 20:14:46] - ==> Building model..
[2025/10/11 20:15:05] - Test Loss 	 Test Acc 	 PGD Loss 	 PGD Acc
[2025/10/11 20:15:05] - 2.7041 	 	 0.4694 	 2.9659 	 0.2547
[2025/10/11 20:15:55] - 18 	 23.7 	 	 0.2000 	 4.1297 	 0.2526
[2025/10/11 20:15:55] - ==> Building model..
[2025/10/11 20:16:14] - Test Loss 	 Test Acc 	 PGD Loss 	 PGD Acc
[2025/10/11 20:16:14] - 2.6910 	 	 0.4743 	 2.9562 	 0.2551
[2025/10/11 20:17:05] - 19 	 23.6 	 	 0.2000 	 4.1273 	 0.2533
[2025/10/11 20:17:05] - ==> Building model..
[2025/10/11 20:17:24] - Test Loss 	 Test Acc 	 PGD Loss 	 PGD Acc
[2025/10/11 20:17:24] - 2.6736 	 	 0.4772 	 2.9422 	 0.2565
[2025/10/11 20:18:13] - 20 	 23.5 	 	 0.2000 	 4.1244 	 0.2563
[2025/10/11 20:18:13] - ==> Building model..
[2025/10/11 20:18:33] - Test Loss 	 Test Acc 	 PGD Loss 	 PGD Acc
[2025/10/11 20:18:33] - 2.6642 	 	 0.4803 	 2.9362 	 0.2577
[2025/10/11 20:19:23] - 21 	 24.0 	 	 0.2000 	 4.1213 	 0.2580
[2025/10/11 20:19:23] - ==> Building model..
[2025/10/11 20:19:43] - Test Loss 	 Test Acc 	 PGD Loss 	 PGD Acc
[2025/10/11 20:19:43] - 2.6577 	 	 0.4822 	 2.9322 	 0.2587
[2025/10/11 20:20:32] - 22 	 23.9 	 	 0.2000 	 4.1208 	 0.2580
[2025/10/11 20:20:32] - ==> Building model..
[2025/10/11 20:20:52] - Test Loss 	 Test Acc 	 PGD Loss 	 PGD Acc
[2025/10/11 20:20:52] - 2.6476 	 	 0.4861 	 2.9256 	 0.2626
[2025/10/11 20:21:42] - 23 	 24.1 	 	 0.2000 	 4.1182 	 0.2602
[2025/10/11 20:21:42] - ==> Building model..
[2025/10/11 20:22:02] - Test Loss 	 Test Acc 	 PGD Loss 	 PGD Acc
[2025/10/11 20:22:02] - 2.6395 	 	 0.4873 	 2.9189 	 0.2617
[2025/10/11 20:22:54] - 24 	 24.7 	 	 0.2000 	 4.1143 	 0.2613
[2025/10/11 20:22:54] - ==> Building model..
[2025/10/11 20:23:14] - Test Loss 	 Test Acc 	 PGD Loss 	 PGD Acc
[2025/10/11 20:23:14] - 2.6297 	 	 0.4906 	 2.9111 	 0.2632
[2025/10/11 20:24:04] - 25 	 23.5 	 	 0.2000 	 4.1133 	 0.2638
[2025/10/11 20:24:04] - ==> Building model..
[2025/10/11 20:24:23] - Test Loss 	 Test Acc 	 PGD Loss 	 PGD Acc
[2025/10/11 20:24:23] - 2.6205 	 	 0.4922 	 2.9047 	 0.2624
[2025/10/11 20:25:13] - 26 	 23.7 	 	 0.2000 	 4.1095 	 0.2641
[2025/10/11 20:25:13] - ==> Building model..
[2025/10/11 20:25:32] - Test Loss 	 Test Acc 	 PGD Loss 	 PGD Acc
[2025/10/11 20:25:32] - 2.6128 	 	 0.4952 	 2.8980 	 0.2645
[2025/10/11 20:26:20] - 27 	 23.4 	 	 0.2000 	 4.1083 	 0.2678
[2025/10/11 20:26:20] - ==> Building model..
[2025/10/11 20:26:40] - Test Loss 	 Test Acc 	 PGD Loss 	 PGD Acc
[2025/10/11 20:26:40] - 2.6060 	 	 0.4970 	 2.8931 	 0.2649
[2025/10/11 20:27:29] - 28 	 23.6 	 	 0.2000 	 4.1075 	 0.2649
[2025/10/11 20:27:29] - ==> Building model..
[2025/10/11 20:27:49] - Test Loss 	 Test Acc 	 PGD Loss 	 PGD Acc
[2025/10/11 20:27:49] - 2.6053 	 	 0.4988 	 2.8933 	 0.2652
[2025/10/11 20:28:38] - 29 	 23.7 	 	 0.2000 	 4.1070 	 0.2671
[2025/10/11 20:28:38] - ==> Building model..
[2025/10/11 20:28:57] - Test Loss 	 Test Acc 	 PGD Loss 	 PGD Acc
[2025/10/11 20:28:57] - 2.6005 	 	 0.5000 	 2.8900 	 0.2662
[2025/10/11 20:29:46] - 30 	 24.1 	 	 0.2000 	 4.1068 	 0.2659
[2025/10/11 20:29:46] - ==> Building model..
[2025/10/11 20:30:06] - Test Loss 	 Test Acc 	 PGD Loss 	 PGD Acc
[2025/10/11 20:30:06] - 2.5981 	 	 0.5001 	 2.8881 	 0.2672
[2025/10/11 20:30:55] - 31 	 23.5 	 	 0.2000 	 4.1048 	 0.2660
[2025/10/11 20:30:55] - ==> Building model..
[2025/10/11 20:31:14] - Test Loss 	 Test Acc 	 PGD Loss 	 PGD Acc
[2025/10/11 20:31:14] - 2.5960 	 	 0.5011 	 2.8868 	 0.2697
[2025/10/11 20:32:05] - 32 	 23.6 	 	 0.2000 	 4.1029 	 0.2676
[2025/10/11 20:32:05] - ==> Building model..
[2025/10/11 20:32:24] - Test Loss 	 Test Acc 	 PGD Loss 	 PGD Acc
[2025/10/11 20:32:24] - 2.5939 	 	 0.5026 	 2.8852 	 0.2700
[2025/10/11 20:33:14] - 33 	 24.0 	 	 0.2000 	 4.1027 	 0.2694
[2025/10/11 20:33:14] - ==> Building model..
[2025/10/11 20:33:34] - Test Loss 	 Test Acc 	 PGD Loss 	 PGD Acc
[2025/10/11 20:33:34] - 2.5877 	 	 0.5034 	 2.8803 	 0.2697
[2025/10/11 20:34:23] - 34 	 23.3 	 	 0.2000 	 4.1019 	 0.2685
[2025/10/11 20:34:23] - ==> Building model..
[2025/10/11 20:34:42] - Test Loss 	 Test Acc 	 PGD Loss 	 PGD Acc
[2025/10/11 20:34:42] - 2.5877 	 	 0.5022 	 2.8802 	 0.2702
[2025/10/11 20:35:31] - 35 	 23.5 	 	 0.2000 	 4.0975 	 0.2741
[2025/10/11 20:35:31] - ==> Building model..
[2025/10/11 20:35:50] - Test Loss 	 Test Acc 	 PGD Loss 	 PGD Acc
[2025/10/11 20:35:50] - 2.5862 	 	 0.5025 	 2.8791 	 0.2691
[2025/10/11 20:36:38] - 36 	 23.4 	 	 0.2000 	 4.0991 	 0.2709
[2025/10/11 20:36:38] - ==> Building model..
[2025/10/11 20:36:58] - Test Loss 	 Test Acc 	 PGD Loss 	 PGD Acc
[2025/10/11 20:36:58] - 2.5820 	 	 0.5034 	 2.8754 	 0.2705
[2025/10/11 20:37:48] - 37 	 24.0 	 	 0.2000 	 4.0988 	 0.2691
[2025/10/11 20:37:48] - ==> Building model..
[2025/10/11 20:38:08] - Test Loss 	 Test Acc 	 PGD Loss 	 PGD Acc
[2025/10/11 20:38:08] - 2.5793 	 	 0.5047 	 2.8740 	 0.2710
[2025/10/11 20:38:58] - 38 	 24.5 	 	 0.2000 	 4.0968 	 0.2711
[2025/10/11 20:38:58] - ==> Building model..
[2025/10/11 20:39:19] - Test Loss 	 Test Acc 	 PGD Loss 	 PGD Acc
[2025/10/11 20:39:19] - 2.5760 	 	 0.5065 	 2.8717 	 0.2724
[2025/10/11 20:40:10] - 39 	 24.9 	 	 0.2000 	 4.0977 	 0.2693
[2025/10/11 20:40:10] - ==> Building model..
[2025/10/11 20:40:30] - Test Loss 	 Test Acc 	 PGD Loss 	 PGD Acc
[2025/10/11 20:40:30] - 2.5730 	 	 0.5062 	 2.8685 	 0.2721
[2025/10/11 20:41:20] - 40 	 24.8 	 	 0.2000 	 4.0951 	 0.2741
[2025/10/11 20:41:20] - ==> Building model..
[2025/10/11 20:41:41] - Test Loss 	 Test Acc 	 PGD Loss 	 PGD Acc
[2025/10/11 20:41:41] - 2.5725 	 	 0.5066 	 2.8686 	 0.2738
[2025/10/11 20:42:33] - 41 	 25.4 	 	 0.2000 	 4.0972 	 0.2718
[2025/10/11 20:42:33] - ==> Building model..
[2025/10/11 20:42:52] - Test Loss 	 Test Acc 	 PGD Loss 	 PGD Acc
[2025/10/11 20:42:52] - 2.5711 	 	 0.5061 	 2.8675 	 0.2733
[2025/10/11 20:43:42] - 42 	 23.6 	 	 0.2000 	 4.0961 	 0.2722
[2025/10/11 20:43:42] - ==> Building model..
[2025/10/11 20:44:02] - Test Loss 	 Test Acc 	 PGD Loss 	 PGD Acc
[2025/10/11 20:44:02] - 2.5681 	 	 0.5081 	 2.8665 	 0.2744
[2025/10/11 20:44:51] - 43 	 23.5 	 	 0.2000 	 4.0952 	 0.2744
[2025/10/11 20:44:51] - ==> Building model..
[2025/10/11 20:45:11] - Test Loss 	 Test Acc 	 PGD Loss 	 PGD Acc
[2025/10/11 20:45:11] - 2.5674 	 	 0.5094 	 2.8650 	 0.2734
[2025/10/11 20:46:02] - 44 	 24.2 	 	 0.2000 	 4.0947 	 0.2740
[2025/10/11 20:46:02] - ==> Building model..
[2025/10/11 20:46:22] - Test Loss 	 Test Acc 	 PGD Loss 	 PGD Acc
[2025/10/11 20:46:22] - 2.5660 	 	 0.5103 	 2.8641 	 0.2751
[2025/10/11 20:47:14] - 45 	 25.1 	 	 0.2000 	 4.0929 	 0.2739
[2025/10/11 20:47:14] - ==> Building model..
[2025/10/11 20:47:35] - Test Loss 	 Test Acc 	 PGD Loss 	 PGD Acc
[2025/10/11 20:47:35] - 2.5678 	 	 0.5104 	 2.8656 	 0.2752
[2025/10/11 20:48:26] - 46 	 24.2 	 	 0.2000 	 4.0909 	 0.2766
[2025/10/11 20:48:26] - ==> Building model..
[2025/10/11 20:48:45] - Test Loss 	 Test Acc 	 PGD Loss 	 PGD Acc
[2025/10/11 20:48:45] - 2.5680 	 	 0.5094 	 2.8663 	 0.2747
[2025/10/11 20:49:36] - 47 	 24.4 	 	 0.2000 	 4.0929 	 0.2737
[2025/10/11 20:49:36] - ==> Building model..
[2025/10/11 20:49:55] - Test Loss 	 Test Acc 	 PGD Loss 	 PGD Acc
[2025/10/11 20:49:55] - 2.5630 	 	 0.5105 	 2.8628 	 0.2769
[2025/10/11 20:50:43] - 48 	 23.2 	 	 0.2000 	 4.0898 	 0.2778
[2025/10/11 20:50:43] - ==> Building model..
[2025/10/11 20:51:02] - Test Loss 	 Test Acc 	 PGD Loss 	 PGD Acc
[2025/10/11 20:51:02] - 2.5613 	 	 0.5112 	 2.8626 	 0.2776
[2025/10/11 20:51:52] - 49 	 24.2 	 	 0.2000 	 4.0897 	 0.2760
[2025/10/11 20:51:52] - ==> Building model..
[2025/10/11 20:52:13] - Test Loss 	 Test Acc 	 PGD Loss 	 PGD Acc
[2025/10/11 20:52:13] - 2.5613 	 	 0.5116 	 2.8620 	 0.2767
[2025/10/11 20:53:02] - 50 	 24.4 	 	 0.2000 	 4.0899 	 0.2769
[2025/10/11 20:53:02] - ==> Building model..
[2025/10/11 20:53:22] - Test Loss 	 Test Acc 	 PGD Loss 	 PGD Acc
[2025/10/11 20:53:22] - 2.5604 	 	 0.5122 	 2.8618 	 0.2766
[2025/10/11 20:54:13] - 51 	 24.3 	 	 0.2000 	 4.0917 	 0.2739
[2025/10/11 20:54:13] - ==> Building model..
[2025/10/11 20:54:34] - Test Loss 	 Test Acc 	 PGD Loss 	 PGD Acc
[2025/10/11 20:54:34] - 2.5610 	 	 0.5118 	 2.8613 	 0.2783
[2025/10/11 20:55:25] - 52 	 24.3 	 	 0.2000 	 4.0901 	 0.2783
[2025/10/11 20:55:25] - ==> Building model..
[2025/10/11 20:55:45] - Test Loss 	 Test Acc 	 PGD Loss 	 PGD Acc
[2025/10/11 20:55:45] - 2.5593 	 	 0.5132 	 2.8606 	 0.2779
[2025/10/11 20:56:35] - 53 	 23.6 	 	 0.2000 	 4.0883 	 0.2782
[2025/10/11 20:56:35] - ==> Building model..
[2025/10/11 20:56:54] - Test Loss 	 Test Acc 	 PGD Loss 	 PGD Acc
[2025/10/11 20:56:54] - 2.5551 	 	 0.5144 	 2.8558 	 0.2774
[2025/10/11 20:57:43] - 54 	 23.6 	 	 0.2000 	 4.0916 	 0.2734
[2025/10/11 20:57:43] - ==> Building model..
[2025/10/11 20:58:02] - Test Loss 	 Test Acc 	 PGD Loss 	 PGD Acc
[2025/10/11 20:58:02] - 2.5536 	 	 0.5157 	 2.8547 	 0.2770
[2025/10/11 20:58:52] - 55 	 24.3 	 	 0.2000 	 4.0897 	 0.2764
[2025/10/11 20:58:52] - ==> Building model..
[2025/10/11 20:59:12] - Test Loss 	 Test Acc 	 PGD Loss 	 PGD Acc
[2025/10/11 20:59:12] - 2.5508 	 	 0.5160 	 2.8535 	 0.2779
[2025/10/11 21:00:05] - 56 	 25.5 	 	 0.2000 	 4.0901 	 0.2768
[2025/10/11 21:00:05] - ==> Building model..
[2025/10/11 21:00:24] - Test Loss 	 Test Acc 	 PGD Loss 	 PGD Acc
[2025/10/11 21:00:24] - 2.5491 	 	 0.5170 	 2.8527 	 0.2782
[2025/10/11 21:01:15] - 57 	 24.7 	 	 0.2000 	 4.0897 	 0.2768
[2025/10/11 21:01:15] - ==> Building model..
[2025/10/11 21:01:36] - Test Loss 	 Test Acc 	 PGD Loss 	 PGD Acc
[2025/10/11 21:01:36] - 2.5480 	 	 0.5168 	 2.8519 	 0.2792
[2025/10/11 21:02:27] - 58 	 24.1 	 	 0.2000 	 4.0889 	 0.2781
[2025/10/11 21:02:27] - ==> Building model..
[2025/10/11 21:02:47] - Test Loss 	 Test Acc 	 PGD Loss 	 PGD Acc
[2025/10/11 21:02:47] - 2.5483 	 	 0.5169 	 2.8517 	 0.2791
[2025/10/11 21:03:37] - 59 	 23.8 	 	 0.2000 	 4.0893 	 0.2759
[2025/10/11 21:03:37] - ==> Building model..
[2025/10/11 21:03:56] - Test Loss 	 Test Acc 	 PGD Loss 	 PGD Acc
[2025/10/11 21:03:56] - 2.5467 	 	 0.5171 	 2.8509 	 0.2795
[2025/10/11 21:04:47] - 60 	 24.2 	 	 0.2000 	 4.0878 	 0.2788
[2025/10/11 21:04:47] - ==> Building model..
[2025/10/11 21:05:07] - Test Loss 	 Test Acc 	 PGD Loss 	 PGD Acc
[2025/10/11 21:05:07] - 2.5476 	 	 0.5168 	 2.8513 	 0.2790
[2025/10/11 21:05:56] - 61 	 23.6 	 	 0.2000 	 4.0888 	 0.2751
[2025/10/11 21:05:56] - ==> Building model..
[2025/10/11 21:06:16] - Test Loss 	 Test Acc 	 PGD Loss 	 PGD Acc
[2025/10/11 21:06:16] - 2.5479 	 	 0.5176 	 2.8515 	 0.2782
[2025/10/11 21:07:08] - 62 	 24.6 	 	 0.2000 	 4.0885 	 0.2784
[2025/10/11 21:07:08] - ==> Building model..
[2025/10/11 21:07:27] - Test Loss 	 Test Acc 	 PGD Loss 	 PGD Acc
[2025/10/11 21:07:27] - 2.5479 	 	 0.5177 	 2.8510 	 0.2782
[2025/10/11 21:08:18] - 63 	 23.5 	 	 0.2000 	 4.0893 	 0.2773
[2025/10/11 21:08:18] - ==> Building model..
[2025/10/11 21:08:37] - Test Loss 	 Test Acc 	 PGD Loss 	 PGD Acc
[2025/10/11 21:08:37] - 2.5494 	 	 0.5187 	 2.8516 	 0.2801
[2025/10/11 21:09:26] - 64 	 23.5 	 	 0.2000 	 4.0879 	 0.2786
[2025/10/11 21:09:26] - ==> Building model..
[2025/10/11 21:09:46] - Test Loss 	 Test Acc 	 PGD Loss 	 PGD Acc
[2025/10/11 21:09:46] - 2.5497 	 	 0.5185 	 2.8522 	 0.2793
[2025/10/11 21:10:33] - 65 	 23.2 	 	 0.2000 	 4.0883 	 0.2770
[2025/10/11 21:10:33] - ==> Building model..
[2025/10/11 21:10:53] - Test Loss 	 Test Acc 	 PGD Loss 	 PGD Acc
[2025/10/11 21:10:53] - 2.5523 	 	 0.5179 	 2.8543 	 0.2784
[2025/10/11 21:11:40] - 66 	 23.3 	 	 0.2000 	 4.0864 	 0.2757
[2025/10/11 21:11:40] - ==> Building model..
[2025/10/11 21:11:59] - Test Loss 	 Test Acc 	 PGD Loss 	 PGD Acc
[2025/10/11 21:11:59] - 2.5533 	 	 0.5195 	 2.8550 	 0.2799
[2025/10/11 21:12:49] - 67 	 23.7 	 	 0.2000 	 4.0879 	 0.2773
[2025/10/11 21:12:49] - ==> Building model..
[2025/10/11 21:13:08] - Test Loss 	 Test Acc 	 PGD Loss 	 PGD Acc
[2025/10/11 21:13:08] - 2.5529 	 	 0.5206 	 2.8546 	 0.2805
[2025/10/11 21:13:59] - 68 	 24.0 	 	 0.2000 	 4.0878 	 0.2771
[2025/10/11 21:13:59] - ==> Building model..
[2025/10/11 21:14:19] - Test Loss 	 Test Acc 	 PGD Loss 	 PGD Acc
[2025/10/11 21:14:19] - 2.5541 	 	 0.5216 	 2.8555 	 0.2792
[2025/10/11 21:15:10] - 69 	 24.4 	 	 0.2000 	 4.0882 	 0.2795
[2025/10/11 21:15:10] - ==> Building model..
[2025/10/11 21:15:31] - Test Loss 	 Test Acc 	 PGD Loss 	 PGD Acc
[2025/10/11 21:15:31] - 2.5569 	 	 0.5207 	 2.8573 	 0.2811
[2025/10/11 21:16:24] - 70 	 25.0 	 	 0.2000 	 4.0883 	 0.2781
[2025/10/11 21:16:24] - ==> Building model..
[2025/10/11 21:16:45] - Test Loss 	 Test Acc 	 PGD Loss 	 PGD Acc
[2025/10/11 21:16:45] - 2.5566 	 	 0.5216 	 2.8574 	 0.2806
[2025/10/11 21:17:34] - 71 	 23.8 	 	 0.2000 	 4.0877 	 0.2797
[2025/10/11 21:17:34] - ==> Building model..
[2025/10/11 21:17:54] - Test Loss 	 Test Acc 	 PGD Loss 	 PGD Acc
[2025/10/11 21:17:54] - 2.5568 	 	 0.5214 	 2.8574 	 0.2809
[2025/10/11 21:18:44] - 72 	 24.0 	 	 0.2000 	 4.0887 	 0.2762
[2025/10/11 21:18:44] - ==> Building model..
[2025/10/11 21:19:03] - Test Loss 	 Test Acc 	 PGD Loss 	 PGD Acc
[2025/10/11 21:19:03] - 2.5578 	 	 0.5202 	 2.8589 	 0.2812
[2025/10/11 21:19:52] - 73 	 23.5 	 	 0.2000 	 4.0869 	 0.2789
[2025/10/11 21:19:52] - ==> Building model..
[2025/10/11 21:20:12] - Test Loss 	 Test Acc 	 PGD Loss 	 PGD Acc
[2025/10/11 21:20:12] - 2.5590 	 	 0.5205 	 2.8599 	 0.2816
[2025/10/11 21:21:04] - 74 	 24.8 	 	 0.2000 	 4.0890 	 0.2775
[2025/10/11 21:21:04] - ==> Building model..
[2025/10/11 21:21:24] - Test Loss 	 Test Acc 	 PGD Loss 	 PGD Acc
[2025/10/11 21:21:24] - 2.5591 	 	 0.5199 	 2.8595 	 0.2812
[2025/10/11 21:22:16] - 75 	 25.1 	 	 0.2000 	 4.0876 	 0.2800
[2025/10/11 21:22:16] - ==> Building model..
[2025/10/11 21:22:35] - Test Loss 	 Test Acc 	 PGD Loss 	 PGD Acc
[2025/10/11 21:22:35] - 2.5591 	 	 0.5203 	 2.8595 	 0.2817
[2025/10/11 21:23:23] - 76 	 23.3 	 	 0.2000 	 4.0881 	 0.2794
[2025/10/11 21:23:23] - ==> Building model..
[2025/10/11 21:23:43] - Test Loss 	 Test Acc 	 PGD Loss 	 PGD Acc
[2025/10/11 21:23:43] - 2.5610 	 	 0.5195 	 2.8606 	 0.2825
[2025/10/11 21:24:34] - 77 	 23.8 	 	 0.2000 	 4.0869 	 0.2803
[2025/10/11 21:24:34] - ==> Building model..
[2025/10/11 21:24:54] - Test Loss 	 Test Acc 	 PGD Loss 	 PGD Acc
[2025/10/11 21:24:54] - 2.5629 	 	 0.5200 	 2.8619 	 0.2842
[2025/10/11 21:25:42] - 78 	 24.1 	 	 0.2000 	 4.0875 	 0.2795
[2025/10/11 21:25:42] - ==> Building model..
[2025/10/11 21:26:02] - Test Loss 	 Test Acc 	 PGD Loss 	 PGD Acc
[2025/10/11 21:26:02] - 2.5650 	 	 0.5196 	 2.8635 	 0.2829
[2025/10/11 21:26:51] - 79 	 23.6 	 	 0.2000 	 4.0877 	 0.2797
[2025/10/11 21:26:51] - ==> Building model..
[2025/10/11 21:27:10] - Test Loss 	 Test Acc 	 PGD Loss 	 PGD Acc
[2025/10/11 21:27:10] - 2.5660 	 	 0.5190 	 2.8640 	 0.2831
[2025/10/11 21:28:02] - 80 	 24.6 	 	 0.2000 	 4.0864 	 0.2802
[2025/10/11 21:28:02] - ==> Building model..
[2025/10/11 21:28:21] - Test Loss 	 Test Acc 	 PGD Loss 	 PGD Acc
[2025/10/11 21:28:21] - 2.5677 	 	 0.5184 	 2.8653 	 0.2838
[2025/10/11 21:29:13] - 81 	 24.9 	 	 0.2000 	 4.0875 	 0.2783
[2025/10/11 21:29:13] - ==> Building model..
[2025/10/11 21:29:32] - Test Loss 	 Test Acc 	 PGD Loss 	 PGD Acc
[2025/10/11 21:29:32] - 2.5683 	 	 0.5191 	 2.8660 	 0.2835
[2025/10/11 21:30:22] - 82 	 24.1 	 	 0.2000 	 4.0878 	 0.2807
[2025/10/11 21:30:22] - ==> Building model..
[2025/10/11 21:30:42] - Test Loss 	 Test Acc 	 PGD Loss 	 PGD Acc
[2025/10/11 21:30:42] - 2.5665 	 	 0.5199 	 2.8649 	 0.2845
[2025/10/11 21:31:32] - 83 	 23.7 	 	 0.2000 	 4.0848 	 0.2815
[2025/10/11 21:31:32] - ==> Building model..
[2025/10/11 21:31:52] - Test Loss 	 Test Acc 	 PGD Loss 	 PGD Acc
[2025/10/11 21:31:52] - 2.5681 	 	 0.5192 	 2.8660 	 0.2845
[2025/10/11 21:32:41] - 84 	 23.4 	 	 0.2000 	 4.0884 	 0.2779
[2025/10/11 21:32:41] - ==> Building model..
[2025/10/11 21:33:00] - Test Loss 	 Test Acc 	 PGD Loss 	 PGD Acc
[2025/10/11 21:33:00] - 2.5686 	 	 0.5201 	 2.8662 	 0.2837
[2025/10/11 21:33:49] - 85 	 23.6 	 	 0.2000 	 4.0884 	 0.2806
[2025/10/11 21:33:49] - ==> Building model..
[2025/10/11 21:34:09] - Test Loss 	 Test Acc 	 PGD Loss 	 PGD Acc
[2025/10/11 21:34:09] - 2.5706 	 	 0.5195 	 2.8676 	 0.2851
[2025/10/11 21:34:58] - 86 	 23.7 	 	 0.2000 	 4.0868 	 0.2812
[2025/10/11 21:34:58] - ==> Building model..
[2025/10/11 21:35:17] - Test Loss 	 Test Acc 	 PGD Loss 	 PGD Acc
[2025/10/11 21:35:17] - 2.5713 	 	 0.5195 	 2.8684 	 0.2836
[2025/10/11 21:36:07] - 87 	 24.2 	 	 0.2000 	 4.0871 	 0.2811
[2025/10/11 21:36:07] - ==> Building model..
[2025/10/11 21:36:27] - Test Loss 	 Test Acc 	 PGD Loss 	 PGD Acc
[2025/10/11 21:36:27] - 2.5743 	 	 0.5181 	 2.8708 	 0.2835
[2025/10/11 21:37:15] - 88 	 23.5 	 	 0.2000 	 4.0883 	 0.2795
[2025/10/11 21:37:15] - ==> Building model..
[2025/10/11 21:37:35] - Test Loss 	 Test Acc 	 PGD Loss 	 PGD Acc
[2025/10/11 21:37:35] - 2.5756 	 	 0.5180 	 2.8722 	 0.2832
[2025/10/11 21:38:25] - 89 	 24.1 	 	 0.2000 	 4.0875 	 0.2793
[2025/10/11 21:38:25] - ==> Building model..
[2025/10/11 21:38:45] - Test Loss 	 Test Acc 	 PGD Loss 	 PGD Acc
[2025/10/11 21:38:45] - 2.5771 	 	 0.5185 	 2.8733 	 0.2832
[2025/10/11 21:39:34] - 90 	 23.1 	 	 0.0200 	 3.9923 	 0.3409
[2025/10/11 21:39:34] - ==> Building model..
[2025/10/11 21:39:55] - Test Loss 	 Test Acc 	 PGD Loss 	 PGD Acc
[2025/10/11 21:39:55] - 2.5757 	 	 0.5188 	 2.8723 	 0.2827
[2025/10/11 21:40:44] - 91 	 22.5 	 	 0.0200 	 3.8983 	 0.4037
[2025/10/11 21:40:44] - ==> Building model..
[2025/10/11 21:41:04] - Test Loss 	 Test Acc 	 PGD Loss 	 PGD Acc
[2025/10/11 21:41:04] - 2.5747 	 	 0.5192 	 2.8713 	 0.2835
[2025/10/11 21:41:53] - 92 	 22.7 	 	 0.0200 	 3.8717 	 0.4196
[2025/10/11 21:41:53] - ==> Building model..
[2025/10/11 21:42:14] - Test Loss 	 Test Acc 	 PGD Loss 	 PGD Acc
[2025/10/11 21:42:14] - 2.5744 	 	 0.5199 	 2.8717 	 0.2833
[2025/10/11 21:43:03] - 93 	 22.9 	 	 0.0200 	 3.8548 	 0.4301
[2025/10/11 21:43:03] - ==> Building model..
[2025/10/11 21:43:22] - Test Loss 	 Test Acc 	 PGD Loss 	 PGD Acc
[2025/10/11 21:43:22] - 2.5759 	 	 0.5208 	 2.8733 	 0.2832
[2025/10/11 21:44:11] - 94 	 22.5 	 	 0.0200 	 3.8390 	 0.4423
[2025/10/11 21:44:11] - ==> Building model..
[2025/10/11 21:44:30] - Test Loss 	 Test Acc 	 PGD Loss 	 PGD Acc
[2025/10/11 21:44:30] - 2.5776 	 	 0.5208 	 2.8749 	 0.2832
[2025/10/11 21:45:20] - 95 	 23.8 	 	 0.0200 	 3.8270 	 0.4509
[2025/10/11 21:45:20] - ==> Building model..
[2025/10/11 21:45:40] - Test Loss 	 Test Acc 	 PGD Loss 	 PGD Acc
[2025/10/11 21:45:40] - 2.5817 	 	 0.5206 	 2.8786 	 0.2832
[2025/10/11 21:46:29] - 96 	 23.5 	 	 0.0200 	 3.8166 	 0.4609
[2025/10/11 21:46:29] - ==> Building model..
[2025/10/11 21:46:50] - Test Loss 	 Test Acc 	 PGD Loss 	 PGD Acc
[2025/10/11 21:46:50] - 2.5852 	 	 0.5206 	 2.8811 	 0.2833
[2025/10/11 21:47:38] - 97 	 23.0 	 	 0.0200 	 3.8071 	 0.4678
[2025/10/11 21:47:38] - ==> Building model..
[2025/10/11 21:47:57] - Test Loss 	 Test Acc 	 PGD Loss 	 PGD Acc
[2025/10/11 21:47:57] - 2.5903 	 	 0.5196 	 2.8859 	 0.2837
[2025/10/11 21:48:46] - 98 	 22.8 	 	 0.0200 	 3.7990 	 0.4720
[2025/10/11 21:48:46] - ==> Building model..
[2025/10/11 21:49:05] - Test Loss 	 Test Acc 	 PGD Loss 	 PGD Acc
[2025/10/11 21:49:05] - 2.5935 	 	 0.5193 	 2.8882 	 0.2838
[2025/10/11 21:49:55] - 99 	 22.7 	 	 0.0200 	 3.7926 	 0.4783
[2025/10/11 21:49:55] - ==> Building model..
[2025/10/11 21:50:14] - Test Loss 	 Test Acc 	 PGD Loss 	 PGD Acc
[2025/10/11 21:50:14] - 2.5960 	 	 0.5189 	 2.8897 	 0.2841
[2025/10/11 21:50:14] - [0.0874, 0.1458, 0.1791, 0.2247, 0.2674, 0.3045, 0.3464, 0.3791, 0.4003, 0.4175, 0.4316, 0.4366, 0.4469, 0.4545, 0.459, 0.4645, 0.4671, 0.4694, 0.4743, 0.4772, 0.4803, 0.4822, 0.4861, 0.4873, 0.4906, 0.4922, 0.4952, 0.497, 0.4988, 0.5, 0.5001, 0.5011, 0.5026, 0.5034, 0.5022, 0.5025, 0.5034, 0.5047, 0.5065, 0.5062, 0.5066, 0.5061, 0.5081, 0.5094, 0.5103, 0.5104, 0.5094, 0.5105, 0.5112, 0.5116, 0.5122, 0.5118, 0.5132, 0.5144, 0.5157, 0.516, 0.517, 0.5168, 0.5169, 0.5171, 0.5168, 0.5176, 0.5177, 0.5187, 0.5185, 0.5179, 0.5195, 0.5206, 0.5216, 0.5207, 0.5216, 0.5214, 0.5202, 0.5205, 0.5199, 0.5203, 0.5195, 0.52, 0.5196, 0.519, 0.5184, 0.5191, 0.5199, 0.5192, 0.5201, 0.5195, 0.5195, 0.5181, 0.518, 0.5185, 0.5188, 0.5192, 0.5199, 0.5208, 0.5208, 0.5206, 0.5206, 0.5196, 0.5193, 0.5189]
[2025/10/11 21:50:14] - [0.0579, 0.0938, 0.1127, 0.1368, 0.1612, 0.1775, 0.1923, 0.2083, 0.2185, 0.2262, 0.2332, 0.2365, 0.2407, 0.2441, 0.2467, 0.2496, 0.25, 0.2547, 0.2551, 0.2565, 0.2577, 0.2587, 0.2626, 0.2617, 0.2632, 0.2624, 0.2645, 0.2649, 0.2652, 0.2662, 0.2672, 0.2697, 0.27, 0.2697, 0.2702, 0.2691, 0.2705, 0.271, 0.2724, 0.2721, 0.2738, 0.2733, 0.2744, 0.2734, 0.2751, 0.2752, 0.2747, 0.2769, 0.2776, 0.2767, 0.2766, 0.2783, 0.2779, 0.2774, 0.277, 0.2779, 0.2782, 0.2792, 0.2791, 0.2795, 0.279, 0.2782, 0.2782, 0.2801, 0.2793, 0.2784, 0.2799, 0.2805, 0.2792, 0.2811, 0.2806, 0.2809, 0.2812, 0.2816, 0.2812, 0.2817, 0.2825, 0.2842, 0.2829, 0.2831, 0.2838, 0.2835, 0.2845, 0.2845, 0.2837, 0.2851, 0.2836, 0.2835, 0.2832, 0.2832, 0.2827, 0.2835, 0.2833, 0.2832, 0.2832, 0.2832, 0.2833, 0.2837, 0.2838, 0.2841]
