[2025/10/15 14:11:10] - Namespace(batch_size=128, data_dir='cifar-data', epochs=100, lr_schedule='multistep', lr_min=0.0, lr_max=0.2, weight_decay=0.0005, momentum=0.9, model='ResNet18', epsilon=8, alpha=8, delta_init='random', normal_mean=0, normal_std=1, out_dir='./output/CIFAR100/lamda_38_lamscale_0.03_run3', seed=0, lamda=38.0, lam_scale=0.03, lam_start=50, gamma=0.05, inner_gamma=0.05, beta=0.2, mu=3.5, batch_m=0.75, early_stop=False, factor=0.5, length=4, n_holes=1, c_num=0.125, EMA_value=0.55)
[2025/10/15 14:11:12] - ==> Building model..
[2025/10/15 14:11:12] - Epoch 	 Seconds 	 LR 	 	 Train Loss 	 Train Acc
[2025/10/15 14:11:52] - 0 	 19.9 	 	 0.2000 	 4.5648 	 0.0405
[2025/10/15 14:11:52] - ==> Building model..
[2025/10/15 14:12:13] - Test Loss 	 Test Acc 	 PGD Loss 	 PGD Acc
[2025/10/15 14:12:13] - 4.2210 	 	 0.0923 	 4.2355 	 0.0601
[2025/10/15 14:12:52] - 1 	 19.1 	 	 0.2000 	 4.4569 	 0.0800
[2025/10/15 14:12:52] - ==> Building model..
[2025/10/15 14:13:13] - Test Loss 	 Test Acc 	 PGD Loss 	 PGD Acc
[2025/10/15 14:13:13] - 4.0418 	 	 0.1410 	 4.0702 	 0.0903
[2025/10/15 14:13:54] - 2 	 21.2 	 	 0.2000 	 4.4054 	 0.1041
[2025/10/15 14:13:54] - ==> Building model..
[2025/10/15 14:14:09] - Test Loss 	 Test Acc 	 PGD Loss 	 PGD Acc
[2025/10/15 14:14:09] - 3.8927 	 	 0.1826 	 3.9377 	 0.1148
[2025/10/15 14:14:49] - 3 	 19.6 	 	 0.2000 	 4.3587 	 0.1276
[2025/10/15 14:14:49] - ==> Building model..
[2025/10/15 14:15:10] - Test Loss 	 Test Acc 	 PGD Loss 	 PGD Acc
[2025/10/15 14:15:10] - 3.7400 	 	 0.2347 	 3.8085 	 0.1349
[2025/10/15 14:15:54] - 4 	 21.8 	 	 0.2000 	 4.3147 	 0.1489
[2025/10/15 14:15:54] - ==> Building model..
[2025/10/15 14:16:14] - Test Loss 	 Test Acc 	 PGD Loss 	 PGD Acc
[2025/10/15 14:16:14] - 3.5672 	 	 0.2735 	 3.6652 	 0.1608
[2025/10/15 14:16:57] - 5 	 21.7 	 	 0.2000 	 4.2758 	 0.1699
[2025/10/15 14:16:57] - ==> Building model..
[2025/10/15 14:17:18] - Test Loss 	 Test Acc 	 PGD Loss 	 PGD Acc
[2025/10/15 14:17:18] - 3.3934 	 	 0.3106 	 3.5168 	 0.1785
[2025/10/15 14:17:59] - 6 	 21.3 	 	 0.2000 	 4.2438 	 0.1878
[2025/10/15 14:17:59] - ==> Building model..
[2025/10/15 14:18:18] - Test Loss 	 Test Acc 	 PGD Loss 	 PGD Acc
[2025/10/15 14:18:18] - 3.1987 	 	 0.3484 	 3.3529 	 0.1965
[2025/10/15 14:19:01] - 7 	 21.8 	 	 0.2000 	 4.2222 	 0.1996
[2025/10/15 14:19:01] - ==> Building model..
[2025/10/15 14:19:22] - Test Loss 	 Test Acc 	 PGD Loss 	 PGD Acc
[2025/10/15 14:19:22] - 3.0680 	 	 0.3797 	 3.2458 	 0.2087
[2025/10/15 14:20:05] - 8 	 21.6 	 	 0.2000 	 4.2034 	 0.2101
[2025/10/15 14:20:05] - ==> Building model..
[2025/10/15 14:20:27] - Test Loss 	 Test Acc 	 PGD Loss 	 PGD Acc
[2025/10/15 14:20:27] - 2.9784 	 	 0.3991 	 3.1756 	 0.2195
[2025/10/15 14:21:10] - 9 	 21.7 	 	 0.2000 	 4.1874 	 0.2190
[2025/10/15 14:21:10] - ==> Building model..
[2025/10/15 14:21:30] - Test Loss 	 Test Acc 	 PGD Loss 	 PGD Acc
[2025/10/15 14:21:30] - 2.9135 	 	 0.4133 	 3.1258 	 0.2253
[2025/10/15 14:22:10] - 10 	 19.9 	 	 0.2000 	 4.1747 	 0.2259
[2025/10/15 14:22:10] - ==> Building model..
[2025/10/15 14:22:31] - Test Loss 	 Test Acc 	 PGD Loss 	 PGD Acc
[2025/10/15 14:22:31] - 2.8560 	 	 0.4294 	 3.0813 	 0.2321
[2025/10/15 14:23:12] - 11 	 20.4 	 	 0.2000 	 4.1658 	 0.2284
[2025/10/15 14:23:12] - ==> Building model..
[2025/10/15 14:23:28] - Test Loss 	 Test Acc 	 PGD Loss 	 PGD Acc
[2025/10/15 14:23:28] - 2.8016 	 	 0.4402 	 3.0383 	 0.2370
[2025/10/15 14:24:08] - 12 	 19.5 	 	 0.2000 	 4.1567 	 0.2364
[2025/10/15 14:24:08] - ==> Building model..
[2025/10/15 14:24:28] - Test Loss 	 Test Acc 	 PGD Loss 	 PGD Acc
[2025/10/15 14:24:28] - 2.7704 	 	 0.4515 	 3.0152 	 0.2409
[2025/10/15 14:25:11] - 13 	 21.1 	 	 0.2000 	 4.1527 	 0.2362
[2025/10/15 14:25:11] - ==> Building model..
[2025/10/15 14:25:33] - Test Loss 	 Test Acc 	 PGD Loss 	 PGD Acc
[2025/10/15 14:25:33] - 2.7418 	 	 0.4558 	 2.9930 	 0.2456
[2025/10/15 14:26:15] - 14 	 21.4 	 	 0.2000 	 4.1480 	 0.2404
[2025/10/15 14:26:15] - ==> Building model..
[2025/10/15 14:26:35] - Test Loss 	 Test Acc 	 PGD Loss 	 PGD Acc
[2025/10/15 14:26:35] - 2.7297 	 	 0.4600 	 2.9855 	 0.2468
[2025/10/15 14:27:16] - 15 	 21.1 	 	 0.2000 	 4.1398 	 0.2451
[2025/10/15 14:27:16] - ==> Building model..
[2025/10/15 14:27:36] - Test Loss 	 Test Acc 	 PGD Loss 	 PGD Acc
[2025/10/15 14:27:36] - 2.7107 	 	 0.4658 	 2.9716 	 0.2498
[2025/10/15 14:28:18] - 16 	 21.1 	 	 0.2000 	 4.1356 	 0.2477
[2025/10/15 14:28:18] - ==> Building model..
[2025/10/15 14:28:38] - Test Loss 	 Test Acc 	 PGD Loss 	 PGD Acc
[2025/10/15 14:28:38] - 2.6948 	 	 0.4679 	 2.9587 	 0.2519
[2025/10/15 14:29:18] - 17 	 20.5 	 	 0.2000 	 4.1338 	 0.2499
[2025/10/15 14:29:18] - ==> Building model..
[2025/10/15 14:29:39] - Test Loss 	 Test Acc 	 PGD Loss 	 PGD Acc
[2025/10/15 14:29:39] - 2.6802 	 	 0.4694 	 2.9482 	 0.2542
[2025/10/15 14:30:17] - 18 	 19.0 	 	 0.2000 	 4.1273 	 0.2514
[2025/10/15 14:30:17] - ==> Building model..
[2025/10/15 14:30:36] - Test Loss 	 Test Acc 	 PGD Loss 	 PGD Acc
[2025/10/15 14:30:36] - 2.6630 	 	 0.4756 	 2.9361 	 0.2579
[2025/10/15 14:31:18] - 19 	 20.7 	 	 0.2000 	 4.1239 	 0.2546
[2025/10/15 14:31:18] - ==> Building model..
[2025/10/15 14:31:38] - Test Loss 	 Test Acc 	 PGD Loss 	 PGD Acc
[2025/10/15 14:31:38] - 2.6524 	 	 0.4785 	 2.9271 	 0.2608
[2025/10/15 14:32:16] - 20 	 18.7 	 	 0.2000 	 4.1221 	 0.2575
[2025/10/15 14:32:16] - ==> Building model..
[2025/10/15 14:32:36] - Test Loss 	 Test Acc 	 PGD Loss 	 PGD Acc
[2025/10/15 14:32:36] - 2.6473 	 	 0.4806 	 2.9239 	 0.2604
[2025/10/15 14:33:15] - 21 	 19.1 	 	 0.2000 	 4.1172 	 0.2595
[2025/10/15 14:33:15] - ==> Building model..
[2025/10/15 14:33:35] - Test Loss 	 Test Acc 	 PGD Loss 	 PGD Acc
[2025/10/15 14:33:35] - 2.6360 	 	 0.4854 	 2.9162 	 0.2605
[2025/10/15 14:34:15] - 22 	 20.2 	 	 0.2000 	 4.1182 	 0.2565
[2025/10/15 14:34:15] - ==> Building model..
[2025/10/15 14:34:35] - Test Loss 	 Test Acc 	 PGD Loss 	 PGD Acc
[2025/10/15 14:34:35] - 2.6266 	 	 0.4874 	 2.9093 	 0.2619
[2025/10/15 14:35:15] - 23 	 19.8 	 	 0.2000 	 4.1156 	 0.2587
[2025/10/15 14:35:15] - ==> Building model..
[2025/10/15 14:35:35] - Test Loss 	 Test Acc 	 PGD Loss 	 PGD Acc
[2025/10/15 14:35:35] - 2.6165 	 	 0.4898 	 2.9017 	 0.2611
[2025/10/15 14:36:16] - 24 	 20.3 	 	 0.2000 	 4.1127 	 0.2632
[2025/10/15 14:36:16] - ==> Building model..
[2025/10/15 14:36:37] - Test Loss 	 Test Acc 	 PGD Loss 	 PGD Acc
[2025/10/15 14:36:37] - 2.6139 	 	 0.4917 	 2.9016 	 0.2634
[2025/10/15 14:37:16] - 25 	 19.2 	 	 0.2000 	 4.1102 	 0.2664
[2025/10/15 14:37:16] - ==> Building model..
[2025/10/15 14:37:37] - Test Loss 	 Test Acc 	 PGD Loss 	 PGD Acc
[2025/10/15 14:37:37] - 2.6070 	 	 0.4940 	 2.8963 	 0.2656
[2025/10/15 14:38:19] - 26 	 21.2 	 	 0.2000 	 4.1082 	 0.2655
[2025/10/15 14:38:19] - ==> Building model..
[2025/10/15 14:38:41] - Test Loss 	 Test Acc 	 PGD Loss 	 PGD Acc
[2025/10/15 14:38:41] - 2.6008 	 	 0.4961 	 2.8908 	 0.2659
[2025/10/15 14:39:18] - 27 	 17.6 	 	 0.2000 	 4.1063 	 0.2673
[2025/10/15 14:39:18] - ==> Building model..
[2025/10/15 14:39:38] - Test Loss 	 Test Acc 	 PGD Loss 	 PGD Acc
[2025/10/15 14:39:38] - 2.5967 	 	 0.4983 	 2.8880 	 0.2671
[2025/10/15 14:40:20] - 28 	 21.5 	 	 0.2000 	 4.1049 	 0.2668
[2025/10/15 14:40:20] - ==> Building model..
[2025/10/15 14:40:41] - Test Loss 	 Test Acc 	 PGD Loss 	 PGD Acc
[2025/10/15 14:40:41] - 2.5973 	 	 0.4994 	 2.8894 	 0.2689
[2025/10/15 14:41:23] - 29 	 20.4 	 	 0.2000 	 4.1037 	 0.2690
[2025/10/15 14:41:23] - ==> Building model..
[2025/10/15 14:41:43] - Test Loss 	 Test Acc 	 PGD Loss 	 PGD Acc
[2025/10/15 14:41:43] - 2.5906 	 	 0.4998 	 2.8846 	 0.2684
[2025/10/15 14:42:25] - 30 	 21.7 	 	 0.2000 	 4.1043 	 0.2663
[2025/10/15 14:42:25] - ==> Building model..
[2025/10/15 14:42:45] - Test Loss 	 Test Acc 	 PGD Loss 	 PGD Acc
[2025/10/15 14:42:45] - 2.5899 	 	 0.4992 	 2.8842 	 0.2701
[2025/10/15 14:43:22] - 31 	 17.6 	 	 0.2000 	 4.1028 	 0.2678
[2025/10/15 14:43:22] - ==> Building model..
[2025/10/15 14:43:42] - Test Loss 	 Test Acc 	 PGD Loss 	 PGD Acc
[2025/10/15 14:43:42] - 2.5876 	 	 0.5000 	 2.8819 	 0.2687
[2025/10/15 14:44:23] - 32 	 20.5 	 	 0.2000 	 4.1012 	 0.2695
[2025/10/15 14:44:23] - ==> Building model..
[2025/10/15 14:44:42] - Test Loss 	 Test Acc 	 PGD Loss 	 PGD Acc
[2025/10/15 14:44:42] - 2.5845 	 	 0.5012 	 2.8801 	 0.2705
[2025/10/15 14:45:23] - 33 	 19.9 	 	 0.2000 	 4.0996 	 0.2698
[2025/10/15 14:45:23] - ==> Building model..
[2025/10/15 14:45:44] - Test Loss 	 Test Acc 	 PGD Loss 	 PGD Acc
[2025/10/15 14:45:44] - 2.5787 	 	 0.5025 	 2.8752 	 0.2721
[2025/10/15 14:46:24] - 34 	 19.8 	 	 0.2000 	 4.1002 	 0.2696
[2025/10/15 14:46:24] - ==> Building model..
[2025/10/15 14:46:43] - Test Loss 	 Test Acc 	 PGD Loss 	 PGD Acc
[2025/10/15 14:46:43] - 2.5736 	 	 0.5024 	 2.8703 	 0.2736
[2025/10/15 14:47:26] - 35 	 21.3 	 	 0.2000 	 4.0964 	 0.2738
[2025/10/15 14:47:26] - ==> Building model..
[2025/10/15 14:47:45] - Test Loss 	 Test Acc 	 PGD Loss 	 PGD Acc
[2025/10/15 14:47:45] - 2.5694 	 	 0.5031 	 2.8667 	 0.2717
[2025/10/15 14:48:26] - 36 	 21.2 	 	 0.2000 	 4.0973 	 0.2709
[2025/10/15 14:48:26] - ==> Building model..
[2025/10/15 14:48:45] - Test Loss 	 Test Acc 	 PGD Loss 	 PGD Acc
[2025/10/15 14:48:45] - 2.5657 	 	 0.5037 	 2.8639 	 0.2733
[2025/10/15 14:49:28] - 37 	 21.8 	 	 0.2000 	 4.0959 	 0.2716
[2025/10/15 14:49:28] - ==> Building model..
[2025/10/15 14:49:48] - Test Loss 	 Test Acc 	 PGD Loss 	 PGD Acc
[2025/10/15 14:49:48] - 2.5645 	 	 0.5052 	 2.8627 	 0.2737
[2025/10/15 14:50:28] - 38 	 19.9 	 	 0.2000 	 4.0944 	 0.2705
[2025/10/15 14:50:28] - ==> Building model..
[2025/10/15 14:50:47] - Test Loss 	 Test Acc 	 PGD Loss 	 PGD Acc
[2025/10/15 14:50:47] - 2.5609 	 	 0.5075 	 2.8598 	 0.2744
[2025/10/15 14:51:29] - 39 	 21.0 	 	 0.2000 	 4.0954 	 0.2705
[2025/10/15 14:51:29] - ==> Building model..
[2025/10/15 14:51:51] - Test Loss 	 Test Acc 	 PGD Loss 	 PGD Acc
[2025/10/15 14:51:51] - 2.5589 	 	 0.5085 	 2.8583 	 0.2750
[2025/10/15 14:52:32] - 40 	 19.9 	 	 0.2000 	 4.0934 	 0.2750
[2025/10/15 14:52:32] - ==> Building model..
[2025/10/15 14:52:54] - Test Loss 	 Test Acc 	 PGD Loss 	 PGD Acc
[2025/10/15 14:52:54] - 2.5567 	 	 0.5081 	 2.8566 	 0.2765
[2025/10/15 14:53:35] - 41 	 21.2 	 	 0.2000 	 4.0941 	 0.2726
[2025/10/15 14:53:35] - ==> Building model..
[2025/10/15 14:53:56] - Test Loss 	 Test Acc 	 PGD Loss 	 PGD Acc
[2025/10/15 14:53:56] - 2.5538 	 	 0.5090 	 2.8547 	 0.2765
[2025/10/15 14:54:37] - 42 	 21.1 	 	 0.2000 	 4.0943 	 0.2714
[2025/10/15 14:54:37] - ==> Building model..
[2025/10/15 14:54:59] - Test Loss 	 Test Acc 	 PGD Loss 	 PGD Acc
[2025/10/15 14:54:59] - 2.5511 	 	 0.5110 	 2.8528 	 0.2769
[2025/10/15 14:55:40] - 43 	 21.2 	 	 0.2000 	 4.0937 	 0.2728
[2025/10/15 14:55:40] - ==> Building model..
[2025/10/15 14:56:00] - Test Loss 	 Test Acc 	 PGD Loss 	 PGD Acc
[2025/10/15 14:56:00] - 2.5516 	 	 0.5138 	 2.8539 	 0.2774
[2025/10/15 14:56:40] - 44 	 19.6 	 	 0.2000 	 4.0933 	 0.2745
[2025/10/15 14:56:40] - ==> Building model..
[2025/10/15 14:57:01] - Test Loss 	 Test Acc 	 PGD Loss 	 PGD Acc
[2025/10/15 14:57:01] - 2.5511 	 	 0.5139 	 2.8536 	 0.2786
[2025/10/15 14:57:42] - 45 	 20.1 	 	 0.2000 	 4.0908 	 0.2744
[2025/10/15 14:57:42] - ==> Building model..
[2025/10/15 14:58:02] - Test Loss 	 Test Acc 	 PGD Loss 	 PGD Acc
[2025/10/15 14:58:02] - 2.5493 	 	 0.5143 	 2.8523 	 0.2790
[2025/10/15 14:58:42] - 46 	 19.2 	 	 0.2000 	 4.0897 	 0.2752
[2025/10/15 14:58:42] - ==> Building model..
[2025/10/15 14:59:03] - Test Loss 	 Test Acc 	 PGD Loss 	 PGD Acc
[2025/10/15 14:59:03] - 2.5490 	 	 0.5160 	 2.8525 	 0.2785
[2025/10/15 14:59:45] - 47 	 21.6 	 	 0.2000 	 4.0905 	 0.2727
[2025/10/15 14:59:45] - ==> Building model..
[2025/10/15 15:00:07] - Test Loss 	 Test Acc 	 PGD Loss 	 PGD Acc
[2025/10/15 15:00:07] - 2.5455 	 	 0.5172 	 2.8497 	 0.2786
[2025/10/15 15:00:47] - 48 	 20.3 	 	 0.2000 	 4.0886 	 0.2764
[2025/10/15 15:00:47] - ==> Building model..
[2025/10/15 15:01:06] - Test Loss 	 Test Acc 	 PGD Loss 	 PGD Acc
[2025/10/15 15:01:06] - 2.5435 	 	 0.5180 	 2.8486 	 0.2786
[2025/10/15 15:01:44] - 49 	 17.7 	 	 0.2000 	 4.0892 	 0.2769
[2025/10/15 15:01:44] - ==> Building model..
[2025/10/15 15:02:03] - Test Loss 	 Test Acc 	 PGD Loss 	 PGD Acc
[2025/10/15 15:02:03] - 2.5464 	 	 0.5181 	 2.8507 	 0.2781
[2025/10/15 15:02:42] - 50 	 19.4 	 	 0.2000 	 4.0885 	 0.2763
[2025/10/15 15:02:42] - ==> Building model..
[2025/10/15 15:03:02] - Test Loss 	 Test Acc 	 PGD Loss 	 PGD Acc
[2025/10/15 15:03:02] - 2.5461 	 	 0.5182 	 2.8507 	 0.2799
[2025/10/15 15:03:44] - 51 	 21.5 	 	 0.2000 	 4.0894 	 0.2751
[2025/10/15 15:03:44] - ==> Building model..
[2025/10/15 15:04:05] - Test Loss 	 Test Acc 	 PGD Loss 	 PGD Acc
[2025/10/15 15:04:05] - 2.5453 	 	 0.5184 	 2.8495 	 0.2795
[2025/10/15 15:04:47] - 52 	 21.2 	 	 0.2000 	 4.0892 	 0.2759
[2025/10/15 15:04:47] - ==> Building model..
[2025/10/15 15:05:06] - Test Loss 	 Test Acc 	 PGD Loss 	 PGD Acc
[2025/10/15 15:05:06] - 2.5466 	 	 0.5188 	 2.8517 	 0.2800
[2025/10/15 15:05:46] - 53 	 20.4 	 	 0.2000 	 4.0868 	 0.2780
[2025/10/15 15:05:46] - ==> Building model..
[2025/10/15 15:06:07] - Test Loss 	 Test Acc 	 PGD Loss 	 PGD Acc
[2025/10/15 15:06:07] - 2.5467 	 	 0.5183 	 2.8505 	 0.2802
[2025/10/15 15:06:48] - 54 	 21.1 	 	 0.2000 	 4.0904 	 0.2755
[2025/10/15 15:06:48] - ==> Building model..
[2025/10/15 15:07:09] - Test Loss 	 Test Acc 	 PGD Loss 	 PGD Acc
[2025/10/15 15:07:09] - 2.5472 	 	 0.5172 	 2.8507 	 0.2803
[2025/10/15 15:07:49] - 55 	 20.0 	 	 0.2000 	 4.0888 	 0.2779
[2025/10/15 15:07:49] - ==> Building model..
[2025/10/15 15:08:09] - Test Loss 	 Test Acc 	 PGD Loss 	 PGD Acc
[2025/10/15 15:08:09] - 2.5453 	 	 0.5170 	 2.8496 	 0.2807
[2025/10/15 15:08:52] - 56 	 20.3 	 	 0.2000 	 4.0878 	 0.2785
[2025/10/15 15:08:52] - ==> Building model..
[2025/10/15 15:09:11] - Test Loss 	 Test Acc 	 PGD Loss 	 PGD Acc
[2025/10/15 15:09:11] - 2.5426 	 	 0.5195 	 2.8481 	 0.2815
[2025/10/15 15:09:53] - 57 	 21.2 	 	 0.2000 	 4.0890 	 0.2788
[2025/10/15 15:09:53] - ==> Building model..
[2025/10/15 15:10:15] - Test Loss 	 Test Acc 	 PGD Loss 	 PGD Acc
[2025/10/15 15:10:15] - 2.5421 	 	 0.5208 	 2.8469 	 0.2801
[2025/10/15 15:10:54] - 58 	 19.3 	 	 0.2000 	 4.0871 	 0.2793
[2025/10/15 15:10:54] - ==> Building model..
[2025/10/15 15:11:15] - Test Loss 	 Test Acc 	 PGD Loss 	 PGD Acc
[2025/10/15 15:11:15] - 2.5419 	 	 0.5199 	 2.8475 	 0.2803
[2025/10/15 15:11:56] - 59 	 21.0 	 	 0.2000 	 4.0886 	 0.2780
[2025/10/15 15:11:56] - ==> Building model..
[2025/10/15 15:12:16] - Test Loss 	 Test Acc 	 PGD Loss 	 PGD Acc
[2025/10/15 15:12:16] - 2.5431 	 	 0.5200 	 2.8478 	 0.2797
[2025/10/15 15:12:55] - 60 	 19.2 	 	 0.2000 	 4.0858 	 0.2811
[2025/10/15 15:12:55] - ==> Building model..
[2025/10/15 15:13:17] - Test Loss 	 Test Acc 	 PGD Loss 	 PGD Acc
[2025/10/15 15:13:17] - 2.5422 	 	 0.5209 	 2.8474 	 0.2806
[2025/10/15 15:13:58] - 61 	 20.4 	 	 0.2000 	 4.0880 	 0.2774
[2025/10/15 15:13:58] - ==> Building model..
[2025/10/15 15:14:17] - Test Loss 	 Test Acc 	 PGD Loss 	 PGD Acc
[2025/10/15 15:14:17] - 2.5416 	 	 0.5210 	 2.8467 	 0.2808
[2025/10/15 15:14:58] - 62 	 20.6 	 	 0.2000 	 4.0878 	 0.2784
[2025/10/15 15:14:58] - ==> Building model..
[2025/10/15 15:15:16] - Test Loss 	 Test Acc 	 PGD Loss 	 PGD Acc
[2025/10/15 15:15:16] - 2.5418 	 	 0.5216 	 2.8468 	 0.2826
[2025/10/15 15:15:59] - 63 	 21.0 	 	 0.2000 	 4.0889 	 0.2778
[2025/10/15 15:15:59] - ==> Building model..
[2025/10/15 15:16:18] - Test Loss 	 Test Acc 	 PGD Loss 	 PGD Acc
[2025/10/15 15:16:18] - 2.5415 	 	 0.5227 	 2.8461 	 0.2828
[2025/10/15 15:17:00] - 64 	 20.5 	 	 0.2000 	 4.0861 	 0.2812
[2025/10/15 15:17:00] - ==> Building model..
[2025/10/15 15:17:18] - Test Loss 	 Test Acc 	 PGD Loss 	 PGD Acc
[2025/10/15 15:17:18] - 2.5439 	 	 0.5226 	 2.8481 	 0.2826
[2025/10/15 15:17:58] - 65 	 19.2 	 	 0.2000 	 4.0867 	 0.2787
[2025/10/15 15:17:58] - ==> Building model..
[2025/10/15 15:18:17] - Test Loss 	 Test Acc 	 PGD Loss 	 PGD Acc
[2025/10/15 15:18:17] - 2.5471 	 	 0.5239 	 2.8506 	 0.2812
[2025/10/15 15:18:58] - 66 	 19.5 	 	 0.2000 	 4.0862 	 0.2782
[2025/10/15 15:18:58] - ==> Building model..
[2025/10/15 15:19:17] - Test Loss 	 Test Acc 	 PGD Loss 	 PGD Acc
[2025/10/15 15:19:17] - 2.5476 	 	 0.5240 	 2.8512 	 0.2815
[2025/10/15 15:19:59] - 67 	 20.8 	 	 0.2000 	 4.0873 	 0.2790
[2025/10/15 15:19:59] - ==> Building model..
[2025/10/15 15:20:20] - Test Loss 	 Test Acc 	 PGD Loss 	 PGD Acc
[2025/10/15 15:20:20] - 2.5479 	 	 0.5255 	 2.8512 	 0.2816
[2025/10/15 15:21:01] - 68 	 19.8 	 	 0.2000 	 4.0873 	 0.2797
[2025/10/15 15:21:01] - ==> Building model..
[2025/10/15 15:21:22] - Test Loss 	 Test Acc 	 PGD Loss 	 PGD Acc
[2025/10/15 15:21:22] - 2.5515 	 	 0.5242 	 2.8538 	 0.2816
[2025/10/15 15:22:04] - 69 	 20.6 	 	 0.2000 	 4.0900 	 0.2774
[2025/10/15 15:22:04] - ==> Building model..
[2025/10/15 15:22:24] - Test Loss 	 Test Acc 	 PGD Loss 	 PGD Acc
[2025/10/15 15:22:24] - 2.5558 	 	 0.5235 	 2.8569 	 0.2804
[2025/10/15 15:23:05] - 70 	 20.1 	 	 0.2000 	 4.0894 	 0.2774
[2025/10/15 15:23:05] - ==> Building model..
[2025/10/15 15:23:24] - Test Loss 	 Test Acc 	 PGD Loss 	 PGD Acc
[2025/10/15 15:23:24] - 2.5587 	 	 0.5236 	 2.8590 	 0.2804
[2025/10/15 15:24:06] - 71 	 20.4 	 	 0.2000 	 4.0882 	 0.2805
[2025/10/15 15:24:06] - ==> Building model..
[2025/10/15 15:24:25] - Test Loss 	 Test Acc 	 PGD Loss 	 PGD Acc
[2025/10/15 15:24:25] - 2.5606 	 	 0.5238 	 2.8601 	 0.2811
[2025/10/15 15:25:07] - 72 	 21.1 	 	 0.2000 	 4.0891 	 0.2759
[2025/10/15 15:25:07] - ==> Building model..
[2025/10/15 15:25:26] - Test Loss 	 Test Acc 	 PGD Loss 	 PGD Acc
[2025/10/15 15:25:26] - 2.5630 	 	 0.5245 	 2.8628 	 0.2816
[2025/10/15 15:26:07] - 73 	 20.1 	 	 0.2000 	 4.0885 	 0.2786
[2025/10/15 15:26:07] - ==> Building model..
[2025/10/15 15:26:27] - Test Loss 	 Test Acc 	 PGD Loss 	 PGD Acc
[2025/10/15 15:26:27] - 2.5656 	 	 0.5238 	 2.8648 	 0.2817
[2025/10/15 15:27:06] - 74 	 18.9 	 	 0.2000 	 4.0899 	 0.2777
[2025/10/15 15:27:06] - ==> Building model..
[2025/10/15 15:27:25] - Test Loss 	 Test Acc 	 PGD Loss 	 PGD Acc
[2025/10/15 15:27:25] - 2.5669 	 	 0.5249 	 2.8654 	 0.2809
[2025/10/15 15:28:03] - 75 	 18.7 	 	 0.2000 	 4.0893 	 0.2796
[2025/10/15 15:28:03] - ==> Building model..
[2025/10/15 15:28:23] - Test Loss 	 Test Acc 	 PGD Loss 	 PGD Acc
[2025/10/15 15:28:23] - 2.5687 	 	 0.5244 	 2.8666 	 0.2818
[2025/10/15 15:29:03] - 76 	 20.2 	 	 0.2000 	 4.0898 	 0.2802
[2025/10/15 15:29:03] - ==> Building model..
[2025/10/15 15:29:23] - Test Loss 	 Test Acc 	 PGD Loss 	 PGD Acc
[2025/10/15 15:29:23] - 2.5701 	 	 0.5239 	 2.8678 	 0.2823
[2025/10/15 15:30:05] - 77 	 21.0 	 	 0.2000 	 4.0890 	 0.2798
[2025/10/15 15:30:05] - ==> Building model..
[2025/10/15 15:30:27] - Test Loss 	 Test Acc 	 PGD Loss 	 PGD Acc
[2025/10/15 15:30:27] - 2.5710 	 	 0.5239 	 2.8687 	 0.2828
[2025/10/15 15:31:07] - 78 	 20.2 	 	 0.2000 	 4.0900 	 0.2784
[2025/10/15 15:31:07] - ==> Building model..
[2025/10/15 15:31:26] - Test Loss 	 Test Acc 	 PGD Loss 	 PGD Acc
[2025/10/15 15:31:26] - 2.5732 	 	 0.5235 	 2.8704 	 0.2829
[2025/10/15 15:32:08] - 79 	 21.1 	 	 0.2000 	 4.0894 	 0.2791
[2025/10/15 15:32:08] - ==> Building model..
[2025/10/15 15:32:28] - Test Loss 	 Test Acc 	 PGD Loss 	 PGD Acc
[2025/10/15 15:32:28] - 2.5748 	 	 0.5226 	 2.8709 	 0.2828
[2025/10/15 15:33:11] - 80 	 21.5 	 	 0.2000 	 4.0890 	 0.2795
[2025/10/15 15:33:11] - ==> Building model..
[2025/10/15 15:33:32] - Test Loss 	 Test Acc 	 PGD Loss 	 PGD Acc
[2025/10/15 15:33:32] - 2.5770 	 	 0.5210 	 2.8724 	 0.2838
[2025/10/15 15:34:13] - 81 	 20.7 	 	 0.2000 	 4.0900 	 0.2787
[2025/10/15 15:34:13] - ==> Building model..
[2025/10/15 15:34:32] - Test Loss 	 Test Acc 	 PGD Loss 	 PGD Acc
[2025/10/15 15:34:32] - 2.5795 	 	 0.5200 	 2.8739 	 0.2842
[2025/10/15 15:35:13] - 82 	 19.4 	 	 0.2000 	 4.0905 	 0.2791
[2025/10/15 15:35:13] - ==> Building model..
[2025/10/15 15:35:34] - Test Loss 	 Test Acc 	 PGD Loss 	 PGD Acc
[2025/10/15 15:35:34] - 2.5797 	 	 0.5204 	 2.8743 	 0.2846
[2025/10/15 15:36:15] - 83 	 19.4 	 	 0.2000 	 4.0876 	 0.2821
[2025/10/15 15:36:15] - ==> Building model..
[2025/10/15 15:36:34] - Test Loss 	 Test Acc 	 PGD Loss 	 PGD Acc
[2025/10/15 15:36:34] - 2.5811 	 	 0.5208 	 2.8756 	 0.2847
[2025/10/15 15:37:14] - 84 	 19.5 	 	 0.2000 	 4.0918 	 0.2791
[2025/10/15 15:37:14] - ==> Building model..
[2025/10/15 15:37:34] - Test Loss 	 Test Acc 	 PGD Loss 	 PGD Acc
[2025/10/15 15:37:34] - 2.5821 	 	 0.5207 	 2.8765 	 0.2846
[2025/10/15 15:38:15] - 85 	 19.2 	 	 0.2000 	 4.0916 	 0.2798
[2025/10/15 15:38:15] - ==> Building model..
[2025/10/15 15:38:33] - Test Loss 	 Test Acc 	 PGD Loss 	 PGD Acc
[2025/10/15 15:38:33] - 2.5835 	 	 0.5210 	 2.8771 	 0.2848
[2025/10/15 15:39:13] - 86 	 18.7 	 	 0.2000 	 4.0894 	 0.2817
[2025/10/15 15:39:13] - ==> Building model..
[2025/10/15 15:39:31] - Test Loss 	 Test Acc 	 PGD Loss 	 PGD Acc
[2025/10/15 15:39:31] - 2.5845 	 	 0.5202 	 2.8781 	 0.2843
[2025/10/15 15:40:10] - 87 	 18.4 	 	 0.2000 	 4.0908 	 0.2797
[2025/10/15 15:40:10] - ==> Building model..
[2025/10/15 15:40:29] - Test Loss 	 Test Acc 	 PGD Loss 	 PGD Acc
[2025/10/15 15:40:29] - 2.5847 	 	 0.5209 	 2.8780 	 0.2846
[2025/10/15 15:41:10] - 88 	 19.6 	 	 0.2000 	 4.0921 	 0.2773
[2025/10/15 15:41:10] - ==> Building model..
[2025/10/15 15:41:27] - Test Loss 	 Test Acc 	 PGD Loss 	 PGD Acc
[2025/10/15 15:41:27] - 2.5861 	 	 0.5214 	 2.8794 	 0.2842
[2025/10/15 15:42:06] - 89 	 18.9 	 	 0.2000 	 4.0916 	 0.2808
[2025/10/15 15:42:06] - ==> Building model..
[2025/10/15 15:42:26] - Test Loss 	 Test Acc 	 PGD Loss 	 PGD Acc
[2025/10/15 15:42:26] - 2.5877 	 	 0.5199 	 2.8800 	 0.2842
[2025/10/15 15:43:06] - 90 	 18.8 	 	 0.0200 	 3.9953 	 0.3430
[2025/10/15 15:43:06] - ==> Building model..
[2025/10/15 15:43:24] - Test Loss 	 Test Acc 	 PGD Loss 	 PGD Acc
[2025/10/15 15:43:24] - 2.5862 	 	 0.5207 	 2.8791 	 0.2843
[2025/10/15 15:44:04] - 91 	 18.9 	 	 0.0200 	 3.9027 	 0.4041
[2025/10/15 15:44:04] - ==> Building model..
[2025/10/15 15:44:24] - Test Loss 	 Test Acc 	 PGD Loss 	 PGD Acc
[2025/10/15 15:44:24] - 2.5852 	 	 0.5211 	 2.8782 	 0.2842
[2025/10/15 15:45:04] - 92 	 19.0 	 	 0.0200 	 3.8769 	 0.4198
[2025/10/15 15:45:04] - ==> Building model..
[2025/10/15 15:45:23] - Test Loss 	 Test Acc 	 PGD Loss 	 PGD Acc
[2025/10/15 15:45:23] - 2.5850 	 	 0.5222 	 2.8782 	 0.2848
[2025/10/15 15:46:02] - 93 	 18.6 	 	 0.0200 	 3.8594 	 0.4328
[2025/10/15 15:46:02] - ==> Building model..
[2025/10/15 15:46:21] - Test Loss 	 Test Acc 	 PGD Loss 	 PGD Acc
[2025/10/15 15:46:21] - 2.5861 	 	 0.5221 	 2.8796 	 0.2852
[2025/10/15 15:47:01] - 94 	 18.6 	 	 0.0200 	 3.8444 	 0.4436
[2025/10/15 15:47:01] - ==> Building model..
[2025/10/15 15:47:20] - Test Loss 	 Test Acc 	 PGD Loss 	 PGD Acc
[2025/10/15 15:47:20] - 2.5861 	 	 0.5221 	 2.8793 	 0.2850
[2025/10/15 15:48:01] - 95 	 18.9 	 	 0.0200 	 3.8322 	 0.4515
[2025/10/15 15:48:01] - ==> Building model..
[2025/10/15 15:48:21] - Test Loss 	 Test Acc 	 PGD Loss 	 PGD Acc
[2025/10/15 15:48:21] - 2.5888 	 	 0.5217 	 2.8816 	 0.2849
[2025/10/15 15:49:01] - 96 	 19.0 	 	 0.0200 	 3.8221 	 0.4609
[2025/10/15 15:49:01] - ==> Building model..
[2025/10/15 15:49:22] - Test Loss 	 Test Acc 	 PGD Loss 	 PGD Acc
[2025/10/15 15:49:22] - 2.5911 	 	 0.5219 	 2.8833 	 0.2853
[2025/10/15 15:50:03] - 97 	 19.2 	 	 0.0200 	 3.8135 	 0.4661
[2025/10/15 15:50:03] - ==> Building model..
[2025/10/15 15:50:22] - Test Loss 	 Test Acc 	 PGD Loss 	 PGD Acc
[2025/10/15 15:50:22] - 2.5959 	 	 0.5214 	 2.8873 	 0.2851
[2025/10/15 15:51:02] - 98 	 18.7 	 	 0.0200 	 3.8051 	 0.4732
[2025/10/15 15:51:02] - ==> Building model..
[2025/10/15 15:51:19] - Test Loss 	 Test Acc 	 PGD Loss 	 PGD Acc
[2025/10/15 15:51:19] - 2.5992 	 	 0.5216 	 2.8900 	 0.2859
[2025/10/15 15:51:59] - 99 	 18.5 	 	 0.0200 	 3.7984 	 0.4742
[2025/10/15 15:51:59] - ==> Building model..
[2025/10/15 15:52:17] - Test Loss 	 Test Acc 	 PGD Loss 	 PGD Acc
[2025/10/15 15:52:17] - 2.6017 	 	 0.5211 	 2.8922 	 0.2865
[2025/10/15 15:52:17] - [0.0923, 0.141, 0.1826, 0.2347, 0.2735, 0.3106, 0.3484, 0.3797, 0.3991, 0.4133, 0.4294, 0.4402, 0.4515, 0.4558, 0.46, 0.4658, 0.4679, 0.4694, 0.4756, 0.4785, 0.4806, 0.4854, 0.4874, 0.4898, 0.4917, 0.494, 0.4961, 0.4983, 0.4994, 0.4998, 0.4992, 0.5, 0.5012, 0.5025, 0.5024, 0.5031, 0.5037, 0.5052, 0.5075, 0.5085, 0.5081, 0.509, 0.511, 0.5138, 0.5139, 0.5143, 0.516, 0.5172, 0.518, 0.5181, 0.5182, 0.5184, 0.5188, 0.5183, 0.5172, 0.517, 0.5195, 0.5208, 0.5199, 0.52, 0.5209, 0.521, 0.5216, 0.5227, 0.5226, 0.5239, 0.524, 0.5255, 0.5242, 0.5235, 0.5236, 0.5238, 0.5245, 0.5238, 0.5249, 0.5244, 0.5239, 0.5239, 0.5235, 0.5226, 0.521, 0.52, 0.5204, 0.5208, 0.5207, 0.521, 0.5202, 0.5209, 0.5214, 0.5199, 0.5207, 0.5211, 0.5222, 0.5221, 0.5221, 0.5217, 0.5219, 0.5214, 0.5216, 0.5211]
[2025/10/15 15:52:17] - [0.0601, 0.0903, 0.1148, 0.1349, 0.1608, 0.1785, 0.1965, 0.2087, 0.2195, 0.2253, 0.2321, 0.237, 0.2409, 0.2456, 0.2468, 0.2498, 0.2519, 0.2542, 0.2579, 0.2608, 0.2604, 0.2605, 0.2619, 0.2611, 0.2634, 0.2656, 0.2659, 0.2671, 0.2689, 0.2684, 0.2701, 0.2687, 0.2705, 0.2721, 0.2736, 0.2717, 0.2733, 0.2737, 0.2744, 0.275, 0.2765, 0.2765, 0.2769, 0.2774, 0.2786, 0.279, 0.2785, 0.2786, 0.2786, 0.2781, 0.2799, 0.2795, 0.28, 0.2802, 0.2803, 0.2807, 0.2815, 0.2801, 0.2803, 0.2797, 0.2806, 0.2808, 0.2826, 0.2828, 0.2826, 0.2812, 0.2815, 0.2816, 0.2816, 0.2804, 0.2804, 0.2811, 0.2816, 0.2817, 0.2809, 0.2818, 0.2823, 0.2828, 0.2829, 0.2828, 0.2838, 0.2842, 0.2846, 0.2847, 0.2846, 0.2848, 0.2843, 0.2846, 0.2842, 0.2842, 0.2843, 0.2842, 0.2848, 0.2852, 0.285, 0.2849, 0.2853, 0.2851, 0.2859, 0.2865]
