[2025/10/16 08:38:46] - Namespace(batch_size=128, data_dir='cifar-data', epochs=100, lr_schedule='multistep', lr_min=0.0, lr_max=0.2, weight_decay=0.0005, momentum=0.9, model='ResNet18', epsilon=8, alpha=8, delta_init='random', normal_mean=0, normal_std=1, out_dir='./output/CIFAR100/lamda_38_lamscale_0.15_run1', seed=0, lamda=38.0, lam_scale=0.15, lam_start=50, gamma=0.05, inner_gamma=0.05, beta=0.2, mu=3.5, batch_m=0.75, early_stop=False, factor=0.5, length=4, n_holes=1, c_num=0.125, EMA_value=0.55)
[2025/10/16 08:38:48] - ==> Building model..
[2025/10/16 08:38:48] - Epoch 	 Seconds 	 LR 	 	 Train Loss 	 Train Acc
[2025/10/16 08:39:26] - 0 	 18.5 	 	 0.2000 	 4.5690 	 0.0392
[2025/10/16 08:39:26] - ==> Building model..
[2025/10/16 08:39:45] - Test Loss 	 Test Acc 	 PGD Loss 	 PGD Acc
[2025/10/16 08:39:45] - 4.2073 	 	 0.0916 	 4.2221 	 0.0614
[2025/10/16 08:40:25] - 1 	 20.1 	 	 0.2000 	 4.4584 	 0.0789
[2025/10/16 08:40:25] - ==> Building model..
[2025/10/16 08:40:46] - Test Loss 	 Test Acc 	 PGD Loss 	 PGD Acc
[2025/10/16 08:40:46] - 4.0032 	 	 0.1465 	 4.0343 	 0.0957
[2025/10/16 08:41:25] - 2 	 20.6 	 	 0.2000 	 4.4088 	 0.1032
[2025/10/16 08:41:25] - ==> Building model..
[2025/10/16 08:41:47] - Test Loss 	 Test Acc 	 PGD Loss 	 PGD Acc
[2025/10/16 08:41:47] - 3.8953 	 	 0.1829 	 3.9401 	 0.1142
[2025/10/16 08:42:25] - 3 	 18.6 	 	 0.2000 	 4.3607 	 0.1256
[2025/10/16 08:42:25] - ==> Building model..
[2025/10/16 08:42:45] - Test Loss 	 Test Acc 	 PGD Loss 	 PGD Acc
[2025/10/16 08:42:45] - 3.7018 	 	 0.2360 	 3.7736 	 0.1386
[2025/10/16 08:43:26] - 4 	 20.9 	 	 0.2000 	 4.3167 	 0.1495
[2025/10/16 08:43:26] - ==> Building model..
[2025/10/16 08:43:46] - Test Loss 	 Test Acc 	 PGD Loss 	 PGD Acc
[2025/10/16 08:43:46] - 3.5821 	 	 0.2690 	 3.6753 	 0.1624
[2025/10/16 08:44:24] - 5 	 19.5 	 	 0.2000 	 4.2780 	 0.1684
[2025/10/16 08:44:24] - ==> Building model..
[2025/10/16 08:44:40] - Test Loss 	 Test Acc 	 PGD Loss 	 PGD Acc
[2025/10/16 08:44:40] - 3.4099 	 	 0.3060 	 3.5292 	 0.1788
[2025/10/16 08:45:20] - 6 	 20.8 	 	 0.2000 	 4.2465 	 0.1855
[2025/10/16 08:45:20] - ==> Building model..
[2025/10/16 08:45:41] - Test Loss 	 Test Acc 	 PGD Loss 	 PGD Acc
[2025/10/16 08:45:41] - 3.2130 	 	 0.3460 	 3.3637 	 0.1936
[2025/10/16 08:46:21] - 7 	 20.6 	 	 0.2000 	 4.2240 	 0.1983
[2025/10/16 08:46:21] - ==> Building model..
[2025/10/16 08:46:43] - Test Loss 	 Test Acc 	 PGD Loss 	 PGD Acc
[2025/10/16 08:46:43] - 3.0759 	 	 0.3809 	 3.2532 	 0.2063
[2025/10/16 08:47:22] - 8 	 19.7 	 	 0.2000 	 4.2050 	 0.2081
[2025/10/16 08:47:22] - ==> Building model..
[2025/10/16 08:47:38] - Test Loss 	 Test Acc 	 PGD Loss 	 PGD Acc
[2025/10/16 08:47:38] - 2.9745 	 	 0.4006 	 3.1731 	 0.2176
[2025/10/16 08:48:16] - 9 	 19.4 	 	 0.2000 	 4.1886 	 0.2178
[2025/10/16 08:48:16] - ==> Building model..
[2025/10/16 08:48:36] - Test Loss 	 Test Acc 	 PGD Loss 	 PGD Acc
[2025/10/16 08:48:36] - 2.9160 	 	 0.4122 	 3.1264 	 0.2246
[2025/10/16 08:49:15] - 10 	 19.9 	 	 0.2000 	 4.1756 	 0.2255
[2025/10/16 08:49:15] - ==> Building model..
[2025/10/16 08:49:32] - Test Loss 	 Test Acc 	 PGD Loss 	 PGD Acc
[2025/10/16 08:49:32] - 2.8631 	 	 0.4256 	 3.0862 	 0.2325
[2025/10/16 08:50:12] - 11 	 20.8 	 	 0.2000 	 4.1686 	 0.2290
[2025/10/16 08:50:12] - ==> Building model..
[2025/10/16 08:50:33] - Test Loss 	 Test Acc 	 PGD Loss 	 PGD Acc
[2025/10/16 08:50:33] - 2.8233 	 	 0.4327 	 3.0557 	 0.2346
[2025/10/16 08:51:13] - 12 	 20.8 	 	 0.2000 	 4.1580 	 0.2335
[2025/10/16 08:51:13] - ==> Building model..
[2025/10/16 08:51:34] - Test Loss 	 Test Acc 	 PGD Loss 	 PGD Acc
[2025/10/16 08:51:34] - 2.7842 	 	 0.4449 	 3.0263 	 0.2412
[2025/10/16 08:52:14] - 13 	 21.1 	 	 0.2000 	 4.1555 	 0.2355
[2025/10/16 08:52:14] - ==> Building model..
[2025/10/16 08:52:35] - Test Loss 	 Test Acc 	 PGD Loss 	 PGD Acc
[2025/10/16 08:52:35] - 2.7698 	 	 0.4469 	 3.0152 	 0.2420
[2025/10/16 08:53:14] - 14 	 19.5 	 	 0.2000 	 4.1486 	 0.2416
[2025/10/16 08:53:14] - ==> Building model..
[2025/10/16 08:53:33] - Test Loss 	 Test Acc 	 PGD Loss 	 PGD Acc
[2025/10/16 08:53:33] - 2.7443 	 	 0.4568 	 2.9978 	 0.2475
[2025/10/16 08:54:11] - 15 	 18.5 	 	 0.2000 	 4.1410 	 0.2456
[2025/10/16 08:54:11] - ==> Building model..
[2025/10/16 08:54:29] - Test Loss 	 Test Acc 	 PGD Loss 	 PGD Acc
[2025/10/16 08:54:29] - 2.7244 	 	 0.4601 	 2.9827 	 0.2499
[2025/10/16 08:55:09] - 16 	 20.9 	 	 0.2000 	 4.1376 	 0.2457
[2025/10/16 08:55:09] - ==> Building model..
[2025/10/16 08:55:29] - Test Loss 	 Test Acc 	 PGD Loss 	 PGD Acc
[2025/10/16 08:55:29] - 2.7090 	 	 0.4677 	 2.9715 	 0.2525
[2025/10/16 08:56:09] - 17 	 20.9 	 	 0.2000 	 4.1350 	 0.2480
[2025/10/16 08:56:09] - ==> Building model..
[2025/10/16 08:56:31] - Test Loss 	 Test Acc 	 PGD Loss 	 PGD Acc
[2025/10/16 08:56:31] - 2.6974 	 	 0.4707 	 2.9625 	 0.2538
[2025/10/16 08:57:11] - 18 	 21.2 	 	 0.2000 	 4.1302 	 0.2511
[2025/10/16 08:57:11] - ==> Building model..
[2025/10/16 08:57:33] - Test Loss 	 Test Acc 	 PGD Loss 	 PGD Acc
[2025/10/16 08:57:33] - 2.6806 	 	 0.4747 	 2.9503 	 0.2561
[2025/10/16 08:58:13] - 19 	 21.0 	 	 0.2000 	 4.1261 	 0.2547
[2025/10/16 08:58:13] - ==> Building model..
[2025/10/16 08:58:33] - Test Loss 	 Test Acc 	 PGD Loss 	 PGD Acc
[2025/10/16 08:58:33] - 2.6634 	 	 0.4759 	 2.9368 	 0.2573
[2025/10/16 08:59:13] - 20 	 20.9 	 	 0.2000 	 4.1252 	 0.2549
[2025/10/16 08:59:13] - ==> Building model..
[2025/10/16 08:59:33] - Test Loss 	 Test Acc 	 PGD Loss 	 PGD Acc
[2025/10/16 08:59:33] - 2.6523 	 	 0.4823 	 2.9289 	 0.2599
[2025/10/16 09:00:12] - 21 	 20.2 	 	 0.2000 	 4.1200 	 0.2566
[2025/10/16 09:00:12] - ==> Building model..
[2025/10/16 09:00:27] - Test Loss 	 Test Acc 	 PGD Loss 	 PGD Acc
[2025/10/16 09:00:27] - 2.6431 	 	 0.4872 	 2.9230 	 0.2604
[2025/10/16 09:01:06] - 22 	 19.1 	 	 0.2000 	 4.1203 	 0.2576
[2025/10/16 09:01:06] - ==> Building model..
[2025/10/16 09:01:20] - Test Loss 	 Test Acc 	 PGD Loss 	 PGD Acc
[2025/10/16 09:01:20] - 2.6298 	 	 0.4902 	 2.9136 	 0.2608
[2025/10/16 09:01:58] - 23 	 17.8 	 	 0.2000 	 4.1184 	 0.2579
[2025/10/16 09:01:58] - ==> Building model..
[2025/10/16 09:02:19] - Test Loss 	 Test Acc 	 PGD Loss 	 PGD Acc
[2025/10/16 09:02:19] - 2.6228 	 	 0.4895 	 2.9068 	 0.2604
[2025/10/16 09:02:59] - 24 	 21.0 	 	 0.2000 	 4.1139 	 0.2604
[2025/10/16 09:02:59] - ==> Building model..
[2025/10/16 09:03:21] - Test Loss 	 Test Acc 	 PGD Loss 	 PGD Acc
[2025/10/16 09:03:21] - 2.6193 	 	 0.4916 	 2.9049 	 0.2638
[2025/10/16 09:04:00] - 25 	 19.5 	 	 0.2000 	 4.1129 	 0.2633
[2025/10/16 09:04:00] - ==> Building model..
[2025/10/16 09:04:21] - Test Loss 	 Test Acc 	 PGD Loss 	 PGD Acc
[2025/10/16 09:04:21] - 2.6131 	 	 0.4947 	 2.9014 	 0.2647
[2025/10/16 09:05:01] - 26 	 21.1 	 	 0.2000 	 4.1096 	 0.2626
[2025/10/16 09:05:01] - ==> Building model..
[2025/10/16 09:05:22] - Test Loss 	 Test Acc 	 PGD Loss 	 PGD Acc
[2025/10/16 09:05:22] - 2.6064 	 	 0.4955 	 2.8961 	 0.2659
[2025/10/16 09:06:02] - 27 	 20.9 	 	 0.2000 	 4.1089 	 0.2658
[2025/10/16 09:06:02] - ==> Building model..
[2025/10/16 09:06:22] - Test Loss 	 Test Acc 	 PGD Loss 	 PGD Acc
[2025/10/16 09:06:22] - 2.6011 	 	 0.4985 	 2.8926 	 0.2676
[2025/10/16 09:07:03] - 28 	 21.1 	 	 0.2000 	 4.1074 	 0.2643
[2025/10/16 09:07:03] - ==> Building model..
[2025/10/16 09:07:24] - Test Loss 	 Test Acc 	 PGD Loss 	 PGD Acc
[2025/10/16 09:07:24] - 2.5996 	 	 0.4998 	 2.8919 	 0.2674
[2025/10/16 09:08:04] - 29 	 21.2 	 	 0.2000 	 4.1062 	 0.2654
[2025/10/16 09:08:04] - ==> Building model..
[2025/10/16 09:08:26] - Test Loss 	 Test Acc 	 PGD Loss 	 PGD Acc
[2025/10/16 09:08:26] - 2.5924 	 	 0.4995 	 2.8858 	 0.2684
[2025/10/16 09:09:06] - 30 	 20.9 	 	 0.2000 	 4.1067 	 0.2642
[2025/10/16 09:09:06] - ==> Building model..
[2025/10/16 09:09:27] - Test Loss 	 Test Acc 	 PGD Loss 	 PGD Acc
[2025/10/16 09:09:27] - 2.5925 	 	 0.4994 	 2.8858 	 0.2670
[2025/10/16 09:10:06] - 31 	 19.3 	 	 0.2000 	 4.1042 	 0.2655
[2025/10/16 09:10:06] - ==> Building model..
[2025/10/16 09:10:26] - Test Loss 	 Test Acc 	 PGD Loss 	 PGD Acc
[2025/10/16 09:10:26] - 2.5895 	 	 0.4999 	 2.8837 	 0.2679
[2025/10/16 09:11:05] - 32 	 20.1 	 	 0.2000 	 4.1046 	 0.2657
[2025/10/16 09:11:05] - ==> Building model..
[2025/10/16 09:11:27] - Test Loss 	 Test Acc 	 PGD Loss 	 PGD Acc
[2025/10/16 09:11:27] - 2.5900 	 	 0.5002 	 2.8848 	 0.2690
[2025/10/16 09:12:07] - 33 	 20.8 	 	 0.2000 	 4.1027 	 0.2679
[2025/10/16 09:12:07] - ==> Building model..
[2025/10/16 09:12:29] - Test Loss 	 Test Acc 	 PGD Loss 	 PGD Acc
[2025/10/16 09:12:29] - 2.5904 	 	 0.4981 	 2.8846 	 0.2693
[2025/10/16 09:13:10] - 34 	 19.1 	 	 0.2000 	 4.1020 	 0.2676
[2025/10/16 09:13:10] - ==> Building model..
[2025/10/16 09:13:25] - Test Loss 	 Test Acc 	 PGD Loss 	 PGD Acc
[2025/10/16 09:13:25] - 2.5874 	 	 0.5000 	 2.8822 	 0.2699
[2025/10/16 09:14:06] - 35 	 20.4 	 	 0.2000 	 4.0981 	 0.2714
[2025/10/16 09:14:06] - ==> Building model..
[2025/10/16 09:14:26] - Test Loss 	 Test Acc 	 PGD Loss 	 PGD Acc
[2025/10/16 09:14:26] - 2.5817 	 	 0.5003 	 2.8773 	 0.2690
[2025/10/16 09:15:07] - 36 	 21.2 	 	 0.2000 	 4.0994 	 0.2692
[2025/10/16 09:15:07] - ==> Building model..
[2025/10/16 09:15:28] - Test Loss 	 Test Acc 	 PGD Loss 	 PGD Acc
[2025/10/16 09:15:28] - 2.5763 	 	 0.5030 	 2.8735 	 0.2708
[2025/10/16 09:16:07] - 37 	 19.1 	 	 0.2000 	 4.0986 	 0.2704
[2025/10/16 09:16:07] - ==> Building model..
[2025/10/16 09:16:28] - Test Loss 	 Test Acc 	 PGD Loss 	 PGD Acc
[2025/10/16 09:16:28] - 2.5711 	 	 0.5042 	 2.8703 	 0.2737
[2025/10/16 09:17:08] - 38 	 20.9 	 	 0.2000 	 4.0972 	 0.2698
[2025/10/16 09:17:08] - ==> Building model..
[2025/10/16 09:17:30] - Test Loss 	 Test Acc 	 PGD Loss 	 PGD Acc
[2025/10/16 09:17:30] - 2.5696 	 	 0.5051 	 2.8693 	 0.2741
[2025/10/16 09:18:11] - 39 	 20.9 	 	 0.2000 	 4.0971 	 0.2697
[2025/10/16 09:18:11] - ==> Building model..
[2025/10/16 09:18:32] - Test Loss 	 Test Acc 	 PGD Loss 	 PGD Acc
[2025/10/16 09:18:32] - 2.5717 	 	 0.5059 	 2.8715 	 0.2754
[2025/10/16 09:19:12] - 40 	 20.9 	 	 0.2000 	 4.0949 	 0.2744
[2025/10/16 09:19:12] - ==> Building model..
[2025/10/16 09:19:34] - Test Loss 	 Test Acc 	 PGD Loss 	 PGD Acc
[2025/10/16 09:19:34] - 2.5699 	 	 0.5067 	 2.8702 	 0.2750
[2025/10/16 09:20:14] - 41 	 20.6 	 	 0.2000 	 4.0961 	 0.2711
[2025/10/16 09:20:14] - ==> Building model..
[2025/10/16 09:20:35] - Test Loss 	 Test Acc 	 PGD Loss 	 PGD Acc
[2025/10/16 09:20:35] - 2.5689 	 	 0.5067 	 2.8694 	 0.2735
[2025/10/16 09:21:15] - 42 	 21.0 	 	 0.2000 	 4.0965 	 0.2699
[2025/10/16 09:21:15] - ==> Building model..
[2025/10/16 09:21:36] - Test Loss 	 Test Acc 	 PGD Loss 	 PGD Acc
[2025/10/16 09:21:36] - 2.5680 	 	 0.5082 	 2.8691 	 0.2733
[2025/10/16 09:22:16] - 43 	 20.6 	 	 0.2000 	 4.0950 	 0.2727
[2025/10/16 09:22:16] - ==> Building model..
[2025/10/16 09:22:37] - Test Loss 	 Test Acc 	 PGD Loss 	 PGD Acc
[2025/10/16 09:22:37] - 2.5667 	 	 0.5090 	 2.8682 	 0.2728
[2025/10/16 09:23:15] - 44 	 19.5 	 	 0.2000 	 4.0948 	 0.2738
[2025/10/16 09:23:15] - ==> Building model..
[2025/10/16 09:23:35] - Test Loss 	 Test Acc 	 PGD Loss 	 PGD Acc
[2025/10/16 09:23:35] - 2.5669 	 	 0.5105 	 2.8683 	 0.2729
[2025/10/16 09:24:13] - 45 	 19.3 	 	 0.2000 	 4.0931 	 0.2743
[2025/10/16 09:24:13] - ==> Building model..
[2025/10/16 09:24:34] - Test Loss 	 Test Acc 	 PGD Loss 	 PGD Acc
[2025/10/16 09:24:34] - 2.5694 	 	 0.5091 	 2.8702 	 0.2738
[2025/10/16 09:25:14] - 46 	 20.7 	 	 0.2000 	 4.0909 	 0.2748
[2025/10/16 09:25:14] - ==> Building model..
[2025/10/16 09:25:36] - Test Loss 	 Test Acc 	 PGD Loss 	 PGD Acc
[2025/10/16 09:25:36] - 2.5670 	 	 0.5079 	 2.8676 	 0.2738
[2025/10/16 09:26:15] - 47 	 20.3 	 	 0.2000 	 4.0932 	 0.2713
[2025/10/16 09:26:15] - ==> Building model..
[2025/10/16 09:26:36] - Test Loss 	 Test Acc 	 PGD Loss 	 PGD Acc
[2025/10/16 09:26:36] - 2.5659 	 	 0.5099 	 2.8671 	 0.2750
[2025/10/16 09:27:15] - 48 	 20.8 	 	 0.2000 	 4.0900 	 0.2761
[2025/10/16 09:27:15] - ==> Building model..
[2025/10/16 09:27:37] - Test Loss 	 Test Acc 	 PGD Loss 	 PGD Acc
[2025/10/16 09:27:37] - 2.5674 	 	 0.5101 	 2.8681 	 0.2757
[2025/10/16 09:28:17] - 49 	 20.0 	 	 0.2000 	 4.0901 	 0.2757
[2025/10/16 09:28:17] - ==> Building model..
[2025/10/16 09:28:39] - Test Loss 	 Test Acc 	 PGD Loss 	 PGD Acc
[2025/10/16 09:28:39] - 2.5670 	 	 0.5111 	 2.8673 	 0.2748
[2025/10/16 09:29:20] - 50 	 21.1 	 	 0.2000 	 4.0893 	 0.2765
[2025/10/16 09:29:20] - ==> Building model..
[2025/10/16 09:29:43] - Test Loss 	 Test Acc 	 PGD Loss 	 PGD Acc
[2025/10/16 09:29:43] - 2.5663 	 	 0.5099 	 2.8673 	 0.2745
[2025/10/16 09:30:23] - 51 	 20.8 	 	 0.2000 	 4.0920 	 0.2741
[2025/10/16 09:30:23] - ==> Building model..
[2025/10/16 09:30:44] - Test Loss 	 Test Acc 	 PGD Loss 	 PGD Acc
[2025/10/16 09:30:44] - 2.5655 	 	 0.5120 	 2.8672 	 0.2745
[2025/10/16 09:31:24] - 52 	 20.3 	 	 0.2000 	 4.0906 	 0.2748
[2025/10/16 09:31:24] - ==> Building model..
[2025/10/16 09:31:47] - Test Loss 	 Test Acc 	 PGD Loss 	 PGD Acc
[2025/10/16 09:31:47] - 2.5648 	 	 0.5127 	 2.8668 	 0.2760
[2025/10/16 09:32:27] - 53 	 21.2 	 	 0.2000 	 4.0897 	 0.2777
[2025/10/16 09:32:27] - ==> Building model..
[2025/10/16 09:32:48] - Test Loss 	 Test Acc 	 PGD Loss 	 PGD Acc
[2025/10/16 09:32:48] - 2.5643 	 	 0.5135 	 2.8651 	 0.2749
[2025/10/16 09:33:27] - 54 	 19.0 	 	 0.2000 	 4.0932 	 0.2759
[2025/10/16 09:33:27] - ==> Building model..
[2025/10/16 09:33:47] - Test Loss 	 Test Acc 	 PGD Loss 	 PGD Acc
[2025/10/16 09:33:47] - 2.5638 	 	 0.5136 	 2.8647 	 0.2759
[2025/10/16 09:34:27] - 55 	 21.0 	 	 0.2000 	 4.0926 	 0.2776
[2025/10/16 09:34:27] - ==> Building model..
[2025/10/16 09:34:49] - Test Loss 	 Test Acc 	 PGD Loss 	 PGD Acc
[2025/10/16 09:34:49] - 2.5663 	 	 0.5133 	 2.8659 	 0.2770
[2025/10/16 09:35:29] - 56 	 21.2 	 	 0.2000 	 4.0933 	 0.2739
[2025/10/16 09:35:29] - ==> Building model..
[2025/10/16 09:35:51] - Test Loss 	 Test Acc 	 PGD Loss 	 PGD Acc
[2025/10/16 09:35:51] - 2.5698 	 	 0.5130 	 2.8696 	 0.2771
[2025/10/16 09:36:33] - 57 	 20.8 	 	 0.2000 	 4.0948 	 0.2771
[2025/10/16 09:36:33] - ==> Building model..
[2025/10/16 09:36:55] - Test Loss 	 Test Acc 	 PGD Loss 	 PGD Acc
[2025/10/16 09:36:55] - 2.5733 	 	 0.5140 	 2.8716 	 0.2783
[2025/10/16 09:37:34] - 58 	 20.1 	 	 0.2000 	 4.0948 	 0.2771
[2025/10/16 09:37:34] - ==> Building model..
[2025/10/16 09:37:56] - Test Loss 	 Test Acc 	 PGD Loss 	 PGD Acc
[2025/10/16 09:37:56] - 2.5763 	 	 0.5142 	 2.8737 	 0.2780
[2025/10/16 09:38:36] - 59 	 20.8 	 	 0.2000 	 4.0956 	 0.2754
[2025/10/16 09:38:36] - ==> Building model..
[2025/10/16 09:38:57] - Test Loss 	 Test Acc 	 PGD Loss 	 PGD Acc
[2025/10/16 09:38:57] - 2.5768 	 	 0.5145 	 2.8728 	 0.2798
[2025/10/16 09:39:38] - 60 	 21.0 	 	 0.2000 	 4.0936 	 0.2772
[2025/10/16 09:39:38] - ==> Building model..
[2025/10/16 09:39:58] - Test Loss 	 Test Acc 	 PGD Loss 	 PGD Acc
[2025/10/16 09:39:58] - 2.5800 	 	 0.5141 	 2.8759 	 0.2798
[2025/10/16 09:40:39] - 61 	 21.0 	 	 0.2000 	 4.0954 	 0.2740
[2025/10/16 09:40:39] - ==> Building model..
[2025/10/16 09:41:00] - Test Loss 	 Test Acc 	 PGD Loss 	 PGD Acc
[2025/10/16 09:41:00] - 2.5838 	 	 0.5126 	 2.8771 	 0.2802
[2025/10/16 09:41:41] - 62 	 21.4 	 	 0.2000 	 4.0940 	 0.2768
[2025/10/16 09:41:41] - ==> Building model..
[2025/10/16 09:42:01] - Test Loss 	 Test Acc 	 PGD Loss 	 PGD Acc
[2025/10/16 09:42:01] - 2.5843 	 	 0.5140 	 2.8774 	 0.2800
[2025/10/16 09:42:38] - 63 	 18.1 	 	 0.2000 	 4.0958 	 0.2757
[2025/10/16 09:42:38] - ==> Building model..
[2025/10/16 09:42:58] - Test Loss 	 Test Acc 	 PGD Loss 	 PGD Acc
[2025/10/16 09:42:58] - 2.5858 	 	 0.5136 	 2.8776 	 0.2805
[2025/10/16 09:43:40] - 64 	 20.8 	 	 0.2000 	 4.0920 	 0.2797
[2025/10/16 09:43:40] - ==> Building model..
[2025/10/16 09:44:01] - Test Loss 	 Test Acc 	 PGD Loss 	 PGD Acc
[2025/10/16 09:44:01] - 2.5856 	 	 0.5145 	 2.8775 	 0.2808
[2025/10/16 09:44:42] - 65 	 20.7 	 	 0.2000 	 4.0921 	 0.2780
[2025/10/16 09:44:42] - ==> Building model..
[2025/10/16 09:45:03] - Test Loss 	 Test Acc 	 PGD Loss 	 PGD Acc
[2025/10/16 09:45:03] - 2.5862 	 	 0.5144 	 2.8776 	 0.2817
[2025/10/16 09:45:43] - 66 	 20.7 	 	 0.2000 	 4.0923 	 0.2768
[2025/10/16 09:45:43] - ==> Building model..
[2025/10/16 09:46:05] - Test Loss 	 Test Acc 	 PGD Loss 	 PGD Acc
[2025/10/16 09:46:05] - 2.5868 	 	 0.5149 	 2.8788 	 0.2810
[2025/10/16 09:46:45] - 67 	 20.8 	 	 0.2000 	 4.0932 	 0.2786
[2025/10/16 09:46:45] - ==> Building model..
[2025/10/16 09:47:06] - Test Loss 	 Test Acc 	 PGD Loss 	 PGD Acc
[2025/10/16 09:47:06] - 2.5870 	 	 0.5163 	 2.8780 	 0.2804
[2025/10/16 09:47:46] - 68 	 20.9 	 	 0.2000 	 4.0922 	 0.2794
[2025/10/16 09:47:46] - ==> Building model..
[2025/10/16 09:48:07] - Test Loss 	 Test Acc 	 PGD Loss 	 PGD Acc
[2025/10/16 09:48:07] - 2.5870 	 	 0.5161 	 2.8784 	 0.2814
[2025/10/16 09:48:46] - 69 	 20.2 	 	 0.2000 	 4.0930 	 0.2782
[2025/10/16 09:48:46] - ==> Building model..
[2025/10/16 09:49:06] - Test Loss 	 Test Acc 	 PGD Loss 	 PGD Acc
[2025/10/16 09:49:06] - 2.5881 	 	 0.5172 	 2.8797 	 0.2805
[2025/10/16 09:49:45] - 70 	 20.1 	 	 0.2000 	 4.0944 	 0.2774
[2025/10/16 09:49:45] - ==> Building model..
[2025/10/16 09:50:07] - Test Loss 	 Test Acc 	 PGD Loss 	 PGD Acc
[2025/10/16 09:50:07] - 2.5891 	 	 0.5180 	 2.8800 	 0.2806
[2025/10/16 09:50:46] - 71 	 20.2 	 	 0.2000 	 4.0926 	 0.2783
[2025/10/16 09:50:46] - ==> Building model..
[2025/10/16 09:51:01] - Test Loss 	 Test Acc 	 PGD Loss 	 PGD Acc
[2025/10/16 09:51:01] - 2.5936 	 	 0.5177 	 2.8841 	 0.2802
[2025/10/16 09:51:36] - 72 	 17.0 	 	 0.2000 	 4.0927 	 0.2752
[2025/10/16 09:51:36] - ==> Building model..
[2025/10/16 09:51:58] - Test Loss 	 Test Acc 	 PGD Loss 	 PGD Acc
[2025/10/16 09:51:58] - 2.5944 	 	 0.5174 	 2.8843 	 0.2789
[2025/10/16 09:52:39] - 73 	 22.4 	 	 0.2000 	 4.0926 	 0.2761
[2025/10/16 09:52:39] - ==> Building model..
[2025/10/16 09:52:59] - Test Loss 	 Test Acc 	 PGD Loss 	 PGD Acc
[2025/10/16 09:52:59] - 2.5953 	 	 0.5164 	 2.8845 	 0.2793
[2025/10/16 09:53:39] - 74 	 21.7 	 	 0.2000 	 4.0937 	 0.2780
[2025/10/16 09:53:40] - ==> Building model..
[2025/10/16 09:54:01] - Test Loss 	 Test Acc 	 PGD Loss 	 PGD Acc
[2025/10/16 09:54:01] - 2.5973 	 	 0.5168 	 2.8859 	 0.2820
[2025/10/16 09:54:40] - 75 	 19.7 	 	 0.2000 	 4.0931 	 0.2797
[2025/10/16 09:54:40] - ==> Building model..
[2025/10/16 09:55:01] - Test Loss 	 Test Acc 	 PGD Loss 	 PGD Acc
[2025/10/16 09:55:01] - 2.5987 	 	 0.5167 	 2.8877 	 0.2815
[2025/10/16 09:55:42] - 76 	 20.7 	 	 0.2000 	 4.0927 	 0.2772
[2025/10/16 09:55:42] - ==> Building model..
[2025/10/16 09:56:02] - Test Loss 	 Test Acc 	 PGD Loss 	 PGD Acc
[2025/10/16 09:56:02] - 2.6005 	 	 0.5176 	 2.8887 	 0.2817
[2025/10/16 09:56:43] - 77 	 20.7 	 	 0.2000 	 4.0909 	 0.2792
[2025/10/16 09:56:43] - ==> Building model..
[2025/10/16 09:57:05] - Test Loss 	 Test Acc 	 PGD Loss 	 PGD Acc
[2025/10/16 09:57:05] - 2.6007 	 	 0.5174 	 2.8888 	 0.2817
[2025/10/16 09:57:43] - 78 	 19.7 	 	 0.2000 	 4.0921 	 0.2788
[2025/10/16 09:57:43] - ==> Building model..
[2025/10/16 09:57:58] - Test Loss 	 Test Acc 	 PGD Loss 	 PGD Acc
[2025/10/16 09:57:58] - 2.6002 	 	 0.5173 	 2.8883 	 0.2813
[2025/10/16 09:58:34] - 79 	 17.2 	 	 0.2000 	 4.0908 	 0.2811
[2025/10/16 09:58:34] - ==> Building model..
[2025/10/16 09:58:55] - Test Loss 	 Test Acc 	 PGD Loss 	 PGD Acc
[2025/10/16 09:58:55] - 2.6000 	 	 0.5174 	 2.8885 	 0.2811
[2025/10/16 09:59:35] - 80 	 20.8 	 	 0.2000 	 4.0903 	 0.2787
[2025/10/16 09:59:35] - ==> Building model..
[2025/10/16 09:59:57] - Test Loss 	 Test Acc 	 PGD Loss 	 PGD Acc
[2025/10/16 09:59:57] - 2.6003 	 	 0.5173 	 2.8886 	 0.2826
[2025/10/16 10:00:37] - 81 	 20.4 	 	 0.2000 	 4.0918 	 0.2791
[2025/10/16 10:00:37] - ==> Building model..
[2025/10/16 10:00:58] - Test Loss 	 Test Acc 	 PGD Loss 	 PGD Acc
[2025/10/16 10:00:58] - 2.6014 	 	 0.5162 	 2.8890 	 0.2816
[2025/10/16 10:01:38] - 82 	 20.8 	 	 0.2000 	 4.0925 	 0.2799
[2025/10/16 10:01:38] - ==> Building model..
[2025/10/16 10:01:58] - Test Loss 	 Test Acc 	 PGD Loss 	 PGD Acc
[2025/10/16 10:01:58] - 2.6009 	 	 0.5165 	 2.8895 	 0.2838
[2025/10/16 10:02:39] - 83 	 20.3 	 	 0.2000 	 4.0893 	 0.2805
[2025/10/16 10:02:39] - ==> Building model..
[2025/10/16 10:02:59] - Test Loss 	 Test Acc 	 PGD Loss 	 PGD Acc
[2025/10/16 10:02:59] - 2.6015 	 	 0.5152 	 2.8890 	 0.2830
[2025/10/16 10:03:37] - 84 	 19.5 	 	 0.2000 	 4.0908 	 0.2794
[2025/10/16 10:03:37] - ==> Building model..
[2025/10/16 10:03:57] - Test Loss 	 Test Acc 	 PGD Loss 	 PGD Acc
[2025/10/16 10:03:57] - 2.6022 	 	 0.5153 	 2.8897 	 0.2824
[2025/10/16 10:04:35] - 85 	 18.3 	 	 0.2000 	 4.0921 	 0.2786
[2025/10/16 10:04:35] - ==> Building model..
[2025/10/16 10:04:56] - Test Loss 	 Test Acc 	 PGD Loss 	 PGD Acc
[2025/10/16 10:04:56] - 2.6029 	 	 0.5147 	 2.8901 	 0.2827
[2025/10/16 10:05:36] - 86 	 20.5 	 	 0.2000 	 4.0908 	 0.2812
[2025/10/16 10:05:36] - ==> Building model..
[2025/10/16 10:05:56] - Test Loss 	 Test Acc 	 PGD Loss 	 PGD Acc
[2025/10/16 10:05:56] - 2.6028 	 	 0.5149 	 2.8902 	 0.2835
[2025/10/16 10:06:36] - 87 	 19.9 	 	 0.2000 	 4.0908 	 0.2807
[2025/10/16 10:06:36] - ==> Building model..
[2025/10/16 10:06:58] - Test Loss 	 Test Acc 	 PGD Loss 	 PGD Acc
[2025/10/16 10:06:58] - 2.6025 	 	 0.5160 	 2.8901 	 0.2838
[2025/10/16 10:07:38] - 88 	 20.7 	 	 0.2000 	 4.0929 	 0.2779
[2025/10/16 10:07:38] - ==> Building model..
[2025/10/16 10:08:00] - Test Loss 	 Test Acc 	 PGD Loss 	 PGD Acc
[2025/10/16 10:08:00] - 2.6032 	 	 0.5165 	 2.8907 	 0.2834
[2025/10/16 10:08:41] - 89 	 20.9 	 	 0.2000 	 4.0915 	 0.2803
[2025/10/16 10:08:41] - ==> Building model..
[2025/10/16 10:09:03] - Test Loss 	 Test Acc 	 PGD Loss 	 PGD Acc
[2025/10/16 10:09:03] - 2.6043 	 	 0.5159 	 2.8917 	 0.2833
[2025/10/16 10:09:39] - 90 	 16.7 	 	 0.0200 	 3.9953 	 0.3423
[2025/10/16 10:09:39] - ==> Building model..
[2025/10/16 10:09:59] - Test Loss 	 Test Acc 	 PGD Loss 	 PGD Acc
[2025/10/16 10:09:59] - 2.6019 	 	 0.5168 	 2.8898 	 0.2829
[2025/10/16 10:10:37] - 91 	 19.2 	 	 0.0200 	 3.9026 	 0.4018
[2025/10/16 10:10:37] - ==> Building model..
[2025/10/16 10:10:58] - Test Loss 	 Test Acc 	 PGD Loss 	 PGD Acc
[2025/10/16 10:10:58] - 2.6001 	 	 0.5179 	 2.8886 	 0.2824
[2025/10/16 10:11:38] - 92 	 21.1 	 	 0.0200 	 3.8761 	 0.4205
[2025/10/16 10:11:38] - ==> Building model..
[2025/10/16 10:12:01] - Test Loss 	 Test Acc 	 PGD Loss 	 PGD Acc
[2025/10/16 10:12:01] - 2.6000 	 	 0.5182 	 2.8885 	 0.2826
[2025/10/16 10:12:43] - 93 	 20.7 	 	 0.0200 	 3.8589 	 0.4320
[2025/10/16 10:12:43] - ==> Building model..
[2025/10/16 10:13:05] - Test Loss 	 Test Acc 	 PGD Loss 	 PGD Acc
[2025/10/16 10:13:05] - 2.6006 	 	 0.5183 	 2.8894 	 0.2827
[2025/10/16 10:13:43] - 94 	 19.7 	 	 0.0200 	 3.8440 	 0.4418
[2025/10/16 10:13:43] - ==> Building model..
[2025/10/16 10:14:04] - Test Loss 	 Test Acc 	 PGD Loss 	 PGD Acc
[2025/10/16 10:14:04] - 2.6022 	 	 0.5184 	 2.8905 	 0.2826
[2025/10/16 10:14:44] - 95 	 20.7 	 	 0.0200 	 3.8314 	 0.4534
[2025/10/16 10:14:44] - ==> Building model..
[2025/10/16 10:15:05] - Test Loss 	 Test Acc 	 PGD Loss 	 PGD Acc
[2025/10/16 10:15:05] - 2.6059 	 	 0.5184 	 2.8937 	 0.2825
[2025/10/16 10:15:47] - 96 	 20.4 	 	 0.0200 	 3.8216 	 0.4599
[2025/10/16 10:15:47] - ==> Building model..
[2025/10/16 10:16:08] - Test Loss 	 Test Acc 	 PGD Loss 	 PGD Acc
[2025/10/16 10:16:08] - 2.6075 	 	 0.5184 	 2.8951 	 0.2828
[2025/10/16 10:16:47] - 97 	 20.2 	 	 0.0200 	 3.8128 	 0.4679
[2025/10/16 10:16:47] - ==> Building model..
[2025/10/16 10:17:08] - Test Loss 	 Test Acc 	 PGD Loss 	 PGD Acc
[2025/10/16 10:17:08] - 2.6093 	 	 0.5185 	 2.8962 	 0.2832
[2025/10/16 10:17:45] - 98 	 17.4 	 	 0.0200 	 3.8042 	 0.4758
[2025/10/16 10:17:45] - ==> Building model..
[2025/10/16 10:18:05] - Test Loss 	 Test Acc 	 PGD Loss 	 PGD Acc
[2025/10/16 10:18:05] - 2.6104 	 	 0.5186 	 2.8971 	 0.2829
[2025/10/16 10:18:42] - 99 	 17.8 	 	 0.0200 	 3.7960 	 0.4799
[2025/10/16 10:18:42] - ==> Building model..
[2025/10/16 10:19:00] - Test Loss 	 Test Acc 	 PGD Loss 	 PGD Acc
[2025/10/16 10:19:00] - 2.6116 	 	 0.5180 	 2.8984 	 0.2828
[2025/10/16 10:19:00] - [0.0916, 0.1465, 0.1829, 0.236, 0.269, 0.306, 0.346, 0.3809, 0.4006, 0.4122, 0.4256, 0.4327, 0.4449, 0.4469, 0.4568, 0.4601, 0.4677, 0.4707, 0.4747, 0.4759, 0.4823, 0.4872, 0.4902, 0.4895, 0.4916, 0.4947, 0.4955, 0.4985, 0.4998, 0.4995, 0.4994, 0.4999, 0.5002, 0.4981, 0.5, 0.5003, 0.503, 0.5042, 0.5051, 0.5059, 0.5067, 0.5067, 0.5082, 0.509, 0.5105, 0.5091, 0.5079, 0.5099, 0.5101, 0.5111, 0.5099, 0.512, 0.5127, 0.5135, 0.5136, 0.5133, 0.513, 0.514, 0.5142, 0.5145, 0.5141, 0.5126, 0.514, 0.5136, 0.5145, 0.5144, 0.5149, 0.5163, 0.5161, 0.5172, 0.518, 0.5177, 0.5174, 0.5164, 0.5168, 0.5167, 0.5176, 0.5174, 0.5173, 0.5174, 0.5173, 0.5162, 0.5165, 0.5152, 0.5153, 0.5147, 0.5149, 0.516, 0.5165, 0.5159, 0.5168, 0.5179, 0.5182, 0.5183, 0.5184, 0.5184, 0.5184, 0.5185, 0.5186, 0.518]
[2025/10/16 10:19:00] - [0.0614, 0.0957, 0.1142, 0.1386, 0.1624, 0.1788, 0.1936, 0.2063, 0.2176, 0.2246, 0.2325, 0.2346, 0.2412, 0.242, 0.2475, 0.2499, 0.2525, 0.2538, 0.2561, 0.2573, 0.2599, 0.2604, 0.2608, 0.2604, 0.2638, 0.2647, 0.2659, 0.2676, 0.2674, 0.2684, 0.267, 0.2679, 0.269, 0.2693, 0.2699, 0.269, 0.2708, 0.2737, 0.2741, 0.2754, 0.275, 0.2735, 0.2733, 0.2728, 0.2729, 0.2738, 0.2738, 0.275, 0.2757, 0.2748, 0.2745, 0.2745, 0.276, 0.2749, 0.2759, 0.277, 0.2771, 0.2783, 0.278, 0.2798, 0.2798, 0.2802, 0.28, 0.2805, 0.2808, 0.2817, 0.281, 0.2804, 0.2814, 0.2805, 0.2806, 0.2802, 0.2789, 0.2793, 0.282, 0.2815, 0.2817, 0.2817, 0.2813, 0.2811, 0.2826, 0.2816, 0.2838, 0.283, 0.2824, 0.2827, 0.2835, 0.2838, 0.2834, 0.2833, 0.2829, 0.2824, 0.2826, 0.2827, 0.2826, 0.2825, 0.2828, 0.2832, 0.2829, 0.2828]
