[2025/09/24 20:07:00] - Namespace(batch_size=128, data_dir='./tiny-imagenet-200', epochs=110, lr_schedule='multistep', lr_min=0.0, lr_max=0.1, weight_decay=0.0005, momentum=0.9, model='PreActResNest18', epsilon=8, alpha=8, delta_init='random', normal_mean=0, normal_std=1, out_dir='./output/Tiny_ImageNet/lam_start_40_beta_0.2/lam_scale_0.15', seed=0, lamda=38, lam_scale=0.15, lam_start=40, gamma=0.025, inner_gamma=0.025, beta=0.2, mu=3.5, batch_m=0.75, early_stop=False, factor=0.3, length=6, n_holes=1, c_num=0.125, EMA_value=0.55)
[2025/09/24 20:07:55] - ==> Building model..
[2025/09/24 20:07:56] - Epoch 	 Seconds 	 LR 	 	 Train Loss 	 Train Acc
[2025/09/24 20:11:59] - 0 	 239.1 	 	 0.1000 	 5.2937 	 0.0257
[2025/09/24 20:11:59] - ==> Building model..
[2025/09/24 20:13:25] - Test Loss 	 Test Acc 	 PGD Loss 	 PGD Acc
[2025/09/24 20:13:25] - 5.0112 	 	 0.0702 	 5.0217 	 0.0417
[2025/09/24 20:17:32] - 1 	 242.8 	 	 0.1000 	 5.2330 	 0.0664
[2025/09/24 20:17:32] - ==> Building model..
[2025/09/24 20:19:00] - Test Loss 	 Test Acc 	 PGD Loss 	 PGD Acc
[2025/09/24 20:19:00] - 4.7666 	 	 0.1389 	 4.8003 	 0.0721
[2025/09/24 20:23:01] - 2 	 237.3 	 	 0.1000 	 5.1999 	 0.0978
[2025/09/24 20:23:01] - ==> Building model..
[2025/09/24 20:24:27] - Test Loss 	 Test Acc 	 PGD Loss 	 PGD Acc
[2025/09/24 20:24:27] - 4.6094 	 	 0.1835 	 4.6662 	 0.0950
[2025/09/24 20:28:34] - 3 	 242.6 	 	 0.1000 	 5.1732 	 0.1226
[2025/09/24 20:28:34] - ==> Building model..
[2025/09/24 20:30:01] - Test Loss 	 Test Acc 	 PGD Loss 	 PGD Acc
[2025/09/24 20:30:01] - 4.5069 	 	 0.2115 	 4.5823 	 0.1115
[2025/09/24 20:33:17] - 4 	 192.1 	 	 0.1000 	 5.1488 	 0.1444
[2025/09/24 20:33:17] - ==> Building model..
[2025/09/24 20:34:24] - Test Loss 	 Test Acc 	 PGD Loss 	 PGD Acc
[2025/09/24 20:34:24] - 4.4644 	 	 0.2316 	 4.5501 	 0.1204
[2025/09/24 20:37:30] - 5 	 181.4 	 	 0.1000 	 5.1285 	 0.1628
[2025/09/24 20:37:30] - ==> Building model..
[2025/09/24 20:38:37] - Test Loss 	 Test Acc 	 PGD Loss 	 PGD Acc
[2025/09/24 20:38:37] - 4.4781 	 	 0.2370 	 4.5651 	 0.1199
[2025/09/24 20:41:41] - 6 	 179.7 	 	 0.1000 	 5.1143 	 0.1766
[2025/09/24 20:41:41] - ==> Building model..
[2025/09/24 20:42:48] - Test Loss 	 Test Acc 	 PGD Loss 	 PGD Acc
[2025/09/24 20:42:48] - 4.3978 	 	 0.2539 	 4.5008 	 0.1290
[2025/09/24 20:46:54] - 7 	 242.4 	 	 0.1000 	 5.1022 	 0.1898
[2025/09/24 20:46:54] - ==> Building model..
[2025/09/24 20:48:21] - Test Loss 	 Test Acc 	 PGD Loss 	 PGD Acc
[2025/09/24 20:48:21] - 4.2207 	 	 0.2947 	 4.3589 	 0.1497
[2025/09/24 20:52:26] - 8 	 241.0 	 	 0.1000 	 5.0913 	 0.1989
[2025/09/24 20:52:26] - ==> Building model..
[2025/09/24 20:53:50] - Test Loss 	 Test Acc 	 PGD Loss 	 PGD Acc
[2025/09/24 20:53:50] - 4.0550 	 	 0.3245 	 4.2293 	 0.1661
[2025/09/24 20:57:56] - 9 	 242.0 	 	 0.1000 	 5.0825 	 0.2085
[2025/09/24 20:57:56] - ==> Building model..
[2025/09/24 20:59:23] - Test Loss 	 Test Acc 	 PGD Loss 	 PGD Acc
[2025/09/24 20:59:23] - 3.9325 	 	 0.3483 	 4.1347 	 0.1790
[2025/09/24 21:03:10] - 10 	 222.9 	 	 0.1000 	 5.0746 	 0.2174
[2025/09/24 21:03:10] - ==> Building model..
[2025/09/24 21:04:16] - Test Loss 	 Test Acc 	 PGD Loss 	 PGD Acc
[2025/09/24 21:04:16] - 3.8554 	 	 0.3627 	 4.0769 	 0.1858
[2025/09/24 21:07:21] - 11 	 180.7 	 	 0.1000 	 5.0673 	 0.2232
[2025/09/24 21:07:21] - ==> Building model..
[2025/09/24 21:08:28] - Test Loss 	 Test Acc 	 PGD Loss 	 PGD Acc
[2025/09/24 21:08:28] - 3.8011 	 	 0.3742 	 4.0373 	 0.1898
[2025/09/24 21:11:32] - 12 	 179.8 	 	 0.1000 	 5.0614 	 0.2315
[2025/09/24 21:11:32] - ==> Building model..
[2025/09/24 21:12:40] - Test Loss 	 Test Acc 	 PGD Loss 	 PGD Acc
[2025/09/24 21:12:40] - 3.7661 	 	 0.3827 	 4.0118 	 0.1934
[2025/09/24 21:16:16] - 13 	 211.9 	 	 0.1000 	 5.0551 	 0.2369
[2025/09/24 21:16:16] - ==> Building model..
[2025/09/24 21:17:44] - Test Loss 	 Test Acc 	 PGD Loss 	 PGD Acc
[2025/09/24 21:17:44] - 3.7258 	 	 0.3917 	 3.9822 	 0.1977
[2025/09/24 21:21:50] - 14 	 242.2 	 	 0.1000 	 5.0501 	 0.2426
[2025/09/24 21:21:50] - ==> Building model..
[2025/09/24 21:23:17] - Test Loss 	 Test Acc 	 PGD Loss 	 PGD Acc
[2025/09/24 21:23:17] - 3.6947 	 	 0.4001 	 3.9597 	 0.1985
[2025/09/24 21:27:20] - 15 	 239.2 	 	 0.1000 	 5.0454 	 0.2470
[2025/09/24 21:27:20] - ==> Building model..
[2025/09/24 21:28:48] - Test Loss 	 Test Acc 	 PGD Loss 	 PGD Acc
[2025/09/24 21:28:48] - 3.6685 	 	 0.4070 	 3.9415 	 0.2013
[2025/09/24 21:32:55] - 16 	 243.1 	 	 0.1000 	 5.0415 	 0.2505
[2025/09/24 21:32:55] - ==> Building model..
[2025/09/24 21:34:18] - Test Loss 	 Test Acc 	 PGD Loss 	 PGD Acc
[2025/09/24 21:34:18] - 3.6443 	 	 0.4104 	 3.9246 	 0.2040
[2025/09/24 21:38:25] - 17 	 243.0 	 	 0.1000 	 5.0369 	 0.2561
[2025/09/24 21:38:25] - ==> Building model..
[2025/09/24 21:39:53] - Test Loss 	 Test Acc 	 PGD Loss 	 PGD Acc
[2025/09/24 21:39:53] - 3.6244 	 	 0.4143 	 3.9119 	 0.2059
[2025/09/24 21:43:57] - 18 	 239.9 	 	 0.1000 	 5.0337 	 0.2602
[2025/09/24 21:43:57] - ==> Building model..
[2025/09/24 21:45:26] - Test Loss 	 Test Acc 	 PGD Loss 	 PGD Acc
[2025/09/24 21:45:26] - 3.6069 	 	 0.4163 	 3.8984 	 0.2092
[2025/09/24 21:49:34] - 19 	 243.5 	 	 0.1000 	 5.0303 	 0.2628
[2025/09/24 21:49:34] - ==> Building model..
[2025/09/24 21:51:02] - Test Loss 	 Test Acc 	 PGD Loss 	 PGD Acc
[2025/09/24 21:51:02] - 3.5916 	 	 0.4215 	 3.8885 	 0.2111
[2025/09/24 21:55:05] - 20 	 238.8 	 	 0.1000 	 5.0277 	 0.2660
[2025/09/24 21:55:05] - ==> Building model..
[2025/09/24 21:56:34] - Test Loss 	 Test Acc 	 PGD Loss 	 PGD Acc
[2025/09/24 21:56:34] - 3.5773 	 	 0.4217 	 3.8778 	 0.2123
[2025/09/24 22:00:41] - 21 	 243.6 	 	 0.1000 	 5.0253 	 0.2655
[2025/09/24 22:00:41] - ==> Building model..
[2025/09/24 22:02:08] - Test Loss 	 Test Acc 	 PGD Loss 	 PGD Acc
[2025/09/24 22:02:08] - 3.5635 	 	 0.4242 	 3.8679 	 0.2138
[2025/09/24 22:05:22] - 22 	 190.3 	 	 0.1000 	 5.0219 	 0.2706
[2025/09/24 22:05:22] - ==> Building model..
[2025/09/24 22:06:29] - Test Loss 	 Test Acc 	 PGD Loss 	 PGD Acc
[2025/09/24 22:06:29] - 3.5499 	 	 0.4268 	 3.8584 	 0.2158
[2025/09/24 22:09:33] - 23 	 180.9 	 	 0.1000 	 5.0196 	 0.2733
[2025/09/24 22:09:33] - ==> Building model..
[2025/09/24 22:10:40] - Test Loss 	 Test Acc 	 PGD Loss 	 PGD Acc
[2025/09/24 22:10:40] - 3.5368 	 	 0.4315 	 3.8494 	 0.2158
[2025/09/24 22:13:45] - 24 	 180.8 	 	 0.1000 	 5.0175 	 0.2752
[2025/09/24 22:13:45] - ==> Building model..
[2025/09/24 22:14:51] - Test Loss 	 Test Acc 	 PGD Loss 	 PGD Acc
[2025/09/24 22:14:51] - 3.5258 	 	 0.4327 	 3.8414 	 0.2179
[2025/09/24 22:18:49] - 25 	 234.3 	 	 0.1000 	 5.0161 	 0.2770
[2025/09/24 22:18:49] - ==> Building model..
[2025/09/24 22:20:16] - Test Loss 	 Test Acc 	 PGD Loss 	 PGD Acc
[2025/09/24 22:20:16] - 3.5126 	 	 0.4359 	 3.8327 	 0.2186
[2025/09/24 22:24:20] - 26 	 240.4 	 	 0.1000 	 5.0140 	 0.2784
[2025/09/24 22:24:20] - ==> Building model..
[2025/09/24 22:25:42] - Test Loss 	 Test Acc 	 PGD Loss 	 PGD Acc
[2025/09/24 22:25:42] - 3.5001 	 	 0.4367 	 3.8232 	 0.2202
[2025/09/24 22:29:49] - 27 	 242.6 	 	 0.1000 	 5.0124 	 0.2805
[2025/09/24 22:29:49] - ==> Building model..
[2025/09/24 22:31:17] - Test Loss 	 Test Acc 	 PGD Loss 	 PGD Acc
[2025/09/24 22:31:17] - 3.4883 	 	 0.4389 	 3.8158 	 0.2199
[2025/09/24 22:35:13] - 28 	 232.3 	 	 0.1000 	 5.0100 	 0.2833
[2025/09/24 22:35:13] - ==> Building model..
[2025/09/24 22:36:19] - Test Loss 	 Test Acc 	 PGD Loss 	 PGD Acc
[2025/09/24 22:36:19] - 3.4795 	 	 0.4407 	 3.8092 	 0.2200
[2025/09/24 22:39:22] - 29 	 179.4 	 	 0.1000 	 5.0089 	 0.2845
[2025/09/24 22:39:22] - ==> Building model..
[2025/09/24 22:40:30] - Test Loss 	 Test Acc 	 PGD Loss 	 PGD Acc
[2025/09/24 22:40:30] - 3.4715 	 	 0.4438 	 3.8045 	 0.2206
[2025/09/24 22:43:35] - 30 	 180.5 	 	 0.1000 	 5.0078 	 0.2876
[2025/09/24 22:43:35] - ==> Building model..
[2025/09/24 22:44:41] - Test Loss 	 Test Acc 	 PGD Loss 	 PGD Acc
[2025/09/24 22:44:41] - 3.4650 	 	 0.4446 	 3.8010 	 0.2215
[2025/09/24 22:47:58] - 31 	 193.4 	 	 0.1000 	 5.0056 	 0.2868
[2025/09/24 22:47:58] - ==> Building model..
[2025/09/24 22:49:25] - Test Loss 	 Test Acc 	 PGD Loss 	 PGD Acc
[2025/09/24 22:49:25] - 3.4592 	 	 0.4443 	 3.7966 	 0.2230
[2025/09/24 22:53:29] - 32 	 240.7 	 	 0.1000 	 5.0051 	 0.2870
[2025/09/24 22:53:29] - ==> Building model..
[2025/09/24 22:54:56] - Test Loss 	 Test Acc 	 PGD Loss 	 PGD Acc
[2025/09/24 22:54:56] - 3.4541 	 	 0.4464 	 3.7938 	 0.2228
[2025/09/24 22:58:57] - 33 	 237.5 	 	 0.1000 	 5.0037 	 0.2899
[2025/09/24 22:58:57] - ==> Building model..
[2025/09/24 23:00:23] - Test Loss 	 Test Acc 	 PGD Loss 	 PGD Acc
[2025/09/24 23:00:23] - 3.4487 	 	 0.4479 	 3.7906 	 0.2237
[2025/09/24 23:04:27] - 34 	 239.6 	 	 0.1000 	 5.0019 	 0.2910
[2025/09/24 23:04:27] - ==> Building model..
[2025/09/24 23:05:53] - Test Loss 	 Test Acc 	 PGD Loss 	 PGD Acc
[2025/09/24 23:05:53] - 3.4427 	 	 0.4489 	 3.7867 	 0.2245
[2025/09/24 23:09:56] - 35 	 238.2 	 	 0.1000 	 5.0008 	 0.2933
[2025/09/24 23:09:56] - ==> Building model..
[2025/09/24 23:11:22] - Test Loss 	 Test Acc 	 PGD Loss 	 PGD Acc
[2025/09/24 23:11:22] - 3.4379 	 	 0.4489 	 3.7837 	 0.2257
[2025/09/24 23:15:30] - 36 	 243.9 	 	 0.1000 	 5.0008 	 0.2939
[2025/09/24 23:15:30] - ==> Building model..
[2025/09/24 23:16:52] - Test Loss 	 Test Acc 	 PGD Loss 	 PGD Acc
[2025/09/24 23:16:52] - 3.4356 	 	 0.4499 	 3.7827 	 0.2250
[2025/09/24 23:20:56] - 37 	 239.9 	 	 0.1000 	 4.9984 	 0.2957
[2025/09/24 23:20:56] - ==> Building model..
[2025/09/24 23:22:23] - Test Loss 	 Test Acc 	 PGD Loss 	 PGD Acc
[2025/09/24 23:22:23] - 3.4333 	 	 0.4494 	 3.7813 	 0.2252
[2025/09/24 23:26:26] - 38 	 239.5 	 	 0.1000 	 4.9986 	 0.2937
[2025/09/24 23:26:26] - ==> Building model..
[2025/09/24 23:27:53] - Test Loss 	 Test Acc 	 PGD Loss 	 PGD Acc
[2025/09/24 23:27:53] - 3.4281 	 	 0.4513 	 3.7782 	 0.2261
[2025/09/24 23:31:56] - 39 	 239.7 	 	 0.1000 	 4.9973 	 0.2977
[2025/09/24 23:31:56] - ==> Building model..
[2025/09/24 23:33:25] - Test Loss 	 Test Acc 	 PGD Loss 	 PGD Acc
[2025/09/24 23:33:25] - 3.4245 	 	 0.4528 	 3.7766 	 0.2264
[2025/09/24 23:37:26] - 40 	 236.2 	 	 0.1000 	 4.9965 	 0.2957
[2025/09/24 23:37:26] - ==> Building model..
[2025/09/24 23:38:52] - Test Loss 	 Test Acc 	 PGD Loss 	 PGD Acc
[2025/09/24 23:38:52] - 3.4200 	 	 0.4538 	 3.7735 	 0.2270
[2025/09/24 23:42:56] - 41 	 239.8 	 	 0.1000 	 4.9955 	 0.2973
[2025/09/24 23:42:56] - ==> Building model..
[2025/09/24 23:44:22] - Test Loss 	 Test Acc 	 PGD Loss 	 PGD Acc
[2025/09/24 23:44:22] - 3.4173 	 	 0.4541 	 3.7719 	 0.2276
[2025/09/24 23:48:24] - 42 	 237.7 	 	 0.1000 	 4.9949 	 0.2992
[2025/09/24 23:48:24] - ==> Building model..
[2025/09/24 23:49:50] - Test Loss 	 Test Acc 	 PGD Loss 	 PGD Acc
[2025/09/24 23:49:50] - 3.4152 	 	 0.4541 	 3.7713 	 0.2275
[2025/09/24 23:53:54] - 43 	 239.8 	 	 0.1000 	 4.9947 	 0.3001
[2025/09/24 23:53:54] - ==> Building model..
[2025/09/24 23:55:20] - Test Loss 	 Test Acc 	 PGD Loss 	 PGD Acc
[2025/09/24 23:55:20] - 3.4134 	 	 0.4549 	 3.7700 	 0.2267
[2025/09/24 23:59:19] - 44 	 235.9 	 	 0.1000 	 4.9941 	 0.3014
[2025/09/24 23:59:19] - ==> Building model..
[2025/09/25 00:00:47] - Test Loss 	 Test Acc 	 PGD Loss 	 PGD Acc
[2025/09/25 00:00:47] - 3.4104 	 	 0.4564 	 3.7682 	 0.2288
[2025/09/25 00:04:52] - 45 	 240.5 	 	 0.1000 	 4.9936 	 0.3021
[2025/09/25 00:04:52] - ==> Building model..
[2025/09/25 00:06:14] - Test Loss 	 Test Acc 	 PGD Loss 	 PGD Acc
[2025/09/25 00:06:14] - 3.4102 	 	 0.4568 	 3.7686 	 0.2307
[2025/09/25 00:10:21] - 46 	 242.8 	 	 0.1000 	 4.9939 	 0.3018
[2025/09/25 00:10:21] - ==> Building model..
[2025/09/25 00:11:49] - Test Loss 	 Test Acc 	 PGD Loss 	 PGD Acc
[2025/09/25 00:11:49] - 3.4097 	 	 0.4571 	 3.7684 	 0.2319
[2025/09/25 00:15:48] - 47 	 235.0 	 	 0.1000 	 4.9938 	 0.3024
[2025/09/25 00:15:48] - ==> Building model..
[2025/09/25 00:17:15] - Test Loss 	 Test Acc 	 PGD Loss 	 PGD Acc
[2025/09/25 00:17:15] - 3.4086 	 	 0.4571 	 3.7675 	 0.2322
[2025/09/25 00:21:18] - 48 	 239.5 	 	 0.1000 	 4.9938 	 0.3040
[2025/09/25 00:21:18] - ==> Building model..
[2025/09/25 00:22:45] - Test Loss 	 Test Acc 	 PGD Loss 	 PGD Acc
[2025/09/25 00:22:45] - 3.4085 	 	 0.4583 	 3.7678 	 0.2321
[2025/09/25 00:26:45] - 49 	 236.7 	 	 0.1000 	 4.9937 	 0.3026
[2025/09/25 00:26:45] - ==> Building model..
[2025/09/25 00:28:12] - Test Loss 	 Test Acc 	 PGD Loss 	 PGD Acc
[2025/09/25 00:28:12] - 3.4100 	 	 0.4576 	 3.7690 	 0.2313
[2025/09/25 00:32:17] - 50 	 241.4 	 	 0.1000 	 4.9930 	 0.3043
[2025/09/25 00:32:17] - ==> Building model..
[2025/09/25 00:33:44] - Test Loss 	 Test Acc 	 PGD Loss 	 PGD Acc
[2025/09/25 00:33:44] - 3.4103 	 	 0.4577 	 3.7692 	 0.2320
[2025/09/25 00:37:47] - 51 	 239.4 	 	 0.1000 	 4.9936 	 0.3037
[2025/09/25 00:37:47] - ==> Building model..
[2025/09/25 00:39:13] - Test Loss 	 Test Acc 	 PGD Loss 	 PGD Acc
[2025/09/25 00:39:13] - 3.4108 	 	 0.4585 	 3.7697 	 0.2322
[2025/09/25 00:43:17] - 52 	 239.5 	 	 0.1000 	 4.9926 	 0.3046
[2025/09/25 00:43:17] - ==> Building model..
[2025/09/25 00:44:43] - Test Loss 	 Test Acc 	 PGD Loss 	 PGD Acc
[2025/09/25 00:44:43] - 3.4112 	 	 0.4586 	 3.7701 	 0.2320
[2025/09/25 00:48:43] - 53 	 235.8 	 	 0.1000 	 4.9922 	 0.3049
[2025/09/25 00:48:43] - ==> Building model..
[2025/09/25 00:50:11] - Test Loss 	 Test Acc 	 PGD Loss 	 PGD Acc
[2025/09/25 00:50:11] - 3.4120 	 	 0.4596 	 3.7710 	 0.2312
[2025/09/25 00:54:14] - 54 	 239.7 	 	 0.1000 	 4.9921 	 0.3048
[2025/09/25 00:54:14] - ==> Building model..
[2025/09/25 00:55:36] - Test Loss 	 Test Acc 	 PGD Loss 	 PGD Acc
[2025/09/25 00:55:36] - 3.4113 	 	 0.4608 	 3.7713 	 0.2313
[2025/09/25 00:59:40] - 55 	 239.9 	 	 0.1000 	 4.9914 	 0.3057
[2025/09/25 00:59:40] - ==> Building model..
[2025/09/25 01:01:06] - Test Loss 	 Test Acc 	 PGD Loss 	 PGD Acc
[2025/09/25 01:01:06] - 3.4110 	 	 0.4610 	 3.7709 	 0.2325
[2025/09/25 01:05:07] - 56 	 237.2 	 	 0.1000 	 4.9911 	 0.3065
[2025/09/25 01:05:07] - ==> Building model..
[2025/09/25 01:06:37] - Test Loss 	 Test Acc 	 PGD Loss 	 PGD Acc
[2025/09/25 01:06:37] - 3.4098 	 	 0.4611 	 3.7711 	 0.2334
[2025/09/25 01:10:42] - 57 	 240.4 	 	 0.1000 	 4.9904 	 0.3081
[2025/09/25 01:10:42] - ==> Building model..
[2025/09/25 01:12:08] - Test Loss 	 Test Acc 	 PGD Loss 	 PGD Acc
[2025/09/25 01:12:08] - 3.4090 	 	 0.4622 	 3.7706 	 0.2334
[2025/09/25 01:16:08] - 58 	 236.0 	 	 0.1000 	 4.9900 	 0.3078
[2025/09/25 01:16:08] - ==> Building model..
[2025/09/25 01:17:35] - Test Loss 	 Test Acc 	 PGD Loss 	 PGD Acc
[2025/09/25 01:17:35] - 3.4091 	 	 0.4618 	 3.7708 	 0.2326
[2025/09/25 01:21:42] - 59 	 242.9 	 	 0.1000 	 4.9896 	 0.3076
[2025/09/25 01:21:42] - ==> Building model..
[2025/09/25 01:23:11] - Test Loss 	 Test Acc 	 PGD Loss 	 PGD Acc
[2025/09/25 01:23:11] - 3.4093 	 	 0.4632 	 3.7712 	 0.2335
[2025/09/25 01:27:13] - 60 	 237.6 	 	 0.1000 	 4.9895 	 0.3088
[2025/09/25 01:27:13] - ==> Building model..
[2025/09/25 01:28:39] - Test Loss 	 Test Acc 	 PGD Loss 	 PGD Acc
[2025/09/25 01:28:39] - 3.4080 	 	 0.4638 	 3.7708 	 0.2329
[2025/09/25 01:32:43] - 61 	 240.5 	 	 0.1000 	 4.9886 	 0.3082
[2025/09/25 01:32:43] - ==> Building model..
[2025/09/25 01:34:10] - Test Loss 	 Test Acc 	 PGD Loss 	 PGD Acc
[2025/09/25 01:34:10] - 3.4071 	 	 0.4649 	 3.7705 	 0.2326
[2025/09/25 01:38:17] - 62 	 242.8 	 	 0.1000 	 4.9891 	 0.3074
[2025/09/25 01:38:17] - ==> Building model..
[2025/09/25 01:39:45] - Test Loss 	 Test Acc 	 PGD Loss 	 PGD Acc
[2025/09/25 01:39:45] - 3.4065 	 	 0.4663 	 3.7705 	 0.2335
[2025/09/25 01:43:49] - 63 	 239.5 	 	 0.1000 	 4.9883 	 0.3096
[2025/09/25 01:43:49] - ==> Building model..
[2025/09/25 01:45:12] - Test Loss 	 Test Acc 	 PGD Loss 	 PGD Acc
[2025/09/25 01:45:12] - 3.4070 	 	 0.4659 	 3.7710 	 0.2338
[2025/09/25 01:49:16] - 64 	 240.1 	 	 0.1000 	 4.9876 	 0.3097
[2025/09/25 01:49:16] - ==> Building model..
[2025/09/25 01:50:43] - Test Loss 	 Test Acc 	 PGD Loss 	 PGD Acc
[2025/09/25 01:50:43] - 3.4061 	 	 0.4669 	 3.7705 	 0.2339
[2025/09/25 01:54:43] - 65 	 235.5 	 	 0.1000 	 4.9873 	 0.3093
[2025/09/25 01:54:43] - ==> Building model..
[2025/09/25 01:56:09] - Test Loss 	 Test Acc 	 PGD Loss 	 PGD Acc
[2025/09/25 01:56:09] - 3.4053 	 	 0.4672 	 3.7702 	 0.2341
[2025/09/25 02:00:14] - 66 	 240.6 	 	 0.1000 	 4.9871 	 0.3107
[2025/09/25 02:00:14] - ==> Building model..
[2025/09/25 02:01:40] - Test Loss 	 Test Acc 	 PGD Loss 	 PGD Acc
[2025/09/25 02:01:40] - 3.4050 	 	 0.4668 	 3.7700 	 0.2343
[2025/09/25 02:05:43] - 67 	 238.7 	 	 0.1000 	 4.9870 	 0.3105
[2025/09/25 02:05:43] - ==> Building model..
[2025/09/25 02:07:10] - Test Loss 	 Test Acc 	 PGD Loss 	 PGD Acc
[2025/09/25 02:07:10] - 3.4052 	 	 0.4669 	 3.7709 	 0.2348
[2025/09/25 02:11:14] - 68 	 240.1 	 	 0.1000 	 4.9864 	 0.3112
[2025/09/25 02:11:14] - ==> Building model..
[2025/09/25 02:12:40] - Test Loss 	 Test Acc 	 PGD Loss 	 PGD Acc
[2025/09/25 02:12:40] - 3.4043 	 	 0.4669 	 3.7702 	 0.2351
[2025/09/25 02:16:40] - 69 	 235.6 	 	 0.1000 	 4.9865 	 0.3098
[2025/09/25 02:16:40] - ==> Building model..
[2025/09/25 02:18:09] - Test Loss 	 Test Acc 	 PGD Loss 	 PGD Acc
[2025/09/25 02:18:09] - 3.4032 	 	 0.4673 	 3.7697 	 0.2357
[2025/09/25 02:22:20] - 70 	 247.2 	 	 0.1000 	 4.9864 	 0.3108
[2025/09/25 02:22:20] - ==> Building model..
[2025/09/25 02:23:44] - Test Loss 	 Test Acc 	 PGD Loss 	 PGD Acc
[2025/09/25 02:23:44] - 3.4016 	 	 0.4677 	 3.7689 	 0.2360
[2025/09/25 02:27:48] - 71 	 240.0 	 	 0.1000 	 4.9860 	 0.3111
[2025/09/25 02:27:48] - ==> Building model..
[2025/09/25 02:29:15] - Test Loss 	 Test Acc 	 PGD Loss 	 PGD Acc
[2025/09/25 02:29:15] - 3.3998 	 	 0.4684 	 3.7676 	 0.2361
[2025/09/25 02:33:16] - 72 	 237.0 	 	 0.1000 	 4.9855 	 0.3129
[2025/09/25 02:33:16] - ==> Building model..
[2025/09/25 02:34:43] - Test Loss 	 Test Acc 	 PGD Loss 	 PGD Acc
[2025/09/25 02:34:43] - 3.3988 	 	 0.4686 	 3.7670 	 0.2361
[2025/09/25 02:38:47] - 73 	 239.9 	 	 0.1000 	 4.9852 	 0.3119
[2025/09/25 02:38:47] - ==> Building model..
[2025/09/25 02:40:14] - Test Loss 	 Test Acc 	 PGD Loss 	 PGD Acc
[2025/09/25 02:40:14] - 3.3983 	 	 0.4692 	 3.7674 	 0.2356
[2025/09/25 02:44:13] - 74 	 235.5 	 	 0.1000 	 4.9854 	 0.3132
[2025/09/25 02:44:13] - ==> Building model..
[2025/09/25 02:45:40] - Test Loss 	 Test Acc 	 PGD Loss 	 PGD Acc
[2025/09/25 02:45:40] - 3.3992 	 	 0.4685 	 3.7688 	 0.2354
[2025/09/25 02:49:43] - 75 	 239.6 	 	 0.1000 	 4.9848 	 0.3137
[2025/09/25 02:49:43] - ==> Building model..
[2025/09/25 02:51:10] - Test Loss 	 Test Acc 	 PGD Loss 	 PGD Acc
[2025/09/25 02:51:10] - 3.3993 	 	 0.4685 	 3.7693 	 0.2353
[2025/09/25 02:55:08] - 76 	 234.2 	 	 0.1000 	 4.9845 	 0.3122
[2025/09/25 02:55:08] - ==> Building model..
[2025/09/25 02:56:34] - Test Loss 	 Test Acc 	 PGD Loss 	 PGD Acc
[2025/09/25 02:56:34] - 3.3990 	 	 0.4693 	 3.7694 	 0.2362
[2025/09/25 03:00:40] - 77 	 242.4 	 	 0.1000 	 4.9840 	 0.3136
[2025/09/25 03:00:40] - ==> Building model..
[2025/09/25 03:02:08] - Test Loss 	 Test Acc 	 PGD Loss 	 PGD Acc
[2025/09/25 03:02:08] - 3.3994 	 	 0.4696 	 3.7706 	 0.2373
[2025/09/25 03:06:13] - 78 	 241.0 	 	 0.1000 	 4.9840 	 0.3135
[2025/09/25 03:06:13] - ==> Building model..
[2025/09/25 03:07:40] - Test Loss 	 Test Acc 	 PGD Loss 	 PGD Acc
[2025/09/25 03:07:40] - 3.4006 	 	 0.4696 	 3.7724 	 0.2377
[2025/09/25 03:11:51] - 79 	 246.3 	 	 0.1000 	 4.9839 	 0.3136
[2025/09/25 03:11:51] - ==> Building model..
[2025/09/25 03:13:14] - Test Loss 	 Test Acc 	 PGD Loss 	 PGD Acc
[2025/09/25 03:13:14] - 3.4038 	 	 0.4689 	 3.7762 	 0.2375
[2025/09/25 03:17:17] - 80 	 239.4 	 	 0.1000 	 4.9835 	 0.3150
[2025/09/25 03:17:17] - ==> Building model..
[2025/09/25 03:18:44] - Test Loss 	 Test Acc 	 PGD Loss 	 PGD Acc
[2025/09/25 03:18:44] - 3.4064 	 	 0.4693 	 3.7790 	 0.2377
[2025/09/25 03:22:44] - 81 	 235.8 	 	 0.1000 	 4.9828 	 0.3140
[2025/09/25 03:22:44] - ==> Building model..
[2025/09/25 03:24:10] - Test Loss 	 Test Acc 	 PGD Loss 	 PGD Acc
[2025/09/25 03:24:10] - 3.4095 	 	 0.4697 	 3.7823 	 0.2389
[2025/09/25 03:28:14] - 82 	 240.2 	 	 0.1000 	 4.9830 	 0.3150
[2025/09/25 03:28:14] - ==> Building model..
[2025/09/25 03:29:41] - Test Loss 	 Test Acc 	 PGD Loss 	 PGD Acc
[2025/09/25 03:29:41] - 3.4120 	 	 0.4698 	 3.7854 	 0.2380
[2025/09/25 03:33:42] - 83 	 237.5 	 	 0.1000 	 4.9838 	 0.3136
[2025/09/25 03:33:42] - ==> Building model..
[2025/09/25 03:35:09] - Test Loss 	 Test Acc 	 PGD Loss 	 PGD Acc
[2025/09/25 03:35:09] - 3.4131 	 	 0.4710 	 3.7866 	 0.2386
[2025/09/25 03:39:14] - 84 	 241.1 	 	 0.1000 	 4.9832 	 0.3132
[2025/09/25 03:39:14] - ==> Building model..
[2025/09/25 03:40:41] - Test Loss 	 Test Acc 	 PGD Loss 	 PGD Acc
[2025/09/25 03:40:41] - 3.4148 	 	 0.4698 	 3.7889 	 0.2394
[2025/09/25 03:44:42] - 85 	 237.1 	 	 0.1000 	 4.9827 	 0.3153
[2025/09/25 03:44:42] - ==> Building model..
[2025/09/25 03:46:09] - Test Loss 	 Test Acc 	 PGD Loss 	 PGD Acc
[2025/09/25 03:46:09] - 3.4145 	 	 0.4706 	 3.7892 	 0.2398
[2025/09/25 03:50:13] - 86 	 239.7 	 	 0.1000 	 4.9828 	 0.3157
[2025/09/25 03:50:13] - ==> Building model..
[2025/09/25 03:51:39] - Test Loss 	 Test Acc 	 PGD Loss 	 PGD Acc
[2025/09/25 03:51:39] - 3.4139 	 	 0.4714 	 3.7898 	 0.2400
[2025/09/25 03:55:43] - 87 	 240.1 	 	 0.1000 	 4.9827 	 0.3142
[2025/09/25 03:55:43] - ==> Building model..
[2025/09/25 03:57:10] - Test Loss 	 Test Acc 	 PGD Loss 	 PGD Acc
[2025/09/25 03:57:10] - 3.4132 	 	 0.4711 	 3.7891 	 0.2402
[2025/09/25 04:01:13] - 88 	 239.5 	 	 0.1000 	 4.9828 	 0.3146
[2025/09/25 04:01:13] - ==> Building model..
[2025/09/25 04:02:36] - Test Loss 	 Test Acc 	 PGD Loss 	 PGD Acc
[2025/09/25 04:02:36] - 3.4111 	 	 0.4712 	 3.7882 	 0.2402
[2025/09/25 04:06:40] - 89 	 239.7 	 	 0.1000 	 4.9822 	 0.3162
[2025/09/25 04:06:40] - ==> Building model..
[2025/09/25 04:08:06] - Test Loss 	 Test Acc 	 PGD Loss 	 PGD Acc
[2025/09/25 04:08:06] - 3.4082 	 	 0.4721 	 3.7861 	 0.2400
[2025/09/25 04:12:08] - 90 	 238.3 	 	 0.1000 	 4.9812 	 0.3183
[2025/09/25 04:12:08] - ==> Building model..
[2025/09/25 04:13:35] - Test Loss 	 Test Acc 	 PGD Loss 	 PGD Acc
[2025/09/25 04:13:35] - 3.4044 	 	 0.4711 	 3.7830 	 0.2413
[2025/09/25 04:17:41] - 91 	 242.0 	 	 0.1000 	 4.9822 	 0.3164
[2025/09/25 04:17:41] - ==> Building model..
[2025/09/25 04:19:08] - Test Loss 	 Test Acc 	 PGD Loss 	 PGD Acc
[2025/09/25 04:19:08] - 3.4012 	 	 0.4716 	 3.7806 	 0.2410
[2025/09/25 04:23:08] - 92 	 236.0 	 	 0.1000 	 4.9823 	 0.3156
[2025/09/25 04:23:08] - ==> Building model..
[2025/09/25 04:24:35] - Test Loss 	 Test Acc 	 PGD Loss 	 PGD Acc
[2025/09/25 04:24:35] - 3.3969 	 	 0.4721 	 3.7771 	 0.2412
[2025/09/25 04:28:41] - 93 	 242.0 	 	 0.1000 	 4.9816 	 0.3169
[2025/09/25 04:28:41] - ==> Building model..
[2025/09/25 04:30:07] - Test Loss 	 Test Acc 	 PGD Loss 	 PGD Acc
[2025/09/25 04:30:07] - 3.3933 	 	 0.4726 	 3.7744 	 0.2415
[2025/09/25 04:34:09] - 94 	 237.7 	 	 0.1000 	 4.9823 	 0.3169
[2025/09/25 04:34:09] - ==> Building model..
[2025/09/25 04:35:36] - Test Loss 	 Test Acc 	 PGD Loss 	 PGD Acc
[2025/09/25 04:35:36] - 3.3909 	 	 0.4733 	 3.7728 	 0.2434
[2025/09/25 04:39:40] - 95 	 239.9 	 	 0.1000 	 4.9819 	 0.3162
[2025/09/25 04:39:40] - ==> Building model..
[2025/09/25 04:41:03] - Test Loss 	 Test Acc 	 PGD Loss 	 PGD Acc
[2025/09/25 04:41:03] - 3.3884 	 	 0.4735 	 3.7705 	 0.2422
[2025/09/25 04:45:08] - 96 	 240.4 	 	 0.1000 	 4.9821 	 0.3147
[2025/09/25 04:45:08] - ==> Building model..
[2025/09/25 04:46:34] - Test Loss 	 Test Acc 	 PGD Loss 	 PGD Acc
[2025/09/25 04:46:34] - 3.3849 	 	 0.4739 	 3.7673 	 0.2425
[2025/09/25 04:50:40] - 97 	 241.6 	 	 0.1000 	 4.9826 	 0.3161
[2025/09/25 04:50:40] - ==> Building model..
[2025/09/25 04:52:05] - Test Loss 	 Test Acc 	 PGD Loss 	 PGD Acc
[2025/09/25 04:52:05] - 3.3821 	 	 0.4753 	 3.7653 	 0.2427
[2025/09/25 04:56:21] - 98 	 251.6 	 	 0.1000 	 4.9809 	 0.3174
[2025/09/25 04:56:21] - ==> Building model..
[2025/09/25 04:57:48] - Test Loss 	 Test Acc 	 PGD Loss 	 PGD Acc
[2025/09/25 04:57:48] - 3.3794 	 	 0.4748 	 3.7629 	 0.2420
[2025/09/25 05:01:48] - 99 	 236.4 	 	 0.0100 	 4.8832 	 0.4437
[2025/09/25 05:01:48] - ==> Building model..
[2025/09/25 05:03:14] - Test Loss 	 Test Acc 	 PGD Loss 	 PGD Acc
[2025/09/25 05:03:14] - 3.3790 	 	 0.4749 	 3.7623 	 0.2432
[2025/09/25 05:07:18] - 100 	 239.9 	 	 0.0100 	 4.8155 	 0.5369
[2025/09/25 05:07:18] - ==> Building model..
[2025/09/25 05:08:45] - Test Loss 	 Test Acc 	 PGD Loss 	 PGD Acc
[2025/09/25 05:08:45] - 3.3790 	 	 0.4749 	 3.7625 	 0.2429
[2025/09/25 05:12:46] - 101 	 237.3 	 	 0.0100 	 4.7898 	 0.5765
[2025/09/25 05:12:46] - ==> Building model..
[2025/09/25 05:14:13] - Test Loss 	 Test Acc 	 PGD Loss 	 PGD Acc
[2025/09/25 05:14:13] - 3.3790 	 	 0.4749 	 3.7631 	 0.2428
[2025/09/25 05:18:16] - 102 	 239.1 	 	 0.0100 	 4.7683 	 0.6128
[2025/09/25 05:18:16] - ==> Building model..
[2025/09/25 05:19:42] - Test Loss 	 Test Acc 	 PGD Loss 	 PGD Acc
[2025/09/25 05:19:42] - 3.3790 	 	 0.4749 	 3.7629 	 0.2425
[2025/09/25 05:23:43] - 103 	 236.9 	 	 0.0100 	 4.7502 	 0.6429
[2025/09/25 05:23:43] - ==> Building model..
[2025/09/25 05:25:10] - Test Loss 	 Test Acc 	 PGD Loss 	 PGD Acc
[2025/09/25 05:25:10] - 3.3790 	 	 0.4749 	 3.7623 	 0.2427
[2025/09/25 05:29:16] - 104 	 241.7 	 	 0.0010 	 4.7034 	 0.7205
[2025/09/25 05:29:16] - ==> Building model..
[2025/09/25 05:30:39] - Test Loss 	 Test Acc 	 PGD Loss 	 PGD Acc
[2025/09/25 05:30:39] - 3.3790 	 	 0.4749 	 3.7621 	 0.2424
[2025/09/25 05:34:43] - 105 	 239.8 	 	 0.0010 	 4.6824 	 0.7535
[2025/09/25 05:34:43] - ==> Building model..
[2025/09/25 05:36:10] - Test Loss 	 Test Acc 	 PGD Loss 	 PGD Acc
[2025/09/25 05:36:10] - 3.3790 	 	 0.4749 	 3.7628 	 0.2423
[2025/09/25 05:40:16] - 106 	 241.4 	 	 0.0010 	 4.6763 	 0.7635
[2025/09/25 05:40:16] - ==> Building model..
[2025/09/25 05:41:45] - Test Loss 	 Test Acc 	 PGD Loss 	 PGD Acc
[2025/09/25 05:41:45] - 3.3790 	 	 0.4749 	 3.7624 	 0.2429
[2025/09/25 05:45:53] - 107 	 244.8 	 	 0.0010 	 4.6714 	 0.7724
[2025/09/25 05:45:53] - ==> Building model..
[2025/09/25 05:47:20] - Test Loss 	 Test Acc 	 PGD Loss 	 PGD Acc
[2025/09/25 05:47:20] - 3.3790 	 	 0.4749 	 3.7623 	 0.2427
[2025/09/25 05:51:21] - 108 	 236.5 	 	 0.0010 	 4.6669 	 0.7792
[2025/09/25 05:51:21] - ==> Building model..
[2025/09/25 05:52:47] - Test Loss 	 Test Acc 	 PGD Loss 	 PGD Acc
[2025/09/25 05:52:47] - 3.3790 	 	 0.4749 	 3.7627 	 0.2428
[2025/09/25 05:56:50] - 109 	 238.8 	 	 0.0010 	 4.6623 	 0.7875
[2025/09/25 05:56:50] - ==> Building model..
[2025/09/25 05:58:19] - Test Loss 	 Test Acc 	 PGD Loss 	 PGD Acc
[2025/09/25 05:58:19] - 3.3790 	 	 0.4749 	 3.7624 	 0.2425
[2025/09/25 05:58:19] - [0.0702, 0.1389, 0.1835, 0.2115, 0.2316, 0.237, 0.2539, 0.2947, 0.3245, 0.3483, 0.3627, 0.3742, 0.3827, 0.3917, 0.4001, 0.407, 0.4104, 0.4143, 0.4163, 0.4215, 0.4217, 0.4242, 0.4268, 0.4315, 0.4327, 0.4359, 0.4367, 0.4389, 0.4407, 0.4438, 0.4446, 0.4443, 0.4464, 0.4479, 0.4489, 0.4489, 0.4499, 0.4494, 0.4513, 0.4528, 0.4538, 0.4541, 0.4541, 0.4549, 0.4564, 0.4568, 0.4571, 0.4571, 0.4583, 0.4576, 0.4577, 0.4585, 0.4586, 0.4596, 0.4608, 0.461, 0.4611, 0.4622, 0.4618, 0.4632, 0.4638, 0.4649, 0.4663, 0.4659, 0.4669, 0.4672, 0.4668, 0.4669, 0.4669, 0.4673, 0.4677, 0.4684, 0.4686, 0.4692, 0.4685, 0.4685, 0.4693, 0.4696, 0.4696, 0.4689, 0.4693, 0.4697, 0.4698, 0.471, 0.4698, 0.4706, 0.4714, 0.4711, 0.4712, 0.4721, 0.4711, 0.4716, 0.4721, 0.4726, 0.4733, 0.4735, 0.4739, 0.4753, 0.4748, 0.4749, 0.4749, 0.4749, 0.4749, 0.4749, 0.4749, 0.4749, 0.4749, 0.4749, 0.4749, 0.4749]
[2025/09/25 05:58:19] - [0.0417, 0.0721, 0.095, 0.1115, 0.1204, 0.1199, 0.129, 0.1497, 0.1661, 0.179, 0.1858, 0.1898, 0.1934, 0.1977, 0.1985, 0.2013, 0.204, 0.2059, 0.2092, 0.2111, 0.2123, 0.2138, 0.2158, 0.2158, 0.2179, 0.2186, 0.2202, 0.2199, 0.22, 0.2206, 0.2215, 0.223, 0.2228, 0.2237, 0.2245, 0.2257, 0.225, 0.2252, 0.2261, 0.2264, 0.227, 0.2276, 0.2275, 0.2267, 0.2288, 0.2307, 0.2319, 0.2322, 0.2321, 0.2313, 0.232, 0.2322, 0.232, 0.2312, 0.2313, 0.2325, 0.2334, 0.2334, 0.2326, 0.2335, 0.2329, 0.2326, 0.2335, 0.2338, 0.2339, 0.2341, 0.2343, 0.2348, 0.2351, 0.2357, 0.236, 0.2361, 0.2361, 0.2356, 0.2354, 0.2353, 0.2362, 0.2373, 0.2377, 0.2375, 0.2377, 0.2389, 0.238, 0.2386, 0.2394, 0.2398, 0.24, 0.2402, 0.2402, 0.24, 0.2413, 0.241, 0.2412, 0.2415, 0.2434, 0.2422, 0.2425, 0.2427, 0.242, 0.2432, 0.2429, 0.2428, 0.2425, 0.2427, 0.2424, 0.2423, 0.2429, 0.2427, 0.2428, 0.2425]
