[2025/10/19 13:17:16] - Namespace(batch_size=128, data_dir='cifar-data', epochs=110, lr_schedule='multistep', lr_min=0.0, lr_max=0.2, weight_decay=0.0005, momentum=0.9, model='ResNet18', epsilon=8, alpha=8, delta_init='random', normal_mean=0, normal_std=1, out_dir='runs/beta_0.4/lam_44/lscale_0.12/seed_1', seed=1, lamda=44.0, lam_scale=0.12, lam_start=50, gamma=0.05, inner_gamma=0.05, beta=0.4, mu=3.5, batch_m=0.75, early_stop=False, factor=0.5, length=4, n_holes=1, c_num=0.125, EMA_value=0.55)
[2025/10/19 13:17:18] - ==> Building model..
[2025/10/19 13:17:18] - Epoch 	 Seconds 	 LR 	 	 Train Loss 	 Train Acc
[2025/10/19 13:18:10] - 0 	 29.6 	 	 0.2000 	 4.5702 	 0.0376
[2025/10/19 13:18:10] - ==> Building model..
[2025/10/19 13:18:34] - Test Loss 	 Test Acc 	 PGD Loss 	 PGD Acc
[2025/10/19 13:18:34] - 4.2063 	 	 0.0857 	 4.2200 	 0.0576
[2025/10/19 13:19:25] - 1 	 28.3 	 	 0.2000 	 4.4631 	 0.0748
[2025/10/19 13:19:25] - ==> Building model..
[2025/10/19 13:19:48] - Test Loss 	 Test Acc 	 PGD Loss 	 PGD Acc
[2025/10/19 13:19:48] - 4.0432 	 	 0.1392 	 4.0715 	 0.0927
[2025/10/19 13:20:38] - 2 	 26.6 	 	 0.2000 	 4.4070 	 0.1026
[2025/10/19 13:20:38] - ==> Building model..
[2025/10/19 13:21:01] - Test Loss 	 Test Acc 	 PGD Loss 	 PGD Acc
[2025/10/19 13:21:01] - 3.9175 	 	 0.1801 	 3.9618 	 0.1096
[2025/10/19 13:21:52] - 3 	 28.4 	 	 0.2000 	 4.3572 	 0.1278
[2025/10/19 13:21:52] - ==> Building model..
[2025/10/19 13:22:16] - Test Loss 	 Test Acc 	 PGD Loss 	 PGD Acc
[2025/10/19 13:22:16] - 3.7404 	 	 0.2303 	 3.8083 	 0.1373
[2025/10/19 13:23:08] - 4 	 28.7 	 	 0.2000 	 4.3151 	 0.1499
[2025/10/19 13:23:08] - ==> Building model..
[2025/10/19 13:23:32] - Test Loss 	 Test Acc 	 PGD Loss 	 PGD Acc
[2025/10/19 13:23:32] - 3.5940 	 	 0.2748 	 3.6868 	 0.1626
[2025/10/19 13:24:23] - 5 	 28.3 	 	 0.2000 	 4.2763 	 0.1688
[2025/10/19 13:24:23] - ==> Building model..
[2025/10/19 13:24:45] - Test Loss 	 Test Acc 	 PGD Loss 	 PGD Acc
[2025/10/19 13:24:45] - 3.4064 	 	 0.3140 	 3.5267 	 0.1788
[2025/10/19 13:25:36] - 6 	 28.3 	 	 0.2000 	 4.2458 	 0.1887
[2025/10/19 13:25:36] - ==> Building model..
[2025/10/19 13:26:00] - Test Loss 	 Test Acc 	 PGD Loss 	 PGD Acc
[2025/10/19 13:26:00] - 3.2314 	 	 0.3505 	 3.3805 	 0.1934
[2025/10/19 13:26:52] - 7 	 28.9 	 	 0.2000 	 4.2227 	 0.2001
[2025/10/19 13:26:52] - ==> Building model..
[2025/10/19 13:27:16] - Test Loss 	 Test Acc 	 PGD Loss 	 PGD Acc
[2025/10/19 13:27:16] - 3.0977 	 	 0.3761 	 3.2713 	 0.2054
[2025/10/19 13:28:07] - 8 	 28.5 	 	 0.2000 	 4.2060 	 0.2078
[2025/10/19 13:28:07] - ==> Building model..
[2025/10/19 13:28:30] - Test Loss 	 Test Acc 	 PGD Loss 	 PGD Acc
[2025/10/19 13:28:30] - 2.9936 	 	 0.3994 	 3.1881 	 0.2156
[2025/10/19 13:29:22] - 9 	 28.7 	 	 0.2000 	 4.1903 	 0.2170
[2025/10/19 13:29:22] - ==> Building model..
[2025/10/19 13:29:46] - Test Loss 	 Test Acc 	 PGD Loss 	 PGD Acc
[2025/10/19 13:29:46] - 2.9193 	 	 0.4154 	 3.1301 	 0.2234
[2025/10/19 13:30:37] - 10 	 28.9 	 	 0.2000 	 4.1812 	 0.2224
[2025/10/19 13:30:37] - ==> Building model..
[2025/10/19 13:31:01] - Test Loss 	 Test Acc 	 PGD Loss 	 PGD Acc
[2025/10/19 13:31:01] - 2.8625 	 	 0.4264 	 3.0858 	 0.2316
[2025/10/19 13:31:52] - 11 	 28.7 	 	 0.2000 	 4.1698 	 0.2304
[2025/10/19 13:31:52] - ==> Building model..
[2025/10/19 13:32:15] - Test Loss 	 Test Acc 	 PGD Loss 	 PGD Acc
[2025/10/19 13:32:15] - 2.8365 	 	 0.4357 	 3.0680 	 0.2363
[2025/10/19 13:33:08] - 12 	 29.6 	 	 0.2000 	 4.1626 	 0.2328
[2025/10/19 13:33:08] - ==> Building model..
[2025/10/19 13:33:32] - Test Loss 	 Test Acc 	 PGD Loss 	 PGD Acc
[2025/10/19 13:33:32] - 2.8113 	 	 0.4418 	 3.0475 	 0.2393
[2025/10/19 13:34:24] - 13 	 28.5 	 	 0.2000 	 4.1563 	 0.2373
[2025/10/19 13:34:24] - ==> Building model..
[2025/10/19 13:34:48] - Test Loss 	 Test Acc 	 PGD Loss 	 PGD Acc
[2025/10/19 13:34:48] - 2.7871 	 	 0.4491 	 3.0291 	 0.2419
[2025/10/19 13:35:41] - 14 	 29.3 	 	 0.2000 	 4.1504 	 0.2413
[2025/10/19 13:35:41] - ==> Building model..
[2025/10/19 13:36:05] - Test Loss 	 Test Acc 	 PGD Loss 	 PGD Acc
[2025/10/19 13:36:05] - 2.7609 	 	 0.4562 	 3.0099 	 0.2451
[2025/10/19 13:36:57] - 15 	 28.8 	 	 0.2000 	 4.1457 	 0.2445
[2025/10/19 13:36:57] - ==> Building model..
[2025/10/19 13:37:21] - Test Loss 	 Test Acc 	 PGD Loss 	 PGD Acc
[2025/10/19 13:37:21] - 2.7409 	 	 0.4615 	 2.9957 	 0.2480
[2025/10/19 13:38:12] - 16 	 28.5 	 	 0.2000 	 4.1403 	 0.2468
[2025/10/19 13:38:12] - ==> Building model..
[2025/10/19 13:38:36] - Test Loss 	 Test Acc 	 PGD Loss 	 PGD Acc
[2025/10/19 13:38:36] - 2.7261 	 	 0.4625 	 2.9837 	 0.2495
[2025/10/19 13:39:27] - 17 	 28.7 	 	 0.2000 	 4.1354 	 0.2500
[2025/10/19 13:39:27] - ==> Building model..
[2025/10/19 13:39:51] - Test Loss 	 Test Acc 	 PGD Loss 	 PGD Acc
[2025/10/19 13:39:51] - 2.7111 	 	 0.4658 	 2.9727 	 0.2521
[2025/10/19 13:40:43] - 18 	 29.4 	 	 0.2000 	 4.1358 	 0.2506
[2025/10/19 13:40:43] - ==> Building model..
[2025/10/19 13:41:07] - Test Loss 	 Test Acc 	 PGD Loss 	 PGD Acc
[2025/10/19 13:41:07] - 2.6925 	 	 0.4712 	 2.9598 	 0.2550
[2025/10/19 13:41:56] - 19 	 27.2 	 	 0.2000 	 4.1300 	 0.2535
[2025/10/19 13:41:56] - ==> Building model..
[2025/10/19 13:42:20] - Test Loss 	 Test Acc 	 PGD Loss 	 PGD Acc
[2025/10/19 13:42:20] - 2.6796 	 	 0.4747 	 2.9500 	 0.2553
[2025/10/19 13:43:12] - 20 	 28.9 	 	 0.2000 	 4.1273 	 0.2533
[2025/10/19 13:43:12] - ==> Building model..
[2025/10/19 13:43:37] - Test Loss 	 Test Acc 	 PGD Loss 	 PGD Acc
[2025/10/19 13:43:37] - 2.6687 	 	 0.4785 	 2.9425 	 0.2555
[2025/10/19 13:44:27] - 21 	 28.2 	 	 0.2000 	 4.1247 	 0.2552
[2025/10/19 13:44:27] - ==> Building model..
[2025/10/19 13:44:52] - Test Loss 	 Test Acc 	 PGD Loss 	 PGD Acc
[2025/10/19 13:44:52] - 2.6577 	 	 0.4806 	 2.9349 	 0.2585
[2025/10/19 13:45:42] - 22 	 28.0 	 	 0.2000 	 4.1195 	 0.2592
[2025/10/19 13:45:42] - ==> Building model..
[2025/10/19 13:46:06] - Test Loss 	 Test Acc 	 PGD Loss 	 PGD Acc
[2025/10/19 13:46:06] - 2.6493 	 	 0.4822 	 2.9271 	 0.2595
[2025/10/19 13:46:58] - 23 	 28.9 	 	 0.2000 	 4.1198 	 0.2596
[2025/10/19 13:46:58] - ==> Building model..
[2025/10/19 13:47:22] - Test Loss 	 Test Acc 	 PGD Loss 	 PGD Acc
[2025/10/19 13:47:22] - 2.6423 	 	 0.4839 	 2.9212 	 0.2615
[2025/10/19 13:48:13] - 24 	 29.0 	 	 0.2000 	 4.1176 	 0.2606
[2025/10/19 13:48:13] - ==> Building model..
[2025/10/19 13:48:38] - Test Loss 	 Test Acc 	 PGD Loss 	 PGD Acc
[2025/10/19 13:48:38] - 2.6357 	 	 0.4869 	 2.9174 	 0.2627
[2025/10/19 13:49:29] - 25 	 28.7 	 	 0.2000 	 4.1167 	 0.2618
[2025/10/19 13:49:29] - ==> Building model..
[2025/10/19 13:49:53] - Test Loss 	 Test Acc 	 PGD Loss 	 PGD Acc
[2025/10/19 13:49:53] - 2.6315 	 	 0.4889 	 2.9147 	 0.2637
[2025/10/19 13:50:44] - 26 	 28.9 	 	 0.2000 	 4.1137 	 0.2604
[2025/10/19 13:50:44] - ==> Building model..
[2025/10/19 13:51:09] - Test Loss 	 Test Acc 	 PGD Loss 	 PGD Acc
[2025/10/19 13:51:09] - 2.6208 	 	 0.4913 	 2.9053 	 0.2630
[2025/10/19 13:52:00] - 27 	 28.1 	 	 0.2000 	 4.1112 	 0.2634
[2025/10/19 13:52:00] - ==> Building model..
[2025/10/19 13:52:23] - Test Loss 	 Test Acc 	 PGD Loss 	 PGD Acc
[2025/10/19 13:52:23] - 2.6147 	 	 0.4918 	 2.9001 	 0.2656
[2025/10/19 13:53:16] - 28 	 29.5 	 	 0.2000 	 4.1112 	 0.2625
[2025/10/19 13:53:16] - ==> Building model..
[2025/10/19 13:53:40] - Test Loss 	 Test Acc 	 PGD Loss 	 PGD Acc
[2025/10/19 13:53:40] - 2.6094 	 	 0.4932 	 2.8961 	 0.2657
[2025/10/19 13:54:32] - 29 	 28.7 	 	 0.2000 	 4.1099 	 0.2652
[2025/10/19 13:54:32] - ==> Building model..
[2025/10/19 13:54:56] - Test Loss 	 Test Acc 	 PGD Loss 	 PGD Acc
[2025/10/19 13:54:56] - 2.6031 	 	 0.4951 	 2.8918 	 0.2677
[2025/10/19 13:55:48] - 30 	 28.8 	 	 0.2000 	 4.1088 	 0.2647
[2025/10/19 13:55:48] - ==> Building model..
[2025/10/19 13:56:11] - Test Loss 	 Test Acc 	 PGD Loss 	 PGD Acc
[2025/10/19 13:56:11] - 2.6056 	 	 0.4969 	 2.8938 	 0.2665
[2025/10/19 13:57:01] - 31 	 28.1 	 	 0.2000 	 4.1050 	 0.2682
[2025/10/19 13:57:01] - ==> Building model..
[2025/10/19 13:57:26] - Test Loss 	 Test Acc 	 PGD Loss 	 PGD Acc
[2025/10/19 13:57:26] - 2.6004 	 	 0.4973 	 2.8898 	 0.2668
[2025/10/19 13:58:17] - 32 	 29.1 	 	 0.2000 	 4.1054 	 0.2685
[2025/10/19 13:58:17] - ==> Building model..
[2025/10/19 13:58:40] - Test Loss 	 Test Acc 	 PGD Loss 	 PGD Acc
[2025/10/19 13:58:40] - 2.5971 	 	 0.4998 	 2.8875 	 0.2674
[2025/10/19 13:59:33] - 33 	 28.9 	 	 0.2000 	 4.1052 	 0.2667
[2025/10/19 13:59:33] - ==> Building model..
[2025/10/19 13:59:56] - Test Loss 	 Test Acc 	 PGD Loss 	 PGD Acc
[2025/10/19 13:59:56] - 2.5941 	 	 0.5010 	 2.8854 	 0.2696
[2025/10/19 14:00:49] - 34 	 29.1 	 	 0.2000 	 4.1026 	 0.2704
[2025/10/19 14:00:49] - ==> Building model..
[2025/10/19 14:01:12] - Test Loss 	 Test Acc 	 PGD Loss 	 PGD Acc
[2025/10/19 14:01:12] - 2.5910 	 	 0.5036 	 2.8834 	 0.2699
[2025/10/19 14:02:03] - 35 	 28.6 	 	 0.2000 	 4.1016 	 0.2698
[2025/10/19 14:02:03] - ==> Building model..
[2025/10/19 14:02:27] - Test Loss 	 Test Acc 	 PGD Loss 	 PGD Acc
[2025/10/19 14:02:27] - 2.5928 	 	 0.5021 	 2.8845 	 0.2700
[2025/10/19 14:03:18] - 36 	 28.4 	 	 0.2000 	 4.1029 	 0.2688
[2025/10/19 14:03:18] - ==> Building model..
[2025/10/19 14:03:42] - Test Loss 	 Test Acc 	 PGD Loss 	 PGD Acc
[2025/10/19 14:03:42] - 2.5914 	 	 0.5033 	 2.8851 	 0.2707
[2025/10/19 14:04:33] - 37 	 28.7 	 	 0.2000 	 4.0990 	 0.2703
[2025/10/19 14:04:33] - ==> Building model..
[2025/10/19 14:04:57] - Test Loss 	 Test Acc 	 PGD Loss 	 PGD Acc
[2025/10/19 14:04:57] - 2.5872 	 	 0.5065 	 2.8829 	 0.2739
[2025/10/19 14:05:49] - 38 	 29.1 	 	 0.2000 	 4.1005 	 0.2685
[2025/10/19 14:05:49] - ==> Building model..
[2025/10/19 14:06:12] - Test Loss 	 Test Acc 	 PGD Loss 	 PGD Acc
[2025/10/19 14:06:12] - 2.5865 	 	 0.5050 	 2.8820 	 0.2752
[2025/10/19 14:07:03] - 39 	 28.8 	 	 0.2000 	 4.0997 	 0.2704
[2025/10/19 14:07:03] - ==> Building model..
[2025/10/19 14:07:27] - Test Loss 	 Test Acc 	 PGD Loss 	 PGD Acc
[2025/10/19 14:07:27] - 2.5828 	 	 0.5055 	 2.8784 	 0.2753
[2025/10/19 14:08:16] - 40 	 27.6 	 	 0.2000 	 4.0986 	 0.2712
[2025/10/19 14:08:16] - ==> Building model..
[2025/10/19 14:08:39] - Test Loss 	 Test Acc 	 PGD Loss 	 PGD Acc
[2025/10/19 14:08:39] - 2.5794 	 	 0.5083 	 2.8767 	 0.2768
[2025/10/19 14:09:29] - 41 	 27.7 	 	 0.2000 	 4.0981 	 0.2714
[2025/10/19 14:09:29] - ==> Building model..
[2025/10/19 14:09:53] - Test Loss 	 Test Acc 	 PGD Loss 	 PGD Acc
[2025/10/19 14:09:53] - 2.5776 	 	 0.5079 	 2.8737 	 0.2769
[2025/10/19 14:10:46] - 42 	 29.0 	 	 0.2000 	 4.0976 	 0.2737
[2025/10/19 14:10:46] - ==> Building model..
[2025/10/19 14:11:10] - Test Loss 	 Test Acc 	 PGD Loss 	 PGD Acc
[2025/10/19 14:11:10] - 2.5725 	 	 0.5085 	 2.8710 	 0.2766
[2025/10/19 14:12:02] - 43 	 28.8 	 	 0.2000 	 4.0969 	 0.2710
[2025/10/19 14:12:02] - ==> Building model..
[2025/10/19 14:12:26] - Test Loss 	 Test Acc 	 PGD Loss 	 PGD Acc
[2025/10/19 14:12:26] - 2.5701 	 	 0.5099 	 2.8685 	 0.2775
[2025/10/19 14:13:18] - 44 	 28.8 	 	 0.2000 	 4.0965 	 0.2722
[2025/10/19 14:13:18] - ==> Building model..
[2025/10/19 14:13:42] - Test Loss 	 Test Acc 	 PGD Loss 	 PGD Acc
[2025/10/19 14:13:42] - 2.5700 	 	 0.5114 	 2.8682 	 0.2769
[2025/10/19 14:14:34] - 45 	 28.8 	 	 0.2000 	 4.0958 	 0.2740
[2025/10/19 14:14:34] - ==> Building model..
[2025/10/19 14:14:58] - Test Loss 	 Test Acc 	 PGD Loss 	 PGD Acc
[2025/10/19 14:14:58] - 2.5732 	 	 0.5106 	 2.8705 	 0.2775
[2025/10/19 14:15:51] - 46 	 28.7 	 	 0.2000 	 4.0940 	 0.2749
[2025/10/19 14:15:51] - ==> Building model..
[2025/10/19 14:16:14] - Test Loss 	 Test Acc 	 PGD Loss 	 PGD Acc
[2025/10/19 14:16:14] - 2.5726 	 	 0.5100 	 2.8700 	 0.2774
[2025/10/19 14:17:06] - 47 	 29.7 	 	 0.2000 	 4.0949 	 0.2753
[2025/10/19 14:17:06] - ==> Building model..
[2025/10/19 14:17:30] - Test Loss 	 Test Acc 	 PGD Loss 	 PGD Acc
[2025/10/19 14:17:30] - 2.5724 	 	 0.5113 	 2.8704 	 0.2776
[2025/10/19 14:18:23] - 48 	 28.7 	 	 0.2000 	 4.0909 	 0.2769
[2025/10/19 14:18:23] - ==> Building model..
[2025/10/19 14:18:47] - Test Loss 	 Test Acc 	 PGD Loss 	 PGD Acc
[2025/10/19 14:18:47] - 2.5700 	 	 0.5123 	 2.8689 	 0.2793
[2025/10/19 14:19:39] - 49 	 28.7 	 	 0.2000 	 4.0932 	 0.2757
[2025/10/19 14:19:39] - ==> Building model..
[2025/10/19 14:20:02] - Test Loss 	 Test Acc 	 PGD Loss 	 PGD Acc
[2025/10/19 14:20:02] - 2.5671 	 	 0.5144 	 2.8664 	 0.2773
[2025/10/19 14:20:54] - 50 	 28.6 	 	 0.2000 	 4.0909 	 0.2747
[2025/10/19 14:20:54] - ==> Building model..
[2025/10/19 14:21:19] - Test Loss 	 Test Acc 	 PGD Loss 	 PGD Acc
[2025/10/19 14:21:19] - 2.5654 	 	 0.5150 	 2.8652 	 0.2775
[2025/10/19 14:22:09] - 51 	 28.2 	 	 0.2000 	 4.0927 	 0.2741
[2025/10/19 14:22:09] - ==> Building model..
[2025/10/19 14:22:33] - Test Loss 	 Test Acc 	 PGD Loss 	 PGD Acc
[2025/10/19 14:22:33] - 2.5635 	 	 0.5161 	 2.8637 	 0.2766
[2025/10/19 14:23:25] - 52 	 29.0 	 	 0.2000 	 4.0943 	 0.2752
[2025/10/19 14:23:25] - ==> Building model..
[2025/10/19 14:23:50] - Test Loss 	 Test Acc 	 PGD Loss 	 PGD Acc
[2025/10/19 14:23:50] - 2.5637 	 	 0.5160 	 2.8639 	 0.2760
[2025/10/19 14:24:40] - 53 	 28.6 	 	 0.2000 	 4.0915 	 0.2764
[2025/10/19 14:24:40] - ==> Building model..
[2025/10/19 14:25:05] - Test Loss 	 Test Acc 	 PGD Loss 	 PGD Acc
[2025/10/19 14:25:05] - 2.5653 	 	 0.5149 	 2.8650 	 0.2760
[2025/10/19 14:25:53] - 54 	 26.9 	 	 0.2000 	 4.0923 	 0.2764
[2025/10/19 14:25:53] - ==> Building model..
[2025/10/19 14:26:16] - Test Loss 	 Test Acc 	 PGD Loss 	 PGD Acc
[2025/10/19 14:26:16] - 2.5657 	 	 0.5152 	 2.8640 	 0.2767
[2025/10/19 14:27:06] - 55 	 28.1 	 	 0.2000 	 4.0928 	 0.2767
[2025/10/19 14:27:06] - ==> Building model..
[2025/10/19 14:27:30] - Test Loss 	 Test Acc 	 PGD Loss 	 PGD Acc
[2025/10/19 14:27:30] - 2.5675 	 	 0.5145 	 2.8657 	 0.2771
[2025/10/19 14:28:20] - 56 	 28.0 	 	 0.2000 	 4.0941 	 0.2765
[2025/10/19 14:28:20] - ==> Building model..
[2025/10/19 14:28:44] - Test Loss 	 Test Acc 	 PGD Loss 	 PGD Acc
[2025/10/19 14:28:44] - 2.5700 	 	 0.5147 	 2.8677 	 0.2763
[2025/10/19 14:29:34] - 57 	 28.3 	 	 0.2000 	 4.0936 	 0.2759
[2025/10/19 14:29:34] - ==> Building model..
[2025/10/19 14:29:58] - Test Loss 	 Test Acc 	 PGD Loss 	 PGD Acc
[2025/10/19 14:29:58] - 2.5754 	 	 0.5137 	 2.8717 	 0.2770
[2025/10/19 14:30:50] - 58 	 29.0 	 	 0.2000 	 4.0949 	 0.2779
[2025/10/19 14:30:50] - ==> Building model..
[2025/10/19 14:31:14] - Test Loss 	 Test Acc 	 PGD Loss 	 PGD Acc
[2025/10/19 14:31:14] - 2.5782 	 	 0.5153 	 2.8738 	 0.2786
[2025/10/19 14:32:04] - 59 	 28.2 	 	 0.2000 	 4.0943 	 0.2791
[2025/10/19 14:32:04] - ==> Building model..
[2025/10/19 14:32:28] - Test Loss 	 Test Acc 	 PGD Loss 	 PGD Acc
[2025/10/19 14:32:28] - 2.5820 	 	 0.5134 	 2.8760 	 0.2789
[2025/10/19 14:33:18] - 60 	 28.2 	 	 0.2000 	 4.0963 	 0.2785
[2025/10/19 14:33:18] - ==> Building model..
[2025/10/19 14:33:42] - Test Loss 	 Test Acc 	 PGD Loss 	 PGD Acc
[2025/10/19 14:33:42] - 2.5897 	 	 0.5129 	 2.8817 	 0.2784
[2025/10/19 14:34:31] - 61 	 27.3 	 	 0.2000 	 4.0967 	 0.2763
[2025/10/19 14:34:31] - ==> Building model..
[2025/10/19 14:34:54] - Test Loss 	 Test Acc 	 PGD Loss 	 PGD Acc
[2025/10/19 14:34:54] - 2.5949 	 	 0.5114 	 2.8854 	 0.2777
[2025/10/19 14:35:45] - 62 	 28.7 	 	 0.2000 	 4.0974 	 0.2754
[2025/10/19 14:35:45] - ==> Building model..
[2025/10/19 14:36:09] - Test Loss 	 Test Acc 	 PGD Loss 	 PGD Acc
[2025/10/19 14:36:09] - 2.5977 	 	 0.5105 	 2.8870 	 0.2777
[2025/10/19 14:37:01] - 63 	 29.4 	 	 0.2000 	 4.0966 	 0.2759
[2025/10/19 14:37:01] - ==> Building model..
[2025/10/19 14:37:25] - Test Loss 	 Test Acc 	 PGD Loss 	 PGD Acc
[2025/10/19 14:37:25] - 2.6017 	 	 0.5105 	 2.8898 	 0.2764
[2025/10/19 14:38:16] - 64 	 28.8 	 	 0.2000 	 4.0953 	 0.2783
[2025/10/19 14:38:16] - ==> Building model..
[2025/10/19 14:38:40] - Test Loss 	 Test Acc 	 PGD Loss 	 PGD Acc
[2025/10/19 14:38:40] - 2.6034 	 	 0.5108 	 2.8909 	 0.2775
[2025/10/19 14:39:31] - 65 	 28.3 	 	 0.2000 	 4.0972 	 0.2756
[2025/10/19 14:39:31] - ==> Building model..
[2025/10/19 14:39:55] - Test Loss 	 Test Acc 	 PGD Loss 	 PGD Acc
[2025/10/19 14:39:55] - 2.6079 	 	 0.5108 	 2.8940 	 0.2772
[2025/10/19 14:40:49] - 66 	 29.7 	 	 0.2000 	 4.0947 	 0.2768
[2025/10/19 14:40:49] - ==> Building model..
[2025/10/19 14:41:13] - Test Loss 	 Test Acc 	 PGD Loss 	 PGD Acc
[2025/10/19 14:41:13] - 2.6077 	 	 0.5107 	 2.8942 	 0.2778
[2025/10/19 14:42:03] - 67 	 27.9 	 	 0.2000 	 4.0947 	 0.2749
[2025/10/19 14:42:03] - ==> Building model..
[2025/10/19 14:42:27] - Test Loss 	 Test Acc 	 PGD Loss 	 PGD Acc
[2025/10/19 14:42:27] - 2.6076 	 	 0.5119 	 2.8944 	 0.2788
[2025/10/19 14:43:19] - 68 	 28.7 	 	 0.2000 	 4.0939 	 0.2775
[2025/10/19 14:43:19] - ==> Building model..
[2025/10/19 14:43:43] - Test Loss 	 Test Acc 	 PGD Loss 	 PGD Acc
[2025/10/19 14:43:43] - 2.6077 	 	 0.5137 	 2.8954 	 0.2792
[2025/10/19 14:44:35] - 69 	 29.1 	 	 0.2000 	 4.0963 	 0.2750
[2025/10/19 14:44:35] - ==> Building model..
[2025/10/19 14:44:58] - Test Loss 	 Test Acc 	 PGD Loss 	 PGD Acc
[2025/10/19 14:44:58] - 2.6091 	 	 0.5141 	 2.8958 	 0.2786
[2025/10/19 14:45:49] - 70 	 28.4 	 	 0.2000 	 4.0931 	 0.2818
[2025/10/19 14:45:49] - ==> Building model..
[2025/10/19 14:46:13] - Test Loss 	 Test Acc 	 PGD Loss 	 PGD Acc
[2025/10/19 14:46:13] - 2.6084 	 	 0.5139 	 2.8953 	 0.2786
[2025/10/19 14:47:04] - 71 	 28.9 	 	 0.2000 	 4.0953 	 0.2765
[2025/10/19 14:47:04] - ==> Building model..
[2025/10/19 14:47:28] - Test Loss 	 Test Acc 	 PGD Loss 	 PGD Acc
[2025/10/19 14:47:28] - 2.6098 	 	 0.5142 	 2.8966 	 0.2785
[2025/10/19 14:48:20] - 72 	 28.7 	 	 0.2000 	 4.0945 	 0.2773
[2025/10/19 14:48:20] - ==> Building model..
[2025/10/19 14:48:44] - Test Loss 	 Test Acc 	 PGD Loss 	 PGD Acc
[2025/10/19 14:48:44] - 2.6126 	 	 0.5137 	 2.8983 	 0.2803
[2025/10/19 14:49:36] - 73 	 28.9 	 	 0.2000 	 4.0940 	 0.2793
[2025/10/19 14:49:36] - ==> Building model..
[2025/10/19 14:50:01] - Test Loss 	 Test Acc 	 PGD Loss 	 PGD Acc
[2025/10/19 14:50:01] - 2.6141 	 	 0.5137 	 2.8996 	 0.2803
[2025/10/19 14:50:52] - 74 	 28.8 	 	 0.2000 	 4.0945 	 0.2786
[2025/10/19 14:50:52] - ==> Building model..
[2025/10/19 14:51:16] - Test Loss 	 Test Acc 	 PGD Loss 	 PGD Acc
[2025/10/19 14:51:16] - 2.6174 	 	 0.5130 	 2.9023 	 0.2801
[2025/10/19 14:52:07] - 75 	 28.3 	 	 0.2000 	 4.0933 	 0.2799
[2025/10/19 14:52:07] - ==> Building model..
[2025/10/19 14:52:30] - Test Loss 	 Test Acc 	 PGD Loss 	 PGD Acc
[2025/10/19 14:52:30] - 2.6213 	 	 0.5127 	 2.9055 	 0.2802
[2025/10/19 14:53:24] - 76 	 29.4 	 	 0.2000 	 4.0932 	 0.2785
[2025/10/19 14:53:24] - ==> Building model..
[2025/10/19 14:53:47] - Test Loss 	 Test Acc 	 PGD Loss 	 PGD Acc
[2025/10/19 14:53:47] - 2.6234 	 	 0.5121 	 2.9070 	 0.2807
[2025/10/19 14:54:38] - 77 	 28.3 	 	 0.2000 	 4.0932 	 0.2782
[2025/10/19 14:54:38] - ==> Building model..
[2025/10/19 14:55:02] - Test Loss 	 Test Acc 	 PGD Loss 	 PGD Acc
[2025/10/19 14:55:02] - 2.6230 	 	 0.5122 	 2.9070 	 0.2816
[2025/10/19 14:55:52] - 78 	 28.1 	 	 0.2000 	 4.0926 	 0.2778
[2025/10/19 14:55:52] - ==> Building model..
[2025/10/19 14:56:16] - Test Loss 	 Test Acc 	 PGD Loss 	 PGD Acc
[2025/10/19 14:56:16] - 2.6232 	 	 0.5129 	 2.9075 	 0.2817
[2025/10/19 14:57:04] - 79 	 26.7 	 	 0.2000 	 4.0917 	 0.2787
[2025/10/19 14:57:04] - ==> Building model..
[2025/10/19 14:57:28] - Test Loss 	 Test Acc 	 PGD Loss 	 PGD Acc
[2025/10/19 14:57:28] - 2.6237 	 	 0.5125 	 2.9071 	 0.2805
[2025/10/19 14:58:17] - 80 	 27.5 	 	 0.2000 	 4.0937 	 0.2780
[2025/10/19 14:58:17] - ==> Building model..
[2025/10/19 14:58:41] - Test Loss 	 Test Acc 	 PGD Loss 	 PGD Acc
[2025/10/19 14:58:41] - 2.6248 	 	 0.5132 	 2.9081 	 0.2807
[2025/10/19 14:59:30] - 81 	 28.0 	 	 0.2000 	 4.0957 	 0.2765
[2025/10/19 14:59:30] - ==> Building model..
[2025/10/19 14:59:54] - Test Loss 	 Test Acc 	 PGD Loss 	 PGD Acc
[2025/10/19 14:59:54] - 2.6268 	 	 0.5132 	 2.9086 	 0.2800
[2025/10/19 15:00:43] - 82 	 27.5 	 	 0.2000 	 4.0920 	 0.2801
[2025/10/19 15:00:43] - ==> Building model..
[2025/10/19 15:01:07] - Test Loss 	 Test Acc 	 PGD Loss 	 PGD Acc
[2025/10/19 15:01:07] - 2.6271 	 	 0.5121 	 2.9092 	 0.2813
[2025/10/19 15:01:56] - 83 	 27.7 	 	 0.2000 	 4.0940 	 0.2782
[2025/10/19 15:01:56] - ==> Building model..
[2025/10/19 15:02:21] - Test Loss 	 Test Acc 	 PGD Loss 	 PGD Acc
[2025/10/19 15:02:21] - 2.6278 	 	 0.5130 	 2.9091 	 0.2803
[2025/10/19 15:03:08] - 84 	 26.4 	 	 0.2000 	 4.0934 	 0.2791
[2025/10/19 15:03:08] - ==> Building model..
[2025/10/19 15:03:32] - Test Loss 	 Test Acc 	 PGD Loss 	 PGD Acc
[2025/10/19 15:03:32] - 2.6274 	 	 0.5120 	 2.9086 	 0.2820
[2025/10/19 15:04:23] - 85 	 28.5 	 	 0.2000 	 4.0944 	 0.2757
[2025/10/19 15:04:23] - ==> Building model..
[2025/10/19 15:04:46] - Test Loss 	 Test Acc 	 PGD Loss 	 PGD Acc
[2025/10/19 15:04:46] - 2.6273 	 	 0.5129 	 2.9086 	 0.2833
[2025/10/19 15:05:39] - 86 	 29.2 	 	 0.2000 	 4.0925 	 0.2801
[2025/10/19 15:05:39] - ==> Building model..
[2025/10/19 15:06:02] - Test Loss 	 Test Acc 	 PGD Loss 	 PGD Acc
[2025/10/19 15:06:02] - 2.6260 	 	 0.5134 	 2.9078 	 0.2835
[2025/10/19 15:06:53] - 87 	 28.4 	 	 0.2000 	 4.0928 	 0.2782
[2025/10/19 15:06:53] - ==> Building model..
[2025/10/19 15:07:17] - Test Loss 	 Test Acc 	 PGD Loss 	 PGD Acc
[2025/10/19 15:07:17] - 2.6238 	 	 0.5130 	 2.9057 	 0.2835
[2025/10/19 15:08:09] - 88 	 28.4 	 	 0.2000 	 4.0939 	 0.2781
[2025/10/19 15:08:09] - ==> Building model..
[2025/10/19 15:08:33] - Test Loss 	 Test Acc 	 PGD Loss 	 PGD Acc
[2025/10/19 15:08:33] - 2.6225 	 	 0.5137 	 2.9048 	 0.2843
[2025/10/19 15:09:24] - 89 	 28.4 	 	 0.2000 	 4.0929 	 0.2762
[2025/10/19 15:09:24] - ==> Building model..
[2025/10/19 15:09:47] - Test Loss 	 Test Acc 	 PGD Loss 	 PGD Acc
[2025/10/19 15:09:47] - 2.6210 	 	 0.5160 	 2.9036 	 0.2843
[2025/10/19 15:10:38] - 90 	 28.7 	 	 0.2000 	 4.0930 	 0.2769
[2025/10/19 15:10:38] - ==> Building model..
[2025/10/19 15:11:02] - Test Loss 	 Test Acc 	 PGD Loss 	 PGD Acc
[2025/10/19 15:11:02] - 2.6207 	 	 0.5165 	 2.9032 	 0.2853
[2025/10/19 15:11:51] - 91 	 27.8 	 	 0.2000 	 4.0911 	 0.2808
[2025/10/19 15:11:51] - ==> Building model..
[2025/10/19 15:12:15] - Test Loss 	 Test Acc 	 PGD Loss 	 PGD Acc
[2025/10/19 15:12:15] - 2.6197 	 	 0.5167 	 2.9020 	 0.2852
[2025/10/19 15:13:06] - 92 	 28.9 	 	 0.2000 	 4.0922 	 0.2796
[2025/10/19 15:13:06] - ==> Building model..
[2025/10/19 15:13:30] - Test Loss 	 Test Acc 	 PGD Loss 	 PGD Acc
[2025/10/19 15:13:30] - 2.6187 	 	 0.5168 	 2.9019 	 0.2862
[2025/10/19 15:14:20] - 93 	 28.1 	 	 0.2000 	 4.0939 	 0.2794
[2025/10/19 15:14:20] - ==> Building model..
[2025/10/19 15:14:44] - Test Loss 	 Test Acc 	 PGD Loss 	 PGD Acc
[2025/10/19 15:14:44] - 2.6179 	 	 0.5176 	 2.9011 	 0.2862
[2025/10/19 15:15:35] - 94 	 28.6 	 	 0.0200 	 3.9990 	 0.3404
[2025/10/19 15:15:35] - ==> Building model..
[2025/10/19 15:15:59] - Test Loss 	 Test Acc 	 PGD Loss 	 PGD Acc
[2025/10/19 15:15:59] - 2.6149 	 	 0.5175 	 2.8987 	 0.2863
[2025/10/19 15:16:48] - 95 	 27.5 	 	 0.0200 	 3.9077 	 0.4023
[2025/10/19 15:16:48] - ==> Building model..
[2025/10/19 15:17:12] - Test Loss 	 Test Acc 	 PGD Loss 	 PGD Acc
[2025/10/19 15:17:12] - 2.6144 	 	 0.5175 	 2.8983 	 0.2862
[2025/10/19 15:18:03] - 96 	 28.1 	 	 0.0200 	 3.8815 	 0.4190
[2025/10/19 15:18:03] - ==> Building model..
[2025/10/19 15:18:26] - Test Loss 	 Test Acc 	 PGD Loss 	 PGD Acc
[2025/10/19 15:18:26] - 2.6140 	 	 0.5178 	 2.8983 	 0.2864
[2025/10/19 15:19:14] - 97 	 27.2 	 	 0.0200 	 3.8644 	 0.4308
[2025/10/19 15:19:14] - ==> Building model..
[2025/10/19 15:19:38] - Test Loss 	 Test Acc 	 PGD Loss 	 PGD Acc
[2025/10/19 15:19:38] - 2.6146 	 	 0.5179 	 2.8991 	 0.2864
[2025/10/19 15:20:30] - 98 	 28.7 	 	 0.0200 	 3.8504 	 0.4418
[2025/10/19 15:20:30] - ==> Building model..
[2025/10/19 15:20:54] - Test Loss 	 Test Acc 	 PGD Loss 	 PGD Acc
[2025/10/19 15:20:54] - 2.6159 	 	 0.5181 	 2.8997 	 0.2860
[2025/10/19 15:21:46] - 99 	 28.6 	 	 0.0020 	 3.8190 	 0.4649
[2025/10/19 15:21:46] - ==> Building model..
[2025/10/19 15:22:09] - Test Loss 	 Test Acc 	 PGD Loss 	 PGD Acc
[2025/10/19 15:22:09] - 2.6159 	 	 0.5181 	 2.8995 	 0.2860
[2025/10/19 15:23:01] - 100 	 28.6 	 	 0.0020 	 3.7898 	 0.4889
[2025/10/19 15:23:01] - ==> Building model..
[2025/10/19 15:23:25] - Test Loss 	 Test Acc 	 PGD Loss 	 PGD Acc
[2025/10/19 15:23:25] - 2.6159 	 	 0.5181 	 2.8997 	 0.2861
[2025/10/19 15:24:16] - 101 	 27.9 	 	 0.0020 	 3.7843 	 0.4926
[2025/10/19 15:24:16] - ==> Building model..
[2025/10/19 15:24:40] - Test Loss 	 Test Acc 	 PGD Loss 	 PGD Acc
[2025/10/19 15:24:40] - 2.6159 	 	 0.5181 	 2.8998 	 0.2863
[2025/10/19 15:25:30] - 102 	 27.9 	 	 0.0020 	 3.7779 	 0.4986
[2025/10/19 15:25:30] - ==> Building model..
[2025/10/19 15:25:53] - Test Loss 	 Test Acc 	 PGD Loss 	 PGD Acc
[2025/10/19 15:25:53] - 2.6164 	 	 0.5180 	 2.8998 	 0.2864
[2025/10/19 15:26:45] - 103 	 28.1 	 	 0.0020 	 3.7736 	 0.5016
[2025/10/19 15:26:45] - ==> Building model..
[2025/10/19 15:27:09] - Test Loss 	 Test Acc 	 PGD Loss 	 PGD Acc
[2025/10/19 15:27:09] - 2.6164 	 	 0.5180 	 2.9004 	 0.2863
[2025/10/19 15:28:00] - 104 	 28.0 	 	 0.0020 	 3.7694 	 0.5048
[2025/10/19 15:28:00] - ==> Building model..
[2025/10/19 15:28:24] - Test Loss 	 Test Acc 	 PGD Loss 	 PGD Acc
[2025/10/19 15:28:24] - 2.6164 	 	 0.5180 	 2.9005 	 0.2860
[2025/10/19 15:29:13] - 105 	 27.1 	 	 0.0020 	 3.7658 	 0.5066
[2025/10/19 15:29:13] - ==> Building model..
[2025/10/19 15:29:37] - Test Loss 	 Test Acc 	 PGD Loss 	 PGD Acc
[2025/10/19 15:29:37] - 2.6170 	 	 0.5179 	 2.9007 	 0.2869
[2025/10/19 15:30:29] - 106 	 28.0 	 	 0.0020 	 3.7614 	 0.5107
[2025/10/19 15:30:29] - ==> Building model..
[2025/10/19 15:30:53] - Test Loss 	 Test Acc 	 PGD Loss 	 PGD Acc
[2025/10/19 15:30:53] - 2.6170 	 	 0.5179 	 2.9005 	 0.2870
[2025/10/19 15:31:46] - 107 	 29.0 	 	 0.0020 	 3.7577 	 0.5138
[2025/10/19 15:31:46] - ==> Building model..
[2025/10/19 15:32:10] - Test Loss 	 Test Acc 	 PGD Loss 	 PGD Acc
[2025/10/19 15:32:10] - 2.6170 	 	 0.5179 	 2.9009 	 0.2865
[2025/10/19 15:33:01] - 108 	 28.2 	 	 0.0020 	 3.7535 	 0.5176
[2025/10/19 15:33:01] - ==> Building model..
[2025/10/19 15:33:24] - Test Loss 	 Test Acc 	 PGD Loss 	 PGD Acc
[2025/10/19 15:33:24] - 2.6170 	 	 0.5179 	 2.9004 	 0.2863
[2025/10/19 15:34:16] - 109 	 28.3 	 	 0.0020 	 3.7496 	 0.5201
[2025/10/19 15:34:16] - ==> Building model..
[2025/10/19 15:34:39] - Test Loss 	 Test Acc 	 PGD Loss 	 PGD Acc
[2025/10/19 15:34:39] - 2.6170 	 	 0.5179 	 2.9007 	 0.2860
[2025/10/19 15:34:39] - [0.0857, 0.1392, 0.1801, 0.2303, 0.2748, 0.314, 0.3505, 0.3761, 0.3994, 0.4154, 0.4264, 0.4357, 0.4418, 0.4491, 0.4562, 0.4615, 0.4625, 0.4658, 0.4712, 0.4747, 0.4785, 0.4806, 0.4822, 0.4839, 0.4869, 0.4889, 0.4913, 0.4918, 0.4932, 0.4951, 0.4969, 0.4973, 0.4998, 0.501, 0.5036, 0.5021, 0.5033, 0.5065, 0.505, 0.5055, 0.5083, 0.5079, 0.5085, 0.5099, 0.5114, 0.5106, 0.51, 0.5113, 0.5123, 0.5144, 0.515, 0.5161, 0.516, 0.5149, 0.5152, 0.5145, 0.5147, 0.5137, 0.5153, 0.5134, 0.5129, 0.5114, 0.5105, 0.5105, 0.5108, 0.5108, 0.5107, 0.5119, 0.5137, 0.5141, 0.5139, 0.5142, 0.5137, 0.5137, 0.513, 0.5127, 0.5121, 0.5122, 0.5129, 0.5125, 0.5132, 0.5132, 0.5121, 0.513, 0.512, 0.5129, 0.5134, 0.513, 0.5137, 0.516, 0.5165, 0.5167, 0.5168, 0.5176, 0.5175, 0.5175, 0.5178, 0.5179, 0.5181, 0.5181, 0.5181, 0.5181, 0.518, 0.518, 0.518, 0.5179, 0.5179, 0.5179, 0.5179, 0.5179]
[2025/10/19 15:34:39] - [0.0576, 0.0927, 0.1096, 0.1373, 0.1626, 0.1788, 0.1934, 0.2054, 0.2156, 0.2234, 0.2316, 0.2363, 0.2393, 0.2419, 0.2451, 0.248, 0.2495, 0.2521, 0.255, 0.2553, 0.2555, 0.2585, 0.2595, 0.2615, 0.2627, 0.2637, 0.263, 0.2656, 0.2657, 0.2677, 0.2665, 0.2668, 0.2674, 0.2696, 0.2699, 0.27, 0.2707, 0.2739, 0.2752, 0.2753, 0.2768, 0.2769, 0.2766, 0.2775, 0.2769, 0.2775, 0.2774, 0.2776, 0.2793, 0.2773, 0.2775, 0.2766, 0.276, 0.276, 0.2767, 0.2771, 0.2763, 0.277, 0.2786, 0.2789, 0.2784, 0.2777, 0.2777, 0.2764, 0.2775, 0.2772, 0.2778, 0.2788, 0.2792, 0.2786, 0.2786, 0.2785, 0.2803, 0.2803, 0.2801, 0.2802, 0.2807, 0.2816, 0.2817, 0.2805, 0.2807, 0.28, 0.2813, 0.2803, 0.282, 0.2833, 0.2835, 0.2835, 0.2843, 0.2843, 0.2853, 0.2852, 0.2862, 0.2862, 0.2863, 0.2862, 0.2864, 0.2864, 0.286, 0.286, 0.2861, 0.2863, 0.2864, 0.2863, 0.286, 0.2869, 0.287, 0.2865, 0.2863, 0.286]
