[2025/10/15 03:43:59] - Namespace(batch_size=128, data_dir='cifar-data', epochs=100, lr_schedule='multistep', lr_min=0.0, lr_max=0.2, weight_decay=0.0005, momentum=0.9, model='ResNet18', epsilon=8, alpha=8, delta_init='random', normal_mean=0, normal_std=1, out_dir='./output/CIFAR100/lamda_37_lamscale_0.10_run3', seed=0, lamda=37.0, lam_scale=0.1, lam_start=50, gamma=0.05, inner_gamma=0.05, beta=0.2, mu=3.5, batch_m=0.75, early_stop=False, factor=0.5, length=4, n_holes=1, c_num=0.125, EMA_value=0.55)
[2025/10/15 03:44:01] - ==> Building model..
[2025/10/15 03:44:01] - Epoch 	 Seconds 	 LR 	 	 Train Loss 	 Train Acc
[2025/10/15 03:44:40] - 0 	 20.4 	 	 0.2000 	 4.5661 	 0.0412
[2025/10/15 03:44:40] - ==> Building model..
[2025/10/15 03:44:59] - Test Loss 	 Test Acc 	 PGD Loss 	 PGD Acc
[2025/10/15 03:44:59] - 4.2044 	 	 0.0913 	 4.2196 	 0.0605
[2025/10/15 03:45:38] - 1 	 20.3 	 	 0.2000 	 4.4556 	 0.0803
[2025/10/15 03:45:38] - ==> Building model..
[2025/10/15 03:45:59] - Test Loss 	 Test Acc 	 PGD Loss 	 PGD Acc
[2025/10/15 03:45:59] - 4.0066 	 	 0.1457 	 4.0376 	 0.0927
[2025/10/15 03:46:37] - 2 	 19.3 	 	 0.2000 	 4.4033 	 0.1063
[2025/10/15 03:46:37] - ==> Building model..
[2025/10/15 03:46:59] - Test Loss 	 Test Acc 	 PGD Loss 	 PGD Acc
[2025/10/15 03:46:59] - 3.8801 	 	 0.1940 	 3.9284 	 0.1187
[2025/10/15 03:47:36] - 3 	 18.5 	 	 0.2000 	 4.3550 	 0.1299
[2025/10/15 03:47:36] - ==> Building model..
[2025/10/15 03:47:50] - Test Loss 	 Test Acc 	 PGD Loss 	 PGD Acc
[2025/10/15 03:47:50] - 3.7056 	 	 0.2390 	 3.7781 	 0.1409
[2025/10/15 03:48:25] - 4 	 16.4 	 	 0.2000 	 4.3103 	 0.1527
[2025/10/15 03:48:25] - ==> Building model..
[2025/10/15 03:48:40] - Test Loss 	 Test Acc 	 PGD Loss 	 PGD Acc
[2025/10/15 03:48:40] - 3.6108 	 	 0.2710 	 3.7017 	 0.1608
[2025/10/15 03:49:20] - 5 	 20.6 	 	 0.2000 	 4.2724 	 0.1722
[2025/10/15 03:49:20] - ==> Building model..
[2025/10/15 03:49:42] - Test Loss 	 Test Acc 	 PGD Loss 	 PGD Acc
[2025/10/15 03:49:42] - 3.4514 	 	 0.3007 	 3.5664 	 0.1751
[2025/10/15 03:50:23] - 6 	 20.9 	 	 0.2000 	 4.2418 	 0.1880
[2025/10/15 03:50:23] - ==> Building model..
[2025/10/15 03:50:43] - Test Loss 	 Test Acc 	 PGD Loss 	 PGD Acc
[2025/10/15 03:50:43] - 3.2006 	 	 0.3506 	 3.3557 	 0.1953
[2025/10/15 03:51:19] - 7 	 17.8 	 	 0.2000 	 4.2212 	 0.1986
[2025/10/15 03:51:19] - ==> Building model..
[2025/10/15 03:51:34] - Test Loss 	 Test Acc 	 PGD Loss 	 PGD Acc
[2025/10/15 03:51:34] - 3.0505 	 	 0.3860 	 3.2336 	 0.2088
[2025/10/15 03:52:10] - 8 	 17.4 	 	 0.2000 	 4.2019 	 0.2094
[2025/10/15 03:52:10] - ==> Building model..
[2025/10/15 03:52:32] - Test Loss 	 Test Acc 	 PGD Loss 	 PGD Acc
[2025/10/15 03:52:32] - 2.9522 	 	 0.4030 	 3.1561 	 0.2180
[2025/10/15 03:53:08] - 9 	 17.5 	 	 0.2000 	 4.1860 	 0.2187
[2025/10/15 03:53:08] - ==> Building model..
[2025/10/15 03:53:30] - Test Loss 	 Test Acc 	 PGD Loss 	 PGD Acc
[2025/10/15 03:53:30] - 2.8921 	 	 0.4203 	 3.1095 	 0.2255
[2025/10/15 03:54:10] - 10 	 20.6 	 	 0.2000 	 4.1745 	 0.2263
[2025/10/15 03:54:10] - ==> Building model..
[2025/10/15 03:54:32] - Test Loss 	 Test Acc 	 PGD Loss 	 PGD Acc
[2025/10/15 03:54:32] - 2.8468 	 	 0.4304 	 3.0744 	 0.2317
[2025/10/15 03:55:11] - 11 	 20.3 	 	 0.2000 	 4.1655 	 0.2296
[2025/10/15 03:55:11] - ==> Building model..
[2025/10/15 03:55:32] - Test Loss 	 Test Acc 	 PGD Loss 	 PGD Acc
[2025/10/15 03:55:32] - 2.8049 	 	 0.4425 	 3.0422 	 0.2353
[2025/10/15 03:56:12] - 12 	 20.2 	 	 0.2000 	 4.1564 	 0.2347
[2025/10/15 03:56:12] - ==> Building model..
[2025/10/15 03:56:33] - Test Loss 	 Test Acc 	 PGD Loss 	 PGD Acc
[2025/10/15 03:56:33] - 2.7755 	 	 0.4492 	 3.0200 	 0.2399
[2025/10/15 03:57:12] - 13 	 20.6 	 	 0.2000 	 4.1530 	 0.2362
[2025/10/15 03:57:12] - ==> Building model..
[2025/10/15 03:57:33] - Test Loss 	 Test Acc 	 PGD Loss 	 PGD Acc
[2025/10/15 03:57:33] - 2.7485 	 	 0.4534 	 2.9996 	 0.2425
[2025/10/15 03:58:12] - 14 	 20.1 	 	 0.2000 	 4.1465 	 0.2417
[2025/10/15 03:58:12] - ==> Building model..
[2025/10/15 03:58:33] - Test Loss 	 Test Acc 	 PGD Loss 	 PGD Acc
[2025/10/15 03:58:33] - 2.7269 	 	 0.4605 	 2.9842 	 0.2469
[2025/10/15 03:59:13] - 15 	 20.1 	 	 0.2000 	 4.1386 	 0.2475
[2025/10/15 03:59:13] - ==> Building model..
[2025/10/15 03:59:32] - Test Loss 	 Test Acc 	 PGD Loss 	 PGD Acc
[2025/10/15 03:59:32] - 2.7036 	 	 0.4688 	 2.9667 	 0.2506
[2025/10/15 04:00:12] - 16 	 20.7 	 	 0.2000 	 4.1343 	 0.2487
[2025/10/15 04:00:12] - ==> Building model..
[2025/10/15 04:00:33] - Test Loss 	 Test Acc 	 PGD Loss 	 PGD Acc
[2025/10/15 04:00:33] - 2.6907 	 	 0.4688 	 2.9562 	 0.2542
[2025/10/15 04:01:13] - 17 	 20.6 	 	 0.2000 	 4.1330 	 0.2498
[2025/10/15 04:01:13] - ==> Building model..
[2025/10/15 04:01:35] - Test Loss 	 Test Acc 	 PGD Loss 	 PGD Acc
[2025/10/15 04:01:35] - 2.6743 	 	 0.4750 	 2.9445 	 0.2554
[2025/10/15 04:02:14] - 18 	 20.8 	 	 0.2000 	 4.1276 	 0.2515
[2025/10/15 04:02:14] - ==> Building model..
[2025/10/15 04:02:36] - Test Loss 	 Test Acc 	 PGD Loss 	 PGD Acc
[2025/10/15 04:02:36] - 2.6637 	 	 0.4761 	 2.9380 	 0.2581
[2025/10/15 04:03:16] - 19 	 20.5 	 	 0.2000 	 4.1239 	 0.2556
[2025/10/15 04:03:16] - ==> Building model..
[2025/10/15 04:03:37] - Test Loss 	 Test Acc 	 PGD Loss 	 PGD Acc
[2025/10/15 04:03:37] - 2.6502 	 	 0.4803 	 2.9272 	 0.2606
[2025/10/15 04:04:13] - 20 	 17.5 	 	 0.2000 	 4.1227 	 0.2577
[2025/10/15 04:04:13] - ==> Building model..
[2025/10/15 04:04:28] - Test Loss 	 Test Acc 	 PGD Loss 	 PGD Acc
[2025/10/15 04:04:28] - 2.6397 	 	 0.4844 	 2.9195 	 0.2595
[2025/10/15 04:05:03] - 21 	 16.8 	 	 0.2000 	 4.1170 	 0.2608
[2025/10/15 04:05:03] - ==> Building model..
[2025/10/15 04:05:17] - Test Loss 	 Test Acc 	 PGD Loss 	 PGD Acc
[2025/10/15 04:05:17] - 2.6238 	 	 0.4869 	 2.9084 	 0.2604
[2025/10/15 04:05:54] - 22 	 17.7 	 	 0.2000 	 4.1178 	 0.2577
[2025/10/15 04:05:54] - ==> Building model..
[2025/10/15 04:06:14] - Test Loss 	 Test Acc 	 PGD Loss 	 PGD Acc
[2025/10/15 04:06:14] - 2.6190 	 	 0.4898 	 2.9056 	 0.2602
[2025/10/15 04:06:53] - 23 	 20.7 	 	 0.2000 	 4.1156 	 0.2581
[2025/10/15 04:06:53] - ==> Building model..
[2025/10/15 04:07:13] - Test Loss 	 Test Acc 	 PGD Loss 	 PGD Acc
[2025/10/15 04:07:13] - 2.6127 	 	 0.4916 	 2.8998 	 0.2617
[2025/10/15 04:07:48] - 24 	 16.7 	 	 0.2000 	 4.1120 	 0.2614
[2025/10/15 04:07:48] - ==> Building model..
[2025/10/15 04:08:10] - Test Loss 	 Test Acc 	 PGD Loss 	 PGD Acc
[2025/10/15 04:08:10] - 2.6052 	 	 0.4934 	 2.8942 	 0.2631
[2025/10/15 04:08:50] - 25 	 20.5 	 	 0.2000 	 4.1112 	 0.2646
[2025/10/15 04:08:50] - ==> Building model..
[2025/10/15 04:09:11] - Test Loss 	 Test Acc 	 PGD Loss 	 PGD Acc
[2025/10/15 04:09:11] - 2.6004 	 	 0.4931 	 2.8899 	 0.2641
[2025/10/15 04:09:51] - 26 	 20.5 	 	 0.2000 	 4.1072 	 0.2645
[2025/10/15 04:09:51] - ==> Building model..
[2025/10/15 04:10:12] - Test Loss 	 Test Acc 	 PGD Loss 	 PGD Acc
[2025/10/15 04:10:12] - 2.5945 	 	 0.4981 	 2.8851 	 0.2669
[2025/10/15 04:10:52] - 27 	 20.3 	 	 0.2000 	 4.1074 	 0.2643
[2025/10/15 04:10:52] - ==> Building model..
[2025/10/15 04:11:13] - Test Loss 	 Test Acc 	 PGD Loss 	 PGD Acc
[2025/10/15 04:11:13] - 2.5887 	 	 0.4976 	 2.8814 	 0.2673
[2025/10/15 04:11:53] - 28 	 20.7 	 	 0.2000 	 4.1051 	 0.2671
[2025/10/15 04:11:53] - ==> Building model..
[2025/10/15 04:12:15] - Test Loss 	 Test Acc 	 PGD Loss 	 PGD Acc
[2025/10/15 04:12:15] - 2.5862 	 	 0.4991 	 2.8796 	 0.2698
[2025/10/15 04:12:51] - 29 	 17.4 	 	 0.2000 	 4.1040 	 0.2667
[2025/10/15 04:12:51] - ==> Building model..
[2025/10/15 04:13:09] - Test Loss 	 Test Acc 	 PGD Loss 	 PGD Acc
[2025/10/15 04:13:09] - 2.5765 	 	 0.4984 	 2.8719 	 0.2706
[2025/10/15 04:13:49] - 30 	 20.8 	 	 0.2000 	 4.1058 	 0.2651
[2025/10/15 04:13:49] - ==> Building model..
[2025/10/15 04:14:11] - Test Loss 	 Test Acc 	 PGD Loss 	 PGD Acc
[2025/10/15 04:14:11] - 2.5758 	 	 0.5015 	 2.8727 	 0.2709
[2025/10/15 04:14:51] - 31 	 21.0 	 	 0.2000 	 4.1020 	 0.2678
[2025/10/15 04:14:51] - ==> Building model..
[2025/10/15 04:15:12] - Test Loss 	 Test Acc 	 PGD Loss 	 PGD Acc
[2025/10/15 04:15:12] - 2.5739 	 	 0.5023 	 2.8709 	 0.2695
[2025/10/15 04:15:52] - 32 	 20.9 	 	 0.2000 	 4.1012 	 0.2669
[2025/10/15 04:15:52] - ==> Building model..
[2025/10/15 04:16:10] - Test Loss 	 Test Acc 	 PGD Loss 	 PGD Acc
[2025/10/15 04:16:10] - 2.5744 	 	 0.5023 	 2.8711 	 0.2729
[2025/10/15 04:16:51] - 33 	 20.7 	 	 0.2000 	 4.0998 	 0.2684
[2025/10/15 04:16:51] - ==> Building model..
[2025/10/15 04:17:13] - Test Loss 	 Test Acc 	 PGD Loss 	 PGD Acc
[2025/10/15 04:17:13] - 2.5699 	 	 0.5042 	 2.8669 	 0.2732
[2025/10/15 04:17:52] - 34 	 20.9 	 	 0.2000 	 4.1002 	 0.2673
[2025/10/15 04:17:52] - ==> Building model..
[2025/10/15 04:18:12] - Test Loss 	 Test Acc 	 PGD Loss 	 PGD Acc
[2025/10/15 04:18:12] - 2.5693 	 	 0.5033 	 2.8669 	 0.2740
[2025/10/15 04:18:52] - 35 	 20.3 	 	 0.2000 	 4.0954 	 0.2735
[2025/10/15 04:18:52] - ==> Building model..
[2025/10/15 04:19:13] - Test Loss 	 Test Acc 	 PGD Loss 	 PGD Acc
[2025/10/15 04:19:13] - 2.5707 	 	 0.5042 	 2.8676 	 0.2725
[2025/10/15 04:19:55] - 36 	 22.6 	 	 0.2000 	 4.0964 	 0.2707
[2025/10/15 04:19:55] - ==> Building model..
[2025/10/15 04:20:16] - Test Loss 	 Test Acc 	 PGD Loss 	 PGD Acc
[2025/10/15 04:20:16] - 2.5655 	 	 0.5038 	 2.8641 	 0.2755
[2025/10/15 04:20:54] - 37 	 19.1 	 	 0.2000 	 4.0960 	 0.2711
[2025/10/15 04:20:54] - ==> Building model..
[2025/10/15 04:21:15] - Test Loss 	 Test Acc 	 PGD Loss 	 PGD Acc
[2025/10/15 04:21:15] - 2.5654 	 	 0.5044 	 2.8638 	 0.2760
[2025/10/15 04:21:55] - 38 	 20.5 	 	 0.2000 	 4.0949 	 0.2702
[2025/10/15 04:21:55] - ==> Building model..
[2025/10/15 04:22:17] - Test Loss 	 Test Acc 	 PGD Loss 	 PGD Acc
[2025/10/15 04:22:17] - 2.5618 	 	 0.5055 	 2.8610 	 0.2737
[2025/10/15 04:22:59] - 39 	 21.7 	 	 0.2000 	 4.0955 	 0.2682
[2025/10/15 04:22:59] - ==> Building model..
[2025/10/15 04:23:20] - Test Loss 	 Test Acc 	 PGD Loss 	 PGD Acc
[2025/10/15 04:23:20] - 2.5592 	 	 0.5073 	 2.8585 	 0.2754
[2025/10/15 04:23:59] - 40 	 20.1 	 	 0.2000 	 4.0937 	 0.2740
[2025/10/15 04:23:59] - ==> Building model..
[2025/10/15 04:24:21] - Test Loss 	 Test Acc 	 PGD Loss 	 PGD Acc
[2025/10/15 04:24:21] - 2.5586 	 	 0.5077 	 2.8589 	 0.2762
[2025/10/15 04:25:01] - 41 	 20.7 	 	 0.2000 	 4.0948 	 0.2736
[2025/10/15 04:25:01] - ==> Building model..
[2025/10/15 04:25:22] - Test Loss 	 Test Acc 	 PGD Loss 	 PGD Acc
[2025/10/15 04:25:22] - 2.5589 	 	 0.5081 	 2.8592 	 0.2762
[2025/10/15 04:26:02] - 42 	 20.3 	 	 0.2000 	 4.0947 	 0.2713
[2025/10/15 04:26:02] - ==> Building model..
[2025/10/15 04:26:24] - Test Loss 	 Test Acc 	 PGD Loss 	 PGD Acc
[2025/10/15 04:26:24] - 2.5573 	 	 0.5087 	 2.8587 	 0.2768
[2025/10/15 04:27:08] - 43 	 21.7 	 	 0.2000 	 4.0931 	 0.2730
[2025/10/15 04:27:08] - ==> Building model..
[2025/10/15 04:27:30] - Test Loss 	 Test Acc 	 PGD Loss 	 PGD Acc
[2025/10/15 04:27:30] - 2.5549 	 	 0.5099 	 2.8570 	 0.2763
[2025/10/15 04:28:14] - 44 	 22.1 	 	 0.2000 	 4.0926 	 0.2731
[2025/10/15 04:28:14] - ==> Building model..
[2025/10/15 04:28:35] - Test Loss 	 Test Acc 	 PGD Loss 	 PGD Acc
[2025/10/15 04:28:35] - 2.5510 	 	 0.5123 	 2.8547 	 0.2773
[2025/10/15 04:29:16] - 45 	 20.9 	 	 0.2000 	 4.0911 	 0.2750
[2025/10/15 04:29:16] - ==> Building model..
[2025/10/15 04:29:39] - Test Loss 	 Test Acc 	 PGD Loss 	 PGD Acc
[2025/10/15 04:29:39] - 2.5508 	 	 0.5125 	 2.8547 	 0.2775
[2025/10/15 04:30:18] - 46 	 19.3 	 	 0.2000 	 4.0885 	 0.2763
[2025/10/15 04:30:18] - ==> Building model..
[2025/10/15 04:30:38] - Test Loss 	 Test Acc 	 PGD Loss 	 PGD Acc
[2025/10/15 04:30:38] - 2.5472 	 	 0.5117 	 2.8517 	 0.2789
[2025/10/15 04:31:18] - 47 	 20.9 	 	 0.2000 	 4.0908 	 0.2734
[2025/10/15 04:31:18] - ==> Building model..
[2025/10/15 04:31:41] - Test Loss 	 Test Acc 	 PGD Loss 	 PGD Acc
[2025/10/15 04:31:41] - 2.5433 	 	 0.5132 	 2.8488 	 0.2775
[2025/10/15 04:32:20] - 48 	 19.8 	 	 0.2000 	 4.0873 	 0.2782
[2025/10/15 04:32:20] - ==> Building model..
[2025/10/15 04:32:41] - Test Loss 	 Test Acc 	 PGD Loss 	 PGD Acc
[2025/10/15 04:32:41] - 2.5438 	 	 0.5144 	 2.8499 	 0.2783
[2025/10/15 04:33:21] - 49 	 19.7 	 	 0.2000 	 4.0882 	 0.2769
[2025/10/15 04:33:21] - ==> Building model..
[2025/10/15 04:33:42] - Test Loss 	 Test Acc 	 PGD Loss 	 PGD Acc
[2025/10/15 04:33:42] - 2.5466 	 	 0.5142 	 2.8523 	 0.2784
[2025/10/15 04:34:23] - 50 	 20.8 	 	 0.2000 	 4.0875 	 0.2774
[2025/10/15 04:34:23] - ==> Building model..
[2025/10/15 04:34:45] - Test Loss 	 Test Acc 	 PGD Loss 	 PGD Acc
[2025/10/15 04:34:45] - 2.5440 	 	 0.5153 	 2.8502 	 0.2789
[2025/10/15 04:35:26] - 51 	 21.0 	 	 0.2000 	 4.0892 	 0.2754
[2025/10/15 04:35:26] - ==> Building model..
[2025/10/15 04:35:45] - Test Loss 	 Test Acc 	 PGD Loss 	 PGD Acc
[2025/10/15 04:35:45] - 2.5447 	 	 0.5149 	 2.8509 	 0.2787
[2025/10/15 04:36:21] - 52 	 17.1 	 	 0.2000 	 4.0880 	 0.2774
[2025/10/15 04:36:21] - ==> Building model..
[2025/10/15 04:36:40] - Test Loss 	 Test Acc 	 PGD Loss 	 PGD Acc
[2025/10/15 04:36:40] - 2.5438 	 	 0.5155 	 2.8501 	 0.2787
[2025/10/15 04:37:20] - 53 	 20.3 	 	 0.2000 	 4.0877 	 0.2780
[2025/10/15 04:37:20] - ==> Building model..
[2025/10/15 04:37:40] - Test Loss 	 Test Acc 	 PGD Loss 	 PGD Acc
[2025/10/15 04:37:40] - 2.5443 	 	 0.5142 	 2.8497 	 0.2792
[2025/10/15 04:38:20] - 54 	 20.7 	 	 0.2000 	 4.0905 	 0.2747
[2025/10/15 04:38:20] - ==> Building model..
[2025/10/15 04:38:40] - Test Loss 	 Test Acc 	 PGD Loss 	 PGD Acc
[2025/10/15 04:38:40] - 2.5415 	 	 0.5159 	 2.8473 	 0.2789
[2025/10/15 04:39:20] - 55 	 21.0 	 	 0.2000 	 4.0883 	 0.2763
[2025/10/15 04:39:20] - ==> Building model..
[2025/10/15 04:39:41] - Test Loss 	 Test Acc 	 PGD Loss 	 PGD Acc
[2025/10/15 04:39:41] - 2.5396 	 	 0.5175 	 2.8455 	 0.2791
[2025/10/15 04:40:21] - 56 	 20.9 	 	 0.2000 	 4.0895 	 0.2780
[2025/10/15 04:40:21] - ==> Building model..
[2025/10/15 04:40:43] - Test Loss 	 Test Acc 	 PGD Loss 	 PGD Acc
[2025/10/15 04:40:43] - 2.5405 	 	 0.5190 	 2.8459 	 0.2805
[2025/10/15 04:41:23] - 57 	 20.9 	 	 0.2000 	 4.0911 	 0.2788
[2025/10/15 04:41:23] - ==> Building model..
[2025/10/15 04:41:45] - Test Loss 	 Test Acc 	 PGD Loss 	 PGD Acc
[2025/10/15 04:41:45] - 2.5408 	 	 0.5181 	 2.8457 	 0.2802
[2025/10/15 04:42:26] - 58 	 21.0 	 	 0.2000 	 4.0902 	 0.2784
[2025/10/15 04:42:26] - ==> Building model..
[2025/10/15 04:42:47] - Test Loss 	 Test Acc 	 PGD Loss 	 PGD Acc
[2025/10/15 04:42:47] - 2.5443 	 	 0.5176 	 2.8480 	 0.2804
[2025/10/15 04:43:28] - 59 	 20.7 	 	 0.2000 	 4.0915 	 0.2772
[2025/10/15 04:43:28] - ==> Building model..
[2025/10/15 04:43:49] - Test Loss 	 Test Acc 	 PGD Loss 	 PGD Acc
[2025/10/15 04:43:49] - 2.5466 	 	 0.5175 	 2.8498 	 0.2807
[2025/10/15 04:44:29] - 60 	 20.5 	 	 0.2000 	 4.0913 	 0.2802
[2025/10/15 04:44:29] - ==> Building model..
[2025/10/15 04:44:52] - Test Loss 	 Test Acc 	 PGD Loss 	 PGD Acc
[2025/10/15 04:44:52] - 2.5489 	 	 0.5172 	 2.8519 	 0.2814
[2025/10/15 04:45:32] - 61 	 20.1 	 	 0.2000 	 4.0917 	 0.2763
[2025/10/15 04:45:32] - ==> Building model..
[2025/10/15 04:45:49] - Test Loss 	 Test Acc 	 PGD Loss 	 PGD Acc
[2025/10/15 04:45:49] - 2.5540 	 	 0.5170 	 2.8544 	 0.2811
[2025/10/15 04:46:31] - 62 	 22.0 	 	 0.2000 	 4.0919 	 0.2763
[2025/10/15 04:46:31] - ==> Building model..
[2025/10/15 04:46:54] - Test Loss 	 Test Acc 	 PGD Loss 	 PGD Acc
[2025/10/15 04:46:54] - 2.5563 	 	 0.5177 	 2.8564 	 0.2809
[2025/10/15 04:47:35] - 63 	 21.9 	 	 0.2000 	 4.0926 	 0.2767
[2025/10/15 04:47:35] - ==> Building model..
[2025/10/15 04:47:57] - Test Loss 	 Test Acc 	 PGD Loss 	 PGD Acc
[2025/10/15 04:47:57] - 2.5608 	 	 0.5163 	 2.8590 	 0.2817
[2025/10/15 04:48:38] - 64 	 20.8 	 	 0.2000 	 4.0916 	 0.2794
[2025/10/15 04:48:38] - ==> Building model..
[2025/10/15 04:49:00] - Test Loss 	 Test Acc 	 PGD Loss 	 PGD Acc
[2025/10/15 04:49:00] - 2.5637 	 	 0.5159 	 2.8609 	 0.2801
[2025/10/15 04:49:40] - 65 	 20.0 	 	 0.2000 	 4.0909 	 0.2784
[2025/10/15 04:49:40] - ==> Building model..
[2025/10/15 04:50:01] - Test Loss 	 Test Acc 	 PGD Loss 	 PGD Acc
[2025/10/15 04:50:01] - 2.5669 	 	 0.5175 	 2.8633 	 0.2812
[2025/10/15 04:50:41] - 66 	 20.6 	 	 0.2000 	 4.0905 	 0.2778
[2025/10/15 04:50:41] - ==> Building model..
[2025/10/15 04:51:03] - Test Loss 	 Test Acc 	 PGD Loss 	 PGD Acc
[2025/10/15 04:51:03] - 2.5688 	 	 0.5167 	 2.8650 	 0.2811
[2025/10/15 04:51:43] - 67 	 20.1 	 	 0.2000 	 4.0922 	 0.2782
[2025/10/15 04:51:43] - ==> Building model..
[2025/10/15 04:52:03] - Test Loss 	 Test Acc 	 PGD Loss 	 PGD Acc
[2025/10/15 04:52:03] - 2.5720 	 	 0.5164 	 2.8670 	 0.2804
[2025/10/15 04:52:44] - 68 	 20.8 	 	 0.2000 	 4.0911 	 0.2774
[2025/10/15 04:52:44] - ==> Building model..
[2025/10/15 04:53:05] - Test Loss 	 Test Acc 	 PGD Loss 	 PGD Acc
[2025/10/15 04:53:05] - 2.5740 	 	 0.5152 	 2.8684 	 0.2799
[2025/10/15 04:53:44] - 69 	 20.6 	 	 0.2000 	 4.0917 	 0.2786
[2025/10/15 04:53:44] - ==> Building model..
[2025/10/15 04:54:06] - Test Loss 	 Test Acc 	 PGD Loss 	 PGD Acc
[2025/10/15 04:54:06] - 2.5767 	 	 0.5162 	 2.8704 	 0.2807
[2025/10/15 04:54:46] - 70 	 21.2 	 	 0.2000 	 4.0939 	 0.2762
[2025/10/15 04:54:46] - ==> Building model..
[2025/10/15 04:55:08] - Test Loss 	 Test Acc 	 PGD Loss 	 PGD Acc
[2025/10/15 04:55:08] - 2.5823 	 	 0.5163 	 2.8745 	 0.2811
[2025/10/15 04:55:48] - 71 	 20.5 	 	 0.2000 	 4.0916 	 0.2776
[2025/10/15 04:55:48] - ==> Building model..
[2025/10/15 04:56:07] - Test Loss 	 Test Acc 	 PGD Loss 	 PGD Acc
[2025/10/15 04:56:07] - 2.5860 	 	 0.5156 	 2.8776 	 0.2815
[2025/10/15 04:56:47] - 72 	 20.5 	 	 0.2000 	 4.0921 	 0.2767
[2025/10/15 04:56:47] - ==> Building model..
[2025/10/15 04:57:07] - Test Loss 	 Test Acc 	 PGD Loss 	 PGD Acc
[2025/10/15 04:57:07] - 2.5884 	 	 0.5165 	 2.8800 	 0.2811
[2025/10/15 04:57:45] - 73 	 18.9 	 	 0.2000 	 4.0914 	 0.2777
[2025/10/15 04:57:45] - ==> Building model..
[2025/10/15 04:58:06] - Test Loss 	 Test Acc 	 PGD Loss 	 PGD Acc
[2025/10/15 04:58:06] - 2.5904 	 	 0.5173 	 2.8816 	 0.2807
[2025/10/15 04:58:46] - 74 	 20.9 	 	 0.2000 	 4.0929 	 0.2760
[2025/10/15 04:58:46] - ==> Building model..
[2025/10/15 04:59:07] - Test Loss 	 Test Acc 	 PGD Loss 	 PGD Acc
[2025/10/15 04:59:07] - 2.5913 	 	 0.5162 	 2.8821 	 0.2822
[2025/10/15 04:59:47] - 75 	 20.1 	 	 0.2000 	 4.0918 	 0.2784
[2025/10/15 04:59:47] - ==> Building model..
[2025/10/15 05:00:08] - Test Loss 	 Test Acc 	 PGD Loss 	 PGD Acc
[2025/10/15 05:00:08] - 2.5929 	 	 0.5164 	 2.8830 	 0.2831
[2025/10/15 05:00:49] - 76 	 21.1 	 	 0.2000 	 4.0920 	 0.2778
[2025/10/15 05:00:49] - ==> Building model..
[2025/10/15 05:01:10] - Test Loss 	 Test Acc 	 PGD Loss 	 PGD Acc
[2025/10/15 05:01:10] - 2.5937 	 	 0.5152 	 2.8837 	 0.2820
[2025/10/15 05:01:48] - 77 	 18.5 	 	 0.2000 	 4.0914 	 0.2774
[2025/10/15 05:01:48] - ==> Building model..
[2025/10/15 05:02:10] - Test Loss 	 Test Acc 	 PGD Loss 	 PGD Acc
[2025/10/15 05:02:10] - 2.5961 	 	 0.5148 	 2.8850 	 0.2826
[2025/10/15 05:02:49] - 78 	 20.4 	 	 0.2000 	 4.0916 	 0.2786
[2025/10/15 05:02:49] - ==> Building model..
[2025/10/15 05:03:10] - Test Loss 	 Test Acc 	 PGD Loss 	 PGD Acc
[2025/10/15 05:03:10] - 2.5966 	 	 0.5144 	 2.8849 	 0.2821
[2025/10/15 05:03:50] - 79 	 20.9 	 	 0.2000 	 4.0903 	 0.2792
[2025/10/15 05:03:50] - ==> Building model..
[2025/10/15 05:04:11] - Test Loss 	 Test Acc 	 PGD Loss 	 PGD Acc
[2025/10/15 05:04:11] - 2.5964 	 	 0.5151 	 2.8853 	 0.2817
[2025/10/15 05:04:50] - 80 	 19.7 	 	 0.2000 	 4.0904 	 0.2790
[2025/10/15 05:04:50] - ==> Building model..
[2025/10/15 05:05:11] - Test Loss 	 Test Acc 	 PGD Loss 	 PGD Acc
[2025/10/15 05:05:11] - 2.6006 	 	 0.5150 	 2.8886 	 0.2816
[2025/10/15 05:05:51] - 81 	 20.7 	 	 0.2000 	 4.0908 	 0.2778
[2025/10/15 05:05:51] - ==> Building model..
[2025/10/15 05:06:12] - Test Loss 	 Test Acc 	 PGD Loss 	 PGD Acc
[2025/10/15 05:06:12] - 2.6029 	 	 0.5131 	 2.8903 	 0.2818
[2025/10/15 05:06:51] - 82 	 20.1 	 	 0.2000 	 4.0916 	 0.2796
[2025/10/15 05:06:51] - ==> Building model..
[2025/10/15 05:07:12] - Test Loss 	 Test Acc 	 PGD Loss 	 PGD Acc
[2025/10/15 05:07:12] - 2.6019 	 	 0.5141 	 2.8902 	 0.2822
[2025/10/15 05:07:51] - 83 	 19.3 	 	 0.2000 	 4.0883 	 0.2798
[2025/10/15 05:07:51] - ==> Building model..
[2025/10/15 05:08:12] - Test Loss 	 Test Acc 	 PGD Loss 	 PGD Acc
[2025/10/15 05:08:12] - 2.6020 	 	 0.5140 	 2.8897 	 0.2825
[2025/10/15 05:08:50] - 84 	 19.0 	 	 0.2000 	 4.0912 	 0.2786
[2025/10/15 05:08:50] - ==> Building model..
[2025/10/15 05:09:10] - Test Loss 	 Test Acc 	 PGD Loss 	 PGD Acc
[2025/10/15 05:09:10] - 2.6016 	 	 0.5135 	 2.8895 	 0.2824
[2025/10/15 05:09:50] - 85 	 20.8 	 	 0.2000 	 4.0911 	 0.2786
[2025/10/15 05:09:50] - ==> Building model..
[2025/10/15 05:10:10] - Test Loss 	 Test Acc 	 PGD Loss 	 PGD Acc
[2025/10/15 05:10:10] - 2.6023 	 	 0.5138 	 2.8900 	 0.2832
[2025/10/15 05:10:49] - 86 	 19.5 	 	 0.2000 	 4.0906 	 0.2803
[2025/10/15 05:10:49] - ==> Building model..
[2025/10/15 05:11:06] - Test Loss 	 Test Acc 	 PGD Loss 	 PGD Acc
[2025/10/15 05:11:06] - 2.6042 	 	 0.5133 	 2.8922 	 0.2825
[2025/10/15 05:11:47] - 87 	 20.2 	 	 0.2000 	 4.0901 	 0.2787
[2025/10/15 05:11:47] - ==> Building model..
[2025/10/15 05:12:09] - Test Loss 	 Test Acc 	 PGD Loss 	 PGD Acc
[2025/10/15 05:12:09] - 2.6045 	 	 0.5148 	 2.8921 	 0.2838
[2025/10/15 05:12:49] - 88 	 20.5 	 	 0.2000 	 4.0911 	 0.2779
[2025/10/15 05:12:49] - ==> Building model..
[2025/10/15 05:13:10] - Test Loss 	 Test Acc 	 PGD Loss 	 PGD Acc
[2025/10/15 05:13:10] - 2.6050 	 	 0.5146 	 2.8926 	 0.2829
[2025/10/15 05:13:51] - 89 	 21.9 	 	 0.2000 	 4.0894 	 0.2809
[2025/10/15 05:13:51] - ==> Building model..
[2025/10/15 05:14:12] - Test Loss 	 Test Acc 	 PGD Loss 	 PGD Acc
[2025/10/15 05:14:12] - 2.6063 	 	 0.5149 	 2.8941 	 0.2836
[2025/10/15 05:14:52] - 90 	 20.4 	 	 0.0200 	 3.9941 	 0.3433
[2025/10/15 05:14:52] - ==> Building model..
[2025/10/15 05:15:13] - Test Loss 	 Test Acc 	 PGD Loss 	 PGD Acc
[2025/10/15 05:15:13] - 2.6045 	 	 0.5155 	 2.8927 	 0.2833
[2025/10/15 05:15:53] - 91 	 18.8 	 	 0.0200 	 3.9013 	 0.4024
[2025/10/15 05:15:53] - ==> Building model..
[2025/10/15 05:16:15] - Test Loss 	 Test Acc 	 PGD Loss 	 PGD Acc
[2025/10/15 05:16:15] - 2.6024 	 	 0.5163 	 2.8912 	 0.2832
[2025/10/15 05:16:56] - 92 	 21.6 	 	 0.0200 	 3.8745 	 0.4205
[2025/10/15 05:16:56] - ==> Building model..
[2025/10/15 05:17:18] - Test Loss 	 Test Acc 	 PGD Loss 	 PGD Acc
[2025/10/15 05:17:18] - 2.6023 	 	 0.5163 	 2.8915 	 0.2834
[2025/10/15 05:17:57] - 93 	 20.3 	 	 0.0200 	 3.8574 	 0.4311
[2025/10/15 05:17:57] - ==> Building model..
[2025/10/15 05:18:17] - Test Loss 	 Test Acc 	 PGD Loss 	 PGD Acc
[2025/10/15 05:18:17] - 2.6029 	 	 0.5158 	 2.8921 	 0.2838
[2025/10/15 05:18:56] - 94 	 19.8 	 	 0.0200 	 3.8425 	 0.4436
[2025/10/15 05:18:56] - ==> Building model..
[2025/10/15 05:19:17] - Test Loss 	 Test Acc 	 PGD Loss 	 PGD Acc
[2025/10/15 05:19:17] - 2.6039 	 	 0.5156 	 2.8931 	 0.2841
[2025/10/15 05:19:57] - 95 	 20.2 	 	 0.0200 	 3.8301 	 0.4510
[2025/10/15 05:19:57] - ==> Building model..
[2025/10/15 05:20:18] - Test Loss 	 Test Acc 	 PGD Loss 	 PGD Acc
[2025/10/15 05:20:18] - 2.6075 	 	 0.5160 	 2.8957 	 0.2837
[2025/10/15 05:20:55] - 96 	 17.6 	 	 0.0200 	 3.8193 	 0.4604
[2025/10/15 05:20:55] - ==> Building model..
[2025/10/15 05:21:17] - Test Loss 	 Test Acc 	 PGD Loss 	 PGD Acc
[2025/10/15 05:21:17] - 2.6105 	 	 0.5154 	 2.8980 	 0.2836
[2025/10/15 05:21:53] - 97 	 16.9 	 	 0.0200 	 3.8107 	 0.4670
[2025/10/15 05:21:53] - ==> Building model..
[2025/10/15 05:22:12] - Test Loss 	 Test Acc 	 PGD Loss 	 PGD Acc
[2025/10/15 05:22:12] - 2.6133 	 	 0.5152 	 2.9009 	 0.2839
[2025/10/15 05:22:50] - 98 	 18.9 	 	 0.0200 	 3.8027 	 0.4741
[2025/10/15 05:22:50] - ==> Building model..
[2025/10/15 05:23:05] - Test Loss 	 Test Acc 	 PGD Loss 	 PGD Acc
[2025/10/15 05:23:05] - 2.6154 	 	 0.5151 	 2.9025 	 0.2841
[2025/10/15 05:23:45] - 99 	 19.5 	 	 0.0200 	 3.7951 	 0.4781
[2025/10/15 05:23:45] - ==> Building model..
[2025/10/15 05:24:06] - Test Loss 	 Test Acc 	 PGD Loss 	 PGD Acc
[2025/10/15 05:24:06] - 2.6167 	 	 0.5151 	 2.9034 	 0.2840
[2025/10/15 05:24:06] - [0.0913, 0.1457, 0.194, 0.239, 0.271, 0.3007, 0.3506, 0.386, 0.403, 0.4203, 0.4304, 0.4425, 0.4492, 0.4534, 0.4605, 0.4688, 0.4688, 0.475, 0.4761, 0.4803, 0.4844, 0.4869, 0.4898, 0.4916, 0.4934, 0.4931, 0.4981, 0.4976, 0.4991, 0.4984, 0.5015, 0.5023, 0.5023, 0.5042, 0.5033, 0.5042, 0.5038, 0.5044, 0.5055, 0.5073, 0.5077, 0.5081, 0.5087, 0.5099, 0.5123, 0.5125, 0.5117, 0.5132, 0.5144, 0.5142, 0.5153, 0.5149, 0.5155, 0.5142, 0.5159, 0.5175, 0.519, 0.5181, 0.5176, 0.5175, 0.5172, 0.517, 0.5177, 0.5163, 0.5159, 0.5175, 0.5167, 0.5164, 0.5152, 0.5162, 0.5163, 0.5156, 0.5165, 0.5173, 0.5162, 0.5164, 0.5152, 0.5148, 0.5144, 0.5151, 0.515, 0.5131, 0.5141, 0.514, 0.5135, 0.5138, 0.5133, 0.5148, 0.5146, 0.5149, 0.5155, 0.5163, 0.5163, 0.5158, 0.5156, 0.516, 0.5154, 0.5152, 0.5151, 0.5151]
[2025/10/15 05:24:06] - [0.0605, 0.0927, 0.1187, 0.1409, 0.1608, 0.1751, 0.1953, 0.2088, 0.218, 0.2255, 0.2317, 0.2353, 0.2399, 0.2425, 0.2469, 0.2506, 0.2542, 0.2554, 0.2581, 0.2606, 0.2595, 0.2604, 0.2602, 0.2617, 0.2631, 0.2641, 0.2669, 0.2673, 0.2698, 0.2706, 0.2709, 0.2695, 0.2729, 0.2732, 0.274, 0.2725, 0.2755, 0.276, 0.2737, 0.2754, 0.2762, 0.2762, 0.2768, 0.2763, 0.2773, 0.2775, 0.2789, 0.2775, 0.2783, 0.2784, 0.2789, 0.2787, 0.2787, 0.2792, 0.2789, 0.2791, 0.2805, 0.2802, 0.2804, 0.2807, 0.2814, 0.2811, 0.2809, 0.2817, 0.2801, 0.2812, 0.2811, 0.2804, 0.2799, 0.2807, 0.2811, 0.2815, 0.2811, 0.2807, 0.2822, 0.2831, 0.282, 0.2826, 0.2821, 0.2817, 0.2816, 0.2818, 0.2822, 0.2825, 0.2824, 0.2832, 0.2825, 0.2838, 0.2829, 0.2836, 0.2833, 0.2832, 0.2834, 0.2838, 0.2841, 0.2837, 0.2836, 0.2839, 0.2841, 0.284]
