[2025/09/18 13:22:40] - Namespace(batch_size=128, data_dir='cifar-data', epochs=100, lr_schedule='multistep', lr_min=0.0, lr_max=0.2, weight_decay=0.0005, momentum=0.9, model='ResNet18', epsilon=8, alpha=8, delta_init='random', normal_mean=0, normal_std=1, out_dir='./output/', seed=0, lamda=42, lam_scale=0.008, gamma=0.05, inner_gamma=0.05, beta=0.2, mu=3.5, batch_m=0.75, early_stop=False, factor=0.5, length=4, n_holes=1, c_num=0.125, EMA_value=0.55)
[2025/09/18 13:22:46] - ==> Building model..
[2025/09/18 13:22:46] - Epoch 	 Seconds 	 LR 	 	 Train Loss 	 Train Acc
[2025/09/18 13:23:54] - 0 	 31.5 	 	 0.0100 	 4.6438 	 0.0257
[2025/09/18 13:23:54] - ==> Building model..
[2025/09/18 13:24:17] - Test Loss 	 Test Acc 	 PGD Loss 	 PGD Acc
[2025/09/18 13:24:17] - 4.2552 	 	 0.0814 	 4.2747 	 0.0466
[2025/09/18 13:25:23] - 1 	 28.6 	 	 0.0199 	 4.4887 	 0.0647
[2025/09/18 13:25:23] - ==> Building model..
[2025/09/18 13:25:46] - Test Loss 	 Test Acc 	 PGD Loss 	 PGD Acc
[2025/09/18 13:25:46] - 4.0275 	 	 0.1353 	 4.0612 	 0.0799
[2025/09/18 13:26:48] - 2 	 27.0 	 	 0.0299 	 4.4310 	 0.0976
[2025/09/18 13:26:48] - ==> Building model..
[2025/09/18 13:27:11] - Test Loss 	 Test Acc 	 PGD Loss 	 PGD Acc
[2025/09/18 13:27:11] - 3.8568 	 	 0.1830 	 3.9058 	 0.1085
[2025/09/18 13:28:14] - 3 	 27.0 	 	 0.0399 	 4.3853 	 0.1178
[2025/09/18 13:28:14] - ==> Building model..
[2025/09/18 13:28:38] - Test Loss 	 Test Acc 	 PGD Loss 	 PGD Acc
[2025/09/18 13:28:38] - 3.6882 	 	 0.2178 	 3.7561 	 0.1274
[2025/09/18 13:29:39] - 4 	 26.2 	 	 0.0499 	 4.3472 	 0.1399
[2025/09/18 13:29:39] - ==> Building model..
[2025/09/18 13:30:05] - Test Loss 	 Test Acc 	 PGD Loss 	 PGD Acc
[2025/09/18 13:30:05] - 3.5623 	 	 0.2476 	 3.6478 	 0.1426
[2025/09/18 13:31:07] - 5 	 26.0 	 	 0.0598 	 4.3102 	 0.1599
[2025/09/18 13:31:07] - ==> Building model..
[2025/09/18 13:31:32] - Test Loss 	 Test Acc 	 PGD Loss 	 PGD Acc
[2025/09/18 13:31:32] - 3.4369 	 	 0.2815 	 3.5426 	 0.1620
[2025/09/18 13:32:33] - 6 	 25.8 	 	 0.0698 	 4.2742 	 0.1764
[2025/09/18 13:32:33] - ==> Building model..
[2025/09/18 13:32:59] - Test Loss 	 Test Acc 	 PGD Loss 	 PGD Acc
[2025/09/18 13:32:59] - 3.3084 	 	 0.3142 	 3.4362 	 0.1796
[2025/09/18 13:34:02] - 7 	 26.8 	 	 0.0798 	 4.2398 	 0.1951
[2025/09/18 13:34:02] - ==> Building model..
[2025/09/18 13:34:28] - Test Loss 	 Test Acc 	 PGD Loss 	 PGD Acc
[2025/09/18 13:34:28] - 3.1964 	 	 0.3478 	 3.3486 	 0.1925
[2025/09/18 13:35:27] - 8 	 25.5 	 	 0.0898 	 4.2086 	 0.2121
[2025/09/18 13:35:27] - ==> Building model..
[2025/09/18 13:35:51] - Test Loss 	 Test Acc 	 PGD Loss 	 PGD Acc
[2025/09/18 13:35:51] - 3.0905 	 	 0.3778 	 3.2654 	 0.2057
[2025/09/18 13:36:45] - 9 	 23.9 	 	 0.0997 	 4.1815 	 0.2283
[2025/09/18 13:36:45] - ==> Building model..
[2025/09/18 13:37:08] - Test Loss 	 Test Acc 	 PGD Loss 	 PGD Acc
[2025/09/18 13:37:08] - 3.0171 	 	 0.4028 	 3.2093 	 0.2129
[2025/09/18 13:38:05] - 10 	 25.4 	 	 0.1097 	 4.1594 	 0.2375
[2025/09/18 13:38:05] - ==> Building model..
[2025/09/18 13:38:27] - Test Loss 	 Test Acc 	 PGD Loss 	 PGD Acc
[2025/09/18 13:38:27] - 2.9700 	 	 0.4218 	 3.1781 	 0.2229
[2025/09/18 13:39:24] - 11 	 25.9 	 	 0.1197 	 4.1419 	 0.2471
[2025/09/18 13:39:24] - ==> Building model..
[2025/09/18 13:39:46] - Test Loss 	 Test Acc 	 PGD Loss 	 PGD Acc
[2025/09/18 13:39:46] - 2.9322 	 	 0.4379 	 3.1523 	 0.2313
[2025/09/18 13:40:44] - 12 	 26.5 	 	 0.1297 	 4.1248 	 0.2578
[2025/09/18 13:40:44] - ==> Building model..
[2025/09/18 13:41:06] - Test Loss 	 Test Acc 	 PGD Loss 	 PGD Acc
[2025/09/18 13:41:06] - 2.9311 	 	 0.4446 	 3.1560 	 0.2348
[2025/09/18 13:42:04] - 13 	 26.3 	 	 0.1396 	 4.1122 	 0.2648
[2025/09/18 13:42:04] - ==> Building model..
[2025/09/18 13:42:27] - Test Loss 	 Test Acc 	 PGD Loss 	 PGD Acc
[2025/09/18 13:42:27] - 2.9453 	 	 0.4499 	 3.1710 	 0.2369
[2025/09/18 13:43:28] - 14 	 27.6 	 	 0.1496 	 4.0987 	 0.2729
[2025/09/18 13:43:28] - ==> Building model..
[2025/09/18 13:43:50] - Test Loss 	 Test Acc 	 PGD Loss 	 PGD Acc
[2025/09/18 13:43:50] - 3.0109 	 	 0.4471 	 3.2298 	 0.2353
[2025/09/18 13:44:48] - 15 	 27.3 	 	 0.1596 	 4.0865 	 0.2799
[2025/09/18 13:44:48] - ==> Building model..
[2025/09/18 13:45:10] - Test Loss 	 Test Acc 	 PGD Loss 	 PGD Acc
[2025/09/18 13:45:10] - 3.0729 	 	 0.4429 	 3.2833 	 0.2331
[2025/09/18 13:46:07] - 16 	 26.8 	 	 0.1696 	 4.0776 	 0.2850
[2025/09/18 13:46:07] - ==> Building model..
[2025/09/18 13:46:29] - Test Loss 	 Test Acc 	 PGD Loss 	 PGD Acc
[2025/09/18 13:46:29] - 3.1591 	 	 0.4285 	 3.3553 	 0.2240
[2025/09/18 13:47:28] - 17 	 26.9 	 	 0.1795 	 4.0725 	 0.2867
[2025/09/18 13:47:28] - ==> Building model..
[2025/09/18 13:47:50] - Test Loss 	 Test Acc 	 PGD Loss 	 PGD Acc
[2025/09/18 13:47:50] - 3.2439 	 	 0.4135 	 3.4261 	 0.2152
[2025/09/18 13:48:50] - 18 	 26.9 	 	 0.1895 	 4.0654 	 0.2908
[2025/09/18 13:48:50] - ==> Building model..
[2025/09/18 13:49:11] - Test Loss 	 Test Acc 	 PGD Loss 	 PGD Acc
[2025/09/18 13:49:11] - 3.3007 	 	 0.4045 	 3.4738 	 0.2093
[2025/09/18 13:50:05] - 19 	 24.2 	 	 0.1995 	 4.0609 	 0.2940
[2025/09/18 13:50:05] - ==> Building model..
[2025/09/18 13:50:31] - Test Loss 	 Test Acc 	 PGD Loss 	 PGD Acc
[2025/09/18 13:50:31] - 3.3057 	 	 0.4030 	 3.4778 	 0.2093
[2025/09/18 13:51:27] - 20 	 24.8 	 	 0.1976 	 4.0533 	 0.2994
[2025/09/18 13:51:27] - ==> Building model..
[2025/09/18 13:51:51] - Test Loss 	 Test Acc 	 PGD Loss 	 PGD Acc
[2025/09/18 13:51:51] - 3.2755 	 	 0.4103 	 3.4539 	 0.2121
[2025/09/18 13:52:44] - 21 	 24.1 	 	 0.1951 	 4.0463 	 0.3036
[2025/09/18 13:52:44] - ==> Building model..
[2025/09/18 13:53:05] - Test Loss 	 Test Acc 	 PGD Loss 	 PGD Acc
[2025/09/18 13:53:05] - 3.2021 	 	 0.4234 	 3.3946 	 0.2236
[2025/09/18 13:54:03] - 22 	 26.1 	 	 0.1926 	 4.0404 	 0.3076
[2025/09/18 13:54:03] - ==> Building model..
[2025/09/18 13:54:24] - Test Loss 	 Test Acc 	 PGD Loss 	 PGD Acc
[2025/09/18 13:54:24] - 3.0949 	 	 0.4455 	 3.3089 	 0.2371
[2025/09/18 13:55:21] - 23 	 25.9 	 	 0.1902 	 4.0342 	 0.3109
[2025/09/18 13:55:21] - ==> Building model..
[2025/09/18 13:55:42] - Test Loss 	 Test Acc 	 PGD Loss 	 PGD Acc
[2025/09/18 13:55:42] - 2.9930 	 	 0.4654 	 3.2264 	 0.2481
[2025/09/18 13:56:38] - 24 	 25.7 	 	 0.1877 	 4.0266 	 0.3138
[2025/09/18 13:56:38] - ==> Building model..
[2025/09/18 13:56:59] - Test Loss 	 Test Acc 	 PGD Loss 	 PGD Acc
[2025/09/18 13:56:59] - 2.8889 	 	 0.4857 	 3.1427 	 0.2567
[2025/09/18 13:57:56] - 25 	 25.8 	 	 0.1852 	 4.0191 	 0.3203
[2025/09/18 13:57:56] - ==> Building model..
[2025/09/18 13:58:17] - Test Loss 	 Test Acc 	 PGD Loss 	 PGD Acc
[2025/09/18 13:58:17] - 2.7925 	 	 0.4988 	 3.0643 	 0.2656
[2025/09/18 13:59:14] - 26 	 25.7 	 	 0.1827 	 4.0132 	 0.3255
[2025/09/18 13:59:14] - ==> Building model..
[2025/09/18 13:59:36] - Test Loss 	 Test Acc 	 PGD Loss 	 PGD Acc
[2025/09/18 13:59:36] - 2.7301 	 	 0.5059 	 3.0131 	 0.2704
[2025/09/18 14:00:33] - 27 	 25.1 	 	 0.1802 	 4.0082 	 0.3288
[2025/09/18 14:00:33] - ==> Building model..
[2025/09/18 14:00:56] - Test Loss 	 Test Acc 	 PGD Loss 	 PGD Acc
[2025/09/18 14:00:56] - 2.6765 	 	 0.5151 	 2.9704 	 0.2730
[2025/09/18 14:01:52] - 28 	 24.3 	 	 0.1777 	 4.0042 	 0.3270
[2025/09/18 14:01:52] - ==> Building model..
[2025/09/18 14:02:17] - Test Loss 	 Test Acc 	 PGD Loss 	 PGD Acc
[2025/09/18 14:02:17] - 2.6251 	 	 0.5225 	 2.9278 	 0.2802
[2025/09/18 14:03:12] - 29 	 23.9 	 	 0.1752 	 3.9976 	 0.3337
[2025/09/18 14:03:12] - ==> Building model..
[2025/09/18 14:03:36] - Test Loss 	 Test Acc 	 PGD Loss 	 PGD Acc
[2025/09/18 14:03:36] - 2.5834 	 	 0.5311 	 2.8934 	 0.2827
[2025/09/18 14:04:32] - 30 	 24.8 	 	 0.1727 	 3.9942 	 0.3331
[2025/09/18 14:04:32] - ==> Building model..
[2025/09/18 14:04:55] - Test Loss 	 Test Acc 	 PGD Loss 	 PGD Acc
[2025/09/18 14:04:55] - 2.5439 	 	 0.5359 	 2.8619 	 0.2852
[2025/09/18 14:05:51] - 31 	 25.3 	 	 0.1702 	 3.9894 	 0.3399
[2025/09/18 14:05:51] - ==> Building model..
[2025/09/18 14:06:12] - Test Loss 	 Test Acc 	 PGD Loss 	 PGD Acc
[2025/09/18 14:06:12] - 2.5097 	 	 0.5406 	 2.8344 	 0.2880
[2025/09/18 14:07:08] - 32 	 25.5 	 	 0.1677 	 3.9843 	 0.3402
[2025/09/18 14:07:08] - ==> Building model..
[2025/09/18 14:07:28] - Test Loss 	 Test Acc 	 PGD Loss 	 PGD Acc
[2025/09/18 14:07:28] - 2.4780 	 	 0.5452 	 2.8086 	 0.2885
[2025/09/18 14:08:25] - 33 	 26.0 	 	 0.1652 	 3.9798 	 0.3433
[2025/09/18 14:08:25] - ==> Building model..
[2025/09/18 14:08:46] - Test Loss 	 Test Acc 	 PGD Loss 	 PGD Acc
[2025/09/18 14:08:46] - 2.4508 	 	 0.5514 	 2.7872 	 0.2904
[2025/09/18 14:09:44] - 34 	 26.1 	 	 0.1627 	 3.9755 	 0.3484
[2025/09/18 14:09:44] - ==> Building model..
[2025/09/18 14:10:05] - Test Loss 	 Test Acc 	 PGD Loss 	 PGD Acc
[2025/09/18 14:10:05] - 2.4282 	 	 0.5541 	 2.7684 	 0.2921
[2025/09/18 14:11:01] - 35 	 25.6 	 	 0.1602 	 3.9687 	 0.3529
[2025/09/18 14:11:01] - ==> Building model..
[2025/09/18 14:11:23] - Test Loss 	 Test Acc 	 PGD Loss 	 PGD Acc
[2025/09/18 14:11:23] - 2.4132 	 	 0.5580 	 2.7567 	 0.2932
[2025/09/18 14:12:24] - 36 	 28.2 	 	 0.1577 	 3.9662 	 0.3526
[2025/09/18 14:12:24] - ==> Building model..
[2025/09/18 14:12:45] - Test Loss 	 Test Acc 	 PGD Loss 	 PGD Acc
[2025/09/18 14:12:45] - 2.3958 	 	 0.5592 	 2.7430 	 0.2954
[2025/09/18 14:13:44] - 37 	 26.2 	 	 0.1552 	 3.9622 	 0.3578
[2025/09/18 14:13:44] - ==> Building model..
[2025/09/18 14:14:06] - Test Loss 	 Test Acc 	 PGD Loss 	 PGD Acc
[2025/09/18 14:14:06] - 2.3845 	 	 0.5607 	 2.7345 	 0.2972
[2025/09/18 14:15:02] - 38 	 24.6 	 	 0.1527 	 3.9577 	 0.3572
[2025/09/18 14:15:02] - ==> Building model..
[2025/09/18 14:15:27] - Test Loss 	 Test Acc 	 PGD Loss 	 PGD Acc
[2025/09/18 14:15:27] - 2.3712 	 	 0.5628 	 2.7241 	 0.2975
[2025/09/18 14:16:23] - 39 	 24.4 	 	 0.1503 	 3.9550 	 0.3606
[2025/09/18 14:16:23] - ==> Building model..
[2025/09/18 14:16:48] - Test Loss 	 Test Acc 	 PGD Loss 	 PGD Acc
[2025/09/18 14:16:48] - 2.3586 	 	 0.5641 	 2.7149 	 0.2980
[2025/09/18 14:17:43] - 40 	 23.7 	 	 0.1478 	 3.9497 	 0.3646
[2025/09/18 14:17:43] - ==> Building model..
[2025/09/18 14:18:08] - Test Loss 	 Test Acc 	 PGD Loss 	 PGD Acc
[2025/09/18 14:18:08] - 2.3501 	 	 0.5650 	 2.7076 	 0.2986
[2025/09/18 14:19:02] - 41 	 24.0 	 	 0.1453 	 3.9480 	 0.3628
[2025/09/18 14:19:02] - ==> Building model..
[2025/09/18 14:19:25] - Test Loss 	 Test Acc 	 PGD Loss 	 PGD Acc
[2025/09/18 14:19:25] - 2.3377 	 	 0.5668 	 2.6980 	 0.2985
[2025/09/18 14:20:21] - 42 	 24.9 	 	 0.1428 	 3.9433 	 0.3671
[2025/09/18 14:20:21] - ==> Building model..
[2025/09/18 14:20:42] - Test Loss 	 Test Acc 	 PGD Loss 	 PGD Acc
[2025/09/18 14:20:42] - 2.3279 	 	 0.5690 	 2.6911 	 0.3000
[2025/09/18 14:21:41] - 43 	 26.4 	 	 0.1403 	 3.9387 	 0.3696
[2025/09/18 14:21:41] - ==> Building model..
[2025/09/18 14:22:02] - Test Loss 	 Test Acc 	 PGD Loss 	 PGD Acc
[2025/09/18 14:22:02] - 2.3196 	 	 0.5691 	 2.6841 	 0.3006
[2025/09/18 14:23:00] - 44 	 26.1 	 	 0.1378 	 3.9357 	 0.3711
[2025/09/18 14:23:00] - ==> Building model..
[2025/09/18 14:23:21] - Test Loss 	 Test Acc 	 PGD Loss 	 PGD Acc
[2025/09/18 14:23:21] - 2.3113 	 	 0.5717 	 2.6783 	 0.3002
[2025/09/18 14:24:19] - 45 	 25.9 	 	 0.1353 	 3.9289 	 0.3751
[2025/09/18 14:24:19] - ==> Building model..
[2025/09/18 14:24:41] - Test Loss 	 Test Acc 	 PGD Loss 	 PGD Acc
[2025/09/18 14:24:41] - 2.3040 	 	 0.5730 	 2.6716 	 0.3010
[2025/09/18 14:25:40] - 46 	 26.4 	 	 0.1328 	 3.9270 	 0.3775
[2025/09/18 14:25:40] - ==> Building model..
[2025/09/18 14:26:01] - Test Loss 	 Test Acc 	 PGD Loss 	 PGD Acc
[2025/09/18 14:26:01] - 2.2953 	 	 0.5743 	 2.6655 	 0.3012
[2025/09/18 14:26:57] - 47 	 25.6 	 	 0.1303 	 3.9245 	 0.3788
[2025/09/18 14:26:57] - ==> Building model..
[2025/09/18 14:27:18] - Test Loss 	 Test Acc 	 PGD Loss 	 PGD Acc
[2025/09/18 14:27:18] - 2.2873 	 	 0.5754 	 2.6593 	 0.3038
[2025/09/18 14:28:15] - 48 	 25.7 	 	 0.1278 	 3.9174 	 0.3852
[2025/09/18 14:28:15] - ==> Building model..
[2025/09/18 14:28:36] - Test Loss 	 Test Acc 	 PGD Loss 	 PGD Acc
[2025/09/18 14:28:36] - 2.2799 	 	 0.5778 	 2.6542 	 0.3042
[2025/09/18 14:29:32] - 49 	 25.0 	 	 0.1253 	 3.9142 	 0.3887
[2025/09/18 14:29:32] - ==> Building model..
[2025/09/18 14:29:53] - Test Loss 	 Test Acc 	 PGD Loss 	 PGD Acc
[2025/09/18 14:29:53] - 2.2761 	 	 0.5780 	 2.6507 	 0.3050
[2025/09/18 14:30:50] - 50 	 24.4 	 	 0.1228 	 3.9113 	 0.3882
[2025/09/18 14:30:50] - ==> Building model..
[2025/09/18 14:31:14] - Test Loss 	 Test Acc 	 PGD Loss 	 PGD Acc
[2025/09/18 14:31:14] - 2.2719 	 	 0.5789 	 2.6484 	 0.3059
[2025/09/18 14:32:13] - 51 	 25.7 	 	 0.1203 	 3.9068 	 0.3893
[2025/09/18 14:32:13] - ==> Building model..
[2025/09/18 14:32:38] - Test Loss 	 Test Acc 	 PGD Loss 	 PGD Acc
[2025/09/18 14:32:38] - 2.2656 	 	 0.5807 	 2.6437 	 0.3053
[2025/09/18 14:33:32] - 52 	 23.6 	 	 0.1178 	 3.9042 	 0.3910
[2025/09/18 14:33:32] - ==> Building model..
[2025/09/18 14:33:58] - Test Loss 	 Test Acc 	 PGD Loss 	 PGD Acc
[2025/09/18 14:33:58] - 2.2610 	 	 0.5819 	 2.6406 	 0.3058
[2025/09/18 14:34:52] - 53 	 23.7 	 	 0.1153 	 3.8997 	 0.3977
[2025/09/18 14:34:52] - ==> Building model..
[2025/09/18 14:35:16] - Test Loss 	 Test Acc 	 PGD Loss 	 PGD Acc
[2025/09/18 14:35:16] - 2.2575 	 	 0.5825 	 2.6382 	 0.3067
[2025/09/18 14:36:14] - 54 	 24.4 	 	 0.1129 	 3.8960 	 0.4003
[2025/09/18 14:36:14] - ==> Building model..
[2025/09/18 14:36:37] - Test Loss 	 Test Acc 	 PGD Loss 	 PGD Acc
[2025/09/18 14:36:37] - 2.2547 	 	 0.5832 	 2.6361 	 0.3067
[2025/09/18 14:37:35] - 55 	 26.0 	 	 0.1104 	 3.8911 	 0.4010
[2025/09/18 14:37:35] - ==> Building model..
[2025/09/18 14:37:58] - Test Loss 	 Test Acc 	 PGD Loss 	 PGD Acc
[2025/09/18 14:37:58] - 2.2496 	 	 0.5843 	 2.6322 	 0.3071
[2025/09/18 14:38:54] - 56 	 25.6 	 	 0.1079 	 3.8882 	 0.4046
[2025/09/18 14:38:54] - ==> Building model..
[2025/09/18 14:39:16] - Test Loss 	 Test Acc 	 PGD Loss 	 PGD Acc
[2025/09/18 14:39:16] - 2.2456 	 	 0.5862 	 2.6287 	 0.3068
[2025/09/18 14:40:14] - 57 	 25.6 	 	 0.1054 	 3.8832 	 0.4069
[2025/09/18 14:40:14] - ==> Building model..
[2025/09/18 14:40:36] - Test Loss 	 Test Acc 	 PGD Loss 	 PGD Acc
[2025/09/18 14:40:36] - 2.2445 	 	 0.5863 	 2.6286 	 0.3062
[2025/09/18 14:41:33] - 58 	 26.4 	 	 0.1029 	 3.8793 	 0.4101
[2025/09/18 14:41:33] - ==> Building model..
[2025/09/18 14:41:54] - Test Loss 	 Test Acc 	 PGD Loss 	 PGD Acc
[2025/09/18 14:41:54] - 2.2431 	 	 0.5883 	 2.6282 	 0.3077
[2025/09/18 14:42:51] - 59 	 25.8 	 	 0.1004 	 3.8745 	 0.4129
[2025/09/18 14:42:51] - ==> Building model..
[2025/09/18 14:43:13] - Test Loss 	 Test Acc 	 PGD Loss 	 PGD Acc
[2025/09/18 14:43:13] - 2.2412 	 	 0.5888 	 2.6257 	 0.3097
[2025/09/18 14:44:10] - 60 	 25.9 	 	 0.0979 	 3.8679 	 0.4190
[2025/09/18 14:44:10] - ==> Building model..
[2025/09/18 14:44:31] - Test Loss 	 Test Acc 	 PGD Loss 	 PGD Acc
[2025/09/18 14:44:31] - 2.2400 	 	 0.5884 	 2.6253 	 0.3101
[2025/09/18 14:45:29] - 61 	 26.8 	 	 0.0954 	 3.8658 	 0.4191
[2025/09/18 14:45:29] - ==> Building model..
[2025/09/18 14:45:53] - Test Loss 	 Test Acc 	 PGD Loss 	 PGD Acc
[2025/09/18 14:45:53] - 2.2383 	 	 0.5881 	 2.6235 	 0.3083
[2025/09/18 14:46:52] - 62 	 26.9 	 	 0.0929 	 3.8601 	 0.4237
[2025/09/18 14:46:52] - ==> Building model..
[2025/09/18 14:47:14] - Test Loss 	 Test Acc 	 PGD Loss 	 PGD Acc
[2025/09/18 14:47:14] - 2.2369 	 	 0.5885 	 2.6231 	 0.3077
[2025/09/18 14:48:12] - 63 	 26.2 	 	 0.0904 	 3.8562 	 0.4248
[2025/09/18 14:48:12] - ==> Building model..
[2025/09/18 14:48:34] - Test Loss 	 Test Acc 	 PGD Loss 	 PGD Acc
[2025/09/18 14:48:34] - 2.2357 	 	 0.5887 	 2.6218 	 0.3083
[2025/09/18 14:49:31] - 64 	 25.6 	 	 0.0879 	 3.8486 	 0.4325
[2025/09/18 14:49:31] - ==> Building model..
[2025/09/18 14:49:54] - Test Loss 	 Test Acc 	 PGD Loss 	 PGD Acc
[2025/09/18 14:49:54] - 2.2352 	 	 0.5894 	 2.6219 	 0.3095
[2025/09/18 14:50:51] - 65 	 24.9 	 	 0.0854 	 3.8443 	 0.4332
[2025/09/18 14:50:51] - ==> Building model..
[2025/09/18 14:51:14] - Test Loss 	 Test Acc 	 PGD Loss 	 PGD Acc
[2025/09/18 14:51:14] - 2.2345 	 	 0.5900 	 2.6208 	 0.3088
[2025/09/18 14:52:07] - 66 	 22.9 	 	 0.0829 	 3.8387 	 0.4388
[2025/09/18 14:52:07] - ==> Building model..
[2025/09/18 14:52:32] - Test Loss 	 Test Acc 	 PGD Loss 	 PGD Acc
[2025/09/18 14:52:32] - 2.2341 	 	 0.5905 	 2.6222 	 0.3096
[2025/09/18 14:53:25] - 67 	 23.4 	 	 0.0804 	 3.8341 	 0.4418
[2025/09/18 14:53:25] - ==> Building model..
[2025/09/18 14:53:46] - Test Loss 	 Test Acc 	 PGD Loss 	 PGD Acc
[2025/09/18 14:53:46] - 2.2340 	 	 0.5908 	 2.6216 	 0.3095
[2025/09/18 14:54:42] - 68 	 24.8 	 	 0.0779 	 3.8285 	 0.4468
[2025/09/18 14:54:42] - ==> Building model..
[2025/09/18 14:55:03] - Test Loss 	 Test Acc 	 PGD Loss 	 PGD Acc
[2025/09/18 14:55:03] - 2.2342 	 	 0.5912 	 2.6214 	 0.3087
[2025/09/18 14:55:58] - 69 	 25.3 	 	 0.0754 	 3.8226 	 0.4506
[2025/09/18 14:55:58] - ==> Building model..
[2025/09/18 14:56:20] - Test Loss 	 Test Acc 	 PGD Loss 	 PGD Acc
[2025/09/18 14:56:20] - 2.2348 	 	 0.5919 	 2.6224 	 0.3095
[2025/09/18 14:57:17] - 70 	 25.8 	 	 0.0730 	 3.8161 	 0.4558
[2025/09/18 14:57:17] - ==> Building model..
[2025/09/18 14:57:38] - Test Loss 	 Test Acc 	 PGD Loss 	 PGD Acc
[2025/09/18 14:57:38] - 2.2352 	 	 0.5923 	 2.6227 	 0.3093
[2025/09/18 14:58:35] - 71 	 25.6 	 	 0.0705 	 3.8093 	 0.4613
[2025/09/18 14:58:35] - ==> Building model..
[2025/09/18 14:58:56] - Test Loss 	 Test Acc 	 PGD Loss 	 PGD Acc
[2025/09/18 14:58:56] - 2.2356 	 	 0.5921 	 2.6235 	 0.3094
[2025/09/18 14:59:53] - 72 	 25.9 	 	 0.0680 	 3.8029 	 0.4640
[2025/09/18 14:59:53] - ==> Building model..
[2025/09/18 15:00:15] - Test Loss 	 Test Acc 	 PGD Loss 	 PGD Acc
[2025/09/18 15:00:15] - 2.2361 	 	 0.5922 	 2.6238 	 0.3094
[2025/09/18 15:01:13] - 73 	 26.1 	 	 0.0655 	 3.7965 	 0.4679
[2025/09/18 15:01:13] - ==> Building model..
[2025/09/18 15:01:36] - Test Loss 	 Test Acc 	 PGD Loss 	 PGD Acc
[2025/09/18 15:01:36] - 2.2373 	 	 0.5920 	 2.6251 	 0.3098
[2025/09/18 15:02:34] - 74 	 26.3 	 	 0.0630 	 3.7895 	 0.4739
[2025/09/18 15:02:34] - ==> Building model..
[2025/09/18 15:02:56] - Test Loss 	 Test Acc 	 PGD Loss 	 PGD Acc
[2025/09/18 15:02:56] - 2.2388 	 	 0.5920 	 2.6257 	 0.3098
[2025/09/18 15:03:54] - 75 	 25.4 	 	 0.0605 	 3.7804 	 0.4832
[2025/09/18 15:03:54] - ==> Building model..
[2025/09/18 15:04:15] - Test Loss 	 Test Acc 	 PGD Loss 	 PGD Acc
[2025/09/18 15:04:15] - 2.2391 	 	 0.5919 	 2.6262 	 0.3101
[2025/09/18 15:05:15] - 76 	 26.0 	 	 0.0580 	 3.7746 	 0.4857
[2025/09/18 15:05:15] - ==> Building model..
[2025/09/18 15:05:38] - Test Loss 	 Test Acc 	 PGD Loss 	 PGD Acc
[2025/09/18 15:05:38] - 2.2400 	 	 0.5920 	 2.6273 	 0.3100
[2025/09/18 15:06:38] - 77 	 26.0 	 	 0.0555 	 3.7652 	 0.4939
[2025/09/18 15:06:38] - ==> Building model..
[2025/09/18 15:07:00] - Test Loss 	 Test Acc 	 PGD Loss 	 PGD Acc
[2025/09/18 15:07:00] - 2.2403 	 	 0.5918 	 2.6276 	 0.3097
[2025/09/18 15:07:59] - 78 	 25.4 	 	 0.0530 	 3.7567 	 0.5010
[2025/09/18 15:07:59] - ==> Building model..
[2025/09/18 15:08:20] - Test Loss 	 Test Acc 	 PGD Loss 	 PGD Acc
[2025/09/18 15:08:20] - 2.2409 	 	 0.5918 	 2.6280 	 0.3102
[2025/09/18 15:09:18] - 79 	 24.9 	 	 0.0505 	 3.7470 	 0.5088
[2025/09/18 15:09:18] - ==> Building model..
[2025/09/18 15:09:41] - Test Loss 	 Test Acc 	 PGD Loss 	 PGD Acc
[2025/09/18 15:09:41] - 2.2416 	 	 0.5918 	 2.6285 	 0.3102
[2025/09/18 15:10:34] - 80 	 22.4 	 	 0.0480 	 3.7359 	 0.5208
[2025/09/18 15:10:34] - ==> Building model..
[2025/09/18 15:10:58] - Test Loss 	 Test Acc 	 PGD Loss 	 PGD Acc
[2025/09/18 15:10:58] - 2.2425 	 	 0.5922 	 2.6291 	 0.3108
[2025/09/18 15:11:55] - 81 	 24.1 	 	 0.0455 	 3.7263 	 0.5278
[2025/09/18 15:11:55] - ==> Building model..
[2025/09/18 15:12:17] - Test Loss 	 Test Acc 	 PGD Loss 	 PGD Acc
[2025/09/18 15:12:17] - 2.2425 	 	 0.5922 	 2.6298 	 0.3112
[2025/09/18 15:13:13] - 82 	 24.6 	 	 0.0430 	 3.7164 	 0.5355
[2025/09/18 15:13:13] - ==> Building model..
[2025/09/18 15:13:34] - Test Loss 	 Test Acc 	 PGD Loss 	 PGD Acc
[2025/09/18 15:13:34] - 2.2431 	 	 0.5923 	 2.6303 	 0.3103
[2025/09/18 15:14:30] - 83 	 25.1 	 	 0.0405 	 3.7026 	 0.5484
[2025/09/18 15:14:30] - ==> Building model..
[2025/09/18 15:14:51] - Test Loss 	 Test Acc 	 PGD Loss 	 PGD Acc
[2025/09/18 15:14:51] - 2.2431 	 	 0.5923 	 2.6295 	 0.3103
[2025/09/18 15:15:47] - 84 	 24.9 	 	 0.0380 	 3.6926 	 0.5537
[2025/09/18 15:15:47] - ==> Building model..
[2025/09/18 15:16:08] - Test Loss 	 Test Acc 	 PGD Loss 	 PGD Acc
[2025/09/18 15:16:08] - 2.2431 	 	 0.5923 	 2.6300 	 0.3106
[2025/09/18 15:17:06] - 85 	 26.1 	 	 0.0355 	 3.6784 	 0.5706
[2025/09/18 15:17:06] - ==> Building model..
[2025/09/18 15:17:28] - Test Loss 	 Test Acc 	 PGD Loss 	 PGD Acc
[2025/09/18 15:17:28] - 2.2431 	 	 0.5923 	 2.6304 	 0.3108
[2025/09/18 15:18:23] - 86 	 25.2 	 	 0.0331 	 3.6642 	 0.5812
[2025/09/18 15:18:23] - ==> Building model..
[2025/09/18 15:18:45] - Test Loss 	 Test Acc 	 PGD Loss 	 PGD Acc
[2025/09/18 15:18:45] - 2.2441 	 	 0.5925 	 2.6309 	 0.3105
[2025/09/18 15:19:39] - 87 	 24.3 	 	 0.0306 	 3.6483 	 0.5963
[2025/09/18 15:19:39] - ==> Building model..
[2025/09/18 15:20:02] - Test Loss 	 Test Acc 	 PGD Loss 	 PGD Acc
[2025/09/18 15:20:02] - 2.2441 	 	 0.5925 	 2.6309 	 0.3103
[2025/09/18 15:20:58] - 88 	 23.8 	 	 0.0281 	 3.6320 	 0.6102
[2025/09/18 15:20:58] - ==> Building model..
[2025/09/18 15:21:22] - Test Loss 	 Test Acc 	 PGD Loss 	 PGD Acc
[2025/09/18 15:21:22] - 2.2441 	 	 0.5925 	 2.6309 	 0.3102
[2025/09/18 15:22:17] - 89 	 23.4 	 	 0.0256 	 3.6131 	 0.6259
[2025/09/18 15:22:17] - ==> Building model..
[2025/09/18 15:22:42] - Test Loss 	 Test Acc 	 PGD Loss 	 PGD Acc
[2025/09/18 15:22:42] - 2.2441 	 	 0.5925 	 2.6305 	 0.3102
[2025/09/18 15:23:37] - 90 	 23.5 	 	 0.0231 	 3.5928 	 0.6460
[2025/09/18 15:23:37] - ==> Building model..
[2025/09/18 15:24:02] - Test Loss 	 Test Acc 	 PGD Loss 	 PGD Acc
[2025/09/18 15:24:02] - 2.2441 	 	 0.5925 	 2.6307 	 0.3103
[2025/09/18 15:24:57] - 91 	 23.5 	 	 0.0206 	 3.5715 	 0.6658
[2025/09/18 15:24:57] - ==> Building model..
[2025/09/18 15:25:19] - Test Loss 	 Test Acc 	 PGD Loss 	 PGD Acc
[2025/09/18 15:25:19] - 2.2441 	 	 0.5925 	 2.6306 	 0.3108
[2025/09/18 15:26:14] - 92 	 24.7 	 	 0.0181 	 3.5464 	 0.6911
[2025/09/18 15:26:14] - ==> Building model..
[2025/09/18 15:26:35] - Test Loss 	 Test Acc 	 PGD Loss 	 PGD Acc
[2025/09/18 15:26:35] - 2.2441 	 	 0.5925 	 2.6310 	 0.3105
[2025/09/18 15:27:33] - 93 	 25.7 	 	 0.0156 	 3.5185 	 0.7172
[2025/09/18 15:27:33] - ==> Building model..
[2025/09/18 15:27:53] - Test Loss 	 Test Acc 	 PGD Loss 	 PGD Acc
[2025/09/18 15:27:53] - 2.2441 	 	 0.5925 	 2.6309 	 0.3104
[2025/09/18 15:28:50] - 94 	 25.4 	 	 0.0131 	 3.4914 	 0.7424
[2025/09/18 15:28:50] - ==> Building model..
[2025/09/18 15:29:11] - Test Loss 	 Test Acc 	 PGD Loss 	 PGD Acc
[2025/09/18 15:29:11] - 2.2441 	 	 0.5925 	 2.6303 	 0.3108
[2025/09/18 15:30:07] - 95 	 25.4 	 	 0.0106 	 3.4633 	 0.7696
[2025/09/18 15:30:07] - ==> Building model..
[2025/09/18 15:30:29] - Test Loss 	 Test Acc 	 PGD Loss 	 PGD Acc
[2025/09/18 15:30:29] - 2.2441 	 	 0.5925 	 2.6310 	 0.3099
[2025/09/18 15:31:24] - 96 	 25.1 	 	 0.0081 	 3.4343 	 0.7972
[2025/09/18 15:31:24] - ==> Building model..
[2025/09/18 15:31:46] - Test Loss 	 Test Acc 	 PGD Loss 	 PGD Acc
[2025/09/18 15:31:46] - 2.2441 	 	 0.5925 	 2.6298 	 0.3109
[2025/09/18 15:32:41] - 97 	 25.4 	 	 0.0056 	 3.4031 	 0.8248
[2025/09/18 15:32:41] - ==> Building model..
[2025/09/18 15:33:03] - Test Loss 	 Test Acc 	 PGD Loss 	 PGD Acc
[2025/09/18 15:33:03] - 2.2441 	 	 0.5925 	 2.6301 	 0.3102
[2025/09/18 15:34:00] - 98 	 24.8 	 	 0.0031 	 3.3741 	 0.8505
[2025/09/18 15:34:00] - ==> Building model..
[2025/09/18 15:34:22] - Test Loss 	 Test Acc 	 PGD Loss 	 PGD Acc
[2025/09/18 15:34:22] - 2.2441 	 	 0.5925 	 2.6306 	 0.3099
[2025/09/18 15:35:16] - 99 	 23.2 	 	 0.0006 	 3.3478 	 0.8728
[2025/09/18 15:35:16] - ==> Building model..
[2025/09/18 15:35:42] - Test Loss 	 Test Acc 	 PGD Loss 	 PGD Acc
[2025/09/18 15:35:42] - 2.2441 	 	 0.5925 	 2.6305 	 0.3107
[2025/09/18 15:35:42] - [0.0814, 0.1353, 0.183, 0.2178, 0.2476, 0.2815, 0.3142, 0.3478, 0.3778, 0.4028, 0.4218, 0.4379, 0.4446, 0.4499, 0.4471, 0.4429, 0.4285, 0.4135, 0.4045, 0.403, 0.4103, 0.4234, 0.4455, 0.4654, 0.4857, 0.4988, 0.5059, 0.5151, 0.5225, 0.5311, 0.5359, 0.5406, 0.5452, 0.5514, 0.5541, 0.558, 0.5592, 0.5607, 0.5628, 0.5641, 0.565, 0.5668, 0.569, 0.5691, 0.5717, 0.573, 0.5743, 0.5754, 0.5778, 0.578, 0.5789, 0.5807, 0.5819, 0.5825, 0.5832, 0.5843, 0.5862, 0.5863, 0.5883, 0.5888, 0.5884, 0.5881, 0.5885, 0.5887, 0.5894, 0.59, 0.5905, 0.5908, 0.5912, 0.5919, 0.5923, 0.5921, 0.5922, 0.592, 0.592, 0.5919, 0.592, 0.5918, 0.5918, 0.5918, 0.5922, 0.5922, 0.5923, 0.5923, 0.5923, 0.5923, 0.5925, 0.5925, 0.5925, 0.5925, 0.5925, 0.5925, 0.5925, 0.5925, 0.5925, 0.5925, 0.5925, 0.5925, 0.5925, 0.5925]
[2025/09/18 15:35:42] - [0.0466, 0.0799, 0.1085, 0.1274, 0.1426, 0.162, 0.1796, 0.1925, 0.2057, 0.2129, 0.2229, 0.2313, 0.2348, 0.2369, 0.2353, 0.2331, 0.224, 0.2152, 0.2093, 0.2093, 0.2121, 0.2236, 0.2371, 0.2481, 0.2567, 0.2656, 0.2704, 0.273, 0.2802, 0.2827, 0.2852, 0.288, 0.2885, 0.2904, 0.2921, 0.2932, 0.2954, 0.2972, 0.2975, 0.298, 0.2986, 0.2985, 0.3, 0.3006, 0.3002, 0.301, 0.3012, 0.3038, 0.3042, 0.305, 0.3059, 0.3053, 0.3058, 0.3067, 0.3067, 0.3071, 0.3068, 0.3062, 0.3077, 0.3097, 0.3101, 0.3083, 0.3077, 0.3083, 0.3095, 0.3088, 0.3096, 0.3095, 0.3087, 0.3095, 0.3093, 0.3094, 0.3094, 0.3098, 0.3098, 0.3101, 0.31, 0.3097, 0.3102, 0.3102, 0.3108, 0.3112, 0.3103, 0.3103, 0.3106, 0.3108, 0.3105, 0.3103, 0.3102, 0.3102, 0.3103, 0.3108, 0.3105, 0.3104, 0.3108, 0.3099, 0.3109, 0.3102, 0.3099, 0.3107]
