[2025/09/30 08:42:52] - Namespace(batch_size=128, data_dir='./tiny-imagenet-200', epochs=110, lr_schedule='multistep', lr_min=0.0, lr_max=0.1, weight_decay=0.0005, momentum=0.9, model='PreActResNest18', epsilon=8, alpha=8, delta_init='random', normal_mean=0, normal_std=1, out_dir='./output/Tiny_ImageNet/lam_start_40_beta_0.2/lam_scale_0.08', seed=0, lamda=38, lam_scale=0.08, lam_start=40, gamma=0.025, inner_gamma=0.025, beta=0.1, mu=3.5, batch_m=0.75, early_stop=False, factor=0.3, length=6, n_holes=1, c_num=0.125, EMA_value=0.55)
[2025/09/30 08:43:55] - ==> Building model..
[2025/09/30 08:43:55] - Epoch 	 Seconds 	 LR 	 	 Train Loss 	 Train Acc
[2025/09/30 08:50:26] - 0 	 386.1 	 	 0.1000 	 5.2909 	 0.0290
[2025/09/30 08:50:26] - ==> Building model..
[2025/09/30 08:52:45] - Test Loss 	 Test Acc 	 PGD Loss 	 PGD Acc
[2025/09/30 08:52:45] - 4.9781 	 	 0.0772 	 4.9902 	 0.0434
[2025/09/30 08:59:14] - 1 	 384.7 	 	 0.1000 	 5.2286 	 0.0718
[2025/09/30 08:59:14] - ==> Building model..
[2025/09/30 09:01:32] - Test Loss 	 Test Acc 	 PGD Loss 	 PGD Acc
[2025/09/30 09:01:32] - 4.7510 	 	 0.1437 	 4.7862 	 0.0756
[2025/09/30 09:08:02] - 2 	 384.4 	 	 0.1000 	 5.1975 	 0.1006
[2025/09/30 09:08:02] - ==> Building model..
[2025/09/30 09:10:20] - Test Loss 	 Test Acc 	 PGD Loss 	 PGD Acc
[2025/09/30 09:10:20] - 4.5878 	 	 0.1877 	 4.6472 	 0.0994
[2025/09/30 09:16:49] - 3 	 384.1 	 	 0.1000 	 5.1713 	 0.1243
[2025/09/30 09:16:49] - ==> Building model..
[2025/09/30 09:19:08] - Test Loss 	 Test Acc 	 PGD Loss 	 PGD Acc
[2025/09/30 09:19:08] - 4.4858 	 	 0.2160 	 4.5639 	 0.1128
[2025/09/30 09:25:35] - 4 	 383.0 	 	 0.1000 	 5.1476 	 0.1452
[2025/09/30 09:25:35] - ==> Building model..
[2025/09/30 09:27:54] - Test Loss 	 Test Acc 	 PGD Loss 	 PGD Acc
[2025/09/30 09:27:54] - 4.4368 	 	 0.2354 	 4.5264 	 0.1211
[2025/09/30 09:34:22] - 5 	 382.8 	 	 0.1000 	 5.1277 	 0.1630
[2025/09/30 09:34:22] - ==> Building model..
[2025/09/30 09:36:41] - Test Loss 	 Test Acc 	 PGD Loss 	 PGD Acc
[2025/09/30 09:36:41] - 4.4093 	 	 0.2518 	 4.5081 	 0.1282
[2025/09/30 09:43:08] - 6 	 382.8 	 	 0.1000 	 5.1137 	 0.1774
[2025/09/30 09:43:08] - ==> Building model..
[2025/09/30 09:45:28] - Test Loss 	 Test Acc 	 PGD Loss 	 PGD Acc
[2025/09/30 09:45:28] - 4.3143 	 	 0.2740 	 4.4329 	 0.1399
[2025/09/30 09:51:56] - 7 	 383.3 	 	 0.1000 	 5.1018 	 0.1901
[2025/09/30 09:51:56] - ==> Building model..
[2025/09/30 09:54:14] - Test Loss 	 Test Acc 	 PGD Loss 	 PGD Acc
[2025/09/30 09:54:14] - 4.1524 	 	 0.3069 	 4.3040 	 0.1543
[2025/09/30 10:00:42] - 8 	 382.5 	 	 0.1000 	 5.0914 	 0.1998
[2025/09/30 10:00:42] - ==> Building model..
[2025/09/30 10:02:59] - Test Loss 	 Test Acc 	 PGD Loss 	 PGD Acc
[2025/09/30 10:02:59] - 4.0130 	 	 0.3322 	 4.1958 	 0.1688
[2025/09/30 10:09:27] - 9 	 383.0 	 	 0.1000 	 5.0823 	 0.2086
[2025/09/30 10:09:27] - ==> Building model..
[2025/09/30 10:11:43] - Test Loss 	 Test Acc 	 PGD Loss 	 PGD Acc
[2025/09/30 10:11:43] - 3.9134 	 	 0.3549 	 4.1209 	 0.1774
[2025/09/30 10:18:13] - 10 	 384.4 	 	 0.1000 	 5.0746 	 0.2177
[2025/09/30 10:18:13] - ==> Building model..
[2025/09/30 10:20:28] - Test Loss 	 Test Acc 	 PGD Loss 	 PGD Acc
[2025/09/30 10:20:28] - 3.8475 	 	 0.3682 	 4.0718 	 0.1822
[2025/09/30 10:26:59] - 11 	 386.4 	 	 0.1000 	 5.0671 	 0.2248
[2025/09/30 10:26:59] - ==> Building model..
[2025/09/30 10:29:13] - Test Loss 	 Test Acc 	 PGD Loss 	 PGD Acc
[2025/09/30 10:29:13] - 3.8046 	 	 0.3771 	 4.0390 	 0.1874
[2025/09/30 10:35:45] - 12 	 386.7 	 	 0.1000 	 5.0612 	 0.2307
[2025/09/30 10:35:45] - ==> Building model..
[2025/09/30 10:37:59] - Test Loss 	 Test Acc 	 PGD Loss 	 PGD Acc
[2025/09/30 10:37:59] - 3.7656 	 	 0.3852 	 4.0104 	 0.1922
[2025/09/30 10:44:31] - 13 	 386.6 	 	 0.1000 	 5.0548 	 0.2361
[2025/09/30 10:44:31] - ==> Building model..
[2025/09/30 10:46:46] - Test Loss 	 Test Acc 	 PGD Loss 	 PGD Acc
[2025/09/30 10:46:46] - 3.7256 	 	 0.3930 	 3.9808 	 0.1977
[2025/09/30 10:53:17] - 14 	 386.1 	 	 0.1000 	 5.0500 	 0.2422
[2025/09/30 10:53:17] - ==> Building model..
[2025/09/30 10:55:33] - Test Loss 	 Test Acc 	 PGD Loss 	 PGD Acc
[2025/09/30 10:55:33] - 3.6966 	 	 0.4001 	 3.9602 	 0.2003
[2025/09/30 11:02:03] - 15 	 385.2 	 	 0.1000 	 5.0453 	 0.2486
[2025/09/30 11:02:03] - ==> Building model..
[2025/09/30 11:04:20] - Test Loss 	 Test Acc 	 PGD Loss 	 PGD Acc
[2025/09/30 11:04:20] - 3.6700 	 	 0.4042 	 3.9411 	 0.2028
[2025/09/30 11:10:48] - 16 	 382.7 	 	 0.1000 	 5.0411 	 0.2511
[2025/09/30 11:10:48] - ==> Building model..
[2025/09/30 11:13:06] - Test Loss 	 Test Acc 	 PGD Loss 	 PGD Acc
[2025/09/30 11:13:06] - 3.6457 	 	 0.4099 	 3.9243 	 0.2049
[2025/09/30 11:19:33] - 17 	 382.8 	 	 0.1000 	 5.0367 	 0.2564
[2025/09/30 11:19:33] - ==> Building model..
[2025/09/30 11:21:53] - Test Loss 	 Test Acc 	 PGD Loss 	 PGD Acc
[2025/09/30 11:21:53] - 3.6258 	 	 0.4128 	 3.9104 	 0.2067
[2025/09/30 11:28:19] - 18 	 381.5 	 	 0.1000 	 5.0333 	 0.2590
[2025/09/30 11:28:19] - ==> Building model..
[2025/09/30 11:30:39] - Test Loss 	 Test Acc 	 PGD Loss 	 PGD Acc
[2025/09/30 11:30:39] - 3.6041 	 	 0.4164 	 3.8945 	 0.2067
[2025/09/30 11:37:06] - 19 	 382.1 	 	 0.1000 	 5.0297 	 0.2640
[2025/09/30 11:37:06] - ==> Building model..
[2025/09/30 11:39:25] - Test Loss 	 Test Acc 	 PGD Loss 	 PGD Acc
[2025/09/30 11:39:25] - 3.5850 	 	 0.4222 	 3.8810 	 0.2108
[2025/09/30 11:45:53] - 20 	 382.8 	 	 0.1000 	 5.0274 	 0.2663
[2025/09/30 11:45:53] - ==> Building model..
[2025/09/30 11:48:12] - Test Loss 	 Test Acc 	 PGD Loss 	 PGD Acc
[2025/09/30 11:48:12] - 3.5692 	 	 0.4258 	 3.8698 	 0.2123
[2025/09/30 11:54:41] - 21 	 383.3 	 	 0.1000 	 5.0249 	 0.2660
[2025/09/30 11:54:41] - ==> Building model..
[2025/09/30 11:57:00] - Test Loss 	 Test Acc 	 PGD Loss 	 PGD Acc
[2025/09/30 11:57:00] - 3.5520 	 	 0.4293 	 3.8588 	 0.2139
[2025/09/30 12:03:28] - 22 	 382.0 	 	 0.1000 	 5.0220 	 0.2715
[2025/09/30 12:03:28] - ==> Building model..
[2025/09/30 12:05:46] - Test Loss 	 Test Acc 	 PGD Loss 	 PGD Acc
[2025/09/30 12:05:46] - 3.5391 	 	 0.4318 	 3.8495 	 0.2141
[2025/09/30 12:12:09] - 23 	 377.5 	 	 0.1000 	 5.0197 	 0.2733
[2025/09/30 12:12:09] - ==> Building model..
[2025/09/30 12:14:28] - Test Loss 	 Test Acc 	 PGD Loss 	 PGD Acc
[2025/09/30 12:14:28] - 3.5274 	 	 0.4331 	 3.8415 	 0.2161
[2025/09/30 12:20:55] - 24 	 381.3 	 	 0.1000 	 5.0173 	 0.2767
[2025/09/30 12:20:55] - ==> Building model..
[2025/09/30 12:23:14] - Test Loss 	 Test Acc 	 PGD Loss 	 PGD Acc
[2025/09/30 12:23:14] - 3.5162 	 	 0.4355 	 3.8339 	 0.2186
[2025/09/30 12:29:41] - 25 	 381.5 	 	 0.1000 	 5.0157 	 0.2775
[2025/09/30 12:29:41] - ==> Building model..
[2025/09/30 12:31:59] - Test Loss 	 Test Acc 	 PGD Loss 	 PGD Acc
[2025/09/30 12:31:59] - 3.5066 	 	 0.4377 	 3.8272 	 0.2199
[2025/09/30 12:38:26] - 26 	 381.9 	 	 0.1000 	 5.0138 	 0.2800
[2025/09/30 12:38:26] - ==> Building model..
[2025/09/30 12:40:44] - Test Loss 	 Test Acc 	 PGD Loss 	 PGD Acc
[2025/09/30 12:40:44] - 3.4965 	 	 0.4405 	 3.8207 	 0.2206
[2025/09/30 12:47:10] - 27 	 381.5 	 	 0.1000 	 5.0123 	 0.2809
[2025/09/30 12:47:10] - ==> Building model..
[2025/09/30 12:49:25] - Test Loss 	 Test Acc 	 PGD Loss 	 PGD Acc
[2025/09/30 12:49:25] - 3.4897 	 	 0.4415 	 3.8165 	 0.2198
[2025/09/30 12:55:50] - 28 	 379.9 	 	 0.1000 	 5.0101 	 0.2824
[2025/09/30 12:55:50] - ==> Building model..
[2025/09/30 12:58:04] - Test Loss 	 Test Acc 	 PGD Loss 	 PGD Acc
[2025/09/30 12:58:04] - 3.4825 	 	 0.4437 	 3.8109 	 0.2212
[2025/09/30 13:04:34] - 29 	 385.0 	 	 0.1000 	 5.0085 	 0.2836
[2025/09/30 13:04:34] - ==> Building model..
[2025/09/30 13:06:51] - Test Loss 	 Test Acc 	 PGD Loss 	 PGD Acc
[2025/09/30 13:06:51] - 3.4724 	 	 0.4456 	 3.8047 	 0.2221
[2025/09/30 13:13:21] - 30 	 384.7 	 	 0.1000 	 5.0075 	 0.2876
[2025/09/30 13:13:21] - ==> Building model..
[2025/09/30 13:15:38] - Test Loss 	 Test Acc 	 PGD Loss 	 PGD Acc
[2025/09/30 13:15:38] - 3.4671 	 	 0.4459 	 3.8010 	 0.2229
[2025/09/30 13:22:06] - 31 	 383.5 	 	 0.1000 	 5.0057 	 0.2876
[2025/09/30 13:22:06] - ==> Building model..
[2025/09/30 13:24:24] - Test Loss 	 Test Acc 	 PGD Loss 	 PGD Acc
[2025/09/30 13:24:24] - 3.4606 	 	 0.4496 	 3.7969 	 0.2242
[2025/09/30 13:30:51] - 32 	 381.6 	 	 0.1000 	 5.0053 	 0.2860
[2025/09/30 13:30:51] - ==> Building model..
[2025/09/30 13:33:10] - Test Loss 	 Test Acc 	 PGD Loss 	 PGD Acc
[2025/09/30 13:33:10] - 3.4535 	 	 0.4510 	 3.7928 	 0.2243
[2025/09/30 13:39:38] - 33 	 383.4 	 	 0.1000 	 5.0034 	 0.2904
[2025/09/30 13:39:38] - ==> Building model..
[2025/09/30 13:41:58] - Test Loss 	 Test Acc 	 PGD Loss 	 PGD Acc
[2025/09/30 13:41:58] - 3.4473 	 	 0.4524 	 3.7887 	 0.2244
[2025/09/30 13:48:26] - 34 	 382.3 	 	 0.1000 	 5.0021 	 0.2914
[2025/09/30 13:48:26] - ==> Building model..
[2025/09/30 13:50:45] - Test Loss 	 Test Acc 	 PGD Loss 	 PGD Acc
[2025/09/30 13:50:45] - 3.4419 	 	 0.4517 	 3.7855 	 0.2254
[2025/09/30 13:57:11] - 35 	 381.5 	 	 0.1000 	 5.0010 	 0.2921
[2025/09/30 13:57:11] - ==> Building model..
[2025/09/30 13:59:31] - Test Loss 	 Test Acc 	 PGD Loss 	 PGD Acc
[2025/09/30 13:59:31] - 3.4353 	 	 0.4539 	 3.7814 	 0.2258
[2025/09/30 14:05:57] - 36 	 381.3 	 	 0.1000 	 5.0003 	 0.2931
[2025/09/30 14:05:57] - ==> Building model..
[2025/09/30 14:08:16] - Test Loss 	 Test Acc 	 PGD Loss 	 PGD Acc
[2025/09/30 14:08:16] - 3.4298 	 	 0.4545 	 3.7774 	 0.2269
[2025/09/30 14:14:43] - 37 	 381.9 	 	 0.1000 	 4.9988 	 0.2956
[2025/09/30 14:14:43] - ==> Building model..
[2025/09/30 14:17:02] - Test Loss 	 Test Acc 	 PGD Loss 	 PGD Acc
[2025/09/30 14:17:02] - 3.4242 	 	 0.4558 	 3.7745 	 0.2279
[2025/09/30 14:23:29] - 38 	 382.3 	 	 0.1000 	 4.9984 	 0.2950
[2025/09/30 14:23:29] - ==> Building model..
[2025/09/30 14:25:48] - Test Loss 	 Test Acc 	 PGD Loss 	 PGD Acc
[2025/09/30 14:25:48] - 3.4197 	 	 0.4575 	 3.7712 	 0.2288
[2025/09/30 14:32:14] - 39 	 380.9 	 	 0.1000 	 4.9972 	 0.2972
[2025/09/30 14:32:14] - ==> Building model..
[2025/09/30 14:34:34] - Test Loss 	 Test Acc 	 PGD Loss 	 PGD Acc
[2025/09/30 14:34:34] - 3.4149 	 	 0.4591 	 3.7686 	 0.2290
[2025/09/30 14:41:00] - 40 	 381.2 	 	 0.1000 	 4.9970 	 0.2952
[2025/09/30 14:41:00] - ==> Building model..
[2025/09/30 14:43:18] - Test Loss 	 Test Acc 	 PGD Loss 	 PGD Acc
[2025/09/30 14:43:18] - 3.4093 	 	 0.4594 	 3.7649 	 0.2296
[2025/09/30 14:49:44] - 41 	 380.8 	 	 0.1000 	 4.9950 	 0.2991
[2025/09/30 14:49:44] - ==> Building model..
[2025/09/30 14:52:01] - Test Loss 	 Test Acc 	 PGD Loss 	 PGD Acc
[2025/09/30 14:52:01] - 3.4067 	 	 0.4604 	 3.7640 	 0.2297
[2025/09/30 14:58:28] - 42 	 381.9 	 	 0.1000 	 4.9951 	 0.2994
[2025/09/30 14:58:28] - ==> Building model..
[2025/09/30 15:00:42] - Test Loss 	 Test Acc 	 PGD Loss 	 PGD Acc
[2025/09/30 15:00:42] - 3.4033 	 	 0.4608 	 3.7621 	 0.2311
[2025/09/30 15:07:09] - 43 	 381.7 	 	 0.1000 	 4.9944 	 0.2997
[2025/09/30 15:07:09] - ==> Building model..
[2025/09/30 15:09:24] - Test Loss 	 Test Acc 	 PGD Loss 	 PGD Acc
[2025/09/30 15:09:24] - 3.4037 	 	 0.4613 	 3.7633 	 0.2313
[2025/09/30 15:15:53] - 44 	 384.2 	 	 0.1000 	 4.9941 	 0.3026
[2025/09/30 15:15:53] - ==> Building model..
[2025/09/30 15:18:10] - Test Loss 	 Test Acc 	 PGD Loss 	 PGD Acc
[2025/09/30 15:18:10] - 3.4040 	 	 0.4627 	 3.7642 	 0.2318
[2025/09/30 15:24:42] - 45 	 386.8 	 	 0.1000 	 4.9937 	 0.3016
[2025/09/30 15:24:42] - ==> Building model..
[2025/09/30 15:26:58] - Test Loss 	 Test Acc 	 PGD Loss 	 PGD Acc
[2025/09/30 15:26:58] - 3.4063 	 	 0.4617 	 3.7667 	 0.2314
[2025/09/30 15:33:30] - 46 	 387.0 	 	 0.1000 	 4.9929 	 0.3039
[2025/09/30 15:33:30] - ==> Building model..
[2025/09/30 15:35:46] - Test Loss 	 Test Acc 	 PGD Loss 	 PGD Acc
[2025/09/30 15:35:46] - 3.4088 	 	 0.4627 	 3.7694 	 0.2315
[2025/09/30 15:42:20] - 47 	 388.5 	 	 0.1000 	 4.9928 	 0.3029
[2025/09/30 15:42:20] - ==> Building model..
[2025/09/30 15:44:36] - Test Loss 	 Test Acc 	 PGD Loss 	 PGD Acc
[2025/09/30 15:44:36] - 3.4119 	 	 0.4632 	 3.7720 	 0.2316
[2025/09/30 15:51:06] - 48 	 385.1 	 	 0.1000 	 4.9925 	 0.3024
[2025/09/30 15:51:06] - ==> Building model..
[2025/09/30 15:53:22] - Test Loss 	 Test Acc 	 PGD Loss 	 PGD Acc
[2025/09/30 15:53:22] - 3.4153 	 	 0.4628 	 3.7757 	 0.2323
[2025/09/30 15:59:06] - 49 	 339.1 	 	 0.1000 	 4.9928 	 0.3032
[2025/09/30 15:59:06] - ==> Building model..
[2025/09/30 16:01:25] - Test Loss 	 Test Acc 	 PGD Loss 	 PGD Acc
[2025/09/30 16:01:25] - 3.4177 	 	 0.4624 	 3.7785 	 0.2335
[2025/09/30 16:07:57] - 50 	 386.2 	 	 0.1000 	 4.9918 	 0.3041
[2025/09/30 16:07:57] - ==> Building model..
[2025/09/30 16:10:15] - Test Loss 	 Test Acc 	 PGD Loss 	 PGD Acc
[2025/09/30 16:10:15] - 3.4186 	 	 0.4637 	 3.7795 	 0.2334
[2025/09/30 16:16:44] - 51 	 384.2 	 	 0.1000 	 4.9919 	 0.3051
[2025/09/30 16:16:44] - ==> Building model..
[2025/09/30 16:19:03] - Test Loss 	 Test Acc 	 PGD Loss 	 PGD Acc
[2025/09/30 16:19:03] - 3.4197 	 	 0.4644 	 3.7808 	 0.2331
[2025/09/30 16:25:33] - 52 	 385.5 	 	 0.1000 	 4.9920 	 0.3047
[2025/09/30 16:25:33] - ==> Building model..
[2025/09/30 16:27:52] - Test Loss 	 Test Acc 	 PGD Loss 	 PGD Acc
[2025/09/30 16:27:52] - 3.4219 	 	 0.4636 	 3.7827 	 0.2332
[2025/09/30 16:34:24] - 53 	 387.0 	 	 0.1000 	 4.9913 	 0.3063
[2025/09/30 16:34:24] - ==> Building model..
[2025/09/30 16:36:43] - Test Loss 	 Test Acc 	 PGD Loss 	 PGD Acc
[2025/09/30 16:36:43] - 3.4236 	 	 0.4636 	 3.7846 	 0.2343
[2025/09/30 16:43:14] - 54 	 386.4 	 	 0.1000 	 4.9914 	 0.3066
[2025/09/30 16:43:14] - ==> Building model..
[2025/09/30 16:45:32] - Test Loss 	 Test Acc 	 PGD Loss 	 PGD Acc
[2025/09/30 16:45:32] - 3.4243 	 	 0.4649 	 3.7851 	 0.2348
[2025/09/30 16:52:04] - 55 	 386.5 	 	 0.1000 	 4.9913 	 0.3050
[2025/09/30 16:52:04] - ==> Building model..
[2025/09/30 16:54:22] - Test Loss 	 Test Acc 	 PGD Loss 	 PGD Acc
[2025/09/30 16:54:22] - 3.4235 	 	 0.4662 	 3.7845 	 0.2358
[2025/09/30 17:00:53] - 56 	 386.7 	 	 0.1000 	 4.9905 	 0.3071
[2025/09/30 17:00:53] - ==> Building model..
[2025/09/30 17:03:11] - Test Loss 	 Test Acc 	 PGD Loss 	 PGD Acc
[2025/09/30 17:03:11] - 3.4230 	 	 0.4655 	 3.7844 	 0.2367
[2025/09/30 17:09:43] - 57 	 386.9 	 	 0.1000 	 4.9908 	 0.3051
[2025/09/30 17:09:43] - ==> Building model..
[2025/09/30 17:12:01] - Test Loss 	 Test Acc 	 PGD Loss 	 PGD Acc
[2025/09/30 17:12:01] - 3.4220 	 	 0.4642 	 3.7831 	 0.2360
[2025/09/30 17:18:34] - 58 	 388.7 	 	 0.1000 	 4.9906 	 0.3064
[2025/09/30 17:18:34] - ==> Building model..
[2025/09/30 17:20:51] - Test Loss 	 Test Acc 	 PGD Loss 	 PGD Acc
[2025/09/30 17:20:51] - 3.4203 	 	 0.4645 	 3.7820 	 0.2362
[2025/09/30 17:27:23] - 59 	 387.1 	 	 0.1000 	 4.9907 	 0.3061
[2025/09/30 17:27:23] - ==> Building model..
[2025/09/30 17:29:39] - Test Loss 	 Test Acc 	 PGD Loss 	 PGD Acc
[2025/09/30 17:29:39] - 3.4184 	 	 0.4637 	 3.7804 	 0.2363
[2025/09/30 17:36:12] - 60 	 388.3 	 	 0.1000 	 4.9894 	 0.3073
[2025/09/30 17:36:12] - ==> Building model..
[2025/09/30 17:38:29] - Test Loss 	 Test Acc 	 PGD Loss 	 PGD Acc
[2025/09/30 17:38:29] - 3.4162 	 	 0.4649 	 3.7792 	 0.2361
[2025/09/30 17:45:01] - 61 	 388.0 	 	 0.1000 	 4.9891 	 0.3078
[2025/09/30 17:45:01] - ==> Building model..
[2025/09/30 17:47:18] - Test Loss 	 Test Acc 	 PGD Loss 	 PGD Acc
[2025/09/30 17:47:18] - 3.4141 	 	 0.4650 	 3.7773 	 0.2358
[2025/09/30 17:53:52] - 62 	 390.1 	 	 0.1000 	 4.9896 	 0.3073
[2025/09/30 17:53:52] - ==> Building model..
[2025/09/30 17:56:08] - Test Loss 	 Test Acc 	 PGD Loss 	 PGD Acc
[2025/09/30 17:56:08] - 3.4119 	 	 0.4659 	 3.7760 	 0.2346
[2025/09/30 18:02:44] - 63 	 390.5 	 	 0.1000 	 4.9879 	 0.3113
[2025/09/30 18:02:44] - ==> Building model..
[2025/09/30 18:05:00] - Test Loss 	 Test Acc 	 PGD Loss 	 PGD Acc
[2025/09/30 18:05:00] - 3.4096 	 	 0.4667 	 3.7742 	 0.2342
[2025/09/30 18:11:26] - 64 	 380.4 	 	 0.1000 	 4.9881 	 0.3085
[2025/09/30 18:11:26] - ==> Building model..
[2025/09/30 18:13:42] - Test Loss 	 Test Acc 	 PGD Loss 	 PGD Acc
[2025/09/30 18:13:42] - 3.4068 	 	 0.4678 	 3.7725 	 0.2349
[2025/09/30 18:20:13] - 65 	 386.9 	 	 0.1000 	 4.9874 	 0.3102
[2025/09/30 18:20:13] - ==> Building model..
[2025/09/30 18:22:29] - Test Loss 	 Test Acc 	 PGD Loss 	 PGD Acc
[2025/09/30 18:22:29] - 3.4038 	 	 0.4684 	 3.7697 	 0.2356
[2025/09/30 18:29:00] - 66 	 387.1 	 	 0.1000 	 4.9872 	 0.3102
[2025/09/30 18:29:00] - ==> Building model..
[2025/09/30 18:31:17] - Test Loss 	 Test Acc 	 PGD Loss 	 PGD Acc
[2025/09/30 18:31:17] - 3.4012 	 	 0.4676 	 3.7674 	 0.2356
[2025/09/30 18:37:47] - 67 	 385.1 	 	 0.1000 	 4.9879 	 0.3100
[2025/09/30 18:37:47] - ==> Building model..
[2025/09/30 18:40:04] - Test Loss 	 Test Acc 	 PGD Loss 	 PGD Acc
[2025/09/30 18:40:04] - 3.3989 	 	 0.4679 	 3.7660 	 0.2366
[2025/09/30 18:46:34] - 68 	 385.3 	 	 0.1000 	 4.9873 	 0.3091
[2025/09/30 18:46:34] - ==> Building model..
[2025/09/30 18:48:52] - Test Loss 	 Test Acc 	 PGD Loss 	 PGD Acc
[2025/09/30 18:48:52] - 3.3969 	 	 0.4677 	 3.7640 	 0.2362
[2025/09/30 18:55:23] - 69 	 386.1 	 	 0.1000 	 4.9874 	 0.3096
[2025/09/30 18:55:23] - ==> Building model..
[2025/09/30 18:57:40] - Test Loss 	 Test Acc 	 PGD Loss 	 PGD Acc
[2025/09/30 18:57:40] - 3.3936 	 	 0.4680 	 3.7616 	 0.2361
[2025/09/30 19:04:08] - 70 	 383.4 	 	 0.1000 	 4.9869 	 0.3112
[2025/09/30 19:04:08] - ==> Building model..
[2025/09/30 19:06:27] - Test Loss 	 Test Acc 	 PGD Loss 	 PGD Acc
[2025/09/30 19:06:27] - 3.3912 	 	 0.4686 	 3.7604 	 0.2359
[2025/09/30 19:12:56] - 71 	 385.1 	 	 0.1000 	 4.9869 	 0.3093
[2025/09/30 19:12:56] - ==> Building model..
[2025/09/30 19:15:14] - Test Loss 	 Test Acc 	 PGD Loss 	 PGD Acc
[2025/09/30 19:15:14] - 3.3894 	 	 0.4693 	 3.7585 	 0.2364
[2025/09/30 19:21:46] - 72 	 386.9 	 	 0.1000 	 4.9860 	 0.3119
[2025/09/30 19:21:46] - ==> Building model..
[2025/09/30 19:24:04] - Test Loss 	 Test Acc 	 PGD Loss 	 PGD Acc
[2025/09/30 19:24:04] - 3.3868 	 	 0.4698 	 3.7574 	 0.2364
[2025/09/30 19:30:36] - 73 	 386.6 	 	 0.1000 	 4.9855 	 0.3134
[2025/09/30 19:30:36] - ==> Building model..
[2025/09/30 19:32:53] - Test Loss 	 Test Acc 	 PGD Loss 	 PGD Acc
[2025/09/30 19:32:53] - 3.3860 	 	 0.4697 	 3.7567 	 0.2360
[2025/09/30 19:39:26] - 74 	 387.8 	 	 0.1000 	 4.9858 	 0.3123
[2025/09/30 19:39:26] - ==> Building model..
[2025/09/30 19:41:43] - Test Loss 	 Test Acc 	 PGD Loss 	 PGD Acc
[2025/09/30 19:41:43] - 3.3843 	 	 0.4714 	 3.7554 	 0.2360
[2025/09/30 19:48:14] - 75 	 386.1 	 	 0.1000 	 4.9856 	 0.3127
[2025/09/30 19:48:14] - ==> Building model..
[2025/09/30 19:50:31] - Test Loss 	 Test Acc 	 PGD Loss 	 PGD Acc
[2025/09/30 19:50:31] - 3.3831 	 	 0.4716 	 3.7545 	 0.2363
[2025/09/30 19:57:01] - 76 	 385.1 	 	 0.1000 	 4.9850 	 0.3118
[2025/09/30 19:57:01] - ==> Building model..
[2025/09/30 19:59:18] - Test Loss 	 Test Acc 	 PGD Loss 	 PGD Acc
[2025/09/30 19:59:18] - 3.3815 	 	 0.4722 	 3.7533 	 0.2379
[2025/09/30 20:05:50] - 77 	 387.7 	 	 0.1000 	 4.9849 	 0.3127
[2025/09/30 20:05:50] - ==> Building model..
[2025/09/30 20:08:08] - Test Loss 	 Test Acc 	 PGD Loss 	 PGD Acc
[2025/09/30 20:08:08] - 3.3801 	 	 0.4724 	 3.7529 	 0.2376
[2025/09/30 20:14:40] - 78 	 387.5 	 	 0.1000 	 4.9855 	 0.3137
[2025/09/30 20:14:40] - ==> Building model..
[2025/09/30 20:16:57] - Test Loss 	 Test Acc 	 PGD Loss 	 PGD Acc
[2025/09/30 20:16:57] - 3.3775 	 	 0.4733 	 3.7505 	 0.2372
[2025/09/30 20:23:29] - 79 	 387.4 	 	 0.1000 	 4.9851 	 0.3114
[2025/09/30 20:23:29] - ==> Building model..
[2025/09/30 20:25:46] - Test Loss 	 Test Acc 	 PGD Loss 	 PGD Acc
[2025/09/30 20:25:46] - 3.3754 	 	 0.4726 	 3.7496 	 0.2370
[2025/09/30 20:32:19] - 80 	 387.9 	 	 0.1000 	 4.9848 	 0.3142
[2025/09/30 20:32:19] - ==> Building model..
[2025/09/30 20:34:35] - Test Loss 	 Test Acc 	 PGD Loss 	 PGD Acc
[2025/09/30 20:34:35] - 3.3735 	 	 0.4727 	 3.7484 	 0.2366
[2025/09/30 20:41:08] - 81 	 388.3 	 	 0.1000 	 4.9839 	 0.3138
[2025/09/30 20:41:08] - ==> Building model..
[2025/09/30 20:43:24] - Test Loss 	 Test Acc 	 PGD Loss 	 PGD Acc
[2025/09/30 20:43:24] - 3.3710 	 	 0.4735 	 3.7469 	 0.2375
[2025/09/30 20:49:58] - 82 	 389.1 	 	 0.1000 	 4.9839 	 0.3147
[2025/09/30 20:49:58] - ==> Building model..
[2025/09/30 20:52:14] - Test Loss 	 Test Acc 	 PGD Loss 	 PGD Acc
[2025/09/30 20:52:14] - 3.3683 	 	 0.4741 	 3.7455 	 0.2382
[2025/09/30 20:58:49] - 83 	 389.5 	 	 0.1000 	 4.9850 	 0.3129
[2025/09/30 20:58:49] - ==> Building model..
[2025/09/30 21:01:05] - Test Loss 	 Test Acc 	 PGD Loss 	 PGD Acc
[2025/09/30 21:01:05] - 3.3671 	 	 0.4747 	 3.7445 	 0.2384
[2025/09/30 21:07:40] - 84 	 389.6 	 	 0.1000 	 4.9843 	 0.3145
[2025/09/30 21:07:40] - ==> Building model..
[2025/09/30 21:09:57] - Test Loss 	 Test Acc 	 PGD Loss 	 PGD Acc
[2025/09/30 21:09:57] - 3.3651 	 	 0.4748 	 3.7433 	 0.2384
[2025/09/30 21:16:30] - 85 	 388.0 	 	 0.1000 	 4.9839 	 0.3162
[2025/09/30 21:16:30] - ==> Building model..
[2025/09/30 21:18:48] - Test Loss 	 Test Acc 	 PGD Loss 	 PGD Acc
[2025/09/30 21:18:48] - 3.3638 	 	 0.4755 	 3.7418 	 0.2393
[2025/09/30 21:25:20] - 86 	 387.0 	 	 0.1000 	 4.9840 	 0.3142
[2025/09/30 21:25:20] - ==> Building model..
[2025/09/30 21:27:37] - Test Loss 	 Test Acc 	 PGD Loss 	 PGD Acc
[2025/09/30 21:27:37] - 3.3618 	 	 0.4754 	 3.7409 	 0.2392
[2025/09/30 21:34:07] - 87 	 384.7 	 	 0.1000 	 4.9839 	 0.3126
[2025/09/30 21:34:07] - ==> Building model..
[2025/09/30 21:36:24] - Test Loss 	 Test Acc 	 PGD Loss 	 PGD Acc
[2025/09/30 21:36:24] - 3.3603 	 	 0.4750 	 3.7396 	 0.2400
[2025/09/30 21:42:57] - 88 	 387.9 	 	 0.1000 	 4.9833 	 0.3147
[2025/09/30 21:42:57] - ==> Building model..
[2025/09/30 21:45:15] - Test Loss 	 Test Acc 	 PGD Loss 	 PGD Acc
[2025/09/30 21:45:15] - 3.3583 	 	 0.4763 	 3.7381 	 0.2392
[2025/09/30 21:51:46] - 89 	 386.1 	 	 0.1000 	 4.9834 	 0.3149
[2025/09/30 21:51:46] - ==> Building model..
[2025/09/30 21:54:04] - Test Loss 	 Test Acc 	 PGD Loss 	 PGD Acc
[2025/09/30 21:54:04] - 3.3569 	 	 0.4747 	 3.7370 	 0.2394
[2025/09/30 22:00:35] - 90 	 386.3 	 	 0.1000 	 4.9823 	 0.3152
[2025/09/30 22:00:35] - ==> Building model..
[2025/09/30 22:02:55] - Test Loss 	 Test Acc 	 PGD Loss 	 PGD Acc
[2025/09/30 22:02:55] - 3.3552 	 	 0.4752 	 3.7360 	 0.2394
[2025/09/30 22:09:25] - 91 	 385.0 	 	 0.1000 	 4.9827 	 0.3169
[2025/09/30 22:09:25] - ==> Building model..
[2025/09/30 22:11:46] - Test Loss 	 Test Acc 	 PGD Loss 	 PGD Acc
[2025/09/30 22:11:46] - 3.3535 	 	 0.4755 	 3.7345 	 0.2395
[2025/09/30 22:18:17] - 92 	 386.2 	 	 0.1000 	 4.9828 	 0.3146
[2025/09/30 22:18:17] - ==> Building model..
[2025/09/30 22:20:37] - Test Loss 	 Test Acc 	 PGD Loss 	 PGD Acc
[2025/09/30 22:20:37] - 3.3521 	 	 0.4749 	 3.7335 	 0.2405
[2025/09/30 22:27:06] - 93 	 384.2 	 	 0.1000 	 4.9822 	 0.3171
[2025/09/30 22:27:06] - ==> Building model..
[2025/09/30 22:29:28] - Test Loss 	 Test Acc 	 PGD Loss 	 PGD Acc
[2025/09/30 22:29:28] - 3.3509 	 	 0.4763 	 3.7330 	 0.2401
[2025/09/30 22:35:59] - 94 	 386.0 	 	 0.1000 	 4.9830 	 0.3159
[2025/09/30 22:35:59] - ==> Building model..
[2025/09/30 22:38:19] - Test Loss 	 Test Acc 	 PGD Loss 	 PGD Acc
[2025/09/30 22:38:19] - 3.3497 	 	 0.4758 	 3.7322 	 0.2408
[2025/09/30 22:44:50] - 95 	 385.2 	 	 0.1000 	 4.9827 	 0.3156
[2025/09/30 22:44:50] - ==> Building model..
[2025/09/30 22:47:11] - Test Loss 	 Test Acc 	 PGD Loss 	 PGD Acc
[2025/09/30 22:47:11] - 3.3488 	 	 0.4768 	 3.7316 	 0.2400
[2025/09/30 22:53:40] - 96 	 384.5 	 	 0.1000 	 4.9819 	 0.3164
[2025/09/30 22:53:40] - ==> Building model..
[2025/09/30 22:55:59] - Test Loss 	 Test Acc 	 PGD Loss 	 PGD Acc
[2025/09/30 22:55:59] - 3.3476 	 	 0.4766 	 3.7304 	 0.2398
[2025/09/30 23:02:29] - 97 	 384.4 	 	 0.1000 	 4.9821 	 0.3158
[2025/09/30 23:02:29] - ==> Building model..
[2025/09/30 23:04:49] - Test Loss 	 Test Acc 	 PGD Loss 	 PGD Acc
[2025/09/30 23:04:49] - 3.3456 	 	 0.4768 	 3.7295 	 0.2385
[2025/09/30 23:11:19] - 98 	 384.8 	 	 0.1000 	 4.9814 	 0.3159
[2025/09/30 23:11:19] - ==> Building model..
[2025/09/30 23:13:39] - Test Loss 	 Test Acc 	 PGD Loss 	 PGD Acc
[2025/09/30 23:13:39] - 3.3443 	 	 0.4764 	 3.7286 	 0.2391
[2025/09/30 23:20:10] - 99 	 385.4 	 	 0.0100 	 4.8838 	 0.4435
[2025/09/30 23:20:10] - ==> Building model..
[2025/09/30 23:22:30] - Test Loss 	 Test Acc 	 PGD Loss 	 PGD Acc
[2025/09/30 23:22:30] - 3.3442 	 	 0.4765 	 3.7282 	 0.2394
[2025/09/30 23:28:58] - 100 	 382.2 	 	 0.0100 	 4.8160 	 0.5361
[2025/09/30 23:28:58] - ==> Building model..
[2025/09/30 23:31:19] - Test Loss 	 Test Acc 	 PGD Loss 	 PGD Acc
[2025/09/30 23:31:19] - 3.3442 	 	 0.4765 	 3.7289 	 0.2394
[2025/09/30 23:37:48] - 101 	 384.0 	 	 0.0100 	 4.7901 	 0.5776
[2025/09/30 23:37:48] - ==> Building model..
[2025/09/30 23:40:08] - Test Loss 	 Test Acc 	 PGD Loss 	 PGD Acc
[2025/09/30 23:40:08] - 3.3442 	 	 0.4765 	 3.7282 	 0.2396
[2025/09/30 23:46:39] - 102 	 385.2 	 	 0.0100 	 4.7685 	 0.6114
[2025/09/30 23:46:39] - ==> Building model..
[2025/09/30 23:48:59] - Test Loss 	 Test Acc 	 PGD Loss 	 PGD Acc
[2025/09/30 23:48:59] - 3.3442 	 	 0.4765 	 3.7287 	 0.2398
[2025/09/30 23:55:28] - 103 	 383.8 	 	 0.0100 	 4.7499 	 0.6435
[2025/09/30 23:55:28] - ==> Building model..
[2025/09/30 23:57:43] - Test Loss 	 Test Acc 	 PGD Loss 	 PGD Acc
[2025/09/30 23:57:43] - 3.3442 	 	 0.4765 	 3.7283 	 0.2391
[2025/10/01 00:04:13] - 104 	 384.7 	 	 0.0010 	 4.7021 	 0.7210
[2025/10/01 00:04:13] - ==> Building model..
[2025/10/01 00:06:34] - Test Loss 	 Test Acc 	 PGD Loss 	 PGD Acc
[2025/10/01 00:06:34] - 3.3442 	 	 0.4765 	 3.7283 	 0.2390
[2025/10/01 00:13:04] - 105 	 385.3 	 	 0.0010 	 4.6802 	 0.7551
[2025/10/01 00:13:04] - ==> Building model..
[2025/10/01 00:15:25] - Test Loss 	 Test Acc 	 PGD Loss 	 PGD Acc
[2025/10/01 00:15:25] - 3.3442 	 	 0.4765 	 3.7283 	 0.2397
[2025/10/01 00:21:54] - 106 	 383.6 	 	 0.0010 	 4.6735 	 0.7663
[2025/10/01 00:21:54] - ==> Building model..
[2025/10/01 00:24:14] - Test Loss 	 Test Acc 	 PGD Loss 	 PGD Acc
[2025/10/01 00:24:14] - 3.3442 	 	 0.4765 	 3.7282 	 0.2391
[2025/10/01 00:30:43] - 107 	 384.2 	 	 0.0010 	 4.6677 	 0.7747
[2025/10/01 00:30:43] - ==> Building model..
[2025/10/01 00:33:02] - Test Loss 	 Test Acc 	 PGD Loss 	 PGD Acc
[2025/10/01 00:33:02] - 3.3442 	 	 0.4765 	 3.7280 	 0.2398
[2025/10/01 00:39:31] - 108 	 383.9 	 	 0.0010 	 4.6616 	 0.7836
[2025/10/01 00:39:31] - ==> Building model..
[2025/10/01 00:41:50] - Test Loss 	 Test Acc 	 PGD Loss 	 PGD Acc
[2025/10/01 00:41:50] - 3.3442 	 	 0.4765 	 3.7284 	 0.2399
[2025/10/01 00:48:20] - 109 	 384.9 	 	 0.0010 	 4.6548 	 0.7943
[2025/10/01 00:48:20] - ==> Building model..
[2025/10/01 00:50:40] - Test Loss 	 Test Acc 	 PGD Loss 	 PGD Acc
[2025/10/01 00:50:40] - 3.3442 	 	 0.4765 	 3.7286 	 0.2391
[2025/10/01 00:50:40] - [0.0772, 0.1437, 0.1877, 0.216, 0.2354, 0.2518, 0.274, 0.3069, 0.3322, 0.3549, 0.3682, 0.3771, 0.3852, 0.393, 0.4001, 0.4042, 0.4099, 0.4128, 0.4164, 0.4222, 0.4258, 0.4293, 0.4318, 0.4331, 0.4355, 0.4377, 0.4405, 0.4415, 0.4437, 0.4456, 0.4459, 0.4496, 0.451, 0.4524, 0.4517, 0.4539, 0.4545, 0.4558, 0.4575, 0.4591, 0.4594, 0.4604, 0.4608, 0.4613, 0.4627, 0.4617, 0.4627, 0.4632, 0.4628, 0.4624, 0.4637, 0.4644, 0.4636, 0.4636, 0.4649, 0.4662, 0.4655, 0.4642, 0.4645, 0.4637, 0.4649, 0.465, 0.4659, 0.4667, 0.4678, 0.4684, 0.4676, 0.4679, 0.4677, 0.468, 0.4686, 0.4693, 0.4698, 0.4697, 0.4714, 0.4716, 0.4722, 0.4724, 0.4733, 0.4726, 0.4727, 0.4735, 0.4741, 0.4747, 0.4748, 0.4755, 0.4754, 0.475, 0.4763, 0.4747, 0.4752, 0.4755, 0.4749, 0.4763, 0.4758, 0.4768, 0.4766, 0.4768, 0.4764, 0.4765, 0.4765, 0.4765, 0.4765, 0.4765, 0.4765, 0.4765, 0.4765, 0.4765, 0.4765, 0.4765]
[2025/10/01 00:50:40] - [0.0434, 0.0756, 0.0994, 0.1128, 0.1211, 0.1282, 0.1399, 0.1543, 0.1688, 0.1774, 0.1822, 0.1874, 0.1922, 0.1977, 0.2003, 0.2028, 0.2049, 0.2067, 0.2067, 0.2108, 0.2123, 0.2139, 0.2141, 0.2161, 0.2186, 0.2199, 0.2206, 0.2198, 0.2212, 0.2221, 0.2229, 0.2242, 0.2243, 0.2244, 0.2254, 0.2258, 0.2269, 0.2279, 0.2288, 0.229, 0.2296, 0.2297, 0.2311, 0.2313, 0.2318, 0.2314, 0.2315, 0.2316, 0.2323, 0.2335, 0.2334, 0.2331, 0.2332, 0.2343, 0.2348, 0.2358, 0.2367, 0.236, 0.2362, 0.2363, 0.2361, 0.2358, 0.2346, 0.2342, 0.2349, 0.2356, 0.2356, 0.2366, 0.2362, 0.2361, 0.2359, 0.2364, 0.2364, 0.236, 0.236, 0.2363, 0.2379, 0.2376, 0.2372, 0.237, 0.2366, 0.2375, 0.2382, 0.2384, 0.2384, 0.2393, 0.2392, 0.24, 0.2392, 0.2394, 0.2394, 0.2395, 0.2405, 0.2401, 0.2408, 0.24, 0.2398, 0.2385, 0.2391, 0.2394, 0.2394, 0.2396, 0.2398, 0.2391, 0.239, 0.2397, 0.2391, 0.2398, 0.2399, 0.2391]
