[2025/10/12 04:39:31] - Namespace(batch_size=128, data_dir='cifar-data', epochs=100, lr_schedule='multistep', lr_min=0.0, lr_max=0.2, weight_decay=0.0005, momentum=0.9, model='ResNet18', epsilon=8, alpha=8, delta_init='random', normal_mean=0, normal_std=1, out_dir='./output/CIFAR100/lamda_35_lamscale_0.03_run3', seed=0, lamda=35.0, lam_scale=0.03, lam_start=50, gamma=0.05, inner_gamma=0.05, beta=0.2, mu=3.5, batch_m=0.75, early_stop=False, factor=0.5, length=4, n_holes=1, c_num=0.125, EMA_value=0.55)
[2025/10/12 04:39:32] - ==> Building model..
[2025/10/12 04:39:32] - Epoch 	 Seconds 	 LR 	 	 Train Loss 	 Train Acc
[2025/10/12 04:40:19] - 0 	 19.5 	 	 0.2000 	 4.5636 	 0.0419
[2025/10/12 04:40:19] - ==> Building model..
[2025/10/12 04:40:35] - Test Loss 	 Test Acc 	 PGD Loss 	 PGD Acc
[2025/10/12 04:40:35] - 4.2212 	 	 0.0869 	 4.2350 	 0.0572
[2025/10/12 04:41:21] - 1 	 18.8 	 	 0.2000 	 4.4533 	 0.0807
[2025/10/12 04:41:21] - ==> Building model..
[2025/10/12 04:41:37] - Test Loss 	 Test Acc 	 PGD Loss 	 PGD Acc
[2025/10/12 04:41:37] - 3.9796 	 	 0.1515 	 4.0130 	 0.0986
[2025/10/12 04:42:22] - 2 	 18.6 	 	 0.2000 	 4.4011 	 0.1068
[2025/10/12 04:42:22] - ==> Building model..
[2025/10/12 04:42:38] - Test Loss 	 Test Acc 	 PGD Loss 	 PGD Acc
[2025/10/12 04:42:38] - 3.8579 	 	 0.1924 	 3.9071 	 0.1208
[2025/10/12 04:43:19] - 3 	 17.7 	 	 0.2000 	 4.3525 	 0.1306
[2025/10/12 04:43:19] - ==> Building model..
[2025/10/12 04:43:35] - Test Loss 	 Test Acc 	 PGD Loss 	 PGD Acc
[2025/10/12 04:43:35] - 3.6877 	 	 0.2461 	 3.7643 	 0.1460
[2025/10/12 04:44:19] - 4 	 18.5 	 	 0.2000 	 4.3076 	 0.1527
[2025/10/12 04:44:19] - ==> Building model..
[2025/10/12 04:44:36] - Test Loss 	 Test Acc 	 PGD Loss 	 PGD Acc
[2025/10/12 04:44:36] - 3.5065 	 	 0.2837 	 3.6097 	 0.1674
[2025/10/12 04:45:22] - 5 	 20.3 	 	 0.2000 	 4.2689 	 0.1718
[2025/10/12 04:45:22] - ==> Building model..
[2025/10/12 04:45:39] - Test Loss 	 Test Acc 	 PGD Loss 	 PGD Acc
[2025/10/12 04:45:39] - 3.2984 	 	 0.3240 	 3.4342 	 0.1861
[2025/10/12 04:46:26] - 6 	 19.6 	 	 0.2000 	 4.2382 	 0.1897
[2025/10/12 04:46:26] - ==> Building model..
[2025/10/12 04:46:43] - Test Loss 	 Test Acc 	 PGD Loss 	 PGD Acc
[2025/10/12 04:46:43] - 3.1338 	 	 0.3621 	 3.2985 	 0.1964
[2025/10/12 04:47:28] - 7 	 19.0 	 	 0.2000 	 4.2177 	 0.2012
[2025/10/12 04:47:28] - ==> Building model..
[2025/10/12 04:47:45] - Test Loss 	 Test Acc 	 PGD Loss 	 PGD Acc
[2025/10/12 04:47:45] - 3.0233 	 	 0.3892 	 3.2115 	 0.2104
[2025/10/12 04:48:30] - 8 	 19.9 	 	 0.2000 	 4.1995 	 0.2096
[2025/10/12 04:48:30] - ==> Building model..
[2025/10/12 04:48:48] - Test Loss 	 Test Acc 	 PGD Loss 	 PGD Acc
[2025/10/12 04:48:48] - 2.9465 	 	 0.4060 	 3.1526 	 0.2168
[2025/10/12 04:49:34] - 9 	 20.0 	 	 0.2000 	 4.1848 	 0.2182
[2025/10/12 04:49:34] - ==> Building model..
[2025/10/12 04:49:51] - Test Loss 	 Test Acc 	 PGD Loss 	 PGD Acc
[2025/10/12 04:49:51] - 2.8877 	 	 0.4187 	 3.1068 	 0.2260
[2025/10/12 04:50:37] - 10 	 19.8 	 	 0.2000 	 4.1726 	 0.2270
[2025/10/12 04:50:37] - ==> Building model..
[2025/10/12 04:50:54] - Test Loss 	 Test Acc 	 PGD Loss 	 PGD Acc
[2025/10/12 04:50:54] - 2.8480 	 	 0.4287 	 3.0756 	 0.2307
[2025/10/12 04:51:40] - 11 	 19.3 	 	 0.2000 	 4.1644 	 0.2310
[2025/10/12 04:51:40] - ==> Building model..
[2025/10/12 04:51:56] - Test Loss 	 Test Acc 	 PGD Loss 	 PGD Acc
[2025/10/12 04:51:56] - 2.8130 	 	 0.4375 	 3.0491 	 0.2369
[2025/10/12 04:52:42] - 12 	 19.3 	 	 0.2000 	 4.1556 	 0.2366
[2025/10/12 04:52:42] - ==> Building model..
[2025/10/12 04:52:59] - Test Loss 	 Test Acc 	 PGD Loss 	 PGD Acc
[2025/10/12 04:52:59] - 2.7758 	 	 0.4479 	 3.0215 	 0.2411
[2025/10/12 04:53:46] - 13 	 19.9 	 	 0.2000 	 4.1520 	 0.2380
[2025/10/12 04:53:46] - ==> Building model..
[2025/10/12 04:54:02] - Test Loss 	 Test Acc 	 PGD Loss 	 PGD Acc
[2025/10/12 04:54:02] - 2.7476 	 	 0.4519 	 3.0000 	 0.2462
[2025/10/12 04:54:50] - 14 	 20.5 	 	 0.2000 	 4.1460 	 0.2413
[2025/10/12 04:54:50] - ==> Building model..
[2025/10/12 04:55:08] - Test Loss 	 Test Acc 	 PGD Loss 	 PGD Acc
[2025/10/12 04:55:08] - 2.7275 	 	 0.4587 	 2.9849 	 0.2476
[2025/10/12 04:55:54] - 15 	 20.0 	 	 0.2000 	 4.1393 	 0.2458
[2025/10/12 04:55:54] - ==> Building model..
[2025/10/12 04:56:11] - Test Loss 	 Test Acc 	 PGD Loss 	 PGD Acc
[2025/10/12 04:56:11] - 2.7045 	 	 0.4660 	 2.9684 	 0.2495
[2025/10/12 04:56:59] - 16 	 20.5 	 	 0.2000 	 4.1347 	 0.2470
[2025/10/12 04:56:59] - ==> Building model..
[2025/10/12 04:57:16] - Test Loss 	 Test Acc 	 PGD Loss 	 PGD Acc
[2025/10/12 04:57:16] - 2.6944 	 	 0.4696 	 2.9610 	 0.2530
[2025/10/12 04:58:02] - 17 	 19.6 	 	 0.2000 	 4.1327 	 0.2484
[2025/10/12 04:58:02] - ==> Building model..
[2025/10/12 04:58:19] - Test Loss 	 Test Acc 	 PGD Loss 	 PGD Acc
[2025/10/12 04:58:19] - 2.6752 	 	 0.4744 	 2.9473 	 0.2537
[2025/10/12 04:59:05] - 18 	 20.4 	 	 0.2000 	 4.1274 	 0.2526
[2025/10/12 04:59:05] - ==> Building model..
[2025/10/12 04:59:23] - Test Loss 	 Test Acc 	 PGD Loss 	 PGD Acc
[2025/10/12 04:59:23] - 2.6654 	 	 0.4754 	 2.9404 	 0.2560
[2025/10/12 05:00:11] - 19 	 20.6 	 	 0.2000 	 4.1240 	 0.2543
[2025/10/12 05:00:11] - ==> Building model..
[2025/10/12 05:00:28] - Test Loss 	 Test Acc 	 PGD Loss 	 PGD Acc
[2025/10/12 05:00:28] - 2.6543 	 	 0.4778 	 2.9306 	 0.2577
[2025/10/12 05:01:15] - 20 	 19.8 	 	 0.2000 	 4.1214 	 0.2571
[2025/10/12 05:01:15] - ==> Building model..
[2025/10/12 05:01:32] - Test Loss 	 Test Acc 	 PGD Loss 	 PGD Acc
[2025/10/12 05:01:32] - 2.6414 	 	 0.4797 	 2.9215 	 0.2576
[2025/10/12 05:02:18] - 21 	 20.4 	 	 0.2000 	 4.1183 	 0.2570
[2025/10/12 05:02:18] - ==> Building model..
[2025/10/12 05:02:36] - Test Loss 	 Test Acc 	 PGD Loss 	 PGD Acc
[2025/10/12 05:02:36] - 2.6310 	 	 0.4833 	 2.9138 	 0.2573
[2025/10/12 05:03:24] - 22 	 20.6 	 	 0.2000 	 4.1181 	 0.2555
[2025/10/12 05:03:24] - ==> Building model..
[2025/10/12 05:03:41] - Test Loss 	 Test Acc 	 PGD Loss 	 PGD Acc
[2025/10/12 05:03:41] - 2.6233 	 	 0.4850 	 2.9090 	 0.2588
[2025/10/12 05:04:28] - 23 	 20.4 	 	 0.2000 	 4.1157 	 0.2585
[2025/10/12 05:04:28] - ==> Building model..
[2025/10/12 05:04:45] - Test Loss 	 Test Acc 	 PGD Loss 	 PGD Acc
[2025/10/12 05:04:45] - 2.6184 	 	 0.4871 	 2.9059 	 0.2591
[2025/10/12 05:05:31] - 24 	 19.2 	 	 0.2000 	 4.1124 	 0.2597
[2025/10/12 05:05:31] - ==> Building model..
[2025/10/12 05:05:47] - Test Loss 	 Test Acc 	 PGD Loss 	 PGD Acc
[2025/10/12 05:05:47] - 2.6108 	 	 0.4873 	 2.9005 	 0.2614
[2025/10/12 05:06:34] - 25 	 19.7 	 	 0.2000 	 4.1102 	 0.2634
[2025/10/12 05:06:34] - ==> Building model..
[2025/10/12 05:06:51] - Test Loss 	 Test Acc 	 PGD Loss 	 PGD Acc
[2025/10/12 05:06:51] - 2.6029 	 	 0.4923 	 2.8957 	 0.2646
[2025/10/12 05:07:39] - 26 	 20.8 	 	 0.2000 	 4.1078 	 0.2633
[2025/10/12 05:07:39] - ==> Building model..
[2025/10/12 05:07:56] - Test Loss 	 Test Acc 	 PGD Loss 	 PGD Acc
[2025/10/12 05:07:56] - 2.5959 	 	 0.4938 	 2.8889 	 0.2644
[2025/10/12 05:08:44] - 27 	 20.6 	 	 0.2000 	 4.1077 	 0.2648
[2025/10/12 05:08:44] - ==> Building model..
[2025/10/12 05:09:01] - Test Loss 	 Test Acc 	 PGD Loss 	 PGD Acc
[2025/10/12 05:09:01] - 2.5934 	 	 0.4936 	 2.8878 	 0.2659
[2025/10/12 05:09:50] - 28 	 21.0 	 	 0.2000 	 4.1054 	 0.2638
[2025/10/12 05:09:50] - ==> Building model..
[2025/10/12 05:10:08] - Test Loss 	 Test Acc 	 PGD Loss 	 PGD Acc
[2025/10/12 05:10:08] - 2.5921 	 	 0.4956 	 2.8867 	 0.2657
[2025/10/12 05:10:54] - 29 	 19.3 	 	 0.2000 	 4.1047 	 0.2663
[2025/10/12 05:10:54] - ==> Building model..
[2025/10/12 05:11:11] - Test Loss 	 Test Acc 	 PGD Loss 	 PGD Acc
[2025/10/12 05:11:11] - 2.5850 	 	 0.4960 	 2.8814 	 0.2666
[2025/10/12 05:11:58] - 30 	 20.1 	 	 0.2000 	 4.1040 	 0.2662
[2025/10/12 05:11:58] - ==> Building model..
[2025/10/12 05:12:14] - Test Loss 	 Test Acc 	 PGD Loss 	 PGD Acc
[2025/10/12 05:12:14] - 2.5809 	 	 0.4970 	 2.8777 	 0.2686
[2025/10/12 05:13:01] - 31 	 20.0 	 	 0.2000 	 4.1020 	 0.2655
[2025/10/12 05:13:01] - ==> Building model..
[2025/10/12 05:13:18] - Test Loss 	 Test Acc 	 PGD Loss 	 PGD Acc
[2025/10/12 05:13:18] - 2.5774 	 	 0.4982 	 2.8747 	 0.2705
[2025/10/12 05:14:03] - 32 	 19.2 	 	 0.2000 	 4.1014 	 0.2649
[2025/10/12 05:14:03] - ==> Building model..
[2025/10/12 05:14:19] - Test Loss 	 Test Acc 	 PGD Loss 	 PGD Acc
[2025/10/12 05:14:19] - 2.5716 	 	 0.4995 	 2.8704 	 0.2725
[2025/10/12 05:15:07] - 33 	 20.2 	 	 0.2000 	 4.1001 	 0.2689
[2025/10/12 05:15:07] - ==> Building model..
[2025/10/12 05:15:23] - Test Loss 	 Test Acc 	 PGD Loss 	 PGD Acc
[2025/10/12 05:15:23] - 2.5639 	 	 0.5004 	 2.8638 	 0.2721
[2025/10/12 05:16:09] - 34 	 19.9 	 	 0.2000 	 4.1002 	 0.2664
[2025/10/12 05:16:09] - ==> Building model..
[2025/10/12 05:16:26] - Test Loss 	 Test Acc 	 PGD Loss 	 PGD Acc
[2025/10/12 05:16:26] - 2.5615 	 	 0.5015 	 2.8624 	 0.2728
[2025/10/12 05:17:14] - 35 	 20.3 	 	 0.2000 	 4.0961 	 0.2746
[2025/10/12 05:17:14] - ==> Building model..
[2025/10/12 05:17:31] - Test Loss 	 Test Acc 	 PGD Loss 	 PGD Acc
[2025/10/12 05:17:31] - 2.5601 	 	 0.5013 	 2.8611 	 0.2731
[2025/10/12 05:18:19] - 36 	 20.1 	 	 0.2000 	 4.0964 	 0.2715
[2025/10/12 05:18:19] - ==> Building model..
[2025/10/12 05:18:36] - Test Loss 	 Test Acc 	 PGD Loss 	 PGD Acc
[2025/10/12 05:18:36] - 2.5613 	 	 0.5033 	 2.8631 	 0.2732
[2025/10/12 05:19:24] - 37 	 20.7 	 	 0.2000 	 4.0958 	 0.2697
[2025/10/12 05:19:24] - ==> Building model..
[2025/10/12 05:19:42] - Test Loss 	 Test Acc 	 PGD Loss 	 PGD Acc
[2025/10/12 05:19:42] - 2.5624 	 	 0.5028 	 2.8635 	 0.2729
[2025/10/12 05:20:28] - 38 	 19.5 	 	 0.2000 	 4.0938 	 0.2720
[2025/10/12 05:20:28] - ==> Building model..
[2025/10/12 05:20:45] - Test Loss 	 Test Acc 	 PGD Loss 	 PGD Acc
[2025/10/12 05:20:45] - 2.5616 	 	 0.5029 	 2.8628 	 0.2729
[2025/10/12 05:21:32] - 39 	 20.4 	 	 0.2000 	 4.0949 	 0.2702
[2025/10/12 05:21:32] - ==> Building model..
[2025/10/12 05:21:49] - Test Loss 	 Test Acc 	 PGD Loss 	 PGD Acc
[2025/10/12 05:21:49] - 2.5598 	 	 0.5022 	 2.8607 	 0.2716
[2025/10/12 05:22:37] - 40 	 20.1 	 	 0.2000 	 4.0940 	 0.2731
[2025/10/12 05:22:37] - ==> Building model..
[2025/10/12 05:22:54] - Test Loss 	 Test Acc 	 PGD Loss 	 PGD Acc
[2025/10/12 05:22:54] - 2.5597 	 	 0.5024 	 2.8608 	 0.2716
[2025/10/12 05:23:41] - 41 	 20.5 	 	 0.2000 	 4.0949 	 0.2702
[2025/10/12 05:23:41] - ==> Building model..
[2025/10/12 05:23:58] - Test Loss 	 Test Acc 	 PGD Loss 	 PGD Acc
[2025/10/12 05:23:58] - 2.5598 	 	 0.5041 	 2.8607 	 0.2728
[2025/10/12 05:24:44] - 42 	 19.3 	 	 0.2000 	 4.0948 	 0.2693
[2025/10/12 05:24:44] - ==> Building model..
[2025/10/12 05:25:01] - Test Loss 	 Test Acc 	 PGD Loss 	 PGD Acc
[2025/10/12 05:25:01] - 2.5546 	 	 0.5068 	 2.8580 	 0.2724
[2025/10/12 05:25:49] - 43 	 20.5 	 	 0.2000 	 4.0930 	 0.2723
[2025/10/12 05:25:49] - ==> Building model..
[2025/10/12 05:26:06] - Test Loss 	 Test Acc 	 PGD Loss 	 PGD Acc
[2025/10/12 05:26:06] - 2.5524 	 	 0.5099 	 2.8569 	 0.2728
[2025/10/12 05:26:52] - 44 	 20.0 	 	 0.2000 	 4.0925 	 0.2723
[2025/10/12 05:26:52] - ==> Building model..
[2025/10/12 05:27:09] - Test Loss 	 Test Acc 	 PGD Loss 	 PGD Acc
[2025/10/12 05:27:09] - 2.5493 	 	 0.5114 	 2.8551 	 0.2725
[2025/10/12 05:27:57] - 45 	 20.4 	 	 0.2000 	 4.0902 	 0.2739
[2025/10/12 05:27:57] - ==> Building model..
[2025/10/12 05:28:15] - Test Loss 	 Test Acc 	 PGD Loss 	 PGD Acc
[2025/10/12 05:28:15] - 2.5496 	 	 0.5118 	 2.8559 	 0.2735
[2025/10/12 05:29:02] - 46 	 20.5 	 	 0.2000 	 4.0881 	 0.2764
[2025/10/12 05:29:02] - ==> Building model..
[2025/10/12 05:29:19] - Test Loss 	 Test Acc 	 PGD Loss 	 PGD Acc
[2025/10/12 05:29:19] - 2.5488 	 	 0.5131 	 2.8568 	 0.2751
[2025/10/12 05:30:06] - 47 	 20.6 	 	 0.2000 	 4.0909 	 0.2720
[2025/10/12 05:30:06] - ==> Building model..
[2025/10/12 05:30:23] - Test Loss 	 Test Acc 	 PGD Loss 	 PGD Acc
[2025/10/12 05:30:23] - 2.5461 	 	 0.5136 	 2.8551 	 0.2757
[2025/10/12 05:31:12] - 48 	 20.6 	 	 0.2000 	 4.0878 	 0.2776
[2025/10/12 05:31:12] - ==> Building model..
[2025/10/12 05:31:30] - Test Loss 	 Test Acc 	 PGD Loss 	 PGD Acc
[2025/10/12 05:31:30] - 2.5437 	 	 0.5137 	 2.8527 	 0.2775
[2025/10/12 05:32:18] - 49 	 20.4 	 	 0.2000 	 4.0876 	 0.2754
[2025/10/12 05:32:18] - ==> Building model..
[2025/10/12 05:32:35] - Test Loss 	 Test Acc 	 PGD Loss 	 PGD Acc
[2025/10/12 05:32:35] - 2.5434 	 	 0.5141 	 2.8522 	 0.2774
[2025/10/12 05:33:22] - 50 	 20.5 	 	 0.2000 	 4.0880 	 0.2751
[2025/10/12 05:33:22] - ==> Building model..
[2025/10/12 05:33:39] - Test Loss 	 Test Acc 	 PGD Loss 	 PGD Acc
[2025/10/12 05:33:39] - 2.5438 	 	 0.5142 	 2.8523 	 0.2760
[2025/10/12 05:34:27] - 51 	 20.3 	 	 0.2000 	 4.0888 	 0.2749
[2025/10/12 05:34:27] - ==> Building model..
[2025/10/12 05:34:43] - Test Loss 	 Test Acc 	 PGD Loss 	 PGD Acc
[2025/10/12 05:34:43] - 2.5408 	 	 0.5150 	 2.8496 	 0.2776
[2025/10/12 05:35:30] - 52 	 20.1 	 	 0.2000 	 4.0877 	 0.2757
[2025/10/12 05:35:30] - ==> Building model..
[2025/10/12 05:35:47] - Test Loss 	 Test Acc 	 PGD Loss 	 PGD Acc
[2025/10/12 05:35:47] - 2.5383 	 	 0.5153 	 2.8480 	 0.2784
[2025/10/12 05:36:36] - 53 	 21.0 	 	 0.2000 	 4.0869 	 0.2758
[2025/10/12 05:36:36] - ==> Building model..
[2025/10/12 05:36:54] - Test Loss 	 Test Acc 	 PGD Loss 	 PGD Acc
[2025/10/12 05:36:54] - 2.5396 	 	 0.5138 	 2.8474 	 0.2779
[2025/10/12 05:37:41] - 54 	 20.5 	 	 0.2000 	 4.0898 	 0.2751
[2025/10/12 05:37:41] - ==> Building model..
[2025/10/12 05:37:59] - Test Loss 	 Test Acc 	 PGD Loss 	 PGD Acc
[2025/10/12 05:37:59] - 2.5381 	 	 0.5145 	 2.8465 	 0.2789
[2025/10/12 05:38:47] - 55 	 20.7 	 	 0.2000 	 4.0872 	 0.2762
[2025/10/12 05:38:47] - ==> Building model..
[2025/10/12 05:39:05] - Test Loss 	 Test Acc 	 PGD Loss 	 PGD Acc
[2025/10/12 05:39:05] - 2.5353 	 	 0.5166 	 2.8447 	 0.2788
[2025/10/12 05:39:53] - 56 	 20.8 	 	 0.2000 	 4.0879 	 0.2771
[2025/10/12 05:39:53] - ==> Building model..
[2025/10/12 05:40:10] - Test Loss 	 Test Acc 	 PGD Loss 	 PGD Acc
[2025/10/12 05:40:10] - 2.5354 	 	 0.5171 	 2.8454 	 0.2792
[2025/10/12 05:40:57] - 57 	 20.0 	 	 0.2000 	 4.0888 	 0.2791
[2025/10/12 05:40:57] - ==> Building model..
[2025/10/12 05:41:13] - Test Loss 	 Test Acc 	 PGD Loss 	 PGD Acc
[2025/10/12 05:41:13] - 2.5398 	 	 0.5160 	 2.8496 	 0.2789
[2025/10/12 05:41:58] - 58 	 18.7 	 	 0.2000 	 4.0875 	 0.2786
[2025/10/12 05:41:58] - ==> Building model..
[2025/10/12 05:42:14] - Test Loss 	 Test Acc 	 PGD Loss 	 PGD Acc
[2025/10/12 05:42:14] - 2.5429 	 	 0.5150 	 2.8520 	 0.2792
[2025/10/12 05:43:00] - 59 	 19.0 	 	 0.2000 	 4.0892 	 0.2760
[2025/10/12 05:43:00] - ==> Building model..
[2025/10/12 05:43:16] - Test Loss 	 Test Acc 	 PGD Loss 	 PGD Acc
[2025/10/12 05:43:16] - 2.5465 	 	 0.5139 	 2.8542 	 0.2798
[2025/10/12 05:44:04] - 60 	 20.2 	 	 0.2000 	 4.0856 	 0.2800
[2025/10/12 05:44:04] - ==> Building model..
[2025/10/12 05:44:20] - Test Loss 	 Test Acc 	 PGD Loss 	 PGD Acc
[2025/10/12 05:44:20] - 2.5471 	 	 0.5150 	 2.8544 	 0.2789
[2025/10/12 05:45:07] - 61 	 19.8 	 	 0.2000 	 4.0880 	 0.2758
[2025/10/12 05:45:07] - ==> Building model..
[2025/10/12 05:45:23] - Test Loss 	 Test Acc 	 PGD Loss 	 PGD Acc
[2025/10/12 05:45:23] - 2.5479 	 	 0.5158 	 2.8541 	 0.2792
[2025/10/12 05:46:09] - 62 	 19.2 	 	 0.2000 	 4.0872 	 0.2791
[2025/10/12 05:46:09] - ==> Building model..
[2025/10/12 05:46:26] - Test Loss 	 Test Acc 	 PGD Loss 	 PGD Acc
[2025/10/12 05:46:26] - 2.5488 	 	 0.5159 	 2.8542 	 0.2801
[2025/10/12 05:47:11] - 63 	 18.9 	 	 0.2000 	 4.0886 	 0.2766
[2025/10/12 05:47:11] - ==> Building model..
[2025/10/12 05:47:28] - Test Loss 	 Test Acc 	 PGD Loss 	 PGD Acc
[2025/10/12 05:47:28] - 2.5491 	 	 0.5154 	 2.8541 	 0.2807
[2025/10/12 05:48:15] - 64 	 19.7 	 	 0.2000 	 4.0856 	 0.2786
[2025/10/12 05:48:15] - ==> Building model..
[2025/10/12 05:48:31] - Test Loss 	 Test Acc 	 PGD Loss 	 PGD Acc
[2025/10/12 05:48:31] - 2.5490 	 	 0.5171 	 2.8542 	 0.2806
[2025/10/12 05:49:16] - 65 	 18.7 	 	 0.2000 	 4.0870 	 0.2786
[2025/10/12 05:49:16] - ==> Building model..
[2025/10/12 05:49:33] - Test Loss 	 Test Acc 	 PGD Loss 	 PGD Acc
[2025/10/12 05:49:33] - 2.5510 	 	 0.5169 	 2.8561 	 0.2797
[2025/10/12 05:50:17] - 66 	 18.8 	 	 0.2000 	 4.0867 	 0.2775
[2025/10/12 05:50:17] - ==> Building model..
[2025/10/12 05:50:34] - Test Loss 	 Test Acc 	 PGD Loss 	 PGD Acc
[2025/10/12 05:50:34] - 2.5508 	 	 0.5166 	 2.8556 	 0.2801
[2025/10/12 05:51:19] - 67 	 18.7 	 	 0.2000 	 4.0877 	 0.2773
[2025/10/12 05:51:19] - ==> Building model..
[2025/10/12 05:51:36] - Test Loss 	 Test Acc 	 PGD Loss 	 PGD Acc
[2025/10/12 05:51:36] - 2.5517 	 	 0.5160 	 2.8560 	 0.2798
[2025/10/12 05:52:25] - 68 	 20.8 	 	 0.2000 	 4.0880 	 0.2784
[2025/10/12 05:52:25] - ==> Building model..
[2025/10/12 05:52:42] - Test Loss 	 Test Acc 	 PGD Loss 	 PGD Acc
[2025/10/12 05:52:42] - 2.5540 	 	 0.5158 	 2.8573 	 0.2806
[2025/10/12 05:53:28] - 69 	 19.5 	 	 0.2000 	 4.0884 	 0.2775
[2025/10/12 05:53:28] - ==> Building model..
[2025/10/12 05:53:45] - Test Loss 	 Test Acc 	 PGD Loss 	 PGD Acc
[2025/10/12 05:53:45] - 2.5553 	 	 0.5170 	 2.8582 	 0.2799
[2025/10/12 05:54:30] - 70 	 19.0 	 	 0.2000 	 4.0893 	 0.2776
[2025/10/12 05:54:30] - ==> Building model..
[2025/10/12 05:54:46] - Test Loss 	 Test Acc 	 PGD Loss 	 PGD Acc
[2025/10/12 05:54:46] - 2.5576 	 	 0.5170 	 2.8603 	 0.2808
[2025/10/12 05:55:34] - 71 	 19.7 	 	 0.2000 	 4.0877 	 0.2777
[2025/10/12 05:55:34] - ==> Building model..
[2025/10/12 05:55:51] - Test Loss 	 Test Acc 	 PGD Loss 	 PGD Acc
[2025/10/12 05:55:51] - 2.5589 	 	 0.5167 	 2.8606 	 0.2809
[2025/10/12 05:56:35] - 72 	 18.5 	 	 0.2000 	 4.0874 	 0.2773
[2025/10/12 05:56:35] - ==> Building model..
[2025/10/12 05:56:51] - Test Loss 	 Test Acc 	 PGD Loss 	 PGD Acc
[2025/10/12 05:56:51] - 2.5582 	 	 0.5172 	 2.8603 	 0.2806
[2025/10/12 05:57:36] - 73 	 18.9 	 	 0.2000 	 4.0872 	 0.2778
[2025/10/12 05:57:36] - ==> Building model..
[2025/10/12 05:57:53] - Test Loss 	 Test Acc 	 PGD Loss 	 PGD Acc
[2025/10/12 05:57:53] - 2.5601 	 	 0.5174 	 2.8619 	 0.2786
[2025/10/12 05:58:38] - 74 	 18.7 	 	 0.2000 	 4.0886 	 0.2777
[2025/10/12 05:58:38] - ==> Building model..
[2025/10/12 05:58:54] - Test Loss 	 Test Acc 	 PGD Loss 	 PGD Acc
[2025/10/12 05:58:54] - 2.5609 	 	 0.5173 	 2.8617 	 0.2799
[2025/10/12 05:59:40] - 75 	 19.1 	 	 0.2000 	 4.0883 	 0.2789
[2025/10/12 05:59:40] - ==> Building model..
[2025/10/12 05:59:57] - Test Loss 	 Test Acc 	 PGD Loss 	 PGD Acc
[2025/10/12 05:59:57] - 2.5618 	 	 0.5168 	 2.8625 	 0.2802
[2025/10/12 06:00:44] - 76 	 20.2 	 	 0.2000 	 4.0884 	 0.2792
[2025/10/12 06:00:44] - ==> Building model..
[2025/10/12 06:01:02] - Test Loss 	 Test Acc 	 PGD Loss 	 PGD Acc
[2025/10/12 06:01:02] - 2.5636 	 	 0.5166 	 2.8631 	 0.2795
[2025/10/12 06:01:50] - 77 	 21.1 	 	 0.2000 	 4.0870 	 0.2791
[2025/10/12 06:01:50] - ==> Building model..
[2025/10/12 06:02:07] - Test Loss 	 Test Acc 	 PGD Loss 	 PGD Acc
[2025/10/12 06:02:07] - 2.5644 	 	 0.5187 	 2.8641 	 0.2800
[2025/10/12 06:02:51] - 78 	 18.7 	 	 0.2000 	 4.0892 	 0.2792
[2025/10/12 06:02:51] - ==> Building model..
[2025/10/12 06:03:08] - Test Loss 	 Test Acc 	 PGD Loss 	 PGD Acc
[2025/10/12 06:03:08] - 2.5656 	 	 0.5189 	 2.8651 	 0.2792
[2025/10/12 06:03:54] - 79 	 19.3 	 	 0.2000 	 4.0880 	 0.2778
[2025/10/12 06:03:54] - ==> Building model..
[2025/10/12 06:04:11] - Test Loss 	 Test Acc 	 PGD Loss 	 PGD Acc
[2025/10/12 06:04:11] - 2.5662 	 	 0.5183 	 2.8651 	 0.2804
[2025/10/12 06:04:57] - 80 	 19.1 	 	 0.2000 	 4.0877 	 0.2806
[2025/10/12 06:04:57] - ==> Building model..
[2025/10/12 06:05:13] - Test Loss 	 Test Acc 	 PGD Loss 	 PGD Acc
[2025/10/12 06:05:13] - 2.5674 	 	 0.5178 	 2.8657 	 0.2798
[2025/10/12 06:05:59] - 81 	 18.8 	 	 0.2000 	 4.0888 	 0.2793
[2025/10/12 06:05:59] - ==> Building model..
[2025/10/12 06:06:15] - Test Loss 	 Test Acc 	 PGD Loss 	 PGD Acc
[2025/10/12 06:06:15] - 2.5712 	 	 0.5177 	 2.8688 	 0.2799
[2025/10/12 06:07:00] - 82 	 18.8 	 	 0.2000 	 4.0893 	 0.2793
[2025/10/12 06:07:00] - ==> Building model..
[2025/10/12 06:07:16] - Test Loss 	 Test Acc 	 PGD Loss 	 PGD Acc
[2025/10/12 06:07:16] - 2.5711 	 	 0.5167 	 2.8691 	 0.2824
[2025/10/12 06:08:00] - 83 	 18.8 	 	 0.2000 	 4.0870 	 0.2794
[2025/10/12 06:08:00] - ==> Building model..
[2025/10/12 06:08:16] - Test Loss 	 Test Acc 	 PGD Loss 	 PGD Acc
[2025/10/12 06:08:16] - 2.5729 	 	 0.5165 	 2.8700 	 0.2819
[2025/10/12 06:09:04] - 84 	 20.2 	 	 0.2000 	 4.0895 	 0.2784
[2025/10/12 06:09:04] - ==> Building model..
[2025/10/12 06:09:21] - Test Loss 	 Test Acc 	 PGD Loss 	 PGD Acc
[2025/10/12 06:09:21] - 2.5741 	 	 0.5166 	 2.8707 	 0.2824
[2025/10/12 06:10:09] - 85 	 20.8 	 	 0.2000 	 4.0894 	 0.2788
[2025/10/12 06:10:09] - ==> Building model..
[2025/10/12 06:10:26] - Test Loss 	 Test Acc 	 PGD Loss 	 PGD Acc
[2025/10/12 06:10:26] - 2.5763 	 	 0.5154 	 2.8724 	 0.2824
[2025/10/12 06:11:14] - 86 	 20.5 	 	 0.2000 	 4.0905 	 0.2812
[2025/10/12 06:11:14] - ==> Building model..
[2025/10/12 06:11:31] - Test Loss 	 Test Acc 	 PGD Loss 	 PGD Acc
[2025/10/12 06:11:31] - 2.5789 	 	 0.5144 	 2.8744 	 0.2827
[2025/10/12 06:12:16] - 87 	 18.7 	 	 0.2000 	 4.0888 	 0.2796
[2025/10/12 06:12:16] - ==> Building model..
[2025/10/12 06:12:32] - Test Loss 	 Test Acc 	 PGD Loss 	 PGD Acc
[2025/10/12 06:12:32] - 2.5802 	 	 0.5163 	 2.8753 	 0.2827
[2025/10/12 06:13:18] - 88 	 18.9 	 	 0.2000 	 4.0898 	 0.2784
[2025/10/12 06:13:18] - ==> Building model..
[2025/10/12 06:13:34] - Test Loss 	 Test Acc 	 PGD Loss 	 PGD Acc
[2025/10/12 06:13:34] - 2.5828 	 	 0.5174 	 2.8769 	 0.2822
[2025/10/12 06:14:19] - 89 	 18.7 	 	 0.2000 	 4.0888 	 0.2800
[2025/10/12 06:14:19] - ==> Building model..
[2025/10/12 06:14:36] - Test Loss 	 Test Acc 	 PGD Loss 	 PGD Acc
[2025/10/12 06:14:36] - 2.5840 	 	 0.5183 	 2.8776 	 0.2828
[2025/10/12 06:15:21] - 90 	 18.1 	 	 0.0200 	 3.9936 	 0.3421
[2025/10/12 06:15:21] - ==> Building model..
[2025/10/12 06:15:38] - Test Loss 	 Test Acc 	 PGD Loss 	 PGD Acc
[2025/10/12 06:15:38] - 2.5819 	 	 0.5182 	 2.8758 	 0.2834
[2025/10/12 06:16:21] - 91 	 17.9 	 	 0.0200 	 3.9007 	 0.4014
[2025/10/12 06:16:21] - ==> Building model..
[2025/10/12 06:16:38] - Test Loss 	 Test Acc 	 PGD Loss 	 PGD Acc
[2025/10/12 06:16:38] - 2.5800 	 	 0.5191 	 2.8749 	 0.2828
[2025/10/12 06:17:22] - 92 	 18.2 	 	 0.0200 	 3.8742 	 0.4194
[2025/10/12 06:17:22] - ==> Building model..
[2025/10/12 06:17:39] - Test Loss 	 Test Acc 	 PGD Loss 	 PGD Acc
[2025/10/12 06:17:39] - 2.5798 	 	 0.5193 	 2.8749 	 0.2832
[2025/10/12 06:18:25] - 93 	 18.9 	 	 0.0200 	 3.8562 	 0.4332
[2025/10/12 06:18:25] - ==> Building model..
[2025/10/12 06:18:41] - Test Loss 	 Test Acc 	 PGD Loss 	 PGD Acc
[2025/10/12 06:18:41] - 2.5806 	 	 0.5194 	 2.8751 	 0.2836
[2025/10/12 06:19:25] - 94 	 17.8 	 	 0.0200 	 3.8410 	 0.4421
[2025/10/12 06:19:25] - ==> Building model..
[2025/10/12 06:19:41] - Test Loss 	 Test Acc 	 PGD Loss 	 PGD Acc
[2025/10/12 06:19:41] - 2.5826 	 	 0.5195 	 2.8776 	 0.2830
[2025/10/12 06:20:28] - 95 	 19.4 	 	 0.0200 	 3.8289 	 0.4516
[2025/10/12 06:20:28] - ==> Building model..
[2025/10/12 06:20:46] - Test Loss 	 Test Acc 	 PGD Loss 	 PGD Acc
[2025/10/12 06:20:46] - 2.5853 	 	 0.5192 	 2.8800 	 0.2831
[2025/10/12 06:21:33] - 96 	 19.6 	 	 0.0200 	 3.8188 	 0.4594
[2025/10/12 06:21:33] - ==> Building model..
[2025/10/12 06:21:50] - Test Loss 	 Test Acc 	 PGD Loss 	 PGD Acc
[2025/10/12 06:21:50] - 2.5882 	 	 0.5190 	 2.8812 	 0.2840
[2025/10/12 06:22:35] - 97 	 18.9 	 	 0.0200 	 3.8092 	 0.4679
[2025/10/12 06:22:35] - ==> Building model..
[2025/10/12 06:22:52] - Test Loss 	 Test Acc 	 PGD Loss 	 PGD Acc
[2025/10/12 06:22:52] - 2.5900 	 	 0.5187 	 2.8829 	 0.2837
[2025/10/12 06:23:38] - 98 	 18.9 	 	 0.0200 	 3.8000 	 0.4756
[2025/10/12 06:23:38] - ==> Building model..
[2025/10/12 06:23:55] - Test Loss 	 Test Acc 	 PGD Loss 	 PGD Acc
[2025/10/12 06:23:55] - 2.5921 	 	 0.5188 	 2.8848 	 0.2831
[2025/10/12 06:24:39] - 99 	 17.7 	 	 0.0200 	 3.7934 	 0.4790
[2025/10/12 06:24:39] - ==> Building model..
[2025/10/12 06:24:55] - Test Loss 	 Test Acc 	 PGD Loss 	 PGD Acc
[2025/10/12 06:24:55] - 2.5933 	 	 0.5189 	 2.8856 	 0.2842
[2025/10/12 06:24:56] - [0.0869, 0.1515, 0.1924, 0.2461, 0.2837, 0.324, 0.3621, 0.3892, 0.406, 0.4187, 0.4287, 0.4375, 0.4479, 0.4519, 0.4587, 0.466, 0.4696, 0.4744, 0.4754, 0.4778, 0.4797, 0.4833, 0.485, 0.4871, 0.4873, 0.4923, 0.4938, 0.4936, 0.4956, 0.496, 0.497, 0.4982, 0.4995, 0.5004, 0.5015, 0.5013, 0.5033, 0.5028, 0.5029, 0.5022, 0.5024, 0.5041, 0.5068, 0.5099, 0.5114, 0.5118, 0.5131, 0.5136, 0.5137, 0.5141, 0.5142, 0.515, 0.5153, 0.5138, 0.5145, 0.5166, 0.5171, 0.516, 0.515, 0.5139, 0.515, 0.5158, 0.5159, 0.5154, 0.5171, 0.5169, 0.5166, 0.516, 0.5158, 0.517, 0.517, 0.5167, 0.5172, 0.5174, 0.5173, 0.5168, 0.5166, 0.5187, 0.5189, 0.5183, 0.5178, 0.5177, 0.5167, 0.5165, 0.5166, 0.5154, 0.5144, 0.5163, 0.5174, 0.5183, 0.5182, 0.5191, 0.5193, 0.5194, 0.5195, 0.5192, 0.519, 0.5187, 0.5188, 0.5189]
[2025/10/12 06:24:56] - [0.0572, 0.0986, 0.1208, 0.146, 0.1674, 0.1861, 0.1964, 0.2104, 0.2168, 0.226, 0.2307, 0.2369, 0.2411, 0.2462, 0.2476, 0.2495, 0.253, 0.2537, 0.256, 0.2577, 0.2576, 0.2573, 0.2588, 0.2591, 0.2614, 0.2646, 0.2644, 0.2659, 0.2657, 0.2666, 0.2686, 0.2705, 0.2725, 0.2721, 0.2728, 0.2731, 0.2732, 0.2729, 0.2729, 0.2716, 0.2716, 0.2728, 0.2724, 0.2728, 0.2725, 0.2735, 0.2751, 0.2757, 0.2775, 0.2774, 0.276, 0.2776, 0.2784, 0.2779, 0.2789, 0.2788, 0.2792, 0.2789, 0.2792, 0.2798, 0.2789, 0.2792, 0.2801, 0.2807, 0.2806, 0.2797, 0.2801, 0.2798, 0.2806, 0.2799, 0.2808, 0.2809, 0.2806, 0.2786, 0.2799, 0.2802, 0.2795, 0.28, 0.2792, 0.2804, 0.2798, 0.2799, 0.2824, 0.2819, 0.2824, 0.2824, 0.2827, 0.2827, 0.2822, 0.2828, 0.2834, 0.2828, 0.2832, 0.2836, 0.283, 0.2831, 0.284, 0.2837, 0.2831, 0.2842]
