[2025/10/14 20:22:11] - Namespace(batch_size=128, data_dir='cifar-data', epochs=100, lr_schedule='multistep', lr_min=0.0, lr_max=0.2, weight_decay=0.0005, momentum=0.9, model='ResNet18', epsilon=8, alpha=8, delta_init='random', normal_mean=0, normal_std=1, out_dir='./output/CIFAR100/lamda_37_lamscale_0.08_run2', seed=0, lamda=37.0, lam_scale=0.08, lam_start=50, gamma=0.05, inner_gamma=0.05, beta=0.2, mu=3.5, batch_m=0.75, early_stop=False, factor=0.5, length=4, n_holes=1, c_num=0.125, EMA_value=0.55)
[2025/10/14 20:22:13] - ==> Building model..
[2025/10/14 20:22:13] - Epoch 	 Seconds 	 LR 	 	 Train Loss 	 Train Acc
[2025/10/14 20:23:05] - 0 	 24.9 	 	 0.2000 	 4.5692 	 0.0395
[2025/10/14 20:23:05] - ==> Building model..
[2025/10/14 20:23:24] - Test Loss 	 Test Acc 	 PGD Loss 	 PGD Acc
[2025/10/14 20:23:24] - 4.2069 	 	 0.0899 	 4.2215 	 0.0601
[2025/10/14 20:24:14] - 1 	 23.3 	 	 0.2000 	 4.4574 	 0.0795
[2025/10/14 20:24:14] - ==> Building model..
[2025/10/14 20:24:33] - Test Loss 	 Test Acc 	 PGD Loss 	 PGD Acc
[2025/10/14 20:24:33] - 4.0144 	 	 0.1473 	 4.0444 	 0.0954
[2025/10/14 20:25:23] - 2 	 22.9 	 	 0.2000 	 4.4040 	 0.1048
[2025/10/14 20:25:23] - ==> Building model..
[2025/10/14 20:25:42] - Test Loss 	 Test Acc 	 PGD Loss 	 PGD Acc
[2025/10/14 20:25:42] - 3.8801 	 	 0.1916 	 3.9280 	 0.1170
[2025/10/14 20:26:32] - 3 	 22.8 	 	 0.2000 	 4.3554 	 0.1289
[2025/10/14 20:26:32] - ==> Building model..
[2025/10/14 20:26:51] - Test Loss 	 Test Acc 	 PGD Loss 	 PGD Acc
[2025/10/14 20:26:51] - 3.6972 	 	 0.2391 	 3.7701 	 0.1417
[2025/10/14 20:27:41] - 4 	 23.7 	 	 0.2000 	 4.3114 	 0.1510
[2025/10/14 20:27:41] - ==> Building model..
[2025/10/14 20:28:01] - Test Loss 	 Test Acc 	 PGD Loss 	 PGD Acc
[2025/10/14 20:28:01] - 3.5628 	 	 0.2735 	 3.6594 	 0.1655
[2025/10/14 20:28:53] - 5 	 24.5 	 	 0.2000 	 4.2743 	 0.1686
[2025/10/14 20:28:53] - ==> Building model..
[2025/10/14 20:29:12] - Test Loss 	 Test Acc 	 PGD Loss 	 PGD Acc
[2025/10/14 20:29:12] - 3.3631 	 	 0.3129 	 3.4892 	 0.1791
[2025/10/14 20:30:04] - 6 	 24.2 	 	 0.2000 	 4.2432 	 0.1865
[2025/10/14 20:30:04] - ==> Building model..
[2025/10/14 20:30:23] - Test Loss 	 Test Acc 	 PGD Loss 	 PGD Acc
[2025/10/14 20:30:23] - 3.1742 	 	 0.3537 	 3.3317 	 0.1954
[2025/10/14 20:31:14] - 7 	 23.9 	 	 0.2000 	 4.2227 	 0.1978
[2025/10/14 20:31:14] - ==> Building model..
[2025/10/14 20:31:34] - Test Loss 	 Test Acc 	 PGD Loss 	 PGD Acc
[2025/10/14 20:31:34] - 3.0594 	 	 0.3830 	 3.2402 	 0.2073
[2025/10/14 20:32:24] - 8 	 23.5 	 	 0.2000 	 4.2036 	 0.2087
[2025/10/14 20:32:24] - ==> Building model..
[2025/10/14 20:32:43] - Test Loss 	 Test Acc 	 PGD Loss 	 PGD Acc
[2025/10/14 20:32:43] - 2.9650 	 	 0.4032 	 3.1674 	 0.2164
[2025/10/14 20:33:32] - 9 	 23.4 	 	 0.2000 	 4.1883 	 0.2177
[2025/10/14 20:33:32] - ==> Building model..
[2025/10/14 20:33:52] - Test Loss 	 Test Acc 	 PGD Loss 	 PGD Acc
[2025/10/14 20:33:52] - 2.9052 	 	 0.4184 	 3.1210 	 0.2245
[2025/10/14 20:34:43] - 10 	 23.8 	 	 0.2000 	 4.1756 	 0.2248
[2025/10/14 20:34:43] - ==> Building model..
[2025/10/14 20:35:02] - Test Loss 	 Test Acc 	 PGD Loss 	 PGD Acc
[2025/10/14 20:35:02] - 2.8567 	 	 0.4298 	 3.0840 	 0.2312
[2025/10/14 20:35:51] - 11 	 23.6 	 	 0.2000 	 4.1675 	 0.2297
[2025/10/14 20:35:51] - ==> Building model..
[2025/10/14 20:36:11] - Test Loss 	 Test Acc 	 PGD Loss 	 PGD Acc
[2025/10/14 20:36:11] - 2.8141 	 	 0.4409 	 3.0515 	 0.2353
[2025/10/14 20:37:00] - 12 	 23.3 	 	 0.2000 	 4.1585 	 0.2356
[2025/10/14 20:37:00] - ==> Building model..
[2025/10/14 20:37:19] - Test Loss 	 Test Acc 	 PGD Loss 	 PGD Acc
[2025/10/14 20:37:19] - 2.7833 	 	 0.4467 	 3.0276 	 0.2399
[2025/10/14 20:38:09] - 13 	 23.7 	 	 0.2000 	 4.1544 	 0.2364
[2025/10/14 20:38:09] - ==> Building model..
[2025/10/14 20:38:28] - Test Loss 	 Test Acc 	 PGD Loss 	 PGD Acc
[2025/10/14 20:38:28] - 2.7509 	 	 0.4539 	 3.0028 	 0.2423
[2025/10/14 20:39:18] - 14 	 23.2 	 	 0.2000 	 4.1487 	 0.2412
[2025/10/14 20:39:18] - ==> Building model..
[2025/10/14 20:39:37] - Test Loss 	 Test Acc 	 PGD Loss 	 PGD Acc
[2025/10/14 20:39:37] - 2.7341 	 	 0.4587 	 2.9899 	 0.2465
[2025/10/14 20:40:25] - 15 	 23.0 	 	 0.2000 	 4.1402 	 0.2462
[2025/10/14 20:40:25] - ==> Building model..
[2025/10/14 20:40:44] - Test Loss 	 Test Acc 	 PGD Loss 	 PGD Acc
[2025/10/14 20:40:44] - 2.7140 	 	 0.4601 	 2.9745 	 0.2509
[2025/10/14 20:41:34] - 16 	 23.3 	 	 0.2000 	 4.1351 	 0.2489
[2025/10/14 20:41:34] - ==> Building model..
[2025/10/14 20:41:53] - Test Loss 	 Test Acc 	 PGD Loss 	 PGD Acc
[2025/10/14 20:41:53] - 2.6923 	 	 0.4670 	 2.9569 	 0.2515
[2025/10/14 20:42:43] - 17 	 23.5 	 	 0.2000 	 4.1330 	 0.2497
[2025/10/14 20:42:43] - ==> Building model..
[2025/10/14 20:43:02] - Test Loss 	 Test Acc 	 PGD Loss 	 PGD Acc
[2025/10/14 20:43:02] - 2.6792 	 	 0.4725 	 2.9479 	 0.2533
[2025/10/14 20:43:52] - 18 	 23.3 	 	 0.2000 	 4.1286 	 0.2512
[2025/10/14 20:43:52] - ==> Building model..
[2025/10/14 20:44:11] - Test Loss 	 Test Acc 	 PGD Loss 	 PGD Acc
[2025/10/14 20:44:11] - 2.6737 	 	 0.4731 	 2.9452 	 0.2552
[2025/10/14 20:45:00] - 19 	 23.8 	 	 0.2000 	 4.1251 	 0.2537
[2025/10/14 20:45:00] - ==> Building model..
[2025/10/14 20:45:19] - Test Loss 	 Test Acc 	 PGD Loss 	 PGD Acc
[2025/10/14 20:45:19] - 2.6636 	 	 0.4752 	 2.9375 	 0.2581
[2025/10/14 20:46:06] - 20 	 22.5 	 	 0.2000 	 4.1229 	 0.2566
[2025/10/14 20:46:06] - ==> Building model..
[2025/10/14 20:46:25] - Test Loss 	 Test Acc 	 PGD Loss 	 PGD Acc
[2025/10/14 20:46:25] - 2.6519 	 	 0.4802 	 2.9297 	 0.2592
[2025/10/14 20:47:15] - 21 	 23.5 	 	 0.2000 	 4.1182 	 0.2585
[2025/10/14 20:47:15] - ==> Building model..
[2025/10/14 20:47:34] - Test Loss 	 Test Acc 	 PGD Loss 	 PGD Acc
[2025/10/14 20:47:34] - 2.6374 	 	 0.4829 	 2.9183 	 0.2581
[2025/10/14 20:48:24] - 22 	 23.5 	 	 0.2000 	 4.1185 	 0.2588
[2025/10/14 20:48:24] - ==> Building model..
[2025/10/14 20:48:44] - Test Loss 	 Test Acc 	 PGD Loss 	 PGD Acc
[2025/10/14 20:48:44] - 2.6274 	 	 0.4866 	 2.9116 	 0.2603
[2025/10/14 20:49:34] - 23 	 24.3 	 	 0.2000 	 4.1174 	 0.2578
[2025/10/14 20:49:34] - ==> Building model..
[2025/10/14 20:49:54] - Test Loss 	 Test Acc 	 PGD Loss 	 PGD Acc
[2025/10/14 20:49:54] - 2.6216 	 	 0.4881 	 2.9066 	 0.2599
[2025/10/14 20:50:45] - 24 	 24.4 	 	 0.2000 	 4.1130 	 0.2597
[2025/10/14 20:50:45] - ==> Building model..
[2025/10/14 20:51:05] - Test Loss 	 Test Acc 	 PGD Loss 	 PGD Acc
[2025/10/14 20:51:05] - 2.6150 	 	 0.4900 	 2.9023 	 0.2631
[2025/10/14 20:51:55] - 25 	 23.5 	 	 0.2000 	 4.1119 	 0.2630
[2025/10/14 20:51:55] - ==> Building model..
[2025/10/14 20:52:14] - Test Loss 	 Test Acc 	 PGD Loss 	 PGD Acc
[2025/10/14 20:52:14] - 2.6053 	 	 0.4940 	 2.8945 	 0.2655
[2025/10/14 20:53:04] - 26 	 23.4 	 	 0.2000 	 4.1083 	 0.2631
[2025/10/14 20:53:04] - ==> Building model..
[2025/10/14 20:53:23] - Test Loss 	 Test Acc 	 PGD Loss 	 PGD Acc
[2025/10/14 20:53:23] - 2.5934 	 	 0.4979 	 2.8854 	 0.2661
[2025/10/14 20:54:12] - 27 	 23.6 	 	 0.2000 	 4.1084 	 0.2664
[2025/10/14 20:54:12] - ==> Building model..
[2025/10/14 20:54:31] - Test Loss 	 Test Acc 	 PGD Loss 	 PGD Acc
[2025/10/14 20:54:31] - 2.5903 	 	 0.4986 	 2.8832 	 0.2660
[2025/10/14 20:55:20] - 28 	 23.2 	 	 0.2000 	 4.1063 	 0.2661
[2025/10/14 20:55:20] - ==> Building model..
[2025/10/14 20:55:40] - Test Loss 	 Test Acc 	 PGD Loss 	 PGD Acc
[2025/10/14 20:55:40] - 2.5950 	 	 0.4984 	 2.8880 	 0.2660
[2025/10/14 20:56:29] - 29 	 23.3 	 	 0.2000 	 4.1047 	 0.2676
[2025/10/14 20:56:29] - ==> Building model..
[2025/10/14 20:56:48] - Test Loss 	 Test Acc 	 PGD Loss 	 PGD Acc
[2025/10/14 20:56:48] - 2.5939 	 	 0.4982 	 2.8875 	 0.2672
[2025/10/14 20:57:37] - 30 	 22.8 	 	 0.2000 	 4.1046 	 0.2666
[2025/10/14 20:57:37] - ==> Building model..
[2025/10/14 20:57:56] - Test Loss 	 Test Acc 	 PGD Loss 	 PGD Acc
[2025/10/14 20:57:56] - 2.5927 	 	 0.4985 	 2.8865 	 0.2672
[2025/10/14 20:58:47] - 31 	 24.2 	 	 0.2000 	 4.1028 	 0.2667
[2025/10/14 20:58:47] - ==> Building model..
[2025/10/14 20:59:06] - Test Loss 	 Test Acc 	 PGD Loss 	 PGD Acc
[2025/10/14 20:59:06] - 2.5863 	 	 0.5017 	 2.8818 	 0.2695
[2025/10/14 20:59:58] - 32 	 24.2 	 	 0.2000 	 4.1016 	 0.2672
[2025/10/14 20:59:58] - ==> Building model..
[2025/10/14 21:00:18] - Test Loss 	 Test Acc 	 PGD Loss 	 PGD Acc
[2025/10/14 21:00:18] - 2.5802 	 	 0.5019 	 2.8768 	 0.2721
[2025/10/14 21:01:05] - 33 	 23.0 	 	 0.2000 	 4.1010 	 0.2690
[2025/10/14 21:01:05] - ==> Building model..
[2025/10/14 21:01:26] - Test Loss 	 Test Acc 	 PGD Loss 	 PGD Acc
[2025/10/14 21:01:26] - 2.5728 	 	 0.5026 	 2.8700 	 0.2736
[2025/10/14 21:02:13] - 34 	 23.0 	 	 0.2000 	 4.1010 	 0.2679
[2025/10/14 21:02:13] - ==> Building model..
[2025/10/14 21:02:32] - Test Loss 	 Test Acc 	 PGD Loss 	 PGD Acc
[2025/10/14 21:02:32] - 2.5695 	 	 0.5048 	 2.8677 	 0.2743
[2025/10/14 21:03:20] - 35 	 22.7 	 	 0.2000 	 4.0980 	 0.2689
[2025/10/14 21:03:20] - ==> Building model..
[2025/10/14 21:03:39] - Test Loss 	 Test Acc 	 PGD Loss 	 PGD Acc
[2025/10/14 21:03:39] - 2.5676 	 	 0.5050 	 2.8664 	 0.2728
[2025/10/14 21:04:28] - 36 	 23.0 	 	 0.2000 	 4.0988 	 0.2700
[2025/10/14 21:04:28] - ==> Building model..
[2025/10/14 21:04:47] - Test Loss 	 Test Acc 	 PGD Loss 	 PGD Acc
[2025/10/14 21:04:47] - 2.5632 	 	 0.5070 	 2.8639 	 0.2759
[2025/10/14 21:05:38] - 37 	 24.0 	 	 0.2000 	 4.0967 	 0.2702
[2025/10/14 21:05:38] - ==> Building model..
[2025/10/14 21:05:57] - Test Loss 	 Test Acc 	 PGD Loss 	 PGD Acc
[2025/10/14 21:05:57] - 2.5632 	 	 0.5067 	 2.8635 	 0.2754
[2025/10/14 21:06:46] - 38 	 23.0 	 	 0.2000 	 4.0958 	 0.2712
[2025/10/14 21:06:46] - ==> Building model..
[2025/10/14 21:07:05] - Test Loss 	 Test Acc 	 PGD Loss 	 PGD Acc
[2025/10/14 21:07:05] - 2.5623 	 	 0.5076 	 2.8628 	 0.2748
[2025/10/14 21:07:54] - 39 	 23.3 	 	 0.2000 	 4.0959 	 0.2710
[2025/10/14 21:07:54] - ==> Building model..
[2025/10/14 21:08:14] - Test Loss 	 Test Acc 	 PGD Loss 	 PGD Acc
[2025/10/14 21:08:14] - 2.5620 	 	 0.5065 	 2.8629 	 0.2756
[2025/10/14 21:09:05] - 40 	 24.4 	 	 0.2000 	 4.0958 	 0.2721
[2025/10/14 21:09:05] - ==> Building model..
[2025/10/14 21:09:27] - Test Loss 	 Test Acc 	 PGD Loss 	 PGD Acc
[2025/10/14 21:09:27] - 2.5652 	 	 0.5064 	 2.8657 	 0.2764
[2025/10/14 21:10:15] - 41 	 23.5 	 	 0.2000 	 4.0962 	 0.2719
[2025/10/14 21:10:15] - ==> Building model..
[2025/10/14 21:10:34] - Test Loss 	 Test Acc 	 PGD Loss 	 PGD Acc
[2025/10/14 21:10:34] - 2.5649 	 	 0.5077 	 2.8653 	 0.2743
[2025/10/14 21:11:25] - 42 	 23.5 	 	 0.2000 	 4.0955 	 0.2706
[2025/10/14 21:11:25] - ==> Building model..
[2025/10/14 21:11:44] - Test Loss 	 Test Acc 	 PGD Loss 	 PGD Acc
[2025/10/14 21:11:44] - 2.5636 	 	 0.5102 	 2.8649 	 0.2760
[2025/10/14 21:12:30] - 43 	 22.8 	 	 0.2000 	 4.0928 	 0.2728
[2025/10/14 21:12:30] - ==> Building model..
[2025/10/14 21:12:50] - Test Loss 	 Test Acc 	 PGD Loss 	 PGD Acc
[2025/10/14 21:12:50] - 2.5624 	 	 0.5102 	 2.8638 	 0.2767
[2025/10/14 21:13:41] - 44 	 23.9 	 	 0.2000 	 4.0931 	 0.2725
[2025/10/14 21:13:41] - ==> Building model..
[2025/10/14 21:14:00] - Test Loss 	 Test Acc 	 PGD Loss 	 PGD Acc
[2025/10/14 21:14:00] - 2.5568 	 	 0.5121 	 2.8597 	 0.2762
[2025/10/14 21:14:51] - 45 	 23.8 	 	 0.2000 	 4.0919 	 0.2739
[2025/10/14 21:14:51] - ==> Building model..
[2025/10/14 21:15:10] - Test Loss 	 Test Acc 	 PGD Loss 	 PGD Acc
[2025/10/14 21:15:10] - 2.5552 	 	 0.5126 	 2.8581 	 0.2784
[2025/10/14 21:15:56] - 46 	 22.7 	 	 0.2000 	 4.0911 	 0.2751
[2025/10/14 21:15:56] - ==> Building model..
[2025/10/14 21:16:16] - Test Loss 	 Test Acc 	 PGD Loss 	 PGD Acc
[2025/10/14 21:16:16] - 2.5539 	 	 0.5137 	 2.8573 	 0.2789
[2025/10/14 21:17:05] - 47 	 23.2 	 	 0.2000 	 4.0920 	 0.2721
[2025/10/14 21:17:05] - ==> Building model..
[2025/10/14 21:17:24] - Test Loss 	 Test Acc 	 PGD Loss 	 PGD Acc
[2025/10/14 21:17:24] - 2.5502 	 	 0.5146 	 2.8550 	 0.2789
[2025/10/14 21:18:14] - 48 	 23.0 	 	 0.2000 	 4.0876 	 0.2783
[2025/10/14 21:18:14] - ==> Building model..
[2025/10/14 21:18:33] - Test Loss 	 Test Acc 	 PGD Loss 	 PGD Acc
[2025/10/14 21:18:33] - 2.5496 	 	 0.5148 	 2.8545 	 0.2778
[2025/10/14 21:19:22] - 49 	 22.9 	 	 0.2000 	 4.0890 	 0.2772
[2025/10/14 21:19:22] - ==> Building model..
[2025/10/14 21:19:41] - Test Loss 	 Test Acc 	 PGD Loss 	 PGD Acc
[2025/10/14 21:19:41] - 2.5516 	 	 0.5141 	 2.8554 	 0.2780
[2025/10/14 21:20:30] - 50 	 23.3 	 	 0.2000 	 4.0886 	 0.2762
[2025/10/14 21:20:30] - ==> Building model..
[2025/10/14 21:20:50] - Test Loss 	 Test Acc 	 PGD Loss 	 PGD Acc
[2025/10/14 21:20:50] - 2.5504 	 	 0.5152 	 2.8545 	 0.2769
[2025/10/14 21:21:39] - 51 	 23.1 	 	 0.2000 	 4.0902 	 0.2746
[2025/10/14 21:21:39] - ==> Building model..
[2025/10/14 21:21:59] - Test Loss 	 Test Acc 	 PGD Loss 	 PGD Acc
[2025/10/14 21:21:59] - 2.5523 	 	 0.5153 	 2.8563 	 0.2778
[2025/10/14 21:22:49] - 52 	 24.1 	 	 0.2000 	 4.0893 	 0.2751
[2025/10/14 21:22:49] - ==> Building model..
[2025/10/14 21:23:09] - Test Loss 	 Test Acc 	 PGD Loss 	 PGD Acc
[2025/10/14 21:23:09] - 2.5510 	 	 0.5154 	 2.8556 	 0.2761
[2025/10/14 21:23:58] - 53 	 23.1 	 	 0.2000 	 4.0884 	 0.2780
[2025/10/14 21:23:58] - ==> Building model..
[2025/10/14 21:24:17] - Test Loss 	 Test Acc 	 PGD Loss 	 PGD Acc
[2025/10/14 21:24:17] - 2.5506 	 	 0.5165 	 2.8540 	 0.2762
[2025/10/14 21:25:08] - 54 	 23.7 	 	 0.2000 	 4.0905 	 0.2761
[2025/10/14 21:25:08] - ==> Building model..
[2025/10/14 21:25:27] - Test Loss 	 Test Acc 	 PGD Loss 	 PGD Acc
[2025/10/14 21:25:27] - 2.5481 	 	 0.5170 	 2.8524 	 0.2771
[2025/10/14 21:26:18] - 55 	 24.5 	 	 0.2000 	 4.0896 	 0.2767
[2025/10/14 21:26:18] - ==> Building model..
[2025/10/14 21:26:37] - Test Loss 	 Test Acc 	 PGD Loss 	 PGD Acc
[2025/10/14 21:26:37] - 2.5476 	 	 0.5165 	 2.8522 	 0.2771
[2025/10/14 21:27:26] - 56 	 23.9 	 	 0.2000 	 4.0905 	 0.2760
[2025/10/14 21:27:26] - ==> Building model..
[2025/10/14 21:27:45] - Test Loss 	 Test Acc 	 PGD Loss 	 PGD Acc
[2025/10/14 21:27:45] - 2.5480 	 	 0.5154 	 2.8521 	 0.2784
[2025/10/14 21:28:35] - 57 	 23.1 	 	 0.2000 	 4.0911 	 0.2765
[2025/10/14 21:28:35] - ==> Building model..
[2025/10/14 21:28:55] - Test Loss 	 Test Acc 	 PGD Loss 	 PGD Acc
[2025/10/14 21:28:55] - 2.5466 	 	 0.5163 	 2.8510 	 0.2791
[2025/10/14 21:29:44] - 58 	 23.1 	 	 0.2000 	 4.0900 	 0.2780
[2025/10/14 21:29:44] - ==> Building model..
[2025/10/14 21:30:03] - Test Loss 	 Test Acc 	 PGD Loss 	 PGD Acc
[2025/10/14 21:30:03] - 2.5508 	 	 0.5162 	 2.8548 	 0.2786
[2025/10/14 21:30:54] - 59 	 23.4 	 	 0.2000 	 4.0919 	 0.2759
[2025/10/14 21:30:54] - ==> Building model..
[2025/10/14 21:31:13] - Test Loss 	 Test Acc 	 PGD Loss 	 PGD Acc
[2025/10/14 21:31:13] - 2.5530 	 	 0.5162 	 2.8558 	 0.2797
[2025/10/14 21:32:03] - 60 	 24.3 	 	 0.2000 	 4.0894 	 0.2795
[2025/10/14 21:32:03] - ==> Building model..
[2025/10/14 21:32:23] - Test Loss 	 Test Acc 	 PGD Loss 	 PGD Acc
[2025/10/14 21:32:23] - 2.5530 	 	 0.5163 	 2.8563 	 0.2794
[2025/10/14 21:33:14] - 61 	 24.4 	 	 0.2000 	 4.0918 	 0.2743
[2025/10/14 21:33:14] - ==> Building model..
[2025/10/14 21:33:34] - Test Loss 	 Test Acc 	 PGD Loss 	 PGD Acc
[2025/10/14 21:33:34] - 2.5548 	 	 0.5157 	 2.8569 	 0.2798
[2025/10/14 21:34:24] - 62 	 24.6 	 	 0.2000 	 4.0913 	 0.2798
[2025/10/14 21:34:24] - ==> Building model..
[2025/10/14 21:34:45] - Test Loss 	 Test Acc 	 PGD Loss 	 PGD Acc
[2025/10/14 21:34:45] - 2.5576 	 	 0.5153 	 2.8593 	 0.2801
[2025/10/14 21:35:36] - 63 	 25.2 	 	 0.2000 	 4.0942 	 0.2760
[2025/10/14 21:35:36] - ==> Building model..
[2025/10/14 21:35:57] - Test Loss 	 Test Acc 	 PGD Loss 	 PGD Acc
[2025/10/14 21:35:57] - 2.5612 	 	 0.5162 	 2.8614 	 0.2797
[2025/10/14 21:36:48] - 64 	 24.5 	 	 0.2000 	 4.0915 	 0.2789
[2025/10/14 21:36:48] - ==> Building model..
[2025/10/14 21:37:08] - Test Loss 	 Test Acc 	 PGD Loss 	 PGD Acc
[2025/10/14 21:37:08] - 2.5640 	 	 0.5179 	 2.8637 	 0.2793
[2025/10/14 21:38:00] - 65 	 24.5 	 	 0.2000 	 4.0907 	 0.2798
[2025/10/14 21:38:00] - ==> Building model..
[2025/10/14 21:38:20] - Test Loss 	 Test Acc 	 PGD Loss 	 PGD Acc
[2025/10/14 21:38:20] - 2.5679 	 	 0.5174 	 2.8660 	 0.2810
[2025/10/14 21:39:13] - 66 	 25.1 	 	 0.2000 	 4.0911 	 0.2776
[2025/10/14 21:39:13] - ==> Building model..
[2025/10/14 21:39:33] - Test Loss 	 Test Acc 	 PGD Loss 	 PGD Acc
[2025/10/14 21:39:33] - 2.5709 	 	 0.5169 	 2.8684 	 0.2806
[2025/10/14 21:40:24] - 67 	 25.0 	 	 0.2000 	 4.0923 	 0.2786
[2025/10/14 21:40:24] - ==> Building model..
[2025/10/14 21:40:44] - Test Loss 	 Test Acc 	 PGD Loss 	 PGD Acc
[2025/10/14 21:40:44] - 2.5722 	 	 0.5160 	 2.8684 	 0.2808
[2025/10/14 21:41:32] - 68 	 23.7 	 	 0.2000 	 4.0908 	 0.2783
[2025/10/14 21:41:32] - ==> Building model..
[2025/10/14 21:41:53] - Test Loss 	 Test Acc 	 PGD Loss 	 PGD Acc
[2025/10/14 21:41:53] - 2.5736 	 	 0.5163 	 2.8696 	 0.2803
[2025/10/14 21:42:43] - 69 	 24.1 	 	 0.2000 	 4.0920 	 0.2793
[2025/10/14 21:42:43] - ==> Building model..
[2025/10/14 21:43:03] - Test Loss 	 Test Acc 	 PGD Loss 	 PGD Acc
[2025/10/14 21:43:03] - 2.5777 	 	 0.5159 	 2.8723 	 0.2796
[2025/10/14 21:43:52] - 70 	 23.6 	 	 0.2000 	 4.0930 	 0.2777
[2025/10/14 21:43:52] - ==> Building model..
[2025/10/14 21:44:12] - Test Loss 	 Test Acc 	 PGD Loss 	 PGD Acc
[2025/10/14 21:44:12] - 2.5800 	 	 0.5156 	 2.8744 	 0.2789
[2025/10/14 21:45:04] - 71 	 24.4 	 	 0.2000 	 4.0904 	 0.2788
[2025/10/14 21:45:04] - ==> Building model..
[2025/10/14 21:45:24] - Test Loss 	 Test Acc 	 PGD Loss 	 PGD Acc
[2025/10/14 21:45:24] - 2.5813 	 	 0.5166 	 2.8753 	 0.2799
[2025/10/14 21:46:13] - 72 	 23.8 	 	 0.2000 	 4.0921 	 0.2748
[2025/10/14 21:46:13] - ==> Building model..
[2025/10/14 21:46:33] - Test Loss 	 Test Acc 	 PGD Loss 	 PGD Acc
[2025/10/14 21:46:33] - 2.5814 	 	 0.5160 	 2.8755 	 0.2805
[2025/10/14 21:47:24] - 73 	 24.8 	 	 0.2000 	 4.0909 	 0.2780
[2025/10/14 21:47:24] - ==> Building model..
[2025/10/14 21:47:44] - Test Loss 	 Test Acc 	 PGD Loss 	 PGD Acc
[2025/10/14 21:47:44] - 2.5824 	 	 0.5171 	 2.8754 	 0.2797
[2025/10/14 21:48:35] - 74 	 24.2 	 	 0.2000 	 4.0926 	 0.2780
[2025/10/14 21:48:35] - ==> Building model..
[2025/10/14 21:48:55] - Test Loss 	 Test Acc 	 PGD Loss 	 PGD Acc
[2025/10/14 21:48:55] - 2.5847 	 	 0.5164 	 2.8780 	 0.2786
[2025/10/14 21:49:45] - 75 	 23.8 	 	 0.2000 	 4.0912 	 0.2800
[2025/10/14 21:49:45] - ==> Building model..
[2025/10/14 21:50:05] - Test Loss 	 Test Acc 	 PGD Loss 	 PGD Acc
[2025/10/14 21:50:05] - 2.5847 	 	 0.5173 	 2.8774 	 0.2791
[2025/10/14 21:50:53] - 76 	 23.8 	 	 0.2000 	 4.0923 	 0.2791
[2025/10/14 21:50:53] - ==> Building model..
[2025/10/14 21:51:13] - Test Loss 	 Test Acc 	 PGD Loss 	 PGD Acc
[2025/10/14 21:51:13] - 2.5869 	 	 0.5170 	 2.8795 	 0.2786
[2025/10/14 21:52:03] - 77 	 24.1 	 	 0.2000 	 4.0904 	 0.2806
[2025/10/14 21:52:03] - ==> Building model..
[2025/10/14 21:52:23] - Test Loss 	 Test Acc 	 PGD Loss 	 PGD Acc
[2025/10/14 21:52:23] - 2.5885 	 	 0.5159 	 2.8806 	 0.2785
[2025/10/14 21:53:15] - 78 	 24.7 	 	 0.2000 	 4.0916 	 0.2804
[2025/10/14 21:53:15] - ==> Building model..
[2025/10/14 21:53:35] - Test Loss 	 Test Acc 	 PGD Loss 	 PGD Acc
[2025/10/14 21:53:35] - 2.5883 	 	 0.5166 	 2.8801 	 0.2784
[2025/10/14 21:54:27] - 79 	 25.5 	 	 0.2000 	 4.0906 	 0.2796
[2025/10/14 21:54:27] - ==> Building model..
[2025/10/14 21:54:48] - Test Loss 	 Test Acc 	 PGD Loss 	 PGD Acc
[2025/10/14 21:54:48] - 2.5902 	 	 0.5169 	 2.8817 	 0.2790
[2025/10/14 21:55:41] - 80 	 26.0 	 	 0.2000 	 4.0892 	 0.2803
[2025/10/14 21:55:41] - ==> Building model..
[2025/10/14 21:56:02] - Test Loss 	 Test Acc 	 PGD Loss 	 PGD Acc
[2025/10/14 21:56:02] - 2.5916 	 	 0.5171 	 2.8829 	 0.2805
[2025/10/14 21:56:55] - 81 	 26.3 	 	 0.2000 	 4.0913 	 0.2776
[2025/10/14 21:56:55] - ==> Building model..
[2025/10/14 21:57:16] - Test Loss 	 Test Acc 	 PGD Loss 	 PGD Acc
[2025/10/14 21:57:16] - 2.5905 	 	 0.5174 	 2.8825 	 0.2805
[2025/10/14 21:58:10] - 82 	 26.0 	 	 0.2000 	 4.0914 	 0.2800
[2025/10/14 21:58:10] - ==> Building model..
[2025/10/14 21:58:30] - Test Loss 	 Test Acc 	 PGD Loss 	 PGD Acc
[2025/10/14 21:58:30] - 2.5895 	 	 0.5180 	 2.8817 	 0.2815
[2025/10/14 21:59:25] - 83 	 25.4 	 	 0.2000 	 4.0890 	 0.2811
[2025/10/14 21:59:25] - ==> Building model..
[2025/10/14 21:59:45] - Test Loss 	 Test Acc 	 PGD Loss 	 PGD Acc
[2025/10/14 21:59:45] - 2.5905 	 	 0.5178 	 2.8818 	 0.2814
[2025/10/14 22:00:37] - 84 	 25.3 	 	 0.2000 	 4.0925 	 0.2772
[2025/10/14 22:00:37] - ==> Building model..
[2025/10/14 22:00:58] - Test Loss 	 Test Acc 	 PGD Loss 	 PGD Acc
[2025/10/14 22:00:58] - 2.5904 	 	 0.5177 	 2.8824 	 0.2818
[2025/10/14 22:01:51] - 85 	 25.7 	 	 0.2000 	 4.0916 	 0.2794
[2025/10/14 22:01:51] - ==> Building model..
[2025/10/14 22:02:12] - Test Loss 	 Test Acc 	 PGD Loss 	 PGD Acc
[2025/10/14 22:02:12] - 2.5907 	 	 0.5175 	 2.8824 	 0.2822
[2025/10/14 22:03:04] - 86 	 25.4 	 	 0.2000 	 4.0904 	 0.2819
[2025/10/14 22:03:04] - ==> Building model..
[2025/10/14 22:03:24] - Test Loss 	 Test Acc 	 PGD Loss 	 PGD Acc
[2025/10/14 22:03:24] - 2.5910 	 	 0.5172 	 2.8823 	 0.2828
[2025/10/14 22:04:16] - 87 	 25.0 	 	 0.2000 	 4.0894 	 0.2814
[2025/10/14 22:04:16] - ==> Building model..
[2025/10/14 22:04:37] - Test Loss 	 Test Acc 	 PGD Loss 	 PGD Acc
[2025/10/14 22:04:37] - 2.5916 	 	 0.5174 	 2.8828 	 0.2820
[2025/10/14 22:05:30] - 88 	 25.8 	 	 0.2000 	 4.0930 	 0.2785
[2025/10/14 22:05:30] - ==> Building model..
[2025/10/14 22:05:50] - Test Loss 	 Test Acc 	 PGD Loss 	 PGD Acc
[2025/10/14 22:05:50] - 2.5928 	 	 0.5168 	 2.8831 	 0.2813
[2025/10/14 22:06:42] - 89 	 25.1 	 	 0.2000 	 4.0902 	 0.2798
[2025/10/14 22:06:42] - ==> Building model..
[2025/10/14 22:07:02] - Test Loss 	 Test Acc 	 PGD Loss 	 PGD Acc
[2025/10/14 22:07:02] - 2.5937 	 	 0.5163 	 2.8842 	 0.2827
[2025/10/14 22:07:52] - 90 	 24.0 	 	 0.0200 	 3.9951 	 0.3424
[2025/10/14 22:07:52] - ==> Building model..
[2025/10/14 22:08:12] - Test Loss 	 Test Acc 	 PGD Loss 	 PGD Acc
[2025/10/14 22:08:12] - 2.5904 	 	 0.5176 	 2.8811 	 0.2835
[2025/10/14 22:09:02] - 91 	 23.1 	 	 0.0200 	 3.9017 	 0.4022
[2025/10/14 22:09:02] - ==> Building model..
[2025/10/14 22:09:22] - Test Loss 	 Test Acc 	 PGD Loss 	 PGD Acc
[2025/10/14 22:09:22] - 2.5891 	 	 0.5181 	 2.8798 	 0.2835
[2025/10/14 22:10:11] - 92 	 22.9 	 	 0.0200 	 3.8750 	 0.4206
[2025/10/14 22:10:11] - ==> Building model..
[2025/10/14 22:10:31] - Test Loss 	 Test Acc 	 PGD Loss 	 PGD Acc
[2025/10/14 22:10:31] - 2.5886 	 	 0.5186 	 2.8802 	 0.2835
[2025/10/14 22:11:22] - 93 	 23.4 	 	 0.0200 	 3.8585 	 0.4324
[2025/10/14 22:11:22] - ==> Building model..
[2025/10/14 22:11:42] - Test Loss 	 Test Acc 	 PGD Loss 	 PGD Acc
[2025/10/14 22:11:42] - 2.5893 	 	 0.5186 	 2.8810 	 0.2837
[2025/10/14 22:12:32] - 94 	 23.5 	 	 0.0200 	 3.8427 	 0.4437
[2025/10/14 22:12:32] - ==> Building model..
[2025/10/14 22:12:52] - Test Loss 	 Test Acc 	 PGD Loss 	 PGD Acc
[2025/10/14 22:12:52] - 2.5906 	 	 0.5189 	 2.8824 	 0.2835
[2025/10/14 22:13:42] - 95 	 22.6 	 	 0.0200 	 3.8304 	 0.4524
[2025/10/14 22:13:42] - ==> Building model..
[2025/10/14 22:14:01] - Test Loss 	 Test Acc 	 PGD Loss 	 PGD Acc
[2025/10/14 22:14:01] - 2.5931 	 	 0.5185 	 2.8843 	 0.2836
[2025/10/14 22:14:52] - 96 	 23.5 	 	 0.0200 	 3.8199 	 0.4616
[2025/10/14 22:14:52] - ==> Building model..
[2025/10/14 22:15:11] - Test Loss 	 Test Acc 	 PGD Loss 	 PGD Acc
[2025/10/14 22:15:11] - 2.5951 	 	 0.5187 	 2.8862 	 0.2836
[2025/10/14 22:16:00] - 97 	 23.1 	 	 0.0200 	 3.8117 	 0.4664
[2025/10/14 22:16:00] - ==> Building model..
[2025/10/14 22:16:20] - Test Loss 	 Test Acc 	 PGD Loss 	 PGD Acc
[2025/10/14 22:16:20] - 2.5988 	 	 0.5188 	 2.8891 	 0.2837
[2025/10/14 22:17:10] - 98 	 22.8 	 	 0.0200 	 3.8026 	 0.4732
[2025/10/14 22:17:10] - ==> Building model..
[2025/10/14 22:17:30] - Test Loss 	 Test Acc 	 PGD Loss 	 PGD Acc
[2025/10/14 22:17:30] - 2.6009 	 	 0.5185 	 2.8906 	 0.2832
[2025/10/14 22:18:20] - 99 	 23.1 	 	 0.0200 	 3.7955 	 0.4774
[2025/10/14 22:18:20] - ==> Building model..
[2025/10/14 22:18:40] - Test Loss 	 Test Acc 	 PGD Loss 	 PGD Acc
[2025/10/14 22:18:40] - 2.6032 	 	 0.5181 	 2.8928 	 0.2833
[2025/10/14 22:18:40] - [0.0899, 0.1473, 0.1916, 0.2391, 0.2735, 0.3129, 0.3537, 0.383, 0.4032, 0.4184, 0.4298, 0.4409, 0.4467, 0.4539, 0.4587, 0.4601, 0.467, 0.4725, 0.4731, 0.4752, 0.4802, 0.4829, 0.4866, 0.4881, 0.49, 0.494, 0.4979, 0.4986, 0.4984, 0.4982, 0.4985, 0.5017, 0.5019, 0.5026, 0.5048, 0.505, 0.507, 0.5067, 0.5076, 0.5065, 0.5064, 0.5077, 0.5102, 0.5102, 0.5121, 0.5126, 0.5137, 0.5146, 0.5148, 0.5141, 0.5152, 0.5153, 0.5154, 0.5165, 0.517, 0.5165, 0.5154, 0.5163, 0.5162, 0.5162, 0.5163, 0.5157, 0.5153, 0.5162, 0.5179, 0.5174, 0.5169, 0.516, 0.5163, 0.5159, 0.5156, 0.5166, 0.516, 0.5171, 0.5164, 0.5173, 0.517, 0.5159, 0.5166, 0.5169, 0.5171, 0.5174, 0.518, 0.5178, 0.5177, 0.5175, 0.5172, 0.5174, 0.5168, 0.5163, 0.5176, 0.5181, 0.5186, 0.5186, 0.5189, 0.5185, 0.5187, 0.5188, 0.5185, 0.5181]
[2025/10/14 22:18:40] - [0.0601, 0.0954, 0.117, 0.1417, 0.1655, 0.1791, 0.1954, 0.2073, 0.2164, 0.2245, 0.2312, 0.2353, 0.2399, 0.2423, 0.2465, 0.2509, 0.2515, 0.2533, 0.2552, 0.2581, 0.2592, 0.2581, 0.2603, 0.2599, 0.2631, 0.2655, 0.2661, 0.266, 0.266, 0.2672, 0.2672, 0.2695, 0.2721, 0.2736, 0.2743, 0.2728, 0.2759, 0.2754, 0.2748, 0.2756, 0.2764, 0.2743, 0.276, 0.2767, 0.2762, 0.2784, 0.2789, 0.2789, 0.2778, 0.278, 0.2769, 0.2778, 0.2761, 0.2762, 0.2771, 0.2771, 0.2784, 0.2791, 0.2786, 0.2797, 0.2794, 0.2798, 0.2801, 0.2797, 0.2793, 0.281, 0.2806, 0.2808, 0.2803, 0.2796, 0.2789, 0.2799, 0.2805, 0.2797, 0.2786, 0.2791, 0.2786, 0.2785, 0.2784, 0.279, 0.2805, 0.2805, 0.2815, 0.2814, 0.2818, 0.2822, 0.2828, 0.282, 0.2813, 0.2827, 0.2835, 0.2835, 0.2835, 0.2837, 0.2835, 0.2836, 0.2836, 0.2837, 0.2832, 0.2833]
