[2025/10/20 00:58:26] - Namespace(batch_size=128, data_dir='cifar-data', epochs=110, lr_schedule='multistep', lr_min=0.0, lr_max=0.2, weight_decay=0.0005, momentum=0.9, model='ResNet18', epsilon=8, alpha=8, delta_init='random', normal_mean=0, normal_std=1, out_dir='runs/beta_0.6/lam_40/lscale_0.12/seed_0', seed=0, lamda=40.0, lam_scale=0.12, lam_start=50, gamma=0.05, inner_gamma=0.05, beta=0.6, mu=3.5, batch_m=0.75, early_stop=False, factor=0.5, length=4, n_holes=1, c_num=0.125, EMA_value=0.55)
[2025/10/20 00:58:28] - ==> Building model..
[2025/10/20 00:58:28] - Epoch 	 Seconds 	 LR 	 	 Train Loss 	 Train Acc
[2025/10/20 00:59:19] - 0 	 27.6 	 	 0.2000 	 4.5804 	 0.0364
[2025/10/20 00:59:19] - ==> Building model..
[2025/10/20 00:59:46] - Test Loss 	 Test Acc 	 PGD Loss 	 PGD Acc
[2025/10/20 00:59:46] - 4.2753 	 	 0.0857 	 4.2885 	 0.0555
[2025/10/20 01:00:38] - 1 	 27.0 	 	 0.2000 	 4.4608 	 0.0777
[2025/10/20 01:00:38] - ==> Building model..
[2025/10/20 01:01:05] - Test Loss 	 Test Acc 	 PGD Loss 	 PGD Acc
[2025/10/20 01:01:05] - 4.1064 	 	 0.1264 	 4.1298 	 0.0813
[2025/10/20 01:01:56] - 2 	 26.0 	 	 0.2000 	 4.4095 	 0.1041
[2025/10/20 01:01:56] - ==> Building model..
[2025/10/20 01:02:21] - Test Loss 	 Test Acc 	 PGD Loss 	 PGD Acc
[2025/10/20 01:02:21] - 4.0315 	 	 0.1607 	 4.0653 	 0.1005
[2025/10/20 01:03:13] - 3 	 27.4 	 	 0.2000 	 4.3608 	 0.1273
[2025/10/20 01:03:13] - ==> Building model..
[2025/10/20 01:03:39] - Test Loss 	 Test Acc 	 PGD Loss 	 PGD Acc
[2025/10/20 01:03:39] - 3.8304 	 	 0.2228 	 3.8905 	 0.1306
[2025/10/20 01:04:31] - 4 	 26.1 	 	 0.2000 	 4.3147 	 0.1512
[2025/10/20 01:04:31] - ==> Building model..
[2025/10/20 01:04:55] - Test Loss 	 Test Acc 	 PGD Loss 	 PGD Acc
[2025/10/20 01:04:55] - 3.7025 	 	 0.2572 	 3.7846 	 0.1524
[2025/10/20 01:05:46] - 5 	 27.1 	 	 0.2000 	 4.2789 	 0.1678
[2025/10/20 01:05:46] - ==> Building model..
[2025/10/20 01:06:11] - Test Loss 	 Test Acc 	 PGD Loss 	 PGD Acc
[2025/10/20 01:06:11] - 3.4192 	 	 0.3090 	 3.5401 	 0.1787
[2025/10/20 01:07:03] - 6 	 27.2 	 	 0.2000 	 4.2477 	 0.1847
[2025/10/20 01:07:03] - ==> Building model..
[2025/10/20 01:07:27] - Test Loss 	 Test Acc 	 PGD Loss 	 PGD Acc
[2025/10/20 01:07:27] - 3.2062 	 	 0.3488 	 3.3573 	 0.1914
[2025/10/20 01:08:16] - 7 	 25.2 	 	 0.2000 	 4.2254 	 0.1982
[2025/10/20 01:08:16] - ==> Building model..
[2025/10/20 01:08:42] - Test Loss 	 Test Acc 	 PGD Loss 	 PGD Acc
[2025/10/20 01:08:42] - 3.0778 	 	 0.3797 	 3.2545 	 0.2063
[2025/10/20 01:09:34] - 8 	 27.4 	 	 0.2000 	 4.2054 	 0.2072
[2025/10/20 01:09:34] - ==> Building model..
[2025/10/20 01:09:59] - Test Loss 	 Test Acc 	 PGD Loss 	 PGD Acc
[2025/10/20 01:09:59] - 2.9820 	 	 0.3998 	 3.1795 	 0.2157
[2025/10/20 01:10:48] - 9 	 25.9 	 	 0.2000 	 4.1902 	 0.2163
[2025/10/20 01:10:48] - ==> Building model..
[2025/10/20 01:11:13] - Test Loss 	 Test Acc 	 PGD Loss 	 PGD Acc
[2025/10/20 01:11:13] - 2.9211 	 	 0.4150 	 3.1320 	 0.2233
[2025/10/20 01:12:03] - 10 	 26.4 	 	 0.2000 	 4.1770 	 0.2250
[2025/10/20 01:12:03] - ==> Building model..
[2025/10/20 01:12:28] - Test Loss 	 Test Acc 	 PGD Loss 	 PGD Acc
[2025/10/20 01:12:28] - 2.8668 	 	 0.4240 	 3.0886 	 0.2305
[2025/10/20 01:13:18] - 11 	 26.4 	 	 0.2000 	 4.1682 	 0.2275
[2025/10/20 01:13:18] - ==> Building model..
[2025/10/20 01:13:42] - Test Loss 	 Test Acc 	 PGD Loss 	 PGD Acc
[2025/10/20 01:13:42] - 2.8179 	 	 0.4363 	 3.0516 	 0.2353
[2025/10/20 01:14:34] - 12 	 27.7 	 	 0.2000 	 4.1591 	 0.2361
[2025/10/20 01:14:34] - ==> Building model..
[2025/10/20 01:14:59] - Test Loss 	 Test Acc 	 PGD Loss 	 PGD Acc
[2025/10/20 01:14:59] - 2.7903 	 	 0.4445 	 3.0303 	 0.2389
[2025/10/20 01:15:50] - 13 	 27.8 	 	 0.2000 	 4.1560 	 0.2351
[2025/10/20 01:15:50] - ==> Building model..
[2025/10/20 01:16:14] - Test Loss 	 Test Acc 	 PGD Loss 	 PGD Acc
[2025/10/20 01:16:14] - 2.7634 	 	 0.4501 	 3.0094 	 0.2448
[2025/10/20 01:17:05] - 14 	 27.2 	 	 0.2000 	 4.1488 	 0.2418
[2025/10/20 01:17:05] - ==> Building model..
[2025/10/20 01:17:30] - Test Loss 	 Test Acc 	 PGD Loss 	 PGD Acc
[2025/10/20 01:17:30] - 2.7389 	 	 0.4568 	 2.9922 	 0.2487
[2025/10/20 01:18:18] - 15 	 26.2 	 	 0.2000 	 4.1410 	 0.2448
[2025/10/20 01:18:18] - ==> Building model..
[2025/10/20 01:18:42] - Test Loss 	 Test Acc 	 PGD Loss 	 PGD Acc
[2025/10/20 01:18:42] - 2.7152 	 	 0.4624 	 2.9743 	 0.2502
[2025/10/20 01:19:33] - 16 	 27.0 	 	 0.2000 	 4.1376 	 0.2490
[2025/10/20 01:19:33] - ==> Building model..
[2025/10/20 01:19:57] - Test Loss 	 Test Acc 	 PGD Loss 	 PGD Acc
[2025/10/20 01:19:57] - 2.7046 	 	 0.4671 	 2.9646 	 0.2514
[2025/10/20 01:20:47] - 17 	 26.5 	 	 0.2000 	 4.1355 	 0.2473
[2025/10/20 01:20:47] - ==> Building model..
[2025/10/20 01:21:12] - Test Loss 	 Test Acc 	 PGD Loss 	 PGD Acc
[2025/10/20 01:21:12] - 2.6940 	 	 0.4702 	 2.9578 	 0.2527
[2025/10/20 01:22:03] - 18 	 27.9 	 	 0.2000 	 4.1285 	 0.2518
[2025/10/20 01:22:03] - ==> Building model..
[2025/10/20 01:22:28] - Test Loss 	 Test Acc 	 PGD Loss 	 PGD Acc
[2025/10/20 01:22:28] - 2.6756 	 	 0.4749 	 2.9455 	 0.2551
[2025/10/20 01:23:19] - 19 	 27.3 	 	 0.2000 	 4.1258 	 0.2552
[2025/10/20 01:23:19] - ==> Building model..
[2025/10/20 01:23:43] - Test Loss 	 Test Acc 	 PGD Loss 	 PGD Acc
[2025/10/20 01:23:43] - 2.6663 	 	 0.4767 	 2.9385 	 0.2557
[2025/10/20 01:24:35] - 20 	 27.6 	 	 0.2000 	 4.1236 	 0.2570
[2025/10/20 01:24:35] - ==> Building model..
[2025/10/20 01:24:59] - Test Loss 	 Test Acc 	 PGD Loss 	 PGD Acc
[2025/10/20 01:24:59] - 2.6556 	 	 0.4784 	 2.9306 	 0.2568
[2025/10/20 01:25:49] - 21 	 27.0 	 	 0.2000 	 4.1188 	 0.2580
[2025/10/20 01:25:49] - ==> Building model..
[2025/10/20 01:26:13] - Test Loss 	 Test Acc 	 PGD Loss 	 PGD Acc
[2025/10/20 01:26:13] - 2.6392 	 	 0.4837 	 2.9176 	 0.2568
[2025/10/20 01:27:04] - 22 	 27.3 	 	 0.2000 	 4.1192 	 0.2576
[2025/10/20 01:27:04] - ==> Building model..
[2025/10/20 01:27:27] - Test Loss 	 Test Acc 	 PGD Loss 	 PGD Acc
[2025/10/20 01:27:27] - 2.6294 	 	 0.4862 	 2.9107 	 0.2580
[2025/10/20 01:28:18] - 23 	 26.9 	 	 0.2000 	 4.1175 	 0.2585
[2025/10/20 01:28:18] - ==> Building model..
[2025/10/20 01:28:42] - Test Loss 	 Test Acc 	 PGD Loss 	 PGD Acc
[2025/10/20 01:28:42] - 2.6209 	 	 0.4880 	 2.9040 	 0.2579
[2025/10/20 01:29:32] - 24 	 27.2 	 	 0.2000 	 4.1133 	 0.2603
[2025/10/20 01:29:32] - ==> Building model..
[2025/10/20 01:29:56] - Test Loss 	 Test Acc 	 PGD Loss 	 PGD Acc
[2025/10/20 01:29:56] - 2.6130 	 	 0.4898 	 2.8985 	 0.2588
[2025/10/20 01:30:47] - 25 	 27.2 	 	 0.2000 	 4.1106 	 0.2644
[2025/10/20 01:30:47] - ==> Building model..
[2025/10/20 01:31:12] - Test Loss 	 Test Acc 	 PGD Loss 	 PGD Acc
[2025/10/20 01:31:12] - 2.6030 	 	 0.4932 	 2.8904 	 0.2617
[2025/10/20 01:32:02] - 26 	 27.2 	 	 0.2000 	 4.1072 	 0.2651
[2025/10/20 01:32:02] - ==> Building model..
[2025/10/20 01:32:26] - Test Loss 	 Test Acc 	 PGD Loss 	 PGD Acc
[2025/10/20 01:32:26] - 2.5925 	 	 0.4941 	 2.8822 	 0.2630
[2025/10/20 01:33:18] - 27 	 27.6 	 	 0.2000 	 4.1067 	 0.2673
[2025/10/20 01:33:18] - ==> Building model..
[2025/10/20 01:33:43] - Test Loss 	 Test Acc 	 PGD Loss 	 PGD Acc
[2025/10/20 01:33:43] - 2.5892 	 	 0.4953 	 2.8804 	 0.2635
[2025/10/20 01:34:34] - 28 	 27.2 	 	 0.2000 	 4.1061 	 0.2655
[2025/10/20 01:34:34] - ==> Building model..
[2025/10/20 01:34:59] - Test Loss 	 Test Acc 	 PGD Loss 	 PGD Acc
[2025/10/20 01:34:59] - 2.5881 	 	 0.4972 	 2.8803 	 0.2667
[2025/10/20 01:35:52] - 29 	 28.3 	 	 0.2000 	 4.1042 	 0.2674
[2025/10/20 01:35:52] - ==> Building model..
[2025/10/20 01:36:17] - Test Loss 	 Test Acc 	 PGD Loss 	 PGD Acc
[2025/10/20 01:36:17] - 2.5839 	 	 0.4987 	 2.8783 	 0.2681
[2025/10/20 01:37:10] - 30 	 27.4 	 	 0.2000 	 4.1052 	 0.2664
[2025/10/20 01:37:10] - ==> Building model..
[2025/10/20 01:37:35] - Test Loss 	 Test Acc 	 PGD Loss 	 PGD Acc
[2025/10/20 01:37:35] - 2.5850 	 	 0.4993 	 2.8784 	 0.2680
[2025/10/20 01:38:28] - 31 	 28.0 	 	 0.2000 	 4.1024 	 0.2681
[2025/10/20 01:38:28] - ==> Building model..
[2025/10/20 01:38:53] - Test Loss 	 Test Acc 	 PGD Loss 	 PGD Acc
[2025/10/20 01:38:53] - 2.5793 	 	 0.5010 	 2.8736 	 0.2697
[2025/10/20 01:39:45] - 32 	 26.9 	 	 0.2000 	 4.1018 	 0.2656
[2025/10/20 01:39:45] - ==> Building model..
[2025/10/20 01:40:10] - Test Loss 	 Test Acc 	 PGD Loss 	 PGD Acc
[2025/10/20 01:40:10] - 2.5751 	 	 0.5042 	 2.8715 	 0.2704
[2025/10/20 01:41:03] - 33 	 27.5 	 	 0.2000 	 4.0998 	 0.2702
[2025/10/20 01:41:03] - ==> Building model..
[2025/10/20 01:41:29] - Test Loss 	 Test Acc 	 PGD Loss 	 PGD Acc
[2025/10/20 01:41:29] - 2.5701 	 	 0.5034 	 2.8659 	 0.2713
[2025/10/20 01:42:20] - 34 	 26.6 	 	 0.2000 	 4.1005 	 0.2664
[2025/10/20 01:42:20] - ==> Building model..
[2025/10/20 01:42:45] - Test Loss 	 Test Acc 	 PGD Loss 	 PGD Acc
[2025/10/20 01:42:45] - 2.5707 	 	 0.5019 	 2.8660 	 0.2707
[2025/10/20 01:43:37] - 35 	 27.8 	 	 0.2000 	 4.0962 	 0.2719
[2025/10/20 01:43:37] - ==> Building model..
[2025/10/20 01:44:03] - Test Loss 	 Test Acc 	 PGD Loss 	 PGD Acc
[2025/10/20 01:44:03] - 2.5656 	 	 0.5034 	 2.8622 	 0.2697
[2025/10/20 01:44:53] - 36 	 26.8 	 	 0.2000 	 4.0967 	 0.2724
[2025/10/20 01:44:53] - ==> Building model..
[2025/10/20 01:45:20] - Test Loss 	 Test Acc 	 PGD Loss 	 PGD Acc
[2025/10/20 01:45:20] - 2.5641 	 	 0.5075 	 2.8613 	 0.2712
[2025/10/20 01:46:10] - 37 	 25.9 	 	 0.2000 	 4.0959 	 0.2704
[2025/10/20 01:46:10] - ==> Building model..
[2025/10/20 01:46:37] - Test Loss 	 Test Acc 	 PGD Loss 	 PGD Acc
[2025/10/20 01:46:37] - 2.5631 	 	 0.5064 	 2.8612 	 0.2710
[2025/10/20 01:47:30] - 38 	 27.4 	 	 0.2000 	 4.0939 	 0.2739
[2025/10/20 01:47:30] - ==> Building model..
[2025/10/20 01:47:56] - Test Loss 	 Test Acc 	 PGD Loss 	 PGD Acc
[2025/10/20 01:47:56] - 2.5586 	 	 0.5061 	 2.8571 	 0.2711
[2025/10/20 01:48:45] - 39 	 25.0 	 	 0.2000 	 4.0947 	 0.2711
[2025/10/20 01:48:45] - ==> Building model..
[2025/10/20 01:49:11] - Test Loss 	 Test Acc 	 PGD Loss 	 PGD Acc
[2025/10/20 01:49:11] - 2.5559 	 	 0.5095 	 2.8556 	 0.2713
[2025/10/20 01:50:02] - 40 	 26.4 	 	 0.2000 	 4.0936 	 0.2754
[2025/10/20 01:50:02] - ==> Building model..
[2025/10/20 01:50:29] - Test Loss 	 Test Acc 	 PGD Loss 	 PGD Acc
[2025/10/20 01:50:29] - 2.5551 	 	 0.5086 	 2.8549 	 0.2711
[2025/10/20 01:51:17] - 41 	 25.3 	 	 0.2000 	 4.0945 	 0.2723
[2025/10/20 01:51:17] - ==> Building model..
[2025/10/20 01:51:44] - Test Loss 	 Test Acc 	 PGD Loss 	 PGD Acc
[2025/10/20 01:51:44] - 2.5557 	 	 0.5091 	 2.8546 	 0.2714
[2025/10/20 01:52:35] - 42 	 26.2 	 	 0.2000 	 4.0934 	 0.2734
[2025/10/20 01:52:35] - ==> Building model..
[2025/10/20 01:53:02] - Test Loss 	 Test Acc 	 PGD Loss 	 PGD Acc
[2025/10/20 01:53:02] - 2.5530 	 	 0.5101 	 2.8535 	 0.2736
[2025/10/20 01:53:54] - 43 	 27.2 	 	 0.2000 	 4.0925 	 0.2732
[2025/10/20 01:53:54] - ==> Building model..
[2025/10/20 01:54:21] - Test Loss 	 Test Acc 	 PGD Loss 	 PGD Acc
[2025/10/20 01:54:21] - 2.5517 	 	 0.5092 	 2.8524 	 0.2753
[2025/10/20 01:55:13] - 44 	 26.7 	 	 0.2000 	 4.0925 	 0.2740
[2025/10/20 01:55:13] - ==> Building model..
[2025/10/20 01:55:40] - Test Loss 	 Test Acc 	 PGD Loss 	 PGD Acc
[2025/10/20 01:55:40] - 2.5536 	 	 0.5102 	 2.8547 	 0.2760
[2025/10/20 01:56:32] - 45 	 27.5 	 	 0.2000 	 4.0897 	 0.2762
[2025/10/20 01:56:32] - ==> Building model..
[2025/10/20 01:56:59] - Test Loss 	 Test Acc 	 PGD Loss 	 PGD Acc
[2025/10/20 01:56:59] - 2.5541 	 	 0.5090 	 2.8551 	 0.2756
[2025/10/20 01:57:49] - 46 	 25.7 	 	 0.2000 	 4.0879 	 0.2773
[2025/10/20 01:57:49] - ==> Building model..
[2025/10/20 01:58:16] - Test Loss 	 Test Acc 	 PGD Loss 	 PGD Acc
[2025/10/20 01:58:16] - 2.5535 	 	 0.5109 	 2.8555 	 0.2739
[2025/10/20 01:59:09] - 47 	 27.9 	 	 0.2000 	 4.0915 	 0.2730
[2025/10/20 01:59:09] - ==> Building model..
[2025/10/20 01:59:35] - Test Loss 	 Test Acc 	 PGD Loss 	 PGD Acc
[2025/10/20 01:59:35] - 2.5535 	 	 0.5106 	 2.8555 	 0.2746
[2025/10/20 02:00:27] - 48 	 28.1 	 	 0.2000 	 4.0868 	 0.2779
[2025/10/20 02:00:27] - ==> Building model..
[2025/10/20 02:00:53] - Test Loss 	 Test Acc 	 PGD Loss 	 PGD Acc
[2025/10/20 02:00:53] - 2.5528 	 	 0.5112 	 2.8545 	 0.2757
[2025/10/20 02:01:46] - 49 	 28.6 	 	 0.2000 	 4.0874 	 0.2789
[2025/10/20 02:01:46] - ==> Building model..
[2025/10/20 02:02:12] - Test Loss 	 Test Acc 	 PGD Loss 	 PGD Acc
[2025/10/20 02:02:12] - 2.5523 	 	 0.5129 	 2.8542 	 0.2767
[2025/10/20 02:03:05] - 50 	 28.8 	 	 0.2000 	 4.0870 	 0.2763
[2025/10/20 02:03:05] - ==> Building model..
[2025/10/20 02:03:31] - Test Loss 	 Test Acc 	 PGD Loss 	 PGD Acc
[2025/10/20 02:03:31] - 2.5514 	 	 0.5137 	 2.8534 	 0.2772
[2025/10/20 02:04:24] - 51 	 27.8 	 	 0.2000 	 4.0888 	 0.2758
[2025/10/20 02:04:24] - ==> Building model..
[2025/10/20 02:04:50] - Test Loss 	 Test Acc 	 PGD Loss 	 PGD Acc
[2025/10/20 02:04:50] - 2.5515 	 	 0.5137 	 2.8537 	 0.2762
[2025/10/20 02:05:39] - 52 	 26.6 	 	 0.2000 	 4.0877 	 0.2763
[2025/10/20 02:05:39] - ==> Building model..
[2025/10/20 02:06:04] - Test Loss 	 Test Acc 	 PGD Loss 	 PGD Acc
[2025/10/20 02:06:04] - 2.5494 	 	 0.5134 	 2.8517 	 0.2770
[2025/10/20 02:06:55] - 53 	 27.3 	 	 0.2000 	 4.0875 	 0.2776
[2025/10/20 02:06:55] - ==> Building model..
[2025/10/20 02:07:19] - Test Loss 	 Test Acc 	 PGD Loss 	 PGD Acc
[2025/10/20 02:07:19] - 2.5489 	 	 0.5128 	 2.8510 	 0.2774
[2025/10/20 02:08:08] - 54 	 25.9 	 	 0.2000 	 4.0901 	 0.2768
[2025/10/20 02:08:08] - ==> Building model..
[2025/10/20 02:08:34] - Test Loss 	 Test Acc 	 PGD Loss 	 PGD Acc
[2025/10/20 02:08:34] - 2.5477 	 	 0.5138 	 2.8501 	 0.2777
[2025/10/20 02:09:27] - 55 	 27.6 	 	 0.2000 	 4.0893 	 0.2778
[2025/10/20 02:09:27] - ==> Building model..
[2025/10/20 02:09:53] - Test Loss 	 Test Acc 	 PGD Loss 	 PGD Acc
[2025/10/20 02:09:53] - 2.5484 	 	 0.5149 	 2.8506 	 0.2772
[2025/10/20 02:10:47] - 56 	 28.0 	 	 0.2000 	 4.0910 	 0.2764
[2025/10/20 02:10:47] - ==> Building model..
[2025/10/20 02:11:13] - Test Loss 	 Test Acc 	 PGD Loss 	 PGD Acc
[2025/10/20 02:11:13] - 2.5533 	 	 0.5144 	 2.8544 	 0.2768
[2025/10/20 02:12:03] - 57 	 26.1 	 	 0.2000 	 4.0909 	 0.2798
[2025/10/20 02:12:03] - ==> Building model..
[2025/10/20 02:12:29] - Test Loss 	 Test Acc 	 PGD Loss 	 PGD Acc
[2025/10/20 02:12:29] - 2.5564 	 	 0.5135 	 2.8569 	 0.2792
[2025/10/20 02:13:19] - 58 	 26.1 	 	 0.2000 	 4.0905 	 0.2791
[2025/10/20 02:13:19] - ==> Building model..
[2025/10/20 02:13:46] - Test Loss 	 Test Acc 	 PGD Loss 	 PGD Acc
[2025/10/20 02:13:46] - 2.5596 	 	 0.5129 	 2.8590 	 0.2787
[2025/10/20 02:14:36] - 59 	 26.6 	 	 0.2000 	 4.0929 	 0.2785
[2025/10/20 02:14:36] - ==> Building model..
[2025/10/20 02:15:03] - Test Loss 	 Test Acc 	 PGD Loss 	 PGD Acc
[2025/10/20 02:15:03] - 2.5644 	 	 0.5118 	 2.8621 	 0.2803
[2025/10/20 02:15:54] - 60 	 26.7 	 	 0.2000 	 4.0914 	 0.2801
[2025/10/20 02:15:54] - ==> Building model..
[2025/10/20 02:16:20] - Test Loss 	 Test Acc 	 PGD Loss 	 PGD Acc
[2025/10/20 02:16:20] - 2.5682 	 	 0.5121 	 2.8652 	 0.2776
[2025/10/20 02:17:09] - 61 	 26.6 	 	 0.2000 	 4.0929 	 0.2772
[2025/10/20 02:17:09] - ==> Building model..
[2025/10/20 02:17:37] - Test Loss 	 Test Acc 	 PGD Loss 	 PGD Acc
[2025/10/20 02:17:37] - 2.5732 	 	 0.5125 	 2.8682 	 0.2792
[2025/10/20 02:18:26] - 62 	 26.5 	 	 0.2000 	 4.0909 	 0.2791
[2025/10/20 02:18:26] - ==> Building model..
[2025/10/20 02:18:53] - Test Loss 	 Test Acc 	 PGD Loss 	 PGD Acc
[2025/10/20 02:18:53] - 2.5758 	 	 0.5115 	 2.8695 	 0.2784
[2025/10/20 02:19:44] - 63 	 26.5 	 	 0.2000 	 4.0927 	 0.2779
[2025/10/20 02:19:44] - ==> Building model..
[2025/10/20 02:20:10] - Test Loss 	 Test Acc 	 PGD Loss 	 PGD Acc
[2025/10/20 02:20:10] - 2.5784 	 	 0.5122 	 2.8716 	 0.2789
[2025/10/20 02:20:59] - 64 	 26.5 	 	 0.2000 	 4.0913 	 0.2802
[2025/10/20 02:20:59] - ==> Building model..
[2025/10/20 02:21:26] - Test Loss 	 Test Acc 	 PGD Loss 	 PGD Acc
[2025/10/20 02:21:26] - 2.5800 	 	 0.5136 	 2.8733 	 0.2784
[2025/10/20 02:22:14] - 65 	 25.2 	 	 0.2000 	 4.0909 	 0.2792
[2025/10/20 02:22:14] - ==> Building model..
[2025/10/20 02:22:40] - Test Loss 	 Test Acc 	 PGD Loss 	 PGD Acc
[2025/10/20 02:22:40] - 2.5831 	 	 0.5129 	 2.8746 	 0.2786
[2025/10/20 02:23:30] - 66 	 26.0 	 	 0.2000 	 4.0915 	 0.2774
[2025/10/20 02:23:30] - ==> Building model..
[2025/10/20 02:23:57] - Test Loss 	 Test Acc 	 PGD Loss 	 PGD Acc
[2025/10/20 02:23:57] - 2.5838 	 	 0.5134 	 2.8745 	 0.2797
[2025/10/20 02:24:47] - 67 	 26.4 	 	 0.2000 	 4.0909 	 0.2790
[2025/10/20 02:24:47] - ==> Building model..
[2025/10/20 02:25:14] - Test Loss 	 Test Acc 	 PGD Loss 	 PGD Acc
[2025/10/20 02:25:14] - 2.5852 	 	 0.5140 	 2.8764 	 0.2783
[2025/10/20 02:26:06] - 68 	 27.4 	 	 0.2000 	 4.0907 	 0.2788
[2025/10/20 02:26:06] - ==> Building model..
[2025/10/20 02:26:32] - Test Loss 	 Test Acc 	 PGD Loss 	 PGD Acc
[2025/10/20 02:26:32] - 2.5864 	 	 0.5148 	 2.8770 	 0.2791
[2025/10/20 02:27:27] - 69 	 28.3 	 	 0.2000 	 4.0922 	 0.2786
[2025/10/20 02:27:27] - ==> Building model..
[2025/10/20 02:27:53] - Test Loss 	 Test Acc 	 PGD Loss 	 PGD Acc
[2025/10/20 02:27:53] - 2.5878 	 	 0.5134 	 2.8777 	 0.2785
[2025/10/20 02:28:47] - 70 	 28.2 	 	 0.2000 	 4.0915 	 0.2801
[2025/10/20 02:28:47] - ==> Building model..
[2025/10/20 02:29:12] - Test Loss 	 Test Acc 	 PGD Loss 	 PGD Acc
[2025/10/20 02:29:12] - 2.5898 	 	 0.5133 	 2.8790 	 0.2804
[2025/10/20 02:30:06] - 71 	 28.8 	 	 0.2000 	 4.0910 	 0.2787
[2025/10/20 02:30:06] - ==> Building model..
[2025/10/20 02:30:31] - Test Loss 	 Test Acc 	 PGD Loss 	 PGD Acc
[2025/10/20 02:30:31] - 2.5918 	 	 0.5145 	 2.8804 	 0.2796
[2025/10/20 02:31:24] - 72 	 28.7 	 	 0.2000 	 4.0900 	 0.2756
[2025/10/20 02:31:24] - ==> Building model..
[2025/10/20 02:31:49] - Test Loss 	 Test Acc 	 PGD Loss 	 PGD Acc
[2025/10/20 02:31:49] - 2.5917 	 	 0.5146 	 2.8811 	 0.2793
[2025/10/20 02:32:42] - 73 	 28.1 	 	 0.2000 	 4.0889 	 0.2787
[2025/10/20 02:32:42] - ==> Building model..
[2025/10/20 02:33:06] - Test Loss 	 Test Acc 	 PGD Loss 	 PGD Acc
[2025/10/20 02:33:06] - 2.5924 	 	 0.5148 	 2.8813 	 0.2801
[2025/10/20 02:33:59] - 74 	 28.4 	 	 0.2000 	 4.0902 	 0.2789
[2025/10/20 02:33:59] - ==> Building model..
[2025/10/20 02:34:23] - Test Loss 	 Test Acc 	 PGD Loss 	 PGD Acc
[2025/10/20 02:34:23] - 2.5923 	 	 0.5151 	 2.8812 	 0.2810
[2025/10/20 02:35:15] - 75 	 27.7 	 	 0.2000 	 4.0896 	 0.2800
[2025/10/20 02:35:15] - ==> Building model..
[2025/10/20 02:35:39] - Test Loss 	 Test Acc 	 PGD Loss 	 PGD Acc
[2025/10/20 02:35:39] - 2.5927 	 	 0.5155 	 2.8823 	 0.2810
[2025/10/20 02:36:30] - 76 	 27.0 	 	 0.2000 	 4.0903 	 0.2813
[2025/10/20 02:36:30] - ==> Building model..
[2025/10/20 02:36:56] - Test Loss 	 Test Acc 	 PGD Loss 	 PGD Acc
[2025/10/20 02:36:56] - 2.5961 	 	 0.5151 	 2.8847 	 0.2810
[2025/10/20 02:37:46] - 77 	 26.6 	 	 0.2000 	 4.0886 	 0.2819
[2025/10/20 02:37:46] - ==> Building model..
[2025/10/20 02:38:12] - Test Loss 	 Test Acc 	 PGD Loss 	 PGD Acc
[2025/10/20 02:38:12] - 2.5967 	 	 0.5163 	 2.8847 	 0.2810
[2025/10/20 02:39:01] - 78 	 26.5 	 	 0.2000 	 4.0897 	 0.2800
[2025/10/20 02:39:01] - ==> Building model..
[2025/10/20 02:39:27] - Test Loss 	 Test Acc 	 PGD Loss 	 PGD Acc
[2025/10/20 02:39:27] - 2.5974 	 	 0.5155 	 2.8850 	 0.2805
[2025/10/20 02:40:15] - 79 	 25.8 	 	 0.2000 	 4.0892 	 0.2794
[2025/10/20 02:40:15] - ==> Building model..
[2025/10/20 02:40:40] - Test Loss 	 Test Acc 	 PGD Loss 	 PGD Acc
[2025/10/20 02:40:40] - 2.5967 	 	 0.5167 	 2.8840 	 0.2809
[2025/10/20 02:41:31] - 80 	 27.1 	 	 0.2000 	 4.0879 	 0.2809
[2025/10/20 02:41:31] - ==> Building model..
[2025/10/20 02:41:56] - Test Loss 	 Test Acc 	 PGD Loss 	 PGD Acc
[2025/10/20 02:41:56] - 2.5989 	 	 0.5164 	 2.8858 	 0.2813
[2025/10/20 02:42:43] - 81 	 25.1 	 	 0.2000 	 4.0887 	 0.2804
[2025/10/20 02:42:43] - ==> Building model..
[2025/10/20 02:43:10] - Test Loss 	 Test Acc 	 PGD Loss 	 PGD Acc
[2025/10/20 02:43:10] - 2.5980 	 	 0.5170 	 2.8849 	 0.2816
[2025/10/20 02:44:02] - 82 	 27.1 	 	 0.2000 	 4.0894 	 0.2798
[2025/10/20 02:44:02] - ==> Building model..
[2025/10/20 02:44:28] - Test Loss 	 Test Acc 	 PGD Loss 	 PGD Acc
[2025/10/20 02:44:28] - 2.5971 	 	 0.5166 	 2.8845 	 0.2818
[2025/10/20 02:45:18] - 83 	 25.8 	 	 0.2000 	 4.0865 	 0.2814
[2025/10/20 02:45:18] - ==> Building model..
[2025/10/20 02:45:44] - Test Loss 	 Test Acc 	 PGD Loss 	 PGD Acc
[2025/10/20 02:45:44] - 2.5975 	 	 0.5166 	 2.8846 	 0.2811
[2025/10/20 02:46:36] - 84 	 27.5 	 	 0.2000 	 4.0889 	 0.2788
[2025/10/20 02:46:36] - ==> Building model..
[2025/10/20 02:47:02] - Test Loss 	 Test Acc 	 PGD Loss 	 PGD Acc
[2025/10/20 02:47:02] - 2.5970 	 	 0.5168 	 2.8842 	 0.2815
[2025/10/20 02:47:52] - 85 	 26.8 	 	 0.2000 	 4.0885 	 0.2796
[2025/10/20 02:47:52] - ==> Building model..
[2025/10/20 02:48:17] - Test Loss 	 Test Acc 	 PGD Loss 	 PGD Acc
[2025/10/20 02:48:17] - 2.5972 	 	 0.5163 	 2.8844 	 0.2812
[2025/10/20 02:49:06] - 86 	 26.3 	 	 0.2000 	 4.0887 	 0.2808
[2025/10/20 02:49:06] - ==> Building model..
[2025/10/20 02:49:31] - Test Loss 	 Test Acc 	 PGD Loss 	 PGD Acc
[2025/10/20 02:49:31] - 2.5971 	 	 0.5175 	 2.8847 	 0.2818
[2025/10/20 02:50:22] - 87 	 27.7 	 	 0.2000 	 4.0880 	 0.2824
[2025/10/20 02:50:22] - ==> Building model..
[2025/10/20 02:50:47] - Test Loss 	 Test Acc 	 PGD Loss 	 PGD Acc
[2025/10/20 02:50:47] - 2.5978 	 	 0.5171 	 2.8854 	 0.2827
[2025/10/20 02:51:38] - 88 	 27.6 	 	 0.2000 	 4.0905 	 0.2794
[2025/10/20 02:51:38] - ==> Building model..
[2025/10/20 02:52:03] - Test Loss 	 Test Acc 	 PGD Loss 	 PGD Acc
[2025/10/20 02:52:03] - 2.5979 	 	 0.5167 	 2.8854 	 0.2823
[2025/10/20 02:52:51] - 89 	 25.9 	 	 0.2000 	 4.0891 	 0.2811
[2025/10/20 02:52:51] - ==> Building model..
[2025/10/20 02:53:17] - Test Loss 	 Test Acc 	 PGD Loss 	 PGD Acc
[2025/10/20 02:53:17] - 2.5992 	 	 0.5167 	 2.8863 	 0.2819
[2025/10/20 02:54:08] - 90 	 27.4 	 	 0.2000 	 4.0869 	 0.2814
[2025/10/20 02:54:08] - ==> Building model..
[2025/10/20 02:54:33] - Test Loss 	 Test Acc 	 PGD Loss 	 PGD Acc
[2025/10/20 02:54:33] - 2.5992 	 	 0.5153 	 2.8862 	 0.2817
[2025/10/20 02:55:25] - 91 	 28.0 	 	 0.2000 	 4.0890 	 0.2802
[2025/10/20 02:55:25] - ==> Building model..
[2025/10/20 02:55:50] - Test Loss 	 Test Acc 	 PGD Loss 	 PGD Acc
[2025/10/20 02:55:50] - 2.5990 	 	 0.5152 	 2.8863 	 0.2815
[2025/10/20 02:56:39] - 92 	 27.5 	 	 0.2000 	 4.0880 	 0.2809
[2025/10/20 02:56:39] - ==> Building model..
[2025/10/20 02:57:05] - Test Loss 	 Test Acc 	 PGD Loss 	 PGD Acc
[2025/10/20 02:57:05] - 2.5998 	 	 0.5150 	 2.8874 	 0.2819
[2025/10/20 02:57:57] - 93 	 29.2 	 	 0.2000 	 4.0881 	 0.2813
[2025/10/20 02:57:57] - ==> Building model..
[2025/10/20 02:58:22] - Test Loss 	 Test Acc 	 PGD Loss 	 PGD Acc
[2025/10/20 02:58:22] - 2.5999 	 	 0.5152 	 2.8872 	 0.2814
[2025/10/20 02:59:10] - 94 	 27.0 	 	 0.0200 	 3.9960 	 0.3409
[2025/10/20 02:59:10] - ==> Building model..
[2025/10/20 02:59:35] - Test Loss 	 Test Acc 	 PGD Loss 	 PGD Acc
[2025/10/20 02:59:35] - 2.5978 	 	 0.5157 	 2.8859 	 0.2819
[2025/10/20 03:00:25] - 95 	 27.2 	 	 0.0200 	 3.9003 	 0.4027
[2025/10/20 03:00:25] - ==> Building model..
[2025/10/20 03:00:50] - Test Loss 	 Test Acc 	 PGD Loss 	 PGD Acc
[2025/10/20 03:00:50] - 2.5961 	 	 0.5159 	 2.8847 	 0.2820
[2025/10/20 03:01:39] - 96 	 26.9 	 	 0.0200 	 3.8749 	 0.4222
[2025/10/20 03:01:39] - ==> Building model..
[2025/10/20 03:02:04] - Test Loss 	 Test Acc 	 PGD Loss 	 PGD Acc
[2025/10/20 03:02:04] - 2.5956 	 	 0.5163 	 2.8836 	 0.2820
[2025/10/20 03:02:54] - 97 	 28.5 	 	 0.0200 	 3.8566 	 0.4343
[2025/10/20 03:02:54] - ==> Building model..
[2025/10/20 03:03:19] - Test Loss 	 Test Acc 	 PGD Loss 	 PGD Acc
[2025/10/20 03:03:19] - 2.5962 	 	 0.5161 	 2.8843 	 0.2821
[2025/10/20 03:04:08] - 98 	 27.5 	 	 0.0200 	 3.8421 	 0.4440
[2025/10/20 03:04:08] - ==> Building model..
[2025/10/20 03:04:33] - Test Loss 	 Test Acc 	 PGD Loss 	 PGD Acc
[2025/10/20 03:04:33] - 2.5978 	 	 0.5158 	 2.8860 	 0.2822
[2025/10/20 03:05:23] - 99 	 27.4 	 	 0.0020 	 3.8105 	 0.4668
[2025/10/20 03:05:23] - ==> Building model..
[2025/10/20 03:05:48] - Test Loss 	 Test Acc 	 PGD Loss 	 PGD Acc
[2025/10/20 03:05:48] - 2.5986 	 	 0.5158 	 2.8862 	 0.2822
[2025/10/20 03:06:40] - 100 	 28.6 	 	 0.0020 	 3.7820 	 0.4914
[2025/10/20 03:06:40] - ==> Building model..
[2025/10/20 03:07:04] - Test Loss 	 Test Acc 	 PGD Loss 	 PGD Acc
[2025/10/20 03:07:04] - 2.5991 	 	 0.5159 	 2.8870 	 0.2827
[2025/10/20 03:07:56] - 101 	 29.2 	 	 0.0020 	 3.7764 	 0.4974
[2025/10/20 03:07:56] - ==> Building model..
[2025/10/20 03:08:20] - Test Loss 	 Test Acc 	 PGD Loss 	 PGD Acc
[2025/10/20 03:08:20] - 2.5996 	 	 0.5158 	 2.8876 	 0.2823
[2025/10/20 03:09:10] - 102 	 27.9 	 	 0.0020 	 3.7699 	 0.5037
[2025/10/20 03:09:10] - ==> Building model..
[2025/10/20 03:09:34] - Test Loss 	 Test Acc 	 PGD Loss 	 PGD Acc
[2025/10/20 03:09:34] - 2.6001 	 	 0.5157 	 2.8877 	 0.2825
[2025/10/20 03:10:24] - 103 	 27.9 	 	 0.0020 	 3.7657 	 0.5043
[2025/10/20 03:10:24] - ==> Building model..
[2025/10/20 03:10:48] - Test Loss 	 Test Acc 	 PGD Loss 	 PGD Acc
[2025/10/20 03:10:48] - 2.6001 	 	 0.5157 	 2.8878 	 0.2819
[2025/10/20 03:11:39] - 104 	 28.1 	 	 0.0020 	 3.7615 	 0.5085
[2025/10/20 03:11:39] - ==> Building model..
[2025/10/20 03:12:03] - Test Loss 	 Test Acc 	 PGD Loss 	 PGD Acc
[2025/10/20 03:12:03] - 2.6007 	 	 0.5157 	 2.8884 	 0.2823
[2025/10/20 03:12:54] - 105 	 27.8 	 	 0.0020 	 3.7570 	 0.5115
[2025/10/20 03:12:54] - ==> Building model..
[2025/10/20 03:13:19] - Test Loss 	 Test Acc 	 PGD Loss 	 PGD Acc
[2025/10/20 03:13:19] - 2.6013 	 	 0.5154 	 2.8886 	 0.2827
[2025/10/20 03:14:10] - 106 	 28.0 	 	 0.0020 	 3.7532 	 0.5131
[2025/10/20 03:14:10] - ==> Building model..
[2025/10/20 03:14:33] - Test Loss 	 Test Acc 	 PGD Loss 	 PGD Acc
[2025/10/20 03:14:33] - 2.6013 	 	 0.5154 	 2.8888 	 0.2833
[2025/10/20 03:15:23] - 107 	 27.2 	 	 0.0020 	 3.7498 	 0.5157
[2025/10/20 03:15:23] - ==> Building model..
[2025/10/20 03:15:47] - Test Loss 	 Test Acc 	 PGD Loss 	 PGD Acc
[2025/10/20 03:15:47] - 2.6020 	 	 0.5155 	 2.8895 	 0.2825
[2025/10/20 03:16:36] - 108 	 26.8 	 	 0.0020 	 3.7462 	 0.5207
[2025/10/20 03:16:36] - ==> Building model..
[2025/10/20 03:17:01] - Test Loss 	 Test Acc 	 PGD Loss 	 PGD Acc
[2025/10/20 03:17:01] - 2.6020 	 	 0.5155 	 2.8894 	 0.2827
[2025/10/20 03:17:50] - 109 	 27.3 	 	 0.0020 	 3.7411 	 0.5231
[2025/10/20 03:17:50] - ==> Building model..
[2025/10/20 03:18:14] - Test Loss 	 Test Acc 	 PGD Loss 	 PGD Acc
[2025/10/20 03:18:14] - 2.6020 	 	 0.5155 	 2.8897 	 0.2830
[2025/10/20 03:18:14] - [0.0857, 0.1264, 0.1607, 0.2228, 0.2572, 0.309, 0.3488, 0.3797, 0.3998, 0.415, 0.424, 0.4363, 0.4445, 0.4501, 0.4568, 0.4624, 0.4671, 0.4702, 0.4749, 0.4767, 0.4784, 0.4837, 0.4862, 0.488, 0.4898, 0.4932, 0.4941, 0.4953, 0.4972, 0.4987, 0.4993, 0.501, 0.5042, 0.5034, 0.5019, 0.5034, 0.5075, 0.5064, 0.5061, 0.5095, 0.5086, 0.5091, 0.5101, 0.5092, 0.5102, 0.509, 0.5109, 0.5106, 0.5112, 0.5129, 0.5137, 0.5137, 0.5134, 0.5128, 0.5138, 0.5149, 0.5144, 0.5135, 0.5129, 0.5118, 0.5121, 0.5125, 0.5115, 0.5122, 0.5136, 0.5129, 0.5134, 0.514, 0.5148, 0.5134, 0.5133, 0.5145, 0.5146, 0.5148, 0.5151, 0.5155, 0.5151, 0.5163, 0.5155, 0.5167, 0.5164, 0.517, 0.5166, 0.5166, 0.5168, 0.5163, 0.5175, 0.5171, 0.5167, 0.5167, 0.5153, 0.5152, 0.515, 0.5152, 0.5157, 0.5159, 0.5163, 0.5161, 0.5158, 0.5158, 0.5159, 0.5158, 0.5157, 0.5157, 0.5157, 0.5154, 0.5154, 0.5155, 0.5155, 0.5155]
[2025/10/20 03:18:14] - [0.0555, 0.0813, 0.1005, 0.1306, 0.1524, 0.1787, 0.1914, 0.2063, 0.2157, 0.2233, 0.2305, 0.2353, 0.2389, 0.2448, 0.2487, 0.2502, 0.2514, 0.2527, 0.2551, 0.2557, 0.2568, 0.2568, 0.258, 0.2579, 0.2588, 0.2617, 0.263, 0.2635, 0.2667, 0.2681, 0.268, 0.2697, 0.2704, 0.2713, 0.2707, 0.2697, 0.2712, 0.271, 0.2711, 0.2713, 0.2711, 0.2714, 0.2736, 0.2753, 0.276, 0.2756, 0.2739, 0.2746, 0.2757, 0.2767, 0.2772, 0.2762, 0.277, 0.2774, 0.2777, 0.2772, 0.2768, 0.2792, 0.2787, 0.2803, 0.2776, 0.2792, 0.2784, 0.2789, 0.2784, 0.2786, 0.2797, 0.2783, 0.2791, 0.2785, 0.2804, 0.2796, 0.2793, 0.2801, 0.281, 0.281, 0.281, 0.281, 0.2805, 0.2809, 0.2813, 0.2816, 0.2818, 0.2811, 0.2815, 0.2812, 0.2818, 0.2827, 0.2823, 0.2819, 0.2817, 0.2815, 0.2819, 0.2814, 0.2819, 0.282, 0.282, 0.2821, 0.2822, 0.2822, 0.2827, 0.2823, 0.2825, 0.2819, 0.2823, 0.2827, 0.2833, 0.2825, 0.2827, 0.283]
