[2025/10/20 22:24:31] - Namespace(batch_size=128, data_dir='cifar-data', epochs=110, lr_schedule='multistep', lr_min=0.0, lr_max=0.2, weight_decay=0.0005, momentum=0.9, model='ResNet18', epsilon=8, alpha=8, delta_init='random', normal_mean=0, normal_std=1, out_dir='runs/beta_0.6/lam_44/lscale_0.1/seed_0', seed=0, lamda=44.0, lam_scale=0.1, lam_start=50, gamma=0.05, inner_gamma=0.05, beta=0.6, mu=3.5, batch_m=0.75, early_stop=False, factor=0.5, length=4, n_holes=1, c_num=0.125, EMA_value=0.55)
[2025/10/20 22:24:32] - ==> Building model..
[2025/10/20 22:24:33] - Epoch 	 Seconds 	 LR 	 	 Train Loss 	 Train Acc
[2025/10/20 22:25:25] - 0 	 29.5 	 	 0.2000 	 4.5719 	 0.0390
[2025/10/20 22:25:25] - ==> Building model..
[2025/10/20 22:25:49] - Test Loss 	 Test Acc 	 PGD Loss 	 PGD Acc
[2025/10/20 22:25:49] - 4.1935 	 	 0.0898 	 4.2084 	 0.0602
[2025/10/20 22:26:39] - 1 	 27.7 	 	 0.2000 	 4.4544 	 0.0815
[2025/10/20 22:26:39] - ==> Building model..
[2025/10/20 22:27:03] - Test Loss 	 Test Acc 	 PGD Loss 	 PGD Acc
[2025/10/20 22:27:03] - 3.9798 	 	 0.1526 	 4.0131 	 0.1000
[2025/10/20 22:27:56] - 2 	 29.2 	 	 0.2000 	 4.4000 	 0.1096
[2025/10/20 22:27:56] - ==> Building model..
[2025/10/20 22:28:20] - Test Loss 	 Test Acc 	 PGD Loss 	 PGD Acc
[2025/10/20 22:28:20] - 3.8799 	 	 0.1920 	 3.9282 	 0.1209
[2025/10/20 22:29:11] - 3 	 28.2 	 	 0.2000 	 4.3495 	 0.1333
[2025/10/20 22:29:11] - ==> Building model..
[2025/10/20 22:29:35] - Test Loss 	 Test Acc 	 PGD Loss 	 PGD Acc
[2025/10/20 22:29:35] - 3.7273 	 	 0.2439 	 3.8000 	 0.1444
[2025/10/20 22:30:28] - 4 	 29.3 	 	 0.2000 	 4.3022 	 0.1563
[2025/10/20 22:30:28] - ==> Building model..
[2025/10/20 22:30:52] - Test Loss 	 Test Acc 	 PGD Loss 	 PGD Acc
[2025/10/20 22:30:52] - 3.5422 	 	 0.2874 	 3.6438 	 0.1699
[2025/10/20 22:31:44] - 5 	 29.0 	 	 0.2000 	 4.2665 	 0.1760
[2025/10/20 22:31:44] - ==> Building model..
[2025/10/20 22:32:09] - Test Loss 	 Test Acc 	 PGD Loss 	 PGD Acc
[2025/10/20 22:32:09] - 3.3619 	 	 0.3201 	 3.4898 	 0.1844
[2025/10/20 22:33:00] - 6 	 27.9 	 	 0.2000 	 4.2360 	 0.1931
[2025/10/20 22:33:00] - ==> Building model..
[2025/10/20 22:33:24] - Test Loss 	 Test Acc 	 PGD Loss 	 PGD Acc
[2025/10/20 22:33:24] - 3.1692 	 	 0.3605 	 3.3293 	 0.1976
[2025/10/20 22:34:15] - 7 	 28.3 	 	 0.2000 	 4.2176 	 0.2023
[2025/10/20 22:34:15] - ==> Building model..
[2025/10/20 22:34:40] - Test Loss 	 Test Acc 	 PGD Loss 	 PGD Acc
[2025/10/20 22:34:40] - 3.0402 	 	 0.3866 	 3.2257 	 0.2096
[2025/10/20 22:35:32] - 8 	 28.7 	 	 0.2000 	 4.2003 	 0.2119
[2025/10/20 22:35:32] - ==> Building model..
[2025/10/20 22:35:56] - Test Loss 	 Test Acc 	 PGD Loss 	 PGD Acc
[2025/10/20 22:35:56] - 2.9594 	 	 0.4070 	 3.1623 	 0.2190
[2025/10/20 22:36:49] - 9 	 28.5 	 	 0.2000 	 4.1855 	 0.2199
[2025/10/20 22:36:49] - ==> Building model..
[2025/10/20 22:37:13] - Test Loss 	 Test Acc 	 PGD Loss 	 PGD Acc
[2025/10/20 22:37:13] - 2.8932 	 	 0.4187 	 3.1108 	 0.2257
[2025/10/20 22:38:07] - 10 	 29.8 	 	 0.2000 	 4.1744 	 0.2279
[2025/10/20 22:38:07] - ==> Building model..
[2025/10/20 22:38:31] - Test Loss 	 Test Acc 	 PGD Loss 	 PGD Acc
[2025/10/20 22:38:31] - 2.8477 	 	 0.4297 	 3.0747 	 0.2312
[2025/10/20 22:39:24] - 11 	 29.1 	 	 0.2000 	 4.1668 	 0.2300
[2025/10/20 22:39:24] - ==> Building model..
[2025/10/20 22:39:48] - Test Loss 	 Test Acc 	 PGD Loss 	 PGD Acc
[2025/10/20 22:39:48] - 2.8086 	 	 0.4411 	 3.0453 	 0.2364
[2025/10/20 22:40:40] - 12 	 28.5 	 	 0.2000 	 4.1576 	 0.2362
[2025/10/20 22:40:40] - ==> Building model..
[2025/10/20 22:41:05] - Test Loss 	 Test Acc 	 PGD Loss 	 PGD Acc
[2025/10/20 22:41:05] - 2.7758 	 	 0.4503 	 3.0201 	 0.2389
[2025/10/20 22:41:57] - 13 	 28.8 	 	 0.2000 	 4.1543 	 0.2388
[2025/10/20 22:41:57] - ==> Building model..
[2025/10/20 22:42:21] - Test Loss 	 Test Acc 	 PGD Loss 	 PGD Acc
[2025/10/20 22:42:21] - 2.7527 	 	 0.4564 	 3.0030 	 0.2424
[2025/10/20 22:43:14] - 14 	 29.6 	 	 0.2000 	 4.1483 	 0.2413
[2025/10/20 22:43:14] - ==> Building model..
[2025/10/20 22:43:39] - Test Loss 	 Test Acc 	 PGD Loss 	 PGD Acc
[2025/10/20 22:43:39] - 2.7367 	 	 0.4629 	 2.9919 	 0.2488
[2025/10/20 22:44:29] - 15 	 28.3 	 	 0.2000 	 4.1401 	 0.2474
[2025/10/20 22:44:29] - ==> Building model..
[2025/10/20 22:44:54] - Test Loss 	 Test Acc 	 PGD Loss 	 PGD Acc
[2025/10/20 22:44:54] - 2.7182 	 	 0.4685 	 2.9778 	 0.2517
[2025/10/20 22:45:46] - 16 	 28.6 	 	 0.2000 	 4.1370 	 0.2486
[2025/10/20 22:45:46] - ==> Building model..
[2025/10/20 22:46:10] - Test Loss 	 Test Acc 	 PGD Loss 	 PGD Acc
[2025/10/20 22:46:10] - 2.7044 	 	 0.4698 	 2.9664 	 0.2544
[2025/10/20 22:47:04] - 17 	 29.2 	 	 0.2000 	 4.1354 	 0.2480
[2025/10/20 22:47:04] - ==> Building model..
[2025/10/20 22:47:28] - Test Loss 	 Test Acc 	 PGD Loss 	 PGD Acc
[2025/10/20 22:47:28] - 2.6960 	 	 0.4735 	 2.9612 	 0.2547
[2025/10/20 22:48:20] - 18 	 28.7 	 	 0.2000 	 4.1297 	 0.2509
[2025/10/20 22:48:20] - ==> Building model..
[2025/10/20 22:48:44] - Test Loss 	 Test Acc 	 PGD Loss 	 PGD Acc
[2025/10/20 22:48:44] - 2.6773 	 	 0.4762 	 2.9477 	 0.2582
[2025/10/20 22:49:39] - 19 	 31.5 	 	 0.2000 	 4.1257 	 0.2560
[2025/10/20 22:49:39] - ==> Building model..
[2025/10/20 22:50:15] - Test Loss 	 Test Acc 	 PGD Loss 	 PGD Acc
[2025/10/20 22:50:15] - 2.6749 	 	 0.4771 	 2.9470 	 0.2586
[2025/10/20 22:51:10] - 20 	 32.4 	 	 0.2000 	 4.1247 	 0.2560
[2025/10/20 22:51:10] - ==> Building model..
[2025/10/20 22:51:34] - Test Loss 	 Test Acc 	 PGD Loss 	 PGD Acc
[2025/10/20 22:51:34] - 2.6645 	 	 0.4819 	 2.9397 	 0.2591
[2025/10/20 22:52:25] - 21 	 28.7 	 	 0.2000 	 4.1206 	 0.2569
[2025/10/20 22:52:25] - ==> Building model..
[2025/10/20 22:52:49] - Test Loss 	 Test Acc 	 PGD Loss 	 PGD Acc
[2025/10/20 22:52:49] - 2.6502 	 	 0.4878 	 2.9300 	 0.2592
[2025/10/20 22:53:40] - 22 	 28.5 	 	 0.2000 	 4.1202 	 0.2578
[2025/10/20 22:53:40] - ==> Building model..
[2025/10/20 22:54:05] - Test Loss 	 Test Acc 	 PGD Loss 	 PGD Acc
[2025/10/20 22:54:05] - 2.6384 	 	 0.4900 	 2.9214 	 0.2615
[2025/10/20 22:54:55] - 23 	 28.1 	 	 0.2000 	 4.1194 	 0.2569
[2025/10/20 22:54:55] - ==> Building model..
[2025/10/20 22:55:19] - Test Loss 	 Test Acc 	 PGD Loss 	 PGD Acc
[2025/10/20 22:55:19] - 2.6312 	 	 0.4925 	 2.9159 	 0.2617
[2025/10/20 22:56:11] - 24 	 28.4 	 	 0.2000 	 4.1150 	 0.2609
[2025/10/20 22:56:11] - ==> Building model..
[2025/10/20 22:56:35] - Test Loss 	 Test Acc 	 PGD Loss 	 PGD Acc
[2025/10/20 22:56:35] - 2.6281 	 	 0.4933 	 2.9145 	 0.2627
[2025/10/20 22:57:27] - 25 	 29.3 	 	 0.2000 	 4.1128 	 0.2629
[2025/10/20 22:57:27] - ==> Building model..
[2025/10/20 22:57:51] - Test Loss 	 Test Acc 	 PGD Loss 	 PGD Acc
[2025/10/20 22:57:51] - 2.6150 	 	 0.4965 	 2.9042 	 0.2659
[2025/10/20 22:58:41] - 26 	 28.3 	 	 0.2000 	 4.1096 	 0.2641
[2025/10/20 22:58:41] - ==> Building model..
[2025/10/20 22:59:06] - Test Loss 	 Test Acc 	 PGD Loss 	 PGD Acc
[2025/10/20 22:59:06] - 2.6065 	 	 0.4971 	 2.8970 	 0.2670
[2025/10/20 22:59:57] - 27 	 28.7 	 	 0.2000 	 4.1082 	 0.2673
[2025/10/20 22:59:57] - ==> Building model..
[2025/10/20 23:00:22] - Test Loss 	 Test Acc 	 PGD Loss 	 PGD Acc
[2025/10/20 23:00:22] - 2.6014 	 	 0.4994 	 2.8936 	 0.2680
[2025/10/20 23:01:12] - 28 	 27.8 	 	 0.2000 	 4.1079 	 0.2645
[2025/10/20 23:01:12] - ==> Building model..
[2025/10/20 23:01:37] - Test Loss 	 Test Acc 	 PGD Loss 	 PGD Acc
[2025/10/20 23:01:37] - 2.6013 	 	 0.5011 	 2.8940 	 0.2679
[2025/10/20 23:02:29] - 29 	 29.1 	 	 0.2000 	 4.1071 	 0.2657
[2025/10/20 23:02:29] - ==> Building model..
[2025/10/20 23:02:54] - Test Loss 	 Test Acc 	 PGD Loss 	 PGD Acc
[2025/10/20 23:02:54] - 2.5973 	 	 0.5000 	 2.8902 	 0.2695
[2025/10/20 23:03:45] - 30 	 28.5 	 	 0.2000 	 4.1069 	 0.2653
[2025/10/20 23:03:45] - ==> Building model..
[2025/10/20 23:04:09] - Test Loss 	 Test Acc 	 PGD Loss 	 PGD Acc
[2025/10/20 23:04:09] - 2.5956 	 	 0.4991 	 2.8884 	 0.2694
[2025/10/20 23:04:58] - 31 	 27.8 	 	 0.2000 	 4.1045 	 0.2683
[2025/10/20 23:04:58] - ==> Building model..
[2025/10/20 23:05:22] - Test Loss 	 Test Acc 	 PGD Loss 	 PGD Acc
[2025/10/20 23:05:22] - 2.5918 	 	 0.5008 	 2.8855 	 0.2719
[2025/10/20 23:06:14] - 32 	 28.8 	 	 0.2000 	 4.1027 	 0.2668
[2025/10/20 23:06:14] - ==> Building model..
[2025/10/20 23:06:37] - Test Loss 	 Test Acc 	 PGD Loss 	 PGD Acc
[2025/10/20 23:06:37] - 2.5899 	 	 0.5028 	 2.8848 	 0.2713
[2025/10/20 23:07:29] - 33 	 29.1 	 	 0.2000 	 4.1020 	 0.2688
[2025/10/20 23:07:29] - ==> Building model..
[2025/10/20 23:07:54] - Test Loss 	 Test Acc 	 PGD Loss 	 PGD Acc
[2025/10/20 23:07:54] - 2.5844 	 	 0.5033 	 2.8814 	 0.2725
[2025/10/20 23:08:47] - 34 	 29.7 	 	 0.2000 	 4.1020 	 0.2671
[2025/10/20 23:08:47] - ==> Building model..
[2025/10/20 23:09:11] - Test Loss 	 Test Acc 	 PGD Loss 	 PGD Acc
[2025/10/20 23:09:11] - 2.5794 	 	 0.5039 	 2.8779 	 0.2730
[2025/10/20 23:10:04] - 35 	 29.1 	 	 0.2000 	 4.0979 	 0.2724
[2025/10/20 23:10:04] - ==> Building model..
[2025/10/20 23:10:28] - Test Loss 	 Test Acc 	 PGD Loss 	 PGD Acc
[2025/10/20 23:10:28] - 2.5764 	 	 0.5049 	 2.8745 	 0.2740
[2025/10/20 23:11:20] - 36 	 28.8 	 	 0.2000 	 4.0990 	 0.2701
[2025/10/20 23:11:20] - ==> Building model..
[2025/10/20 23:11:45] - Test Loss 	 Test Acc 	 PGD Loss 	 PGD Acc
[2025/10/20 23:11:45] - 2.5751 	 	 0.5054 	 2.8738 	 0.2750
[2025/10/20 23:12:37] - 37 	 28.7 	 	 0.2000 	 4.0985 	 0.2710
[2025/10/20 23:12:37] - ==> Building model..
[2025/10/20 23:13:01] - Test Loss 	 Test Acc 	 PGD Loss 	 PGD Acc
[2025/10/20 23:13:01] - 2.5738 	 	 0.5042 	 2.8727 	 0.2735
[2025/10/20 23:13:53] - 38 	 29.2 	 	 0.2000 	 4.0965 	 0.2741
[2025/10/20 23:13:53] - ==> Building model..
[2025/10/20 23:14:17] - Test Loss 	 Test Acc 	 PGD Loss 	 PGD Acc
[2025/10/20 23:14:17] - 2.5722 	 	 0.5049 	 2.8705 	 0.2734
[2025/10/20 23:15:08] - 39 	 28.8 	 	 0.2000 	 4.0961 	 0.2715
[2025/10/20 23:15:08] - ==> Building model..
[2025/10/20 23:15:31] - Test Loss 	 Test Acc 	 PGD Loss 	 PGD Acc
[2025/10/20 23:15:31] - 2.5697 	 	 0.5068 	 2.8677 	 0.2730
[2025/10/20 23:16:22] - 40 	 28.3 	 	 0.2000 	 4.0954 	 0.2744
[2025/10/20 23:16:22] - ==> Building model..
[2025/10/20 23:16:46] - Test Loss 	 Test Acc 	 PGD Loss 	 PGD Acc
[2025/10/20 23:16:46] - 2.5716 	 	 0.5054 	 2.8695 	 0.2743
[2025/10/20 23:17:37] - 41 	 28.9 	 	 0.2000 	 4.0959 	 0.2713
[2025/10/20 23:17:37] - ==> Building model..
[2025/10/20 23:18:02] - Test Loss 	 Test Acc 	 PGD Loss 	 PGD Acc
[2025/10/20 23:18:02] - 2.5690 	 	 0.5071 	 2.8678 	 0.2757
[2025/10/20 23:18:54] - 42 	 29.0 	 	 0.2000 	 4.0953 	 0.2732
[2025/10/20 23:18:54] - ==> Building model..
[2025/10/20 23:19:18] - Test Loss 	 Test Acc 	 PGD Loss 	 PGD Acc
[2025/10/20 23:19:18] - 2.5670 	 	 0.5062 	 2.8662 	 0.2763
[2025/10/20 23:20:11] - 43 	 29.0 	 	 0.2000 	 4.0950 	 0.2725
[2025/10/20 23:20:11] - ==> Building model..
[2025/10/20 23:20:35] - Test Loss 	 Test Acc 	 PGD Loss 	 PGD Acc
[2025/10/20 23:20:35] - 2.5642 	 	 0.5066 	 2.8633 	 0.2768
[2025/10/20 23:21:25] - 44 	 28.4 	 	 0.2000 	 4.0949 	 0.2742
[2025/10/20 23:21:25] - ==> Building model..
[2025/10/20 23:21:49] - Test Loss 	 Test Acc 	 PGD Loss 	 PGD Acc
[2025/10/20 23:21:49] - 2.5581 	 	 0.5091 	 2.8593 	 0.2778
[2025/10/20 23:22:38] - 45 	 27.9 	 	 0.2000 	 4.0922 	 0.2760
[2025/10/20 23:22:38] - ==> Building model..
[2025/10/20 23:23:03] - Test Loss 	 Test Acc 	 PGD Loss 	 PGD Acc
[2025/10/20 23:23:03] - 2.5581 	 	 0.5090 	 2.8584 	 0.2783
[2025/10/20 23:23:54] - 46 	 28.6 	 	 0.2000 	 4.0907 	 0.2770
[2025/10/20 23:23:54] - ==> Building model..
[2025/10/20 23:24:18] - Test Loss 	 Test Acc 	 PGD Loss 	 PGD Acc
[2025/10/20 23:24:18] - 2.5577 	 	 0.5098 	 2.8580 	 0.2778
[2025/10/20 23:25:09] - 47 	 28.5 	 	 0.2000 	 4.0925 	 0.2747
[2025/10/20 23:25:09] - ==> Building model..
[2025/10/20 23:25:33] - Test Loss 	 Test Acc 	 PGD Loss 	 PGD Acc
[2025/10/20 23:25:33] - 2.5563 	 	 0.5109 	 2.8572 	 0.2786
[2025/10/20 23:26:23] - 48 	 27.7 	 	 0.2000 	 4.0896 	 0.2781
[2025/10/20 23:26:23] - ==> Building model..
[2025/10/20 23:26:48] - Test Loss 	 Test Acc 	 PGD Loss 	 PGD Acc
[2025/10/20 23:26:48] - 2.5567 	 	 0.5102 	 2.8568 	 0.2787
[2025/10/20 23:27:39] - 49 	 28.3 	 	 0.2000 	 4.0893 	 0.2777
[2025/10/20 23:27:39] - ==> Building model..
[2025/10/20 23:28:03] - Test Loss 	 Test Acc 	 PGD Loss 	 PGD Acc
[2025/10/20 23:28:03] - 2.5580 	 	 0.5103 	 2.8577 	 0.2784
[2025/10/20 23:28:56] - 50 	 29.4 	 	 0.2000 	 4.0902 	 0.2757
[2025/10/20 23:28:56] - ==> Building model..
[2025/10/20 23:29:20] - Test Loss 	 Test Acc 	 PGD Loss 	 PGD Acc
[2025/10/20 23:29:20] - 2.5564 	 	 0.5115 	 2.8562 	 0.2788
[2025/10/20 23:30:11] - 51 	 28.2 	 	 0.2000 	 4.0908 	 0.2748
[2025/10/20 23:30:11] - ==> Building model..
[2025/10/20 23:30:35] - Test Loss 	 Test Acc 	 PGD Loss 	 PGD Acc
[2025/10/20 23:30:35] - 2.5561 	 	 0.5122 	 2.8563 	 0.2789
[2025/10/20 23:31:27] - 52 	 29.1 	 	 0.2000 	 4.0914 	 0.2767
[2025/10/20 23:31:27] - ==> Building model..
[2025/10/20 23:31:51] - Test Loss 	 Test Acc 	 PGD Loss 	 PGD Acc
[2025/10/20 23:31:51] - 2.5616 	 	 0.5106 	 2.8609 	 0.2777
[2025/10/20 23:32:43] - 53 	 29.0 	 	 0.2000 	 4.0901 	 0.2783
[2025/10/20 23:32:43] - ==> Building model..
[2025/10/20 23:33:07] - Test Loss 	 Test Acc 	 PGD Loss 	 PGD Acc
[2025/10/20 23:33:07] - 2.5657 	 	 0.5092 	 2.8627 	 0.2789
[2025/10/20 23:34:06] - 54 	 37.2 	 	 0.2000 	 4.0924 	 0.2756
[2025/10/20 23:34:06] - ==> Building model..
[2025/10/20 23:34:43] - Test Loss 	 Test Acc 	 PGD Loss 	 PGD Acc
[2025/10/20 23:34:43] - 2.5688 	 	 0.5092 	 2.8647 	 0.2772
[2025/10/20 23:35:57] - 55 	 51.4 	 	 0.2000 	 4.0914 	 0.2788
[2025/10/20 23:35:57] - ==> Building model..
[2025/10/20 23:36:34] - Test Loss 	 Test Acc 	 PGD Loss 	 PGD Acc
[2025/10/20 23:36:34] - 2.5701 	 	 0.5110 	 2.8654 	 0.2777
[2025/10/20 23:37:47] - 56 	 51.5 	 	 0.2000 	 4.0922 	 0.2776
[2025/10/20 23:37:47] - ==> Building model..
[2025/10/20 23:38:25] - Test Loss 	 Test Acc 	 PGD Loss 	 PGD Acc
[2025/10/20 23:38:25] - 2.5723 	 	 0.5113 	 2.8677 	 0.2790
[2025/10/20 23:39:36] - 57 	 50.1 	 	 0.2000 	 4.0930 	 0.2780
[2025/10/20 23:39:36] - ==> Building model..
[2025/10/20 23:40:13] - Test Loss 	 Test Acc 	 PGD Loss 	 PGD Acc
[2025/10/20 23:40:13] - 2.5725 	 	 0.5138 	 2.8680 	 0.2791
[2025/10/20 23:41:14] - 58 	 37.6 	 	 0.2000 	 4.0939 	 0.2788
[2025/10/20 23:41:14] - ==> Building model..
[2025/10/20 23:41:37] - Test Loss 	 Test Acc 	 PGD Loss 	 PGD Acc
[2025/10/20 23:41:37] - 2.5750 	 	 0.5153 	 2.8698 	 0.2800
[2025/10/20 23:42:29] - 59 	 28.8 	 	 0.2000 	 4.0947 	 0.2791
[2025/10/20 23:42:29] - ==> Building model..
[2025/10/20 23:42:53] - Test Loss 	 Test Acc 	 PGD Loss 	 PGD Acc
[2025/10/20 23:42:53] - 2.5797 	 	 0.5139 	 2.8722 	 0.2796
[2025/10/20 23:43:44] - 60 	 28.6 	 	 0.2000 	 4.0930 	 0.2796
[2025/10/20 23:43:44] - ==> Building model..
[2025/10/20 23:44:08] - Test Loss 	 Test Acc 	 PGD Loss 	 PGD Acc
[2025/10/20 23:44:08] - 2.5813 	 	 0.5142 	 2.8740 	 0.2793
[2025/10/20 23:45:00] - 61 	 28.8 	 	 0.2000 	 4.0946 	 0.2761
[2025/10/20 23:45:00] - ==> Building model..
[2025/10/20 23:45:24] - Test Loss 	 Test Acc 	 PGD Loss 	 PGD Acc
[2025/10/20 23:45:24] - 2.5828 	 	 0.5129 	 2.8748 	 0.2792
[2025/10/20 23:46:14] - 62 	 28.2 	 	 0.2000 	 4.0955 	 0.2779
[2025/10/20 23:46:14] - ==> Building model..
[2025/10/20 23:46:39] - Test Loss 	 Test Acc 	 PGD Loss 	 PGD Acc
[2025/10/20 23:46:39] - 2.5851 	 	 0.5140 	 2.8767 	 0.2797
[2025/10/20 23:47:28] - 63 	 27.4 	 	 0.2000 	 4.0952 	 0.2763
[2025/10/20 23:47:28] - ==> Building model..
[2025/10/20 23:47:51] - Test Loss 	 Test Acc 	 PGD Loss 	 PGD Acc
[2025/10/20 23:47:51] - 2.5848 	 	 0.5146 	 2.8758 	 0.2799
[2025/10/20 23:48:43] - 64 	 28.8 	 	 0.2000 	 4.0934 	 0.2804
[2025/10/20 23:48:43] - ==> Building model..
[2025/10/20 23:49:07] - Test Loss 	 Test Acc 	 PGD Loss 	 PGD Acc
[2025/10/20 23:49:07] - 2.5861 	 	 0.5148 	 2.8764 	 0.2789
[2025/10/20 23:50:00] - 65 	 29.4 	 	 0.2000 	 4.0938 	 0.2786
[2025/10/20 23:50:00] - ==> Building model..
[2025/10/20 23:50:24] - Test Loss 	 Test Acc 	 PGD Loss 	 PGD Acc
[2025/10/20 23:50:24] - 2.5890 	 	 0.5151 	 2.8787 	 0.2794
[2025/10/20 23:51:33] - 66 	 48.1 	 	 0.2000 	 4.0927 	 0.2789
[2025/10/20 23:51:33] - ==> Building model..
[2025/10/20 23:52:11] - Test Loss 	 Test Acc 	 PGD Loss 	 PGD Acc
[2025/10/20 23:52:11] - 2.5895 	 	 0.5141 	 2.8793 	 0.2798
[2025/10/20 23:53:22] - 67 	 50.0 	 	 0.2000 	 4.0928 	 0.2793
[2025/10/20 23:53:22] - ==> Building model..
[2025/10/20 23:53:49] - Test Loss 	 Test Acc 	 PGD Loss 	 PGD Acc
[2025/10/20 23:53:49] - 2.5900 	 	 0.5152 	 2.8793 	 0.2816
[2025/10/20 23:54:45] - 68 	 29.8 	 	 0.2000 	 4.0930 	 0.2786
[2025/10/20 23:54:45] - ==> Building model..
[2025/10/20 23:55:10] - Test Loss 	 Test Acc 	 PGD Loss 	 PGD Acc
[2025/10/20 23:55:10] - 2.5896 	 	 0.5164 	 2.8793 	 0.2807
[2025/10/20 23:56:00] - 69 	 29.6 	 	 0.2000 	 4.0940 	 0.2764
[2025/10/20 23:56:00] - ==> Building model..
[2025/10/20 23:56:25] - Test Loss 	 Test Acc 	 PGD Loss 	 PGD Acc
[2025/10/20 23:56:25] - 2.5902 	 	 0.5163 	 2.8796 	 0.2817
[2025/10/20 23:57:15] - 70 	 27.7 	 	 0.2000 	 4.0935 	 0.2788
[2025/10/20 23:57:15] - ==> Building model..
[2025/10/20 23:57:39] - Test Loss 	 Test Acc 	 PGD Loss 	 PGD Acc
[2025/10/20 23:57:39] - 2.5902 	 	 0.5162 	 2.8794 	 0.2818
[2025/10/20 23:58:31] - 71 	 29.0 	 	 0.2000 	 4.0942 	 0.2777
[2025/10/20 23:58:31] - ==> Building model..
[2025/10/20 23:58:55] - Test Loss 	 Test Acc 	 PGD Loss 	 PGD Acc
[2025/10/20 23:58:55] - 2.5932 	 	 0.5161 	 2.8814 	 0.2806
[2025/10/20 23:59:46] - 72 	 27.7 	 	 0.2000 	 4.0934 	 0.2775
[2025/10/20 23:59:46] - ==> Building model..
[2025/10/21 00:00:10] - Test Loss 	 Test Acc 	 PGD Loss 	 PGD Acc
[2025/10/21 00:00:10] - 2.5941 	 	 0.5164 	 2.8829 	 0.2802
[2025/10/21 00:01:01] - 73 	 28.7 	 	 0.2000 	 4.0923 	 0.2779
[2025/10/21 00:01:01] - ==> Building model..
[2025/10/21 00:01:25] - Test Loss 	 Test Acc 	 PGD Loss 	 PGD Acc
[2025/10/21 00:01:25] - 2.5955 	 	 0.5177 	 2.8833 	 0.2814
[2025/10/21 00:02:15] - 74 	 28.1 	 	 0.2000 	 4.0938 	 0.2779
[2025/10/21 00:02:15] - ==> Building model..
[2025/10/21 00:02:40] - Test Loss 	 Test Acc 	 PGD Loss 	 PGD Acc
[2025/10/21 00:02:40] - 2.5969 	 	 0.5165 	 2.8842 	 0.2826
[2025/10/21 00:03:31] - 75 	 28.3 	 	 0.2000 	 4.0922 	 0.2795
[2025/10/21 00:03:31] - ==> Building model..
[2025/10/21 00:03:54] - Test Loss 	 Test Acc 	 PGD Loss 	 PGD Acc
[2025/10/21 00:03:54] - 2.5990 	 	 0.5148 	 2.8853 	 0.2810
[2025/10/21 00:04:46] - 76 	 28.4 	 	 0.2000 	 4.0931 	 0.2792
[2025/10/21 00:04:46] - ==> Building model..
[2025/10/21 00:05:10] - Test Loss 	 Test Acc 	 PGD Loss 	 PGD Acc
[2025/10/21 00:05:10] - 2.6006 	 	 0.5141 	 2.8862 	 0.2816
[2025/10/21 00:06:02] - 77 	 28.8 	 	 0.2000 	 4.0918 	 0.2791
[2025/10/21 00:06:02] - ==> Building model..
[2025/10/21 00:06:26] - Test Loss 	 Test Acc 	 PGD Loss 	 PGD Acc
[2025/10/21 00:06:26] - 2.6009 	 	 0.5147 	 2.8868 	 0.2819
[2025/10/21 00:07:17] - 78 	 28.1 	 	 0.2000 	 4.0931 	 0.2790
[2025/10/21 00:07:17] - ==> Building model..
[2025/10/21 00:07:42] - Test Loss 	 Test Acc 	 PGD Loss 	 PGD Acc
[2025/10/21 00:07:42] - 2.6003 	 	 0.5150 	 2.8856 	 0.2800
[2025/10/21 00:08:33] - 79 	 28.5 	 	 0.2000 	 4.0918 	 0.2787
[2025/10/21 00:08:33] - ==> Building model..
[2025/10/21 00:08:58] - Test Loss 	 Test Acc 	 PGD Loss 	 PGD Acc
[2025/10/21 00:08:58] - 2.5994 	 	 0.5156 	 2.8851 	 0.2808
[2025/10/21 00:09:51] - 80 	 29.0 	 	 0.2000 	 4.0910 	 0.2798
[2025/10/21 00:09:51] - ==> Building model..
[2025/10/21 00:10:15] - Test Loss 	 Test Acc 	 PGD Loss 	 PGD Acc
[2025/10/21 00:10:15] - 2.6001 	 	 0.5167 	 2.8865 	 0.2817
[2025/10/21 00:11:08] - 81 	 29.0 	 	 0.2000 	 4.0922 	 0.2777
[2025/10/21 00:11:08] - ==> Building model..
[2025/10/21 00:11:32] - Test Loss 	 Test Acc 	 PGD Loss 	 PGD Acc
[2025/10/21 00:11:32] - 2.6001 	 	 0.5174 	 2.8864 	 0.2819
[2025/10/21 00:12:24] - 82 	 29.0 	 	 0.2000 	 4.0926 	 0.2794
[2025/10/21 00:12:24] - ==> Building model..
[2025/10/21 00:12:49] - Test Loss 	 Test Acc 	 PGD Loss 	 PGD Acc
[2025/10/21 00:12:49] - 2.5977 	 	 0.5166 	 2.8840 	 0.2823
[2025/10/21 00:13:40] - 83 	 28.3 	 	 0.2000 	 4.0898 	 0.2802
[2025/10/21 00:13:40] - ==> Building model..
[2025/10/21 00:14:04] - Test Loss 	 Test Acc 	 PGD Loss 	 PGD Acc
[2025/10/21 00:14:04] - 2.5982 	 	 0.5159 	 2.8845 	 0.2818
[2025/10/21 00:14:56] - 84 	 28.5 	 	 0.2000 	 4.0931 	 0.2779
[2025/10/21 00:14:56] - ==> Building model..
[2025/10/21 00:15:21] - Test Loss 	 Test Acc 	 PGD Loss 	 PGD Acc
[2025/10/21 00:15:21] - 2.5999 	 	 0.5161 	 2.8862 	 0.2821
[2025/10/21 00:16:12] - 85 	 28.4 	 	 0.2000 	 4.0929 	 0.2810
[2025/10/21 00:16:12] - ==> Building model..
[2025/10/21 00:16:37] - Test Loss 	 Test Acc 	 PGD Loss 	 PGD Acc
[2025/10/21 00:16:37] - 2.6018 	 	 0.5152 	 2.8872 	 0.2832
[2025/10/21 00:17:27] - 86 	 27.9 	 	 0.2000 	 4.0918 	 0.2781
[2025/10/21 00:17:27] - ==> Building model..
[2025/10/21 00:17:52] - Test Loss 	 Test Acc 	 PGD Loss 	 PGD Acc
[2025/10/21 00:17:52] - 2.6034 	 	 0.5141 	 2.8888 	 0.2835
[2025/10/21 00:18:46] - 87 	 29.1 	 	 0.2000 	 4.0920 	 0.2803
[2025/10/21 00:18:46] - ==> Building model..
[2025/10/21 00:19:11] - Test Loss 	 Test Acc 	 PGD Loss 	 PGD Acc
[2025/10/21 00:19:11] - 2.6036 	 	 0.5143 	 2.8885 	 0.2829
[2025/10/21 00:20:04] - 88 	 29.5 	 	 0.2000 	 4.0930 	 0.2779
[2025/10/21 00:20:04] - ==> Building model..
[2025/10/21 00:20:28] - Test Loss 	 Test Acc 	 PGD Loss 	 PGD Acc
[2025/10/21 00:20:28] - 2.6035 	 	 0.5159 	 2.8886 	 0.2833
[2025/10/21 00:21:20] - 89 	 28.7 	 	 0.2000 	 4.0913 	 0.2802
[2025/10/21 00:21:20] - ==> Building model..
[2025/10/21 00:21:43] - Test Loss 	 Test Acc 	 PGD Loss 	 PGD Acc
[2025/10/21 00:21:43] - 2.6037 	 	 0.5154 	 2.8885 	 0.2832
[2025/10/21 00:22:34] - 90 	 29.0 	 	 0.2000 	 4.0903 	 0.2815
[2025/10/21 00:22:34] - ==> Building model..
[2025/10/21 00:22:58] - Test Loss 	 Test Acc 	 PGD Loss 	 PGD Acc
[2025/10/21 00:22:58] - 2.6040 	 	 0.5150 	 2.8890 	 0.2832
[2025/10/21 00:23:49] - 91 	 28.2 	 	 0.2000 	 4.0926 	 0.2788
[2025/10/21 00:23:49] - ==> Building model..
[2025/10/21 00:24:13] - Test Loss 	 Test Acc 	 PGD Loss 	 PGD Acc
[2025/10/21 00:24:13] - 2.6044 	 	 0.5149 	 2.8883 	 0.2819
[2025/10/21 00:25:03] - 92 	 28.6 	 	 0.2000 	 4.0915 	 0.2786
[2025/10/21 00:25:03] - ==> Building model..
[2025/10/21 00:25:27] - Test Loss 	 Test Acc 	 PGD Loss 	 PGD Acc
[2025/10/21 00:25:27] - 2.6049 	 	 0.5147 	 2.8888 	 0.2809
[2025/10/21 00:26:17] - 93 	 28.4 	 	 0.2000 	 4.0920 	 0.2773
[2025/10/21 00:26:17] - ==> Building model..
[2025/10/21 00:26:42] - Test Loss 	 Test Acc 	 PGD Loss 	 PGD Acc
[2025/10/21 00:26:42] - 2.6055 	 	 0.5154 	 2.8898 	 0.2819
[2025/10/21 00:27:33] - 94 	 29.0 	 	 0.0200 	 3.9990 	 0.3403
[2025/10/21 00:27:33] - ==> Building model..
[2025/10/21 00:27:57] - Test Loss 	 Test Acc 	 PGD Loss 	 PGD Acc
[2025/10/21 00:27:57] - 2.6033 	 	 0.5150 	 2.8884 	 0.2816
[2025/10/21 00:28:47] - 95 	 28.1 	 	 0.0200 	 3.9050 	 0.4028
[2025/10/21 00:28:47] - ==> Building model..
[2025/10/21 00:29:11] - Test Loss 	 Test Acc 	 PGD Loss 	 PGD Acc
[2025/10/21 00:29:11] - 2.6014 	 	 0.5160 	 2.8873 	 0.2825
[2025/10/21 00:30:00] - 96 	 28.2 	 	 0.0200 	 3.8800 	 0.4192
[2025/10/21 00:30:00] - ==> Building model..
[2025/10/21 00:30:24] - Test Loss 	 Test Acc 	 PGD Loss 	 PGD Acc
[2025/10/21 00:30:24] - 2.6014 	 	 0.5168 	 2.8869 	 0.2822
[2025/10/21 00:31:15] - 97 	 28.4 	 	 0.0200 	 3.8625 	 0.4326
[2025/10/21 00:31:15] - ==> Building model..
[2025/10/21 00:31:39] - Test Loss 	 Test Acc 	 PGD Loss 	 PGD Acc
[2025/10/21 00:31:39] - 2.6021 	 	 0.5169 	 2.8871 	 0.2819
[2025/10/21 00:32:30] - 98 	 27.8 	 	 0.0200 	 3.8473 	 0.4427
[2025/10/21 00:32:30] - ==> Building model..
[2025/10/21 00:32:54] - Test Loss 	 Test Acc 	 PGD Loss 	 PGD Acc
[2025/10/21 00:32:54] - 2.6026 	 	 0.5168 	 2.8881 	 0.2818
[2025/10/21 00:33:46] - 99 	 28.8 	 	 0.0020 	 3.8176 	 0.4647
[2025/10/21 00:33:46] - ==> Building model..
[2025/10/21 00:34:10] - Test Loss 	 Test Acc 	 PGD Loss 	 PGD Acc
[2025/10/21 00:34:10] - 2.6034 	 	 0.5167 	 2.8883 	 0.2818
[2025/10/21 00:34:59] - 100 	 27.4 	 	 0.0020 	 3.7884 	 0.4896
[2025/10/21 00:34:59] - ==> Building model..
[2025/10/21 00:35:24] - Test Loss 	 Test Acc 	 PGD Loss 	 PGD Acc
[2025/10/21 00:35:24] - 2.6034 	 	 0.5167 	 2.8890 	 0.2823
[2025/10/21 00:36:15] - 101 	 28.2 	 	 0.0020 	 3.7837 	 0.4930
[2025/10/21 00:36:15] - ==> Building model..
[2025/10/21 00:36:39] - Test Loss 	 Test Acc 	 PGD Loss 	 PGD Acc
[2025/10/21 00:36:39] - 2.6044 	 	 0.5167 	 2.8899 	 0.2818
[2025/10/21 00:37:50] - 102 	 49.8 	 	 0.0020 	 3.7771 	 0.4980
[2025/10/21 00:37:50] - ==> Building model..
[2025/10/21 00:38:27] - Test Loss 	 Test Acc 	 PGD Loss 	 PGD Acc
[2025/10/21 00:38:27] - 2.6049 	 	 0.5168 	 2.8898 	 0.2818
[2025/10/21 00:39:37] - 103 	 50.4 	 	 0.0020 	 3.7730 	 0.5009
[2025/10/21 00:39:37] - ==> Building model..
[2025/10/21 00:40:13] - Test Loss 	 Test Acc 	 PGD Loss 	 PGD Acc
[2025/10/21 00:40:13] - 2.6061 	 	 0.5170 	 2.8909 	 0.2819
[2025/10/21 00:41:13] - 104 	 35.8 	 	 0.0020 	 3.7688 	 0.5057
[2025/10/21 00:41:13] - ==> Building model..
[2025/10/21 00:41:38] - Test Loss 	 Test Acc 	 PGD Loss 	 PGD Acc
[2025/10/21 00:41:38] - 2.6061 	 	 0.5170 	 2.8912 	 0.2818
[2025/10/21 00:42:33] - 105 	 29.2 	 	 0.0020 	 3.7642 	 0.5092
[2025/10/21 00:42:33] - ==> Building model..
[2025/10/21 00:42:58] - Test Loss 	 Test Acc 	 PGD Loss 	 PGD Acc
[2025/10/21 00:42:58] - 2.6061 	 	 0.5170 	 2.8912 	 0.2828
[2025/10/21 00:43:49] - 106 	 28.3 	 	 0.0020 	 3.7596 	 0.5110
[2025/10/21 00:43:49] - ==> Building model..
[2025/10/21 00:44:14] - Test Loss 	 Test Acc 	 PGD Loss 	 PGD Acc
[2025/10/21 00:44:14] - 2.6061 	 	 0.5170 	 2.8914 	 0.2824
[2025/10/21 00:45:03] - 107 	 27.6 	 	 0.0020 	 3.7573 	 0.5125
[2025/10/21 00:45:03] - ==> Building model..
[2025/10/21 00:45:28] - Test Loss 	 Test Acc 	 PGD Loss 	 PGD Acc
[2025/10/21 00:45:28] - 2.6074 	 	 0.5172 	 2.8923 	 0.2827
[2025/10/21 00:46:19] - 108 	 28.6 	 	 0.0020 	 3.7535 	 0.5189
[2025/10/21 00:46:19] - ==> Building model..
[2025/10/21 00:46:43] - Test Loss 	 Test Acc 	 PGD Loss 	 PGD Acc
[2025/10/21 00:46:44] - 2.6074 	 	 0.5172 	 2.8921 	 0.2819
[2025/10/21 00:47:33] - 109 	 27.0 	 	 0.0020 	 3.7493 	 0.5218
[2025/10/21 00:47:33] - ==> Building model..
[2025/10/21 00:47:56] - Test Loss 	 Test Acc 	 PGD Loss 	 PGD Acc
[2025/10/21 00:47:56] - 2.6074 	 	 0.5172 	 2.8926 	 0.2823
[2025/10/21 00:47:56] - [0.0898, 0.1526, 0.192, 0.2439, 0.2874, 0.3201, 0.3605, 0.3866, 0.407, 0.4187, 0.4297, 0.4411, 0.4503, 0.4564, 0.4629, 0.4685, 0.4698, 0.4735, 0.4762, 0.4771, 0.4819, 0.4878, 0.49, 0.4925, 0.4933, 0.4965, 0.4971, 0.4994, 0.5011, 0.5, 0.4991, 0.5008, 0.5028, 0.5033, 0.5039, 0.5049, 0.5054, 0.5042, 0.5049, 0.5068, 0.5054, 0.5071, 0.5062, 0.5066, 0.5091, 0.509, 0.5098, 0.5109, 0.5102, 0.5103, 0.5115, 0.5122, 0.5106, 0.5092, 0.5092, 0.511, 0.5113, 0.5138, 0.5153, 0.5139, 0.5142, 0.5129, 0.514, 0.5146, 0.5148, 0.5151, 0.5141, 0.5152, 0.5164, 0.5163, 0.5162, 0.5161, 0.5164, 0.5177, 0.5165, 0.5148, 0.5141, 0.5147, 0.515, 0.5156, 0.5167, 0.5174, 0.5166, 0.5159, 0.5161, 0.5152, 0.5141, 0.5143, 0.5159, 0.5154, 0.515, 0.5149, 0.5147, 0.5154, 0.515, 0.516, 0.5168, 0.5169, 0.5168, 0.5167, 0.5167, 0.5167, 0.5168, 0.517, 0.517, 0.517, 0.517, 0.5172, 0.5172, 0.5172]
[2025/10/21 00:47:56] - [0.0602, 0.1, 0.1209, 0.1444, 0.1699, 0.1844, 0.1976, 0.2096, 0.219, 0.2257, 0.2312, 0.2364, 0.2389, 0.2424, 0.2488, 0.2517, 0.2544, 0.2547, 0.2582, 0.2586, 0.2591, 0.2592, 0.2615, 0.2617, 0.2627, 0.2659, 0.267, 0.268, 0.2679, 0.2695, 0.2694, 0.2719, 0.2713, 0.2725, 0.273, 0.274, 0.275, 0.2735, 0.2734, 0.273, 0.2743, 0.2757, 0.2763, 0.2768, 0.2778, 0.2783, 0.2778, 0.2786, 0.2787, 0.2784, 0.2788, 0.2789, 0.2777, 0.2789, 0.2772, 0.2777, 0.279, 0.2791, 0.28, 0.2796, 0.2793, 0.2792, 0.2797, 0.2799, 0.2789, 0.2794, 0.2798, 0.2816, 0.2807, 0.2817, 0.2818, 0.2806, 0.2802, 0.2814, 0.2826, 0.281, 0.2816, 0.2819, 0.28, 0.2808, 0.2817, 0.2819, 0.2823, 0.2818, 0.2821, 0.2832, 0.2835, 0.2829, 0.2833, 0.2832, 0.2832, 0.2819, 0.2809, 0.2819, 0.2816, 0.2825, 0.2822, 0.2819, 0.2818, 0.2818, 0.2823, 0.2818, 0.2818, 0.2819, 0.2818, 0.2828, 0.2824, 0.2827, 0.2819, 0.2823]
