[2025/10/13 16:53:27] - Namespace(batch_size=128, data_dir='cifar-data', epochs=100, lr_schedule='multistep', lr_min=0.0, lr_max=0.2, weight_decay=0.0005, momentum=0.9, model='ResNet18', epsilon=8, alpha=8, delta_init='random', normal_mean=0, normal_std=1, out_dir='./output/CIFAR100/lamda_36_lamscale_0.08_run2', seed=0, lamda=36.0, lam_scale=0.08, lam_start=50, gamma=0.05, inner_gamma=0.05, beta=0.2, mu=3.5, batch_m=0.75, early_stop=False, factor=0.5, length=4, n_holes=1, c_num=0.125, EMA_value=0.55)
[2025/10/13 16:53:31] - ==> Building model..
[2025/10/13 16:53:31] - Epoch 	 Seconds 	 LR 	 	 Train Loss 	 Train Acc
[2025/10/13 16:54:17] - 0 	 19.7 	 	 0.2000 	 4.5753 	 0.0376
[2025/10/13 16:54:17] - ==> Building model..
[2025/10/13 16:54:34] - Test Loss 	 Test Acc 	 PGD Loss 	 PGD Acc
[2025/10/13 16:54:34] - 4.2253 	 	 0.0858 	 4.2383 	 0.0557
[2025/10/13 16:55:19] - 1 	 19.3 	 	 0.2000 	 4.4585 	 0.0787
[2025/10/13 16:55:19] - ==> Building model..
[2025/10/13 16:55:35] - Test Loss 	 Test Acc 	 PGD Loss 	 PGD Acc
[2025/10/13 16:55:35] - 4.0197 	 	 0.1449 	 4.0490 	 0.0941
[2025/10/13 16:56:20] - 2 	 19.5 	 	 0.2000 	 4.4027 	 0.1061
[2025/10/13 16:56:20] - ==> Building model..
[2025/10/13 16:56:37] - Test Loss 	 Test Acc 	 PGD Loss 	 PGD Acc
[2025/10/13 16:56:37] - 3.8835 	 	 0.1937 	 3.9307 	 0.1200
[2025/10/13 16:57:23] - 3 	 19.1 	 	 0.2000 	 4.3532 	 0.1302
[2025/10/13 16:57:23] - ==> Building model..
[2025/10/13 16:57:41] - Test Loss 	 Test Acc 	 PGD Loss 	 PGD Acc
[2025/10/13 16:57:41] - 3.7379 	 	 0.2388 	 3.8089 	 0.1387
[2025/10/13 16:58:26] - 4 	 19.4 	 	 0.2000 	 4.3083 	 0.1535
[2025/10/13 16:58:26] - ==> Building model..
[2025/10/13 16:58:43] - Test Loss 	 Test Acc 	 PGD Loss 	 PGD Acc
[2025/10/13 16:58:43] - 3.5657 	 	 0.2799 	 3.6629 	 0.1623
[2025/10/13 16:59:29] - 5 	 19.2 	 	 0.2000 	 4.2724 	 0.1728
[2025/10/13 16:59:29] - ==> Building model..
[2025/10/13 16:59:46] - Test Loss 	 Test Acc 	 PGD Loss 	 PGD Acc
[2025/10/13 16:59:46] - 3.4065 	 	 0.3065 	 3.5263 	 0.1769
[2025/10/13 17:00:30] - 6 	 19.5 	 	 0.2000 	 4.2410 	 0.1893
[2025/10/13 17:00:30] - ==> Building model..
[2025/10/13 17:00:47] - Test Loss 	 Test Acc 	 PGD Loss 	 PGD Acc
[2025/10/13 17:00:47] - 3.1915 	 	 0.3527 	 3.3471 	 0.1955
[2025/10/13 17:01:32] - 7 	 19.5 	 	 0.2000 	 4.2205 	 0.2006
[2025/10/13 17:01:32] - ==> Building model..
[2025/10/13 17:01:49] - Test Loss 	 Test Acc 	 PGD Loss 	 PGD Acc
[2025/10/13 17:01:49] - 3.0423 	 	 0.3850 	 3.2274 	 0.2064
[2025/10/13 17:02:35] - 8 	 19.2 	 	 0.2000 	 4.2012 	 0.2100
[2025/10/13 17:02:35] - ==> Building model..
[2025/10/13 17:02:51] - Test Loss 	 Test Acc 	 PGD Loss 	 PGD Acc
[2025/10/13 17:02:51] - 2.9596 	 	 0.4027 	 3.1614 	 0.2173
[2025/10/13 17:03:36] - 9 	 19.2 	 	 0.2000 	 4.1863 	 0.2194
[2025/10/13 17:03:36] - ==> Building model..
[2025/10/13 17:03:53] - Test Loss 	 Test Acc 	 PGD Loss 	 PGD Acc
[2025/10/13 17:03:53] - 2.9106 	 	 0.4170 	 3.1246 	 0.2227
[2025/10/13 17:04:39] - 10 	 18.9 	 	 0.2000 	 4.1743 	 0.2255
[2025/10/13 17:04:39] - ==> Building model..
[2025/10/13 17:04:55] - Test Loss 	 Test Acc 	 PGD Loss 	 PGD Acc
[2025/10/13 17:04:55] - 2.8572 	 	 0.4300 	 3.0844 	 0.2306
[2025/10/13 17:05:39] - 11 	 19.5 	 	 0.2000 	 4.1664 	 0.2294
[2025/10/13 17:05:39] - ==> Building model..
[2025/10/13 17:05:56] - Test Loss 	 Test Acc 	 PGD Loss 	 PGD Acc
[2025/10/13 17:05:56] - 2.8034 	 	 0.4437 	 3.0430 	 0.2374
[2025/10/13 17:06:43] - 12 	 19.8 	 	 0.2000 	 4.1573 	 0.2352
[2025/10/13 17:06:43] - ==> Building model..
[2025/10/13 17:06:59] - Test Loss 	 Test Acc 	 PGD Loss 	 PGD Acc
[2025/10/13 17:06:59] - 2.7689 	 	 0.4538 	 3.0163 	 0.2415
[2025/10/13 17:07:44] - 13 	 19.7 	 	 0.2000 	 4.1526 	 0.2356
[2025/10/13 17:07:44] - ==> Building model..
[2025/10/13 17:08:00] - Test Loss 	 Test Acc 	 PGD Loss 	 PGD Acc
[2025/10/13 17:08:00] - 2.7362 	 	 0.4592 	 2.9922 	 0.2433
[2025/10/13 17:08:45] - 14 	 19.6 	 	 0.2000 	 4.1469 	 0.2403
[2025/10/13 17:08:45] - ==> Building model..
[2025/10/13 17:09:02] - Test Loss 	 Test Acc 	 PGD Loss 	 PGD Acc
[2025/10/13 17:09:02] - 2.7131 	 	 0.4642 	 2.9751 	 0.2462
[2025/10/13 17:09:48] - 15 	 19.5 	 	 0.2000 	 4.1388 	 0.2463
[2025/10/13 17:09:48] - ==> Building model..
[2025/10/13 17:10:06] - Test Loss 	 Test Acc 	 PGD Loss 	 PGD Acc
[2025/10/13 17:10:06] - 2.6909 	 	 0.4696 	 2.9570 	 0.2477
[2025/10/13 17:10:51] - 16 	 19.7 	 	 0.2000 	 4.1348 	 0.2484
[2025/10/13 17:10:51] - ==> Building model..
[2025/10/13 17:11:08] - Test Loss 	 Test Acc 	 PGD Loss 	 PGD Acc
[2025/10/13 17:11:08] - 2.6797 	 	 0.4713 	 2.9478 	 0.2503
[2025/10/13 17:11:52] - 17 	 19.4 	 	 0.2000 	 4.1333 	 0.2486
[2025/10/13 17:11:52] - ==> Building model..
[2025/10/13 17:12:09] - Test Loss 	 Test Acc 	 PGD Loss 	 PGD Acc
[2025/10/13 17:12:09] - 2.6641 	 	 0.4770 	 2.9380 	 0.2533
[2025/10/13 17:12:54] - 18 	 19.1 	 	 0.2000 	 4.1270 	 0.2531
[2025/10/13 17:12:54] - ==> Building model..
[2025/10/13 17:13:10] - Test Loss 	 Test Acc 	 PGD Loss 	 PGD Acc
[2025/10/13 17:13:10] - 2.6535 	 	 0.4797 	 2.9307 	 0.2556
[2025/10/13 17:13:56] - 19 	 19.5 	 	 0.2000 	 4.1236 	 0.2566
[2025/10/13 17:13:56] - ==> Building model..
[2025/10/13 17:14:13] - Test Loss 	 Test Acc 	 PGD Loss 	 PGD Acc
[2025/10/13 17:14:13] - 2.6453 	 	 0.4829 	 2.9238 	 0.2571
[2025/10/13 17:14:59] - 20 	 19.3 	 	 0.2000 	 4.1233 	 0.2558
[2025/10/13 17:14:59] - ==> Building model..
[2025/10/13 17:15:16] - Test Loss 	 Test Acc 	 PGD Loss 	 PGD Acc
[2025/10/13 17:15:16] - 2.6386 	 	 0.4861 	 2.9188 	 0.2593
[2025/10/13 17:16:04] - 21 	 19.5 	 	 0.2000 	 4.1184 	 0.2573
[2025/10/13 17:16:04] - ==> Building model..
[2025/10/13 17:16:20] - Test Loss 	 Test Acc 	 PGD Loss 	 PGD Acc
[2025/10/13 17:16:20] - 2.6224 	 	 0.4877 	 2.9061 	 0.2601
[2025/10/13 17:17:05] - 22 	 18.9 	 	 0.2000 	 4.1195 	 0.2565
[2025/10/13 17:17:05] - ==> Building model..
[2025/10/13 17:17:21] - Test Loss 	 Test Acc 	 PGD Loss 	 PGD Acc
[2025/10/13 17:17:21] - 2.6122 	 	 0.4913 	 2.8990 	 0.2601
[2025/10/13 17:18:05] - 23 	 18.7 	 	 0.2000 	 4.1171 	 0.2568
[2025/10/13 17:18:05] - ==> Building model..
[2025/10/13 17:18:21] - Test Loss 	 Test Acc 	 PGD Loss 	 PGD Acc
[2025/10/13 17:18:21] - 2.6032 	 	 0.4927 	 2.8920 	 0.2613
[2025/10/13 17:19:06] - 24 	 19.4 	 	 0.2000 	 4.1137 	 0.2591
[2025/10/13 17:19:06] - ==> Building model..
[2025/10/13 17:19:22] - Test Loss 	 Test Acc 	 PGD Loss 	 PGD Acc
[2025/10/13 17:19:22] - 2.5997 	 	 0.4921 	 2.8890 	 0.2651
[2025/10/13 17:20:07] - 25 	 18.8 	 	 0.2000 	 4.1115 	 0.2634
[2025/10/13 17:20:07] - ==> Building model..
[2025/10/13 17:20:24] - Test Loss 	 Test Acc 	 PGD Loss 	 PGD Acc
[2025/10/13 17:20:24] - 2.5932 	 	 0.4937 	 2.8844 	 0.2655
[2025/10/13 17:21:08] - 26 	 19.1 	 	 0.2000 	 4.1078 	 0.2627
[2025/10/13 17:21:08] - ==> Building model..
[2025/10/13 17:21:25] - Test Loss 	 Test Acc 	 PGD Loss 	 PGD Acc
[2025/10/13 17:21:25] - 2.5890 	 	 0.4973 	 2.8824 	 0.2656
[2025/10/13 17:22:11] - 27 	 19.3 	 	 0.2000 	 4.1075 	 0.2662
[2025/10/13 17:22:11] - ==> Building model..
[2025/10/13 17:22:27] - Test Loss 	 Test Acc 	 PGD Loss 	 PGD Acc
[2025/10/13 17:22:27] - 2.5825 	 	 0.4987 	 2.8782 	 0.2680
[2025/10/13 17:23:12] - 28 	 18.9 	 	 0.2000 	 4.1062 	 0.2643
[2025/10/13 17:23:12] - ==> Building model..
[2025/10/13 17:23:28] - Test Loss 	 Test Acc 	 PGD Loss 	 PGD Acc
[2025/10/13 17:23:28] - 2.5824 	 	 0.4995 	 2.8786 	 0.2700
[2025/10/13 17:24:12] - 29 	 18.9 	 	 0.2000 	 4.1044 	 0.2670
[2025/10/13 17:24:12] - ==> Building model..
[2025/10/13 17:24:28] - Test Loss 	 Test Acc 	 PGD Loss 	 PGD Acc
[2025/10/13 17:24:28] - 2.5782 	 	 0.5016 	 2.8760 	 0.2684
[2025/10/13 17:25:10] - 30 	 18.8 	 	 0.2000 	 4.1051 	 0.2647
[2025/10/13 17:25:10] - ==> Building model..
[2025/10/13 17:25:26] - Test Loss 	 Test Acc 	 PGD Loss 	 PGD Acc
[2025/10/13 17:25:26] - 2.5744 	 	 0.5049 	 2.8729 	 0.2698
[2025/10/13 17:26:10] - 31 	 18.9 	 	 0.2000 	 4.1025 	 0.2655
[2025/10/13 17:26:10] - ==> Building model..
[2025/10/13 17:26:26] - Test Loss 	 Test Acc 	 PGD Loss 	 PGD Acc
[2025/10/13 17:26:26] - 2.5688 	 	 0.5028 	 2.8683 	 0.2718
[2025/10/13 17:27:09] - 32 	 18.6 	 	 0.2000 	 4.1000 	 0.2695
[2025/10/13 17:27:09] - ==> Building model..
[2025/10/13 17:27:25] - Test Loss 	 Test Acc 	 PGD Loss 	 PGD Acc
[2025/10/13 17:27:25] - 2.5653 	 	 0.5057 	 2.8652 	 0.2730
[2025/10/13 17:28:09] - 33 	 18.7 	 	 0.2000 	 4.0995 	 0.2698
[2025/10/13 17:28:09] - ==> Building model..
[2025/10/13 17:28:26] - Test Loss 	 Test Acc 	 PGD Loss 	 PGD Acc
[2025/10/13 17:28:26] - 2.5602 	 	 0.5064 	 2.8614 	 0.2723
[2025/10/13 17:29:11] - 34 	 19.0 	 	 0.2000 	 4.1007 	 0.2660
[2025/10/13 17:29:11] - ==> Building model..
[2025/10/13 17:29:27] - Test Loss 	 Test Acc 	 PGD Loss 	 PGD Acc
[2025/10/13 17:29:27] - 2.5590 	 	 0.5055 	 2.8604 	 0.2732
[2025/10/13 17:30:13] - 35 	 18.7 	 	 0.2000 	 4.0972 	 0.2723
[2025/10/13 17:30:13] - ==> Building model..
[2025/10/13 17:30:29] - Test Loss 	 Test Acc 	 PGD Loss 	 PGD Acc
[2025/10/13 17:30:29] - 2.5624 	 	 0.5062 	 2.8633 	 0.2717
[2025/10/13 17:31:13] - 36 	 18.8 	 	 0.2000 	 4.0966 	 0.2722
[2025/10/13 17:31:13] - ==> Building model..
[2025/10/13 17:31:29] - Test Loss 	 Test Acc 	 PGD Loss 	 PGD Acc
[2025/10/13 17:31:29] - 2.5614 	 	 0.5059 	 2.8634 	 0.2725
[2025/10/13 17:32:12] - 37 	 18.8 	 	 0.2000 	 4.0964 	 0.2711
[2025/10/13 17:32:12] - ==> Building model..
[2025/10/13 17:32:28] - Test Loss 	 Test Acc 	 PGD Loss 	 PGD Acc
[2025/10/13 17:32:28] - 2.5586 	 	 0.5072 	 2.8608 	 0.2724
[2025/10/13 17:33:14] - 38 	 19.3 	 	 0.2000 	 4.0941 	 0.2715
[2025/10/13 17:33:14] - ==> Building model..
[2025/10/13 17:33:30] - Test Loss 	 Test Acc 	 PGD Loss 	 PGD Acc
[2025/10/13 17:33:30] - 2.5547 	 	 0.5082 	 2.8572 	 0.2727
[2025/10/13 17:34:16] - 39 	 19.1 	 	 0.2000 	 4.0955 	 0.2708
[2025/10/13 17:34:16] - ==> Building model..
[2025/10/13 17:34:32] - Test Loss 	 Test Acc 	 PGD Loss 	 PGD Acc
[2025/10/13 17:34:32] - 2.5534 	 	 0.5084 	 2.8553 	 0.2730
[2025/10/13 17:35:17] - 40 	 18.7 	 	 0.2000 	 4.0936 	 0.2740
[2025/10/13 17:35:17] - ==> Building model..
[2025/10/13 17:35:34] - Test Loss 	 Test Acc 	 PGD Loss 	 PGD Acc
[2025/10/13 17:35:34] - 2.5506 	 	 0.5082 	 2.8534 	 0.2740
[2025/10/13 17:36:19] - 41 	 18.8 	 	 0.2000 	 4.0936 	 0.2726
[2025/10/13 17:36:19] - ==> Building model..
[2025/10/13 17:36:35] - Test Loss 	 Test Acc 	 PGD Loss 	 PGD Acc
[2025/10/13 17:36:35] - 2.5469 	 	 0.5109 	 2.8511 	 0.2743
[2025/10/13 17:37:22] - 42 	 19.2 	 	 0.2000 	 4.0938 	 0.2705
[2025/10/13 17:37:22] - ==> Building model..
[2025/10/13 17:37:38] - Test Loss 	 Test Acc 	 PGD Loss 	 PGD Acc
[2025/10/13 17:37:38] - 2.5440 	 	 0.5130 	 2.8494 	 0.2750
[2025/10/13 17:38:23] - 43 	 18.9 	 	 0.2000 	 4.0925 	 0.2740
[2025/10/13 17:38:23] - ==> Building model..
[2025/10/13 17:38:40] - Test Loss 	 Test Acc 	 PGD Loss 	 PGD Acc
[2025/10/13 17:38:40] - 2.5424 	 	 0.5151 	 2.8482 	 0.2760
[2025/10/13 17:39:25] - 44 	 19.0 	 	 0.2000 	 4.0921 	 0.2742
[2025/10/13 17:39:25] - ==> Building model..
[2025/10/13 17:39:41] - Test Loss 	 Test Acc 	 PGD Loss 	 PGD Acc
[2025/10/13 17:39:41] - 2.5420 	 	 0.5160 	 2.8485 	 0.2779
[2025/10/13 17:40:26] - 45 	 18.7 	 	 0.2000 	 4.0900 	 0.2746
[2025/10/13 17:40:26] - ==> Building model..
[2025/10/13 17:40:43] - Test Loss 	 Test Acc 	 PGD Loss 	 PGD Acc
[2025/10/13 17:40:43] - 2.5422 	 	 0.5168 	 2.8488 	 0.2795
[2025/10/13 17:41:28] - 46 	 18.7 	 	 0.2000 	 4.0883 	 0.2752
[2025/10/13 17:41:28] - ==> Building model..
[2025/10/13 17:41:44] - Test Loss 	 Test Acc 	 PGD Loss 	 PGD Acc
[2025/10/13 17:41:44] - 2.5409 	 	 0.5162 	 2.8477 	 0.2793
[2025/10/13 17:42:29] - 47 	 18.9 	 	 0.2000 	 4.0911 	 0.2731
[2025/10/13 17:42:29] - ==> Building model..
[2025/10/13 17:42:46] - Test Loss 	 Test Acc 	 PGD Loss 	 PGD Acc
[2025/10/13 17:42:46] - 2.5414 	 	 0.5172 	 2.8473 	 0.2791
[2025/10/13 17:43:32] - 48 	 19.3 	 	 0.2000 	 4.0890 	 0.2764
[2025/10/13 17:43:32] - ==> Building model..
[2025/10/13 17:43:48] - Test Loss 	 Test Acc 	 PGD Loss 	 PGD Acc
[2025/10/13 17:43:48] - 2.5420 	 	 0.5158 	 2.8478 	 0.2800
[2025/10/13 17:44:34] - 49 	 18.6 	 	 0.2000 	 4.0874 	 0.2778
[2025/10/13 17:44:34] - ==> Building model..
[2025/10/13 17:44:50] - Test Loss 	 Test Acc 	 PGD Loss 	 PGD Acc
[2025/10/13 17:44:50] - 2.5444 	 	 0.5135 	 2.8493 	 0.2793
[2025/10/13 17:45:35] - 50 	 18.6 	 	 0.2000 	 4.0877 	 0.2776
[2025/10/13 17:45:35] - ==> Building model..
[2025/10/13 17:45:51] - Test Loss 	 Test Acc 	 PGD Loss 	 PGD Acc
[2025/10/13 17:45:51] - 2.5447 	 	 0.5141 	 2.8493 	 0.2799
[2025/10/13 17:46:36] - 51 	 18.6 	 	 0.2000 	 4.0887 	 0.2747
[2025/10/13 17:46:36] - ==> Building model..
[2025/10/13 17:46:52] - Test Loss 	 Test Acc 	 PGD Loss 	 PGD Acc
[2025/10/13 17:46:52] - 2.5465 	 	 0.5133 	 2.8506 	 0.2799
[2025/10/13 17:47:38] - 52 	 18.9 	 	 0.2000 	 4.0888 	 0.2758
[2025/10/13 17:47:38] - ==> Building model..
[2025/10/13 17:47:54] - Test Loss 	 Test Acc 	 PGD Loss 	 PGD Acc
[2025/10/13 17:47:54] - 2.5469 	 	 0.5120 	 2.8510 	 0.2795
[2025/10/13 17:48:34] - 53 	 17.5 	 	 0.2000 	 4.0871 	 0.2785
[2025/10/13 17:48:34] - ==> Building model..
[2025/10/13 17:48:50] - Test Loss 	 Test Acc 	 PGD Loss 	 PGD Acc
[2025/10/13 17:48:50] - 2.5471 	 	 0.5131 	 2.8497 	 0.2785
[2025/10/13 17:49:35] - 54 	 19.1 	 	 0.2000 	 4.0898 	 0.2751
[2025/10/13 17:49:35] - ==> Building model..
[2025/10/13 17:49:51] - Test Loss 	 Test Acc 	 PGD Loss 	 PGD Acc
[2025/10/13 17:49:51] - 2.5459 	 	 0.5143 	 2.8481 	 0.2780
[2025/10/13 17:50:36] - 55 	 18.8 	 	 0.2000 	 4.0886 	 0.2767
[2025/10/13 17:50:36] - ==> Building model..
[2025/10/13 17:50:52] - Test Loss 	 Test Acc 	 PGD Loss 	 PGD Acc
[2025/10/13 17:50:52] - 2.5432 	 	 0.5144 	 2.8461 	 0.2787
[2025/10/13 17:51:36] - 56 	 19.1 	 	 0.2000 	 4.0893 	 0.2743
[2025/10/13 17:51:36] - ==> Building model..
[2025/10/13 17:51:53] - Test Loss 	 Test Acc 	 PGD Loss 	 PGD Acc
[2025/10/13 17:51:53] - 2.5435 	 	 0.5177 	 2.8472 	 0.2794
[2025/10/13 17:52:38] - 57 	 19.3 	 	 0.2000 	 4.0898 	 0.2781
[2025/10/13 17:52:38] - ==> Building model..
[2025/10/13 17:52:54] - Test Loss 	 Test Acc 	 PGD Loss 	 PGD Acc
[2025/10/13 17:52:54] - 2.5456 	 	 0.5181 	 2.8490 	 0.2798
[2025/10/13 17:53:39] - 58 	 18.6 	 	 0.2000 	 4.0882 	 0.2802
[2025/10/13 17:53:39] - ==> Building model..
[2025/10/13 17:53:56] - Test Loss 	 Test Acc 	 PGD Loss 	 PGD Acc
[2025/10/13 17:53:56] - 2.5459 	 	 0.5190 	 2.8495 	 0.2812
[2025/10/13 17:54:41] - 59 	 18.7 	 	 0.2000 	 4.0905 	 0.2781
[2025/10/13 17:54:41] - ==> Building model..
[2025/10/13 17:54:57] - Test Loss 	 Test Acc 	 PGD Loss 	 PGD Acc
[2025/10/13 17:54:57] - 2.5472 	 	 0.5190 	 2.8503 	 0.2788
[2025/10/13 17:55:42] - 60 	 18.6 	 	 0.2000 	 4.0892 	 0.2799
[2025/10/13 17:55:42] - ==> Building model..
[2025/10/13 17:55:59] - Test Loss 	 Test Acc 	 PGD Loss 	 PGD Acc
[2025/10/13 17:55:59] - 2.5493 	 	 0.5186 	 2.8519 	 0.2794
[2025/10/13 17:56:46] - 61 	 19.4 	 	 0.2000 	 4.0892 	 0.2781
[2025/10/13 17:56:46] - ==> Building model..
[2025/10/13 17:57:03] - Test Loss 	 Test Acc 	 PGD Loss 	 PGD Acc
[2025/10/13 17:57:03] - 2.5511 	 	 0.5190 	 2.8532 	 0.2803
[2025/10/13 17:57:49] - 62 	 19.7 	 	 0.2000 	 4.0904 	 0.2786
[2025/10/13 17:57:49] - ==> Building model..
[2025/10/13 17:58:05] - Test Loss 	 Test Acc 	 PGD Loss 	 PGD Acc
[2025/10/13 17:58:05] - 2.5532 	 	 0.5179 	 2.8544 	 0.2812
[2025/10/13 17:58:50] - 63 	 19.3 	 	 0.2000 	 4.0931 	 0.2748
[2025/10/13 17:58:50] - ==> Building model..
[2025/10/13 17:59:06] - Test Loss 	 Test Acc 	 PGD Loss 	 PGD Acc
[2025/10/13 17:59:06] - 2.5558 	 	 0.5177 	 2.8559 	 0.2812
[2025/10/13 17:59:51] - 64 	 19.5 	 	 0.2000 	 4.0902 	 0.2784
[2025/10/13 17:59:51] - ==> Building model..
[2025/10/13 18:00:08] - Test Loss 	 Test Acc 	 PGD Loss 	 PGD Acc
[2025/10/13 18:00:08] - 2.5596 	 	 0.5170 	 2.8591 	 0.2812
[2025/10/13 18:00:53] - 65 	 18.9 	 	 0.2000 	 4.0917 	 0.2786
[2025/10/13 18:00:53] - ==> Building model..
[2025/10/13 18:01:09] - Test Loss 	 Test Acc 	 PGD Loss 	 PGD Acc
[2025/10/13 18:01:09] - 2.5640 	 	 0.5158 	 2.8622 	 0.2821
[2025/10/13 18:01:55] - 66 	 18.8 	 	 0.2000 	 4.0902 	 0.2795
[2025/10/13 18:01:55] - ==> Building model..
[2025/10/13 18:02:12] - Test Loss 	 Test Acc 	 PGD Loss 	 PGD Acc
[2025/10/13 18:02:12] - 2.5665 	 	 0.5163 	 2.8640 	 0.2811
[2025/10/13 18:02:56] - 67 	 19.1 	 	 0.2000 	 4.0913 	 0.2796
[2025/10/13 18:02:56] - ==> Building model..
[2025/10/13 18:03:13] - Test Loss 	 Test Acc 	 PGD Loss 	 PGD Acc
[2025/10/13 18:03:13] - 2.5694 	 	 0.5167 	 2.8657 	 0.2815
[2025/10/13 18:03:59] - 68 	 18.9 	 	 0.2000 	 4.0915 	 0.2776
[2025/10/13 18:03:59] - ==> Building model..
[2025/10/13 18:04:15] - Test Loss 	 Test Acc 	 PGD Loss 	 PGD Acc
[2025/10/13 18:04:15] - 2.5695 	 	 0.5168 	 2.8659 	 0.2810
[2025/10/13 18:04:59] - 69 	 18.8 	 	 0.2000 	 4.0912 	 0.2779
[2025/10/13 18:04:59] - ==> Building model..
[2025/10/13 18:05:16] - Test Loss 	 Test Acc 	 PGD Loss 	 PGD Acc
[2025/10/13 18:05:16] - 2.5720 	 	 0.5166 	 2.8674 	 0.2807
[2025/10/13 18:06:00] - 70 	 19.3 	 	 0.2000 	 4.0922 	 0.2779
[2025/10/13 18:06:00] - ==> Building model..
[2025/10/13 18:06:17] - Test Loss 	 Test Acc 	 PGD Loss 	 PGD Acc
[2025/10/13 18:06:17] - 2.5745 	 	 0.5159 	 2.8693 	 0.2806
[2025/10/13 18:07:02] - 71 	 18.9 	 	 0.2000 	 4.0909 	 0.2799
[2025/10/13 18:07:02] - ==> Building model..
[2025/10/13 18:07:18] - Test Loss 	 Test Acc 	 PGD Loss 	 PGD Acc
[2025/10/13 18:07:18] - 2.5766 	 	 0.5160 	 2.8708 	 0.2816
[2025/10/13 18:08:03] - 72 	 18.7 	 	 0.2000 	 4.0913 	 0.2768
[2025/10/13 18:08:03] - ==> Building model..
[2025/10/13 18:08:20] - Test Loss 	 Test Acc 	 PGD Loss 	 PGD Acc
[2025/10/13 18:08:20] - 2.5806 	 	 0.5158 	 2.8739 	 0.2819
[2025/10/13 18:09:05] - 73 	 18.9 	 	 0.2000 	 4.0910 	 0.2774
[2025/10/13 18:09:05] - ==> Building model..
[2025/10/13 18:09:22] - Test Loss 	 Test Acc 	 PGD Loss 	 PGD Acc
[2025/10/13 18:09:22] - 2.5826 	 	 0.5162 	 2.8754 	 0.2806
[2025/10/13 18:10:08] - 74 	 19.6 	 	 0.2000 	 4.0917 	 0.2775
[2025/10/13 18:10:08] - ==> Building model..
[2025/10/13 18:10:24] - Test Loss 	 Test Acc 	 PGD Loss 	 PGD Acc
[2025/10/13 18:10:24] - 2.5832 	 	 0.5151 	 2.8754 	 0.2806
[2025/10/13 18:11:09] - 75 	 18.8 	 	 0.2000 	 4.0902 	 0.2792
[2025/10/13 18:11:09] - ==> Building model..
[2025/10/13 18:11:25] - Test Loss 	 Test Acc 	 PGD Loss 	 PGD Acc
[2025/10/13 18:11:25] - 2.5846 	 	 0.5151 	 2.8769 	 0.2808
[2025/10/13 18:12:13] - 76 	 19.4 	 	 0.2000 	 4.0911 	 0.2766
[2025/10/13 18:12:13] - ==> Building model..
[2025/10/13 18:12:29] - Test Loss 	 Test Acc 	 PGD Loss 	 PGD Acc
[2025/10/13 18:12:29] - 2.5858 	 	 0.5144 	 2.8777 	 0.2805
[2025/10/13 18:13:14] - 77 	 18.9 	 	 0.2000 	 4.0901 	 0.2782
[2025/10/13 18:13:14] - ==> Building model..
[2025/10/13 18:13:31] - Test Loss 	 Test Acc 	 PGD Loss 	 PGD Acc
[2025/10/13 18:13:31] - 2.5856 	 	 0.5148 	 2.8772 	 0.2805
[2025/10/13 18:14:15] - 78 	 18.5 	 	 0.2000 	 4.0909 	 0.2786
[2025/10/13 18:14:15] - ==> Building model..
[2025/10/13 18:14:31] - Test Loss 	 Test Acc 	 PGD Loss 	 PGD Acc
[2025/10/13 18:14:31] - 2.5882 	 	 0.5158 	 2.8794 	 0.2813
[2025/10/13 18:15:16] - 79 	 18.6 	 	 0.2000 	 4.0911 	 0.2784
[2025/10/13 18:15:16] - ==> Building model..
[2025/10/13 18:15:32] - Test Loss 	 Test Acc 	 PGD Loss 	 PGD Acc
[2025/10/13 18:15:32] - 2.5897 	 	 0.5148 	 2.8806 	 0.2811
[2025/10/13 18:16:16] - 80 	 18.7 	 	 0.2000 	 4.0893 	 0.2800
[2025/10/13 18:16:16] - ==> Building model..
[2025/10/13 18:16:32] - Test Loss 	 Test Acc 	 PGD Loss 	 PGD Acc
[2025/10/13 18:16:32] - 2.5904 	 	 0.5151 	 2.8806 	 0.2820
[2025/10/13 18:17:17] - 81 	 19.3 	 	 0.2000 	 4.0910 	 0.2781
[2025/10/13 18:17:17] - ==> Building model..
[2025/10/13 18:17:33] - Test Loss 	 Test Acc 	 PGD Loss 	 PGD Acc
[2025/10/13 18:17:33] - 2.5912 	 	 0.5134 	 2.8809 	 0.2817
[2025/10/13 18:18:19] - 82 	 18.9 	 	 0.2000 	 4.0906 	 0.2796
[2025/10/13 18:18:19] - ==> Building model..
[2025/10/13 18:18:35] - Test Loss 	 Test Acc 	 PGD Loss 	 PGD Acc
[2025/10/13 18:18:35] - 2.5891 	 	 0.5144 	 2.8798 	 0.2819
[2025/10/13 18:19:18] - 83 	 18.3 	 	 0.2000 	 4.0875 	 0.2808
[2025/10/13 18:19:18] - ==> Building model..
[2025/10/13 18:19:34] - Test Loss 	 Test Acc 	 PGD Loss 	 PGD Acc
[2025/10/13 18:19:34] - 2.5905 	 	 0.5149 	 2.8808 	 0.2824
[2025/10/13 18:20:20] - 84 	 19.7 	 	 0.2000 	 4.0906 	 0.2778
[2025/10/13 18:20:20] - ==> Building model..
[2025/10/13 18:20:37] - Test Loss 	 Test Acc 	 PGD Loss 	 PGD Acc
[2025/10/13 18:20:37] - 2.5903 	 	 0.5149 	 2.8806 	 0.2826
[2025/10/13 18:21:20] - 85 	 18.9 	 	 0.2000 	 4.0923 	 0.2792
[2025/10/13 18:21:20] - ==> Building model..
[2025/10/13 18:21:37] - Test Loss 	 Test Acc 	 PGD Loss 	 PGD Acc
[2025/10/13 18:21:37] - 2.5919 	 	 0.5154 	 2.8815 	 0.2826
[2025/10/13 18:22:23] - 86 	 19.2 	 	 0.2000 	 4.0901 	 0.2792
[2025/10/13 18:22:23] - ==> Building model..
[2025/10/13 18:22:39] - Test Loss 	 Test Acc 	 PGD Loss 	 PGD Acc
[2025/10/13 18:22:39] - 2.5926 	 	 0.5152 	 2.8825 	 0.2835
[2025/10/13 18:23:24] - 87 	 19.3 	 	 0.2000 	 4.0895 	 0.2812
[2025/10/13 18:23:24] - ==> Building model..
[2025/10/13 18:23:40] - Test Loss 	 Test Acc 	 PGD Loss 	 PGD Acc
[2025/10/13 18:23:40] - 2.5921 	 	 0.5147 	 2.8818 	 0.2843
[2025/10/13 18:24:22] - 88 	 18.1 	 	 0.2000 	 4.0916 	 0.2762
[2025/10/13 18:24:22] - ==> Building model..
[2025/10/13 18:24:38] - Test Loss 	 Test Acc 	 PGD Loss 	 PGD Acc
[2025/10/13 18:24:38] - 2.5934 	 	 0.5140 	 2.8829 	 0.2828
[2025/10/13 18:25:24] - 89 	 19.1 	 	 0.2000 	 4.0900 	 0.2795
[2025/10/13 18:25:24] - ==> Building model..
[2025/10/13 18:25:40] - Test Loss 	 Test Acc 	 PGD Loss 	 PGD Acc
[2025/10/13 18:25:40] - 2.5930 	 	 0.5142 	 2.8822 	 0.2831
[2025/10/13 18:26:25] - 90 	 18.5 	 	 0.0200 	 3.9951 	 0.3410
[2025/10/13 18:26:25] - ==> Building model..
[2025/10/13 18:26:41] - Test Loss 	 Test Acc 	 PGD Loss 	 PGD Acc
[2025/10/13 18:26:41] - 2.5909 	 	 0.5150 	 2.8811 	 0.2840
[2025/10/13 18:27:26] - 91 	 19.2 	 	 0.0200 	 3.9017 	 0.4018
[2025/10/13 18:27:26] - ==> Building model..
[2025/10/13 18:27:43] - Test Loss 	 Test Acc 	 PGD Loss 	 PGD Acc
[2025/10/13 18:27:43] - 2.5895 	 	 0.5157 	 2.8800 	 0.2847
[2025/10/13 18:28:26] - 92 	 18.0 	 	 0.0200 	 3.8749 	 0.4198
[2025/10/13 18:28:26] - ==> Building model..
[2025/10/13 18:28:43] - Test Loss 	 Test Acc 	 PGD Loss 	 PGD Acc
[2025/10/13 18:28:43] - 2.5894 	 	 0.5156 	 2.8796 	 0.2838
[2025/10/13 18:29:29] - 93 	 18.8 	 	 0.0200 	 3.8579 	 0.4311
[2025/10/13 18:29:29] - ==> Building model..
[2025/10/13 18:29:46] - Test Loss 	 Test Acc 	 PGD Loss 	 PGD Acc
[2025/10/13 18:29:46] - 2.5901 	 	 0.5159 	 2.8806 	 0.2846
[2025/10/13 18:30:31] - 94 	 18.6 	 	 0.0200 	 3.8416 	 0.4422
[2025/10/13 18:30:31] - ==> Building model..
[2025/10/13 18:30:47] - Test Loss 	 Test Acc 	 PGD Loss 	 PGD Acc
[2025/10/13 18:30:47] - 2.5906 	 	 0.5159 	 2.8808 	 0.2842
[2025/10/13 18:31:30] - 95 	 18.1 	 	 0.0200 	 3.8311 	 0.4509
[2025/10/13 18:31:30] - ==> Building model..
[2025/10/13 18:31:47] - Test Loss 	 Test Acc 	 PGD Loss 	 PGD Acc
[2025/10/13 18:31:47] - 2.5926 	 	 0.5162 	 2.8831 	 0.2843
[2025/10/13 18:32:31] - 96 	 18.2 	 	 0.0200 	 3.8203 	 0.4583
[2025/10/13 18:32:31] - ==> Building model..
[2025/10/13 18:32:47] - Test Loss 	 Test Acc 	 PGD Loss 	 PGD Acc
[2025/10/13 18:32:47] - 2.5959 	 	 0.5158 	 2.8854 	 0.2844
[2025/10/13 18:33:31] - 97 	 18.2 	 	 0.0200 	 3.8108 	 0.4667
[2025/10/13 18:33:31] - ==> Building model..
[2025/10/13 18:33:47] - Test Loss 	 Test Acc 	 PGD Loss 	 PGD Acc
[2025/10/13 18:33:47] - 2.5994 	 	 0.5157 	 2.8877 	 0.2839
[2025/10/13 18:34:31] - 98 	 18.2 	 	 0.0200 	 3.8026 	 0.4721
[2025/10/13 18:34:31] - ==> Building model..
[2025/10/13 18:34:47] - Test Loss 	 Test Acc 	 PGD Loss 	 PGD Acc
[2025/10/13 18:34:47] - 2.6016 	 	 0.5156 	 2.8901 	 0.2829
[2025/10/13 18:35:30] - 99 	 18.1 	 	 0.0200 	 3.7951 	 0.4760
[2025/10/13 18:35:30] - ==> Building model..
[2025/10/13 18:35:47] - Test Loss 	 Test Acc 	 PGD Loss 	 PGD Acc
[2025/10/13 18:35:47] - 2.6040 	 	 0.5156 	 2.8918 	 0.2837
[2025/10/13 18:35:47] - [0.0858, 0.1449, 0.1937, 0.2388, 0.2799, 0.3065, 0.3527, 0.385, 0.4027, 0.417, 0.43, 0.4437, 0.4538, 0.4592, 0.4642, 0.4696, 0.4713, 0.477, 0.4797, 0.4829, 0.4861, 0.4877, 0.4913, 0.4927, 0.4921, 0.4937, 0.4973, 0.4987, 0.4995, 0.5016, 0.5049, 0.5028, 0.5057, 0.5064, 0.5055, 0.5062, 0.5059, 0.5072, 0.5082, 0.5084, 0.5082, 0.5109, 0.513, 0.5151, 0.516, 0.5168, 0.5162, 0.5172, 0.5158, 0.5135, 0.5141, 0.5133, 0.512, 0.5131, 0.5143, 0.5144, 0.5177, 0.5181, 0.519, 0.519, 0.5186, 0.519, 0.5179, 0.5177, 0.517, 0.5158, 0.5163, 0.5167, 0.5168, 0.5166, 0.5159, 0.516, 0.5158, 0.5162, 0.5151, 0.5151, 0.5144, 0.5148, 0.5158, 0.5148, 0.5151, 0.5134, 0.5144, 0.5149, 0.5149, 0.5154, 0.5152, 0.5147, 0.514, 0.5142, 0.515, 0.5157, 0.5156, 0.5159, 0.5159, 0.5162, 0.5158, 0.5157, 0.5156, 0.5156]
[2025/10/13 18:35:47] - [0.0557, 0.0941, 0.12, 0.1387, 0.1623, 0.1769, 0.1955, 0.2064, 0.2173, 0.2227, 0.2306, 0.2374, 0.2415, 0.2433, 0.2462, 0.2477, 0.2503, 0.2533, 0.2556, 0.2571, 0.2593, 0.2601, 0.2601, 0.2613, 0.2651, 0.2655, 0.2656, 0.268, 0.27, 0.2684, 0.2698, 0.2718, 0.273, 0.2723, 0.2732, 0.2717, 0.2725, 0.2724, 0.2727, 0.273, 0.274, 0.2743, 0.275, 0.276, 0.2779, 0.2795, 0.2793, 0.2791, 0.28, 0.2793, 0.2799, 0.2799, 0.2795, 0.2785, 0.278, 0.2787, 0.2794, 0.2798, 0.2812, 0.2788, 0.2794, 0.2803, 0.2812, 0.2812, 0.2812, 0.2821, 0.2811, 0.2815, 0.281, 0.2807, 0.2806, 0.2816, 0.2819, 0.2806, 0.2806, 0.2808, 0.2805, 0.2805, 0.2813, 0.2811, 0.282, 0.2817, 0.2819, 0.2824, 0.2826, 0.2826, 0.2835, 0.2843, 0.2828, 0.2831, 0.284, 0.2847, 0.2838, 0.2846, 0.2842, 0.2843, 0.2844, 0.2839, 0.2829, 0.2837]
