[2025/09/17 16:11:39] - Namespace(batch_size=128, data_dir='cifar-data', epochs=100, lr_schedule='multistep', lr_min=0.0, lr_max=0.2, weight_decay=0.0005, momentum=0.9, model='ResNet18', epsilon=8, alpha=8, delta_init='random', normal_mean=0, normal_std=1, out_dir='./output/', seed=0, lamda=42, lam_scale=0.01, gamma=0.05, inner_gamma=0.05, beta=0.15, mu=3.5, batch_m=0.75, early_stop=False, factor=0.5, length=4, n_holes=1, c_num=0.125, EMA_value=0.55)
[2025/09/17 16:11:41] - ==> Building model..
[2025/09/17 16:11:41] - Epoch 	 Seconds 	 LR 	 	 Train Loss 	 Train Acc
[2025/09/17 16:12:42] - 0 	 29.6 	 	 0.0100 	 4.6442 	 0.0254
[2025/09/17 16:12:42] - ==> Building model..
[2025/09/17 16:13:03] - Test Loss 	 Test Acc 	 PGD Loss 	 PGD Acc
[2025/09/17 16:13:03] - 4.2715 	 	 0.0814 	 4.2906 	 0.0455
[2025/09/17 16:14:01] - 1 	 26.3 	 	 0.0199 	 4.4883 	 0.0647
[2025/09/17 16:14:01] - ==> Building model..
[2025/09/17 16:14:22] - Test Loss 	 Test Acc 	 PGD Loss 	 PGD Acc
[2025/09/17 16:14:22] - 4.0250 	 	 0.1345 	 4.0592 	 0.0799
[2025/09/17 16:15:22] - 2 	 27.1 	 	 0.0299 	 4.4302 	 0.0974
[2025/09/17 16:15:22] - ==> Building model..
[2025/09/17 16:15:43] - Test Loss 	 Test Acc 	 PGD Loss 	 PGD Acc
[2025/09/17 16:15:43] - 3.8338 	 	 0.1886 	 3.8851 	 0.1104
[2025/09/17 16:16:41] - 3 	 27.0 	 	 0.0399 	 4.3844 	 0.1182
[2025/09/17 16:16:41] - ==> Building model..
[2025/09/17 16:17:03] - Test Loss 	 Test Acc 	 PGD Loss 	 PGD Acc
[2025/09/17 16:17:03] - 3.6655 	 	 0.2217 	 3.7364 	 0.1300
[2025/09/17 16:18:01] - 4 	 27.3 	 	 0.0499 	 4.3460 	 0.1406
[2025/09/17 16:18:01] - ==> Building model..
[2025/09/17 16:18:22] - Test Loss 	 Test Acc 	 PGD Loss 	 PGD Acc
[2025/09/17 16:18:22] - 3.5497 	 	 0.2527 	 3.6373 	 0.1446
[2025/09/17 16:19:21] - 5 	 27.2 	 	 0.0598 	 4.3095 	 0.1596
[2025/09/17 16:19:21] - ==> Building model..
[2025/09/17 16:19:43] - Test Loss 	 Test Acc 	 PGD Loss 	 PGD Acc
[2025/09/17 16:19:43] - 3.4219 	 	 0.2867 	 3.5307 	 0.1634
[2025/09/17 16:20:41] - 6 	 27.1 	 	 0.0698 	 4.2733 	 0.1768
[2025/09/17 16:20:41] - ==> Building model..
[2025/09/17 16:21:03] - Test Loss 	 Test Acc 	 PGD Loss 	 PGD Acc
[2025/09/17 16:21:03] - 3.3059 	 	 0.3190 	 3.4362 	 0.1785
[2025/09/17 16:22:03] - 7 	 28.3 	 	 0.0798 	 4.2395 	 0.1951
[2025/09/17 16:22:03] - ==> Building model..
[2025/09/17 16:22:24] - Test Loss 	 Test Acc 	 PGD Loss 	 PGD Acc
[2025/09/17 16:22:24] - 3.1924 	 	 0.3498 	 3.3458 	 0.1916
[2025/09/17 16:23:23] - 8 	 26.5 	 	 0.0898 	 4.2078 	 0.2130
[2025/09/17 16:23:23] - ==> Building model..
[2025/09/17 16:23:44] - Test Loss 	 Test Acc 	 PGD Loss 	 PGD Acc
[2025/09/17 16:23:44] - 3.0952 	 	 0.3785 	 3.2699 	 0.2037
[2025/09/17 16:24:44] - 9 	 27.7 	 	 0.0997 	 4.1811 	 0.2262
[2025/09/17 16:24:44] - ==> Building model..
[2025/09/17 16:25:06] - Test Loss 	 Test Acc 	 PGD Loss 	 PGD Acc
[2025/09/17 16:25:06] - 3.0156 	 	 0.4036 	 3.2094 	 0.2145
[2025/09/17 16:26:03] - 10 	 26.5 	 	 0.1097 	 4.1591 	 0.2378
[2025/09/17 16:26:03] - ==> Building model..
[2025/09/17 16:26:25] - Test Loss 	 Test Acc 	 PGD Loss 	 PGD Acc
[2025/09/17 16:26:25] - 2.9778 	 	 0.4187 	 3.1844 	 0.2217
[2025/09/17 16:27:26] - 11 	 27.2 	 	 0.1197 	 4.1420 	 0.2482
[2025/09/17 16:27:26] - ==> Building model..
[2025/09/17 16:27:48] - Test Loss 	 Test Acc 	 PGD Loss 	 PGD Acc
[2025/09/17 16:27:48] - 2.9571 	 	 0.4329 	 3.1726 	 0.2272
[2025/09/17 16:28:47] - 12 	 27.1 	 	 0.1297 	 4.1242 	 0.2588
[2025/09/17 16:28:47] - ==> Building model..
[2025/09/17 16:29:08] - Test Loss 	 Test Acc 	 PGD Loss 	 PGD Acc
[2025/09/17 16:29:08] - 2.9706 	 	 0.4385 	 3.1890 	 0.2314
[2025/09/17 16:30:06] - 13 	 26.8 	 	 0.1396 	 4.1123 	 0.2653
[2025/09/17 16:30:06] - ==> Building model..
[2025/09/17 16:30:27] - Test Loss 	 Test Acc 	 PGD Loss 	 PGD Acc
[2025/09/17 16:30:27] - 2.9913 	 	 0.4426 	 3.2100 	 0.2353
[2025/09/17 16:31:29] - 14 	 27.6 	 	 0.1496 	 4.0981 	 0.2730
[2025/09/17 16:31:29] - ==> Building model..
[2025/09/17 16:31:51] - Test Loss 	 Test Acc 	 PGD Loss 	 PGD Acc
[2025/09/17 16:31:51] - 3.0450 	 	 0.4432 	 3.2578 	 0.2330
[2025/09/17 16:32:49] - 15 	 26.8 	 	 0.1596 	 4.0858 	 0.2815
[2025/09/17 16:32:49] - ==> Building model..
[2025/09/17 16:33:10] - Test Loss 	 Test Acc 	 PGD Loss 	 PGD Acc
[2025/09/17 16:33:10] - 3.1109 	 	 0.4329 	 3.3147 	 0.2297
[2025/09/17 16:34:09] - 16 	 27.2 	 	 0.1696 	 4.0772 	 0.2857
[2025/09/17 16:34:09] - ==> Building model..
[2025/09/17 16:34:29] - Test Loss 	 Test Acc 	 PGD Loss 	 PGD Acc
[2025/09/17 16:34:29] - 3.2045 	 	 0.4204 	 3.3921 	 0.2210
[2025/09/17 16:35:29] - 17 	 26.6 	 	 0.1795 	 4.0714 	 0.2881
[2025/09/17 16:35:29] - ==> Building model..
[2025/09/17 16:35:52] - Test Loss 	 Test Acc 	 PGD Loss 	 PGD Acc
[2025/09/17 16:35:52] - 3.2996 	 	 0.4032 	 3.4717 	 0.2072
[2025/09/17 16:36:52] - 18 	 27.0 	 	 0.1895 	 4.0649 	 0.2906
[2025/09/17 16:36:52] - ==> Building model..
[2025/09/17 16:37:15] - Test Loss 	 Test Acc 	 PGD Loss 	 PGD Acc
[2025/09/17 16:37:15] - 3.3393 	 	 0.3968 	 3.5057 	 0.2025
[2025/09/17 16:38:15] - 19 	 27.0 	 	 0.1995 	 4.0603 	 0.2949
[2025/09/17 16:38:15] - ==> Building model..
[2025/09/17 16:38:39] - Test Loss 	 Test Acc 	 PGD Loss 	 PGD Acc
[2025/09/17 16:38:39] - 3.3140 	 	 0.4018 	 3.4857 	 0.2079
[2025/09/17 16:39:38] - 20 	 25.9 	 	 0.1976 	 4.0530 	 0.2994
[2025/09/17 16:39:38] - ==> Building model..
[2025/09/17 16:40:03] - Test Loss 	 Test Acc 	 PGD Loss 	 PGD Acc
[2025/09/17 16:40:03] - 3.2532 	 	 0.4168 	 3.4362 	 0.2159
[2025/09/17 16:41:02] - 21 	 26.5 	 	 0.1951 	 4.0461 	 0.3031
[2025/09/17 16:41:02] - ==> Building model..
[2025/09/17 16:41:27] - Test Loss 	 Test Acc 	 PGD Loss 	 PGD Acc
[2025/09/17 16:41:27] - 3.1469 	 	 0.4401 	 3.3505 	 0.2293
[2025/09/17 16:42:24] - 22 	 25.3 	 	 0.1926 	 4.0401 	 0.3065
[2025/09/17 16:42:24] - ==> Building model..
[2025/09/17 16:42:51] - Test Loss 	 Test Acc 	 PGD Loss 	 PGD Acc
[2025/09/17 16:42:51] - 2.9986 	 	 0.4654 	 3.2310 	 0.2461
[2025/09/17 16:43:46] - 23 	 24.3 	 	 0.1902 	 4.0337 	 0.3114
[2025/09/17 16:43:46] - ==> Building model..
[2025/09/17 16:44:11] - Test Loss 	 Test Acc 	 PGD Loss 	 PGD Acc
[2025/09/17 16:44:11] - 2.9029 	 	 0.4816 	 3.1529 	 0.2566
[2025/09/17 16:45:07] - 24 	 24.3 	 	 0.1877 	 4.0256 	 0.3168
[2025/09/17 16:45:07] - ==> Building model..
[2025/09/17 16:45:30] - Test Loss 	 Test Acc 	 PGD Loss 	 PGD Acc
[2025/09/17 16:45:30] - 2.8239 	 	 0.4929 	 3.0890 	 0.2632
[2025/09/17 16:46:28] - 25 	 25.5 	 	 0.1852 	 4.0192 	 0.3205
[2025/09/17 16:46:28] - ==> Building model..
[2025/09/17 16:46:50] - Test Loss 	 Test Acc 	 PGD Loss 	 PGD Acc
[2025/09/17 16:46:50] - 2.7435 	 	 0.5076 	 3.0243 	 0.2705
[2025/09/17 16:47:49] - 26 	 25.4 	 	 0.1827 	 4.0130 	 0.3247
[2025/09/17 16:47:49] - ==> Building model..
[2025/09/17 16:48:11] - Test Loss 	 Test Acc 	 PGD Loss 	 PGD Acc
[2025/09/17 16:48:11] - 2.6907 	 	 0.5156 	 2.9810 	 0.2733
[2025/09/17 16:49:12] - 27 	 26.9 	 	 0.1802 	 4.0084 	 0.3281
[2025/09/17 16:49:12] - ==> Building model..
[2025/09/17 16:49:34] - Test Loss 	 Test Acc 	 PGD Loss 	 PGD Acc
[2025/09/17 16:49:34] - 2.6337 	 	 0.5221 	 2.9344 	 0.2765
[2025/09/17 16:50:35] - 28 	 26.8 	 	 0.1777 	 4.0048 	 0.3284
[2025/09/17 16:50:35] - ==> Building model..
[2025/09/17 16:50:58] - Test Loss 	 Test Acc 	 PGD Loss 	 PGD Acc
[2025/09/17 16:50:58] - 2.5831 	 	 0.5284 	 2.8920 	 0.2799
[2025/09/17 16:51:56] - 29 	 26.6 	 	 0.1752 	 3.9980 	 0.3331
[2025/09/17 16:51:56] - ==> Building model..
[2025/09/17 16:52:18] - Test Loss 	 Test Acc 	 PGD Loss 	 PGD Acc
[2025/09/17 16:52:18] - 2.5457 	 	 0.5337 	 2.8612 	 0.2814
[2025/09/17 16:53:18] - 30 	 26.8 	 	 0.1727 	 3.9946 	 0.3336
[2025/09/17 16:53:18] - ==> Building model..
[2025/09/17 16:53:40] - Test Loss 	 Test Acc 	 PGD Loss 	 PGD Acc
[2025/09/17 16:53:40] - 2.5109 	 	 0.5376 	 2.8340 	 0.2838
[2025/09/17 16:54:40] - 31 	 27.3 	 	 0.1702 	 3.9896 	 0.3387
[2025/09/17 16:54:40] - ==> Building model..
[2025/09/17 16:55:02] - Test Loss 	 Test Acc 	 PGD Loss 	 PGD Acc
[2025/09/17 16:55:02] - 2.4858 	 	 0.5422 	 2.8133 	 0.2868
[2025/09/17 16:56:03] - 32 	 26.5 	 	 0.1677 	 3.9840 	 0.3422
[2025/09/17 16:56:03] - ==> Building model..
[2025/09/17 16:56:25] - Test Loss 	 Test Acc 	 PGD Loss 	 PGD Acc
[2025/09/17 16:56:25] - 2.4648 	 	 0.5439 	 2.7962 	 0.2875
[2025/09/17 16:57:24] - 33 	 27.8 	 	 0.1652 	 3.9793 	 0.3439
[2025/09/17 16:57:24] - ==> Building model..
[2025/09/17 16:57:47] - Test Loss 	 Test Acc 	 PGD Loss 	 PGD Acc
[2025/09/17 16:57:47] - 2.4395 	 	 0.5483 	 2.7766 	 0.2896
[2025/09/17 16:58:44] - 34 	 26.7 	 	 0.1627 	 3.9757 	 0.3470
[2025/09/17 16:58:44] - ==> Building model..
[2025/09/17 16:59:06] - Test Loss 	 Test Acc 	 PGD Loss 	 PGD Acc
[2025/09/17 16:59:06] - 2.4194 	 	 0.5507 	 2.7613 	 0.2899
[2025/09/17 17:00:05] - 35 	 27.6 	 	 0.1602 	 3.9702 	 0.3505
[2025/09/17 17:00:05] - ==> Building model..
[2025/09/17 17:00:28] - Test Loss 	 Test Acc 	 PGD Loss 	 PGD Acc
[2025/09/17 17:00:28] - 2.4042 	 	 0.5520 	 2.7479 	 0.2908
[2025/09/17 17:01:27] - 36 	 27.0 	 	 0.1577 	 3.9665 	 0.3533
[2025/09/17 17:01:27] - ==> Building model..
[2025/09/17 17:01:48] - Test Loss 	 Test Acc 	 PGD Loss 	 PGD Acc
[2025/09/17 17:01:48] - 2.3919 	 	 0.5554 	 2.7391 	 0.2936
[2025/09/17 17:02:47] - 37 	 27.2 	 	 0.1552 	 3.9622 	 0.3567
[2025/09/17 17:02:47] - ==> Building model..
[2025/09/17 17:03:08] - Test Loss 	 Test Acc 	 PGD Loss 	 PGD Acc
[2025/09/17 17:03:08] - 2.3787 	 	 0.5580 	 2.7295 	 0.2935
[2025/09/17 17:04:06] - 38 	 26.5 	 	 0.1527 	 3.9581 	 0.3571
[2025/09/17 17:04:06] - ==> Building model..
[2025/09/17 17:04:27] - Test Loss 	 Test Acc 	 PGD Loss 	 PGD Acc
[2025/09/17 17:04:27] - 2.3685 	 	 0.5585 	 2.7215 	 0.2940
[2025/09/17 17:05:24] - 39 	 25.2 	 	 0.1503 	 3.9548 	 0.3593
[2025/09/17 17:05:24] - ==> Building model..
[2025/09/17 17:05:46] - Test Loss 	 Test Acc 	 PGD Loss 	 PGD Acc
[2025/09/17 17:05:46] - 2.3566 	 	 0.5607 	 2.7120 	 0.2954
[2025/09/17 17:06:45] - 40 	 27.8 	 	 0.1478 	 3.9502 	 0.3634
[2025/09/17 17:06:45] - ==> Building model..
[2025/09/17 17:07:08] - Test Loss 	 Test Acc 	 PGD Loss 	 PGD Acc
[2025/09/17 17:07:08] - 2.3498 	 	 0.5633 	 2.7076 	 0.2960
[2025/09/17 17:08:06] - 41 	 26.5 	 	 0.1453 	 3.9484 	 0.3628
[2025/09/17 17:08:06] - ==> Building model..
[2025/09/17 17:08:27] - Test Loss 	 Test Acc 	 PGD Loss 	 PGD Acc
[2025/09/17 17:08:27] - 2.3396 	 	 0.5665 	 2.6993 	 0.2964
[2025/09/17 17:09:25] - 42 	 26.2 	 	 0.1428 	 3.9439 	 0.3663
[2025/09/17 17:09:25] - ==> Building model..
[2025/09/17 17:09:42] - Test Loss 	 Test Acc 	 PGD Loss 	 PGD Acc
[2025/09/17 17:09:42] - 2.3304 	 	 0.5653 	 2.6923 	 0.2972
[2025/09/17 17:10:28] - 43 	 18.6 	 	 0.1403 	 3.9390 	 0.3697
[2025/09/17 17:10:28] - ==> Building model..
[2025/09/17 17:10:44] - Test Loss 	 Test Acc 	 PGD Loss 	 PGD Acc
[2025/09/17 17:10:44] - 2.3251 	 	 0.5675 	 2.6888 	 0.2981
[2025/09/17 17:11:29] - 44 	 18.0 	 	 0.1378 	 3.9374 	 0.3717
[2025/09/17 17:11:29] - ==> Building model..
[2025/09/17 17:11:45] - Test Loss 	 Test Acc 	 PGD Loss 	 PGD Acc
[2025/09/17 17:11:45] - 2.3178 	 	 0.5690 	 2.6830 	 0.3002
[2025/09/17 17:12:31] - 45 	 19.0 	 	 0.1353 	 3.9298 	 0.3768
[2025/09/17 17:12:31] - ==> Building model..
[2025/09/17 17:12:48] - Test Loss 	 Test Acc 	 PGD Loss 	 PGD Acc
[2025/09/17 17:12:48] - 2.3088 	 	 0.5710 	 2.6755 	 0.3008
[2025/09/17 17:13:34] - 46 	 18.6 	 	 0.1328 	 3.9270 	 0.3789
[2025/09/17 17:13:34] - ==> Building model..
[2025/09/17 17:13:50] - Test Loss 	 Test Acc 	 PGD Loss 	 PGD Acc
[2025/09/17 17:13:50] - 2.3025 	 	 0.5722 	 2.6713 	 0.3012
[2025/09/17 17:14:35] - 47 	 18.1 	 	 0.1303 	 3.9244 	 0.3766
[2025/09/17 17:14:35] - ==> Building model..
[2025/09/17 17:14:51] - Test Loss 	 Test Acc 	 PGD Loss 	 PGD Acc
[2025/09/17 17:14:51] - 2.2945 	 	 0.5737 	 2.6654 	 0.3022
[2025/09/17 17:15:35] - 48 	 18.2 	 	 0.1278 	 3.9177 	 0.3832
[2025/09/17 17:15:35] - ==> Building model..
[2025/09/17 17:15:51] - Test Loss 	 Test Acc 	 PGD Loss 	 PGD Acc
[2025/09/17 17:15:51] - 2.2879 	 	 0.5750 	 2.6597 	 0.3022
[2025/09/17 17:16:37] - 49 	 18.6 	 	 0.1253 	 3.9145 	 0.3863
[2025/09/17 17:16:37] - ==> Building model..
[2025/09/17 17:16:53] - Test Loss 	 Test Acc 	 PGD Loss 	 PGD Acc
[2025/09/17 17:16:53] - 2.2825 	 	 0.5753 	 2.6562 	 0.3036
[2025/09/17 17:17:35] - 50 	 17.5 	 	 0.1228 	 3.9097 	 0.3881
[2025/09/17 17:17:35] - ==> Building model..
[2025/09/17 17:17:52] - Test Loss 	 Test Acc 	 PGD Loss 	 PGD Acc
[2025/09/17 17:17:52] - 2.2765 	 	 0.5770 	 2.6522 	 0.3036
[2025/09/17 17:18:37] - 51 	 18.1 	 	 0.1203 	 3.9062 	 0.3911
[2025/09/17 17:18:37] - ==> Building model..
[2025/09/17 17:18:54] - Test Loss 	 Test Acc 	 PGD Loss 	 PGD Acc
[2025/09/17 17:18:54] - 2.2722 	 	 0.5787 	 2.6492 	 0.3047
[2025/09/17 17:19:38] - 52 	 17.8 	 	 0.1178 	 3.9036 	 0.3932
[2025/09/17 17:19:38] - ==> Building model..
[2025/09/17 17:19:55] - Test Loss 	 Test Acc 	 PGD Loss 	 PGD Acc
[2025/09/17 17:19:55] - 2.2680 	 	 0.5804 	 2.6459 	 0.3037
[2025/09/17 17:20:39] - 53 	 17.9 	 	 0.1153 	 3.8990 	 0.3948
[2025/09/17 17:20:39] - ==> Building model..
[2025/09/17 17:20:56] - Test Loss 	 Test Acc 	 PGD Loss 	 PGD Acc
[2025/09/17 17:20:56] - 2.2643 	 	 0.5806 	 2.6423 	 0.3054
[2025/09/17 17:21:40] - 54 	 18.0 	 	 0.1129 	 3.8968 	 0.3969
[2025/09/17 17:21:40] - ==> Building model..
[2025/09/17 17:21:57] - Test Loss 	 Test Acc 	 PGD Loss 	 PGD Acc
[2025/09/17 17:21:57] - 2.2615 	 	 0.5810 	 2.6406 	 0.3062
[2025/09/17 17:22:40] - 55 	 18.2 	 	 0.1104 	 3.8912 	 0.4016
[2025/09/17 17:22:40] - ==> Building model..
[2025/09/17 17:22:57] - Test Loss 	 Test Acc 	 PGD Loss 	 PGD Acc
[2025/09/17 17:22:57] - 2.2577 	 	 0.5821 	 2.6374 	 0.3072
[2025/09/17 17:23:41] - 56 	 18.3 	 	 0.1079 	 3.8870 	 0.4030
[2025/09/17 17:23:41] - ==> Building model..
[2025/09/17 17:23:58] - Test Loss 	 Test Acc 	 PGD Loss 	 PGD Acc
[2025/09/17 17:23:58] - 2.2529 	 	 0.5837 	 2.6343 	 0.3067
[2025/09/17 17:24:41] - 57 	 17.6 	 	 0.1054 	 3.8827 	 0.4058
[2025/09/17 17:24:41] - ==> Building model..
[2025/09/17 17:24:57] - Test Loss 	 Test Acc 	 PGD Loss 	 PGD Acc
[2025/09/17 17:24:57] - 2.2495 	 	 0.5845 	 2.6317 	 0.3079
[2025/09/17 17:25:43] - 58 	 18.4 	 	 0.1029 	 3.8775 	 0.4128
[2025/09/17 17:25:43] - ==> Building model..
[2025/09/17 17:25:59] - Test Loss 	 Test Acc 	 PGD Loss 	 PGD Acc
[2025/09/17 17:25:59] - 2.2471 	 	 0.5857 	 2.6303 	 0.3070
[2025/09/17 17:26:43] - 59 	 18.4 	 	 0.1004 	 3.8744 	 0.4141
[2025/09/17 17:26:43] - ==> Building model..
[2025/09/17 17:27:00] - Test Loss 	 Test Acc 	 PGD Loss 	 PGD Acc
[2025/09/17 17:27:00] - 2.2455 	 	 0.5853 	 2.6283 	 0.3078
[2025/09/17 17:27:43] - 60 	 18.6 	 	 0.0979 	 3.8665 	 0.4179
[2025/09/17 17:27:43] - ==> Building model..
[2025/09/17 17:27:59] - Test Loss 	 Test Acc 	 PGD Loss 	 PGD Acc
[2025/09/17 17:27:59] - 2.2435 	 	 0.5862 	 2.6272 	 0.3068
[2025/09/17 17:28:41] - 61 	 18.4 	 	 0.0954 	 3.8655 	 0.4194
[2025/09/17 17:28:41] - ==> Building model..
[2025/09/17 17:28:57] - Test Loss 	 Test Acc 	 PGD Loss 	 PGD Acc
[2025/09/17 17:28:57] - 2.2417 	 	 0.5877 	 2.6260 	 0.3069
[2025/09/17 17:29:40] - 62 	 18.2 	 	 0.0929 	 3.8593 	 0.4268
[2025/09/17 17:29:40] - ==> Building model..
[2025/09/17 17:29:56] - Test Loss 	 Test Acc 	 PGD Loss 	 PGD Acc
[2025/09/17 17:29:56] - 2.2398 	 	 0.5884 	 2.6246 	 0.3071
[2025/09/17 17:30:39] - 63 	 18.1 	 	 0.0904 	 3.8551 	 0.4259
[2025/09/17 17:30:39] - ==> Building model..
[2025/09/17 17:30:56] - Test Loss 	 Test Acc 	 PGD Loss 	 PGD Acc
[2025/09/17 17:30:56] - 2.2387 	 	 0.5881 	 2.6231 	 0.3068
[2025/09/17 17:31:40] - 64 	 17.9 	 	 0.0879 	 3.8472 	 0.4313
[2025/09/17 17:31:40] - ==> Building model..
[2025/09/17 17:31:56] - Test Loss 	 Test Acc 	 PGD Loss 	 PGD Acc
[2025/09/17 17:31:56] - 2.2378 	 	 0.5882 	 2.6227 	 0.3068
[2025/09/17 17:32:38] - 65 	 18.0 	 	 0.0854 	 3.8428 	 0.4341
[2025/09/17 17:32:38] - ==> Building model..
[2025/09/17 17:32:54] - Test Loss 	 Test Acc 	 PGD Loss 	 PGD Acc
[2025/09/17 17:32:54] - 2.2361 	 	 0.5889 	 2.6219 	 0.3067
[2025/09/17 17:33:37] - 66 	 18.2 	 	 0.0829 	 3.8378 	 0.4366
[2025/09/17 17:33:37] - ==> Building model..
[2025/09/17 17:33:53] - Test Loss 	 Test Acc 	 PGD Loss 	 PGD Acc
[2025/09/17 17:33:53] - 2.2354 	 	 0.5891 	 2.6218 	 0.3069
[2025/09/17 17:34:36] - 67 	 18.0 	 	 0.0804 	 3.8322 	 0.4452
[2025/09/17 17:34:36] - ==> Building model..
[2025/09/17 17:34:52] - Test Loss 	 Test Acc 	 PGD Loss 	 PGD Acc
[2025/09/17 17:34:52] - 2.2353 	 	 0.5889 	 2.6213 	 0.3072
[2025/09/17 17:35:37] - 68 	 18.4 	 	 0.0779 	 3.8274 	 0.4446
[2025/09/17 17:35:37] - ==> Building model..
[2025/09/17 17:35:53] - Test Loss 	 Test Acc 	 PGD Loss 	 PGD Acc
[2025/09/17 17:35:53] - 2.2356 	 	 0.5891 	 2.6215 	 0.3077
[2025/09/17 17:36:39] - 69 	 18.8 	 	 0.0754 	 3.8230 	 0.4508
[2025/09/17 17:36:39] - ==> Building model..
[2025/09/17 17:36:55] - Test Loss 	 Test Acc 	 PGD Loss 	 PGD Acc
[2025/09/17 17:36:55] - 2.2351 	 	 0.5891 	 2.6213 	 0.3075
[2025/09/17 17:37:38] - 70 	 17.7 	 	 0.0730 	 3.8145 	 0.4557
[2025/09/17 17:37:38] - ==> Building model..
[2025/09/17 17:37:55] - Test Loss 	 Test Acc 	 PGD Loss 	 PGD Acc
[2025/09/17 17:37:55] - 2.2351 	 	 0.5894 	 2.6215 	 0.3073
[2025/09/17 17:38:39] - 71 	 17.8 	 	 0.0705 	 3.8080 	 0.4610
[2025/09/17 17:38:39] - ==> Building model..
[2025/09/17 17:38:55] - Test Loss 	 Test Acc 	 PGD Loss 	 PGD Acc
[2025/09/17 17:38:55] - 2.2357 	 	 0.5891 	 2.6218 	 0.3082
[2025/09/17 17:39:40] - 72 	 17.7 	 	 0.0680 	 3.8017 	 0.4664
[2025/09/17 17:39:40] - ==> Building model..
[2025/09/17 17:39:56] - Test Loss 	 Test Acc 	 PGD Loss 	 PGD Acc
[2025/09/17 17:39:56] - 2.2358 	 	 0.5900 	 2.6230 	 0.3079
[2025/09/17 17:40:40] - 73 	 17.6 	 	 0.0655 	 3.7945 	 0.4688
[2025/09/17 17:40:40] - ==> Building model..
[2025/09/17 17:40:56] - Test Loss 	 Test Acc 	 PGD Loss 	 PGD Acc
[2025/09/17 17:40:56] - 2.2360 	 	 0.5912 	 2.6228 	 0.3086
[2025/09/17 17:41:41] - 74 	 18.6 	 	 0.0630 	 3.7866 	 0.4752
[2025/09/17 17:41:41] - ==> Building model..
[2025/09/17 17:41:57] - Test Loss 	 Test Acc 	 PGD Loss 	 PGD Acc
[2025/09/17 17:41:57] - 2.2369 	 	 0.5915 	 2.6235 	 0.3084
[2025/09/17 17:42:41] - 75 	 18.3 	 	 0.0605 	 3.7797 	 0.4811
[2025/09/17 17:42:41] - ==> Building model..
[2025/09/17 17:42:57] - Test Loss 	 Test Acc 	 PGD Loss 	 PGD Acc
[2025/09/17 17:42:57] - 2.2377 	 	 0.5919 	 2.6246 	 0.3083
[2025/09/17 17:43:39] - 76 	 17.1 	 	 0.0580 	 3.7718 	 0.4883
[2025/09/17 17:43:39] - ==> Building model..
[2025/09/17 17:43:55] - Test Loss 	 Test Acc 	 PGD Loss 	 PGD Acc
[2025/09/17 17:43:55] - 2.2382 	 	 0.5921 	 2.6253 	 0.3087
[2025/09/17 17:44:40] - 77 	 18.2 	 	 0.0555 	 3.7620 	 0.4972
[2025/09/17 17:44:40] - ==> Building model..
[2025/09/17 17:44:57] - Test Loss 	 Test Acc 	 PGD Loss 	 PGD Acc
[2025/09/17 17:44:57] - 2.2387 	 	 0.5921 	 2.6261 	 0.3090
[2025/09/17 17:45:41] - 78 	 18.6 	 	 0.0530 	 3.7544 	 0.5018
[2025/09/17 17:45:41] - ==> Building model..
[2025/09/17 17:45:57] - Test Loss 	 Test Acc 	 PGD Loss 	 PGD Acc
[2025/09/17 17:45:57] - 2.2392 	 	 0.5922 	 2.6260 	 0.3087
[2025/09/17 17:46:41] - 79 	 18.5 	 	 0.0505 	 3.7447 	 0.5107
[2025/09/17 17:46:41] - ==> Building model..
[2025/09/17 17:46:57] - Test Loss 	 Test Acc 	 PGD Loss 	 PGD Acc
[2025/09/17 17:46:57] - 2.2403 	 	 0.5921 	 2.6268 	 0.3091
[2025/09/17 17:47:41] - 80 	 18.7 	 	 0.0480 	 3.7342 	 0.5179
[2025/09/17 17:47:41] - ==> Building model..
[2025/09/17 17:47:58] - Test Loss 	 Test Acc 	 PGD Loss 	 PGD Acc
[2025/09/17 17:47:58] - 2.2417 	 	 0.5924 	 2.6286 	 0.3082
[2025/09/17 17:48:43] - 81 	 18.2 	 	 0.0455 	 3.7242 	 0.5268
[2025/09/17 17:48:43] - ==> Building model..
[2025/09/17 17:48:59] - Test Loss 	 Test Acc 	 PGD Loss 	 PGD Acc
[2025/09/17 17:48:59] - 2.2422 	 	 0.5923 	 2.6283 	 0.3091
[2025/09/17 17:49:43] - 82 	 17.7 	 	 0.0430 	 3.7142 	 0.5357
[2025/09/17 17:49:43] - ==> Building model..
[2025/09/17 17:50:00] - Test Loss 	 Test Acc 	 PGD Loss 	 PGD Acc
[2025/09/17 17:50:00] - 2.2426 	 	 0.5922 	 2.6295 	 0.3093
[2025/09/17 17:50:45] - 83 	 18.5 	 	 0.0405 	 3.7004 	 0.5492
[2025/09/17 17:50:45] - ==> Building model..
[2025/09/17 17:51:01] - Test Loss 	 Test Acc 	 PGD Loss 	 PGD Acc
[2025/09/17 17:51:01] - 2.2426 	 	 0.5922 	 2.6287 	 0.3094
[2025/09/17 17:51:46] - 84 	 18.5 	 	 0.0380 	 3.6913 	 0.5561
[2025/09/17 17:51:46] - ==> Building model..
[2025/09/17 17:52:02] - Test Loss 	 Test Acc 	 PGD Loss 	 PGD Acc
[2025/09/17 17:52:02] - 2.2426 	 	 0.5922 	 2.6295 	 0.3095
[2025/09/17 17:52:46] - 85 	 18.7 	 	 0.0355 	 3.6766 	 0.5672
[2025/09/17 17:52:46] - ==> Building model..
[2025/09/17 17:53:03] - Test Loss 	 Test Acc 	 PGD Loss 	 PGD Acc
[2025/09/17 17:53:03] - 2.2432 	 	 0.5919 	 2.6299 	 0.3086
[2025/09/17 17:53:48] - 86 	 18.6 	 	 0.0331 	 3.6635 	 0.5826
[2025/09/17 17:53:48] - ==> Building model..
[2025/09/17 17:54:04] - Test Loss 	 Test Acc 	 PGD Loss 	 PGD Acc
[2025/09/17 17:54:04] - 2.2432 	 	 0.5919 	 2.6297 	 0.3084
[2025/09/17 17:54:48] - 87 	 18.0 	 	 0.0306 	 3.6473 	 0.5954
[2025/09/17 17:54:48] - ==> Building model..
[2025/09/17 17:55:05] - Test Loss 	 Test Acc 	 PGD Loss 	 PGD Acc
[2025/09/17 17:55:05] - 2.2432 	 	 0.5919 	 2.6298 	 0.3087
[2025/09/17 17:55:48] - 88 	 17.4 	 	 0.0281 	 3.6278 	 0.6119
[2025/09/17 17:55:48] - ==> Building model..
[2025/09/17 17:56:05] - Test Loss 	 Test Acc 	 PGD Loss 	 PGD Acc
[2025/09/17 17:56:05] - 2.2432 	 	 0.5919 	 2.6302 	 0.3091
[2025/09/17 17:56:51] - 89 	 18.4 	 	 0.0256 	 3.6107 	 0.6290
[2025/09/17 17:56:51] - ==> Building model..
[2025/09/17 17:57:08] - Test Loss 	 Test Acc 	 PGD Loss 	 PGD Acc
[2025/09/17 17:57:08] - 2.2432 	 	 0.5919 	 2.6291 	 0.3090
[2025/09/17 17:57:52] - 90 	 17.6 	 	 0.0231 	 3.5909 	 0.6477
[2025/09/17 17:57:52] - ==> Building model..
[2025/09/17 17:58:08] - Test Loss 	 Test Acc 	 PGD Loss 	 PGD Acc
[2025/09/17 17:58:08] - 2.2432 	 	 0.5919 	 2.6300 	 0.3092
[2025/09/17 17:58:52] - 91 	 18.2 	 	 0.0206 	 3.5714 	 0.6627
[2025/09/17 17:58:52] - ==> Building model..
[2025/09/17 17:59:09] - Test Loss 	 Test Acc 	 PGD Loss 	 PGD Acc
[2025/09/17 17:59:09] - 2.2432 	 	 0.5919 	 2.6298 	 0.3089
[2025/09/17 17:59:52] - 92 	 17.3 	 	 0.0181 	 3.5449 	 0.6909
[2025/09/17 17:59:52] - ==> Building model..
[2025/09/17 18:00:08] - Test Loss 	 Test Acc 	 PGD Loss 	 PGD Acc
[2025/09/17 18:00:08] - 2.2432 	 	 0.5919 	 2.6300 	 0.3099
[2025/09/17 18:00:53] - 93 	 18.3 	 	 0.0156 	 3.5189 	 0.7160
[2025/09/17 18:00:53] - ==> Building model..
[2025/09/17 18:01:10] - Test Loss 	 Test Acc 	 PGD Loss 	 PGD Acc
[2025/09/17 18:01:10] - 2.2432 	 	 0.5919 	 2.6300 	 0.3095
[2025/09/17 18:01:54] - 94 	 18.6 	 	 0.0131 	 3.4917 	 0.7432
[2025/09/17 18:01:54] - ==> Building model..
[2025/09/17 18:02:10] - Test Loss 	 Test Acc 	 PGD Loss 	 PGD Acc
[2025/09/17 18:02:10] - 2.2432 	 	 0.5919 	 2.6302 	 0.3086
[2025/09/17 18:02:54] - 95 	 18.2 	 	 0.0106 	 3.4645 	 0.7684
[2025/09/17 18:02:54] - ==> Building model..
[2025/09/17 18:03:10] - Test Loss 	 Test Acc 	 PGD Loss 	 PGD Acc
[2025/09/17 18:03:10] - 2.2432 	 	 0.5919 	 2.6298 	 0.3094
[2025/09/17 18:03:55] - 96 	 18.0 	 	 0.0081 	 3.4357 	 0.7954
[2025/09/17 18:03:55] - ==> Building model..
[2025/09/17 18:04:12] - Test Loss 	 Test Acc 	 PGD Loss 	 PGD Acc
[2025/09/17 18:04:12] - 2.2432 	 	 0.5919 	 2.6302 	 0.3092
[2025/09/17 18:04:57] - 97 	 18.4 	 	 0.0056 	 3.4069 	 0.8245
[2025/09/17 18:04:57] - ==> Building model..
[2025/09/17 18:05:14] - Test Loss 	 Test Acc 	 PGD Loss 	 PGD Acc
[2025/09/17 18:05:14] - 2.2432 	 	 0.5919 	 2.6295 	 0.3093
[2025/09/17 18:06:02] - 98 	 19.2 	 	 0.0031 	 3.3771 	 0.8477
[2025/09/17 18:06:02] - ==> Building model..
[2025/09/17 18:06:19] - Test Loss 	 Test Acc 	 PGD Loss 	 PGD Acc
[2025/09/17 18:06:19] - 2.2432 	 	 0.5919 	 2.6301 	 0.3093
[2025/09/17 18:07:04] - 99 	 18.5 	 	 0.0006 	 3.3517 	 0.8719
[2025/09/17 18:07:04] - ==> Building model..
[2025/09/17 18:07:21] - Test Loss 	 Test Acc 	 PGD Loss 	 PGD Acc
[2025/09/17 18:07:21] - 2.2432 	 	 0.5919 	 2.6295 	 0.3088
[2025/09/17 18:07:21] - [0.0814, 0.1345, 0.1886, 0.2217, 0.2527, 0.2867, 0.319, 0.3498, 0.3785, 0.4036, 0.4187, 0.4329, 0.4385, 0.4426, 0.4432, 0.4329, 0.4204, 0.4032, 0.3968, 0.4018, 0.4168, 0.4401, 0.4654, 0.4816, 0.4929, 0.5076, 0.5156, 0.5221, 0.5284, 0.5337, 0.5376, 0.5422, 0.5439, 0.5483, 0.5507, 0.552, 0.5554, 0.558, 0.5585, 0.5607, 0.5633, 0.5665, 0.5653, 0.5675, 0.569, 0.571, 0.5722, 0.5737, 0.575, 0.5753, 0.577, 0.5787, 0.5804, 0.5806, 0.581, 0.5821, 0.5837, 0.5845, 0.5857, 0.5853, 0.5862, 0.5877, 0.5884, 0.5881, 0.5882, 0.5889, 0.5891, 0.5889, 0.5891, 0.5891, 0.5894, 0.5891, 0.59, 0.5912, 0.5915, 0.5919, 0.5921, 0.5921, 0.5922, 0.5921, 0.5924, 0.5923, 0.5922, 0.5922, 0.5922, 0.5919, 0.5919, 0.5919, 0.5919, 0.5919, 0.5919, 0.5919, 0.5919, 0.5919, 0.5919, 0.5919, 0.5919, 0.5919, 0.5919, 0.5919]
[2025/09/17 18:07:21] - [0.0455, 0.0799, 0.1104, 0.13, 0.1446, 0.1634, 0.1785, 0.1916, 0.2037, 0.2145, 0.2217, 0.2272, 0.2314, 0.2353, 0.233, 0.2297, 0.221, 0.2072, 0.2025, 0.2079, 0.2159, 0.2293, 0.2461, 0.2566, 0.2632, 0.2705, 0.2733, 0.2765, 0.2799, 0.2814, 0.2838, 0.2868, 0.2875, 0.2896, 0.2899, 0.2908, 0.2936, 0.2935, 0.294, 0.2954, 0.296, 0.2964, 0.2972, 0.2981, 0.3002, 0.3008, 0.3012, 0.3022, 0.3022, 0.3036, 0.3036, 0.3047, 0.3037, 0.3054, 0.3062, 0.3072, 0.3067, 0.3079, 0.307, 0.3078, 0.3068, 0.3069, 0.3071, 0.3068, 0.3068, 0.3067, 0.3069, 0.3072, 0.3077, 0.3075, 0.3073, 0.3082, 0.3079, 0.3086, 0.3084, 0.3083, 0.3087, 0.309, 0.3087, 0.3091, 0.3082, 0.3091, 0.3093, 0.3094, 0.3095, 0.3086, 0.3084, 0.3087, 0.3091, 0.309, 0.3092, 0.3089, 0.3099, 0.3095, 0.3086, 0.3094, 0.3092, 0.3093, 0.3093, 0.3088]
