[2025/10/05 16:29:15] - Namespace(batch_size=128, data_dir='./tiny-imagenet-200', epochs=110, lr_schedule='multistep', lr_min=0.0, lr_max=0.1, weight_decay=0.0005, momentum=0.9, model='PreActResNest18', epsilon=8, alpha=8, delta_init='random', normal_mean=0, normal_std=1, out_dir='./output/Tiny_ImageNet/lam_start_70_beta_0.2/lam_scale_0.16', seed=0, lamda=38, lam_scale=0.16, lam_start=70, gamma=0.025, inner_gamma=0.025, beta=0.2, mu=3.5, batch_m=0.75, early_stop=False, factor=0.3, length=6, n_holes=1, c_num=0.125, EMA_value=0.55)
[2025/10/05 16:30:16] - ==> Building model..
[2025/10/05 16:30:16] - Epoch 	 Seconds 	 LR 	 	 Train Loss 	 Train Acc
[2025/10/05 16:32:46] - 0 	 143.6 	 	 0.1000 	 5.2929 	 0.0256
[2025/10/05 16:32:46] - ==> Building model..
[2025/10/05 16:33:39] - Test Loss 	 Test Acc 	 PGD Loss 	 PGD Acc
[2025/10/05 16:33:39] - 5.0230 	 	 0.0620 	 5.0325 	 0.0339
[2025/10/05 16:36:06] - 1 	 141.3 	 	 0.1000 	 5.2335 	 0.0663
[2025/10/05 16:36:06] - ==> Building model..
[2025/10/05 16:37:00] - Test Loss 	 Test Acc 	 PGD Loss 	 PGD Acc
[2025/10/05 16:37:00] - 4.7841 	 	 0.1370 	 4.8160 	 0.0720
[2025/10/05 16:39:27] - 2 	 141.4 	 	 0.1000 	 5.2005 	 0.0971
[2025/10/05 16:39:27] - ==> Building model..
[2025/10/05 16:40:22] - Test Loss 	 Test Acc 	 PGD Loss 	 PGD Acc
[2025/10/05 16:40:22] - 4.6009 	 	 0.1849 	 4.6589 	 0.0980
[2025/10/05 16:42:48] - 3 	 140.9 	 	 0.1000 	 5.1740 	 0.1225
[2025/10/05 16:42:48] - ==> Building model..
[2025/10/05 16:43:43] - Test Loss 	 Test Acc 	 PGD Loss 	 PGD Acc
[2025/10/05 16:43:43] - 4.4997 	 	 0.2118 	 4.5753 	 0.1094
[2025/10/05 16:46:10] - 4 	 141.2 	 	 0.1000 	 5.1498 	 0.1441
[2025/10/05 16:46:10] - ==> Building model..
[2025/10/05 16:47:04] - Test Loss 	 Test Acc 	 PGD Loss 	 PGD Acc
[2025/10/05 16:47:04] - 4.4580 	 	 0.2287 	 4.5436 	 0.1140
[2025/10/05 16:49:32] - 5 	 141.5 	 	 0.1000 	 5.1296 	 0.1616
[2025/10/05 16:49:32] - ==> Building model..
[2025/10/05 16:50:26] - Test Loss 	 Test Acc 	 PGD Loss 	 PGD Acc
[2025/10/05 16:50:26] - 4.4389 	 	 0.2432 	 4.5324 	 0.1207
[2025/10/05 16:52:53] - 6 	 141.2 	 	 0.1000 	 5.1147 	 0.1773
[2025/10/05 16:52:53] - ==> Building model..
[2025/10/05 16:53:48] - Test Loss 	 Test Acc 	 PGD Loss 	 PGD Acc
[2025/10/05 16:53:48] - 4.3550 	 	 0.2633 	 4.4651 	 0.1323
[2025/10/05 16:56:14] - 7 	 141.0 	 	 0.1000 	 5.1029 	 0.1884
[2025/10/05 16:56:14] - ==> Building model..
[2025/10/05 16:57:08] - Test Loss 	 Test Acc 	 PGD Loss 	 PGD Acc
[2025/10/05 16:57:08] - 4.1973 	 	 0.2962 	 4.3391 	 0.1512
[2025/10/05 16:59:35] - 8 	 140.9 	 	 0.1000 	 5.0921 	 0.1999
[2025/10/05 16:59:35] - ==> Building model..
[2025/10/05 17:00:29] - Test Loss 	 Test Acc 	 PGD Loss 	 PGD Acc
[2025/10/05 17:00:29] - 4.0594 	 	 0.3253 	 4.2317 	 0.1621
[2025/10/05 17:02:56] - 9 	 141.2 	 	 0.1000 	 5.0831 	 0.2075
[2025/10/05 17:02:56] - ==> Building model..
[2025/10/05 17:03:50] - Test Loss 	 Test Acc 	 PGD Loss 	 PGD Acc
[2025/10/05 17:03:50] - 3.9376 	 	 0.3487 	 4.1387 	 0.1748
[2025/10/05 17:06:16] - 10 	 140.9 	 	 0.1000 	 5.0751 	 0.2170
[2025/10/05 17:06:16] - ==> Building model..
[2025/10/05 17:07:12] - Test Loss 	 Test Acc 	 PGD Loss 	 PGD Acc
[2025/10/05 17:07:12] - 3.8645 	 	 0.3648 	 4.0832 	 0.1829
[2025/10/05 17:09:38] - 11 	 140.9 	 	 0.1000 	 5.0676 	 0.2239
[2025/10/05 17:09:38] - ==> Building model..
[2025/10/05 17:10:32] - Test Loss 	 Test Acc 	 PGD Loss 	 PGD Acc
[2025/10/05 17:10:32] - 3.8093 	 	 0.3732 	 4.0425 	 0.1902
[2025/10/05 17:12:59] - 12 	 140.7 	 	 0.1000 	 5.0616 	 0.2306
[2025/10/05 17:12:59] - ==> Building model..
[2025/10/05 17:13:53] - Test Loss 	 Test Acc 	 PGD Loss 	 PGD Acc
[2025/10/05 17:13:53] - 3.7686 	 	 0.3832 	 4.0121 	 0.1938
[2025/10/05 17:16:19] - 13 	 141.0 	 	 0.1000 	 5.0551 	 0.2359
[2025/10/05 17:16:19] - ==> Building model..
[2025/10/05 17:17:14] - Test Loss 	 Test Acc 	 PGD Loss 	 PGD Acc
[2025/10/05 17:17:14] - 3.7261 	 	 0.3910 	 3.9807 	 0.1980
[2025/10/05 17:19:40] - 14 	 140.9 	 	 0.1000 	 5.0501 	 0.2424
[2025/10/05 17:19:40] - ==> Building model..
[2025/10/05 17:20:34] - Test Loss 	 Test Acc 	 PGD Loss 	 PGD Acc
[2025/10/05 17:20:34] - 3.6922 	 	 0.3969 	 3.9568 	 0.2005
[2025/10/05 17:23:00] - 15 	 140.7 	 	 0.1000 	 5.0453 	 0.2483
[2025/10/05 17:23:00] - ==> Building model..
[2025/10/05 17:23:54] - Test Loss 	 Test Acc 	 PGD Loss 	 PGD Acc
[2025/10/05 17:23:54] - 3.6678 	 	 0.4025 	 3.9402 	 0.2034
[2025/10/05 17:26:21] - 16 	 140.8 	 	 0.1000 	 5.0414 	 0.2502
[2025/10/05 17:26:21] - ==> Building model..
[2025/10/05 17:27:17] - Test Loss 	 Test Acc 	 PGD Loss 	 PGD Acc
[2025/10/05 17:27:17] - 3.6413 	 	 0.4075 	 3.9212 	 0.2060
[2025/10/05 17:29:47] - 17 	 141.0 	 	 0.1000 	 5.0369 	 0.2571
[2025/10/05 17:29:47] - ==> Building model..
[2025/10/05 17:30:41] - Test Loss 	 Test Acc 	 PGD Loss 	 PGD Acc
[2025/10/05 17:30:41] - 3.6171 	 	 0.4131 	 3.9046 	 0.2091
[2025/10/05 17:33:08] - 18 	 141.3 	 	 0.1000 	 5.0336 	 0.2606
[2025/10/05 17:33:08] - ==> Building model..
[2025/10/05 17:34:03] - Test Loss 	 Test Acc 	 PGD Loss 	 PGD Acc
[2025/10/05 17:34:03] - 3.6009 	 	 0.4159 	 3.8930 	 0.2094
[2025/10/05 17:36:30] - 19 	 140.6 	 	 0.1000 	 5.0303 	 0.2632
[2025/10/05 17:36:30] - ==> Building model..
[2025/10/05 17:37:24] - Test Loss 	 Test Acc 	 PGD Loss 	 PGD Acc
[2025/10/05 17:37:24] - 3.5864 	 	 0.4189 	 3.8821 	 0.2098
[2025/10/05 17:39:51] - 20 	 140.7 	 	 0.1000 	 5.0276 	 0.2659
[2025/10/05 17:39:51] - ==> Building model..
[2025/10/05 17:40:45] - Test Loss 	 Test Acc 	 PGD Loss 	 PGD Acc
[2025/10/05 17:40:45] - 3.5730 	 	 0.4205 	 3.8726 	 0.2111
[2025/10/05 17:43:12] - 21 	 140.5 	 	 0.1000 	 5.0252 	 0.2665
[2025/10/05 17:43:12] - ==> Building model..
[2025/10/05 17:44:06] - Test Loss 	 Test Acc 	 PGD Loss 	 PGD Acc
[2025/10/05 17:44:06] - 3.5568 	 	 0.4261 	 3.8619 	 0.2135
[2025/10/05 17:46:32] - 22 	 140.0 	 	 0.1000 	 5.0220 	 0.2700
[2025/10/05 17:46:32] - ==> Building model..
[2025/10/05 17:47:27] - Test Loss 	 Test Acc 	 PGD Loss 	 PGD Acc
[2025/10/05 17:47:27] - 3.5406 	 	 0.4289 	 3.8510 	 0.2147
[2025/10/05 17:49:54] - 23 	 140.5 	 	 0.1000 	 5.0200 	 0.2729
[2025/10/05 17:49:54] - ==> Building model..
[2025/10/05 17:50:48] - Test Loss 	 Test Acc 	 PGD Loss 	 PGD Acc
[2025/10/05 17:50:48] - 3.5267 	 	 0.4323 	 3.8413 	 0.2165
[2025/10/05 17:53:14] - 24 	 140.2 	 	 0.1000 	 5.0179 	 0.2759
[2025/10/05 17:53:14] - ==> Building model..
[2025/10/05 17:54:08] - Test Loss 	 Test Acc 	 PGD Loss 	 PGD Acc
[2025/10/05 17:54:08] - 3.5155 	 	 0.4358 	 3.8340 	 0.2175
[2025/10/05 17:56:34] - 25 	 140.2 	 	 0.1000 	 5.0160 	 0.2773
[2025/10/05 17:56:34] - ==> Building model..
[2025/10/05 17:57:29] - Test Loss 	 Test Acc 	 PGD Loss 	 PGD Acc
[2025/10/05 17:57:29] - 3.5054 	 	 0.4371 	 3.8272 	 0.2191
[2025/10/05 17:59:54] - 26 	 139.7 	 	 0.1000 	 5.0141 	 0.2781
[2025/10/05 17:59:54] - ==> Building model..
[2025/10/05 18:00:48] - Test Loss 	 Test Acc 	 PGD Loss 	 PGD Acc
[2025/10/05 18:00:48] - 3.4956 	 	 0.4404 	 3.8207 	 0.2201
[2025/10/05 18:03:14] - 27 	 140.0 	 	 0.1000 	 5.0123 	 0.2817
[2025/10/05 18:03:14] - ==> Building model..
[2025/10/05 18:04:09] - Test Loss 	 Test Acc 	 PGD Loss 	 PGD Acc
[2025/10/05 18:04:09] - 3.4857 	 	 0.4442 	 3.8155 	 0.2215
[2025/10/05 18:06:35] - 28 	 140.0 	 	 0.1000 	 5.0097 	 0.2844
[2025/10/05 18:06:35] - ==> Building model..
[2025/10/05 18:07:29] - Test Loss 	 Test Acc 	 PGD Loss 	 PGD Acc
[2025/10/05 18:07:29] - 3.4772 	 	 0.4451 	 3.8097 	 0.2230
[2025/10/05 18:09:55] - 29 	 139.7 	 	 0.1000 	 5.0086 	 0.2838
[2025/10/05 18:09:55] - ==> Building model..
[2025/10/05 18:10:49] - Test Loss 	 Test Acc 	 PGD Loss 	 PGD Acc
[2025/10/05 18:10:49] - 3.4690 	 	 0.4463 	 3.8040 	 0.2238
[2025/10/05 18:13:14] - 30 	 139.7 	 	 0.1000 	 5.0080 	 0.2873
[2025/10/05 18:13:14] - ==> Building model..
[2025/10/05 18:14:08] - Test Loss 	 Test Acc 	 PGD Loss 	 PGD Acc
[2025/10/05 18:14:08] - 3.4619 	 	 0.4470 	 3.7997 	 0.2236
[2025/10/05 18:16:34] - 31 	 140.5 	 	 0.1000 	 5.0061 	 0.2869
[2025/10/05 18:16:34] - ==> Building model..
[2025/10/05 18:17:28] - Test Loss 	 Test Acc 	 PGD Loss 	 PGD Acc
[2025/10/05 18:17:28] - 3.4565 	 	 0.4487 	 3.7957 	 0.2247
[2025/10/05 18:19:54] - 32 	 140.0 	 	 0.1000 	 5.0053 	 0.2869
[2025/10/05 18:19:54] - ==> Building model..
[2025/10/05 18:20:47] - Test Loss 	 Test Acc 	 PGD Loss 	 PGD Acc
[2025/10/05 18:20:47] - 3.4513 	 	 0.4495 	 3.7929 	 0.2256
[2025/10/05 18:23:12] - 33 	 139.7 	 	 0.1000 	 5.0034 	 0.2902
[2025/10/05 18:23:12] - ==> Building model..
[2025/10/05 18:24:06] - Test Loss 	 Test Acc 	 PGD Loss 	 PGD Acc
[2025/10/05 18:24:06] - 3.4452 	 	 0.4500 	 3.7891 	 0.2251
[2025/10/05 18:26:30] - 34 	 139.3 	 	 0.1000 	 5.0020 	 0.2913
[2025/10/05 18:26:30] - ==> Building model..
[2025/10/05 18:27:24] - Test Loss 	 Test Acc 	 PGD Loss 	 PGD Acc
[2025/10/05 18:27:24] - 3.4418 	 	 0.4498 	 3.7876 	 0.2263
[2025/10/05 18:29:49] - 35 	 139.6 	 	 0.1000 	 5.0006 	 0.2935
[2025/10/05 18:29:49] - ==> Building model..
[2025/10/05 18:30:42] - Test Loss 	 Test Acc 	 PGD Loss 	 PGD Acc
[2025/10/05 18:30:42] - 3.4367 	 	 0.4525 	 3.7850 	 0.2274
[2025/10/05 18:33:07] - 36 	 139.3 	 	 0.1000 	 5.0001 	 0.2948
[2025/10/05 18:33:07] - ==> Building model..
[2025/10/05 18:34:01] - Test Loss 	 Test Acc 	 PGD Loss 	 PGD Acc
[2025/10/05 18:34:01] - 3.4326 	 	 0.4542 	 3.7822 	 0.2265
[2025/10/05 18:36:25] - 37 	 139.2 	 	 0.1000 	 4.9988 	 0.2960
[2025/10/05 18:36:25] - ==> Building model..
[2025/10/05 18:37:19] - Test Loss 	 Test Acc 	 PGD Loss 	 PGD Acc
[2025/10/05 18:37:19] - 3.4294 	 	 0.4557 	 3.7813 	 0.2273
[2025/10/05 18:39:44] - 38 	 140.0 	 	 0.1000 	 4.9987 	 0.2949
[2025/10/05 18:39:44] - ==> Building model..
[2025/10/05 18:40:38] - Test Loss 	 Test Acc 	 PGD Loss 	 PGD Acc
[2025/10/05 18:40:38] - 3.4249 	 	 0.4575 	 3.7777 	 0.2258
[2025/10/05 18:43:02] - 39 	 139.3 	 	 0.1000 	 4.9974 	 0.2963
[2025/10/05 18:43:02] - ==> Building model..
[2025/10/05 18:43:56] - Test Loss 	 Test Acc 	 PGD Loss 	 PGD Acc
[2025/10/05 18:43:56] - 3.4214 	 	 0.4575 	 3.7761 	 0.2274
[2025/10/05 18:46:21] - 40 	 139.4 	 	 0.1000 	 4.9967 	 0.2957
[2025/10/05 18:46:21] - ==> Building model..
[2025/10/05 18:47:15] - Test Loss 	 Test Acc 	 PGD Loss 	 PGD Acc
[2025/10/05 18:47:15] - 3.4164 	 	 0.4593 	 3.7728 	 0.2267
[2025/10/05 18:49:40] - 41 	 139.6 	 	 0.1000 	 4.9956 	 0.2974
[2025/10/05 18:49:40] - ==> Building model..
[2025/10/05 18:50:34] - Test Loss 	 Test Acc 	 PGD Loss 	 PGD Acc
[2025/10/05 18:50:34] - 3.4140 	 	 0.4604 	 3.7719 	 0.2268
[2025/10/05 18:52:59] - 42 	 139.5 	 	 0.1000 	 4.9951 	 0.2993
[2025/10/05 18:52:59] - ==> Building model..
[2025/10/05 18:53:52] - Test Loss 	 Test Acc 	 PGD Loss 	 PGD Acc
[2025/10/05 18:53:52] - 3.4109 	 	 0.4626 	 3.7702 	 0.2287
[2025/10/05 18:56:17] - 43 	 139.5 	 	 0.1000 	 4.9943 	 0.2996
[2025/10/05 18:56:17] - ==> Building model..
[2025/10/05 18:57:10] - Test Loss 	 Test Acc 	 PGD Loss 	 PGD Acc
[2025/10/05 18:57:10] - 3.4078 	 	 0.4617 	 3.7687 	 0.2296
[2025/10/05 18:59:34] - 44 	 138.9 	 	 0.1000 	 4.9933 	 0.3004
[2025/10/05 18:59:34] - ==> Building model..
[2025/10/05 19:00:28] - Test Loss 	 Test Acc 	 PGD Loss 	 PGD Acc
[2025/10/05 19:00:28] - 3.4056 	 	 0.4645 	 3.7677 	 0.2303
[2025/10/05 19:02:52] - 45 	 139.3 	 	 0.1000 	 4.9928 	 0.3014
[2025/10/05 19:02:52] - ==> Building model..
[2025/10/05 19:03:46] - Test Loss 	 Test Acc 	 PGD Loss 	 PGD Acc
[2025/10/05 19:03:46] - 3.4049 	 	 0.4638 	 3.7672 	 0.2304
[2025/10/05 19:06:10] - 46 	 139.3 	 	 0.1000 	 4.9922 	 0.3009
[2025/10/05 19:06:10] - ==> Building model..
[2025/10/05 19:07:04] - Test Loss 	 Test Acc 	 PGD Loss 	 PGD Acc
[2025/10/05 19:07:04] - 3.4041 	 	 0.4630 	 3.7674 	 0.2303
[2025/10/05 19:09:28] - 47 	 139.3 	 	 0.1000 	 4.9918 	 0.3031
[2025/10/05 19:09:28] - ==> Building model..
[2025/10/05 19:10:22] - Test Loss 	 Test Acc 	 PGD Loss 	 PGD Acc
[2025/10/05 19:10:22] - 3.4011 	 	 0.4639 	 3.7655 	 0.2310
[2025/10/05 19:12:47] - 48 	 139.4 	 	 0.1000 	 4.9909 	 0.3033
[2025/10/05 19:12:47] - ==> Building model..
[2025/10/05 19:13:41] - Test Loss 	 Test Acc 	 PGD Loss 	 PGD Acc
[2025/10/05 19:13:41] - 3.3991 	 	 0.4629 	 3.7640 	 0.2307
[2025/10/05 19:16:06] - 49 	 139.1 	 	 0.1000 	 4.9906 	 0.3033
[2025/10/05 19:16:06] - ==> Building model..
[2025/10/05 19:17:00] - Test Loss 	 Test Acc 	 PGD Loss 	 PGD Acc
[2025/10/05 19:17:00] - 3.3978 	 	 0.4650 	 3.7637 	 0.2305
[2025/10/05 19:19:24] - 50 	 139.0 	 	 0.1000 	 4.9894 	 0.3050
[2025/10/05 19:19:24] - ==> Building model..
[2025/10/05 19:20:18] - Test Loss 	 Test Acc 	 PGD Loss 	 PGD Acc
[2025/10/05 19:20:18] - 3.3946 	 	 0.4659 	 3.7618 	 0.2308
[2025/10/05 19:22:42] - 51 	 139.1 	 	 0.1000 	 4.9894 	 0.3043
[2025/10/05 19:22:42] - ==> Building model..
[2025/10/05 19:23:36] - Test Loss 	 Test Acc 	 PGD Loss 	 PGD Acc
[2025/10/05 19:23:36] - 3.3920 	 	 0.4660 	 3.7600 	 0.2316
[2025/10/05 19:26:00] - 52 	 138.7 	 	 0.1000 	 4.9893 	 0.3045
[2025/10/05 19:26:00] - ==> Building model..
[2025/10/05 19:26:54] - Test Loss 	 Test Acc 	 PGD Loss 	 PGD Acc
[2025/10/05 19:26:54] - 3.3901 	 	 0.4674 	 3.7601 	 0.2314
[2025/10/05 19:29:18] - 53 	 139.0 	 	 0.1000 	 4.9886 	 0.3061
[2025/10/05 19:29:18] - ==> Building model..
[2025/10/05 19:30:12] - Test Loss 	 Test Acc 	 PGD Loss 	 PGD Acc
[2025/10/05 19:30:12] - 3.3890 	 	 0.4669 	 3.7594 	 0.2319
[2025/10/05 19:32:37] - 54 	 139.5 	 	 0.1000 	 4.9879 	 0.3067
[2025/10/05 19:32:37] - ==> Building model..
[2025/10/05 19:33:30] - Test Loss 	 Test Acc 	 PGD Loss 	 PGD Acc
[2025/10/05 19:33:30] - 3.3864 	 	 0.4671 	 3.7576 	 0.2318
[2025/10/05 19:35:54] - 55 	 138.9 	 	 0.1000 	 4.9869 	 0.3073
[2025/10/05 19:35:54] - ==> Building model..
[2025/10/05 19:36:48] - Test Loss 	 Test Acc 	 PGD Loss 	 PGD Acc
[2025/10/05 19:36:48] - 3.3833 	 	 0.4677 	 3.7558 	 0.2322
[2025/10/05 19:39:12] - 56 	 139.2 	 	 0.1000 	 4.9870 	 0.3071
[2025/10/05 19:39:12] - ==> Building model..
[2025/10/05 19:40:06] - Test Loss 	 Test Acc 	 PGD Loss 	 PGD Acc
[2025/10/05 19:40:06] - 3.3819 	 	 0.4675 	 3.7548 	 0.2322
[2025/10/05 19:42:31] - 57 	 139.1 	 	 0.1000 	 4.9863 	 0.3086
[2025/10/05 19:42:31] - ==> Building model..
[2025/10/05 19:43:24] - Test Loss 	 Test Acc 	 PGD Loss 	 PGD Acc
[2025/10/05 19:43:24] - 3.3806 	 	 0.4680 	 3.7543 	 0.2340
[2025/10/05 19:45:49] - 58 	 138.9 	 	 0.1000 	 4.9861 	 0.3092
[2025/10/05 19:45:49] - ==> Building model..
[2025/10/05 19:46:42] - Test Loss 	 Test Acc 	 PGD Loss 	 PGD Acc
[2025/10/05 19:46:42] - 3.3804 	 	 0.4679 	 3.7546 	 0.2344
[2025/10/05 19:49:06] - 59 	 138.9 	 	 0.1000 	 4.9863 	 0.3071
[2025/10/05 19:49:06] - ==> Building model..
[2025/10/05 19:50:00] - Test Loss 	 Test Acc 	 PGD Loss 	 PGD Acc
[2025/10/05 19:50:00] - 3.3802 	 	 0.4689 	 3.7550 	 0.2339
[2025/10/05 19:52:24] - 60 	 139.1 	 	 0.1000 	 4.9855 	 0.3088
[2025/10/05 19:52:24] - ==> Building model..
[2025/10/05 19:53:17] - Test Loss 	 Test Acc 	 PGD Loss 	 PGD Acc
[2025/10/05 19:53:17] - 3.3784 	 	 0.4683 	 3.7540 	 0.2340
[2025/10/05 19:55:41] - 61 	 138.6 	 	 0.1000 	 4.9849 	 0.3107
[2025/10/05 19:55:41] - ==> Building model..
[2025/10/05 19:56:34] - Test Loss 	 Test Acc 	 PGD Loss 	 PGD Acc
[2025/10/05 19:56:34] - 3.3781 	 	 0.4677 	 3.7536 	 0.2349
[2025/10/05 19:58:58] - 62 	 138.9 	 	 0.1000 	 4.9847 	 0.3095
[2025/10/05 19:58:58] - ==> Building model..
[2025/10/05 19:59:52] - Test Loss 	 Test Acc 	 PGD Loss 	 PGD Acc
[2025/10/05 19:59:52] - 3.3779 	 	 0.4679 	 3.7539 	 0.2348
[2025/10/05 20:02:16] - 63 	 139.0 	 	 0.1000 	 4.9837 	 0.3112
[2025/10/05 20:02:16] - ==> Building model..
[2025/10/05 20:03:09] - Test Loss 	 Test Acc 	 PGD Loss 	 PGD Acc
[2025/10/05 20:03:09] - 3.3771 	 	 0.4674 	 3.7540 	 0.2346
[2025/10/05 20:05:33] - 64 	 138.9 	 	 0.1000 	 4.9837 	 0.3120
[2025/10/05 20:05:33] - ==> Building model..
[2025/10/05 20:06:27] - Test Loss 	 Test Acc 	 PGD Loss 	 PGD Acc
[2025/10/05 20:06:27] - 3.3765 	 	 0.4686 	 3.7543 	 0.2349
[2025/10/05 20:08:51] - 65 	 139.0 	 	 0.1000 	 4.9831 	 0.3119
[2025/10/05 20:08:51] - ==> Building model..
[2025/10/05 20:09:45] - Test Loss 	 Test Acc 	 PGD Loss 	 PGD Acc
[2025/10/05 20:09:45] - 3.3759 	 	 0.4681 	 3.7539 	 0.2352
[2025/10/05 20:12:09] - 66 	 139.0 	 	 0.1000 	 4.9827 	 0.3110
[2025/10/05 20:12:09] - ==> Building model..
[2025/10/05 20:13:02] - Test Loss 	 Test Acc 	 PGD Loss 	 PGD Acc
[2025/10/05 20:13:02] - 3.3754 	 	 0.4675 	 3.7535 	 0.2340
[2025/10/05 20:15:27] - 67 	 139.3 	 	 0.1000 	 4.9828 	 0.3123
[2025/10/05 20:15:27] - ==> Building model..
[2025/10/05 20:16:20] - Test Loss 	 Test Acc 	 PGD Loss 	 PGD Acc
[2025/10/05 20:16:20] - 3.3744 	 	 0.4681 	 3.7527 	 0.2341
[2025/10/05 20:18:45] - 68 	 139.2 	 	 0.1000 	 4.9825 	 0.3117
[2025/10/05 20:18:45] - ==> Building model..
[2025/10/05 20:19:38] - Test Loss 	 Test Acc 	 PGD Loss 	 PGD Acc
[2025/10/05 20:19:38] - 3.3737 	 	 0.4680 	 3.7528 	 0.2336
[2025/10/05 20:22:02] - 69 	 139.2 	 	 0.1000 	 4.9824 	 0.3108
[2025/10/05 20:22:02] - ==> Building model..
[2025/10/05 20:22:56] - Test Loss 	 Test Acc 	 PGD Loss 	 PGD Acc
[2025/10/05 20:22:56] - 3.3728 	 	 0.4691 	 3.7523 	 0.2333
[2025/10/05 20:25:20] - 70 	 139.4 	 	 0.1000 	 4.9816 	 0.3146
[2025/10/05 20:25:20] - ==> Building model..
[2025/10/05 20:26:14] - Test Loss 	 Test Acc 	 PGD Loss 	 PGD Acc
[2025/10/05 20:26:14] - 3.3718 	 	 0.4694 	 3.7521 	 0.2329
[2025/10/05 20:28:37] - 71 	 138.7 	 	 0.1000 	 4.9815 	 0.3128
[2025/10/05 20:28:37] - ==> Building model..
[2025/10/05 20:29:31] - Test Loss 	 Test Acc 	 PGD Loss 	 PGD Acc
[2025/10/05 20:29:31] - 3.3709 	 	 0.4693 	 3.7515 	 0.2340
[2025/10/05 20:31:55] - 72 	 139.3 	 	 0.1000 	 4.9818 	 0.3132
[2025/10/05 20:31:55] - ==> Building model..
[2025/10/05 20:32:49] - Test Loss 	 Test Acc 	 PGD Loss 	 PGD Acc
[2025/10/05 20:32:49] - 3.3700 	 	 0.4709 	 3.7518 	 0.2341
[2025/10/05 20:35:13] - 73 	 139.3 	 	 0.1000 	 4.9812 	 0.3143
[2025/10/05 20:35:13] - ==> Building model..
[2025/10/05 20:36:07] - Test Loss 	 Test Acc 	 PGD Loss 	 PGD Acc
[2025/10/05 20:36:07] - 3.3695 	 	 0.4720 	 3.7521 	 0.2339
[2025/10/05 20:38:32] - 74 	 139.7 	 	 0.1000 	 4.9819 	 0.3159
[2025/10/05 20:38:32] - ==> Building model..
[2025/10/05 20:39:26] - Test Loss 	 Test Acc 	 PGD Loss 	 PGD Acc
[2025/10/05 20:39:26] - 3.3703 	 	 0.4712 	 3.7526 	 0.2335
[2025/10/05 20:41:51] - 75 	 139.5 	 	 0.1000 	 4.9816 	 0.3146
[2025/10/05 20:41:51] - ==> Building model..
[2025/10/05 20:42:45] - Test Loss 	 Test Acc 	 PGD Loss 	 PGD Acc
[2025/10/05 20:42:45] - 3.3710 	 	 0.4719 	 3.7535 	 0.2327
[2025/10/05 20:45:10] - 76 	 139.6 	 	 0.1000 	 4.9814 	 0.3177
[2025/10/05 20:45:10] - ==> Building model..
[2025/10/05 20:46:04] - Test Loss 	 Test Acc 	 PGD Loss 	 PGD Acc
[2025/10/05 20:46:04] - 3.3703 	 	 0.4721 	 3.7535 	 0.2339
[2025/10/05 20:48:28] - 77 	 139.3 	 	 0.1000 	 4.9820 	 0.3158
[2025/10/05 20:48:28] - ==> Building model..
[2025/10/05 20:49:21] - Test Loss 	 Test Acc 	 PGD Loss 	 PGD Acc
[2025/10/05 20:49:21] - 3.3714 	 	 0.4723 	 3.7539 	 0.2329
[2025/10/05 20:51:46] - 78 	 139.2 	 	 0.1000 	 4.9822 	 0.3161
[2025/10/05 20:51:46] - ==> Building model..
[2025/10/05 20:52:39] - Test Loss 	 Test Acc 	 PGD Loss 	 PGD Acc
[2025/10/05 20:52:39] - 3.3719 	 	 0.4727 	 3.7551 	 0.2335
[2025/10/05 20:55:04] - 79 	 139.2 	 	 0.1000 	 4.9825 	 0.3158
[2025/10/05 20:55:04] - ==> Building model..
[2025/10/05 20:55:57] - Test Loss 	 Test Acc 	 PGD Loss 	 PGD Acc
[2025/10/05 20:55:57] - 3.3721 	 	 0.4728 	 3.7548 	 0.2341
[2025/10/05 20:58:22] - 80 	 139.8 	 	 0.1000 	 4.9822 	 0.3144
[2025/10/05 20:58:22] - ==> Building model..
[2025/10/05 20:59:16] - Test Loss 	 Test Acc 	 PGD Loss 	 PGD Acc
[2025/10/05 20:59:16] - 3.3714 	 	 0.4732 	 3.7542 	 0.2354
[2025/10/05 21:01:41] - 81 	 139.1 	 	 0.1000 	 4.9820 	 0.3160
[2025/10/05 21:01:41] - ==> Building model..
[2025/10/05 21:02:35] - Test Loss 	 Test Acc 	 PGD Loss 	 PGD Acc
[2025/10/05 21:02:35] - 3.3716 	 	 0.4732 	 3.7545 	 0.2350
[2025/10/05 21:04:59] - 82 	 139.2 	 	 0.1000 	 4.9813 	 0.3166
[2025/10/05 21:04:59] - ==> Building model..
[2025/10/05 21:05:53] - Test Loss 	 Test Acc 	 PGD Loss 	 PGD Acc
[2025/10/05 21:05:53] - 3.3711 	 	 0.4727 	 3.7536 	 0.2356
[2025/10/05 21:08:18] - 83 	 139.1 	 	 0.1000 	 4.9824 	 0.3161
[2025/10/05 21:08:18] - ==> Building model..
[2025/10/05 21:09:12] - Test Loss 	 Test Acc 	 PGD Loss 	 PGD Acc
[2025/10/05 21:09:12] - 3.3712 	 	 0.4730 	 3.7541 	 0.2362
[2025/10/05 21:11:36] - 84 	 138.9 	 	 0.1000 	 4.9815 	 0.3166
[2025/10/05 21:11:36] - ==> Building model..
[2025/10/05 21:12:29] - Test Loss 	 Test Acc 	 PGD Loss 	 PGD Acc
[2025/10/05 21:12:29] - 3.3711 	 	 0.4723 	 3.7537 	 0.2356
[2025/10/05 21:14:53] - 85 	 139.1 	 	 0.1000 	 4.9813 	 0.3180
[2025/10/05 21:14:53] - ==> Building model..
[2025/10/05 21:15:47] - Test Loss 	 Test Acc 	 PGD Loss 	 PGD Acc
[2025/10/05 21:15:47] - 3.3711 	 	 0.4719 	 3.7535 	 0.2361
[2025/10/05 21:18:11] - 86 	 139.2 	 	 0.1000 	 4.9807 	 0.3176
[2025/10/05 21:18:11] - ==> Building model..
[2025/10/05 21:19:04] - Test Loss 	 Test Acc 	 PGD Loss 	 PGD Acc
[2025/10/05 21:19:04] - 3.3705 	 	 0.4734 	 3.7536 	 0.2359
[2025/10/05 21:21:28] - 87 	 139.1 	 	 0.1000 	 4.9809 	 0.3173
[2025/10/05 21:21:28] - ==> Building model..
[2025/10/05 21:22:22] - Test Loss 	 Test Acc 	 PGD Loss 	 PGD Acc
[2025/10/05 21:22:22] - 3.3709 	 	 0.4732 	 3.7537 	 0.2364
[2025/10/05 21:24:48] - 88 	 139.9 	 	 0.1000 	 4.9812 	 0.3163
[2025/10/05 21:24:48] - ==> Building model..
[2025/10/05 21:25:42] - Test Loss 	 Test Acc 	 PGD Loss 	 PGD Acc
[2025/10/05 21:25:42] - 3.3691 	 	 0.4735 	 3.7524 	 0.2359
[2025/10/05 21:28:06] - 89 	 139.5 	 	 0.1000 	 4.9808 	 0.3171
[2025/10/05 21:28:06] - ==> Building model..
[2025/10/05 21:29:00] - Test Loss 	 Test Acc 	 PGD Loss 	 PGD Acc
[2025/10/05 21:29:00] - 3.3686 	 	 0.4747 	 3.7525 	 0.2367
[2025/10/05 21:31:26] - 90 	 140.0 	 	 0.1000 	 4.9805 	 0.3186
[2025/10/05 21:31:26] - ==> Building model..
[2025/10/05 21:32:20] - Test Loss 	 Test Acc 	 PGD Loss 	 PGD Acc
[2025/10/05 21:32:20] - 3.3683 	 	 0.4746 	 3.7525 	 0.2365
[2025/10/05 21:34:44] - 91 	 139.1 	 	 0.1000 	 4.9807 	 0.3177
[2025/10/05 21:34:44] - ==> Building model..
[2025/10/05 21:35:38] - Test Loss 	 Test Acc 	 PGD Loss 	 PGD Acc
[2025/10/05 21:35:38] - 3.3683 	 	 0.4758 	 3.7524 	 0.2369
[2025/10/05 21:38:02] - 92 	 139.2 	 	 0.1000 	 4.9818 	 0.3157
[2025/10/05 21:38:02] - ==> Building model..
[2025/10/05 21:38:56] - Test Loss 	 Test Acc 	 PGD Loss 	 PGD Acc
[2025/10/05 21:38:56] - 3.3678 	 	 0.4752 	 3.7521 	 0.2366
[2025/10/05 21:41:20] - 93 	 139.0 	 	 0.1000 	 4.9804 	 0.3176
[2025/10/05 21:41:20] - ==> Building model..
[2025/10/05 21:42:13] - Test Loss 	 Test Acc 	 PGD Loss 	 PGD Acc
[2025/10/05 21:42:13] - 3.3676 	 	 0.4752 	 3.7521 	 0.2364
[2025/10/05 21:44:37] - 94 	 139.2 	 	 0.1000 	 4.9813 	 0.3185
[2025/10/05 21:44:37] - ==> Building model..
[2025/10/05 21:45:31] - Test Loss 	 Test Acc 	 PGD Loss 	 PGD Acc
[2025/10/05 21:45:31] - 3.3689 	 	 0.4763 	 3.7536 	 0.2359
[2025/10/05 21:47:56] - 95 	 139.5 	 	 0.1000 	 4.9813 	 0.3168
[2025/10/05 21:47:56] - ==> Building model..
[2025/10/05 21:48:49] - Test Loss 	 Test Acc 	 PGD Loss 	 PGD Acc
[2025/10/05 21:48:49] - 3.3709 	 	 0.4758 	 3.7558 	 0.2376
[2025/10/05 21:51:14] - 96 	 139.2 	 	 0.1000 	 4.9807 	 0.3178
[2025/10/05 21:51:14] - ==> Building model..
[2025/10/05 21:52:07] - Test Loss 	 Test Acc 	 PGD Loss 	 PGD Acc
[2025/10/05 21:52:07] - 3.3720 	 	 0.4768 	 3.7571 	 0.2378
[2025/10/05 21:54:32] - 97 	 139.3 	 	 0.1000 	 4.9811 	 0.3170
[2025/10/05 21:54:32] - ==> Building model..
[2025/10/05 21:55:26] - Test Loss 	 Test Acc 	 PGD Loss 	 PGD Acc
[2025/10/05 21:55:26] - 3.3734 	 	 0.4764 	 3.7592 	 0.2383
[2025/10/05 21:57:51] - 98 	 139.4 	 	 0.1000 	 4.9802 	 0.3185
[2025/10/05 21:57:51] - ==> Building model..
[2025/10/05 21:58:45] - Test Loss 	 Test Acc 	 PGD Loss 	 PGD Acc
[2025/10/05 21:58:45] - 3.3767 	 	 0.4761 	 3.7631 	 0.2393
[2025/10/05 22:01:09] - 99 	 138.6 	 	 0.0100 	 4.8822 	 0.4435
[2025/10/05 22:01:09] - ==> Building model..
[2025/10/05 22:02:03] - Test Loss 	 Test Acc 	 PGD Loss 	 PGD Acc
[2025/10/05 22:02:03] - 3.3765 	 	 0.4767 	 3.7632 	 0.2390
[2025/10/05 22:04:26] - 100 	 138.3 	 	 0.0100 	 4.8146 	 0.5385
[2025/10/05 22:04:26] - ==> Building model..
[2025/10/05 22:05:20] - Test Loss 	 Test Acc 	 PGD Loss 	 PGD Acc
[2025/10/05 22:05:20] - 3.3765 	 	 0.4767 	 3.7630 	 0.2390
[2025/10/05 22:07:43] - 101 	 138.1 	 	 0.0100 	 4.7885 	 0.5780
[2025/10/05 22:07:43] - ==> Building model..
[2025/10/05 22:08:36] - Test Loss 	 Test Acc 	 PGD Loss 	 PGD Acc
[2025/10/05 22:08:36] - 3.3765 	 	 0.4767 	 3.7626 	 0.2390
[2025/10/05 22:10:59] - 102 	 137.8 	 	 0.0100 	 4.7667 	 0.6156
[2025/10/05 22:10:59] - ==> Building model..
[2025/10/05 22:11:53] - Test Loss 	 Test Acc 	 PGD Loss 	 PGD Acc
[2025/10/05 22:11:53] - 3.3765 	 	 0.4767 	 3.7631 	 0.2388
[2025/10/05 22:14:16] - 103 	 138.2 	 	 0.0100 	 4.7486 	 0.6460
[2025/10/05 22:14:16] - ==> Building model..
[2025/10/05 22:15:10] - Test Loss 	 Test Acc 	 PGD Loss 	 PGD Acc
[2025/10/05 22:15:10] - 3.3765 	 	 0.4767 	 3.7630 	 0.2386
[2025/10/05 22:17:34] - 104 	 138.7 	 	 0.0010 	 4.7015 	 0.7241
[2025/10/05 22:17:34] - ==> Building model..
[2025/10/05 22:18:27] - Test Loss 	 Test Acc 	 PGD Loss 	 PGD Acc
[2025/10/05 22:18:27] - 3.3765 	 	 0.4767 	 3.7632 	 0.2383
[2025/10/05 22:20:51] - 105 	 138.5 	 	 0.0010 	 4.6803 	 0.7579
[2025/10/05 22:20:51] - ==> Building model..
[2025/10/05 22:21:45] - Test Loss 	 Test Acc 	 PGD Loss 	 PGD Acc
[2025/10/05 22:21:45] - 3.3765 	 	 0.4767 	 3.7630 	 0.2389
[2025/10/05 22:24:08] - 106 	 137.7 	 	 0.0010 	 4.6742 	 0.7654
[2025/10/05 22:24:08] - ==> Building model..
[2025/10/05 22:25:03] - Test Loss 	 Test Acc 	 PGD Loss 	 PGD Acc
[2025/10/05 22:25:03] - 3.3765 	 	 0.4767 	 3.7628 	 0.2393
[2025/10/05 22:27:27] - 107 	 138.3 	 	 0.0010 	 4.6693 	 0.7746
[2025/10/05 22:27:27] - ==> Building model..
[2025/10/05 22:28:21] - Test Loss 	 Test Acc 	 PGD Loss 	 PGD Acc
[2025/10/05 22:28:21] - 3.3765 	 	 0.4767 	 3.7626 	 0.2386
[2025/10/05 22:30:44] - 108 	 138.3 	 	 0.0010 	 4.6646 	 0.7832
[2025/10/05 22:30:44] - ==> Building model..
[2025/10/05 22:31:39] - Test Loss 	 Test Acc 	 PGD Loss 	 PGD Acc
[2025/10/05 22:31:39] - 3.3765 	 	 0.4767 	 3.7631 	 0.2389
[2025/10/05 22:34:02] - 109 	 138.3 	 	 0.0010 	 4.6602 	 0.7897
[2025/10/05 22:34:02] - ==> Building model..
[2025/10/05 22:34:57] - Test Loss 	 Test Acc 	 PGD Loss 	 PGD Acc
[2025/10/05 22:34:57] - 3.3765 	 	 0.4767 	 3.7629 	 0.2389
[2025/10/05 22:34:57] - [0.062, 0.137, 0.1849, 0.2118, 0.2287, 0.2432, 0.2633, 0.2962, 0.3253, 0.3487, 0.3648, 0.3732, 0.3832, 0.391, 0.3969, 0.4025, 0.4075, 0.4131, 0.4159, 0.4189, 0.4205, 0.4261, 0.4289, 0.4323, 0.4358, 0.4371, 0.4404, 0.4442, 0.4451, 0.4463, 0.447, 0.4487, 0.4495, 0.45, 0.4498, 0.4525, 0.4542, 0.4557, 0.4575, 0.4575, 0.4593, 0.4604, 0.4626, 0.4617, 0.4645, 0.4638, 0.463, 0.4639, 0.4629, 0.465, 0.4659, 0.466, 0.4674, 0.4669, 0.4671, 0.4677, 0.4675, 0.468, 0.4679, 0.4689, 0.4683, 0.4677, 0.4679, 0.4674, 0.4686, 0.4681, 0.4675, 0.4681, 0.468, 0.4691, 0.4694, 0.4693, 0.4709, 0.472, 0.4712, 0.4719, 0.4721, 0.4723, 0.4727, 0.4728, 0.4732, 0.4732, 0.4727, 0.473, 0.4723, 0.4719, 0.4734, 0.4732, 0.4735, 0.4747, 0.4746, 0.4758, 0.4752, 0.4752, 0.4763, 0.4758, 0.4768, 0.4764, 0.4761, 0.4767, 0.4767, 0.4767, 0.4767, 0.4767, 0.4767, 0.4767, 0.4767, 0.4767, 0.4767, 0.4767]
[2025/10/05 22:34:57] - [0.0339, 0.072, 0.098, 0.1094, 0.114, 0.1207, 0.1323, 0.1512, 0.1621, 0.1748, 0.1829, 0.1902, 0.1938, 0.198, 0.2005, 0.2034, 0.206, 0.2091, 0.2094, 0.2098, 0.2111, 0.2135, 0.2147, 0.2165, 0.2175, 0.2191, 0.2201, 0.2215, 0.223, 0.2238, 0.2236, 0.2247, 0.2256, 0.2251, 0.2263, 0.2274, 0.2265, 0.2273, 0.2258, 0.2274, 0.2267, 0.2268, 0.2287, 0.2296, 0.2303, 0.2304, 0.2303, 0.231, 0.2307, 0.2305, 0.2308, 0.2316, 0.2314, 0.2319, 0.2318, 0.2322, 0.2322, 0.234, 0.2344, 0.2339, 0.234, 0.2349, 0.2348, 0.2346, 0.2349, 0.2352, 0.234, 0.2341, 0.2336, 0.2333, 0.2329, 0.234, 0.2341, 0.2339, 0.2335, 0.2327, 0.2339, 0.2329, 0.2335, 0.2341, 0.2354, 0.235, 0.2356, 0.2362, 0.2356, 0.2361, 0.2359, 0.2364, 0.2359, 0.2367, 0.2365, 0.2369, 0.2366, 0.2364, 0.2359, 0.2376, 0.2378, 0.2383, 0.2393, 0.239, 0.239, 0.239, 0.2388, 0.2386, 0.2383, 0.2389, 0.2393, 0.2386, 0.2389, 0.2389]
