[2025/10/18 23:24:51] - Namespace(batch_size=128, data_dir='cifar-data', epochs=110, lr_schedule='multistep', lr_min=0.0, lr_max=0.2, weight_decay=0.0005, momentum=0.9, model='ResNet18', epsilon=8, alpha=8, delta_init='random', normal_mean=0, normal_std=1, out_dir='runs/beta_0.4/lam_42/lscale_0.12/seed_2', seed=2, lamda=42.0, lam_scale=0.12, lam_start=50, gamma=0.05, inner_gamma=0.05, beta=0.4, mu=3.5, batch_m=0.75, early_stop=False, factor=0.5, length=4, n_holes=1, c_num=0.125, EMA_value=0.55)
[2025/10/18 23:24:53] - ==> Building model..
[2025/10/18 23:24:53] - Epoch 	 Seconds 	 LR 	 	 Train Loss 	 Train Acc
[2025/10/18 23:25:44] - 0 	 27.1 	 	 0.2000 	 4.5649 	 0.0400
[2025/10/18 23:25:44] - ==> Building model..
[2025/10/18 23:26:09] - Test Loss 	 Test Acc 	 PGD Loss 	 PGD Acc
[2025/10/18 23:26:09] - 4.2303 	 	 0.0876 	 4.2434 	 0.0595
[2025/10/18 23:27:01] - 1 	 27.0 	 	 0.2000 	 4.4568 	 0.0786
[2025/10/18 23:27:01] - ==> Building model..
[2025/10/18 23:27:27] - Test Loss 	 Test Acc 	 PGD Loss 	 PGD Acc
[2025/10/18 23:27:27] - 4.0633 	 	 0.1400 	 4.0906 	 0.0893
[2025/10/18 23:28:17] - 2 	 26.1 	 	 0.2000 	 4.4013 	 0.1083
[2025/10/18 23:28:17] - ==> Building model..
[2025/10/18 23:28:42] - Test Loss 	 Test Acc 	 PGD Loss 	 PGD Acc
[2025/10/18 23:28:42] - 3.9566 	 	 0.1790 	 3.9983 	 0.1123
[2025/10/18 23:29:35] - 3 	 27.3 	 	 0.2000 	 4.3534 	 0.1298
[2025/10/18 23:29:35] - ==> Building model..
[2025/10/18 23:30:00] - Test Loss 	 Test Acc 	 PGD Loss 	 PGD Acc
[2025/10/18 23:30:00] - 3.7293 	 	 0.2331 	 3.8005 	 0.1410
[2025/10/18 23:30:52] - 4 	 27.4 	 	 0.2000 	 4.3107 	 0.1506
[2025/10/18 23:30:52] - ==> Building model..
[2025/10/18 23:31:17] - Test Loss 	 Test Acc 	 PGD Loss 	 PGD Acc
[2025/10/18 23:31:17] - 3.5620 	 	 0.2782 	 3.6585 	 0.1657
[2025/10/18 23:32:09] - 5 	 27.4 	 	 0.2000 	 4.2719 	 0.1715
[2025/10/18 23:32:09] - ==> Building model..
[2025/10/18 23:32:35] - Test Loss 	 Test Acc 	 PGD Loss 	 PGD Acc
[2025/10/18 23:32:35] - 3.3449 	 	 0.3242 	 3.4765 	 0.1838
[2025/10/18 23:33:28] - 6 	 28.0 	 	 0.2000 	 4.2414 	 0.1909
[2025/10/18 23:33:28] - ==> Building model..
[2025/10/18 23:33:53] - Test Loss 	 Test Acc 	 PGD Loss 	 PGD Acc
[2025/10/18 23:33:53] - 3.1842 	 	 0.3553 	 3.3401 	 0.1971
[2025/10/18 23:34:45] - 7 	 27.7 	 	 0.2000 	 4.2199 	 0.1989
[2025/10/18 23:34:45] - ==> Building model..
[2025/10/18 23:35:10] - Test Loss 	 Test Acc 	 PGD Loss 	 PGD Acc
[2025/10/18 23:35:10] - 3.0494 	 	 0.3845 	 3.2319 	 0.2086
[2025/10/18 23:36:03] - 8 	 28.0 	 	 0.2000 	 4.2026 	 0.2111
[2025/10/18 23:36:03] - ==> Building model..
[2025/10/18 23:36:27] - Test Loss 	 Test Acc 	 PGD Loss 	 PGD Acc
[2025/10/18 23:36:27] - 2.9669 	 	 0.3994 	 3.1657 	 0.2183
[2025/10/18 23:37:21] - 9 	 28.8 	 	 0.2000 	 4.1890 	 0.2175
[2025/10/18 23:37:21] - ==> Building model..
[2025/10/18 23:37:45] - Test Loss 	 Test Acc 	 PGD Loss 	 PGD Acc
[2025/10/18 23:37:45] - 2.9104 	 	 0.4158 	 3.1223 	 0.2240
[2025/10/18 23:38:38] - 10 	 28.7 	 	 0.2000 	 4.1782 	 0.2221
[2025/10/18 23:38:38] - ==> Building model..
[2025/10/18 23:39:03] - Test Loss 	 Test Acc 	 PGD Loss 	 PGD Acc
[2025/10/18 23:39:03] - 2.8625 	 	 0.4312 	 3.0881 	 0.2313
[2025/10/18 23:39:57] - 11 	 29.1 	 	 0.2000 	 4.1681 	 0.2311
[2025/10/18 23:39:57] - ==> Building model..
[2025/10/18 23:40:21] - Test Loss 	 Test Acc 	 PGD Loss 	 PGD Acc
[2025/10/18 23:40:21] - 2.8242 	 	 0.4372 	 3.0568 	 0.2354
[2025/10/18 23:41:15] - 12 	 28.7 	 	 0.2000 	 4.1607 	 0.2338
[2025/10/18 23:41:15] - ==> Building model..
[2025/10/18 23:41:39] - Test Loss 	 Test Acc 	 PGD Loss 	 PGD Acc
[2025/10/18 23:41:39] - 2.8021 	 	 0.4433 	 3.0418 	 0.2379
[2025/10/18 23:42:33] - 13 	 28.6 	 	 0.2000 	 4.1530 	 0.2372
[2025/10/18 23:42:33] - ==> Building model..
[2025/10/18 23:42:56] - Test Loss 	 Test Acc 	 PGD Loss 	 PGD Acc
[2025/10/18 23:42:56] - 2.7725 	 	 0.4492 	 3.0189 	 0.2418
[2025/10/18 23:43:51] - 14 	 28.8 	 	 0.2000 	 4.1485 	 0.2405
[2025/10/18 23:43:51] - ==> Building model..
[2025/10/18 23:44:14] - Test Loss 	 Test Acc 	 PGD Loss 	 PGD Acc
[2025/10/18 23:44:14] - 2.7513 	 	 0.4563 	 3.0037 	 0.2451
[2025/10/18 23:45:08] - 15 	 29.3 	 	 0.2000 	 4.1432 	 0.2445
[2025/10/18 23:45:08] - ==> Building model..
[2025/10/18 23:45:33] - Test Loss 	 Test Acc 	 PGD Loss 	 PGD Acc
[2025/10/18 23:45:33] - 2.7253 	 	 0.4618 	 2.9838 	 0.2480
[2025/10/18 23:46:28] - 16 	 29.0 	 	 0.2000 	 4.1374 	 0.2477
[2025/10/18 23:46:28] - ==> Building model..
[2025/10/18 23:46:51] - Test Loss 	 Test Acc 	 PGD Loss 	 PGD Acc
[2025/10/18 23:46:51] - 2.7081 	 	 0.4655 	 2.9710 	 0.2488
[2025/10/18 23:47:46] - 17 	 29.5 	 	 0.2000 	 4.1353 	 0.2461
[2025/10/18 23:47:46] - ==> Building model..
[2025/10/18 23:48:10] - Test Loss 	 Test Acc 	 PGD Loss 	 PGD Acc
[2025/10/18 23:48:10] - 2.6887 	 	 0.4725 	 2.9556 	 0.2538
[2025/10/18 23:49:04] - 18 	 28.7 	 	 0.2000 	 4.1300 	 0.2527
[2025/10/18 23:49:04] - ==> Building model..
[2025/10/18 23:49:28] - Test Loss 	 Test Acc 	 PGD Loss 	 PGD Acc
[2025/10/18 23:49:28] - 2.6740 	 	 0.4750 	 2.9448 	 0.2537
[2025/10/18 23:50:22] - 19 	 28.9 	 	 0.2000 	 4.1273 	 0.2570
[2025/10/18 23:50:22] - ==> Building model..
[2025/10/18 23:50:46] - Test Loss 	 Test Acc 	 PGD Loss 	 PGD Acc
[2025/10/18 23:50:46] - 2.6623 	 	 0.4764 	 2.9365 	 0.2562
[2025/10/18 23:51:40] - 20 	 28.8 	 	 0.2000 	 4.1242 	 0.2567
[2025/10/18 23:51:40] - ==> Building model..
[2025/10/18 23:52:04] - Test Loss 	 Test Acc 	 PGD Loss 	 PGD Acc
[2025/10/18 23:52:04] - 2.6553 	 	 0.4813 	 2.9312 	 0.2574
[2025/10/18 23:52:59] - 21 	 28.9 	 	 0.2000 	 4.1225 	 0.2550
[2025/10/18 23:52:59] - ==> Building model..
[2025/10/18 23:53:23] - Test Loss 	 Test Acc 	 PGD Loss 	 PGD Acc
[2025/10/18 23:53:23] - 2.6454 	 	 0.4821 	 2.9236 	 0.2587
[2025/10/18 23:54:17] - 22 	 28.6 	 	 0.2000 	 4.1208 	 0.2581
[2025/10/18 23:54:17] - ==> Building model..
[2025/10/18 23:54:40] - Test Loss 	 Test Acc 	 PGD Loss 	 PGD Acc
[2025/10/18 23:54:40] - 2.6405 	 	 0.4849 	 2.9200 	 0.2605
[2025/10/18 23:55:34] - 23 	 28.5 	 	 0.2000 	 4.1199 	 0.2570
[2025/10/18 23:55:34] - ==> Building model..
[2025/10/18 23:55:58] - Test Loss 	 Test Acc 	 PGD Loss 	 PGD Acc
[2025/10/18 23:55:58] - 2.6350 	 	 0.4872 	 2.9172 	 0.2623
[2025/10/18 23:56:52] - 24 	 28.8 	 	 0.2000 	 4.1147 	 0.2633
[2025/10/18 23:56:52] - ==> Building model..
[2025/10/18 23:57:17] - Test Loss 	 Test Acc 	 PGD Loss 	 PGD Acc
[2025/10/18 23:57:17] - 2.6294 	 	 0.4894 	 2.9127 	 0.2645
[2025/10/18 23:58:10] - 25 	 27.6 	 	 0.2000 	 4.1146 	 0.2618
[2025/10/18 23:58:10] - ==> Building model..
[2025/10/18 23:58:35] - Test Loss 	 Test Acc 	 PGD Loss 	 PGD Acc
[2025/10/18 23:58:35] - 2.6282 	 	 0.4918 	 2.9123 	 0.2636
[2025/10/18 23:59:27] - 26 	 27.8 	 	 0.2000 	 4.1139 	 0.2629
[2025/10/18 23:59:27] - ==> Building model..
[2025/10/18 23:59:51] - Test Loss 	 Test Acc 	 PGD Loss 	 PGD Acc
[2025/10/18 23:59:51] - 2.6253 	 	 0.4909 	 2.9093 	 0.2639
[2025/10/19 00:00:43] - 27 	 27.2 	 	 0.2000 	 4.1107 	 0.2622
[2025/10/19 00:00:43] - ==> Building model..
[2025/10/19 00:01:06] - Test Loss 	 Test Acc 	 PGD Loss 	 PGD Acc
[2025/10/19 00:01:06] - 2.6243 	 	 0.4918 	 2.9097 	 0.2646
[2025/10/19 00:01:58] - 28 	 27.1 	 	 0.2000 	 4.1079 	 0.2662
[2025/10/19 00:01:58] - ==> Building model..
[2025/10/19 00:02:22] - Test Loss 	 Test Acc 	 PGD Loss 	 PGD Acc
[2025/10/19 00:02:22] - 2.6141 	 	 0.4940 	 2.9014 	 0.2674
[2025/10/19 00:03:15] - 29 	 27.5 	 	 0.2000 	 4.1081 	 0.2651
[2025/10/19 00:03:15] - ==> Building model..
[2025/10/19 00:03:39] - Test Loss 	 Test Acc 	 PGD Loss 	 PGD Acc
[2025/10/19 00:03:39] - 2.6047 	 	 0.4969 	 2.8942 	 0.2705
[2025/10/19 00:04:31] - 30 	 27.0 	 	 0.2000 	 4.1058 	 0.2681
[2025/10/19 00:04:31] - ==> Building model..
[2025/10/19 00:04:56] - Test Loss 	 Test Acc 	 PGD Loss 	 PGD Acc
[2025/10/19 00:04:56] - 2.5987 	 	 0.4975 	 2.8897 	 0.2708
[2025/10/19 00:05:48] - 31 	 27.5 	 	 0.2000 	 4.1045 	 0.2683
[2025/10/19 00:05:48] - ==> Building model..
[2025/10/19 00:06:13] - Test Loss 	 Test Acc 	 PGD Loss 	 PGD Acc
[2025/10/19 00:06:13] - 2.5938 	 	 0.4999 	 2.8868 	 0.2708
[2025/10/19 00:07:04] - 32 	 26.6 	 	 0.2000 	 4.1053 	 0.2671
[2025/10/19 00:07:04] - ==> Building model..
[2025/10/19 00:07:29] - Test Loss 	 Test Acc 	 PGD Loss 	 PGD Acc
[2025/10/19 00:07:29] - 2.5909 	 	 0.5005 	 2.8847 	 0.2712
[2025/10/19 00:08:20] - 33 	 26.5 	 	 0.2000 	 4.1019 	 0.2701
[2025/10/19 00:08:20] - ==> Building model..
[2025/10/19 00:08:44] - Test Loss 	 Test Acc 	 PGD Loss 	 PGD Acc
[2025/10/19 00:08:44] - 2.5866 	 	 0.5002 	 2.8806 	 0.2708
[2025/10/19 00:09:34] - 34 	 25.8 	 	 0.2000 	 4.1032 	 0.2673
[2025/10/19 00:09:34] - ==> Building model..
[2025/10/19 00:09:58] - Test Loss 	 Test Acc 	 PGD Loss 	 PGD Acc
[2025/10/19 00:09:58] - 2.5824 	 	 0.5019 	 2.8771 	 0.2730
[2025/10/19 00:10:49] - 35 	 25.9 	 	 0.2000 	 4.0999 	 0.2696
[2025/10/19 00:10:49] - ==> Building model..
[2025/10/19 00:11:13] - Test Loss 	 Test Acc 	 PGD Loss 	 PGD Acc
[2025/10/19 00:11:13] - 2.5798 	 	 0.5038 	 2.8756 	 0.2730
[2025/10/19 00:12:05] - 36 	 26.7 	 	 0.2000 	 4.1012 	 0.2702
[2025/10/19 00:12:05] - ==> Building model..
[2025/10/19 00:12:29] - Test Loss 	 Test Acc 	 PGD Loss 	 PGD Acc
[2025/10/19 00:12:29] - 2.5807 	 	 0.5039 	 2.8762 	 0.2721
[2025/10/19 00:13:23] - 37 	 27.6 	 	 0.2000 	 4.0991 	 0.2708
[2025/10/19 00:13:23] - ==> Building model..
[2025/10/19 00:13:46] - Test Loss 	 Test Acc 	 PGD Loss 	 PGD Acc
[2025/10/19 00:13:46] - 2.5777 	 	 0.5054 	 2.8737 	 0.2729
[2025/10/19 00:14:38] - 38 	 27.3 	 	 0.2000 	 4.0975 	 0.2719
[2025/10/19 00:14:38] - ==> Building model..
[2025/10/19 00:15:02] - Test Loss 	 Test Acc 	 PGD Loss 	 PGD Acc
[2025/10/19 00:15:02] - 2.5761 	 	 0.5063 	 2.8724 	 0.2726
[2025/10/19 00:15:54] - 39 	 26.9 	 	 0.2000 	 4.0988 	 0.2714
[2025/10/19 00:15:54] - ==> Building model..
[2025/10/19 00:16:17] - Test Loss 	 Test Acc 	 PGD Loss 	 PGD Acc
[2025/10/19 00:16:17] - 2.5784 	 	 0.5048 	 2.8740 	 0.2727
[2025/10/19 00:17:10] - 40 	 27.4 	 	 0.2000 	 4.0959 	 0.2737
[2025/10/19 00:17:10] - ==> Building model..
[2025/10/19 00:17:33] - Test Loss 	 Test Acc 	 PGD Loss 	 PGD Acc
[2025/10/19 00:17:33] - 2.5729 	 	 0.5049 	 2.8697 	 0.2729
[2025/10/19 00:18:25] - 41 	 27.8 	 	 0.2000 	 4.0952 	 0.2732
[2025/10/19 00:18:25] - ==> Building model..
[2025/10/19 00:18:48] - Test Loss 	 Test Acc 	 PGD Loss 	 PGD Acc
[2025/10/19 00:18:48] - 2.5742 	 	 0.5069 	 2.8713 	 0.2728
[2025/10/19 00:19:41] - 42 	 27.8 	 	 0.2000 	 4.0953 	 0.2710
[2025/10/19 00:19:41] - ==> Building model..
[2025/10/19 00:20:04] - Test Loss 	 Test Acc 	 PGD Loss 	 PGD Acc
[2025/10/19 00:20:04] - 2.5724 	 	 0.5076 	 2.8710 	 0.2737
[2025/10/19 00:20:57] - 43 	 28.0 	 	 0.2000 	 4.0941 	 0.2743
[2025/10/19 00:20:57] - ==> Building model..
[2025/10/19 00:21:19] - Test Loss 	 Test Acc 	 PGD Loss 	 PGD Acc
[2025/10/19 00:21:19] - 2.5708 	 	 0.5082 	 2.8699 	 0.2741
[2025/10/19 00:22:11] - 44 	 27.2 	 	 0.2000 	 4.0938 	 0.2709
[2025/10/19 00:22:11] - ==> Building model..
[2025/10/19 00:22:34] - Test Loss 	 Test Acc 	 PGD Loss 	 PGD Acc
[2025/10/19 00:22:34] - 2.5692 	 	 0.5093 	 2.8692 	 0.2763
[2025/10/19 00:23:28] - 45 	 28.2 	 	 0.2000 	 4.0933 	 0.2747
[2025/10/19 00:23:28] - ==> Building model..
[2025/10/19 00:23:51] - Test Loss 	 Test Acc 	 PGD Loss 	 PGD Acc
[2025/10/19 00:23:51] - 2.5675 	 	 0.5099 	 2.8669 	 0.2758
[2025/10/19 00:24:44] - 46 	 28.0 	 	 0.2000 	 4.0928 	 0.2744
[2025/10/19 00:24:44] - ==> Building model..
[2025/10/19 00:25:06] - Test Loss 	 Test Acc 	 PGD Loss 	 PGD Acc
[2025/10/19 00:25:06] - 2.5644 	 	 0.5112 	 2.8643 	 0.2751
[2025/10/19 00:26:00] - 47 	 28.0 	 	 0.2000 	 4.0910 	 0.2761
[2025/10/19 00:26:00] - ==> Building model..
[2025/10/19 00:26:23] - Test Loss 	 Test Acc 	 PGD Loss 	 PGD Acc
[2025/10/19 00:26:23] - 2.5604 	 	 0.5116 	 2.8611 	 0.2765
[2025/10/19 00:27:16] - 48 	 27.3 	 	 0.2000 	 4.0931 	 0.2744
[2025/10/19 00:27:16] - ==> Building model..
[2025/10/19 00:27:38] - Test Loss 	 Test Acc 	 PGD Loss 	 PGD Acc
[2025/10/19 00:27:38] - 2.5573 	 	 0.5133 	 2.8587 	 0.2770
[2025/10/19 00:28:32] - 49 	 27.6 	 	 0.2000 	 4.0915 	 0.2772
[2025/10/19 00:28:32] - ==> Building model..
[2025/10/19 00:28:54] - Test Loss 	 Test Acc 	 PGD Loss 	 PGD Acc
[2025/10/19 00:28:54] - 2.5567 	 	 0.5134 	 2.8584 	 0.2769
[2025/10/19 00:29:47] - 50 	 27.8 	 	 0.2000 	 4.0917 	 0.2755
[2025/10/19 00:29:47] - ==> Building model..
[2025/10/19 00:30:09] - Test Loss 	 Test Acc 	 PGD Loss 	 PGD Acc
[2025/10/19 00:30:09] - 2.5553 	 	 0.5136 	 2.8567 	 0.2764
[2025/10/19 00:31:04] - 51 	 28.9 	 	 0.2000 	 4.0917 	 0.2764
[2025/10/19 00:31:04] - ==> Building model..
[2025/10/19 00:31:28] - Test Loss 	 Test Acc 	 PGD Loss 	 PGD Acc
[2025/10/19 00:31:28] - 2.5537 	 	 0.5144 	 2.8551 	 0.2784
[2025/10/19 00:32:21] - 52 	 27.5 	 	 0.2000 	 4.0914 	 0.2754
[2025/10/19 00:32:21] - ==> Building model..
[2025/10/19 00:32:42] - Test Loss 	 Test Acc 	 PGD Loss 	 PGD Acc
[2025/10/19 00:32:42] - 2.5566 	 	 0.5144 	 2.8580 	 0.2796
[2025/10/19 00:33:34] - 53 	 27.7 	 	 0.2000 	 4.0908 	 0.2778
[2025/10/19 00:33:34] - ==> Building model..
[2025/10/19 00:33:57] - Test Loss 	 Test Acc 	 PGD Loss 	 PGD Acc
[2025/10/19 00:33:57] - 2.5572 	 	 0.5140 	 2.8586 	 0.2798
[2025/10/19 00:34:49] - 54 	 27.8 	 	 0.2000 	 4.0906 	 0.2763
[2025/10/19 00:34:49] - ==> Building model..
[2025/10/19 00:35:12] - Test Loss 	 Test Acc 	 PGD Loss 	 PGD Acc
[2025/10/19 00:35:12] - 2.5595 	 	 0.5133 	 2.8605 	 0.2804
[2025/10/19 00:36:03] - 55 	 27.8 	 	 0.2000 	 4.0947 	 0.2739
[2025/10/19 00:36:03] - ==> Building model..
[2025/10/19 00:36:25] - Test Loss 	 Test Acc 	 PGD Loss 	 PGD Acc
[2025/10/19 00:36:25] - 2.5638 	 	 0.5128 	 2.8631 	 0.2799
[2025/10/19 00:37:18] - 56 	 27.4 	 	 0.2000 	 4.0934 	 0.2756
[2025/10/19 00:37:18] - ==> Building model..
[2025/10/19 00:37:40] - Test Loss 	 Test Acc 	 PGD Loss 	 PGD Acc
[2025/10/19 00:37:40] - 2.5661 	 	 0.5133 	 2.8636 	 0.2790
[2025/10/19 00:38:34] - 57 	 28.3 	 	 0.2000 	 4.0942 	 0.2762
[2025/10/19 00:38:34] - ==> Building model..
[2025/10/19 00:38:57] - Test Loss 	 Test Acc 	 PGD Loss 	 PGD Acc
[2025/10/19 00:38:57] - 2.5675 	 	 0.5138 	 2.8640 	 0.2795
[2025/10/19 00:39:51] - 58 	 28.2 	 	 0.2000 	 4.0943 	 0.2765
[2025/10/19 00:39:51] - ==> Building model..
[2025/10/19 00:40:14] - Test Loss 	 Test Acc 	 PGD Loss 	 PGD Acc
[2025/10/19 00:40:14] - 2.5698 	 	 0.5130 	 2.8666 	 0.2808
[2025/10/19 00:41:06] - 59 	 27.8 	 	 0.2000 	 4.0941 	 0.2794
[2025/10/19 00:41:06] - ==> Building model..
[2025/10/19 00:41:28] - Test Loss 	 Test Acc 	 PGD Loss 	 PGD Acc
[2025/10/19 00:41:28] - 2.5712 	 	 0.5136 	 2.8670 	 0.2801
[2025/10/19 00:42:21] - 60 	 27.7 	 	 0.2000 	 4.0960 	 0.2778
[2025/10/19 00:42:21] - ==> Building model..
[2025/10/19 00:42:43] - Test Loss 	 Test Acc 	 PGD Loss 	 PGD Acc
[2025/10/19 00:42:43] - 2.5756 	 	 0.5128 	 2.8695 	 0.2801
[2025/10/19 00:43:36] - 61 	 27.6 	 	 0.2000 	 4.0958 	 0.2763
[2025/10/19 00:43:36] - ==> Building model..
[2025/10/19 00:43:59] - Test Loss 	 Test Acc 	 PGD Loss 	 PGD Acc
[2025/10/19 00:43:59] - 2.5785 	 	 0.5127 	 2.8718 	 0.2807
[2025/10/19 00:44:50] - 62 	 27.3 	 	 0.2000 	 4.0946 	 0.2761
[2025/10/19 00:44:50] - ==> Building model..
[2025/10/19 00:45:14] - Test Loss 	 Test Acc 	 PGD Loss 	 PGD Acc
[2025/10/19 00:45:14] - 2.5812 	 	 0.5133 	 2.8740 	 0.2812
[2025/10/19 00:46:08] - 63 	 28.3 	 	 0.2000 	 4.0931 	 0.2787
[2025/10/19 00:46:08] - ==> Building model..
[2025/10/19 00:46:32] - Test Loss 	 Test Acc 	 PGD Loss 	 PGD Acc
[2025/10/19 00:46:32] - 2.5832 	 	 0.5126 	 2.8752 	 0.2813
[2025/10/19 00:47:24] - 64 	 27.6 	 	 0.2000 	 4.0937 	 0.2787
[2025/10/19 00:47:24] - ==> Building model..
[2025/10/19 00:47:48] - Test Loss 	 Test Acc 	 PGD Loss 	 PGD Acc
[2025/10/19 00:47:48] - 2.5851 	 	 0.5132 	 2.8759 	 0.2810
[2025/10/19 00:48:39] - 65 	 27.4 	 	 0.2000 	 4.0941 	 0.2805
[2025/10/19 00:48:39] - ==> Building model..
[2025/10/19 00:49:02] - Test Loss 	 Test Acc 	 PGD Loss 	 PGD Acc
[2025/10/19 00:49:02] - 2.5858 	 	 0.5151 	 2.8773 	 0.2809
[2025/10/19 00:49:57] - 66 	 28.8 	 	 0.2000 	 4.0942 	 0.2775
[2025/10/19 00:49:57] - ==> Building model..
[2025/10/19 00:50:19] - Test Loss 	 Test Acc 	 PGD Loss 	 PGD Acc
[2025/10/19 00:50:19] - 2.5869 	 	 0.5153 	 2.8780 	 0.2819
[2025/10/19 00:51:12] - 67 	 28.1 	 	 0.2000 	 4.0923 	 0.2795
[2025/10/19 00:51:12] - ==> Building model..
[2025/10/19 00:51:34] - Test Loss 	 Test Acc 	 PGD Loss 	 PGD Acc
[2025/10/19 00:51:34] - 2.5876 	 	 0.5156 	 2.8786 	 0.2821
[2025/10/19 00:52:28] - 68 	 28.0 	 	 0.2000 	 4.0914 	 0.2810
[2025/10/19 00:52:28] - ==> Building model..
[2025/10/19 00:52:51] - Test Loss 	 Test Acc 	 PGD Loss 	 PGD Acc
[2025/10/19 00:52:51] - 2.5893 	 	 0.5154 	 2.8802 	 0.2820
[2025/10/19 00:53:42] - 69 	 27.3 	 	 0.2000 	 4.0945 	 0.2760
[2025/10/19 00:53:42] - ==> Building model..
[2025/10/19 00:54:07] - Test Loss 	 Test Acc 	 PGD Loss 	 PGD Acc
[2025/10/19 00:54:07] - 2.5907 	 	 0.5139 	 2.8805 	 0.2827
[2025/10/19 00:55:01] - 70 	 28.2 	 	 0.2000 	 4.0935 	 0.2766
[2025/10/19 00:55:01] - ==> Building model..
[2025/10/19 00:55:25] - Test Loss 	 Test Acc 	 PGD Loss 	 PGD Acc
[2025/10/19 00:55:25] - 2.5906 	 	 0.5138 	 2.8801 	 0.2830
[2025/10/19 00:56:18] - 71 	 27.3 	 	 0.2000 	 4.0912 	 0.2791
[2025/10/19 00:56:18] - ==> Building model..
[2025/10/19 00:56:42] - Test Loss 	 Test Acc 	 PGD Loss 	 PGD Acc
[2025/10/19 00:56:42] - 2.5894 	 	 0.5145 	 2.8789 	 0.2834
[2025/10/19 00:57:34] - 72 	 26.7 	 	 0.2000 	 4.0925 	 0.2795
[2025/10/19 00:57:34] - ==> Building model..
[2025/10/19 00:57:59] - Test Loss 	 Test Acc 	 PGD Loss 	 PGD Acc
[2025/10/19 00:57:59] - 2.5903 	 	 0.5141 	 2.8797 	 0.2822
[2025/10/19 00:58:51] - 73 	 26.9 	 	 0.2000 	 4.0901 	 0.2827
[2025/10/19 00:58:51] - ==> Building model..
[2025/10/19 00:59:16] - Test Loss 	 Test Acc 	 PGD Loss 	 PGD Acc
[2025/10/19 00:59:16] - 2.5899 	 	 0.5141 	 2.8798 	 0.2836
[2025/10/19 01:00:08] - 74 	 27.4 	 	 0.2000 	 4.0922 	 0.2808
[2025/10/19 01:00:08] - ==> Building model..
[2025/10/19 01:00:33] - Test Loss 	 Test Acc 	 PGD Loss 	 PGD Acc
[2025/10/19 01:00:33] - 2.5913 	 	 0.5145 	 2.8800 	 0.2840
[2025/10/19 01:01:24] - 75 	 26.1 	 	 0.2000 	 4.0922 	 0.2795
[2025/10/19 01:01:24] - ==> Building model..
[2025/10/19 01:01:50] - Test Loss 	 Test Acc 	 PGD Loss 	 PGD Acc
[2025/10/19 01:01:50] - 2.5919 	 	 0.5142 	 2.8810 	 0.2836
[2025/10/19 01:02:41] - 76 	 26.1 	 	 0.2000 	 4.0905 	 0.2817
[2025/10/19 01:02:41] - ==> Building model..
[2025/10/19 01:03:06] - Test Loss 	 Test Acc 	 PGD Loss 	 PGD Acc
[2025/10/19 01:03:06] - 2.5929 	 	 0.5137 	 2.8813 	 0.2851
[2025/10/19 01:03:59] - 77 	 26.8 	 	 0.2000 	 4.0926 	 0.2790
[2025/10/19 01:03:59] - ==> Building model..
[2025/10/19 01:04:25] - Test Loss 	 Test Acc 	 PGD Loss 	 PGD Acc
[2025/10/19 01:04:25] - 2.5933 	 	 0.5145 	 2.8811 	 0.2851
[2025/10/19 01:05:15] - 78 	 25.8 	 	 0.2000 	 4.0932 	 0.2774
[2025/10/19 01:05:15] - ==> Building model..
[2025/10/19 01:05:42] - Test Loss 	 Test Acc 	 PGD Loss 	 PGD Acc
[2025/10/19 01:05:42] - 2.5950 	 	 0.5151 	 2.8826 	 0.2853
[2025/10/19 01:06:34] - 79 	 26.6 	 	 0.2000 	 4.0923 	 0.2786
[2025/10/19 01:06:34] - ==> Building model..
[2025/10/19 01:07:01] - Test Loss 	 Test Acc 	 PGD Loss 	 PGD Acc
[2025/10/19 01:07:01] - 2.5961 	 	 0.5148 	 2.8836 	 0.2843
[2025/10/19 01:07:54] - 80 	 27.3 	 	 0.2000 	 4.0914 	 0.2806
[2025/10/19 01:07:54] - ==> Building model..
[2025/10/19 01:08:19] - Test Loss 	 Test Acc 	 PGD Loss 	 PGD Acc
[2025/10/19 01:08:19] - 2.5977 	 	 0.5140 	 2.8844 	 0.2837
[2025/10/19 01:09:12] - 81 	 27.6 	 	 0.2000 	 4.0912 	 0.2784
[2025/10/19 01:09:12] - ==> Building model..
[2025/10/19 01:09:37] - Test Loss 	 Test Acc 	 PGD Loss 	 PGD Acc
[2025/10/19 01:09:37] - 2.5992 	 	 0.5140 	 2.8867 	 0.2846
[2025/10/19 01:10:29] - 82 	 26.6 	 	 0.2000 	 4.0922 	 0.2797
[2025/10/19 01:10:29] - ==> Building model..
[2025/10/19 01:10:54] - Test Loss 	 Test Acc 	 PGD Loss 	 PGD Acc
[2025/10/19 01:10:54] - 2.5989 	 	 0.5142 	 2.8861 	 0.2835
[2025/10/19 01:11:46] - 83 	 26.9 	 	 0.2000 	 4.0930 	 0.2764
[2025/10/19 01:11:46] - ==> Building model..
[2025/10/19 01:12:12] - Test Loss 	 Test Acc 	 PGD Loss 	 PGD Acc
[2025/10/19 01:12:12] - 2.6009 	 	 0.5149 	 2.8880 	 0.2839
[2025/10/19 01:13:04] - 84 	 26.7 	 	 0.2000 	 4.0907 	 0.2801
[2025/10/19 01:13:04] - ==> Building model..
[2025/10/19 01:13:28] - Test Loss 	 Test Acc 	 PGD Loss 	 PGD Acc
[2025/10/19 01:13:28] - 2.6006 	 	 0.5146 	 2.8881 	 0.2842
[2025/10/19 01:14:20] - 85 	 26.6 	 	 0.2000 	 4.0933 	 0.2783
[2025/10/19 01:14:20] - ==> Building model..
[2025/10/19 01:14:46] - Test Loss 	 Test Acc 	 PGD Loss 	 PGD Acc
[2025/10/19 01:14:46] - 2.6009 	 	 0.5159 	 2.8879 	 0.2832
[2025/10/19 01:15:37] - 86 	 26.4 	 	 0.2000 	 4.0915 	 0.2791
[2025/10/19 01:15:37] - ==> Building model..
[2025/10/19 01:16:02] - Test Loss 	 Test Acc 	 PGD Loss 	 PGD Acc
[2025/10/19 01:16:02] - 2.6002 	 	 0.5162 	 2.8877 	 0.2831
[2025/10/19 01:16:56] - 87 	 27.6 	 	 0.2000 	 4.0935 	 0.2779
[2025/10/19 01:16:56] - ==> Building model..
[2025/10/19 01:17:21] - Test Loss 	 Test Acc 	 PGD Loss 	 PGD Acc
[2025/10/19 01:17:21] - 2.6008 	 	 0.5173 	 2.8883 	 0.2826
[2025/10/19 01:18:13] - 88 	 26.7 	 	 0.2000 	 4.0914 	 0.2804
[2025/10/19 01:18:13] - ==> Building model..
[2025/10/19 01:18:38] - Test Loss 	 Test Acc 	 PGD Loss 	 PGD Acc
[2025/10/19 01:18:38] - 2.6024 	 	 0.5158 	 2.8892 	 0.2826
[2025/10/19 01:19:32] - 89 	 27.3 	 	 0.2000 	 4.0914 	 0.2797
[2025/10/19 01:19:32] - ==> Building model..
[2025/10/19 01:19:56] - Test Loss 	 Test Acc 	 PGD Loss 	 PGD Acc
[2025/10/19 01:19:56] - 2.6038 	 	 0.5160 	 2.8906 	 0.2835
[2025/10/19 01:20:50] - 90 	 27.7 	 	 0.2000 	 4.0927 	 0.2816
[2025/10/19 01:20:50] - ==> Building model..
[2025/10/19 01:21:15] - Test Loss 	 Test Acc 	 PGD Loss 	 PGD Acc
[2025/10/19 01:21:15] - 2.6045 	 	 0.5151 	 2.8903 	 0.2833
[2025/10/19 01:22:09] - 91 	 27.9 	 	 0.2000 	 4.0892 	 0.2831
[2025/10/19 01:22:09] - ==> Building model..
[2025/10/19 01:22:33] - Test Loss 	 Test Acc 	 PGD Loss 	 PGD Acc
[2025/10/19 01:22:33] - 2.6058 	 	 0.5150 	 2.8907 	 0.2834
[2025/10/19 01:23:28] - 92 	 28.9 	 	 0.2000 	 4.0904 	 0.2797
[2025/10/19 01:23:28] - ==> Building model..
[2025/10/19 01:23:51] - Test Loss 	 Test Acc 	 PGD Loss 	 PGD Acc
[2025/10/19 01:23:51] - 2.6071 	 	 0.5151 	 2.8922 	 0.2843
[2025/10/19 01:24:46] - 93 	 28.9 	 	 0.2000 	 4.0914 	 0.2793
[2025/10/19 01:24:46] - ==> Building model..
[2025/10/19 01:25:09] - Test Loss 	 Test Acc 	 PGD Loss 	 PGD Acc
[2025/10/19 01:25:09] - 2.6059 	 	 0.5164 	 2.8921 	 0.2844
[2025/10/19 01:26:01] - 94 	 27.0 	 	 0.0200 	 3.9986 	 0.3412
[2025/10/19 01:26:01] - ==> Building model..
[2025/10/19 01:26:24] - Test Loss 	 Test Acc 	 PGD Loss 	 PGD Acc
[2025/10/19 01:26:24] - 2.6032 	 	 0.5170 	 2.8896 	 0.2845
[2025/10/19 01:27:20] - 95 	 28.8 	 	 0.0200 	 3.9059 	 0.3991
[2025/10/19 01:27:20] - ==> Building model..
[2025/10/19 01:27:44] - Test Loss 	 Test Acc 	 PGD Loss 	 PGD Acc
[2025/10/19 01:27:44] - 2.6014 	 	 0.5172 	 2.8886 	 0.2846
[2025/10/19 01:28:37] - 96 	 28.8 	 	 0.0200 	 3.8804 	 0.4183
[2025/10/19 01:28:37] - ==> Building model..
[2025/10/19 01:29:02] - Test Loss 	 Test Acc 	 PGD Loss 	 PGD Acc
[2025/10/19 01:29:02] - 2.6011 	 	 0.5171 	 2.8881 	 0.2846
[2025/10/19 01:29:56] - 97 	 28.2 	 	 0.0200 	 3.8637 	 0.4311
[2025/10/19 01:29:56] - ==> Building model..
[2025/10/19 01:30:20] - Test Loss 	 Test Acc 	 PGD Loss 	 PGD Acc
[2025/10/19 01:30:20] - 2.6014 	 	 0.5171 	 2.8888 	 0.2847
[2025/10/19 01:31:13] - 98 	 28.0 	 	 0.0200 	 3.8477 	 0.4405
[2025/10/19 01:31:13] - ==> Building model..
[2025/10/19 01:31:37] - Test Loss 	 Test Acc 	 PGD Loss 	 PGD Acc
[2025/10/19 01:31:37] - 2.6029 	 	 0.5173 	 2.8898 	 0.2842
[2025/10/19 01:32:30] - 99 	 28.2 	 	 0.0020 	 3.8164 	 0.4661
[2025/10/19 01:32:30] - ==> Building model..
[2025/10/19 01:32:53] - Test Loss 	 Test Acc 	 PGD Loss 	 PGD Acc
[2025/10/19 01:32:53] - 2.6033 	 	 0.5173 	 2.8904 	 0.2846
[2025/10/19 01:33:47] - 100 	 28.5 	 	 0.0020 	 3.7876 	 0.4894
[2025/10/19 01:33:47] - ==> Building model..
[2025/10/19 01:34:10] - Test Loss 	 Test Acc 	 PGD Loss 	 PGD Acc
[2025/10/19 01:34:10] - 2.6033 	 	 0.5173 	 2.8905 	 0.2849
[2025/10/19 01:35:03] - 101 	 28.3 	 	 0.0020 	 3.7820 	 0.4920
[2025/10/19 01:35:03] - ==> Building model..
[2025/10/19 01:35:26] - Test Loss 	 Test Acc 	 PGD Loss 	 PGD Acc
[2025/10/19 01:35:26] - 2.6038 	 	 0.5173 	 2.8907 	 0.2846
[2025/10/19 01:36:20] - 102 	 28.2 	 	 0.0020 	 3.7763 	 0.4966
[2025/10/19 01:36:20] - ==> Building model..
[2025/10/19 01:36:44] - Test Loss 	 Test Acc 	 PGD Loss 	 PGD Acc
[2025/10/19 01:36:44] - 2.6038 	 	 0.5173 	 2.8902 	 0.2846
[2025/10/19 01:37:37] - 103 	 28.3 	 	 0.0020 	 3.7713 	 0.5010
[2025/10/19 01:37:37] - ==> Building model..
[2025/10/19 01:38:00] - Test Loss 	 Test Acc 	 PGD Loss 	 PGD Acc
[2025/10/19 01:38:00] - 2.6043 	 	 0.5173 	 2.8913 	 0.2843
[2025/10/19 01:38:52] - 104 	 28.1 	 	 0.0020 	 3.7680 	 0.5037
[2025/10/19 01:38:52] - ==> Building model..
[2025/10/19 01:39:16] - Test Loss 	 Test Acc 	 PGD Loss 	 PGD Acc
[2025/10/19 01:39:16] - 2.6055 	 	 0.5168 	 2.8923 	 0.2847
[2025/10/19 01:40:10] - 105 	 28.7 	 	 0.0020 	 3.7640 	 0.5073
[2025/10/19 01:40:10] - ==> Building model..
[2025/10/19 01:40:35] - Test Loss 	 Test Acc 	 PGD Loss 	 PGD Acc
[2025/10/19 01:40:35] - 2.6061 	 	 0.5167 	 2.8926 	 0.2844
[2025/10/19 01:41:27] - 106 	 28.2 	 	 0.0020 	 3.7596 	 0.5123
[2025/10/19 01:41:27] - ==> Building model..
[2025/10/19 01:41:50] - Test Loss 	 Test Acc 	 PGD Loss 	 PGD Acc
[2025/10/19 01:41:50] - 2.6067 	 	 0.5167 	 2.8930 	 0.2851
[2025/10/19 01:42:42] - 107 	 27.3 	 	 0.0020 	 3.7561 	 0.5149
[2025/10/19 01:42:42] - ==> Building model..
[2025/10/19 01:43:05] - Test Loss 	 Test Acc 	 PGD Loss 	 PGD Acc
[2025/10/19 01:43:05] - 2.6067 	 	 0.5167 	 2.8931 	 0.2851
[2025/10/19 01:43:59] - 108 	 28.2 	 	 0.0020 	 3.7514 	 0.5180
[2025/10/19 01:43:59] - ==> Building model..
[2025/10/19 01:44:22] - Test Loss 	 Test Acc 	 PGD Loss 	 PGD Acc
[2025/10/19 01:44:22] - 2.6067 	 	 0.5167 	 2.8930 	 0.2848
[2025/10/19 01:45:13] - 109 	 27.2 	 	 0.0020 	 3.7486 	 0.5201
[2025/10/19 01:45:13] - ==> Building model..
[2025/10/19 01:45:36] - Test Loss 	 Test Acc 	 PGD Loss 	 PGD Acc
[2025/10/19 01:45:36] - 2.6074 	 	 0.5166 	 2.8941 	 0.2849
[2025/10/19 01:45:37] - [0.0876, 0.14, 0.179, 0.2331, 0.2782, 0.3242, 0.3553, 0.3845, 0.3994, 0.4158, 0.4312, 0.4372, 0.4433, 0.4492, 0.4563, 0.4618, 0.4655, 0.4725, 0.475, 0.4764, 0.4813, 0.4821, 0.4849, 0.4872, 0.4894, 0.4918, 0.4909, 0.4918, 0.494, 0.4969, 0.4975, 0.4999, 0.5005, 0.5002, 0.5019, 0.5038, 0.5039, 0.5054, 0.5063, 0.5048, 0.5049, 0.5069, 0.5076, 0.5082, 0.5093, 0.5099, 0.5112, 0.5116, 0.5133, 0.5134, 0.5136, 0.5144, 0.5144, 0.514, 0.5133, 0.5128, 0.5133, 0.5138, 0.513, 0.5136, 0.5128, 0.5127, 0.5133, 0.5126, 0.5132, 0.5151, 0.5153, 0.5156, 0.5154, 0.5139, 0.5138, 0.5145, 0.5141, 0.5141, 0.5145, 0.5142, 0.5137, 0.5145, 0.5151, 0.5148, 0.514, 0.514, 0.5142, 0.5149, 0.5146, 0.5159, 0.5162, 0.5173, 0.5158, 0.516, 0.5151, 0.515, 0.5151, 0.5164, 0.517, 0.5172, 0.5171, 0.5171, 0.5173, 0.5173, 0.5173, 0.5173, 0.5173, 0.5173, 0.5168, 0.5167, 0.5167, 0.5167, 0.5167, 0.5166]
[2025/10/19 01:45:37] - [0.0595, 0.0893, 0.1123, 0.141, 0.1657, 0.1838, 0.1971, 0.2086, 0.2183, 0.224, 0.2313, 0.2354, 0.2379, 0.2418, 0.2451, 0.248, 0.2488, 0.2538, 0.2537, 0.2562, 0.2574, 0.2587, 0.2605, 0.2623, 0.2645, 0.2636, 0.2639, 0.2646, 0.2674, 0.2705, 0.2708, 0.2708, 0.2712, 0.2708, 0.273, 0.273, 0.2721, 0.2729, 0.2726, 0.2727, 0.2729, 0.2728, 0.2737, 0.2741, 0.2763, 0.2758, 0.2751, 0.2765, 0.277, 0.2769, 0.2764, 0.2784, 0.2796, 0.2798, 0.2804, 0.2799, 0.279, 0.2795, 0.2808, 0.2801, 0.2801, 0.2807, 0.2812, 0.2813, 0.281, 0.2809, 0.2819, 0.2821, 0.282, 0.2827, 0.283, 0.2834, 0.2822, 0.2836, 0.284, 0.2836, 0.2851, 0.2851, 0.2853, 0.2843, 0.2837, 0.2846, 0.2835, 0.2839, 0.2842, 0.2832, 0.2831, 0.2826, 0.2826, 0.2835, 0.2833, 0.2834, 0.2843, 0.2844, 0.2845, 0.2846, 0.2846, 0.2847, 0.2842, 0.2846, 0.2849, 0.2846, 0.2846, 0.2843, 0.2847, 0.2844, 0.2851, 0.2851, 0.2848, 0.2849]
