[2025/10/16 12:01:58] - Namespace(batch_size=128, data_dir='cifar-data', epochs=100, lr_schedule='multistep', lr_min=0.0, lr_max=0.2, weight_decay=0.0005, momentum=0.9, model='ResNet18', epsilon=8, alpha=8, delta_init='random', normal_mean=0, normal_std=1, out_dir='./output/CIFAR100/lamda_38_lamscale_0.15_run3', seed=0, lamda=38.0, lam_scale=0.15, lam_start=50, gamma=0.05, inner_gamma=0.05, beta=0.2, mu=3.5, batch_m=0.75, early_stop=False, factor=0.5, length=4, n_holes=1, c_num=0.125, EMA_value=0.55)
[2025/10/16 12:01:59] - ==> Building model..
[2025/10/16 12:01:59] - Epoch 	 Seconds 	 LR 	 	 Train Loss 	 Train Acc
[2025/10/16 12:02:39] - 0 	 19.4 	 	 0.2000 	 4.5664 	 0.0406
[2025/10/16 12:02:39] - ==> Building model..
[2025/10/16 12:03:00] - Test Loss 	 Test Acc 	 PGD Loss 	 PGD Acc
[2025/10/16 12:03:00] - 4.2225 	 	 0.0932 	 4.2372 	 0.0601
[2025/10/16 12:03:40] - 1 	 19.9 	 	 0.2000 	 4.4554 	 0.0814
[2025/10/16 12:03:40] - ==> Building model..
[2025/10/16 12:03:58] - Test Loss 	 Test Acc 	 PGD Loss 	 PGD Acc
[2025/10/16 12:03:58] - 4.0283 	 	 0.1430 	 4.0581 	 0.0934
[2025/10/16 12:04:35] - 2 	 17.5 	 	 0.2000 	 4.4033 	 0.1072
[2025/10/16 12:04:35] - ==> Building model..
[2025/10/16 12:04:55] - Test Loss 	 Test Acc 	 PGD Loss 	 PGD Acc
[2025/10/16 12:04:55] - 3.9112 	 	 0.1857 	 3.9556 	 0.1147
[2025/10/16 12:05:36] - 3 	 21.1 	 	 0.2000 	 4.3563 	 0.1286
[2025/10/16 12:05:36] - ==> Building model..
[2025/10/16 12:05:57] - Test Loss 	 Test Acc 	 PGD Loss 	 PGD Acc
[2025/10/16 12:05:57] - 3.7419 	 	 0.2356 	 3.8108 	 0.1382
[2025/10/16 12:06:38] - 4 	 20.4 	 	 0.2000 	 4.3120 	 0.1514
[2025/10/16 12:06:38] - ==> Building model..
[2025/10/16 12:06:58] - Test Loss 	 Test Acc 	 PGD Loss 	 PGD Acc
[2025/10/16 12:06:58] - 3.6034 	 	 0.2702 	 3.6959 	 0.1592
[2025/10/16 12:07:38] - 5 	 20.7 	 	 0.2000 	 4.2746 	 0.1694
[2025/10/16 12:07:38] - ==> Building model..
[2025/10/16 12:07:56] - Test Loss 	 Test Acc 	 PGD Loss 	 PGD Acc
[2025/10/16 12:07:56] - 3.4100 	 	 0.3064 	 3.5292 	 0.1772
[2025/10/16 12:08:36] - 6 	 20.5 	 	 0.2000 	 4.2423 	 0.1888
[2025/10/16 12:08:36] - ==> Building model..
[2025/10/16 12:08:56] - Test Loss 	 Test Acc 	 PGD Loss 	 PGD Acc
[2025/10/16 12:08:56] - 3.1833 	 	 0.3549 	 3.3397 	 0.1973
[2025/10/16 12:09:37] - 7 	 20.6 	 	 0.2000 	 4.2208 	 0.2004
[2025/10/16 12:09:37] - ==> Building model..
[2025/10/16 12:09:57] - Test Loss 	 Test Acc 	 PGD Loss 	 PGD Acc
[2025/10/16 12:09:57] - 3.0524 	 	 0.3859 	 3.2351 	 0.2109
[2025/10/16 12:10:38] - 8 	 19.6 	 	 0.2000 	 4.2016 	 0.2097
[2025/10/16 12:10:38] - ==> Building model..
[2025/10/16 12:10:58] - Test Loss 	 Test Acc 	 PGD Loss 	 PGD Acc
[2025/10/16 12:10:58] - 2.9492 	 	 0.4035 	 3.1524 	 0.2202
[2025/10/16 12:11:41] - 9 	 21.2 	 	 0.2000 	 4.1861 	 0.2188
[2025/10/16 12:11:41] - ==> Building model..
[2025/10/16 12:12:01] - Test Loss 	 Test Acc 	 PGD Loss 	 PGD Acc
[2025/10/16 12:12:01] - 2.8912 	 	 0.4201 	 3.1074 	 0.2272
[2025/10/16 12:12:40] - 10 	 18.8 	 	 0.2000 	 4.1744 	 0.2256
[2025/10/16 12:12:40] - ==> Building model..
[2025/10/16 12:13:01] - Test Loss 	 Test Acc 	 PGD Loss 	 PGD Acc
[2025/10/16 12:13:01] - 2.8478 	 	 0.4285 	 3.0743 	 0.2324
[2025/10/16 12:13:39] - 11 	 18.5 	 	 0.2000 	 4.1662 	 0.2298
[2025/10/16 12:13:39] - ==> Building model..
[2025/10/16 12:13:59] - Test Loss 	 Test Acc 	 PGD Loss 	 PGD Acc
[2025/10/16 12:13:59] - 2.8052 	 	 0.4378 	 3.0415 	 0.2368
[2025/10/16 12:14:39] - 12 	 20.9 	 	 0.2000 	 4.1571 	 0.2361
[2025/10/16 12:14:39] - ==> Building model..
[2025/10/16 12:15:00] - Test Loss 	 Test Acc 	 PGD Loss 	 PGD Acc
[2025/10/16 12:15:00] - 2.7717 	 	 0.4486 	 3.0175 	 0.2413
[2025/10/16 12:15:40] - 13 	 19.8 	 	 0.2000 	 4.1531 	 0.2372
[2025/10/16 12:15:40] - ==> Building model..
[2025/10/16 12:16:00] - Test Loss 	 Test Acc 	 PGD Loss 	 PGD Acc
[2025/10/16 12:16:00] - 2.7375 	 	 0.4562 	 2.9912 	 0.2459
[2025/10/16 12:16:39] - 14 	 19.0 	 	 0.2000 	 4.1476 	 0.2396
[2025/10/16 12:16:39] - ==> Building model..
[2025/10/16 12:17:00] - Test Loss 	 Test Acc 	 PGD Loss 	 PGD Acc
[2025/10/16 12:17:00] - 2.7200 	 	 0.4603 	 2.9795 	 0.2502
[2025/10/16 12:17:40] - 15 	 20.0 	 	 0.2000 	 4.1399 	 0.2448
[2025/10/16 12:17:40] - ==> Building model..
[2025/10/16 12:18:01] - Test Loss 	 Test Acc 	 PGD Loss 	 PGD Acc
[2025/10/16 12:18:01] - 2.7036 	 	 0.4690 	 2.9672 	 0.2524
[2025/10/16 12:18:42] - 16 	 21.1 	 	 0.2000 	 4.1346 	 0.2495
[2025/10/16 12:18:42] - ==> Building model..
[2025/10/16 12:18:58] - Test Loss 	 Test Acc 	 PGD Loss 	 PGD Acc
[2025/10/16 12:18:58] - 2.6917 	 	 0.4712 	 2.9572 	 0.2530
[2025/10/16 12:19:36] - 17 	 18.1 	 	 0.2000 	 4.1339 	 0.2487
[2025/10/16 12:19:36] - ==> Building model..
[2025/10/16 12:19:57] - Test Loss 	 Test Acc 	 PGD Loss 	 PGD Acc
[2025/10/16 12:19:57] - 2.6776 	 	 0.4734 	 2.9473 	 0.2572
[2025/10/16 12:20:33] - 18 	 17.5 	 	 0.2000 	 4.1270 	 0.2503
[2025/10/16 12:20:33] - ==> Building model..
[2025/10/16 12:20:55] - Test Loss 	 Test Acc 	 PGD Loss 	 PGD Acc
[2025/10/16 12:20:55] - 2.6630 	 	 0.4780 	 2.9360 	 0.2592
[2025/10/16 12:21:34] - 19 	 20.4 	 	 0.2000 	 4.1238 	 0.2555
[2025/10/16 12:21:34] - ==> Building model..
[2025/10/16 12:21:56] - Test Loss 	 Test Acc 	 PGD Loss 	 PGD Acc
[2025/10/16 12:21:56] - 2.6472 	 	 0.4785 	 2.9231 	 0.2605
[2025/10/16 12:22:36] - 20 	 19.9 	 	 0.2000 	 4.1216 	 0.2572
[2025/10/16 12:22:36] - ==> Building model..
[2025/10/16 12:22:55] - Test Loss 	 Test Acc 	 PGD Loss 	 PGD Acc
[2025/10/16 12:22:55] - 2.6389 	 	 0.4833 	 2.9177 	 0.2600
[2025/10/16 12:23:36] - 21 	 21.3 	 	 0.2000 	 4.1172 	 0.2597
[2025/10/16 12:23:36] - ==> Building model..
[2025/10/16 12:23:57] - Test Loss 	 Test Acc 	 PGD Loss 	 PGD Acc
[2025/10/16 12:23:57] - 2.6289 	 	 0.4871 	 2.9113 	 0.2608
[2025/10/16 12:24:38] - 22 	 21.2 	 	 0.2000 	 4.1181 	 0.2593
[2025/10/16 12:24:38] - ==> Building model..
[2025/10/16 12:24:59] - Test Loss 	 Test Acc 	 PGD Loss 	 PGD Acc
[2025/10/16 12:24:59] - 2.6225 	 	 0.4898 	 2.9071 	 0.2636
[2025/10/16 12:25:40] - 23 	 21.0 	 	 0.2000 	 4.1170 	 0.2591
[2025/10/16 12:25:40] - ==> Building model..
[2025/10/16 12:26:02] - Test Loss 	 Test Acc 	 PGD Loss 	 PGD Acc
[2025/10/16 12:26:02] - 2.6213 	 	 0.4888 	 2.9053 	 0.2628
[2025/10/16 12:26:39] - 24 	 18.1 	 	 0.2000 	 4.1112 	 0.2637
[2025/10/16 12:26:39] - ==> Building model..
[2025/10/16 12:26:58] - Test Loss 	 Test Acc 	 PGD Loss 	 PGD Acc
[2025/10/16 12:26:58] - 2.6210 	 	 0.4878 	 2.9050 	 0.2653
[2025/10/16 12:27:37] - 25 	 20.2 	 	 0.2000 	 4.1115 	 0.2656
[2025/10/16 12:27:37] - ==> Building model..
[2025/10/16 12:27:54] - Test Loss 	 Test Acc 	 PGD Loss 	 PGD Acc
[2025/10/16 12:27:54] - 2.6182 	 	 0.4902 	 2.9041 	 0.2659
[2025/10/16 12:28:34] - 26 	 20.9 	 	 0.2000 	 4.1064 	 0.2631
[2025/10/16 12:28:34] - ==> Building model..
[2025/10/16 12:28:55] - Test Loss 	 Test Acc 	 PGD Loss 	 PGD Acc
[2025/10/16 12:28:55] - 2.6012 	 	 0.4945 	 2.8913 	 0.2665
[2025/10/16 12:29:36] - 27 	 20.8 	 	 0.2000 	 4.1069 	 0.2658
[2025/10/16 12:29:36] - ==> Building model..
[2025/10/16 12:29:57] - Test Loss 	 Test Acc 	 PGD Loss 	 PGD Acc
[2025/10/16 12:29:57] - 2.5942 	 	 0.4976 	 2.8875 	 0.2685
[2025/10/16 12:30:38] - 28 	 21.4 	 	 0.2000 	 4.1049 	 0.2679
[2025/10/16 12:30:38] - ==> Building model..
[2025/10/16 12:30:56] - Test Loss 	 Test Acc 	 PGD Loss 	 PGD Acc
[2025/10/16 12:30:56] - 2.5926 	 	 0.4981 	 2.8865 	 0.2677
[2025/10/16 12:31:33] - 29 	 18.6 	 	 0.2000 	 4.1041 	 0.2673
[2025/10/16 12:31:33] - ==> Building model..
[2025/10/16 12:31:54] - Test Loss 	 Test Acc 	 PGD Loss 	 PGD Acc
[2025/10/16 12:31:54] - 2.5823 	 	 0.4992 	 2.8773 	 0.2697
[2025/10/16 12:32:35] - 30 	 21.2 	 	 0.2000 	 4.1044 	 0.2662
[2025/10/16 12:32:35] - ==> Building model..
[2025/10/16 12:32:54] - Test Loss 	 Test Acc 	 PGD Loss 	 PGD Acc
[2025/10/16 12:32:54] - 2.5834 	 	 0.5006 	 2.8785 	 0.2688
[2025/10/16 12:33:30] - 31 	 17.8 	 	 0.2000 	 4.1019 	 0.2672
[2025/10/16 12:33:30] - ==> Building model..
[2025/10/16 12:33:52] - Test Loss 	 Test Acc 	 PGD Loss 	 PGD Acc
[2025/10/16 12:33:52] - 2.5781 	 	 0.5023 	 2.8746 	 0.2721
[2025/10/16 12:34:33] - 32 	 21.6 	 	 0.2000 	 4.1007 	 0.2683
[2025/10/16 12:34:33] - ==> Building model..
[2025/10/16 12:34:55] - Test Loss 	 Test Acc 	 PGD Loss 	 PGD Acc
[2025/10/16 12:34:55] - 2.5739 	 	 0.5040 	 2.8712 	 0.2717
[2025/10/16 12:35:31] - 33 	 17.8 	 	 0.2000 	 4.1006 	 0.2688
[2025/10/16 12:35:31] - ==> Building model..
[2025/10/16 12:35:52] - Test Loss 	 Test Acc 	 PGD Loss 	 PGD Acc
[2025/10/16 12:35:52] - 2.5692 	 	 0.5034 	 2.8671 	 0.2723
[2025/10/16 12:36:34] - 34 	 21.4 	 	 0.2000 	 4.0998 	 0.2679
[2025/10/16 12:36:34] - ==> Building model..
[2025/10/16 12:36:55] - Test Loss 	 Test Acc 	 PGD Loss 	 PGD Acc
[2025/10/16 12:36:55] - 2.5693 	 	 0.5047 	 2.8674 	 0.2733
[2025/10/16 12:37:36] - 35 	 21.5 	 	 0.2000 	 4.0968 	 0.2719
[2025/10/16 12:37:36] - ==> Building model..
[2025/10/16 12:37:58] - Test Loss 	 Test Acc 	 PGD Loss 	 PGD Acc
[2025/10/16 12:37:58] - 2.5689 	 	 0.5067 	 2.8674 	 0.2741
[2025/10/16 12:38:36] - 36 	 19.0 	 	 0.2000 	 4.0971 	 0.2738
[2025/10/16 12:38:36] - ==> Building model..
[2025/10/16 12:38:51] - Test Loss 	 Test Acc 	 PGD Loss 	 PGD Acc
[2025/10/16 12:38:51] - 2.5703 	 	 0.5061 	 2.8687 	 0.2747
[2025/10/16 12:39:30] - 37 	 19.7 	 	 0.2000 	 4.0973 	 0.2702
[2025/10/16 12:39:30] - ==> Building model..
[2025/10/16 12:39:52] - Test Loss 	 Test Acc 	 PGD Loss 	 PGD Acc
[2025/10/16 12:39:52] - 2.5771 	 	 0.5044 	 2.8735 	 0.2727
[2025/10/16 12:40:33] - 38 	 21.6 	 	 0.2000 	 4.0946 	 0.2729
[2025/10/16 12:40:33] - ==> Building model..
[2025/10/16 12:40:54] - Test Loss 	 Test Acc 	 PGD Loss 	 PGD Acc
[2025/10/16 12:40:54] - 2.5744 	 	 0.5052 	 2.8710 	 0.2740
[2025/10/16 12:41:35] - 39 	 20.9 	 	 0.2000 	 4.0952 	 0.2721
[2025/10/16 12:41:35] - ==> Building model..
[2025/10/16 12:41:56] - Test Loss 	 Test Acc 	 PGD Loss 	 PGD Acc
[2025/10/16 12:41:56] - 2.5727 	 	 0.5064 	 2.8698 	 0.2736
[2025/10/16 12:42:36] - 40 	 19.9 	 	 0.2000 	 4.0936 	 0.2749
[2025/10/16 12:42:36] - ==> Building model..
[2025/10/16 12:42:57] - Test Loss 	 Test Acc 	 PGD Loss 	 PGD Acc
[2025/10/16 12:42:57] - 2.5725 	 	 0.5071 	 2.8706 	 0.2753
[2025/10/16 12:43:38] - 41 	 21.1 	 	 0.2000 	 4.0948 	 0.2722
[2025/10/16 12:43:38] - ==> Building model..
[2025/10/16 12:43:59] - Test Loss 	 Test Acc 	 PGD Loss 	 PGD Acc
[2025/10/16 12:43:59] - 2.5736 	 	 0.5071 	 2.8708 	 0.2748
[2025/10/16 12:44:40] - 42 	 21.1 	 	 0.2000 	 4.0951 	 0.2723
[2025/10/16 12:44:40] - ==> Building model..
[2025/10/16 12:45:01] - Test Loss 	 Test Acc 	 PGD Loss 	 PGD Acc
[2025/10/16 12:45:01] - 2.5718 	 	 0.5073 	 2.8695 	 0.2762
[2025/10/16 12:45:40] - 43 	 19.7 	 	 0.2000 	 4.0940 	 0.2722
[2025/10/16 12:45:40] - ==> Building model..
[2025/10/16 12:46:01] - Test Loss 	 Test Acc 	 PGD Loss 	 PGD Acc
[2025/10/16 12:46:01] - 2.5715 	 	 0.5076 	 2.8697 	 0.2763
[2025/10/16 12:46:42] - 44 	 21.4 	 	 0.2000 	 4.0926 	 0.2737
[2025/10/16 12:46:42] - ==> Building model..
[2025/10/16 12:47:04] - Test Loss 	 Test Acc 	 PGD Loss 	 PGD Acc
[2025/10/16 12:47:04] - 2.5666 	 	 0.5089 	 2.8665 	 0.2766
[2025/10/16 12:47:44] - 45 	 21.1 	 	 0.2000 	 4.0914 	 0.2726
[2025/10/16 12:47:44] - ==> Building model..
[2025/10/16 12:48:04] - Test Loss 	 Test Acc 	 PGD Loss 	 PGD Acc
[2025/10/16 12:48:04] - 2.5639 	 	 0.5098 	 2.8641 	 0.2754
[2025/10/16 12:48:45] - 46 	 21.4 	 	 0.2000 	 4.0899 	 0.2751
[2025/10/16 12:48:45] - ==> Building model..
[2025/10/16 12:49:05] - Test Loss 	 Test Acc 	 PGD Loss 	 PGD Acc
[2025/10/16 12:49:05] - 2.5613 	 	 0.5100 	 2.8622 	 0.2760
[2025/10/16 12:49:46] - 47 	 21.8 	 	 0.2000 	 4.0909 	 0.2726
[2025/10/16 12:49:46] - ==> Building model..
[2025/10/16 12:50:08] - Test Loss 	 Test Acc 	 PGD Loss 	 PGD Acc
[2025/10/16 12:50:08] - 2.5552 	 	 0.5105 	 2.8573 	 0.2787
[2025/10/16 12:50:49] - 48 	 21.2 	 	 0.2000 	 4.0874 	 0.2774
[2025/10/16 12:50:49] - ==> Building model..
[2025/10/16 12:51:10] - Test Loss 	 Test Acc 	 PGD Loss 	 PGD Acc
[2025/10/16 12:51:10] - 2.5501 	 	 0.5128 	 2.8538 	 0.2777
[2025/10/16 12:51:48] - 49 	 19.4 	 	 0.2000 	 4.0891 	 0.2769
[2025/10/16 12:51:48] - ==> Building model..
[2025/10/16 12:52:09] - Test Loss 	 Test Acc 	 PGD Loss 	 PGD Acc
[2025/10/16 12:52:09] - 2.5497 	 	 0.5136 	 2.8532 	 0.2779
[2025/10/16 12:52:49] - 50 	 20.6 	 	 0.2000 	 4.0884 	 0.2753
[2025/10/16 12:52:49] - ==> Building model..
[2025/10/16 12:53:11] - Test Loss 	 Test Acc 	 PGD Loss 	 PGD Acc
[2025/10/16 12:53:11] - 2.5491 	 	 0.5143 	 2.8533 	 0.2780
[2025/10/16 12:53:51] - 51 	 21.2 	 	 0.2000 	 4.0889 	 0.2760
[2025/10/16 12:53:51] - ==> Building model..
[2025/10/16 12:54:11] - Test Loss 	 Test Acc 	 PGD Loss 	 PGD Acc
[2025/10/16 12:54:11] - 2.5476 	 	 0.5146 	 2.8520 	 0.2788
[2025/10/16 12:54:50] - 52 	 19.3 	 	 0.2000 	 4.0892 	 0.2752
[2025/10/16 12:54:50] - ==> Building model..
[2025/10/16 12:55:12] - Test Loss 	 Test Acc 	 PGD Loss 	 PGD Acc
[2025/10/16 12:55:12] - 2.5461 	 	 0.5144 	 2.8506 	 0.2794
[2025/10/16 12:55:53] - 53 	 20.9 	 	 0.2000 	 4.0890 	 0.2784
[2025/10/16 12:55:53] - ==> Building model..
[2025/10/16 12:56:09] - Test Loss 	 Test Acc 	 PGD Loss 	 PGD Acc
[2025/10/16 12:56:09] - 2.5456 	 	 0.5151 	 2.8495 	 0.2800
[2025/10/16 12:56:47] - 54 	 18.9 	 	 0.2000 	 4.0911 	 0.2768
[2025/10/16 12:56:47] - ==> Building model..
[2025/10/16 12:57:09] - Test Loss 	 Test Acc 	 PGD Loss 	 PGD Acc
[2025/10/16 12:57:09] - 2.5452 	 	 0.5149 	 2.8499 	 0.2793
[2025/10/16 12:57:49] - 55 	 20.5 	 	 0.2000 	 4.0911 	 0.2774
[2025/10/16 12:57:49] - ==> Building model..
[2025/10/16 12:58:11] - Test Loss 	 Test Acc 	 PGD Loss 	 PGD Acc
[2025/10/16 12:58:11] - 2.5463 	 	 0.5157 	 2.8504 	 0.2790
[2025/10/16 12:58:51] - 56 	 20.6 	 	 0.2000 	 4.0927 	 0.2763
[2025/10/16 12:58:51] - ==> Building model..
[2025/10/16 12:59:13] - Test Loss 	 Test Acc 	 PGD Loss 	 PGD Acc
[2025/10/16 12:59:13] - 2.5521 	 	 0.5165 	 2.8562 	 0.2790
[2025/10/16 12:59:53] - 57 	 21.1 	 	 0.2000 	 4.0937 	 0.2781
[2025/10/16 12:59:53] - ==> Building model..
[2025/10/16 13:00:15] - Test Loss 	 Test Acc 	 PGD Loss 	 PGD Acc
[2025/10/16 13:00:15] - 2.5547 	 	 0.5169 	 2.8577 	 0.2804
[2025/10/16 13:00:54] - 58 	 19.0 	 	 0.2000 	 4.0931 	 0.2792
[2025/10/16 13:00:54] - ==> Building model..
[2025/10/16 13:01:15] - Test Loss 	 Test Acc 	 PGD Loss 	 PGD Acc
[2025/10/16 13:01:15] - 2.5580 	 	 0.5165 	 2.8601 	 0.2800
[2025/10/16 13:01:55] - 59 	 20.8 	 	 0.2000 	 4.0951 	 0.2776
[2025/10/16 13:01:55] - ==> Building model..
[2025/10/16 13:02:15] - Test Loss 	 Test Acc 	 PGD Loss 	 PGD Acc
[2025/10/16 13:02:15] - 2.5629 	 	 0.5161 	 2.8632 	 0.2806
[2025/10/16 13:02:56] - 60 	 20.9 	 	 0.2000 	 4.0935 	 0.2778
[2025/10/16 13:02:56] - ==> Building model..
[2025/10/16 13:03:17] - Test Loss 	 Test Acc 	 PGD Loss 	 PGD Acc
[2025/10/16 13:03:17] - 2.5664 	 	 0.5157 	 2.8662 	 0.2794
[2025/10/16 13:03:57] - 61 	 20.9 	 	 0.2000 	 4.0949 	 0.2744
[2025/10/16 13:03:57] - ==> Building model..
[2025/10/16 13:04:19] - Test Loss 	 Test Acc 	 PGD Loss 	 PGD Acc
[2025/10/16 13:04:19] - 2.5703 	 	 0.5174 	 2.8683 	 0.2803
[2025/10/16 13:04:58] - 62 	 20.9 	 	 0.2000 	 4.0929 	 0.2789
[2025/10/16 13:04:58] - ==> Building model..
[2025/10/16 13:05:18] - Test Loss 	 Test Acc 	 PGD Loss 	 PGD Acc
[2025/10/16 13:05:18] - 2.5738 	 	 0.5167 	 2.8712 	 0.2812
[2025/10/16 13:05:58] - 63 	 21.0 	 	 0.2000 	 4.0944 	 0.2763
[2025/10/16 13:05:58] - ==> Building model..
[2025/10/16 13:06:20] - Test Loss 	 Test Acc 	 PGD Loss 	 PGD Acc
[2025/10/16 13:06:20] - 2.5758 	 	 0.5166 	 2.8721 	 0.2800
[2025/10/16 13:07:00] - 64 	 21.2 	 	 0.2000 	 4.0930 	 0.2777
[2025/10/16 13:07:00] - ==> Building model..
[2025/10/16 13:07:21] - Test Loss 	 Test Acc 	 PGD Loss 	 PGD Acc
[2025/10/16 13:07:21] - 2.5779 	 	 0.5164 	 2.8732 	 0.2803
[2025/10/16 13:08:00] - 65 	 18.8 	 	 0.2000 	 4.0919 	 0.2790
[2025/10/16 13:08:00] - ==> Building model..
[2025/10/16 13:08:20] - Test Loss 	 Test Acc 	 PGD Loss 	 PGD Acc
[2025/10/16 13:08:20] - 2.5805 	 	 0.5166 	 2.8757 	 0.2811
[2025/10/16 13:09:01] - 66 	 20.5 	 	 0.2000 	 4.0915 	 0.2771
[2025/10/16 13:09:01] - ==> Building model..
[2025/10/16 13:09:22] - Test Loss 	 Test Acc 	 PGD Loss 	 PGD Acc
[2025/10/16 13:09:22] - 2.5816 	 	 0.5178 	 2.8770 	 0.2815
[2025/10/16 13:10:01] - 67 	 19.5 	 	 0.2000 	 4.0918 	 0.2782
[2025/10/16 13:10:01] - ==> Building model..
[2025/10/16 13:10:22] - Test Loss 	 Test Acc 	 PGD Loss 	 PGD Acc
[2025/10/16 13:10:22] - 2.5836 	 	 0.5183 	 2.8773 	 0.2821
[2025/10/16 13:11:02] - 68 	 20.1 	 	 0.2000 	 4.0917 	 0.2787
[2025/10/16 13:11:02] - ==> Building model..
[2025/10/16 13:11:23] - Test Loss 	 Test Acc 	 PGD Loss 	 PGD Acc
[2025/10/16 13:11:23] - 2.5836 	 	 0.5181 	 2.8769 	 0.2813
[2025/10/16 13:12:02] - 69 	 19.2 	 	 0.2000 	 4.0929 	 0.2781
[2025/10/16 13:12:02] - ==> Building model..
[2025/10/16 13:12:23] - Test Loss 	 Test Acc 	 PGD Loss 	 PGD Acc
[2025/10/16 13:12:23] - 2.5865 	 	 0.5179 	 2.8793 	 0.2809
[2025/10/16 13:13:03] - 70 	 19.5 	 	 0.2000 	 4.0936 	 0.2776
[2025/10/16 13:13:03] - ==> Building model..
[2025/10/16 13:13:24] - Test Loss 	 Test Acc 	 PGD Loss 	 PGD Acc
[2025/10/16 13:13:24] - 2.5872 	 	 0.5170 	 2.8797 	 0.2800
[2025/10/16 13:14:01] - 71 	 18.7 	 	 0.2000 	 4.0921 	 0.2780
[2025/10/16 13:14:01] - ==> Building model..
[2025/10/16 13:14:22] - Test Loss 	 Test Acc 	 PGD Loss 	 PGD Acc
[2025/10/16 13:14:22] - 2.5898 	 	 0.5169 	 2.8818 	 0.2801
[2025/10/16 13:15:02] - 72 	 20.0 	 	 0.2000 	 4.0933 	 0.2764
[2025/10/16 13:15:02] - ==> Building model..
[2025/10/16 13:15:22] - Test Loss 	 Test Acc 	 PGD Loss 	 PGD Acc
[2025/10/16 13:15:22] - 2.5900 	 	 0.5170 	 2.8818 	 0.2801
[2025/10/16 13:16:02] - 73 	 21.2 	 	 0.2000 	 4.0909 	 0.2774
[2025/10/16 13:16:02] - ==> Building model..
[2025/10/16 13:16:24] - Test Loss 	 Test Acc 	 PGD Loss 	 PGD Acc
[2025/10/16 13:16:24] - 2.5897 	 	 0.5170 	 2.8811 	 0.2810
[2025/10/16 13:17:00] - 74 	 17.5 	 	 0.2000 	 4.0937 	 0.2776
[2025/10/16 13:17:00] - ==> Building model..
[2025/10/16 13:17:20] - Test Loss 	 Test Acc 	 PGD Loss 	 PGD Acc
[2025/10/16 13:17:20] - 2.5902 	 	 0.5166 	 2.8806 	 0.2819
[2025/10/16 13:18:00] - 75 	 20.7 	 	 0.2000 	 4.0928 	 0.2786
[2025/10/16 13:18:00] - ==> Building model..
[2025/10/16 13:18:21] - Test Loss 	 Test Acc 	 PGD Loss 	 PGD Acc
[2025/10/16 13:18:21] - 2.5906 	 	 0.5181 	 2.8820 	 0.2808
[2025/10/16 13:19:01] - 76 	 20.6 	 	 0.2000 	 4.0917 	 0.2797
[2025/10/16 13:19:01] - ==> Building model..
[2025/10/16 13:19:20] - Test Loss 	 Test Acc 	 PGD Loss 	 PGD Acc
[2025/10/16 13:19:20] - 2.5900 	 	 0.5183 	 2.8813 	 0.2824
[2025/10/16 13:19:58] - 77 	 19.5 	 	 0.2000 	 4.0928 	 0.2789
[2025/10/16 13:19:58] - ==> Building model..
[2025/10/16 13:20:19] - Test Loss 	 Test Acc 	 PGD Loss 	 PGD Acc
[2025/10/16 13:20:19] - 2.5912 	 	 0.5188 	 2.8821 	 0.2828
[2025/10/16 13:20:55] - 78 	 17.1 	 	 0.2000 	 4.0922 	 0.2785
[2025/10/16 13:20:55] - ==> Building model..
[2025/10/16 13:21:17] - Test Loss 	 Test Acc 	 PGD Loss 	 PGD Acc
[2025/10/16 13:21:17] - 2.5915 	 	 0.5185 	 2.8817 	 0.2819
[2025/10/16 13:21:54] - 79 	 17.3 	 	 0.2000 	 4.0916 	 0.2781
[2025/10/16 13:21:54] - ==> Building model..
[2025/10/16 13:22:12] - Test Loss 	 Test Acc 	 PGD Loss 	 PGD Acc
[2025/10/16 13:22:12] - 2.5914 	 	 0.5176 	 2.8817 	 0.2828
[2025/10/16 13:22:52] - 80 	 21.2 	 	 0.2000 	 4.0908 	 0.2807
[2025/10/16 13:22:52] - ==> Building model..
[2025/10/16 13:23:14] - Test Loss 	 Test Acc 	 PGD Loss 	 PGD Acc
[2025/10/16 13:23:14] - 2.5908 	 	 0.5177 	 2.8813 	 0.2826
[2025/10/16 13:23:54] - 81 	 21.1 	 	 0.2000 	 4.0918 	 0.2781
[2025/10/16 13:23:54] - ==> Building model..
[2025/10/16 13:24:16] - Test Loss 	 Test Acc 	 PGD Loss 	 PGD Acc
[2025/10/16 13:24:16] - 2.5922 	 	 0.5171 	 2.8817 	 0.2825
[2025/10/16 13:24:55] - 82 	 20.5 	 	 0.2000 	 4.0922 	 0.2797
[2025/10/16 13:24:55] - ==> Building model..
[2025/10/16 13:25:17] - Test Loss 	 Test Acc 	 PGD Loss 	 PGD Acc
[2025/10/16 13:25:17] - 2.5922 	 	 0.5170 	 2.8819 	 0.2825
[2025/10/16 13:25:57] - 83 	 21.0 	 	 0.2000 	 4.0887 	 0.2809
[2025/10/16 13:25:57] - ==> Building model..
[2025/10/16 13:26:18] - Test Loss 	 Test Acc 	 PGD Loss 	 PGD Acc
[2025/10/16 13:26:18] - 2.5925 	 	 0.5170 	 2.8819 	 0.2814
[2025/10/16 13:26:57] - 84 	 20.9 	 	 0.2000 	 4.0931 	 0.2787
[2025/10/16 13:26:57] - ==> Building model..
[2025/10/16 13:27:17] - Test Loss 	 Test Acc 	 PGD Loss 	 PGD Acc
[2025/10/16 13:27:17] - 2.5917 	 	 0.5179 	 2.8817 	 0.2825
[2025/10/16 13:27:55] - 85 	 19.0 	 	 0.2000 	 4.0915 	 0.2793
[2025/10/16 13:27:55] - ==> Building model..
[2025/10/16 13:28:17] - Test Loss 	 Test Acc 	 PGD Loss 	 PGD Acc
[2025/10/16 13:28:17] - 2.5925 	 	 0.5183 	 2.8819 	 0.2823
[2025/10/16 13:28:56] - 86 	 20.7 	 	 0.2000 	 4.0914 	 0.2795
[2025/10/16 13:28:56] - ==> Building model..
[2025/10/16 13:29:16] - Test Loss 	 Test Acc 	 PGD Loss 	 PGD Acc
[2025/10/16 13:29:16] - 2.5939 	 	 0.5180 	 2.8832 	 0.2819
[2025/10/16 13:29:55] - 87 	 20.4 	 	 0.2000 	 4.0908 	 0.2803
[2025/10/16 13:29:55] - ==> Building model..
[2025/10/16 13:30:16] - Test Loss 	 Test Acc 	 PGD Loss 	 PGD Acc
[2025/10/16 13:30:16] - 2.5945 	 	 0.5190 	 2.8841 	 0.2812
[2025/10/16 13:30:55] - 88 	 19.7 	 	 0.2000 	 4.0928 	 0.2783
[2025/10/16 13:30:55] - ==> Building model..
[2025/10/16 13:31:15] - Test Loss 	 Test Acc 	 PGD Loss 	 PGD Acc
[2025/10/16 13:31:15] - 2.5950 	 	 0.5185 	 2.8842 	 0.2813
[2025/10/16 13:31:54] - 89 	 19.2 	 	 0.2000 	 4.0907 	 0.2805
[2025/10/16 13:31:54] - ==> Building model..
[2025/10/16 13:32:15] - Test Loss 	 Test Acc 	 PGD Loss 	 PGD Acc
[2025/10/16 13:32:15] - 2.5955 	 	 0.5182 	 2.8848 	 0.2818
[2025/10/16 13:32:55] - 90 	 20.6 	 	 0.0200 	 3.9965 	 0.3394
[2025/10/16 13:32:55] - ==> Building model..
[2025/10/16 13:33:16] - Test Loss 	 Test Acc 	 PGD Loss 	 PGD Acc
[2025/10/16 13:33:16] - 2.5929 	 	 0.5191 	 2.8825 	 0.2815
[2025/10/16 13:33:54] - 91 	 19.6 	 	 0.0200 	 3.9031 	 0.4009
[2025/10/16 13:33:54] - ==> Building model..
[2025/10/16 13:34:16] - Test Loss 	 Test Acc 	 PGD Loss 	 PGD Acc
[2025/10/16 13:34:16] - 2.5924 	 	 0.5191 	 2.8824 	 0.2813
[2025/10/16 13:34:55] - 92 	 20.5 	 	 0.0200 	 3.8768 	 0.4194
[2025/10/16 13:34:55] - ==> Building model..
[2025/10/16 13:35:17] - Test Loss 	 Test Acc 	 PGD Loss 	 PGD Acc
[2025/10/16 13:35:17] - 2.5920 	 	 0.5198 	 2.8826 	 0.2820
[2025/10/16 13:35:55] - 93 	 19.3 	 	 0.0200 	 3.8597 	 0.4301
[2025/10/16 13:35:55] - ==> Building model..
[2025/10/16 13:36:16] - Test Loss 	 Test Acc 	 PGD Loss 	 PGD Acc
[2025/10/16 13:36:16] - 2.5926 	 	 0.5199 	 2.8830 	 0.2828
[2025/10/16 13:36:56] - 94 	 20.2 	 	 0.0200 	 3.8437 	 0.4395
[2025/10/16 13:36:56] - ==> Building model..
[2025/10/16 13:37:17] - Test Loss 	 Test Acc 	 PGD Loss 	 PGD Acc
[2025/10/16 13:37:17] - 2.5955 	 	 0.5197 	 2.8860 	 0.2816
[2025/10/16 13:37:57] - 95 	 19.8 	 	 0.0200 	 3.8319 	 0.4503
[2025/10/16 13:37:57] - ==> Building model..
[2025/10/16 13:38:18] - Test Loss 	 Test Acc 	 PGD Loss 	 PGD Acc
[2025/10/16 13:38:18] - 2.5986 	 	 0.5194 	 2.8884 	 0.2818
[2025/10/16 13:38:58] - 96 	 20.6 	 	 0.0200 	 3.8207 	 0.4591
[2025/10/16 13:38:58] - ==> Building model..
[2025/10/16 13:39:19] - Test Loss 	 Test Acc 	 PGD Loss 	 PGD Acc
[2025/10/16 13:39:19] - 2.6026 	 	 0.5194 	 2.8919 	 0.2829
[2025/10/16 13:40:00] - 97 	 20.8 	 	 0.0200 	 3.8124 	 0.4671
[2025/10/16 13:40:00] - ==> Building model..
[2025/10/16 13:40:20] - Test Loss 	 Test Acc 	 PGD Loss 	 PGD Acc
[2025/10/16 13:40:20] - 2.6063 	 	 0.5186 	 2.8948 	 0.2834
[2025/10/16 13:40:59] - 98 	 19.4 	 	 0.0200 	 3.8045 	 0.4727
[2025/10/16 13:40:59] - ==> Building model..
[2025/10/16 13:41:21] - Test Loss 	 Test Acc 	 PGD Loss 	 PGD Acc
[2025/10/16 13:41:21] - 2.6084 	 	 0.5183 	 2.8966 	 0.2835
[2025/10/16 13:42:00] - 99 	 20.7 	 	 0.0200 	 3.7970 	 0.4761
[2025/10/16 13:42:00] - ==> Building model..
[2025/10/16 13:42:21] - Test Loss 	 Test Acc 	 PGD Loss 	 PGD Acc
[2025/10/16 13:42:21] - 2.6110 	 	 0.5181 	 2.8985 	 0.2828
[2025/10/16 13:42:21] - [0.0932, 0.143, 0.1857, 0.2356, 0.2702, 0.3064, 0.3549, 0.3859, 0.4035, 0.4201, 0.4285, 0.4378, 0.4486, 0.4562, 0.4603, 0.469, 0.4712, 0.4734, 0.478, 0.4785, 0.4833, 0.4871, 0.4898, 0.4888, 0.4878, 0.4902, 0.4945, 0.4976, 0.4981, 0.4992, 0.5006, 0.5023, 0.504, 0.5034, 0.5047, 0.5067, 0.5061, 0.5044, 0.5052, 0.5064, 0.5071, 0.5071, 0.5073, 0.5076, 0.5089, 0.5098, 0.51, 0.5105, 0.5128, 0.5136, 0.5143, 0.5146, 0.5144, 0.5151, 0.5149, 0.5157, 0.5165, 0.5169, 0.5165, 0.5161, 0.5157, 0.5174, 0.5167, 0.5166, 0.5164, 0.5166, 0.5178, 0.5183, 0.5181, 0.5179, 0.517, 0.5169, 0.517, 0.517, 0.5166, 0.5181, 0.5183, 0.5188, 0.5185, 0.5176, 0.5177, 0.5171, 0.517, 0.517, 0.5179, 0.5183, 0.518, 0.519, 0.5185, 0.5182, 0.5191, 0.5191, 0.5198, 0.5199, 0.5197, 0.5194, 0.5194, 0.5186, 0.5183, 0.5181]
[2025/10/16 13:42:21] - [0.0601, 0.0934, 0.1147, 0.1382, 0.1592, 0.1772, 0.1973, 0.2109, 0.2202, 0.2272, 0.2324, 0.2368, 0.2413, 0.2459, 0.2502, 0.2524, 0.253, 0.2572, 0.2592, 0.2605, 0.26, 0.2608, 0.2636, 0.2628, 0.2653, 0.2659, 0.2665, 0.2685, 0.2677, 0.2697, 0.2688, 0.2721, 0.2717, 0.2723, 0.2733, 0.2741, 0.2747, 0.2727, 0.274, 0.2736, 0.2753, 0.2748, 0.2762, 0.2763, 0.2766, 0.2754, 0.276, 0.2787, 0.2777, 0.2779, 0.278, 0.2788, 0.2794, 0.28, 0.2793, 0.279, 0.279, 0.2804, 0.28, 0.2806, 0.2794, 0.2803, 0.2812, 0.28, 0.2803, 0.2811, 0.2815, 0.2821, 0.2813, 0.2809, 0.28, 0.2801, 0.2801, 0.281, 0.2819, 0.2808, 0.2824, 0.2828, 0.2819, 0.2828, 0.2826, 0.2825, 0.2825, 0.2814, 0.2825, 0.2823, 0.2819, 0.2812, 0.2813, 0.2818, 0.2815, 0.2813, 0.282, 0.2828, 0.2816, 0.2818, 0.2829, 0.2834, 0.2835, 0.2828]
