[2025/09/21 07:19:52] - Namespace(batch_size=128, data_dir='cifar-data', epochs=100, lr_schedule='multistep', lr_min=0.0, lr_max=0.2, weight_decay=0.0005, momentum=0.9, model='ResNet18', epsilon=8, alpha=8, delta_init='random', normal_mean=0, normal_std=1, out_dir='./output/CIFAR100/beta_0.2', seed=0, lamda=42, lam_scale=0.1, lam_start=50, gamma=0.05, inner_gamma=0.05, beta=0.2, mu=3.5, batch_m=0.75, early_stop=False, factor=0.5, length=4, n_holes=1, c_num=0.125, EMA_value=0.55)
[2025/09/21 07:19:54] - ==> Building model..
[2025/09/21 07:19:55] - Epoch 	 Seconds 	 LR 	 	 Train Loss 	 Train Acc
[2025/09/21 07:21:22] - 0 	 55.7 	 	 0.0100 	 4.6440 	 0.0260
[2025/09/21 07:21:22] - ==> Building model..
[2025/09/21 07:21:53] - Test Loss 	 Test Acc 	 PGD Loss 	 PGD Acc
[2025/09/21 07:21:53] - 4.2704 	 	 0.0811 	 4.2896 	 0.0442
[2025/09/21 07:23:18] - 1 	 50.6 	 	 0.0199 	 4.4891 	 0.0644
[2025/09/21 07:23:18] - ==> Building model..
[2025/09/21 07:23:56] - Test Loss 	 Test Acc 	 PGD Loss 	 PGD Acc
[2025/09/21 07:23:56] - 4.0559 	 	 0.1287 	 4.0872 	 0.0736
[2025/09/21 07:25:18] - 2 	 50.3 	 	 0.0299 	 4.4326 	 0.0960
[2025/09/21 07:25:18] - ==> Building model..
[2025/09/21 07:25:56] - Test Loss 	 Test Acc 	 PGD Loss 	 PGD Acc
[2025/09/21 07:25:56] - 3.8664 	 	 0.1805 	 3.9142 	 0.1077
[2025/09/21 07:27:17] - 3 	 49.8 	 	 0.0399 	 4.3868 	 0.1170
[2025/09/21 07:27:17] - ==> Building model..
[2025/09/21 07:27:50] - Test Loss 	 Test Acc 	 PGD Loss 	 PGD Acc
[2025/09/21 07:27:50] - 3.6878 	 	 0.2195 	 3.7560 	 0.1249
[2025/09/21 07:29:12] - 4 	 49.6 	 	 0.0499 	 4.3485 	 0.1392
[2025/09/21 07:29:12] - ==> Building model..
[2025/09/21 07:29:50] - Test Loss 	 Test Acc 	 PGD Loss 	 PGD Acc
[2025/09/21 07:29:50] - 3.5608 	 	 0.2515 	 3.6465 	 0.1422
[2025/09/21 07:31:12] - 5 	 49.5 	 	 0.0598 	 4.3119 	 0.1589
[2025/09/21 07:31:12] - ==> Building model..
[2025/09/21 07:31:51] - Test Loss 	 Test Acc 	 PGD Loss 	 PGD Acc
[2025/09/21 07:31:51] - 3.4475 	 	 0.2822 	 3.5516 	 0.1582
[2025/09/21 07:33:15] - 6 	 49.7 	 	 0.0698 	 4.2753 	 0.1769
[2025/09/21 07:33:15] - ==> Building model..
[2025/09/21 07:33:53] - Test Loss 	 Test Acc 	 PGD Loss 	 PGD Acc
[2025/09/21 07:33:53] - 3.3118 	 	 0.3156 	 3.4403 	 0.1778
[2025/09/21 07:35:13] - 7 	 46.8 	 	 0.0798 	 4.2411 	 0.1935
[2025/09/21 07:35:13] - ==> Building model..
[2025/09/21 07:35:52] - Test Loss 	 Test Acc 	 PGD Loss 	 PGD Acc
[2025/09/21 07:35:52] - 3.1828 	 	 0.3523 	 3.3373 	 0.1934
[2025/09/21 07:37:17] - 8 	 50.2 	 	 0.0898 	 4.2098 	 0.2111
[2025/09/21 07:37:17] - ==> Building model..
[2025/09/21 07:37:56] - Test Loss 	 Test Acc 	 PGD Loss 	 PGD Acc
[2025/09/21 07:37:56] - 3.0746 	 	 0.3844 	 3.2524 	 0.2050
[2025/09/21 07:39:16] - 9 	 46.8 	 	 0.0997 	 4.1822 	 0.2281
[2025/09/21 07:39:16] - ==> Building model..
[2025/09/21 07:39:57] - Test Loss 	 Test Acc 	 PGD Loss 	 PGD Acc
[2025/09/21 07:39:57] - 3.0036 	 	 0.4031 	 3.1982 	 0.2141
[2025/09/21 07:41:16] - 10 	 44.3 	 	 0.1097 	 4.1597 	 0.2377
[2025/09/21 07:41:16] - ==> Building model..
[2025/09/21 07:41:57] - Test Loss 	 Test Acc 	 PGD Loss 	 PGD Acc
[2025/09/21 07:41:57] - 2.9573 	 	 0.4216 	 3.1662 	 0.2226
[2025/09/21 07:43:19] - 11 	 47.9 	 	 0.1197 	 4.1424 	 0.2464
[2025/09/21 07:43:19] - ==> Building model..
[2025/09/21 07:43:58] - Test Loss 	 Test Acc 	 PGD Loss 	 PGD Acc
[2025/09/21 07:43:58] - 2.9223 	 	 0.4360 	 3.1423 	 0.2304
[2025/09/21 07:45:18] - 12 	 45.7 	 	 0.1297 	 4.1247 	 0.2587
[2025/09/21 07:45:18] - ==> Building model..
[2025/09/21 07:46:00] - Test Loss 	 Test Acc 	 PGD Loss 	 PGD Acc
[2025/09/21 07:46:00] - 2.9148 	 	 0.4426 	 3.1406 	 0.2346
[2025/09/21 07:47:16] - 13 	 42.8 	 	 0.1396 	 4.1131 	 0.2642
[2025/09/21 07:47:16] - ==> Building model..
[2025/09/21 07:47:55] - Test Loss 	 Test Acc 	 PGD Loss 	 PGD Acc
[2025/09/21 07:47:55] - 2.9521 	 	 0.4475 	 3.1761 	 0.2396
[2025/09/21 07:49:16] - 14 	 47.3 	 	 0.1496 	 4.0993 	 0.2739
[2025/09/21 07:49:16] - ==> Building model..
[2025/09/21 07:49:55] - Test Loss 	 Test Acc 	 PGD Loss 	 PGD Acc
[2025/09/21 07:49:55] - 3.0278 	 	 0.4450 	 3.2431 	 0.2382
[2025/09/21 07:51:14] - 15 	 46.0 	 	 0.1596 	 4.0858 	 0.2809
[2025/09/21 07:51:14] - ==> Building model..
[2025/09/21 07:51:53] - Test Loss 	 Test Acc 	 PGD Loss 	 PGD Acc
[2025/09/21 07:51:53] - 3.1096 	 	 0.4358 	 3.3125 	 0.2318
[2025/09/21 07:53:10] - 16 	 45.4 	 	 0.1696 	 4.0775 	 0.2834
[2025/09/21 07:53:10] - ==> Building model..
[2025/09/21 07:53:48] - Test Loss 	 Test Acc 	 PGD Loss 	 PGD Acc
[2025/09/21 07:53:48] - 3.2272 	 	 0.4145 	 3.4106 	 0.2189
[2025/09/21 07:55:08] - 17 	 48.7 	 	 0.1795 	 4.0725 	 0.2883
[2025/09/21 07:55:08] - ==> Building model..
[2025/09/21 07:55:46] - Test Loss 	 Test Acc 	 PGD Loss 	 PGD Acc
[2025/09/21 07:55:46] - 3.3230 	 	 0.3952 	 3.4908 	 0.2088
[2025/09/21 07:57:06] - 18 	 47.9 	 	 0.1895 	 4.0644 	 0.2914
[2025/09/21 07:57:06] - ==> Building model..
[2025/09/21 07:57:41] - Test Loss 	 Test Acc 	 PGD Loss 	 PGD Acc
[2025/09/21 07:57:41] - 3.3821 	 	 0.3824 	 3.5399 	 0.1993
[2025/09/21 07:59:00] - 19 	 46.5 	 	 0.1995 	 4.0604 	 0.2965
[2025/09/21 07:59:00] - ==> Building model..
[2025/09/21 07:59:38] - Test Loss 	 Test Acc 	 PGD Loss 	 PGD Acc
[2025/09/21 07:59:38] - 3.3748 	 	 0.3860 	 3.5351 	 0.2003
[2025/09/21 08:00:58] - 20 	 49.0 	 	 0.1976 	 4.0537 	 0.3007
[2025/09/21 08:00:58] - ==> Building model..
[2025/09/21 08:01:35] - Test Loss 	 Test Acc 	 PGD Loss 	 PGD Acc
[2025/09/21 08:01:35] - 3.3281 	 	 0.3964 	 3.4968 	 0.2071
[2025/09/21 08:02:57] - 21 	 50.1 	 	 0.1951 	 4.0451 	 0.3045
[2025/09/21 08:02:57] - ==> Building model..
[2025/09/21 08:03:34] - Test Loss 	 Test Acc 	 PGD Loss 	 PGD Acc
[2025/09/21 08:03:34] - 3.2520 	 	 0.4143 	 3.4358 	 0.2163
[2025/09/21 08:04:57] - 22 	 50.5 	 	 0.1926 	 4.0406 	 0.3083
[2025/09/21 08:04:57] - ==> Building model..
[2025/09/21 08:05:31] - Test Loss 	 Test Acc 	 PGD Loss 	 PGD Acc
[2025/09/21 08:05:31] - 3.1538 	 	 0.4378 	 3.3574 	 0.2307
[2025/09/21 08:06:54] - 23 	 50.1 	 	 0.1902 	 4.0339 	 0.3092
[2025/09/21 08:06:54] - ==> Building model..
[2025/09/21 08:07:31] - Test Loss 	 Test Acc 	 PGD Loss 	 PGD Acc
[2025/09/21 08:07:31] - 3.0361 	 	 0.4585 	 3.2616 	 0.2439
[2025/09/21 08:08:52] - 24 	 48.0 	 	 0.1877 	 4.0248 	 0.3158
[2025/09/21 08:08:52] - ==> Building model..
[2025/09/21 08:09:30] - Test Loss 	 Test Acc 	 PGD Loss 	 PGD Acc
[2025/09/21 08:09:30] - 2.9274 	 	 0.4787 	 3.1737 	 0.2558
[2025/09/21 08:10:51] - 25 	 47.3 	 	 0.1852 	 4.0192 	 0.3209
[2025/09/21 08:10:51] - ==> Building model..
[2025/09/21 08:11:25] - Test Loss 	 Test Acc 	 PGD Loss 	 PGD Acc
[2025/09/21 08:11:25] - 2.8281 	 	 0.4949 	 3.0936 	 0.2649
[2025/09/21 08:12:49] - 26 	 48.3 	 	 0.1827 	 4.0123 	 0.3243
[2025/09/21 08:12:49] - ==> Building model..
[2025/09/21 08:13:29] - Test Loss 	 Test Acc 	 PGD Loss 	 PGD Acc
[2025/09/21 08:13:29] - 2.7564 	 	 0.5057 	 3.0348 	 0.2676
[2025/09/21 08:14:52] - 27 	 48.3 	 	 0.1802 	 4.0074 	 0.3280
[2025/09/21 08:14:52] - ==> Building model..
[2025/09/21 08:15:32] - Test Loss 	 Test Acc 	 PGD Loss 	 PGD Acc
[2025/09/21 08:15:32] - 2.6841 	 	 0.5166 	 2.9760 	 0.2734
[2025/09/21 08:16:50] - 28 	 45.5 	 	 0.1777 	 4.0026 	 0.3307
[2025/09/21 08:16:50] - ==> Building model..
[2025/09/21 08:17:27] - Test Loss 	 Test Acc 	 PGD Loss 	 PGD Acc
[2025/09/21 08:17:27] - 2.6313 	 	 0.5219 	 2.9325 	 0.2797
[2025/09/21 08:18:49] - 29 	 47.4 	 	 0.1752 	 3.9976 	 0.3326
[2025/09/21 08:18:49] - ==> Building model..
[2025/09/21 08:19:28] - Test Loss 	 Test Acc 	 PGD Loss 	 PGD Acc
[2025/09/21 08:19:28] - 2.5809 	 	 0.5288 	 2.8917 	 0.2826
[2025/09/21 08:20:46] - 30 	 45.5 	 	 0.1727 	 3.9947 	 0.3322
[2025/09/21 08:20:46] - ==> Building model..
[2025/09/21 08:21:26] - Test Loss 	 Test Acc 	 PGD Loss 	 PGD Acc
[2025/09/21 08:21:26] - 2.5317 	 	 0.5351 	 2.8518 	 0.2851
[2025/09/21 08:22:43] - 31 	 45.4 	 	 0.1702 	 3.9880 	 0.3382
[2025/09/21 08:22:43] - ==> Building model..
[2025/09/21 08:23:23] - Test Loss 	 Test Acc 	 PGD Loss 	 PGD Acc
[2025/09/21 08:23:23] - 2.5020 	 	 0.5405 	 2.8289 	 0.2874
[2025/09/21 08:24:40] - 32 	 44.4 	 	 0.1677 	 3.9839 	 0.3407
[2025/09/21 08:24:40] - ==> Building model..
[2025/09/21 08:25:18] - Test Loss 	 Test Acc 	 PGD Loss 	 PGD Acc
[2025/09/21 08:25:18] - 2.4704 	 	 0.5462 	 2.8028 	 0.2884
[2025/09/21 08:26:38] - 33 	 47.9 	 	 0.1652 	 3.9784 	 0.3463
[2025/09/21 08:26:38] - ==> Building model..
[2025/09/21 08:27:17] - Test Loss 	 Test Acc 	 PGD Loss 	 PGD Acc
[2025/09/21 08:27:17] - 2.4459 	 	 0.5495 	 2.7845 	 0.2905
[2025/09/21 08:28:39] - 34 	 48.0 	 	 0.1627 	 3.9745 	 0.3487
[2025/09/21 08:28:39] - ==> Building model..
[2025/09/21 08:29:17] - Test Loss 	 Test Acc 	 PGD Loss 	 PGD Acc
[2025/09/21 08:29:17] - 2.4248 	 	 0.5534 	 2.7672 	 0.2925
[2025/09/21 08:30:35] - 35 	 45.1 	 	 0.1602 	 3.9691 	 0.3522
[2025/09/21 08:30:35] - ==> Building model..
[2025/09/21 08:31:15] - Test Loss 	 Test Acc 	 PGD Loss 	 PGD Acc
[2025/09/21 08:31:15] - 2.4077 	 	 0.5556 	 2.7548 	 0.2925
[2025/09/21 08:32:31] - 36 	 46.4 	 	 0.1577 	 3.9657 	 0.3533
[2025/09/21 08:32:31] - ==> Building model..
[2025/09/21 08:33:08] - Test Loss 	 Test Acc 	 PGD Loss 	 PGD Acc
[2025/09/21 08:33:08] - 2.3899 	 	 0.5576 	 2.7400 	 0.2935
[2025/09/21 08:34:26] - 37 	 46.9 	 	 0.1552 	 3.9605 	 0.3581
[2025/09/21 08:34:26] - ==> Building model..
[2025/09/21 08:35:05] - Test Loss 	 Test Acc 	 PGD Loss 	 PGD Acc
[2025/09/21 08:35:05] - 2.3780 	 	 0.5577 	 2.7311 	 0.2950
[2025/09/21 08:36:25] - 38 	 46.2 	 	 0.1527 	 3.9555 	 0.3575
[2025/09/21 08:36:25] - ==> Building model..
[2025/09/21 08:37:03] - Test Loss 	 Test Acc 	 PGD Loss 	 PGD Acc
[2025/09/21 08:37:03] - 2.3637 	 	 0.5609 	 2.7203 	 0.2951
[2025/09/21 08:38:23] - 39 	 48.1 	 	 0.1503 	 3.9536 	 0.3640
[2025/09/21 08:38:23] - ==> Building model..
[2025/09/21 08:39:01] - Test Loss 	 Test Acc 	 PGD Loss 	 PGD Acc
[2025/09/21 08:39:01] - 2.3516 	 	 0.5634 	 2.7106 	 0.2961
[2025/09/21 08:40:22] - 40 	 48.8 	 	 0.1478 	 3.9485 	 0.3622
[2025/09/21 08:40:22] - ==> Building model..
[2025/09/21 08:40:57] - Test Loss 	 Test Acc 	 PGD Loss 	 PGD Acc
[2025/09/21 08:40:57] - 2.3401 	 	 0.5654 	 2.7022 	 0.2979
[2025/09/21 08:42:18] - 41 	 47.3 	 	 0.1453 	 3.9479 	 0.3612
[2025/09/21 08:42:18] - ==> Building model..
[2025/09/21 08:42:55] - Test Loss 	 Test Acc 	 PGD Loss 	 PGD Acc
[2025/09/21 08:42:55] - 2.3269 	 	 0.5677 	 2.6917 	 0.2979
[2025/09/21 08:44:18] - 42 	 48.7 	 	 0.1428 	 3.9422 	 0.3670
[2025/09/21 08:44:18] - ==> Building model..
[2025/09/21 08:44:56] - Test Loss 	 Test Acc 	 PGD Loss 	 PGD Acc
[2025/09/21 08:44:56] - 2.3184 	 	 0.5703 	 2.6859 	 0.2986
[2025/09/21 08:46:18] - 43 	 47.6 	 	 0.1403 	 3.9374 	 0.3704
[2025/09/21 08:46:18] - ==> Building model..
[2025/09/21 08:46:53] - Test Loss 	 Test Acc 	 PGD Loss 	 PGD Acc
[2025/09/21 08:46:53] - 2.3101 	 	 0.5722 	 2.6796 	 0.2986
[2025/09/21 08:48:12] - 44 	 44.4 	 	 0.1378 	 3.9347 	 0.3725
[2025/09/21 08:48:12] - ==> Building model..
[2025/09/21 08:48:52] - Test Loss 	 Test Acc 	 PGD Loss 	 PGD Acc
[2025/09/21 08:48:52] - 2.3023 	 	 0.5734 	 2.6739 	 0.2995
[2025/09/21 08:50:14] - 45 	 46.1 	 	 0.1353 	 3.9288 	 0.3771
[2025/09/21 08:50:14] - ==> Building model..
[2025/09/21 08:50:54] - Test Loss 	 Test Acc 	 PGD Loss 	 PGD Acc
[2025/09/21 08:50:54] - 2.2959 	 	 0.5750 	 2.6684 	 0.3009
[2025/09/21 08:52:15] - 46 	 46.1 	 	 0.1328 	 3.9261 	 0.3781
[2025/09/21 08:52:15] - ==> Building model..
[2025/09/21 08:52:53] - Test Loss 	 Test Acc 	 PGD Loss 	 PGD Acc
[2025/09/21 08:52:53] - 2.2903 	 	 0.5764 	 2.6639 	 0.3022
[2025/09/21 08:54:12] - 47 	 44.5 	 	 0.1303 	 3.9230 	 0.3783
[2025/09/21 08:54:12] - ==> Building model..
[2025/09/21 08:54:46] - Test Loss 	 Test Acc 	 PGD Loss 	 PGD Acc
[2025/09/21 08:54:46] - 2.2848 	 	 0.5784 	 2.6604 	 0.3027
[2025/09/21 08:56:06] - 48 	 47.1 	 	 0.1278 	 3.9172 	 0.3853
[2025/09/21 08:56:06] - ==> Building model..
[2025/09/21 08:56:43] - Test Loss 	 Test Acc 	 PGD Loss 	 PGD Acc
[2025/09/21 08:56:43] - 2.2791 	 	 0.5788 	 2.6561 	 0.3029
[2025/09/21 08:58:03] - 49 	 48.1 	 	 0.1253 	 3.9122 	 0.3886
[2025/09/21 08:58:03] - ==> Building model..
[2025/09/21 08:58:40] - Test Loss 	 Test Acc 	 PGD Loss 	 PGD Acc
[2025/09/21 08:58:40] - 2.2738 	 	 0.5797 	 2.6517 	 0.3031
[2025/09/21 09:00:01] - 50 	 48.0 	 	 0.1228 	 3.9086 	 0.3890
[2025/09/21 09:00:01] - ==> Building model..
[2025/09/21 09:00:35] - Test Loss 	 Test Acc 	 PGD Loss 	 PGD Acc
[2025/09/21 09:00:35] - 2.2700 	 	 0.5802 	 2.6488 	 0.3034
[2025/09/21 09:01:55] - 51 	 47.8 	 	 0.1203 	 3.9066 	 0.3896
[2025/09/21 09:01:55] - ==> Building model..
[2025/09/21 09:02:33] - Test Loss 	 Test Acc 	 PGD Loss 	 PGD Acc
[2025/09/21 09:02:33] - 2.2662 	 	 0.5803 	 2.6460 	 0.3034
[2025/09/21 09:03:54] - 52 	 49.2 	 	 0.1178 	 3.9038 	 0.3932
[2025/09/21 09:03:54] - ==> Building model..
[2025/09/21 09:04:31] - Test Loss 	 Test Acc 	 PGD Loss 	 PGD Acc
[2025/09/21 09:04:31] - 2.2632 	 	 0.5814 	 2.6430 	 0.3049
[2025/09/21 09:05:50] - 53 	 47.4 	 	 0.1153 	 3.8981 	 0.3986
[2025/09/21 09:05:50] - ==> Building model..
[2025/09/21 09:06:27] - Test Loss 	 Test Acc 	 PGD Loss 	 PGD Acc
[2025/09/21 09:06:27] - 2.2597 	 	 0.5814 	 2.6404 	 0.3056
[2025/09/21 09:07:47] - 54 	 46.3 	 	 0.1129 	 3.8970 	 0.4007
[2025/09/21 09:07:47] - ==> Building model..
[2025/09/21 09:08:24] - Test Loss 	 Test Acc 	 PGD Loss 	 PGD Acc
[2025/09/21 09:08:24] - 2.2576 	 	 0.5827 	 2.6387 	 0.3060
[2025/09/21 09:09:44] - 55 	 47.6 	 	 0.1104 	 3.8926 	 0.4031
[2025/09/21 09:09:44] - ==> Building model..
[2025/09/21 09:10:22] - Test Loss 	 Test Acc 	 PGD Loss 	 PGD Acc
[2025/09/21 09:10:22] - 2.2550 	 	 0.5834 	 2.6366 	 0.3060
[2025/09/21 09:11:37] - 56 	 45.6 	 	 0.1079 	 3.8897 	 0.4041
[2025/09/21 09:11:37] - ==> Building model..
[2025/09/21 09:12:16] - Test Loss 	 Test Acc 	 PGD Loss 	 PGD Acc
[2025/09/21 09:12:16] - 2.2529 	 	 0.5846 	 2.6349 	 0.3069
[2025/09/21 09:13:27] - 57 	 42.2 	 	 0.1054 	 3.8876 	 0.4077
[2025/09/21 09:13:27] - ==> Building model..
[2025/09/21 09:14:08] - Test Loss 	 Test Acc 	 PGD Loss 	 PGD Acc
[2025/09/21 09:14:08] - 2.2511 	 	 0.5855 	 2.6343 	 0.3054
[2025/09/21 09:15:23] - 58 	 45.5 	 	 0.1029 	 3.8824 	 0.4121
[2025/09/21 09:15:23] - ==> Building model..
[2025/09/21 09:16:02] - Test Loss 	 Test Acc 	 PGD Loss 	 PGD Acc
[2025/09/21 09:16:02] - 2.2504 	 	 0.5857 	 2.6330 	 0.3056
[2025/09/21 09:17:16] - 59 	 44.9 	 	 0.1004 	 3.8789 	 0.4134
[2025/09/21 09:17:16] - ==> Building model..
[2025/09/21 09:17:53] - Test Loss 	 Test Acc 	 PGD Loss 	 PGD Acc
[2025/09/21 09:17:53] - 2.2496 	 	 0.5865 	 2.6322 	 0.3060
[2025/09/21 09:19:08] - 60 	 46.9 	 	 0.0979 	 3.8740 	 0.4187
[2025/09/21 09:19:08] - ==> Building model..
[2025/09/21 09:19:39] - Test Loss 	 Test Acc 	 PGD Loss 	 PGD Acc
[2025/09/21 09:19:39] - 2.2498 	 	 0.5870 	 2.6327 	 0.3065
[2025/09/21 09:20:54] - 61 	 46.9 	 	 0.0954 	 3.8728 	 0.4206
[2025/09/21 09:20:54] - ==> Building model..
[2025/09/21 09:21:30] - Test Loss 	 Test Acc 	 PGD Loss 	 PGD Acc
[2025/09/21 09:21:30] - 2.2502 	 	 0.5867 	 2.6324 	 0.3064
[2025/09/21 09:22:46] - 62 	 48.5 	 	 0.0929 	 3.8682 	 0.4260
[2025/09/21 09:22:46] - ==> Building model..
[2025/09/21 09:23:23] - Test Loss 	 Test Acc 	 PGD Loss 	 PGD Acc
[2025/09/21 09:23:23] - 2.2510 	 	 0.5872 	 2.6326 	 0.3075
[2025/09/21 09:24:40] - 63 	 47.7 	 	 0.0904 	 3.8661 	 0.4271
[2025/09/21 09:24:40] - ==> Building model..
[2025/09/21 09:25:18] - Test Loss 	 Test Acc 	 PGD Loss 	 PGD Acc
[2025/09/21 09:25:18] - 2.2520 	 	 0.5876 	 2.6334 	 0.3068
[2025/09/21 09:26:32] - 64 	 44.9 	 	 0.0879 	 3.8599 	 0.4315
[2025/09/21 09:26:32] - ==> Building model..
[2025/09/21 09:27:08] - Test Loss 	 Test Acc 	 PGD Loss 	 PGD Acc
[2025/09/21 09:27:08] - 2.2537 	 	 0.5881 	 2.6347 	 0.3068
[2025/09/21 09:28:28] - 65 	 48.8 	 	 0.0854 	 3.8573 	 0.4331
[2025/09/21 09:28:28] - ==> Building model..
[2025/09/21 09:29:05] - Test Loss 	 Test Acc 	 PGD Loss 	 PGD Acc
[2025/09/21 09:29:05] - 2.2548 	 	 0.5879 	 2.6352 	 0.3082
[2025/09/21 09:30:30] - 66 	 48.7 	 	 0.0829 	 3.8530 	 0.4387
[2025/09/21 09:30:30] - ==> Building model..
[2025/09/21 09:31:09] - Test Loss 	 Test Acc 	 PGD Loss 	 PGD Acc
[2025/09/21 09:31:09] - 2.2571 	 	 0.5871 	 2.6378 	 0.3089
[2025/09/21 09:32:32] - 67 	 46.1 	 	 0.0804 	 3.8482 	 0.4422
[2025/09/21 09:32:32] - ==> Building model..
[2025/09/21 09:33:10] - Test Loss 	 Test Acc 	 PGD Loss 	 PGD Acc
[2025/09/21 09:33:10] - 2.2579 	 	 0.5873 	 2.6380 	 0.3087
[2025/09/21 09:34:34] - 68 	 49.0 	 	 0.0779 	 3.8452 	 0.4449
[2025/09/21 09:34:34] - ==> Building model..
[2025/09/21 09:35:12] - Test Loss 	 Test Acc 	 PGD Loss 	 PGD Acc
[2025/09/21 09:35:12] - 2.2601 	 	 0.5876 	 2.6394 	 0.3091
[2025/09/21 09:36:36] - 69 	 47.3 	 	 0.0754 	 3.8403 	 0.4498
[2025/09/21 09:36:36] - ==> Building model..
[2025/09/21 09:37:15] - Test Loss 	 Test Acc 	 PGD Loss 	 PGD Acc
[2025/09/21 09:37:15] - 2.2631 	 	 0.5875 	 2.6410 	 0.3087
[2025/09/21 09:38:27] - 70 	 43.2 	 	 0.0730 	 3.8345 	 0.4564
[2025/09/21 09:38:27] - ==> Building model..
[2025/09/21 09:39:05] - Test Loss 	 Test Acc 	 PGD Loss 	 PGD Acc
[2025/09/21 09:39:05] - 2.2659 	 	 0.5875 	 2.6438 	 0.3086
[2025/09/21 09:40:20] - 71 	 45.3 	 	 0.0705 	 3.8309 	 0.4600
[2025/09/21 09:40:20] - ==> Building model..
[2025/09/21 09:40:59] - Test Loss 	 Test Acc 	 PGD Loss 	 PGD Acc
[2025/09/21 09:40:59] - 2.2694 	 	 0.5877 	 2.6459 	 0.3094
[2025/09/21 09:42:13] - 72 	 44.4 	 	 0.0680 	 3.8249 	 0.4617
[2025/09/21 09:42:13] - ==> Building model..
[2025/09/21 09:42:51] - Test Loss 	 Test Acc 	 PGD Loss 	 PGD Acc
[2025/09/21 09:42:51] - 2.2714 	 	 0.5879 	 2.6478 	 0.3090
[2025/09/21 09:44:06] - 73 	 46.2 	 	 0.0655 	 3.8176 	 0.4673
[2025/09/21 09:44:06] - ==> Building model..
[2025/09/21 09:44:38] - Test Loss 	 Test Acc 	 PGD Loss 	 PGD Acc
[2025/09/21 09:44:38] - 2.2753 	 	 0.5880 	 2.6507 	 0.3104
[2025/09/21 09:45:53] - 74 	 46.4 	 	 0.0630 	 3.8123 	 0.4716
[2025/09/21 09:45:53] - ==> Building model..
[2025/09/21 09:46:30] - Test Loss 	 Test Acc 	 PGD Loss 	 PGD Acc
[2025/09/21 09:46:30] - 2.2777 	 	 0.5884 	 2.6526 	 0.3100
[2025/09/21 09:47:45] - 75 	 46.4 	 	 0.0605 	 3.8041 	 0.4797
[2025/09/21 09:47:45] - ==> Building model..
[2025/09/21 09:48:21] - Test Loss 	 Test Acc 	 PGD Loss 	 PGD Acc
[2025/09/21 09:48:21] - 2.2795 	 	 0.5883 	 2.6539 	 0.3097
[2025/09/21 09:49:37] - 76 	 47.0 	 	 0.0580 	 3.7960 	 0.4825
[2025/09/21 09:49:37] - ==> Building model..
[2025/09/21 09:50:15] - Test Loss 	 Test Acc 	 PGD Loss 	 PGD Acc
[2025/09/21 09:50:15] - 2.2802 	 	 0.5881 	 2.6545 	 0.3097
[2025/09/21 09:51:28] - 77 	 44.8 	 	 0.0555 	 3.7878 	 0.4913
[2025/09/21 09:51:28] - ==> Building model..
[2025/09/21 09:52:05] - Test Loss 	 Test Acc 	 PGD Loss 	 PGD Acc
[2025/09/21 09:52:05] - 2.2836 	 	 0.5878 	 2.6569 	 0.3103
[2025/09/21 09:53:22] - 78 	 48.0 	 	 0.0530 	 3.7809 	 0.4971
[2025/09/21 09:53:22] - ==> Building model..
[2025/09/21 09:53:59] - Test Loss 	 Test Acc 	 PGD Loss 	 PGD Acc
[2025/09/21 09:53:59] - 2.2843 	 	 0.5877 	 2.6575 	 0.3106
[2025/09/21 09:55:15] - 79 	 46.9 	 	 0.0505 	 3.7697 	 0.5055
[2025/09/21 09:55:15] - ==> Building model..
[2025/09/21 09:55:51] - Test Loss 	 Test Acc 	 PGD Loss 	 PGD Acc
[2025/09/21 09:55:51] - 2.2850 	 	 0.5879 	 2.6571 	 0.3095
[2025/09/21 09:57:04] - 80 	 44.8 	 	 0.0480 	 3.7608 	 0.5138
[2025/09/21 09:57:04] - ==> Building model..
[2025/09/21 09:57:41] - Test Loss 	 Test Acc 	 PGD Loss 	 PGD Acc
[2025/09/21 09:57:41] - 2.2858 	 	 0.5876 	 2.6584 	 0.3091
[2025/09/21 09:58:57] - 81 	 47.9 	 	 0.0455 	 3.7495 	 0.5256
[2025/09/21 09:58:57] - ==> Building model..
[2025/09/21 09:59:33] - Test Loss 	 Test Acc 	 PGD Loss 	 PGD Acc
[2025/09/21 09:59:33] - 2.2858 	 	 0.5876 	 2.6581 	 0.3100
[2025/09/21 10:00:49] - 82 	 47.9 	 	 0.0430 	 3.7424 	 0.5284
[2025/09/21 10:00:49] - ==> Building model..
[2025/09/21 10:01:25] - Test Loss 	 Test Acc 	 PGD Loss 	 PGD Acc
[2025/09/21 10:01:25] - 2.2858 	 	 0.5876 	 2.6587 	 0.3099
[2025/09/21 10:02:41] - 83 	 47.6 	 	 0.0405 	 3.7285 	 0.5404
[2025/09/21 10:02:41] - ==> Building model..
[2025/09/21 10:03:18] - Test Loss 	 Test Acc 	 PGD Loss 	 PGD Acc
[2025/09/21 10:03:18] - 2.2868 	 	 0.5877 	 2.6587 	 0.3102
[2025/09/21 10:04:30] - 84 	 43.6 	 	 0.0380 	 3.7182 	 0.5476
[2025/09/21 10:04:30] - ==> Building model..
[2025/09/21 10:05:07] - Test Loss 	 Test Acc 	 PGD Loss 	 PGD Acc
[2025/09/21 10:05:07] - 2.2868 	 	 0.5877 	 2.6592 	 0.3093
[2025/09/21 10:06:23] - 85 	 46.0 	 	 0.0355 	 3.7050 	 0.5582
[2025/09/21 10:06:23] - ==> Building model..
[2025/09/21 10:07:01] - Test Loss 	 Test Acc 	 PGD Loss 	 PGD Acc
[2025/09/21 10:07:01] - 2.2868 	 	 0.5877 	 2.6592 	 0.3100
[2025/09/21 10:08:14] - 86 	 43.9 	 	 0.0331 	 3.6926 	 0.5677
[2025/09/21 10:08:14] - ==> Building model..
[2025/09/21 10:08:54] - Test Loss 	 Test Acc 	 PGD Loss 	 PGD Acc
[2025/09/21 10:08:54] - 2.2868 	 	 0.5877 	 2.6590 	 0.3103
[2025/09/21 10:10:06] - 87 	 42.4 	 	 0.0306 	 3.6755 	 0.5875
[2025/09/21 10:10:06] - ==> Building model..
[2025/09/21 10:10:45] - Test Loss 	 Test Acc 	 PGD Loss 	 PGD Acc
[2025/09/21 10:10:45] - 2.2868 	 	 0.5877 	 2.6594 	 0.3102
[2025/09/21 10:11:59] - 88 	 44.2 	 	 0.0281 	 3.6592 	 0.6006
[2025/09/21 10:11:59] - ==> Building model..
[2025/09/21 10:12:37] - Test Loss 	 Test Acc 	 PGD Loss 	 PGD Acc
[2025/09/21 10:12:37] - 2.2868 	 	 0.5877 	 2.6595 	 0.3101
[2025/09/21 10:13:53] - 89 	 46.3 	 	 0.0256 	 3.6419 	 0.6169
[2025/09/21 10:13:53] - ==> Building model..
[2025/09/21 10:14:31] - Test Loss 	 Test Acc 	 PGD Loss 	 PGD Acc
[2025/09/21 10:14:31] - 2.2868 	 	 0.5877 	 2.6589 	 0.3092
[2025/09/21 10:15:47] - 90 	 46.9 	 	 0.0231 	 3.6237 	 0.6330
[2025/09/21 10:15:47] - ==> Building model..
[2025/09/21 10:16:17] - Test Loss 	 Test Acc 	 PGD Loss 	 PGD Acc
[2025/09/21 10:16:17] - 2.2868 	 	 0.5877 	 2.6597 	 0.3101
[2025/09/21 10:17:33] - 91 	 47.3 	 	 0.0206 	 3.6045 	 0.6496
[2025/09/21 10:17:33] - ==> Building model..
[2025/09/21 10:18:09] - Test Loss 	 Test Acc 	 PGD Loss 	 PGD Acc
[2025/09/21 10:18:09] - 2.2868 	 	 0.5877 	 2.6593 	 0.3097
[2025/09/21 10:19:26] - 92 	 48.2 	 	 0.0181 	 3.5795 	 0.6750
[2025/09/21 10:19:26] - ==> Building model..
[2025/09/21 10:20:03] - Test Loss 	 Test Acc 	 PGD Loss 	 PGD Acc
[2025/09/21 10:20:03] - 2.2868 	 	 0.5877 	 2.6598 	 0.3103
[2025/09/21 10:21:17] - 93 	 46.5 	 	 0.0156 	 3.5557 	 0.6987
[2025/09/21 10:21:17] - ==> Building model..
[2025/09/21 10:21:55] - Test Loss 	 Test Acc 	 PGD Loss 	 PGD Acc
[2025/09/21 10:21:55] - 2.2868 	 	 0.5877 	 2.6587 	 0.3102
[2025/09/21 10:23:08] - 94 	 44.8 	 	 0.0131 	 3.5295 	 0.7225
[2025/09/21 10:23:08] - ==> Building model..
[2025/09/21 10:23:45] - Test Loss 	 Test Acc 	 PGD Loss 	 PGD Acc
[2025/09/21 10:23:45] - 2.2868 	 	 0.5877 	 2.6593 	 0.3101
[2025/09/21 10:25:00] - 95 	 47.6 	 	 0.0106 	 3.5004 	 0.7512
[2025/09/21 10:25:00] - ==> Building model..
[2025/09/21 10:25:37] - Test Loss 	 Test Acc 	 PGD Loss 	 PGD Acc
[2025/09/21 10:25:37] - 2.2868 	 	 0.5877 	 2.6595 	 0.3101
[2025/09/21 10:26:53] - 96 	 48.1 	 	 0.0081 	 3.4723 	 0.7783
[2025/09/21 10:26:53] - ==> Building model..
[2025/09/21 10:27:26] - Test Loss 	 Test Acc 	 PGD Loss 	 PGD Acc
[2025/09/21 10:27:26] - 2.2868 	 	 0.5877 	 2.6592 	 0.3101
[2025/09/21 10:28:44] - 97 	 49.4 	 	 0.0056 	 3.4433 	 0.8056
[2025/09/21 10:28:44] - ==> Building model..
[2025/09/21 10:29:13] - Test Loss 	 Test Acc 	 PGD Loss 	 PGD Acc
[2025/09/21 10:29:13] - 2.2868 	 	 0.5877 	 2.6592 	 0.3101
[2025/09/21 10:30:28] - 98 	 47.0 	 	 0.0031 	 3.4134 	 0.8334
[2025/09/21 10:30:28] - ==> Building model..
[2025/09/21 10:31:05] - Test Loss 	 Test Acc 	 PGD Loss 	 PGD Acc
[2025/09/21 10:31:05] - 2.2868 	 	 0.5877 	 2.6588 	 0.3102
[2025/09/21 10:32:21] - 99 	 46.4 	 	 0.0006 	 3.3878 	 0.8557
[2025/09/21 10:32:21] - ==> Building model..
[2025/09/21 10:32:58] - Test Loss 	 Test Acc 	 PGD Loss 	 PGD Acc
[2025/09/21 10:32:58] - 2.2868 	 	 0.5877 	 2.6595 	 0.3100
[2025/09/21 10:32:59] - [0.0811, 0.1287, 0.1805, 0.2195, 0.2515, 0.2822, 0.3156, 0.3523, 0.3844, 0.4031, 0.4216, 0.436, 0.4426, 0.4475, 0.445, 0.4358, 0.4145, 0.3952, 0.3824, 0.386, 0.3964, 0.4143, 0.4378, 0.4585, 0.4787, 0.4949, 0.5057, 0.5166, 0.5219, 0.5288, 0.5351, 0.5405, 0.5462, 0.5495, 0.5534, 0.5556, 0.5576, 0.5577, 0.5609, 0.5634, 0.5654, 0.5677, 0.5703, 0.5722, 0.5734, 0.575, 0.5764, 0.5784, 0.5788, 0.5797, 0.5802, 0.5803, 0.5814, 0.5814, 0.5827, 0.5834, 0.5846, 0.5855, 0.5857, 0.5865, 0.587, 0.5867, 0.5872, 0.5876, 0.5881, 0.5879, 0.5871, 0.5873, 0.5876, 0.5875, 0.5875, 0.5877, 0.5879, 0.588, 0.5884, 0.5883, 0.5881, 0.5878, 0.5877, 0.5879, 0.5876, 0.5876, 0.5876, 0.5877, 0.5877, 0.5877, 0.5877, 0.5877, 0.5877, 0.5877, 0.5877, 0.5877, 0.5877, 0.5877, 0.5877, 0.5877, 0.5877, 0.5877, 0.5877, 0.5877]
[2025/09/21 10:32:59] - [0.0442, 0.0736, 0.1077, 0.1249, 0.1422, 0.1582, 0.1778, 0.1934, 0.205, 0.2141, 0.2226, 0.2304, 0.2346, 0.2396, 0.2382, 0.2318, 0.2189, 0.2088, 0.1993, 0.2003, 0.2071, 0.2163, 0.2307, 0.2439, 0.2558, 0.2649, 0.2676, 0.2734, 0.2797, 0.2826, 0.2851, 0.2874, 0.2884, 0.2905, 0.2925, 0.2925, 0.2935, 0.295, 0.2951, 0.2961, 0.2979, 0.2979, 0.2986, 0.2986, 0.2995, 0.3009, 0.3022, 0.3027, 0.3029, 0.3031, 0.3034, 0.3034, 0.3049, 0.3056, 0.306, 0.306, 0.3069, 0.3054, 0.3056, 0.306, 0.3065, 0.3064, 0.3075, 0.3068, 0.3068, 0.3082, 0.3089, 0.3087, 0.3091, 0.3087, 0.3086, 0.3094, 0.309, 0.3104, 0.31, 0.3097, 0.3097, 0.3103, 0.3106, 0.3095, 0.3091, 0.31, 0.3099, 0.3102, 0.3093, 0.31, 0.3103, 0.3102, 0.3101, 0.3092, 0.3101, 0.3097, 0.3103, 0.3102, 0.3101, 0.3101, 0.3101, 0.3101, 0.3102, 0.31]
