[2025/10/20 22:23:58] - Namespace(batch_size=128, data_dir='cifar-data', epochs=110, lr_schedule='multistep', lr_min=0.0, lr_max=0.2, weight_decay=0.0005, momentum=0.9, model='ResNet18', epsilon=8, alpha=8, delta_init='random', normal_mean=0, normal_std=1, out_dir='runs/beta_0.6/lam_44/lscale_0.09/seed_2', seed=2, lamda=44.0, lam_scale=0.09, lam_start=50, gamma=0.05, inner_gamma=0.05, beta=0.6, mu=3.5, batch_m=0.75, early_stop=False, factor=0.5, length=4, n_holes=1, c_num=0.125, EMA_value=0.55)
[2025/10/20 22:24:03] - ==> Building model..
[2025/10/20 22:24:03] - Epoch 	 Seconds 	 LR 	 	 Train Loss 	 Train Acc
[2025/10/20 22:24:53] - 0 	 27.8 	 	 0.2000 	 4.5784 	 0.0366
[2025/10/20 22:24:53] - ==> Building model..
[2025/10/20 22:25:17] - Test Loss 	 Test Acc 	 PGD Loss 	 PGD Acc
[2025/10/20 22:25:17] - 4.2490 	 	 0.0849 	 4.2608 	 0.0571
[2025/10/20 22:26:08] - 1 	 28.0 	 	 0.2000 	 4.4669 	 0.0733
[2025/10/20 22:26:08] - ==> Building model..
[2025/10/20 22:26:31] - Test Loss 	 Test Acc 	 PGD Loss 	 PGD Acc
[2025/10/20 22:26:31] - 4.0876 	 	 0.1340 	 4.1129 	 0.0857
[2025/10/20 22:27:24] - 2 	 29.0 	 	 0.2000 	 4.4093 	 0.1030
[2025/10/20 22:27:24] - ==> Building model..
[2025/10/20 22:27:48] - Test Loss 	 Test Acc 	 PGD Loss 	 PGD Acc
[2025/10/20 22:27:48] - 3.8767 	 	 0.1874 	 3.9245 	 0.1160
[2025/10/20 22:28:40] - 3 	 28.3 	 	 0.2000 	 4.3627 	 0.1246
[2025/10/20 22:28:40] - ==> Building model..
[2025/10/20 22:29:04] - Test Loss 	 Test Acc 	 PGD Loss 	 PGD Acc
[2025/10/20 22:29:04] - 3.7582 	 	 0.2225 	 3.8244 	 0.1324
[2025/10/20 22:29:56] - 4 	 28.7 	 	 0.2000 	 4.3221 	 0.1452
[2025/10/20 22:29:56] - ==> Building model..
[2025/10/20 22:30:20] - Test Loss 	 Test Acc 	 PGD Loss 	 PGD Acc
[2025/10/20 22:30:20] - 3.6080 	 	 0.2632 	 3.6982 	 0.1575
[2025/10/20 22:31:13] - 5 	 29.2 	 	 0.2000 	 4.2839 	 0.1661
[2025/10/20 22:31:13] - ==> Building model..
[2025/10/20 22:31:36] - Test Loss 	 Test Acc 	 PGD Loss 	 PGD Acc
[2025/10/20 22:31:36] - 3.4219 	 	 0.3024 	 3.5398 	 0.1785
[2025/10/20 22:32:28] - 6 	 28.4 	 	 0.2000 	 4.2510 	 0.1856
[2025/10/20 22:32:28] - ==> Building model..
[2025/10/20 22:32:51] - Test Loss 	 Test Acc 	 PGD Loss 	 PGD Acc
[2025/10/20 22:32:51] - 3.2320 	 	 0.3427 	 3.3770 	 0.1933
[2025/10/20 22:33:42] - 7 	 28.3 	 	 0.2000 	 4.2262 	 0.1966
[2025/10/20 22:33:42] - ==> Building model..
[2025/10/20 22:34:06] - Test Loss 	 Test Acc 	 PGD Loss 	 PGD Acc
[2025/10/20 22:34:06] - 3.0996 	 	 0.3694 	 3.2691 	 0.2037
[2025/10/20 22:34:58] - 8 	 29.1 	 	 0.2000 	 4.2097 	 0.2079
[2025/10/20 22:34:58] - ==> Building model..
[2025/10/20 22:35:22] - Test Loss 	 Test Acc 	 PGD Loss 	 PGD Acc
[2025/10/20 22:35:22] - 3.0052 	 	 0.3927 	 3.1936 	 0.2129
[2025/10/20 22:36:14] - 9 	 28.5 	 	 0.2000 	 4.1932 	 0.2157
[2025/10/20 22:36:14] - ==> Building model..
[2025/10/20 22:36:38] - Test Loss 	 Test Acc 	 PGD Loss 	 PGD Acc
[2025/10/20 22:36:38] - 2.9390 	 	 0.4091 	 3.1427 	 0.2207
[2025/10/20 22:37:32] - 10 	 29.6 	 	 0.2000 	 4.1824 	 0.2214
[2025/10/20 22:37:32] - ==> Building model..
[2025/10/20 22:37:57] - Test Loss 	 Test Acc 	 PGD Loss 	 PGD Acc
[2025/10/20 22:37:57] - 2.8785 	 	 0.4240 	 3.0971 	 0.2281
[2025/10/20 22:38:51] - 11 	 29.0 	 	 0.2000 	 4.1717 	 0.2277
[2025/10/20 22:38:51] - ==> Building model..
[2025/10/20 22:39:14] - Test Loss 	 Test Acc 	 PGD Loss 	 PGD Acc
[2025/10/20 22:39:14] - 2.8367 	 	 0.4363 	 3.0656 	 0.2307
[2025/10/20 22:40:08] - 12 	 29.4 	 	 0.2000 	 4.1636 	 0.2317
[2025/10/20 22:40:08] - ==> Building model..
[2025/10/20 22:40:31] - Test Loss 	 Test Acc 	 PGD Loss 	 PGD Acc
[2025/10/20 22:40:31] - 2.8044 	 	 0.4415 	 3.0405 	 0.2377
[2025/10/20 22:41:22] - 13 	 28.4 	 	 0.2000 	 4.1561 	 0.2374
[2025/10/20 22:41:22] - ==> Building model..
[2025/10/20 22:41:46] - Test Loss 	 Test Acc 	 PGD Loss 	 PGD Acc
[2025/10/20 22:41:46] - 2.7784 	 	 0.4493 	 3.0209 	 0.2403
[2025/10/20 22:42:40] - 14 	 29.1 	 	 0.2000 	 4.1497 	 0.2414
[2025/10/20 22:42:40] - ==> Building model..
[2025/10/20 22:43:04] - Test Loss 	 Test Acc 	 PGD Loss 	 PGD Acc
[2025/10/20 22:43:04] - 2.7555 	 	 0.4548 	 3.0046 	 0.2430
[2025/10/20 22:43:56] - 15 	 28.5 	 	 0.2000 	 4.1456 	 0.2430
[2025/10/20 22:43:56] - ==> Building model..
[2025/10/20 22:44:19] - Test Loss 	 Test Acc 	 PGD Loss 	 PGD Acc
[2025/10/20 22:44:19] - 2.7356 	 	 0.4608 	 2.9918 	 0.2456
[2025/10/20 22:45:12] - 16 	 29.1 	 	 0.2000 	 4.1391 	 0.2462
[2025/10/20 22:45:12] - ==> Building model..
[2025/10/20 22:45:36] - Test Loss 	 Test Acc 	 PGD Loss 	 PGD Acc
[2025/10/20 22:45:36] - 2.7133 	 	 0.4648 	 2.9736 	 0.2455
[2025/10/20 22:46:29] - 17 	 29.5 	 	 0.2000 	 4.1359 	 0.2466
[2025/10/20 22:46:29] - ==> Building model..
[2025/10/20 22:46:53] - Test Loss 	 Test Acc 	 PGD Loss 	 PGD Acc
[2025/10/20 22:46:53] - 2.6977 	 	 0.4670 	 2.9600 	 0.2510
[2025/10/20 22:47:47] - 18 	 29.9 	 	 0.2000 	 4.1312 	 0.2525
[2025/10/20 22:47:47] - ==> Building model..
[2025/10/20 22:48:11] - Test Loss 	 Test Acc 	 PGD Loss 	 PGD Acc
[2025/10/20 22:48:11] - 2.6834 	 	 0.4711 	 2.9482 	 0.2506
[2025/10/20 22:49:03] - 19 	 29.0 	 	 0.2000 	 4.1276 	 0.2548
[2025/10/20 22:49:03] - ==> Building model..
[2025/10/20 22:49:28] - Test Loss 	 Test Acc 	 PGD Loss 	 PGD Acc
[2025/10/20 22:49:28] - 2.6718 	 	 0.4745 	 2.9404 	 0.2533
[2025/10/20 22:50:35] - 20 	 46.2 	 	 0.2000 	 4.1242 	 0.2561
[2025/10/20 22:50:35] - ==> Building model..
[2025/10/20 22:50:59] - Test Loss 	 Test Acc 	 PGD Loss 	 PGD Acc
[2025/10/20 22:50:59] - 2.6557 	 	 0.4797 	 2.9291 	 0.2571
[2025/10/20 22:51:50] - 21 	 28.1 	 	 0.2000 	 4.1233 	 0.2551
[2025/10/20 22:51:50] - ==> Building model..
[2025/10/20 22:52:13] - Test Loss 	 Test Acc 	 PGD Loss 	 PGD Acc
[2025/10/20 22:52:13] - 2.6486 	 	 0.4821 	 2.9252 	 0.2577
[2025/10/20 22:53:03] - 22 	 28.0 	 	 0.2000 	 4.1206 	 0.2589
[2025/10/20 22:53:03] - ==> Building model..
[2025/10/20 22:53:27] - Test Loss 	 Test Acc 	 PGD Loss 	 PGD Acc
[2025/10/20 22:53:27] - 2.6410 	 	 0.4831 	 2.9177 	 0.2592
[2025/10/20 22:54:18] - 23 	 27.5 	 	 0.2000 	 4.1206 	 0.2587
[2025/10/20 22:54:18] - ==> Building model..
[2025/10/20 22:54:42] - Test Loss 	 Test Acc 	 PGD Loss 	 PGD Acc
[2025/10/20 22:54:42] - 2.6412 	 	 0.4850 	 2.9184 	 0.2611
[2025/10/20 22:55:34] - 24 	 28.8 	 	 0.2000 	 4.1148 	 0.2636
[2025/10/20 22:55:34] - ==> Building model..
[2025/10/20 22:55:58] - Test Loss 	 Test Acc 	 PGD Loss 	 PGD Acc
[2025/10/20 22:55:58] - 2.6331 	 	 0.4872 	 2.9134 	 0.2612
[2025/10/20 22:56:50] - 25 	 29.2 	 	 0.2000 	 4.1143 	 0.2632
[2025/10/20 22:56:50] - ==> Building model..
[2025/10/20 22:57:14] - Test Loss 	 Test Acc 	 PGD Loss 	 PGD Acc
[2025/10/20 22:57:14] - 2.6276 	 	 0.4904 	 2.9092 	 0.2606
[2025/10/20 22:58:04] - 26 	 28.0 	 	 0.2000 	 4.1148 	 0.2625
[2025/10/20 22:58:04] - ==> Building model..
[2025/10/20 22:58:28] - Test Loss 	 Test Acc 	 PGD Loss 	 PGD Acc
[2025/10/20 22:58:28] - 2.6281 	 	 0.4913 	 2.9085 	 0.2631
[2025/10/20 22:59:19] - 27 	 28.9 	 	 0.2000 	 4.1104 	 0.2630
[2025/10/20 22:59:19] - ==> Building model..
[2025/10/20 22:59:42] - Test Loss 	 Test Acc 	 PGD Loss 	 PGD Acc
[2025/10/20 22:59:42] - 2.6250 	 	 0.4929 	 2.9077 	 0.2636
[2025/10/20 23:00:35] - 28 	 29.3 	 	 0.2000 	 4.1082 	 0.2649
[2025/10/20 23:00:35] - ==> Building model..
[2025/10/20 23:00:59] - Test Loss 	 Test Acc 	 PGD Loss 	 PGD Acc
[2025/10/20 23:00:59] - 2.6150 	 	 0.4965 	 2.9002 	 0.2641
[2025/10/20 23:01:51] - 29 	 28.2 	 	 0.2000 	 4.1085 	 0.2653
[2025/10/20 23:01:51] - ==> Building model..
[2025/10/20 23:02:14] - Test Loss 	 Test Acc 	 PGD Loss 	 PGD Acc
[2025/10/20 23:02:14] - 2.6094 	 	 0.4967 	 2.8969 	 0.2652
[2025/10/20 23:03:05] - 30 	 28.1 	 	 0.2000 	 4.1072 	 0.2670
[2025/10/20 23:03:05] - ==> Building model..
[2025/10/20 23:03:29] - Test Loss 	 Test Acc 	 PGD Loss 	 PGD Acc
[2025/10/20 23:03:29] - 2.6037 	 	 0.4982 	 2.8922 	 0.2666
[2025/10/20 23:04:19] - 31 	 28.2 	 	 0.2000 	 4.1066 	 0.2678
[2025/10/20 23:04:19] - ==> Building model..
[2025/10/20 23:04:44] - Test Loss 	 Test Acc 	 PGD Loss 	 PGD Acc
[2025/10/20 23:04:44] - 2.6031 	 	 0.4979 	 2.8915 	 0.2674
[2025/10/20 23:05:36] - 32 	 28.7 	 	 0.2000 	 4.1055 	 0.2675
[2025/10/20 23:05:36] - ==> Building model..
[2025/10/20 23:06:00] - Test Loss 	 Test Acc 	 PGD Loss 	 PGD Acc
[2025/10/20 23:06:00] - 2.5983 	 	 0.5003 	 2.8874 	 0.2690
[2025/10/20 23:06:53] - 33 	 29.4 	 	 0.2000 	 4.1024 	 0.2705
[2025/10/20 23:06:53] - ==> Building model..
[2025/10/20 23:07:17] - Test Loss 	 Test Acc 	 PGD Loss 	 PGD Acc
[2025/10/20 23:07:17] - 2.5996 	 	 0.4990 	 2.8884 	 0.2689
[2025/10/20 23:08:10] - 34 	 29.3 	 	 0.2000 	 4.1040 	 0.2667
[2025/10/20 23:08:10] - ==> Building model..
[2025/10/20 23:08:34] - Test Loss 	 Test Acc 	 PGD Loss 	 PGD Acc
[2025/10/20 23:08:34] - 2.5970 	 	 0.5013 	 2.8879 	 0.2696
[2025/10/20 23:09:27] - 35 	 29.6 	 	 0.2000 	 4.1005 	 0.2693
[2025/10/20 23:09:27] - ==> Building model..
[2025/10/20 23:09:51] - Test Loss 	 Test Acc 	 PGD Loss 	 PGD Acc
[2025/10/20 23:09:51] - 2.5932 	 	 0.5036 	 2.8853 	 0.2706
[2025/10/20 23:10:41] - 36 	 28.4 	 	 0.2000 	 4.1029 	 0.2695
[2025/10/20 23:10:41] - ==> Building model..
[2025/10/20 23:11:05] - Test Loss 	 Test Acc 	 PGD Loss 	 PGD Acc
[2025/10/20 23:11:05] - 2.5904 	 	 0.5042 	 2.8837 	 0.2704
[2025/10/20 23:11:59] - 37 	 29.3 	 	 0.2000 	 4.1000 	 0.2712
[2025/10/20 23:11:59] - ==> Building model..
[2025/10/20 23:12:23] - Test Loss 	 Test Acc 	 PGD Loss 	 PGD Acc
[2025/10/20 23:12:23] - 2.5857 	 	 0.5028 	 2.8787 	 0.2723
[2025/10/20 23:13:15] - 38 	 29.1 	 	 0.2000 	 4.0981 	 0.2710
[2025/10/20 23:13:15] - ==> Building model..
[2025/10/20 23:13:39] - Test Loss 	 Test Acc 	 PGD Loss 	 PGD Acc
[2025/10/20 23:13:39] - 2.5832 	 	 0.5051 	 2.8775 	 0.2717
[2025/10/20 23:14:31] - 39 	 28.9 	 	 0.2000 	 4.0986 	 0.2716
[2025/10/20 23:14:31] - ==> Building model..
[2025/10/20 23:14:55] - Test Loss 	 Test Acc 	 PGD Loss 	 PGD Acc
[2025/10/20 23:14:55] - 2.5826 	 	 0.5068 	 2.8772 	 0.2724
[2025/10/20 23:15:46] - 40 	 28.6 	 	 0.2000 	 4.0983 	 0.2724
[2025/10/20 23:15:46] - ==> Building model..
[2025/10/20 23:16:11] - Test Loss 	 Test Acc 	 PGD Loss 	 PGD Acc
[2025/10/20 23:16:11] - 2.5816 	 	 0.5057 	 2.8771 	 0.2728
[2025/10/20 23:17:02] - 41 	 28.5 	 	 0.2000 	 4.0954 	 0.2727
[2025/10/20 23:17:02] - ==> Building model..
[2025/10/20 23:17:26] - Test Loss 	 Test Acc 	 PGD Loss 	 PGD Acc
[2025/10/20 23:17:26] - 2.5787 	 	 0.5058 	 2.8745 	 0.2727
[2025/10/20 23:18:18] - 42 	 28.9 	 	 0.2000 	 4.0952 	 0.2724
[2025/10/20 23:18:18] - ==> Building model..
[2025/10/20 23:18:42] - Test Loss 	 Test Acc 	 PGD Loss 	 PGD Acc
[2025/10/20 23:18:42] - 2.5753 	 	 0.5065 	 2.8718 	 0.2739
[2025/10/20 23:19:35] - 43 	 29.8 	 	 0.2000 	 4.0946 	 0.2736
[2025/10/20 23:19:35] - ==> Building model..
[2025/10/20 23:20:00] - Test Loss 	 Test Acc 	 PGD Loss 	 PGD Acc
[2025/10/20 23:20:00] - 2.5717 	 	 0.5075 	 2.8684 	 0.2732
[2025/10/20 23:20:52] - 44 	 28.5 	 	 0.2000 	 4.0952 	 0.2725
[2025/10/20 23:20:52] - ==> Building model..
[2025/10/20 23:21:16] - Test Loss 	 Test Acc 	 PGD Loss 	 PGD Acc
[2025/10/20 23:21:16] - 2.5705 	 	 0.5090 	 2.8682 	 0.2733
[2025/10/20 23:22:05] - 45 	 27.8 	 	 0.2000 	 4.0943 	 0.2717
[2025/10/20 23:22:05] - ==> Building model..
[2025/10/20 23:22:29] - Test Loss 	 Test Acc 	 PGD Loss 	 PGD Acc
[2025/10/20 23:22:29] - 2.5710 	 	 0.5105 	 2.8681 	 0.2725
[2025/10/20 23:23:20] - 46 	 28.3 	 	 0.2000 	 4.0938 	 0.2756
[2025/10/20 23:23:20] - ==> Building model..
[2025/10/20 23:23:44] - Test Loss 	 Test Acc 	 PGD Loss 	 PGD Acc
[2025/10/20 23:23:44] - 2.5676 	 	 0.5104 	 2.8652 	 0.2734
[2025/10/20 23:24:35] - 47 	 28.2 	 	 0.2000 	 4.0906 	 0.2778
[2025/10/20 23:24:35] - ==> Building model..
[2025/10/20 23:24:58] - Test Loss 	 Test Acc 	 PGD Loss 	 PGD Acc
[2025/10/20 23:24:58] - 2.5670 	 	 0.5092 	 2.8643 	 0.2740
[2025/10/20 23:25:50] - 48 	 29.1 	 	 0.2000 	 4.0941 	 0.2743
[2025/10/20 23:25:50] - ==> Building model..
[2025/10/20 23:26:14] - Test Loss 	 Test Acc 	 PGD Loss 	 PGD Acc
[2025/10/20 23:26:14] - 2.5657 	 	 0.5092 	 2.8625 	 0.2744
[2025/10/20 23:27:05] - 49 	 28.5 	 	 0.2000 	 4.0917 	 0.2756
[2025/10/20 23:27:05] - ==> Building model..
[2025/10/20 23:27:28] - Test Loss 	 Test Acc 	 PGD Loss 	 PGD Acc
[2025/10/20 23:27:28] - 2.5646 	 	 0.5091 	 2.8620 	 0.2741
[2025/10/20 23:28:20] - 50 	 28.6 	 	 0.2000 	 4.0918 	 0.2739
[2025/10/20 23:28:20] - ==> Building model..
[2025/10/20 23:28:44] - Test Loss 	 Test Acc 	 PGD Loss 	 PGD Acc
[2025/10/20 23:28:44] - 2.5638 	 	 0.5088 	 2.8611 	 0.2775
[2025/10/20 23:29:36] - 51 	 28.8 	 	 0.2000 	 4.0922 	 0.2751
[2025/10/20 23:29:36] - ==> Building model..
[2025/10/20 23:30:00] - Test Loss 	 Test Acc 	 PGD Loss 	 PGD Acc
[2025/10/20 23:30:00] - 2.5627 	 	 0.5104 	 2.8608 	 0.2765
[2025/10/20 23:30:50] - 52 	 28.8 	 	 0.2000 	 4.0919 	 0.2766
[2025/10/20 23:30:50] - ==> Building model..
[2025/10/20 23:31:14] - Test Loss 	 Test Acc 	 PGD Loss 	 PGD Acc
[2025/10/20 23:31:14] - 2.5642 	 	 0.5124 	 2.8626 	 0.2776
[2025/10/20 23:32:07] - 53 	 29.1 	 	 0.2000 	 4.0911 	 0.2778
[2025/10/20 23:32:07] - ==> Building model..
[2025/10/20 23:32:31] - Test Loss 	 Test Acc 	 PGD Loss 	 PGD Acc
[2025/10/20 23:32:31] - 2.5645 	 	 0.5114 	 2.8626 	 0.2765
[2025/10/20 23:33:22] - 54 	 28.8 	 	 0.2000 	 4.0905 	 0.2769
[2025/10/20 23:33:22] - ==> Building model..
[2025/10/20 23:33:50] - Test Loss 	 Test Acc 	 PGD Loss 	 PGD Acc
[2025/10/20 23:33:50] - 2.5650 	 	 0.5118 	 2.8631 	 0.2768
[2025/10/20 23:35:01] - 55 	 50.2 	 	 0.2000 	 4.0938 	 0.2743
[2025/10/20 23:35:01] - ==> Building model..
[2025/10/20 23:35:38] - Test Loss 	 Test Acc 	 PGD Loss 	 PGD Acc
[2025/10/20 23:35:38] - 2.5689 	 	 0.5110 	 2.8660 	 0.2754
[2025/10/20 23:36:49] - 56 	 51.0 	 	 0.2000 	 4.0919 	 0.2757
[2025/10/20 23:36:49] - ==> Building model..
[2025/10/20 23:37:27] - Test Loss 	 Test Acc 	 PGD Loss 	 PGD Acc
[2025/10/20 23:37:27] - 2.5691 	 	 0.5119 	 2.8657 	 0.2780
[2025/10/20 23:38:41] - 57 	 52.0 	 	 0.2000 	 4.0929 	 0.2774
[2025/10/20 23:38:41] - ==> Building model..
[2025/10/20 23:39:19] - Test Loss 	 Test Acc 	 PGD Loss 	 PGD Acc
[2025/10/20 23:39:19] - 2.5703 	 	 0.5136 	 2.8664 	 0.2785
[2025/10/20 23:40:31] - 58 	 50.3 	 	 0.2000 	 4.0946 	 0.2756
[2025/10/20 23:40:31] - ==> Building model..
[2025/10/20 23:40:58] - Test Loss 	 Test Acc 	 PGD Loss 	 PGD Acc
[2025/10/20 23:40:58] - 2.5748 	 	 0.5124 	 2.8698 	 0.2771
[2025/10/20 23:41:50] - 59 	 29.1 	 	 0.2000 	 4.0934 	 0.2790
[2025/10/20 23:41:50] - ==> Building model..
[2025/10/20 23:42:14] - Test Loss 	 Test Acc 	 PGD Loss 	 PGD Acc
[2025/10/20 23:42:14] - 2.5770 	 	 0.5118 	 2.8708 	 0.2779
[2025/10/20 23:43:06] - 60 	 28.9 	 	 0.2000 	 4.0944 	 0.2776
[2025/10/20 23:43:06] - ==> Building model..
[2025/10/20 23:43:30] - Test Loss 	 Test Acc 	 PGD Loss 	 PGD Acc
[2025/10/20 23:43:30] - 2.5819 	 	 0.5113 	 2.8742 	 0.2787
[2025/10/20 23:44:21] - 61 	 28.3 	 	 0.2000 	 4.0951 	 0.2764
[2025/10/20 23:44:21] - ==> Building model..
[2025/10/20 23:44:44] - Test Loss 	 Test Acc 	 PGD Loss 	 PGD Acc
[2025/10/20 23:44:44] - 2.5838 	 	 0.5106 	 2.8759 	 0.2790
[2025/10/20 23:45:35] - 62 	 28.7 	 	 0.2000 	 4.0941 	 0.2779
[2025/10/20 23:45:35] - ==> Building model..
[2025/10/20 23:45:59] - Test Loss 	 Test Acc 	 PGD Loss 	 PGD Acc
[2025/10/20 23:45:59] - 2.5858 	 	 0.5117 	 2.8769 	 0.2799
[2025/10/20 23:46:50] - 63 	 28.2 	 	 0.2000 	 4.0949 	 0.2782
[2025/10/20 23:46:50] - ==> Building model..
[2025/10/20 23:47:14] - Test Loss 	 Test Acc 	 PGD Loss 	 PGD Acc
[2025/10/20 23:47:14] - 2.5902 	 	 0.5124 	 2.8798 	 0.2800
[2025/10/20 23:48:05] - 64 	 28.0 	 	 0.2000 	 4.0941 	 0.2769
[2025/10/20 23:48:05] - ==> Building model..
[2025/10/20 23:48:29] - Test Loss 	 Test Acc 	 PGD Loss 	 PGD Acc
[2025/10/20 23:48:29] - 2.5918 	 	 0.5131 	 2.8807 	 0.2793
[2025/10/20 23:49:22] - 65 	 29.5 	 	 0.2000 	 4.0958 	 0.2790
[2025/10/20 23:49:22] - ==> Building model..
[2025/10/20 23:49:46] - Test Loss 	 Test Acc 	 PGD Loss 	 PGD Acc
[2025/10/20 23:49:46] - 2.5939 	 	 0.5138 	 2.8818 	 0.2799
[2025/10/20 23:50:41] - 66 	 32.7 	 	 0.2000 	 4.0950 	 0.2780
[2025/10/20 23:50:41] - ==> Building model..
[2025/10/20 23:51:17] - Test Loss 	 Test Acc 	 PGD Loss 	 PGD Acc
[2025/10/20 23:51:17] - 2.5983 	 	 0.5134 	 2.8851 	 0.2799
[2025/10/20 23:52:28] - 67 	 51.3 	 	 0.2000 	 4.0926 	 0.2799
[2025/10/20 23:52:28] - ==> Building model..
[2025/10/20 23:53:06] - Test Loss 	 Test Acc 	 PGD Loss 	 PGD Acc
[2025/10/20 23:53:06] - 2.5987 	 	 0.5136 	 2.8850 	 0.2797
[2025/10/20 23:54:04] - 68 	 36.1 	 	 0.2000 	 4.0928 	 0.2813
[2025/10/20 23:54:04] - ==> Building model..
[2025/10/20 23:54:29] - Test Loss 	 Test Acc 	 PGD Loss 	 PGD Acc
[2025/10/20 23:54:29] - 2.6004 	 	 0.5128 	 2.8868 	 0.2801
[2025/10/20 23:55:24] - 69 	 29.7 	 	 0.2000 	 4.0956 	 0.2769
[2025/10/20 23:55:24] - ==> Building model..
[2025/10/20 23:55:50] - Test Loss 	 Test Acc 	 PGD Loss 	 PGD Acc
[2025/10/20 23:55:50] - 2.6021 	 	 0.5126 	 2.8879 	 0.2798
[2025/10/20 23:56:41] - 70 	 28.2 	 	 0.2000 	 4.0951 	 0.2774
[2025/10/20 23:56:41] - ==> Building model..
[2025/10/20 23:57:04] - Test Loss 	 Test Acc 	 PGD Loss 	 PGD Acc
[2025/10/20 23:57:04] - 2.6054 	 	 0.5119 	 2.8902 	 0.2800
[2025/10/20 23:57:57] - 71 	 29.5 	 	 0.2000 	 4.0915 	 0.2794
[2025/10/20 23:57:57] - ==> Building model..
[2025/10/20 23:58:21] - Test Loss 	 Test Acc 	 PGD Loss 	 PGD Acc
[2025/10/20 23:58:21] - 2.6059 	 	 0.5120 	 2.8905 	 0.2808
[2025/10/20 23:59:10] - 72 	 27.3 	 	 0.2000 	 4.0939 	 0.2795
[2025/10/20 23:59:10] - ==> Building model..
[2025/10/20 23:59:34] - Test Loss 	 Test Acc 	 PGD Loss 	 PGD Acc
[2025/10/20 23:59:34] - 2.6083 	 	 0.5121 	 2.8921 	 0.2793
[2025/10/21 00:00:26] - 73 	 29.0 	 	 0.2000 	 4.0917 	 0.2801
[2025/10/21 00:00:26] - ==> Building model..
[2025/10/21 00:00:50] - Test Loss 	 Test Acc 	 PGD Loss 	 PGD Acc
[2025/10/21 00:00:50] - 2.6093 	 	 0.5132 	 2.8933 	 0.2798
[2025/10/21 00:01:42] - 74 	 28.5 	 	 0.2000 	 4.0935 	 0.2794
[2025/10/21 00:01:42] - ==> Building model..
[2025/10/21 00:02:06] - Test Loss 	 Test Acc 	 PGD Loss 	 PGD Acc
[2025/10/21 00:02:06] - 2.6116 	 	 0.5126 	 2.8946 	 0.2816
[2025/10/21 00:02:57] - 75 	 28.1 	 	 0.2000 	 4.0932 	 0.2795
[2025/10/21 00:02:57] - ==> Building model..
[2025/10/21 00:03:21] - Test Loss 	 Test Acc 	 PGD Loss 	 PGD Acc
[2025/10/21 00:03:21] - 2.6139 	 	 0.5122 	 2.8968 	 0.2804
[2025/10/21 00:04:14] - 76 	 28.7 	 	 0.2000 	 4.0913 	 0.2797
[2025/10/21 00:04:14] - ==> Building model..
[2025/10/21 00:04:38] - Test Loss 	 Test Acc 	 PGD Loss 	 PGD Acc
[2025/10/21 00:04:38] - 2.6154 	 	 0.5120 	 2.8977 	 0.2802
[2025/10/21 00:05:29] - 77 	 28.9 	 	 0.2000 	 4.0932 	 0.2786
[2025/10/21 00:05:29] - ==> Building model..
[2025/10/21 00:05:53] - Test Loss 	 Test Acc 	 PGD Loss 	 PGD Acc
[2025/10/21 00:05:53] - 2.6145 	 	 0.5123 	 2.8966 	 0.2809
[2025/10/21 00:06:44] - 78 	 28.1 	 	 0.2000 	 4.0924 	 0.2782
[2025/10/21 00:06:44] - ==> Building model..
[2025/10/21 00:07:08] - Test Loss 	 Test Acc 	 PGD Loss 	 PGD Acc
[2025/10/21 00:07:08] - 2.6143 	 	 0.5116 	 2.8968 	 0.2818
[2025/10/21 00:07:59] - 79 	 28.8 	 	 0.2000 	 4.0928 	 0.2782
[2025/10/21 00:07:59] - ==> Building model..
[2025/10/21 00:08:23] - Test Loss 	 Test Acc 	 PGD Loss 	 PGD Acc
[2025/10/21 00:08:23] - 2.6147 	 	 0.5127 	 2.8977 	 0.2815
[2025/10/21 00:09:16] - 80 	 29.2 	 	 0.2000 	 4.0926 	 0.2786
[2025/10/21 00:09:16] - ==> Building model..
[2025/10/21 00:09:41] - Test Loss 	 Test Acc 	 PGD Loss 	 PGD Acc
[2025/10/21 00:09:41] - 2.6156 	 	 0.5124 	 2.8977 	 0.2815
[2025/10/21 00:10:33] - 81 	 28.2 	 	 0.2000 	 4.0910 	 0.2790
[2025/10/21 00:10:33] - ==> Building model..
[2025/10/21 00:10:55] - Test Loss 	 Test Acc 	 PGD Loss 	 PGD Acc
[2025/10/21 00:10:55] - 2.6155 	 	 0.5131 	 2.8982 	 0.2815
[2025/10/21 00:11:48] - 82 	 29.0 	 	 0.2000 	 4.0925 	 0.2789
[2025/10/21 00:11:48] - ==> Building model..
[2025/10/21 00:12:12] - Test Loss 	 Test Acc 	 PGD Loss 	 PGD Acc
[2025/10/21 00:12:12] - 2.6163 	 	 0.5131 	 2.8984 	 0.2825
[2025/10/21 00:13:04] - 83 	 28.4 	 	 0.2000 	 4.0937 	 0.2763
[2025/10/21 00:13:04] - ==> Building model..
[2025/10/21 00:13:28] - Test Loss 	 Test Acc 	 PGD Loss 	 PGD Acc
[2025/10/21 00:13:28] - 2.6155 	 	 0.5138 	 2.8981 	 0.2824
[2025/10/21 00:14:19] - 84 	 28.2 	 	 0.2000 	 4.0927 	 0.2782
[2025/10/21 00:14:19] - ==> Building model..
[2025/10/21 00:14:42] - Test Loss 	 Test Acc 	 PGD Loss 	 PGD Acc
[2025/10/21 00:14:42] - 2.6160 	 	 0.5140 	 2.8989 	 0.2826
[2025/10/21 00:15:35] - 85 	 29.3 	 	 0.2000 	 4.0925 	 0.2796
[2025/10/21 00:15:35] - ==> Building model..
[2025/10/21 00:15:59] - Test Loss 	 Test Acc 	 PGD Loss 	 PGD Acc
[2025/10/21 00:15:59] - 2.6175 	 	 0.5133 	 2.9000 	 0.2827
[2025/10/21 00:16:50] - 86 	 28.3 	 	 0.2000 	 4.0936 	 0.2782
[2025/10/21 00:16:50] - ==> Building model..
[2025/10/21 00:17:13] - Test Loss 	 Test Acc 	 PGD Loss 	 PGD Acc
[2025/10/21 00:17:13] - 2.6188 	 	 0.5124 	 2.9006 	 0.2817
[2025/10/21 00:18:04] - 87 	 28.2 	 	 0.2000 	 4.0934 	 0.2790
[2025/10/21 00:18:04] - ==> Building model..
[2025/10/21 00:18:27] - Test Loss 	 Test Acc 	 PGD Loss 	 PGD Acc
[2025/10/21 00:18:27] - 2.6220 	 	 0.5122 	 2.9035 	 0.2819
[2025/10/21 00:19:18] - 88 	 28.7 	 	 0.2000 	 4.0921 	 0.2811
[2025/10/21 00:19:18] - ==> Building model..
[2025/10/21 00:19:42] - Test Loss 	 Test Acc 	 PGD Loss 	 PGD Acc
[2025/10/21 00:19:42] - 2.6222 	 	 0.5124 	 2.9036 	 0.2818
[2025/10/21 00:20:33] - 89 	 28.5 	 	 0.2000 	 4.0916 	 0.2802
[2025/10/21 00:20:33] - ==> Building model..
[2025/10/21 00:20:57] - Test Loss 	 Test Acc 	 PGD Loss 	 PGD Acc
[2025/10/21 00:20:57] - 2.6221 	 	 0.5126 	 2.9037 	 0.2812
[2025/10/21 00:21:50] - 90 	 29.3 	 	 0.2000 	 4.0931 	 0.2797
[2025/10/21 00:21:50] - ==> Building model..
[2025/10/21 00:22:14] - Test Loss 	 Test Acc 	 PGD Loss 	 PGD Acc
[2025/10/21 00:22:14] - 2.6212 	 	 0.5123 	 2.9022 	 0.2811
[2025/10/21 00:23:06] - 91 	 29.4 	 	 0.2000 	 4.0896 	 0.2806
[2025/10/21 00:23:06] - ==> Building model..
[2025/10/21 00:23:31] - Test Loss 	 Test Acc 	 PGD Loss 	 PGD Acc
[2025/10/21 00:23:31] - 2.6203 	 	 0.5127 	 2.9017 	 0.2814
[2025/10/21 00:24:20] - 92 	 27.8 	 	 0.2000 	 4.0916 	 0.2778
[2025/10/21 00:24:20] - ==> Building model..
[2025/10/21 00:24:44] - Test Loss 	 Test Acc 	 PGD Loss 	 PGD Acc
[2025/10/21 00:24:44] - 2.6201 	 	 0.5132 	 2.9020 	 0.2816
[2025/10/21 00:25:34] - 93 	 27.6 	 	 0.2000 	 4.0903 	 0.2806
[2025/10/21 00:25:34] - ==> Building model..
[2025/10/21 00:25:58] - Test Loss 	 Test Acc 	 PGD Loss 	 PGD Acc
[2025/10/21 00:25:58] - 2.6199 	 	 0.5143 	 2.9018 	 0.2828
[2025/10/21 00:26:49] - 94 	 28.2 	 	 0.0200 	 4.0007 	 0.3394
[2025/10/21 00:26:49] - ==> Building model..
[2025/10/21 00:27:14] - Test Loss 	 Test Acc 	 PGD Loss 	 PGD Acc
[2025/10/21 00:27:14] - 2.6181 	 	 0.5143 	 2.9003 	 0.2818
[2025/10/21 00:28:06] - 95 	 28.9 	 	 0.0200 	 3.9066 	 0.3998
[2025/10/21 00:28:06] - ==> Building model..
[2025/10/21 00:28:29] - Test Loss 	 Test Acc 	 PGD Loss 	 PGD Acc
[2025/10/21 00:28:29] - 2.6166 	 	 0.5146 	 2.8993 	 0.2819
[2025/10/21 00:29:19] - 96 	 28.1 	 	 0.0200 	 3.8808 	 0.4192
[2025/10/21 00:29:19] - ==> Building model..
[2025/10/21 00:29:43] - Test Loss 	 Test Acc 	 PGD Loss 	 PGD Acc
[2025/10/21 00:29:43] - 2.6164 	 	 0.5149 	 2.8991 	 0.2824
[2025/10/21 00:30:33] - 97 	 28.1 	 	 0.0200 	 3.8641 	 0.4321
[2025/10/21 00:30:33] - ==> Building model..
[2025/10/21 00:30:57] - Test Loss 	 Test Acc 	 PGD Loss 	 PGD Acc
[2025/10/21 00:30:57] - 2.6171 	 	 0.5150 	 2.8998 	 0.2826
[2025/10/21 00:31:47] - 98 	 27.6 	 	 0.0200 	 3.8489 	 0.4402
[2025/10/21 00:31:47] - ==> Building model..
[2025/10/21 00:32:11] - Test Loss 	 Test Acc 	 PGD Loss 	 PGD Acc
[2025/10/21 00:32:11] - 2.6182 	 	 0.5149 	 2.9002 	 0.2818
[2025/10/21 00:33:01] - 99 	 28.0 	 	 0.0020 	 3.8175 	 0.4652
[2025/10/21 00:33:01] - ==> Building model..
[2025/10/21 00:33:24] - Test Loss 	 Test Acc 	 PGD Loss 	 PGD Acc
[2025/10/21 00:33:24] - 2.6191 	 	 0.5148 	 2.9019 	 0.2822
[2025/10/21 00:34:15] - 100 	 27.9 	 	 0.0020 	 3.7901 	 0.4869
[2025/10/21 00:34:15] - ==> Building model..
[2025/10/21 00:34:39] - Test Loss 	 Test Acc 	 PGD Loss 	 PGD Acc
[2025/10/21 00:34:39] - 2.6195 	 	 0.5148 	 2.9020 	 0.2821
[2025/10/21 00:35:28] - 101 	 27.3 	 	 0.0020 	 3.7839 	 0.4929
[2025/10/21 00:35:28] - ==> Building model..
[2025/10/21 00:35:51] - Test Loss 	 Test Acc 	 PGD Loss 	 PGD Acc
[2025/10/21 00:35:51] - 2.6201 	 	 0.5149 	 2.9027 	 0.2825
[2025/10/21 00:36:43] - 102 	 30.0 	 	 0.0020 	 3.7785 	 0.4981
[2025/10/21 00:36:43] - ==> Building model..
[2025/10/21 00:37:20] - Test Loss 	 Test Acc 	 PGD Loss 	 PGD Acc
[2025/10/21 00:37:20] - 2.6201 	 	 0.5149 	 2.9027 	 0.2820
[2025/10/21 00:38:30] - 103 	 49.5 	 	 0.0020 	 3.7741 	 0.4998
[2025/10/21 00:38:30] - ==> Building model..
[2025/10/21 00:39:07] - Test Loss 	 Test Acc 	 PGD Loss 	 PGD Acc
[2025/10/21 00:39:07] - 2.6201 	 	 0.5149 	 2.9024 	 0.2822
[2025/10/21 00:40:17] - 104 	 49.4 	 	 0.0020 	 3.7702 	 0.5029
[2025/10/21 00:40:17] - ==> Building model..
[2025/10/21 00:40:47] - Test Loss 	 Test Acc 	 PGD Loss 	 PGD Acc
[2025/10/21 00:40:47] - 2.6201 	 	 0.5149 	 2.9026 	 0.2817
[2025/10/21 00:41:42] - 105 	 29.0 	 	 0.0020 	 3.7658 	 0.5051
[2025/10/21 00:41:42] - ==> Building model..
[2025/10/21 00:42:06] - Test Loss 	 Test Acc 	 PGD Loss 	 PGD Acc
[2025/10/21 00:42:06] - 2.6207 	 	 0.5149 	 2.9028 	 0.2820
[2025/10/21 00:43:00] - 106 	 29.5 	 	 0.0020 	 3.7624 	 0.5104
[2025/10/21 00:43:00] - ==> Building model..
[2025/10/21 00:43:24] - Test Loss 	 Test Acc 	 PGD Loss 	 PGD Acc
[2025/10/21 00:43:24] - 2.6207 	 	 0.5149 	 2.9030 	 0.2824
[2025/10/21 00:44:14] - 107 	 28.2 	 	 0.0020 	 3.7583 	 0.5132
[2025/10/21 00:44:14] - ==> Building model..
[2025/10/21 00:44:38] - Test Loss 	 Test Acc 	 PGD Loss 	 PGD Acc
[2025/10/21 00:44:38] - 2.6207 	 	 0.5149 	 2.9028 	 0.2825
[2025/10/21 00:45:26] - 108 	 27.2 	 	 0.0020 	 3.7536 	 0.5179
[2025/10/21 00:45:26] - ==> Building model..
[2025/10/21 00:45:49] - Test Loss 	 Test Acc 	 PGD Loss 	 PGD Acc
[2025/10/21 00:45:49] - 2.6207 	 	 0.5149 	 2.9028 	 0.2821
[2025/10/21 00:46:40] - 109 	 28.3 	 	 0.0020 	 3.7515 	 0.5175
[2025/10/21 00:46:40] - ==> Building model..
[2025/10/21 00:47:03] - Test Loss 	 Test Acc 	 PGD Loss 	 PGD Acc
[2025/10/21 00:47:03] - 2.6207 	 	 0.5149 	 2.9036 	 0.2825
[2025/10/21 00:47:03] - [0.0849, 0.134, 0.1874, 0.2225, 0.2632, 0.3024, 0.3427, 0.3694, 0.3927, 0.4091, 0.424, 0.4363, 0.4415, 0.4493, 0.4548, 0.4608, 0.4648, 0.467, 0.4711, 0.4745, 0.4797, 0.4821, 0.4831, 0.485, 0.4872, 0.4904, 0.4913, 0.4929, 0.4965, 0.4967, 0.4982, 0.4979, 0.5003, 0.499, 0.5013, 0.5036, 0.5042, 0.5028, 0.5051, 0.5068, 0.5057, 0.5058, 0.5065, 0.5075, 0.509, 0.5105, 0.5104, 0.5092, 0.5092, 0.5091, 0.5088, 0.5104, 0.5124, 0.5114, 0.5118, 0.511, 0.5119, 0.5136, 0.5124, 0.5118, 0.5113, 0.5106, 0.5117, 0.5124, 0.5131, 0.5138, 0.5134, 0.5136, 0.5128, 0.5126, 0.5119, 0.512, 0.5121, 0.5132, 0.5126, 0.5122, 0.512, 0.5123, 0.5116, 0.5127, 0.5124, 0.5131, 0.5131, 0.5138, 0.514, 0.5133, 0.5124, 0.5122, 0.5124, 0.5126, 0.5123, 0.5127, 0.5132, 0.5143, 0.5143, 0.5146, 0.5149, 0.515, 0.5149, 0.5148, 0.5148, 0.5149, 0.5149, 0.5149, 0.5149, 0.5149, 0.5149, 0.5149, 0.5149, 0.5149]
[2025/10/21 00:47:03] - [0.0571, 0.0857, 0.116, 0.1324, 0.1575, 0.1785, 0.1933, 0.2037, 0.2129, 0.2207, 0.2281, 0.2307, 0.2377, 0.2403, 0.243, 0.2456, 0.2455, 0.251, 0.2506, 0.2533, 0.2571, 0.2577, 0.2592, 0.2611, 0.2612, 0.2606, 0.2631, 0.2636, 0.2641, 0.2652, 0.2666, 0.2674, 0.269, 0.2689, 0.2696, 0.2706, 0.2704, 0.2723, 0.2717, 0.2724, 0.2728, 0.2727, 0.2739, 0.2732, 0.2733, 0.2725, 0.2734, 0.274, 0.2744, 0.2741, 0.2775, 0.2765, 0.2776, 0.2765, 0.2768, 0.2754, 0.278, 0.2785, 0.2771, 0.2779, 0.2787, 0.279, 0.2799, 0.28, 0.2793, 0.2799, 0.2799, 0.2797, 0.2801, 0.2798, 0.28, 0.2808, 0.2793, 0.2798, 0.2816, 0.2804, 0.2802, 0.2809, 0.2818, 0.2815, 0.2815, 0.2815, 0.2825, 0.2824, 0.2826, 0.2827, 0.2817, 0.2819, 0.2818, 0.2812, 0.2811, 0.2814, 0.2816, 0.2828, 0.2818, 0.2819, 0.2824, 0.2826, 0.2818, 0.2822, 0.2821, 0.2825, 0.282, 0.2822, 0.2817, 0.282, 0.2824, 0.2825, 0.2821, 0.2825]
