[2025/09/30 00:24:28] - Namespace(batch_size=128, data_dir='cifar-data', epochs=120, lr_schedule='multistep', lr_min=0.0, lr_max=0.1, weight_decay=0.0005, momentum=0.9, model='ResNet18', epsilon=8, alpha=8, delta_init='random', normal_mean=0, normal_std=1, out_dir='./output/CIFAR10/beta_0.4/lam_scale_0.12', seed=0, lamda=12, lam_scale=0.12, lam_max=45, lam_start=40, gamma=0.15, inner_gamma=0.15, beta=0.4, mu=3.5, batch_m=0.75, early_stop=False, factor=0.7, length=4, n_holes=1, c_num=0.125, EMA_value=0.82)
[2025/09/30 00:24:31] - ==> Building model..
[2025/09/30 00:24:31] - Epoch 	 Seconds 	 LR 	 	 Train Loss 	 Train Acc
[2025/09/30 00:26:32] - 0 	 100.8 	 	 0.1000 	 2.2336 	 0.2253
[2025/09/30 00:26:32] - ==> Building model..
[2025/09/30 00:27:36] - Test Loss 	 Test Acc 	 PGD Loss 	 PGD Acc
[2025/09/30 00:27:37] - 1.8357 	 	 0.3944 	 1.8918 	 0.2739
[2025/09/30 00:29:31] - 1 	 93.8 	 	 0.1000 	 2.1360 	 0.2988
[2025/09/30 00:29:31] - ==> Building model..
[2025/09/30 00:30:34] - Test Loss 	 Test Acc 	 PGD Loss 	 PGD Acc
[2025/09/30 00:30:34] - 1.7286 	 	 0.4588 	 1.8020 	 0.3151
[2025/09/30 00:32:28] - 2 	 93.2 	 	 0.1000 	 2.0992 	 0.3396
[2025/09/30 00:32:28] - ==> Building model..
[2025/09/30 00:33:33] - Test Loss 	 Test Acc 	 PGD Loss 	 PGD Acc
[2025/09/30 00:33:33] - 1.6556 	 	 0.5041 	 1.7424 	 0.3363
[2025/09/30 00:35:25] - 3 	 92.9 	 	 0.1000 	 2.0701 	 0.3683
[2025/09/30 00:35:25] - ==> Building model..
[2025/09/30 00:36:29] - Test Loss 	 Test Acc 	 PGD Loss 	 PGD Acc
[2025/09/30 00:36:29] - 1.5916 	 	 0.5483 	 1.6914 	 0.3651
[2025/09/30 00:38:21] - 4 	 93.6 	 	 0.1000 	 2.0459 	 0.3930
[2025/09/30 00:38:21] - ==> Building model..
[2025/09/30 00:39:24] - Test Loss 	 Test Acc 	 PGD Loss 	 PGD Acc
[2025/09/30 00:39:24] - 1.5511 	 	 0.5779 	 1.6602 	 0.3883
[2025/09/30 00:41:15] - 5 	 92.6 	 	 0.1000 	 2.0212 	 0.4176
[2025/09/30 00:41:15] - ==> Building model..
[2025/09/30 00:42:19] - Test Loss 	 Test Acc 	 PGD Loss 	 PGD Acc
[2025/09/30 00:42:19] - 1.5291 	 	 0.6016 	 1.6443 	 0.4069
[2025/09/30 00:44:10] - 6 	 92.4 	 	 0.1000 	 2.0008 	 0.4376
[2025/09/30 00:44:10] - ==> Building model..
[2025/09/30 00:45:13] - Test Loss 	 Test Acc 	 PGD Loss 	 PGD Acc
[2025/09/30 00:45:13] - 1.5079 	 	 0.6236 	 1.6290 	 0.4259
[2025/09/30 00:47:06] - 7 	 94.8 	 	 0.1000 	 1.9847 	 0.4536
[2025/09/30 00:47:06] - ==> Building model..
[2025/09/30 00:48:08] - Test Loss 	 Test Acc 	 PGD Loss 	 PGD Acc
[2025/09/30 00:48:08] - 1.4974 	 	 0.6344 	 1.6211 	 0.4404
[2025/09/30 00:50:00] - 8 	 93.2 	 	 0.1000 	 1.9708 	 0.4691
[2025/09/30 00:50:00] - ==> Building model..
[2025/09/30 00:51:05] - Test Loss 	 Test Acc 	 PGD Loss 	 PGD Acc
[2025/09/30 00:51:05] - 1.4963 	 	 0.6446 	 1.6210 	 0.4482
[2025/09/30 00:52:57] - 9 	 92.9 	 	 0.1000 	 1.9571 	 0.4829
[2025/09/30 00:52:57] - ==> Building model..
[2025/09/30 00:54:01] - Test Loss 	 Test Acc 	 PGD Loss 	 PGD Acc
[2025/09/30 00:54:01] - 1.5023 	 	 0.6526 	 1.6273 	 0.4575
[2025/09/30 00:55:54] - 10 	 94.6 	 	 0.1000 	 1.9468 	 0.4895
[2025/09/30 00:55:54] - ==> Building model..
[2025/09/30 00:56:55] - Test Loss 	 Test Acc 	 PGD Loss 	 PGD Acc
[2025/09/30 00:56:55] - 1.5022 	 	 0.6593 	 1.6277 	 0.4663
[2025/09/30 00:58:46] - 11 	 92.8 	 	 0.1000 	 1.9397 	 0.5015
[2025/09/30 00:58:46] - ==> Building model..
[2025/09/30 00:59:50] - Test Loss 	 Test Acc 	 PGD Loss 	 PGD Acc
[2025/09/30 00:59:50] - 1.4871 	 	 0.6701 	 1.6155 	 0.4742
[2025/09/30 01:01:41] - 12 	 92.4 	 	 0.1000 	 1.9339 	 0.5062
[2025/09/30 01:01:41] - ==> Building model..
[2025/09/30 01:02:45] - Test Loss 	 Test Acc 	 PGD Loss 	 PGD Acc
[2025/09/30 01:02:45] - 1.4500 	 	 0.6843 	 1.5843 	 0.4852
[2025/09/30 01:04:38] - 13 	 95.1 	 	 0.1000 	 1.9287 	 0.5118
[2025/09/30 01:04:38] - ==> Building model..
[2025/09/30 01:05:40] - Test Loss 	 Test Acc 	 PGD Loss 	 PGD Acc
[2025/09/30 01:05:40] - 1.4063 	 	 0.6961 	 1.5503 	 0.4946
[2025/09/30 01:07:32] - 14 	 93.1 	 	 0.1000 	 1.9212 	 0.5182
[2025/09/30 01:07:32] - ==> Building model..
[2025/09/30 01:08:36] - Test Loss 	 Test Acc 	 PGD Loss 	 PGD Acc
[2025/09/30 01:08:36] - 1.3637 	 	 0.7081 	 1.5156 	 0.4999
[2025/09/30 01:10:28] - 15 	 92.9 	 	 0.1000 	 1.9191 	 0.5198
[2025/09/30 01:10:28] - ==> Building model..
[2025/09/30 01:11:31] - Test Loss 	 Test Acc 	 PGD Loss 	 PGD Acc
[2025/09/30 01:11:31] - 1.3290 	 	 0.7171 	 1.4880 	 0.5032
[2025/09/30 01:13:25] - 16 	 95.2 	 	 0.1000 	 1.9130 	 0.5257
[2025/09/30 01:13:25] - ==> Building model..
[2025/09/30 01:14:27] - Test Loss 	 Test Acc 	 PGD Loss 	 PGD Acc
[2025/09/30 01:14:27] - 1.3023 	 	 0.7228 	 1.4664 	 0.5074
[2025/09/30 01:16:19] - 17 	 93.1 	 	 0.1000 	 1.9089 	 0.5328
[2025/09/30 01:16:19] - ==> Building model..
[2025/09/30 01:17:23] - Test Loss 	 Test Acc 	 PGD Loss 	 PGD Acc
[2025/09/30 01:17:23] - 1.2847 	 	 0.7273 	 1.4527 	 0.5114
[2025/09/30 01:19:15] - 18 	 93.0 	 	 0.1000 	 1.9074 	 0.5325
[2025/09/30 01:19:15] - ==> Building model..
[2025/09/30 01:20:18] - Test Loss 	 Test Acc 	 PGD Loss 	 PGD Acc
[2025/09/30 01:20:18] - 1.2703 	 	 0.7311 	 1.4414 	 0.5129
[2025/09/30 01:22:12] - 19 	 95.1 	 	 0.1000 	 1.9013 	 0.5388
[2025/09/30 01:22:12] - ==> Building model..
[2025/09/30 01:23:14] - Test Loss 	 Test Acc 	 PGD Loss 	 PGD Acc
[2025/09/30 01:23:14] - 1.2597 	 	 0.7346 	 1.4323 	 0.5161
[2025/09/30 01:25:06] - 20 	 93.0 	 	 0.1000 	 1.8987 	 0.5395
[2025/09/30 01:25:06] - ==> Building model..
[2025/09/30 01:26:10] - Test Loss 	 Test Acc 	 PGD Loss 	 PGD Acc
[2025/09/30 01:26:10] - 1.2505 	 	 0.7380 	 1.4252 	 0.5194
[2025/09/30 01:28:02] - 21 	 92.9 	 	 0.1000 	 1.8956 	 0.5449
[2025/09/30 01:28:02] - ==> Building model..
[2025/09/30 01:29:06] - Test Loss 	 Test Acc 	 PGD Loss 	 PGD Acc
[2025/09/30 01:29:06] - 1.2428 	 	 0.7414 	 1.4194 	 0.5234
[2025/09/30 01:31:00] - 22 	 95.1 	 	 0.1000 	 1.8956 	 0.5443
[2025/09/30 01:31:00] - ==> Building model..
[2025/09/30 01:32:02] - Test Loss 	 Test Acc 	 PGD Loss 	 PGD Acc
[2025/09/30 01:32:02] - 1.2390 	 	 0.7419 	 1.4166 	 0.5244
[2025/09/30 01:33:54] - 23 	 92.9 	 	 0.1000 	 1.8933 	 0.5482
[2025/09/30 01:33:54] - ==> Building model..
[2025/09/30 01:34:59] - Test Loss 	 Test Acc 	 PGD Loss 	 PGD Acc
[2025/09/30 01:34:59] - 1.2339 	 	 0.7444 	 1.4125 	 0.5280
[2025/09/30 01:36:51] - 24 	 92.9 	 	 0.1000 	 1.8902 	 0.5485
[2025/09/30 01:36:51] - ==> Building model..
[2025/09/30 01:37:55] - Test Loss 	 Test Acc 	 PGD Loss 	 PGD Acc
[2025/09/30 01:37:55] - 1.2292 	 	 0.7455 	 1.4085 	 0.5283
[2025/09/30 01:39:49] - 25 	 95.2 	 	 0.1000 	 1.8862 	 0.5555
[2025/09/30 01:39:49] - ==> Building model..
[2025/09/30 01:40:51] - Test Loss 	 Test Acc 	 PGD Loss 	 PGD Acc
[2025/09/30 01:40:51] - 1.2250 	 	 0.7469 	 1.4055 	 0.5321
[2025/09/30 01:42:43] - 26 	 93.4 	 	 0.1000 	 1.8848 	 0.5536
[2025/09/30 01:42:43] - ==> Building model..
[2025/09/30 01:43:47] - Test Loss 	 Test Acc 	 PGD Loss 	 PGD Acc
[2025/09/30 01:43:47] - 1.2220 	 	 0.7478 	 1.4025 	 0.5328
[2025/09/30 01:45:39] - 27 	 92.7 	 	 0.1000 	 1.8836 	 0.5559
[2025/09/30 01:45:39] - ==> Building model..
[2025/09/30 01:46:43] - Test Loss 	 Test Acc 	 PGD Loss 	 PGD Acc
[2025/09/30 01:46:43] - 1.2183 	 	 0.7505 	 1.3994 	 0.5361
[2025/09/30 01:48:36] - 28 	 95.0 	 	 0.1000 	 1.8830 	 0.5548
[2025/09/30 01:48:36] - ==> Building model..
[2025/09/30 01:49:38] - Test Loss 	 Test Acc 	 PGD Loss 	 PGD Acc
[2025/09/30 01:49:38] - 1.2169 	 	 0.7517 	 1.3990 	 0.5374
[2025/09/30 01:51:30] - 29 	 93.2 	 	 0.1000 	 1.8799 	 0.5591
[2025/09/30 01:51:30] - ==> Building model..
[2025/09/30 01:52:34] - Test Loss 	 Test Acc 	 PGD Loss 	 PGD Acc
[2025/09/30 01:52:34] - 1.2126 	 	 0.7554 	 1.3958 	 0.5384
[2025/09/30 01:54:27] - 30 	 93.0 	 	 0.1000 	 1.8805 	 0.5615
[2025/09/30 01:54:27] - ==> Building model..
[2025/09/30 01:55:31] - Test Loss 	 Test Acc 	 PGD Loss 	 PGD Acc
[2025/09/30 01:55:31] - 1.2115 	 	 0.7567 	 1.3947 	 0.5395
[2025/09/30 01:57:26] - 31 	 95.4 	 	 0.1000 	 1.8784 	 0.5605
[2025/09/30 01:57:26] - ==> Building model..
[2025/09/30 01:58:28] - Test Loss 	 Test Acc 	 PGD Loss 	 PGD Acc
[2025/09/30 01:58:28] - 1.2081 	 	 0.7582 	 1.3920 	 0.5407
[2025/09/30 02:00:19] - 32 	 92.9 	 	 0.1000 	 1.8773 	 0.5626
[2025/09/30 02:00:19] - ==> Building model..
[2025/09/30 02:01:23] - Test Loss 	 Test Acc 	 PGD Loss 	 PGD Acc
[2025/09/30 02:01:23] - 1.2047 	 	 0.7605 	 1.3890 	 0.5420
[2025/09/30 02:03:14] - 33 	 92.7 	 	 0.1000 	 1.8763 	 0.5633
[2025/09/30 02:03:14] - ==> Building model..
[2025/09/30 02:04:18] - Test Loss 	 Test Acc 	 PGD Loss 	 PGD Acc
[2025/09/30 02:04:18] - 1.2019 	 	 0.7616 	 1.3876 	 0.5428
[2025/09/30 02:06:12] - 34 	 95.1 	 	 0.1000 	 1.8744 	 0.5635
[2025/09/30 02:06:12] - ==> Building model..
[2025/09/30 02:07:14] - Test Loss 	 Test Acc 	 PGD Loss 	 PGD Acc
[2025/09/30 02:07:14] - 1.1975 	 	 0.7626 	 1.3839 	 0.5439
[2025/09/30 02:09:06] - 35 	 93.0 	 	 0.1000 	 1.8742 	 0.5651
[2025/09/30 02:09:06] - ==> Building model..
[2025/09/30 02:10:09] - Test Loss 	 Test Acc 	 PGD Loss 	 PGD Acc
[2025/09/30 02:10:09] - 1.1946 	 	 0.7641 	 1.3818 	 0.5456
[2025/09/30 02:12:01] - 36 	 92.6 	 	 0.1000 	 1.8744 	 0.5648
[2025/09/30 02:12:01] - ==> Building model..
[2025/09/30 02:13:05] - Test Loss 	 Test Acc 	 PGD Loss 	 PGD Acc
[2025/09/30 02:13:05] - 1.1914 	 	 0.7656 	 1.3799 	 0.5472
[2025/09/30 02:14:58] - 37 	 93.8 	 	 0.1000 	 1.8718 	 0.5682
[2025/09/30 02:14:58] - ==> Building model..
[2025/09/30 02:16:00] - Test Loss 	 Test Acc 	 PGD Loss 	 PGD Acc
[2025/09/30 02:16:00] - 1.1906 	 	 0.7668 	 1.3793 	 0.5483
[2025/09/30 02:17:52] - 38 	 93.3 	 	 0.1000 	 1.8718 	 0.5657
[2025/09/30 02:17:52] - ==> Building model..
[2025/09/30 02:18:56] - Test Loss 	 Test Acc 	 PGD Loss 	 PGD Acc
[2025/09/30 02:18:56] - 1.1889 	 	 0.7667 	 1.3781 	 0.5468
[2025/09/30 02:20:47] - 39 	 92.6 	 	 0.1000 	 1.8686 	 0.5670
[2025/09/30 02:20:47] - ==> Building model..
[2025/09/30 02:21:52] - Test Loss 	 Test Acc 	 PGD Loss 	 PGD Acc
[2025/09/30 02:21:52] - 1.1848 	 	 0.7683 	 1.3747 	 0.5495
[2025/09/30 02:23:45] - 40 	 94.2 	 	 0.1000 	 1.8703 	 0.5658
[2025/09/30 02:23:45] - ==> Building model..
[2025/09/30 02:24:47] - Test Loss 	 Test Acc 	 PGD Loss 	 PGD Acc
[2025/09/30 02:24:47] - 1.1832 	 	 0.7690 	 1.3733 	 0.5502
[2025/09/30 02:26:39] - 41 	 93.0 	 	 0.1000 	 1.8681 	 0.5700
[2025/09/30 02:26:39] - ==> Building model..
[2025/09/30 02:27:42] - Test Loss 	 Test Acc 	 PGD Loss 	 PGD Acc
[2025/09/30 02:27:42] - 1.1819 	 	 0.7687 	 1.3728 	 0.5505
[2025/09/30 02:29:34] - 42 	 92.7 	 	 0.1000 	 1.8687 	 0.5688
[2025/09/30 02:29:34] - ==> Building model..
[2025/09/30 02:30:38] - Test Loss 	 Test Acc 	 PGD Loss 	 PGD Acc
[2025/09/30 02:30:38] - 1.1835 	 	 0.7704 	 1.3740 	 0.5493
[2025/09/30 02:32:31] - 43 	 94.1 	 	 0.1000 	 1.8705 	 0.5706
[2025/09/30 02:32:31] - ==> Building model..
[2025/09/30 02:33:33] - Test Loss 	 Test Acc 	 PGD Loss 	 PGD Acc
[2025/09/30 02:33:33] - 1.1834 	 	 0.7702 	 1.3736 	 0.5497
[2025/09/30 02:35:25] - 44 	 93.4 	 	 0.1000 	 1.8720 	 0.5721
[2025/09/30 02:35:25] - ==> Building model..
[2025/09/30 02:36:29] - Test Loss 	 Test Acc 	 PGD Loss 	 PGD Acc
[2025/09/30 02:36:29] - 1.1849 	 	 0.7711 	 1.3749 	 0.5501
[2025/09/30 02:38:20] - 45 	 92.5 	 	 0.1000 	 1.8720 	 0.5687
[2025/09/30 02:38:20] - ==> Building model..
[2025/09/30 02:39:25] - Test Loss 	 Test Acc 	 PGD Loss 	 PGD Acc
[2025/09/30 02:39:25] - 1.1855 	 	 0.7711 	 1.3751 	 0.5530
[2025/09/30 02:41:18] - 46 	 94.4 	 	 0.1000 	 1.8719 	 0.5721
[2025/09/30 02:41:18] - ==> Building model..
[2025/09/30 02:42:20] - Test Loss 	 Test Acc 	 PGD Loss 	 PGD Acc
[2025/09/30 02:42:20] - 1.1868 	 	 0.7711 	 1.3763 	 0.5550
[2025/09/30 02:44:11] - 47 	 92.5 	 	 0.1000 	 1.8738 	 0.5738
[2025/09/30 02:44:11] - ==> Building model..
[2025/09/30 02:45:15] - Test Loss 	 Test Acc 	 PGD Loss 	 PGD Acc
[2025/09/30 02:45:15] - 1.1893 	 	 0.7704 	 1.3775 	 0.5557
[2025/09/30 02:47:07] - 48 	 92.6 	 	 0.1000 	 1.8749 	 0.5701
[2025/09/30 02:47:07] - ==> Building model..
[2025/09/30 02:48:11] - Test Loss 	 Test Acc 	 PGD Loss 	 PGD Acc
[2025/09/30 02:48:11] - 1.1930 	 	 0.7720 	 1.3807 	 0.5552
[2025/09/30 02:50:04] - 49 	 94.1 	 	 0.1000 	 1.8752 	 0.5720
[2025/09/30 02:50:04] - ==> Building model..
[2025/09/30 02:51:07] - Test Loss 	 Test Acc 	 PGD Loss 	 PGD Acc
[2025/09/30 02:51:07] - 1.1956 	 	 0.7702 	 1.3829 	 0.5554
[2025/09/30 02:52:59] - 50 	 93.4 	 	 0.1000 	 1.8763 	 0.5732
[2025/09/30 02:52:59] - ==> Building model..
[2025/09/30 02:54:03] - Test Loss 	 Test Acc 	 PGD Loss 	 PGD Acc
[2025/09/30 02:54:03] - 1.1986 	 	 0.7705 	 1.3849 	 0.5565
[2025/09/30 02:55:55] - 51 	 92.5 	 	 0.1000 	 1.8794 	 0.5724
[2025/09/30 02:55:55] - ==> Building model..
[2025/09/30 02:56:59] - Test Loss 	 Test Acc 	 PGD Loss 	 PGD Acc
[2025/09/30 02:56:59] - 1.2019 	 	 0.7692 	 1.3869 	 0.5576
[2025/09/30 02:58:52] - 52 	 93.9 	 	 0.1000 	 1.8773 	 0.5741
[2025/09/30 02:58:52] - ==> Building model..
[2025/09/30 02:59:55] - Test Loss 	 Test Acc 	 PGD Loss 	 PGD Acc
[2025/09/30 02:59:55] - 1.2034 	 	 0.7709 	 1.3882 	 0.5590
[2025/09/30 03:01:45] - 53 	 92.5 	 	 0.1000 	 1.8798 	 0.5741
[2025/09/30 03:01:45] - ==> Building model..
[2025/09/30 03:02:49] - Test Loss 	 Test Acc 	 PGD Loss 	 PGD Acc
[2025/09/30 03:02:49] - 1.2066 	 	 0.7687 	 1.3902 	 0.5606
[2025/09/30 03:04:41] - 54 	 93.1 	 	 0.1000 	 1.8819 	 0.5719
[2025/09/30 03:04:41] - ==> Building model..
[2025/09/30 03:05:46] - Test Loss 	 Test Acc 	 PGD Loss 	 PGD Acc
[2025/09/30 03:05:46] - 1.2111 	 	 0.7685 	 1.3933 	 0.5591
[2025/09/30 03:07:39] - 55 	 94.1 	 	 0.1000 	 1.8832 	 0.5728
[2025/09/30 03:07:39] - ==> Building model..
[2025/09/30 03:08:42] - Test Loss 	 Test Acc 	 PGD Loss 	 PGD Acc
[2025/09/30 03:08:42] - 1.2145 	 	 0.7702 	 1.3960 	 0.5599
[2025/09/30 03:10:34] - 56 	 93.0 	 	 0.1000 	 1.8835 	 0.5707
[2025/09/30 03:10:34] - ==> Building model..
[2025/09/30 03:11:38] - Test Loss 	 Test Acc 	 PGD Loss 	 PGD Acc
[2025/09/30 03:11:38] - 1.2178 	 	 0.7674 	 1.3981 	 0.5602
[2025/09/30 03:13:30] - 57 	 93.5 	 	 0.1000 	 1.8827 	 0.5737
[2025/09/30 03:13:30] - ==> Building model..
[2025/09/30 03:14:33] - Test Loss 	 Test Acc 	 PGD Loss 	 PGD Acc
[2025/09/30 03:14:33] - 1.2191 	 	 0.7682 	 1.3989 	 0.5622
[2025/09/30 03:16:26] - 58 	 94.2 	 	 0.1000 	 1.8810 	 0.5735
[2025/09/30 03:16:26] - ==> Building model..
[2025/09/30 03:17:29] - Test Loss 	 Test Acc 	 PGD Loss 	 PGD Acc
[2025/09/30 03:17:29] - 1.2187 	 	 0.7681 	 1.3989 	 0.5636
[2025/09/30 03:19:20] - 59 	 93.2 	 	 0.1000 	 1.8830 	 0.5691
[2025/09/30 03:19:20] - ==> Building model..
[2025/09/30 03:20:24] - Test Loss 	 Test Acc 	 PGD Loss 	 PGD Acc
[2025/09/30 03:20:24] - 1.2196 	 	 0.7676 	 1.3995 	 0.5639
[2025/09/30 03:22:16] - 60 	 93.9 	 	 0.1000 	 1.8829 	 0.5734
[2025/09/30 03:22:16] - ==> Building model..
[2025/09/30 03:23:20] - Test Loss 	 Test Acc 	 PGD Loss 	 PGD Acc
[2025/09/30 03:23:20] - 1.2201 	 	 0.7663 	 1.3999 	 0.5631
[2025/09/30 03:25:12] - 61 	 93.7 	 	 0.1000 	 1.8823 	 0.5716
[2025/09/30 03:25:12] - ==> Building model..
[2025/09/30 03:26:14] - Test Loss 	 Test Acc 	 PGD Loss 	 PGD Acc
[2025/09/30 03:26:14] - 1.2206 	 	 0.7681 	 1.4000 	 0.5650
[2025/09/30 03:28:06] - 62 	 93.1 	 	 0.1000 	 1.8811 	 0.5708
[2025/09/30 03:28:06] - ==> Building model..
[2025/09/30 03:29:10] - Test Loss 	 Test Acc 	 PGD Loss 	 PGD Acc
[2025/09/30 03:29:10] - 1.2211 	 	 0.7684 	 1.4002 	 0.5630
[2025/09/30 03:31:03] - 63 	 94.2 	 	 0.1000 	 1.8819 	 0.5722
[2025/09/30 03:31:03] - ==> Building model..
[2025/09/30 03:32:06] - Test Loss 	 Test Acc 	 PGD Loss 	 PGD Acc
[2025/09/30 03:32:06] - 1.2215 	 	 0.7680 	 1.4002 	 0.5654
[2025/09/30 03:33:59] - 64 	 93.7 	 	 0.1000 	 1.8831 	 0.5711
[2025/09/30 03:33:59] - ==> Building model..
[2025/09/30 03:35:01] - Test Loss 	 Test Acc 	 PGD Loss 	 PGD Acc
[2025/09/30 03:35:01] - 1.2215 	 	 0.7685 	 1.4001 	 0.5662
[2025/09/30 03:36:53] - 65 	 93.4 	 	 0.1000 	 1.8817 	 0.5719
[2025/09/30 03:36:53] - ==> Building model..
[2025/09/30 03:37:57] - Test Loss 	 Test Acc 	 PGD Loss 	 PGD Acc
[2025/09/30 03:37:57] - 1.2211 	 	 0.7678 	 1.3997 	 0.5657
[2025/09/30 03:39:49] - 66 	 93.9 	 	 0.1000 	 1.8815 	 0.5730
[2025/09/30 03:39:49] - ==> Building model..
[2025/09/30 03:40:52] - Test Loss 	 Test Acc 	 PGD Loss 	 PGD Acc
[2025/09/30 03:40:52] - 1.2208 	 	 0.7687 	 1.3992 	 0.5651
[2025/09/30 03:42:45] - 67 	 94.0 	 	 0.1000 	 1.8804 	 0.5713
[2025/09/30 03:42:45] - ==> Building model..
[2025/09/30 03:43:48] - Test Loss 	 Test Acc 	 PGD Loss 	 PGD Acc
[2025/09/30 03:43:48] - 1.2218 	 	 0.7693 	 1.4005 	 0.5668
[2025/09/30 03:45:40] - 68 	 93.2 	 	 0.1000 	 1.8799 	 0.5737
[2025/09/30 03:45:40] - ==> Building model..
[2025/09/30 03:46:43] - Test Loss 	 Test Acc 	 PGD Loss 	 PGD Acc
[2025/09/30 03:46:43] - 1.2229 	 	 0.7690 	 1.4013 	 0.5658
[2025/09/30 03:48:37] - 69 	 94.8 	 	 0.1000 	 1.8824 	 0.5706
[2025/09/30 03:48:37] - ==> Building model..
[2025/09/30 03:49:39] - Test Loss 	 Test Acc 	 PGD Loss 	 PGD Acc
[2025/09/30 03:49:39] - 1.2242 	 	 0.7679 	 1.4020 	 0.5677
[2025/09/30 03:51:32] - 70 	 93.9 	 	 0.1000 	 1.8807 	 0.5696
[2025/09/30 03:51:32] - ==> Building model..
[2025/09/30 03:52:34] - Test Loss 	 Test Acc 	 PGD Loss 	 PGD Acc
[2025/09/30 03:52:34] - 1.2246 	 	 0.7697 	 1.4027 	 0.5676
[2025/09/30 03:54:26] - 71 	 93.1 	 	 0.1000 	 1.8791 	 0.5713
[2025/09/30 03:54:26] - ==> Building model..
[2025/09/30 03:55:30] - Test Loss 	 Test Acc 	 PGD Loss 	 PGD Acc
[2025/09/30 03:55:30] - 1.2241 	 	 0.7699 	 1.4021 	 0.5682
[2025/09/30 03:57:23] - 72 	 95.0 	 	 0.1000 	 1.8804 	 0.5695
[2025/09/30 03:57:23] - ==> Building model..
[2025/09/30 03:58:25] - Test Loss 	 Test Acc 	 PGD Loss 	 PGD Acc
[2025/09/30 03:58:25] - 1.2249 	 	 0.7700 	 1.4026 	 0.5686
[2025/09/30 04:00:17] - 73 	 93.7 	 	 0.1000 	 1.8793 	 0.5713
[2025/09/30 04:00:17] - ==> Building model..
[2025/09/30 04:01:20] - Test Loss 	 Test Acc 	 PGD Loss 	 PGD Acc
[2025/09/30 04:01:20] - 1.2238 	 	 0.7707 	 1.4023 	 0.5695
[2025/09/30 04:03:12] - 74 	 93.1 	 	 0.1000 	 1.8792 	 0.5703
[2025/09/30 04:03:12] - ==> Building model..
[2025/09/30 04:04:16] - Test Loss 	 Test Acc 	 PGD Loss 	 PGD Acc
[2025/09/30 04:04:16] - 1.2243 	 	 0.7703 	 1.4024 	 0.5704
[2025/09/30 04:06:09] - 75 	 95.1 	 	 0.1000 	 1.8789 	 0.5684
[2025/09/30 04:06:09] - ==> Building model..
[2025/09/30 04:07:11] - Test Loss 	 Test Acc 	 PGD Loss 	 PGD Acc
[2025/09/30 04:07:11] - 1.2253 	 	 0.7682 	 1.4030 	 0.5706
[2025/09/30 04:09:05] - 76 	 93.7 	 	 0.1000 	 1.8797 	 0.5684
[2025/09/30 04:09:05] - ==> Building model..
[2025/09/30 04:10:08] - Test Loss 	 Test Acc 	 PGD Loss 	 PGD Acc
[2025/09/30 04:10:08] - 1.2273 	 	 0.7675 	 1.4042 	 0.5703
[2025/09/30 04:12:01] - 77 	 93.4 	 	 0.1000 	 1.8784 	 0.5674
[2025/09/30 04:12:01] - ==> Building model..
[2025/09/30 04:13:04] - Test Loss 	 Test Acc 	 PGD Loss 	 PGD Acc
[2025/09/30 04:13:04] - 1.2276 	 	 0.7688 	 1.4046 	 0.5706
[2025/09/30 04:14:58] - 78 	 95.1 	 	 0.1000 	 1.8769 	 0.5721
[2025/09/30 04:14:58] - ==> Building model..
[2025/09/30 04:16:00] - Test Loss 	 Test Acc 	 PGD Loss 	 PGD Acc
[2025/09/30 04:16:00] - 1.2266 	 	 0.7685 	 1.4035 	 0.5705
[2025/09/30 04:17:53] - 79 	 93.7 	 	 0.1000 	 1.8755 	 0.5716
[2025/09/30 04:17:53] - ==> Building model..
[2025/09/30 04:18:56] - Test Loss 	 Test Acc 	 PGD Loss 	 PGD Acc
[2025/09/30 04:18:56] - 1.2256 	 	 0.7683 	 1.4027 	 0.5700
[2025/09/30 04:20:48] - 80 	 93.1 	 	 0.1000 	 1.8782 	 0.5700
[2025/09/30 04:20:48] - ==> Building model..
[2025/09/30 04:21:51] - Test Loss 	 Test Acc 	 PGD Loss 	 PGD Acc
[2025/09/30 04:21:51] - 1.2258 	 	 0.7688 	 1.4029 	 0.5699
[2025/09/30 04:23:45] - 81 	 95.1 	 	 0.1000 	 1.8770 	 0.5705
[2025/09/30 04:23:45] - ==> Building model..
[2025/09/30 04:24:47] - Test Loss 	 Test Acc 	 PGD Loss 	 PGD Acc
[2025/09/30 04:24:47] - 1.2268 	 	 0.7692 	 1.4042 	 0.5718
[2025/09/30 04:26:40] - 82 	 93.6 	 	 0.1000 	 1.8783 	 0.5694
[2025/09/30 04:26:40] - ==> Building model..
[2025/09/30 04:27:44] - Test Loss 	 Test Acc 	 PGD Loss 	 PGD Acc
[2025/09/30 04:27:44] - 1.2272 	 	 0.7689 	 1.4047 	 0.5705
[2025/09/30 04:29:35] - 83 	 93.1 	 	 0.1000 	 1.8771 	 0.5723
[2025/09/30 04:29:35] - ==> Building model..
[2025/09/30 04:30:39] - Test Loss 	 Test Acc 	 PGD Loss 	 PGD Acc
[2025/09/30 04:30:39] - 1.2268 	 	 0.7693 	 1.4048 	 0.5712
[2025/09/30 04:32:32] - 84 	 95.0 	 	 0.1000 	 1.8758 	 0.5698
[2025/09/30 04:32:32] - ==> Building model..
[2025/09/30 04:33:34] - Test Loss 	 Test Acc 	 PGD Loss 	 PGD Acc
[2025/09/30 04:33:34] - 1.2261 	 	 0.7697 	 1.4043 	 0.5697
[2025/09/30 04:35:27] - 85 	 93.7 	 	 0.1000 	 1.8780 	 0.5690
[2025/09/30 04:35:27] - ==> Building model..
[2025/09/30 04:36:31] - Test Loss 	 Test Acc 	 PGD Loss 	 PGD Acc
[2025/09/30 04:36:31] - 1.2259 	 	 0.7704 	 1.4041 	 0.5714
[2025/09/30 04:38:22] - 86 	 93.2 	 	 0.1000 	 1.8771 	 0.5682
[2025/09/30 04:38:22] - ==> Building model..
[2025/09/30 04:39:26] - Test Loss 	 Test Acc 	 PGD Loss 	 PGD Acc
[2025/09/30 04:39:26] - 1.2237 	 	 0.7708 	 1.4024 	 0.5694
[2025/09/30 04:41:19] - 87 	 95.1 	 	 0.1000 	 1.8771 	 0.5737
[2025/09/30 04:41:19] - ==> Building model..
[2025/09/30 04:42:21] - Test Loss 	 Test Acc 	 PGD Loss 	 PGD Acc
[2025/09/30 04:42:21] - 1.2231 	 	 0.7712 	 1.4022 	 0.5705
[2025/09/30 04:44:13] - 88 	 93.5 	 	 0.1000 	 1.8793 	 0.5689
[2025/09/30 04:44:13] - ==> Building model..
[2025/09/30 04:45:18] - Test Loss 	 Test Acc 	 PGD Loss 	 PGD Acc
[2025/09/30 04:45:18] - 1.2247 	 	 0.7704 	 1.4038 	 0.5691
[2025/09/30 04:47:09] - 89 	 92.7 	 	 0.1000 	 1.8757 	 0.5729
[2025/09/30 04:47:09] - ==> Building model..
[2025/09/30 04:48:12] - Test Loss 	 Test Acc 	 PGD Loss 	 PGD Acc
[2025/09/30 04:48:12] - 1.2232 	 	 0.7703 	 1.4032 	 0.5707
[2025/09/30 04:50:06] - 90 	 95.1 	 	 0.1000 	 1.8765 	 0.5731
[2025/09/30 04:50:06] - ==> Building model..
[2025/09/30 04:51:08] - Test Loss 	 Test Acc 	 PGD Loss 	 PGD Acc
[2025/09/30 04:51:08] - 1.2225 	 	 0.7718 	 1.4023 	 0.5715
[2025/09/30 04:53:01] - 91 	 93.4 	 	 0.1000 	 1.8771 	 0.5704
[2025/09/30 04:53:01] - ==> Building model..
[2025/09/30 04:54:05] - Test Loss 	 Test Acc 	 PGD Loss 	 PGD Acc
[2025/09/30 04:54:05] - 1.2223 	 	 0.7723 	 1.4017 	 0.5717
[2025/09/30 04:55:57] - 92 	 92.7 	 	 0.1000 	 1.8777 	 0.5694
[2025/09/30 04:55:57] - ==> Building model..
[2025/09/30 04:57:01] - Test Loss 	 Test Acc 	 PGD Loss 	 PGD Acc
[2025/09/30 04:57:01] - 1.2229 	 	 0.7722 	 1.4025 	 0.5707
[2025/09/30 04:58:55] - 93 	 95.0 	 	 0.1000 	 1.8755 	 0.5692
[2025/09/30 04:58:55] - ==> Building model..
[2025/09/30 04:59:57] - Test Loss 	 Test Acc 	 PGD Loss 	 PGD Acc
[2025/09/30 04:59:57] - 1.2214 	 	 0.7708 	 1.4014 	 0.5704
[2025/09/30 05:01:48] - 94 	 93.3 	 	 0.1000 	 1.8764 	 0.5732
[2025/09/30 05:01:48] - ==> Building model..
[2025/09/30 05:02:54] - Test Loss 	 Test Acc 	 PGD Loss 	 PGD Acc
[2025/09/30 05:02:54] - 1.2209 	 	 0.7713 	 1.4010 	 0.5694
[2025/09/30 05:04:45] - 95 	 92.0 	 	 0.1000 	 1.8750 	 0.5714
[2025/09/30 05:04:45] - ==> Building model..
[2025/09/30 05:05:49] - Test Loss 	 Test Acc 	 PGD Loss 	 PGD Acc
[2025/09/30 05:05:49] - 1.2185 	 	 0.7744 	 1.3991 	 0.5684
[2025/09/30 05:07:42] - 96 	 94.7 	 	 0.1000 	 1.8741 	 0.5727
[2025/09/30 05:07:42] - ==> Building model..
[2025/09/30 05:08:45] - Test Loss 	 Test Acc 	 PGD Loss 	 PGD Acc
[2025/09/30 05:08:45] - 1.2197 	 	 0.7753 	 1.4004 	 0.5681
[2025/09/30 05:10:36] - 97 	 93.3 	 	 0.1000 	 1.8755 	 0.5740
[2025/09/30 05:10:36] - ==> Building model..
[2025/09/30 05:11:42] - Test Loss 	 Test Acc 	 PGD Loss 	 PGD Acc
[2025/09/30 05:11:42] - 1.2174 	 	 0.7746 	 1.3985 	 0.5693
[2025/09/30 05:13:33] - 98 	 92.3 	 	 0.1000 	 1.8743 	 0.5722
[2025/09/30 05:13:33] - ==> Building model..
[2025/09/30 05:14:37] - Test Loss 	 Test Acc 	 PGD Loss 	 PGD Acc
[2025/09/30 05:14:37] - 1.2174 	 	 0.7748 	 1.3986 	 0.5708
[2025/09/30 05:16:30] - 99 	 94.2 	 	 0.1000 	 1.8748 	 0.5716
[2025/09/30 05:16:30] - ==> Building model..
[2025/09/30 05:17:33] - Test Loss 	 Test Acc 	 PGD Loss 	 PGD Acc
[2025/09/30 05:17:33] - 1.2193 	 	 0.7741 	 1.4006 	 0.5704
[2025/09/30 05:19:25] - 100 	 93.3 	 	 0.1000 	 1.8732 	 0.5741
[2025/09/30 05:19:25] - ==> Building model..
[2025/09/30 05:20:31] - Test Loss 	 Test Acc 	 PGD Loss 	 PGD Acc
[2025/09/30 05:20:31] - 1.2196 	 	 0.7730 	 1.4012 	 0.5712
[2025/09/30 05:22:21] - 101 	 91.4 	 	 0.1000 	 1.8746 	 0.5713
[2025/09/30 05:22:21] - ==> Building model..
[2025/09/30 05:23:24] - Test Loss 	 Test Acc 	 PGD Loss 	 PGD Acc
[2025/09/30 05:23:24] - 1.2196 	 	 0.7735 	 1.4008 	 0.5700
[2025/09/30 05:25:17] - 102 	 94.0 	 	 0.1000 	 1.8743 	 0.5735
[2025/09/30 05:25:17] - ==> Building model..
[2025/09/30 05:26:20] - Test Loss 	 Test Acc 	 PGD Loss 	 PGD Acc
[2025/09/30 05:26:20] - 1.2183 	 	 0.7750 	 1.3997 	 0.5723
[2025/09/30 05:28:12] - 103 	 93.5 	 	 0.1000 	 1.8748 	 0.5721
[2025/09/30 05:28:12] - ==> Building model..
[2025/09/30 05:29:19] - Test Loss 	 Test Acc 	 PGD Loss 	 PGD Acc
[2025/09/30 05:29:19] - 1.2180 	 	 0.7762 	 1.4001 	 0.5714
[2025/09/30 05:31:09] - 104 	 91.3 	 	 0.1000 	 1.8741 	 0.5744
[2025/09/30 05:31:09] - ==> Building model..
[2025/09/30 05:32:12] - Test Loss 	 Test Acc 	 PGD Loss 	 PGD Acc
[2025/09/30 05:32:12] - 1.2187 	 	 0.7742 	 1.4011 	 0.5727
[2025/09/30 05:34:05] - 105 	 94.0 	 	 0.1000 	 1.8747 	 0.5739
[2025/09/30 05:34:05] - ==> Building model..
[2025/09/30 05:35:09] - Test Loss 	 Test Acc 	 PGD Loss 	 PGD Acc
[2025/09/30 05:35:09] - 1.2177 	 	 0.7747 	 1.4004 	 0.5733
[2025/09/30 05:37:01] - 106 	 93.5 	 	 0.1000 	 1.8741 	 0.5749
[2025/09/30 05:37:01] - ==> Building model..
[2025/09/30 05:38:06] - Test Loss 	 Test Acc 	 PGD Loss 	 PGD Acc
[2025/09/30 05:38:06] - 1.2169 	 	 0.7750 	 1.3997 	 0.5737
[2025/09/30 05:39:56] - 107 	 90.7 	 	 0.1000 	 1.8733 	 0.5747
[2025/09/30 05:39:56] - ==> Building model..
[2025/09/30 05:40:59] - Test Loss 	 Test Acc 	 PGD Loss 	 PGD Acc
[2025/09/30 05:40:59] - 1.2171 	 	 0.7749 	 1.3995 	 0.5732
[2025/09/30 05:42:52] - 108 	 93.8 	 	 0.1000 	 1.8726 	 0.5779
[2025/09/30 05:42:52] - ==> Building model..
[2025/09/30 05:43:55] - Test Loss 	 Test Acc 	 PGD Loss 	 PGD Acc
[2025/09/30 05:43:55] - 1.2161 	 	 0.7750 	 1.3990 	 0.5720
[2025/09/30 05:45:46] - 109 	 92.9 	 	 0.0100 	 1.8192 	 0.6241
[2025/09/30 05:45:46] - ==> Building model..
[2025/09/30 05:46:52] - Test Loss 	 Test Acc 	 PGD Loss 	 PGD Acc
[2025/09/30 05:46:52] - 1.2008 	 	 0.7802 	 1.3878 	 0.5733
[2025/09/30 05:48:41] - 110 	 90.0 	 	 0.0100 	 1.7616 	 0.6743
[2025/09/30 05:48:41] - ==> Building model..
[2025/09/30 05:49:44] - Test Loss 	 Test Acc 	 PGD Loss 	 PGD Acc
[2025/09/30 05:49:44] - 1.1804 	 	 0.7857 	 1.3730 	 0.5727
[2025/09/30 05:51:36] - 111 	 93.2 	 	 0.0100 	 1.7459 	 0.6884
[2025/09/30 05:51:36] - ==> Building model..
[2025/09/30 05:52:39] - Test Loss 	 Test Acc 	 PGD Loss 	 PGD Acc
[2025/09/30 05:52:39] - 1.1660 	 	 0.7907 	 1.3629 	 0.5729
[2025/09/30 05:54:29] - 112 	 91.7 	 	 0.0100 	 1.7364 	 0.6957
[2025/09/30 05:54:29] - ==> Building model..
[2025/09/30 05:55:35] - Test Loss 	 Test Acc 	 PGD Loss 	 PGD Acc
[2025/09/30 05:55:35] - 1.1551 	 	 0.7968 	 1.3555 	 0.5738
[2025/09/30 05:57:23] - 113 	 89.5 	 	 0.0100 	 1.7270 	 0.7041
[2025/09/30 05:57:23] - ==> Building model..
[2025/09/30 05:58:27] - Test Loss 	 Test Acc 	 PGD Loss 	 PGD Acc
[2025/09/30 05:58:27] - 1.1470 	 	 0.8003 	 1.3506 	 0.5742
[2025/09/30 06:00:19] - 114 	 93.4 	 	 0.0010 	 1.7118 	 0.7183
[2025/09/30 06:00:19] - ==> Building model..
[2025/09/30 06:01:21] - Test Loss 	 Test Acc 	 PGD Loss 	 PGD Acc
[2025/09/30 06:01:21] - 1.1404 	 	 0.8045 	 1.3466 	 0.5764
[2025/09/30 06:03:11] - 115 	 90.6 	 	 0.0010 	 1.6983 	 0.7286
[2025/09/30 06:03:11] - ==> Building model..
[2025/09/30 06:04:17] - Test Loss 	 Test Acc 	 PGD Loss 	 PGD Acc
[2025/09/30 06:04:17] - 1.1334 	 	 0.8077 	 1.3421 	 0.5774
[2025/09/30 06:06:05] - 116 	 89.4 	 	 0.0010 	 1.6945 	 0.7287
[2025/09/30 06:06:05] - ==> Building model..
[2025/09/30 06:07:09] - Test Loss 	 Test Acc 	 PGD Loss 	 PGD Acc
[2025/09/30 06:07:09] - 1.1251 	 	 0.8111 	 1.3364 	 0.5771
[2025/09/30 06:09:00] - 117 	 93.2 	 	 0.0010 	 1.6912 	 0.7342
[2025/09/30 06:09:00] - ==> Building model..
[2025/09/30 06:10:03] - Test Loss 	 Test Acc 	 PGD Loss 	 PGD Acc
[2025/09/30 06:10:03] - 1.1171 	 	 0.8151 	 1.3310 	 0.5770
[2025/09/30 06:11:52] - 118 	 90.8 	 	 0.0010 	 1.6894 	 0.7357
[2025/09/30 06:11:52] - ==> Building model..
[2025/09/30 06:12:58] - Test Loss 	 Test Acc 	 PGD Loss 	 PGD Acc
[2025/09/30 06:12:58] - 1.1098 	 	 0.8173 	 1.3261 	 0.5776
[2025/09/30 06:14:46] - 119 	 89.4 	 	 0.0010 	 1.6864 	 0.7379
[2025/09/30 06:14:46] - ==> Building model..
[2025/09/30 06:15:51] - Test Loss 	 Test Acc 	 PGD Loss 	 PGD Acc
[2025/09/30 06:15:51] - 1.1032 	 	 0.8183 	 1.3216 	 0.5768
[2025/09/30 06:15:51] - [0.3944, 0.4588, 0.5041, 0.5483, 0.5779, 0.6016, 0.6236, 0.6344, 0.6446, 0.6526, 0.6593, 0.6701, 0.6843, 0.6961, 0.7081, 0.7171, 0.7228, 0.7273, 0.7311, 0.7346, 0.738, 0.7414, 0.7419, 0.7444, 0.7455, 0.7469, 0.7478, 0.7505, 0.7517, 0.7554, 0.7567, 0.7582, 0.7605, 0.7616, 0.7626, 0.7641, 0.7656, 0.7668, 0.7667, 0.7683, 0.769, 0.7687, 0.7704, 0.7702, 0.7711, 0.7711, 0.7711, 0.7704, 0.772, 0.7702, 0.7705, 0.7692, 0.7709, 0.7687, 0.7685, 0.7702, 0.7674, 0.7682, 0.7681, 0.7676, 0.7663, 0.7681, 0.7684, 0.768, 0.7685, 0.7678, 0.7687, 0.7693, 0.769, 0.7679, 0.7697, 0.7699, 0.77, 0.7707, 0.7703, 0.7682, 0.7675, 0.7688, 0.7685, 0.7683, 0.7688, 0.7692, 0.7689, 0.7693, 0.7697, 0.7704, 0.7708, 0.7712, 0.7704, 0.7703, 0.7718, 0.7723, 0.7722, 0.7708, 0.7713, 0.7744, 0.7753, 0.7746, 0.7748, 0.7741, 0.773, 0.7735, 0.775, 0.7762, 0.7742, 0.7747, 0.775, 0.7749, 0.775, 0.7802, 0.7857, 0.7907, 0.7968, 0.8003, 0.8045, 0.8077, 0.8111, 0.8151, 0.8173, 0.8183]
[2025/09/30 06:15:51] - [0.2739, 0.3151, 0.3363, 0.3651, 0.3883, 0.4069, 0.4259, 0.4404, 0.4482, 0.4575, 0.4663, 0.4742, 0.4852, 0.4946, 0.4999, 0.5032, 0.5074, 0.5114, 0.5129, 0.5161, 0.5194, 0.5234, 0.5244, 0.528, 0.5283, 0.5321, 0.5328, 0.5361, 0.5374, 0.5384, 0.5395, 0.5407, 0.542, 0.5428, 0.5439, 0.5456, 0.5472, 0.5483, 0.5468, 0.5495, 0.5502, 0.5505, 0.5493, 0.5497, 0.5501, 0.553, 0.555, 0.5557, 0.5552, 0.5554, 0.5565, 0.5576, 0.559, 0.5606, 0.5591, 0.5599, 0.5602, 0.5622, 0.5636, 0.5639, 0.5631, 0.565, 0.563, 0.5654, 0.5662, 0.5657, 0.5651, 0.5668, 0.5658, 0.5677, 0.5676, 0.5682, 0.5686, 0.5695, 0.5704, 0.5706, 0.5703, 0.5706, 0.5705, 0.57, 0.5699, 0.5718, 0.5705, 0.5712, 0.5697, 0.5714, 0.5694, 0.5705, 0.5691, 0.5707, 0.5715, 0.5717, 0.5707, 0.5704, 0.5694, 0.5684, 0.5681, 0.5693, 0.5708, 0.5704, 0.5712, 0.57, 0.5723, 0.5714, 0.5727, 0.5733, 0.5737, 0.5732, 0.572, 0.5733, 0.5727, 0.5729, 0.5738, 0.5742, 0.5764, 0.5774, 0.5771, 0.577, 0.5776, 0.5768]
