[2025/09/21 08:31:59] - Namespace(batch_size=128, data_dir='cifar-data', epochs=120, lr_schedule='multistep', lr_min=0.0, lr_max=0.1, weight_decay=0.0005, momentum=0.9, model='ResNet18', epsilon=8, alpha=8, delta_init='random', normal_mean=0, normal_std=1, out_dir='./output/CIFAR10/lam_start_60', seed=0, lamda=12, lam_scale=0.1, lam_max=45, lam_start=60, gamma=0.15, inner_gamma=0.15, beta=0.6, mu=3.5, batch_m=0.75, early_stop=False, factor=0.7, length=4, n_holes=1, c_num=0.125, EMA_value=0.82)
[2025/09/21 08:32:01] - ==> Building model..
[2025/09/21 08:32:02] - Epoch 	 Seconds 	 LR 	 	 Train Loss 	 Train Acc
[2025/09/21 08:33:30] - 0 	 56.2 	 	 0.1000 	 2.2321 	 0.2277
[2025/09/21 08:33:30] - ==> Building model..
[2025/09/21 08:34:09] - Test Loss 	 Test Acc 	 PGD Loss 	 PGD Acc
[2025/09/21 08:34:09] - 1.8282 	 	 0.3955 	 1.8847 	 0.2782
[2025/09/21 08:35:34] - 1 	 55.2 	 	 0.1000 	 2.1332 	 0.3026
[2025/09/21 08:35:34] - ==> Building model..
[2025/09/21 08:36:07] - Test Loss 	 Test Acc 	 PGD Loss 	 PGD Acc
[2025/09/21 08:36:07] - 1.7156 	 	 0.4592 	 1.7897 	 0.3163
[2025/09/21 08:37:35] - 2 	 55.9 	 	 0.1000 	 2.0939 	 0.3447
[2025/09/21 08:37:35] - ==> Building model..
[2025/09/21 08:38:14] - Test Loss 	 Test Acc 	 PGD Loss 	 PGD Acc
[2025/09/21 08:38:14] - 1.6361 	 	 0.5132 	 1.7270 	 0.3407
[2025/09/21 08:39:42] - 3 	 56.8 	 	 0.1000 	 2.0645 	 0.3726
[2025/09/21 08:39:42] - ==> Building model..
[2025/09/21 08:40:22] - Test Loss 	 Test Acc 	 PGD Loss 	 PGD Acc
[2025/09/21 08:40:22] - 1.5718 	 	 0.5565 	 1.6758 	 0.3682
[2025/09/21 08:41:50] - 4 	 57.5 	 	 0.1000 	 2.0400 	 0.3978
[2025/09/21 08:41:50] - ==> Building model..
[2025/09/21 08:42:22] - Test Loss 	 Test Acc 	 PGD Loss 	 PGD Acc
[2025/09/21 08:42:22] - 1.5318 	 	 0.5859 	 1.6451 	 0.3927
[2025/09/21 08:43:51] - 5 	 57.8 	 	 0.1000 	 2.0162 	 0.4232
[2025/09/21 08:43:51] - ==> Building model..
[2025/09/21 08:44:29] - Test Loss 	 Test Acc 	 PGD Loss 	 PGD Acc
[2025/09/21 08:44:29] - 1.5063 	 	 0.6140 	 1.6275 	 0.4122
[2025/09/21 08:45:59] - 6 	 56.6 	 	 0.1000 	 1.9969 	 0.4434
[2025/09/21 08:45:59] - ==> Building model..
[2025/09/21 08:46:38] - Test Loss 	 Test Acc 	 PGD Loss 	 PGD Acc
[2025/09/21 08:46:38] - 1.4902 	 	 0.6308 	 1.6157 	 0.4285
[2025/09/21 08:48:08] - 7 	 55.4 	 	 0.1000 	 1.9820 	 0.4577
[2025/09/21 08:48:08] - ==> Building model..
[2025/09/21 08:48:48] - Test Loss 	 Test Acc 	 PGD Loss 	 PGD Acc
[2025/09/21 08:48:48] - 1.4815 	 	 0.6413 	 1.6087 	 0.4424
[2025/09/21 08:50:19] - 8 	 56.4 	 	 0.1000 	 1.9678 	 0.4723
[2025/09/21 08:50:19] - ==> Building model..
[2025/09/21 08:50:59] - Test Loss 	 Test Acc 	 PGD Loss 	 PGD Acc
[2025/09/21 08:50:59] - 1.4819 	 	 0.6523 	 1.6101 	 0.4518
[2025/09/21 08:52:27] - 9 	 55.7 	 	 0.1000 	 1.9547 	 0.4852
[2025/09/21 08:52:27] - ==> Building model..
[2025/09/21 08:53:05] - Test Loss 	 Test Acc 	 PGD Loss 	 PGD Acc
[2025/09/21 08:53:05] - 1.4833 	 	 0.6574 	 1.6123 	 0.4637
[2025/09/21 08:54:34] - 10 	 54.6 	 	 0.1000 	 1.9447 	 0.4934
[2025/09/21 08:54:34] - ==> Building model..
[2025/09/21 08:55:14] - Test Loss 	 Test Acc 	 PGD Loss 	 PGD Acc
[2025/09/21 08:55:14] - 1.4798 	 	 0.6644 	 1.6095 	 0.4699
[2025/09/21 08:56:43] - 11 	 57.0 	 	 0.1000 	 1.9382 	 0.5027
[2025/09/21 08:56:43] - ==> Building model..
[2025/09/21 08:57:22] - Test Loss 	 Test Acc 	 PGD Loss 	 PGD Acc
[2025/09/21 08:57:22] - 1.4659 	 	 0.6749 	 1.5981 	 0.4770
[2025/09/21 08:58:50] - 12 	 55.3 	 	 0.1000 	 1.9325 	 0.5070
[2025/09/21 08:58:50] - ==> Building model..
[2025/09/21 08:59:27] - Test Loss 	 Test Acc 	 PGD Loss 	 PGD Acc
[2025/09/21 08:59:27] - 1.4322 	 	 0.6883 	 1.5706 	 0.4863
[2025/09/21 09:00:55] - 13 	 54.9 	 	 0.1000 	 1.9268 	 0.5124
[2025/09/21 09:00:55] - ==> Building model..
[2025/09/21 09:01:34] - Test Loss 	 Test Acc 	 PGD Loss 	 PGD Acc
[2025/09/21 09:01:34] - 1.3912 	 	 0.6967 	 1.5380 	 0.4960
[2025/09/21 09:03:03] - 14 	 56.8 	 	 0.1000 	 1.9193 	 0.5221
[2025/09/21 09:03:03] - ==> Building model..
[2025/09/21 09:03:41] - Test Loss 	 Test Acc 	 PGD Loss 	 PGD Acc
[2025/09/21 09:03:41] - 1.3533 	 	 0.7085 	 1.5077 	 0.5029
[2025/09/21 09:05:09] - 15 	 55.1 	 	 0.1000 	 1.9178 	 0.5242
[2025/09/21 09:05:09] - ==> Building model..
[2025/09/21 09:05:48] - Test Loss 	 Test Acc 	 PGD Loss 	 PGD Acc
[2025/09/21 09:05:48] - 1.3219 	 	 0.7170 	 1.4825 	 0.5058
[2025/09/21 09:07:17] - 16 	 55.4 	 	 0.1000 	 1.9110 	 0.5270
[2025/09/21 09:07:17] - ==> Building model..
[2025/09/21 09:07:55] - Test Loss 	 Test Acc 	 PGD Loss 	 PGD Acc
[2025/09/21 09:07:55] - 1.2962 	 	 0.7222 	 1.4621 	 0.5099
[2025/09/21 09:09:25] - 17 	 57.0 	 	 0.1000 	 1.9082 	 0.5332
[2025/09/21 09:09:25] - ==> Building model..
[2025/09/21 09:10:03] - Test Loss 	 Test Acc 	 PGD Loss 	 PGD Acc
[2025/09/21 09:10:03] - 1.2795 	 	 0.7261 	 1.4489 	 0.5111
[2025/09/21 09:11:26] - 18 	 53.3 	 	 0.1000 	 1.9064 	 0.5357
[2025/09/21 09:11:26] - ==> Building model..
[2025/09/21 09:12:06] - Test Loss 	 Test Acc 	 PGD Loss 	 PGD Acc
[2025/09/21 09:12:06] - 1.2681 	 	 0.7318 	 1.4397 	 0.5156
[2025/09/21 09:13:27] - 19 	 51.4 	 	 0.1000 	 1.8997 	 0.5390
[2025/09/21 09:13:27] - ==> Building model..
[2025/09/21 09:14:06] - Test Loss 	 Test Acc 	 PGD Loss 	 PGD Acc
[2025/09/21 09:14:06] - 1.2571 	 	 0.7355 	 1.4303 	 0.5165
[2025/09/21 09:15:29] - 20 	 53.7 	 	 0.1000 	 1.8981 	 0.5416
[2025/09/21 09:15:29] - ==> Building model..
[2025/09/21 09:16:08] - Test Loss 	 Test Acc 	 PGD Loss 	 PGD Acc
[2025/09/21 09:16:08] - 1.2486 	 	 0.7376 	 1.4233 	 0.5192
[2025/09/21 09:17:31] - 21 	 54.2 	 	 0.1000 	 1.8950 	 0.5450
[2025/09/21 09:17:31] - ==> Building model..
[2025/09/21 09:18:08] - Test Loss 	 Test Acc 	 PGD Loss 	 PGD Acc
[2025/09/21 09:18:08] - 1.2418 	 	 0.7404 	 1.4178 	 0.5217
[2025/09/21 09:19:30] - 22 	 52.9 	 	 0.1000 	 1.8950 	 0.5452
[2025/09/21 09:19:30] - ==> Building model..
[2025/09/21 09:20:07] - Test Loss 	 Test Acc 	 PGD Loss 	 PGD Acc
[2025/09/21 09:20:07] - 1.2369 	 	 0.7420 	 1.4145 	 0.5259
[2025/09/21 09:21:31] - 23 	 55.5 	 	 0.1000 	 1.8921 	 0.5490
[2025/09/21 09:21:31] - ==> Building model..
[2025/09/21 09:22:08] - Test Loss 	 Test Acc 	 PGD Loss 	 PGD Acc
[2025/09/21 09:22:08] - 1.2315 	 	 0.7442 	 1.4104 	 0.5263
[2025/09/21 09:23:33] - 24 	 56.1 	 	 0.1000 	 1.8895 	 0.5504
[2025/09/21 09:23:33] - ==> Building model..
[2025/09/21 09:24:07] - Test Loss 	 Test Acc 	 PGD Loss 	 PGD Acc
[2025/09/21 09:24:07] - 1.2270 	 	 0.7459 	 1.4066 	 0.5295
[2025/09/21 09:25:31] - 25 	 55.9 	 	 0.1000 	 1.8861 	 0.5563
[2025/09/21 09:25:31] - ==> Building model..
[2025/09/21 09:26:03] - Test Loss 	 Test Acc 	 PGD Loss 	 PGD Acc
[2025/09/21 09:26:03] - 1.2230 	 	 0.7477 	 1.4036 	 0.5307
[2025/09/21 09:27:28] - 26 	 56.0 	 	 0.1000 	 1.8843 	 0.5534
[2025/09/21 09:27:28] - ==> Building model..
[2025/09/21 09:28:05] - Test Loss 	 Test Acc 	 PGD Loss 	 PGD Acc
[2025/09/21 09:28:05] - 1.2191 	 	 0.7499 	 1.3997 	 0.5327
[2025/09/21 09:29:37] - 27 	 59.2 	 	 0.1000 	 1.8830 	 0.5557
[2025/09/21 09:29:37] - ==> Building model..
[2025/09/21 09:30:16] - Test Loss 	 Test Acc 	 PGD Loss 	 PGD Acc
[2025/09/21 09:30:16] - 1.2158 	 	 0.7522 	 1.3970 	 0.5355
[2025/09/21 09:31:49] - 28 	 58.7 	 	 0.1000 	 1.8817 	 0.5561
[2025/09/21 09:31:49] - ==> Building model..
[2025/09/21 09:32:29] - Test Loss 	 Test Acc 	 PGD Loss 	 PGD Acc
[2025/09/21 09:32:29] - 1.2127 	 	 0.7523 	 1.3947 	 0.5357
[2025/09/21 09:34:03] - 29 	 60.3 	 	 0.1000 	 1.8798 	 0.5603
[2025/09/21 09:34:03] - ==> Building model..
[2025/09/21 09:34:41] - Test Loss 	 Test Acc 	 PGD Loss 	 PGD Acc
[2025/09/21 09:34:41] - 1.2106 	 	 0.7544 	 1.3934 	 0.5366
[2025/09/21 09:36:14] - 30 	 58.3 	 	 0.1000 	 1.8799 	 0.5604
[2025/09/21 09:36:14] - ==> Building model..
[2025/09/21 09:36:53] - Test Loss 	 Test Acc 	 PGD Loss 	 PGD Acc
[2025/09/21 09:36:53] - 1.2086 	 	 0.7567 	 1.3924 	 0.5377
[2025/09/21 09:38:14] - 31 	 51.2 	 	 0.1000 	 1.8781 	 0.5617
[2025/09/21 09:38:14] - ==> Building model..
[2025/09/21 09:38:53] - Test Loss 	 Test Acc 	 PGD Loss 	 PGD Acc
[2025/09/21 09:38:53] - 1.2055 	 	 0.7573 	 1.3899 	 0.5403
[2025/09/21 09:40:15] - 32 	 53.4 	 	 0.1000 	 1.8761 	 0.5656
[2025/09/21 09:40:15] - ==> Building model..
[2025/09/21 09:40:55] - Test Loss 	 Test Acc 	 PGD Loss 	 PGD Acc
[2025/09/21 09:40:55] - 1.2007 	 	 0.7590 	 1.3861 	 0.5403
[2025/09/21 09:42:17] - 33 	 52.3 	 	 0.1000 	 1.8757 	 0.5641
[2025/09/21 09:42:17] - ==> Building model..
[2025/09/21 09:42:55] - Test Loss 	 Test Acc 	 PGD Loss 	 PGD Acc
[2025/09/21 09:42:55] - 1.1982 	 	 0.7615 	 1.3846 	 0.5416
[2025/09/21 09:44:17] - 34 	 52.9 	 	 0.1000 	 1.8730 	 0.5650
[2025/09/21 09:44:17] - ==> Building model..
[2025/09/21 09:44:55] - Test Loss 	 Test Acc 	 PGD Loss 	 PGD Acc
[2025/09/21 09:44:55] - 1.1940 	 	 0.7640 	 1.3816 	 0.5438
[2025/09/21 09:46:17] - 35 	 54.6 	 	 0.1000 	 1.8726 	 0.5685
[2025/09/21 09:46:17] - ==> Building model..
[2025/09/21 09:46:54] - Test Loss 	 Test Acc 	 PGD Loss 	 PGD Acc
[2025/09/21 09:46:54] - 1.1919 	 	 0.7641 	 1.3800 	 0.5445
[2025/09/21 09:48:17] - 36 	 55.4 	 	 0.1000 	 1.8732 	 0.5653
[2025/09/21 09:48:17] - ==> Building model..
[2025/09/21 09:48:54] - Test Loss 	 Test Acc 	 PGD Loss 	 PGD Acc
[2025/09/21 09:48:54] - 1.1889 	 	 0.7671 	 1.3784 	 0.5462
[2025/09/21 09:50:18] - 37 	 55.3 	 	 0.1000 	 1.8703 	 0.5711
[2025/09/21 09:50:18] - ==> Building model..
[2025/09/21 09:50:48] - Test Loss 	 Test Acc 	 PGD Loss 	 PGD Acc
[2025/09/21 09:50:48] - 1.1858 	 	 0.7680 	 1.3761 	 0.5474
[2025/09/21 09:52:12] - 38 	 55.6 	 	 0.1000 	 1.8707 	 0.5677
[2025/09/21 09:52:12] - ==> Building model..
[2025/09/21 09:52:49] - Test Loss 	 Test Acc 	 PGD Loss 	 PGD Acc
[2025/09/21 09:52:49] - 1.1840 	 	 0.7706 	 1.3748 	 0.5478
[2025/09/21 09:54:14] - 39 	 56.3 	 	 0.1000 	 1.8673 	 0.5728
[2025/09/21 09:54:14] - ==> Building model..
[2025/09/21 09:54:51] - Test Loss 	 Test Acc 	 PGD Loss 	 PGD Acc
[2025/09/21 09:54:51] - 1.1818 	 	 0.7698 	 1.3728 	 0.5479
[2025/09/21 09:56:14] - 40 	 54.3 	 	 0.1000 	 1.8698 	 0.5685
[2025/09/21 09:56:14] - ==> Building model..
[2025/09/21 09:56:52] - Test Loss 	 Test Acc 	 PGD Loss 	 PGD Acc
[2025/09/21 09:56:52] - 1.1802 	 	 0.7698 	 1.3717 	 0.5490
[2025/09/21 09:58:11] - 41 	 51.4 	 	 0.1000 	 1.8669 	 0.5716
[2025/09/21 09:58:11] - ==> Building model..
[2025/09/21 09:58:49] - Test Loss 	 Test Acc 	 PGD Loss 	 PGD Acc
[2025/09/21 09:58:49] - 1.1790 	 	 0.7701 	 1.3716 	 0.5504
[2025/09/21 10:00:11] - 42 	 54.6 	 	 0.1000 	 1.8674 	 0.5722
[2025/09/21 10:00:11] - ==> Building model..
[2025/09/21 10:00:48] - Test Loss 	 Test Acc 	 PGD Loss 	 PGD Acc
[2025/09/21 10:00:48] - 1.1796 	 	 0.7710 	 1.3719 	 0.5508
[2025/09/21 10:02:10] - 43 	 54.4 	 	 0.1000 	 1.8665 	 0.5733
[2025/09/21 10:02:10] - ==> Building model..
[2025/09/21 10:02:48] - Test Loss 	 Test Acc 	 PGD Loss 	 PGD Acc
[2025/09/21 10:02:48] - 1.1778 	 	 0.7723 	 1.3703 	 0.5513
[2025/09/21 10:04:09] - 44 	 52.0 	 	 0.1000 	 1.8665 	 0.5735
[2025/09/21 10:04:09] - ==> Building model..
[2025/09/21 10:04:47] - Test Loss 	 Test Acc 	 PGD Loss 	 PGD Acc
[2025/09/21 10:04:47] - 1.1768 	 	 0.7731 	 1.3700 	 0.5512
[2025/09/21 10:06:09] - 45 	 53.5 	 	 0.1000 	 1.8645 	 0.5737
[2025/09/21 10:06:09] - ==> Building model..
[2025/09/21 10:06:47] - Test Loss 	 Test Acc 	 PGD Loss 	 PGD Acc
[2025/09/21 10:06:47] - 1.1741 	 	 0.7745 	 1.3676 	 0.5511
[2025/09/21 10:08:09] - 46 	 52.5 	 	 0.1000 	 1.8636 	 0.5742
[2025/09/21 10:08:09] - ==> Building model..
[2025/09/21 10:08:50] - Test Loss 	 Test Acc 	 PGD Loss 	 PGD Acc
[2025/09/21 10:08:50] - 1.1725 	 	 0.7760 	 1.3669 	 0.5522
[2025/09/21 10:10:10] - 47 	 50.6 	 	 0.1000 	 1.8635 	 0.5765
[2025/09/21 10:10:10] - ==> Building model..
[2025/09/21 10:10:49] - Test Loss 	 Test Acc 	 PGD Loss 	 PGD Acc
[2025/09/21 10:10:49] - 1.1706 	 	 0.7775 	 1.3656 	 0.5539
[2025/09/21 10:12:11] - 48 	 53.5 	 	 0.1000 	 1.8632 	 0.5740
[2025/09/21 10:12:11] - ==> Building model..
[2025/09/21 10:12:50] - Test Loss 	 Test Acc 	 PGD Loss 	 PGD Acc
[2025/09/21 10:12:50] - 1.1715 	 	 0.7791 	 1.3668 	 0.5546
[2025/09/21 10:14:13] - 49 	 55.7 	 	 0.1000 	 1.8620 	 0.5766
[2025/09/21 10:14:13] - ==> Building model..
[2025/09/21 10:14:48] - Test Loss 	 Test Acc 	 PGD Loss 	 PGD Acc
[2025/09/21 10:14:48] - 1.1706 	 	 0.7789 	 1.3661 	 0.5546
[2025/09/21 10:16:10] - 50 	 53.9 	 	 0.1000 	 1.8629 	 0.5752
[2025/09/21 10:16:10] - ==> Building model..
[2025/09/21 10:16:47] - Test Loss 	 Test Acc 	 PGD Loss 	 PGD Acc
[2025/09/21 10:16:47] - 1.1682 	 	 0.7788 	 1.3646 	 0.5552
[2025/09/21 10:18:09] - 51 	 54.7 	 	 0.1000 	 1.8637 	 0.5733
[2025/09/21 10:18:09] - ==> Building model..
[2025/09/21 10:18:46] - Test Loss 	 Test Acc 	 PGD Loss 	 PGD Acc
[2025/09/21 10:18:46] - 1.1672 	 	 0.7797 	 1.3642 	 0.5552
[2025/09/21 10:20:13] - 52 	 56.7 	 	 0.1000 	 1.8606 	 0.5771
[2025/09/21 10:20:13] - ==> Building model..
[2025/09/21 10:20:50] - Test Loss 	 Test Acc 	 PGD Loss 	 PGD Acc
[2025/09/21 10:20:50] - 1.1659 	 	 0.7803 	 1.3630 	 0.5543
[2025/09/21 10:22:13] - 53 	 55.7 	 	 0.1000 	 1.8596 	 0.5801
[2025/09/21 10:22:13] - ==> Building model..
[2025/09/21 10:22:44] - Test Loss 	 Test Acc 	 PGD Loss 	 PGD Acc
[2025/09/21 10:22:44] - 1.1638 	 	 0.7808 	 1.3608 	 0.5536
[2025/09/21 10:24:06] - 54 	 55.1 	 	 0.1000 	 1.8622 	 0.5785
[2025/09/21 10:24:06] - ==> Building model..
[2025/09/21 10:24:44] - Test Loss 	 Test Acc 	 PGD Loss 	 PGD Acc
[2025/09/21 10:24:44] - 1.1638 	 	 0.7809 	 1.3612 	 0.5537
[2025/09/21 10:26:07] - 55 	 55.8 	 	 0.1000 	 1.8591 	 0.5798
[2025/09/21 10:26:07] - ==> Building model..
[2025/09/21 10:26:45] - Test Loss 	 Test Acc 	 PGD Loss 	 PGD Acc
[2025/09/21 10:26:45] - 1.1619 	 	 0.7809 	 1.3598 	 0.5554
[2025/09/21 10:28:07] - 56 	 54.6 	 	 0.1000 	 1.8589 	 0.5780
[2025/09/21 10:28:07] - ==> Building model..
[2025/09/21 10:28:45] - Test Loss 	 Test Acc 	 PGD Loss 	 PGD Acc
[2025/09/21 10:28:45] - 1.1613 	 	 0.7814 	 1.3592 	 0.5538
[2025/09/21 10:30:07] - 57 	 52.7 	 	 0.1000 	 1.8585 	 0.5784
[2025/09/21 10:30:07] - ==> Building model..
[2025/09/21 10:30:44] - Test Loss 	 Test Acc 	 PGD Loss 	 PGD Acc
[2025/09/21 10:30:44] - 1.1597 	 	 0.7828 	 1.3578 	 0.5556
[2025/09/21 10:32:07] - 58 	 53.9 	 	 0.1000 	 1.8575 	 0.5808
[2025/09/21 10:32:07] - ==> Building model..
[2025/09/21 10:32:46] - Test Loss 	 Test Acc 	 PGD Loss 	 PGD Acc
[2025/09/21 10:32:46] - 1.1581 	 	 0.7842 	 1.3566 	 0.5565
[2025/09/21 10:34:04] - 59 	 51.2 	 	 0.1000 	 1.8588 	 0.5782
[2025/09/21 10:34:04] - ==> Building model..
[2025/09/21 10:34:43] - Test Loss 	 Test Acc 	 PGD Loss 	 PGD Acc
[2025/09/21 10:34:43] - 1.1582 	 	 0.7837 	 1.3572 	 0.5572
[2025/09/21 10:36:06] - 60 	 52.9 	 	 0.1000 	 1.8575 	 0.5796
[2025/09/21 10:36:06] - ==> Building model..
[2025/09/21 10:36:44] - Test Loss 	 Test Acc 	 PGD Loss 	 PGD Acc
[2025/09/21 10:36:44] - 1.1561 	 	 0.7835 	 1.3556 	 0.5573
[2025/09/21 10:38:08] - 61 	 54.8 	 	 0.1000 	 1.8589 	 0.5799
[2025/09/21 10:38:08] - ==> Building model..
[2025/09/21 10:38:47] - Test Loss 	 Test Acc 	 PGD Loss 	 PGD Acc
[2025/09/21 10:38:47] - 1.1559 	 	 0.7842 	 1.3551 	 0.5575
[2025/09/21 10:40:11] - 62 	 53.3 	 	 0.1000 	 1.8577 	 0.5803
[2025/09/21 10:40:11] - ==> Building model..
[2025/09/21 10:40:52] - Test Loss 	 Test Acc 	 PGD Loss 	 PGD Acc
[2025/09/21 10:40:52] - 1.1564 	 	 0.7845 	 1.3554 	 0.5579
[2025/09/21 10:42:16] - 63 	 51.3 	 	 0.1000 	 1.8590 	 0.5808
[2025/09/21 10:42:16] - ==> Building model..
[2025/09/21 10:42:57] - Test Loss 	 Test Acc 	 PGD Loss 	 PGD Acc
[2025/09/21 10:42:57] - 1.1571 	 	 0.7841 	 1.3560 	 0.5582
[2025/09/21 10:44:28] - 64 	 55.8 	 	 0.1000 	 1.8609 	 0.5801
[2025/09/21 10:44:28] - ==> Building model..
[2025/09/21 10:45:09] - Test Loss 	 Test Acc 	 PGD Loss 	 PGD Acc
[2025/09/21 10:45:09] - 1.1603 	 	 0.7852 	 1.3586 	 0.5589
[2025/09/21 10:46:47] - 65 	 59.7 	 	 0.1000 	 1.8620 	 0.5813
[2025/09/21 10:46:47] - ==> Building model..
[2025/09/21 10:47:30] - Test Loss 	 Test Acc 	 PGD Loss 	 PGD Acc
[2025/09/21 10:47:30] - 1.1618 	 	 0.7839 	 1.3595 	 0.5586
[2025/09/21 10:48:58] - 66 	 53.8 	 	 0.1000 	 1.8621 	 0.5802
[2025/09/21 10:48:58] - ==> Building model..
[2025/09/21 10:49:38] - Test Loss 	 Test Acc 	 PGD Loss 	 PGD Acc
[2025/09/21 10:49:38] - 1.1640 	 	 0.7840 	 1.3614 	 0.5587
[2025/09/21 10:51:12] - 67 	 58.5 	 	 0.1000 	 1.8616 	 0.5832
[2025/09/21 10:51:12] - ==> Building model..
[2025/09/21 10:51:50] - Test Loss 	 Test Acc 	 PGD Loss 	 PGD Acc
[2025/09/21 10:51:50] - 1.1652 	 	 0.7833 	 1.3617 	 0.5615
[2025/09/21 10:53:22] - 68 	 58.4 	 	 0.1000 	 1.8636 	 0.5802
[2025/09/21 10:53:22] - ==> Building model..
[2025/09/21 10:53:53] - Test Loss 	 Test Acc 	 PGD Loss 	 PGD Acc
[2025/09/21 10:53:53] - 1.1703 	 	 0.7825 	 1.3654 	 0.5617
[2025/09/21 10:55:24] - 69 	 58.8 	 	 0.1000 	 1.8679 	 0.5793
[2025/09/21 10:55:24] - ==> Building model..
[2025/09/21 10:56:02] - Test Loss 	 Test Acc 	 PGD Loss 	 PGD Acc
[2025/09/21 10:56:02] - 1.1729 	 	 0.7822 	 1.3675 	 0.5605
[2025/09/21 10:57:32] - 70 	 57.1 	 	 0.1000 	 1.8676 	 0.5774
[2025/09/21 10:57:32] - ==> Building model..
[2025/09/21 10:58:11] - Test Loss 	 Test Acc 	 PGD Loss 	 PGD Acc
[2025/09/21 10:58:11] - 1.1754 	 	 0.7825 	 1.3697 	 0.5615
[2025/09/21 10:59:40] - 71 	 56.9 	 	 0.1000 	 1.8668 	 0.5814
[2025/09/21 10:59:40] - ==> Building model..
[2025/09/21 11:00:11] - Test Loss 	 Test Acc 	 PGD Loss 	 PGD Acc
[2025/09/21 11:00:11] - 1.1780 	 	 0.7827 	 1.3715 	 0.5638
[2025/09/21 11:01:37] - 72 	 55.8 	 	 0.1000 	 1.8684 	 0.5818
[2025/09/21 11:01:37] - ==> Building model..
[2025/09/21 11:02:15] - Test Loss 	 Test Acc 	 PGD Loss 	 PGD Acc
[2025/09/21 11:02:15] - 1.1806 	 	 0.7826 	 1.3733 	 0.5645
[2025/09/21 11:03:41] - 73 	 56.3 	 	 0.1000 	 1.8699 	 0.5791
[2025/09/21 11:03:41] - ==> Building model..
[2025/09/21 11:04:19] - Test Loss 	 Test Acc 	 PGD Loss 	 PGD Acc
[2025/09/21 11:04:19] - 1.1843 	 	 0.7813 	 1.3761 	 0.5660
[2025/09/21 11:05:44] - 74 	 55.7 	 	 0.1000 	 1.8707 	 0.5807
[2025/09/21 11:05:44] - ==> Building model..
[2025/09/21 11:06:16] - Test Loss 	 Test Acc 	 PGD Loss 	 PGD Acc
[2025/09/21 11:06:16] - 1.1860 	 	 0.7794 	 1.3769 	 0.5649
[2025/09/21 11:07:43] - 75 	 56.2 	 	 0.1000 	 1.8731 	 0.5770
[2025/09/21 11:07:43] - ==> Building model..
[2025/09/21 11:08:21] - Test Loss 	 Test Acc 	 PGD Loss 	 PGD Acc
[2025/09/21 11:08:21] - 1.1916 	 	 0.7778 	 1.3807 	 0.5648
[2025/09/21 11:09:48] - 76 	 56.3 	 	 0.1000 	 1.8750 	 0.5778
[2025/09/21 11:09:48] - ==> Building model..
[2025/09/21 11:10:25] - Test Loss 	 Test Acc 	 PGD Loss 	 PGD Acc
[2025/09/21 11:10:25] - 1.1975 	 	 0.7780 	 1.3852 	 0.5647
[2025/09/21 11:11:49] - 77 	 55.2 	 	 0.1000 	 1.8757 	 0.5781
[2025/09/21 11:11:49] - ==> Building model..
[2025/09/21 11:12:25] - Test Loss 	 Test Acc 	 PGD Loss 	 PGD Acc
[2025/09/21 11:12:25] - 1.2017 	 	 0.7768 	 1.3885 	 0.5670
[2025/09/21 11:13:51] - 78 	 55.2 	 	 0.1000 	 1.8755 	 0.5804
[2025/09/21 11:13:51] - ==> Building model..
[2025/09/21 11:14:30] - Test Loss 	 Test Acc 	 PGD Loss 	 PGD Acc
[2025/09/21 11:14:30] - 1.2022 	 	 0.7756 	 1.3886 	 0.5679
[2025/09/21 11:15:57] - 79 	 55.0 	 	 0.1000 	 1.8761 	 0.5776
[2025/09/21 11:15:57] - ==> Building model..
[2025/09/21 11:16:37] - Test Loss 	 Test Acc 	 PGD Loss 	 PGD Acc
[2025/09/21 11:16:37] - 1.2050 	 	 0.7734 	 1.3897 	 0.5687
[2025/09/21 11:18:00] - 80 	 53.0 	 	 0.1000 	 1.8788 	 0.5790
[2025/09/21 11:18:00] - ==> Building model..
[2025/09/21 11:18:39] - Test Loss 	 Test Acc 	 PGD Loss 	 PGD Acc
[2025/09/21 11:18:39] - 1.2076 	 	 0.7763 	 1.3912 	 0.5679
[2025/09/21 11:20:03] - 81 	 52.2 	 	 0.1000 	 1.8796 	 0.5789
[2025/09/21 11:20:03] - ==> Building model..
[2025/09/21 11:20:43] - Test Loss 	 Test Acc 	 PGD Loss 	 PGD Acc
[2025/09/21 11:20:43] - 1.2107 	 	 0.7750 	 1.3933 	 0.5700
[2025/09/21 11:22:09] - 82 	 55.5 	 	 0.1000 	 1.8822 	 0.5749
[2025/09/21 11:22:09] - ==> Building model..
[2025/09/21 11:22:48] - Test Loss 	 Test Acc 	 PGD Loss 	 PGD Acc
[2025/09/21 11:22:48] - 1.2151 	 	 0.7749 	 1.3965 	 0.5689
[2025/09/21 11:24:13] - 83 	 54.9 	 	 0.1000 	 1.8849 	 0.5764
[2025/09/21 11:24:13] - ==> Building model..
[2025/09/21 11:24:52] - Test Loss 	 Test Acc 	 PGD Loss 	 PGD Acc
[2025/09/21 11:24:52] - 1.2199 	 	 0.7727 	 1.4000 	 0.5692
[2025/09/21 11:26:14] - 84 	 52.6 	 	 0.1000 	 1.8838 	 0.5742
[2025/09/21 11:26:14] - ==> Building model..
[2025/09/21 11:26:52] - Test Loss 	 Test Acc 	 PGD Loss 	 PGD Acc
[2025/09/21 11:26:52] - 1.2227 	 	 0.7729 	 1.4018 	 0.5705
[2025/09/21 11:28:18] - 85 	 55.9 	 	 0.1000 	 1.8871 	 0.5740
[2025/09/21 11:28:18] - ==> Building model..
[2025/09/21 11:28:56] - Test Loss 	 Test Acc 	 PGD Loss 	 PGD Acc
[2025/09/21 11:28:56] - 1.2273 	 	 0.7711 	 1.4053 	 0.5709
[2025/09/21 11:30:20] - 86 	 54.9 	 	 0.1000 	 1.8874 	 0.5725
[2025/09/21 11:30:20] - ==> Building model..
[2025/09/21 11:30:59] - Test Loss 	 Test Acc 	 PGD Loss 	 PGD Acc
[2025/09/21 11:30:59] - 1.2321 	 	 0.7697 	 1.4089 	 0.5709
[2025/09/21 11:32:23] - 87 	 53.4 	 	 0.1000 	 1.8884 	 0.5752
[2025/09/21 11:32:23] - ==> Building model..
[2025/09/21 11:33:01] - Test Loss 	 Test Acc 	 PGD Loss 	 PGD Acc
[2025/09/21 11:33:01] - 1.2360 	 	 0.7671 	 1.4114 	 0.5697
[2025/09/21 11:34:26] - 88 	 55.7 	 	 0.1000 	 1.8919 	 0.5715
[2025/09/21 11:34:26] - ==> Building model..
[2025/09/21 11:35:05] - Test Loss 	 Test Acc 	 PGD Loss 	 PGD Acc
[2025/09/21 11:35:05] - 1.2407 	 	 0.7642 	 1.4145 	 0.5701
[2025/09/21 11:36:30] - 89 	 55.2 	 	 0.1000 	 1.8902 	 0.5735
[2025/09/21 11:36:30] - ==> Building model..
[2025/09/21 11:37:09] - Test Loss 	 Test Acc 	 PGD Loss 	 PGD Acc
[2025/09/21 11:37:09] - 1.2436 	 	 0.7641 	 1.4163 	 0.5704
[2025/09/21 11:38:32] - 90 	 52.9 	 	 0.1000 	 1.8931 	 0.5710
[2025/09/21 11:38:32] - ==> Building model..
[2025/09/21 11:39:11] - Test Loss 	 Test Acc 	 PGD Loss 	 PGD Acc
[2025/09/21 11:39:11] - 1.2492 	 	 0.7634 	 1.4194 	 0.5704
[2025/09/21 11:40:36] - 91 	 55.9 	 	 0.1000 	 1.8948 	 0.5676
[2025/09/21 11:40:36] - ==> Building model..
[2025/09/21 11:41:14] - Test Loss 	 Test Acc 	 PGD Loss 	 PGD Acc
[2025/09/21 11:41:14] - 1.2534 	 	 0.7633 	 1.4223 	 0.5724
[2025/09/21 11:42:38] - 92 	 53.9 	 	 0.1000 	 1.8955 	 0.5681
[2025/09/21 11:42:38] - ==> Building model..
[2025/09/21 11:43:17] - Test Loss 	 Test Acc 	 PGD Loss 	 PGD Acc
[2025/09/21 11:43:17] - 1.2562 	 	 0.7630 	 1.4246 	 0.5732
[2025/09/21 11:44:38] - 93 	 50.8 	 	 0.1000 	 1.8943 	 0.5662
[2025/09/21 11:44:38] - ==> Building model..
[2025/09/21 11:45:17] - Test Loss 	 Test Acc 	 PGD Loss 	 PGD Acc
[2025/09/21 11:45:17] - 1.2578 	 	 0.7607 	 1.4256 	 0.5731
[2025/09/21 11:46:42] - 94 	 55.0 	 	 0.1000 	 1.8957 	 0.5675
[2025/09/21 11:46:42] - ==> Building model..
[2025/09/21 11:47:22] - Test Loss 	 Test Acc 	 PGD Loss 	 PGD Acc
[2025/09/21 11:47:22] - 1.2597 	 	 0.7621 	 1.4273 	 0.5719
[2025/09/21 11:48:53] - 95 	 56.5 	 	 0.1000 	 1.8945 	 0.5686
[2025/09/21 11:48:53] - ==> Building model..
[2025/09/21 11:49:35] - Test Loss 	 Test Acc 	 PGD Loss 	 PGD Acc
[2025/09/21 11:49:35] - 1.2608 	 	 0.7628 	 1.4283 	 0.5712
[2025/09/21 11:51:08] - 96 	 56.3 	 	 0.1000 	 1.8945 	 0.5686
[2025/09/21 11:51:08] - ==> Building model..
[2025/09/21 11:51:48] - Test Loss 	 Test Acc 	 PGD Loss 	 PGD Acc
[2025/09/21 11:51:48] - 1.2621 	 	 0.7628 	 1.4295 	 0.5702
[2025/09/21 11:53:18] - 97 	 56.7 	 	 0.1000 	 1.8937 	 0.5688
[2025/09/21 11:53:18] - ==> Building model..
[2025/09/21 11:53:59] - Test Loss 	 Test Acc 	 PGD Loss 	 PGD Acc
[2025/09/21 11:53:59] - 1.2611 	 	 0.7622 	 1.4287 	 0.5707
[2025/09/21 11:55:27] - 98 	 56.3 	 	 0.1000 	 1.8940 	 0.5677
[2025/09/21 11:55:27] - ==> Building model..
[2025/09/21 11:56:07] - Test Loss 	 Test Acc 	 PGD Loss 	 PGD Acc
[2025/09/21 11:56:07] - 1.2613 	 	 0.7631 	 1.4286 	 0.5712
[2025/09/21 11:57:29] - 99 	 52.6 	 	 0.1000 	 1.8943 	 0.5690
[2025/09/21 11:57:29] - ==> Building model..
[2025/09/21 11:58:07] - Test Loss 	 Test Acc 	 PGD Loss 	 PGD Acc
[2025/09/21 11:58:07] - 1.2614 	 	 0.7637 	 1.4287 	 0.5725
[2025/09/21 11:59:33] - 100 	 56.8 	 	 0.1000 	 1.8927 	 0.5700
[2025/09/21 11:59:33] - ==> Building model..
[2025/09/21 12:00:10] - Test Loss 	 Test Acc 	 PGD Loss 	 PGD Acc
[2025/09/21 12:00:10] - 1.2613 	 	 0.7611 	 1.4286 	 0.5722
[2025/09/21 12:01:33] - 101 	 54.0 	 	 0.1000 	 1.8951 	 0.5677
[2025/09/21 12:01:33] - ==> Building model..
[2025/09/21 12:02:12] - Test Loss 	 Test Acc 	 PGD Loss 	 PGD Acc
[2025/09/21 12:02:12] - 1.2629 	 	 0.7614 	 1.4298 	 0.5695
[2025/09/21 12:03:34] - 102 	 52.1 	 	 0.1000 	 1.8940 	 0.5697
[2025/09/21 12:03:34] - ==> Building model..
[2025/09/21 12:04:13] - Test Loss 	 Test Acc 	 PGD Loss 	 PGD Acc
[2025/09/21 12:04:13] - 1.2631 	 	 0.7613 	 1.4304 	 0.5718
[2025/09/21 12:05:39] - 103 	 56.2 	 	 0.1000 	 1.8946 	 0.5660
[2025/09/21 12:05:39] - ==> Building model..
[2025/09/21 12:06:17] - Test Loss 	 Test Acc 	 PGD Loss 	 PGD Acc
[2025/09/21 12:06:17] - 1.2626 	 	 0.7623 	 1.4301 	 0.5720
[2025/09/21 12:07:42] - 104 	 54.7 	 	 0.1000 	 1.8935 	 0.5707
[2025/09/21 12:07:42] - ==> Building model..
[2025/09/21 12:08:20] - Test Loss 	 Test Acc 	 PGD Loss 	 PGD Acc
[2025/09/21 12:08:20] - 1.2623 	 	 0.7620 	 1.4300 	 0.5723
[2025/09/21 12:09:45] - 105 	 53.7 	 	 0.1000 	 1.8945 	 0.5686
[2025/09/21 12:09:45] - ==> Building model..
[2025/09/21 12:10:23] - Test Loss 	 Test Acc 	 PGD Loss 	 PGD Acc
[2025/09/21 12:10:23] - 1.2617 	 	 0.7642 	 1.4296 	 0.5724
[2025/09/21 12:11:49] - 106 	 56.3 	 	 0.1000 	 1.8935 	 0.5691
[2025/09/21 12:11:49] - ==> Building model..
[2025/09/21 12:12:27] - Test Loss 	 Test Acc 	 PGD Loss 	 PGD Acc
[2025/09/21 12:12:27] - 1.2608 	 	 0.7641 	 1.4292 	 0.5734
[2025/09/21 12:13:56] - 107 	 56.6 	 	 0.1000 	 1.8932 	 0.5698
[2025/09/21 12:13:56] - ==> Building model..
[2025/09/21 12:14:36] - Test Loss 	 Test Acc 	 PGD Loss 	 PGD Acc
[2025/09/21 12:14:36] - 1.2614 	 	 0.7640 	 1.4296 	 0.5747
[2025/09/21 12:15:58] - 108 	 51.1 	 	 0.1000 	 1.8926 	 0.5719
[2025/09/21 12:15:58] - ==> Building model..
[2025/09/21 12:16:36] - Test Loss 	 Test Acc 	 PGD Loss 	 PGD Acc
[2025/09/21 12:16:36] - 1.2620 	 	 0.7645 	 1.4300 	 0.5754
[2025/09/21 12:18:00] - 109 	 53.4 	 	 0.0100 	 1.8425 	 0.6166
[2025/09/21 12:18:00] - ==> Building model..
[2025/09/21 12:18:38] - Test Loss 	 Test Acc 	 PGD Loss 	 PGD Acc
[2025/09/21 12:18:38] - 1.2468 	 	 0.7692 	 1.4189 	 0.5744
[2025/09/21 12:20:00] - 110 	 51.4 	 	 0.0100 	 1.7871 	 0.6652
[2025/09/21 12:20:00] - ==> Building model..
[2025/09/21 12:20:40] - Test Loss 	 Test Acc 	 PGD Loss 	 PGD Acc
[2025/09/21 12:20:40] - 1.2264 	 	 0.7745 	 1.4036 	 0.5743
[2025/09/21 12:21:58] - 111 	 48.1 	 	 0.0100 	 1.7727 	 0.6779
[2025/09/21 12:21:58] - ==> Building model..
[2025/09/21 12:22:38] - Test Loss 	 Test Acc 	 PGD Loss 	 PGD Acc
[2025/09/21 12:22:38] - 1.2104 	 	 0.7807 	 1.3922 	 0.5776
[2025/09/21 12:24:01] - 112 	 51.4 	 	 0.0100 	 1.7626 	 0.6867
[2025/09/21 12:24:01] - ==> Building model..
[2025/09/21 12:24:41] - Test Loss 	 Test Acc 	 PGD Loss 	 PGD Acc
[2025/09/21 12:24:41] - 1.1998 	 	 0.7863 	 1.3848 	 0.5768
[2025/09/21 12:26:08] - 113 	 51.7 	 	 0.0100 	 1.7554 	 0.6965
[2025/09/21 12:26:08] - ==> Building model..
[2025/09/21 12:26:52] - Test Loss 	 Test Acc 	 PGD Loss 	 PGD Acc
[2025/09/21 12:26:52] - 1.1938 	 	 0.7895 	 1.3810 	 0.5784
[2025/09/21 12:28:20] - 114 	 50.9 	 	 0.0010 	 1.7405 	 0.7051
[2025/09/21 12:28:20] - ==> Building model..
[2025/09/21 12:29:01] - Test Loss 	 Test Acc 	 PGD Loss 	 PGD Acc
[2025/09/21 12:29:01] - 1.1877 	 	 0.7937 	 1.3775 	 0.5814
[2025/09/21 12:30:31] - 115 	 53.2 	 	 0.0010 	 1.7272 	 0.7177
[2025/09/21 12:30:31] - ==> Building model..
[2025/09/21 12:31:10] - Test Loss 	 Test Acc 	 PGD Loss 	 PGD Acc
[2025/09/21 12:31:10] - 1.1816 	 	 0.7960 	 1.3735 	 0.5806
[2025/09/21 12:32:38] - 116 	 51.9 	 	 0.0010 	 1.7241 	 0.7191
[2025/09/21 12:32:38] - ==> Building model..
[2025/09/21 12:33:20] - Test Loss 	 Test Acc 	 PGD Loss 	 PGD Acc
[2025/09/21 12:33:20] - 1.1738 	 	 0.7997 	 1.3683 	 0.5819
[2025/09/21 12:34:48] - 117 	 51.4 	 	 0.0010 	 1.7203 	 0.7220
[2025/09/21 12:34:48] - ==> Building model..
[2025/09/21 12:35:27] - Test Loss 	 Test Acc 	 PGD Loss 	 PGD Acc
[2025/09/21 12:35:27] - 1.1662 	 	 0.8016 	 1.3630 	 0.5814
[2025/09/21 12:36:57] - 118 	 54.0 	 	 0.0010 	 1.7181 	 0.7262
[2025/09/21 12:36:57] - ==> Building model..
[2025/09/21 12:37:37] - Test Loss 	 Test Acc 	 PGD Loss 	 PGD Acc
[2025/09/21 12:37:37] - 1.1593 	 	 0.8033 	 1.3584 	 0.5812
[2025/09/21 12:39:07] - 119 	 52.9 	 	 0.0010 	 1.7160 	 0.7263
[2025/09/21 12:39:07] - ==> Building model..
[2025/09/21 12:39:46] - Test Loss 	 Test Acc 	 PGD Loss 	 PGD Acc
[2025/09/21 12:39:46] - 1.1530 	 	 0.8053 	 1.3541 	 0.5822
[2025/09/21 12:39:46] - [0.3955, 0.4592, 0.5132, 0.5565, 0.5859, 0.614, 0.6308, 0.6413, 0.6523, 0.6574, 0.6644, 0.6749, 0.6883, 0.6967, 0.7085, 0.717, 0.7222, 0.7261, 0.7318, 0.7355, 0.7376, 0.7404, 0.742, 0.7442, 0.7459, 0.7477, 0.7499, 0.7522, 0.7523, 0.7544, 0.7567, 0.7573, 0.759, 0.7615, 0.764, 0.7641, 0.7671, 0.768, 0.7706, 0.7698, 0.7698, 0.7701, 0.771, 0.7723, 0.7731, 0.7745, 0.776, 0.7775, 0.7791, 0.7789, 0.7788, 0.7797, 0.7803, 0.7808, 0.7809, 0.7809, 0.7814, 0.7828, 0.7842, 0.7837, 0.7835, 0.7842, 0.7845, 0.7841, 0.7852, 0.7839, 0.784, 0.7833, 0.7825, 0.7822, 0.7825, 0.7827, 0.7826, 0.7813, 0.7794, 0.7778, 0.778, 0.7768, 0.7756, 0.7734, 0.7763, 0.775, 0.7749, 0.7727, 0.7729, 0.7711, 0.7697, 0.7671, 0.7642, 0.7641, 0.7634, 0.7633, 0.763, 0.7607, 0.7621, 0.7628, 0.7628, 0.7622, 0.7631, 0.7637, 0.7611, 0.7614, 0.7613, 0.7623, 0.762, 0.7642, 0.7641, 0.764, 0.7645, 0.7692, 0.7745, 0.7807, 0.7863, 0.7895, 0.7937, 0.796, 0.7997, 0.8016, 0.8033, 0.8053]
[2025/09/21 12:39:46] - [0.2782, 0.3163, 0.3407, 0.3682, 0.3927, 0.4122, 0.4285, 0.4424, 0.4518, 0.4637, 0.4699, 0.477, 0.4863, 0.496, 0.5029, 0.5058, 0.5099, 0.5111, 0.5156, 0.5165, 0.5192, 0.5217, 0.5259, 0.5263, 0.5295, 0.5307, 0.5327, 0.5355, 0.5357, 0.5366, 0.5377, 0.5403, 0.5403, 0.5416, 0.5438, 0.5445, 0.5462, 0.5474, 0.5478, 0.5479, 0.549, 0.5504, 0.5508, 0.5513, 0.5512, 0.5511, 0.5522, 0.5539, 0.5546, 0.5546, 0.5552, 0.5552, 0.5543, 0.5536, 0.5537, 0.5554, 0.5538, 0.5556, 0.5565, 0.5572, 0.5573, 0.5575, 0.5579, 0.5582, 0.5589, 0.5586, 0.5587, 0.5615, 0.5617, 0.5605, 0.5615, 0.5638, 0.5645, 0.566, 0.5649, 0.5648, 0.5647, 0.567, 0.5679, 0.5687, 0.5679, 0.57, 0.5689, 0.5692, 0.5705, 0.5709, 0.5709, 0.5697, 0.5701, 0.5704, 0.5704, 0.5724, 0.5732, 0.5731, 0.5719, 0.5712, 0.5702, 0.5707, 0.5712, 0.5725, 0.5722, 0.5695, 0.5718, 0.572, 0.5723, 0.5724, 0.5734, 0.5747, 0.5754, 0.5744, 0.5743, 0.5776, 0.5768, 0.5784, 0.5814, 0.5806, 0.5819, 0.5814, 0.5812, 0.5822]
