[2025/09/23 13:45:03] - Namespace(batch_size=128, data_dir='./tiny-imagenet-200', epochs=110, lr_schedule='multistep', lr_min=0.0, lr_max=0.1, weight_decay=0.0005, momentum=0.9, model='PreActResNest18', epsilon=8, alpha=8, delta_init='random', normal_mean=0, normal_std=1, out_dir='./output/Tiny_ImageNet/beta_0.8', seed=0, lamda=38, lam_scale=0.1, lam_start=50, gamma=0.025, inner_gamma=0.025, beta=0.8, mu=3.5, batch_m=0.75, early_stop=False, factor=0.3, length=6, n_holes=1, c_num=0.125, EMA_value=0.55)
[2025/09/23 13:45:56] - ==> Building model..
[2025/09/23 13:45:56] - Epoch 	 Seconds 	 LR 	 	 Train Loss 	 Train Acc
[2025/09/23 13:48:20] - 0 	 139.3 	 	 0.1000 	 5.2915 	 0.0281
[2025/09/23 13:48:20] - ==> Building model..
[2025/09/23 13:49:12] - Test Loss 	 Test Acc 	 PGD Loss 	 PGD Acc
[2025/09/23 13:49:12] - 4.9768 	 	 0.0809 	 4.9892 	 0.0456
[2025/09/23 13:51:35] - 1 	 138.5 	 	 0.1000 	 5.2301 	 0.0689
[2025/09/23 13:51:35] - ==> Building model..
[2025/09/23 13:52:27] - Test Loss 	 Test Acc 	 PGD Loss 	 PGD Acc
[2025/09/23 13:52:27] - 4.7552 	 	 0.1419 	 4.7905 	 0.0761
[2025/09/23 13:54:51] - 2 	 138.7 	 	 0.1000 	 5.1982 	 0.0997
[2025/09/23 13:54:51] - ==> Building model..
[2025/09/23 13:55:43] - Test Loss 	 Test Acc 	 PGD Loss 	 PGD Acc
[2025/09/23 13:55:43] - 4.5997 	 	 0.1853 	 4.6574 	 0.0984
[2025/09/23 13:58:06] - 3 	 138.2 	 	 0.1000 	 5.1720 	 0.1237
[2025/09/23 13:58:06] - ==> Building model..
[2025/09/23 13:58:59] - Test Loss 	 Test Acc 	 PGD Loss 	 PGD Acc
[2025/09/23 13:58:59] - 4.5060 	 	 0.2126 	 4.5805 	 0.1082
[2025/09/23 14:01:22] - 4 	 138.4 	 	 0.1000 	 5.1480 	 0.1456
[2025/09/23 14:01:22] - ==> Building model..
[2025/09/23 14:02:14] - Test Loss 	 Test Acc 	 PGD Loss 	 PGD Acc
[2025/09/23 14:02:14] - 4.4602 	 	 0.2287 	 4.5459 	 0.1160
[2025/09/23 14:04:37] - 5 	 138.2 	 	 0.1000 	 5.1279 	 0.1633
[2025/09/23 14:04:37] - ==> Building model..
[2025/09/23 14:05:30] - Test Loss 	 Test Acc 	 PGD Loss 	 PGD Acc
[2025/09/23 14:05:30] - 4.4546 	 	 0.2386 	 4.5453 	 0.1212
[2025/09/23 14:07:52] - 6 	 137.9 	 	 0.1000 	 5.1138 	 0.1772
[2025/09/23 14:07:52] - ==> Building model..
[2025/09/23 14:08:45] - Test Loss 	 Test Acc 	 PGD Loss 	 PGD Acc
[2025/09/23 14:08:45] - 4.3696 	 	 0.2604 	 4.4771 	 0.1304
[2025/09/23 14:11:07] - 7 	 137.7 	 	 0.1000 	 5.1020 	 0.1897
[2025/09/23 14:11:07] - ==> Building model..
[2025/09/23 14:12:00] - Test Loss 	 Test Acc 	 PGD Loss 	 PGD Acc
[2025/09/23 14:12:00] - 4.2073 	 	 0.2927 	 4.3471 	 0.1479
[2025/09/23 14:14:22] - 8 	 137.9 	 	 0.1000 	 5.0911 	 0.1997
[2025/09/23 14:14:22] - ==> Building model..
[2025/09/23 14:15:15] - Test Loss 	 Test Acc 	 PGD Loss 	 PGD Acc
[2025/09/23 14:15:15] - 4.0443 	 	 0.3284 	 4.2202 	 0.1661
[2025/09/23 14:17:37] - 9 	 137.7 	 	 0.1000 	 5.0822 	 0.2087
[2025/09/23 14:17:37] - ==> Building model..
[2025/09/23 14:18:30] - Test Loss 	 Test Acc 	 PGD Loss 	 PGD Acc
[2025/09/23 14:18:30] - 3.9372 	 	 0.3516 	 4.1383 	 0.1766
[2025/09/23 14:20:52] - 10 	 137.6 	 	 0.1000 	 5.0747 	 0.2175
[2025/09/23 14:20:52] - ==> Building model..
[2025/09/23 14:21:44] - Test Loss 	 Test Acc 	 PGD Loss 	 PGD Acc
[2025/09/23 14:21:44] - 3.8579 	 	 0.3644 	 4.0774 	 0.1846
[2025/09/23 14:24:07] - 11 	 137.9 	 	 0.1000 	 5.0670 	 0.2248
[2025/09/23 14:24:07] - ==> Building model..
[2025/09/23 14:24:59] - Test Loss 	 Test Acc 	 PGD Loss 	 PGD Acc
[2025/09/23 14:24:59] - 3.7983 	 	 0.3763 	 4.0333 	 0.1892
[2025/09/23 14:27:21] - 12 	 137.7 	 	 0.1000 	 5.0610 	 0.2305
[2025/09/23 14:27:21] - ==> Building model..
[2025/09/23 14:28:14] - Test Loss 	 Test Acc 	 PGD Loss 	 PGD Acc
[2025/09/23 14:28:14] - 3.7547 	 	 0.3849 	 4.0023 	 0.1953
[2025/09/23 14:30:35] - 13 	 137.4 	 	 0.1000 	 5.0548 	 0.2376
[2025/09/23 14:30:35] - ==> Building model..
[2025/09/23 14:31:28] - Test Loss 	 Test Acc 	 PGD Loss 	 PGD Acc
[2025/09/23 14:31:28] - 3.7207 	 	 0.3905 	 3.9780 	 0.1974
[2025/09/23 14:33:52] - 14 	 138.6 	 	 0.1000 	 5.0500 	 0.2417
[2025/09/23 14:33:52] - ==> Building model..
[2025/09/23 14:34:45] - Test Loss 	 Test Acc 	 PGD Loss 	 PGD Acc
[2025/09/23 14:34:45] - 3.6927 	 	 0.3963 	 3.9577 	 0.2011
[2025/09/23 14:37:07] - 15 	 136.8 	 	 0.1000 	 5.0455 	 0.2473
[2025/09/23 14:37:07] - ==> Building model..
[2025/09/23 14:37:59] - Test Loss 	 Test Acc 	 PGD Loss 	 PGD Acc
[2025/09/23 14:37:59] - 3.6680 	 	 0.4034 	 3.9405 	 0.2019
[2025/09/23 14:40:21] - 16 	 137.1 	 	 0.1000 	 5.0415 	 0.2504
[2025/09/23 14:40:21] - ==> Building model..
[2025/09/23 14:41:13] - Test Loss 	 Test Acc 	 PGD Loss 	 PGD Acc
[2025/09/23 14:41:13] - 3.6454 	 	 0.4058 	 3.9248 	 0.2050
[2025/09/23 14:43:35] - 17 	 137.1 	 	 0.1000 	 5.0372 	 0.2559
[2025/09/23 14:43:35] - ==> Building model..
[2025/09/23 14:44:28] - Test Loss 	 Test Acc 	 PGD Loss 	 PGD Acc
[2025/09/23 14:44:28] - 3.6246 	 	 0.4108 	 3.9104 	 0.2081
[2025/09/23 14:46:50] - 18 	 137.4 	 	 0.1000 	 5.0335 	 0.2588
[2025/09/23 14:46:50] - ==> Building model..
[2025/09/23 14:47:43] - Test Loss 	 Test Acc 	 PGD Loss 	 PGD Acc
[2025/09/23 14:47:43] - 3.6061 	 	 0.4162 	 3.8976 	 0.2093
[2025/09/23 14:50:06] - 19 	 138.0 	 	 0.1000 	 5.0303 	 0.2637
[2025/09/23 14:50:06] - ==> Building model..
[2025/09/23 14:51:00] - Test Loss 	 Test Acc 	 PGD Loss 	 PGD Acc
[2025/09/23 14:51:00] - 3.5890 	 	 0.4193 	 3.8858 	 0.2104
[2025/09/23 14:53:24] - 20 	 139.0 	 	 0.1000 	 5.0276 	 0.2653
[2025/09/23 14:53:24] - ==> Building model..
[2025/09/23 14:54:17] - Test Loss 	 Test Acc 	 PGD Loss 	 PGD Acc
[2025/09/23 14:54:17] - 3.5726 	 	 0.4236 	 3.8741 	 0.2117
[2025/09/23 14:56:41] - 21 	 138.7 	 	 0.1000 	 5.0251 	 0.2663
[2025/09/23 14:56:41] - ==> Building model..
[2025/09/23 14:57:34] - Test Loss 	 Test Acc 	 PGD Loss 	 PGD Acc
[2025/09/23 14:57:34] - 3.5574 	 	 0.4272 	 3.8640 	 0.2136
[2025/09/23 14:59:58] - 22 	 138.7 	 	 0.1000 	 5.0220 	 0.2707
[2025/09/23 14:59:58] - ==> Building model..
[2025/09/23 15:00:51] - Test Loss 	 Test Acc 	 PGD Loss 	 PGD Acc
[2025/09/23 15:00:51] - 3.5452 	 	 0.4290 	 3.8556 	 0.2137
[2025/09/23 15:03:15] - 23 	 138.4 	 	 0.1000 	 5.0200 	 0.2726
[2025/09/23 15:03:15] - ==> Building model..
[2025/09/23 15:04:07] - Test Loss 	 Test Acc 	 PGD Loss 	 PGD Acc
[2025/09/23 15:04:07] - 3.5322 	 	 0.4320 	 3.8468 	 0.2143
[2025/09/23 15:06:30] - 24 	 137.8 	 	 0.1000 	 5.0177 	 0.2755
[2025/09/23 15:06:30] - ==> Building model..
[2025/09/23 15:07:24] - Test Loss 	 Test Acc 	 PGD Loss 	 PGD Acc
[2025/09/23 15:07:24] - 3.5215 	 	 0.4331 	 3.8399 	 0.2169
[2025/09/23 15:09:47] - 25 	 138.3 	 	 0.1000 	 5.0161 	 0.2755
[2025/09/23 15:09:47] - ==> Building model..
[2025/09/23 15:10:40] - Test Loss 	 Test Acc 	 PGD Loss 	 PGD Acc
[2025/09/23 15:10:40] - 3.5114 	 	 0.4351 	 3.8330 	 0.2194
[2025/09/23 15:13:04] - 26 	 138.3 	 	 0.1000 	 5.0142 	 0.2791
[2025/09/23 15:13:04] - ==> Building model..
[2025/09/23 15:13:57] - Test Loss 	 Test Acc 	 PGD Loss 	 PGD Acc
[2025/09/23 15:13:57] - 3.5025 	 	 0.4364 	 3.8274 	 0.2197
[2025/09/23 15:16:20] - 27 	 137.8 	 	 0.1000 	 5.0121 	 0.2816
[2025/09/23 15:16:20] - ==> Building model..
[2025/09/23 15:17:13] - Test Loss 	 Test Acc 	 PGD Loss 	 PGD Acc
[2025/09/23 15:17:13] - 3.4920 	 	 0.4389 	 3.8213 	 0.2200
[2025/09/23 15:19:37] - 28 	 138.8 	 	 0.1000 	 5.0097 	 0.2835
[2025/09/23 15:19:37] - ==> Building model..
[2025/09/23 15:20:30] - Test Loss 	 Test Acc 	 PGD Loss 	 PGD Acc
[2025/09/23 15:20:30] - 3.4838 	 	 0.4428 	 3.8158 	 0.2211
[2025/09/23 15:22:53] - 29 	 138.4 	 	 0.1000 	 5.0088 	 0.2842
[2025/09/23 15:22:53] - ==> Building model..
[2025/09/23 15:23:47] - Test Loss 	 Test Acc 	 PGD Loss 	 PGD Acc
[2025/09/23 15:23:47] - 3.4759 	 	 0.4432 	 3.8104 	 0.2226
[2025/09/23 15:26:09] - 30 	 137.8 	 	 0.1000 	 5.0075 	 0.2865
[2025/09/23 15:26:09] - ==> Building model..
[2025/09/23 15:27:02] - Test Loss 	 Test Acc 	 PGD Loss 	 PGD Acc
[2025/09/23 15:27:02] - 3.4696 	 	 0.4445 	 3.8063 	 0.2230
[2025/09/23 15:29:25] - 31 	 137.9 	 	 0.1000 	 5.0059 	 0.2877
[2025/09/23 15:29:25] - ==> Building model..
[2025/09/23 15:30:18] - Test Loss 	 Test Acc 	 PGD Loss 	 PGD Acc
[2025/09/23 15:30:18] - 3.4638 	 	 0.4476 	 3.8031 	 0.2233
[2025/09/23 15:32:41] - 32 	 138.0 	 	 0.1000 	 5.0047 	 0.2885
[2025/09/23 15:32:41] - ==> Building model..
[2025/09/23 15:33:35] - Test Loss 	 Test Acc 	 PGD Loss 	 PGD Acc
[2025/09/23 15:33:35] - 3.4589 	 	 0.4481 	 3.8006 	 0.2249
[2025/09/23 15:35:58] - 33 	 138.3 	 	 0.1000 	 5.0035 	 0.2896
[2025/09/23 15:35:58] - ==> Building model..
[2025/09/23 15:36:51] - Test Loss 	 Test Acc 	 PGD Loss 	 PGD Acc
[2025/09/23 15:36:51] - 3.4527 	 	 0.4505 	 3.7965 	 0.2243
[2025/09/23 15:39:14] - 34 	 138.0 	 	 0.1000 	 5.0017 	 0.2920
[2025/09/23 15:39:14] - ==> Building model..
[2025/09/23 15:40:07] - Test Loss 	 Test Acc 	 PGD Loss 	 PGD Acc
[2025/09/23 15:40:07] - 3.4461 	 	 0.4514 	 3.7924 	 0.2259
[2025/09/23 15:42:31] - 35 	 138.5 	 	 0.1000 	 5.0004 	 0.2936
[2025/09/23 15:42:31] - ==> Building model..
[2025/09/23 15:43:24] - Test Loss 	 Test Acc 	 PGD Loss 	 PGD Acc
[2025/09/23 15:43:24] - 3.4411 	 	 0.4514 	 3.7892 	 0.2256
[2025/09/23 15:45:46] - 36 	 137.9 	 	 0.1000 	 5.0003 	 0.2938
[2025/09/23 15:45:46] - ==> Building model..
[2025/09/23 15:46:39] - Test Loss 	 Test Acc 	 PGD Loss 	 PGD Acc
[2025/09/23 15:46:39] - 3.4372 	 	 0.4526 	 3.7872 	 0.2258
[2025/09/23 15:49:02] - 37 	 137.8 	 	 0.1000 	 4.9979 	 0.2962
[2025/09/23 15:49:02] - ==> Building model..
[2025/09/23 15:49:55] - Test Loss 	 Test Acc 	 PGD Loss 	 PGD Acc
[2025/09/23 15:49:55] - 3.4335 	 	 0.4556 	 3.7857 	 0.2274
[2025/09/23 15:52:18] - 38 	 138.3 	 	 0.1000 	 4.9980 	 0.2956
[2025/09/23 15:52:18] - ==> Building model..
[2025/09/23 15:53:11] - Test Loss 	 Test Acc 	 PGD Loss 	 PGD Acc
[2025/09/23 15:53:11] - 3.4285 	 	 0.4561 	 3.7827 	 0.2278
[2025/09/23 15:55:34] - 39 	 137.7 	 	 0.1000 	 4.9966 	 0.2970
[2025/09/23 15:55:34] - ==> Building model..
[2025/09/23 15:56:27] - Test Loss 	 Test Acc 	 PGD Loss 	 PGD Acc
[2025/09/23 15:56:27] - 3.4238 	 	 0.4576 	 3.7803 	 0.2263
[2025/09/23 15:58:50] - 40 	 138.2 	 	 0.1000 	 4.9963 	 0.2969
[2025/09/23 15:58:50] - ==> Building model..
[2025/09/23 15:59:43] - Test Loss 	 Test Acc 	 PGD Loss 	 PGD Acc
[2025/09/23 15:59:43] - 3.4187 	 	 0.4583 	 3.7764 	 0.2276
[2025/09/23 16:02:05] - 41 	 137.8 	 	 0.1000 	 4.9946 	 0.2972
[2025/09/23 16:02:05] - ==> Building model..
[2025/09/23 16:02:59] - Test Loss 	 Test Acc 	 PGD Loss 	 PGD Acc
[2025/09/23 16:02:59] - 3.4136 	 	 0.4589 	 3.7732 	 0.2280
[2025/09/23 16:05:22] - 42 	 138.2 	 	 0.1000 	 4.9942 	 0.3003
[2025/09/23 16:05:22] - ==> Building model..
[2025/09/23 16:06:15] - Test Loss 	 Test Acc 	 PGD Loss 	 PGD Acc
[2025/09/23 16:06:15] - 3.4087 	 	 0.4609 	 3.7706 	 0.2272
[2025/09/23 16:08:38] - 43 	 138.0 	 	 0.1000 	 4.9933 	 0.3011
[2025/09/23 16:08:38] - ==> Building model..
[2025/09/23 16:09:31] - Test Loss 	 Test Acc 	 PGD Loss 	 PGD Acc
[2025/09/23 16:09:31] - 3.4054 	 	 0.4615 	 3.7695 	 0.2293
[2025/09/23 16:11:54] - 44 	 138.3 	 	 0.1000 	 4.9922 	 0.3016
[2025/09/23 16:11:54] - ==> Building model..
[2025/09/23 16:12:48] - Test Loss 	 Test Acc 	 PGD Loss 	 PGD Acc
[2025/09/23 16:12:48] - 3.4011 	 	 0.4623 	 3.7664 	 0.2300
[2025/09/23 16:15:11] - 45 	 138.2 	 	 0.1000 	 4.9915 	 0.3032
[2025/09/23 16:15:11] - ==> Building model..
[2025/09/23 16:16:04] - Test Loss 	 Test Acc 	 PGD Loss 	 PGD Acc
[2025/09/23 16:16:04] - 3.3979 	 	 0.4626 	 3.7646 	 0.2315
[2025/09/23 16:18:27] - 46 	 137.9 	 	 0.1000 	 4.9906 	 0.3045
[2025/09/23 16:18:27] - ==> Building model..
[2025/09/23 16:19:20] - Test Loss 	 Test Acc 	 PGD Loss 	 PGD Acc
[2025/09/23 16:19:20] - 3.3958 	 	 0.4628 	 3.7633 	 0.2318
[2025/09/23 16:21:44] - 47 	 138.3 	 	 0.1000 	 4.9907 	 0.3037
[2025/09/23 16:21:44] - ==> Building model..
[2025/09/23 16:22:37] - Test Loss 	 Test Acc 	 PGD Loss 	 PGD Acc
[2025/09/23 16:22:37] - 3.3927 	 	 0.4633 	 3.7619 	 0.2330
[2025/09/23 16:25:00] - 48 	 138.1 	 	 0.1000 	 4.9895 	 0.3048
[2025/09/23 16:25:00] - ==> Building model..
[2025/09/23 16:25:54] - Test Loss 	 Test Acc 	 PGD Loss 	 PGD Acc
[2025/09/23 16:25:54] - 3.3913 	 	 0.4634 	 3.7610 	 0.2334
[2025/09/23 16:28:17] - 49 	 138.0 	 	 0.1000 	 4.9892 	 0.3045
[2025/09/23 16:28:17] - ==> Building model..
[2025/09/23 16:29:10] - Test Loss 	 Test Acc 	 PGD Loss 	 PGD Acc
[2025/09/23 16:29:10] - 3.3896 	 	 0.4635 	 3.7604 	 0.2339
[2025/09/23 16:31:32] - 50 	 137.8 	 	 0.1000 	 4.9883 	 0.3067
[2025/09/23 16:31:32] - ==> Building model..
[2025/09/23 16:32:25] - Test Loss 	 Test Acc 	 PGD Loss 	 PGD Acc
[2025/09/23 16:32:25] - 3.3871 	 	 0.4637 	 3.7587 	 0.2341
[2025/09/23 16:34:48] - 51 	 137.6 	 	 0.1000 	 4.9884 	 0.3053
[2025/09/23 16:34:48] - ==> Building model..
[2025/09/23 16:35:41] - Test Loss 	 Test Acc 	 PGD Loss 	 PGD Acc
[2025/09/23 16:35:41] - 3.3846 	 	 0.4640 	 3.7570 	 0.2338
[2025/09/23 16:38:04] - 52 	 138.1 	 	 0.1000 	 4.9879 	 0.3062
[2025/09/23 16:38:04] - ==> Building model..
[2025/09/23 16:38:57] - Test Loss 	 Test Acc 	 PGD Loss 	 PGD Acc
[2025/09/23 16:38:57] - 3.3827 	 	 0.4649 	 3.7560 	 0.2348
[2025/09/23 16:41:19] - 53 	 137.1 	 	 0.1000 	 4.9869 	 0.3077
[2025/09/23 16:41:19] - ==> Building model..
[2025/09/23 16:42:12] - Test Loss 	 Test Acc 	 PGD Loss 	 PGD Acc
[2025/09/23 16:42:12] - 3.3810 	 	 0.4656 	 3.7549 	 0.2349
[2025/09/23 16:44:35] - 54 	 137.8 	 	 0.1000 	 4.9871 	 0.3097
[2025/09/23 16:44:35] - ==> Building model..
[2025/09/23 16:45:28] - Test Loss 	 Test Acc 	 PGD Loss 	 PGD Acc
[2025/09/23 16:45:28] - 3.3808 	 	 0.4667 	 3.7552 	 0.2361
[2025/09/23 16:47:51] - 55 	 138.0 	 	 0.1000 	 4.9867 	 0.3089
[2025/09/23 16:47:51] - ==> Building model..
[2025/09/23 16:48:44] - Test Loss 	 Test Acc 	 PGD Loss 	 PGD Acc
[2025/09/23 16:48:44] - 3.3803 	 	 0.4663 	 3.7555 	 0.2356
[2025/09/23 16:51:07] - 56 	 138.4 	 	 0.1000 	 4.9865 	 0.3097
[2025/09/23 16:51:07] - ==> Building model..
[2025/09/23 16:52:00] - Test Loss 	 Test Acc 	 PGD Loss 	 PGD Acc
[2025/09/23 16:52:00] - 3.3800 	 	 0.4670 	 3.7553 	 0.2356
[2025/09/23 16:54:23] - 57 	 138.1 	 	 0.1000 	 4.9870 	 0.3087
[2025/09/23 16:54:23] - ==> Building model..
[2025/09/23 16:55:17] - Test Loss 	 Test Acc 	 PGD Loss 	 PGD Acc
[2025/09/23 16:55:17] - 3.3797 	 	 0.4676 	 3.7556 	 0.2355
[2025/09/23 16:57:40] - 58 	 138.5 	 	 0.1000 	 4.9868 	 0.3093
[2025/09/23 16:57:40] - ==> Building model..
[2025/09/23 16:58:34] - Test Loss 	 Test Acc 	 PGD Loss 	 PGD Acc
[2025/09/23 16:58:34] - 3.3801 	 	 0.4680 	 3.7555 	 0.2372
[2025/09/23 17:00:57] - 59 	 137.8 	 	 0.1000 	 4.9872 	 0.3102
[2025/09/23 17:00:57] - ==> Building model..
[2025/09/23 17:01:50] - Test Loss 	 Test Acc 	 PGD Loss 	 PGD Acc
[2025/09/23 17:01:50] - 3.3808 	 	 0.4687 	 3.7569 	 0.2361
[2025/09/23 17:04:13] - 60 	 137.8 	 	 0.1000 	 4.9865 	 0.3108
[2025/09/23 17:04:13] - ==> Building model..
[2025/09/23 17:05:06] - Test Loss 	 Test Acc 	 PGD Loss 	 PGD Acc
[2025/09/23 17:05:06] - 3.3811 	 	 0.4684 	 3.7575 	 0.2356
[2025/09/23 17:07:28] - 61 	 137.5 	 	 0.1000 	 4.9870 	 0.3098
[2025/09/23 17:07:28] - ==> Building model..
[2025/09/23 17:08:21] - Test Loss 	 Test Acc 	 PGD Loss 	 PGD Acc
[2025/09/23 17:08:21] - 3.3825 	 	 0.4682 	 3.7579 	 0.2357
[2025/09/23 17:10:44] - 62 	 137.4 	 	 0.1000 	 4.9873 	 0.3102
[2025/09/23 17:10:44] - ==> Building model..
[2025/09/23 17:11:37] - Test Loss 	 Test Acc 	 PGD Loss 	 PGD Acc
[2025/09/23 17:11:37] - 3.3833 	 	 0.4689 	 3.7586 	 0.2359
[2025/09/23 17:13:59] - 63 	 137.6 	 	 0.1000 	 4.9866 	 0.3113
[2025/09/23 17:13:59] - ==> Building model..
[2025/09/23 17:14:53] - Test Loss 	 Test Acc 	 PGD Loss 	 PGD Acc
[2025/09/23 17:14:53] - 3.3855 	 	 0.4673 	 3.7601 	 0.2364
[2025/09/23 17:17:15] - 64 	 137.7 	 	 0.1000 	 4.9860 	 0.3126
[2025/09/23 17:17:15] - ==> Building model..
[2025/09/23 17:18:08] - Test Loss 	 Test Acc 	 PGD Loss 	 PGD Acc
[2025/09/23 17:18:08] - 3.3853 	 	 0.4687 	 3.7602 	 0.2365
[2025/09/23 17:20:30] - 65 	 137.4 	 	 0.1000 	 4.9863 	 0.3107
[2025/09/23 17:20:30] - ==> Building model..
[2025/09/23 17:21:23] - Test Loss 	 Test Acc 	 PGD Loss 	 PGD Acc
[2025/09/23 17:21:23] - 3.3854 	 	 0.4683 	 3.7606 	 0.2356
[2025/09/23 17:23:46] - 66 	 137.6 	 	 0.1000 	 4.9857 	 0.3114
[2025/09/23 17:23:46] - ==> Building model..
[2025/09/23 17:24:39] - Test Loss 	 Test Acc 	 PGD Loss 	 PGD Acc
[2025/09/23 17:24:39] - 3.3857 	 	 0.4692 	 3.7603 	 0.2352
[2025/09/23 17:27:02] - 67 	 138.0 	 	 0.1000 	 4.9864 	 0.3118
[2025/09/23 17:27:02] - ==> Building model..
[2025/09/23 17:27:55] - Test Loss 	 Test Acc 	 PGD Loss 	 PGD Acc
[2025/09/23 17:27:55] - 3.3864 	 	 0.4699 	 3.7608 	 0.2361
[2025/09/23 17:30:18] - 68 	 137.3 	 	 0.1000 	 4.9857 	 0.3110
[2025/09/23 17:30:18] - ==> Building model..
[2025/09/23 17:31:11] - Test Loss 	 Test Acc 	 PGD Loss 	 PGD Acc
[2025/09/23 17:31:11] - 3.3882 	 	 0.4697 	 3.7627 	 0.2360
[2025/09/23 17:33:32] - 69 	 137.0 	 	 0.1000 	 4.9857 	 0.3120
[2025/09/23 17:33:32] - ==> Building model..
[2025/09/23 17:34:25] - Test Loss 	 Test Acc 	 PGD Loss 	 PGD Acc
[2025/09/23 17:34:25] - 3.3882 	 	 0.4696 	 3.7628 	 0.2360
[2025/09/23 17:36:49] - 70 	 137.9 	 	 0.1000 	 4.9850 	 0.3139
[2025/09/23 17:36:49] - ==> Building model..
[2025/09/23 17:37:42] - Test Loss 	 Test Acc 	 PGD Loss 	 PGD Acc
[2025/09/23 17:37:42] - 3.3885 	 	 0.4686 	 3.7629 	 0.2362
[2025/09/23 17:40:05] - 71 	 138.1 	 	 0.1000 	 4.9850 	 0.3106
[2025/09/23 17:40:05] - ==> Building model..
[2025/09/23 17:40:58] - Test Loss 	 Test Acc 	 PGD Loss 	 PGD Acc
[2025/09/23 17:40:58] - 3.3884 	 	 0.4691 	 3.7635 	 0.2355
[2025/09/23 17:43:20] - 72 	 137.5 	 	 0.1000 	 4.9844 	 0.3144
[2025/09/23 17:43:20] - ==> Building model..
[2025/09/23 17:44:14] - Test Loss 	 Test Acc 	 PGD Loss 	 PGD Acc
[2025/09/23 17:44:14] - 3.3880 	 	 0.4702 	 3.7634 	 0.2343
[2025/09/23 17:46:36] - 73 	 137.3 	 	 0.1000 	 4.9839 	 0.3142
[2025/09/23 17:46:36] - ==> Building model..
[2025/09/23 17:47:29] - Test Loss 	 Test Acc 	 PGD Loss 	 PGD Acc
[2025/09/23 17:47:29] - 3.3890 	 	 0.4714 	 3.7642 	 0.2353
[2025/09/23 17:49:52] - 74 	 137.6 	 	 0.1000 	 4.9840 	 0.3157
[2025/09/23 17:49:52] - ==> Building model..
[2025/09/23 17:50:45] - Test Loss 	 Test Acc 	 PGD Loss 	 PGD Acc
[2025/09/23 17:50:45] - 3.3911 	 	 0.4701 	 3.7660 	 0.2352
[2025/09/23 17:53:07] - 75 	 137.3 	 	 0.1000 	 4.9833 	 0.3150
[2025/09/23 17:53:07] - ==> Building model..
[2025/09/23 17:54:00] - Test Loss 	 Test Acc 	 PGD Loss 	 PGD Acc
[2025/09/23 17:54:00] - 3.3923 	 	 0.4706 	 3.7676 	 0.2353
[2025/09/23 17:56:24] - 76 	 138.4 	 	 0.1000 	 4.9830 	 0.3134
[2025/09/23 17:56:24] - ==> Building model..
[2025/09/23 17:57:17] - Test Loss 	 Test Acc 	 PGD Loss 	 PGD Acc
[2025/09/23 17:57:17] - 3.3949 	 	 0.4710 	 3.7703 	 0.2369
[2025/09/23 17:59:40] - 77 	 138.1 	 	 0.1000 	 4.9827 	 0.3154
[2025/09/23 17:59:40] - ==> Building model..
[2025/09/23 18:00:33] - Test Loss 	 Test Acc 	 PGD Loss 	 PGD Acc
[2025/09/23 18:00:33] - 3.3972 	 	 0.4719 	 3.7726 	 0.2358
[2025/09/23 18:02:56] - 78 	 137.6 	 	 0.1000 	 4.9829 	 0.3151
[2025/09/23 18:02:56] - ==> Building model..
[2025/09/23 18:03:49] - Test Loss 	 Test Acc 	 PGD Loss 	 PGD Acc
[2025/09/23 18:03:49] - 3.4006 	 	 0.4714 	 3.7761 	 0.2363
[2025/09/23 18:06:12] - 79 	 138.1 	 	 0.1000 	 4.9827 	 0.3142
[2025/09/23 18:06:12] - ==> Building model..
[2025/09/23 18:07:06] - Test Loss 	 Test Acc 	 PGD Loss 	 PGD Acc
[2025/09/23 18:07:06] - 3.4047 	 	 0.4712 	 3.7802 	 0.2358
[2025/09/23 18:09:29] - 80 	 138.2 	 	 0.1000 	 4.9823 	 0.3162
[2025/09/23 18:09:29] - ==> Building model..
[2025/09/23 18:10:22] - Test Loss 	 Test Acc 	 PGD Loss 	 PGD Acc
[2025/09/23 18:10:22] - 3.4090 	 	 0.4713 	 3.7849 	 0.2369
[2025/09/23 18:12:45] - 81 	 138.2 	 	 0.1000 	 4.9823 	 0.3152
[2025/09/23 18:12:45] - ==> Building model..
[2025/09/23 18:13:38] - Test Loss 	 Test Acc 	 PGD Loss 	 PGD Acc
[2025/09/23 18:13:38] - 3.4114 	 	 0.4719 	 3.7882 	 0.2369
[2025/09/23 18:16:00] - 82 	 137.4 	 	 0.1000 	 4.9816 	 0.3156
[2025/09/23 18:16:00] - ==> Building model..
[2025/09/23 18:16:53] - Test Loss 	 Test Acc 	 PGD Loss 	 PGD Acc
[2025/09/23 18:16:53] - 3.4133 	 	 0.4708 	 3.7900 	 0.2372
[2025/09/23 18:19:16] - 83 	 138.1 	 	 0.1000 	 4.9821 	 0.3159
[2025/09/23 18:19:16] - ==> Building model..
[2025/09/23 18:20:10] - Test Loss 	 Test Acc 	 PGD Loss 	 PGD Acc
[2025/09/23 18:20:10] - 3.4148 	 	 0.4711 	 3.7923 	 0.2383
[2025/09/23 18:22:33] - 84 	 137.7 	 	 0.1000 	 4.9821 	 0.3138
[2025/09/23 18:22:33] - ==> Building model..
[2025/09/23 18:23:27] - Test Loss 	 Test Acc 	 PGD Loss 	 PGD Acc
[2025/09/23 18:23:27] - 3.4153 	 	 0.4717 	 3.7929 	 0.2389
[2025/09/23 18:25:50] - 85 	 137.9 	 	 0.1000 	 4.9807 	 0.3194
[2025/09/23 18:25:50] - ==> Building model..
[2025/09/23 18:26:43] - Test Loss 	 Test Acc 	 PGD Loss 	 PGD Acc
[2025/09/23 18:26:43] - 3.4159 	 	 0.4723 	 3.7940 	 0.2386
[2025/09/23 18:29:06] - 86 	 138.0 	 	 0.1000 	 4.9806 	 0.3182
[2025/09/23 18:29:06] - ==> Building model..
[2025/09/23 18:29:59] - Test Loss 	 Test Acc 	 PGD Loss 	 PGD Acc
[2025/09/23 18:29:59] - 3.4133 	 	 0.4732 	 3.7923 	 0.2391
[2025/09/23 18:32:23] - 87 	 138.0 	 	 0.1000 	 4.9808 	 0.3168
[2025/09/23 18:32:23] - ==> Building model..
[2025/09/23 18:33:16] - Test Loss 	 Test Acc 	 PGD Loss 	 PGD Acc
[2025/09/23 18:33:16] - 3.4117 	 	 0.4740 	 3.7910 	 0.2389
[2025/09/23 18:35:39] - 88 	 137.9 	 	 0.1000 	 4.9805 	 0.3170
[2025/09/23 18:35:39] - ==> Building model..
[2025/09/23 18:36:32] - Test Loss 	 Test Acc 	 PGD Loss 	 PGD Acc
[2025/09/23 18:36:32] - 3.4096 	 	 0.4751 	 3.7901 	 0.2391
[2025/09/23 18:38:56] - 89 	 138.0 	 	 0.1000 	 4.9803 	 0.3179
[2025/09/23 18:38:56] - ==> Building model..
[2025/09/23 18:39:49] - Test Loss 	 Test Acc 	 PGD Loss 	 PGD Acc
[2025/09/23 18:39:49] - 3.4070 	 	 0.4743 	 3.7874 	 0.2385
[2025/09/23 18:42:12] - 90 	 137.9 	 	 0.1000 	 4.9793 	 0.3196
[2025/09/23 18:42:12] - ==> Building model..
[2025/09/23 18:43:05] - Test Loss 	 Test Acc 	 PGD Loss 	 PGD Acc
[2025/09/23 18:43:05] - 3.4020 	 	 0.4746 	 3.7836 	 0.2386
[2025/09/23 18:45:28] - 91 	 137.9 	 	 0.1000 	 4.9800 	 0.3186
[2025/09/23 18:45:28] - ==> Building model..
[2025/09/23 18:46:22] - Test Loss 	 Test Acc 	 PGD Loss 	 PGD Acc
[2025/09/23 18:46:22] - 3.3983 	 	 0.4753 	 3.7811 	 0.2381
[2025/09/23 18:48:45] - 92 	 138.1 	 	 0.1000 	 4.9801 	 0.3182
[2025/09/23 18:48:45] - ==> Building model..
[2025/09/23 18:49:39] - Test Loss 	 Test Acc 	 PGD Loss 	 PGD Acc
[2025/09/23 18:49:39] - 3.3944 	 	 0.4752 	 3.7780 	 0.2376
[2025/09/23 18:52:02] - 93 	 138.2 	 	 0.1000 	 4.9791 	 0.3190
[2025/09/23 18:52:02] - ==> Building model..
[2025/09/23 18:52:56] - Test Loss 	 Test Acc 	 PGD Loss 	 PGD Acc
[2025/09/23 18:52:56] - 3.3905 	 	 0.4753 	 3.7746 	 0.2394
[2025/09/23 18:55:19] - 94 	 137.9 	 	 0.1000 	 4.9798 	 0.3179
[2025/09/23 18:55:19] - ==> Building model..
[2025/09/23 18:56:12] - Test Loss 	 Test Acc 	 PGD Loss 	 PGD Acc
[2025/09/23 18:56:12] - 3.3874 	 	 0.4750 	 3.7720 	 0.2384
[2025/09/23 18:58:35] - 95 	 138.0 	 	 0.1000 	 4.9797 	 0.3192
[2025/09/23 18:58:35] - ==> Building model..
[2025/09/23 18:59:29] - Test Loss 	 Test Acc 	 PGD Loss 	 PGD Acc
[2025/09/23 18:59:29] - 3.3836 	 	 0.4755 	 3.7683 	 0.2393
[2025/09/23 19:01:53] - 96 	 138.3 	 	 0.1000 	 4.9787 	 0.3197
[2025/09/23 19:01:53] - ==> Building model..
[2025/09/23 19:02:46] - Test Loss 	 Test Acc 	 PGD Loss 	 PGD Acc
[2025/09/23 19:02:46] - 3.3796 	 	 0.4757 	 3.7652 	 0.2382
[2025/09/23 19:05:09] - 97 	 138.0 	 	 0.1000 	 4.9791 	 0.3199
[2025/09/23 19:05:09] - ==> Building model..
[2025/09/23 19:06:03] - Test Loss 	 Test Acc 	 PGD Loss 	 PGD Acc
[2025/09/23 19:06:03] - 3.3747 	 	 0.4755 	 3.7609 	 0.2389
[2025/09/23 19:08:26] - 98 	 138.0 	 	 0.1000 	 4.9781 	 0.3203
[2025/09/23 19:08:26] - ==> Building model..
[2025/09/23 19:09:20] - Test Loss 	 Test Acc 	 PGD Loss 	 PGD Acc
[2025/09/23 19:09:20] - 3.3716 	 	 0.4767 	 3.7588 	 0.2382
[2025/09/23 19:11:42] - 99 	 137.4 	 	 0.0100 	 4.8798 	 0.4467
[2025/09/23 19:11:42] - ==> Building model..
[2025/09/23 19:12:36] - Test Loss 	 Test Acc 	 PGD Loss 	 PGD Acc
[2025/09/23 19:12:36] - 3.3714 	 	 0.4765 	 3.7583 	 0.2387
[2025/09/23 19:14:58] - 100 	 137.4 	 	 0.0100 	 4.8117 	 0.5423
[2025/09/23 19:14:58] - ==> Building model..
[2025/09/23 19:15:52] - Test Loss 	 Test Acc 	 PGD Loss 	 PGD Acc
[2025/09/23 19:15:52] - 3.3714 	 	 0.4765 	 3.7589 	 0.2382
[2025/09/23 19:18:14] - 101 	 137.4 	 	 0.0100 	 4.7858 	 0.5825
[2025/09/23 19:18:14] - ==> Building model..
[2025/09/23 19:19:08] - Test Loss 	 Test Acc 	 PGD Loss 	 PGD Acc
[2025/09/23 19:19:08] - 3.3714 	 	 0.4765 	 3.7585 	 0.2381
[2025/09/23 19:21:30] - 102 	 137.3 	 	 0.0100 	 4.7638 	 0.6175
[2025/09/23 19:21:30] - ==> Building model..
[2025/09/23 19:22:23] - Test Loss 	 Test Acc 	 PGD Loss 	 PGD Acc
[2025/09/23 19:22:23] - 3.3714 	 	 0.4765 	 3.7587 	 0.2382
[2025/09/23 19:24:46] - 103 	 137.2 	 	 0.0100 	 4.7447 	 0.6523
[2025/09/23 19:24:46] - ==> Building model..
[2025/09/23 19:25:39] - Test Loss 	 Test Acc 	 PGD Loss 	 PGD Acc
[2025/09/23 19:25:39] - 3.3714 	 	 0.4765 	 3.7588 	 0.2386
[2025/09/23 19:28:02] - 104 	 137.5 	 	 0.0010 	 4.6959 	 0.7306
[2025/09/23 19:28:02] - ==> Building model..
[2025/09/23 19:28:55] - Test Loss 	 Test Acc 	 PGD Loss 	 PGD Acc
[2025/09/23 19:28:55] - 3.3714 	 	 0.4765 	 3.7581 	 0.2387
[2025/09/23 19:31:18] - 105 	 137.4 	 	 0.0010 	 4.6684 	 0.7676
[2025/09/23 19:31:18] - ==> Building model..
[2025/09/23 19:32:12] - Test Loss 	 Test Acc 	 PGD Loss 	 PGD Acc
[2025/09/23 19:32:12] - 3.3714 	 	 0.4765 	 3.7589 	 0.2387
[2025/09/23 19:34:34] - 106 	 137.3 	 	 0.0010 	 4.6359 	 0.7986
[2025/09/23 19:34:34] - ==> Building model..
[2025/09/23 19:35:27] - Test Loss 	 Test Acc 	 PGD Loss 	 PGD Acc
[2025/09/23 19:35:27] - 3.3714 	 	 0.4765 	 3.7587 	 0.2384
[2025/09/23 19:37:50] - 107 	 137.4 	 	 0.0010 	 4.6081 	 0.8278
[2025/09/23 19:37:50] - ==> Building model..
[2025/09/23 19:38:43] - Test Loss 	 Test Acc 	 PGD Loss 	 PGD Acc
[2025/09/23 19:38:43] - 3.3714 	 	 0.4765 	 3.7585 	 0.2384
[2025/09/23 19:41:05] - 108 	 137.6 	 	 0.0010 	 4.5843 	 0.8517
[2025/09/23 19:41:05] - ==> Building model..
[2025/09/23 19:41:59] - Test Loss 	 Test Acc 	 PGD Loss 	 PGD Acc
[2025/09/23 19:41:59] - 3.3714 	 	 0.4765 	 3.7585 	 0.2385
[2025/09/23 19:44:22] - 109 	 137.5 	 	 0.0010 	 4.5625 	 0.8729
[2025/09/23 19:44:22] - ==> Building model..
[2025/09/23 19:45:15] - Test Loss 	 Test Acc 	 PGD Loss 	 PGD Acc
[2025/09/23 19:45:15] - 3.3714 	 	 0.4765 	 3.7585 	 0.2385
[2025/09/23 19:45:15] - [0.0809, 0.1419, 0.1853, 0.2126, 0.2287, 0.2386, 0.2604, 0.2927, 0.3284, 0.3516, 0.3644, 0.3763, 0.3849, 0.3905, 0.3963, 0.4034, 0.4058, 0.4108, 0.4162, 0.4193, 0.4236, 0.4272, 0.429, 0.432, 0.4331, 0.4351, 0.4364, 0.4389, 0.4428, 0.4432, 0.4445, 0.4476, 0.4481, 0.4505, 0.4514, 0.4514, 0.4526, 0.4556, 0.4561, 0.4576, 0.4583, 0.4589, 0.4609, 0.4615, 0.4623, 0.4626, 0.4628, 0.4633, 0.4634, 0.4635, 0.4637, 0.464, 0.4649, 0.4656, 0.4667, 0.4663, 0.467, 0.4676, 0.468, 0.4687, 0.4684, 0.4682, 0.4689, 0.4673, 0.4687, 0.4683, 0.4692, 0.4699, 0.4697, 0.4696, 0.4686, 0.4691, 0.4702, 0.4714, 0.4701, 0.4706, 0.471, 0.4719, 0.4714, 0.4712, 0.4713, 0.4719, 0.4708, 0.4711, 0.4717, 0.4723, 0.4732, 0.474, 0.4751, 0.4743, 0.4746, 0.4753, 0.4752, 0.4753, 0.475, 0.4755, 0.4757, 0.4755, 0.4767, 0.4765, 0.4765, 0.4765, 0.4765, 0.4765, 0.4765, 0.4765, 0.4765, 0.4765, 0.4765, 0.4765]
[2025/09/23 19:45:15] - [0.0456, 0.0761, 0.0984, 0.1082, 0.116, 0.1212, 0.1304, 0.1479, 0.1661, 0.1766, 0.1846, 0.1892, 0.1953, 0.1974, 0.2011, 0.2019, 0.205, 0.2081, 0.2093, 0.2104, 0.2117, 0.2136, 0.2137, 0.2143, 0.2169, 0.2194, 0.2197, 0.22, 0.2211, 0.2226, 0.223, 0.2233, 0.2249, 0.2243, 0.2259, 0.2256, 0.2258, 0.2274, 0.2278, 0.2263, 0.2276, 0.228, 0.2272, 0.2293, 0.23, 0.2315, 0.2318, 0.233, 0.2334, 0.2339, 0.2341, 0.2338, 0.2348, 0.2349, 0.2361, 0.2356, 0.2356, 0.2355, 0.2372, 0.2361, 0.2356, 0.2357, 0.2359, 0.2364, 0.2365, 0.2356, 0.2352, 0.2361, 0.236, 0.236, 0.2362, 0.2355, 0.2343, 0.2353, 0.2352, 0.2353, 0.2369, 0.2358, 0.2363, 0.2358, 0.2369, 0.2369, 0.2372, 0.2383, 0.2389, 0.2386, 0.2391, 0.2389, 0.2391, 0.2385, 0.2386, 0.2381, 0.2376, 0.2394, 0.2384, 0.2393, 0.2382, 0.2389, 0.2382, 0.2387, 0.2382, 0.2381, 0.2382, 0.2386, 0.2387, 0.2387, 0.2384, 0.2384, 0.2385, 0.2385]
