[2025/10/13 02:57:54] - Namespace(batch_size=128, data_dir='cifar-data', epochs=100, lr_schedule='multistep', lr_min=0.0, lr_max=0.2, weight_decay=0.0005, momentum=0.9, model='ResNet18', epsilon=8, alpha=8, delta_init='random', normal_mean=0, normal_std=1, out_dir='./output/CIFAR100/lamda_35_lamscale_0.15_run3', seed=0, lamda=35.0, lam_scale=0.15, lam_start=50, gamma=0.05, inner_gamma=0.05, beta=0.2, mu=3.5, batch_m=0.75, early_stop=False, factor=0.5, length=4, n_holes=1, c_num=0.125, EMA_value=0.55)
[2025/10/13 02:57:55] - ==> Building model..
[2025/10/13 02:57:55] - Epoch 	 Seconds 	 LR 	 	 Train Loss 	 Train Acc
[2025/10/13 02:58:39] - 0 	 19.3 	 	 0.2000 	 4.5720 	 0.0381
[2025/10/13 02:58:39] - ==> Building model..
[2025/10/13 02:58:55] - Test Loss 	 Test Acc 	 PGD Loss 	 PGD Acc
[2025/10/13 02:58:55] - 4.1942 	 	 0.0840 	 4.2086 	 0.0568
[2025/10/13 02:59:37] - 1 	 17.8 	 	 0.2000 	 4.4569 	 0.0794
[2025/10/13 02:59:37] - ==> Building model..
[2025/10/13 02:59:54] - Test Loss 	 Test Acc 	 PGD Loss 	 PGD Acc
[2025/10/13 02:59:54] - 3.9962 	 	 0.1472 	 4.0271 	 0.0927
[2025/10/13 03:00:38] - 2 	 18.3 	 	 0.2000 	 4.4023 	 0.1072
[2025/10/13 03:00:38] - ==> Building model..
[2025/10/13 03:00:54] - Test Loss 	 Test Acc 	 PGD Loss 	 PGD Acc
[2025/10/13 03:00:54] - 3.8498 	 	 0.1972 	 3.9013 	 0.1219
[2025/10/13 03:01:39] - 3 	 18.7 	 	 0.2000 	 4.3526 	 0.1302
[2025/10/13 03:01:39] - ==> Building model..
[2025/10/13 03:01:56] - Test Loss 	 Test Acc 	 PGD Loss 	 PGD Acc
[2025/10/13 03:01:56] - 3.6742 	 	 0.2433 	 3.7512 	 0.1432
[2025/10/13 03:02:41] - 4 	 18.5 	 	 0.2000 	 4.3056 	 0.1546
[2025/10/13 03:02:41] - ==> Building model..
[2025/10/13 03:02:57] - Test Loss 	 Test Acc 	 PGD Loss 	 PGD Acc
[2025/10/13 03:02:57] - 3.5293 	 	 0.2833 	 3.6313 	 0.1651
[2025/10/13 03:03:40] - 5 	 18.0 	 	 0.2000 	 4.2683 	 0.1728
[2025/10/13 03:03:40] - ==> Building model..
[2025/10/13 03:03:55] - Test Loss 	 Test Acc 	 PGD Loss 	 PGD Acc
[2025/10/13 03:03:55] - 3.3669 	 	 0.3156 	 3.4930 	 0.1814
[2025/10/13 03:04:41] - 6 	 19.2 	 	 0.2000 	 4.2367 	 0.1913
[2025/10/13 03:04:41] - ==> Building model..
[2025/10/13 03:04:57] - Test Loss 	 Test Acc 	 PGD Loss 	 PGD Acc
[2025/10/13 03:04:57] - 3.1617 	 	 0.3591 	 3.3237 	 0.1968
[2025/10/13 03:05:43] - 7 	 19.3 	 	 0.2000 	 4.2170 	 0.2035
[2025/10/13 03:05:43] - ==> Building model..
[2025/10/13 03:05:59] - Test Loss 	 Test Acc 	 PGD Loss 	 PGD Acc
[2025/10/13 03:05:59] - 3.0464 	 	 0.3831 	 3.2317 	 0.2070
[2025/10/13 03:06:45] - 8 	 19.2 	 	 0.2000 	 4.1986 	 0.2111
[2025/10/13 03:06:45] - ==> Building model..
[2025/10/13 03:07:01] - Test Loss 	 Test Acc 	 PGD Loss 	 PGD Acc
[2025/10/13 03:07:01] - 2.9431 	 	 0.4083 	 3.1516 	 0.2189
[2025/10/13 03:07:43] - 9 	 18.5 	 	 0.2000 	 4.1835 	 0.2191
[2025/10/13 03:07:43] - ==> Building model..
[2025/10/13 03:07:59] - Test Loss 	 Test Acc 	 PGD Loss 	 PGD Acc
[2025/10/13 03:07:59] - 2.8809 	 	 0.4239 	 3.1030 	 0.2253
[2025/10/13 03:08:42] - 10 	 18.4 	 	 0.2000 	 4.1714 	 0.2275
[2025/10/13 03:08:42] - ==> Building model..
[2025/10/13 03:08:58] - Test Loss 	 Test Acc 	 PGD Loss 	 PGD Acc
[2025/10/13 03:08:58] - 2.8311 	 	 0.4327 	 3.0633 	 0.2331
[2025/10/13 03:09:42] - 11 	 19.4 	 	 0.2000 	 4.1643 	 0.2319
[2025/10/13 03:09:42] - ==> Building model..
[2025/10/13 03:09:59] - Test Loss 	 Test Acc 	 PGD Loss 	 PGD Acc
[2025/10/13 03:09:59] - 2.7922 	 	 0.4417 	 3.0327 	 0.2379
[2025/10/13 03:10:43] - 12 	 18.9 	 	 0.2000 	 4.1533 	 0.2373
[2025/10/13 03:10:43] - ==> Building model..
[2025/10/13 03:11:00] - Test Loss 	 Test Acc 	 PGD Loss 	 PGD Acc
[2025/10/13 03:11:00] - 2.7581 	 	 0.4520 	 3.0085 	 0.2424
[2025/10/13 03:11:45] - 13 	 19.4 	 	 0.2000 	 4.1505 	 0.2383
[2025/10/13 03:11:45] - ==> Building model..
[2025/10/13 03:12:01] - Test Loss 	 Test Acc 	 PGD Loss 	 PGD Acc
[2025/10/13 03:12:01] - 2.7328 	 	 0.4567 	 2.9890 	 0.2446
[2025/10/13 03:12:45] - 14 	 18.8 	 	 0.2000 	 4.1459 	 0.2420
[2025/10/13 03:12:45] - ==> Building model..
[2025/10/13 03:13:01] - Test Loss 	 Test Acc 	 PGD Loss 	 PGD Acc
[2025/10/13 03:13:01] - 2.7167 	 	 0.4637 	 2.9778 	 0.2484
[2025/10/13 03:13:46] - 15 	 19.3 	 	 0.2000 	 4.1368 	 0.2472
[2025/10/13 03:13:46] - ==> Building model..
[2025/10/13 03:14:03] - Test Loss 	 Test Acc 	 PGD Loss 	 PGD Acc
[2025/10/13 03:14:03] - 2.6942 	 	 0.4695 	 2.9610 	 0.2503
[2025/10/13 03:14:48] - 16 	 19.2 	 	 0.2000 	 4.1346 	 0.2479
[2025/10/13 03:14:48] - ==> Building model..
[2025/10/13 03:15:05] - Test Loss 	 Test Acc 	 PGD Loss 	 PGD Acc
[2025/10/13 03:15:05] - 2.6789 	 	 0.4748 	 2.9490 	 0.2498
[2025/10/13 03:15:47] - 17 	 18.3 	 	 0.2000 	 4.1319 	 0.2500
[2025/10/13 03:15:47] - ==> Building model..
[2025/10/13 03:16:04] - Test Loss 	 Test Acc 	 PGD Loss 	 PGD Acc
[2025/10/13 03:16:04] - 2.6645 	 	 0.4768 	 2.9385 	 0.2544
[2025/10/13 03:16:50] - 18 	 19.7 	 	 0.2000 	 4.1260 	 0.2525
[2025/10/13 03:16:50] - ==> Building model..
[2025/10/13 03:17:06] - Test Loss 	 Test Acc 	 PGD Loss 	 PGD Acc
[2025/10/13 03:17:06] - 2.6488 	 	 0.4821 	 2.9268 	 0.2577
[2025/10/13 03:17:51] - 19 	 19.3 	 	 0.2000 	 4.1232 	 0.2558
[2025/10/13 03:17:51] - ==> Building model..
[2025/10/13 03:18:07] - Test Loss 	 Test Acc 	 PGD Loss 	 PGD Acc
[2025/10/13 03:18:07] - 2.6403 	 	 0.4824 	 2.9197 	 0.2583
[2025/10/13 03:18:50] - 20 	 19.0 	 	 0.2000 	 4.1210 	 0.2573
[2025/10/13 03:18:50] - ==> Building model..
[2025/10/13 03:19:07] - Test Loss 	 Test Acc 	 PGD Loss 	 PGD Acc
[2025/10/13 03:19:07] - 2.6324 	 	 0.4842 	 2.9149 	 0.2594
[2025/10/13 03:19:55] - 21 	 20.3 	 	 0.2000 	 4.1163 	 0.2574
[2025/10/13 03:19:55] - ==> Building model..
[2025/10/13 03:20:12] - Test Loss 	 Test Acc 	 PGD Loss 	 PGD Acc
[2025/10/13 03:20:12] - 2.6203 	 	 0.4872 	 2.9055 	 0.2606
[2025/10/13 03:20:59] - 22 	 20.1 	 	 0.2000 	 4.1168 	 0.2594
[2025/10/13 03:20:59] - ==> Building model..
[2025/10/13 03:21:17] - Test Loss 	 Test Acc 	 PGD Loss 	 PGD Acc
[2025/10/13 03:21:17] - 2.6113 	 	 0.4906 	 2.8982 	 0.2605
[2025/10/13 03:22:04] - 23 	 20.2 	 	 0.2000 	 4.1160 	 0.2581
[2025/10/13 03:22:04] - ==> Building model..
[2025/10/13 03:22:21] - Test Loss 	 Test Acc 	 PGD Loss 	 PGD Acc
[2025/10/13 03:22:21] - 2.6064 	 	 0.4918 	 2.8942 	 0.2623
[2025/10/13 03:23:07] - 24 	 20.1 	 	 0.2000 	 4.1115 	 0.2599
[2025/10/13 03:23:07] - ==> Building model..
[2025/10/13 03:23:24] - Test Loss 	 Test Acc 	 PGD Loss 	 PGD Acc
[2025/10/13 03:23:24] - 2.5986 	 	 0.4932 	 2.8889 	 0.2629
[2025/10/13 03:24:10] - 25 	 19.4 	 	 0.2000 	 4.1093 	 0.2640
[2025/10/13 03:24:10] - ==> Building model..
[2025/10/13 03:24:26] - Test Loss 	 Test Acc 	 PGD Loss 	 PGD Acc
[2025/10/13 03:24:26] - 2.5943 	 	 0.4956 	 2.8871 	 0.2639
[2025/10/13 03:25:13] - 26 	 20.2 	 	 0.2000 	 4.1060 	 0.2641
[2025/10/13 03:25:13] - ==> Building model..
[2025/10/13 03:25:29] - Test Loss 	 Test Acc 	 PGD Loss 	 PGD Acc
[2025/10/13 03:25:29] - 2.5822 	 	 0.4969 	 2.8770 	 0.2672
[2025/10/13 03:26:16] - 27 	 20.2 	 	 0.2000 	 4.1056 	 0.2669
[2025/10/13 03:26:16] - ==> Building model..
[2025/10/13 03:26:33] - Test Loss 	 Test Acc 	 PGD Loss 	 PGD Acc
[2025/10/13 03:26:33] - 2.5760 	 	 0.5009 	 2.8730 	 0.2679
[2025/10/13 03:27:21] - 28 	 20.7 	 	 0.2000 	 4.1041 	 0.2657
[2025/10/13 03:27:21] - ==> Building model..
[2025/10/13 03:27:39] - Test Loss 	 Test Acc 	 PGD Loss 	 PGD Acc
[2025/10/13 03:27:39] - 2.5763 	 	 0.5023 	 2.8731 	 0.2687
[2025/10/13 03:28:26] - 29 	 20.0 	 	 0.2000 	 4.1035 	 0.2681
[2025/10/13 03:28:26] - ==> Building model..
[2025/10/13 03:28:42] - Test Loss 	 Test Acc 	 PGD Loss 	 PGD Acc
[2025/10/13 03:28:42] - 2.5705 	 	 0.5047 	 2.8693 	 0.2695
[2025/10/13 03:29:28] - 30 	 19.8 	 	 0.2000 	 4.1026 	 0.2673
[2025/10/13 03:29:28] - ==> Building model..
[2025/10/13 03:29:45] - Test Loss 	 Test Acc 	 PGD Loss 	 PGD Acc
[2025/10/13 03:29:45] - 2.5698 	 	 0.5058 	 2.8685 	 0.2701
[2025/10/13 03:30:32] - 31 	 19.9 	 	 0.2000 	 4.1011 	 0.2673
[2025/10/13 03:30:32] - ==> Building model..
[2025/10/13 03:30:49] - Test Loss 	 Test Acc 	 PGD Loss 	 PGD Acc
[2025/10/13 03:30:49] - 2.5654 	 	 0.5060 	 2.8655 	 0.2714
[2025/10/13 03:31:34] - 32 	 19.1 	 	 0.2000 	 4.0997 	 0.2684
[2025/10/13 03:31:34] - ==> Building model..
[2025/10/13 03:31:51] - Test Loss 	 Test Acc 	 PGD Loss 	 PGD Acc
[2025/10/13 03:31:51] - 2.5637 	 	 0.5089 	 2.8640 	 0.2716
[2025/10/13 03:32:37] - 33 	 20.0 	 	 0.2000 	 4.0987 	 0.2688
[2025/10/13 03:32:37] - ==> Building model..
[2025/10/13 03:32:54] - Test Loss 	 Test Acc 	 PGD Loss 	 PGD Acc
[2025/10/13 03:32:54] - 2.5572 	 	 0.5074 	 2.8579 	 0.2718
[2025/10/13 03:33:43] - 34 	 20.9 	 	 0.2000 	 4.0985 	 0.2690
[2025/10/13 03:33:43] - ==> Building model..
[2025/10/13 03:34:01] - Test Loss 	 Test Acc 	 PGD Loss 	 PGD Acc
[2025/10/13 03:34:01] - 2.5544 	 	 0.5067 	 2.8554 	 0.2731
[2025/10/13 03:34:46] - 35 	 19.4 	 	 0.2000 	 4.0948 	 0.2725
[2025/10/13 03:34:46] - ==> Building model..
[2025/10/13 03:35:03] - Test Loss 	 Test Acc 	 PGD Loss 	 PGD Acc
[2025/10/13 03:35:03] - 2.5501 	 	 0.5100 	 2.8527 	 0.2725
[2025/10/13 03:35:47] - 36 	 18.9 	 	 0.2000 	 4.0962 	 0.2725
[2025/10/13 03:35:47] - ==> Building model..
[2025/10/13 03:36:04] - Test Loss 	 Test Acc 	 PGD Loss 	 PGD Acc
[2025/10/13 03:36:04] - 2.5545 	 	 0.5091 	 2.8563 	 0.2738
[2025/10/13 03:36:52] - 37 	 20.4 	 	 0.2000 	 4.0962 	 0.2715
[2025/10/13 03:36:52] - ==> Building model..
[2025/10/13 03:37:09] - Test Loss 	 Test Acc 	 PGD Loss 	 PGD Acc
[2025/10/13 03:37:09] - 2.5564 	 	 0.5089 	 2.8584 	 0.2736
[2025/10/13 03:37:57] - 38 	 20.6 	 	 0.2000 	 4.0926 	 0.2735
[2025/10/13 03:37:57] - ==> Building model..
[2025/10/13 03:38:13] - Test Loss 	 Test Acc 	 PGD Loss 	 PGD Acc
[2025/10/13 03:38:13] - 2.5535 	 	 0.5101 	 2.8569 	 0.2736
[2025/10/13 03:38:57] - 39 	 19.0 	 	 0.2000 	 4.0941 	 0.2706
[2025/10/13 03:38:57] - ==> Building model..
[2025/10/13 03:39:14] - Test Loss 	 Test Acc 	 PGD Loss 	 PGD Acc
[2025/10/13 03:39:14] - 2.5519 	 	 0.5109 	 2.8548 	 0.2733
[2025/10/13 03:40:00] - 40 	 19.4 	 	 0.2000 	 4.0921 	 0.2724
[2025/10/13 03:40:00] - ==> Building model..
[2025/10/13 03:40:16] - Test Loss 	 Test Acc 	 PGD Loss 	 PGD Acc
[2025/10/13 03:40:16] - 2.5480 	 	 0.5118 	 2.8516 	 0.2730
[2025/10/13 03:41:02] - 41 	 19.4 	 	 0.2000 	 4.0924 	 0.2736
[2025/10/13 03:41:02] - ==> Building model..
[2025/10/13 03:41:19] - Test Loss 	 Test Acc 	 PGD Loss 	 PGD Acc
[2025/10/13 03:41:19] - 2.5458 	 	 0.5124 	 2.8502 	 0.2744
[2025/10/13 03:42:08] - 42 	 20.8 	 	 0.2000 	 4.0931 	 0.2710
[2025/10/13 03:42:08] - ==> Building model..
[2025/10/13 03:42:25] - Test Loss 	 Test Acc 	 PGD Loss 	 PGD Acc
[2025/10/13 03:42:25] - 2.5477 	 	 0.5114 	 2.8519 	 0.2752
[2025/10/13 03:43:13] - 43 	 20.5 	 	 0.2000 	 4.0910 	 0.2727
[2025/10/13 03:43:13] - ==> Building model..
[2025/10/13 03:43:29] - Test Loss 	 Test Acc 	 PGD Loss 	 PGD Acc
[2025/10/13 03:43:29] - 2.5454 	 	 0.5140 	 2.8505 	 0.2761
[2025/10/13 03:44:14] - 44 	 20.1 	 	 0.2000 	 4.0916 	 0.2724
[2025/10/13 03:44:14] - ==> Building model..
[2025/10/13 03:44:32] - Test Loss 	 Test Acc 	 PGD Loss 	 PGD Acc
[2025/10/13 03:44:32] - 2.5431 	 	 0.5142 	 2.8501 	 0.2762
[2025/10/13 03:45:19] - 45 	 20.5 	 	 0.2000 	 4.0899 	 0.2748
[2025/10/13 03:45:19] - ==> Building model..
[2025/10/13 03:45:37] - Test Loss 	 Test Acc 	 PGD Loss 	 PGD Acc
[2025/10/13 03:45:37] - 2.5429 	 	 0.5156 	 2.8495 	 0.2771
[2025/10/13 03:46:23] - 46 	 20.0 	 	 0.2000 	 4.0876 	 0.2751
[2025/10/13 03:46:23] - ==> Building model..
[2025/10/13 03:46:39] - Test Loss 	 Test Acc 	 PGD Loss 	 PGD Acc
[2025/10/13 03:46:39] - 2.5417 	 	 0.5164 	 2.8485 	 0.2781
[2025/10/13 03:47:28] - 47 	 20.9 	 	 0.2000 	 4.0892 	 0.2734
[2025/10/13 03:47:28] - ==> Building model..
[2025/10/13 03:47:45] - Test Loss 	 Test Acc 	 PGD Loss 	 PGD Acc
[2025/10/13 03:47:45] - 2.5383 	 	 0.5158 	 2.8456 	 0.2779
[2025/10/13 03:48:31] - 48 	 19.9 	 	 0.2000 	 4.0861 	 0.2788
[2025/10/13 03:48:31] - ==> Building model..
[2025/10/13 03:48:48] - Test Loss 	 Test Acc 	 PGD Loss 	 PGD Acc
[2025/10/13 03:48:48] - 2.5361 	 	 0.5165 	 2.8438 	 0.2779
[2025/10/13 03:49:34] - 49 	 19.7 	 	 0.2000 	 4.0865 	 0.2780
[2025/10/13 03:49:34] - ==> Building model..
[2025/10/13 03:49:51] - Test Loss 	 Test Acc 	 PGD Loss 	 PGD Acc
[2025/10/13 03:49:51] - 2.5369 	 	 0.5163 	 2.8438 	 0.2780
[2025/10/13 03:50:37] - 50 	 20.3 	 	 0.2000 	 4.0869 	 0.2750
[2025/10/13 03:50:37] - ==> Building model..
[2025/10/13 03:50:54] - Test Loss 	 Test Acc 	 PGD Loss 	 PGD Acc
[2025/10/13 03:50:54] - 2.5378 	 	 0.5167 	 2.8454 	 0.2771
[2025/10/13 03:51:38] - 51 	 18.7 	 	 0.2000 	 4.0879 	 0.2759
[2025/10/13 03:51:38] - ==> Building model..
[2025/10/13 03:51:55] - Test Loss 	 Test Acc 	 PGD Loss 	 PGD Acc
[2025/10/13 03:51:55] - 2.5418 	 	 0.5162 	 2.8486 	 0.2771
[2025/10/13 03:52:39] - 52 	 18.9 	 	 0.2000 	 4.0879 	 0.2776
[2025/10/13 03:52:39] - ==> Building model..
[2025/10/13 03:52:56] - Test Loss 	 Test Acc 	 PGD Loss 	 PGD Acc
[2025/10/13 03:52:56] - 2.5424 	 	 0.5172 	 2.8493 	 0.2779
[2025/10/13 03:53:42] - 53 	 19.9 	 	 0.2000 	 4.0864 	 0.2786
[2025/10/13 03:53:42] - ==> Building model..
[2025/10/13 03:53:59] - Test Loss 	 Test Acc 	 PGD Loss 	 PGD Acc
[2025/10/13 03:53:59] - 2.5396 	 	 0.5174 	 2.8458 	 0.2772
[2025/10/13 03:54:44] - 54 	 19.1 	 	 0.2000 	 4.0898 	 0.2745
[2025/10/13 03:54:44] - ==> Building model..
[2025/10/13 03:55:00] - Test Loss 	 Test Acc 	 PGD Loss 	 PGD Acc
[2025/10/13 03:55:00] - 2.5390 	 	 0.5165 	 2.8453 	 0.2781
[2025/10/13 03:55:46] - 55 	 18.9 	 	 0.2000 	 4.0883 	 0.2807
[2025/10/13 03:55:46] - ==> Building model..
[2025/10/13 03:56:02] - Test Loss 	 Test Acc 	 PGD Loss 	 PGD Acc
[2025/10/13 03:56:02] - 2.5400 	 	 0.5172 	 2.8455 	 0.2803
[2025/10/13 03:56:48] - 56 	 19.0 	 	 0.2000 	 4.0904 	 0.2772
[2025/10/13 03:56:48] - ==> Building model..
[2025/10/13 03:57:05] - Test Loss 	 Test Acc 	 PGD Loss 	 PGD Acc
[2025/10/13 03:57:05] - 2.5430 	 	 0.5166 	 2.8479 	 0.2813
[2025/10/13 03:57:49] - 57 	 18.8 	 	 0.2000 	 4.0909 	 0.2780
[2025/10/13 03:57:49] - ==> Building model..
[2025/10/13 03:58:06] - Test Loss 	 Test Acc 	 PGD Loss 	 PGD Acc
[2025/10/13 03:58:06] - 2.5449 	 	 0.5165 	 2.8491 	 0.2825
[2025/10/13 03:58:54] - 58 	 20.1 	 	 0.2000 	 4.0908 	 0.2780
[2025/10/13 03:58:54] - ==> Building model..
[2025/10/13 03:59:10] - Test Loss 	 Test Acc 	 PGD Loss 	 PGD Acc
[2025/10/13 03:59:10] - 2.5498 	 	 0.5164 	 2.8520 	 0.2814
[2025/10/13 03:59:58] - 59 	 20.1 	 	 0.2000 	 4.0925 	 0.2766
[2025/10/13 03:59:58] - ==> Building model..
[2025/10/13 04:00:15] - Test Loss 	 Test Acc 	 PGD Loss 	 PGD Acc
[2025/10/13 04:00:15] - 2.5529 	 	 0.5168 	 2.8541 	 0.2806
[2025/10/13 04:01:00] - 60 	 19.3 	 	 0.2000 	 4.0900 	 0.2795
[2025/10/13 04:01:00] - ==> Building model..
[2025/10/13 04:01:17] - Test Loss 	 Test Acc 	 PGD Loss 	 PGD Acc
[2025/10/13 04:01:17] - 2.5551 	 	 0.5198 	 2.8562 	 0.2799
[2025/10/13 04:02:01] - 61 	 18.9 	 	 0.2000 	 4.0911 	 0.2753
[2025/10/13 04:02:01] - ==> Building model..
[2025/10/13 04:02:17] - Test Loss 	 Test Acc 	 PGD Loss 	 PGD Acc
[2025/10/13 04:02:17] - 2.5565 	 	 0.5175 	 2.8562 	 0.2811
[2025/10/13 04:03:05] - 62 	 20.1 	 	 0.2000 	 4.0908 	 0.2791
[2025/10/13 04:03:05] - ==> Building model..
[2025/10/13 04:03:22] - Test Loss 	 Test Acc 	 PGD Loss 	 PGD Acc
[2025/10/13 04:03:22] - 2.5606 	 	 0.5178 	 2.8595 	 0.2807
[2025/10/13 04:04:09] - 63 	 19.9 	 	 0.2000 	 4.0927 	 0.2765
[2025/10/13 04:04:09] - ==> Building model..
[2025/10/13 04:04:26] - Test Loss 	 Test Acc 	 PGD Loss 	 PGD Acc
[2025/10/13 04:04:26] - 2.5626 	 	 0.5165 	 2.8608 	 0.2802
[2025/10/13 04:05:13] - 64 	 20.0 	 	 0.2000 	 4.0893 	 0.2777
[2025/10/13 04:05:13] - ==> Building model..
[2025/10/13 04:05:30] - Test Loss 	 Test Acc 	 PGD Loss 	 PGD Acc
[2025/10/13 04:05:30] - 2.5645 	 	 0.5162 	 2.8613 	 0.2800
[2025/10/13 04:06:17] - 65 	 20.0 	 	 0.2000 	 4.0899 	 0.2804
[2025/10/13 04:06:17] - ==> Building model..
[2025/10/13 04:06:34] - Test Loss 	 Test Acc 	 PGD Loss 	 PGD Acc
[2025/10/13 04:06:34] - 2.5667 	 	 0.5156 	 2.8626 	 0.2801
[2025/10/13 04:07:22] - 66 	 20.3 	 	 0.2000 	 4.0885 	 0.2781
[2025/10/13 04:07:22] - ==> Building model..
[2025/10/13 04:07:40] - Test Loss 	 Test Acc 	 PGD Loss 	 PGD Acc
[2025/10/13 04:07:40] - 2.5696 	 	 0.5143 	 2.8648 	 0.2807
[2025/10/13 04:08:26] - 67 	 19.9 	 	 0.2000 	 4.0902 	 0.2787
[2025/10/13 04:08:26] - ==> Building model..
[2025/10/13 04:08:43] - Test Loss 	 Test Acc 	 PGD Loss 	 PGD Acc
[2025/10/13 04:08:43] - 2.5716 	 	 0.5131 	 2.8657 	 0.2798
[2025/10/13 04:09:29] - 68 	 19.7 	 	 0.2000 	 4.0903 	 0.2795
[2025/10/13 04:09:29] - ==> Building model..
[2025/10/13 04:09:46] - Test Loss 	 Test Acc 	 PGD Loss 	 PGD Acc
[2025/10/13 04:09:46] - 2.5727 	 	 0.5142 	 2.8669 	 0.2800
[2025/10/13 04:10:34] - 69 	 20.1 	 	 0.2000 	 4.0899 	 0.2796
[2025/10/13 04:10:34] - ==> Building model..
[2025/10/13 04:10:50] - Test Loss 	 Test Acc 	 PGD Loss 	 PGD Acc
[2025/10/13 04:10:50] - 2.5749 	 	 0.5146 	 2.8678 	 0.2797
[2025/10/13 04:11:38] - 70 	 20.0 	 	 0.2000 	 4.0910 	 0.2790
[2025/10/13 04:11:38] - ==> Building model..
[2025/10/13 04:11:55] - Test Loss 	 Test Acc 	 PGD Loss 	 PGD Acc
[2025/10/13 04:11:55] - 2.5759 	 	 0.5147 	 2.8687 	 0.2795
[2025/10/13 04:12:42] - 71 	 20.1 	 	 0.2000 	 4.0889 	 0.2801
[2025/10/13 04:12:42] - ==> Building model..
[2025/10/13 04:12:59] - Test Loss 	 Test Acc 	 PGD Loss 	 PGD Acc
[2025/10/13 04:12:59] - 2.5780 	 	 0.5134 	 2.8700 	 0.2790
[2025/10/13 04:13:45] - 72 	 19.5 	 	 0.2000 	 4.0898 	 0.2781
[2025/10/13 04:13:45] - ==> Building model..
[2025/10/13 04:14:02] - Test Loss 	 Test Acc 	 PGD Loss 	 PGD Acc
[2025/10/13 04:14:02] - 2.5782 	 	 0.5148 	 2.8704 	 0.2788
[2025/10/13 04:14:49] - 73 	 20.0 	 	 0.2000 	 4.0894 	 0.2778
[2025/10/13 04:14:49] - ==> Building model..
[2025/10/13 04:15:06] - Test Loss 	 Test Acc 	 PGD Loss 	 PGD Acc
[2025/10/13 04:15:06] - 2.5785 	 	 0.5142 	 2.8702 	 0.2790
[2025/10/13 04:15:53] - 74 	 20.0 	 	 0.2000 	 4.0906 	 0.2784
[2025/10/13 04:15:53] - ==> Building model..
[2025/10/13 04:16:10] - Test Loss 	 Test Acc 	 PGD Loss 	 PGD Acc
[2025/10/13 04:16:10] - 2.5774 	 	 0.5139 	 2.8696 	 0.2795
[2025/10/13 04:16:58] - 75 	 20.5 	 	 0.2000 	 4.0900 	 0.2799
[2025/10/13 04:16:58] - ==> Building model..
[2025/10/13 04:17:15] - Test Loss 	 Test Acc 	 PGD Loss 	 PGD Acc
[2025/10/13 04:17:15] - 2.5768 	 	 0.5154 	 2.8696 	 0.2799
[2025/10/13 04:18:01] - 76 	 19.9 	 	 0.2000 	 4.0906 	 0.2790
[2025/10/13 04:18:01] - ==> Building model..
[2025/10/13 04:18:18] - Test Loss 	 Test Acc 	 PGD Loss 	 PGD Acc
[2025/10/13 04:18:18] - 2.5768 	 	 0.5163 	 2.8696 	 0.2804
[2025/10/13 04:19:08] - 77 	 20.7 	 	 0.2000 	 4.0880 	 0.2793
[2025/10/13 04:19:08] - ==> Building model..
[2025/10/13 04:19:25] - Test Loss 	 Test Acc 	 PGD Loss 	 PGD Acc
[2025/10/13 04:19:25] - 2.5774 	 	 0.5157 	 2.8700 	 0.2808
[2025/10/13 04:20:12] - 78 	 19.9 	 	 0.2000 	 4.0890 	 0.2804
[2025/10/13 04:20:12] - ==> Building model..
[2025/10/13 04:20:29] - Test Loss 	 Test Acc 	 PGD Loss 	 PGD Acc
[2025/10/13 04:20:29] - 2.5786 	 	 0.5160 	 2.8710 	 0.2817
[2025/10/13 04:21:15] - 79 	 20.1 	 	 0.2000 	 4.0889 	 0.2798
[2025/10/13 04:21:15] - ==> Building model..
[2025/10/13 04:21:33] - Test Loss 	 Test Acc 	 PGD Loss 	 PGD Acc
[2025/10/13 04:21:33] - 2.5811 	 	 0.5168 	 2.8728 	 0.2821
[2025/10/13 04:22:18] - 80 	 19.1 	 	 0.2000 	 4.0889 	 0.2790
[2025/10/13 04:22:18] - ==> Building model..
[2025/10/13 04:22:35] - Test Loss 	 Test Acc 	 PGD Loss 	 PGD Acc
[2025/10/13 04:22:35] - 2.5823 	 	 0.5170 	 2.8735 	 0.2817
[2025/10/13 04:23:21] - 81 	 19.8 	 	 0.2000 	 4.0889 	 0.2789
[2025/10/13 04:23:21] - ==> Building model..
[2025/10/13 04:23:38] - Test Loss 	 Test Acc 	 PGD Loss 	 PGD Acc
[2025/10/13 04:23:38] - 2.5826 	 	 0.5157 	 2.8736 	 0.2826
[2025/10/13 04:24:23] - 82 	 18.8 	 	 0.2000 	 4.0889 	 0.2814
[2025/10/13 04:24:23] - ==> Building model..
[2025/10/13 04:24:40] - Test Loss 	 Test Acc 	 PGD Loss 	 PGD Acc
[2025/10/13 04:24:40] - 2.5809 	 	 0.5166 	 2.8728 	 0.2840
[2025/10/13 04:25:27] - 83 	 20.0 	 	 0.2000 	 4.0866 	 0.2812
[2025/10/13 04:25:27] - ==> Building model..
[2025/10/13 04:25:45] - Test Loss 	 Test Acc 	 PGD Loss 	 PGD Acc
[2025/10/13 04:25:45] - 2.5812 	 	 0.5164 	 2.8728 	 0.2832
[2025/10/13 04:26:33] - 84 	 20.1 	 	 0.2000 	 4.0894 	 0.2782
[2025/10/13 04:26:33] - ==> Building model..
[2025/10/13 04:26:50] - Test Loss 	 Test Acc 	 PGD Loss 	 PGD Acc
[2025/10/13 04:26:50] - 2.5812 	 	 0.5170 	 2.8728 	 0.2840
[2025/10/13 04:27:35] - 85 	 19.2 	 	 0.2000 	 4.0896 	 0.2812
[2025/10/13 04:27:35] - ==> Building model..
[2025/10/13 04:27:52] - Test Loss 	 Test Acc 	 PGD Loss 	 PGD Acc
[2025/10/13 04:27:52] - 2.5816 	 	 0.5177 	 2.8728 	 0.2839
[2025/10/13 04:28:38] - 86 	 19.7 	 	 0.2000 	 4.0883 	 0.2793
[2025/10/13 04:28:38] - ==> Building model..
[2025/10/13 04:28:55] - Test Loss 	 Test Acc 	 PGD Loss 	 PGD Acc
[2025/10/13 04:28:55] - 2.5814 	 	 0.5173 	 2.8732 	 0.2834
[2025/10/13 04:29:43] - 87 	 20.4 	 	 0.2000 	 4.0876 	 0.2808
[2025/10/13 04:29:43] - ==> Building model..
[2025/10/13 04:30:01] - Test Loss 	 Test Acc 	 PGD Loss 	 PGD Acc
[2025/10/13 04:30:01] - 2.5809 	 	 0.5172 	 2.8721 	 0.2841
[2025/10/13 04:30:47] - 88 	 19.5 	 	 0.2000 	 4.0896 	 0.2782
[2025/10/13 04:30:47] - ==> Building model..
[2025/10/13 04:31:03] - Test Loss 	 Test Acc 	 PGD Loss 	 PGD Acc
[2025/10/13 04:31:03] - 2.5810 	 	 0.5179 	 2.8729 	 0.2849
[2025/10/13 04:31:50] - 89 	 19.9 	 	 0.2000 	 4.0878 	 0.2823
[2025/10/13 04:31:50] - ==> Building model..
[2025/10/13 04:32:07] - Test Loss 	 Test Acc 	 PGD Loss 	 PGD Acc
[2025/10/13 04:32:07] - 2.5800 	 	 0.5183 	 2.8715 	 0.2840
[2025/10/13 04:32:53] - 90 	 18.8 	 	 0.0200 	 3.9912 	 0.3433
[2025/10/13 04:32:53] - ==> Building model..
[2025/10/13 04:33:10] - Test Loss 	 Test Acc 	 PGD Loss 	 PGD Acc
[2025/10/13 04:33:10] - 2.5762 	 	 0.5192 	 2.8693 	 0.2836
[2025/10/13 04:33:54] - 91 	 18.1 	 	 0.0200 	 3.8981 	 0.4052
[2025/10/13 04:33:54] - ==> Building model..
[2025/10/13 04:34:11] - Test Loss 	 Test Acc 	 PGD Loss 	 PGD Acc
[2025/10/13 04:34:11] - 2.5743 	 	 0.5195 	 2.8674 	 0.2842
[2025/10/13 04:34:58] - 92 	 19.3 	 	 0.0200 	 3.8718 	 0.4200
[2025/10/13 04:34:58] - ==> Building model..
[2025/10/13 04:35:15] - Test Loss 	 Test Acc 	 PGD Loss 	 PGD Acc
[2025/10/13 04:35:15] - 2.5737 	 	 0.5196 	 2.8675 	 0.2838
[2025/10/13 04:36:01] - 93 	 19.0 	 	 0.0200 	 3.8546 	 0.4314
[2025/10/13 04:36:01] - ==> Building model..
[2025/10/13 04:36:17] - Test Loss 	 Test Acc 	 PGD Loss 	 PGD Acc
[2025/10/13 04:36:17] - 2.5744 	 	 0.5197 	 2.8683 	 0.2850
[2025/10/13 04:37:02] - 94 	 18.0 	 	 0.0200 	 3.8390 	 0.4444
[2025/10/13 04:37:02] - ==> Building model..
[2025/10/13 04:37:18] - Test Loss 	 Test Acc 	 PGD Loss 	 PGD Acc
[2025/10/13 04:37:18] - 2.5748 	 	 0.5198 	 2.8687 	 0.2842
[2025/10/13 04:38:01] - 95 	 17.7 	 	 0.0200 	 3.8275 	 0.4520
[2025/10/13 04:38:01] - ==> Building model..
[2025/10/13 04:38:18] - Test Loss 	 Test Acc 	 PGD Loss 	 PGD Acc
[2025/10/13 04:38:18] - 2.5783 	 	 0.5201 	 2.8714 	 0.2848
[2025/10/13 04:39:03] - 96 	 18.8 	 	 0.0200 	 3.8166 	 0.4602
[2025/10/13 04:39:03] - ==> Building model..
[2025/10/13 04:39:20] - Test Loss 	 Test Acc 	 PGD Loss 	 PGD Acc
[2025/10/13 04:39:20] - 2.5809 	 	 0.5198 	 2.8735 	 0.2843
[2025/10/13 04:40:06] - 97 	 19.0 	 	 0.0200 	 3.8078 	 0.4677
[2025/10/13 04:40:06] - ==> Building model..
[2025/10/13 04:40:23] - Test Loss 	 Test Acc 	 PGD Loss 	 PGD Acc
[2025/10/13 04:40:23] - 2.5844 	 	 0.5195 	 2.8764 	 0.2846
[2025/10/13 04:41:07] - 98 	 18.0 	 	 0.0200 	 3.7994 	 0.4738
[2025/10/13 04:41:07] - ==> Building model..
[2025/10/13 04:41:24] - Test Loss 	 Test Acc 	 PGD Loss 	 PGD Acc
[2025/10/13 04:41:24] - 2.5864 	 	 0.5199 	 2.8783 	 0.2845
[2025/10/13 04:42:11] - 99 	 19.0 	 	 0.0200 	 3.7922 	 0.4784
[2025/10/13 04:42:11] - ==> Building model..
[2025/10/13 04:42:27] - Test Loss 	 Test Acc 	 PGD Loss 	 PGD Acc
[2025/10/13 04:42:27] - 2.5911 	 	 0.5195 	 2.8819 	 0.2844
[2025/10/13 04:42:27] - [0.084, 0.1472, 0.1972, 0.2433, 0.2833, 0.3156, 0.3591, 0.3831, 0.4083, 0.4239, 0.4327, 0.4417, 0.452, 0.4567, 0.4637, 0.4695, 0.4748, 0.4768, 0.4821, 0.4824, 0.4842, 0.4872, 0.4906, 0.4918, 0.4932, 0.4956, 0.4969, 0.5009, 0.5023, 0.5047, 0.5058, 0.506, 0.5089, 0.5074, 0.5067, 0.51, 0.5091, 0.5089, 0.5101, 0.5109, 0.5118, 0.5124, 0.5114, 0.514, 0.5142, 0.5156, 0.5164, 0.5158, 0.5165, 0.5163, 0.5167, 0.5162, 0.5172, 0.5174, 0.5165, 0.5172, 0.5166, 0.5165, 0.5164, 0.5168, 0.5198, 0.5175, 0.5178, 0.5165, 0.5162, 0.5156, 0.5143, 0.5131, 0.5142, 0.5146, 0.5147, 0.5134, 0.5148, 0.5142, 0.5139, 0.5154, 0.5163, 0.5157, 0.516, 0.5168, 0.517, 0.5157, 0.5166, 0.5164, 0.517, 0.5177, 0.5173, 0.5172, 0.5179, 0.5183, 0.5192, 0.5195, 0.5196, 0.5197, 0.5198, 0.5201, 0.5198, 0.5195, 0.5199, 0.5195]
[2025/10/13 04:42:27] - [0.0568, 0.0927, 0.1219, 0.1432, 0.1651, 0.1814, 0.1968, 0.207, 0.2189, 0.2253, 0.2331, 0.2379, 0.2424, 0.2446, 0.2484, 0.2503, 0.2498, 0.2544, 0.2577, 0.2583, 0.2594, 0.2606, 0.2605, 0.2623, 0.2629, 0.2639, 0.2672, 0.2679, 0.2687, 0.2695, 0.2701, 0.2714, 0.2716, 0.2718, 0.2731, 0.2725, 0.2738, 0.2736, 0.2736, 0.2733, 0.273, 0.2744, 0.2752, 0.2761, 0.2762, 0.2771, 0.2781, 0.2779, 0.2779, 0.278, 0.2771, 0.2771, 0.2779, 0.2772, 0.2781, 0.2803, 0.2813, 0.2825, 0.2814, 0.2806, 0.2799, 0.2811, 0.2807, 0.2802, 0.28, 0.2801, 0.2807, 0.2798, 0.28, 0.2797, 0.2795, 0.279, 0.2788, 0.279, 0.2795, 0.2799, 0.2804, 0.2808, 0.2817, 0.2821, 0.2817, 0.2826, 0.284, 0.2832, 0.284, 0.2839, 0.2834, 0.2841, 0.2849, 0.284, 0.2836, 0.2842, 0.2838, 0.285, 0.2842, 0.2848, 0.2843, 0.2846, 0.2845, 0.2844]
