[2025/10/11 15:30:28] - Namespace(batch_size=128, data_dir='./tiny-imagenet-200', epochs=110, lr_schedule='multistep', lr_min=0.0, lr_max=0.1, weight_decay=0.0005, momentum=0.9, model='PreActResNest18', epsilon=8, alpha=8, delta_init='random', normal_mean=0, normal_std=1, out_dir='./output/Tiny_ImageNet_best/lam_scale_0.15_lam_start_40_beta_0.2/run_2', seed=0, lamda=38, lam_scale=0.15, lam_start=40, gamma=0.025, inner_gamma=0.025, beta=0.2, mu=3.5, batch_m=0.75, early_stop=False, factor=0.3, length=6, n_holes=1, c_num=0.125, EMA_value=0.55)
[2025/10/11 15:31:53] - ==> Building model..
[2025/10/11 15:31:53] - Epoch 	 Seconds 	 LR 	 	 Train Loss 	 Train Acc
[2025/10/11 15:34:22] - 0 	 143.7 	 	 0.1000 	 5.2895 	 0.0286
[2025/10/11 15:34:22] - ==> Building model..
[2025/10/11 15:35:14] - Test Loss 	 Test Acc 	 PGD Loss 	 PGD Acc
[2025/10/11 15:35:14] - 4.9950 	 	 0.0765 	 5.0067 	 0.0397
[2025/10/11 15:37:40] - 1 	 141.3 	 	 0.1000 	 5.2284 	 0.0715
[2025/10/11 15:37:40] - ==> Building model..
[2025/10/11 15:38:32] - Test Loss 	 Test Acc 	 PGD Loss 	 PGD Acc
[2025/10/11 15:38:32] - 4.7285 	 	 0.1471 	 4.7665 	 0.0762
[2025/10/11 15:40:59] - 2 	 141.6 	 	 0.1000 	 5.1963 	 0.1016
[2025/10/11 15:40:59] - ==> Building model..
[2025/10/11 15:41:52] - Test Loss 	 Test Acc 	 PGD Loss 	 PGD Acc
[2025/10/11 15:41:52] - 4.5655 	 	 0.1898 	 4.6279 	 0.0992
[2025/10/11 15:44:18] - 3 	 141.2 	 	 0.1000 	 5.1705 	 0.1249
[2025/10/11 15:44:18] - ==> Building model..
[2025/10/11 15:45:11] - Test Loss 	 Test Acc 	 PGD Loss 	 PGD Acc
[2025/10/11 15:45:11] - 4.4773 	 	 0.2137 	 4.5566 	 0.1118
[2025/10/11 15:47:37] - 4 	 140.2 	 	 0.1000 	 5.1469 	 0.1457
[2025/10/11 15:47:37] - ==> Building model..
[2025/10/11 15:48:31] - Test Loss 	 Test Acc 	 PGD Loss 	 PGD Acc
[2025/10/11 15:48:31] - 4.4333 	 	 0.2362 	 4.5237 	 0.1205
[2025/10/11 15:50:58] - 5 	 141.0 	 	 0.1000 	 5.1272 	 0.1648
[2025/10/11 15:50:58] - ==> Building model..
[2025/10/11 15:51:52] - Test Loss 	 Test Acc 	 PGD Loss 	 PGD Acc
[2025/10/11 15:51:52] - 4.4260 	 	 0.2453 	 4.5222 	 0.1265
[2025/10/11 15:54:19] - 6 	 141.3 	 	 0.1000 	 5.1134 	 0.1786
[2025/10/11 15:54:19] - ==> Building model..
[2025/10/11 15:55:13] - Test Loss 	 Test Acc 	 PGD Loss 	 PGD Acc
[2025/10/11 15:55:13] - 4.3585 	 	 0.2631 	 4.4682 	 0.1339
[2025/10/11 15:57:40] - 7 	 140.6 	 	 0.1000 	 5.1018 	 0.1903
[2025/10/11 15:57:40] - ==> Building model..
[2025/10/11 15:58:35] - Test Loss 	 Test Acc 	 PGD Loss 	 PGD Acc
[2025/10/11 15:58:35] - 4.1994 	 	 0.2961 	 4.3408 	 0.1509
[2025/10/11 16:01:04] - 8 	 142.1 	 	 0.1000 	 5.0913 	 0.2003
[2025/10/11 16:01:04] - ==> Building model..
[2025/10/11 16:01:59] - Test Loss 	 Test Acc 	 PGD Loss 	 PGD Acc
[2025/10/11 16:01:59] - 4.0349 	 	 0.3297 	 4.2126 	 0.1656
[2025/10/11 16:04:28] - 9 	 142.4 	 	 0.1000 	 5.0826 	 0.2091
[2025/10/11 16:04:28] - ==> Building model..
[2025/10/11 16:05:23] - Test Loss 	 Test Acc 	 PGD Loss 	 PGD Acc
[2025/10/11 16:05:23] - 3.9281 	 	 0.3507 	 4.1304 	 0.1761
[2025/10/11 16:07:50] - 10 	 141.2 	 	 0.1000 	 5.0748 	 0.2162
[2025/10/11 16:07:50] - ==> Building model..
[2025/10/11 16:08:44] - Test Loss 	 Test Acc 	 PGD Loss 	 PGD Acc
[2025/10/11 16:08:44] - 3.8429 	 	 0.3664 	 4.0660 	 0.1841
[2025/10/11 16:11:12] - 11 	 141.1 	 	 0.1000 	 5.0676 	 0.2238
[2025/10/11 16:11:12] - ==> Building model..
[2025/10/11 16:12:06] - Test Loss 	 Test Acc 	 PGD Loss 	 PGD Acc
[2025/10/11 16:12:06] - 3.7887 	 	 0.3772 	 4.0260 	 0.1905
[2025/10/11 16:14:32] - 12 	 140.2 	 	 0.1000 	 5.0613 	 0.2302
[2025/10/11 16:14:32] - ==> Building model..
[2025/10/11 16:15:26] - Test Loss 	 Test Acc 	 PGD Loss 	 PGD Acc
[2025/10/11 16:15:26] - 3.7496 	 	 0.3861 	 3.9980 	 0.1932
[2025/10/11 16:17:53] - 13 	 140.6 	 	 0.1000 	 5.0555 	 0.2367
[2025/10/11 16:17:53] - ==> Building model..
[2025/10/11 16:18:46] - Test Loss 	 Test Acc 	 PGD Loss 	 PGD Acc
[2025/10/11 16:18:46] - 3.7156 	 	 0.3928 	 3.9725 	 0.1961
[2025/10/11 16:21:14] - 14 	 140.9 	 	 0.1000 	 5.0501 	 0.2416
[2025/10/11 16:21:14] - ==> Building model..
[2025/10/11 16:22:07] - Test Loss 	 Test Acc 	 PGD Loss 	 PGD Acc
[2025/10/11 16:22:07] - 3.6877 	 	 0.3975 	 3.9532 	 0.2001
[2025/10/11 16:24:34] - 15 	 140.3 	 	 0.1000 	 5.0458 	 0.2463
[2025/10/11 16:24:34] - ==> Building model..
[2025/10/11 16:25:28] - Test Loss 	 Test Acc 	 PGD Loss 	 PGD Acc
[2025/10/11 16:25:28] - 3.6606 	 	 0.4038 	 3.9342 	 0.2032
[2025/10/11 16:27:55] - 16 	 140.2 	 	 0.1000 	 5.0415 	 0.2500
[2025/10/11 16:27:55] - ==> Building model..
[2025/10/11 16:28:49] - Test Loss 	 Test Acc 	 PGD Loss 	 PGD Acc
[2025/10/11 16:28:49] - 3.6363 	 	 0.4077 	 3.9167 	 0.2057
[2025/10/11 16:31:15] - 17 	 140.0 	 	 0.1000 	 5.0370 	 0.2559
[2025/10/11 16:31:15] - ==> Building model..
[2025/10/11 16:32:10] - Test Loss 	 Test Acc 	 PGD Loss 	 PGD Acc
[2025/10/11 16:32:10] - 3.6188 	 	 0.4117 	 3.9049 	 0.2056
[2025/10/11 16:34:36] - 18 	 140.0 	 	 0.1000 	 5.0342 	 0.2604
[2025/10/11 16:34:36] - ==> Building model..
[2025/10/11 16:35:30] - Test Loss 	 Test Acc 	 PGD Loss 	 PGD Acc
[2025/10/11 16:35:30] - 3.6050 	 	 0.4150 	 3.8952 	 0.2066
[2025/10/11 16:37:56] - 19 	 139.9 	 	 0.1000 	 5.0304 	 0.2631
[2025/10/11 16:37:56] - ==> Building model..
[2025/10/11 16:38:49] - Test Loss 	 Test Acc 	 PGD Loss 	 PGD Acc
[2025/10/11 16:38:49] - 3.5913 	 	 0.4192 	 3.8861 	 0.2070
[2025/10/11 16:41:15] - 20 	 139.8 	 	 0.1000 	 5.0282 	 0.2635
[2025/10/11 16:41:15] - ==> Building model..
[2025/10/11 16:42:08] - Test Loss 	 Test Acc 	 PGD Loss 	 PGD Acc
[2025/10/11 16:42:08] - 3.5775 	 	 0.4215 	 3.8772 	 0.2086
[2025/10/11 16:44:34] - 21 	 139.7 	 	 0.1000 	 5.0259 	 0.2658
[2025/10/11 16:44:34] - ==> Building model..
[2025/10/11 16:45:28] - Test Loss 	 Test Acc 	 PGD Loss 	 PGD Acc
[2025/10/11 16:45:28] - 3.5646 	 	 0.4243 	 3.8689 	 0.2103
[2025/10/11 16:47:54] - 22 	 140.1 	 	 0.1000 	 5.0220 	 0.2702
[2025/10/11 16:47:54] - ==> Building model..
[2025/10/11 16:48:48] - Test Loss 	 Test Acc 	 PGD Loss 	 PGD Acc
[2025/10/11 16:48:48] - 3.5479 	 	 0.4268 	 3.8570 	 0.2120
[2025/10/11 16:51:14] - 23 	 139.9 	 	 0.1000 	 5.0203 	 0.2722
[2025/10/11 16:51:14] - ==> Building model..
[2025/10/11 16:52:08] - Test Loss 	 Test Acc 	 PGD Loss 	 PGD Acc
[2025/10/11 16:52:08] - 3.5332 	 	 0.4306 	 3.8462 	 0.2146
[2025/10/11 16:54:34] - 24 	 140.0 	 	 0.1000 	 5.0183 	 0.2741
[2025/10/11 16:54:34] - ==> Building model..
[2025/10/11 16:55:28] - Test Loss 	 Test Acc 	 PGD Loss 	 PGD Acc
[2025/10/11 16:55:28] - 3.5197 	 	 0.4317 	 3.8368 	 0.2155
[2025/10/11 16:57:54] - 25 	 139.8 	 	 0.1000 	 5.0162 	 0.2766
[2025/10/11 16:57:54] - ==> Building model..
[2025/10/11 16:58:48] - Test Loss 	 Test Acc 	 PGD Loss 	 PGD Acc
[2025/10/11 16:58:48] - 3.5067 	 	 0.4354 	 3.8279 	 0.2173
[2025/10/11 17:01:13] - 26 	 139.6 	 	 0.1000 	 5.0145 	 0.2786
[2025/10/11 17:01:13] - ==> Building model..
[2025/10/11 17:02:08] - Test Loss 	 Test Acc 	 PGD Loss 	 PGD Acc
[2025/10/11 17:02:08] - 3.4964 	 	 0.4359 	 3.8209 	 0.2195
[2025/10/11 17:04:34] - 27 	 139.8 	 	 0.1000 	 5.0127 	 0.2800
[2025/10/11 17:04:34] - ==> Building model..
[2025/10/11 17:05:27] - Test Loss 	 Test Acc 	 PGD Loss 	 PGD Acc
[2025/10/11 17:05:27] - 3.4883 	 	 0.4384 	 3.8153 	 0.2206
[2025/10/11 17:07:53] - 28 	 140.1 	 	 0.1000 	 5.0104 	 0.2830
[2025/10/11 17:07:53] - ==> Building model..
[2025/10/11 17:08:47] - Test Loss 	 Test Acc 	 PGD Loss 	 PGD Acc
[2025/10/11 17:08:47] - 3.4793 	 	 0.4392 	 3.8098 	 0.2205
[2025/10/11 17:11:12] - 29 	 139.7 	 	 0.1000 	 5.0093 	 0.2835
[2025/10/11 17:11:12] - ==> Building model..
[2025/10/11 17:12:06] - Test Loss 	 Test Acc 	 PGD Loss 	 PGD Acc
[2025/10/11 17:12:06] - 3.4720 	 	 0.4412 	 3.8051 	 0.2210
[2025/10/11 17:14:32] - 30 	 139.6 	 	 0.1000 	 5.0080 	 0.2873
[2025/10/11 17:14:32] - ==> Building model..
[2025/10/11 17:15:27] - Test Loss 	 Test Acc 	 PGD Loss 	 PGD Acc
[2025/10/11 17:15:27] - 3.4676 	 	 0.4434 	 3.8029 	 0.2221
[2025/10/11 17:17:53] - 31 	 139.7 	 	 0.1000 	 5.0066 	 0.2862
[2025/10/11 17:17:53] - ==> Building model..
[2025/10/11 17:18:48] - Test Loss 	 Test Acc 	 PGD Loss 	 PGD Acc
[2025/10/11 17:18:48] - 3.4630 	 	 0.4457 	 3.8002 	 0.2231
[2025/10/11 17:21:14] - 32 	 139.9 	 	 0.1000 	 5.0053 	 0.2866
[2025/10/11 17:21:14] - ==> Building model..
[2025/10/11 17:22:09] - Test Loss 	 Test Acc 	 PGD Loss 	 PGD Acc
[2025/10/11 17:22:09] - 3.4566 	 	 0.4467 	 3.7960 	 0.2247
[2025/10/11 17:24:36] - 33 	 139.9 	 	 0.1000 	 5.0037 	 0.2905
[2025/10/11 17:24:36] - ==> Building model..
[2025/10/11 17:25:30] - Test Loss 	 Test Acc 	 PGD Loss 	 PGD Acc
[2025/10/11 17:25:30] - 3.4523 	 	 0.4480 	 3.7934 	 0.2249
[2025/10/11 17:27:56] - 34 	 139.9 	 	 0.1000 	 5.0024 	 0.2912
[2025/10/11 17:27:56] - ==> Building model..
[2025/10/11 17:28:50] - Test Loss 	 Test Acc 	 PGD Loss 	 PGD Acc
[2025/10/11 17:28:50] - 3.4479 	 	 0.4488 	 3.7911 	 0.2262
[2025/10/11 17:31:16] - 35 	 139.9 	 	 0.1000 	 5.0014 	 0.2919
[2025/10/11 17:31:16] - ==> Building model..
[2025/10/11 17:32:10] - Test Loss 	 Test Acc 	 PGD Loss 	 PGD Acc
[2025/10/11 17:32:10] - 3.4442 	 	 0.4506 	 3.7891 	 0.2268
[2025/10/11 17:34:36] - 36 	 139.7 	 	 0.1000 	 5.0008 	 0.2928
[2025/10/11 17:34:36] - ==> Building model..
[2025/10/11 17:35:30] - Test Loss 	 Test Acc 	 PGD Loss 	 PGD Acc
[2025/10/11 17:35:30] - 3.4398 	 	 0.4524 	 3.7874 	 0.2262
[2025/10/11 17:37:55] - 37 	 139.8 	 	 0.1000 	 4.9984 	 0.2960
[2025/10/11 17:37:55] - ==> Building model..
[2025/10/11 17:38:49] - Test Loss 	 Test Acc 	 PGD Loss 	 PGD Acc
[2025/10/11 17:38:49] - 3.4350 	 	 0.4551 	 3.7848 	 0.2271
[2025/10/11 17:41:15] - 38 	 139.8 	 	 0.1000 	 4.9985 	 0.2962
[2025/10/11 17:41:15] - ==> Building model..
[2025/10/11 17:42:09] - Test Loss 	 Test Acc 	 PGD Loss 	 PGD Acc
[2025/10/11 17:42:09] - 3.4313 	 	 0.4552 	 3.7822 	 0.2273
[2025/10/11 17:44:35] - 39 	 139.7 	 	 0.1000 	 4.9971 	 0.2970
[2025/10/11 17:44:35] - ==> Building model..
[2025/10/11 17:45:30] - Test Loss 	 Test Acc 	 PGD Loss 	 PGD Acc
[2025/10/11 17:45:30] - 3.4282 	 	 0.4557 	 3.7805 	 0.2282
[2025/10/11 17:47:56] - 40 	 139.8 	 	 0.1000 	 4.9970 	 0.2957
[2025/10/11 17:47:56] - ==> Building model..
[2025/10/11 17:48:50] - Test Loss 	 Test Acc 	 PGD Loss 	 PGD Acc
[2025/10/11 17:48:50] - 3.4256 	 	 0.4556 	 3.7789 	 0.2274
[2025/10/11 17:51:16] - 41 	 139.8 	 	 0.1000 	 4.9957 	 0.2975
[2025/10/11 17:51:16] - ==> Building model..
[2025/10/11 17:52:10] - Test Loss 	 Test Acc 	 PGD Loss 	 PGD Acc
[2025/10/11 17:52:10] - 3.4233 	 	 0.4561 	 3.7769 	 0.2285
[2025/10/11 17:54:36] - 42 	 140.1 	 	 0.1000 	 4.9953 	 0.2982
[2025/10/11 17:54:36] - ==> Building model..
[2025/10/11 17:55:30] - Test Loss 	 Test Acc 	 PGD Loss 	 PGD Acc
[2025/10/11 17:55:30] - 3.4194 	 	 0.4579 	 3.7748 	 0.2301
[2025/10/11 17:57:57] - 43 	 140.1 	 	 0.1000 	 4.9946 	 0.3005
[2025/10/11 17:57:57] - ==> Building model..
[2025/10/11 17:58:51] - Test Loss 	 Test Acc 	 PGD Loss 	 PGD Acc
[2025/10/11 17:58:51] - 3.4181 	 	 0.4579 	 3.7740 	 0.2299
[2025/10/11 18:01:18] - 44 	 140.0 	 	 0.1000 	 4.9944 	 0.3011
[2025/10/11 18:01:18] - ==> Building model..
[2025/10/11 18:02:13] - Test Loss 	 Test Acc 	 PGD Loss 	 PGD Acc
[2025/10/11 18:02:13] - 3.4157 	 	 0.4582 	 3.7728 	 0.2298
[2025/10/11 18:04:38] - 45 	 139.4 	 	 0.1000 	 4.9940 	 0.3017
[2025/10/11 18:04:38] - ==> Building model..
[2025/10/11 18:05:33] - Test Loss 	 Test Acc 	 PGD Loss 	 PGD Acc
[2025/10/11 18:05:33] - 3.4139 	 	 0.4583 	 3.7718 	 0.2302
[2025/10/11 18:07:59] - 46 	 139.7 	 	 0.1000 	 4.9937 	 0.3024
[2025/10/11 18:07:59] - ==> Building model..
[2025/10/11 18:08:53] - Test Loss 	 Test Acc 	 PGD Loss 	 PGD Acc
[2025/10/11 18:08:53] - 3.4135 	 	 0.4602 	 3.7714 	 0.2307
[2025/10/11 18:11:18] - 47 	 139.6 	 	 0.1000 	 4.9938 	 0.3035
[2025/10/11 18:11:18] - ==> Building model..
[2025/10/11 18:12:13] - Test Loss 	 Test Acc 	 PGD Loss 	 PGD Acc
[2025/10/11 18:12:13] - 3.4130 	 	 0.4610 	 3.7717 	 0.2317
[2025/10/11 18:14:39] - 48 	 139.6 	 	 0.1000 	 4.9933 	 0.3030
[2025/10/11 18:14:39] - ==> Building model..
[2025/10/11 18:15:32] - Test Loss 	 Test Acc 	 PGD Loss 	 PGD Acc
[2025/10/11 18:15:32] - 3.4127 	 	 0.4616 	 3.7719 	 0.2312
[2025/10/11 18:17:58] - 49 	 139.7 	 	 0.1000 	 4.9933 	 0.3018
[2025/10/11 18:17:58] - ==> Building model..
[2025/10/11 18:18:52] - Test Loss 	 Test Acc 	 PGD Loss 	 PGD Acc
[2025/10/11 18:18:52] - 3.4124 	 	 0.4632 	 3.7721 	 0.2310
[2025/10/11 18:21:18] - 50 	 139.6 	 	 0.1000 	 4.9920 	 0.3045
[2025/10/11 18:21:18] - ==> Building model..
[2025/10/11 18:22:12] - Test Loss 	 Test Acc 	 PGD Loss 	 PGD Acc
[2025/10/11 18:22:12] - 3.4104 	 	 0.4639 	 3.7712 	 0.2309
[2025/10/11 18:24:37] - 51 	 139.4 	 	 0.1000 	 4.9921 	 0.3050
[2025/10/11 18:24:37] - ==> Building model..
[2025/10/11 18:25:30] - Test Loss 	 Test Acc 	 PGD Loss 	 PGD Acc
[2025/10/11 18:25:30] - 3.4089 	 	 0.4633 	 3.7700 	 0.2315
[2025/10/11 18:27:55] - 52 	 139.4 	 	 0.1000 	 4.9921 	 0.3045
[2025/10/11 18:27:55] - ==> Building model..
[2025/10/11 18:28:49] - Test Loss 	 Test Acc 	 PGD Loss 	 PGD Acc
[2025/10/11 18:28:49] - 3.4093 	 	 0.4630 	 3.7707 	 0.2313
[2025/10/11 18:31:14] - 53 	 139.5 	 	 0.1000 	 4.9905 	 0.3073
[2025/10/11 18:31:14] - ==> Building model..
[2025/10/11 18:32:09] - Test Loss 	 Test Acc 	 PGD Loss 	 PGD Acc
[2025/10/11 18:32:09] - 3.4093 	 	 0.4622 	 3.7708 	 0.2319
[2025/10/11 18:34:34] - 54 	 139.8 	 	 0.1000 	 4.9907 	 0.3063
[2025/10/11 18:34:34] - ==> Building model..
[2025/10/11 18:35:28] - Test Loss 	 Test Acc 	 PGD Loss 	 PGD Acc
[2025/10/11 18:35:28] - 3.4087 	 	 0.4639 	 3.7702 	 0.2316
[2025/10/11 18:37:53] - 55 	 139.7 	 	 0.1000 	 4.9903 	 0.3065
[2025/10/11 18:37:53] - ==> Building model..
[2025/10/11 18:38:47] - Test Loss 	 Test Acc 	 PGD Loss 	 PGD Acc
[2025/10/11 18:38:47] - 3.4072 	 	 0.4649 	 3.7698 	 0.2310
[2025/10/11 18:41:12] - 56 	 139.3 	 	 0.1000 	 4.9900 	 0.3066
[2025/10/11 18:41:12] - ==> Building model..
[2025/10/11 18:42:06] - Test Loss 	 Test Acc 	 PGD Loss 	 PGD Acc
[2025/10/11 18:42:06] - 3.4056 	 	 0.4645 	 3.7689 	 0.2314
[2025/10/11 18:44:31] - 57 	 139.3 	 	 0.1000 	 4.9899 	 0.3070
[2025/10/11 18:44:31] - ==> Building model..
[2025/10/11 18:45:25] - Test Loss 	 Test Acc 	 PGD Loss 	 PGD Acc
[2025/10/11 18:45:25] - 3.4050 	 	 0.4639 	 3.7685 	 0.2320
[2025/10/11 18:47:50] - 58 	 139.5 	 	 0.1000 	 4.9892 	 0.3070
[2025/10/11 18:47:50] - ==> Building model..
[2025/10/11 18:48:44] - Test Loss 	 Test Acc 	 PGD Loss 	 PGD Acc
[2025/10/11 18:48:44] - 3.4045 	 	 0.4645 	 3.7681 	 0.2322
[2025/10/11 18:51:09] - 59 	 139.4 	 	 0.1000 	 4.9893 	 0.3067
[2025/10/11 18:51:09] - ==> Building model..
[2025/10/11 18:52:03] - Test Loss 	 Test Acc 	 PGD Loss 	 PGD Acc
[2025/10/11 18:52:03] - 3.4042 	 	 0.4647 	 3.7684 	 0.2331
[2025/10/11 18:54:28] - 60 	 139.3 	 	 0.1000 	 4.9885 	 0.3077
[2025/10/11 18:54:28] - ==> Building model..
[2025/10/11 18:55:21] - Test Loss 	 Test Acc 	 PGD Loss 	 PGD Acc
[2025/10/11 18:55:21] - 3.4021 	 	 0.4635 	 3.7667 	 0.2341
[2025/10/11 18:57:46] - 61 	 139.4 	 	 0.1000 	 4.9878 	 0.3082
[2025/10/11 18:57:46] - ==> Building model..
[2025/10/11 18:58:39] - Test Loss 	 Test Acc 	 PGD Loss 	 PGD Acc
[2025/10/11 18:58:39] - 3.4011 	 	 0.4654 	 3.7664 	 0.2332
[2025/10/11 19:01:05] - 62 	 139.8 	 	 0.1000 	 4.9879 	 0.3094
[2025/10/11 19:01:05] - ==> Building model..
[2025/10/11 19:01:59] - Test Loss 	 Test Acc 	 PGD Loss 	 PGD Acc
[2025/10/11 19:01:59] - 3.4006 	 	 0.4649 	 3.7664 	 0.2334
[2025/10/11 19:04:23] - 63 	 139.5 	 	 0.1000 	 4.9876 	 0.3116
[2025/10/11 19:04:23] - ==> Building model..
[2025/10/11 19:05:17] - Test Loss 	 Test Acc 	 PGD Loss 	 PGD Acc
[2025/10/11 19:05:17] - 3.4003 	 	 0.4648 	 3.7664 	 0.2342
[2025/10/11 19:07:42] - 64 	 139.3 	 	 0.1000 	 4.9866 	 0.3115
[2025/10/11 19:07:42] - ==> Building model..
[2025/10/11 19:08:36] - Test Loss 	 Test Acc 	 PGD Loss 	 PGD Acc
[2025/10/11 19:08:36] - 3.3992 	 	 0.4655 	 3.7659 	 0.2340
[2025/10/11 19:11:01] - 65 	 139.5 	 	 0.1000 	 4.9865 	 0.3103
[2025/10/11 19:11:01] - ==> Building model..
[2025/10/11 19:11:56] - Test Loss 	 Test Acc 	 PGD Loss 	 PGD Acc
[2025/10/11 19:11:56] - 3.3983 	 	 0.4657 	 3.7657 	 0.2336
[2025/10/11 19:14:21] - 66 	 139.6 	 	 0.1000 	 4.9858 	 0.3116
[2025/10/11 19:14:21] - ==> Building model..
[2025/10/11 19:15:15] - Test Loss 	 Test Acc 	 PGD Loss 	 PGD Acc
[2025/10/11 19:15:15] - 3.3983 	 	 0.4656 	 3.7662 	 0.2343
[2025/10/11 19:17:40] - 67 	 139.4 	 	 0.1000 	 4.9861 	 0.3122
[2025/10/11 19:17:40] - ==> Building model..
[2025/10/11 19:18:33] - Test Loss 	 Test Acc 	 PGD Loss 	 PGD Acc
[2025/10/11 19:18:33] - 3.3986 	 	 0.4657 	 3.7674 	 0.2336
[2025/10/11 19:20:59] - 68 	 139.4 	 	 0.1000 	 4.9860 	 0.3110
[2025/10/11 19:20:59] - ==> Building model..
[2025/10/11 19:21:53] - Test Loss 	 Test Acc 	 PGD Loss 	 PGD Acc
[2025/10/11 19:21:53] - 3.3996 	 	 0.4667 	 3.7681 	 0.2340
[2025/10/11 19:24:17] - 69 	 139.2 	 	 0.1000 	 4.9859 	 0.3111
[2025/10/11 19:24:17] - ==> Building model..
[2025/10/11 19:25:12] - Test Loss 	 Test Acc 	 PGD Loss 	 PGD Acc
[2025/10/11 19:25:12] - 3.4018 	 	 0.4657 	 3.7708 	 0.2334
[2025/10/11 19:27:37] - 70 	 139.6 	 	 0.1000 	 4.9854 	 0.3116
[2025/10/11 19:27:37] - ==> Building model..
[2025/10/11 19:28:31] - Test Loss 	 Test Acc 	 PGD Loss 	 PGD Acc
[2025/10/11 19:28:31] - 3.4060 	 	 0.4660 	 3.7746 	 0.2333
[2025/10/11 19:30:56] - 71 	 139.2 	 	 0.1000 	 4.9853 	 0.3115
[2025/10/11 19:30:56] - ==> Building model..
[2025/10/11 19:31:49] - Test Loss 	 Test Acc 	 PGD Loss 	 PGD Acc
[2025/10/11 19:31:49] - 3.4086 	 	 0.4664 	 3.7776 	 0.2329
[2025/10/11 19:34:14] - 72 	 139.4 	 	 0.1000 	 4.9845 	 0.3133
[2025/10/11 19:34:14] - ==> Building model..
[2025/10/11 19:35:08] - Test Loss 	 Test Acc 	 PGD Loss 	 PGD Acc
[2025/10/11 19:35:08] - 3.4121 	 	 0.4652 	 3.7809 	 0.2334
[2025/10/11 19:37:33] - 73 	 139.4 	 	 0.1000 	 4.9842 	 0.3137
[2025/10/11 19:37:33] - ==> Building model..
[2025/10/11 19:38:28] - Test Loss 	 Test Acc 	 PGD Loss 	 PGD Acc
[2025/10/11 19:38:28] - 3.4166 	 	 0.4661 	 3.7859 	 0.2332
[2025/10/11 19:40:53] - 74 	 139.6 	 	 0.1000 	 4.9845 	 0.3134
[2025/10/11 19:40:53] - ==> Building model..
[2025/10/11 19:41:47] - Test Loss 	 Test Acc 	 PGD Loss 	 PGD Acc
[2025/10/11 19:41:47] - 3.4212 	 	 0.4673 	 3.7900 	 0.2334
[2025/10/11 19:44:12] - 75 	 139.5 	 	 0.1000 	 4.9839 	 0.3134
[2025/10/11 19:44:12] - ==> Building model..
[2025/10/11 19:45:05] - Test Loss 	 Test Acc 	 PGD Loss 	 PGD Acc
[2025/10/11 19:45:05] - 3.4230 	 	 0.4664 	 3.7927 	 0.2345
[2025/10/11 19:47:30] - 76 	 138.9 	 	 0.1000 	 4.9831 	 0.3137
[2025/10/11 19:47:30] - ==> Building model..
[2025/10/11 19:48:23] - Test Loss 	 Test Acc 	 PGD Loss 	 PGD Acc
[2025/10/11 19:48:23] - 3.4232 	 	 0.4665 	 3.7932 	 0.2347
[2025/10/11 19:50:47] - 77 	 139.2 	 	 0.1000 	 4.9833 	 0.3151
[2025/10/11 19:50:47] - ==> Building model..
[2025/10/11 19:51:40] - Test Loss 	 Test Acc 	 PGD Loss 	 PGD Acc
[2025/10/11 19:51:40] - 3.4225 	 	 0.4672 	 3.7937 	 0.2349
[2025/10/11 19:54:03] - 78 	 138.1 	 	 0.1000 	 4.9835 	 0.3153
[2025/10/11 19:54:03] - ==> Building model..
[2025/10/11 19:54:57] - Test Loss 	 Test Acc 	 PGD Loss 	 PGD Acc
[2025/10/11 19:54:57] - 3.4209 	 	 0.4669 	 3.7922 	 0.2355
[2025/10/11 19:57:20] - 79 	 138.4 	 	 0.1000 	 4.9827 	 0.3155
[2025/10/11 19:57:20] - ==> Building model..
[2025/10/11 19:58:14] - Test Loss 	 Test Acc 	 PGD Loss 	 PGD Acc
[2025/10/11 19:58:14] - 3.4191 	 	 0.4682 	 3.7907 	 0.2352
[2025/10/11 20:00:37] - 80 	 138.2 	 	 0.1000 	 4.9826 	 0.3140
[2025/10/11 20:00:37] - ==> Building model..
[2025/10/11 20:01:31] - Test Loss 	 Test Acc 	 PGD Loss 	 PGD Acc
[2025/10/11 20:01:31] - 3.4160 	 	 0.4689 	 3.7890 	 0.2342
[2025/10/11 20:03:55] - 81 	 138.4 	 	 0.1000 	 4.9822 	 0.3160
[2025/10/11 20:03:55] - ==> Building model..
[2025/10/11 20:04:48] - Test Loss 	 Test Acc 	 PGD Loss 	 PGD Acc
[2025/10/11 20:04:48] - 3.4129 	 	 0.4692 	 3.7872 	 0.2347
[2025/10/11 20:07:12] - 82 	 138.3 	 	 0.1000 	 4.9815 	 0.3161
[2025/10/11 20:07:12] - ==> Building model..
[2025/10/11 20:08:04] - Test Loss 	 Test Acc 	 PGD Loss 	 PGD Acc
[2025/10/11 20:08:04] - 3.4088 	 	 0.4694 	 3.7841 	 0.2347
[2025/10/11 20:10:27] - 83 	 138.1 	 	 0.1000 	 4.9824 	 0.3145
[2025/10/11 20:10:27] - ==> Building model..
[2025/10/11 20:11:20] - Test Loss 	 Test Acc 	 PGD Loss 	 PGD Acc
[2025/10/11 20:11:20] - 3.4052 	 	 0.4708 	 3.7817 	 0.2357
[2025/10/11 20:13:44] - 84 	 138.2 	 	 0.1000 	 4.9819 	 0.3153
[2025/10/11 20:13:44] - ==> Building model..
[2025/10/11 20:14:37] - Test Loss 	 Test Acc 	 PGD Loss 	 PGD Acc
[2025/10/11 20:14:37] - 3.4017 	 	 0.4715 	 3.7786 	 0.2363
[2025/10/11 20:17:01] - 85 	 138.6 	 	 0.1000 	 4.9816 	 0.3161
[2025/10/11 20:17:01] - ==> Building model..
[2025/10/11 20:17:54] - Test Loss 	 Test Acc 	 PGD Loss 	 PGD Acc
[2025/10/11 20:17:54] - 3.3970 	 	 0.4714 	 3.7745 	 0.2363
[2025/10/11 20:20:17] - 86 	 138.4 	 	 0.1000 	 4.9818 	 0.3153
[2025/10/11 20:20:17] - ==> Building model..
[2025/10/11 20:21:11] - Test Loss 	 Test Acc 	 PGD Loss 	 PGD Acc
[2025/10/11 20:21:11] - 3.3929 	 	 0.4720 	 3.7715 	 0.2368
[2025/10/11 20:23:35] - 87 	 138.3 	 	 0.1000 	 4.9813 	 0.3150
[2025/10/11 20:23:35] - ==> Building model..
[2025/10/11 20:24:28] - Test Loss 	 Test Acc 	 PGD Loss 	 PGD Acc
[2025/10/11 20:24:28] - 3.3893 	 	 0.4723 	 3.7680 	 0.2360
[2025/10/11 20:26:51] - 88 	 138.3 	 	 0.1000 	 4.9811 	 0.3165
[2025/10/11 20:26:51] - ==> Building model..
[2025/10/11 20:27:44] - Test Loss 	 Test Acc 	 PGD Loss 	 PGD Acc
[2025/10/11 20:27:44] - 3.3852 	 	 0.4722 	 3.7655 	 0.2357
[2025/10/11 20:30:08] - 89 	 138.6 	 	 0.1000 	 4.9812 	 0.3180
[2025/10/11 20:30:08] - ==> Building model..
[2025/10/11 20:31:01] - Test Loss 	 Test Acc 	 PGD Loss 	 PGD Acc
[2025/10/11 20:31:01] - 3.3807 	 	 0.4731 	 3.7615 	 0.2358
[2025/10/11 20:33:25] - 90 	 138.9 	 	 0.1000 	 4.9801 	 0.3193
[2025/10/11 20:33:25] - ==> Building model..
[2025/10/11 20:34:18] - Test Loss 	 Test Acc 	 PGD Loss 	 PGD Acc
[2025/10/11 20:34:18] - 3.3770 	 	 0.4737 	 3.7586 	 0.2364
[2025/10/11 20:36:42] - 91 	 138.8 	 	 0.1000 	 4.9807 	 0.3187
[2025/10/11 20:36:42] - ==> Building model..
[2025/10/11 20:37:36] - Test Loss 	 Test Acc 	 PGD Loss 	 PGD Acc
[2025/10/11 20:37:36] - 3.3742 	 	 0.4734 	 3.7567 	 0.2361
[2025/10/11 20:40:00] - 92 	 138.6 	 	 0.1000 	 4.9813 	 0.3163
[2025/10/11 20:40:00] - ==> Building model..
[2025/10/11 20:40:53] - Test Loss 	 Test Acc 	 PGD Loss 	 PGD Acc
[2025/10/11 20:40:53] - 3.3721 	 	 0.4738 	 3.7551 	 0.2352
[2025/10/11 20:43:16] - 93 	 138.5 	 	 0.1000 	 4.9806 	 0.3168
[2025/10/11 20:43:16] - ==> Building model..
[2025/10/11 20:44:10] - Test Loss 	 Test Acc 	 PGD Loss 	 PGD Acc
[2025/10/11 20:44:10] - 3.3698 	 	 0.4741 	 3.7531 	 0.2360
[2025/10/11 20:46:33] - 94 	 138.6 	 	 0.1000 	 4.9811 	 0.3171
[2025/10/11 20:46:33] - ==> Building model..
[2025/10/11 20:47:26] - Test Loss 	 Test Acc 	 PGD Loss 	 PGD Acc
[2025/10/11 20:47:26] - 3.3682 	 	 0.4747 	 3.7521 	 0.2360
[2025/10/11 20:49:50] - 95 	 138.8 	 	 0.1000 	 4.9810 	 0.3179
[2025/10/11 20:49:50] - ==> Building model..
[2025/10/11 20:50:43] - Test Loss 	 Test Acc 	 PGD Loss 	 PGD Acc
[2025/10/11 20:50:43] - 3.3641 	 	 0.4746 	 3.7486 	 0.2368
[2025/10/11 20:53:07] - 96 	 138.6 	 	 0.1000 	 4.9805 	 0.3173
[2025/10/11 20:53:07] - ==> Building model..
[2025/10/11 20:54:00] - Test Loss 	 Test Acc 	 PGD Loss 	 PGD Acc
[2025/10/11 20:54:00] - 3.3611 	 	 0.4747 	 3.7461 	 0.2373
[2025/10/11 20:56:24] - 97 	 138.8 	 	 0.1000 	 4.9810 	 0.3172
[2025/10/11 20:56:24] - ==> Building model..
[2025/10/11 20:57:18] - Test Loss 	 Test Acc 	 PGD Loss 	 PGD Acc
[2025/10/11 20:57:18] - 3.3578 	 	 0.4766 	 3.7438 	 0.2378
[2025/10/11 20:59:42] - 98 	 138.6 	 	 0.1000 	 4.9804 	 0.3179
[2025/10/11 20:59:42] - ==> Building model..
[2025/10/11 21:00:35] - Test Loss 	 Test Acc 	 PGD Loss 	 PGD Acc
[2025/10/11 21:00:35] - 3.3555 	 	 0.4762 	 3.7420 	 0.2383
[2025/10/11 21:02:58] - 99 	 137.5 	 	 0.0100 	 4.8816 	 0.4458
[2025/10/11 21:02:58] - ==> Building model..
[2025/10/11 21:03:51] - Test Loss 	 Test Acc 	 PGD Loss 	 PGD Acc
[2025/10/11 21:03:51] - 3.3550 	 	 0.4763 	 3.7417 	 0.2378
[2025/10/11 21:06:14] - 100 	 137.6 	 	 0.0100 	 4.8139 	 0.5383
[2025/10/11 21:06:14] - ==> Building model..
[2025/10/11 21:07:06] - Test Loss 	 Test Acc 	 PGD Loss 	 PGD Acc
[2025/10/11 21:07:06] - 3.3550 	 	 0.4763 	 3.7416 	 0.2380
[2025/10/11 21:09:29] - 101 	 137.5 	 	 0.0100 	 4.7879 	 0.5797
[2025/10/11 21:09:29] - ==> Building model..
[2025/10/11 21:10:22] - Test Loss 	 Test Acc 	 PGD Loss 	 PGD Acc
[2025/10/11 21:10:22] - 3.3550 	 	 0.4763 	 3.7417 	 0.2376
[2025/10/11 21:12:45] - 102 	 137.5 	 	 0.0100 	 4.7664 	 0.6121
[2025/10/11 21:12:45] - ==> Building model..
[2025/10/11 21:13:38] - Test Loss 	 Test Acc 	 PGD Loss 	 PGD Acc
[2025/10/11 21:13:38] - 3.3550 	 	 0.4763 	 3.7412 	 0.2379
[2025/10/11 21:16:01] - 103 	 137.7 	 	 0.0100 	 4.7482 	 0.6455
[2025/10/11 21:16:01] - ==> Building model..
[2025/10/11 21:16:54] - Test Loss 	 Test Acc 	 PGD Loss 	 PGD Acc
[2025/10/11 21:16:54] - 3.3550 	 	 0.4763 	 3.7417 	 0.2382
[2025/10/11 21:19:17] - 104 	 137.8 	 	 0.0010 	 4.7015 	 0.7213
[2025/10/11 21:19:17] - ==> Building model..
[2025/10/11 21:20:10] - Test Loss 	 Test Acc 	 PGD Loss 	 PGD Acc
[2025/10/11 21:20:10] - 3.3550 	 	 0.4763 	 3.7412 	 0.2384
[2025/10/11 21:22:33] - 105 	 137.5 	 	 0.0010 	 4.6803 	 0.7553
[2025/10/11 21:22:33] - ==> Building model..
[2025/10/11 21:23:27] - Test Loss 	 Test Acc 	 PGD Loss 	 PGD Acc
[2025/10/11 21:23:27] - 3.3550 	 	 0.4763 	 3.7417 	 0.2380
[2025/10/11 21:25:49] - 106 	 137.6 	 	 0.0010 	 4.6742 	 0.7647
[2025/10/11 21:25:49] - ==> Building model..
[2025/10/11 21:26:42] - Test Loss 	 Test Acc 	 PGD Loss 	 PGD Acc
[2025/10/11 21:26:42] - 3.3550 	 	 0.4763 	 3.7416 	 0.2379
[2025/10/11 21:29:05] - 107 	 137.5 	 	 0.0010 	 4.6693 	 0.7742
[2025/10/11 21:29:05] - ==> Building model..
[2025/10/11 21:29:58] - Test Loss 	 Test Acc 	 PGD Loss 	 PGD Acc
[2025/10/11 21:29:58] - 3.3550 	 	 0.4763 	 3.7414 	 0.2376
[2025/10/11 21:32:20] - 108 	 137.6 	 	 0.0010 	 4.6647 	 0.7818
[2025/10/11 21:32:20] - ==> Building model..
[2025/10/11 21:33:13] - Test Loss 	 Test Acc 	 PGD Loss 	 PGD Acc
[2025/10/11 21:33:13] - 3.3550 	 	 0.4763 	 3.7418 	 0.2376
[2025/10/11 21:35:36] - 109 	 137.5 	 	 0.0010 	 4.6601 	 0.7885
[2025/10/11 21:35:36] - ==> Building model..
[2025/10/11 21:36:29] - Test Loss 	 Test Acc 	 PGD Loss 	 PGD Acc
[2025/10/11 21:36:29] - 3.3550 	 	 0.4763 	 3.7416 	 0.2381
[2025/10/11 21:36:29] - [0.0765, 0.1471, 0.1898, 0.2137, 0.2362, 0.2453, 0.2631, 0.2961, 0.3297, 0.3507, 0.3664, 0.3772, 0.3861, 0.3928, 0.3975, 0.4038, 0.4077, 0.4117, 0.415, 0.4192, 0.4215, 0.4243, 0.4268, 0.4306, 0.4317, 0.4354, 0.4359, 0.4384, 0.4392, 0.4412, 0.4434, 0.4457, 0.4467, 0.448, 0.4488, 0.4506, 0.4524, 0.4551, 0.4552, 0.4557, 0.4556, 0.4561, 0.4579, 0.4579, 0.4582, 0.4583, 0.4602, 0.461, 0.4616, 0.4632, 0.4639, 0.4633, 0.463, 0.4622, 0.4639, 0.4649, 0.4645, 0.4639, 0.4645, 0.4647, 0.4635, 0.4654, 0.4649, 0.4648, 0.4655, 0.4657, 0.4656, 0.4657, 0.4667, 0.4657, 0.466, 0.4664, 0.4652, 0.4661, 0.4673, 0.4664, 0.4665, 0.4672, 0.4669, 0.4682, 0.4689, 0.4692, 0.4694, 0.4708, 0.4715, 0.4714, 0.472, 0.4723, 0.4722, 0.4731, 0.4737, 0.4734, 0.4738, 0.4741, 0.4747, 0.4746, 0.4747, 0.4766, 0.4762, 0.4763, 0.4763, 0.4763, 0.4763, 0.4763, 0.4763, 0.4763, 0.4763, 0.4763, 0.4763, 0.4763]
[2025/10/11 21:36:29] - [0.0397, 0.0762, 0.0992, 0.1118, 0.1205, 0.1265, 0.1339, 0.1509, 0.1656, 0.1761, 0.1841, 0.1905, 0.1932, 0.1961, 0.2001, 0.2032, 0.2057, 0.2056, 0.2066, 0.207, 0.2086, 0.2103, 0.212, 0.2146, 0.2155, 0.2173, 0.2195, 0.2206, 0.2205, 0.221, 0.2221, 0.2231, 0.2247, 0.2249, 0.2262, 0.2268, 0.2262, 0.2271, 0.2273, 0.2282, 0.2274, 0.2285, 0.2301, 0.2299, 0.2298, 0.2302, 0.2307, 0.2317, 0.2312, 0.231, 0.2309, 0.2315, 0.2313, 0.2319, 0.2316, 0.231, 0.2314, 0.232, 0.2322, 0.2331, 0.2341, 0.2332, 0.2334, 0.2342, 0.234, 0.2336, 0.2343, 0.2336, 0.234, 0.2334, 0.2333, 0.2329, 0.2334, 0.2332, 0.2334, 0.2345, 0.2347, 0.2349, 0.2355, 0.2352, 0.2342, 0.2347, 0.2347, 0.2357, 0.2363, 0.2363, 0.2368, 0.236, 0.2357, 0.2358, 0.2364, 0.2361, 0.2352, 0.236, 0.236, 0.2368, 0.2373, 0.2378, 0.2383, 0.2378, 0.238, 0.2376, 0.2379, 0.2382, 0.2384, 0.238, 0.2379, 0.2376, 0.2376, 0.2381]
