[2025/09/29 14:57:20] - Namespace(batch_size=128, data_dir='cifar-data', epochs=120, lr_schedule='multistep', lr_min=0.0, lr_max=0.1, weight_decay=0.0005, momentum=0.9, model='ResNet18', epsilon=8, alpha=8, delta_init='random', normal_mean=0, normal_std=1, out_dir='./output/CIFAR10/beta_0.4/lam_scale_0.08', seed=0, lamda=12, lam_scale=0.08, lam_max=45, lam_start=40, gamma=0.15, inner_gamma=0.15, beta=0.4, mu=3.5, batch_m=0.75, early_stop=False, factor=0.7, length=4, n_holes=1, c_num=0.125, EMA_value=0.82)
[2025/09/29 14:57:23] - ==> Building model..
[2025/09/29 14:57:23] - Epoch 	 Seconds 	 LR 	 	 Train Loss 	 Train Acc
[2025/09/29 14:59:44] - 0 	 89.4 	 	 0.1000 	 2.2345 	 0.2240
[2025/09/29 14:59:44] - ==> Building model..
[2025/09/29 15:00:46] - Test Loss 	 Test Acc 	 PGD Loss 	 PGD Acc
[2025/09/29 15:00:46] - 1.8406 	 	 0.3950 	 1.8959 	 0.2750
[2025/09/29 15:02:58] - 1 	 79.9 	 	 0.1000 	 2.1355 	 0.3018
[2025/09/29 15:02:58] - ==> Building model..
[2025/09/29 15:04:04] - Test Loss 	 Test Acc 	 PGD Loss 	 PGD Acc
[2025/09/29 15:04:04] - 1.7279 	 	 0.4556 	 1.8012 	 0.3167
[2025/09/29 15:06:14] - 2 	 78.4 	 	 0.1000 	 2.0972 	 0.3411
[2025/09/29 15:06:14] - ==> Building model..
[2025/09/29 15:07:16] - Test Loss 	 Test Acc 	 PGD Loss 	 PGD Acc
[2025/09/29 15:07:16] - 1.6543 	 	 0.5064 	 1.7413 	 0.3386
[2025/09/29 15:09:28] - 3 	 80.8 	 	 0.1000 	 2.0692 	 0.3678
[2025/09/29 15:09:28] - ==> Building model..
[2025/09/29 15:10:35] - Test Loss 	 Test Acc 	 PGD Loss 	 PGD Acc
[2025/09/29 15:10:35] - 1.5937 	 	 0.5472 	 1.6933 	 0.3668
[2025/09/29 15:12:47] - 4 	 79.6 	 	 0.1000 	 2.0446 	 0.3930
[2025/09/29 15:12:47] - ==> Building model..
[2025/09/29 15:13:48] - Test Loss 	 Test Acc 	 PGD Loss 	 PGD Acc
[2025/09/29 15:13:48] - 1.5542 	 	 0.5787 	 1.6630 	 0.3889
[2025/09/29 15:16:01] - 5 	 82.0 	 	 0.1000 	 2.0208 	 0.4192
[2025/09/29 15:16:01] - ==> Building model..
[2025/09/29 15:17:02] - Test Loss 	 Test Acc 	 PGD Loss 	 PGD Acc
[2025/09/29 15:17:02] - 1.5301 	 	 0.6043 	 1.6464 	 0.4110
[2025/09/29 15:19:10] - 6 	 80.5 	 	 0.1000 	 1.9997 	 0.4401
[2025/09/29 15:19:10] - ==> Building model..
[2025/09/29 15:20:11] - Test Loss 	 Test Acc 	 PGD Loss 	 PGD Acc
[2025/09/29 15:20:11] - 1.5064 	 	 0.6257 	 1.6282 	 0.4257
[2025/09/29 15:22:21] - 7 	 81.4 	 	 0.1000 	 1.9849 	 0.4539
[2025/09/29 15:22:21] - ==> Building model..
[2025/09/29 15:23:25] - Test Loss 	 Test Acc 	 PGD Loss 	 PGD Acc
[2025/09/29 15:23:25] - 1.4946 	 	 0.6360 	 1.6189 	 0.4375
[2025/09/29 15:25:31] - 8 	 81.0 	 	 0.1000 	 1.9712 	 0.4659
[2025/09/29 15:25:31] - ==> Building model..
[2025/09/29 15:26:33] - Test Loss 	 Test Acc 	 PGD Loss 	 PGD Acc
[2025/09/29 15:26:33] - 1.4941 	 	 0.6478 	 1.6194 	 0.4496
[2025/09/29 15:28:24] - 9 	 79.2 	 	 0.1000 	 1.9578 	 0.4828
[2025/09/29 15:28:24] - ==> Building model..
[2025/09/29 15:29:25] - Test Loss 	 Test Acc 	 PGD Loss 	 PGD Acc
[2025/09/29 15:29:25] - 1.4987 	 	 0.6515 	 1.6244 	 0.4556
[2025/09/29 15:31:14] - 10 	 77.6 	 	 0.1000 	 1.9475 	 0.4882
[2025/09/29 15:31:14] - ==> Building model..
[2025/09/29 15:32:13] - Test Loss 	 Test Acc 	 PGD Loss 	 PGD Acc
[2025/09/29 15:32:13] - 1.4982 	 	 0.6600 	 1.6242 	 0.4666
[2025/09/29 15:34:04] - 11 	 81.0 	 	 0.1000 	 1.9399 	 0.5001
[2025/09/29 15:34:04] - ==> Building model..
[2025/09/29 15:35:01] - Test Loss 	 Test Acc 	 PGD Loss 	 PGD Acc
[2025/09/29 15:35:01] - 1.4861 	 	 0.6674 	 1.6147 	 0.4744
[2025/09/29 15:36:51] - 12 	 78.4 	 	 0.1000 	 1.9347 	 0.5034
[2025/09/29 15:36:51] - ==> Building model..
[2025/09/29 15:37:51] - Test Loss 	 Test Acc 	 PGD Loss 	 PGD Acc
[2025/09/29 15:37:51] - 1.4507 	 	 0.6833 	 1.5858 	 0.4831
[2025/09/29 15:39:43] - 13 	 80.6 	 	 0.1000 	 1.9289 	 0.5104
[2025/09/29 15:39:43] - ==> Building model..
[2025/09/29 15:40:40] - Test Loss 	 Test Acc 	 PGD Loss 	 PGD Acc
[2025/09/29 15:40:40] - 1.4073 	 	 0.6965 	 1.5515 	 0.4912
[2025/09/29 15:42:31] - 14 	 79.6 	 	 0.1000 	 1.9211 	 0.5191
[2025/09/29 15:42:31] - ==> Building model..
[2025/09/29 15:43:30] - Test Loss 	 Test Acc 	 PGD Loss 	 PGD Acc
[2025/09/29 15:43:30] - 1.3670 	 	 0.7069 	 1.5190 	 0.4968
[2025/09/29 15:45:22] - 15 	 80.8 	 	 0.1000 	 1.9186 	 0.5205
[2025/09/29 15:45:22] - ==> Building model..
[2025/09/29 15:46:20] - Test Loss 	 Test Acc 	 PGD Loss 	 PGD Acc
[2025/09/29 15:46:20] - 1.3331 	 	 0.7131 	 1.4921 	 0.5023
[2025/09/29 15:48:12] - 16 	 80.8 	 	 0.1000 	 1.9123 	 0.5252
[2025/09/29 15:48:12] - ==> Building model..
[2025/09/29 15:49:12] - Test Loss 	 Test Acc 	 PGD Loss 	 PGD Acc
[2025/09/29 15:49:12] - 1.3063 	 	 0.7201 	 1.4704 	 0.5070
[2025/09/29 15:51:02] - 17 	 79.0 	 	 0.1000 	 1.9088 	 0.5307
[2025/09/29 15:51:02] - ==> Building model..
[2025/09/29 15:52:00] - Test Loss 	 Test Acc 	 PGD Loss 	 PGD Acc
[2025/09/29 15:52:00] - 1.2879 	 	 0.7267 	 1.4554 	 0.5086
[2025/09/29 15:53:53] - 18 	 81.0 	 	 0.1000 	 1.9071 	 0.5328
[2025/09/29 15:53:53] - ==> Building model..
[2025/09/29 15:54:54] - Test Loss 	 Test Acc 	 PGD Loss 	 PGD Acc
[2025/09/29 15:54:54] - 1.2743 	 	 0.7306 	 1.4443 	 0.5114
[2025/09/29 15:56:48] - 19 	 81.8 	 	 0.1000 	 1.9010 	 0.5387
[2025/09/29 15:56:48] - ==> Building model..
[2025/09/29 15:57:39] - Test Loss 	 Test Acc 	 PGD Loss 	 PGD Acc
[2025/09/29 15:57:39] - 1.2637 	 	 0.7344 	 1.4352 	 0.5153
[2025/09/29 15:59:31] - 20 	 81.1 	 	 0.1000 	 1.8989 	 0.5385
[2025/09/29 15:59:31] - ==> Building model..
[2025/09/29 16:00:30] - Test Loss 	 Test Acc 	 PGD Loss 	 PGD Acc
[2025/09/29 16:00:30] - 1.2529 	 	 0.7366 	 1.4266 	 0.5186
[2025/09/29 16:02:20] - 21 	 78.8 	 	 0.1000 	 1.8965 	 0.5444
[2025/09/29 16:02:20] - ==> Building model..
[2025/09/29 16:03:21] - Test Loss 	 Test Acc 	 PGD Loss 	 PGD Acc
[2025/09/29 16:03:21] - 1.2462 	 	 0.7395 	 1.4214 	 0.5190
[2025/09/29 16:05:12] - 22 	 78.2 	 	 0.1000 	 1.8962 	 0.5452
[2025/09/29 16:05:12] - ==> Building model..
[2025/09/29 16:06:10] - Test Loss 	 Test Acc 	 PGD Loss 	 PGD Acc
[2025/09/29 16:06:10] - 1.2410 	 	 0.7411 	 1.4175 	 0.5221
[2025/09/29 16:08:02] - 23 	 80.4 	 	 0.1000 	 1.8926 	 0.5476
[2025/09/29 16:08:02] - ==> Building model..
[2025/09/29 16:09:00] - Test Loss 	 Test Acc 	 PGD Loss 	 PGD Acc
[2025/09/29 16:09:00] - 1.2350 	 	 0.7455 	 1.4130 	 0.5236
[2025/09/29 16:10:52] - 24 	 78.5 	 	 0.1000 	 1.8896 	 0.5495
[2025/09/29 16:10:52] - ==> Building model..
[2025/09/29 16:11:50] - Test Loss 	 Test Acc 	 PGD Loss 	 PGD Acc
[2025/09/29 16:11:50] - 1.2292 	 	 0.7481 	 1.4085 	 0.5271
[2025/09/29 16:13:46] - 25 	 80.8 	 	 0.1000 	 1.8865 	 0.5552
[2025/09/29 16:13:46] - ==> Building model..
[2025/09/29 16:14:47] - Test Loss 	 Test Acc 	 PGD Loss 	 PGD Acc
[2025/09/29 16:14:47] - 1.2247 	 	 0.7508 	 1.4050 	 0.5290
[2025/09/29 16:16:40] - 26 	 80.5 	 	 0.1000 	 1.8834 	 0.5543
[2025/09/29 16:16:40] - ==> Building model..
[2025/09/29 16:17:35] - Test Loss 	 Test Acc 	 PGD Loss 	 PGD Acc
[2025/09/29 16:17:35] - 1.2207 	 	 0.7508 	 1.4011 	 0.5312
[2025/09/29 16:19:30] - 27 	 80.7 	 	 0.1000 	 1.8836 	 0.5554
[2025/09/29 16:19:30] - ==> Building model..
[2025/09/29 16:20:31] - Test Loss 	 Test Acc 	 PGD Loss 	 PGD Acc
[2025/09/29 16:20:31] - 1.2176 	 	 0.7531 	 1.3987 	 0.5335
[2025/09/29 16:22:25] - 28 	 79.2 	 	 0.1000 	 1.8825 	 0.5563
[2025/09/29 16:22:25] - ==> Building model..
[2025/09/29 16:23:25] - Test Loss 	 Test Acc 	 PGD Loss 	 PGD Acc
[2025/09/29 16:23:25] - 1.2154 	 	 0.7537 	 1.3969 	 0.5355
[2025/09/29 16:25:17] - 29 	 77.6 	 	 0.1000 	 1.8795 	 0.5588
[2025/09/29 16:25:17] - ==> Building model..
[2025/09/29 16:26:19] - Test Loss 	 Test Acc 	 PGD Loss 	 PGD Acc
[2025/09/29 16:26:19] - 1.2119 	 	 0.7552 	 1.3952 	 0.5369
[2025/09/29 16:28:12] - 30 	 80.7 	 	 0.1000 	 1.8810 	 0.5593
[2025/09/29 16:28:12] - ==> Building model..
[2025/09/29 16:29:09] - Test Loss 	 Test Acc 	 PGD Loss 	 PGD Acc
[2025/09/29 16:29:09] - 1.2093 	 	 0.7564 	 1.3933 	 0.5383
[2025/09/29 16:31:03] - 31 	 79.2 	 	 0.1000 	 1.8775 	 0.5629
[2025/09/29 16:31:03] - ==> Building model..
[2025/09/29 16:32:02] - Test Loss 	 Test Acc 	 PGD Loss 	 PGD Acc
[2025/09/29 16:32:02] - 1.2053 	 	 0.7581 	 1.3904 	 0.5395
[2025/09/29 16:33:56] - 32 	 80.2 	 	 0.1000 	 1.8760 	 0.5640
[2025/09/29 16:33:56] - ==> Building model..
[2025/09/29 16:34:56] - Test Loss 	 Test Acc 	 PGD Loss 	 PGD Acc
[2025/09/29 16:34:56] - 1.2005 	 	 0.7596 	 1.3862 	 0.5414
[2025/09/29 16:36:50] - 33 	 80.5 	 	 0.1000 	 1.8757 	 0.5664
[2025/09/29 16:36:50] - ==> Building model..
[2025/09/29 16:37:44] - Test Loss 	 Test Acc 	 PGD Loss 	 PGD Acc
[2025/09/29 16:37:44] - 1.1986 	 	 0.7596 	 1.3851 	 0.5414
[2025/09/29 16:39:39] - 34 	 81.1 	 	 0.1000 	 1.8737 	 0.5654
[2025/09/29 16:39:39] - ==> Building model..
[2025/09/29 16:40:40] - Test Loss 	 Test Acc 	 PGD Loss 	 PGD Acc
[2025/09/29 16:40:40] - 1.1938 	 	 0.7624 	 1.3814 	 0.5420
[2025/09/29 16:42:34] - 35 	 79.9 	 	 0.1000 	 1.8729 	 0.5656
[2025/09/29 16:42:34] - ==> Building model..
[2025/09/29 16:43:33] - Test Loss 	 Test Acc 	 PGD Loss 	 PGD Acc
[2025/09/29 16:43:33] - 1.1913 	 	 0.7627 	 1.3792 	 0.5412
[2025/09/29 16:45:26] - 36 	 77.6 	 	 0.1000 	 1.8731 	 0.5642
[2025/09/29 16:45:26] - ==> Building model..
[2025/09/29 16:46:26] - Test Loss 	 Test Acc 	 PGD Loss 	 PGD Acc
[2025/09/29 16:46:26] - 1.1890 	 	 0.7641 	 1.3783 	 0.5443
[2025/09/29 16:48:21] - 37 	 80.4 	 	 0.1000 	 1.8706 	 0.5683
[2025/09/29 16:48:21] - ==> Building model..
[2025/09/29 16:49:17] - Test Loss 	 Test Acc 	 PGD Loss 	 PGD Acc
[2025/09/29 16:49:17] - 1.1860 	 	 0.7656 	 1.3761 	 0.5448
[2025/09/29 16:51:11] - 38 	 78.9 	 	 0.1000 	 1.8711 	 0.5672
[2025/09/29 16:51:11] - ==> Building model..
[2025/09/29 16:52:12] - Test Loss 	 Test Acc 	 PGD Loss 	 PGD Acc
[2025/09/29 16:52:12] - 1.1851 	 	 0.7664 	 1.3753 	 0.5463
[2025/09/29 16:54:09] - 39 	 81.7 	 	 0.1000 	 1.8677 	 0.5700
[2025/09/29 16:54:09] - ==> Building model..
[2025/09/29 16:55:08] - Test Loss 	 Test Acc 	 PGD Loss 	 PGD Acc
[2025/09/29 16:55:08] - 1.1837 	 	 0.7675 	 1.3738 	 0.5459
[2025/09/29 16:57:01] - 40 	 80.0 	 	 0.1000 	 1.8694 	 0.5670
[2025/09/29 16:57:01] - ==> Building model..
[2025/09/29 16:58:00] - Test Loss 	 Test Acc 	 PGD Loss 	 PGD Acc
[2025/09/29 16:58:00] - 1.1825 	 	 0.7692 	 1.3731 	 0.5462
[2025/09/29 16:59:55] - 41 	 80.8 	 	 0.1000 	 1.8672 	 0.5705
[2025/09/29 16:59:55] - ==> Building model..
[2025/09/29 17:00:53] - Test Loss 	 Test Acc 	 PGD Loss 	 PGD Acc
[2025/09/29 17:00:53] - 1.1819 	 	 0.7693 	 1.3730 	 0.5474
[2025/09/29 17:02:46] - 42 	 79.5 	 	 0.1000 	 1.8680 	 0.5714
[2025/09/29 17:02:46] - ==> Building model..
[2025/09/29 17:03:49] - Test Loss 	 Test Acc 	 PGD Loss 	 PGD Acc
[2025/09/29 17:03:49] - 1.1819 	 	 0.7702 	 1.3732 	 0.5475
[2025/09/29 17:05:41] - 43 	 78.1 	 	 0.1000 	 1.8689 	 0.5707
[2025/09/29 17:05:41] - ==> Building model..
[2025/09/29 17:06:39] - Test Loss 	 Test Acc 	 PGD Loss 	 PGD Acc
[2025/09/29 17:06:39] - 1.1812 	 	 0.7709 	 1.3728 	 0.5507
[2025/09/29 17:08:18] - 44 	 71.5 	 	 0.1000 	 1.8696 	 0.5724
[2025/09/29 17:08:18] - ==> Building model..
[2025/09/29 17:09:00] - Test Loss 	 Test Acc 	 PGD Loss 	 PGD Acc
[2025/09/29 17:09:00] - 1.1813 	 	 0.7710 	 1.3731 	 0.5516
[2025/09/29 17:10:26] - 45 	 60.5 	 	 0.1000 	 1.8694 	 0.5719
[2025/09/29 17:10:26] - ==> Building model..
[2025/09/29 17:11:11] - Test Loss 	 Test Acc 	 PGD Loss 	 PGD Acc
[2025/09/29 17:11:11] - 1.1811 	 	 0.7720 	 1.3728 	 0.5545
[2025/09/29 17:12:37] - 46 	 62.3 	 	 0.1000 	 1.8680 	 0.5738
[2025/09/29 17:12:37] - ==> Building model..
[2025/09/29 17:13:22] - Test Loss 	 Test Acc 	 PGD Loss 	 PGD Acc
[2025/09/29 17:13:22] - 1.1809 	 	 0.7728 	 1.3722 	 0.5552
[2025/09/29 17:14:48] - 47 	 61.5 	 	 0.1000 	 1.8696 	 0.5732
[2025/09/29 17:14:48] - ==> Building model..
[2025/09/29 17:15:28] - Test Loss 	 Test Acc 	 PGD Loss 	 PGD Acc
[2025/09/29 17:15:28] - 1.1812 	 	 0.7712 	 1.3721 	 0.5563
[2025/09/29 17:16:54] - 48 	 62.3 	 	 0.1000 	 1.8712 	 0.5707
[2025/09/29 17:16:54] - ==> Building model..
[2025/09/29 17:17:39] - Test Loss 	 Test Acc 	 PGD Loss 	 PGD Acc
[2025/09/29 17:17:39] - 1.1835 	 	 0.7721 	 1.3745 	 0.5583
[2025/09/29 17:19:03] - 49 	 61.2 	 	 0.1000 	 1.8706 	 0.5767
[2025/09/29 17:19:03] - ==> Building model..
[2025/09/29 17:19:47] - Test Loss 	 Test Acc 	 PGD Loss 	 PGD Acc
[2025/09/29 17:19:47] - 1.1850 	 	 0.7735 	 1.3758 	 0.5576
[2025/09/29 17:21:10] - 50 	 59.1 	 	 0.1000 	 1.8728 	 0.5728
[2025/09/29 17:21:10] - ==> Building model..
[2025/09/29 17:21:54] - Test Loss 	 Test Acc 	 PGD Loss 	 PGD Acc
[2025/09/29 17:21:54] - 1.1861 	 	 0.7727 	 1.3761 	 0.5565
[2025/09/29 17:23:20] - 51 	 62.3 	 	 0.1000 	 1.8735 	 0.5718
[2025/09/29 17:23:20] - ==> Building model..
[2025/09/29 17:24:05] - Test Loss 	 Test Acc 	 PGD Loss 	 PGD Acc
[2025/09/29 17:24:05] - 1.1879 	 	 0.7726 	 1.3780 	 0.5571
[2025/09/29 17:25:31] - 52 	 62.0 	 	 0.1000 	 1.8716 	 0.5755
[2025/09/29 17:25:31] - ==> Building model..
[2025/09/29 17:26:11] - Test Loss 	 Test Acc 	 PGD Loss 	 PGD Acc
[2025/09/29 17:26:11] - 1.1899 	 	 0.7725 	 1.3788 	 0.5564
[2025/09/29 17:27:37] - 53 	 62.1 	 	 0.1000 	 1.8736 	 0.5747
[2025/09/29 17:27:37] - ==> Building model..
[2025/09/29 17:28:21] - Test Loss 	 Test Acc 	 PGD Loss 	 PGD Acc
[2025/09/29 17:28:21] - 1.1914 	 	 0.7720 	 1.3792 	 0.5564
[2025/09/29 17:29:46] - 54 	 60.6 	 	 0.1000 	 1.8763 	 0.5734
[2025/09/29 17:29:46] - ==> Building model..
[2025/09/29 17:30:32] - Test Loss 	 Test Acc 	 PGD Loss 	 PGD Acc
[2025/09/29 17:30:32] - 1.1943 	 	 0.7720 	 1.3817 	 0.5584
[2025/09/29 17:31:54] - 55 	 58.7 	 	 0.1000 	 1.8754 	 0.5730
[2025/09/29 17:31:54] - ==> Building model..
[2025/09/29 17:32:39] - Test Loss 	 Test Acc 	 PGD Loss 	 PGD Acc
[2025/09/29 17:32:39] - 1.1972 	 	 0.7711 	 1.3839 	 0.5580
[2025/09/29 17:34:04] - 56 	 62.1 	 	 0.1000 	 1.8756 	 0.5741
[2025/09/29 17:34:04] - ==> Building model..
[2025/09/29 17:34:47] - Test Loss 	 Test Acc 	 PGD Loss 	 PGD Acc
[2025/09/29 17:34:47] - 1.1988 	 	 0.7694 	 1.3849 	 0.5581
[2025/09/29 17:36:10] - 57 	 60.1 	 	 0.1000 	 1.8766 	 0.5740
[2025/09/29 17:36:10] - ==> Building model..
[2025/09/29 17:36:55] - Test Loss 	 Test Acc 	 PGD Loss 	 PGD Acc
[2025/09/29 17:36:55] - 1.1994 	 	 0.7703 	 1.3847 	 0.5599
[2025/09/29 17:38:19] - 58 	 61.6 	 	 0.1000 	 1.8754 	 0.5768
[2025/09/29 17:38:19] - ==> Building model..
[2025/09/29 17:39:04] - Test Loss 	 Test Acc 	 PGD Loss 	 PGD Acc
[2025/09/29 17:39:04] - 1.2008 	 	 0.7712 	 1.3859 	 0.5604
[2025/09/29 17:40:28] - 59 	 61.0 	 	 0.1000 	 1.8800 	 0.5688
[2025/09/29 17:40:28] - ==> Building model..
[2025/09/29 17:41:14] - Test Loss 	 Test Acc 	 PGD Loss 	 PGD Acc
[2025/09/29 17:41:14] - 1.2046 	 	 0.7691 	 1.3885 	 0.5607
[2025/09/29 17:42:36] - 60 	 59.7 	 	 0.1000 	 1.8785 	 0.5747
[2025/09/29 17:42:36] - ==> Building model..
[2025/09/29 17:43:21] - Test Loss 	 Test Acc 	 PGD Loss 	 PGD Acc
[2025/09/29 17:43:21] - 1.2062 	 	 0.7703 	 1.3899 	 0.5608
[2025/09/29 17:44:46] - 61 	 62.0 	 	 0.1000 	 1.8814 	 0.5726
[2025/09/29 17:44:46] - ==> Building model..
[2025/09/29 17:45:29] - Test Loss 	 Test Acc 	 PGD Loss 	 PGD Acc
[2025/09/29 17:45:29] - 1.2100 	 	 0.7696 	 1.3920 	 0.5624
[2025/09/29 17:46:53] - 62 	 59.4 	 	 0.1000 	 1.8798 	 0.5735
[2025/09/29 17:46:53] - ==> Building model..
[2025/09/29 17:47:39] - Test Loss 	 Test Acc 	 PGD Loss 	 PGD Acc
[2025/09/29 17:47:39] - 1.2123 	 	 0.7694 	 1.3937 	 0.5631
[2025/09/29 17:49:06] - 63 	 62.2 	 	 0.1000 	 1.8808 	 0.5725
[2025/09/29 17:49:06] - ==> Building model..
[2025/09/29 17:49:50] - Test Loss 	 Test Acc 	 PGD Loss 	 PGD Acc
[2025/09/29 17:49:50] - 1.2148 	 	 0.7696 	 1.3958 	 0.5641
[2025/09/29 17:51:16] - 64 	 61.6 	 	 0.1000 	 1.8823 	 0.5735
[2025/09/29 17:51:16] - ==> Building model..
[2025/09/29 17:51:56] - Test Loss 	 Test Acc 	 PGD Loss 	 PGD Acc
[2025/09/29 17:51:56] - 1.2174 	 	 0.7703 	 1.3976 	 0.5641
[2025/09/29 17:53:24] - 65 	 62.3 	 	 0.1000 	 1.8827 	 0.5702
[2025/09/29 17:53:24] - ==> Building model..
[2025/09/29 17:54:09] - Test Loss 	 Test Acc 	 PGD Loss 	 PGD Acc
[2025/09/29 17:54:09] - 1.2202 	 	 0.7695 	 1.3996 	 0.5653
[2025/09/29 17:55:36] - 66 	 61.1 	 	 0.1000 	 1.8805 	 0.5726
[2025/09/29 17:55:36] - ==> Building model..
[2025/09/29 17:56:23] - Test Loss 	 Test Acc 	 PGD Loss 	 PGD Acc
[2025/09/29 17:56:23] - 1.2205 	 	 0.7680 	 1.3997 	 0.5646
[2025/09/29 17:57:47] - 67 	 59.2 	 	 0.1000 	 1.8804 	 0.5725
[2025/09/29 17:57:47] - ==> Building model..
[2025/09/29 17:58:33] - Test Loss 	 Test Acc 	 PGD Loss 	 PGD Acc
[2025/09/29 17:58:33] - 1.2219 	 	 0.7681 	 1.4005 	 0.5644
[2025/09/29 18:00:00] - 68 	 62.5 	 	 0.1000 	 1.8789 	 0.5726
[2025/09/29 18:00:00] - ==> Building model..
[2025/09/29 18:00:43] - Test Loss 	 Test Acc 	 PGD Loss 	 PGD Acc
[2025/09/29 18:00:43] - 1.2238 	 	 0.7663 	 1.4016 	 0.5650
[2025/09/29 18:02:10] - 69 	 60.2 	 	 0.1000 	 1.8827 	 0.5694
[2025/09/29 18:02:10] - ==> Building model..
[2025/09/29 18:02:55] - Test Loss 	 Test Acc 	 PGD Loss 	 PGD Acc
[2025/09/29 18:02:55] - 1.2231 	 	 0.7675 	 1.4009 	 0.5656
[2025/09/29 18:04:23] - 70 	 62.4 	 	 0.1000 	 1.8804 	 0.5706
[2025/09/29 18:04:23] - ==> Building model..
[2025/09/29 18:05:08] - Test Loss 	 Test Acc 	 PGD Loss 	 PGD Acc
[2025/09/29 18:05:08] - 1.2230 	 	 0.7695 	 1.4011 	 0.5661
[2025/09/29 18:06:36] - 71 	 61.9 	 	 0.1000 	 1.8792 	 0.5710
[2025/09/29 18:06:36] - ==> Building model..
[2025/09/29 18:07:16] - Test Loss 	 Test Acc 	 PGD Loss 	 PGD Acc
[2025/09/29 18:07:16] - 1.2222 	 	 0.7693 	 1.4009 	 0.5647
[2025/09/29 18:08:44] - 72 	 62.4 	 	 0.1000 	 1.8800 	 0.5732
[2025/09/29 18:08:44] - ==> Building model..
[2025/09/29 18:09:29] - Test Loss 	 Test Acc 	 PGD Loss 	 PGD Acc
[2025/09/29 18:09:29] - 1.2222 	 	 0.7692 	 1.4006 	 0.5652
[2025/09/29 18:10:56] - 73 	 61.0 	 	 0.1000 	 1.8802 	 0.5686
[2025/09/29 18:10:56] - ==> Building model..
[2025/09/29 18:11:42] - Test Loss 	 Test Acc 	 PGD Loss 	 PGD Acc
[2025/09/29 18:11:42] - 1.2227 	 	 0.7711 	 1.4012 	 0.5655
[2025/09/29 18:13:07] - 74 	 59.3 	 	 0.1000 	 1.8807 	 0.5705
[2025/09/29 18:13:07] - ==> Building model..
[2025/09/29 18:13:53] - Test Loss 	 Test Acc 	 PGD Loss 	 PGD Acc
[2025/09/29 18:13:53] - 1.2241 	 	 0.7702 	 1.4014 	 0.5675
[2025/09/29 18:15:20] - 75 	 62.4 	 	 0.1000 	 1.8801 	 0.5675
[2025/09/29 18:15:20] - ==> Building model..
[2025/09/29 18:16:02] - Test Loss 	 Test Acc 	 PGD Loss 	 PGD Acc
[2025/09/29 18:16:02] - 1.2255 	 	 0.7688 	 1.4025 	 0.5684
[2025/09/29 18:17:26] - 76 	 60.1 	 	 0.1000 	 1.8796 	 0.5680
[2025/09/29 18:17:26] - ==> Building model..
[2025/09/29 18:18:11] - Test Loss 	 Test Acc 	 PGD Loss 	 PGD Acc
[2025/09/29 18:18:11] - 1.2273 	 	 0.7697 	 1.4036 	 0.5694
[2025/09/29 18:19:38] - 77 	 62.8 	 	 0.1000 	 1.8786 	 0.5671
[2025/09/29 18:19:38] - ==> Building model..
[2025/09/29 18:20:23] - Test Loss 	 Test Acc 	 PGD Loss 	 PGD Acc
[2025/09/29 18:20:23] - 1.2278 	 	 0.7674 	 1.4038 	 0.5692
[2025/09/29 18:21:50] - 78 	 61.8 	 	 0.1000 	 1.8778 	 0.5703
[2025/09/29 18:21:50] - ==> Building model..
[2025/09/29 18:22:31] - Test Loss 	 Test Acc 	 PGD Loss 	 PGD Acc
[2025/09/29 18:22:31] - 1.2280 	 	 0.7671 	 1.4042 	 0.5695
[2025/09/29 18:23:57] - 79 	 62.4 	 	 0.1000 	 1.8776 	 0.5683
[2025/09/29 18:23:57] - ==> Building model..
[2025/09/29 18:24:42] - Test Loss 	 Test Acc 	 PGD Loss 	 PGD Acc
[2025/09/29 18:24:42] - 1.2271 	 	 0.7683 	 1.4038 	 0.5704
[2025/09/29 18:26:09] - 80 	 61.0 	 	 0.1000 	 1.8794 	 0.5697
[2025/09/29 18:26:09] - ==> Building model..
[2025/09/29 18:26:56] - Test Loss 	 Test Acc 	 PGD Loss 	 PGD Acc
[2025/09/29 18:26:56] - 1.2262 	 	 0.7680 	 1.4031 	 0.5699
[2025/09/29 18:28:20] - 81 	 59.5 	 	 0.1000 	 1.8763 	 0.5709
[2025/09/29 18:28:20] - ==> Building model..
[2025/09/29 18:29:05] - Test Loss 	 Test Acc 	 PGD Loss 	 PGD Acc
[2025/09/29 18:29:05] - 1.2262 	 	 0.7681 	 1.4036 	 0.5684
[2025/09/29 18:30:33] - 82 	 62.7 	 	 0.1000 	 1.8782 	 0.5702
[2025/09/29 18:30:33] - ==> Building model..
[2025/09/29 18:31:19] - Test Loss 	 Test Acc 	 PGD Loss 	 PGD Acc
[2025/09/29 18:31:19] - 1.2259 	 	 0.7686 	 1.4036 	 0.5679
[2025/09/29 18:32:42] - 83 	 58.6 	 	 0.1000 	 1.8790 	 0.5711
[2025/09/29 18:32:42] - ==> Building model..
[2025/09/29 18:33:28] - Test Loss 	 Test Acc 	 PGD Loss 	 PGD Acc
[2025/09/29 18:33:28] - 1.2281 	 	 0.7681 	 1.4052 	 0.5695
[2025/09/29 18:34:55] - 84 	 62.2 	 	 0.1000 	 1.8762 	 0.5705
[2025/09/29 18:34:55] - ==> Building model..
[2025/09/29 18:35:41] - Test Loss 	 Test Acc 	 PGD Loss 	 PGD Acc
[2025/09/29 18:35:41] - 1.2265 	 	 0.7699 	 1.4044 	 0.5699
[2025/09/29 18:37:07] - 85 	 61.5 	 	 0.1000 	 1.8783 	 0.5712
[2025/09/29 18:37:07] - ==> Building model..
[2025/09/29 18:37:52] - Test Loss 	 Test Acc 	 PGD Loss 	 PGD Acc
[2025/09/29 18:37:52] - 1.2259 	 	 0.7695 	 1.4042 	 0.5680
[2025/09/29 18:39:16] - 86 	 60.8 	 	 0.1000 	 1.8777 	 0.5678
[2025/09/29 18:39:16] - ==> Building model..
[2025/09/29 18:40:01] - Test Loss 	 Test Acc 	 PGD Loss 	 PGD Acc
[2025/09/29 18:40:01] - 1.2265 	 	 0.7691 	 1.4047 	 0.5683
[2025/09/29 18:41:27] - 87 	 62.5 	 	 0.1000 	 1.8776 	 0.5709
[2025/09/29 18:41:27] - ==> Building model..
[2025/09/29 18:42:11] - Test Loss 	 Test Acc 	 PGD Loss 	 PGD Acc
[2025/09/29 18:42:11] - 1.2237 	 	 0.7690 	 1.4027 	 0.5701
[2025/09/29 18:43:35] - 88 	 60.0 	 	 0.1000 	 1.8793 	 0.5694
[2025/09/29 18:43:35] - ==> Building model..
[2025/09/29 18:44:20] - Test Loss 	 Test Acc 	 PGD Loss 	 PGD Acc
[2025/09/29 18:44:20] - 1.2229 	 	 0.7684 	 1.4018 	 0.5713
[2025/09/29 18:45:46] - 89 	 62.2 	 	 0.1000 	 1.8758 	 0.5733
[2025/09/29 18:45:46] - ==> Building model..
[2025/09/29 18:46:31] - Test Loss 	 Test Acc 	 PGD Loss 	 PGD Acc
[2025/09/29 18:46:31] - 1.2214 	 	 0.7685 	 1.4009 	 0.5734
[2025/09/29 18:47:58] - 90 	 62.3 	 	 0.1000 	 1.8775 	 0.5699
[2025/09/29 18:47:58] - ==> Building model..
[2025/09/29 18:48:38] - Test Loss 	 Test Acc 	 PGD Loss 	 PGD Acc
[2025/09/29 18:48:38] - 1.2225 	 	 0.7691 	 1.4015 	 0.5727
[2025/09/29 18:50:05] - 91 	 62.5 	 	 0.1000 	 1.8775 	 0.5678
[2025/09/29 18:50:05] - ==> Building model..
[2025/09/29 18:50:50] - Test Loss 	 Test Acc 	 PGD Loss 	 PGD Acc
[2025/09/29 18:50:50] - 1.2224 	 	 0.7698 	 1.4016 	 0.5725
[2025/09/29 18:52:14] - 92 	 60.9 	 	 0.1000 	 1.8782 	 0.5694
[2025/09/29 18:52:14] - ==> Building model..
[2025/09/29 18:53:00] - Test Loss 	 Test Acc 	 PGD Loss 	 PGD Acc
[2025/09/29 18:53:00] - 1.2221 	 	 0.7705 	 1.4014 	 0.5721
[2025/09/29 18:54:24] - 93 	 59.2 	 	 0.1000 	 1.8746 	 0.5700
[2025/09/29 18:54:24] - ==> Building model..
[2025/09/29 18:55:10] - Test Loss 	 Test Acc 	 PGD Loss 	 PGD Acc
[2025/09/29 18:55:10] - 1.2203 	 	 0.7701 	 1.4005 	 0.5742
[2025/09/29 18:56:35] - 94 	 62.1 	 	 0.1000 	 1.8767 	 0.5712
[2025/09/29 18:56:35] - ==> Building model..
[2025/09/29 18:57:18] - Test Loss 	 Test Acc 	 PGD Loss 	 PGD Acc
[2025/09/29 18:57:18] - 1.2206 	 	 0.7689 	 1.4005 	 0.5725
[2025/09/29 18:58:42] - 95 	 60.3 	 	 0.1000 	 1.8751 	 0.5716
[2025/09/29 18:58:42] - ==> Building model..
[2025/09/29 18:59:27] - Test Loss 	 Test Acc 	 PGD Loss 	 PGD Acc
[2025/09/29 18:59:27] - 1.2199 	 	 0.7701 	 1.4005 	 0.5740
[2025/09/29 19:00:54] - 96 	 62.2 	 	 0.1000 	 1.8750 	 0.5708
[2025/09/29 19:00:54] - ==> Building model..
[2025/09/29 19:01:39] - Test Loss 	 Test Acc 	 PGD Loss 	 PGD Acc
[2025/09/29 19:01:39] - 1.2203 	 	 0.7702 	 1.4011 	 0.5750
[2025/09/29 19:03:04] - 97 	 61.5 	 	 0.1000 	 1.8754 	 0.5722
[2025/09/29 19:03:04] - ==> Building model..
[2025/09/29 19:03:44] - Test Loss 	 Test Acc 	 PGD Loss 	 PGD Acc
[2025/09/29 19:03:44] - 1.2197 	 	 0.7718 	 1.4001 	 0.5737
[2025/09/29 19:05:10] - 98 	 62.2 	 	 0.1000 	 1.8751 	 0.5719
[2025/09/29 19:05:10] - ==> Building model..
[2025/09/29 19:05:55] - Test Loss 	 Test Acc 	 PGD Loss 	 PGD Acc
[2025/09/29 19:05:55] - 1.2190 	 	 0.7701 	 1.3998 	 0.5732
[2025/09/29 19:07:19] - 99 	 60.7 	 	 0.1000 	 1.8762 	 0.5689
[2025/09/29 19:07:19] - ==> Building model..
[2025/09/29 19:08:05] - Test Loss 	 Test Acc 	 PGD Loss 	 PGD Acc
[2025/09/29 19:08:05] - 1.2193 	 	 0.7702 	 1.3995 	 0.5710
[2025/09/29 19:09:27] - 100 	 59.1 	 	 0.1000 	 1.8729 	 0.5739
[2025/09/29 19:09:27] - ==> Building model..
[2025/09/29 19:10:12] - Test Loss 	 Test Acc 	 PGD Loss 	 PGD Acc
[2025/09/29 19:10:12] - 1.2191 	 	 0.7708 	 1.3991 	 0.5714
[2025/09/29 19:11:37] - 101 	 61.9 	 	 0.1000 	 1.8749 	 0.5742
[2025/09/29 19:11:37] - ==> Building model..
[2025/09/29 19:12:21] - Test Loss 	 Test Acc 	 PGD Loss 	 PGD Acc
[2025/09/29 19:12:21] - 1.2198 	 	 0.7692 	 1.3990 	 0.5717
[2025/09/29 19:13:45] - 102 	 60.2 	 	 0.1000 	 1.8754 	 0.5718
[2025/09/29 19:13:45] - ==> Building model..
[2025/09/29 19:14:27] - Test Loss 	 Test Acc 	 PGD Loss 	 PGD Acc
[2025/09/29 19:14:27] - 1.2206 	 	 0.7686 	 1.3996 	 0.5716
[2025/09/29 19:15:52] - 103 	 62.3 	 	 0.1000 	 1.8759 	 0.5695
[2025/09/29 19:15:52] - ==> Building model..
[2025/09/29 19:16:37] - Test Loss 	 Test Acc 	 PGD Loss 	 PGD Acc
[2025/09/29 19:16:37] - 1.2211 	 	 0.7696 	 1.4005 	 0.5725
[2025/09/29 19:18:00] - 104 	 60.8 	 	 0.1000 	 1.8746 	 0.5738
[2025/09/29 19:18:00] - ==> Building model..
[2025/09/29 19:18:46] - Test Loss 	 Test Acc 	 PGD Loss 	 PGD Acc
[2025/09/29 19:18:46] - 1.2206 	 	 0.7693 	 1.4003 	 0.5721
[2025/09/29 19:20:07] - 105 	 58.5 	 	 0.1000 	 1.8747 	 0.5721
[2025/09/29 19:20:07] - ==> Building model..
[2025/09/29 19:20:52] - Test Loss 	 Test Acc 	 PGD Loss 	 PGD Acc
[2025/09/29 19:20:52] - 1.2195 	 	 0.7707 	 1.3997 	 0.5734
[2025/09/29 19:22:16] - 106 	 61.9 	 	 0.1000 	 1.8748 	 0.5731
[2025/09/29 19:22:16] - ==> Building model..
[2025/09/29 19:22:58] - Test Loss 	 Test Acc 	 PGD Loss 	 PGD Acc
[2025/09/29 19:22:58] - 1.2180 	 	 0.7702 	 1.3985 	 0.5733
[2025/09/29 19:24:21] - 107 	 60.3 	 	 0.1000 	 1.8740 	 0.5728
[2025/09/29 19:24:21] - ==> Building model..
[2025/09/29 19:25:06] - Test Loss 	 Test Acc 	 PGD Loss 	 PGD Acc
[2025/09/29 19:25:06] - 1.2178 	 	 0.7721 	 1.3987 	 0.5720
[2025/09/29 19:26:30] - 108 	 61.9 	 	 0.1000 	 1.8736 	 0.5753
[2025/09/29 19:26:30] - ==> Building model..
[2025/09/29 19:27:15] - Test Loss 	 Test Acc 	 PGD Loss 	 PGD Acc
[2025/09/29 19:27:15] - 1.2172 	 	 0.7720 	 1.3983 	 0.5720
[2025/09/29 19:28:38] - 109 	 60.5 	 	 0.0100 	 1.8209 	 0.6215
[2025/09/29 19:28:38] - ==> Building model..
[2025/09/29 19:29:23] - Test Loss 	 Test Acc 	 PGD Loss 	 PGD Acc
[2025/09/29 19:29:23] - 1.2014 	 	 0.7788 	 1.3870 	 0.5730
[2025/09/29 19:30:45] - 110 	 58.9 	 	 0.0100 	 1.7644 	 0.6709
[2025/09/29 19:30:45] - ==> Building model..
[2025/09/29 19:31:30] - Test Loss 	 Test Acc 	 PGD Loss 	 PGD Acc
[2025/09/29 19:31:30] - 1.1809 	 	 0.7846 	 1.3723 	 0.5734
[2025/09/29 19:32:53] - 111 	 60.9 	 	 0.0100 	 1.7487 	 0.6837
[2025/09/29 19:32:53] - ==> Building model..
[2025/09/29 19:33:35] - Test Loss 	 Test Acc 	 PGD Loss 	 PGD Acc
[2025/09/29 19:33:35] - 1.1663 	 	 0.7902 	 1.3623 	 0.5744
[2025/09/29 19:34:49] - 112 	 51.3 	 	 0.0100 	 1.7395 	 0.6922
[2025/09/29 19:34:49] - ==> Building model..
[2025/09/29 19:35:12] - Test Loss 	 Test Acc 	 PGD Loss 	 PGD Acc
[2025/09/29 19:35:12] - 1.1557 	 	 0.7961 	 1.3551 	 0.5763
[2025/09/29 19:36:17] - 113 	 41.7 	 	 0.0100 	 1.7310 	 0.7010
[2025/09/29 19:36:17] - ==> Building model..
[2025/09/29 19:37:01] - Test Loss 	 Test Acc 	 PGD Loss 	 PGD Acc
[2025/09/29 19:37:01] - 1.1482 	 	 0.8001 	 1.3504 	 0.5784
[2025/09/29 19:38:24] - 114 	 59.9 	 	 0.0010 	 1.7171 	 0.7131
[2025/09/29 19:38:24] - ==> Building model..
[2025/09/29 19:39:08] - Test Loss 	 Test Acc 	 PGD Loss 	 PGD Acc
[2025/09/29 19:39:08] - 1.1415 	 	 0.8048 	 1.3464 	 0.5813
[2025/09/29 19:40:31] - 115 	 60.0 	 	 0.0010 	 1.7035 	 0.7248
[2025/09/29 19:40:31] - ==> Building model..
[2025/09/29 19:41:12] - Test Loss 	 Test Acc 	 PGD Loss 	 PGD Acc
[2025/09/29 19:41:12] - 1.1349 	 	 0.8073 	 1.3418 	 0.5815
[2025/09/29 19:42:34] - 116 	 59.7 	 	 0.0010 	 1.6999 	 0.7239
[2025/09/29 19:42:34] - ==> Building model..
[2025/09/29 19:43:18] - Test Loss 	 Test Acc 	 PGD Loss 	 PGD Acc
[2025/09/29 19:43:18] - 1.1266 	 	 0.8098 	 1.3363 	 0.5820
[2025/09/29 19:44:40] - 117 	 59.3 	 	 0.0010 	 1.6972 	 0.7286
[2025/09/29 19:44:40] - ==> Building model..
[2025/09/29 19:45:23] - Test Loss 	 Test Acc 	 PGD Loss 	 PGD Acc
[2025/09/29 19:45:23] - 1.1192 	 	 0.8127 	 1.3311 	 0.5807
[2025/09/29 19:46:42] - 118 	 57.0 	 	 0.0010 	 1.6942 	 0.7313
[2025/09/29 19:46:42] - ==> Building model..
[2025/09/29 19:47:26] - Test Loss 	 Test Acc 	 PGD Loss 	 PGD Acc
[2025/09/29 19:47:26] - 1.1121 	 	 0.8144 	 1.3262 	 0.5804
[2025/09/29 19:48:48] - 119 	 59.3 	 	 0.0010 	 1.6920 	 0.7329
[2025/09/29 19:48:48] - ==> Building model..
[2025/09/29 19:49:33] - Test Loss 	 Test Acc 	 PGD Loss 	 PGD Acc
[2025/09/29 19:49:33] - 1.1050 	 	 0.8166 	 1.3214 	 0.5799
[2025/09/29 19:49:33] - [0.395, 0.4556, 0.5064, 0.5472, 0.5787, 0.6043, 0.6257, 0.636, 0.6478, 0.6515, 0.66, 0.6674, 0.6833, 0.6965, 0.7069, 0.7131, 0.7201, 0.7267, 0.7306, 0.7344, 0.7366, 0.7395, 0.7411, 0.7455, 0.7481, 0.7508, 0.7508, 0.7531, 0.7537, 0.7552, 0.7564, 0.7581, 0.7596, 0.7596, 0.7624, 0.7627, 0.7641, 0.7656, 0.7664, 0.7675, 0.7692, 0.7693, 0.7702, 0.7709, 0.771, 0.772, 0.7728, 0.7712, 0.7721, 0.7735, 0.7727, 0.7726, 0.7725, 0.772, 0.772, 0.7711, 0.7694, 0.7703, 0.7712, 0.7691, 0.7703, 0.7696, 0.7694, 0.7696, 0.7703, 0.7695, 0.768, 0.7681, 0.7663, 0.7675, 0.7695, 0.7693, 0.7692, 0.7711, 0.7702, 0.7688, 0.7697, 0.7674, 0.7671, 0.7683, 0.768, 0.7681, 0.7686, 0.7681, 0.7699, 0.7695, 0.7691, 0.769, 0.7684, 0.7685, 0.7691, 0.7698, 0.7705, 0.7701, 0.7689, 0.7701, 0.7702, 0.7718, 0.7701, 0.7702, 0.7708, 0.7692, 0.7686, 0.7696, 0.7693, 0.7707, 0.7702, 0.7721, 0.772, 0.7788, 0.7846, 0.7902, 0.7961, 0.8001, 0.8048, 0.8073, 0.8098, 0.8127, 0.8144, 0.8166]
[2025/09/29 19:49:33] - [0.275, 0.3167, 0.3386, 0.3668, 0.3889, 0.411, 0.4257, 0.4375, 0.4496, 0.4556, 0.4666, 0.4744, 0.4831, 0.4912, 0.4968, 0.5023, 0.507, 0.5086, 0.5114, 0.5153, 0.5186, 0.519, 0.5221, 0.5236, 0.5271, 0.529, 0.5312, 0.5335, 0.5355, 0.5369, 0.5383, 0.5395, 0.5414, 0.5414, 0.542, 0.5412, 0.5443, 0.5448, 0.5463, 0.5459, 0.5462, 0.5474, 0.5475, 0.5507, 0.5516, 0.5545, 0.5552, 0.5563, 0.5583, 0.5576, 0.5565, 0.5571, 0.5564, 0.5564, 0.5584, 0.558, 0.5581, 0.5599, 0.5604, 0.5607, 0.5608, 0.5624, 0.5631, 0.5641, 0.5641, 0.5653, 0.5646, 0.5644, 0.565, 0.5656, 0.5661, 0.5647, 0.5652, 0.5655, 0.5675, 0.5684, 0.5694, 0.5692, 0.5695, 0.5704, 0.5699, 0.5684, 0.5679, 0.5695, 0.5699, 0.568, 0.5683, 0.5701, 0.5713, 0.5734, 0.5727, 0.5725, 0.5721, 0.5742, 0.5725, 0.574, 0.575, 0.5737, 0.5732, 0.571, 0.5714, 0.5717, 0.5716, 0.5725, 0.5721, 0.5734, 0.5733, 0.572, 0.572, 0.573, 0.5734, 0.5744, 0.5763, 0.5784, 0.5813, 0.5815, 0.582, 0.5807, 0.5804, 0.5799]
