[2025/10/15 10:23:55] - Namespace(batch_size=128, data_dir='cifar-data', epochs=100, lr_schedule='multistep', lr_min=0.0, lr_max=0.2, weight_decay=0.0005, momentum=0.9, model='ResNet18', epsilon=8, alpha=8, delta_init='random', normal_mean=0, normal_std=1, out_dir='./output/CIFAR100/lamda_38_lamscale_0.03_run1', seed=0, lamda=38.0, lam_scale=0.03, lam_start=50, gamma=0.05, inner_gamma=0.05, beta=0.2, mu=3.5, batch_m=0.75, early_stop=False, factor=0.5, length=4, n_holes=1, c_num=0.125, EMA_value=0.55)
[2025/10/15 10:23:56] - ==> Building model..
[2025/10/15 10:23:56] - Epoch 	 Seconds 	 LR 	 	 Train Loss 	 Train Acc
[2025/10/15 10:24:34] - 0 	 18.3 	 	 0.2000 	 4.5710 	 0.0375
[2025/10/15 10:24:34] - ==> Building model..
[2025/10/15 10:24:53] - Test Loss 	 Test Acc 	 PGD Loss 	 PGD Acc
[2025/10/15 10:24:53] - 4.2652 	 	 0.0864 	 4.2767 	 0.0562
[2025/10/15 10:25:39] - 1 	 21.4 	 	 0.2000 	 4.4596 	 0.0787
[2025/10/15 10:25:39] - ==> Building model..
[2025/10/15 10:25:59] - Test Loss 	 Test Acc 	 PGD Loss 	 PGD Acc
[2025/10/15 10:25:59] - 4.0607 	 	 0.1410 	 4.0883 	 0.0918
[2025/10/15 10:26:45] - 2 	 20.8 	 	 0.2000 	 4.4106 	 0.1014
[2025/10/15 10:26:45] - ==> Building model..
[2025/10/15 10:27:05] - Test Loss 	 Test Acc 	 PGD Loss 	 PGD Acc
[2025/10/15 10:27:05] - 3.9668 	 	 0.1693 	 4.0051 	 0.1068
[2025/10/15 10:27:49] - 3 	 20.7 	 	 0.2000 	 4.3638 	 0.1247
[2025/10/15 10:27:49] - ==> Building model..
[2025/10/15 10:28:09] - Test Loss 	 Test Acc 	 PGD Loss 	 PGD Acc
[2025/10/15 10:28:09] - 3.8121 	 	 0.2191 	 3.8725 	 0.1295
[2025/10/15 10:28:55] - 4 	 21.7 	 	 0.2000 	 4.3183 	 0.1487
[2025/10/15 10:28:55] - ==> Building model..
[2025/10/15 10:29:16] - Test Loss 	 Test Acc 	 PGD Loss 	 PGD Acc
[2025/10/15 10:29:16] - 3.6778 	 	 0.2560 	 3.7593 	 0.1531
[2025/10/15 10:30:00] - 5 	 21.3 	 	 0.2000 	 4.2792 	 0.1676
[2025/10/15 10:30:00] - ==> Building model..
[2025/10/15 10:30:22] - Test Loss 	 Test Acc 	 PGD Loss 	 PGD Acc
[2025/10/15 10:30:22] - 3.4378 	 	 0.3041 	 3.5543 	 0.1759
[2025/10/15 10:31:08] - 6 	 21.8 	 	 0.2000 	 4.2466 	 0.1854
[2025/10/15 10:31:08] - ==> Building model..
[2025/10/15 10:31:27] - Test Loss 	 Test Acc 	 PGD Loss 	 PGD Acc
[2025/10/15 10:31:27] - 3.2069 	 	 0.3466 	 3.3579 	 0.1932
[2025/10/15 10:32:14] - 7 	 21.9 	 	 0.2000 	 4.2248 	 0.1977
[2025/10/15 10:32:14] - ==> Building model..
[2025/10/15 10:32:34] - Test Loss 	 Test Acc 	 PGD Loss 	 PGD Acc
[2025/10/15 10:32:34] - 3.0483 	 	 0.3846 	 3.2312 	 0.2078
[2025/10/15 10:33:19] - 8 	 21.2 	 	 0.2000 	 4.2054 	 0.2081
[2025/10/15 10:33:19] - ==> Building model..
[2025/10/15 10:33:40] - Test Loss 	 Test Acc 	 PGD Loss 	 PGD Acc
[2025/10/15 10:33:40] - 2.9653 	 	 0.4014 	 3.1654 	 0.2164
[2025/10/15 10:34:25] - 9 	 21.0 	 	 0.2000 	 4.1891 	 0.2179
[2025/10/15 10:34:25] - ==> Building model..
[2025/10/15 10:34:46] - Test Loss 	 Test Acc 	 PGD Loss 	 PGD Acc
[2025/10/15 10:34:46] - 2.9114 	 	 0.4145 	 3.1239 	 0.2257
[2025/10/15 10:35:30] - 10 	 21.4 	 	 0.2000 	 4.1758 	 0.2257
[2025/10/15 10:35:30] - ==> Building model..
[2025/10/15 10:35:50] - Test Loss 	 Test Acc 	 PGD Loss 	 PGD Acc
[2025/10/15 10:35:50] - 2.8642 	 	 0.4266 	 3.0871 	 0.2304
[2025/10/15 10:36:35] - 11 	 21.6 	 	 0.2000 	 4.1675 	 0.2292
[2025/10/15 10:36:35] - ==> Building model..
[2025/10/15 10:36:56] - Test Loss 	 Test Acc 	 PGD Loss 	 PGD Acc
[2025/10/15 10:36:56] - 2.8190 	 	 0.4393 	 3.0528 	 0.2369
[2025/10/15 10:37:38] - 12 	 20.2 	 	 0.2000 	 4.1579 	 0.2359
[2025/10/15 10:37:38] - ==> Building model..
[2025/10/15 10:37:58] - Test Loss 	 Test Acc 	 PGD Loss 	 PGD Acc
[2025/10/15 10:37:58] - 2.7863 	 	 0.4453 	 3.0275 	 0.2406
[2025/10/15 10:38:43] - 13 	 20.6 	 	 0.2000 	 4.1542 	 0.2387
[2025/10/15 10:38:43] - ==> Building model..
[2025/10/15 10:39:02] - Test Loss 	 Test Acc 	 PGD Loss 	 PGD Acc
[2025/10/15 10:39:02] - 2.7643 	 	 0.4534 	 3.0122 	 0.2423
[2025/10/15 10:39:46] - 14 	 19.9 	 	 0.2000 	 4.1487 	 0.2420
[2025/10/15 10:39:46] - ==> Building model..
[2025/10/15 10:40:04] - Test Loss 	 Test Acc 	 PGD Loss 	 PGD Acc
[2025/10/15 10:40:04] - 2.7489 	 	 0.4587 	 3.0022 	 0.2447
[2025/10/15 10:40:47] - 15 	 19.9 	 	 0.2000 	 4.1403 	 0.2461
[2025/10/15 10:40:47] - ==> Building model..
[2025/10/15 10:41:06] - Test Loss 	 Test Acc 	 PGD Loss 	 PGD Acc
[2025/10/15 10:41:06] - 2.7204 	 	 0.4647 	 2.9804 	 0.2482
[2025/10/15 10:41:49] - 16 	 20.3 	 	 0.2000 	 4.1367 	 0.2474
[2025/10/15 10:41:49] - ==> Building model..
[2025/10/15 10:42:09] - Test Loss 	 Test Acc 	 PGD Loss 	 PGD Acc
[2025/10/15 10:42:09] - 2.7005 	 	 0.4688 	 2.9644 	 0.2498
[2025/10/15 10:42:51] - 17 	 20.3 	 	 0.2000 	 4.1351 	 0.2494
[2025/10/15 10:42:51] - ==> Building model..
[2025/10/15 10:43:11] - Test Loss 	 Test Acc 	 PGD Loss 	 PGD Acc
[2025/10/15 10:43:11] - 2.6834 	 	 0.4720 	 2.9519 	 0.2533
[2025/10/15 10:43:56] - 18 	 21.1 	 	 0.2000 	 4.1274 	 0.2529
[2025/10/15 10:43:56] - ==> Building model..
[2025/10/15 10:44:14] - Test Loss 	 Test Acc 	 PGD Loss 	 PGD Acc
[2025/10/15 10:44:14] - 2.6677 	 	 0.4765 	 2.9408 	 0.2554
[2025/10/15 10:44:57] - 19 	 20.0 	 	 0.2000 	 4.1252 	 0.2557
[2025/10/15 10:44:57] - ==> Building model..
[2025/10/15 10:45:16] - Test Loss 	 Test Acc 	 PGD Loss 	 PGD Acc
[2025/10/15 10:45:16] - 2.6535 	 	 0.4797 	 2.9293 	 0.2565
[2025/10/15 10:46:01] - 20 	 21.0 	 	 0.2000 	 4.1242 	 0.2544
[2025/10/15 10:46:01] - ==> Building model..
[2025/10/15 10:46:20] - Test Loss 	 Test Acc 	 PGD Loss 	 PGD Acc
[2025/10/15 10:46:20] - 2.6475 	 	 0.4818 	 2.9253 	 0.2576
[2025/10/15 10:47:04] - 21 	 20.4 	 	 0.2000 	 4.1195 	 0.2567
[2025/10/15 10:47:04] - ==> Building model..
[2025/10/15 10:47:21] - Test Loss 	 Test Acc 	 PGD Loss 	 PGD Acc
[2025/10/15 10:47:21] - 2.6389 	 	 0.4862 	 2.9200 	 0.2578
[2025/10/15 10:48:05] - 22 	 20.8 	 	 0.2000 	 4.1181 	 0.2593
[2025/10/15 10:48:05] - ==> Building model..
[2025/10/15 10:48:25] - Test Loss 	 Test Acc 	 PGD Loss 	 PGD Acc
[2025/10/15 10:48:25] - 2.6245 	 	 0.4889 	 2.9100 	 0.2606
[2025/10/15 10:49:07] - 23 	 19.2 	 	 0.2000 	 4.1182 	 0.2581
[2025/10/15 10:49:07] - ==> Building model..
[2025/10/15 10:49:29] - Test Loss 	 Test Acc 	 PGD Loss 	 PGD Acc
[2025/10/15 10:49:29] - 2.6200 	 	 0.4905 	 2.9073 	 0.2622
[2025/10/15 10:50:22] - 24 	 30.9 	 	 0.2000 	 4.1139 	 0.2619
[2025/10/15 10:50:22] - ==> Building model..
[2025/10/15 10:50:48] - Test Loss 	 Test Acc 	 PGD Loss 	 PGD Acc
[2025/10/15 10:50:48] - 2.6124 	 	 0.4935 	 2.9009 	 0.2637
[2025/10/15 10:51:42] - 25 	 31.5 	 	 0.2000 	 4.1117 	 0.2634
[2025/10/15 10:51:42] - ==> Building model..
[2025/10/15 10:52:09] - Test Loss 	 Test Acc 	 PGD Loss 	 PGD Acc
[2025/10/15 10:52:09] - 2.6033 	 	 0.4945 	 2.8938 	 0.2636
[2025/10/15 10:53:03] - 26 	 32.1 	 	 0.2000 	 4.1090 	 0.2643
[2025/10/15 10:53:03] - ==> Building model..
[2025/10/15 10:53:29] - Test Loss 	 Test Acc 	 PGD Loss 	 PGD Acc
[2025/10/15 10:53:29] - 2.5951 	 	 0.4970 	 2.8866 	 0.2666
[2025/10/15 10:54:24] - 27 	 32.1 	 	 0.2000 	 4.1084 	 0.2666
[2025/10/15 10:54:24] - ==> Building model..
[2025/10/15 10:54:51] - Test Loss 	 Test Acc 	 PGD Loss 	 PGD Acc
[2025/10/15 10:54:51] - 2.5929 	 	 0.4972 	 2.8862 	 0.2669
[2025/10/15 10:55:46] - 28 	 32.1 	 	 0.2000 	 4.1070 	 0.2664
[2025/10/15 10:55:46] - ==> Building model..
[2025/10/15 10:56:13] - Test Loss 	 Test Acc 	 PGD Loss 	 PGD Acc
[2025/10/15 10:56:13] - 2.5954 	 	 0.4978 	 2.8881 	 0.2656
[2025/10/15 10:57:07] - 29 	 31.4 	 	 0.2000 	 4.1048 	 0.2679
[2025/10/15 10:57:07] - ==> Building model..
[2025/10/15 10:57:33] - Test Loss 	 Test Acc 	 PGD Loss 	 PGD Acc
[2025/10/15 10:57:33] - 2.5880 	 	 0.4986 	 2.8830 	 0.2669
[2025/10/15 10:58:28] - 30 	 32.3 	 	 0.2000 	 4.1062 	 0.2645
[2025/10/15 10:58:28] - ==> Building model..
[2025/10/15 10:58:53] - Test Loss 	 Test Acc 	 PGD Loss 	 PGD Acc
[2025/10/15 10:58:53] - 2.5844 	 	 0.5010 	 2.8804 	 0.2696
[2025/10/15 10:59:44] - 31 	 27.7 	 	 0.2000 	 4.1035 	 0.2685
[2025/10/15 10:59:44] - ==> Building model..
[2025/10/15 11:00:10] - Test Loss 	 Test Acc 	 PGD Loss 	 PGD Acc
[2025/10/15 11:00:10] - 2.5791 	 	 0.5023 	 2.8761 	 0.2707
[2025/10/15 11:01:06] - 32 	 32.3 	 	 0.2000 	 4.1020 	 0.2671
[2025/10/15 11:01:06] - ==> Building model..
[2025/10/15 11:01:32] - Test Loss 	 Test Acc 	 PGD Loss 	 PGD Acc
[2025/10/15 11:01:32] - 2.5782 	 	 0.5023 	 2.8750 	 0.2719
[2025/10/15 11:02:29] - 33 	 33.1 	 	 0.2000 	 4.1023 	 0.2670
[2025/10/15 11:02:29] - ==> Building model..
[2025/10/15 11:02:54] - Test Loss 	 Test Acc 	 PGD Loss 	 PGD Acc
[2025/10/15 11:02:54] - 2.5754 	 	 0.5015 	 2.8711 	 0.2715
[2025/10/15 11:03:48] - 34 	 31.9 	 	 0.2000 	 4.1012 	 0.2677
[2025/10/15 11:03:48] - ==> Building model..
[2025/10/15 11:04:15] - Test Loss 	 Test Acc 	 PGD Loss 	 PGD Acc
[2025/10/15 11:04:15] - 2.5708 	 	 0.5013 	 2.8678 	 0.2719
[2025/10/15 11:05:08] - 35 	 31.1 	 	 0.2000 	 4.0979 	 0.2742
[2025/10/15 11:05:08] - ==> Building model..
[2025/10/15 11:05:35] - Test Loss 	 Test Acc 	 PGD Loss 	 PGD Acc
[2025/10/15 11:05:35] - 2.5654 	 	 0.5030 	 2.8638 	 0.2724
[2025/10/15 11:06:29] - 36 	 32.0 	 	 0.2000 	 4.0977 	 0.2703
[2025/10/15 11:06:29] - ==> Building model..
[2025/10/15 11:06:55] - Test Loss 	 Test Acc 	 PGD Loss 	 PGD Acc
[2025/10/15 11:06:55] - 2.5614 	 	 0.5066 	 2.8621 	 0.2740
[2025/10/15 11:07:49] - 37 	 32.1 	 	 0.2000 	 4.0971 	 0.2714
[2025/10/15 11:07:49] - ==> Building model..
[2025/10/15 11:08:15] - Test Loss 	 Test Acc 	 PGD Loss 	 PGD Acc
[2025/10/15 11:08:15] - 2.5600 	 	 0.5066 	 2.8613 	 0.2747
[2025/10/15 11:09:07] - 38 	 30.3 	 	 0.2000 	 4.0948 	 0.2717
[2025/10/15 11:09:07] - ==> Building model..
[2025/10/15 11:09:28] - Test Loss 	 Test Acc 	 PGD Loss 	 PGD Acc
[2025/10/15 11:09:28] - 2.5575 	 	 0.5083 	 2.8587 	 0.2754
[2025/10/15 11:10:23] - 39 	 31.9 	 	 0.2000 	 4.0959 	 0.2720
[2025/10/15 11:10:23] - ==> Building model..
[2025/10/15 11:10:47] - Test Loss 	 Test Acc 	 PGD Loss 	 PGD Acc
[2025/10/15 11:10:47] - 2.5589 	 	 0.5078 	 2.8598 	 0.2748
[2025/10/15 11:11:40] - 40 	 31.6 	 	 0.2000 	 4.0940 	 0.2748
[2025/10/15 11:11:40] - ==> Building model..
[2025/10/15 11:12:05] - Test Loss 	 Test Acc 	 PGD Loss 	 PGD Acc
[2025/10/15 11:12:05] - 2.5610 	 	 0.5077 	 2.8614 	 0.2759
[2025/10/15 11:12:59] - 41 	 32.1 	 	 0.2000 	 4.0958 	 0.2722
[2025/10/15 11:12:59] - ==> Building model..
[2025/10/15 11:13:25] - Test Loss 	 Test Acc 	 PGD Loss 	 PGD Acc
[2025/10/15 11:13:25] - 2.5579 	 	 0.5095 	 2.8597 	 0.2769
[2025/10/15 11:14:18] - 42 	 31.5 	 	 0.2000 	 4.0953 	 0.2722
[2025/10/15 11:14:18] - ==> Building model..
[2025/10/15 11:14:43] - Test Loss 	 Test Acc 	 PGD Loss 	 PGD Acc
[2025/10/15 11:14:43] - 2.5573 	 	 0.5107 	 2.8593 	 0.2795
[2025/10/15 11:15:36] - 43 	 31.6 	 	 0.2000 	 4.0936 	 0.2725
[2025/10/15 11:15:36] - ==> Building model..
[2025/10/15 11:16:01] - Test Loss 	 Test Acc 	 PGD Loss 	 PGD Acc
[2025/10/15 11:16:01] - 2.5565 	 	 0.5114 	 2.8585 	 0.2775
[2025/10/15 11:16:54] - 44 	 31.6 	 	 0.2000 	 4.0932 	 0.2735
[2025/10/15 11:16:54] - ==> Building model..
[2025/10/15 11:17:20] - Test Loss 	 Test Acc 	 PGD Loss 	 PGD Acc
[2025/10/15 11:17:20] - 2.5513 	 	 0.5130 	 2.8548 	 0.2785
[2025/10/15 11:18:13] - 45 	 32.1 	 	 0.2000 	 4.0905 	 0.2766
[2025/10/15 11:18:13] - ==> Building model..
[2025/10/15 11:18:39] - Test Loss 	 Test Acc 	 PGD Loss 	 PGD Acc
[2025/10/15 11:18:39] - 2.5491 	 	 0.5136 	 2.8535 	 0.2796
[2025/10/15 11:19:28] - 46 	 26.5 	 	 0.2000 	 4.0898 	 0.2746
[2025/10/15 11:19:28] - ==> Building model..
[2025/10/15 11:19:53] - Test Loss 	 Test Acc 	 PGD Loss 	 PGD Acc
[2025/10/15 11:19:53] - 2.5466 	 	 0.5144 	 2.8520 	 0.2797
[2025/10/15 11:20:47] - 47 	 32.5 	 	 0.2000 	 4.0914 	 0.2728
[2025/10/15 11:20:47] - ==> Building model..
[2025/10/15 11:21:13] - Test Loss 	 Test Acc 	 PGD Loss 	 PGD Acc
[2025/10/15 11:21:13] - 2.5451 	 	 0.5143 	 2.8510 	 0.2796
[2025/10/15 11:22:07] - 48 	 32.6 	 	 0.2000 	 4.0893 	 0.2765
[2025/10/15 11:22:07] - ==> Building model..
[2025/10/15 11:22:33] - Test Loss 	 Test Acc 	 PGD Loss 	 PGD Acc
[2025/10/15 11:22:33] - 2.5442 	 	 0.5152 	 2.8509 	 0.2803
[2025/10/15 11:23:27] - 49 	 32.2 	 	 0.2000 	 4.0875 	 0.2782
[2025/10/15 11:23:27] - ==> Building model..
[2025/10/15 11:23:53] - Test Loss 	 Test Acc 	 PGD Loss 	 PGD Acc
[2025/10/15 11:23:53] - 2.5448 	 	 0.5141 	 2.8508 	 0.2790
[2025/10/15 11:24:47] - 50 	 32.5 	 	 0.2000 	 4.0892 	 0.2755
[2025/10/15 11:24:47] - ==> Building model..
[2025/10/15 11:25:12] - Test Loss 	 Test Acc 	 PGD Loss 	 PGD Acc
[2025/10/15 11:25:12] - 2.5459 	 	 0.5159 	 2.8521 	 0.2783
[2025/10/15 11:26:06] - 51 	 32.8 	 	 0.2000 	 4.0902 	 0.2741
[2025/10/15 11:26:06] - ==> Building model..
[2025/10/15 11:26:31] - Test Loss 	 Test Acc 	 PGD Loss 	 PGD Acc
[2025/10/15 11:26:31] - 2.5482 	 	 0.5151 	 2.8537 	 0.2786
[2025/10/15 11:27:26] - 52 	 33.1 	 	 0.2000 	 4.0901 	 0.2736
[2025/10/15 11:27:26] - ==> Building model..
[2025/10/15 11:27:51] - Test Loss 	 Test Acc 	 PGD Loss 	 PGD Acc
[2025/10/15 11:27:51] - 2.5484 	 	 0.5137 	 2.8547 	 0.2796
[2025/10/15 11:28:44] - 53 	 31.0 	 	 0.2000 	 4.0872 	 0.2774
[2025/10/15 11:28:44] - ==> Building model..
[2025/10/15 11:29:07] - Test Loss 	 Test Acc 	 PGD Loss 	 PGD Acc
[2025/10/15 11:29:07] - 2.5474 	 	 0.5134 	 2.8529 	 0.2790
[2025/10/15 11:29:59] - 54 	 30.4 	 	 0.2000 	 4.0904 	 0.2748
[2025/10/15 11:29:59] - ==> Building model..
[2025/10/15 11:30:24] - Test Loss 	 Test Acc 	 PGD Loss 	 PGD Acc
[2025/10/15 11:30:24] - 2.5469 	 	 0.5142 	 2.8526 	 0.2797
[2025/10/15 11:31:19] - 55 	 32.4 	 	 0.2000 	 4.0885 	 0.2767
[2025/10/15 11:31:19] - ==> Building model..
[2025/10/15 11:31:45] - Test Loss 	 Test Acc 	 PGD Loss 	 PGD Acc
[2025/10/15 11:31:45] - 2.5459 	 	 0.5148 	 2.8515 	 0.2804
[2025/10/15 11:32:38] - 56 	 32.5 	 	 0.2000 	 4.0898 	 0.2755
[2025/10/15 11:32:38] - ==> Building model..
[2025/10/15 11:33:04] - Test Loss 	 Test Acc 	 PGD Loss 	 PGD Acc
[2025/10/15 11:33:04] - 2.5496 	 	 0.5141 	 2.8548 	 0.2803
[2025/10/15 11:33:59] - 57 	 32.5 	 	 0.2000 	 4.0902 	 0.2762
[2025/10/15 11:33:59] - ==> Building model..
[2025/10/15 11:34:24] - Test Loss 	 Test Acc 	 PGD Loss 	 PGD Acc
[2025/10/15 11:34:24] - 2.5513 	 	 0.5150 	 2.8564 	 0.2792
[2025/10/15 11:35:17] - 58 	 32.0 	 	 0.2000 	 4.0891 	 0.2775
[2025/10/15 11:35:17] - ==> Building model..
[2025/10/15 11:35:43] - Test Loss 	 Test Acc 	 PGD Loss 	 PGD Acc
[2025/10/15 11:35:43] - 2.5530 	 	 0.5140 	 2.8572 	 0.2802
[2025/10/15 11:36:35] - 59 	 31.5 	 	 0.2000 	 4.0898 	 0.2774
[2025/10/15 11:36:35] - ==> Building model..
[2025/10/15 11:37:01] - Test Loss 	 Test Acc 	 PGD Loss 	 PGD Acc
[2025/10/15 11:37:01] - 2.5529 	 	 0.5154 	 2.8571 	 0.2811
[2025/10/15 11:37:52] - 60 	 31.4 	 	 0.2000 	 4.0869 	 0.2792
[2025/10/15 11:37:52] - ==> Building model..
[2025/10/15 11:38:17] - Test Loss 	 Test Acc 	 PGD Loss 	 PGD Acc
[2025/10/15 11:38:17] - 2.5526 	 	 0.5156 	 2.8566 	 0.2797
[2025/10/15 11:39:05] - 61 	 26.1 	 	 0.2000 	 4.0898 	 0.2748
[2025/10/15 11:39:05] - ==> Building model..
[2025/10/15 11:39:30] - Test Loss 	 Test Acc 	 PGD Loss 	 PGD Acc
[2025/10/15 11:39:30] - 2.5547 	 	 0.5167 	 2.8576 	 0.2794
[2025/10/15 11:40:24] - 62 	 32.1 	 	 0.2000 	 4.0880 	 0.2789
[2025/10/15 11:40:24] - ==> Building model..
[2025/10/15 11:40:50] - Test Loss 	 Test Acc 	 PGD Loss 	 PGD Acc
[2025/10/15 11:40:50] - 2.5536 	 	 0.5157 	 2.8559 	 0.2815
[2025/10/15 11:41:45] - 63 	 32.1 	 	 0.2000 	 4.0900 	 0.2761
[2025/10/15 11:41:45] - ==> Building model..
[2025/10/15 11:42:11] - Test Loss 	 Test Acc 	 PGD Loss 	 PGD Acc
[2025/10/15 11:42:11] - 2.5541 	 	 0.5168 	 2.8560 	 0.2810
[2025/10/15 11:43:03] - 64 	 30.7 	 	 0.2000 	 4.0872 	 0.2800
[2025/10/15 11:43:03] - ==> Building model..
[2025/10/15 11:43:30] - Test Loss 	 Test Acc 	 PGD Loss 	 PGD Acc
[2025/10/15 11:43:30] - 2.5566 	 	 0.5167 	 2.8581 	 0.2804
[2025/10/15 11:44:23] - 65 	 31.7 	 	 0.2000 	 4.0879 	 0.2787
[2025/10/15 11:44:23] - ==> Building model..
[2025/10/15 11:44:48] - Test Loss 	 Test Acc 	 PGD Loss 	 PGD Acc
[2025/10/15 11:44:48] - 2.5606 	 	 0.5167 	 2.8606 	 0.2801
[2025/10/15 11:45:39] - 66 	 31.2 	 	 0.2000 	 4.0882 	 0.2785
[2025/10/15 11:45:39] - ==> Building model..
[2025/10/15 11:46:04] - Test Loss 	 Test Acc 	 PGD Loss 	 PGD Acc
[2025/10/15 11:46:04] - 2.5609 	 	 0.5171 	 2.8612 	 0.2811
[2025/10/15 11:46:57] - 67 	 32.0 	 	 0.2000 	 4.0882 	 0.2782
[2025/10/15 11:46:57] - ==> Building model..
[2025/10/15 11:47:23] - Test Loss 	 Test Acc 	 PGD Loss 	 PGD Acc
[2025/10/15 11:47:23] - 2.5598 	 	 0.5178 	 2.8600 	 0.2823
[2025/10/15 11:48:15] - 68 	 30.6 	 	 0.2000 	 4.0891 	 0.2778
[2025/10/15 11:48:15] - ==> Building model..
[2025/10/15 11:48:39] - Test Loss 	 Test Acc 	 PGD Loss 	 PGD Acc
[2025/10/15 11:48:39] - 2.5592 	 	 0.5177 	 2.8597 	 0.2827
[2025/10/15 11:49:28] - 69 	 28.3 	 	 0.2000 	 4.0898 	 0.2771
[2025/10/15 11:49:28] - ==> Building model..
[2025/10/15 11:49:53] - Test Loss 	 Test Acc 	 PGD Loss 	 PGD Acc
[2025/10/15 11:49:53] - 2.5600 	 	 0.5190 	 2.8606 	 0.2821
[2025/10/15 11:50:44] - 70 	 30.4 	 	 0.2000 	 4.0898 	 0.2780
[2025/10/15 11:50:44] - ==> Building model..
[2025/10/15 11:51:08] - Test Loss 	 Test Acc 	 PGD Loss 	 PGD Acc
[2025/10/15 11:51:08] - 2.5624 	 	 0.5177 	 2.8619 	 0.2810
[2025/10/15 11:52:00] - 71 	 31.7 	 	 0.2000 	 4.0894 	 0.2785
[2025/10/15 11:52:00] - ==> Building model..
[2025/10/15 11:52:24] - Test Loss 	 Test Acc 	 PGD Loss 	 PGD Acc
[2025/10/15 11:52:24] - 2.5651 	 	 0.5180 	 2.8640 	 0.2807
[2025/10/15 11:53:17] - 72 	 31.9 	 	 0.2000 	 4.0890 	 0.2763
[2025/10/15 11:53:17] - ==> Building model..
[2025/10/15 11:53:42] - Test Loss 	 Test Acc 	 PGD Loss 	 PGD Acc
[2025/10/15 11:53:42] - 2.5648 	 	 0.5186 	 2.8639 	 0.2800
[2025/10/15 11:54:33] - 73 	 31.4 	 	 0.2000 	 4.0888 	 0.2751
[2025/10/15 11:54:33] - ==> Building model..
[2025/10/15 11:54:59] - Test Loss 	 Test Acc 	 PGD Loss 	 PGD Acc
[2025/10/15 11:54:59] - 2.5665 	 	 0.5177 	 2.8647 	 0.2808
[2025/10/15 11:55:51] - 74 	 31.3 	 	 0.2000 	 4.0906 	 0.2792
[2025/10/15 11:55:51] - ==> Building model..
[2025/10/15 11:56:17] - Test Loss 	 Test Acc 	 PGD Loss 	 PGD Acc
[2025/10/15 11:56:17] - 2.5669 	 	 0.5182 	 2.8643 	 0.2800
[2025/10/15 11:57:09] - 75 	 31.1 	 	 0.2000 	 4.0894 	 0.2789
[2025/10/15 11:57:09] - ==> Building model..
[2025/10/15 11:57:34] - Test Loss 	 Test Acc 	 PGD Loss 	 PGD Acc
[2025/10/15 11:57:34] - 2.5668 	 	 0.5198 	 2.8647 	 0.2820
[2025/10/15 11:58:25] - 76 	 30.9 	 	 0.2000 	 4.0911 	 0.2785
[2025/10/15 11:58:25] - ==> Building model..
[2025/10/15 11:58:49] - Test Loss 	 Test Acc 	 PGD Loss 	 PGD Acc
[2025/10/15 11:58:49] - 2.5691 	 	 0.5183 	 2.8664 	 0.2801
[2025/10/15 11:59:33] - 77 	 24.3 	 	 0.2000 	 4.0898 	 0.2796
[2025/10/15 11:59:33] - ==> Building model..
[2025/10/15 11:59:58] - Test Loss 	 Test Acc 	 PGD Loss 	 PGD Acc
[2025/10/15 11:59:58] - 2.5695 	 	 0.5198 	 2.8666 	 0.2794
[2025/10/15 12:00:47] - 78 	 29.2 	 	 0.2000 	 4.0901 	 0.2778
[2025/10/15 12:00:47] - ==> Building model..
[2025/10/15 12:01:11] - Test Loss 	 Test Acc 	 PGD Loss 	 PGD Acc
[2025/10/15 12:01:11] - 2.5710 	 	 0.5192 	 2.8673 	 0.2799
[2025/10/15 12:02:01] - 79 	 30.1 	 	 0.2000 	 4.0894 	 0.2807
[2025/10/15 12:02:01] - ==> Building model..
[2025/10/15 12:02:26] - Test Loss 	 Test Acc 	 PGD Loss 	 PGD Acc
[2025/10/15 12:02:26] - 2.5716 	 	 0.5201 	 2.8673 	 0.2799
[2025/10/15 12:03:16] - 80 	 30.9 	 	 0.2000 	 4.0897 	 0.2777
[2025/10/15 12:03:16] - ==> Building model..
[2025/10/15 12:03:42] - Test Loss 	 Test Acc 	 PGD Loss 	 PGD Acc
[2025/10/15 12:03:42] - 2.5734 	 	 0.5193 	 2.8687 	 0.2806
[2025/10/15 12:04:34] - 81 	 31.2 	 	 0.2000 	 4.0902 	 0.2776
[2025/10/15 12:04:34] - ==> Building model..
[2025/10/15 12:04:58] - Test Loss 	 Test Acc 	 PGD Loss 	 PGD Acc
[2025/10/15 12:04:58] - 2.5749 	 	 0.5183 	 2.8700 	 0.2809
[2025/10/15 12:05:49] - 82 	 30.6 	 	 0.2000 	 4.0913 	 0.2779
[2025/10/15 12:05:49] - ==> Building model..
[2025/10/15 12:06:14] - Test Loss 	 Test Acc 	 PGD Loss 	 PGD Acc
[2025/10/15 12:06:14] - 2.5747 	 	 0.5186 	 2.8699 	 0.2829
[2025/10/15 12:07:06] - 83 	 31.0 	 	 0.2000 	 4.0888 	 0.2800
[2025/10/15 12:07:06] - ==> Building model..
[2025/10/15 12:07:30] - Test Loss 	 Test Acc 	 PGD Loss 	 PGD Acc
[2025/10/15 12:07:30] - 2.5763 	 	 0.5194 	 2.8716 	 0.2829
[2025/10/15 12:08:23] - 84 	 31.9 	 	 0.2000 	 4.0915 	 0.2784
[2025/10/15 12:08:23] - ==> Building model..
[2025/10/15 12:08:48] - Test Loss 	 Test Acc 	 PGD Loss 	 PGD Acc
[2025/10/15 12:08:48] - 2.5776 	 	 0.5181 	 2.8719 	 0.2836
[2025/10/15 12:09:39] - 85 	 29.6 	 	 0.2000 	 4.0914 	 0.2781
[2025/10/15 12:09:39] - ==> Building model..
[2025/10/15 12:09:59] - Test Loss 	 Test Acc 	 PGD Loss 	 PGD Acc
[2025/10/15 12:09:59] - 2.5804 	 	 0.5180 	 2.8742 	 0.2826
[2025/10/15 12:10:49] - 86 	 29.4 	 	 0.2000 	 4.0915 	 0.2799
[2025/10/15 12:10:49] - ==> Building model..
[2025/10/15 12:11:14] - Test Loss 	 Test Acc 	 PGD Loss 	 PGD Acc
[2025/10/15 12:11:14] - 2.5815 	 	 0.5184 	 2.8754 	 0.2847
[2025/10/15 12:12:07] - 87 	 32.5 	 	 0.2000 	 4.0906 	 0.2800
[2025/10/15 12:12:07] - ==> Building model..
[2025/10/15 12:12:33] - Test Loss 	 Test Acc 	 PGD Loss 	 PGD Acc
[2025/10/15 12:12:33] - 2.5825 	 	 0.5188 	 2.8760 	 0.2858
[2025/10/15 12:13:26] - 88 	 32.1 	 	 0.2000 	 4.0930 	 0.2777
[2025/10/15 12:13:26] - ==> Building model..
[2025/10/15 12:13:52] - Test Loss 	 Test Acc 	 PGD Loss 	 PGD Acc
[2025/10/15 12:13:52] - 2.5841 	 	 0.5186 	 2.8768 	 0.2845
[2025/10/15 12:14:44] - 89 	 31.5 	 	 0.2000 	 4.0904 	 0.2804
[2025/10/15 12:14:44] - ==> Building model..
[2025/10/15 12:15:09] - Test Loss 	 Test Acc 	 PGD Loss 	 PGD Acc
[2025/10/15 12:15:09] - 2.5851 	 	 0.5172 	 2.8772 	 0.2849
[2025/10/15 12:16:02] - 90 	 32.0 	 	 0.0200 	 3.9965 	 0.3427
[2025/10/15 12:16:02] - ==> Building model..
[2025/10/15 12:16:27] - Test Loss 	 Test Acc 	 PGD Loss 	 PGD Acc
[2025/10/15 12:16:27] - 2.5831 	 	 0.5185 	 2.8758 	 0.2846
[2025/10/15 12:17:20] - 91 	 31.7 	 	 0.0200 	 3.9036 	 0.4017
[2025/10/15 12:17:20] - ==> Building model..
[2025/10/15 12:17:45] - Test Loss 	 Test Acc 	 PGD Loss 	 PGD Acc
[2025/10/15 12:17:45] - 2.5820 	 	 0.5186 	 2.8745 	 0.2845
[2025/10/15 12:18:36] - 92 	 30.9 	 	 0.0200 	 3.8763 	 0.4209
[2025/10/15 12:18:36] - ==> Building model..
[2025/10/15 12:19:01] - Test Loss 	 Test Acc 	 PGD Loss 	 PGD Acc
[2025/10/15 12:19:01] - 2.5816 	 	 0.5190 	 2.8749 	 0.2854
[2025/10/15 12:19:50] - 93 	 28.0 	 	 0.0200 	 3.8600 	 0.4324
[2025/10/15 12:19:50] - ==> Building model..
[2025/10/15 12:20:12] - Test Loss 	 Test Acc 	 PGD Loss 	 PGD Acc
[2025/10/15 12:20:12] - 2.5824 	 	 0.5191 	 2.8761 	 0.2850
[2025/10/15 12:21:02] - 94 	 30.1 	 	 0.0200 	 3.8444 	 0.4422
[2025/10/15 12:21:02] - ==> Building model..
[2025/10/15 12:21:28] - Test Loss 	 Test Acc 	 PGD Loss 	 PGD Acc
[2025/10/15 12:21:28] - 2.5846 	 	 0.5194 	 2.8776 	 0.2857
[2025/10/15 12:22:19] - 95 	 30.7 	 	 0.0200 	 3.8319 	 0.4514
[2025/10/15 12:22:19] - ==> Building model..
[2025/10/15 12:22:44] - Test Loss 	 Test Acc 	 PGD Loss 	 PGD Acc
[2025/10/15 12:22:44] - 2.5872 	 	 0.5189 	 2.8800 	 0.2851
[2025/10/15 12:23:36] - 96 	 31.0 	 	 0.0200 	 3.8208 	 0.4595
[2025/10/15 12:23:36] - ==> Building model..
[2025/10/15 12:24:01] - Test Loss 	 Test Acc 	 PGD Loss 	 PGD Acc
[2025/10/15 12:24:01] - 2.5936 	 	 0.5192 	 2.8848 	 0.2856
[2025/10/15 12:24:52] - 97 	 30.7 	 	 0.0200 	 3.8126 	 0.4665
[2025/10/15 12:24:52] - ==> Building model..
[2025/10/15 12:25:17] - Test Loss 	 Test Acc 	 PGD Loss 	 PGD Acc
[2025/10/15 12:25:17] - 2.5982 	 	 0.5186 	 2.8887 	 0.2855
[2025/10/15 12:26:08] - 98 	 30.2 	 	 0.0200 	 3.8046 	 0.4737
[2025/10/15 12:26:08] - ==> Building model..
[2025/10/15 12:26:33] - Test Loss 	 Test Acc 	 PGD Loss 	 PGD Acc
[2025/10/15 12:26:33] - 2.6015 	 	 0.5184 	 2.8916 	 0.2854
[2025/10/15 12:27:23] - 99 	 30.5 	 	 0.0200 	 3.7975 	 0.4778
[2025/10/15 12:27:23] - ==> Building model..
[2025/10/15 12:27:49] - Test Loss 	 Test Acc 	 PGD Loss 	 PGD Acc
[2025/10/15 12:27:49] - 2.6027 	 	 0.5184 	 2.8925 	 0.2860
[2025/10/15 12:27:49] - [0.0864, 0.141, 0.1693, 0.2191, 0.256, 0.3041, 0.3466, 0.3846, 0.4014, 0.4145, 0.4266, 0.4393, 0.4453, 0.4534, 0.4587, 0.4647, 0.4688, 0.472, 0.4765, 0.4797, 0.4818, 0.4862, 0.4889, 0.4905, 0.4935, 0.4945, 0.497, 0.4972, 0.4978, 0.4986, 0.501, 0.5023, 0.5023, 0.5015, 0.5013, 0.503, 0.5066, 0.5066, 0.5083, 0.5078, 0.5077, 0.5095, 0.5107, 0.5114, 0.513, 0.5136, 0.5144, 0.5143, 0.5152, 0.5141, 0.5159, 0.5151, 0.5137, 0.5134, 0.5142, 0.5148, 0.5141, 0.515, 0.514, 0.5154, 0.5156, 0.5167, 0.5157, 0.5168, 0.5167, 0.5167, 0.5171, 0.5178, 0.5177, 0.519, 0.5177, 0.518, 0.5186, 0.5177, 0.5182, 0.5198, 0.5183, 0.5198, 0.5192, 0.5201, 0.5193, 0.5183, 0.5186, 0.5194, 0.5181, 0.518, 0.5184, 0.5188, 0.5186, 0.5172, 0.5185, 0.5186, 0.519, 0.5191, 0.5194, 0.5189, 0.5192, 0.5186, 0.5184, 0.5184]
[2025/10/15 12:27:49] - [0.0562, 0.0918, 0.1068, 0.1295, 0.1531, 0.1759, 0.1932, 0.2078, 0.2164, 0.2257, 0.2304, 0.2369, 0.2406, 0.2423, 0.2447, 0.2482, 0.2498, 0.2533, 0.2554, 0.2565, 0.2576, 0.2578, 0.2606, 0.2622, 0.2637, 0.2636, 0.2666, 0.2669, 0.2656, 0.2669, 0.2696, 0.2707, 0.2719, 0.2715, 0.2719, 0.2724, 0.274, 0.2747, 0.2754, 0.2748, 0.2759, 0.2769, 0.2795, 0.2775, 0.2785, 0.2796, 0.2797, 0.2796, 0.2803, 0.279, 0.2783, 0.2786, 0.2796, 0.279, 0.2797, 0.2804, 0.2803, 0.2792, 0.2802, 0.2811, 0.2797, 0.2794, 0.2815, 0.281, 0.2804, 0.2801, 0.2811, 0.2823, 0.2827, 0.2821, 0.281, 0.2807, 0.28, 0.2808, 0.28, 0.282, 0.2801, 0.2794, 0.2799, 0.2799, 0.2806, 0.2809, 0.2829, 0.2829, 0.2836, 0.2826, 0.2847, 0.2858, 0.2845, 0.2849, 0.2846, 0.2845, 0.2854, 0.285, 0.2857, 0.2851, 0.2856, 0.2855, 0.2854, 0.286]
