[2025/10/11 13:25:02] - Namespace(batch_size=128, data_dir='cifar-data', epochs=100, lr_schedule='multistep', lr_min=0.0, lr_max=0.2, weight_decay=0.0005, momentum=0.9, model='ResNet18', epsilon=8, alpha=8, delta_init='random', normal_mean=0, normal_std=1, out_dir='./output/CIFAR100_best/beta_0.2_lamscale_0.01_lamstart_50/run_3', seed=0, lamda=42, lam_scale=0.01, lam_start=50, gamma=0.05, inner_gamma=0.05, beta=0.2, mu=3.5, batch_m=0.75, early_stop=False, factor=0.5, length=4, n_holes=1, c_num=0.125, EMA_value=0.55)
[2025/10/11 13:25:04] - ==> Building model..
[2025/10/11 13:25:04] - Epoch 	 Seconds 	 LR 	 	 Train Loss 	 Train Acc
[2025/10/11 13:26:01] - 0 	 29.2 	 	 0.2000 	 4.5621 	 0.0410
[2025/10/11 13:26:01] - ==> Building model..
[2025/10/11 13:26:24] - Test Loss 	 Test Acc 	 PGD Loss 	 PGD Acc
[2025/10/11 13:26:24] - 4.2038 	 	 0.0947 	 4.2191 	 0.0609
[2025/10/11 13:27:18] - 1 	 27.6 	 	 0.2000 	 4.4562 	 0.0790
[2025/10/11 13:27:18] - ==> Building model..
[2025/10/11 13:27:41] - Test Loss 	 Test Acc 	 PGD Loss 	 PGD Acc
[2025/10/11 13:27:41] - 4.0290 	 	 0.1479 	 4.0591 	 0.0953
[2025/10/11 13:28:35] - 2 	 27.5 	 	 0.2000 	 4.4044 	 0.1051
[2025/10/11 13:28:35] - ==> Building model..
[2025/10/11 13:28:58] - Test Loss 	 Test Acc 	 PGD Loss 	 PGD Acc
[2025/10/11 13:28:58] - 3.8975 	 	 0.1884 	 3.9445 	 0.1147
[2025/10/11 13:29:54] - 3 	 28.2 	 	 0.2000 	 4.3584 	 0.1273
[2025/10/11 13:29:54] - ==> Building model..
[2025/10/11 13:30:16] - Test Loss 	 Test Acc 	 PGD Loss 	 PGD Acc
[2025/10/11 13:30:16] - 3.7134 	 	 0.2373 	 3.7855 	 0.1410
[2025/10/11 13:31:12] - 4 	 28.3 	 	 0.2000 	 4.3139 	 0.1495
[2025/10/11 13:31:12] - ==> Building model..
[2025/10/11 13:31:35] - Test Loss 	 Test Acc 	 PGD Loss 	 PGD Acc
[2025/10/11 13:31:35] - 3.5627 	 	 0.2751 	 3.6597 	 0.1602
[2025/10/11 13:32:30] - 5 	 28.1 	 	 0.2000 	 4.2774 	 0.1694
[2025/10/11 13:32:30] - ==> Building model..
[2025/10/11 13:32:53] - Test Loss 	 Test Acc 	 PGD Loss 	 PGD Acc
[2025/10/11 13:32:53] - 3.3958 	 	 0.3100 	 3.5172 	 0.1776
[2025/10/11 13:33:48] - 6 	 28.0 	 	 0.2000 	 4.2459 	 0.1873
[2025/10/11 13:33:48] - ==> Building model..
[2025/10/11 13:34:12] - Test Loss 	 Test Acc 	 PGD Loss 	 PGD Acc
[2025/10/11 13:34:12] - 3.2233 	 	 0.3452 	 3.3732 	 0.1936
[2025/10/11 13:35:07] - 7 	 28.4 	 	 0.2000 	 4.2249 	 0.1984
[2025/10/11 13:35:07] - ==> Building model..
[2025/10/11 13:35:29] - Test Loss 	 Test Acc 	 PGD Loss 	 PGD Acc
[2025/10/11 13:35:29] - 3.0787 	 	 0.3784 	 3.2556 	 0.2076
[2025/10/11 13:36:25] - 8 	 28.7 	 	 0.2000 	 4.2053 	 0.2076
[2025/10/11 13:36:25] - ==> Building model..
[2025/10/11 13:36:48] - Test Loss 	 Test Acc 	 PGD Loss 	 PGD Acc
[2025/10/11 13:36:48] - 2.9780 	 	 0.3991 	 3.1760 	 0.2154
[2025/10/11 13:37:44] - 9 	 28.9 	 	 0.2000 	 4.1893 	 0.2180
[2025/10/11 13:37:44] - ==> Building model..
[2025/10/11 13:38:07] - Test Loss 	 Test Acc 	 PGD Loss 	 PGD Acc
[2025/10/11 13:38:07] - 2.9216 	 	 0.4127 	 3.1333 	 0.2246
[2025/10/11 13:39:03] - 10 	 28.8 	 	 0.2000 	 4.1771 	 0.2245
[2025/10/11 13:39:03] - ==> Building model..
[2025/10/11 13:39:26] - Test Loss 	 Test Acc 	 PGD Loss 	 PGD Acc
[2025/10/11 13:39:26] - 2.8624 	 	 0.4247 	 3.0858 	 0.2315
[2025/10/11 13:40:22] - 11 	 28.8 	 	 0.2000 	 4.1702 	 0.2267
[2025/10/11 13:40:22] - ==> Building model..
[2025/10/11 13:40:45] - Test Loss 	 Test Acc 	 PGD Loss 	 PGD Acc
[2025/10/11 13:40:45] - 2.8187 	 	 0.4362 	 3.0507 	 0.2372
[2025/10/11 13:41:40] - 12 	 28.4 	 	 0.2000 	 4.1596 	 0.2354
[2025/10/11 13:41:40] - ==> Building model..
[2025/10/11 13:42:03] - Test Loss 	 Test Acc 	 PGD Loss 	 PGD Acc
[2025/10/11 13:42:03] - 2.7866 	 	 0.4472 	 3.0260 	 0.2403
[2025/10/11 13:42:59] - 13 	 28.3 	 	 0.2000 	 4.1560 	 0.2362
[2025/10/11 13:42:59] - ==> Building model..
[2025/10/11 13:43:22] - Test Loss 	 Test Acc 	 PGD Loss 	 PGD Acc
[2025/10/11 13:43:22] - 2.7674 	 	 0.4505 	 3.0119 	 0.2442
[2025/10/11 13:44:20] - 14 	 29.6 	 	 0.2000 	 4.1502 	 0.2404
[2025/10/11 13:44:20] - ==> Building model..
[2025/10/11 13:44:44] - Test Loss 	 Test Acc 	 PGD Loss 	 PGD Acc
[2025/10/11 13:44:44] - 2.7521 	 	 0.4558 	 3.0024 	 0.2478
[2025/10/11 13:45:40] - 15 	 28.7 	 	 0.2000 	 4.1425 	 0.2453
[2025/10/11 13:45:40] - ==> Building model..
[2025/10/11 13:46:03] - Test Loss 	 Test Acc 	 PGD Loss 	 PGD Acc
[2025/10/11 13:46:03] - 2.7294 	 	 0.4639 	 2.9849 	 0.2510
[2025/10/11 13:46:59] - 16 	 29.1 	 	 0.2000 	 4.1381 	 0.2481
[2025/10/11 13:46:59] - ==> Building model..
[2025/10/11 13:47:23] - Test Loss 	 Test Acc 	 PGD Loss 	 PGD Acc
[2025/10/11 13:47:23] - 2.7127 	 	 0.4664 	 2.9715 	 0.2533
[2025/10/11 13:48:18] - 17 	 29.0 	 	 0.2000 	 4.1363 	 0.2502
[2025/10/11 13:48:18] - ==> Building model..
[2025/10/11 13:48:43] - Test Loss 	 Test Acc 	 PGD Loss 	 PGD Acc
[2025/10/11 13:48:43] - 2.7005 	 	 0.4713 	 2.9636 	 0.2562
[2025/10/11 13:49:38] - 18 	 28.6 	 	 0.2000 	 4.1304 	 0.2511
[2025/10/11 13:49:38] - ==> Building model..
[2025/10/11 13:50:01] - Test Loss 	 Test Acc 	 PGD Loss 	 PGD Acc
[2025/10/11 13:50:01] - 2.6864 	 	 0.4754 	 2.9534 	 0.2565
[2025/10/11 13:50:57] - 19 	 28.7 	 	 0.2000 	 4.1272 	 0.2539
[2025/10/11 13:50:57] - ==> Building model..
[2025/10/11 13:51:21] - Test Loss 	 Test Acc 	 PGD Loss 	 PGD Acc
[2025/10/11 13:51:21] - 2.6743 	 	 0.4764 	 2.9434 	 0.2581
[2025/10/11 13:52:16] - 20 	 28.3 	 	 0.2000 	 4.1254 	 0.2548
[2025/10/11 13:52:16] - ==> Building model..
[2025/10/11 13:52:38] - Test Loss 	 Test Acc 	 PGD Loss 	 PGD Acc
[2025/10/11 13:52:38] - 2.6575 	 	 0.4799 	 2.9305 	 0.2589
[2025/10/11 13:53:33] - 21 	 28.4 	 	 0.2000 	 4.1215 	 0.2574
[2025/10/11 13:53:33] - ==> Building model..
[2025/10/11 13:53:56] - Test Loss 	 Test Acc 	 PGD Loss 	 PGD Acc
[2025/10/11 13:53:56] - 2.6503 	 	 0.4840 	 2.9261 	 0.2589
[2025/10/11 13:54:51] - 22 	 28.5 	 	 0.2000 	 4.1215 	 0.2568
[2025/10/11 13:54:51] - ==> Building model..
[2025/10/11 13:55:14] - Test Loss 	 Test Acc 	 PGD Loss 	 PGD Acc
[2025/10/11 13:55:14] - 2.6433 	 	 0.4870 	 2.9215 	 0.2615
[2025/10/11 13:56:09] - 23 	 28.4 	 	 0.2000 	 4.1197 	 0.2572
[2025/10/11 13:56:09] - ==> Building model..
[2025/10/11 13:56:31] - Test Loss 	 Test Acc 	 PGD Loss 	 PGD Acc
[2025/10/11 13:56:31] - 2.6379 	 	 0.4889 	 2.9170 	 0.2615
[2025/10/11 13:57:26] - 24 	 28.4 	 	 0.2000 	 4.1145 	 0.2607
[2025/10/11 13:57:26] - ==> Building model..
[2025/10/11 13:57:49] - Test Loss 	 Test Acc 	 PGD Loss 	 PGD Acc
[2025/10/11 13:57:49] - 2.6264 	 	 0.4889 	 2.9092 	 0.2642
[2025/10/11 13:58:44] - 25 	 28.4 	 	 0.2000 	 4.1144 	 0.2625
[2025/10/11 13:58:44] - ==> Building model..
[2025/10/11 13:59:07] - Test Loss 	 Test Acc 	 PGD Loss 	 PGD Acc
[2025/10/11 13:59:07] - 2.6190 	 	 0.4917 	 2.9038 	 0.2657
[2025/10/11 14:00:01] - 26 	 28.1 	 	 0.2000 	 4.1111 	 0.2625
[2025/10/11 14:00:01] - ==> Building model..
[2025/10/11 14:00:24] - Test Loss 	 Test Acc 	 PGD Loss 	 PGD Acc
[2025/10/11 14:00:24] - 2.6116 	 	 0.4935 	 2.8975 	 0.2667
[2025/10/11 14:01:19] - 27 	 27.9 	 	 0.2000 	 4.1106 	 0.2632
[2025/10/11 14:01:19] - ==> Building model..
[2025/10/11 14:01:42] - Test Loss 	 Test Acc 	 PGD Loss 	 PGD Acc
[2025/10/11 14:01:42] - 2.6075 	 	 0.4959 	 2.8953 	 0.2680
[2025/10/11 14:02:37] - 28 	 28.3 	 	 0.2000 	 4.1078 	 0.2637
[2025/10/11 14:02:37] - ==> Building model..
[2025/10/11 14:03:00] - Test Loss 	 Test Acc 	 PGD Loss 	 PGD Acc
[2025/10/11 14:03:00] - 2.6041 	 	 0.4964 	 2.8919 	 0.2697
[2025/10/11 14:03:55] - 29 	 28.3 	 	 0.2000 	 4.1065 	 0.2682
[2025/10/11 14:03:55] - ==> Building model..
[2025/10/11 14:04:18] - Test Loss 	 Test Acc 	 PGD Loss 	 PGD Acc
[2025/10/11 14:04:18] - 2.5945 	 	 0.4988 	 2.8846 	 0.2691
[2025/10/11 14:05:15] - 30 	 29.0 	 	 0.2000 	 4.1076 	 0.2660
[2025/10/11 14:05:15] - ==> Building model..
[2025/10/11 14:05:38] - Test Loss 	 Test Acc 	 PGD Loss 	 PGD Acc
[2025/10/11 14:05:38] - 2.5931 	 	 0.4972 	 2.8826 	 0.2683
[2025/10/11 14:06:34] - 31 	 29.3 	 	 0.2000 	 4.1057 	 0.2668
[2025/10/11 14:06:34] - ==> Building model..
[2025/10/11 14:06:57] - Test Loss 	 Test Acc 	 PGD Loss 	 PGD Acc
[2025/10/11 14:06:57] - 2.5884 	 	 0.5000 	 2.8780 	 0.2697
[2025/10/11 14:07:53] - 32 	 28.3 	 	 0.2000 	 4.1027 	 0.2681
[2025/10/11 14:07:53] - ==> Building model..
[2025/10/11 14:08:17] - Test Loss 	 Test Acc 	 PGD Loss 	 PGD Acc
[2025/10/11 14:08:17] - 2.5853 	 	 0.5005 	 2.8760 	 0.2720
[2025/10/11 14:09:13] - 33 	 29.3 	 	 0.2000 	 4.1032 	 0.2689
[2025/10/11 14:09:13] - ==> Building model..
[2025/10/11 14:09:36] - Test Loss 	 Test Acc 	 PGD Loss 	 PGD Acc
[2025/10/11 14:09:36] - 2.5810 	 	 0.5003 	 2.8724 	 0.2731
[2025/10/11 14:10:32] - 34 	 28.4 	 	 0.2000 	 4.1033 	 0.2674
[2025/10/11 14:10:32] - ==> Building model..
[2025/10/11 14:10:55] - Test Loss 	 Test Acc 	 PGD Loss 	 PGD Acc
[2025/10/11 14:10:55] - 2.5823 	 	 0.4987 	 2.8736 	 0.2739
[2025/10/11 14:11:50] - 35 	 28.7 	 	 0.2000 	 4.0992 	 0.2726
[2025/10/11 14:11:50] - ==> Building model..
[2025/10/11 14:12:13] - Test Loss 	 Test Acc 	 PGD Loss 	 PGD Acc
[2025/10/11 14:12:13] - 2.5805 	 	 0.5020 	 2.8735 	 0.2741
[2025/10/11 14:13:09] - 36 	 28.1 	 	 0.2000 	 4.1003 	 0.2704
[2025/10/11 14:13:09] - ==> Building model..
[2025/10/11 14:13:32] - Test Loss 	 Test Acc 	 PGD Loss 	 PGD Acc
[2025/10/11 14:13:32] - 2.5796 	 	 0.5027 	 2.8725 	 0.2739
[2025/10/11 14:14:26] - 37 	 28.4 	 	 0.2000 	 4.0991 	 0.2699
[2025/10/11 14:14:26] - ==> Building model..
[2025/10/11 14:14:49] - Test Loss 	 Test Acc 	 PGD Loss 	 PGD Acc
[2025/10/11 14:14:49] - 2.5779 	 	 0.5034 	 2.8725 	 0.2747
[2025/10/11 14:15:44] - 38 	 28.4 	 	 0.2000 	 4.0975 	 0.2713
[2025/10/11 14:15:44] - ==> Building model..
[2025/10/11 14:16:07] - Test Loss 	 Test Acc 	 PGD Loss 	 PGD Acc
[2025/10/11 14:16:07] - 2.5774 	 	 0.5050 	 2.8716 	 0.2757
[2025/10/11 14:17:05] - 39 	 29.0 	 	 0.2000 	 4.0979 	 0.2696
[2025/10/11 14:17:05] - ==> Building model..
[2025/10/11 14:17:28] - Test Loss 	 Test Acc 	 PGD Loss 	 PGD Acc
[2025/10/11 14:17:28] - 2.5749 	 	 0.5052 	 2.8693 	 0.2757
[2025/10/11 14:18:23] - 40 	 28.0 	 	 0.2000 	 4.0971 	 0.2721
[2025/10/11 14:18:23] - ==> Building model..
[2025/10/11 14:18:46] - Test Loss 	 Test Acc 	 PGD Loss 	 PGD Acc
[2025/10/11 14:18:46] - 2.5727 	 	 0.5052 	 2.8675 	 0.2778
[2025/10/11 14:19:41] - 41 	 27.9 	 	 0.2000 	 4.0983 	 0.2718
[2025/10/11 14:19:41] - ==> Building model..
[2025/10/11 14:20:04] - Test Loss 	 Test Acc 	 PGD Loss 	 PGD Acc
[2025/10/11 14:20:04] - 2.5721 	 	 0.5059 	 2.8666 	 0.2772
[2025/10/11 14:20:58] - 42 	 27.8 	 	 0.2000 	 4.0968 	 0.2697
[2025/10/11 14:20:58] - ==> Building model..
[2025/10/11 14:21:21] - Test Loss 	 Test Acc 	 PGD Loss 	 PGD Acc
[2025/10/11 14:21:21] - 2.5692 	 	 0.5067 	 2.8654 	 0.2775
[2025/10/11 14:22:16] - 43 	 28.4 	 	 0.2000 	 4.0958 	 0.2738
[2025/10/11 14:22:16] - ==> Building model..
[2025/10/11 14:22:39] - Test Loss 	 Test Acc 	 PGD Loss 	 PGD Acc
[2025/10/11 14:22:39] - 2.5705 	 	 0.5089 	 2.8666 	 0.2784
[2025/10/11 14:23:38] - 44 	 31.4 	 	 0.2000 	 4.0947 	 0.2721
[2025/10/11 14:23:38] - ==> Building model..
[2025/10/11 14:24:01] - Test Loss 	 Test Acc 	 PGD Loss 	 PGD Acc
[2025/10/11 14:24:01] - 2.5692 	 	 0.5097 	 2.8666 	 0.2805
[2025/10/11 14:24:56] - 45 	 27.8 	 	 0.2000 	 4.0945 	 0.2742
[2025/10/11 14:24:56] - ==> Building model..
[2025/10/11 14:25:18] - Test Loss 	 Test Acc 	 PGD Loss 	 PGD Acc
[2025/10/11 14:25:18] - 2.5706 	 	 0.5106 	 2.8671 	 0.2804
[2025/10/11 14:26:13] - 46 	 28.9 	 	 0.2000 	 4.0920 	 0.2740
[2025/10/11 14:26:13] - ==> Building model..
[2025/10/11 14:26:38] - Test Loss 	 Test Acc 	 PGD Loss 	 PGD Acc
[2025/10/11 14:26:38] - 2.5687 	 	 0.5121 	 2.8658 	 0.2800
[2025/10/11 14:27:33] - 47 	 28.0 	 	 0.2000 	 4.0943 	 0.2728
[2025/10/11 14:27:33] - ==> Building model..
[2025/10/11 14:27:56] - Test Loss 	 Test Acc 	 PGD Loss 	 PGD Acc
[2025/10/11 14:27:56] - 2.5691 	 	 0.5103 	 2.8659 	 0.2786
[2025/10/11 14:28:52] - 48 	 28.9 	 	 0.2000 	 4.0910 	 0.2762
[2025/10/11 14:28:52] - ==> Building model..
[2025/10/11 14:29:17] - Test Loss 	 Test Acc 	 PGD Loss 	 PGD Acc
[2025/10/11 14:29:17] - 2.5673 	 	 0.5111 	 2.8644 	 0.2791
[2025/10/11 14:30:16] - 49 	 31.5 	 	 0.2000 	 4.0906 	 0.2766
[2025/10/11 14:30:16] - ==> Building model..
[2025/10/11 14:30:41] - Test Loss 	 Test Acc 	 PGD Loss 	 PGD Acc
[2025/10/11 14:30:41] - 2.5657 	 	 0.5125 	 2.8641 	 0.2806
[2025/10/11 14:31:41] - 50 	 31.5 	 	 0.2000 	 4.0907 	 0.2749
[2025/10/11 14:31:41] - ==> Building model..
[2025/10/11 14:32:05] - Test Loss 	 Test Acc 	 PGD Loss 	 PGD Acc
[2025/10/11 14:32:05] - 2.5616 	 	 0.5141 	 2.8609 	 0.2813
[2025/10/11 14:33:03] - 51 	 29.8 	 	 0.2000 	 4.0918 	 0.2742
[2025/10/11 14:33:03] - ==> Building model..
[2025/10/11 14:33:26] - Test Loss 	 Test Acc 	 PGD Loss 	 PGD Acc
[2025/10/11 14:33:26] - 2.5612 	 	 0.5126 	 2.8603 	 0.2802
[2025/10/11 14:34:22] - 52 	 29.4 	 	 0.2000 	 4.0914 	 0.2758
[2025/10/11 14:34:22] - ==> Building model..
[2025/10/11 14:34:45] - Test Loss 	 Test Acc 	 PGD Loss 	 PGD Acc
[2025/10/11 14:34:45] - 2.5607 	 	 0.5133 	 2.8601 	 0.2790
[2025/10/11 14:35:45] - 53 	 31.8 	 	 0.2000 	 4.0899 	 0.2760
[2025/10/11 14:35:45] - ==> Building model..
[2025/10/11 14:36:09] - Test Loss 	 Test Acc 	 PGD Loss 	 PGD Acc
[2025/10/11 14:36:09] - 2.5614 	 	 0.5132 	 2.8598 	 0.2790
[2025/10/11 14:37:08] - 54 	 31.2 	 	 0.2000 	 4.0928 	 0.2745
[2025/10/11 14:37:08] - ==> Building model..
[2025/10/11 14:37:34] - Test Loss 	 Test Acc 	 PGD Loss 	 PGD Acc
[2025/10/11 14:37:34] - 2.5590 	 	 0.5130 	 2.8580 	 0.2800
[2025/10/11 14:38:32] - 55 	 30.0 	 	 0.2000 	 4.0894 	 0.2776
[2025/10/11 14:38:32] - ==> Building model..
[2025/10/11 14:38:57] - Test Loss 	 Test Acc 	 PGD Loss 	 PGD Acc
[2025/10/11 14:38:57] - 2.5564 	 	 0.5143 	 2.8563 	 0.2804
[2025/10/11 14:39:56] - 56 	 30.8 	 	 0.2000 	 4.0909 	 0.2744
[2025/10/11 14:39:56] - ==> Building model..
[2025/10/11 14:40:21] - Test Loss 	 Test Acc 	 PGD Loss 	 PGD Acc
[2025/10/11 14:40:21] - 2.5556 	 	 0.5145 	 2.8556 	 0.2807
[2025/10/11 14:41:21] - 57 	 31.5 	 	 0.2000 	 4.0892 	 0.2775
[2025/10/11 14:41:21] - ==> Building model..
[2025/10/11 14:41:46] - Test Loss 	 Test Acc 	 PGD Loss 	 PGD Acc
[2025/10/11 14:41:46] - 2.5547 	 	 0.5158 	 2.8548 	 0.2812
[2025/10/11 14:42:45] - 58 	 31.6 	 	 0.2000 	 4.0901 	 0.2772
[2025/10/11 14:42:45] - ==> Building model..
[2025/10/11 14:43:10] - Test Loss 	 Test Acc 	 PGD Loss 	 PGD Acc
[2025/10/11 14:43:10] - 2.5550 	 	 0.5156 	 2.8550 	 0.2812
[2025/10/11 14:44:08] - 59 	 31.0 	 	 0.2000 	 4.0903 	 0.2759
[2025/10/11 14:44:08] - ==> Building model..
[2025/10/11 14:44:33] - Test Loss 	 Test Acc 	 PGD Loss 	 PGD Acc
[2025/10/11 14:44:33] - 2.5540 	 	 0.5156 	 2.8540 	 0.2810
[2025/10/11 14:45:32] - 60 	 30.5 	 	 0.2000 	 4.0887 	 0.2799
[2025/10/11 14:45:32] - ==> Building model..
[2025/10/11 14:45:55] - Test Loss 	 Test Acc 	 PGD Loss 	 PGD Acc
[2025/10/11 14:45:55] - 2.5553 	 	 0.5158 	 2.8557 	 0.2800
[2025/10/11 14:46:53] - 61 	 30.5 	 	 0.2000 	 4.0890 	 0.2748
[2025/10/11 14:46:53] - ==> Building model..
[2025/10/11 14:47:18] - Test Loss 	 Test Acc 	 PGD Loss 	 PGD Acc
[2025/10/11 14:47:18] - 2.5547 	 	 0.5155 	 2.8551 	 0.2800
[2025/10/11 14:48:17] - 62 	 31.4 	 	 0.2000 	 4.0879 	 0.2792
[2025/10/11 14:48:17] - ==> Building model..
[2025/10/11 14:48:41] - Test Loss 	 Test Acc 	 PGD Loss 	 PGD Acc
[2025/10/11 14:48:41] - 2.5562 	 	 0.5151 	 2.8561 	 0.2796
[2025/10/11 14:49:38] - 63 	 30.3 	 	 0.2000 	 4.0910 	 0.2752
[2025/10/11 14:49:38] - ==> Building model..
[2025/10/11 14:50:03] - Test Loss 	 Test Acc 	 PGD Loss 	 PGD Acc
[2025/10/11 14:50:03] - 2.5562 	 	 0.5140 	 2.8562 	 0.2817
[2025/10/11 14:51:03] - 64 	 31.5 	 	 0.2000 	 4.0871 	 0.2787
[2025/10/11 14:51:03] - ==> Building model..
[2025/10/11 14:51:28] - Test Loss 	 Test Acc 	 PGD Loss 	 PGD Acc
[2025/10/11 14:51:28] - 2.5560 	 	 0.5156 	 2.8557 	 0.2808
[2025/10/11 14:52:20] - 65 	 27.7 	 	 0.2000 	 4.0870 	 0.2780
[2025/10/11 14:52:20] - ==> Building model..
[2025/10/11 14:52:43] - Test Loss 	 Test Acc 	 PGD Loss 	 PGD Acc
[2025/10/11 14:52:43] - 2.5582 	 	 0.5152 	 2.8580 	 0.2818
[2025/10/11 14:53:36] - 66 	 27.4 	 	 0.2000 	 4.0868 	 0.2780
[2025/10/11 14:53:36] - ==> Building model..
[2025/10/11 14:53:59] - Test Loss 	 Test Acc 	 PGD Loss 	 PGD Acc
[2025/10/11 14:53:59] - 2.5574 	 	 0.5149 	 2.8570 	 0.2813
[2025/10/11 14:54:54] - 67 	 28.5 	 	 0.2000 	 4.0885 	 0.2790
[2025/10/11 14:54:54] - ==> Building model..
[2025/10/11 14:55:17] - Test Loss 	 Test Acc 	 PGD Loss 	 PGD Acc
[2025/10/11 14:55:17] - 2.5573 	 	 0.5155 	 2.8572 	 0.2820
[2025/10/11 14:56:14] - 68 	 28.7 	 	 0.2000 	 4.0888 	 0.2780
[2025/10/11 14:56:14] - ==> Building model..
[2025/10/11 14:56:38] - Test Loss 	 Test Acc 	 PGD Loss 	 PGD Acc
[2025/10/11 14:56:38] - 2.5574 	 	 0.5161 	 2.8567 	 0.2829
[2025/10/11 14:57:39] - 69 	 31.9 	 	 0.2000 	 4.0889 	 0.2771
[2025/10/11 14:57:39] - ==> Building model..
[2025/10/11 14:58:03] - Test Loss 	 Test Acc 	 PGD Loss 	 PGD Acc
[2025/10/11 14:58:03] - 2.5586 	 	 0.5166 	 2.8570 	 0.2820
[2025/10/11 14:59:01] - 70 	 30.2 	 	 0.2000 	 4.0896 	 0.2779
[2025/10/11 14:59:01] - ==> Building model..
[2025/10/11 14:59:26] - Test Loss 	 Test Acc 	 PGD Loss 	 PGD Acc
[2025/10/11 14:59:26] - 2.5584 	 	 0.5177 	 2.8575 	 0.2822
[2025/10/11 15:00:25] - 71 	 31.1 	 	 0.2000 	 4.0886 	 0.2777
[2025/10/11 15:00:25] - ==> Building model..
[2025/10/11 15:00:49] - Test Loss 	 Test Acc 	 PGD Loss 	 PGD Acc
[2025/10/11 15:00:49] - 2.5599 	 	 0.5176 	 2.8585 	 0.2819
[2025/10/11 15:01:49] - 72 	 31.2 	 	 0.2000 	 4.0883 	 0.2755
[2025/10/11 15:01:49] - ==> Building model..
[2025/10/11 15:02:13] - Test Loss 	 Test Acc 	 PGD Loss 	 PGD Acc
[2025/10/11 15:02:13] - 2.5594 	 	 0.5182 	 2.8588 	 0.2826
[2025/10/11 15:03:13] - 73 	 31.2 	 	 0.2000 	 4.0877 	 0.2769
[2025/10/11 15:03:13] - ==> Building model..
[2025/10/11 15:03:38] - Test Loss 	 Test Acc 	 PGD Loss 	 PGD Acc
[2025/10/11 15:03:38] - 2.5604 	 	 0.5182 	 2.8593 	 0.2819
[2025/10/11 15:04:37] - 74 	 31.3 	 	 0.2000 	 4.0895 	 0.2780
[2025/10/11 15:04:37] - ==> Building model..
[2025/10/11 15:05:02] - Test Loss 	 Test Acc 	 PGD Loss 	 PGD Acc
[2025/10/11 15:05:02] - 2.5613 	 	 0.5177 	 2.8599 	 0.2831
[2025/10/11 15:05:59] - 75 	 29.3 	 	 0.2000 	 4.0882 	 0.2790
[2025/10/11 15:05:59] - ==> Building model..
[2025/10/11 15:06:23] - Test Loss 	 Test Acc 	 PGD Loss 	 PGD Acc
[2025/10/11 15:06:23] - 2.5612 	 	 0.5193 	 2.8601 	 0.2823
[2025/10/11 15:07:21] - 76 	 31.1 	 	 0.2000 	 4.0880 	 0.2793
[2025/10/11 15:07:21] - ==> Building model..
[2025/10/11 15:07:45] - Test Loss 	 Test Acc 	 PGD Loss 	 PGD Acc
[2025/10/11 15:07:45] - 2.5615 	 	 0.5190 	 2.8606 	 0.2815
[2025/10/11 15:08:46] - 77 	 31.6 	 	 0.2000 	 4.0874 	 0.2808
[2025/10/11 15:08:46] - ==> Building model..
[2025/10/11 15:09:11] - Test Loss 	 Test Acc 	 PGD Loss 	 PGD Acc
[2025/10/11 15:09:11] - 2.5622 	 	 0.5191 	 2.8612 	 0.2819
[2025/10/11 15:10:10] - 78 	 31.5 	 	 0.2000 	 4.0878 	 0.2780
[2025/10/11 15:10:10] - ==> Building model..
[2025/10/11 15:10:35] - Test Loss 	 Test Acc 	 PGD Loss 	 PGD Acc
[2025/10/11 15:10:35] - 2.5621 	 	 0.5194 	 2.8605 	 0.2818
[2025/10/11 15:11:32] - 79 	 30.2 	 	 0.2000 	 4.0878 	 0.2791
[2025/10/11 15:11:32] - ==> Building model..
[2025/10/11 15:11:55] - Test Loss 	 Test Acc 	 PGD Loss 	 PGD Acc
[2025/10/11 15:11:55] - 2.5625 	 	 0.5201 	 2.8608 	 0.2812
[2025/10/11 15:12:51] - 80 	 29.6 	 	 0.2000 	 4.0875 	 0.2784
[2025/10/11 15:12:51] - ==> Building model..
[2025/10/11 15:13:16] - Test Loss 	 Test Acc 	 PGD Loss 	 PGD Acc
[2025/10/11 15:13:16] - 2.5625 	 	 0.5207 	 2.8615 	 0.2827
[2025/10/11 15:14:14] - 81 	 30.2 	 	 0.2000 	 4.0870 	 0.2792
[2025/10/11 15:14:14] - ==> Building model..
[2025/10/11 15:14:38] - Test Loss 	 Test Acc 	 PGD Loss 	 PGD Acc
[2025/10/11 15:14:38] - 2.5614 	 	 0.5206 	 2.8603 	 0.2819
[2025/10/11 15:15:35] - 82 	 30.6 	 	 0.2000 	 4.0889 	 0.2804
[2025/10/11 15:15:35] - ==> Building model..
[2025/10/11 15:16:01] - Test Loss 	 Test Acc 	 PGD Loss 	 PGD Acc
[2025/10/11 15:16:01] - 2.5601 	 	 0.5198 	 2.8598 	 0.2830
[2025/10/11 15:16:59] - 83 	 30.8 	 	 0.2000 	 4.0856 	 0.2820
[2025/10/11 15:16:59] - ==> Building model..
[2025/10/11 15:17:24] - Test Loss 	 Test Acc 	 PGD Loss 	 PGD Acc
[2025/10/11 15:17:24] - 2.5605 	 	 0.5196 	 2.8596 	 0.2822
[2025/10/11 15:18:23] - 84 	 31.1 	 	 0.2000 	 4.0885 	 0.2788
[2025/10/11 15:18:23] - ==> Building model..
[2025/10/11 15:18:49] - Test Loss 	 Test Acc 	 PGD Loss 	 PGD Acc
[2025/10/11 15:18:49] - 2.5605 	 	 0.5195 	 2.8601 	 0.2835
[2025/10/11 15:19:47] - 85 	 31.2 	 	 0.2000 	 4.0893 	 0.2794
[2025/10/11 15:19:47] - ==> Building model..
[2025/10/11 15:20:12] - Test Loss 	 Test Acc 	 PGD Loss 	 PGD Acc
[2025/10/11 15:20:12] - 2.5620 	 	 0.5209 	 2.8609 	 0.2828
[2025/10/11 15:21:11] - 86 	 31.1 	 	 0.2000 	 4.0872 	 0.2790
[2025/10/11 15:21:11] - ==> Building model..
[2025/10/11 15:21:35] - Test Loss 	 Test Acc 	 PGD Loss 	 PGD Acc
[2025/10/11 15:21:35] - 2.5616 	 	 0.5217 	 2.8615 	 0.2828
[2025/10/11 15:22:33] - 87 	 30.2 	 	 0.2000 	 4.0873 	 0.2811
[2025/10/11 15:22:33] - ==> Building model..
[2025/10/11 15:22:58] - Test Loss 	 Test Acc 	 PGD Loss 	 PGD Acc
[2025/10/11 15:22:58] - 2.5612 	 	 0.5228 	 2.8612 	 0.2844
[2025/10/11 15:23:57] - 88 	 31.1 	 	 0.2000 	 4.0889 	 0.2769
[2025/10/11 15:23:57] - ==> Building model..
[2025/10/11 15:24:22] - Test Loss 	 Test Acc 	 PGD Loss 	 PGD Acc
[2025/10/11 15:24:22] - 2.5616 	 	 0.5236 	 2.8613 	 0.2844
[2025/10/11 15:25:21] - 89 	 30.6 	 	 0.2000 	 4.0880 	 0.2804
[2025/10/11 15:25:21] - ==> Building model..
[2025/10/11 15:25:46] - Test Loss 	 Test Acc 	 PGD Loss 	 PGD Acc
[2025/10/11 15:25:46] - 2.5630 	 	 0.5224 	 2.8614 	 0.2824
[2025/10/11 15:26:45] - 90 	 30.3 	 	 0.0200 	 3.9922 	 0.3408
[2025/10/11 15:26:45] - ==> Building model..
[2025/10/11 15:27:10] - Test Loss 	 Test Acc 	 PGD Loss 	 PGD Acc
[2025/10/11 15:27:10] - 2.5607 	 	 0.5230 	 2.8602 	 0.2838
[2025/10/11 15:28:06] - 91 	 29.0 	 	 0.0200 	 3.8983 	 0.4032
[2025/10/11 15:28:06] - ==> Building model..
[2025/10/11 15:28:34] - Test Loss 	 Test Acc 	 PGD Loss 	 PGD Acc
[2025/10/11 15:28:34] - 2.5594 	 	 0.5232 	 2.8591 	 0.2833
[2025/10/11 15:29:28] - 92 	 27.2 	 	 0.0200 	 3.8722 	 0.4188
[2025/10/11 15:29:28] - ==> Building model..
[2025/10/11 15:29:53] - Test Loss 	 Test Acc 	 PGD Loss 	 PGD Acc
[2025/10/11 15:29:53] - 2.5594 	 	 0.5232 	 2.8595 	 0.2842
[2025/10/11 15:30:54] - 93 	 33.1 	 	 0.0200 	 3.8546 	 0.4322
[2025/10/11 15:30:54] - ==> Building model..
[2025/10/11 15:31:20] - Test Loss 	 Test Acc 	 PGD Loss 	 PGD Acc
[2025/10/11 15:31:20] - 2.5604 	 	 0.5234 	 2.8607 	 0.2847
[2025/10/11 15:32:16] - 94 	 29.5 	 	 0.0200 	 3.8390 	 0.4439
[2025/10/11 15:32:16] - ==> Building model..
[2025/10/11 15:32:42] - Test Loss 	 Test Acc 	 PGD Loss 	 PGD Acc
[2025/10/11 15:32:42] - 2.5648 	 	 0.5232 	 2.8644 	 0.2842
[2025/10/11 15:33:43] - 95 	 32.2 	 	 0.0200 	 3.8280 	 0.4502
[2025/10/11 15:33:43] - ==> Building model..
[2025/10/11 15:34:09] - Test Loss 	 Test Acc 	 PGD Loss 	 PGD Acc
[2025/10/11 15:34:09] - 2.5697 	 	 0.5234 	 2.8687 	 0.2842
[2025/10/11 15:35:09] - 96 	 32.5 	 	 0.0200 	 3.8168 	 0.4604
[2025/10/11 15:35:09] - ==> Building model..
[2025/10/11 15:35:37] - Test Loss 	 Test Acc 	 PGD Loss 	 PGD Acc
[2025/10/11 15:35:37] - 2.5728 	 	 0.5232 	 2.8707 	 0.2841
[2025/10/11 15:36:38] - 97 	 32.4 	 	 0.0200 	 3.8082 	 0.4674
[2025/10/11 15:36:38] - ==> Building model..
[2025/10/11 15:37:06] - Test Loss 	 Test Acc 	 PGD Loss 	 PGD Acc
[2025/10/11 15:37:06] - 2.5766 	 	 0.5230 	 2.8745 	 0.2841
[2025/10/11 15:38:08] - 98 	 33.1 	 	 0.0200 	 3.7999 	 0.4726
[2025/10/11 15:38:08] - ==> Building model..
[2025/10/11 15:38:35] - Test Loss 	 Test Acc 	 PGD Loss 	 PGD Acc
[2025/10/11 15:38:35] - 2.5799 	 	 0.5229 	 2.8769 	 0.2844
[2025/10/11 15:39:33] - 99 	 30.9 	 	 0.0200 	 3.7926 	 0.4787
[2025/10/11 15:39:33] - ==> Building model..
[2025/10/11 15:39:58] - Test Loss 	 Test Acc 	 PGD Loss 	 PGD Acc
[2025/10/11 15:39:58] - 2.5836 	 	 0.5226 	 2.8801 	 0.2843
[2025/10/11 15:39:58] - [0.0947, 0.1479, 0.1884, 0.2373, 0.2751, 0.31, 0.3452, 0.3784, 0.3991, 0.4127, 0.4247, 0.4362, 0.4472, 0.4505, 0.4558, 0.4639, 0.4664, 0.4713, 0.4754, 0.4764, 0.4799, 0.484, 0.487, 0.4889, 0.4889, 0.4917, 0.4935, 0.4959, 0.4964, 0.4988, 0.4972, 0.5, 0.5005, 0.5003, 0.4987, 0.502, 0.5027, 0.5034, 0.505, 0.5052, 0.5052, 0.5059, 0.5067, 0.5089, 0.5097, 0.5106, 0.5121, 0.5103, 0.5111, 0.5125, 0.5141, 0.5126, 0.5133, 0.5132, 0.513, 0.5143, 0.5145, 0.5158, 0.5156, 0.5156, 0.5158, 0.5155, 0.5151, 0.514, 0.5156, 0.5152, 0.5149, 0.5155, 0.5161, 0.5166, 0.5177, 0.5176, 0.5182, 0.5182, 0.5177, 0.5193, 0.519, 0.5191, 0.5194, 0.5201, 0.5207, 0.5206, 0.5198, 0.5196, 0.5195, 0.5209, 0.5217, 0.5228, 0.5236, 0.5224, 0.523, 0.5232, 0.5232, 0.5234, 0.5232, 0.5234, 0.5232, 0.523, 0.5229, 0.5226]
[2025/10/11 15:39:58] - [0.0609, 0.0953, 0.1147, 0.141, 0.1602, 0.1776, 0.1936, 0.2076, 0.2154, 0.2246, 0.2315, 0.2372, 0.2403, 0.2442, 0.2478, 0.251, 0.2533, 0.2562, 0.2565, 0.2581, 0.2589, 0.2589, 0.2615, 0.2615, 0.2642, 0.2657, 0.2667, 0.268, 0.2697, 0.2691, 0.2683, 0.2697, 0.272, 0.2731, 0.2739, 0.2741, 0.2739, 0.2747, 0.2757, 0.2757, 0.2778, 0.2772, 0.2775, 0.2784, 0.2805, 0.2804, 0.28, 0.2786, 0.2791, 0.2806, 0.2813, 0.2802, 0.279, 0.279, 0.28, 0.2804, 0.2807, 0.2812, 0.2812, 0.281, 0.28, 0.28, 0.2796, 0.2817, 0.2808, 0.2818, 0.2813, 0.282, 0.2829, 0.282, 0.2822, 0.2819, 0.2826, 0.2819, 0.2831, 0.2823, 0.2815, 0.2819, 0.2818, 0.2812, 0.2827, 0.2819, 0.283, 0.2822, 0.2835, 0.2828, 0.2828, 0.2844, 0.2844, 0.2824, 0.2838, 0.2833, 0.2842, 0.2847, 0.2842, 0.2842, 0.2841, 0.2841, 0.2844, 0.2843]
