[2025/10/19 06:22:15] - Namespace(batch_size=128, data_dir='cifar-data', epochs=110, lr_schedule='multistep', lr_min=0.0, lr_max=0.2, weight_decay=0.0005, momentum=0.9, model='ResNet18', epsilon=8, alpha=8, delta_init='random', normal_mean=0, normal_std=1, out_dir='runs/beta_0.4/lam_44/lscale_0.1/seed_1', seed=1, lamda=44.0, lam_scale=0.1, lam_start=50, gamma=0.05, inner_gamma=0.05, beta=0.4, mu=3.5, batch_m=0.75, early_stop=False, factor=0.5, length=4, n_holes=1, c_num=0.125, EMA_value=0.55)
[2025/10/19 06:22:17] - ==> Building model..
[2025/10/19 06:22:17] - Epoch 	 Seconds 	 LR 	 	 Train Loss 	 Train Acc
[2025/10/19 06:23:10] - 0 	 28.8 	 	 0.2000 	 4.5706 	 0.0391
[2025/10/19 06:23:10] - ==> Building model..
[2025/10/19 06:23:34] - Test Loss 	 Test Acc 	 PGD Loss 	 PGD Acc
[2025/10/19 06:23:34] - 4.2276 	 	 0.0878 	 4.2410 	 0.0569
[2025/10/19 06:24:24] - 1 	 27.3 	 	 0.2000 	 4.4637 	 0.0747
[2025/10/19 06:24:24] - ==> Building model..
[2025/10/19 06:24:48] - Test Loss 	 Test Acc 	 PGD Loss 	 PGD Acc
[2025/10/19 06:24:48] - 4.0627 	 	 0.1359 	 4.0902 	 0.0896
[2025/10/19 06:25:38] - 2 	 26.3 	 	 0.2000 	 4.4073 	 0.1020
[2025/10/19 06:25:38] - ==> Building model..
[2025/10/19 06:26:03] - Test Loss 	 Test Acc 	 PGD Loss 	 PGD Acc
[2025/10/19 06:26:03] - 3.8758 	 	 0.1845 	 3.9230 	 0.1130
[2025/10/19 06:26:51] - 3 	 24.9 	 	 0.2000 	 4.3579 	 0.1280
[2025/10/19 06:26:51] - ==> Building model..
[2025/10/19 06:27:18] - Test Loss 	 Test Acc 	 PGD Loss 	 PGD Acc
[2025/10/19 06:27:18] - 3.7250 	 	 0.2310 	 3.7942 	 0.1371
[2025/10/19 06:28:08] - 4 	 26.7 	 	 0.2000 	 4.3169 	 0.1500
[2025/10/19 06:28:08] - ==> Building model..
[2025/10/19 06:28:34] - Test Loss 	 Test Acc 	 PGD Loss 	 PGD Acc
[2025/10/19 06:28:34] - 3.6355 	 	 0.2684 	 3.7222 	 0.1556
[2025/10/19 06:29:24] - 5 	 26.6 	 	 0.2000 	 4.2786 	 0.1673
[2025/10/19 06:29:24] - ==> Building model..
[2025/10/19 06:29:50] - Test Loss 	 Test Acc 	 PGD Loss 	 PGD Acc
[2025/10/19 06:29:50] - 3.4108 	 	 0.3122 	 3.5292 	 0.1797
[2025/10/19 06:30:37] - 6 	 23.9 	 	 0.2000 	 4.2484 	 0.1871
[2025/10/19 06:30:37] - ==> Building model..
[2025/10/19 06:31:03] - Test Loss 	 Test Acc 	 PGD Loss 	 PGD Acc
[2025/10/19 06:31:03] - 3.2305 	 	 0.3476 	 3.3788 	 0.1943
[2025/10/19 06:31:54] - 7 	 26.6 	 	 0.2000 	 4.2247 	 0.1990
[2025/10/19 06:31:54] - ==> Building model..
[2025/10/19 06:32:19] - Test Loss 	 Test Acc 	 PGD Loss 	 PGD Acc
[2025/10/19 06:32:19] - 3.1038 	 	 0.3776 	 3.2752 	 0.2016
[2025/10/19 06:33:10] - 8 	 26.9 	 	 0.2000 	 4.2077 	 0.2073
[2025/10/19 06:33:10] - ==> Building model..
[2025/10/19 06:33:36] - Test Loss 	 Test Acc 	 PGD Loss 	 PGD Acc
[2025/10/19 06:33:36] - 3.0009 	 	 0.3972 	 3.1918 	 0.2139
[2025/10/19 06:34:26] - 9 	 26.4 	 	 0.2000 	 4.1930 	 0.2145
[2025/10/19 06:34:26] - ==> Building model..
[2025/10/19 06:34:52] - Test Loss 	 Test Acc 	 PGD Loss 	 PGD Acc
[2025/10/19 06:34:52] - 2.9216 	 	 0.4145 	 3.1308 	 0.2228
[2025/10/19 06:35:44] - 10 	 27.6 	 	 0.2000 	 4.1826 	 0.2217
[2025/10/19 06:35:44] - ==> Building model..
[2025/10/19 06:36:10] - Test Loss 	 Test Acc 	 PGD Loss 	 PGD Acc
[2025/10/19 06:36:10] - 2.8736 	 	 0.4291 	 3.0938 	 0.2267
[2025/10/19 06:36:59] - 11 	 26.3 	 	 0.2000 	 4.1716 	 0.2274
[2025/10/19 06:36:59] - ==> Building model..
[2025/10/19 06:37:24] - Test Loss 	 Test Acc 	 PGD Loss 	 PGD Acc
[2025/10/19 06:37:24] - 2.8323 	 	 0.4382 	 3.0633 	 0.2323
[2025/10/19 06:38:16] - 12 	 27.3 	 	 0.2000 	 4.1633 	 0.2319
[2025/10/19 06:38:16] - ==> Building model..
[2025/10/19 06:38:42] - Test Loss 	 Test Acc 	 PGD Loss 	 PGD Acc
[2025/10/19 06:38:42] - 2.8054 	 	 0.4453 	 3.0426 	 0.2349
[2025/10/19 06:39:33] - 13 	 27.1 	 	 0.2000 	 4.1576 	 0.2337
[2025/10/19 06:39:33] - ==> Building model..
[2025/10/19 06:39:57] - Test Loss 	 Test Acc 	 PGD Loss 	 PGD Acc
[2025/10/19 06:39:57] - 2.7835 	 	 0.4498 	 3.0257 	 0.2382
[2025/10/19 06:40:49] - 14 	 27.3 	 	 0.2000 	 4.1512 	 0.2400
[2025/10/19 06:40:49] - ==> Building model..
[2025/10/19 06:41:14] - Test Loss 	 Test Acc 	 PGD Loss 	 PGD Acc
[2025/10/19 06:41:14] - 2.7580 	 	 0.4572 	 3.0069 	 0.2427
[2025/10/19 06:42:06] - 15 	 27.4 	 	 0.2000 	 4.1471 	 0.2428
[2025/10/19 06:42:06] - ==> Building model..
[2025/10/19 06:42:30] - Test Loss 	 Test Acc 	 PGD Loss 	 PGD Acc
[2025/10/19 06:42:30] - 2.7359 	 	 0.4642 	 2.9914 	 0.2451
[2025/10/19 06:43:21] - 16 	 26.4 	 	 0.2000 	 4.1414 	 0.2463
[2025/10/19 06:43:21] - ==> Building model..
[2025/10/19 06:43:45] - Test Loss 	 Test Acc 	 PGD Loss 	 PGD Acc
[2025/10/19 06:43:45] - 2.7165 	 	 0.4676 	 2.9766 	 0.2483
[2025/10/19 06:44:37] - 17 	 27.7 	 	 0.2000 	 4.1374 	 0.2507
[2025/10/19 06:44:37] - ==> Building model..
[2025/10/19 06:45:00] - Test Loss 	 Test Acc 	 PGD Loss 	 PGD Acc
[2025/10/19 06:45:00] - 2.7121 	 	 0.4682 	 2.9730 	 0.2493
[2025/10/19 06:45:53] - 18 	 27.7 	 	 0.2000 	 4.1365 	 0.2490
[2025/10/19 06:45:53] - ==> Building model..
[2025/10/19 06:46:16] - Test Loss 	 Test Acc 	 PGD Loss 	 PGD Acc
[2025/10/19 06:46:16] - 2.7007 	 	 0.4697 	 2.9658 	 0.2519
[2025/10/19 06:47:05] - 19 	 26.7 	 	 0.2000 	 4.1318 	 0.2519
[2025/10/19 06:47:05] - ==> Building model..
[2025/10/19 06:47:30] - Test Loss 	 Test Acc 	 PGD Loss 	 PGD Acc
[2025/10/19 06:47:30] - 2.6872 	 	 0.4762 	 2.9557 	 0.2554
[2025/10/19 06:48:21] - 20 	 27.7 	 	 0.2000 	 4.1270 	 0.2542
[2025/10/19 06:48:21] - ==> Building model..
[2025/10/19 06:48:45] - Test Loss 	 Test Acc 	 PGD Loss 	 PGD Acc
[2025/10/19 06:48:45] - 2.6703 	 	 0.4803 	 2.9432 	 0.2582
[2025/10/19 06:49:36] - 21 	 27.8 	 	 0.2000 	 4.1259 	 0.2551
[2025/10/19 06:49:36] - ==> Building model..
[2025/10/19 06:49:59] - Test Loss 	 Test Acc 	 PGD Loss 	 PGD Acc
[2025/10/19 06:49:59] - 2.6601 	 	 0.4818 	 2.9361 	 0.2587
[2025/10/19 06:50:50] - 22 	 27.4 	 	 0.2000 	 4.1201 	 0.2603
[2025/10/19 06:50:50] - ==> Building model..
[2025/10/19 06:51:14] - Test Loss 	 Test Acc 	 PGD Loss 	 PGD Acc
[2025/10/19 06:51:14] - 2.6470 	 	 0.4843 	 2.9253 	 0.2599
[2025/10/19 06:52:06] - 23 	 28.3 	 	 0.2000 	 4.1197 	 0.2607
[2025/10/19 06:52:06] - ==> Building model..
[2025/10/19 06:52:31] - Test Loss 	 Test Acc 	 PGD Loss 	 PGD Acc
[2025/10/19 06:52:31] - 2.6368 	 	 0.4860 	 2.9164 	 0.2606
[2025/10/19 06:53:23] - 24 	 28.4 	 	 0.2000 	 4.1181 	 0.2600
[2025/10/19 06:53:23] - ==> Building model..
[2025/10/19 06:53:46] - Test Loss 	 Test Acc 	 PGD Loss 	 PGD Acc
[2025/10/19 06:53:46] - 2.6291 	 	 0.4904 	 2.9113 	 0.2616
[2025/10/19 06:54:39] - 25 	 28.8 	 	 0.2000 	 4.1177 	 0.2603
[2025/10/19 06:54:39] - ==> Building model..
[2025/10/19 06:55:03] - Test Loss 	 Test Acc 	 PGD Loss 	 PGD Acc
[2025/10/19 06:55:03] - 2.6288 	 	 0.4913 	 2.9119 	 0.2626
[2025/10/19 06:55:55] - 26 	 28.9 	 	 0.2000 	 4.1140 	 0.2626
[2025/10/19 06:55:55] - ==> Building model..
[2025/10/19 06:56:19] - Test Loss 	 Test Acc 	 PGD Loss 	 PGD Acc
[2025/10/19 06:56:19] - 2.6227 	 	 0.4943 	 2.9077 	 0.2644
[2025/10/19 06:57:10] - 27 	 28.0 	 	 0.2000 	 4.1112 	 0.2623
[2025/10/19 06:57:10] - ==> Building model..
[2025/10/19 06:57:34] - Test Loss 	 Test Acc 	 PGD Loss 	 PGD Acc
[2025/10/19 06:57:34] - 2.6153 	 	 0.4961 	 2.9031 	 0.2646
[2025/10/19 06:58:27] - 28 	 29.3 	 	 0.2000 	 4.1126 	 0.2633
[2025/10/19 06:58:27] - ==> Building model..
[2025/10/19 06:58:49] - Test Loss 	 Test Acc 	 PGD Loss 	 PGD Acc
[2025/10/19 06:58:49] - 2.6098 	 	 0.4987 	 2.8978 	 0.2649
[2025/10/19 06:59:42] - 29 	 28.8 	 	 0.2000 	 4.1100 	 0.2654
[2025/10/19 06:59:42] - ==> Building model..
[2025/10/19 07:00:06] - Test Loss 	 Test Acc 	 PGD Loss 	 PGD Acc
[2025/10/19 07:00:06] - 2.6052 	 	 0.5005 	 2.8946 	 0.2659
[2025/10/19 07:00:59] - 30 	 29.2 	 	 0.2000 	 4.1082 	 0.2634
[2025/10/19 07:00:59] - ==> Building model..
[2025/10/19 07:01:23] - Test Loss 	 Test Acc 	 PGD Loss 	 PGD Acc
[2025/10/19 07:01:23] - 2.6019 	 	 0.5018 	 2.8919 	 0.2683
[2025/10/19 07:02:15] - 31 	 28.6 	 	 0.2000 	 4.1067 	 0.2673
[2025/10/19 07:02:15] - ==> Building model..
[2025/10/19 07:02:38] - Test Loss 	 Test Acc 	 PGD Loss 	 PGD Acc
[2025/10/19 07:02:38] - 2.6019 	 	 0.5010 	 2.8919 	 0.2691
[2025/10/19 07:03:30] - 32 	 28.3 	 	 0.2000 	 4.1056 	 0.2702
[2025/10/19 07:03:30] - ==> Building model..
[2025/10/19 07:03:54] - Test Loss 	 Test Acc 	 PGD Loss 	 PGD Acc
[2025/10/19 07:03:54] - 2.5968 	 	 0.5024 	 2.8882 	 0.2697
[2025/10/19 07:04:47] - 33 	 28.8 	 	 0.2000 	 4.1065 	 0.2672
[2025/10/19 07:04:47] - ==> Building model..
[2025/10/19 07:05:11] - Test Loss 	 Test Acc 	 PGD Loss 	 PGD Acc
[2025/10/19 07:05:11] - 2.5939 	 	 0.5015 	 2.8858 	 0.2718
[2025/10/19 07:06:02] - 34 	 28.3 	 	 0.2000 	 4.1031 	 0.2700
[2025/10/19 07:06:02] - ==> Building model..
[2025/10/19 07:06:25] - Test Loss 	 Test Acc 	 PGD Loss 	 PGD Acc
[2025/10/19 07:06:25] - 2.5899 	 	 0.5042 	 2.8833 	 0.2708
[2025/10/19 07:07:18] - 35 	 29.2 	 	 0.2000 	 4.1022 	 0.2709
[2025/10/19 07:07:18] - ==> Building model..
[2025/10/19 07:07:40] - Test Loss 	 Test Acc 	 PGD Loss 	 PGD Acc
[2025/10/19 07:07:40] - 2.5884 	 	 0.5041 	 2.8809 	 0.2718
[2025/10/19 07:08:31] - 36 	 28.2 	 	 0.2000 	 4.1036 	 0.2673
[2025/10/19 07:08:31] - ==> Building model..
[2025/10/19 07:08:55] - Test Loss 	 Test Acc 	 PGD Loss 	 PGD Acc
[2025/10/19 07:08:55] - 2.5871 	 	 0.5048 	 2.8799 	 0.2730
[2025/10/19 07:09:47] - 37 	 28.7 	 	 0.2000 	 4.1000 	 0.2705
[2025/10/19 07:09:47] - ==> Building model..
[2025/10/19 07:10:11] - Test Loss 	 Test Acc 	 PGD Loss 	 PGD Acc
[2025/10/19 07:10:11] - 2.5861 	 	 0.5041 	 2.8795 	 0.2716
[2025/10/19 07:11:04] - 38 	 28.6 	 	 0.2000 	 4.1016 	 0.2699
[2025/10/19 07:11:04] - ==> Building model..
[2025/10/19 07:11:28] - Test Loss 	 Test Acc 	 PGD Loss 	 PGD Acc
[2025/10/19 07:11:28] - 2.5899 	 	 0.5021 	 2.8812 	 0.2698
[2025/10/19 07:12:21] - 39 	 29.1 	 	 0.2000 	 4.1006 	 0.2697
[2025/10/19 07:12:21] - ==> Building model..
[2025/10/19 07:12:44] - Test Loss 	 Test Acc 	 PGD Loss 	 PGD Acc
[2025/10/19 07:12:44] - 2.5885 	 	 0.5025 	 2.8807 	 0.2717
[2025/10/19 07:13:37] - 40 	 28.9 	 	 0.2000 	 4.0987 	 0.2721
[2025/10/19 07:13:37] - ==> Building model..
[2025/10/19 07:14:01] - Test Loss 	 Test Acc 	 PGD Loss 	 PGD Acc
[2025/10/19 07:14:01] - 2.5814 	 	 0.5059 	 2.8761 	 0.2741
[2025/10/19 07:14:53] - 41 	 28.9 	 	 0.2000 	 4.0999 	 0.2687
[2025/10/19 07:14:53] - ==> Building model..
[2025/10/19 07:15:16] - Test Loss 	 Test Acc 	 PGD Loss 	 PGD Acc
[2025/10/19 07:15:16] - 2.5769 	 	 0.5084 	 2.8721 	 0.2746
[2025/10/19 07:16:05] - 42 	 26.8 	 	 0.2000 	 4.0983 	 0.2706
[2025/10/19 07:16:05] - ==> Building model..
[2025/10/19 07:16:29] - Test Loss 	 Test Acc 	 PGD Loss 	 PGD Acc
[2025/10/19 07:16:29] - 2.5743 	 	 0.5090 	 2.8705 	 0.2742
[2025/10/19 07:17:21] - 43 	 28.8 	 	 0.2000 	 4.0962 	 0.2741
[2025/10/19 07:17:21] - ==> Building model..
[2025/10/19 07:17:45] - Test Loss 	 Test Acc 	 PGD Loss 	 PGD Acc
[2025/10/19 07:17:45] - 2.5704 	 	 0.5096 	 2.8683 	 0.2747
[2025/10/19 07:18:37] - 44 	 28.6 	 	 0.2000 	 4.0962 	 0.2738
[2025/10/19 07:18:37] - ==> Building model..
[2025/10/19 07:19:00] - Test Loss 	 Test Acc 	 PGD Loss 	 PGD Acc
[2025/10/19 07:19:00] - 2.5695 	 	 0.5101 	 2.8675 	 0.2754
[2025/10/19 07:19:51] - 45 	 27.6 	 	 0.2000 	 4.0955 	 0.2736
[2025/10/19 07:19:51] - ==> Building model..
[2025/10/19 07:20:14] - Test Loss 	 Test Acc 	 PGD Loss 	 PGD Acc
[2025/10/19 07:20:14] - 2.5678 	 	 0.5105 	 2.8665 	 0.2765
[2025/10/19 07:21:08] - 46 	 29.3 	 	 0.2000 	 4.0946 	 0.2754
[2025/10/19 07:21:08] - ==> Building model..
[2025/10/19 07:21:31] - Test Loss 	 Test Acc 	 PGD Loss 	 PGD Acc
[2025/10/19 07:21:31] - 2.5674 	 	 0.5114 	 2.8664 	 0.2771
[2025/10/19 07:22:24] - 47 	 28.7 	 	 0.2000 	 4.0953 	 0.2757
[2025/10/19 07:22:24] - ==> Building model..
[2025/10/19 07:22:47] - Test Loss 	 Test Acc 	 PGD Loss 	 PGD Acc
[2025/10/19 07:22:47] - 2.5652 	 	 0.5111 	 2.8649 	 0.2771
[2025/10/19 07:23:38] - 48 	 28.1 	 	 0.2000 	 4.0920 	 0.2761
[2025/10/19 07:23:38] - ==> Building model..
[2025/10/19 07:24:02] - Test Loss 	 Test Acc 	 PGD Loss 	 PGD Acc
[2025/10/19 07:24:02] - 2.5633 	 	 0.5138 	 2.8638 	 0.2767
[2025/10/19 07:24:54] - 49 	 29.2 	 	 0.2000 	 4.0944 	 0.2745
[2025/10/19 07:24:54] - ==> Building model..
[2025/10/19 07:25:17] - Test Loss 	 Test Acc 	 PGD Loss 	 PGD Acc
[2025/10/19 07:25:17] - 2.5614 	 	 0.5115 	 2.8618 	 0.2776
[2025/10/19 07:26:10] - 50 	 29.0 	 	 0.2000 	 4.0913 	 0.2742
[2025/10/19 07:26:10] - ==> Building model..
[2025/10/19 07:26:34] - Test Loss 	 Test Acc 	 PGD Loss 	 PGD Acc
[2025/10/19 07:26:34] - 2.5593 	 	 0.5134 	 2.8594 	 0.2766
[2025/10/19 07:27:25] - 51 	 28.4 	 	 0.2000 	 4.0934 	 0.2734
[2025/10/19 07:27:25] - ==> Building model..
[2025/10/19 07:27:49] - Test Loss 	 Test Acc 	 PGD Loss 	 PGD Acc
[2025/10/19 07:27:49] - 2.5605 	 	 0.5147 	 2.8617 	 0.2772
[2025/10/19 07:28:40] - 52 	 28.2 	 	 0.2000 	 4.0950 	 0.2739
[2025/10/19 07:28:40] - ==> Building model..
[2025/10/19 07:29:04] - Test Loss 	 Test Acc 	 PGD Loss 	 PGD Acc
[2025/10/19 07:29:04] - 2.5606 	 	 0.5157 	 2.8618 	 0.2776
[2025/10/19 07:29:57] - 53 	 28.9 	 	 0.2000 	 4.0923 	 0.2734
[2025/10/19 07:29:57] - ==> Building model..
[2025/10/19 07:30:20] - Test Loss 	 Test Acc 	 PGD Loss 	 PGD Acc
[2025/10/19 07:30:20] - 2.5592 	 	 0.5156 	 2.8603 	 0.2781
[2025/10/19 07:31:13] - 54 	 28.8 	 	 0.2000 	 4.0917 	 0.2756
[2025/10/19 07:31:13] - ==> Building model..
[2025/10/19 07:31:37] - Test Loss 	 Test Acc 	 PGD Loss 	 PGD Acc
[2025/10/19 07:31:37] - 2.5601 	 	 0.5143 	 2.8602 	 0.2777
[2025/10/19 07:32:29] - 55 	 28.3 	 	 0.2000 	 4.0932 	 0.2769
[2025/10/19 07:32:29] - ==> Building model..
[2025/10/19 07:32:53] - Test Loss 	 Test Acc 	 PGD Loss 	 PGD Acc
[2025/10/19 07:32:53] - 2.5590 	 	 0.5161 	 2.8593 	 0.2782
[2025/10/19 07:33:45] - 56 	 28.6 	 	 0.2000 	 4.0956 	 0.2746
[2025/10/19 07:33:45] - ==> Building model..
[2025/10/19 07:34:09] - Test Loss 	 Test Acc 	 PGD Loss 	 PGD Acc
[2025/10/19 07:34:09] - 2.5632 	 	 0.5155 	 2.8624 	 0.2767
[2025/10/19 07:35:02] - 57 	 28.8 	 	 0.2000 	 4.0939 	 0.2751
[2025/10/19 07:35:02] - ==> Building model..
[2025/10/19 07:35:25] - Test Loss 	 Test Acc 	 PGD Loss 	 PGD Acc
[2025/10/19 07:35:25] - 2.5642 	 	 0.5161 	 2.8631 	 0.2783
[2025/10/19 07:36:17] - 58 	 29.0 	 	 0.2000 	 4.0946 	 0.2789
[2025/10/19 07:36:17] - ==> Building model..
[2025/10/19 07:36:41] - Test Loss 	 Test Acc 	 PGD Loss 	 PGD Acc
[2025/10/19 07:36:41] - 2.5656 	 	 0.5163 	 2.8640 	 0.2805
[2025/10/19 07:37:33] - 59 	 27.8 	 	 0.2000 	 4.0948 	 0.2752
[2025/10/19 07:37:33] - ==> Building model..
[2025/10/19 07:37:56] - Test Loss 	 Test Acc 	 PGD Loss 	 PGD Acc
[2025/10/19 07:37:56] - 2.5675 	 	 0.5169 	 2.8646 	 0.2797
[2025/10/19 07:38:48] - 60 	 28.6 	 	 0.2000 	 4.0955 	 0.2751
[2025/10/19 07:38:48] - ==> Building model..
[2025/10/19 07:39:12] - Test Loss 	 Test Acc 	 PGD Loss 	 PGD Acc
[2025/10/19 07:39:12] - 2.5699 	 	 0.5157 	 2.8666 	 0.2799
[2025/10/19 07:40:05] - 61 	 29.3 	 	 0.2000 	 4.0974 	 0.2751
[2025/10/19 07:40:05] - ==> Building model..
[2025/10/19 07:40:29] - Test Loss 	 Test Acc 	 PGD Loss 	 PGD Acc
[2025/10/19 07:40:29] - 2.5728 	 	 0.5155 	 2.8682 	 0.2811
[2025/10/19 07:41:21] - 62 	 28.6 	 	 0.2000 	 4.0978 	 0.2773
[2025/10/19 07:41:21] - ==> Building model..
[2025/10/19 07:41:45] - Test Loss 	 Test Acc 	 PGD Loss 	 PGD Acc
[2025/10/19 07:41:45] - 2.5763 	 	 0.5152 	 2.8709 	 0.2804
[2025/10/19 07:42:37] - 63 	 29.3 	 	 0.2000 	 4.0974 	 0.2758
[2025/10/19 07:42:37] - ==> Building model..
[2025/10/19 07:43:00] - Test Loss 	 Test Acc 	 PGD Loss 	 PGD Acc
[2025/10/19 07:43:00] - 2.5805 	 	 0.5160 	 2.8736 	 0.2816
[2025/10/19 07:43:52] - 64 	 28.6 	 	 0.2000 	 4.0973 	 0.2768
[2025/10/19 07:43:52] - ==> Building model..
[2025/10/19 07:44:16] - Test Loss 	 Test Acc 	 PGD Loss 	 PGD Acc
[2025/10/19 07:44:16] - 2.5832 	 	 0.5160 	 2.8754 	 0.2826
[2025/10/19 07:45:09] - 65 	 29.3 	 	 0.2000 	 4.0979 	 0.2759
[2025/10/19 07:45:09] - ==> Building model..
[2025/10/19 07:45:32] - Test Loss 	 Test Acc 	 PGD Loss 	 PGD Acc
[2025/10/19 07:45:32] - 2.5879 	 	 0.5165 	 2.8786 	 0.2817
[2025/10/19 07:46:26] - 66 	 29.2 	 	 0.2000 	 4.0953 	 0.2760
[2025/10/19 07:46:26] - ==> Building model..
[2025/10/19 07:46:49] - Test Loss 	 Test Acc 	 PGD Loss 	 PGD Acc
[2025/10/19 07:46:49] - 2.5895 	 	 0.5158 	 2.8794 	 0.2812
[2025/10/19 07:47:42] - 67 	 28.5 	 	 0.2000 	 4.0954 	 0.2753
[2025/10/19 07:47:42] - ==> Building model..
[2025/10/19 07:48:05] - Test Loss 	 Test Acc 	 PGD Loss 	 PGD Acc
[2025/10/19 07:48:05] - 2.5919 	 	 0.5160 	 2.8813 	 0.2804
[2025/10/19 07:49:01] - 68 	 30.2 	 	 0.2000 	 4.0941 	 0.2771
[2025/10/19 07:49:01] - ==> Building model..
[2025/10/19 07:49:25] - Test Loss 	 Test Acc 	 PGD Loss 	 PGD Acc
[2025/10/19 07:49:25] - 2.5931 	 	 0.5151 	 2.8825 	 0.2810
[2025/10/19 07:50:17] - 69 	 28.0 	 	 0.2000 	 4.0992 	 0.2734
[2025/10/19 07:50:17] - ==> Building model..
[2025/10/19 07:50:41] - Test Loss 	 Test Acc 	 PGD Loss 	 PGD Acc
[2025/10/19 07:50:41] - 2.5961 	 	 0.5136 	 2.8844 	 0.2806
[2025/10/19 07:51:33] - 70 	 28.2 	 	 0.2000 	 4.0941 	 0.2814
[2025/10/19 07:51:33] - ==> Building model..
[2025/10/19 07:51:57] - Test Loss 	 Test Acc 	 PGD Loss 	 PGD Acc
[2025/10/19 07:51:57] - 2.5972 	 	 0.5131 	 2.8850 	 0.2820
[2025/10/19 07:52:48] - 71 	 27.7 	 	 0.2000 	 4.0963 	 0.2763
[2025/10/19 07:52:48] - ==> Building model..
[2025/10/19 07:53:13] - Test Loss 	 Test Acc 	 PGD Loss 	 PGD Acc
[2025/10/19 07:53:13] - 2.6005 	 	 0.5125 	 2.8873 	 0.2817
[2025/10/19 07:54:03] - 72 	 27.1 	 	 0.2000 	 4.0951 	 0.2746
[2025/10/19 07:54:03] - ==> Building model..
[2025/10/19 07:54:27] - Test Loss 	 Test Acc 	 PGD Loss 	 PGD Acc
[2025/10/19 07:54:27] - 2.6014 	 	 0.5130 	 2.8878 	 0.2821
[2025/10/19 07:55:17] - 73 	 26.8 	 	 0.2000 	 4.0956 	 0.2768
[2025/10/19 07:55:17] - ==> Building model..
[2025/10/19 07:55:42] - Test Loss 	 Test Acc 	 PGD Loss 	 PGD Acc
[2025/10/19 07:55:42] - 2.6032 	 	 0.5118 	 2.8893 	 0.2819
[2025/10/19 07:56:30] - 74 	 26.0 	 	 0.2000 	 4.0937 	 0.2798
[2025/10/19 07:56:30] - ==> Building model..
[2025/10/19 07:56:55] - Test Loss 	 Test Acc 	 PGD Loss 	 PGD Acc
[2025/10/19 07:56:55] - 2.6032 	 	 0.5127 	 2.8898 	 0.2822
[2025/10/19 07:57:43] - 75 	 25.9 	 	 0.2000 	 4.0931 	 0.2814
[2025/10/19 07:57:43] - ==> Building model..
[2025/10/19 07:58:09] - Test Loss 	 Test Acc 	 PGD Loss 	 PGD Acc
[2025/10/19 07:58:09] - 2.6027 	 	 0.5125 	 2.8885 	 0.2810
[2025/10/19 07:58:57] - 76 	 25.6 	 	 0.2000 	 4.0947 	 0.2789
[2025/10/19 07:58:57] - ==> Building model..
[2025/10/19 07:59:23] - Test Loss 	 Test Acc 	 PGD Loss 	 PGD Acc
[2025/10/19 07:59:23] - 2.6031 	 	 0.5129 	 2.8895 	 0.2807
[2025/10/19 08:00:11] - 77 	 25.3 	 	 0.2000 	 4.0942 	 0.2806
[2025/10/19 08:00:11] - ==> Building model..
[2025/10/19 08:00:37] - Test Loss 	 Test Acc 	 PGD Loss 	 PGD Acc
[2025/10/19 08:00:37] - 2.6038 	 	 0.5125 	 2.8895 	 0.2810
[2025/10/19 08:01:25] - 78 	 25.2 	 	 0.2000 	 4.0934 	 0.2779
[2025/10/19 08:01:25] - ==> Building model..
[2025/10/19 08:01:51] - Test Loss 	 Test Acc 	 PGD Loss 	 PGD Acc
[2025/10/19 08:01:51] - 2.6058 	 	 0.5135 	 2.8915 	 0.2813
[2025/10/19 08:02:38] - 79 	 24.4 	 	 0.2000 	 4.0931 	 0.2777
[2025/10/19 08:02:38] - ==> Building model..
[2025/10/19 08:03:04] - Test Loss 	 Test Acc 	 PGD Loss 	 PGD Acc
[2025/10/19 08:03:04] - 2.6072 	 	 0.5128 	 2.8927 	 0.2820
[2025/10/19 08:03:53] - 80 	 25.3 	 	 0.2000 	 4.0945 	 0.2780
[2025/10/19 08:03:53] - ==> Building model..
[2025/10/19 08:04:18] - Test Loss 	 Test Acc 	 PGD Loss 	 PGD Acc
[2025/10/19 08:04:18] - 2.6088 	 	 0.5121 	 2.8940 	 0.2826
[2025/10/19 08:05:10] - 81 	 27.0 	 	 0.2000 	 4.0957 	 0.2778
[2025/10/19 08:05:10] - ==> Building model..
[2025/10/19 08:05:36] - Test Loss 	 Test Acc 	 PGD Loss 	 PGD Acc
[2025/10/19 08:05:36] - 2.6091 	 	 0.5118 	 2.8936 	 0.2828
[2025/10/19 08:06:27] - 82 	 26.3 	 	 0.2000 	 4.0927 	 0.2791
[2025/10/19 08:06:27] - ==> Building model..
[2025/10/19 08:06:52] - Test Loss 	 Test Acc 	 PGD Loss 	 PGD Acc
[2025/10/19 08:06:52] - 2.6085 	 	 0.5127 	 2.8935 	 0.2832
[2025/10/19 08:07:43] - 83 	 26.2 	 	 0.2000 	 4.0938 	 0.2794
[2025/10/19 08:07:43] - ==> Building model..
[2025/10/19 08:08:08] - Test Loss 	 Test Acc 	 PGD Loss 	 PGD Acc
[2025/10/19 08:08:08] - 2.6095 	 	 0.5134 	 2.8940 	 0.2829
[2025/10/19 08:08:58] - 84 	 26.3 	 	 0.2000 	 4.0939 	 0.2784
[2025/10/19 08:08:58] - ==> Building model..
[2025/10/19 08:09:24] - Test Loss 	 Test Acc 	 PGD Loss 	 PGD Acc
[2025/10/19 08:09:24] - 2.6098 	 	 0.5132 	 2.8940 	 0.2822
[2025/10/19 08:10:15] - 85 	 27.0 	 	 0.2000 	 4.0945 	 0.2757
[2025/10/19 08:10:15] - ==> Building model..
[2025/10/19 08:10:41] - Test Loss 	 Test Acc 	 PGD Loss 	 PGD Acc
[2025/10/19 08:10:41] - 2.6117 	 	 0.5136 	 2.8957 	 0.2816
[2025/10/19 08:11:32] - 86 	 26.7 	 	 0.2000 	 4.0935 	 0.2814
[2025/10/19 08:11:32] - ==> Building model..
[2025/10/19 08:11:58] - Test Loss 	 Test Acc 	 PGD Loss 	 PGD Acc
[2025/10/19 08:11:58] - 2.6116 	 	 0.5140 	 2.8958 	 0.2811
[2025/10/19 08:12:49] - 87 	 27.0 	 	 0.2000 	 4.0929 	 0.2792
[2025/10/19 08:12:49] - ==> Building model..
[2025/10/19 08:13:14] - Test Loss 	 Test Acc 	 PGD Loss 	 PGD Acc
[2025/10/19 08:13:14] - 2.6126 	 	 0.5144 	 2.8970 	 0.2816
[2025/10/19 08:14:05] - 88 	 26.4 	 	 0.2000 	 4.0946 	 0.2779
[2025/10/19 08:14:05] - ==> Building model..
[2025/10/19 08:14:30] - Test Loss 	 Test Acc 	 PGD Loss 	 PGD Acc
[2025/10/19 08:14:30] - 2.6161 	 	 0.5125 	 2.8990 	 0.2822
[2025/10/19 08:15:21] - 89 	 27.2 	 	 0.2000 	 4.0940 	 0.2778
[2025/10/19 08:15:21] - ==> Building model..
[2025/10/19 08:15:46] - Test Loss 	 Test Acc 	 PGD Loss 	 PGD Acc
[2025/10/19 08:15:46] - 2.6166 	 	 0.5127 	 2.8996 	 0.2807
[2025/10/19 08:16:36] - 90 	 26.6 	 	 0.2000 	 4.0935 	 0.2765
[2025/10/19 08:16:36] - ==> Building model..
[2025/10/19 08:17:00] - Test Loss 	 Test Acc 	 PGD Loss 	 PGD Acc
[2025/10/19 08:17:00] - 2.6164 	 	 0.5128 	 2.8992 	 0.2819
[2025/10/19 08:17:52] - 91 	 28.1 	 	 0.2000 	 4.0923 	 0.2803
[2025/10/19 08:17:52] - ==> Building model..
[2025/10/19 08:18:18] - Test Loss 	 Test Acc 	 PGD Loss 	 PGD Acc
[2025/10/19 08:18:18] - 2.6161 	 	 0.5141 	 2.8990 	 0.2836
[2025/10/19 08:19:08] - 92 	 26.9 	 	 0.2000 	 4.0937 	 0.2764
[2025/10/19 08:19:08] - ==> Building model..
[2025/10/19 08:19:33] - Test Loss 	 Test Acc 	 PGD Loss 	 PGD Acc
[2025/10/19 08:19:33] - 2.6163 	 	 0.5137 	 2.8992 	 0.2838
[2025/10/19 08:20:22] - 93 	 27.1 	 	 0.2000 	 4.0949 	 0.2776
[2025/10/19 08:20:22] - ==> Building model..
[2025/10/19 08:20:46] - Test Loss 	 Test Acc 	 PGD Loss 	 PGD Acc
[2025/10/19 08:20:46] - 2.6160 	 	 0.5139 	 2.8988 	 0.2839
[2025/10/19 08:21:37] - 94 	 27.3 	 	 0.0200 	 4.0012 	 0.3403
[2025/10/19 08:21:37] - ==> Building model..
[2025/10/19 08:22:02] - Test Loss 	 Test Acc 	 PGD Loss 	 PGD Acc
[2025/10/19 08:22:02] - 2.6141 	 	 0.5146 	 2.8978 	 0.2843
[2025/10/19 08:22:53] - 95 	 27.2 	 	 0.0200 	 3.9090 	 0.4024
[2025/10/19 08:22:53] - ==> Building model..
[2025/10/19 08:23:16] - Test Loss 	 Test Acc 	 PGD Loss 	 PGD Acc
[2025/10/19 08:23:16] - 2.6132 	 	 0.5148 	 2.8972 	 0.2843
[2025/10/19 08:24:07] - 96 	 27.3 	 	 0.0200 	 3.8829 	 0.4179
[2025/10/19 08:24:07] - ==> Building model..
[2025/10/19 08:24:30] - Test Loss 	 Test Acc 	 PGD Loss 	 PGD Acc
[2025/10/19 08:24:30] - 2.6132 	 	 0.5148 	 2.8968 	 0.2847
[2025/10/19 08:25:21] - 97 	 27.5 	 	 0.0200 	 3.8650 	 0.4287
[2025/10/19 08:25:21] - ==> Building model..
[2025/10/19 08:25:46] - Test Loss 	 Test Acc 	 PGD Loss 	 PGD Acc
[2025/10/19 08:25:46] - 2.6137 	 	 0.5149 	 2.8978 	 0.2850
[2025/10/19 08:26:36] - 98 	 27.0 	 	 0.0200 	 3.8524 	 0.4410
[2025/10/19 08:26:36] - ==> Building model..
[2025/10/19 08:27:00] - Test Loss 	 Test Acc 	 PGD Loss 	 PGD Acc
[2025/10/19 08:27:00] - 2.6150 	 	 0.5150 	 2.8988 	 0.2853
[2025/10/19 08:27:51] - 99 	 27.9 	 	 0.0020 	 3.8203 	 0.4647
[2025/10/19 08:27:51] - ==> Building model..
[2025/10/19 08:28:15] - Test Loss 	 Test Acc 	 PGD Loss 	 PGD Acc
[2025/10/19 08:28:15] - 2.6169 	 	 0.5148 	 2.9003 	 0.2852
[2025/10/19 08:29:06] - 100 	 27.8 	 	 0.0020 	 3.7920 	 0.4872
[2025/10/19 08:29:06] - ==> Building model..
[2025/10/19 08:29:30] - Test Loss 	 Test Acc 	 PGD Loss 	 PGD Acc
[2025/10/19 08:29:30] - 2.6173 	 	 0.5147 	 2.9011 	 0.2851
[2025/10/19 08:30:21] - 101 	 27.9 	 	 0.0020 	 3.7859 	 0.4919
[2025/10/19 08:30:21] - ==> Building model..
[2025/10/19 08:30:45] - Test Loss 	 Test Acc 	 PGD Loss 	 PGD Acc
[2025/10/19 08:30:45] - 2.6179 	 	 0.5147 	 2.9009 	 0.2853
[2025/10/19 08:31:37] - 102 	 28.0 	 	 0.0020 	 3.7791 	 0.4966
[2025/10/19 08:31:37] - ==> Building model..
[2025/10/19 08:32:01] - Test Loss 	 Test Acc 	 PGD Loss 	 PGD Acc
[2025/10/19 08:32:01] - 2.6184 	 	 0.5147 	 2.9014 	 0.2845
[2025/10/19 08:32:51] - 103 	 27.2 	 	 0.0020 	 3.7757 	 0.5001
[2025/10/19 08:32:51] - ==> Building model..
[2025/10/19 08:33:15] - Test Loss 	 Test Acc 	 PGD Loss 	 PGD Acc
[2025/10/19 08:33:15] - 2.6184 	 	 0.5147 	 2.9020 	 0.2851
[2025/10/19 08:34:04] - 104 	 26.8 	 	 0.0020 	 3.7714 	 0.5022
[2025/10/19 08:34:04] - ==> Building model..
[2025/10/19 08:34:28] - Test Loss 	 Test Acc 	 PGD Loss 	 PGD Acc
[2025/10/19 08:34:28] - 2.6184 	 	 0.5147 	 2.9018 	 0.2853
[2025/10/19 08:35:21] - 105 	 28.7 	 	 0.0020 	 3.7679 	 0.5067
[2025/10/19 08:35:21] - ==> Building model..
[2025/10/19 08:35:45] - Test Loss 	 Test Acc 	 PGD Loss 	 PGD Acc
[2025/10/19 08:35:45] - 2.6191 	 	 0.5144 	 2.9020 	 0.2854
[2025/10/19 08:36:38] - 106 	 27.8 	 	 0.0020 	 3.7635 	 0.5094
[2025/10/19 08:36:38] - ==> Building model..
[2025/10/19 08:37:02] - Test Loss 	 Test Acc 	 PGD Loss 	 PGD Acc
[2025/10/19 08:37:02] - 2.6191 	 	 0.5144 	 2.9022 	 0.2852
[2025/10/19 08:37:55] - 107 	 28.1 	 	 0.0020 	 3.7591 	 0.5116
[2025/10/19 08:37:55] - ==> Building model..
[2025/10/19 08:38:19] - Test Loss 	 Test Acc 	 PGD Loss 	 PGD Acc
[2025/10/19 08:38:19] - 2.6198 	 	 0.5147 	 2.9029 	 0.2849
[2025/10/19 08:39:11] - 108 	 28.4 	 	 0.0020 	 3.7560 	 0.5157
[2025/10/19 08:39:11] - ==> Building model..
[2025/10/19 08:39:35] - Test Loss 	 Test Acc 	 PGD Loss 	 PGD Acc
[2025/10/19 08:39:35] - 2.6198 	 	 0.5147 	 2.9027 	 0.2851
[2025/10/19 08:40:26] - 109 	 27.7 	 	 0.0020 	 3.7519 	 0.5186
[2025/10/19 08:40:26] - ==> Building model..
[2025/10/19 08:40:50] - Test Loss 	 Test Acc 	 PGD Loss 	 PGD Acc
[2025/10/19 08:40:50] - 2.6198 	 	 0.5147 	 2.9025 	 0.2850
[2025/10/19 08:40:50] - [0.0878, 0.1359, 0.1845, 0.231, 0.2684, 0.3122, 0.3476, 0.3776, 0.3972, 0.4145, 0.4291, 0.4382, 0.4453, 0.4498, 0.4572, 0.4642, 0.4676, 0.4682, 0.4697, 0.4762, 0.4803, 0.4818, 0.4843, 0.486, 0.4904, 0.4913, 0.4943, 0.4961, 0.4987, 0.5005, 0.5018, 0.501, 0.5024, 0.5015, 0.5042, 0.5041, 0.5048, 0.5041, 0.5021, 0.5025, 0.5059, 0.5084, 0.509, 0.5096, 0.5101, 0.5105, 0.5114, 0.5111, 0.5138, 0.5115, 0.5134, 0.5147, 0.5157, 0.5156, 0.5143, 0.5161, 0.5155, 0.5161, 0.5163, 0.5169, 0.5157, 0.5155, 0.5152, 0.516, 0.516, 0.5165, 0.5158, 0.516, 0.5151, 0.5136, 0.5131, 0.5125, 0.513, 0.5118, 0.5127, 0.5125, 0.5129, 0.5125, 0.5135, 0.5128, 0.5121, 0.5118, 0.5127, 0.5134, 0.5132, 0.5136, 0.514, 0.5144, 0.5125, 0.5127, 0.5128, 0.5141, 0.5137, 0.5139, 0.5146, 0.5148, 0.5148, 0.5149, 0.515, 0.5148, 0.5147, 0.5147, 0.5147, 0.5147, 0.5147, 0.5144, 0.5144, 0.5147, 0.5147, 0.5147]
[2025/10/19 08:40:50] - [0.0569, 0.0896, 0.113, 0.1371, 0.1556, 0.1797, 0.1943, 0.2016, 0.2139, 0.2228, 0.2267, 0.2323, 0.2349, 0.2382, 0.2427, 0.2451, 0.2483, 0.2493, 0.2519, 0.2554, 0.2582, 0.2587, 0.2599, 0.2606, 0.2616, 0.2626, 0.2644, 0.2646, 0.2649, 0.2659, 0.2683, 0.2691, 0.2697, 0.2718, 0.2708, 0.2718, 0.273, 0.2716, 0.2698, 0.2717, 0.2741, 0.2746, 0.2742, 0.2747, 0.2754, 0.2765, 0.2771, 0.2771, 0.2767, 0.2776, 0.2766, 0.2772, 0.2776, 0.2781, 0.2777, 0.2782, 0.2767, 0.2783, 0.2805, 0.2797, 0.2799, 0.2811, 0.2804, 0.2816, 0.2826, 0.2817, 0.2812, 0.2804, 0.281, 0.2806, 0.282, 0.2817, 0.2821, 0.2819, 0.2822, 0.281, 0.2807, 0.281, 0.2813, 0.282, 0.2826, 0.2828, 0.2832, 0.2829, 0.2822, 0.2816, 0.2811, 0.2816, 0.2822, 0.2807, 0.2819, 0.2836, 0.2838, 0.2839, 0.2843, 0.2843, 0.2847, 0.285, 0.2853, 0.2852, 0.2851, 0.2853, 0.2845, 0.2851, 0.2853, 0.2854, 0.2852, 0.2849, 0.2851, 0.285]
