[2025/10/21 00:47:07] - Namespace(batch_size=128, data_dir='cifar-data', epochs=110, lr_schedule='multistep', lr_min=0.0, lr_max=0.2, weight_decay=0.0005, momentum=0.9, model='ResNet18', epsilon=8, alpha=8, delta_init='random', normal_mean=0, normal_std=1, out_dir='runs/beta_0.6/lam_44/lscale_0.1/seed_1', seed=1, lamda=44.0, lam_scale=0.1, lam_start=50, gamma=0.05, inner_gamma=0.05, beta=0.6, mu=3.5, batch_m=0.75, early_stop=False, factor=0.5, length=4, n_holes=1, c_num=0.125, EMA_value=0.55)
[2025/10/21 00:47:09] - ==> Building model..
[2025/10/21 00:47:09] - Epoch 	 Seconds 	 LR 	 	 Train Loss 	 Train Acc
[2025/10/21 00:48:00] - 0 	 28.0 	 	 0.2000 	 4.5684 	 0.0408
[2025/10/21 00:48:00] - ==> Building model..
[2025/10/21 00:48:22] - Test Loss 	 Test Acc 	 PGD Loss 	 PGD Acc
[2025/10/21 00:48:22] - 4.2710 	 	 0.0840 	 4.2831 	 0.0550
[2025/10/21 00:49:11] - 1 	 27.2 	 	 0.2000 	 4.4636 	 0.0754
[2025/10/21 00:49:11] - ==> Building model..
[2025/10/21 00:49:35] - Test Loss 	 Test Acc 	 PGD Loss 	 PGD Acc
[2025/10/21 00:49:35] - 4.0059 	 	 0.1457 	 4.0367 	 0.0954
[2025/10/21 00:50:26] - 2 	 28.7 	 	 0.2000 	 4.4093 	 0.1008
[2025/10/21 00:50:26] - ==> Building model..
[2025/10/21 00:50:50] - Test Loss 	 Test Acc 	 PGD Loss 	 PGD Acc
[2025/10/21 00:50:50] - 3.8931 	 	 0.1790 	 3.9385 	 0.1121
[2025/10/21 00:51:40] - 3 	 27.8 	 	 0.2000 	 4.3611 	 0.1269
[2025/10/21 00:51:40] - ==> Building model..
[2025/10/21 00:52:05] - Test Loss 	 Test Acc 	 PGD Loss 	 PGD Acc
[2025/10/21 00:52:05] - 3.7861 	 	 0.2225 	 3.8497 	 0.1327
[2025/10/21 00:52:54] - 4 	 27.0 	 	 0.2000 	 4.3204 	 0.1481
[2025/10/21 00:52:54] - ==> Building model..
[2025/10/21 00:53:25] - Test Loss 	 Test Acc 	 PGD Loss 	 PGD Acc
[2025/10/21 00:53:25] - 3.6212 	 	 0.2664 	 3.7101 	 0.1579
[2025/10/21 00:54:34] - 5 	 48.7 	 	 0.2000 	 4.2827 	 0.1658
[2025/10/21 00:54:34] - ==> Building model..
[2025/10/21 00:55:12] - Test Loss 	 Test Acc 	 PGD Loss 	 PGD Acc
[2025/10/21 00:55:12] - 3.4027 	 	 0.3085 	 3.5221 	 0.1762
[2025/10/21 00:56:20] - 6 	 48.6 	 	 0.2000 	 4.2505 	 0.1857
[2025/10/21 00:56:20] - ==> Building model..
[2025/10/21 00:56:54] - Test Loss 	 Test Acc 	 PGD Loss 	 PGD Acc
[2025/10/21 00:56:54] - 3.2349 	 	 0.3439 	 3.3811 	 0.1919
[2025/10/21 00:57:46] - 7 	 27.7 	 	 0.2000 	 4.2249 	 0.1983
[2025/10/21 00:57:46] - ==> Building model..
[2025/10/21 00:58:12] - Test Loss 	 Test Acc 	 PGD Loss 	 PGD Acc
[2025/10/21 00:58:12] - 3.0884 	 	 0.3749 	 3.2618 	 0.2032
[2025/10/21 00:59:02] - 8 	 27.2 	 	 0.2000 	 4.2065 	 0.2079
[2025/10/21 00:59:02] - ==> Building model..
[2025/10/21 00:59:27] - Test Loss 	 Test Acc 	 PGD Loss 	 PGD Acc
[2025/10/21 00:59:27] - 2.9908 	 	 0.3964 	 3.1843 	 0.2175
[2025/10/21 01:00:13] - 9 	 25.2 	 	 0.2000 	 4.1914 	 0.2184
[2025/10/21 01:00:13] - ==> Building model..
[2025/10/21 01:00:38] - Test Loss 	 Test Acc 	 PGD Loss 	 PGD Acc
[2025/10/21 01:00:38] - 2.9187 	 	 0.4139 	 3.1280 	 0.2236
[2025/10/21 01:01:25] - 10 	 25.5 	 	 0.2000 	 4.1808 	 0.2236
[2025/10/21 01:01:25] - ==> Building model..
[2025/10/21 01:01:51] - Test Loss 	 Test Acc 	 PGD Loss 	 PGD Acc
[2025/10/21 01:01:51] - 2.8646 	 	 0.4278 	 3.0865 	 0.2303
[2025/10/21 01:02:39] - 11 	 25.3 	 	 0.2000 	 4.1696 	 0.2301
[2025/10/21 01:02:39] - ==> Building model..
[2025/10/21 01:03:05] - Test Loss 	 Test Acc 	 PGD Loss 	 PGD Acc
[2025/10/21 01:03:05] - 2.8282 	 	 0.4363 	 3.0595 	 0.2358
[2025/10/21 01:03:51] - 12 	 24.8 	 	 0.2000 	 4.1616 	 0.2348
[2025/10/21 01:03:51] - ==> Building model..
[2025/10/21 01:04:17] - Test Loss 	 Test Acc 	 PGD Loss 	 PGD Acc
[2025/10/21 01:04:17] - 2.8010 	 	 0.4435 	 3.0380 	 0.2385
[2025/10/21 01:05:08] - 13 	 26.9 	 	 0.2000 	 4.1553 	 0.2367
[2025/10/21 01:05:08] - ==> Building model..
[2025/10/21 01:05:33] - Test Loss 	 Test Acc 	 PGD Loss 	 PGD Acc
[2025/10/21 01:05:33] - 2.7774 	 	 0.4471 	 3.0194 	 0.2407
[2025/10/21 01:06:23] - 14 	 26.7 	 	 0.2000 	 4.1492 	 0.2400
[2025/10/21 01:06:23] - ==> Building model..
[2025/10/21 01:06:48] - Test Loss 	 Test Acc 	 PGD Loss 	 PGD Acc
[2025/10/21 01:06:48] - 2.7503 	 	 0.4582 	 2.9996 	 0.2446
[2025/10/21 01:07:38] - 15 	 26.7 	 	 0.2000 	 4.1455 	 0.2436
[2025/10/21 01:07:38] - ==> Building model..
[2025/10/21 01:08:02] - Test Loss 	 Test Acc 	 PGD Loss 	 PGD Acc
[2025/10/21 01:08:02] - 2.7325 	 	 0.4624 	 2.9865 	 0.2463
[2025/10/21 01:08:51] - 16 	 27.1 	 	 0.2000 	 4.1398 	 0.2462
[2025/10/21 01:08:51] - ==> Building model..
[2025/10/21 01:09:16] - Test Loss 	 Test Acc 	 PGD Loss 	 PGD Acc
[2025/10/21 01:09:16] - 2.7170 	 	 0.4676 	 2.9763 	 0.2504
[2025/10/21 01:10:07] - 17 	 28.1 	 	 0.2000 	 4.1353 	 0.2483
[2025/10/21 01:10:07] - ==> Building model..
[2025/10/21 01:10:31] - Test Loss 	 Test Acc 	 PGD Loss 	 PGD Acc
[2025/10/21 01:10:31] - 2.7014 	 	 0.4692 	 2.9638 	 0.2513
[2025/10/21 01:11:20] - 18 	 26.8 	 	 0.2000 	 4.1335 	 0.2510
[2025/10/21 01:11:20] - ==> Building model..
[2025/10/21 01:11:42] - Test Loss 	 Test Acc 	 PGD Loss 	 PGD Acc
[2025/10/21 01:11:42] - 2.6866 	 	 0.4716 	 2.9525 	 0.2527
[2025/10/21 01:12:33] - 19 	 28.1 	 	 0.2000 	 4.1292 	 0.2552
[2025/10/21 01:12:33] - ==> Building model..
[2025/10/21 01:12:56] - Test Loss 	 Test Acc 	 PGD Loss 	 PGD Acc
[2025/10/21 01:12:56] - 2.6732 	 	 0.4768 	 2.9425 	 0.2536
[2025/10/21 01:13:48] - 20 	 28.3 	 	 0.2000 	 4.1249 	 0.2554
[2025/10/21 01:13:48] - ==> Building model..
[2025/10/21 01:14:11] - Test Loss 	 Test Acc 	 PGD Loss 	 PGD Acc
[2025/10/21 01:14:11] - 2.6605 	 	 0.4806 	 2.9338 	 0.2564
[2025/10/21 01:15:03] - 21 	 28.6 	 	 0.2000 	 4.1230 	 0.2555
[2025/10/21 01:15:03] - ==> Building model..
[2025/10/21 01:15:27] - Test Loss 	 Test Acc 	 PGD Loss 	 PGD Acc
[2025/10/21 01:15:27] - 2.6464 	 	 0.4849 	 2.9238 	 0.2577
[2025/10/21 01:16:20] - 22 	 28.8 	 	 0.2000 	 4.1182 	 0.2605
[2025/10/21 01:16:20] - ==> Building model..
[2025/10/21 01:16:44] - Test Loss 	 Test Acc 	 PGD Loss 	 PGD Acc
[2025/10/21 01:16:44] - 2.6378 	 	 0.4864 	 2.9168 	 0.2597
[2025/10/21 01:17:34] - 23 	 28.6 	 	 0.2000 	 4.1180 	 0.2594
[2025/10/21 01:17:34] - ==> Building model..
[2025/10/21 01:17:58] - Test Loss 	 Test Acc 	 PGD Loss 	 PGD Acc
[2025/10/21 01:17:58] - 2.6291 	 	 0.4882 	 2.9102 	 0.2620
[2025/10/21 01:18:48] - 24 	 28.2 	 	 0.2000 	 4.1166 	 0.2609
[2025/10/21 01:18:48] - ==> Building model..
[2025/10/21 01:19:12] - Test Loss 	 Test Acc 	 PGD Loss 	 PGD Acc
[2025/10/21 01:19:12] - 2.6292 	 	 0.4895 	 2.9105 	 0.2630
[2025/10/21 01:20:03] - 25 	 28.3 	 	 0.2000 	 4.1149 	 0.2626
[2025/10/21 01:20:03] - ==> Building model..
[2025/10/21 01:20:26] - Test Loss 	 Test Acc 	 PGD Loss 	 PGD Acc
[2025/10/21 01:20:26] - 2.6223 	 	 0.4906 	 2.9060 	 0.2623
[2025/10/21 01:21:16] - 26 	 27.3 	 	 0.2000 	 4.1121 	 0.2645
[2025/10/21 01:21:16] - ==> Building model..
[2025/10/21 01:21:40] - Test Loss 	 Test Acc 	 PGD Loss 	 PGD Acc
[2025/10/21 01:21:40] - 2.6187 	 	 0.4940 	 2.9035 	 0.2663
[2025/10/21 01:22:33] - 27 	 29.1 	 	 0.2000 	 4.1087 	 0.2638
[2025/10/21 01:22:33] - ==> Building model..
[2025/10/21 01:22:56] - Test Loss 	 Test Acc 	 PGD Loss 	 PGD Acc
[2025/10/21 01:22:56] - 2.6137 	 	 0.4935 	 2.8992 	 0.2661
[2025/10/21 01:23:46] - 28 	 26.7 	 	 0.2000 	 4.1101 	 0.2627
[2025/10/21 01:23:46] - ==> Building model..
[2025/10/21 01:24:09] - Test Loss 	 Test Acc 	 PGD Loss 	 PGD Acc
[2025/10/21 01:24:09] - 2.6147 	 	 0.4944 	 2.9004 	 0.2661
[2025/10/21 01:25:02] - 29 	 29.0 	 	 0.2000 	 4.1084 	 0.2668
[2025/10/21 01:25:02] - ==> Building model..
[2025/10/21 01:25:26] - Test Loss 	 Test Acc 	 PGD Loss 	 PGD Acc
[2025/10/21 01:25:26] - 2.6115 	 	 0.4973 	 2.8987 	 0.2670
[2025/10/21 01:26:19] - 30 	 29.5 	 	 0.2000 	 4.1063 	 0.2656
[2025/10/21 01:26:19] - ==> Building model..
[2025/10/21 01:26:43] - Test Loss 	 Test Acc 	 PGD Loss 	 PGD Acc
[2025/10/21 01:26:43] - 2.6035 	 	 0.4988 	 2.8922 	 0.2675
[2025/10/21 01:27:35] - 31 	 28.6 	 	 0.2000 	 4.1045 	 0.2673
[2025/10/21 01:27:35] - ==> Building model..
[2025/10/21 01:27:58] - Test Loss 	 Test Acc 	 PGD Loss 	 PGD Acc
[2025/10/21 01:27:58] - 2.5982 	 	 0.4980 	 2.8872 	 0.2698
[2025/10/21 01:28:50] - 32 	 28.9 	 	 0.2000 	 4.1043 	 0.2684
[2025/10/21 01:28:50] - ==> Building model..
[2025/10/21 01:29:14] - Test Loss 	 Test Acc 	 PGD Loss 	 PGD Acc
[2025/10/21 01:29:14] - 2.5947 	 	 0.5010 	 2.8862 	 0.2699
[2025/10/21 01:30:04] - 33 	 28.5 	 	 0.2000 	 4.1034 	 0.2702
[2025/10/21 01:30:04] - ==> Building model..
[2025/10/21 01:30:28] - Test Loss 	 Test Acc 	 PGD Loss 	 PGD Acc
[2025/10/21 01:30:28] - 2.5894 	 	 0.5034 	 2.8822 	 0.2710
[2025/10/21 01:31:18] - 34 	 27.8 	 	 0.2000 	 4.1015 	 0.2707
[2025/10/21 01:31:18] - ==> Building model..
[2025/10/21 01:31:42] - Test Loss 	 Test Acc 	 PGD Loss 	 PGD Acc
[2025/10/21 01:31:42] - 2.5864 	 	 0.5051 	 2.8804 	 0.2715
[2025/10/21 01:32:33] - 35 	 28.3 	 	 0.2000 	 4.1007 	 0.2704
[2025/10/21 01:32:33] - ==> Building model..
[2025/10/21 01:32:57] - Test Loss 	 Test Acc 	 PGD Loss 	 PGD Acc
[2025/10/21 01:32:57] - 2.5861 	 	 0.5048 	 2.8789 	 0.2750
[2025/10/21 01:33:49] - 36 	 28.8 	 	 0.2000 	 4.1017 	 0.2694
[2025/10/21 01:33:49] - ==> Building model..
[2025/10/21 01:34:13] - Test Loss 	 Test Acc 	 PGD Loss 	 PGD Acc
[2025/10/21 01:34:13] - 2.5813 	 	 0.5051 	 2.8752 	 0.2740
[2025/10/21 01:35:06] - 37 	 29.5 	 	 0.2000 	 4.0981 	 0.2706
[2025/10/21 01:35:06] - ==> Building model..
[2025/10/21 01:35:30] - Test Loss 	 Test Acc 	 PGD Loss 	 PGD Acc
[2025/10/21 01:35:30] - 2.5769 	 	 0.5063 	 2.8717 	 0.2748
[2025/10/21 01:36:21] - 38 	 28.4 	 	 0.2000 	 4.0985 	 0.2710
[2025/10/21 01:36:21] - ==> Building model..
[2025/10/21 01:36:45] - Test Loss 	 Test Acc 	 PGD Loss 	 PGD Acc
[2025/10/21 01:36:45] - 2.5723 	 	 0.5086 	 2.8684 	 0.2745
[2025/10/21 01:37:36] - 39 	 28.8 	 	 0.2000 	 4.0968 	 0.2722
[2025/10/21 01:37:36] - ==> Building model..
[2025/10/21 01:38:00] - Test Loss 	 Test Acc 	 PGD Loss 	 PGD Acc
[2025/10/21 01:38:00] - 2.5692 	 	 0.5098 	 2.8655 	 0.2752
[2025/10/21 01:38:52] - 40 	 29.4 	 	 0.2000 	 4.0983 	 0.2725
[2025/10/21 01:38:52] - ==> Building model..
[2025/10/21 01:39:15] - Test Loss 	 Test Acc 	 PGD Loss 	 PGD Acc
[2025/10/21 01:39:15] - 2.5671 	 	 0.5094 	 2.8646 	 0.2749
[2025/10/21 01:40:05] - 41 	 28.0 	 	 0.2000 	 4.0960 	 0.2728
[2025/10/21 01:40:05] - ==> Building model..
[2025/10/21 01:40:28] - Test Loss 	 Test Acc 	 PGD Loss 	 PGD Acc
[2025/10/21 01:40:28] - 2.5639 	 	 0.5113 	 2.8620 	 0.2758
[2025/10/21 01:41:18] - 42 	 27.9 	 	 0.2000 	 4.0959 	 0.2731
[2025/10/21 01:41:18] - ==> Building model..
[2025/10/21 01:41:42] - Test Loss 	 Test Acc 	 PGD Loss 	 PGD Acc
[2025/10/21 01:41:42] - 2.5642 	 	 0.5128 	 2.8641 	 0.2757
[2025/10/21 01:42:33] - 43 	 27.9 	 	 0.2000 	 4.0954 	 0.2741
[2025/10/21 01:42:33] - ==> Building model..
[2025/10/21 01:42:56] - Test Loss 	 Test Acc 	 PGD Loss 	 PGD Acc
[2025/10/21 01:42:56] - 2.5650 	 	 0.5122 	 2.8637 	 0.2755
[2025/10/21 01:43:46] - 44 	 27.0 	 	 0.2000 	 4.0941 	 0.2734
[2025/10/21 01:43:46] - ==> Building model..
[2025/10/21 01:44:10] - Test Loss 	 Test Acc 	 PGD Loss 	 PGD Acc
[2025/10/21 01:44:10] - 2.5643 	 	 0.5131 	 2.8626 	 0.2767
[2025/10/21 01:44:59] - 45 	 26.7 	 	 0.2000 	 4.0938 	 0.2754
[2025/10/21 01:44:59] - ==> Building model..
[2025/10/21 01:45:24] - Test Loss 	 Test Acc 	 PGD Loss 	 PGD Acc
[2025/10/21 01:45:24] - 2.5626 	 	 0.5127 	 2.8610 	 0.2769
[2025/10/21 01:46:12] - 46 	 25.5 	 	 0.2000 	 4.0926 	 0.2752
[2025/10/21 01:46:12] - ==> Building model..
[2025/10/21 01:46:38] - Test Loss 	 Test Acc 	 PGD Loss 	 PGD Acc
[2025/10/21 01:46:38] - 2.5605 	 	 0.5145 	 2.8601 	 0.2773
[2025/10/21 01:47:28] - 47 	 26.1 	 	 0.2000 	 4.0925 	 0.2785
[2025/10/21 01:47:28] - ==> Building model..
[2025/10/21 01:47:54] - Test Loss 	 Test Acc 	 PGD Loss 	 PGD Acc
[2025/10/21 01:47:54] - 2.5588 	 	 0.5160 	 2.8589 	 0.2782
[2025/10/21 01:48:41] - 48 	 25.0 	 	 0.2000 	 4.0895 	 0.2771
[2025/10/21 01:48:41] - ==> Building model..
[2025/10/21 01:49:07] - Test Loss 	 Test Acc 	 PGD Loss 	 PGD Acc
[2025/10/21 01:49:07] - 2.5589 	 	 0.5158 	 2.8596 	 0.2779
[2025/10/21 01:49:57] - 49 	 26.9 	 	 0.2000 	 4.0923 	 0.2759
[2025/10/21 01:49:57] - ==> Building model..
[2025/10/21 01:50:22] - Test Loss 	 Test Acc 	 PGD Loss 	 PGD Acc
[2025/10/21 01:50:22] - 2.5594 	 	 0.5165 	 2.8603 	 0.2777
[2025/10/21 01:51:12] - 50 	 26.4 	 	 0.2000 	 4.0895 	 0.2757
[2025/10/21 01:51:12] - ==> Building model..
[2025/10/21 01:51:36] - Test Loss 	 Test Acc 	 PGD Loss 	 PGD Acc
[2025/10/21 01:51:36] - 2.5572 	 	 0.5183 	 2.8586 	 0.2763
[2025/10/21 01:52:25] - 51 	 26.6 	 	 0.2000 	 4.0916 	 0.2736
[2025/10/21 01:52:25] - ==> Building model..
[2025/10/21 01:52:50] - Test Loss 	 Test Acc 	 PGD Loss 	 PGD Acc
[2025/10/21 01:52:50] - 2.5579 	 	 0.5183 	 2.8599 	 0.2763
[2025/10/21 01:53:40] - 52 	 27.6 	 	 0.2000 	 4.0929 	 0.2726
[2025/10/21 01:53:40] - ==> Building model..
[2025/10/21 01:54:04] - Test Loss 	 Test Acc 	 PGD Loss 	 PGD Acc
[2025/10/21 01:54:04] - 2.5570 	 	 0.5191 	 2.8594 	 0.2752
[2025/10/21 01:54:55] - 53 	 27.8 	 	 0.2000 	 4.0913 	 0.2770
[2025/10/21 01:54:55] - ==> Building model..
[2025/10/21 01:55:19] - Test Loss 	 Test Acc 	 PGD Loss 	 PGD Acc
[2025/10/21 01:55:19] - 2.5582 	 	 0.5179 	 2.8598 	 0.2760
[2025/10/21 01:56:10] - 54 	 28.0 	 	 0.2000 	 4.0901 	 0.2780
[2025/10/21 01:56:10] - ==> Building model..
[2025/10/21 01:56:33] - Test Loss 	 Test Acc 	 PGD Loss 	 PGD Acc
[2025/10/21 01:56:33] - 2.5591 	 	 0.5192 	 2.8605 	 0.2762
[2025/10/21 01:57:24] - 55 	 27.8 	 	 0.2000 	 4.0917 	 0.2778
[2025/10/21 01:57:24] - ==> Building model..
[2025/10/21 01:57:48] - Test Loss 	 Test Acc 	 PGD Loss 	 PGD Acc
[2025/10/21 01:57:48] - 2.5600 	 	 0.5199 	 2.8611 	 0.2761
[2025/10/21 01:58:39] - 56 	 28.5 	 	 0.2000 	 4.0942 	 0.2777
[2025/10/21 01:58:39] - ==> Building model..
[2025/10/21 01:59:03] - Test Loss 	 Test Acc 	 PGD Loss 	 PGD Acc
[2025/10/21 01:59:03] - 2.5619 	 	 0.5205 	 2.8626 	 0.2775
[2025/10/21 01:59:54] - 57 	 28.2 	 	 0.2000 	 4.0909 	 0.2783
[2025/10/21 01:59:54] - ==> Building model..
[2025/10/21 02:00:18] - Test Loss 	 Test Acc 	 PGD Loss 	 PGD Acc
[2025/10/21 02:00:18] - 2.5629 	 	 0.5206 	 2.8631 	 0.2771
[2025/10/21 02:01:08] - 58 	 28.1 	 	 0.2000 	 4.0930 	 0.2793
[2025/10/21 02:01:08] - ==> Building model..
[2025/10/21 02:01:31] - Test Loss 	 Test Acc 	 PGD Loss 	 PGD Acc
[2025/10/21 02:01:31] - 2.5643 	 	 0.5201 	 2.8641 	 0.2776
[2025/10/21 02:02:23] - 59 	 28.5 	 	 0.2000 	 4.0929 	 0.2762
[2025/10/21 02:02:23] - ==> Building model..
[2025/10/21 02:02:47] - Test Loss 	 Test Acc 	 PGD Loss 	 PGD Acc
[2025/10/21 02:02:47] - 2.5680 	 	 0.5199 	 2.8668 	 0.2790
[2025/10/21 02:03:38] - 60 	 28.2 	 	 0.2000 	 4.0947 	 0.2768
[2025/10/21 02:03:38] - ==> Building model..
[2025/10/21 02:04:01] - Test Loss 	 Test Acc 	 PGD Loss 	 PGD Acc
[2025/10/21 02:04:01] - 2.5707 	 	 0.5207 	 2.8687 	 0.2787
[2025/10/21 02:04:53] - 61 	 29.4 	 	 0.2000 	 4.0944 	 0.2777
[2025/10/21 02:04:53] - ==> Building model..
[2025/10/21 02:05:18] - Test Loss 	 Test Acc 	 PGD Loss 	 PGD Acc
[2025/10/21 02:05:18] - 2.5734 	 	 0.5189 	 2.8705 	 0.2782
[2025/10/21 02:06:09] - 62 	 27.3 	 	 0.2000 	 4.0960 	 0.2763
[2025/10/21 02:06:09] - ==> Building model..
[2025/10/21 02:06:33] - Test Loss 	 Test Acc 	 PGD Loss 	 PGD Acc
[2025/10/21 02:06:33] - 2.5765 	 	 0.5188 	 2.8722 	 0.2791
[2025/10/21 02:07:27] - 63 	 29.2 	 	 0.2000 	 4.0956 	 0.2750
[2025/10/21 02:07:27] - ==> Building model..
[2025/10/21 02:07:51] - Test Loss 	 Test Acc 	 PGD Loss 	 PGD Acc
[2025/10/21 02:07:51] - 2.5823 	 	 0.5184 	 2.8756 	 0.2795
[2025/10/21 02:08:44] - 64 	 28.8 	 	 0.2000 	 4.0940 	 0.2775
[2025/10/21 02:08:44] - ==> Building model..
[2025/10/21 02:09:08] - Test Loss 	 Test Acc 	 PGD Loss 	 PGD Acc
[2025/10/21 02:09:08] - 2.5852 	 	 0.5171 	 2.8777 	 0.2780
[2025/10/21 02:10:00] - 65 	 28.7 	 	 0.2000 	 4.0955 	 0.2767
[2025/10/21 02:10:00] - ==> Building model..
[2025/10/21 02:10:25] - Test Loss 	 Test Acc 	 PGD Loss 	 PGD Acc
[2025/10/21 02:10:25] - 2.5881 	 	 0.5171 	 2.8798 	 0.2789
[2025/10/21 02:11:15] - 66 	 27.1 	 	 0.2000 	 4.0941 	 0.2777
[2025/10/21 02:11:15] - ==> Building model..
[2025/10/21 02:11:39] - Test Loss 	 Test Acc 	 PGD Loss 	 PGD Acc
[2025/10/21 02:11:39] - 2.5905 	 	 0.5184 	 2.8815 	 0.2789
[2025/10/21 02:12:31] - 67 	 28.7 	 	 0.2000 	 4.0943 	 0.2762
[2025/10/21 02:12:31] - ==> Building model..
[2025/10/21 02:12:53] - Test Loss 	 Test Acc 	 PGD Loss 	 PGD Acc
[2025/10/21 02:12:53] - 2.5916 	 	 0.5188 	 2.8822 	 0.2800
[2025/10/21 02:13:45] - 68 	 28.5 	 	 0.2000 	 4.0931 	 0.2773
[2025/10/21 02:13:45] - ==> Building model..
[2025/10/21 02:14:09] - Test Loss 	 Test Acc 	 PGD Loss 	 PGD Acc
[2025/10/21 02:14:09] - 2.5925 	 	 0.5191 	 2.8829 	 0.2795
[2025/10/21 02:15:00] - 69 	 27.8 	 	 0.2000 	 4.0954 	 0.2772
[2025/10/21 02:15:00] - ==> Building model..
[2025/10/21 02:15:25] - Test Loss 	 Test Acc 	 PGD Loss 	 PGD Acc
[2025/10/21 02:15:25] - 2.5956 	 	 0.5187 	 2.8848 	 0.2800
[2025/10/21 02:16:16] - 70 	 27.9 	 	 0.2000 	 4.0922 	 0.2805
[2025/10/21 02:16:16] - ==> Building model..
[2025/10/21 02:16:40] - Test Loss 	 Test Acc 	 PGD Loss 	 PGD Acc
[2025/10/21 02:16:40] - 2.5960 	 	 0.5207 	 2.8858 	 0.2803
[2025/10/21 02:17:32] - 71 	 28.9 	 	 0.2000 	 4.0949 	 0.2782
[2025/10/21 02:17:32] - ==> Building model..
[2025/10/21 02:17:56] - Test Loss 	 Test Acc 	 PGD Loss 	 PGD Acc
[2025/10/21 02:17:56] - 2.5975 	 	 0.5199 	 2.8867 	 0.2796
[2025/10/21 02:18:47] - 72 	 28.4 	 	 0.2000 	 4.0940 	 0.2769
[2025/10/21 02:18:47] - ==> Building model..
[2025/10/21 02:19:11] - Test Loss 	 Test Acc 	 PGD Loss 	 PGD Acc
[2025/10/21 02:19:11] - 2.5997 	 	 0.5185 	 2.8885 	 0.2787
[2025/10/21 02:20:03] - 73 	 28.9 	 	 0.2000 	 4.0921 	 0.2802
[2025/10/21 02:20:03] - ==> Building model..
[2025/10/21 02:20:26] - Test Loss 	 Test Acc 	 PGD Loss 	 PGD Acc
[2025/10/21 02:20:26] - 2.5997 	 	 0.5169 	 2.8884 	 0.2784
[2025/10/21 02:21:18] - 74 	 28.1 	 	 0.2000 	 4.0925 	 0.2766
[2025/10/21 02:21:18] - ==> Building model..
[2025/10/21 02:21:42] - Test Loss 	 Test Acc 	 PGD Loss 	 PGD Acc
[2025/10/21 02:21:42] - 2.6024 	 	 0.5155 	 2.8899 	 0.2783
[2025/10/21 02:22:33] - 75 	 28.2 	 	 0.2000 	 4.0917 	 0.2800
[2025/10/21 02:22:33] - ==> Building model..
[2025/10/21 02:22:57] - Test Loss 	 Test Acc 	 PGD Loss 	 PGD Acc
[2025/10/21 02:22:57] - 2.6023 	 	 0.5154 	 2.8896 	 0.2791
[2025/10/21 02:23:48] - 76 	 28.1 	 	 0.2000 	 4.0919 	 0.2791
[2025/10/21 02:23:48] - ==> Building model..
[2025/10/21 02:24:12] - Test Loss 	 Test Acc 	 PGD Loss 	 PGD Acc
[2025/10/21 02:24:12] - 2.6030 	 	 0.5162 	 2.8903 	 0.2792
[2025/10/21 02:25:04] - 77 	 28.7 	 	 0.2000 	 4.0927 	 0.2804
[2025/10/21 02:25:04] - ==> Building model..
[2025/10/21 02:25:28] - Test Loss 	 Test Acc 	 PGD Loss 	 PGD Acc
[2025/10/21 02:25:28] - 2.6028 	 	 0.5159 	 2.8905 	 0.2797
[2025/10/21 02:26:19] - 78 	 28.1 	 	 0.2000 	 4.0919 	 0.2793
[2025/10/21 02:26:19] - ==> Building model..
[2025/10/21 02:26:42] - Test Loss 	 Test Acc 	 PGD Loss 	 PGD Acc
[2025/10/21 02:26:42] - 2.6025 	 	 0.5161 	 2.8898 	 0.2800
[2025/10/21 02:27:33] - 79 	 29.1 	 	 0.2000 	 4.0910 	 0.2769
[2025/10/21 02:27:33] - ==> Building model..
[2025/10/21 02:27:57] - Test Loss 	 Test Acc 	 PGD Loss 	 PGD Acc
[2025/10/21 02:27:57] - 2.6049 	 	 0.5148 	 2.8916 	 0.2797
[2025/10/21 02:28:50] - 80 	 29.2 	 	 0.2000 	 4.0921 	 0.2781
[2025/10/21 02:28:50] - ==> Building model..
[2025/10/21 02:29:13] - Test Loss 	 Test Acc 	 PGD Loss 	 PGD Acc
[2025/10/21 02:29:13] - 2.6057 	 	 0.5152 	 2.8916 	 0.2798
[2025/10/21 02:30:03] - 81 	 27.9 	 	 0.2000 	 4.0944 	 0.2792
[2025/10/21 02:30:03] - ==> Building model..
[2025/10/21 02:30:25] - Test Loss 	 Test Acc 	 PGD Loss 	 PGD Acc
[2025/10/21 02:30:25] - 2.6065 	 	 0.5152 	 2.8918 	 0.2803
[2025/10/21 02:31:16] - 82 	 27.8 	 	 0.2000 	 4.0906 	 0.2816
[2025/10/21 02:31:16] - ==> Building model..
[2025/10/21 02:31:39] - Test Loss 	 Test Acc 	 PGD Loss 	 PGD Acc
[2025/10/21 02:31:39] - 2.6067 	 	 0.5143 	 2.8920 	 0.2808
[2025/10/21 02:32:30] - 83 	 28.0 	 	 0.2000 	 4.0921 	 0.2776
[2025/10/21 02:32:30] - ==> Building model..
[2025/10/21 02:32:53] - Test Loss 	 Test Acc 	 PGD Loss 	 PGD Acc
[2025/10/21 02:32:53] - 2.6077 	 	 0.5149 	 2.8933 	 0.2801
[2025/10/21 02:33:44] - 84 	 27.5 	 	 0.2000 	 4.0925 	 0.2812
[2025/10/21 02:33:44] - ==> Building model..
[2025/10/21 02:34:08] - Test Loss 	 Test Acc 	 PGD Loss 	 PGD Acc
[2025/10/21 02:34:08] - 2.6093 	 	 0.5150 	 2.8941 	 0.2806
[2025/10/21 02:35:00] - 85 	 28.1 	 	 0.2000 	 4.0918 	 0.2778
[2025/10/21 02:35:00] - ==> Building model..
[2025/10/21 02:35:25] - Test Loss 	 Test Acc 	 PGD Loss 	 PGD Acc
[2025/10/21 02:35:25] - 2.6101 	 	 0.5147 	 2.8943 	 0.2804
[2025/10/21 02:36:16] - 86 	 27.3 	 	 0.2000 	 4.0914 	 0.2815
[2025/10/21 02:36:16] - ==> Building model..
[2025/10/21 02:36:41] - Test Loss 	 Test Acc 	 PGD Loss 	 PGD Acc
[2025/10/21 02:36:41] - 2.6091 	 	 0.5149 	 2.8933 	 0.2806
[2025/10/21 02:37:31] - 87 	 26.8 	 	 0.2000 	 4.0910 	 0.2785
[2025/10/21 02:37:31] - ==> Building model..
[2025/10/21 02:37:58] - Test Loss 	 Test Acc 	 PGD Loss 	 PGD Acc
[2025/10/21 02:37:58] - 2.6089 	 	 0.5166 	 2.8934 	 0.2808
[2025/10/21 02:38:46] - 88 	 25.8 	 	 0.2000 	 4.0931 	 0.2775
[2025/10/21 02:38:46] - ==> Building model..
[2025/10/21 02:39:12] - Test Loss 	 Test Acc 	 PGD Loss 	 PGD Acc
[2025/10/21 02:39:12] - 2.6096 	 	 0.5160 	 2.8939 	 0.2812
[2025/10/21 02:40:03] - 89 	 26.7 	 	 0.2000 	 4.0925 	 0.2775
[2025/10/21 02:40:03] - ==> Building model..
[2025/10/21 02:40:29] - Test Loss 	 Test Acc 	 PGD Loss 	 PGD Acc
[2025/10/21 02:40:29] - 2.6087 	 	 0.5181 	 2.8934 	 0.2806
[2025/10/21 02:41:19] - 90 	 26.3 	 	 0.2000 	 4.0920 	 0.2784
[2025/10/21 02:41:19] - ==> Building model..
[2025/10/21 02:41:45] - Test Loss 	 Test Acc 	 PGD Loss 	 PGD Acc
[2025/10/21 02:41:45] - 2.6077 	 	 0.5178 	 2.8931 	 0.2810
[2025/10/21 02:42:34] - 91 	 26.5 	 	 0.2000 	 4.0894 	 0.2826
[2025/10/21 02:42:34] - ==> Building model..
[2025/10/21 02:42:59] - Test Loss 	 Test Acc 	 PGD Loss 	 PGD Acc
[2025/10/21 02:42:59] - 2.6075 	 	 0.5185 	 2.8922 	 0.2808
[2025/10/21 02:43:48] - 92 	 26.9 	 	 0.2000 	 4.0901 	 0.2809
[2025/10/21 02:43:48] - ==> Building model..
[2025/10/21 02:44:12] - Test Loss 	 Test Acc 	 PGD Loss 	 PGD Acc
[2025/10/21 02:44:12] - 2.6064 	 	 0.5185 	 2.8912 	 0.2816
[2025/10/21 02:45:05] - 93 	 27.9 	 	 0.2000 	 4.0921 	 0.2782
[2025/10/21 02:45:05] - ==> Building model..
[2025/10/21 02:45:29] - Test Loss 	 Test Acc 	 PGD Loss 	 PGD Acc
[2025/10/21 02:45:29] - 2.6068 	 	 0.5203 	 2.8925 	 0.2817
[2025/10/21 02:46:19] - 94 	 26.9 	 	 0.0200 	 3.9976 	 0.3408
[2025/10/21 02:46:19] - ==> Building model..
[2025/10/21 02:46:43] - Test Loss 	 Test Acc 	 PGD Loss 	 PGD Acc
[2025/10/21 02:46:43] - 2.6032 	 	 0.5201 	 2.8895 	 0.2823
[2025/10/21 02:47:36] - 95 	 28.2 	 	 0.0200 	 3.9054 	 0.4029
[2025/10/21 02:47:36] - ==> Building model..
[2025/10/21 02:47:59] - Test Loss 	 Test Acc 	 PGD Loss 	 PGD Acc
[2025/10/21 02:47:59] - 2.6027 	 	 0.5202 	 2.8897 	 0.2827
[2025/10/21 02:48:51] - 96 	 27.5 	 	 0.0200 	 3.8792 	 0.4204
[2025/10/21 02:48:51] - ==> Building model..
[2025/10/21 02:49:16] - Test Loss 	 Test Acc 	 PGD Loss 	 PGD Acc
[2025/10/21 02:49:16] - 2.6023 	 	 0.5204 	 2.8891 	 0.2823
[2025/10/21 02:50:09] - 97 	 28.5 	 	 0.0200 	 3.8626 	 0.4309
[2025/10/21 02:50:09] - ==> Building model..
[2025/10/21 02:50:33] - Test Loss 	 Test Acc 	 PGD Loss 	 PGD Acc
[2025/10/21 02:50:33] - 2.6026 	 	 0.5205 	 2.8895 	 0.2824
[2025/10/21 02:51:25] - 98 	 27.5 	 	 0.0200 	 3.8491 	 0.4400
[2025/10/21 02:51:25] - ==> Building model..
[2025/10/21 02:51:48] - Test Loss 	 Test Acc 	 PGD Loss 	 PGD Acc
[2025/10/21 02:51:48] - 2.6032 	 	 0.5204 	 2.8901 	 0.2829
[2025/10/21 02:52:41] - 99 	 28.2 	 	 0.0020 	 3.8176 	 0.4674
[2025/10/21 02:52:41] - ==> Building model..
[2025/10/21 02:53:05] - Test Loss 	 Test Acc 	 PGD Loss 	 PGD Acc
[2025/10/21 02:53:05] - 2.6050 	 	 0.5206 	 2.8915 	 0.2828
[2025/10/21 02:53:57] - 100 	 27.9 	 	 0.0020 	 3.7896 	 0.4878
[2025/10/21 02:53:57] - ==> Building model..
[2025/10/21 02:54:20] - Test Loss 	 Test Acc 	 PGD Loss 	 PGD Acc
[2025/10/21 02:54:20] - 2.6050 	 	 0.5206 	 2.8913 	 0.2828
[2025/10/21 02:55:12] - 101 	 28.4 	 	 0.0020 	 3.7840 	 0.4915
[2025/10/21 02:55:12] - ==> Building model..
[2025/10/21 02:55:36] - Test Loss 	 Test Acc 	 PGD Loss 	 PGD Acc
[2025/10/21 02:55:36] - 2.6055 	 	 0.5206 	 2.8918 	 0.2818
[2025/10/21 02:56:27] - 102 	 27.9 	 	 0.0020 	 3.7778 	 0.4956
[2025/10/21 02:56:27] - ==> Building model..
[2025/10/21 02:56:51] - Test Loss 	 Test Acc 	 PGD Loss 	 PGD Acc
[2025/10/21 02:56:51] - 2.6060 	 	 0.5204 	 2.8925 	 0.2825
[2025/10/21 02:57:43] - 103 	 28.5 	 	 0.0020 	 3.7734 	 0.5011
[2025/10/21 02:57:43] - ==> Building model..
[2025/10/21 02:58:07] - Test Loss 	 Test Acc 	 PGD Loss 	 PGD Acc
[2025/10/21 02:58:07] - 2.6060 	 	 0.5204 	 2.8924 	 0.2821
[2025/10/21 02:58:59] - 104 	 28.0 	 	 0.0020 	 3.7696 	 0.5045
[2025/10/21 02:58:59] - ==> Building model..
[2025/10/21 02:59:24] - Test Loss 	 Test Acc 	 PGD Loss 	 PGD Acc
[2025/10/21 02:59:24] - 2.6060 	 	 0.5204 	 2.8921 	 0.2823
[2025/10/21 03:00:15] - 105 	 27.5 	 	 0.0020 	 3.7662 	 0.5061
[2025/10/21 03:00:15] - ==> Building model..
[2025/10/21 03:00:39] - Test Loss 	 Test Acc 	 PGD Loss 	 PGD Acc
[2025/10/21 03:00:39] - 2.6060 	 	 0.5204 	 2.8923 	 0.2822
[2025/10/21 03:01:29] - 106 	 27.8 	 	 0.0020 	 3.7611 	 0.5115
[2025/10/21 03:01:29] - ==> Building model..
[2025/10/21 03:01:54] - Test Loss 	 Test Acc 	 PGD Loss 	 PGD Acc
[2025/10/21 03:01:54] - 2.6060 	 	 0.5204 	 2.8925 	 0.2830
[2025/10/21 03:02:46] - 107 	 28.6 	 	 0.0020 	 3.7573 	 0.5134
[2025/10/21 03:02:46] - ==> Building model..
[2025/10/21 03:03:11] - Test Loss 	 Test Acc 	 PGD Loss 	 PGD Acc
[2025/10/21 03:03:11] - 2.6067 	 	 0.5204 	 2.8932 	 0.2820
[2025/10/21 03:04:03] - 108 	 28.2 	 	 0.0020 	 3.7536 	 0.5157
[2025/10/21 03:04:03] - ==> Building model..
[2025/10/21 03:04:27] - Test Loss 	 Test Acc 	 PGD Loss 	 PGD Acc
[2025/10/21 03:04:27] - 2.6067 	 	 0.5204 	 2.8926 	 0.2825
[2025/10/21 03:05:18] - 109 	 26.9 	 	 0.0020 	 3.7495 	 0.5196
[2025/10/21 03:05:18] - ==> Building model..
[2025/10/21 03:05:41] - Test Loss 	 Test Acc 	 PGD Loss 	 PGD Acc
[2025/10/21 03:05:41] - 2.6067 	 	 0.5204 	 2.8925 	 0.2826
[2025/10/21 03:05:41] - [0.084, 0.1457, 0.179, 0.2225, 0.2664, 0.3085, 0.3439, 0.3749, 0.3964, 0.4139, 0.4278, 0.4363, 0.4435, 0.4471, 0.4582, 0.4624, 0.4676, 0.4692, 0.4716, 0.4768, 0.4806, 0.4849, 0.4864, 0.4882, 0.4895, 0.4906, 0.494, 0.4935, 0.4944, 0.4973, 0.4988, 0.498, 0.501, 0.5034, 0.5051, 0.5048, 0.5051, 0.5063, 0.5086, 0.5098, 0.5094, 0.5113, 0.5128, 0.5122, 0.5131, 0.5127, 0.5145, 0.516, 0.5158, 0.5165, 0.5183, 0.5183, 0.5191, 0.5179, 0.5192, 0.5199, 0.5205, 0.5206, 0.5201, 0.5199, 0.5207, 0.5189, 0.5188, 0.5184, 0.5171, 0.5171, 0.5184, 0.5188, 0.5191, 0.5187, 0.5207, 0.5199, 0.5185, 0.5169, 0.5155, 0.5154, 0.5162, 0.5159, 0.5161, 0.5148, 0.5152, 0.5152, 0.5143, 0.5149, 0.515, 0.5147, 0.5149, 0.5166, 0.516, 0.5181, 0.5178, 0.5185, 0.5185, 0.5203, 0.5201, 0.5202, 0.5204, 0.5205, 0.5204, 0.5206, 0.5206, 0.5206, 0.5204, 0.5204, 0.5204, 0.5204, 0.5204, 0.5204, 0.5204, 0.5204]
[2025/10/21 03:05:41] - [0.055, 0.0954, 0.1121, 0.1327, 0.1579, 0.1762, 0.1919, 0.2032, 0.2175, 0.2236, 0.2303, 0.2358, 0.2385, 0.2407, 0.2446, 0.2463, 0.2504, 0.2513, 0.2527, 0.2536, 0.2564, 0.2577, 0.2597, 0.262, 0.263, 0.2623, 0.2663, 0.2661, 0.2661, 0.267, 0.2675, 0.2698, 0.2699, 0.271, 0.2715, 0.275, 0.274, 0.2748, 0.2745, 0.2752, 0.2749, 0.2758, 0.2757, 0.2755, 0.2767, 0.2769, 0.2773, 0.2782, 0.2779, 0.2777, 0.2763, 0.2763, 0.2752, 0.276, 0.2762, 0.2761, 0.2775, 0.2771, 0.2776, 0.279, 0.2787, 0.2782, 0.2791, 0.2795, 0.278, 0.2789, 0.2789, 0.28, 0.2795, 0.28, 0.2803, 0.2796, 0.2787, 0.2784, 0.2783, 0.2791, 0.2792, 0.2797, 0.28, 0.2797, 0.2798, 0.2803, 0.2808, 0.2801, 0.2806, 0.2804, 0.2806, 0.2808, 0.2812, 0.2806, 0.281, 0.2808, 0.2816, 0.2817, 0.2823, 0.2827, 0.2823, 0.2824, 0.2829, 0.2828, 0.2828, 0.2818, 0.2825, 0.2821, 0.2823, 0.2822, 0.283, 0.282, 0.2825, 0.2826]
