[2025/10/19 11:04:42] - Namespace(batch_size=128, data_dir='cifar-data', epochs=110, lr_schedule='multistep', lr_min=0.0, lr_max=0.2, weight_decay=0.0005, momentum=0.9, model='ResNet18', epsilon=8, alpha=8, delta_init='random', normal_mean=0, normal_std=1, out_dir='runs/beta_0.4/lam_44/lscale_0.12/seed_0', seed=0, lamda=44.0, lam_scale=0.12, lam_start=50, gamma=0.05, inner_gamma=0.05, beta=0.4, mu=3.5, batch_m=0.75, early_stop=False, factor=0.5, length=4, n_holes=1, c_num=0.125, EMA_value=0.55)
[2025/10/19 11:04:44] - ==> Building model..
[2025/10/19 11:04:44] - Epoch 	 Seconds 	 LR 	 	 Train Loss 	 Train Acc
[2025/10/19 11:05:34] - 0 	 29.0 	 	 0.2000 	 4.5758 	 0.0395
[2025/10/19 11:05:34] - ==> Building model..
[2025/10/19 11:05:58] - Test Loss 	 Test Acc 	 PGD Loss 	 PGD Acc
[2025/10/19 11:05:58] - 4.2438 	 	 0.0849 	 4.2568 	 0.0595
[2025/10/19 11:06:48] - 1 	 27.8 	 	 0.2000 	 4.4570 	 0.0800
[2025/10/19 11:06:48] - ==> Building model..
[2025/10/19 11:07:11] - Test Loss 	 Test Acc 	 PGD Loss 	 PGD Acc
[2025/10/19 11:07:11] - 4.0074 	 	 0.1477 	 4.0379 	 0.0967
[2025/10/19 11:08:01] - 2 	 29.3 	 	 0.2000 	 4.4050 	 0.1051
[2025/10/19 11:08:01] - ==> Building model..
[2025/10/19 11:08:26] - Test Loss 	 Test Acc 	 PGD Loss 	 PGD Acc
[2025/10/19 11:08:26] - 3.8544 	 	 0.1913 	 3.9041 	 0.1215
[2025/10/19 11:09:15] - 3 	 28.0 	 	 0.2000 	 4.3585 	 0.1276
[2025/10/19 11:09:15] - ==> Building model..
[2025/10/19 11:09:39] - Test Loss 	 Test Acc 	 PGD Loss 	 PGD Acc
[2025/10/19 11:09:39] - 3.6746 	 	 0.2380 	 3.7489 	 0.1413
[2025/10/19 11:10:28] - 4 	 28.4 	 	 0.2000 	 4.3163 	 0.1489
[2025/10/19 11:10:28] - ==> Building model..
[2025/10/19 11:10:51] - Test Loss 	 Test Acc 	 PGD Loss 	 PGD Acc
[2025/10/19 11:10:51] - 3.5569 	 	 0.2756 	 3.6537 	 0.1626
[2025/10/19 11:11:40] - 5 	 27.7 	 	 0.2000 	 4.2791 	 0.1682
[2025/10/19 11:11:40] - ==> Building model..
[2025/10/19 11:12:04] - Test Loss 	 Test Acc 	 PGD Loss 	 PGD Acc
[2025/10/19 11:12:04] - 3.4054 	 	 0.3033 	 3.5236 	 0.1761
[2025/10/19 11:12:54] - 6 	 28.5 	 	 0.2000 	 4.2469 	 0.1868
[2025/10/19 11:12:54] - ==> Building model..
[2025/10/19 11:13:18] - Test Loss 	 Test Acc 	 PGD Loss 	 PGD Acc
[2025/10/19 11:13:18] - 3.2380 	 	 0.3430 	 3.3829 	 0.1900
[2025/10/19 11:14:07] - 7 	 28.2 	 	 0.2000 	 4.2249 	 0.1973
[2025/10/19 11:14:07] - ==> Building model..
[2025/10/19 11:14:31] - Test Loss 	 Test Acc 	 PGD Loss 	 PGD Acc
[2025/10/19 11:14:31] - 3.0752 	 	 0.3780 	 3.2511 	 0.2036
[2025/10/19 11:15:19] - 8 	 27.8 	 	 0.2000 	 4.2056 	 0.2080
[2025/10/19 11:15:19] - ==> Building model..
[2025/10/19 11:15:43] - Test Loss 	 Test Acc 	 PGD Loss 	 PGD Acc
[2025/10/19 11:15:43] - 2.9789 	 	 0.4005 	 3.1765 	 0.2156
[2025/10/19 11:16:31] - 9 	 27.5 	 	 0.2000 	 4.1905 	 0.2160
[2025/10/19 11:16:31] - ==> Building model..
[2025/10/19 11:16:55] - Test Loss 	 Test Acc 	 PGD Loss 	 PGD Acc
[2025/10/19 11:16:55] - 2.9285 	 	 0.4131 	 3.1378 	 0.2221
[2025/10/19 11:17:43] - 10 	 27.6 	 	 0.2000 	 4.1782 	 0.2261
[2025/10/19 11:17:43] - ==> Building model..
[2025/10/19 11:18:07] - Test Loss 	 Test Acc 	 PGD Loss 	 PGD Acc
[2025/10/19 11:18:07] - 2.8765 	 	 0.4252 	 3.0959 	 0.2288
[2025/10/19 11:18:56] - 11 	 27.2 	 	 0.2000 	 4.1700 	 0.2291
[2025/10/19 11:18:56] - ==> Building model..
[2025/10/19 11:19:20] - Test Loss 	 Test Acc 	 PGD Loss 	 PGD Acc
[2025/10/19 11:19:20] - 2.8333 	 	 0.4350 	 3.0635 	 0.2344
[2025/10/19 11:20:10] - 12 	 28.3 	 	 0.2000 	 4.1600 	 0.2358
[2025/10/19 11:20:10] - ==> Building model..
[2025/10/19 11:20:35] - Test Loss 	 Test Acc 	 PGD Loss 	 PGD Acc
[2025/10/19 11:20:35] - 2.8013 	 	 0.4440 	 3.0386 	 0.2389
[2025/10/19 11:21:23] - 13 	 26.9 	 	 0.2000 	 4.1565 	 0.2361
[2025/10/19 11:21:23] - ==> Building model..
[2025/10/19 11:21:48] - Test Loss 	 Test Acc 	 PGD Loss 	 PGD Acc
[2025/10/19 11:21:48] - 2.7702 	 	 0.4504 	 3.0154 	 0.2437
[2025/10/19 11:22:38] - 14 	 27.7 	 	 0.2000 	 4.1503 	 0.2406
[2025/10/19 11:22:38] - ==> Building model..
[2025/10/19 11:23:02] - Test Loss 	 Test Acc 	 PGD Loss 	 PGD Acc
[2025/10/19 11:23:02] - 2.7518 	 	 0.4560 	 3.0025 	 0.2458
[2025/10/19 11:23:50] - 15 	 26.6 	 	 0.2000 	 4.1432 	 0.2455
[2025/10/19 11:23:50] - ==> Building model..
[2025/10/19 11:24:15] - Test Loss 	 Test Acc 	 PGD Loss 	 PGD Acc
[2025/10/19 11:24:15] - 2.7308 	 	 0.4624 	 2.9864 	 0.2504
[2025/10/19 11:25:04] - 16 	 26.9 	 	 0.2000 	 4.1387 	 0.2476
[2025/10/19 11:25:04] - ==> Building model..
[2025/10/19 11:25:29] - Test Loss 	 Test Acc 	 PGD Loss 	 PGD Acc
[2025/10/19 11:25:29] - 2.7157 	 	 0.4646 	 2.9736 	 0.2500
[2025/10/19 11:26:17] - 17 	 26.9 	 	 0.2000 	 4.1375 	 0.2482
[2025/10/19 11:26:17] - ==> Building model..
[2025/10/19 11:26:42] - Test Loss 	 Test Acc 	 PGD Loss 	 PGD Acc
[2025/10/19 11:26:42] - 2.6975 	 	 0.4691 	 2.9617 	 0.2546
[2025/10/19 11:27:29] - 18 	 26.7 	 	 0.2000 	 4.1314 	 0.2501
[2025/10/19 11:27:29] - ==> Building model..
[2025/10/19 11:27:53] - Test Loss 	 Test Acc 	 PGD Loss 	 PGD Acc
[2025/10/19 11:27:53] - 2.6791 	 	 0.4749 	 2.9484 	 0.2569
[2025/10/19 11:28:40] - 19 	 26.4 	 	 0.2000 	 4.1270 	 0.2551
[2025/10/19 11:28:40] - ==> Building model..
[2025/10/19 11:29:05] - Test Loss 	 Test Acc 	 PGD Loss 	 PGD Acc
[2025/10/19 11:29:05] - 2.6685 	 	 0.4762 	 2.9394 	 0.2586
[2025/10/19 11:29:54] - 20 	 26.9 	 	 0.2000 	 4.1266 	 0.2561
[2025/10/19 11:29:54] - ==> Building model..
[2025/10/19 11:30:18] - Test Loss 	 Test Acc 	 PGD Loss 	 PGD Acc
[2025/10/19 11:30:18] - 2.6576 	 	 0.4812 	 2.9324 	 0.2599
[2025/10/19 11:31:06] - 21 	 26.4 	 	 0.2000 	 4.1221 	 0.2583
[2025/10/19 11:31:06] - ==> Building model..
[2025/10/19 11:31:30] - Test Loss 	 Test Acc 	 PGD Loss 	 PGD Acc
[2025/10/19 11:31:30] - 2.6515 	 	 0.4837 	 2.9275 	 0.2602
[2025/10/19 11:32:19] - 22 	 26.8 	 	 0.2000 	 4.1225 	 0.2575
[2025/10/19 11:32:19] - ==> Building model..
[2025/10/19 11:32:45] - Test Loss 	 Test Acc 	 PGD Loss 	 PGD Acc
[2025/10/19 11:32:45] - 2.6424 	 	 0.4861 	 2.9212 	 0.2610
[2025/10/19 11:33:31] - 23 	 25.3 	 	 0.2000 	 4.1204 	 0.2567
[2025/10/19 11:33:31] - ==> Building model..
[2025/10/19 11:33:57] - Test Loss 	 Test Acc 	 PGD Loss 	 PGD Acc
[2025/10/19 11:33:57] - 2.6344 	 	 0.4875 	 2.9151 	 0.2615
[2025/10/19 11:34:45] - 24 	 27.2 	 	 0.2000 	 4.1160 	 0.2590
[2025/10/19 11:34:45] - ==> Building model..
[2025/10/19 11:35:11] - Test Loss 	 Test Acc 	 PGD Loss 	 PGD Acc
[2025/10/19 11:35:11] - 2.6259 	 	 0.4886 	 2.9083 	 0.2633
[2025/10/19 11:35:59] - 25 	 26.6 	 	 0.2000 	 4.1149 	 0.2646
[2025/10/19 11:35:59] - ==> Building model..
[2025/10/19 11:36:24] - Test Loss 	 Test Acc 	 PGD Loss 	 PGD Acc
[2025/10/19 11:36:24] - 2.6208 	 	 0.4887 	 2.9043 	 0.2652
[2025/10/19 11:37:10] - 26 	 25.6 	 	 0.2000 	 4.1116 	 0.2615
[2025/10/19 11:37:10] - ==> Building model..
[2025/10/19 11:37:36] - Test Loss 	 Test Acc 	 PGD Loss 	 PGD Acc
[2025/10/19 11:37:36] - 2.6164 	 	 0.4903 	 2.9005 	 0.2656
[2025/10/19 11:38:22] - 27 	 26.3 	 	 0.2000 	 4.1104 	 0.2667
[2025/10/19 11:38:22] - ==> Building model..
[2025/10/19 11:38:48] - Test Loss 	 Test Acc 	 PGD Loss 	 PGD Acc
[2025/10/19 11:38:48] - 2.6139 	 	 0.4918 	 2.8995 	 0.2653
[2025/10/19 11:39:34] - 28 	 25.9 	 	 0.2000 	 4.1095 	 0.2634
[2025/10/19 11:39:34] - ==> Building model..
[2025/10/19 11:40:00] - Test Loss 	 Test Acc 	 PGD Loss 	 PGD Acc
[2025/10/19 11:40:00] - 2.6171 	 	 0.4926 	 2.9024 	 0.2650
[2025/10/19 11:40:50] - 29 	 27.3 	 	 0.2000 	 4.1080 	 0.2674
[2025/10/19 11:40:50] - ==> Building model..
[2025/10/19 11:41:15] - Test Loss 	 Test Acc 	 PGD Loss 	 PGD Acc
[2025/10/19 11:41:15] - 2.6127 	 	 0.4923 	 2.8992 	 0.2665
[2025/10/19 11:42:00] - 30 	 24.4 	 	 0.2000 	 4.1098 	 0.2643
[2025/10/19 11:42:00] - ==> Building model..
[2025/10/19 11:42:25] - Test Loss 	 Test Acc 	 PGD Loss 	 PGD Acc
[2025/10/19 11:42:25] - 2.6113 	 	 0.4934 	 2.8984 	 0.2659
[2025/10/19 11:43:14] - 31 	 27.0 	 	 0.2000 	 4.1064 	 0.2650
[2025/10/19 11:43:14] - ==> Building model..
[2025/10/19 11:43:39] - Test Loss 	 Test Acc 	 PGD Loss 	 PGD Acc
[2025/10/19 11:43:39] - 2.6050 	 	 0.4950 	 2.8940 	 0.2676
[2025/10/19 11:44:27] - 32 	 26.5 	 	 0.2000 	 4.1047 	 0.2666
[2025/10/19 11:44:27] - ==> Building model..
[2025/10/19 11:44:53] - Test Loss 	 Test Acc 	 PGD Loss 	 PGD Acc
[2025/10/19 11:44:53] - 2.6012 	 	 0.4966 	 2.8904 	 0.2684
[2025/10/19 11:45:40] - 33 	 25.7 	 	 0.2000 	 4.1031 	 0.2685
[2025/10/19 11:45:40] - ==> Building model..
[2025/10/19 11:46:06] - Test Loss 	 Test Acc 	 PGD Loss 	 PGD Acc
[2025/10/19 11:46:06] - 2.5923 	 	 0.4988 	 2.8837 	 0.2707
[2025/10/19 11:46:55] - 34 	 26.6 	 	 0.2000 	 4.1036 	 0.2686
[2025/10/19 11:46:55] - ==> Building model..
[2025/10/19 11:47:21] - Test Loss 	 Test Acc 	 PGD Loss 	 PGD Acc
[2025/10/19 11:47:21] - 2.5876 	 	 0.5005 	 2.8800 	 0.2707
[2025/10/19 11:48:08] - 35 	 26.5 	 	 0.2000 	 4.0991 	 0.2724
[2025/10/19 11:48:08] - ==> Building model..
[2025/10/19 11:48:34] - Test Loss 	 Test Acc 	 PGD Loss 	 PGD Acc
[2025/10/19 11:48:34] - 2.5845 	 	 0.5007 	 2.8778 	 0.2710
[2025/10/19 11:49:21] - 36 	 25.8 	 	 0.2000 	 4.0994 	 0.2699
[2025/10/19 11:49:21] - ==> Building model..
[2025/10/19 11:49:46] - Test Loss 	 Test Acc 	 PGD Loss 	 PGD Acc
[2025/10/19 11:49:46] - 2.5807 	 	 0.5023 	 2.8748 	 0.2742
[2025/10/19 11:50:33] - 37 	 25.2 	 	 0.2000 	 4.0993 	 0.2714
[2025/10/19 11:50:33] - ==> Building model..
[2025/10/19 11:50:58] - Test Loss 	 Test Acc 	 PGD Loss 	 PGD Acc
[2025/10/19 11:50:58] - 2.5795 	 	 0.5023 	 2.8735 	 0.2746
[2025/10/19 11:51:47] - 38 	 27.6 	 	 0.2000 	 4.0977 	 0.2723
[2025/10/19 11:51:47] - ==> Building model..
[2025/10/19 11:52:13] - Test Loss 	 Test Acc 	 PGD Loss 	 PGD Acc
[2025/10/19 11:52:13] - 2.5766 	 	 0.5027 	 2.8711 	 0.2741
[2025/10/19 11:52:59] - 39 	 26.2 	 	 0.2000 	 4.0982 	 0.2725
[2025/10/19 11:52:59] - ==> Building model..
[2025/10/19 11:53:24] - Test Loss 	 Test Acc 	 PGD Loss 	 PGD Acc
[2025/10/19 11:53:24] - 2.5763 	 	 0.5036 	 2.8709 	 0.2728
[2025/10/19 11:54:10] - 40 	 25.4 	 	 0.2000 	 4.0964 	 0.2725
[2025/10/19 11:54:10] - ==> Building model..
[2025/10/19 11:54:35] - Test Loss 	 Test Acc 	 PGD Loss 	 PGD Acc
[2025/10/19 11:54:35] - 2.5779 	 	 0.5044 	 2.8733 	 0.2737
[2025/10/19 11:55:21] - 41 	 25.8 	 	 0.2000 	 4.0985 	 0.2709
[2025/10/19 11:55:21] - ==> Building model..
[2025/10/19 11:55:47] - Test Loss 	 Test Acc 	 PGD Loss 	 PGD Acc
[2025/10/19 11:55:47] - 2.5776 	 	 0.5053 	 2.8724 	 0.2741
[2025/10/19 11:56:35] - 42 	 26.3 	 	 0.2000 	 4.0969 	 0.2709
[2025/10/19 11:56:35] - ==> Building model..
[2025/10/19 11:57:00] - Test Loss 	 Test Acc 	 PGD Loss 	 PGD Acc
[2025/10/19 11:57:00] - 2.5739 	 	 0.5055 	 2.8703 	 0.2761
[2025/10/19 11:57:52] - 43 	 27.8 	 	 0.2000 	 4.0956 	 0.2724
[2025/10/19 11:57:52] - ==> Building model..
[2025/10/19 11:58:18] - Test Loss 	 Test Acc 	 PGD Loss 	 PGD Acc
[2025/10/19 11:58:18] - 2.5740 	 	 0.5076 	 2.8702 	 0.2757
[2025/10/19 11:59:10] - 44 	 27.9 	 	 0.2000 	 4.0958 	 0.2743
[2025/10/19 11:59:10] - ==> Building model..
[2025/10/19 11:59:36] - Test Loss 	 Test Acc 	 PGD Loss 	 PGD Acc
[2025/10/19 11:59:36] - 2.5689 	 	 0.5086 	 2.8666 	 0.2763
[2025/10/19 12:00:24] - 45 	 26.0 	 	 0.2000 	 4.0934 	 0.2743
[2025/10/19 12:00:24] - ==> Building model..
[2025/10/19 12:00:50] - Test Loss 	 Test Acc 	 PGD Loss 	 PGD Acc
[2025/10/19 12:00:50] - 2.5701 	 	 0.5084 	 2.8675 	 0.2778
[2025/10/19 12:01:36] - 46 	 25.0 	 	 0.2000 	 4.0921 	 0.2740
[2025/10/19 12:01:36] - ==> Building model..
[2025/10/19 12:02:03] - Test Loss 	 Test Acc 	 PGD Loss 	 PGD Acc
[2025/10/19 12:02:03] - 2.5701 	 	 0.5082 	 2.8676 	 0.2765
[2025/10/19 12:02:49] - 47 	 25.3 	 	 0.2000 	 4.0934 	 0.2733
[2025/10/19 12:02:49] - ==> Building model..
[2025/10/19 12:03:15] - Test Loss 	 Test Acc 	 PGD Loss 	 PGD Acc
[2025/10/19 12:03:15] - 2.5689 	 	 0.5083 	 2.8670 	 0.2783
[2025/10/19 12:04:06] - 48 	 26.6 	 	 0.2000 	 4.0900 	 0.2774
[2025/10/19 12:04:06] - ==> Building model..
[2025/10/19 12:04:32] - Test Loss 	 Test Acc 	 PGD Loss 	 PGD Acc
[2025/10/19 12:04:32] - 2.5687 	 	 0.5099 	 2.8668 	 0.2778
[2025/10/19 12:05:20] - 49 	 25.7 	 	 0.2000 	 4.0903 	 0.2764
[2025/10/19 12:05:20] - ==> Building model..
[2025/10/19 12:05:45] - Test Loss 	 Test Acc 	 PGD Loss 	 PGD Acc
[2025/10/19 12:05:45] - 2.5666 	 	 0.5109 	 2.8645 	 0.2764
[2025/10/19 12:06:34] - 50 	 26.5 	 	 0.2000 	 4.0908 	 0.2764
[2025/10/19 12:06:34] - ==> Building model..
[2025/10/19 12:07:00] - Test Loss 	 Test Acc 	 PGD Loss 	 PGD Acc
[2025/10/19 12:07:00] - 2.5651 	 	 0.5116 	 2.8635 	 0.2774
[2025/10/19 12:07:48] - 51 	 25.8 	 	 0.2000 	 4.0912 	 0.2749
[2025/10/19 12:07:48] - ==> Building model..
[2025/10/19 12:08:14] - Test Loss 	 Test Acc 	 PGD Loss 	 PGD Acc
[2025/10/19 12:08:14] - 2.5639 	 	 0.5120 	 2.8631 	 0.2784
[2025/10/19 12:09:05] - 52 	 26.6 	 	 0.2000 	 4.0921 	 0.2741
[2025/10/19 12:09:05] - ==> Building model..
[2025/10/19 12:09:30] - Test Loss 	 Test Acc 	 PGD Loss 	 PGD Acc
[2025/10/19 12:09:30] - 2.5634 	 	 0.5106 	 2.8628 	 0.2780
[2025/10/19 12:10:19] - 53 	 26.4 	 	 0.2000 	 4.0913 	 0.2773
[2025/10/19 12:10:19] - ==> Building model..
[2025/10/19 12:10:44] - Test Loss 	 Test Acc 	 PGD Loss 	 PGD Acc
[2025/10/19 12:10:44] - 2.5632 	 	 0.5107 	 2.8620 	 0.2777
[2025/10/19 12:11:32] - 54 	 26.4 	 	 0.2000 	 4.0939 	 0.2760
[2025/10/19 12:11:32] - ==> Building model..
[2025/10/19 12:11:58] - Test Loss 	 Test Acc 	 PGD Loss 	 PGD Acc
[2025/10/19 12:11:58] - 2.5654 	 	 0.5119 	 2.8631 	 0.2778
[2025/10/19 12:12:47] - 55 	 26.8 	 	 0.2000 	 4.0929 	 0.2765
[2025/10/19 12:12:47] - ==> Building model..
[2025/10/19 12:13:12] - Test Loss 	 Test Acc 	 PGD Loss 	 PGD Acc
[2025/10/19 12:13:12] - 2.5659 	 	 0.5112 	 2.8638 	 0.2784
[2025/10/19 12:14:02] - 56 	 27.6 	 	 0.2000 	 4.0941 	 0.2757
[2025/10/19 12:14:02] - ==> Building model..
[2025/10/19 12:14:27] - Test Loss 	 Test Acc 	 PGD Loss 	 PGD Acc
[2025/10/19 12:14:27] - 2.5683 	 	 0.5130 	 2.8652 	 0.2794
[2025/10/19 12:15:16] - 57 	 26.7 	 	 0.2000 	 4.0951 	 0.2784
[2025/10/19 12:15:16] - ==> Building model..
[2025/10/19 12:15:41] - Test Loss 	 Test Acc 	 PGD Loss 	 PGD Acc
[2025/10/19 12:15:41] - 2.5699 	 	 0.5131 	 2.8664 	 0.2802
[2025/10/19 12:16:31] - 58 	 26.8 	 	 0.2000 	 4.0949 	 0.2811
[2025/10/19 12:16:31] - ==> Building model..
[2025/10/19 12:16:56] - Test Loss 	 Test Acc 	 PGD Loss 	 PGD Acc
[2025/10/19 12:16:56] - 2.5741 	 	 0.5127 	 2.8691 	 0.2801
[2025/10/19 12:17:44] - 59 	 26.3 	 	 0.2000 	 4.0961 	 0.2788
[2025/10/19 12:17:44] - ==> Building model..
[2025/10/19 12:18:09] - Test Loss 	 Test Acc 	 PGD Loss 	 PGD Acc
[2025/10/19 12:18:09] - 2.5770 	 	 0.5125 	 2.8705 	 0.2804
[2025/10/19 12:18:57] - 60 	 26.1 	 	 0.2000 	 4.0945 	 0.2775
[2025/10/19 12:18:57] - ==> Building model..
[2025/10/19 12:19:22] - Test Loss 	 Test Acc 	 PGD Loss 	 PGD Acc
[2025/10/19 12:19:22] - 2.5808 	 	 0.5131 	 2.8738 	 0.2792
[2025/10/19 12:20:11] - 61 	 26.8 	 	 0.2000 	 4.0972 	 0.2766
[2025/10/19 12:20:11] - ==> Building model..
[2025/10/19 12:20:35] - Test Loss 	 Test Acc 	 PGD Loss 	 PGD Acc
[2025/10/19 12:20:35] - 2.5838 	 	 0.5126 	 2.8756 	 0.2797
[2025/10/19 12:21:24] - 62 	 26.6 	 	 0.2000 	 4.0958 	 0.2778
[2025/10/19 12:21:24] - ==> Building model..
[2025/10/19 12:21:48] - Test Loss 	 Test Acc 	 PGD Loss 	 PGD Acc
[2025/10/19 12:21:48] - 2.5868 	 	 0.5115 	 2.8773 	 0.2808
[2025/10/19 12:22:38] - 63 	 26.9 	 	 0.2000 	 4.0978 	 0.2742
[2025/10/19 12:22:38] - ==> Building model..
[2025/10/19 12:23:03] - Test Loss 	 Test Acc 	 PGD Loss 	 PGD Acc
[2025/10/19 12:23:03] - 2.5917 	 	 0.5127 	 2.8807 	 0.2807
[2025/10/19 12:23:52] - 64 	 27.0 	 	 0.2000 	 4.0942 	 0.2800
[2025/10/19 12:23:52] - ==> Building model..
[2025/10/19 12:24:17] - Test Loss 	 Test Acc 	 PGD Loss 	 PGD Acc
[2025/10/19 12:24:17] - 2.5948 	 	 0.5111 	 2.8823 	 0.2805
[2025/10/19 12:25:06] - 65 	 26.7 	 	 0.2000 	 4.0951 	 0.2770
[2025/10/19 12:25:06] - ==> Building model..
[2025/10/19 12:25:30] - Test Loss 	 Test Acc 	 PGD Loss 	 PGD Acc
[2025/10/19 12:25:30] - 2.5983 	 	 0.5113 	 2.8847 	 0.2796
[2025/10/19 12:26:19] - 66 	 26.5 	 	 0.2000 	 4.0951 	 0.2768
[2025/10/19 12:26:19] - ==> Building model..
[2025/10/19 12:26:44] - Test Loss 	 Test Acc 	 PGD Loss 	 PGD Acc
[2025/10/19 12:26:44] - 2.6008 	 	 0.5110 	 2.8874 	 0.2795
[2025/10/19 12:27:33] - 67 	 27.0 	 	 0.2000 	 4.0946 	 0.2772
[2025/10/19 12:27:33] - ==> Building model..
[2025/10/19 12:27:58] - Test Loss 	 Test Acc 	 PGD Loss 	 PGD Acc
[2025/10/19 12:27:58] - 2.6016 	 	 0.5104 	 2.8876 	 0.2789
[2025/10/19 12:28:47] - 68 	 27.2 	 	 0.2000 	 4.0941 	 0.2792
[2025/10/19 12:28:47] - ==> Building model..
[2025/10/19 12:29:12] - Test Loss 	 Test Acc 	 PGD Loss 	 PGD Acc
[2025/10/19 12:29:12] - 2.6008 	 	 0.5119 	 2.8871 	 0.2796
[2025/10/19 12:30:01] - 69 	 27.0 	 	 0.2000 	 4.0952 	 0.2781
[2025/10/19 12:30:01] - ==> Building model..
[2025/10/19 12:30:25] - Test Loss 	 Test Acc 	 PGD Loss 	 PGD Acc
[2025/10/19 12:30:25] - 2.6019 	 	 0.5116 	 2.8883 	 0.2789
[2025/10/19 12:31:15] - 70 	 26.8 	 	 0.2000 	 4.0960 	 0.2781
[2025/10/19 12:31:15] - ==> Building model..
[2025/10/19 12:31:39] - Test Loss 	 Test Acc 	 PGD Loss 	 PGD Acc
[2025/10/19 12:31:39] - 2.6019 	 	 0.5131 	 2.8880 	 0.2791
[2025/10/19 12:32:29] - 71 	 27.1 	 	 0.2000 	 4.0945 	 0.2767
[2025/10/19 12:32:29] - ==> Building model..
[2025/10/19 12:32:53] - Test Loss 	 Test Acc 	 PGD Loss 	 PGD Acc
[2025/10/19 12:32:53] - 2.6046 	 	 0.5132 	 2.8902 	 0.2799
[2025/10/19 12:33:42] - 72 	 26.9 	 	 0.2000 	 4.0945 	 0.2762
[2025/10/19 12:33:42] - ==> Building model..
[2025/10/19 12:34:07] - Test Loss 	 Test Acc 	 PGD Loss 	 PGD Acc
[2025/10/19 12:34:07] - 2.6055 	 	 0.5132 	 2.8911 	 0.2804
[2025/10/19 12:34:56] - 73 	 26.9 	 	 0.2000 	 4.0934 	 0.2781
[2025/10/19 12:34:56] - ==> Building model..
[2025/10/19 12:35:21] - Test Loss 	 Test Acc 	 PGD Loss 	 PGD Acc
[2025/10/19 12:35:21] - 2.6064 	 	 0.5126 	 2.8915 	 0.2811
[2025/10/19 12:36:09] - 74 	 26.5 	 	 0.2000 	 4.0946 	 0.2775
[2025/10/19 12:36:09] - ==> Building model..
[2025/10/19 12:36:33] - Test Loss 	 Test Acc 	 PGD Loss 	 PGD Acc
[2025/10/19 12:36:33] - 2.6072 	 	 0.5133 	 2.8923 	 0.2815
[2025/10/19 12:37:26] - 75 	 28.2 	 	 0.2000 	 4.0935 	 0.2775
[2025/10/19 12:37:26] - ==> Building model..
[2025/10/19 12:37:49] - Test Loss 	 Test Acc 	 PGD Loss 	 PGD Acc
[2025/10/19 12:37:49] - 2.6069 	 	 0.5146 	 2.8924 	 0.2795
[2025/10/19 12:38:39] - 76 	 27.3 	 	 0.2000 	 4.0946 	 0.2780
[2025/10/19 12:38:39] - ==> Building model..
[2025/10/19 12:39:03] - Test Loss 	 Test Acc 	 PGD Loss 	 PGD Acc
[2025/10/19 12:39:03] - 2.6099 	 	 0.5124 	 2.8948 	 0.2791
[2025/10/19 12:39:53] - 77 	 27.3 	 	 0.2000 	 4.0933 	 0.2805
[2025/10/19 12:39:53] - ==> Building model..
[2025/10/19 12:40:17] - Test Loss 	 Test Acc 	 PGD Loss 	 PGD Acc
[2025/10/19 12:40:17] - 2.6125 	 	 0.5113 	 2.8960 	 0.2792
[2025/10/19 12:41:09] - 78 	 28.3 	 	 0.2000 	 4.0932 	 0.2775
[2025/10/19 12:41:09] - ==> Building model..
[2025/10/19 12:41:32] - Test Loss 	 Test Acc 	 PGD Loss 	 PGD Acc
[2025/10/19 12:41:32] - 2.6126 	 	 0.5118 	 2.8957 	 0.2800
[2025/10/19 12:42:25] - 79 	 28.8 	 	 0.2000 	 4.0930 	 0.2789
[2025/10/19 12:42:25] - ==> Building model..
[2025/10/19 12:42:49] - Test Loss 	 Test Acc 	 PGD Loss 	 PGD Acc
[2025/10/19 12:42:49] - 2.6126 	 	 0.5108 	 2.8956 	 0.2797
[2025/10/19 12:43:39] - 80 	 28.1 	 	 0.2000 	 4.0910 	 0.2803
[2025/10/19 12:43:39] - ==> Building model..
[2025/10/19 12:44:04] - Test Loss 	 Test Acc 	 PGD Loss 	 PGD Acc
[2025/10/19 12:44:04] - 2.6138 	 	 0.5110 	 2.8968 	 0.2812
[2025/10/19 12:44:55] - 81 	 28.5 	 	 0.2000 	 4.0931 	 0.2790
[2025/10/19 12:44:55] - ==> Building model..
[2025/10/19 12:45:18] - Test Loss 	 Test Acc 	 PGD Loss 	 PGD Acc
[2025/10/19 12:45:18] - 2.6126 	 	 0.5126 	 2.8962 	 0.2813
[2025/10/19 12:46:09] - 82 	 27.7 	 	 0.2000 	 4.0927 	 0.2795
[2025/10/19 12:46:09] - ==> Building model..
[2025/10/19 12:46:33] - Test Loss 	 Test Acc 	 PGD Loss 	 PGD Acc
[2025/10/19 12:46:33] - 2.6108 	 	 0.5116 	 2.8951 	 0.2829
[2025/10/19 12:47:23] - 83 	 28.0 	 	 0.2000 	 4.0905 	 0.2806
[2025/10/19 12:47:23] - ==> Building model..
[2025/10/19 12:47:48] - Test Loss 	 Test Acc 	 PGD Loss 	 PGD Acc
[2025/10/19 12:47:48] - 2.6104 	 	 0.5135 	 2.8947 	 0.2821
[2025/10/19 12:48:38] - 84 	 28.5 	 	 0.2000 	 4.0939 	 0.2774
[2025/10/19 12:48:38] - ==> Building model..
[2025/10/19 12:49:02] - Test Loss 	 Test Acc 	 PGD Loss 	 PGD Acc
[2025/10/19 12:49:02] - 2.6108 	 	 0.5129 	 2.8950 	 0.2832
[2025/10/19 12:49:51] - 85 	 27.5 	 	 0.2000 	 4.0939 	 0.2789
[2025/10/19 12:49:51] - ==> Building model..
[2025/10/19 12:50:15] - Test Loss 	 Test Acc 	 PGD Loss 	 PGD Acc
[2025/10/19 12:50:15] - 2.6119 	 	 0.5127 	 2.8958 	 0.2822
[2025/10/19 12:51:06] - 86 	 28.9 	 	 0.2000 	 4.0926 	 0.2774
[2025/10/19 12:51:06] - ==> Building model..
[2025/10/19 12:51:30] - Test Loss 	 Test Acc 	 PGD Loss 	 PGD Acc
[2025/10/19 12:51:30] - 2.6133 	 	 0.5126 	 2.8967 	 0.2808
[2025/10/19 12:52:20] - 87 	 28.2 	 	 0.2000 	 4.0928 	 0.2815
[2025/10/19 12:52:20] - ==> Building model..
[2025/10/19 12:52:45] - Test Loss 	 Test Acc 	 PGD Loss 	 PGD Acc
[2025/10/19 12:52:45] - 2.6141 	 	 0.5130 	 2.8972 	 0.2809
[2025/10/19 12:53:36] - 88 	 28.6 	 	 0.2000 	 4.0946 	 0.2782
[2025/10/19 12:53:36] - ==> Building model..
[2025/10/19 12:54:00] - Test Loss 	 Test Acc 	 PGD Loss 	 PGD Acc
[2025/10/19 12:54:00] - 2.6170 	 	 0.5129 	 2.9002 	 0.2795
[2025/10/19 12:54:51] - 89 	 28.1 	 	 0.2000 	 4.0929 	 0.2812
[2025/10/19 12:54:51] - ==> Building model..
[2025/10/19 12:55:15] - Test Loss 	 Test Acc 	 PGD Loss 	 PGD Acc
[2025/10/19 12:55:15] - 2.6173 	 	 0.5135 	 2.8998 	 0.2796
[2025/10/19 12:56:07] - 90 	 28.8 	 	 0.2000 	 4.0920 	 0.2799
[2025/10/19 12:56:07] - ==> Building model..
[2025/10/19 12:56:31] - Test Loss 	 Test Acc 	 PGD Loss 	 PGD Acc
[2025/10/19 12:56:31] - 2.6193 	 	 0.5125 	 2.9009 	 0.2795
[2025/10/19 12:57:23] - 91 	 28.6 	 	 0.2000 	 4.0936 	 0.2775
[2025/10/19 12:57:23] - ==> Building model..
[2025/10/19 12:57:46] - Test Loss 	 Test Acc 	 PGD Loss 	 PGD Acc
[2025/10/19 12:57:46] - 2.6202 	 	 0.5124 	 2.9019 	 0.2795
[2025/10/19 12:58:38] - 92 	 28.8 	 	 0.2000 	 4.0950 	 0.2775
[2025/10/19 12:58:38] - ==> Building model..
[2025/10/19 12:59:02] - Test Loss 	 Test Acc 	 PGD Loss 	 PGD Acc
[2025/10/19 12:59:02] - 2.6238 	 	 0.5136 	 2.9050 	 0.2795
[2025/10/19 12:59:54] - 93 	 28.7 	 	 0.2000 	 4.0940 	 0.2786
[2025/10/19 12:59:54] - ==> Building model..
[2025/10/19 13:00:18] - Test Loss 	 Test Acc 	 PGD Loss 	 PGD Acc
[2025/10/19 13:00:18] - 2.6246 	 	 0.5128 	 2.9058 	 0.2807
[2025/10/19 13:01:09] - 94 	 28.7 	 	 0.0200 	 4.0015 	 0.3361
[2025/10/19 13:01:09] - ==> Building model..
[2025/10/19 13:01:32] - Test Loss 	 Test Acc 	 PGD Loss 	 PGD Acc
[2025/10/19 13:01:32] - 2.6221 	 	 0.5128 	 2.9037 	 0.2810
[2025/10/19 13:02:22] - 95 	 27.5 	 	 0.0200 	 3.9091 	 0.4006
[2025/10/19 13:02:22] - ==> Building model..
[2025/10/19 13:02:47] - Test Loss 	 Test Acc 	 PGD Loss 	 PGD Acc
[2025/10/19 13:02:47] - 2.6202 	 	 0.5131 	 2.9021 	 0.2816
[2025/10/19 13:03:38] - 96 	 28.6 	 	 0.0200 	 3.8842 	 0.4182
[2025/10/19 13:03:38] - ==> Building model..
[2025/10/19 13:04:02] - Test Loss 	 Test Acc 	 PGD Loss 	 PGD Acc
[2025/10/19 13:04:02] - 2.6199 	 	 0.5134 	 2.9018 	 0.2818
[2025/10/19 13:04:52] - 97 	 27.6 	 	 0.0200 	 3.8660 	 0.4300
[2025/10/19 13:04:52] - ==> Building model..
[2025/10/19 13:05:16] - Test Loss 	 Test Acc 	 PGD Loss 	 PGD Acc
[2025/10/19 13:05:16] - 2.6204 	 	 0.5135 	 2.9025 	 0.2808
[2025/10/19 13:06:05] - 98 	 27.5 	 	 0.0200 	 3.8509 	 0.4389
[2025/10/19 13:06:05] - ==> Building model..
[2025/10/19 13:06:29] - Test Loss 	 Test Acc 	 PGD Loss 	 PGD Acc
[2025/10/19 13:06:29] - 2.6209 	 	 0.5135 	 2.9031 	 0.2818
[2025/10/19 13:07:21] - 99 	 28.7 	 	 0.0020 	 3.8206 	 0.4628
[2025/10/19 13:07:21] - ==> Building model..
[2025/10/19 13:07:44] - Test Loss 	 Test Acc 	 PGD Loss 	 PGD Acc
[2025/10/19 13:07:44] - 2.6209 	 	 0.5135 	 2.9030 	 0.2815
[2025/10/19 13:08:35] - 100 	 28.0 	 	 0.0020 	 3.7913 	 0.4883
[2025/10/19 13:08:35] - ==> Building model..
[2025/10/19 13:08:59] - Test Loss 	 Test Acc 	 PGD Loss 	 PGD Acc
[2025/10/19 13:08:59] - 2.6214 	 	 0.5135 	 2.9034 	 0.2819
[2025/10/19 13:09:50] - 101 	 27.8 	 	 0.0020 	 3.7858 	 0.4913
[2025/10/19 13:09:50] - ==> Building model..
[2025/10/19 13:10:14] - Test Loss 	 Test Acc 	 PGD Loss 	 PGD Acc
[2025/10/19 13:10:14] - 2.6218 	 	 0.5136 	 2.9044 	 0.2818
[2025/10/19 13:11:06] - 102 	 28.7 	 	 0.0020 	 3.7793 	 0.4971
[2025/10/19 13:11:06] - ==> Building model..
[2025/10/19 13:11:31] - Test Loss 	 Test Acc 	 PGD Loss 	 PGD Acc
[2025/10/19 13:11:31] - 2.6218 	 	 0.5136 	 2.9035 	 0.2821
[2025/10/19 13:12:21] - 103 	 27.7 	 	 0.0020 	 3.7746 	 0.5010
[2025/10/19 13:12:21] - ==> Building model..
[2025/10/19 13:12:45] - Test Loss 	 Test Acc 	 PGD Loss 	 PGD Acc
[2025/10/19 13:12:45] - 2.6218 	 	 0.5136 	 2.9045 	 0.2815
[2025/10/19 13:13:36] - 104 	 28.2 	 	 0.0020 	 3.7707 	 0.5041
[2025/10/19 13:13:36] - ==> Building model..
[2025/10/19 13:14:00] - Test Loss 	 Test Acc 	 PGD Loss 	 PGD Acc
[2025/10/19 13:14:00] - 2.6218 	 	 0.5136 	 2.9040 	 0.2815
[2025/10/19 13:14:50] - 105 	 27.4 	 	 0.0020 	 3.7663 	 0.5073
[2025/10/19 13:14:50] - ==> Building model..
[2025/10/19 13:15:14] - Test Loss 	 Test Acc 	 PGD Loss 	 PGD Acc
[2025/10/19 13:15:14] - 2.6218 	 	 0.5136 	 2.9036 	 0.2816
[2025/10/19 13:16:03] - 106 	 27.1 	 	 0.0020 	 3.7623 	 0.5106
[2025/10/19 13:16:03] - ==> Building model..
[2025/10/19 13:16:28] - Test Loss 	 Test Acc 	 PGD Loss 	 PGD Acc
[2025/10/19 13:16:28] - 2.6225 	 	 0.5136 	 2.9040 	 0.2817
[2025/10/19 13:17:17] - 107 	 26.8 	 	 0.0020 	 3.7595 	 0.5111
[2025/10/19 13:17:17] - ==> Building model..
[2025/10/19 13:17:40] - Test Loss 	 Test Acc 	 PGD Loss 	 PGD Acc
[2025/10/19 13:17:40] - 2.6231 	 	 0.5135 	 2.9050 	 0.2819
[2025/10/19 13:18:32] - 108 	 28.2 	 	 0.0020 	 3.7556 	 0.5167
[2025/10/19 13:18:32] - ==> Building model..
[2025/10/19 13:18:55] - Test Loss 	 Test Acc 	 PGD Loss 	 PGD Acc
[2025/10/19 13:18:55] - 2.6231 	 	 0.5135 	 2.9047 	 0.2817
[2025/10/19 13:19:47] - 109 	 28.0 	 	 0.0020 	 3.7511 	 0.5192
[2025/10/19 13:19:47] - ==> Building model..
[2025/10/19 13:20:10] - Test Loss 	 Test Acc 	 PGD Loss 	 PGD Acc
[2025/10/19 13:20:10] - 2.6231 	 	 0.5135 	 2.9050 	 0.2818
[2025/10/19 13:20:10] - [0.0849, 0.1477, 0.1913, 0.238, 0.2756, 0.3033, 0.343, 0.378, 0.4005, 0.4131, 0.4252, 0.435, 0.444, 0.4504, 0.456, 0.4624, 0.4646, 0.4691, 0.4749, 0.4762, 0.4812, 0.4837, 0.4861, 0.4875, 0.4886, 0.4887, 0.4903, 0.4918, 0.4926, 0.4923, 0.4934, 0.495, 0.4966, 0.4988, 0.5005, 0.5007, 0.5023, 0.5023, 0.5027, 0.5036, 0.5044, 0.5053, 0.5055, 0.5076, 0.5086, 0.5084, 0.5082, 0.5083, 0.5099, 0.5109, 0.5116, 0.512, 0.5106, 0.5107, 0.5119, 0.5112, 0.513, 0.5131, 0.5127, 0.5125, 0.5131, 0.5126, 0.5115, 0.5127, 0.5111, 0.5113, 0.511, 0.5104, 0.5119, 0.5116, 0.5131, 0.5132, 0.5132, 0.5126, 0.5133, 0.5146, 0.5124, 0.5113, 0.5118, 0.5108, 0.511, 0.5126, 0.5116, 0.5135, 0.5129, 0.5127, 0.5126, 0.513, 0.5129, 0.5135, 0.5125, 0.5124, 0.5136, 0.5128, 0.5128, 0.5131, 0.5134, 0.5135, 0.5135, 0.5135, 0.5135, 0.5136, 0.5136, 0.5136, 0.5136, 0.5136, 0.5136, 0.5135, 0.5135, 0.5135]
[2025/10/19 13:20:10] - [0.0595, 0.0967, 0.1215, 0.1413, 0.1626, 0.1761, 0.19, 0.2036, 0.2156, 0.2221, 0.2288, 0.2344, 0.2389, 0.2437, 0.2458, 0.2504, 0.25, 0.2546, 0.2569, 0.2586, 0.2599, 0.2602, 0.261, 0.2615, 0.2633, 0.2652, 0.2656, 0.2653, 0.265, 0.2665, 0.2659, 0.2676, 0.2684, 0.2707, 0.2707, 0.271, 0.2742, 0.2746, 0.2741, 0.2728, 0.2737, 0.2741, 0.2761, 0.2757, 0.2763, 0.2778, 0.2765, 0.2783, 0.2778, 0.2764, 0.2774, 0.2784, 0.278, 0.2777, 0.2778, 0.2784, 0.2794, 0.2802, 0.2801, 0.2804, 0.2792, 0.2797, 0.2808, 0.2807, 0.2805, 0.2796, 0.2795, 0.2789, 0.2796, 0.2789, 0.2791, 0.2799, 0.2804, 0.2811, 0.2815, 0.2795, 0.2791, 0.2792, 0.28, 0.2797, 0.2812, 0.2813, 0.2829, 0.2821, 0.2832, 0.2822, 0.2808, 0.2809, 0.2795, 0.2796, 0.2795, 0.2795, 0.2795, 0.2807, 0.281, 0.2816, 0.2818, 0.2808, 0.2818, 0.2815, 0.2819, 0.2818, 0.2821, 0.2815, 0.2815, 0.2816, 0.2817, 0.2819, 0.2817, 0.2818]
