[2025/10/19 01:42:28] - Namespace(batch_size=128, data_dir='cifar-data', epochs=110, lr_schedule='multistep', lr_min=0.0, lr_max=0.2, weight_decay=0.0005, momentum=0.9, model='ResNet18', epsilon=8, alpha=8, delta_init='random', normal_mean=0, normal_std=1, out_dir='runs/beta_0.4/lam_44/lscale_0.09/seed_0', seed=0, lamda=44.0, lam_scale=0.09, lam_start=50, gamma=0.05, inner_gamma=0.05, beta=0.4, mu=3.5, batch_m=0.75, early_stop=False, factor=0.5, length=4, n_holes=1, c_num=0.125, EMA_value=0.55)
[2025/10/19 01:42:30] - ==> Building model..
[2025/10/19 01:42:31] - Epoch 	 Seconds 	 LR 	 	 Train Loss 	 Train Acc
[2025/10/19 01:43:26] - 0 	 29.9 	 	 0.2000 	 4.5762 	 0.0375
[2025/10/19 01:43:26] - ==> Building model..
[2025/10/19 01:43:50] - Test Loss 	 Test Acc 	 PGD Loss 	 PGD Acc
[2025/10/19 01:43:50] - 4.2684 	 	 0.0746 	 4.2793 	 0.0511
[2025/10/19 01:44:42] - 1 	 27.4 	 	 0.2000 	 4.4632 	 0.0758
[2025/10/19 01:44:42] - ==> Building model..
[2025/10/19 01:45:07] - Test Loss 	 Test Acc 	 PGD Loss 	 PGD Acc
[2025/10/19 01:45:07] - 4.0732 	 	 0.1342 	 4.0994 	 0.0887
[2025/10/19 01:45:58] - 2 	 27.8 	 	 0.2000 	 4.4097 	 0.1036
[2025/10/19 01:45:58] - ==> Building model..
[2025/10/19 01:46:22] - Test Loss 	 Test Acc 	 PGD Loss 	 PGD Acc
[2025/10/19 01:46:22] - 3.9323 	 	 0.1778 	 3.9748 	 0.1107
[2025/10/19 01:47:16] - 3 	 29.3 	 	 0.2000 	 4.3638 	 0.1248
[2025/10/19 01:47:16] - ==> Building model..
[2025/10/19 01:47:39] - Test Loss 	 Test Acc 	 PGD Loss 	 PGD Acc
[2025/10/19 01:47:39] - 3.7514 	 	 0.2286 	 3.8180 	 0.1337
[2025/10/19 01:48:31] - 4 	 28.4 	 	 0.2000 	 4.3223 	 0.1469
[2025/10/19 01:48:31] - ==> Building model..
[2025/10/19 01:48:56] - Test Loss 	 Test Acc 	 PGD Loss 	 PGD Acc
[2025/10/19 01:48:56] - 3.6285 	 	 0.2621 	 3.7159 	 0.1553
[2025/10/19 01:49:50] - 5 	 29.1 	 	 0.2000 	 4.2852 	 0.1642
[2025/10/19 01:49:50] - ==> Building model..
[2025/10/19 01:50:15] - Test Loss 	 Test Acc 	 PGD Loss 	 PGD Acc
[2025/10/19 01:50:15] - 3.4542 	 	 0.2972 	 3.5689 	 0.1742
[2025/10/19 01:51:08] - 6 	 29.6 	 	 0.2000 	 4.2537 	 0.1823
[2025/10/19 01:51:08] - ==> Building model..
[2025/10/19 01:51:32] - Test Loss 	 Test Acc 	 PGD Loss 	 PGD Acc
[2025/10/19 01:51:32] - 3.2422 	 	 0.3363 	 3.3869 	 0.1897
[2025/10/19 01:52:26] - 7 	 28.9 	 	 0.2000 	 4.2299 	 0.1964
[2025/10/19 01:52:26] - ==> Building model..
[2025/10/19 01:52:50] - Test Loss 	 Test Acc 	 PGD Loss 	 PGD Acc
[2025/10/19 01:52:50] - 3.0954 	 	 0.3718 	 3.2671 	 0.2056
[2025/10/19 01:53:43] - 8 	 28.6 	 	 0.2000 	 4.2107 	 0.2058
[2025/10/19 01:53:43] - ==> Building model..
[2025/10/19 01:54:07] - Test Loss 	 Test Acc 	 PGD Loss 	 PGD Acc
[2025/10/19 01:54:07] - 2.9964 	 	 0.3937 	 3.1894 	 0.2155
[2025/10/19 01:55:00] - 9 	 28.6 	 	 0.2000 	 4.1944 	 0.2163
[2025/10/19 01:55:00] - ==> Building model..
[2025/10/19 01:55:24] - Test Loss 	 Test Acc 	 PGD Loss 	 PGD Acc
[2025/10/19 01:55:24] - 2.9438 	 	 0.4067 	 3.1492 	 0.2232
[2025/10/19 01:56:16] - 10 	 28.7 	 	 0.2000 	 4.1811 	 0.2238
[2025/10/19 01:56:16] - ==> Building model..
[2025/10/19 01:56:40] - Test Loss 	 Test Acc 	 PGD Loss 	 PGD Acc
[2025/10/19 01:56:40] - 2.8867 	 	 0.4209 	 3.1046 	 0.2303
[2025/10/19 01:57:32] - 11 	 28.6 	 	 0.2000 	 4.1730 	 0.2268
[2025/10/19 01:57:32] - ==> Building model..
[2025/10/19 01:57:55] - Test Loss 	 Test Acc 	 PGD Loss 	 PGD Acc
[2025/10/19 01:57:55] - 2.8430 	 	 0.4309 	 3.0709 	 0.2342
[2025/10/19 01:58:49] - 12 	 29.4 	 	 0.2000 	 4.1626 	 0.2331
[2025/10/19 01:58:49] - ==> Building model..
[2025/10/19 01:59:12] - Test Loss 	 Test Acc 	 PGD Loss 	 PGD Acc
[2025/10/19 01:59:12] - 2.8042 	 	 0.4419 	 3.0415 	 0.2394
[2025/10/19 02:00:04] - 13 	 28.4 	 	 0.2000 	 4.1589 	 0.2352
[2025/10/19 02:00:04] - ==> Building model..
[2025/10/19 02:00:28] - Test Loss 	 Test Acc 	 PGD Loss 	 PGD Acc
[2025/10/19 02:00:28] - 2.7816 	 	 0.4517 	 3.0257 	 0.2420
[2025/10/19 02:01:20] - 14 	 28.7 	 	 0.2000 	 4.1528 	 0.2395
[2025/10/19 02:01:20] - ==> Building model..
[2025/10/19 02:01:45] - Test Loss 	 Test Acc 	 PGD Loss 	 PGD Acc
[2025/10/19 02:01:45] - 2.7586 	 	 0.4571 	 3.0080 	 0.2469
[2025/10/19 02:02:38] - 15 	 29.2 	 	 0.2000 	 4.1445 	 0.2421
[2025/10/19 02:02:38] - ==> Building model..
[2025/10/19 02:03:02] - Test Loss 	 Test Acc 	 PGD Loss 	 PGD Acc
[2025/10/19 02:03:02] - 2.7334 	 	 0.4611 	 2.9882 	 0.2474
[2025/10/19 02:03:56] - 16 	 29.3 	 	 0.2000 	 4.1404 	 0.2469
[2025/10/19 02:03:56] - ==> Building model..
[2025/10/19 02:04:19] - Test Loss 	 Test Acc 	 PGD Loss 	 PGD Acc
[2025/10/19 02:04:19] - 2.7217 	 	 0.4622 	 2.9784 	 0.2507
[2025/10/19 02:05:12] - 17 	 28.8 	 	 0.2000 	 4.1385 	 0.2469
[2025/10/19 02:05:12] - ==> Building model..
[2025/10/19 02:05:36] - Test Loss 	 Test Acc 	 PGD Loss 	 PGD Acc
[2025/10/19 02:05:36] - 2.7080 	 	 0.4685 	 2.9697 	 0.2533
[2025/10/19 02:06:28] - 18 	 28.2 	 	 0.2000 	 4.1322 	 0.2515
[2025/10/19 02:06:28] - ==> Building model..
[2025/10/19 02:06:53] - Test Loss 	 Test Acc 	 PGD Loss 	 PGD Acc
[2025/10/19 02:06:53] - 2.6926 	 	 0.4732 	 2.9585 	 0.2558
[2025/10/19 02:07:46] - 19 	 28.9 	 	 0.2000 	 4.1283 	 0.2537
[2025/10/19 02:07:46] - ==> Building model..
[2025/10/19 02:08:10] - Test Loss 	 Test Acc 	 PGD Loss 	 PGD Acc
[2025/10/19 02:08:10] - 2.6737 	 	 0.4783 	 2.9436 	 0.2579
[2025/10/19 02:09:02] - 20 	 28.3 	 	 0.2000 	 4.1273 	 0.2552
[2025/10/19 02:09:02] - ==> Building model..
[2025/10/19 02:09:25] - Test Loss 	 Test Acc 	 PGD Loss 	 PGD Acc
[2025/10/19 02:09:25] - 2.6637 	 	 0.4806 	 2.9364 	 0.2597
[2025/10/19 02:10:18] - 21 	 28.8 	 	 0.2000 	 4.1231 	 0.2562
[2025/10/19 02:10:18] - ==> Building model..
[2025/10/19 02:10:42] - Test Loss 	 Test Acc 	 PGD Loss 	 PGD Acc
[2025/10/19 02:10:42] - 2.6545 	 	 0.4834 	 2.9300 	 0.2566
[2025/10/19 02:11:36] - 22 	 29.3 	 	 0.2000 	 4.1232 	 0.2563
[2025/10/19 02:11:36] - ==> Building model..
[2025/10/19 02:11:59] - Test Loss 	 Test Acc 	 PGD Loss 	 PGD Acc
[2025/10/19 02:11:59] - 2.6510 	 	 0.4834 	 2.9277 	 0.2577
[2025/10/19 02:12:49] - 23 	 27.7 	 	 0.2000 	 4.1211 	 0.2570
[2025/10/19 02:12:49] - ==> Building model..
[2025/10/19 02:13:13] - Test Loss 	 Test Acc 	 PGD Loss 	 PGD Acc
[2025/10/19 02:13:13] - 2.6471 	 	 0.4865 	 2.9245 	 0.2587
[2025/10/19 02:14:05] - 24 	 28.9 	 	 0.2000 	 4.1175 	 0.2595
[2025/10/19 02:14:05] - ==> Building model..
[2025/10/19 02:14:29] - Test Loss 	 Test Acc 	 PGD Loss 	 PGD Acc
[2025/10/19 02:14:29] - 2.6460 	 	 0.4868 	 2.9246 	 0.2611
[2025/10/19 02:15:23] - 25 	 29.2 	 	 0.2000 	 4.1149 	 0.2634
[2025/10/19 02:15:23] - ==> Building model..
[2025/10/19 02:15:47] - Test Loss 	 Test Acc 	 PGD Loss 	 PGD Acc
[2025/10/19 02:15:47] - 2.6390 	 	 0.4877 	 2.9200 	 0.2614
[2025/10/19 02:16:39] - 26 	 29.0 	 	 0.2000 	 4.1124 	 0.2625
[2025/10/19 02:16:39] - ==> Building model..
[2025/10/19 02:17:03] - Test Loss 	 Test Acc 	 PGD Loss 	 PGD Acc
[2025/10/19 02:17:03] - 2.6262 	 	 0.4903 	 2.9086 	 0.2650
[2025/10/19 02:17:57] - 27 	 29.0 	 	 0.2000 	 4.1110 	 0.2647
[2025/10/19 02:17:57] - ==> Building model..
[2025/10/19 02:18:21] - Test Loss 	 Test Acc 	 PGD Loss 	 PGD Acc
[2025/10/19 02:18:21] - 2.6221 	 	 0.4913 	 2.9060 	 0.2661
[2025/10/19 02:19:13] - 28 	 29.0 	 	 0.2000 	 4.1112 	 0.2637
[2025/10/19 02:19:13] - ==> Building model..
[2025/10/19 02:19:37] - Test Loss 	 Test Acc 	 PGD Loss 	 PGD Acc
[2025/10/19 02:19:37] - 2.6185 	 	 0.4933 	 2.9038 	 0.2658
[2025/10/19 02:20:29] - 29 	 28.3 	 	 0.2000 	 4.1088 	 0.2655
[2025/10/19 02:20:29] - ==> Building model..
[2025/10/19 02:20:53] - Test Loss 	 Test Acc 	 PGD Loss 	 PGD Acc
[2025/10/19 02:20:53] - 2.6119 	 	 0.4958 	 2.8998 	 0.2683
[2025/10/19 02:21:45] - 30 	 28.7 	 	 0.2000 	 4.1092 	 0.2632
[2025/10/19 02:21:45] - ==> Building model..
[2025/10/19 02:22:09] - Test Loss 	 Test Acc 	 PGD Loss 	 PGD Acc
[2025/10/19 02:22:09] - 2.6121 	 	 0.4958 	 2.9002 	 0.2688
[2025/10/19 02:23:01] - 31 	 28.2 	 	 0.2000 	 4.1061 	 0.2671
[2025/10/19 02:23:01] - ==> Building model..
[2025/10/19 02:23:25] - Test Loss 	 Test Acc 	 PGD Loss 	 PGD Acc
[2025/10/19 02:23:25] - 2.6064 	 	 0.4983 	 2.8960 	 0.2669
[2025/10/19 02:24:18] - 32 	 29.2 	 	 0.2000 	 4.1058 	 0.2649
[2025/10/19 02:24:18] - ==> Building model..
[2025/10/19 02:24:41] - Test Loss 	 Test Acc 	 PGD Loss 	 PGD Acc
[2025/10/19 02:24:41] - 2.6040 	 	 0.4988 	 2.8940 	 0.2691
[2025/10/19 02:25:33] - 33 	 28.1 	 	 0.2000 	 4.1054 	 0.2670
[2025/10/19 02:25:33] - ==> Building model..
[2025/10/19 02:25:56] - Test Loss 	 Test Acc 	 PGD Loss 	 PGD Acc
[2025/10/19 02:25:56] - 2.5991 	 	 0.4989 	 2.8901 	 0.2697
[2025/10/19 02:26:48] - 34 	 28.5 	 	 0.2000 	 4.1051 	 0.2664
[2025/10/19 02:26:48] - ==> Building model..
[2025/10/19 02:27:13] - Test Loss 	 Test Acc 	 PGD Loss 	 PGD Acc
[2025/10/19 02:27:13] - 2.5990 	 	 0.4976 	 2.8901 	 0.2697
[2025/10/19 02:28:07] - 35 	 29.3 	 	 0.2000 	 4.1010 	 0.2712
[2025/10/19 02:28:07] - ==> Building model..
[2025/10/19 02:28:30] - Test Loss 	 Test Acc 	 PGD Loss 	 PGD Acc
[2025/10/19 02:28:30] - 2.5968 	 	 0.4986 	 2.8879 	 0.2708
[2025/10/19 02:29:22] - 36 	 28.4 	 	 0.2000 	 4.1011 	 0.2705
[2025/10/19 02:29:22] - ==> Building model..
[2025/10/19 02:29:46] - Test Loss 	 Test Acc 	 PGD Loss 	 PGD Acc
[2025/10/19 02:29:46] - 2.5966 	 	 0.4975 	 2.8873 	 0.2709
[2025/10/19 02:30:41] - 37 	 29.8 	 	 0.2000 	 4.1006 	 0.2696
[2025/10/19 02:30:41] - ==> Building model..
[2025/10/19 02:31:05] - Test Loss 	 Test Acc 	 PGD Loss 	 PGD Acc
[2025/10/19 02:31:05] - 2.5949 	 	 0.4998 	 2.8868 	 0.2700
[2025/10/19 02:31:58] - 38 	 29.2 	 	 0.2000 	 4.0987 	 0.2704
[2025/10/19 02:31:58] - ==> Building model..
[2025/10/19 02:32:21] - Test Loss 	 Test Acc 	 PGD Loss 	 PGD Acc
[2025/10/19 02:32:21] - 2.5902 	 	 0.5025 	 2.8830 	 0.2721
[2025/10/19 02:33:16] - 39 	 28.7 	 	 0.2000 	 4.0980 	 0.2708
[2025/10/19 02:33:16] - ==> Building model..
[2025/10/19 02:33:39] - Test Loss 	 Test Acc 	 PGD Loss 	 PGD Acc
[2025/10/19 02:33:39] - 2.5872 	 	 0.5012 	 2.8801 	 0.2735
[2025/10/19 02:34:33] - 40 	 29.3 	 	 0.2000 	 4.0981 	 0.2727
[2025/10/19 02:34:33] - ==> Building model..
[2025/10/19 02:34:56] - Test Loss 	 Test Acc 	 PGD Loss 	 PGD Acc
[2025/10/19 02:34:56] - 2.5866 	 	 0.5018 	 2.8797 	 0.2732
[2025/10/19 02:35:49] - 41 	 28.6 	 	 0.2000 	 4.0978 	 0.2722
[2025/10/19 02:35:49] - ==> Building model..
[2025/10/19 02:36:13] - Test Loss 	 Test Acc 	 PGD Loss 	 PGD Acc
[2025/10/19 02:36:13] - 2.5842 	 	 0.5019 	 2.8775 	 0.2720
[2025/10/19 02:37:06] - 42 	 28.5 	 	 0.2000 	 4.0983 	 0.2705
[2025/10/19 02:37:06] - ==> Building model..
[2025/10/19 02:37:30] - Test Loss 	 Test Acc 	 PGD Loss 	 PGD Acc
[2025/10/19 02:37:30] - 2.5828 	 	 0.5026 	 2.8771 	 0.2732
[2025/10/19 02:38:23] - 43 	 28.7 	 	 0.2000 	 4.0973 	 0.2704
[2025/10/19 02:38:23] - ==> Building model..
[2025/10/19 02:38:46] - Test Loss 	 Test Acc 	 PGD Loss 	 PGD Acc
[2025/10/19 02:38:46] - 2.5818 	 	 0.5041 	 2.8763 	 0.2737
[2025/10/19 02:39:39] - 44 	 28.8 	 	 0.2000 	 4.0963 	 0.2729
[2025/10/19 02:39:39] - ==> Building model..
[2025/10/19 02:40:03] - Test Loss 	 Test Acc 	 PGD Loss 	 PGD Acc
[2025/10/19 02:40:03] - 2.5839 	 	 0.5046 	 2.8779 	 0.2743
[2025/10/19 02:40:57] - 45 	 28.9 	 	 0.2000 	 4.0950 	 0.2724
[2025/10/19 02:40:57] - ==> Building model..
[2025/10/19 02:41:20] - Test Loss 	 Test Acc 	 PGD Loss 	 PGD Acc
[2025/10/19 02:41:20] - 2.5843 	 	 0.5057 	 2.8792 	 0.2756
[2025/10/19 02:42:14] - 46 	 29.6 	 	 0.2000 	 4.0919 	 0.2748
[2025/10/19 02:42:14] - ==> Building model..
[2025/10/19 02:42:37] - Test Loss 	 Test Acc 	 PGD Loss 	 PGD Acc
[2025/10/19 02:42:37] - 2.5794 	 	 0.5082 	 2.8758 	 0.2769
[2025/10/19 02:43:30] - 47 	 28.2 	 	 0.2000 	 4.0935 	 0.2733
[2025/10/19 02:43:30] - ==> Building model..
[2025/10/19 02:43:53] - Test Loss 	 Test Acc 	 PGD Loss 	 PGD Acc
[2025/10/19 02:43:53] - 2.5770 	 	 0.5087 	 2.8738 	 0.2764
[2025/10/19 02:44:45] - 48 	 28.6 	 	 0.2000 	 4.0908 	 0.2773
[2025/10/19 02:44:45] - ==> Building model..
[2025/10/19 02:45:09] - Test Loss 	 Test Acc 	 PGD Loss 	 PGD Acc
[2025/10/19 02:45:09] - 2.5746 	 	 0.5097 	 2.8720 	 0.2764
[2025/10/19 02:46:02] - 49 	 28.8 	 	 0.2000 	 4.0905 	 0.2779
[2025/10/19 02:46:02] - ==> Building model..
[2025/10/19 02:46:26] - Test Loss 	 Test Acc 	 PGD Loss 	 PGD Acc
[2025/10/19 02:46:26] - 2.5724 	 	 0.5112 	 2.8698 	 0.2776
[2025/10/19 02:47:17] - 50 	 27.7 	 	 0.2000 	 4.0913 	 0.2746
[2025/10/19 02:47:17] - ==> Building model..
[2025/10/19 02:47:40] - Test Loss 	 Test Acc 	 PGD Loss 	 PGD Acc
[2025/10/19 02:47:40] - 2.5694 	 	 0.5107 	 2.8674 	 0.2784
[2025/10/19 02:48:33] - 51 	 28.5 	 	 0.2000 	 4.0922 	 0.2751
[2025/10/19 02:48:33] - ==> Building model..
[2025/10/19 02:48:55] - Test Loss 	 Test Acc 	 PGD Loss 	 PGD Acc
[2025/10/19 02:48:55] - 2.5706 	 	 0.5109 	 2.8689 	 0.2783
[2025/10/19 02:49:47] - 52 	 27.7 	 	 0.2000 	 4.0923 	 0.2749
[2025/10/19 02:49:47] - ==> Building model..
[2025/10/19 02:50:11] - Test Loss 	 Test Acc 	 PGD Loss 	 PGD Acc
[2025/10/19 02:50:11] - 2.5736 	 	 0.5099 	 2.8718 	 0.2775
[2025/10/19 02:51:03] - 53 	 29.0 	 	 0.2000 	 4.0914 	 0.2769
[2025/10/19 02:51:03] - ==> Building model..
[2025/10/19 02:51:28] - Test Loss 	 Test Acc 	 PGD Loss 	 PGD Acc
[2025/10/19 02:51:28] - 2.5716 	 	 0.5098 	 2.8699 	 0.2787
[2025/10/19 02:52:21] - 54 	 29.0 	 	 0.2000 	 4.0935 	 0.2755
[2025/10/19 02:52:21] - ==> Building model..
[2025/10/19 02:52:45] - Test Loss 	 Test Acc 	 PGD Loss 	 PGD Acc
[2025/10/19 02:52:45] - 2.5733 	 	 0.5094 	 2.8708 	 0.2777
[2025/10/19 02:53:36] - 55 	 27.5 	 	 0.2000 	 4.0933 	 0.2763
[2025/10/19 02:53:36] - ==> Building model..
[2025/10/19 02:53:59] - Test Loss 	 Test Acc 	 PGD Loss 	 PGD Acc
[2025/10/19 02:53:59] - 2.5746 	 	 0.5091 	 2.8714 	 0.2778
[2025/10/19 02:54:52] - 56 	 28.8 	 	 0.2000 	 4.0941 	 0.2746
[2025/10/19 02:54:52] - ==> Building model..
[2025/10/19 02:55:15] - Test Loss 	 Test Acc 	 PGD Loss 	 PGD Acc
[2025/10/19 02:55:15] - 2.5771 	 	 0.5102 	 2.8735 	 0.2790
[2025/10/19 02:56:07] - 57 	 28.4 	 	 0.2000 	 4.0943 	 0.2780
[2025/10/19 02:56:07] - ==> Building model..
[2025/10/19 02:56:30] - Test Loss 	 Test Acc 	 PGD Loss 	 PGD Acc
[2025/10/19 02:56:30] - 2.5774 	 	 0.5101 	 2.8735 	 0.2807
[2025/10/19 02:57:23] - 58 	 28.4 	 	 0.2000 	 4.0932 	 0.2787
[2025/10/19 02:57:23] - ==> Building model..
[2025/10/19 02:57:46] - Test Loss 	 Test Acc 	 PGD Loss 	 PGD Acc
[2025/10/19 02:57:46] - 2.5796 	 	 0.5103 	 2.8749 	 0.2812
[2025/10/19 02:58:38] - 59 	 27.9 	 	 0.2000 	 4.0967 	 0.2754
[2025/10/19 02:58:38] - ==> Building model..
[2025/10/19 02:59:02] - Test Loss 	 Test Acc 	 PGD Loss 	 PGD Acc
[2025/10/19 02:59:02] - 2.5841 	 	 0.5105 	 2.8784 	 0.2822
[2025/10/19 02:59:53] - 60 	 28.3 	 	 0.2000 	 4.0946 	 0.2789
[2025/10/19 02:59:53] - ==> Building model..
[2025/10/19 03:00:17] - Test Loss 	 Test Acc 	 PGD Loss 	 PGD Acc
[2025/10/19 03:00:17] - 2.5866 	 	 0.5094 	 2.8807 	 0.2821
[2025/10/19 03:01:08] - 61 	 28.1 	 	 0.2000 	 4.0959 	 0.2754
[2025/10/19 03:01:08] - ==> Building model..
[2025/10/19 03:01:32] - Test Loss 	 Test Acc 	 PGD Loss 	 PGD Acc
[2025/10/19 03:01:32] - 2.5913 	 	 0.5096 	 2.8834 	 0.2806
[2025/10/19 03:02:24] - 62 	 28.8 	 	 0.2000 	 4.0956 	 0.2764
[2025/10/19 03:02:24] - ==> Building model..
[2025/10/19 03:02:47] - Test Loss 	 Test Acc 	 PGD Loss 	 PGD Acc
[2025/10/19 03:02:47] - 2.5948 	 	 0.5092 	 2.8860 	 0.2795
[2025/10/19 03:03:38] - 63 	 28.5 	 	 0.2000 	 4.0963 	 0.2759
[2025/10/19 03:03:39] - ==> Building model..
[2025/10/19 03:04:02] - Test Loss 	 Test Acc 	 PGD Loss 	 PGD Acc
[2025/10/19 03:04:02] - 2.5959 	 	 0.5107 	 2.8862 	 0.2804
[2025/10/19 03:04:53] - 64 	 28.5 	 	 0.2000 	 4.0951 	 0.2774
[2025/10/19 03:04:53] - ==> Building model..
[2025/10/19 03:05:16] - Test Loss 	 Test Acc 	 PGD Loss 	 PGD Acc
[2025/10/19 03:05:16] - 2.5981 	 	 0.5098 	 2.8883 	 0.2799
[2025/10/19 03:06:08] - 65 	 28.7 	 	 0.2000 	 4.0943 	 0.2790
[2025/10/19 03:06:08] - ==> Building model..
[2025/10/19 03:06:32] - Test Loss 	 Test Acc 	 PGD Loss 	 PGD Acc
[2025/10/19 03:06:32] - 2.5994 	 	 0.5115 	 2.8888 	 0.2791
[2025/10/19 03:07:23] - 66 	 28.0 	 	 0.2000 	 4.0955 	 0.2760
[2025/10/19 03:07:23] - ==> Building model..
[2025/10/19 03:07:47] - Test Loss 	 Test Acc 	 PGD Loss 	 PGD Acc
[2025/10/19 03:07:47] - 2.6021 	 	 0.5118 	 2.8909 	 0.2786
[2025/10/19 03:08:38] - 67 	 27.2 	 	 0.2000 	 4.0958 	 0.2780
[2025/10/19 03:08:38] - ==> Building model..
[2025/10/19 03:09:02] - Test Loss 	 Test Acc 	 PGD Loss 	 PGD Acc
[2025/10/19 03:09:02] - 2.6033 	 	 0.5115 	 2.8920 	 0.2789
[2025/10/19 03:09:54] - 68 	 27.9 	 	 0.2000 	 4.0951 	 0.2776
[2025/10/19 03:09:54] - ==> Building model..
[2025/10/19 03:10:18] - Test Loss 	 Test Acc 	 PGD Loss 	 PGD Acc
[2025/10/19 03:10:18] - 2.6036 	 	 0.5122 	 2.8918 	 0.2801
[2025/10/19 03:11:10] - 69 	 28.8 	 	 0.2000 	 4.0959 	 0.2785
[2025/10/19 03:11:10] - ==> Building model..
[2025/10/19 03:11:34] - Test Loss 	 Test Acc 	 PGD Loss 	 PGD Acc
[2025/10/19 03:11:34] - 2.6050 	 	 0.5122 	 2.8929 	 0.2814
[2025/10/19 03:12:24] - 70 	 27.4 	 	 0.2000 	 4.0964 	 0.2778
[2025/10/19 03:12:24] - ==> Building model..
[2025/10/19 03:12:49] - Test Loss 	 Test Acc 	 PGD Loss 	 PGD Acc
[2025/10/19 03:12:49] - 2.6072 	 	 0.5116 	 2.8946 	 0.2801
[2025/10/19 03:13:40] - 71 	 27.2 	 	 0.2000 	 4.0939 	 0.2791
[2025/10/19 03:13:40] - ==> Building model..
[2025/10/19 03:14:05] - Test Loss 	 Test Acc 	 PGD Loss 	 PGD Acc
[2025/10/19 03:14:05] - 2.6086 	 	 0.5116 	 2.8956 	 0.2810
[2025/10/19 03:14:57] - 72 	 27.4 	 	 0.2000 	 4.0949 	 0.2764
[2025/10/19 03:14:57] - ==> Building model..
[2025/10/19 03:15:23] - Test Loss 	 Test Acc 	 PGD Loss 	 PGD Acc
[2025/10/19 03:15:23] - 2.6097 	 	 0.5116 	 2.8965 	 0.2801
[2025/10/19 03:16:11] - 73 	 26.0 	 	 0.2000 	 4.0950 	 0.2745
[2025/10/19 03:16:11] - ==> Building model..
[2025/10/19 03:16:38] - Test Loss 	 Test Acc 	 PGD Loss 	 PGD Acc
[2025/10/19 03:16:38] - 2.6103 	 	 0.5118 	 2.8969 	 0.2798
[2025/10/19 03:17:27] - 74 	 26.7 	 	 0.2000 	 4.0958 	 0.2776
[2025/10/19 03:17:27] - ==> Building model..
[2025/10/19 03:17:54] - Test Loss 	 Test Acc 	 PGD Loss 	 PGD Acc
[2025/10/19 03:17:54] - 2.6098 	 	 0.5123 	 2.8964 	 0.2796
[2025/10/19 03:18:45] - 75 	 27.3 	 	 0.2000 	 4.0944 	 0.2781
[2025/10/19 03:18:45] - ==> Building model..
[2025/10/19 03:19:11] - Test Loss 	 Test Acc 	 PGD Loss 	 PGD Acc
[2025/10/19 03:19:11] - 2.6106 	 	 0.5136 	 2.8971 	 0.2801
[2025/10/19 03:20:04] - 76 	 28.5 	 	 0.2000 	 4.0945 	 0.2776
[2025/10/19 03:20:04] - ==> Building model..
[2025/10/19 03:20:29] - Test Loss 	 Test Acc 	 PGD Loss 	 PGD Acc
[2025/10/19 03:20:29] - 2.6109 	 	 0.5124 	 2.8979 	 0.2803
[2025/10/19 03:21:20] - 77 	 26.6 	 	 0.2000 	 4.0940 	 0.2782
[2025/10/19 03:21:20] - ==> Building model..
[2025/10/19 03:21:46] - Test Loss 	 Test Acc 	 PGD Loss 	 PGD Acc
[2025/10/19 03:21:46] - 2.6110 	 	 0.5128 	 2.8970 	 0.2803
[2025/10/19 03:22:35] - 78 	 26.5 	 	 0.2000 	 4.0939 	 0.2782
[2025/10/19 03:22:35] - ==> Building model..
[2025/10/19 03:23:01] - Test Loss 	 Test Acc 	 PGD Loss 	 PGD Acc
[2025/10/19 03:23:01] - 2.6119 	 	 0.5126 	 2.8975 	 0.2805
[2025/10/19 03:23:54] - 79 	 28.5 	 	 0.2000 	 4.0928 	 0.2793
[2025/10/19 03:23:54] - ==> Building model..
[2025/10/19 03:24:20] - Test Loss 	 Test Acc 	 PGD Loss 	 PGD Acc
[2025/10/19 03:24:20] - 2.6119 	 	 0.5124 	 2.8979 	 0.2799
[2025/10/19 03:25:12] - 80 	 28.1 	 	 0.2000 	 4.0918 	 0.2792
[2025/10/19 03:25:12] - ==> Building model..
[2025/10/19 03:25:37] - Test Loss 	 Test Acc 	 PGD Loss 	 PGD Acc
[2025/10/19 03:25:37] - 2.6100 	 	 0.5133 	 2.8964 	 0.2807
[2025/10/19 03:26:32] - 81 	 29.2 	 	 0.2000 	 4.0936 	 0.2780
[2025/10/19 03:26:32] - ==> Building model..
[2025/10/19 03:26:57] - Test Loss 	 Test Acc 	 PGD Loss 	 PGD Acc
[2025/10/19 03:26:57] - 2.6089 	 	 0.5132 	 2.8955 	 0.2803
[2025/10/19 03:27:49] - 82 	 28.1 	 	 0.2000 	 4.0935 	 0.2780
[2025/10/19 03:27:49] - ==> Building model..
[2025/10/19 03:28:14] - Test Loss 	 Test Acc 	 PGD Loss 	 PGD Acc
[2025/10/19 03:28:14] - 2.6071 	 	 0.5130 	 2.8941 	 0.2810
[2025/10/19 03:29:05] - 83 	 27.7 	 	 0.2000 	 4.0919 	 0.2797
[2025/10/19 03:29:05] - ==> Building model..
[2025/10/19 03:29:29] - Test Loss 	 Test Acc 	 PGD Loss 	 PGD Acc
[2025/10/19 03:29:29] - 2.6078 	 	 0.5121 	 2.8942 	 0.2799
[2025/10/19 03:30:20] - 84 	 27.9 	 	 0.2000 	 4.0946 	 0.2768
[2025/10/19 03:30:20] - ==> Building model..
[2025/10/19 03:30:46] - Test Loss 	 Test Acc 	 PGD Loss 	 PGD Acc
[2025/10/19 03:30:46] - 2.6090 	 	 0.5122 	 2.8948 	 0.2798
[2025/10/19 03:31:39] - 85 	 28.6 	 	 0.2000 	 4.0948 	 0.2780
[2025/10/19 03:31:39] - ==> Building model..
[2025/10/19 03:32:03] - Test Loss 	 Test Acc 	 PGD Loss 	 PGD Acc
[2025/10/19 03:32:03] - 2.6089 	 	 0.5122 	 2.8943 	 0.2808
[2025/10/19 03:32:53] - 86 	 27.9 	 	 0.2000 	 4.0925 	 0.2798
[2025/10/19 03:32:53] - ==> Building model..
[2025/10/19 03:33:18] - Test Loss 	 Test Acc 	 PGD Loss 	 PGD Acc
[2025/10/19 03:33:18] - 2.6086 	 	 0.5117 	 2.8945 	 0.2815
[2025/10/19 03:34:11] - 87 	 29.0 	 	 0.2000 	 4.0934 	 0.2799
[2025/10/19 03:34:11] - ==> Building model..
[2025/10/19 03:34:36] - Test Loss 	 Test Acc 	 PGD Loss 	 PGD Acc
[2025/10/19 03:34:36] - 2.6094 	 	 0.5128 	 2.8953 	 0.2819
[2025/10/19 03:35:29] - 88 	 28.7 	 	 0.2000 	 4.0951 	 0.2770
[2025/10/19 03:35:29] - ==> Building model..
[2025/10/19 03:35:53] - Test Loss 	 Test Acc 	 PGD Loss 	 PGD Acc
[2025/10/19 03:35:53] - 2.6125 	 	 0.5120 	 2.8975 	 0.2826
[2025/10/19 03:36:45] - 89 	 28.5 	 	 0.2000 	 4.0945 	 0.2789
[2025/10/19 03:36:45] - ==> Building model..
[2025/10/19 03:37:09] - Test Loss 	 Test Acc 	 PGD Loss 	 PGD Acc
[2025/10/19 03:37:09] - 2.6135 	 	 0.5134 	 2.8981 	 0.2831
[2025/10/19 03:38:01] - 90 	 27.7 	 	 0.2000 	 4.0912 	 0.2809
[2025/10/19 03:38:01] - ==> Building model..
[2025/10/19 03:38:25] - Test Loss 	 Test Acc 	 PGD Loss 	 PGD Acc
[2025/10/19 03:38:25] - 2.6135 	 	 0.5141 	 2.8980 	 0.2831
[2025/10/19 03:39:16] - 91 	 27.1 	 	 0.2000 	 4.0934 	 0.2790
[2025/10/19 03:39:16] - ==> Building model..
[2025/10/19 03:39:41] - Test Loss 	 Test Acc 	 PGD Loss 	 PGD Acc
[2025/10/19 03:39:41] - 2.6136 	 	 0.5137 	 2.8980 	 0.2828
[2025/10/19 03:40:34] - 92 	 27.8 	 	 0.2000 	 4.0932 	 0.2787
[2025/10/19 03:40:34] - ==> Building model..
[2025/10/19 03:40:59] - Test Loss 	 Test Acc 	 PGD Loss 	 PGD Acc
[2025/10/19 03:40:59] - 2.6147 	 	 0.5143 	 2.8989 	 0.2816
[2025/10/19 03:41:48] - 93 	 26.0 	 	 0.2000 	 4.0926 	 0.2798
[2025/10/19 03:41:48] - ==> Building model..
[2025/10/19 03:42:12] - Test Loss 	 Test Acc 	 PGD Loss 	 PGD Acc
[2025/10/19 03:42:12] - 2.6156 	 	 0.5135 	 2.9000 	 0.2808
[2025/10/19 03:43:03] - 94 	 27.2 	 	 0.0200 	 4.0011 	 0.3388
[2025/10/19 03:43:03] - ==> Building model..
[2025/10/19 03:43:28] - Test Loss 	 Test Acc 	 PGD Loss 	 PGD Acc
[2025/10/19 03:43:28] - 2.6126 	 	 0.5144 	 2.8980 	 0.2817
[2025/10/19 03:44:20] - 95 	 27.9 	 	 0.0200 	 3.9084 	 0.4013
[2025/10/19 03:44:20] - ==> Building model..
[2025/10/19 03:44:45] - Test Loss 	 Test Acc 	 PGD Loss 	 PGD Acc
[2025/10/19 03:44:45] - 2.6115 	 	 0.5146 	 2.8969 	 0.2819
[2025/10/19 03:45:36] - 96 	 26.9 	 	 0.0200 	 3.8841 	 0.4180
[2025/10/19 03:45:36] - ==> Building model..
[2025/10/19 03:46:01] - Test Loss 	 Test Acc 	 PGD Loss 	 PGD Acc
[2025/10/19 03:46:01] - 2.6110 	 	 0.5148 	 2.8964 	 0.2822
[2025/10/19 03:46:53] - 97 	 27.7 	 	 0.0200 	 3.8657 	 0.4301
[2025/10/19 03:46:53] - ==> Building model..
[2025/10/19 03:47:18] - Test Loss 	 Test Acc 	 PGD Loss 	 PGD Acc
[2025/10/19 03:47:18] - 2.6120 	 	 0.5152 	 2.8973 	 0.2816
[2025/10/19 03:48:07] - 98 	 27.3 	 	 0.0200 	 3.8518 	 0.4405
[2025/10/19 03:48:07] - ==> Building model..
[2025/10/19 03:48:32] - Test Loss 	 Test Acc 	 PGD Loss 	 PGD Acc
[2025/10/19 03:48:32] - 2.6130 	 	 0.5153 	 2.8983 	 0.2824
[2025/10/19 03:49:23] - 99 	 28.0 	 	 0.0020 	 3.8208 	 0.4614
[2025/10/19 03:49:23] - ==> Building model..
[2025/10/19 03:49:48] - Test Loss 	 Test Acc 	 PGD Loss 	 PGD Acc
[2025/10/19 03:49:48] - 2.6139 	 	 0.5154 	 2.8989 	 0.2823
[2025/10/19 03:50:36] - 100 	 26.9 	 	 0.0020 	 3.7919 	 0.4873
[2025/10/19 03:50:36] - ==> Building model..
[2025/10/19 03:51:01] - Test Loss 	 Test Acc 	 PGD Loss 	 PGD Acc
[2025/10/19 03:51:01] - 2.6144 	 	 0.5155 	 2.8996 	 0.2819
[2025/10/19 03:51:50] - 101 	 27.0 	 	 0.0020 	 3.7868 	 0.4915
[2025/10/19 03:51:50] - ==> Building model..
[2025/10/19 03:52:16] - Test Loss 	 Test Acc 	 PGD Loss 	 PGD Acc
[2025/10/19 03:52:16] - 2.6154 	 	 0.5154 	 2.9003 	 0.2813
[2025/10/19 03:53:06] - 102 	 27.5 	 	 0.0020 	 3.7804 	 0.4964
[2025/10/19 03:53:06] - ==> Building model..
[2025/10/19 03:53:31] - Test Loss 	 Test Acc 	 PGD Loss 	 PGD Acc
[2025/10/19 03:53:31] - 2.6165 	 	 0.5156 	 2.9014 	 0.2818
[2025/10/19 03:54:20] - 103 	 26.4 	 	 0.0020 	 3.7761 	 0.5001
[2025/10/19 03:54:20] - ==> Building model..
[2025/10/19 03:54:45] - Test Loss 	 Test Acc 	 PGD Loss 	 PGD Acc
[2025/10/19 03:54:45] - 2.6165 	 	 0.5156 	 2.9011 	 0.2816
[2025/10/19 03:55:34] - 104 	 26.8 	 	 0.0020 	 3.7721 	 0.5013
[2025/10/19 03:55:34] - ==> Building model..
[2025/10/19 03:55:58] - Test Loss 	 Test Acc 	 PGD Loss 	 PGD Acc
[2025/10/19 03:55:58] - 2.6171 	 	 0.5155 	 2.9019 	 0.2824
[2025/10/19 03:56:48] - 105 	 27.4 	 	 0.0020 	 3.7673 	 0.5058
[2025/10/19 03:56:48] - ==> Building model..
[2025/10/19 03:57:13] - Test Loss 	 Test Acc 	 PGD Loss 	 PGD Acc
[2025/10/19 03:57:13] - 2.6178 	 	 0.5155 	 2.9026 	 0.2818
[2025/10/19 03:58:04] - 106 	 28.0 	 	 0.0020 	 3.7633 	 0.5059
[2025/10/19 03:58:04] - ==> Building model..
[2025/10/19 03:58:31] - Test Loss 	 Test Acc 	 PGD Loss 	 PGD Acc
[2025/10/19 03:58:31] - 2.6178 	 	 0.5155 	 2.9025 	 0.2823
[2025/10/19 03:59:22] - 107 	 27.1 	 	 0.0020 	 3.7606 	 0.5105
[2025/10/19 03:59:22] - ==> Building model..
[2025/10/19 03:59:47] - Test Loss 	 Test Acc 	 PGD Loss 	 PGD Acc
[2025/10/19 03:59:47] - 2.6192 	 	 0.5154 	 2.9037 	 0.2825
[2025/10/19 04:00:36] - 108 	 26.1 	 	 0.0020 	 3.7570 	 0.5162
[2025/10/19 04:00:36] - ==> Building model..
[2025/10/19 04:01:02] - Test Loss 	 Test Acc 	 PGD Loss 	 PGD Acc
[2025/10/19 04:01:02] - 2.6192 	 	 0.5154 	 2.9035 	 0.2811
[2025/10/19 04:01:52] - 109 	 26.9 	 	 0.0020 	 3.7524 	 0.5182
[2025/10/19 04:01:52] - ==> Building model..
[2025/10/19 04:02:18] - Test Loss 	 Test Acc 	 PGD Loss 	 PGD Acc
[2025/10/19 04:02:18] - 2.6199 	 	 0.5153 	 2.9046 	 0.2816
[2025/10/19 04:02:18] - [0.0746, 0.1342, 0.1778, 0.2286, 0.2621, 0.2972, 0.3363, 0.3718, 0.3937, 0.4067, 0.4209, 0.4309, 0.4419, 0.4517, 0.4571, 0.4611, 0.4622, 0.4685, 0.4732, 0.4783, 0.4806, 0.4834, 0.4834, 0.4865, 0.4868, 0.4877, 0.4903, 0.4913, 0.4933, 0.4958, 0.4958, 0.4983, 0.4988, 0.4989, 0.4976, 0.4986, 0.4975, 0.4998, 0.5025, 0.5012, 0.5018, 0.5019, 0.5026, 0.5041, 0.5046, 0.5057, 0.5082, 0.5087, 0.5097, 0.5112, 0.5107, 0.5109, 0.5099, 0.5098, 0.5094, 0.5091, 0.5102, 0.5101, 0.5103, 0.5105, 0.5094, 0.5096, 0.5092, 0.5107, 0.5098, 0.5115, 0.5118, 0.5115, 0.5122, 0.5122, 0.5116, 0.5116, 0.5116, 0.5118, 0.5123, 0.5136, 0.5124, 0.5128, 0.5126, 0.5124, 0.5133, 0.5132, 0.513, 0.5121, 0.5122, 0.5122, 0.5117, 0.5128, 0.512, 0.5134, 0.5141, 0.5137, 0.5143, 0.5135, 0.5144, 0.5146, 0.5148, 0.5152, 0.5153, 0.5154, 0.5155, 0.5154, 0.5156, 0.5156, 0.5155, 0.5155, 0.5155, 0.5154, 0.5154, 0.5153]
[2025/10/19 04:02:18] - [0.0511, 0.0887, 0.1107, 0.1337, 0.1553, 0.1742, 0.1897, 0.2056, 0.2155, 0.2232, 0.2303, 0.2342, 0.2394, 0.242, 0.2469, 0.2474, 0.2507, 0.2533, 0.2558, 0.2579, 0.2597, 0.2566, 0.2577, 0.2587, 0.2611, 0.2614, 0.265, 0.2661, 0.2658, 0.2683, 0.2688, 0.2669, 0.2691, 0.2697, 0.2697, 0.2708, 0.2709, 0.27, 0.2721, 0.2735, 0.2732, 0.272, 0.2732, 0.2737, 0.2743, 0.2756, 0.2769, 0.2764, 0.2764, 0.2776, 0.2784, 0.2783, 0.2775, 0.2787, 0.2777, 0.2778, 0.279, 0.2807, 0.2812, 0.2822, 0.2821, 0.2806, 0.2795, 0.2804, 0.2799, 0.2791, 0.2786, 0.2789, 0.2801, 0.2814, 0.2801, 0.281, 0.2801, 0.2798, 0.2796, 0.2801, 0.2803, 0.2803, 0.2805, 0.2799, 0.2807, 0.2803, 0.281, 0.2799, 0.2798, 0.2808, 0.2815, 0.2819, 0.2826, 0.2831, 0.2831, 0.2828, 0.2816, 0.2808, 0.2817, 0.2819, 0.2822, 0.2816, 0.2824, 0.2823, 0.2819, 0.2813, 0.2818, 0.2816, 0.2824, 0.2818, 0.2823, 0.2825, 0.2811, 0.2816]
