[2025/10/13 20:18:41] - Namespace(batch_size=128, data_dir='cifar-data', epochs=100, lr_schedule='multistep', lr_min=0.0, lr_max=0.2, weight_decay=0.0005, momentum=0.9, model='ResNet18', epsilon=8, alpha=8, delta_init='random', normal_mean=0, normal_std=1, out_dir='./output/CIFAR100/lamda_36_lamscale_0.10_run1', seed=0, lamda=36.0, lam_scale=0.1, lam_start=50, gamma=0.05, inner_gamma=0.05, beta=0.2, mu=3.5, batch_m=0.75, early_stop=False, factor=0.5, length=4, n_holes=1, c_num=0.125, EMA_value=0.55)
[2025/10/13 20:18:43] - ==> Building model..
[2025/10/13 20:18:43] - Epoch 	 Seconds 	 LR 	 	 Train Loss 	 Train Acc
[2025/10/13 20:19:29] - 0 	 19.7 	 	 0.2000 	 4.5713 	 0.0374
[2025/10/13 20:19:29] - ==> Building model..
[2025/10/13 20:19:45] - Test Loss 	 Test Acc 	 PGD Loss 	 PGD Acc
[2025/10/13 20:19:45] - 4.2341 	 	 0.0868 	 4.2469 	 0.0579
[2025/10/13 20:20:27] - 1 	 17.7 	 	 0.2000 	 4.4598 	 0.0782
[2025/10/13 20:20:27] - ==> Building model..
[2025/10/13 20:20:43] - Test Loss 	 Test Acc 	 PGD Loss 	 PGD Acc
[2025/10/13 20:20:43] - 4.0563 	 	 0.1441 	 4.0842 	 0.0940
[2025/10/13 20:21:28] - 2 	 18.5 	 	 0.2000 	 4.4100 	 0.1023
[2025/10/13 20:21:28] - ==> Building model..
[2025/10/13 20:21:44] - Test Loss 	 Test Acc 	 PGD Loss 	 PGD Acc
[2025/10/13 20:21:44] - 3.9139 	 	 0.1860 	 3.9586 	 0.1149
[2025/10/13 20:22:29] - 3 	 18.8 	 	 0.2000 	 4.3633 	 0.1240
[2025/10/13 20:22:29] - ==> Building model..
[2025/10/13 20:22:45] - Test Loss 	 Test Acc 	 PGD Loss 	 PGD Acc
[2025/10/13 20:22:45] - 3.7094 	 	 0.2335 	 3.7805 	 0.1378
[2025/10/13 20:23:30] - 4 	 19.0 	 	 0.2000 	 4.3197 	 0.1477
[2025/10/13 20:23:30] - ==> Building model..
[2025/10/13 20:23:47] - Test Loss 	 Test Acc 	 PGD Loss 	 PGD Acc
[2025/10/13 20:23:47] - 3.6091 	 	 0.2652 	 3.6994 	 0.1561
[2025/10/13 20:24:31] - 5 	 19.1 	 	 0.2000 	 4.2805 	 0.1661
[2025/10/13 20:24:31] - ==> Building model..
[2025/10/13 20:24:48] - Test Loss 	 Test Acc 	 PGD Loss 	 PGD Acc
[2025/10/13 20:24:48] - 3.4054 	 	 0.3061 	 3.5236 	 0.1760
[2025/10/13 20:25:33] - 6 	 18.8 	 	 0.2000 	 4.2476 	 0.1854
[2025/10/13 20:25:33] - ==> Building model..
[2025/10/13 20:25:50] - Test Loss 	 Test Acc 	 PGD Loss 	 PGD Acc
[2025/10/13 20:25:50] - 3.2335 	 	 0.3417 	 3.3801 	 0.1911
[2025/10/13 20:26:34] - 7 	 18.7 	 	 0.2000 	 4.2252 	 0.1981
[2025/10/13 20:26:34] - ==> Building model..
[2025/10/13 20:26:50] - Test Loss 	 Test Acc 	 PGD Loss 	 PGD Acc
[2025/10/13 20:26:50] - 3.0946 	 	 0.3739 	 3.2678 	 0.2022
[2025/10/13 20:27:34] - 8 	 18.8 	 	 0.2000 	 4.2063 	 0.2074
[2025/10/13 20:27:34] - ==> Building model..
[2025/10/13 20:27:51] - Test Loss 	 Test Acc 	 PGD Loss 	 PGD Acc
[2025/10/13 20:27:51] - 2.9800 	 	 0.3999 	 3.1779 	 0.2144
[2025/10/13 20:28:36] - 9 	 18.6 	 	 0.2000 	 4.1899 	 0.2177
[2025/10/13 20:28:36] - ==> Building model..
[2025/10/13 20:28:52] - Test Loss 	 Test Acc 	 PGD Loss 	 PGD Acc
[2025/10/13 20:28:52] - 2.9340 	 	 0.4090 	 3.1433 	 0.2204
[2025/10/13 20:29:37] - 10 	 18.8 	 	 0.2000 	 4.1759 	 0.2247
[2025/10/13 20:29:37] - ==> Building model..
[2025/10/13 20:29:53] - Test Loss 	 Test Acc 	 PGD Loss 	 PGD Acc
[2025/10/13 20:29:53] - 2.8749 	 	 0.4238 	 3.0990 	 0.2293
[2025/10/13 20:30:34] - 11 	 17.9 	 	 0.2000 	 4.1673 	 0.2278
[2025/10/13 20:30:34] - ==> Building model..
[2025/10/13 20:30:50] - Test Loss 	 Test Acc 	 PGD Loss 	 PGD Acc
[2025/10/13 20:30:50] - 2.8190 	 	 0.4371 	 3.0559 	 0.2357
[2025/10/13 20:31:36] - 12 	 18.6 	 	 0.2000 	 4.1578 	 0.2357
[2025/10/13 20:31:36] - ==> Building model..
[2025/10/13 20:31:52] - Test Loss 	 Test Acc 	 PGD Loss 	 PGD Acc
[2025/10/13 20:31:52] - 2.7792 	 	 0.4477 	 3.0251 	 0.2398
[2025/10/13 20:32:37] - 13 	 19.9 	 	 0.2000 	 4.1545 	 0.2356
[2025/10/13 20:32:37] - ==> Building model..
[2025/10/13 20:32:54] - Test Loss 	 Test Acc 	 PGD Loss 	 PGD Acc
[2025/10/13 20:32:54] - 2.7632 	 	 0.4481 	 3.0124 	 0.2403
[2025/10/13 20:33:40] - 14 	 19.3 	 	 0.2000 	 4.1487 	 0.2409
[2025/10/13 20:33:40] - ==> Building model..
[2025/10/13 20:33:57] - Test Loss 	 Test Acc 	 PGD Loss 	 PGD Acc
[2025/10/13 20:33:57] - 2.7379 	 	 0.4576 	 2.9944 	 0.2448
[2025/10/13 20:34:42] - 15 	 19.4 	 	 0.2000 	 4.1397 	 0.2469
[2025/10/13 20:34:42] - ==> Building model..
[2025/10/13 20:34:58] - Test Loss 	 Test Acc 	 PGD Loss 	 PGD Acc
[2025/10/13 20:34:58] - 2.7121 	 	 0.4631 	 2.9747 	 0.2480
[2025/10/13 20:35:44] - 16 	 19.7 	 	 0.2000 	 4.1359 	 0.2488
[2025/10/13 20:35:44] - ==> Building model..
[2025/10/13 20:36:01] - Test Loss 	 Test Acc 	 PGD Loss 	 PGD Acc
[2025/10/13 20:36:01] - 2.7006 	 	 0.4682 	 2.9666 	 0.2519
[2025/10/13 20:36:46] - 17 	 18.8 	 	 0.2000 	 4.1352 	 0.2482
[2025/10/13 20:36:46] - ==> Building model..
[2025/10/13 20:37:02] - Test Loss 	 Test Acc 	 PGD Loss 	 PGD Acc
[2025/10/13 20:37:02] - 2.6873 	 	 0.4707 	 2.9568 	 0.2543
[2025/10/13 20:37:47] - 18 	 18.9 	 	 0.2000 	 4.1283 	 0.2508
[2025/10/13 20:37:47] - ==> Building model..
[2025/10/13 20:38:04] - Test Loss 	 Test Acc 	 PGD Loss 	 PGD Acc
[2025/10/13 20:38:04] - 2.6714 	 	 0.4747 	 2.9452 	 0.2555
[2025/10/13 20:38:48] - 19 	 18.4 	 	 0.2000 	 4.1256 	 0.2553
[2025/10/13 20:38:48] - ==> Building model..
[2025/10/13 20:39:04] - Test Loss 	 Test Acc 	 PGD Loss 	 PGD Acc
[2025/10/13 20:39:04] - 2.6548 	 	 0.4787 	 2.9317 	 0.2573
[2025/10/13 20:39:49] - 20 	 19.1 	 	 0.2000 	 4.1238 	 0.2558
[2025/10/13 20:39:49] - ==> Building model..
[2025/10/13 20:40:04] - Test Loss 	 Test Acc 	 PGD Loss 	 PGD Acc
[2025/10/13 20:40:04] - 2.6471 	 	 0.4839 	 2.9271 	 0.2594
[2025/10/13 20:40:49] - 21 	 18.5 	 	 0.2000 	 4.1200 	 0.2575
[2025/10/13 20:40:49] - ==> Building model..
[2025/10/13 20:41:05] - Test Loss 	 Test Acc 	 PGD Loss 	 PGD Acc
[2025/10/13 20:41:05] - 2.6342 	 	 0.4863 	 2.9166 	 0.2600
[2025/10/13 20:41:48] - 22 	 18.4 	 	 0.2000 	 4.1185 	 0.2581
[2025/10/13 20:41:48] - ==> Building model..
[2025/10/13 20:42:05] - Test Loss 	 Test Acc 	 PGD Loss 	 PGD Acc
[2025/10/13 20:42:05] - 2.6231 	 	 0.4890 	 2.9078 	 0.2602
[2025/10/13 20:42:49] - 23 	 18.6 	 	 0.2000 	 4.1161 	 0.2587
[2025/10/13 20:42:49] - ==> Building model..
[2025/10/13 20:43:06] - Test Loss 	 Test Acc 	 PGD Loss 	 PGD Acc
[2025/10/13 20:43:06] - 2.6161 	 	 0.4903 	 2.9030 	 0.2613
[2025/10/13 20:43:52] - 24 	 19.4 	 	 0.2000 	 4.1130 	 0.2608
[2025/10/13 20:43:52] - ==> Building model..
[2025/10/13 20:44:08] - Test Loss 	 Test Acc 	 PGD Loss 	 PGD Acc
[2025/10/13 20:44:08] - 2.6096 	 	 0.4914 	 2.8987 	 0.2629
[2025/10/13 20:44:54] - 25 	 19.4 	 	 0.2000 	 4.1115 	 0.2647
[2025/10/13 20:44:54] - ==> Building model..
[2025/10/13 20:45:11] - Test Loss 	 Test Acc 	 PGD Loss 	 PGD Acc
[2025/10/13 20:45:11] - 2.6047 	 	 0.4933 	 2.8957 	 0.2618
[2025/10/13 20:45:57] - 26 	 19.5 	 	 0.2000 	 4.1091 	 0.2635
[2025/10/13 20:45:57] - ==> Building model..
[2025/10/13 20:46:13] - Test Loss 	 Test Acc 	 PGD Loss 	 PGD Acc
[2025/10/13 20:46:13] - 2.5932 	 	 0.4977 	 2.8854 	 0.2640
[2025/10/13 20:47:00] - 27 	 19.7 	 	 0.2000 	 4.1070 	 0.2658
[2025/10/13 20:47:00] - ==> Building model..
[2025/10/13 20:47:16] - Test Loss 	 Test Acc 	 PGD Loss 	 PGD Acc
[2025/10/13 20:47:16] - 2.5893 	 	 0.4971 	 2.8827 	 0.2657
[2025/10/13 20:48:01] - 28 	 19.0 	 	 0.2000 	 4.1071 	 0.2651
[2025/10/13 20:48:01] - ==> Building model..
[2025/10/13 20:48:17] - Test Loss 	 Test Acc 	 PGD Loss 	 PGD Acc
[2025/10/13 20:48:17] - 2.5878 	 	 0.4984 	 2.8822 	 0.2665
[2025/10/13 20:49:03] - 29 	 19.3 	 	 0.2000 	 4.1044 	 0.2686
[2025/10/13 20:49:03] - ==> Building model..
[2025/10/13 20:49:19] - Test Loss 	 Test Acc 	 PGD Loss 	 PGD Acc
[2025/10/13 20:49:19] - 2.5796 	 	 0.5001 	 2.8760 	 0.2685
[2025/10/13 20:50:03] - 30 	 19.1 	 	 0.2000 	 4.1050 	 0.2644
[2025/10/13 20:50:03] - ==> Building model..
[2025/10/13 20:50:20] - Test Loss 	 Test Acc 	 PGD Loss 	 PGD Acc
[2025/10/13 20:50:20] - 2.5771 	 	 0.5002 	 2.8748 	 0.2688
[2025/10/13 20:51:05] - 31 	 19.1 	 	 0.2000 	 4.1033 	 0.2672
[2025/10/13 20:51:05] - ==> Building model..
[2025/10/13 20:51:22] - Test Loss 	 Test Acc 	 PGD Loss 	 PGD Acc
[2025/10/13 20:51:22] - 2.5732 	 	 0.5044 	 2.8726 	 0.2686
[2025/10/13 20:52:06] - 32 	 18.9 	 	 0.2000 	 4.1006 	 0.2684
[2025/10/13 20:52:06] - ==> Building model..
[2025/10/13 20:52:23] - Test Loss 	 Test Acc 	 PGD Loss 	 PGD Acc
[2025/10/13 20:52:23] - 2.5707 	 	 0.5057 	 2.8711 	 0.2709
[2025/10/13 20:53:08] - 33 	 19.3 	 	 0.2000 	 4.1001 	 0.2693
[2025/10/13 20:53:08] - ==> Building model..
[2025/10/13 20:53:24] - Test Loss 	 Test Acc 	 PGD Loss 	 PGD Acc
[2025/10/13 20:53:24] - 2.5685 	 	 0.5046 	 2.8693 	 0.2722
[2025/10/13 20:54:10] - 34 	 19.4 	 	 0.2000 	 4.1003 	 0.2684
[2025/10/13 20:54:10] - ==> Building model..
[2025/10/13 20:54:27] - Test Loss 	 Test Acc 	 PGD Loss 	 PGD Acc
[2025/10/13 20:54:27] - 2.5667 	 	 0.5044 	 2.8673 	 0.2709
[2025/10/13 20:55:12] - 35 	 18.9 	 	 0.2000 	 4.0960 	 0.2732
[2025/10/13 20:55:12] - ==> Building model..
[2025/10/13 20:55:28] - Test Loss 	 Test Acc 	 PGD Loss 	 PGD Acc
[2025/10/13 20:55:28] - 2.5635 	 	 0.5060 	 2.8651 	 0.2725
[2025/10/13 20:56:14] - 36 	 19.2 	 	 0.2000 	 4.0971 	 0.2704
[2025/10/13 20:56:14] - ==> Building model..
[2025/10/13 20:56:31] - Test Loss 	 Test Acc 	 PGD Loss 	 PGD Acc
[2025/10/13 20:56:31] - 2.5618 	 	 0.5076 	 2.8640 	 0.2729
[2025/10/13 20:57:16] - 37 	 19.1 	 	 0.2000 	 4.0963 	 0.2718
[2025/10/13 20:57:16] - ==> Building model..
[2025/10/13 20:57:32] - Test Loss 	 Test Acc 	 PGD Loss 	 PGD Acc
[2025/10/13 20:57:32] - 2.5621 	 	 0.5075 	 2.8651 	 0.2757
[2025/10/13 20:58:17] - 38 	 19.1 	 	 0.2000 	 4.0944 	 0.2709
[2025/10/13 20:58:17] - ==> Building model..
[2025/10/13 20:58:33] - Test Loss 	 Test Acc 	 PGD Loss 	 PGD Acc
[2025/10/13 20:58:33] - 2.5588 	 	 0.5081 	 2.8617 	 0.2765
[2025/10/13 20:59:18] - 39 	 19.6 	 	 0.2000 	 4.0953 	 0.2707
[2025/10/13 20:59:18] - ==> Building model..
[2025/10/13 20:59:35] - Test Loss 	 Test Acc 	 PGD Loss 	 PGD Acc
[2025/10/13 20:59:35] - 2.5569 	 	 0.5094 	 2.8603 	 0.2760
[2025/10/13 21:00:20] - 40 	 19.0 	 	 0.2000 	 4.0936 	 0.2730
[2025/10/13 21:00:20] - ==> Building model..
[2025/10/13 21:00:36] - Test Loss 	 Test Acc 	 PGD Loss 	 PGD Acc
[2025/10/13 21:00:36] - 2.5570 	 	 0.5098 	 2.8603 	 0.2773
[2025/10/13 21:01:21] - 41 	 19.1 	 	 0.2000 	 4.0947 	 0.2722
[2025/10/13 21:01:21] - ==> Building model..
[2025/10/13 21:01:37] - Test Loss 	 Test Acc 	 PGD Loss 	 PGD Acc
[2025/10/13 21:01:37] - 2.5551 	 	 0.5098 	 2.8585 	 0.2770
[2025/10/13 21:02:21] - 42 	 18.7 	 	 0.2000 	 4.0942 	 0.2719
[2025/10/13 21:02:21] - ==> Building model..
[2025/10/13 21:02:37] - Test Loss 	 Test Acc 	 PGD Loss 	 PGD Acc
[2025/10/13 21:02:37] - 2.5560 	 	 0.5099 	 2.8599 	 0.2769
[2025/10/13 21:03:22] - 43 	 18.8 	 	 0.2000 	 4.0930 	 0.2723
[2025/10/13 21:03:22] - ==> Building model..
[2025/10/13 21:03:39] - Test Loss 	 Test Acc 	 PGD Loss 	 PGD Acc
[2025/10/13 21:03:39] - 2.5550 	 	 0.5115 	 2.8586 	 0.2770
[2025/10/13 21:04:25] - 44 	 19.6 	 	 0.2000 	 4.0934 	 0.2742
[2025/10/13 21:04:25] - ==> Building model..
[2025/10/13 21:04:42] - Test Loss 	 Test Acc 	 PGD Loss 	 PGD Acc
[2025/10/13 21:04:42] - 2.5524 	 	 0.5118 	 2.8577 	 0.2781
[2025/10/13 21:05:26] - 45 	 19.1 	 	 0.2000 	 4.0902 	 0.2760
[2025/10/13 21:05:26] - ==> Building model..
[2025/10/13 21:05:42] - Test Loss 	 Test Acc 	 PGD Loss 	 PGD Acc
[2025/10/13 21:05:42] - 2.5493 	 	 0.5151 	 2.8544 	 0.2779
[2025/10/13 21:06:27] - 46 	 19.1 	 	 0.2000 	 4.0892 	 0.2746
[2025/10/13 21:06:27] - ==> Building model..
[2025/10/13 21:06:43] - Test Loss 	 Test Acc 	 PGD Loss 	 PGD Acc
[2025/10/13 21:06:43] - 2.5480 	 	 0.5147 	 2.8537 	 0.2784
[2025/10/13 21:07:29] - 47 	 19.1 	 	 0.2000 	 4.0896 	 0.2736
[2025/10/13 21:07:29] - ==> Building model..
[2025/10/13 21:07:46] - Test Loss 	 Test Acc 	 PGD Loss 	 PGD Acc
[2025/10/13 21:07:46] - 2.5434 	 	 0.5160 	 2.8508 	 0.2798
[2025/10/13 21:08:34] - 48 	 20.4 	 	 0.2000 	 4.0877 	 0.2776
[2025/10/13 21:08:34] - ==> Building model..
[2025/10/13 21:08:51] - Test Loss 	 Test Acc 	 PGD Loss 	 PGD Acc
[2025/10/13 21:08:51] - 2.5435 	 	 0.5146 	 2.8505 	 0.2810
[2025/10/13 21:09:38] - 49 	 19.2 	 	 0.2000 	 4.0876 	 0.2776
[2025/10/13 21:09:38] - ==> Building model..
[2025/10/13 21:09:54] - Test Loss 	 Test Acc 	 PGD Loss 	 PGD Acc
[2025/10/13 21:09:54] - 2.5422 	 	 0.5157 	 2.8500 	 0.2805
[2025/10/13 21:10:40] - 50 	 19.0 	 	 0.2000 	 4.0872 	 0.2754
[2025/10/13 21:10:40] - ==> Building model..
[2025/10/13 21:10:56] - Test Loss 	 Test Acc 	 PGD Loss 	 PGD Acc
[2025/10/13 21:10:56] - 2.5422 	 	 0.5158 	 2.8498 	 0.2783
[2025/10/13 21:11:41] - 51 	 18.6 	 	 0.2000 	 4.0886 	 0.2763
[2025/10/13 21:11:41] - ==> Building model..
[2025/10/13 21:11:59] - Test Loss 	 Test Acc 	 PGD Loss 	 PGD Acc
[2025/10/13 21:11:59] - 2.5412 	 	 0.5153 	 2.8484 	 0.2797
[2025/10/13 21:12:48] - 52 	 21.0 	 	 0.2000 	 4.0880 	 0.2757
[2025/10/13 21:12:48] - ==> Building model..
[2025/10/13 21:13:05] - Test Loss 	 Test Acc 	 PGD Loss 	 PGD Acc
[2025/10/13 21:13:05] - 2.5404 	 	 0.5167 	 2.8482 	 0.2803
[2025/10/13 21:13:54] - 53 	 20.7 	 	 0.2000 	 4.0862 	 0.2771
[2025/10/13 21:13:54] - ==> Building model..
[2025/10/13 21:14:11] - Test Loss 	 Test Acc 	 PGD Loss 	 PGD Acc
[2025/10/13 21:14:11] - 2.5390 	 	 0.5166 	 2.8459 	 0.2805
[2025/10/13 21:14:59] - 54 	 20.4 	 	 0.2000 	 4.0896 	 0.2763
[2025/10/13 21:14:59] - ==> Building model..
[2025/10/13 21:15:15] - Test Loss 	 Test Acc 	 PGD Loss 	 PGD Acc
[2025/10/13 21:15:15] - 2.5386 	 	 0.5174 	 2.8464 	 0.2822
[2025/10/13 21:16:00] - 55 	 19.1 	 	 0.2000 	 4.0888 	 0.2775
[2025/10/13 21:16:00] - ==> Building model..
[2025/10/13 21:16:16] - Test Loss 	 Test Acc 	 PGD Loss 	 PGD Acc
[2025/10/13 21:16:16] - 2.5385 	 	 0.5174 	 2.8460 	 0.2799
[2025/10/13 21:17:00] - 56 	 18.8 	 	 0.2000 	 4.0897 	 0.2773
[2025/10/13 21:17:00] - ==> Building model..
[2025/10/13 21:17:16] - Test Loss 	 Test Acc 	 PGD Loss 	 PGD Acc
[2025/10/13 21:17:16] - 2.5399 	 	 0.5187 	 2.8470 	 0.2806
[2025/10/13 21:18:01] - 57 	 19.0 	 	 0.2000 	 4.0899 	 0.2780
[2025/10/13 21:18:01] - ==> Building model..
[2025/10/13 21:18:17] - Test Loss 	 Test Acc 	 PGD Loss 	 PGD Acc
[2025/10/13 21:18:17] - 2.5406 	 	 0.5185 	 2.8474 	 0.2806
[2025/10/13 21:19:03] - 58 	 19.0 	 	 0.2000 	 4.0891 	 0.2810
[2025/10/13 21:19:03] - ==> Building model..
[2025/10/13 21:19:20] - Test Loss 	 Test Acc 	 PGD Loss 	 PGD Acc
[2025/10/13 21:19:20] - 2.5428 	 	 0.5194 	 2.8490 	 0.2814
[2025/10/13 21:20:05] - 59 	 19.4 	 	 0.2000 	 4.0910 	 0.2766
[2025/10/13 21:20:05] - ==> Building model..
[2025/10/13 21:20:22] - Test Loss 	 Test Acc 	 PGD Loss 	 PGD Acc
[2025/10/13 21:20:22] - 2.5464 	 	 0.5184 	 2.8513 	 0.2823
[2025/10/13 21:21:06] - 60 	 18.7 	 	 0.2000 	 4.0886 	 0.2807
[2025/10/13 21:21:06] - ==> Building model..
[2025/10/13 21:21:22] - Test Loss 	 Test Acc 	 PGD Loss 	 PGD Acc
[2025/10/13 21:21:22] - 2.5491 	 	 0.5187 	 2.8530 	 0.2813
[2025/10/13 21:22:07] - 61 	 18.9 	 	 0.2000 	 4.0912 	 0.2764
[2025/10/13 21:22:07] - ==> Building model..
[2025/10/13 21:22:23] - Test Loss 	 Test Acc 	 PGD Loss 	 PGD Acc
[2025/10/13 21:22:23] - 2.5525 	 	 0.5183 	 2.8547 	 0.2816
[2025/10/13 21:23:07] - 62 	 18.8 	 	 0.2000 	 4.0912 	 0.2776
[2025/10/13 21:23:07] - ==> Building model..
[2025/10/13 21:23:23] - Test Loss 	 Test Acc 	 PGD Loss 	 PGD Acc
[2025/10/13 21:23:23] - 2.5562 	 	 0.5167 	 2.8573 	 0.2808
[2025/10/13 21:24:07] - 63 	 18.6 	 	 0.2000 	 4.0929 	 0.2765
[2025/10/13 21:24:07] - ==> Building model..
[2025/10/13 21:24:23] - Test Loss 	 Test Acc 	 PGD Loss 	 PGD Acc
[2025/10/13 21:24:23] - 2.5577 	 	 0.5173 	 2.8582 	 0.2796
[2025/10/13 21:25:07] - 64 	 18.7 	 	 0.2000 	 4.0901 	 0.2793
[2025/10/13 21:25:07] - ==> Building model..
[2025/10/13 21:25:23] - Test Loss 	 Test Acc 	 PGD Loss 	 PGD Acc
[2025/10/13 21:25:23] - 2.5614 	 	 0.5176 	 2.8605 	 0.2799
[2025/10/13 21:26:06] - 65 	 18.3 	 	 0.2000 	 4.0909 	 0.2785
[2025/10/13 21:26:06] - ==> Building model..
[2025/10/13 21:26:22] - Test Loss 	 Test Acc 	 PGD Loss 	 PGD Acc
[2025/10/13 21:26:22] - 2.5641 	 	 0.5173 	 2.8623 	 0.2799
[2025/10/13 21:27:07] - 66 	 19.1 	 	 0.2000 	 4.0899 	 0.2775
[2025/10/13 21:27:07] - ==> Building model..
[2025/10/13 21:27:24] - Test Loss 	 Test Acc 	 PGD Loss 	 PGD Acc
[2025/10/13 21:27:24] - 2.5663 	 	 0.5172 	 2.8639 	 0.2802
[2025/10/13 21:28:08] - 67 	 18.6 	 	 0.2000 	 4.0897 	 0.2781
[2025/10/13 21:28:08] - ==> Building model..
[2025/10/13 21:28:24] - Test Loss 	 Test Acc 	 PGD Loss 	 PGD Acc
[2025/10/13 21:28:24] - 2.5665 	 	 0.5180 	 2.8640 	 0.2810
[2025/10/13 21:29:11] - 68 	 19.6 	 	 0.2000 	 4.0900 	 0.2801
[2025/10/13 21:29:11] - ==> Building model..
[2025/10/13 21:29:28] - Test Loss 	 Test Acc 	 PGD Loss 	 PGD Acc
[2025/10/13 21:29:28] - 2.5686 	 	 0.5184 	 2.8654 	 0.2816
[2025/10/13 21:30:14] - 69 	 19.9 	 	 0.2000 	 4.0914 	 0.2791
[2025/10/13 21:30:14] - ==> Building model..
[2025/10/13 21:30:31] - Test Loss 	 Test Acc 	 PGD Loss 	 PGD Acc
[2025/10/13 21:30:31] - 2.5706 	 	 0.5180 	 2.8666 	 0.2824
[2025/10/13 21:31:19] - 70 	 20.2 	 	 0.2000 	 4.0914 	 0.2786
[2025/10/13 21:31:19] - ==> Building model..
[2025/10/13 21:31:36] - Test Loss 	 Test Acc 	 PGD Loss 	 PGD Acc
[2025/10/13 21:31:36] - 2.5727 	 	 0.5177 	 2.8675 	 0.2816
[2025/10/13 21:32:22] - 71 	 19.5 	 	 0.2000 	 4.0904 	 0.2797
[2025/10/13 21:32:22] - ==> Building model..
[2025/10/13 21:32:39] - Test Loss 	 Test Acc 	 PGD Loss 	 PGD Acc
[2025/10/13 21:32:39] - 2.5745 	 	 0.5181 	 2.8691 	 0.2808
[2025/10/13 21:33:25] - 72 	 19.8 	 	 0.2000 	 4.0897 	 0.2783
[2025/10/13 21:33:25] - ==> Building model..
[2025/10/13 21:33:42] - Test Loss 	 Test Acc 	 PGD Loss 	 PGD Acc
[2025/10/13 21:33:42] - 2.5759 	 	 0.5182 	 2.8702 	 0.2797
[2025/10/13 21:34:28] - 73 	 19.7 	 	 0.2000 	 4.0904 	 0.2783
[2025/10/13 21:34:28] - ==> Building model..
[2025/10/13 21:34:45] - Test Loss 	 Test Acc 	 PGD Loss 	 PGD Acc
[2025/10/13 21:34:45] - 2.5769 	 	 0.5191 	 2.8708 	 0.2809
[2025/10/13 21:35:31] - 74 	 19.9 	 	 0.2000 	 4.0903 	 0.2792
[2025/10/13 21:35:31] - ==> Building model..
[2025/10/13 21:35:48] - Test Loss 	 Test Acc 	 PGD Loss 	 PGD Acc
[2025/10/13 21:35:48] - 2.5771 	 	 0.5192 	 2.8705 	 0.2820
[2025/10/13 21:36:34] - 75 	 19.7 	 	 0.2000 	 4.0900 	 0.2797
[2025/10/13 21:36:34] - ==> Building model..
[2025/10/13 21:36:51] - Test Loss 	 Test Acc 	 PGD Loss 	 PGD Acc
[2025/10/13 21:36:51] - 2.5779 	 	 0.5187 	 2.8713 	 0.2811
[2025/10/13 21:37:38] - 76 	 20.1 	 	 0.2000 	 4.0896 	 0.2807
[2025/10/13 21:37:38] - ==> Building model..
[2025/10/13 21:37:56] - Test Loss 	 Test Acc 	 PGD Loss 	 PGD Acc
[2025/10/13 21:37:56] - 2.5792 	 	 0.5191 	 2.8730 	 0.2812
[2025/10/13 21:38:44] - 77 	 19.8 	 	 0.2000 	 4.0894 	 0.2801
[2025/10/13 21:38:44] - ==> Building model..
[2025/10/13 21:39:01] - Test Loss 	 Test Acc 	 PGD Loss 	 PGD Acc
[2025/10/13 21:39:01] - 2.5822 	 	 0.5188 	 2.8748 	 0.2804
[2025/10/13 21:39:47] - 78 	 19.7 	 	 0.2000 	 4.0909 	 0.2785
[2025/10/13 21:39:47] - ==> Building model..
[2025/10/13 21:40:04] - Test Loss 	 Test Acc 	 PGD Loss 	 PGD Acc
[2025/10/13 21:40:04] - 2.5864 	 	 0.5191 	 2.8786 	 0.2795
[2025/10/13 21:40:50] - 79 	 19.2 	 	 0.2000 	 4.0891 	 0.2796
[2025/10/13 21:40:50] - ==> Building model..
[2025/10/13 21:41:08] - Test Loss 	 Test Acc 	 PGD Loss 	 PGD Acc
[2025/10/13 21:41:08] - 2.5888 	 	 0.5190 	 2.8807 	 0.2804
[2025/10/13 21:41:54] - 80 	 19.9 	 	 0.2000 	 4.0882 	 0.2812
[2025/10/13 21:41:54] - ==> Building model..
[2025/10/13 21:42:11] - Test Loss 	 Test Acc 	 PGD Loss 	 PGD Acc
[2025/10/13 21:42:11] - 2.5906 	 	 0.5198 	 2.8825 	 0.2809
[2025/10/13 21:42:57] - 81 	 19.7 	 	 0.2000 	 4.0886 	 0.2801
[2025/10/13 21:42:57] - ==> Building model..
[2025/10/13 21:43:14] - Test Loss 	 Test Acc 	 PGD Loss 	 PGD Acc
[2025/10/13 21:43:14] - 2.5913 	 	 0.5186 	 2.8829 	 0.2832
[2025/10/13 21:44:01] - 82 	 19.7 	 	 0.2000 	 4.0895 	 0.2796
[2025/10/13 21:44:01] - ==> Building model..
[2025/10/13 21:44:17] - Test Loss 	 Test Acc 	 PGD Loss 	 PGD Acc
[2025/10/13 21:44:17] - 2.5913 	 	 0.5180 	 2.8838 	 0.2833
[2025/10/13 21:45:05] - 83 	 20.1 	 	 0.2000 	 4.0865 	 0.2810
[2025/10/13 21:45:05] - ==> Building model..
[2025/10/13 21:45:21] - Test Loss 	 Test Acc 	 PGD Loss 	 PGD Acc
[2025/10/13 21:45:21] - 2.5912 	 	 0.5180 	 2.8833 	 0.2835
[2025/10/13 21:46:08] - 84 	 20.0 	 	 0.2000 	 4.0906 	 0.2776
[2025/10/13 21:46:08] - ==> Building model..
[2025/10/13 21:46:25] - Test Loss 	 Test Acc 	 PGD Loss 	 PGD Acc
[2025/10/13 21:46:25] - 2.5936 	 	 0.5174 	 2.8853 	 0.2834
[2025/10/13 21:47:12] - 85 	 19.7 	 	 0.2000 	 4.0895 	 0.2809
[2025/10/13 21:47:12] - ==> Building model..
[2025/10/13 21:47:28] - Test Loss 	 Test Acc 	 PGD Loss 	 PGD Acc
[2025/10/13 21:47:28] - 2.5934 	 	 0.5162 	 2.8852 	 0.2838
[2025/10/13 21:48:17] - 86 	 20.3 	 	 0.2000 	 4.0880 	 0.2794
[2025/10/13 21:48:17] - ==> Building model..
[2025/10/13 21:48:34] - Test Loss 	 Test Acc 	 PGD Loss 	 PGD Acc
[2025/10/13 21:48:34] - 2.5938 	 	 0.5164 	 2.8861 	 0.2843
[2025/10/13 21:49:19] - 87 	 18.9 	 	 0.2000 	 4.0882 	 0.2813
[2025/10/13 21:49:19] - ==> Building model..
[2025/10/13 21:49:36] - Test Loss 	 Test Acc 	 PGD Loss 	 PGD Acc
[2025/10/13 21:49:36] - 2.5935 	 	 0.5160 	 2.8853 	 0.2850
[2025/10/13 21:50:22] - 88 	 19.1 	 	 0.2000 	 4.0898 	 0.2797
[2025/10/13 21:50:22] - ==> Building model..
[2025/10/13 21:50:39] - Test Loss 	 Test Acc 	 PGD Loss 	 PGD Acc
[2025/10/13 21:50:39] - 2.5936 	 	 0.5174 	 2.8851 	 0.2848
[2025/10/13 21:51:27] - 89 	 20.4 	 	 0.2000 	 4.0892 	 0.2813
[2025/10/13 21:51:27] - ==> Building model..
[2025/10/13 21:51:45] - Test Loss 	 Test Acc 	 PGD Loss 	 PGD Acc
[2025/10/13 21:51:45] - 2.5939 	 	 0.5178 	 2.8845 	 0.2854
[2025/10/13 21:52:30] - 90 	 19.2 	 	 0.0200 	 3.9933 	 0.3423
[2025/10/13 21:52:30] - ==> Building model..
[2025/10/13 21:52:47] - Test Loss 	 Test Acc 	 PGD Loss 	 PGD Acc
[2025/10/13 21:52:47] - 2.5915 	 	 0.5180 	 2.8835 	 0.2851
[2025/10/13 21:53:33] - 91 	 18.8 	 	 0.0200 	 3.8994 	 0.4025
[2025/10/13 21:53:33] - ==> Building model..
[2025/10/13 21:53:50] - Test Loss 	 Test Acc 	 PGD Loss 	 PGD Acc
[2025/10/13 21:53:50] - 2.5903 	 	 0.5189 	 2.8821 	 0.2847
[2025/10/13 21:54:36] - 92 	 19.0 	 	 0.0200 	 3.8727 	 0.4226
[2025/10/13 21:54:36] - ==> Building model..
[2025/10/13 21:54:53] - Test Loss 	 Test Acc 	 PGD Loss 	 PGD Acc
[2025/10/13 21:54:53] - 2.5900 	 	 0.5192 	 2.8822 	 0.2846
[2025/10/13 21:55:40] - 93 	 19.2 	 	 0.0200 	 3.8563 	 0.4318
[2025/10/13 21:55:40] - ==> Building model..
[2025/10/13 21:55:58] - Test Loss 	 Test Acc 	 PGD Loss 	 PGD Acc
[2025/10/13 21:55:58] - 2.5906 	 	 0.5195 	 2.8829 	 0.2848
[2025/10/13 21:56:45] - 94 	 19.1 	 	 0.0200 	 3.8399 	 0.4434
[2025/10/13 21:56:45] - ==> Building model..
[2025/10/13 21:57:02] - Test Loss 	 Test Acc 	 PGD Loss 	 PGD Acc
[2025/10/13 21:57:02] - 2.5917 	 	 0.5198 	 2.8838 	 0.2855
[2025/10/13 21:57:48] - 95 	 18.5 	 	 0.0200 	 3.8284 	 0.4528
[2025/10/13 21:57:48] - ==> Building model..
[2025/10/13 21:58:04] - Test Loss 	 Test Acc 	 PGD Loss 	 PGD Acc
[2025/10/13 21:58:04] - 2.5937 	 	 0.5197 	 2.8854 	 0.2850
[2025/10/13 21:58:49] - 96 	 18.3 	 	 0.0200 	 3.8171 	 0.4619
[2025/10/13 21:58:49] - ==> Building model..
[2025/10/13 21:59:05] - Test Loss 	 Test Acc 	 PGD Loss 	 PGD Acc
[2025/10/13 21:59:05] - 2.5964 	 	 0.5196 	 2.8876 	 0.2856
[2025/10/13 21:59:50] - 97 	 18.2 	 	 0.0200 	 3.8081 	 0.4695
[2025/10/13 21:59:50] - ==> Building model..
[2025/10/13 22:00:06] - Test Loss 	 Test Acc 	 PGD Loss 	 PGD Acc
[2025/10/13 22:00:06] - 2.6035 	 	 0.5186 	 2.8936 	 0.2862
[2025/10/13 22:00:51] - 98 	 18.1 	 	 0.0200 	 3.8011 	 0.4736
[2025/10/13 22:00:51] - ==> Building model..
[2025/10/13 22:01:07] - Test Loss 	 Test Acc 	 PGD Loss 	 PGD Acc
[2025/10/13 22:01:07] - 2.6067 	 	 0.5188 	 2.8964 	 0.2855
[2025/10/13 22:01:51] - 99 	 17.9 	 	 0.0200 	 3.7926 	 0.4793
[2025/10/13 22:01:51] - ==> Building model..
[2025/10/13 22:02:08] - Test Loss 	 Test Acc 	 PGD Loss 	 PGD Acc
[2025/10/13 22:02:08] - 2.6115 	 	 0.5180 	 2.8999 	 0.2851
[2025/10/13 22:02:08] - [0.0868, 0.1441, 0.186, 0.2335, 0.2652, 0.3061, 0.3417, 0.3739, 0.3999, 0.409, 0.4238, 0.4371, 0.4477, 0.4481, 0.4576, 0.4631, 0.4682, 0.4707, 0.4747, 0.4787, 0.4839, 0.4863, 0.489, 0.4903, 0.4914, 0.4933, 0.4977, 0.4971, 0.4984, 0.5001, 0.5002, 0.5044, 0.5057, 0.5046, 0.5044, 0.506, 0.5076, 0.5075, 0.5081, 0.5094, 0.5098, 0.5098, 0.5099, 0.5115, 0.5118, 0.5151, 0.5147, 0.516, 0.5146, 0.5157, 0.5158, 0.5153, 0.5167, 0.5166, 0.5174, 0.5174, 0.5187, 0.5185, 0.5194, 0.5184, 0.5187, 0.5183, 0.5167, 0.5173, 0.5176, 0.5173, 0.5172, 0.518, 0.5184, 0.518, 0.5177, 0.5181, 0.5182, 0.5191, 0.5192, 0.5187, 0.5191, 0.5188, 0.5191, 0.519, 0.5198, 0.5186, 0.518, 0.518, 0.5174, 0.5162, 0.5164, 0.516, 0.5174, 0.5178, 0.518, 0.5189, 0.5192, 0.5195, 0.5198, 0.5197, 0.5196, 0.5186, 0.5188, 0.518]
[2025/10/13 22:02:08] - [0.0579, 0.094, 0.1149, 0.1378, 0.1561, 0.176, 0.1911, 0.2022, 0.2144, 0.2204, 0.2293, 0.2357, 0.2398, 0.2403, 0.2448, 0.248, 0.2519, 0.2543, 0.2555, 0.2573, 0.2594, 0.26, 0.2602, 0.2613, 0.2629, 0.2618, 0.264, 0.2657, 0.2665, 0.2685, 0.2688, 0.2686, 0.2709, 0.2722, 0.2709, 0.2725, 0.2729, 0.2757, 0.2765, 0.276, 0.2773, 0.277, 0.2769, 0.277, 0.2781, 0.2779, 0.2784, 0.2798, 0.281, 0.2805, 0.2783, 0.2797, 0.2803, 0.2805, 0.2822, 0.2799, 0.2806, 0.2806, 0.2814, 0.2823, 0.2813, 0.2816, 0.2808, 0.2796, 0.2799, 0.2799, 0.2802, 0.281, 0.2816, 0.2824, 0.2816, 0.2808, 0.2797, 0.2809, 0.282, 0.2811, 0.2812, 0.2804, 0.2795, 0.2804, 0.2809, 0.2832, 0.2833, 0.2835, 0.2834, 0.2838, 0.2843, 0.285, 0.2848, 0.2854, 0.2851, 0.2847, 0.2846, 0.2848, 0.2855, 0.285, 0.2856, 0.2862, 0.2855, 0.2851]
