[2025/09/29 00:42:03] - Namespace(batch_size=128, data_dir='./tiny-imagenet-200', epochs=110, lr_schedule='multistep', lr_min=0.0, lr_max=0.1, weight_decay=0.0005, momentum=0.9, model='PreActResNest18', epsilon=8, alpha=8, delta_init='random', normal_mean=0, normal_std=1, out_dir='./output/Tiny_ImageNet/lam_start_40_beta_0.2/lam_scale_0.08', seed=0, lamda=38, lam_scale=0.08, lam_start=40, gamma=0.025, inner_gamma=0.025, beta=0.2, mu=3.5, batch_m=0.75, early_stop=False, factor=0.3, length=6, n_holes=1, c_num=0.125, EMA_value=0.55)
[2025/09/29 00:43:08] - ==> Building model..
[2025/09/29 00:43:08] - Epoch 	 Seconds 	 LR 	 	 Train Loss 	 Train Acc
[2025/09/29 00:46:41] - 0 	 208.2 	 	 0.1000 	 5.2897 	 0.0288
[2025/09/29 00:46:41] - ==> Building model..
[2025/09/29 00:47:51] - Test Loss 	 Test Acc 	 PGD Loss 	 PGD Acc
[2025/09/29 00:47:51] - 4.9570 	 	 0.0859 	 4.9708 	 0.0452
[2025/09/29 00:51:20] - 1 	 203.8 	 	 0.1000 	 5.2268 	 0.0728
[2025/09/29 00:51:20] - ==> Building model..
[2025/09/29 00:52:31] - Test Loss 	 Test Acc 	 PGD Loss 	 PGD Acc
[2025/09/29 00:52:31] - 4.7130 	 	 0.1507 	 4.7528 	 0.0776
[2025/09/29 00:56:00] - 2 	 203.3 	 	 0.1000 	 5.1955 	 0.1022
[2025/09/29 00:56:00] - ==> Building model..
[2025/09/29 00:57:14] - Test Loss 	 Test Acc 	 PGD Loss 	 PGD Acc
[2025/09/29 00:57:14] - 4.5745 	 	 0.1886 	 4.6364 	 0.1002
[2025/09/29 01:01:07] - 3 	 227.7 	 	 0.1000 	 5.1699 	 0.1257
[2025/09/29 01:01:07] - ==> Building model..
[2025/09/29 01:03:17] - Test Loss 	 Test Acc 	 PGD Loss 	 PGD Acc
[2025/09/29 01:03:17] - 4.4906 	 	 0.2112 	 4.5678 	 0.1101
[2025/09/29 01:07:43] - 4 	 260.4 	 	 0.1000 	 5.1464 	 0.1468
[2025/09/29 01:07:43] - ==> Building model..
[2025/09/29 01:08:58] - Test Loss 	 Test Acc 	 PGD Loss 	 PGD Acc
[2025/09/29 01:08:58] - 4.4418 	 	 0.2347 	 4.5304 	 0.1190
[2025/09/29 01:14:59] - 5 	 356.4 	 	 0.1000 	 5.1268 	 0.1646
[2025/09/29 01:14:59] - ==> Building model..
[2025/09/29 01:17:02] - Test Loss 	 Test Acc 	 PGD Loss 	 PGD Acc
[2025/09/29 01:17:02] - 4.4367 	 	 0.2466 	 4.5307 	 0.1264
[2025/09/29 01:22:38] - 6 	 330.1 	 	 0.1000 	 5.1126 	 0.1789
[2025/09/29 01:22:38] - ==> Building model..
[2025/09/29 01:24:35] - Test Loss 	 Test Acc 	 PGD Loss 	 PGD Acc
[2025/09/29 01:24:35] - 4.3414 	 	 0.2699 	 4.4548 	 0.1360
[2025/09/29 01:30:10] - 7 	 327.7 	 	 0.1000 	 5.1010 	 0.1905
[2025/09/29 01:30:10] - ==> Building model..
[2025/09/29 01:32:06] - Test Loss 	 Test Acc 	 PGD Loss 	 PGD Acc
[2025/09/29 01:32:06] - 4.1806 	 	 0.3007 	 4.3261 	 0.1508
[2025/09/29 01:37:24] - 8 	 311.6 	 	 0.1000 	 5.0902 	 0.2009
[2025/09/29 01:37:24] - ==> Building model..
[2025/09/29 01:39:05] - Test Loss 	 Test Acc 	 PGD Loss 	 PGD Acc
[2025/09/29 01:39:05] - 4.0189 	 	 0.3325 	 4.2007 	 0.1668
[2025/09/29 01:43:50] - 9 	 278.6 	 	 0.1000 	 5.0816 	 0.2101
[2025/09/29 01:43:50] - ==> Building model..
[2025/09/29 01:45:27] - Test Loss 	 Test Acc 	 PGD Loss 	 PGD Acc
[2025/09/29 01:45:27] - 3.9068 	 	 0.3554 	 4.1142 	 0.1767
[2025/09/29 01:50:08] - 10 	 274.8 	 	 0.1000 	 5.0737 	 0.2185
[2025/09/29 01:50:08] - ==> Building model..
[2025/09/29 01:51:49] - Test Loss 	 Test Acc 	 PGD Loss 	 PGD Acc
[2025/09/29 01:51:49] - 3.8427 	 	 0.3673 	 4.0661 	 0.1860
[2025/09/29 01:56:30] - 11 	 274.9 	 	 0.1000 	 5.0661 	 0.2248
[2025/09/29 01:56:30] - ==> Building model..
[2025/09/29 01:58:11] - Test Loss 	 Test Acc 	 PGD Loss 	 PGD Acc
[2025/09/29 01:58:11] - 3.7883 	 	 0.3771 	 4.0254 	 0.1913
[2025/09/29 02:02:56] - 12 	 279.1 	 	 0.1000 	 5.0599 	 0.2318
[2025/09/29 02:02:56] - ==> Building model..
[2025/09/29 02:04:38] - Test Loss 	 Test Acc 	 PGD Loss 	 PGD Acc
[2025/09/29 02:04:38] - 3.7480 	 	 0.3833 	 3.9954 	 0.1958
[2025/09/29 02:09:21] - 13 	 274.7 	 	 0.1000 	 5.0540 	 0.2374
[2025/09/29 02:09:21] - ==> Building model..
[2025/09/29 02:11:02] - Test Loss 	 Test Acc 	 PGD Loss 	 PGD Acc
[2025/09/29 02:11:02] - 3.7131 	 	 0.3910 	 3.9704 	 0.1986
[2025/09/29 02:15:48] - 14 	 279.9 	 	 0.1000 	 5.0488 	 0.2432
[2025/09/29 02:15:48] - ==> Building model..
[2025/09/29 02:17:28] - Test Loss 	 Test Acc 	 PGD Loss 	 PGD Acc
[2025/09/29 02:17:28] - 3.6829 	 	 0.3970 	 3.9485 	 0.2013
[2025/09/29 02:22:07] - 15 	 273.2 	 	 0.1000 	 5.0442 	 0.2483
[2025/09/29 02:22:07] - ==> Building model..
[2025/09/29 02:23:49] - Test Loss 	 Test Acc 	 PGD Loss 	 PGD Acc
[2025/09/29 02:23:49] - 3.6587 	 	 0.4039 	 3.9321 	 0.2027
[2025/09/29 02:28:26] - 16 	 270.2 	 	 0.1000 	 5.0401 	 0.2517
[2025/09/29 02:28:26] - ==> Building model..
[2025/09/29 02:30:02] - Test Loss 	 Test Acc 	 PGD Loss 	 PGD Acc
[2025/09/29 02:30:02] - 3.6373 	 	 0.4081 	 3.9171 	 0.2049
[2025/09/29 02:35:03] - 17 	 294.4 	 	 0.1000 	 5.0358 	 0.2580
[2025/09/29 02:35:03] - ==> Building model..
[2025/09/29 02:36:51] - Test Loss 	 Test Acc 	 PGD Loss 	 PGD Acc
[2025/09/29 02:36:51] - 3.6177 	 	 0.4127 	 3.9037 	 0.2077
[2025/09/29 02:41:57] - 18 	 300.0 	 	 0.1000 	 5.0326 	 0.2617
[2025/09/29 02:41:57] - ==> Building model..
[2025/09/29 02:43:47] - Test Loss 	 Test Acc 	 PGD Loss 	 PGD Acc
[2025/09/29 02:43:47] - 3.6003 	 	 0.4156 	 3.8912 	 0.2097
[2025/09/29 02:48:46] - 19 	 294.2 	 	 0.1000 	 5.0287 	 0.2647
[2025/09/29 02:48:46] - ==> Building model..
[2025/09/29 02:50:34] - Test Loss 	 Test Acc 	 PGD Loss 	 PGD Acc
[2025/09/29 02:50:34] - 3.5826 	 	 0.4187 	 3.8790 	 0.2112
[2025/09/29 02:55:39] - 20 	 300.0 	 	 0.1000 	 5.0265 	 0.2659
[2025/09/29 02:55:39] - ==> Building model..
[2025/09/29 02:57:28] - Test Loss 	 Test Acc 	 PGD Loss 	 PGD Acc
[2025/09/29 02:57:28] - 3.5671 	 	 0.4220 	 3.8690 	 0.2108
[2025/09/29 03:02:33] - 21 	 299.2 	 	 0.1000 	 5.0240 	 0.2690
[2025/09/29 03:02:33] - ==> Building model..
[2025/09/29 03:04:21] - Test Loss 	 Test Acc 	 PGD Loss 	 PGD Acc
[2025/09/29 03:04:21] - 3.5515 	 	 0.4254 	 3.8583 	 0.2131
[2025/09/29 03:09:25] - 22 	 297.4 	 	 0.1000 	 5.0206 	 0.2713
[2025/09/29 03:09:25] - ==> Building model..
[2025/09/29 03:11:12] - Test Loss 	 Test Acc 	 PGD Loss 	 PGD Acc
[2025/09/29 03:11:12] - 3.5340 	 	 0.4271 	 3.8457 	 0.2142
[2025/09/29 03:16:17] - 23 	 299.0 	 	 0.1000 	 5.0188 	 0.2736
[2025/09/29 03:16:17] - ==> Building model..
[2025/09/29 03:18:05] - Test Loss 	 Test Acc 	 PGD Loss 	 PGD Acc
[2025/09/29 03:18:05] - 3.5188 	 	 0.4315 	 3.8354 	 0.2164
[2025/09/29 03:22:59] - 24 	 286.9 	 	 0.1000 	 5.0165 	 0.2779
[2025/09/29 03:22:59] - ==> Building model..
[2025/09/29 03:24:38] - Test Loss 	 Test Acc 	 PGD Loss 	 PGD Acc
[2025/09/29 03:24:38] - 3.5067 	 	 0.4346 	 3.8276 	 0.2151
[2025/09/29 03:28:04] - 25 	 200.5 	 	 0.1000 	 5.0149 	 0.2770
[2025/09/29 03:28:04] - ==> Building model..
[2025/09/29 03:29:22] - Test Loss 	 Test Acc 	 PGD Loss 	 PGD Acc
[2025/09/29 03:29:22] - 3.4944 	 	 0.4367 	 3.8192 	 0.2160
[2025/09/29 03:32:48] - 26 	 200.7 	 	 0.1000 	 5.0131 	 0.2798
[2025/09/29 03:32:48] - ==> Building model..
[2025/09/29 03:34:04] - Test Loss 	 Test Acc 	 PGD Loss 	 PGD Acc
[2025/09/29 03:34:04] - 3.4832 	 	 0.4403 	 3.8119 	 0.2186
[2025/09/29 03:37:29] - 27 	 199.1 	 	 0.1000 	 5.0111 	 0.2836
[2025/09/29 03:37:29] - ==> Building model..
[2025/09/29 03:38:44] - Test Loss 	 Test Acc 	 PGD Loss 	 PGD Acc
[2025/09/29 03:38:44] - 3.4745 	 	 0.4426 	 3.8065 	 0.2197
[2025/09/29 03:42:09] - 28 	 199.2 	 	 0.1000 	 5.0089 	 0.2851
[2025/09/29 03:42:09] - ==> Building model..
[2025/09/29 03:43:24] - Test Loss 	 Test Acc 	 PGD Loss 	 PGD Acc
[2025/09/29 03:43:24] - 3.4679 	 	 0.4441 	 3.8025 	 0.2207
[2025/09/29 03:46:50] - 29 	 199.7 	 	 0.1000 	 5.0078 	 0.2856
[2025/09/29 03:46:50] - ==> Building model..
[2025/09/29 03:48:05] - Test Loss 	 Test Acc 	 PGD Loss 	 PGD Acc
[2025/09/29 03:48:05] - 3.4607 	 	 0.4463 	 3.7979 	 0.2219
[2025/09/29 03:51:31] - 30 	 199.8 	 	 0.1000 	 5.0064 	 0.2883
[2025/09/29 03:51:31] - ==> Building model..
[2025/09/29 03:52:46] - Test Loss 	 Test Acc 	 PGD Loss 	 PGD Acc
[2025/09/29 03:52:46] - 3.4547 	 	 0.4480 	 3.7940 	 0.2231
[2025/09/29 03:56:11] - 31 	 199.6 	 	 0.1000 	 5.0048 	 0.2898
[2025/09/29 03:56:11] - ==> Building model..
[2025/09/29 03:57:27] - Test Loss 	 Test Acc 	 PGD Loss 	 PGD Acc
[2025/09/29 03:57:27] - 3.4486 	 	 0.4491 	 3.7900 	 0.2247
[2025/09/29 04:00:53] - 32 	 200.2 	 	 0.1000 	 5.0045 	 0.2865
[2025/09/29 04:00:53] - ==> Building model..
[2025/09/29 04:02:08] - Test Loss 	 Test Acc 	 PGD Loss 	 PGD Acc
[2025/09/29 04:02:08] - 3.4414 	 	 0.4505 	 3.7853 	 0.2250
[2025/09/29 04:05:34] - 33 	 200.0 	 	 0.1000 	 5.0027 	 0.2902
[2025/09/29 04:05:34] - ==> Building model..
[2025/09/29 04:06:51] - Test Loss 	 Test Acc 	 PGD Loss 	 PGD Acc
[2025/09/29 04:06:51] - 3.4363 	 	 0.4524 	 3.7815 	 0.2244
[2025/09/29 04:10:17] - 34 	 200.7 	 	 0.1000 	 5.0013 	 0.2923
[2025/09/29 04:10:17] - ==> Building model..
[2025/09/29 04:11:33] - Test Loss 	 Test Acc 	 PGD Loss 	 PGD Acc
[2025/09/29 04:11:33] - 3.4308 	 	 0.4532 	 3.7781 	 0.2256
[2025/09/29 04:14:59] - 35 	 200.1 	 	 0.1000 	 4.9999 	 0.2942
[2025/09/29 04:14:59] - ==> Building model..
[2025/09/29 04:16:15] - Test Loss 	 Test Acc 	 PGD Loss 	 PGD Acc
[2025/09/29 04:16:15] - 3.4262 	 	 0.4536 	 3.7755 	 0.2258
[2025/09/29 04:19:41] - 36 	 200.6 	 	 0.1000 	 4.9998 	 0.2940
[2025/09/29 04:19:41] - ==> Building model..
[2025/09/29 04:20:58] - Test Loss 	 Test Acc 	 PGD Loss 	 PGD Acc
[2025/09/29 04:20:58] - 3.4225 	 	 0.4555 	 3.7733 	 0.2264
[2025/09/29 04:24:23] - 37 	 199.1 	 	 0.1000 	 4.9981 	 0.2962
[2025/09/29 04:24:23] - ==> Building model..
[2025/09/29 04:25:39] - Test Loss 	 Test Acc 	 PGD Loss 	 PGD Acc
[2025/09/29 04:25:39] - 3.4204 	 	 0.4572 	 3.7724 	 0.2260
[2025/09/29 04:29:05] - 38 	 200.4 	 	 0.1000 	 4.9976 	 0.2959
[2025/09/29 04:29:05] - ==> Building model..
[2025/09/29 04:30:21] - Test Loss 	 Test Acc 	 PGD Loss 	 PGD Acc
[2025/09/29 04:30:21] - 3.4164 	 	 0.4581 	 3.7700 	 0.2275
[2025/09/29 04:33:48] - 39 	 201.1 	 	 0.1000 	 4.9966 	 0.2962
[2025/09/29 04:33:48] - ==> Building model..
[2025/09/29 04:35:05] - Test Loss 	 Test Acc 	 PGD Loss 	 PGD Acc
[2025/09/29 04:35:05] - 3.4118 	 	 0.4588 	 3.7673 	 0.2277
[2025/09/29 04:38:31] - 40 	 199.8 	 	 0.1000 	 4.9959 	 0.2969
[2025/09/29 04:38:31] - ==> Building model..
[2025/09/29 04:39:47] - Test Loss 	 Test Acc 	 PGD Loss 	 PGD Acc
[2025/09/29 04:39:47] - 3.4088 	 	 0.4589 	 3.7647 	 0.2293
[2025/09/29 04:43:13] - 41 	 200.4 	 	 0.1000 	 4.9945 	 0.2992
[2025/09/29 04:43:13] - ==> Building model..
[2025/09/29 04:44:31] - Test Loss 	 Test Acc 	 PGD Loss 	 PGD Acc
[2025/09/29 04:44:31] - 3.4057 	 	 0.4606 	 3.7627 	 0.2291
[2025/09/29 04:47:55] - 42 	 199.1 	 	 0.1000 	 4.9940 	 0.3007
[2025/09/29 04:47:55] - ==> Building model..
[2025/09/29 04:49:12] - Test Loss 	 Test Acc 	 PGD Loss 	 PGD Acc
[2025/09/29 04:49:12] - 3.4028 	 	 0.4627 	 3.7618 	 0.2307
[2025/09/29 04:52:38] - 43 	 200.2 	 	 0.1000 	 4.9936 	 0.3013
[2025/09/29 04:52:38] - ==> Building model..
[2025/09/29 04:53:55] - Test Loss 	 Test Acc 	 PGD Loss 	 PGD Acc
[2025/09/29 04:53:55] - 3.4005 	 	 0.4631 	 3.7601 	 0.2311
[2025/09/29 04:57:21] - 44 	 199.6 	 	 0.1000 	 4.9930 	 0.3010
[2025/09/29 04:57:21] - ==> Building model..
[2025/09/29 04:58:39] - Test Loss 	 Test Acc 	 PGD Loss 	 PGD Acc
[2025/09/29 04:58:39] - 3.3987 	 	 0.4630 	 3.7598 	 0.2320
[2025/09/29 05:02:06] - 45 	 201.2 	 	 0.1000 	 4.9924 	 0.3019
[2025/09/29 05:02:06] - ==> Building model..
[2025/09/29 05:03:22] - Test Loss 	 Test Acc 	 PGD Loss 	 PGD Acc
[2025/09/29 05:03:22] - 3.3973 	 	 0.4625 	 3.7596 	 0.2323
[2025/09/29 05:06:48] - 46 	 200.2 	 	 0.1000 	 4.9919 	 0.3033
[2025/09/29 05:06:48] - ==> Building model..
[2025/09/29 05:08:04] - Test Loss 	 Test Acc 	 PGD Loss 	 PGD Acc
[2025/09/29 05:08:04] - 3.3957 	 	 0.4652 	 3.7585 	 0.2325
[2025/09/29 05:11:31] - 47 	 200.1 	 	 0.1000 	 4.9919 	 0.3035
[2025/09/29 05:11:31] - ==> Building model..
[2025/09/29 05:12:48] - Test Loss 	 Test Acc 	 PGD Loss 	 PGD Acc
[2025/09/29 05:12:48] - 3.3936 	 	 0.4646 	 3.7572 	 0.2325
[2025/09/29 05:16:14] - 48 	 200.2 	 	 0.1000 	 4.9912 	 0.3051
[2025/09/29 05:16:14] - ==> Building model..
[2025/09/29 05:17:31] - Test Loss 	 Test Acc 	 PGD Loss 	 PGD Acc
[2025/09/29 05:17:31] - 3.3942 	 	 0.4639 	 3.7580 	 0.2316
[2025/09/29 05:20:56] - 49 	 200.1 	 	 0.1000 	 4.9917 	 0.3030
[2025/09/29 05:20:56] - ==> Building model..
[2025/09/29 05:22:13] - Test Loss 	 Test Acc 	 PGD Loss 	 PGD Acc
[2025/09/29 05:22:13] - 3.3941 	 	 0.4647 	 3.7583 	 0.2320
[2025/09/29 05:25:38] - 50 	 199.2 	 	 0.1000 	 4.9910 	 0.3054
[2025/09/29 05:25:38] - ==> Building model..
[2025/09/29 05:26:56] - Test Loss 	 Test Acc 	 PGD Loss 	 PGD Acc
[2025/09/29 05:26:56] - 3.3926 	 	 0.4650 	 3.7571 	 0.2321
[2025/09/29 05:30:24] - 51 	 200.3 	 	 0.1000 	 4.9914 	 0.3048
[2025/09/29 05:30:24] - ==> Building model..
[2025/09/29 05:31:41] - Test Loss 	 Test Acc 	 PGD Loss 	 PGD Acc
[2025/09/29 05:31:41] - 3.3914 	 	 0.4667 	 3.7568 	 0.2322
[2025/09/29 05:35:07] - 52 	 200.2 	 	 0.1000 	 4.9911 	 0.3059
[2025/09/29 05:35:07] - ==> Building model..
[2025/09/29 05:36:24] - Test Loss 	 Test Acc 	 PGD Loss 	 PGD Acc
[2025/09/29 05:36:24] - 3.3907 	 	 0.4660 	 3.7560 	 0.2333
[2025/09/29 05:39:51] - 53 	 200.6 	 	 0.1000 	 4.9906 	 0.3069
[2025/09/29 05:39:51] - ==> Building model..
[2025/09/29 05:41:08] - Test Loss 	 Test Acc 	 PGD Loss 	 PGD Acc
[2025/09/29 05:41:08] - 3.3914 	 	 0.4665 	 3.7564 	 0.2338
[2025/09/29 05:44:35] - 54 	 200.7 	 	 0.1000 	 4.9910 	 0.3058
[2025/09/29 05:44:35] - ==> Building model..
[2025/09/29 05:45:52] - Test Loss 	 Test Acc 	 PGD Loss 	 PGD Acc
[2025/09/29 05:45:52] - 3.3925 	 	 0.4660 	 3.7571 	 0.2334
[2025/09/29 05:49:18] - 55 	 200.7 	 	 0.1000 	 4.9901 	 0.3074
[2025/09/29 05:49:18] - ==> Building model..
[2025/09/29 05:50:36] - Test Loss 	 Test Acc 	 PGD Loss 	 PGD Acc
[2025/09/29 05:50:36] - 3.3930 	 	 0.4665 	 3.7582 	 0.2344
[2025/09/29 05:54:03] - 56 	 201.0 	 	 0.1000 	 4.9899 	 0.3081
[2025/09/29 05:54:03] - ==> Building model..
[2025/09/29 05:55:19] - Test Loss 	 Test Acc 	 PGD Loss 	 PGD Acc
[2025/09/29 05:55:19] - 3.3944 	 	 0.4667 	 3.7592 	 0.2342
[2025/09/29 05:58:42] - 57 	 197.2 	 	 0.1000 	 4.9895 	 0.3079
[2025/09/29 05:58:42] - ==> Building model..
[2025/09/29 05:59:59] - Test Loss 	 Test Acc 	 PGD Loss 	 PGD Acc
[2025/09/29 05:59:59] - 3.3955 	 	 0.4666 	 3.7608 	 0.2342
[2025/09/29 06:03:25] - 58 	 200.4 	 	 0.1000 	 4.9902 	 0.3077
[2025/09/29 06:03:25] - ==> Building model..
[2025/09/29 06:04:42] - Test Loss 	 Test Acc 	 PGD Loss 	 PGD Acc
[2025/09/29 06:04:42] - 3.3963 	 	 0.4676 	 3.7615 	 0.2348
[2025/09/29 06:08:08] - 59 	 200.1 	 	 0.1000 	 4.9898 	 0.3059
[2025/09/29 06:08:08] - ==> Building model..
[2025/09/29 06:09:25] - Test Loss 	 Test Acc 	 PGD Loss 	 PGD Acc
[2025/09/29 06:09:25] - 3.3971 	 	 0.4679 	 3.7632 	 0.2349
[2025/09/29 06:12:51] - 60 	 201.2 	 	 0.1000 	 4.9889 	 0.3076
[2025/09/29 06:12:51] - ==> Building model..
[2025/09/29 06:14:07] - Test Loss 	 Test Acc 	 PGD Loss 	 PGD Acc
[2025/09/29 06:14:07] - 3.3975 	 	 0.4682 	 3.7636 	 0.2347
[2025/09/29 06:17:37] - 61 	 204.3 	 	 0.1000 	 4.9879 	 0.3088
[2025/09/29 06:17:37] - ==> Building model..
[2025/09/29 06:18:49] - Test Loss 	 Test Acc 	 PGD Loss 	 PGD Acc
[2025/09/29 06:18:49] - 3.3978 	 	 0.4688 	 3.7639 	 0.2349
[2025/09/29 06:22:20] - 62 	 205.3 	 	 0.1000 	 4.9887 	 0.3096
[2025/09/29 06:22:20] - ==> Building model..
[2025/09/29 06:23:32] - Test Loss 	 Test Acc 	 PGD Loss 	 PGD Acc
[2025/09/29 06:23:32] - 3.3981 	 	 0.4688 	 3.7650 	 0.2350
[2025/09/29 06:27:02] - 63 	 204.7 	 	 0.1000 	 4.9874 	 0.3109
[2025/09/29 06:27:02] - ==> Building model..
[2025/09/29 06:28:14] - Test Loss 	 Test Acc 	 PGD Loss 	 PGD Acc
[2025/09/29 06:28:14] - 3.3985 	 	 0.4691 	 3.7655 	 0.2355
[2025/09/29 06:31:43] - 64 	 203.2 	 	 0.1000 	 4.9872 	 0.3100
[2025/09/29 06:31:43] - ==> Building model..
[2025/09/29 06:32:58] - Test Loss 	 Test Acc 	 PGD Loss 	 PGD Acc
[2025/09/29 06:32:58] - 3.3976 	 	 0.4695 	 3.7650 	 0.2362
[2025/09/29 06:36:24] - 65 	 200.9 	 	 0.1000 	 4.9869 	 0.3103
[2025/09/29 06:36:24] - ==> Building model..
[2025/09/29 06:37:41] - Test Loss 	 Test Acc 	 PGD Loss 	 PGD Acc
[2025/09/29 06:37:41] - 3.3963 	 	 0.4685 	 3.7637 	 0.2363
[2025/09/29 06:41:07] - 66 	 199.2 	 	 0.1000 	 4.9866 	 0.3105
[2025/09/29 06:41:07] - ==> Building model..
[2025/09/29 06:42:23] - Test Loss 	 Test Acc 	 PGD Loss 	 PGD Acc
[2025/09/29 06:42:23] - 3.3953 	 	 0.4689 	 3.7630 	 0.2362
[2025/09/29 06:45:48] - 67 	 199.4 	 	 0.1000 	 4.9867 	 0.3118
[2025/09/29 06:45:48] - ==> Building model..
[2025/09/29 06:47:05] - Test Loss 	 Test Acc 	 PGD Loss 	 PGD Acc
[2025/09/29 06:47:05] - 3.3946 	 	 0.4701 	 3.7626 	 0.2363
[2025/09/29 06:50:30] - 68 	 199.6 	 	 0.1000 	 4.9861 	 0.3104
[2025/09/29 06:50:30] - ==> Building model..
[2025/09/29 06:51:47] - Test Loss 	 Test Acc 	 PGD Loss 	 PGD Acc
[2025/09/29 06:51:47] - 3.3944 	 	 0.4700 	 3.7629 	 0.2359
[2025/09/29 06:55:11] - 69 	 199.1 	 	 0.1000 	 4.9863 	 0.3116
[2025/09/29 06:55:11] - ==> Building model..
[2025/09/29 06:56:28] - Test Loss 	 Test Acc 	 PGD Loss 	 PGD Acc
[2025/09/29 06:56:28] - 3.3924 	 	 0.4705 	 3.7622 	 0.2359
[2025/09/29 06:59:53] - 70 	 199.2 	 	 0.1000 	 4.9857 	 0.3140
[2025/09/29 06:59:53] - ==> Building model..
[2025/09/29 07:01:10] - Test Loss 	 Test Acc 	 PGD Loss 	 PGD Acc
[2025/09/29 07:01:10] - 3.3908 	 	 0.4715 	 3.7614 	 0.2356
[2025/09/29 07:04:35] - 71 	 199.3 	 	 0.1000 	 4.9859 	 0.3112
[2025/09/29 07:04:35] - ==> Building model..
[2025/09/29 07:05:51] - Test Loss 	 Test Acc 	 PGD Loss 	 PGD Acc
[2025/09/29 07:05:51] - 3.3907 	 	 0.4712 	 3.7613 	 0.2362
[2025/09/29 07:09:16] - 72 	 199.8 	 	 0.1000 	 4.9854 	 0.3134
[2025/09/29 07:09:16] - ==> Building model..
[2025/09/29 07:10:33] - Test Loss 	 Test Acc 	 PGD Loss 	 PGD Acc
[2025/09/29 07:10:33] - 3.3898 	 	 0.4708 	 3.7608 	 0.2365
[2025/09/29 07:13:58] - 73 	 199.7 	 	 0.1000 	 4.9845 	 0.3133
[2025/09/29 07:13:58] - ==> Building model..
[2025/09/29 07:15:15] - Test Loss 	 Test Acc 	 PGD Loss 	 PGD Acc
[2025/09/29 07:15:15] - 3.3892 	 	 0.4706 	 3.7604 	 0.2371
[2025/09/29 07:18:41] - 74 	 200.9 	 	 0.1000 	 4.9851 	 0.3136
[2025/09/29 07:18:41] - ==> Building model..
[2025/09/29 07:19:58] - Test Loss 	 Test Acc 	 PGD Loss 	 PGD Acc
[2025/09/29 07:19:58] - 3.3891 	 	 0.4706 	 3.7608 	 0.2364
[2025/09/29 07:23:23] - 75 	 199.9 	 	 0.1000 	 4.9841 	 0.3130
[2025/09/29 07:23:23] - ==> Building model..
[2025/09/29 07:24:39] - Test Loss 	 Test Acc 	 PGD Loss 	 PGD Acc
[2025/09/29 07:24:39] - 3.3878 	 	 0.4708 	 3.7597 	 0.2366
[2025/09/29 07:28:04] - 76 	 199.7 	 	 0.1000 	 4.9839 	 0.3136
[2025/09/29 07:28:04] - ==> Building model..
[2025/09/29 07:29:22] - Test Loss 	 Test Acc 	 PGD Loss 	 PGD Acc
[2025/09/29 07:29:22] - 3.3876 	 	 0.4708 	 3.7602 	 0.2380
[2025/09/29 07:32:48] - 77 	 200.4 	 	 0.1000 	 4.9837 	 0.3140
[2025/09/29 07:32:48] - ==> Building model..
[2025/09/29 07:34:05] - Test Loss 	 Test Acc 	 PGD Loss 	 PGD Acc
[2025/09/29 07:34:05] - 3.3879 	 	 0.4708 	 3.7612 	 0.2381
[2025/09/29 07:37:30] - 78 	 199.8 	 	 0.1000 	 4.9838 	 0.3148
[2025/09/29 07:37:30] - ==> Building model..
[2025/09/29 07:38:47] - Test Loss 	 Test Acc 	 PGD Loss 	 PGD Acc
[2025/09/29 07:38:47] - 3.3901 	 	 0.4710 	 3.7640 	 0.2375
[2025/09/29 07:42:15] - 79 	 202.9 	 	 0.1000 	 4.9841 	 0.3133
[2025/09/29 07:42:15] - ==> Building model..
[2025/09/29 07:43:30] - Test Loss 	 Test Acc 	 PGD Loss 	 PGD Acc
[2025/09/29 07:43:30] - 3.3934 	 	 0.4708 	 3.7675 	 0.2385
[2025/09/29 07:46:58] - 80 	 203.5 	 	 0.1000 	 4.9834 	 0.3148
[2025/09/29 07:46:58] - ==> Building model..
[2025/09/29 07:48:12] - Test Loss 	 Test Acc 	 PGD Loss 	 PGD Acc
[2025/09/29 07:48:12] - 3.3973 	 	 0.4720 	 3.7718 	 0.2386
[2025/09/29 07:51:44] - 81 	 207.5 	 	 0.1000 	 4.9828 	 0.3147
[2025/09/29 07:51:44] - ==> Building model..
[2025/09/29 07:52:56] - Test Loss 	 Test Acc 	 PGD Loss 	 PGD Acc
[2025/09/29 07:52:56] - 3.4007 	 	 0.4724 	 3.7757 	 0.2379
[2025/09/29 07:56:24] - 82 	 202.9 	 	 0.1000 	 4.9825 	 0.3159
[2025/09/29 07:56:24] - ==> Building model..
[2025/09/29 07:57:37] - Test Loss 	 Test Acc 	 PGD Loss 	 PGD Acc
[2025/09/29 07:57:37] - 3.4035 	 	 0.4719 	 3.7784 	 0.2381
[2025/09/29 08:01:03] - 83 	 201.3 	 	 0.1000 	 4.9831 	 0.3140
[2025/09/29 08:01:03] - ==> Building model..
[2025/09/29 08:02:17] - Test Loss 	 Test Acc 	 PGD Loss 	 PGD Acc
[2025/09/29 08:02:17] - 3.4071 	 	 0.4723 	 3.7825 	 0.2387
[2025/09/29 08:05:44] - 84 	 201.0 	 	 0.1000 	 4.9830 	 0.3143
[2025/09/29 08:05:44] - ==> Building model..
[2025/09/29 08:07:01] - Test Loss 	 Test Acc 	 PGD Loss 	 PGD Acc
[2025/09/29 08:07:01] - 3.4101 	 	 0.4725 	 3.7851 	 0.2382
[2025/09/29 08:10:27] - 85 	 200.8 	 	 0.1000 	 4.9824 	 0.3156
[2025/09/29 08:10:27] - ==> Building model..
[2025/09/29 08:11:43] - Test Loss 	 Test Acc 	 PGD Loss 	 PGD Acc
[2025/09/29 08:11:43] - 3.4118 	 	 0.4710 	 3.7873 	 0.2390
[2025/09/29 08:15:08] - 86 	 199.6 	 	 0.1000 	 4.9822 	 0.3166
[2025/09/29 08:15:08] - ==> Building model..
[2025/09/29 08:16:25] - Test Loss 	 Test Acc 	 PGD Loss 	 PGD Acc
[2025/09/29 08:16:25] - 3.4129 	 	 0.4716 	 3.7887 	 0.2393
[2025/09/29 08:19:52] - 87 	 202.2 	 	 0.1000 	 4.9823 	 0.3139
[2025/09/29 08:19:52] - ==> Building model..
[2025/09/29 08:21:08] - Test Loss 	 Test Acc 	 PGD Loss 	 PGD Acc
[2025/09/29 08:21:08] - 3.4122 	 	 0.4724 	 3.7891 	 0.2397
[2025/09/29 08:24:35] - 88 	 200.9 	 	 0.1000 	 4.9821 	 0.3158
[2025/09/29 08:24:35] - ==> Building model..
[2025/09/29 08:25:52] - Test Loss 	 Test Acc 	 PGD Loss 	 PGD Acc
[2025/09/29 08:25:52] - 3.4096 	 	 0.4720 	 3.7870 	 0.2400
[2025/09/29 08:29:17] - 89 	 199.6 	 	 0.1000 	 4.9816 	 0.3169
[2025/09/29 08:29:17] - ==> Building model..
[2025/09/29 08:30:35] - Test Loss 	 Test Acc 	 PGD Loss 	 PGD Acc
[2025/09/29 08:30:35] - 3.4072 	 	 0.4725 	 3.7856 	 0.2395
[2025/09/29 08:33:59] - 90 	 198.7 	 	 0.1000 	 4.9815 	 0.3175
[2025/09/29 08:33:59] - ==> Building model..
[2025/09/29 08:35:14] - Test Loss 	 Test Acc 	 PGD Loss 	 PGD Acc
[2025/09/29 08:35:14] - 3.4042 	 	 0.4731 	 3.7833 	 0.2406
[2025/09/29 08:38:43] - 91 	 203.7 	 	 0.1000 	 4.9812 	 0.3168
[2025/09/29 08:38:43] - ==> Building model..
[2025/09/29 08:39:56] - Test Loss 	 Test Acc 	 PGD Loss 	 PGD Acc
[2025/09/29 08:39:56] - 3.4022 	 	 0.4738 	 3.7820 	 0.2412
[2025/09/29 08:43:26] - 92 	 205.3 	 	 0.1000 	 4.9823 	 0.3159
[2025/09/29 08:43:26] - ==> Building model..
[2025/09/29 08:44:37] - Test Loss 	 Test Acc 	 PGD Loss 	 PGD Acc
[2025/09/29 08:44:37] - 3.3985 	 	 0.4747 	 3.7792 	 0.2407
[2025/09/29 08:48:08] - 93 	 205.6 	 	 0.1000 	 4.9810 	 0.3174
[2025/09/29 08:48:08] - ==> Building model..
[2025/09/29 08:49:19] - Test Loss 	 Test Acc 	 PGD Loss 	 PGD Acc
[2025/09/29 08:49:19] - 3.3950 	 	 0.4739 	 3.7764 	 0.2403
[2025/09/29 08:52:50] - 94 	 205.0 	 	 0.1000 	 4.9824 	 0.3166
[2025/09/29 08:52:50] - ==> Building model..
[2025/09/29 08:54:03] - Test Loss 	 Test Acc 	 PGD Loss 	 PGD Acc
[2025/09/29 08:54:03] - 3.3917 	 	 0.4742 	 3.7735 	 0.2403
[2025/09/29 08:57:29] - 95 	 200.1 	 	 0.1000 	 4.9819 	 0.3178
[2025/09/29 08:57:29] - ==> Building model..
[2025/09/29 08:58:44] - Test Loss 	 Test Acc 	 PGD Loss 	 PGD Acc
[2025/09/29 08:58:44] - 3.3878 	 	 0.4740 	 3.7700 	 0.2395
[2025/09/29 09:02:11] - 96 	 202.3 	 	 0.1000 	 4.9816 	 0.3163
[2025/09/29 09:02:11] - ==> Building model..
[2025/09/29 09:03:28] - Test Loss 	 Test Acc 	 PGD Loss 	 PGD Acc
[2025/09/29 09:03:28] - 3.3834 	 	 0.4755 	 3.7667 	 0.2402
[2025/09/29 09:06:52] - 97 	 199.7 	 	 0.1000 	 4.9822 	 0.3169
[2025/09/29 09:06:52] - ==> Building model..
[2025/09/29 09:08:08] - Test Loss 	 Test Acc 	 PGD Loss 	 PGD Acc
[2025/09/29 09:08:08] - 3.3794 	 	 0.4755 	 3.7634 	 0.2411
[2025/09/29 09:11:35] - 98 	 201.9 	 	 0.1000 	 4.9812 	 0.3167
[2025/09/29 09:11:35] - ==> Building model..
[2025/09/29 09:12:52] - Test Loss 	 Test Acc 	 PGD Loss 	 PGD Acc
[2025/09/29 09:12:52] - 3.3757 	 	 0.4757 	 3.7606 	 0.2409
[2025/09/29 09:16:17] - 99 	 199.6 	 	 0.0100 	 4.8825 	 0.4440
[2025/09/29 09:16:17] - ==> Building model..
[2025/09/29 09:17:34] - Test Loss 	 Test Acc 	 PGD Loss 	 PGD Acc
[2025/09/29 09:17:34] - 3.3752 	 	 0.4756 	 3.7605 	 0.2407
[2025/09/29 09:20:59] - 100 	 200.4 	 	 0.0100 	 4.8152 	 0.5382
[2025/09/29 09:20:59] - ==> Building model..
[2025/09/29 09:22:16] - Test Loss 	 Test Acc 	 PGD Loss 	 PGD Acc
[2025/09/29 09:22:16] - 3.3752 	 	 0.4756 	 3.7600 	 0.2409
[2025/09/29 09:25:41] - 101 	 200.5 	 	 0.0100 	 4.7895 	 0.5782
[2025/09/29 09:25:41] - ==> Building model..
[2025/09/29 09:26:58] - Test Loss 	 Test Acc 	 PGD Loss 	 PGD Acc
[2025/09/29 09:26:58] - 3.3752 	 	 0.4756 	 3.7603 	 0.2408
[2025/09/29 09:30:24] - 102 	 201.0 	 	 0.0100 	 4.7680 	 0.6143
[2025/09/29 09:30:24] - ==> Building model..
[2025/09/29 09:31:38] - Test Loss 	 Test Acc 	 PGD Loss 	 PGD Acc
[2025/09/29 09:31:38] - 3.3752 	 	 0.4756 	 3.7602 	 0.2411
[2025/09/29 09:35:02] - 103 	 196.7 	 	 0.0100 	 4.7502 	 0.6450
[2025/09/29 09:35:02] - ==> Building model..
[2025/09/29 09:36:21] - Test Loss 	 Test Acc 	 PGD Loss 	 PGD Acc
[2025/09/29 09:36:21] - 3.3752 	 	 0.4756 	 3.7605 	 0.2412
[2025/09/29 09:39:44] - 104 	 195.8 	 	 0.0010 	 4.7036 	 0.7196
[2025/09/29 09:39:44] - ==> Building model..
[2025/09/29 09:41:02] - Test Loss 	 Test Acc 	 PGD Loss 	 PGD Acc
[2025/09/29 09:41:02] - 3.3752 	 	 0.4756 	 3.7599 	 0.2406
[2025/09/29 09:44:25] - 105 	 195.6 	 	 0.0010 	 4.6825 	 0.7537
[2025/09/29 09:44:25] - ==> Building model..
[2025/09/29 09:45:42] - Test Loss 	 Test Acc 	 PGD Loss 	 PGD Acc
[2025/09/29 09:45:42] - 3.3752 	 	 0.4756 	 3.7605 	 0.2413
[2025/09/29 09:49:05] - 106 	 195.9 	 	 0.0010 	 4.6764 	 0.7652
[2025/09/29 09:49:05] - ==> Building model..
[2025/09/29 09:50:20] - Test Loss 	 Test Acc 	 PGD Loss 	 PGD Acc
[2025/09/29 09:50:20] - 3.3752 	 	 0.4756 	 3.7606 	 0.2413
[2025/09/29 09:53:44] - 107 	 197.8 	 	 0.0010 	 4.6713 	 0.7724
[2025/09/29 09:53:44] - ==> Building model..
[2025/09/29 09:54:57] - Test Loss 	 Test Acc 	 PGD Loss 	 PGD Acc
[2025/09/29 09:54:57] - 3.3752 	 	 0.4756 	 3.7600 	 0.2410
[2025/09/29 09:58:20] - 108 	 196.6 	 	 0.0010 	 4.6670 	 0.7799
[2025/09/29 09:58:20] - ==> Building model..
[2025/09/29 09:59:31] - Test Loss 	 Test Acc 	 PGD Loss 	 PGD Acc
[2025/09/29 09:59:31] - 3.3752 	 	 0.4756 	 3.7606 	 0.2404
[2025/09/29 10:02:55] - 109 	 195.1 	 	 0.0010 	 4.6624 	 0.7876
[2025/09/29 10:02:55] - ==> Building model..
[2025/09/29 10:04:15] - Test Loss 	 Test Acc 	 PGD Loss 	 PGD Acc
[2025/09/29 10:04:15] - 3.3752 	 	 0.4756 	 3.7604 	 0.2412
[2025/09/29 10:04:15] - [0.0859, 0.1507, 0.1886, 0.2112, 0.2347, 0.2466, 0.2699, 0.3007, 0.3325, 0.3554, 0.3673, 0.3771, 0.3833, 0.391, 0.397, 0.4039, 0.4081, 0.4127, 0.4156, 0.4187, 0.422, 0.4254, 0.4271, 0.4315, 0.4346, 0.4367, 0.4403, 0.4426, 0.4441, 0.4463, 0.448, 0.4491, 0.4505, 0.4524, 0.4532, 0.4536, 0.4555, 0.4572, 0.4581, 0.4588, 0.4589, 0.4606, 0.4627, 0.4631, 0.463, 0.4625, 0.4652, 0.4646, 0.4639, 0.4647, 0.465, 0.4667, 0.466, 0.4665, 0.466, 0.4665, 0.4667, 0.4666, 0.4676, 0.4679, 0.4682, 0.4688, 0.4688, 0.4691, 0.4695, 0.4685, 0.4689, 0.4701, 0.47, 0.4705, 0.4715, 0.4712, 0.4708, 0.4706, 0.4706, 0.4708, 0.4708, 0.4708, 0.471, 0.4708, 0.472, 0.4724, 0.4719, 0.4723, 0.4725, 0.471, 0.4716, 0.4724, 0.472, 0.4725, 0.4731, 0.4738, 0.4747, 0.4739, 0.4742, 0.474, 0.4755, 0.4755, 0.4757, 0.4756, 0.4756, 0.4756, 0.4756, 0.4756, 0.4756, 0.4756, 0.4756, 0.4756, 0.4756, 0.4756]
[2025/09/29 10:04:15] - [0.0452, 0.0776, 0.1002, 0.1101, 0.119, 0.1264, 0.136, 0.1508, 0.1668, 0.1767, 0.186, 0.1913, 0.1958, 0.1986, 0.2013, 0.2027, 0.2049, 0.2077, 0.2097, 0.2112, 0.2108, 0.2131, 0.2142, 0.2164, 0.2151, 0.216, 0.2186, 0.2197, 0.2207, 0.2219, 0.2231, 0.2247, 0.225, 0.2244, 0.2256, 0.2258, 0.2264, 0.226, 0.2275, 0.2277, 0.2293, 0.2291, 0.2307, 0.2311, 0.232, 0.2323, 0.2325, 0.2325, 0.2316, 0.232, 0.2321, 0.2322, 0.2333, 0.2338, 0.2334, 0.2344, 0.2342, 0.2342, 0.2348, 0.2349, 0.2347, 0.2349, 0.235, 0.2355, 0.2362, 0.2363, 0.2362, 0.2363, 0.2359, 0.2359, 0.2356, 0.2362, 0.2365, 0.2371, 0.2364, 0.2366, 0.238, 0.2381, 0.2375, 0.2385, 0.2386, 0.2379, 0.2381, 0.2387, 0.2382, 0.239, 0.2393, 0.2397, 0.24, 0.2395, 0.2406, 0.2412, 0.2407, 0.2403, 0.2403, 0.2395, 0.2402, 0.2411, 0.2409, 0.2407, 0.2409, 0.2408, 0.2411, 0.2412, 0.2406, 0.2413, 0.2413, 0.241, 0.2404, 0.2412]
