[2025/10/15 12:27:53] - Namespace(batch_size=128, data_dir='cifar-data', epochs=100, lr_schedule='multistep', lr_min=0.0, lr_max=0.2, weight_decay=0.0005, momentum=0.9, model='ResNet18', epsilon=8, alpha=8, delta_init='random', normal_mean=0, normal_std=1, out_dir='./output/CIFAR100/lamda_38_lamscale_0.03_run2', seed=0, lamda=38.0, lam_scale=0.03, lam_start=50, gamma=0.05, inner_gamma=0.05, beta=0.2, mu=3.5, batch_m=0.75, early_stop=False, factor=0.5, length=4, n_holes=1, c_num=0.125, EMA_value=0.55)
[2025/10/15 12:27:55] - ==> Building model..
[2025/10/15 12:27:55] - Epoch 	 Seconds 	 LR 	 	 Train Loss 	 Train Acc
[2025/10/15 12:28:51] - 0 	 32.9 	 	 0.2000 	 4.5710 	 0.0379
[2025/10/15 12:28:51] - ==> Building model..
[2025/10/15 12:29:17] - Test Loss 	 Test Acc 	 PGD Loss 	 PGD Acc
[2025/10/15 12:29:17] - 4.2324 	 	 0.0869 	 4.2449 	 0.0566
[2025/10/15 12:30:08] - 1 	 27.8 	 	 0.2000 	 4.4617 	 0.0768
[2025/10/15 12:30:08] - ==> Building model..
[2025/10/15 12:30:32] - Test Loss 	 Test Acc 	 PGD Loss 	 PGD Acc
[2025/10/15 12:30:32] - 4.0387 	 	 0.1447 	 4.0675 	 0.0942
[2025/10/15 12:31:24] - 2 	 30.7 	 	 0.2000 	 4.4109 	 0.1014
[2025/10/15 12:31:24] - ==> Building model..
[2025/10/15 12:31:50] - Test Loss 	 Test Acc 	 PGD Loss 	 PGD Acc
[2025/10/15 12:31:50] - 3.8991 	 	 0.1810 	 3.9441 	 0.1123
[2025/10/15 12:32:43] - 3 	 31.6 	 	 0.2000 	 4.3658 	 0.1221
[2025/10/15 12:32:43] - ==> Building model..
[2025/10/15 12:33:08] - Test Loss 	 Test Acc 	 PGD Loss 	 PGD Acc
[2025/10/15 12:33:08] - 3.7515 	 	 0.2252 	 3.8164 	 0.1337
[2025/10/15 12:34:00] - 4 	 30.7 	 	 0.2000 	 4.3227 	 0.1454
[2025/10/15 12:34:00] - ==> Building model..
[2025/10/15 12:34:24] - Test Loss 	 Test Acc 	 PGD Loss 	 PGD Acc
[2025/10/15 12:34:24] - 3.6517 	 	 0.2574 	 3.7366 	 0.1532
[2025/10/15 12:35:19] - 5 	 31.4 	 	 0.2000 	 4.2843 	 0.1640
[2025/10/15 12:35:19] - ==> Building model..
[2025/10/15 12:35:43] - Test Loss 	 Test Acc 	 PGD Loss 	 PGD Acc
[2025/10/15 12:35:43] - 3.4585 	 	 0.2968 	 3.5715 	 0.1733
[2025/10/15 12:36:34] - 6 	 30.5 	 	 0.2000 	 4.2524 	 0.1823
[2025/10/15 12:36:34] - ==> Building model..
[2025/10/15 12:36:59] - Test Loss 	 Test Acc 	 PGD Loss 	 PGD Acc
[2025/10/15 12:36:59] - 3.2317 	 	 0.3414 	 3.3793 	 0.1912
[2025/10/15 12:37:52] - 7 	 31.9 	 	 0.2000 	 4.2286 	 0.1954
[2025/10/15 12:37:52] - ==> Building model..
[2025/10/15 12:38:16] - Test Loss 	 Test Acc 	 PGD Loss 	 PGD Acc
[2025/10/15 12:38:16] - 3.0897 	 	 0.3739 	 3.2650 	 0.2050
[2025/10/15 12:39:10] - 8 	 30.9 	 	 0.2000 	 4.2079 	 0.2073
[2025/10/15 12:39:10] - ==> Building model..
[2025/10/15 12:39:34] - Test Loss 	 Test Acc 	 PGD Loss 	 PGD Acc
[2025/10/15 12:39:34] - 2.9891 	 	 0.3996 	 3.1862 	 0.2167
[2025/10/15 12:40:24] - 9 	 27.8 	 	 0.2000 	 4.1923 	 0.2160
[2025/10/15 12:40:24] - ==> Building model..
[2025/10/15 12:40:46] - Test Loss 	 Test Acc 	 PGD Loss 	 PGD Acc
[2025/10/15 12:40:46] - 2.9292 	 	 0.4110 	 3.1391 	 0.2249
[2025/10/15 12:41:39] - 10 	 31.4 	 	 0.2000 	 4.1797 	 0.2233
[2025/10/15 12:41:39] - ==> Building model..
[2025/10/15 12:42:04] - Test Loss 	 Test Acc 	 PGD Loss 	 PGD Acc
[2025/10/15 12:42:04] - 2.8772 	 	 0.4234 	 3.0987 	 0.2299
[2025/10/15 12:42:57] - 11 	 31.9 	 	 0.2000 	 4.1703 	 0.2264
[2025/10/15 12:42:57] - ==> Building model..
[2025/10/15 12:43:22] - Test Loss 	 Test Acc 	 PGD Loss 	 PGD Acc
[2025/10/15 12:43:22] - 2.8308 	 	 0.4364 	 3.0644 	 0.2357
[2025/10/15 12:44:15] - 12 	 32.0 	 	 0.2000 	 4.1604 	 0.2337
[2025/10/15 12:44:15] - ==> Building model..
[2025/10/15 12:44:40] - Test Loss 	 Test Acc 	 PGD Loss 	 PGD Acc
[2025/10/15 12:44:40] - 2.7853 	 	 0.4487 	 3.0302 	 0.2400
[2025/10/15 12:45:35] - 13 	 32.5 	 	 0.2000 	 4.1563 	 0.2352
[2025/10/15 12:45:35] - ==> Building model..
[2025/10/15 12:46:00] - Test Loss 	 Test Acc 	 PGD Loss 	 PGD Acc
[2025/10/15 12:46:00] - 2.7575 	 	 0.4524 	 3.0078 	 0.2439
[2025/10/15 12:46:53] - 14 	 31.2 	 	 0.2000 	 4.1499 	 0.2406
[2025/10/15 12:46:53] - ==> Building model..
[2025/10/15 12:47:17] - Test Loss 	 Test Acc 	 PGD Loss 	 PGD Acc
[2025/10/15 12:47:17] - 2.7411 	 	 0.4574 	 2.9952 	 0.2450
[2025/10/15 12:48:08] - 15 	 30.7 	 	 0.2000 	 4.1422 	 0.2443
[2025/10/15 12:48:08] - ==> Building model..
[2025/10/15 12:48:33] - Test Loss 	 Test Acc 	 PGD Loss 	 PGD Acc
[2025/10/15 12:48:33] - 2.7232 	 	 0.4623 	 2.9816 	 0.2492
[2025/10/15 12:49:25] - 16 	 31.3 	 	 0.2000 	 4.1383 	 0.2454
[2025/10/15 12:49:25] - ==> Building model..
[2025/10/15 12:49:50] - Test Loss 	 Test Acc 	 PGD Loss 	 PGD Acc
[2025/10/15 12:49:50] - 2.7145 	 	 0.4669 	 2.9754 	 0.2506
[2025/10/15 12:50:39] - 17 	 27.3 	 	 0.2000 	 4.1357 	 0.2491
[2025/10/15 12:50:39] - ==> Building model..
[2025/10/15 12:51:01] - Test Loss 	 Test Acc 	 PGD Loss 	 PGD Acc
[2025/10/15 12:51:01] - 2.6998 	 	 0.4697 	 2.9640 	 0.2525
[2025/10/15 12:51:42] - 18 	 20.9 	 	 0.2000 	 4.1287 	 0.2513
[2025/10/15 12:51:42] - ==> Building model..
[2025/10/15 12:52:03] - Test Loss 	 Test Acc 	 PGD Loss 	 PGD Acc
[2025/10/15 12:52:03] - 2.6760 	 	 0.4747 	 2.9474 	 0.2554
[2025/10/15 12:52:47] - 19 	 23.0 	 	 0.2000 	 4.1266 	 0.2536
[2025/10/15 12:52:47] - ==> Building model..
[2025/10/15 12:53:06] - Test Loss 	 Test Acc 	 PGD Loss 	 PGD Acc
[2025/10/15 12:53:06] - 2.6632 	 	 0.4786 	 2.9363 	 0.2549
[2025/10/15 12:53:46] - 20 	 20.0 	 	 0.2000 	 4.1233 	 0.2571
[2025/10/15 12:53:46] - ==> Building model..
[2025/10/15 12:54:06] - Test Loss 	 Test Acc 	 PGD Loss 	 PGD Acc
[2025/10/15 12:54:06] - 2.6574 	 	 0.4780 	 2.9318 	 0.2545
[2025/10/15 12:54:46] - 21 	 20.5 	 	 0.2000 	 4.1204 	 0.2569
[2025/10/15 12:54:46] - ==> Building model..
[2025/10/15 12:55:06] - Test Loss 	 Test Acc 	 PGD Loss 	 PGD Acc
[2025/10/15 12:55:06] - 2.6527 	 	 0.4835 	 2.9298 	 0.2564
[2025/10/15 12:55:45] - 22 	 18.3 	 	 0.2000 	 4.1199 	 0.2575
[2025/10/15 12:55:45] - ==> Building model..
[2025/10/15 12:56:06] - Test Loss 	 Test Acc 	 PGD Loss 	 PGD Acc
[2025/10/15 12:56:06] - 2.6430 	 	 0.4853 	 2.9228 	 0.2556
[2025/10/15 12:56:46] - 23 	 19.1 	 	 0.2000 	 4.1181 	 0.2594
[2025/10/15 12:56:46] - ==> Building model..
[2025/10/15 12:57:07] - Test Loss 	 Test Acc 	 PGD Loss 	 PGD Acc
[2025/10/15 12:57:07] - 2.6354 	 	 0.4856 	 2.9166 	 0.2570
[2025/10/15 12:57:48] - 24 	 21.4 	 	 0.2000 	 4.1159 	 0.2595
[2025/10/15 12:57:48] - ==> Building model..
[2025/10/15 12:58:07] - Test Loss 	 Test Acc 	 PGD Loss 	 PGD Acc
[2025/10/15 12:58:07] - 2.6303 	 	 0.4877 	 2.9136 	 0.2589
[2025/10/15 12:58:49] - 25 	 20.6 	 	 0.2000 	 4.1127 	 0.2636
[2025/10/15 12:58:49] - ==> Building model..
[2025/10/15 12:59:10] - Test Loss 	 Test Acc 	 PGD Loss 	 PGD Acc
[2025/10/15 12:59:10] - 2.6220 	 	 0.4908 	 2.9075 	 0.2618
[2025/10/15 12:59:49] - 26 	 18.4 	 	 0.2000 	 4.1102 	 0.2649
[2025/10/15 12:59:49] - ==> Building model..
[2025/10/15 13:00:08] - Test Loss 	 Test Acc 	 PGD Loss 	 PGD Acc
[2025/10/15 13:00:08] - 2.6137 	 	 0.4914 	 2.9002 	 0.2635
[2025/10/15 13:00:50] - 27 	 21.6 	 	 0.2000 	 4.1088 	 0.2651
[2025/10/15 13:00:50] - ==> Building model..
[2025/10/15 13:01:12] - Test Loss 	 Test Acc 	 PGD Loss 	 PGD Acc
[2025/10/15 13:01:12] - 2.6091 	 	 0.4926 	 2.8969 	 0.2640
[2025/10/15 13:01:55] - 28 	 20.7 	 	 0.2000 	 4.1077 	 0.2645
[2025/10/15 13:01:55] - ==> Building model..
[2025/10/15 13:02:15] - Test Loss 	 Test Acc 	 PGD Loss 	 PGD Acc
[2025/10/15 13:02:15] - 2.6098 	 	 0.4947 	 2.8979 	 0.2659
[2025/10/15 13:02:56] - 29 	 19.5 	 	 0.2000 	 4.1069 	 0.2667
[2025/10/15 13:02:56] - ==> Building model..
[2025/10/15 13:03:17] - Test Loss 	 Test Acc 	 PGD Loss 	 PGD Acc
[2025/10/15 13:03:17] - 2.6093 	 	 0.4942 	 2.8983 	 0.2651
[2025/10/15 13:03:58] - 30 	 19.6 	 	 0.2000 	 4.1069 	 0.2649
[2025/10/15 13:03:58] - ==> Building model..
[2025/10/15 13:04:16] - Test Loss 	 Test Acc 	 PGD Loss 	 PGD Acc
[2025/10/15 13:04:16] - 2.6078 	 	 0.4955 	 2.8974 	 0.2653
[2025/10/15 13:04:57] - 31 	 20.0 	 	 0.2000 	 4.1047 	 0.2662
[2025/10/15 13:04:57] - ==> Building model..
[2025/10/15 13:05:16] - Test Loss 	 Test Acc 	 PGD Loss 	 PGD Acc
[2025/10/15 13:05:17] - 2.6019 	 	 0.4985 	 2.8936 	 0.2672
[2025/10/15 13:06:01] - 32 	 21.4 	 	 0.2000 	 4.1031 	 0.2668
[2025/10/15 13:06:01] - ==> Building model..
[2025/10/15 13:06:20] - Test Loss 	 Test Acc 	 PGD Loss 	 PGD Acc
[2025/10/15 13:06:20] - 2.5997 	 	 0.4980 	 2.8930 	 0.2684
[2025/10/15 13:07:01] - 33 	 19.9 	 	 0.2000 	 4.1013 	 0.2685
[2025/10/15 13:07:01] - ==> Building model..
[2025/10/15 13:07:21] - Test Loss 	 Test Acc 	 PGD Loss 	 PGD Acc
[2025/10/15 13:07:21] - 2.5896 	 	 0.5003 	 2.8840 	 0.2699
[2025/10/15 13:08:02] - 34 	 19.9 	 	 0.2000 	 4.1024 	 0.2670
[2025/10/15 13:08:02] - ==> Building model..
[2025/10/15 13:08:22] - Test Loss 	 Test Acc 	 PGD Loss 	 PGD Acc
[2025/10/15 13:08:22] - 2.5850 	 	 0.5022 	 2.8806 	 0.2702
[2025/10/15 13:09:00] - 35 	 18.0 	 	 0.2000 	 4.0983 	 0.2712
[2025/10/15 13:09:00] - ==> Building model..
[2025/10/15 13:09:17] - Test Loss 	 Test Acc 	 PGD Loss 	 PGD Acc
[2025/10/15 13:09:17] - 2.5808 	 	 0.5033 	 2.8772 	 0.2735
[2025/10/15 13:09:58] - 36 	 19.8 	 	 0.2000 	 4.0983 	 0.2702
[2025/10/15 13:09:58] - ==> Building model..
[2025/10/15 13:10:18] - Test Loss 	 Test Acc 	 PGD Loss 	 PGD Acc
[2025/10/15 13:10:18] - 2.5774 	 	 0.5044 	 2.8760 	 0.2743
[2025/10/15 13:10:55] - 37 	 17.5 	 	 0.2000 	 4.0975 	 0.2717
[2025/10/15 13:10:55] - ==> Building model..
[2025/10/15 13:11:14] - Test Loss 	 Test Acc 	 PGD Loss 	 PGD Acc
[2025/10/15 13:11:14] - 2.5781 	 	 0.5042 	 2.8766 	 0.2743
[2025/10/15 13:11:54] - 38 	 19.1 	 	 0.2000 	 4.0963 	 0.2718
[2025/10/15 13:11:54] - ==> Building model..
[2025/10/15 13:12:12] - Test Loss 	 Test Acc 	 PGD Loss 	 PGD Acc
[2025/10/15 13:12:12] - 2.5732 	 	 0.5079 	 2.8732 	 0.2742
[2025/10/15 13:12:52] - 39 	 18.9 	 	 0.2000 	 4.0965 	 0.2708
[2025/10/15 13:12:52] - ==> Building model..
[2025/10/15 13:13:11] - Test Loss 	 Test Acc 	 PGD Loss 	 PGD Acc
[2025/10/15 13:13:11] - 2.5713 	 	 0.5077 	 2.8720 	 0.2757
[2025/10/15 13:13:51] - 40 	 18.9 	 	 0.2000 	 4.0953 	 0.2725
[2025/10/15 13:13:51] - ==> Building model..
[2025/10/15 13:14:08] - Test Loss 	 Test Acc 	 PGD Loss 	 PGD Acc
[2025/10/15 13:14:08] - 2.5693 	 	 0.5092 	 2.8700 	 0.2766
[2025/10/15 13:14:47] - 41 	 18.4 	 	 0.2000 	 4.0966 	 0.2712
[2025/10/15 13:14:47] - ==> Building model..
[2025/10/15 13:15:06] - Test Loss 	 Test Acc 	 PGD Loss 	 PGD Acc
[2025/10/15 13:15:06] - 2.5677 	 	 0.5093 	 2.8686 	 0.2755
[2025/10/15 13:15:46] - 42 	 19.9 	 	 0.2000 	 4.0948 	 0.2735
[2025/10/15 13:15:46] - ==> Building model..
[2025/10/15 13:16:05] - Test Loss 	 Test Acc 	 PGD Loss 	 PGD Acc
[2025/10/15 13:16:05] - 2.5662 	 	 0.5101 	 2.8674 	 0.2750
[2025/10/15 13:16:42] - 43 	 18.1 	 	 0.2000 	 4.0946 	 0.2723
[2025/10/15 13:16:42] - ==> Building model..
[2025/10/15 13:17:01] - Test Loss 	 Test Acc 	 PGD Loss 	 PGD Acc
[2025/10/15 13:17:01] - 2.5667 	 	 0.5089 	 2.8671 	 0.2763
[2025/10/15 13:17:40] - 44 	 18.5 	 	 0.2000 	 4.0945 	 0.2715
[2025/10/15 13:17:40] - ==> Building model..
[2025/10/15 13:17:58] - Test Loss 	 Test Acc 	 PGD Loss 	 PGD Acc
[2025/10/15 13:17:58] - 2.5634 	 	 0.5112 	 2.8652 	 0.2787
[2025/10/15 13:18:36] - 45 	 17.9 	 	 0.2000 	 4.0921 	 0.2736
[2025/10/15 13:18:36] - ==> Building model..
[2025/10/15 13:18:53] - Test Loss 	 Test Acc 	 PGD Loss 	 PGD Acc
[2025/10/15 13:18:53] - 2.5609 	 	 0.5124 	 2.8637 	 0.2780
[2025/10/15 13:19:33] - 46 	 18.6 	 	 0.2000 	 4.0906 	 0.2761
[2025/10/15 13:19:33] - ==> Building model..
[2025/10/15 13:19:52] - Test Loss 	 Test Acc 	 PGD Loss 	 PGD Acc
[2025/10/15 13:19:52] - 2.5590 	 	 0.5144 	 2.8625 	 0.2782
[2025/10/15 13:20:31] - 47 	 18.7 	 	 0.2000 	 4.0926 	 0.2751
[2025/10/15 13:20:31] - ==> Building model..
[2025/10/15 13:20:50] - Test Loss 	 Test Acc 	 PGD Loss 	 PGD Acc
[2025/10/15 13:20:50] - 2.5578 	 	 0.5156 	 2.8614 	 0.2783
[2025/10/15 13:21:28] - 48 	 18.4 	 	 0.2000 	 4.0888 	 0.2768
[2025/10/15 13:21:28] - ==> Building model..
[2025/10/15 13:21:48] - Test Loss 	 Test Acc 	 PGD Loss 	 PGD Acc
[2025/10/15 13:21:48] - 2.5568 	 	 0.5159 	 2.8610 	 0.2782
[2025/10/15 13:22:28] - 49 	 18.4 	 	 0.2000 	 4.0889 	 0.2763
[2025/10/15 13:22:28] - ==> Building model..
[2025/10/15 13:22:46] - Test Loss 	 Test Acc 	 PGD Loss 	 PGD Acc
[2025/10/15 13:22:46] - 2.5554 	 	 0.5145 	 2.8592 	 0.2780
[2025/10/15 13:23:24] - 50 	 18.4 	 	 0.2000 	 4.0887 	 0.2766
[2025/10/15 13:23:24] - ==> Building model..
[2025/10/15 13:23:42] - Test Loss 	 Test Acc 	 PGD Loss 	 PGD Acc
[2025/10/15 13:23:42] - 2.5520 	 	 0.5170 	 2.8567 	 0.2784
[2025/10/15 13:24:20] - 51 	 18.0 	 	 0.2000 	 4.0900 	 0.2745
[2025/10/15 13:24:20] - ==> Building model..
[2025/10/15 13:24:41] - Test Loss 	 Test Acc 	 PGD Loss 	 PGD Acc
[2025/10/15 13:24:41] - 2.5508 	 	 0.5175 	 2.8566 	 0.2798
[2025/10/15 13:25:20] - 52 	 19.3 	 	 0.2000 	 4.0894 	 0.2769
[2025/10/15 13:25:20] - ==> Building model..
[2025/10/15 13:25:38] - Test Loss 	 Test Acc 	 PGD Loss 	 PGD Acc
[2025/10/15 13:25:38] - 2.5489 	 	 0.5175 	 2.8551 	 0.2790
[2025/10/15 13:26:18] - 53 	 19.1 	 	 0.2000 	 4.0882 	 0.2778
[2025/10/15 13:26:18] - ==> Building model..
[2025/10/15 13:26:38] - Test Loss 	 Test Acc 	 PGD Loss 	 PGD Acc
[2025/10/15 13:26:38] - 2.5489 	 	 0.5170 	 2.8537 	 0.2804
[2025/10/15 13:27:17] - 54 	 18.1 	 	 0.2000 	 4.0893 	 0.2768
[2025/10/15 13:27:17] - ==> Building model..
[2025/10/15 13:27:35] - Test Loss 	 Test Acc 	 PGD Loss 	 PGD Acc
[2025/10/15 13:27:35] - 2.5476 	 	 0.5179 	 2.8527 	 0.2800
[2025/10/15 13:28:14] - 55 	 18.5 	 	 0.2000 	 4.0890 	 0.2764
[2025/10/15 13:28:14] - ==> Building model..
[2025/10/15 13:28:36] - Test Loss 	 Test Acc 	 PGD Loss 	 PGD Acc
[2025/10/15 13:28:36] - 2.5472 	 	 0.5184 	 2.8526 	 0.2799
[2025/10/15 13:29:16] - 56 	 20.2 	 	 0.2000 	 4.0886 	 0.2763
[2025/10/15 13:29:16] - ==> Building model..
[2025/10/15 13:29:37] - Test Loss 	 Test Acc 	 PGD Loss 	 PGD Acc
[2025/10/15 13:29:37] - 2.5486 	 	 0.5165 	 2.8542 	 0.2810
[2025/10/15 13:30:15] - 57 	 18.5 	 	 0.2000 	 4.0894 	 0.2764
[2025/10/15 13:30:15] - ==> Building model..
[2025/10/15 13:30:32] - Test Loss 	 Test Acc 	 PGD Loss 	 PGD Acc
[2025/10/15 13:30:32] - 2.5496 	 	 0.5174 	 2.8545 	 0.2793
[2025/10/15 13:31:08] - 58 	 17.4 	 	 0.2000 	 4.0889 	 0.2774
[2025/10/15 13:31:08] - ==> Building model..
[2025/10/15 13:31:27] - Test Loss 	 Test Acc 	 PGD Loss 	 PGD Acc
[2025/10/15 13:31:27] - 2.5523 	 	 0.5184 	 2.8568 	 0.2799
[2025/10/15 13:32:05] - 59 	 17.7 	 	 0.2000 	 4.0900 	 0.2770
[2025/10/15 13:32:05] - ==> Building model..
[2025/10/15 13:32:24] - Test Loss 	 Test Acc 	 PGD Loss 	 PGD Acc
[2025/10/15 13:32:24] - 2.5523 	 	 0.5189 	 2.8567 	 0.2808
[2025/10/15 13:33:01] - 60 	 17.6 	 	 0.2000 	 4.0872 	 0.2790
[2025/10/15 13:33:01] - ==> Building model..
[2025/10/15 13:33:20] - Test Loss 	 Test Acc 	 PGD Loss 	 PGD Acc
[2025/10/15 13:33:20] - 2.5518 	 	 0.5191 	 2.8571 	 0.2808
[2025/10/15 13:33:57] - 61 	 17.3 	 	 0.2000 	 4.0890 	 0.2750
[2025/10/15 13:33:57] - ==> Building model..
[2025/10/15 13:34:16] - Test Loss 	 Test Acc 	 PGD Loss 	 PGD Acc
[2025/10/15 13:34:16] - 2.5528 	 	 0.5186 	 2.8568 	 0.2806
[2025/10/15 13:34:55] - 62 	 18.7 	 	 0.2000 	 4.0881 	 0.2788
[2025/10/15 13:34:55] - ==> Building model..
[2025/10/15 13:35:16] - Test Loss 	 Test Acc 	 PGD Loss 	 PGD Acc
[2025/10/15 13:35:16] - 2.5523 	 	 0.5184 	 2.8562 	 0.2817
[2025/10/15 13:35:58] - 63 	 20.5 	 	 0.2000 	 4.0894 	 0.2774
[2025/10/15 13:35:58] - ==> Building model..
[2025/10/15 13:36:16] - Test Loss 	 Test Acc 	 PGD Loss 	 PGD Acc
[2025/10/15 13:36:16] - 2.5516 	 	 0.5188 	 2.8552 	 0.2808
[2025/10/15 13:36:54] - 64 	 17.9 	 	 0.2000 	 4.0872 	 0.2790
[2025/10/15 13:36:54] - ==> Building model..
[2025/10/15 13:37:14] - Test Loss 	 Test Acc 	 PGD Loss 	 PGD Acc
[2025/10/15 13:37:14] - 2.5518 	 	 0.5199 	 2.8548 	 0.2815
[2025/10/15 13:37:51] - 65 	 17.4 	 	 0.2000 	 4.0869 	 0.2792
[2025/10/15 13:37:51] - ==> Building model..
[2025/10/15 13:38:11] - Test Loss 	 Test Acc 	 PGD Loss 	 PGD Acc
[2025/10/15 13:38:11] - 2.5562 	 	 0.5179 	 2.8581 	 0.2810
[2025/10/15 13:38:49] - 66 	 18.5 	 	 0.2000 	 4.0869 	 0.2775
[2025/10/15 13:38:49] - ==> Building model..
[2025/10/15 13:39:10] - Test Loss 	 Test Acc 	 PGD Loss 	 PGD Acc
[2025/10/15 13:39:10] - 2.5563 	 	 0.5195 	 2.8588 	 0.2802
[2025/10/15 13:39:48] - 67 	 18.1 	 	 0.2000 	 4.0890 	 0.2771
[2025/10/15 13:39:48] - ==> Building model..
[2025/10/15 13:40:07] - Test Loss 	 Test Acc 	 PGD Loss 	 PGD Acc
[2025/10/15 13:40:07] - 2.5562 	 	 0.5193 	 2.8579 	 0.2794
[2025/10/15 13:40:44] - 68 	 17.9 	 	 0.2000 	 4.0878 	 0.2801
[2025/10/15 13:40:44] - ==> Building model..
[2025/10/15 13:41:03] - Test Loss 	 Test Acc 	 PGD Loss 	 PGD Acc
[2025/10/15 13:41:03] - 2.5559 	 	 0.5191 	 2.8578 	 0.2794
[2025/10/15 13:41:43] - 69 	 20.2 	 	 0.2000 	 4.0891 	 0.2777
[2025/10/15 13:41:43] - ==> Building model..
[2025/10/15 13:42:03] - Test Loss 	 Test Acc 	 PGD Loss 	 PGD Acc
[2025/10/15 13:42:03] - 2.5555 	 	 0.5218 	 2.8586 	 0.2782
[2025/10/15 13:42:43] - 70 	 20.3 	 	 0.2000 	 4.0893 	 0.2800
[2025/10/15 13:42:43] - ==> Building model..
[2025/10/15 13:43:04] - Test Loss 	 Test Acc 	 PGD Loss 	 PGD Acc
[2025/10/15 13:43:04] - 2.5559 	 	 0.5221 	 2.8586 	 0.2796
[2025/10/15 13:43:41] - 71 	 17.6 	 	 0.2000 	 4.0900 	 0.2772
[2025/10/15 13:43:41] - ==> Building model..
[2025/10/15 13:44:02] - Test Loss 	 Test Acc 	 PGD Loss 	 PGD Acc
[2025/10/15 13:44:02] - 2.5583 	 	 0.5214 	 2.8603 	 0.2817
[2025/10/15 13:44:41] - 72 	 19.1 	 	 0.2000 	 4.0890 	 0.2760
[2025/10/15 13:44:41] - ==> Building model..
[2025/10/15 13:45:02] - Test Loss 	 Test Acc 	 PGD Loss 	 PGD Acc
[2025/10/15 13:45:02] - 2.5594 	 	 0.5233 	 2.8624 	 0.2823
[2025/10/15 13:45:42] - 73 	 19.5 	 	 0.2000 	 4.0880 	 0.2792
[2025/10/15 13:45:42] - ==> Building model..
[2025/10/15 13:46:03] - Test Loss 	 Test Acc 	 PGD Loss 	 PGD Acc
[2025/10/15 13:46:03] - 2.5617 	 	 0.5223 	 2.8637 	 0.2812
[2025/10/15 13:46:39] - 74 	 17.6 	 	 0.2000 	 4.0910 	 0.2789
[2025/10/15 13:46:39] - ==> Building model..
[2025/10/15 13:47:01] - Test Loss 	 Test Acc 	 PGD Loss 	 PGD Acc
[2025/10/15 13:47:01] - 2.5635 	 	 0.5227 	 2.8648 	 0.2825
[2025/10/15 13:47:40] - 75 	 19.3 	 	 0.2000 	 4.0896 	 0.2783
[2025/10/15 13:47:40] - ==> Building model..
[2025/10/15 13:47:58] - Test Loss 	 Test Acc 	 PGD Loss 	 PGD Acc
[2025/10/15 13:47:58] - 2.5653 	 	 0.5228 	 2.8663 	 0.2833
[2025/10/15 13:48:36] - 76 	 17.8 	 	 0.2000 	 4.0905 	 0.2793
[2025/10/15 13:48:36] - ==> Building model..
[2025/10/15 13:48:55] - Test Loss 	 Test Acc 	 PGD Loss 	 PGD Acc
[2025/10/15 13:48:55] - 2.5682 	 	 0.5224 	 2.8687 	 0.2828
[2025/10/15 13:49:33] - 77 	 18.8 	 	 0.2000 	 4.0896 	 0.2797
[2025/10/15 13:49:33] - ==> Building model..
[2025/10/15 13:49:52] - Test Loss 	 Test Acc 	 PGD Loss 	 PGD Acc
[2025/10/15 13:49:52] - 2.5697 	 	 0.5229 	 2.8692 	 0.2834
[2025/10/15 13:50:31] - 78 	 18.4 	 	 0.2000 	 4.0894 	 0.2803
[2025/10/15 13:50:31] - ==> Building model..
[2025/10/15 13:50:52] - Test Loss 	 Test Acc 	 PGD Loss 	 PGD Acc
[2025/10/15 13:50:52] - 2.5704 	 	 0.5216 	 2.8696 	 0.2821
[2025/10/15 13:51:30] - 79 	 18.5 	 	 0.2000 	 4.0888 	 0.2796
[2025/10/15 13:51:30] - ==> Building model..
[2025/10/15 13:51:50] - Test Loss 	 Test Acc 	 PGD Loss 	 PGD Acc
[2025/10/15 13:51:50] - 2.5705 	 	 0.5214 	 2.8698 	 0.2831
[2025/10/15 13:52:28] - 80 	 18.7 	 	 0.2000 	 4.0896 	 0.2786
[2025/10/15 13:52:28] - ==> Building model..
[2025/10/15 13:52:49] - Test Loss 	 Test Acc 	 PGD Loss 	 PGD Acc
[2025/10/15 13:52:49] - 2.5732 	 	 0.5216 	 2.8720 	 0.2846
[2025/10/15 13:53:28] - 81 	 18.7 	 	 0.2000 	 4.0901 	 0.2775
[2025/10/15 13:53:28] - ==> Building model..
[2025/10/15 13:53:47] - Test Loss 	 Test Acc 	 PGD Loss 	 PGD Acc
[2025/10/15 13:53:47] - 2.5756 	 	 0.5215 	 2.8730 	 0.2864
[2025/10/15 13:54:26] - 82 	 18.6 	 	 0.2000 	 4.0911 	 0.2799
[2025/10/15 13:54:26] - ==> Building model..
[2025/10/15 13:54:44] - Test Loss 	 Test Acc 	 PGD Loss 	 PGD Acc
[2025/10/15 13:54:44] - 2.5761 	 	 0.5209 	 2.8740 	 0.2860
[2025/10/15 13:55:23] - 83 	 18.4 	 	 0.2000 	 4.0892 	 0.2798
[2025/10/15 13:55:23] - ==> Building model..
[2025/10/15 13:55:42] - Test Loss 	 Test Acc 	 PGD Loss 	 PGD Acc
[2025/10/15 13:55:42] - 2.5785 	 	 0.5211 	 2.8756 	 0.2844
[2025/10/15 13:56:21] - 84 	 17.7 	 	 0.2000 	 4.0911 	 0.2782
[2025/10/15 13:56:21] - ==> Building model..
[2025/10/15 13:56:40] - Test Loss 	 Test Acc 	 PGD Loss 	 PGD Acc
[2025/10/15 13:56:40] - 2.5800 	 	 0.5205 	 2.8774 	 0.2849
[2025/10/15 13:57:19] - 85 	 18.6 	 	 0.2000 	 4.0919 	 0.2793
[2025/10/15 13:57:19] - ==> Building model..
[2025/10/15 13:57:38] - Test Loss 	 Test Acc 	 PGD Loss 	 PGD Acc
[2025/10/15 13:57:38] - 2.5816 	 	 0.5200 	 2.8779 	 0.2849
[2025/10/15 13:58:18] - 86 	 19.2 	 	 0.2000 	 4.0907 	 0.2794
[2025/10/15 13:58:18] - ==> Building model..
[2025/10/15 13:58:37] - Test Loss 	 Test Acc 	 PGD Loss 	 PGD Acc
[2025/10/15 13:58:37] - 2.5833 	 	 0.5183 	 2.8797 	 0.2843
[2025/10/15 13:59:17] - 87 	 19.9 	 	 0.2000 	 4.0902 	 0.2819
[2025/10/15 13:59:17] - ==> Building model..
[2025/10/15 13:59:38] - Test Loss 	 Test Acc 	 PGD Loss 	 PGD Acc
[2025/10/15 13:59:38] - 2.5847 	 	 0.5196 	 2.8802 	 0.2849
[2025/10/15 14:00:17] - 88 	 20.4 	 	 0.2000 	 4.0926 	 0.2783
[2025/10/15 14:00:17] - ==> Building model..
[2025/10/15 14:00:39] - Test Loss 	 Test Acc 	 PGD Loss 	 PGD Acc
[2025/10/15 14:00:39] - 2.5872 	 	 0.5193 	 2.8819 	 0.2843
[2025/10/15 14:01:18] - 89 	 19.2 	 	 0.2000 	 4.0917 	 0.2813
[2025/10/15 14:01:18] - ==> Building model..
[2025/10/15 14:01:39] - Test Loss 	 Test Acc 	 PGD Loss 	 PGD Acc
[2025/10/15 14:01:39] - 2.5902 	 	 0.5197 	 2.8847 	 0.2840
[2025/10/15 14:02:17] - 90 	 18.8 	 	 0.0200 	 3.9952 	 0.3428
[2025/10/15 14:02:17] - ==> Building model..
[2025/10/15 14:02:35] - Test Loss 	 Test Acc 	 PGD Loss 	 PGD Acc
[2025/10/15 14:02:35] - 2.5884 	 	 0.5201 	 2.8835 	 0.2846
[2025/10/15 14:03:11] - 91 	 16.9 	 	 0.0200 	 3.9024 	 0.4030
[2025/10/15 14:03:11] - ==> Building model..
[2025/10/15 14:03:31] - Test Loss 	 Test Acc 	 PGD Loss 	 PGD Acc
[2025/10/15 14:03:31] - 2.5872 	 	 0.5206 	 2.8827 	 0.2844
[2025/10/15 14:04:08] - 92 	 18.0 	 	 0.0200 	 3.8766 	 0.4198
[2025/10/15 14:04:08] - ==> Building model..
[2025/10/15 14:04:28] - Test Loss 	 Test Acc 	 PGD Loss 	 PGD Acc
[2025/10/15 14:04:28] - 2.5870 	 	 0.5211 	 2.8824 	 0.2846
[2025/10/15 14:05:08] - 93 	 19.0 	 	 0.0200 	 3.8593 	 0.4318
[2025/10/15 14:05:08] - ==> Building model..
[2025/10/15 14:05:27] - Test Loss 	 Test Acc 	 PGD Loss 	 PGD Acc
[2025/10/15 14:05:27] - 2.5880 	 	 0.5207 	 2.8834 	 0.2846
[2025/10/15 14:06:05] - 94 	 17.8 	 	 0.0200 	 3.8439 	 0.4434
[2025/10/15 14:06:05] - ==> Building model..
[2025/10/15 14:06:23] - Test Loss 	 Test Acc 	 PGD Loss 	 PGD Acc
[2025/10/15 14:06:23] - 2.5887 	 	 0.5208 	 2.8840 	 0.2853
[2025/10/15 14:07:02] - 95 	 18.0 	 	 0.0200 	 3.8326 	 0.4511
[2025/10/15 14:07:02] - ==> Building model..
[2025/10/15 14:07:21] - Test Loss 	 Test Acc 	 PGD Loss 	 PGD Acc
[2025/10/15 14:07:21] - 2.5914 	 	 0.5206 	 2.8860 	 0.2853
[2025/10/15 14:07:58] - 96 	 17.4 	 	 0.0200 	 3.8213 	 0.4606
[2025/10/15 14:07:58] - ==> Building model..
[2025/10/15 14:08:16] - Test Loss 	 Test Acc 	 PGD Loss 	 PGD Acc
[2025/10/15 14:08:16] - 2.5944 	 	 0.5203 	 2.8889 	 0.2850
[2025/10/15 14:08:55] - 97 	 18.3 	 	 0.0200 	 3.8129 	 0.4661
[2025/10/15 14:08:55] - ==> Building model..
[2025/10/15 14:09:14] - Test Loss 	 Test Acc 	 PGD Loss 	 PGD Acc
[2025/10/15 14:09:14] - 2.5999 	 	 0.5198 	 2.8932 	 0.2857
[2025/10/15 14:09:50] - 98 	 16.9 	 	 0.0200 	 3.8048 	 0.4731
[2025/10/15 14:09:50] - ==> Building model..
[2025/10/15 14:10:09] - Test Loss 	 Test Acc 	 PGD Loss 	 PGD Acc
[2025/10/15 14:10:09] - 2.6010 	 	 0.5198 	 2.8940 	 0.2857
[2025/10/15 14:10:46] - 99 	 17.2 	 	 0.0200 	 3.7978 	 0.4789
[2025/10/15 14:10:46] - ==> Building model..
[2025/10/15 14:11:06] - Test Loss 	 Test Acc 	 PGD Loss 	 PGD Acc
[2025/10/15 14:11:06] - 2.6022 	 	 0.5194 	 2.8950 	 0.2855
[2025/10/15 14:11:06] - [0.0869, 0.1447, 0.181, 0.2252, 0.2574, 0.2968, 0.3414, 0.3739, 0.3996, 0.411, 0.4234, 0.4364, 0.4487, 0.4524, 0.4574, 0.4623, 0.4669, 0.4697, 0.4747, 0.4786, 0.478, 0.4835, 0.4853, 0.4856, 0.4877, 0.4908, 0.4914, 0.4926, 0.4947, 0.4942, 0.4955, 0.4985, 0.498, 0.5003, 0.5022, 0.5033, 0.5044, 0.5042, 0.5079, 0.5077, 0.5092, 0.5093, 0.5101, 0.5089, 0.5112, 0.5124, 0.5144, 0.5156, 0.5159, 0.5145, 0.517, 0.5175, 0.5175, 0.517, 0.5179, 0.5184, 0.5165, 0.5174, 0.5184, 0.5189, 0.5191, 0.5186, 0.5184, 0.5188, 0.5199, 0.5179, 0.5195, 0.5193, 0.5191, 0.5218, 0.5221, 0.5214, 0.5233, 0.5223, 0.5227, 0.5228, 0.5224, 0.5229, 0.5216, 0.5214, 0.5216, 0.5215, 0.5209, 0.5211, 0.5205, 0.52, 0.5183, 0.5196, 0.5193, 0.5197, 0.5201, 0.5206, 0.5211, 0.5207, 0.5208, 0.5206, 0.5203, 0.5198, 0.5198, 0.5194]
[2025/10/15 14:11:06] - [0.0566, 0.0942, 0.1123, 0.1337, 0.1532, 0.1733, 0.1912, 0.205, 0.2167, 0.2249, 0.2299, 0.2357, 0.24, 0.2439, 0.245, 0.2492, 0.2506, 0.2525, 0.2554, 0.2549, 0.2545, 0.2564, 0.2556, 0.257, 0.2589, 0.2618, 0.2635, 0.264, 0.2659, 0.2651, 0.2653, 0.2672, 0.2684, 0.2699, 0.2702, 0.2735, 0.2743, 0.2743, 0.2742, 0.2757, 0.2766, 0.2755, 0.275, 0.2763, 0.2787, 0.278, 0.2782, 0.2783, 0.2782, 0.278, 0.2784, 0.2798, 0.279, 0.2804, 0.28, 0.2799, 0.281, 0.2793, 0.2799, 0.2808, 0.2808, 0.2806, 0.2817, 0.2808, 0.2815, 0.281, 0.2802, 0.2794, 0.2794, 0.2782, 0.2796, 0.2817, 0.2823, 0.2812, 0.2825, 0.2833, 0.2828, 0.2834, 0.2821, 0.2831, 0.2846, 0.2864, 0.286, 0.2844, 0.2849, 0.2849, 0.2843, 0.2849, 0.2843, 0.284, 0.2846, 0.2844, 0.2846, 0.2846, 0.2853, 0.2853, 0.285, 0.2857, 0.2857, 0.2855]
