[2025/10/14 16:24:12] - Namespace(batch_size=128, data_dir='cifar-data', epochs=100, lr_schedule='multistep', lr_min=0.0, lr_max=0.2, weight_decay=0.0005, momentum=0.9, model='ResNet18', epsilon=8, alpha=8, delta_init='random', normal_mean=0, normal_std=1, out_dir='./output/CIFAR100/lamda_37_lamscale_0.05_run3', seed=0, lamda=37.0, lam_scale=0.05, lam_start=50, gamma=0.05, inner_gamma=0.05, beta=0.2, mu=3.5, batch_m=0.75, early_stop=False, factor=0.5, length=4, n_holes=1, c_num=0.125, EMA_value=0.55)
[2025/10/14 16:24:15] - ==> Building model..
[2025/10/14 16:24:15] - Epoch 	 Seconds 	 LR 	 	 Train Loss 	 Train Acc
[2025/10/14 16:25:10] - 0 	 28.5 	 	 0.2000 	 4.5634 	 0.0408
[2025/10/14 16:25:10] - ==> Building model..
[2025/10/14 16:25:33] - Test Loss 	 Test Acc 	 PGD Loss 	 PGD Acc
[2025/10/14 16:25:33] - 4.2163 	 	 0.0872 	 4.2308 	 0.0576
[2025/10/14 16:26:27] - 1 	 27.0 	 	 0.2000 	 4.4586 	 0.0790
[2025/10/14 16:26:27] - ==> Building model..
[2025/10/14 16:26:50] - Test Loss 	 Test Acc 	 PGD Loss 	 PGD Acc
[2025/10/14 16:26:50] - 3.9944 	 	 0.1488 	 4.0267 	 0.0938
[2025/10/14 16:27:44] - 2 	 27.1 	 	 0.2000 	 4.4067 	 0.1035
[2025/10/14 16:27:44] - ==> Building model..
[2025/10/14 16:28:07] - Test Loss 	 Test Acc 	 PGD Loss 	 PGD Acc
[2025/10/14 16:28:07] - 3.8691 	 	 0.1886 	 3.9175 	 0.1158
[2025/10/14 16:29:00] - 3 	 26.7 	 	 0.2000 	 4.3604 	 0.1259
[2025/10/14 16:29:00] - ==> Building model..
[2025/10/14 16:29:23] - Test Loss 	 Test Acc 	 PGD Loss 	 PGD Acc
[2025/10/14 16:29:23] - 3.7305 	 	 0.2333 	 3.7993 	 0.1366
[2025/10/14 16:30:17] - 4 	 27.1 	 	 0.2000 	 4.3170 	 0.1484
[2025/10/14 16:30:17] - ==> Building model..
[2025/10/14 16:30:40] - Test Loss 	 Test Acc 	 PGD Loss 	 PGD Acc
[2025/10/14 16:30:40] - 3.6147 	 	 0.2688 	 3.7057 	 0.1582
[2025/10/14 16:31:36] - 5 	 28.3 	 	 0.2000 	 4.2787 	 0.1671
[2025/10/14 16:31:36] - ==> Building model..
[2025/10/14 16:31:59] - Test Loss 	 Test Acc 	 PGD Loss 	 PGD Acc
[2025/10/14 16:31:59] - 3.4071 	 	 0.3074 	 3.5288 	 0.1770
[2025/10/14 16:32:54] - 6 	 28.2 	 	 0.2000 	 4.2467 	 0.1852
[2025/10/14 16:32:54] - ==> Building model..
[2025/10/14 16:33:17] - Test Loss 	 Test Acc 	 PGD Loss 	 PGD Acc
[2025/10/14 16:33:17] - 3.1969 	 	 0.3520 	 3.3518 	 0.1928
[2025/10/14 16:34:14] - 7 	 28.2 	 	 0.2000 	 4.2250 	 0.1977
[2025/10/14 16:34:14] - ==> Building model..
[2025/10/14 16:34:37] - Test Loss 	 Test Acc 	 PGD Loss 	 PGD Acc
[2025/10/14 16:34:37] - 3.0714 	 	 0.3780 	 3.2492 	 0.2059
[2025/10/14 16:35:33] - 8 	 28.5 	 	 0.2000 	 4.2056 	 0.2078
[2025/10/14 16:35:33] - ==> Building model..
[2025/10/14 16:35:55] - Test Loss 	 Test Acc 	 PGD Loss 	 PGD Acc
[2025/10/14 16:35:55] - 2.9814 	 	 0.3962 	 3.1790 	 0.2186
[2025/10/14 16:36:51] - 9 	 28.6 	 	 0.2000 	 4.1892 	 0.2160
[2025/10/14 16:36:51] - ==> Building model..
[2025/10/14 16:37:14] - Test Loss 	 Test Acc 	 PGD Loss 	 PGD Acc
[2025/10/14 16:37:14] - 2.9142 	 	 0.4128 	 3.1269 	 0.2242
[2025/10/14 16:38:09] - 10 	 27.9 	 	 0.2000 	 4.1771 	 0.2224
[2025/10/14 16:38:09] - ==> Building model..
[2025/10/14 16:38:32] - Test Loss 	 Test Acc 	 PGD Loss 	 PGD Acc
[2025/10/14 16:38:32] - 2.8550 	 	 0.4264 	 3.0821 	 0.2314
[2025/10/14 16:39:27] - 11 	 27.8 	 	 0.2000 	 4.1687 	 0.2284
[2025/10/14 16:39:27] - ==> Building model..
[2025/10/14 16:39:50] - Test Loss 	 Test Acc 	 PGD Loss 	 PGD Acc
[2025/10/14 16:39:50] - 2.8210 	 	 0.4340 	 3.0554 	 0.2366
[2025/10/14 16:40:44] - 12 	 27.3 	 	 0.2000 	 4.1580 	 0.2345
[2025/10/14 16:40:44] - ==> Building model..
[2025/10/14 16:41:07] - Test Loss 	 Test Acc 	 PGD Loss 	 PGD Acc
[2025/10/14 16:41:07] - 2.7890 	 	 0.4431 	 3.0304 	 0.2385
[2025/10/14 16:42:02] - 13 	 28.6 	 	 0.2000 	 4.1545 	 0.2349
[2025/10/14 16:42:02] - ==> Building model..
[2025/10/14 16:42:25] - Test Loss 	 Test Acc 	 PGD Loss 	 PGD Acc
[2025/10/14 16:42:25] - 2.7635 	 	 0.4507 	 3.0127 	 0.2403
[2025/10/14 16:43:18] - 14 	 27.5 	 	 0.2000 	 4.1491 	 0.2404
[2025/10/14 16:43:18] - ==> Building model..
[2025/10/14 16:43:41] - Test Loss 	 Test Acc 	 PGD Loss 	 PGD Acc
[2025/10/14 16:43:41] - 2.7441 	 	 0.4553 	 2.9985 	 0.2459
[2025/10/14 16:44:35] - 15 	 27.9 	 	 0.2000 	 4.1402 	 0.2480
[2025/10/14 16:44:35] - ==> Building model..
[2025/10/14 16:44:57] - Test Loss 	 Test Acc 	 PGD Loss 	 PGD Acc
[2025/10/14 16:44:57] - 2.7209 	 	 0.4625 	 2.9808 	 0.2487
[2025/10/14 16:45:52] - 16 	 28.6 	 	 0.2000 	 4.1360 	 0.2487
[2025/10/14 16:45:52] - ==> Building model..
[2025/10/14 16:46:15] - Test Loss 	 Test Acc 	 PGD Loss 	 PGD Acc
[2025/10/14 16:46:15] - 2.7036 	 	 0.4674 	 2.9676 	 0.2517
[2025/10/14 16:47:09] - 17 	 27.8 	 	 0.2000 	 4.1342 	 0.2495
[2025/10/14 16:47:09] - ==> Building model..
[2025/10/14 16:47:31] - Test Loss 	 Test Acc 	 PGD Loss 	 PGD Acc
[2025/10/14 16:47:31] - 2.6904 	 	 0.4707 	 2.9587 	 0.2514
[2025/10/14 16:48:24] - 18 	 27.4 	 	 0.2000 	 4.1280 	 0.2514
[2025/10/14 16:48:24] - ==> Building model..
[2025/10/14 16:48:47] - Test Loss 	 Test Acc 	 PGD Loss 	 PGD Acc
[2025/10/14 16:48:47] - 2.6724 	 	 0.4765 	 2.9455 	 0.2543
[2025/10/14 16:49:43] - 19 	 28.5 	 	 0.2000 	 4.1245 	 0.2568
[2025/10/14 16:49:43] - ==> Building model..
[2025/10/14 16:50:05] - Test Loss 	 Test Acc 	 PGD Loss 	 PGD Acc
[2025/10/14 16:50:05] - 2.6583 	 	 0.4787 	 2.9338 	 0.2549
[2025/10/14 16:50:58] - 20 	 27.7 	 	 0.2000 	 4.1234 	 0.2552
[2025/10/14 16:50:58] - ==> Building model..
[2025/10/14 16:51:20] - Test Loss 	 Test Acc 	 PGD Loss 	 PGD Acc
[2025/10/14 16:51:20] - 2.6442 	 	 0.4818 	 2.9244 	 0.2571
[2025/10/14 16:52:17] - 21 	 28.7 	 	 0.2000 	 4.1187 	 0.2579
[2025/10/14 16:52:17] - ==> Building model..
[2025/10/14 16:52:40] - Test Loss 	 Test Acc 	 PGD Loss 	 PGD Acc
[2025/10/14 16:52:40] - 2.6289 	 	 0.4861 	 2.9122 	 0.2586
[2025/10/14 16:53:34] - 22 	 27.7 	 	 0.2000 	 4.1187 	 0.2584
[2025/10/14 16:53:34] - ==> Building model..
[2025/10/14 16:53:57] - Test Loss 	 Test Acc 	 PGD Loss 	 PGD Acc
[2025/10/14 16:53:57] - 2.6211 	 	 0.4895 	 2.9076 	 0.2604
[2025/10/14 16:54:52] - 23 	 28.1 	 	 0.2000 	 4.1166 	 0.2588
[2025/10/14 16:54:52] - ==> Building model..
[2025/10/14 16:55:15] - Test Loss 	 Test Acc 	 PGD Loss 	 PGD Acc
[2025/10/14 16:55:15] - 2.6142 	 	 0.4904 	 2.9013 	 0.2600
[2025/10/14 16:56:08] - 24 	 27.2 	 	 0.2000 	 4.1123 	 0.2617
[2025/10/14 16:56:08] - ==> Building model..
[2025/10/14 16:56:31] - Test Loss 	 Test Acc 	 PGD Loss 	 PGD Acc
[2025/10/14 16:56:31] - 2.6100 	 	 0.4917 	 2.8987 	 0.2626
[2025/10/14 16:57:24] - 25 	 27.4 	 	 0.2000 	 4.1103 	 0.2644
[2025/10/14 16:57:24] - ==> Building model..
[2025/10/14 16:57:47] - Test Loss 	 Test Acc 	 PGD Loss 	 PGD Acc
[2025/10/14 16:57:47] - 2.6052 	 	 0.4939 	 2.8949 	 0.2626
[2025/10/14 16:58:42] - 26 	 27.6 	 	 0.2000 	 4.1082 	 0.2639
[2025/10/14 16:58:42] - ==> Building model..
[2025/10/14 16:59:04] - Test Loss 	 Test Acc 	 PGD Loss 	 PGD Acc
[2025/10/14 16:59:04] - 2.5966 	 	 0.4955 	 2.8890 	 0.2655
[2025/10/14 16:59:56] - 27 	 27.0 	 	 0.2000 	 4.1068 	 0.2658
[2025/10/14 16:59:56] - ==> Building model..
[2025/10/14 17:00:17] - Test Loss 	 Test Acc 	 PGD Loss 	 PGD Acc
[2025/10/14 17:00:17] - 2.5950 	 	 0.4981 	 2.8884 	 0.2657
[2025/10/14 17:01:13] - 28 	 28.0 	 	 0.2000 	 4.1054 	 0.2662
[2025/10/14 17:01:13] - ==> Building model..
[2025/10/14 17:01:35] - Test Loss 	 Test Acc 	 PGD Loss 	 PGD Acc
[2025/10/14 17:01:35] - 2.5918 	 	 0.4994 	 2.8857 	 0.2646
[2025/10/14 17:02:32] - 29 	 29.0 	 	 0.2000 	 4.1042 	 0.2671
[2025/10/14 17:02:32] - ==> Building model..
[2025/10/14 17:02:54] - Test Loss 	 Test Acc 	 PGD Loss 	 PGD Acc
[2025/10/14 17:02:54] - 2.5838 	 	 0.5024 	 2.8794 	 0.2653
[2025/10/14 17:03:49] - 30 	 28.1 	 	 0.2000 	 4.1045 	 0.2661
[2025/10/14 17:03:49] - ==> Building model..
[2025/10/14 17:04:11] - Test Loss 	 Test Acc 	 PGD Loss 	 PGD Acc
[2025/10/14 17:04:11] - 2.5808 	 	 0.5030 	 2.8774 	 0.2678
[2025/10/14 17:05:06] - 31 	 27.5 	 	 0.2000 	 4.1022 	 0.2674
[2025/10/14 17:05:06] - ==> Building model..
[2025/10/14 17:05:28] - Test Loss 	 Test Acc 	 PGD Loss 	 PGD Acc
[2025/10/14 17:05:28] - 2.5791 	 	 0.5048 	 2.8761 	 0.2706
[2025/10/14 17:06:23] - 32 	 28.2 	 	 0.2000 	 4.1007 	 0.2677
[2025/10/14 17:06:23] - ==> Building model..
[2025/10/14 17:06:46] - Test Loss 	 Test Acc 	 PGD Loss 	 PGD Acc
[2025/10/14 17:06:46] - 2.5750 	 	 0.5056 	 2.8737 	 0.2715
[2025/10/14 17:07:36] - 33 	 23.5 	 	 0.2000 	 4.0996 	 0.2680
[2025/10/14 17:07:36] - ==> Building model..
[2025/10/14 17:07:56] - Test Loss 	 Test Acc 	 PGD Loss 	 PGD Acc
[2025/10/14 17:07:56] - 2.5694 	 	 0.5046 	 2.8680 	 0.2732
[2025/10/14 17:08:45] - 34 	 23.6 	 	 0.2000 	 4.1001 	 0.2675
[2025/10/14 17:08:45] - ==> Building model..
[2025/10/14 17:09:05] - Test Loss 	 Test Acc 	 PGD Loss 	 PGD Acc
[2025/10/14 17:09:05] - 2.5679 	 	 0.5056 	 2.8673 	 0.2741
[2025/10/14 17:09:55] - 35 	 23.8 	 	 0.2000 	 4.0963 	 0.2711
[2025/10/14 17:09:55] - ==> Building model..
[2025/10/14 17:10:14] - Test Loss 	 Test Acc 	 PGD Loss 	 PGD Acc
[2025/10/14 17:10:14] - 2.5661 	 	 0.5073 	 2.8658 	 0.2753
[2025/10/14 17:11:06] - 36 	 24.1 	 	 0.2000 	 4.0966 	 0.2709
[2025/10/14 17:11:06] - ==> Building model..
[2025/10/14 17:11:26] - Test Loss 	 Test Acc 	 PGD Loss 	 PGD Acc
[2025/10/14 17:11:26] - 2.5657 	 	 0.5069 	 2.8656 	 0.2745
[2025/10/14 17:12:17] - 37 	 23.9 	 	 0.2000 	 4.0958 	 0.2717
[2025/10/14 17:12:17] - ==> Building model..
[2025/10/14 17:12:37] - Test Loss 	 Test Acc 	 PGD Loss 	 PGD Acc
[2025/10/14 17:12:37] - 2.5607 	 	 0.5089 	 2.8617 	 0.2753
[2025/10/14 17:13:28] - 38 	 24.3 	 	 0.2000 	 4.0927 	 0.2723
[2025/10/14 17:13:28] - ==> Building model..
[2025/10/14 17:13:47] - Test Loss 	 Test Acc 	 PGD Loss 	 PGD Acc
[2025/10/14 17:13:47] - 2.5552 	 	 0.5097 	 2.8569 	 0.2742
[2025/10/14 17:14:38] - 39 	 24.1 	 	 0.2000 	 4.0939 	 0.2697
[2025/10/14 17:14:38] - ==> Building model..
[2025/10/14 17:14:58] - Test Loss 	 Test Acc 	 PGD Loss 	 PGD Acc
[2025/10/14 17:14:58] - 2.5536 	 	 0.5090 	 2.8546 	 0.2738
[2025/10/14 17:15:50] - 40 	 24.1 	 	 0.2000 	 4.0930 	 0.2727
[2025/10/14 17:15:50] - ==> Building model..
[2025/10/14 17:16:10] - Test Loss 	 Test Acc 	 PGD Loss 	 PGD Acc
[2025/10/14 17:16:10] - 2.5510 	 	 0.5102 	 2.8528 	 0.2727
[2025/10/14 17:17:03] - 41 	 25.1 	 	 0.2000 	 4.0932 	 0.2717
[2025/10/14 17:17:03] - ==> Building model..
[2025/10/14 17:17:23] - Test Loss 	 Test Acc 	 PGD Loss 	 PGD Acc
[2025/10/14 17:17:23] - 2.5482 	 	 0.5102 	 2.8505 	 0.2733
[2025/10/14 17:18:13] - 42 	 23.7 	 	 0.2000 	 4.0936 	 0.2703
[2025/10/14 17:18:13] - ==> Building model..
[2025/10/14 17:18:33] - Test Loss 	 Test Acc 	 PGD Loss 	 PGD Acc
[2025/10/14 17:18:33] - 2.5458 	 	 0.5119 	 2.8495 	 0.2752
[2025/10/14 17:19:25] - 43 	 24.8 	 	 0.2000 	 4.0924 	 0.2737
[2025/10/14 17:19:25] - ==> Building model..
[2025/10/14 17:19:45] - Test Loss 	 Test Acc 	 PGD Loss 	 PGD Acc
[2025/10/14 17:19:45] - 2.5443 	 	 0.5126 	 2.8484 	 0.2752
[2025/10/14 17:20:36] - 44 	 23.7 	 	 0.2000 	 4.0926 	 0.2736
[2025/10/14 17:20:36] - ==> Building model..
[2025/10/14 17:20:55] - Test Loss 	 Test Acc 	 PGD Loss 	 PGD Acc
[2025/10/14 17:20:55] - 2.5428 	 	 0.5147 	 2.8477 	 0.2755
[2025/10/14 17:21:45] - 45 	 23.5 	 	 0.2000 	 4.0899 	 0.2753
[2025/10/14 17:21:45] - ==> Building model..
[2025/10/14 17:22:05] - Test Loss 	 Test Acc 	 PGD Loss 	 PGD Acc
[2025/10/14 17:22:05] - 2.5423 	 	 0.5151 	 2.8476 	 0.2771
[2025/10/14 17:22:58] - 46 	 25.4 	 	 0.2000 	 4.0885 	 0.2752
[2025/10/14 17:22:58] - ==> Building model..
[2025/10/14 17:23:18] - Test Loss 	 Test Acc 	 PGD Loss 	 PGD Acc
[2025/10/14 17:23:18] - 2.5410 	 	 0.5178 	 2.8473 	 0.2795
[2025/10/14 17:24:10] - 47 	 24.1 	 	 0.2000 	 4.0901 	 0.2726
[2025/10/14 17:24:10] - ==> Building model..
[2025/10/14 17:24:30] - Test Loss 	 Test Acc 	 PGD Loss 	 PGD Acc
[2025/10/14 17:24:30] - 2.5417 	 	 0.5173 	 2.8481 	 0.2794
[2025/10/14 17:25:24] - 48 	 25.4 	 	 0.2000 	 4.0867 	 0.2788
[2025/10/14 17:25:24] - ==> Building model..
[2025/10/14 17:25:44] - Test Loss 	 Test Acc 	 PGD Loss 	 PGD Acc
[2025/10/14 17:25:44] - 2.5393 	 	 0.5169 	 2.8461 	 0.2798
[2025/10/14 17:26:38] - 49 	 25.2 	 	 0.2000 	 4.0877 	 0.2792
[2025/10/14 17:26:38] - ==> Building model..
[2025/10/14 17:26:58] - Test Loss 	 Test Acc 	 PGD Loss 	 PGD Acc
[2025/10/14 17:26:58] - 2.5399 	 	 0.5175 	 2.8470 	 0.2785
[2025/10/14 17:27:48] - 50 	 24.2 	 	 0.2000 	 4.0881 	 0.2764
[2025/10/14 17:27:48] - ==> Building model..
[2025/10/14 17:28:09] - Test Loss 	 Test Acc 	 PGD Loss 	 PGD Acc
[2025/10/14 17:28:09] - 2.5423 	 	 0.5162 	 2.8497 	 0.2782
[2025/10/14 17:28:59] - 51 	 23.7 	 	 0.2000 	 4.0887 	 0.2771
[2025/10/14 17:28:59] - ==> Building model..
[2025/10/14 17:29:19] - Test Loss 	 Test Acc 	 PGD Loss 	 PGD Acc
[2025/10/14 17:29:19] - 2.5423 	 	 0.5164 	 2.8496 	 0.2789
[2025/10/14 17:30:13] - 52 	 25.5 	 	 0.2000 	 4.0888 	 0.2752
[2025/10/14 17:30:13] - ==> Building model..
[2025/10/14 17:30:34] - Test Loss 	 Test Acc 	 PGD Loss 	 PGD Acc
[2025/10/14 17:30:34] - 2.5450 	 	 0.5164 	 2.8529 	 0.2783
[2025/10/14 17:31:26] - 53 	 24.6 	 	 0.2000 	 4.0860 	 0.2795
[2025/10/14 17:31:26] - ==> Building model..
[2025/10/14 17:31:46] - Test Loss 	 Test Acc 	 PGD Loss 	 PGD Acc
[2025/10/14 17:31:46] - 2.5456 	 	 0.5157 	 2.8516 	 0.2788
[2025/10/14 17:32:36] - 54 	 23.8 	 	 0.2000 	 4.0890 	 0.2762
[2025/10/14 17:32:36] - ==> Building model..
[2025/10/14 17:32:56] - Test Loss 	 Test Acc 	 PGD Loss 	 PGD Acc
[2025/10/14 17:32:56] - 2.5461 	 	 0.5162 	 2.8523 	 0.2790
[2025/10/14 17:33:47] - 55 	 23.9 	 	 0.2000 	 4.0881 	 0.2760
[2025/10/14 17:33:47] - ==> Building model..
[2025/10/14 17:34:07] - Test Loss 	 Test Acc 	 PGD Loss 	 PGD Acc
[2025/10/14 17:34:07] - 2.5439 	 	 0.5175 	 2.8501 	 0.2796
[2025/10/14 17:35:00] - 56 	 25.1 	 	 0.2000 	 4.0884 	 0.2750
[2025/10/14 17:35:00] - ==> Building model..
[2025/10/14 17:35:20] - Test Loss 	 Test Acc 	 PGD Loss 	 PGD Acc
[2025/10/14 17:35:20] - 2.5443 	 	 0.5184 	 2.8504 	 0.2805
[2025/10/14 17:36:11] - 57 	 24.0 	 	 0.2000 	 4.0885 	 0.2780
[2025/10/14 17:36:11] - ==> Building model..
[2025/10/14 17:36:31] - Test Loss 	 Test Acc 	 PGD Loss 	 PGD Acc
[2025/10/14 17:36:31] - 2.5444 	 	 0.5189 	 2.8507 	 0.2814
[2025/10/14 17:37:24] - 58 	 25.0 	 	 0.2000 	 4.0877 	 0.2805
[2025/10/14 17:37:24] - ==> Building model..
[2025/10/14 17:37:44] - Test Loss 	 Test Acc 	 PGD Loss 	 PGD Acc
[2025/10/14 17:37:44] - 2.5463 	 	 0.5191 	 2.8511 	 0.2810
[2025/10/14 17:38:34] - 59 	 23.8 	 	 0.2000 	 4.0893 	 0.2773
[2025/10/14 17:38:34] - ==> Building model..
[2025/10/14 17:38:53] - Test Loss 	 Test Acc 	 PGD Loss 	 PGD Acc
[2025/10/14 17:38:53] - 2.5471 	 	 0.5187 	 2.8517 	 0.2819
[2025/10/14 17:39:44] - 60 	 23.9 	 	 0.2000 	 4.0868 	 0.2809
[2025/10/14 17:39:44] - ==> Building model..
[2025/10/14 17:40:04] - Test Loss 	 Test Acc 	 PGD Loss 	 PGD Acc
[2025/10/14 17:40:04] - 2.5488 	 	 0.5183 	 2.8531 	 0.2809
[2025/10/14 17:40:55] - 61 	 23.9 	 	 0.2000 	 4.0887 	 0.2747
[2025/10/14 17:40:55] - ==> Building model..
[2025/10/14 17:41:15] - Test Loss 	 Test Acc 	 PGD Loss 	 PGD Acc
[2025/10/14 17:41:15] - 2.5502 	 	 0.5180 	 2.8528 	 0.2797
[2025/10/14 17:42:08] - 62 	 25.0 	 	 0.2000 	 4.0885 	 0.2781
[2025/10/14 17:42:08] - ==> Building model..
[2025/10/14 17:42:28] - Test Loss 	 Test Acc 	 PGD Loss 	 PGD Acc
[2025/10/14 17:42:28] - 2.5508 	 	 0.5165 	 2.8526 	 0.2800
[2025/10/14 17:43:20] - 63 	 25.0 	 	 0.2000 	 4.0902 	 0.2746
[2025/10/14 17:43:20] - ==> Building model..
[2025/10/14 17:43:40] - Test Loss 	 Test Acc 	 PGD Loss 	 PGD Acc
[2025/10/14 17:43:40] - 2.5517 	 	 0.5151 	 2.8524 	 0.2797
[2025/10/14 17:44:30] - 64 	 23.6 	 	 0.2000 	 4.0881 	 0.2801
[2025/10/14 17:44:30] - ==> Building model..
[2025/10/14 17:44:50] - Test Loss 	 Test Acc 	 PGD Loss 	 PGD Acc
[2025/10/14 17:44:50] - 2.5518 	 	 0.5158 	 2.8531 	 0.2795
[2025/10/14 17:45:41] - 65 	 23.5 	 	 0.2000 	 4.0874 	 0.2784
[2025/10/14 17:45:41] - ==> Building model..
[2025/10/14 17:46:00] - Test Loss 	 Test Acc 	 PGD Loss 	 PGD Acc
[2025/10/14 17:46:00] - 2.5530 	 	 0.5162 	 2.8535 	 0.2793
[2025/10/14 17:46:53] - 66 	 25.0 	 	 0.2000 	 4.0890 	 0.2764
[2025/10/14 17:46:53] - ==> Building model..
[2025/10/14 17:47:13] - Test Loss 	 Test Acc 	 PGD Loss 	 PGD Acc
[2025/10/14 17:47:13] - 2.5537 	 	 0.5168 	 2.8539 	 0.2809
[2025/10/14 17:48:03] - 67 	 22.6 	 	 0.2000 	 4.0886 	 0.2806
[2025/10/14 17:48:03] - ==> Building model..
[2025/10/14 17:48:22] - Test Loss 	 Test Acc 	 PGD Loss 	 PGD Acc
[2025/10/14 17:48:22] - 2.5550 	 	 0.5177 	 2.8547 	 0.2810
[2025/10/14 17:49:14] - 68 	 24.0 	 	 0.2000 	 4.0903 	 0.2785
[2025/10/14 17:49:14] - ==> Building model..
[2025/10/14 17:49:34] - Test Loss 	 Test Acc 	 PGD Loss 	 PGD Acc
[2025/10/14 17:49:34] - 2.5572 	 	 0.5180 	 2.8561 	 0.2816
[2025/10/14 17:50:25] - 69 	 23.4 	 	 0.2000 	 4.0900 	 0.2784
[2025/10/14 17:50:25] - ==> Building model..
[2025/10/14 17:50:44] - Test Loss 	 Test Acc 	 PGD Loss 	 PGD Acc
[2025/10/14 17:50:44] - 2.5607 	 	 0.5173 	 2.8586 	 0.2795
[2025/10/14 17:51:34] - 70 	 23.6 	 	 0.2000 	 4.0920 	 0.2782
[2025/10/14 17:51:34] - ==> Building model..
[2025/10/14 17:51:54] - Test Loss 	 Test Acc 	 PGD Loss 	 PGD Acc
[2025/10/14 17:51:54] - 2.5638 	 	 0.5170 	 2.8605 	 0.2818
[2025/10/14 17:52:41] - 71 	 22.3 	 	 0.2000 	 4.0898 	 0.2788
[2025/10/14 17:52:41] - ==> Building model..
[2025/10/14 17:53:00] - Test Loss 	 Test Acc 	 PGD Loss 	 PGD Acc
[2025/10/14 17:53:00] - 2.5663 	 	 0.5177 	 2.8625 	 0.2819
[2025/10/14 17:53:52] - 72 	 23.9 	 	 0.2000 	 4.0906 	 0.2764
[2025/10/14 17:53:52] - ==> Building model..
[2025/10/14 17:54:11] - Test Loss 	 Test Acc 	 PGD Loss 	 PGD Acc
[2025/10/14 17:54:11] - 2.5684 	 	 0.5167 	 2.8649 	 0.2806
[2025/10/14 17:55:03] - 73 	 24.1 	 	 0.2000 	 4.0905 	 0.2784
[2025/10/14 17:55:03] - ==> Building model..
[2025/10/14 17:55:22] - Test Loss 	 Test Acc 	 PGD Loss 	 PGD Acc
[2025/10/14 17:55:22] - 2.5723 	 	 0.5166 	 2.8677 	 0.2806
[2025/10/14 17:56:12] - 74 	 23.0 	 	 0.2000 	 4.0921 	 0.2778
[2025/10/14 17:56:12] - ==> Building model..
[2025/10/14 17:56:32] - Test Loss 	 Test Acc 	 PGD Loss 	 PGD Acc
[2025/10/14 17:56:32] - 2.5737 	 	 0.5168 	 2.8685 	 0.2826
[2025/10/14 17:57:21] - 75 	 22.9 	 	 0.2000 	 4.0909 	 0.2792
[2025/10/14 17:57:21] - ==> Building model..
[2025/10/14 17:57:41] - Test Loss 	 Test Acc 	 PGD Loss 	 PGD Acc
[2025/10/14 17:57:41] - 2.5771 	 	 0.5179 	 2.8718 	 0.2822
[2025/10/14 17:58:33] - 76 	 24.5 	 	 0.2000 	 4.0915 	 0.2801
[2025/10/14 17:58:33] - ==> Building model..
[2025/10/14 17:58:54] - Test Loss 	 Test Acc 	 PGD Loss 	 PGD Acc
[2025/10/14 17:58:54] - 2.5794 	 	 0.5176 	 2.8734 	 0.2805
[2025/10/14 17:59:45] - 77 	 23.6 	 	 0.2000 	 4.0906 	 0.2791
[2025/10/14 17:59:45] - ==> Building model..
[2025/10/14 18:00:04] - Test Loss 	 Test Acc 	 PGD Loss 	 PGD Acc
[2025/10/14 18:00:04] - 2.5804 	 	 0.5178 	 2.8740 	 0.2822
[2025/10/14 18:00:54] - 78 	 23.2 	 	 0.2000 	 4.0912 	 0.2780
[2025/10/14 18:00:54] - ==> Building model..
[2025/10/14 18:01:13] - Test Loss 	 Test Acc 	 PGD Loss 	 PGD Acc
[2025/10/14 18:01:13] - 2.5820 	 	 0.5178 	 2.8752 	 0.2805
[2025/10/14 18:02:05] - 79 	 24.3 	 	 0.2000 	 4.0903 	 0.2792
[2025/10/14 18:02:05] - ==> Building model..
[2025/10/14 18:02:24] - Test Loss 	 Test Acc 	 PGD Loss 	 PGD Acc
[2025/10/14 18:02:24] - 2.5817 	 	 0.5189 	 2.8745 	 0.2802
[2025/10/14 18:03:13] - 80 	 22.7 	 	 0.2000 	 4.0896 	 0.2809
[2025/10/14 18:03:13] - ==> Building model..
[2025/10/14 18:03:33] - Test Loss 	 Test Acc 	 PGD Loss 	 PGD Acc
[2025/10/14 18:03:33] - 2.5824 	 	 0.5180 	 2.8746 	 0.2805
[2025/10/14 18:04:24] - 81 	 23.8 	 	 0.2000 	 4.0901 	 0.2780
[2025/10/14 18:04:24] - ==> Building model..
[2025/10/14 18:04:44] - Test Loss 	 Test Acc 	 PGD Loss 	 PGD Acc
[2025/10/14 18:04:44] - 2.5833 	 	 0.5171 	 2.8754 	 0.2811
[2025/10/14 18:05:36] - 82 	 24.0 	 	 0.2000 	 4.0906 	 0.2799
[2025/10/14 18:05:36] - ==> Building model..
[2025/10/14 18:05:56] - Test Loss 	 Test Acc 	 PGD Loss 	 PGD Acc
[2025/10/14 18:05:56] - 2.5827 	 	 0.5183 	 2.8753 	 0.2809
[2025/10/14 18:06:48] - 83 	 23.6 	 	 0.2000 	 4.0878 	 0.2811
[2025/10/14 18:06:48] - ==> Building model..
[2025/10/14 18:07:06] - Test Loss 	 Test Acc 	 PGD Loss 	 PGD Acc
[2025/10/14 18:07:06] - 2.5845 	 	 0.5183 	 2.8765 	 0.2818
[2025/10/14 18:07:56] - 84 	 23.1 	 	 0.2000 	 4.0920 	 0.2777
[2025/10/14 18:07:56] - ==> Building model..
[2025/10/14 18:08:15] - Test Loss 	 Test Acc 	 PGD Loss 	 PGD Acc
[2025/10/14 18:08:15] - 2.5846 	 	 0.5183 	 2.8774 	 0.2817
[2025/10/14 18:09:06] - 85 	 23.3 	 	 0.2000 	 4.0909 	 0.2805
[2025/10/14 18:09:06] - ==> Building model..
[2025/10/14 18:09:26] - Test Loss 	 Test Acc 	 PGD Loss 	 PGD Acc
[2025/10/14 18:09:26] - 2.5852 	 	 0.5182 	 2.8776 	 0.2826
[2025/10/14 18:10:17] - 86 	 23.5 	 	 0.2000 	 4.0899 	 0.2791
[2025/10/14 18:10:17] - ==> Building model..
[2025/10/14 18:10:36] - Test Loss 	 Test Acc 	 PGD Loss 	 PGD Acc
[2025/10/14 18:10:36] - 2.5849 	 	 0.5190 	 2.8774 	 0.2832
[2025/10/14 18:11:28] - 87 	 24.0 	 	 0.2000 	 4.0899 	 0.2794
[2025/10/14 18:11:28] - ==> Building model..
[2025/10/14 18:11:48] - Test Loss 	 Test Acc 	 PGD Loss 	 PGD Acc
[2025/10/14 18:11:48] - 2.5851 	 	 0.5194 	 2.8778 	 0.2830
[2025/10/14 18:12:40] - 88 	 24.0 	 	 0.2000 	 4.0913 	 0.2778
[2025/10/14 18:12:40] - ==> Building model..
[2025/10/14 18:12:59] - Test Loss 	 Test Acc 	 PGD Loss 	 PGD Acc
[2025/10/14 18:12:59] - 2.5868 	 	 0.5185 	 2.8794 	 0.2833
[2025/10/14 18:13:51] - 89 	 23.6 	 	 0.2000 	 4.0902 	 0.2800
[2025/10/14 18:13:51] - ==> Building model..
[2025/10/14 18:14:10] - Test Loss 	 Test Acc 	 PGD Loss 	 PGD Acc
[2025/10/14 18:14:10] - 2.5869 	 	 0.5192 	 2.8795 	 0.2833
[2025/10/14 18:15:02] - 90 	 23.3 	 	 0.0200 	 3.9939 	 0.3427
[2025/10/14 18:15:02] - ==> Building model..
[2025/10/14 18:15:22] - Test Loss 	 Test Acc 	 PGD Loss 	 PGD Acc
[2025/10/14 18:15:22] - 2.5863 	 	 0.5195 	 2.8791 	 0.2831
[2025/10/14 18:16:13] - 91 	 22.8 	 	 0.0200 	 3.9017 	 0.4016
[2025/10/14 18:16:13] - ==> Building model..
[2025/10/14 18:16:33] - Test Loss 	 Test Acc 	 PGD Loss 	 PGD Acc
[2025/10/14 18:16:33] - 2.5851 	 	 0.5200 	 2.8782 	 0.2825
[2025/10/14 18:17:24] - 92 	 23.0 	 	 0.0200 	 3.8754 	 0.4191
[2025/10/14 18:17:24] - ==> Building model..
[2025/10/14 18:17:43] - Test Loss 	 Test Acc 	 PGD Loss 	 PGD Acc
[2025/10/14 18:17:43] - 2.5851 	 	 0.5206 	 2.8787 	 0.2834
[2025/10/14 18:18:35] - 93 	 23.0 	 	 0.0200 	 3.8582 	 0.4312
[2025/10/14 18:18:35] - ==> Building model..
[2025/10/14 18:18:55] - Test Loss 	 Test Acc 	 PGD Loss 	 PGD Acc
[2025/10/14 18:18:55] - 2.5858 	 	 0.5207 	 2.8796 	 0.2835
[2025/10/14 18:19:44] - 94 	 22.1 	 	 0.0200 	 3.8429 	 0.4434
[2025/10/14 18:19:44] - ==> Building model..
[2025/10/14 18:20:04] - Test Loss 	 Test Acc 	 PGD Loss 	 PGD Acc
[2025/10/14 18:20:04] - 2.5869 	 	 0.5206 	 2.8806 	 0.2835
[2025/10/14 18:20:51] - 95 	 22.0 	 	 0.0200 	 3.8315 	 0.4510
[2025/10/14 18:20:51] - ==> Building model..
[2025/10/14 18:21:10] - Test Loss 	 Test Acc 	 PGD Loss 	 PGD Acc
[2025/10/14 18:21:10] - 2.5895 	 	 0.5202 	 2.8821 	 0.2835
[2025/10/14 18:22:01] - 96 	 23.2 	 	 0.0200 	 3.8211 	 0.4581
[2025/10/14 18:22:01] - ==> Building model..
[2025/10/14 18:22:20] - Test Loss 	 Test Acc 	 PGD Loss 	 PGD Acc
[2025/10/14 18:22:20] - 2.5917 	 	 0.5199 	 2.8842 	 0.2836
[2025/10/14 18:23:09] - 97 	 22.0 	 	 0.0200 	 3.8118 	 0.4647
[2025/10/14 18:23:09] - ==> Building model..
[2025/10/14 18:23:29] - Test Loss 	 Test Acc 	 PGD Loss 	 PGD Acc
[2025/10/14 18:23:29] - 2.5946 	 	 0.5198 	 2.8867 	 0.2834
[2025/10/14 18:24:17] - 98 	 22.2 	 	 0.0200 	 3.8042 	 0.4726
[2025/10/14 18:24:17] - ==> Building model..
[2025/10/14 18:24:37] - Test Loss 	 Test Acc 	 PGD Loss 	 PGD Acc
[2025/10/14 18:24:37] - 2.5969 	 	 0.5195 	 2.8885 	 0.2831
[2025/10/14 18:25:29] - 99 	 23.5 	 	 0.0200 	 3.7964 	 0.4786
[2025/10/14 18:25:29] - ==> Building model..
[2025/10/14 18:25:49] - Test Loss 	 Test Acc 	 PGD Loss 	 PGD Acc
[2025/10/14 18:25:49] - 2.5993 	 	 0.5189 	 2.8907 	 0.2831
[2025/10/14 18:25:49] - [0.0872, 0.1488, 0.1886, 0.2333, 0.2688, 0.3074, 0.352, 0.378, 0.3962, 0.4128, 0.4264, 0.434, 0.4431, 0.4507, 0.4553, 0.4625, 0.4674, 0.4707, 0.4765, 0.4787, 0.4818, 0.4861, 0.4895, 0.4904, 0.4917, 0.4939, 0.4955, 0.4981, 0.4994, 0.5024, 0.503, 0.5048, 0.5056, 0.5046, 0.5056, 0.5073, 0.5069, 0.5089, 0.5097, 0.509, 0.5102, 0.5102, 0.5119, 0.5126, 0.5147, 0.5151, 0.5178, 0.5173, 0.5169, 0.5175, 0.5162, 0.5164, 0.5164, 0.5157, 0.5162, 0.5175, 0.5184, 0.5189, 0.5191, 0.5187, 0.5183, 0.518, 0.5165, 0.5151, 0.5158, 0.5162, 0.5168, 0.5177, 0.518, 0.5173, 0.517, 0.5177, 0.5167, 0.5166, 0.5168, 0.5179, 0.5176, 0.5178, 0.5178, 0.5189, 0.518, 0.5171, 0.5183, 0.5183, 0.5183, 0.5182, 0.519, 0.5194, 0.5185, 0.5192, 0.5195, 0.52, 0.5206, 0.5207, 0.5206, 0.5202, 0.5199, 0.5198, 0.5195, 0.5189]
[2025/10/14 18:25:49] - [0.0576, 0.0938, 0.1158, 0.1366, 0.1582, 0.177, 0.1928, 0.2059, 0.2186, 0.2242, 0.2314, 0.2366, 0.2385, 0.2403, 0.2459, 0.2487, 0.2517, 0.2514, 0.2543, 0.2549, 0.2571, 0.2586, 0.2604, 0.26, 0.2626, 0.2626, 0.2655, 0.2657, 0.2646, 0.2653, 0.2678, 0.2706, 0.2715, 0.2732, 0.2741, 0.2753, 0.2745, 0.2753, 0.2742, 0.2738, 0.2727, 0.2733, 0.2752, 0.2752, 0.2755, 0.2771, 0.2795, 0.2794, 0.2798, 0.2785, 0.2782, 0.2789, 0.2783, 0.2788, 0.279, 0.2796, 0.2805, 0.2814, 0.281, 0.2819, 0.2809, 0.2797, 0.28, 0.2797, 0.2795, 0.2793, 0.2809, 0.281, 0.2816, 0.2795, 0.2818, 0.2819, 0.2806, 0.2806, 0.2826, 0.2822, 0.2805, 0.2822, 0.2805, 0.2802, 0.2805, 0.2811, 0.2809, 0.2818, 0.2817, 0.2826, 0.2832, 0.283, 0.2833, 0.2833, 0.2831, 0.2825, 0.2834, 0.2835, 0.2835, 0.2835, 0.2836, 0.2834, 0.2831, 0.2831]
