[2025/09/17 21:48:16] - Namespace(batch_size=128, data_dir='./tiny-imagenet-200', epochs=110, lr_schedule='multistep', lr_min=0.0, lr_max=0.1, weight_decay=0.0005, momentum=0.9, model='PreActResNest18', epsilon=8, alpha=8, delta_init='random', normal_mean=0, normal_std=1, out_dir='./output/', seed=0, lamda=38, lam_scale=0.05, gamma=0.025, inner_gamma=0.025, beta=0.1, mu=3.5, batch_m=0.75, early_stop=False, factor=0.3, length=6, n_holes=1, c_num=0.125, EMA_value=0.55)
[2025/09/17 21:50:32] - ==> Building model..
[2025/09/17 21:50:32] - Epoch 	 Seconds 	 LR 	 	 Train Loss 	 Train Acc
[2025/09/17 21:53:10] - 0 	 147.9 	 	 0.1000 	 5.2934 	 0.0256
[2025/09/17 21:53:10] - ==> Building model..
[2025/09/17 21:54:10] - Test Loss 	 Test Acc 	 PGD Loss 	 PGD Acc
[2025/09/17 21:54:10] - 4.9845 	 	 0.0776 	 4.9968 	 0.0441
[2025/09/17 21:56:46] - 1 	 145.3 	 	 0.1000 	 5.2320 	 0.0671
[2025/09/17 21:56:46] - ==> Building model..
[2025/09/17 21:57:45] - Test Loss 	 Test Acc 	 PGD Loss 	 PGD Acc
[2025/09/17 21:57:45] - 4.7669 	 	 0.1417 	 4.8003 	 0.0748
[2025/09/17 22:00:21] - 2 	 144.4 	 	 0.1000 	 5.1998 	 0.0976
[2025/09/17 22:00:21] - ==> Building model..
[2025/09/17 22:01:20] - Test Loss 	 Test Acc 	 PGD Loss 	 PGD Acc
[2025/09/17 22:01:20] - 4.6136 	 	 0.1861 	 4.6701 	 0.0975
[2025/09/17 22:03:55] - 3 	 144.9 	 	 0.1000 	 5.1734 	 0.1222
[2025/09/17 22:03:55] - ==> Building model..
[2025/09/17 22:04:54] - Test Loss 	 Test Acc 	 PGD Loss 	 PGD Acc
[2025/09/17 22:04:54] - 4.5166 	 	 0.2100 	 4.5898 	 0.1083
[2025/09/17 22:07:28] - 4 	 144.1 	 	 0.1000 	 5.1493 	 0.1436
[2025/09/17 22:07:28] - ==> Building model..
[2025/09/17 22:08:27] - Test Loss 	 Test Acc 	 PGD Loss 	 PGD Acc
[2025/09/17 22:08:27] - 4.4570 	 	 0.2346 	 4.5435 	 0.1180
[2025/09/17 22:11:01] - 5 	 143.4 	 	 0.1000 	 5.1290 	 0.1634
[2025/09/17 22:11:01] - ==> Building model..
[2025/09/17 22:11:59] - Test Loss 	 Test Acc 	 PGD Loss 	 PGD Acc
[2025/09/17 22:11:59] - 4.4514 	 	 0.2445 	 4.5428 	 0.1218
[2025/09/17 22:14:34] - 6 	 144.6 	 	 0.1000 	 5.1147 	 0.1779
[2025/09/17 22:14:34] - ==> Building model..
[2025/09/17 22:15:33] - Test Loss 	 Test Acc 	 PGD Loss 	 PGD Acc
[2025/09/17 22:15:33] - 4.3929 	 	 0.2560 	 4.4962 	 0.1277
[2025/09/17 22:18:07] - 7 	 143.6 	 	 0.1000 	 5.1028 	 0.1896
[2025/09/17 22:18:07] - ==> Building model..
[2025/09/17 22:19:06] - Test Loss 	 Test Acc 	 PGD Loss 	 PGD Acc
[2025/09/17 22:19:06] - 4.2382 	 	 0.2892 	 4.3725 	 0.1462
[2025/09/17 22:21:39] - 8 	 143.1 	 	 0.1000 	 5.0922 	 0.1998
[2025/09/17 22:21:39] - ==> Building model..
[2025/09/17 22:22:37] - Test Loss 	 Test Acc 	 PGD Loss 	 PGD Acc
[2025/09/17 22:22:37] - 4.0677 	 	 0.3244 	 4.2389 	 0.1638
[2025/09/17 22:25:10] - 9 	 142.4 	 	 0.1000 	 5.0830 	 0.2092
[2025/09/17 22:25:10] - ==> Building model..
[2025/09/17 22:26:08] - Test Loss 	 Test Acc 	 PGD Loss 	 PGD Acc
[2025/09/17 22:26:08] - 3.9462 	 	 0.3499 	 4.1455 	 0.1746
[2025/09/17 22:28:41] - 10 	 142.4 	 	 0.1000 	 5.0750 	 0.2162
[2025/09/17 22:28:41] - ==> Building model..
[2025/09/17 22:29:40] - Test Loss 	 Test Acc 	 PGD Loss 	 PGD Acc
[2025/09/17 22:29:40] - 3.8626 	 	 0.3643 	 4.0821 	 0.1838
[2025/09/17 22:32:13] - 11 	 143.4 	 	 0.1000 	 5.0676 	 0.2241
[2025/09/17 22:32:13] - ==> Building model..
[2025/09/17 22:33:12] - Test Loss 	 Test Acc 	 PGD Loss 	 PGD Acc
[2025/09/17 22:33:12] - 3.8112 	 	 0.3771 	 4.0440 	 0.1886
[2025/09/17 22:35:46] - 12 	 143.8 	 	 0.1000 	 5.0617 	 0.2304
[2025/09/17 22:35:46] - ==> Building model..
[2025/09/17 22:36:45] - Test Loss 	 Test Acc 	 PGD Loss 	 PGD Acc
[2025/09/17 22:36:45] - 3.7723 	 	 0.3853 	 4.0160 	 0.1927
[2025/09/17 22:39:20] - 13 	 143.5 	 	 0.1000 	 5.0551 	 0.2366
[2025/09/17 22:39:20] - ==> Building model..
[2025/09/17 22:40:18] - Test Loss 	 Test Acc 	 PGD Loss 	 PGD Acc
[2025/09/17 22:40:18] - 3.7337 	 	 0.3935 	 3.9879 	 0.1965
[2025/09/17 22:42:51] - 14 	 142.4 	 	 0.1000 	 5.0499 	 0.2422
[2025/09/17 22:42:51] - ==> Building model..
[2025/09/17 22:43:51] - Test Loss 	 Test Acc 	 PGD Loss 	 PGD Acc
[2025/09/17 22:43:51] - 3.7019 	 	 0.3998 	 3.9653 	 0.2000
[2025/09/17 22:46:25] - 15 	 143.6 	 	 0.1000 	 5.0451 	 0.2468
[2025/09/17 22:46:25] - ==> Building model..
[2025/09/17 22:47:25] - Test Loss 	 Test Acc 	 PGD Loss 	 PGD Acc
[2025/09/17 22:47:25] - 3.6717 	 	 0.4066 	 3.9444 	 0.2024
[2025/09/17 22:49:59] - 16 	 143.4 	 	 0.1000 	 5.0413 	 0.2512
[2025/09/17 22:49:59] - ==> Building model..
[2025/09/17 22:50:57] - Test Loss 	 Test Acc 	 PGD Loss 	 PGD Acc
[2025/09/17 22:50:57] - 3.6484 	 	 0.4107 	 3.9271 	 0.2042
[2025/09/17 22:53:28] - 17 	 141.2 	 	 0.1000 	 5.0371 	 0.2559
[2025/09/17 22:53:28] - ==> Building model..
[2025/09/17 22:54:26] - Test Loss 	 Test Acc 	 PGD Loss 	 PGD Acc
[2025/09/17 22:54:26] - 3.6312 	 	 0.4136 	 3.9145 	 0.2070
[2025/09/17 22:56:56] - 18 	 140.7 	 	 0.1000 	 5.0334 	 0.2604
[2025/09/17 22:56:56] - ==> Building model..
[2025/09/17 22:57:54] - Test Loss 	 Test Acc 	 PGD Loss 	 PGD Acc
[2025/09/17 22:57:54] - 3.6123 	 	 0.4157 	 3.9003 	 0.2078
[2025/09/17 23:00:21] - 19 	 139.6 	 	 0.1000 	 5.0303 	 0.2623
[2025/09/17 23:00:21] - ==> Building model..
[2025/09/17 23:01:15] - Test Loss 	 Test Acc 	 PGD Loss 	 PGD Acc
[2025/09/17 23:01:15] - 3.5962 	 	 0.4189 	 3.8892 	 0.2111
[2025/09/17 23:03:40] - 20 	 138.6 	 	 0.1000 	 5.0276 	 0.2645
[2025/09/17 23:03:40] - ==> Building model..
[2025/09/17 23:04:33] - Test Loss 	 Test Acc 	 PGD Loss 	 PGD Acc
[2025/09/17 23:04:33] - 3.5796 	 	 0.4219 	 3.8781 	 0.2126
[2025/09/17 23:06:58] - 21 	 138.1 	 	 0.1000 	 5.0253 	 0.2665
[2025/09/17 23:06:58] - ==> Building model..
[2025/09/17 23:07:52] - Test Loss 	 Test Acc 	 PGD Loss 	 PGD Acc
[2025/09/17 23:07:52] - 3.5642 	 	 0.4270 	 3.8671 	 0.2128
[2025/09/17 23:10:16] - 22 	 138.3 	 	 0.1000 	 5.0220 	 0.2689
[2025/09/17 23:10:16] - ==> Building model..
[2025/09/17 23:11:11] - Test Loss 	 Test Acc 	 PGD Loss 	 PGD Acc
[2025/09/17 23:11:11] - 3.5465 	 	 0.4289 	 3.8547 	 0.2153
[2025/09/17 23:13:36] - 23 	 139.0 	 	 0.1000 	 5.0198 	 0.2738
[2025/09/17 23:13:36] - ==> Building model..
[2025/09/17 23:14:31] - Test Loss 	 Test Acc 	 PGD Loss 	 PGD Acc
[2025/09/17 23:14:31] - 3.5313 	 	 0.4327 	 3.8439 	 0.2168
[2025/09/17 23:16:55] - 24 	 139.1 	 	 0.1000 	 5.0180 	 0.2748
[2025/09/17 23:16:55] - ==> Building model..
[2025/09/17 23:17:49] - Test Loss 	 Test Acc 	 PGD Loss 	 PGD Acc
[2025/09/17 23:17:49] - 3.5192 	 	 0.4359 	 3.8359 	 0.2180
[2025/09/17 23:20:14] - 25 	 138.7 	 	 0.1000 	 5.0160 	 0.2763
[2025/09/17 23:20:14] - ==> Building model..
[2025/09/17 23:21:07] - Test Loss 	 Test Acc 	 PGD Loss 	 PGD Acc
[2025/09/17 23:21:07] - 3.5089 	 	 0.4394 	 3.8282 	 0.2177
[2025/09/17 23:23:30] - 26 	 138.3 	 	 0.1000 	 5.0139 	 0.2800
[2025/09/17 23:23:30] - ==> Building model..
[2025/09/17 23:24:22] - Test Loss 	 Test Acc 	 PGD Loss 	 PGD Acc
[2025/09/17 23:24:22] - 3.4986 	 	 0.4415 	 3.8222 	 0.2191
[2025/09/17 23:26:46] - 27 	 138.9 	 	 0.1000 	 5.0120 	 0.2803
[2025/09/17 23:26:46] - ==> Building model..
[2025/09/17 23:27:39] - Test Loss 	 Test Acc 	 PGD Loss 	 PGD Acc
[2025/09/17 23:27:39] - 3.4873 	 	 0.4435 	 3.8145 	 0.2208
[2025/09/17 23:30:03] - 28 	 139.0 	 	 0.1000 	 5.0102 	 0.2846
[2025/09/17 23:30:03] - ==> Building model..
[2025/09/17 23:30:56] - Test Loss 	 Test Acc 	 PGD Loss 	 PGD Acc
[2025/09/17 23:30:56] - 3.4799 	 	 0.4458 	 3.8100 	 0.2215
[2025/09/17 23:33:20] - 29 	 139.1 	 	 0.1000 	 5.0090 	 0.2830
[2025/09/17 23:33:20] - ==> Building model..
[2025/09/17 23:34:13] - Test Loss 	 Test Acc 	 PGD Loss 	 PGD Acc
[2025/09/17 23:34:13] - 3.4720 	 	 0.4468 	 3.8052 	 0.2227
[2025/09/17 23:36:37] - 30 	 138.7 	 	 0.1000 	 5.0082 	 0.2861
[2025/09/17 23:36:37] - ==> Building model..
[2025/09/17 23:37:30] - Test Loss 	 Test Acc 	 PGD Loss 	 PGD Acc
[2025/09/17 23:37:30] - 3.4677 	 	 0.4476 	 3.8025 	 0.2232
[2025/09/17 23:39:54] - 31 	 139.2 	 	 0.1000 	 5.0065 	 0.2863
[2025/09/17 23:39:54] - ==> Building model..
[2025/09/17 23:40:48] - Test Loss 	 Test Acc 	 PGD Loss 	 PGD Acc
[2025/09/17 23:40:48] - 3.4603 	 	 0.4480 	 3.7971 	 0.2244
[2025/09/17 23:43:12] - 32 	 139.0 	 	 0.1000 	 5.0052 	 0.2868
[2025/09/17 23:43:12] - ==> Building model..
[2025/09/17 23:44:05] - Test Loss 	 Test Acc 	 PGD Loss 	 PGD Acc
[2025/09/17 23:44:05] - 3.4543 	 	 0.4501 	 3.7938 	 0.2259
[2025/09/17 23:46:29] - 33 	 138.9 	 	 0.1000 	 5.0040 	 0.2898
[2025/09/17 23:46:29] - ==> Building model..
[2025/09/17 23:47:22] - Test Loss 	 Test Acc 	 PGD Loss 	 PGD Acc
[2025/09/17 23:47:22] - 3.4490 	 	 0.4519 	 3.7904 	 0.2257
[2025/09/17 23:49:46] - 34 	 138.9 	 	 0.1000 	 5.0023 	 0.2906
[2025/09/17 23:49:46] - ==> Building model..
[2025/09/17 23:50:39] - Test Loss 	 Test Acc 	 PGD Loss 	 PGD Acc
[2025/09/17 23:50:39] - 3.4434 	 	 0.4521 	 3.7871 	 0.2260
[2025/09/17 23:53:03] - 35 	 138.7 	 	 0.1000 	 5.0013 	 0.2932
[2025/09/17 23:53:03] - ==> Building model..
[2025/09/17 23:53:56] - Test Loss 	 Test Acc 	 PGD Loss 	 PGD Acc
[2025/09/17 23:53:56] - 3.4370 	 	 0.4554 	 3.7835 	 0.2262
[2025/09/17 23:56:19] - 36 	 138.0 	 	 0.1000 	 5.0009 	 0.2916
[2025/09/17 23:56:19] - ==> Building model..
[2025/09/17 23:57:12] - Test Loss 	 Test Acc 	 PGD Loss 	 PGD Acc
[2025/09/17 23:57:12] - 3.4325 	 	 0.4544 	 3.7802 	 0.2271
[2025/09/17 23:59:35] - 37 	 138.5 	 	 0.1000 	 4.9987 	 0.2960
[2025/09/17 23:59:35] - ==> Building model..
[2025/09/18 00:00:29] - Test Loss 	 Test Acc 	 PGD Loss 	 PGD Acc
[2025/09/18 00:00:29] - 3.4262 	 	 0.4564 	 3.7760 	 0.2263
[2025/09/18 00:02:52] - 38 	 138.7 	 	 0.1000 	 4.9989 	 0.2953
[2025/09/18 00:02:52] - ==> Building model..
[2025/09/18 00:03:45] - Test Loss 	 Test Acc 	 PGD Loss 	 PGD Acc
[2025/09/18 00:03:45] - 3.4227 	 	 0.4568 	 3.7733 	 0.2274
[2025/09/18 00:06:09] - 39 	 138.6 	 	 0.1000 	 4.9975 	 0.2969
[2025/09/18 00:06:09] - ==> Building model..
[2025/09/18 00:07:01] - Test Loss 	 Test Acc 	 PGD Loss 	 PGD Acc
[2025/09/18 00:07:01] - 3.4186 	 	 0.4574 	 3.7711 	 0.2274
[2025/09/18 00:09:25] - 40 	 138.9 	 	 0.1000 	 4.9973 	 0.2948
[2025/09/18 00:09:25] - ==> Building model..
[2025/09/18 00:10:18] - Test Loss 	 Test Acc 	 PGD Loss 	 PGD Acc
[2025/09/18 00:10:18] - 3.4145 	 	 0.4578 	 3.7686 	 0.2283
[2025/09/18 00:12:42] - 41 	 138.8 	 	 0.1000 	 4.9958 	 0.2973
[2025/09/18 00:12:42] - ==> Building model..
[2025/09/18 00:13:36] - Test Loss 	 Test Acc 	 PGD Loss 	 PGD Acc
[2025/09/18 00:13:36] - 3.4119 	 	 0.4587 	 3.7670 	 0.2290
[2025/09/18 00:16:00] - 42 	 138.4 	 	 0.1000 	 4.9954 	 0.3000
[2025/09/18 00:16:00] - ==> Building model..
[2025/09/18 00:16:53] - Test Loss 	 Test Acc 	 PGD Loss 	 PGD Acc
[2025/09/18 00:16:53] - 3.4095 	 	 0.4591 	 3.7654 	 0.2288
[2025/09/18 00:19:15] - 43 	 138.0 	 	 0.1000 	 4.9946 	 0.2992
[2025/09/18 00:19:15] - ==> Building model..
[2025/09/18 00:20:09] - Test Loss 	 Test Acc 	 PGD Loss 	 PGD Acc
[2025/09/18 00:20:09] - 3.4076 	 	 0.4609 	 3.7651 	 0.2287
[2025/09/18 00:22:32] - 44 	 138.4 	 	 0.1000 	 4.9938 	 0.3003
[2025/09/18 00:22:32] - ==> Building model..
[2025/09/18 00:23:25] - Test Loss 	 Test Acc 	 PGD Loss 	 PGD Acc
[2025/09/18 00:23:25] - 3.4054 	 	 0.4619 	 3.7650 	 0.2299
[2025/09/18 00:25:48] - 45 	 138.4 	 	 0.1000 	 4.9928 	 0.3021
[2025/09/18 00:25:48] - ==> Building model..
[2025/09/18 00:26:42] - Test Loss 	 Test Acc 	 PGD Loss 	 PGD Acc
[2025/09/18 00:26:42] - 3.4037 	 	 0.4621 	 3.7642 	 0.2301
[2025/09/18 00:29:05] - 46 	 138.5 	 	 0.1000 	 4.9919 	 0.3030
[2025/09/18 00:29:05] - ==> Building model..
[2025/09/18 00:29:58] - Test Loss 	 Test Acc 	 PGD Loss 	 PGD Acc
[2025/09/18 00:29:58] - 3.4024 	 	 0.4649 	 3.7640 	 0.2310
[2025/09/18 00:32:22] - 47 	 138.5 	 	 0.1000 	 4.9920 	 0.3017
[2025/09/18 00:32:22] - ==> Building model..
[2025/09/18 00:33:15] - Test Loss 	 Test Acc 	 PGD Loss 	 PGD Acc
[2025/09/18 00:33:15] - 3.4004 	 	 0.4650 	 3.7631 	 0.2314
[2025/09/18 00:35:38] - 48 	 138.5 	 	 0.1000 	 4.9908 	 0.3038
[2025/09/18 00:35:38] - ==> Building model..
[2025/09/18 00:36:32] - Test Loss 	 Test Acc 	 PGD Loss 	 PGD Acc
[2025/09/18 00:36:32] - 3.3988 	 	 0.4651 	 3.7623 	 0.2317
[2025/09/18 00:38:55] - 49 	 138.2 	 	 0.1000 	 4.9906 	 0.3032
[2025/09/18 00:38:55] - ==> Building model..
[2025/09/18 00:39:48] - Test Loss 	 Test Acc 	 PGD Loss 	 PGD Acc
[2025/09/18 00:39:48] - 3.3973 	 	 0.4654 	 3.7616 	 0.2307
[2025/09/18 00:42:12] - 50 	 138.9 	 	 0.1000 	 4.9893 	 0.3053
[2025/09/18 00:42:12] - ==> Building model..
[2025/09/18 00:43:05] - Test Loss 	 Test Acc 	 PGD Loss 	 PGD Acc
[2025/09/18 00:43:05] - 3.3957 	 	 0.4635 	 3.7609 	 0.2311
[2025/09/18 00:45:28] - 51 	 138.4 	 	 0.1000 	 4.9901 	 0.3034
[2025/09/18 00:45:28] - ==> Building model..
[2025/09/18 00:46:21] - Test Loss 	 Test Acc 	 PGD Loss 	 PGD Acc
[2025/09/18 00:46:21] - 3.3954 	 	 0.4642 	 3.7615 	 0.2307
[2025/09/18 00:48:44] - 52 	 138.3 	 	 0.1000 	 4.9895 	 0.3041
[2025/09/18 00:48:44] - ==> Building model..
[2025/09/18 00:49:37] - Test Loss 	 Test Acc 	 PGD Loss 	 PGD Acc
[2025/09/18 00:49:37] - 3.3937 	 	 0.4645 	 3.7607 	 0.2308
[2025/09/18 00:52:00] - 53 	 138.3 	 	 0.1000 	 4.9884 	 0.3060
[2025/09/18 00:52:00] - ==> Building model..
[2025/09/18 00:52:53] - Test Loss 	 Test Acc 	 PGD Loss 	 PGD Acc
[2025/09/18 00:52:53] - 3.3922 	 	 0.4654 	 3.7601 	 0.2310
[2025/09/18 00:55:17] - 54 	 139.0 	 	 0.1000 	 4.9878 	 0.3062
[2025/09/18 00:55:17] - ==> Building model..
[2025/09/18 00:56:10] - Test Loss 	 Test Acc 	 PGD Loss 	 PGD Acc
[2025/09/18 00:56:10] - 3.3919 	 	 0.4668 	 3.7611 	 0.2325
[2025/09/18 00:58:34] - 55 	 138.7 	 	 0.1000 	 4.9874 	 0.3062
[2025/09/18 00:58:34] - ==> Building model..
[2025/09/18 00:59:27] - Test Loss 	 Test Acc 	 PGD Loss 	 PGD Acc
[2025/09/18 00:59:27] - 3.3891 	 	 0.4680 	 3.7592 	 0.2319
[2025/09/18 01:01:51] - 56 	 138.6 	 	 0.1000 	 4.9868 	 0.3078
[2025/09/18 01:01:51] - ==> Building model..
[2025/09/18 01:02:44] - Test Loss 	 Test Acc 	 PGD Loss 	 PGD Acc
[2025/09/18 01:02:44] - 3.3871 	 	 0.4681 	 3.7583 	 0.2327
[2025/09/18 01:05:07] - 57 	 138.6 	 	 0.1000 	 4.9867 	 0.3081
[2025/09/18 01:05:07] - ==> Building model..
[2025/09/18 01:06:01] - Test Loss 	 Test Acc 	 PGD Loss 	 PGD Acc
[2025/09/18 01:06:01] - 3.3853 	 	 0.4691 	 3.7580 	 0.2326
[2025/09/18 01:08:23] - 58 	 138.1 	 	 0.1000 	 4.9867 	 0.3084
[2025/09/18 01:08:23] - ==> Building model..
[2025/09/18 01:09:17] - Test Loss 	 Test Acc 	 PGD Loss 	 PGD Acc
[2025/09/18 01:09:17] - 3.3838 	 	 0.4683 	 3.7569 	 0.2327
[2025/09/18 01:11:40] - 59 	 138.5 	 	 0.1000 	 4.9858 	 0.3085
[2025/09/18 01:11:40] - ==> Building model..
[2025/09/18 01:12:33] - Test Loss 	 Test Acc 	 PGD Loss 	 PGD Acc
[2025/09/18 01:12:33] - 3.3819 	 	 0.4680 	 3.7557 	 0.2333
[2025/09/18 01:14:56] - 60 	 138.3 	 	 0.1000 	 4.9859 	 0.3085
[2025/09/18 01:14:56] - ==> Building model..
[2025/09/18 01:15:50] - Test Loss 	 Test Acc 	 PGD Loss 	 PGD Acc
[2025/09/18 01:15:50] - 3.3801 	 	 0.4687 	 3.7547 	 0.2332
[2025/09/18 01:18:13] - 61 	 138.3 	 	 0.1000 	 4.9851 	 0.3090
[2025/09/18 01:18:13] - ==> Building model..
[2025/09/18 01:19:06] - Test Loss 	 Test Acc 	 PGD Loss 	 PGD Acc
[2025/09/18 01:19:06] - 3.3788 	 	 0.4690 	 3.7543 	 0.2341
[2025/09/18 01:21:29] - 62 	 138.7 	 	 0.1000 	 4.9855 	 0.3076
[2025/09/18 01:21:29] - ==> Building model..
[2025/09/18 01:22:23] - Test Loss 	 Test Acc 	 PGD Loss 	 PGD Acc
[2025/09/18 01:22:23] - 3.3787 	 	 0.4700 	 3.7554 	 0.2344
[2025/09/18 01:24:47] - 63 	 139.2 	 	 0.1000 	 4.9848 	 0.3093
[2025/09/18 01:24:47] - ==> Building model..
[2025/09/18 01:25:40] - Test Loss 	 Test Acc 	 PGD Loss 	 PGD Acc
[2025/09/18 01:25:40] - 3.3799 	 	 0.4695 	 3.7564 	 0.2358
[2025/09/18 01:28:04] - 64 	 138.6 	 	 0.1000 	 4.9844 	 0.3105
[2025/09/18 01:28:04] - ==> Building model..
[2025/09/18 01:28:57] - Test Loss 	 Test Acc 	 PGD Loss 	 PGD Acc
[2025/09/18 01:28:57] - 3.3815 	 	 0.4696 	 3.7586 	 0.2363
[2025/09/18 01:31:20] - 65 	 138.7 	 	 0.1000 	 4.9839 	 0.3105
[2025/09/18 01:31:20] - ==> Building model..
[2025/09/18 01:32:14] - Test Loss 	 Test Acc 	 PGD Loss 	 PGD Acc
[2025/09/18 01:32:14] - 3.3823 	 	 0.4713 	 3.7599 	 0.2370
[2025/09/18 01:34:37] - 66 	 138.4 	 	 0.1000 	 4.9840 	 0.3102
[2025/09/18 01:34:37] - ==> Building model..
[2025/09/18 01:35:30] - Test Loss 	 Test Acc 	 PGD Loss 	 PGD Acc
[2025/09/18 01:35:30] - 3.3837 	 	 0.4708 	 3.7621 	 0.2376
[2025/09/18 01:37:54] - 67 	 138.7 	 	 0.1000 	 4.9839 	 0.3110
[2025/09/18 01:37:54] - ==> Building model..
[2025/09/18 01:38:47] - Test Loss 	 Test Acc 	 PGD Loss 	 PGD Acc
[2025/09/18 01:38:47] - 3.3854 	 	 0.4702 	 3.7646 	 0.2371
[2025/09/18 01:41:11] - 68 	 139.0 	 	 0.1000 	 4.9836 	 0.3105
[2025/09/18 01:41:11] - ==> Building model..
[2025/09/18 01:42:04] - Test Loss 	 Test Acc 	 PGD Loss 	 PGD Acc
[2025/09/18 01:42:04] - 3.3864 	 	 0.4715 	 3.7660 	 0.2371
[2025/09/18 01:44:27] - 69 	 138.6 	 	 0.1000 	 4.9834 	 0.3108
[2025/09/18 01:44:27] - ==> Building model..
[2025/09/18 01:45:21] - Test Loss 	 Test Acc 	 PGD Loss 	 PGD Acc
[2025/09/18 01:45:21] - 3.3868 	 	 0.4721 	 3.7663 	 0.2365
[2025/09/18 01:47:44] - 70 	 138.4 	 	 0.1000 	 4.9831 	 0.3119
[2025/09/18 01:47:44] - ==> Building model..
[2025/09/18 01:48:37] - Test Loss 	 Test Acc 	 PGD Loss 	 PGD Acc
[2025/09/18 01:48:37] - 3.3860 	 	 0.4727 	 3.7665 	 0.2365
[2025/09/18 01:51:01] - 71 	 139.1 	 	 0.1000 	 4.9828 	 0.3103
[2025/09/18 01:51:01] - ==> Building model..
[2025/09/18 01:51:54] - Test Loss 	 Test Acc 	 PGD Loss 	 PGD Acc
[2025/09/18 01:51:54] - 3.3852 	 	 0.4736 	 3.7663 	 0.2370
[2025/09/18 01:54:17] - 72 	 138.3 	 	 0.1000 	 4.9826 	 0.3119
[2025/09/18 01:54:17] - ==> Building model..
[2025/09/18 01:55:10] - Test Loss 	 Test Acc 	 PGD Loss 	 PGD Acc
[2025/09/18 01:55:10] - 3.3826 	 	 0.4733 	 3.7642 	 0.2366
[2025/09/18 01:57:33] - 73 	 138.3 	 	 0.1000 	 4.9821 	 0.3130
[2025/09/18 01:57:33] - ==> Building model..
[2025/09/18 01:58:26] - Test Loss 	 Test Acc 	 PGD Loss 	 PGD Acc
[2025/09/18 01:58:26] - 3.3810 	 	 0.4737 	 3.7629 	 0.2360
[2025/09/18 02:00:49] - 74 	 138.4 	 	 0.1000 	 4.9822 	 0.3126
[2025/09/18 02:00:49] - ==> Building model..
[2025/09/18 02:01:43] - Test Loss 	 Test Acc 	 PGD Loss 	 PGD Acc
[2025/09/18 02:01:43] - 3.3792 	 	 0.4735 	 3.7616 	 0.2369
[2025/09/18 02:04:06] - 75 	 138.3 	 	 0.1000 	 4.9816 	 0.3138
[2025/09/18 02:04:06] - ==> Building model..
[2025/09/18 02:04:59] - Test Loss 	 Test Acc 	 PGD Loss 	 PGD Acc
[2025/09/18 02:04:59] - 3.3773 	 	 0.4734 	 3.7611 	 0.2362
[2025/09/18 02:07:22] - 76 	 138.3 	 	 0.1000 	 4.9815 	 0.3135
[2025/09/18 02:07:22] - ==> Building model..
[2025/09/18 02:08:15] - Test Loss 	 Test Acc 	 PGD Loss 	 PGD Acc
[2025/09/18 02:08:15] - 3.3757 	 	 0.4744 	 3.7602 	 0.2368
[2025/09/18 02:10:39] - 77 	 138.9 	 	 0.1000 	 4.9811 	 0.3138
[2025/09/18 02:10:39] - ==> Building model..
[2025/09/18 02:11:32] - Test Loss 	 Test Acc 	 PGD Loss 	 PGD Acc
[2025/09/18 02:11:32] - 3.3734 	 	 0.4751 	 3.7588 	 0.2370
[2025/09/18 02:13:56] - 78 	 138.5 	 	 0.1000 	 4.9820 	 0.3129
[2025/09/18 02:13:56] - ==> Building model..
[2025/09/18 02:14:49] - Test Loss 	 Test Acc 	 PGD Loss 	 PGD Acc
[2025/09/18 02:14:49] - 3.3698 	 	 0.4765 	 3.7556 	 0.2368
[2025/09/18 02:17:13] - 79 	 138.4 	 	 0.1000 	 4.9811 	 0.3146
[2025/09/18 02:17:13] - ==> Building model..
[2025/09/18 02:18:06] - Test Loss 	 Test Acc 	 PGD Loss 	 PGD Acc
[2025/09/18 02:18:06] - 3.3680 	 	 0.4764 	 3.7548 	 0.2365
[2025/09/18 02:20:29] - 80 	 138.6 	 	 0.1000 	 4.9811 	 0.3127
[2025/09/18 02:20:29] - ==> Building model..
[2025/09/18 02:21:22] - Test Loss 	 Test Acc 	 PGD Loss 	 PGD Acc
[2025/09/18 02:21:22] - 3.3648 	 	 0.4770 	 3.7525 	 0.2375
[2025/09/18 02:23:45] - 81 	 138.3 	 	 0.1000 	 4.9806 	 0.3139
[2025/09/18 02:23:45] - ==> Building model..
[2025/09/18 02:24:39] - Test Loss 	 Test Acc 	 PGD Loss 	 PGD Acc
[2025/09/18 02:24:39] - 3.3614 	 	 0.4765 	 3.7494 	 0.2385
[2025/09/18 02:27:02] - 82 	 138.5 	 	 0.1000 	 4.9805 	 0.3148
[2025/09/18 02:27:02] - ==> Building model..
[2025/09/18 02:27:56] - Test Loss 	 Test Acc 	 PGD Loss 	 PGD Acc
[2025/09/18 02:27:56] - 3.3581 	 	 0.4765 	 3.7467 	 0.2391
[2025/09/18 02:30:19] - 83 	 138.3 	 	 0.1000 	 4.9815 	 0.3124
[2025/09/18 02:30:19] - ==> Building model..
[2025/09/18 02:31:12] - Test Loss 	 Test Acc 	 PGD Loss 	 PGD Acc
[2025/09/18 02:31:12] - 3.3555 	 	 0.4769 	 3.7439 	 0.2388
[2025/09/18 02:33:35] - 84 	 138.4 	 	 0.1000 	 4.9811 	 0.3135
[2025/09/18 02:33:35] - ==> Building model..
[2025/09/18 02:34:29] - Test Loss 	 Test Acc 	 PGD Loss 	 PGD Acc
[2025/09/18 02:34:29] - 3.3535 	 	 0.4768 	 3.7433 	 0.2390
[2025/09/18 02:36:52] - 85 	 138.4 	 	 0.1000 	 4.9808 	 0.3155
[2025/09/18 02:36:52] - ==> Building model..
[2025/09/18 02:37:45] - Test Loss 	 Test Acc 	 PGD Loss 	 PGD Acc
[2025/09/18 02:37:45] - 3.3510 	 	 0.4768 	 3.7409 	 0.2392
[2025/09/18 02:40:08] - 86 	 138.3 	 	 0.1000 	 4.9805 	 0.3161
[2025/09/18 02:40:08] - ==> Building model..
[2025/09/18 02:41:02] - Test Loss 	 Test Acc 	 PGD Loss 	 PGD Acc
[2025/09/18 02:41:02] - 3.3481 	 	 0.4778 	 3.7388 	 0.2397
[2025/09/18 02:43:25] - 87 	 138.4 	 	 0.1000 	 4.9807 	 0.3162
[2025/09/18 02:43:25] - ==> Building model..
[2025/09/18 02:44:18] - Test Loss 	 Test Acc 	 PGD Loss 	 PGD Acc
[2025/09/18 02:44:18] - 3.3470 	 	 0.4775 	 3.7382 	 0.2400
[2025/09/18 02:46:41] - 88 	 138.2 	 	 0.1000 	 4.9807 	 0.3153
[2025/09/18 02:46:41] - ==> Building model..
[2025/09/18 02:47:35] - Test Loss 	 Test Acc 	 PGD Loss 	 PGD Acc
[2025/09/18 02:47:35] - 3.3464 	 	 0.4782 	 3.7386 	 0.2402
[2025/09/18 02:49:58] - 89 	 138.3 	 	 0.1000 	 4.9803 	 0.3164
[2025/09/18 02:49:58] - ==> Building model..
[2025/09/18 02:50:51] - Test Loss 	 Test Acc 	 PGD Loss 	 PGD Acc
[2025/09/18 02:50:51] - 3.3448 	 	 0.4790 	 3.7368 	 0.2403
[2025/09/18 02:53:14] - 90 	 138.0 	 	 0.1000 	 4.9797 	 0.3174
[2025/09/18 02:53:14] - ==> Building model..
[2025/09/18 02:54:07] - Test Loss 	 Test Acc 	 PGD Loss 	 PGD Acc
[2025/09/18 02:54:07] - 3.3426 	 	 0.4778 	 3.7353 	 0.2407
[2025/09/18 02:56:30] - 91 	 138.5 	 	 0.1000 	 4.9799 	 0.3167
[2025/09/18 02:56:30] - ==> Building model..
[2025/09/18 02:57:24] - Test Loss 	 Test Acc 	 PGD Loss 	 PGD Acc
[2025/09/18 02:57:24] - 3.3415 	 	 0.4783 	 3.7342 	 0.2404
[2025/09/18 02:59:47] - 92 	 138.5 	 	 0.1000 	 4.9810 	 0.3162
[2025/09/18 02:59:47] - ==> Building model..
[2025/09/18 03:00:40] - Test Loss 	 Test Acc 	 PGD Loss 	 PGD Acc
[2025/09/18 03:00:40] - 3.3404 	 	 0.4798 	 3.7334 	 0.2404
[2025/09/18 03:03:03] - 93 	 138.1 	 	 0.1000 	 4.9803 	 0.3161
[2025/09/18 03:03:03] - ==> Building model..
[2025/09/18 03:03:56] - Test Loss 	 Test Acc 	 PGD Loss 	 PGD Acc
[2025/09/18 03:03:56] - 3.3395 	 	 0.4784 	 3.7322 	 0.2395
[2025/09/18 03:06:20] - 94 	 138.5 	 	 0.1000 	 4.9811 	 0.3165
[2025/09/18 03:06:20] - ==> Building model..
[2025/09/18 03:07:13] - Test Loss 	 Test Acc 	 PGD Loss 	 PGD Acc
[2025/09/18 03:07:13] - 3.3386 	 	 0.4789 	 3.7314 	 0.2399
[2025/09/18 03:09:37] - 95 	 138.8 	 	 0.1000 	 4.9807 	 0.3157
[2025/09/18 03:09:37] - ==> Building model..
[2025/09/18 03:10:30] - Test Loss 	 Test Acc 	 PGD Loss 	 PGD Acc
[2025/09/18 03:10:30] - 3.3369 	 	 0.4786 	 3.7303 	 0.2393
[2025/09/18 03:12:53] - 96 	 138.4 	 	 0.1000 	 4.9803 	 0.3168
[2025/09/18 03:12:53] - ==> Building model..
[2025/09/18 03:13:46] - Test Loss 	 Test Acc 	 PGD Loss 	 PGD Acc
[2025/09/18 03:13:46] - 3.3356 	 	 0.4773 	 3.7292 	 0.2388
[2025/09/18 03:16:10] - 97 	 138.5 	 	 0.1000 	 4.9812 	 0.3175
[2025/09/18 03:16:10] - ==> Building model..
[2025/09/18 03:17:03] - Test Loss 	 Test Acc 	 PGD Loss 	 PGD Acc
[2025/09/18 03:17:03] - 3.3342 	 	 0.4777 	 3.7275 	 0.2385
[2025/09/18 03:19:26] - 98 	 138.3 	 	 0.1000 	 4.9800 	 0.3188
[2025/09/18 03:19:26] - ==> Building model..
[2025/09/18 03:20:20] - Test Loss 	 Test Acc 	 PGD Loss 	 PGD Acc
[2025/09/18 03:20:20] - 3.3336 	 	 0.4779 	 3.7269 	 0.2398
[2025/09/18 03:22:43] - 99 	 138.0 	 	 0.0100 	 4.8816 	 0.4445
[2025/09/18 03:22:43] - ==> Building model..
[2025/09/18 03:23:36] - Test Loss 	 Test Acc 	 PGD Loss 	 PGD Acc
[2025/09/18 03:23:36] - 3.3332 	 	 0.4776 	 3.7268 	 0.2400
[2025/09/18 03:25:58] - 100 	 137.5 	 	 0.0100 	 4.8151 	 0.5370
[2025/09/18 03:25:58] - ==> Building model..
[2025/09/18 03:26:51] - Test Loss 	 Test Acc 	 PGD Loss 	 PGD Acc
[2025/09/18 03:26:51] - 3.3332 	 	 0.4776 	 3.7266 	 0.2397
[2025/09/18 03:29:12] - 101 	 137.4 	 	 0.0100 	 4.7900 	 0.5768
[2025/09/18 03:29:12] - ==> Building model..
[2025/09/18 03:30:06] - Test Loss 	 Test Acc 	 PGD Loss 	 PGD Acc
[2025/09/18 03:30:06] - 3.3332 	 	 0.4776 	 3.7265 	 0.2401
[2025/09/18 03:32:28] - 102 	 137.4 	 	 0.0100 	 4.7692 	 0.6099
[2025/09/18 03:32:28] - ==> Building model..
[2025/09/18 03:33:21] - Test Loss 	 Test Acc 	 PGD Loss 	 PGD Acc
[2025/09/18 03:33:21] - 3.3332 	 	 0.4776 	 3.7268 	 0.2400
[2025/09/18 03:35:43] - 103 	 137.5 	 	 0.0100 	 4.7516 	 0.6407
[2025/09/18 03:35:43] - ==> Building model..
[2025/09/18 03:36:36] - Test Loss 	 Test Acc 	 PGD Loss 	 PGD Acc
[2025/09/18 03:36:36] - 3.3332 	 	 0.4776 	 3.7264 	 0.2398
[2025/09/18 03:38:58] - 104 	 137.2 	 	 0.0010 	 4.7056 	 0.7165
[2025/09/18 03:38:58] - ==> Building model..
[2025/09/18 03:39:51] - Test Loss 	 Test Acc 	 PGD Loss 	 PGD Acc
[2025/09/18 03:39:51] - 3.3332 	 	 0.4776 	 3.7265 	 0.2399
[2025/09/18 03:42:12] - 105 	 137.2 	 	 0.0010 	 4.6847 	 0.7502
[2025/09/18 03:42:12] - ==> Building model..
[2025/09/18 03:43:05] - Test Loss 	 Test Acc 	 PGD Loss 	 PGD Acc
[2025/09/18 03:43:05] - 3.3332 	 	 0.4776 	 3.7267 	 0.2400
[2025/09/18 03:45:27] - 106 	 137.4 	 	 0.0010 	 4.6792 	 0.7580
[2025/09/18 03:45:27] - ==> Building model..
[2025/09/18 03:46:20] - Test Loss 	 Test Acc 	 PGD Loss 	 PGD Acc
[2025/09/18 03:46:20] - 3.3332 	 	 0.4776 	 3.7268 	 0.2397
[2025/09/18 03:48:42] - 107 	 137.5 	 	 0.0010 	 4.6745 	 0.7677
[2025/09/18 03:48:42] - ==> Building model..
[2025/09/18 03:49:35] - Test Loss 	 Test Acc 	 PGD Loss 	 PGD Acc
[2025/09/18 03:49:35] - 3.3332 	 	 0.4776 	 3.7265 	 0.2398
[2025/09/18 03:51:58] - 108 	 137.6 	 	 0.0010 	 4.6702 	 0.7765
[2025/09/18 03:51:58] - ==> Building model..
[2025/09/18 03:52:51] - Test Loss 	 Test Acc 	 PGD Loss 	 PGD Acc
[2025/09/18 03:52:51] - 3.3332 	 	 0.4776 	 3.7273 	 0.2395
[2025/09/18 03:55:13] - 109 	 137.5 	 	 0.0010 	 4.6660 	 0.7821
[2025/09/18 03:55:13] - ==> Building model..
[2025/09/18 03:56:06] - Test Loss 	 Test Acc 	 PGD Loss 	 PGD Acc
[2025/09/18 03:56:06] - 3.3332 	 	 0.4776 	 3.7264 	 0.2400
[2025/09/18 03:56:06] - [0.0776, 0.1417, 0.1861, 0.21, 0.2346, 0.2445, 0.256, 0.2892, 0.3244, 0.3499, 0.3643, 0.3771, 0.3853, 0.3935, 0.3998, 0.4066, 0.4107, 0.4136, 0.4157, 0.4189, 0.4219, 0.427, 0.4289, 0.4327, 0.4359, 0.4394, 0.4415, 0.4435, 0.4458, 0.4468, 0.4476, 0.448, 0.4501, 0.4519, 0.4521, 0.4554, 0.4544, 0.4564, 0.4568, 0.4574, 0.4578, 0.4587, 0.4591, 0.4609, 0.4619, 0.4621, 0.4649, 0.465, 0.4651, 0.4654, 0.4635, 0.4642, 0.4645, 0.4654, 0.4668, 0.468, 0.4681, 0.4691, 0.4683, 0.468, 0.4687, 0.469, 0.47, 0.4695, 0.4696, 0.4713, 0.4708, 0.4702, 0.4715, 0.4721, 0.4727, 0.4736, 0.4733, 0.4737, 0.4735, 0.4734, 0.4744, 0.4751, 0.4765, 0.4764, 0.477, 0.4765, 0.4765, 0.4769, 0.4768, 0.4768, 0.4778, 0.4775, 0.4782, 0.479, 0.4778, 0.4783, 0.4798, 0.4784, 0.4789, 0.4786, 0.4773, 0.4777, 0.4779, 0.4776, 0.4776, 0.4776, 0.4776, 0.4776, 0.4776, 0.4776, 0.4776, 0.4776, 0.4776, 0.4776]
[2025/09/18 03:56:06] - [0.0441, 0.0748, 0.0975, 0.1083, 0.118, 0.1218, 0.1277, 0.1462, 0.1638, 0.1746, 0.1838, 0.1886, 0.1927, 0.1965, 0.2, 0.2024, 0.2042, 0.207, 0.2078, 0.2111, 0.2126, 0.2128, 0.2153, 0.2168, 0.218, 0.2177, 0.2191, 0.2208, 0.2215, 0.2227, 0.2232, 0.2244, 0.2259, 0.2257, 0.226, 0.2262, 0.2271, 0.2263, 0.2274, 0.2274, 0.2283, 0.229, 0.2288, 0.2287, 0.2299, 0.2301, 0.231, 0.2314, 0.2317, 0.2307, 0.2311, 0.2307, 0.2308, 0.231, 0.2325, 0.2319, 0.2327, 0.2326, 0.2327, 0.2333, 0.2332, 0.2341, 0.2344, 0.2358, 0.2363, 0.237, 0.2376, 0.2371, 0.2371, 0.2365, 0.2365, 0.237, 0.2366, 0.236, 0.2369, 0.2362, 0.2368, 0.237, 0.2368, 0.2365, 0.2375, 0.2385, 0.2391, 0.2388, 0.239, 0.2392, 0.2397, 0.24, 0.2402, 0.2403, 0.2407, 0.2404, 0.2404, 0.2395, 0.2399, 0.2393, 0.2388, 0.2385, 0.2398, 0.24, 0.2397, 0.2401, 0.24, 0.2398, 0.2399, 0.24, 0.2397, 0.2398, 0.2395, 0.24]
