[2025/10/19 11:00:20] - Namespace(batch_size=128, data_dir='cifar-data', epochs=110, lr_schedule='multistep', lr_min=0.0, lr_max=0.2, weight_decay=0.0005, momentum=0.9, model='ResNet18', epsilon=8, alpha=8, delta_init='random', normal_mean=0, normal_std=1, out_dir='runs/beta_0.4/lam_44/lscale_0.11/seed_2', seed=2, lamda=44.0, lam_scale=0.11, lam_start=50, gamma=0.05, inner_gamma=0.05, beta=0.4, mu=3.5, batch_m=0.75, early_stop=False, factor=0.5, length=4, n_holes=1, c_num=0.125, EMA_value=0.55)
[2025/10/19 11:00:31] - ==> Building model..
[2025/10/19 11:00:31] - Epoch 	 Seconds 	 LR 	 	 Train Loss 	 Train Acc
[2025/10/19 11:01:26] - 0 	 30.1 	 	 0.2000 	 4.5693 	 0.0380
[2025/10/19 11:01:26] - ==> Building model..
[2025/10/19 11:01:51] - Test Loss 	 Test Acc 	 PGD Loss 	 PGD Acc
[2025/10/19 11:01:51] - 4.2480 	 	 0.0852 	 4.2601 	 0.0578
[2025/10/19 11:02:43] - 1 	 28.1 	 	 0.2000 	 4.4637 	 0.0753
[2025/10/19 11:02:43] - ==> Building model..
[2025/10/19 11:03:07] - Test Loss 	 Test Acc 	 PGD Loss 	 PGD Acc
[2025/10/19 11:03:07] - 4.1066 	 	 0.1268 	 4.1304 	 0.0824
[2025/10/19 11:03:57] - 2 	 27.5 	 	 0.2000 	 4.4039 	 0.1070
[2025/10/19 11:03:57] - ==> Building model..
[2025/10/19 11:04:21] - Test Loss 	 Test Acc 	 PGD Loss 	 PGD Acc
[2025/10/19 11:04:21] - 3.9518 	 	 0.1830 	 3.9949 	 0.1123
[2025/10/19 11:05:12] - 3 	 27.2 	 	 0.2000 	 4.3548 	 0.1285
[2025/10/19 11:05:12] - ==> Building model..
[2025/10/19 11:05:37] - Test Loss 	 Test Acc 	 PGD Loss 	 PGD Acc
[2025/10/19 11:05:37] - 3.7387 	 	 0.2300 	 3.8087 	 0.1373
[2025/10/19 11:06:27] - 4 	 28.2 	 	 0.2000 	 4.3139 	 0.1499
[2025/10/19 11:06:27] - ==> Building model..
[2025/10/19 11:06:52] - Test Loss 	 Test Acc 	 PGD Loss 	 PGD Acc
[2025/10/19 11:06:52] - 3.5836 	 	 0.2749 	 3.6783 	 0.1599
[2025/10/19 11:07:43] - 5 	 28.8 	 	 0.2000 	 4.2756 	 0.1696
[2025/10/19 11:07:43] - ==> Building model..
[2025/10/19 11:08:07] - Test Loss 	 Test Acc 	 PGD Loss 	 PGD Acc
[2025/10/19 11:08:07] - 3.3540 	 	 0.3210 	 3.4830 	 0.1845
[2025/10/19 11:08:57] - 6 	 28.4 	 	 0.2000 	 4.2431 	 0.1888
[2025/10/19 11:08:57] - ==> Building model..
[2025/10/19 11:09:21] - Test Loss 	 Test Acc 	 PGD Loss 	 PGD Acc
[2025/10/19 11:09:21] - 3.1847 	 	 0.3526 	 3.3392 	 0.1976
[2025/10/19 11:10:12] - 7 	 28.3 	 	 0.2000 	 4.2205 	 0.2010
[2025/10/19 11:10:12] - ==> Building model..
[2025/10/19 11:10:36] - Test Loss 	 Test Acc 	 PGD Loss 	 PGD Acc
[2025/10/19 11:10:36] - 3.0580 	 	 0.3831 	 3.2389 	 0.2068
[2025/10/19 11:11:24] - 8 	 26.6 	 	 0.2000 	 4.2044 	 0.2097
[2025/10/19 11:11:24] - ==> Building model..
[2025/10/19 11:11:48] - Test Loss 	 Test Acc 	 PGD Loss 	 PGD Acc
[2025/10/19 11:11:48] - 2.9710 	 	 0.4001 	 3.1693 	 0.2179
[2025/10/19 11:12:37] - 9 	 27.5 	 	 0.2000 	 4.1897 	 0.2169
[2025/10/19 11:12:37] - ==> Building model..
[2025/10/19 11:13:02] - Test Loss 	 Test Acc 	 PGD Loss 	 PGD Acc
[2025/10/19 11:13:02] - 2.9031 	 	 0.4181 	 3.1168 	 0.2230
[2025/10/19 11:13:50] - 10 	 27.2 	 	 0.2000 	 4.1797 	 0.2226
[2025/10/19 11:13:50] - ==> Building model..
[2025/10/19 11:14:15] - Test Loss 	 Test Acc 	 PGD Loss 	 PGD Acc
[2025/10/19 11:14:15] - 2.8589 	 	 0.4291 	 3.0844 	 0.2294
[2025/10/19 11:15:03] - 11 	 27.1 	 	 0.2000 	 4.1681 	 0.2317
[2025/10/19 11:15:03] - ==> Building model..
[2025/10/19 11:15:28] - Test Loss 	 Test Acc 	 PGD Loss 	 PGD Acc
[2025/10/19 11:15:28] - 2.8225 	 	 0.4399 	 3.0573 	 0.2333
[2025/10/19 11:16:17] - 12 	 27.6 	 	 0.2000 	 4.1616 	 0.2344
[2025/10/19 11:16:17] - ==> Building model..
[2025/10/19 11:16:42] - Test Loss 	 Test Acc 	 PGD Loss 	 PGD Acc
[2025/10/19 11:16:42] - 2.7929 	 	 0.4482 	 3.0349 	 0.2403
[2025/10/19 11:17:30] - 13 	 26.3 	 	 0.2000 	 4.1536 	 0.2380
[2025/10/19 11:17:30] - ==> Building model..
[2025/10/19 11:17:54] - Test Loss 	 Test Acc 	 PGD Loss 	 PGD Acc
[2025/10/19 11:17:54] - 2.7673 	 	 0.4524 	 3.0151 	 0.2437
[2025/10/19 11:18:42] - 14 	 26.8 	 	 0.2000 	 4.1488 	 0.2420
[2025/10/19 11:18:42] - ==> Building model..
[2025/10/19 11:19:08] - Test Loss 	 Test Acc 	 PGD Loss 	 PGD Acc
[2025/10/19 11:19:08] - 2.7448 	 	 0.4594 	 2.9979 	 0.2458
[2025/10/19 11:19:58] - 15 	 27.0 	 	 0.2000 	 4.1443 	 0.2420
[2025/10/19 11:19:58] - ==> Building model..
[2025/10/19 11:20:23] - Test Loss 	 Test Acc 	 PGD Loss 	 PGD Acc
[2025/10/19 11:20:23] - 2.7226 	 	 0.4655 	 2.9811 	 0.2479
[2025/10/19 11:21:11] - 16 	 25.9 	 	 0.2000 	 4.1387 	 0.2457
[2025/10/19 11:21:11] - ==> Building model..
[2025/10/19 11:21:37] - Test Loss 	 Test Acc 	 PGD Loss 	 PGD Acc
[2025/10/19 11:21:37] - 2.7025 	 	 0.4707 	 2.9659 	 0.2497
[2025/10/19 11:22:26] - 17 	 26.6 	 	 0.2000 	 4.1356 	 0.2473
[2025/10/19 11:22:26] - ==> Building model..
[2025/10/19 11:22:51] - Test Loss 	 Test Acc 	 PGD Loss 	 PGD Acc
[2025/10/19 11:22:51] - 2.6873 	 	 0.4732 	 2.9545 	 0.2534
[2025/10/19 11:23:40] - 18 	 26.7 	 	 0.2000 	 4.1297 	 0.2521
[2025/10/19 11:23:40] - ==> Building model..
[2025/10/19 11:24:06] - Test Loss 	 Test Acc 	 PGD Loss 	 PGD Acc
[2025/10/19 11:24:06] - 2.6718 	 	 0.4772 	 2.9414 	 0.2555
[2025/10/19 11:24:54] - 19 	 26.6 	 	 0.2000 	 4.1277 	 0.2558
[2025/10/19 11:24:54] - ==> Building model..
[2025/10/19 11:25:20] - Test Loss 	 Test Acc 	 PGD Loss 	 PGD Acc
[2025/10/19 11:25:20] - 2.6631 	 	 0.4800 	 2.9351 	 0.2575
[2025/10/19 11:26:08] - 20 	 26.3 	 	 0.2000 	 4.1243 	 0.2557
[2025/10/19 11:26:08] - ==> Building model..
[2025/10/19 11:26:33] - Test Loss 	 Test Acc 	 PGD Loss 	 PGD Acc
[2025/10/19 11:26:33] - 2.6544 	 	 0.4795 	 2.9283 	 0.2582
[2025/10/19 11:27:20] - 21 	 25.7 	 	 0.2000 	 4.1234 	 0.2529
[2025/10/19 11:27:20] - ==> Building model..
[2025/10/19 11:27:46] - Test Loss 	 Test Acc 	 PGD Loss 	 PGD Acc
[2025/10/19 11:27:46] - 2.6454 	 	 0.4812 	 2.9210 	 0.2604
[2025/10/19 11:28:31] - 22 	 24.9 	 	 0.2000 	 4.1206 	 0.2601
[2025/10/19 11:28:31] - ==> Building model..
[2025/10/19 11:28:57] - Test Loss 	 Test Acc 	 PGD Loss 	 PGD Acc
[2025/10/19 11:28:57] - 2.6408 	 	 0.4835 	 2.9182 	 0.2602
[2025/10/19 11:29:44] - 23 	 26.0 	 	 0.2000 	 4.1210 	 0.2572
[2025/10/19 11:29:44] - ==> Building model..
[2025/10/19 11:30:10] - Test Loss 	 Test Acc 	 PGD Loss 	 PGD Acc
[2025/10/19 11:30:10] - 2.6392 	 	 0.4843 	 2.9183 	 0.2621
[2025/10/19 11:30:58] - 24 	 25.9 	 	 0.2000 	 4.1142 	 0.2625
[2025/10/19 11:30:58] - ==> Building model..
[2025/10/19 11:31:24] - Test Loss 	 Test Acc 	 PGD Loss 	 PGD Acc
[2025/10/19 11:31:24] - 2.6281 	 	 0.4870 	 2.9099 	 0.2631
[2025/10/19 11:32:13] - 25 	 26.9 	 	 0.2000 	 4.1148 	 0.2626
[2025/10/19 11:32:13] - ==> Building model..
[2025/10/19 11:32:39] - Test Loss 	 Test Acc 	 PGD Loss 	 PGD Acc
[2025/10/19 11:32:39] - 2.6243 	 	 0.4894 	 2.9073 	 0.2640
[2025/10/19 11:33:24] - 26 	 24.5 	 	 0.2000 	 4.1141 	 0.2626
[2025/10/19 11:33:24] - ==> Building model..
[2025/10/19 11:33:50] - Test Loss 	 Test Acc 	 PGD Loss 	 PGD Acc
[2025/10/19 11:33:50] - 2.6238 	 	 0.4911 	 2.9076 	 0.2661
[2025/10/19 11:34:39] - 27 	 26.8 	 	 0.2000 	 4.1110 	 0.2624
[2025/10/19 11:34:39] - ==> Building model..
[2025/10/19 11:35:05] - Test Loss 	 Test Acc 	 PGD Loss 	 PGD Acc
[2025/10/19 11:35:05] - 2.6179 	 	 0.4926 	 2.9028 	 0.2668
[2025/10/19 11:35:53] - 28 	 25.2 	 	 0.2000 	 4.1090 	 0.2647
[2025/10/19 11:35:53] - ==> Building model..
[2025/10/19 11:36:19] - Test Loss 	 Test Acc 	 PGD Loss 	 PGD Acc
[2025/10/19 11:36:19] - 2.6099 	 	 0.4934 	 2.8955 	 0.2688
[2025/10/19 11:37:04] - 29 	 24.8 	 	 0.2000 	 4.1083 	 0.2669
[2025/10/19 11:37:04] - ==> Building model..
[2025/10/19 11:37:30] - Test Loss 	 Test Acc 	 PGD Loss 	 PGD Acc
[2025/10/19 11:37:30] - 2.6027 	 	 0.4963 	 2.8896 	 0.2689
[2025/10/19 11:38:17] - 30 	 26.1 	 	 0.2000 	 4.1073 	 0.2679
[2025/10/19 11:38:17] - ==> Building model..
[2025/10/19 11:38:43] - Test Loss 	 Test Acc 	 PGD Loss 	 PGD Acc
[2025/10/19 11:38:43] - 2.5941 	 	 0.4989 	 2.8832 	 0.2680
[2025/10/19 11:39:31] - 31 	 26.2 	 	 0.2000 	 4.1057 	 0.2684
[2025/10/19 11:39:31] - ==> Building model..
[2025/10/19 11:39:57] - Test Loss 	 Test Acc 	 PGD Loss 	 PGD Acc
[2025/10/19 11:39:57] - 2.5907 	 	 0.4996 	 2.8805 	 0.2703
[2025/10/19 11:40:46] - 32 	 26.2 	 	 0.2000 	 4.1052 	 0.2672
[2025/10/19 11:40:46] - ==> Building model..
[2025/10/19 11:41:11] - Test Loss 	 Test Acc 	 PGD Loss 	 PGD Acc
[2025/10/19 11:41:11] - 2.5853 	 	 0.5025 	 2.8773 	 0.2713
[2025/10/19 11:41:57] - 33 	 25.0 	 	 0.2000 	 4.1027 	 0.2701
[2025/10/19 11:41:57] - ==> Building model..
[2025/10/19 11:42:23] - Test Loss 	 Test Acc 	 PGD Loss 	 PGD Acc
[2025/10/19 11:42:23] - 2.5801 	 	 0.5027 	 2.8736 	 0.2727
[2025/10/19 11:43:11] - 34 	 26.2 	 	 0.2000 	 4.1041 	 0.2674
[2025/10/19 11:43:11] - ==> Building model..
[2025/10/19 11:43:37] - Test Loss 	 Test Acc 	 PGD Loss 	 PGD Acc
[2025/10/19 11:43:37] - 2.5770 	 	 0.5050 	 2.8711 	 0.2722
[2025/10/19 11:44:25] - 35 	 26.0 	 	 0.2000 	 4.1005 	 0.2702
[2025/10/19 11:44:25] - ==> Building model..
[2025/10/19 11:44:52] - Test Loss 	 Test Acc 	 PGD Loss 	 PGD Acc
[2025/10/19 11:44:52] - 2.5751 	 	 0.5052 	 2.8694 	 0.2733
[2025/10/19 11:45:39] - 36 	 26.0 	 	 0.2000 	 4.1021 	 0.2695
[2025/10/19 11:45:39] - ==> Building model..
[2025/10/19 11:46:05] - Test Loss 	 Test Acc 	 PGD Loss 	 PGD Acc
[2025/10/19 11:46:05] - 2.5740 	 	 0.5046 	 2.8688 	 0.2738
[2025/10/19 11:46:52] - 37 	 25.6 	 	 0.2000 	 4.0993 	 0.2697
[2025/10/19 11:46:52] - ==> Building model..
[2025/10/19 11:47:18] - Test Loss 	 Test Acc 	 PGD Loss 	 PGD Acc
[2025/10/19 11:47:18] - 2.5705 	 	 0.5054 	 2.8655 	 0.2737
[2025/10/19 11:48:05] - 38 	 24.9 	 	 0.2000 	 4.0972 	 0.2725
[2025/10/19 11:48:05] - ==> Building model..
[2025/10/19 11:48:30] - Test Loss 	 Test Acc 	 PGD Loss 	 PGD Acc
[2025/10/19 11:48:30] - 2.5665 	 	 0.5070 	 2.8631 	 0.2736
[2025/10/19 11:49:16] - 39 	 25.0 	 	 0.2000 	 4.0987 	 0.2720
[2025/10/19 11:49:16] - ==> Building model..
[2025/10/19 11:49:43] - Test Loss 	 Test Acc 	 PGD Loss 	 PGD Acc
[2025/10/19 11:49:43] - 2.5709 	 	 0.5066 	 2.8668 	 0.2748
[2025/10/19 11:50:28] - 40 	 24.6 	 	 0.2000 	 4.0975 	 0.2726
[2025/10/19 11:50:28] - ==> Building model..
[2025/10/19 11:50:55] - Test Loss 	 Test Acc 	 PGD Loss 	 PGD Acc
[2025/10/19 11:50:55] - 2.5741 	 	 0.5068 	 2.8698 	 0.2753
[2025/10/19 11:51:41] - 41 	 25.2 	 	 0.2000 	 4.0947 	 0.2735
[2025/10/19 11:51:41] - ==> Building model..
[2025/10/19 11:52:07] - Test Loss 	 Test Acc 	 PGD Loss 	 PGD Acc
[2025/10/19 11:52:07] - 2.5729 	 	 0.5079 	 2.8692 	 0.2740
[2025/10/19 11:52:52] - 42 	 24.4 	 	 0.2000 	 4.0951 	 0.2718
[2025/10/19 11:52:52] - ==> Building model..
[2025/10/19 11:53:19] - Test Loss 	 Test Acc 	 PGD Loss 	 PGD Acc
[2025/10/19 11:53:19] - 2.5705 	 	 0.5083 	 2.8675 	 0.2744
[2025/10/19 11:54:05] - 43 	 26.0 	 	 0.2000 	 4.0946 	 0.2721
[2025/10/19 11:54:05] - ==> Building model..
[2025/10/19 11:54:31] - Test Loss 	 Test Acc 	 PGD Loss 	 PGD Acc
[2025/10/19 11:54:31] - 2.5669 	 	 0.5105 	 2.8651 	 0.2749
[2025/10/19 11:55:15] - 44 	 24.1 	 	 0.2000 	 4.0940 	 0.2732
[2025/10/19 11:55:15] - ==> Building model..
[2025/10/19 11:55:42] - Test Loss 	 Test Acc 	 PGD Loss 	 PGD Acc
[2025/10/19 11:55:42] - 2.5648 	 	 0.5111 	 2.8627 	 0.2752
[2025/10/19 11:56:30] - 45 	 26.4 	 	 0.2000 	 4.0926 	 0.2735
[2025/10/19 11:56:30] - ==> Building model..
[2025/10/19 11:56:56] - Test Loss 	 Test Acc 	 PGD Loss 	 PGD Acc
[2025/10/19 11:56:56] - 2.5628 	 	 0.5114 	 2.8618 	 0.2761
[2025/10/19 11:57:48] - 46 	 27.5 	 	 0.2000 	 4.0929 	 0.2743
[2025/10/19 11:57:48] - ==> Building model..
[2025/10/19 11:58:14] - Test Loss 	 Test Acc 	 PGD Loss 	 PGD Acc
[2025/10/19 11:58:14] - 2.5584 	 	 0.5124 	 2.8586 	 0.2754
[2025/10/19 11:59:05] - 47 	 27.5 	 	 0.2000 	 4.0907 	 0.2763
[2025/10/19 11:59:05] - ==> Building model..
[2025/10/19 11:59:32] - Test Loss 	 Test Acc 	 PGD Loss 	 PGD Acc
[2025/10/19 11:59:32] - 2.5550 	 	 0.5141 	 2.8559 	 0.2759
[2025/10/19 12:00:22] - 48 	 27.6 	 	 0.2000 	 4.0940 	 0.2745
[2025/10/19 12:00:22] - ==> Building model..
[2025/10/19 12:00:49] - Test Loss 	 Test Acc 	 PGD Loss 	 PGD Acc
[2025/10/19 12:00:49] - 2.5572 	 	 0.5119 	 2.8566 	 0.2771
[2025/10/19 12:01:37] - 49 	 26.2 	 	 0.2000 	 4.0921 	 0.2753
[2025/10/19 12:01:37] - ==> Building model..
[2025/10/19 12:02:04] - Test Loss 	 Test Acc 	 PGD Loss 	 PGD Acc
[2025/10/19 12:02:04] - 2.5594 	 	 0.5112 	 2.8587 	 0.2773
[2025/10/19 12:02:52] - 50 	 26.7 	 	 0.2000 	 4.0919 	 0.2742
[2025/10/19 12:02:52] - ==> Building model..
[2025/10/19 12:03:18] - Test Loss 	 Test Acc 	 PGD Loss 	 PGD Acc
[2025/10/19 12:03:18] - 2.5579 	 	 0.5121 	 2.8576 	 0.2776
[2025/10/19 12:04:08] - 51 	 27.5 	 	 0.2000 	 4.0913 	 0.2777
[2025/10/19 12:04:08] - ==> Building model..
[2025/10/19 12:04:35] - Test Loss 	 Test Acc 	 PGD Loss 	 PGD Acc
[2025/10/19 12:04:35] - 2.5566 	 	 0.5121 	 2.8567 	 0.2785
[2025/10/19 12:05:25] - 52 	 27.8 	 	 0.2000 	 4.0919 	 0.2748
[2025/10/19 12:05:25] - ==> Building model..
[2025/10/19 12:05:51] - Test Loss 	 Test Acc 	 PGD Loss 	 PGD Acc
[2025/10/19 12:05:51] - 2.5585 	 	 0.5130 	 2.8596 	 0.2790
[2025/10/19 12:06:41] - 53 	 27.2 	 	 0.2000 	 4.0899 	 0.2773
[2025/10/19 12:06:41] - ==> Building model..
[2025/10/19 12:07:07] - Test Loss 	 Test Acc 	 PGD Loss 	 PGD Acc
[2025/10/19 12:07:07] - 2.5585 	 	 0.5153 	 2.8597 	 0.2796
[2025/10/19 12:07:56] - 54 	 26.7 	 	 0.2000 	 4.0904 	 0.2790
[2025/10/19 12:07:56] - ==> Building model..
[2025/10/19 12:08:22] - Test Loss 	 Test Acc 	 PGD Loss 	 PGD Acc
[2025/10/19 12:08:22] - 2.5589 	 	 0.5145 	 2.8600 	 0.2796
[2025/10/19 12:09:11] - 55 	 27.3 	 	 0.2000 	 4.0935 	 0.2759
[2025/10/19 12:09:11] - ==> Building model..
[2025/10/19 12:09:37] - Test Loss 	 Test Acc 	 PGD Loss 	 PGD Acc
[2025/10/19 12:09:37] - 2.5635 	 	 0.5129 	 2.8634 	 0.2797
[2025/10/19 12:10:27] - 56 	 27.4 	 	 0.2000 	 4.0928 	 0.2747
[2025/10/19 12:10:27] - ==> Building model..
[2025/10/19 12:10:52] - Test Loss 	 Test Acc 	 PGD Loss 	 PGD Acc
[2025/10/19 12:10:52] - 2.5642 	 	 0.5142 	 2.8637 	 0.2789
[2025/10/19 12:11:42] - 57 	 27.9 	 	 0.2000 	 4.0938 	 0.2776
[2025/10/19 12:11:42] - ==> Building model..
[2025/10/19 12:12:08] - Test Loss 	 Test Acc 	 PGD Loss 	 PGD Acc
[2025/10/19 12:12:08] - 2.5649 	 	 0.5155 	 2.8632 	 0.2809
[2025/10/19 12:13:00] - 58 	 28.8 	 	 0.2000 	 4.0952 	 0.2776
[2025/10/19 12:13:00] - ==> Building model..
[2025/10/19 12:13:24] - Test Loss 	 Test Acc 	 PGD Loss 	 PGD Acc
[2025/10/19 12:13:24] - 2.5704 	 	 0.5137 	 2.8672 	 0.2796
[2025/10/19 12:14:13] - 59 	 27.3 	 	 0.2000 	 4.0941 	 0.2790
[2025/10/19 12:14:13] - ==> Building model..
[2025/10/19 12:14:38] - Test Loss 	 Test Acc 	 PGD Loss 	 PGD Acc
[2025/10/19 12:14:38] - 2.5725 	 	 0.5131 	 2.8677 	 0.2810
[2025/10/19 12:15:26] - 60 	 27.4 	 	 0.2000 	 4.0962 	 0.2765
[2025/10/19 12:15:26] - ==> Building model..
[2025/10/19 12:15:51] - Test Loss 	 Test Acc 	 PGD Loss 	 PGD Acc
[2025/10/19 12:15:51] - 2.5760 	 	 0.5136 	 2.8708 	 0.2800
[2025/10/19 12:16:42] - 61 	 28.2 	 	 0.2000 	 4.0963 	 0.2765
[2025/10/19 12:16:42] - ==> Building model..
[2025/10/19 12:17:07] - Test Loss 	 Test Acc 	 PGD Loss 	 PGD Acc
[2025/10/19 12:17:07] - 2.5794 	 	 0.5131 	 2.8729 	 0.2808
[2025/10/19 12:17:56] - 62 	 27.3 	 	 0.2000 	 4.0949 	 0.2775
[2025/10/19 12:17:56] - ==> Building model..
[2025/10/19 12:18:21] - Test Loss 	 Test Acc 	 PGD Loss 	 PGD Acc
[2025/10/19 12:18:21] - 2.5820 	 	 0.5132 	 2.8750 	 0.2807
[2025/10/19 12:19:08] - 63 	 26.8 	 	 0.2000 	 4.0949 	 0.2789
[2025/10/19 12:19:08] - ==> Building model..
[2025/10/19 12:19:34] - Test Loss 	 Test Acc 	 PGD Loss 	 PGD Acc
[2025/10/19 12:19:34] - 2.5856 	 	 0.5127 	 2.8771 	 0.2802
[2025/10/19 12:20:23] - 64 	 27.8 	 	 0.2000 	 4.0937 	 0.2782
[2025/10/19 12:20:23] - ==> Building model..
[2025/10/19 12:20:48] - Test Loss 	 Test Acc 	 PGD Loss 	 PGD Acc
[2025/10/19 12:20:48] - 2.5858 	 	 0.5131 	 2.8769 	 0.2799
[2025/10/19 12:21:37] - 65 	 27.5 	 	 0.2000 	 4.0942 	 0.2800
[2025/10/19 12:21:37] - ==> Building model..
[2025/10/19 12:22:02] - Test Loss 	 Test Acc 	 PGD Loss 	 PGD Acc
[2025/10/19 12:22:02] - 2.5865 	 	 0.5133 	 2.8770 	 0.2802
[2025/10/19 12:22:51] - 66 	 27.7 	 	 0.2000 	 4.0947 	 0.2796
[2025/10/19 12:22:51] - ==> Building model..
[2025/10/19 12:23:16] - Test Loss 	 Test Acc 	 PGD Loss 	 PGD Acc
[2025/10/19 12:23:16] - 2.5888 	 	 0.5127 	 2.8785 	 0.2789
[2025/10/19 12:24:06] - 67 	 27.8 	 	 0.2000 	 4.0920 	 0.2796
[2025/10/19 12:24:06] - ==> Building model..
[2025/10/19 12:24:31] - Test Loss 	 Test Acc 	 PGD Loss 	 PGD Acc
[2025/10/19 12:24:31] - 2.5890 	 	 0.5118 	 2.8785 	 0.2794
[2025/10/19 12:25:20] - 68 	 27.8 	 	 0.2000 	 4.0931 	 0.2801
[2025/10/19 12:25:20] - ==> Building model..
[2025/10/19 12:25:44] - Test Loss 	 Test Acc 	 PGD Loss 	 PGD Acc
[2025/10/19 12:25:44] - 2.5905 	 	 0.5131 	 2.8802 	 0.2790
[2025/10/19 12:26:34] - 69 	 27.8 	 	 0.2000 	 4.0948 	 0.2767
[2025/10/19 12:26:34] - ==> Building model..
[2025/10/19 12:26:59] - Test Loss 	 Test Acc 	 PGD Loss 	 PGD Acc
[2025/10/19 12:26:59] - 2.5918 	 	 0.5128 	 2.8803 	 0.2799
[2025/10/19 12:27:49] - 70 	 28.5 	 	 0.2000 	 4.0945 	 0.2770
[2025/10/19 12:27:49] - ==> Building model..
[2025/10/19 12:28:13] - Test Loss 	 Test Acc 	 PGD Loss 	 PGD Acc
[2025/10/19 12:28:13] - 2.5935 	 	 0.5125 	 2.8824 	 0.2794
[2025/10/19 12:29:02] - 71 	 27.9 	 	 0.2000 	 4.0925 	 0.2785
[2025/10/19 12:29:02] - ==> Building model..
[2025/10/19 12:29:27] - Test Loss 	 Test Acc 	 PGD Loss 	 PGD Acc
[2025/10/19 12:29:27] - 2.5946 	 	 0.5128 	 2.8837 	 0.2805
[2025/10/19 12:30:15] - 72 	 27.0 	 	 0.2000 	 4.0932 	 0.2788
[2025/10/19 12:30:15] - ==> Building model..
[2025/10/19 12:30:40] - Test Loss 	 Test Acc 	 PGD Loss 	 PGD Acc
[2025/10/19 12:30:40] - 2.5952 	 	 0.5138 	 2.8839 	 0.2796
[2025/10/19 12:31:28] - 73 	 26.9 	 	 0.2000 	 4.0919 	 0.2804
[2025/10/19 12:31:28] - ==> Building model..
[2025/10/19 12:31:53] - Test Loss 	 Test Acc 	 PGD Loss 	 PGD Acc
[2025/10/19 12:31:53] - 2.5958 	 	 0.5145 	 2.8846 	 0.2812
[2025/10/19 12:32:42] - 74 	 27.9 	 	 0.2000 	 4.0933 	 0.2782
[2025/10/19 12:32:42] - ==> Building model..
[2025/10/19 12:33:08] - Test Loss 	 Test Acc 	 PGD Loss 	 PGD Acc
[2025/10/19 12:33:08] - 2.5965 	 	 0.5145 	 2.8848 	 0.2809
[2025/10/19 12:33:58] - 75 	 28.6 	 	 0.2000 	 4.0934 	 0.2789
[2025/10/19 12:33:58] - ==> Building model..
[2025/10/19 12:34:22] - Test Loss 	 Test Acc 	 PGD Loss 	 PGD Acc
[2025/10/19 12:34:22] - 2.5964 	 	 0.5165 	 2.8849 	 0.2810
[2025/10/19 12:35:11] - 76 	 28.2 	 	 0.2000 	 4.0921 	 0.2820
[2025/10/19 12:35:11] - ==> Building model..
[2025/10/19 12:35:36] - Test Loss 	 Test Acc 	 PGD Loss 	 PGD Acc
[2025/10/19 12:35:36] - 2.5981 	 	 0.5153 	 2.8856 	 0.2818
[2025/10/19 12:36:25] - 77 	 27.4 	 	 0.2000 	 4.0924 	 0.2786
[2025/10/19 12:36:25] - ==> Building model..
[2025/10/19 12:36:49] - Test Loss 	 Test Acc 	 PGD Loss 	 PGD Acc
[2025/10/19 12:36:49] - 2.5987 	 	 0.5170 	 2.8864 	 0.2820
[2025/10/19 12:37:41] - 78 	 28.9 	 	 0.2000 	 4.0926 	 0.2783
[2025/10/19 12:37:41] - ==> Building model..
[2025/10/19 12:38:06] - Test Loss 	 Test Acc 	 PGD Loss 	 PGD Acc
[2025/10/19 12:38:06] - 2.6006 	 	 0.5162 	 2.8873 	 0.2818
[2025/10/19 12:38:56] - 79 	 28.5 	 	 0.2000 	 4.0925 	 0.2779
[2025/10/19 12:38:56] - ==> Building model..
[2025/10/19 12:39:20] - Test Loss 	 Test Acc 	 PGD Loss 	 PGD Acc
[2025/10/19 12:39:20] - 2.6016 	 	 0.5159 	 2.8886 	 0.2822
[2025/10/19 12:40:11] - 80 	 28.3 	 	 0.2000 	 4.0920 	 0.2792
[2025/10/19 12:40:11] - ==> Building model..
[2025/10/19 12:40:36] - Test Loss 	 Test Acc 	 PGD Loss 	 PGD Acc
[2025/10/19 12:40:36] - 2.6024 	 	 0.5169 	 2.8891 	 0.2822
[2025/10/19 12:41:28] - 81 	 29.0 	 	 0.2000 	 4.0916 	 0.2797
[2025/10/19 12:41:28] - ==> Building model..
[2025/10/19 12:41:53] - Test Loss 	 Test Acc 	 PGD Loss 	 PGD Acc
[2025/10/19 12:41:53] - 2.6026 	 	 0.5165 	 2.8891 	 0.2837
[2025/10/19 12:42:45] - 82 	 29.1 	 	 0.2000 	 4.0915 	 0.2802
[2025/10/19 12:42:45] - ==> Building model..
[2025/10/19 12:43:10] - Test Loss 	 Test Acc 	 PGD Loss 	 PGD Acc
[2025/10/19 12:43:10] - 2.6028 	 	 0.5168 	 2.8892 	 0.2841
[2025/10/19 12:44:02] - 83 	 29.5 	 	 0.2000 	 4.0942 	 0.2786
[2025/10/19 12:44:02] - ==> Building model..
[2025/10/19 12:44:27] - Test Loss 	 Test Acc 	 PGD Loss 	 PGD Acc
[2025/10/19 12:44:27] - 2.6052 	 	 0.5172 	 2.8909 	 0.2836
[2025/10/19 12:45:19] - 84 	 29.3 	 	 0.2000 	 4.0912 	 0.2805
[2025/10/19 12:45:19] - ==> Building model..
[2025/10/19 12:45:44] - Test Loss 	 Test Acc 	 PGD Loss 	 PGD Acc
[2025/10/19 12:45:44] - 2.6058 	 	 0.5163 	 2.8919 	 0.2831
[2025/10/19 12:46:35] - 85 	 28.4 	 	 0.2000 	 4.0938 	 0.2766
[2025/10/19 12:46:35] - ==> Building model..
[2025/10/19 12:46:59] - Test Loss 	 Test Acc 	 PGD Loss 	 PGD Acc
[2025/10/19 12:46:59] - 2.6074 	 	 0.5175 	 2.8934 	 0.2837
[2025/10/19 12:47:49] - 86 	 27.9 	 	 0.2000 	 4.0928 	 0.2776
[2025/10/19 12:47:49] - ==> Building model..
[2025/10/19 12:48:14] - Test Loss 	 Test Acc 	 PGD Loss 	 PGD Acc
[2025/10/19 12:48:14] - 2.6074 	 	 0.5179 	 2.8936 	 0.2838
[2025/10/19 12:49:04] - 87 	 28.5 	 	 0.2000 	 4.0929 	 0.2781
[2025/10/19 12:49:04] - ==> Building model..
[2025/10/19 12:49:28] - Test Loss 	 Test Acc 	 PGD Loss 	 PGD Acc
[2025/10/19 12:49:28] - 2.6078 	 	 0.5172 	 2.8934 	 0.2828
[2025/10/19 12:50:18] - 88 	 28.0 	 	 0.2000 	 4.0917 	 0.2785
[2025/10/19 12:50:18] - ==> Building model..
[2025/10/19 12:50:42] - Test Loss 	 Test Acc 	 PGD Loss 	 PGD Acc
[2025/10/19 12:50:42] - 2.6081 	 	 0.5156 	 2.8932 	 0.2836
[2025/10/19 12:51:34] - 89 	 29.0 	 	 0.2000 	 4.0912 	 0.2792
[2025/10/19 12:51:34] - ==> Building model..
[2025/10/19 12:51:59] - Test Loss 	 Test Acc 	 PGD Loss 	 PGD Acc
[2025/10/19 12:51:59] - 2.6076 	 	 0.5158 	 2.8929 	 0.2830
[2025/10/19 12:52:51] - 90 	 28.8 	 	 0.2000 	 4.0918 	 0.2818
[2025/10/19 12:52:51] - ==> Building model..
[2025/10/19 12:53:15] - Test Loss 	 Test Acc 	 PGD Loss 	 PGD Acc
[2025/10/19 12:53:15] - 2.6076 	 	 0.5148 	 2.8923 	 0.2830
[2025/10/19 12:54:06] - 91 	 29.1 	 	 0.2000 	 4.0891 	 0.2817
[2025/10/19 12:54:06] - ==> Building model..
[2025/10/19 12:54:30] - Test Loss 	 Test Acc 	 PGD Loss 	 PGD Acc
[2025/10/19 12:54:30] - 2.6070 	 	 0.5162 	 2.8914 	 0.2844
[2025/10/19 12:55:22] - 92 	 29.2 	 	 0.2000 	 4.0908 	 0.2806
[2025/10/19 12:55:22] - ==> Building model..
[2025/10/19 12:55:46] - Test Loss 	 Test Acc 	 PGD Loss 	 PGD Acc
[2025/10/19 12:55:46] - 2.6057 	 	 0.5153 	 2.8904 	 0.2841
[2025/10/19 12:56:37] - 93 	 28.2 	 	 0.2000 	 4.0914 	 0.2792
[2025/10/19 12:56:37] - ==> Building model..
[2025/10/19 12:57:01] - Test Loss 	 Test Acc 	 PGD Loss 	 PGD Acc
[2025/10/19 12:57:01] - 2.6052 	 	 0.5152 	 2.8902 	 0.2854
[2025/10/19 12:57:53] - 94 	 28.6 	 	 0.0200 	 3.9998 	 0.3395
[2025/10/19 12:57:53] - ==> Building model..
[2025/10/19 12:58:16] - Test Loss 	 Test Acc 	 PGD Loss 	 PGD Acc
[2025/10/19 12:58:16] - 2.6023 	 	 0.5157 	 2.8879 	 0.2855
[2025/10/19 12:59:08] - 95 	 28.3 	 	 0.0200 	 3.9066 	 0.4002
[2025/10/19 12:59:08] - ==> Building model..
[2025/10/19 12:59:32] - Test Loss 	 Test Acc 	 PGD Loss 	 PGD Acc
[2025/10/19 12:59:32] - 2.6010 	 	 0.5157 	 2.8872 	 0.2853
[2025/10/19 13:00:24] - 96 	 28.9 	 	 0.0200 	 3.8806 	 0.4197
[2025/10/19 13:00:24] - ==> Building model..
[2025/10/19 13:00:48] - Test Loss 	 Test Acc 	 PGD Loss 	 PGD Acc
[2025/10/19 13:00:48] - 2.6008 	 	 0.5157 	 2.8870 	 0.2856
[2025/10/19 13:01:40] - 97 	 28.4 	 	 0.0200 	 3.8643 	 0.4332
[2025/10/19 13:01:40] - ==> Building model..
[2025/10/19 13:02:04] - Test Loss 	 Test Acc 	 PGD Loss 	 PGD Acc
[2025/10/19 13:02:04] - 2.6010 	 	 0.5158 	 2.8874 	 0.2854
[2025/10/19 13:02:57] - 98 	 29.0 	 	 0.0200 	 3.8484 	 0.4408
[2025/10/19 13:02:57] - ==> Building model..
[2025/10/19 13:03:21] - Test Loss 	 Test Acc 	 PGD Loss 	 PGD Acc
[2025/10/19 13:03:21] - 2.6025 	 	 0.5159 	 2.8884 	 0.2851
[2025/10/19 13:04:12] - 99 	 28.2 	 	 0.0020 	 3.8170 	 0.4644
[2025/10/19 13:04:12] - ==> Building model..
[2025/10/19 13:04:36] - Test Loss 	 Test Acc 	 PGD Loss 	 PGD Acc
[2025/10/19 13:04:36] - 2.6038 	 	 0.5160 	 2.8897 	 0.2853
[2025/10/19 13:05:27] - 100 	 27.8 	 	 0.0020 	 3.7880 	 0.4872
[2025/10/19 13:05:27] - ==> Building model..
[2025/10/19 13:05:51] - Test Loss 	 Test Acc 	 PGD Loss 	 PGD Acc
[2025/10/19 13:05:51] - 2.6043 	 	 0.5159 	 2.8897 	 0.2853
[2025/10/19 13:06:42] - 101 	 28.4 	 	 0.0020 	 3.7813 	 0.4940
[2025/10/19 13:06:42] - ==> Building model..
[2025/10/19 13:07:07] - Test Loss 	 Test Acc 	 PGD Loss 	 PGD Acc
[2025/10/19 13:07:07] - 2.6047 	 	 0.5161 	 2.8905 	 0.2853
[2025/10/19 13:07:59] - 102 	 28.8 	 	 0.0020 	 3.7768 	 0.4968
[2025/10/19 13:07:59] - ==> Building model..
[2025/10/19 13:08:23] - Test Loss 	 Test Acc 	 PGD Loss 	 PGD Acc
[2025/10/19 13:08:23] - 2.6047 	 	 0.5161 	 2.8904 	 0.2856
[2025/10/19 13:09:16] - 103 	 28.5 	 	 0.0020 	 3.7717 	 0.5006
[2025/10/19 13:09:16] - ==> Building model..
[2025/10/19 13:09:40] - Test Loss 	 Test Acc 	 PGD Loss 	 PGD Acc
[2025/10/19 13:09:40] - 2.6047 	 	 0.5161 	 2.8903 	 0.2853
[2025/10/19 13:10:32] - 104 	 28.5 	 	 0.0020 	 3.7680 	 0.5055
[2025/10/19 13:10:32] - ==> Building model..
[2025/10/19 13:10:57] - Test Loss 	 Test Acc 	 PGD Loss 	 PGD Acc
[2025/10/19 13:10:57] - 2.6053 	 	 0.5161 	 2.8912 	 0.2859
[2025/10/19 13:11:48] - 105 	 28.3 	 	 0.0020 	 3.7641 	 0.5083
[2025/10/19 13:11:48] - ==> Building model..
[2025/10/19 13:12:12] - Test Loss 	 Test Acc 	 PGD Loss 	 PGD Acc
[2025/10/19 13:12:12] - 2.6059 	 	 0.5160 	 2.8914 	 0.2861
[2025/10/19 13:13:03] - 106 	 28.4 	 	 0.0020 	 3.7600 	 0.5116
[2025/10/19 13:13:03] - ==> Building model..
[2025/10/19 13:13:27] - Test Loss 	 Test Acc 	 PGD Loss 	 PGD Acc
[2025/10/19 13:13:27] - 2.6065 	 	 0.5161 	 2.8921 	 0.2856
[2025/10/19 13:14:18] - 107 	 28.2 	 	 0.0020 	 3.7566 	 0.5144
[2025/10/19 13:14:18] - ==> Building model..
[2025/10/19 13:14:43] - Test Loss 	 Test Acc 	 PGD Loss 	 PGD Acc
[2025/10/19 13:14:43] - 2.6071 	 	 0.5161 	 2.8927 	 0.2854
[2025/10/19 13:15:34] - 108 	 28.2 	 	 0.0020 	 3.7512 	 0.5178
[2025/10/19 13:15:34] - ==> Building model..
[2025/10/19 13:15:58] - Test Loss 	 Test Acc 	 PGD Loss 	 PGD Acc
[2025/10/19 13:15:58] - 2.6077 	 	 0.5163 	 2.8928 	 0.2855
[2025/10/19 13:16:48] - 109 	 27.3 	 	 0.0020 	 3.7484 	 0.5208
[2025/10/19 13:16:48] - ==> Building model..
[2025/10/19 13:17:12] - Test Loss 	 Test Acc 	 PGD Loss 	 PGD Acc
[2025/10/19 13:17:12] - 2.6077 	 	 0.5163 	 2.8934 	 0.2858
[2025/10/19 13:17:12] - [0.0852, 0.1268, 0.183, 0.23, 0.2749, 0.321, 0.3526, 0.3831, 0.4001, 0.4181, 0.4291, 0.4399, 0.4482, 0.4524, 0.4594, 0.4655, 0.4707, 0.4732, 0.4772, 0.48, 0.4795, 0.4812, 0.4835, 0.4843, 0.487, 0.4894, 0.4911, 0.4926, 0.4934, 0.4963, 0.4989, 0.4996, 0.5025, 0.5027, 0.505, 0.5052, 0.5046, 0.5054, 0.507, 0.5066, 0.5068, 0.5079, 0.5083, 0.5105, 0.5111, 0.5114, 0.5124, 0.5141, 0.5119, 0.5112, 0.5121, 0.5121, 0.513, 0.5153, 0.5145, 0.5129, 0.5142, 0.5155, 0.5137, 0.5131, 0.5136, 0.5131, 0.5132, 0.5127, 0.5131, 0.5133, 0.5127, 0.5118, 0.5131, 0.5128, 0.5125, 0.5128, 0.5138, 0.5145, 0.5145, 0.5165, 0.5153, 0.517, 0.5162, 0.5159, 0.5169, 0.5165, 0.5168, 0.5172, 0.5163, 0.5175, 0.5179, 0.5172, 0.5156, 0.5158, 0.5148, 0.5162, 0.5153, 0.5152, 0.5157, 0.5157, 0.5157, 0.5158, 0.5159, 0.516, 0.5159, 0.5161, 0.5161, 0.5161, 0.5161, 0.516, 0.5161, 0.5161, 0.5163, 0.5163]
[2025/10/19 13:17:12] - [0.0578, 0.0824, 0.1123, 0.1373, 0.1599, 0.1845, 0.1976, 0.2068, 0.2179, 0.223, 0.2294, 0.2333, 0.2403, 0.2437, 0.2458, 0.2479, 0.2497, 0.2534, 0.2555, 0.2575, 0.2582, 0.2604, 0.2602, 0.2621, 0.2631, 0.264, 0.2661, 0.2668, 0.2688, 0.2689, 0.268, 0.2703, 0.2713, 0.2727, 0.2722, 0.2733, 0.2738, 0.2737, 0.2736, 0.2748, 0.2753, 0.274, 0.2744, 0.2749, 0.2752, 0.2761, 0.2754, 0.2759, 0.2771, 0.2773, 0.2776, 0.2785, 0.279, 0.2796, 0.2796, 0.2797, 0.2789, 0.2809, 0.2796, 0.281, 0.28, 0.2808, 0.2807, 0.2802, 0.2799, 0.2802, 0.2789, 0.2794, 0.279, 0.2799, 0.2794, 0.2805, 0.2796, 0.2812, 0.2809, 0.281, 0.2818, 0.282, 0.2818, 0.2822, 0.2822, 0.2837, 0.2841, 0.2836, 0.2831, 0.2837, 0.2838, 0.2828, 0.2836, 0.283, 0.283, 0.2844, 0.2841, 0.2854, 0.2855, 0.2853, 0.2856, 0.2854, 0.2851, 0.2853, 0.2853, 0.2853, 0.2856, 0.2853, 0.2859, 0.2861, 0.2856, 0.2854, 0.2855, 0.2858]
