[2025/10/15 00:15:25] - Namespace(batch_size=128, data_dir='cifar-data', epochs=100, lr_schedule='multistep', lr_min=0.0, lr_max=0.2, weight_decay=0.0005, momentum=0.9, model='ResNet18', epsilon=8, alpha=8, delta_init='random', normal_mean=0, normal_std=1, out_dir='./output/CIFAR100/lamda_37_lamscale_0.10_run1', seed=0, lamda=37.0, lam_scale=0.1, lam_start=50, gamma=0.05, inner_gamma=0.05, beta=0.2, mu=3.5, batch_m=0.75, early_stop=False, factor=0.5, length=4, n_holes=1, c_num=0.125, EMA_value=0.55)
[2025/10/15 00:15:27] - ==> Building model..
[2025/10/15 00:15:27] - Epoch 	 Seconds 	 LR 	 	 Train Loss 	 Train Acc
[2025/10/15 00:16:12] - 0 	 24.2 	 	 0.2000 	 4.5721 	 0.0383
[2025/10/15 00:16:12] - ==> Building model..
[2025/10/15 00:16:35] - Test Loss 	 Test Acc 	 PGD Loss 	 PGD Acc
[2025/10/15 00:16:35] - 4.2269 	 	 0.0848 	 4.2401 	 0.0573
[2025/10/15 00:17:18] - 1 	 23.4 	 	 0.2000 	 4.4605 	 0.0774
[2025/10/15 00:17:18] - ==> Building model..
[2025/10/15 00:17:40] - Test Loss 	 Test Acc 	 PGD Loss 	 PGD Acc
[2025/10/15 00:17:40] - 4.0875 	 	 0.1317 	 4.1120 	 0.0843
[2025/10/15 00:18:23] - 2 	 23.2 	 	 0.2000 	 4.4075 	 0.1037
[2025/10/15 00:18:23] - ==> Building model..
[2025/10/15 00:18:46] - Test Loss 	 Test Acc 	 PGD Loss 	 PGD Acc
[2025/10/15 00:18:46] - 3.9580 	 	 0.1789 	 3.9989 	 0.1114
[2025/10/15 00:19:31] - 3 	 24.6 	 	 0.2000 	 4.3602 	 0.1262
[2025/10/15 00:19:31] - ==> Building model..
[2025/10/15 00:19:53] - Test Loss 	 Test Acc 	 PGD Loss 	 PGD Acc
[2025/10/15 00:19:53] - 3.7640 	 	 0.2309 	 3.8306 	 0.1370
[2025/10/15 00:20:37] - 4 	 24.0 	 	 0.2000 	 4.3147 	 0.1498
[2025/10/15 00:20:37] - ==> Building model..
[2025/10/15 00:20:59] - Test Loss 	 Test Acc 	 PGD Loss 	 PGD Acc
[2025/10/15 00:20:59] - 3.6093 	 	 0.2701 	 3.7006 	 0.1597
[2025/10/15 00:21:44] - 5 	 25.5 	 	 0.2000 	 4.2761 	 0.1693
[2025/10/15 00:21:44] - ==> Building model..
[2025/10/15 00:22:07] - Test Loss 	 Test Acc 	 PGD Loss 	 PGD Acc
[2025/10/15 00:22:07] - 3.3898 	 	 0.3123 	 3.5122 	 0.1771
[2025/10/15 00:22:51] - 6 	 24.6 	 	 0.2000 	 4.2439 	 0.1877
[2025/10/15 00:22:51] - ==> Building model..
[2025/10/15 00:23:14] - Test Loss 	 Test Acc 	 PGD Loss 	 PGD Acc
[2025/10/15 00:23:14] - 3.1992 	 	 0.3453 	 3.3519 	 0.1940
[2025/10/15 00:24:00] - 7 	 25.4 	 	 0.2000 	 4.2234 	 0.1990
[2025/10/15 00:24:00] - ==> Building model..
[2025/10/15 00:24:23] - Test Loss 	 Test Acc 	 PGD Loss 	 PGD Acc
[2025/10/15 00:24:23] - 3.0781 	 	 0.3757 	 3.2542 	 0.2058
[2025/10/15 00:25:08] - 8 	 26.0 	 	 0.2000 	 4.2037 	 0.2081
[2025/10/15 00:25:08] - ==> Building model..
[2025/10/15 00:25:30] - Test Loss 	 Test Acc 	 PGD Loss 	 PGD Acc
[2025/10/15 00:25:30] - 2.9727 	 	 0.4012 	 3.1720 	 0.2190
[2025/10/15 00:26:16] - 9 	 24.9 	 	 0.2000 	 4.1878 	 0.2185
[2025/10/15 00:26:16] - ==> Building model..
[2025/10/15 00:26:39] - Test Loss 	 Test Acc 	 PGD Loss 	 PGD Acc
[2025/10/15 00:26:39] - 2.9144 	 	 0.4137 	 3.1256 	 0.2244
[2025/10/15 00:27:26] - 10 	 25.9 	 	 0.2000 	 4.1760 	 0.2267
[2025/10/15 00:27:26] - ==> Building model..
[2025/10/15 00:27:49] - Test Loss 	 Test Acc 	 PGD Loss 	 PGD Acc
[2025/10/15 00:27:49] - 2.8647 	 	 0.4268 	 3.0873 	 0.2311
[2025/10/15 00:28:33] - 11 	 24.5 	 	 0.2000 	 4.1671 	 0.2296
[2025/10/15 00:28:33] - ==> Building model..
[2025/10/15 00:28:55] - Test Loss 	 Test Acc 	 PGD Loss 	 PGD Acc
[2025/10/15 00:28:55] - 2.8181 	 	 0.4331 	 3.0506 	 0.2355
[2025/10/15 00:29:40] - 12 	 24.8 	 	 0.2000 	 4.1572 	 0.2359
[2025/10/15 00:29:40] - ==> Building model..
[2025/10/15 00:30:02] - Test Loss 	 Test Acc 	 PGD Loss 	 PGD Acc
[2025/10/15 00:30:02] - 2.7833 	 	 0.4458 	 3.0256 	 0.2388
[2025/10/15 00:30:48] - 13 	 25.4 	 	 0.2000 	 4.1534 	 0.2358
[2025/10/15 00:30:48] - ==> Building model..
[2025/10/15 00:31:11] - Test Loss 	 Test Acc 	 PGD Loss 	 PGD Acc
[2025/10/15 00:31:11] - 2.7556 	 	 0.4513 	 3.0051 	 0.2458
[2025/10/15 00:31:57] - 14 	 25.7 	 	 0.2000 	 4.1474 	 0.2410
[2025/10/15 00:31:57] - ==> Building model..
[2025/10/15 00:32:20] - Test Loss 	 Test Acc 	 PGD Loss 	 PGD Acc
[2025/10/15 00:32:20] - 2.7315 	 	 0.4587 	 2.9871 	 0.2490
[2025/10/15 00:33:06] - 15 	 26.0 	 	 0.2000 	 4.1401 	 0.2458
[2025/10/15 00:33:06] - ==> Building model..
[2025/10/15 00:33:28] - Test Loss 	 Test Acc 	 PGD Loss 	 PGD Acc
[2025/10/15 00:33:28] - 2.7058 	 	 0.4647 	 2.9673 	 0.2530
[2025/10/15 00:34:14] - 16 	 25.4 	 	 0.2000 	 4.1354 	 0.2481
[2025/10/15 00:34:14] - ==> Building model..
[2025/10/15 00:34:38] - Test Loss 	 Test Acc 	 PGD Loss 	 PGD Acc
[2025/10/15 00:34:38] - 2.6918 	 	 0.4703 	 2.9559 	 0.2520
[2025/10/15 00:35:25] - 17 	 25.9 	 	 0.2000 	 4.1333 	 0.2485
[2025/10/15 00:35:25] - ==> Building model..
[2025/10/15 00:35:48] - Test Loss 	 Test Acc 	 PGD Loss 	 PGD Acc
[2025/10/15 00:35:48] - 2.6753 	 	 0.4734 	 2.9442 	 0.2543
[2025/10/15 00:36:34] - 18 	 26.1 	 	 0.2000 	 4.1269 	 0.2521
[2025/10/15 00:36:34] - ==> Building model..
[2025/10/15 00:36:58] - Test Loss 	 Test Acc 	 PGD Loss 	 PGD Acc
[2025/10/15 00:36:58] - 2.6584 	 	 0.4783 	 2.9316 	 0.2583
[2025/10/15 00:37:44] - 19 	 26.3 	 	 0.2000 	 4.1250 	 0.2556
[2025/10/15 00:37:44] - ==> Building model..
[2025/10/15 00:38:06] - Test Loss 	 Test Acc 	 PGD Loss 	 PGD Acc
[2025/10/15 00:38:06] - 2.6560 	 	 0.4769 	 2.9307 	 0.2580
[2025/10/15 00:38:52] - 20 	 25.8 	 	 0.2000 	 4.1227 	 0.2561
[2025/10/15 00:38:52] - ==> Building model..
[2025/10/15 00:39:15] - Test Loss 	 Test Acc 	 PGD Loss 	 PGD Acc
[2025/10/15 00:39:15] - 2.6479 	 	 0.4793 	 2.9259 	 0.2597
[2025/10/15 00:39:59] - 21 	 25.1 	 	 0.2000 	 4.1178 	 0.2567
[2025/10/15 00:40:00] - ==> Building model..
[2025/10/15 00:40:22] - Test Loss 	 Test Acc 	 PGD Loss 	 PGD Acc
[2025/10/15 00:40:22] - 2.6303 	 	 0.4862 	 2.9134 	 0.2621
[2025/10/15 00:41:08] - 22 	 26.4 	 	 0.2000 	 4.1184 	 0.2580
[2025/10/15 00:41:08] - ==> Building model..
[2025/10/15 00:41:31] - Test Loss 	 Test Acc 	 PGD Loss 	 PGD Acc
[2025/10/15 00:41:31] - 2.6213 	 	 0.4872 	 2.9068 	 0.2621
[2025/10/15 00:42:16] - 23 	 25.9 	 	 0.2000 	 4.1171 	 0.2587
[2025/10/15 00:42:16] - ==> Building model..
[2025/10/15 00:42:39] - Test Loss 	 Test Acc 	 PGD Loss 	 PGD Acc
[2025/10/15 00:42:39] - 2.6210 	 	 0.4870 	 2.9074 	 0.2616
[2025/10/15 00:43:24] - 24 	 25.1 	 	 0.2000 	 4.1118 	 0.2610
[2025/10/15 00:43:24] - ==> Building model..
[2025/10/15 00:43:46] - Test Loss 	 Test Acc 	 PGD Loss 	 PGD Acc
[2025/10/15 00:43:46] - 2.6146 	 	 0.4908 	 2.9022 	 0.2641
[2025/10/15 00:44:32] - 25 	 26.8 	 	 0.2000 	 4.1107 	 0.2639
[2025/10/15 00:44:32] - ==> Building model..
[2025/10/15 00:44:56] - Test Loss 	 Test Acc 	 PGD Loss 	 PGD Acc
[2025/10/15 00:44:56] - 2.6064 	 	 0.4913 	 2.8953 	 0.2651
[2025/10/15 00:45:42] - 26 	 26.2 	 	 0.2000 	 4.1069 	 0.2636
[2025/10/15 00:45:42] - ==> Building model..
[2025/10/15 00:46:05] - Test Loss 	 Test Acc 	 PGD Loss 	 PGD Acc
[2025/10/15 00:46:05] - 2.5927 	 	 0.4953 	 2.8843 	 0.2658
[2025/10/15 00:46:53] - 27 	 26.9 	 	 0.2000 	 4.1068 	 0.2663
[2025/10/15 00:46:53] - ==> Building model..
[2025/10/15 00:47:15] - Test Loss 	 Test Acc 	 PGD Loss 	 PGD Acc
[2025/10/15 00:47:15] - 2.5892 	 	 0.4966 	 2.8821 	 0.2679
[2025/10/15 00:48:02] - 28 	 26.7 	 	 0.2000 	 4.1052 	 0.2653
[2025/10/15 00:48:02] - ==> Building model..
[2025/10/15 00:48:26] - Test Loss 	 Test Acc 	 PGD Loss 	 PGD Acc
[2025/10/15 00:48:26] - 2.5893 	 	 0.4970 	 2.8820 	 0.2666
[2025/10/15 00:49:12] - 29 	 26.2 	 	 0.2000 	 4.1044 	 0.2676
[2025/10/15 00:49:12] - ==> Building model..
[2025/10/15 00:49:35] - Test Loss 	 Test Acc 	 PGD Loss 	 PGD Acc
[2025/10/15 00:49:35] - 2.5857 	 	 0.4980 	 2.8796 	 0.2672
[2025/10/15 00:50:21] - 30 	 26.3 	 	 0.2000 	 4.1044 	 0.2656
[2025/10/15 00:50:21] - ==> Building model..
[2025/10/15 00:50:45] - Test Loss 	 Test Acc 	 PGD Loss 	 PGD Acc
[2025/10/15 00:50:45] - 2.5820 	 	 0.4998 	 2.8773 	 0.2686
[2025/10/15 00:51:37] - 31 	 28.1 	 	 0.2000 	 4.1024 	 0.2681
[2025/10/15 00:51:37] - ==> Building model..
[2025/10/15 00:52:01] - Test Loss 	 Test Acc 	 PGD Loss 	 PGD Acc
[2025/10/15 00:52:01] - 2.5777 	 	 0.4992 	 2.8739 	 0.2706
[2025/10/15 00:52:51] - 32 	 27.4 	 	 0.2000 	 4.0999 	 0.2672
[2025/10/15 00:52:51] - ==> Building model..
[2025/10/15 00:53:13] - Test Loss 	 Test Acc 	 PGD Loss 	 PGD Acc
[2025/10/15 00:53:13] - 2.5721 	 	 0.5032 	 2.8698 	 0.2715
[2025/10/15 00:54:01] - 33 	 27.0 	 	 0.2000 	 4.0994 	 0.2712
[2025/10/15 00:54:01] - ==> Building model..
[2025/10/15 00:54:25] - Test Loss 	 Test Acc 	 PGD Loss 	 PGD Acc
[2025/10/15 00:54:25] - 2.5671 	 	 0.5034 	 2.8661 	 0.2730
[2025/10/15 00:55:14] - 34 	 27.5 	 	 0.2000 	 4.1002 	 0.2684
[2025/10/15 00:55:14] - ==> Building model..
[2025/10/15 00:55:37] - Test Loss 	 Test Acc 	 PGD Loss 	 PGD Acc
[2025/10/15 00:55:37] - 2.5639 	 	 0.5025 	 2.8623 	 0.2725
[2025/10/15 00:56:23] - 35 	 25.5 	 	 0.2000 	 4.0963 	 0.2731
[2025/10/15 00:56:23] - ==> Building model..
[2025/10/15 00:56:47] - Test Loss 	 Test Acc 	 PGD Loss 	 PGD Acc
[2025/10/15 00:56:47] - 2.5599 	 	 0.5031 	 2.8591 	 0.2727
[2025/10/15 00:57:35] - 36 	 26.2 	 	 0.2000 	 4.0970 	 0.2712
[2025/10/15 00:57:35] - ==> Building model..
[2025/10/15 00:57:58] - Test Loss 	 Test Acc 	 PGD Loss 	 PGD Acc
[2025/10/15 00:57:58] - 2.5581 	 	 0.5045 	 2.8581 	 0.2738
[2025/10/15 00:58:42] - 37 	 24.5 	 	 0.2000 	 4.0964 	 0.2693
[2025/10/15 00:58:42] - ==> Building model..
[2025/10/15 00:59:06] - Test Loss 	 Test Acc 	 PGD Loss 	 PGD Acc
[2025/10/15 00:59:06] - 2.5567 	 	 0.5053 	 2.8576 	 0.2760
[2025/10/15 00:59:51] - 38 	 24.3 	 	 0.2000 	 4.0939 	 0.2714
[2025/10/15 00:59:51] - ==> Building model..
[2025/10/15 01:00:13] - Test Loss 	 Test Acc 	 PGD Loss 	 PGD Acc
[2025/10/15 01:00:13] - 2.5538 	 	 0.5060 	 2.8559 	 0.2749
[2025/10/15 01:00:58] - 39 	 25.1 	 	 0.2000 	 4.0954 	 0.2696
[2025/10/15 01:00:58] - ==> Building model..
[2025/10/15 01:01:22] - Test Loss 	 Test Acc 	 PGD Loss 	 PGD Acc
[2025/10/15 01:01:22] - 2.5514 	 	 0.5051 	 2.8538 	 0.2761
[2025/10/15 01:02:08] - 40 	 25.6 	 	 0.2000 	 4.0935 	 0.2720
[2025/10/15 01:02:08] - ==> Building model..
[2025/10/15 01:02:32] - Test Loss 	 Test Acc 	 PGD Loss 	 PGD Acc
[2025/10/15 01:02:32] - 2.5502 	 	 0.5072 	 2.8536 	 0.2772
[2025/10/15 01:03:20] - 41 	 26.5 	 	 0.2000 	 4.0946 	 0.2729
[2025/10/15 01:03:20] - ==> Building model..
[2025/10/15 01:03:44] - Test Loss 	 Test Acc 	 PGD Loss 	 PGD Acc
[2025/10/15 01:03:44] - 2.5477 	 	 0.5099 	 2.8517 	 0.2779
[2025/10/15 01:04:32] - 42 	 25.9 	 	 0.2000 	 4.0939 	 0.2722
[2025/10/15 01:04:32] - ==> Building model..
[2025/10/15 01:04:54] - Test Loss 	 Test Acc 	 PGD Loss 	 PGD Acc
[2025/10/15 01:04:54] - 2.5459 	 	 0.5100 	 2.8503 	 0.2782
[2025/10/15 01:05:42] - 43 	 26.5 	 	 0.2000 	 4.0924 	 0.2735
[2025/10/15 01:05:42] - ==> Building model..
[2025/10/15 01:06:04] - Test Loss 	 Test Acc 	 PGD Loss 	 PGD Acc
[2025/10/15 01:06:04] - 2.5446 	 	 0.5133 	 2.8490 	 0.2768
[2025/10/15 01:06:50] - 44 	 25.2 	 	 0.2000 	 4.0931 	 0.2737
[2025/10/15 01:06:50] - ==> Building model..
[2025/10/15 01:07:13] - Test Loss 	 Test Acc 	 PGD Loss 	 PGD Acc
[2025/10/15 01:07:13] - 2.5426 	 	 0.5131 	 2.8493 	 0.2779
[2025/10/15 01:07:58] - 45 	 25.3 	 	 0.2000 	 4.0907 	 0.2762
[2025/10/15 01:07:58] - ==> Building model..
[2025/10/15 01:08:20] - Test Loss 	 Test Acc 	 PGD Loss 	 PGD Acc
[2025/10/15 01:08:20] - 2.5468 	 	 0.5133 	 2.8532 	 0.2780
[2025/10/15 01:09:03] - 46 	 23.8 	 	 0.2000 	 4.0894 	 0.2752
[2025/10/15 01:09:03] - ==> Building model..
[2025/10/15 01:09:27] - Test Loss 	 Test Acc 	 PGD Loss 	 PGD Acc
[2025/10/15 01:09:27] - 2.5469 	 	 0.5127 	 2.8538 	 0.2776
[2025/10/15 01:10:11] - 47 	 25.1 	 	 0.2000 	 4.0908 	 0.2745
[2025/10/15 01:10:11] - ==> Building model..
[2025/10/15 01:10:34] - Test Loss 	 Test Acc 	 PGD Loss 	 PGD Acc
[2025/10/15 01:10:34] - 2.5445 	 	 0.5131 	 2.8518 	 0.2776
[2025/10/15 01:11:22] - 48 	 26.8 	 	 0.2000 	 4.0877 	 0.2773
[2025/10/15 01:11:22] - ==> Building model..
[2025/10/15 01:11:46] - Test Loss 	 Test Acc 	 PGD Loss 	 PGD Acc
[2025/10/15 01:11:46] - 2.5425 	 	 0.5136 	 2.8499 	 0.2783
[2025/10/15 01:12:29] - 49 	 23.9 	 	 0.2000 	 4.0880 	 0.2778
[2025/10/15 01:12:29] - ==> Building model..
[2025/10/15 01:12:53] - Test Loss 	 Test Acc 	 PGD Loss 	 PGD Acc
[2025/10/15 01:12:53] - 2.5416 	 	 0.5143 	 2.8487 	 0.2782
[2025/10/15 01:13:40] - 50 	 25.9 	 	 0.2000 	 4.0873 	 0.2757
[2025/10/15 01:13:40] - ==> Building model..
[2025/10/15 01:14:03] - Test Loss 	 Test Acc 	 PGD Loss 	 PGD Acc
[2025/10/15 01:14:03] - 2.5381 	 	 0.5157 	 2.8457 	 0.2799
[2025/10/15 01:14:50] - 51 	 27.7 	 	 0.2000 	 4.0899 	 0.2750
[2025/10/15 01:14:50] - ==> Building model..
[2025/10/15 01:15:15] - Test Loss 	 Test Acc 	 PGD Loss 	 PGD Acc
[2025/10/15 01:15:15] - 2.5379 	 	 0.5142 	 2.8449 	 0.2784
[2025/10/15 01:16:00] - 52 	 26.7 	 	 0.2000 	 4.0880 	 0.2761
[2025/10/15 01:16:00] - ==> Building model..
[2025/10/15 01:16:24] - Test Loss 	 Test Acc 	 PGD Loss 	 PGD Acc
[2025/10/15 01:16:24] - 2.5356 	 	 0.5150 	 2.8428 	 0.2786
[2025/10/15 01:17:11] - 53 	 27.3 	 	 0.2000 	 4.0868 	 0.2775
[2025/10/15 01:17:11] - ==> Building model..
[2025/10/15 01:17:33] - Test Loss 	 Test Acc 	 PGD Loss 	 PGD Acc
[2025/10/15 01:17:33] - 2.5330 	 	 0.5145 	 2.8401 	 0.2785
[2025/10/15 01:18:20] - 54 	 27.4 	 	 0.2000 	 4.0897 	 0.2760
[2025/10/15 01:18:20] - ==> Building model..
[2025/10/15 01:18:44] - Test Loss 	 Test Acc 	 PGD Loss 	 PGD Acc
[2025/10/15 01:18:44] - 2.5324 	 	 0.5171 	 2.8399 	 0.2786
[2025/10/15 01:19:29] - 55 	 25.6 	 	 0.2000 	 4.0894 	 0.2764
[2025/10/15 01:19:29] - ==> Building model..
[2025/10/15 01:19:50] - Test Loss 	 Test Acc 	 PGD Loss 	 PGD Acc
[2025/10/15 01:19:50] - 2.5309 	 	 0.5176 	 2.8396 	 0.2792
[2025/10/15 01:20:34] - 56 	 23.9 	 	 0.2000 	 4.0899 	 0.2754
[2025/10/15 01:20:34] - ==> Building model..
[2025/10/15 01:20:57] - Test Loss 	 Test Acc 	 PGD Loss 	 PGD Acc
[2025/10/15 01:20:57] - 2.5322 	 	 0.5185 	 2.8407 	 0.2792
[2025/10/15 01:21:43] - 57 	 26.0 	 	 0.2000 	 4.0909 	 0.2785
[2025/10/15 01:21:43] - ==> Building model..
[2025/10/15 01:22:06] - Test Loss 	 Test Acc 	 PGD Loss 	 PGD Acc
[2025/10/15 01:22:06] - 2.5332 	 	 0.5190 	 2.8410 	 0.2785
[2025/10/15 01:22:49] - 58 	 24.0 	 	 0.2000 	 4.0906 	 0.2790
[2025/10/15 01:22:49] - ==> Building model..
[2025/10/15 01:23:10] - Test Loss 	 Test Acc 	 PGD Loss 	 PGD Acc
[2025/10/15 01:23:10] - 2.5371 	 	 0.5184 	 2.8431 	 0.2788
[2025/10/15 01:23:53] - 59 	 23.7 	 	 0.2000 	 4.0927 	 0.2774
[2025/10/15 01:23:53] - ==> Building model..
[2025/10/15 01:24:16] - Test Loss 	 Test Acc 	 PGD Loss 	 PGD Acc
[2025/10/15 01:24:16] - 2.5411 	 	 0.5190 	 2.8459 	 0.2801
[2025/10/15 01:25:00] - 60 	 23.7 	 	 0.2000 	 4.0902 	 0.2800
[2025/10/15 01:25:00] - ==> Building model..
[2025/10/15 01:25:22] - Test Loss 	 Test Acc 	 PGD Loss 	 PGD Acc
[2025/10/15 01:25:22] - 2.5439 	 	 0.5186 	 2.8479 	 0.2793
[2025/10/15 01:26:05] - 61 	 24.3 	 	 0.2000 	 4.0917 	 0.2770
[2025/10/15 01:26:05] - ==> Building model..
[2025/10/15 01:26:27] - Test Loss 	 Test Acc 	 PGD Loss 	 PGD Acc
[2025/10/15 01:26:27] - 2.5493 	 	 0.5177 	 2.8515 	 0.2811
[2025/10/15 01:27:11] - 62 	 24.1 	 	 0.2000 	 4.0923 	 0.2782
[2025/10/15 01:27:11] - ==> Building model..
[2025/10/15 01:27:33] - Test Loss 	 Test Acc 	 PGD Loss 	 PGD Acc
[2025/10/15 01:27:33] - 2.5525 	 	 0.5181 	 2.8529 	 0.2814
[2025/10/15 01:28:15] - 63 	 23.2 	 	 0.2000 	 4.0936 	 0.2762
[2025/10/15 01:28:15] - ==> Building model..
[2025/10/15 01:28:37] - Test Loss 	 Test Acc 	 PGD Loss 	 PGD Acc
[2025/10/15 01:28:37] - 2.5535 	 	 0.5181 	 2.8532 	 0.2806
[2025/10/15 01:29:19] - 64 	 23.6 	 	 0.2000 	 4.0908 	 0.2786
[2025/10/15 01:29:19] - ==> Building model..
[2025/10/15 01:29:42] - Test Loss 	 Test Acc 	 PGD Loss 	 PGD Acc
[2025/10/15 01:29:42] - 2.5559 	 	 0.5173 	 2.8552 	 0.2825
[2025/10/15 01:30:25] - 65 	 23.8 	 	 0.2000 	 4.0909 	 0.2791
[2025/10/15 01:30:25] - ==> Building model..
[2025/10/15 01:30:49] - Test Loss 	 Test Acc 	 PGD Loss 	 PGD Acc
[2025/10/15 01:30:49] - 2.5590 	 	 0.5175 	 2.8574 	 0.2827
[2025/10/15 01:31:28] - 66 	 20.0 	 	 0.2000 	 4.0919 	 0.2756
[2025/10/15 01:31:28] - ==> Building model..
[2025/10/15 01:31:46] - Test Loss 	 Test Acc 	 PGD Loss 	 PGD Acc
[2025/10/15 01:31:46] - 2.5618 	 	 0.5174 	 2.8600 	 0.2818
[2025/10/15 01:32:24] - 67 	 19.0 	 	 0.2000 	 4.0914 	 0.2775
[2025/10/15 01:32:24] - ==> Building model..
[2025/10/15 01:32:43] - Test Loss 	 Test Acc 	 PGD Loss 	 PGD Acc
[2025/10/15 01:32:43] - 2.5626 	 	 0.5178 	 2.8600 	 0.2814
[2025/10/15 01:33:20] - 68 	 18.9 	 	 0.2000 	 4.0918 	 0.2794
[2025/10/15 01:33:20] - ==> Building model..
[2025/10/15 01:33:42] - Test Loss 	 Test Acc 	 PGD Loss 	 PGD Acc
[2025/10/15 01:33:42] - 2.5641 	 	 0.5172 	 2.8611 	 0.2812
[2025/10/15 01:34:21] - 69 	 20.3 	 	 0.2000 	 4.0922 	 0.2765
[2025/10/15 01:34:21] - ==> Building model..
[2025/10/15 01:34:44] - Test Loss 	 Test Acc 	 PGD Loss 	 PGD Acc
[2025/10/15 01:34:44] - 2.5664 	 	 0.5172 	 2.8628 	 0.2822
[2025/10/15 01:35:21] - 70 	 17.7 	 	 0.2000 	 4.0921 	 0.2794
[2025/10/15 01:35:21] - ==> Building model..
[2025/10/15 01:35:42] - Test Loss 	 Test Acc 	 PGD Loss 	 PGD Acc
[2025/10/15 01:35:42] - 2.5672 	 	 0.5182 	 2.8635 	 0.2821
[2025/10/15 01:36:23] - 71 	 19.7 	 	 0.2000 	 4.0920 	 0.2766
[2025/10/15 01:36:23] - ==> Building model..
[2025/10/15 01:36:44] - Test Loss 	 Test Acc 	 PGD Loss 	 PGD Acc
[2025/10/15 01:36:44] - 2.5686 	 	 0.5201 	 2.8651 	 0.2815
[2025/10/15 01:37:20] - 72 	 17.4 	 	 0.2000 	 4.0906 	 0.2759
[2025/10/15 01:37:20] - ==> Building model..
[2025/10/15 01:37:39] - Test Loss 	 Test Acc 	 PGD Loss 	 PGD Acc
[2025/10/15 01:37:39] - 2.5687 	 	 0.5199 	 2.8657 	 0.2811
[2025/10/15 01:38:18] - 73 	 20.1 	 	 0.2000 	 4.0908 	 0.2787
[2025/10/15 01:38:18] - ==> Building model..
[2025/10/15 01:38:38] - Test Loss 	 Test Acc 	 PGD Loss 	 PGD Acc
[2025/10/15 01:38:38] - 2.5692 	 	 0.5203 	 2.8654 	 0.2806
[2025/10/15 01:39:16] - 74 	 18.5 	 	 0.2000 	 4.0922 	 0.2769
[2025/10/15 01:39:16] - ==> Building model..
[2025/10/15 01:39:35] - Test Loss 	 Test Acc 	 PGD Loss 	 PGD Acc
[2025/10/15 01:39:35] - 2.5696 	 	 0.5196 	 2.8660 	 0.2813
[2025/10/15 01:40:11] - 75 	 17.0 	 	 0.2000 	 4.0916 	 0.2779
[2025/10/15 01:40:11] - ==> Building model..
[2025/10/15 01:40:30] - Test Loss 	 Test Acc 	 PGD Loss 	 PGD Acc
[2025/10/15 01:40:30] - 2.5727 	 	 0.5205 	 2.8681 	 0.2817
[2025/10/15 01:41:06] - 76 	 17.1 	 	 0.2000 	 4.0913 	 0.2783
[2025/10/15 01:41:06] - ==> Building model..
[2025/10/15 01:41:26] - Test Loss 	 Test Acc 	 PGD Loss 	 PGD Acc
[2025/10/15 01:41:26] - 2.5736 	 	 0.5190 	 2.8689 	 0.2812
[2025/10/15 01:42:06] - 77 	 19.7 	 	 0.2000 	 4.0909 	 0.2780
[2025/10/15 01:42:06] - ==> Building model..
[2025/10/15 01:42:25] - Test Loss 	 Test Acc 	 PGD Loss 	 PGD Acc
[2025/10/15 01:42:25] - 2.5741 	 	 0.5186 	 2.8688 	 0.2825
[2025/10/15 01:43:04] - 78 	 19.3 	 	 0.2000 	 4.0921 	 0.2791
[2025/10/15 01:43:04] - ==> Building model..
[2025/10/15 01:43:23] - Test Loss 	 Test Acc 	 PGD Loss 	 PGD Acc
[2025/10/15 01:43:23] - 2.5746 	 	 0.5180 	 2.8690 	 0.2830
[2025/10/15 01:44:00] - 79 	 17.3 	 	 0.2000 	 4.0901 	 0.2810
[2025/10/15 01:44:00] - ==> Building model..
[2025/10/15 01:44:18] - Test Loss 	 Test Acc 	 PGD Loss 	 PGD Acc
[2025/10/15 01:44:18] - 2.5750 	 	 0.5192 	 2.8685 	 0.2827
[2025/10/15 01:44:57] - 80 	 19.1 	 	 0.2000 	 4.0896 	 0.2791
[2025/10/15 01:44:57] - ==> Building model..
[2025/10/15 01:45:17] - Test Loss 	 Test Acc 	 PGD Loss 	 PGD Acc
[2025/10/15 01:45:17] - 2.5770 	 	 0.5183 	 2.8709 	 0.2823
[2025/10/15 01:45:55] - 81 	 18.1 	 	 0.2000 	 4.0914 	 0.2798
[2025/10/15 01:45:55] - ==> Building model..
[2025/10/15 01:46:14] - Test Loss 	 Test Acc 	 PGD Loss 	 PGD Acc
[2025/10/15 01:46:14] - 2.5783 	 	 0.5177 	 2.8721 	 0.2821
[2025/10/15 01:46:49] - 82 	 16.9 	 	 0.2000 	 4.0914 	 0.2803
[2025/10/15 01:46:49] - ==> Building model..
[2025/10/15 01:47:08] - Test Loss 	 Test Acc 	 PGD Loss 	 PGD Acc
[2025/10/15 01:47:08] - 2.5777 	 	 0.5176 	 2.8720 	 0.2845
[2025/10/15 01:47:46] - 83 	 17.7 	 	 0.2000 	 4.0878 	 0.2828
[2025/10/15 01:47:46] - ==> Building model..
[2025/10/15 01:48:05] - Test Loss 	 Test Acc 	 PGD Loss 	 PGD Acc
[2025/10/15 01:48:05] - 2.5794 	 	 0.5187 	 2.8730 	 0.2839
[2025/10/15 01:48:42] - 84 	 18.3 	 	 0.2000 	 4.0922 	 0.2773
[2025/10/15 01:48:42] - ==> Building model..
[2025/10/15 01:49:00] - Test Loss 	 Test Acc 	 PGD Loss 	 PGD Acc
[2025/10/15 01:49:00] - 2.5805 	 	 0.5184 	 2.8741 	 0.2846
[2025/10/15 01:49:38] - 85 	 18.3 	 	 0.2000 	 4.0916 	 0.2775
[2025/10/15 01:49:38] - ==> Building model..
[2025/10/15 01:49:58] - Test Loss 	 Test Acc 	 PGD Loss 	 PGD Acc
[2025/10/15 01:49:58] - 2.5829 	 	 0.5173 	 2.8757 	 0.2855
[2025/10/15 01:50:36] - 86 	 18.0 	 	 0.2000 	 4.0904 	 0.2792
[2025/10/15 01:50:36] - ==> Building model..
[2025/10/15 01:50:57] - Test Loss 	 Test Acc 	 PGD Loss 	 PGD Acc
[2025/10/15 01:50:57] - 2.5835 	 	 0.5179 	 2.8766 	 0.2846
[2025/10/15 01:51:34] - 87 	 18.2 	 	 0.2000 	 4.0900 	 0.2796
[2025/10/15 01:51:34] - ==> Building model..
[2025/10/15 01:51:55] - Test Loss 	 Test Acc 	 PGD Loss 	 PGD Acc
[2025/10/15 01:51:55] - 2.5841 	 	 0.5188 	 2.8770 	 0.2832
[2025/10/15 01:52:33] - 88 	 17.9 	 	 0.2000 	 4.0921 	 0.2764
[2025/10/15 01:52:33] - ==> Building model..
[2025/10/15 01:52:52] - Test Loss 	 Test Acc 	 PGD Loss 	 PGD Acc
[2025/10/15 01:52:52] - 2.5855 	 	 0.5192 	 2.8778 	 0.2832
[2025/10/15 01:53:28] - 89 	 17.2 	 	 0.2000 	 4.0904 	 0.2808
[2025/10/15 01:53:28] - ==> Building model..
[2025/10/15 01:53:48] - Test Loss 	 Test Acc 	 PGD Loss 	 PGD Acc
[2025/10/15 01:53:48] - 2.5866 	 	 0.5183 	 2.8784 	 0.2836
[2025/10/15 01:54:26] - 90 	 18.9 	 	 0.0200 	 3.9955 	 0.3421
[2025/10/15 01:54:26] - ==> Building model..
[2025/10/15 01:54:45] - Test Loss 	 Test Acc 	 PGD Loss 	 PGD Acc
[2025/10/15 01:54:45] - 2.5847 	 	 0.5183 	 2.8763 	 0.2835
[2025/10/15 01:55:22] - 91 	 17.5 	 	 0.0200 	 3.9031 	 0.4013
[2025/10/15 01:55:22] - ==> Building model..
[2025/10/15 01:55:43] - Test Loss 	 Test Acc 	 PGD Loss 	 PGD Acc
[2025/10/15 01:55:43] - 2.5838 	 	 0.5187 	 2.8764 	 0.2840
[2025/10/15 01:56:19] - 92 	 17.2 	 	 0.0200 	 3.8765 	 0.4198
[2025/10/15 01:56:19] - ==> Building model..
[2025/10/15 01:56:39] - Test Loss 	 Test Acc 	 PGD Loss 	 PGD Acc
[2025/10/15 01:56:39] - 2.5835 	 	 0.5189 	 2.8763 	 0.2830
[2025/10/15 01:57:15] - 93 	 16.8 	 	 0.0200 	 3.8597 	 0.4307
[2025/10/15 01:57:15] - ==> Building model..
[2025/10/15 01:57:34] - Test Loss 	 Test Acc 	 PGD Loss 	 PGD Acc
[2025/10/15 01:57:34] - 2.5847 	 	 0.5190 	 2.8777 	 0.2834
[2025/10/15 01:58:12] - 94 	 18.0 	 	 0.0200 	 3.8441 	 0.4405
[2025/10/15 01:58:12] - ==> Building model..
[2025/10/15 01:58:33] - Test Loss 	 Test Acc 	 PGD Loss 	 PGD Acc
[2025/10/15 01:58:33] - 2.5873 	 	 0.5186 	 2.8794 	 0.2831
[2025/10/15 01:59:11] - 95 	 18.9 	 	 0.0200 	 3.8315 	 0.4504
[2025/10/15 01:59:11] - ==> Building model..
[2025/10/15 01:59:32] - Test Loss 	 Test Acc 	 PGD Loss 	 PGD Acc
[2025/10/15 01:59:32] - 2.5893 	 	 0.5189 	 2.8815 	 0.2836
[2025/10/15 02:00:08] - 96 	 16.7 	 	 0.0200 	 3.8215 	 0.4585
[2025/10/15 02:00:08] - ==> Building model..
[2025/10/15 02:00:27] - Test Loss 	 Test Acc 	 PGD Loss 	 PGD Acc
[2025/10/15 02:00:27] - 2.5921 	 	 0.5191 	 2.8836 	 0.2836
[2025/10/15 02:01:03] - 97 	 16.7 	 	 0.0200 	 3.8119 	 0.4671
[2025/10/15 02:01:03] - ==> Building model..
[2025/10/15 02:01:24] - Test Loss 	 Test Acc 	 PGD Loss 	 PGD Acc
[2025/10/15 02:01:24] - 2.5948 	 	 0.5190 	 2.8858 	 0.2834
[2025/10/15 02:02:01] - 98 	 17.6 	 	 0.0200 	 3.8045 	 0.4694
[2025/10/15 02:02:01] - ==> Building model..
[2025/10/15 02:02:23] - Test Loss 	 Test Acc 	 PGD Loss 	 PGD Acc
[2025/10/15 02:02:23] - 2.5990 	 	 0.5184 	 2.8898 	 0.2840
[2025/10/15 02:03:01] - 99 	 19.1 	 	 0.0200 	 3.7961 	 0.4772
[2025/10/15 02:03:01] - ==> Building model..
[2025/10/15 02:03:22] - Test Loss 	 Test Acc 	 PGD Loss 	 PGD Acc
[2025/10/15 02:03:22] - 2.5990 	 	 0.5184 	 2.8894 	 0.2833
[2025/10/15 02:03:22] - [0.0848, 0.1317, 0.1789, 0.2309, 0.2701, 0.3123, 0.3453, 0.3757, 0.4012, 0.4137, 0.4268, 0.4331, 0.4458, 0.4513, 0.4587, 0.4647, 0.4703, 0.4734, 0.4783, 0.4769, 0.4793, 0.4862, 0.4872, 0.487, 0.4908, 0.4913, 0.4953, 0.4966, 0.497, 0.498, 0.4998, 0.4992, 0.5032, 0.5034, 0.5025, 0.5031, 0.5045, 0.5053, 0.506, 0.5051, 0.5072, 0.5099, 0.51, 0.5133, 0.5131, 0.5133, 0.5127, 0.5131, 0.5136, 0.5143, 0.5157, 0.5142, 0.515, 0.5145, 0.5171, 0.5176, 0.5185, 0.519, 0.5184, 0.519, 0.5186, 0.5177, 0.5181, 0.5181, 0.5173, 0.5175, 0.5174, 0.5178, 0.5172, 0.5172, 0.5182, 0.5201, 0.5199, 0.5203, 0.5196, 0.5205, 0.519, 0.5186, 0.518, 0.5192, 0.5183, 0.5177, 0.5176, 0.5187, 0.5184, 0.5173, 0.5179, 0.5188, 0.5192, 0.5183, 0.5183, 0.5187, 0.5189, 0.519, 0.5186, 0.5189, 0.5191, 0.519, 0.5184, 0.5184]
[2025/10/15 02:03:22] - [0.0573, 0.0843, 0.1114, 0.137, 0.1597, 0.1771, 0.194, 0.2058, 0.219, 0.2244, 0.2311, 0.2355, 0.2388, 0.2458, 0.249, 0.253, 0.252, 0.2543, 0.2583, 0.258, 0.2597, 0.2621, 0.2621, 0.2616, 0.2641, 0.2651, 0.2658, 0.2679, 0.2666, 0.2672, 0.2686, 0.2706, 0.2715, 0.273, 0.2725, 0.2727, 0.2738, 0.276, 0.2749, 0.2761, 0.2772, 0.2779, 0.2782, 0.2768, 0.2779, 0.278, 0.2776, 0.2776, 0.2783, 0.2782, 0.2799, 0.2784, 0.2786, 0.2785, 0.2786, 0.2792, 0.2792, 0.2785, 0.2788, 0.2801, 0.2793, 0.2811, 0.2814, 0.2806, 0.2825, 0.2827, 0.2818, 0.2814, 0.2812, 0.2822, 0.2821, 0.2815, 0.2811, 0.2806, 0.2813, 0.2817, 0.2812, 0.2825, 0.283, 0.2827, 0.2823, 0.2821, 0.2845, 0.2839, 0.2846, 0.2855, 0.2846, 0.2832, 0.2832, 0.2836, 0.2835, 0.284, 0.283, 0.2834, 0.2831, 0.2836, 0.2836, 0.2834, 0.284, 0.2833]
