[2025/10/16 06:59:08] - Namespace(batch_size=128, data_dir='cifar-data', epochs=100, lr_schedule='multistep', lr_min=0.0, lr_max=0.2, weight_decay=0.0005, momentum=0.9, model='ResNet18', epsilon=8, alpha=8, delta_init='random', normal_mean=0, normal_std=1, out_dir='./output/CIFAR100/lamda_38_lamscale_0.10_run3', seed=0, lamda=38.0, lam_scale=0.1, lam_start=50, gamma=0.05, inner_gamma=0.05, beta=0.2, mu=3.5, batch_m=0.75, early_stop=False, factor=0.5, length=4, n_holes=1, c_num=0.125, EMA_value=0.55)
[2025/10/16 06:59:09] - ==> Building model..
[2025/10/16 06:59:09] - Epoch 	 Seconds 	 LR 	 	 Train Loss 	 Train Acc
[2025/10/16 06:59:50] - 0 	 21.4 	 	 0.2000 	 4.5654 	 0.0402
[2025/10/16 06:59:50] - ==> Building model..
[2025/10/16 07:00:10] - Test Loss 	 Test Acc 	 PGD Loss 	 PGD Acc
[2025/10/16 07:00:10] - 4.2183 	 	 0.0845 	 4.2317 	 0.0571
[2025/10/16 07:00:48] - 1 	 18.7 	 	 0.2000 	 4.4576 	 0.0785
[2025/10/16 07:00:48] - ==> Building model..
[2025/10/16 07:01:08] - Test Loss 	 Test Acc 	 PGD Loss 	 PGD Acc
[2025/10/16 07:01:08] - 4.0175 	 	 0.1467 	 4.0477 	 0.0941
[2025/10/16 07:01:49] - 2 	 20.0 	 	 0.2000 	 4.4059 	 0.1046
[2025/10/16 07:01:49] - ==> Building model..
[2025/10/16 07:02:09] - Test Loss 	 Test Acc 	 PGD Loss 	 PGD Acc
[2025/10/16 07:02:09] - 3.8674 	 	 0.1899 	 3.9159 	 0.1168
[2025/10/16 07:02:48] - 3 	 19.4 	 	 0.2000 	 4.3582 	 0.1271
[2025/10/16 07:02:48] - ==> Building model..
[2025/10/16 07:03:07] - Test Loss 	 Test Acc 	 PGD Loss 	 PGD Acc
[2025/10/16 07:03:07] - 3.6565 	 	 0.2438 	 3.7332 	 0.1418
[2025/10/16 07:03:48] - 4 	 20.9 	 	 0.2000 	 4.3137 	 0.1503
[2025/10/16 07:03:48] - ==> Building model..
[2025/10/16 07:04:08] - Test Loss 	 Test Acc 	 PGD Loss 	 PGD Acc
[2025/10/16 07:04:08] - 3.5570 	 	 0.2758 	 3.6545 	 0.1630
[2025/10/16 07:04:47] - 5 	 20.6 	 	 0.2000 	 4.2754 	 0.1697
[2025/10/16 07:04:47] - ==> Building model..
[2025/10/16 07:05:08] - Test Loss 	 Test Acc 	 PGD Loss 	 PGD Acc
[2025/10/16 07:05:08] - 3.4151 	 	 0.3074 	 3.5358 	 0.1784
[2025/10/16 07:05:48] - 6 	 20.9 	 	 0.2000 	 4.2441 	 0.1870
[2025/10/16 07:05:48] - ==> Building model..
[2025/10/16 07:06:09] - Test Loss 	 Test Acc 	 PGD Loss 	 PGD Acc
[2025/10/16 07:06:09] - 3.1984 	 	 0.3475 	 3.3532 	 0.1938
[2025/10/16 07:06:45] - 7 	 18.0 	 	 0.2000 	 4.2223 	 0.1991
[2025/10/16 07:06:45] - ==> Building model..
[2025/10/16 07:07:01] - Test Loss 	 Test Acc 	 PGD Loss 	 PGD Acc
[2025/10/16 07:07:01] - 3.0520 	 	 0.3830 	 3.2352 	 0.2099
[2025/10/16 07:07:40] - 8 	 19.2 	 	 0.2000 	 4.2029 	 0.2093
[2025/10/16 07:07:40] - ==> Building model..
[2025/10/16 07:08:02] - Test Loss 	 Test Acc 	 PGD Loss 	 PGD Acc
[2025/10/16 07:08:02] - 2.9643 	 	 0.4017 	 3.1661 	 0.2169
[2025/10/16 07:08:42] - 9 	 20.7 	 	 0.2000 	 4.1875 	 0.2181
[2025/10/16 07:08:42] - ==> Building model..
[2025/10/16 07:09:03] - Test Loss 	 Test Acc 	 PGD Loss 	 PGD Acc
[2025/10/16 07:09:03] - 2.9093 	 	 0.4177 	 3.1253 	 0.2232
[2025/10/16 07:09:40] - 10 	 18.0 	 	 0.2000 	 4.1748 	 0.2255
[2025/10/16 07:09:40] - ==> Building model..
[2025/10/16 07:10:00] - Test Loss 	 Test Acc 	 PGD Loss 	 PGD Acc
[2025/10/16 07:10:00] - 2.8536 	 	 0.4300 	 3.0821 	 0.2303
[2025/10/16 07:10:40] - 11 	 21.0 	 	 0.2000 	 4.1668 	 0.2285
[2025/10/16 07:10:40] - ==> Building model..
[2025/10/16 07:11:02] - Test Loss 	 Test Acc 	 PGD Loss 	 PGD Acc
[2025/10/16 07:11:02] - 2.8076 	 	 0.4393 	 3.0456 	 0.2369
[2025/10/16 07:11:43] - 12 	 20.7 	 	 0.2000 	 4.1562 	 0.2380
[2025/10/16 07:11:43] - ==> Building model..
[2025/10/16 07:12:03] - Test Loss 	 Test Acc 	 PGD Loss 	 PGD Acc
[2025/10/16 07:12:03] - 2.7750 	 	 0.4506 	 3.0204 	 0.2388
[2025/10/16 07:12:43] - 13 	 20.6 	 	 0.2000 	 4.1532 	 0.2360
[2025/10/16 07:12:43] - ==> Building model..
[2025/10/16 07:13:04] - Test Loss 	 Test Acc 	 PGD Loss 	 PGD Acc
[2025/10/16 07:13:04] - 2.7515 	 	 0.4519 	 3.0019 	 0.2418
[2025/10/16 07:13:45] - 14 	 21.3 	 	 0.2000 	 4.1471 	 0.2422
[2025/10/16 07:13:45] - ==> Building model..
[2025/10/16 07:14:05] - Test Loss 	 Test Acc 	 PGD Loss 	 PGD Acc
[2025/10/16 07:14:05] - 2.7268 	 	 0.4607 	 2.9851 	 0.2454
[2025/10/16 07:14:46] - 15 	 21.1 	 	 0.2000 	 4.1389 	 0.2475
[2025/10/16 07:14:46] - ==> Building model..
[2025/10/16 07:15:09] - Test Loss 	 Test Acc 	 PGD Loss 	 PGD Acc
[2025/10/16 07:15:09] - 2.7077 	 	 0.4641 	 2.9698 	 0.2482
[2025/10/16 07:15:50] - 16 	 22.0 	 	 0.2000 	 4.1349 	 0.2504
[2025/10/16 07:15:50] - ==> Building model..
[2025/10/16 07:16:12] - Test Loss 	 Test Acc 	 PGD Loss 	 PGD Acc
[2025/10/16 07:16:12] - 2.6980 	 	 0.4658 	 2.9608 	 0.2510
[2025/10/16 07:16:52] - 17 	 21.4 	 	 0.2000 	 4.1334 	 0.2490
[2025/10/16 07:16:52] - ==> Building model..
[2025/10/16 07:17:12] - Test Loss 	 Test Acc 	 PGD Loss 	 PGD Acc
[2025/10/16 07:17:12] - 2.6824 	 	 0.4707 	 2.9502 	 0.2534
[2025/10/16 07:17:52] - 18 	 21.2 	 	 0.2000 	 4.1271 	 0.2519
[2025/10/16 07:17:52] - ==> Building model..
[2025/10/16 07:18:12] - Test Loss 	 Test Acc 	 PGD Loss 	 PGD Acc
[2025/10/16 07:18:12] - 2.6677 	 	 0.4746 	 2.9409 	 0.2561
[2025/10/16 07:18:53] - 19 	 21.5 	 	 0.2000 	 4.1236 	 0.2570
[2025/10/16 07:18:53] - ==> Building model..
[2025/10/16 07:19:15] - Test Loss 	 Test Acc 	 PGD Loss 	 PGD Acc
[2025/10/16 07:19:15] - 2.6495 	 	 0.4785 	 2.9268 	 0.2576
[2025/10/16 07:19:56] - 20 	 22.1 	 	 0.2000 	 4.1218 	 0.2591
[2025/10/16 07:19:56] - ==> Building model..
[2025/10/16 07:20:19] - Test Loss 	 Test Acc 	 PGD Loss 	 PGD Acc
[2025/10/16 07:20:19] - 2.6397 	 	 0.4811 	 2.9198 	 0.2588
[2025/10/16 07:20:59] - 21 	 20.8 	 	 0.2000 	 4.1179 	 0.2579
[2025/10/16 07:20:59] - ==> Building model..
[2025/10/16 07:21:19] - Test Loss 	 Test Acc 	 PGD Loss 	 PGD Acc
[2025/10/16 07:21:19] - 2.6308 	 	 0.4850 	 2.9137 	 0.2584
[2025/10/16 07:21:59] - 22 	 21.1 	 	 0.2000 	 4.1190 	 0.2585
[2025/10/16 07:21:59] - ==> Building model..
[2025/10/16 07:22:20] - Test Loss 	 Test Acc 	 PGD Loss 	 PGD Acc
[2025/10/16 07:22:20] - 2.6225 	 	 0.4899 	 2.9072 	 0.2610
[2025/10/16 07:23:01] - 23 	 21.5 	 	 0.2000 	 4.1174 	 0.2573
[2025/10/16 07:23:01] - ==> Building model..
[2025/10/16 07:23:21] - Test Loss 	 Test Acc 	 PGD Loss 	 PGD Acc
[2025/10/16 07:23:21] - 2.6182 	 	 0.4908 	 2.9029 	 0.2605
[2025/10/16 07:24:01] - 24 	 20.0 	 	 0.2000 	 4.1128 	 0.2613
[2025/10/16 07:24:01] - ==> Building model..
[2025/10/16 07:24:15] - Test Loss 	 Test Acc 	 PGD Loss 	 PGD Acc
[2025/10/16 07:24:15] - 2.6134 	 	 0.4913 	 2.8996 	 0.2642
[2025/10/16 07:24:54] - 25 	 18.8 	 	 0.2000 	 4.1101 	 0.2663
[2025/10/16 07:24:54] - ==> Building model..
[2025/10/16 07:25:17] - Test Loss 	 Test Acc 	 PGD Loss 	 PGD Acc
[2025/10/16 07:25:17] - 2.6050 	 	 0.4937 	 2.8928 	 0.2654
[2025/10/16 07:26:00] - 26 	 22.2 	 	 0.2000 	 4.1070 	 0.2667
[2025/10/16 07:26:00] - ==> Building model..
[2025/10/16 07:26:22] - Test Loss 	 Test Acc 	 PGD Loss 	 PGD Acc
[2025/10/16 07:26:22] - 2.5964 	 	 0.4962 	 2.8858 	 0.2672
[2025/10/16 07:27:03] - 27 	 20.7 	 	 0.2000 	 4.1066 	 0.2656
[2025/10/16 07:27:03] - ==> Building model..
[2025/10/16 07:27:24] - Test Loss 	 Test Acc 	 PGD Loss 	 PGD Acc
[2025/10/16 07:27:24] - 2.5932 	 	 0.4964 	 2.8839 	 0.2683
[2025/10/16 07:28:03] - 28 	 19.6 	 	 0.2000 	 4.1049 	 0.2666
[2025/10/16 07:28:03] - ==> Building model..
[2025/10/16 07:28:24] - Test Loss 	 Test Acc 	 PGD Loss 	 PGD Acc
[2025/10/16 07:28:24] - 2.5870 	 	 0.4984 	 2.8791 	 0.2694
[2025/10/16 07:29:04] - 29 	 20.8 	 	 0.2000 	 4.1052 	 0.2681
[2025/10/16 07:29:04] - ==> Building model..
[2025/10/16 07:29:21] - Test Loss 	 Test Acc 	 PGD Loss 	 PGD Acc
[2025/10/16 07:29:21] - 2.5843 	 	 0.4978 	 2.8771 	 0.2698
[2025/10/16 07:29:57] - 30 	 16.9 	 	 0.2000 	 4.1043 	 0.2666
[2025/10/16 07:29:57] - ==> Building model..
[2025/10/16 07:30:12] - Test Loss 	 Test Acc 	 PGD Loss 	 PGD Acc
[2025/10/16 07:30:12] - 2.5840 	 	 0.4988 	 2.8776 	 0.2699
[2025/10/16 07:30:53] - 31 	 21.6 	 	 0.2000 	 4.1022 	 0.2686
[2025/10/16 07:30:53] - ==> Building model..
[2025/10/16 07:31:14] - Test Loss 	 Test Acc 	 PGD Loss 	 PGD Acc
[2025/10/16 07:31:14] - 2.5787 	 	 0.4996 	 2.8733 	 0.2713
[2025/10/16 07:31:55] - 32 	 21.4 	 	 0.2000 	 4.1013 	 0.2674
[2025/10/16 07:31:55] - ==> Building model..
[2025/10/16 07:32:17] - Test Loss 	 Test Acc 	 PGD Loss 	 PGD Acc
[2025/10/16 07:32:17] - 2.5789 	 	 0.5004 	 2.8735 	 0.2716
[2025/10/16 07:32:59] - 33 	 21.6 	 	 0.2000 	 4.0995 	 0.2710
[2025/10/16 07:32:59] - ==> Building model..
[2025/10/16 07:33:20] - Test Loss 	 Test Acc 	 PGD Loss 	 PGD Acc
[2025/10/16 07:33:20] - 2.5747 	 	 0.5009 	 2.8700 	 0.2720
[2025/10/16 07:34:01] - 34 	 19.7 	 	 0.2000 	 4.0997 	 0.2699
[2025/10/16 07:34:01] - ==> Building model..
[2025/10/16 07:34:21] - Test Loss 	 Test Acc 	 PGD Loss 	 PGD Acc
[2025/10/16 07:34:21] - 2.5753 	 	 0.5019 	 2.8709 	 0.2717
[2025/10/16 07:35:02] - 35 	 20.6 	 	 0.2000 	 4.0957 	 0.2739
[2025/10/16 07:35:02] - ==> Building model..
[2025/10/16 07:35:24] - Test Loss 	 Test Acc 	 PGD Loss 	 PGD Acc
[2025/10/16 07:35:24] - 2.5743 	 	 0.5020 	 2.8700 	 0.2707
[2025/10/16 07:36:05] - 36 	 21.3 	 	 0.2000 	 4.0977 	 0.2721
[2025/10/16 07:36:05] - ==> Building model..
[2025/10/16 07:36:27] - Test Loss 	 Test Acc 	 PGD Loss 	 PGD Acc
[2025/10/16 07:36:27] - 2.5715 	 	 0.5040 	 2.8685 	 0.2721
[2025/10/16 07:37:08] - 37 	 21.0 	 	 0.2000 	 4.0967 	 0.2722
[2025/10/16 07:37:08] - ==> Building model..
[2025/10/16 07:37:29] - Test Loss 	 Test Acc 	 PGD Loss 	 PGD Acc
[2025/10/16 07:37:29] - 2.5694 	 	 0.5031 	 2.8664 	 0.2729
[2025/10/16 07:38:08] - 38 	 19.3 	 	 0.2000 	 4.0937 	 0.2726
[2025/10/16 07:38:08] - ==> Building model..
[2025/10/16 07:38:30] - Test Loss 	 Test Acc 	 PGD Loss 	 PGD Acc
[2025/10/16 07:38:30] - 2.5667 	 	 0.5052 	 2.8645 	 0.2730
[2025/10/16 07:39:11] - 39 	 21.8 	 	 0.2000 	 4.0955 	 0.2717
[2025/10/16 07:39:11] - ==> Building model..
[2025/10/16 07:39:33] - Test Loss 	 Test Acc 	 PGD Loss 	 PGD Acc
[2025/10/16 07:39:33] - 2.5664 	 	 0.5066 	 2.8635 	 0.2725
[2025/10/16 07:40:12] - 40 	 20.0 	 	 0.2000 	 4.0936 	 0.2735
[2025/10/16 07:40:12] - ==> Building model..
[2025/10/16 07:40:34] - Test Loss 	 Test Acc 	 PGD Loss 	 PGD Acc
[2025/10/16 07:40:34] - 2.5647 	 	 0.5070 	 2.8620 	 0.2728
[2025/10/16 07:41:15] - 41 	 20.3 	 	 0.2000 	 4.0937 	 0.2751
[2025/10/16 07:41:15] - ==> Building model..
[2025/10/16 07:41:37] - Test Loss 	 Test Acc 	 PGD Loss 	 PGD Acc
[2025/10/16 07:41:37] - 2.5633 	 	 0.5079 	 2.8613 	 0.2728
[2025/10/16 07:42:17] - 42 	 21.3 	 	 0.2000 	 4.0941 	 0.2723
[2025/10/16 07:42:17] - ==> Building model..
[2025/10/16 07:42:39] - Test Loss 	 Test Acc 	 PGD Loss 	 PGD Acc
[2025/10/16 07:42:39] - 2.5605 	 	 0.5085 	 2.8597 	 0.2751
[2025/10/16 07:43:20] - 43 	 22.1 	 	 0.2000 	 4.0929 	 0.2733
[2025/10/16 07:43:20] - ==> Building model..
[2025/10/16 07:43:41] - Test Loss 	 Test Acc 	 PGD Loss 	 PGD Acc
[2025/10/16 07:43:41] - 2.5584 	 	 0.5101 	 2.8575 	 0.2747
[2025/10/16 07:44:20] - 44 	 20.2 	 	 0.2000 	 4.0922 	 0.2747
[2025/10/16 07:44:20] - ==> Building model..
[2025/10/16 07:44:41] - Test Loss 	 Test Acc 	 PGD Loss 	 PGD Acc
[2025/10/16 07:44:41] - 2.5564 	 	 0.5112 	 2.8565 	 0.2738
[2025/10/16 07:45:22] - 45 	 21.4 	 	 0.2000 	 4.0904 	 0.2757
[2025/10/16 07:45:22] - ==> Building model..
[2025/10/16 07:45:43] - Test Loss 	 Test Acc 	 PGD Loss 	 PGD Acc
[2025/10/16 07:45:43] - 2.5545 	 	 0.5114 	 2.8550 	 0.2752
[2025/10/16 07:46:24] - 46 	 21.6 	 	 0.2000 	 4.0891 	 0.2755
[2025/10/16 07:46:24] - ==> Building model..
[2025/10/16 07:46:46] - Test Loss 	 Test Acc 	 PGD Loss 	 PGD Acc
[2025/10/16 07:46:46] - 2.5570 	 	 0.5119 	 2.8582 	 0.2760
[2025/10/16 07:47:23] - 47 	 18.7 	 	 0.2000 	 4.0907 	 0.2740
[2025/10/16 07:47:23] - ==> Building model..
[2025/10/16 07:47:41] - Test Loss 	 Test Acc 	 PGD Loss 	 PGD Acc
[2025/10/16 07:47:41] - 2.5570 	 	 0.5135 	 2.8590 	 0.2779
[2025/10/16 07:48:19] - 48 	 18.9 	 	 0.2000 	 4.0874 	 0.2770
[2025/10/16 07:48:19] - ==> Building model..
[2025/10/16 07:48:40] - Test Loss 	 Test Acc 	 PGD Loss 	 PGD Acc
[2025/10/16 07:48:40] - 2.5565 	 	 0.5113 	 2.8584 	 0.2776
[2025/10/16 07:49:21] - 49 	 21.7 	 	 0.2000 	 4.0885 	 0.2763
[2025/10/16 07:49:21] - ==> Building model..
[2025/10/16 07:49:42] - Test Loss 	 Test Acc 	 PGD Loss 	 PGD Acc
[2025/10/16 07:49:42] - 2.5557 	 	 0.5117 	 2.8575 	 0.2768
[2025/10/16 07:50:23] - 50 	 21.0 	 	 0.2000 	 4.0885 	 0.2774
[2025/10/16 07:50:23] - ==> Building model..
[2025/10/16 07:50:43] - Test Loss 	 Test Acc 	 PGD Loss 	 PGD Acc
[2025/10/16 07:50:43] - 2.5561 	 	 0.5120 	 2.8584 	 0.2779
[2025/10/16 07:51:24] - 51 	 21.1 	 	 0.2000 	 4.0897 	 0.2748
[2025/10/16 07:51:24] - ==> Building model..
[2025/10/16 07:51:45] - Test Loss 	 Test Acc 	 PGD Loss 	 PGD Acc
[2025/10/16 07:51:45] - 2.5568 	 	 0.5118 	 2.8594 	 0.2793
[2025/10/16 07:52:21] - 52 	 17.2 	 	 0.2000 	 4.0877 	 0.2772
[2025/10/16 07:52:21] - ==> Building model..
[2025/10/16 07:52:42] - Test Loss 	 Test Acc 	 PGD Loss 	 PGD Acc
[2025/10/16 07:52:42] - 2.5562 	 	 0.5125 	 2.8595 	 0.2794
[2025/10/16 07:53:23] - 53 	 21.6 	 	 0.2000 	 4.0868 	 0.2776
[2025/10/16 07:53:23] - ==> Building model..
[2025/10/16 07:53:45] - Test Loss 	 Test Acc 	 PGD Loss 	 PGD Acc
[2025/10/16 07:53:45] - 2.5550 	 	 0.5132 	 2.8585 	 0.2789
[2025/10/16 07:54:25] - 54 	 20.6 	 	 0.2000 	 4.0898 	 0.2765
[2025/10/16 07:54:25] - ==> Building model..
[2025/10/16 07:54:46] - Test Loss 	 Test Acc 	 PGD Loss 	 PGD Acc
[2025/10/16 07:54:46] - 2.5535 	 	 0.5142 	 2.8564 	 0.2790
[2025/10/16 07:55:25] - 55 	 19.9 	 	 0.2000 	 4.0893 	 0.2789
[2025/10/16 07:55:25] - ==> Building model..
[2025/10/16 07:55:46] - Test Loss 	 Test Acc 	 PGD Loss 	 PGD Acc
[2025/10/16 07:55:46] - 2.5526 	 	 0.5138 	 2.8561 	 0.2792
[2025/10/16 07:56:25] - 56 	 20.9 	 	 0.2000 	 4.0910 	 0.2755
[2025/10/16 07:56:25] - ==> Building model..
[2025/10/16 07:56:46] - Test Loss 	 Test Acc 	 PGD Loss 	 PGD Acc
[2025/10/16 07:56:46] - 2.5554 	 	 0.5145 	 2.8581 	 0.2794
[2025/10/16 07:57:27] - 57 	 21.1 	 	 0.2000 	 4.0911 	 0.2794
[2025/10/16 07:57:27] - ==> Building model..
[2025/10/16 07:57:49] - Test Loss 	 Test Acc 	 PGD Loss 	 PGD Acc
[2025/10/16 07:57:49] - 2.5563 	 	 0.5159 	 2.8588 	 0.2805
[2025/10/16 07:58:29] - 58 	 21.3 	 	 0.2000 	 4.0913 	 0.2786
[2025/10/16 07:58:29] - ==> Building model..
[2025/10/16 07:58:50] - Test Loss 	 Test Acc 	 PGD Loss 	 PGD Acc
[2025/10/16 07:58:50] - 2.5599 	 	 0.5144 	 2.8612 	 0.2823
[2025/10/16 07:59:30] - 59 	 20.6 	 	 0.2000 	 4.0919 	 0.2767
[2025/10/16 07:59:30] - ==> Building model..
[2025/10/16 07:59:50] - Test Loss 	 Test Acc 	 PGD Loss 	 PGD Acc
[2025/10/16 07:59:50] - 2.5619 	 	 0.5151 	 2.8622 	 0.2814
[2025/10/16 08:00:29] - 60 	 20.4 	 	 0.2000 	 4.0907 	 0.2783
[2025/10/16 08:00:29] - ==> Building model..
[2025/10/16 08:00:47] - Test Loss 	 Test Acc 	 PGD Loss 	 PGD Acc
[2025/10/16 08:00:47] - 2.5642 	 	 0.5152 	 2.8646 	 0.2808
[2025/10/16 08:01:26] - 61 	 19.5 	 	 0.2000 	 4.0925 	 0.2765
[2025/10/16 08:01:26] - ==> Building model..
[2025/10/16 08:01:45] - Test Loss 	 Test Acc 	 PGD Loss 	 PGD Acc
[2025/10/16 08:01:45] - 2.5654 	 	 0.5156 	 2.8644 	 0.2809
[2025/10/16 08:02:22] - 62 	 18.1 	 	 0.2000 	 4.0924 	 0.2793
[2025/10/16 08:02:22] - ==> Building model..
[2025/10/16 08:02:43] - Test Loss 	 Test Acc 	 PGD Loss 	 PGD Acc
[2025/10/16 08:02:43] - 2.5677 	 	 0.5161 	 2.8661 	 0.2806
[2025/10/16 08:03:20] - 63 	 18.2 	 	 0.2000 	 4.0937 	 0.2755
[2025/10/16 08:03:20] - ==> Building model..
[2025/10/16 08:03:40] - Test Loss 	 Test Acc 	 PGD Loss 	 PGD Acc
[2025/10/16 08:03:40] - 2.5702 	 	 0.5168 	 2.8672 	 0.2805
[2025/10/16 08:04:20] - 64 	 20.8 	 	 0.2000 	 4.0913 	 0.2788
[2025/10/16 08:04:20] - ==> Building model..
[2025/10/16 08:04:41] - Test Loss 	 Test Acc 	 PGD Loss 	 PGD Acc
[2025/10/16 08:04:41] - 2.5746 	 	 0.5169 	 2.8710 	 0.2800
[2025/10/16 08:05:22] - 65 	 20.8 	 	 0.2000 	 4.0920 	 0.2793
[2025/10/16 08:05:22] - ==> Building model..
[2025/10/16 08:05:43] - Test Loss 	 Test Acc 	 PGD Loss 	 PGD Acc
[2025/10/16 08:05:43] - 2.5779 	 	 0.5164 	 2.8726 	 0.2804
[2025/10/16 08:06:22] - 66 	 19.5 	 	 0.2000 	 4.0906 	 0.2785
[2025/10/16 08:06:22] - ==> Building model..
[2025/10/16 08:06:41] - Test Loss 	 Test Acc 	 PGD Loss 	 PGD Acc
[2025/10/16 08:06:41] - 2.5798 	 	 0.5173 	 2.8738 	 0.2800
[2025/10/16 08:07:22] - 67 	 20.3 	 	 0.2000 	 4.0924 	 0.2773
[2025/10/16 08:07:22] - ==> Building model..
[2025/10/16 08:07:41] - Test Loss 	 Test Acc 	 PGD Loss 	 PGD Acc
[2025/10/16 08:07:41] - 2.5807 	 	 0.5176 	 2.8746 	 0.2804
[2025/10/16 08:08:22] - 68 	 21.3 	 	 0.2000 	 4.0919 	 0.2797
[2025/10/16 08:08:22] - ==> Building model..
[2025/10/16 08:08:43] - Test Loss 	 Test Acc 	 PGD Loss 	 PGD Acc
[2025/10/16 08:08:43] - 2.5813 	 	 0.5175 	 2.8754 	 0.2812
[2025/10/16 08:09:23] - 69 	 21.4 	 	 0.2000 	 4.0924 	 0.2776
[2025/10/16 08:09:23] - ==> Building model..
[2025/10/16 08:09:44] - Test Loss 	 Test Acc 	 PGD Loss 	 PGD Acc
[2025/10/16 08:09:44] - 2.5830 	 	 0.5173 	 2.8767 	 0.2810
[2025/10/16 08:10:23] - 70 	 19.7 	 	 0.2000 	 4.0930 	 0.2794
[2025/10/16 08:10:23] - ==> Building model..
[2025/10/16 08:10:41] - Test Loss 	 Test Acc 	 PGD Loss 	 PGD Acc
[2025/10/16 08:10:41] - 2.5838 	 	 0.5180 	 2.8771 	 0.2816
[2025/10/16 08:11:17] - 71 	 17.2 	 	 0.2000 	 4.0916 	 0.2794
[2025/10/16 08:11:17] - ==> Building model..
[2025/10/16 08:11:37] - Test Loss 	 Test Acc 	 PGD Loss 	 PGD Acc
[2025/10/16 08:11:37] - 2.5852 	 	 0.5182 	 2.8786 	 0.2817
[2025/10/16 08:12:13] - 72 	 17.1 	 	 0.2000 	 4.0920 	 0.2756
[2025/10/16 08:12:13] - ==> Building model..
[2025/10/16 08:12:34] - Test Loss 	 Test Acc 	 PGD Loss 	 PGD Acc
[2025/10/16 08:12:34] - 2.5848 	 	 0.5193 	 2.8785 	 0.2816
[2025/10/16 08:13:10] - 73 	 17.3 	 	 0.2000 	 4.0900 	 0.2772
[2025/10/16 08:13:10] - ==> Building model..
[2025/10/16 08:13:32] - Test Loss 	 Test Acc 	 PGD Loss 	 PGD Acc
[2025/10/16 08:13:32] - 2.5859 	 	 0.5196 	 2.8789 	 0.2817
[2025/10/16 08:14:14] - 74 	 21.4 	 	 0.2000 	 4.0931 	 0.2772
[2025/10/16 08:14:14] - ==> Building model..
[2025/10/16 08:14:35] - Test Loss 	 Test Acc 	 PGD Loss 	 PGD Acc
[2025/10/16 08:14:35] - 2.5869 	 	 0.5194 	 2.8797 	 0.2816
[2025/10/16 08:15:11] - 75 	 17.7 	 	 0.2000 	 4.0916 	 0.2797
[2025/10/16 08:15:11] - ==> Building model..
[2025/10/16 08:15:30] - Test Loss 	 Test Acc 	 PGD Loss 	 PGD Acc
[2025/10/16 08:15:30] - 2.5853 	 	 0.5206 	 2.8790 	 0.2832
[2025/10/16 08:16:10] - 76 	 20.7 	 	 0.2000 	 4.0909 	 0.2794
[2025/10/16 08:16:10] - ==> Building model..
[2025/10/16 08:16:32] - Test Loss 	 Test Acc 	 PGD Loss 	 PGD Acc
[2025/10/16 08:16:32] - 2.5860 	 	 0.5197 	 2.8794 	 0.2823
[2025/10/16 08:17:08] - 77 	 17.8 	 	 0.2000 	 4.0914 	 0.2790
[2025/10/16 08:17:08] - ==> Building model..
[2025/10/16 08:17:30] - Test Loss 	 Test Acc 	 PGD Loss 	 PGD Acc
[2025/10/16 08:17:30] - 2.5873 	 	 0.5195 	 2.8806 	 0.2837
[2025/10/16 08:18:10] - 78 	 21.4 	 	 0.2000 	 4.0916 	 0.2775
[2025/10/16 08:18:10] - ==> Building model..
[2025/10/16 08:18:31] - Test Loss 	 Test Acc 	 PGD Loss 	 PGD Acc
[2025/10/16 08:18:31] - 2.5883 	 	 0.5190 	 2.8806 	 0.2833
[2025/10/16 08:19:11] - 79 	 21.0 	 	 0.2000 	 4.0909 	 0.2803
[2025/10/16 08:19:11] - ==> Building model..
[2025/10/16 08:19:31] - Test Loss 	 Test Acc 	 PGD Loss 	 PGD Acc
[2025/10/16 08:19:31] - 2.5883 	 	 0.5184 	 2.8799 	 0.2830
[2025/10/16 08:20:09] - 80 	 19.0 	 	 0.2000 	 4.0906 	 0.2775
[2025/10/16 08:20:09] - ==> Building model..
[2025/10/16 08:20:27] - Test Loss 	 Test Acc 	 PGD Loss 	 PGD Acc
[2025/10/16 08:20:27] - 2.5899 	 	 0.5198 	 2.8816 	 0.2836
[2025/10/16 08:21:05] - 81 	 19.8 	 	 0.2000 	 4.0909 	 0.2784
[2025/10/16 08:21:05] - ==> Building model..
[2025/10/16 08:21:25] - Test Loss 	 Test Acc 	 PGD Loss 	 PGD Acc
[2025/10/16 08:21:25] - 2.5900 	 	 0.5192 	 2.8816 	 0.2831
[2025/10/16 08:22:05] - 82 	 21.2 	 	 0.2000 	 4.0914 	 0.2789
[2025/10/16 08:22:05] - ==> Building model..
[2025/10/16 08:22:26] - Test Loss 	 Test Acc 	 PGD Loss 	 PGD Acc
[2025/10/16 08:22:26] - 2.5888 	 	 0.5202 	 2.8812 	 0.2832
[2025/10/16 08:23:07] - 83 	 20.5 	 	 0.2000 	 4.0889 	 0.2812
[2025/10/16 08:23:07] - ==> Building model..
[2025/10/16 08:23:28] - Test Loss 	 Test Acc 	 PGD Loss 	 PGD Acc
[2025/10/16 08:23:28] - 2.5905 	 	 0.5193 	 2.8819 	 0.2832
[2025/10/16 08:24:08] - 84 	 21.0 	 	 0.2000 	 4.0905 	 0.2791
[2025/10/16 08:24:08] - ==> Building model..
[2025/10/16 08:24:25] - Test Loss 	 Test Acc 	 PGD Loss 	 PGD Acc
[2025/10/16 08:24:25] - 2.5913 	 	 0.5187 	 2.8828 	 0.2834
[2025/10/16 08:25:02] - 85 	 18.0 	 	 0.2000 	 4.0916 	 0.2788
[2025/10/16 08:25:02] - ==> Building model..
[2025/10/16 08:25:22] - Test Loss 	 Test Acc 	 PGD Loss 	 PGD Acc
[2025/10/16 08:25:22] - 2.5922 	 	 0.5191 	 2.8834 	 0.2839
[2025/10/16 08:26:02] - 86 	 20.1 	 	 0.2000 	 4.0903 	 0.2806
[2025/10/16 08:26:02] - ==> Building model..
[2025/10/16 08:26:22] - Test Loss 	 Test Acc 	 PGD Loss 	 PGD Acc
[2025/10/16 08:26:22] - 2.5930 	 	 0.5190 	 2.8839 	 0.2840
[2025/10/16 08:27:00] - 87 	 18.2 	 	 0.2000 	 4.0903 	 0.2810
[2025/10/16 08:27:00] - ==> Building model..
[2025/10/16 08:27:17] - Test Loss 	 Test Acc 	 PGD Loss 	 PGD Acc
[2025/10/16 08:27:17] - 2.5939 	 	 0.5193 	 2.8848 	 0.2842
[2025/10/16 08:27:56] - 88 	 19.0 	 	 0.2000 	 4.0918 	 0.2781
[2025/10/16 08:27:56] - ==> Building model..
[2025/10/16 08:28:15] - Test Loss 	 Test Acc 	 PGD Loss 	 PGD Acc
[2025/10/16 08:28:15] - 2.5945 	 	 0.5194 	 2.8853 	 0.2841
[2025/10/16 08:28:50] - 89 	 17.0 	 	 0.2000 	 4.0902 	 0.2819
[2025/10/16 08:28:50] - ==> Building model..
[2025/10/16 08:29:09] - Test Loss 	 Test Acc 	 PGD Loss 	 PGD Acc
[2025/10/16 08:29:09] - 2.5955 	 	 0.5202 	 2.8856 	 0.2836
[2025/10/16 08:29:52] - 90 	 20.9 	 	 0.0200 	 3.9952 	 0.3420
[2025/10/16 08:29:52] - ==> Building model..
[2025/10/16 08:30:10] - Test Loss 	 Test Acc 	 PGD Loss 	 PGD Acc
[2025/10/16 08:30:10] - 2.5923 	 	 0.5221 	 2.8835 	 0.2845
[2025/10/16 08:30:49] - 91 	 19.3 	 	 0.0200 	 3.9024 	 0.4019
[2025/10/16 08:30:49] - ==> Building model..
[2025/10/16 08:31:10] - Test Loss 	 Test Acc 	 PGD Loss 	 PGD Acc
[2025/10/16 08:31:10] - 2.5917 	 	 0.5223 	 2.8825 	 0.2840
[2025/10/16 08:31:45] - 92 	 17.1 	 	 0.0200 	 3.8761 	 0.4218
[2025/10/16 08:31:45] - ==> Building model..
[2025/10/16 08:32:06] - Test Loss 	 Test Acc 	 PGD Loss 	 PGD Acc
[2025/10/16 08:32:06] - 2.5914 	 	 0.5222 	 2.8828 	 0.2846
[2025/10/16 08:32:44] - 93 	 18.3 	 	 0.0200 	 3.8591 	 0.4297
[2025/10/16 08:32:44] - ==> Building model..
[2025/10/16 08:33:05] - Test Loss 	 Test Acc 	 PGD Loss 	 PGD Acc
[2025/10/16 08:33:05] - 2.5918 	 	 0.5222 	 2.8837 	 0.2844
[2025/10/16 08:33:43] - 94 	 17.9 	 	 0.0200 	 3.8438 	 0.4433
[2025/10/16 08:33:43] - ==> Building model..
[2025/10/16 08:34:03] - Test Loss 	 Test Acc 	 PGD Loss 	 PGD Acc
[2025/10/16 08:34:03] - 2.5941 	 	 0.5221 	 2.8851 	 0.2851
[2025/10/16 08:34:41] - 95 	 18.3 	 	 0.0200 	 3.8318 	 0.4512
[2025/10/16 08:34:41] - ==> Building model..
[2025/10/16 08:35:00] - Test Loss 	 Test Acc 	 PGD Loss 	 PGD Acc
[2025/10/16 08:35:00] - 2.5962 	 	 0.5221 	 2.8872 	 0.2845
[2025/10/16 08:35:37] - 96 	 17.1 	 	 0.0200 	 3.8217 	 0.4589
[2025/10/16 08:35:37] - ==> Building model..
[2025/10/16 08:35:56] - Test Loss 	 Test Acc 	 PGD Loss 	 PGD Acc
[2025/10/16 08:35:56] - 2.5984 	 	 0.5218 	 2.8886 	 0.2845
[2025/10/16 08:36:32] - 97 	 16.9 	 	 0.0200 	 3.8129 	 0.4653
[2025/10/16 08:36:32] - ==> Building model..
[2025/10/16 08:36:51] - Test Loss 	 Test Acc 	 PGD Loss 	 PGD Acc
[2025/10/16 08:36:51] - 2.5992 	 	 0.5216 	 2.8893 	 0.2845
[2025/10/16 08:37:29] - 98 	 18.5 	 	 0.0200 	 3.8045 	 0.4712
[2025/10/16 08:37:29] - ==> Building model..
[2025/10/16 08:37:46] - Test Loss 	 Test Acc 	 PGD Loss 	 PGD Acc
[2025/10/16 08:37:46] - 2.6014 	 	 0.5217 	 2.8911 	 0.2844
[2025/10/16 08:38:23] - 99 	 17.8 	 	 0.0200 	 3.7970 	 0.4783
[2025/10/16 08:38:23] - ==> Building model..
[2025/10/16 08:38:42] - Test Loss 	 Test Acc 	 PGD Loss 	 PGD Acc
[2025/10/16 08:38:42] - 2.6026 	 	 0.5219 	 2.8920 	 0.2835
[2025/10/16 08:38:43] - [0.0845, 0.1467, 0.1899, 0.2438, 0.2758, 0.3074, 0.3475, 0.383, 0.4017, 0.4177, 0.43, 0.4393, 0.4506, 0.4519, 0.4607, 0.4641, 0.4658, 0.4707, 0.4746, 0.4785, 0.4811, 0.485, 0.4899, 0.4908, 0.4913, 0.4937, 0.4962, 0.4964, 0.4984, 0.4978, 0.4988, 0.4996, 0.5004, 0.5009, 0.5019, 0.502, 0.504, 0.5031, 0.5052, 0.5066, 0.507, 0.5079, 0.5085, 0.5101, 0.5112, 0.5114, 0.5119, 0.5135, 0.5113, 0.5117, 0.512, 0.5118, 0.5125, 0.5132, 0.5142, 0.5138, 0.5145, 0.5159, 0.5144, 0.5151, 0.5152, 0.5156, 0.5161, 0.5168, 0.5169, 0.5164, 0.5173, 0.5176, 0.5175, 0.5173, 0.518, 0.5182, 0.5193, 0.5196, 0.5194, 0.5206, 0.5197, 0.5195, 0.519, 0.5184, 0.5198, 0.5192, 0.5202, 0.5193, 0.5187, 0.5191, 0.519, 0.5193, 0.5194, 0.5202, 0.5221, 0.5223, 0.5222, 0.5222, 0.5221, 0.5221, 0.5218, 0.5216, 0.5217, 0.5219]
[2025/10/16 08:38:43] - [0.0571, 0.0941, 0.1168, 0.1418, 0.163, 0.1784, 0.1938, 0.2099, 0.2169, 0.2232, 0.2303, 0.2369, 0.2388, 0.2418, 0.2454, 0.2482, 0.251, 0.2534, 0.2561, 0.2576, 0.2588, 0.2584, 0.261, 0.2605, 0.2642, 0.2654, 0.2672, 0.2683, 0.2694, 0.2698, 0.2699, 0.2713, 0.2716, 0.272, 0.2717, 0.2707, 0.2721, 0.2729, 0.273, 0.2725, 0.2728, 0.2728, 0.2751, 0.2747, 0.2738, 0.2752, 0.276, 0.2779, 0.2776, 0.2768, 0.2779, 0.2793, 0.2794, 0.2789, 0.279, 0.2792, 0.2794, 0.2805, 0.2823, 0.2814, 0.2808, 0.2809, 0.2806, 0.2805, 0.28, 0.2804, 0.28, 0.2804, 0.2812, 0.281, 0.2816, 0.2817, 0.2816, 0.2817, 0.2816, 0.2832, 0.2823, 0.2837, 0.2833, 0.283, 0.2836, 0.2831, 0.2832, 0.2832, 0.2834, 0.2839, 0.284, 0.2842, 0.2841, 0.2836, 0.2845, 0.284, 0.2846, 0.2844, 0.2851, 0.2845, 0.2845, 0.2845, 0.2844, 0.2835]
