[2025/09/21 04:01:13] - Namespace(batch_size=128, data_dir='./tiny-imagenet-200', epochs=110, lr_schedule='multistep', lr_min=0.0, lr_max=0.1, weight_decay=0.0005, momentum=0.9, model='PreActResNest18', epsilon=8, alpha=8, delta_init='random', normal_mean=0, normal_std=1, out_dir='./output/Tiny_ImageNet/lam_scale_0.1', seed=0, lamda=38, lam_scale=0.1, lam_start=50, gamma=0.025, inner_gamma=0.025, beta=0.6, mu=3.5, batch_m=0.75, early_stop=False, factor=0.3, length=6, n_holes=1, c_num=0.125, EMA_value=0.55)
[2025/09/21 04:04:28] - ==> Building model..
[2025/09/21 04:04:28] - Epoch 	 Seconds 	 LR 	 	 Train Loss 	 Train Acc
[2025/09/21 04:09:00] - 0 	 263.4 	 	 0.1000 	 5.2935 	 0.0267
[2025/09/21 04:09:00] - ==> Building model..
[2025/09/21 04:10:29] - Test Loss 	 Test Acc 	 PGD Loss 	 PGD Acc
[2025/09/21 04:10:29] - 4.9990 	 	 0.0761 	 5.0107 	 0.0408
[2025/09/21 04:15:00] - 1 	 262.2 	 	 0.1000 	 5.2329 	 0.0660
[2025/09/21 04:15:00] - ==> Building model..
[2025/09/21 04:16:36] - Test Loss 	 Test Acc 	 PGD Loss 	 PGD Acc
[2025/09/21 04:16:36] - 4.7802 	 	 0.1374 	 4.8129 	 0.0717
[2025/09/21 04:21:09] - 2 	 262.4 	 	 0.1000 	 5.2009 	 0.0971
[2025/09/21 04:21:09] - ==> Building model..
[2025/09/21 04:22:46] - Test Loss 	 Test Acc 	 PGD Loss 	 PGD Acc
[2025/09/21 04:22:46] - 4.6366 	 	 0.1790 	 4.6897 	 0.0921
[2025/09/21 04:27:14] - 3 	 258.8 	 	 0.1000 	 5.1748 	 0.1204
[2025/09/21 04:27:14] - ==> Building model..
[2025/09/21 04:28:50] - Test Loss 	 Test Acc 	 PGD Loss 	 PGD Acc
[2025/09/21 04:28:50] - 4.5360 	 	 0.2058 	 4.6069 	 0.1074
[2025/09/21 04:33:19] - 4 	 259.7 	 	 0.1000 	 5.1513 	 0.1416
[2025/09/21 04:33:19] - ==> Building model..
[2025/09/21 04:34:51] - Test Loss 	 Test Acc 	 PGD Loss 	 PGD Acc
[2025/09/21 04:34:51] - 4.4730 	 	 0.2295 	 4.5575 	 0.1186
[2025/09/21 04:39:23] - 5 	 262.4 	 	 0.1000 	 5.1309 	 0.1604
[2025/09/21 04:39:23] - ==> Building model..
[2025/09/21 04:40:59] - Test Loss 	 Test Acc 	 PGD Loss 	 PGD Acc
[2025/09/21 04:40:59] - 4.4785 	 	 0.2365 	 4.5651 	 0.1205
[2025/09/21 04:45:25] - 6 	 256.8 	 	 0.1000 	 5.1162 	 0.1751
[2025/09/21 04:45:25] - ==> Building model..
[2025/09/21 04:47:08] - Test Loss 	 Test Acc 	 PGD Loss 	 PGD Acc
[2025/09/21 04:47:08] - 4.4034 	 	 0.2519 	 4.5044 	 0.1295
[2025/09/21 04:51:35] - 7 	 257.5 	 	 0.1000 	 5.1039 	 0.1875
[2025/09/21 04:51:35] - ==> Building model..
[2025/09/21 04:53:17] - Test Loss 	 Test Acc 	 PGD Loss 	 PGD Acc
[2025/09/21 04:53:17] - 4.2282 	 	 0.2898 	 4.3636 	 0.1472
[2025/09/21 04:57:44] - 8 	 257.6 	 	 0.1000 	 5.0928 	 0.1980
[2025/09/21 04:57:44] - ==> Building model..
[2025/09/21 04:59:27] - Test Loss 	 Test Acc 	 PGD Loss 	 PGD Acc
[2025/09/21 04:59:27] - 4.0554 	 	 0.3256 	 4.2285 	 0.1656
[2025/09/21 05:03:54] - 9 	 257.0 	 	 0.1000 	 5.0836 	 0.2079
[2025/09/21 05:03:54] - ==> Building model..
[2025/09/21 05:05:33] - Test Loss 	 Test Acc 	 PGD Loss 	 PGD Acc
[2025/09/21 05:05:33] - 3.9403 	 	 0.3519 	 4.1410 	 0.1762
[2025/09/21 05:10:01] - 10 	 258.0 	 	 0.1000 	 5.0755 	 0.2165
[2025/09/21 05:10:01] - ==> Building model..
[2025/09/21 05:11:36] - Test Loss 	 Test Acc 	 PGD Loss 	 PGD Acc
[2025/09/21 05:11:36] - 3.8702 	 	 0.3638 	 4.0881 	 0.1806
[2025/09/21 05:16:06] - 11 	 260.1 	 	 0.1000 	 5.0679 	 0.2237
[2025/09/21 05:16:06] - ==> Building model..
[2025/09/21 05:17:46] - Test Loss 	 Test Acc 	 PGD Loss 	 PGD Acc
[2025/09/21 05:17:46] - 3.8110 	 	 0.3758 	 4.0438 	 0.1884
[2025/09/21 05:22:13] - 12 	 258.0 	 	 0.1000 	 5.0617 	 0.2295
[2025/09/21 05:22:13] - ==> Building model..
[2025/09/21 05:23:57] - Test Loss 	 Test Acc 	 PGD Loss 	 PGD Acc
[2025/09/21 05:23:57] - 3.7665 	 	 0.3830 	 4.0108 	 0.1938
[2025/09/21 05:28:25] - 13 	 258.4 	 	 0.1000 	 5.0557 	 0.2361
[2025/09/21 05:28:25] - ==> Building model..
[2025/09/21 05:30:07] - Test Loss 	 Test Acc 	 PGD Loss 	 PGD Acc
[2025/09/21 05:30:07] - 3.7268 	 	 0.3911 	 3.9817 	 0.1975
[2025/09/21 05:34:34] - 14 	 256.6 	 	 0.1000 	 5.0504 	 0.2410
[2025/09/21 05:34:34] - ==> Building model..
[2025/09/21 05:36:16] - Test Loss 	 Test Acc 	 PGD Loss 	 PGD Acc
[2025/09/21 05:36:16] - 3.6898 	 	 0.3967 	 3.9546 	 0.1991
[2025/09/21 05:40:43] - 15 	 257.8 	 	 0.1000 	 5.0460 	 0.2472
[2025/09/21 05:40:43] - ==> Building model..
[2025/09/21 05:42:25] - Test Loss 	 Test Acc 	 PGD Loss 	 PGD Acc
[2025/09/21 05:42:25] - 3.6629 	 	 0.4010 	 3.9360 	 0.2040
[2025/09/21 05:46:53] - 16 	 257.9 	 	 0.1000 	 5.0417 	 0.2502
[2025/09/21 05:46:53] - ==> Building model..
[2025/09/21 05:48:33] - Test Loss 	 Test Acc 	 PGD Loss 	 PGD Acc
[2025/09/21 05:48:33] - 3.6436 	 	 0.4061 	 3.9227 	 0.2059
[2025/09/21 05:53:03] - 17 	 261.1 	 	 0.1000 	 5.0371 	 0.2562
[2025/09/21 05:53:03] - ==> Building model..
[2025/09/21 05:54:41] - Test Loss 	 Test Acc 	 PGD Loss 	 PGD Acc
[2025/09/21 05:54:41] - 3.6254 	 	 0.4102 	 3.9107 	 0.2066
[2025/09/21 05:59:17] - 18 	 267.0 	 	 0.1000 	 5.0341 	 0.2600
[2025/09/21 05:59:17] - ==> Building model..
[2025/09/21 06:00:48] - Test Loss 	 Test Acc 	 PGD Loss 	 PGD Acc
[2025/09/21 06:00:48] - 3.6093 	 	 0.4129 	 3.8992 	 0.2089
[2025/09/21 06:05:21] - 19 	 264.6 	 	 0.1000 	 5.0303 	 0.2641
[2025/09/21 06:05:21] - ==> Building model..
[2025/09/21 06:06:53] - Test Loss 	 Test Acc 	 PGD Loss 	 PGD Acc
[2025/09/21 06:06:53] - 3.5945 	 	 0.4171 	 3.8891 	 0.2097
[2025/09/21 06:11:31] - 20 	 268.8 	 	 0.1000 	 5.0279 	 0.2654
[2025/09/21 06:11:31] - ==> Building model..
[2025/09/21 06:13:08] - Test Loss 	 Test Acc 	 PGD Loss 	 PGD Acc
[2025/09/21 06:13:08] - 3.5802 	 	 0.4228 	 3.8791 	 0.2114
[2025/09/21 06:17:38] - 21 	 261.4 	 	 0.1000 	 5.0255 	 0.2667
[2025/09/21 06:17:38] - ==> Building model..
[2025/09/21 06:19:20] - Test Loss 	 Test Acc 	 PGD Loss 	 PGD Acc
[2025/09/21 06:19:20] - 3.5664 	 	 0.4267 	 3.8703 	 0.2142
[2025/09/21 06:23:52] - 22 	 263.4 	 	 0.1000 	 5.0222 	 0.2702
[2025/09/21 06:23:52] - ==> Building model..
[2025/09/21 06:25:34] - Test Loss 	 Test Acc 	 PGD Loss 	 PGD Acc
[2025/09/21 06:25:34] - 3.5543 	 	 0.4286 	 3.8619 	 0.2146
[2025/09/21 06:30:05] - 23 	 261.5 	 	 0.1000 	 5.0198 	 0.2731
[2025/09/21 06:30:05] - ==> Building model..
[2025/09/21 06:31:47] - Test Loss 	 Test Acc 	 PGD Loss 	 PGD Acc
[2025/09/21 06:31:47] - 3.5400 	 	 0.4321 	 3.8516 	 0.2162
[2025/09/21 06:36:19] - 24 	 262.3 	 	 0.1000 	 5.0177 	 0.2756
[2025/09/21 06:36:19] - ==> Building model..
[2025/09/21 06:37:58] - Test Loss 	 Test Acc 	 PGD Loss 	 PGD Acc
[2025/09/21 06:37:58] - 3.5268 	 	 0.4333 	 3.8427 	 0.2177
[2025/09/21 06:42:35] - 25 	 267.9 	 	 0.1000 	 5.0158 	 0.2772
[2025/09/21 06:42:35] - ==> Building model..
[2025/09/21 06:44:11] - Test Loss 	 Test Acc 	 PGD Loss 	 PGD Acc
[2025/09/21 06:44:11] - 3.5155 	 	 0.4348 	 3.8347 	 0.2189
[2025/09/21 06:48:43] - 26 	 263.7 	 	 0.1000 	 5.0137 	 0.2800
[2025/09/21 06:48:43] - ==> Building model..
[2025/09/21 06:50:26] - Test Loss 	 Test Acc 	 PGD Loss 	 PGD Acc
[2025/09/21 06:50:26] - 3.5041 	 	 0.4358 	 3.8268 	 0.2190
[2025/09/21 06:54:55] - 27 	 259.7 	 	 0.1000 	 5.0121 	 0.2812
[2025/09/21 06:54:55] - ==> Building model..
[2025/09/21 06:56:39] - Test Loss 	 Test Acc 	 PGD Loss 	 PGD Acc
[2025/09/21 06:56:39] - 3.4958 	 	 0.4384 	 3.8218 	 0.2193
[2025/09/21 07:01:10] - 28 	 262.3 	 	 0.1000 	 5.0098 	 0.2839
[2025/09/21 07:01:10] - ==> Building model..
[2025/09/21 07:02:54] - Test Loss 	 Test Acc 	 PGD Loss 	 PGD Acc
[2025/09/21 07:02:54] - 3.4854 	 	 0.4412 	 3.8144 	 0.2208
[2025/09/21 07:07:24] - 29 	 260.3 	 	 0.1000 	 5.0088 	 0.2836
[2025/09/21 07:07:24] - ==> Building model..
[2025/09/21 07:09:08] - Test Loss 	 Test Acc 	 PGD Loss 	 PGD Acc
[2025/09/21 07:09:08] - 3.4754 	 	 0.4439 	 3.8078 	 0.2214
[2025/09/21 07:13:43] - 30 	 265.7 	 	 0.1000 	 5.0077 	 0.2857
[2025/09/21 07:13:43] - ==> Building model..
[2025/09/21 07:15:21] - Test Loss 	 Test Acc 	 PGD Loss 	 PGD Acc
[2025/09/21 07:15:21] - 3.4687 	 	 0.4462 	 3.8037 	 0.2229
[2025/09/21 07:19:52] - 31 	 262.3 	 	 0.1000 	 5.0057 	 0.2881
[2025/09/21 07:19:52] - ==> Building model..
[2025/09/21 07:21:30] - Test Loss 	 Test Acc 	 PGD Loss 	 PGD Acc
[2025/09/21 07:21:30] - 3.4612 	 	 0.4489 	 3.7995 	 0.2244
[2025/09/21 07:26:02] - 32 	 261.5 	 	 0.1000 	 5.0048 	 0.2866
[2025/09/21 07:26:02] - ==> Building model..
[2025/09/21 07:27:44] - Test Loss 	 Test Acc 	 PGD Loss 	 PGD Acc
[2025/09/21 07:27:44] - 3.4547 	 	 0.4512 	 3.7959 	 0.2256
[2025/09/21 07:32:12] - 33 	 259.4 	 	 0.1000 	 5.0033 	 0.2902
[2025/09/21 07:32:12] - ==> Building model..
[2025/09/21 07:33:56] - Test Loss 	 Test Acc 	 PGD Loss 	 PGD Acc
[2025/09/21 07:33:56] - 3.4470 	 	 0.4524 	 3.7908 	 0.2261
[2025/09/21 07:38:26] - 34 	 260.8 	 	 0.1000 	 5.0019 	 0.2904
[2025/09/21 07:38:26] - ==> Building model..
[2025/09/21 07:40:09] - Test Loss 	 Test Acc 	 PGD Loss 	 PGD Acc
[2025/09/21 07:40:09] - 3.4390 	 	 0.4537 	 3.7859 	 0.2256
[2025/09/21 07:44:38] - 35 	 259.1 	 	 0.1000 	 5.0004 	 0.2934
[2025/09/21 07:44:38] - ==> Building model..
[2025/09/21 07:46:20] - Test Loss 	 Test Acc 	 PGD Loss 	 PGD Acc
[2025/09/21 07:46:20] - 3.4318 	 	 0.4540 	 3.7808 	 0.2262
[2025/09/21 07:50:51] - 36 	 261.6 	 	 0.1000 	 5.0000 	 0.2926
[2025/09/21 07:50:51] - ==> Building model..
[2025/09/21 07:52:36] - Test Loss 	 Test Acc 	 PGD Loss 	 PGD Acc
[2025/09/21 07:52:36] - 3.4276 	 	 0.4547 	 3.7781 	 0.2277
[2025/09/21 07:57:06] - 37 	 260.7 	 	 0.1000 	 4.9984 	 0.2947
[2025/09/21 07:57:06] - ==> Building model..
[2025/09/21 07:58:49] - Test Loss 	 Test Acc 	 PGD Loss 	 PGD Acc
[2025/09/21 07:58:49] - 3.4230 	 	 0.4565 	 3.7756 	 0.2280
[2025/09/21 08:03:25] - 38 	 267.0 	 	 0.1000 	 4.9977 	 0.2961
[2025/09/21 08:03:25] - ==> Building model..
[2025/09/21 08:05:03] - Test Loss 	 Test Acc 	 PGD Loss 	 PGD Acc
[2025/09/21 08:05:03] - 3.4182 	 	 0.4578 	 3.7721 	 0.2276
[2025/09/21 08:09:36] - 39 	 263.6 	 	 0.1000 	 4.9961 	 0.2981
[2025/09/21 08:09:36] - ==> Building model..
[2025/09/21 08:11:15] - Test Loss 	 Test Acc 	 PGD Loss 	 PGD Acc
[2025/09/21 08:11:15] - 3.4138 	 	 0.4600 	 3.7696 	 0.2277
[2025/09/21 08:15:43] - 40 	 259.1 	 	 0.1000 	 4.9958 	 0.2965
[2025/09/21 08:15:43] - ==> Building model..
[2025/09/21 08:17:22] - Test Loss 	 Test Acc 	 PGD Loss 	 PGD Acc
[2025/09/21 08:17:22] - 3.4095 	 	 0.4599 	 3.7668 	 0.2276
[2025/09/21 08:21:51] - 41 	 259.9 	 	 0.1000 	 4.9943 	 0.2996
[2025/09/21 08:21:51] - ==> Building model..
[2025/09/21 08:23:33] - Test Loss 	 Test Acc 	 PGD Loss 	 PGD Acc
[2025/09/21 08:23:33] - 3.4059 	 	 0.4612 	 3.7650 	 0.2279
[2025/09/21 08:28:03] - 42 	 260.7 	 	 0.1000 	 4.9942 	 0.2995
[2025/09/21 08:28:03] - ==> Building model..
[2025/09/21 08:29:45] - Test Loss 	 Test Acc 	 PGD Loss 	 PGD Acc
[2025/09/21 08:29:45] - 3.4019 	 	 0.4618 	 3.7629 	 0.2282
[2025/09/21 08:34:14] - 43 	 259.5 	 	 0.1000 	 4.9932 	 0.3008
[2025/09/21 08:34:14] - ==> Building model..
[2025/09/21 08:35:54] - Test Loss 	 Test Acc 	 PGD Loss 	 PGD Acc
[2025/09/21 08:35:54] - 3.4001 	 	 0.4628 	 3.7620 	 0.2278
[2025/09/21 08:40:24] - 44 	 261.0 	 	 0.1000 	 4.9924 	 0.3039
[2025/09/21 08:40:24] - ==> Building model..
[2025/09/21 08:42:00] - Test Loss 	 Test Acc 	 PGD Loss 	 PGD Acc
[2025/09/21 08:42:00] - 3.3970 	 	 0.4633 	 3.7601 	 0.2282
[2025/09/21 08:46:32] - 45 	 264.6 	 	 0.1000 	 4.9919 	 0.3009
[2025/09/21 08:46:32] - ==> Building model..
[2025/09/21 08:48:05] - Test Loss 	 Test Acc 	 PGD Loss 	 PGD Acc
[2025/09/21 08:48:05] - 3.3942 	 	 0.4631 	 3.7586 	 0.2296
[2025/09/21 08:52:36] - 46 	 262.6 	 	 0.1000 	 4.9913 	 0.3036
[2025/09/21 08:52:36] - ==> Building model..
[2025/09/21 08:54:11] - Test Loss 	 Test Acc 	 PGD Loss 	 PGD Acc
[2025/09/21 08:54:11] - 3.3923 	 	 0.4629 	 3.7581 	 0.2308
[2025/09/21 08:58:47] - 47 	 265.9 	 	 0.1000 	 4.9905 	 0.3033
[2025/09/21 08:58:47] - ==> Building model..
[2025/09/21 09:00:28] - Test Loss 	 Test Acc 	 PGD Loss 	 PGD Acc
[2025/09/21 09:00:28] - 3.3904 	 	 0.4644 	 3.7573 	 0.2316
[2025/09/21 09:04:58] - 48 	 260.5 	 	 0.1000 	 4.9905 	 0.3037
[2025/09/21 09:04:58] - ==> Building model..
[2025/09/21 09:06:42] - Test Loss 	 Test Acc 	 PGD Loss 	 PGD Acc
[2025/09/21 09:06:42] - 3.3881 	 	 0.4662 	 3.7567 	 0.2313
[2025/09/21 09:11:13] - 49 	 262.7 	 	 0.1000 	 4.9894 	 0.3022
[2025/09/21 09:11:13] - ==> Building model..
[2025/09/21 09:12:58] - Test Loss 	 Test Acc 	 PGD Loss 	 PGD Acc
[2025/09/21 09:12:58] - 3.3860 	 	 0.4672 	 3.7564 	 0.2320
[2025/09/21 09:17:37] - 50 	 271.7 	 	 0.1000 	 4.9887 	 0.3052
[2025/09/21 09:17:37] - ==> Building model..
[2025/09/21 09:19:15] - Test Loss 	 Test Acc 	 PGD Loss 	 PGD Acc
[2025/09/21 09:19:15] - 3.3841 	 	 0.4688 	 3.7559 	 0.2316
[2025/09/21 09:23:59] - 51 	 276.4 	 	 0.1000 	 4.9884 	 0.3052
[2025/09/21 09:23:59] - ==> Building model..
[2025/09/21 09:25:37] - Test Loss 	 Test Acc 	 PGD Loss 	 PGD Acc
[2025/09/21 09:25:37] - 3.3816 	 	 0.4701 	 3.7544 	 0.2319
[2025/09/21 09:30:11] - 52 	 266.0 	 	 0.1000 	 4.9881 	 0.3059
[2025/09/21 09:30:11] - ==> Building model..
[2025/09/21 09:31:46] - Test Loss 	 Test Acc 	 PGD Loss 	 PGD Acc
[2025/09/21 09:31:46] - 3.3802 	 	 0.4710 	 3.7552 	 0.2321
[2025/09/21 09:36:11] - 53 	 255.1 	 	 0.1000 	 4.9877 	 0.3061
[2025/09/21 09:36:11] - ==> Building model..
[2025/09/21 09:37:54] - Test Loss 	 Test Acc 	 PGD Loss 	 PGD Acc
[2025/09/21 09:37:54] - 3.3812 	 	 0.4724 	 3.7564 	 0.2319
[2025/09/21 09:42:38] - 54 	 276.6 	 	 0.1000 	 4.9877 	 0.3077
[2025/09/21 09:42:38] - ==> Building model..
[2025/09/21 09:44:13] - Test Loss 	 Test Acc 	 PGD Loss 	 PGD Acc
[2025/09/21 09:44:13] - 3.3842 	 	 0.4720 	 3.7599 	 0.2325
[2025/09/21 09:48:58] - 55 	 277.7 	 	 0.1000 	 4.9868 	 0.3081
[2025/09/21 09:48:58] - ==> Building model..
[2025/09/21 09:50:40] - Test Loss 	 Test Acc 	 PGD Loss 	 PGD Acc
[2025/09/21 09:50:40] - 3.3861 	 	 0.4714 	 3.7620 	 0.2328
[2025/09/21 09:55:14] - 56 	 266.4 	 	 0.1000 	 4.9874 	 0.3092
[2025/09/21 09:55:14] - ==> Building model..
[2025/09/21 09:56:59] - Test Loss 	 Test Acc 	 PGD Loss 	 PGD Acc
[2025/09/21 09:56:59] - 3.3900 	 	 0.4713 	 3.7661 	 0.2327
[2025/09/21 10:01:42] - 57 	 275.7 	 	 0.1000 	 4.9870 	 0.3080
[2025/09/21 10:01:42] - ==> Building model..
[2025/09/21 10:03:28] - Test Loss 	 Test Acc 	 PGD Loss 	 PGD Acc
[2025/09/21 10:03:28] - 3.3917 	 	 0.4716 	 3.7676 	 0.2350
[2025/09/21 10:08:04] - 58 	 269.2 	 	 0.1000 	 4.9874 	 0.3077
[2025/09/21 10:08:04] - ==> Building model..
[2025/09/21 10:09:47] - Test Loss 	 Test Acc 	 PGD Loss 	 PGD Acc
[2025/09/21 10:09:47] - 3.3952 	 	 0.4704 	 3.7711 	 0.2358
[2025/09/21 10:14:30] - 59 	 276.3 	 	 0.1000 	 4.9880 	 0.3075
[2025/09/21 10:14:30] - ==> Building model..
[2025/09/21 10:16:07] - Test Loss 	 Test Acc 	 PGD Loss 	 PGD Acc
[2025/09/21 10:16:07] - 3.3976 	 	 0.4707 	 3.7732 	 0.2352
[2025/09/21 10:20:49] - 60 	 273.8 	 	 0.1000 	 4.9875 	 0.3084
[2025/09/21 10:20:49] - ==> Building model..
[2025/09/21 10:22:31] - Test Loss 	 Test Acc 	 PGD Loss 	 PGD Acc
[2025/09/21 10:22:31] - 3.3992 	 	 0.4714 	 3.7745 	 0.2355
[2025/09/21 10:27:10] - 61 	 272.5 	 	 0.1000 	 4.9867 	 0.3111
[2025/09/21 10:27:10] - ==> Building model..
[2025/09/21 10:28:52] - Test Loss 	 Test Acc 	 PGD Loss 	 PGD Acc
[2025/09/21 10:28:52] - 3.4000 	 	 0.4712 	 3.7752 	 0.2350
[2025/09/21 10:33:27] - 62 	 267.7 	 	 0.1000 	 4.9875 	 0.3095
[2025/09/21 10:33:27] - ==> Building model..
[2025/09/21 10:35:12] - Test Loss 	 Test Acc 	 PGD Loss 	 PGD Acc
[2025/09/21 10:35:12] - 3.4025 	 	 0.4716 	 3.7776 	 0.2356
[2025/09/21 10:39:45] - 63 	 264.4 	 	 0.1000 	 4.9868 	 0.3109
[2025/09/21 10:39:45] - ==> Building model..
[2025/09/21 10:41:30] - Test Loss 	 Test Acc 	 PGD Loss 	 PGD Acc
[2025/09/21 10:41:30] - 3.4019 	 	 0.4723 	 3.7768 	 0.2351
[2025/09/21 10:45:55] - 64 	 254.3 	 	 0.1000 	 4.9865 	 0.3112
[2025/09/21 10:45:55] - ==> Building model..
[2025/09/21 10:47:39] - Test Loss 	 Test Acc 	 PGD Loss 	 PGD Acc
[2025/09/21 10:47:39] - 3.4020 	 	 0.4732 	 3.7771 	 0.2375
[2025/09/21 10:52:06] - 65 	 255.5 	 	 0.1000 	 4.9860 	 0.3106
[2025/09/21 10:52:06] - ==> Building model..
[2025/09/21 10:53:47] - Test Loss 	 Test Acc 	 PGD Loss 	 PGD Acc
[2025/09/21 10:53:47] - 3.3991 	 	 0.4741 	 3.7744 	 0.2355
[2025/09/21 10:58:13] - 66 	 256.9 	 	 0.1000 	 4.9862 	 0.3125
[2025/09/21 10:58:13] - ==> Building model..
[2025/09/21 10:59:52] - Test Loss 	 Test Acc 	 PGD Loss 	 PGD Acc
[2025/09/21 10:59:52] - 3.3977 	 	 0.4739 	 3.7732 	 0.2351
[2025/09/21 11:04:26] - 67 	 266.2 	 	 0.1000 	 4.9860 	 0.3128
[2025/09/21 11:04:26] - ==> Building model..
[2025/09/21 11:06:09] - Test Loss 	 Test Acc 	 PGD Loss 	 PGD Acc
[2025/09/21 11:06:09] - 3.3962 	 	 0.4739 	 3.7719 	 0.2355
[2025/09/21 11:10:45] - 68 	 267.8 	 	 0.1000 	 4.9856 	 0.3113
[2025/09/21 11:10:45] - ==> Building model..
[2025/09/21 11:12:23] - Test Loss 	 Test Acc 	 PGD Loss 	 PGD Acc
[2025/09/21 11:12:23] - 3.3948 	 	 0.4740 	 3.7708 	 0.2354
[2025/09/21 11:16:57] - 69 	 265.3 	 	 0.1000 	 4.9860 	 0.3117
[2025/09/21 11:16:57] - ==> Building model..
[2025/09/21 11:18:41] - Test Loss 	 Test Acc 	 PGD Loss 	 PGD Acc
[2025/09/21 11:18:41] - 3.3937 	 	 0.4737 	 3.7696 	 0.2365
[2025/09/21 11:23:13] - 70 	 264.0 	 	 0.1000 	 4.9850 	 0.3121
[2025/09/21 11:23:13] - ==> Building model..
[2025/09/21 11:24:59] - Test Loss 	 Test Acc 	 PGD Loss 	 PGD Acc
[2025/09/21 11:24:59] - 3.3920 	 	 0.4730 	 3.7683 	 0.2367
[2025/09/21 11:29:31] - 71 	 264.1 	 	 0.1000 	 4.9850 	 0.3115
[2025/09/21 11:29:31] - ==> Building model..
[2025/09/21 11:31:15] - Test Loss 	 Test Acc 	 PGD Loss 	 PGD Acc
[2025/09/21 11:31:15] - 3.3911 	 	 0.4737 	 3.7670 	 0.2367
[2025/09/21 11:35:53] - 72 	 269.2 	 	 0.1000 	 4.9842 	 0.3136
[2025/09/21 11:35:53] - ==> Building model..
[2025/09/21 11:37:31] - Test Loss 	 Test Acc 	 PGD Loss 	 PGD Acc
[2025/09/21 11:37:31] - 3.3888 	 	 0.4750 	 3.7652 	 0.2368
[2025/09/21 11:42:06] - 73 	 266.1 	 	 0.1000 	 4.9841 	 0.3154
[2025/09/21 11:42:06] - ==> Building model..
[2025/09/21 11:43:52] - Test Loss 	 Test Acc 	 PGD Loss 	 PGD Acc
[2025/09/21 11:43:52] - 3.3864 	 	 0.4751 	 3.7629 	 0.2366
[2025/09/21 11:48:21] - 74 	 259.7 	 	 0.1000 	 4.9845 	 0.3134
[2025/09/21 11:48:21] - ==> Building model..
[2025/09/21 11:50:02] - Test Loss 	 Test Acc 	 PGD Loss 	 PGD Acc
[2025/09/21 11:50:02] - 3.3837 	 	 0.4755 	 3.7607 	 0.2372
[2025/09/21 11:54:27] - 75 	 256.1 	 	 0.1000 	 4.9840 	 0.3135
[2025/09/21 11:54:27] - ==> Building model..
[2025/09/21 11:56:12] - Test Loss 	 Test Acc 	 PGD Loss 	 PGD Acc
[2025/09/21 11:56:12] - 3.3813 	 	 0.4747 	 3.7589 	 0.2371
[2025/09/21 12:00:46] - 76 	 265.2 	 	 0.1000 	 4.9830 	 0.3145
[2025/09/21 12:00:46] - ==> Building model..
[2025/09/21 12:02:32] - Test Loss 	 Test Acc 	 PGD Loss 	 PGD Acc
[2025/09/21 12:02:32] - 3.3781 	 	 0.4756 	 3.7567 	 0.2369
[2025/09/21 12:07:10] - 77 	 270.0 	 	 0.1000 	 4.9830 	 0.3148
[2025/09/21 12:07:10] - ==> Building model..
[2025/09/21 12:08:51] - Test Loss 	 Test Acc 	 PGD Loss 	 PGD Acc
[2025/09/21 12:08:51] - 3.3749 	 	 0.4752 	 3.7541 	 0.2378
[2025/09/21 12:13:24] - 78 	 264.0 	 	 0.1000 	 4.9831 	 0.3153
[2025/09/21 12:13:24] - ==> Building model..
[2025/09/21 12:15:06] - Test Loss 	 Test Acc 	 PGD Loss 	 PGD Acc
[2025/09/21 12:15:06] - 3.3721 	 	 0.4753 	 3.7519 	 0.2380
[2025/09/21 12:19:39] - 79 	 264.0 	 	 0.1000 	 4.9826 	 0.3141
[2025/09/21 12:19:39] - ==> Building model..
[2025/09/21 12:21:23] - Test Loss 	 Test Acc 	 PGD Loss 	 PGD Acc
[2025/09/21 12:21:23] - 3.3681 	 	 0.4752 	 3.7490 	 0.2382
[2025/09/21 12:25:52] - 80 	 259.7 	 	 0.1000 	 4.9822 	 0.3172
[2025/09/21 12:25:52] - ==> Building model..
[2025/09/21 12:27:33] - Test Loss 	 Test Acc 	 PGD Loss 	 PGD Acc
[2025/09/21 12:27:33] - 3.3653 	 	 0.4758 	 3.7469 	 0.2390
[2025/09/21 12:31:58] - 81 	 254.6 	 	 0.1000 	 4.9815 	 0.3160
[2025/09/21 12:31:58] - ==> Building model..
[2025/09/21 12:33:41] - Test Loss 	 Test Acc 	 PGD Loss 	 PGD Acc
[2025/09/21 12:33:41] - 3.3637 	 	 0.4759 	 3.7463 	 0.2392
[2025/09/21 12:38:08] - 82 	 255.8 	 	 0.1000 	 4.9816 	 0.3160
[2025/09/21 12:38:08] - ==> Building model..
[2025/09/21 12:39:50] - Test Loss 	 Test Acc 	 PGD Loss 	 PGD Acc
[2025/09/21 12:39:50] - 3.3617 	 	 0.4760 	 3.7450 	 0.2400
[2025/09/21 12:44:23] - 83 	 265.5 	 	 0.1000 	 4.9825 	 0.3167
[2025/09/21 12:44:23] - ==> Building model..
[2025/09/21 12:46:01] - Test Loss 	 Test Acc 	 PGD Loss 	 PGD Acc
[2025/09/21 12:46:01] - 3.3609 	 	 0.4761 	 3.7443 	 0.2395
[2025/09/21 12:50:40] - 84 	 270.1 	 	 0.1000 	 4.9814 	 0.3159
[2025/09/21 12:50:40] - ==> Building model..
[2025/09/21 12:52:22] - Test Loss 	 Test Acc 	 PGD Loss 	 PGD Acc
[2025/09/21 12:52:22] - 3.3595 	 	 0.4773 	 3.7437 	 0.2397
[2025/09/21 12:56:55] - 85 	 263.8 	 	 0.1000 	 4.9812 	 0.3169
[2025/09/21 12:56:55] - ==> Building model..
[2025/09/21 12:58:39] - Test Loss 	 Test Acc 	 PGD Loss 	 PGD Acc
[2025/09/21 12:58:39] - 3.3581 	 	 0.4776 	 3.7423 	 0.2395
[2025/09/21 13:03:11] - 86 	 264.2 	 	 0.1000 	 4.9811 	 0.3172
[2025/09/21 13:03:11] - ==> Building model..
[2025/09/21 13:04:57] - Test Loss 	 Test Acc 	 PGD Loss 	 PGD Acc
[2025/09/21 13:04:57] - 3.3561 	 	 0.4772 	 3.7409 	 0.2398
[2025/09/21 13:09:37] - 87 	 271.6 	 	 0.1000 	 4.9809 	 0.3157
[2025/09/21 13:09:37] - ==> Building model..
[2025/09/21 13:11:19] - Test Loss 	 Test Acc 	 PGD Loss 	 PGD Acc
[2025/09/21 13:11:19] - 3.3541 	 	 0.4778 	 3.7396 	 0.2403
[2025/09/21 13:15:47] - 88 	 259.8 	 	 0.1000 	 4.9811 	 0.3168
[2025/09/21 13:15:47] - ==> Building model..
[2025/09/21 13:17:33] - Test Loss 	 Test Acc 	 PGD Loss 	 PGD Acc
[2025/09/21 13:17:33] - 3.3518 	 	 0.4791 	 3.7386 	 0.2408
[2025/09/21 13:22:11] - 89 	 269.7 	 	 0.1000 	 4.9806 	 0.3173
[2025/09/21 13:22:11] - ==> Building model..
[2025/09/21 13:23:55] - Test Loss 	 Test Acc 	 PGD Loss 	 PGD Acc
[2025/09/21 13:23:55] - 3.3503 	 	 0.4786 	 3.7372 	 0.2396
[2025/09/21 13:28:36] - 90 	 274.9 	 	 0.1000 	 4.9801 	 0.3193
[2025/09/21 13:28:36] - ==> Building model..
[2025/09/21 13:30:21] - Test Loss 	 Test Acc 	 PGD Loss 	 PGD Acc
[2025/09/21 13:30:21] - 3.3496 	 	 0.4794 	 3.7367 	 0.2399
[2025/09/21 13:35:00] - 91 	 271.4 	 	 0.1000 	 4.9800 	 0.3177
[2025/09/21 13:35:00] - ==> Building model..
[2025/09/21 13:36:43] - Test Loss 	 Test Acc 	 PGD Loss 	 PGD Acc
[2025/09/21 13:36:43] - 3.3484 	 	 0.4794 	 3.7354 	 0.2404
[2025/09/21 13:41:30] - 92 	 278.6 	 	 0.1000 	 4.9805 	 0.3177
[2025/09/21 13:41:30] - ==> Building model..
[2025/09/21 13:43:10] - Test Loss 	 Test Acc 	 PGD Loss 	 PGD Acc
[2025/09/21 13:43:10] - 3.3463 	 	 0.4797 	 3.7341 	 0.2402
[2025/09/21 13:47:46] - 93 	 269.2 	 	 0.1000 	 4.9795 	 0.3192
[2025/09/21 13:47:46] - ==> Building model..
[2025/09/21 13:49:33] - Test Loss 	 Test Acc 	 PGD Loss 	 PGD Acc
[2025/09/21 13:49:33] - 3.3446 	 	 0.4799 	 3.7329 	 0.2412
[2025/09/21 13:54:13] - 94 	 272.6 	 	 0.1000 	 4.9804 	 0.3174
[2025/09/21 13:54:13] - ==> Building model..
[2025/09/21 13:55:55] - Test Loss 	 Test Acc 	 PGD Loss 	 PGD Acc
[2025/09/21 13:55:55] - 3.3435 	 	 0.4807 	 3.7322 	 0.2411
[2025/09/21 14:00:36] - 95 	 273.7 	 	 0.1000 	 4.9799 	 0.3192
[2025/09/21 14:00:36] - ==> Building model..
[2025/09/21 14:02:21] - Test Loss 	 Test Acc 	 PGD Loss 	 PGD Acc
[2025/09/21 14:02:21] - 3.3415 	 	 0.4818 	 3.7310 	 0.2402
[2025/09/21 14:07:03] - 96 	 274.7 	 	 0.1000 	 4.9792 	 0.3193
[2025/09/21 14:07:03] - ==> Building model..
[2025/09/21 14:08:43] - Test Loss 	 Test Acc 	 PGD Loss 	 PGD Acc
[2025/09/21 14:08:43] - 3.3398 	 	 0.4818 	 3.7298 	 0.2400
[2025/09/21 14:13:28] - 97 	 277.0 	 	 0.1000 	 4.9804 	 0.3187
[2025/09/21 14:13:28] - ==> Building model..
[2025/09/21 14:15:12] - Test Loss 	 Test Acc 	 PGD Loss 	 PGD Acc
[2025/09/21 14:15:12] - 3.3382 	 	 0.4812 	 3.7287 	 0.2401
[2025/09/21 14:19:47] - 98 	 266.8 	 	 0.1000 	 4.9792 	 0.3201
[2025/09/21 14:19:47] - ==> Building model..
[2025/09/21 14:21:32] - Test Loss 	 Test Acc 	 PGD Loss 	 PGD Acc
[2025/09/21 14:21:32] - 3.3377 	 	 0.4805 	 3.7278 	 0.2391
[2025/09/21 14:26:11] - 99 	 271.6 	 	 0.0100 	 4.8804 	 0.4469
[2025/09/21 14:26:11] - ==> Building model..
[2025/09/21 14:27:52] - Test Loss 	 Test Acc 	 PGD Loss 	 PGD Acc
[2025/09/21 14:27:52] - 3.3376 	 	 0.4806 	 3.7284 	 0.2389
[2025/09/21 14:32:28] - 100 	 269.4 	 	 0.0100 	 4.8131 	 0.5399
[2025/09/21 14:32:28] - ==> Building model..
[2025/09/21 14:34:13] - Test Loss 	 Test Acc 	 PGD Loss 	 PGD Acc
[2025/09/21 14:34:13] - 3.3376 	 	 0.4806 	 3.7280 	 0.2390
[2025/09/21 14:38:52] - 101 	 271.5 	 	 0.0100 	 4.7875 	 0.5787
[2025/09/21 14:38:52] - ==> Building model..
[2025/09/21 14:40:31] - Test Loss 	 Test Acc 	 PGD Loss 	 PGD Acc
[2025/09/21 14:40:31] - 3.3376 	 	 0.4806 	 3.7285 	 0.2386
[2025/09/21 14:45:15] - 102 	 277.8 	 	 0.0100 	 4.7667 	 0.6127
[2025/09/21 14:45:15] - ==> Building model..
[2025/09/21 14:46:52] - Test Loss 	 Test Acc 	 PGD Loss 	 PGD Acc
[2025/09/21 14:46:52] - 3.3376 	 	 0.4806 	 3.7288 	 0.2388
[2025/09/21 14:51:29] - 103 	 270.6 	 	 0.0100 	 4.7489 	 0.6454
[2025/09/21 14:51:29] - ==> Building model..
[2025/09/21 14:53:13] - Test Loss 	 Test Acc 	 PGD Loss 	 PGD Acc
[2025/09/21 14:53:13] - 3.3376 	 	 0.4806 	 3.7280 	 0.2392
[2025/09/21 14:57:48] - 104 	 266.5 	 	 0.0010 	 4.7030 	 0.7201
[2025/09/21 14:57:48] - ==> Building model..
[2025/09/21 14:59:31] - Test Loss 	 Test Acc 	 PGD Loss 	 PGD Acc
[2025/09/21 14:59:31] - 3.3376 	 	 0.4806 	 3.7282 	 0.2387
[2025/09/21 15:04:13] - 105 	 273.7 	 	 0.0010 	 4.6826 	 0.7521
[2025/09/21 15:04:13] - ==> Building model..
[2025/09/21 15:05:58] - Test Loss 	 Test Acc 	 PGD Loss 	 PGD Acc
[2025/09/21 15:05:58] - 3.3376 	 	 0.4806 	 3.7285 	 0.2391
[2025/09/21 15:10:34] - 106 	 268.4 	 	 0.0010 	 4.6769 	 0.7604
[2025/09/21 15:10:34] - ==> Building model..
[2025/09/21 15:12:20] - Test Loss 	 Test Acc 	 PGD Loss 	 PGD Acc
[2025/09/21 15:12:20] - 3.3376 	 	 0.4806 	 3.7280 	 0.2389
[2025/09/21 15:17:01] - 107 	 273.8 	 	 0.0010 	 4.6719 	 0.7703
[2025/09/21 15:17:01] - ==> Building model..
[2025/09/21 15:18:37] - Test Loss 	 Test Acc 	 PGD Loss 	 PGD Acc
[2025/09/21 15:18:37] - 3.3376 	 	 0.4806 	 3.7281 	 0.2394
[2025/09/21 15:23:19] - 108 	 275.0 	 	 0.0010 	 4.6675 	 0.7762
[2025/09/21 15:23:19] - ==> Building model..
[2025/09/21 15:25:04] - Test Loss 	 Test Acc 	 PGD Loss 	 PGD Acc
[2025/09/21 15:25:04] - 3.3376 	 	 0.4806 	 3.7285 	 0.2391
[2025/09/21 15:29:39] - 109 	 268.4 	 	 0.0010 	 4.6628 	 0.7841
[2025/09/21 15:29:39] - ==> Building model..
[2025/09/21 15:31:25] - Test Loss 	 Test Acc 	 PGD Loss 	 PGD Acc
[2025/09/21 15:31:25] - 3.3376 	 	 0.4806 	 3.7286 	 0.2391
[2025/09/21 15:31:25] - [0.0761, 0.1374, 0.179, 0.2058, 0.2295, 0.2365, 0.2519, 0.2898, 0.3256, 0.3519, 0.3638, 0.3758, 0.383, 0.3911, 0.3967, 0.401, 0.4061, 0.4102, 0.4129, 0.4171, 0.4228, 0.4267, 0.4286, 0.4321, 0.4333, 0.4348, 0.4358, 0.4384, 0.4412, 0.4439, 0.4462, 0.4489, 0.4512, 0.4524, 0.4537, 0.454, 0.4547, 0.4565, 0.4578, 0.46, 0.4599, 0.4612, 0.4618, 0.4628, 0.4633, 0.4631, 0.4629, 0.4644, 0.4662, 0.4672, 0.4688, 0.4701, 0.471, 0.4724, 0.472, 0.4714, 0.4713, 0.4716, 0.4704, 0.4707, 0.4714, 0.4712, 0.4716, 0.4723, 0.4732, 0.4741, 0.4739, 0.4739, 0.474, 0.4737, 0.473, 0.4737, 0.475, 0.4751, 0.4755, 0.4747, 0.4756, 0.4752, 0.4753, 0.4752, 0.4758, 0.4759, 0.476, 0.4761, 0.4773, 0.4776, 0.4772, 0.4778, 0.4791, 0.4786, 0.4794, 0.4794, 0.4797, 0.4799, 0.4807, 0.4818, 0.4818, 0.4812, 0.4805, 0.4806, 0.4806, 0.4806, 0.4806, 0.4806, 0.4806, 0.4806, 0.4806, 0.4806, 0.4806, 0.4806]
[2025/09/21 15:31:25] - [0.0408, 0.0717, 0.0921, 0.1074, 0.1186, 0.1205, 0.1295, 0.1472, 0.1656, 0.1762, 0.1806, 0.1884, 0.1938, 0.1975, 0.1991, 0.204, 0.2059, 0.2066, 0.2089, 0.2097, 0.2114, 0.2142, 0.2146, 0.2162, 0.2177, 0.2189, 0.219, 0.2193, 0.2208, 0.2214, 0.2229, 0.2244, 0.2256, 0.2261, 0.2256, 0.2262, 0.2277, 0.228, 0.2276, 0.2277, 0.2276, 0.2279, 0.2282, 0.2278, 0.2282, 0.2296, 0.2308, 0.2316, 0.2313, 0.232, 0.2316, 0.2319, 0.2321, 0.2319, 0.2325, 0.2328, 0.2327, 0.235, 0.2358, 0.2352, 0.2355, 0.235, 0.2356, 0.2351, 0.2375, 0.2355, 0.2351, 0.2355, 0.2354, 0.2365, 0.2367, 0.2367, 0.2368, 0.2366, 0.2372, 0.2371, 0.2369, 0.2378, 0.238, 0.2382, 0.239, 0.2392, 0.24, 0.2395, 0.2397, 0.2395, 0.2398, 0.2403, 0.2408, 0.2396, 0.2399, 0.2404, 0.2402, 0.2412, 0.2411, 0.2402, 0.24, 0.2401, 0.2391, 0.2389, 0.239, 0.2386, 0.2388, 0.2392, 0.2387, 0.2391, 0.2389, 0.2394, 0.2391, 0.2391]
