[2025/10/12 08:08:31] - Namespace(batch_size=128, data_dir='cifar-data', epochs=100, lr_schedule='multistep', lr_min=0.0, lr_max=0.2, weight_decay=0.0005, momentum=0.9, model='ResNet18', epsilon=8, alpha=8, delta_init='random', normal_mean=0, normal_std=1, out_dir='./output/CIFAR100/lamda_35_lamscale_0.05_run2', seed=0, lamda=35.0, lam_scale=0.05, lam_start=50, gamma=0.05, inner_gamma=0.05, beta=0.2, mu=3.5, batch_m=0.75, early_stop=False, factor=0.5, length=4, n_holes=1, c_num=0.125, EMA_value=0.55)
[2025/10/12 08:08:33] - ==> Building model..
[2025/10/12 08:08:33] - Epoch 	 Seconds 	 LR 	 	 Train Loss 	 Train Acc
[2025/10/12 08:09:16] - 0 	 18.9 	 	 0.2000 	 4.5694 	 0.0380
[2025/10/12 08:09:16] - ==> Building model..
[2025/10/12 08:09:32] - Test Loss 	 Test Acc 	 PGD Loss 	 PGD Acc
[2025/10/12 08:09:32] - 4.2384 	 	 0.0795 	 4.2507 	 0.0531
[2025/10/12 08:10:16] - 1 	 18.3 	 	 0.2000 	 4.4594 	 0.0773
[2025/10/12 08:10:16] - ==> Building model..
[2025/10/12 08:10:32] - Test Loss 	 Test Acc 	 PGD Loss 	 PGD Acc
[2025/10/12 08:10:32] - 4.0444 	 	 0.1421 	 4.0728 	 0.0926
[2025/10/12 08:11:15] - 2 	 18.4 	 	 0.2000 	 4.4064 	 0.1046
[2025/10/12 08:11:15] - ==> Building model..
[2025/10/12 08:11:32] - Test Loss 	 Test Acc 	 PGD Loss 	 PGD Acc
[2025/10/12 08:11:32] - 3.9113 	 	 0.1891 	 3.9567 	 0.1161
[2025/10/12 08:12:18] - 3 	 19.4 	 	 0.2000 	 4.3588 	 0.1259
[2025/10/12 08:12:18] - ==> Building model..
[2025/10/12 08:12:35] - Test Loss 	 Test Acc 	 PGD Loss 	 PGD Acc
[2025/10/12 08:12:35] - 3.7257 	 	 0.2334 	 3.7951 	 0.1396
[2025/10/12 08:13:21] - 4 	 19.1 	 	 0.2000 	 4.3154 	 0.1493
[2025/10/12 08:13:21] - ==> Building model..
[2025/10/12 08:13:37] - Test Loss 	 Test Acc 	 PGD Loss 	 PGD Acc
[2025/10/12 08:13:37] - 3.6242 	 	 0.2661 	 3.7140 	 0.1602
[2025/10/12 08:14:23] - 5 	 18.9 	 	 0.2000 	 4.2773 	 0.1685
[2025/10/12 08:14:23] - ==> Building model..
[2025/10/12 08:14:39] - Test Loss 	 Test Acc 	 PGD Loss 	 PGD Acc
[2025/10/12 08:14:39] - 3.4465 	 	 0.3006 	 3.5622 	 0.1749
[2025/10/12 08:15:24] - 6 	 19.0 	 	 0.2000 	 4.2459 	 0.1856
[2025/10/12 08:15:24] - ==> Building model..
[2025/10/12 08:15:41] - Test Loss 	 Test Acc 	 PGD Loss 	 PGD Acc
[2025/10/12 08:15:41] - 3.2186 	 	 0.3476 	 3.3699 	 0.1966
[2025/10/12 08:16:28] - 7 	 19.8 	 	 0.2000 	 4.2236 	 0.1971
[2025/10/12 08:16:28] - ==> Building model..
[2025/10/12 08:16:45] - Test Loss 	 Test Acc 	 PGD Loss 	 PGD Acc
[2025/10/12 08:16:45] - 3.0767 	 	 0.3766 	 3.2531 	 0.2070
[2025/10/12 08:17:33] - 8 	 20.3 	 	 0.2000 	 4.2038 	 0.2089
[2025/10/12 08:17:33] - ==> Building model..
[2025/10/12 08:17:50] - Test Loss 	 Test Acc 	 PGD Loss 	 PGD Acc
[2025/10/12 08:17:50] - 2.9879 	 	 0.4011 	 3.1857 	 0.2183
[2025/10/12 08:18:37] - 9 	 20.0 	 	 0.2000 	 4.1873 	 0.2174
[2025/10/12 08:18:37] - ==> Building model..
[2025/10/12 08:18:53] - Test Loss 	 Test Acc 	 PGD Loss 	 PGD Acc
[2025/10/12 08:18:53] - 2.9128 	 	 0.4144 	 3.1262 	 0.2249
[2025/10/12 08:19:40] - 10 	 19.9 	 	 0.2000 	 4.1756 	 0.2237
[2025/10/12 08:19:40] - ==> Building model..
[2025/10/12 08:19:58] - Test Loss 	 Test Acc 	 PGD Loss 	 PGD Acc
[2025/10/12 08:19:58] - 2.8503 	 	 0.4274 	 3.0769 	 0.2313
[2025/10/12 08:20:44] - 11 	 19.9 	 	 0.2000 	 4.1661 	 0.2294
[2025/10/12 08:20:44] - ==> Building model..
[2025/10/12 08:21:01] - Test Loss 	 Test Acc 	 PGD Loss 	 PGD Acc
[2025/10/12 08:21:01] - 2.8071 	 	 0.4379 	 3.0431 	 0.2354
[2025/10/12 08:21:46] - 12 	 18.9 	 	 0.2000 	 4.1561 	 0.2360
[2025/10/12 08:21:46] - ==> Building model..
[2025/10/12 08:22:02] - Test Loss 	 Test Acc 	 PGD Loss 	 PGD Acc
[2025/10/12 08:22:02] - 2.7731 	 	 0.4480 	 3.0182 	 0.2405
[2025/10/12 08:22:46] - 13 	 18.7 	 	 0.2000 	 4.1530 	 0.2369
[2025/10/12 08:22:46] - ==> Building model..
[2025/10/12 08:23:03] - Test Loss 	 Test Acc 	 PGD Loss 	 PGD Acc
[2025/10/12 08:23:03] - 2.7443 	 	 0.4552 	 2.9952 	 0.2438
[2025/10/12 08:23:48] - 14 	 19.0 	 	 0.2000 	 4.1468 	 0.2408
[2025/10/12 08:23:48] - ==> Building model..
[2025/10/12 08:24:05] - Test Loss 	 Test Acc 	 PGD Loss 	 PGD Acc
[2025/10/12 08:24:05] - 2.7213 	 	 0.4605 	 2.9806 	 0.2442
[2025/10/12 08:24:51] - 15 	 19.0 	 	 0.2000 	 4.1388 	 0.2467
[2025/10/12 08:24:51] - ==> Building model..
[2025/10/12 08:25:07] - Test Loss 	 Test Acc 	 PGD Loss 	 PGD Acc
[2025/10/12 08:25:07] - 2.6995 	 	 0.4675 	 2.9628 	 0.2463
[2025/10/12 08:25:53] - 16 	 19.2 	 	 0.2000 	 4.1344 	 0.2489
[2025/10/12 08:25:53] - ==> Building model..
[2025/10/12 08:26:10] - Test Loss 	 Test Acc 	 PGD Loss 	 PGD Acc
[2025/10/12 08:26:10] - 2.6883 	 	 0.4710 	 2.9551 	 0.2484
[2025/10/12 08:26:55] - 17 	 19.1 	 	 0.2000 	 4.1324 	 0.2499
[2025/10/12 08:26:55] - ==> Building model..
[2025/10/12 08:27:12] - Test Loss 	 Test Acc 	 PGD Loss 	 PGD Acc
[2025/10/12 08:27:12] - 2.6722 	 	 0.4743 	 2.9437 	 0.2500
[2025/10/12 08:28:00] - 18 	 20.5 	 	 0.2000 	 4.1264 	 0.2517
[2025/10/12 08:28:00] - ==> Building model..
[2025/10/12 08:28:18] - Test Loss 	 Test Acc 	 PGD Loss 	 PGD Acc
[2025/10/12 08:28:18] - 2.6575 	 	 0.4772 	 2.9340 	 0.2548
[2025/10/12 08:29:07] - 19 	 20.8 	 	 0.2000 	 4.1225 	 0.2555
[2025/10/12 08:29:07] - ==> Building model..
[2025/10/12 08:29:24] - Test Loss 	 Test Acc 	 PGD Loss 	 PGD Acc
[2025/10/12 08:29:24] - 2.6442 	 	 0.4804 	 2.9230 	 0.2564
[2025/10/12 08:30:12] - 20 	 20.8 	 	 0.2000 	 4.1215 	 0.2557
[2025/10/12 08:30:12] - ==> Building model..
[2025/10/12 08:30:29] - Test Loss 	 Test Acc 	 PGD Loss 	 PGD Acc
[2025/10/12 08:30:29] - 2.6373 	 	 0.4834 	 2.9193 	 0.2561
[2025/10/12 08:31:18] - 21 	 20.9 	 	 0.2000 	 4.1170 	 0.2592
[2025/10/12 08:31:18] - ==> Building model..
[2025/10/12 08:31:36] - Test Loss 	 Test Acc 	 PGD Loss 	 PGD Acc
[2025/10/12 08:31:36] - 2.6322 	 	 0.4854 	 2.9170 	 0.2591
[2025/10/12 08:32:22] - 22 	 19.3 	 	 0.2000 	 4.1179 	 0.2575
[2025/10/12 08:32:22] - ==> Building model..
[2025/10/12 08:32:38] - Test Loss 	 Test Acc 	 PGD Loss 	 PGD Acc
[2025/10/12 08:32:38] - 2.6303 	 	 0.4859 	 2.9153 	 0.2593
[2025/10/12 08:33:26] - 23 	 19.8 	 	 0.2000 	 4.1168 	 0.2574
[2025/10/12 08:33:26] - ==> Building model..
[2025/10/12 08:33:42] - Test Loss 	 Test Acc 	 PGD Loss 	 PGD Acc
[2025/10/12 08:33:42] - 2.6225 	 	 0.4874 	 2.9079 	 0.2606
[2025/10/12 08:34:31] - 24 	 20.8 	 	 0.2000 	 4.1119 	 0.2606
[2025/10/12 08:34:31] - ==> Building model..
[2025/10/12 08:34:48] - Test Loss 	 Test Acc 	 PGD Loss 	 PGD Acc
[2025/10/12 08:34:48] - 2.6118 	 	 0.4911 	 2.8998 	 0.2629
[2025/10/12 08:35:35] - 25 	 20.2 	 	 0.2000 	 4.1103 	 0.2634
[2025/10/12 08:35:35] - ==> Building model..
[2025/10/12 08:35:51] - Test Loss 	 Test Acc 	 PGD Loss 	 PGD Acc
[2025/10/12 08:35:51] - 2.6032 	 	 0.4930 	 2.8936 	 0.2640
[2025/10/12 08:36:37] - 26 	 18.9 	 	 0.2000 	 4.1064 	 0.2636
[2025/10/12 08:36:37] - ==> Building model..
[2025/10/12 08:36:53] - Test Loss 	 Test Acc 	 PGD Loss 	 PGD Acc
[2025/10/12 08:36:53] - 2.5931 	 	 0.4946 	 2.8855 	 0.2642
[2025/10/12 08:37:39] - 27 	 18.8 	 	 0.2000 	 4.1058 	 0.2666
[2025/10/12 08:37:39] - ==> Building model..
[2025/10/12 08:37:56] - Test Loss 	 Test Acc 	 PGD Loss 	 PGD Acc
[2025/10/12 08:37:56] - 2.5905 	 	 0.4991 	 2.8847 	 0.2660
[2025/10/12 08:38:41] - 28 	 18.8 	 	 0.2000 	 4.1031 	 0.2659
[2025/10/12 08:38:41] - ==> Building model..
[2025/10/12 08:38:57] - Test Loss 	 Test Acc 	 PGD Loss 	 PGD Acc
[2025/10/12 08:38:57] - 2.5845 	 	 0.5000 	 2.8798 	 0.2655
[2025/10/12 08:39:43] - 29 	 19.3 	 	 0.2000 	 4.1042 	 0.2672
[2025/10/12 08:39:43] - ==> Building model..
[2025/10/12 08:40:00] - Test Loss 	 Test Acc 	 PGD Loss 	 PGD Acc
[2025/10/12 08:40:00] - 2.5773 	 	 0.5022 	 2.8732 	 0.2665
[2025/10/12 08:40:44] - 30 	 18.9 	 	 0.2000 	 4.1030 	 0.2660
[2025/10/12 08:40:44] - ==> Building model..
[2025/10/12 08:41:01] - Test Loss 	 Test Acc 	 PGD Loss 	 PGD Acc
[2025/10/12 08:41:01] - 2.5724 	 	 0.5034 	 2.8701 	 0.2677
[2025/10/12 08:41:45] - 31 	 18.5 	 	 0.2000 	 4.1012 	 0.2689
[2025/10/12 08:41:45] - ==> Building model..
[2025/10/12 08:42:01] - Test Loss 	 Test Acc 	 PGD Loss 	 PGD Acc
[2025/10/12 08:42:01] - 2.5695 	 	 0.5026 	 2.8691 	 0.2689
[2025/10/12 08:42:47] - 32 	 19.4 	 	 0.2000 	 4.1005 	 0.2651
[2025/10/12 08:42:47] - ==> Building model..
[2025/10/12 08:43:04] - Test Loss 	 Test Acc 	 PGD Loss 	 PGD Acc
[2025/10/12 08:43:04] - 2.5676 	 	 0.5042 	 2.8680 	 0.2693
[2025/10/12 08:43:50] - 33 	 19.2 	 	 0.2000 	 4.0989 	 0.2701
[2025/10/12 08:43:50] - ==> Building model..
[2025/10/12 08:44:06] - Test Loss 	 Test Acc 	 PGD Loss 	 PGD Acc
[2025/10/12 08:44:06] - 2.5631 	 	 0.5061 	 2.8645 	 0.2710
[2025/10/12 08:44:53] - 34 	 19.8 	 	 0.2000 	 4.0994 	 0.2667
[2025/10/12 08:44:53] - ==> Building model..
[2025/10/12 08:45:10] - Test Loss 	 Test Acc 	 PGD Loss 	 PGD Acc
[2025/10/12 08:45:10] - 2.5616 	 	 0.5056 	 2.8637 	 0.2702
[2025/10/12 08:45:58] - 35 	 20.2 	 	 0.2000 	 4.0939 	 0.2748
[2025/10/12 08:45:58] - ==> Building model..
[2025/10/12 08:46:15] - Test Loss 	 Test Acc 	 PGD Loss 	 PGD Acc
[2025/10/12 08:46:15] - 2.5570 	 	 0.5083 	 2.8606 	 0.2704
[2025/10/12 08:46:59] - 36 	 18.8 	 	 0.2000 	 4.0956 	 0.2712
[2025/10/12 08:46:59] - ==> Building model..
[2025/10/12 08:47:15] - Test Loss 	 Test Acc 	 PGD Loss 	 PGD Acc
[2025/10/12 08:47:15] - 2.5529 	 	 0.5108 	 2.8573 	 0.2728
[2025/10/12 08:48:00] - 37 	 18.7 	 	 0.2000 	 4.0957 	 0.2695
[2025/10/12 08:48:00] - ==> Building model..
[2025/10/12 08:48:16] - Test Loss 	 Test Acc 	 PGD Loss 	 PGD Acc
[2025/10/12 08:48:16] - 2.5507 	 	 0.5099 	 2.8555 	 0.2742
[2025/10/12 08:49:03] - 38 	 20.0 	 	 0.2000 	 4.0928 	 0.2724
[2025/10/12 08:49:03] - ==> Building model..
[2025/10/12 08:49:20] - Test Loss 	 Test Acc 	 PGD Loss 	 PGD Acc
[2025/10/12 08:49:20] - 2.5461 	 	 0.5100 	 2.8516 	 0.2737
[2025/10/12 08:50:08] - 39 	 20.7 	 	 0.2000 	 4.0938 	 0.2710
[2025/10/12 08:50:08] - ==> Building model..
[2025/10/12 08:50:25] - Test Loss 	 Test Acc 	 PGD Loss 	 PGD Acc
[2025/10/12 08:50:25] - 2.5432 	 	 0.5103 	 2.8493 	 0.2759
[2025/10/12 08:51:09] - 40 	 19.0 	 	 0.2000 	 4.0922 	 0.2753
[2025/10/12 08:51:09] - ==> Building model..
[2025/10/12 08:51:26] - Test Loss 	 Test Acc 	 PGD Loss 	 PGD Acc
[2025/10/12 08:51:26] - 2.5440 	 	 0.5100 	 2.8495 	 0.2756
[2025/10/12 08:52:12] - 41 	 19.1 	 	 0.2000 	 4.0938 	 0.2722
[2025/10/12 08:52:12] - ==> Building model..
[2025/10/12 08:52:28] - Test Loss 	 Test Acc 	 PGD Loss 	 PGD Acc
[2025/10/12 08:52:28] - 2.5430 	 	 0.5120 	 2.8492 	 0.2778
[2025/10/12 08:53:14] - 42 	 19.3 	 	 0.2000 	 4.0932 	 0.2712
[2025/10/12 08:53:14] - ==> Building model..
[2025/10/12 08:53:31] - Test Loss 	 Test Acc 	 PGD Loss 	 PGD Acc
[2025/10/12 08:53:31] - 2.5382 	 	 0.5152 	 2.8471 	 0.2782
[2025/10/12 08:54:16] - 43 	 18.8 	 	 0.2000 	 4.0920 	 0.2712
[2025/10/12 08:54:16] - ==> Building model..
[2025/10/12 08:54:33] - Test Loss 	 Test Acc 	 PGD Loss 	 PGD Acc
[2025/10/12 08:54:33] - 2.5373 	 	 0.5145 	 2.8457 	 0.2776
[2025/10/12 08:55:17] - 44 	 18.7 	 	 0.2000 	 4.0911 	 0.2738
[2025/10/12 08:55:17] - ==> Building model..
[2025/10/12 08:55:34] - Test Loss 	 Test Acc 	 PGD Loss 	 PGD Acc
[2025/10/12 08:55:34] - 2.5337 	 	 0.5152 	 2.8425 	 0.2786
[2025/10/12 08:56:21] - 45 	 19.6 	 	 0.2000 	 4.0885 	 0.2740
[2025/10/12 08:56:21] - ==> Building model..
[2025/10/12 08:56:38] - Test Loss 	 Test Acc 	 PGD Loss 	 PGD Acc
[2025/10/12 08:56:38] - 2.5333 	 	 0.5165 	 2.8425 	 0.2790
[2025/10/12 08:57:25] - 46 	 20.1 	 	 0.2000 	 4.0868 	 0.2773
[2025/10/12 08:57:25] - ==> Building model..
[2025/10/12 08:57:42] - Test Loss 	 Test Acc 	 PGD Loss 	 PGD Acc
[2025/10/12 08:57:42] - 2.5321 	 	 0.5166 	 2.8418 	 0.2786
[2025/10/12 08:58:32] - 47 	 21.4 	 	 0.2000 	 4.0895 	 0.2748
[2025/10/12 08:58:32] - ==> Building model..
[2025/10/12 08:58:50] - Test Loss 	 Test Acc 	 PGD Loss 	 PGD Acc
[2025/10/12 08:58:50] - 2.5316 	 	 0.5177 	 2.8419 	 0.2789
[2025/10/12 08:59:38] - 48 	 20.4 	 	 0.2000 	 4.0858 	 0.2777
[2025/10/12 08:59:38] - ==> Building model..
[2025/10/12 08:59:54] - Test Loss 	 Test Acc 	 PGD Loss 	 PGD Acc
[2025/10/12 08:59:54] - 2.5326 	 	 0.5175 	 2.8432 	 0.2792
[2025/10/12 09:00:41] - 49 	 19.4 	 	 0.2000 	 4.0863 	 0.2781
[2025/10/12 09:00:41] - ==> Building model..
[2025/10/12 09:00:58] - Test Loss 	 Test Acc 	 PGD Loss 	 PGD Acc
[2025/10/12 09:00:58] - 2.5333 	 	 0.5191 	 2.8425 	 0.2778
[2025/10/12 09:01:44] - 50 	 19.3 	 	 0.2000 	 4.0872 	 0.2755
[2025/10/12 09:01:44] - ==> Building model..
[2025/10/12 09:02:00] - Test Loss 	 Test Acc 	 PGD Loss 	 PGD Acc
[2025/10/12 09:02:00] - 2.5375 	 	 0.5162 	 2.8468 	 0.2780
[2025/10/12 09:02:46] - 51 	 19.0 	 	 0.2000 	 4.0869 	 0.2763
[2025/10/12 09:02:46] - ==> Building model..
[2025/10/12 09:03:04] - Test Loss 	 Test Acc 	 PGD Loss 	 PGD Acc
[2025/10/12 09:03:04] - 2.5394 	 	 0.5167 	 2.8487 	 0.2777
[2025/10/12 09:03:52] - 52 	 21.0 	 	 0.2000 	 4.0882 	 0.2748
[2025/10/12 09:03:52] - ==> Building model..
[2025/10/12 09:04:09] - Test Loss 	 Test Acc 	 PGD Loss 	 PGD Acc
[2025/10/12 09:04:09] - 2.5409 	 	 0.5161 	 2.8503 	 0.2762
[2025/10/12 09:04:57] - 53 	 20.2 	 	 0.2000 	 4.0856 	 0.2788
[2025/10/12 09:04:57] - ==> Building model..
[2025/10/12 09:05:13] - Test Loss 	 Test Acc 	 PGD Loss 	 PGD Acc
[2025/10/12 09:05:13] - 2.5435 	 	 0.5165 	 2.8509 	 0.2763
[2025/10/12 09:06:00] - 54 	 19.3 	 	 0.2000 	 4.0877 	 0.2756
[2025/10/12 09:06:00] - ==> Building model..
[2025/10/12 09:06:16] - Test Loss 	 Test Acc 	 PGD Loss 	 PGD Acc
[2025/10/12 09:06:16] - 2.5421 	 	 0.5161 	 2.8501 	 0.2772
[2025/10/12 09:07:02] - 55 	 19.6 	 	 0.2000 	 4.0873 	 0.2767
[2025/10/12 09:07:02] - ==> Building model..
[2025/10/12 09:07:19] - Test Loss 	 Test Acc 	 PGD Loss 	 PGD Acc
[2025/10/12 09:07:19] - 2.5415 	 	 0.5165 	 2.8492 	 0.2769
[2025/10/12 09:08:08] - 56 	 21.0 	 	 0.2000 	 4.0879 	 0.2757
[2025/10/12 09:08:08] - ==> Building model..
[2025/10/12 09:08:26] - Test Loss 	 Test Acc 	 PGD Loss 	 PGD Acc
[2025/10/12 09:08:26] - 2.5415 	 	 0.5175 	 2.8499 	 0.2761
[2025/10/12 09:09:13] - 57 	 20.3 	 	 0.2000 	 4.0874 	 0.2786
[2025/10/12 09:09:13] - ==> Building model..
[2025/10/12 09:09:30] - Test Loss 	 Test Acc 	 PGD Loss 	 PGD Acc
[2025/10/12 09:09:30] - 2.5412 	 	 0.5181 	 2.8494 	 0.2785
[2025/10/12 09:10:18] - 58 	 20.5 	 	 0.2000 	 4.0871 	 0.2799
[2025/10/12 09:10:18] - ==> Building model..
[2025/10/12 09:10:35] - Test Loss 	 Test Acc 	 PGD Loss 	 PGD Acc
[2025/10/12 09:10:35] - 2.5435 	 	 0.5179 	 2.8512 	 0.2792
[2025/10/12 09:11:22] - 59 	 19.8 	 	 0.2000 	 4.0870 	 0.2778
[2025/10/12 09:11:22] - ==> Building model..
[2025/10/12 09:11:41] - Test Loss 	 Test Acc 	 PGD Loss 	 PGD Acc
[2025/10/12 09:11:41] - 2.5441 	 	 0.5172 	 2.8510 	 0.2813
[2025/10/12 09:12:32] - 60 	 21.5 	 	 0.2000 	 4.0870 	 0.2786
[2025/10/12 09:12:32] - ==> Building model..
[2025/10/12 09:12:50] - Test Loss 	 Test Acc 	 PGD Loss 	 PGD Acc
[2025/10/12 09:12:50] - 2.5448 	 	 0.5179 	 2.8519 	 0.2812
[2025/10/12 09:13:39] - 61 	 20.7 	 	 0.2000 	 4.0884 	 0.2765
[2025/10/12 09:13:39] - ==> Building model..
[2025/10/12 09:13:56] - Test Loss 	 Test Acc 	 PGD Loss 	 PGD Acc
[2025/10/12 09:13:56] - 2.5454 	 	 0.5180 	 2.8516 	 0.2796
[2025/10/12 09:14:43] - 62 	 19.7 	 	 0.2000 	 4.0873 	 0.2805
[2025/10/12 09:14:43] - ==> Building model..
[2025/10/12 09:15:00] - Test Loss 	 Test Acc 	 PGD Loss 	 PGD Acc
[2025/10/12 09:15:00] - 2.5456 	 	 0.5174 	 2.8512 	 0.2801
[2025/10/12 09:15:46] - 63 	 19.5 	 	 0.2000 	 4.0890 	 0.2759
[2025/10/12 09:15:46] - ==> Building model..
[2025/10/12 09:16:04] - Test Loss 	 Test Acc 	 PGD Loss 	 PGD Acc
[2025/10/12 09:16:04] - 2.5463 	 	 0.5177 	 2.8518 	 0.2803
[2025/10/12 09:16:52] - 64 	 20.2 	 	 0.2000 	 4.0849 	 0.2808
[2025/10/12 09:16:52] - ==> Building model..
[2025/10/12 09:17:09] - Test Loss 	 Test Acc 	 PGD Loss 	 PGD Acc
[2025/10/12 09:17:09] - 2.5446 	 	 0.5192 	 2.8508 	 0.2795
[2025/10/12 09:17:58] - 65 	 20.7 	 	 0.2000 	 4.0870 	 0.2789
[2025/10/12 09:17:58] - ==> Building model..
[2025/10/12 09:18:15] - Test Loss 	 Test Acc 	 PGD Loss 	 PGD Acc
[2025/10/12 09:18:15] - 2.5475 	 	 0.5195 	 2.8522 	 0.2786
[2025/10/12 09:19:03] - 66 	 20.7 	 	 0.2000 	 4.0866 	 0.2795
[2025/10/12 09:19:03] - ==> Building model..
[2025/10/12 09:19:20] - Test Loss 	 Test Acc 	 PGD Loss 	 PGD Acc
[2025/10/12 09:19:20] - 2.5501 	 	 0.5193 	 2.8540 	 0.2809
[2025/10/12 09:20:08] - 67 	 20.2 	 	 0.2000 	 4.0879 	 0.2789
[2025/10/12 09:20:08] - ==> Building model..
[2025/10/12 09:20:25] - Test Loss 	 Test Acc 	 PGD Loss 	 PGD Acc
[2025/10/12 09:20:25] - 2.5515 	 	 0.5193 	 2.8543 	 0.2808
[2025/10/12 09:21:15] - 68 	 21.5 	 	 0.2000 	 4.0878 	 0.2789
[2025/10/12 09:21:15] - ==> Building model..
[2025/10/12 09:21:33] - Test Loss 	 Test Acc 	 PGD Loss 	 PGD Acc
[2025/10/12 09:21:33] - 2.5538 	 	 0.5187 	 2.8569 	 0.2814
[2025/10/12 09:22:20] - 69 	 20.5 	 	 0.2000 	 4.0885 	 0.2792
[2025/10/12 09:22:20] - ==> Building model..
[2025/10/12 09:22:39] - Test Loss 	 Test Acc 	 PGD Loss 	 PGD Acc
[2025/10/12 09:22:39] - 2.5548 	 	 0.5201 	 2.8574 	 0.2814
[2025/10/12 09:23:27] - 70 	 20.7 	 	 0.2000 	 4.0911 	 0.2792
[2025/10/12 09:23:27] - ==> Building model..
[2025/10/12 09:23:44] - Test Loss 	 Test Acc 	 PGD Loss 	 PGD Acc
[2025/10/12 09:23:44] - 2.5579 	 	 0.5206 	 2.8599 	 0.2820
[2025/10/12 09:24:34] - 71 	 20.9 	 	 0.2000 	 4.0889 	 0.2793
[2025/10/12 09:24:34] - ==> Building model..
[2025/10/12 09:24:51] - Test Loss 	 Test Acc 	 PGD Loss 	 PGD Acc
[2025/10/12 09:24:51] - 2.5603 	 	 0.5208 	 2.8617 	 0.2817
[2025/10/12 09:25:39] - 72 	 20.3 	 	 0.2000 	 4.0892 	 0.2767
[2025/10/12 09:25:39] - ==> Building model..
[2025/10/12 09:25:56] - Test Loss 	 Test Acc 	 PGD Loss 	 PGD Acc
[2025/10/12 09:25:56] - 2.5602 	 	 0.5217 	 2.8614 	 0.2828
[2025/10/12 09:26:42] - 73 	 18.9 	 	 0.2000 	 4.0880 	 0.2784
[2025/10/12 09:26:42] - ==> Building model..
[2025/10/12 09:26:59] - Test Loss 	 Test Acc 	 PGD Loss 	 PGD Acc
[2025/10/12 09:26:59] - 2.5617 	 	 0.5219 	 2.8619 	 0.2825
[2025/10/12 09:27:46] - 74 	 20.1 	 	 0.2000 	 4.0904 	 0.2789
[2025/10/12 09:27:46] - ==> Building model..
[2025/10/12 09:28:05] - Test Loss 	 Test Acc 	 PGD Loss 	 PGD Acc
[2025/10/12 09:28:05] - 2.5637 	 	 0.5218 	 2.8639 	 0.2827
[2025/10/12 09:28:53] - 75 	 20.2 	 	 0.2000 	 4.0901 	 0.2797
[2025/10/12 09:28:53] - ==> Building model..
[2025/10/12 09:29:10] - Test Loss 	 Test Acc 	 PGD Loss 	 PGD Acc
[2025/10/12 09:29:10] - 2.5668 	 	 0.5232 	 2.8660 	 0.2824
[2025/10/12 09:29:56] - 76 	 19.2 	 	 0.2000 	 4.0889 	 0.2807
[2025/10/12 09:29:56] - ==> Building model..
[2025/10/12 09:30:14] - Test Loss 	 Test Acc 	 PGD Loss 	 PGD Acc
[2025/10/12 09:30:14] - 2.5679 	 	 0.5221 	 2.8668 	 0.2814
[2025/10/12 09:31:04] - 77 	 21.2 	 	 0.2000 	 4.0878 	 0.2806
[2025/10/12 09:31:04] - ==> Building model..
[2025/10/12 09:31:21] - Test Loss 	 Test Acc 	 PGD Loss 	 PGD Acc
[2025/10/12 09:31:21] - 2.5692 	 	 0.5219 	 2.8676 	 0.2820
[2025/10/12 09:32:10] - 78 	 20.7 	 	 0.2000 	 4.0904 	 0.2794
[2025/10/12 09:32:10] - ==> Building model..
[2025/10/12 09:32:28] - Test Loss 	 Test Acc 	 PGD Loss 	 PGD Acc
[2025/10/12 09:32:28] - 2.5705 	 	 0.5221 	 2.8678 	 0.2816
[2025/10/12 09:33:16] - 79 	 20.1 	 	 0.2000 	 4.0874 	 0.2819
[2025/10/12 09:33:16] - ==> Building model..
[2025/10/12 09:33:33] - Test Loss 	 Test Acc 	 PGD Loss 	 PGD Acc
[2025/10/12 09:33:33] - 2.5715 	 	 0.5225 	 2.8688 	 0.2820
[2025/10/12 09:34:21] - 80 	 20.4 	 	 0.2000 	 4.0872 	 0.2803
[2025/10/12 09:34:21] - ==> Building model..
[2025/10/12 09:34:39] - Test Loss 	 Test Acc 	 PGD Loss 	 PGD Acc
[2025/10/12 09:34:39] - 2.5728 	 	 0.5219 	 2.8699 	 0.2822
[2025/10/12 09:35:27] - 81 	 20.7 	 	 0.2000 	 4.0890 	 0.2797
[2025/10/12 09:35:27] - ==> Building model..
[2025/10/12 09:35:44] - Test Loss 	 Test Acc 	 PGD Loss 	 PGD Acc
[2025/10/12 09:35:44] - 2.5742 	 	 0.5222 	 2.8708 	 0.2836
[2025/10/12 09:36:33] - 82 	 20.8 	 	 0.2000 	 4.0883 	 0.2795
[2025/10/12 09:36:33] - ==> Building model..
[2025/10/12 09:36:51] - Test Loss 	 Test Acc 	 PGD Loss 	 PGD Acc
[2025/10/12 09:36:51] - 2.5744 	 	 0.5215 	 2.8711 	 0.2836
[2025/10/12 09:37:36] - 83 	 19.0 	 	 0.2000 	 4.0857 	 0.2813
[2025/10/12 09:37:36] - ==> Building model..
[2025/10/12 09:37:53] - Test Loss 	 Test Acc 	 PGD Loss 	 PGD Acc
[2025/10/12 09:37:53] - 2.5773 	 	 0.5203 	 2.8731 	 0.2839
[2025/10/12 09:38:38] - 84 	 18.8 	 	 0.2000 	 4.0886 	 0.2793
[2025/10/12 09:38:38] - ==> Building model..
[2025/10/12 09:38:54] - Test Loss 	 Test Acc 	 PGD Loss 	 PGD Acc
[2025/10/12 09:38:54] - 2.5796 	 	 0.5208 	 2.8755 	 0.2843
[2025/10/12 09:39:40] - 85 	 18.6 	 	 0.2000 	 4.0895 	 0.2806
[2025/10/12 09:39:40] - ==> Building model..
[2025/10/12 09:39:56] - Test Loss 	 Test Acc 	 PGD Loss 	 PGD Acc
[2025/10/12 09:39:56] - 2.5823 	 	 0.5192 	 2.8769 	 0.2834
[2025/10/12 09:40:40] - 86 	 18.5 	 	 0.2000 	 4.0876 	 0.2806
[2025/10/12 09:40:40] - ==> Building model..
[2025/10/12 09:40:56] - Test Loss 	 Test Acc 	 PGD Loss 	 PGD Acc
[2025/10/12 09:40:56] - 2.5836 	 	 0.5196 	 2.8782 	 0.2832
[2025/10/12 09:41:41] - 87 	 18.6 	 	 0.2000 	 4.0879 	 0.2814
[2025/10/12 09:41:41] - ==> Building model..
[2025/10/12 09:41:57] - Test Loss 	 Test Acc 	 PGD Loss 	 PGD Acc
[2025/10/12 09:41:57] - 2.5853 	 	 0.5190 	 2.8794 	 0.2843
[2025/10/12 09:42:43] - 88 	 18.9 	 	 0.2000 	 4.0905 	 0.2776
[2025/10/12 09:42:43] - ==> Building model..
[2025/10/12 09:42:59] - Test Loss 	 Test Acc 	 PGD Loss 	 PGD Acc
[2025/10/12 09:42:59] - 2.5883 	 	 0.5187 	 2.8817 	 0.2836
[2025/10/12 09:43:47] - 89 	 19.7 	 	 0.2000 	 4.0882 	 0.2812
[2025/10/12 09:43:47] - ==> Building model..
[2025/10/12 09:44:03] - Test Loss 	 Test Acc 	 PGD Loss 	 PGD Acc
[2025/10/12 09:44:03] - 2.5886 	 	 0.5189 	 2.8815 	 0.2848
[2025/10/12 09:44:48] - 90 	 18.4 	 	 0.0200 	 3.9926 	 0.3411
[2025/10/12 09:44:48] - ==> Building model..
[2025/10/12 09:45:06] - Test Loss 	 Test Acc 	 PGD Loss 	 PGD Acc
[2025/10/12 09:45:06] - 2.5863 	 	 0.5188 	 2.8799 	 0.2854
[2025/10/12 09:45:54] - 91 	 19.7 	 	 0.0200 	 3.8990 	 0.4033
[2025/10/12 09:45:54] - ==> Building model..
[2025/10/12 09:46:11] - Test Loss 	 Test Acc 	 PGD Loss 	 PGD Acc
[2025/10/12 09:46:11] - 2.5853 	 	 0.5193 	 2.8797 	 0.2854
[2025/10/12 09:46:59] - 92 	 19.4 	 	 0.0200 	 3.8724 	 0.4209
[2025/10/12 09:46:59] - ==> Building model..
[2025/10/12 09:47:16] - Test Loss 	 Test Acc 	 PGD Loss 	 PGD Acc
[2025/10/12 09:47:16] - 2.5851 	 	 0.5199 	 2.8795 	 0.2850
[2025/10/12 09:48:02] - 93 	 19.5 	 	 0.0200 	 3.8544 	 0.4326
[2025/10/12 09:48:02] - ==> Building model..
[2025/10/12 09:48:19] - Test Loss 	 Test Acc 	 PGD Loss 	 PGD Acc
[2025/10/12 09:48:19] - 2.5859 	 	 0.5206 	 2.8803 	 0.2858
[2025/10/12 09:49:06] - 94 	 19.3 	 	 0.0200 	 3.8396 	 0.4426
[2025/10/12 09:49:06] - ==> Building model..
[2025/10/12 09:49:23] - Test Loss 	 Test Acc 	 PGD Loss 	 PGD Acc
[2025/10/12 09:49:23] - 2.5871 	 	 0.5203 	 2.8814 	 0.2857
[2025/10/12 09:50:07] - 95 	 18.1 	 	 0.0200 	 3.8276 	 0.4522
[2025/10/12 09:50:07] - ==> Building model..
[2025/10/12 09:50:25] - Test Loss 	 Test Acc 	 PGD Loss 	 PGD Acc
[2025/10/12 09:50:25] - 2.5896 	 	 0.5204 	 2.8833 	 0.2861
[2025/10/12 09:51:09] - 96 	 18.5 	 	 0.0200 	 3.8173 	 0.4613
[2025/10/12 09:51:09] - ==> Building model..
[2025/10/12 09:51:25] - Test Loss 	 Test Acc 	 PGD Loss 	 PGD Acc
[2025/10/12 09:51:25] - 2.5926 	 	 0.5202 	 2.8859 	 0.2863
[2025/10/12 09:52:10] - 97 	 17.7 	 	 0.0200 	 3.8070 	 0.4700
[2025/10/12 09:52:10] - ==> Building model..
[2025/10/12 09:52:27] - Test Loss 	 Test Acc 	 PGD Loss 	 PGD Acc
[2025/10/12 09:52:27] - 2.5945 	 	 0.5201 	 2.8873 	 0.2860
[2025/10/12 09:53:11] - 98 	 17.8 	 	 0.0200 	 3.8002 	 0.4741
[2025/10/12 09:53:11] - ==> Building model..
[2025/10/12 09:53:28] - Test Loss 	 Test Acc 	 PGD Loss 	 PGD Acc
[2025/10/12 09:53:28] - 2.5967 	 	 0.5200 	 2.8891 	 0.2858
[2025/10/12 09:54:11] - 99 	 17.5 	 	 0.0200 	 3.7924 	 0.4794
[2025/10/12 09:54:11] - ==> Building model..
[2025/10/12 09:54:27] - Test Loss 	 Test Acc 	 PGD Loss 	 PGD Acc
[2025/10/12 09:54:27] - 2.6018 	 	 0.5194 	 2.8935 	 0.2864
[2025/10/12 09:54:28] - [0.0795, 0.1421, 0.1891, 0.2334, 0.2661, 0.3006, 0.3476, 0.3766, 0.4011, 0.4144, 0.4274, 0.4379, 0.448, 0.4552, 0.4605, 0.4675, 0.471, 0.4743, 0.4772, 0.4804, 0.4834, 0.4854, 0.4859, 0.4874, 0.4911, 0.493, 0.4946, 0.4991, 0.5, 0.5022, 0.5034, 0.5026, 0.5042, 0.5061, 0.5056, 0.5083, 0.5108, 0.5099, 0.51, 0.5103, 0.51, 0.512, 0.5152, 0.5145, 0.5152, 0.5165, 0.5166, 0.5177, 0.5175, 0.5191, 0.5162, 0.5167, 0.5161, 0.5165, 0.5161, 0.5165, 0.5175, 0.5181, 0.5179, 0.5172, 0.5179, 0.518, 0.5174, 0.5177, 0.5192, 0.5195, 0.5193, 0.5193, 0.5187, 0.5201, 0.5206, 0.5208, 0.5217, 0.5219, 0.5218, 0.5232, 0.5221, 0.5219, 0.5221, 0.5225, 0.5219, 0.5222, 0.5215, 0.5203, 0.5208, 0.5192, 0.5196, 0.519, 0.5187, 0.5189, 0.5188, 0.5193, 0.5199, 0.5206, 0.5203, 0.5204, 0.5202, 0.5201, 0.52, 0.5194]
[2025/10/12 09:54:28] - [0.0531, 0.0926, 0.1161, 0.1396, 0.1602, 0.1749, 0.1966, 0.207, 0.2183, 0.2249, 0.2313, 0.2354, 0.2405, 0.2438, 0.2442, 0.2463, 0.2484, 0.25, 0.2548, 0.2564, 0.2561, 0.2591, 0.2593, 0.2606, 0.2629, 0.264, 0.2642, 0.266, 0.2655, 0.2665, 0.2677, 0.2689, 0.2693, 0.271, 0.2702, 0.2704, 0.2728, 0.2742, 0.2737, 0.2759, 0.2756, 0.2778, 0.2782, 0.2776, 0.2786, 0.279, 0.2786, 0.2789, 0.2792, 0.2778, 0.278, 0.2777, 0.2762, 0.2763, 0.2772, 0.2769, 0.2761, 0.2785, 0.2792, 0.2813, 0.2812, 0.2796, 0.2801, 0.2803, 0.2795, 0.2786, 0.2809, 0.2808, 0.2814, 0.2814, 0.282, 0.2817, 0.2828, 0.2825, 0.2827, 0.2824, 0.2814, 0.282, 0.2816, 0.282, 0.2822, 0.2836, 0.2836, 0.2839, 0.2843, 0.2834, 0.2832, 0.2843, 0.2836, 0.2848, 0.2854, 0.2854, 0.285, 0.2858, 0.2857, 0.2861, 0.2863, 0.286, 0.2858, 0.2864]
