[2025/10/18 14:12:19] - Namespace(batch_size=128, data_dir='cifar-data', epochs=110, lr_schedule='multistep', lr_min=0.0, lr_max=0.2, weight_decay=0.0005, momentum=0.9, model='ResNet18', epsilon=8, alpha=8, delta_init='random', normal_mean=0, normal_std=1, out_dir='runs/beta_0.4/lam_42/lscale_0.09/seed_2', seed=2, lamda=42.0, lam_scale=0.09, lam_start=50, gamma=0.05, inner_gamma=0.05, beta=0.4, mu=3.5, batch_m=0.75, early_stop=False, factor=0.5, length=4, n_holes=1, c_num=0.125, EMA_value=0.55)
[2025/10/18 14:12:21] - ==> Building model..
[2025/10/18 14:12:21] - Epoch 	 Seconds 	 LR 	 	 Train Loss 	 Train Acc
[2025/10/18 14:13:14] - 0 	 28.7 	 	 0.2000 	 4.5728 	 0.0367
[2025/10/18 14:13:14] - ==> Building model..
[2025/10/18 14:13:39] - Test Loss 	 Test Acc 	 PGD Loss 	 PGD Acc
[2025/10/18 14:13:39] - 4.2558 	 	 0.0859 	 4.2671 	 0.0571
[2025/10/18 14:14:32] - 1 	 28.2 	 	 0.2000 	 4.4620 	 0.0746
[2025/10/18 14:14:32] - ==> Building model..
[2025/10/18 14:14:56] - Test Loss 	 Test Acc 	 PGD Loss 	 PGD Acc
[2025/10/18 14:14:56] - 4.0898 	 	 0.1340 	 4.1154 	 0.0852
[2025/10/18 14:15:48] - 2 	 27.9 	 	 0.2000 	 4.4027 	 0.1061
[2025/10/18 14:15:48] - ==> Building model..
[2025/10/18 14:16:13] - Test Loss 	 Test Acc 	 PGD Loss 	 PGD Acc
[2025/10/18 14:16:13] - 3.8908 	 	 0.1882 	 3.9373 	 0.1157
[2025/10/18 14:17:05] - 3 	 28.0 	 	 0.2000 	 4.3562 	 0.1284
[2025/10/18 14:17:05] - ==> Building model..
[2025/10/18 14:17:30] - Test Loss 	 Test Acc 	 PGD Loss 	 PGD Acc
[2025/10/18 14:17:30] - 3.7441 	 	 0.2269 	 3.8117 	 0.1347
[2025/10/18 14:18:22] - 4 	 28.1 	 	 0.2000 	 4.3137 	 0.1508
[2025/10/18 14:18:22] - ==> Building model..
[2025/10/18 14:18:46] - Test Loss 	 Test Acc 	 PGD Loss 	 PGD Acc
[2025/10/18 14:18:46] - 3.6299 	 	 0.2650 	 3.7183 	 0.1575
[2025/10/18 14:19:39] - 5 	 28.5 	 	 0.2000 	 4.2761 	 0.1710
[2025/10/18 14:19:39] - ==> Building model..
[2025/10/18 14:20:04] - Test Loss 	 Test Acc 	 PGD Loss 	 PGD Acc
[2025/10/18 14:20:04] - 3.4250 	 	 0.3070 	 3.5443 	 0.1790
[2025/10/18 14:20:56] - 6 	 28.6 	 	 0.2000 	 4.2455 	 0.1868
[2025/10/18 14:20:56] - ==> Building model..
[2025/10/18 14:21:21] - Test Loss 	 Test Acc 	 PGD Loss 	 PGD Acc
[2025/10/18 14:21:21] - 3.2094 	 	 0.3524 	 3.3610 	 0.1974
[2025/10/18 14:22:13] - 7 	 29.0 	 	 0.2000 	 4.2216 	 0.1995
[2025/10/18 14:22:13] - ==> Building model..
[2025/10/18 14:22:37] - Test Loss 	 Test Acc 	 PGD Loss 	 PGD Acc
[2025/10/18 14:22:37] - 3.0622 	 	 0.3817 	 3.2426 	 0.2086
[2025/10/18 14:23:30] - 8 	 29.8 	 	 0.2000 	 4.2048 	 0.2104
[2025/10/18 14:23:30] - ==> Building model..
[2025/10/18 14:23:53] - Test Loss 	 Test Acc 	 PGD Loss 	 PGD Acc
[2025/10/18 14:23:53] - 2.9721 	 	 0.4021 	 3.1691 	 0.2187
[2025/10/18 14:24:46] - 9 	 28.7 	 	 0.2000 	 4.1900 	 0.2172
[2025/10/18 14:24:46] - ==> Building model..
[2025/10/18 14:25:10] - Test Loss 	 Test Acc 	 PGD Loss 	 PGD Acc
[2025/10/18 14:25:10] - 2.9095 	 	 0.4118 	 3.1201 	 0.2233
[2025/10/18 14:26:03] - 10 	 29.7 	 	 0.2000 	 4.1785 	 0.2219
[2025/10/18 14:26:03] - ==> Building model..
[2025/10/18 14:26:26] - Test Loss 	 Test Acc 	 PGD Loss 	 PGD Acc
[2025/10/18 14:26:26] - 2.8572 	 	 0.4293 	 3.0818 	 0.2304
[2025/10/18 14:27:20] - 11 	 29.6 	 	 0.2000 	 4.1683 	 0.2329
[2025/10/18 14:27:20] - ==> Building model..
[2025/10/18 14:27:44] - Test Loss 	 Test Acc 	 PGD Loss 	 PGD Acc
[2025/10/18 14:27:44] - 2.8225 	 	 0.4377 	 3.0547 	 0.2346
[2025/10/18 14:28:35] - 12 	 28.0 	 	 0.2000 	 4.1606 	 0.2335
[2025/10/18 14:28:35] - ==> Building model..
[2025/10/18 14:28:59] - Test Loss 	 Test Acc 	 PGD Loss 	 PGD Acc
[2025/10/18 14:28:59] - 2.7951 	 	 0.4458 	 3.0334 	 0.2388
[2025/10/18 14:29:50] - 13 	 27.9 	 	 0.2000 	 4.1529 	 0.2375
[2025/10/18 14:29:50] - ==> Building model..
[2025/10/18 14:30:13] - Test Loss 	 Test Acc 	 PGD Loss 	 PGD Acc
[2025/10/18 14:30:13] - 2.7676 	 	 0.4502 	 3.0124 	 0.2424
[2025/10/18 14:31:04] - 14 	 27.6 	 	 0.2000 	 4.1485 	 0.2414
[2025/10/18 14:31:04] - ==> Building model..
[2025/10/18 14:31:28] - Test Loss 	 Test Acc 	 PGD Loss 	 PGD Acc
[2025/10/18 14:31:28] - 2.7444 	 	 0.4562 	 2.9945 	 0.2443
[2025/10/18 14:32:19] - 15 	 28.3 	 	 0.2000 	 4.1423 	 0.2451
[2025/10/18 14:32:19] - ==> Building model..
[2025/10/18 14:32:42] - Test Loss 	 Test Acc 	 PGD Loss 	 PGD Acc
[2025/10/18 14:32:42] - 2.7184 	 	 0.4615 	 2.9756 	 0.2481
[2025/10/18 14:33:32] - 16 	 27.4 	 	 0.2000 	 4.1379 	 0.2473
[2025/10/18 14:33:32] - ==> Building model..
[2025/10/18 14:33:56] - Test Loss 	 Test Acc 	 PGD Loss 	 PGD Acc
[2025/10/18 14:33:56] - 2.6983 	 	 0.4666 	 2.9602 	 0.2506
[2025/10/18 14:34:48] - 17 	 29.0 	 	 0.2000 	 4.1346 	 0.2480
[2025/10/18 14:34:48] - ==> Building model..
[2025/10/18 14:35:12] - Test Loss 	 Test Acc 	 PGD Loss 	 PGD Acc
[2025/10/18 14:35:12] - 2.6782 	 	 0.4759 	 2.9457 	 0.2561
[2025/10/18 14:36:03] - 18 	 27.9 	 	 0.2000 	 4.1298 	 0.2531
[2025/10/18 14:36:03] - ==> Building model..
[2025/10/18 14:36:27] - Test Loss 	 Test Acc 	 PGD Loss 	 PGD Acc
[2025/10/18 14:36:27] - 2.6660 	 	 0.4800 	 2.9367 	 0.2558
[2025/10/18 14:37:18] - 19 	 28.1 	 	 0.2000 	 4.1275 	 0.2545
[2025/10/18 14:37:18] - ==> Building model..
[2025/10/18 14:37:42] - Test Loss 	 Test Acc 	 PGD Loss 	 PGD Acc
[2025/10/18 14:37:42] - 2.6614 	 	 0.4790 	 2.9333 	 0.2589
[2025/10/18 14:38:33] - 20 	 27.8 	 	 0.2000 	 4.1224 	 0.2581
[2025/10/18 14:38:33] - ==> Building model..
[2025/10/18 14:38:56] - Test Loss 	 Test Acc 	 PGD Loss 	 PGD Acc
[2025/10/18 14:38:56] - 2.6551 	 	 0.4825 	 2.9298 	 0.2601
[2025/10/18 14:39:47] - 21 	 28.2 	 	 0.2000 	 4.1216 	 0.2553
[2025/10/18 14:39:47] - ==> Building model..
[2025/10/18 14:40:11] - Test Loss 	 Test Acc 	 PGD Loss 	 PGD Acc
[2025/10/18 14:40:11] - 2.6463 	 	 0.4851 	 2.9249 	 0.2613
[2025/10/18 14:41:02] - 22 	 28.2 	 	 0.2000 	 4.1191 	 0.2596
[2025/10/18 14:41:02] - ==> Building model..
[2025/10/18 14:41:26] - Test Loss 	 Test Acc 	 PGD Loss 	 PGD Acc
[2025/10/18 14:41:26] - 2.6387 	 	 0.4859 	 2.9180 	 0.2630
[2025/10/18 14:42:16] - 23 	 27.8 	 	 0.2000 	 4.1194 	 0.2588
[2025/10/18 14:42:16] - ==> Building model..
[2025/10/18 14:42:38] - Test Loss 	 Test Acc 	 PGD Loss 	 PGD Acc
[2025/10/18 14:42:38] - 2.6314 	 	 0.4885 	 2.9137 	 0.2636
[2025/10/18 14:43:30] - 24 	 28.4 	 	 0.2000 	 4.1136 	 0.2626
[2025/10/18 14:43:30] - ==> Building model..
[2025/10/18 14:43:54] - Test Loss 	 Test Acc 	 PGD Loss 	 PGD Acc
[2025/10/18 14:43:54] - 2.6258 	 	 0.4886 	 2.9095 	 0.2612
[2025/10/18 14:44:44] - 25 	 27.8 	 	 0.2000 	 4.1139 	 0.2618
[2025/10/18 14:44:44] - ==> Building model..
[2025/10/18 14:45:07] - Test Loss 	 Test Acc 	 PGD Loss 	 PGD Acc
[2025/10/18 14:45:07] - 2.6264 	 	 0.4881 	 2.9102 	 0.2622
[2025/10/18 14:45:57] - 26 	 27.1 	 	 0.2000 	 4.1139 	 0.2633
[2025/10/18 14:45:57] - ==> Building model..
[2025/10/18 14:46:20] - Test Loss 	 Test Acc 	 PGD Loss 	 PGD Acc
[2025/10/18 14:46:20] - 2.6259 	 	 0.4875 	 2.9095 	 0.2641
[2025/10/18 14:47:12] - 27 	 28.5 	 	 0.2000 	 4.1105 	 0.2628
[2025/10/18 14:47:12] - ==> Building model..
[2025/10/18 14:47:34] - Test Loss 	 Test Acc 	 PGD Loss 	 PGD Acc
[2025/10/18 14:47:34] - 2.6172 	 	 0.4931 	 2.9045 	 0.2660
[2025/10/18 14:48:26] - 28 	 28.2 	 	 0.2000 	 4.1077 	 0.2656
[2025/10/18 14:48:26] - ==> Building model..
[2025/10/18 14:48:49] - Test Loss 	 Test Acc 	 PGD Loss 	 PGD Acc
[2025/10/18 14:48:49] - 2.6104 	 	 0.4944 	 2.8988 	 0.2677
[2025/10/18 14:49:41] - 29 	 28.1 	 	 0.2000 	 4.1069 	 0.2659
[2025/10/18 14:49:41] - ==> Building model..
[2025/10/18 14:50:03] - Test Loss 	 Test Acc 	 PGD Loss 	 PGD Acc
[2025/10/18 14:50:03] - 2.6040 	 	 0.4952 	 2.8931 	 0.2678
[2025/10/18 14:50:56] - 30 	 29.0 	 	 0.2000 	 4.1054 	 0.2680
[2025/10/18 14:50:56] - ==> Building model..
[2025/10/18 14:51:19] - Test Loss 	 Test Acc 	 PGD Loss 	 PGD Acc
[2025/10/18 14:51:19] - 2.5972 	 	 0.4968 	 2.8885 	 0.2705
[2025/10/18 14:52:11] - 31 	 27.6 	 	 0.2000 	 4.1046 	 0.2680
[2025/10/18 14:52:11] - ==> Building model..
[2025/10/18 14:52:34] - Test Loss 	 Test Acc 	 PGD Loss 	 PGD Acc
[2025/10/18 14:52:34] - 2.5897 	 	 0.4974 	 2.8831 	 0.2706
[2025/10/18 14:53:25] - 32 	 28.0 	 	 0.2000 	 4.1047 	 0.2656
[2025/10/18 14:53:25] - ==> Building model..
[2025/10/18 14:53:49] - Test Loss 	 Test Acc 	 PGD Loss 	 PGD Acc
[2025/10/18 14:53:49] - 2.5875 	 	 0.5010 	 2.8812 	 0.2698
[2025/10/18 14:54:40] - 33 	 28.3 	 	 0.2000 	 4.1011 	 0.2703
[2025/10/18 14:54:40] - ==> Building model..
[2025/10/18 14:55:04] - Test Loss 	 Test Acc 	 PGD Loss 	 PGD Acc
[2025/10/18 14:55:04] - 2.5826 	 	 0.5028 	 2.8774 	 0.2704
[2025/10/18 14:55:54] - 34 	 27.7 	 	 0.2000 	 4.1031 	 0.2677
[2025/10/18 14:55:54] - ==> Building model..
[2025/10/18 14:56:17] - Test Loss 	 Test Acc 	 PGD Loss 	 PGD Acc
[2025/10/18 14:56:17] - 2.5827 	 	 0.5023 	 2.8777 	 0.2711
[2025/10/18 14:57:08] - 35 	 27.5 	 	 0.2000 	 4.0996 	 0.2715
[2025/10/18 14:57:08] - ==> Building model..
[2025/10/18 14:57:31] - Test Loss 	 Test Acc 	 PGD Loss 	 PGD Acc
[2025/10/18 14:57:31] - 2.5813 	 	 0.5021 	 2.8762 	 0.2724
[2025/10/18 14:58:21] - 36 	 27.3 	 	 0.2000 	 4.1012 	 0.2694
[2025/10/18 14:58:21] - ==> Building model..
[2025/10/18 14:58:44] - Test Loss 	 Test Acc 	 PGD Loss 	 PGD Acc
[2025/10/18 14:58:44] - 2.5792 	 	 0.5045 	 2.8747 	 0.2719
[2025/10/18 14:59:35] - 37 	 28.2 	 	 0.2000 	 4.0993 	 0.2696
[2025/10/18 14:59:35] - ==> Building model..
[2025/10/18 14:59:59] - Test Loss 	 Test Acc 	 PGD Loss 	 PGD Acc
[2025/10/18 14:59:59] - 2.5730 	 	 0.5052 	 2.8690 	 0.2719
[2025/10/18 15:00:50] - 38 	 27.5 	 	 0.2000 	 4.0966 	 0.2726
[2025/10/18 15:00:50] - ==> Building model..
[2025/10/18 15:01:14] - Test Loss 	 Test Acc 	 PGD Loss 	 PGD Acc
[2025/10/18 15:01:14] - 2.5718 	 	 0.5066 	 2.8685 	 0.2728
[2025/10/18 15:02:05] - 39 	 27.6 	 	 0.2000 	 4.0980 	 0.2728
[2025/10/18 15:02:05] - ==> Building model..
[2025/10/18 15:02:28] - Test Loss 	 Test Acc 	 PGD Loss 	 PGD Acc
[2025/10/18 15:02:28] - 2.5734 	 	 0.5072 	 2.8695 	 0.2723
[2025/10/18 15:03:18] - 40 	 27.4 	 	 0.2000 	 4.0959 	 0.2714
[2025/10/18 15:03:18] - ==> Building model..
[2025/10/18 15:03:41] - Test Loss 	 Test Acc 	 PGD Loss 	 PGD Acc
[2025/10/18 15:03:41] - 2.5723 	 	 0.5072 	 2.8697 	 0.2738
[2025/10/18 15:04:32] - 41 	 28.2 	 	 0.2000 	 4.0951 	 0.2730
[2025/10/18 15:04:32] - ==> Building model..
[2025/10/18 15:04:55] - Test Loss 	 Test Acc 	 PGD Loss 	 PGD Acc
[2025/10/18 15:04:55] - 2.5692 	 	 0.5081 	 2.8673 	 0.2735
[2025/10/18 15:05:47] - 42 	 28.6 	 	 0.2000 	 4.0943 	 0.2715
[2025/10/18 15:05:47] - ==> Building model..
[2025/10/18 15:06:10] - Test Loss 	 Test Acc 	 PGD Loss 	 PGD Acc
[2025/10/18 15:06:10] - 2.5652 	 	 0.5107 	 2.8657 	 0.2749
[2025/10/18 15:07:01] - 43 	 28.5 	 	 0.2000 	 4.0947 	 0.2735
[2025/10/18 15:07:01] - ==> Building model..
[2025/10/18 15:07:24] - Test Loss 	 Test Acc 	 PGD Loss 	 PGD Acc
[2025/10/18 15:07:24] - 2.5621 	 	 0.5122 	 2.8631 	 0.2754
[2025/10/18 15:08:16] - 44 	 29.0 	 	 0.2000 	 4.0944 	 0.2725
[2025/10/18 15:08:16] - ==> Building model..
[2025/10/18 15:08:39] - Test Loss 	 Test Acc 	 PGD Loss 	 PGD Acc
[2025/10/18 15:08:39] - 2.5604 	 	 0.5135 	 2.8618 	 0.2758
[2025/10/18 15:09:30] - 45 	 28.3 	 	 0.2000 	 4.0924 	 0.2737
[2025/10/18 15:09:30] - ==> Building model..
[2025/10/18 15:09:53] - Test Loss 	 Test Acc 	 PGD Loss 	 PGD Acc
[2025/10/18 15:09:53] - 2.5558 	 	 0.5155 	 2.8581 	 0.2770
[2025/10/18 15:10:43] - 46 	 28.0 	 	 0.2000 	 4.0942 	 0.2727
[2025/10/18 15:10:43] - ==> Building model..
[2025/10/18 15:11:07] - Test Loss 	 Test Acc 	 PGD Loss 	 PGD Acc
[2025/10/18 15:11:07] - 2.5574 	 	 0.5140 	 2.8592 	 0.2753
[2025/10/18 15:11:57] - 47 	 27.2 	 	 0.2000 	 4.0897 	 0.2763
[2025/10/18 15:11:57] - ==> Building model..
[2025/10/18 15:12:21] - Test Loss 	 Test Acc 	 PGD Loss 	 PGD Acc
[2025/10/18 15:12:21] - 2.5537 	 	 0.5140 	 2.8556 	 0.2768
[2025/10/18 15:13:13] - 48 	 28.2 	 	 0.2000 	 4.0932 	 0.2738
[2025/10/18 15:13:13] - ==> Building model..
[2025/10/18 15:13:35] - Test Loss 	 Test Acc 	 PGD Loss 	 PGD Acc
[2025/10/18 15:13:35] - 2.5559 	 	 0.5149 	 2.8575 	 0.2776
[2025/10/18 15:14:26] - 49 	 26.9 	 	 0.2000 	 4.0916 	 0.2751
[2025/10/18 15:14:26] - ==> Building model..
[2025/10/18 15:14:48] - Test Loss 	 Test Acc 	 PGD Loss 	 PGD Acc
[2025/10/18 15:14:48] - 2.5533 	 	 0.5144 	 2.8555 	 0.2782
[2025/10/18 15:15:39] - 50 	 27.5 	 	 0.2000 	 4.0907 	 0.2760
[2025/10/18 15:15:39] - ==> Building model..
[2025/10/18 15:16:02] - Test Loss 	 Test Acc 	 PGD Loss 	 PGD Acc
[2025/10/18 15:16:02] - 2.5520 	 	 0.5140 	 2.8539 	 0.2779
[2025/10/18 15:16:53] - 51 	 28.0 	 	 0.2000 	 4.0905 	 0.2754
[2025/10/18 15:16:53] - ==> Building model..
[2025/10/18 15:17:15] - Test Loss 	 Test Acc 	 PGD Loss 	 PGD Acc
[2025/10/18 15:17:15] - 2.5520 	 	 0.5147 	 2.8545 	 0.2785
[2025/10/18 15:18:06] - 52 	 27.7 	 	 0.2000 	 4.0902 	 0.2780
[2025/10/18 15:18:06] - ==> Building model..
[2025/10/18 15:18:28] - Test Loss 	 Test Acc 	 PGD Loss 	 PGD Acc
[2025/10/18 15:18:28] - 2.5530 	 	 0.5153 	 2.8548 	 0.2789
[2025/10/18 15:19:20] - 53 	 27.8 	 	 0.2000 	 4.0905 	 0.2769
[2025/10/18 15:19:20] - ==> Building model..
[2025/10/18 15:19:43] - Test Loss 	 Test Acc 	 PGD Loss 	 PGD Acc
[2025/10/18 15:19:43] - 2.5538 	 	 0.5166 	 2.8566 	 0.2799
[2025/10/18 15:20:34] - 54 	 27.8 	 	 0.2000 	 4.0896 	 0.2774
[2025/10/18 15:20:34] - ==> Building model..
[2025/10/18 15:20:56] - Test Loss 	 Test Acc 	 PGD Loss 	 PGD Acc
[2025/10/18 15:20:56] - 2.5555 	 	 0.5158 	 2.8580 	 0.2803
[2025/10/18 15:21:49] - 55 	 28.1 	 	 0.2000 	 4.0934 	 0.2750
[2025/10/18 15:21:49] - ==> Building model..
[2025/10/18 15:22:11] - Test Loss 	 Test Acc 	 PGD Loss 	 PGD Acc
[2025/10/18 15:22:11] - 2.5586 	 	 0.5168 	 2.8609 	 0.2807
[2025/10/18 15:23:04] - 56 	 27.9 	 	 0.2000 	 4.0921 	 0.2755
[2025/10/18 15:23:04] - ==> Building model..
[2025/10/18 15:23:26] - Test Loss 	 Test Acc 	 PGD Loss 	 PGD Acc
[2025/10/18 15:23:26] - 2.5578 	 	 0.5161 	 2.8591 	 0.2793
[2025/10/18 15:24:18] - 57 	 27.8 	 	 0.2000 	 4.0939 	 0.2770
[2025/10/18 15:24:18] - ==> Building model..
[2025/10/18 15:24:41] - Test Loss 	 Test Acc 	 PGD Loss 	 PGD Acc
[2025/10/18 15:24:41] - 2.5598 	 	 0.5150 	 2.8601 	 0.2794
[2025/10/18 15:25:33] - 58 	 28.9 	 	 0.2000 	 4.0932 	 0.2767
[2025/10/18 15:25:33] - ==> Building model..
[2025/10/18 15:25:56] - Test Loss 	 Test Acc 	 PGD Loss 	 PGD Acc
[2025/10/18 15:25:56] - 2.5628 	 	 0.5156 	 2.8627 	 0.2794
[2025/10/18 15:26:47] - 59 	 27.4 	 	 0.2000 	 4.0920 	 0.2793
[2025/10/18 15:26:47] - ==> Building model..
[2025/10/18 15:27:10] - Test Loss 	 Test Acc 	 PGD Loss 	 PGD Acc
[2025/10/18 15:27:10] - 2.5645 	 	 0.5148 	 2.8636 	 0.2799
[2025/10/18 15:28:01] - 60 	 27.5 	 	 0.2000 	 4.0949 	 0.2762
[2025/10/18 15:28:01] - ==> Building model..
[2025/10/18 15:28:23] - Test Loss 	 Test Acc 	 PGD Loss 	 PGD Acc
[2025/10/18 15:28:23] - 2.5663 	 	 0.5149 	 2.8643 	 0.2793
[2025/10/18 15:29:16] - 61 	 28.0 	 	 0.2000 	 4.0938 	 0.2762
[2025/10/18 15:29:16] - ==> Building model..
[2025/10/18 15:29:38] - Test Loss 	 Test Acc 	 PGD Loss 	 PGD Acc
[2025/10/18 15:29:38] - 2.5706 	 	 0.5168 	 2.8683 	 0.2780
[2025/10/18 15:30:30] - 62 	 27.6 	 	 0.2000 	 4.0944 	 0.2765
[2025/10/18 15:30:30] - ==> Building model..
[2025/10/18 15:30:53] - Test Loss 	 Test Acc 	 PGD Loss 	 PGD Acc
[2025/10/18 15:30:53] - 2.5737 	 	 0.5174 	 2.8717 	 0.2783
[2025/10/18 15:31:45] - 63 	 28.2 	 	 0.2000 	 4.0943 	 0.2789
[2025/10/18 15:31:45] - ==> Building model..
[2025/10/18 15:32:08] - Test Loss 	 Test Acc 	 PGD Loss 	 PGD Acc
[2025/10/18 15:32:08] - 2.5766 	 	 0.5178 	 2.8731 	 0.2785
[2025/10/18 15:33:00] - 64 	 28.2 	 	 0.2000 	 4.0931 	 0.2774
[2025/10/18 15:33:00] - ==> Building model..
[2025/10/18 15:33:24] - Test Loss 	 Test Acc 	 PGD Loss 	 PGD Acc
[2025/10/18 15:33:24] - 2.5794 	 	 0.5176 	 2.8745 	 0.2786
[2025/10/18 15:34:14] - 65 	 27.4 	 	 0.2000 	 4.0936 	 0.2777
[2025/10/18 15:34:14] - ==> Building model..
[2025/10/18 15:34:37] - Test Loss 	 Test Acc 	 PGD Loss 	 PGD Acc
[2025/10/18 15:34:37] - 2.5798 	 	 0.5181 	 2.8749 	 0.2790
[2025/10/18 15:35:28] - 66 	 27.6 	 	 0.2000 	 4.0952 	 0.2779
[2025/10/18 15:35:28] - ==> Building model..
[2025/10/18 15:35:50] - Test Loss 	 Test Acc 	 PGD Loss 	 PGD Acc
[2025/10/18 15:35:50] - 2.5811 	 	 0.5184 	 2.8758 	 0.2804
[2025/10/18 15:36:43] - 67 	 28.2 	 	 0.2000 	 4.0921 	 0.2800
[2025/10/18 15:36:43] - ==> Building model..
[2025/10/18 15:37:06] - Test Loss 	 Test Acc 	 PGD Loss 	 PGD Acc
[2025/10/18 15:37:06] - 2.5836 	 	 0.5196 	 2.8778 	 0.2796
[2025/10/18 15:37:57] - 68 	 27.3 	 	 0.2000 	 4.0921 	 0.2814
[2025/10/18 15:37:57] - ==> Building model..
[2025/10/18 15:38:20] - Test Loss 	 Test Acc 	 PGD Loss 	 PGD Acc
[2025/10/18 15:38:20] - 2.5853 	 	 0.5191 	 2.8796 	 0.2820
[2025/10/18 15:39:11] - 69 	 28.3 	 	 0.2000 	 4.0940 	 0.2787
[2025/10/18 15:39:11] - ==> Building model..
[2025/10/18 15:39:34] - Test Loss 	 Test Acc 	 PGD Loss 	 PGD Acc
[2025/10/18 15:39:34] - 2.5866 	 	 0.5176 	 2.8798 	 0.2808
[2025/10/18 15:40:25] - 70 	 28.0 	 	 0.2000 	 4.0933 	 0.2770
[2025/10/18 15:40:25] - ==> Building model..
[2025/10/18 15:40:47] - Test Loss 	 Test Acc 	 PGD Loss 	 PGD Acc
[2025/10/18 15:40:47] - 2.5877 	 	 0.5182 	 2.8801 	 0.2813
[2025/10/18 15:41:39] - 71 	 27.8 	 	 0.2000 	 4.0921 	 0.2789
[2025/10/18 15:41:39] - ==> Building model..
[2025/10/18 15:42:02] - Test Loss 	 Test Acc 	 PGD Loss 	 PGD Acc
[2025/10/18 15:42:02] - 2.5877 	 	 0.5178 	 2.8799 	 0.2818
[2025/10/18 15:42:53] - 72 	 27.7 	 	 0.2000 	 4.0937 	 0.2776
[2025/10/18 15:42:53] - ==> Building model..
[2025/10/18 15:43:16] - Test Loss 	 Test Acc 	 PGD Loss 	 PGD Acc
[2025/10/18 15:43:16] - 2.5892 	 	 0.5172 	 2.8810 	 0.2823
[2025/10/18 15:44:08] - 73 	 27.7 	 	 0.2000 	 4.0918 	 0.2812
[2025/10/18 15:44:08] - ==> Building model..
[2025/10/18 15:44:30] - Test Loss 	 Test Acc 	 PGD Loss 	 PGD Acc
[2025/10/18 15:44:30] - 2.5880 	 	 0.5182 	 2.8802 	 0.2821
[2025/10/18 15:45:22] - 74 	 27.8 	 	 0.2000 	 4.0928 	 0.2800
[2025/10/18 15:45:22] - ==> Building model..
[2025/10/18 15:45:44] - Test Loss 	 Test Acc 	 PGD Loss 	 PGD Acc
[2025/10/18 15:45:44] - 2.5888 	 	 0.5170 	 2.8798 	 0.2831
[2025/10/18 15:46:36] - 75 	 28.1 	 	 0.2000 	 4.0929 	 0.2795
[2025/10/18 15:46:36] - ==> Building model..
[2025/10/18 15:46:59] - Test Loss 	 Test Acc 	 PGD Loss 	 PGD Acc
[2025/10/18 15:46:59] - 2.5899 	 	 0.5181 	 2.8807 	 0.2833
[2025/10/18 15:47:50] - 76 	 27.5 	 	 0.2000 	 4.0905 	 0.2802
[2025/10/18 15:47:50] - ==> Building model..
[2025/10/18 15:48:13] - Test Loss 	 Test Acc 	 PGD Loss 	 PGD Acc
[2025/10/18 15:48:13] - 2.5919 	 	 0.5166 	 2.8823 	 0.2829
[2025/10/18 15:49:05] - 77 	 27.5 	 	 0.2000 	 4.0919 	 0.2766
[2025/10/18 15:49:05] - ==> Building model..
[2025/10/18 15:49:27] - Test Loss 	 Test Acc 	 PGD Loss 	 PGD Acc
[2025/10/18 15:49:27] - 2.5926 	 	 0.5177 	 2.8821 	 0.2845
[2025/10/18 15:50:18] - 78 	 27.3 	 	 0.2000 	 4.0921 	 0.2783
[2025/10/18 15:50:18] - ==> Building model..
[2025/10/18 15:50:41] - Test Loss 	 Test Acc 	 PGD Loss 	 PGD Acc
[2025/10/18 15:50:41] - 2.5935 	 	 0.5166 	 2.8838 	 0.2838
[2025/10/18 15:51:33] - 79 	 28.1 	 	 0.2000 	 4.0915 	 0.2782
[2025/10/18 15:51:33] - ==> Building model..
[2025/10/18 15:51:55] - Test Loss 	 Test Acc 	 PGD Loss 	 PGD Acc
[2025/10/18 15:51:55] - 2.5942 	 	 0.5172 	 2.8842 	 0.2825
[2025/10/18 15:52:47] - 80 	 28.0 	 	 0.2000 	 4.0920 	 0.2790
[2025/10/18 15:52:47] - ==> Building model..
[2025/10/18 15:53:10] - Test Loss 	 Test Acc 	 PGD Loss 	 PGD Acc
[2025/10/18 15:53:10] - 2.5965 	 	 0.5160 	 2.8855 	 0.2825
[2025/10/18 15:54:00] - 81 	 27.1 	 	 0.2000 	 4.0919 	 0.2783
[2025/10/18 15:54:00] - ==> Building model..
[2025/10/18 15:54:22] - Test Loss 	 Test Acc 	 PGD Loss 	 PGD Acc
[2025/10/18 15:54:22] - 2.5992 	 	 0.5160 	 2.8880 	 0.2830
[2025/10/18 15:55:14] - 82 	 27.3 	 	 0.2000 	 4.0908 	 0.2808
[2025/10/18 15:55:14] - ==> Building model..
[2025/10/18 15:55:36] - Test Loss 	 Test Acc 	 PGD Loss 	 PGD Acc
[2025/10/18 15:55:36] - 2.6017 	 	 0.5162 	 2.8897 	 0.2834
[2025/10/18 15:56:29] - 83 	 27.9 	 	 0.2000 	 4.0939 	 0.2766
[2025/10/18 15:56:29] - ==> Building model..
[2025/10/18 15:56:52] - Test Loss 	 Test Acc 	 PGD Loss 	 PGD Acc
[2025/10/18 15:56:52] - 2.6038 	 	 0.5153 	 2.8912 	 0.2831
[2025/10/18 15:57:44] - 84 	 27.8 	 	 0.2000 	 4.0913 	 0.2782
[2025/10/18 15:57:44] - ==> Building model..
[2025/10/18 15:58:07] - Test Loss 	 Test Acc 	 PGD Loss 	 PGD Acc
[2025/10/18 15:58:07] - 2.6056 	 	 0.5152 	 2.8923 	 0.2826
[2025/10/18 15:58:59] - 85 	 27.9 	 	 0.2000 	 4.0930 	 0.2779
[2025/10/18 15:58:59] - ==> Building model..
[2025/10/18 15:59:21] - Test Loss 	 Test Acc 	 PGD Loss 	 PGD Acc
[2025/10/18 15:59:21] - 2.6067 	 	 0.5145 	 2.8932 	 0.2834
[2025/10/18 16:00:13] - 86 	 27.4 	 	 0.2000 	 4.0915 	 0.2792
[2025/10/18 16:00:13] - ==> Building model..
[2025/10/18 16:00:35] - Test Loss 	 Test Acc 	 PGD Loss 	 PGD Acc
[2025/10/18 16:00:35] - 2.6066 	 	 0.5133 	 2.8927 	 0.2837
[2025/10/18 16:01:26] - 87 	 27.1 	 	 0.2000 	 4.0929 	 0.2793
[2025/10/18 16:01:26] - ==> Building model..
[2025/10/18 16:01:49] - Test Loss 	 Test Acc 	 PGD Loss 	 PGD Acc
[2025/10/18 16:01:49] - 2.6071 	 	 0.5127 	 2.8940 	 0.2840
[2025/10/18 16:02:40] - 88 	 27.4 	 	 0.2000 	 4.0915 	 0.2791
[2025/10/18 16:02:40] - ==> Building model..
[2025/10/18 16:03:02] - Test Loss 	 Test Acc 	 PGD Loss 	 PGD Acc
[2025/10/18 16:03:02] - 2.6074 	 	 0.5145 	 2.8942 	 0.2836
[2025/10/18 16:03:52] - 89 	 27.0 	 	 0.2000 	 4.0916 	 0.2806
[2025/10/18 16:03:52] - ==> Building model..
[2025/10/18 16:04:15] - Test Loss 	 Test Acc 	 PGD Loss 	 PGD Acc
[2025/10/18 16:04:15] - 2.6078 	 	 0.5143 	 2.8947 	 0.2850
[2025/10/18 16:05:07] - 90 	 28.1 	 	 0.2000 	 4.0911 	 0.2807
[2025/10/18 16:05:07] - ==> Building model..
[2025/10/18 16:05:29] - Test Loss 	 Test Acc 	 PGD Loss 	 PGD Acc
[2025/10/18 16:05:29] - 2.6074 	 	 0.5128 	 2.8934 	 0.2852
[2025/10/18 16:06:21] - 91 	 26.8 	 	 0.2000 	 4.0889 	 0.2844
[2025/10/18 16:06:21] - ==> Building model..
[2025/10/18 16:06:44] - Test Loss 	 Test Acc 	 PGD Loss 	 PGD Acc
[2025/10/18 16:06:44] - 2.6072 	 	 0.5126 	 2.8932 	 0.2846
[2025/10/18 16:07:34] - 92 	 27.4 	 	 0.2000 	 4.0906 	 0.2802
[2025/10/18 16:07:34] - ==> Building model..
[2025/10/18 16:07:57] - Test Loss 	 Test Acc 	 PGD Loss 	 PGD Acc
[2025/10/18 16:07:57] - 2.6086 	 	 0.5119 	 2.8938 	 0.2843
[2025/10/18 16:08:47] - 93 	 26.5 	 	 0.2000 	 4.0913 	 0.2787
[2025/10/18 16:08:47] - ==> Building model..
[2025/10/18 16:09:10] - Test Loss 	 Test Acc 	 PGD Loss 	 PGD Acc
[2025/10/18 16:09:10] - 2.6088 	 	 0.5132 	 2.8946 	 0.2841
[2025/10/18 16:10:00] - 94 	 26.1 	 	 0.0200 	 4.0002 	 0.3397
[2025/10/18 16:10:00] - ==> Building model..
[2025/10/18 16:10:24] - Test Loss 	 Test Acc 	 PGD Loss 	 PGD Acc
[2025/10/18 16:10:24] - 2.6072 	 	 0.5133 	 2.8931 	 0.2854
[2025/10/18 16:11:14] - 95 	 26.1 	 	 0.0200 	 3.9066 	 0.3995
[2025/10/18 16:11:14] - ==> Building model..
[2025/10/18 16:11:37] - Test Loss 	 Test Acc 	 PGD Loss 	 PGD Acc
[2025/10/18 16:11:37] - 2.6048 	 	 0.5138 	 2.8911 	 0.2850
[2025/10/18 16:12:26] - 96 	 25.5 	 	 0.0200 	 3.8812 	 0.4184
[2025/10/18 16:12:26] - ==> Building model..
[2025/10/18 16:12:50] - Test Loss 	 Test Acc 	 PGD Loss 	 PGD Acc
[2025/10/18 16:12:50] - 2.6048 	 	 0.5140 	 2.8913 	 0.2851
[2025/10/18 16:13:40] - 97 	 26.8 	 	 0.0200 	 3.8633 	 0.4319
[2025/10/18 16:13:40] - ==> Building model..
[2025/10/18 16:14:04] - Test Loss 	 Test Acc 	 PGD Loss 	 PGD Acc
[2025/10/18 16:14:04] - 2.6058 	 	 0.5147 	 2.8924 	 0.2856
[2025/10/18 16:14:53] - 98 	 26.0 	 	 0.0200 	 3.8483 	 0.4390
[2025/10/18 16:14:53] - ==> Building model..
[2025/10/18 16:15:17] - Test Loss 	 Test Acc 	 PGD Loss 	 PGD Acc
[2025/10/18 16:15:17] - 2.6068 	 	 0.5146 	 2.8928 	 0.2857
[2025/10/18 16:16:07] - 99 	 25.7 	 	 0.0020 	 3.8174 	 0.4652
[2025/10/18 16:16:07] - ==> Building model..
[2025/10/18 16:16:30] - Test Loss 	 Test Acc 	 PGD Loss 	 PGD Acc
[2025/10/18 16:16:30] - 2.6077 	 	 0.5147 	 2.8936 	 0.2858
[2025/10/18 16:17:20] - 100 	 25.7 	 	 0.0020 	 3.7885 	 0.4877
[2025/10/18 16:17:20] - ==> Building model..
[2025/10/18 16:17:43] - Test Loss 	 Test Acc 	 PGD Loss 	 PGD Acc
[2025/10/18 16:17:43] - 2.6081 	 	 0.5148 	 2.8945 	 0.2858
[2025/10/18 16:18:32] - 101 	 25.2 	 	 0.0020 	 3.7818 	 0.4946
[2025/10/18 16:18:32] - ==> Building model..
[2025/10/18 16:18:54] - Test Loss 	 Test Acc 	 PGD Loss 	 PGD Acc
[2025/10/18 16:18:54] - 2.6081 	 	 0.5148 	 2.8943 	 0.2858
[2025/10/18 16:19:44] - 102 	 26.1 	 	 0.0020 	 3.7766 	 0.4985
[2025/10/18 16:19:44] - ==> Building model..
[2025/10/18 16:20:07] - Test Loss 	 Test Acc 	 PGD Loss 	 PGD Acc
[2025/10/18 16:20:07] - 2.6087 	 	 0.5147 	 2.8952 	 0.2853
[2025/10/18 16:20:57] - 103 	 26.4 	 	 0.0020 	 3.7723 	 0.5014
[2025/10/18 16:20:57] - ==> Building model..
[2025/10/18 16:21:20] - Test Loss 	 Test Acc 	 PGD Loss 	 PGD Acc
[2025/10/18 16:21:20] - 2.6097 	 	 0.5143 	 2.8958 	 0.2855
[2025/10/18 16:22:10] - 104 	 26.2 	 	 0.0020 	 3.7682 	 0.5053
[2025/10/18 16:22:10] - ==> Building model..
[2025/10/18 16:22:33] - Test Loss 	 Test Acc 	 PGD Loss 	 PGD Acc
[2025/10/18 16:22:33] - 2.6108 	 	 0.5141 	 2.8971 	 0.2853
[2025/10/18 16:23:23] - 105 	 26.2 	 	 0.0020 	 3.7645 	 0.5059
[2025/10/18 16:23:23] - ==> Building model..
[2025/10/18 16:23:46] - Test Loss 	 Test Acc 	 PGD Loss 	 PGD Acc
[2025/10/18 16:23:46] - 2.6108 	 	 0.5141 	 2.8963 	 0.2852
[2025/10/18 16:24:36] - 106 	 25.9 	 	 0.0020 	 3.7611 	 0.5116
[2025/10/18 16:24:36] - ==> Building model..
[2025/10/18 16:24:57] - Test Loss 	 Test Acc 	 PGD Loss 	 PGD Acc
[2025/10/18 16:24:57] - 2.6108 	 	 0.5141 	 2.8969 	 0.2858
[2025/10/18 16:25:49] - 107 	 27.1 	 	 0.0020 	 3.7578 	 0.5153
[2025/10/18 16:25:49] - ==> Building model..
[2025/10/18 16:26:11] - Test Loss 	 Test Acc 	 PGD Loss 	 PGD Acc
[2025/10/18 16:26:11] - 2.6108 	 	 0.5141 	 2.8968 	 0.2856
[2025/10/18 16:27:01] - 108 	 26.3 	 	 0.0020 	 3.7527 	 0.5171
[2025/10/18 16:27:01] - ==> Building model..
[2025/10/18 16:27:23] - Test Loss 	 Test Acc 	 PGD Loss 	 PGD Acc
[2025/10/18 16:27:23] - 2.6115 	 	 0.5139 	 2.8970 	 0.2854
[2025/10/18 16:28:13] - 109 	 26.7 	 	 0.0020 	 3.7498 	 0.5202
[2025/10/18 16:28:13] - ==> Building model..
[2025/10/18 16:28:36] - Test Loss 	 Test Acc 	 PGD Loss 	 PGD Acc
[2025/10/18 16:28:36] - 2.6115 	 	 0.5139 	 2.8973 	 0.2852
[2025/10/18 16:28:36] - [0.0859, 0.134, 0.1882, 0.2269, 0.265, 0.307, 0.3524, 0.3817, 0.4021, 0.4118, 0.4293, 0.4377, 0.4458, 0.4502, 0.4562, 0.4615, 0.4666, 0.4759, 0.48, 0.479, 0.4825, 0.4851, 0.4859, 0.4885, 0.4886, 0.4881, 0.4875, 0.4931, 0.4944, 0.4952, 0.4968, 0.4974, 0.501, 0.5028, 0.5023, 0.5021, 0.5045, 0.5052, 0.5066, 0.5072, 0.5072, 0.5081, 0.5107, 0.5122, 0.5135, 0.5155, 0.514, 0.514, 0.5149, 0.5144, 0.514, 0.5147, 0.5153, 0.5166, 0.5158, 0.5168, 0.5161, 0.515, 0.5156, 0.5148, 0.5149, 0.5168, 0.5174, 0.5178, 0.5176, 0.5181, 0.5184, 0.5196, 0.5191, 0.5176, 0.5182, 0.5178, 0.5172, 0.5182, 0.517, 0.5181, 0.5166, 0.5177, 0.5166, 0.5172, 0.516, 0.516, 0.5162, 0.5153, 0.5152, 0.5145, 0.5133, 0.5127, 0.5145, 0.5143, 0.5128, 0.5126, 0.5119, 0.5132, 0.5133, 0.5138, 0.514, 0.5147, 0.5146, 0.5147, 0.5148, 0.5148, 0.5147, 0.5143, 0.5141, 0.5141, 0.5141, 0.5141, 0.5139, 0.5139]
[2025/10/18 16:28:36] - [0.0571, 0.0852, 0.1157, 0.1347, 0.1575, 0.179, 0.1974, 0.2086, 0.2187, 0.2233, 0.2304, 0.2346, 0.2388, 0.2424, 0.2443, 0.2481, 0.2506, 0.2561, 0.2558, 0.2589, 0.2601, 0.2613, 0.263, 0.2636, 0.2612, 0.2622, 0.2641, 0.266, 0.2677, 0.2678, 0.2705, 0.2706, 0.2698, 0.2704, 0.2711, 0.2724, 0.2719, 0.2719, 0.2728, 0.2723, 0.2738, 0.2735, 0.2749, 0.2754, 0.2758, 0.277, 0.2753, 0.2768, 0.2776, 0.2782, 0.2779, 0.2785, 0.2789, 0.2799, 0.2803, 0.2807, 0.2793, 0.2794, 0.2794, 0.2799, 0.2793, 0.278, 0.2783, 0.2785, 0.2786, 0.279, 0.2804, 0.2796, 0.282, 0.2808, 0.2813, 0.2818, 0.2823, 0.2821, 0.2831, 0.2833, 0.2829, 0.2845, 0.2838, 0.2825, 0.2825, 0.283, 0.2834, 0.2831, 0.2826, 0.2834, 0.2837, 0.284, 0.2836, 0.285, 0.2852, 0.2846, 0.2843, 0.2841, 0.2854, 0.285, 0.2851, 0.2856, 0.2857, 0.2858, 0.2858, 0.2858, 0.2853, 0.2855, 0.2853, 0.2852, 0.2858, 0.2856, 0.2854, 0.2852]
