[2025/09/21 04:17:53] - Namespace(batch_size=128, data_dir='cifar-data', epochs=120, lr_schedule='multistep', lr_min=0.0, lr_max=0.1, weight_decay=0.0005, momentum=0.9, model='ResNet18', epsilon=8, alpha=8, delta_init='random', normal_mean=0, normal_std=1, out_dir='./output/CIFAR10/lam_start_50', seed=0, lamda=12, lam_scale=0.1, lam_max=45, lam_start=50, gamma=0.15, inner_gamma=0.15, beta=0.6, mu=3.5, batch_m=0.75, early_stop=False, factor=0.7, length=4, n_holes=1, c_num=0.125, EMA_value=0.82)
[2025/09/21 04:17:56] - ==> Building model..
[2025/09/21 04:17:57] - Epoch 	 Seconds 	 LR 	 	 Train Loss 	 Train Acc
[2025/09/21 04:19:31] - 0 	 57.7 	 	 0.1000 	 2.2335 	 0.2275
[2025/09/21 04:19:31] - ==> Building model..
[2025/09/21 04:20:11] - Test Loss 	 Test Acc 	 PGD Loss 	 PGD Acc
[2025/09/21 04:20:11] - 1.8308 	 	 0.3981 	 1.8868 	 0.2757
[2025/09/21 04:21:44] - 1 	 57.8 	 	 0.1000 	 2.1332 	 0.3018
[2025/09/21 04:21:44] - ==> Building model..
[2025/09/21 04:22:24] - Test Loss 	 Test Acc 	 PGD Loss 	 PGD Acc
[2025/09/21 04:22:24] - 1.7153 	 	 0.4595 	 1.7904 	 0.3135
[2025/09/21 04:23:56] - 2 	 55.6 	 	 0.1000 	 2.0945 	 0.3437
[2025/09/21 04:23:56] - ==> Building model..
[2025/09/21 04:24:35] - Test Loss 	 Test Acc 	 PGD Loss 	 PGD Acc
[2025/09/21 04:24:35] - 1.6391 	 	 0.5078 	 1.7294 	 0.3404
[2025/09/21 04:26:08] - 3 	 58.2 	 	 0.1000 	 2.0653 	 0.3728
[2025/09/21 04:26:08] - ==> Building model..
[2025/09/21 04:26:47] - Test Loss 	 Test Acc 	 PGD Loss 	 PGD Acc
[2025/09/21 04:26:47] - 1.5745 	 	 0.5541 	 1.6775 	 0.3691
[2025/09/21 04:28:19] - 4 	 57.5 	 	 0.1000 	 2.0405 	 0.3971
[2025/09/21 04:28:19] - ==> Building model..
[2025/09/21 04:28:55] - Test Loss 	 Test Acc 	 PGD Loss 	 PGD Acc
[2025/09/21 04:28:55] - 1.5319 	 	 0.5851 	 1.6447 	 0.3937
[2025/09/21 04:30:28] - 5 	 57.6 	 	 0.1000 	 2.0172 	 0.4223
[2025/09/21 04:30:28] - ==> Building model..
[2025/09/21 04:31:08] - Test Loss 	 Test Acc 	 PGD Loss 	 PGD Acc
[2025/09/21 04:31:08] - 1.5093 	 	 0.6120 	 1.6292 	 0.4102
[2025/09/21 04:32:40] - 6 	 55.9 	 	 0.1000 	 1.9972 	 0.4429
[2025/09/21 04:32:40] - ==> Building model..
[2025/09/21 04:33:20] - Test Loss 	 Test Acc 	 PGD Loss 	 PGD Acc
[2025/09/21 04:33:20] - 1.4917 	 	 0.6296 	 1.6167 	 0.4274
[2025/09/21 04:34:51] - 7 	 56.4 	 	 0.1000 	 1.9824 	 0.4564
[2025/09/21 04:34:51] - ==> Building model..
[2025/09/21 04:35:28] - Test Loss 	 Test Acc 	 PGD Loss 	 PGD Acc
[2025/09/21 04:35:28] - 1.4861 	 	 0.6384 	 1.6127 	 0.4411
[2025/09/21 04:36:59] - 8 	 58.1 	 	 0.1000 	 1.9679 	 0.4708
[2025/09/21 04:36:59] - ==> Building model..
[2025/09/21 04:37:36] - Test Loss 	 Test Acc 	 PGD Loss 	 PGD Acc
[2025/09/21 04:37:36] - 1.4877 	 	 0.6474 	 1.6147 	 0.4488
[2025/09/21 04:39:07] - 9 	 57.6 	 	 0.1000 	 1.9557 	 0.4841
[2025/09/21 04:39:07] - ==> Building model..
[2025/09/21 04:39:42] - Test Loss 	 Test Acc 	 PGD Loss 	 PGD Acc
[2025/09/21 04:39:42] - 1.4893 	 	 0.6547 	 1.6169 	 0.4605
[2025/09/21 04:41:14] - 10 	 56.5 	 	 0.1000 	 1.9460 	 0.4911
[2025/09/21 04:41:14] - ==> Building model..
[2025/09/21 04:41:53] - Test Loss 	 Test Acc 	 PGD Loss 	 PGD Acc
[2025/09/21 04:41:53] - 1.4889 	 	 0.6582 	 1.6166 	 0.4673
[2025/09/21 04:43:24] - 11 	 58.6 	 	 0.1000 	 1.9394 	 0.5011
[2025/09/21 04:43:24] - ==> Building model..
[2025/09/21 04:44:03] - Test Loss 	 Test Acc 	 PGD Loss 	 PGD Acc
[2025/09/21 04:44:03] - 1.4747 	 	 0.6719 	 1.6054 	 0.4740
[2025/09/21 04:45:33] - 12 	 56.4 	 	 0.1000 	 1.9334 	 0.5054
[2025/09/21 04:45:33] - ==> Building model..
[2025/09/21 04:46:13] - Test Loss 	 Test Acc 	 PGD Loss 	 PGD Acc
[2025/09/21 04:46:13] - 1.4399 	 	 0.6852 	 1.5764 	 0.4859
[2025/09/21 04:47:42] - 13 	 55.2 	 	 0.1000 	 1.9286 	 0.5121
[2025/09/21 04:47:42] - ==> Building model..
[2025/09/21 04:48:21] - Test Loss 	 Test Acc 	 PGD Loss 	 PGD Acc
[2025/09/21 04:48:21] - 1.3986 	 	 0.6952 	 1.5437 	 0.4945
[2025/09/21 04:49:54] - 14 	 58.2 	 	 0.1000 	 1.9198 	 0.5211
[2025/09/21 04:49:54] - ==> Building model..
[2025/09/21 04:50:32] - Test Loss 	 Test Acc 	 PGD Loss 	 PGD Acc
[2025/09/21 04:50:32] - 1.3600 	 	 0.7067 	 1.5129 	 0.4999
[2025/09/21 04:52:02] - 15 	 56.9 	 	 0.1000 	 1.9183 	 0.5207
[2025/09/21 04:52:02] - ==> Building model..
[2025/09/21 04:52:42] - Test Loss 	 Test Acc 	 PGD Loss 	 PGD Acc
[2025/09/21 04:52:42] - 1.3256 	 	 0.7159 	 1.4855 	 0.5038
[2025/09/21 04:54:13] - 16 	 55.7 	 	 0.1000 	 1.9121 	 0.5265
[2025/09/21 04:54:13] - ==> Building model..
[2025/09/21 04:54:52] - Test Loss 	 Test Acc 	 PGD Loss 	 PGD Acc
[2025/09/21 04:54:52] - 1.2982 	 	 0.7206 	 1.4636 	 0.5059
[2025/09/21 04:56:25] - 17 	 57.9 	 	 0.1000 	 1.9085 	 0.5315
[2025/09/21 04:56:25] - ==> Building model..
[2025/09/21 04:57:04] - Test Loss 	 Test Acc 	 PGD Loss 	 PGD Acc
[2025/09/21 04:57:04] - 1.2824 	 	 0.7241 	 1.4512 	 0.5111
[2025/09/21 04:58:33] - 18 	 54.8 	 	 0.1000 	 1.9080 	 0.5339
[2025/09/21 04:58:33] - ==> Building model..
[2025/09/21 04:59:14] - Test Loss 	 Test Acc 	 PGD Loss 	 PGD Acc
[2025/09/21 04:59:14] - 1.2699 	 	 0.7294 	 1.4411 	 0.5147
[2025/09/21 05:00:41] - 19 	 52.4 	 	 0.1000 	 1.9004 	 0.5374
[2025/09/21 05:00:41] - ==> Building model..
[2025/09/21 05:01:21] - Test Loss 	 Test Acc 	 PGD Loss 	 PGD Acc
[2025/09/21 05:01:21] - 1.2598 	 	 0.7329 	 1.4327 	 0.5171
[2025/09/21 05:02:52] - 20 	 56.1 	 	 0.1000 	 1.8990 	 0.5425
[2025/09/21 05:02:52] - ==> Building model..
[2025/09/21 05:03:32] - Test Loss 	 Test Acc 	 PGD Loss 	 PGD Acc
[2025/09/21 05:03:32] - 1.2514 	 	 0.7360 	 1.4262 	 0.5203
[2025/09/21 05:05:02] - 21 	 56.2 	 	 0.1000 	 1.8964 	 0.5433
[2025/09/21 05:05:02] - ==> Building model..
[2025/09/21 05:05:39] - Test Loss 	 Test Acc 	 PGD Loss 	 PGD Acc
[2025/09/21 05:05:39] - 1.2451 	 	 0.7401 	 1.4217 	 0.5219
[2025/09/21 05:07:11] - 22 	 57.3 	 	 0.1000 	 1.8961 	 0.5456
[2025/09/21 05:07:11] - ==> Building model..
[2025/09/21 05:07:50] - Test Loss 	 Test Acc 	 PGD Loss 	 PGD Acc
[2025/09/21 05:07:50] - 1.2399 	 	 0.7424 	 1.4178 	 0.5247
[2025/09/21 05:09:24] - 23 	 58.3 	 	 0.1000 	 1.8928 	 0.5503
[2025/09/21 05:09:24] - ==> Building model..
[2025/09/21 05:10:03] - Test Loss 	 Test Acc 	 PGD Loss 	 PGD Acc
[2025/09/21 05:10:03] - 1.2347 	 	 0.7437 	 1.4135 	 0.5269
[2025/09/21 05:11:36] - 24 	 58.2 	 	 0.1000 	 1.8901 	 0.5516
[2025/09/21 05:11:36] - ==> Building model..
[2025/09/21 05:12:12] - Test Loss 	 Test Acc 	 PGD Loss 	 PGD Acc
[2025/09/21 05:12:12] - 1.2296 	 	 0.7474 	 1.4093 	 0.5266
[2025/09/21 05:13:42] - 25 	 57.3 	 	 0.1000 	 1.8873 	 0.5542
[2025/09/21 05:13:42] - ==> Building model..
[2025/09/21 05:14:20] - Test Loss 	 Test Acc 	 PGD Loss 	 PGD Acc
[2025/09/21 05:14:20] - 1.2262 	 	 0.7483 	 1.4064 	 0.5281
[2025/09/21 05:15:52] - 26 	 58.0 	 	 0.1000 	 1.8846 	 0.5537
[2025/09/21 05:15:52] - ==> Building model..
[2025/09/21 05:16:28] - Test Loss 	 Test Acc 	 PGD Loss 	 PGD Acc
[2025/09/21 05:16:28] - 1.2222 	 	 0.7488 	 1.4026 	 0.5322
[2025/09/21 05:17:59] - 27 	 55.8 	 	 0.1000 	 1.8837 	 0.5547
[2025/09/21 05:17:59] - ==> Building model..
[2025/09/21 05:18:37] - Test Loss 	 Test Acc 	 PGD Loss 	 PGD Acc
[2025/09/21 05:18:37] - 1.2173 	 	 0.7498 	 1.3987 	 0.5343
[2025/09/21 05:20:10] - 28 	 57.7 	 	 0.1000 	 1.8824 	 0.5561
[2025/09/21 05:20:10] - ==> Building model..
[2025/09/21 05:20:49] - Test Loss 	 Test Acc 	 PGD Loss 	 PGD Acc
[2025/09/21 05:20:49] - 1.2147 	 	 0.7521 	 1.3971 	 0.5348
[2025/09/21 05:22:19] - 29 	 55.5 	 	 0.1000 	 1.8795 	 0.5601
[2025/09/21 05:22:19] - ==> Building model..
[2025/09/21 05:22:58] - Test Loss 	 Test Acc 	 PGD Loss 	 PGD Acc
[2025/09/21 05:22:58] - 1.2105 	 	 0.7533 	 1.3940 	 0.5372
[2025/09/21 05:24:28] - 30 	 55.8 	 	 0.1000 	 1.8803 	 0.5593
[2025/09/21 05:24:28] - ==> Building model..
[2025/09/21 05:25:07] - Test Loss 	 Test Acc 	 PGD Loss 	 PGD Acc
[2025/09/21 05:25:07] - 1.2098 	 	 0.7557 	 1.3942 	 0.5373
[2025/09/21 05:26:41] - 31 	 59.0 	 	 0.1000 	 1.8781 	 0.5629
[2025/09/21 05:26:41] - ==> Building model..
[2025/09/21 05:27:21] - Test Loss 	 Test Acc 	 PGD Loss 	 PGD Acc
[2025/09/21 05:27:21] - 1.2055 	 	 0.7573 	 1.3909 	 0.5386
[2025/09/21 05:28:49] - 32 	 54.8 	 	 0.1000 	 1.8764 	 0.5650
[2025/09/21 05:28:49] - ==> Building model..
[2025/09/21 05:29:31] - Test Loss 	 Test Acc 	 PGD Loss 	 PGD Acc
[2025/09/21 05:29:31] - 1.2012 	 	 0.7583 	 1.3870 	 0.5400
[2025/09/21 05:30:57] - 33 	 52.7 	 	 0.1000 	 1.8751 	 0.5634
[2025/09/21 05:30:57] - ==> Building model..
[2025/09/21 05:31:37] - Test Loss 	 Test Acc 	 PGD Loss 	 PGD Acc
[2025/09/21 05:31:37] - 1.1992 	 	 0.7605 	 1.3861 	 0.5409
[2025/09/21 05:33:08] - 34 	 56.3 	 	 0.1000 	 1.8733 	 0.5654
[2025/09/21 05:33:08] - ==> Building model..
[2025/09/21 05:33:48] - Test Loss 	 Test Acc 	 PGD Loss 	 PGD Acc
[2025/09/21 05:33:48] - 1.1956 	 	 0.7642 	 1.3835 	 0.5439
[2025/09/21 05:35:22] - 35 	 57.5 	 	 0.1000 	 1.8733 	 0.5673
[2025/09/21 05:35:22] - ==> Building model..
[2025/09/21 05:36:02] - Test Loss 	 Test Acc 	 PGD Loss 	 PGD Acc
[2025/09/21 05:36:02] - 1.1932 	 	 0.7656 	 1.3817 	 0.5430
[2025/09/21 05:37:29] - 36 	 53.2 	 	 0.1000 	 1.8735 	 0.5655
[2025/09/21 05:37:29] - ==> Building model..
[2025/09/21 05:38:08] - Test Loss 	 Test Acc 	 PGD Loss 	 PGD Acc
[2025/09/21 05:38:08] - 1.1906 	 	 0.7656 	 1.3797 	 0.5448
[2025/09/21 05:39:40] - 37 	 58.5 	 	 0.1000 	 1.8716 	 0.5683
[2025/09/21 05:39:40] - ==> Building model..
[2025/09/21 05:40:18] - Test Loss 	 Test Acc 	 PGD Loss 	 PGD Acc
[2025/09/21 05:40:18] - 1.1887 	 	 0.7670 	 1.3783 	 0.5470
[2025/09/21 05:41:49] - 38 	 57.8 	 	 0.1000 	 1.8720 	 0.5655
[2025/09/21 05:41:49] - ==> Building model..
[2025/09/21 05:42:26] - Test Loss 	 Test Acc 	 PGD Loss 	 PGD Acc
[2025/09/21 05:42:26] - 1.1882 	 	 0.7660 	 1.3780 	 0.5460
[2025/09/21 05:43:58] - 39 	 56.6 	 	 0.1000 	 1.8672 	 0.5708
[2025/09/21 05:43:58] - ==> Building model..
[2025/09/21 05:44:36] - Test Loss 	 Test Acc 	 PGD Loss 	 PGD Acc
[2025/09/21 05:44:36] - 1.1842 	 	 0.7691 	 1.3747 	 0.5492
[2025/09/21 05:46:05] - 40 	 56.4 	 	 0.1000 	 1.8702 	 0.5696
[2025/09/21 05:46:05] - ==> Building model..
[2025/09/21 05:46:44] - Test Loss 	 Test Acc 	 PGD Loss 	 PGD Acc
[2025/09/21 05:46:44] - 1.1831 	 	 0.7699 	 1.3742 	 0.5486
[2025/09/21 05:48:14] - 41 	 57.4 	 	 0.1000 	 1.8669 	 0.5694
[2025/09/21 05:48:14] - ==> Building model..
[2025/09/21 05:48:46] - Test Loss 	 Test Acc 	 PGD Loss 	 PGD Acc
[2025/09/21 05:48:46] - 1.1823 	 	 0.7709 	 1.3739 	 0.5487
[2025/09/21 05:50:16] - 42 	 57.0 	 	 0.1000 	 1.8674 	 0.5704
[2025/09/21 05:50:16] - ==> Building model..
[2025/09/21 05:50:55] - Test Loss 	 Test Acc 	 PGD Loss 	 PGD Acc
[2025/09/21 05:50:55] - 1.1817 	 	 0.7724 	 1.3734 	 0.5496
[2025/09/21 05:52:23] - 43 	 56.6 	 	 0.1000 	 1.8670 	 0.5717
[2025/09/21 05:52:23] - ==> Building model..
[2025/09/21 05:53:03] - Test Loss 	 Test Acc 	 PGD Loss 	 PGD Acc
[2025/09/21 05:53:03] - 1.1788 	 	 0.7724 	 1.3712 	 0.5508
[2025/09/21 05:54:33] - 44 	 57.4 	 	 0.1000 	 1.8671 	 0.5718
[2025/09/21 05:54:33] - ==> Building model..
[2025/09/21 05:55:05] - Test Loss 	 Test Acc 	 PGD Loss 	 PGD Acc
[2025/09/21 05:55:05] - 1.1768 	 	 0.7712 	 1.3697 	 0.5529
[2025/09/21 05:56:32] - 45 	 56.3 	 	 0.1000 	 1.8658 	 0.5705
[2025/09/21 05:56:32] - ==> Building model..
[2025/09/21 05:57:10] - Test Loss 	 Test Acc 	 PGD Loss 	 PGD Acc
[2025/09/21 05:57:10] - 1.1748 	 	 0.7733 	 1.3683 	 0.5541
[2025/09/21 05:58:39] - 46 	 56.4 	 	 0.1000 	 1.8636 	 0.5736
[2025/09/21 05:58:39] - ==> Building model..
[2025/09/21 05:59:18] - Test Loss 	 Test Acc 	 PGD Loss 	 PGD Acc
[2025/09/21 05:59:18] - 1.1730 	 	 0.7731 	 1.3671 	 0.5555
[2025/09/21 06:00:46] - 47 	 55.0 	 	 0.1000 	 1.8644 	 0.5746
[2025/09/21 06:00:46] - ==> Building model..
[2025/09/21 06:01:22] - Test Loss 	 Test Acc 	 PGD Loss 	 PGD Acc
[2025/09/21 06:01:22] - 1.1713 	 	 0.7744 	 1.3655 	 0.5551
[2025/09/21 06:02:52] - 48 	 55.9 	 	 0.1000 	 1.8636 	 0.5728
[2025/09/21 06:02:52] - ==> Building model..
[2025/09/21 06:03:33] - Test Loss 	 Test Acc 	 PGD Loss 	 PGD Acc
[2025/09/21 06:03:33] - 1.1708 	 	 0.7736 	 1.3656 	 0.5546
[2025/09/21 06:05:01] - 49 	 55.3 	 	 0.1000 	 1.8620 	 0.5763
[2025/09/21 06:05:01] - ==> Building model..
[2025/09/21 06:05:38] - Test Loss 	 Test Acc 	 PGD Loss 	 PGD Acc
[2025/09/21 06:05:38] - 1.1690 	 	 0.7762 	 1.3648 	 0.5547
[2025/09/21 06:07:05] - 50 	 54.1 	 	 0.1000 	 1.8631 	 0.5757
[2025/09/21 06:07:05] - ==> Building model..
[2025/09/21 06:07:44] - Test Loss 	 Test Acc 	 PGD Loss 	 PGD Acc
[2025/09/21 06:07:44] - 1.1672 	 	 0.7768 	 1.3636 	 0.5551
[2025/09/21 06:09:14] - 51 	 56.4 	 	 0.1000 	 1.8638 	 0.5750
[2025/09/21 06:09:14] - ==> Building model..
[2025/09/21 06:09:53] - Test Loss 	 Test Acc 	 PGD Loss 	 PGD Acc
[2025/09/21 06:09:53] - 1.1661 	 	 0.7778 	 1.3625 	 0.5560
[2025/09/21 06:11:22] - 52 	 56.6 	 	 0.1000 	 1.8617 	 0.5788
[2025/09/21 06:11:22] - ==> Building model..
[2025/09/21 06:11:56] - Test Loss 	 Test Acc 	 PGD Loss 	 PGD Acc
[2025/09/21 06:11:56] - 1.1650 	 	 0.7792 	 1.3610 	 0.5565
[2025/09/21 06:13:23] - 53 	 54.6 	 	 0.1000 	 1.8629 	 0.5767
[2025/09/21 06:13:23] - ==> Building model..
[2025/09/21 06:14:02] - Test Loss 	 Test Acc 	 PGD Loss 	 PGD Acc
[2025/09/21 06:14:02] - 1.1648 	 	 0.7771 	 1.3607 	 0.5561
[2025/09/21 06:15:29] - 54 	 56.2 	 	 0.1000 	 1.8655 	 0.5763
[2025/09/21 06:15:29] - ==> Building model..
[2025/09/21 06:16:07] - Test Loss 	 Test Acc 	 PGD Loss 	 PGD Acc
[2025/09/21 06:16:07] - 1.1667 	 	 0.7778 	 1.3623 	 0.5571
[2025/09/21 06:17:35] - 55 	 55.9 	 	 0.1000 	 1.8646 	 0.5778
[2025/09/21 06:17:35] - ==> Building model..
[2025/09/21 06:18:10] - Test Loss 	 Test Acc 	 PGD Loss 	 PGD Acc
[2025/09/21 06:18:10] - 1.1694 	 	 0.7777 	 1.3645 	 0.5578
[2025/09/21 06:19:37] - 56 	 54.8 	 	 0.1000 	 1.8661 	 0.5773
[2025/09/21 06:19:37] - ==> Building model..
[2025/09/21 06:20:15] - Test Loss 	 Test Acc 	 PGD Loss 	 PGD Acc
[2025/09/21 06:20:15] - 1.1717 	 	 0.7788 	 1.3659 	 0.5588
[2025/09/21 06:21:43] - 57 	 56.2 	 	 0.1000 	 1.8668 	 0.5783
[2025/09/21 06:21:43] - ==> Building model..
[2025/09/21 06:22:22] - Test Loss 	 Test Acc 	 PGD Loss 	 PGD Acc
[2025/09/21 06:22:22] - 1.1729 	 	 0.7789 	 1.3666 	 0.5589
[2025/09/21 06:23:47] - 58 	 55.4 	 	 0.1000 	 1.8667 	 0.5787
[2025/09/21 06:23:47] - ==> Building model..
[2025/09/21 06:24:22] - Test Loss 	 Test Acc 	 PGD Loss 	 PGD Acc
[2025/09/21 06:24:22] - 1.1745 	 	 0.7777 	 1.3683 	 0.5598
[2025/09/21 06:25:50] - 59 	 55.2 	 	 0.1000 	 1.8701 	 0.5748
[2025/09/21 06:25:50] - ==> Building model..
[2025/09/21 06:26:28] - Test Loss 	 Test Acc 	 PGD Loss 	 PGD Acc
[2025/09/21 06:26:28] - 1.1789 	 	 0.7763 	 1.3717 	 0.5594
[2025/09/21 06:27:59] - 60 	 57.0 	 	 0.1000 	 1.8697 	 0.5783
[2025/09/21 06:27:59] - ==> Building model..
[2025/09/21 06:28:38] - Test Loss 	 Test Acc 	 PGD Loss 	 PGD Acc
[2025/09/21 06:28:38] - 1.1809 	 	 0.7753 	 1.3732 	 0.5617
[2025/09/21 06:30:03] - 61 	 54.4 	 	 0.1000 	 1.8709 	 0.5785
[2025/09/21 06:30:03] - ==> Building model..
[2025/09/21 06:30:39] - Test Loss 	 Test Acc 	 PGD Loss 	 PGD Acc
[2025/09/21 06:30:39] - 1.1837 	 	 0.7759 	 1.3748 	 0.5613
[2025/09/21 06:32:03] - 62 	 51.4 	 	 0.1000 	 1.8703 	 0.5785
[2025/09/21 06:32:03] - ==> Building model..
[2025/09/21 06:32:43] - Test Loss 	 Test Acc 	 PGD Loss 	 PGD Acc
[2025/09/21 06:32:43] - 1.1853 	 	 0.7754 	 1.3754 	 0.5634
[2025/09/21 06:34:08] - 63 	 53.7 	 	 0.1000 	 1.8728 	 0.5776
[2025/09/21 06:34:08] - ==> Building model..
[2025/09/21 06:34:48] - Test Loss 	 Test Acc 	 PGD Loss 	 PGD Acc
[2025/09/21 06:34:48] - 1.1889 	 	 0.7750 	 1.3780 	 0.5632
[2025/09/21 06:36:14] - 64 	 54.0 	 	 0.1000 	 1.8748 	 0.5787
[2025/09/21 06:36:14] - ==> Building model..
[2025/09/21 06:36:53] - Test Loss 	 Test Acc 	 PGD Loss 	 PGD Acc
[2025/09/21 06:36:53] - 1.1926 	 	 0.7760 	 1.3806 	 0.5630
[2025/09/21 06:38:16] - 65 	 51.0 	 	 0.1000 	 1.8761 	 0.5778
[2025/09/21 06:38:16] - ==> Building model..
[2025/09/21 06:38:56] - Test Loss 	 Test Acc 	 PGD Loss 	 PGD Acc
[2025/09/21 06:38:56] - 1.1953 	 	 0.7764 	 1.3828 	 0.5632
[2025/09/21 06:40:21] - 66 	 54.6 	 	 0.1000 	 1.8761 	 0.5777
[2025/09/21 06:40:21] - ==> Building model..
[2025/09/21 06:41:00] - Test Loss 	 Test Acc 	 PGD Loss 	 PGD Acc
[2025/09/21 06:41:00] - 1.1981 	 	 0.7749 	 1.3847 	 0.5643
[2025/09/21 06:42:27] - 67 	 55.6 	 	 0.1000 	 1.8769 	 0.5782
[2025/09/21 06:42:27] - ==> Building model..
[2025/09/21 06:43:05] - Test Loss 	 Test Acc 	 PGD Loss 	 PGD Acc
[2025/09/21 06:43:05] - 1.2014 	 	 0.7739 	 1.3872 	 0.5644
[2025/09/21 06:44:32] - 68 	 54.1 	 	 0.1000 	 1.8768 	 0.5795
[2025/09/21 06:44:32] - ==> Building model..
[2025/09/21 06:45:10] - Test Loss 	 Test Acc 	 PGD Loss 	 PGD Acc
[2025/09/21 06:45:10] - 1.2056 	 	 0.7716 	 1.3901 	 0.5644
[2025/09/21 06:46:37] - 69 	 56.7 	 	 0.1000 	 1.8811 	 0.5773
[2025/09/21 06:46:37] - ==> Building model..
[2025/09/21 06:47:17] - Test Loss 	 Test Acc 	 PGD Loss 	 PGD Acc
[2025/09/21 06:47:17] - 1.2101 	 	 0.7699 	 1.3940 	 0.5663
[2025/09/21 06:48:45] - 70 	 55.6 	 	 0.1000 	 1.8809 	 0.5751
[2025/09/21 06:48:45] - ==> Building model..
[2025/09/21 06:49:23] - Test Loss 	 Test Acc 	 PGD Loss 	 PGD Acc
[2025/09/21 06:49:23] - 1.2134 	 	 0.7714 	 1.3967 	 0.5674
[2025/09/21 06:50:53] - 71 	 56.2 	 	 0.1000 	 1.8806 	 0.5769
[2025/09/21 06:50:53] - ==> Building model..
[2025/09/21 06:51:31] - Test Loss 	 Test Acc 	 PGD Loss 	 PGD Acc
[2025/09/21 06:51:31] - 1.2161 	 	 0.7709 	 1.3987 	 0.5675
[2025/09/21 06:52:59] - 72 	 55.8 	 	 0.1000 	 1.8819 	 0.5782
[2025/09/21 06:52:59] - ==> Building model..
[2025/09/21 06:53:37] - Test Loss 	 Test Acc 	 PGD Loss 	 PGD Acc
[2025/09/21 06:53:37] - 1.2186 	 	 0.7720 	 1.4004 	 0.5697
[2025/09/21 06:55:04] - 73 	 55.5 	 	 0.1000 	 1.8833 	 0.5772
[2025/09/21 06:55:04] - ==> Building model..
[2025/09/21 06:55:44] - Test Loss 	 Test Acc 	 PGD Loss 	 PGD Acc
[2025/09/21 06:55:44] - 1.2218 	 	 0.7706 	 1.4027 	 0.5676
[2025/09/21 06:57:10] - 74 	 53.9 	 	 0.1000 	 1.8854 	 0.5775
[2025/09/21 06:57:10] - ==> Building model..
[2025/09/21 06:57:49] - Test Loss 	 Test Acc 	 PGD Loss 	 PGD Acc
[2025/09/21 06:57:49] - 1.2243 	 	 0.7702 	 1.4042 	 0.5671
[2025/09/21 06:59:15] - 75 	 55.5 	 	 0.1000 	 1.8875 	 0.5755
[2025/09/21 06:59:15] - ==> Building model..
[2025/09/21 06:59:54] - Test Loss 	 Test Acc 	 PGD Loss 	 PGD Acc
[2025/09/21 06:59:54] - 1.2300 	 	 0.7683 	 1.4079 	 0.5680
[2025/09/21 07:01:19] - 76 	 53.1 	 	 0.1000 	 1.8888 	 0.5749
[2025/09/21 07:01:19] - ==> Building model..
[2025/09/21 07:01:59] - Test Loss 	 Test Acc 	 PGD Loss 	 PGD Acc
[2025/09/21 07:01:59] - 1.2341 	 	 0.7672 	 1.4107 	 0.5690
[2025/09/21 07:03:24] - 77 	 52.6 	 	 0.1000 	 1.8900 	 0.5758
[2025/09/21 07:03:24] - ==> Building model..
[2025/09/21 07:04:04] - Test Loss 	 Test Acc 	 PGD Loss 	 PGD Acc
[2025/09/21 07:04:04] - 1.2372 	 	 0.7671 	 1.4128 	 0.5694
[2025/09/21 07:05:33] - 78 	 54.7 	 	 0.1000 	 1.8902 	 0.5758
[2025/09/21 07:05:33] - ==> Building model..
[2025/09/21 07:06:14] - Test Loss 	 Test Acc 	 PGD Loss 	 PGD Acc
[2025/09/21 07:06:14] - 1.2401 	 	 0.7662 	 1.4148 	 0.5695
[2025/09/21 07:07:42] - 79 	 53.8 	 	 0.1000 	 1.8904 	 0.5734
[2025/09/21 07:07:42] - ==> Building model..
[2025/09/21 07:08:23] - Test Loss 	 Test Acc 	 PGD Loss 	 PGD Acc
[2025/09/21 07:08:23] - 1.2426 	 	 0.7657 	 1.4165 	 0.5672
[2025/09/21 07:09:47] - 80 	 51.7 	 	 0.1000 	 1.8935 	 0.5725
[2025/09/21 07:09:47] - ==> Building model..
[2025/09/21 07:10:26] - Test Loss 	 Test Acc 	 PGD Loss 	 PGD Acc
[2025/09/21 07:10:26] - 1.2459 	 	 0.7636 	 1.4185 	 0.5668
[2025/09/21 07:11:55] - 81 	 56.7 	 	 0.1000 	 1.8944 	 0.5732
[2025/09/21 07:11:55] - ==> Building model..
[2025/09/21 07:12:35] - Test Loss 	 Test Acc 	 PGD Loss 	 PGD Acc
[2025/09/21 07:12:35] - 1.2501 	 	 0.7616 	 1.4216 	 0.5671
[2025/09/21 07:14:02] - 82 	 54.4 	 	 0.1000 	 1.8953 	 0.5731
[2025/09/21 07:14:02] - ==> Building model..
[2025/09/21 07:14:41] - Test Loss 	 Test Acc 	 PGD Loss 	 PGD Acc
[2025/09/21 07:14:41] - 1.2531 	 	 0.7636 	 1.4242 	 0.5670
[2025/09/21 07:16:07] - 83 	 53.3 	 	 0.1000 	 1.8974 	 0.5702
[2025/09/21 07:16:07] - ==> Building model..
[2025/09/21 07:16:45] - Test Loss 	 Test Acc 	 PGD Loss 	 PGD Acc
[2025/09/21 07:16:45] - 1.2574 	 	 0.7621 	 1.4270 	 0.5685
[2025/09/21 07:18:14] - 84 	 57.1 	 	 0.1000 	 1.8942 	 0.5724
[2025/09/21 07:18:14] - ==> Building model..
[2025/09/21 07:18:53] - Test Loss 	 Test Acc 	 PGD Loss 	 PGD Acc
[2025/09/21 07:18:53] - 1.2576 	 	 0.7634 	 1.4267 	 0.5682
[2025/09/21 07:20:17] - 85 	 54.0 	 	 0.1000 	 1.8959 	 0.5722
[2025/09/21 07:20:17] - ==> Building model..
[2025/09/21 07:20:56] - Test Loss 	 Test Acc 	 PGD Loss 	 PGD Acc
[2025/09/21 07:20:56] - 1.2599 	 	 0.7625 	 1.4284 	 0.5686
[2025/09/21 07:22:22] - 86 	 52.4 	 	 0.1000 	 1.8963 	 0.5684
[2025/09/21 07:22:22] - ==> Building model..
[2025/09/21 07:23:02] - Test Loss 	 Test Acc 	 PGD Loss 	 PGD Acc
[2025/09/21 07:23:02] - 1.2618 	 	 0.7630 	 1.4299 	 0.5684
[2025/09/21 07:24:31] - 87 	 56.5 	 	 0.1000 	 1.8957 	 0.5733
[2025/09/21 07:24:31] - ==> Building model..
[2025/09/21 07:25:09] - Test Loss 	 Test Acc 	 PGD Loss 	 PGD Acc
[2025/09/21 07:25:09] - 1.2629 	 	 0.7627 	 1.4303 	 0.5697
[2025/09/21 07:26:35] - 88 	 55.0 	 	 0.1000 	 1.8987 	 0.5677
[2025/09/21 07:26:35] - ==> Building model..
[2025/09/21 07:27:15] - Test Loss 	 Test Acc 	 PGD Loss 	 PGD Acc
[2025/09/21 07:27:15] - 1.2670 	 	 0.7616 	 1.4340 	 0.5688
[2025/09/21 07:28:42] - 89 	 54.2 	 	 0.1000 	 1.8944 	 0.5703
[2025/09/21 07:28:42] - ==> Building model..
[2025/09/21 07:29:21] - Test Loss 	 Test Acc 	 PGD Loss 	 PGD Acc
[2025/09/21 07:29:21] - 1.2664 	 	 0.7619 	 1.4333 	 0.5693
[2025/09/21 07:30:48] - 90 	 55.9 	 	 0.1000 	 1.8961 	 0.5667
[2025/09/21 07:30:48] - ==> Building model..
[2025/09/21 07:31:28] - Test Loss 	 Test Acc 	 PGD Loss 	 PGD Acc
[2025/09/21 07:31:28] - 1.2679 	 	 0.7626 	 1.4340 	 0.5707
[2025/09/21 07:32:52] - 91 	 53.8 	 	 0.1000 	 1.8954 	 0.5651
[2025/09/21 07:32:52] - ==> Building model..
[2025/09/21 07:33:32] - Test Loss 	 Test Acc 	 PGD Loss 	 PGD Acc
[2025/09/21 07:33:32] - 1.2684 	 	 0.7611 	 1.4348 	 0.5718
[2025/09/21 07:34:57] - 92 	 51.5 	 	 0.1000 	 1.8966 	 0.5656
[2025/09/21 07:34:57] - ==> Building model..
[2025/09/21 07:35:36] - Test Loss 	 Test Acc 	 PGD Loss 	 PGD Acc
[2025/09/21 07:35:36] - 1.2696 	 	 0.7587 	 1.4354 	 0.5706
[2025/09/21 07:37:01] - 93 	 54.1 	 	 0.1000 	 1.8955 	 0.5655
[2025/09/21 07:37:01] - ==> Building model..
[2025/09/21 07:37:40] - Test Loss 	 Test Acc 	 PGD Loss 	 PGD Acc
[2025/09/21 07:37:40] - 1.2685 	 	 0.7595 	 1.4345 	 0.5702
[2025/09/21 07:39:05] - 94 	 53.1 	 	 0.1000 	 1.8965 	 0.5662
[2025/09/21 07:39:05] - ==> Building model..
[2025/09/21 07:39:46] - Test Loss 	 Test Acc 	 PGD Loss 	 PGD Acc
[2025/09/21 07:39:46] - 1.2690 	 	 0.7601 	 1.4349 	 0.5709
[2025/09/21 07:41:10] - 95 	 51.4 	 	 0.1000 	 1.8941 	 0.5665
[2025/09/21 07:41:10] - ==> Building model..
[2025/09/21 07:41:50] - Test Loss 	 Test Acc 	 PGD Loss 	 PGD Acc
[2025/09/21 07:41:50] - 1.2679 	 	 0.7616 	 1.4342 	 0.5708
[2025/09/21 07:43:16] - 96 	 53.8 	 	 0.1000 	 1.8952 	 0.5680
[2025/09/21 07:43:16] - ==> Building model..
[2025/09/21 07:43:56] - Test Loss 	 Test Acc 	 PGD Loss 	 PGD Acc
[2025/09/21 07:43:56] - 1.2686 	 	 0.7590 	 1.4349 	 0.5706
[2025/09/21 07:45:25] - 97 	 54.9 	 	 0.1000 	 1.8949 	 0.5673
[2025/09/21 07:45:25] - ==> Building model..
[2025/09/21 07:46:05] - Test Loss 	 Test Acc 	 PGD Loss 	 PGD Acc
[2025/09/21 07:46:05] - 1.2666 	 	 0.7590 	 1.4333 	 0.5702
[2025/09/21 07:47:30] - 98 	 51.9 	 	 0.1000 	 1.8937 	 0.5687
[2025/09/21 07:47:30] - ==> Building model..
[2025/09/21 07:48:10] - Test Loss 	 Test Acc 	 PGD Loss 	 PGD Acc
[2025/09/21 07:48:10] - 1.2649 	 	 0.7596 	 1.4320 	 0.5712
[2025/09/21 07:49:37] - 99 	 55.8 	 	 0.1000 	 1.8947 	 0.5675
[2025/09/21 07:49:37] - ==> Building model..
[2025/09/21 07:50:15] - Test Loss 	 Test Acc 	 PGD Loss 	 PGD Acc
[2025/09/21 07:50:15] - 1.2654 	 	 0.7599 	 1.4323 	 0.5702
[2025/09/21 07:51:43] - 100 	 55.4 	 	 0.1000 	 1.8925 	 0.5689
[2025/09/21 07:51:43] - ==> Building model..
[2025/09/21 07:52:23] - Test Loss 	 Test Acc 	 PGD Loss 	 PGD Acc
[2025/09/21 07:52:23] - 1.2658 	 	 0.7593 	 1.4329 	 0.5708
[2025/09/21 07:53:48] - 101 	 53.3 	 	 0.1000 	 1.8944 	 0.5677
[2025/09/21 07:53:48] - ==> Building model..
[2025/09/21 07:54:26] - Test Loss 	 Test Acc 	 PGD Loss 	 PGD Acc
[2025/09/21 07:54:26] - 1.2675 	 	 0.7582 	 1.4337 	 0.5709
[2025/09/21 07:55:57] - 102 	 57.5 	 	 0.1000 	 1.8951 	 0.5678
[2025/09/21 07:55:57] - ==> Building model..
[2025/09/21 07:56:35] - Test Loss 	 Test Acc 	 PGD Loss 	 PGD Acc
[2025/09/21 07:56:35] - 1.2672 	 	 0.7601 	 1.4338 	 0.5699
[2025/09/21 07:58:04] - 103 	 56.5 	 	 0.1000 	 1.8943 	 0.5681
[2025/09/21 07:58:04] - ==> Building model..
[2025/09/21 07:58:43] - Test Loss 	 Test Acc 	 PGD Loss 	 PGD Acc
[2025/09/21 07:58:43] - 1.2658 	 	 0.7615 	 1.4330 	 0.5703
[2025/09/21 08:00:09] - 104 	 53.9 	 	 0.1000 	 1.8938 	 0.5706
[2025/09/21 08:00:09] - ==> Building model..
[2025/09/21 08:00:48] - Test Loss 	 Test Acc 	 PGD Loss 	 PGD Acc
[2025/09/21 08:00:48] - 1.2666 	 	 0.7595 	 1.4337 	 0.5696
[2025/09/21 08:02:15] - 105 	 55.9 	 	 0.1000 	 1.8936 	 0.5691
[2025/09/21 08:02:15] - ==> Building model..
[2025/09/21 08:02:54] - Test Loss 	 Test Acc 	 PGD Loss 	 PGD Acc
[2025/09/21 08:02:54] - 1.2651 	 	 0.7602 	 1.4325 	 0.5719
[2025/09/21 08:04:20] - 106 	 55.2 	 	 0.1000 	 1.8946 	 0.5701
[2025/09/21 08:04:20] - ==> Building model..
[2025/09/21 08:04:59] - Test Loss 	 Test Acc 	 PGD Loss 	 PGD Acc
[2025/09/21 08:04:59] - 1.2649 	 	 0.7612 	 1.4328 	 0.5723
[2025/09/21 08:06:25] - 107 	 53.7 	 	 0.1000 	 1.8920 	 0.5715
[2025/09/21 08:06:25] - ==> Building model..
[2025/09/21 08:07:03] - Test Loss 	 Test Acc 	 PGD Loss 	 PGD Acc
[2025/09/21 08:07:03] - 1.2632 	 	 0.7607 	 1.4316 	 0.5728
[2025/09/21 08:08:34] - 108 	 56.2 	 	 0.1000 	 1.8918 	 0.5737
[2025/09/21 08:08:34] - ==> Building model..
[2025/09/21 08:09:12] - Test Loss 	 Test Acc 	 PGD Loss 	 PGD Acc
[2025/09/21 08:09:12] - 1.2621 	 	 0.7612 	 1.4308 	 0.5723
[2025/09/21 08:10:40] - 109 	 54.8 	 	 0.0100 	 1.8424 	 0.6176
[2025/09/21 08:10:40] - ==> Building model..
[2025/09/21 08:11:17] - Test Loss 	 Test Acc 	 PGD Loss 	 PGD Acc
[2025/09/21 08:11:17] - 1.2497 	 	 0.7648 	 1.4221 	 0.5715
[2025/09/21 08:12:41] - 110 	 52.0 	 	 0.0100 	 1.7861 	 0.6676
[2025/09/21 08:12:41] - ==> Building model..
[2025/09/21 08:13:20] - Test Loss 	 Test Acc 	 PGD Loss 	 PGD Acc
[2025/09/21 08:13:20] - 1.2294 	 	 0.7720 	 1.4075 	 0.5743
[2025/09/21 08:14:43] - 111 	 51.2 	 	 0.0100 	 1.7709 	 0.6803
[2025/09/21 08:14:43] - ==> Building model..
[2025/09/21 08:15:24] - Test Loss 	 Test Acc 	 PGD Loss 	 PGD Acc
[2025/09/21 08:15:24] - 1.2147 	 	 0.7804 	 1.3972 	 0.5757
[2025/09/21 08:16:50] - 112 	 51.3 	 	 0.0100 	 1.7622 	 0.6882
[2025/09/21 08:16:50] - ==> Building model..
[2025/09/21 08:17:29] - Test Loss 	 Test Acc 	 PGD Loss 	 PGD Acc
[2025/09/21 08:17:29] - 1.2040 	 	 0.7859 	 1.3901 	 0.5767
[2025/09/21 08:18:54] - 113 	 51.5 	 	 0.0100 	 1.7528 	 0.6999
[2025/09/21 08:18:54] - ==> Building model..
[2025/09/21 08:19:34] - Test Loss 	 Test Acc 	 PGD Loss 	 PGD Acc
[2025/09/21 08:19:34] - 1.1972 	 	 0.7887 	 1.3856 	 0.5782
[2025/09/21 08:21:00] - 114 	 51.7 	 	 0.0010 	 1.7389 	 0.7102
[2025/09/21 08:21:00] - ==> Building model..
[2025/09/21 08:21:41] - Test Loss 	 Test Acc 	 PGD Loss 	 PGD Acc
[2025/09/21 08:21:41] - 1.1914 	 	 0.7930 	 1.3823 	 0.5775
[2025/09/21 08:23:06] - 115 	 52.7 	 	 0.0010 	 1.7248 	 0.7225
[2025/09/21 08:23:06] - ==> Building model..
[2025/09/21 08:23:40] - Test Loss 	 Test Acc 	 PGD Loss 	 PGD Acc
[2025/09/21 08:23:40] - 1.1856 	 	 0.7956 	 1.3784 	 0.5771
[2025/09/21 08:25:06] - 116 	 53.1 	 	 0.0010 	 1.7214 	 0.7221
[2025/09/21 08:25:06] - ==> Building model..
[2025/09/21 08:25:44] - Test Loss 	 Test Acc 	 PGD Loss 	 PGD Acc
[2025/09/21 08:25:44] - 1.1772 	 	 0.7989 	 1.3730 	 0.5786
[2025/09/21 08:27:10] - 117 	 53.7 	 	 0.0010 	 1.7177 	 0.7266
[2025/09/21 08:27:10] - ==> Building model..
[2025/09/21 08:27:49] - Test Loss 	 Test Acc 	 PGD Loss 	 PGD Acc
[2025/09/21 08:27:49] - 1.1699 	 	 0.8013 	 1.3678 	 0.5778
[2025/09/21 08:29:15] - 118 	 53.3 	 	 0.0010 	 1.7158 	 0.7269
[2025/09/21 08:29:15] - ==> Building model..
[2025/09/21 08:29:49] - Test Loss 	 Test Acc 	 PGD Loss 	 PGD Acc
[2025/09/21 08:29:49] - 1.1621 	 	 0.8040 	 1.3620 	 0.5802
[2025/09/21 08:31:13] - 119 	 53.0 	 	 0.0010 	 1.7136 	 0.7280
[2025/09/21 08:31:13] - ==> Building model..
[2025/09/21 08:31:52] - Test Loss 	 Test Acc 	 PGD Loss 	 PGD Acc
[2025/09/21 08:31:52] - 1.1548 	 	 0.8067 	 1.3571 	 0.5799
[2025/09/21 08:31:52] - [0.3981, 0.4595, 0.5078, 0.5541, 0.5851, 0.612, 0.6296, 0.6384, 0.6474, 0.6547, 0.6582, 0.6719, 0.6852, 0.6952, 0.7067, 0.7159, 0.7206, 0.7241, 0.7294, 0.7329, 0.736, 0.7401, 0.7424, 0.7437, 0.7474, 0.7483, 0.7488, 0.7498, 0.7521, 0.7533, 0.7557, 0.7573, 0.7583, 0.7605, 0.7642, 0.7656, 0.7656, 0.767, 0.766, 0.7691, 0.7699, 0.7709, 0.7724, 0.7724, 0.7712, 0.7733, 0.7731, 0.7744, 0.7736, 0.7762, 0.7768, 0.7778, 0.7792, 0.7771, 0.7778, 0.7777, 0.7788, 0.7789, 0.7777, 0.7763, 0.7753, 0.7759, 0.7754, 0.775, 0.776, 0.7764, 0.7749, 0.7739, 0.7716, 0.7699, 0.7714, 0.7709, 0.772, 0.7706, 0.7702, 0.7683, 0.7672, 0.7671, 0.7662, 0.7657, 0.7636, 0.7616, 0.7636, 0.7621, 0.7634, 0.7625, 0.763, 0.7627, 0.7616, 0.7619, 0.7626, 0.7611, 0.7587, 0.7595, 0.7601, 0.7616, 0.759, 0.759, 0.7596, 0.7599, 0.7593, 0.7582, 0.7601, 0.7615, 0.7595, 0.7602, 0.7612, 0.7607, 0.7612, 0.7648, 0.772, 0.7804, 0.7859, 0.7887, 0.793, 0.7956, 0.7989, 0.8013, 0.804, 0.8067]
[2025/09/21 08:31:52] - [0.2757, 0.3135, 0.3404, 0.3691, 0.3937, 0.4102, 0.4274, 0.4411, 0.4488, 0.4605, 0.4673, 0.474, 0.4859, 0.4945, 0.4999, 0.5038, 0.5059, 0.5111, 0.5147, 0.5171, 0.5203, 0.5219, 0.5247, 0.5269, 0.5266, 0.5281, 0.5322, 0.5343, 0.5348, 0.5372, 0.5373, 0.5386, 0.54, 0.5409, 0.5439, 0.543, 0.5448, 0.547, 0.546, 0.5492, 0.5486, 0.5487, 0.5496, 0.5508, 0.5529, 0.5541, 0.5555, 0.5551, 0.5546, 0.5547, 0.5551, 0.556, 0.5565, 0.5561, 0.5571, 0.5578, 0.5588, 0.5589, 0.5598, 0.5594, 0.5617, 0.5613, 0.5634, 0.5632, 0.563, 0.5632, 0.5643, 0.5644, 0.5644, 0.5663, 0.5674, 0.5675, 0.5697, 0.5676, 0.5671, 0.568, 0.569, 0.5694, 0.5695, 0.5672, 0.5668, 0.5671, 0.567, 0.5685, 0.5682, 0.5686, 0.5684, 0.5697, 0.5688, 0.5693, 0.5707, 0.5718, 0.5706, 0.5702, 0.5709, 0.5708, 0.5706, 0.5702, 0.5712, 0.5702, 0.5708, 0.5709, 0.5699, 0.5703, 0.5696, 0.5719, 0.5723, 0.5728, 0.5723, 0.5715, 0.5743, 0.5757, 0.5767, 0.5782, 0.5775, 0.5771, 0.5786, 0.5778, 0.5802, 0.5799]
