[2025/10/11 23:48:02] - Namespace(batch_size=128, data_dir='cifar-data', epochs=100, lr_schedule='multistep', lr_min=0.0, lr_max=0.2, weight_decay=0.0005, momentum=0.9, model='ResNet18', epsilon=8, alpha=8, delta_init='random', normal_mean=0, normal_std=1, out_dir='./output/CIFAR100_best/beta_0.2_lamscale_0.01_lamstart_50/run_8', seed=0, lamda=42, lam_scale=0.01, lam_start=50, gamma=0.05, inner_gamma=0.05, beta=0.2, mu=3.5, batch_m=0.75, early_stop=False, factor=0.5, length=4, n_holes=1, c_num=0.125, EMA_value=0.55)
[2025/10/11 23:48:04] - ==> Building model..
[2025/10/11 23:48:04] - Epoch 	 Seconds 	 LR 	 	 Train Loss 	 Train Acc
[2025/10/11 23:48:56] - 0 	 24.4 	 	 0.2000 	 4.5777 	 0.0390
[2025/10/11 23:48:56] - ==> Building model..
[2025/10/11 23:49:15] - Test Loss 	 Test Acc 	 PGD Loss 	 PGD Acc
[2025/10/11 23:49:15] - 4.2710 	 	 0.0780 	 4.2817 	 0.0537
[2025/10/11 23:50:06] - 1 	 23.5 	 	 0.2000 	 4.4609 	 0.0779
[2025/10/11 23:50:06] - ==> Building model..
[2025/10/11 23:50:26] - Test Loss 	 Test Acc 	 PGD Loss 	 PGD Acc
[2025/10/11 23:50:26] - 4.0703 	 	 0.1367 	 4.0965 	 0.0900
[2025/10/11 23:51:16] - 2 	 23.9 	 	 0.2000 	 4.4108 	 0.1023
[2025/10/11 23:51:16] - ==> Building model..
[2025/10/11 23:51:36] - Test Loss 	 Test Acc 	 PGD Loss 	 PGD Acc
[2025/10/11 23:51:36] - 3.9353 	 	 0.1766 	 3.9764 	 0.1123
[2025/10/11 23:52:26] - 3 	 23.3 	 	 0.2000 	 4.3651 	 0.1240
[2025/10/11 23:52:26] - ==> Building model..
[2025/10/11 23:52:46] - Test Loss 	 Test Acc 	 PGD Loss 	 PGD Acc
[2025/10/11 23:52:46] - 3.7769 	 	 0.2231 	 3.8396 	 0.1326
[2025/10/11 23:53:37] - 4 	 23.8 	 	 0.2000 	 4.3206 	 0.1478
[2025/10/11 23:53:37] - ==> Building model..
[2025/10/11 23:53:56] - Test Loss 	 Test Acc 	 PGD Loss 	 PGD Acc
[2025/10/11 23:53:56] - 3.6124 	 	 0.2639 	 3.7016 	 0.1571
[2025/10/11 23:54:47] - 5 	 24.1 	 	 0.2000 	 4.2807 	 0.1659
[2025/10/11 23:54:47] - ==> Building model..
[2025/10/11 23:55:06] - Test Loss 	 Test Acc 	 PGD Loss 	 PGD Acc
[2025/10/11 23:55:06] - 3.4084 	 	 0.3053 	 3.5259 	 0.1789
[2025/10/11 23:55:57] - 6 	 23.9 	 	 0.2000 	 4.2484 	 0.1850
[2025/10/11 23:55:57] - ==> Building model..
[2025/10/11 23:56:16] - Test Loss 	 Test Acc 	 PGD Loss 	 PGD Acc
[2025/10/11 23:56:16] - 3.2054 	 	 0.3462 	 3.3559 	 0.1911
[2025/10/11 23:57:07] - 7 	 23.6 	 	 0.2000 	 4.2256 	 0.1980
[2025/10/11 23:57:07] - ==> Building model..
[2025/10/11 23:57:26] - Test Loss 	 Test Acc 	 PGD Loss 	 PGD Acc
[2025/10/11 23:57:26] - 3.0702 	 	 0.3771 	 3.2479 	 0.2055
[2025/10/11 23:58:16] - 8 	 23.8 	 	 0.2000 	 4.2053 	 0.2081
[2025/10/11 23:58:16] - ==> Building model..
[2025/10/11 23:58:36] - Test Loss 	 Test Acc 	 PGD Loss 	 PGD Acc
[2025/10/11 23:58:36] - 2.9742 	 	 0.4007 	 3.1737 	 0.2162
[2025/10/11 23:59:26] - 9 	 23.6 	 	 0.2000 	 4.1904 	 0.2171
[2025/10/11 23:59:26] - ==> Building model..
[2025/10/11 23:59:46] - Test Loss 	 Test Acc 	 PGD Loss 	 PGD Acc
[2025/10/11 23:59:46] - 2.9083 	 	 0.4177 	 3.1214 	 0.2244
[2025/10/12 00:00:35] - 10 	 23.9 	 	 0.2000 	 4.1773 	 0.2252
[2025/10/12 00:00:35] - ==> Building model..
[2025/10/12 00:00:55] - Test Loss 	 Test Acc 	 PGD Loss 	 PGD Acc
[2025/10/12 00:00:55] - 2.8572 	 	 0.4298 	 3.0825 	 0.2323
[2025/10/12 00:01:43] - 11 	 23.3 	 	 0.2000 	 4.1689 	 0.2288
[2025/10/12 00:01:43] - ==> Building model..
[2025/10/12 00:02:02] - Test Loss 	 Test Acc 	 PGD Loss 	 PGD Acc
[2025/10/12 00:02:02] - 2.8294 	 	 0.4351 	 3.0607 	 0.2357
[2025/10/12 00:02:53] - 12 	 24.3 	 	 0.2000 	 4.1595 	 0.2352
[2025/10/12 00:02:53] - ==> Building model..
[2025/10/12 00:03:12] - Test Loss 	 Test Acc 	 PGD Loss 	 PGD Acc
[2025/10/12 00:03:12] - 2.7902 	 	 0.4463 	 3.0312 	 0.2392
[2025/10/12 00:04:00] - 13 	 23.5 	 	 0.2000 	 4.1556 	 0.2369
[2025/10/12 00:04:00] - ==> Building model..
[2025/10/12 00:04:19] - Test Loss 	 Test Acc 	 PGD Loss 	 PGD Acc
[2025/10/12 00:04:19] - 2.7591 	 	 0.4533 	 3.0068 	 0.2444
[2025/10/12 00:05:06] - 14 	 23.6 	 	 0.2000 	 4.1489 	 0.2402
[2025/10/12 00:05:06] - ==> Building model..
[2025/10/12 00:05:26] - Test Loss 	 Test Acc 	 PGD Loss 	 PGD Acc
[2025/10/12 00:05:26] - 2.7396 	 	 0.4574 	 2.9933 	 0.2476
[2025/10/12 00:06:17] - 15 	 25.5 	 	 0.2000 	 4.1419 	 0.2457
[2025/10/12 00:06:17] - ==> Building model..
[2025/10/12 00:06:37] - Test Loss 	 Test Acc 	 PGD Loss 	 PGD Acc
[2025/10/12 00:06:37] - 2.7131 	 	 0.4643 	 2.9730 	 0.2501
[2025/10/12 00:07:29] - 16 	 24.9 	 	 0.2000 	 4.1378 	 0.2480
[2025/10/12 00:07:29] - ==> Building model..
[2025/10/12 00:07:50] - Test Loss 	 Test Acc 	 PGD Loss 	 PGD Acc
[2025/10/12 00:07:50] - 2.6985 	 	 0.4690 	 2.9614 	 0.2504
[2025/10/12 00:08:42] - 17 	 25.6 	 	 0.2000 	 4.1362 	 0.2474
[2025/10/12 00:08:42] - ==> Building model..
[2025/10/12 00:09:03] - Test Loss 	 Test Acc 	 PGD Loss 	 PGD Acc
[2025/10/12 00:09:03] - 2.6824 	 	 0.4723 	 2.9501 	 0.2542
[2025/10/12 00:09:55] - 18 	 24.9 	 	 0.2000 	 4.1290 	 0.2519
[2025/10/12 00:09:55] - ==> Building model..
[2025/10/12 00:10:15] - Test Loss 	 Test Acc 	 PGD Loss 	 PGD Acc
[2025/10/12 00:10:15] - 2.6640 	 	 0.4752 	 2.9365 	 0.2558
[2025/10/12 00:11:07] - 19 	 25.2 	 	 0.2000 	 4.1263 	 0.2552
[2025/10/12 00:11:07] - ==> Building model..
[2025/10/12 00:11:28] - Test Loss 	 Test Acc 	 PGD Loss 	 PGD Acc
[2025/10/12 00:11:28] - 2.6491 	 	 0.4795 	 2.9247 	 0.2574
[2025/10/12 00:12:21] - 20 	 26.2 	 	 0.2000 	 4.1249 	 0.2557
[2025/10/12 00:12:21] - ==> Building model..
[2025/10/12 00:12:42] - Test Loss 	 Test Acc 	 PGD Loss 	 PGD Acc
[2025/10/12 00:12:42] - 2.6416 	 	 0.4827 	 2.9194 	 0.2586
[2025/10/12 00:13:33] - 21 	 25.0 	 	 0.2000 	 4.1207 	 0.2583
[2025/10/12 00:13:33] - ==> Building model..
[2025/10/12 00:13:53] - Test Loss 	 Test Acc 	 PGD Loss 	 PGD Acc
[2025/10/12 00:13:53] - 2.6312 	 	 0.4863 	 2.9127 	 0.2609
[2025/10/12 00:14:43] - 22 	 24.5 	 	 0.2000 	 4.1212 	 0.2575
[2025/10/12 00:14:43] - ==> Building model..
[2025/10/12 00:15:03] - Test Loss 	 Test Acc 	 PGD Loss 	 PGD Acc
[2025/10/12 00:15:03] - 2.6268 	 	 0.4884 	 2.9106 	 0.2621
[2025/10/12 00:15:52] - 23 	 23.8 	 	 0.2000 	 4.1197 	 0.2584
[2025/10/12 00:15:52] - ==> Building model..
[2025/10/12 00:16:11] - Test Loss 	 Test Acc 	 PGD Loss 	 PGD Acc
[2025/10/12 00:16:11] - 2.6225 	 	 0.4896 	 2.9062 	 0.2647
[2025/10/12 00:17:03] - 24 	 24.3 	 	 0.2000 	 4.1155 	 0.2611
[2025/10/12 00:17:03] - ==> Building model..
[2025/10/12 00:17:23] - Test Loss 	 Test Acc 	 PGD Loss 	 PGD Acc
[2025/10/12 00:17:23] - 2.6229 	 	 0.4906 	 2.9082 	 0.2652
[2025/10/12 00:18:13] - 25 	 23.8 	 	 0.2000 	 4.1129 	 0.2645
[2025/10/12 00:18:13] - ==> Building model..
[2025/10/12 00:18:33] - Test Loss 	 Test Acc 	 PGD Loss 	 PGD Acc
[2025/10/12 00:18:33] - 2.6159 	 	 0.4946 	 2.9031 	 0.2677
[2025/10/12 00:19:24] - 26 	 24.6 	 	 0.2000 	 4.1104 	 0.2628
[2025/10/12 00:19:24] - ==> Building model..
[2025/10/12 00:19:44] - Test Loss 	 Test Acc 	 PGD Loss 	 PGD Acc
[2025/10/12 00:19:44] - 2.6041 	 	 0.4993 	 2.8942 	 0.2676
[2025/10/12 00:20:33] - 27 	 24.0 	 	 0.2000 	 4.1101 	 0.2671
[2025/10/12 00:20:33] - ==> Building model..
[2025/10/12 00:20:53] - Test Loss 	 Test Acc 	 PGD Loss 	 PGD Acc
[2025/10/12 00:20:53] - 2.5956 	 	 0.5014 	 2.8880 	 0.2695
[2025/10/12 00:21:43] - 28 	 24.4 	 	 0.2000 	 4.1081 	 0.2641
[2025/10/12 00:21:44] - ==> Building model..
[2025/10/12 00:22:04] - Test Loss 	 Test Acc 	 PGD Loss 	 PGD Acc
[2025/10/12 00:22:04] - 2.5960 	 	 0.5012 	 2.8881 	 0.2683
[2025/10/12 00:22:56] - 29 	 25.1 	 	 0.2000 	 4.1078 	 0.2667
[2025/10/12 00:22:56] - ==> Building model..
[2025/10/12 00:23:16] - Test Loss 	 Test Acc 	 PGD Loss 	 PGD Acc
[2025/10/12 00:23:16] - 2.5931 	 	 0.4995 	 2.8857 	 0.2693
[2025/10/12 00:24:06] - 30 	 24.0 	 	 0.2000 	 4.1084 	 0.2646
[2025/10/12 00:24:06] - ==> Building model..
[2025/10/12 00:24:25] - Test Loss 	 Test Acc 	 PGD Loss 	 PGD Acc
[2025/10/12 00:24:25] - 2.5872 	 	 0.5018 	 2.8813 	 0.2714
[2025/10/12 00:25:15] - 31 	 23.7 	 	 0.2000 	 4.1054 	 0.2653
[2025/10/12 00:25:15] - ==> Building model..
[2025/10/12 00:25:35] - Test Loss 	 Test Acc 	 PGD Loss 	 PGD Acc
[2025/10/12 00:25:35] - 2.5875 	 	 0.5017 	 2.8807 	 0.2717
[2025/10/12 00:26:23] - 32 	 23.7 	 	 0.2000 	 4.1046 	 0.2657
[2025/10/12 00:26:23] - ==> Building model..
[2025/10/12 00:26:43] - Test Loss 	 Test Acc 	 PGD Loss 	 PGD Acc
[2025/10/12 00:26:43] - 2.5863 	 	 0.5020 	 2.8794 	 0.2726
[2025/10/12 00:27:33] - 33 	 23.9 	 	 0.2000 	 4.1022 	 0.2696
[2025/10/12 00:27:33] - ==> Building model..
[2025/10/12 00:27:53] - Test Loss 	 Test Acc 	 PGD Loss 	 PGD Acc
[2025/10/12 00:27:53] - 2.5819 	 	 0.5012 	 2.8755 	 0.2733
[2025/10/12 00:28:40] - 34 	 23.3 	 	 0.2000 	 4.1042 	 0.2667
[2025/10/12 00:28:40] - ==> Building model..
[2025/10/12 00:28:59] - Test Loss 	 Test Acc 	 PGD Loss 	 PGD Acc
[2025/10/12 00:28:59] - 2.5813 	 	 0.5014 	 2.8750 	 0.2736
[2025/10/12 00:29:49] - 35 	 23.6 	 	 0.2000 	 4.1004 	 0.2708
[2025/10/12 00:29:49] - ==> Building model..
[2025/10/12 00:30:09] - Test Loss 	 Test Acc 	 PGD Loss 	 PGD Acc
[2025/10/12 00:30:09] - 2.5802 	 	 0.5045 	 2.8751 	 0.2732
[2025/10/12 00:30:59] - 36 	 24.1 	 	 0.2000 	 4.1002 	 0.2704
[2025/10/12 00:30:59] - ==> Building model..
[2025/10/12 00:31:19] - Test Loss 	 Test Acc 	 PGD Loss 	 PGD Acc
[2025/10/12 00:31:19] - 2.5773 	 	 0.5061 	 2.8730 	 0.2750
[2025/10/12 00:32:09] - 37 	 24.0 	 	 0.2000 	 4.0996 	 0.2706
[2025/10/12 00:32:09] - ==> Building model..
[2025/10/12 00:32:28] - Test Loss 	 Test Acc 	 PGD Loss 	 PGD Acc
[2025/10/12 00:32:28] - 2.5746 	 	 0.5068 	 2.8709 	 0.2736
[2025/10/12 00:33:17] - 38 	 23.4 	 	 0.2000 	 4.0968 	 0.2723
[2025/10/12 00:33:17] - ==> Building model..
[2025/10/12 00:33:37] - Test Loss 	 Test Acc 	 PGD Loss 	 PGD Acc
[2025/10/12 00:33:37] - 2.5707 	 	 0.5090 	 2.8683 	 0.2742
[2025/10/12 00:34:28] - 39 	 25.0 	 	 0.2000 	 4.0974 	 0.2715
[2025/10/12 00:34:28] - ==> Building model..
[2025/10/12 00:34:48] - Test Loss 	 Test Acc 	 PGD Loss 	 PGD Acc
[2025/10/12 00:34:48] - 2.5674 	 	 0.5082 	 2.8653 	 0.2747
[2025/10/12 00:35:39] - 40 	 24.4 	 	 0.2000 	 4.0972 	 0.2713
[2025/10/12 00:35:39] - ==> Building model..
[2025/10/12 00:35:59] - Test Loss 	 Test Acc 	 PGD Loss 	 PGD Acc
[2025/10/12 00:35:59] - 2.5669 	 	 0.5093 	 2.8652 	 0.2753
[2025/10/12 00:36:49] - 41 	 23.7 	 	 0.2000 	 4.0984 	 0.2718
[2025/10/12 00:36:49] - ==> Building model..
[2025/10/12 00:37:09] - Test Loss 	 Test Acc 	 PGD Loss 	 PGD Acc
[2025/10/12 00:37:09] - 2.5661 	 	 0.5101 	 2.8643 	 0.2753
[2025/10/12 00:38:01] - 42 	 25.9 	 	 0.2000 	 4.0979 	 0.2704
[2025/10/12 00:38:01] - ==> Building model..
[2025/10/12 00:38:21] - Test Loss 	 Test Acc 	 PGD Loss 	 PGD Acc
[2025/10/12 00:38:21] - 2.5643 	 	 0.5110 	 2.8642 	 0.2750
[2025/10/12 00:39:10] - 43 	 23.7 	 	 0.2000 	 4.0961 	 0.2724
[2025/10/12 00:39:10] - ==> Building model..
[2025/10/12 00:39:31] - Test Loss 	 Test Acc 	 PGD Loss 	 PGD Acc
[2025/10/12 00:39:31] - 2.5586 	 	 0.5131 	 2.8592 	 0.2780
[2025/10/12 00:40:22] - 44 	 24.7 	 	 0.2000 	 4.0952 	 0.2727
[2025/10/12 00:40:22] - ==> Building model..
[2025/10/12 00:40:43] - Test Loss 	 Test Acc 	 PGD Loss 	 PGD Acc
[2025/10/12 00:40:43] - 2.5551 	 	 0.5145 	 2.8572 	 0.2799
[2025/10/12 00:41:34] - 45 	 24.5 	 	 0.2000 	 4.0944 	 0.2758
[2025/10/12 00:41:34] - ==> Building model..
[2025/10/12 00:41:53] - Test Loss 	 Test Acc 	 PGD Loss 	 PGD Acc
[2025/10/12 00:41:53] - 2.5576 	 	 0.5139 	 2.8591 	 0.2779
[2025/10/12 00:42:43] - 46 	 23.4 	 	 0.2000 	 4.0920 	 0.2740
[2025/10/12 00:42:43] - ==> Building model..
[2025/10/12 00:43:02] - Test Loss 	 Test Acc 	 PGD Loss 	 PGD Acc
[2025/10/12 00:43:02] - 2.5564 	 	 0.5132 	 2.8580 	 0.2774
[2025/10/12 00:43:51] - 47 	 23.8 	 	 0.2000 	 4.0929 	 0.2729
[2025/10/12 00:43:51] - ==> Building model..
[2025/10/12 00:44:11] - Test Loss 	 Test Acc 	 PGD Loss 	 PGD Acc
[2025/10/12 00:44:11] - 2.5561 	 	 0.5133 	 2.8582 	 0.2794
[2025/10/12 00:45:01] - 48 	 23.9 	 	 0.2000 	 4.0909 	 0.2754
[2025/10/12 00:45:01] - ==> Building model..
[2025/10/12 00:45:20] - Test Loss 	 Test Acc 	 PGD Loss 	 PGD Acc
[2025/10/12 00:45:20] - 2.5550 	 	 0.5150 	 2.8578 	 0.2802
[2025/10/12 00:46:11] - 49 	 24.1 	 	 0.2000 	 4.0909 	 0.2752
[2025/10/12 00:46:11] - ==> Building model..
[2025/10/12 00:46:31] - Test Loss 	 Test Acc 	 PGD Loss 	 PGD Acc
[2025/10/12 00:46:31] - 2.5547 	 	 0.5143 	 2.8574 	 0.2798
[2025/10/12 00:47:23] - 50 	 24.1 	 	 0.2000 	 4.0906 	 0.2744
[2025/10/12 00:47:23] - ==> Building model..
[2025/10/12 00:47:43] - Test Loss 	 Test Acc 	 PGD Loss 	 PGD Acc
[2025/10/12 00:47:43] - 2.5561 	 	 0.5145 	 2.8592 	 0.2791
[2025/10/12 00:48:33] - 51 	 24.1 	 	 0.2000 	 4.0922 	 0.2741
[2025/10/12 00:48:33] - ==> Building model..
[2025/10/12 00:48:52] - Test Loss 	 Test Acc 	 PGD Loss 	 PGD Acc
[2025/10/12 00:48:52] - 2.5599 	 	 0.5138 	 2.8632 	 0.2786
[2025/10/12 00:49:38] - 52 	 23.5 	 	 0.2000 	 4.0915 	 0.2747
[2025/10/12 00:49:38] - ==> Building model..
[2025/10/12 00:49:58] - Test Loss 	 Test Acc 	 PGD Loss 	 PGD Acc
[2025/10/12 00:49:58] - 2.5708 	 	 0.5123 	 2.8712 	 0.2767
[2025/10/12 00:50:49] - 53 	 24.3 	 	 0.2000 	 4.0899 	 0.2781
[2025/10/12 00:50:49] - ==> Building model..
[2025/10/12 00:51:09] - Test Loss 	 Test Acc 	 PGD Loss 	 PGD Acc
[2025/10/12 00:51:09] - 2.5742 	 	 0.5098 	 2.8728 	 0.2770
[2025/10/12 00:51:59] - 54 	 23.8 	 	 0.2000 	 4.0935 	 0.2735
[2025/10/12 00:51:59] - ==> Building model..
[2025/10/12 00:52:18] - Test Loss 	 Test Acc 	 PGD Loss 	 PGD Acc
[2025/10/12 00:52:18] - 2.5747 	 	 0.5109 	 2.8731 	 0.2771
[2025/10/12 00:53:08] - 55 	 23.7 	 	 0.2000 	 4.0909 	 0.2752
[2025/10/12 00:53:08] - ==> Building model..
[2025/10/12 00:53:28] - Test Loss 	 Test Acc 	 PGD Loss 	 PGD Acc
[2025/10/12 00:53:28] - 2.5735 	 	 0.5116 	 2.8720 	 0.2765
[2025/10/12 00:54:18] - 56 	 23.9 	 	 0.2000 	 4.0912 	 0.2740
[2025/10/12 00:54:18] - ==> Building model..
[2025/10/12 00:54:38] - Test Loss 	 Test Acc 	 PGD Loss 	 PGD Acc
[2025/10/12 00:54:38] - 2.5748 	 	 0.5126 	 2.8734 	 0.2792
[2025/10/12 00:55:27] - 57 	 23.6 	 	 0.2000 	 4.0913 	 0.2774
[2025/10/12 00:55:27] - ==> Building model..
[2025/10/12 00:55:47] - Test Loss 	 Test Acc 	 PGD Loss 	 PGD Acc
[2025/10/12 00:55:47] - 2.5726 	 	 0.5122 	 2.8718 	 0.2803
[2025/10/12 00:56:38] - 58 	 24.2 	 	 0.2000 	 4.0893 	 0.2782
[2025/10/12 00:56:38] - ==> Building model..
