[2025/10/21 05:22:15] - Namespace(batch_size=128, data_dir='cifar-data', epochs=110, lr_schedule='multistep', lr_min=0.0, lr_max=0.2, weight_decay=0.0005, momentum=0.9, model='ResNet18', epsilon=8, alpha=8, delta_init='random', normal_mean=0, normal_std=1, out_dir='runs/beta_0.6/lam_44/lscale_0.11/seed_2', seed=2, lamda=44.0, lam_scale=0.11, lam_start=50, gamma=0.05, inner_gamma=0.05, beta=0.6, mu=3.5, batch_m=0.75, early_stop=False, factor=0.5, length=4, n_holes=1, c_num=0.125, EMA_value=0.55)
[2025/10/21 05:22:17] - ==> Building model..
[2025/10/21 05:22:17] - Epoch 	 Seconds 	 LR 	 	 Train Loss 	 Train Acc
[2025/10/21 05:23:09] - 0 	 27.5 	 	 0.2000 	 4.5654 	 0.0412
[2025/10/21 05:23:09] - ==> Building model..
[2025/10/21 05:23:35] - Test Loss 	 Test Acc 	 PGD Loss 	 PGD Acc
[2025/10/21 05:23:35] - 4.2567 	 	 0.0851 	 4.2700 	 0.0592
[2025/10/21 05:24:25] - 1 	 26.3 	 	 0.2000 	 4.4517 	 0.0817
[2025/10/21 05:24:25] - ==> Building model..
[2025/10/21 05:24:51] - Test Loss 	 Test Acc 	 PGD Loss 	 PGD Acc
[2025/10/21 05:24:51] - 4.0761 	 	 0.1341 	 4.1024 	 0.0860
[2025/10/21 05:25:40] - 2 	 25.9 	 	 0.2000 	 4.3949 	 0.1105
[2025/10/21 05:25:40] - ==> Building model..
[2025/10/21 05:26:05] - Test Loss 	 Test Acc 	 PGD Loss 	 PGD Acc
[2025/10/21 05:26:05] - 3.8673 	 	 0.1934 	 3.9176 	 0.1157
[2025/10/21 05:26:55] - 3 	 25.8 	 	 0.2000 	 4.3449 	 0.1352
[2025/10/21 05:26:55] - ==> Building model..
[2025/10/21 05:27:21] - Test Loss 	 Test Acc 	 PGD Loss 	 PGD Acc
[2025/10/21 05:27:21] - 3.6879 	 	 0.2437 	 3.7650 	 0.1452
[2025/10/21 05:28:13] - 4 	 27.0 	 	 0.2000 	 4.3030 	 0.1546
[2025/10/21 05:28:13] - ==> Building model..
[2025/10/21 05:28:39] - Test Loss 	 Test Acc 	 PGD Loss 	 PGD Acc
[2025/10/21 05:28:39] - 3.4516 	 	 0.2960 	 3.5639 	 0.1710
[2025/10/21 05:29:27] - 5 	 25.2 	 	 0.2000 	 4.2672 	 0.1741
[2025/10/21 05:29:27] - ==> Building model..
[2025/10/21 05:29:53] - Test Loss 	 Test Acc 	 PGD Loss 	 PGD Acc
[2025/10/21 05:29:53] - 3.2805 	 	 0.3338 	 3.4210 	 0.1876
[2025/10/21 05:30:44] - 6 	 26.9 	 	 0.2000 	 4.2380 	 0.1920
[2025/10/21 05:30:44] - ==> Building model..
[2025/10/21 05:31:08] - Test Loss 	 Test Acc 	 PGD Loss 	 PGD Acc
[2025/10/21 05:31:08] - 3.1372 	 	 0.3632 	 3.3002 	 0.1995
[2025/10/21 05:32:00] - 7 	 27.0 	 	 0.2000 	 4.2163 	 0.2018
[2025/10/21 05:32:00] - ==> Building model..
[2025/10/21 05:32:25] - Test Loss 	 Test Acc 	 PGD Loss 	 PGD Acc
[2025/10/21 05:32:25] - 3.0247 	 	 0.3885 	 3.2110 	 0.2101
[2025/10/21 05:33:17] - 8 	 27.9 	 	 0.2000 	 4.1999 	 0.2122
[2025/10/21 05:33:17] - ==> Building model..
[2025/10/21 05:33:42] - Test Loss 	 Test Acc 	 PGD Loss 	 PGD Acc
[2025/10/21 05:33:42] - 2.9502 	 	 0.4048 	 3.1519 	 0.2179
[2025/10/21 05:34:34] - 9 	 27.5 	 	 0.2000 	 4.1872 	 0.2184
[2025/10/21 05:34:34] - ==> Building model..
[2025/10/21 05:35:00] - Test Loss 	 Test Acc 	 PGD Loss 	 PGD Acc
[2025/10/21 05:35:00] - 2.8919 	 	 0.4223 	 3.1081 	 0.2252
[2025/10/21 05:35:53] - 10 	 28.3 	 	 0.2000 	 4.1758 	 0.2255
[2025/10/21 05:35:53] - ==> Building model..
[2025/10/21 05:36:18] - Test Loss 	 Test Acc 	 PGD Loss 	 PGD Acc
[2025/10/21 05:36:18] - 2.8415 	 	 0.4322 	 3.0703 	 0.2327
[2025/10/21 05:37:10] - 11 	 27.0 	 	 0.2000 	 4.1657 	 0.2340
[2025/10/21 05:37:10] - ==> Building model..
[2025/10/21 05:37:34] - Test Loss 	 Test Acc 	 PGD Loss 	 PGD Acc
[2025/10/21 05:37:34] - 2.8090 	 	 0.4426 	 3.0450 	 0.2375
[2025/10/21 05:38:27] - 12 	 28.3 	 	 0.2000 	 4.1589 	 0.2337
[2025/10/21 05:38:27] - ==> Building model..
[2025/10/21 05:38:54] - Test Loss 	 Test Acc 	 PGD Loss 	 PGD Acc
[2025/10/21 05:38:54] - 2.7720 	 	 0.4514 	 3.0171 	 0.2402
[2025/10/21 05:39:43] - 13 	 26.0 	 	 0.2000 	 4.1518 	 0.2391
[2025/10/21 05:39:43] - ==> Building model..
[2025/10/21 05:40:09] - Test Loss 	 Test Acc 	 PGD Loss 	 PGD Acc
[2025/10/21 05:40:09] - 2.7569 	 	 0.4528 	 3.0056 	 0.2419
[2025/10/21 05:41:00] - 14 	 26.4 	 	 0.2000 	 4.1470 	 0.2438
[2025/10/21 05:41:00] - ==> Building model..
[2025/10/21 05:41:26] - Test Loss 	 Test Acc 	 PGD Loss 	 PGD Acc
[2025/10/21 05:41:26] - 2.7391 	 	 0.4585 	 2.9926 	 0.2454
[2025/10/21 05:42:17] - 15 	 26.8 	 	 0.2000 	 4.1417 	 0.2462
[2025/10/21 05:42:17] - ==> Building model..
[2025/10/21 05:42:43] - Test Loss 	 Test Acc 	 PGD Loss 	 PGD Acc
[2025/10/21 05:42:43] - 2.7231 	 	 0.4625 	 2.9807 	 0.2482
[2025/10/21 05:43:35] - 16 	 27.4 	 	 0.2000 	 4.1364 	 0.2480
[2025/10/21 05:43:35] - ==> Building model..
[2025/10/21 05:44:01] - Test Loss 	 Test Acc 	 PGD Loss 	 PGD Acc
[2025/10/21 05:44:01] - 2.7059 	 	 0.4684 	 2.9685 	 0.2490
[2025/10/21 05:44:52] - 17 	 26.6 	 	 0.2000 	 4.1339 	 0.2496
[2025/10/21 05:44:52] - ==> Building model..
[2025/10/21 05:45:17] - Test Loss 	 Test Acc 	 PGD Loss 	 PGD Acc
[2025/10/21 05:45:17] - 2.6859 	 	 0.4721 	 2.9530 	 0.2523
[2025/10/21 05:46:08] - 18 	 26.7 	 	 0.2000 	 4.1291 	 0.2537
[2025/10/21 05:46:08] - ==> Building model..
[2025/10/21 05:46:33] - Test Loss 	 Test Acc 	 PGD Loss 	 PGD Acc
[2025/10/21 05:46:33] - 2.6754 	 	 0.4744 	 2.9442 	 0.2536
[2025/10/21 05:47:23] - 19 	 26.7 	 	 0.2000 	 4.1257 	 0.2558
[2025/10/21 05:47:23] - ==> Building model..
[2025/10/21 05:47:49] - Test Loss 	 Test Acc 	 PGD Loss 	 PGD Acc
[2025/10/21 05:47:49] - 2.6640 	 	 0.4769 	 2.9362 	 0.2551
[2025/10/21 05:48:42] - 20 	 28.4 	 	 0.2000 	 4.1218 	 0.2587
[2025/10/21 05:48:42] - ==> Building model..
[2025/10/21 05:49:06] - Test Loss 	 Test Acc 	 PGD Loss 	 PGD Acc
[2025/10/21 05:49:06] - 2.6533 	 	 0.4791 	 2.9282 	 0.2580
[2025/10/21 05:49:59] - 21 	 28.1 	 	 0.2000 	 4.1215 	 0.2569
[2025/10/21 05:49:59] - ==> Building model..
[2025/10/21 05:50:23] - Test Loss 	 Test Acc 	 PGD Loss 	 PGD Acc
[2025/10/21 05:50:23] - 2.6458 	 	 0.4837 	 2.9238 	 0.2607
[2025/10/21 05:51:13] - 22 	 26.9 	 	 0.2000 	 4.1193 	 0.2597
[2025/10/21 05:51:13] - ==> Building model..
[2025/10/21 05:51:37] - Test Loss 	 Test Acc 	 PGD Loss 	 PGD Acc
[2025/10/21 05:51:37] - 2.6397 	 	 0.4870 	 2.9186 	 0.2620
[2025/10/21 05:52:28] - 23 	 27.4 	 	 0.2000 	 4.1193 	 0.2601
[2025/10/21 05:52:28] - ==> Building model..
[2025/10/21 05:52:52] - Test Loss 	 Test Acc 	 PGD Loss 	 PGD Acc
[2025/10/21 05:52:52] - 2.6427 	 	 0.4868 	 2.9219 	 0.2626
[2025/10/21 05:53:43] - 24 	 26.6 	 	 0.2000 	 4.1129 	 0.2658
[2025/10/21 05:53:43] - ==> Building model..
[2025/10/21 05:54:07] - Test Loss 	 Test Acc 	 PGD Loss 	 PGD Acc
[2025/10/21 05:54:07] - 2.6348 	 	 0.4877 	 2.9161 	 0.2621
[2025/10/21 05:54:57] - 25 	 26.6 	 	 0.2000 	 4.1147 	 0.2625
[2025/10/21 05:54:57] - ==> Building model..
[2025/10/21 05:55:21] - Test Loss 	 Test Acc 	 PGD Loss 	 PGD Acc
[2025/10/21 05:55:21] - 2.6283 	 	 0.4874 	 2.9108 	 0.2638
[2025/10/21 05:56:11] - 26 	 26.3 	 	 0.2000 	 4.1131 	 0.2632
[2025/10/21 05:56:11] - ==> Building model..
[2025/10/21 05:56:36] - Test Loss 	 Test Acc 	 PGD Loss 	 PGD Acc
[2025/10/21 05:56:36] - 2.6224 	 	 0.4885 	 2.9063 	 0.2655
[2025/10/21 05:57:26] - 27 	 26.5 	 	 0.2000 	 4.1103 	 0.2643
[2025/10/21 05:57:26] - ==> Building model..
[2025/10/21 05:57:51] - Test Loss 	 Test Acc 	 PGD Loss 	 PGD Acc
[2025/10/21 05:57:51] - 2.6165 	 	 0.4922 	 2.9019 	 0.2668
[2025/10/21 05:58:40] - 28 	 26.2 	 	 0.2000 	 4.1078 	 0.2649
[2025/10/21 05:58:40] - ==> Building model..
[2025/10/21 05:59:05] - Test Loss 	 Test Acc 	 PGD Loss 	 PGD Acc
[2025/10/21 05:59:05] - 2.6078 	 	 0.4943 	 2.8948 	 0.2674
[2025/10/21 05:59:54] - 29 	 26.5 	 	 0.2000 	 4.1073 	 0.2666
[2025/10/21 05:59:54] - ==> Building model..
[2025/10/21 06:00:19] - Test Loss 	 Test Acc 	 PGD Loss 	 PGD Acc
[2025/10/21 06:00:19] - 2.5987 	 	 0.4955 	 2.8876 	 0.2694
[2025/10/21 06:01:10] - 30 	 26.7 	 	 0.2000 	 4.1060 	 0.2683
[2025/10/21 06:01:10] - ==> Building model..
[2025/10/21 06:01:34] - Test Loss 	 Test Acc 	 PGD Loss 	 PGD Acc
[2025/10/21 06:01:34] - 2.5954 	 	 0.4970 	 2.8855 	 0.2685
[2025/10/21 06:02:24] - 31 	 26.7 	 	 0.2000 	 4.1052 	 0.2682
[2025/10/21 06:02:24] - ==> Building model..
[2025/10/21 06:02:49] - Test Loss 	 Test Acc 	 PGD Loss 	 PGD Acc
[2025/10/21 06:02:49] - 2.5946 	 	 0.4983 	 2.8853 	 0.2689
[2025/10/21 06:03:41] - 32 	 28.2 	 	 0.2000 	 4.1049 	 0.2654
[2025/10/21 06:03:41] - ==> Building model..
[2025/10/21 06:04:05] - Test Loss 	 Test Acc 	 PGD Loss 	 PGD Acc
[2025/10/21 06:04:05] - 2.5962 	 	 0.4995 	 2.8870 	 0.2688
[2025/10/21 06:04:57] - 33 	 28.0 	 	 0.2000 	 4.1018 	 0.2698
[2025/10/21 06:04:57] - ==> Building model..
[2025/10/21 06:05:21] - Test Loss 	 Test Acc 	 PGD Loss 	 PGD Acc
[2025/10/21 06:05:21] - 2.5934 	 	 0.5007 	 2.8856 	 0.2684
[2025/10/21 06:06:12] - 34 	 27.0 	 	 0.2000 	 4.1031 	 0.2693
[2025/10/21 06:06:12] - ==> Building model..
[2025/10/21 06:06:36] - Test Loss 	 Test Acc 	 PGD Loss 	 PGD Acc
[2025/10/21 06:06:36] - 2.5875 	 	 0.5017 	 2.8806 	 0.2687
[2025/10/21 06:07:28] - 35 	 27.6 	 	 0.2000 	 4.1015 	 0.2697
[2025/10/21 06:07:28] - ==> Building model..
[2025/10/21 06:07:52] - Test Loss 	 Test Acc 	 PGD Loss 	 PGD Acc
[2025/10/21 06:07:52] - 2.5902 	 	 0.5023 	 2.8825 	 0.2708
[2025/10/21 06:08:44] - 36 	 28.0 	 	 0.2000 	 4.1020 	 0.2692
[2025/10/21 06:08:44] - ==> Building model..
[2025/10/21 06:09:07] - Test Loss 	 Test Acc 	 PGD Loss 	 PGD Acc
[2025/10/21 06:09:07] - 2.5844 	 	 0.5033 	 2.8783 	 0.2696
[2025/10/21 06:09:58] - 37 	 26.9 	 	 0.2000 	 4.0993 	 0.2711
[2025/10/21 06:09:58] - ==> Building model..
[2025/10/21 06:10:23] - Test Loss 	 Test Acc 	 PGD Loss 	 PGD Acc
[2025/10/21 06:10:23] - 2.5831 	 	 0.5036 	 2.8768 	 0.2708
[2025/10/21 06:11:14] - 38 	 27.2 	 	 0.2000 	 4.0974 	 0.2709
[2025/10/21 06:11:14] - ==> Building model..
[2025/10/21 06:11:38] - Test Loss 	 Test Acc 	 PGD Loss 	 PGD Acc
[2025/10/21 06:11:38] - 2.5792 	 	 0.5042 	 2.8733 	 0.2710
[2025/10/21 06:12:27] - 39 	 26.7 	 	 0.2000 	 4.0984 	 0.2739
[2025/10/21 06:12:27] - ==> Building model..
[2025/10/21 06:12:52] - Test Loss 	 Test Acc 	 PGD Loss 	 PGD Acc
[2025/10/21 06:12:52] - 2.5806 	 	 0.5052 	 2.8745 	 0.2724
[2025/10/21 06:13:41] - 40 	 26.5 	 	 0.2000 	 4.0967 	 0.2738
[2025/10/21 06:13:41] - ==> Building model..
[2025/10/21 06:14:05] - Test Loss 	 Test Acc 	 PGD Loss 	 PGD Acc
[2025/10/21 06:14:05] - 2.5783 	 	 0.5056 	 2.8730 	 0.2721
[2025/10/21 06:14:55] - 41 	 26.5 	 	 0.2000 	 4.0957 	 0.2729
[2025/10/21 06:14:55] - ==> Building model..
[2025/10/21 06:15:20] - Test Loss 	 Test Acc 	 PGD Loss 	 PGD Acc
[2025/10/21 06:15:20] - 2.5771 	 	 0.5061 	 2.8719 	 0.2735
[2025/10/21 06:16:11] - 42 	 27.0 	 	 0.2000 	 4.0943 	 0.2728
[2025/10/21 06:16:11] - ==> Building model..
[2025/10/21 06:16:36] - Test Loss 	 Test Acc 	 PGD Loss 	 PGD Acc
[2025/10/21 06:16:36] - 2.5734 	 	 0.5080 	 2.8697 	 0.2719
[2025/10/21 06:17:25] - 43 	 26.3 	 	 0.2000 	 4.0950 	 0.2720
[2025/10/21 06:17:25] - ==> Building model..
[2025/10/21 06:17:51] - Test Loss 	 Test Acc 	 PGD Loss 	 PGD Acc
[2025/10/21 06:17:51] - 2.5707 	 	 0.5093 	 2.8684 	 0.2744
[2025/10/21 06:18:40] - 44 	 26.3 	 	 0.2000 	 4.0948 	 0.2720
[2025/10/21 06:18:40] - ==> Building model..
[2025/10/21 06:19:06] - Test Loss 	 Test Acc 	 PGD Loss 	 PGD Acc
[2025/10/21 06:19:06] - 2.5688 	 	 0.5103 	 2.8666 	 0.2752
[2025/10/21 06:19:56] - 45 	 26.2 	 	 0.2000 	 4.0933 	 0.2740
[2025/10/21 06:19:56] - ==> Building model..
[2025/10/21 06:20:21] - Test Loss 	 Test Acc 	 PGD Loss 	 PGD Acc
[2025/10/21 06:20:21] - 2.5665 	 	 0.5109 	 2.8650 	 0.2761
[2025/10/21 06:21:11] - 46 	 26.1 	 	 0.2000 	 4.0949 	 0.2725
[2025/10/21 06:21:11] - ==> Building model..
[2025/10/21 06:21:36] - Test Loss 	 Test Acc 	 PGD Loss 	 PGD Acc
[2025/10/21 06:21:36] - 2.5643 	 	 0.5110 	 2.8633 	 0.2766
[2025/10/21 06:22:28] - 47 	 26.6 	 	 0.2000 	 4.0910 	 0.2763
[2025/10/21 06:22:28] - ==> Building model..
[2025/10/21 06:22:53] - Test Loss 	 Test Acc 	 PGD Loss 	 PGD Acc
[2025/10/21 06:22:53] - 2.5616 	 	 0.5113 	 2.8608 	 0.2768
[2025/10/21 06:23:46] - 48 	 27.9 	 	 0.2000 	 4.0930 	 0.2755
[2025/10/21 06:23:46] - ==> Building model..
[2025/10/21 06:24:12] - Test Loss 	 Test Acc 	 PGD Loss 	 PGD Acc
[2025/10/21 06:24:12] - 2.5616 	 	 0.5129 	 2.8608 	 0.2778
[2025/10/21 06:25:03] - 49 	 27.2 	 	 0.2000 	 4.0929 	 0.2749
[2025/10/21 06:25:03] - ==> Building model..
[2025/10/21 06:25:28] - Test Loss 	 Test Acc 	 PGD Loss 	 PGD Acc
[2025/10/21 06:25:28] - 2.5607 	 	 0.5139 	 2.8611 	 0.2787
[2025/10/21 06:26:17] - 50 	 26.5 	 	 0.2000 	 4.0924 	 0.2747
[2025/10/21 06:26:17] - ==> Building model..
[2025/10/21 06:26:42] - Test Loss 	 Test Acc 	 PGD Loss 	 PGD Acc
[2025/10/21 06:26:42] - 2.5633 	 	 0.5132 	 2.8629 	 0.2796
[2025/10/21 06:27:34] - 51 	 27.3 	 	 0.2000 	 4.0925 	 0.2748
[2025/10/21 06:27:34] - ==> Building model..
[2025/10/21 06:28:00] - Test Loss 	 Test Acc 	 PGD Loss 	 PGD Acc
[2025/10/21 06:28:00] - 2.5651 	 	 0.5133 	 2.8651 	 0.2791
[2025/10/21 06:28:50] - 52 	 27.2 	 	 0.2000 	 4.0922 	 0.2760
[2025/10/21 06:28:50] - ==> Building model..
[2025/10/21 06:29:15] - Test Loss 	 Test Acc 	 PGD Loss 	 PGD Acc
[2025/10/21 06:29:15] - 2.5657 	 	 0.5135 	 2.8664 	 0.2795
[2025/10/21 06:30:06] - 53 	 27.4 	 	 0.2000 	 4.0911 	 0.2767
[2025/10/21 06:30:06] - ==> Building model..
[2025/10/21 06:30:30] - Test Loss 	 Test Acc 	 PGD Loss 	 PGD Acc
[2025/10/21 06:30:30] - 2.5654 	 	 0.5149 	 2.8659 	 0.2795
[2025/10/21 06:31:21] - 54 	 27.3 	 	 0.2000 	 4.0905 	 0.2759
[2025/10/21 06:31:21] - ==> Building model..
[2025/10/21 06:31:45] - Test Loss 	 Test Acc 	 PGD Loss 	 PGD Acc
[2025/10/21 06:31:45] - 2.5654 	 	 0.5148 	 2.8661 	 0.2795
[2025/10/21 06:32:36] - 55 	 26.6 	 	 0.2000 	 4.0954 	 0.2750
[2025/10/21 06:32:36] - ==> Building model..
[2025/10/21 06:33:01] - Test Loss 	 Test Acc 	 PGD Loss 	 PGD Acc
[2025/10/21 06:33:01] - 2.5662 	 	 0.5136 	 2.8654 	 0.2791
[2025/10/21 06:33:52] - 56 	 26.9 	 	 0.2000 	 4.0936 	 0.2756
[2025/10/21 06:33:52] - ==> Building model..
[2025/10/21 06:34:16] - Test Loss 	 Test Acc 	 PGD Loss 	 PGD Acc
[2025/10/21 06:34:16] - 2.5663 	 	 0.5137 	 2.8657 	 0.2798
[2025/10/21 06:35:07] - 57 	 26.9 	 	 0.2000 	 4.0950 	 0.2765
[2025/10/21 06:35:07] - ==> Building model..
[2025/10/21 06:35:33] - Test Loss 	 Test Acc 	 PGD Loss 	 PGD Acc
[2025/10/21 06:35:33] - 2.5668 	 	 0.5139 	 2.8658 	 0.2812
[2025/10/21 06:36:23] - 58 	 25.9 	 	 0.2000 	 4.0948 	 0.2744
[2025/10/21 06:36:23] - ==> Building model..
[2025/10/21 06:36:48] - Test Loss 	 Test Acc 	 PGD Loss 	 PGD Acc
[2025/10/21 06:36:48] - 2.5677 	 	 0.5154 	 2.8658 	 0.2805
[2025/10/21 06:37:38] - 59 	 26.9 	 	 0.2000 	 4.0948 	 0.2784
[2025/10/21 06:37:38] - ==> Building model..
[2025/10/21 06:38:03] - Test Loss 	 Test Acc 	 PGD Loss 	 PGD Acc
[2025/10/21 06:38:03] - 2.5694 	 	 0.5140 	 2.8666 	 0.2805
[2025/10/21 06:38:52] - 60 	 26.2 	 	 0.2000 	 4.0970 	 0.2779
[2025/10/21 06:38:52] - ==> Building model..
[2025/10/21 06:39:17] - Test Loss 	 Test Acc 	 PGD Loss 	 PGD Acc
[2025/10/21 06:39:17] - 2.5722 	 	 0.5150 	 2.8688 	 0.2806
[2025/10/21 06:40:07] - 61 	 26.4 	 	 0.2000 	 4.0961 	 0.2753
[2025/10/21 06:40:07] - ==> Building model..
[2025/10/21 06:40:31] - Test Loss 	 Test Acc 	 PGD Loss 	 PGD Acc
[2025/10/21 06:40:31] - 2.5764 	 	 0.5141 	 2.8720 	 0.2812
[2025/10/21 06:41:21] - 62 	 26.4 	 	 0.2000 	 4.0961 	 0.2777
[2025/10/21 06:41:21] - ==> Building model..
[2025/10/21 06:41:46] - Test Loss 	 Test Acc 	 PGD Loss 	 PGD Acc
[2025/10/21 06:41:46] - 2.5801 	 	 0.5155 	 2.8743 	 0.2802
[2025/10/21 06:42:35] - 63 	 26.2 	 	 0.2000 	 4.0956 	 0.2771
[2025/10/21 06:42:35] - ==> Building model..
[2025/10/21 06:43:01] - Test Loss 	 Test Acc 	 PGD Loss 	 PGD Acc
[2025/10/21 06:43:01] - 2.5828 	 	 0.5150 	 2.8756 	 0.2806
[2025/10/21 06:43:51] - 64 	 26.7 	 	 0.2000 	 4.0950 	 0.2772
[2025/10/21 06:43:51] - ==> Building model..
[2025/10/21 06:44:17] - Test Loss 	 Test Acc 	 PGD Loss 	 PGD Acc
[2025/10/21 06:44:17] - 2.5854 	 	 0.5161 	 2.8776 	 0.2806
[2025/10/21 06:45:08] - 65 	 26.5 	 	 0.2000 	 4.0953 	 0.2788
[2025/10/21 06:45:08] - ==> Building model..
[2025/10/21 06:45:33] - Test Loss 	 Test Acc 	 PGD Loss 	 PGD Acc
[2025/10/21 06:45:33] - 2.5871 	 	 0.5141 	 2.8788 	 0.2799
[2025/10/21 06:46:25] - 66 	 27.8 	 	 0.2000 	 4.0955 	 0.2763
[2025/10/21 06:46:25] - ==> Building model..
[2025/10/21 06:46:50] - Test Loss 	 Test Acc 	 PGD Loss 	 PGD Acc
[2025/10/21 06:46:50] - 2.5892 	 	 0.5152 	 2.8806 	 0.2811
[2025/10/21 06:47:42] - 67 	 27.9 	 	 0.2000 	 4.0930 	 0.2792
[2025/10/21 06:47:42] - ==> Building model..
[2025/10/21 06:48:07] - Test Loss 	 Test Acc 	 PGD Loss 	 PGD Acc
[2025/10/21 06:48:07] - 2.5896 	 	 0.5164 	 2.8805 	 0.2820
[2025/10/21 06:48:58] - 68 	 27.2 	 	 0.2000 	 4.0934 	 0.2801
[2025/10/21 06:48:58] - ==> Building model..
[2025/10/21 06:49:23] - Test Loss 	 Test Acc 	 PGD Loss 	 PGD Acc
[2025/10/21 06:49:23] - 2.5919 	 	 0.5158 	 2.8830 	 0.2819
[2025/10/21 06:50:14] - 69 	 26.9 	 	 0.2000 	 4.0956 	 0.2784
[2025/10/21 06:50:14] - ==> Building model..
[2025/10/21 06:50:38] - Test Loss 	 Test Acc 	 PGD Loss 	 PGD Acc
[2025/10/21 06:50:38] - 2.5918 	 	 0.5168 	 2.8824 	 0.2818
[2025/10/21 06:51:28] - 70 	 26.7 	 	 0.2000 	 4.0954 	 0.2763
[2025/10/21 06:51:28] - ==> Building model..
[2025/10/21 06:51:53] - Test Loss 	 Test Acc 	 PGD Loss 	 PGD Acc
[2025/10/21 06:51:53] - 2.5923 	 	 0.5169 	 2.8825 	 0.2817
[2025/10/21 06:52:43] - 71 	 26.7 	 	 0.2000 	 4.0934 	 0.2782
[2025/10/21 06:52:43] - ==> Building model..
[2025/10/21 06:53:07] - Test Loss 	 Test Acc 	 PGD Loss 	 PGD Acc
[2025/10/21 06:53:07] - 2.5930 	 	 0.5171 	 2.8831 	 0.2821
[2025/10/21 06:53:58] - 72 	 26.9 	 	 0.2000 	 4.0939 	 0.2787
[2025/10/21 06:53:58] - ==> Building model..
[2025/10/21 06:54:22] - Test Loss 	 Test Acc 	 PGD Loss 	 PGD Acc
[2025/10/21 06:54:22] - 2.5935 	 	 0.5173 	 2.8829 	 0.2825
[2025/10/21 06:55:12] - 73 	 27.3 	 	 0.2000 	 4.0920 	 0.2824
[2025/10/21 06:55:12] - ==> Building model..
[2025/10/21 06:55:36] - Test Loss 	 Test Acc 	 PGD Loss 	 PGD Acc
[2025/10/21 06:55:36] - 2.5928 	 	 0.5172 	 2.8828 	 0.2821
[2025/10/21 06:56:27] - 74 	 26.6 	 	 0.2000 	 4.0932 	 0.2792
[2025/10/21 06:56:27] - ==> Building model..
[2025/10/21 06:56:50] - Test Loss 	 Test Acc 	 PGD Loss 	 PGD Acc
[2025/10/21 06:56:50] - 2.5931 	 	 0.5180 	 2.8818 	 0.2827
[2025/10/21 06:57:40] - 75 	 26.3 	 	 0.2000 	 4.0942 	 0.2792
[2025/10/21 06:57:40] - ==> Building model..
[2025/10/21 06:58:04] - Test Loss 	 Test Acc 	 PGD Loss 	 PGD Acc
[2025/10/21 06:58:04] - 2.5943 	 	 0.5171 	 2.8828 	 0.2827
[2025/10/21 06:58:53] - 76 	 25.9 	 	 0.2000 	 4.0918 	 0.2803
[2025/10/21 06:58:53] - ==> Building model..
[2025/10/21 06:59:17] - Test Loss 	 Test Acc 	 PGD Loss 	 PGD Acc
[2025/10/21 06:59:17] - 2.5959 	 	 0.5161 	 2.8841 	 0.2837
[2025/10/21 07:00:08] - 77 	 26.7 	 	 0.2000 	 4.0929 	 0.2785
[2025/10/21 07:00:08] - ==> Building model..
[2025/10/21 07:00:32] - Test Loss 	 Test Acc 	 PGD Loss 	 PGD Acc
[2025/10/21 07:00:32] - 2.5973 	 	 0.5168 	 2.8844 	 0.2827
[2025/10/21 07:01:23] - 78 	 27.0 	 	 0.2000 	 4.0932 	 0.2799
[2025/10/21 07:01:23] - ==> Building model..
[2025/10/21 07:01:48] - Test Loss 	 Test Acc 	 PGD Loss 	 PGD Acc
[2025/10/21 07:01:48] - 2.5988 	 	 0.5158 	 2.8861 	 0.2836
[2025/10/21 07:02:39] - 79 	 27.2 	 	 0.2000 	 4.0923 	 0.2767
[2025/10/21 07:02:39] - ==> Building model..
[2025/10/21 07:03:03] - Test Loss 	 Test Acc 	 PGD Loss 	 PGD Acc
[2025/10/21 07:03:03] - 2.5995 	 	 0.5157 	 2.8872 	 0.2849
[2025/10/21 07:03:55] - 80 	 27.8 	 	 0.2000 	 4.0917 	 0.2794
[2025/10/21 07:03:55] - ==> Building model..
[2025/10/21 07:04:19] - Test Loss 	 Test Acc 	 PGD Loss 	 PGD Acc
[2025/10/21 07:04:19] - 2.6003 	 	 0.5160 	 2.8876 	 0.2840
[2025/10/21 07:05:09] - 81 	 27.0 	 	 0.2000 	 4.0911 	 0.2782
[2025/10/21 07:05:09] - ==> Building model..
[2025/10/21 07:05:34] - Test Loss 	 Test Acc 	 PGD Loss 	 PGD Acc
[2025/10/21 07:05:34] - 2.6019 	 	 0.5168 	 2.8894 	 0.2836
[2025/10/21 07:06:24] - 82 	 27.1 	 	 0.2000 	 4.0927 	 0.2798
[2025/10/21 07:06:24] - ==> Building model..
[2025/10/21 07:06:49] - Test Loss 	 Test Acc 	 PGD Loss 	 PGD Acc
[2025/10/21 07:06:49] - 2.6046 	 	 0.5168 	 2.8916 	 0.2834
[2025/10/21 07:07:38] - 83 	 26.0 	 	 0.2000 	 4.0941 	 0.2792
[2025/10/21 07:07:38] - ==> Building model..
[2025/10/21 07:08:02] - Test Loss 	 Test Acc 	 PGD Loss 	 PGD Acc
[2025/10/21 07:08:02] - 2.6046 	 	 0.5157 	 2.8917 	 0.2823
[2025/10/21 07:08:51] - 84 	 26.1 	 	 0.2000 	 4.0921 	 0.2808
[2025/10/21 07:08:51] - ==> Building model..
[2025/10/21 07:09:17] - Test Loss 	 Test Acc 	 PGD Loss 	 PGD Acc
[2025/10/21 07:09:17] - 2.6060 	 	 0.5163 	 2.8929 	 0.2830
[2025/10/21 07:10:06] - 85 	 26.5 	 	 0.2000 	 4.0940 	 0.2791
[2025/10/21 07:10:06] - ==> Building model..
[2025/10/21 07:10:31] - Test Loss 	 Test Acc 	 PGD Loss 	 PGD Acc
[2025/10/21 07:10:31] - 2.6059 	 	 0.5162 	 2.8920 	 0.2831
[2025/10/21 07:11:20] - 86 	 26.0 	 	 0.2000 	 4.0934 	 0.2777
[2025/10/21 07:11:20] - ==> Building model..
[2025/10/21 07:11:44] - Test Loss 	 Test Acc 	 PGD Loss 	 PGD Acc
[2025/10/21 07:11:44] - 2.6069 	 	 0.5165 	 2.8928 	 0.2829
[2025/10/21 07:12:34] - 87 	 26.4 	 	 0.2000 	 4.0934 	 0.2788
[2025/10/21 07:12:34] - ==> Building model..
[2025/10/21 07:12:59] - Test Loss 	 Test Acc 	 PGD Loss 	 PGD Acc
[2025/10/21 07:12:59] - 2.6072 	 	 0.5162 	 2.8928 	 0.2829
[2025/10/21 07:13:51] - 88 	 27.6 	 	 0.2000 	 4.0930 	 0.2800
[2025/10/21 07:13:51] - ==> Building model..
[2025/10/21 07:14:16] - Test Loss 	 Test Acc 	 PGD Loss 	 PGD Acc
[2025/10/21 07:14:16] - 2.6079 	 	 0.5162 	 2.8931 	 0.2833
[2025/10/21 07:15:07] - 89 	 27.4 	 	 0.2000 	 4.0920 	 0.2797
[2025/10/21 07:15:07] - ==> Building model..
[2025/10/21 07:15:31] - Test Loss 	 Test Acc 	 PGD Loss 	 PGD Acc
[2025/10/21 07:15:31] - 2.6071 	 	 0.5158 	 2.8927 	 0.2837
[2025/10/21 07:16:23] - 90 	 28.0 	 	 0.2000 	 4.0923 	 0.2819
[2025/10/21 07:16:23] - ==> Building model..
[2025/10/21 07:16:47] - Test Loss 	 Test Acc 	 PGD Loss 	 PGD Acc
[2025/10/21 07:16:47] - 2.6064 	 	 0.5168 	 2.8918 	 0.2854
[2025/10/21 07:17:39] - 91 	 27.3 	 	 0.2000 	 4.0895 	 0.2823
[2025/10/21 07:17:39] - ==> Building model..
[2025/10/21 07:18:03] - Test Loss 	 Test Acc 	 PGD Loss 	 PGD Acc
[2025/10/21 07:18:03] - 2.6063 	 	 0.5174 	 2.8916 	 0.2846
[2025/10/21 07:18:54] - 92 	 27.8 	 	 0.2000 	 4.0916 	 0.2796
[2025/10/21 07:18:54] - ==> Building model..
[2025/10/21 07:19:18] - Test Loss 	 Test Acc 	 PGD Loss 	 PGD Acc
[2025/10/21 07:19:18] - 2.6075 	 	 0.5173 	 2.8927 	 0.2839
[2025/10/21 07:20:11] - 93 	 28.5 	 	 0.2000 	 4.0916 	 0.2796
[2025/10/21 07:20:11] - ==> Building model..
[2025/10/21 07:20:33] - Test Loss 	 Test Acc 	 PGD Loss 	 PGD Acc
[2025/10/21 07:20:33] - 2.6064 	 	 0.5165 	 2.8917 	 0.2840
[2025/10/21 07:21:25] - 94 	 28.5 	 	 0.0200 	 4.0004 	 0.3401
[2025/10/21 07:21:25] - ==> Building model..
[2025/10/21 07:21:49] - Test Loss 	 Test Acc 	 PGD Loss 	 PGD Acc
[2025/10/21 07:21:49] - 2.6048 	 	 0.5173 	 2.8906 	 0.2843
[2025/10/21 07:22:40] - 95 	 28.1 	 	 0.0200 	 3.9069 	 0.3993
[2025/10/21 07:22:40] - ==> Building model..
[2025/10/21 07:23:04] - Test Loss 	 Test Acc 	 PGD Loss 	 PGD Acc
[2025/10/21 07:23:04] - 2.6030 	 	 0.5178 	 2.8896 	 0.2843
[2025/10/21 07:23:54] - 96 	 27.5 	 	 0.0200 	 3.8810 	 0.4191
[2025/10/21 07:23:54] - ==> Building model..
[2025/10/21 07:24:18] - Test Loss 	 Test Acc 	 PGD Loss 	 PGD Acc
[2025/10/21 07:24:18] - 2.6026 	 	 0.5183 	 2.8891 	 0.2855
[2025/10/21 07:25:08] - 97 	 27.3 	 	 0.0200 	 3.8641 	 0.4305
[2025/10/21 07:25:08] - ==> Building model..
[2025/10/21 07:25:31] - Test Loss 	 Test Acc 	 PGD Loss 	 PGD Acc
[2025/10/21 07:25:31] - 2.6031 	 	 0.5184 	 2.8895 	 0.2853
[2025/10/21 07:26:20] - 98 	 26.2 	 	 0.0200 	 3.8494 	 0.4400
[2025/10/21 07:26:20] - ==> Building model..
[2025/10/21 07:26:44] - Test Loss 	 Test Acc 	 PGD Loss 	 PGD Acc
[2025/10/21 07:26:44] - 2.6052 	 	 0.5182 	 2.8916 	 0.2850
[2025/10/21 07:27:34] - 99 	 26.7 	 	 0.0020 	 3.8180 	 0.4665
[2025/10/21 07:27:34] - ==> Building model..
[2025/10/21 07:27:58] - Test Loss 	 Test Acc 	 PGD Loss 	 PGD Acc
[2025/10/21 07:27:58] - 2.6060 	 	 0.5180 	 2.8919 	 0.2849
[2025/10/21 07:28:47] - 100 	 26.4 	 	 0.0020 	 3.7899 	 0.4887
[2025/10/21 07:28:47] - ==> Building model..
[2025/10/21 07:29:10] - Test Loss 	 Test Acc 	 PGD Loss 	 PGD Acc
[2025/10/21 07:29:10] - 2.6060 	 	 0.5180 	 2.8923 	 0.2855
[2025/10/21 07:30:00] - 101 	 26.1 	 	 0.0020 	 3.7839 	 0.4935
[2025/10/21 07:30:00] - ==> Building model..
[2025/10/21 07:30:24] - Test Loss 	 Test Acc 	 PGD Loss 	 PGD Acc
[2025/10/21 07:30:24] - 2.6065 	 	 0.5179 	 2.8928 	 0.2856
[2025/10/21 07:31:15] - 102 	 26.9 	 	 0.0020 	 3.7791 	 0.4981
[2025/10/21 07:31:15] - ==> Building model..
[2025/10/21 07:31:39] - Test Loss 	 Test Acc 	 PGD Loss 	 PGD Acc
[2025/10/21 07:31:39] - 2.6065 	 	 0.5179 	 2.8924 	 0.2849
[2025/10/21 07:32:30] - 103 	 26.4 	 	 0.0020 	 3.7739 	 0.4998
[2025/10/21 07:32:30] - ==> Building model..
[2025/10/21 07:32:54] - Test Loss 	 Test Acc 	 PGD Loss 	 PGD Acc
[2025/10/21 07:32:54] - 2.6075 	 	 0.5182 	 2.8934 	 0.2856
[2025/10/21 07:33:44] - 104 	 26.5 	 	 0.0020 	 3.7703 	 0.5042
[2025/10/21 07:33:44] - ==> Building model..
[2025/10/21 07:34:09] - Test Loss 	 Test Acc 	 PGD Loss 	 PGD Acc
[2025/10/21 07:34:09] - 2.6075 	 	 0.5182 	 2.8939 	 0.2854
[2025/10/21 07:34:59] - 105 	 25.7 	 	 0.0020 	 3.7662 	 0.5060
[2025/10/21 07:34:59] - ==> Building model..
[2025/10/21 07:35:23] - Test Loss 	 Test Acc 	 PGD Loss 	 PGD Acc
[2025/10/21 07:35:23] - 2.6075 	 	 0.5182 	 2.8933 	 0.2849
[2025/10/21 07:36:12] - 106 	 26.2 	 	 0.0020 	 3.7625 	 0.5126
[2025/10/21 07:36:12] - ==> Building model..
[2025/10/21 07:36:36] - Test Loss 	 Test Acc 	 PGD Loss 	 PGD Acc
[2025/10/21 07:36:36] - 2.6082 	 	 0.5180 	 2.8941 	 0.2851
[2025/10/21 07:37:25] - 107 	 25.6 	 	 0.0020 	 3.7592 	 0.5131
[2025/10/21 07:37:25] - ==> Building model..
[2025/10/21 07:37:50] - Test Loss 	 Test Acc 	 PGD Loss 	 PGD Acc
[2025/10/21 07:37:50] - 2.6088 	 	 0.5177 	 2.8947 	 0.2852
[2025/10/21 07:38:40] - 108 	 26.1 	 	 0.0020 	 3.7542 	 0.5162
[2025/10/21 07:38:40] - ==> Building model..
[2025/10/21 07:39:05] - Test Loss 	 Test Acc 	 PGD Loss 	 PGD Acc
[2025/10/21 07:39:05] - 2.6088 	 	 0.5177 	 2.8943 	 0.2852
[2025/10/21 07:39:54] - 109 	 25.9 	 	 0.0020 	 3.7515 	 0.5190
[2025/10/21 07:39:54] - ==> Building model..
[2025/10/21 07:40:18] - Test Loss 	 Test Acc 	 PGD Loss 	 PGD Acc
[2025/10/21 07:40:18] - 2.6102 	 	 0.5179 	 2.8958 	 0.2850
[2025/10/21 07:40:18] - [0.0851, 0.1341, 0.1934, 0.2437, 0.296, 0.3338, 0.3632, 0.3885, 0.4048, 0.4223, 0.4322, 0.4426, 0.4514, 0.4528, 0.4585, 0.4625, 0.4684, 0.4721, 0.4744, 0.4769, 0.4791, 0.4837, 0.487, 0.4868, 0.4877, 0.4874, 0.4885, 0.4922, 0.4943, 0.4955, 0.497, 0.4983, 0.4995, 0.5007, 0.5017, 0.5023, 0.5033, 0.5036, 0.5042, 0.5052, 0.5056, 0.5061, 0.508, 0.5093, 0.5103, 0.5109, 0.511, 0.5113, 0.5129, 0.5139, 0.5132, 0.5133, 0.5135, 0.5149, 0.5148, 0.5136, 0.5137, 0.5139, 0.5154, 0.514, 0.515, 0.5141, 0.5155, 0.515, 0.5161, 0.5141, 0.5152, 0.5164, 0.5158, 0.5168, 0.5169, 0.5171, 0.5173, 0.5172, 0.518, 0.5171, 0.5161, 0.5168, 0.5158, 0.5157, 0.516, 0.5168, 0.5168, 0.5157, 0.5163, 0.5162, 0.5165, 0.5162, 0.5162, 0.5158, 0.5168, 0.5174, 0.5173, 0.5165, 0.5173, 0.5178, 0.5183, 0.5184, 0.5182, 0.518, 0.518, 0.5179, 0.5179, 0.5182, 0.5182, 0.5182, 0.518, 0.5177, 0.5177, 0.5179]
[2025/10/21 07:40:18] - [0.0592, 0.086, 0.1157, 0.1452, 0.171, 0.1876, 0.1995, 0.2101, 0.2179, 0.2252, 0.2327, 0.2375, 0.2402, 0.2419, 0.2454, 0.2482, 0.249, 0.2523, 0.2536, 0.2551, 0.258, 0.2607, 0.262, 0.2626, 0.2621, 0.2638, 0.2655, 0.2668, 0.2674, 0.2694, 0.2685, 0.2689, 0.2688, 0.2684, 0.2687, 0.2708, 0.2696, 0.2708, 0.271, 0.2724, 0.2721, 0.2735, 0.2719, 0.2744, 0.2752, 0.2761, 0.2766, 0.2768, 0.2778, 0.2787, 0.2796, 0.2791, 0.2795, 0.2795, 0.2795, 0.2791, 0.2798, 0.2812, 0.2805, 0.2805, 0.2806, 0.2812, 0.2802, 0.2806, 0.2806, 0.2799, 0.2811, 0.282, 0.2819, 0.2818, 0.2817, 0.2821, 0.2825, 0.2821, 0.2827, 0.2827, 0.2837, 0.2827, 0.2836, 0.2849, 0.284, 0.2836, 0.2834, 0.2823, 0.283, 0.2831, 0.2829, 0.2829, 0.2833, 0.2837, 0.2854, 0.2846, 0.2839, 0.284, 0.2843, 0.2843, 0.2855, 0.2853, 0.285, 0.2849, 0.2855, 0.2856, 0.2849, 0.2856, 0.2854, 0.2849, 0.2851, 0.2852, 0.2852, 0.285]
