[2025/10/20 00:54:34] - Namespace(batch_size=128, data_dir='cifar-data', epochs=110, lr_schedule='multistep', lr_min=0.0, lr_max=0.2, weight_decay=0.0005, momentum=0.9, model='ResNet18', epsilon=8, alpha=8, delta_init='random', normal_mean=0, normal_std=1, out_dir='runs/beta_0.6/lam_40/lscale_0.11/seed_2', seed=2, lamda=40.0, lam_scale=0.11, lam_start=50, gamma=0.05, inner_gamma=0.05, beta=0.6, mu=3.5, batch_m=0.75, early_stop=False, factor=0.5, length=4, n_holes=1, c_num=0.125, EMA_value=0.55)
[2025/10/20 00:54:37] - ==> Building model..
[2025/10/20 00:54:37] - Epoch 	 Seconds 	 LR 	 	 Train Loss 	 Train Acc
[2025/10/20 00:55:30] - 0 	 28.9 	 	 0.2000 	 4.5661 	 0.0407
[2025/10/20 00:55:30] - ==> Building model..
[2025/10/20 00:55:55] - Test Loss 	 Test Acc 	 PGD Loss 	 PGD Acc
[2025/10/20 00:55:55] - 4.1989 	 	 0.0960 	 4.2146 	 0.0637
[2025/10/20 00:56:47] - 1 	 28.5 	 	 0.2000 	 4.4541 	 0.0799
[2025/10/20 00:56:47] - ==> Building model..
[2025/10/20 00:57:13] - Test Loss 	 Test Acc 	 PGD Loss 	 PGD Acc
[2025/10/20 00:57:13] - 4.0051 	 	 0.1459 	 4.0366 	 0.0944
[2025/10/20 00:58:06] - 2 	 28.8 	 	 0.2000 	 4.3978 	 0.1088
[2025/10/20 00:58:06] - ==> Building model..
[2025/10/20 00:58:31] - Test Loss 	 Test Acc 	 PGD Loss 	 PGD Acc
[2025/10/20 00:58:31] - 3.8268 	 	 0.2023 	 3.8809 	 0.1249
[2025/10/20 00:59:21] - 3 	 26.7 	 	 0.2000 	 4.3517 	 0.1306
[2025/10/20 00:59:21] - ==> Building model..
[2025/10/20 00:59:47] - Test Loss 	 Test Acc 	 PGD Loss 	 PGD Acc
[2025/10/20 00:59:47] - 3.6853 	 	 0.2391 	 3.7598 	 0.1431
[2025/10/20 01:00:41] - 4 	 28.8 	 	 0.2000 	 4.3101 	 0.1515
[2025/10/20 01:00:41] - ==> Building model..
[2025/10/20 01:01:08] - Test Loss 	 Test Acc 	 PGD Loss 	 PGD Acc
[2025/10/20 01:01:08] - 3.5629 	 	 0.2767 	 3.6602 	 0.1638
[2025/10/20 01:02:01] - 5 	 28.1 	 	 0.2000 	 4.2732 	 0.1713
[2025/10/20 01:02:01] - ==> Building model..
[2025/10/20 01:02:27] - Test Loss 	 Test Acc 	 PGD Loss 	 PGD Acc
[2025/10/20 01:02:27] - 3.3624 	 	 0.3172 	 3.4907 	 0.1820
[2025/10/20 01:03:20] - 6 	 28.6 	 	 0.2000 	 4.2422 	 0.1896
[2025/10/20 01:03:20] - ==> Building model..
[2025/10/20 01:03:46] - Test Loss 	 Test Acc 	 PGD Loss 	 PGD Acc
[2025/10/20 01:03:46] - 3.1790 	 	 0.3537 	 3.3342 	 0.1972
[2025/10/20 01:04:40] - 7 	 28.7 	 	 0.2000 	 4.2192 	 0.2003
[2025/10/20 01:04:40] - ==> Building model..
[2025/10/20 01:05:04] - Test Loss 	 Test Acc 	 PGD Loss 	 PGD Acc
[2025/10/20 01:05:04] - 3.0460 	 	 0.3803 	 3.2280 	 0.2096
[2025/10/20 01:05:55] - 8 	 27.7 	 	 0.2000 	 4.2028 	 0.2101
[2025/10/20 01:05:55] - ==> Building model..
[2025/10/20 01:06:20] - Test Loss 	 Test Acc 	 PGD Loss 	 PGD Acc
[2025/10/20 01:06:20] - 2.9719 	 	 0.3994 	 3.1693 	 0.2149
[2025/10/20 01:07:11] - 9 	 27.9 	 	 0.2000 	 4.1887 	 0.2164
[2025/10/20 01:07:11] - ==> Building model..
[2025/10/20 01:07:37] - Test Loss 	 Test Acc 	 PGD Loss 	 PGD Acc
[2025/10/20 01:07:37] - 2.9068 	 	 0.4173 	 3.1195 	 0.2212
[2025/10/20 01:08:28] - 10 	 26.9 	 	 0.2000 	 4.1767 	 0.2244
[2025/10/20 01:08:28] - ==> Building model..
[2025/10/20 01:08:52] - Test Loss 	 Test Acc 	 PGD Loss 	 PGD Acc
[2025/10/20 01:08:52] - 2.8507 	 	 0.4295 	 3.0778 	 0.2297
[2025/10/20 01:09:46] - 11 	 28.9 	 	 0.2000 	 4.1670 	 0.2317
[2025/10/20 01:09:46] - ==> Building model..
[2025/10/20 01:10:10] - Test Loss 	 Test Acc 	 PGD Loss 	 PGD Acc
[2025/10/20 01:10:10] - 2.8117 	 	 0.4379 	 3.0480 	 0.2322
[2025/10/20 01:11:01] - 12 	 28.3 	 	 0.2000 	 4.1587 	 0.2336
[2025/10/20 01:11:01] - ==> Building model..
[2025/10/20 01:11:26] - Test Loss 	 Test Acc 	 PGD Loss 	 PGD Acc
[2025/10/20 01:11:26] - 2.7813 	 	 0.4464 	 3.0249 	 0.2371
[2025/10/20 01:12:16] - 13 	 27.1 	 	 0.2000 	 4.1509 	 0.2409
[2025/10/20 01:12:16] - ==> Building model..
[2025/10/20 01:12:40] - Test Loss 	 Test Acc 	 PGD Loss 	 PGD Acc
[2025/10/20 01:12:40] - 2.7611 	 	 0.4512 	 3.0095 	 0.2413
[2025/10/20 01:13:31] - 14 	 28.2 	 	 0.2000 	 4.1469 	 0.2417
[2025/10/20 01:13:31] - ==> Building model..
[2025/10/20 01:13:55] - Test Loss 	 Test Acc 	 PGD Loss 	 PGD Acc
[2025/10/20 01:13:55] - 2.7449 	 	 0.4576 	 2.9974 	 0.2461
[2025/10/20 01:14:47] - 15 	 28.6 	 	 0.2000 	 4.1419 	 0.2437
[2025/10/20 01:14:47] - ==> Building model..
[2025/10/20 01:15:11] - Test Loss 	 Test Acc 	 PGD Loss 	 PGD Acc
[2025/10/20 01:15:11] - 2.7203 	 	 0.4613 	 2.9790 	 0.2468
[2025/10/20 01:16:03] - 16 	 28.1 	 	 0.2000 	 4.1365 	 0.2467
[2025/10/20 01:16:03] - ==> Building model..
[2025/10/20 01:16:27] - Test Loss 	 Test Acc 	 PGD Loss 	 PGD Acc
[2025/10/20 01:16:27] - 2.6962 	 	 0.4716 	 2.9625 	 0.2485
[2025/10/20 01:17:19] - 17 	 28.3 	 	 0.2000 	 4.1328 	 0.2479
[2025/10/20 01:17:19] - ==> Building model..
[2025/10/20 01:17:43] - Test Loss 	 Test Acc 	 PGD Loss 	 PGD Acc
[2025/10/20 01:17:43] - 2.6795 	 	 0.4740 	 2.9475 	 0.2529
[2025/10/20 01:18:31] - 18 	 26.9 	 	 0.2000 	 4.1282 	 0.2535
[2025/10/20 01:18:31] - ==> Building model..
[2025/10/20 01:18:55] - Test Loss 	 Test Acc 	 PGD Loss 	 PGD Acc
[2025/10/20 01:18:55] - 2.6666 	 	 0.4779 	 2.9380 	 0.2549
[2025/10/20 01:19:45] - 19 	 27.9 	 	 0.2000 	 4.1247 	 0.2574
[2025/10/20 01:19:45] - ==> Building model..
[2025/10/20 01:20:10] - Test Loss 	 Test Acc 	 PGD Loss 	 PGD Acc
[2025/10/20 01:20:10] - 2.6600 	 	 0.4803 	 2.9338 	 0.2562
[2025/10/20 01:21:03] - 20 	 29.6 	 	 0.2000 	 4.1214 	 0.2566
[2025/10/20 01:21:03] - ==> Building model..
[2025/10/20 01:21:27] - Test Loss 	 Test Acc 	 PGD Loss 	 PGD Acc
[2025/10/20 01:21:27] - 2.6516 	 	 0.4819 	 2.9280 	 0.2565
[2025/10/20 01:22:18] - 21 	 27.9 	 	 0.2000 	 4.1204 	 0.2547
[2025/10/20 01:22:18] - ==> Building model..
[2025/10/20 01:22:42] - Test Loss 	 Test Acc 	 PGD Loss 	 PGD Acc
[2025/10/20 01:22:42] - 2.6415 	 	 0.4847 	 2.9204 	 0.2593
[2025/10/20 01:23:33] - 22 	 28.5 	 	 0.2000 	 4.1175 	 0.2591
[2025/10/20 01:23:33] - ==> Building model..
[2025/10/20 01:23:58] - Test Loss 	 Test Acc 	 PGD Loss 	 PGD Acc
[2025/10/20 01:23:58] - 2.6342 	 	 0.4887 	 2.9148 	 0.2595
[2025/10/20 01:24:50] - 23 	 28.5 	 	 0.2000 	 4.1194 	 0.2581
[2025/10/20 01:24:50] - ==> Building model..
[2025/10/20 01:25:15] - Test Loss 	 Test Acc 	 PGD Loss 	 PGD Acc
[2025/10/20 01:25:15] - 2.6315 	 	 0.4887 	 2.9138 	 0.2592
[2025/10/20 01:26:04] - 24 	 27.5 	 	 0.2000 	 4.1123 	 0.2621
[2025/10/20 01:26:04] - ==> Building model..
[2025/10/20 01:26:27] - Test Loss 	 Test Acc 	 PGD Loss 	 PGD Acc
[2025/10/20 01:26:27] - 2.6233 	 	 0.4907 	 2.9084 	 0.2598
[2025/10/20 01:27:18] - 25 	 27.6 	 	 0.2000 	 4.1127 	 0.2644
[2025/10/20 01:27:18] - ==> Building model..
[2025/10/20 01:27:42] - Test Loss 	 Test Acc 	 PGD Loss 	 PGD Acc
[2025/10/20 01:27:42] - 2.6182 	 	 0.4939 	 2.9043 	 0.2599
[2025/10/20 01:28:33] - 26 	 27.5 	 	 0.2000 	 4.1113 	 0.2643
[2025/10/20 01:28:33] - ==> Building model..
[2025/10/20 01:28:58] - Test Loss 	 Test Acc 	 PGD Loss 	 PGD Acc
[2025/10/20 01:28:58] - 2.6128 	 	 0.4956 	 2.8995 	 0.2607
[2025/10/20 01:29:48] - 27 	 28.4 	 	 0.2000 	 4.1080 	 0.2633
[2025/10/20 01:29:48] - ==> Building model..
[2025/10/20 01:30:12] - Test Loss 	 Test Acc 	 PGD Loss 	 PGD Acc
[2025/10/20 01:30:12] - 2.6068 	 	 0.4937 	 2.8948 	 0.2638
[2025/10/20 01:31:02] - 28 	 27.7 	 	 0.2000 	 4.1068 	 0.2646
[2025/10/20 01:31:02] - ==> Building model..
[2025/10/20 01:31:26] - Test Loss 	 Test Acc 	 PGD Loss 	 PGD Acc
[2025/10/20 01:31:26] - 2.6093 	 	 0.4960 	 2.8972 	 0.2633
[2025/10/20 01:32:17] - 29 	 28.5 	 	 0.2000 	 4.1063 	 0.2662
[2025/10/20 01:32:17] - ==> Building model..
[2025/10/20 01:32:42] - Test Loss 	 Test Acc 	 PGD Loss 	 PGD Acc
[2025/10/20 01:32:42] - 2.5995 	 	 0.4987 	 2.8898 	 0.2646
[2025/10/20 01:33:35] - 30 	 28.6 	 	 0.2000 	 4.1061 	 0.2653
[2025/10/20 01:33:35] - ==> Building model..
[2025/10/20 01:33:58] - Test Loss 	 Test Acc 	 PGD Loss 	 PGD Acc
[2025/10/20 01:33:58] - 2.5978 	 	 0.4980 	 2.8888 	 0.2671
[2025/10/20 01:34:50] - 31 	 28.0 	 	 0.2000 	 4.1034 	 0.2685
[2025/10/20 01:34:50] - ==> Building model..
[2025/10/20 01:35:14] - Test Loss 	 Test Acc 	 PGD Loss 	 PGD Acc
[2025/10/20 01:35:14] - 2.5931 	 	 0.5007 	 2.8848 	 0.2679
[2025/10/20 01:36:06] - 32 	 28.1 	 	 0.2000 	 4.1042 	 0.2668
[2025/10/20 01:36:06] - ==> Building model..
[2025/10/20 01:36:30] - Test Loss 	 Test Acc 	 PGD Loss 	 PGD Acc
[2025/10/20 01:36:30] - 2.5886 	 	 0.5031 	 2.8815 	 0.2671
[2025/10/20 01:37:22] - 33 	 27.6 	 	 0.2000 	 4.1000 	 0.2697
[2025/10/20 01:37:22] - ==> Building model..
[2025/10/20 01:37:48] - Test Loss 	 Test Acc 	 PGD Loss 	 PGD Acc
[2025/10/20 01:37:48] - 2.5834 	 	 0.5018 	 2.8785 	 0.2687
[2025/10/20 01:38:40] - 34 	 28.5 	 	 0.2000 	 4.1026 	 0.2674
[2025/10/20 01:38:40] - ==> Building model..
[2025/10/20 01:39:05] - Test Loss 	 Test Acc 	 PGD Loss 	 PGD Acc
[2025/10/20 01:39:05] - 2.5787 	 	 0.5039 	 2.8747 	 0.2713
[2025/10/20 01:39:57] - 35 	 27.9 	 	 0.2000 	 4.0984 	 0.2708
[2025/10/20 01:39:57] - ==> Building model..
[2025/10/20 01:40:22] - Test Loss 	 Test Acc 	 PGD Loss 	 PGD Acc
[2025/10/20 01:40:22] - 2.5767 	 	 0.5046 	 2.8723 	 0.2718
[2025/10/20 01:41:13] - 36 	 28.0 	 	 0.2000 	 4.0997 	 0.2684
[2025/10/20 01:41:13] - ==> Building model..
[2025/10/20 01:41:38] - Test Loss 	 Test Acc 	 PGD Loss 	 PGD Acc
[2025/10/20 01:41:38] - 2.5749 	 	 0.5057 	 2.8712 	 0.2723
[2025/10/20 01:42:29] - 37 	 26.4 	 	 0.2000 	 4.0979 	 0.2715
[2025/10/20 01:42:29] - ==> Building model..
[2025/10/20 01:42:53] - Test Loss 	 Test Acc 	 PGD Loss 	 PGD Acc
[2025/10/20 01:42:53] - 2.5721 	 	 0.5048 	 2.8686 	 0.2725
[2025/10/20 01:43:44] - 38 	 27.8 	 	 0.2000 	 4.0956 	 0.2708
[2025/10/20 01:43:44] - ==> Building model..
[2025/10/20 01:44:10] - Test Loss 	 Test Acc 	 PGD Loss 	 PGD Acc
[2025/10/20 01:44:10] - 2.5681 	 	 0.5073 	 2.8655 	 0.2731
[2025/10/20 01:45:00] - 39 	 26.7 	 	 0.2000 	 4.0959 	 0.2710
[2025/10/20 01:45:00] - ==> Building model..
[2025/10/20 01:45:25] - Test Loss 	 Test Acc 	 PGD Loss 	 PGD Acc
[2025/10/20 01:45:25] - 2.5673 	 	 0.5066 	 2.8648 	 0.2728
[2025/10/20 01:46:16] - 40 	 26.6 	 	 0.2000 	 4.0959 	 0.2723
[2025/10/20 01:46:16] - ==> Building model..
[2025/10/20 01:46:41] - Test Loss 	 Test Acc 	 PGD Loss 	 PGD Acc
[2025/10/20 01:46:41] - 2.5659 	 	 0.5071 	 2.8633 	 0.2727
[2025/10/20 01:47:33] - 41 	 27.5 	 	 0.2000 	 4.0936 	 0.2727
[2025/10/20 01:47:33] - ==> Building model..
[2025/10/20 01:47:59] - Test Loss 	 Test Acc 	 PGD Loss 	 PGD Acc
[2025/10/20 01:47:59] - 2.5625 	 	 0.5095 	 2.8608 	 0.2737
[2025/10/20 01:48:48] - 42 	 25.5 	 	 0.2000 	 4.0935 	 0.2710
[2025/10/20 01:48:48] - ==> Building model..
[2025/10/20 01:49:14] - Test Loss 	 Test Acc 	 PGD Loss 	 PGD Acc
[2025/10/20 01:49:14] - 2.5597 	 	 0.5084 	 2.8589 	 0.2740
[2025/10/20 01:50:04] - 43 	 26.3 	 	 0.2000 	 4.0928 	 0.2734
[2025/10/20 01:50:04] - ==> Building model..
[2025/10/20 01:50:31] - Test Loss 	 Test Acc 	 PGD Loss 	 PGD Acc
[2025/10/20 01:50:31] - 2.5603 	 	 0.5093 	 2.8592 	 0.2745
[2025/10/20 01:51:20] - 44 	 26.1 	 	 0.2000 	 4.0934 	 0.2717
[2025/10/20 01:51:20] - ==> Building model..
[2025/10/20 01:51:46] - Test Loss 	 Test Acc 	 PGD Loss 	 PGD Acc
[2025/10/20 01:51:46] - 2.5575 	 	 0.5097 	 2.8571 	 0.2733
[2025/10/20 01:52:38] - 45 	 27.2 	 	 0.2000 	 4.0921 	 0.2755
[2025/10/20 01:52:38] - ==> Building model..
[2025/10/20 01:53:04] - Test Loss 	 Test Acc 	 PGD Loss 	 PGD Acc
[2025/10/20 01:53:04] - 2.5561 	 	 0.5103 	 2.8560 	 0.2747
[2025/10/20 01:53:55] - 46 	 26.6 	 	 0.2000 	 4.0930 	 0.2743
[2025/10/20 01:53:55] - ==> Building model..
[2025/10/20 01:54:22] - Test Loss 	 Test Acc 	 PGD Loss 	 PGD Acc
[2025/10/20 01:54:22] - 2.5567 	 	 0.5104 	 2.8571 	 0.2753
[2025/10/20 01:55:14] - 47 	 27.5 	 	 0.2000 	 4.0889 	 0.2778
[2025/10/20 01:55:14] - ==> Building model..
[2025/10/20 01:55:41] - Test Loss 	 Test Acc 	 PGD Loss 	 PGD Acc
[2025/10/20 01:55:41] - 2.5553 	 	 0.5110 	 2.8552 	 0.2753
[2025/10/20 01:56:31] - 48 	 26.2 	 	 0.2000 	 4.0926 	 0.2737
[2025/10/20 01:56:31] - ==> Building model..
[2025/10/20 01:56:58] - Test Loss 	 Test Acc 	 PGD Loss 	 PGD Acc
[2025/10/20 01:56:58] - 2.5568 	 	 0.5107 	 2.8564 	 0.2759
[2025/10/20 01:57:48] - 49 	 25.7 	 	 0.2000 	 4.0909 	 0.2752
[2025/10/20 01:57:48] - ==> Building model..
[2025/10/20 01:58:15] - Test Loss 	 Test Acc 	 PGD Loss 	 PGD Acc
[2025/10/20 01:58:15] - 2.5563 	 	 0.5098 	 2.8566 	 0.2759
[2025/10/20 01:59:06] - 50 	 26.4 	 	 0.2000 	 4.0890 	 0.2755
[2025/10/20 01:59:06] - ==> Building model..
[2025/10/20 01:59:33] - Test Loss 	 Test Acc 	 PGD Loss 	 PGD Acc
[2025/10/20 01:59:33] - 2.5523 	 	 0.5127 	 2.8531 	 0.2774
[2025/10/20 02:00:25] - 51 	 27.1 	 	 0.2000 	 4.0910 	 0.2757
[2025/10/20 02:00:25] - ==> Building model..
[2025/10/20 02:00:51] - Test Loss 	 Test Acc 	 PGD Loss 	 PGD Acc
[2025/10/20 02:00:51] - 2.5501 	 	 0.5134 	 2.8515 	 0.2772
[2025/10/20 02:01:41] - 52 	 25.9 	 	 0.2000 	 4.0897 	 0.2765
[2025/10/20 02:01:41] - ==> Building model..
[2025/10/20 02:02:07] - Test Loss 	 Test Acc 	 PGD Loss 	 PGD Acc
[2025/10/20 02:02:07] - 2.5526 	 	 0.5129 	 2.8543 	 0.2780
[2025/10/20 02:02:58] - 53 	 26.5 	 	 0.2000 	 4.0896 	 0.2775
[2025/10/20 02:02:58] - ==> Building model..
[2025/10/20 02:03:23] - Test Loss 	 Test Acc 	 PGD Loss 	 PGD Acc
[2025/10/20 02:03:23] - 2.5534 	 	 0.5119 	 2.8542 	 0.2776
[2025/10/20 02:04:14] - 54 	 26.2 	 	 0.2000 	 4.0900 	 0.2768
[2025/10/20 02:04:14] - ==> Building model..
[2025/10/20 02:04:38] - Test Loss 	 Test Acc 	 PGD Loss 	 PGD Acc
[2025/10/20 02:04:38] - 2.5576 	 	 0.5122 	 2.8586 	 0.2782
[2025/10/20 02:05:29] - 55 	 28.1 	 	 0.2000 	 4.0932 	 0.2745
[2025/10/20 02:05:29] - ==> Building model..
[2025/10/20 02:05:54] - Test Loss 	 Test Acc 	 PGD Loss 	 PGD Acc
[2025/10/20 02:05:54] - 2.5622 	 	 0.5110 	 2.8622 	 0.2772
[2025/10/20 02:06:46] - 56 	 27.1 	 	 0.2000 	 4.0925 	 0.2755
[2025/10/20 02:06:46] - ==> Building model..
[2025/10/20 02:07:12] - Test Loss 	 Test Acc 	 PGD Loss 	 PGD Acc
[2025/10/20 02:07:12] - 2.5730 	 	 0.5114 	 2.8721 	 0.2756
[2025/10/20 02:08:04] - 57 	 27.1 	 	 0.2000 	 4.0927 	 0.2767
[2025/10/20 02:08:04] - ==> Building model..
[2025/10/20 02:08:31] - Test Loss 	 Test Acc 	 PGD Loss 	 PGD Acc
[2025/10/20 02:08:31] - 2.5769 	 	 0.5112 	 2.8752 	 0.2763
[2025/10/20 02:09:24] - 58 	 27.6 	 	 0.2000 	 4.0938 	 0.2740
[2025/10/20 02:09:24] - ==> Building model..
[2025/10/20 02:09:51] - Test Loss 	 Test Acc 	 PGD Loss 	 PGD Acc
[2025/10/20 02:09:51] - 2.5785 	 	 0.5136 	 2.8758 	 0.2777
[2025/10/20 02:10:44] - 59 	 27.9 	 	 0.2000 	 4.0918 	 0.2788
[2025/10/20 02:10:44] - ==> Building model..
[2025/10/20 02:11:10] - Test Loss 	 Test Acc 	 PGD Loss 	 PGD Acc
[2025/10/20 02:11:10] - 2.5805 	 	 0.5138 	 2.8772 	 0.2765
[2025/10/20 02:12:00] - 60 	 26.6 	 	 0.2000 	 4.0946 	 0.2759
[2025/10/20 02:12:00] - ==> Building model..
[2025/10/20 02:12:26] - Test Loss 	 Test Acc 	 PGD Loss 	 PGD Acc
[2025/10/20 02:12:26] - 2.5829 	 	 0.5139 	 2.8788 	 0.2783
[2025/10/20 02:13:18] - 61 	 27.5 	 	 0.2000 	 4.0944 	 0.2751
[2025/10/20 02:13:18] - ==> Building model..
[2025/10/20 02:13:45] - Test Loss 	 Test Acc 	 PGD Loss 	 PGD Acc
[2025/10/20 02:13:45] - 2.5873 	 	 0.5140 	 2.8826 	 0.2780
[2025/10/20 02:14:35] - 62 	 26.3 	 	 0.2000 	 4.0934 	 0.2777
[2025/10/20 02:14:35] - ==> Building model..
[2025/10/20 02:15:02] - Test Loss 	 Test Acc 	 PGD Loss 	 PGD Acc
[2025/10/20 02:15:02] - 2.5883 	 	 0.5145 	 2.8832 	 0.2779
[2025/10/20 02:15:52] - 63 	 26.6 	 	 0.2000 	 4.0930 	 0.2777
[2025/10/20 02:15:52] - ==> Building model..
[2025/10/20 02:16:18] - Test Loss 	 Test Acc 	 PGD Loss 	 PGD Acc
[2025/10/20 02:16:18] - 2.5887 	 	 0.5161 	 2.8827 	 0.2788
[2025/10/20 02:17:10] - 64 	 26.9 	 	 0.2000 	 4.0929 	 0.2773
[2025/10/20 02:17:10] - ==> Building model..
[2025/10/20 02:17:37] - Test Loss 	 Test Acc 	 PGD Loss 	 PGD Acc
[2025/10/20 02:17:37] - 2.5898 	 	 0.5156 	 2.8832 	 0.2784
[2025/10/20 02:18:24] - 65 	 25.3 	 	 0.2000 	 4.0921 	 0.2783
[2025/10/20 02:18:24] - ==> Building model..
[2025/10/20 02:18:52] - Test Loss 	 Test Acc 	 PGD Loss 	 PGD Acc
[2025/10/20 02:18:52] - 2.5905 	 	 0.5161 	 2.8838 	 0.2793
[2025/10/20 02:19:42] - 66 	 26.6 	 	 0.2000 	 4.0931 	 0.2782
[2025/10/20 02:19:42] - ==> Building model..
[2025/10/20 02:20:08] - Test Loss 	 Test Acc 	 PGD Loss 	 PGD Acc
[2025/10/20 02:20:08] - 2.5923 	 	 0.5151 	 2.8847 	 0.2795
[2025/10/20 02:20:58] - 67 	 27.1 	 	 0.2000 	 4.0901 	 0.2795
[2025/10/20 02:20:58] - ==> Building model..
[2025/10/20 02:21:25] - Test Loss 	 Test Acc 	 PGD Loss 	 PGD Acc
[2025/10/20 02:21:25] - 2.5930 	 	 0.5143 	 2.8841 	 0.2806
[2025/10/20 02:22:15] - 68 	 25.4 	 	 0.2000 	 4.0903 	 0.2812
[2025/10/20 02:22:15] - ==> Building model..
[2025/10/20 02:22:42] - Test Loss 	 Test Acc 	 PGD Loss 	 PGD Acc
[2025/10/20 02:22:42] - 2.5940 	 	 0.5133 	 2.8850 	 0.2795
[2025/10/20 02:23:31] - 69 	 26.5 	 	 0.2000 	 4.0927 	 0.2808
[2025/10/20 02:23:31] - ==> Building model..
[2025/10/20 02:23:58] - Test Loss 	 Test Acc 	 PGD Loss 	 PGD Acc
[2025/10/20 02:23:58] - 2.5959 	 	 0.5146 	 2.8865 	 0.2795
[2025/10/20 02:24:47] - 70 	 26.3 	 	 0.2000 	 4.0915 	 0.2814
[2025/10/20 02:24:47] - ==> Building model..
[2025/10/20 02:25:13] - Test Loss 	 Test Acc 	 PGD Loss 	 PGD Acc
[2025/10/20 02:25:13] - 2.5964 	 	 0.5139 	 2.8870 	 0.2817
[2025/10/20 02:26:04] - 71 	 26.1 	 	 0.2000 	 4.0899 	 0.2797
[2025/10/20 02:26:04] - ==> Building model..
[2025/10/20 02:26:30] - Test Loss 	 Test Acc 	 PGD Loss 	 PGD Acc
[2025/10/20 02:26:30] - 2.5959 	 	 0.5146 	 2.8865 	 0.2818
[2025/10/20 02:27:23] - 72 	 27.3 	 	 0.2000 	 4.0913 	 0.2776
[2025/10/20 02:27:23] - ==> Building model..
[2025/10/20 02:27:49] - Test Loss 	 Test Acc 	 PGD Loss 	 PGD Acc
[2025/10/20 02:27:49] - 2.5984 	 	 0.5145 	 2.8876 	 0.2828
[2025/10/20 02:28:41] - 73 	 26.2 	 	 0.2000 	 4.0886 	 0.2841
[2025/10/20 02:28:41] - ==> Building model..
[2025/10/20 02:29:06] - Test Loss 	 Test Acc 	 PGD Loss 	 PGD Acc
[2025/10/20 02:29:06] - 2.5985 	 	 0.5147 	 2.8883 	 0.2833
[2025/10/20 02:29:57] - 74 	 26.1 	 	 0.2000 	 4.0919 	 0.2794
[2025/10/20 02:29:57] - ==> Building model..
[2025/10/20 02:30:22] - Test Loss 	 Test Acc 	 PGD Loss 	 PGD Acc
[2025/10/20 02:30:22] - 2.6004 	 	 0.5156 	 2.8891 	 0.2835
[2025/10/20 02:31:14] - 75 	 27.9 	 	 0.2000 	 4.0918 	 0.2796
[2025/10/20 02:31:14] - ==> Building model..
[2025/10/20 02:31:40] - Test Loss 	 Test Acc 	 PGD Loss 	 PGD Acc
[2025/10/20 02:31:40] - 2.6009 	 	 0.5156 	 2.8896 	 0.2824
[2025/10/20 02:32:31] - 76 	 26.7 	 	 0.2000 	 4.0890 	 0.2814
[2025/10/20 02:32:31] - ==> Building model..
[2025/10/20 02:32:55] - Test Loss 	 Test Acc 	 PGD Loss 	 PGD Acc
[2025/10/20 02:32:55] - 2.6027 	 	 0.5146 	 2.8906 	 0.2826
[2025/10/20 02:33:46] - 77 	 26.9 	 	 0.2000 	 4.0904 	 0.2792
[2025/10/20 02:33:46] - ==> Building model..
[2025/10/20 02:34:12] - Test Loss 	 Test Acc 	 PGD Loss 	 PGD Acc
[2025/10/20 02:34:12] - 2.6034 	 	 0.5155 	 2.8908 	 0.2824
[2025/10/20 02:35:06] - 78 	 28.6 	 	 0.2000 	 4.0909 	 0.2794
[2025/10/20 02:35:06] - ==> Building model..
[2025/10/20 02:35:32] - Test Loss 	 Test Acc 	 PGD Loss 	 PGD Acc
[2025/10/20 02:35:32] - 2.6041 	 	 0.5150 	 2.8917 	 0.2827
[2025/10/20 02:36:27] - 79 	 28.3 	 	 0.2000 	 4.0889 	 0.2787
[2025/10/20 02:36:27] - ==> Building model..
[2025/10/20 02:36:53] - Test Loss 	 Test Acc 	 PGD Loss 	 PGD Acc
[2025/10/20 02:36:53] - 2.6057 	 	 0.5152 	 2.8933 	 0.2832
[2025/10/20 02:37:41] - 80 	 25.4 	 	 0.2000 	 4.0888 	 0.2793
[2025/10/20 02:37:41] - ==> Building model..
[2025/10/20 02:38:07] - Test Loss 	 Test Acc 	 PGD Loss 	 PGD Acc
[2025/10/20 02:38:07] - 2.6064 	 	 0.5151 	 2.8930 	 0.2829
[2025/10/20 02:38:56] - 81 	 26.6 	 	 0.2000 	 4.0893 	 0.2792
[2025/10/20 02:38:56] - ==> Building model..
[2025/10/20 02:39:22] - Test Loss 	 Test Acc 	 PGD Loss 	 PGD Acc
[2025/10/20 02:39:22] - 2.6058 	 	 0.5148 	 2.8927 	 0.2825
[2025/10/20 02:40:09] - 82 	 25.1 	 	 0.2000 	 4.0905 	 0.2783
[2025/10/20 02:40:09] - ==> Building model..
[2025/10/20 02:40:35] - Test Loss 	 Test Acc 	 PGD Loss 	 PGD Acc
[2025/10/20 02:40:35] - 2.6061 	 	 0.5153 	 2.8932 	 0.2820
[2025/10/20 02:41:28] - 83 	 27.7 	 	 0.2000 	 4.0921 	 0.2777
[2025/10/20 02:41:28] - ==> Building model..
[2025/10/20 02:41:54] - Test Loss 	 Test Acc 	 PGD Loss 	 PGD Acc
[2025/10/20 02:41:54] - 2.6067 	 	 0.5166 	 2.8934 	 0.2806
[2025/10/20 02:42:42] - 84 	 25.6 	 	 0.2000 	 4.0904 	 0.2795
[2025/10/20 02:42:42] - ==> Building model..
[2025/10/20 02:43:09] - Test Loss 	 Test Acc 	 PGD Loss 	 PGD Acc
[2025/10/20 02:43:09] - 2.6068 	 	 0.5174 	 2.8935 	 0.2813
[2025/10/20 02:44:01] - 85 	 27.2 	 	 0.2000 	 4.0904 	 0.2776
[2025/10/20 02:44:01] - ==> Building model..
[2025/10/20 02:44:28] - Test Loss 	 Test Acc 	 PGD Loss 	 PGD Acc
[2025/10/20 02:44:28] - 2.6075 	 	 0.5174 	 2.8939 	 0.2820
[2025/10/20 02:45:16] - 86 	 25.7 	 	 0.2000 	 4.0903 	 0.2789
[2025/10/20 02:45:16] - ==> Building model..
[2025/10/20 02:45:43] - Test Loss 	 Test Acc 	 PGD Loss 	 PGD Acc
[2025/10/20 02:45:43] - 2.6085 	 	 0.5165 	 2.8947 	 0.2820
[2025/10/20 02:46:31] - 87 	 25.4 	 	 0.2000 	 4.0915 	 0.2776
[2025/10/20 02:46:31] - ==> Building model..
[2025/10/20 02:46:57] - Test Loss 	 Test Acc 	 PGD Loss 	 PGD Acc
[2025/10/20 02:46:57] - 2.6090 	 	 0.5167 	 2.8954 	 0.2821
[2025/10/20 02:47:47] - 88 	 26.2 	 	 0.2000 	 4.0900 	 0.2805
[2025/10/20 02:47:47] - ==> Building model..
[2025/10/20 02:48:13] - Test Loss 	 Test Acc 	 PGD Loss 	 PGD Acc
[2025/10/20 02:48:13] - 2.6097 	 	 0.5160 	 2.8956 	 0.2824
[2025/10/20 02:49:01] - 89 	 25.0 	 	 0.2000 	 4.0894 	 0.2795
[2025/10/20 02:49:01] - ==> Building model..
[2025/10/20 02:49:27] - Test Loss 	 Test Acc 	 PGD Loss 	 PGD Acc
[2025/10/20 02:49:27] - 2.6084 	 	 0.5163 	 2.8949 	 0.2841
[2025/10/20 02:50:16] - 90 	 26.3 	 	 0.2000 	 4.0893 	 0.2787
[2025/10/20 02:50:16] - ==> Building model..
[2025/10/20 02:50:42] - Test Loss 	 Test Acc 	 PGD Loss 	 PGD Acc
[2025/10/20 02:50:42] - 2.6071 	 	 0.5154 	 2.8931 	 0.2844
[2025/10/20 02:51:32] - 91 	 26.2 	 	 0.2000 	 4.0862 	 0.2830
[2025/10/20 02:51:32] - ==> Building model..
[2025/10/20 02:51:57] - Test Loss 	 Test Acc 	 PGD Loss 	 PGD Acc
[2025/10/20 02:51:57] - 2.6061 	 	 0.5164 	 2.8921 	 0.2847
[2025/10/20 02:52:45] - 92 	 25.3 	 	 0.2000 	 4.0879 	 0.2792
[2025/10/20 02:52:45] - ==> Building model..
[2025/10/20 02:53:10] - Test Loss 	 Test Acc 	 PGD Loss 	 PGD Acc
[2025/10/20 02:53:10] - 2.6052 	 	 0.5160 	 2.8912 	 0.2851
[2025/10/20 02:54:00] - 93 	 25.9 	 	 0.2000 	 4.0879 	 0.2794
[2025/10/20 02:54:00] - ==> Building model..
[2025/10/20 02:54:26] - Test Loss 	 Test Acc 	 PGD Loss 	 PGD Acc
[2025/10/20 02:54:26] - 2.6040 	 	 0.5164 	 2.8902 	 0.2842
[2025/10/20 02:55:15] - 94 	 26.5 	 	 0.0200 	 3.9947 	 0.3412
[2025/10/20 02:55:15] - ==> Building model..
[2025/10/20 02:55:40] - Test Loss 	 Test Acc 	 PGD Loss 	 PGD Acc
[2025/10/20 02:55:40] - 2.6008 	 	 0.5172 	 2.8884 	 0.2849
[2025/10/20 02:56:28] - 95 	 25.6 	 	 0.0200 	 3.9013 	 0.4003
[2025/10/20 02:56:28] - ==> Building model..
[2025/10/20 02:56:53] - Test Loss 	 Test Acc 	 PGD Loss 	 PGD Acc
[2025/10/20 02:56:53] - 2.6002 	 	 0.5175 	 2.8879 	 0.2851
[2025/10/20 02:57:44] - 96 	 27.0 	 	 0.0200 	 3.8756 	 0.4192
[2025/10/20 02:57:44] - ==> Building model..
[2025/10/20 02:58:10] - Test Loss 	 Test Acc 	 PGD Loss 	 PGD Acc
[2025/10/20 02:58:10] - 2.6001 	 	 0.5177 	 2.8877 	 0.2858
[2025/10/20 02:58:58] - 97 	 25.7 	 	 0.0200 	 3.8585 	 0.4336
[2025/10/20 02:58:58] - ==> Building model..
[2025/10/20 02:59:24] - Test Loss 	 Test Acc 	 PGD Loss 	 PGD Acc
[2025/10/20 02:59:24] - 2.6006 	 	 0.5180 	 2.8884 	 0.2855
[2025/10/20 03:00:13] - 98 	 26.3 	 	 0.0200 	 3.8434 	 0.4424
[2025/10/20 03:00:13] - ==> Building model..
[2025/10/20 03:00:38] - Test Loss 	 Test Acc 	 PGD Loss 	 PGD Acc
[2025/10/20 03:00:38] - 2.6020 	 	 0.5178 	 2.8894 	 0.2849
[2025/10/20 03:01:27] - 99 	 26.7 	 	 0.0020 	 3.8112 	 0.4679
[2025/10/20 03:01:27] - ==> Building model..
[2025/10/20 03:01:52] - Test Loss 	 Test Acc 	 PGD Loss 	 PGD Acc
[2025/10/20 03:01:52] - 2.6025 	 	 0.5178 	 2.8898 	 0.2853
[2025/10/20 03:02:41] - 100 	 27.1 	 	 0.0020 	 3.7833 	 0.4888
[2025/10/20 03:02:41] - ==> Building model..
[2025/10/20 03:03:06] - Test Loss 	 Test Acc 	 PGD Loss 	 PGD Acc
[2025/10/20 03:03:06] - 2.6030 	 	 0.5178 	 2.8911 	 0.2858
[2025/10/20 03:03:55] - 101 	 26.6 	 	 0.0020 	 3.7772 	 0.4966
[2025/10/20 03:03:55] - ==> Building model..
[2025/10/20 03:04:19] - Test Loss 	 Test Acc 	 PGD Loss 	 PGD Acc
[2025/10/20 03:04:19] - 2.6041 	 	 0.5176 	 2.8918 	 0.2851
[2025/10/20 03:05:07] - 102 	 26.3 	 	 0.0020 	 3.7720 	 0.4992
[2025/10/20 03:05:07] - ==> Building model..
[2025/10/20 03:05:33] - Test Loss 	 Test Acc 	 PGD Loss 	 PGD Acc
[2025/10/20 03:05:33] - 2.6046 	 	 0.5176 	 2.8918 	 0.2849
[2025/10/20 03:06:23] - 103 	 27.2 	 	 0.0020 	 3.7675 	 0.5022
[2025/10/20 03:06:23] - ==> Building model..
[2025/10/20 03:06:47] - Test Loss 	 Test Acc 	 PGD Loss 	 PGD Acc
[2025/10/20 03:06:47] - 2.6046 	 	 0.5176 	 2.8917 	 0.2850
[2025/10/20 03:07:36] - 104 	 26.9 	 	 0.0020 	 3.7632 	 0.5065
[2025/10/20 03:07:36] - ==> Building model..
[2025/10/20 03:07:59] - Test Loss 	 Test Acc 	 PGD Loss 	 PGD Acc
[2025/10/20 03:07:59] - 2.6046 	 	 0.5176 	 2.8920 	 0.2858
[2025/10/20 03:08:48] - 105 	 27.8 	 	 0.0020 	 3.7597 	 0.5095
[2025/10/20 03:08:48] - ==> Building model..
[2025/10/20 03:09:11] - Test Loss 	 Test Acc 	 PGD Loss 	 PGD Acc
[2025/10/20 03:09:11] - 2.6046 	 	 0.5176 	 2.8916 	 0.2856
[2025/10/20 03:10:01] - 106 	 28.4 	 	 0.0020 	 3.7558 	 0.5123
[2025/10/20 03:10:01] - ==> Building model..
[2025/10/20 03:10:25] - Test Loss 	 Test Acc 	 PGD Loss 	 PGD Acc
[2025/10/20 03:10:25] - 2.6046 	 	 0.5176 	 2.8923 	 0.2854
[2025/10/20 03:11:15] - 107 	 28.8 	 	 0.0020 	 3.7520 	 0.5145
[2025/10/20 03:11:15] - ==> Building model..
[2025/10/20 03:11:39] - Test Loss 	 Test Acc 	 PGD Loss 	 PGD Acc
[2025/10/20 03:11:39] - 2.6046 	 	 0.5176 	 2.8921 	 0.2852
[2025/10/20 03:12:29] - 108 	 28.0 	 	 0.0020 	 3.7467 	 0.5199
[2025/10/20 03:12:29] - ==> Building model..
[2025/10/20 03:12:53] - Test Loss 	 Test Acc 	 PGD Loss 	 PGD Acc
[2025/10/20 03:12:53] - 2.6061 	 	 0.5175 	 2.8929 	 0.2852
[2025/10/20 03:13:44] - 109 	 28.8 	 	 0.0020 	 3.7439 	 0.5221
[2025/10/20 03:13:44] - ==> Building model..
[2025/10/20 03:14:07] - Test Loss 	 Test Acc 	 PGD Loss 	 PGD Acc
[2025/10/20 03:14:07] - 2.6061 	 	 0.5175 	 2.8930 	 0.2846
[2025/10/20 03:14:07] - [0.096, 0.1459, 0.2023, 0.2391, 0.2767, 0.3172, 0.3537, 0.3803, 0.3994, 0.4173, 0.4295, 0.4379, 0.4464, 0.4512, 0.4576, 0.4613, 0.4716, 0.474, 0.4779, 0.4803, 0.4819, 0.4847, 0.4887, 0.4887, 0.4907, 0.4939, 0.4956, 0.4937, 0.496, 0.4987, 0.498, 0.5007, 0.5031, 0.5018, 0.5039, 0.5046, 0.5057, 0.5048, 0.5073, 0.5066, 0.5071, 0.5095, 0.5084, 0.5093, 0.5097, 0.5103, 0.5104, 0.511, 0.5107, 0.5098, 0.5127, 0.5134, 0.5129, 0.5119, 0.5122, 0.511, 0.5114, 0.5112, 0.5136, 0.5138, 0.5139, 0.514, 0.5145, 0.5161, 0.5156, 0.5161, 0.5151, 0.5143, 0.5133, 0.5146, 0.5139, 0.5146, 0.5145, 0.5147, 0.5156, 0.5156, 0.5146, 0.5155, 0.515, 0.5152, 0.5151, 0.5148, 0.5153, 0.5166, 0.5174, 0.5174, 0.5165, 0.5167, 0.516, 0.5163, 0.5154, 0.5164, 0.516, 0.5164, 0.5172, 0.5175, 0.5177, 0.518, 0.5178, 0.5178, 0.5178, 0.5176, 0.5176, 0.5176, 0.5176, 0.5176, 0.5176, 0.5176, 0.5175, 0.5175]
[2025/10/20 03:14:07] - [0.0637, 0.0944, 0.1249, 0.1431, 0.1638, 0.182, 0.1972, 0.2096, 0.2149, 0.2212, 0.2297, 0.2322, 0.2371, 0.2413, 0.2461, 0.2468, 0.2485, 0.2529, 0.2549, 0.2562, 0.2565, 0.2593, 0.2595, 0.2592, 0.2598, 0.2599, 0.2607, 0.2638, 0.2633, 0.2646, 0.2671, 0.2679, 0.2671, 0.2687, 0.2713, 0.2718, 0.2723, 0.2725, 0.2731, 0.2728, 0.2727, 0.2737, 0.274, 0.2745, 0.2733, 0.2747, 0.2753, 0.2753, 0.2759, 0.2759, 0.2774, 0.2772, 0.278, 0.2776, 0.2782, 0.2772, 0.2756, 0.2763, 0.2777, 0.2765, 0.2783, 0.278, 0.2779, 0.2788, 0.2784, 0.2793, 0.2795, 0.2806, 0.2795, 0.2795, 0.2817, 0.2818, 0.2828, 0.2833, 0.2835, 0.2824, 0.2826, 0.2824, 0.2827, 0.2832, 0.2829, 0.2825, 0.282, 0.2806, 0.2813, 0.282, 0.282, 0.2821, 0.2824, 0.2841, 0.2844, 0.2847, 0.2851, 0.2842, 0.2849, 0.2851, 0.2858, 0.2855, 0.2849, 0.2853, 0.2858, 0.2851, 0.2849, 0.285, 0.2858, 0.2856, 0.2854, 0.2852, 0.2852, 0.2846]
