[2025/10/20 10:11:45] - Namespace(batch_size=128, data_dir='cifar-data', epochs=110, lr_schedule='multistep', lr_min=0.0, lr_max=0.2, weight_decay=0.0005, momentum=0.9, model='ResNet18', epsilon=8, alpha=8, delta_init='random', normal_mean=0, normal_std=1, out_dir='runs/beta_0.6/lam_42/lscale_0.1/seed_2', seed=2, lamda=42.0, lam_scale=0.1, lam_start=50, gamma=0.05, inner_gamma=0.05, beta=0.6, mu=3.5, batch_m=0.75, early_stop=False, factor=0.5, length=4, n_holes=1, c_num=0.125, EMA_value=0.55)
[2025/10/20 10:11:47] - ==> Building model..
[2025/10/20 10:11:47] - Epoch 	 Seconds 	 LR 	 	 Train Loss 	 Train Acc
[2025/10/20 10:12:38] - 0 	 26.7 	 	 0.2000 	 4.5674 	 0.0402
[2025/10/20 10:12:38] - ==> Building model..
[2025/10/20 10:13:04] - Test Loss 	 Test Acc 	 PGD Loss 	 PGD Acc
[2025/10/20 10:13:04] - 4.2570 	 	 0.0891 	 4.2704 	 0.0596
[2025/10/20 10:13:53] - 1 	 25.2 	 	 0.2000 	 4.4547 	 0.0817
[2025/10/20 10:13:53] - ==> Building model..
[2025/10/20 10:14:20] - Test Loss 	 Test Acc 	 PGD Loss 	 PGD Acc
[2025/10/20 10:14:20] - 4.0962 	 	 0.1377 	 4.1218 	 0.0858
[2025/10/20 10:15:11] - 2 	 26.8 	 	 0.2000 	 4.3985 	 0.1094
[2025/10/20 10:15:11] - ==> Building model..
[2025/10/20 10:15:36] - Test Loss 	 Test Acc 	 PGD Loss 	 PGD Acc
[2025/10/20 10:15:36] - 3.8862 	 	 0.1886 	 3.9331 	 0.1129
[2025/10/20 10:16:26] - 3 	 25.7 	 	 0.2000 	 4.3482 	 0.1337
[2025/10/20 10:16:26] - ==> Building model..
[2025/10/20 10:16:51] - Test Loss 	 Test Acc 	 PGD Loss 	 PGD Acc
[2025/10/20 10:16:51] - 3.6964 	 	 0.2379 	 3.7703 	 0.1399
[2025/10/20 10:17:41] - 4 	 25.6 	 	 0.2000 	 4.3056 	 0.1553
[2025/10/20 10:17:41] - ==> Building model..
[2025/10/20 10:18:07] - Test Loss 	 Test Acc 	 PGD Loss 	 PGD Acc
[2025/10/20 10:18:07] - 3.5542 	 	 0.2796 	 3.6527 	 0.1614
[2025/10/20 10:18:57] - 5 	 26.1 	 	 0.2000 	 4.2686 	 0.1748
[2025/10/20 10:18:57] - ==> Building model..
[2025/10/20 10:19:23] - Test Loss 	 Test Acc 	 PGD Loss 	 PGD Acc
[2025/10/20 10:19:23] - 3.3495 	 	 0.3265 	 3.4807 	 0.1859
[2025/10/20 10:20:13] - 6 	 26.5 	 	 0.2000 	 4.2387 	 0.1915
[2025/10/20 10:20:13] - ==> Building model..
[2025/10/20 10:20:40] - Test Loss 	 Test Acc 	 PGD Loss 	 PGD Acc
[2025/10/20 10:20:40] - 3.1569 	 	 0.3636 	 3.3189 	 0.2005
[2025/10/20 10:21:30] - 7 	 26.9 	 	 0.2000 	 4.2167 	 0.2021
[2025/10/20 10:21:30] - ==> Building model..
[2025/10/20 10:21:56] - Test Loss 	 Test Acc 	 PGD Loss 	 PGD Acc
[2025/10/20 10:21:56] - 3.0200 	 	 0.3917 	 3.2078 	 0.2113
[2025/10/20 10:22:45] - 8 	 26.2 	 	 0.2000 	 4.2018 	 0.2135
[2025/10/20 10:22:45] - ==> Building model..
[2025/10/20 10:23:11] - Test Loss 	 Test Acc 	 PGD Loss 	 PGD Acc
[2025/10/20 10:23:11] - 2.9580 	 	 0.4031 	 3.1578 	 0.2175
[2025/10/20 10:23:59] - 9 	 25.8 	 	 0.2000 	 4.1875 	 0.2190
[2025/10/20 10:23:59] - ==> Building model..
[2025/10/20 10:24:25] - Test Loss 	 Test Acc 	 PGD Loss 	 PGD Acc
[2025/10/20 10:24:25] - 2.8969 	 	 0.4210 	 3.1123 	 0.2236
[2025/10/20 10:25:16] - 10 	 27.3 	 	 0.2000 	 4.1770 	 0.2229
[2025/10/20 10:25:16] - ==> Building model..
[2025/10/20 10:25:41] - Test Loss 	 Test Acc 	 PGD Loss 	 PGD Acc
[2025/10/20 10:25:41] - 2.8462 	 	 0.4325 	 3.0750 	 0.2326
[2025/10/20 10:26:28] - 11 	 25.6 	 	 0.2000 	 4.1664 	 0.2338
[2025/10/20 10:26:28] - ==> Building model..
[2025/10/20 10:26:54] - Test Loss 	 Test Acc 	 PGD Loss 	 PGD Acc
[2025/10/20 10:26:54] - 2.8145 	 	 0.4394 	 3.0493 	 0.2357
[2025/10/20 10:27:40] - 12 	 25.1 	 	 0.2000 	 4.1597 	 0.2355
[2025/10/20 10:27:40] - ==> Building model..
[2025/10/20 10:28:05] - Test Loss 	 Test Acc 	 PGD Loss 	 PGD Acc
[2025/10/20 10:28:05] - 2.7883 	 	 0.4453 	 3.0296 	 0.2413
[2025/10/20 10:28:53] - 13 	 26.5 	 	 0.2000 	 4.1529 	 0.2385
[2025/10/20 10:28:53] - ==> Building model..
[2025/10/20 10:29:18] - Test Loss 	 Test Acc 	 PGD Loss 	 PGD Acc
[2025/10/20 10:29:18] - 2.7740 	 	 0.4487 	 3.0201 	 0.2433
[2025/10/20 10:30:06] - 14 	 25.5 	 	 0.2000 	 4.1471 	 0.2417
[2025/10/20 10:30:06] - ==> Building model..
[2025/10/20 10:30:32] - Test Loss 	 Test Acc 	 PGD Loss 	 PGD Acc
[2025/10/20 10:30:32] - 2.7475 	 	 0.4563 	 3.0006 	 0.2473
[2025/10/20 10:31:22] - 15 	 27.1 	 	 0.2000 	 4.1422 	 0.2442
[2025/10/20 10:31:22] - ==> Building model..
[2025/10/20 10:31:47] - Test Loss 	 Test Acc 	 PGD Loss 	 PGD Acc
[2025/10/20 10:31:47] - 2.7217 	 	 0.4653 	 2.9816 	 0.2482
[2025/10/20 10:32:36] - 16 	 26.7 	 	 0.2000 	 4.1367 	 0.2475
[2025/10/20 10:32:36] - ==> Building model..
[2025/10/20 10:33:01] - Test Loss 	 Test Acc 	 PGD Loss 	 PGD Acc
[2025/10/20 10:33:01] - 2.7007 	 	 0.4688 	 2.9651 	 0.2488
[2025/10/20 10:33:52] - 17 	 27.1 	 	 0.2000 	 4.1336 	 0.2475
[2025/10/20 10:33:52] - ==> Building model..
[2025/10/20 10:34:17] - Test Loss 	 Test Acc 	 PGD Loss 	 PGD Acc
[2025/10/20 10:34:17] - 2.6830 	 	 0.4765 	 2.9521 	 0.2551
[2025/10/20 10:35:07] - 18 	 26.7 	 	 0.2000 	 4.1287 	 0.2533
[2025/10/20 10:35:07] - ==> Building model..
[2025/10/20 10:35:31] - Test Loss 	 Test Acc 	 PGD Loss 	 PGD Acc
[2025/10/20 10:35:31] - 2.6674 	 	 0.4784 	 2.9389 	 0.2573
[2025/10/20 10:36:22] - 19 	 27.7 	 	 0.2000 	 4.1249 	 0.2557
[2025/10/20 10:36:22] - ==> Building model..
[2025/10/20 10:36:48] - Test Loss 	 Test Acc 	 PGD Loss 	 PGD Acc
[2025/10/20 10:36:48] - 2.6592 	 	 0.4806 	 2.9331 	 0.2584
[2025/10/20 10:37:38] - 20 	 27.4 	 	 0.2000 	 4.1224 	 0.2577
[2025/10/20 10:37:38] - ==> Building model..
[2025/10/20 10:38:03] - Test Loss 	 Test Acc 	 PGD Loss 	 PGD Acc
[2025/10/20 10:38:03] - 2.6505 	 	 0.4820 	 2.9273 	 0.2610
[2025/10/20 10:38:54] - 21 	 27.7 	 	 0.2000 	 4.1203 	 0.2576
[2025/10/20 10:38:54] - ==> Building model..
[2025/10/20 10:39:19] - Test Loss 	 Test Acc 	 PGD Loss 	 PGD Acc
[2025/10/20 10:39:19] - 2.6409 	 	 0.4867 	 2.9211 	 0.2609
[2025/10/20 10:40:10] - 22 	 28.0 	 	 0.2000 	 4.1188 	 0.2594
[2025/10/20 10:40:10] - ==> Building model..
[2025/10/20 10:40:35] - Test Loss 	 Test Acc 	 PGD Loss 	 PGD Acc
[2025/10/20 10:40:35] - 2.6379 	 	 0.4874 	 2.9179 	 0.2599
[2025/10/20 10:41:26] - 23 	 27.9 	 	 0.2000 	 4.1183 	 0.2583
[2025/10/20 10:41:26] - ==> Building model..
[2025/10/20 10:41:51] - Test Loss 	 Test Acc 	 PGD Loss 	 PGD Acc
[2025/10/20 10:41:51] - 2.6346 	 	 0.4875 	 2.9162 	 0.2610
[2025/10/20 10:42:43] - 24 	 27.8 	 	 0.2000 	 4.1129 	 0.2634
[2025/10/20 10:42:43] - ==> Building model..
[2025/10/20 10:43:08] - Test Loss 	 Test Acc 	 PGD Loss 	 PGD Acc
[2025/10/20 10:43:08] - 2.6237 	 	 0.4880 	 2.9078 	 0.2636
[2025/10/20 10:44:01] - 25 	 28.4 	 	 0.2000 	 4.1122 	 0.2633
[2025/10/20 10:44:01] - ==> Building model..
[2025/10/20 10:44:25] - Test Loss 	 Test Acc 	 PGD Loss 	 PGD Acc
[2025/10/20 10:44:25] - 2.6222 	 	 0.4901 	 2.9062 	 0.2636
[2025/10/20 10:45:15] - 26 	 26.5 	 	 0.2000 	 4.1114 	 0.2638
[2025/10/20 10:45:15] - ==> Building model..
[2025/10/20 10:45:40] - Test Loss 	 Test Acc 	 PGD Loss 	 PGD Acc
[2025/10/20 10:45:40] - 2.6147 	 	 0.4913 	 2.9005 	 0.2657
[2025/10/20 10:46:29] - 27 	 26.7 	 	 0.2000 	 4.1084 	 0.2637
[2025/10/20 10:46:29] - ==> Building model..
[2025/10/20 10:46:54] - Test Loss 	 Test Acc 	 PGD Loss 	 PGD Acc
[2025/10/20 10:46:54] - 2.6039 	 	 0.4950 	 2.8930 	 0.2647
[2025/10/20 10:47:44] - 28 	 27.2 	 	 0.2000 	 4.1065 	 0.2654
[2025/10/20 10:47:44] - ==> Building model..
[2025/10/20 10:48:09] - Test Loss 	 Test Acc 	 PGD Loss 	 PGD Acc
[2025/10/20 10:48:09] - 2.5982 	 	 0.4938 	 2.8880 	 0.2679
[2025/10/20 10:49:00] - 29 	 27.7 	 	 0.2000 	 4.1055 	 0.2658
[2025/10/20 10:49:00] - ==> Building model..
[2025/10/20 10:49:25] - Test Loss 	 Test Acc 	 PGD Loss 	 PGD Acc
[2025/10/20 10:49:25] - 2.5899 	 	 0.4969 	 2.8813 	 0.2688
[2025/10/20 10:50:16] - 30 	 27.1 	 	 0.2000 	 4.1045 	 0.2689
[2025/10/20 10:50:16] - ==> Building model..
[2025/10/20 10:50:40] - Test Loss 	 Test Acc 	 PGD Loss 	 PGD Acc
[2025/10/20 10:50:40] - 2.5828 	 	 0.5003 	 2.8762 	 0.2709
[2025/10/20 10:51:30] - 31 	 26.5 	 	 0.2000 	 4.1034 	 0.2673
[2025/10/20 10:51:30] - ==> Building model..
[2025/10/20 10:51:55] - Test Loss 	 Test Acc 	 PGD Loss 	 PGD Acc
[2025/10/20 10:51:55] - 2.5813 	 	 0.5004 	 2.8759 	 0.2710
[2025/10/20 10:52:46] - 32 	 26.2 	 	 0.2000 	 4.1041 	 0.2660
[2025/10/20 10:52:46] - ==> Building model..
[2025/10/20 10:53:12] - Test Loss 	 Test Acc 	 PGD Loss 	 PGD Acc
[2025/10/20 10:53:12] - 2.5774 	 	 0.5017 	 2.8726 	 0.2721
[2025/10/20 10:54:02] - 33 	 26.7 	 	 0.2000 	 4.0997 	 0.2703
[2025/10/20 10:54:02] - ==> Building model..
[2025/10/20 10:54:27] - Test Loss 	 Test Acc 	 PGD Loss 	 PGD Acc
[2025/10/20 10:54:27] - 2.5733 	 	 0.5021 	 2.8700 	 0.2730
[2025/10/20 10:55:18] - 34 	 26.8 	 	 0.2000 	 4.1020 	 0.2687
[2025/10/20 10:55:18] - ==> Building model..
[2025/10/20 10:55:43] - Test Loss 	 Test Acc 	 PGD Loss 	 PGD Acc
[2025/10/20 10:55:43] - 2.5711 	 	 0.5036 	 2.8689 	 0.2727
[2025/10/20 10:56:32] - 35 	 25.6 	 	 0.2000 	 4.0987 	 0.2703
[2025/10/20 10:56:32] - ==> Building model..
[2025/10/20 10:56:57] - Test Loss 	 Test Acc 	 PGD Loss 	 PGD Acc
[2025/10/20 10:56:57] - 2.5682 	 	 0.5054 	 2.8661 	 0.2737
[2025/10/20 10:57:47] - 36 	 27.2 	 	 0.2000 	 4.1004 	 0.2693
[2025/10/20 10:57:47] - ==> Building model..
[2025/10/20 10:58:12] - Test Loss 	 Test Acc 	 PGD Loss 	 PGD Acc
[2025/10/20 10:58:12] - 2.5668 	 	 0.5059 	 2.8647 	 0.2726
[2025/10/20 10:59:02] - 37 	 26.4 	 	 0.2000 	 4.0978 	 0.2707
[2025/10/20 10:59:02] - ==> Building model..
[2025/10/20 10:59:27] - Test Loss 	 Test Acc 	 PGD Loss 	 PGD Acc
[2025/10/20 10:59:27] - 2.5644 	 	 0.5066 	 2.8625 	 0.2740
[2025/10/20 11:00:19] - 38 	 27.0 	 	 0.2000 	 4.0963 	 0.2701
[2025/10/20 11:00:19] - ==> Building model..
[2025/10/20 11:00:44] - Test Loss 	 Test Acc 	 PGD Loss 	 PGD Acc
[2025/10/20 11:00:44] - 2.5608 	 	 0.5082 	 2.8606 	 0.2748
[2025/10/20 11:01:36] - 39 	 27.3 	 	 0.2000 	 4.0978 	 0.2723
[2025/10/20 11:01:36] - ==> Building model..
[2025/10/20 11:02:00] - Test Loss 	 Test Acc 	 PGD Loss 	 PGD Acc
[2025/10/20 11:02:00] - 2.5597 	 	 0.5081 	 2.8601 	 0.2735
[2025/10/20 11:02:50] - 40 	 26.2 	 	 0.2000 	 4.0953 	 0.2741
[2025/10/20 11:02:50] - ==> Building model..
[2025/10/20 11:03:15] - Test Loss 	 Test Acc 	 PGD Loss 	 PGD Acc
[2025/10/20 11:03:15] - 2.5538 	 	 0.5100 	 2.8554 	 0.2748
[2025/10/20 11:04:04] - 41 	 25.5 	 	 0.2000 	 4.0941 	 0.2729
[2025/10/20 11:04:04] - ==> Building model..
[2025/10/20 11:04:29] - Test Loss 	 Test Acc 	 PGD Loss 	 PGD Acc
[2025/10/20 11:04:29] - 2.5494 	 	 0.5106 	 2.8519 	 0.2769
[2025/10/20 11:05:18] - 42 	 25.8 	 	 0.2000 	 4.0925 	 0.2731
[2025/10/20 11:05:18] - ==> Building model..
[2025/10/20 11:05:43] - Test Loss 	 Test Acc 	 PGD Loss 	 PGD Acc
[2025/10/20 11:05:43] - 2.5476 	 	 0.5100 	 2.8513 	 0.2777
[2025/10/20 11:06:29] - 43 	 23.6 	 	 0.2000 	 4.0925 	 0.2730
[2025/10/20 11:06:29] - ==> Building model..
[2025/10/20 11:06:54] - Test Loss 	 Test Acc 	 PGD Loss 	 PGD Acc
[2025/10/20 11:06:54] - 2.5443 	 	 0.5100 	 2.8482 	 0.2773
[2025/10/20 11:07:45] - 44 	 26.3 	 	 0.2000 	 4.0927 	 0.2742
[2025/10/20 11:07:45] - ==> Building model..
[2025/10/20 11:08:10] - Test Loss 	 Test Acc 	 PGD Loss 	 PGD Acc
[2025/10/20 11:08:10] - 2.5433 	 	 0.5125 	 2.8474 	 0.2761
[2025/10/20 11:09:00] - 45 	 25.9 	 	 0.2000 	 4.0908 	 0.2749
[2025/10/20 11:09:00] - ==> Building model..
[2025/10/20 11:09:26] - Test Loss 	 Test Acc 	 PGD Loss 	 PGD Acc
[2025/10/20 11:09:26] - 2.5429 	 	 0.5117 	 2.8464 	 0.2778
[2025/10/20 11:10:15] - 46 	 25.0 	 	 0.2000 	 4.0934 	 0.2729
[2025/10/20 11:10:15] - ==> Building model..
[2025/10/20 11:10:41] - Test Loss 	 Test Acc 	 PGD Loss 	 PGD Acc
[2025/10/20 11:10:41] - 2.5420 	 	 0.5141 	 2.8456 	 0.2795
[2025/10/20 11:11:31] - 47 	 26.0 	 	 0.2000 	 4.0892 	 0.2787
[2025/10/20 11:11:31] - ==> Building model..
[2025/10/20 11:11:57] - Test Loss 	 Test Acc 	 PGD Loss 	 PGD Acc
[2025/10/20 11:11:57] - 2.5426 	 	 0.5124 	 2.8450 	 0.2789
[2025/10/20 11:12:48] - 48 	 26.1 	 	 0.2000 	 4.0928 	 0.2739
[2025/10/20 11:12:48] - ==> Building model..
[2025/10/20 11:13:14] - Test Loss 	 Test Acc 	 PGD Loss 	 PGD Acc
[2025/10/20 11:13:14] - 2.5443 	 	 0.5123 	 2.8463 	 0.2787
[2025/10/20 11:14:05] - 49 	 26.8 	 	 0.2000 	 4.0907 	 0.2760
[2025/10/20 11:14:05] - ==> Building model..
[2025/10/20 11:14:31] - Test Loss 	 Test Acc 	 PGD Loss 	 PGD Acc
[2025/10/20 11:14:31] - 2.5434 	 	 0.5116 	 2.8467 	 0.2794
[2025/10/20 11:15:21] - 50 	 26.1 	 	 0.2000 	 4.0907 	 0.2739
[2025/10/20 11:15:21] - ==> Building model..
[2025/10/20 11:15:48] - Test Loss 	 Test Acc 	 PGD Loss 	 PGD Acc
[2025/10/20 11:15:48] - 2.5435 	 	 0.5129 	 2.8475 	 0.2797
[2025/10/20 11:16:35] - 51 	 25.1 	 	 0.2000 	 4.0912 	 0.2744
[2025/10/20 11:16:35] - ==> Building model..
[2025/10/20 11:17:02] - Test Loss 	 Test Acc 	 PGD Loss 	 PGD Acc
[2025/10/20 11:17:02] - 2.5444 	 	 0.5146 	 2.8486 	 0.2808
[2025/10/20 11:17:51] - 52 	 26.0 	 	 0.2000 	 4.0910 	 0.2748
[2025/10/20 11:17:51] - ==> Building model..
[2025/10/20 11:18:17] - Test Loss 	 Test Acc 	 PGD Loss 	 PGD Acc
[2025/10/20 11:18:17] - 2.5440 	 	 0.5156 	 2.8498 	 0.2803
[2025/10/20 11:19:05] - 53 	 25.6 	 	 0.2000 	 4.0898 	 0.2765
[2025/10/20 11:19:05] - ==> Building model..
[2025/10/20 11:19:31] - Test Loss 	 Test Acc 	 PGD Loss 	 PGD Acc
[2025/10/20 11:19:31] - 2.5438 	 	 0.5158 	 2.8497 	 0.2818
[2025/10/20 11:20:19] - 54 	 25.1 	 	 0.2000 	 4.0894 	 0.2771
[2025/10/20 11:20:19] - ==> Building model..
[2025/10/20 11:20:46] - Test Loss 	 Test Acc 	 PGD Loss 	 PGD Acc
[2025/10/20 11:20:46] - 2.5446 	 	 0.5153 	 2.8498 	 0.2805
[2025/10/20 11:21:33] - 55 	 25.7 	 	 0.2000 	 4.0917 	 0.2768
[2025/10/20 11:21:33] - ==> Building model..
[2025/10/20 11:21:59] - Test Loss 	 Test Acc 	 PGD Loss 	 PGD Acc
[2025/10/20 11:21:59] - 2.5462 	 	 0.5145 	 2.8507 	 0.2809
[2025/10/20 11:22:47] - 56 	 25.2 	 	 0.2000 	 4.0924 	 0.2747
[2025/10/20 11:22:47] - ==> Building model..
[2025/10/20 11:23:13] - Test Loss 	 Test Acc 	 PGD Loss 	 PGD Acc
[2025/10/20 11:23:13] - 2.5472 	 	 0.5141 	 2.8504 	 0.2814
[2025/10/20 11:24:01] - 57 	 26.1 	 	 0.2000 	 4.0927 	 0.2768
[2025/10/20 11:24:01] - ==> Building model..
[2025/10/20 11:24:27] - Test Loss 	 Test Acc 	 PGD Loss 	 PGD Acc
[2025/10/20 11:24:27] - 2.5485 	 	 0.5164 	 2.8513 	 0.2815
[2025/10/20 11:25:14] - 58 	 25.3 	 	 0.2000 	 4.0934 	 0.2762
[2025/10/20 11:25:14] - ==> Building model..
[2025/10/20 11:25:40] - Test Loss 	 Test Acc 	 PGD Loss 	 PGD Acc
[2025/10/20 11:25:40] - 2.5519 	 	 0.5161 	 2.8543 	 0.2807
[2025/10/20 11:26:28] - 59 	 25.7 	 	 0.2000 	 4.0922 	 0.2785
[2025/10/20 11:26:28] - ==> Building model..
[2025/10/20 11:26:55] - Test Loss 	 Test Acc 	 PGD Loss 	 PGD Acc
[2025/10/20 11:26:55] - 2.5546 	 	 0.5174 	 2.8554 	 0.2804
[2025/10/20 11:27:44] - 60 	 25.9 	 	 0.2000 	 4.0947 	 0.2782
[2025/10/20 11:27:44] - ==> Building model..
[2025/10/20 11:28:10] - Test Loss 	 Test Acc 	 PGD Loss 	 PGD Acc
[2025/10/20 11:28:10] - 2.5593 	 	 0.5167 	 2.8589 	 0.2801
[2025/10/20 11:28:55] - 61 	 24.1 	 	 0.2000 	 4.0943 	 0.2761
[2025/10/20 11:28:55] - ==> Building model..
[2025/10/20 11:29:21] - Test Loss 	 Test Acc 	 PGD Loss 	 PGD Acc
[2025/10/20 11:29:21] - 2.5630 	 	 0.5169 	 2.8618 	 0.2799
[2025/10/20 11:30:08] - 62 	 24.5 	 	 0.2000 	 4.0942 	 0.2776
[2025/10/20 11:30:08] - ==> Building model..
[2025/10/20 11:30:34] - Test Loss 	 Test Acc 	 PGD Loss 	 PGD Acc
[2025/10/20 11:30:34] - 2.5661 	 	 0.5172 	 2.8644 	 0.2809
[2025/10/20 11:31:23] - 63 	 26.5 	 	 0.2000 	 4.0931 	 0.2779
[2025/10/20 11:31:23] - ==> Building model..
[2025/10/20 11:31:49] - Test Loss 	 Test Acc 	 PGD Loss 	 PGD Acc
[2025/10/20 11:31:49] - 2.5697 	 	 0.5165 	 2.8666 	 0.2804
[2025/10/20 11:32:35] - 64 	 24.8 	 	 0.2000 	 4.0921 	 0.2781
[2025/10/20 11:32:35] - ==> Building model..
[2025/10/20 11:33:01] - Test Loss 	 Test Acc 	 PGD Loss 	 PGD Acc
[2025/10/20 11:33:01] - 2.5712 	 	 0.5163 	 2.8678 	 0.2795
[2025/10/20 11:33:48] - 65 	 25.7 	 	 0.2000 	 4.0928 	 0.2810
[2025/10/20 11:33:48] - ==> Building model..
[2025/10/20 11:34:15] - Test Loss 	 Test Acc 	 PGD Loss 	 PGD Acc
[2025/10/20 11:34:15] - 2.5736 	 	 0.5157 	 2.8694 	 0.2813
[2025/10/20 11:35:04] - 66 	 26.3 	 	 0.2000 	 4.0939 	 0.2770
[2025/10/20 11:35:04] - ==> Building model..
[2025/10/20 11:35:30] - Test Loss 	 Test Acc 	 PGD Loss 	 PGD Acc
[2025/10/20 11:35:30] - 2.5781 	 	 0.5164 	 2.8720 	 0.2808
[2025/10/20 11:36:19] - 67 	 26.1 	 	 0.2000 	 4.0912 	 0.2796
[2025/10/20 11:36:19] - ==> Building model..
[2025/10/20 11:36:45] - Test Loss 	 Test Acc 	 PGD Loss 	 PGD Acc
[2025/10/20 11:36:45] - 2.5802 	 	 0.5153 	 2.8736 	 0.2821
[2025/10/20 11:37:34] - 68 	 26.2 	 	 0.2000 	 4.0903 	 0.2819
[2025/10/20 11:37:34] - ==> Building model..
[2025/10/20 11:38:00] - Test Loss 	 Test Acc 	 PGD Loss 	 PGD Acc
[2025/10/20 11:38:00] - 2.5824 	 	 0.5146 	 2.8756 	 0.2821
[2025/10/20 11:38:47] - 69 	 26.1 	 	 0.2000 	 4.0928 	 0.2785
[2025/10/20 11:38:47] - ==> Building model..
[2025/10/20 11:39:13] - Test Loss 	 Test Acc 	 PGD Loss 	 PGD Acc
[2025/10/20 11:39:13] - 2.5851 	 	 0.5143 	 2.8769 	 0.2816
[2025/10/20 11:40:01] - 70 	 25.7 	 	 0.2000 	 4.0924 	 0.2788
[2025/10/20 11:40:01] - ==> Building model..
[2025/10/20 11:40:27] - Test Loss 	 Test Acc 	 PGD Loss 	 PGD Acc
[2025/10/20 11:40:27] - 2.5870 	 	 0.5153 	 2.8787 	 0.2812
[2025/10/20 11:41:15] - 71 	 26.2 	 	 0.2000 	 4.0908 	 0.2787
[2025/10/20 11:41:15] - ==> Building model..
[2025/10/20 11:41:41] - Test Loss 	 Test Acc 	 PGD Loss 	 PGD Acc
[2025/10/20 11:41:41] - 2.5877 	 	 0.5145 	 2.8787 	 0.2819
[2025/10/20 11:42:32] - 72 	 27.8 	 	 0.2000 	 4.0914 	 0.2798
[2025/10/20 11:42:32] - ==> Building model..
[2025/10/20 11:42:58] - Test Loss 	 Test Acc 	 PGD Loss 	 PGD Acc
[2025/10/20 11:42:58] - 2.5906 	 	 0.5149 	 2.8809 	 0.2815
[2025/10/20 11:43:46] - 73 	 26.5 	 	 0.2000 	 4.0898 	 0.2821
[2025/10/20 11:43:46] - ==> Building model..
[2025/10/20 11:44:11] - Test Loss 	 Test Acc 	 PGD Loss 	 PGD Acc
[2025/10/20 11:44:11] - 2.5910 	 	 0.5154 	 2.8810 	 0.2820
[2025/10/20 11:45:00] - 74 	 27.0 	 	 0.2000 	 4.0914 	 0.2790
[2025/10/20 11:45:00] - ==> Building model..
[2025/10/20 11:45:25] - Test Loss 	 Test Acc 	 PGD Loss 	 PGD Acc
[2025/10/20 11:45:25] - 2.5925 	 	 0.5153 	 2.8819 	 0.2816
[2025/10/20 11:46:13] - 75 	 26.5 	 	 0.2000 	 4.0918 	 0.2795
[2025/10/20 11:46:13] - ==> Building model..
[2025/10/20 11:46:38] - Test Loss 	 Test Acc 	 PGD Loss 	 PGD Acc
[2025/10/20 11:46:38] - 2.5937 	 	 0.5151 	 2.8829 	 0.2813
[2025/10/20 11:47:25] - 76 	 26.5 	 	 0.2000 	 4.0907 	 0.2810
[2025/10/20 11:47:25] - ==> Building model..
[2025/10/20 11:47:51] - Test Loss 	 Test Acc 	 PGD Loss 	 PGD Acc
[2025/10/20 11:47:51] - 2.5970 	 	 0.5149 	 2.8849 	 0.2818
[2025/10/20 11:48:39] - 77 	 27.0 	 	 0.2000 	 4.0904 	 0.2812
[2025/10/20 11:48:39] - ==> Building model..
[2025/10/20 11:49:05] - Test Loss 	 Test Acc 	 PGD Loss 	 PGD Acc
[2025/10/20 11:49:05] - 2.5967 	 	 0.5151 	 2.8845 	 0.2806
[2025/10/20 11:49:55] - 78 	 28.1 	 	 0.2000 	 4.0918 	 0.2770
[2025/10/20 11:49:55] - ==> Building model..
[2025/10/20 11:50:20] - Test Loss 	 Test Acc 	 PGD Loss 	 PGD Acc
[2025/10/20 11:50:20] - 2.5975 	 	 0.5160 	 2.8859 	 0.2797
[2025/10/20 11:51:08] - 79 	 27.3 	 	 0.2000 	 4.0902 	 0.2784
[2025/10/20 11:51:08] - ==> Building model..
[2025/10/20 11:51:33] - Test Loss 	 Test Acc 	 PGD Loss 	 PGD Acc
[2025/10/20 11:51:33] - 2.5994 	 	 0.5168 	 2.8881 	 0.2811
[2025/10/20 11:52:20] - 80 	 26.3 	 	 0.2000 	 4.0911 	 0.2789
[2025/10/20 11:52:20] - ==> Building model..
[2025/10/20 11:52:44] - Test Loss 	 Test Acc 	 PGD Loss 	 PGD Acc
[2025/10/20 11:52:44] - 2.6014 	 	 0.5155 	 2.8894 	 0.2815
[2025/10/20 11:53:33] - 81 	 26.9 	 	 0.2000 	 4.0910 	 0.2807
[2025/10/20 11:53:33] - ==> Building model..
[2025/10/20 11:53:58] - Test Loss 	 Test Acc 	 PGD Loss 	 PGD Acc
[2025/10/20 11:53:58] - 2.6022 	 	 0.5152 	 2.8900 	 0.2815
[2025/10/20 11:54:46] - 82 	 26.7 	 	 0.2000 	 4.0907 	 0.2812
[2025/10/20 11:54:46] - ==> Building model..
[2025/10/20 11:55:10] - Test Loss 	 Test Acc 	 PGD Loss 	 PGD Acc
[2025/10/20 11:55:10] - 2.6034 	 	 0.5157 	 2.8907 	 0.2809
[2025/10/20 11:56:00] - 83 	 27.8 	 	 0.2000 	 4.0921 	 0.2788
[2025/10/20 11:56:00] - ==> Building model..
[2025/10/20 11:56:25] - Test Loss 	 Test Acc 	 PGD Loss 	 PGD Acc
[2025/10/20 11:56:25] - 2.6035 	 	 0.5146 	 2.8909 	 0.2814
[2025/10/20 11:57:15] - 84 	 27.7 	 	 0.2000 	 4.0906 	 0.2799
[2025/10/20 11:57:15] - ==> Building model..
[2025/10/20 11:57:39] - Test Loss 	 Test Acc 	 PGD Loss 	 PGD Acc
[2025/10/20 11:57:39] - 2.6029 	 	 0.5140 	 2.8906 	 0.2817
[2025/10/20 11:58:29] - 85 	 27.6 	 	 0.2000 	 4.0906 	 0.2805
[2025/10/20 11:58:29] - ==> Building model..
[2025/10/20 11:58:54] - Test Loss 	 Test Acc 	 PGD Loss 	 PGD Acc
[2025/10/20 11:58:54] - 2.6032 	 	 0.5154 	 2.8905 	 0.2820
[2025/10/20 11:59:44] - 86 	 28.3 	 	 0.2000 	 4.0926 	 0.2777
[2025/10/20 11:59:44] - ==> Building model..
[2025/10/20 12:00:09] - Test Loss 	 Test Acc 	 PGD Loss 	 PGD Acc
[2025/10/20 12:00:09] - 2.6063 	 	 0.5146 	 2.8934 	 0.2820
[2025/10/20 12:00:59] - 87 	 27.8 	 	 0.2000 	 4.0913 	 0.2795
[2025/10/20 12:00:59] - ==> Building model..
[2025/10/20 12:01:22] - Test Loss 	 Test Acc 	 PGD Loss 	 PGD Acc
[2025/10/20 12:01:22] - 2.6065 	 	 0.5148 	 2.8941 	 0.2815
[2025/10/20 12:02:12] - 88 	 28.0 	 	 0.2000 	 4.0904 	 0.2798
[2025/10/20 12:02:12] - ==> Building model..
[2025/10/20 12:02:36] - Test Loss 	 Test Acc 	 PGD Loss 	 PGD Acc
[2025/10/20 12:02:36] - 2.6069 	 	 0.5147 	 2.8943 	 0.2824
[2025/10/20 12:03:24] - 89 	 27.3 	 	 0.2000 	 4.0900 	 0.2805
[2025/10/20 12:03:24] - ==> Building model..
[2025/10/20 12:03:48] - Test Loss 	 Test Acc 	 PGD Loss 	 PGD Acc
[2025/10/20 12:03:48] - 2.6066 	 	 0.5150 	 2.8942 	 0.2834
[2025/10/20 12:04:40] - 90 	 28.7 	 	 0.2000 	 4.0906 	 0.2801
[2025/10/20 12:04:40] - ==> Building model..
[2025/10/20 12:05:05] - Test Loss 	 Test Acc 	 PGD Loss 	 PGD Acc
[2025/10/20 12:05:05] - 2.6060 	 	 0.5150 	 2.8937 	 0.2828
[2025/10/20 12:05:54] - 91 	 27.7 	 	 0.2000 	 4.0868 	 0.2831
[2025/10/20 12:05:54] - ==> Building model..
[2025/10/20 12:06:19] - Test Loss 	 Test Acc 	 PGD Loss 	 PGD Acc
[2025/10/20 12:06:19] - 2.6068 	 	 0.5147 	 2.8933 	 0.2835
[2025/10/20 12:07:07] - 92 	 26.9 	 	 0.2000 	 4.0893 	 0.2789
[2025/10/20 12:07:07] - ==> Building model..
[2025/10/20 12:07:31] - Test Loss 	 Test Acc 	 PGD Loss 	 PGD Acc
[2025/10/20 12:07:31] - 2.6060 	 	 0.5161 	 2.8927 	 0.2829
[2025/10/20 12:08:20] - 93 	 27.6 	 	 0.2000 	 4.0893 	 0.2809
[2025/10/20 12:08:20] - ==> Building model..
[2025/10/20 12:08:43] - Test Loss 	 Test Acc 	 PGD Loss 	 PGD Acc
[2025/10/20 12:08:43] - 2.6066 	 	 0.5152 	 2.8931 	 0.2834
[2025/10/20 12:09:32] - 94 	 27.6 	 	 0.0200 	 3.9962 	 0.3425
[2025/10/20 12:09:32] - ==> Building model..
[2025/10/20 12:09:57] - Test Loss 	 Test Acc 	 PGD Loss 	 PGD Acc
[2025/10/20 12:09:57] - 2.6041 	 	 0.5147 	 2.8911 	 0.2828
[2025/10/20 12:10:47] - 95 	 27.7 	 	 0.0200 	 3.9025 	 0.4010
[2025/10/20 12:10:47] - ==> Building model..
[2025/10/20 12:11:10] - Test Loss 	 Test Acc 	 PGD Loss 	 PGD Acc
[2025/10/20 12:11:10] - 2.6022 	 	 0.5154 	 2.8897 	 0.2833
[2025/10/20 12:11:58] - 96 	 26.4 	 	 0.0200 	 3.8771 	 0.4214
[2025/10/20 12:11:58] - ==> Building model..
[2025/10/20 12:12:22] - Test Loss 	 Test Acc 	 PGD Loss 	 PGD Acc
[2025/10/20 12:12:22] - 2.6019 	 	 0.5161 	 2.8893 	 0.2837
[2025/10/20 12:13:12] - 97 	 27.2 	 	 0.0200 	 3.8605 	 0.4327
[2025/10/20 12:13:12] - ==> Building model..
[2025/10/20 12:13:36] - Test Loss 	 Test Acc 	 PGD Loss 	 PGD Acc
[2025/10/20 12:13:36] - 2.6024 	 	 0.5166 	 2.8899 	 0.2830
[2025/10/20 12:14:26] - 98 	 27.5 	 	 0.0200 	 3.8448 	 0.4439
[2025/10/20 12:14:26] - ==> Building model..
[2025/10/20 12:14:50] - Test Loss 	 Test Acc 	 PGD Loss 	 PGD Acc
[2025/10/20 12:14:50] - 2.6033 	 	 0.5162 	 2.8907 	 0.2828
[2025/10/20 12:15:42] - 99 	 28.3 	 	 0.0020 	 3.8133 	 0.4683
[2025/10/20 12:15:42] - ==> Building model..
[2025/10/20 12:16:07] - Test Loss 	 Test Acc 	 PGD Loss 	 PGD Acc
[2025/10/20 12:16:07] - 2.6037 	 	 0.5162 	 2.8907 	 0.2833
[2025/10/20 12:16:59] - 100 	 28.3 	 	 0.0020 	 3.7856 	 0.4882
[2025/10/20 12:16:59] - ==> Building model..
[2025/10/20 12:17:22] - Test Loss 	 Test Acc 	 PGD Loss 	 PGD Acc
[2025/10/20 12:17:22] - 2.6047 	 	 0.5161 	 2.8918 	 0.2834
[2025/10/20 12:18:12] - 101 	 27.7 	 	 0.0020 	 3.7799 	 0.4955
[2025/10/20 12:18:12] - ==> Building model..
[2025/10/20 12:18:35] - Test Loss 	 Test Acc 	 PGD Loss 	 PGD Acc
[2025/10/20 12:18:35] - 2.6047 	 	 0.5161 	 2.8921 	 0.2833
[2025/10/20 12:19:26] - 102 	 27.6 	 	 0.0020 	 3.7743 	 0.4987
[2025/10/20 12:19:26] - ==> Building model..
[2025/10/20 12:19:50] - Test Loss 	 Test Acc 	 PGD Loss 	 PGD Acc
[2025/10/20 12:19:50] - 2.6047 	 	 0.5161 	 2.8919 	 0.2831
[2025/10/20 12:20:42] - 103 	 28.5 	 	 0.0020 	 3.7694 	 0.5020
[2025/10/20 12:20:42] - ==> Building model..
[2025/10/20 12:21:05] - Test Loss 	 Test Acc 	 PGD Loss 	 PGD Acc
[2025/10/20 12:21:05] - 2.6047 	 	 0.5161 	 2.8918 	 0.2834
[2025/10/20 12:21:59] - 104 	 28.4 	 	 0.0020 	 3.7656 	 0.5057
[2025/10/20 12:21:59] - ==> Building model..
[2025/10/20 12:22:22] - Test Loss 	 Test Acc 	 PGD Loss 	 PGD Acc
[2025/10/20 12:22:22] - 2.6047 	 	 0.5161 	 2.8919 	 0.2837
[2025/10/20 12:23:13] - 105 	 27.4 	 	 0.0020 	 3.7615 	 0.5078
[2025/10/20 12:23:13] - ==> Building model..
[2025/10/20 12:23:37] - Test Loss 	 Test Acc 	 PGD Loss 	 PGD Acc
[2025/10/20 12:23:37] - 2.6047 	 	 0.5161 	 2.8917 	 0.2834
[2025/10/20 12:24:28] - 106 	 28.4 	 	 0.0020 	 3.7577 	 0.5141
[2025/10/20 12:24:28] - ==> Building model..
[2025/10/20 12:24:51] - Test Loss 	 Test Acc 	 PGD Loss 	 PGD Acc
[2025/10/20 12:24:51] - 2.6047 	 	 0.5161 	 2.8916 	 0.2831
[2025/10/20 12:25:42] - 107 	 28.1 	 	 0.0020 	 3.7539 	 0.5161
[2025/10/20 12:25:42] - ==> Building model..
[2025/10/20 12:26:06] - Test Loss 	 Test Acc 	 PGD Loss 	 PGD Acc
[2025/10/20 12:26:06] - 2.6054 	 	 0.5163 	 2.8923 	 0.2835
[2025/10/20 12:26:57] - 108 	 27.6 	 	 0.0020 	 3.7497 	 0.5186
[2025/10/20 12:26:57] - ==> Building model..
[2025/10/20 12:27:19] - Test Loss 	 Test Acc 	 PGD Loss 	 PGD Acc
[2025/10/20 12:27:19] - 2.6068 	 	 0.5159 	 2.8932 	 0.2830
[2025/10/20 12:28:09] - 109 	 26.8 	 	 0.0020 	 3.7462 	 0.5219
[2025/10/20 12:28:09] - ==> Building model..
[2025/10/20 12:28:33] - Test Loss 	 Test Acc 	 PGD Loss 	 PGD Acc
[2025/10/20 12:28:33] - 2.6068 	 	 0.5159 	 2.8937 	 0.2836
[2025/10/20 12:28:33] - [0.0891, 0.1377, 0.1886, 0.2379, 0.2796, 0.3265, 0.3636, 0.3917, 0.4031, 0.421, 0.4325, 0.4394, 0.4453, 0.4487, 0.4563, 0.4653, 0.4688, 0.4765, 0.4784, 0.4806, 0.482, 0.4867, 0.4874, 0.4875, 0.488, 0.4901, 0.4913, 0.495, 0.4938, 0.4969, 0.5003, 0.5004, 0.5017, 0.5021, 0.5036, 0.5054, 0.5059, 0.5066, 0.5082, 0.5081, 0.51, 0.5106, 0.51, 0.51, 0.5125, 0.5117, 0.5141, 0.5124, 0.5123, 0.5116, 0.5129, 0.5146, 0.5156, 0.5158, 0.5153, 0.5145, 0.5141, 0.5164, 0.5161, 0.5174, 0.5167, 0.5169, 0.5172, 0.5165, 0.5163, 0.5157, 0.5164, 0.5153, 0.5146, 0.5143, 0.5153, 0.5145, 0.5149, 0.5154, 0.5153, 0.5151, 0.5149, 0.5151, 0.516, 0.5168, 0.5155, 0.5152, 0.5157, 0.5146, 0.514, 0.5154, 0.5146, 0.5148, 0.5147, 0.515, 0.515, 0.5147, 0.5161, 0.5152, 0.5147, 0.5154, 0.5161, 0.5166, 0.5162, 0.5162, 0.5161, 0.5161, 0.5161, 0.5161, 0.5161, 0.5161, 0.5161, 0.5163, 0.5159, 0.5159]
[2025/10/20 12:28:33] - [0.0596, 0.0858, 0.1129, 0.1399, 0.1614, 0.1859, 0.2005, 0.2113, 0.2175, 0.2236, 0.2326, 0.2357, 0.2413, 0.2433, 0.2473, 0.2482, 0.2488, 0.2551, 0.2573, 0.2584, 0.261, 0.2609, 0.2599, 0.261, 0.2636, 0.2636, 0.2657, 0.2647, 0.2679, 0.2688, 0.2709, 0.271, 0.2721, 0.273, 0.2727, 0.2737, 0.2726, 0.274, 0.2748, 0.2735, 0.2748, 0.2769, 0.2777, 0.2773, 0.2761, 0.2778, 0.2795, 0.2789, 0.2787, 0.2794, 0.2797, 0.2808, 0.2803, 0.2818, 0.2805, 0.2809, 0.2814, 0.2815, 0.2807, 0.2804, 0.2801, 0.2799, 0.2809, 0.2804, 0.2795, 0.2813, 0.2808, 0.2821, 0.2821, 0.2816, 0.2812, 0.2819, 0.2815, 0.282, 0.2816, 0.2813, 0.2818, 0.2806, 0.2797, 0.2811, 0.2815, 0.2815, 0.2809, 0.2814, 0.2817, 0.282, 0.282, 0.2815, 0.2824, 0.2834, 0.2828, 0.2835, 0.2829, 0.2834, 0.2828, 0.2833, 0.2837, 0.283, 0.2828, 0.2833, 0.2834, 0.2833, 0.2831, 0.2834, 0.2837, 0.2834, 0.2831, 0.2835, 0.283, 0.2836]
